<?xml version="1.0" encoding="UTF-8"?>
<testsuite xmlns:xsi="http://www.w3.org/2001/XMLSchema-instance" xsi:schemaLocation="https://maven.apache.org/surefire/maven-surefire-plugin/xsd/surefire-test-report.xsd" name="io.personium.core.PersoniumReadDeleteModeManagerTest" time="254.328" tests="21" errors="15" skipped="0" failures="0">
  <properties>
    <property name="java.runtime.name" value="OpenJDK Runtime Environment"/>
    <property name="sun.boot.library.path" value="/usr/local/openjdk-8/jre/lib/amd64"/>
    <property name="java.vm.version" value="25.262-b10"/>
    <property name="animal.sniffer.skip" value="true"/>
    <property name="java.vm.vendor" value="Oracle Corporation"/>
    <property name="maven.multiModuleProjectDirectory" value="/tmp/tmprq437xsg/personium-core"/>
    <property name="maven.javadoc.skip" value="true"/>
    <property name="java.vendor.url" value="http://java.oracle.com/"/>
    <property name="path.separator" value=":"/>
    <property name="guice.disable.misplaced.annotation.check" value="true"/>
    <property name="java.vm.name" value="OpenJDK 64-Bit Server VM"/>
    <property name="file.encoding.pkg" value="sun.io"/>
    <property name="sun.java.launcher" value="SUN_STANDARD"/>
    <property name="sun.os.patch.level" value="unknown"/>
    <property name="source.skip" value="true"/>
    <property name="java.vm.specification.name" value="Java Virtual Machine Specification"/>
    <property name="user.dir" value="/tmp/tmprq437xsg/personium-core"/>
    <property name="java.runtime.version" value="1.8.0_262-b10"/>
    <property name="java.awt.graphicsenv" value="sun.awt.X11GraphicsEnvironment"/>
    <property name="java.endorsed.dirs" value="/usr/local/openjdk-8/jre/lib/endorsed"/>
    <property name="os.arch" value="amd64"/>
    <property name="java.io.tmpdir" value="/tmp"/>
    <property name="line.separator" value="&#10;"/>
    <property name="java.vm.specification.vendor" value="Oracle Corporation"/>
    <property name="os.name" value="Linux"/>
    <property name="classworlds.conf" value="/usr/share/maven/bin/m2.conf"/>
    <property name="sun.jnu.encoding" value="UTF-8"/>
    <property name="java.library.path" value="/usr/java/packages/lib/amd64:/usr/lib64:/lib64:/lib:/usr/lib"/>
    <property name="license.skip" value="true"/>
    <property name="maven.conf" value="/usr/share/maven/conf"/>
    <property name="java.specification.name" value="Java Platform API Specification"/>
    <property name="java.class.version" value="52.0"/>
    <property name="sun.management.compiler" value="HotSpot 64-Bit Tiered Compilers"/>
    <property name="maven.test.failure.ignore" value="true"/>
    <property name="os.version" value="4.15.0-109-generic"/>
    <property name="library.jansi.path" value="/usr/share/maven/lib/jansi-native"/>
    <property name="user.home" value="/home/jdbl"/>
    <property name="user.timezone" value="Etc/UTC"/>
    <property name="java.awt.printerjob" value="sun.print.PSPrinterJob"/>
    <property name="java.specification.version" value="1.8"/>
    <property name="file.encoding" value="UTF-8"/>
    <property name="user.name" value="jdbl"/>
    <property name="java.class.path" value="/usr/share/maven/boot/plexus-classworlds-2.6.0.jar"/>
    <property name="java.vm.specification.version" value="1.8"/>
    <property name="sun.arch.data.model" value="64"/>
    <property name="java.home" value="/usr/local/openjdk-8/jre"/>
    <property name="sun.java.command" value="org.codehaus.plexus.classworlds.launcher.Launcher test -e --fail-never -ntp -Dmaven.test.failure.ignore=true -B -Dmaven.javadoc.skip=true -Drat.skip=true -Danimal.sniffer.skip=true -Dmaven.javadoc.skip=true -Dlicense.skip=true -Dsource.skip=true"/>
    <property name="java.specification.vendor" value="Oracle Corporation"/>
    <property name="user.language" value="en"/>
    <property name="awt.toolkit" value="sun.awt.X11.XToolkit"/>
    <property name="java.vm.info" value="mixed mode"/>
    <property name="java.version" value="1.8.0_262"/>
    <property name="java.ext.dirs" value="/usr/local/openjdk-8/jre/lib/ext:/usr/java/packages/lib/ext"/>
    <property name="securerandom.source" value="file:/dev/./urandom"/>
    <property name="sun.boot.class.path" value="/usr/local/openjdk-8/jre/lib/resources.jar:/usr/local/openjdk-8/jre/lib/rt.jar:/usr/local/openjdk-8/jre/lib/sunrsasign.jar:/usr/local/openjdk-8/jre/lib/jsse.jar:/usr/local/openjdk-8/jre/lib/jce.jar:/usr/local/openjdk-8/jre/lib/charsets.jar:/usr/local/openjdk-8/jre/lib/jfr.jar:/usr/local/openjdk-8/jre/classes"/>
    <property name="java.vendor" value="Oracle Corporation"/>
    <property name="rat.skip" value="true"/>
    <property name="maven.home" value="/usr/share/maven"/>
    <property name="file.separator" value="/"/>
    <property name="java.vendor.url.bug" value="http://bugreport.sun.com/bugreport/"/>
    <property name="sun.cpu.endian" value="little"/>
    <property name="sun.io.unicode.encoding" value="UnicodeLittle"/>
    <property name="sun.cpu.isalist" value=""/>
  </properties>
  <testcase name="ReadDeleteOnlyモード時にGETメソッドが実行された場合はPersoniumCoreExceptionが発生しないこと" classname="io.personium.core.PersoniumReadDeleteModeManagerTest" time="14.196">
    <error message="Server connection error." type="io.personium.core.PersoniumCoreException">io.personium.core.PersoniumCoreException: Server connection error.
	at io.personium.core.PersoniumReadDeleteModeManagerTest.ReadDeleteOnlyモード時にGETメソッドが実行された場合はPersoniumCoreExceptionが発生しないこと(PersoniumReadDeleteModeManagerTest.java:53)
</error>
    <system-out><![CDATA[2020-07-30 22:14:38.664 [main] [INFO ] Timeout waiting for value: waited 12,000 ms. Node status: Connection Status { localhost/127.0.0.1:11211 active: false, authed: true, last read: 12,033 ms ago } - MemcachedClient
net.spy.memcached.OperationTimeoutException: Timeout waiting for value: waited 12,000 ms. Node status: Connection Status { localhost/127.0.0.1:11211 active: false, authed: true, last read: 12,033 ms ago }
	at net.spy.memcached.MemcachedClient.get(MemcachedClient.java:1240)
	at net.spy.memcached.MemcachedClient.get(MemcachedClient.java:1256)
	at io.personium.core.utils.MemcachedClient.get(MemcachedClient.java:77)
	at io.personium.core.model.lock.MemcachedLockManager.doGetReadDeleteOnlyMode(MemcachedLockManager.java:118)
	at io.personium.core.model.lock.ReadDeleteModeLockManager.isReadDeleteOnlyMode(ReadDeleteModeLockManager.java:38)
	at sun.reflect.NativeMethodAccessorImpl.invoke0(Native Method)
	at sun.reflect.NativeMethodAccessorImpl.invoke(NativeMethodAccessorImpl.java:62)
	at sun.reflect.DelegatingMethodAccessorImpl.invoke(DelegatingMethodAccessorImpl.java:43)
	at java.lang.reflect.Method.invoke(Method.java:498)
	at org.powermock.api.mockito.invocation.InvocationFactory$1.call(InvocationFactory.java:55)
	at org.mockito.internal.invocation.RealMethod$FromCallable$1.call(RealMethod.java:40)
	at org.mockito.internal.invocation.RealMethod$FromBehavior.invoke(RealMethod.java:62)
	at org.mockito.internal.invocation.InterceptedInvocation.callRealMethod(InterceptedInvocation.java:152)
	at org.mockito.internal.stubbing.answers.CallsRealMethods.answer(CallsRealMethods.java:43)
	at org.mockito.Answers.answer(Answers.java:100)
	at org.mockito.internal.handler.MockHandlerImpl.handle(MockHandlerImpl.java:103)
	at org.mockito.internal.handler.NullResultGuardian.handle(NullResultGuardian.java:29)
	at org.mockito.internal.handler.InvocationNotifierHandler.handle(InvocationNotifierHandler.java:35)
	at org.powermock.api.mockito.invocation.MockHandlerAdaptor.performIntercept(MockHandlerAdaptor.java:64)
	at org.powermock.api.mockito.invocation.MockitoMethodInvocationControl.invoke(MockitoMethodInvocationControl.java:94)
	at org.powermock.core.MockGateway.doMethodCall(MockGateway.java:186)
	at org.powermock.core.MockGateway.doMethodCall(MockGateway.java:168)
	at org.powermock.core.MockGateway.methodCall(MockGateway.java:145)
	at io.personium.core.model.lock.ReadDeleteModeLockManager.isReadDeleteOnlyMode(ReadDeleteModeLockManager.java)
	at sun.reflect.NativeMethodAccessorImpl.invoke0(Native Method)
	at sun.reflect.NativeMethodAccessorImpl.invoke(NativeMethodAccessorImpl.java:62)
	at sun.reflect.DelegatingMethodAccessorImpl.invoke(DelegatingMethodAccessorImpl.java:43)
	at java.lang.reflect.Method.invoke(Method.java:498)
	at org.powermock.reflect.internal.WhiteboxImpl.performMethodInvocation(WhiteboxImpl.java:1862)
	at org.powermock.reflect.internal.WhiteboxImpl.doInvokeMethod(WhiteboxImpl.java:824)
	at org.powermock.reflect.internal.WhiteboxImpl.invokeMethod(WhiteboxImpl.java:804)
	at org.powermock.reflect.Whitebox.invokeMethod(Whitebox.java:466)
	at org.powermock.api.mockito.PowerMockito.when(PowerMockito.java:401)
	at io.personium.core.PersoniumReadDeleteModeManagerTest.ReadDeleteOnlyモード時にGETメソッドが実行された場合はPersoniumCoreExceptionが発生しないこと(PersoniumReadDeleteModeManagerTest.java:54)
	at sun.reflect.NativeMethodAccessorImpl.invoke0(Native Method)
	at sun.reflect.NativeMethodAccessorImpl.invoke(NativeMethodAccessorImpl.java:62)
	at sun.reflect.DelegatingMethodAccessorImpl.invoke(DelegatingMethodAccessorImpl.java:43)
	at java.lang.reflect.Method.invoke(Method.java:498)
	at org.junit.internal.runners.TestMethod.invoke(TestMethod.java:68)
	at org.powermock.modules.junit4.internal.impl.PowerMockJUnit44RunnerDelegateImpl$PowerMockJUnit44MethodRunner.runTestMethod(PowerMockJUnit44RunnerDelegateImpl.java:326)
	at org.junit.internal.runners.MethodRoadie$2.run(MethodRoadie.java:89)
	at org.junit.internal.runners.MethodRoadie.runBeforesThenTestThenAfters(MethodRoadie.java:97)
	at org.powermock.modules.junit4.internal.impl.PowerMockJUnit44RunnerDelegateImpl$PowerMockJUnit44MethodRunner.executeTest(PowerMockJUnit44RunnerDelegateImpl.java:310)
	at org.powermock.modules.junit4.internal.impl.PowerMockJUnit47RunnerDelegateImpl$PowerMockJUnit47MethodRunner.executeTestInSuper(PowerMockJUnit47RunnerDelegateImpl.java:131)
	at org.powermock.modules.junit4.internal.impl.PowerMockJUnit47RunnerDelegateImpl$PowerMockJUnit47MethodRunner.access$100(PowerMockJUnit47RunnerDelegateImpl.java:59)
	at org.powermock.modules.junit4.internal.impl.PowerMockJUnit47RunnerDelegateImpl$PowerMockJUnit47MethodRunner$TestExecutorStatement.evaluate(PowerMockJUnit47RunnerDelegateImpl.java:147)
	at org.powermock.modules.junit4.internal.impl.PowerMockJUnit47RunnerDelegateImpl$PowerMockJUnit47MethodRunner.evaluateStatement(PowerMockJUnit47RunnerDelegateImpl.java:107)
	at org.powermock.modules.junit4.internal.impl.PowerMockJUnit47RunnerDelegateImpl$PowerMockJUnit47MethodRunner.executeTest(PowerMockJUnit47RunnerDelegateImpl.java:82)
	at org.powermock.modules.junit4.internal.impl.PowerMockJUnit44RunnerDelegateImpl$PowerMockJUnit44MethodRunner.runBeforesThenTestThenAfters(PowerMockJUnit44RunnerDelegateImpl.java:298)
	at org.junit.internal.runners.MethodRoadie.runTest(MethodRoadie.java:87)
	at org.junit.internal.runners.MethodRoadie.run(MethodRoadie.java:50)
	at org.powermock.modules.junit4.internal.impl.PowerMockJUnit44RunnerDelegateImpl.invokeTestMethod(PowerMockJUnit44RunnerDelegateImpl.java:218)
	at org.powermock.modules.junit4.internal.impl.PowerMockJUnit44RunnerDelegateImpl.runMethods(PowerMockJUnit44RunnerDelegateImpl.java:160)
	at org.powermock.modules.junit4.internal.impl.PowerMockJUnit44RunnerDelegateImpl$1.run(PowerMockJUnit44RunnerDelegateImpl.java:134)
	at org.junit.internal.runners.ClassRoadie.runUnprotected(ClassRoadie.java:34)
	at org.junit.internal.runners.ClassRoadie.runProtected(ClassRoadie.java:44)
	at org.powermock.modules.junit4.internal.impl.PowerMockJUnit44RunnerDelegateImpl.run(PowerMockJUnit44RunnerDelegateImpl.java:136)
	at org.powermock.modules.junit4.common.internal.impl.JUnit4TestSuiteChunkerImpl.run(JUnit4TestSuiteChunkerImpl.java:117)
	at org.powermock.modules.junit4.common.internal.impl.AbstractCommonPowerMockRunner.run(AbstractCommonPowerMockRunner.java:57)
	at org.powermock.modules.junit4.PowerMockRunner.run(PowerMockRunner.java:59)
	at org.apache.maven.surefire.junit4.JUnit4Provider.execute(JUnit4Provider.java:367)
	at org.apache.maven.surefire.junit4.JUnit4Provider.executeWithRerun(JUnit4Provider.java:274)
	at org.apache.maven.surefire.junit4.JUnit4Provider.executeTestSet(JUnit4Provider.java:238)
	at org.apache.maven.surefire.junit4.JUnit4Provider.invoke(JUnit4Provider.java:161)
	at org.apache.maven.surefire.booter.ForkedBooter.invokeProviderInSameClassLoader(ForkedBooter.java:290)
	at org.apache.maven.surefire.booter.ForkedBooter.runSuitesInProcess(ForkedBooter.java:242)
	at org.apache.maven.surefire.booter.ForkedBooter.main(ForkedBooter.java:121)
Caused by: net.spy.memcached.internal.CheckedOperationTimeoutException: Timed out waiting for operation - failing node: localhost/127.0.0.1:11211
	at net.spy.memcached.internal.OperationFuture.get(OperationFuture.java:167)
	at net.spy.memcached.internal.GetFuture.get(GetFuture.java:69)
	at net.spy.memcached.MemcachedClient.get(MemcachedClient.java:1229)
	... 66 common frames omitted
]]></system-out>
    <system-err><![CDATA[2020-07-30 22:14:26.612 INFO net.spy.memcached.MemcachedConnection:  Setting retryQueueSize to -1
2020-07-30 22:14:26.618 INFO net.spy.memcached.MemcachedConnection:  Added {QA sa=localhost/127.0.0.1:11212, #Rops=0, #Wops=0, #iq=0, topRop=null, topWop=null, toWrite=0, interested=0} to connect queue
2020-07-30 22:14:26.624 INFO net.spy.memcached.MemcachedConnection:  Setting retryQueueSize to -1
2020-07-30 22:14:26.624 INFO net.spy.memcached.MemcachedConnection:  Added {QA sa=localhost/127.0.0.1:11211, #Rops=0, #Wops=0, #iq=0, topRop=null, topWop=null, toWrite=0, interested=0} to connect queue
2020-07-30 22:14:26.637 INFO net.spy.memcached.MemcachedConnection:  Reconnecting due to failure to connect to {QA sa=localhost/127.0.0.1:11212, #Rops=0, #Wops=0, #iq=0, topRop=null, topWop=null, toWrite=0, interested=0}
java.net.ConnectException: Connection refused
	at sun.nio.ch.SocketChannelImpl.checkConnect(Native Method)
	at sun.nio.ch.SocketChannelImpl.finishConnect(SocketChannelImpl.java:714)
	at net.spy.memcached.MemcachedConnection.handleIO(MemcachedConnection.java:691)
	at net.spy.memcached.MemcachedConnection.handleIO(MemcachedConnection.java:450)
	at net.spy.memcached.MemcachedConnection.run(MemcachedConnection.java:1457)
2020-07-30 22:14:26.638 INFO net.spy.memcached.MemcachedConnection:  Reconnecting due to failure to connect to {QA sa=localhost/127.0.0.1:11211, #Rops=0, #Wops=0, #iq=0, topRop=null, topWop=null, toWrite=0, interested=0}
java.net.ConnectException: Connection refused
	at sun.nio.ch.SocketChannelImpl.checkConnect(Native Method)
	at sun.nio.ch.SocketChannelImpl.finishConnect(SocketChannelImpl.java:714)
	at net.spy.memcached.MemcachedConnection.handleIO(MemcachedConnection.java:691)
	at net.spy.memcached.MemcachedConnection.handleIO(MemcachedConnection.java:450)
	at net.spy.memcached.MemcachedConnection.run(MemcachedConnection.java:1457)
2020-07-30 22:14:26.638 WARN net.spy.memcached.MemcachedConnection:  Closing, and reopening {QA sa=localhost/127.0.0.1:11212, #Rops=0, #Wops=0, #iq=0, topRop=null, topWop=null, toWrite=0, interested=0}, attempt 1.
2020-07-30 22:14:26.638 WARN net.spy.memcached.MemcachedConnection:  Closing, and reopening {QA sa=localhost/127.0.0.1:11211, #Rops=0, #Wops=0, #iq=0, topRop=null, topWop=null, toWrite=0, interested=0}, attempt 1.
2020-07-30 22:14:26.656 WARN net.spy.memcached.MemcachedConnection:  Could not redistribute to another node, retrying primary node for PcsReadDeleteMode.
2020-07-30 22:14:30.640 INFO net.spy.memcached.MemcachedConnection:  Reconnecting {QA sa=localhost/127.0.0.1:11211, #Rops=0, #Wops=1, #iq=0, topRop=null, topWop=Cmd: get Keys: PcsReadDeleteModeExp: 0, toWrite=0, interested=0}
2020-07-30 22:14:30.641 INFO net.spy.memcached.MemcachedConnection:  Reconnecting due to failure to connect to {QA sa=localhost/127.0.0.1:11211, #Rops=0, #Wops=1, #iq=0, topRop=null, topWop=Cmd: get Keys: PcsReadDeleteModeExp: 0, toWrite=0, interested=0}
java.net.ConnectException: Connection refused
	at sun.nio.ch.SocketChannelImpl.checkConnect(Native Method)
	at sun.nio.ch.SocketChannelImpl.finishConnect(SocketChannelImpl.java:714)
	at net.spy.memcached.MemcachedConnection.handleIO(MemcachedConnection.java:691)
	at net.spy.memcached.MemcachedConnection.handleIO(MemcachedConnection.java:450)
	at net.spy.memcached.MemcachedConnection.run(MemcachedConnection.java:1457)
2020-07-30 22:14:30.641 INFO net.spy.memcached.MemcachedConnection:  Reconnecting {QA sa=localhost/127.0.0.1:11212, #Rops=0, #Wops=0, #iq=0, topRop=null, topWop=null, toWrite=0, interested=0}
2020-07-30 22:14:30.641 WARN net.spy.memcached.MemcachedConnection:  Closing, and reopening {QA sa=localhost/127.0.0.1:11211, #Rops=0, #Wops=1, #iq=0, topRop=null, topWop=Cmd: get Keys: PcsReadDeleteModeExp: 0, toWrite=0, interested=0}, attempt 2.
2020-07-30 22:14:30.642 INFO net.spy.memcached.MemcachedConnection:  Reconnecting due to failure to connect to {QA sa=localhost/127.0.0.1:11212, #Rops=0, #Wops=0, #iq=0, topRop=null, topWop=null, toWrite=0, interested=0}
java.net.ConnectException: Connection refused
	at sun.nio.ch.SocketChannelImpl.checkConnect(Native Method)
	at sun.nio.ch.SocketChannelImpl.finishConnect(SocketChannelImpl.java:714)
	at net.spy.memcached.MemcachedConnection.handleIO(MemcachedConnection.java:691)
	at net.spy.memcached.MemcachedConnection.handleIO(MemcachedConnection.java:450)
	at net.spy.memcached.MemcachedConnection.run(MemcachedConnection.java:1457)
2020-07-30 22:14:30.642 WARN net.spy.memcached.MemcachedConnection:  Closing, and reopening {QA sa=localhost/127.0.0.1:11212, #Rops=0, #Wops=0, #iq=0, topRop=null, topWop=null, toWrite=0, interested=0}, attempt 2.
2020-07-30 22:14:36.465 INFO net.spy.memcached.MemcachedConnection:  Reconnecting {QA sa=localhost/127.0.0.1:11212, #Rops=0, #Wops=0, #iq=0, topRop=null, topWop=null, toWrite=0, interested=0}
2020-07-30 22:14:36.465 INFO net.spy.memcached.MemcachedConnection:  Reconnecting due to failure to connect to {QA sa=localhost/127.0.0.1:11212, #Rops=0, #Wops=0, #iq=0, topRop=null, topWop=null, toWrite=0, interested=0}
java.net.ConnectException: Connection refused
	at sun.nio.ch.SocketChannelImpl.checkConnect(Native Method)
	at sun.nio.ch.SocketChannelImpl.finishConnect(SocketChannelImpl.java:714)
	at net.spy.memcached.MemcachedConnection.handleIO(MemcachedConnection.java:691)
	at net.spy.memcached.MemcachedConnection.handleIO(MemcachedConnection.java:450)
	at net.spy.memcached.MemcachedConnection.run(MemcachedConnection.java:1457)
2020-07-30 22:14:36.465 WARN net.spy.memcached.MemcachedConnection:  Closing, and reopening {QA sa=localhost/127.0.0.1:11212, #Rops=0, #Wops=0, #iq=0, topRop=null, topWop=null, toWrite=0, interested=0}, attempt 14.
2020-07-30 22:14:38.049 INFO net.spy.memcached.MemcachedConnection:  Reconnecting {QA sa=localhost/127.0.0.1:11211, #Rops=0, #Wops=0, #iq=0, topRop=null, topWop=null, toWrite=0, interested=0}
2020-07-30 22:14:38.049 INFO net.spy.memcached.MemcachedConnection:  Reconnecting {QA sa=localhost/127.0.0.1:11212, #Rops=0, #Wops=0, #iq=0, topRop=null, topWop=null, toWrite=0, interested=0}
2020-07-30 22:14:38.049 INFO net.spy.memcached.MemcachedConnection:  Reconnecting due to failure to connect to {QA sa=localhost/127.0.0.1:11211, #Rops=0, #Wops=0, #iq=0, topRop=null, topWop=null, toWrite=0, interested=0}
java.net.ConnectException: Connection refused
	at sun.nio.ch.SocketChannelImpl.checkConnect(Native Method)
	at sun.nio.ch.SocketChannelImpl.finishConnect(SocketChannelImpl.java:714)
	at net.spy.memcached.MemcachedConnection.handleIO(MemcachedConnection.java:691)
	at net.spy.memcached.MemcachedConnection.handleIO(MemcachedConnection.java:450)
	at net.spy.memcached.MemcachedConnection.run(MemcachedConnection.java:1457)
2020-07-30 22:14:38.049 INFO net.spy.memcached.MemcachedConnection:  Reconnecting due to failure to connect to {QA sa=localhost/127.0.0.1:11212, #Rops=0, #Wops=0, #iq=0, topRop=null, topWop=null, toWrite=0, interested=0}
java.net.ConnectException: Connection refused
	at sun.nio.ch.SocketChannelImpl.checkConnect(Native Method)
	at sun.nio.ch.SocketChannelImpl.finishConnect(SocketChannelImpl.java:714)
	at net.spy.memcached.MemcachedConnection.handleIO(MemcachedConnection.java:691)
	at net.spy.memcached.MemcachedConnection.handleIO(MemcachedConnection.java:450)
	at net.spy.memcached.MemcachedConnection.run(MemcachedConnection.java:1457)
2020-07-30 22:14:38.050 WARN net.spy.memcached.MemcachedConnection:  Closing, and reopening {QA sa=localhost/127.0.0.1:11211, #Rops=0, #Wops=0, #iq=0, topRop=null, topWop=null, toWrite=0, interested=0}, attempt 14.
2020-07-30 22:14:38.050 WARN net.spy.memcached.MemcachedConnection:  Closing, and reopening {QA sa=localhost/127.0.0.1:11212, #Rops=0, #Wops=0, #iq=0, topRop=null, topWop=null, toWrite=0, interested=0}, attempt 14.
2020-07-30 22:14:38.649 INFO net.spy.memcached.MemcachedConnection:  Reconnecting {QA sa=localhost/127.0.0.1:11212, #Rops=0, #Wops=0, #iq=0, topRop=null, topWop=null, toWrite=0, interested=0}
2020-07-30 22:14:38.649 INFO net.spy.memcached.MemcachedConnection:  Reconnecting due to failure to connect to {QA sa=localhost/127.0.0.1:11212, #Rops=0, #Wops=0, #iq=0, topRop=null, topWop=null, toWrite=0, interested=0}
java.net.ConnectException: Connection refused
	at sun.nio.ch.SocketChannelImpl.checkConnect(Native Method)
	at sun.nio.ch.SocketChannelImpl.finishConnect(SocketChannelImpl.java:714)
	at net.spy.memcached.MemcachedConnection.handleIO(MemcachedConnection.java:691)
	at net.spy.memcached.MemcachedConnection.handleIO(MemcachedConnection.java:450)
	at net.spy.memcached.MemcachedConnection.run(MemcachedConnection.java:1457)
2020-07-30 22:14:38.649 WARN net.spy.memcached.MemcachedConnection:  Closing, and reopening {QA sa=localhost/127.0.0.1:11212, #Rops=0, #Wops=0, #iq=0, topRop=null, topWop=null, toWrite=0, interested=0}, attempt 3.
2020-07-30 22:14:38.650 INFO net.spy.memcached.MemcachedConnection:  Reconnecting {QA sa=localhost/127.0.0.1:11211, #Rops=0, #Wops=1, #iq=0, topRop=null, topWop=Cmd: get Keys: PcsReadDeleteModeExp: 0, toWrite=0, interested=0}
2020-07-30 22:14:38.650 INFO net.spy.memcached.MemcachedConnection:  Reconnecting due to failure to connect to {QA sa=localhost/127.0.0.1:11211, #Rops=0, #Wops=1, #iq=0, topRop=null, topWop=Cmd: get Keys: PcsReadDeleteModeExp: 0, toWrite=0, interested=0}
java.net.ConnectException: Connection refused
	at sun.nio.ch.SocketChannelImpl.checkConnect(Native Method)
	at sun.nio.ch.SocketChannelImpl.finishConnect(SocketChannelImpl.java:714)
	at net.spy.memcached.MemcachedConnection.handleIO(MemcachedConnection.java:691)
	at net.spy.memcached.MemcachedConnection.handleIO(MemcachedConnection.java:450)
	at net.spy.memcached.MemcachedConnection.run(MemcachedConnection.java:1457)
2020-07-30 22:14:38.651 WARN net.spy.memcached.MemcachedConnection:  Closing, and reopening {QA sa=localhost/127.0.0.1:11211, #Rops=0, #Wops=1, #iq=0, topRop=null, topWop=Cmd: get Keys: PcsReadDeleteModeExp: 0, toWrite=0, interested=0}, attempt 3.
]]></system-err>
  </testcase>
  <testcase name="ReadDeleteOnlyモード時にDELETEメソッドが実行された場合はPersoniumCoreExceptionが発生しないこと" classname="io.personium.core.PersoniumReadDeleteModeManagerTest" time="12.001">
    <error message="Server connection error." type="io.personium.core.PersoniumCoreException">io.personium.core.PersoniumCoreException: Server connection error.
	at io.personium.core.PersoniumReadDeleteModeManagerTest.ReadDeleteOnlyモード時にGETメソッドが実行された場合はPersoniumCoreExceptionが発生しないこと(PersoniumReadDeleteModeManagerTest.java:53)
</error>
    <system-out><![CDATA[2020-07-30 22:14:50.674 [main] [INFO ] Timeout waiting for value: waited 12,000 ms. Node status: Connection Status { localhost/127.0.0.1:11211 active: false, authed: true, last read: 24,049 ms ago } - MemcachedClient
net.spy.memcached.OperationTimeoutException: Timeout waiting for value: waited 12,000 ms. Node status: Connection Status { localhost/127.0.0.1:11211 active: false, authed: true, last read: 24,049 ms ago }
	at net.spy.memcached.MemcachedClient.get(MemcachedClient.java:1240)
	at net.spy.memcached.MemcachedClient.get(MemcachedClient.java:1256)
	at io.personium.core.utils.MemcachedClient.get(MemcachedClient.java:77)
	at io.personium.core.model.lock.MemcachedLockManager.doGetReadDeleteOnlyMode(MemcachedLockManager.java:118)
	at io.personium.core.model.lock.ReadDeleteModeLockManager.isReadDeleteOnlyMode(ReadDeleteModeLockManager.java:38)
	at sun.reflect.NativeMethodAccessorImpl.invoke0(Native Method)
	at sun.reflect.NativeMethodAccessorImpl.invoke(NativeMethodAccessorImpl.java:62)
	at sun.reflect.DelegatingMethodAccessorImpl.invoke(DelegatingMethodAccessorImpl.java:43)
	at java.lang.reflect.Method.invoke(Method.java:498)
	at org.powermock.api.mockito.invocation.InvocationFactory$1.call(InvocationFactory.java:55)
	at org.mockito.internal.invocation.RealMethod$FromCallable$1.call(RealMethod.java:40)
	at org.mockito.internal.invocation.RealMethod$FromBehavior.invoke(RealMethod.java:62)
	at org.mockito.internal.invocation.InterceptedInvocation.callRealMethod(InterceptedInvocation.java:152)
	at org.mockito.internal.stubbing.answers.CallsRealMethods.answer(CallsRealMethods.java:43)
	at org.mockito.Answers.answer(Answers.java:100)
	at org.mockito.internal.handler.MockHandlerImpl.handle(MockHandlerImpl.java:103)
	at org.mockito.internal.handler.NullResultGuardian.handle(NullResultGuardian.java:29)
	at org.mockito.internal.handler.InvocationNotifierHandler.handle(InvocationNotifierHandler.java:35)
	at org.powermock.api.mockito.invocation.MockHandlerAdaptor.performIntercept(MockHandlerAdaptor.java:64)
	at org.powermock.api.mockito.invocation.MockitoMethodInvocationControl.invoke(MockitoMethodInvocationControl.java:94)
	at org.powermock.core.MockGateway.doMethodCall(MockGateway.java:186)
	at org.powermock.core.MockGateway.doMethodCall(MockGateway.java:168)
	at org.powermock.core.MockGateway.methodCall(MockGateway.java:145)
	at io.personium.core.model.lock.ReadDeleteModeLockManager.isReadDeleteOnlyMode(ReadDeleteModeLockManager.java)
	at sun.reflect.NativeMethodAccessorImpl.invoke0(Native Method)
	at sun.reflect.NativeMethodAccessorImpl.invoke(NativeMethodAccessorImpl.java:62)
	at sun.reflect.DelegatingMethodAccessorImpl.invoke(DelegatingMethodAccessorImpl.java:43)
	at java.lang.reflect.Method.invoke(Method.java:498)
	at org.powermock.reflect.internal.WhiteboxImpl.performMethodInvocation(WhiteboxImpl.java:1862)
	at org.powermock.reflect.internal.WhiteboxImpl.doInvokeMethod(WhiteboxImpl.java:824)
	at org.powermock.reflect.internal.WhiteboxImpl.invokeMethod(WhiteboxImpl.java:804)
	at org.powermock.reflect.Whitebox.invokeMethod(Whitebox.java:466)
	at org.powermock.api.mockito.PowerMockito.when(PowerMockito.java:401)
	at io.personium.core.PersoniumReadDeleteModeManagerTest.ReadDeleteOnlyモード時にDELETEメソッドが実行された場合はPersoniumCoreExceptionが発生しないこと(PersoniumReadDeleteModeManagerTest.java:70)
	at sun.reflect.NativeMethodAccessorImpl.invoke0(Native Method)
	at sun.reflect.NativeMethodAccessorImpl.invoke(NativeMethodAccessorImpl.java:62)
	at sun.reflect.DelegatingMethodAccessorImpl.invoke(DelegatingMethodAccessorImpl.java:43)
	at java.lang.reflect.Method.invoke(Method.java:498)
	at org.junit.internal.runners.TestMethod.invoke(TestMethod.java:68)
	at org.powermock.modules.junit4.internal.impl.PowerMockJUnit44RunnerDelegateImpl$PowerMockJUnit44MethodRunner.runTestMethod(PowerMockJUnit44RunnerDelegateImpl.java:326)
	at org.junit.internal.runners.MethodRoadie$2.run(MethodRoadie.java:89)
	at org.junit.internal.runners.MethodRoadie.runBeforesThenTestThenAfters(MethodRoadie.java:97)
	at org.powermock.modules.junit4.internal.impl.PowerMockJUnit44RunnerDelegateImpl$PowerMockJUnit44MethodRunner.executeTest(PowerMockJUnit44RunnerDelegateImpl.java:310)
	at org.powermock.modules.junit4.internal.impl.PowerMockJUnit47RunnerDelegateImpl$PowerMockJUnit47MethodRunner.executeTestInSuper(PowerMockJUnit47RunnerDelegateImpl.java:131)
	at org.powermock.modules.junit4.internal.impl.PowerMockJUnit47RunnerDelegateImpl$PowerMockJUnit47MethodRunner.access$100(PowerMockJUnit47RunnerDelegateImpl.java:59)
	at org.powermock.modules.junit4.internal.impl.PowerMockJUnit47RunnerDelegateImpl$PowerMockJUnit47MethodRunner$TestExecutorStatement.evaluate(PowerMockJUnit47RunnerDelegateImpl.java:147)
	at org.powermock.modules.junit4.internal.impl.PowerMockJUnit47RunnerDelegateImpl$PowerMockJUnit47MethodRunner.evaluateStatement(PowerMockJUnit47RunnerDelegateImpl.java:107)
	at org.powermock.modules.junit4.internal.impl.PowerMockJUnit47RunnerDelegateImpl$PowerMockJUnit47MethodRunner.executeTest(PowerMockJUnit47RunnerDelegateImpl.java:82)
	at org.powermock.modules.junit4.internal.impl.PowerMockJUnit44RunnerDelegateImpl$PowerMockJUnit44MethodRunner.runBeforesThenTestThenAfters(PowerMockJUnit44RunnerDelegateImpl.java:298)
	at org.junit.internal.runners.MethodRoadie.runTest(MethodRoadie.java:87)
	at org.junit.internal.runners.MethodRoadie.run(MethodRoadie.java:50)
	at org.powermock.modules.junit4.internal.impl.PowerMockJUnit44RunnerDelegateImpl.invokeTestMethod(PowerMockJUnit44RunnerDelegateImpl.java:218)
	at org.powermock.modules.junit4.internal.impl.PowerMockJUnit44RunnerDelegateImpl.runMethods(PowerMockJUnit44RunnerDelegateImpl.java:160)
	at org.powermock.modules.junit4.internal.impl.PowerMockJUnit44RunnerDelegateImpl$1.run(PowerMockJUnit44RunnerDelegateImpl.java:134)
	at org.junit.internal.runners.ClassRoadie.runUnprotected(ClassRoadie.java:34)
	at org.junit.internal.runners.ClassRoadie.runProtected(ClassRoadie.java:44)
	at org.powermock.modules.junit4.internal.impl.PowerMockJUnit44RunnerDelegateImpl.run(PowerMockJUnit44RunnerDelegateImpl.java:136)
	at org.powermock.modules.junit4.common.internal.impl.JUnit4TestSuiteChunkerImpl.run(JUnit4TestSuiteChunkerImpl.java:117)
	at org.powermock.modules.junit4.common.internal.impl.AbstractCommonPowerMockRunner.run(AbstractCommonPowerMockRunner.java:57)
	at org.powermock.modules.junit4.PowerMockRunner.run(PowerMockRunner.java:59)
	at org.apache.maven.surefire.junit4.JUnit4Provider.execute(JUnit4Provider.java:367)
	at org.apache.maven.surefire.junit4.JUnit4Provider.executeWithRerun(JUnit4Provider.java:274)
	at org.apache.maven.surefire.junit4.JUnit4Provider.executeTestSet(JUnit4Provider.java:238)
	at org.apache.maven.surefire.junit4.JUnit4Provider.invoke(JUnit4Provider.java:161)
	at org.apache.maven.surefire.booter.ForkedBooter.invokeProviderInSameClassLoader(ForkedBooter.java:290)
	at org.apache.maven.surefire.booter.ForkedBooter.runSuitesInProcess(ForkedBooter.java:242)
	at org.apache.maven.surefire.booter.ForkedBooter.main(ForkedBooter.java:121)
Caused by: net.spy.memcached.internal.CheckedOperationTimeoutException: Timed out waiting for operation - failing node: localhost/127.0.0.1:11211
	at net.spy.memcached.internal.OperationFuture.get(OperationFuture.java:167)
	at net.spy.memcached.internal.GetFuture.get(GetFuture.java:69)
	at net.spy.memcached.MemcachedClient.get(MemcachedClient.java:1229)
	... 66 common frames omitted
]]></system-out>
    <system-err><![CDATA[2020-07-30 22:14:38.673 WARN net.spy.memcached.MemcachedConnection:  Could not redistribute to another node, retrying primary node for PcsReadDeleteMode.
2020-07-30 22:14:40.850 INFO net.spy.memcached.MemcachedConnection:  Reconnecting {QA sa=localhost/127.0.0.1:11211, #Rops=0, #Wops=0, #iq=0, topRop=null, topWop=null, toWrite=0, interested=0}
2020-07-30 22:14:40.850 INFO net.spy.memcached.MemcachedConnection:  Reconnecting due to failure to connect to {QA sa=localhost/127.0.0.1:11211, #Rops=0, #Wops=0, #iq=0, topRop=null, topWop=null, toWrite=0, interested=0}
java.net.ConnectException: Connection refused
	at sun.nio.ch.SocketChannelImpl.checkConnect(Native Method)
	at sun.nio.ch.SocketChannelImpl.finishConnect(SocketChannelImpl.java:714)
	at net.spy.memcached.MemcachedConnection.handleIO(MemcachedConnection.java:691)
	at net.spy.memcached.MemcachedConnection.handleIO(MemcachedConnection.java:450)
	at net.spy.memcached.MemcachedConnection.run(MemcachedConnection.java:1457)
2020-07-30 22:14:40.850 WARN net.spy.memcached.MemcachedConnection:  Closing, and reopening {QA sa=localhost/127.0.0.1:11211, #Rops=0, #Wops=0, #iq=0, topRop=null, topWop=null, toWrite=0, interested=0}, attempt 14.
2020-07-30 22:14:40.898 INFO net.spy.memcached.MemcachedConnection:  Reconnecting {QA sa=localhost/127.0.0.1:11212, #Rops=0, #Wops=0, #iq=0, topRop=null, topWop=null, toWrite=0, interested=0}
2020-07-30 22:14:40.898 INFO net.spy.memcached.MemcachedConnection:  Reconnecting due to failure to connect to {QA sa=localhost/127.0.0.1:11212, #Rops=0, #Wops=0, #iq=0, topRop=null, topWop=null, toWrite=0, interested=0}
java.net.ConnectException: Connection refused
	at sun.nio.ch.SocketChannelImpl.checkConnect(Native Method)
	at sun.nio.ch.SocketChannelImpl.finishConnect(SocketChannelImpl.java:714)
	at net.spy.memcached.MemcachedConnection.handleIO(MemcachedConnection.java:691)
	at net.spy.memcached.MemcachedConnection.handleIO(MemcachedConnection.java:450)
	at net.spy.memcached.MemcachedConnection.run(MemcachedConnection.java:1457)
2020-07-30 22:14:40.899 WARN net.spy.memcached.MemcachedConnection:  Closing, and reopening {QA sa=localhost/127.0.0.1:11212, #Rops=0, #Wops=0, #iq=0, topRop=null, topWop=null, toWrite=0, interested=0}, attempt 14.
2020-07-30 22:14:43.940 INFO net.spy.memcached.MemcachedConnection:  Reconnecting {QA sa=localhost/127.0.0.1:11212, #Rops=0, #Wops=0, #iq=0, topRop=null, topWop=null, toWrite=0, interested=0}
2020-07-30 22:14:43.940 INFO net.spy.memcached.MemcachedConnection:  Reconnecting due to failure to connect to {QA sa=localhost/127.0.0.1:11212, #Rops=0, #Wops=0, #iq=0, topRop=null, topWop=null, toWrite=0, interested=0}
java.net.ConnectException: Connection refused
	at sun.nio.ch.SocketChannelImpl.checkConnect(Native Method)
	at sun.nio.ch.SocketChannelImpl.finishConnect(SocketChannelImpl.java:714)
	at net.spy.memcached.MemcachedConnection.handleIO(MemcachedConnection.java:691)
	at net.spy.memcached.MemcachedConnection.handleIO(MemcachedConnection.java:450)
	at net.spy.memcached.MemcachedConnection.run(MemcachedConnection.java:1457)
2020-07-30 22:14:43.940 WARN net.spy.memcached.MemcachedConnection:  Closing, and reopening {QA sa=localhost/127.0.0.1:11212, #Rops=0, #Wops=0, #iq=0, topRop=null, topWop=null, toWrite=0, interested=0}, attempt 14.
2020-07-30 22:14:43.953 INFO net.spy.memcached.MemcachedConnection:  Reconnecting {QA sa=localhost/127.0.0.1:11211, #Rops=0, #Wops=0, #iq=0, topRop=null, topWop=null, toWrite=0, interested=0}
2020-07-30 22:14:43.953 INFO net.spy.memcached.MemcachedConnection:  Reconnecting due to failure to connect to {QA sa=localhost/127.0.0.1:11211, #Rops=0, #Wops=0, #iq=0, topRop=null, topWop=null, toWrite=0, interested=0}
java.net.ConnectException: Connection refused
	at sun.nio.ch.SocketChannelImpl.checkConnect(Native Method)
	at sun.nio.ch.SocketChannelImpl.finishConnect(SocketChannelImpl.java:714)
	at net.spy.memcached.MemcachedConnection.handleIO(MemcachedConnection.java:691)
	at net.spy.memcached.MemcachedConnection.handleIO(MemcachedConnection.java:450)
	at net.spy.memcached.MemcachedConnection.run(MemcachedConnection.java:1457)
2020-07-30 22:14:43.954 WARN net.spy.memcached.MemcachedConnection:  Closing, and reopening {QA sa=localhost/127.0.0.1:11211, #Rops=0, #Wops=0, #iq=0, topRop=null, topWop=null, toWrite=0, interested=0}, attempt 14.
2020-07-30 22:14:46.405 INFO net.spy.memcached.MemcachedConnection:  Reconnecting {QA sa=localhost/127.0.0.1:11211, #Rops=0, #Wops=23, #iq=0, topRop=null, topWop=Cmd: get Keys: UnitUserLock-u0_unituserlocktestExp: 0, toWrite=0, interested=0}
2020-07-30 22:14:46.405 INFO net.spy.memcached.MemcachedConnection:  Reconnecting due to failure to connect to {QA sa=localhost/127.0.0.1:11211, #Rops=0, #Wops=23, #iq=0, topRop=null, topWop=Cmd: get Keys: UnitUserLock-u0_unituserlocktestExp: 0, toWrite=0, interested=0}
java.net.ConnectException: Connection refused
	at sun.nio.ch.SocketChannelImpl.checkConnect(Native Method)
	at sun.nio.ch.SocketChannelImpl.finishConnect(SocketChannelImpl.java:714)
	at net.spy.memcached.MemcachedConnection.handleIO(MemcachedConnection.java:691)
	at net.spy.memcached.MemcachedConnection.handleIO(MemcachedConnection.java:450)
	at net.spy.memcached.MemcachedConnection.run(MemcachedConnection.java:1457)
2020-07-30 22:14:46.405 WARN net.spy.memcached.MemcachedConnection:  Closing, and reopening {QA sa=localhost/127.0.0.1:11211, #Rops=0, #Wops=23, #iq=0, topRop=null, topWop=Cmd: get Keys: UnitUserLock-u0_unituserlocktestExp: 0, toWrite=0, interested=0}, attempt 13.
2020-07-30 22:14:46.569 INFO net.spy.memcached.MemcachedConnection:  Reconnecting {QA sa=localhost/127.0.0.1:11212, #Rops=0, #Wops=0, #iq=0, topRop=null, topWop=null, toWrite=0, interested=0}
2020-07-30 22:14:46.569 INFO net.spy.memcached.MemcachedConnection:  Reconnecting due to failure to connect to {QA sa=localhost/127.0.0.1:11212, #Rops=0, #Wops=0, #iq=0, topRop=null, topWop=null, toWrite=0, interested=0}
java.net.ConnectException: Connection refused
	at sun.nio.ch.SocketChannelImpl.checkConnect(Native Method)
	at sun.nio.ch.SocketChannelImpl.finishConnect(SocketChannelImpl.java:714)
	at net.spy.memcached.MemcachedConnection.handleIO(MemcachedConnection.java:691)
	at net.spy.memcached.MemcachedConnection.handleIO(MemcachedConnection.java:450)
	at net.spy.memcached.MemcachedConnection.run(MemcachedConnection.java:1457)
2020-07-30 22:14:46.569 WARN net.spy.memcached.MemcachedConnection:  Closing, and reopening {QA sa=localhost/127.0.0.1:11212, #Rops=0, #Wops=0, #iq=0, topRop=null, topWop=null, toWrite=0, interested=0}, attempt 13.
]]></system-err>
  </testcase>
  <testcase name="ReadDeleteOnlyモード時にPROPFINDメソッドが実行された場合はPersoniumCoreExceptionが発生しないこと" classname="io.personium.core.PersoniumReadDeleteModeManagerTest" time="12.003">
    <error message="Server connection error." type="io.personium.core.PersoniumCoreException">io.personium.core.PersoniumCoreException: Server connection error.
	at io.personium.core.PersoniumReadDeleteModeManagerTest.ReadDeleteOnlyモード時にGETメソッドが実行された場合はPersoniumCoreExceptionが発生しないこと(PersoniumReadDeleteModeManagerTest.java:53)
</error>
    <system-out><![CDATA[2020-07-30 22:15:02.677 [main] [INFO ] Timeout waiting for value: waited 12,000 ms. Node status: Connection Status { localhost/127.0.0.1:11211 active: false, authed: true, last read: 36,052 ms ago } - MemcachedClient
net.spy.memcached.OperationTimeoutException: Timeout waiting for value: waited 12,000 ms. Node status: Connection Status { localhost/127.0.0.1:11211 active: false, authed: true, last read: 36,052 ms ago }
	at net.spy.memcached.MemcachedClient.get(MemcachedClient.java:1240)
	at net.spy.memcached.MemcachedClient.get(MemcachedClient.java:1256)
	at io.personium.core.utils.MemcachedClient.get(MemcachedClient.java:77)
	at io.personium.core.model.lock.MemcachedLockManager.doGetReadDeleteOnlyMode(MemcachedLockManager.java:118)
	at io.personium.core.model.lock.ReadDeleteModeLockManager.isReadDeleteOnlyMode(ReadDeleteModeLockManager.java:38)
	at sun.reflect.NativeMethodAccessorImpl.invoke0(Native Method)
	at sun.reflect.NativeMethodAccessorImpl.invoke(NativeMethodAccessorImpl.java:62)
	at sun.reflect.DelegatingMethodAccessorImpl.invoke(DelegatingMethodAccessorImpl.java:43)
	at java.lang.reflect.Method.invoke(Method.java:498)
	at org.powermock.api.mockito.invocation.InvocationFactory$1.call(InvocationFactory.java:55)
	at org.mockito.internal.invocation.RealMethod$FromCallable$1.call(RealMethod.java:40)
	at org.mockito.internal.invocation.RealMethod$FromBehavior.invoke(RealMethod.java:62)
	at org.mockito.internal.invocation.InterceptedInvocation.callRealMethod(InterceptedInvocation.java:152)
	at org.mockito.internal.stubbing.answers.CallsRealMethods.answer(CallsRealMethods.java:43)
	at org.mockito.Answers.answer(Answers.java:100)
	at org.mockito.internal.handler.MockHandlerImpl.handle(MockHandlerImpl.java:103)
	at org.mockito.internal.handler.NullResultGuardian.handle(NullResultGuardian.java:29)
	at org.mockito.internal.handler.InvocationNotifierHandler.handle(InvocationNotifierHandler.java:35)
	at org.powermock.api.mockito.invocation.MockHandlerAdaptor.performIntercept(MockHandlerAdaptor.java:64)
	at org.powermock.api.mockito.invocation.MockitoMethodInvocationControl.invoke(MockitoMethodInvocationControl.java:94)
	at org.powermock.core.MockGateway.doMethodCall(MockGateway.java:186)
	at org.powermock.core.MockGateway.doMethodCall(MockGateway.java:168)
	at org.powermock.core.MockGateway.methodCall(MockGateway.java:145)
	at io.personium.core.model.lock.ReadDeleteModeLockManager.isReadDeleteOnlyMode(ReadDeleteModeLockManager.java)
	at sun.reflect.NativeMethodAccessorImpl.invoke0(Native Method)
	at sun.reflect.NativeMethodAccessorImpl.invoke(NativeMethodAccessorImpl.java:62)
	at sun.reflect.DelegatingMethodAccessorImpl.invoke(DelegatingMethodAccessorImpl.java:43)
	at java.lang.reflect.Method.invoke(Method.java:498)
	at org.powermock.reflect.internal.WhiteboxImpl.performMethodInvocation(WhiteboxImpl.java:1862)
	at org.powermock.reflect.internal.WhiteboxImpl.doInvokeMethod(WhiteboxImpl.java:824)
	at org.powermock.reflect.internal.WhiteboxImpl.invokeMethod(WhiteboxImpl.java:804)
	at org.powermock.reflect.Whitebox.invokeMethod(Whitebox.java:466)
	at org.powermock.api.mockito.PowerMockito.when(PowerMockito.java:401)
	at io.personium.core.PersoniumReadDeleteModeManagerTest.ReadDeleteOnlyモード時にPROPFINDメソッドが実行された場合はPersoniumCoreExceptionが発生しないこと(PersoniumReadDeleteModeManagerTest.java:86)
	at sun.reflect.NativeMethodAccessorImpl.invoke0(Native Method)
	at sun.reflect.NativeMethodAccessorImpl.invoke(NativeMethodAccessorImpl.java:62)
	at sun.reflect.DelegatingMethodAccessorImpl.invoke(DelegatingMethodAccessorImpl.java:43)
	at java.lang.reflect.Method.invoke(Method.java:498)
	at org.junit.internal.runners.TestMethod.invoke(TestMethod.java:68)
	at org.powermock.modules.junit4.internal.impl.PowerMockJUnit44RunnerDelegateImpl$PowerMockJUnit44MethodRunner.runTestMethod(PowerMockJUnit44RunnerDelegateImpl.java:326)
	at org.junit.internal.runners.MethodRoadie$2.run(MethodRoadie.java:89)
	at org.junit.internal.runners.MethodRoadie.runBeforesThenTestThenAfters(MethodRoadie.java:97)
	at org.powermock.modules.junit4.internal.impl.PowerMockJUnit44RunnerDelegateImpl$PowerMockJUnit44MethodRunner.executeTest(PowerMockJUnit44RunnerDelegateImpl.java:310)
	at org.powermock.modules.junit4.internal.impl.PowerMockJUnit47RunnerDelegateImpl$PowerMockJUnit47MethodRunner.executeTestInSuper(PowerMockJUnit47RunnerDelegateImpl.java:131)
	at org.powermock.modules.junit4.internal.impl.PowerMockJUnit47RunnerDelegateImpl$PowerMockJUnit47MethodRunner.access$100(PowerMockJUnit47RunnerDelegateImpl.java:59)
	at org.powermock.modules.junit4.internal.impl.PowerMockJUnit47RunnerDelegateImpl$PowerMockJUnit47MethodRunner$TestExecutorStatement.evaluate(PowerMockJUnit47RunnerDelegateImpl.java:147)
	at org.powermock.modules.junit4.internal.impl.PowerMockJUnit47RunnerDelegateImpl$PowerMockJUnit47MethodRunner.evaluateStatement(PowerMockJUnit47RunnerDelegateImpl.java:107)
	at org.powermock.modules.junit4.internal.impl.PowerMockJUnit47RunnerDelegateImpl$PowerMockJUnit47MethodRunner.executeTest(PowerMockJUnit47RunnerDelegateImpl.java:82)
	at org.powermock.modules.junit4.internal.impl.PowerMockJUnit44RunnerDelegateImpl$PowerMockJUnit44MethodRunner.runBeforesThenTestThenAfters(PowerMockJUnit44RunnerDelegateImpl.java:298)
	at org.junit.internal.runners.MethodRoadie.runTest(MethodRoadie.java:87)
	at org.junit.internal.runners.MethodRoadie.run(MethodRoadie.java:50)
	at org.powermock.modules.junit4.internal.impl.PowerMockJUnit44RunnerDelegateImpl.invokeTestMethod(PowerMockJUnit44RunnerDelegateImpl.java:218)
	at org.powermock.modules.junit4.internal.impl.PowerMockJUnit44RunnerDelegateImpl.runMethods(PowerMockJUnit44RunnerDelegateImpl.java:160)
	at org.powermock.modules.junit4.internal.impl.PowerMockJUnit44RunnerDelegateImpl$1.run(PowerMockJUnit44RunnerDelegateImpl.java:134)
	at org.junit.internal.runners.ClassRoadie.runUnprotected(ClassRoadie.java:34)
	at org.junit.internal.runners.ClassRoadie.runProtected(ClassRoadie.java:44)
	at org.powermock.modules.junit4.internal.impl.PowerMockJUnit44RunnerDelegateImpl.run(PowerMockJUnit44RunnerDelegateImpl.java:136)
	at org.powermock.modules.junit4.common.internal.impl.JUnit4TestSuiteChunkerImpl.run(JUnit4TestSuiteChunkerImpl.java:117)
	at org.powermock.modules.junit4.common.internal.impl.AbstractCommonPowerMockRunner.run(AbstractCommonPowerMockRunner.java:57)
	at org.powermock.modules.junit4.PowerMockRunner.run(PowerMockRunner.java:59)
	at org.apache.maven.surefire.junit4.JUnit4Provider.execute(JUnit4Provider.java:367)
	at org.apache.maven.surefire.junit4.JUnit4Provider.executeWithRerun(JUnit4Provider.java:274)
	at org.apache.maven.surefire.junit4.JUnit4Provider.executeTestSet(JUnit4Provider.java:238)
	at org.apache.maven.surefire.junit4.JUnit4Provider.invoke(JUnit4Provider.java:161)
	at org.apache.maven.surefire.booter.ForkedBooter.invokeProviderInSameClassLoader(ForkedBooter.java:290)
	at org.apache.maven.surefire.booter.ForkedBooter.runSuitesInProcess(ForkedBooter.java:242)
	at org.apache.maven.surefire.booter.ForkedBooter.main(ForkedBooter.java:121)
Caused by: net.spy.memcached.internal.CheckedOperationTimeoutException: Timed out waiting for operation - failing node: localhost/127.0.0.1:11211
	at net.spy.memcached.internal.OperationFuture.get(OperationFuture.java:167)
	at net.spy.memcached.internal.GetFuture.get(GetFuture.java:69)
	at net.spy.memcached.MemcachedClient.get(MemcachedClient.java:1229)
	... 66 common frames omitted
]]></system-out>
    <system-err><![CDATA[2020-07-30 22:14:50.676 WARN net.spy.memcached.MemcachedConnection:  Could not redistribute to another node, retrying primary node for PcsReadDeleteMode.
2020-07-30 22:14:54.653 INFO net.spy.memcached.MemcachedConnection:  Reconnecting {QA sa=localhost/127.0.0.1:11211, #Rops=0, #Wops=3, #iq=0, topRop=null, topWop=Cmd: get Keys: PcsReadDeleteModeExp: 0, toWrite=0, interested=0}
2020-07-30 22:14:54.654 INFO net.spy.memcached.MemcachedConnection:  Reconnecting due to failure to connect to {QA sa=localhost/127.0.0.1:11211, #Rops=0, #Wops=3, #iq=0, topRop=null, topWop=Cmd: get Keys: PcsReadDeleteModeExp: 0, toWrite=0, interested=0}
java.net.ConnectException: Connection refused
	at sun.nio.ch.SocketChannelImpl.checkConnect(Native Method)
	at sun.nio.ch.SocketChannelImpl.finishConnect(SocketChannelImpl.java:714)
	at net.spy.memcached.MemcachedConnection.handleIO(MemcachedConnection.java:691)
	at net.spy.memcached.MemcachedConnection.handleIO(MemcachedConnection.java:450)
	at net.spy.memcached.MemcachedConnection.run(MemcachedConnection.java:1457)
2020-07-30 22:14:54.656 WARN net.spy.memcached.MemcachedConnection:  Closing, and reopening {QA sa=localhost/127.0.0.1:11211, #Rops=0, #Wops=3, #iq=0, topRop=null, topWop=Cmd: get Keys: PcsReadDeleteModeExp: 0, toWrite=0, interested=0}, attempt 4.
2020-07-30 22:14:54.665 INFO net.spy.memcached.MemcachedConnection:  Reconnecting {QA sa=localhost/127.0.0.1:11212, #Rops=0, #Wops=0, #iq=0, topRop=null, topWop=null, toWrite=0, interested=0}
2020-07-30 22:14:54.665 INFO net.spy.memcached.MemcachedConnection:  Reconnecting due to failure to connect to {QA sa=localhost/127.0.0.1:11212, #Rops=0, #Wops=0, #iq=0, topRop=null, topWop=null, toWrite=0, interested=0}
java.net.ConnectException: Connection refused
	at sun.nio.ch.SocketChannelImpl.checkConnect(Native Method)
	at sun.nio.ch.SocketChannelImpl.finishConnect(SocketChannelImpl.java:714)
	at net.spy.memcached.MemcachedConnection.handleIO(MemcachedConnection.java:691)
	at net.spy.memcached.MemcachedConnection.handleIO(MemcachedConnection.java:450)
	at net.spy.memcached.MemcachedConnection.run(MemcachedConnection.java:1457)
2020-07-30 22:14:54.665 WARN net.spy.memcached.MemcachedConnection:  Closing, and reopening {QA sa=localhost/127.0.0.1:11212, #Rops=0, #Wops=0, #iq=0, topRop=null, topWop=null, toWrite=0, interested=0}, attempt 4.
]]></system-err>
  </testcase>
  <testcase name="ReadDeleteOnlyモード時にOPTIONSメソッドが実行された場合はPersoniumCoreExceptionが発生しないこと" classname="io.personium.core.PersoniumReadDeleteModeManagerTest" time="12.003">
    <error message="Server connection error." type="io.personium.core.PersoniumCoreException">io.personium.core.PersoniumCoreException: Server connection error.
	at io.personium.core.PersoniumReadDeleteModeManagerTest.ReadDeleteOnlyモード時にGETメソッドが実行された場合はPersoniumCoreExceptionが発生しないこと(PersoniumReadDeleteModeManagerTest.java:53)
</error>
    <system-out><![CDATA[2020-07-30 22:15:14.680 [main] [INFO ] Timeout waiting for value: waited 12,000 ms. Node status: Connection Status { localhost/127.0.0.1:11211 active: false, authed: true, last read: 48,055 ms ago } - MemcachedClient
net.spy.memcached.OperationTimeoutException: Timeout waiting for value: waited 12,000 ms. Node status: Connection Status { localhost/127.0.0.1:11211 active: false, authed: true, last read: 48,055 ms ago }
	at net.spy.memcached.MemcachedClient.get(MemcachedClient.java:1240)
	at net.spy.memcached.MemcachedClient.get(MemcachedClient.java:1256)
	at io.personium.core.utils.MemcachedClient.get(MemcachedClient.java:77)
	at io.personium.core.model.lock.MemcachedLockManager.doGetReadDeleteOnlyMode(MemcachedLockManager.java:118)
	at io.personium.core.model.lock.ReadDeleteModeLockManager.isReadDeleteOnlyMode(ReadDeleteModeLockManager.java:38)
	at sun.reflect.NativeMethodAccessorImpl.invoke0(Native Method)
	at sun.reflect.NativeMethodAccessorImpl.invoke(NativeMethodAccessorImpl.java:62)
	at sun.reflect.DelegatingMethodAccessorImpl.invoke(DelegatingMethodAccessorImpl.java:43)
	at java.lang.reflect.Method.invoke(Method.java:498)
	at org.powermock.api.mockito.invocation.InvocationFactory$1.call(InvocationFactory.java:55)
	at org.mockito.internal.invocation.RealMethod$FromCallable$1.call(RealMethod.java:40)
	at org.mockito.internal.invocation.RealMethod$FromBehavior.invoke(RealMethod.java:62)
	at org.mockito.internal.invocation.InterceptedInvocation.callRealMethod(InterceptedInvocation.java:152)
	at org.mockito.internal.stubbing.answers.CallsRealMethods.answer(CallsRealMethods.java:43)
	at org.mockito.Answers.answer(Answers.java:100)
	at org.mockito.internal.handler.MockHandlerImpl.handle(MockHandlerImpl.java:103)
	at org.mockito.internal.handler.NullResultGuardian.handle(NullResultGuardian.java:29)
	at org.mockito.internal.handler.InvocationNotifierHandler.handle(InvocationNotifierHandler.java:35)
	at org.powermock.api.mockito.invocation.MockHandlerAdaptor.performIntercept(MockHandlerAdaptor.java:64)
	at org.powermock.api.mockito.invocation.MockitoMethodInvocationControl.invoke(MockitoMethodInvocationControl.java:94)
	at org.powermock.core.MockGateway.doMethodCall(MockGateway.java:186)
	at org.powermock.core.MockGateway.doMethodCall(MockGateway.java:168)
	at org.powermock.core.MockGateway.methodCall(MockGateway.java:145)
	at io.personium.core.model.lock.ReadDeleteModeLockManager.isReadDeleteOnlyMode(ReadDeleteModeLockManager.java)
	at sun.reflect.NativeMethodAccessorImpl.invoke0(Native Method)
	at sun.reflect.NativeMethodAccessorImpl.invoke(NativeMethodAccessorImpl.java:62)
	at sun.reflect.DelegatingMethodAccessorImpl.invoke(DelegatingMethodAccessorImpl.java:43)
	at java.lang.reflect.Method.invoke(Method.java:498)
	at org.powermock.reflect.internal.WhiteboxImpl.performMethodInvocation(WhiteboxImpl.java:1862)
	at org.powermock.reflect.internal.WhiteboxImpl.doInvokeMethod(WhiteboxImpl.java:824)
	at org.powermock.reflect.internal.WhiteboxImpl.invokeMethod(WhiteboxImpl.java:804)
	at org.powermock.reflect.Whitebox.invokeMethod(Whitebox.java:466)
	at org.powermock.api.mockito.PowerMockito.when(PowerMockito.java:401)
	at io.personium.core.PersoniumReadDeleteModeManagerTest.ReadDeleteOnlyモード時にOPTIONSメソッドが実行された場合はPersoniumCoreExceptionが発生しないこと(PersoniumReadDeleteModeManagerTest.java:103)
	at sun.reflect.NativeMethodAccessorImpl.invoke0(Native Method)
	at sun.reflect.NativeMethodAccessorImpl.invoke(NativeMethodAccessorImpl.java:62)
	at sun.reflect.DelegatingMethodAccessorImpl.invoke(DelegatingMethodAccessorImpl.java:43)
	at java.lang.reflect.Method.invoke(Method.java:498)
	at org.junit.internal.runners.TestMethod.invoke(TestMethod.java:68)
	at org.powermock.modules.junit4.internal.impl.PowerMockJUnit44RunnerDelegateImpl$PowerMockJUnit44MethodRunner.runTestMethod(PowerMockJUnit44RunnerDelegateImpl.java:326)
	at org.junit.internal.runners.MethodRoadie$2.run(MethodRoadie.java:89)
	at org.junit.internal.runners.MethodRoadie.runBeforesThenTestThenAfters(MethodRoadie.java:97)
	at org.powermock.modules.junit4.internal.impl.PowerMockJUnit44RunnerDelegateImpl$PowerMockJUnit44MethodRunner.executeTest(PowerMockJUnit44RunnerDelegateImpl.java:310)
	at org.powermock.modules.junit4.internal.impl.PowerMockJUnit47RunnerDelegateImpl$PowerMockJUnit47MethodRunner.executeTestInSuper(PowerMockJUnit47RunnerDelegateImpl.java:131)
	at org.powermock.modules.junit4.internal.impl.PowerMockJUnit47RunnerDelegateImpl$PowerMockJUnit47MethodRunner.access$100(PowerMockJUnit47RunnerDelegateImpl.java:59)
	at org.powermock.modules.junit4.internal.impl.PowerMockJUnit47RunnerDelegateImpl$PowerMockJUnit47MethodRunner$TestExecutorStatement.evaluate(PowerMockJUnit47RunnerDelegateImpl.java:147)
	at org.powermock.modules.junit4.internal.impl.PowerMockJUnit47RunnerDelegateImpl$PowerMockJUnit47MethodRunner.evaluateStatement(PowerMockJUnit47RunnerDelegateImpl.java:107)
	at org.powermock.modules.junit4.internal.impl.PowerMockJUnit47RunnerDelegateImpl$PowerMockJUnit47MethodRunner.executeTest(PowerMockJUnit47RunnerDelegateImpl.java:82)
	at org.powermock.modules.junit4.internal.impl.PowerMockJUnit44RunnerDelegateImpl$PowerMockJUnit44MethodRunner.runBeforesThenTestThenAfters(PowerMockJUnit44RunnerDelegateImpl.java:298)
	at org.junit.internal.runners.MethodRoadie.runTest(MethodRoadie.java:87)
	at org.junit.internal.runners.MethodRoadie.run(MethodRoadie.java:50)
	at org.powermock.modules.junit4.internal.impl.PowerMockJUnit44RunnerDelegateImpl.invokeTestMethod(PowerMockJUnit44RunnerDelegateImpl.java:218)
	at org.powermock.modules.junit4.internal.impl.PowerMockJUnit44RunnerDelegateImpl.runMethods(PowerMockJUnit44RunnerDelegateImpl.java:160)
	at org.powermock.modules.junit4.internal.impl.PowerMockJUnit44RunnerDelegateImpl$1.run(PowerMockJUnit44RunnerDelegateImpl.java:134)
	at org.junit.internal.runners.ClassRoadie.runUnprotected(ClassRoadie.java:34)
	at org.junit.internal.runners.ClassRoadie.runProtected(ClassRoadie.java:44)
	at org.powermock.modules.junit4.internal.impl.PowerMockJUnit44RunnerDelegateImpl.run(PowerMockJUnit44RunnerDelegateImpl.java:136)
	at org.powermock.modules.junit4.common.internal.impl.JUnit4TestSuiteChunkerImpl.run(JUnit4TestSuiteChunkerImpl.java:117)
	at org.powermock.modules.junit4.common.internal.impl.AbstractCommonPowerMockRunner.run(AbstractCommonPowerMockRunner.java:57)
	at org.powermock.modules.junit4.PowerMockRunner.run(PowerMockRunner.java:59)
	at org.apache.maven.surefire.junit4.JUnit4Provider.execute(JUnit4Provider.java:367)
	at org.apache.maven.surefire.junit4.JUnit4Provider.executeWithRerun(JUnit4Provider.java:274)
	at org.apache.maven.surefire.junit4.JUnit4Provider.executeTestSet(JUnit4Provider.java:238)
	at org.apache.maven.surefire.junit4.JUnit4Provider.invoke(JUnit4Provider.java:161)
	at org.apache.maven.surefire.booter.ForkedBooter.invokeProviderInSameClassLoader(ForkedBooter.java:290)
	at org.apache.maven.surefire.booter.ForkedBooter.runSuitesInProcess(ForkedBooter.java:242)
	at org.apache.maven.surefire.booter.ForkedBooter.main(ForkedBooter.java:121)
Caused by: net.spy.memcached.internal.CheckedOperationTimeoutException: Timed out waiting for operation - failing node: localhost/127.0.0.1:11211
	at net.spy.memcached.internal.OperationFuture.get(OperationFuture.java:167)
	at net.spy.memcached.internal.GetFuture.get(GetFuture.java:69)
	at net.spy.memcached.MemcachedClient.get(MemcachedClient.java:1229)
	... 66 common frames omitted
]]></system-out>
    <system-err><![CDATA[2020-07-30 22:15:02.679 WARN net.spy.memcached.MemcachedConnection:  Could not redistribute to another node, retrying primary node for PcsReadDeleteMode.
2020-07-30 22:15:06.493 INFO net.spy.memcached.MemcachedConnection:  Reconnecting {QA sa=localhost/127.0.0.1:11212, #Rops=0, #Wops=0, #iq=0, topRop=null, topWop=null, toWrite=0, interested=0}
2020-07-30 22:15:06.493 INFO net.spy.memcached.MemcachedConnection:  Reconnecting due to failure to connect to {QA sa=localhost/127.0.0.1:11212, #Rops=0, #Wops=0, #iq=0, topRop=null, topWop=null, toWrite=0, interested=0}
java.net.ConnectException: Connection refused
	at sun.nio.ch.SocketChannelImpl.checkConnect(Native Method)
	at sun.nio.ch.SocketChannelImpl.finishConnect(SocketChannelImpl.java:714)
	at net.spy.memcached.MemcachedConnection.handleIO(MemcachedConnection.java:691)
	at net.spy.memcached.MemcachedConnection.handleIO(MemcachedConnection.java:450)
	at net.spy.memcached.MemcachedConnection.run(MemcachedConnection.java:1457)
2020-07-30 22:15:06.493 WARN net.spy.memcached.MemcachedConnection:  Closing, and reopening {QA sa=localhost/127.0.0.1:11212, #Rops=0, #Wops=0, #iq=0, topRop=null, topWop=null, toWrite=0, interested=0}, attempt 15.
2020-07-30 22:15:08.078 INFO net.spy.memcached.MemcachedConnection:  Reconnecting {QA sa=localhost/127.0.0.1:11212, #Rops=0, #Wops=0, #iq=0, topRop=null, topWop=null, toWrite=0, interested=0}
2020-07-30 22:15:08.078 INFO net.spy.memcached.MemcachedConnection:  Reconnecting {QA sa=localhost/127.0.0.1:11211, #Rops=0, #Wops=0, #iq=0, topRop=null, topWop=null, toWrite=0, interested=0}
2020-07-30 22:15:08.078 INFO net.spy.memcached.MemcachedConnection:  Reconnecting due to failure to connect to {QA sa=localhost/127.0.0.1:11212, #Rops=0, #Wops=0, #iq=0, topRop=null, topWop=null, toWrite=0, interested=0}
java.net.ConnectException: Connection refused
	at sun.nio.ch.SocketChannelImpl.checkConnect(Native Method)
	at sun.nio.ch.SocketChannelImpl.finishConnect(SocketChannelImpl.java:714)
	at net.spy.memcached.MemcachedConnection.handleIO(MemcachedConnection.java:691)
	at net.spy.memcached.MemcachedConnection.handleIO(MemcachedConnection.java:450)
	at net.spy.memcached.MemcachedConnection.run(MemcachedConnection.java:1457)
2020-07-30 22:15:08.079 INFO net.spy.memcached.MemcachedConnection:  Reconnecting due to failure to connect to {QA sa=localhost/127.0.0.1:11211, #Rops=0, #Wops=0, #iq=0, topRop=null, topWop=null, toWrite=0, interested=0}
java.net.ConnectException: Connection refused
	at sun.nio.ch.SocketChannelImpl.checkConnect(Native Method)
	at sun.nio.ch.SocketChannelImpl.finishConnect(SocketChannelImpl.java:714)
	at net.spy.memcached.MemcachedConnection.handleIO(MemcachedConnection.java:691)
	at net.spy.memcached.MemcachedConnection.handleIO(MemcachedConnection.java:450)
	at net.spy.memcached.MemcachedConnection.run(MemcachedConnection.java:1457)
2020-07-30 22:15:08.079 WARN net.spy.memcached.MemcachedConnection:  Closing, and reopening {QA sa=localhost/127.0.0.1:11212, #Rops=0, #Wops=0, #iq=0, topRop=null, topWop=null, toWrite=0, interested=0}, attempt 15.
2020-07-30 22:15:08.079 WARN net.spy.memcached.MemcachedConnection:  Closing, and reopening {QA sa=localhost/127.0.0.1:11211, #Rops=0, #Wops=0, #iq=0, topRop=null, topWop=null, toWrite=0, interested=0}, attempt 15.
2020-07-30 22:15:10.877 INFO net.spy.memcached.MemcachedConnection:  Reconnecting {QA sa=localhost/127.0.0.1:11211, #Rops=0, #Wops=0, #iq=0, topRop=null, topWop=null, toWrite=0, interested=0}
2020-07-30 22:15:10.877 INFO net.spy.memcached.MemcachedConnection:  Reconnecting due to failure to connect to {QA sa=localhost/127.0.0.1:11211, #Rops=0, #Wops=0, #iq=0, topRop=null, topWop=null, toWrite=0, interested=0}
java.net.ConnectException: Connection refused
	at sun.nio.ch.SocketChannelImpl.checkConnect(Native Method)
	at sun.nio.ch.SocketChannelImpl.finishConnect(SocketChannelImpl.java:714)
	at net.spy.memcached.MemcachedConnection.handleIO(MemcachedConnection.java:691)
	at net.spy.memcached.MemcachedConnection.handleIO(MemcachedConnection.java:450)
	at net.spy.memcached.MemcachedConnection.run(MemcachedConnection.java:1457)
2020-07-30 22:15:10.877 WARN net.spy.memcached.MemcachedConnection:  Closing, and reopening {QA sa=localhost/127.0.0.1:11211, #Rops=0, #Wops=0, #iq=0, topRop=null, topWop=null, toWrite=0, interested=0}, attempt 15.
2020-07-30 22:15:10.929 INFO net.spy.memcached.MemcachedConnection:  Reconnecting {QA sa=localhost/127.0.0.1:11212, #Rops=0, #Wops=0, #iq=0, topRop=null, topWop=null, toWrite=0, interested=0}
2020-07-30 22:15:10.929 INFO net.spy.memcached.MemcachedConnection:  Reconnecting due to failure to connect to {QA sa=localhost/127.0.0.1:11212, #Rops=0, #Wops=0, #iq=0, topRop=null, topWop=null, toWrite=0, interested=0}
java.net.ConnectException: Connection refused
	at sun.nio.ch.SocketChannelImpl.checkConnect(Native Method)
	at sun.nio.ch.SocketChannelImpl.finishConnect(SocketChannelImpl.java:714)
	at net.spy.memcached.MemcachedConnection.handleIO(MemcachedConnection.java:691)
	at net.spy.memcached.MemcachedConnection.handleIO(MemcachedConnection.java:450)
	at net.spy.memcached.MemcachedConnection.run(MemcachedConnection.java:1457)
2020-07-30 22:15:10.929 WARN net.spy.memcached.MemcachedConnection:  Closing, and reopening {QA sa=localhost/127.0.0.1:11212, #Rops=0, #Wops=0, #iq=0, topRop=null, topWop=null, toWrite=0, interested=0}, attempt 15.
2020-07-30 22:15:13.970 INFO net.spy.memcached.MemcachedConnection:  Reconnecting {QA sa=localhost/127.0.0.1:11212, #Rops=0, #Wops=0, #iq=0, topRop=null, topWop=null, toWrite=0, interested=0}
2020-07-30 22:15:13.971 INFO net.spy.memcached.MemcachedConnection:  Reconnecting due to failure to connect to {QA sa=localhost/127.0.0.1:11212, #Rops=0, #Wops=0, #iq=0, topRop=null, topWop=null, toWrite=0, interested=0}
java.net.ConnectException: Connection refused
	at sun.nio.ch.SocketChannelImpl.checkConnect(Native Method)
	at sun.nio.ch.SocketChannelImpl.finishConnect(SocketChannelImpl.java:714)
	at net.spy.memcached.MemcachedConnection.handleIO(MemcachedConnection.java:691)
	at net.spy.memcached.MemcachedConnection.handleIO(MemcachedConnection.java:450)
	at net.spy.memcached.MemcachedConnection.run(MemcachedConnection.java:1457)
2020-07-30 22:15:13.971 WARN net.spy.memcached.MemcachedConnection:  Closing, and reopening {QA sa=localhost/127.0.0.1:11212, #Rops=0, #Wops=0, #iq=0, topRop=null, topWop=null, toWrite=0, interested=0}, attempt 15.
2020-07-30 22:15:13.981 INFO net.spy.memcached.MemcachedConnection:  Reconnecting {QA sa=localhost/127.0.0.1:11211, #Rops=0, #Wops=0, #iq=0, topRop=null, topWop=null, toWrite=0, interested=0}
2020-07-30 22:15:13.981 INFO net.spy.memcached.MemcachedConnection:  Reconnecting due to failure to connect to {QA sa=localhost/127.0.0.1:11211, #Rops=0, #Wops=0, #iq=0, topRop=null, topWop=null, toWrite=0, interested=0}
java.net.ConnectException: Connection refused
	at sun.nio.ch.SocketChannelImpl.checkConnect(Native Method)
	at sun.nio.ch.SocketChannelImpl.finishConnect(SocketChannelImpl.java:714)
	at net.spy.memcached.MemcachedConnection.handleIO(MemcachedConnection.java:691)
	at net.spy.memcached.MemcachedConnection.handleIO(MemcachedConnection.java:450)
	at net.spy.memcached.MemcachedConnection.run(MemcachedConnection.java:1457)
2020-07-30 22:15:13.982 WARN net.spy.memcached.MemcachedConnection:  Closing, and reopening {QA sa=localhost/127.0.0.1:11211, #Rops=0, #Wops=0, #iq=0, topRop=null, topWop=null, toWrite=0, interested=0}, attempt 15.
]]></system-err>
  </testcase>
  <testcase name="ReadDeleteOnlyモード時にHEADメソッドが実行された場合はPersoniumCoreExceptionが発生しないこと" classname="io.personium.core.PersoniumReadDeleteModeManagerTest" time="12.004">
    <error message="Server connection error." type="io.personium.core.PersoniumCoreException">io.personium.core.PersoniumCoreException: Server connection error.
	at io.personium.core.PersoniumReadDeleteModeManagerTest.ReadDeleteOnlyモード時にGETメソッドが実行された場合はPersoniumCoreExceptionが発生しないこと(PersoniumReadDeleteModeManagerTest.java:53)
</error>
    <system-out><![CDATA[2020-07-30 22:15:26.682 [main] [INFO ] Timeout waiting for value: waited 12,000 ms. Node status: Connection Status { localhost/127.0.0.1:11211 active: false, authed: true, last read: 60,058 ms ago } - MemcachedClient
net.spy.memcached.OperationTimeoutException: Timeout waiting for value: waited 12,000 ms. Node status: Connection Status { localhost/127.0.0.1:11211 active: false, authed: true, last read: 60,058 ms ago }
	at net.spy.memcached.MemcachedClient.get(MemcachedClient.java:1240)
	at net.spy.memcached.MemcachedClient.get(MemcachedClient.java:1256)
	at io.personium.core.utils.MemcachedClient.get(MemcachedClient.java:77)
	at io.personium.core.model.lock.MemcachedLockManager.doGetReadDeleteOnlyMode(MemcachedLockManager.java:118)
	at io.personium.core.model.lock.ReadDeleteModeLockManager.isReadDeleteOnlyMode(ReadDeleteModeLockManager.java:38)
	at sun.reflect.NativeMethodAccessorImpl.invoke0(Native Method)
	at sun.reflect.NativeMethodAccessorImpl.invoke(NativeMethodAccessorImpl.java:62)
	at sun.reflect.DelegatingMethodAccessorImpl.invoke(DelegatingMethodAccessorImpl.java:43)
	at java.lang.reflect.Method.invoke(Method.java:498)
	at org.powermock.api.mockito.invocation.InvocationFactory$1.call(InvocationFactory.java:55)
	at org.mockito.internal.invocation.RealMethod$FromCallable$1.call(RealMethod.java:40)
	at org.mockito.internal.invocation.RealMethod$FromBehavior.invoke(RealMethod.java:62)
	at org.mockito.internal.invocation.InterceptedInvocation.callRealMethod(InterceptedInvocation.java:152)
	at org.mockito.internal.stubbing.answers.CallsRealMethods.answer(CallsRealMethods.java:43)
	at org.mockito.Answers.answer(Answers.java:100)
	at org.mockito.internal.handler.MockHandlerImpl.handle(MockHandlerImpl.java:103)
	at org.mockito.internal.handler.NullResultGuardian.handle(NullResultGuardian.java:29)
	at org.mockito.internal.handler.InvocationNotifierHandler.handle(InvocationNotifierHandler.java:35)
	at org.powermock.api.mockito.invocation.MockHandlerAdaptor.performIntercept(MockHandlerAdaptor.java:64)
	at org.powermock.api.mockito.invocation.MockitoMethodInvocationControl.invoke(MockitoMethodInvocationControl.java:94)
	at org.powermock.core.MockGateway.doMethodCall(MockGateway.java:186)
	at org.powermock.core.MockGateway.doMethodCall(MockGateway.java:168)
	at org.powermock.core.MockGateway.methodCall(MockGateway.java:145)
	at io.personium.core.model.lock.ReadDeleteModeLockManager.isReadDeleteOnlyMode(ReadDeleteModeLockManager.java)
	at sun.reflect.NativeMethodAccessorImpl.invoke0(Native Method)
	at sun.reflect.NativeMethodAccessorImpl.invoke(NativeMethodAccessorImpl.java:62)
	at sun.reflect.DelegatingMethodAccessorImpl.invoke(DelegatingMethodAccessorImpl.java:43)
	at java.lang.reflect.Method.invoke(Method.java:498)
	at org.powermock.reflect.internal.WhiteboxImpl.performMethodInvocation(WhiteboxImpl.java:1862)
	at org.powermock.reflect.internal.WhiteboxImpl.doInvokeMethod(WhiteboxImpl.java:824)
	at org.powermock.reflect.internal.WhiteboxImpl.invokeMethod(WhiteboxImpl.java:804)
	at org.powermock.reflect.Whitebox.invokeMethod(Whitebox.java:466)
	at org.powermock.api.mockito.PowerMockito.when(PowerMockito.java:401)
	at io.personium.core.PersoniumReadDeleteModeManagerTest.ReadDeleteOnlyモード時にHEADメソッドが実行された場合はPersoniumCoreExceptionが発生しないこと(PersoniumReadDeleteModeManagerTest.java:119)
	at sun.reflect.NativeMethodAccessorImpl.invoke0(Native Method)
	at sun.reflect.NativeMethodAccessorImpl.invoke(NativeMethodAccessorImpl.java:62)
	at sun.reflect.DelegatingMethodAccessorImpl.invoke(DelegatingMethodAccessorImpl.java:43)
	at java.lang.reflect.Method.invoke(Method.java:498)
	at org.junit.internal.runners.TestMethod.invoke(TestMethod.java:68)
	at org.powermock.modules.junit4.internal.impl.PowerMockJUnit44RunnerDelegateImpl$PowerMockJUnit44MethodRunner.runTestMethod(PowerMockJUnit44RunnerDelegateImpl.java:326)
	at org.junit.internal.runners.MethodRoadie$2.run(MethodRoadie.java:89)
	at org.junit.internal.runners.MethodRoadie.runBeforesThenTestThenAfters(MethodRoadie.java:97)
	at org.powermock.modules.junit4.internal.impl.PowerMockJUnit44RunnerDelegateImpl$PowerMockJUnit44MethodRunner.executeTest(PowerMockJUnit44RunnerDelegateImpl.java:310)
	at org.powermock.modules.junit4.internal.impl.PowerMockJUnit47RunnerDelegateImpl$PowerMockJUnit47MethodRunner.executeTestInSuper(PowerMockJUnit47RunnerDelegateImpl.java:131)
	at org.powermock.modules.junit4.internal.impl.PowerMockJUnit47RunnerDelegateImpl$PowerMockJUnit47MethodRunner.access$100(PowerMockJUnit47RunnerDelegateImpl.java:59)
	at org.powermock.modules.junit4.internal.impl.PowerMockJUnit47RunnerDelegateImpl$PowerMockJUnit47MethodRunner$TestExecutorStatement.evaluate(PowerMockJUnit47RunnerDelegateImpl.java:147)
	at org.powermock.modules.junit4.internal.impl.PowerMockJUnit47RunnerDelegateImpl$PowerMockJUnit47MethodRunner.evaluateStatement(PowerMockJUnit47RunnerDelegateImpl.java:107)
	at org.powermock.modules.junit4.internal.impl.PowerMockJUnit47RunnerDelegateImpl$PowerMockJUnit47MethodRunner.executeTest(PowerMockJUnit47RunnerDelegateImpl.java:82)
	at org.powermock.modules.junit4.internal.impl.PowerMockJUnit44RunnerDelegateImpl$PowerMockJUnit44MethodRunner.runBeforesThenTestThenAfters(PowerMockJUnit44RunnerDelegateImpl.java:298)
	at org.junit.internal.runners.MethodRoadie.runTest(MethodRoadie.java:87)
	at org.junit.internal.runners.MethodRoadie.run(MethodRoadie.java:50)
	at org.powermock.modules.junit4.internal.impl.PowerMockJUnit44RunnerDelegateImpl.invokeTestMethod(PowerMockJUnit44RunnerDelegateImpl.java:218)
	at org.powermock.modules.junit4.internal.impl.PowerMockJUnit44RunnerDelegateImpl.runMethods(PowerMockJUnit44RunnerDelegateImpl.java:160)
	at org.powermock.modules.junit4.internal.impl.PowerMockJUnit44RunnerDelegateImpl$1.run(PowerMockJUnit44RunnerDelegateImpl.java:134)
	at org.junit.internal.runners.ClassRoadie.runUnprotected(ClassRoadie.java:34)
	at org.junit.internal.runners.ClassRoadie.runProtected(ClassRoadie.java:44)
	at org.powermock.modules.junit4.internal.impl.PowerMockJUnit44RunnerDelegateImpl.run(PowerMockJUnit44RunnerDelegateImpl.java:136)
	at org.powermock.modules.junit4.common.internal.impl.JUnit4TestSuiteChunkerImpl.run(JUnit4TestSuiteChunkerImpl.java:117)
	at org.powermock.modules.junit4.common.internal.impl.AbstractCommonPowerMockRunner.run(AbstractCommonPowerMockRunner.java:57)
	at org.powermock.modules.junit4.PowerMockRunner.run(PowerMockRunner.java:59)
	at org.apache.maven.surefire.junit4.JUnit4Provider.execute(JUnit4Provider.java:367)
	at org.apache.maven.surefire.junit4.JUnit4Provider.executeWithRerun(JUnit4Provider.java:274)
	at org.apache.maven.surefire.junit4.JUnit4Provider.executeTestSet(JUnit4Provider.java:238)
	at org.apache.maven.surefire.junit4.JUnit4Provider.invoke(JUnit4Provider.java:161)
	at org.apache.maven.surefire.booter.ForkedBooter.invokeProviderInSameClassLoader(ForkedBooter.java:290)
	at org.apache.maven.surefire.booter.ForkedBooter.runSuitesInProcess(ForkedBooter.java:242)
	at org.apache.maven.surefire.booter.ForkedBooter.main(ForkedBooter.java:121)
Caused by: net.spy.memcached.internal.CheckedOperationTimeoutException: Timed out waiting for operation - failing node: localhost/127.0.0.1:11211
	at net.spy.memcached.internal.OperationFuture.get(OperationFuture.java:167)
	at net.spy.memcached.internal.GetFuture.get(GetFuture.java:69)
	at net.spy.memcached.MemcachedClient.get(MemcachedClient.java:1229)
	... 66 common frames omitted
]]></system-out>
    <system-err><![CDATA[2020-07-30 22:15:14.682 WARN net.spy.memcached.MemcachedConnection:  Could not redistribute to another node, retrying primary node for PcsReadDeleteMode.
2020-07-30 22:15:16.433 INFO net.spy.memcached.MemcachedConnection:  Reconnecting {QA sa=localhost/127.0.0.1:11211, #Rops=0, #Wops=23, #iq=0, topRop=null, topWop=Cmd: get Keys: UnitUserLock-u0_unituserlocktestExp: 0, toWrite=0, interested=0}
2020-07-30 22:15:16.433 INFO net.spy.memcached.MemcachedConnection:  Reconnecting due to failure to connect to {QA sa=localhost/127.0.0.1:11211, #Rops=0, #Wops=23, #iq=0, topRop=null, topWop=Cmd: get Keys: UnitUserLock-u0_unituserlocktestExp: 0, toWrite=0, interested=0}
java.net.ConnectException: Connection refused
	at sun.nio.ch.SocketChannelImpl.checkConnect(Native Method)
	at sun.nio.ch.SocketChannelImpl.finishConnect(SocketChannelImpl.java:714)
	at net.spy.memcached.MemcachedConnection.handleIO(MemcachedConnection.java:691)
	at net.spy.memcached.MemcachedConnection.handleIO(MemcachedConnection.java:450)
	at net.spy.memcached.MemcachedConnection.run(MemcachedConnection.java:1457)
2020-07-30 22:15:16.434 WARN net.spy.memcached.MemcachedConnection:  Closing, and reopening {QA sa=localhost/127.0.0.1:11211, #Rops=0, #Wops=23, #iq=0, topRop=null, topWop=Cmd: get Keys: UnitUserLock-u0_unituserlocktestExp: 0, toWrite=0, interested=0}, attempt 14.
2020-07-30 22:15:16.597 INFO net.spy.memcached.MemcachedConnection:  Reconnecting {QA sa=localhost/127.0.0.1:11212, #Rops=0, #Wops=0, #iq=0, topRop=null, topWop=null, toWrite=0, interested=0}
2020-07-30 22:15:16.597 INFO net.spy.memcached.MemcachedConnection:  Reconnecting due to failure to connect to {QA sa=localhost/127.0.0.1:11212, #Rops=0, #Wops=0, #iq=0, topRop=null, topWop=null, toWrite=0, interested=0}
java.net.ConnectException: Connection refused
	at sun.nio.ch.SocketChannelImpl.checkConnect(Native Method)
	at sun.nio.ch.SocketChannelImpl.finishConnect(SocketChannelImpl.java:714)
	at net.spy.memcached.MemcachedConnection.handleIO(MemcachedConnection.java:691)
	at net.spy.memcached.MemcachedConnection.handleIO(MemcachedConnection.java:450)
	at net.spy.memcached.MemcachedConnection.run(MemcachedConnection.java:1457)
2020-07-30 22:15:16.597 WARN net.spy.memcached.MemcachedConnection:  Closing, and reopening {QA sa=localhost/127.0.0.1:11212, #Rops=0, #Wops=0, #iq=0, topRop=null, topWop=null, toWrite=0, interested=0}, attempt 14.
2020-07-30 22:15:24.665 INFO net.spy.memcached.MemcachedConnection:  Reconnecting {QA sa=localhost/127.0.0.1:11211, #Rops=0, #Wops=5, #iq=0, topRop=null, topWop=Cmd: get Keys: PcsReadDeleteModeExp: 0, toWrite=0, interested=0}
2020-07-30 22:15:24.665 INFO net.spy.memcached.MemcachedConnection:  Reconnecting due to failure to connect to {QA sa=localhost/127.0.0.1:11211, #Rops=0, #Wops=5, #iq=0, topRop=null, topWop=Cmd: get Keys: PcsReadDeleteModeExp: 0, toWrite=0, interested=0}
java.net.ConnectException: Connection refused
	at sun.nio.ch.SocketChannelImpl.checkConnect(Native Method)
	at sun.nio.ch.SocketChannelImpl.finishConnect(SocketChannelImpl.java:714)
	at net.spy.memcached.MemcachedConnection.handleIO(MemcachedConnection.java:691)
	at net.spy.memcached.MemcachedConnection.handleIO(MemcachedConnection.java:450)
	at net.spy.memcached.MemcachedConnection.run(MemcachedConnection.java:1457)
2020-07-30 22:15:24.666 WARN net.spy.memcached.MemcachedConnection:  Closing, and reopening {QA sa=localhost/127.0.0.1:11211, #Rops=0, #Wops=5, #iq=0, topRop=null, topWop=Cmd: get Keys: PcsReadDeleteModeExp: 0, toWrite=0, interested=0}, attempt 5.
2020-07-30 22:15:24.693 INFO net.spy.memcached.MemcachedConnection:  Reconnecting {QA sa=localhost/127.0.0.1:11212, #Rops=0, #Wops=0, #iq=0, topRop=null, topWop=null, toWrite=0, interested=0}
2020-07-30 22:15:24.693 INFO net.spy.memcached.MemcachedConnection:  Reconnecting due to failure to connect to {QA sa=localhost/127.0.0.1:11212, #Rops=0, #Wops=0, #iq=0, topRop=null, topWop=null, toWrite=0, interested=0}
java.net.ConnectException: Connection refused
	at sun.nio.ch.SocketChannelImpl.checkConnect(Native Method)
	at sun.nio.ch.SocketChannelImpl.finishConnect(SocketChannelImpl.java:714)
	at net.spy.memcached.MemcachedConnection.handleIO(MemcachedConnection.java:691)
	at net.spy.memcached.MemcachedConnection.handleIO(MemcachedConnection.java:450)
	at net.spy.memcached.MemcachedConnection.run(MemcachedConnection.java:1457)
2020-07-30 22:15:24.693 WARN net.spy.memcached.MemcachedConnection:  Closing, and reopening {QA sa=localhost/127.0.0.1:11212, #Rops=0, #Wops=0, #iq=0, topRop=null, topWop=null, toWrite=0, interested=0}, attempt 5.
]]></system-err>
  </testcase>
  <testcase name="ReadDeleteOnlyモード時にREPORTメソッドが実行された場合はPersoniumCoreExceptionが発生しないこと" classname="io.personium.core.PersoniumReadDeleteModeManagerTest" time="12.004">
    <error message="Server connection error." type="io.personium.core.PersoniumCoreException">io.personium.core.PersoniumCoreException: Server connection error.
	at io.personium.core.PersoniumReadDeleteModeManagerTest.ReadDeleteOnlyモード時にGETメソッドが実行された場合はPersoniumCoreExceptionが発生しないこと(PersoniumReadDeleteModeManagerTest.java:53)
</error>
    <system-out><![CDATA[2020-07-30 22:15:38.688 [main] [INFO ] Timeout waiting for value: waited 12,000 ms. Node status: Connection Status { localhost/127.0.0.1:11211 active: false, authed: true, last read: 72,063 ms ago } - MemcachedClient
net.spy.memcached.OperationTimeoutException: Timeout waiting for value: waited 12,000 ms. Node status: Connection Status { localhost/127.0.0.1:11211 active: false, authed: true, last read: 72,063 ms ago }
	at net.spy.memcached.MemcachedClient.get(MemcachedClient.java:1240)
	at net.spy.memcached.MemcachedClient.get(MemcachedClient.java:1256)
	at io.personium.core.utils.MemcachedClient.get(MemcachedClient.java:77)
	at io.personium.core.model.lock.MemcachedLockManager.doGetReadDeleteOnlyMode(MemcachedLockManager.java:118)
	at io.personium.core.model.lock.ReadDeleteModeLockManager.isReadDeleteOnlyMode(ReadDeleteModeLockManager.java:38)
	at sun.reflect.NativeMethodAccessorImpl.invoke0(Native Method)
	at sun.reflect.NativeMethodAccessorImpl.invoke(NativeMethodAccessorImpl.java:62)
	at sun.reflect.DelegatingMethodAccessorImpl.invoke(DelegatingMethodAccessorImpl.java:43)
	at java.lang.reflect.Method.invoke(Method.java:498)
	at org.powermock.api.mockito.invocation.InvocationFactory$1.call(InvocationFactory.java:55)
	at org.mockito.internal.invocation.RealMethod$FromCallable$1.call(RealMethod.java:40)
	at org.mockito.internal.invocation.RealMethod$FromBehavior.invoke(RealMethod.java:62)
	at org.mockito.internal.invocation.InterceptedInvocation.callRealMethod(InterceptedInvocation.java:152)
	at org.mockito.internal.stubbing.answers.CallsRealMethods.answer(CallsRealMethods.java:43)
	at org.mockito.Answers.answer(Answers.java:100)
	at org.mockito.internal.handler.MockHandlerImpl.handle(MockHandlerImpl.java:103)
	at org.mockito.internal.handler.NullResultGuardian.handle(NullResultGuardian.java:29)
	at org.mockito.internal.handler.InvocationNotifierHandler.handle(InvocationNotifierHandler.java:35)
	at org.powermock.api.mockito.invocation.MockHandlerAdaptor.performIntercept(MockHandlerAdaptor.java:64)
	at org.powermock.api.mockito.invocation.MockitoMethodInvocationControl.invoke(MockitoMethodInvocationControl.java:94)
	at org.powermock.core.MockGateway.doMethodCall(MockGateway.java:186)
	at org.powermock.core.MockGateway.doMethodCall(MockGateway.java:168)
	at org.powermock.core.MockGateway.methodCall(MockGateway.java:145)
	at io.personium.core.model.lock.ReadDeleteModeLockManager.isReadDeleteOnlyMode(ReadDeleteModeLockManager.java)
	at sun.reflect.NativeMethodAccessorImpl.invoke0(Native Method)
	at sun.reflect.NativeMethodAccessorImpl.invoke(NativeMethodAccessorImpl.java:62)
	at sun.reflect.DelegatingMethodAccessorImpl.invoke(DelegatingMethodAccessorImpl.java:43)
	at java.lang.reflect.Method.invoke(Method.java:498)
	at org.powermock.reflect.internal.WhiteboxImpl.performMethodInvocation(WhiteboxImpl.java:1862)
	at org.powermock.reflect.internal.WhiteboxImpl.doInvokeMethod(WhiteboxImpl.java:824)
	at org.powermock.reflect.internal.WhiteboxImpl.invokeMethod(WhiteboxImpl.java:804)
	at org.powermock.reflect.Whitebox.invokeMethod(Whitebox.java:466)
	at org.powermock.api.mockito.PowerMockito.when(PowerMockito.java:401)
	at io.personium.core.PersoniumReadDeleteModeManagerTest.ReadDeleteOnlyモード時にREPORTメソッドが実行された場合はPersoniumCoreExceptionが発生しないこと(PersoniumReadDeleteModeManagerTest.java:135)
	at sun.reflect.NativeMethodAccessorImpl.invoke0(Native Method)
	at sun.reflect.NativeMethodAccessorImpl.invoke(NativeMethodAccessorImpl.java:62)
	at sun.reflect.DelegatingMethodAccessorImpl.invoke(DelegatingMethodAccessorImpl.java:43)
	at java.lang.reflect.Method.invoke(Method.java:498)
	at org.junit.internal.runners.TestMethod.invoke(TestMethod.java:68)
	at org.powermock.modules.junit4.internal.impl.PowerMockJUnit44RunnerDelegateImpl$PowerMockJUnit44MethodRunner.runTestMethod(PowerMockJUnit44RunnerDelegateImpl.java:326)
	at org.junit.internal.runners.MethodRoadie$2.run(MethodRoadie.java:89)
	at org.junit.internal.runners.MethodRoadie.runBeforesThenTestThenAfters(MethodRoadie.java:97)
	at org.powermock.modules.junit4.internal.impl.PowerMockJUnit44RunnerDelegateImpl$PowerMockJUnit44MethodRunner.executeTest(PowerMockJUnit44RunnerDelegateImpl.java:310)
	at org.powermock.modules.junit4.internal.impl.PowerMockJUnit47RunnerDelegateImpl$PowerMockJUnit47MethodRunner.executeTestInSuper(PowerMockJUnit47RunnerDelegateImpl.java:131)
	at org.powermock.modules.junit4.internal.impl.PowerMockJUnit47RunnerDelegateImpl$PowerMockJUnit47MethodRunner.access$100(PowerMockJUnit47RunnerDelegateImpl.java:59)
	at org.powermock.modules.junit4.internal.impl.PowerMockJUnit47RunnerDelegateImpl$PowerMockJUnit47MethodRunner$TestExecutorStatement.evaluate(PowerMockJUnit47RunnerDelegateImpl.java:147)
	at org.powermock.modules.junit4.internal.impl.PowerMockJUnit47RunnerDelegateImpl$PowerMockJUnit47MethodRunner.evaluateStatement(PowerMockJUnit47RunnerDelegateImpl.java:107)
	at org.powermock.modules.junit4.internal.impl.PowerMockJUnit47RunnerDelegateImpl$PowerMockJUnit47MethodRunner.executeTest(PowerMockJUnit47RunnerDelegateImpl.java:82)
	at org.powermock.modules.junit4.internal.impl.PowerMockJUnit44RunnerDelegateImpl$PowerMockJUnit44MethodRunner.runBeforesThenTestThenAfters(PowerMockJUnit44RunnerDelegateImpl.java:298)
	at org.junit.internal.runners.MethodRoadie.runTest(MethodRoadie.java:87)
	at org.junit.internal.runners.MethodRoadie.run(MethodRoadie.java:50)
	at org.powermock.modules.junit4.internal.impl.PowerMockJUnit44RunnerDelegateImpl.invokeTestMethod(PowerMockJUnit44RunnerDelegateImpl.java:218)
	at org.powermock.modules.junit4.internal.impl.PowerMockJUnit44RunnerDelegateImpl.runMethods(PowerMockJUnit44RunnerDelegateImpl.java:160)
	at org.powermock.modules.junit4.internal.impl.PowerMockJUnit44RunnerDelegateImpl$1.run(PowerMockJUnit44RunnerDelegateImpl.java:134)
	at org.junit.internal.runners.ClassRoadie.runUnprotected(ClassRoadie.java:34)
	at org.junit.internal.runners.ClassRoadie.runProtected(ClassRoadie.java:44)
	at org.powermock.modules.junit4.internal.impl.PowerMockJUnit44RunnerDelegateImpl.run(PowerMockJUnit44RunnerDelegateImpl.java:136)
	at org.powermock.modules.junit4.common.internal.impl.JUnit4TestSuiteChunkerImpl.run(JUnit4TestSuiteChunkerImpl.java:117)
	at org.powermock.modules.junit4.common.internal.impl.AbstractCommonPowerMockRunner.run(AbstractCommonPowerMockRunner.java:57)
	at org.powermock.modules.junit4.PowerMockRunner.run(PowerMockRunner.java:59)
	at org.apache.maven.surefire.junit4.JUnit4Provider.execute(JUnit4Provider.java:367)
	at org.apache.maven.surefire.junit4.JUnit4Provider.executeWithRerun(JUnit4Provider.java:274)
	at org.apache.maven.surefire.junit4.JUnit4Provider.executeTestSet(JUnit4Provider.java:238)
	at org.apache.maven.surefire.junit4.JUnit4Provider.invoke(JUnit4Provider.java:161)
	at org.apache.maven.surefire.booter.ForkedBooter.invokeProviderInSameClassLoader(ForkedBooter.java:290)
	at org.apache.maven.surefire.booter.ForkedBooter.runSuitesInProcess(ForkedBooter.java:242)
	at org.apache.maven.surefire.booter.ForkedBooter.main(ForkedBooter.java:121)
Caused by: net.spy.memcached.internal.CheckedOperationTimeoutException: Timed out waiting for operation - failing node: localhost/127.0.0.1:11211
	at net.spy.memcached.internal.OperationFuture.get(OperationFuture.java:167)
	at net.spy.memcached.internal.GetFuture.get(GetFuture.java:69)
	at net.spy.memcached.MemcachedClient.get(MemcachedClient.java:1229)
	... 66 common frames omitted
]]></system-out>
    <system-err><![CDATA[2020-07-30 22:15:26.687 WARN net.spy.memcached.MemcachedConnection:  Could not redistribute to another node, retrying primary node for PcsReadDeleteMode.
2020-07-30 22:15:36.521 INFO net.spy.memcached.MemcachedConnection:  Reconnecting {QA sa=localhost/127.0.0.1:11212, #Rops=0, #Wops=0, #iq=0, topRop=null, topWop=null, toWrite=0, interested=0}
2020-07-30 22:15:36.521 INFO net.spy.memcached.MemcachedConnection:  Reconnecting due to failure to connect to {QA sa=localhost/127.0.0.1:11212, #Rops=0, #Wops=0, #iq=0, topRop=null, topWop=null, toWrite=0, interested=0}
java.net.ConnectException: Connection refused
	at sun.nio.ch.SocketChannelImpl.checkConnect(Native Method)
	at sun.nio.ch.SocketChannelImpl.finishConnect(SocketChannelImpl.java:714)
	at net.spy.memcached.MemcachedConnection.handleIO(MemcachedConnection.java:691)
	at net.spy.memcached.MemcachedConnection.handleIO(MemcachedConnection.java:450)
	at net.spy.memcached.MemcachedConnection.run(MemcachedConnection.java:1457)
2020-07-30 22:15:36.521 WARN net.spy.memcached.MemcachedConnection:  Closing, and reopening {QA sa=localhost/127.0.0.1:11212, #Rops=0, #Wops=0, #iq=0, topRop=null, topWop=null, toWrite=0, interested=0}, attempt 16.
2020-07-30 22:15:38.109 INFO net.spy.memcached.MemcachedConnection:  Reconnecting {QA sa=localhost/127.0.0.1:11211, #Rops=0, #Wops=0, #iq=0, topRop=null, topWop=null, toWrite=0, interested=0}
2020-07-30 22:15:38.109 INFO net.spy.memcached.MemcachedConnection:  Reconnecting {QA sa=localhost/127.0.0.1:11212, #Rops=0, #Wops=0, #iq=0, topRop=null, topWop=null, toWrite=0, interested=0}
2020-07-30 22:15:38.109 INFO net.spy.memcached.MemcachedConnection:  Reconnecting due to failure to connect to {QA sa=localhost/127.0.0.1:11211, #Rops=0, #Wops=0, #iq=0, topRop=null, topWop=null, toWrite=0, interested=0}
java.net.ConnectException: Connection refused
	at sun.nio.ch.SocketChannelImpl.checkConnect(Native Method)
	at sun.nio.ch.SocketChannelImpl.finishConnect(SocketChannelImpl.java:714)
	at net.spy.memcached.MemcachedConnection.handleIO(MemcachedConnection.java:691)
	at net.spy.memcached.MemcachedConnection.handleIO(MemcachedConnection.java:450)
	at net.spy.memcached.MemcachedConnection.run(MemcachedConnection.java:1457)
2020-07-30 22:15:38.109 INFO net.spy.memcached.MemcachedConnection:  Reconnecting due to failure to connect to {QA sa=localhost/127.0.0.1:11212, #Rops=0, #Wops=0, #iq=0, topRop=null, topWop=null, toWrite=0, interested=0}
java.net.ConnectException: Connection refused
	at sun.nio.ch.SocketChannelImpl.checkConnect(Native Method)
	at sun.nio.ch.SocketChannelImpl.finishConnect(SocketChannelImpl.java:714)
	at net.spy.memcached.MemcachedConnection.handleIO(MemcachedConnection.java:691)
	at net.spy.memcached.MemcachedConnection.handleIO(MemcachedConnection.java:450)
	at net.spy.memcached.MemcachedConnection.run(MemcachedConnection.java:1457)
2020-07-30 22:15:38.110 WARN net.spy.memcached.MemcachedConnection:  Closing, and reopening {QA sa=localhost/127.0.0.1:11212, #Rops=0, #Wops=0, #iq=0, topRop=null, topWop=null, toWrite=0, interested=0}, attempt 16.
2020-07-30 22:15:38.113 WARN net.spy.memcached.MemcachedConnection:  Closing, and reopening {QA sa=localhost/127.0.0.1:11211, #Rops=0, #Wops=0, #iq=0, topRop=null, topWop=null, toWrite=0, interested=0}, attempt 16.
]]></system-err>
  </testcase>
  <testcase name="ReadDeleteOnlyモード時にPOSTメソッドが実行された場合は503が返却されること" classname="io.personium.core.PersoniumReadDeleteModeManagerTest" time="12.004"/>
  <testcase name="ReadDeleteOnlyモード時にPUTメソッドが実行された場合は503が返却されること" classname="io.personium.core.PersoniumReadDeleteModeManagerTest" time="12"/>
  <testcase name="ReadDeleteOnlyモード時にMERGEメソッドが実行された場合は503が返却されること" classname="io.personium.core.PersoniumReadDeleteModeManagerTest" time="12.009"/>
  <testcase name="ReadDeleteOnlyモード時にMKCOLメソッドが実行された場合は503が返却されること" classname="io.personium.core.PersoniumReadDeleteModeManagerTest" time="12"/>
  <testcase name="ReadDeleteOnlyモード時にPROPPATCHメソッドが実行された場合は503が返却されること" classname="io.personium.core.PersoniumReadDeleteModeManagerTest" time="12.002"/>
  <testcase name="ReadDeleteOnlyモード時にACLメソッドが実行された場合は503が返却されること" classname="io.personium.core.PersoniumReadDeleteModeManagerTest" time="12.007"/>
  <testcase name="ReadDeleteOnlyモードではない状態でPOSTメソッドが実行された場合はPersoniumCoreExceptionが発生しないこと" classname="io.personium.core.PersoniumReadDeleteModeManagerTest" time="12">
    <error message="Server connection error." type="io.personium.core.PersoniumCoreException">io.personium.core.PersoniumCoreException: Server connection error.
	at io.personium.core.PersoniumReadDeleteModeManagerTest.ReadDeleteOnlyモード時にGETメソッドが実行された場合はPersoniumCoreExceptionが発生しないこと(PersoniumReadDeleteModeManagerTest.java:53)
</error>
    <system-out><![CDATA[2020-07-30 22:17:02.712 [main] [INFO ] Timeout waiting for value: waited 12,000 ms. Node status: Connection Status { localhost/127.0.0.1:11211 active: false, authed: true, last read: 156,087 ms ago } - MemcachedClient
net.spy.memcached.OperationTimeoutException: Timeout waiting for value: waited 12,000 ms. Node status: Connection Status { localhost/127.0.0.1:11211 active: false, authed: true, last read: 156,087 ms ago }
	at net.spy.memcached.MemcachedClient.get(MemcachedClient.java:1240)
	at net.spy.memcached.MemcachedClient.get(MemcachedClient.java:1256)
	at io.personium.core.utils.MemcachedClient.get(MemcachedClient.java:77)
	at io.personium.core.model.lock.MemcachedLockManager.doGetReadDeleteOnlyMode(MemcachedLockManager.java:118)
	at io.personium.core.model.lock.ReadDeleteModeLockManager.isReadDeleteOnlyMode(ReadDeleteModeLockManager.java:38)
	at sun.reflect.GeneratedMethodAccessor148.invoke(Unknown Source)
	at sun.reflect.DelegatingMethodAccessorImpl.invoke(DelegatingMethodAccessorImpl.java:43)
	at java.lang.reflect.Method.invoke(Method.java:498)
	at org.powermock.api.mockito.invocation.InvocationFactory$1.call(InvocationFactory.java:55)
	at org.mockito.internal.invocation.RealMethod$FromCallable$1.call(RealMethod.java:40)
	at org.mockito.internal.invocation.RealMethod$FromBehavior.invoke(RealMethod.java:62)
	at org.mockito.internal.invocation.InterceptedInvocation.callRealMethod(InterceptedInvocation.java:152)
	at org.mockito.internal.stubbing.answers.CallsRealMethods.answer(CallsRealMethods.java:43)
	at org.mockito.Answers.answer(Answers.java:100)
	at org.mockito.internal.handler.MockHandlerImpl.handle(MockHandlerImpl.java:103)
	at org.mockito.internal.handler.NullResultGuardian.handle(NullResultGuardian.java:29)
	at org.mockito.internal.handler.InvocationNotifierHandler.handle(InvocationNotifierHandler.java:35)
	at org.powermock.api.mockito.invocation.MockHandlerAdaptor.performIntercept(MockHandlerAdaptor.java:64)
	at org.powermock.api.mockito.invocation.MockitoMethodInvocationControl.invoke(MockitoMethodInvocationControl.java:94)
	at org.powermock.core.MockGateway.doMethodCall(MockGateway.java:186)
	at org.powermock.core.MockGateway.doMethodCall(MockGateway.java:168)
	at org.powermock.core.MockGateway.methodCall(MockGateway.java:145)
	at io.personium.core.model.lock.ReadDeleteModeLockManager.isReadDeleteOnlyMode(ReadDeleteModeLockManager.java)
	at sun.reflect.GeneratedMethodAccessor148.invoke(Unknown Source)
	at sun.reflect.DelegatingMethodAccessorImpl.invoke(DelegatingMethodAccessorImpl.java:43)
	at java.lang.reflect.Method.invoke(Method.java:498)
	at org.powermock.reflect.internal.WhiteboxImpl.performMethodInvocation(WhiteboxImpl.java:1862)
	at org.powermock.reflect.internal.WhiteboxImpl.doInvokeMethod(WhiteboxImpl.java:824)
	at org.powermock.reflect.internal.WhiteboxImpl.invokeMethod(WhiteboxImpl.java:804)
	at org.powermock.reflect.Whitebox.invokeMethod(Whitebox.java:466)
	at org.powermock.api.mockito.PowerMockito.when(PowerMockito.java:401)
	at io.personium.core.PersoniumReadDeleteModeManagerTest.ReadDeleteOnlyモードではない状態でPOSTメソッドが実行された場合はPersoniumCoreExceptionが発生しないこと(PersoniumReadDeleteModeManagerTest.java:227)
	at sun.reflect.NativeMethodAccessorImpl.invoke0(Native Method)
	at sun.reflect.NativeMethodAccessorImpl.invoke(NativeMethodAccessorImpl.java:62)
	at sun.reflect.DelegatingMethodAccessorImpl.invoke(DelegatingMethodAccessorImpl.java:43)
	at java.lang.reflect.Method.invoke(Method.java:498)
	at org.junit.internal.runners.TestMethod.invoke(TestMethod.java:68)
	at org.powermock.modules.junit4.internal.impl.PowerMockJUnit44RunnerDelegateImpl$PowerMockJUnit44MethodRunner.runTestMethod(PowerMockJUnit44RunnerDelegateImpl.java:326)
	at org.junit.internal.runners.MethodRoadie$2.run(MethodRoadie.java:89)
	at org.junit.internal.runners.MethodRoadie.runBeforesThenTestThenAfters(MethodRoadie.java:97)
	at org.powermock.modules.junit4.internal.impl.PowerMockJUnit44RunnerDelegateImpl$PowerMockJUnit44MethodRunner.executeTest(PowerMockJUnit44RunnerDelegateImpl.java:310)
	at org.powermock.modules.junit4.internal.impl.PowerMockJUnit47RunnerDelegateImpl$PowerMockJUnit47MethodRunner.executeTestInSuper(PowerMockJUnit47RunnerDelegateImpl.java:131)
	at org.powermock.modules.junit4.internal.impl.PowerMockJUnit47RunnerDelegateImpl$PowerMockJUnit47MethodRunner.access$100(PowerMockJUnit47RunnerDelegateImpl.java:59)
	at org.powermock.modules.junit4.internal.impl.PowerMockJUnit47RunnerDelegateImpl$PowerMockJUnit47MethodRunner$TestExecutorStatement.evaluate(PowerMockJUnit47RunnerDelegateImpl.java:147)
	at org.powermock.modules.junit4.internal.impl.PowerMockJUnit47RunnerDelegateImpl$PowerMockJUnit47MethodRunner.evaluateStatement(PowerMockJUnit47RunnerDelegateImpl.java:107)
	at org.powermock.modules.junit4.internal.impl.PowerMockJUnit47RunnerDelegateImpl$PowerMockJUnit47MethodRunner.executeTest(PowerMockJUnit47RunnerDelegateImpl.java:82)
	at org.powermock.modules.junit4.internal.impl.PowerMockJUnit44RunnerDelegateImpl$PowerMockJUnit44MethodRunner.runBeforesThenTestThenAfters(PowerMockJUnit44RunnerDelegateImpl.java:298)
	at org.junit.internal.runners.MethodRoadie.runTest(MethodRoadie.java:87)
	at org.junit.internal.runners.MethodRoadie.run(MethodRoadie.java:50)
	at org.powermock.modules.junit4.internal.impl.PowerMockJUnit44RunnerDelegateImpl.invokeTestMethod(PowerMockJUnit44RunnerDelegateImpl.java:218)
	at org.powermock.modules.junit4.internal.impl.PowerMockJUnit44RunnerDelegateImpl.runMethods(PowerMockJUnit44RunnerDelegateImpl.java:160)
	at org.powermock.modules.junit4.internal.impl.PowerMockJUnit44RunnerDelegateImpl$1.run(PowerMockJUnit44RunnerDelegateImpl.java:134)
	at org.junit.internal.runners.ClassRoadie.runUnprotected(ClassRoadie.java:34)
	at org.junit.internal.runners.ClassRoadie.runProtected(ClassRoadie.java:44)
	at org.powermock.modules.junit4.internal.impl.PowerMockJUnit44RunnerDelegateImpl.run(PowerMockJUnit44RunnerDelegateImpl.java:136)
	at org.powermock.modules.junit4.common.internal.impl.JUnit4TestSuiteChunkerImpl.run(JUnit4TestSuiteChunkerImpl.java:117)
	at org.powermock.modules.junit4.common.internal.impl.AbstractCommonPowerMockRunner.run(AbstractCommonPowerMockRunner.java:57)
	at org.powermock.modules.junit4.PowerMockRunner.run(PowerMockRunner.java:59)
	at org.apache.maven.surefire.junit4.JUnit4Provider.execute(JUnit4Provider.java:367)
	at org.apache.maven.surefire.junit4.JUnit4Provider.executeWithRerun(JUnit4Provider.java:274)
	at org.apache.maven.surefire.junit4.JUnit4Provider.executeTestSet(JUnit4Provider.java:238)
	at org.apache.maven.surefire.junit4.JUnit4Provider.invoke(JUnit4Provider.java:161)
	at org.apache.maven.surefire.booter.ForkedBooter.invokeProviderInSameClassLoader(ForkedBooter.java:290)
	at org.apache.maven.surefire.booter.ForkedBooter.runSuitesInProcess(ForkedBooter.java:242)
	at org.apache.maven.surefire.booter.ForkedBooter.main(ForkedBooter.java:121)
Caused by: net.spy.memcached.internal.CheckedOperationTimeoutException: Timed out waiting for operation - failing node: localhost/127.0.0.1:11211
	at net.spy.memcached.internal.OperationFuture.get(OperationFuture.java:167)
	at net.spy.memcached.internal.GetFuture.get(GetFuture.java:69)
	at net.spy.memcached.MemcachedClient.get(MemcachedClient.java:1229)
	... 64 common frames omitted
]]></system-out>
    <system-err><![CDATA[2020-07-30 22:16:50.711 WARN net.spy.memcached.MemcachedConnection:  Could not redistribute to another node, retrying primary node for PcsReadDeleteMode.
2020-07-30 22:16:54.681 INFO net.spy.memcached.MemcachedConnection:  Reconnecting {QA sa=localhost/127.0.0.1:11211, #Rops=0, #Wops=13, #iq=0, topRop=null, topWop=Cmd: get Keys: PcsReadDeleteModeExp: 0, toWrite=0, interested=0}
2020-07-30 22:16:54.681 INFO net.spy.memcached.MemcachedConnection:  Reconnecting due to failure to connect to {QA sa=localhost/127.0.0.1:11211, #Rops=0, #Wops=13, #iq=0, topRop=null, topWop=Cmd: get Keys: PcsReadDeleteModeExp: 0, toWrite=0, interested=0}
java.net.ConnectException: Connection refused
	at sun.nio.ch.SocketChannelImpl.checkConnect(Native Method)
	at sun.nio.ch.SocketChannelImpl.finishConnect(SocketChannelImpl.java:714)
	at net.spy.memcached.MemcachedConnection.handleIO(MemcachedConnection.java:691)
	at net.spy.memcached.MemcachedConnection.handleIO(MemcachedConnection.java:450)
	at net.spy.memcached.MemcachedConnection.run(MemcachedConnection.java:1457)
2020-07-30 22:16:54.681 WARN net.spy.memcached.MemcachedConnection:  Closing, and reopening {QA sa=localhost/127.0.0.1:11211, #Rops=0, #Wops=13, #iq=0, topRop=null, topWop=Cmd: get Keys: PcsReadDeleteModeExp: 0, toWrite=0, interested=0}, attempt 8.
2020-07-30 22:16:54.777 INFO net.spy.memcached.MemcachedConnection:  Reconnecting {QA sa=localhost/127.0.0.1:11212, #Rops=0, #Wops=0, #iq=0, topRop=null, topWop=null, toWrite=0, interested=0}
2020-07-30 22:16:54.779 INFO net.spy.memcached.MemcachedConnection:  Reconnecting due to failure to connect to {QA sa=localhost/127.0.0.1:11212, #Rops=0, #Wops=0, #iq=0, topRop=null, topWop=null, toWrite=0, interested=0}
java.net.ConnectException: Connection refused
	at sun.nio.ch.SocketChannelImpl.checkConnect(Native Method)
	at sun.nio.ch.SocketChannelImpl.finishConnect(SocketChannelImpl.java:714)
	at net.spy.memcached.MemcachedConnection.handleIO(MemcachedConnection.java:691)
	at net.spy.memcached.MemcachedConnection.handleIO(MemcachedConnection.java:450)
	at net.spy.memcached.MemcachedConnection.run(MemcachedConnection.java:1457)
2020-07-30 22:16:54.779 WARN net.spy.memcached.MemcachedConnection:  Closing, and reopening {QA sa=localhost/127.0.0.1:11212, #Rops=0, #Wops=0, #iq=0, topRop=null, topWop=null, toWrite=0, interested=0}, attempt 8.
]]></system-err>
  </testcase>
  <testcase name="ReadDeleteOnlyモードではない状態でPUTメソッドが実行された場合はPersoniumCoreExceptionが発生しないこと" classname="io.personium.core.PersoniumReadDeleteModeManagerTest" time="12.003">
    <error message="Server connection error." type="io.personium.core.PersoniumCoreException">io.personium.core.PersoniumCoreException: Server connection error.
	at io.personium.core.PersoniumReadDeleteModeManagerTest.ReadDeleteOnlyモード時にGETメソッドが実行された場合はPersoniumCoreExceptionが発生しないこと(PersoniumReadDeleteModeManagerTest.java:53)
</error>
    <system-out><![CDATA[2020-07-30 22:17:14.714 [main] [INFO ] Timeout waiting for value: waited 12,000 ms. Node status: Connection Status { localhost/127.0.0.1:11211 active: false, authed: true, last read: 168,089 ms ago } - MemcachedClient
net.spy.memcached.OperationTimeoutException: Timeout waiting for value: waited 12,000 ms. Node status: Connection Status { localhost/127.0.0.1:11211 active: false, authed: true, last read: 168,089 ms ago }
	at net.spy.memcached.MemcachedClient.get(MemcachedClient.java:1240)
	at net.spy.memcached.MemcachedClient.get(MemcachedClient.java:1256)
	at io.personium.core.utils.MemcachedClient.get(MemcachedClient.java:77)
	at io.personium.core.model.lock.MemcachedLockManager.doGetReadDeleteOnlyMode(MemcachedLockManager.java:118)
	at io.personium.core.model.lock.ReadDeleteModeLockManager.isReadDeleteOnlyMode(ReadDeleteModeLockManager.java:38)
	at sun.reflect.GeneratedMethodAccessor148.invoke(Unknown Source)
	at sun.reflect.DelegatingMethodAccessorImpl.invoke(DelegatingMethodAccessorImpl.java:43)
	at java.lang.reflect.Method.invoke(Method.java:498)
	at org.powermock.api.mockito.invocation.InvocationFactory$1.call(InvocationFactory.java:55)
	at org.mockito.internal.invocation.RealMethod$FromCallable$1.call(RealMethod.java:40)
	at org.mockito.internal.invocation.RealMethod$FromBehavior.invoke(RealMethod.java:62)
	at org.mockito.internal.invocation.InterceptedInvocation.callRealMethod(InterceptedInvocation.java:152)
	at org.mockito.internal.stubbing.answers.CallsRealMethods.answer(CallsRealMethods.java:43)
	at org.mockito.Answers.answer(Answers.java:100)
	at org.mockito.internal.handler.MockHandlerImpl.handle(MockHandlerImpl.java:103)
	at org.mockito.internal.handler.NullResultGuardian.handle(NullResultGuardian.java:29)
	at org.mockito.internal.handler.InvocationNotifierHandler.handle(InvocationNotifierHandler.java:35)
	at org.powermock.api.mockito.invocation.MockHandlerAdaptor.performIntercept(MockHandlerAdaptor.java:64)
	at org.powermock.api.mockito.invocation.MockitoMethodInvocationControl.invoke(MockitoMethodInvocationControl.java:94)
	at org.powermock.core.MockGateway.doMethodCall(MockGateway.java:186)
	at org.powermock.core.MockGateway.doMethodCall(MockGateway.java:168)
	at org.powermock.core.MockGateway.methodCall(MockGateway.java:145)
	at io.personium.core.model.lock.ReadDeleteModeLockManager.isReadDeleteOnlyMode(ReadDeleteModeLockManager.java)
	at sun.reflect.GeneratedMethodAccessor148.invoke(Unknown Source)
	at sun.reflect.DelegatingMethodAccessorImpl.invoke(DelegatingMethodAccessorImpl.java:43)
	at java.lang.reflect.Method.invoke(Method.java:498)
	at org.powermock.reflect.internal.WhiteboxImpl.performMethodInvocation(WhiteboxImpl.java:1862)
	at org.powermock.reflect.internal.WhiteboxImpl.doInvokeMethod(WhiteboxImpl.java:824)
	at org.powermock.reflect.internal.WhiteboxImpl.invokeMethod(WhiteboxImpl.java:804)
	at org.powermock.reflect.Whitebox.invokeMethod(Whitebox.java:466)
	at org.powermock.api.mockito.PowerMockito.when(PowerMockito.java:401)
	at io.personium.core.PersoniumReadDeleteModeManagerTest.ReadDeleteOnlyモードではない状態でPUTメソッドが実行された場合はPersoniumCoreExceptionが発生しないこと(PersoniumReadDeleteModeManagerTest.java:243)
	at sun.reflect.NativeMethodAccessorImpl.invoke0(Native Method)
	at sun.reflect.NativeMethodAccessorImpl.invoke(NativeMethodAccessorImpl.java:62)
	at sun.reflect.DelegatingMethodAccessorImpl.invoke(DelegatingMethodAccessorImpl.java:43)
	at java.lang.reflect.Method.invoke(Method.java:498)
	at org.junit.internal.runners.TestMethod.invoke(TestMethod.java:68)
	at org.powermock.modules.junit4.internal.impl.PowerMockJUnit44RunnerDelegateImpl$PowerMockJUnit44MethodRunner.runTestMethod(PowerMockJUnit44RunnerDelegateImpl.java:326)
	at org.junit.internal.runners.MethodRoadie$2.run(MethodRoadie.java:89)
	at org.junit.internal.runners.MethodRoadie.runBeforesThenTestThenAfters(MethodRoadie.java:97)
	at org.powermock.modules.junit4.internal.impl.PowerMockJUnit44RunnerDelegateImpl$PowerMockJUnit44MethodRunner.executeTest(PowerMockJUnit44RunnerDelegateImpl.java:310)
	at org.powermock.modules.junit4.internal.impl.PowerMockJUnit47RunnerDelegateImpl$PowerMockJUnit47MethodRunner.executeTestInSuper(PowerMockJUnit47RunnerDelegateImpl.java:131)
	at org.powermock.modules.junit4.internal.impl.PowerMockJUnit47RunnerDelegateImpl$PowerMockJUnit47MethodRunner.access$100(PowerMockJUnit47RunnerDelegateImpl.java:59)
	at org.powermock.modules.junit4.internal.impl.PowerMockJUnit47RunnerDelegateImpl$PowerMockJUnit47MethodRunner$TestExecutorStatement.evaluate(PowerMockJUnit47RunnerDelegateImpl.java:147)
	at org.powermock.modules.junit4.internal.impl.PowerMockJUnit47RunnerDelegateImpl$PowerMockJUnit47MethodRunner.evaluateStatement(PowerMockJUnit47RunnerDelegateImpl.java:107)
	at org.powermock.modules.junit4.internal.impl.PowerMockJUnit47RunnerDelegateImpl$PowerMockJUnit47MethodRunner.executeTest(PowerMockJUnit47RunnerDelegateImpl.java:82)
	at org.powermock.modules.junit4.internal.impl.PowerMockJUnit44RunnerDelegateImpl$PowerMockJUnit44MethodRunner.runBeforesThenTestThenAfters(PowerMockJUnit44RunnerDelegateImpl.java:298)
	at org.junit.internal.runners.MethodRoadie.runTest(MethodRoadie.java:87)
	at org.junit.internal.runners.MethodRoadie.run(MethodRoadie.java:50)
	at org.powermock.modules.junit4.internal.impl.PowerMockJUnit44RunnerDelegateImpl.invokeTestMethod(PowerMockJUnit44RunnerDelegateImpl.java:218)
	at org.powermock.modules.junit4.internal.impl.PowerMockJUnit44RunnerDelegateImpl.runMethods(PowerMockJUnit44RunnerDelegateImpl.java:160)
	at org.powermock.modules.junit4.internal.impl.PowerMockJUnit44RunnerDelegateImpl$1.run(PowerMockJUnit44RunnerDelegateImpl.java:134)
	at org.junit.internal.runners.ClassRoadie.runUnprotected(ClassRoadie.java:34)
	at org.junit.internal.runners.ClassRoadie.runProtected(ClassRoadie.java:44)
	at org.powermock.modules.junit4.internal.impl.PowerMockJUnit44RunnerDelegateImpl.run(PowerMockJUnit44RunnerDelegateImpl.java:136)
	at org.powermock.modules.junit4.common.internal.impl.JUnit4TestSuiteChunkerImpl.run(JUnit4TestSuiteChunkerImpl.java:117)
	at org.powermock.modules.junit4.common.internal.impl.AbstractCommonPowerMockRunner.run(AbstractCommonPowerMockRunner.java:57)
	at org.powermock.modules.junit4.PowerMockRunner.run(PowerMockRunner.java:59)
	at org.apache.maven.surefire.junit4.JUnit4Provider.execute(JUnit4Provider.java:367)
	at org.apache.maven.surefire.junit4.JUnit4Provider.executeWithRerun(JUnit4Provider.java:274)
	at org.apache.maven.surefire.junit4.JUnit4Provider.executeTestSet(JUnit4Provider.java:238)
	at org.apache.maven.surefire.junit4.JUnit4Provider.invoke(JUnit4Provider.java:161)
	at org.apache.maven.surefire.booter.ForkedBooter.invokeProviderInSameClassLoader(ForkedBooter.java:290)
	at org.apache.maven.surefire.booter.ForkedBooter.runSuitesInProcess(ForkedBooter.java:242)
	at org.apache.maven.surefire.booter.ForkedBooter.main(ForkedBooter.java:121)
Caused by: net.spy.memcached.internal.CheckedOperationTimeoutException: Timed out waiting for operation - failing node: localhost/127.0.0.1:11211
	at net.spy.memcached.internal.OperationFuture.get(OperationFuture.java:167)
	at net.spy.memcached.internal.GetFuture.get(GetFuture.java:69)
	at net.spy.memcached.MemcachedClient.get(MemcachedClient.java:1229)
	... 64 common frames omitted
]]></system-out>
    <system-err><![CDATA[2020-07-30 22:17:02.713 WARN net.spy.memcached.MemcachedConnection:  Could not redistribute to another node, retrying primary node for PcsReadDeleteMode.
2020-07-30 22:17:06.610 INFO net.spy.memcached.MemcachedConnection:  Reconnecting {QA sa=localhost/127.0.0.1:11212, #Rops=0, #Wops=0, #iq=0, topRop=null, topWop=null, toWrite=0, interested=0}
2020-07-30 22:17:06.610 INFO net.spy.memcached.MemcachedConnection:  Reconnecting due to failure to connect to {QA sa=localhost/127.0.0.1:11212, #Rops=0, #Wops=0, #iq=0, topRop=null, topWop=null, toWrite=0, interested=0}
java.net.ConnectException: Connection refused
	at sun.nio.ch.SocketChannelImpl.checkConnect(Native Method)
	at sun.nio.ch.SocketChannelImpl.finishConnect(SocketChannelImpl.java:714)
	at net.spy.memcached.MemcachedConnection.handleIO(MemcachedConnection.java:691)
	at net.spy.memcached.MemcachedConnection.handleIO(MemcachedConnection.java:450)
	at net.spy.memcached.MemcachedConnection.run(MemcachedConnection.java:1457)
2020-07-30 22:17:06.610 WARN net.spy.memcached.MemcachedConnection:  Closing, and reopening {QA sa=localhost/127.0.0.1:11212, #Rops=0, #Wops=0, #iq=0, topRop=null, topWop=null, toWrite=0, interested=0}, attempt 19.
2020-07-30 22:17:08.193 INFO net.spy.memcached.MemcachedConnection:  Reconnecting {QA sa=localhost/127.0.0.1:11212, #Rops=0, #Wops=0, #iq=0, topRop=null, topWop=null, toWrite=0, interested=0}
2020-07-30 22:17:08.193 INFO net.spy.memcached.MemcachedConnection:  Reconnecting due to failure to connect to {QA sa=localhost/127.0.0.1:11212, #Rops=0, #Wops=0, #iq=0, topRop=null, topWop=null, toWrite=0, interested=0}
java.net.ConnectException: Connection refused
	at sun.nio.ch.SocketChannelImpl.checkConnect(Native Method)
	at sun.nio.ch.SocketChannelImpl.finishConnect(SocketChannelImpl.java:714)
	at net.spy.memcached.MemcachedConnection.handleIO(MemcachedConnection.java:691)
	at net.spy.memcached.MemcachedConnection.handleIO(MemcachedConnection.java:450)
	at net.spy.memcached.MemcachedConnection.run(MemcachedConnection.java:1457)
2020-07-30 22:17:08.193 WARN net.spy.memcached.MemcachedConnection:  Closing, and reopening {QA sa=localhost/127.0.0.1:11212, #Rops=0, #Wops=0, #iq=0, topRop=null, topWop=null, toWrite=0, interested=0}, attempt 19.
2020-07-30 22:17:08.197 INFO net.spy.memcached.MemcachedConnection:  Reconnecting {QA sa=localhost/127.0.0.1:11211, #Rops=0, #Wops=0, #iq=0, topRop=null, topWop=null, toWrite=0, interested=0}
2020-07-30 22:17:08.197 INFO net.spy.memcached.MemcachedConnection:  Reconnecting due to failure to connect to {QA sa=localhost/127.0.0.1:11211, #Rops=0, #Wops=0, #iq=0, topRop=null, topWop=null, toWrite=0, interested=0}
java.net.ConnectException: Connection refused
	at sun.nio.ch.SocketChannelImpl.checkConnect(Native Method)
	at sun.nio.ch.SocketChannelImpl.finishConnect(SocketChannelImpl.java:714)
	at net.spy.memcached.MemcachedConnection.handleIO(MemcachedConnection.java:691)
	at net.spy.memcached.MemcachedConnection.handleIO(MemcachedConnection.java:450)
	at net.spy.memcached.MemcachedConnection.run(MemcachedConnection.java:1457)
2020-07-30 22:17:08.198 WARN net.spy.memcached.MemcachedConnection:  Closing, and reopening {QA sa=localhost/127.0.0.1:11211, #Rops=0, #Wops=0, #iq=0, topRop=null, topWop=null, toWrite=0, interested=0}, attempt 19.
2020-07-30 22:17:11.070 INFO net.spy.memcached.MemcachedConnection:  Reconnecting {QA sa=localhost/127.0.0.1:11211, #Rops=0, #Wops=0, #iq=0, topRop=null, topWop=null, toWrite=0, interested=0}
2020-07-30 22:17:11.070 INFO net.spy.memcached.MemcachedConnection:  Reconnecting due to failure to connect to {QA sa=localhost/127.0.0.1:11211, #Rops=0, #Wops=0, #iq=0, topRop=null, topWop=null, toWrite=0, interested=0}
java.net.ConnectException: Connection refused
	at sun.nio.ch.SocketChannelImpl.checkConnect(Native Method)
	at sun.nio.ch.SocketChannelImpl.finishConnect(SocketChannelImpl.java:714)
	at net.spy.memcached.MemcachedConnection.handleIO(MemcachedConnection.java:691)
	at net.spy.memcached.MemcachedConnection.handleIO(MemcachedConnection.java:450)
	at net.spy.memcached.MemcachedConnection.run(MemcachedConnection.java:1457)
2020-07-30 22:17:11.070 WARN net.spy.memcached.MemcachedConnection:  Closing, and reopening {QA sa=localhost/127.0.0.1:11211, #Rops=0, #Wops=0, #iq=0, topRop=null, topWop=null, toWrite=0, interested=0}, attempt 19.
2020-07-30 22:17:11.073 INFO net.spy.memcached.MemcachedConnection:  Reconnecting {QA sa=localhost/127.0.0.1:11212, #Rops=0, #Wops=0, #iq=0, topRop=null, topWop=null, toWrite=0, interested=0}
2020-07-30 22:17:11.073 INFO net.spy.memcached.MemcachedConnection:  Reconnecting due to failure to connect to {QA sa=localhost/127.0.0.1:11212, #Rops=0, #Wops=0, #iq=0, topRop=null, topWop=null, toWrite=0, interested=0}
java.net.ConnectException: Connection refused
	at sun.nio.ch.SocketChannelImpl.checkConnect(Native Method)
	at sun.nio.ch.SocketChannelImpl.finishConnect(SocketChannelImpl.java:714)
	at net.spy.memcached.MemcachedConnection.handleIO(MemcachedConnection.java:691)
	at net.spy.memcached.MemcachedConnection.handleIO(MemcachedConnection.java:450)
	at net.spy.memcached.MemcachedConnection.run(MemcachedConnection.java:1457)
2020-07-30 22:17:11.073 WARN net.spy.memcached.MemcachedConnection:  Closing, and reopening {QA sa=localhost/127.0.0.1:11212, #Rops=0, #Wops=0, #iq=0, topRop=null, topWop=null, toWrite=0, interested=0}, attempt 19.
2020-07-30 22:17:14.087 INFO net.spy.memcached.MemcachedConnection:  Reconnecting {QA sa=localhost/127.0.0.1:11212, #Rops=0, #Wops=0, #iq=0, topRop=null, topWop=null, toWrite=0, interested=0}
2020-07-30 22:17:14.087 INFO net.spy.memcached.MemcachedConnection:  Reconnecting due to failure to connect to {QA sa=localhost/127.0.0.1:11212, #Rops=0, #Wops=0, #iq=0, topRop=null, topWop=null, toWrite=0, interested=0}
java.net.ConnectException: Connection refused
	at sun.nio.ch.SocketChannelImpl.checkConnect(Native Method)
	at sun.nio.ch.SocketChannelImpl.finishConnect(SocketChannelImpl.java:714)
	at net.spy.memcached.MemcachedConnection.handleIO(MemcachedConnection.java:691)
	at net.spy.memcached.MemcachedConnection.handleIO(MemcachedConnection.java:450)
	at net.spy.memcached.MemcachedConnection.run(MemcachedConnection.java:1457)
2020-07-30 22:17:14.088 WARN net.spy.memcached.MemcachedConnection:  Closing, and reopening {QA sa=localhost/127.0.0.1:11212, #Rops=0, #Wops=0, #iq=0, topRop=null, topWop=null, toWrite=0, interested=0}, attempt 19.
2020-07-30 22:17:14.093 INFO net.spy.memcached.MemcachedConnection:  Reconnecting {QA sa=localhost/127.0.0.1:11211, #Rops=0, #Wops=0, #iq=0, topRop=null, topWop=null, toWrite=0, interested=0}
2020-07-30 22:17:14.093 INFO net.spy.memcached.MemcachedConnection:  Reconnecting due to failure to connect to {QA sa=localhost/127.0.0.1:11211, #Rops=0, #Wops=0, #iq=0, topRop=null, topWop=null, toWrite=0, interested=0}
java.net.ConnectException: Connection refused
	at sun.nio.ch.SocketChannelImpl.checkConnect(Native Method)
	at sun.nio.ch.SocketChannelImpl.finishConnect(SocketChannelImpl.java:714)
	at net.spy.memcached.MemcachedConnection.handleIO(MemcachedConnection.java:691)
	at net.spy.memcached.MemcachedConnection.handleIO(MemcachedConnection.java:450)
	at net.spy.memcached.MemcachedConnection.run(MemcachedConnection.java:1457)
2020-07-30 22:17:14.093 WARN net.spy.memcached.MemcachedConnection:  Closing, and reopening {QA sa=localhost/127.0.0.1:11211, #Rops=0, #Wops=0, #iq=0, topRop=null, topWop=null, toWrite=0, interested=0}, attempt 19.
]]></system-err>
  </testcase>
  <testcase name="ReadDeleteOnlyモードではない状態でMERGEメソッドが実行された場合はPersoniumCoreExceptionが発生しないこと" classname="io.personium.core.PersoniumReadDeleteModeManagerTest" time="12.003">
    <error message="Server connection error." type="io.personium.core.PersoniumCoreException">io.personium.core.PersoniumCoreException: Server connection error.
	at io.personium.core.PersoniumReadDeleteModeManagerTest.ReadDeleteOnlyモード時にGETメソッドが実行された場合はPersoniumCoreExceptionが発生しないこと(PersoniumReadDeleteModeManagerTest.java:53)
</error>
    <system-out><![CDATA[2020-07-30 22:17:26.718 [main] [INFO ] Timeout waiting for value: waited 12,000 ms. Node status: Connection Status { localhost/127.0.0.1:11211 active: false, authed: true, last read: 180,093 ms ago } - MemcachedClient
net.spy.memcached.OperationTimeoutException: Timeout waiting for value: waited 12,000 ms. Node status: Connection Status { localhost/127.0.0.1:11211 active: false, authed: true, last read: 180,093 ms ago }
	at net.spy.memcached.MemcachedClient.get(MemcachedClient.java:1240)
	at net.spy.memcached.MemcachedClient.get(MemcachedClient.java:1256)
	at io.personium.core.utils.MemcachedClient.get(MemcachedClient.java:77)
	at io.personium.core.model.lock.MemcachedLockManager.doGetReadDeleteOnlyMode(MemcachedLockManager.java:118)
	at io.personium.core.model.lock.ReadDeleteModeLockManager.isReadDeleteOnlyMode(ReadDeleteModeLockManager.java:38)
	at sun.reflect.GeneratedMethodAccessor148.invoke(Unknown Source)
	at sun.reflect.DelegatingMethodAccessorImpl.invoke(DelegatingMethodAccessorImpl.java:43)
	at java.lang.reflect.Method.invoke(Method.java:498)
	at org.powermock.api.mockito.invocation.InvocationFactory$1.call(InvocationFactory.java:55)
	at org.mockito.internal.invocation.RealMethod$FromCallable$1.call(RealMethod.java:40)
	at org.mockito.internal.invocation.RealMethod$FromBehavior.invoke(RealMethod.java:62)
	at org.mockito.internal.invocation.InterceptedInvocation.callRealMethod(InterceptedInvocation.java:152)
	at org.mockito.internal.stubbing.answers.CallsRealMethods.answer(CallsRealMethods.java:43)
	at org.mockito.Answers.answer(Answers.java:100)
	at org.mockito.internal.handler.MockHandlerImpl.handle(MockHandlerImpl.java:103)
	at org.mockito.internal.handler.NullResultGuardian.handle(NullResultGuardian.java:29)
	at org.mockito.internal.handler.InvocationNotifierHandler.handle(InvocationNotifierHandler.java:35)
	at org.powermock.api.mockito.invocation.MockHandlerAdaptor.performIntercept(MockHandlerAdaptor.java:64)
	at org.powermock.api.mockito.invocation.MockitoMethodInvocationControl.invoke(MockitoMethodInvocationControl.java:94)
	at org.powermock.core.MockGateway.doMethodCall(MockGateway.java:186)
	at org.powermock.core.MockGateway.doMethodCall(MockGateway.java:168)
	at org.powermock.core.MockGateway.methodCall(MockGateway.java:145)
	at io.personium.core.model.lock.ReadDeleteModeLockManager.isReadDeleteOnlyMode(ReadDeleteModeLockManager.java)
	at sun.reflect.GeneratedMethodAccessor148.invoke(Unknown Source)
	at sun.reflect.DelegatingMethodAccessorImpl.invoke(DelegatingMethodAccessorImpl.java:43)
	at java.lang.reflect.Method.invoke(Method.java:498)
	at org.powermock.reflect.internal.WhiteboxImpl.performMethodInvocation(WhiteboxImpl.java:1862)
	at org.powermock.reflect.internal.WhiteboxImpl.doInvokeMethod(WhiteboxImpl.java:824)
	at org.powermock.reflect.internal.WhiteboxImpl.invokeMethod(WhiteboxImpl.java:804)
	at org.powermock.reflect.Whitebox.invokeMethod(Whitebox.java:466)
	at org.powermock.api.mockito.PowerMockito.when(PowerMockito.java:401)
	at io.personium.core.PersoniumReadDeleteModeManagerTest.ReadDeleteOnlyモードではない状態でMERGEメソッドが実行された場合はPersoniumCoreExceptionが発生しないこと(PersoniumReadDeleteModeManagerTest.java:259)
	at sun.reflect.NativeMethodAccessorImpl.invoke0(Native Method)
	at sun.reflect.NativeMethodAccessorImpl.invoke(NativeMethodAccessorImpl.java:62)
	at sun.reflect.DelegatingMethodAccessorImpl.invoke(DelegatingMethodAccessorImpl.java:43)
	at java.lang.reflect.Method.invoke(Method.java:498)
	at org.junit.internal.runners.TestMethod.invoke(TestMethod.java:68)
	at org.powermock.modules.junit4.internal.impl.PowerMockJUnit44RunnerDelegateImpl$PowerMockJUnit44MethodRunner.runTestMethod(PowerMockJUnit44RunnerDelegateImpl.java:326)
	at org.junit.internal.runners.MethodRoadie$2.run(MethodRoadie.java:89)
	at org.junit.internal.runners.MethodRoadie.runBeforesThenTestThenAfters(MethodRoadie.java:97)
	at org.powermock.modules.junit4.internal.impl.PowerMockJUnit44RunnerDelegateImpl$PowerMockJUnit44MethodRunner.executeTest(PowerMockJUnit44RunnerDelegateImpl.java:310)
	at org.powermock.modules.junit4.internal.impl.PowerMockJUnit47RunnerDelegateImpl$PowerMockJUnit47MethodRunner.executeTestInSuper(PowerMockJUnit47RunnerDelegateImpl.java:131)
	at org.powermock.modules.junit4.internal.impl.PowerMockJUnit47RunnerDelegateImpl$PowerMockJUnit47MethodRunner.access$100(PowerMockJUnit47RunnerDelegateImpl.java:59)
	at org.powermock.modules.junit4.internal.impl.PowerMockJUnit47RunnerDelegateImpl$PowerMockJUnit47MethodRunner$TestExecutorStatement.evaluate(PowerMockJUnit47RunnerDelegateImpl.java:147)
	at org.powermock.modules.junit4.internal.impl.PowerMockJUnit47RunnerDelegateImpl$PowerMockJUnit47MethodRunner.evaluateStatement(PowerMockJUnit47RunnerDelegateImpl.java:107)
	at org.powermock.modules.junit4.internal.impl.PowerMockJUnit47RunnerDelegateImpl$PowerMockJUnit47MethodRunner.executeTest(PowerMockJUnit47RunnerDelegateImpl.java:82)
	at org.powermock.modules.junit4.internal.impl.PowerMockJUnit44RunnerDelegateImpl$PowerMockJUnit44MethodRunner.runBeforesThenTestThenAfters(PowerMockJUnit44RunnerDelegateImpl.java:298)
	at org.junit.internal.runners.MethodRoadie.runTest(MethodRoadie.java:87)
	at org.junit.internal.runners.MethodRoadie.run(MethodRoadie.java:50)
	at org.powermock.modules.junit4.internal.impl.PowerMockJUnit44RunnerDelegateImpl.invokeTestMethod(PowerMockJUnit44RunnerDelegateImpl.java:218)
	at org.powermock.modules.junit4.internal.impl.PowerMockJUnit44RunnerDelegateImpl.runMethods(PowerMockJUnit44RunnerDelegateImpl.java:160)
	at org.powermock.modules.junit4.internal.impl.PowerMockJUnit44RunnerDelegateImpl$1.run(PowerMockJUnit44RunnerDelegateImpl.java:134)
	at org.junit.internal.runners.ClassRoadie.runUnprotected(ClassRoadie.java:34)
	at org.junit.internal.runners.ClassRoadie.runProtected(ClassRoadie.java:44)
	at org.powermock.modules.junit4.internal.impl.PowerMockJUnit44RunnerDelegateImpl.run(PowerMockJUnit44RunnerDelegateImpl.java:136)
	at org.powermock.modules.junit4.common.internal.impl.JUnit4TestSuiteChunkerImpl.run(JUnit4TestSuiteChunkerImpl.java:117)
	at org.powermock.modules.junit4.common.internal.impl.AbstractCommonPowerMockRunner.run(AbstractCommonPowerMockRunner.java:57)
	at org.powermock.modules.junit4.PowerMockRunner.run(PowerMockRunner.java:59)
	at org.apache.maven.surefire.junit4.JUnit4Provider.execute(JUnit4Provider.java:367)
	at org.apache.maven.surefire.junit4.JUnit4Provider.executeWithRerun(JUnit4Provider.java:274)
	at org.apache.maven.surefire.junit4.JUnit4Provider.executeTestSet(JUnit4Provider.java:238)
	at org.apache.maven.surefire.junit4.JUnit4Provider.invoke(JUnit4Provider.java:161)
	at org.apache.maven.surefire.booter.ForkedBooter.invokeProviderInSameClassLoader(ForkedBooter.java:290)
	at org.apache.maven.surefire.booter.ForkedBooter.runSuitesInProcess(ForkedBooter.java:242)
	at org.apache.maven.surefire.booter.ForkedBooter.main(ForkedBooter.java:121)
Caused by: net.spy.memcached.internal.CheckedOperationTimeoutException: Timed out waiting for operation - failing node: localhost/127.0.0.1:11211
	at net.spy.memcached.internal.OperationFuture.get(OperationFuture.java:167)
	at net.spy.memcached.internal.GetFuture.get(GetFuture.java:69)
	at net.spy.memcached.MemcachedClient.get(MemcachedClient.java:1229)
	... 64 common frames omitted
]]></system-out>
    <system-err><![CDATA[2020-07-30 22:17:14.717 WARN net.spy.memcached.MemcachedConnection:  Could not redistribute to another node, retrying primary node for PcsReadDeleteMode.
2020-07-30 22:17:16.530 INFO net.spy.memcached.MemcachedConnection:  Reconnecting {QA sa=localhost/127.0.0.1:11211, #Rops=0, #Wops=23, #iq=0, topRop=null, topWop=Cmd: get Keys: UnitUserLock-u0_unituserlocktestExp: 0, toWrite=0, interested=0}
2020-07-30 22:17:16.530 INFO net.spy.memcached.MemcachedConnection:  Reconnecting due to failure to connect to {QA sa=localhost/127.0.0.1:11211, #Rops=0, #Wops=23, #iq=0, topRop=null, topWop=Cmd: get Keys: UnitUserLock-u0_unituserlocktestExp: 0, toWrite=0, interested=0}
java.net.ConnectException: Connection refused
	at sun.nio.ch.SocketChannelImpl.checkConnect(Native Method)
	at sun.nio.ch.SocketChannelImpl.finishConnect(SocketChannelImpl.java:714)
	at net.spy.memcached.MemcachedConnection.handleIO(MemcachedConnection.java:691)
	at net.spy.memcached.MemcachedConnection.handleIO(MemcachedConnection.java:450)
	at net.spy.memcached.MemcachedConnection.run(MemcachedConnection.java:1457)
2020-07-30 22:17:16.530 WARN net.spy.memcached.MemcachedConnection:  Closing, and reopening {QA sa=localhost/127.0.0.1:11211, #Rops=0, #Wops=23, #iq=0, topRop=null, topWop=Cmd: get Keys: UnitUserLock-u0_unituserlocktestExp: 0, toWrite=0, interested=0}, attempt 18.
2020-07-30 22:17:16.717 INFO net.spy.memcached.MemcachedConnection:  Reconnecting {QA sa=localhost/127.0.0.1:11212, #Rops=0, #Wops=0, #iq=0, topRop=null, topWop=null, toWrite=0, interested=0}
2020-07-30 22:17:16.717 INFO net.spy.memcached.MemcachedConnection:  Reconnecting due to failure to connect to {QA sa=localhost/127.0.0.1:11212, #Rops=0, #Wops=0, #iq=0, topRop=null, topWop=null, toWrite=0, interested=0}
java.net.ConnectException: Connection refused
	at sun.nio.ch.SocketChannelImpl.checkConnect(Native Method)
	at sun.nio.ch.SocketChannelImpl.finishConnect(SocketChannelImpl.java:714)
	at net.spy.memcached.MemcachedConnection.handleIO(MemcachedConnection.java:691)
	at net.spy.memcached.MemcachedConnection.handleIO(MemcachedConnection.java:450)
	at net.spy.memcached.MemcachedConnection.run(MemcachedConnection.java:1457)
2020-07-30 22:17:16.717 WARN net.spy.memcached.MemcachedConnection:  Closing, and reopening {QA sa=localhost/127.0.0.1:11212, #Rops=0, #Wops=0, #iq=0, topRop=null, topWop=null, toWrite=0, interested=0}, attempt 18.
2020-07-30 22:17:24.689 INFO net.spy.memcached.MemcachedConnection:  Reconnecting {QA sa=localhost/127.0.0.1:11211, #Rops=0, #Wops=15, #iq=0, topRop=null, topWop=Cmd: get Keys: PcsReadDeleteModeExp: 0, toWrite=0, interested=0}
2020-07-30 22:17:24.689 INFO net.spy.memcached.MemcachedConnection:  Reconnecting due to failure to connect to {QA sa=localhost/127.0.0.1:11211, #Rops=0, #Wops=15, #iq=0, topRop=null, topWop=Cmd: get Keys: PcsReadDeleteModeExp: 0, toWrite=0, interested=0}
java.net.ConnectException: Connection refused
	at sun.nio.ch.SocketChannelImpl.checkConnect(Native Method)
	at sun.nio.ch.SocketChannelImpl.finishConnect(SocketChannelImpl.java:714)
	at net.spy.memcached.MemcachedConnection.handleIO(MemcachedConnection.java:691)
	at net.spy.memcached.MemcachedConnection.handleIO(MemcachedConnection.java:450)
	at net.spy.memcached.MemcachedConnection.run(MemcachedConnection.java:1457)
2020-07-30 22:17:24.689 WARN net.spy.memcached.MemcachedConnection:  Closing, and reopening {QA sa=localhost/127.0.0.1:11211, #Rops=0, #Wops=15, #iq=0, topRop=null, topWop=Cmd: get Keys: PcsReadDeleteModeExp: 0, toWrite=0, interested=0}, attempt 9.
2020-07-30 22:17:24.809 INFO net.spy.memcached.MemcachedConnection:  Reconnecting {QA sa=localhost/127.0.0.1:11212, #Rops=0, #Wops=0, #iq=0, topRop=null, topWop=null, toWrite=0, interested=0}
2020-07-30 22:17:24.809 INFO net.spy.memcached.MemcachedConnection:  Reconnecting due to failure to connect to {QA sa=localhost/127.0.0.1:11212, #Rops=0, #Wops=0, #iq=0, topRop=null, topWop=null, toWrite=0, interested=0}
java.net.ConnectException: Connection refused
	at sun.nio.ch.SocketChannelImpl.checkConnect(Native Method)
	at sun.nio.ch.SocketChannelImpl.finishConnect(SocketChannelImpl.java:714)
	at net.spy.memcached.MemcachedConnection.handleIO(MemcachedConnection.java:691)
	at net.spy.memcached.MemcachedConnection.handleIO(MemcachedConnection.java:450)
	at net.spy.memcached.MemcachedConnection.run(MemcachedConnection.java:1457)
2020-07-30 22:17:24.810 WARN net.spy.memcached.MemcachedConnection:  Closing, and reopening {QA sa=localhost/127.0.0.1:11212, #Rops=0, #Wops=0, #iq=0, topRop=null, topWop=null, toWrite=0, interested=0}, attempt 9.
]]></system-err>
  </testcase>
  <testcase name="ReadDeleteOnlyモードではない状態でMKCOLメソッドが実行された場合はPersoniumCoreExceptionが発生しないこと" classname="io.personium.core.PersoniumReadDeleteModeManagerTest" time="12.002">
    <error message="Server connection error." type="io.personium.core.PersoniumCoreException">io.personium.core.PersoniumCoreException: Server connection error.
	at io.personium.core.PersoniumReadDeleteModeManagerTest.ReadDeleteOnlyモード時にGETメソッドが実行された場合はPersoniumCoreExceptionが発生しないこと(PersoniumReadDeleteModeManagerTest.java:53)
</error>
    <system-out><![CDATA[2020-07-30 22:17:38.720 [main] [INFO ] Timeout waiting for value: waited 12,000 ms. Node status: Connection Status { localhost/127.0.0.1:11211 active: false, authed: true, last read: 192,096 ms ago } - MemcachedClient
net.spy.memcached.OperationTimeoutException: Timeout waiting for value: waited 12,000 ms. Node status: Connection Status { localhost/127.0.0.1:11211 active: false, authed: true, last read: 192,096 ms ago }
	at net.spy.memcached.MemcachedClient.get(MemcachedClient.java:1240)
	at net.spy.memcached.MemcachedClient.get(MemcachedClient.java:1256)
	at io.personium.core.utils.MemcachedClient.get(MemcachedClient.java:77)
	at io.personium.core.model.lock.MemcachedLockManager.doGetReadDeleteOnlyMode(MemcachedLockManager.java:118)
	at io.personium.core.model.lock.ReadDeleteModeLockManager.isReadDeleteOnlyMode(ReadDeleteModeLockManager.java:38)
	at sun.reflect.GeneratedMethodAccessor148.invoke(Unknown Source)
	at sun.reflect.DelegatingMethodAccessorImpl.invoke(DelegatingMethodAccessorImpl.java:43)
	at java.lang.reflect.Method.invoke(Method.java:498)
	at org.powermock.api.mockito.invocation.InvocationFactory$1.call(InvocationFactory.java:55)
	at org.mockito.internal.invocation.RealMethod$FromCallable$1.call(RealMethod.java:40)
	at org.mockito.internal.invocation.RealMethod$FromBehavior.invoke(RealMethod.java:62)
	at org.mockito.internal.invocation.InterceptedInvocation.callRealMethod(InterceptedInvocation.java:152)
	at org.mockito.internal.stubbing.answers.CallsRealMethods.answer(CallsRealMethods.java:43)
	at org.mockito.Answers.answer(Answers.java:100)
	at org.mockito.internal.handler.MockHandlerImpl.handle(MockHandlerImpl.java:103)
	at org.mockito.internal.handler.NullResultGuardian.handle(NullResultGuardian.java:29)
	at org.mockito.internal.handler.InvocationNotifierHandler.handle(InvocationNotifierHandler.java:35)
	at org.powermock.api.mockito.invocation.MockHandlerAdaptor.performIntercept(MockHandlerAdaptor.java:64)
	at org.powermock.api.mockito.invocation.MockitoMethodInvocationControl.invoke(MockitoMethodInvocationControl.java:94)
	at org.powermock.core.MockGateway.doMethodCall(MockGateway.java:186)
	at org.powermock.core.MockGateway.doMethodCall(MockGateway.java:168)
	at org.powermock.core.MockGateway.methodCall(MockGateway.java:145)
	at io.personium.core.model.lock.ReadDeleteModeLockManager.isReadDeleteOnlyMode(ReadDeleteModeLockManager.java)
	at sun.reflect.GeneratedMethodAccessor148.invoke(Unknown Source)
	at sun.reflect.DelegatingMethodAccessorImpl.invoke(DelegatingMethodAccessorImpl.java:43)
	at java.lang.reflect.Method.invoke(Method.java:498)
	at org.powermock.reflect.internal.WhiteboxImpl.performMethodInvocation(WhiteboxImpl.java:1862)
	at org.powermock.reflect.internal.WhiteboxImpl.doInvokeMethod(WhiteboxImpl.java:824)
	at org.powermock.reflect.internal.WhiteboxImpl.invokeMethod(WhiteboxImpl.java:804)
	at org.powermock.reflect.Whitebox.invokeMethod(Whitebox.java:466)
	at org.powermock.api.mockito.PowerMockito.when(PowerMockito.java:401)
	at io.personium.core.PersoniumReadDeleteModeManagerTest.ReadDeleteOnlyモードではない状態でMKCOLメソッドが実行された場合はPersoniumCoreExceptionが発生しないこと(PersoniumReadDeleteModeManagerTest.java:276)
	at sun.reflect.NativeMethodAccessorImpl.invoke0(Native Method)
	at sun.reflect.NativeMethodAccessorImpl.invoke(NativeMethodAccessorImpl.java:62)
	at sun.reflect.DelegatingMethodAccessorImpl.invoke(DelegatingMethodAccessorImpl.java:43)
	at java.lang.reflect.Method.invoke(Method.java:498)
	at org.junit.internal.runners.TestMethod.invoke(TestMethod.java:68)
	at org.powermock.modules.junit4.internal.impl.PowerMockJUnit44RunnerDelegateImpl$PowerMockJUnit44MethodRunner.runTestMethod(PowerMockJUnit44RunnerDelegateImpl.java:326)
	at org.junit.internal.runners.MethodRoadie$2.run(MethodRoadie.java:89)
	at org.junit.internal.runners.MethodRoadie.runBeforesThenTestThenAfters(MethodRoadie.java:97)
	at org.powermock.modules.junit4.internal.impl.PowerMockJUnit44RunnerDelegateImpl$PowerMockJUnit44MethodRunner.executeTest(PowerMockJUnit44RunnerDelegateImpl.java:310)
	at org.powermock.modules.junit4.internal.impl.PowerMockJUnit47RunnerDelegateImpl$PowerMockJUnit47MethodRunner.executeTestInSuper(PowerMockJUnit47RunnerDelegateImpl.java:131)
	at org.powermock.modules.junit4.internal.impl.PowerMockJUnit47RunnerDelegateImpl$PowerMockJUnit47MethodRunner.access$100(PowerMockJUnit47RunnerDelegateImpl.java:59)
	at org.powermock.modules.junit4.internal.impl.PowerMockJUnit47RunnerDelegateImpl$PowerMockJUnit47MethodRunner$TestExecutorStatement.evaluate(PowerMockJUnit47RunnerDelegateImpl.java:147)
	at org.powermock.modules.junit4.internal.impl.PowerMockJUnit47RunnerDelegateImpl$PowerMockJUnit47MethodRunner.evaluateStatement(PowerMockJUnit47RunnerDelegateImpl.java:107)
	at org.powermock.modules.junit4.internal.impl.PowerMockJUnit47RunnerDelegateImpl$PowerMockJUnit47MethodRunner.executeTest(PowerMockJUnit47RunnerDelegateImpl.java:82)
	at org.powermock.modules.junit4.internal.impl.PowerMockJUnit44RunnerDelegateImpl$PowerMockJUnit44MethodRunner.runBeforesThenTestThenAfters(PowerMockJUnit44RunnerDelegateImpl.java:298)
	at org.junit.internal.runners.MethodRoadie.runTest(MethodRoadie.java:87)
	at org.junit.internal.runners.MethodRoadie.run(MethodRoadie.java:50)
	at org.powermock.modules.junit4.internal.impl.PowerMockJUnit44RunnerDelegateImpl.invokeTestMethod(PowerMockJUnit44RunnerDelegateImpl.java:218)
	at org.powermock.modules.junit4.internal.impl.PowerMockJUnit44RunnerDelegateImpl.runMethods(PowerMockJUnit44RunnerDelegateImpl.java:160)
	at org.powermock.modules.junit4.internal.impl.PowerMockJUnit44RunnerDelegateImpl$1.run(PowerMockJUnit44RunnerDelegateImpl.java:134)
	at org.junit.internal.runners.ClassRoadie.runUnprotected(ClassRoadie.java:34)
	at org.junit.internal.runners.ClassRoadie.runProtected(ClassRoadie.java:44)
	at org.powermock.modules.junit4.internal.impl.PowerMockJUnit44RunnerDelegateImpl.run(PowerMockJUnit44RunnerDelegateImpl.java:136)
	at org.powermock.modules.junit4.common.internal.impl.JUnit4TestSuiteChunkerImpl.run(JUnit4TestSuiteChunkerImpl.java:117)
	at org.powermock.modules.junit4.common.internal.impl.AbstractCommonPowerMockRunner.run(AbstractCommonPowerMockRunner.java:57)
	at org.powermock.modules.junit4.PowerMockRunner.run(PowerMockRunner.java:59)
	at org.apache.maven.surefire.junit4.JUnit4Provider.execute(JUnit4Provider.java:367)
	at org.apache.maven.surefire.junit4.JUnit4Provider.executeWithRerun(JUnit4Provider.java:274)
	at org.apache.maven.surefire.junit4.JUnit4Provider.executeTestSet(JUnit4Provider.java:238)
	at org.apache.maven.surefire.junit4.JUnit4Provider.invoke(JUnit4Provider.java:161)
	at org.apache.maven.surefire.booter.ForkedBooter.invokeProviderInSameClassLoader(ForkedBooter.java:290)
	at org.apache.maven.surefire.booter.ForkedBooter.runSuitesInProcess(ForkedBooter.java:242)
	at org.apache.maven.surefire.booter.ForkedBooter.main(ForkedBooter.java:121)
Caused by: net.spy.memcached.internal.CheckedOperationTimeoutException: Timed out waiting for operation - failing node: localhost/127.0.0.1:11211
	at net.spy.memcached.internal.OperationFuture.get(OperationFuture.java:167)
	at net.spy.memcached.internal.GetFuture.get(GetFuture.java:69)
	at net.spy.memcached.MemcachedClient.get(MemcachedClient.java:1229)
	... 64 common frames omitted
]]></system-out>
    <system-err><![CDATA[2020-07-30 22:17:26.720 WARN net.spy.memcached.MemcachedConnection:  Could not redistribute to another node, retrying primary node for PcsReadDeleteMode.
2020-07-30 22:17:36.637 INFO net.spy.memcached.MemcachedConnection:  Reconnecting {QA sa=localhost/127.0.0.1:11212, #Rops=0, #Wops=0, #iq=0, topRop=null, topWop=null, toWrite=0, interested=0}
2020-07-30 22:17:36.637 INFO net.spy.memcached.MemcachedConnection:  Reconnecting due to failure to connect to {QA sa=localhost/127.0.0.1:11212, #Rops=0, #Wops=0, #iq=0, topRop=null, topWop=null, toWrite=0, interested=0}
java.net.ConnectException: Connection refused
	at sun.nio.ch.SocketChannelImpl.checkConnect(Native Method)
	at sun.nio.ch.SocketChannelImpl.finishConnect(SocketChannelImpl.java:714)
	at net.spy.memcached.MemcachedConnection.handleIO(MemcachedConnection.java:691)
	at net.spy.memcached.MemcachedConnection.handleIO(MemcachedConnection.java:450)
	at net.spy.memcached.MemcachedConnection.run(MemcachedConnection.java:1457)
2020-07-30 22:17:36.637 WARN net.spy.memcached.MemcachedConnection:  Closing, and reopening {QA sa=localhost/127.0.0.1:11212, #Rops=0, #Wops=0, #iq=0, topRop=null, topWop=null, toWrite=0, interested=0}, attempt 20.
2020-07-30 22:17:38.223 INFO net.spy.memcached.MemcachedConnection:  Reconnecting {QA sa=localhost/127.0.0.1:11212, #Rops=0, #Wops=0, #iq=0, topRop=null, topWop=null, toWrite=0, interested=0}
2020-07-30 22:17:38.223 INFO net.spy.memcached.MemcachedConnection:  Reconnecting due to failure to connect to {QA sa=localhost/127.0.0.1:11212, #Rops=0, #Wops=0, #iq=0, topRop=null, topWop=null, toWrite=0, interested=0}
java.net.ConnectException: Connection refused
	at sun.nio.ch.SocketChannelImpl.checkConnect(Native Method)
	at sun.nio.ch.SocketChannelImpl.finishConnect(SocketChannelImpl.java:714)
	at net.spy.memcached.MemcachedConnection.handleIO(MemcachedConnection.java:691)
	at net.spy.memcached.MemcachedConnection.handleIO(MemcachedConnection.java:450)
	at net.spy.memcached.MemcachedConnection.run(MemcachedConnection.java:1457)
2020-07-30 22:17:38.224 WARN net.spy.memcached.MemcachedConnection:  Closing, and reopening {QA sa=localhost/127.0.0.1:11212, #Rops=0, #Wops=0, #iq=0, topRop=null, topWop=null, toWrite=0, interested=0}, attempt 20.
2020-07-30 22:17:38.226 INFO net.spy.memcached.MemcachedConnection:  Reconnecting {QA sa=localhost/127.0.0.1:11211, #Rops=0, #Wops=0, #iq=0, topRop=null, topWop=null, toWrite=0, interested=0}
2020-07-30 22:17:38.226 INFO net.spy.memcached.MemcachedConnection:  Reconnecting due to failure to connect to {QA sa=localhost/127.0.0.1:11211, #Rops=0, #Wops=0, #iq=0, topRop=null, topWop=null, toWrite=0, interested=0}
java.net.ConnectException: Connection refused
	at sun.nio.ch.SocketChannelImpl.checkConnect(Native Method)
	at sun.nio.ch.SocketChannelImpl.finishConnect(SocketChannelImpl.java:714)
	at net.spy.memcached.MemcachedConnection.handleIO(MemcachedConnection.java:691)
	at net.spy.memcached.MemcachedConnection.handleIO(MemcachedConnection.java:450)
	at net.spy.memcached.MemcachedConnection.run(MemcachedConnection.java:1457)
2020-07-30 22:17:38.226 WARN net.spy.memcached.MemcachedConnection:  Closing, and reopening {QA sa=localhost/127.0.0.1:11211, #Rops=0, #Wops=0, #iq=0, topRop=null, topWop=null, toWrite=0, interested=0}, attempt 20.
]]></system-err>
  </testcase>
  <testcase name="ReadDeleteOnlyモードではない状態でPROPPATCHメソッドが実行された場合はPersoniumCoreExceptionが発生しないこと" classname="io.personium.core.PersoniumReadDeleteModeManagerTest" time="12.006">
    <error message="Server connection error." type="io.personium.core.PersoniumCoreException">io.personium.core.PersoniumCoreException: Server connection error.
	at io.personium.core.PersoniumReadDeleteModeManagerTest.ReadDeleteOnlyモード時にGETメソッドが実行された場合はPersoniumCoreExceptionが発生しないこと(PersoniumReadDeleteModeManagerTest.java:53)
</error>
    <system-out><![CDATA[2020-07-30 22:17:50.723 [main] [INFO ] Timeout waiting for value: waited 12,000 ms. Node status: Connection Status { localhost/127.0.0.1:11211 active: false, authed: true, last read: 204,098 ms ago } - MemcachedClient
net.spy.memcached.OperationTimeoutException: Timeout waiting for value: waited 12,000 ms. Node status: Connection Status { localhost/127.0.0.1:11211 active: false, authed: true, last read: 204,098 ms ago }
	at net.spy.memcached.MemcachedClient.get(MemcachedClient.java:1240)
	at net.spy.memcached.MemcachedClient.get(MemcachedClient.java:1256)
	at io.personium.core.utils.MemcachedClient.get(MemcachedClient.java:77)
	at io.personium.core.model.lock.MemcachedLockManager.doGetReadDeleteOnlyMode(MemcachedLockManager.java:118)
	at io.personium.core.model.lock.ReadDeleteModeLockManager.isReadDeleteOnlyMode(ReadDeleteModeLockManager.java:38)
	at sun.reflect.GeneratedMethodAccessor148.invoke(Unknown Source)
	at sun.reflect.DelegatingMethodAccessorImpl.invoke(DelegatingMethodAccessorImpl.java:43)
	at java.lang.reflect.Method.invoke(Method.java:498)
	at org.powermock.api.mockito.invocation.InvocationFactory$1.call(InvocationFactory.java:55)
	at org.mockito.internal.invocation.RealMethod$FromCallable$1.call(RealMethod.java:40)
	at org.mockito.internal.invocation.RealMethod$FromBehavior.invoke(RealMethod.java:62)
	at org.mockito.internal.invocation.InterceptedInvocation.callRealMethod(InterceptedInvocation.java:152)
	at org.mockito.internal.stubbing.answers.CallsRealMethods.answer(CallsRealMethods.java:43)
	at org.mockito.Answers.answer(Answers.java:100)
	at org.mockito.internal.handler.MockHandlerImpl.handle(MockHandlerImpl.java:103)
	at org.mockito.internal.handler.NullResultGuardian.handle(NullResultGuardian.java:29)
	at org.mockito.internal.handler.InvocationNotifierHandler.handle(InvocationNotifierHandler.java:35)
	at org.powermock.api.mockito.invocation.MockHandlerAdaptor.performIntercept(MockHandlerAdaptor.java:64)
	at org.powermock.api.mockito.invocation.MockitoMethodInvocationControl.invoke(MockitoMethodInvocationControl.java:94)
	at org.powermock.core.MockGateway.doMethodCall(MockGateway.java:186)
	at org.powermock.core.MockGateway.doMethodCall(MockGateway.java:168)
	at org.powermock.core.MockGateway.methodCall(MockGateway.java:145)
	at io.personium.core.model.lock.ReadDeleteModeLockManager.isReadDeleteOnlyMode(ReadDeleteModeLockManager.java)
	at sun.reflect.GeneratedMethodAccessor148.invoke(Unknown Source)
	at sun.reflect.DelegatingMethodAccessorImpl.invoke(DelegatingMethodAccessorImpl.java:43)
	at java.lang.reflect.Method.invoke(Method.java:498)
	at org.powermock.reflect.internal.WhiteboxImpl.performMethodInvocation(WhiteboxImpl.java:1862)
	at org.powermock.reflect.internal.WhiteboxImpl.doInvokeMethod(WhiteboxImpl.java:824)
	at org.powermock.reflect.internal.WhiteboxImpl.invokeMethod(WhiteboxImpl.java:804)
	at org.powermock.reflect.Whitebox.invokeMethod(Whitebox.java:466)
	at org.powermock.api.mockito.PowerMockito.when(PowerMockito.java:401)
	at io.personium.core.PersoniumReadDeleteModeManagerTest.ReadDeleteOnlyモードではない状態でPROPPATCHメソッドが実行された場合はPersoniumCoreExceptionが発生しないこと(PersoniumReadDeleteModeManagerTest.java:293)
	at sun.reflect.NativeMethodAccessorImpl.invoke0(Native Method)
	at sun.reflect.NativeMethodAccessorImpl.invoke(NativeMethodAccessorImpl.java:62)
	at sun.reflect.DelegatingMethodAccessorImpl.invoke(DelegatingMethodAccessorImpl.java:43)
	at java.lang.reflect.Method.invoke(Method.java:498)
	at org.junit.internal.runners.TestMethod.invoke(TestMethod.java:68)
	at org.powermock.modules.junit4.internal.impl.PowerMockJUnit44RunnerDelegateImpl$PowerMockJUnit44MethodRunner.runTestMethod(PowerMockJUnit44RunnerDelegateImpl.java:326)
	at org.junit.internal.runners.MethodRoadie$2.run(MethodRoadie.java:89)
	at org.junit.internal.runners.MethodRoadie.runBeforesThenTestThenAfters(MethodRoadie.java:97)
	at org.powermock.modules.junit4.internal.impl.PowerMockJUnit44RunnerDelegateImpl$PowerMockJUnit44MethodRunner.executeTest(PowerMockJUnit44RunnerDelegateImpl.java:310)
	at org.powermock.modules.junit4.internal.impl.PowerMockJUnit47RunnerDelegateImpl$PowerMockJUnit47MethodRunner.executeTestInSuper(PowerMockJUnit47RunnerDelegateImpl.java:131)
	at org.powermock.modules.junit4.internal.impl.PowerMockJUnit47RunnerDelegateImpl$PowerMockJUnit47MethodRunner.access$100(PowerMockJUnit47RunnerDelegateImpl.java:59)
	at org.powermock.modules.junit4.internal.impl.PowerMockJUnit47RunnerDelegateImpl$PowerMockJUnit47MethodRunner$TestExecutorStatement.evaluate(PowerMockJUnit47RunnerDelegateImpl.java:147)
	at org.powermock.modules.junit4.internal.impl.PowerMockJUnit47RunnerDelegateImpl$PowerMockJUnit47MethodRunner.evaluateStatement(PowerMockJUnit47RunnerDelegateImpl.java:107)
	at org.powermock.modules.junit4.internal.impl.PowerMockJUnit47RunnerDelegateImpl$PowerMockJUnit47MethodRunner.executeTest(PowerMockJUnit47RunnerDelegateImpl.java:82)
	at org.powermock.modules.junit4.internal.impl.PowerMockJUnit44RunnerDelegateImpl$PowerMockJUnit44MethodRunner.runBeforesThenTestThenAfters(PowerMockJUnit44RunnerDelegateImpl.java:298)
	at org.junit.internal.runners.MethodRoadie.runTest(MethodRoadie.java:87)
	at org.junit.internal.runners.MethodRoadie.run(MethodRoadie.java:50)
	at org.powermock.modules.junit4.internal.impl.PowerMockJUnit44RunnerDelegateImpl.invokeTestMethod(PowerMockJUnit44RunnerDelegateImpl.java:218)
	at org.powermock.modules.junit4.internal.impl.PowerMockJUnit44RunnerDelegateImpl.runMethods(PowerMockJUnit44RunnerDelegateImpl.java:160)
	at org.powermock.modules.junit4.internal.impl.PowerMockJUnit44RunnerDelegateImpl$1.run(PowerMockJUnit44RunnerDelegateImpl.java:134)
	at org.junit.internal.runners.ClassRoadie.runUnprotected(ClassRoadie.java:34)
	at org.junit.internal.runners.ClassRoadie.runProtected(ClassRoadie.java:44)
	at org.powermock.modules.junit4.internal.impl.PowerMockJUnit44RunnerDelegateImpl.run(PowerMockJUnit44RunnerDelegateImpl.java:136)
	at org.powermock.modules.junit4.common.internal.impl.JUnit4TestSuiteChunkerImpl.run(JUnit4TestSuiteChunkerImpl.java:117)
	at org.powermock.modules.junit4.common.internal.impl.AbstractCommonPowerMockRunner.run(AbstractCommonPowerMockRunner.java:57)
	at org.powermock.modules.junit4.PowerMockRunner.run(PowerMockRunner.java:59)
	at org.apache.maven.surefire.junit4.JUnit4Provider.execute(JUnit4Provider.java:367)
	at org.apache.maven.surefire.junit4.JUnit4Provider.executeWithRerun(JUnit4Provider.java:274)
	at org.apache.maven.surefire.junit4.JUnit4Provider.executeTestSet(JUnit4Provider.java:238)
	at org.apache.maven.surefire.junit4.JUnit4Provider.invoke(JUnit4Provider.java:161)
	at org.apache.maven.surefire.booter.ForkedBooter.invokeProviderInSameClassLoader(ForkedBooter.java:290)
	at org.apache.maven.surefire.booter.ForkedBooter.runSuitesInProcess(ForkedBooter.java:242)
	at org.apache.maven.surefire.booter.ForkedBooter.main(ForkedBooter.java:121)
Caused by: net.spy.memcached.internal.CheckedOperationTimeoutException: Timed out waiting for operation - failing node: localhost/127.0.0.1:11211
	at net.spy.memcached.internal.OperationFuture.get(OperationFuture.java:167)
	at net.spy.memcached.internal.GetFuture.get(GetFuture.java:69)
	at net.spy.memcached.MemcachedClient.get(MemcachedClient.java:1229)
	... 64 common frames omitted
]]></system-out>
    <system-err><![CDATA[2020-07-30 22:17:38.722 WARN net.spy.memcached.MemcachedConnection:  Could not redistribute to another node, retrying primary node for PcsReadDeleteMode.
2020-07-30 22:17:41.099 INFO net.spy.memcached.MemcachedConnection:  Reconnecting {QA sa=localhost/127.0.0.1:11211, #Rops=0, #Wops=0, #iq=0, topRop=null, topWop=null, toWrite=0, interested=0}
2020-07-30 22:17:41.099 INFO net.spy.memcached.MemcachedConnection:  Reconnecting due to failure to connect to {QA sa=localhost/127.0.0.1:11211, #Rops=0, #Wops=0, #iq=0, topRop=null, topWop=null, toWrite=0, interested=0}
java.net.ConnectException: Connection refused
	at sun.nio.ch.SocketChannelImpl.checkConnect(Native Method)
	at sun.nio.ch.SocketChannelImpl.finishConnect(SocketChannelImpl.java:714)
	at net.spy.memcached.MemcachedConnection.handleIO(MemcachedConnection.java:691)
	at net.spy.memcached.MemcachedConnection.handleIO(MemcachedConnection.java:450)
	at net.spy.memcached.MemcachedConnection.run(MemcachedConnection.java:1457)
2020-07-30 22:17:41.099 WARN net.spy.memcached.MemcachedConnection:  Closing, and reopening {QA sa=localhost/127.0.0.1:11211, #Rops=0, #Wops=0, #iq=0, topRop=null, topWop=null, toWrite=0, interested=0}, attempt 20.
2020-07-30 22:17:41.101 INFO net.spy.memcached.MemcachedConnection:  Reconnecting {QA sa=localhost/127.0.0.1:11212, #Rops=0, #Wops=0, #iq=0, topRop=null, topWop=null, toWrite=0, interested=0}
2020-07-30 22:17:41.101 INFO net.spy.memcached.MemcachedConnection:  Reconnecting due to failure to connect to {QA sa=localhost/127.0.0.1:11212, #Rops=0, #Wops=0, #iq=0, topRop=null, topWop=null, toWrite=0, interested=0}
java.net.ConnectException: Connection refused
	at sun.nio.ch.SocketChannelImpl.checkConnect(Native Method)
	at sun.nio.ch.SocketChannelImpl.finishConnect(SocketChannelImpl.java:714)
	at net.spy.memcached.MemcachedConnection.handleIO(MemcachedConnection.java:691)
	at net.spy.memcached.MemcachedConnection.handleIO(MemcachedConnection.java:450)
	at net.spy.memcached.MemcachedConnection.run(MemcachedConnection.java:1457)
2020-07-30 22:17:41.101 WARN net.spy.memcached.MemcachedConnection:  Closing, and reopening {QA sa=localhost/127.0.0.1:11212, #Rops=0, #Wops=0, #iq=0, topRop=null, topWop=null, toWrite=0, interested=0}, attempt 20.
2020-07-30 22:17:44.117 INFO net.spy.memcached.MemcachedConnection:  Reconnecting {QA sa=localhost/127.0.0.1:11212, #Rops=0, #Wops=0, #iq=0, topRop=null, topWop=null, toWrite=0, interested=0}
2020-07-30 22:17:44.117 INFO net.spy.memcached.MemcachedConnection:  Reconnecting due to failure to connect to {QA sa=localhost/127.0.0.1:11212, #Rops=0, #Wops=0, #iq=0, topRop=null, topWop=null, toWrite=0, interested=0}
java.net.ConnectException: Connection refused
	at sun.nio.ch.SocketChannelImpl.checkConnect(Native Method)
	at sun.nio.ch.SocketChannelImpl.finishConnect(SocketChannelImpl.java:714)
	at net.spy.memcached.MemcachedConnection.handleIO(MemcachedConnection.java:691)
	at net.spy.memcached.MemcachedConnection.handleIO(MemcachedConnection.java:450)
	at net.spy.memcached.MemcachedConnection.run(MemcachedConnection.java:1457)
2020-07-30 22:17:44.117 WARN net.spy.memcached.MemcachedConnection:  Closing, and reopening {QA sa=localhost/127.0.0.1:11212, #Rops=0, #Wops=0, #iq=0, topRop=null, topWop=null, toWrite=0, interested=0}, attempt 20.
2020-07-30 22:17:44.121 INFO net.spy.memcached.MemcachedConnection:  Reconnecting {QA sa=localhost/127.0.0.1:11211, #Rops=0, #Wops=0, #iq=0, topRop=null, topWop=null, toWrite=0, interested=0}
2020-07-30 22:17:44.121 INFO net.spy.memcached.MemcachedConnection:  Reconnecting due to failure to connect to {QA sa=localhost/127.0.0.1:11211, #Rops=0, #Wops=0, #iq=0, topRop=null, topWop=null, toWrite=0, interested=0}
java.net.ConnectException: Connection refused
	at sun.nio.ch.SocketChannelImpl.checkConnect(Native Method)
	at sun.nio.ch.SocketChannelImpl.finishConnect(SocketChannelImpl.java:714)
	at net.spy.memcached.MemcachedConnection.handleIO(MemcachedConnection.java:691)
	at net.spy.memcached.MemcachedConnection.handleIO(MemcachedConnection.java:450)
	at net.spy.memcached.MemcachedConnection.run(MemcachedConnection.java:1457)
2020-07-30 22:17:44.122 WARN net.spy.memcached.MemcachedConnection:  Closing, and reopening {QA sa=localhost/127.0.0.1:11211, #Rops=0, #Wops=0, #iq=0, topRop=null, topWop=null, toWrite=0, interested=0}, attempt 20.
2020-07-30 22:17:46.559 INFO net.spy.memcached.MemcachedConnection:  Reconnecting {QA sa=localhost/127.0.0.1:11211, #Rops=0, #Wops=23, #iq=0, topRop=null, topWop=Cmd: get Keys: UnitUserLock-u0_unituserlocktestExp: 0, toWrite=0, interested=0}
2020-07-30 22:17:46.559 INFO net.spy.memcached.MemcachedConnection:  Reconnecting due to failure to connect to {QA sa=localhost/127.0.0.1:11211, #Rops=0, #Wops=23, #iq=0, topRop=null, topWop=Cmd: get Keys: UnitUserLock-u0_unituserlocktestExp: 0, toWrite=0, interested=0}
java.net.ConnectException: Connection refused
	at sun.nio.ch.SocketChannelImpl.checkConnect(Native Method)
	at sun.nio.ch.SocketChannelImpl.finishConnect(SocketChannelImpl.java:714)
	at net.spy.memcached.MemcachedConnection.handleIO(MemcachedConnection.java:691)
	at net.spy.memcached.MemcachedConnection.handleIO(MemcachedConnection.java:450)
	at net.spy.memcached.MemcachedConnection.run(MemcachedConnection.java:1457)
2020-07-30 22:17:46.559 WARN net.spy.memcached.MemcachedConnection:  Closing, and reopening {QA sa=localhost/127.0.0.1:11211, #Rops=0, #Wops=23, #iq=0, topRop=null, topWop=Cmd: get Keys: UnitUserLock-u0_unituserlocktestExp: 0, toWrite=0, interested=0}, attempt 19.
2020-07-30 22:17:46.745 INFO net.spy.memcached.MemcachedConnection:  Reconnecting {QA sa=localhost/127.0.0.1:11212, #Rops=0, #Wops=0, #iq=0, topRop=null, topWop=null, toWrite=0, interested=0}
2020-07-30 22:17:46.745 INFO net.spy.memcached.MemcachedConnection:  Reconnecting due to failure to connect to {QA sa=localhost/127.0.0.1:11212, #Rops=0, #Wops=0, #iq=0, topRop=null, topWop=null, toWrite=0, interested=0}
java.net.ConnectException: Connection refused
	at sun.nio.ch.SocketChannelImpl.checkConnect(Native Method)
	at sun.nio.ch.SocketChannelImpl.finishConnect(SocketChannelImpl.java:714)
	at net.spy.memcached.MemcachedConnection.handleIO(MemcachedConnection.java:691)
	at net.spy.memcached.MemcachedConnection.handleIO(MemcachedConnection.java:450)
	at net.spy.memcached.MemcachedConnection.run(MemcachedConnection.java:1457)
2020-07-30 22:17:46.745 WARN net.spy.memcached.MemcachedConnection:  Closing, and reopening {QA sa=localhost/127.0.0.1:11212, #Rops=0, #Wops=0, #iq=0, topRop=null, topWop=null, toWrite=0, interested=0}, attempt 19.
]]></system-err>
  </testcase>
  <testcase name="ReadDeleteOnlyモードではない状態でACLメソッドが実行された場合はPersoniumCoreExceptionが発生しないこと" classname="io.personium.core.PersoniumReadDeleteModeManagerTest" time="12.002">
    <error message="Server connection error." type="io.personium.core.PersoniumCoreException">io.personium.core.PersoniumCoreException: Server connection error.
	at io.personium.core.PersoniumReadDeleteModeManagerTest.ReadDeleteOnlyモード時にGETメソッドが実行された場合はPersoniumCoreExceptionが発生しないこと(PersoniumReadDeleteModeManagerTest.java:53)
</error>
    <system-out><![CDATA[2020-07-30 22:18:02.725 [main] [INFO ] Timeout waiting for value: waited 12,000 ms. Node status: Connection Status { localhost/127.0.0.1:11211 active: false, authed: true, last read: 216,101 ms ago } - MemcachedClient
net.spy.memcached.OperationTimeoutException: Timeout waiting for value: waited 12,000 ms. Node status: Connection Status { localhost/127.0.0.1:11211 active: false, authed: true, last read: 216,101 ms ago }
	at net.spy.memcached.MemcachedClient.get(MemcachedClient.java:1240)
	at net.spy.memcached.MemcachedClient.get(MemcachedClient.java:1256)
	at io.personium.core.utils.MemcachedClient.get(MemcachedClient.java:77)
	at io.personium.core.model.lock.MemcachedLockManager.doGetReadDeleteOnlyMode(MemcachedLockManager.java:118)
	at io.personium.core.model.lock.ReadDeleteModeLockManager.isReadDeleteOnlyMode(ReadDeleteModeLockManager.java:38)
	at sun.reflect.GeneratedMethodAccessor148.invoke(Unknown Source)
	at sun.reflect.DelegatingMethodAccessorImpl.invoke(DelegatingMethodAccessorImpl.java:43)
	at java.lang.reflect.Method.invoke(Method.java:498)
	at org.powermock.api.mockito.invocation.InvocationFactory$1.call(InvocationFactory.java:55)
	at org.mockito.internal.invocation.RealMethod$FromCallable$1.call(RealMethod.java:40)
	at org.mockito.internal.invocation.RealMethod$FromBehavior.invoke(RealMethod.java:62)
	at org.mockito.internal.invocation.InterceptedInvocation.callRealMethod(InterceptedInvocation.java:152)
	at org.mockito.internal.stubbing.answers.CallsRealMethods.answer(CallsRealMethods.java:43)
	at org.mockito.Answers.answer(Answers.java:100)
	at org.mockito.internal.handler.MockHandlerImpl.handle(MockHandlerImpl.java:103)
	at org.mockito.internal.handler.NullResultGuardian.handle(NullResultGuardian.java:29)
	at org.mockito.internal.handler.InvocationNotifierHandler.handle(InvocationNotifierHandler.java:35)
	at org.powermock.api.mockito.invocation.MockHandlerAdaptor.performIntercept(MockHandlerAdaptor.java:64)
	at org.powermock.api.mockito.invocation.MockitoMethodInvocationControl.invoke(MockitoMethodInvocationControl.java:94)
	at org.powermock.core.MockGateway.doMethodCall(MockGateway.java:186)
	at org.powermock.core.MockGateway.doMethodCall(MockGateway.java:168)
	at org.powermock.core.MockGateway.methodCall(MockGateway.java:145)
	at io.personium.core.model.lock.ReadDeleteModeLockManager.isReadDeleteOnlyMode(ReadDeleteModeLockManager.java)
	at sun.reflect.GeneratedMethodAccessor148.invoke(Unknown Source)
	at sun.reflect.DelegatingMethodAccessorImpl.invoke(DelegatingMethodAccessorImpl.java:43)
	at java.lang.reflect.Method.invoke(Method.java:498)
	at org.powermock.reflect.internal.WhiteboxImpl.performMethodInvocation(WhiteboxImpl.java:1862)
	at org.powermock.reflect.internal.WhiteboxImpl.doInvokeMethod(WhiteboxImpl.java:824)
	at org.powermock.reflect.internal.WhiteboxImpl.invokeMethod(WhiteboxImpl.java:804)
	at org.powermock.reflect.Whitebox.invokeMethod(Whitebox.java:466)
	at org.powermock.api.mockito.PowerMockito.when(PowerMockito.java:401)
	at io.personium.core.PersoniumReadDeleteModeManagerTest.ReadDeleteOnlyモードではない状態でACLメソッドが実行された場合はPersoniumCoreExceptionが発生しないこと(PersoniumReadDeleteModeManagerTest.java:310)
	at sun.reflect.NativeMethodAccessorImpl.invoke0(Native Method)
	at sun.reflect.NativeMethodAccessorImpl.invoke(NativeMethodAccessorImpl.java:62)
	at sun.reflect.DelegatingMethodAccessorImpl.invoke(DelegatingMethodAccessorImpl.java:43)
	at java.lang.reflect.Method.invoke(Method.java:498)
	at org.junit.internal.runners.TestMethod.invoke(TestMethod.java:68)
	at org.powermock.modules.junit4.internal.impl.PowerMockJUnit44RunnerDelegateImpl$PowerMockJUnit44MethodRunner.runTestMethod(PowerMockJUnit44RunnerDelegateImpl.java:326)
	at org.junit.internal.runners.MethodRoadie$2.run(MethodRoadie.java:89)
	at org.junit.internal.runners.MethodRoadie.runBeforesThenTestThenAfters(MethodRoadie.java:97)
	at org.powermock.modules.junit4.internal.impl.PowerMockJUnit44RunnerDelegateImpl$PowerMockJUnit44MethodRunner.executeTest(PowerMockJUnit44RunnerDelegateImpl.java:310)
	at org.powermock.modules.junit4.internal.impl.PowerMockJUnit47RunnerDelegateImpl$PowerMockJUnit47MethodRunner.executeTestInSuper(PowerMockJUnit47RunnerDelegateImpl.java:131)
	at org.powermock.modules.junit4.internal.impl.PowerMockJUnit47RunnerDelegateImpl$PowerMockJUnit47MethodRunner.access$100(PowerMockJUnit47RunnerDelegateImpl.java:59)
	at org.powermock.modules.junit4.internal.impl.PowerMockJUnit47RunnerDelegateImpl$PowerMockJUnit47MethodRunner$TestExecutorStatement.evaluate(PowerMockJUnit47RunnerDelegateImpl.java:147)
	at org.powermock.modules.junit4.internal.impl.PowerMockJUnit47RunnerDelegateImpl$PowerMockJUnit47MethodRunner.evaluateStatement(PowerMockJUnit47RunnerDelegateImpl.java:107)
	at org.powermock.modules.junit4.internal.impl.PowerMockJUnit47RunnerDelegateImpl$PowerMockJUnit47MethodRunner.executeTest(PowerMockJUnit47RunnerDelegateImpl.java:82)
	at org.powermock.modules.junit4.internal.impl.PowerMockJUnit44RunnerDelegateImpl$PowerMockJUnit44MethodRunner.runBeforesThenTestThenAfters(PowerMockJUnit44RunnerDelegateImpl.java:298)
	at org.junit.internal.runners.MethodRoadie.runTest(MethodRoadie.java:87)
	at org.junit.internal.runners.MethodRoadie.run(MethodRoadie.java:50)
	at org.powermock.modules.junit4.internal.impl.PowerMockJUnit44RunnerDelegateImpl.invokeTestMethod(PowerMockJUnit44RunnerDelegateImpl.java:218)
	at org.powermock.modules.junit4.internal.impl.PowerMockJUnit44RunnerDelegateImpl.runMethods(PowerMockJUnit44RunnerDelegateImpl.java:160)
	at org.powermock.modules.junit4.internal.impl.PowerMockJUnit44RunnerDelegateImpl$1.run(PowerMockJUnit44RunnerDelegateImpl.java:134)
	at org.junit.internal.runners.ClassRoadie.runUnprotected(ClassRoadie.java:34)
	at org.junit.internal.runners.ClassRoadie.runProtected(ClassRoadie.java:44)
	at org.powermock.modules.junit4.internal.impl.PowerMockJUnit44RunnerDelegateImpl.run(PowerMockJUnit44RunnerDelegateImpl.java:136)
	at org.powermock.modules.junit4.common.internal.impl.JUnit4TestSuiteChunkerImpl.run(JUnit4TestSuiteChunkerImpl.java:117)
	at org.powermock.modules.junit4.common.internal.impl.AbstractCommonPowerMockRunner.run(AbstractCommonPowerMockRunner.java:57)
	at org.powermock.modules.junit4.PowerMockRunner.run(PowerMockRunner.java:59)
	at org.apache.maven.surefire.junit4.JUnit4Provider.execute(JUnit4Provider.java:367)
	at org.apache.maven.surefire.junit4.JUnit4Provider.executeWithRerun(JUnit4Provider.java:274)
	at org.apache.maven.surefire.junit4.JUnit4Provider.executeTestSet(JUnit4Provider.java:238)
	at org.apache.maven.surefire.junit4.JUnit4Provider.invoke(JUnit4Provider.java:161)
	at org.apache.maven.surefire.booter.ForkedBooter.invokeProviderInSameClassLoader(ForkedBooter.java:290)
	at org.apache.maven.surefire.booter.ForkedBooter.runSuitesInProcess(ForkedBooter.java:242)
	at org.apache.maven.surefire.booter.ForkedBooter.main(ForkedBooter.java:121)
Caused by: net.spy.memcached.internal.CheckedOperationTimeoutException: Timed out waiting for operation - failing node: localhost/127.0.0.1:11211
	at net.spy.memcached.internal.OperationFuture.get(OperationFuture.java:167)
	at net.spy.memcached.internal.GetFuture.get(GetFuture.java:69)
	at net.spy.memcached.MemcachedClient.get(MemcachedClient.java:1229)
	... 64 common frames omitted
]]></system-out>
    <system-err><![CDATA[2020-07-30 22:17:50.724 WARN net.spy.memcached.MemcachedConnection:  Could not redistribute to another node, retrying primary node for PcsReadDeleteMode.
2020-07-30 22:17:54.693 INFO net.spy.memcached.MemcachedConnection:  Reconnecting {QA sa=localhost/127.0.0.1:11211, #Rops=0, #Wops=18, #iq=0, topRop=null, topWop=Cmd: get Keys: PcsReadDeleteModeExp: 0, toWrite=0, interested=0}
2020-07-30 22:17:54.693 INFO net.spy.memcached.MemcachedConnection:  Reconnecting due to failure to connect to {QA sa=localhost/127.0.0.1:11211, #Rops=0, #Wops=18, #iq=0, topRop=null, topWop=Cmd: get Keys: PcsReadDeleteModeExp: 0, toWrite=0, interested=0}
java.net.ConnectException: Connection refused
	at sun.nio.ch.SocketChannelImpl.checkConnect(Native Method)
	at sun.nio.ch.SocketChannelImpl.finishConnect(SocketChannelImpl.java:714)
	at net.spy.memcached.MemcachedConnection.handleIO(MemcachedConnection.java:691)
	at net.spy.memcached.MemcachedConnection.handleIO(MemcachedConnection.java:450)
	at net.spy.memcached.MemcachedConnection.run(MemcachedConnection.java:1457)
2020-07-30 22:17:54.693 WARN net.spy.memcached.MemcachedConnection:  Closing, and reopening {QA sa=localhost/127.0.0.1:11211, #Rops=0, #Wops=18, #iq=0, topRop=null, topWop=Cmd: get Keys: PcsReadDeleteModeExp: 0, toWrite=0, interested=0}, attempt 10.
2020-07-30 22:17:54.837 INFO net.spy.memcached.MemcachedConnection:  Reconnecting {QA sa=localhost/127.0.0.1:11212, #Rops=0, #Wops=0, #iq=0, topRop=null, topWop=null, toWrite=0, interested=0}
2020-07-30 22:17:54.837 INFO net.spy.memcached.MemcachedConnection:  Reconnecting due to failure to connect to {QA sa=localhost/127.0.0.1:11212, #Rops=0, #Wops=0, #iq=0, topRop=null, topWop=null, toWrite=0, interested=0}
java.net.ConnectException: Connection refused
	at sun.nio.ch.SocketChannelImpl.checkConnect(Native Method)
	at sun.nio.ch.SocketChannelImpl.finishConnect(SocketChannelImpl.java:714)
	at net.spy.memcached.MemcachedConnection.handleIO(MemcachedConnection.java:691)
	at net.spy.memcached.MemcachedConnection.handleIO(MemcachedConnection.java:450)
	at net.spy.memcached.MemcachedConnection.run(MemcachedConnection.java:1457)
2020-07-30 22:17:54.837 WARN net.spy.memcached.MemcachedConnection:  Closing, and reopening {QA sa=localhost/127.0.0.1:11212, #Rops=0, #Wops=0, #iq=0, topRop=null, topWop=null, toWrite=0, interested=0}, attempt 10.
]]></system-err>
  </testcase>
  <testcase name="ReadDeleteOnlyモード時に__tokenに対するPOSTメソッドが実行された場合はPersoniumCoreExceptionが発生しないこと" classname="io.personium.core.PersoniumReadDeleteModeManagerTest" time="12.001">
    <error message="Server connection error." type="io.personium.core.PersoniumCoreException">io.personium.core.PersoniumCoreException: Server connection error.
	at io.personium.core.PersoniumReadDeleteModeManagerTest.ReadDeleteOnlyモード時にGETメソッドが実行された場合はPersoniumCoreExceptionが発生しないこと(PersoniumReadDeleteModeManagerTest.java:53)
</error>
    <system-out><![CDATA[2020-07-30 22:18:14.728 [main] [INFO ] Timeout waiting for value: waited 12,000 ms. Node status: Connection Status { localhost/127.0.0.1:11211 active: false, authed: true, last read: 228,103 ms ago } - MemcachedClient
net.spy.memcached.OperationTimeoutException: Timeout waiting for value: waited 12,000 ms. Node status: Connection Status { localhost/127.0.0.1:11211 active: false, authed: true, last read: 228,103 ms ago }
	at net.spy.memcached.MemcachedClient.get(MemcachedClient.java:1240)
	at net.spy.memcached.MemcachedClient.get(MemcachedClient.java:1256)
	at io.personium.core.utils.MemcachedClient.get(MemcachedClient.java:77)
	at io.personium.core.model.lock.MemcachedLockManager.doGetReadDeleteOnlyMode(MemcachedLockManager.java:118)
	at io.personium.core.model.lock.ReadDeleteModeLockManager.isReadDeleteOnlyMode(ReadDeleteModeLockManager.java:38)
	at sun.reflect.GeneratedMethodAccessor148.invoke(Unknown Source)
	at sun.reflect.DelegatingMethodAccessorImpl.invoke(DelegatingMethodAccessorImpl.java:43)
	at java.lang.reflect.Method.invoke(Method.java:498)
	at org.powermock.api.mockito.invocation.InvocationFactory$1.call(InvocationFactory.java:55)
	at org.mockito.internal.invocation.RealMethod$FromCallable$1.call(RealMethod.java:40)
	at org.mockito.internal.invocation.RealMethod$FromBehavior.invoke(RealMethod.java:62)
	at org.mockito.internal.invocation.InterceptedInvocation.callRealMethod(InterceptedInvocation.java:152)
	at org.mockito.internal.stubbing.answers.CallsRealMethods.answer(CallsRealMethods.java:43)
	at org.mockito.Answers.answer(Answers.java:100)
	at org.mockito.internal.handler.MockHandlerImpl.handle(MockHandlerImpl.java:103)
	at org.mockito.internal.handler.NullResultGuardian.handle(NullResultGuardian.java:29)
	at org.mockito.internal.handler.InvocationNotifierHandler.handle(InvocationNotifierHandler.java:35)
	at org.powermock.api.mockito.invocation.MockHandlerAdaptor.performIntercept(MockHandlerAdaptor.java:64)
	at org.powermock.api.mockito.invocation.MockitoMethodInvocationControl.invoke(MockitoMethodInvocationControl.java:94)
	at org.powermock.core.MockGateway.doMethodCall(MockGateway.java:186)
	at org.powermock.core.MockGateway.doMethodCall(MockGateway.java:168)
	at org.powermock.core.MockGateway.methodCall(MockGateway.java:145)
	at io.personium.core.model.lock.ReadDeleteModeLockManager.isReadDeleteOnlyMode(ReadDeleteModeLockManager.java)
	at sun.reflect.GeneratedMethodAccessor148.invoke(Unknown Source)
	at sun.reflect.DelegatingMethodAccessorImpl.invoke(DelegatingMethodAccessorImpl.java:43)
	at java.lang.reflect.Method.invoke(Method.java:498)
	at org.powermock.reflect.internal.WhiteboxImpl.performMethodInvocation(WhiteboxImpl.java:1862)
	at org.powermock.reflect.internal.WhiteboxImpl.doInvokeMethod(WhiteboxImpl.java:824)
	at org.powermock.reflect.internal.WhiteboxImpl.invokeMethod(WhiteboxImpl.java:804)
	at org.powermock.reflect.Whitebox.invokeMethod(Whitebox.java:466)
	at org.powermock.api.mockito.PowerMockito.when(PowerMockito.java:401)
	at io.personium.core.PersoniumReadDeleteModeManagerTest.ReadDeleteOnlyモード時に__tokenに対するPOSTメソッドが実行された場合はPersoniumCoreExceptionが発生しないこと(PersoniumReadDeleteModeManagerTest.java:327)
	at sun.reflect.NativeMethodAccessorImpl.invoke0(Native Method)
	at sun.reflect.NativeMethodAccessorImpl.invoke(NativeMethodAccessorImpl.java:62)
	at sun.reflect.DelegatingMethodAccessorImpl.invoke(DelegatingMethodAccessorImpl.java:43)
	at java.lang.reflect.Method.invoke(Method.java:498)
	at org.junit.internal.runners.TestMethod.invoke(TestMethod.java:68)
	at org.powermock.modules.junit4.internal.impl.PowerMockJUnit44RunnerDelegateImpl$PowerMockJUnit44MethodRunner.runTestMethod(PowerMockJUnit44RunnerDelegateImpl.java:326)
	at org.junit.internal.runners.MethodRoadie$2.run(MethodRoadie.java:89)
	at org.junit.internal.runners.MethodRoadie.runBeforesThenTestThenAfters(MethodRoadie.java:97)
	at org.powermock.modules.junit4.internal.impl.PowerMockJUnit44RunnerDelegateImpl$PowerMockJUnit44MethodRunner.executeTest(PowerMockJUnit44RunnerDelegateImpl.java:310)
	at org.powermock.modules.junit4.internal.impl.PowerMockJUnit47RunnerDelegateImpl$PowerMockJUnit47MethodRunner.executeTestInSuper(PowerMockJUnit47RunnerDelegateImpl.java:131)
	at org.powermock.modules.junit4.internal.impl.PowerMockJUnit47RunnerDelegateImpl$PowerMockJUnit47MethodRunner.access$100(PowerMockJUnit47RunnerDelegateImpl.java:59)
	at org.powermock.modules.junit4.internal.impl.PowerMockJUnit47RunnerDelegateImpl$PowerMockJUnit47MethodRunner$TestExecutorStatement.evaluate(PowerMockJUnit47RunnerDelegateImpl.java:147)
	at org.powermock.modules.junit4.internal.impl.PowerMockJUnit47RunnerDelegateImpl$PowerMockJUnit47MethodRunner.evaluateStatement(PowerMockJUnit47RunnerDelegateImpl.java:107)
	at org.powermock.modules.junit4.internal.impl.PowerMockJUnit47RunnerDelegateImpl$PowerMockJUnit47MethodRunner.executeTest(PowerMockJUnit47RunnerDelegateImpl.java:82)
	at org.powermock.modules.junit4.internal.impl.PowerMockJUnit44RunnerDelegateImpl$PowerMockJUnit44MethodRunner.runBeforesThenTestThenAfters(PowerMockJUnit44RunnerDelegateImpl.java:298)
	at org.junit.internal.runners.MethodRoadie.runTest(MethodRoadie.java:87)
	at org.junit.internal.runners.MethodRoadie.run(MethodRoadie.java:50)
	at org.powermock.modules.junit4.internal.impl.PowerMockJUnit44RunnerDelegateImpl.invokeTestMethod(PowerMockJUnit44RunnerDelegateImpl.java:218)
	at org.powermock.modules.junit4.internal.impl.PowerMockJUnit44RunnerDelegateImpl.runMethods(PowerMockJUnit44RunnerDelegateImpl.java:160)
	at org.powermock.modules.junit4.internal.impl.PowerMockJUnit44RunnerDelegateImpl$1.run(PowerMockJUnit44RunnerDelegateImpl.java:134)
	at org.junit.internal.runners.ClassRoadie.runUnprotected(ClassRoadie.java:34)
	at org.junit.internal.runners.ClassRoadie.runProtected(ClassRoadie.java:44)
	at org.powermock.modules.junit4.internal.impl.PowerMockJUnit44RunnerDelegateImpl.run(PowerMockJUnit44RunnerDelegateImpl.java:136)
	at org.powermock.modules.junit4.common.internal.impl.JUnit4TestSuiteChunkerImpl.run(JUnit4TestSuiteChunkerImpl.java:117)
	at org.powermock.modules.junit4.common.internal.impl.AbstractCommonPowerMockRunner.run(AbstractCommonPowerMockRunner.java:57)
	at org.powermock.modules.junit4.PowerMockRunner.run(PowerMockRunner.java:59)
	at org.apache.maven.surefire.junit4.JUnit4Provider.execute(JUnit4Provider.java:367)
	at org.apache.maven.surefire.junit4.JUnit4Provider.executeWithRerun(JUnit4Provider.java:274)
	at org.apache.maven.surefire.junit4.JUnit4Provider.executeTestSet(JUnit4Provider.java:238)
	at org.apache.maven.surefire.junit4.JUnit4Provider.invoke(JUnit4Provider.java:161)
	at org.apache.maven.surefire.booter.ForkedBooter.invokeProviderInSameClassLoader(ForkedBooter.java:290)
	at org.apache.maven.surefire.booter.ForkedBooter.runSuitesInProcess(ForkedBooter.java:242)
	at org.apache.maven.surefire.booter.ForkedBooter.main(ForkedBooter.java:121)
Caused by: net.spy.memcached.internal.CheckedOperationTimeoutException: Timed out waiting for operation - failing node: localhost/127.0.0.1:11211
	at net.spy.memcached.internal.OperationFuture.get(OperationFuture.java:167)
	at net.spy.memcached.internal.GetFuture.get(GetFuture.java:69)
	at net.spy.memcached.MemcachedClient.get(MemcachedClient.java:1229)
	... 64 common frames omitted
]]></system-out>
    <system-err><![CDATA[2020-07-30 22:18:02.727 WARN net.spy.memcached.MemcachedConnection:  Could not redistribute to another node, retrying primary node for PcsReadDeleteMode.
2020-07-30 22:18:06.666 INFO net.spy.memcached.MemcachedConnection:  Reconnecting {QA sa=localhost/127.0.0.1:11212, #Rops=0, #Wops=0, #iq=0, topRop=null, topWop=null, toWrite=0, interested=0}
2020-07-30 22:18:06.667 INFO net.spy.memcached.MemcachedConnection:  Reconnecting due to failure to connect to {QA sa=localhost/127.0.0.1:11212, #Rops=0, #Wops=0, #iq=0, topRop=null, topWop=null, toWrite=0, interested=0}
java.net.ConnectException: Connection refused
	at sun.nio.ch.SocketChannelImpl.checkConnect(Native Method)
	at sun.nio.ch.SocketChannelImpl.finishConnect(SocketChannelImpl.java:714)
	at net.spy.memcached.MemcachedConnection.handleIO(MemcachedConnection.java:691)
	at net.spy.memcached.MemcachedConnection.handleIO(MemcachedConnection.java:450)
	at net.spy.memcached.MemcachedConnection.run(MemcachedConnection.java:1457)
2020-07-30 22:18:06.667 WARN net.spy.memcached.MemcachedConnection:  Closing, and reopening {QA sa=localhost/127.0.0.1:11212, #Rops=0, #Wops=0, #iq=0, topRop=null, topWop=null, toWrite=0, interested=0}, attempt 21.
2020-07-30 22:18:08.249 INFO net.spy.memcached.MemcachedConnection:  Reconnecting {QA sa=localhost/127.0.0.1:11212, #Rops=0, #Wops=0, #iq=0, topRop=null, topWop=null, toWrite=0, interested=0}
2020-07-30 22:18:08.249 INFO net.spy.memcached.MemcachedConnection:  Reconnecting {QA sa=localhost/127.0.0.1:11211, #Rops=0, #Wops=0, #iq=0, topRop=null, topWop=null, toWrite=0, interested=0}
2020-07-30 22:18:08.249 INFO net.spy.memcached.MemcachedConnection:  Reconnecting due to failure to connect to {QA sa=localhost/127.0.0.1:11212, #Rops=0, #Wops=0, #iq=0, topRop=null, topWop=null, toWrite=0, interested=0}
java.net.ConnectException: Connection refused
	at sun.nio.ch.SocketChannelImpl.checkConnect(Native Method)
	at sun.nio.ch.SocketChannelImpl.finishConnect(SocketChannelImpl.java:714)
	at net.spy.memcached.MemcachedConnection.handleIO(MemcachedConnection.java:691)
	at net.spy.memcached.MemcachedConnection.handleIO(MemcachedConnection.java:450)
	at net.spy.memcached.MemcachedConnection.run(MemcachedConnection.java:1457)
2020-07-30 22:18:08.249 INFO net.spy.memcached.MemcachedConnection:  Reconnecting due to failure to connect to {QA sa=localhost/127.0.0.1:11211, #Rops=0, #Wops=0, #iq=0, topRop=null, topWop=null, toWrite=0, interested=0}
java.net.ConnectException: Connection refused
	at sun.nio.ch.SocketChannelImpl.checkConnect(Native Method)
	at sun.nio.ch.SocketChannelImpl.finishConnect(SocketChannelImpl.java:714)
	at net.spy.memcached.MemcachedConnection.handleIO(MemcachedConnection.java:691)
	at net.spy.memcached.MemcachedConnection.handleIO(MemcachedConnection.java:450)
	at net.spy.memcached.MemcachedConnection.run(MemcachedConnection.java:1457)
2020-07-30 22:18:08.249 WARN net.spy.memcached.MemcachedConnection:  Closing, and reopening {QA sa=localhost/127.0.0.1:11212, #Rops=0, #Wops=0, #iq=0, topRop=null, topWop=null, toWrite=0, interested=0}, attempt 21.
2020-07-30 22:18:08.249 WARN net.spy.memcached.MemcachedConnection:  Closing, and reopening {QA sa=localhost/127.0.0.1:11211, #Rops=0, #Wops=0, #iq=0, topRop=null, topWop=null, toWrite=0, interested=0}, attempt 21.
2020-07-30 22:18:11.129 INFO net.spy.memcached.MemcachedConnection:  Reconnecting {QA sa=localhost/127.0.0.1:11212, #Rops=0, #Wops=0, #iq=0, topRop=null, topWop=null, toWrite=0, interested=0}
2020-07-30 22:18:11.129 INFO net.spy.memcached.MemcachedConnection:  Reconnecting {QA sa=localhost/127.0.0.1:11211, #Rops=0, #Wops=0, #iq=0, topRop=null, topWop=null, toWrite=0, interested=0}
2020-07-30 22:18:11.129 INFO net.spy.memcached.MemcachedConnection:  Reconnecting due to failure to connect to {QA sa=localhost/127.0.0.1:11212, #Rops=0, #Wops=0, #iq=0, topRop=null, topWop=null, toWrite=0, interested=0}
java.net.ConnectException: Connection refused
	at sun.nio.ch.SocketChannelImpl.checkConnect(Native Method)
	at sun.nio.ch.SocketChannelImpl.finishConnect(SocketChannelImpl.java:714)
	at net.spy.memcached.MemcachedConnection.handleIO(MemcachedConnection.java:691)
	at net.spy.memcached.MemcachedConnection.handleIO(MemcachedConnection.java:450)
	at net.spy.memcached.MemcachedConnection.run(MemcachedConnection.java:1457)
2020-07-30 22:18:11.129 INFO net.spy.memcached.MemcachedConnection:  Reconnecting due to failure to connect to {QA sa=localhost/127.0.0.1:11211, #Rops=0, #Wops=0, #iq=0, topRop=null, topWop=null, toWrite=0, interested=0}
java.net.ConnectException: Connection refused
	at sun.nio.ch.SocketChannelImpl.checkConnect(Native Method)
	at sun.nio.ch.SocketChannelImpl.finishConnect(SocketChannelImpl.java:714)
	at net.spy.memcached.MemcachedConnection.handleIO(MemcachedConnection.java:691)
	at net.spy.memcached.MemcachedConnection.handleIO(MemcachedConnection.java:450)
	at net.spy.memcached.MemcachedConnection.run(MemcachedConnection.java:1457)
2020-07-30 22:18:11.130 WARN net.spy.memcached.MemcachedConnection:  Closing, and reopening {QA sa=localhost/127.0.0.1:11211, #Rops=0, #Wops=0, #iq=0, topRop=null, topWop=null, toWrite=0, interested=0}, attempt 21.
2020-07-30 22:18:11.137 WARN net.spy.memcached.MemcachedConnection:  Closing, and reopening {QA sa=localhost/127.0.0.1:11212, #Rops=0, #Wops=0, #iq=0, topRop=null, topWop=null, toWrite=0, interested=0}, attempt 21.
2020-07-30 22:18:14.147 INFO net.spy.memcached.MemcachedConnection:  Reconnecting {QA sa=localhost/127.0.0.1:11212, #Rops=0, #Wops=0, #iq=0, topRop=null, topWop=null, toWrite=0, interested=0}
2020-07-30 22:18:14.147 INFO net.spy.memcached.MemcachedConnection:  Reconnecting due to failure to connect to {QA sa=localhost/127.0.0.1:11212, #Rops=0, #Wops=0, #iq=0, topRop=null, topWop=null, toWrite=0, interested=0}
java.net.ConnectException: Connection refused
	at sun.nio.ch.SocketChannelImpl.checkConnect(Native Method)
	at sun.nio.ch.SocketChannelImpl.finishConnect(SocketChannelImpl.java:714)
	at net.spy.memcached.MemcachedConnection.handleIO(MemcachedConnection.java:691)
	at net.spy.memcached.MemcachedConnection.handleIO(MemcachedConnection.java:450)
	at net.spy.memcached.MemcachedConnection.run(MemcachedConnection.java:1457)
2020-07-30 22:18:14.148 WARN net.spy.memcached.MemcachedConnection:  Closing, and reopening {QA sa=localhost/127.0.0.1:11212, #Rops=0, #Wops=0, #iq=0, topRop=null, topWop=null, toWrite=0, interested=0}, attempt 21.
2020-07-30 22:18:14.149 INFO net.spy.memcached.MemcachedConnection:  Reconnecting {QA sa=localhost/127.0.0.1:11211, #Rops=0, #Wops=0, #iq=0, topRop=null, topWop=null, toWrite=0, interested=0}
2020-07-30 22:18:14.150 INFO net.spy.memcached.MemcachedConnection:  Reconnecting due to failure to connect to {QA sa=localhost/127.0.0.1:11211, #Rops=0, #Wops=0, #iq=0, topRop=null, topWop=null, toWrite=0, interested=0}
java.net.ConnectException: Connection refused
	at sun.nio.ch.SocketChannelImpl.checkConnect(Native Method)
	at sun.nio.ch.SocketChannelImpl.finishConnect(SocketChannelImpl.java:714)
	at net.spy.memcached.MemcachedConnection.handleIO(MemcachedConnection.java:691)
	at net.spy.memcached.MemcachedConnection.handleIO(MemcachedConnection.java:450)
	at net.spy.memcached.MemcachedConnection.run(MemcachedConnection.java:1457)
2020-07-30 22:18:14.150 WARN net.spy.memcached.MemcachedConnection:  Closing, and reopening {QA sa=localhost/127.0.0.1:11211, #Rops=0, #Wops=0, #iq=0, topRop=null, topWop=null, toWrite=0, interested=0}, attempt 21.
]]></system-err>
  </testcase>
  <testcase name="ReadDeleteOnlyモード時に__authzに対するPOSTメソッドが実行された場合はPersoniumCoreExceptionが発生しないこと" classname="io.personium.core.PersoniumReadDeleteModeManagerTest" time="12.004">
    <error message="Server connection error." type="io.personium.core.PersoniumCoreException">io.personium.core.PersoniumCoreException: Server connection error.
	at io.personium.core.PersoniumReadDeleteModeManagerTest.ReadDeleteOnlyモード時にGETメソッドが実行された場合はPersoniumCoreExceptionが発生しないこと(PersoniumReadDeleteModeManagerTest.java:53)
</error>
    <system-out><![CDATA[2020-07-30 22:18:26.731 [main] [INFO ] Timeout waiting for value: waited 12,000 ms. Node status: Connection Status { localhost/127.0.0.1:11211 active: false, authed: true, last read: 240,106 ms ago } - MemcachedClient
net.spy.memcached.OperationTimeoutException: Timeout waiting for value: waited 12,000 ms. Node status: Connection Status { localhost/127.0.0.1:11211 active: false, authed: true, last read: 240,106 ms ago }
	at net.spy.memcached.MemcachedClient.get(MemcachedClient.java:1240)
	at net.spy.memcached.MemcachedClient.get(MemcachedClient.java:1256)
	at io.personium.core.utils.MemcachedClient.get(MemcachedClient.java:77)
	at io.personium.core.model.lock.MemcachedLockManager.doGetReadDeleteOnlyMode(MemcachedLockManager.java:118)
	at io.personium.core.model.lock.ReadDeleteModeLockManager.isReadDeleteOnlyMode(ReadDeleteModeLockManager.java:38)
	at sun.reflect.GeneratedMethodAccessor148.invoke(Unknown Source)
	at sun.reflect.DelegatingMethodAccessorImpl.invoke(DelegatingMethodAccessorImpl.java:43)
	at java.lang.reflect.Method.invoke(Method.java:498)
	at org.powermock.api.mockito.invocation.InvocationFactory$1.call(InvocationFactory.java:55)
	at org.mockito.internal.invocation.RealMethod$FromCallable$1.call(RealMethod.java:40)
	at org.mockito.internal.invocation.RealMethod$FromBehavior.invoke(RealMethod.java:62)
	at org.mockito.internal.invocation.InterceptedInvocation.callRealMethod(InterceptedInvocation.java:152)
	at org.mockito.internal.stubbing.answers.CallsRealMethods.answer(CallsRealMethods.java:43)
	at org.mockito.Answers.answer(Answers.java:100)
	at org.mockito.internal.handler.MockHandlerImpl.handle(MockHandlerImpl.java:103)
	at org.mockito.internal.handler.NullResultGuardian.handle(NullResultGuardian.java:29)
	at org.mockito.internal.handler.InvocationNotifierHandler.handle(InvocationNotifierHandler.java:35)
	at org.powermock.api.mockito.invocation.MockHandlerAdaptor.performIntercept(MockHandlerAdaptor.java:64)
	at org.powermock.api.mockito.invocation.MockitoMethodInvocationControl.invoke(MockitoMethodInvocationControl.java:94)
	at org.powermock.core.MockGateway.doMethodCall(MockGateway.java:186)
	at org.powermock.core.MockGateway.doMethodCall(MockGateway.java:168)
	at org.powermock.core.MockGateway.methodCall(MockGateway.java:145)
	at io.personium.core.model.lock.ReadDeleteModeLockManager.isReadDeleteOnlyMode(ReadDeleteModeLockManager.java)
	at sun.reflect.GeneratedMethodAccessor148.invoke(Unknown Source)
	at sun.reflect.DelegatingMethodAccessorImpl.invoke(DelegatingMethodAccessorImpl.java:43)
	at java.lang.reflect.Method.invoke(Method.java:498)
	at org.powermock.reflect.internal.WhiteboxImpl.performMethodInvocation(WhiteboxImpl.java:1862)
	at org.powermock.reflect.internal.WhiteboxImpl.doInvokeMethod(WhiteboxImpl.java:824)
	at org.powermock.reflect.internal.WhiteboxImpl.invokeMethod(WhiteboxImpl.java:804)
	at org.powermock.reflect.Whitebox.invokeMethod(Whitebox.java:466)
	at org.powermock.api.mockito.PowerMockito.when(PowerMockito.java:401)
	at io.personium.core.PersoniumReadDeleteModeManagerTest.ReadDeleteOnlyモード時に__authzに対するPOSTメソッドが実行された場合はPersoniumCoreExceptionが発生しないこと(PersoniumReadDeleteModeManagerTest.java:343)
	at sun.reflect.NativeMethodAccessorImpl.invoke0(Native Method)
	at sun.reflect.NativeMethodAccessorImpl.invoke(NativeMethodAccessorImpl.java:62)
	at sun.reflect.DelegatingMethodAccessorImpl.invoke(DelegatingMethodAccessorImpl.java:43)
	at java.lang.reflect.Method.invoke(Method.java:498)
	at org.junit.internal.runners.TestMethod.invoke(TestMethod.java:68)
	at org.powermock.modules.junit4.internal.impl.PowerMockJUnit44RunnerDelegateImpl$PowerMockJUnit44MethodRunner.runTestMethod(PowerMockJUnit44RunnerDelegateImpl.java:326)
	at org.junit.internal.runners.MethodRoadie$2.run(MethodRoadie.java:89)
	at org.junit.internal.runners.MethodRoadie.runBeforesThenTestThenAfters(MethodRoadie.java:97)
	at org.powermock.modules.junit4.internal.impl.PowerMockJUnit44RunnerDelegateImpl$PowerMockJUnit44MethodRunner.executeTest(PowerMockJUnit44RunnerDelegateImpl.java:310)
	at org.powermock.modules.junit4.internal.impl.PowerMockJUnit47RunnerDelegateImpl$PowerMockJUnit47MethodRunner.executeTestInSuper(PowerMockJUnit47RunnerDelegateImpl.java:131)
	at org.powermock.modules.junit4.internal.impl.PowerMockJUnit47RunnerDelegateImpl$PowerMockJUnit47MethodRunner.access$100(PowerMockJUnit47RunnerDelegateImpl.java:59)
	at org.powermock.modules.junit4.internal.impl.PowerMockJUnit47RunnerDelegateImpl$PowerMockJUnit47MethodRunner$TestExecutorStatement.evaluate(PowerMockJUnit47RunnerDelegateImpl.java:147)
	at org.powermock.modules.junit4.internal.impl.PowerMockJUnit47RunnerDelegateImpl$PowerMockJUnit47MethodRunner.evaluateStatement(PowerMockJUnit47RunnerDelegateImpl.java:107)
	at org.powermock.modules.junit4.internal.impl.PowerMockJUnit47RunnerDelegateImpl$PowerMockJUnit47MethodRunner.executeTest(PowerMockJUnit47RunnerDelegateImpl.java:82)
	at org.powermock.modules.junit4.internal.impl.PowerMockJUnit44RunnerDelegateImpl$PowerMockJUnit44MethodRunner.runBeforesThenTestThenAfters(PowerMockJUnit44RunnerDelegateImpl.java:298)
	at org.junit.internal.runners.MethodRoadie.runTest(MethodRoadie.java:87)
	at org.junit.internal.runners.MethodRoadie.run(MethodRoadie.java:50)
	at org.powermock.modules.junit4.internal.impl.PowerMockJUnit44RunnerDelegateImpl.invokeTestMethod(PowerMockJUnit44RunnerDelegateImpl.java:218)
	at org.powermock.modules.junit4.internal.impl.PowerMockJUnit44RunnerDelegateImpl.runMethods(PowerMockJUnit44RunnerDelegateImpl.java:160)
	at org.powermock.modules.junit4.internal.impl.PowerMockJUnit44RunnerDelegateImpl$1.run(PowerMockJUnit44RunnerDelegateImpl.java:134)
	at org.junit.internal.runners.ClassRoadie.runUnprotected(ClassRoadie.java:34)
	at org.junit.internal.runners.ClassRoadie.runProtected(ClassRoadie.java:44)
	at org.powermock.modules.junit4.internal.impl.PowerMockJUnit44RunnerDelegateImpl.run(PowerMockJUnit44RunnerDelegateImpl.java:136)
	at org.powermock.modules.junit4.common.internal.impl.JUnit4TestSuiteChunkerImpl.run(JUnit4TestSuiteChunkerImpl.java:117)
	at org.powermock.modules.junit4.common.internal.impl.AbstractCommonPowerMockRunner.run(AbstractCommonPowerMockRunner.java:57)
	at org.powermock.modules.junit4.PowerMockRunner.run(PowerMockRunner.java:59)
	at org.apache.maven.surefire.junit4.JUnit4Provider.execute(JUnit4Provider.java:367)
	at org.apache.maven.surefire.junit4.JUnit4Provider.executeWithRerun(JUnit4Provider.java:274)
	at org.apache.maven.surefire.junit4.JUnit4Provider.executeTestSet(JUnit4Provider.java:238)
	at org.apache.maven.surefire.junit4.JUnit4Provider.invoke(JUnit4Provider.java:161)
	at org.apache.maven.surefire.booter.ForkedBooter.invokeProviderInSameClassLoader(ForkedBooter.java:290)
	at org.apache.maven.surefire.booter.ForkedBooter.runSuitesInProcess(ForkedBooter.java:242)
	at org.apache.maven.surefire.booter.ForkedBooter.main(ForkedBooter.java:121)
Caused by: net.spy.memcached.internal.CheckedOperationTimeoutException: Timed out waiting for operation - failing node: localhost/127.0.0.1:11211
	at net.spy.memcached.internal.OperationFuture.get(OperationFuture.java:167)
	at net.spy.memcached.internal.GetFuture.get(GetFuture.java:69)
	at net.spy.memcached.MemcachedClient.get(MemcachedClient.java:1229)
	... 64 common frames omitted
]]></system-out>
    <system-err><![CDATA[2020-07-30 22:18:14.730 WARN net.spy.memcached.MemcachedConnection:  Could not redistribute to another node, retrying primary node for PcsReadDeleteMode.
2020-07-30 22:18:16.585 INFO net.spy.memcached.MemcachedConnection:  Reconnecting {QA sa=localhost/127.0.0.1:11211, #Rops=0, #Wops=23, #iq=0, topRop=null, topWop=Cmd: get Keys: UnitUserLock-u0_unituserlocktestExp: 0, toWrite=0, interested=0}
2020-07-30 22:18:16.585 INFO net.spy.memcached.MemcachedConnection:  Reconnecting due to failure to connect to {QA sa=localhost/127.0.0.1:11211, #Rops=0, #Wops=23, #iq=0, topRop=null, topWop=Cmd: get Keys: UnitUserLock-u0_unituserlocktestExp: 0, toWrite=0, interested=0}
java.net.ConnectException: Connection refused
	at sun.nio.ch.SocketChannelImpl.checkConnect(Native Method)
	at sun.nio.ch.SocketChannelImpl.finishConnect(SocketChannelImpl.java:714)
	at net.spy.memcached.MemcachedConnection.handleIO(MemcachedConnection.java:691)
	at net.spy.memcached.MemcachedConnection.handleIO(MemcachedConnection.java:450)
	at net.spy.memcached.MemcachedConnection.run(MemcachedConnection.java:1457)
2020-07-30 22:18:16.585 WARN net.spy.memcached.MemcachedConnection:  Closing, and reopening {QA sa=localhost/127.0.0.1:11211, #Rops=0, #Wops=23, #iq=0, topRop=null, topWop=Cmd: get Keys: UnitUserLock-u0_unituserlocktestExp: 0, toWrite=0, interested=0}, attempt 20.
2020-07-30 22:18:16.773 INFO net.spy.memcached.MemcachedConnection:  Reconnecting {QA sa=localhost/127.0.0.1:11212, #Rops=0, #Wops=0, #iq=0, topRop=null, topWop=null, toWrite=0, interested=0}
2020-07-30 22:18:16.773 INFO net.spy.memcached.MemcachedConnection:  Reconnecting due to failure to connect to {QA sa=localhost/127.0.0.1:11212, #Rops=0, #Wops=0, #iq=0, topRop=null, topWop=null, toWrite=0, interested=0}
java.net.ConnectException: Connection refused
	at sun.nio.ch.SocketChannelImpl.checkConnect(Native Method)
	at sun.nio.ch.SocketChannelImpl.finishConnect(SocketChannelImpl.java:714)
	at net.spy.memcached.MemcachedConnection.handleIO(MemcachedConnection.java:691)
	at net.spy.memcached.MemcachedConnection.handleIO(MemcachedConnection.java:450)
	at net.spy.memcached.MemcachedConnection.run(MemcachedConnection.java:1457)
2020-07-30 22:18:16.774 WARN net.spy.memcached.MemcachedConnection:  Closing, and reopening {QA sa=localhost/127.0.0.1:11212, #Rops=0, #Wops=0, #iq=0, topRop=null, topWop=null, toWrite=0, interested=0}, attempt 20.
2020-07-30 22:18:24.702 INFO net.spy.memcached.MemcachedConnection:  Reconnecting {QA sa=localhost/127.0.0.1:11211, #Rops=0, #Wops=20, #iq=0, topRop=null, topWop=Cmd: get Keys: PcsReadDeleteModeExp: 0, toWrite=0, interested=0}
2020-07-30 22:18:24.702 INFO net.spy.memcached.MemcachedConnection:  Reconnecting due to failure to connect to {QA sa=localhost/127.0.0.1:11211, #Rops=0, #Wops=20, #iq=0, topRop=null, topWop=Cmd: get Keys: PcsReadDeleteModeExp: 0, toWrite=0, interested=0}
java.net.ConnectException: Connection refused
	at sun.nio.ch.SocketChannelImpl.checkConnect(Native Method)
	at sun.nio.ch.SocketChannelImpl.finishConnect(SocketChannelImpl.java:714)
	at net.spy.memcached.MemcachedConnection.handleIO(MemcachedConnection.java:691)
	at net.spy.memcached.MemcachedConnection.handleIO(MemcachedConnection.java:450)
	at net.spy.memcached.MemcachedConnection.run(MemcachedConnection.java:1457)
2020-07-30 22:18:24.702 WARN net.spy.memcached.MemcachedConnection:  Closing, and reopening {QA sa=localhost/127.0.0.1:11211, #Rops=0, #Wops=20, #iq=0, topRop=null, topWop=Cmd: get Keys: PcsReadDeleteModeExp: 0, toWrite=0, interested=0}, attempt 11.
2020-07-30 22:18:24.865 INFO net.spy.memcached.MemcachedConnection:  Reconnecting {QA sa=localhost/127.0.0.1:11212, #Rops=0, #Wops=0, #iq=0, topRop=null, topWop=null, toWrite=0, interested=0}
2020-07-30 22:18:24.865 INFO net.spy.memcached.MemcachedConnection:  Reconnecting due to failure to connect to {QA sa=localhost/127.0.0.1:11212, #Rops=0, #Wops=0, #iq=0, topRop=null, topWop=null, toWrite=0, interested=0}
java.net.ConnectException: Connection refused
	at sun.nio.ch.SocketChannelImpl.checkConnect(Native Method)
	at sun.nio.ch.SocketChannelImpl.finishConnect(SocketChannelImpl.java:714)
	at net.spy.memcached.MemcachedConnection.handleIO(MemcachedConnection.java:691)
	at net.spy.memcached.MemcachedConnection.handleIO(MemcachedConnection.java:450)
	at net.spy.memcached.MemcachedConnection.run(MemcachedConnection.java:1457)
2020-07-30 22:18:24.866 WARN net.spy.memcached.MemcachedConnection:  Closing, and reopening {QA sa=localhost/127.0.0.1:11212, #Rops=0, #Wops=0, #iq=0, topRop=null, topWop=null, toWrite=0, interested=0}, attempt 11.
]]></system-err>
  </testcase>
  <testcase name="ReadDeleteOnlyモード時に$batchに対するPOSTメソッドが実行された場合はPersoniumCoreExceptionが発生しないこと" classname="io.personium.core.PersoniumReadDeleteModeManagerTest" time="12">
    <error message="Server connection error." type="io.personium.core.PersoniumCoreException">io.personium.core.PersoniumCoreException: Server connection error.
	at io.personium.core.PersoniumReadDeleteModeManagerTest.ReadDeleteOnlyモード時にGETメソッドが実行された場合はPersoniumCoreExceptionが発生しないこと(PersoniumReadDeleteModeManagerTest.java:53)
</error>
    <system-out><![CDATA[2020-07-30 22:18:38.733 [main] [INFO ] Timeout waiting for value: waited 12,000 ms. Node status: Connection Status { localhost/127.0.0.1:11211 active: false, authed: true, last read: 252,108 ms ago } - MemcachedClient
net.spy.memcached.OperationTimeoutException: Timeout waiting for value: waited 12,000 ms. Node status: Connection Status { localhost/127.0.0.1:11211 active: false, authed: true, last read: 252,108 ms ago }
	at net.spy.memcached.MemcachedClient.get(MemcachedClient.java:1240)
	at net.spy.memcached.MemcachedClient.get(MemcachedClient.java:1256)
	at io.personium.core.utils.MemcachedClient.get(MemcachedClient.java:77)
	at io.personium.core.model.lock.MemcachedLockManager.doGetReadDeleteOnlyMode(MemcachedLockManager.java:118)
	at io.personium.core.model.lock.ReadDeleteModeLockManager.isReadDeleteOnlyMode(ReadDeleteModeLockManager.java:38)
	at sun.reflect.GeneratedMethodAccessor148.invoke(Unknown Source)
	at sun.reflect.DelegatingMethodAccessorImpl.invoke(DelegatingMethodAccessorImpl.java:43)
	at java.lang.reflect.Method.invoke(Method.java:498)
	at org.powermock.api.mockito.invocation.InvocationFactory$1.call(InvocationFactory.java:55)
	at org.mockito.internal.invocation.RealMethod$FromCallable$1.call(RealMethod.java:40)
	at org.mockito.internal.invocation.RealMethod$FromBehavior.invoke(RealMethod.java:62)
	at org.mockito.internal.invocation.InterceptedInvocation.callRealMethod(InterceptedInvocation.java:152)
	at org.mockito.internal.stubbing.answers.CallsRealMethods.answer(CallsRealMethods.java:43)
	at org.mockito.Answers.answer(Answers.java:100)
	at org.mockito.internal.handler.MockHandlerImpl.handle(MockHandlerImpl.java:103)
	at org.mockito.internal.handler.NullResultGuardian.handle(NullResultGuardian.java:29)
	at org.mockito.internal.handler.InvocationNotifierHandler.handle(InvocationNotifierHandler.java:35)
	at org.powermock.api.mockito.invocation.MockHandlerAdaptor.performIntercept(MockHandlerAdaptor.java:64)
	at org.powermock.api.mockito.invocation.MockitoMethodInvocationControl.invoke(MockitoMethodInvocationControl.java:94)
	at org.powermock.core.MockGateway.doMethodCall(MockGateway.java:186)
	at org.powermock.core.MockGateway.doMethodCall(MockGateway.java:168)
	at org.powermock.core.MockGateway.methodCall(MockGateway.java:145)
	at io.personium.core.model.lock.ReadDeleteModeLockManager.isReadDeleteOnlyMode(ReadDeleteModeLockManager.java)
	at sun.reflect.GeneratedMethodAccessor148.invoke(Unknown Source)
	at sun.reflect.DelegatingMethodAccessorImpl.invoke(DelegatingMethodAccessorImpl.java:43)
	at java.lang.reflect.Method.invoke(Method.java:498)
	at org.powermock.reflect.internal.WhiteboxImpl.performMethodInvocation(WhiteboxImpl.java:1862)
	at org.powermock.reflect.internal.WhiteboxImpl.doInvokeMethod(WhiteboxImpl.java:824)
	at org.powermock.reflect.internal.WhiteboxImpl.invokeMethod(WhiteboxImpl.java:804)
	at org.powermock.reflect.Whitebox.invokeMethod(Whitebox.java:466)
	at org.powermock.api.mockito.PowerMockito.when(PowerMockito.java:401)
	at io.personium.core.PersoniumReadDeleteModeManagerTest.ReadDeleteOnlyモード時に$batchに対するPOSTメソッドが実行された場合はPersoniumCoreExceptionが発生しないこと(PersoniumReadDeleteModeManagerTest.java:359)
	at sun.reflect.NativeMethodAccessorImpl.invoke0(Native Method)
	at sun.reflect.NativeMethodAccessorImpl.invoke(NativeMethodAccessorImpl.java:62)
	at sun.reflect.DelegatingMethodAccessorImpl.invoke(DelegatingMethodAccessorImpl.java:43)
	at java.lang.reflect.Method.invoke(Method.java:498)
	at org.junit.internal.runners.TestMethod.invoke(TestMethod.java:68)
	at org.powermock.modules.junit4.internal.impl.PowerMockJUnit44RunnerDelegateImpl$PowerMockJUnit44MethodRunner.runTestMethod(PowerMockJUnit44RunnerDelegateImpl.java:326)
	at org.junit.internal.runners.MethodRoadie$2.run(MethodRoadie.java:89)
	at org.junit.internal.runners.MethodRoadie.runBeforesThenTestThenAfters(MethodRoadie.java:97)
	at org.powermock.modules.junit4.internal.impl.PowerMockJUnit44RunnerDelegateImpl$PowerMockJUnit44MethodRunner.executeTest(PowerMockJUnit44RunnerDelegateImpl.java:310)
	at org.powermock.modules.junit4.internal.impl.PowerMockJUnit47RunnerDelegateImpl$PowerMockJUnit47MethodRunner.executeTestInSuper(PowerMockJUnit47RunnerDelegateImpl.java:131)
	at org.powermock.modules.junit4.internal.impl.PowerMockJUnit47RunnerDelegateImpl$PowerMockJUnit47MethodRunner.access$100(PowerMockJUnit47RunnerDelegateImpl.java:59)
	at org.powermock.modules.junit4.internal.impl.PowerMockJUnit47RunnerDelegateImpl$PowerMockJUnit47MethodRunner$TestExecutorStatement.evaluate(PowerMockJUnit47RunnerDelegateImpl.java:147)
	at org.powermock.modules.junit4.internal.impl.PowerMockJUnit47RunnerDelegateImpl$PowerMockJUnit47MethodRunner.evaluateStatement(PowerMockJUnit47RunnerDelegateImpl.java:107)
	at org.powermock.modules.junit4.internal.impl.PowerMockJUnit47RunnerDelegateImpl$PowerMockJUnit47MethodRunner.executeTest(PowerMockJUnit47RunnerDelegateImpl.java:82)
	at org.powermock.modules.junit4.internal.impl.PowerMockJUnit44RunnerDelegateImpl$PowerMockJUnit44MethodRunner.runBeforesThenTestThenAfters(PowerMockJUnit44RunnerDelegateImpl.java:298)
	at org.junit.internal.runners.MethodRoadie.runTest(MethodRoadie.java:87)
	at org.junit.internal.runners.MethodRoadie.run(MethodRoadie.java:50)
	at org.powermock.modules.junit4.internal.impl.PowerMockJUnit44RunnerDelegateImpl.invokeTestMethod(PowerMockJUnit44RunnerDelegateImpl.java:218)
	at org.powermock.modules.junit4.internal.impl.PowerMockJUnit44RunnerDelegateImpl.runMethods(PowerMockJUnit44RunnerDelegateImpl.java:160)
	at org.powermock.modules.junit4.internal.impl.PowerMockJUnit44RunnerDelegateImpl$1.run(PowerMockJUnit44RunnerDelegateImpl.java:134)
	at org.junit.internal.runners.ClassRoadie.runUnprotected(ClassRoadie.java:34)
	at org.junit.internal.runners.ClassRoadie.runProtected(ClassRoadie.java:44)
	at org.powermock.modules.junit4.internal.impl.PowerMockJUnit44RunnerDelegateImpl.run(PowerMockJUnit44RunnerDelegateImpl.java:136)
	at org.powermock.modules.junit4.common.internal.impl.JUnit4TestSuiteChunkerImpl.run(JUnit4TestSuiteChunkerImpl.java:117)
	at org.powermock.modules.junit4.common.internal.impl.AbstractCommonPowerMockRunner.run(AbstractCommonPowerMockRunner.java:57)
	at org.powermock.modules.junit4.PowerMockRunner.run(PowerMockRunner.java:59)
	at org.apache.maven.surefire.junit4.JUnit4Provider.execute(JUnit4Provider.java:367)
	at org.apache.maven.surefire.junit4.JUnit4Provider.executeWithRerun(JUnit4Provider.java:274)
	at org.apache.maven.surefire.junit4.JUnit4Provider.executeTestSet(JUnit4Provider.java:238)
	at org.apache.maven.surefire.junit4.JUnit4Provider.invoke(JUnit4Provider.java:161)
	at org.apache.maven.surefire.booter.ForkedBooter.invokeProviderInSameClassLoader(ForkedBooter.java:290)
	at org.apache.maven.surefire.booter.ForkedBooter.runSuitesInProcess(ForkedBooter.java:242)
	at org.apache.maven.surefire.booter.ForkedBooter.main(ForkedBooter.java:121)
Caused by: net.spy.memcached.internal.CheckedOperationTimeoutException: Timed out waiting for operation - failing node: localhost/127.0.0.1:11211
	at net.spy.memcached.internal.OperationFuture.get(OperationFuture.java:167)
	at net.spy.memcached.internal.GetFuture.get(GetFuture.java:69)
	at net.spy.memcached.MemcachedClient.get(MemcachedClient.java:1229)
	... 64 common frames omitted
]]></system-out>
    <system-err><![CDATA[2020-07-30 22:18:26.732 WARN net.spy.memcached.MemcachedConnection:  Could not redistribute to another node, retrying primary node for PcsReadDeleteMode.
2020-07-30 22:18:36.697 INFO net.spy.memcached.MemcachedConnection:  Reconnecting {QA sa=localhost/127.0.0.1:11212, #Rops=0, #Wops=0, #iq=0, topRop=null, topWop=null, toWrite=0, interested=0}
2020-07-30 22:18:36.697 INFO net.spy.memcached.MemcachedConnection:  Reconnecting due to failure to connect to {QA sa=localhost/127.0.0.1:11212, #Rops=0, #Wops=0, #iq=0, topRop=null, topWop=null, toWrite=0, interested=0}
java.net.ConnectException: Connection refused
	at sun.nio.ch.SocketChannelImpl.checkConnect(Native Method)
	at sun.nio.ch.SocketChannelImpl.finishConnect(SocketChannelImpl.java:714)
	at net.spy.memcached.MemcachedConnection.handleIO(MemcachedConnection.java:691)
	at net.spy.memcached.MemcachedConnection.handleIO(MemcachedConnection.java:450)
	at net.spy.memcached.MemcachedConnection.run(MemcachedConnection.java:1457)
2020-07-30 22:18:36.697 WARN net.spy.memcached.MemcachedConnection:  Closing, and reopening {QA sa=localhost/127.0.0.1:11212, #Rops=0, #Wops=0, #iq=0, topRop=null, topWop=null, toWrite=0, interested=0}, attempt 22.
2020-07-30 22:18:38.277 INFO net.spy.memcached.MemcachedConnection:  Reconnecting {QA sa=localhost/127.0.0.1:11212, #Rops=0, #Wops=0, #iq=0, topRop=null, topWop=null, toWrite=0, interested=0}
2020-07-30 22:18:38.277 INFO net.spy.memcached.MemcachedConnection:  Reconnecting {QA sa=localhost/127.0.0.1:11211, #Rops=0, #Wops=0, #iq=0, topRop=null, topWop=null, toWrite=0, interested=0}
2020-07-30 22:18:38.277 INFO net.spy.memcached.MemcachedConnection:  Reconnecting due to failure to connect to {QA sa=localhost/127.0.0.1:11212, #Rops=0, #Wops=0, #iq=0, topRop=null, topWop=null, toWrite=0, interested=0}
java.net.ConnectException: Connection refused
	at sun.nio.ch.SocketChannelImpl.checkConnect(Native Method)
	at sun.nio.ch.SocketChannelImpl.finishConnect(SocketChannelImpl.java:714)
	at net.spy.memcached.MemcachedConnection.handleIO(MemcachedConnection.java:691)
	at net.spy.memcached.MemcachedConnection.handleIO(MemcachedConnection.java:450)
	at net.spy.memcached.MemcachedConnection.run(MemcachedConnection.java:1457)
2020-07-30 22:18:38.277 INFO net.spy.memcached.MemcachedConnection:  Reconnecting due to failure to connect to {QA sa=localhost/127.0.0.1:11211, #Rops=0, #Wops=0, #iq=0, topRop=null, topWop=null, toWrite=0, interested=0}
java.net.ConnectException: Connection refused
	at sun.nio.ch.SocketChannelImpl.checkConnect(Native Method)
	at sun.nio.ch.SocketChannelImpl.finishConnect(SocketChannelImpl.java:714)
	at net.spy.memcached.MemcachedConnection.handleIO(MemcachedConnection.java:691)
	at net.spy.memcached.MemcachedConnection.handleIO(MemcachedConnection.java:450)
	at net.spy.memcached.MemcachedConnection.run(MemcachedConnection.java:1457)
2020-07-30 22:18:38.277 WARN net.spy.memcached.MemcachedConnection:  Closing, and reopening {QA sa=localhost/127.0.0.1:11212, #Rops=0, #Wops=0, #iq=0, topRop=null, topWop=null, toWrite=0, interested=0}, attempt 22.
2020-07-30 22:18:38.278 WARN net.spy.memcached.MemcachedConnection:  Closing, and reopening {QA sa=localhost/127.0.0.1:11211, #Rops=0, #Wops=0, #iq=0, topRop=null, topWop=null, toWrite=0, interested=0}, attempt 22.
]]></system-err>
  </testcase>
</testsuite>