<?xml version="1.0" encoding="UTF-8"?>
<testsuite xmlns:xsi="http://www.w3.org/2001/XMLSchema-instance" xsi:schemaLocation="https://maven.apache.org/surefire/maven-surefire-plugin/xsd/surefire-test-report.xsd" name="io.personium.core.bar.BarFileValidateTest" time="0.489" tests="55" errors="0" skipped="1" failures="0">
  <properties>
    <property name="java.runtime.name" value="OpenJDK Runtime Environment"/>
    <property name="sun.boot.library.path" value="/usr/local/openjdk-8/jre/lib/amd64"/>
    <property name="java.vm.version" value="25.262-b10"/>
    <property name="animal.sniffer.skip" value="true"/>
    <property name="java.vm.vendor" value="Oracle Corporation"/>
    <property name="maven.multiModuleProjectDirectory" value="/tmp/tmprq437xsg/personium-core"/>
    <property name="maven.javadoc.skip" value="true"/>
    <property name="java.vendor.url" value="http://java.oracle.com/"/>
    <property name="path.separator" value=":"/>
    <property name="guice.disable.misplaced.annotation.check" value="true"/>
    <property name="java.vm.name" value="OpenJDK 64-Bit Server VM"/>
    <property name="file.encoding.pkg" value="sun.io"/>
    <property name="sun.java.launcher" value="SUN_STANDARD"/>
    <property name="sun.os.patch.level" value="unknown"/>
    <property name="source.skip" value="true"/>
    <property name="java.vm.specification.name" value="Java Virtual Machine Specification"/>
    <property name="user.dir" value="/tmp/tmprq437xsg/personium-core"/>
    <property name="java.runtime.version" value="1.8.0_262-b10"/>
    <property name="java.awt.graphicsenv" value="sun.awt.X11GraphicsEnvironment"/>
    <property name="java.endorsed.dirs" value="/usr/local/openjdk-8/jre/lib/endorsed"/>
    <property name="os.arch" value="amd64"/>
    <property name="java.io.tmpdir" value="/tmp"/>
    <property name="line.separator" value="&#10;"/>
    <property name="java.vm.specification.vendor" value="Oracle Corporation"/>
    <property name="os.name" value="Linux"/>
    <property name="classworlds.conf" value="/usr/share/maven/bin/m2.conf"/>
    <property name="sun.jnu.encoding" value="UTF-8"/>
    <property name="java.library.path" value="/usr/java/packages/lib/amd64:/usr/lib64:/lib64:/lib:/usr/lib"/>
    <property name="license.skip" value="true"/>
    <property name="maven.conf" value="/usr/share/maven/conf"/>
    <property name="java.specification.name" value="Java Platform API Specification"/>
    <property name="java.class.version" value="52.0"/>
    <property name="sun.management.compiler" value="HotSpot 64-Bit Tiered Compilers"/>
    <property name="maven.test.failure.ignore" value="true"/>
    <property name="os.version" value="4.15.0-109-generic"/>
    <property name="library.jansi.path" value="/usr/share/maven/lib/jansi-native"/>
    <property name="user.home" value="/home/jdbl"/>
    <property name="user.timezone" value="Etc/UTC"/>
    <property name="java.awt.printerjob" value="sun.print.PSPrinterJob"/>
    <property name="java.specification.version" value="1.8"/>
    <property name="file.encoding" value="UTF-8"/>
    <property name="user.name" value="jdbl"/>
    <property name="java.class.path" value="/usr/share/maven/boot/plexus-classworlds-2.6.0.jar"/>
    <property name="java.vm.specification.version" value="1.8"/>
    <property name="sun.arch.data.model" value="64"/>
    <property name="java.home" value="/usr/local/openjdk-8/jre"/>
    <property name="sun.java.command" value="org.codehaus.plexus.classworlds.launcher.Launcher test -e --fail-never -ntp -Dmaven.test.failure.ignore=true -B -Dmaven.javadoc.skip=true -Drat.skip=true -Danimal.sniffer.skip=true -Dmaven.javadoc.skip=true -Dlicense.skip=true -Dsource.skip=true"/>
    <property name="java.specification.vendor" value="Oracle Corporation"/>
    <property name="user.language" value="en"/>
    <property name="awt.toolkit" value="sun.awt.X11.XToolkit"/>
    <property name="java.vm.info" value="mixed mode"/>
    <property name="java.version" value="1.8.0_262"/>
    <property name="java.ext.dirs" value="/usr/local/openjdk-8/jre/lib/ext:/usr/java/packages/lib/ext"/>
    <property name="securerandom.source" value="file:/dev/./urandom"/>
    <property name="sun.boot.class.path" value="/usr/local/openjdk-8/jre/lib/resources.jar:/usr/local/openjdk-8/jre/lib/rt.jar:/usr/local/openjdk-8/jre/lib/sunrsasign.jar:/usr/local/openjdk-8/jre/lib/jsse.jar:/usr/local/openjdk-8/jre/lib/jce.jar:/usr/local/openjdk-8/jre/lib/charsets.jar:/usr/local/openjdk-8/jre/lib/jfr.jar:/usr/local/openjdk-8/jre/classes"/>
    <property name="java.vendor" value="Oracle Corporation"/>
    <property name="rat.skip" value="true"/>
    <property name="maven.home" value="/usr/share/maven"/>
    <property name="file.separator" value="/"/>
    <property name="java.vendor.url.bug" value="http://bugreport.sun.com/bugreport/"/>
    <property name="sun.cpu.endian" value="little"/>
    <property name="sun.io.unicode.encoding" value="UnicodeLittle"/>
    <property name="sun.cpu.isalist" value=""/>
  </properties>
  <testcase name="bar_versionを指定しない場合に例外がスローされる" classname="io.personium.core.bar.BarFileValidateTest" time="0.003"/>
  <testcase name="odatarelations_jsonのFromTypeの項目指定なしの場合にnullが返却される" classname="io.personium.core.bar.BarFileValidateTest" time="0.035"/>
  <testcase name="metadata_xmlにEntityTypeの定義がない場合にtrueが返却される" classname="io.personium.core.bar.BarFileValidateTest" time="0.128"/>
  <testcase name="ユーザデータのリンク定義をパースして正常終了" classname="io.personium.core.bar.BarFileValidateTest" time="0.024"/>
  <testcase name="odatarelations_jsonのFromTypeの値がnullの場合にnullが返却される" classname="io.personium.core.bar.BarFileValidateTest" time="0.012"/>
  <testcase name="DefaultPathを指定しない場合に例外がスローされる" classname="io.personium.core.bar.BarFileValidateTest" time="0"/>
  <testcase name="HREFタグが複数存在する場合にfalseが返される" classname="io.personium.core.bar.BarFileValidateTest" time="0"/>
  <testcase name="odatarelations_jsonのJSONパースエラーの場合にnullが返却される" classname="io.personium.core.bar.BarFileValidateTest" time="0.009"/>
  <testcase name="metadata_xmlのAssociationEndにRole属性がない場合にfalseが返却される" classname="io.personium.core.bar.BarFileValidateTest" time="0.005"/>
  <testcase name="正しいRootPropsを与えた場合に復帰値trueで正常終了する" classname="io.personium.core.bar.BarFileValidateTest" time="0">
    <skipped/>
  </testcase>
  <testcase name="metadata_xmlのAssociationにName属性値が空文字の場合にfalseが返却される" classname="io.personium.core.bar.BarFileValidateTest" time="0.047"/>
  <testcase name="metadata_xmlのAssociationEndにType属性がない場合にfalseが返却される" classname="io.personium.core.bar.BarFileValidateTest" time="0.005"/>
  <testcase name="バリデートテスト_70_link_jsonに必須項目以外がある場合_JsonMappingExceptionが返却されること" classname="io.personium.core.bar.BarFileValidateTest" time="0.008"/>
  <testcase name="schemaを指定しない場合にJSONManifestオブジェクトが返却される" classname="io.personium.core.bar.BarFileValidateTest" time="0.001"/>
  <testcase name="metadata_xmlのPropertyにNullable属性値が空文字の場合にfalseが返却される" classname="io.personium.core.bar.BarFileValidateTest" time="0.013"/>
  <testcase name="metadata_xmlのEntityTypeにName属性がない場合にfalseが返却される" classname="io.personium.core.bar.BarFileValidateTest" time="0.005"/>
  <testcase name="バリデートテスト_30_extRole_jsonに_relation_Nameがない場合_PersoniumCoreExceptionが返却されること" classname="io.personium.core.bar.BarFileValidateTest" time="0"/>
  <testcase name="metadata_xmlのComplexTypeにName属性がない場合にfalseが返却される" classname="io.personium.core.bar.BarFileValidateTest" time="0.017"/>
  <testcase name="metadata_xmlのPropertyのComplexTypeが存在しない場合にfalseが返却される" classname="io.personium.core.bar.BarFileValidateTest" time="0.006"/>
  <testcase name="metadata_xmlのEntityTypeにName属性値が空文字の場合にfalseが返却される" classname="io.personium.core.bar.BarFileValidateTest" time="0.005"/>
  <testcase name="barファイルのファイルサイズ上限値を超えた場合に例外が発生すること" classname="io.personium.core.bar.BarFileValidateTest" time="0"/>
  <testcase name="metadata_xmlのPropertyにNullable属性値が不正の場合にfalseが返却される" classname="io.personium.core.bar.BarFileValidateTest" time="0.01"/>
  <testcase name="metadata_xmlのComplexPropertyにNullable属性値が不正の場合にfalseが返却される" classname="io.personium.core.bar.BarFileValidateTest" time="0.01"/>
  <testcase name="metadata_xmlのComplexPropertyにType属性値が不正の場合にfalseが返却される" classname="io.personium.core.bar.BarFileValidateTest" time="0.007"/>
  <testcase name="バリデートテスト_10_relations_jsonの内容が異なるファイルである場合_PersoniumCoreExceptionが返却されること" classname="io.personium.core.bar.BarFileValidateTest" time="0"/>
  <testcase name="metadata_xmlのAssociationEndにMultiplicity属性値が不正の場合にfalseが返却される" classname="io.personium.core.bar.BarFileValidateTest" time="0.006"/>
  <testcase name="box_versionを指定しない場合に例外がスローされる" classname="io.personium.core.bar.BarFileValidateTest" time="0"/>
  <testcase name="metadata_xmlのComplexTypePropertyのComplexTypeが循環参照の場合にfalseが返却される" classname="io.personium.core.bar.BarFileValidateTest" time="0.028"/>
  <testcase name="metadata_xmlのAssociationEndにRole属性値が不正の場合にfalseが返却される" classname="io.personium.core.bar.BarFileValidateTest" time="0.009"/>
  <testcase name="metadata_xmlのAssociationEndにType属性値が不正の場合にfalseが返却される" classname="io.personium.core.bar.BarFileValidateTest" time="0.005"/>
  <testcase name="管理情報のリンク定義をパースして正常終了" classname="io.personium.core.bar.BarFileValidateTest" time="0"/>
  <testcase name="metadata_xmlのComplexPropertyにNullable属性値が空文字の場合にfalseが返却される" classname="io.personium.core.bar.BarFileValidateTest" time="0.006"/>
  <testcase name="バリデートテスト_30_extRole_jsonに必須項目以外がある場合_JsonMappingExceptionが返却されること" classname="io.personium.core.bar.BarFileValidateTest" time="0"/>
  <testcase name="barファイル内エントリのファイルサイズ上限値を超えた場合に例外が発生すること" classname="io.personium.core.bar.BarFileValidateTest" time="0.001"/>
  <testcase name="metadata_xmlに不正な名前のタグがある場合にtrueが返却される" classname="io.personium.core.bar.BarFileValidateTest" time="0.001"/>
  <testcase name="metadata_xmlのAssociationにName属性がない場合にfalseが返却される" classname="io.personium.core.bar.BarFileValidateTest" time="0.007"/>
  <testcase name="正しいJSONデータを与えてJSONManifestオブジェクトが返却される" classname="io.personium.core.bar.BarFileValidateTest" time="0"/>
  <testcase name="DefaultPathにnullを指定した場合に例外がスローされる" classname="io.personium.core.bar.BarFileValidateTest" time="0"/>
  <testcase name="metadata_xmlのPropertyにType属性値が不正の場合にfalseが返却される" classname="io.personium.core.bar.BarFileValidateTest" time="0.009"/>
  <testcase name="不正なキーの存在するJSONデータを与えた場合に例外がスローされる" classname="io.personium.core.bar.BarFileValidateTest" time="0"/>
  <testcase name="バリデートテスト_10_relations_jsonが配列形式でない場合_PersoniumCoreExceptionが返却されること" classname="io.personium.core.bar.BarFileValidateTest" time="0"/>
  <testcase name="metadata_xmlのAssociationEndにMultiplicity属性値が空文字の場合にfalseが返却される" classname="io.personium.core.bar.BarFileValidateTest" time="0.005"/>
  <testcase name="バリデートテスト_70_link_jsonに必須項目がない場合_PersoniumCoreExceptionが返却されること" classname="io.personium.core.bar.BarFileValidateTest" time="0.01"/>
  <testcase name="バリデートテスト_10_relations_jsonに必須項目以外がある場合_JsonMappingExceptionが返却されること" classname="io.personium.core.bar.BarFileValidateTest" time="0.003"/>
  <testcase name="バリデートテスト_10_relations_jsonの配列内がオブジェクトでない場合_PersoniumCoreExceptionが返却されること" classname="io.personium.core.bar.BarFileValidateTest" time="0"/>
  <testcase name="不正なRootPropsを与えた場合にfalseが返される" classname="io.personium.core.bar.BarFileValidateTest" time="0.021"/>
  <testcase name="metadata_xmlのAssociationEndにMultiplicity属性がない場合にfalseが返却される" classname="io.personium.core.bar.BarFileValidateTest" time="0.005"/>
  <testcase name="バリデートテスト_30_extRole_jsonにExtRoleUrlがない場合_JsonMappingExceptionが返却されること" classname="io.personium.core.bar.BarFileValidateTest" time="0"/>
  <testcase name="metadata_xmlのAssociationEndにRole属性値が空文字の場合にfalseが返却される" classname="io.personium.core.bar.BarFileValidateTest" time="0.005"/>
  <testcase name="metadata_xmlのComplexTypeにName属性値が空文字の場合にfalseが返却される" classname="io.personium.core.bar.BarFileValidateTest" time="0.005"/>
  <testcase name="metadata_xmlのAssociationEndにType属性値が空文字の場合にfalseが返却される" classname="io.personium.core.bar.BarFileValidateTest" time="0.006"/>
  <testcase name="不正なCollection種別が存在する場合にfalseが返される" classname="io.personium.core.bar.BarFileValidateTest" time="0"/>
  <testcase name="metadata_xmlのComplexTypePropertyのComplexTypeが存在しない場合にfalseが返却される" classname="io.personium.core.bar.BarFileValidateTest" time="0.005"/>
  <testcase name="バリデートテスト_70_link_jsonのToTypeにAccount_ExtCell_Boxを指定した場合_PersoniumCoreExceptionが返却されること" classname="io.personium.core.bar.BarFileValidateTest" time="0"/>
  <testcase name="バリデートテスト_20_role_jsonに必須項目以外がある場合_JsonMappingExceptionが返却されること" classname="io.personium.core.bar.BarFileValidateTest" time="0"/>
</testsuite>