<?xml version="1.0" encoding="UTF-8"?>
<testsuite xmlns:xsi="http://www.w3.org/2001/XMLSchema-instance" xsi:schemaLocation="https://maven.apache.org/surefire/maven-surefire-plugin/xsd/surefire-test-report.xsd" name="org.threeten.extra.scale.TestUtcInstant" time="0.092" tests="144" errors="0" skipped="0" failures="0">
  <properties>
    <property name="java.runtime.name" value="OpenJDK Runtime Environment"/>
    <property name="sun.boot.library.path" value="/usr/local/openjdk-8/jre/lib/amd64"/>
    <property name="java.vm.version" value="25.262-b10"/>
    <property name="animal.sniffer.skip" value="true"/>
    <property name="java.vm.vendor" value="Oracle Corporation"/>
    <property name="maven.multiModuleProjectDirectory" value="/tmp/tmpykopg0s2/threeten-extra"/>
    <property name="maven.javadoc.skip" value="true"/>
    <property name="java.vendor.url" value="http://java.oracle.com/"/>
    <property name="path.separator" value=":"/>
    <property name="guice.disable.misplaced.annotation.check" value="true"/>
    <property name="java.vm.name" value="OpenJDK 64-Bit Server VM"/>
    <property name="file.encoding.pkg" value="sun.io"/>
    <property name="sun.java.launcher" value="SUN_STANDARD"/>
    <property name="sun.os.patch.level" value="unknown"/>
    <property name="source.skip" value="true"/>
    <property name="java.vm.specification.name" value="Java Virtual Machine Specification"/>
    <property name="user.dir" value="/tmp/tmpykopg0s2/threeten-extra"/>
    <property name="java.runtime.version" value="1.8.0_262-b10"/>
    <property name="java.awt.graphicsenv" value="sun.awt.X11GraphicsEnvironment"/>
    <property name="java.endorsed.dirs" value="/usr/local/openjdk-8/jre/lib/endorsed"/>
    <property name="os.arch" value="amd64"/>
    <property name="java.io.tmpdir" value="/tmp"/>
    <property name="line.separator" value="&#10;"/>
    <property name="java.vm.specification.vendor" value="Oracle Corporation"/>
    <property name="os.name" value="Linux"/>
    <property name="classworlds.conf" value="/usr/share/maven/bin/m2.conf"/>
    <property name="sun.jnu.encoding" value="UTF-8"/>
    <property name="java.library.path" value="/usr/java/packages/lib/amd64:/usr/lib64:/lib64:/lib:/usr/lib"/>
    <property name="license.skip" value="true"/>
    <property name="maven.conf" value="/usr/share/maven/conf"/>
    <property name="java.specification.name" value="Java Platform API Specification"/>
    <property name="java.class.version" value="52.0"/>
    <property name="sun.management.compiler" value="HotSpot 64-Bit Tiered Compilers"/>
    <property name="maven.test.failure.ignore" value="true"/>
    <property name="os.version" value="4.15.0-109-generic"/>
    <property name="library.jansi.path" value="/usr/share/maven/lib/jansi-native"/>
    <property name="user.home" value="/home/jdbl"/>
    <property name="user.timezone" value="Etc/UTC"/>
    <property name="java.awt.printerjob" value="sun.print.PSPrinterJob"/>
    <property name="java.specification.version" value="1.8"/>
    <property name="file.encoding" value="UTF-8"/>
    <property name="user.name" value="jdbl"/>
    <property name="java.class.path" value="/usr/share/maven/boot/plexus-classworlds-2.6.0.jar"/>
    <property name="java.vm.specification.version" value="1.8"/>
    <property name="sun.arch.data.model" value="64"/>
    <property name="java.home" value="/usr/local/openjdk-8/jre"/>
    <property name="sun.java.command" value="org.codehaus.plexus.classworlds.launcher.Launcher test -e --fail-never -ntp -Dmaven.test.failure.ignore=true -B -Dmaven.javadoc.skip=true -Drat.skip=true -Danimal.sniffer.skip=true -Dmaven.javadoc.skip=true -Dlicense.skip=true -Dsource.skip=true"/>
    <property name="java.specification.vendor" value="Oracle Corporation"/>
    <property name="user.language" value="en"/>
    <property name="awt.toolkit" value="sun.awt.X11.XToolkit"/>
    <property name="java.vm.info" value="mixed mode"/>
    <property name="java.version" value="1.8.0_262"/>
    <property name="java.ext.dirs" value="/usr/local/openjdk-8/jre/lib/ext:/usr/java/packages/lib/ext"/>
    <property name="securerandom.source" value="file:/dev/./urandom"/>
    <property name="sun.boot.class.path" value="/usr/local/openjdk-8/jre/lib/resources.jar:/usr/local/openjdk-8/jre/lib/rt.jar:/usr/local/openjdk-8/jre/lib/sunrsasign.jar:/usr/local/openjdk-8/jre/lib/jsse.jar:/usr/local/openjdk-8/jre/lib/jce.jar:/usr/local/openjdk-8/jre/lib/charsets.jar:/usr/local/openjdk-8/jre/lib/jfr.jar:/usr/local/openjdk-8/jre/classes"/>
    <property name="java.vendor" value="Oracle Corporation"/>
    <property name="rat.skip" value="true"/>
    <property name="maven.home" value="/usr/share/maven"/>
    <property name="file.separator" value="/"/>
    <property name="java.vendor.url.bug" value="http://bugreport.sun.com/bugreport/"/>
    <property name="sun.cpu.endian" value="little"/>
    <property name="sun.io.unicode.encoding" value="UnicodeLittle"/>
    <property name="sun.cpu.isalist" value=""/>
  </properties>
  <testcase name="factory_ofModifiedJulianDay_long_long_nanosNegative" classname="org.threeten.extra.scale.TestUtcInstant" time="0"/>
  <testcase name="test_withNanoOfDay[0: 0, 12345, 1, 0, 1]" classname="org.threeten.extra.scale.TestUtcInstant" time="0"/>
  <testcase name="test_withNanoOfDay[1: 0, 12345, -1, &lt;null&gt;, &lt;null&gt;]" classname="org.threeten.extra.scale.TestUtcInstant" time="0"/>
  <testcase name="test_withNanoOfDay[2: 7, 12345, 2, 7, 2]" classname="org.threeten.extra.scale.TestUtcInstant" time="0"/>
  <testcase name="test_withNanoOfDay[3: -99, 12345, 3, -99, 3]" classname="org.threeten.extra.scale.TestUtcInstant" time="0"/>
  <testcase name="test_withNanoOfDay[4: 41681, 86399999999999, 86399999999999, 41681, 86399999999999]" classname="org.threeten.extra.scale.TestUtcInstant" time="0"/>
  <testcase name="test_withNanoOfDay[5: 41682, 86399999999999, 86399999999999, 41682, 86399999999999]" classname="org.threeten.extra.scale.TestUtcInstant" time="0"/>
  <testcase name="test_withNanoOfDay[6: 41683, 86399999999999, 86399999999999, 41683, 86399999999999]" classname="org.threeten.extra.scale.TestUtcInstant" time="0"/>
  <testcase name="test_withNanoOfDay[7: 41681, 86399999999999, 86400000000000, &lt;null&gt;, &lt;null&gt;]" classname="org.threeten.extra.scale.TestUtcInstant" time="0"/>
  <testcase name="test_withNanoOfDay[8: 41682, 86399999999999, 86400000000000, 41682, 86400000000000]" classname="org.threeten.extra.scale.TestUtcInstant" time="0"/>
  <testcase name="test_withNanoOfDay[9: 41683, 86399999999999, 86400000000000, &lt;null&gt;, &lt;null&gt;]" classname="org.threeten.extra.scale.TestUtcInstant" time="0"/>
  <testcase name="test_withNanoOfDay[10: 41681, 86399999999999, 86400999999999, &lt;null&gt;, &lt;null&gt;]" classname="org.threeten.extra.scale.TestUtcInstant" time="0"/>
  <testcase name="test_withNanoOfDay[11: 41682, 86399999999999, 86400999999999, 41682, 86400999999999]" classname="org.threeten.extra.scale.TestUtcInstant" time="0"/>
  <testcase name="test_withNanoOfDay[12: 41683, 86399999999999, 86400999999999, &lt;null&gt;, &lt;null&gt;]" classname="org.threeten.extra.scale.TestUtcInstant" time="0"/>
  <testcase name="test_withNanoOfDay[13: 41681, 86399999999999, 86401000000000, &lt;null&gt;, &lt;null&gt;]" classname="org.threeten.extra.scale.TestUtcInstant" time="0"/>
  <testcase name="test_withNanoOfDay[14: 41682, 86399999999999, 86401000000000, &lt;null&gt;, &lt;null&gt;]" classname="org.threeten.extra.scale.TestUtcInstant" time="0"/>
  <testcase name="test_withNanoOfDay[15: 41683, 86399999999999, 86401000000000, &lt;null&gt;, &lt;null&gt;]" classname="org.threeten.extra.scale.TestUtcInstant" time="0"/>
  <testcase name="factory_ofModifiedJulianDay_long_long_nanosTooBig_leap" classname="org.threeten.extra.scale.TestUtcInstant" time="0"/>
  <testcase name="test_minus_overflowTooBig" classname="org.threeten.extra.scale.TestUtcInstant" time="0"/>
  <testcase name="factory_parse_CharSequence_invalidLeapSecond" classname="org.threeten.extra.scale.TestUtcInstant" time="0"/>
  <testcase name="factory_of_TaiInstant_null" classname="org.threeten.extra.scale.TestUtcInstant" time="0"/>
  <testcase name="test_toTaiInstant" classname="org.threeten.extra.scale.TestUtcInstant" time="0.014"/>
  <testcase name="factory_of_TaiInstant" classname="org.threeten.extra.scale.TestUtcInstant" time="0.055"/>
  <testcase name="factory_ofModifiedJulianDay_long_long_nanosTooBig_notLeap" classname="org.threeten.extra.scale.TestUtcInstant" time="0"/>
  <testcase name="test_plus[0: 0, 0, -172800, 5, -2, 5]" classname="org.threeten.extra.scale.TestUtcInstant" time="0"/>
  <testcase name="test_plus[1: 0, 0, -86400, 1, -1, 1]" classname="org.threeten.extra.scale.TestUtcInstant" time="0.001"/>
  <testcase name="test_plus[2: 0, 0, -86400, 0, -1, 0]" classname="org.threeten.extra.scale.TestUtcInstant" time="0"/>
  <testcase name="test_plus[3: 0, 0, 0, -2, -1, 86399999999998]" classname="org.threeten.extra.scale.TestUtcInstant" time="0"/>
  <testcase name="test_plus[4: 0, 0, 0, -1, -1, 86399999999999]" classname="org.threeten.extra.scale.TestUtcInstant" time="0"/>
  <testcase name="test_plus[5: 0, 0, 0, 0, 0, 0]" classname="org.threeten.extra.scale.TestUtcInstant" time="0"/>
  <testcase name="test_plus[6: 0, 0, 0, 1, 0, 1]" classname="org.threeten.extra.scale.TestUtcInstant" time="0"/>
  <testcase name="test_plus[7: 0, 0, 0, 2, 0, 2]" classname="org.threeten.extra.scale.TestUtcInstant" time="0"/>
  <testcase name="test_plus[8: 0, 0, 1, 0, 0, 1000000000]" classname="org.threeten.extra.scale.TestUtcInstant" time="0"/>
  <testcase name="test_plus[9: 0, 0, 2, 0, 0, 2000000000]" classname="org.threeten.extra.scale.TestUtcInstant" time="0"/>
  <testcase name="test_plus[10: 0, 0, 3, 333333333, 0, 3333333333]" classname="org.threeten.extra.scale.TestUtcInstant" time="0"/>
  <testcase name="test_plus[11: 0, 0, 86400, 0, 1, 0]" classname="org.threeten.extra.scale.TestUtcInstant" time="0"/>
  <testcase name="test_plus[12: 0, 0, 86400, 1, 1, 1]" classname="org.threeten.extra.scale.TestUtcInstant" time="0"/>
  <testcase name="test_plus[13: 0, 0, 172800, 5, 2, 5]" classname="org.threeten.extra.scale.TestUtcInstant" time="0"/>
  <testcase name="test_plus[14: 1, 0, -172800, 5, -1, 5]" classname="org.threeten.extra.scale.TestUtcInstant" time="0"/>
  <testcase name="test_plus[15: 1, 0, -86400, 1, 0, 1]" classname="org.threeten.extra.scale.TestUtcInstant" time="0"/>
  <testcase name="test_plus[16: 1, 0, -86400, 0, 0, 0]" classname="org.threeten.extra.scale.TestUtcInstant" time="0"/>
  <testcase name="test_plus[17: 1, 0, 0, -2, 0, 86399999999998]" classname="org.threeten.extra.scale.TestUtcInstant" time="0"/>
  <testcase name="test_plus[18: 1, 0, 0, -1, 0, 86399999999999]" classname="org.threeten.extra.scale.TestUtcInstant" time="0"/>
  <testcase name="test_plus[19: 1, 0, 0, 0, 1, 0]" classname="org.threeten.extra.scale.TestUtcInstant" time="0"/>
  <testcase name="test_plus[20: 1, 0, 0, 1, 1, 1]" classname="org.threeten.extra.scale.TestUtcInstant" time="0"/>
  <testcase name="test_plus[21: 1, 0, 0, 2, 1, 2]" classname="org.threeten.extra.scale.TestUtcInstant" time="0"/>
  <testcase name="test_plus[22: 1, 0, 1, 0, 1, 1000000000]" classname="org.threeten.extra.scale.TestUtcInstant" time="0"/>
  <testcase name="test_plus[23: 1, 0, 2, 0, 1, 2000000000]" classname="org.threeten.extra.scale.TestUtcInstant" time="0"/>
  <testcase name="test_plus[24: 1, 0, 3, 333333333, 1, 3333333333]" classname="org.threeten.extra.scale.TestUtcInstant" time="0"/>
  <testcase name="test_plus[25: 1, 0, 86400, 0, 2, 0]" classname="org.threeten.extra.scale.TestUtcInstant" time="0"/>
  <testcase name="test_plus[26: 1, 0, 86400, 1, 2, 1]" classname="org.threeten.extra.scale.TestUtcInstant" time="0"/>
  <testcase name="test_plus[27: 1, 0, 172800, 5, 3, 5]" classname="org.threeten.extra.scale.TestUtcInstant" time="0"/>
  <testcase name="test_hashCode" classname="org.threeten.extra.scale.TestUtcInstant" time="0"/>
  <testcase name="test_durationUntil_oneDayLeapNegative" classname="org.threeten.extra.scale.TestUtcInstant" time="0"/>
  <testcase name="factory_ofModifiedJulianDay_long_long_endLeap" classname="org.threeten.extra.scale.TestUtcInstant" time="0"/>
  <testcase name="test_equals" classname="org.threeten.extra.scale.TestUtcInstant" time="0"/>
  <testcase name="test_equals_null" classname="org.threeten.extra.scale.TestUtcInstant" time="0"/>
  <testcase name="test_durationUntil_oneDayNoLeap" classname="org.threeten.extra.scale.TestUtcInstant" time="0"/>
  <testcase name="factory_parse_CharSequence_null" classname="org.threeten.extra.scale.TestUtcInstant" time="0"/>
  <testcase name="test_comparisons" classname="org.threeten.extra.scale.TestUtcInstant" time="0.001"/>
  <testcase name="test_serialization" classname="org.threeten.extra.scale.TestUtcInstant" time="0"/>
  <testcase name="test_compareToNonUtcInstant" classname="org.threeten.extra.scale.TestUtcInstant" time="0"/>
  <testcase name="factory_parse_CharSequence_invalid[0: &lt;empty string&gt;]" classname="org.threeten.extra.scale.TestUtcInstant" time="0.001"/>
  <testcase name="factory_parse_CharSequence_invalid[1: A]" classname="org.threeten.extra.scale.TestUtcInstant" time="0"/>
  <testcase name="factory_parse_CharSequence_invalid[2: 2012-13-01T00:00:00Z]" classname="org.threeten.extra.scale.TestUtcInstant" time="0"/>
  <testcase name="factory_ofModifiedJulianDay_long_long" classname="org.threeten.extra.scale.TestUtcInstant" time="0"/>
  <testcase name="factory_parse_CharSequence" classname="org.threeten.extra.scale.TestUtcInstant" time="0"/>
  <testcase name="test_minus_overflowTooSmall" classname="org.threeten.extra.scale.TestUtcInstant" time="0"/>
  <testcase name="test_toInstant" classname="org.threeten.extra.scale.TestUtcInstant" time="0.015"/>
  <testcase name="test_durationUntil_oneDayLeap" classname="org.threeten.extra.scale.TestUtcInstant" time="0"/>
  <testcase name="test_compareTo_ObjectNull" classname="org.threeten.extra.scale.TestUtcInstant" time="0"/>
  <testcase name="test_withModifiedJulianDay[0: 0, 12345, 1, 1, 12345]" classname="org.threeten.extra.scale.TestUtcInstant" time="0"/>
  <testcase name="test_withModifiedJulianDay[1: 0, 12345, -1, -1, 12345]" classname="org.threeten.extra.scale.TestUtcInstant" time="0"/>
  <testcase name="test_withModifiedJulianDay[2: 7, 12345, 2, 2, 12345]" classname="org.threeten.extra.scale.TestUtcInstant" time="0"/>
  <testcase name="test_withModifiedJulianDay[3: 7, 12345, -2, -2, 12345]" classname="org.threeten.extra.scale.TestUtcInstant" time="0"/>
  <testcase name="test_withModifiedJulianDay[4: -99, 12345, 3, 3, 12345]" classname="org.threeten.extra.scale.TestUtcInstant" time="0"/>
  <testcase name="test_withModifiedJulianDay[5: -99, 12345, -3, -3, 12345]" classname="org.threeten.extra.scale.TestUtcInstant" time="0"/>
  <testcase name="test_withModifiedJulianDay[6: 41682, 86400000000000, 41681, &lt;null&gt;, &lt;null&gt;]" classname="org.threeten.extra.scale.TestUtcInstant" time="0"/>
  <testcase name="test_withModifiedJulianDay[7: 41682, 86400000000000, 41682, 41682, 86400000000000]" classname="org.threeten.extra.scale.TestUtcInstant" time="0"/>
  <testcase name="test_withModifiedJulianDay[8: 41682, 86400000000000, 41683, &lt;null&gt;, &lt;null&gt;]" classname="org.threeten.extra.scale.TestUtcInstant" time="0"/>
  <testcase name="test_withModifiedJulianDay[9: 41682, 86400000000000, 42047, 42047, 86400000000000]" classname="org.threeten.extra.scale.TestUtcInstant" time="0"/>
  <testcase name="test_plus_overflowTooSmall" classname="org.threeten.extra.scale.TestUtcInstant" time="0"/>
  <testcase name="factory_of_Instant" classname="org.threeten.extra.scale.TestUtcInstant" time="0"/>
  <testcase name="factory_ofModifiedJulianDay_long_long_endNormal" classname="org.threeten.extra.scale.TestUtcInstant" time="0"/>
  <testcase name="test_toString[0: 40587, 0, 1970-01-01T00:00:00Z]" classname="org.threeten.extra.scale.TestUtcInstant" time="0"/>
  <testcase name="test_toString[1: 40588, 1, 1970-01-02T00:00:00.000000001Z]" classname="org.threeten.extra.scale.TestUtcInstant" time="0"/>
  <testcase name="test_toString[2: 40588, 999, 1970-01-02T00:00:00.000000999Z]" classname="org.threeten.extra.scale.TestUtcInstant" time="0"/>
  <testcase name="test_toString[3: 40588, 1000, 1970-01-02T00:00:00.000001Z]" classname="org.threeten.extra.scale.TestUtcInstant" time="0"/>
  <testcase name="test_toString[4: 40588, 999000, 1970-01-02T00:00:00.000999Z]" classname="org.threeten.extra.scale.TestUtcInstant" time="0"/>
  <testcase name="test_toString[5: 40588, 1000000, 1970-01-02T00:00:00.001Z]" classname="org.threeten.extra.scale.TestUtcInstant" time="0"/>
  <testcase name="test_toString[6: 40618, 999999999, 1970-02-01T00:00:00.999999999Z]" classname="org.threeten.extra.scale.TestUtcInstant" time="0"/>
  <testcase name="test_toString[7: 40619, 1000000000, 1970-02-02T00:00:01Z]" classname="org.threeten.extra.scale.TestUtcInstant" time="0"/>
  <testcase name="test_toString[8: 40620, 60000000000, 1970-02-03T00:01:00Z]" classname="org.threeten.extra.scale.TestUtcInstant" time="0"/>
  <testcase name="test_toString[9: 40621, 3600000000000, 1970-02-04T01:00:00Z]" classname="org.threeten.extra.scale.TestUtcInstant" time="0"/>
  <testcase name="test_toString[10: 41682, 86399000000000, 1972-12-31T23:59:59Z]" classname="org.threeten.extra.scale.TestUtcInstant" time="0"/>
  <testcase name="test_toString[11: 41682, 86400000000000, 1972-12-31T23:59:60Z]" classname="org.threeten.extra.scale.TestUtcInstant" time="0"/>
  <testcase name="test_toString[12: 41683, 0, 1973-01-01T00:00:00Z]" classname="org.threeten.extra.scale.TestUtcInstant" time="0"/>
  <testcase name="test_plus_overflowTooBig" classname="org.threeten.extra.scale.TestUtcInstant" time="0"/>
  <testcase name="test_interfaces" classname="org.threeten.extra.scale.TestUtcInstant" time="0"/>
  <testcase name="factory_of_Instant_null" classname="org.threeten.extra.scale.TestUtcInstant" time="0"/>
  <testcase name="test_toString_parse[0: 40587, 0, 1970-01-01T00:00:00Z]" classname="org.threeten.extra.scale.TestUtcInstant" time="0.001"/>
  <testcase name="test_toString_parse[1: 40588, 1, 1970-01-02T00:00:00.000000001Z]" classname="org.threeten.extra.scale.TestUtcInstant" time="0"/>
  <testcase name="test_toString_parse[2: 40588, 999, 1970-01-02T00:00:00.000000999Z]" classname="org.threeten.extra.scale.TestUtcInstant" time="0"/>
  <testcase name="test_toString_parse[3: 40588, 1000, 1970-01-02T00:00:00.000001Z]" classname="org.threeten.extra.scale.TestUtcInstant" time="0"/>
  <testcase name="test_toString_parse[4: 40588, 999000, 1970-01-02T00:00:00.000999Z]" classname="org.threeten.extra.scale.TestUtcInstant" time="0"/>
  <testcase name="test_toString_parse[5: 40588, 1000000, 1970-01-02T00:00:00.001Z]" classname="org.threeten.extra.scale.TestUtcInstant" time="0"/>
  <testcase name="test_toString_parse[6: 40618, 999999999, 1970-02-01T00:00:00.999999999Z]" classname="org.threeten.extra.scale.TestUtcInstant" time="0"/>
  <testcase name="test_toString_parse[7: 40619, 1000000000, 1970-02-02T00:00:01Z]" classname="org.threeten.extra.scale.TestUtcInstant" time="0"/>
  <testcase name="test_toString_parse[8: 40620, 60000000000, 1970-02-03T00:01:00Z]" classname="org.threeten.extra.scale.TestUtcInstant" time="0"/>
  <testcase name="test_toString_parse[9: 40621, 3600000000000, 1970-02-04T01:00:00Z]" classname="org.threeten.extra.scale.TestUtcInstant" time="0"/>
  <testcase name="test_toString_parse[10: 41682, 86399000000000, 1972-12-31T23:59:59Z]" classname="org.threeten.extra.scale.TestUtcInstant" time="0"/>
  <testcase name="test_toString_parse[11: 41682, 86400000000000, 1972-12-31T23:59:60Z]" classname="org.threeten.extra.scale.TestUtcInstant" time="0"/>
  <testcase name="test_toString_parse[12: 41683, 0, 1973-01-01T00:00:00Z]" classname="org.threeten.extra.scale.TestUtcInstant" time="0"/>
  <testcase name="factory_ofModifiedJulianDay_long_long_startLeap" classname="org.threeten.extra.scale.TestUtcInstant" time="0"/>
  <testcase name="test_equals_otherClass" classname="org.threeten.extra.scale.TestUtcInstant" time="0"/>
  <testcase name="test_toTaiInstant_maxInvalid" classname="org.threeten.extra.scale.TestUtcInstant" time="0"/>
  <testcase name="test_minus[0: 0, 0, 172800, -5, -2, 5]" classname="org.threeten.extra.scale.TestUtcInstant" time="0"/>
  <testcase name="test_minus[1: 0, 0, 86400, -1, -1, 1]" classname="org.threeten.extra.scale.TestUtcInstant" time="0"/>
  <testcase name="test_minus[2: 0, 0, 86400, 0, -1, 0]" classname="org.threeten.extra.scale.TestUtcInstant" time="0"/>
  <testcase name="test_minus[3: 0, 0, 0, 2, -1, 86399999999998]" classname="org.threeten.extra.scale.TestUtcInstant" time="0"/>
  <testcase name="test_minus[4: 0, 0, 0, 1, -1, 86399999999999]" classname="org.threeten.extra.scale.TestUtcInstant" time="0"/>
  <testcase name="test_minus[5: 0, 0, 0, 0, 0, 0]" classname="org.threeten.extra.scale.TestUtcInstant" time="0"/>
  <testcase name="test_minus[6: 0, 0, 0, -1, 0, 1]" classname="org.threeten.extra.scale.TestUtcInstant" time="0"/>
  <testcase name="test_minus[7: 0, 0, 0, -2, 0, 2]" classname="org.threeten.extra.scale.TestUtcInstant" time="0"/>
  <testcase name="test_minus[8: 0, 0, -1, 0, 0, 1000000000]" classname="org.threeten.extra.scale.TestUtcInstant" time="0"/>
  <testcase name="test_minus[9: 0, 0, -2, 0, 0, 2000000000]" classname="org.threeten.extra.scale.TestUtcInstant" time="0"/>
  <testcase name="test_minus[10: 0, 0, -3, -333333333, 0, 3333333333]" classname="org.threeten.extra.scale.TestUtcInstant" time="0"/>
  <testcase name="test_minus[11: 0, 0, -86400, 0, 1, 0]" classname="org.threeten.extra.scale.TestUtcInstant" time="0"/>
  <testcase name="test_minus[12: 0, 0, -86400, -1, 1, 1]" classname="org.threeten.extra.scale.TestUtcInstant" time="0"/>
  <testcase name="test_minus[13: 0, 0, -172800, -5, 2, 5]" classname="org.threeten.extra.scale.TestUtcInstant" time="0"/>
  <testcase name="test_minus[14: 1, 0, 172800, -5, -1, 5]" classname="org.threeten.extra.scale.TestUtcInstant" time="0"/>
  <testcase name="test_minus[15: 1, 0, 86400, -1, 0, 1]" classname="org.threeten.extra.scale.TestUtcInstant" time="0"/>
  <testcase name="test_minus[16: 1, 0, 86400, 0, 0, 0]" classname="org.threeten.extra.scale.TestUtcInstant" time="0"/>
  <testcase name="test_minus[17: 1, 0, 0, 2, 0, 86399999999998]" classname="org.threeten.extra.scale.TestUtcInstant" time="0"/>
  <testcase name="test_minus[18: 1, 0, 0, 1, 0, 86399999999999]" classname="org.threeten.extra.scale.TestUtcInstant" time="0"/>
  <testcase name="test_minus[19: 1, 0, 0, 0, 1, 0]" classname="org.threeten.extra.scale.TestUtcInstant" time="0"/>
  <testcase name="test_minus[20: 1, 0, 0, -1, 1, 1]" classname="org.threeten.extra.scale.TestUtcInstant" time="0"/>
  <testcase name="test_minus[21: 1, 0, 0, -2, 1, 2]" classname="org.threeten.extra.scale.TestUtcInstant" time="0"/>
  <testcase name="test_minus[22: 1, 0, -1, 0, 1, 1000000000]" classname="org.threeten.extra.scale.TestUtcInstant" time="0"/>
  <testcase name="test_minus[23: 1, 0, -2, 0, 1, 2000000000]" classname="org.threeten.extra.scale.TestUtcInstant" time="0.001"/>
  <testcase name="test_minus[24: 1, 0, -3, -333333333, 1, 3333333333]" classname="org.threeten.extra.scale.TestUtcInstant" time="0"/>
  <testcase name="test_minus[25: 1, 0, -86400, 0, 2, 0]" classname="org.threeten.extra.scale.TestUtcInstant" time="0"/>
  <testcase name="test_minus[26: 1, 0, -86400, -1, 2, 1]" classname="org.threeten.extra.scale.TestUtcInstant" time="0"/>
  <testcase name="test_minus[27: 1, 0, -172800, -5, 3, 5]" classname="org.threeten.extra.scale.TestUtcInstant" time="0"/>
</testsuite>