<?xml version="1.0" encoding="UTF-8"?>
<testsuite xmlns:xsi="http://www.w3.org/2001/XMLSchema-instance" xsi:schemaLocation="https://maven.apache.org/surefire/maven-surefire-plugin/xsd/surefire-test-report.xsd" name="org.threeten.extra.TestSeconds" time="0.083" tests="201" errors="0" skipped="0" failures="0">
  <properties>
    <property name="java.runtime.name" value="OpenJDK Runtime Environment"/>
    <property name="sun.boot.library.path" value="/usr/local/openjdk-8/jre/lib/amd64"/>
    <property name="java.vm.version" value="25.262-b10"/>
    <property name="animal.sniffer.skip" value="true"/>
    <property name="java.vm.vendor" value="Oracle Corporation"/>
    <property name="maven.multiModuleProjectDirectory" value="/tmp/tmpykopg0s2/threeten-extra"/>
    <property name="maven.javadoc.skip" value="true"/>
    <property name="java.vendor.url" value="http://java.oracle.com/"/>
    <property name="path.separator" value=":"/>
    <property name="guice.disable.misplaced.annotation.check" value="true"/>
    <property name="java.vm.name" value="OpenJDK 64-Bit Server VM"/>
    <property name="file.encoding.pkg" value="sun.io"/>
    <property name="sun.java.launcher" value="SUN_STANDARD"/>
    <property name="sun.os.patch.level" value="unknown"/>
    <property name="source.skip" value="true"/>
    <property name="java.vm.specification.name" value="Java Virtual Machine Specification"/>
    <property name="user.dir" value="/tmp/tmpykopg0s2/threeten-extra"/>
    <property name="java.runtime.version" value="1.8.0_262-b10"/>
    <property name="java.awt.graphicsenv" value="sun.awt.X11GraphicsEnvironment"/>
    <property name="java.endorsed.dirs" value="/usr/local/openjdk-8/jre/lib/endorsed"/>
    <property name="os.arch" value="amd64"/>
    <property name="java.io.tmpdir" value="/tmp"/>
    <property name="line.separator" value="&#10;"/>
    <property name="java.vm.specification.vendor" value="Oracle Corporation"/>
    <property name="os.name" value="Linux"/>
    <property name="classworlds.conf" value="/usr/share/maven/bin/m2.conf"/>
    <property name="sun.jnu.encoding" value="UTF-8"/>
    <property name="java.library.path" value="/usr/java/packages/lib/amd64:/usr/lib64:/lib64:/lib:/usr/lib"/>
    <property name="license.skip" value="true"/>
    <property name="maven.conf" value="/usr/share/maven/conf"/>
    <property name="java.specification.name" value="Java Platform API Specification"/>
    <property name="java.class.version" value="52.0"/>
    <property name="sun.management.compiler" value="HotSpot 64-Bit Tiered Compilers"/>
    <property name="maven.test.failure.ignore" value="true"/>
    <property name="os.version" value="4.15.0-109-generic"/>
    <property name="library.jansi.path" value="/usr/share/maven/lib/jansi-native"/>
    <property name="user.home" value="/home/jdbl"/>
    <property name="user.timezone" value="Etc/UTC"/>
    <property name="java.awt.printerjob" value="sun.print.PSPrinterJob"/>
    <property name="java.specification.version" value="1.8"/>
    <property name="file.encoding" value="UTF-8"/>
    <property name="user.name" value="jdbl"/>
    <property name="java.class.path" value="/usr/share/maven/boot/plexus-classworlds-2.6.0.jar"/>
    <property name="java.vm.specification.version" value="1.8"/>
    <property name="sun.arch.data.model" value="64"/>
    <property name="java.home" value="/usr/local/openjdk-8/jre"/>
    <property name="sun.java.command" value="org.codehaus.plexus.classworlds.launcher.Launcher test -e --fail-never -ntp -Dmaven.test.failure.ignore=true -B -Dmaven.javadoc.skip=true -Drat.skip=true -Danimal.sniffer.skip=true -Dmaven.javadoc.skip=true -Dlicense.skip=true -Dsource.skip=true"/>
    <property name="java.specification.vendor" value="Oracle Corporation"/>
    <property name="user.language" value="en"/>
    <property name="awt.toolkit" value="sun.awt.X11.XToolkit"/>
    <property name="java.vm.info" value="mixed mode"/>
    <property name="java.version" value="1.8.0_262"/>
    <property name="java.ext.dirs" value="/usr/local/openjdk-8/jre/lib/ext:/usr/java/packages/lib/ext"/>
    <property name="securerandom.source" value="file:/dev/./urandom"/>
    <property name="sun.boot.class.path" value="/usr/local/openjdk-8/jre/lib/resources.jar:/usr/local/openjdk-8/jre/lib/rt.jar:/usr/local/openjdk-8/jre/lib/sunrsasign.jar:/usr/local/openjdk-8/jre/lib/jsse.jar:/usr/local/openjdk-8/jre/lib/jce.jar:/usr/local/openjdk-8/jre/lib/charsets.jar:/usr/local/openjdk-8/jre/lib/jfr.jar:/usr/local/openjdk-8/jre/classes"/>
    <property name="java.vendor" value="Oracle Corporation"/>
    <property name="rat.skip" value="true"/>
    <property name="maven.home" value="/usr/share/maven"/>
    <property name="file.separator" value="/"/>
    <property name="java.vendor.url.bug" value="http://bugreport.sun.com/bugreport/"/>
    <property name="sun.cpu.endian" value="little"/>
    <property name="sun.io.unicode.encoding" value="UnicodeLittle"/>
    <property name="sun.cpu.isalist" value=""/>
  </properties>
  <testcase name="test_multipliedBy_negate" classname="org.threeten.extra.TestSeconds" time="0.002"/>
  <testcase name="test_parse_CharSequence_null" classname="org.threeten.extra.TestSeconds" time="0"/>
  <testcase name="test_isSerializable" classname="org.threeten.extra.TestSeconds" time="0"/>
  <testcase name="test_abs_overflow" classname="org.threeten.extra.TestSeconds" time="0"/>
  <testcase name="test_dividedBy" classname="org.threeten.extra.TestSeconds" time="0"/>
  <testcase name="test_of" classname="org.threeten.extra.TestSeconds" time="0"/>
  <testcase name="test_compareTo" classname="org.threeten.extra.TestSeconds" time="0"/>
  <testcase name="test_ZERO" classname="org.threeten.extra.TestSeconds" time="0"/>
  <testcase name="test_abs" classname="org.threeten.extra.TestSeconds" time="0"/>
  <testcase name="test_parse_CharSequence_invalid[0: P3W]" classname="org.threeten.extra.TestSeconds" time="0"/>
  <testcase name="test_parse_CharSequence_invalid[1: P3Q]" classname="org.threeten.extra.TestSeconds" time="0"/>
  <testcase name="test_parse_CharSequence_invalid[2: P1M2Y]" classname="org.threeten.extra.TestSeconds" time="0"/>
  <testcase name="test_parse_CharSequence_invalid[3: 3]" classname="org.threeten.extra.TestSeconds" time="0"/>
  <testcase name="test_parse_CharSequence_invalid[4: -3]" classname="org.threeten.extra.TestSeconds" time="0.001"/>
  <testcase name="test_parse_CharSequence_invalid[5: 3S]" classname="org.threeten.extra.TestSeconds" time="0"/>
  <testcase name="test_parse_CharSequence_invalid[6: -3S]" classname="org.threeten.extra.TestSeconds" time="0"/>
  <testcase name="test_parse_CharSequence_invalid[7: P3S]" classname="org.threeten.extra.TestSeconds" time="0"/>
  <testcase name="test_parse_CharSequence_invalid[8: P3]" classname="org.threeten.extra.TestSeconds" time="0"/>
  <testcase name="test_parse_CharSequence_invalid[9: P-3]" classname="org.threeten.extra.TestSeconds" time="0"/>
  <testcase name="test_parse_CharSequence_invalid[10: PS]" classname="org.threeten.extra.TestSeconds" time="0.001"/>
  <testcase name="test_parse_CharSequence_invalid[11: T3]" classname="org.threeten.extra.TestSeconds" time="0"/>
  <testcase name="test_parse_CharSequence_invalid[12: PT3]" classname="org.threeten.extra.TestSeconds" time="0"/>
  <testcase name="test_ofHours_overflow" classname="org.threeten.extra.TestSeconds" time="0"/>
  <testcase name="test_hashCode" classname="org.threeten.extra.TestSeconds" time="0"/>
  <testcase name="test_multipliedBy" classname="org.threeten.extra.TestSeconds" time="0"/>
  <testcase name="test_equals" classname="org.threeten.extra.TestSeconds" time="0"/>
  <testcase name="test_minus_TemporalAmount_Seconds" classname="org.threeten.extra.TestSeconds" time="0"/>
  <testcase name="test_equals_null" classname="org.threeten.extra.TestSeconds" time="0"/>
  <testcase name="test_ofMinutes_overflow" classname="org.threeten.extra.TestSeconds" time="0"/>
  <testcase name="test_minus_TemporalAmount_overflowTooBig" classname="org.threeten.extra.TestSeconds" time="0"/>
  <testcase name="test_negated_overflow" classname="org.threeten.extra.TestSeconds" time="0"/>
  <testcase name="test_subtractFrom" classname="org.threeten.extra.TestSeconds" time="0"/>
  <testcase name="test_plus_int_overflowTooSmall" classname="org.threeten.extra.TestSeconds" time="0"/>
  <testcase name="test_plus_TemporalAmount_overflowTooSmall" classname="org.threeten.extra.TestSeconds" time="0"/>
  <testcase name="test_negated" classname="org.threeten.extra.TestSeconds" time="0"/>
  <testcase name="test_parse_CharSequence_valid_initialPlus[0: PT0S, 0]" classname="org.threeten.extra.TestSeconds" time="0"/>
  <testcase name="test_parse_CharSequence_valid_initialPlus[1: PT1S, 1]" classname="org.threeten.extra.TestSeconds" time="0"/>
  <testcase name="test_parse_CharSequence_valid_initialPlus[2: PT2S, 2]" classname="org.threeten.extra.TestSeconds" time="0"/>
  <testcase name="test_parse_CharSequence_valid_initialPlus[3: PT123456789S, 123456789]" classname="org.threeten.extra.TestSeconds" time="0"/>
  <testcase name="test_parse_CharSequence_valid_initialPlus[4: PT+0S, 0]" classname="org.threeten.extra.TestSeconds" time="0"/>
  <testcase name="test_parse_CharSequence_valid_initialPlus[5: PT+2S, 2]" classname="org.threeten.extra.TestSeconds" time="0"/>
  <testcase name="test_parse_CharSequence_valid_initialPlus[6: PT-0S, 0]" classname="org.threeten.extra.TestSeconds" time="0"/>
  <testcase name="test_parse_CharSequence_valid_initialPlus[7: PT-2S, -2]" classname="org.threeten.extra.TestSeconds" time="0"/>
  <testcase name="test_parse_CharSequence_valid_initialPlus[8: PT0M, 0]" classname="org.threeten.extra.TestSeconds" time="0"/>
  <testcase name="test_parse_CharSequence_valid_initialPlus[9: PT1M, 60]" classname="org.threeten.extra.TestSeconds" time="0"/>
  <testcase name="test_parse_CharSequence_valid_initialPlus[10: PT2M, 120]" classname="org.threeten.extra.TestSeconds" time="0"/>
  <testcase name="test_parse_CharSequence_valid_initialPlus[11: PT1234M, 74040]" classname="org.threeten.extra.TestSeconds" time="0"/>
  <testcase name="test_parse_CharSequence_valid_initialPlus[12: PT+0M, 0]" classname="org.threeten.extra.TestSeconds" time="0"/>
  <testcase name="test_parse_CharSequence_valid_initialPlus[13: PT+2M, 120]" classname="org.threeten.extra.TestSeconds" time="0"/>
  <testcase name="test_parse_CharSequence_valid_initialPlus[14: PT-0M, 0]" classname="org.threeten.extra.TestSeconds" time="0"/>
  <testcase name="test_parse_CharSequence_valid_initialPlus[15: PT-2M, -120]" classname="org.threeten.extra.TestSeconds" time="0.001"/>
  <testcase name="test_parse_CharSequence_valid_initialPlus[16: PT0H, 0]" classname="org.threeten.extra.TestSeconds" time="0"/>
  <testcase name="test_parse_CharSequence_valid_initialPlus[17: PT1H, 3600]" classname="org.threeten.extra.TestSeconds" time="0"/>
  <testcase name="test_parse_CharSequence_valid_initialPlus[18: PT2H, 7200]" classname="org.threeten.extra.TestSeconds" time="0"/>
  <testcase name="test_parse_CharSequence_valid_initialPlus[19: PT1234H, 4442400]" classname="org.threeten.extra.TestSeconds" time="0"/>
  <testcase name="test_parse_CharSequence_valid_initialPlus[20: PT+0H, 0]" classname="org.threeten.extra.TestSeconds" time="0"/>
  <testcase name="test_parse_CharSequence_valid_initialPlus[21: PT+2H, 7200]" classname="org.threeten.extra.TestSeconds" time="0"/>
  <testcase name="test_parse_CharSequence_valid_initialPlus[22: PT-0H, 0]" classname="org.threeten.extra.TestSeconds" time="0"/>
  <testcase name="test_parse_CharSequence_valid_initialPlus[23: PT-2H, -7200]" classname="org.threeten.extra.TestSeconds" time="0"/>
  <testcase name="test_parse_CharSequence_valid_initialPlus[24: P0D, 0]" classname="org.threeten.extra.TestSeconds" time="0"/>
  <testcase name="test_parse_CharSequence_valid_initialPlus[25: P1D, 86400]" classname="org.threeten.extra.TestSeconds" time="0"/>
  <testcase name="test_parse_CharSequence_valid_initialPlus[26: P2D, 172800]" classname="org.threeten.extra.TestSeconds" time="0"/>
  <testcase name="test_parse_CharSequence_valid_initialPlus[27: P1234D, 106617600]" classname="org.threeten.extra.TestSeconds" time="0"/>
  <testcase name="test_parse_CharSequence_valid_initialPlus[28: P+0D, 0]" classname="org.threeten.extra.TestSeconds" time="0"/>
  <testcase name="test_parse_CharSequence_valid_initialPlus[29: P+2D, 172800]" classname="org.threeten.extra.TestSeconds" time="0"/>
  <testcase name="test_parse_CharSequence_valid_initialPlus[30: P-0D, 0]" classname="org.threeten.extra.TestSeconds" time="0"/>
  <testcase name="test_parse_CharSequence_valid_initialPlus[31: P-2D, -172800]" classname="org.threeten.extra.TestSeconds" time="0"/>
  <testcase name="test_parse_CharSequence_valid_initialPlus[32: PT0M0S, 0]" classname="org.threeten.extra.TestSeconds" time="0"/>
  <testcase name="test_parse_CharSequence_valid_initialPlus[33: PT2M3S, 123]" classname="org.threeten.extra.TestSeconds" time="0"/>
  <testcase name="test_parse_CharSequence_valid_initialPlus[34: PT+2M3S, 123]" classname="org.threeten.extra.TestSeconds" time="0"/>
  <testcase name="test_parse_CharSequence_valid_initialPlus[35: PT2M+3S, 123]" classname="org.threeten.extra.TestSeconds" time="0"/>
  <testcase name="test_parse_CharSequence_valid_initialPlus[36: PT-2M3S, -117]" classname="org.threeten.extra.TestSeconds" time="0"/>
  <testcase name="test_parse_CharSequence_valid_initialPlus[37: PT2M-3S, 117]" classname="org.threeten.extra.TestSeconds" time="0"/>
  <testcase name="test_parse_CharSequence_valid_initialPlus[38: PT-2M-3S, -123]" classname="org.threeten.extra.TestSeconds" time="0"/>
  <testcase name="test_parse_CharSequence_valid_initialPlus[39: PT0H0S, 0]" classname="org.threeten.extra.TestSeconds" time="0"/>
  <testcase name="test_parse_CharSequence_valid_initialPlus[40: PT2H3S, 7203]" classname="org.threeten.extra.TestSeconds" time="0"/>
  <testcase name="test_parse_CharSequence_valid_initialPlus[41: PT+2H3S, 7203]" classname="org.threeten.extra.TestSeconds" time="0"/>
  <testcase name="test_parse_CharSequence_valid_initialPlus[42: PT2H+3S, 7203]" classname="org.threeten.extra.TestSeconds" time="0"/>
  <testcase name="test_parse_CharSequence_valid_initialPlus[43: PT-2H3S, -7197]" classname="org.threeten.extra.TestSeconds" time="0"/>
  <testcase name="test_parse_CharSequence_valid_initialPlus[44: PT2H-3S, 7197]" classname="org.threeten.extra.TestSeconds" time="0"/>
  <testcase name="test_parse_CharSequence_valid_initialPlus[45: PT-2H-3S, -7203]" classname="org.threeten.extra.TestSeconds" time="0"/>
  <testcase name="test_parse_CharSequence_valid_initialPlus[46: P0DT0H0M0S, 0]" classname="org.threeten.extra.TestSeconds" time="0"/>
  <testcase name="test_parse_CharSequence_valid_initialPlus[47: P5DT2H4M3S, 439443]" classname="org.threeten.extra.TestSeconds" time="0"/>
  <testcase name="test_multipliedBy_overflowTooBig" classname="org.threeten.extra.TestSeconds" time="0"/>
  <testcase name="test_minus_int_overflowTooBig" classname="org.threeten.extra.TestSeconds" time="0"/>
  <testcase name="test_dividedBy_divideByZero" classname="org.threeten.extra.TestSeconds" time="0"/>
  <testcase name="test_parse_CharSequence_valid_initialMinus[0: PT0S, 0]" classname="org.threeten.extra.TestSeconds" time="0"/>
  <testcase name="test_parse_CharSequence_valid_initialMinus[1: PT1S, 1]" classname="org.threeten.extra.TestSeconds" time="0"/>
  <testcase name="test_parse_CharSequence_valid_initialMinus[2: PT2S, 2]" classname="org.threeten.extra.TestSeconds" time="0"/>
  <testcase name="test_parse_CharSequence_valid_initialMinus[3: PT123456789S, 123456789]" classname="org.threeten.extra.TestSeconds" time="0"/>
  <testcase name="test_parse_CharSequence_valid_initialMinus[4: PT+0S, 0]" classname="org.threeten.extra.TestSeconds" time="0"/>
  <testcase name="test_parse_CharSequence_valid_initialMinus[5: PT+2S, 2]" classname="org.threeten.extra.TestSeconds" time="0"/>
  <testcase name="test_parse_CharSequence_valid_initialMinus[6: PT-0S, 0]" classname="org.threeten.extra.TestSeconds" time="0"/>
  <testcase name="test_parse_CharSequence_valid_initialMinus[7: PT-2S, -2]" classname="org.threeten.extra.TestSeconds" time="0"/>
  <testcase name="test_parse_CharSequence_valid_initialMinus[8: PT0M, 0]" classname="org.threeten.extra.TestSeconds" time="0"/>
  <testcase name="test_parse_CharSequence_valid_initialMinus[9: PT1M, 60]" classname="org.threeten.extra.TestSeconds" time="0"/>
  <testcase name="test_parse_CharSequence_valid_initialMinus[10: PT2M, 120]" classname="org.threeten.extra.TestSeconds" time="0.003"/>
  <testcase name="test_parse_CharSequence_valid_initialMinus[11: PT1234M, 74040]" classname="org.threeten.extra.TestSeconds" time="0"/>
  <testcase name="test_parse_CharSequence_valid_initialMinus[12: PT+0M, 0]" classname="org.threeten.extra.TestSeconds" time="0"/>
  <testcase name="test_parse_CharSequence_valid_initialMinus[13: PT+2M, 120]" classname="org.threeten.extra.TestSeconds" time="0"/>
  <testcase name="test_parse_CharSequence_valid_initialMinus[14: PT-0M, 0]" classname="org.threeten.extra.TestSeconds" time="0"/>
  <testcase name="test_parse_CharSequence_valid_initialMinus[15: PT-2M, -120]" classname="org.threeten.extra.TestSeconds" time="0"/>
  <testcase name="test_parse_CharSequence_valid_initialMinus[16: PT0H, 0]" classname="org.threeten.extra.TestSeconds" time="0"/>
  <testcase name="test_parse_CharSequence_valid_initialMinus[17: PT1H, 3600]" classname="org.threeten.extra.TestSeconds" time="0"/>
  <testcase name="test_parse_CharSequence_valid_initialMinus[18: PT2H, 7200]" classname="org.threeten.extra.TestSeconds" time="0"/>
  <testcase name="test_parse_CharSequence_valid_initialMinus[19: PT1234H, 4442400]" classname="org.threeten.extra.TestSeconds" time="0"/>
  <testcase name="test_parse_CharSequence_valid_initialMinus[20: PT+0H, 0]" classname="org.threeten.extra.TestSeconds" time="0"/>
  <testcase name="test_parse_CharSequence_valid_initialMinus[21: PT+2H, 7200]" classname="org.threeten.extra.TestSeconds" time="0"/>
  <testcase name="test_parse_CharSequence_valid_initialMinus[22: PT-0H, 0]" classname="org.threeten.extra.TestSeconds" time="0"/>
  <testcase name="test_parse_CharSequence_valid_initialMinus[23: PT-2H, -7200]" classname="org.threeten.extra.TestSeconds" time="0"/>
  <testcase name="test_parse_CharSequence_valid_initialMinus[24: P0D, 0]" classname="org.threeten.extra.TestSeconds" time="0"/>
  <testcase name="test_parse_CharSequence_valid_initialMinus[25: P1D, 86400]" classname="org.threeten.extra.TestSeconds" time="0"/>
  <testcase name="test_parse_CharSequence_valid_initialMinus[26: P2D, 172800]" classname="org.threeten.extra.TestSeconds" time="0"/>
  <testcase name="test_parse_CharSequence_valid_initialMinus[27: P1234D, 106617600]" classname="org.threeten.extra.TestSeconds" time="0"/>
  <testcase name="test_parse_CharSequence_valid_initialMinus[28: P+0D, 0]" classname="org.threeten.extra.TestSeconds" time="0"/>
  <testcase name="test_parse_CharSequence_valid_initialMinus[29: P+2D, 172800]" classname="org.threeten.extra.TestSeconds" time="0"/>
  <testcase name="test_parse_CharSequence_valid_initialMinus[30: P-0D, 0]" classname="org.threeten.extra.TestSeconds" time="0.001"/>
  <testcase name="test_parse_CharSequence_valid_initialMinus[31: P-2D, -172800]" classname="org.threeten.extra.TestSeconds" time="0"/>
  <testcase name="test_parse_CharSequence_valid_initialMinus[32: PT0M0S, 0]" classname="org.threeten.extra.TestSeconds" time="0"/>
  <testcase name="test_parse_CharSequence_valid_initialMinus[33: PT2M3S, 123]" classname="org.threeten.extra.TestSeconds" time="0"/>
  <testcase name="test_parse_CharSequence_valid_initialMinus[34: PT+2M3S, 123]" classname="org.threeten.extra.TestSeconds" time="0"/>
  <testcase name="test_parse_CharSequence_valid_initialMinus[35: PT2M+3S, 123]" classname="org.threeten.extra.TestSeconds" time="0"/>
  <testcase name="test_parse_CharSequence_valid_initialMinus[36: PT-2M3S, -117]" classname="org.threeten.extra.TestSeconds" time="0"/>
  <testcase name="test_parse_CharSequence_valid_initialMinus[37: PT2M-3S, 117]" classname="org.threeten.extra.TestSeconds" time="0.001"/>
  <testcase name="test_parse_CharSequence_valid_initialMinus[38: PT-2M-3S, -123]" classname="org.threeten.extra.TestSeconds" time="0"/>
  <testcase name="test_parse_CharSequence_valid_initialMinus[39: PT0H0S, 0]" classname="org.threeten.extra.TestSeconds" time="0"/>
  <testcase name="test_parse_CharSequence_valid_initialMinus[40: PT2H3S, 7203]" classname="org.threeten.extra.TestSeconds" time="0"/>
  <testcase name="test_parse_CharSequence_valid_initialMinus[41: PT+2H3S, 7203]" classname="org.threeten.extra.TestSeconds" time="0"/>
  <testcase name="test_parse_CharSequence_valid_initialMinus[42: PT2H+3S, 7203]" classname="org.threeten.extra.TestSeconds" time="0.001"/>
  <testcase name="test_parse_CharSequence_valid_initialMinus[43: PT-2H3S, -7197]" classname="org.threeten.extra.TestSeconds" time="0"/>
  <testcase name="test_parse_CharSequence_valid_initialMinus[44: PT2H-3S, 7197]" classname="org.threeten.extra.TestSeconds" time="0"/>
  <testcase name="test_parse_CharSequence_valid_initialMinus[45: PT-2H-3S, -7203]" classname="org.threeten.extra.TestSeconds" time="0"/>
  <testcase name="test_parse_CharSequence_valid_initialMinus[46: P0DT0H0M0S, 0]" classname="org.threeten.extra.TestSeconds" time="0"/>
  <testcase name="test_parse_CharSequence_valid_initialMinus[47: P5DT2H4M3S, 439443]" classname="org.threeten.extra.TestSeconds" time="0"/>
  <testcase name="test_multipliedBy_overflowTooSmall" classname="org.threeten.extra.TestSeconds" time="0"/>
  <testcase name="test_toDuration" classname="org.threeten.extra.TestSeconds" time="0"/>
  <testcase name="test_parse_CharSequence_valid[0: PT0S, 0]" classname="org.threeten.extra.TestSeconds" time="0"/>
  <testcase name="test_parse_CharSequence_valid[1: PT1S, 1]" classname="org.threeten.extra.TestSeconds" time="0"/>
  <testcase name="test_parse_CharSequence_valid[2: PT2S, 2]" classname="org.threeten.extra.TestSeconds" time="0.001"/>
  <testcase name="test_parse_CharSequence_valid[3: PT123456789S, 123456789]" classname="org.threeten.extra.TestSeconds" time="0"/>
  <testcase name="test_parse_CharSequence_valid[4: PT+0S, 0]" classname="org.threeten.extra.TestSeconds" time="0"/>
  <testcase name="test_parse_CharSequence_valid[5: PT+2S, 2]" classname="org.threeten.extra.TestSeconds" time="0"/>
  <testcase name="test_parse_CharSequence_valid[6: PT-0S, 0]" classname="org.threeten.extra.TestSeconds" time="0"/>
  <testcase name="test_parse_CharSequence_valid[7: PT-2S, -2]" classname="org.threeten.extra.TestSeconds" time="0"/>
  <testcase name="test_parse_CharSequence_valid[8: PT0M, 0]" classname="org.threeten.extra.TestSeconds" time="0"/>
  <testcase name="test_parse_CharSequence_valid[9: PT1M, 60]" classname="org.threeten.extra.TestSeconds" time="0"/>
  <testcase name="test_parse_CharSequence_valid[10: PT2M, 120]" classname="org.threeten.extra.TestSeconds" time="0"/>
  <testcase name="test_parse_CharSequence_valid[11: PT1234M, 74040]" classname="org.threeten.extra.TestSeconds" time="0.002"/>
  <testcase name="test_parse_CharSequence_valid[12: PT+0M, 0]" classname="org.threeten.extra.TestSeconds" time="0"/>
  <testcase name="test_parse_CharSequence_valid[13: PT+2M, 120]" classname="org.threeten.extra.TestSeconds" time="0"/>
  <testcase name="test_parse_CharSequence_valid[14: PT-0M, 0]" classname="org.threeten.extra.TestSeconds" time="0"/>
  <testcase name="test_parse_CharSequence_valid[15: PT-2M, -120]" classname="org.threeten.extra.TestSeconds" time="0.003"/>
  <testcase name="test_parse_CharSequence_valid[16: PT0H, 0]" classname="org.threeten.extra.TestSeconds" time="0"/>
  <testcase name="test_parse_CharSequence_valid[17: PT1H, 3600]" classname="org.threeten.extra.TestSeconds" time="0"/>
  <testcase name="test_parse_CharSequence_valid[18: PT2H, 7200]" classname="org.threeten.extra.TestSeconds" time="0"/>
  <testcase name="test_parse_CharSequence_valid[19: PT1234H, 4442400]" classname="org.threeten.extra.TestSeconds" time="0"/>
  <testcase name="test_parse_CharSequence_valid[20: PT+0H, 0]" classname="org.threeten.extra.TestSeconds" time="0"/>
  <testcase name="test_parse_CharSequence_valid[21: PT+2H, 7200]" classname="org.threeten.extra.TestSeconds" time="0"/>
  <testcase name="test_parse_CharSequence_valid[22: PT-0H, 0]" classname="org.threeten.extra.TestSeconds" time="0"/>
  <testcase name="test_parse_CharSequence_valid[23: PT-2H, -7200]" classname="org.threeten.extra.TestSeconds" time="0"/>
  <testcase name="test_parse_CharSequence_valid[24: P0D, 0]" classname="org.threeten.extra.TestSeconds" time="0"/>
  <testcase name="test_parse_CharSequence_valid[25: P1D, 86400]" classname="org.threeten.extra.TestSeconds" time="0"/>
  <testcase name="test_parse_CharSequence_valid[26: P2D, 172800]" classname="org.threeten.extra.TestSeconds" time="0"/>
  <testcase name="test_parse_CharSequence_valid[27: P1234D, 106617600]" classname="org.threeten.extra.TestSeconds" time="0.003"/>
  <testcase name="test_parse_CharSequence_valid[28: P+0D, 0]" classname="org.threeten.extra.TestSeconds" time="0"/>
  <testcase name="test_parse_CharSequence_valid[29: P+2D, 172800]" classname="org.threeten.extra.TestSeconds" time="0"/>
  <testcase name="test_parse_CharSequence_valid[30: P-0D, 0]" classname="org.threeten.extra.TestSeconds" time="0"/>
  <testcase name="test_parse_CharSequence_valid[31: P-2D, -172800]" classname="org.threeten.extra.TestSeconds" time="0"/>
  <testcase name="test_parse_CharSequence_valid[32: PT0M0S, 0]" classname="org.threeten.extra.TestSeconds" time="0"/>
  <testcase name="test_parse_CharSequence_valid[33: PT2M3S, 123]" classname="org.threeten.extra.TestSeconds" time="0"/>
  <testcase name="test_parse_CharSequence_valid[34: PT+2M3S, 123]" classname="org.threeten.extra.TestSeconds" time="0"/>
  <testcase name="test_parse_CharSequence_valid[35: PT2M+3S, 123]" classname="org.threeten.extra.TestSeconds" time="0"/>
  <testcase name="test_parse_CharSequence_valid[36: PT-2M3S, -117]" classname="org.threeten.extra.TestSeconds" time="0"/>
  <testcase name="test_parse_CharSequence_valid[37: PT2M-3S, 117]" classname="org.threeten.extra.TestSeconds" time="0"/>
  <testcase name="test_parse_CharSequence_valid[38: PT-2M-3S, -123]" classname="org.threeten.extra.TestSeconds" time="0"/>
  <testcase name="test_parse_CharSequence_valid[39: PT0H0S, 0]" classname="org.threeten.extra.TestSeconds" time="0"/>
  <testcase name="test_parse_CharSequence_valid[40: PT2H3S, 7203]" classname="org.threeten.extra.TestSeconds" time="0"/>
  <testcase name="test_parse_CharSequence_valid[41: PT+2H3S, 7203]" classname="org.threeten.extra.TestSeconds" time="0"/>
  <testcase name="test_parse_CharSequence_valid[42: PT2H+3S, 7203]" classname="org.threeten.extra.TestSeconds" time="0"/>
  <testcase name="test_parse_CharSequence_valid[43: PT-2H3S, -7197]" classname="org.threeten.extra.TestSeconds" time="0"/>
  <testcase name="test_parse_CharSequence_valid[44: PT2H-3S, 7197]" classname="org.threeten.extra.TestSeconds" time="0"/>
  <testcase name="test_parse_CharSequence_valid[45: PT-2H-3S, -7203]" classname="org.threeten.extra.TestSeconds" time="0"/>
  <testcase name="test_parse_CharSequence_valid[46: P0DT0H0M0S, 0]" classname="org.threeten.extra.TestSeconds" time="0"/>
  <testcase name="test_parse_CharSequence_valid[47: P5DT2H4M3S, 439443]" classname="org.threeten.extra.TestSeconds" time="0"/>
  <testcase name="test_dividedBy_negate" classname="org.threeten.extra.TestSeconds" time="0"/>
  <testcase name="test_plus_int" classname="org.threeten.extra.TestSeconds" time="0"/>
  <testcase name="test_minus_int" classname="org.threeten.extra.TestSeconds" time="0"/>
  <testcase name="test_deserializationSingleton" classname="org.threeten.extra.TestSeconds" time="0.001"/>
  <testcase name="test_toString" classname="org.threeten.extra.TestSeconds" time="0"/>
  <testcase name="test_ofHours" classname="org.threeten.extra.TestSeconds" time="0"/>
  <testcase name="test_ofMinutes" classname="org.threeten.extra.TestSeconds" time="0"/>
  <testcase name="test_plus_TemporalAmount_null" classname="org.threeten.extra.TestSeconds" time="0"/>
  <testcase name="test_minus_TemporalAmount_null" classname="org.threeten.extra.TestSeconds" time="0"/>
  <testcase name="test_compareTo_null" classname="org.threeten.extra.TestSeconds" time="0"/>
  <testcase name="test_plus_TemporalAmount_overflowTooBig" classname="org.threeten.extra.TestSeconds" time="0"/>
  <testcase name="test_minus_int_overflowTooSmall" classname="org.threeten.extra.TestSeconds" time="0"/>
  <testcase name="test_minus_TemporalAmount_overflowTooSmall" classname="org.threeten.extra.TestSeconds" time="0"/>
  <testcase name="test_plus_TemporalAmount_Seconds" classname="org.threeten.extra.TestSeconds" time="0"/>
  <testcase name="test_equals_otherClass" classname="org.threeten.extra.TestSeconds" time="0"/>
  <testcase name="test_plus_int_overflowTooBig" classname="org.threeten.extra.TestSeconds" time="0"/>
  <testcase name="test_addTo" classname="org.threeten.extra.TestSeconds" time="0"/>
</testsuite>