<?xml version="1.0" encoding="UTF-8"?>
<testsuite xmlns:xsi="http://www.w3.org/2001/XMLSchema-instance" xsi:schemaLocation="https://maven.apache.org/surefire/maven-surefire-plugin/xsd/surefire-test-report.xsd" name="org.threeten.extra.TestLocalDateRange" time="0.063" tests="814" errors="0" skipped="0" failures="0">
  <properties>
    <property name="java.runtime.name" value="OpenJDK Runtime Environment"/>
    <property name="sun.boot.library.path" value="/usr/local/openjdk-8/jre/lib/amd64"/>
    <property name="java.vm.version" value="25.262-b10"/>
    <property name="animal.sniffer.skip" value="true"/>
    <property name="java.vm.vendor" value="Oracle Corporation"/>
    <property name="maven.multiModuleProjectDirectory" value="/tmp/tmpykopg0s2/threeten-extra"/>
    <property name="maven.javadoc.skip" value="true"/>
    <property name="java.vendor.url" value="http://java.oracle.com/"/>
    <property name="path.separator" value=":"/>
    <property name="guice.disable.misplaced.annotation.check" value="true"/>
    <property name="java.vm.name" value="OpenJDK 64-Bit Server VM"/>
    <property name="file.encoding.pkg" value="sun.io"/>
    <property name="sun.java.launcher" value="SUN_STANDARD"/>
    <property name="sun.os.patch.level" value="unknown"/>
    <property name="source.skip" value="true"/>
    <property name="java.vm.specification.name" value="Java Virtual Machine Specification"/>
    <property name="user.dir" value="/tmp/tmpykopg0s2/threeten-extra"/>
    <property name="java.runtime.version" value="1.8.0_262-b10"/>
    <property name="java.awt.graphicsenv" value="sun.awt.X11GraphicsEnvironment"/>
    <property name="java.endorsed.dirs" value="/usr/local/openjdk-8/jre/lib/endorsed"/>
    <property name="os.arch" value="amd64"/>
    <property name="java.io.tmpdir" value="/tmp"/>
    <property name="line.separator" value="&#10;"/>
    <property name="java.vm.specification.vendor" value="Oracle Corporation"/>
    <property name="os.name" value="Linux"/>
    <property name="classworlds.conf" value="/usr/share/maven/bin/m2.conf"/>
    <property name="sun.jnu.encoding" value="UTF-8"/>
    <property name="java.library.path" value="/usr/java/packages/lib/amd64:/usr/lib64:/lib64:/lib:/usr/lib"/>
    <property name="license.skip" value="true"/>
    <property name="maven.conf" value="/usr/share/maven/conf"/>
    <property name="java.specification.name" value="Java Platform API Specification"/>
    <property name="java.class.version" value="52.0"/>
    <property name="sun.management.compiler" value="HotSpot 64-Bit Tiered Compilers"/>
    <property name="maven.test.failure.ignore" value="true"/>
    <property name="os.version" value="4.15.0-109-generic"/>
    <property name="library.jansi.path" value="/usr/share/maven/lib/jansi-native"/>
    <property name="user.home" value="/home/jdbl"/>
    <property name="user.timezone" value="Etc/UTC"/>
    <property name="java.awt.printerjob" value="sun.print.PSPrinterJob"/>
    <property name="java.specification.version" value="1.8"/>
    <property name="file.encoding" value="UTF-8"/>
    <property name="user.name" value="jdbl"/>
    <property name="java.class.path" value="/usr/share/maven/boot/plexus-classworlds-2.6.0.jar"/>
    <property name="java.vm.specification.version" value="1.8"/>
    <property name="sun.arch.data.model" value="64"/>
    <property name="java.home" value="/usr/local/openjdk-8/jre"/>
    <property name="sun.java.command" value="org.codehaus.plexus.classworlds.launcher.Launcher test -e --fail-never -ntp -Dmaven.test.failure.ignore=true -B -Dmaven.javadoc.skip=true -Drat.skip=true -Danimal.sniffer.skip=true -Dmaven.javadoc.skip=true -Dlicense.skip=true -Dsource.skip=true"/>
    <property name="java.specification.vendor" value="Oracle Corporation"/>
    <property name="user.language" value="en"/>
    <property name="awt.toolkit" value="sun.awt.X11.XToolkit"/>
    <property name="java.vm.info" value="mixed mode"/>
    <property name="java.version" value="1.8.0_262"/>
    <property name="java.ext.dirs" value="/usr/local/openjdk-8/jre/lib/ext:/usr/java/packages/lib/ext"/>
    <property name="securerandom.source" value="file:/dev/./urandom"/>
    <property name="sun.boot.class.path" value="/usr/local/openjdk-8/jre/lib/resources.jar:/usr/local/openjdk-8/jre/lib/rt.jar:/usr/local/openjdk-8/jre/lib/sunrsasign.jar:/usr/local/openjdk-8/jre/lib/jsse.jar:/usr/local/openjdk-8/jre/lib/jce.jar:/usr/local/openjdk-8/jre/lib/charsets.jar:/usr/local/openjdk-8/jre/lib/jfr.jar:/usr/local/openjdk-8/jre/classes"/>
    <property name="java.vendor" value="Oracle Corporation"/>
    <property name="rat.skip" value="true"/>
    <property name="maven.home" value="/usr/share/maven"/>
    <property name="file.separator" value="/"/>
    <property name="java.vendor.url.bug" value="http://bugreport.sun.com/bugreport/"/>
    <property name="sun.cpu.endian" value="little"/>
    <property name="sun.io.unicode.encoding" value="UnicodeLittle"/>
    <property name="sun.cpu.isalist" value=""/>
  </properties>
  <testcase name="test_ofClosed_MINP2_MINP2" classname="org.threeten.extra.TestLocalDateRange" time="0"/>
  <testcase name="test_parse_CharSequence_LocalDatePeriod_case" classname="org.threeten.extra.TestLocalDateRange" time="0"/>
  <testcase name="test_ofClosed_MAXM1_MAX" classname="org.threeten.extra.TestLocalDateRange" time="0"/>
  <testcase name="test_parse_CharSequence_null" classname="org.threeten.extra.TestLocalDateRange" time="0"/>
  <testcase name="test_isSerializable" classname="org.threeten.extra.TestLocalDateRange" time="0"/>
  <testcase name="test_isAfter_range[0: 2012-07-01, 2012-07-27, true]" classname="org.threeten.extra.TestLocalDateRange" time="0"/>
  <testcase name="test_isAfter_range[1: 2012-07-01, 2012-07-28, true]" classname="org.threeten.extra.TestLocalDateRange" time="0"/>
  <testcase name="test_isAfter_range[2: 2012-07-01, 2012-07-29, false]" classname="org.threeten.extra.TestLocalDateRange" time="0"/>
  <testcase name="test_isAfter_range[3: 2012-07-27, 2012-07-30, false]" classname="org.threeten.extra.TestLocalDateRange" time="0"/>
  <testcase name="test_isAfter_range[4: 2012-07-28, 2012-07-30, false]" classname="org.threeten.extra.TestLocalDateRange" time="0"/>
  <testcase name="test_isAfter_range[5: 2012-07-29, 2012-07-30, false]" classname="org.threeten.extra.TestLocalDateRange" time="0"/>
  <testcase name="test_isAfter_range[6: 2012-07-27, 2012-07-31, false]" classname="org.threeten.extra.TestLocalDateRange" time="0"/>
  <testcase name="test_isAfter_range[7: 2012-07-28, 2012-07-31, false]" classname="org.threeten.extra.TestLocalDateRange" time="0"/>
  <testcase name="test_isAfter_range[8: 2012-07-29, 2012-07-31, false]" classname="org.threeten.extra.TestLocalDateRange" time="0"/>
  <testcase name="test_isAfter_range[9: 2012-07-30, 2012-07-31, false]" classname="org.threeten.extra.TestLocalDateRange" time="0"/>
  <testcase name="test_isAfter_range[10: 2012-07-27, 2012-08-01, false]" classname="org.threeten.extra.TestLocalDateRange" time="0"/>
  <testcase name="test_isAfter_range[11: 2012-07-28, 2012-08-01, false]" classname="org.threeten.extra.TestLocalDateRange" time="0"/>
  <testcase name="test_isAfter_range[12: 2012-07-29, 2012-08-01, false]" classname="org.threeten.extra.TestLocalDateRange" time="0"/>
  <testcase name="test_isAfter_range[13: 2012-07-30, 2012-08-01, false]" classname="org.threeten.extra.TestLocalDateRange" time="0"/>
  <testcase name="test_isAfter_range[14: 2012-07-31, 2012-08-01, false]" classname="org.threeten.extra.TestLocalDateRange" time="0"/>
  <testcase name="test_isAfter_range[15: 2012-07-31, 2012-08-31, false]" classname="org.threeten.extra.TestLocalDateRange" time="0"/>
  <testcase name="test_isAfter_range[16: 2012-07-28, 2012-07-28, true]" classname="org.threeten.extra.TestLocalDateRange" time="0"/>
  <testcase name="test_isAfter_range[17: 2012-07-29, 2012-07-29, false]" classname="org.threeten.extra.TestLocalDateRange" time="0"/>
  <testcase name="test_isAfter_range[18: -999999999-01-01, 2012-07-27, true]" classname="org.threeten.extra.TestLocalDateRange" time="0"/>
  <testcase name="test_isAfter_range[19: -999999999-01-01, 2012-07-28, true]" classname="org.threeten.extra.TestLocalDateRange" time="0"/>
  <testcase name="test_isAfter_range[20: -999999999-01-01, 2012-07-29, false]" classname="org.threeten.extra.TestLocalDateRange" time="0"/>
  <testcase name="test_isAfter_range[21: -999999999-01-01, 2012-07-30, false]" classname="org.threeten.extra.TestLocalDateRange" time="0"/>
  <testcase name="test_isAfter_range[22: -999999999-01-01, 2012-07-31, false]" classname="org.threeten.extra.TestLocalDateRange" time="0"/>
  <testcase name="test_isAfter_range[23: -999999999-01-01, 2012-08-01, false]" classname="org.threeten.extra.TestLocalDateRange" time="0"/>
  <testcase name="test_isAfter_range[24: -999999999-01-01, +999999999-12-31, false]" classname="org.threeten.extra.TestLocalDateRange" time="0"/>
  <testcase name="test_isAfter_range[25: 2012-07-27, +999999999-12-31, false]" classname="org.threeten.extra.TestLocalDateRange" time="0"/>
  <testcase name="test_isAfter_range[26: 2012-07-28, +999999999-12-31, false]" classname="org.threeten.extra.TestLocalDateRange" time="0"/>
  <testcase name="test_isAfter_range[27: 2012-07-29, +999999999-12-31, false]" classname="org.threeten.extra.TestLocalDateRange" time="0"/>
  <testcase name="test_isAfter_range[28: 2012-07-30, +999999999-12-31, false]" classname="org.threeten.extra.TestLocalDateRange" time="0"/>
  <testcase name="test_isAfter_range[29: 2012-07-31, +999999999-12-31, false]" classname="org.threeten.extra.TestLocalDateRange" time="0"/>
  <testcase name="test_isAfter_range[30: 2012-08-01, +999999999-12-31, false]" classname="org.threeten.extra.TestLocalDateRange" time="0"/>
  <testcase name="test_unionAndSpan[0: 2012-07-01, 2012-07-28, 2012-07-28, 2012-07-30, 2012-07-01, 2012-07-30]" classname="org.threeten.extra.TestLocalDateRange" time="0"/>
  <testcase name="test_unionAndSpan[1: 2012-07-01, 2012-07-30, 2012-07-30, 2012-07-30, 2012-07-01, 2012-07-30]" classname="org.threeten.extra.TestLocalDateRange" time="0"/>
  <testcase name="test_unionAndSpan[2: 2012-07-01, 2012-07-29, 2012-07-28, 2012-07-30, 2012-07-01, 2012-07-30]" classname="org.threeten.extra.TestLocalDateRange" time="0"/>
  <testcase name="test_unionAndSpan[3: 2012-07-01, 2012-07-30, 2012-07-28, 2012-07-29, 2012-07-01, 2012-07-30]" classname="org.threeten.extra.TestLocalDateRange" time="0"/>
  <testcase name="test_unionAndSpan[4: 2012-07-01, 2012-07-30, 2012-07-28, 2012-07-28, 2012-07-01, 2012-07-30]" classname="org.threeten.extra.TestLocalDateRange" time="0"/>
  <testcase name="test_ofUnboundedStart" classname="org.threeten.extra.TestLocalDateRange" time="0"/>
  <testcase name="test_contains" classname="org.threeten.extra.TestLocalDateRange" time="0"/>
  <testcase name="test_of_MAX_MAX" classname="org.threeten.extra.TestLocalDateRange" time="0"/>
  <testcase name="test_isAfter_date[0: 2012-07-01, 2012-07-27, true]" classname="org.threeten.extra.TestLocalDateRange" time="0"/>
  <testcase name="test_isAfter_date[1: 2012-07-01, 2012-07-28, true]" classname="org.threeten.extra.TestLocalDateRange" time="0"/>
  <testcase name="test_isAfter_date[2: 2012-07-01, 2012-07-29, false]" classname="org.threeten.extra.TestLocalDateRange" time="0"/>
  <testcase name="test_isAfter_date[3: 2012-07-27, 2012-07-30, false]" classname="org.threeten.extra.TestLocalDateRange" time="0"/>
  <testcase name="test_isAfter_date[4: 2012-07-28, 2012-07-30, false]" classname="org.threeten.extra.TestLocalDateRange" time="0"/>
  <testcase name="test_isAfter_date[5: 2012-07-29, 2012-07-30, false]" classname="org.threeten.extra.TestLocalDateRange" time="0"/>
  <testcase name="test_isAfter_date[6: 2012-07-27, 2012-07-31, false]" classname="org.threeten.extra.TestLocalDateRange" time="0"/>
  <testcase name="test_isAfter_date[7: 2012-07-28, 2012-07-31, false]" classname="org.threeten.extra.TestLocalDateRange" time="0"/>
  <testcase name="test_isAfter_date[8: 2012-07-29, 2012-07-31, false]" classname="org.threeten.extra.TestLocalDateRange" time="0"/>
  <testcase name="test_isAfter_date[9: 2012-07-30, 2012-07-31, false]" classname="org.threeten.extra.TestLocalDateRange" time="0"/>
  <testcase name="test_isAfter_date[10: 2012-07-27, 2012-08-01, false]" classname="org.threeten.extra.TestLocalDateRange" time="0"/>
  <testcase name="test_isAfter_date[11: 2012-07-28, 2012-08-01, false]" classname="org.threeten.extra.TestLocalDateRange" time="0"/>
  <testcase name="test_isAfter_date[12: 2012-07-29, 2012-08-01, false]" classname="org.threeten.extra.TestLocalDateRange" time="0"/>
  <testcase name="test_isAfter_date[13: 2012-07-30, 2012-08-01, false]" classname="org.threeten.extra.TestLocalDateRange" time="0"/>
  <testcase name="test_isAfter_date[14: 2012-07-31, 2012-08-01, false]" classname="org.threeten.extra.TestLocalDateRange" time="0"/>
  <testcase name="test_isAfter_date[15: 2012-07-31, 2012-08-31, false]" classname="org.threeten.extra.TestLocalDateRange" time="0.001"/>
  <testcase name="test_isAfter_date[16: 2012-07-28, 2012-07-28, true]" classname="org.threeten.extra.TestLocalDateRange" time="0"/>
  <testcase name="test_isAfter_date[17: 2012-07-29, 2012-07-29, false]" classname="org.threeten.extra.TestLocalDateRange" time="0"/>
  <testcase name="test_isAfter_date[18: -999999999-01-01, 2012-07-27, true]" classname="org.threeten.extra.TestLocalDateRange" time="0"/>
  <testcase name="test_isAfter_date[19: -999999999-01-01, 2012-07-28, true]" classname="org.threeten.extra.TestLocalDateRange" time="0"/>
  <testcase name="test_isAfter_date[20: -999999999-01-01, 2012-07-29, false]" classname="org.threeten.extra.TestLocalDateRange" time="0"/>
  <testcase name="test_isAfter_date[21: -999999999-01-01, 2012-07-30, false]" classname="org.threeten.extra.TestLocalDateRange" time="0"/>
  <testcase name="test_isAfter_date[22: -999999999-01-01, 2012-07-31, false]" classname="org.threeten.extra.TestLocalDateRange" time="0"/>
  <testcase name="test_isAfter_date[23: -999999999-01-01, 2012-08-01, false]" classname="org.threeten.extra.TestLocalDateRange" time="0"/>
  <testcase name="test_isAfter_date[24: -999999999-01-01, +999999999-12-31, false]" classname="org.threeten.extra.TestLocalDateRange" time="0"/>
  <testcase name="test_isAfter_date[25: 2012-07-27, +999999999-12-31, false]" classname="org.threeten.extra.TestLocalDateRange" time="0"/>
  <testcase name="test_isAfter_date[26: 2012-07-28, +999999999-12-31, false]" classname="org.threeten.extra.TestLocalDateRange" time="0"/>
  <testcase name="test_isAfter_date[27: 2012-07-29, +999999999-12-31, false]" classname="org.threeten.extra.TestLocalDateRange" time="0"/>
  <testcase name="test_isAfter_date[28: 2012-07-30, +999999999-12-31, false]" classname="org.threeten.extra.TestLocalDateRange" time="0"/>
  <testcase name="test_isAfter_date[29: 2012-07-31, +999999999-12-31, false]" classname="org.threeten.extra.TestLocalDateRange" time="0"/>
  <testcase name="test_isAfter_date[30: 2012-08-01, +999999999-12-31, false]" classname="org.threeten.extra.TestLocalDateRange" time="0"/>
  <testcase name="test_parse_CharSequence_LocalDatePeriod" classname="org.threeten.extra.TestLocalDateRange" time="0"/>
  <testcase name="test_of" classname="org.threeten.extra.TestLocalDateRange" time="0"/>
  <testcase name="test_of_MIN_MAX" classname="org.threeten.extra.TestLocalDateRange" time="0"/>
  <testcase name="test_of_MIN_MIN" classname="org.threeten.extra.TestLocalDateRange" time="0"/>
  <testcase name="test_withEnd_adjuster" classname="org.threeten.extra.TestLocalDateRange" time="0.001"/>
  <testcase name="test_ofUnboundedEnd_MAXM1" classname="org.threeten.extra.TestLocalDateRange" time="0"/>
  <testcase name="test_intersection_reverse[0: 2012-07-01, 2012-07-28, 2012-07-28, 2012-07-30, 2012-07-28, 2012-07-28]" classname="org.threeten.extra.TestLocalDateRange" time="0"/>
  <testcase name="test_intersection_reverse[1: 2012-07-01, 2012-07-30, 2012-07-30, 2012-07-30, 2012-07-30, 2012-07-30]" classname="org.threeten.extra.TestLocalDateRange" time="0"/>
  <testcase name="test_intersection_reverse[2: 2012-07-01, 2012-07-29, 2012-07-28, 2012-07-30, 2012-07-28, 2012-07-29]" classname="org.threeten.extra.TestLocalDateRange" time="0"/>
  <testcase name="test_intersection_reverse[3: 2012-07-01, 2012-07-30, 2012-07-28, 2012-07-29, 2012-07-28, 2012-07-29]" classname="org.threeten.extra.TestLocalDateRange" time="0"/>
  <testcase name="test_intersection_reverse[4: 2012-07-01, 2012-07-30, 2012-07-28, 2012-07-28, 2012-07-28, 2012-07-28]" classname="org.threeten.extra.TestLocalDateRange" time="0"/>
  <testcase name="test_of_period_negative" classname="org.threeten.extra.TestLocalDateRange" time="0"/>
  <testcase name="test_ofUnboundedStart_MINP1" classname="org.threeten.extra.TestLocalDateRange" time="0"/>
  <testcase name="test_ALL" classname="org.threeten.extra.TestLocalDateRange" time="0"/>
  <testcase name="test_ofUnboundedEnd" classname="org.threeten.extra.TestLocalDateRange" time="0"/>
  <testcase name="test_ofUnboundedStart_MIN" classname="org.threeten.extra.TestLocalDateRange" time="0"/>
  <testcase name="test_of_MAXM1_MAX" classname="org.threeten.extra.TestLocalDateRange" time="0"/>
  <testcase name="test_abuts_baseEmpty" classname="org.threeten.extra.TestLocalDateRange" time="0"/>
  <testcase name="test_unionAndSpan_reverse[0: 2012-07-01, 2012-07-28, 2012-07-28, 2012-07-30, 2012-07-01, 2012-07-30]" classname="org.threeten.extra.TestLocalDateRange" time="0"/>
  <testcase name="test_unionAndSpan_reverse[1: 2012-07-01, 2012-07-30, 2012-07-30, 2012-07-30, 2012-07-01, 2012-07-30]" classname="org.threeten.extra.TestLocalDateRange" time="0"/>
  <testcase name="test_unionAndSpan_reverse[2: 2012-07-01, 2012-07-29, 2012-07-28, 2012-07-30, 2012-07-01, 2012-07-30]" classname="org.threeten.extra.TestLocalDateRange" time="0"/>
  <testcase name="test_unionAndSpan_reverse[3: 2012-07-01, 2012-07-30, 2012-07-28, 2012-07-29, 2012-07-01, 2012-07-30]" classname="org.threeten.extra.TestLocalDateRange" time="0"/>
  <testcase name="test_unionAndSpan_reverse[4: 2012-07-01, 2012-07-30, 2012-07-28, 2012-07-28, 2012-07-01, 2012-07-30]" classname="org.threeten.extra.TestLocalDateRange" time="0"/>
  <testcase name="test_crossCheck[0: 2012-07-01, 2012-07-27, false, false, false, false]" classname="org.threeten.extra.TestLocalDateRange" time="0"/>
  <testcase name="test_crossCheck[1: 2012-07-01, 2012-07-28, false, true, true, false]" classname="org.threeten.extra.TestLocalDateRange" time="0"/>
  <testcase name="test_crossCheck[2: 2012-07-27, 2012-07-30, false, false, true, true]" classname="org.threeten.extra.TestLocalDateRange" time="0"/>
  <testcase name="test_crossCheck[3: 2012-07-28, 2012-07-30, true, false, true, true]" classname="org.threeten.extra.TestLocalDateRange" time="0"/>
  <testcase name="test_crossCheck[4: 2012-07-29, 2012-07-30, true, false, true, true]" classname="org.threeten.extra.TestLocalDateRange" time="0"/>
  <testcase name="test_crossCheck[5: 2012-07-27, 2012-07-31, false, false, true, true]" classname="org.threeten.extra.TestLocalDateRange" time="0"/>
  <testcase name="test_crossCheck[6: 2012-07-28, 2012-07-31, true, false, true, true]" classname="org.threeten.extra.TestLocalDateRange" time="0"/>
  <testcase name="test_crossCheck[7: 2012-07-29, 2012-07-31, true, false, true, true]" classname="org.threeten.extra.TestLocalDateRange" time="0"/>
  <testcase name="test_crossCheck[8: 2012-07-30, 2012-07-31, true, false, true, true]" classname="org.threeten.extra.TestLocalDateRange" time="0"/>
  <testcase name="test_crossCheck[9: 2012-07-27, 2012-08-01, false, false, true, true]" classname="org.threeten.extra.TestLocalDateRange" time="0"/>
  <testcase name="test_crossCheck[10: 2012-07-28, 2012-08-01, false, false, true, true]" classname="org.threeten.extra.TestLocalDateRange" time="0"/>
  <testcase name="test_crossCheck[11: 2012-07-29, 2012-08-01, false, false, true, true]" classname="org.threeten.extra.TestLocalDateRange" time="0"/>
  <testcase name="test_crossCheck[12: 2012-07-30, 2012-08-01, false, false, true, true]" classname="org.threeten.extra.TestLocalDateRange" time="0"/>
  <testcase name="test_crossCheck[13: 2012-07-31, 2012-08-01, false, true, true, false]" classname="org.threeten.extra.TestLocalDateRange" time="0"/>
  <testcase name="test_crossCheck[14: 2012-07-31, 2012-08-31, false, true, true, false]" classname="org.threeten.extra.TestLocalDateRange" time="0"/>
  <testcase name="test_crossCheck[15: 2012-08-01, 2012-08-31, false, false, false, false]" classname="org.threeten.extra.TestLocalDateRange" time="0"/>
  <testcase name="test_crossCheck[16: 2012-07-27, 2012-07-27, false, false, false, false]" classname="org.threeten.extra.TestLocalDateRange" time="0"/>
  <testcase name="test_crossCheck[17: 2012-07-28, 2012-07-28, true, true, true, false]" classname="org.threeten.extra.TestLocalDateRange" time="0"/>
  <testcase name="test_crossCheck[18: 2012-07-29, 2012-07-29, true, false, true, true]" classname="org.threeten.extra.TestLocalDateRange" time="0"/>
  <testcase name="test_crossCheck[19: 2012-07-30, 2012-07-30, true, false, true, true]" classname="org.threeten.extra.TestLocalDateRange" time="0"/>
  <testcase name="test_crossCheck[20: 2012-07-31, 2012-07-31, true, true, true, false]" classname="org.threeten.extra.TestLocalDateRange" time="0"/>
  <testcase name="test_crossCheck[21: 2012-08-31, 2012-08-31, false, false, false, false]" classname="org.threeten.extra.TestLocalDateRange" time="0"/>
  <testcase name="test_crossCheck[22: -999999999-01-01, 2012-07-27, false, false, false, false]" classname="org.threeten.extra.TestLocalDateRange" time="0"/>
  <testcase name="test_crossCheck[23: -999999999-01-01, 2012-07-28, false, true, true, false]" classname="org.threeten.extra.TestLocalDateRange" time="0"/>
  <testcase name="test_crossCheck[24: -999999999-01-01, 2012-07-29, false, false, true, true]" classname="org.threeten.extra.TestLocalDateRange" time="0"/>
  <testcase name="test_crossCheck[25: -999999999-01-01, 2012-07-30, false, false, true, true]" classname="org.threeten.extra.TestLocalDateRange" time="0.001"/>
  <testcase name="test_crossCheck[26: -999999999-01-01, 2012-07-31, false, false, true, true]" classname="org.threeten.extra.TestLocalDateRange" time="0"/>
  <testcase name="test_crossCheck[27: -999999999-01-01, 2012-08-01, false, false, true, true]" classname="org.threeten.extra.TestLocalDateRange" time="0"/>
  <testcase name="test_crossCheck[28: -999999999-01-01, +999999999-12-31, false, false, true, true]" classname="org.threeten.extra.TestLocalDateRange" time="0"/>
  <testcase name="test_crossCheck[29: 2012-07-27, +999999999-12-31, false, false, true, true]" classname="org.threeten.extra.TestLocalDateRange" time="0"/>
  <testcase name="test_crossCheck[30: 2012-07-28, +999999999-12-31, false, false, true, true]" classname="org.threeten.extra.TestLocalDateRange" time="0"/>
  <testcase name="test_crossCheck[31: 2012-07-29, +999999999-12-31, false, false, true, true]" classname="org.threeten.extra.TestLocalDateRange" time="0"/>
  <testcase name="test_crossCheck[32: 2012-07-30, +999999999-12-31, false, false, true, true]" classname="org.threeten.extra.TestLocalDateRange" time="0"/>
  <testcase name="test_crossCheck[33: 2012-07-31, +999999999-12-31, false, true, true, false]" classname="org.threeten.extra.TestLocalDateRange" time="0"/>
  <testcase name="test_crossCheck[34: 2012-08-01, +999999999-12-31, false, false, false, false]" classname="org.threeten.extra.TestLocalDateRange" time="0"/>
  <testcase name="test_withStart_adjuster" classname="org.threeten.extra.TestLocalDateRange" time="0"/>
  <testcase name="test_intersection[0: 2012-07-01, 2012-07-28, 2012-07-28, 2012-07-30, 2012-07-28, 2012-07-28]" classname="org.threeten.extra.TestLocalDateRange" time="0"/>
  <testcase name="test_intersection[1: 2012-07-01, 2012-07-30, 2012-07-30, 2012-07-30, 2012-07-30, 2012-07-30]" classname="org.threeten.extra.TestLocalDateRange" time="0"/>
  <testcase name="test_intersection[2: 2012-07-01, 2012-07-29, 2012-07-28, 2012-07-30, 2012-07-28, 2012-07-29]" classname="org.threeten.extra.TestLocalDateRange" time="0"/>
  <testcase name="test_intersection[3: 2012-07-01, 2012-07-30, 2012-07-28, 2012-07-29, 2012-07-28, 2012-07-29]" classname="org.threeten.extra.TestLocalDateRange" time="0"/>
  <testcase name="test_intersection[4: 2012-07-01, 2012-07-30, 2012-07-28, 2012-07-28, 2012-07-28, 2012-07-28]" classname="org.threeten.extra.TestLocalDateRange" time="0"/>
  <testcase name="test_withStart_invalid" classname="org.threeten.extra.TestLocalDateRange" time="0"/>
  <testcase name="test_ofUnbounded" classname="org.threeten.extra.TestLocalDateRange" time="0"/>
  <testcase name="test_overlaps[0: 2012-07-01, 2012-07-27, false, false, false, false]" classname="org.threeten.extra.TestLocalDateRange" time="0.001"/>
  <testcase name="test_overlaps[1: 2012-07-01, 2012-07-28, false, true, true, false]" classname="org.threeten.extra.TestLocalDateRange" time="0"/>
  <testcase name="test_overlaps[2: 2012-07-27, 2012-07-30, false, false, true, true]" classname="org.threeten.extra.TestLocalDateRange" time="0"/>
  <testcase name="test_overlaps[3: 2012-07-28, 2012-07-30, true, false, true, true]" classname="org.threeten.extra.TestLocalDateRange" time="0"/>
  <testcase name="test_overlaps[4: 2012-07-29, 2012-07-30, true, false, true, true]" classname="org.threeten.extra.TestLocalDateRange" time="0"/>
  <testcase name="test_overlaps[5: 2012-07-27, 2012-07-31, false, false, true, true]" classname="org.threeten.extra.TestLocalDateRange" time="0"/>
  <testcase name="test_overlaps[6: 2012-07-28, 2012-07-31, true, false, true, true]" classname="org.threeten.extra.TestLocalDateRange" time="0"/>
  <testcase name="test_overlaps[7: 2012-07-29, 2012-07-31, true, false, true, true]" classname="org.threeten.extra.TestLocalDateRange" time="0"/>
  <testcase name="test_overlaps[8: 2012-07-30, 2012-07-31, true, false, true, true]" classname="org.threeten.extra.TestLocalDateRange" time="0"/>
  <testcase name="test_overlaps[9: 2012-07-27, 2012-08-01, false, false, true, true]" classname="org.threeten.extra.TestLocalDateRange" time="0"/>
  <testcase name="test_overlaps[10: 2012-07-28, 2012-08-01, false, false, true, true]" classname="org.threeten.extra.TestLocalDateRange" time="0"/>
  <testcase name="test_overlaps[11: 2012-07-29, 2012-08-01, false, false, true, true]" classname="org.threeten.extra.TestLocalDateRange" time="0"/>
  <testcase name="test_overlaps[12: 2012-07-30, 2012-08-01, false, false, true, true]" classname="org.threeten.extra.TestLocalDateRange" time="0"/>
  <testcase name="test_overlaps[13: 2012-07-31, 2012-08-01, false, true, true, false]" classname="org.threeten.extra.TestLocalDateRange" time="0"/>
  <testcase name="test_overlaps[14: 2012-07-31, 2012-08-31, false, true, true, false]" classname="org.threeten.extra.TestLocalDateRange" time="0"/>
  <testcase name="test_overlaps[15: 2012-08-01, 2012-08-31, false, false, false, false]" classname="org.threeten.extra.TestLocalDateRange" time="0"/>
  <testcase name="test_overlaps[16: 2012-07-27, 2012-07-27, false, false, false, false]" classname="org.threeten.extra.TestLocalDateRange" time="0"/>
  <testcase name="test_overlaps[17: 2012-07-28, 2012-07-28, true, true, true, false]" classname="org.threeten.extra.TestLocalDateRange" time="0"/>
  <testcase name="test_overlaps[18: 2012-07-29, 2012-07-29, true, false, true, true]" classname="org.threeten.extra.TestLocalDateRange" time="0"/>
  <testcase name="test_overlaps[19: 2012-07-30, 2012-07-30, true, false, true, true]" classname="org.threeten.extra.TestLocalDateRange" time="0"/>
  <testcase name="test_overlaps[20: 2012-07-31, 2012-07-31, true, true, true, false]" classname="org.threeten.extra.TestLocalDateRange" time="0"/>
  <testcase name="test_overlaps[21: 2012-08-31, 2012-08-31, false, false, false, false]" classname="org.threeten.extra.TestLocalDateRange" time="0"/>
  <testcase name="test_overlaps[22: -999999999-01-01, 2012-07-27, false, false, false, false]" classname="org.threeten.extra.TestLocalDateRange" time="0"/>
  <testcase name="test_overlaps[23: -999999999-01-01, 2012-07-28, false, true, true, false]" classname="org.threeten.extra.TestLocalDateRange" time="0"/>
  <testcase name="test_overlaps[24: -999999999-01-01, 2012-07-29, false, false, true, true]" classname="org.threeten.extra.TestLocalDateRange" time="0"/>
  <testcase name="test_overlaps[25: -999999999-01-01, 2012-07-30, false, false, true, true]" classname="org.threeten.extra.TestLocalDateRange" time="0"/>
  <testcase name="test_overlaps[26: -999999999-01-01, 2012-07-31, false, false, true, true]" classname="org.threeten.extra.TestLocalDateRange" time="0"/>
  <testcase name="test_overlaps[27: -999999999-01-01, 2012-08-01, false, false, true, true]" classname="org.threeten.extra.TestLocalDateRange" time="0"/>
  <testcase name="test_overlaps[28: -999999999-01-01, +999999999-12-31, false, false, true, true]" classname="org.threeten.extra.TestLocalDateRange" time="0"/>
  <testcase name="test_overlaps[29: 2012-07-27, +999999999-12-31, false, false, true, true]" classname="org.threeten.extra.TestLocalDateRange" time="0"/>
  <testcase name="test_overlaps[30: 2012-07-28, +999999999-12-31, false, false, true, true]" classname="org.threeten.extra.TestLocalDateRange" time="0.001"/>
  <testcase name="test_overlaps[31: 2012-07-29, +999999999-12-31, false, false, true, true]" classname="org.threeten.extra.TestLocalDateRange" time="0"/>
  <testcase name="test_overlaps[32: 2012-07-30, +999999999-12-31, false, false, true, true]" classname="org.threeten.extra.TestLocalDateRange" time="0"/>
  <testcase name="test_overlaps[33: 2012-07-31, +999999999-12-31, false, true, true, false]" classname="org.threeten.extra.TestLocalDateRange" time="0"/>
  <testcase name="test_overlaps[34: 2012-08-01, +999999999-12-31, false, false, false, false]" classname="org.threeten.extra.TestLocalDateRange" time="0"/>
  <testcase name="test_equals" classname="org.threeten.extra.TestLocalDateRange" time="0"/>
  <testcase name="test_union_disconnected" classname="org.threeten.extra.TestLocalDateRange" time="0"/>
  <testcase name="test_unionAndSpan_same" classname="org.threeten.extra.TestLocalDateRange" time="0"/>
  <testcase name="test_ofClosed_MIN_MINP1" classname="org.threeten.extra.TestLocalDateRange" time="0"/>
  <testcase name="test_ofClosed_MIN_MINP2" classname="org.threeten.extra.TestLocalDateRange" time="0"/>
  <testcase name="test_stream_MAXM2_MAX" classname="org.threeten.extra.TestLocalDateRange" time="0.001"/>
  <testcase name="test_withEnd_max" classname="org.threeten.extra.TestLocalDateRange" time="0"/>
  <testcase name="test_isAfter_date_empty" classname="org.threeten.extra.TestLocalDateRange" time="0"/>
  <testcase name="test_isConnected_baseEmpty" classname="org.threeten.extra.TestLocalDateRange" time="0"/>
  <testcase name="test_of_MAX" classname="org.threeten.extra.TestLocalDateRange" time="0"/>
  <testcase name="test_of_MIN" classname="org.threeten.extra.TestLocalDateRange" time="0"/>
  <testcase name="test_stream" classname="org.threeten.extra.TestLocalDateRange" time="0"/>
  <testcase name="test_span_enclosesInputs[0: 2012-07-01, 2012-07-28, 2012-07-28, 2012-07-30, 2012-07-01, 2012-07-30]" classname="org.threeten.extra.TestLocalDateRange" time="0"/>
  <testcase name="test_span_enclosesInputs[1: 2012-07-01, 2012-07-30, 2012-07-30, 2012-07-30, 2012-07-01, 2012-07-30]" classname="org.threeten.extra.TestLocalDateRange" time="0"/>
  <testcase name="test_span_enclosesInputs[2: 2012-07-01, 2012-07-29, 2012-07-28, 2012-07-30, 2012-07-01, 2012-07-30]" classname="org.threeten.extra.TestLocalDateRange" time="0"/>
  <testcase name="test_span_enclosesInputs[3: 2012-07-01, 2012-07-30, 2012-07-28, 2012-07-29, 2012-07-01, 2012-07-30]" classname="org.threeten.extra.TestLocalDateRange" time="0"/>
  <testcase name="test_span_enclosesInputs[4: 2012-07-01, 2012-07-30, 2012-07-28, 2012-07-28, 2012-07-01, 2012-07-30]" classname="org.threeten.extra.TestLocalDateRange" time="0"/>
  <testcase name="test_serialization" classname="org.threeten.extra.TestLocalDateRange" time="0.002"/>
  <testcase name="test_ofEmpty_MAXM1" classname="org.threeten.extra.TestLocalDateRange" time="0"/>
  <testcase name="test_ofEmpty_MINP1" classname="org.threeten.extra.TestLocalDateRange" time="0"/>
  <testcase name="crossCheckGuava_encloses[0: 2016-01-01/2016-01-01, 2016-01-01/2016-01-01, [2016-01-01..2016-01-01), [2016-01-01..2016-01-01)]" classname="org.threeten.extra.TestLocalDateRange" time="0"/>
  <testcase name="crossCheckGuava_encloses[1: 2016-01-01/2016-01-01, 2016-01-01/2016-01-02, [2016-01-01..2016-01-01), [2016-01-01..2016-01-02)]" classname="org.threeten.extra.TestLocalDateRange" time="0"/>
  <testcase name="crossCheckGuava_encloses[2: 2016-01-01/2016-01-01, 2016-01-01/2016-01-03, [2016-01-01..2016-01-01), [2016-01-01..2016-01-03)]" classname="org.threeten.extra.TestLocalDateRange" time="0"/>
  <testcase name="crossCheckGuava_encloses[3: 2016-01-01/2016-01-01, 2016-01-01/2016-01-04, [2016-01-01..2016-01-01), [2016-01-01..2016-01-04)]" classname="org.threeten.extra.TestLocalDateRange" time="0"/>
  <testcase name="crossCheckGuava_encloses[4: 2016-01-01/2016-01-01, 2016-01-02/2016-01-02, [2016-01-01..2016-01-01), [2016-01-02..2016-01-02)]" classname="org.threeten.extra.TestLocalDateRange" time="0"/>
  <testcase name="crossCheckGuava_encloses[5: 2016-01-01/2016-01-01, 2016-01-02/2016-01-03, [2016-01-01..2016-01-01), [2016-01-02..2016-01-03)]" classname="org.threeten.extra.TestLocalDateRange" time="0"/>
  <testcase name="crossCheckGuava_encloses[6: 2016-01-01/2016-01-01, 2016-01-02/2016-01-04, [2016-01-01..2016-01-01), [2016-01-02..2016-01-04)]" classname="org.threeten.extra.TestLocalDateRange" time="0"/>
  <testcase name="crossCheckGuava_encloses[7: 2016-01-01/2016-01-01, 2016-01-03/2016-01-03, [2016-01-01..2016-01-01), [2016-01-03..2016-01-03)]" classname="org.threeten.extra.TestLocalDateRange" time="0"/>
  <testcase name="crossCheckGuava_encloses[8: 2016-01-01/2016-01-01, 2016-01-03/2016-01-04, [2016-01-01..2016-01-01), [2016-01-03..2016-01-04)]" classname="org.threeten.extra.TestLocalDateRange" time="0"/>
  <testcase name="crossCheckGuava_encloses[9: 2016-01-01/2016-01-01, 2016-01-04/2016-01-04, [2016-01-01..2016-01-01), [2016-01-04..2016-01-04)]" classname="org.threeten.extra.TestLocalDateRange" time="0"/>
  <testcase name="crossCheckGuava_encloses[10: 2016-01-01/2016-01-02, 2016-01-01/2016-01-01, [2016-01-01..2016-01-02), [2016-01-01..2016-01-01)]" classname="org.threeten.extra.TestLocalDateRange" time="0"/>
  <testcase name="crossCheckGuava_encloses[11: 2016-01-01/2016-01-02, 2016-01-01/2016-01-02, [2016-01-01..2016-01-02), [2016-01-01..2016-01-02)]" classname="org.threeten.extra.TestLocalDateRange" time="0"/>
  <testcase name="crossCheckGuava_encloses[12: 2016-01-01/2016-01-02, 2016-01-01/2016-01-03, [2016-01-01..2016-01-02), [2016-01-01..2016-01-03)]" classname="org.threeten.extra.TestLocalDateRange" time="0"/>
  <testcase name="crossCheckGuava_encloses[13: 2016-01-01/2016-01-02, 2016-01-01/2016-01-04, [2016-01-01..2016-01-02), [2016-01-01..2016-01-04)]" classname="org.threeten.extra.TestLocalDateRange" time="0"/>
  <testcase name="crossCheckGuava_encloses[14: 2016-01-01/2016-01-02, 2016-01-02/2016-01-02, [2016-01-01..2016-01-02), [2016-01-02..2016-01-02)]" classname="org.threeten.extra.TestLocalDateRange" time="0"/>
  <testcase name="crossCheckGuava_encloses[15: 2016-01-01/2016-01-02, 2016-01-02/2016-01-03, [2016-01-01..2016-01-02), [2016-01-02..2016-01-03)]" classname="org.threeten.extra.TestLocalDateRange" time="0.001"/>
  <testcase name="crossCheckGuava_encloses[16: 2016-01-01/2016-01-02, 2016-01-02/2016-01-04, [2016-01-01..2016-01-02), [2016-01-02..2016-01-04)]" classname="org.threeten.extra.TestLocalDateRange" time="0"/>
  <testcase name="crossCheckGuava_encloses[17: 2016-01-01/2016-01-02, 2016-01-03/2016-01-03, [2016-01-01..2016-01-02), [2016-01-03..2016-01-03)]" classname="org.threeten.extra.TestLocalDateRange" time="0"/>
  <testcase name="crossCheckGuava_encloses[18: 2016-01-01/2016-01-02, 2016-01-03/2016-01-04, [2016-01-01..2016-01-02), [2016-01-03..2016-01-04)]" classname="org.threeten.extra.TestLocalDateRange" time="0"/>
  <testcase name="crossCheckGuava_encloses[19: 2016-01-01/2016-01-02, 2016-01-04/2016-01-04, [2016-01-01..2016-01-02), [2016-01-04..2016-01-04)]" classname="org.threeten.extra.TestLocalDateRange" time="0"/>
  <testcase name="crossCheckGuava_encloses[20: 2016-01-01/2016-01-03, 2016-01-01/2016-01-01, [2016-01-01..2016-01-03), [2016-01-01..2016-01-01)]" classname="org.threeten.extra.TestLocalDateRange" time="0"/>
  <testcase name="crossCheckGuava_encloses[21: 2016-01-01/2016-01-03, 2016-01-01/2016-01-02, [2016-01-01..2016-01-03), [2016-01-01..2016-01-02)]" classname="org.threeten.extra.TestLocalDateRange" time="0"/>
  <testcase name="crossCheckGuava_encloses[22: 2016-01-01/2016-01-03, 2016-01-01/2016-01-03, [2016-01-01..2016-01-03), [2016-01-01..2016-01-03)]" classname="org.threeten.extra.TestLocalDateRange" time="0"/>
  <testcase name="crossCheckGuava_encloses[23: 2016-01-01/2016-01-03, 2016-01-01/2016-01-04, [2016-01-01..2016-01-03), [2016-01-01..2016-01-04)]" classname="org.threeten.extra.TestLocalDateRange" time="0"/>
  <testcase name="crossCheckGuava_encloses[24: 2016-01-01/2016-01-03, 2016-01-02/2016-01-02, [2016-01-01..2016-01-03), [2016-01-02..2016-01-02)]" classname="org.threeten.extra.TestLocalDateRange" time="0"/>
  <testcase name="crossCheckGuava_encloses[25: 2016-01-01/2016-01-03, 2016-01-02/2016-01-03, [2016-01-01..2016-01-03), [2016-01-02..2016-01-03)]" classname="org.threeten.extra.TestLocalDateRange" time="0"/>
  <testcase name="crossCheckGuava_encloses[26: 2016-01-01/2016-01-03, 2016-01-02/2016-01-04, [2016-01-01..2016-01-03), [2016-01-02..2016-01-04)]" classname="org.threeten.extra.TestLocalDateRange" time="0"/>
  <testcase name="crossCheckGuava_encloses[27: 2016-01-01/2016-01-03, 2016-01-03/2016-01-03, [2016-01-01..2016-01-03), [2016-01-03..2016-01-03)]" classname="org.threeten.extra.TestLocalDateRange" time="0"/>
  <testcase name="crossCheckGuava_encloses[28: 2016-01-01/2016-01-03, 2016-01-03/2016-01-04, [2016-01-01..2016-01-03), [2016-01-03..2016-01-04)]" classname="org.threeten.extra.TestLocalDateRange" time="0"/>
  <testcase name="crossCheckGuava_encloses[29: 2016-01-01/2016-01-03, 2016-01-04/2016-01-04, [2016-01-01..2016-01-03), [2016-01-04..2016-01-04)]" classname="org.threeten.extra.TestLocalDateRange" time="0"/>
  <testcase name="crossCheckGuava_encloses[30: 2016-01-01/2016-01-04, 2016-01-01/2016-01-01, [2016-01-01..2016-01-04), [2016-01-01..2016-01-01)]" classname="org.threeten.extra.TestLocalDateRange" time="0"/>
  <testcase name="crossCheckGuava_encloses[31: 2016-01-01/2016-01-04, 2016-01-01/2016-01-02, [2016-01-01..2016-01-04), [2016-01-01..2016-01-02)]" classname="org.threeten.extra.TestLocalDateRange" time="0"/>
  <testcase name="crossCheckGuava_encloses[32: 2016-01-01/2016-01-04, 2016-01-01/2016-01-03, [2016-01-01..2016-01-04), [2016-01-01..2016-01-03)]" classname="org.threeten.extra.TestLocalDateRange" time="0"/>
  <testcase name="crossCheckGuava_encloses[33: 2016-01-01/2016-01-04, 2016-01-01/2016-01-04, [2016-01-01..2016-01-04), [2016-01-01..2016-01-04)]" classname="org.threeten.extra.TestLocalDateRange" time="0"/>
  <testcase name="crossCheckGuava_encloses[34: 2016-01-01/2016-01-04, 2016-01-02/2016-01-02, [2016-01-01..2016-01-04), [2016-01-02..2016-01-02)]" classname="org.threeten.extra.TestLocalDateRange" time="0"/>
  <testcase name="crossCheckGuava_encloses[35: 2016-01-01/2016-01-04, 2016-01-02/2016-01-03, [2016-01-01..2016-01-04), [2016-01-02..2016-01-03)]" classname="org.threeten.extra.TestLocalDateRange" time="0"/>
  <testcase name="crossCheckGuava_encloses[36: 2016-01-01/2016-01-04, 2016-01-02/2016-01-04, [2016-01-01..2016-01-04), [2016-01-02..2016-01-04)]" classname="org.threeten.extra.TestLocalDateRange" time="0"/>
  <testcase name="crossCheckGuava_encloses[37: 2016-01-01/2016-01-04, 2016-01-03/2016-01-03, [2016-01-01..2016-01-04), [2016-01-03..2016-01-03)]" classname="org.threeten.extra.TestLocalDateRange" time="0"/>
  <testcase name="crossCheckGuava_encloses[38: 2016-01-01/2016-01-04, 2016-01-03/2016-01-04, [2016-01-01..2016-01-04), [2016-01-03..2016-01-04)]" classname="org.threeten.extra.TestLocalDateRange" time="0"/>
  <testcase name="crossCheckGuava_encloses[39: 2016-01-01/2016-01-04, 2016-01-04/2016-01-04, [2016-01-01..2016-01-04), [2016-01-04..2016-01-04)]" classname="org.threeten.extra.TestLocalDateRange" time="0"/>
  <testcase name="crossCheckGuava_encloses[40: 2016-01-02/2016-01-02, 2016-01-01/2016-01-01, [2016-01-02..2016-01-02), [2016-01-01..2016-01-01)]" classname="org.threeten.extra.TestLocalDateRange" time="0"/>
  <testcase name="crossCheckGuava_encloses[41: 2016-01-02/2016-01-02, 2016-01-01/2016-01-02, [2016-01-02..2016-01-02), [2016-01-01..2016-01-02)]" classname="org.threeten.extra.TestLocalDateRange" time="0"/>
  <testcase name="crossCheckGuava_encloses[42: 2016-01-02/2016-01-02, 2016-01-01/2016-01-03, [2016-01-02..2016-01-02), [2016-01-01..2016-01-03)]" classname="org.threeten.extra.TestLocalDateRange" time="0"/>
  <testcase name="crossCheckGuava_encloses[43: 2016-01-02/2016-01-02, 2016-01-01/2016-01-04, [2016-01-02..2016-01-02), [2016-01-01..2016-01-04)]" classname="org.threeten.extra.TestLocalDateRange" time="0"/>
  <testcase name="crossCheckGuava_encloses[44: 2016-01-02/2016-01-02, 2016-01-02/2016-01-02, [2016-01-02..2016-01-02), [2016-01-02..2016-01-02)]" classname="org.threeten.extra.TestLocalDateRange" time="0"/>
  <testcase name="crossCheckGuava_encloses[45: 2016-01-02/2016-01-02, 2016-01-02/2016-01-03, [2016-01-02..2016-01-02), [2016-01-02..2016-01-03)]" classname="org.threeten.extra.TestLocalDateRange" time="0"/>
  <testcase name="crossCheckGuava_encloses[46: 2016-01-02/2016-01-02, 2016-01-02/2016-01-04, [2016-01-02..2016-01-02), [2016-01-02..2016-01-04)]" classname="org.threeten.extra.TestLocalDateRange" time="0"/>
  <testcase name="crossCheckGuava_encloses[47: 2016-01-02/2016-01-02, 2016-01-03/2016-01-03, [2016-01-02..2016-01-02), [2016-01-03..2016-01-03)]" classname="org.threeten.extra.TestLocalDateRange" time="0"/>
  <testcase name="crossCheckGuava_encloses[48: 2016-01-02/2016-01-02, 2016-01-03/2016-01-04, [2016-01-02..2016-01-02), [2016-01-03..2016-01-04)]" classname="org.threeten.extra.TestLocalDateRange" time="0"/>
  <testcase name="crossCheckGuava_encloses[49: 2016-01-02/2016-01-02, 2016-01-04/2016-01-04, [2016-01-02..2016-01-02), [2016-01-04..2016-01-04)]" classname="org.threeten.extra.TestLocalDateRange" time="0.001"/>
  <testcase name="crossCheckGuava_encloses[50: 2016-01-02/2016-01-03, 2016-01-01/2016-01-01, [2016-01-02..2016-01-03), [2016-01-01..2016-01-01)]" classname="org.threeten.extra.TestLocalDateRange" time="0"/>
  <testcase name="crossCheckGuava_encloses[51: 2016-01-02/2016-01-03, 2016-01-01/2016-01-02, [2016-01-02..2016-01-03), [2016-01-01..2016-01-02)]" classname="org.threeten.extra.TestLocalDateRange" time="0"/>
  <testcase name="crossCheckGuava_encloses[52: 2016-01-02/2016-01-03, 2016-01-01/2016-01-03, [2016-01-02..2016-01-03), [2016-01-01..2016-01-03)]" classname="org.threeten.extra.TestLocalDateRange" time="0"/>
  <testcase name="crossCheckGuava_encloses[53: 2016-01-02/2016-01-03, 2016-01-01/2016-01-04, [2016-01-02..2016-01-03), [2016-01-01..2016-01-04)]" classname="org.threeten.extra.TestLocalDateRange" time="0"/>
  <testcase name="crossCheckGuava_encloses[54: 2016-01-02/2016-01-03, 2016-01-02/2016-01-02, [2016-01-02..2016-01-03), [2016-01-02..2016-01-02)]" classname="org.threeten.extra.TestLocalDateRange" time="0"/>
  <testcase name="crossCheckGuava_encloses[55: 2016-01-02/2016-01-03, 2016-01-02/2016-01-03, [2016-01-02..2016-01-03), [2016-01-02..2016-01-03)]" classname="org.threeten.extra.TestLocalDateRange" time="0"/>
  <testcase name="crossCheckGuava_encloses[56: 2016-01-02/2016-01-03, 2016-01-02/2016-01-04, [2016-01-02..2016-01-03), [2016-01-02..2016-01-04)]" classname="org.threeten.extra.TestLocalDateRange" time="0"/>
  <testcase name="crossCheckGuava_encloses[57: 2016-01-02/2016-01-03, 2016-01-03/2016-01-03, [2016-01-02..2016-01-03), [2016-01-03..2016-01-03)]" classname="org.threeten.extra.TestLocalDateRange" time="0"/>
  <testcase name="crossCheckGuava_encloses[58: 2016-01-02/2016-01-03, 2016-01-03/2016-01-04, [2016-01-02..2016-01-03), [2016-01-03..2016-01-04)]" classname="org.threeten.extra.TestLocalDateRange" time="0"/>
  <testcase name="crossCheckGuava_encloses[59: 2016-01-02/2016-01-03, 2016-01-04/2016-01-04, [2016-01-02..2016-01-03), [2016-01-04..2016-01-04)]" classname="org.threeten.extra.TestLocalDateRange" time="0"/>
  <testcase name="crossCheckGuava_encloses[60: 2016-01-02/2016-01-04, 2016-01-01/2016-01-01, [2016-01-02..2016-01-04), [2016-01-01..2016-01-01)]" classname="org.threeten.extra.TestLocalDateRange" time="0"/>
  <testcase name="crossCheckGuava_encloses[61: 2016-01-02/2016-01-04, 2016-01-01/2016-01-02, [2016-01-02..2016-01-04), [2016-01-01..2016-01-02)]" classname="org.threeten.extra.TestLocalDateRange" time="0"/>
  <testcase name="crossCheckGuava_encloses[62: 2016-01-02/2016-01-04, 2016-01-01/2016-01-03, [2016-01-02..2016-01-04), [2016-01-01..2016-01-03)]" classname="org.threeten.extra.TestLocalDateRange" time="0"/>
  <testcase name="crossCheckGuava_encloses[63: 2016-01-02/2016-01-04, 2016-01-01/2016-01-04, [2016-01-02..2016-01-04), [2016-01-01..2016-01-04)]" classname="org.threeten.extra.TestLocalDateRange" time="0"/>
  <testcase name="crossCheckGuava_encloses[64: 2016-01-02/2016-01-04, 2016-01-02/2016-01-02, [2016-01-02..2016-01-04), [2016-01-02..2016-01-02)]" classname="org.threeten.extra.TestLocalDateRange" time="0"/>
  <testcase name="crossCheckGuava_encloses[65: 2016-01-02/2016-01-04, 2016-01-02/2016-01-03, [2016-01-02..2016-01-04), [2016-01-02..2016-01-03)]" classname="org.threeten.extra.TestLocalDateRange" time="0"/>
  <testcase name="crossCheckGuava_encloses[66: 2016-01-02/2016-01-04, 2016-01-02/2016-01-04, [2016-01-02..2016-01-04), [2016-01-02..2016-01-04)]" classname="org.threeten.extra.TestLocalDateRange" time="0"/>
  <testcase name="crossCheckGuava_encloses[67: 2016-01-02/2016-01-04, 2016-01-03/2016-01-03, [2016-01-02..2016-01-04), [2016-01-03..2016-01-03)]" classname="org.threeten.extra.TestLocalDateRange" time="0"/>
  <testcase name="crossCheckGuava_encloses[68: 2016-01-02/2016-01-04, 2016-01-03/2016-01-04, [2016-01-02..2016-01-04), [2016-01-03..2016-01-04)]" classname="org.threeten.extra.TestLocalDateRange" time="0"/>
  <testcase name="crossCheckGuava_encloses[69: 2016-01-02/2016-01-04, 2016-01-04/2016-01-04, [2016-01-02..2016-01-04), [2016-01-04..2016-01-04)]" classname="org.threeten.extra.TestLocalDateRange" time="0"/>
  <testcase name="crossCheckGuava_encloses[70: 2016-01-03/2016-01-03, 2016-01-01/2016-01-01, [2016-01-03..2016-01-03), [2016-01-01..2016-01-01)]" classname="org.threeten.extra.TestLocalDateRange" time="0"/>
  <testcase name="crossCheckGuava_encloses[71: 2016-01-03/2016-01-03, 2016-01-01/2016-01-02, [2016-01-03..2016-01-03), [2016-01-01..2016-01-02)]" classname="org.threeten.extra.TestLocalDateRange" time="0"/>
  <testcase name="crossCheckGuava_encloses[72: 2016-01-03/2016-01-03, 2016-01-01/2016-01-03, [2016-01-03..2016-01-03), [2016-01-01..2016-01-03)]" classname="org.threeten.extra.TestLocalDateRange" time="0"/>
  <testcase name="crossCheckGuava_encloses[73: 2016-01-03/2016-01-03, 2016-01-01/2016-01-04, [2016-01-03..2016-01-03), [2016-01-01..2016-01-04)]" classname="org.threeten.extra.TestLocalDateRange" time="0"/>
  <testcase name="crossCheckGuava_encloses[74: 2016-01-03/2016-01-03, 2016-01-02/2016-01-02, [2016-01-03..2016-01-03), [2016-01-02..2016-01-02)]" classname="org.threeten.extra.TestLocalDateRange" time="0"/>
  <testcase name="crossCheckGuava_encloses[75: 2016-01-03/2016-01-03, 2016-01-02/2016-01-03, [2016-01-03..2016-01-03), [2016-01-02..2016-01-03)]" classname="org.threeten.extra.TestLocalDateRange" time="0"/>
  <testcase name="crossCheckGuava_encloses[76: 2016-01-03/2016-01-03, 2016-01-02/2016-01-04, [2016-01-03..2016-01-03), [2016-01-02..2016-01-04)]" classname="org.threeten.extra.TestLocalDateRange" time="0"/>
  <testcase name="crossCheckGuava_encloses[77: 2016-01-03/2016-01-03, 2016-01-03/2016-01-03, [2016-01-03..2016-01-03), [2016-01-03..2016-01-03)]" classname="org.threeten.extra.TestLocalDateRange" time="0"/>
  <testcase name="crossCheckGuava_encloses[78: 2016-01-03/2016-01-03, 2016-01-03/2016-01-04, [2016-01-03..2016-01-03), [2016-01-03..2016-01-04)]" classname="org.threeten.extra.TestLocalDateRange" time="0"/>
  <testcase name="crossCheckGuava_encloses[79: 2016-01-03/2016-01-03, 2016-01-04/2016-01-04, [2016-01-03..2016-01-03), [2016-01-04..2016-01-04)]" classname="org.threeten.extra.TestLocalDateRange" time="0"/>
  <testcase name="crossCheckGuava_encloses[80: 2016-01-03/2016-01-04, 2016-01-01/2016-01-01, [2016-01-03..2016-01-04), [2016-01-01..2016-01-01)]" classname="org.threeten.extra.TestLocalDateRange" time="0"/>
  <testcase name="crossCheckGuava_encloses[81: 2016-01-03/2016-01-04, 2016-01-01/2016-01-02, [2016-01-03..2016-01-04), [2016-01-01..2016-01-02)]" classname="org.threeten.extra.TestLocalDateRange" time="0"/>
  <testcase name="crossCheckGuava_encloses[82: 2016-01-03/2016-01-04, 2016-01-01/2016-01-03, [2016-01-03..2016-01-04), [2016-01-01..2016-01-03)]" classname="org.threeten.extra.TestLocalDateRange" time="0"/>
  <testcase name="crossCheckGuava_encloses[83: 2016-01-03/2016-01-04, 2016-01-01/2016-01-04, [2016-01-03..2016-01-04), [2016-01-01..2016-01-04)]" classname="org.threeten.extra.TestLocalDateRange" time="0"/>
  <testcase name="crossCheckGuava_encloses[84: 2016-01-03/2016-01-04, 2016-01-02/2016-01-02, [2016-01-03..2016-01-04), [2016-01-02..2016-01-02)]" classname="org.threeten.extra.TestLocalDateRange" time="0.001"/>
  <testcase name="crossCheckGuava_encloses[85: 2016-01-03/2016-01-04, 2016-01-02/2016-01-03, [2016-01-03..2016-01-04), [2016-01-02..2016-01-03)]" classname="org.threeten.extra.TestLocalDateRange" time="0"/>
  <testcase name="crossCheckGuava_encloses[86: 2016-01-03/2016-01-04, 2016-01-02/2016-01-04, [2016-01-03..2016-01-04), [2016-01-02..2016-01-04)]" classname="org.threeten.extra.TestLocalDateRange" time="0"/>
  <testcase name="crossCheckGuava_encloses[87: 2016-01-03/2016-01-04, 2016-01-03/2016-01-03, [2016-01-03..2016-01-04), [2016-01-03..2016-01-03)]" classname="org.threeten.extra.TestLocalDateRange" time="0"/>
  <testcase name="crossCheckGuava_encloses[88: 2016-01-03/2016-01-04, 2016-01-03/2016-01-04, [2016-01-03..2016-01-04), [2016-01-03..2016-01-04)]" classname="org.threeten.extra.TestLocalDateRange" time="0"/>
  <testcase name="crossCheckGuava_encloses[89: 2016-01-03/2016-01-04, 2016-01-04/2016-01-04, [2016-01-03..2016-01-04), [2016-01-04..2016-01-04)]" classname="org.threeten.extra.TestLocalDateRange" time="0"/>
  <testcase name="crossCheckGuava_encloses[90: 2016-01-04/2016-01-04, 2016-01-01/2016-01-01, [2016-01-04..2016-01-04), [2016-01-01..2016-01-01)]" classname="org.threeten.extra.TestLocalDateRange" time="0"/>
  <testcase name="crossCheckGuava_encloses[91: 2016-01-04/2016-01-04, 2016-01-01/2016-01-02, [2016-01-04..2016-01-04), [2016-01-01..2016-01-02)]" classname="org.threeten.extra.TestLocalDateRange" time="0"/>
  <testcase name="crossCheckGuava_encloses[92: 2016-01-04/2016-01-04, 2016-01-01/2016-01-03, [2016-01-04..2016-01-04), [2016-01-01..2016-01-03)]" classname="org.threeten.extra.TestLocalDateRange" time="0"/>
  <testcase name="crossCheckGuava_encloses[93: 2016-01-04/2016-01-04, 2016-01-01/2016-01-04, [2016-01-04..2016-01-04), [2016-01-01..2016-01-04)]" classname="org.threeten.extra.TestLocalDateRange" time="0"/>
  <testcase name="crossCheckGuava_encloses[94: 2016-01-04/2016-01-04, 2016-01-02/2016-01-02, [2016-01-04..2016-01-04), [2016-01-02..2016-01-02)]" classname="org.threeten.extra.TestLocalDateRange" time="0"/>
  <testcase name="crossCheckGuava_encloses[95: 2016-01-04/2016-01-04, 2016-01-02/2016-01-03, [2016-01-04..2016-01-04), [2016-01-02..2016-01-03)]" classname="org.threeten.extra.TestLocalDateRange" time="0"/>
  <testcase name="crossCheckGuava_encloses[96: 2016-01-04/2016-01-04, 2016-01-02/2016-01-04, [2016-01-04..2016-01-04), [2016-01-02..2016-01-04)]" classname="org.threeten.extra.TestLocalDateRange" time="0"/>
  <testcase name="crossCheckGuava_encloses[97: 2016-01-04/2016-01-04, 2016-01-03/2016-01-03, [2016-01-04..2016-01-04), [2016-01-03..2016-01-03)]" classname="org.threeten.extra.TestLocalDateRange" time="0"/>
  <testcase name="crossCheckGuava_encloses[98: 2016-01-04/2016-01-04, 2016-01-03/2016-01-04, [2016-01-04..2016-01-04), [2016-01-03..2016-01-04)]" classname="org.threeten.extra.TestLocalDateRange" time="0"/>
  <testcase name="crossCheckGuava_encloses[99: 2016-01-04/2016-01-04, 2016-01-04/2016-01-04, [2016-01-04..2016-01-04), [2016-01-04..2016-01-04)]" classname="org.threeten.extra.TestLocalDateRange" time="0"/>
  <testcase name="test_withEnd" classname="org.threeten.extra.TestLocalDateRange" time="0"/>
  <testcase name="crossCheckGuava_intersection[0: 2016-01-01/2016-01-01, 2016-01-01/2016-01-01, [2016-01-01..2016-01-01), [2016-01-01..2016-01-01)]" classname="org.threeten.extra.TestLocalDateRange" time="0"/>
  <testcase name="crossCheckGuava_intersection[1: 2016-01-01/2016-01-01, 2016-01-01/2016-01-02, [2016-01-01..2016-01-01), [2016-01-01..2016-01-02)]" classname="org.threeten.extra.TestLocalDateRange" time="0"/>
  <testcase name="crossCheckGuava_intersection[2: 2016-01-01/2016-01-01, 2016-01-01/2016-01-03, [2016-01-01..2016-01-01), [2016-01-01..2016-01-03)]" classname="org.threeten.extra.TestLocalDateRange" time="0"/>
  <testcase name="crossCheckGuava_intersection[3: 2016-01-01/2016-01-01, 2016-01-01/2016-01-04, [2016-01-01..2016-01-01), [2016-01-01..2016-01-04)]" classname="org.threeten.extra.TestLocalDateRange" time="0"/>
  <testcase name="crossCheckGuava_intersection[4: 2016-01-01/2016-01-01, 2016-01-02/2016-01-02, [2016-01-01..2016-01-01), [2016-01-02..2016-01-02)]" classname="org.threeten.extra.TestLocalDateRange" time="0"/>
  <testcase name="crossCheckGuava_intersection[5: 2016-01-01/2016-01-01, 2016-01-02/2016-01-03, [2016-01-01..2016-01-01), [2016-01-02..2016-01-03)]" classname="org.threeten.extra.TestLocalDateRange" time="0"/>
  <testcase name="crossCheckGuava_intersection[6: 2016-01-01/2016-01-01, 2016-01-02/2016-01-04, [2016-01-01..2016-01-01), [2016-01-02..2016-01-04)]" classname="org.threeten.extra.TestLocalDateRange" time="0"/>
  <testcase name="crossCheckGuava_intersection[7: 2016-01-01/2016-01-01, 2016-01-03/2016-01-03, [2016-01-01..2016-01-01), [2016-01-03..2016-01-03)]" classname="org.threeten.extra.TestLocalDateRange" time="0"/>
  <testcase name="crossCheckGuava_intersection[8: 2016-01-01/2016-01-01, 2016-01-03/2016-01-04, [2016-01-01..2016-01-01), [2016-01-03..2016-01-04)]" classname="org.threeten.extra.TestLocalDateRange" time="0"/>
  <testcase name="crossCheckGuava_intersection[9: 2016-01-01/2016-01-01, 2016-01-04/2016-01-04, [2016-01-01..2016-01-01), [2016-01-04..2016-01-04)]" classname="org.threeten.extra.TestLocalDateRange" time="0"/>
  <testcase name="crossCheckGuava_intersection[10: 2016-01-01/2016-01-02, 2016-01-01/2016-01-01, [2016-01-01..2016-01-02), [2016-01-01..2016-01-01)]" classname="org.threeten.extra.TestLocalDateRange" time="0"/>
  <testcase name="crossCheckGuava_intersection[11: 2016-01-01/2016-01-02, 2016-01-01/2016-01-02, [2016-01-01..2016-01-02), [2016-01-01..2016-01-02)]" classname="org.threeten.extra.TestLocalDateRange" time="0"/>
  <testcase name="crossCheckGuava_intersection[12: 2016-01-01/2016-01-02, 2016-01-01/2016-01-03, [2016-01-01..2016-01-02), [2016-01-01..2016-01-03)]" classname="org.threeten.extra.TestLocalDateRange" time="0"/>
  <testcase name="crossCheckGuava_intersection[13: 2016-01-01/2016-01-02, 2016-01-01/2016-01-04, [2016-01-01..2016-01-02), [2016-01-01..2016-01-04)]" classname="org.threeten.extra.TestLocalDateRange" time="0"/>
  <testcase name="crossCheckGuava_intersection[14: 2016-01-01/2016-01-02, 2016-01-02/2016-01-02, [2016-01-01..2016-01-02), [2016-01-02..2016-01-02)]" classname="org.threeten.extra.TestLocalDateRange" time="0"/>
  <testcase name="crossCheckGuava_intersection[15: 2016-01-01/2016-01-02, 2016-01-02/2016-01-03, [2016-01-01..2016-01-02), [2016-01-02..2016-01-03)]" classname="org.threeten.extra.TestLocalDateRange" time="0"/>
  <testcase name="crossCheckGuava_intersection[16: 2016-01-01/2016-01-02, 2016-01-02/2016-01-04, [2016-01-01..2016-01-02), [2016-01-02..2016-01-04)]" classname="org.threeten.extra.TestLocalDateRange" time="0"/>
  <testcase name="crossCheckGuava_intersection[17: 2016-01-01/2016-01-02, 2016-01-03/2016-01-03, [2016-01-01..2016-01-02), [2016-01-03..2016-01-03)]" classname="org.threeten.extra.TestLocalDateRange" time="0"/>
  <testcase name="crossCheckGuava_intersection[18: 2016-01-01/2016-01-02, 2016-01-03/2016-01-04, [2016-01-01..2016-01-02), [2016-01-03..2016-01-04)]" classname="org.threeten.extra.TestLocalDateRange" time="0"/>
  <testcase name="crossCheckGuava_intersection[19: 2016-01-01/2016-01-02, 2016-01-04/2016-01-04, [2016-01-01..2016-01-02), [2016-01-04..2016-01-04)]" classname="org.threeten.extra.TestLocalDateRange" time="0"/>
  <testcase name="crossCheckGuava_intersection[20: 2016-01-01/2016-01-03, 2016-01-01/2016-01-01, [2016-01-01..2016-01-03), [2016-01-01..2016-01-01)]" classname="org.threeten.extra.TestLocalDateRange" time="0"/>
  <testcase name="crossCheckGuava_intersection[21: 2016-01-01/2016-01-03, 2016-01-01/2016-01-02, [2016-01-01..2016-01-03), [2016-01-01..2016-01-02)]" classname="org.threeten.extra.TestLocalDateRange" time="0"/>
  <testcase name="crossCheckGuava_intersection[22: 2016-01-01/2016-01-03, 2016-01-01/2016-01-03, [2016-01-01..2016-01-03), [2016-01-01..2016-01-03)]" classname="org.threeten.extra.TestLocalDateRange" time="0"/>
  <testcase name="crossCheckGuava_intersection[23: 2016-01-01/2016-01-03, 2016-01-01/2016-01-04, [2016-01-01..2016-01-03), [2016-01-01..2016-01-04)]" classname="org.threeten.extra.TestLocalDateRange" time="0"/>
  <testcase name="crossCheckGuava_intersection[24: 2016-01-01/2016-01-03, 2016-01-02/2016-01-02, [2016-01-01..2016-01-03), [2016-01-02..2016-01-02)]" classname="org.threeten.extra.TestLocalDateRange" time="0"/>
  <testcase name="crossCheckGuava_intersection[25: 2016-01-01/2016-01-03, 2016-01-02/2016-01-03, [2016-01-01..2016-01-03), [2016-01-02..2016-01-03)]" classname="org.threeten.extra.TestLocalDateRange" time="0"/>
  <testcase name="crossCheckGuava_intersection[26: 2016-01-01/2016-01-03, 2016-01-02/2016-01-04, [2016-01-01..2016-01-03), [2016-01-02..2016-01-04)]" classname="org.threeten.extra.TestLocalDateRange" time="0"/>
  <testcase name="crossCheckGuava_intersection[27: 2016-01-01/2016-01-03, 2016-01-03/2016-01-03, [2016-01-01..2016-01-03), [2016-01-03..2016-01-03)]" classname="org.threeten.extra.TestLocalDateRange" time="0"/>
  <testcase name="crossCheckGuava_intersection[28: 2016-01-01/2016-01-03, 2016-01-03/2016-01-04, [2016-01-01..2016-01-03), [2016-01-03..2016-01-04)]" classname="org.threeten.extra.TestLocalDateRange" time="0"/>
  <testcase name="crossCheckGuava_intersection[29: 2016-01-01/2016-01-03, 2016-01-04/2016-01-04, [2016-01-01..2016-01-03), [2016-01-04..2016-01-04)]" classname="org.threeten.extra.TestLocalDateRange" time="0"/>
  <testcase name="crossCheckGuava_intersection[30: 2016-01-01/2016-01-04, 2016-01-01/2016-01-01, [2016-01-01..2016-01-04), [2016-01-01..2016-01-01)]" classname="org.threeten.extra.TestLocalDateRange" time="0"/>
  <testcase name="crossCheckGuava_intersection[31: 2016-01-01/2016-01-04, 2016-01-01/2016-01-02, [2016-01-01..2016-01-04), [2016-01-01..2016-01-02)]" classname="org.threeten.extra.TestLocalDateRange" time="0"/>
  <testcase name="crossCheckGuava_intersection[32: 2016-01-01/2016-01-04, 2016-01-01/2016-01-03, [2016-01-01..2016-01-04), [2016-01-01..2016-01-03)]" classname="org.threeten.extra.TestLocalDateRange" time="0"/>
  <testcase name="crossCheckGuava_intersection[33: 2016-01-01/2016-01-04, 2016-01-01/2016-01-04, [2016-01-01..2016-01-04), [2016-01-01..2016-01-04)]" classname="org.threeten.extra.TestLocalDateRange" time="0.001"/>
  <testcase name="crossCheckGuava_intersection[34: 2016-01-01/2016-01-04, 2016-01-02/2016-01-02, [2016-01-01..2016-01-04), [2016-01-02..2016-01-02)]" classname="org.threeten.extra.TestLocalDateRange" time="0"/>
  <testcase name="crossCheckGuava_intersection[35: 2016-01-01/2016-01-04, 2016-01-02/2016-01-03, [2016-01-01..2016-01-04), [2016-01-02..2016-01-03)]" classname="org.threeten.extra.TestLocalDateRange" time="0"/>
  <testcase name="crossCheckGuava_intersection[36: 2016-01-01/2016-01-04, 2016-01-02/2016-01-04, [2016-01-01..2016-01-04), [2016-01-02..2016-01-04)]" classname="org.threeten.extra.TestLocalDateRange" time="0"/>
  <testcase name="crossCheckGuava_intersection[37: 2016-01-01/2016-01-04, 2016-01-03/2016-01-03, [2016-01-01..2016-01-04), [2016-01-03..2016-01-03)]" classname="org.threeten.extra.TestLocalDateRange" time="0"/>
  <testcase name="crossCheckGuava_intersection[38: 2016-01-01/2016-01-04, 2016-01-03/2016-01-04, [2016-01-01..2016-01-04), [2016-01-03..2016-01-04)]" classname="org.threeten.extra.TestLocalDateRange" time="0"/>
  <testcase name="crossCheckGuava_intersection[39: 2016-01-01/2016-01-04, 2016-01-04/2016-01-04, [2016-01-01..2016-01-04), [2016-01-04..2016-01-04)]" classname="org.threeten.extra.TestLocalDateRange" time="0"/>
  <testcase name="crossCheckGuava_intersection[40: 2016-01-02/2016-01-02, 2016-01-01/2016-01-01, [2016-01-02..2016-01-02), [2016-01-01..2016-01-01)]" classname="org.threeten.extra.TestLocalDateRange" time="0"/>
  <testcase name="crossCheckGuava_intersection[41: 2016-01-02/2016-01-02, 2016-01-01/2016-01-02, [2016-01-02..2016-01-02), [2016-01-01..2016-01-02)]" classname="org.threeten.extra.TestLocalDateRange" time="0"/>
  <testcase name="crossCheckGuava_intersection[42: 2016-01-02/2016-01-02, 2016-01-01/2016-01-03, [2016-01-02..2016-01-02), [2016-01-01..2016-01-03)]" classname="org.threeten.extra.TestLocalDateRange" time="0"/>
  <testcase name="crossCheckGuava_intersection[43: 2016-01-02/2016-01-02, 2016-01-01/2016-01-04, [2016-01-02..2016-01-02), [2016-01-01..2016-01-04)]" classname="org.threeten.extra.TestLocalDateRange" time="0"/>
  <testcase name="crossCheckGuava_intersection[44: 2016-01-02/2016-01-02, 2016-01-02/2016-01-02, [2016-01-02..2016-01-02), [2016-01-02..2016-01-02)]" classname="org.threeten.extra.TestLocalDateRange" time="0"/>
  <testcase name="crossCheckGuava_intersection[45: 2016-01-02/2016-01-02, 2016-01-02/2016-01-03, [2016-01-02..2016-01-02), [2016-01-02..2016-01-03)]" classname="org.threeten.extra.TestLocalDateRange" time="0"/>
  <testcase name="crossCheckGuava_intersection[46: 2016-01-02/2016-01-02, 2016-01-02/2016-01-04, [2016-01-02..2016-01-02), [2016-01-02..2016-01-04)]" classname="org.threeten.extra.TestLocalDateRange" time="0"/>
  <testcase name="crossCheckGuava_intersection[47: 2016-01-02/2016-01-02, 2016-01-03/2016-01-03, [2016-01-02..2016-01-02), [2016-01-03..2016-01-03)]" classname="org.threeten.extra.TestLocalDateRange" time="0"/>
  <testcase name="crossCheckGuava_intersection[48: 2016-01-02/2016-01-02, 2016-01-03/2016-01-04, [2016-01-02..2016-01-02), [2016-01-03..2016-01-04)]" classname="org.threeten.extra.TestLocalDateRange" time="0"/>
  <testcase name="crossCheckGuava_intersection[49: 2016-01-02/2016-01-02, 2016-01-04/2016-01-04, [2016-01-02..2016-01-02), [2016-01-04..2016-01-04)]" classname="org.threeten.extra.TestLocalDateRange" time="0"/>
  <testcase name="crossCheckGuava_intersection[50: 2016-01-02/2016-01-03, 2016-01-01/2016-01-01, [2016-01-02..2016-01-03), [2016-01-01..2016-01-01)]" classname="org.threeten.extra.TestLocalDateRange" time="0"/>
  <testcase name="crossCheckGuava_intersection[51: 2016-01-02/2016-01-03, 2016-01-01/2016-01-02, [2016-01-02..2016-01-03), [2016-01-01..2016-01-02)]" classname="org.threeten.extra.TestLocalDateRange" time="0"/>
  <testcase name="crossCheckGuava_intersection[52: 2016-01-02/2016-01-03, 2016-01-01/2016-01-03, [2016-01-02..2016-01-03), [2016-01-01..2016-01-03)]" classname="org.threeten.extra.TestLocalDateRange" time="0"/>
  <testcase name="crossCheckGuava_intersection[53: 2016-01-02/2016-01-03, 2016-01-01/2016-01-04, [2016-01-02..2016-01-03), [2016-01-01..2016-01-04)]" classname="org.threeten.extra.TestLocalDateRange" time="0"/>
  <testcase name="crossCheckGuava_intersection[54: 2016-01-02/2016-01-03, 2016-01-02/2016-01-02, [2016-01-02..2016-01-03), [2016-01-02..2016-01-02)]" classname="org.threeten.extra.TestLocalDateRange" time="0"/>
  <testcase name="crossCheckGuava_intersection[55: 2016-01-02/2016-01-03, 2016-01-02/2016-01-03, [2016-01-02..2016-01-03), [2016-01-02..2016-01-03)]" classname="org.threeten.extra.TestLocalDateRange" time="0"/>
  <testcase name="crossCheckGuava_intersection[56: 2016-01-02/2016-01-03, 2016-01-02/2016-01-04, [2016-01-02..2016-01-03), [2016-01-02..2016-01-04)]" classname="org.threeten.extra.TestLocalDateRange" time="0"/>
  <testcase name="crossCheckGuava_intersection[57: 2016-01-02/2016-01-03, 2016-01-03/2016-01-03, [2016-01-02..2016-01-03), [2016-01-03..2016-01-03)]" classname="org.threeten.extra.TestLocalDateRange" time="0"/>
  <testcase name="crossCheckGuava_intersection[58: 2016-01-02/2016-01-03, 2016-01-03/2016-01-04, [2016-01-02..2016-01-03), [2016-01-03..2016-01-04)]" classname="org.threeten.extra.TestLocalDateRange" time="0"/>
  <testcase name="crossCheckGuava_intersection[59: 2016-01-02/2016-01-03, 2016-01-04/2016-01-04, [2016-01-02..2016-01-03), [2016-01-04..2016-01-04)]" classname="org.threeten.extra.TestLocalDateRange" time="0"/>
  <testcase name="crossCheckGuava_intersection[60: 2016-01-02/2016-01-04, 2016-01-01/2016-01-01, [2016-01-02..2016-01-04), [2016-01-01..2016-01-01)]" classname="org.threeten.extra.TestLocalDateRange" time="0"/>
  <testcase name="crossCheckGuava_intersection[61: 2016-01-02/2016-01-04, 2016-01-01/2016-01-02, [2016-01-02..2016-01-04), [2016-01-01..2016-01-02)]" classname="org.threeten.extra.TestLocalDateRange" time="0"/>
  <testcase name="crossCheckGuava_intersection[62: 2016-01-02/2016-01-04, 2016-01-01/2016-01-03, [2016-01-02..2016-01-04), [2016-01-01..2016-01-03)]" classname="org.threeten.extra.TestLocalDateRange" time="0"/>
  <testcase name="crossCheckGuava_intersection[63: 2016-01-02/2016-01-04, 2016-01-01/2016-01-04, [2016-01-02..2016-01-04), [2016-01-01..2016-01-04)]" classname="org.threeten.extra.TestLocalDateRange" time="0.001"/>
  <testcase name="crossCheckGuava_intersection[64: 2016-01-02/2016-01-04, 2016-01-02/2016-01-02, [2016-01-02..2016-01-04), [2016-01-02..2016-01-02)]" classname="org.threeten.extra.TestLocalDateRange" time="0"/>
  <testcase name="crossCheckGuava_intersection[65: 2016-01-02/2016-01-04, 2016-01-02/2016-01-03, [2016-01-02..2016-01-04), [2016-01-02..2016-01-03)]" classname="org.threeten.extra.TestLocalDateRange" time="0"/>
  <testcase name="crossCheckGuava_intersection[66: 2016-01-02/2016-01-04, 2016-01-02/2016-01-04, [2016-01-02..2016-01-04), [2016-01-02..2016-01-04)]" classname="org.threeten.extra.TestLocalDateRange" time="0"/>
  <testcase name="crossCheckGuava_intersection[67: 2016-01-02/2016-01-04, 2016-01-03/2016-01-03, [2016-01-02..2016-01-04), [2016-01-03..2016-01-03)]" classname="org.threeten.extra.TestLocalDateRange" time="0"/>
  <testcase name="crossCheckGuava_intersection[68: 2016-01-02/2016-01-04, 2016-01-03/2016-01-04, [2016-01-02..2016-01-04), [2016-01-03..2016-01-04)]" classname="org.threeten.extra.TestLocalDateRange" time="0"/>
  <testcase name="crossCheckGuava_intersection[69: 2016-01-02/2016-01-04, 2016-01-04/2016-01-04, [2016-01-02..2016-01-04), [2016-01-04..2016-01-04)]" classname="org.threeten.extra.TestLocalDateRange" time="0"/>
  <testcase name="crossCheckGuava_intersection[70: 2016-01-03/2016-01-03, 2016-01-01/2016-01-01, [2016-01-03..2016-01-03), [2016-01-01..2016-01-01)]" classname="org.threeten.extra.TestLocalDateRange" time="0"/>
  <testcase name="crossCheckGuava_intersection[71: 2016-01-03/2016-01-03, 2016-01-01/2016-01-02, [2016-01-03..2016-01-03), [2016-01-01..2016-01-02)]" classname="org.threeten.extra.TestLocalDateRange" time="0"/>
  <testcase name="crossCheckGuava_intersection[72: 2016-01-03/2016-01-03, 2016-01-01/2016-01-03, [2016-01-03..2016-01-03), [2016-01-01..2016-01-03)]" classname="org.threeten.extra.TestLocalDateRange" time="0"/>
  <testcase name="crossCheckGuava_intersection[73: 2016-01-03/2016-01-03, 2016-01-01/2016-01-04, [2016-01-03..2016-01-03), [2016-01-01..2016-01-04)]" classname="org.threeten.extra.TestLocalDateRange" time="0"/>
  <testcase name="crossCheckGuava_intersection[74: 2016-01-03/2016-01-03, 2016-01-02/2016-01-02, [2016-01-03..2016-01-03), [2016-01-02..2016-01-02)]" classname="org.threeten.extra.TestLocalDateRange" time="0"/>
  <testcase name="crossCheckGuava_intersection[75: 2016-01-03/2016-01-03, 2016-01-02/2016-01-03, [2016-01-03..2016-01-03), [2016-01-02..2016-01-03)]" classname="org.threeten.extra.TestLocalDateRange" time="0"/>
  <testcase name="crossCheckGuava_intersection[76: 2016-01-03/2016-01-03, 2016-01-02/2016-01-04, [2016-01-03..2016-01-03), [2016-01-02..2016-01-04)]" classname="org.threeten.extra.TestLocalDateRange" time="0"/>
  <testcase name="crossCheckGuava_intersection[77: 2016-01-03/2016-01-03, 2016-01-03/2016-01-03, [2016-01-03..2016-01-03), [2016-01-03..2016-01-03)]" classname="org.threeten.extra.TestLocalDateRange" time="0"/>
  <testcase name="crossCheckGuava_intersection[78: 2016-01-03/2016-01-03, 2016-01-03/2016-01-04, [2016-01-03..2016-01-03), [2016-01-03..2016-01-04)]" classname="org.threeten.extra.TestLocalDateRange" time="0"/>
  <testcase name="crossCheckGuava_intersection[79: 2016-01-03/2016-01-03, 2016-01-04/2016-01-04, [2016-01-03..2016-01-03), [2016-01-04..2016-01-04)]" classname="org.threeten.extra.TestLocalDateRange" time="0"/>
  <testcase name="crossCheckGuava_intersection[80: 2016-01-03/2016-01-04, 2016-01-01/2016-01-01, [2016-01-03..2016-01-04), [2016-01-01..2016-01-01)]" classname="org.threeten.extra.TestLocalDateRange" time="0"/>
  <testcase name="crossCheckGuava_intersection[81: 2016-01-03/2016-01-04, 2016-01-01/2016-01-02, [2016-01-03..2016-01-04), [2016-01-01..2016-01-02)]" classname="org.threeten.extra.TestLocalDateRange" time="0"/>
  <testcase name="crossCheckGuava_intersection[82: 2016-01-03/2016-01-04, 2016-01-01/2016-01-03, [2016-01-03..2016-01-04), [2016-01-01..2016-01-03)]" classname="org.threeten.extra.TestLocalDateRange" time="0"/>
  <testcase name="crossCheckGuava_intersection[83: 2016-01-03/2016-01-04, 2016-01-01/2016-01-04, [2016-01-03..2016-01-04), [2016-01-01..2016-01-04)]" classname="org.threeten.extra.TestLocalDateRange" time="0"/>
  <testcase name="crossCheckGuava_intersection[84: 2016-01-03/2016-01-04, 2016-01-02/2016-01-02, [2016-01-03..2016-01-04), [2016-01-02..2016-01-02)]" classname="org.threeten.extra.TestLocalDateRange" time="0"/>
  <testcase name="crossCheckGuava_intersection[85: 2016-01-03/2016-01-04, 2016-01-02/2016-01-03, [2016-01-03..2016-01-04), [2016-01-02..2016-01-03)]" classname="org.threeten.extra.TestLocalDateRange" time="0"/>
  <testcase name="crossCheckGuava_intersection[86: 2016-01-03/2016-01-04, 2016-01-02/2016-01-04, [2016-01-03..2016-01-04), [2016-01-02..2016-01-04)]" classname="org.threeten.extra.TestLocalDateRange" time="0"/>
  <testcase name="crossCheckGuava_intersection[87: 2016-01-03/2016-01-04, 2016-01-03/2016-01-03, [2016-01-03..2016-01-04), [2016-01-03..2016-01-03)]" classname="org.threeten.extra.TestLocalDateRange" time="0"/>
  <testcase name="crossCheckGuava_intersection[88: 2016-01-03/2016-01-04, 2016-01-03/2016-01-04, [2016-01-03..2016-01-04), [2016-01-03..2016-01-04)]" classname="org.threeten.extra.TestLocalDateRange" time="0"/>
  <testcase name="crossCheckGuava_intersection[89: 2016-01-03/2016-01-04, 2016-01-04/2016-01-04, [2016-01-03..2016-01-04), [2016-01-04..2016-01-04)]" classname="org.threeten.extra.TestLocalDateRange" time="0"/>
  <testcase name="crossCheckGuava_intersection[90: 2016-01-04/2016-01-04, 2016-01-01/2016-01-01, [2016-01-04..2016-01-04), [2016-01-01..2016-01-01)]" classname="org.threeten.extra.TestLocalDateRange" time="0"/>
  <testcase name="crossCheckGuava_intersection[91: 2016-01-04/2016-01-04, 2016-01-01/2016-01-02, [2016-01-04..2016-01-04), [2016-01-01..2016-01-02)]" classname="org.threeten.extra.TestLocalDateRange" time="0"/>
  <testcase name="crossCheckGuava_intersection[92: 2016-01-04/2016-01-04, 2016-01-01/2016-01-03, [2016-01-04..2016-01-04), [2016-01-01..2016-01-03)]" classname="org.threeten.extra.TestLocalDateRange" time="0"/>
  <testcase name="crossCheckGuava_intersection[93: 2016-01-04/2016-01-04, 2016-01-01/2016-01-04, [2016-01-04..2016-01-04), [2016-01-01..2016-01-04)]" classname="org.threeten.extra.TestLocalDateRange" time="0"/>
  <testcase name="crossCheckGuava_intersection[94: 2016-01-04/2016-01-04, 2016-01-02/2016-01-02, [2016-01-04..2016-01-04), [2016-01-02..2016-01-02)]" classname="org.threeten.extra.TestLocalDateRange" time="0"/>
  <testcase name="crossCheckGuava_intersection[95: 2016-01-04/2016-01-04, 2016-01-02/2016-01-03, [2016-01-04..2016-01-04), [2016-01-02..2016-01-03)]" classname="org.threeten.extra.TestLocalDateRange" time="0"/>
  <testcase name="crossCheckGuava_intersection[96: 2016-01-04/2016-01-04, 2016-01-02/2016-01-04, [2016-01-04..2016-01-04), [2016-01-02..2016-01-04)]" classname="org.threeten.extra.TestLocalDateRange" time="0"/>
  <testcase name="crossCheckGuava_intersection[97: 2016-01-04/2016-01-04, 2016-01-03/2016-01-03, [2016-01-04..2016-01-04), [2016-01-03..2016-01-03)]" classname="org.threeten.extra.TestLocalDateRange" time="0"/>
  <testcase name="crossCheckGuava_intersection[98: 2016-01-04/2016-01-04, 2016-01-03/2016-01-04, [2016-01-04..2016-01-04), [2016-01-03..2016-01-04)]" classname="org.threeten.extra.TestLocalDateRange" time="0"/>
  <testcase name="crossCheckGuava_intersection[99: 2016-01-04/2016-01-04, 2016-01-04/2016-01-04, [2016-01-04..2016-01-04), [2016-01-04..2016-01-04)]" classname="org.threeten.extra.TestLocalDateRange" time="0"/>
  <testcase name="test_parse_CharSequence" classname="org.threeten.extra.TestLocalDateRange" time="0"/>
  <testcase name="test_of_MIN_MINP1" classname="org.threeten.extra.TestLocalDateRange" time="0"/>
  <testcase name="test_of_MIN_MINP2" classname="org.threeten.extra.TestLocalDateRange" time="0"/>
  <testcase name="test_toPeriod_unbounded_MAX" classname="org.threeten.extra.TestLocalDateRange" time="0"/>
  <testcase name="test_toPeriod_unbounded_MIN" classname="org.threeten.extra.TestLocalDateRange" time="0"/>
  <testcase name="test_intersectionBad" classname="org.threeten.extra.TestLocalDateRange" time="0"/>
  <testcase name="test_ofEmpty_MAX" classname="org.threeten.extra.TestLocalDateRange" time="0"/>
  <testcase name="test_ofEmpty_MIN" classname="org.threeten.extra.TestLocalDateRange" time="0.004"/>
  <testcase name="test_contains_baseEmpty" classname="org.threeten.extra.TestLocalDateRange" time="0"/>
  <testcase name="test_of_period" classname="org.threeten.extra.TestLocalDateRange" time="0"/>
  <testcase name="test_encloses[0: 2012-07-01, 2012-07-27, false, false, false, false]" classname="org.threeten.extra.TestLocalDateRange" time="0"/>
  <testcase name="test_encloses[1: 2012-07-01, 2012-07-28, false, true, true, false]" classname="org.threeten.extra.TestLocalDateRange" time="0"/>
  <testcase name="test_encloses[2: 2012-07-27, 2012-07-30, false, false, true, true]" classname="org.threeten.extra.TestLocalDateRange" time="0"/>
  <testcase name="test_encloses[3: 2012-07-28, 2012-07-30, true, false, true, true]" classname="org.threeten.extra.TestLocalDateRange" time="0"/>
  <testcase name="test_encloses[4: 2012-07-29, 2012-07-30, true, false, true, true]" classname="org.threeten.extra.TestLocalDateRange" time="0"/>
  <testcase name="test_encloses[5: 2012-07-27, 2012-07-31, false, false, true, true]" classname="org.threeten.extra.TestLocalDateRange" time="0"/>
  <testcase name="test_encloses[6: 2012-07-28, 2012-07-31, true, false, true, true]" classname="org.threeten.extra.TestLocalDateRange" time="0"/>
  <testcase name="test_encloses[7: 2012-07-29, 2012-07-31, true, false, true, true]" classname="org.threeten.extra.TestLocalDateRange" time="0"/>
  <testcase name="test_encloses[8: 2012-07-30, 2012-07-31, true, false, true, true]" classname="org.threeten.extra.TestLocalDateRange" time="0"/>
  <testcase name="test_encloses[9: 2012-07-27, 2012-08-01, false, false, true, true]" classname="org.threeten.extra.TestLocalDateRange" time="0"/>
  <testcase name="test_encloses[10: 2012-07-28, 2012-08-01, false, false, true, true]" classname="org.threeten.extra.TestLocalDateRange" time="0"/>
  <testcase name="test_encloses[11: 2012-07-29, 2012-08-01, false, false, true, true]" classname="org.threeten.extra.TestLocalDateRange" time="0"/>
  <testcase name="test_encloses[12: 2012-07-30, 2012-08-01, false, false, true, true]" classname="org.threeten.extra.TestLocalDateRange" time="0"/>
  <testcase name="test_encloses[13: 2012-07-31, 2012-08-01, false, true, true, false]" classname="org.threeten.extra.TestLocalDateRange" time="0"/>
  <testcase name="test_encloses[14: 2012-07-31, 2012-08-31, false, true, true, false]" classname="org.threeten.extra.TestLocalDateRange" time="0"/>
  <testcase name="test_encloses[15: 2012-08-01, 2012-08-31, false, false, false, false]" classname="org.threeten.extra.TestLocalDateRange" time="0"/>
  <testcase name="test_encloses[16: 2012-07-27, 2012-07-27, false, false, false, false]" classname="org.threeten.extra.TestLocalDateRange" time="0"/>
  <testcase name="test_encloses[17: 2012-07-28, 2012-07-28, true, true, true, false]" classname="org.threeten.extra.TestLocalDateRange" time="0.001"/>
  <testcase name="test_encloses[18: 2012-07-29, 2012-07-29, true, false, true, true]" classname="org.threeten.extra.TestLocalDateRange" time="0"/>
  <testcase name="test_encloses[19: 2012-07-30, 2012-07-30, true, false, true, true]" classname="org.threeten.extra.TestLocalDateRange" time="0"/>
  <testcase name="test_encloses[20: 2012-07-31, 2012-07-31, true, true, true, false]" classname="org.threeten.extra.TestLocalDateRange" time="0"/>
  <testcase name="test_encloses[21: 2012-08-31, 2012-08-31, false, false, false, false]" classname="org.threeten.extra.TestLocalDateRange" time="0"/>
  <testcase name="test_encloses[22: -999999999-01-01, 2012-07-27, false, false, false, false]" classname="org.threeten.extra.TestLocalDateRange" time="0"/>
  <testcase name="test_encloses[23: -999999999-01-01, 2012-07-28, false, true, true, false]" classname="org.threeten.extra.TestLocalDateRange" time="0"/>
  <testcase name="test_encloses[24: -999999999-01-01, 2012-07-29, false, false, true, true]" classname="org.threeten.extra.TestLocalDateRange" time="0"/>
  <testcase name="test_encloses[25: -999999999-01-01, 2012-07-30, false, false, true, true]" classname="org.threeten.extra.TestLocalDateRange" time="0"/>
  <testcase name="test_encloses[26: -999999999-01-01, 2012-07-31, false, false, true, true]" classname="org.threeten.extra.TestLocalDateRange" time="0"/>
  <testcase name="test_encloses[27: -999999999-01-01, 2012-08-01, false, false, true, true]" classname="org.threeten.extra.TestLocalDateRange" time="0"/>
  <testcase name="test_encloses[28: -999999999-01-01, +999999999-12-31, false, false, true, true]" classname="org.threeten.extra.TestLocalDateRange" time="0"/>
  <testcase name="test_encloses[29: 2012-07-27, +999999999-12-31, false, false, true, true]" classname="org.threeten.extra.TestLocalDateRange" time="0"/>
  <testcase name="test_encloses[30: 2012-07-28, +999999999-12-31, false, false, true, true]" classname="org.threeten.extra.TestLocalDateRange" time="0"/>
  <testcase name="test_encloses[31: 2012-07-29, +999999999-12-31, false, false, true, true]" classname="org.threeten.extra.TestLocalDateRange" time="0"/>
  <testcase name="test_encloses[32: 2012-07-30, +999999999-12-31, false, false, true, true]" classname="org.threeten.extra.TestLocalDateRange" time="0"/>
  <testcase name="test_encloses[33: 2012-07-31, +999999999-12-31, false, true, true, false]" classname="org.threeten.extra.TestLocalDateRange" time="0"/>
  <testcase name="test_encloses[34: 2012-08-01, +999999999-12-31, false, false, false, false]" classname="org.threeten.extra.TestLocalDateRange" time="0"/>
  <testcase name="test_parse_CharSequence_badFormat" classname="org.threeten.extra.TestLocalDateRange" time="0"/>
  <testcase name="test_of_MAXM1_MAXM1" classname="org.threeten.extra.TestLocalDateRange" time="0"/>
  <testcase name="test_stream_MIN_MINP3" classname="org.threeten.extra.TestLocalDateRange" time="0"/>
  <testcase name="test_parse_CharSequence_badOrder" classname="org.threeten.extra.TestLocalDateRange" time="0"/>
  <testcase name="test_isBefore_date[0: 2012-07-01, 2012-07-27, false]" classname="org.threeten.extra.TestLocalDateRange" time="0"/>
  <testcase name="test_isBefore_date[1: 2012-07-27, 2012-07-30, false]" classname="org.threeten.extra.TestLocalDateRange" time="0"/>
  <testcase name="test_isBefore_date[2: 2012-07-28, 2012-07-30, false]" classname="org.threeten.extra.TestLocalDateRange" time="0"/>
  <testcase name="test_isBefore_date[3: 2012-07-29, 2012-07-30, false]" classname="org.threeten.extra.TestLocalDateRange" time="0"/>
  <testcase name="test_isBefore_date[4: 2012-07-27, 2012-07-31, false]" classname="org.threeten.extra.TestLocalDateRange" time="0"/>
  <testcase name="test_isBefore_date[5: 2012-07-28, 2012-07-31, false]" classname="org.threeten.extra.TestLocalDateRange" time="0"/>
  <testcase name="test_isBefore_date[6: 2012-07-29, 2012-07-31, false]" classname="org.threeten.extra.TestLocalDateRange" time="0"/>
  <testcase name="test_isBefore_date[7: 2012-07-30, 2012-07-31, false]" classname="org.threeten.extra.TestLocalDateRange" time="0"/>
  <testcase name="test_isBefore_date[8: 2012-07-27, 2012-08-01, false]" classname="org.threeten.extra.TestLocalDateRange" time="0"/>
  <testcase name="test_isBefore_date[9: 2012-07-28, 2012-08-01, false]" classname="org.threeten.extra.TestLocalDateRange" time="0"/>
  <testcase name="test_isBefore_date[10: 2012-07-29, 2012-08-01, false]" classname="org.threeten.extra.TestLocalDateRange" time="0"/>
  <testcase name="test_isBefore_date[11: 2012-07-30, 2012-08-01, false]" classname="org.threeten.extra.TestLocalDateRange" time="0"/>
  <testcase name="test_isBefore_date[12: 2012-07-31, 2012-08-01, true]" classname="org.threeten.extra.TestLocalDateRange" time="0"/>
  <testcase name="test_isBefore_date[13: 2012-07-31, 2012-08-31, true]" classname="org.threeten.extra.TestLocalDateRange" time="0"/>
  <testcase name="test_isBefore_date[14: 2012-07-30, 2012-07-30, false]" classname="org.threeten.extra.TestLocalDateRange" time="0"/>
  <testcase name="test_isBefore_date[15: 2012-07-31, 2012-07-31, true]" classname="org.threeten.extra.TestLocalDateRange" time="0"/>
  <testcase name="test_isBefore_date[16: -999999999-01-01, 2012-07-27, false]" classname="org.threeten.extra.TestLocalDateRange" time="0"/>
  <testcase name="test_isBefore_date[17: -999999999-01-01, 2012-07-28, false]" classname="org.threeten.extra.TestLocalDateRange" time="0"/>
  <testcase name="test_isBefore_date[18: -999999999-01-01, 2012-07-29, false]" classname="org.threeten.extra.TestLocalDateRange" time="0"/>
  <testcase name="test_isBefore_date[19: -999999999-01-01, 2012-07-30, false]" classname="org.threeten.extra.TestLocalDateRange" time="0"/>
  <testcase name="test_isBefore_date[20: -999999999-01-01, 2012-07-31, false]" classname="org.threeten.extra.TestLocalDateRange" time="0"/>
  <testcase name="test_isBefore_date[21: -999999999-01-01, 2012-08-01, false]" classname="org.threeten.extra.TestLocalDateRange" time="0"/>
  <testcase name="test_isBefore_date[22: -999999999-01-01, +999999999-12-31, false]" classname="org.threeten.extra.TestLocalDateRange" time="0"/>
  <testcase name="test_isBefore_date[23: 2012-07-27, +999999999-12-31, false]" classname="org.threeten.extra.TestLocalDateRange" time="0"/>
  <testcase name="test_isBefore_date[24: 2012-07-28, +999999999-12-31, false]" classname="org.threeten.extra.TestLocalDateRange" time="0"/>
  <testcase name="test_isBefore_date[25: 2012-07-29, +999999999-12-31, false]" classname="org.threeten.extra.TestLocalDateRange" time="0"/>
  <testcase name="test_isBefore_date[26: 2012-07-30, +999999999-12-31, false]" classname="org.threeten.extra.TestLocalDateRange" time="0"/>
  <testcase name="test_isBefore_date[27: 2012-07-31, +999999999-12-31, true]" classname="org.threeten.extra.TestLocalDateRange" time="0"/>
  <testcase name="test_isBefore_date[28: 2012-08-01, +999999999-12-31, true]" classname="org.threeten.extra.TestLocalDateRange" time="0"/>
  <testcase name="test_overlaps_baseEmpty" classname="org.threeten.extra.TestLocalDateRange" time="0"/>
  <testcase name="test_of_period_atMAX" classname="org.threeten.extra.TestLocalDateRange" time="0"/>
  <testcase name="test_of_period_atMIN" classname="org.threeten.extra.TestLocalDateRange" time="0"/>
  <testcase name="test_isConnected[0: 2012-07-01, 2012-07-27, false, false, false, false]" classname="org.threeten.extra.TestLocalDateRange" time="0"/>
  <testcase name="test_isConnected[1: 2012-07-01, 2012-07-28, false, true, true, false]" classname="org.threeten.extra.TestLocalDateRange" time="0"/>
  <testcase name="test_isConnected[2: 2012-07-27, 2012-07-30, false, false, true, true]" classname="org.threeten.extra.TestLocalDateRange" time="0"/>
  <testcase name="test_isConnected[3: 2012-07-28, 2012-07-30, true, false, true, true]" classname="org.threeten.extra.TestLocalDateRange" time="0"/>
  <testcase name="test_isConnected[4: 2012-07-29, 2012-07-30, true, false, true, true]" classname="org.threeten.extra.TestLocalDateRange" time="0"/>
  <testcase name="test_isConnected[5: 2012-07-27, 2012-07-31, false, false, true, true]" classname="org.threeten.extra.TestLocalDateRange" time="0"/>
  <testcase name="test_isConnected[6: 2012-07-28, 2012-07-31, true, false, true, true]" classname="org.threeten.extra.TestLocalDateRange" time="0"/>
  <testcase name="test_isConnected[7: 2012-07-29, 2012-07-31, true, false, true, true]" classname="org.threeten.extra.TestLocalDateRange" time="0"/>
  <testcase name="test_isConnected[8: 2012-07-30, 2012-07-31, true, false, true, true]" classname="org.threeten.extra.TestLocalDateRange" time="0"/>
  <testcase name="test_isConnected[9: 2012-07-27, 2012-08-01, false, false, true, true]" classname="org.threeten.extra.TestLocalDateRange" time="0"/>
  <testcase name="test_isConnected[10: 2012-07-28, 2012-08-01, false, false, true, true]" classname="org.threeten.extra.TestLocalDateRange" time="0"/>
  <testcase name="test_isConnected[11: 2012-07-29, 2012-08-01, false, false, true, true]" classname="org.threeten.extra.TestLocalDateRange" time="0"/>
  <testcase name="test_isConnected[12: 2012-07-30, 2012-08-01, false, false, true, true]" classname="org.threeten.extra.TestLocalDateRange" time="0"/>
  <testcase name="test_isConnected[13: 2012-07-31, 2012-08-01, false, true, true, false]" classname="org.threeten.extra.TestLocalDateRange" time="0"/>
  <testcase name="test_isConnected[14: 2012-07-31, 2012-08-31, false, true, true, false]" classname="org.threeten.extra.TestLocalDateRange" time="0"/>
  <testcase name="test_isConnected[15: 2012-08-01, 2012-08-31, false, false, false, false]" classname="org.threeten.extra.TestLocalDateRange" time="0"/>
  <testcase name="test_isConnected[16: 2012-07-27, 2012-07-27, false, false, false, false]" classname="org.threeten.extra.TestLocalDateRange" time="0"/>
  <testcase name="test_isConnected[17: 2012-07-28, 2012-07-28, true, true, true, false]" classname="org.threeten.extra.TestLocalDateRange" time="0"/>
  <testcase name="test_isConnected[18: 2012-07-29, 2012-07-29, true, false, true, true]" classname="org.threeten.extra.TestLocalDateRange" time="0"/>
  <testcase name="test_isConnected[19: 2012-07-30, 2012-07-30, true, false, true, true]" classname="org.threeten.extra.TestLocalDateRange" time="0"/>
  <testcase name="test_isConnected[20: 2012-07-31, 2012-07-31, true, true, true, false]" classname="org.threeten.extra.TestLocalDateRange" time="0"/>
  <testcase name="test_isConnected[21: 2012-08-31, 2012-08-31, false, false, false, false]" classname="org.threeten.extra.TestLocalDateRange" time="0"/>
  <testcase name="test_isConnected[22: -999999999-01-01, 2012-07-27, false, false, false, false]" classname="org.threeten.extra.TestLocalDateRange" time="0"/>
  <testcase name="test_isConnected[23: -999999999-01-01, 2012-07-28, false, true, true, false]" classname="org.threeten.extra.TestLocalDateRange" time="0"/>
  <testcase name="test_isConnected[24: -999999999-01-01, 2012-07-29, false, false, true, true]" classname="org.threeten.extra.TestLocalDateRange" time="0"/>
  <testcase name="test_isConnected[25: -999999999-01-01, 2012-07-30, false, false, true, true]" classname="org.threeten.extra.TestLocalDateRange" time="0"/>
  <testcase name="test_isConnected[26: -999999999-01-01, 2012-07-31, false, false, true, true]" classname="org.threeten.extra.TestLocalDateRange" time="0"/>
  <testcase name="test_isConnected[27: -999999999-01-01, 2012-08-01, false, false, true, true]" classname="org.threeten.extra.TestLocalDateRange" time="0"/>
  <testcase name="test_isConnected[28: -999999999-01-01, +999999999-12-31, false, false, true, true]" classname="org.threeten.extra.TestLocalDateRange" time="0"/>
  <testcase name="test_isConnected[29: 2012-07-27, +999999999-12-31, false, false, true, true]" classname="org.threeten.extra.TestLocalDateRange" time="0"/>
  <testcase name="test_isConnected[30: 2012-07-28, +999999999-12-31, false, false, true, true]" classname="org.threeten.extra.TestLocalDateRange" time="0"/>
  <testcase name="test_isConnected[31: 2012-07-29, +999999999-12-31, false, false, true, true]" classname="org.threeten.extra.TestLocalDateRange" time="0"/>
  <testcase name="test_isConnected[32: 2012-07-30, +999999999-12-31, false, false, true, true]" classname="org.threeten.extra.TestLocalDateRange" time="0"/>
  <testcase name="test_isConnected[33: 2012-07-31, +999999999-12-31, false, true, true, false]" classname="org.threeten.extra.TestLocalDateRange" time="0"/>
  <testcase name="test_isConnected[34: 2012-08-01, +999999999-12-31, false, false, false, false]" classname="org.threeten.extra.TestLocalDateRange" time="0"/>
  <testcase name="test_encloses_baseEmpty" classname="org.threeten.extra.TestLocalDateRange" time="0"/>
  <testcase name="test_of_MINP1_MINP1" classname="org.threeten.extra.TestLocalDateRange" time="0"/>
  <testcase name="test_of_MINP1_MINP2" classname="org.threeten.extra.TestLocalDateRange" time="0"/>
  <testcase name="test_withStart" classname="org.threeten.extra.TestLocalDateRange" time="0"/>
  <testcase name="test_parse_CharSequence_PeriodLocalDate" classname="org.threeten.extra.TestLocalDateRange" time="0"/>
  <testcase name="crossCheckGuava_isConnected[0: 2016-01-01/2016-01-01, 2016-01-01/2016-01-01, [2016-01-01..2016-01-01), [2016-01-01..2016-01-01)]" classname="org.threeten.extra.TestLocalDateRange" time="0"/>
  <testcase name="crossCheckGuava_isConnected[1: 2016-01-01/2016-01-01, 2016-01-01/2016-01-02, [2016-01-01..2016-01-01), [2016-01-01..2016-01-02)]" classname="org.threeten.extra.TestLocalDateRange" time="0"/>
  <testcase name="crossCheckGuava_isConnected[2: 2016-01-01/2016-01-01, 2016-01-01/2016-01-03, [2016-01-01..2016-01-01), [2016-01-01..2016-01-03)]" classname="org.threeten.extra.TestLocalDateRange" time="0"/>
  <testcase name="crossCheckGuava_isConnected[3: 2016-01-01/2016-01-01, 2016-01-01/2016-01-04, [2016-01-01..2016-01-01), [2016-01-01..2016-01-04)]" classname="org.threeten.extra.TestLocalDateRange" time="0"/>
  <testcase name="crossCheckGuava_isConnected[4: 2016-01-01/2016-01-01, 2016-01-02/2016-01-02, [2016-01-01..2016-01-01), [2016-01-02..2016-01-02)]" classname="org.threeten.extra.TestLocalDateRange" time="0"/>
  <testcase name="crossCheckGuava_isConnected[5: 2016-01-01/2016-01-01, 2016-01-02/2016-01-03, [2016-01-01..2016-01-01), [2016-01-02..2016-01-03)]" classname="org.threeten.extra.TestLocalDateRange" time="0"/>
  <testcase name="crossCheckGuava_isConnected[6: 2016-01-01/2016-01-01, 2016-01-02/2016-01-04, [2016-01-01..2016-01-01), [2016-01-02..2016-01-04)]" classname="org.threeten.extra.TestLocalDateRange" time="0"/>
  <testcase name="crossCheckGuava_isConnected[7: 2016-01-01/2016-01-01, 2016-01-03/2016-01-03, [2016-01-01..2016-01-01), [2016-01-03..2016-01-03)]" classname="org.threeten.extra.TestLocalDateRange" time="0"/>
  <testcase name="crossCheckGuava_isConnected[8: 2016-01-01/2016-01-01, 2016-01-03/2016-01-04, [2016-01-01..2016-01-01), [2016-01-03..2016-01-04)]" classname="org.threeten.extra.TestLocalDateRange" time="0"/>
  <testcase name="crossCheckGuava_isConnected[9: 2016-01-01/2016-01-01, 2016-01-04/2016-01-04, [2016-01-01..2016-01-01), [2016-01-04..2016-01-04)]" classname="org.threeten.extra.TestLocalDateRange" time="0"/>
  <testcase name="crossCheckGuava_isConnected[10: 2016-01-01/2016-01-02, 2016-01-01/2016-01-01, [2016-01-01..2016-01-02), [2016-01-01..2016-01-01)]" classname="org.threeten.extra.TestLocalDateRange" time="0"/>
  <testcase name="crossCheckGuava_isConnected[11: 2016-01-01/2016-01-02, 2016-01-01/2016-01-02, [2016-01-01..2016-01-02), [2016-01-01..2016-01-02)]" classname="org.threeten.extra.TestLocalDateRange" time="0"/>
  <testcase name="crossCheckGuava_isConnected[12: 2016-01-01/2016-01-02, 2016-01-01/2016-01-03, [2016-01-01..2016-01-02), [2016-01-01..2016-01-03)]" classname="org.threeten.extra.TestLocalDateRange" time="0"/>
  <testcase name="crossCheckGuava_isConnected[13: 2016-01-01/2016-01-02, 2016-01-01/2016-01-04, [2016-01-01..2016-01-02), [2016-01-01..2016-01-04)]" classname="org.threeten.extra.TestLocalDateRange" time="0"/>
  <testcase name="crossCheckGuava_isConnected[14: 2016-01-01/2016-01-02, 2016-01-02/2016-01-02, [2016-01-01..2016-01-02), [2016-01-02..2016-01-02)]" classname="org.threeten.extra.TestLocalDateRange" time="0"/>
  <testcase name="crossCheckGuava_isConnected[15: 2016-01-01/2016-01-02, 2016-01-02/2016-01-03, [2016-01-01..2016-01-02), [2016-01-02..2016-01-03)]" classname="org.threeten.extra.TestLocalDateRange" time="0"/>
  <testcase name="crossCheckGuava_isConnected[16: 2016-01-01/2016-01-02, 2016-01-02/2016-01-04, [2016-01-01..2016-01-02), [2016-01-02..2016-01-04)]" classname="org.threeten.extra.TestLocalDateRange" time="0"/>
  <testcase name="crossCheckGuava_isConnected[17: 2016-01-01/2016-01-02, 2016-01-03/2016-01-03, [2016-01-01..2016-01-02), [2016-01-03..2016-01-03)]" classname="org.threeten.extra.TestLocalDateRange" time="0"/>
  <testcase name="crossCheckGuava_isConnected[18: 2016-01-01/2016-01-02, 2016-01-03/2016-01-04, [2016-01-01..2016-01-02), [2016-01-03..2016-01-04)]" classname="org.threeten.extra.TestLocalDateRange" time="0"/>
  <testcase name="crossCheckGuava_isConnected[19: 2016-01-01/2016-01-02, 2016-01-04/2016-01-04, [2016-01-01..2016-01-02), [2016-01-04..2016-01-04)]" classname="org.threeten.extra.TestLocalDateRange" time="0"/>
  <testcase name="crossCheckGuava_isConnected[20: 2016-01-01/2016-01-03, 2016-01-01/2016-01-01, [2016-01-01..2016-01-03), [2016-01-01..2016-01-01)]" classname="org.threeten.extra.TestLocalDateRange" time="0"/>
  <testcase name="crossCheckGuava_isConnected[21: 2016-01-01/2016-01-03, 2016-01-01/2016-01-02, [2016-01-01..2016-01-03), [2016-01-01..2016-01-02)]" classname="org.threeten.extra.TestLocalDateRange" time="0"/>
  <testcase name="crossCheckGuava_isConnected[22: 2016-01-01/2016-01-03, 2016-01-01/2016-01-03, [2016-01-01..2016-01-03), [2016-01-01..2016-01-03)]" classname="org.threeten.extra.TestLocalDateRange" time="0"/>
  <testcase name="crossCheckGuava_isConnected[23: 2016-01-01/2016-01-03, 2016-01-01/2016-01-04, [2016-01-01..2016-01-03), [2016-01-01..2016-01-04)]" classname="org.threeten.extra.TestLocalDateRange" time="0"/>
  <testcase name="crossCheckGuava_isConnected[24: 2016-01-01/2016-01-03, 2016-01-02/2016-01-02, [2016-01-01..2016-01-03), [2016-01-02..2016-01-02)]" classname="org.threeten.extra.TestLocalDateRange" time="0"/>
  <testcase name="crossCheckGuava_isConnected[25: 2016-01-01/2016-01-03, 2016-01-02/2016-01-03, [2016-01-01..2016-01-03), [2016-01-02..2016-01-03)]" classname="org.threeten.extra.TestLocalDateRange" time="0"/>
  <testcase name="crossCheckGuava_isConnected[26: 2016-01-01/2016-01-03, 2016-01-02/2016-01-04, [2016-01-01..2016-01-03), [2016-01-02..2016-01-04)]" classname="org.threeten.extra.TestLocalDateRange" time="0"/>
  <testcase name="crossCheckGuava_isConnected[27: 2016-01-01/2016-01-03, 2016-01-03/2016-01-03, [2016-01-01..2016-01-03), [2016-01-03..2016-01-03)]" classname="org.threeten.extra.TestLocalDateRange" time="0"/>
  <testcase name="crossCheckGuava_isConnected[28: 2016-01-01/2016-01-03, 2016-01-03/2016-01-04, [2016-01-01..2016-01-03), [2016-01-03..2016-01-04)]" classname="org.threeten.extra.TestLocalDateRange" time="0"/>
  <testcase name="crossCheckGuava_isConnected[29: 2016-01-01/2016-01-03, 2016-01-04/2016-01-04, [2016-01-01..2016-01-03), [2016-01-04..2016-01-04)]" classname="org.threeten.extra.TestLocalDateRange" time="0"/>
  <testcase name="crossCheckGuava_isConnected[30: 2016-01-01/2016-01-04, 2016-01-01/2016-01-01, [2016-01-01..2016-01-04), [2016-01-01..2016-01-01)]" classname="org.threeten.extra.TestLocalDateRange" time="0"/>
  <testcase name="crossCheckGuava_isConnected[31: 2016-01-01/2016-01-04, 2016-01-01/2016-01-02, [2016-01-01..2016-01-04), [2016-01-01..2016-01-02)]" classname="org.threeten.extra.TestLocalDateRange" time="0"/>
  <testcase name="crossCheckGuava_isConnected[32: 2016-01-01/2016-01-04, 2016-01-01/2016-01-03, [2016-01-01..2016-01-04), [2016-01-01..2016-01-03)]" classname="org.threeten.extra.TestLocalDateRange" time="0"/>
  <testcase name="crossCheckGuava_isConnected[33: 2016-01-01/2016-01-04, 2016-01-01/2016-01-04, [2016-01-01..2016-01-04), [2016-01-01..2016-01-04)]" classname="org.threeten.extra.TestLocalDateRange" time="0"/>
  <testcase name="crossCheckGuava_isConnected[34: 2016-01-01/2016-01-04, 2016-01-02/2016-01-02, [2016-01-01..2016-01-04), [2016-01-02..2016-01-02)]" classname="org.threeten.extra.TestLocalDateRange" time="0"/>
  <testcase name="crossCheckGuava_isConnected[35: 2016-01-01/2016-01-04, 2016-01-02/2016-01-03, [2016-01-01..2016-01-04), [2016-01-02..2016-01-03)]" classname="org.threeten.extra.TestLocalDateRange" time="0"/>
  <testcase name="crossCheckGuava_isConnected[36: 2016-01-01/2016-01-04, 2016-01-02/2016-01-04, [2016-01-01..2016-01-04), [2016-01-02..2016-01-04)]" classname="org.threeten.extra.TestLocalDateRange" time="0"/>
  <testcase name="crossCheckGuava_isConnected[37: 2016-01-01/2016-01-04, 2016-01-03/2016-01-03, [2016-01-01..2016-01-04), [2016-01-03..2016-01-03)]" classname="org.threeten.extra.TestLocalDateRange" time="0"/>
  <testcase name="crossCheckGuava_isConnected[38: 2016-01-01/2016-01-04, 2016-01-03/2016-01-04, [2016-01-01..2016-01-04), [2016-01-03..2016-01-04)]" classname="org.threeten.extra.TestLocalDateRange" time="0"/>
  <testcase name="crossCheckGuava_isConnected[39: 2016-01-01/2016-01-04, 2016-01-04/2016-01-04, [2016-01-01..2016-01-04), [2016-01-04..2016-01-04)]" classname="org.threeten.extra.TestLocalDateRange" time="0"/>
  <testcase name="crossCheckGuava_isConnected[40: 2016-01-02/2016-01-02, 2016-01-01/2016-01-01, [2016-01-02..2016-01-02), [2016-01-01..2016-01-01)]" classname="org.threeten.extra.TestLocalDateRange" time="0"/>
  <testcase name="crossCheckGuava_isConnected[41: 2016-01-02/2016-01-02, 2016-01-01/2016-01-02, [2016-01-02..2016-01-02), [2016-01-01..2016-01-02)]" classname="org.threeten.extra.TestLocalDateRange" time="0"/>
  <testcase name="crossCheckGuava_isConnected[42: 2016-01-02/2016-01-02, 2016-01-01/2016-01-03, [2016-01-02..2016-01-02), [2016-01-01..2016-01-03)]" classname="org.threeten.extra.TestLocalDateRange" time="0"/>
  <testcase name="crossCheckGuava_isConnected[43: 2016-01-02/2016-01-02, 2016-01-01/2016-01-04, [2016-01-02..2016-01-02), [2016-01-01..2016-01-04)]" classname="org.threeten.extra.TestLocalDateRange" time="0"/>
  <testcase name="crossCheckGuava_isConnected[44: 2016-01-02/2016-01-02, 2016-01-02/2016-01-02, [2016-01-02..2016-01-02), [2016-01-02..2016-01-02)]" classname="org.threeten.extra.TestLocalDateRange" time="0"/>
  <testcase name="crossCheckGuava_isConnected[45: 2016-01-02/2016-01-02, 2016-01-02/2016-01-03, [2016-01-02..2016-01-02), [2016-01-02..2016-01-03)]" classname="org.threeten.extra.TestLocalDateRange" time="0"/>
  <testcase name="crossCheckGuava_isConnected[46: 2016-01-02/2016-01-02, 2016-01-02/2016-01-04, [2016-01-02..2016-01-02), [2016-01-02..2016-01-04)]" classname="org.threeten.extra.TestLocalDateRange" time="0"/>
  <testcase name="crossCheckGuava_isConnected[47: 2016-01-02/2016-01-02, 2016-01-03/2016-01-03, [2016-01-02..2016-01-02), [2016-01-03..2016-01-03)]" classname="org.threeten.extra.TestLocalDateRange" time="0"/>
  <testcase name="crossCheckGuava_isConnected[48: 2016-01-02/2016-01-02, 2016-01-03/2016-01-04, [2016-01-02..2016-01-02), [2016-01-03..2016-01-04)]" classname="org.threeten.extra.TestLocalDateRange" time="0"/>
  <testcase name="crossCheckGuava_isConnected[49: 2016-01-02/2016-01-02, 2016-01-04/2016-01-04, [2016-01-02..2016-01-02), [2016-01-04..2016-01-04)]" classname="org.threeten.extra.TestLocalDateRange" time="0"/>
  <testcase name="crossCheckGuava_isConnected[50: 2016-01-02/2016-01-03, 2016-01-01/2016-01-01, [2016-01-02..2016-01-03), [2016-01-01..2016-01-01)]" classname="org.threeten.extra.TestLocalDateRange" time="0"/>
  <testcase name="crossCheckGuava_isConnected[51: 2016-01-02/2016-01-03, 2016-01-01/2016-01-02, [2016-01-02..2016-01-03), [2016-01-01..2016-01-02)]" classname="org.threeten.extra.TestLocalDateRange" time="0"/>
  <testcase name="crossCheckGuava_isConnected[52: 2016-01-02/2016-01-03, 2016-01-01/2016-01-03, [2016-01-02..2016-01-03), [2016-01-01..2016-01-03)]" classname="org.threeten.extra.TestLocalDateRange" time="0"/>
  <testcase name="crossCheckGuava_isConnected[53: 2016-01-02/2016-01-03, 2016-01-01/2016-01-04, [2016-01-02..2016-01-03), [2016-01-01..2016-01-04)]" classname="org.threeten.extra.TestLocalDateRange" time="0"/>
  <testcase name="crossCheckGuava_isConnected[54: 2016-01-02/2016-01-03, 2016-01-02/2016-01-02, [2016-01-02..2016-01-03), [2016-01-02..2016-01-02)]" classname="org.threeten.extra.TestLocalDateRange" time="0"/>
  <testcase name="crossCheckGuava_isConnected[55: 2016-01-02/2016-01-03, 2016-01-02/2016-01-03, [2016-01-02..2016-01-03), [2016-01-02..2016-01-03)]" classname="org.threeten.extra.TestLocalDateRange" time="0"/>
  <testcase name="crossCheckGuava_isConnected[56: 2016-01-02/2016-01-03, 2016-01-02/2016-01-04, [2016-01-02..2016-01-03), [2016-01-02..2016-01-04)]" classname="org.threeten.extra.TestLocalDateRange" time="0"/>
  <testcase name="crossCheckGuava_isConnected[57: 2016-01-02/2016-01-03, 2016-01-03/2016-01-03, [2016-01-02..2016-01-03), [2016-01-03..2016-01-03)]" classname="org.threeten.extra.TestLocalDateRange" time="0"/>
  <testcase name="crossCheckGuava_isConnected[58: 2016-01-02/2016-01-03, 2016-01-03/2016-01-04, [2016-01-02..2016-01-03), [2016-01-03..2016-01-04)]" classname="org.threeten.extra.TestLocalDateRange" time="0"/>
  <testcase name="crossCheckGuava_isConnected[59: 2016-01-02/2016-01-03, 2016-01-04/2016-01-04, [2016-01-02..2016-01-03), [2016-01-04..2016-01-04)]" classname="org.threeten.extra.TestLocalDateRange" time="0"/>
  <testcase name="crossCheckGuava_isConnected[60: 2016-01-02/2016-01-04, 2016-01-01/2016-01-01, [2016-01-02..2016-01-04), [2016-01-01..2016-01-01)]" classname="org.threeten.extra.TestLocalDateRange" time="0"/>
  <testcase name="crossCheckGuava_isConnected[61: 2016-01-02/2016-01-04, 2016-01-01/2016-01-02, [2016-01-02..2016-01-04), [2016-01-01..2016-01-02)]" classname="org.threeten.extra.TestLocalDateRange" time="0"/>
  <testcase name="crossCheckGuava_isConnected[62: 2016-01-02/2016-01-04, 2016-01-01/2016-01-03, [2016-01-02..2016-01-04), [2016-01-01..2016-01-03)]" classname="org.threeten.extra.TestLocalDateRange" time="0"/>
  <testcase name="crossCheckGuava_isConnected[63: 2016-01-02/2016-01-04, 2016-01-01/2016-01-04, [2016-01-02..2016-01-04), [2016-01-01..2016-01-04)]" classname="org.threeten.extra.TestLocalDateRange" time="0"/>
  <testcase name="crossCheckGuava_isConnected[64: 2016-01-02/2016-01-04, 2016-01-02/2016-01-02, [2016-01-02..2016-01-04), [2016-01-02..2016-01-02)]" classname="org.threeten.extra.TestLocalDateRange" time="0"/>
  <testcase name="crossCheckGuava_isConnected[65: 2016-01-02/2016-01-04, 2016-01-02/2016-01-03, [2016-01-02..2016-01-04), [2016-01-02..2016-01-03)]" classname="org.threeten.extra.TestLocalDateRange" time="0"/>
  <testcase name="crossCheckGuava_isConnected[66: 2016-01-02/2016-01-04, 2016-01-02/2016-01-04, [2016-01-02..2016-01-04), [2016-01-02..2016-01-04)]" classname="org.threeten.extra.TestLocalDateRange" time="0"/>
  <testcase name="crossCheckGuava_isConnected[67: 2016-01-02/2016-01-04, 2016-01-03/2016-01-03, [2016-01-02..2016-01-04), [2016-01-03..2016-01-03)]" classname="org.threeten.extra.TestLocalDateRange" time="0"/>
  <testcase name="crossCheckGuava_isConnected[68: 2016-01-02/2016-01-04, 2016-01-03/2016-01-04, [2016-01-02..2016-01-04), [2016-01-03..2016-01-04)]" classname="org.threeten.extra.TestLocalDateRange" time="0"/>
  <testcase name="crossCheckGuava_isConnected[69: 2016-01-02/2016-01-04, 2016-01-04/2016-01-04, [2016-01-02..2016-01-04), [2016-01-04..2016-01-04)]" classname="org.threeten.extra.TestLocalDateRange" time="0"/>
  <testcase name="crossCheckGuava_isConnected[70: 2016-01-03/2016-01-03, 2016-01-01/2016-01-01, [2016-01-03..2016-01-03), [2016-01-01..2016-01-01)]" classname="org.threeten.extra.TestLocalDateRange" time="0"/>
  <testcase name="crossCheckGuava_isConnected[71: 2016-01-03/2016-01-03, 2016-01-01/2016-01-02, [2016-01-03..2016-01-03), [2016-01-01..2016-01-02)]" classname="org.threeten.extra.TestLocalDateRange" time="0"/>
  <testcase name="crossCheckGuava_isConnected[72: 2016-01-03/2016-01-03, 2016-01-01/2016-01-03, [2016-01-03..2016-01-03), [2016-01-01..2016-01-03)]" classname="org.threeten.extra.TestLocalDateRange" time="0"/>
  <testcase name="crossCheckGuava_isConnected[73: 2016-01-03/2016-01-03, 2016-01-01/2016-01-04, [2016-01-03..2016-01-03), [2016-01-01..2016-01-04)]" classname="org.threeten.extra.TestLocalDateRange" time="0"/>
  <testcase name="crossCheckGuava_isConnected[74: 2016-01-03/2016-01-03, 2016-01-02/2016-01-02, [2016-01-03..2016-01-03), [2016-01-02..2016-01-02)]" classname="org.threeten.extra.TestLocalDateRange" time="0"/>
  <testcase name="crossCheckGuava_isConnected[75: 2016-01-03/2016-01-03, 2016-01-02/2016-01-03, [2016-01-03..2016-01-03), [2016-01-02..2016-01-03)]" classname="org.threeten.extra.TestLocalDateRange" time="0"/>
  <testcase name="crossCheckGuava_isConnected[76: 2016-01-03/2016-01-03, 2016-01-02/2016-01-04, [2016-01-03..2016-01-03), [2016-01-02..2016-01-04)]" classname="org.threeten.extra.TestLocalDateRange" time="0"/>
  <testcase name="crossCheckGuava_isConnected[77: 2016-01-03/2016-01-03, 2016-01-03/2016-01-03, [2016-01-03..2016-01-03), [2016-01-03..2016-01-03)]" classname="org.threeten.extra.TestLocalDateRange" time="0"/>
  <testcase name="crossCheckGuava_isConnected[78: 2016-01-03/2016-01-03, 2016-01-03/2016-01-04, [2016-01-03..2016-01-03), [2016-01-03..2016-01-04)]" classname="org.threeten.extra.TestLocalDateRange" time="0"/>
  <testcase name="crossCheckGuava_isConnected[79: 2016-01-03/2016-01-03, 2016-01-04/2016-01-04, [2016-01-03..2016-01-03), [2016-01-04..2016-01-04)]" classname="org.threeten.extra.TestLocalDateRange" time="0"/>
  <testcase name="crossCheckGuava_isConnected[80: 2016-01-03/2016-01-04, 2016-01-01/2016-01-01, [2016-01-03..2016-01-04), [2016-01-01..2016-01-01)]" classname="org.threeten.extra.TestLocalDateRange" time="0"/>
  <testcase name="crossCheckGuava_isConnected[81: 2016-01-03/2016-01-04, 2016-01-01/2016-01-02, [2016-01-03..2016-01-04), [2016-01-01..2016-01-02)]" classname="org.threeten.extra.TestLocalDateRange" time="0"/>
  <testcase name="crossCheckGuava_isConnected[82: 2016-01-03/2016-01-04, 2016-01-01/2016-01-03, [2016-01-03..2016-01-04), [2016-01-01..2016-01-03)]" classname="org.threeten.extra.TestLocalDateRange" time="0"/>
  <testcase name="crossCheckGuava_isConnected[83: 2016-01-03/2016-01-04, 2016-01-01/2016-01-04, [2016-01-03..2016-01-04), [2016-01-01..2016-01-04)]" classname="org.threeten.extra.TestLocalDateRange" time="0"/>
  <testcase name="crossCheckGuava_isConnected[84: 2016-01-03/2016-01-04, 2016-01-02/2016-01-02, [2016-01-03..2016-01-04), [2016-01-02..2016-01-02)]" classname="org.threeten.extra.TestLocalDateRange" time="0"/>
  <testcase name="crossCheckGuava_isConnected[85: 2016-01-03/2016-01-04, 2016-01-02/2016-01-03, [2016-01-03..2016-01-04), [2016-01-02..2016-01-03)]" classname="org.threeten.extra.TestLocalDateRange" time="0"/>
  <testcase name="crossCheckGuava_isConnected[86: 2016-01-03/2016-01-04, 2016-01-02/2016-01-04, [2016-01-03..2016-01-04), [2016-01-02..2016-01-04)]" classname="org.threeten.extra.TestLocalDateRange" time="0"/>
  <testcase name="crossCheckGuava_isConnected[87: 2016-01-03/2016-01-04, 2016-01-03/2016-01-03, [2016-01-03..2016-01-04), [2016-01-03..2016-01-03)]" classname="org.threeten.extra.TestLocalDateRange" time="0"/>
  <testcase name="crossCheckGuava_isConnected[88: 2016-01-03/2016-01-04, 2016-01-03/2016-01-04, [2016-01-03..2016-01-04), [2016-01-03..2016-01-04)]" classname="org.threeten.extra.TestLocalDateRange" time="0"/>
  <testcase name="crossCheckGuava_isConnected[89: 2016-01-03/2016-01-04, 2016-01-04/2016-01-04, [2016-01-03..2016-01-04), [2016-01-04..2016-01-04)]" classname="org.threeten.extra.TestLocalDateRange" time="0"/>
  <testcase name="crossCheckGuava_isConnected[90: 2016-01-04/2016-01-04, 2016-01-01/2016-01-01, [2016-01-04..2016-01-04), [2016-01-01..2016-01-01)]" classname="org.threeten.extra.TestLocalDateRange" time="0"/>
  <testcase name="crossCheckGuava_isConnected[91: 2016-01-04/2016-01-04, 2016-01-01/2016-01-02, [2016-01-04..2016-01-04), [2016-01-01..2016-01-02)]" classname="org.threeten.extra.TestLocalDateRange" time="0"/>
  <testcase name="crossCheckGuava_isConnected[92: 2016-01-04/2016-01-04, 2016-01-01/2016-01-03, [2016-01-04..2016-01-04), [2016-01-01..2016-01-03)]" classname="org.threeten.extra.TestLocalDateRange" time="0"/>
  <testcase name="crossCheckGuava_isConnected[93: 2016-01-04/2016-01-04, 2016-01-01/2016-01-04, [2016-01-04..2016-01-04), [2016-01-01..2016-01-04)]" classname="org.threeten.extra.TestLocalDateRange" time="0"/>
  <testcase name="crossCheckGuava_isConnected[94: 2016-01-04/2016-01-04, 2016-01-02/2016-01-02, [2016-01-04..2016-01-04), [2016-01-02..2016-01-02)]" classname="org.threeten.extra.TestLocalDateRange" time="0"/>
  <testcase name="crossCheckGuava_isConnected[95: 2016-01-04/2016-01-04, 2016-01-02/2016-01-03, [2016-01-04..2016-01-04), [2016-01-02..2016-01-03)]" classname="org.threeten.extra.TestLocalDateRange" time="0"/>
  <testcase name="crossCheckGuava_isConnected[96: 2016-01-04/2016-01-04, 2016-01-02/2016-01-04, [2016-01-04..2016-01-04), [2016-01-02..2016-01-04)]" classname="org.threeten.extra.TestLocalDateRange" time="0"/>
  <testcase name="crossCheckGuava_isConnected[97: 2016-01-04/2016-01-04, 2016-01-03/2016-01-03, [2016-01-04..2016-01-04), [2016-01-03..2016-01-03)]" classname="org.threeten.extra.TestLocalDateRange" time="0"/>
  <testcase name="crossCheckGuava_isConnected[98: 2016-01-04/2016-01-04, 2016-01-03/2016-01-04, [2016-01-04..2016-01-04), [2016-01-03..2016-01-04)]" classname="org.threeten.extra.TestLocalDateRange" time="0"/>
  <testcase name="crossCheckGuava_isConnected[99: 2016-01-04/2016-01-04, 2016-01-04/2016-01-04, [2016-01-04..2016-01-04), [2016-01-04..2016-01-04)]" classname="org.threeten.extra.TestLocalDateRange" time="0"/>
  <testcase name="test_ofClosed_MAXM1_MAXM1" classname="org.threeten.extra.TestLocalDateRange" time="0"/>
  <testcase name="test_of_period_atMAXM1_0D" classname="org.threeten.extra.TestLocalDateRange" time="0"/>
  <testcase name="test_of_period_atMAXM1_1D" classname="org.threeten.extra.TestLocalDateRange" time="0"/>
  <testcase name="test_ofClosed_MAX_MAX" classname="org.threeten.extra.TestLocalDateRange" time="0"/>
  <testcase name="test_parse_CharSequence_empty" classname="org.threeten.extra.TestLocalDateRange" time="0"/>
  <testcase name="test_contains_max" classname="org.threeten.extra.TestLocalDateRange" time="0"/>
  <testcase name="test_toPeriod" classname="org.threeten.extra.TestLocalDateRange" time="0"/>
  <testcase name="test_withEnd_invalid" classname="org.threeten.extra.TestLocalDateRange" time="0"/>
  <testcase name="test_ofClosed" classname="org.threeten.extra.TestLocalDateRange" time="0"/>
  <testcase name="test_ofClosed_MINP1_MINP1" classname="org.threeten.extra.TestLocalDateRange" time="0"/>
  <testcase name="test_ofClosed_MINP1_MINP2" classname="org.threeten.extra.TestLocalDateRange" time="0"/>
  <testcase name="test_withStart_empty" classname="org.threeten.extra.TestLocalDateRange" time="0"/>
  <testcase name="test_encloses_max" classname="org.threeten.extra.TestLocalDateRange" time="0"/>
  <testcase name="test_ofClosed_MIN_MAX" classname="org.threeten.extra.TestLocalDateRange" time="0"/>
  <testcase name="test_ofClosed_MIN_MIN" classname="org.threeten.extra.TestLocalDateRange" time="0"/>
  <testcase name="test_intersection_same" classname="org.threeten.extra.TestLocalDateRange" time="0"/>
  <testcase name="test_span_disconnected" classname="org.threeten.extra.TestLocalDateRange" time="0"/>
  <testcase name="test_ofClosed_badOrder" classname="org.threeten.extra.TestLocalDateRange" time="0"/>
  <testcase name="test_ofEmpty" classname="org.threeten.extra.TestLocalDateRange" time="0"/>
  <testcase name="test_isAfter_range_empty" classname="org.threeten.extra.TestLocalDateRange" time="0"/>
  <testcase name="test_ofUnboundedEnd_MAX" classname="org.threeten.extra.TestLocalDateRange" time="0"/>
  <testcase name="test_ofClosed_MAX" classname="org.threeten.extra.TestLocalDateRange" time="0"/>
  <testcase name="test_ofClosed_MIN" classname="org.threeten.extra.TestLocalDateRange" time="0"/>
  <testcase name="test_withEnd_empty" classname="org.threeten.extra.TestLocalDateRange" time="0"/>
  <testcase name="test_of_MINP2_MINP2" classname="org.threeten.extra.TestLocalDateRange" time="0"/>
  <testcase name="test_isBefore_date_empty" classname="org.threeten.extra.TestLocalDateRange" time="0"/>
  <testcase name="test_isBefore_range_empty" classname="org.threeten.extra.TestLocalDateRange" time="0"/>
  <testcase name="test_lengthInDays" classname="org.threeten.extra.TestLocalDateRange" time="0"/>
  <testcase name="test_isBefore_range[0: 2012-07-01, 2012-07-27, false]" classname="org.threeten.extra.TestLocalDateRange" time="0"/>
  <testcase name="test_isBefore_range[1: 2012-07-27, 2012-07-30, false]" classname="org.threeten.extra.TestLocalDateRange" time="0"/>
  <testcase name="test_isBefore_range[2: 2012-07-28, 2012-07-30, false]" classname="org.threeten.extra.TestLocalDateRange" time="0"/>
  <testcase name="test_isBefore_range[3: 2012-07-29, 2012-07-30, false]" classname="org.threeten.extra.TestLocalDateRange" time="0"/>
  <testcase name="test_isBefore_range[4: 2012-07-27, 2012-07-31, false]" classname="org.threeten.extra.TestLocalDateRange" time="0"/>
  <testcase name="test_isBefore_range[5: 2012-07-28, 2012-07-31, false]" classname="org.threeten.extra.TestLocalDateRange" time="0"/>
  <testcase name="test_isBefore_range[6: 2012-07-29, 2012-07-31, false]" classname="org.threeten.extra.TestLocalDateRange" time="0"/>
  <testcase name="test_isBefore_range[7: 2012-07-30, 2012-07-31, false]" classname="org.threeten.extra.TestLocalDateRange" time="0"/>
  <testcase name="test_isBefore_range[8: 2012-07-27, 2012-08-01, false]" classname="org.threeten.extra.TestLocalDateRange" time="0"/>
  <testcase name="test_isBefore_range[9: 2012-07-28, 2012-08-01, false]" classname="org.threeten.extra.TestLocalDateRange" time="0"/>
  <testcase name="test_isBefore_range[10: 2012-07-29, 2012-08-01, false]" classname="org.threeten.extra.TestLocalDateRange" time="0"/>
  <testcase name="test_isBefore_range[11: 2012-07-30, 2012-08-01, false]" classname="org.threeten.extra.TestLocalDateRange" time="0"/>
  <testcase name="test_isBefore_range[12: 2012-07-31, 2012-08-01, true]" classname="org.threeten.extra.TestLocalDateRange" time="0"/>
  <testcase name="test_isBefore_range[13: 2012-07-31, 2012-08-31, true]" classname="org.threeten.extra.TestLocalDateRange" time="0"/>
  <testcase name="test_isBefore_range[14: 2012-07-30, 2012-07-30, false]" classname="org.threeten.extra.TestLocalDateRange" time="0"/>
  <testcase name="test_isBefore_range[15: 2012-07-31, 2012-07-31, true]" classname="org.threeten.extra.TestLocalDateRange" time="0"/>
  <testcase name="test_isBefore_range[16: -999999999-01-01, 2012-07-27, false]" classname="org.threeten.extra.TestLocalDateRange" time="0"/>
  <testcase name="test_isBefore_range[17: -999999999-01-01, 2012-07-28, false]" classname="org.threeten.extra.TestLocalDateRange" time="0"/>
  <testcase name="test_isBefore_range[18: -999999999-01-01, 2012-07-29, false]" classname="org.threeten.extra.TestLocalDateRange" time="0"/>
  <testcase name="test_isBefore_range[19: -999999999-01-01, 2012-07-30, false]" classname="org.threeten.extra.TestLocalDateRange" time="0"/>
  <testcase name="test_isBefore_range[20: -999999999-01-01, 2012-07-31, false]" classname="org.threeten.extra.TestLocalDateRange" time="0"/>
  <testcase name="test_isBefore_range[21: -999999999-01-01, 2012-08-01, false]" classname="org.threeten.extra.TestLocalDateRange" time="0"/>
  <testcase name="test_isBefore_range[22: -999999999-01-01, +999999999-12-31, false]" classname="org.threeten.extra.TestLocalDateRange" time="0"/>
  <testcase name="test_isBefore_range[23: 2012-07-27, +999999999-12-31, false]" classname="org.threeten.extra.TestLocalDateRange" time="0"/>
  <testcase name="test_isBefore_range[24: 2012-07-28, +999999999-12-31, false]" classname="org.threeten.extra.TestLocalDateRange" time="0"/>
  <testcase name="test_isBefore_range[25: 2012-07-29, +999999999-12-31, false]" classname="org.threeten.extra.TestLocalDateRange" time="0"/>
  <testcase name="test_isBefore_range[26: 2012-07-30, +999999999-12-31, false]" classname="org.threeten.extra.TestLocalDateRange" time="0"/>
  <testcase name="test_isBefore_range[27: 2012-07-31, +999999999-12-31, true]" classname="org.threeten.extra.TestLocalDateRange" time="0"/>
  <testcase name="test_isBefore_range[28: 2012-08-01, +999999999-12-31, true]" classname="org.threeten.extra.TestLocalDateRange" time="0"/>
  <testcase name="test_of_badOrder" classname="org.threeten.extra.TestLocalDateRange" time="0"/>
  <testcase name="test_withStart_min" classname="org.threeten.extra.TestLocalDateRange" time="0"/>
  <testcase name="crossCheckGuava_span[0: 2016-01-01/2016-01-01, 2016-01-01/2016-01-01, [2016-01-01..2016-01-01), [2016-01-01..2016-01-01)]" classname="org.threeten.extra.TestLocalDateRange" time="0"/>
  <testcase name="crossCheckGuava_span[1: 2016-01-01/2016-01-01, 2016-01-01/2016-01-02, [2016-01-01..2016-01-01), [2016-01-01..2016-01-02)]" classname="org.threeten.extra.TestLocalDateRange" time="0"/>
  <testcase name="crossCheckGuava_span[2: 2016-01-01/2016-01-01, 2016-01-01/2016-01-03, [2016-01-01..2016-01-01), [2016-01-01..2016-01-03)]" classname="org.threeten.extra.TestLocalDateRange" time="0"/>
  <testcase name="crossCheckGuava_span[3: 2016-01-01/2016-01-01, 2016-01-01/2016-01-04, [2016-01-01..2016-01-01), [2016-01-01..2016-01-04)]" classname="org.threeten.extra.TestLocalDateRange" time="0"/>
  <testcase name="crossCheckGuava_span[4: 2016-01-01/2016-01-01, 2016-01-02/2016-01-02, [2016-01-01..2016-01-01), [2016-01-02..2016-01-02)]" classname="org.threeten.extra.TestLocalDateRange" time="0"/>
  <testcase name="crossCheckGuava_span[5: 2016-01-01/2016-01-01, 2016-01-02/2016-01-03, [2016-01-01..2016-01-01), [2016-01-02..2016-01-03)]" classname="org.threeten.extra.TestLocalDateRange" time="0.001"/>
  <testcase name="crossCheckGuava_span[6: 2016-01-01/2016-01-01, 2016-01-02/2016-01-04, [2016-01-01..2016-01-01), [2016-01-02..2016-01-04)]" classname="org.threeten.extra.TestLocalDateRange" time="0"/>
  <testcase name="crossCheckGuava_span[7: 2016-01-01/2016-01-01, 2016-01-03/2016-01-03, [2016-01-01..2016-01-01), [2016-01-03..2016-01-03)]" classname="org.threeten.extra.TestLocalDateRange" time="0"/>
  <testcase name="crossCheckGuava_span[8: 2016-01-01/2016-01-01, 2016-01-03/2016-01-04, [2016-01-01..2016-01-01), [2016-01-03..2016-01-04)]" classname="org.threeten.extra.TestLocalDateRange" time="0"/>
  <testcase name="crossCheckGuava_span[9: 2016-01-01/2016-01-01, 2016-01-04/2016-01-04, [2016-01-01..2016-01-01), [2016-01-04..2016-01-04)]" classname="org.threeten.extra.TestLocalDateRange" time="0"/>
  <testcase name="crossCheckGuava_span[10: 2016-01-01/2016-01-02, 2016-01-01/2016-01-01, [2016-01-01..2016-01-02), [2016-01-01..2016-01-01)]" classname="org.threeten.extra.TestLocalDateRange" time="0"/>
  <testcase name="crossCheckGuava_span[11: 2016-01-01/2016-01-02, 2016-01-01/2016-01-02, [2016-01-01..2016-01-02), [2016-01-01..2016-01-02)]" classname="org.threeten.extra.TestLocalDateRange" time="0"/>
  <testcase name="crossCheckGuava_span[12: 2016-01-01/2016-01-02, 2016-01-01/2016-01-03, [2016-01-01..2016-01-02), [2016-01-01..2016-01-03)]" classname="org.threeten.extra.TestLocalDateRange" time="0"/>
  <testcase name="crossCheckGuava_span[13: 2016-01-01/2016-01-02, 2016-01-01/2016-01-04, [2016-01-01..2016-01-02), [2016-01-01..2016-01-04)]" classname="org.threeten.extra.TestLocalDateRange" time="0"/>
  <testcase name="crossCheckGuava_span[14: 2016-01-01/2016-01-02, 2016-01-02/2016-01-02, [2016-01-01..2016-01-02), [2016-01-02..2016-01-02)]" classname="org.threeten.extra.TestLocalDateRange" time="0"/>
  <testcase name="crossCheckGuava_span[15: 2016-01-01/2016-01-02, 2016-01-02/2016-01-03, [2016-01-01..2016-01-02), [2016-01-02..2016-01-03)]" classname="org.threeten.extra.TestLocalDateRange" time="0"/>
  <testcase name="crossCheckGuava_span[16: 2016-01-01/2016-01-02, 2016-01-02/2016-01-04, [2016-01-01..2016-01-02), [2016-01-02..2016-01-04)]" classname="org.threeten.extra.TestLocalDateRange" time="0"/>
  <testcase name="crossCheckGuava_span[17: 2016-01-01/2016-01-02, 2016-01-03/2016-01-03, [2016-01-01..2016-01-02), [2016-01-03..2016-01-03)]" classname="org.threeten.extra.TestLocalDateRange" time="0"/>
  <testcase name="crossCheckGuava_span[18: 2016-01-01/2016-01-02, 2016-01-03/2016-01-04, [2016-01-01..2016-01-02), [2016-01-03..2016-01-04)]" classname="org.threeten.extra.TestLocalDateRange" time="0"/>
  <testcase name="crossCheckGuava_span[19: 2016-01-01/2016-01-02, 2016-01-04/2016-01-04, [2016-01-01..2016-01-02), [2016-01-04..2016-01-04)]" classname="org.threeten.extra.TestLocalDateRange" time="0"/>
  <testcase name="crossCheckGuava_span[20: 2016-01-01/2016-01-03, 2016-01-01/2016-01-01, [2016-01-01..2016-01-03), [2016-01-01..2016-01-01)]" classname="org.threeten.extra.TestLocalDateRange" time="0"/>
  <testcase name="crossCheckGuava_span[21: 2016-01-01/2016-01-03, 2016-01-01/2016-01-02, [2016-01-01..2016-01-03), [2016-01-01..2016-01-02)]" classname="org.threeten.extra.TestLocalDateRange" time="0"/>
  <testcase name="crossCheckGuava_span[22: 2016-01-01/2016-01-03, 2016-01-01/2016-01-03, [2016-01-01..2016-01-03), [2016-01-01..2016-01-03)]" classname="org.threeten.extra.TestLocalDateRange" time="0"/>
  <testcase name="crossCheckGuava_span[23: 2016-01-01/2016-01-03, 2016-01-01/2016-01-04, [2016-01-01..2016-01-03), [2016-01-01..2016-01-04)]" classname="org.threeten.extra.TestLocalDateRange" time="0"/>
  <testcase name="crossCheckGuava_span[24: 2016-01-01/2016-01-03, 2016-01-02/2016-01-02, [2016-01-01..2016-01-03), [2016-01-02..2016-01-02)]" classname="org.threeten.extra.TestLocalDateRange" time="0"/>
  <testcase name="crossCheckGuava_span[25: 2016-01-01/2016-01-03, 2016-01-02/2016-01-03, [2016-01-01..2016-01-03), [2016-01-02..2016-01-03)]" classname="org.threeten.extra.TestLocalDateRange" time="0"/>
  <testcase name="crossCheckGuava_span[26: 2016-01-01/2016-01-03, 2016-01-02/2016-01-04, [2016-01-01..2016-01-03), [2016-01-02..2016-01-04)]" classname="org.threeten.extra.TestLocalDateRange" time="0"/>
  <testcase name="crossCheckGuava_span[27: 2016-01-01/2016-01-03, 2016-01-03/2016-01-03, [2016-01-01..2016-01-03), [2016-01-03..2016-01-03)]" classname="org.threeten.extra.TestLocalDateRange" time="0"/>
  <testcase name="crossCheckGuava_span[28: 2016-01-01/2016-01-03, 2016-01-03/2016-01-04, [2016-01-01..2016-01-03), [2016-01-03..2016-01-04)]" classname="org.threeten.extra.TestLocalDateRange" time="0"/>
  <testcase name="crossCheckGuava_span[29: 2016-01-01/2016-01-03, 2016-01-04/2016-01-04, [2016-01-01..2016-01-03), [2016-01-04..2016-01-04)]" classname="org.threeten.extra.TestLocalDateRange" time="0"/>
  <testcase name="crossCheckGuava_span[30: 2016-01-01/2016-01-04, 2016-01-01/2016-01-01, [2016-01-01..2016-01-04), [2016-01-01..2016-01-01)]" classname="org.threeten.extra.TestLocalDateRange" time="0"/>
  <testcase name="crossCheckGuava_span[31: 2016-01-01/2016-01-04, 2016-01-01/2016-01-02, [2016-01-01..2016-01-04), [2016-01-01..2016-01-02)]" classname="org.threeten.extra.TestLocalDateRange" time="0"/>
  <testcase name="crossCheckGuava_span[32: 2016-01-01/2016-01-04, 2016-01-01/2016-01-03, [2016-01-01..2016-01-04), [2016-01-01..2016-01-03)]" classname="org.threeten.extra.TestLocalDateRange" time="0"/>
  <testcase name="crossCheckGuava_span[33: 2016-01-01/2016-01-04, 2016-01-01/2016-01-04, [2016-01-01..2016-01-04), [2016-01-01..2016-01-04)]" classname="org.threeten.extra.TestLocalDateRange" time="0"/>
  <testcase name="crossCheckGuava_span[34: 2016-01-01/2016-01-04, 2016-01-02/2016-01-02, [2016-01-01..2016-01-04), [2016-01-02..2016-01-02)]" classname="org.threeten.extra.TestLocalDateRange" time="0"/>
  <testcase name="crossCheckGuava_span[35: 2016-01-01/2016-01-04, 2016-01-02/2016-01-03, [2016-01-01..2016-01-04), [2016-01-02..2016-01-03)]" classname="org.threeten.extra.TestLocalDateRange" time="0"/>
  <testcase name="crossCheckGuava_span[36: 2016-01-01/2016-01-04, 2016-01-02/2016-01-04, [2016-01-01..2016-01-04), [2016-01-02..2016-01-04)]" classname="org.threeten.extra.TestLocalDateRange" time="0"/>
  <testcase name="crossCheckGuava_span[37: 2016-01-01/2016-01-04, 2016-01-03/2016-01-03, [2016-01-01..2016-01-04), [2016-01-03..2016-01-03)]" classname="org.threeten.extra.TestLocalDateRange" time="0"/>
  <testcase name="crossCheckGuava_span[38: 2016-01-01/2016-01-04, 2016-01-03/2016-01-04, [2016-01-01..2016-01-04), [2016-01-03..2016-01-04)]" classname="org.threeten.extra.TestLocalDateRange" time="0"/>
  <testcase name="crossCheckGuava_span[39: 2016-01-01/2016-01-04, 2016-01-04/2016-01-04, [2016-01-01..2016-01-04), [2016-01-04..2016-01-04)]" classname="org.threeten.extra.TestLocalDateRange" time="0"/>
  <testcase name="crossCheckGuava_span[40: 2016-01-02/2016-01-02, 2016-01-01/2016-01-01, [2016-01-02..2016-01-02), [2016-01-01..2016-01-01)]" classname="org.threeten.extra.TestLocalDateRange" time="0"/>
  <testcase name="crossCheckGuava_span[41: 2016-01-02/2016-01-02, 2016-01-01/2016-01-02, [2016-01-02..2016-01-02), [2016-01-01..2016-01-02)]" classname="org.threeten.extra.TestLocalDateRange" time="0"/>
  <testcase name="crossCheckGuava_span[42: 2016-01-02/2016-01-02, 2016-01-01/2016-01-03, [2016-01-02..2016-01-02), [2016-01-01..2016-01-03)]" classname="org.threeten.extra.TestLocalDateRange" time="0"/>
  <testcase name="crossCheckGuava_span[43: 2016-01-02/2016-01-02, 2016-01-01/2016-01-04, [2016-01-02..2016-01-02), [2016-01-01..2016-01-04)]" classname="org.threeten.extra.TestLocalDateRange" time="0"/>
  <testcase name="crossCheckGuava_span[44: 2016-01-02/2016-01-02, 2016-01-02/2016-01-02, [2016-01-02..2016-01-02), [2016-01-02..2016-01-02)]" classname="org.threeten.extra.TestLocalDateRange" time="0"/>
  <testcase name="crossCheckGuava_span[45: 2016-01-02/2016-01-02, 2016-01-02/2016-01-03, [2016-01-02..2016-01-02), [2016-01-02..2016-01-03)]" classname="org.threeten.extra.TestLocalDateRange" time="0"/>
  <testcase name="crossCheckGuava_span[46: 2016-01-02/2016-01-02, 2016-01-02/2016-01-04, [2016-01-02..2016-01-02), [2016-01-02..2016-01-04)]" classname="org.threeten.extra.TestLocalDateRange" time="0"/>
  <testcase name="crossCheckGuava_span[47: 2016-01-02/2016-01-02, 2016-01-03/2016-01-03, [2016-01-02..2016-01-02), [2016-01-03..2016-01-03)]" classname="org.threeten.extra.TestLocalDateRange" time="0"/>
  <testcase name="crossCheckGuava_span[48: 2016-01-02/2016-01-02, 2016-01-03/2016-01-04, [2016-01-02..2016-01-02), [2016-01-03..2016-01-04)]" classname="org.threeten.extra.TestLocalDateRange" time="0"/>
  <testcase name="crossCheckGuava_span[49: 2016-01-02/2016-01-02, 2016-01-04/2016-01-04, [2016-01-02..2016-01-02), [2016-01-04..2016-01-04)]" classname="org.threeten.extra.TestLocalDateRange" time="0"/>
  <testcase name="crossCheckGuava_span[50: 2016-01-02/2016-01-03, 2016-01-01/2016-01-01, [2016-01-02..2016-01-03), [2016-01-01..2016-01-01)]" classname="org.threeten.extra.TestLocalDateRange" time="0"/>
  <testcase name="crossCheckGuava_span[51: 2016-01-02/2016-01-03, 2016-01-01/2016-01-02, [2016-01-02..2016-01-03), [2016-01-01..2016-01-02)]" classname="org.threeten.extra.TestLocalDateRange" time="0"/>
  <testcase name="crossCheckGuava_span[52: 2016-01-02/2016-01-03, 2016-01-01/2016-01-03, [2016-01-02..2016-01-03), [2016-01-01..2016-01-03)]" classname="org.threeten.extra.TestLocalDateRange" time="0"/>
  <testcase name="crossCheckGuava_span[53: 2016-01-02/2016-01-03, 2016-01-01/2016-01-04, [2016-01-02..2016-01-03), [2016-01-01..2016-01-04)]" classname="org.threeten.extra.TestLocalDateRange" time="0"/>
  <testcase name="crossCheckGuava_span[54: 2016-01-02/2016-01-03, 2016-01-02/2016-01-02, [2016-01-02..2016-01-03), [2016-01-02..2016-01-02)]" classname="org.threeten.extra.TestLocalDateRange" time="0"/>
  <testcase name="crossCheckGuava_span[55: 2016-01-02/2016-01-03, 2016-01-02/2016-01-03, [2016-01-02..2016-01-03), [2016-01-02..2016-01-03)]" classname="org.threeten.extra.TestLocalDateRange" time="0"/>
  <testcase name="crossCheckGuava_span[56: 2016-01-02/2016-01-03, 2016-01-02/2016-01-04, [2016-01-02..2016-01-03), [2016-01-02..2016-01-04)]" classname="org.threeten.extra.TestLocalDateRange" time="0"/>
  <testcase name="crossCheckGuava_span[57: 2016-01-02/2016-01-03, 2016-01-03/2016-01-03, [2016-01-02..2016-01-03), [2016-01-03..2016-01-03)]" classname="org.threeten.extra.TestLocalDateRange" time="0"/>
  <testcase name="crossCheckGuava_span[58: 2016-01-02/2016-01-03, 2016-01-03/2016-01-04, [2016-01-02..2016-01-03), [2016-01-03..2016-01-04)]" classname="org.threeten.extra.TestLocalDateRange" time="0"/>
  <testcase name="crossCheckGuava_span[59: 2016-01-02/2016-01-03, 2016-01-04/2016-01-04, [2016-01-02..2016-01-03), [2016-01-04..2016-01-04)]" classname="org.threeten.extra.TestLocalDateRange" time="0"/>
  <testcase name="crossCheckGuava_span[60: 2016-01-02/2016-01-04, 2016-01-01/2016-01-01, [2016-01-02..2016-01-04), [2016-01-01..2016-01-01)]" classname="org.threeten.extra.TestLocalDateRange" time="0.003"/>
  <testcase name="crossCheckGuava_span[61: 2016-01-02/2016-01-04, 2016-01-01/2016-01-02, [2016-01-02..2016-01-04), [2016-01-01..2016-01-02)]" classname="org.threeten.extra.TestLocalDateRange" time="0"/>
  <testcase name="crossCheckGuava_span[62: 2016-01-02/2016-01-04, 2016-01-01/2016-01-03, [2016-01-02..2016-01-04), [2016-01-01..2016-01-03)]" classname="org.threeten.extra.TestLocalDateRange" time="0"/>
  <testcase name="crossCheckGuava_span[63: 2016-01-02/2016-01-04, 2016-01-01/2016-01-04, [2016-01-02..2016-01-04), [2016-01-01..2016-01-04)]" classname="org.threeten.extra.TestLocalDateRange" time="0"/>
  <testcase name="crossCheckGuava_span[64: 2016-01-02/2016-01-04, 2016-01-02/2016-01-02, [2016-01-02..2016-01-04), [2016-01-02..2016-01-02)]" classname="org.threeten.extra.TestLocalDateRange" time="0"/>
  <testcase name="crossCheckGuava_span[65: 2016-01-02/2016-01-04, 2016-01-02/2016-01-03, [2016-01-02..2016-01-04), [2016-01-02..2016-01-03)]" classname="org.threeten.extra.TestLocalDateRange" time="0"/>
  <testcase name="crossCheckGuava_span[66: 2016-01-02/2016-01-04, 2016-01-02/2016-01-04, [2016-01-02..2016-01-04), [2016-01-02..2016-01-04)]" classname="org.threeten.extra.TestLocalDateRange" time="0"/>
  <testcase name="crossCheckGuava_span[67: 2016-01-02/2016-01-04, 2016-01-03/2016-01-03, [2016-01-02..2016-01-04), [2016-01-03..2016-01-03)]" classname="org.threeten.extra.TestLocalDateRange" time="0"/>
  <testcase name="crossCheckGuava_span[68: 2016-01-02/2016-01-04, 2016-01-03/2016-01-04, [2016-01-02..2016-01-04), [2016-01-03..2016-01-04)]" classname="org.threeten.extra.TestLocalDateRange" time="0"/>
  <testcase name="crossCheckGuava_span[69: 2016-01-02/2016-01-04, 2016-01-04/2016-01-04, [2016-01-02..2016-01-04), [2016-01-04..2016-01-04)]" classname="org.threeten.extra.TestLocalDateRange" time="0"/>
  <testcase name="crossCheckGuava_span[70: 2016-01-03/2016-01-03, 2016-01-01/2016-01-01, [2016-01-03..2016-01-03), [2016-01-01..2016-01-01)]" classname="org.threeten.extra.TestLocalDateRange" time="0"/>
  <testcase name="crossCheckGuava_span[71: 2016-01-03/2016-01-03, 2016-01-01/2016-01-02, [2016-01-03..2016-01-03), [2016-01-01..2016-01-02)]" classname="org.threeten.extra.TestLocalDateRange" time="0"/>
  <testcase name="crossCheckGuava_span[72: 2016-01-03/2016-01-03, 2016-01-01/2016-01-03, [2016-01-03..2016-01-03), [2016-01-01..2016-01-03)]" classname="org.threeten.extra.TestLocalDateRange" time="0"/>
  <testcase name="crossCheckGuava_span[73: 2016-01-03/2016-01-03, 2016-01-01/2016-01-04, [2016-01-03..2016-01-03), [2016-01-01..2016-01-04)]" classname="org.threeten.extra.TestLocalDateRange" time="0"/>
  <testcase name="crossCheckGuava_span[74: 2016-01-03/2016-01-03, 2016-01-02/2016-01-02, [2016-01-03..2016-01-03), [2016-01-02..2016-01-02)]" classname="org.threeten.extra.TestLocalDateRange" time="0"/>
  <testcase name="crossCheckGuava_span[75: 2016-01-03/2016-01-03, 2016-01-02/2016-01-03, [2016-01-03..2016-01-03), [2016-01-02..2016-01-03)]" classname="org.threeten.extra.TestLocalDateRange" time="0"/>
  <testcase name="crossCheckGuava_span[76: 2016-01-03/2016-01-03, 2016-01-02/2016-01-04, [2016-01-03..2016-01-03), [2016-01-02..2016-01-04)]" classname="org.threeten.extra.TestLocalDateRange" time="0"/>
  <testcase name="crossCheckGuava_span[77: 2016-01-03/2016-01-03, 2016-01-03/2016-01-03, [2016-01-03..2016-01-03), [2016-01-03..2016-01-03)]" classname="org.threeten.extra.TestLocalDateRange" time="0"/>
  <testcase name="crossCheckGuava_span[78: 2016-01-03/2016-01-03, 2016-01-03/2016-01-04, [2016-01-03..2016-01-03), [2016-01-03..2016-01-04)]" classname="org.threeten.extra.TestLocalDateRange" time="0"/>
  <testcase name="crossCheckGuava_span[79: 2016-01-03/2016-01-03, 2016-01-04/2016-01-04, [2016-01-03..2016-01-03), [2016-01-04..2016-01-04)]" classname="org.threeten.extra.TestLocalDateRange" time="0"/>
  <testcase name="crossCheckGuava_span[80: 2016-01-03/2016-01-04, 2016-01-01/2016-01-01, [2016-01-03..2016-01-04), [2016-01-01..2016-01-01)]" classname="org.threeten.extra.TestLocalDateRange" time="0"/>
  <testcase name="crossCheckGuava_span[81: 2016-01-03/2016-01-04, 2016-01-01/2016-01-02, [2016-01-03..2016-01-04), [2016-01-01..2016-01-02)]" classname="org.threeten.extra.TestLocalDateRange" time="0"/>
  <testcase name="crossCheckGuava_span[82: 2016-01-03/2016-01-04, 2016-01-01/2016-01-03, [2016-01-03..2016-01-04), [2016-01-01..2016-01-03)]" classname="org.threeten.extra.TestLocalDateRange" time="0"/>
  <testcase name="crossCheckGuava_span[83: 2016-01-03/2016-01-04, 2016-01-01/2016-01-04, [2016-01-03..2016-01-04), [2016-01-01..2016-01-04)]" classname="org.threeten.extra.TestLocalDateRange" time="0"/>
  <testcase name="crossCheckGuava_span[84: 2016-01-03/2016-01-04, 2016-01-02/2016-01-02, [2016-01-03..2016-01-04), [2016-01-02..2016-01-02)]" classname="org.threeten.extra.TestLocalDateRange" time="0"/>
  <testcase name="crossCheckGuava_span[85: 2016-01-03/2016-01-04, 2016-01-02/2016-01-03, [2016-01-03..2016-01-04), [2016-01-02..2016-01-03)]" classname="org.threeten.extra.TestLocalDateRange" time="0"/>
  <testcase name="crossCheckGuava_span[86: 2016-01-03/2016-01-04, 2016-01-02/2016-01-04, [2016-01-03..2016-01-04), [2016-01-02..2016-01-04)]" classname="org.threeten.extra.TestLocalDateRange" time="0"/>
  <testcase name="crossCheckGuava_span[87: 2016-01-03/2016-01-04, 2016-01-03/2016-01-03, [2016-01-03..2016-01-04), [2016-01-03..2016-01-03)]" classname="org.threeten.extra.TestLocalDateRange" time="0"/>
  <testcase name="crossCheckGuava_span[88: 2016-01-03/2016-01-04, 2016-01-03/2016-01-04, [2016-01-03..2016-01-04), [2016-01-03..2016-01-04)]" classname="org.threeten.extra.TestLocalDateRange" time="0"/>
  <testcase name="crossCheckGuava_span[89: 2016-01-03/2016-01-04, 2016-01-04/2016-01-04, [2016-01-03..2016-01-04), [2016-01-04..2016-01-04)]" classname="org.threeten.extra.TestLocalDateRange" time="0"/>
  <testcase name="crossCheckGuava_span[90: 2016-01-04/2016-01-04, 2016-01-01/2016-01-01, [2016-01-04..2016-01-04), [2016-01-01..2016-01-01)]" classname="org.threeten.extra.TestLocalDateRange" time="0"/>
  <testcase name="crossCheckGuava_span[91: 2016-01-04/2016-01-04, 2016-01-01/2016-01-02, [2016-01-04..2016-01-04), [2016-01-01..2016-01-02)]" classname="org.threeten.extra.TestLocalDateRange" time="0"/>
  <testcase name="crossCheckGuava_span[92: 2016-01-04/2016-01-04, 2016-01-01/2016-01-03, [2016-01-04..2016-01-04), [2016-01-01..2016-01-03)]" classname="org.threeten.extra.TestLocalDateRange" time="0"/>
  <testcase name="crossCheckGuava_span[93: 2016-01-04/2016-01-04, 2016-01-01/2016-01-04, [2016-01-04..2016-01-04), [2016-01-01..2016-01-04)]" classname="org.threeten.extra.TestLocalDateRange" time="0"/>
  <testcase name="crossCheckGuava_span[94: 2016-01-04/2016-01-04, 2016-01-02/2016-01-02, [2016-01-04..2016-01-04), [2016-01-02..2016-01-02)]" classname="org.threeten.extra.TestLocalDateRange" time="0"/>
  <testcase name="crossCheckGuava_span[95: 2016-01-04/2016-01-04, 2016-01-02/2016-01-03, [2016-01-04..2016-01-04), [2016-01-02..2016-01-03)]" classname="org.threeten.extra.TestLocalDateRange" time="0"/>
  <testcase name="crossCheckGuava_span[96: 2016-01-04/2016-01-04, 2016-01-02/2016-01-04, [2016-01-04..2016-01-04), [2016-01-02..2016-01-04)]" classname="org.threeten.extra.TestLocalDateRange" time="0"/>
  <testcase name="crossCheckGuava_span[97: 2016-01-04/2016-01-04, 2016-01-03/2016-01-03, [2016-01-04..2016-01-04), [2016-01-03..2016-01-03)]" classname="org.threeten.extra.TestLocalDateRange" time="0"/>
  <testcase name="crossCheckGuava_span[98: 2016-01-04/2016-01-04, 2016-01-03/2016-01-04, [2016-01-04..2016-01-04), [2016-01-03..2016-01-04)]" classname="org.threeten.extra.TestLocalDateRange" time="0"/>
  <testcase name="crossCheckGuava_span[99: 2016-01-04/2016-01-04, 2016-01-04/2016-01-04, [2016-01-04..2016-01-04), [2016-01-04..2016-01-04)]" classname="org.threeten.extra.TestLocalDateRange" time="0"/>
  <testcase name="test_abuts[0: 2012-07-01, 2012-07-27, false, false, false, false]" classname="org.threeten.extra.TestLocalDateRange" time="0"/>
  <testcase name="test_abuts[1: 2012-07-01, 2012-07-28, false, true, true, false]" classname="org.threeten.extra.TestLocalDateRange" time="0"/>
  <testcase name="test_abuts[2: 2012-07-27, 2012-07-30, false, false, true, true]" classname="org.threeten.extra.TestLocalDateRange" time="0"/>
  <testcase name="test_abuts[3: 2012-07-28, 2012-07-30, true, false, true, true]" classname="org.threeten.extra.TestLocalDateRange" time="0"/>
  <testcase name="test_abuts[4: 2012-07-29, 2012-07-30, true, false, true, true]" classname="org.threeten.extra.TestLocalDateRange" time="0"/>
  <testcase name="test_abuts[5: 2012-07-27, 2012-07-31, false, false, true, true]" classname="org.threeten.extra.TestLocalDateRange" time="0"/>
  <testcase name="test_abuts[6: 2012-07-28, 2012-07-31, true, false, true, true]" classname="org.threeten.extra.TestLocalDateRange" time="0"/>
  <testcase name="test_abuts[7: 2012-07-29, 2012-07-31, true, false, true, true]" classname="org.threeten.extra.TestLocalDateRange" time="0"/>
  <testcase name="test_abuts[8: 2012-07-30, 2012-07-31, true, false, true, true]" classname="org.threeten.extra.TestLocalDateRange" time="0"/>
  <testcase name="test_abuts[9: 2012-07-27, 2012-08-01, false, false, true, true]" classname="org.threeten.extra.TestLocalDateRange" time="0"/>
  <testcase name="test_abuts[10: 2012-07-28, 2012-08-01, false, false, true, true]" classname="org.threeten.extra.TestLocalDateRange" time="0"/>
  <testcase name="test_abuts[11: 2012-07-29, 2012-08-01, false, false, true, true]" classname="org.threeten.extra.TestLocalDateRange" time="0"/>
  <testcase name="test_abuts[12: 2012-07-30, 2012-08-01, false, false, true, true]" classname="org.threeten.extra.TestLocalDateRange" time="0"/>
  <testcase name="test_abuts[13: 2012-07-31, 2012-08-01, false, true, true, false]" classname="org.threeten.extra.TestLocalDateRange" time="0"/>
  <testcase name="test_abuts[14: 2012-07-31, 2012-08-31, false, true, true, false]" classname="org.threeten.extra.TestLocalDateRange" time="0"/>
  <testcase name="test_abuts[15: 2012-08-01, 2012-08-31, false, false, false, false]" classname="org.threeten.extra.TestLocalDateRange" time="0"/>
  <testcase name="test_abuts[16: 2012-07-27, 2012-07-27, false, false, false, false]" classname="org.threeten.extra.TestLocalDateRange" time="0"/>
  <testcase name="test_abuts[17: 2012-07-28, 2012-07-28, true, true, true, false]" classname="org.threeten.extra.TestLocalDateRange" time="0"/>
  <testcase name="test_abuts[18: 2012-07-29, 2012-07-29, true, false, true, true]" classname="org.threeten.extra.TestLocalDateRange" time="0"/>
  <testcase name="test_abuts[19: 2012-07-30, 2012-07-30, true, false, true, true]" classname="org.threeten.extra.TestLocalDateRange" time="0"/>
  <testcase name="test_abuts[20: 2012-07-31, 2012-07-31, true, true, true, false]" classname="org.threeten.extra.TestLocalDateRange" time="0"/>
  <testcase name="test_abuts[21: 2012-08-31, 2012-08-31, false, false, false, false]" classname="org.threeten.extra.TestLocalDateRange" time="0"/>
  <testcase name="test_abuts[22: -999999999-01-01, 2012-07-27, false, false, false, false]" classname="org.threeten.extra.TestLocalDateRange" time="0"/>
  <testcase name="test_abuts[23: -999999999-01-01, 2012-07-28, false, true, true, false]" classname="org.threeten.extra.TestLocalDateRange" time="0"/>
  <testcase name="test_abuts[24: -999999999-01-01, 2012-07-29, false, false, true, true]" classname="org.threeten.extra.TestLocalDateRange" time="0"/>
  <testcase name="test_abuts[25: -999999999-01-01, 2012-07-30, false, false, true, true]" classname="org.threeten.extra.TestLocalDateRange" time="0"/>
  <testcase name="test_abuts[26: -999999999-01-01, 2012-07-31, false, false, true, true]" classname="org.threeten.extra.TestLocalDateRange" time="0"/>
  <testcase name="test_abuts[27: -999999999-01-01, 2012-08-01, false, false, true, true]" classname="org.threeten.extra.TestLocalDateRange" time="0"/>
  <testcase name="test_abuts[28: -999999999-01-01, +999999999-12-31, false, false, true, true]" classname="org.threeten.extra.TestLocalDateRange" time="0"/>
  <testcase name="test_abuts[29: 2012-07-27, +999999999-12-31, false, false, true, true]" classname="org.threeten.extra.TestLocalDateRange" time="0"/>
  <testcase name="test_abuts[30: 2012-07-28, +999999999-12-31, false, false, true, true]" classname="org.threeten.extra.TestLocalDateRange" time="0"/>
  <testcase name="test_abuts[31: 2012-07-29, +999999999-12-31, false, false, true, true]" classname="org.threeten.extra.TestLocalDateRange" time="0"/>
  <testcase name="test_abuts[32: 2012-07-30, +999999999-12-31, false, false, true, true]" classname="org.threeten.extra.TestLocalDateRange" time="0"/>
  <testcase name="test_abuts[33: 2012-07-31, +999999999-12-31, false, true, true, false]" classname="org.threeten.extra.TestLocalDateRange" time="0"/>
  <testcase name="test_abuts[34: 2012-08-01, +999999999-12-31, false, false, false, false]" classname="org.threeten.extra.TestLocalDateRange" time="0"/>
  <testcase name="test_of_empty" classname="org.threeten.extra.TestLocalDateRange" time="0"/>
  <testcase name="test_parse_CharSequence_PeriodLocalDate_case" classname="org.threeten.extra.TestLocalDateRange" time="0"/>
</testsuite>