<?xml version="1.0" encoding="UTF-8"?>
<testsuite xmlns:xsi="http://www.w3.org/2001/XMLSchema-instance" xsi:schemaLocation="https://maven.apache.org/surefire/maven-surefire-plugin/xsd/surefire-test-report.xsd" name="org.threeten.extra.TestOffsetDate" time="0.263" tests="437" errors="0" skipped="0" failures="0">
  <properties>
    <property name="java.runtime.name" value="OpenJDK Runtime Environment"/>
    <property name="sun.boot.library.path" value="/usr/local/openjdk-8/jre/lib/amd64"/>
    <property name="java.vm.version" value="25.262-b10"/>
    <property name="animal.sniffer.skip" value="true"/>
    <property name="java.vm.vendor" value="Oracle Corporation"/>
    <property name="maven.multiModuleProjectDirectory" value="/tmp/tmpykopg0s2/threeten-extra"/>
    <property name="maven.javadoc.skip" value="true"/>
    <property name="java.vendor.url" value="http://java.oracle.com/"/>
    <property name="path.separator" value=":"/>
    <property name="guice.disable.misplaced.annotation.check" value="true"/>
    <property name="java.vm.name" value="OpenJDK 64-Bit Server VM"/>
    <property name="file.encoding.pkg" value="sun.io"/>
    <property name="sun.java.launcher" value="SUN_STANDARD"/>
    <property name="sun.os.patch.level" value="unknown"/>
    <property name="source.skip" value="true"/>
    <property name="java.vm.specification.name" value="Java Virtual Machine Specification"/>
    <property name="user.dir" value="/tmp/tmpykopg0s2/threeten-extra"/>
    <property name="java.runtime.version" value="1.8.0_262-b10"/>
    <property name="java.awt.graphicsenv" value="sun.awt.X11GraphicsEnvironment"/>
    <property name="java.endorsed.dirs" value="/usr/local/openjdk-8/jre/lib/endorsed"/>
    <property name="os.arch" value="amd64"/>
    <property name="java.io.tmpdir" value="/tmp"/>
    <property name="line.separator" value="&#10;"/>
    <property name="java.vm.specification.vendor" value="Oracle Corporation"/>
    <property name="os.name" value="Linux"/>
    <property name="classworlds.conf" value="/usr/share/maven/bin/m2.conf"/>
    <property name="sun.jnu.encoding" value="UTF-8"/>
    <property name="java.library.path" value="/usr/java/packages/lib/amd64:/usr/lib64:/lib64:/lib:/usr/lib"/>
    <property name="license.skip" value="true"/>
    <property name="maven.conf" value="/usr/share/maven/conf"/>
    <property name="java.specification.name" value="Java Platform API Specification"/>
    <property name="java.class.version" value="52.0"/>
    <property name="sun.management.compiler" value="HotSpot 64-Bit Tiered Compilers"/>
    <property name="maven.test.failure.ignore" value="true"/>
    <property name="os.version" value="4.15.0-109-generic"/>
    <property name="library.jansi.path" value="/usr/share/maven/lib/jansi-native"/>
    <property name="user.home" value="/home/jdbl"/>
    <property name="user.timezone" value="Etc/UTC"/>
    <property name="java.awt.printerjob" value="sun.print.PSPrinterJob"/>
    <property name="java.specification.version" value="1.8"/>
    <property name="file.encoding" value="UTF-8"/>
    <property name="user.name" value="jdbl"/>
    <property name="java.class.path" value="/usr/share/maven/boot/plexus-classworlds-2.6.0.jar"/>
    <property name="java.vm.specification.version" value="1.8"/>
    <property name="sun.arch.data.model" value="64"/>
    <property name="java.home" value="/usr/local/openjdk-8/jre"/>
    <property name="sun.java.command" value="org.codehaus.plexus.classworlds.launcher.Launcher test -e --fail-never -ntp -Dmaven.test.failure.ignore=true -B -Dmaven.javadoc.skip=true -Drat.skip=true -Danimal.sniffer.skip=true -Dmaven.javadoc.skip=true -Dlicense.skip=true -Dsource.skip=true"/>
    <property name="java.specification.vendor" value="Oracle Corporation"/>
    <property name="user.language" value="en"/>
    <property name="awt.toolkit" value="sun.awt.X11.XToolkit"/>
    <property name="java.vm.info" value="mixed mode"/>
    <property name="java.version" value="1.8.0_262"/>
    <property name="java.ext.dirs" value="/usr/local/openjdk-8/jre/lib/ext:/usr/java/packages/lib/ext"/>
    <property name="securerandom.source" value="file:/dev/./urandom"/>
    <property name="sun.boot.class.path" value="/usr/local/openjdk-8/jre/lib/resources.jar:/usr/local/openjdk-8/jre/lib/rt.jar:/usr/local/openjdk-8/jre/lib/sunrsasign.jar:/usr/local/openjdk-8/jre/lib/jsse.jar:/usr/local/openjdk-8/jre/lib/jce.jar:/usr/local/openjdk-8/jre/lib/charsets.jar:/usr/local/openjdk-8/jre/lib/jfr.jar:/usr/local/openjdk-8/jre/classes"/>
    <property name="java.vendor" value="Oracle Corporation"/>
    <property name="rat.skip" value="true"/>
    <property name="maven.home" value="/usr/share/maven"/>
    <property name="file.separator" value="/"/>
    <property name="java.vendor.url.bug" value="http://bugreport.sun.com/bugreport/"/>
    <property name="sun.cpu.endian" value="little"/>
    <property name="sun.io.unicode.encoding" value="UnicodeLittle"/>
    <property name="sun.cpu.isalist" value=""/>
  </properties>
  <testcase name="test_getLong_TemporalField" classname="org.threeten.extra.TestOffsetDate" time="0"/>
  <testcase name="test_withDayOfYear_normal" classname="org.threeten.extra.TestOffsetDate" time="0"/>
  <testcase name="test_minusWeeks_overMonths" classname="org.threeten.extra.TestOffsetDate" time="0"/>
  <testcase name="test_withDayOfMonth_invalidForMonth" classname="org.threeten.extra.TestOffsetDate" time="0"/>
  <testcase name="test_with_TemporalField" classname="org.threeten.extra.TestOffsetDate" time="0"/>
  <testcase name="test_until_invalidType" classname="org.threeten.extra.TestOffsetDate" time="0"/>
  <testcase name="test_minusMonths_long_adjustDayFromMonthLength" classname="org.threeten.extra.TestOffsetDate" time="0"/>
  <testcase name="test_equals_false_day_differs[0: 2008, 7, 5, +02:00]" classname="org.threeten.extra.TestOffsetDate" time="0"/>
  <testcase name="test_equals_false_day_differs[1: 2007, 7, 5, +01:00]" classname="org.threeten.extra.TestOffsetDate" time="0"/>
  <testcase name="test_equals_false_day_differs[2: 2006, 7, 5, +02:00]" classname="org.threeten.extra.TestOffsetDate" time="0"/>
  <testcase name="test_equals_false_day_differs[3: 2005, 7, 5, +01:00]" classname="org.threeten.extra.TestOffsetDate" time="0"/>
  <testcase name="test_equals_false_day_differs[4: 2004, 1, 1, +02:00]" classname="org.threeten.extra.TestOffsetDate" time="0"/>
  <testcase name="test_equals_false_day_differs[5: -1, 1, 2, +01:00]" classname="org.threeten.extra.TestOffsetDate" time="0"/>
  <testcase name="test_equals_false_day_differs[6: 999999, 11, 20, +06:09:12]" classname="org.threeten.extra.TestOffsetDate" time="0"/>
  <testcase name="test_withDayOfMonth_noChange" classname="org.threeten.extra.TestOffsetDate" time="0"/>
  <testcase name="test_plusDays_overflowTooLarge" classname="org.threeten.extra.TestOffsetDate" time="0.001"/>
  <testcase name="test_minusMonths_long_normal" classname="org.threeten.extra.TestOffsetDate" time="0"/>
  <testcase name="test_plusDays_overflowTooSmall" classname="org.threeten.extra.TestOffsetDate" time="0"/>
  <testcase name="test_with_adjustment_ZoneOffset" classname="org.threeten.extra.TestOffsetDate" time="0"/>
  <testcase name="test_plusYears_long_noChange" classname="org.threeten.extra.TestOffsetDate" time="0"/>
  <testcase name="factory_parse_invalidText[0: 2008/07/05]" classname="org.threeten.extra.TestOffsetDate" time="0.001"/>
  <testcase name="factory_parse_invalidText[1: 10000-01-01]" classname="org.threeten.extra.TestOffsetDate" time="0"/>
  <testcase name="factory_parse_invalidText[2: 2008-1-1]" classname="org.threeten.extra.TestOffsetDate" time="0"/>
  <testcase name="factory_parse_invalidText[3: 2008--01]" classname="org.threeten.extra.TestOffsetDate" time="0"/>
  <testcase name="factory_parse_invalidText[4: ABCD-02-01]" classname="org.threeten.extra.TestOffsetDate" time="0"/>
  <testcase name="factory_parse_invalidText[5: 2008-AB-01]" classname="org.threeten.extra.TestOffsetDate" time="0"/>
  <testcase name="factory_parse_invalidText[6: 2008-02-AB]" classname="org.threeten.extra.TestOffsetDate" time="0"/>
  <testcase name="factory_parse_invalidText[7: -0000-02-01]" classname="org.threeten.extra.TestOffsetDate" time="0"/>
  <testcase name="factory_parse_invalidText[8: 2008-02-01Y]" classname="org.threeten.extra.TestOffsetDate" time="0"/>
  <testcase name="factory_parse_invalidText[9: 2008-02-01+19:00]" classname="org.threeten.extra.TestOffsetDate" time="0"/>
  <testcase name="factory_parse_invalidText[10: 2008-02-01+01/00]" classname="org.threeten.extra.TestOffsetDate" time="0"/>
  <testcase name="factory_parse_invalidText[11: 2008-02-01+1900]" classname="org.threeten.extra.TestOffsetDate" time="0"/>
  <testcase name="factory_parse_invalidText[12: 2008-02-01+01:60]" classname="org.threeten.extra.TestOffsetDate" time="0"/>
  <testcase name="factory_parse_invalidText[13: 2008-02-01+01:30:123]" classname="org.threeten.extra.TestOffsetDate" time="0"/>
  <testcase name="factory_parse_invalidText[14: 2008-02-01]" classname="org.threeten.extra.TestOffsetDate" time="0.001"/>
  <testcase name="factory_parse_invalidText[15: 2008-02-01+01:00[Europe/Paris]]" classname="org.threeten.extra.TestOffsetDate" time="0"/>
  <testcase name="test_minusMonths_long_invalidTooLarge" classname="org.threeten.extra.TestOffsetDate" time="0"/>
  <testcase name="test_minusMonths_long_invalidTooSmall" classname="org.threeten.extra.TestOffsetDate" time="0"/>
  <testcase name="test_plusDays_noChange" classname="org.threeten.extra.TestOffsetDate" time="0"/>
  <testcase name="constructor_nullDate" classname="org.threeten.extra.TestOffsetDate" time="0"/>
  <testcase name="test_plusYears_long_normal" classname="org.threeten.extra.TestOffsetDate" time="0"/>
  <testcase name="test_plusMonths_long_adjustDayFromLeapYear" classname="org.threeten.extra.TestOffsetDate" time="0"/>
  <testcase name="test_minusWeeks_negativeOverYears" classname="org.threeten.extra.TestOffsetDate" time="0"/>
  <testcase name="test_get_OffsetDate[0: 2008, 7, 5, +02:00]" classname="org.threeten.extra.TestOffsetDate" time="0"/>
  <testcase name="test_get_OffsetDate[1: 2007, 7, 5, +01:00]" classname="org.threeten.extra.TestOffsetDate" time="0"/>
  <testcase name="test_get_OffsetDate[2: 2006, 7, 5, +02:00]" classname="org.threeten.extra.TestOffsetDate" time="0"/>
  <testcase name="test_get_OffsetDate[3: 2005, 7, 5, +01:00]" classname="org.threeten.extra.TestOffsetDate" time="0"/>
  <testcase name="test_get_OffsetDate[4: 2004, 1, 1, +02:00]" classname="org.threeten.extra.TestOffsetDate" time="0"/>
  <testcase name="test_get_OffsetDate[5: -1, 1, 2, +01:00]" classname="org.threeten.extra.TestOffsetDate" time="0"/>
  <testcase name="test_get_OffsetDate[6: 999999, 11, 20, +06:09:12]" classname="org.threeten.extra.TestOffsetDate" time="0"/>
  <testcase name="test_minus_MinusAdjuster" classname="org.threeten.extra.TestOffsetDate" time="0.002"/>
  <testcase name="test_equals_itself_true" classname="org.threeten.extra.TestOffsetDate" time="0"/>
  <testcase name="factory_parse_validText[0: 2008, 7, 5, Z, 2008-07-05Z]" classname="org.threeten.extra.TestOffsetDate" time="0"/>
  <testcase name="factory_parse_validText[1: 2008, 7, 5, +00, 2008-07-05Z]" classname="org.threeten.extra.TestOffsetDate" time="0"/>
  <testcase name="factory_parse_validText[2: 2008, 7, 5, +0000, 2008-07-05Z]" classname="org.threeten.extra.TestOffsetDate" time="0"/>
  <testcase name="factory_parse_validText[3: 2008, 7, 5, +00:00, 2008-07-05Z]" classname="org.threeten.extra.TestOffsetDate" time="0"/>
  <testcase name="factory_parse_validText[4: 2008, 7, 5, +000000, 2008-07-05Z]" classname="org.threeten.extra.TestOffsetDate" time="0"/>
  <testcase name="factory_parse_validText[5: 2008, 7, 5, +00:00:00, 2008-07-05Z]" classname="org.threeten.extra.TestOffsetDate" time="0"/>
  <testcase name="factory_parse_validText[6: 2008, 7, 5, -00, 2008-07-05Z]" classname="org.threeten.extra.TestOffsetDate" time="0"/>
  <testcase name="factory_parse_validText[7: 2008, 7, 5, -0000, 2008-07-05Z]" classname="org.threeten.extra.TestOffsetDate" time="0"/>
  <testcase name="factory_parse_validText[8: 2008, 7, 5, -00:00, 2008-07-05Z]" classname="org.threeten.extra.TestOffsetDate" time="0"/>
  <testcase name="factory_parse_validText[9: 2008, 7, 5, -000000, 2008-07-05Z]" classname="org.threeten.extra.TestOffsetDate" time="0"/>
  <testcase name="factory_parse_validText[10: 2008, 7, 5, -00:00:00, 2008-07-05Z]" classname="org.threeten.extra.TestOffsetDate" time="0"/>
  <testcase name="factory_parse_validText[11: 2008, 7, 5, +01, 2008-07-05+01:00]" classname="org.threeten.extra.TestOffsetDate" time="0"/>
  <testcase name="factory_parse_validText[12: 2008, 7, 5, +0100, 2008-07-05+01:00]" classname="org.threeten.extra.TestOffsetDate" time="0"/>
  <testcase name="factory_parse_validText[13: 2008, 7, 5, +01:00, 2008-07-05+01:00]" classname="org.threeten.extra.TestOffsetDate" time="0"/>
  <testcase name="factory_parse_validText[14: 2008, 7, 5, +010000, 2008-07-05+01:00]" classname="org.threeten.extra.TestOffsetDate" time="0"/>
  <testcase name="factory_parse_validText[15: 2008, 7, 5, +01:00:00, 2008-07-05+01:00]" classname="org.threeten.extra.TestOffsetDate" time="0.001"/>
  <testcase name="factory_parse_validText[16: 2008, 7, 5, +0130, 2008-07-05+01:30]" classname="org.threeten.extra.TestOffsetDate" time="0"/>
  <testcase name="factory_parse_validText[17: 2008, 7, 5, +01:30, 2008-07-05+01:30]" classname="org.threeten.extra.TestOffsetDate" time="0"/>
  <testcase name="factory_parse_validText[18: 2008, 7, 5, +013000, 2008-07-05+01:30]" classname="org.threeten.extra.TestOffsetDate" time="0"/>
  <testcase name="factory_parse_validText[19: 2008, 7, 5, +01:30:00, 2008-07-05+01:30]" classname="org.threeten.extra.TestOffsetDate" time="0"/>
  <testcase name="factory_parse_validText[20: 2008, 7, 5, +013040, 2008-07-05+01:30:40]" classname="org.threeten.extra.TestOffsetDate" time="0"/>
  <testcase name="factory_parse_validText[21: 2008, 7, 5, +01:30:40, 2008-07-05+01:30:40]" classname="org.threeten.extra.TestOffsetDate" time="0"/>
  <testcase name="test_minusMonths_long_big" classname="org.threeten.extra.TestOffsetDate" time="0"/>
  <testcase name="test_with_adjustment_OffsetDate" classname="org.threeten.extra.TestOffsetDate" time="0"/>
  <testcase name="test_with_adjustment_null" classname="org.threeten.extra.TestOffsetDate" time="0"/>
  <testcase name="test_minusYears_long_invalidTooLargeMaxAddMax" classname="org.threeten.extra.TestOffsetDate" time="0"/>
  <testcase name="test_minusYears_long_invalidTooLargeMaxAddMin" classname="org.threeten.extra.TestOffsetDate" time="0"/>
  <testcase name="test_isAfter_null" classname="org.threeten.extra.TestOffsetDate" time="0"/>
  <testcase name="test_toLocalDate[0: 2008, 7, 5, +02:00]" classname="org.threeten.extra.TestOffsetDate" time="0"/>
  <testcase name="test_toLocalDate[1: 2007, 7, 5, +01:00]" classname="org.threeten.extra.TestOffsetDate" time="0"/>
  <testcase name="test_toLocalDate[2: 2006, 7, 5, +02:00]" classname="org.threeten.extra.TestOffsetDate" time="0"/>
  <testcase name="test_toLocalDate[3: 2005, 7, 5, +01:00]" classname="org.threeten.extra.TestOffsetDate" time="0"/>
  <testcase name="test_toLocalDate[4: 2004, 1, 1, +02:00]" classname="org.threeten.extra.TestOffsetDate" time="0"/>
  <testcase name="test_toLocalDate[5: -1, 1, 2, +01:00]" classname="org.threeten.extra.TestOffsetDate" time="0"/>
  <testcase name="test_toLocalDate[6: 999999, 11, 20, +06:09:12]" classname="org.threeten.extra.TestOffsetDate" time="0"/>
  <testcase name="test_withMonth_int_invalid" classname="org.threeten.extra.TestOffsetDate" time="0"/>
  <testcase name="test_plusYears_long_invalidTooLarge" classname="org.threeten.extra.TestOffsetDate" time="0"/>
  <testcase name="test_plusYears_long_invalidTooSmall" classname="org.threeten.extra.TestOffsetDate" time="0"/>
  <testcase name="test_with_TemporalField_invalidField" classname="org.threeten.extra.TestOffsetDate" time="0.001"/>
  <testcase name="test_query_null" classname="org.threeten.extra.TestOffsetDate" time="0"/>
  <testcase name="test_query_zone" classname="org.threeten.extra.TestOffsetDate" time="0"/>
  <testcase name="factory_of_intsMonthOffset" classname="org.threeten.extra.TestOffsetDate" time="0"/>
  <testcase name="test_minusDays_symmetry[0: -0001-01-01+01:00]" classname="org.threeten.extra.TestOffsetDate" time="0.002"/>
  <testcase name="test_minusDays_symmetry[1: -0001-02-28+02:00]" classname="org.threeten.extra.TestOffsetDate" time="0.002"/>
  <testcase name="test_minusDays_symmetry[2: -0001-03-01+01:00]" classname="org.threeten.extra.TestOffsetDate" time="0.003"/>
  <testcase name="test_minusDays_symmetry[3: -0001-12-31+02:00]" classname="org.threeten.extra.TestOffsetDate" time="0.002"/>
  <testcase name="test_minusDays_symmetry[4: 0000-01-01+01:00]" classname="org.threeten.extra.TestOffsetDate" time="0.002"/>
  <testcase name="test_minusDays_symmetry[5: 0000-02-28+02:00]" classname="org.threeten.extra.TestOffsetDate" time="0.001"/>
  <testcase name="test_minusDays_symmetry[6: 0000-02-29+02:00]" classname="org.threeten.extra.TestOffsetDate" time="0.002"/>
  <testcase name="test_minusDays_symmetry[7: 0000-03-01+01:00]" classname="org.threeten.extra.TestOffsetDate" time="0.002"/>
  <testcase name="test_minusDays_symmetry[8: 0000-12-31+02:00]" classname="org.threeten.extra.TestOffsetDate" time="0.001"/>
  <testcase name="test_minusDays_symmetry[9: 2007-01-01+01:00]" classname="org.threeten.extra.TestOffsetDate" time="0.002"/>
  <testcase name="test_minusDays_symmetry[10: 2007-02-28+02:00]" classname="org.threeten.extra.TestOffsetDate" time="0.001"/>
  <testcase name="test_minusDays_symmetry[11: 2007-03-01+01:00]" classname="org.threeten.extra.TestOffsetDate" time="0.002"/>
  <testcase name="test_minusDays_symmetry[12: 2007-12-31+02:00]" classname="org.threeten.extra.TestOffsetDate" time="0.002"/>
  <testcase name="test_minusDays_symmetry[13: 2008-01-01+01:00]" classname="org.threeten.extra.TestOffsetDate" time="0"/>
  <testcase name="test_minusDays_symmetry[14: 2008-02-28+02:00]" classname="org.threeten.extra.TestOffsetDate" time="0.001"/>
  <testcase name="test_minusDays_symmetry[15: 2008-02-29+02:00]" classname="org.threeten.extra.TestOffsetDate" time="0.001"/>
  <testcase name="test_minusDays_symmetry[16: 2008-03-01+01:00]" classname="org.threeten.extra.TestOffsetDate" time="0.001"/>
  <testcase name="test_minusDays_symmetry[17: 2008-12-31+02:00]" classname="org.threeten.extra.TestOffsetDate" time="0.001"/>
  <testcase name="test_minusDays_symmetry[18: 2099-01-01+01:00]" classname="org.threeten.extra.TestOffsetDate" time="0.002"/>
  <testcase name="test_minusDays_symmetry[19: 2099-02-28+02:00]" classname="org.threeten.extra.TestOffsetDate" time="0.001"/>
  <testcase name="test_minusDays_symmetry[20: 2099-03-01+01:00]" classname="org.threeten.extra.TestOffsetDate" time="0.001"/>
  <testcase name="test_minusDays_symmetry[21: 2099-12-31+02:00]" classname="org.threeten.extra.TestOffsetDate" time="0"/>
  <testcase name="test_minusDays_symmetry[22: 2100-01-01+01:00]" classname="org.threeten.extra.TestOffsetDate" time="0.001"/>
  <testcase name="test_minusDays_symmetry[23: 2100-02-28+02:00]" classname="org.threeten.extra.TestOffsetDate" time="0.001"/>
  <testcase name="test_minusDays_symmetry[24: 2100-03-01+01:00]" classname="org.threeten.extra.TestOffsetDate" time="0"/>
  <testcase name="test_minusDays_symmetry[25: 2100-12-31+02:00]" classname="org.threeten.extra.TestOffsetDate" time="0.001"/>
  <testcase name="test_minusWeeks_invalidTooLarge" classname="org.threeten.extra.TestOffsetDate" time="0"/>
  <testcase name="test_minusWeeks_invalidTooSmall" classname="org.threeten.extra.TestOffsetDate" time="0"/>
  <testcase name="factory_of_intsMonthOffset_nullOffset" classname="org.threeten.extra.TestOffsetDate" time="0"/>
  <testcase name="test_toEpochSecond" classname="org.threeten.extra.TestOffsetDate" time="0"/>
  <testcase name="test_plusYears_long_negative" classname="org.threeten.extra.TestOffsetDate" time="0"/>
  <testcase name="test_withYear_int_noChange" classname="org.threeten.extra.TestOffsetDate" time="0"/>
  <testcase name="factory_parse_nullText" classname="org.threeten.extra.TestOffsetDate" time="0"/>
  <testcase name="test_withOffsetSameLocal_noChange" classname="org.threeten.extra.TestOffsetDate" time="0"/>
  <testcase name="test_plusMonths_long_adjustDayFromMonthLength" classname="org.threeten.extra.TestOffsetDate" time="0"/>
  <testcase name="factory_of_ints" classname="org.threeten.extra.TestOffsetDate" time="0"/>
  <testcase name="test_plusDays_negative" classname="org.threeten.extra.TestOffsetDate" time="0"/>
  <testcase name="test_isSupported_TemporalUnit" classname="org.threeten.extra.TestOffsetDate" time="0"/>
  <testcase name="test_minusWeeks_normal" classname="org.threeten.extra.TestOffsetDate" time="0"/>
  <testcase name="test_plusDays_maximum" classname="org.threeten.extra.TestOffsetDate" time="0"/>
  <testcase name="test_plusDays_negativeAcrossYear" classname="org.threeten.extra.TestOffsetDate" time="0"/>
  <testcase name="test_withYear_int_normal" classname="org.threeten.extra.TestOffsetDate" time="0"/>
  <testcase name="factory_of_intsMonthOffset_yearTooLow" classname="org.threeten.extra.TestOffsetDate" time="0"/>
  <testcase name="test_withDayOfYear_illegal" classname="org.threeten.extra.TestOffsetDate" time="0"/>
  <testcase name="factory_parse_illegalValue" classname="org.threeten.extra.TestOffsetDate" time="0"/>
  <testcase name="test_minusWeeks_overLeapYears" classname="org.threeten.extra.TestOffsetDate" time="0"/>
  <testcase name="test_withDayOfYear_invalid" classname="org.threeten.extra.TestOffsetDate" time="0"/>
  <testcase name="factory_parse_invalidValue" classname="org.threeten.extra.TestOffsetDate" time="0"/>
  <testcase name="test_equals_string_false" classname="org.threeten.extra.TestOffsetDate" time="0"/>
  <testcase name="test_plusDays_minimum" classname="org.threeten.extra.TestOffsetDate" time="0"/>
  <testcase name="factory_of_ints_dayTooLow" classname="org.threeten.extra.TestOffsetDate" time="0"/>
  <testcase name="test_query_precision" classname="org.threeten.extra.TestOffsetDate" time="0"/>
  <testcase name="test_minusMonths_long_negativeAcrossYear" classname="org.threeten.extra.TestOffsetDate" time="0"/>
  <testcase name="test_minusWeeks_noChange" classname="org.threeten.extra.TestOffsetDate" time="0"/>
  <testcase name="test_minusMonths_long_overYears" classname="org.threeten.extra.TestOffsetDate" time="0"/>
  <testcase name="test_withMonth_int_normal" classname="org.threeten.extra.TestOffsetDate" time="0"/>
  <testcase name="factory_of_intsMonthOffset_nullMonth" classname="org.threeten.extra.TestOffsetDate" time="0"/>
  <testcase name="factory_of_ints_nullOffset" classname="org.threeten.extra.TestOffsetDate" time="0"/>
  <testcase name="test_plusMonths_long_negativeOverYears" classname="org.threeten.extra.TestOffsetDate" time="0"/>
  <testcase name="test_plusDays_invalidTooLarge" classname="org.threeten.extra.TestOffsetDate" time="0"/>
  <testcase name="test_plusDays_invalidTooSmall" classname="org.threeten.extra.TestOffsetDate" time="0"/>
  <testcase name="test_plusYears_long_adjustDay" classname="org.threeten.extra.TestOffsetDate" time="0"/>
  <testcase name="test_from_TemporalAccessor_OD" classname="org.threeten.extra.TestOffsetDate" time="0"/>
  <testcase name="test_plus_PlusAdjuster" classname="org.threeten.extra.TestOffsetDate" time="0"/>
  <testcase name="test_equals_true[0: 2008, 7, 5, +02:00]" classname="org.threeten.extra.TestOffsetDate" time="0"/>
  <testcase name="test_equals_true[1: 2007, 7, 5, +01:00]" classname="org.threeten.extra.TestOffsetDate" time="0"/>
  <testcase name="test_equals_true[2: 2006, 7, 5, +02:00]" classname="org.threeten.extra.TestOffsetDate" time="0"/>
  <testcase name="test_equals_true[3: 2005, 7, 5, +01:00]" classname="org.threeten.extra.TestOffsetDate" time="0"/>
  <testcase name="test_equals_true[4: 2004, 1, 1, +02:00]" classname="org.threeten.extra.TestOffsetDate" time="0"/>
  <testcase name="test_equals_true[5: -1, 1, 2, +01:00]" classname="org.threeten.extra.TestOffsetDate" time="0"/>
  <testcase name="test_equals_true[6: 999999, 11, 20, +06:09:12]" classname="org.threeten.extra.TestOffsetDate" time="0"/>
  <testcase name="test_atTime_Local" classname="org.threeten.extra.TestOffsetDate" time="0"/>
  <testcase name="factory_of_ints_yearTooLow" classname="org.threeten.extra.TestOffsetDate" time="0"/>
  <testcase name="test_from_TemporalAccessor_invalid_noDerive" classname="org.threeten.extra.TestOffsetDate" time="0.001"/>
  <testcase name="test_compareTo_offset" classname="org.threeten.extra.TestOffsetDate" time="0"/>
  <testcase name="test_minusDays_invalidTooLarge" classname="org.threeten.extra.TestOffsetDate" time="0"/>
  <testcase name="test_minusDays_invalidTooSmall" classname="org.threeten.extra.TestOffsetDate" time="0"/>
  <testcase name="test_minus_MinusAdjuster_zero" classname="org.threeten.extra.TestOffsetDate" time="0"/>
  <testcase name="test_minusYears_long_adjustDay" classname="org.threeten.extra.TestOffsetDate" time="0"/>
  <testcase name="test_plus_PlusAdjuster_noChange" classname="org.threeten.extra.TestOffsetDate" time="0"/>
  <testcase name="test_plusDays_overMonths" classname="org.threeten.extra.TestOffsetDate" time="0"/>
  <testcase name="test_withYear_int_invalid" classname="org.threeten.extra.TestOffsetDate" time="0"/>
  <testcase name="factory_of_ints_monthTooLow" classname="org.threeten.extra.TestOffsetDate" time="0"/>
  <testcase name="now_Clock_offsets" classname="org.threeten.extra.TestOffsetDate" time="0"/>
  <testcase name="test_withMonth_int_noChange" classname="org.threeten.extra.TestOffsetDate" time="0"/>
  <testcase name="test_format_formatter" classname="org.threeten.extra.TestOffsetDate" time="0"/>
  <testcase name="factory_parse_formatter_nullText" classname="org.threeten.extra.TestOffsetDate" time="0"/>
  <testcase name="test_plusDays_symmetry[0: -0001-01-01+01:00]" classname="org.threeten.extra.TestOffsetDate" time="0.003"/>
  <testcase name="test_plusDays_symmetry[1: -0001-02-28+02:00]" classname="org.threeten.extra.TestOffsetDate" time="0.002"/>
  <testcase name="test_plusDays_symmetry[2: -0001-03-01+01:00]" classname="org.threeten.extra.TestOffsetDate" time="0.001"/>
  <testcase name="test_plusDays_symmetry[3: -0001-12-31+02:00]" classname="org.threeten.extra.TestOffsetDate" time="0.001"/>
  <testcase name="test_plusDays_symmetry[4: 0000-01-01+01:00]" classname="org.threeten.extra.TestOffsetDate" time="0"/>
  <testcase name="test_plusDays_symmetry[5: 0000-02-28+02:00]" classname="org.threeten.extra.TestOffsetDate" time="0.001"/>
  <testcase name="test_plusDays_symmetry[6: 0000-02-29+02:00]" classname="org.threeten.extra.TestOffsetDate" time="0.001"/>
  <testcase name="test_plusDays_symmetry[7: 0000-03-01+01:00]" classname="org.threeten.extra.TestOffsetDate" time="0.001"/>
  <testcase name="test_plusDays_symmetry[8: 0000-12-31+02:00]" classname="org.threeten.extra.TestOffsetDate" time="0.001"/>
  <testcase name="test_plusDays_symmetry[9: 2007-01-01+01:00]" classname="org.threeten.extra.TestOffsetDate" time="0.001"/>
  <testcase name="test_plusDays_symmetry[10: 2007-02-28+02:00]" classname="org.threeten.extra.TestOffsetDate" time="0"/>
  <testcase name="test_plusDays_symmetry[11: 2007-03-01+01:00]" classname="org.threeten.extra.TestOffsetDate" time="0.001"/>
  <testcase name="test_plusDays_symmetry[12: 2007-12-31+02:00]" classname="org.threeten.extra.TestOffsetDate" time="0.001"/>
  <testcase name="test_plusDays_symmetry[13: 2008-01-01+01:00]" classname="org.threeten.extra.TestOffsetDate" time="0"/>
  <testcase name="test_plusDays_symmetry[14: 2008-02-28+02:00]" classname="org.threeten.extra.TestOffsetDate" time="0.001"/>
  <testcase name="test_plusDays_symmetry[15: 2008-02-29+02:00]" classname="org.threeten.extra.TestOffsetDate" time="0.001"/>
  <testcase name="test_plusDays_symmetry[16: 2008-03-01+01:00]" classname="org.threeten.extra.TestOffsetDate" time="0.001"/>
  <testcase name="test_plusDays_symmetry[17: 2008-12-31+02:00]" classname="org.threeten.extra.TestOffsetDate" time="0.001"/>
  <testcase name="test_plusDays_symmetry[18: 2099-01-01+01:00]" classname="org.threeten.extra.TestOffsetDate" time="0.001"/>
  <testcase name="test_plusDays_symmetry[19: 2099-02-28+02:00]" classname="org.threeten.extra.TestOffsetDate" time="0.001"/>
  <testcase name="test_plusDays_symmetry[20: 2099-03-01+01:00]" classname="org.threeten.extra.TestOffsetDate" time="0.001"/>
  <testcase name="test_plusDays_symmetry[21: 2099-12-31+02:00]" classname="org.threeten.extra.TestOffsetDate" time="0.001"/>
  <testcase name="test_plusDays_symmetry[22: 2100-01-01+01:00]" classname="org.threeten.extra.TestOffsetDate" time="0.001"/>
  <testcase name="test_plusDays_symmetry[23: 2100-02-28+02:00]" classname="org.threeten.extra.TestOffsetDate" time="0.001"/>
  <testcase name="test_plusDays_symmetry[24: 2100-03-01+01:00]" classname="org.threeten.extra.TestOffsetDate" time="0.001"/>
  <testcase name="test_plusDays_symmetry[25: 2100-12-31+02:00]" classname="org.threeten.extra.TestOffsetDate" time="0.001"/>
  <testcase name="test_plusYears_long_invalidTooLargeMaxAddMax" classname="org.threeten.extra.TestOffsetDate" time="0"/>
  <testcase name="test_plusYears_long_invalidTooLargeMaxAddMin" classname="org.threeten.extra.TestOffsetDate" time="0"/>
  <testcase name="test_minusDays_overflowTooLarge" classname="org.threeten.extra.TestOffsetDate" time="0"/>
  <testcase name="test_minusDays_overflowTooSmall" classname="org.threeten.extra.TestOffsetDate" time="0"/>
  <testcase name="test_with_TemporalField_null" classname="org.threeten.extra.TestOffsetDate" time="0"/>
  <testcase name="test_plusDays_normal" classname="org.threeten.extra.TestOffsetDate" time="0"/>
  <testcase name="test_minusWeeks_negative" classname="org.threeten.extra.TestOffsetDate" time="0"/>
  <testcase name="constant_MAX" classname="org.threeten.extra.TestOffsetDate" time="0"/>
  <testcase name="constant_MIN" classname="org.threeten.extra.TestOffsetDate" time="0"/>
  <testcase name="test_plusWeeks_overYears" classname="org.threeten.extra.TestOffsetDate" time="0"/>
  <testcase name="test_with_adjustment" classname="org.threeten.extra.TestOffsetDate" time="0.001"/>
  <testcase name="test_minusYears_long_big" classname="org.threeten.extra.TestOffsetDate" time="0"/>
  <testcase name="test_get_TemporalField" classname="org.threeten.extra.TestOffsetDate" time="0"/>
  <testcase name="test_minusWeeks_negativeAcrossYear" classname="org.threeten.extra.TestOffsetDate" time="0"/>
  <testcase name="now" classname="org.threeten.extra.TestOffsetDate" time="0"/>
  <testcase name="test_plusDays_negativeOverYears" classname="org.threeten.extra.TestOffsetDate" time="0"/>
  <testcase name="test_isBeforeIsAfterIsEqual1" classname="org.threeten.extra.TestOffsetDate" time="0"/>
  <testcase name="test_isBeforeIsAfterIsEqual2" classname="org.threeten.extra.TestOffsetDate" time="0"/>
  <testcase name="test_until_otherType" classname="org.threeten.extra.TestOffsetDate" time="0"/>
  <testcase name="test_query_chrono" classname="org.threeten.extra.TestOffsetDate" time="0"/>
  <testcase name="test_plusMonths_long_invalidTooLarge" classname="org.threeten.extra.TestOffsetDate" time="0"/>
  <testcase name="test_plusMonths_long_noChange" classname="org.threeten.extra.TestOffsetDate" time="0"/>
  <testcase name="test_plusMonths_long_invalidTooSmall" classname="org.threeten.extra.TestOffsetDate" time="0"/>
  <testcase name="test_plusWeeks_overLeapYears" classname="org.threeten.extra.TestOffsetDate" time="0"/>
  <testcase name="test_plusWeeks_noChange" classname="org.threeten.extra.TestOffsetDate" time="0"/>
  <testcase name="test_minusDays_negativeOverYears" classname="org.threeten.extra.TestOffsetDate" time="0"/>
  <testcase name="test_minusWeeks_invalidMaxMinusMax" classname="org.threeten.extra.TestOffsetDate" time="0.001"/>
  <testcase name="test_minusWeeks_invalidMaxMinusMin" classname="org.threeten.extra.TestOffsetDate" time="0"/>
  <testcase name="test_minusMonths_long_invalidTooLargeMaxAddMax" classname="org.threeten.extra.TestOffsetDate" time="0"/>
  <testcase name="test_minusMonths_long_invalidTooLargeMaxAddMin" classname="org.threeten.extra.TestOffsetDate" time="0"/>
  <testcase name="test_minusMonths_long_noChange" classname="org.threeten.extra.TestOffsetDate" time="0"/>
  <testcase name="test_plusWeeks_negativeAcrossYear" classname="org.threeten.extra.TestOffsetDate" time="0"/>
  <testcase name="now_Clock_nullZoneId" classname="org.threeten.extra.TestOffsetDate" time="0"/>
  <testcase name="constructor_nullOffset" classname="org.threeten.extra.TestOffsetDate" time="0"/>
  <testcase name="test_withOffsetSameLocal_null" classname="org.threeten.extra.TestOffsetDate" time="0"/>
  <testcase name="factory_of_intsMonthOffset_dayTooHigh" classname="org.threeten.extra.TestOffsetDate" time="0"/>
  <testcase name="test_plusDays_overLeapYears" classname="org.threeten.extra.TestOffsetDate" time="0"/>
  <testcase name="test_query_offset" classname="org.threeten.extra.TestOffsetDate" time="0"/>
  <testcase name="now_Clock_nullClock" classname="org.threeten.extra.TestOffsetDate" time="0"/>
  <testcase name="factory_of_intsOffset" classname="org.threeten.extra.TestOffsetDate" time="0"/>
  <testcase name="test_minusDays_normal" classname="org.threeten.extra.TestOffsetDate" time="0"/>
  <testcase name="test_plusWeeks_invalidMaxMinusMax" classname="org.threeten.extra.TestOffsetDate" time="0"/>
  <testcase name="test_plusWeeks_invalidMaxMinusMin" classname="org.threeten.extra.TestOffsetDate" time="0"/>
  <testcase name="test_plusWeeks_negativeOverYears" classname="org.threeten.extra.TestOffsetDate" time="0"/>
  <testcase name="factory_of_LocalDateZoneOffset_nullOffset" classname="org.threeten.extra.TestOffsetDate" time="0"/>
  <testcase name="test_minusDays_negativeAcrossYear" classname="org.threeten.extra.TestOffsetDate" time="0"/>
  <testcase name="test_minusWeeks_maximum" classname="org.threeten.extra.TestOffsetDate" time="0"/>
  <testcase name="test_minusDays_overMonths" classname="org.threeten.extra.TestOffsetDate" time="0"/>
  <testcase name="test_adjustInto" classname="org.threeten.extra.TestOffsetDate" time="0"/>
  <testcase name="test_minusWeeks_symmetry[0: -0001-01-01+01:00]" classname="org.threeten.extra.TestOffsetDate" time="0.003"/>
  <testcase name="test_minusWeeks_symmetry[1: -0001-02-28+02:00]" classname="org.threeten.extra.TestOffsetDate" time="0.001"/>
  <testcase name="test_minusWeeks_symmetry[2: -0001-03-01+01:00]" classname="org.threeten.extra.TestOffsetDate" time="0.002"/>
  <testcase name="test_minusWeeks_symmetry[3: -0001-12-31+02:00]" classname="org.threeten.extra.TestOffsetDate" time="0.002"/>
  <testcase name="test_minusWeeks_symmetry[4: 0000-01-01+01:00]" classname="org.threeten.extra.TestOffsetDate" time="0.001"/>
  <testcase name="test_minusWeeks_symmetry[5: 0000-02-28+02:00]" classname="org.threeten.extra.TestOffsetDate" time="0.002"/>
  <testcase name="test_minusWeeks_symmetry[6: 0000-02-29+02:00]" classname="org.threeten.extra.TestOffsetDate" time="0.002"/>
  <testcase name="test_minusWeeks_symmetry[7: 0000-03-01+01:00]" classname="org.threeten.extra.TestOffsetDate" time="0.001"/>
  <testcase name="test_minusWeeks_symmetry[8: 0000-12-31+02:00]" classname="org.threeten.extra.TestOffsetDate" time="0.001"/>
  <testcase name="test_minusWeeks_symmetry[9: 2007-01-01+01:00]" classname="org.threeten.extra.TestOffsetDate" time="0.001"/>
  <testcase name="test_minusWeeks_symmetry[10: 2007-02-28+02:00]" classname="org.threeten.extra.TestOffsetDate" time="0.001"/>
  <testcase name="test_minusWeeks_symmetry[11: 2007-03-01+01:00]" classname="org.threeten.extra.TestOffsetDate" time="0.001"/>
  <testcase name="test_minusWeeks_symmetry[12: 2007-12-31+02:00]" classname="org.threeten.extra.TestOffsetDate" time="0.001"/>
  <testcase name="test_minusWeeks_symmetry[13: 2008-01-01+01:00]" classname="org.threeten.extra.TestOffsetDate" time="0.001"/>
  <testcase name="test_minusWeeks_symmetry[14: 2008-02-28+02:00]" classname="org.threeten.extra.TestOffsetDate" time="0.002"/>
  <testcase name="test_minusWeeks_symmetry[15: 2008-02-29+02:00]" classname="org.threeten.extra.TestOffsetDate" time="0.001"/>
  <testcase name="test_minusWeeks_symmetry[16: 2008-03-01+01:00]" classname="org.threeten.extra.TestOffsetDate" time="0.001"/>
  <testcase name="test_minusWeeks_symmetry[17: 2008-12-31+02:00]" classname="org.threeten.extra.TestOffsetDate" time="0.001"/>
  <testcase name="test_minusWeeks_symmetry[18: 2099-01-01+01:00]" classname="org.threeten.extra.TestOffsetDate" time="0.001"/>
  <testcase name="test_minusWeeks_symmetry[19: 2099-02-28+02:00]" classname="org.threeten.extra.TestOffsetDate" time="0.001"/>
  <testcase name="test_minusWeeks_symmetry[20: 2099-03-01+01:00]" classname="org.threeten.extra.TestOffsetDate" time="0.002"/>
  <testcase name="test_minusWeeks_symmetry[21: 2099-12-31+02:00]" classname="org.threeten.extra.TestOffsetDate" time="0.001"/>
  <testcase name="test_minusWeeks_symmetry[22: 2100-01-01+01:00]" classname="org.threeten.extra.TestOffsetDate" time="0.001"/>
  <testcase name="test_minusWeeks_symmetry[23: 2100-02-28+02:00]" classname="org.threeten.extra.TestOffsetDate" time="0.001"/>
  <testcase name="test_minusWeeks_symmetry[24: 2100-03-01+01:00]" classname="org.threeten.extra.TestOffsetDate" time="0.001"/>
  <testcase name="test_minusWeeks_symmetry[25: 2100-12-31+02:00]" classname="org.threeten.extra.TestOffsetDate" time="0.001"/>
  <testcase name="test_isBefore_null" classname="org.threeten.extra.TestOffsetDate" time="0"/>
  <testcase name="test_plus_MinusAdjuster_null" classname="org.threeten.extra.TestOffsetDate" time="0"/>
  <testcase name="factory_of_ints_monthTooHigh" classname="org.threeten.extra.TestOffsetDate" time="0"/>
  <testcase name="test_query_zoneId" classname="org.threeten.extra.TestOffsetDate" time="0"/>
  <testcase name="test_withYear_int_adjustDay" classname="org.threeten.extra.TestOffsetDate" time="0"/>
  <testcase name="compareToNonOffsetDate" classname="org.threeten.extra.TestOffsetDate" time="0"/>
  <testcase name="test_plusMonths_long_negative" classname="org.threeten.extra.TestOffsetDate" time="0"/>
  <testcase name="test_isBeforeIsAfterIsEqual_instantComparison" classname="org.threeten.extra.TestOffsetDate" time="0"/>
  <testcase name="test_equals_false_month_differs[0: 2008, 7, 5, +02:00]" classname="org.threeten.extra.TestOffsetDate" time="0"/>
  <testcase name="test_equals_false_month_differs[1: 2007, 7, 5, +01:00]" classname="org.threeten.extra.TestOffsetDate" time="0"/>
  <testcase name="test_equals_false_month_differs[2: 2006, 7, 5, +02:00]" classname="org.threeten.extra.TestOffsetDate" time="0"/>
  <testcase name="test_equals_false_month_differs[3: 2005, 7, 5, +01:00]" classname="org.threeten.extra.TestOffsetDate" time="0"/>
  <testcase name="test_equals_false_month_differs[4: 2004, 1, 1, +02:00]" classname="org.threeten.extra.TestOffsetDate" time="0"/>
  <testcase name="test_equals_false_month_differs[5: -1, 1, 2, +01:00]" classname="org.threeten.extra.TestOffsetDate" time="0"/>
  <testcase name="test_equals_false_month_differs[6: 999999, 11, 20, +06:09:12]" classname="org.threeten.extra.TestOffsetDate" time="0"/>
  <testcase name="test_minusWeeks_minimum" classname="org.threeten.extra.TestOffsetDate" time="0"/>
  <testcase name="test_with_adjustment_noChange" classname="org.threeten.extra.TestOffsetDate" time="0"/>
  <testcase name="test_plusWeeks_normal" classname="org.threeten.extra.TestOffsetDate" time="0"/>
  <testcase name="test_plusWeeks_negative" classname="org.threeten.extra.TestOffsetDate" time="0"/>
  <testcase name="test_equals_false_offset_differs[0: 2008, 7, 5, +02:00]" classname="org.threeten.extra.TestOffsetDate" time="0"/>
  <testcase name="test_equals_false_offset_differs[1: 2007, 7, 5, +01:00]" classname="org.threeten.extra.TestOffsetDate" time="0"/>
  <testcase name="test_equals_false_offset_differs[2: 2006, 7, 5, +02:00]" classname="org.threeten.extra.TestOffsetDate" time="0"/>
  <testcase name="test_equals_false_offset_differs[3: 2005, 7, 5, +01:00]" classname="org.threeten.extra.TestOffsetDate" time="0"/>
  <testcase name="test_equals_false_offset_differs[4: 2004, 1, 1, +02:00]" classname="org.threeten.extra.TestOffsetDate" time="0"/>
  <testcase name="test_equals_false_offset_differs[5: -1, 1, 2, +01:00]" classname="org.threeten.extra.TestOffsetDate" time="0"/>
  <testcase name="test_equals_false_offset_differs[6: 999999, 11, 20, +06:09:12]" classname="org.threeten.extra.TestOffsetDate" time="0"/>
  <testcase name="test_with_adjustment_offsetUnchanged" classname="org.threeten.extra.TestOffsetDate" time="0"/>
  <testcase name="test_minusDays_overYears" classname="org.threeten.extra.TestOffsetDate" time="0"/>
  <testcase name="factory_of_ints_dayTooHigh" classname="org.threeten.extra.TestOffsetDate" time="0"/>
  <testcase name="factory_of_intMonthInt" classname="org.threeten.extra.TestOffsetDate" time="0"/>
  <testcase name="test_minusDays_maximum" classname="org.threeten.extra.TestOffsetDate" time="0"/>
  <testcase name="test_plusYears_long_big" classname="org.threeten.extra.TestOffsetDate" time="0"/>
  <testcase name="test_minusWeeks_overYears" classname="org.threeten.extra.TestOffsetDate" time="0"/>
  <testcase name="test_minusMonths_long_negative" classname="org.threeten.extra.TestOffsetDate" time="0"/>
  <testcase name="test_minusMonths_long_adjustDayFromLeapYear" classname="org.threeten.extra.TestOffsetDate" time="0"/>
  <testcase name="test_minusYears_long_noChange" classname="org.threeten.extra.TestOffsetDate" time="0"/>
  <testcase name="test_plus_PlusAdjuster_null" classname="org.threeten.extra.TestOffsetDate" time="0.001"/>
  <testcase name="test_plus_PlusAdjuster_zero" classname="org.threeten.extra.TestOffsetDate" time="0"/>
  <testcase name="test_plusMonths_long_invalidTooLargeMaxAddMax" classname="org.threeten.extra.TestOffsetDate" time="0"/>
  <testcase name="test_plusMonths_long_invalidTooLargeMaxAddMin" classname="org.threeten.extra.TestOffsetDate" time="0"/>
  <testcase name="test_withOffsetSameLocal" classname="org.threeten.extra.TestOffsetDate" time="0"/>
  <testcase name="test_compareTo_24hourDifference" classname="org.threeten.extra.TestOffsetDate" time="0"/>
  <testcase name="test_minusMonths_long_negativeOverYears" classname="org.threeten.extra.TestOffsetDate" time="0"/>
  <testcase name="factory_parse_formatter" classname="org.threeten.extra.TestOffsetDate" time="0"/>
  <testcase name="test_minusDays_minimum" classname="org.threeten.extra.TestOffsetDate" time="0"/>
  <testcase name="test_minusDays_overLeapYears" classname="org.threeten.extra.TestOffsetDate" time="0"/>
  <testcase name="test_plusMonths_long_negativeAcrossYear" classname="org.threeten.extra.TestOffsetDate" time="0"/>
  <testcase name="test_format_formatter_null" classname="org.threeten.extra.TestOffsetDate" time="0"/>
  <testcase name="test_toString[0: 2008, 7, 5, Z, 2008-07-05Z]" classname="org.threeten.extra.TestOffsetDate" time="0"/>
  <testcase name="test_toString[1: 2008, 7, 5, +00, 2008-07-05Z]" classname="org.threeten.extra.TestOffsetDate" time="0"/>
  <testcase name="test_toString[2: 2008, 7, 5, +0000, 2008-07-05Z]" classname="org.threeten.extra.TestOffsetDate" time="0"/>
  <testcase name="test_toString[3: 2008, 7, 5, +00:00, 2008-07-05Z]" classname="org.threeten.extra.TestOffsetDate" time="0"/>
  <testcase name="test_toString[4: 2008, 7, 5, +000000, 2008-07-05Z]" classname="org.threeten.extra.TestOffsetDate" time="0"/>
  <testcase name="test_toString[5: 2008, 7, 5, +00:00:00, 2008-07-05Z]" classname="org.threeten.extra.TestOffsetDate" time="0"/>
  <testcase name="test_toString[6: 2008, 7, 5, -00, 2008-07-05Z]" classname="org.threeten.extra.TestOffsetDate" time="0"/>
  <testcase name="test_toString[7: 2008, 7, 5, -0000, 2008-07-05Z]" classname="org.threeten.extra.TestOffsetDate" time="0"/>
  <testcase name="test_toString[8: 2008, 7, 5, -00:00, 2008-07-05Z]" classname="org.threeten.extra.TestOffsetDate" time="0"/>
  <testcase name="test_toString[9: 2008, 7, 5, -000000, 2008-07-05Z]" classname="org.threeten.extra.TestOffsetDate" time="0"/>
  <testcase name="test_toString[10: 2008, 7, 5, -00:00:00, 2008-07-05Z]" classname="org.threeten.extra.TestOffsetDate" time="0"/>
  <testcase name="test_toString[11: 2008, 7, 5, +01, 2008-07-05+01:00]" classname="org.threeten.extra.TestOffsetDate" time="0"/>
  <testcase name="test_toString[12: 2008, 7, 5, +0100, 2008-07-05+01:00]" classname="org.threeten.extra.TestOffsetDate" time="0"/>
  <testcase name="test_toString[13: 2008, 7, 5, +01:00, 2008-07-05+01:00]" classname="org.threeten.extra.TestOffsetDate" time="0"/>
  <testcase name="test_toString[14: 2008, 7, 5, +010000, 2008-07-05+01:00]" classname="org.threeten.extra.TestOffsetDate" time="0"/>
  <testcase name="test_toString[15: 2008, 7, 5, +01:00:00, 2008-07-05+01:00]" classname="org.threeten.extra.TestOffsetDate" time="0"/>
  <testcase name="test_toString[16: 2008, 7, 5, +0130, 2008-07-05+01:30]" classname="org.threeten.extra.TestOffsetDate" time="0"/>
  <testcase name="test_toString[17: 2008, 7, 5, +01:30, 2008-07-05+01:30]" classname="org.threeten.extra.TestOffsetDate" time="0"/>
  <testcase name="test_toString[18: 2008, 7, 5, +013000, 2008-07-05+01:30]" classname="org.threeten.extra.TestOffsetDate" time="0.001"/>
  <testcase name="test_toString[19: 2008, 7, 5, +01:30:00, 2008-07-05+01:30]" classname="org.threeten.extra.TestOffsetDate" time="0"/>
  <testcase name="test_toString[20: 2008, 7, 5, +013040, 2008-07-05+01:30:40]" classname="org.threeten.extra.TestOffsetDate" time="0"/>
  <testcase name="test_toString[21: 2008, 7, 5, +01:30:40, 2008-07-05+01:30:40]" classname="org.threeten.extra.TestOffsetDate" time="0"/>
  <testcase name="factory_parse_formatter_nullFormatter" classname="org.threeten.extra.TestOffsetDate" time="0"/>
  <testcase name="test_from_TemporalAccessor_ZDT" classname="org.threeten.extra.TestOffsetDate" time="0"/>
  <testcase name="test_plusWeeks_invalidTooLarge" classname="org.threeten.extra.TestOffsetDate" time="0"/>
  <testcase name="test_plusWeeks_invalidTooSmall" classname="org.threeten.extra.TestOffsetDate" time="0"/>
  <testcase name="test_minusDays_noChange" classname="org.threeten.extra.TestOffsetDate" time="0"/>
  <testcase name="factory_of_LocalDateZoneOffset" classname="org.threeten.extra.TestOffsetDate" time="0"/>
  <testcase name="test_equals_false_year_differs[0: 2008, 7, 5, +02:00]" classname="org.threeten.extra.TestOffsetDate" time="0"/>
  <testcase name="test_equals_false_year_differs[1: 2007, 7, 5, +01:00]" classname="org.threeten.extra.TestOffsetDate" time="0"/>
  <testcase name="test_equals_false_year_differs[2: 2006, 7, 5, +02:00]" classname="org.threeten.extra.TestOffsetDate" time="0"/>
  <testcase name="test_equals_false_year_differs[3: 2005, 7, 5, +01:00]" classname="org.threeten.extra.TestOffsetDate" time="0"/>
  <testcase name="test_equals_false_year_differs[4: 2004, 1, 1, +02:00]" classname="org.threeten.extra.TestOffsetDate" time="0"/>
  <testcase name="test_equals_false_year_differs[5: -1, 1, 2, +01:00]" classname="org.threeten.extra.TestOffsetDate" time="0"/>
  <testcase name="test_equals_false_year_differs[6: 999999, 11, 20, +06:09:12]" classname="org.threeten.extra.TestOffsetDate" time="0"/>
  <testcase name="test_atTime_Local_nullLocalTime" classname="org.threeten.extra.TestOffsetDate" time="0"/>
  <testcase name="test_withDayOfYear_noChange" classname="org.threeten.extra.TestOffsetDate" time="0"/>
  <testcase name="test_plusMonths_long_normal" classname="org.threeten.extra.TestOffsetDate" time="0"/>
  <testcase name="test_plusMonths_long_big" classname="org.threeten.extra.TestOffsetDate" time="0"/>
  <testcase name="test_isEqual_null" classname="org.threeten.extra.TestOffsetDate" time="0"/>
  <testcase name="test_withDayOfMonth_normal" classname="org.threeten.extra.TestOffsetDate" time="0"/>
  <testcase name="now_Clock_allSecsInDay_utc" classname="org.threeten.extra.TestOffsetDate" time="0.059"/>
  <testcase name="test_with_adjustment_Month" classname="org.threeten.extra.TestOffsetDate" time="0"/>
  <testcase name="test_minusYears_long_normal" classname="org.threeten.extra.TestOffsetDate" time="0"/>
  <testcase name="factory_of_LocalDateZoneOffset_nullDate" classname="org.threeten.extra.TestOffsetDate" time="0"/>
  <testcase name="test_plusWeeks_maximum" classname="org.threeten.extra.TestOffsetDate" time="0"/>
  <testcase name="test_from_TemporalAccessor_null" classname="org.threeten.extra.TestOffsetDate" time="0"/>
  <testcase name="test_compareTo_both" classname="org.threeten.extra.TestOffsetDate" time="0"/>
  <testcase name="test_compareTo_date" classname="org.threeten.extra.TestOffsetDate" time="0"/>
  <testcase name="test_compareTo_null" classname="org.threeten.extra.TestOffsetDate" time="0"/>
  <testcase name="test_minusYears_long_negative" classname="org.threeten.extra.TestOffsetDate" time="0"/>
  <testcase name="test_plusWeeks_overMonths" classname="org.threeten.extra.TestOffsetDate" time="0"/>
  <testcase name="test_plusWeeks_symmetry[0: -0001-01-01+01:00]" classname="org.threeten.extra.TestOffsetDate" time="0.002"/>
  <testcase name="test_plusWeeks_symmetry[1: -0001-02-28+02:00]" classname="org.threeten.extra.TestOffsetDate" time="0.002"/>
  <testcase name="test_plusWeeks_symmetry[2: -0001-03-01+01:00]" classname="org.threeten.extra.TestOffsetDate" time="0.002"/>
  <testcase name="test_plusWeeks_symmetry[3: -0001-12-31+02:00]" classname="org.threeten.extra.TestOffsetDate" time="0.001"/>
  <testcase name="test_plusWeeks_symmetry[4: 0000-01-01+01:00]" classname="org.threeten.extra.TestOffsetDate" time="0.002"/>
  <testcase name="test_plusWeeks_symmetry[5: 0000-02-28+02:00]" classname="org.threeten.extra.TestOffsetDate" time="0.001"/>
  <testcase name="test_plusWeeks_symmetry[6: 0000-02-29+02:00]" classname="org.threeten.extra.TestOffsetDate" time="0.002"/>
  <testcase name="test_plusWeeks_symmetry[7: 0000-03-01+01:00]" classname="org.threeten.extra.TestOffsetDate" time="0.002"/>
  <testcase name="test_plusWeeks_symmetry[8: 0000-12-31+02:00]" classname="org.threeten.extra.TestOffsetDate" time="0.001"/>
  <testcase name="test_plusWeeks_symmetry[9: 2007-01-01+01:00]" classname="org.threeten.extra.TestOffsetDate" time="0.001"/>
  <testcase name="test_plusWeeks_symmetry[10: 2007-02-28+02:00]" classname="org.threeten.extra.TestOffsetDate" time="0.001"/>
  <testcase name="test_plusWeeks_symmetry[11: 2007-03-01+01:00]" classname="org.threeten.extra.TestOffsetDate" time="0.001"/>
  <testcase name="test_plusWeeks_symmetry[12: 2007-12-31+02:00]" classname="org.threeten.extra.TestOffsetDate" time="0.001"/>
  <testcase name="test_plusWeeks_symmetry[13: 2008-01-01+01:00]" classname="org.threeten.extra.TestOffsetDate" time="0.001"/>
  <testcase name="test_plusWeeks_symmetry[14: 2008-02-28+02:00]" classname="org.threeten.extra.TestOffsetDate" time="0.002"/>
  <testcase name="test_plusWeeks_symmetry[15: 2008-02-29+02:00]" classname="org.threeten.extra.TestOffsetDate" time="0.001"/>
  <testcase name="test_plusWeeks_symmetry[16: 2008-03-01+01:00]" classname="org.threeten.extra.TestOffsetDate" time="0.001"/>
  <testcase name="test_plusWeeks_symmetry[17: 2008-12-31+02:00]" classname="org.threeten.extra.TestOffsetDate" time="0.001"/>
  <testcase name="test_plusWeeks_symmetry[18: 2099-01-01+01:00]" classname="org.threeten.extra.TestOffsetDate" time="0.001"/>
  <testcase name="test_plusWeeks_symmetry[19: 2099-02-28+02:00]" classname="org.threeten.extra.TestOffsetDate" time="0.001"/>
  <testcase name="test_plusWeeks_symmetry[20: 2099-03-01+01:00]" classname="org.threeten.extra.TestOffsetDate" time="0.011"/>
  <testcase name="test_plusWeeks_symmetry[21: 2099-12-31+02:00]" classname="org.threeten.extra.TestOffsetDate" time="0.002"/>
  <testcase name="test_plusWeeks_symmetry[22: 2100-01-01+01:00]" classname="org.threeten.extra.TestOffsetDate" time="0.001"/>
  <testcase name="test_plusWeeks_symmetry[23: 2100-02-28+02:00]" classname="org.threeten.extra.TestOffsetDate" time="0.001"/>
  <testcase name="test_plusWeeks_symmetry[24: 2100-03-01+01:00]" classname="org.threeten.extra.TestOffsetDate" time="0.001"/>
  <testcase name="test_plusWeeks_symmetry[25: 2100-12-31+02:00]" classname="org.threeten.extra.TestOffsetDate" time="0.001"/>
  <testcase name="test_minusYears_long_invalidTooLarge" classname="org.threeten.extra.TestOffsetDate" time="0"/>
  <testcase name="test_minusYears_long_invalidTooSmall" classname="org.threeten.extra.TestOffsetDate" time="0"/>
  <testcase name="test_plusMonths_long_overYears" classname="org.threeten.extra.TestOffsetDate" time="0"/>
  <testcase name="test_plusWeeks_minimum" classname="org.threeten.extra.TestOffsetDate" time="0"/>
  <testcase name="factory_of_intsMonthOffset_dayTooLow" classname="org.threeten.extra.TestOffsetDate" time="0"/>
  <testcase name="test_withMonth_int_adjustDay" classname="org.threeten.extra.TestOffsetDate" time="0"/>
  <testcase name="now_Clock_allSecsInDay_beforeEpoch" classname="org.threeten.extra.TestOffsetDate" time="0.034"/>
  <testcase name="test_withDayOfMonth_invalidAlways" classname="org.threeten.extra.TestOffsetDate" time="0"/>
  <testcase name="test_minus_MinusAdjuster_noChange" classname="org.threeten.extra.TestOffsetDate" time="0"/>
  <testcase name="test_until[0: 1, 2007-06-30+01:00, 2007-07-01+01:00, Days]" classname="org.threeten.extra.TestOffsetDate" time="0"/>
  <testcase name="test_until[1: 1, 2007-06-30+01:00, 2007-08-29+01:00, Months]" classname="org.threeten.extra.TestOffsetDate" time="0"/>
  <testcase name="test_until[2: 2, 2007-06-30+01:00, 2007-08-30+01:00, Months]" classname="org.threeten.extra.TestOffsetDate" time="0"/>
  <testcase name="test_until[3: 2, 2007-06-30+01:00, 2007-08-31+01:00, Months]" classname="org.threeten.extra.TestOffsetDate" time="0"/>
  <testcase name="test_plusDays_overYears" classname="org.threeten.extra.TestOffsetDate" time="0"/>
  <testcase name="test_minusDays_negative" classname="org.threeten.extra.TestOffsetDate" time="0"/>
  <testcase name="test_with_adjustment_LocalDate" classname="org.threeten.extra.TestOffsetDate" time="0"/>
  <testcase name="basicTest_getLong_TemporalField_supported" classname="org.threeten.extra.TestOffsetDate" time="0.001"/>
  <testcase name="basicTest_get_TemporalField_null" classname="org.threeten.extra.TestOffsetDate" time="0"/>
  <testcase name="basicTest_getLong_TemporalField_unsupported" classname="org.threeten.extra.TestOffsetDate" time="0"/>
  <testcase name="basicTest_query" classname="org.threeten.extra.TestOffsetDate" time="0.001"/>
  <testcase name="basicTest_getLong_TemporalField_null" classname="org.threeten.extra.TestOffsetDate" time="0"/>
  <testcase name="basicTest_range_TemporalField_unsupported" classname="org.threeten.extra.TestOffsetDate" time="0"/>
  <testcase name="basicTest_get_TemporalField_supported" classname="org.threeten.extra.TestOffsetDate" time="0"/>
  <testcase name="basicTest_isSupported_TemporalField_unsupported" classname="org.threeten.extra.TestOffsetDate" time="0"/>
  <testcase name="basicTest_isSupported_TemporalField_null" classname="org.threeten.extra.TestOffsetDate" time="0"/>
  <testcase name="basicTest_get_TemporalField_unsupported" classname="org.threeten.extra.TestOffsetDate" time="0"/>
  <testcase name="basicTest_isSupported_TemporalField_supported" classname="org.threeten.extra.TestOffsetDate" time="0"/>
  <testcase name="basicTest_range_TemporalField_supported" classname="org.threeten.extra.TestOffsetDate" time="0"/>
  <testcase name="basicTest_range_TemporalField_null" classname="org.threeten.extra.TestOffsetDate" time="0"/>
</testsuite>