<?xml version="1.0" encoding="UTF-8"?>
<testsuite xmlns:xsi="http://www.w3.org/2001/XMLSchema-instance" xsi:schemaLocation="https://maven.apache.org/surefire/maven-surefire-plugin/xsd/surefire-test-report.xsd" name="org.threeten.extra.chrono.TestSymmetry454Chronology" time="0.082" tests="721" errors="0" skipped="0" failures="0">
  <properties>
    <property name="java.runtime.name" value="OpenJDK Runtime Environment"/>
    <property name="sun.boot.library.path" value="/usr/local/openjdk-8/jre/lib/amd64"/>
    <property name="java.vm.version" value="25.262-b10"/>
    <property name="animal.sniffer.skip" value="true"/>
    <property name="java.vm.vendor" value="Oracle Corporation"/>
    <property name="maven.multiModuleProjectDirectory" value="/tmp/tmpykopg0s2/threeten-extra"/>
    <property name="maven.javadoc.skip" value="true"/>
    <property name="java.vendor.url" value="http://java.oracle.com/"/>
    <property name="path.separator" value=":"/>
    <property name="guice.disable.misplaced.annotation.check" value="true"/>
    <property name="java.vm.name" value="OpenJDK 64-Bit Server VM"/>
    <property name="file.encoding.pkg" value="sun.io"/>
    <property name="sun.java.launcher" value="SUN_STANDARD"/>
    <property name="sun.os.patch.level" value="unknown"/>
    <property name="source.skip" value="true"/>
    <property name="java.vm.specification.name" value="Java Virtual Machine Specification"/>
    <property name="user.dir" value="/tmp/tmpykopg0s2/threeten-extra"/>
    <property name="java.runtime.version" value="1.8.0_262-b10"/>
    <property name="java.awt.graphicsenv" value="sun.awt.X11GraphicsEnvironment"/>
    <property name="java.endorsed.dirs" value="/usr/local/openjdk-8/jre/lib/endorsed"/>
    <property name="os.arch" value="amd64"/>
    <property name="java.io.tmpdir" value="/tmp"/>
    <property name="line.separator" value="&#10;"/>
    <property name="java.vm.specification.vendor" value="Oracle Corporation"/>
    <property name="os.name" value="Linux"/>
    <property name="classworlds.conf" value="/usr/share/maven/bin/m2.conf"/>
    <property name="sun.jnu.encoding" value="UTF-8"/>
    <property name="java.library.path" value="/usr/java/packages/lib/amd64:/usr/lib64:/lib64:/lib:/usr/lib"/>
    <property name="license.skip" value="true"/>
    <property name="maven.conf" value="/usr/share/maven/conf"/>
    <property name="java.specification.name" value="Java Platform API Specification"/>
    <property name="java.class.version" value="52.0"/>
    <property name="sun.management.compiler" value="HotSpot 64-Bit Tiered Compilers"/>
    <property name="maven.test.failure.ignore" value="true"/>
    <property name="os.version" value="4.15.0-109-generic"/>
    <property name="library.jansi.path" value="/usr/share/maven/lib/jansi-native"/>
    <property name="user.home" value="/home/jdbl"/>
    <property name="user.timezone" value="Etc/UTC"/>
    <property name="java.awt.printerjob" value="sun.print.PSPrinterJob"/>
    <property name="java.specification.version" value="1.8"/>
    <property name="file.encoding" value="UTF-8"/>
    <property name="user.name" value="jdbl"/>
    <property name="java.class.path" value="/usr/share/maven/boot/plexus-classworlds-2.6.0.jar"/>
    <property name="java.vm.specification.version" value="1.8"/>
    <property name="sun.arch.data.model" value="64"/>
    <property name="java.home" value="/usr/local/openjdk-8/jre"/>
    <property name="sun.java.command" value="org.codehaus.plexus.classworlds.launcher.Launcher test -e --fail-never -ntp -Dmaven.test.failure.ignore=true -B -Dmaven.javadoc.skip=true -Drat.skip=true -Danimal.sniffer.skip=true -Dmaven.javadoc.skip=true -Dlicense.skip=true -Dsource.skip=true"/>
    <property name="java.specification.vendor" value="Oracle Corporation"/>
    <property name="user.language" value="en"/>
    <property name="awt.toolkit" value="sun.awt.X11.XToolkit"/>
    <property name="java.vm.info" value="mixed mode"/>
    <property name="java.version" value="1.8.0_262"/>
    <property name="java.ext.dirs" value="/usr/local/openjdk-8/jre/lib/ext:/usr/java/packages/lib/ext"/>
    <property name="securerandom.source" value="file:/dev/./urandom"/>
    <property name="sun.boot.class.path" value="/usr/local/openjdk-8/jre/lib/resources.jar:/usr/local/openjdk-8/jre/lib/rt.jar:/usr/local/openjdk-8/jre/lib/sunrsasign.jar:/usr/local/openjdk-8/jre/lib/jsse.jar:/usr/local/openjdk-8/jre/lib/jce.jar:/usr/local/openjdk-8/jre/lib/charsets.jar:/usr/local/openjdk-8/jre/lib/jfr.jar:/usr/local/openjdk-8/jre/classes"/>
    <property name="java.vendor" value="Oracle Corporation"/>
    <property name="rat.skip" value="true"/>
    <property name="maven.home" value="/usr/share/maven"/>
    <property name="file.separator" value="/"/>
    <property name="java.vendor.url.bug" value="http://bugreport.sun.com/bugreport/"/>
    <property name="sun.cpu.endian" value="little"/>
    <property name="sun.io.unicode.encoding" value="UnicodeLittle"/>
    <property name="sun.cpu.isalist" value=""/>
  </properties>
  <testcase name="test_plus_leapWeek_TemporalUnit[0: 2015, 12, 28, 0, Days, 2015, 12, 28]" classname="org.threeten.extra.chrono.TestSymmetry454Chronology" time="0.002"/>
  <testcase name="test_plus_leapWeek_TemporalUnit[1: 2015, 12, 28, 8, Days, 2016, 1, 1]" classname="org.threeten.extra.chrono.TestSymmetry454Chronology" time="0"/>
  <testcase name="test_plus_leapWeek_TemporalUnit[2: 2015, 12, 28, -3, Days, 2015, 12, 25]" classname="org.threeten.extra.chrono.TestSymmetry454Chronology" time="0"/>
  <testcase name="test_plus_leapWeek_TemporalUnit[3: 2015, 12, 28, 0, Weeks, 2015, 12, 28]" classname="org.threeten.extra.chrono.TestSymmetry454Chronology" time="0"/>
  <testcase name="test_plus_leapWeek_TemporalUnit[4: 2015, 12, 28, 3, Weeks, 2016, 1, 14]" classname="org.threeten.extra.chrono.TestSymmetry454Chronology" time="0"/>
  <testcase name="test_plus_leapWeek_TemporalUnit[5: 2015, 12, 28, -5, Weeks, 2015, 11, 28]" classname="org.threeten.extra.chrono.TestSymmetry454Chronology" time="0"/>
  <testcase name="test_plus_leapWeek_TemporalUnit[6: 2015, 12, 28, 52, Weeks, 2016, 12, 21]" classname="org.threeten.extra.chrono.TestSymmetry454Chronology" time="0"/>
  <testcase name="test_plus_leapWeek_TemporalUnit[7: 2015, 12, 28, 0, Months, 2015, 12, 28]" classname="org.threeten.extra.chrono.TestSymmetry454Chronology" time="0"/>
  <testcase name="test_plus_leapWeek_TemporalUnit[8: 2015, 12, 28, 3, Months, 2016, 3, 28]" classname="org.threeten.extra.chrono.TestSymmetry454Chronology" time="0"/>
  <testcase name="test_plus_leapWeek_TemporalUnit[9: 2015, 12, 28, -5, Months, 2015, 7, 28]" classname="org.threeten.extra.chrono.TestSymmetry454Chronology" time="0.001"/>
  <testcase name="test_plus_leapWeek_TemporalUnit[10: 2015, 12, 28, 12, Months, 2016, 12, 28]" classname="org.threeten.extra.chrono.TestSymmetry454Chronology" time="0"/>
  <testcase name="test_plus_leapWeek_TemporalUnit[11: 2015, 12, 28, 0, Years, 2015, 12, 28]" classname="org.threeten.extra.chrono.TestSymmetry454Chronology" time="0"/>
  <testcase name="test_plus_leapWeek_TemporalUnit[12: 2015, 12, 28, 3, Years, 2018, 12, 28]" classname="org.threeten.extra.chrono.TestSymmetry454Chronology" time="0"/>
  <testcase name="test_plus_leapWeek_TemporalUnit[13: 2015, 12, 28, -5, Years, 2010, 12, 28]" classname="org.threeten.extra.chrono.TestSymmetry454Chronology" time="0"/>
  <testcase name="test_with_TemporalField[0: 2014, 5, 26, DayOfWeek, 1, 2014, 5, 22]" classname="org.threeten.extra.chrono.TestSymmetry454Chronology" time="0.001"/>
  <testcase name="test_with_TemporalField[1: 2014, 5, 26, DayOfWeek, 5, 2014, 5, 26]" classname="org.threeten.extra.chrono.TestSymmetry454Chronology" time="0"/>
  <testcase name="test_with_TemporalField[2: 2014, 5, 26, DayOfMonth, 28, 2014, 5, 28]" classname="org.threeten.extra.chrono.TestSymmetry454Chronology" time="0"/>
  <testcase name="test_with_TemporalField[3: 2014, 5, 26, DayOfMonth, 26, 2014, 5, 26]" classname="org.threeten.extra.chrono.TestSymmetry454Chronology" time="0"/>
  <testcase name="test_with_TemporalField[4: 2014, 5, 26, DayOfYear, 364, 2014, 12, 28]" classname="org.threeten.extra.chrono.TestSymmetry454Chronology" time="0"/>
  <testcase name="test_with_TemporalField[5: 2014, 5, 26, DayOfYear, 138, 2014, 5, 19]" classname="org.threeten.extra.chrono.TestSymmetry454Chronology" time="0"/>
  <testcase name="test_with_TemporalField[6: 2014, 5, 26, AlignedDayOfWeekInMonth, 3, 2014, 5, 24]" classname="org.threeten.extra.chrono.TestSymmetry454Chronology" time="0"/>
  <testcase name="test_with_TemporalField[7: 2014, 5, 26, AlignedDayOfWeekInMonth, 5, 2014, 5, 26]" classname="org.threeten.extra.chrono.TestSymmetry454Chronology" time="0"/>
  <testcase name="test_with_TemporalField[8: 2014, 5, 26, AlignedWeekOfMonth, 1, 2014, 5, 5]" classname="org.threeten.extra.chrono.TestSymmetry454Chronology" time="0"/>
  <testcase name="test_with_TemporalField[9: 2014, 5, 26, AlignedWeekOfMonth, 4, 2014, 5, 26]" classname="org.threeten.extra.chrono.TestSymmetry454Chronology" time="0"/>
  <testcase name="test_with_TemporalField[10: 2014, 5, 26, AlignedDayOfWeekInYear, 2, 2014, 5, 23]" classname="org.threeten.extra.chrono.TestSymmetry454Chronology" time="0"/>
  <testcase name="test_with_TemporalField[11: 2014, 5, 26, AlignedDayOfWeekInYear, 5, 2014, 5, 26]" classname="org.threeten.extra.chrono.TestSymmetry454Chronology" time="0"/>
  <testcase name="test_with_TemporalField[12: 2014, 5, 26, AlignedWeekOfYear, 23, 2014, 6, 19]" classname="org.threeten.extra.chrono.TestSymmetry454Chronology" time="0"/>
  <testcase name="test_with_TemporalField[13: 2014, 5, 26, AlignedWeekOfYear, 20, 2014, 5, 26]" classname="org.threeten.extra.chrono.TestSymmetry454Chronology" time="0"/>
  <testcase name="test_with_TemporalField[14: 2014, 5, 26, MonthOfYear, 4, 2014, 4, 26]" classname="org.threeten.extra.chrono.TestSymmetry454Chronology" time="0"/>
  <testcase name="test_with_TemporalField[15: 2014, 5, 26, MonthOfYear, 5, 2014, 5, 26]" classname="org.threeten.extra.chrono.TestSymmetry454Chronology" time="0"/>
  <testcase name="test_with_TemporalField[16: 2014, 5, 26, ProlepticMonth, 24158, 2013, 3, 26]" classname="org.threeten.extra.chrono.TestSymmetry454Chronology" time="0"/>
  <testcase name="test_with_TemporalField[17: 2014, 5, 26, ProlepticMonth, 24172, 2014, 5, 26]" classname="org.threeten.extra.chrono.TestSymmetry454Chronology" time="0"/>
  <testcase name="test_with_TemporalField[18: 2014, 5, 26, Year, 2012, 2012, 5, 26]" classname="org.threeten.extra.chrono.TestSymmetry454Chronology" time="0"/>
  <testcase name="test_with_TemporalField[19: 2014, 5, 26, Year, 2014, 2014, 5, 26]" classname="org.threeten.extra.chrono.TestSymmetry454Chronology" time="0"/>
  <testcase name="test_with_TemporalField[20: 2014, 5, 26, YearOfEra, 2012, 2012, 5, 26]" classname="org.threeten.extra.chrono.TestSymmetry454Chronology" time="0"/>
  <testcase name="test_with_TemporalField[21: 2014, 5, 26, YearOfEra, 2014, 2014, 5, 26]" classname="org.threeten.extra.chrono.TestSymmetry454Chronology" time="0"/>
  <testcase name="test_with_TemporalField[22: 2014, 5, 26, Era, 1, 2014, 5, 26]" classname="org.threeten.extra.chrono.TestSymmetry454Chronology" time="0"/>
  <testcase name="test_with_TemporalField[23: 2015, 12, 22, AlignedDayOfWeekInMonth, 1, 2015, 12, 22]" classname="org.threeten.extra.chrono.TestSymmetry454Chronology" time="0"/>
  <testcase name="test_with_TemporalField[24: 2015, 12, 22, AlignedDayOfWeekInMonth, 2, 2015, 12, 23]" classname="org.threeten.extra.chrono.TestSymmetry454Chronology" time="0"/>
  <testcase name="test_with_TemporalField[25: 2015, 12, 22, AlignedDayOfWeekInMonth, 3, 2015, 12, 24]" classname="org.threeten.extra.chrono.TestSymmetry454Chronology" time="0"/>
  <testcase name="test_with_TemporalField[26: 2015, 12, 22, AlignedDayOfWeekInMonth, 4, 2015, 12, 25]" classname="org.threeten.extra.chrono.TestSymmetry454Chronology" time="0"/>
  <testcase name="test_with_TemporalField[27: 2015, 12, 22, AlignedDayOfWeekInMonth, 5, 2015, 12, 26]" classname="org.threeten.extra.chrono.TestSymmetry454Chronology" time="0"/>
  <testcase name="test_with_TemporalField[28: 2015, 12, 22, AlignedDayOfWeekInMonth, 6, 2015, 12, 27]" classname="org.threeten.extra.chrono.TestSymmetry454Chronology" time="0"/>
  <testcase name="test_with_TemporalField[29: 2015, 12, 22, AlignedDayOfWeekInMonth, 7, 2015, 12, 28]" classname="org.threeten.extra.chrono.TestSymmetry454Chronology" time="0"/>
  <testcase name="test_with_TemporalField[30: 2015, 12, 22, AlignedDayOfWeekInYear, 1, 2015, 12, 22]" classname="org.threeten.extra.chrono.TestSymmetry454Chronology" time="0"/>
  <testcase name="test_with_TemporalField[31: 2015, 12, 22, AlignedDayOfWeekInYear, 2, 2015, 12, 23]" classname="org.threeten.extra.chrono.TestSymmetry454Chronology" time="0"/>
  <testcase name="test_with_TemporalField[32: 2015, 12, 22, AlignedDayOfWeekInYear, 3, 2015, 12, 24]" classname="org.threeten.extra.chrono.TestSymmetry454Chronology" time="0"/>
  <testcase name="test_with_TemporalField[33: 2015, 12, 22, AlignedDayOfWeekInYear, 4, 2015, 12, 25]" classname="org.threeten.extra.chrono.TestSymmetry454Chronology" time="0"/>
  <testcase name="test_with_TemporalField[34: 2015, 12, 22, AlignedDayOfWeekInYear, 5, 2015, 12, 26]" classname="org.threeten.extra.chrono.TestSymmetry454Chronology" time="0"/>
  <testcase name="test_with_TemporalField[35: 2015, 12, 22, AlignedDayOfWeekInYear, 6, 2015, 12, 27]" classname="org.threeten.extra.chrono.TestSymmetry454Chronology" time="0"/>
  <testcase name="test_with_TemporalField[36: 2015, 12, 22, AlignedDayOfWeekInYear, 7, 2015, 12, 28]" classname="org.threeten.extra.chrono.TestSymmetry454Chronology" time="0"/>
  <testcase name="test_with_TemporalField[37: 2015, 12, 29, AlignedWeekOfMonth, 0, 2015, 12, 29]" classname="org.threeten.extra.chrono.TestSymmetry454Chronology" time="0"/>
  <testcase name="test_with_TemporalField[38: 2015, 12, 29, AlignedWeekOfMonth, 3, 2015, 12, 15]" classname="org.threeten.extra.chrono.TestSymmetry454Chronology" time="0"/>
  <testcase name="test_with_TemporalField[39: 2015, 12, 29, AlignedWeekOfYear, 0, 2015, 12, 29]" classname="org.threeten.extra.chrono.TestSymmetry454Chronology" time="0"/>
  <testcase name="test_with_TemporalField[40: 2015, 12, 29, AlignedWeekOfYear, 3, 2015, 1, 15]" classname="org.threeten.extra.chrono.TestSymmetry454Chronology" time="0"/>
  <testcase name="test_with_TemporalField[41: 2015, 12, 29, DayOfWeek, 0, 2015, 12, 29]" classname="org.threeten.extra.chrono.TestSymmetry454Chronology" time="0"/>
  <testcase name="test_with_TemporalField[42: 2015, 12, 28, DayOfWeek, 1, 2015, 12, 22]" classname="org.threeten.extra.chrono.TestSymmetry454Chronology" time="0"/>
  <testcase name="test_with_TemporalField[43: 2015, 12, 28, DayOfWeek, 2, 2015, 12, 23]" classname="org.threeten.extra.chrono.TestSymmetry454Chronology" time="0"/>
  <testcase name="test_with_TemporalField[44: 2015, 12, 28, DayOfWeek, 3, 2015, 12, 24]" classname="org.threeten.extra.chrono.TestSymmetry454Chronology" time="0"/>
  <testcase name="test_with_TemporalField[45: 2015, 12, 28, DayOfWeek, 4, 2015, 12, 25]" classname="org.threeten.extra.chrono.TestSymmetry454Chronology" time="0"/>
  <testcase name="test_with_TemporalField[46: 2015, 12, 28, DayOfWeek, 5, 2015, 12, 26]" classname="org.threeten.extra.chrono.TestSymmetry454Chronology" time="0.001"/>
  <testcase name="test_with_TemporalField[47: 2015, 12, 28, DayOfWeek, 6, 2015, 12, 27]" classname="org.threeten.extra.chrono.TestSymmetry454Chronology" time="0"/>
  <testcase name="test_with_TemporalField[48: 2015, 12, 28, DayOfWeek, 7, 2015, 12, 28]" classname="org.threeten.extra.chrono.TestSymmetry454Chronology" time="0"/>
  <testcase name="test_with_TemporalField[49: 2015, 12, 29, DayOfMonth, 1, 2015, 12, 1]" classname="org.threeten.extra.chrono.TestSymmetry454Chronology" time="0"/>
  <testcase name="test_with_TemporalField[50: 2015, 12, 29, DayOfMonth, 3, 2015, 12, 3]" classname="org.threeten.extra.chrono.TestSymmetry454Chronology" time="0"/>
  <testcase name="test_with_TemporalField[51: 2015, 12, 29, MonthOfYear, 1, 2015, 1, 28]" classname="org.threeten.extra.chrono.TestSymmetry454Chronology" time="0"/>
  <testcase name="test_with_TemporalField[52: 2015, 12, 29, MonthOfYear, 12, 2015, 12, 29]" classname="org.threeten.extra.chrono.TestSymmetry454Chronology" time="0"/>
  <testcase name="test_with_TemporalField[53: 2015, 12, 29, MonthOfYear, 2, 2015, 2, 29]" classname="org.threeten.extra.chrono.TestSymmetry454Chronology" time="0"/>
  <testcase name="test_with_TemporalField[54: 2015, 12, 29, Year, 2014, 2014, 12, 28]" classname="org.threeten.extra.chrono.TestSymmetry454Chronology" time="0"/>
  <testcase name="test_with_TemporalField[55: 2015, 12, 29, Year, 2013, 2013, 12, 28]" classname="org.threeten.extra.chrono.TestSymmetry454Chronology" time="0"/>
  <testcase name="test_with_TemporalField[56: 2014, 3, 28, DayOfMonth, 1, 2014, 3, 1]" classname="org.threeten.extra.chrono.TestSymmetry454Chronology" time="0"/>
  <testcase name="test_with_TemporalField[57: 2014, 1, 28, DayOfMonth, 1, 2014, 1, 1]" classname="org.threeten.extra.chrono.TestSymmetry454Chronology" time="0"/>
  <testcase name="test_with_TemporalField[58: 2014, 3, 28, MonthOfYear, 1, 2014, 1, 28]" classname="org.threeten.extra.chrono.TestSymmetry454Chronology" time="0"/>
  <testcase name="test_with_TemporalField[59: 2015, 3, 28, DayOfYear, 371, 2015, 12, 35]" classname="org.threeten.extra.chrono.TestSymmetry454Chronology" time="0"/>
  <testcase name="test_with_TemporalField[60: 2012, 3, 28, DayOfYear, 364, 2012, 12, 28]" classname="org.threeten.extra.chrono.TestSymmetry454Chronology" time="0"/>
  <testcase name="test_plus_Period_ISO" classname="org.threeten.extra.chrono.TestSymmetry454Chronology" time="0"/>
  <testcase name="test_minus_leapWeek_TemporalUnit[0: 2015, 12, 28, 0, Days, 2015, 12, 28]" classname="org.threeten.extra.chrono.TestSymmetry454Chronology" time="0"/>
  <testcase name="test_minus_leapWeek_TemporalUnit[1: 2015, 12, 28, 8, Days, 2016, 1, 1]" classname="org.threeten.extra.chrono.TestSymmetry454Chronology" time="0"/>
  <testcase name="test_minus_leapWeek_TemporalUnit[2: 2015, 12, 28, -3, Days, 2015, 12, 25]" classname="org.threeten.extra.chrono.TestSymmetry454Chronology" time="0"/>
  <testcase name="test_minus_leapWeek_TemporalUnit[3: 2015, 12, 28, 0, Weeks, 2015, 12, 28]" classname="org.threeten.extra.chrono.TestSymmetry454Chronology" time="0"/>
  <testcase name="test_minus_leapWeek_TemporalUnit[4: 2015, 12, 28, 3, Weeks, 2016, 1, 14]" classname="org.threeten.extra.chrono.TestSymmetry454Chronology" time="0"/>
  <testcase name="test_minus_leapWeek_TemporalUnit[5: 2015, 12, 28, -5, Weeks, 2015, 11, 28]" classname="org.threeten.extra.chrono.TestSymmetry454Chronology" time="0"/>
  <testcase name="test_minus_leapWeek_TemporalUnit[6: 2015, 12, 28, 52, Weeks, 2016, 12, 21]" classname="org.threeten.extra.chrono.TestSymmetry454Chronology" time="0.001"/>
  <testcase name="test_minus_leapWeek_TemporalUnit[7: 2015, 12, 28, 0, Months, 2015, 12, 28]" classname="org.threeten.extra.chrono.TestSymmetry454Chronology" time="0"/>
  <testcase name="test_minus_leapWeek_TemporalUnit[8: 2015, 12, 28, 3, Months, 2016, 3, 28]" classname="org.threeten.extra.chrono.TestSymmetry454Chronology" time="0"/>
  <testcase name="test_minus_leapWeek_TemporalUnit[9: 2015, 12, 28, -5, Months, 2015, 7, 28]" classname="org.threeten.extra.chrono.TestSymmetry454Chronology" time="0"/>
  <testcase name="test_minus_leapWeek_TemporalUnit[10: 2015, 12, 28, 12, Months, 2016, 12, 28]" classname="org.threeten.extra.chrono.TestSymmetry454Chronology" time="0"/>
  <testcase name="test_minus_leapWeek_TemporalUnit[11: 2015, 12, 28, 0, Years, 2015, 12, 28]" classname="org.threeten.extra.chrono.TestSymmetry454Chronology" time="0"/>
  <testcase name="test_minus_leapWeek_TemporalUnit[12: 2015, 12, 28, 3, Years, 2018, 12, 28]" classname="org.threeten.extra.chrono.TestSymmetry454Chronology" time="0"/>
  <testcase name="test_minus_leapWeek_TemporalUnit[13: 2015, 12, 28, -5, Years, 2010, 12, 28]" classname="org.threeten.extra.chrono.TestSymmetry454Chronology" time="0"/>
  <testcase name="test_until_DAYS[0: Sym454 CE 1/01/01, 0001-01-01]" classname="org.threeten.extra.chrono.TestSymmetry454Chronology" time="0"/>
  <testcase name="test_until_DAYS[1: Sym454 CE 272/02/30, 0272-02-27]" classname="org.threeten.extra.chrono.TestSymmetry454Chronology" time="0"/>
  <testcase name="test_until_DAYS[2: Sym454 CE 272/02/27, 0272-02-24]" classname="org.threeten.extra.chrono.TestSymmetry454Chronology" time="0"/>
  <testcase name="test_until_DAYS[3: Sym454 CE 742/03/25, 0742-04-02]" classname="org.threeten.extra.chrono.TestSymmetry454Chronology" time="0"/>
  <testcase name="test_until_DAYS[4: Sym454 CE 742/04/02, 0742-04-07]" classname="org.threeten.extra.chrono.TestSymmetry454Chronology" time="0"/>
  <testcase name="test_until_DAYS[5: Sym454 CE 1066/10/14, 1066-10-14]" classname="org.threeten.extra.chrono.TestSymmetry454Chronology" time="0"/>
  <testcase name="test_until_DAYS[6: Sym454 CE 1304/07/21, 1304-07-20]" classname="org.threeten.extra.chrono.TestSymmetry454Chronology" time="0"/>
  <testcase name="test_until_DAYS[7: Sym454 CE 1304/07/20, 1304-07-19]" classname="org.threeten.extra.chrono.TestSymmetry454Chronology" time="0"/>
  <testcase name="test_until_DAYS[8: Sym454 CE 1433/11/14, 1433-11-10]" classname="org.threeten.extra.chrono.TestSymmetry454Chronology" time="0"/>
  <testcase name="test_until_DAYS[9: Sym454 CE 1433/11/10, 1433-11-06]" classname="org.threeten.extra.chrono.TestSymmetry454Chronology" time="0"/>
  <testcase name="test_until_DAYS[10: Sym454 CE 1452/04/11, 1452-04-15]" classname="org.threeten.extra.chrono.TestSymmetry454Chronology" time="0"/>
  <testcase name="test_until_DAYS[11: Sym454 CE 1452/04/15, 1452-04-19]" classname="org.threeten.extra.chrono.TestSymmetry454Chronology" time="0"/>
  <testcase name="test_until_DAYS[12: Sym454 CE 1492/10/10, 1492-10-12]" classname="org.threeten.extra.chrono.TestSymmetry454Chronology" time="0.001"/>
  <testcase name="test_until_DAYS[13: Sym454 CE 1492/10/12, 1492-10-14]" classname="org.threeten.extra.chrono.TestSymmetry454Chronology" time="0"/>
  <testcase name="test_until_DAYS[14: Sym454 CE 1564/02/20, 1564-02-15]" classname="org.threeten.extra.chrono.TestSymmetry454Chronology" time="0"/>
  <testcase name="test_until_DAYS[15: Sym454 CE 1564/02/15, 1564-02-10]" classname="org.threeten.extra.chrono.TestSymmetry454Chronology" time="0"/>
  <testcase name="test_until_DAYS[16: Sym454 CE 1564/04/28, 1564-04-26]" classname="org.threeten.extra.chrono.TestSymmetry454Chronology" time="0"/>
  <testcase name="test_until_DAYS[17: Sym454 CE 1564/04/26, 1564-04-24]" classname="org.threeten.extra.chrono.TestSymmetry454Chronology" time="0"/>
  <testcase name="test_until_DAYS[18: Sym454 CE 1643/01/07, 1643-01-04]" classname="org.threeten.extra.chrono.TestSymmetry454Chronology" time="0"/>
  <testcase name="test_until_DAYS[19: Sym454 CE 1643/01/04, 1643-01-01]" classname="org.threeten.extra.chrono.TestSymmetry454Chronology" time="0"/>
  <testcase name="test_until_DAYS[20: Sym454 CE 1707/04/12, 1707-04-15]" classname="org.threeten.extra.chrono.TestSymmetry454Chronology" time="0"/>
  <testcase name="test_until_DAYS[21: Sym454 CE 1707/04/15, 1707-04-18]" classname="org.threeten.extra.chrono.TestSymmetry454Chronology" time="0"/>
  <testcase name="test_until_DAYS[22: Sym454 CE 1789/07/16, 1789-07-14]" classname="org.threeten.extra.chrono.TestSymmetry454Chronology" time="0"/>
  <testcase name="test_until_DAYS[23: Sym454 CE 1789/07/14, 1789-07-12]" classname="org.threeten.extra.chrono.TestSymmetry454Chronology" time="0"/>
  <testcase name="test_until_DAYS[24: Sym454 CE 1879/03/12, 1879-03-14]" classname="org.threeten.extra.chrono.TestSymmetry454Chronology" time="0.001"/>
  <testcase name="test_until_DAYS[25: Sym454 CE 1879/03/14, 1879-03-16]" classname="org.threeten.extra.chrono.TestSymmetry454Chronology" time="0"/>
  <testcase name="test_until_DAYS[26: Sym454 CE 1941/09/09, 1941-09-09]" classname="org.threeten.extra.chrono.TestSymmetry454Chronology" time="0"/>
  <testcase name="test_until_DAYS[27: Sym454 CE 1970/01/04, 1970-01-01]" classname="org.threeten.extra.chrono.TestSymmetry454Chronology" time="0"/>
  <testcase name="test_until_DAYS[28: Sym454 CE 1970/01/01, 1969-12-29]" classname="org.threeten.extra.chrono.TestSymmetry454Chronology" time="0"/>
  <testcase name="test_until_DAYS[29: Sym454 CE 1999/12/27, 2000-01-01]" classname="org.threeten.extra.chrono.TestSymmetry454Chronology" time="0"/>
  <testcase name="test_until_DAYS[30: Sym454 CE 2000/01/01, 2000-01-03]" classname="org.threeten.extra.chrono.TestSymmetry454Chronology" time="0"/>
  <testcase name="test_Symmetry454Date_chronology_dateEpochDay[0: Sym454 CE 1/01/01, 0001-01-01]" classname="org.threeten.extra.chrono.TestSymmetry454Chronology" time="0"/>
  <testcase name="test_Symmetry454Date_chronology_dateEpochDay[1: Sym454 CE 272/02/30, 0272-02-27]" classname="org.threeten.extra.chrono.TestSymmetry454Chronology" time="0"/>
  <testcase name="test_Symmetry454Date_chronology_dateEpochDay[2: Sym454 CE 272/02/27, 0272-02-24]" classname="org.threeten.extra.chrono.TestSymmetry454Chronology" time="0"/>
  <testcase name="test_Symmetry454Date_chronology_dateEpochDay[3: Sym454 CE 742/03/25, 0742-04-02]" classname="org.threeten.extra.chrono.TestSymmetry454Chronology" time="0"/>
  <testcase name="test_Symmetry454Date_chronology_dateEpochDay[4: Sym454 CE 742/04/02, 0742-04-07]" classname="org.threeten.extra.chrono.TestSymmetry454Chronology" time="0"/>
  <testcase name="test_Symmetry454Date_chronology_dateEpochDay[5: Sym454 CE 1066/10/14, 1066-10-14]" classname="org.threeten.extra.chrono.TestSymmetry454Chronology" time="0"/>
  <testcase name="test_Symmetry454Date_chronology_dateEpochDay[6: Sym454 CE 1304/07/21, 1304-07-20]" classname="org.threeten.extra.chrono.TestSymmetry454Chronology" time="0"/>
  <testcase name="test_Symmetry454Date_chronology_dateEpochDay[7: Sym454 CE 1304/07/20, 1304-07-19]" classname="org.threeten.extra.chrono.TestSymmetry454Chronology" time="0"/>
  <testcase name="test_Symmetry454Date_chronology_dateEpochDay[8: Sym454 CE 1433/11/14, 1433-11-10]" classname="org.threeten.extra.chrono.TestSymmetry454Chronology" time="0"/>
  <testcase name="test_Symmetry454Date_chronology_dateEpochDay[9: Sym454 CE 1433/11/10, 1433-11-06]" classname="org.threeten.extra.chrono.TestSymmetry454Chronology" time="0"/>
  <testcase name="test_Symmetry454Date_chronology_dateEpochDay[10: Sym454 CE 1452/04/11, 1452-04-15]" classname="org.threeten.extra.chrono.TestSymmetry454Chronology" time="0"/>
  <testcase name="test_Symmetry454Date_chronology_dateEpochDay[11: Sym454 CE 1452/04/15, 1452-04-19]" classname="org.threeten.extra.chrono.TestSymmetry454Chronology" time="0"/>
  <testcase name="test_Symmetry454Date_chronology_dateEpochDay[12: Sym454 CE 1492/10/10, 1492-10-12]" classname="org.threeten.extra.chrono.TestSymmetry454Chronology" time="0"/>
  <testcase name="test_Symmetry454Date_chronology_dateEpochDay[13: Sym454 CE 1492/10/12, 1492-10-14]" classname="org.threeten.extra.chrono.TestSymmetry454Chronology" time="0"/>
  <testcase name="test_Symmetry454Date_chronology_dateEpochDay[14: Sym454 CE 1564/02/20, 1564-02-15]" classname="org.threeten.extra.chrono.TestSymmetry454Chronology" time="0"/>
  <testcase name="test_Symmetry454Date_chronology_dateEpochDay[15: Sym454 CE 1564/02/15, 1564-02-10]" classname="org.threeten.extra.chrono.TestSymmetry454Chronology" time="0.001"/>
  <testcase name="test_Symmetry454Date_chronology_dateEpochDay[16: Sym454 CE 1564/04/28, 1564-04-26]" classname="org.threeten.extra.chrono.TestSymmetry454Chronology" time="0"/>
  <testcase name="test_Symmetry454Date_chronology_dateEpochDay[17: Sym454 CE 1564/04/26, 1564-04-24]" classname="org.threeten.extra.chrono.TestSymmetry454Chronology" time="0"/>
  <testcase name="test_Symmetry454Date_chronology_dateEpochDay[18: Sym454 CE 1643/01/07, 1643-01-04]" classname="org.threeten.extra.chrono.TestSymmetry454Chronology" time="0"/>
  <testcase name="test_Symmetry454Date_chronology_dateEpochDay[19: Sym454 CE 1643/01/04, 1643-01-01]" classname="org.threeten.extra.chrono.TestSymmetry454Chronology" time="0"/>
  <testcase name="test_Symmetry454Date_chronology_dateEpochDay[20: Sym454 CE 1707/04/12, 1707-04-15]" classname="org.threeten.extra.chrono.TestSymmetry454Chronology" time="0"/>
  <testcase name="test_Symmetry454Date_chronology_dateEpochDay[21: Sym454 CE 1707/04/15, 1707-04-18]" classname="org.threeten.extra.chrono.TestSymmetry454Chronology" time="0"/>
  <testcase name="test_Symmetry454Date_chronology_dateEpochDay[22: Sym454 CE 1789/07/16, 1789-07-14]" classname="org.threeten.extra.chrono.TestSymmetry454Chronology" time="0"/>
  <testcase name="test_Symmetry454Date_chronology_dateEpochDay[23: Sym454 CE 1789/07/14, 1789-07-12]" classname="org.threeten.extra.chrono.TestSymmetry454Chronology" time="0"/>
  <testcase name="test_Symmetry454Date_chronology_dateEpochDay[24: Sym454 CE 1879/03/12, 1879-03-14]" classname="org.threeten.extra.chrono.TestSymmetry454Chronology" time="0"/>
  <testcase name="test_Symmetry454Date_chronology_dateEpochDay[25: Sym454 CE 1879/03/14, 1879-03-16]" classname="org.threeten.extra.chrono.TestSymmetry454Chronology" time="0"/>
  <testcase name="test_Symmetry454Date_chronology_dateEpochDay[26: Sym454 CE 1941/09/09, 1941-09-09]" classname="org.threeten.extra.chrono.TestSymmetry454Chronology" time="0.001"/>
  <testcase name="test_Symmetry454Date_chronology_dateEpochDay[27: Sym454 CE 1970/01/04, 1970-01-01]" classname="org.threeten.extra.chrono.TestSymmetry454Chronology" time="0"/>
  <testcase name="test_Symmetry454Date_chronology_dateEpochDay[28: Sym454 CE 1970/01/01, 1969-12-29]" classname="org.threeten.extra.chrono.TestSymmetry454Chronology" time="0"/>
  <testcase name="test_Symmetry454Date_chronology_dateEpochDay[29: Sym454 CE 1999/12/27, 2000-01-01]" classname="org.threeten.extra.chrono.TestSymmetry454Chronology" time="0"/>
  <testcase name="test_Symmetry454Date_chronology_dateEpochDay[30: Sym454 CE 2000/01/01, 2000-01-03]" classname="org.threeten.extra.chrono.TestSymmetry454Chronology" time="0"/>
  <testcase name="test_LocalDate_adjustToSymmetry454Date" classname="org.threeten.extra.chrono.TestSymmetry454Chronology" time="0"/>
  <testcase name="test_until_TemporalUnit_unsupported" classname="org.threeten.extra.chrono.TestSymmetry454Chronology" time="0"/>
  <testcase name="test_chronology_dateYearDay_badDate" classname="org.threeten.extra.chrono.TestSymmetry454Chronology" time="0"/>
  <testcase name="test_getLong[0: 2014, 5, 26, DayOfWeek, 5]" classname="org.threeten.extra.chrono.TestSymmetry454Chronology" time="0"/>
  <testcase name="test_getLong[1: 2014, 5, 26, DayOfMonth, 26]" classname="org.threeten.extra.chrono.TestSymmetry454Chronology" time="0"/>
  <testcase name="test_getLong[2: 2014, 5, 26, DayOfYear, 145]" classname="org.threeten.extra.chrono.TestSymmetry454Chronology" time="0"/>
  <testcase name="test_getLong[3: 2014, 5, 26, AlignedDayOfWeekInMonth, 5]" classname="org.threeten.extra.chrono.TestSymmetry454Chronology" time="0"/>
  <testcase name="test_getLong[4: 2014, 5, 26, AlignedWeekOfMonth, 4]" classname="org.threeten.extra.chrono.TestSymmetry454Chronology" time="0"/>
  <testcase name="test_getLong[5: 2014, 5, 26, AlignedDayOfWeekInYear, 5]" classname="org.threeten.extra.chrono.TestSymmetry454Chronology" time="0"/>
  <testcase name="test_getLong[6: 2014, 5, 26, AlignedWeekOfYear, 21]" classname="org.threeten.extra.chrono.TestSymmetry454Chronology" time="0"/>
  <testcase name="test_getLong[7: 2014, 5, 26, MonthOfYear, 5]" classname="org.threeten.extra.chrono.TestSymmetry454Chronology" time="0"/>
  <testcase name="test_getLong[8: 2014, 5, 26, ProlepticMonth, 24172]" classname="org.threeten.extra.chrono.TestSymmetry454Chronology" time="0"/>
  <testcase name="test_getLong[9: 2014, 5, 26, Year, 2014]" classname="org.threeten.extra.chrono.TestSymmetry454Chronology" time="0"/>
  <testcase name="test_getLong[10: 2014, 5, 26, Era, 1]" classname="org.threeten.extra.chrono.TestSymmetry454Chronology" time="0"/>
  <testcase name="test_getLong[11: 1, 5, 8, Era, 1]" classname="org.threeten.extra.chrono.TestSymmetry454Chronology" time="0"/>
  <testcase name="test_getLong[12: 2012, 9, 26, DayOfWeek, 5]" classname="org.threeten.extra.chrono.TestSymmetry454Chronology" time="0"/>
  <testcase name="test_getLong[13: 2012, 9, 26, DayOfYear, 271]" classname="org.threeten.extra.chrono.TestSymmetry454Chronology" time="0"/>
  <testcase name="test_getLong[14: 2012, 9, 26, AlignedDayOfWeekInMonth, 5]" classname="org.threeten.extra.chrono.TestSymmetry454Chronology" time="0"/>
  <testcase name="test_getLong[15: 2012, 9, 26, AlignedWeekOfMonth, 4]" classname="org.threeten.extra.chrono.TestSymmetry454Chronology" time="0.001"/>
  <testcase name="test_getLong[16: 2012, 9, 26, AlignedDayOfWeekInYear, 5]" classname="org.threeten.extra.chrono.TestSymmetry454Chronology" time="0"/>
  <testcase name="test_getLong[17: 2012, 9, 26, AlignedWeekOfYear, 39]" classname="org.threeten.extra.chrono.TestSymmetry454Chronology" time="0"/>
  <testcase name="test_getLong[18: 2015, 12, 35, DayOfWeek, 7]" classname="org.threeten.extra.chrono.TestSymmetry454Chronology" time="0"/>
  <testcase name="test_getLong[19: 2015, 12, 35, DayOfMonth, 35]" classname="org.threeten.extra.chrono.TestSymmetry454Chronology" time="0"/>
  <testcase name="test_getLong[20: 2015, 12, 35, DayOfYear, 371]" classname="org.threeten.extra.chrono.TestSymmetry454Chronology" time="0"/>
  <testcase name="test_getLong[21: 2015, 12, 35, AlignedDayOfWeekInMonth, 7]" classname="org.threeten.extra.chrono.TestSymmetry454Chronology" time="0"/>
  <testcase name="test_getLong[22: 2015, 12, 35, AlignedWeekOfMonth, 5]" classname="org.threeten.extra.chrono.TestSymmetry454Chronology" time="0"/>
  <testcase name="test_getLong[23: 2015, 12, 35, AlignedDayOfWeekInYear, 7]" classname="org.threeten.extra.chrono.TestSymmetry454Chronology" time="0"/>
  <testcase name="test_getLong[24: 2015, 12, 35, AlignedWeekOfYear, 53]" classname="org.threeten.extra.chrono.TestSymmetry454Chronology" time="0"/>
  <testcase name="test_getLong[25: 2015, 12, 35, MonthOfYear, 12]" classname="org.threeten.extra.chrono.TestSymmetry454Chronology" time="0"/>
  <testcase name="test_getLong[26: 2015, 12, 35, ProlepticMonth, 24191]" classname="org.threeten.extra.chrono.TestSymmetry454Chronology" time="0"/>
  <testcase name="test_Chronology_eraOf" classname="org.threeten.extra.chrono.TestSymmetry454Chronology" time="0"/>
  <testcase name="test_minus_Period" classname="org.threeten.extra.chrono.TestSymmetry454Chronology" time="0.001"/>
  <testcase name="test_Chronology_range" classname="org.threeten.extra.chrono.TestSymmetry454Chronology" time="0"/>
  <testcase name="test_isLeapYear_specific" classname="org.threeten.extra.chrono.TestSymmetry454Chronology" time="0"/>
  <testcase name="test_minus_Period_ISO" classname="org.threeten.extra.chrono.TestSymmetry454Chronology" time="0"/>
  <testcase name="test_adjust_toMonth" classname="org.threeten.extra.chrono.TestSymmetry454Chronology" time="0"/>
  <testcase name="test_badLeapDayDates[0: 1]" classname="org.threeten.extra.chrono.TestSymmetry454Chronology" time="0"/>
  <testcase name="test_badLeapDayDates[1: 100]" classname="org.threeten.extra.chrono.TestSymmetry454Chronology" time="0"/>
  <testcase name="test_badLeapDayDates[2: 200]" classname="org.threeten.extra.chrono.TestSymmetry454Chronology" time="0"/>
  <testcase name="test_badLeapDayDates[3: 2000]" classname="org.threeten.extra.chrono.TestSymmetry454Chronology" time="0.001"/>
  <testcase name="test_minus_TemporalUnit[0: 2014, 5, 26, 0, Days, 2014, 5, 26]" classname="org.threeten.extra.chrono.TestSymmetry454Chronology" time="0"/>
  <testcase name="test_minus_TemporalUnit[1: 2014, 5, 26, 8, Days, 2014, 5, 34]" classname="org.threeten.extra.chrono.TestSymmetry454Chronology" time="0"/>
  <testcase name="test_minus_TemporalUnit[2: 2014, 5, 26, -3, Days, 2014, 5, 23]" classname="org.threeten.extra.chrono.TestSymmetry454Chronology" time="0"/>
  <testcase name="test_minus_TemporalUnit[3: 2014, 5, 26, 0, Weeks, 2014, 5, 26]" classname="org.threeten.extra.chrono.TestSymmetry454Chronology" time="0"/>
  <testcase name="test_minus_TemporalUnit[4: 2014, 5, 26, 3, Weeks, 2014, 6, 12]" classname="org.threeten.extra.chrono.TestSymmetry454Chronology" time="0"/>
  <testcase name="test_minus_TemporalUnit[5: 2014, 5, 26, -5, Weeks, 2014, 4, 19]" classname="org.threeten.extra.chrono.TestSymmetry454Chronology" time="0"/>
  <testcase name="test_minus_TemporalUnit[6: 2014, 5, 26, 0, Months, 2014, 5, 26]" classname="org.threeten.extra.chrono.TestSymmetry454Chronology" time="0"/>
  <testcase name="test_minus_TemporalUnit[7: 2014, 5, 26, 3, Months, 2014, 8, 26]" classname="org.threeten.extra.chrono.TestSymmetry454Chronology" time="0"/>
  <testcase name="test_minus_TemporalUnit[8: 2014, 5, 26, -5, Months, 2013, 12, 26]" classname="org.threeten.extra.chrono.TestSymmetry454Chronology" time="0"/>
  <testcase name="test_minus_TemporalUnit[9: 2014, 5, 26, 0, Years, 2014, 5, 26]" classname="org.threeten.extra.chrono.TestSymmetry454Chronology" time="0"/>
  <testcase name="test_minus_TemporalUnit[10: 2014, 5, 26, 3, Years, 2017, 5, 26]" classname="org.threeten.extra.chrono.TestSymmetry454Chronology" time="0"/>
  <testcase name="test_minus_TemporalUnit[11: 2014, 5, 26, -5, Years, 2009, 5, 26]" classname="org.threeten.extra.chrono.TestSymmetry454Chronology" time="0"/>
  <testcase name="test_minus_TemporalUnit[12: 2014, 5, 26, 0, Decades, 2014, 5, 26]" classname="org.threeten.extra.chrono.TestSymmetry454Chronology" time="0"/>
  <testcase name="test_minus_TemporalUnit[13: 2014, 5, 26, 3, Decades, 2044, 5, 26]" classname="org.threeten.extra.chrono.TestSymmetry454Chronology" time="0"/>
  <testcase name="test_minus_TemporalUnit[14: 2014, 5, 26, -5, Decades, 1964, 5, 26]" classname="org.threeten.extra.chrono.TestSymmetry454Chronology" time="0"/>
  <testcase name="test_minus_TemporalUnit[15: 2014, 5, 26, 0, Centuries, 2014, 5, 26]" classname="org.threeten.extra.chrono.TestSymmetry454Chronology" time="0.001"/>
  <testcase name="test_minus_TemporalUnit[16: 2014, 5, 26, 3, Centuries, 2314, 5, 26]" classname="org.threeten.extra.chrono.TestSymmetry454Chronology" time="0"/>
  <testcase name="test_minus_TemporalUnit[17: 2014, 5, 26, -5, Centuries, 1514, 5, 26]" classname="org.threeten.extra.chrono.TestSymmetry454Chronology" time="0"/>
  <testcase name="test_minus_TemporalUnit[18: 2014, 5, 26, 0, Millennia, 2014, 5, 26]" classname="org.threeten.extra.chrono.TestSymmetry454Chronology" time="0"/>
  <testcase name="test_minus_TemporalUnit[19: 2014, 5, 26, 3, Millennia, 5014, 5, 26]" classname="org.threeten.extra.chrono.TestSymmetry454Chronology" time="0"/>
  <testcase name="test_minus_TemporalUnit[20: 2014, 5, 26, -1, Millennia, 1014, 5, 26]" classname="org.threeten.extra.chrono.TestSymmetry454Chronology" time="0"/>
  <testcase name="test_minus_TemporalUnit[21: 2014, 12, 26, 3, Weeks, 2015, 1, 19]" classname="org.threeten.extra.chrono.TestSymmetry454Chronology" time="0"/>
  <testcase name="test_minus_TemporalUnit[22: 2014, 1, 26, -5, Weeks, 2013, 12, 19]" classname="org.threeten.extra.chrono.TestSymmetry454Chronology" time="0"/>
  <testcase name="test_minus_TemporalUnit[23: 2012, 6, 26, 3, Weeks, 2012, 7, 19]" classname="org.threeten.extra.chrono.TestSymmetry454Chronology" time="0"/>
  <testcase name="test_minus_TemporalUnit[24: 2012, 7, 26, -5, Weeks, 2012, 6, 19]" classname="org.threeten.extra.chrono.TestSymmetry454Chronology" time="0"/>
  <testcase name="test_minus_TemporalUnit[25: 2012, 6, 21, 53, Weeks, 2013, 6, 28]" classname="org.threeten.extra.chrono.TestSymmetry454Chronology" time="0"/>
  <testcase name="test_minus_TemporalUnit[26: 2013, 6, 21, 313, Weeks, 2019, 6, 21]" classname="org.threeten.extra.chrono.TestSymmetry454Chronology" time="0"/>
  <testcase name="test_prolepticYear_badEra[0: BCE]" classname="org.threeten.extra.chrono.TestSymmetry454Chronology" time="0"/>
  <testcase name="test_prolepticYear_badEra[1: CE]" classname="org.threeten.extra.chrono.TestSymmetry454Chronology" time="0"/>
  <testcase name="test_prolepticYear_badEra[2: BEFORE_AM]" classname="org.threeten.extra.chrono.TestSymmetry454Chronology" time="0"/>
  <testcase name="test_prolepticYear_badEra[3: AM]" classname="org.threeten.extra.chrono.TestSymmetry454Chronology" time="0"/>
  <testcase name="test_prolepticYear_badEra[4: YOLD]" classname="org.threeten.extra.chrono.TestSymmetry454Chronology" time="0"/>
  <testcase name="test_prolepticYear_badEra[5: BEFORE_INCARNATION]" classname="org.threeten.extra.chrono.TestSymmetry454Chronology" time="0"/>
  <testcase name="test_prolepticYear_badEra[6: INCARNATION]" classname="org.threeten.extra.chrono.TestSymmetry454Chronology" time="0"/>
  <testcase name="test_prolepticYear_badEra[7: AH]" classname="org.threeten.extra.chrono.TestSymmetry454Chronology" time="0"/>
  <testcase name="test_prolepticYear_badEra[8: CE]" classname="org.threeten.extra.chrono.TestSymmetry454Chronology" time="0"/>
  <testcase name="test_prolepticYear_badEra[9: Meiji]" classname="org.threeten.extra.chrono.TestSymmetry454Chronology" time="0"/>
  <testcase name="test_prolepticYear_badEra[10: Taisho]" classname="org.threeten.extra.chrono.TestSymmetry454Chronology" time="0"/>
  <testcase name="test_prolepticYear_badEra[11: Showa]" classname="org.threeten.extra.chrono.TestSymmetry454Chronology" time="0"/>
  <testcase name="test_prolepticYear_badEra[12: Heisei]" classname="org.threeten.extra.chrono.TestSymmetry454Chronology" time="0"/>
  <testcase name="test_prolepticYear_badEra[13: BC]" classname="org.threeten.extra.chrono.TestSymmetry454Chronology" time="0"/>
  <testcase name="test_prolepticYear_badEra[14: AD]" classname="org.threeten.extra.chrono.TestSymmetry454Chronology" time="0"/>
  <testcase name="test_prolepticYear_badEra[15: BEFORE_ROC]" classname="org.threeten.extra.chrono.TestSymmetry454Chronology" time="0"/>
  <testcase name="test_prolepticYear_badEra[16: ROC]" classname="org.threeten.extra.chrono.TestSymmetry454Chronology" time="0"/>
  <testcase name="test_prolepticYear_badEra[17: BCE]" classname="org.threeten.extra.chrono.TestSymmetry454Chronology" time="0"/>
  <testcase name="test_prolepticYear_badEra[18: CE]" classname="org.threeten.extra.chrono.TestSymmetry454Chronology" time="0"/>
  <testcase name="test_prolepticYear_badEra[19: BEFORE_BE]" classname="org.threeten.extra.chrono.TestSymmetry454Chronology" time="0"/>
  <testcase name="test_prolepticYear_badEra[20: BE]" classname="org.threeten.extra.chrono.TestSymmetry454Chronology" time="0"/>
  <testcase name="test_equals[0: Sym454 CE 2000/01/03, Sym454 CE 2000/01/04, Sym454 CE 2000/02/03, Sym454 CE 2001/01/03]" classname="org.threeten.extra.chrono.TestSymmetry454Chronology" time="0"/>
  <testcase name="test_equals[1: Sym454 CE 2000/12/28, Sym454 CE 2000/12/25, Sym454 CE 2001/01/01, Sym454 CE 2001/12/28]" classname="org.threeten.extra.chrono.TestSymmetry454Chronology" time="0"/>
  <testcase name="test_equals[2: Sym454 CE 2000/06/28, Sym454 CE 2000/06/23, Sym454 CE 2000/07/01, Sym454 CE 2004/06/28]" classname="org.threeten.extra.chrono.TestSymmetry454Chronology" time="0"/>
  <testcase name="test_plus_Period" classname="org.threeten.extra.chrono.TestSymmetry454Chronology" time="0"/>
  <testcase name="test_Chronology_eraOf_invalid" classname="org.threeten.extra.chrono.TestSymmetry454Chronology" time="0"/>
  <testcase name="test_era_loop" classname="org.threeten.extra.chrono.TestSymmetry454Chronology" time="0.002"/>
  <testcase name="test_Symmetry454Date_toEpochDay[0: Sym454 CE 1/01/01, 0001-01-01]" classname="org.threeten.extra.chrono.TestSymmetry454Chronology" time="0"/>
  <testcase name="test_Symmetry454Date_toEpochDay[1: Sym454 CE 272/02/30, 0272-02-27]" classname="org.threeten.extra.chrono.TestSymmetry454Chronology" time="0"/>
  <testcase name="test_Symmetry454Date_toEpochDay[2: Sym454 CE 272/02/27, 0272-02-24]" classname="org.threeten.extra.chrono.TestSymmetry454Chronology" time="0"/>
  <testcase name="test_Symmetry454Date_toEpochDay[3: Sym454 CE 742/03/25, 0742-04-02]" classname="org.threeten.extra.chrono.TestSymmetry454Chronology" time="0"/>
  <testcase name="test_Symmetry454Date_toEpochDay[4: Sym454 CE 742/04/02, 0742-04-07]" classname="org.threeten.extra.chrono.TestSymmetry454Chronology" time="0"/>
  <testcase name="test_Symmetry454Date_toEpochDay[5: Sym454 CE 1066/10/14, 1066-10-14]" classname="org.threeten.extra.chrono.TestSymmetry454Chronology" time="0"/>
  <testcase name="test_Symmetry454Date_toEpochDay[6: Sym454 CE 1304/07/21, 1304-07-20]" classname="org.threeten.extra.chrono.TestSymmetry454Chronology" time="0"/>
  <testcase name="test_Symmetry454Date_toEpochDay[7: Sym454 CE 1304/07/20, 1304-07-19]" classname="org.threeten.extra.chrono.TestSymmetry454Chronology" time="0.001"/>
  <testcase name="test_Symmetry454Date_toEpochDay[8: Sym454 CE 1433/11/14, 1433-11-10]" classname="org.threeten.extra.chrono.TestSymmetry454Chronology" time="0"/>
  <testcase name="test_Symmetry454Date_toEpochDay[9: Sym454 CE 1433/11/10, 1433-11-06]" classname="org.threeten.extra.chrono.TestSymmetry454Chronology" time="0"/>
  <testcase name="test_Symmetry454Date_toEpochDay[10: Sym454 CE 1452/04/11, 1452-04-15]" classname="org.threeten.extra.chrono.TestSymmetry454Chronology" time="0"/>
  <testcase name="test_Symmetry454Date_toEpochDay[11: Sym454 CE 1452/04/15, 1452-04-19]" classname="org.threeten.extra.chrono.TestSymmetry454Chronology" time="0"/>
  <testcase name="test_Symmetry454Date_toEpochDay[12: Sym454 CE 1492/10/10, 1492-10-12]" classname="org.threeten.extra.chrono.TestSymmetry454Chronology" time="0"/>
  <testcase name="test_Symmetry454Date_toEpochDay[13: Sym454 CE 1492/10/12, 1492-10-14]" classname="org.threeten.extra.chrono.TestSymmetry454Chronology" time="0"/>
  <testcase name="test_Symmetry454Date_toEpochDay[14: Sym454 CE 1564/02/20, 1564-02-15]" classname="org.threeten.extra.chrono.TestSymmetry454Chronology" time="0"/>
  <testcase name="test_Symmetry454Date_toEpochDay[15: Sym454 CE 1564/02/15, 1564-02-10]" classname="org.threeten.extra.chrono.TestSymmetry454Chronology" time="0"/>
  <testcase name="test_Symmetry454Date_toEpochDay[16: Sym454 CE 1564/04/28, 1564-04-26]" classname="org.threeten.extra.chrono.TestSymmetry454Chronology" time="0"/>
  <testcase name="test_Symmetry454Date_toEpochDay[17: Sym454 CE 1564/04/26, 1564-04-24]" classname="org.threeten.extra.chrono.TestSymmetry454Chronology" time="0"/>
  <testcase name="test_Symmetry454Date_toEpochDay[18: Sym454 CE 1643/01/07, 1643-01-04]" classname="org.threeten.extra.chrono.TestSymmetry454Chronology" time="0"/>
  <testcase name="test_Symmetry454Date_toEpochDay[19: Sym454 CE 1643/01/04, 1643-01-01]" classname="org.threeten.extra.chrono.TestSymmetry454Chronology" time="0"/>
  <testcase name="test_Symmetry454Date_toEpochDay[20: Sym454 CE 1707/04/12, 1707-04-15]" classname="org.threeten.extra.chrono.TestSymmetry454Chronology" time="0"/>
  <testcase name="test_Symmetry454Date_toEpochDay[21: Sym454 CE 1707/04/15, 1707-04-18]" classname="org.threeten.extra.chrono.TestSymmetry454Chronology" time="0"/>
  <testcase name="test_Symmetry454Date_toEpochDay[22: Sym454 CE 1789/07/16, 1789-07-14]" classname="org.threeten.extra.chrono.TestSymmetry454Chronology" time="0"/>
  <testcase name="test_Symmetry454Date_toEpochDay[23: Sym454 CE 1789/07/14, 1789-07-12]" classname="org.threeten.extra.chrono.TestSymmetry454Chronology" time="0"/>
  <testcase name="test_Symmetry454Date_toEpochDay[24: Sym454 CE 1879/03/12, 1879-03-14]" classname="org.threeten.extra.chrono.TestSymmetry454Chronology" time="0"/>
  <testcase name="test_Symmetry454Date_toEpochDay[25: Sym454 CE 1879/03/14, 1879-03-16]" classname="org.threeten.extra.chrono.TestSymmetry454Chronology" time="0"/>
  <testcase name="test_Symmetry454Date_toEpochDay[26: Sym454 CE 1941/09/09, 1941-09-09]" classname="org.threeten.extra.chrono.TestSymmetry454Chronology" time="0"/>
  <testcase name="test_Symmetry454Date_toEpochDay[27: Sym454 CE 1970/01/04, 1970-01-01]" classname="org.threeten.extra.chrono.TestSymmetry454Chronology" time="0"/>
  <testcase name="test_Symmetry454Date_toEpochDay[28: Sym454 CE 1970/01/01, 1969-12-29]" classname="org.threeten.extra.chrono.TestSymmetry454Chronology" time="0"/>
  <testcase name="test_Symmetry454Date_toEpochDay[29: Sym454 CE 1999/12/27, 2000-01-01]" classname="org.threeten.extra.chrono.TestSymmetry454Chronology" time="0"/>
  <testcase name="test_Symmetry454Date_toEpochDay[30: Sym454 CE 2000/01/01, 2000-01-03]" classname="org.threeten.extra.chrono.TestSymmetry454Chronology" time="0"/>
  <testcase name="test_lengthOfMonth_specific" classname="org.threeten.extra.chrono.TestSymmetry454Chronology" time="0"/>
  <testcase name="test_range_unsupported" classname="org.threeten.extra.chrono.TestSymmetry454Chronology" time="0"/>
  <testcase name="test_LocalDateTime_adjustToSymmetry454Date" classname="org.threeten.extra.chrono.TestSymmetry454Chronology" time="0"/>
  <testcase name="test_LocalDate_from_Symmetry454Date[0: Sym454 CE 1/01/01, 0001-01-01]" classname="org.threeten.extra.chrono.TestSymmetry454Chronology" time="0.001"/>
  <testcase name="test_LocalDate_from_Symmetry454Date[1: Sym454 CE 272/02/30, 0272-02-27]" classname="org.threeten.extra.chrono.TestSymmetry454Chronology" time="0"/>
  <testcase name="test_LocalDate_from_Symmetry454Date[2: Sym454 CE 272/02/27, 0272-02-24]" classname="org.threeten.extra.chrono.TestSymmetry454Chronology" time="0"/>
  <testcase name="test_LocalDate_from_Symmetry454Date[3: Sym454 CE 742/03/25, 0742-04-02]" classname="org.threeten.extra.chrono.TestSymmetry454Chronology" time="0"/>
  <testcase name="test_LocalDate_from_Symmetry454Date[4: Sym454 CE 742/04/02, 0742-04-07]" classname="org.threeten.extra.chrono.TestSymmetry454Chronology" time="0"/>
  <testcase name="test_LocalDate_from_Symmetry454Date[5: Sym454 CE 1066/10/14, 1066-10-14]" classname="org.threeten.extra.chrono.TestSymmetry454Chronology" time="0"/>
  <testcase name="test_LocalDate_from_Symmetry454Date[6: Sym454 CE 1304/07/21, 1304-07-20]" classname="org.threeten.extra.chrono.TestSymmetry454Chronology" time="0"/>
  <testcase name="test_LocalDate_from_Symmetry454Date[7: Sym454 CE 1304/07/20, 1304-07-19]" classname="org.threeten.extra.chrono.TestSymmetry454Chronology" time="0"/>
  <testcase name="test_LocalDate_from_Symmetry454Date[8: Sym454 CE 1433/11/14, 1433-11-10]" classname="org.threeten.extra.chrono.TestSymmetry454Chronology" time="0"/>
  <testcase name="test_LocalDate_from_Symmetry454Date[9: Sym454 CE 1433/11/10, 1433-11-06]" classname="org.threeten.extra.chrono.TestSymmetry454Chronology" time="0"/>
  <testcase name="test_LocalDate_from_Symmetry454Date[10: Sym454 CE 1452/04/11, 1452-04-15]" classname="org.threeten.extra.chrono.TestSymmetry454Chronology" time="0"/>
  <testcase name="test_LocalDate_from_Symmetry454Date[11: Sym454 CE 1452/04/15, 1452-04-19]" classname="org.threeten.extra.chrono.TestSymmetry454Chronology" time="0"/>
  <testcase name="test_LocalDate_from_Symmetry454Date[12: Sym454 CE 1492/10/10, 1492-10-12]" classname="org.threeten.extra.chrono.TestSymmetry454Chronology" time="0"/>
  <testcase name="test_LocalDate_from_Symmetry454Date[13: Sym454 CE 1492/10/12, 1492-10-14]" classname="org.threeten.extra.chrono.TestSymmetry454Chronology" time="0"/>
  <testcase name="test_LocalDate_from_Symmetry454Date[14: Sym454 CE 1564/02/20, 1564-02-15]" classname="org.threeten.extra.chrono.TestSymmetry454Chronology" time="0"/>
  <testcase name="test_LocalDate_from_Symmetry454Date[15: Sym454 CE 1564/02/15, 1564-02-10]" classname="org.threeten.extra.chrono.TestSymmetry454Chronology" time="0"/>
  <testcase name="test_LocalDate_from_Symmetry454Date[16: Sym454 CE 1564/04/28, 1564-04-26]" classname="org.threeten.extra.chrono.TestSymmetry454Chronology" time="0"/>
  <testcase name="test_LocalDate_from_Symmetry454Date[17: Sym454 CE 1564/04/26, 1564-04-24]" classname="org.threeten.extra.chrono.TestSymmetry454Chronology" time="0"/>
  <testcase name="test_LocalDate_from_Symmetry454Date[18: Sym454 CE 1643/01/07, 1643-01-04]" classname="org.threeten.extra.chrono.TestSymmetry454Chronology" time="0"/>
  <testcase name="test_LocalDate_from_Symmetry454Date[19: Sym454 CE 1643/01/04, 1643-01-01]" classname="org.threeten.extra.chrono.TestSymmetry454Chronology" time="0"/>
  <testcase name="test_LocalDate_from_Symmetry454Date[20: Sym454 CE 1707/04/12, 1707-04-15]" classname="org.threeten.extra.chrono.TestSymmetry454Chronology" time="0"/>
  <testcase name="test_LocalDate_from_Symmetry454Date[21: Sym454 CE 1707/04/15, 1707-04-18]" classname="org.threeten.extra.chrono.TestSymmetry454Chronology" time="0"/>
  <testcase name="test_LocalDate_from_Symmetry454Date[22: Sym454 CE 1789/07/16, 1789-07-14]" classname="org.threeten.extra.chrono.TestSymmetry454Chronology" time="0"/>
  <testcase name="test_LocalDate_from_Symmetry454Date[23: Sym454 CE 1789/07/14, 1789-07-12]" classname="org.threeten.extra.chrono.TestSymmetry454Chronology" time="0"/>
  <testcase name="test_LocalDate_from_Symmetry454Date[24: Sym454 CE 1879/03/12, 1879-03-14]" classname="org.threeten.extra.chrono.TestSymmetry454Chronology" time="0"/>
  <testcase name="test_LocalDate_from_Symmetry454Date[25: Sym454 CE 1879/03/14, 1879-03-16]" classname="org.threeten.extra.chrono.TestSymmetry454Chronology" time="0"/>
  <testcase name="test_LocalDate_from_Symmetry454Date[26: Sym454 CE 1941/09/09, 1941-09-09]" classname="org.threeten.extra.chrono.TestSymmetry454Chronology" time="0"/>
  <testcase name="test_LocalDate_from_Symmetry454Date[27: Sym454 CE 1970/01/04, 1970-01-01]" classname="org.threeten.extra.chrono.TestSymmetry454Chronology" time="0"/>
  <testcase name="test_LocalDate_from_Symmetry454Date[28: Sym454 CE 1970/01/01, 1969-12-29]" classname="org.threeten.extra.chrono.TestSymmetry454Chronology" time="0"/>
  <testcase name="test_LocalDate_from_Symmetry454Date[29: Sym454 CE 1999/12/27, 2000-01-01]" classname="org.threeten.extra.chrono.TestSymmetry454Chronology" time="0"/>
  <testcase name="test_LocalDate_from_Symmetry454Date[30: Sym454 CE 2000/01/01, 2000-01-03]" classname="org.threeten.extra.chrono.TestSymmetry454Chronology" time="0"/>
  <testcase name="test_era_yearDay_loop" classname="org.threeten.extra.chrono.TestSymmetry454Chronology" time="0.001"/>
  <testcase name="test_plus_TemporalUnit[0: 2014, 5, 26, 0, Days, 2014, 5, 26]" classname="org.threeten.extra.chrono.TestSymmetry454Chronology" time="0"/>
  <testcase name="test_plus_TemporalUnit[1: 2014, 5, 26, 8, Days, 2014, 5, 34]" classname="org.threeten.extra.chrono.TestSymmetry454Chronology" time="0"/>
  <testcase name="test_plus_TemporalUnit[2: 2014, 5, 26, -3, Days, 2014, 5, 23]" classname="org.threeten.extra.chrono.TestSymmetry454Chronology" time="0"/>
  <testcase name="test_plus_TemporalUnit[3: 2014, 5, 26, 0, Weeks, 2014, 5, 26]" classname="org.threeten.extra.chrono.TestSymmetry454Chronology" time="0"/>
  <testcase name="test_plus_TemporalUnit[4: 2014, 5, 26, 3, Weeks, 2014, 6, 12]" classname="org.threeten.extra.chrono.TestSymmetry454Chronology" time="0"/>
  <testcase name="test_plus_TemporalUnit[5: 2014, 5, 26, -5, Weeks, 2014, 4, 19]" classname="org.threeten.extra.chrono.TestSymmetry454Chronology" time="0"/>
  <testcase name="test_plus_TemporalUnit[6: 2014, 5, 26, 0, Months, 2014, 5, 26]" classname="org.threeten.extra.chrono.TestSymmetry454Chronology" time="0"/>
  <testcase name="test_plus_TemporalUnit[7: 2014, 5, 26, 3, Months, 2014, 8, 26]" classname="org.threeten.extra.chrono.TestSymmetry454Chronology" time="0"/>
  <testcase name="test_plus_TemporalUnit[8: 2014, 5, 26, -5, Months, 2013, 12, 26]" classname="org.threeten.extra.chrono.TestSymmetry454Chronology" time="0"/>
  <testcase name="test_plus_TemporalUnit[9: 2014, 5, 26, 0, Years, 2014, 5, 26]" classname="org.threeten.extra.chrono.TestSymmetry454Chronology" time="0"/>
  <testcase name="test_plus_TemporalUnit[10: 2014, 5, 26, 3, Years, 2017, 5, 26]" classname="org.threeten.extra.chrono.TestSymmetry454Chronology" time="0"/>
  <testcase name="test_plus_TemporalUnit[11: 2014, 5, 26, -5, Years, 2009, 5, 26]" classname="org.threeten.extra.chrono.TestSymmetry454Chronology" time="0"/>
  <testcase name="test_plus_TemporalUnit[12: 2014, 5, 26, 0, Decades, 2014, 5, 26]" classname="org.threeten.extra.chrono.TestSymmetry454Chronology" time="0"/>
  <testcase name="test_plus_TemporalUnit[13: 2014, 5, 26, 3, Decades, 2044, 5, 26]" classname="org.threeten.extra.chrono.TestSymmetry454Chronology" time="0"/>
  <testcase name="test_plus_TemporalUnit[14: 2014, 5, 26, -5, Decades, 1964, 5, 26]" classname="org.threeten.extra.chrono.TestSymmetry454Chronology" time="0"/>
  <testcase name="test_plus_TemporalUnit[15: 2014, 5, 26, 0, Centuries, 2014, 5, 26]" classname="org.threeten.extra.chrono.TestSymmetry454Chronology" time="0"/>
  <testcase name="test_plus_TemporalUnit[16: 2014, 5, 26, 3, Centuries, 2314, 5, 26]" classname="org.threeten.extra.chrono.TestSymmetry454Chronology" time="0"/>
  <testcase name="test_plus_TemporalUnit[17: 2014, 5, 26, -5, Centuries, 1514, 5, 26]" classname="org.threeten.extra.chrono.TestSymmetry454Chronology" time="0"/>
  <testcase name="test_plus_TemporalUnit[18: 2014, 5, 26, 0, Millennia, 2014, 5, 26]" classname="org.threeten.extra.chrono.TestSymmetry454Chronology" time="0"/>
  <testcase name="test_plus_TemporalUnit[19: 2014, 5, 26, 3, Millennia, 5014, 5, 26]" classname="org.threeten.extra.chrono.TestSymmetry454Chronology" time="0"/>
  <testcase name="test_plus_TemporalUnit[20: 2014, 5, 26, -1, Millennia, 1014, 5, 26]" classname="org.threeten.extra.chrono.TestSymmetry454Chronology" time="0"/>
  <testcase name="test_plus_TemporalUnit[21: 2014, 12, 26, 3, Weeks, 2015, 1, 19]" classname="org.threeten.extra.chrono.TestSymmetry454Chronology" time="0"/>
  <testcase name="test_plus_TemporalUnit[22: 2014, 1, 26, -5, Weeks, 2013, 12, 19]" classname="org.threeten.extra.chrono.TestSymmetry454Chronology" time="0"/>
  <testcase name="test_plus_TemporalUnit[23: 2012, 6, 26, 3, Weeks, 2012, 7, 19]" classname="org.threeten.extra.chrono.TestSymmetry454Chronology" time="0"/>
  <testcase name="test_plus_TemporalUnit[24: 2012, 7, 26, -5, Weeks, 2012, 6, 19]" classname="org.threeten.extra.chrono.TestSymmetry454Chronology" time="0"/>
  <testcase name="test_plus_TemporalUnit[25: 2012, 6, 21, 53, Weeks, 2013, 6, 28]" classname="org.threeten.extra.chrono.TestSymmetry454Chronology" time="0"/>
  <testcase name="test_plus_TemporalUnit[26: 2013, 6, 21, 313, Weeks, 2019, 6, 21]" classname="org.threeten.extra.chrono.TestSymmetry454Chronology" time="0"/>
  <testcase name="test_adjust_toLocalDate" classname="org.threeten.extra.chrono.TestSymmetry454Chronology" time="0"/>
  <testcase name="test_leapWeek" classname="org.threeten.extra.chrono.TestSymmetry454Chronology" time="0"/>
  <testcase name="test_Symmetry454Date_from_LocalDate[0: Sym454 CE 1/01/01, 0001-01-01]" classname="org.threeten.extra.chrono.TestSymmetry454Chronology" time="0"/>
  <testcase name="test_Symmetry454Date_from_LocalDate[1: Sym454 CE 272/02/30, 0272-02-27]" classname="org.threeten.extra.chrono.TestSymmetry454Chronology" time="0"/>
  <testcase name="test_Symmetry454Date_from_LocalDate[2: Sym454 CE 272/02/27, 0272-02-24]" classname="org.threeten.extra.chrono.TestSymmetry454Chronology" time="0"/>
  <testcase name="test_Symmetry454Date_from_LocalDate[3: Sym454 CE 742/03/25, 0742-04-02]" classname="org.threeten.extra.chrono.TestSymmetry454Chronology" time="0"/>
  <testcase name="test_Symmetry454Date_from_LocalDate[4: Sym454 CE 742/04/02, 0742-04-07]" classname="org.threeten.extra.chrono.TestSymmetry454Chronology" time="0"/>
  <testcase name="test_Symmetry454Date_from_LocalDate[5: Sym454 CE 1066/10/14, 1066-10-14]" classname="org.threeten.extra.chrono.TestSymmetry454Chronology" time="0"/>
  <testcase name="test_Symmetry454Date_from_LocalDate[6: Sym454 CE 1304/07/21, 1304-07-20]" classname="org.threeten.extra.chrono.TestSymmetry454Chronology" time="0"/>
  <testcase name="test_Symmetry454Date_from_LocalDate[7: Sym454 CE 1304/07/20, 1304-07-19]" classname="org.threeten.extra.chrono.TestSymmetry454Chronology" time="0"/>
  <testcase name="test_Symmetry454Date_from_LocalDate[8: Sym454 CE 1433/11/14, 1433-11-10]" classname="org.threeten.extra.chrono.TestSymmetry454Chronology" time="0"/>
  <testcase name="test_Symmetry454Date_from_LocalDate[9: Sym454 CE 1433/11/10, 1433-11-06]" classname="org.threeten.extra.chrono.TestSymmetry454Chronology" time="0"/>
  <testcase name="test_Symmetry454Date_from_LocalDate[10: Sym454 CE 1452/04/11, 1452-04-15]" classname="org.threeten.extra.chrono.TestSymmetry454Chronology" time="0"/>
  <testcase name="test_Symmetry454Date_from_LocalDate[11: Sym454 CE 1452/04/15, 1452-04-19]" classname="org.threeten.extra.chrono.TestSymmetry454Chronology" time="0"/>
  <testcase name="test_Symmetry454Date_from_LocalDate[12: Sym454 CE 1492/10/10, 1492-10-12]" classname="org.threeten.extra.chrono.TestSymmetry454Chronology" time="0"/>
  <testcase name="test_Symmetry454Date_from_LocalDate[13: Sym454 CE 1492/10/12, 1492-10-14]" classname="org.threeten.extra.chrono.TestSymmetry454Chronology" time="0"/>
  <testcase name="test_Symmetry454Date_from_LocalDate[14: Sym454 CE 1564/02/20, 1564-02-15]" classname="org.threeten.extra.chrono.TestSymmetry454Chronology" time="0"/>
  <testcase name="test_Symmetry454Date_from_LocalDate[15: Sym454 CE 1564/02/15, 1564-02-10]" classname="org.threeten.extra.chrono.TestSymmetry454Chronology" time="0"/>
  <testcase name="test_Symmetry454Date_from_LocalDate[16: Sym454 CE 1564/04/28, 1564-04-26]" classname="org.threeten.extra.chrono.TestSymmetry454Chronology" time="0"/>
  <testcase name="test_Symmetry454Date_from_LocalDate[17: Sym454 CE 1564/04/26, 1564-04-24]" classname="org.threeten.extra.chrono.TestSymmetry454Chronology" time="0"/>
  <testcase name="test_Symmetry454Date_from_LocalDate[18: Sym454 CE 1643/01/07, 1643-01-04]" classname="org.threeten.extra.chrono.TestSymmetry454Chronology" time="0"/>
  <testcase name="test_Symmetry454Date_from_LocalDate[19: Sym454 CE 1643/01/04, 1643-01-01]" classname="org.threeten.extra.chrono.TestSymmetry454Chronology" time="0"/>
  <testcase name="test_Symmetry454Date_from_LocalDate[20: Sym454 CE 1707/04/12, 1707-04-15]" classname="org.threeten.extra.chrono.TestSymmetry454Chronology" time="0"/>
  <testcase name="test_Symmetry454Date_from_LocalDate[21: Sym454 CE 1707/04/15, 1707-04-18]" classname="org.threeten.extra.chrono.TestSymmetry454Chronology" time="0"/>
  <testcase name="test_Symmetry454Date_from_LocalDate[22: Sym454 CE 1789/07/16, 1789-07-14]" classname="org.threeten.extra.chrono.TestSymmetry454Chronology" time="0"/>
  <testcase name="test_Symmetry454Date_from_LocalDate[23: Sym454 CE 1789/07/14, 1789-07-12]" classname="org.threeten.extra.chrono.TestSymmetry454Chronology" time="0"/>
  <testcase name="test_Symmetry454Date_from_LocalDate[24: Sym454 CE 1879/03/12, 1879-03-14]" classname="org.threeten.extra.chrono.TestSymmetry454Chronology" time="0"/>
  <testcase name="test_Symmetry454Date_from_LocalDate[25: Sym454 CE 1879/03/14, 1879-03-16]" classname="org.threeten.extra.chrono.TestSymmetry454Chronology" time="0"/>
  <testcase name="test_Symmetry454Date_from_LocalDate[26: Sym454 CE 1941/09/09, 1941-09-09]" classname="org.threeten.extra.chrono.TestSymmetry454Chronology" time="0"/>
  <testcase name="test_Symmetry454Date_from_LocalDate[27: Sym454 CE 1970/01/04, 1970-01-01]" classname="org.threeten.extra.chrono.TestSymmetry454Chronology" time="0"/>
  <testcase name="test_Symmetry454Date_from_LocalDate[28: Sym454 CE 1970/01/01, 1969-12-29]" classname="org.threeten.extra.chrono.TestSymmetry454Chronology" time="0"/>
  <testcase name="test_Symmetry454Date_from_LocalDate[29: Sym454 CE 1999/12/27, 2000-01-01]" classname="org.threeten.extra.chrono.TestSymmetry454Chronology" time="0"/>
  <testcase name="test_Symmetry454Date_from_LocalDate[30: Sym454 CE 2000/01/01, 2000-01-03]" classname="org.threeten.extra.chrono.TestSymmetry454Chronology" time="0"/>
  <testcase name="test_Chronology_eras" classname="org.threeten.extra.chrono.TestSymmetry454Chronology" time="0"/>
  <testcase name="test_lengthOfMonth[0: 2000, 1, 28, 28]" classname="org.threeten.extra.chrono.TestSymmetry454Chronology" time="0"/>
  <testcase name="test_lengthOfMonth[1: 2000, 2, 28, 35]" classname="org.threeten.extra.chrono.TestSymmetry454Chronology" time="0"/>
  <testcase name="test_lengthOfMonth[2: 2000, 3, 28, 28]" classname="org.threeten.extra.chrono.TestSymmetry454Chronology" time="0"/>
  <testcase name="test_lengthOfMonth[3: 2000, 4, 28, 28]" classname="org.threeten.extra.chrono.TestSymmetry454Chronology" time="0"/>
  <testcase name="test_lengthOfMonth[4: 2000, 5, 28, 35]" classname="org.threeten.extra.chrono.TestSymmetry454Chronology" time="0"/>
  <testcase name="test_lengthOfMonth[5: 2000, 6, 28, 28]" classname="org.threeten.extra.chrono.TestSymmetry454Chronology" time="0"/>
  <testcase name="test_lengthOfMonth[6: 2000, 7, 28, 28]" classname="org.threeten.extra.chrono.TestSymmetry454Chronology" time="0"/>
  <testcase name="test_lengthOfMonth[7: 2000, 8, 28, 35]" classname="org.threeten.extra.chrono.TestSymmetry454Chronology" time="0"/>
  <testcase name="test_lengthOfMonth[8: 2000, 9, 28, 28]" classname="org.threeten.extra.chrono.TestSymmetry454Chronology" time="0"/>
  <testcase name="test_lengthOfMonth[9: 2000, 10, 28, 28]" classname="org.threeten.extra.chrono.TestSymmetry454Chronology" time="0"/>
  <testcase name="test_lengthOfMonth[10: 2000, 11, 28, 35]" classname="org.threeten.extra.chrono.TestSymmetry454Chronology" time="0"/>
  <testcase name="test_lengthOfMonth[11: 2000, 12, 28, 28]" classname="org.threeten.extra.chrono.TestSymmetry454Chronology" time="0"/>
  <testcase name="test_lengthOfMonth[12: 2004, 12, 20, 35]" classname="org.threeten.extra.chrono.TestSymmetry454Chronology" time="0"/>
  <testcase name="test_until_end[0: 2014, 5, 26, 2014, 5, 26, 0, 0, 0]" classname="org.threeten.extra.chrono.TestSymmetry454Chronology" time="0"/>
  <testcase name="test_until_end[1: 2014, 5, 26, 2014, 6, 4, 0, 0, 13]" classname="org.threeten.extra.chrono.TestSymmetry454Chronology" time="0"/>
  <testcase name="test_until_end[2: 2014, 5, 26, 2014, 5, 20, 0, 0, -6]" classname="org.threeten.extra.chrono.TestSymmetry454Chronology" time="0"/>
  <testcase name="test_until_end[3: 2014, 5, 26, 2014, 6, 5, 0, 0, 14]" classname="org.threeten.extra.chrono.TestSymmetry454Chronology" time="0"/>
  <testcase name="test_until_end[4: 2014, 5, 26, 2014, 6, 25, 0, 0, 34]" classname="org.threeten.extra.chrono.TestSymmetry454Chronology" time="0"/>
  <testcase name="test_until_end[5: 2014, 5, 26, 2014, 6, 26, 0, 1, 0]" classname="org.threeten.extra.chrono.TestSymmetry454Chronology" time="0"/>
  <testcase name="test_until_end[6: 2014, 5, 26, 2015, 5, 25, 0, 11, 27]" classname="org.threeten.extra.chrono.TestSymmetry454Chronology" time="0"/>
  <testcase name="test_until_end[7: 2014, 5, 26, 2015, 5, 26, 1, 0, 0]" classname="org.threeten.extra.chrono.TestSymmetry454Chronology" time="0"/>
  <testcase name="test_until_end[8: 2014, 5, 26, 2024, 5, 25, 9, 11, 27]" classname="org.threeten.extra.chrono.TestSymmetry454Chronology" time="0"/>
  <testcase name="test_with_TemporalField_unsupported" classname="org.threeten.extra.chrono.TestSymmetry454Chronology" time="0"/>
  <testcase name="test_Chronology_date_Temporal[0: Sym454 CE 1/01/01, 0001-01-01]" classname="org.threeten.extra.chrono.TestSymmetry454Chronology" time="0"/>
  <testcase name="test_Chronology_date_Temporal[1: Sym454 CE 272/02/30, 0272-02-27]" classname="org.threeten.extra.chrono.TestSymmetry454Chronology" time="0"/>
  <testcase name="test_Chronology_date_Temporal[2: Sym454 CE 272/02/27, 0272-02-24]" classname="org.threeten.extra.chrono.TestSymmetry454Chronology" time="0"/>
  <testcase name="test_Chronology_date_Temporal[3: Sym454 CE 742/03/25, 0742-04-02]" classname="org.threeten.extra.chrono.TestSymmetry454Chronology" time="0"/>
  <testcase name="test_Chronology_date_Temporal[4: Sym454 CE 742/04/02, 0742-04-07]" classname="org.threeten.extra.chrono.TestSymmetry454Chronology" time="0"/>
  <testcase name="test_Chronology_date_Temporal[5: Sym454 CE 1066/10/14, 1066-10-14]" classname="org.threeten.extra.chrono.TestSymmetry454Chronology" time="0"/>
  <testcase name="test_Chronology_date_Temporal[6: Sym454 CE 1304/07/21, 1304-07-20]" classname="org.threeten.extra.chrono.TestSymmetry454Chronology" time="0"/>
  <testcase name="test_Chronology_date_Temporal[7: Sym454 CE 1304/07/20, 1304-07-19]" classname="org.threeten.extra.chrono.TestSymmetry454Chronology" time="0"/>
  <testcase name="test_Chronology_date_Temporal[8: Sym454 CE 1433/11/14, 1433-11-10]" classname="org.threeten.extra.chrono.TestSymmetry454Chronology" time="0"/>
  <testcase name="test_Chronology_date_Temporal[9: Sym454 CE 1433/11/10, 1433-11-06]" classname="org.threeten.extra.chrono.TestSymmetry454Chronology" time="0"/>
  <testcase name="test_Chronology_date_Temporal[10: Sym454 CE 1452/04/11, 1452-04-15]" classname="org.threeten.extra.chrono.TestSymmetry454Chronology" time="0"/>
  <testcase name="test_Chronology_date_Temporal[11: Sym454 CE 1452/04/15, 1452-04-19]" classname="org.threeten.extra.chrono.TestSymmetry454Chronology" time="0"/>
  <testcase name="test_Chronology_date_Temporal[12: Sym454 CE 1492/10/10, 1492-10-12]" classname="org.threeten.extra.chrono.TestSymmetry454Chronology" time="0"/>
  <testcase name="test_Chronology_date_Temporal[13: Sym454 CE 1492/10/12, 1492-10-14]" classname="org.threeten.extra.chrono.TestSymmetry454Chronology" time="0"/>
  <testcase name="test_Chronology_date_Temporal[14: Sym454 CE 1564/02/20, 1564-02-15]" classname="org.threeten.extra.chrono.TestSymmetry454Chronology" time="0"/>
  <testcase name="test_Chronology_date_Temporal[15: Sym454 CE 1564/02/15, 1564-02-10]" classname="org.threeten.extra.chrono.TestSymmetry454Chronology" time="0"/>
  <testcase name="test_Chronology_date_Temporal[16: Sym454 CE 1564/04/28, 1564-04-26]" classname="org.threeten.extra.chrono.TestSymmetry454Chronology" time="0"/>
  <testcase name="test_Chronology_date_Temporal[17: Sym454 CE 1564/04/26, 1564-04-24]" classname="org.threeten.extra.chrono.TestSymmetry454Chronology" time="0"/>
  <testcase name="test_Chronology_date_Temporal[18: Sym454 CE 1643/01/07, 1643-01-04]" classname="org.threeten.extra.chrono.TestSymmetry454Chronology" time="0"/>
  <testcase name="test_Chronology_date_Temporal[19: Sym454 CE 1643/01/04, 1643-01-01]" classname="org.threeten.extra.chrono.TestSymmetry454Chronology" time="0"/>
  <testcase name="test_Chronology_date_Temporal[20: Sym454 CE 1707/04/12, 1707-04-15]" classname="org.threeten.extra.chrono.TestSymmetry454Chronology" time="0"/>
  <testcase name="test_Chronology_date_Temporal[21: Sym454 CE 1707/04/15, 1707-04-18]" classname="org.threeten.extra.chrono.TestSymmetry454Chronology" time="0"/>
  <testcase name="test_Chronology_date_Temporal[22: Sym454 CE 1789/07/16, 1789-07-14]" classname="org.threeten.extra.chrono.TestSymmetry454Chronology" time="0"/>
  <testcase name="test_Chronology_date_Temporal[23: Sym454 CE 1789/07/14, 1789-07-12]" classname="org.threeten.extra.chrono.TestSymmetry454Chronology" time="0"/>
  <testcase name="test_Chronology_date_Temporal[24: Sym454 CE 1879/03/12, 1879-03-14]" classname="org.threeten.extra.chrono.TestSymmetry454Chronology" time="0"/>
  <testcase name="test_Chronology_date_Temporal[25: Sym454 CE 1879/03/14, 1879-03-16]" classname="org.threeten.extra.chrono.TestSymmetry454Chronology" time="0"/>
  <testcase name="test_Chronology_date_Temporal[26: Sym454 CE 1941/09/09, 1941-09-09]" classname="org.threeten.extra.chrono.TestSymmetry454Chronology" time="0"/>
  <testcase name="test_Chronology_date_Temporal[27: Sym454 CE 1970/01/04, 1970-01-01]" classname="org.threeten.extra.chrono.TestSymmetry454Chronology" time="0"/>
  <testcase name="test_Chronology_date_Temporal[28: Sym454 CE 1970/01/01, 1969-12-29]" classname="org.threeten.extra.chrono.TestSymmetry454Chronology" time="0"/>
  <testcase name="test_Chronology_date_Temporal[29: Sym454 CE 1999/12/27, 2000-01-01]" classname="org.threeten.extra.chrono.TestSymmetry454Chronology" time="0"/>
  <testcase name="test_Chronology_date_Temporal[30: Sym454 CE 2000/01/01, 2000-01-03]" classname="org.threeten.extra.chrono.TestSymmetry454Chronology" time="0"/>
  <testcase name="test_with_TemporalField_badValue[0: 2013, 1, 1, AlignedDayOfWeekInMonth, -1]" classname="org.threeten.extra.chrono.TestSymmetry454Chronology" time="0"/>
  <testcase name="test_with_TemporalField_badValue[1: 2013, 1, 1, AlignedDayOfWeekInMonth, 8]" classname="org.threeten.extra.chrono.TestSymmetry454Chronology" time="0"/>
  <testcase name="test_with_TemporalField_badValue[2: 2013, 1, 1, AlignedDayOfWeekInYear, -1]" classname="org.threeten.extra.chrono.TestSymmetry454Chronology" time="0"/>
  <testcase name="test_with_TemporalField_badValue[3: 2013, 1, 1, AlignedDayOfWeekInYear, 8]" classname="org.threeten.extra.chrono.TestSymmetry454Chronology" time="0"/>
  <testcase name="test_with_TemporalField_badValue[4: 2013, 1, 1, AlignedWeekOfMonth, -1]" classname="org.threeten.extra.chrono.TestSymmetry454Chronology" time="0"/>
  <testcase name="test_with_TemporalField_badValue[5: 2013, 1, 1, AlignedWeekOfMonth, 5]" classname="org.threeten.extra.chrono.TestSymmetry454Chronology" time="0"/>
  <testcase name="test_with_TemporalField_badValue[6: 2013, 2, 1, AlignedWeekOfMonth, 6]" classname="org.threeten.extra.chrono.TestSymmetry454Chronology" time="0"/>
  <testcase name="test_with_TemporalField_badValue[7: 2013, 1, 1, AlignedWeekOfYear, -1]" classname="org.threeten.extra.chrono.TestSymmetry454Chronology" time="0"/>
  <testcase name="test_with_TemporalField_badValue[8: 2013, 1, 1, AlignedWeekOfYear, 53]" classname="org.threeten.extra.chrono.TestSymmetry454Chronology" time="0"/>
  <testcase name="test_with_TemporalField_badValue[9: 2015, 1, 1, AlignedWeekOfYear, 54]" classname="org.threeten.extra.chrono.TestSymmetry454Chronology" time="0"/>
  <testcase name="test_with_TemporalField_badValue[10: 2013, 1, 1, DayOfWeek, -1]" classname="org.threeten.extra.chrono.TestSymmetry454Chronology" time="0"/>
  <testcase name="test_with_TemporalField_badValue[11: 2013, 1, 1, DayOfWeek, 8]" classname="org.threeten.extra.chrono.TestSymmetry454Chronology" time="0"/>
  <testcase name="test_with_TemporalField_badValue[12: 2013, 1, 1, DayOfMonth, -1]" classname="org.threeten.extra.chrono.TestSymmetry454Chronology" time="0"/>
  <testcase name="test_with_TemporalField_badValue[13: 2013, 1, 1, DayOfMonth, 29]" classname="org.threeten.extra.chrono.TestSymmetry454Chronology" time="0"/>
  <testcase name="test_with_TemporalField_badValue[14: 2013, 6, 1, DayOfMonth, 29]" classname="org.threeten.extra.chrono.TestSymmetry454Chronology" time="0"/>
  <testcase name="test_with_TemporalField_badValue[15: 2013, 12, 1, DayOfMonth, 30]" classname="org.threeten.extra.chrono.TestSymmetry454Chronology" time="0.001"/>
  <testcase name="test_with_TemporalField_badValue[16: 2015, 12, 1, DayOfMonth, 36]" classname="org.threeten.extra.chrono.TestSymmetry454Chronology" time="0"/>
  <testcase name="test_with_TemporalField_badValue[17: 2013, 1, 1, DayOfYear, -1]" classname="org.threeten.extra.chrono.TestSymmetry454Chronology" time="0"/>
  <testcase name="test_with_TemporalField_badValue[18: 2013, 1, 1, DayOfYear, 365]" classname="org.threeten.extra.chrono.TestSymmetry454Chronology" time="0"/>
  <testcase name="test_with_TemporalField_badValue[19: 2015, 1, 1, DayOfYear, 372]" classname="org.threeten.extra.chrono.TestSymmetry454Chronology" time="0"/>
  <testcase name="test_with_TemporalField_badValue[20: 2013, 1, 1, MonthOfYear, -1]" classname="org.threeten.extra.chrono.TestSymmetry454Chronology" time="0"/>
  <testcase name="test_with_TemporalField_badValue[21: 2013, 1, 1, MonthOfYear, 14]" classname="org.threeten.extra.chrono.TestSymmetry454Chronology" time="0"/>
  <testcase name="test_with_TemporalField_badValue[22: 2013, 1, 1, MonthOfYear, -2]" classname="org.threeten.extra.chrono.TestSymmetry454Chronology" time="0"/>
  <testcase name="test_with_TemporalField_badValue[23: 2013, 1, 1, MonthOfYear, 14]" classname="org.threeten.extra.chrono.TestSymmetry454Chronology" time="0"/>
  <testcase name="test_with_TemporalField_badValue[24: 2013, 1, 1, EpochDay, -365961481]" classname="org.threeten.extra.chrono.TestSymmetry454Chronology" time="0"/>
  <testcase name="test_with_TemporalField_badValue[25: 2013, 1, 1, EpochDay, 364523156]" classname="org.threeten.extra.chrono.TestSymmetry454Chronology" time="0"/>
  <testcase name="test_with_TemporalField_badValue[26: 2013, 1, 1, Year, -1000001]" classname="org.threeten.extra.chrono.TestSymmetry454Chronology" time="0"/>
  <testcase name="test_with_TemporalField_badValue[27: 2013, 1, 1, Year, 1000001]" classname="org.threeten.extra.chrono.TestSymmetry454Chronology" time="0"/>
  <testcase name="test_badDates[0: -1, 13, 28]" classname="org.threeten.extra.chrono.TestSymmetry454Chronology" time="0"/>
  <testcase name="test_badDates[1: -1, 13, 29]" classname="org.threeten.extra.chrono.TestSymmetry454Chronology" time="0.001"/>
  <testcase name="test_badDates[2: 2000, -2, 1]" classname="org.threeten.extra.chrono.TestSymmetry454Chronology" time="0"/>
  <testcase name="test_badDates[3: 2000, 13, 1]" classname="org.threeten.extra.chrono.TestSymmetry454Chronology" time="0"/>
  <testcase name="test_badDates[4: 2000, 15, 1]" classname="org.threeten.extra.chrono.TestSymmetry454Chronology" time="0"/>
  <testcase name="test_badDates[5: 2000, 1, -1]" classname="org.threeten.extra.chrono.TestSymmetry454Chronology" time="0"/>
  <testcase name="test_badDates[6: 2000, 1, 0]" classname="org.threeten.extra.chrono.TestSymmetry454Chronology" time="0"/>
  <testcase name="test_badDates[7: 2000, 0, 1]" classname="org.threeten.extra.chrono.TestSymmetry454Chronology" time="0"/>
  <testcase name="test_badDates[8: 2000, -1, 0]" classname="org.threeten.extra.chrono.TestSymmetry454Chronology" time="0"/>
  <testcase name="test_badDates[9: 2000, -1, 1]" classname="org.threeten.extra.chrono.TestSymmetry454Chronology" time="0"/>
  <testcase name="test_badDates[10: 2000, 1, 29]" classname="org.threeten.extra.chrono.TestSymmetry454Chronology" time="0"/>
  <testcase name="test_badDates[11: 2000, 2, 36]" classname="org.threeten.extra.chrono.TestSymmetry454Chronology" time="0"/>
  <testcase name="test_badDates[12: 2000, 3, 29]" classname="org.threeten.extra.chrono.TestSymmetry454Chronology" time="0"/>
  <testcase name="test_badDates[13: 2000, 4, 29]" classname="org.threeten.extra.chrono.TestSymmetry454Chronology" time="0"/>
  <testcase name="test_badDates[14: 2000, 5, 36]" classname="org.threeten.extra.chrono.TestSymmetry454Chronology" time="0"/>
  <testcase name="test_badDates[15: 2000, 6, 29]" classname="org.threeten.extra.chrono.TestSymmetry454Chronology" time="0"/>
  <testcase name="test_badDates[16: 2000, 7, 29]" classname="org.threeten.extra.chrono.TestSymmetry454Chronology" time="0"/>
  <testcase name="test_badDates[17: 2000, 8, 36]" classname="org.threeten.extra.chrono.TestSymmetry454Chronology" time="0"/>
  <testcase name="test_badDates[18: 2000, 9, 29]" classname="org.threeten.extra.chrono.TestSymmetry454Chronology" time="0"/>
  <testcase name="test_badDates[19: 2000, 10, 29]" classname="org.threeten.extra.chrono.TestSymmetry454Chronology" time="0"/>
  <testcase name="test_badDates[20: 2000, 11, 36]" classname="org.threeten.extra.chrono.TestSymmetry454Chronology" time="0"/>
  <testcase name="test_badDates[21: 2000, 12, 29]" classname="org.threeten.extra.chrono.TestSymmetry454Chronology" time="0"/>
  <testcase name="test_badDates[22: 2004, 12, 36]" classname="org.threeten.extra.chrono.TestSymmetry454Chronology" time="0"/>
  <testcase name="test_getLong_unsupported" classname="org.threeten.extra.chrono.TestSymmetry454Chronology" time="0"/>
  <testcase name="test_plusDays[0: Sym454 CE 1/01/01, 0001-01-01]" classname="org.threeten.extra.chrono.TestSymmetry454Chronology" time="0"/>
  <testcase name="test_plusDays[1: Sym454 CE 272/02/30, 0272-02-27]" classname="org.threeten.extra.chrono.TestSymmetry454Chronology" time="0"/>
  <testcase name="test_plusDays[2: Sym454 CE 272/02/27, 0272-02-24]" classname="org.threeten.extra.chrono.TestSymmetry454Chronology" time="0"/>
  <testcase name="test_plusDays[3: Sym454 CE 742/03/25, 0742-04-02]" classname="org.threeten.extra.chrono.TestSymmetry454Chronology" time="0"/>
  <testcase name="test_plusDays[4: Sym454 CE 742/04/02, 0742-04-07]" classname="org.threeten.extra.chrono.TestSymmetry454Chronology" time="0"/>
  <testcase name="test_plusDays[5: Sym454 CE 1066/10/14, 1066-10-14]" classname="org.threeten.extra.chrono.TestSymmetry454Chronology" time="0"/>
  <testcase name="test_plusDays[6: Sym454 CE 1304/07/21, 1304-07-20]" classname="org.threeten.extra.chrono.TestSymmetry454Chronology" time="0"/>
  <testcase name="test_plusDays[7: Sym454 CE 1304/07/20, 1304-07-19]" classname="org.threeten.extra.chrono.TestSymmetry454Chronology" time="0"/>
  <testcase name="test_plusDays[8: Sym454 CE 1433/11/14, 1433-11-10]" classname="org.threeten.extra.chrono.TestSymmetry454Chronology" time="0"/>
  <testcase name="test_plusDays[9: Sym454 CE 1433/11/10, 1433-11-06]" classname="org.threeten.extra.chrono.TestSymmetry454Chronology" time="0"/>
  <testcase name="test_plusDays[10: Sym454 CE 1452/04/11, 1452-04-15]" classname="org.threeten.extra.chrono.TestSymmetry454Chronology" time="0"/>
  <testcase name="test_plusDays[11: Sym454 CE 1452/04/15, 1452-04-19]" classname="org.threeten.extra.chrono.TestSymmetry454Chronology" time="0"/>
  <testcase name="test_plusDays[12: Sym454 CE 1492/10/10, 1492-10-12]" classname="org.threeten.extra.chrono.TestSymmetry454Chronology" time="0"/>
  <testcase name="test_plusDays[13: Sym454 CE 1492/10/12, 1492-10-14]" classname="org.threeten.extra.chrono.TestSymmetry454Chronology" time="0"/>
  <testcase name="test_plusDays[14: Sym454 CE 1564/02/20, 1564-02-15]" classname="org.threeten.extra.chrono.TestSymmetry454Chronology" time="0"/>
  <testcase name="test_plusDays[15: Sym454 CE 1564/02/15, 1564-02-10]" classname="org.threeten.extra.chrono.TestSymmetry454Chronology" time="0"/>
  <testcase name="test_plusDays[16: Sym454 CE 1564/04/28, 1564-04-26]" classname="org.threeten.extra.chrono.TestSymmetry454Chronology" time="0"/>
  <testcase name="test_plusDays[17: Sym454 CE 1564/04/26, 1564-04-24]" classname="org.threeten.extra.chrono.TestSymmetry454Chronology" time="0.001"/>
  <testcase name="test_plusDays[18: Sym454 CE 1643/01/07, 1643-01-04]" classname="org.threeten.extra.chrono.TestSymmetry454Chronology" time="0"/>
  <testcase name="test_plusDays[19: Sym454 CE 1643/01/04, 1643-01-01]" classname="org.threeten.extra.chrono.TestSymmetry454Chronology" time="0"/>
  <testcase name="test_plusDays[20: Sym454 CE 1707/04/12, 1707-04-15]" classname="org.threeten.extra.chrono.TestSymmetry454Chronology" time="0"/>
  <testcase name="test_plusDays[21: Sym454 CE 1707/04/15, 1707-04-18]" classname="org.threeten.extra.chrono.TestSymmetry454Chronology" time="0"/>
  <testcase name="test_plusDays[22: Sym454 CE 1789/07/16, 1789-07-14]" classname="org.threeten.extra.chrono.TestSymmetry454Chronology" time="0"/>
  <testcase name="test_plusDays[23: Sym454 CE 1789/07/14, 1789-07-12]" classname="org.threeten.extra.chrono.TestSymmetry454Chronology" time="0"/>
  <testcase name="test_plusDays[24: Sym454 CE 1879/03/12, 1879-03-14]" classname="org.threeten.extra.chrono.TestSymmetry454Chronology" time="0"/>
  <testcase name="test_plusDays[25: Sym454 CE 1879/03/14, 1879-03-16]" classname="org.threeten.extra.chrono.TestSymmetry454Chronology" time="0"/>
  <testcase name="test_plusDays[26: Sym454 CE 1941/09/09, 1941-09-09]" classname="org.threeten.extra.chrono.TestSymmetry454Chronology" time="0"/>
  <testcase name="test_plusDays[27: Sym454 CE 1970/01/04, 1970-01-01]" classname="org.threeten.extra.chrono.TestSymmetry454Chronology" time="0"/>
  <testcase name="test_plusDays[28: Sym454 CE 1970/01/01, 1969-12-29]" classname="org.threeten.extra.chrono.TestSymmetry454Chronology" time="0"/>
  <testcase name="test_plusDays[29: Sym454 CE 1999/12/27, 2000-01-01]" classname="org.threeten.extra.chrono.TestSymmetry454Chronology" time="0"/>
  <testcase name="test_plusDays[30: Sym454 CE 2000/01/01, 2000-01-03]" classname="org.threeten.extra.chrono.TestSymmetry454Chronology" time="0"/>
  <testcase name="test_minusDays[0: Sym454 CE 1/01/01, 0001-01-01]" classname="org.threeten.extra.chrono.TestSymmetry454Chronology" time="0"/>
  <testcase name="test_minusDays[1: Sym454 CE 272/02/30, 0272-02-27]" classname="org.threeten.extra.chrono.TestSymmetry454Chronology" time="0"/>
  <testcase name="test_minusDays[2: Sym454 CE 272/02/27, 0272-02-24]" classname="org.threeten.extra.chrono.TestSymmetry454Chronology" time="0"/>
  <testcase name="test_minusDays[3: Sym454 CE 742/03/25, 0742-04-02]" classname="org.threeten.extra.chrono.TestSymmetry454Chronology" time="0"/>
  <testcase name="test_minusDays[4: Sym454 CE 742/04/02, 0742-04-07]" classname="org.threeten.extra.chrono.TestSymmetry454Chronology" time="0"/>
  <testcase name="test_minusDays[5: Sym454 CE 1066/10/14, 1066-10-14]" classname="org.threeten.extra.chrono.TestSymmetry454Chronology" time="0"/>
  <testcase name="test_minusDays[6: Sym454 CE 1304/07/21, 1304-07-20]" classname="org.threeten.extra.chrono.TestSymmetry454Chronology" time="0"/>
  <testcase name="test_minusDays[7: Sym454 CE 1304/07/20, 1304-07-19]" classname="org.threeten.extra.chrono.TestSymmetry454Chronology" time="0"/>
  <testcase name="test_minusDays[8: Sym454 CE 1433/11/14, 1433-11-10]" classname="org.threeten.extra.chrono.TestSymmetry454Chronology" time="0"/>
  <testcase name="test_minusDays[9: Sym454 CE 1433/11/10, 1433-11-06]" classname="org.threeten.extra.chrono.TestSymmetry454Chronology" time="0"/>
  <testcase name="test_minusDays[10: Sym454 CE 1452/04/11, 1452-04-15]" classname="org.threeten.extra.chrono.TestSymmetry454Chronology" time="0"/>
  <testcase name="test_minusDays[11: Sym454 CE 1452/04/15, 1452-04-19]" classname="org.threeten.extra.chrono.TestSymmetry454Chronology" time="0.001"/>
  <testcase name="test_minusDays[12: Sym454 CE 1492/10/10, 1492-10-12]" classname="org.threeten.extra.chrono.TestSymmetry454Chronology" time="0"/>
  <testcase name="test_minusDays[13: Sym454 CE 1492/10/12, 1492-10-14]" classname="org.threeten.extra.chrono.TestSymmetry454Chronology" time="0"/>
  <testcase name="test_minusDays[14: Sym454 CE 1564/02/20, 1564-02-15]" classname="org.threeten.extra.chrono.TestSymmetry454Chronology" time="0"/>
  <testcase name="test_minusDays[15: Sym454 CE 1564/02/15, 1564-02-10]" classname="org.threeten.extra.chrono.TestSymmetry454Chronology" time="0"/>
  <testcase name="test_minusDays[16: Sym454 CE 1564/04/28, 1564-04-26]" classname="org.threeten.extra.chrono.TestSymmetry454Chronology" time="0"/>
  <testcase name="test_minusDays[17: Sym454 CE 1564/04/26, 1564-04-24]" classname="org.threeten.extra.chrono.TestSymmetry454Chronology" time="0"/>
  <testcase name="test_minusDays[18: Sym454 CE 1643/01/07, 1643-01-04]" classname="org.threeten.extra.chrono.TestSymmetry454Chronology" time="0"/>
  <testcase name="test_minusDays[19: Sym454 CE 1643/01/04, 1643-01-01]" classname="org.threeten.extra.chrono.TestSymmetry454Chronology" time="0"/>
  <testcase name="test_minusDays[20: Sym454 CE 1707/04/12, 1707-04-15]" classname="org.threeten.extra.chrono.TestSymmetry454Chronology" time="0"/>
  <testcase name="test_minusDays[21: Sym454 CE 1707/04/15, 1707-04-18]" classname="org.threeten.extra.chrono.TestSymmetry454Chronology" time="0"/>
  <testcase name="test_minusDays[22: Sym454 CE 1789/07/16, 1789-07-14]" classname="org.threeten.extra.chrono.TestSymmetry454Chronology" time="0"/>
  <testcase name="test_minusDays[23: Sym454 CE 1789/07/14, 1789-07-12]" classname="org.threeten.extra.chrono.TestSymmetry454Chronology" time="0"/>
  <testcase name="test_minusDays[24: Sym454 CE 1879/03/12, 1879-03-14]" classname="org.threeten.extra.chrono.TestSymmetry454Chronology" time="0"/>
  <testcase name="test_minusDays[25: Sym454 CE 1879/03/14, 1879-03-16]" classname="org.threeten.extra.chrono.TestSymmetry454Chronology" time="0"/>
  <testcase name="test_minusDays[26: Sym454 CE 1941/09/09, 1941-09-09]" classname="org.threeten.extra.chrono.TestSymmetry454Chronology" time="0"/>
  <testcase name="test_minusDays[27: Sym454 CE 1970/01/04, 1970-01-01]" classname="org.threeten.extra.chrono.TestSymmetry454Chronology" time="0"/>
  <testcase name="test_minusDays[28: Sym454 CE 1970/01/01, 1969-12-29]" classname="org.threeten.extra.chrono.TestSymmetry454Chronology" time="0"/>
  <testcase name="test_minusDays[29: Sym454 CE 1999/12/27, 2000-01-01]" classname="org.threeten.extra.chrono.TestSymmetry454Chronology" time="0.001"/>
  <testcase name="test_minusDays[30: Sym454 CE 2000/01/01, 2000-01-03]" classname="org.threeten.extra.chrono.TestSymmetry454Chronology" time="0"/>
  <testcase name="test_toString[0: Sym454 CE 1/01/01, Sym454 CE 1/01/01]" classname="org.threeten.extra.chrono.TestSymmetry454Chronology" time="0"/>
  <testcase name="test_toString[1: Sym454 CE 1970/02/35, Sym454 CE 1970/02/35]" classname="org.threeten.extra.chrono.TestSymmetry454Chronology" time="0"/>
  <testcase name="test_toString[2: Sym454 CE 2000/08/35, Sym454 CE 2000/08/35]" classname="org.threeten.extra.chrono.TestSymmetry454Chronology" time="0"/>
  <testcase name="test_toString[3: Sym454 CE 1970/12/35, Sym454 CE 1970/12/35]" classname="org.threeten.extra.chrono.TestSymmetry454Chronology" time="0"/>
  <testcase name="test_LocalDate_until_Symmetry454Date[0: Sym454 CE 1/01/01, 0001-01-01]" classname="org.threeten.extra.chrono.TestSymmetry454Chronology" time="0"/>
  <testcase name="test_LocalDate_until_Symmetry454Date[1: Sym454 CE 272/02/30, 0272-02-27]" classname="org.threeten.extra.chrono.TestSymmetry454Chronology" time="0"/>
  <testcase name="test_LocalDate_until_Symmetry454Date[2: Sym454 CE 272/02/27, 0272-02-24]" classname="org.threeten.extra.chrono.TestSymmetry454Chronology" time="0"/>
  <testcase name="test_LocalDate_until_Symmetry454Date[3: Sym454 CE 742/03/25, 0742-04-02]" classname="org.threeten.extra.chrono.TestSymmetry454Chronology" time="0"/>
  <testcase name="test_LocalDate_until_Symmetry454Date[4: Sym454 CE 742/04/02, 0742-04-07]" classname="org.threeten.extra.chrono.TestSymmetry454Chronology" time="0"/>
  <testcase name="test_LocalDate_until_Symmetry454Date[5: Sym454 CE 1066/10/14, 1066-10-14]" classname="org.threeten.extra.chrono.TestSymmetry454Chronology" time="0"/>
  <testcase name="test_LocalDate_until_Symmetry454Date[6: Sym454 CE 1304/07/21, 1304-07-20]" classname="org.threeten.extra.chrono.TestSymmetry454Chronology" time="0"/>
  <testcase name="test_LocalDate_until_Symmetry454Date[7: Sym454 CE 1304/07/20, 1304-07-19]" classname="org.threeten.extra.chrono.TestSymmetry454Chronology" time="0"/>
  <testcase name="test_LocalDate_until_Symmetry454Date[8: Sym454 CE 1433/11/14, 1433-11-10]" classname="org.threeten.extra.chrono.TestSymmetry454Chronology" time="0"/>
  <testcase name="test_LocalDate_until_Symmetry454Date[9: Sym454 CE 1433/11/10, 1433-11-06]" classname="org.threeten.extra.chrono.TestSymmetry454Chronology" time="0"/>
  <testcase name="test_LocalDate_until_Symmetry454Date[10: Sym454 CE 1452/04/11, 1452-04-15]" classname="org.threeten.extra.chrono.TestSymmetry454Chronology" time="0"/>
  <testcase name="test_LocalDate_until_Symmetry454Date[11: Sym454 CE 1452/04/15, 1452-04-19]" classname="org.threeten.extra.chrono.TestSymmetry454Chronology" time="0"/>
  <testcase name="test_LocalDate_until_Symmetry454Date[12: Sym454 CE 1492/10/10, 1492-10-12]" classname="org.threeten.extra.chrono.TestSymmetry454Chronology" time="0"/>
  <testcase name="test_LocalDate_until_Symmetry454Date[13: Sym454 CE 1492/10/12, 1492-10-14]" classname="org.threeten.extra.chrono.TestSymmetry454Chronology" time="0"/>
  <testcase name="test_LocalDate_until_Symmetry454Date[14: Sym454 CE 1564/02/20, 1564-02-15]" classname="org.threeten.extra.chrono.TestSymmetry454Chronology" time="0"/>
  <testcase name="test_LocalDate_until_Symmetry454Date[15: Sym454 CE 1564/02/15, 1564-02-10]" classname="org.threeten.extra.chrono.TestSymmetry454Chronology" time="0"/>
  <testcase name="test_LocalDate_until_Symmetry454Date[16: Sym454 CE 1564/04/28, 1564-04-26]" classname="org.threeten.extra.chrono.TestSymmetry454Chronology" time="0"/>
  <testcase name="test_LocalDate_until_Symmetry454Date[17: Sym454 CE 1564/04/26, 1564-04-24]" classname="org.threeten.extra.chrono.TestSymmetry454Chronology" time="0"/>
  <testcase name="test_LocalDate_until_Symmetry454Date[18: Sym454 CE 1643/01/07, 1643-01-04]" classname="org.threeten.extra.chrono.TestSymmetry454Chronology" time="0"/>
  <testcase name="test_LocalDate_until_Symmetry454Date[19: Sym454 CE 1643/01/04, 1643-01-01]" classname="org.threeten.extra.chrono.TestSymmetry454Chronology" time="0"/>
  <testcase name="test_LocalDate_until_Symmetry454Date[20: Sym454 CE 1707/04/12, 1707-04-15]" classname="org.threeten.extra.chrono.TestSymmetry454Chronology" time="0"/>
  <testcase name="test_LocalDate_until_Symmetry454Date[21: Sym454 CE 1707/04/15, 1707-04-18]" classname="org.threeten.extra.chrono.TestSymmetry454Chronology" time="0"/>
  <testcase name="test_LocalDate_until_Symmetry454Date[22: Sym454 CE 1789/07/16, 1789-07-14]" classname="org.threeten.extra.chrono.TestSymmetry454Chronology" time="0"/>
  <testcase name="test_LocalDate_until_Symmetry454Date[23: Sym454 CE 1789/07/14, 1789-07-12]" classname="org.threeten.extra.chrono.TestSymmetry454Chronology" time="0"/>
  <testcase name="test_LocalDate_until_Symmetry454Date[24: Sym454 CE 1879/03/12, 1879-03-14]" classname="org.threeten.extra.chrono.TestSymmetry454Chronology" time="0"/>
  <testcase name="test_LocalDate_until_Symmetry454Date[25: Sym454 CE 1879/03/14, 1879-03-16]" classname="org.threeten.extra.chrono.TestSymmetry454Chronology" time="0"/>
  <testcase name="test_LocalDate_until_Symmetry454Date[26: Sym454 CE 1941/09/09, 1941-09-09]" classname="org.threeten.extra.chrono.TestSymmetry454Chronology" time="0"/>
  <testcase name="test_LocalDate_until_Symmetry454Date[27: Sym454 CE 1970/01/04, 1970-01-01]" classname="org.threeten.extra.chrono.TestSymmetry454Chronology" time="0"/>
  <testcase name="test_LocalDate_until_Symmetry454Date[28: Sym454 CE 1970/01/01, 1969-12-29]" classname="org.threeten.extra.chrono.TestSymmetry454Chronology" time="0"/>
  <testcase name="test_LocalDate_until_Symmetry454Date[29: Sym454 CE 1999/12/27, 2000-01-01]" classname="org.threeten.extra.chrono.TestSymmetry454Chronology" time="0"/>
  <testcase name="test_LocalDate_until_Symmetry454Date[30: Sym454 CE 2000/01/01, 2000-01-03]" classname="org.threeten.extra.chrono.TestSymmetry454Chronology" time="0"/>
  <testcase name="test_Symmetry454Date_until_Symmetry454Date[0: Sym454 CE 1/01/01, 0001-01-01]" classname="org.threeten.extra.chrono.TestSymmetry454Chronology" time="0"/>
  <testcase name="test_Symmetry454Date_until_Symmetry454Date[1: Sym454 CE 272/02/30, 0272-02-27]" classname="org.threeten.extra.chrono.TestSymmetry454Chronology" time="0"/>
  <testcase name="test_Symmetry454Date_until_Symmetry454Date[2: Sym454 CE 272/02/27, 0272-02-24]" classname="org.threeten.extra.chrono.TestSymmetry454Chronology" time="0"/>
  <testcase name="test_Symmetry454Date_until_Symmetry454Date[3: Sym454 CE 742/03/25, 0742-04-02]" classname="org.threeten.extra.chrono.TestSymmetry454Chronology" time="0"/>
  <testcase name="test_Symmetry454Date_until_Symmetry454Date[4: Sym454 CE 742/04/02, 0742-04-07]" classname="org.threeten.extra.chrono.TestSymmetry454Chronology" time="0"/>
  <testcase name="test_Symmetry454Date_until_Symmetry454Date[5: Sym454 CE 1066/10/14, 1066-10-14]" classname="org.threeten.extra.chrono.TestSymmetry454Chronology" time="0"/>
  <testcase name="test_Symmetry454Date_until_Symmetry454Date[6: Sym454 CE 1304/07/21, 1304-07-20]" classname="org.threeten.extra.chrono.TestSymmetry454Chronology" time="0"/>
  <testcase name="test_Symmetry454Date_until_Symmetry454Date[7: Sym454 CE 1304/07/20, 1304-07-19]" classname="org.threeten.extra.chrono.TestSymmetry454Chronology" time="0"/>
  <testcase name="test_Symmetry454Date_until_Symmetry454Date[8: Sym454 CE 1433/11/14, 1433-11-10]" classname="org.threeten.extra.chrono.TestSymmetry454Chronology" time="0"/>
  <testcase name="test_Symmetry454Date_until_Symmetry454Date[9: Sym454 CE 1433/11/10, 1433-11-06]" classname="org.threeten.extra.chrono.TestSymmetry454Chronology" time="0"/>
  <testcase name="test_Symmetry454Date_until_Symmetry454Date[10: Sym454 CE 1452/04/11, 1452-04-15]" classname="org.threeten.extra.chrono.TestSymmetry454Chronology" time="0"/>
  <testcase name="test_Symmetry454Date_until_Symmetry454Date[11: Sym454 CE 1452/04/15, 1452-04-19]" classname="org.threeten.extra.chrono.TestSymmetry454Chronology" time="0"/>
  <testcase name="test_Symmetry454Date_until_Symmetry454Date[12: Sym454 CE 1492/10/10, 1492-10-12]" classname="org.threeten.extra.chrono.TestSymmetry454Chronology" time="0"/>
  <testcase name="test_Symmetry454Date_until_Symmetry454Date[13: Sym454 CE 1492/10/12, 1492-10-14]" classname="org.threeten.extra.chrono.TestSymmetry454Chronology" time="0"/>
  <testcase name="test_Symmetry454Date_until_Symmetry454Date[14: Sym454 CE 1564/02/20, 1564-02-15]" classname="org.threeten.extra.chrono.TestSymmetry454Chronology" time="0"/>
  <testcase name="test_Symmetry454Date_until_Symmetry454Date[15: Sym454 CE 1564/02/15, 1564-02-10]" classname="org.threeten.extra.chrono.TestSymmetry454Chronology" time="0"/>
  <testcase name="test_Symmetry454Date_until_Symmetry454Date[16: Sym454 CE 1564/04/28, 1564-04-26]" classname="org.threeten.extra.chrono.TestSymmetry454Chronology" time="0"/>
  <testcase name="test_Symmetry454Date_until_Symmetry454Date[17: Sym454 CE 1564/04/26, 1564-04-24]" classname="org.threeten.extra.chrono.TestSymmetry454Chronology" time="0"/>
  <testcase name="test_Symmetry454Date_until_Symmetry454Date[18: Sym454 CE 1643/01/07, 1643-01-04]" classname="org.threeten.extra.chrono.TestSymmetry454Chronology" time="0"/>
  <testcase name="test_Symmetry454Date_until_Symmetry454Date[19: Sym454 CE 1643/01/04, 1643-01-01]" classname="org.threeten.extra.chrono.TestSymmetry454Chronology" time="0"/>
  <testcase name="test_Symmetry454Date_until_Symmetry454Date[20: Sym454 CE 1707/04/12, 1707-04-15]" classname="org.threeten.extra.chrono.TestSymmetry454Chronology" time="0"/>
  <testcase name="test_Symmetry454Date_until_Symmetry454Date[21: Sym454 CE 1707/04/15, 1707-04-18]" classname="org.threeten.extra.chrono.TestSymmetry454Chronology" time="0"/>
  <testcase name="test_Symmetry454Date_until_Symmetry454Date[22: Sym454 CE 1789/07/16, 1789-07-14]" classname="org.threeten.extra.chrono.TestSymmetry454Chronology" time="0"/>
  <testcase name="test_Symmetry454Date_until_Symmetry454Date[23: Sym454 CE 1789/07/14, 1789-07-12]" classname="org.threeten.extra.chrono.TestSymmetry454Chronology" time="0"/>
  <testcase name="test_Symmetry454Date_until_Symmetry454Date[24: Sym454 CE 1879/03/12, 1879-03-14]" classname="org.threeten.extra.chrono.TestSymmetry454Chronology" time="0"/>
  <testcase name="test_Symmetry454Date_until_Symmetry454Date[25: Sym454 CE 1879/03/14, 1879-03-16]" classname="org.threeten.extra.chrono.TestSymmetry454Chronology" time="0"/>
  <testcase name="test_Symmetry454Date_until_Symmetry454Date[26: Sym454 CE 1941/09/09, 1941-09-09]" classname="org.threeten.extra.chrono.TestSymmetry454Chronology" time="0"/>
  <testcase name="test_Symmetry454Date_until_Symmetry454Date[27: Sym454 CE 1970/01/04, 1970-01-01]" classname="org.threeten.extra.chrono.TestSymmetry454Chronology" time="0"/>
  <testcase name="test_Symmetry454Date_until_Symmetry454Date[28: Sym454 CE 1970/01/01, 1969-12-29]" classname="org.threeten.extra.chrono.TestSymmetry454Chronology" time="0"/>
  <testcase name="test_Symmetry454Date_until_Symmetry454Date[29: Sym454 CE 1999/12/27, 2000-01-01]" classname="org.threeten.extra.chrono.TestSymmetry454Chronology" time="0"/>
  <testcase name="test_Symmetry454Date_until_Symmetry454Date[30: Sym454 CE 2000/01/01, 2000-01-03]" classname="org.threeten.extra.chrono.TestSymmetry454Chronology" time="0"/>
  <testcase name="test_plus_TemporalUnit_unsupported" classname="org.threeten.extra.chrono.TestSymmetry454Chronology" time="0"/>
  <testcase name="test_chronology" classname="org.threeten.extra.chrono.TestSymmetry454Chronology" time="0.009"/>
  <testcase name="test_prolepticYear_specific" classname="org.threeten.extra.chrono.TestSymmetry454Chronology" time="0"/>
  <testcase name="test_until_TemporalUnit[0: 2014, 5, 26, 2014, 5, 26, Days, 0]" classname="org.threeten.extra.chrono.TestSymmetry454Chronology" time="0"/>
  <testcase name="test_until_TemporalUnit[1: 2014, 5, 26, 2014, 6, 4, Days, 13]" classname="org.threeten.extra.chrono.TestSymmetry454Chronology" time="0"/>
  <testcase name="test_until_TemporalUnit[2: 2014, 5, 26, 2014, 5, 20, Days, -6]" classname="org.threeten.extra.chrono.TestSymmetry454Chronology" time="0"/>
  <testcase name="test_until_TemporalUnit[3: 2014, 5, 26, 2014, 5, 26, Weeks, 0]" classname="org.threeten.extra.chrono.TestSymmetry454Chronology" time="0"/>
  <testcase name="test_until_TemporalUnit[4: 2014, 5, 26, 2014, 6, 4, Weeks, 0]" classname="org.threeten.extra.chrono.TestSymmetry454Chronology" time="0"/>
  <testcase name="test_until_TemporalUnit[5: 2014, 5, 26, 2014, 6, 5, Weeks, 1]" classname="org.threeten.extra.chrono.TestSymmetry454Chronology" time="0"/>
  <testcase name="test_until_TemporalUnit[6: 2014, 5, 26, 2014, 5, 26, Months, 0]" classname="org.threeten.extra.chrono.TestSymmetry454Chronology" time="0"/>
  <testcase name="test_until_TemporalUnit[7: 2014, 5, 26, 2014, 6, 25, Months, 0]" classname="org.threeten.extra.chrono.TestSymmetry454Chronology" time="0"/>
  <testcase name="test_until_TemporalUnit[8: 2014, 5, 26, 2014, 6, 26, Months, 1]" classname="org.threeten.extra.chrono.TestSymmetry454Chronology" time="0"/>
  <testcase name="test_until_TemporalUnit[9: 2014, 5, 26, 2014, 5, 26, Years, 0]" classname="org.threeten.extra.chrono.TestSymmetry454Chronology" time="0"/>
  <testcase name="test_until_TemporalUnit[10: 2014, 5, 26, 2015, 5, 25, Years, 0]" classname="org.threeten.extra.chrono.TestSymmetry454Chronology" time="0"/>
  <testcase name="test_until_TemporalUnit[11: 2014, 5, 26, 2015, 5, 26, Years, 1]" classname="org.threeten.extra.chrono.TestSymmetry454Chronology" time="0"/>
  <testcase name="test_until_TemporalUnit[12: 2014, 5, 26, 2014, 5, 26, Decades, 0]" classname="org.threeten.extra.chrono.TestSymmetry454Chronology" time="0"/>
  <testcase name="test_until_TemporalUnit[13: 2014, 5, 26, 2024, 5, 25, Decades, 0]" classname="org.threeten.extra.chrono.TestSymmetry454Chronology" time="0"/>
  <testcase name="test_until_TemporalUnit[14: 2014, 5, 26, 2024, 5, 26, Decades, 1]" classname="org.threeten.extra.chrono.TestSymmetry454Chronology" time="0"/>
  <testcase name="test_until_TemporalUnit[15: 2014, 5, 26, 2014, 5, 26, Centuries, 0]" classname="org.threeten.extra.chrono.TestSymmetry454Chronology" time="0"/>
  <testcase name="test_until_TemporalUnit[16: 2014, 5, 26, 2114, 5, 25, Centuries, 0]" classname="org.threeten.extra.chrono.TestSymmetry454Chronology" time="0"/>
  <testcase name="test_until_TemporalUnit[17: 2014, 5, 26, 2114, 5, 26, Centuries, 1]" classname="org.threeten.extra.chrono.TestSymmetry454Chronology" time="0"/>
  <testcase name="test_until_TemporalUnit[18: 2014, 5, 26, 2014, 5, 26, Millennia, 0]" classname="org.threeten.extra.chrono.TestSymmetry454Chronology" time="0"/>
  <testcase name="test_until_TemporalUnit[19: 2014, 5, 26, 3014, 5, 25, Millennia, 0]" classname="org.threeten.extra.chrono.TestSymmetry454Chronology" time="0"/>
  <testcase name="test_until_TemporalUnit[20: 2014, 5, 26, 3014, 5, 26, Millennia, 1]" classname="org.threeten.extra.chrono.TestSymmetry454Chronology" time="0"/>
  <testcase name="test_until_TemporalUnit[21: 2014, 5, 26, 3014, 5, 26, Eras, 0]" classname="org.threeten.extra.chrono.TestSymmetry454Chronology" time="0"/>
  <testcase name="test_temporalAdjusters_LastDayOfMonth[0: 2012, 1, 23, 2012, 1, 28]" classname="org.threeten.extra.chrono.TestSymmetry454Chronology" time="0.001"/>
  <testcase name="test_temporalAdjusters_LastDayOfMonth[1: 2012, 2, 23, 2012, 2, 35]" classname="org.threeten.extra.chrono.TestSymmetry454Chronology" time="0"/>
  <testcase name="test_temporalAdjusters_LastDayOfMonth[2: 2012, 3, 23, 2012, 3, 28]" classname="org.threeten.extra.chrono.TestSymmetry454Chronology" time="0"/>
  <testcase name="test_temporalAdjusters_LastDayOfMonth[3: 2012, 4, 23, 2012, 4, 28]" classname="org.threeten.extra.chrono.TestSymmetry454Chronology" time="0"/>
  <testcase name="test_temporalAdjusters_LastDayOfMonth[4: 2012, 5, 23, 2012, 5, 35]" classname="org.threeten.extra.chrono.TestSymmetry454Chronology" time="0"/>
  <testcase name="test_temporalAdjusters_LastDayOfMonth[5: 2012, 6, 23, 2012, 6, 28]" classname="org.threeten.extra.chrono.TestSymmetry454Chronology" time="0"/>
  <testcase name="test_temporalAdjusters_LastDayOfMonth[6: 2012, 7, 23, 2012, 7, 28]" classname="org.threeten.extra.chrono.TestSymmetry454Chronology" time="0"/>
  <testcase name="test_temporalAdjusters_LastDayOfMonth[7: 2012, 8, 23, 2012, 8, 35]" classname="org.threeten.extra.chrono.TestSymmetry454Chronology" time="0"/>
  <testcase name="test_temporalAdjusters_LastDayOfMonth[8: 2012, 9, 23, 2012, 9, 28]" classname="org.threeten.extra.chrono.TestSymmetry454Chronology" time="0"/>
  <testcase name="test_temporalAdjusters_LastDayOfMonth[9: 2012, 10, 23, 2012, 10, 28]" classname="org.threeten.extra.chrono.TestSymmetry454Chronology" time="0"/>
  <testcase name="test_temporalAdjusters_LastDayOfMonth[10: 2012, 11, 23, 2012, 11, 35]" classname="org.threeten.extra.chrono.TestSymmetry454Chronology" time="0"/>
  <testcase name="test_temporalAdjusters_LastDayOfMonth[11: 2012, 12, 23, 2012, 12, 28]" classname="org.threeten.extra.chrono.TestSymmetry454Chronology" time="0"/>
  <testcase name="test_temporalAdjusters_LastDayOfMonth[12: 2009, 12, 23, 2009, 12, 35]" classname="org.threeten.extra.chrono.TestSymmetry454Chronology" time="0"/>
  <testcase name="test_Symmetry454Date_until_LocalDate[0: Sym454 CE 1/01/01, 0001-01-01]" classname="org.threeten.extra.chrono.TestSymmetry454Chronology" time="0"/>
  <testcase name="test_Symmetry454Date_until_LocalDate[1: Sym454 CE 272/02/30, 0272-02-27]" classname="org.threeten.extra.chrono.TestSymmetry454Chronology" time="0"/>
  <testcase name="test_Symmetry454Date_until_LocalDate[2: Sym454 CE 272/02/27, 0272-02-24]" classname="org.threeten.extra.chrono.TestSymmetry454Chronology" time="0"/>
  <testcase name="test_Symmetry454Date_until_LocalDate[3: Sym454 CE 742/03/25, 0742-04-02]" classname="org.threeten.extra.chrono.TestSymmetry454Chronology" time="0"/>
  <testcase name="test_Symmetry454Date_until_LocalDate[4: Sym454 CE 742/04/02, 0742-04-07]" classname="org.threeten.extra.chrono.TestSymmetry454Chronology" time="0"/>
  <testcase name="test_Symmetry454Date_until_LocalDate[5: Sym454 CE 1066/10/14, 1066-10-14]" classname="org.threeten.extra.chrono.TestSymmetry454Chronology" time="0"/>
  <testcase name="test_Symmetry454Date_until_LocalDate[6: Sym454 CE 1304/07/21, 1304-07-20]" classname="org.threeten.extra.chrono.TestSymmetry454Chronology" time="0"/>
  <testcase name="test_Symmetry454Date_until_LocalDate[7: Sym454 CE 1304/07/20, 1304-07-19]" classname="org.threeten.extra.chrono.TestSymmetry454Chronology" time="0.001"/>
  <testcase name="test_Symmetry454Date_until_LocalDate[8: Sym454 CE 1433/11/14, 1433-11-10]" classname="org.threeten.extra.chrono.TestSymmetry454Chronology" time="0"/>
  <testcase name="test_Symmetry454Date_until_LocalDate[9: Sym454 CE 1433/11/10, 1433-11-06]" classname="org.threeten.extra.chrono.TestSymmetry454Chronology" time="0"/>
  <testcase name="test_Symmetry454Date_until_LocalDate[10: Sym454 CE 1452/04/11, 1452-04-15]" classname="org.threeten.extra.chrono.TestSymmetry454Chronology" time="0"/>
  <testcase name="test_Symmetry454Date_until_LocalDate[11: Sym454 CE 1452/04/15, 1452-04-19]" classname="org.threeten.extra.chrono.TestSymmetry454Chronology" time="0"/>
  <testcase name="test_Symmetry454Date_until_LocalDate[12: Sym454 CE 1492/10/10, 1492-10-12]" classname="org.threeten.extra.chrono.TestSymmetry454Chronology" time="0"/>
  <testcase name="test_Symmetry454Date_until_LocalDate[13: Sym454 CE 1492/10/12, 1492-10-14]" classname="org.threeten.extra.chrono.TestSymmetry454Chronology" time="0"/>
  <testcase name="test_Symmetry454Date_until_LocalDate[14: Sym454 CE 1564/02/20, 1564-02-15]" classname="org.threeten.extra.chrono.TestSymmetry454Chronology" time="0"/>
  <testcase name="test_Symmetry454Date_until_LocalDate[15: Sym454 CE 1564/02/15, 1564-02-10]" classname="org.threeten.extra.chrono.TestSymmetry454Chronology" time="0"/>
  <testcase name="test_Symmetry454Date_until_LocalDate[16: Sym454 CE 1564/04/28, 1564-04-26]" classname="org.threeten.extra.chrono.TestSymmetry454Chronology" time="0"/>
  <testcase name="test_Symmetry454Date_until_LocalDate[17: Sym454 CE 1564/04/26, 1564-04-24]" classname="org.threeten.extra.chrono.TestSymmetry454Chronology" time="0"/>
  <testcase name="test_Symmetry454Date_until_LocalDate[18: Sym454 CE 1643/01/07, 1643-01-04]" classname="org.threeten.extra.chrono.TestSymmetry454Chronology" time="0"/>
  <testcase name="test_Symmetry454Date_until_LocalDate[19: Sym454 CE 1643/01/04, 1643-01-01]" classname="org.threeten.extra.chrono.TestSymmetry454Chronology" time="0"/>
  <testcase name="test_Symmetry454Date_until_LocalDate[20: Sym454 CE 1707/04/12, 1707-04-15]" classname="org.threeten.extra.chrono.TestSymmetry454Chronology" time="0"/>
  <testcase name="test_Symmetry454Date_until_LocalDate[21: Sym454 CE 1707/04/15, 1707-04-18]" classname="org.threeten.extra.chrono.TestSymmetry454Chronology" time="0"/>
  <testcase name="test_Symmetry454Date_until_LocalDate[22: Sym454 CE 1789/07/16, 1789-07-14]" classname="org.threeten.extra.chrono.TestSymmetry454Chronology" time="0"/>
  <testcase name="test_Symmetry454Date_until_LocalDate[23: Sym454 CE 1789/07/14, 1789-07-12]" classname="org.threeten.extra.chrono.TestSymmetry454Chronology" time="0"/>
  <testcase name="test_Symmetry454Date_until_LocalDate[24: Sym454 CE 1879/03/12, 1879-03-14]" classname="org.threeten.extra.chrono.TestSymmetry454Chronology" time="0"/>
  <testcase name="test_Symmetry454Date_until_LocalDate[25: Sym454 CE 1879/03/14, 1879-03-16]" classname="org.threeten.extra.chrono.TestSymmetry454Chronology" time="0"/>
  <testcase name="test_Symmetry454Date_until_LocalDate[26: Sym454 CE 1941/09/09, 1941-09-09]" classname="org.threeten.extra.chrono.TestSymmetry454Chronology" time="0"/>
  <testcase name="test_Symmetry454Date_until_LocalDate[27: Sym454 CE 1970/01/04, 1970-01-01]" classname="org.threeten.extra.chrono.TestSymmetry454Chronology" time="0"/>
  <testcase name="test_Symmetry454Date_until_LocalDate[28: Sym454 CE 1970/01/01, 1969-12-29]" classname="org.threeten.extra.chrono.TestSymmetry454Chronology" time="0"/>
  <testcase name="test_Symmetry454Date_until_LocalDate[29: Sym454 CE 1999/12/27, 2000-01-01]" classname="org.threeten.extra.chrono.TestSymmetry454Chronology" time="0"/>
  <testcase name="test_Symmetry454Date_until_LocalDate[30: Sym454 CE 2000/01/01, 2000-01-03]" classname="org.threeten.extra.chrono.TestSymmetry454Chronology" time="0"/>
  <testcase name="test_lengthOfMonthFirst[0: 2000, 1, 28, 28]" classname="org.threeten.extra.chrono.TestSymmetry454Chronology" time="0"/>
  <testcase name="test_lengthOfMonthFirst[1: 2000, 2, 28, 35]" classname="org.threeten.extra.chrono.TestSymmetry454Chronology" time="0"/>
  <testcase name="test_lengthOfMonthFirst[2: 2000, 3, 28, 28]" classname="org.threeten.extra.chrono.TestSymmetry454Chronology" time="0"/>
  <testcase name="test_lengthOfMonthFirst[3: 2000, 4, 28, 28]" classname="org.threeten.extra.chrono.TestSymmetry454Chronology" time="0"/>
  <testcase name="test_lengthOfMonthFirst[4: 2000, 5, 28, 35]" classname="org.threeten.extra.chrono.TestSymmetry454Chronology" time="0"/>
  <testcase name="test_lengthOfMonthFirst[5: 2000, 6, 28, 28]" classname="org.threeten.extra.chrono.TestSymmetry454Chronology" time="0"/>
  <testcase name="test_lengthOfMonthFirst[6: 2000, 7, 28, 28]" classname="org.threeten.extra.chrono.TestSymmetry454Chronology" time="0"/>
  <testcase name="test_lengthOfMonthFirst[7: 2000, 8, 28, 35]" classname="org.threeten.extra.chrono.TestSymmetry454Chronology" time="0"/>
  <testcase name="test_lengthOfMonthFirst[8: 2000, 9, 28, 28]" classname="org.threeten.extra.chrono.TestSymmetry454Chronology" time="0"/>
  <testcase name="test_lengthOfMonthFirst[9: 2000, 10, 28, 28]" classname="org.threeten.extra.chrono.TestSymmetry454Chronology" time="0"/>
  <testcase name="test_lengthOfMonthFirst[10: 2000, 11, 28, 35]" classname="org.threeten.extra.chrono.TestSymmetry454Chronology" time="0"/>
  <testcase name="test_lengthOfMonthFirst[11: 2000, 12, 28, 28]" classname="org.threeten.extra.chrono.TestSymmetry454Chronology" time="0"/>
  <testcase name="test_lengthOfMonthFirst[12: 2004, 12, 20, 35]" classname="org.threeten.extra.chrono.TestSymmetry454Chronology" time="0"/>
  <testcase name="test_range[0: 2012, 1, 23, DayOfMonth, 1 - 28]" classname="org.threeten.extra.chrono.TestSymmetry454Chronology" time="0"/>
  <testcase name="test_range[1: 2012, 2, 23, DayOfMonth, 1 - 35]" classname="org.threeten.extra.chrono.TestSymmetry454Chronology" time="0"/>
  <testcase name="test_range[2: 2012, 3, 23, DayOfMonth, 1 - 28]" classname="org.threeten.extra.chrono.TestSymmetry454Chronology" time="0"/>
  <testcase name="test_range[3: 2012, 4, 23, DayOfMonth, 1 - 28]" classname="org.threeten.extra.chrono.TestSymmetry454Chronology" time="0"/>
  <testcase name="test_range[4: 2012, 5, 23, DayOfMonth, 1 - 35]" classname="org.threeten.extra.chrono.TestSymmetry454Chronology" time="0"/>
  <testcase name="test_range[5: 2012, 6, 23, DayOfMonth, 1 - 28]" classname="org.threeten.extra.chrono.TestSymmetry454Chronology" time="0"/>
  <testcase name="test_range[6: 2012, 7, 23, DayOfMonth, 1 - 28]" classname="org.threeten.extra.chrono.TestSymmetry454Chronology" time="0"/>
  <testcase name="test_range[7: 2012, 8, 23, DayOfMonth, 1 - 35]" classname="org.threeten.extra.chrono.TestSymmetry454Chronology" time="0"/>
  <testcase name="test_range[8: 2012, 9, 23, DayOfMonth, 1 - 28]" classname="org.threeten.extra.chrono.TestSymmetry454Chronology" time="0"/>
  <testcase name="test_range[9: 2012, 10, 23, DayOfMonth, 1 - 28]" classname="org.threeten.extra.chrono.TestSymmetry454Chronology" time="0"/>
  <testcase name="test_range[10: 2012, 11, 23, DayOfMonth, 1 - 35]" classname="org.threeten.extra.chrono.TestSymmetry454Chronology" time="0.001"/>
  <testcase name="test_range[11: 2012, 12, 23, DayOfMonth, 1 - 28]" classname="org.threeten.extra.chrono.TestSymmetry454Chronology" time="0"/>
  <testcase name="test_range[12: 2015, 12, 23, DayOfMonth, 1 - 35]" classname="org.threeten.extra.chrono.TestSymmetry454Chronology" time="0"/>
  <testcase name="test_range[13: 2012, 1, 23, DayOfWeek, 1 - 7]" classname="org.threeten.extra.chrono.TestSymmetry454Chronology" time="0"/>
  <testcase name="test_range[14: 2012, 6, 23, DayOfWeek, 1 - 7]" classname="org.threeten.extra.chrono.TestSymmetry454Chronology" time="0"/>
  <testcase name="test_range[15: 2012, 12, 23, DayOfWeek, 1 - 7]" classname="org.threeten.extra.chrono.TestSymmetry454Chronology" time="0"/>
  <testcase name="test_range[16: 2012, 1, 23, DayOfYear, 1 - 364]" classname="org.threeten.extra.chrono.TestSymmetry454Chronology" time="0"/>
  <testcase name="test_range[17: 2015, 1, 23, DayOfYear, 1 - 371]" classname="org.threeten.extra.chrono.TestSymmetry454Chronology" time="0"/>
  <testcase name="test_range[18: 2012, 1, 23, MonthOfYear, 1 - 12]" classname="org.threeten.extra.chrono.TestSymmetry454Chronology" time="0"/>
  <testcase name="test_range[19: 2012, 1, 23, AlignedDayOfWeekInMonth, 1 - 7]" classname="org.threeten.extra.chrono.TestSymmetry454Chronology" time="0"/>
  <testcase name="test_range[20: 2012, 6, 23, AlignedDayOfWeekInMonth, 1 - 7]" classname="org.threeten.extra.chrono.TestSymmetry454Chronology" time="0"/>
  <testcase name="test_range[21: 2012, 12, 23, AlignedDayOfWeekInMonth, 1 - 7]" classname="org.threeten.extra.chrono.TestSymmetry454Chronology" time="0"/>
  <testcase name="test_range[22: 2012, 1, 23, AlignedWeekOfMonth, 1 - 4]" classname="org.threeten.extra.chrono.TestSymmetry454Chronology" time="0"/>
  <testcase name="test_range[23: 2012, 2, 23, AlignedWeekOfMonth, 1 - 5]" classname="org.threeten.extra.chrono.TestSymmetry454Chronology" time="0"/>
  <testcase name="test_range[24: 2015, 12, 23, AlignedWeekOfMonth, 1 - 5]" classname="org.threeten.extra.chrono.TestSymmetry454Chronology" time="0"/>
  <testcase name="test_range[25: 2012, 1, 23, AlignedDayOfWeekInYear, 1 - 7]" classname="org.threeten.extra.chrono.TestSymmetry454Chronology" time="0"/>
  <testcase name="test_range[26: 2012, 6, 23, AlignedDayOfWeekInYear, 1 - 7]" classname="org.threeten.extra.chrono.TestSymmetry454Chronology" time="0"/>
  <testcase name="test_range[27: 2012, 12, 23, AlignedDayOfWeekInYear, 1 - 7]" classname="org.threeten.extra.chrono.TestSymmetry454Chronology" time="0"/>
  <testcase name="test_range[28: 2012, 1, 23, AlignedWeekOfYear, 1 - 52]" classname="org.threeten.extra.chrono.TestSymmetry454Chronology" time="0"/>
  <testcase name="test_range[29: 2012, 6, 23, AlignedWeekOfYear, 1 - 52]" classname="org.threeten.extra.chrono.TestSymmetry454Chronology" time="0"/>
  <testcase name="test_range[30: 2012, 12, 23, AlignedWeekOfYear, 1 - 52]" classname="org.threeten.extra.chrono.TestSymmetry454Chronology" time="0"/>
  <testcase name="test_range[31: 2015, 12, 30, AlignedWeekOfYear, 1 - 53]" classname="org.threeten.extra.chrono.TestSymmetry454Chronology" time="0"/>
</testsuite>