<?xml version="1.0" encoding="UTF-8"?>
<testsuite xmlns:xsi="http://www.w3.org/2001/XMLSchema-instance" xsi:schemaLocation="https://maven.apache.org/surefire/maven-surefire-plugin/xsd/surefire-test-report.xsd" name="org.threeten.extra.scale.TestUtcRules" time="0.125" tests="136" errors="0" skipped="0" failures="0">
  <properties>
    <property name="java.runtime.name" value="OpenJDK Runtime Environment"/>
    <property name="sun.boot.library.path" value="/usr/local/openjdk-8/jre/lib/amd64"/>
    <property name="java.vm.version" value="25.262-b10"/>
    <property name="animal.sniffer.skip" value="true"/>
    <property name="java.vm.vendor" value="Oracle Corporation"/>
    <property name="maven.multiModuleProjectDirectory" value="/tmp/tmpykopg0s2/threeten-extra"/>
    <property name="maven.javadoc.skip" value="true"/>
    <property name="java.vendor.url" value="http://java.oracle.com/"/>
    <property name="path.separator" value=":"/>
    <property name="guice.disable.misplaced.annotation.check" value="true"/>
    <property name="java.vm.name" value="OpenJDK 64-Bit Server VM"/>
    <property name="file.encoding.pkg" value="sun.io"/>
    <property name="sun.java.launcher" value="SUN_STANDARD"/>
    <property name="sun.os.patch.level" value="unknown"/>
    <property name="source.skip" value="true"/>
    <property name="java.vm.specification.name" value="Java Virtual Machine Specification"/>
    <property name="user.dir" value="/tmp/tmpykopg0s2/threeten-extra"/>
    <property name="java.runtime.version" value="1.8.0_262-b10"/>
    <property name="java.awt.graphicsenv" value="sun.awt.X11GraphicsEnvironment"/>
    <property name="java.endorsed.dirs" value="/usr/local/openjdk-8/jre/lib/endorsed"/>
    <property name="os.arch" value="amd64"/>
    <property name="java.io.tmpdir" value="/tmp"/>
    <property name="line.separator" value="&#10;"/>
    <property name="java.vm.specification.vendor" value="Oracle Corporation"/>
    <property name="os.name" value="Linux"/>
    <property name="classworlds.conf" value="/usr/share/maven/bin/m2.conf"/>
    <property name="sun.jnu.encoding" value="UTF-8"/>
    <property name="java.library.path" value="/usr/java/packages/lib/amd64:/usr/lib64:/lib64:/lib:/usr/lib"/>
    <property name="license.skip" value="true"/>
    <property name="maven.conf" value="/usr/share/maven/conf"/>
    <property name="java.specification.name" value="Java Platform API Specification"/>
    <property name="java.class.version" value="52.0"/>
    <property name="sun.management.compiler" value="HotSpot 64-Bit Tiered Compilers"/>
    <property name="maven.test.failure.ignore" value="true"/>
    <property name="os.version" value="4.15.0-109-generic"/>
    <property name="library.jansi.path" value="/usr/share/maven/lib/jansi-native"/>
    <property name="user.home" value="/home/jdbl"/>
    <property name="user.timezone" value="Etc/UTC"/>
    <property name="java.awt.printerjob" value="sun.print.PSPrinterJob"/>
    <property name="java.specification.version" value="1.8"/>
    <property name="file.encoding" value="UTF-8"/>
    <property name="user.name" value="jdbl"/>
    <property name="java.class.path" value="/usr/share/maven/boot/plexus-classworlds-2.6.0.jar"/>
    <property name="java.vm.specification.version" value="1.8"/>
    <property name="sun.arch.data.model" value="64"/>
    <property name="java.home" value="/usr/local/openjdk-8/jre"/>
    <property name="sun.java.command" value="org.codehaus.plexus.classworlds.launcher.Launcher test -e --fail-never -ntp -Dmaven.test.failure.ignore=true -B -Dmaven.javadoc.skip=true -Drat.skip=true -Danimal.sniffer.skip=true -Dmaven.javadoc.skip=true -Dlicense.skip=true -Dsource.skip=true"/>
    <property name="java.specification.vendor" value="Oracle Corporation"/>
    <property name="user.language" value="en"/>
    <property name="awt.toolkit" value="sun.awt.X11.XToolkit"/>
    <property name="java.vm.info" value="mixed mode"/>
    <property name="java.version" value="1.8.0_262"/>
    <property name="java.ext.dirs" value="/usr/local/openjdk-8/jre/lib/ext:/usr/java/packages/lib/ext"/>
    <property name="securerandom.source" value="file:/dev/./urandom"/>
    <property name="sun.boot.class.path" value="/usr/local/openjdk-8/jre/lib/resources.jar:/usr/local/openjdk-8/jre/lib/rt.jar:/usr/local/openjdk-8/jre/lib/sunrsasign.jar:/usr/local/openjdk-8/jre/lib/jsse.jar:/usr/local/openjdk-8/jre/lib/jce.jar:/usr/local/openjdk-8/jre/lib/charsets.jar:/usr/local/openjdk-8/jre/lib/jfr.jar:/usr/local/openjdk-8/jre/classes"/>
    <property name="java.vendor" value="Oracle Corporation"/>
    <property name="rat.skip" value="true"/>
    <property name="maven.home" value="/usr/share/maven"/>
    <property name="file.separator" value="/"/>
    <property name="java.vendor.url.bug" value="http://bugreport.sun.com/bugreport/"/>
    <property name="sun.cpu.endian" value="little"/>
    <property name="sun.io.unicode.encoding" value="UnicodeLittle"/>
    <property name="sun.cpu.isalist" value=""/>
  </properties>
  <testcase name="test_negativeLeap_justAfterLeap" classname="org.threeten.extra.scale.TestUtcRules" time="0.002"/>
  <testcase name="test_convertToInstant_sls" classname="org.threeten.extra.scale.TestUtcRules" time="0.004"/>
  <testcase name="test_convertToUtc_TaiInstant_1800" classname="org.threeten.extra.scale.TestUtcRules" time="0.002"/>
  <testcase name="test_convertToUtc_TaiInstant_1900" classname="org.threeten.extra.scale.TestUtcRules" time="0.001"/>
  <testcase name="test_convertToUtc_TaiInstant_1958" classname="org.threeten.extra.scale.TestUtcRules" time="0.002"/>
  <testcase name="test_convertToUtc_TaiInstant_2100" classname="org.threeten.extra.scale.TestUtcRules" time="0.001"/>
  <testcase name="test_convertToUtc_TaiInstant_null" classname="org.threeten.extra.scale.TestUtcRules" time="0.001"/>
  <testcase name="test_negativeLeap_justBeforeLeap" classname="org.threeten.extra.scale.TestUtcRules" time="0.001"/>
  <testcase name="test_convertToTai_UtcInstant_null" classname="org.threeten.extra.scale.TestUtcRules" time="0.001"/>
  <testcase name="test_getName" classname="org.threeten.extra.scale.TestUtcRules" time="0.001"/>
  <testcase name="test_registerLeapSecond_invalidAdjustment_zero" classname="org.threeten.extra.scale.TestUtcRules" time="0.001"/>
  <testcase name="test_leapSeconds[0: -1, 0, 10, 1858-11-16]" classname="org.threeten.extra.scale.TestUtcRules" time="0"/>
  <testcase name="test_leapSeconds[1: 0, 0, 10, 1858-11-17]" classname="org.threeten.extra.scale.TestUtcRules" time="0.001"/>
  <testcase name="test_leapSeconds[2: 1, 0, 10, 1858-11-18]" classname="org.threeten.extra.scale.TestUtcRules" time="0.001"/>
  <testcase name="test_leapSeconds[3: 41316, 0, 10, 1971-12-31]" classname="org.threeten.extra.scale.TestUtcRules" time="0"/>
  <testcase name="test_leapSeconds[4: 41317, 0, 10, 1972-01-01]" classname="org.threeten.extra.scale.TestUtcRules" time="0.001"/>
  <testcase name="test_leapSeconds[5: 41318, 0, 10, 1972-01-02]" classname="org.threeten.extra.scale.TestUtcRules" time="0.001"/>
  <testcase name="test_leapSeconds[6: 41497, 0, 10, 1972-06-29]" classname="org.threeten.extra.scale.TestUtcRules" time="0"/>
  <testcase name="test_leapSeconds[7: 41498, 1, 10, 1972-06-30]" classname="org.threeten.extra.scale.TestUtcRules" time="0.001"/>
  <testcase name="test_leapSeconds[8: 41499, 0, 11, 1972-07-01]" classname="org.threeten.extra.scale.TestUtcRules" time="0.001"/>
  <testcase name="test_leapSeconds[9: 41500, 0, 11, 1972-07-02]" classname="org.threeten.extra.scale.TestUtcRules" time="0.001"/>
  <testcase name="test_leapSeconds[10: 41681, 0, 11, 1972-12-30]" classname="org.threeten.extra.scale.TestUtcRules" time="0"/>
  <testcase name="test_leapSeconds[11: 41682, 1, 11, 1972-12-31]" classname="org.threeten.extra.scale.TestUtcRules" time="0.001"/>
  <testcase name="test_leapSeconds[12: 41683, 0, 12, 1973-01-01]" classname="org.threeten.extra.scale.TestUtcRules" time="0.001"/>
  <testcase name="test_leapSeconds[13: 41684, 0, 12, 1973-01-02]" classname="org.threeten.extra.scale.TestUtcRules" time="0"/>
  <testcase name="test_leapSeconds[14: 42046, 0, 12, 1973-12-30]" classname="org.threeten.extra.scale.TestUtcRules" time="0.001"/>
  <testcase name="test_leapSeconds[15: 42047, 1, 12, 1973-12-31]" classname="org.threeten.extra.scale.TestUtcRules" time="0.001"/>
  <testcase name="test_leapSeconds[16: 42048, 0, 13, 1974-01-01]" classname="org.threeten.extra.scale.TestUtcRules" time="0.001"/>
  <testcase name="test_leapSeconds[17: 42049, 0, 13, 1974-01-02]" classname="org.threeten.extra.scale.TestUtcRules" time="0"/>
  <testcase name="test_leapSeconds[18: 42411, 0, 13, 1974-12-30]" classname="org.threeten.extra.scale.TestUtcRules" time="0.001"/>
  <testcase name="test_leapSeconds[19: 42412, 1, 13, 1974-12-31]" classname="org.threeten.extra.scale.TestUtcRules" time="0.001"/>
  <testcase name="test_leapSeconds[20: 42413, 0, 14, 1975-01-01]" classname="org.threeten.extra.scale.TestUtcRules" time="0"/>
  <testcase name="test_leapSeconds[21: 42414, 0, 14, 1975-01-02]" classname="org.threeten.extra.scale.TestUtcRules" time="0.003"/>
  <testcase name="test_leapSeconds[22: 42776, 0, 14, 1975-12-30]" classname="org.threeten.extra.scale.TestUtcRules" time="0.002"/>
  <testcase name="test_leapSeconds[23: 42777, 1, 14, 1975-12-31]" classname="org.threeten.extra.scale.TestUtcRules" time="0"/>
  <testcase name="test_leapSeconds[24: 42778, 0, 15, 1976-01-01]" classname="org.threeten.extra.scale.TestUtcRules" time="0.001"/>
  <testcase name="test_leapSeconds[25: 42779, 0, 15, 1976-01-02]" classname="org.threeten.extra.scale.TestUtcRules" time="0.001"/>
  <testcase name="test_leapSeconds[26: 43142, 0, 15, 1976-12-30]" classname="org.threeten.extra.scale.TestUtcRules" time="0"/>
  <testcase name="test_leapSeconds[27: 43143, 1, 15, 1976-12-31]" classname="org.threeten.extra.scale.TestUtcRules" time="0.001"/>
  <testcase name="test_leapSeconds[28: 43144, 0, 16, 1977-01-01]" classname="org.threeten.extra.scale.TestUtcRules" time="0.001"/>
  <testcase name="test_leapSeconds[29: 43145, 0, 16, 1977-01-02]" classname="org.threeten.extra.scale.TestUtcRules" time="0"/>
  <testcase name="test_leapSeconds[30: 43507, 0, 16, 1977-12-30]" classname="org.threeten.extra.scale.TestUtcRules" time="0.001"/>
  <testcase name="test_leapSeconds[31: 43508, 1, 16, 1977-12-31]" classname="org.threeten.extra.scale.TestUtcRules" time="0.001"/>
  <testcase name="test_leapSeconds[32: 43509, 0, 17, 1978-01-01]" classname="org.threeten.extra.scale.TestUtcRules" time="0"/>
  <testcase name="test_leapSeconds[33: 43510, 0, 17, 1978-01-02]" classname="org.threeten.extra.scale.TestUtcRules" time="0.001"/>
  <testcase name="test_leapSeconds[34: 43872, 0, 17, 1978-12-30]" classname="org.threeten.extra.scale.TestUtcRules" time="0.001"/>
  <testcase name="test_leapSeconds[35: 43873, 1, 17, 1978-12-31]" classname="org.threeten.extra.scale.TestUtcRules" time="0"/>
  <testcase name="test_leapSeconds[36: 43874, 0, 18, 1979-01-01]" classname="org.threeten.extra.scale.TestUtcRules" time="0.001"/>
  <testcase name="test_leapSeconds[37: 43875, 0, 18, 1979-01-02]" classname="org.threeten.extra.scale.TestUtcRules" time="0.001"/>
  <testcase name="test_leapSeconds[38: 44237, 0, 18, 1979-12-30]" classname="org.threeten.extra.scale.TestUtcRules" time="0"/>
  <testcase name="test_leapSeconds[39: 44238, 1, 18, 1979-12-31]" classname="org.threeten.extra.scale.TestUtcRules" time="0.001"/>
  <testcase name="test_leapSeconds[40: 44239, 0, 19, 1980-01-01]" classname="org.threeten.extra.scale.TestUtcRules" time="0.002"/>
  <testcase name="test_leapSeconds[41: 44240, 0, 19, 1980-01-02]" classname="org.threeten.extra.scale.TestUtcRules" time="0"/>
  <testcase name="test_leapSeconds[42: 44784, 0, 19, 1981-06-29]" classname="org.threeten.extra.scale.TestUtcRules" time="0"/>
  <testcase name="test_leapSeconds[43: 44785, 1, 19, 1981-06-30]" classname="org.threeten.extra.scale.TestUtcRules" time="0"/>
  <testcase name="test_leapSeconds[44: 44786, 0, 20, 1981-07-01]" classname="org.threeten.extra.scale.TestUtcRules" time="0.001"/>
  <testcase name="test_leapSeconds[45: 44787, 0, 20, 1981-07-02]" classname="org.threeten.extra.scale.TestUtcRules" time="0.001"/>
  <testcase name="test_leapSeconds[46: 45149, 0, 20, 1982-06-29]" classname="org.threeten.extra.scale.TestUtcRules" time="0.001"/>
  <testcase name="test_leapSeconds[47: 45150, 1, 20, 1982-06-30]" classname="org.threeten.extra.scale.TestUtcRules" time="0"/>
  <testcase name="test_leapSeconds[48: 45151, 0, 21, 1982-07-01]" classname="org.threeten.extra.scale.TestUtcRules" time="0.001"/>
  <testcase name="test_leapSeconds[49: 45152, 0, 21, 1982-07-02]" classname="org.threeten.extra.scale.TestUtcRules" time="0"/>
  <testcase name="test_leapSeconds[50: 45514, 0, 21, 1983-06-29]" classname="org.threeten.extra.scale.TestUtcRules" time="0.005"/>
  <testcase name="test_leapSeconds[51: 45515, 1, 21, 1983-06-30]" classname="org.threeten.extra.scale.TestUtcRules" time="0"/>
  <testcase name="test_leapSeconds[52: 45516, 0, 22, 1983-07-01]" classname="org.threeten.extra.scale.TestUtcRules" time="0"/>
  <testcase name="test_leapSeconds[53: 45517, 0, 22, 1983-07-02]" classname="org.threeten.extra.scale.TestUtcRules" time="0"/>
  <testcase name="test_leapSeconds[54: 46245, 0, 22, 1985-06-29]" classname="org.threeten.extra.scale.TestUtcRules" time="0"/>
  <testcase name="test_leapSeconds[55: 46246, 1, 22, 1985-06-30]" classname="org.threeten.extra.scale.TestUtcRules" time="0"/>
  <testcase name="test_leapSeconds[56: 46247, 0, 23, 1985-07-01]" classname="org.threeten.extra.scale.TestUtcRules" time="0"/>
  <testcase name="test_leapSeconds[57: 46248, 0, 23, 1985-07-02]" classname="org.threeten.extra.scale.TestUtcRules" time="0.001"/>
  <testcase name="test_leapSeconds[58: 47159, 0, 23, 1987-12-30]" classname="org.threeten.extra.scale.TestUtcRules" time="0"/>
  <testcase name="test_leapSeconds[59: 47160, 1, 23, 1987-12-31]" classname="org.threeten.extra.scale.TestUtcRules" time="0.002"/>
  <testcase name="test_leapSeconds[60: 47161, 0, 24, 1988-01-01]" classname="org.threeten.extra.scale.TestUtcRules" time="0"/>
  <testcase name="test_leapSeconds[61: 47162, 0, 24, 1988-01-02]" classname="org.threeten.extra.scale.TestUtcRules" time="0.001"/>
  <testcase name="test_leapSeconds[62: 47890, 0, 24, 1989-12-30]" classname="org.threeten.extra.scale.TestUtcRules" time="0"/>
  <testcase name="test_leapSeconds[63: 47891, 1, 24, 1989-12-31]" classname="org.threeten.extra.scale.TestUtcRules" time="0.001"/>
  <testcase name="test_leapSeconds[64: 47892, 0, 25, 1990-01-01]" classname="org.threeten.extra.scale.TestUtcRules" time="0"/>
  <testcase name="test_leapSeconds[65: 47893, 0, 25, 1990-01-02]" classname="org.threeten.extra.scale.TestUtcRules" time="0.001"/>
  <testcase name="test_leapSeconds[66: 48255, 0, 25, 1990-12-30]" classname="org.threeten.extra.scale.TestUtcRules" time="0.001"/>
  <testcase name="test_leapSeconds[67: 48256, 1, 25, 1990-12-31]" classname="org.threeten.extra.scale.TestUtcRules" time="0"/>
  <testcase name="test_leapSeconds[68: 48257, 0, 26, 1991-01-01]" classname="org.threeten.extra.scale.TestUtcRules" time="0.001"/>
  <testcase name="test_leapSeconds[69: 48258, 0, 26, 1991-01-02]" classname="org.threeten.extra.scale.TestUtcRules" time="0.001"/>
  <testcase name="test_leapSeconds[70: 48802, 0, 26, 1992-06-29]" classname="org.threeten.extra.scale.TestUtcRules" time="0"/>
  <testcase name="test_leapSeconds[71: 48803, 1, 26, 1992-06-30]" classname="org.threeten.extra.scale.TestUtcRules" time="0.001"/>
  <testcase name="test_leapSeconds[72: 48804, 0, 27, 1992-07-01]" classname="org.threeten.extra.scale.TestUtcRules" time="0"/>
  <testcase name="test_leapSeconds[73: 48805, 0, 27, 1992-07-02]" classname="org.threeten.extra.scale.TestUtcRules" time="0.001"/>
  <testcase name="test_leapSeconds[74: 49167, 0, 27, 1993-06-29]" classname="org.threeten.extra.scale.TestUtcRules" time="0"/>
  <testcase name="test_leapSeconds[75: 49168, 1, 27, 1993-06-30]" classname="org.threeten.extra.scale.TestUtcRules" time="0.001"/>
  <testcase name="test_leapSeconds[76: 49169, 0, 28, 1993-07-01]" classname="org.threeten.extra.scale.TestUtcRules" time="0"/>
  <testcase name="test_leapSeconds[77: 49170, 0, 28, 1993-07-02]" classname="org.threeten.extra.scale.TestUtcRules" time="0.001"/>
  <testcase name="test_leapSeconds[78: 49532, 0, 28, 1994-06-29]" classname="org.threeten.extra.scale.TestUtcRules" time="0"/>
  <testcase name="test_leapSeconds[79: 49533, 1, 28, 1994-06-30]" classname="org.threeten.extra.scale.TestUtcRules" time="0.001"/>
  <testcase name="test_leapSeconds[80: 49534, 0, 29, 1994-07-01]" classname="org.threeten.extra.scale.TestUtcRules" time="0"/>
  <testcase name="test_leapSeconds[81: 49535, 0, 29, 1994-07-02]" classname="org.threeten.extra.scale.TestUtcRules" time="0.001"/>
  <testcase name="test_leapSeconds[82: 50081, 0, 29, 1995-12-30]" classname="org.threeten.extra.scale.TestUtcRules" time="0"/>
  <testcase name="test_leapSeconds[83: 50082, 1, 29, 1995-12-31]" classname="org.threeten.extra.scale.TestUtcRules" time="0.001"/>
  <testcase name="test_leapSeconds[84: 50083, 0, 30, 1996-01-01]" classname="org.threeten.extra.scale.TestUtcRules" time="0.001"/>
  <testcase name="test_leapSeconds[85: 50084, 0, 30, 1996-01-02]" classname="org.threeten.extra.scale.TestUtcRules" time="0"/>
  <testcase name="test_leapSeconds[86: 50628, 0, 30, 1997-06-29]" classname="org.threeten.extra.scale.TestUtcRules" time="0.001"/>
  <testcase name="test_leapSeconds[87: 50629, 1, 30, 1997-06-30]" classname="org.threeten.extra.scale.TestUtcRules" time="0"/>
  <testcase name="test_leapSeconds[88: 50630, 0, 31, 1997-07-01]" classname="org.threeten.extra.scale.TestUtcRules" time="0.001"/>
  <testcase name="test_leapSeconds[89: 50631, 0, 31, 1997-07-02]" classname="org.threeten.extra.scale.TestUtcRules" time="0.001"/>
  <testcase name="test_leapSeconds[90: 51177, 0, 31, 1998-12-30]" classname="org.threeten.extra.scale.TestUtcRules" time="0"/>
  <testcase name="test_leapSeconds[91: 51178, 1, 31, 1998-12-31]" classname="org.threeten.extra.scale.TestUtcRules" time="0.001"/>
  <testcase name="test_leapSeconds[92: 51179, 0, 32, 1999-01-01]" classname="org.threeten.extra.scale.TestUtcRules" time="0"/>
  <testcase name="test_leapSeconds[93: 51180, 0, 32, 1999-01-02]" classname="org.threeten.extra.scale.TestUtcRules" time="0.001"/>
  <testcase name="test_leapSeconds[94: 53734, 0, 32, 2005-12-30]" classname="org.threeten.extra.scale.TestUtcRules" time="0"/>
  <testcase name="test_leapSeconds[95: 53735, 1, 32, 2005-12-31]" classname="org.threeten.extra.scale.TestUtcRules" time="0.001"/>
  <testcase name="test_leapSeconds[96: 53736, 0, 33, 2006-01-01]" classname="org.threeten.extra.scale.TestUtcRules" time="0"/>
  <testcase name="test_leapSeconds[97: 53737, 0, 33, 2006-01-02]" classname="org.threeten.extra.scale.TestUtcRules" time="0.001"/>
  <testcase name="test_leapSeconds[98: 54830, 0, 33, 2008-12-30]" classname="org.threeten.extra.scale.TestUtcRules" time="0.001"/>
  <testcase name="test_leapSeconds[99: 54831, 1, 33, 2008-12-31]" classname="org.threeten.extra.scale.TestUtcRules" time="0"/>
  <testcase name="test_leapSeconds[100: 54832, 0, 34, 2009-01-01]" classname="org.threeten.extra.scale.TestUtcRules" time="0.001"/>
  <testcase name="test_leapSeconds[101: 54833, 0, 34, 2009-01-02]" classname="org.threeten.extra.scale.TestUtcRules" time="0"/>
  <testcase name="test_convertToInstant_slsMicros" classname="org.threeten.extra.scale.TestUtcRules" time="0.001"/>
  <testcase name="test_convertToInstant_slsMillis" classname="org.threeten.extra.scale.TestUtcRules" time="0.002"/>
  <testcase name="test_convertToInstant_furtherAfterLeap" classname="org.threeten.extra.scale.TestUtcRules" time="0"/>
  <testcase name="test_registerLeapSecond_justAfterLastDate_minusOne" classname="org.threeten.extra.scale.TestUtcRules" time="0.001"/>
  <testcase name="test_registerLeapSecond_equalLastDate_sameLeap" classname="org.threeten.extra.scale.TestUtcRules" time="0.002"/>
  <testcase name="test_serialization" classname="org.threeten.extra.scale.TestUtcRules" time="0.013"/>
  <testcase name="test_registerLeapSecond_equalEarlierDate_differentLeap" classname="org.threeten.extra.scale.TestUtcRules" time="0"/>
  <testcase name="test_convertToUtc_TaiInstant_startUtcPeriod" classname="org.threeten.extra.scale.TestUtcRules" time="0.001"/>
  <testcase name="test_registerLeapSecond_beforeLastDate" classname="org.threeten.extra.scale.TestUtcRules" time="0.001"/>
  <testcase name="test_registerLeapSecond_invalidAdjustment_three" classname="org.threeten.extra.scale.TestUtcRules" time="0"/>
  <testcase name="test_registerLeapSecond_equalEarlierDate_sameLeap" classname="org.threeten.extra.scale.TestUtcRules" time="0.001"/>
  <testcase name="test_convertToUtc_TaiInstant_inLeap" classname="org.threeten.extra.scale.TestUtcRules" time="0.001"/>
  <testcase name="test_convertToUtc_TaiInstant_furtherAfterLeap" classname="org.threeten.extra.scale.TestUtcRules" time="0"/>
  <testcase name="test_convertToUtc_TaiInstant_justAfterLeap" classname="org.threeten.extra.scale.TestUtcRules" time="0.001"/>
  <testcase name="test_toString" classname="org.threeten.extra.scale.TestUtcRules" time="0"/>
  <testcase name="test_convertToUtc_TaiInstant_justBeforeLeap" classname="org.threeten.extra.scale.TestUtcRules" time="0"/>
  <testcase name="test_interfaces" classname="org.threeten.extra.scale.TestUtcRules" time="0.001"/>
  <testcase name="test_convertToInstant_slsNanos" classname="org.threeten.extra.scale.TestUtcRules" time="0.007"/>
  <testcase name="test_convertToInstant_justBeforeLeap" classname="org.threeten.extra.scale.TestUtcRules" time="0"/>
  <testcase name="test_registerLeapSecond_equalLastDate_differentLeap" classname="org.threeten.extra.scale.TestUtcRules" time="0.001"/>
  <testcase name="test_convertToInstant_justAfterLeap" classname="org.threeten.extra.scale.TestUtcRules" time="0"/>
  <testcase name="test_registerLeapSecond_justAfterLastDate_plusOne" classname="org.threeten.extra.scale.TestUtcRules" time="0"/>
  <testcase name="test_registerLeapSecond_invalidAdjustment_minusTwo" classname="org.threeten.extra.scale.TestUtcRules" time="0.001"/>
</testsuite>