<?xml version="1.0" encoding="UTF-8"?>
<testsuite xmlns:xsi="http://www.w3.org/2001/XMLSchema-instance" xsi:schemaLocation="https://maven.apache.org/surefire/maven-surefire-plugin/xsd/surefire-test-report.xsd" name="org.threeten.extra.TestPeriodDuration" time="0" tests="98" errors="0" skipped="0" failures="0">
  <properties>
    <property name="java.runtime.name" value="OpenJDK Runtime Environment"/>
    <property name="sun.boot.library.path" value="/usr/local/openjdk-8/jre/lib/amd64"/>
    <property name="java.vm.version" value="25.262-b10"/>
    <property name="animal.sniffer.skip" value="true"/>
    <property name="java.vm.vendor" value="Oracle Corporation"/>
    <property name="maven.multiModuleProjectDirectory" value="/tmp/tmpykopg0s2/threeten-extra"/>
    <property name="maven.javadoc.skip" value="true"/>
    <property name="java.vendor.url" value="http://java.oracle.com/"/>
    <property name="path.separator" value=":"/>
    <property name="guice.disable.misplaced.annotation.check" value="true"/>
    <property name="java.vm.name" value="OpenJDK 64-Bit Server VM"/>
    <property name="file.encoding.pkg" value="sun.io"/>
    <property name="sun.java.launcher" value="SUN_STANDARD"/>
    <property name="sun.os.patch.level" value="unknown"/>
    <property name="source.skip" value="true"/>
    <property name="java.vm.specification.name" value="Java Virtual Machine Specification"/>
    <property name="user.dir" value="/tmp/tmpykopg0s2/threeten-extra"/>
    <property name="java.runtime.version" value="1.8.0_262-b10"/>
    <property name="java.awt.graphicsenv" value="sun.awt.X11GraphicsEnvironment"/>
    <property name="java.endorsed.dirs" value="/usr/local/openjdk-8/jre/lib/endorsed"/>
    <property name="os.arch" value="amd64"/>
    <property name="java.io.tmpdir" value="/tmp"/>
    <property name="line.separator" value="&#10;"/>
    <property name="java.vm.specification.vendor" value="Oracle Corporation"/>
    <property name="os.name" value="Linux"/>
    <property name="classworlds.conf" value="/usr/share/maven/bin/m2.conf"/>
    <property name="sun.jnu.encoding" value="UTF-8"/>
    <property name="java.library.path" value="/usr/java/packages/lib/amd64:/usr/lib64:/lib64:/lib:/usr/lib"/>
    <property name="license.skip" value="true"/>
    <property name="maven.conf" value="/usr/share/maven/conf"/>
    <property name="java.specification.name" value="Java Platform API Specification"/>
    <property name="java.class.version" value="52.0"/>
    <property name="sun.management.compiler" value="HotSpot 64-Bit Tiered Compilers"/>
    <property name="maven.test.failure.ignore" value="true"/>
    <property name="os.version" value="4.15.0-109-generic"/>
    <property name="library.jansi.path" value="/usr/share/maven/lib/jansi-native"/>
    <property name="user.home" value="/home/jdbl"/>
    <property name="user.timezone" value="Etc/UTC"/>
    <property name="java.awt.printerjob" value="sun.print.PSPrinterJob"/>
    <property name="java.specification.version" value="1.8"/>
    <property name="file.encoding" value="UTF-8"/>
    <property name="user.name" value="jdbl"/>
    <property name="java.class.path" value="/usr/share/maven/boot/plexus-classworlds-2.6.0.jar"/>
    <property name="java.vm.specification.version" value="1.8"/>
    <property name="sun.arch.data.model" value="64"/>
    <property name="java.home" value="/usr/local/openjdk-8/jre"/>
    <property name="sun.java.command" value="org.codehaus.plexus.classworlds.launcher.Launcher test -e --fail-never -ntp -Dmaven.test.failure.ignore=true -B -Dmaven.javadoc.skip=true -Drat.skip=true -Danimal.sniffer.skip=true -Dmaven.javadoc.skip=true -Dlicense.skip=true -Dsource.skip=true"/>
    <property name="java.specification.vendor" value="Oracle Corporation"/>
    <property name="user.language" value="en"/>
    <property name="awt.toolkit" value="sun.awt.X11.XToolkit"/>
    <property name="java.vm.info" value="mixed mode"/>
    <property name="java.version" value="1.8.0_262"/>
    <property name="java.ext.dirs" value="/usr/local/openjdk-8/jre/lib/ext:/usr/java/packages/lib/ext"/>
    <property name="securerandom.source" value="file:/dev/./urandom"/>
    <property name="sun.boot.class.path" value="/usr/local/openjdk-8/jre/lib/resources.jar:/usr/local/openjdk-8/jre/lib/rt.jar:/usr/local/openjdk-8/jre/lib/sunrsasign.jar:/usr/local/openjdk-8/jre/lib/jsse.jar:/usr/local/openjdk-8/jre/lib/jce.jar:/usr/local/openjdk-8/jre/lib/charsets.jar:/usr/local/openjdk-8/jre/lib/jfr.jar:/usr/local/openjdk-8/jre/classes"/>
    <property name="java.vendor" value="Oracle Corporation"/>
    <property name="rat.skip" value="true"/>
    <property name="maven.home" value="/usr/share/maven"/>
    <property name="file.separator" value="/"/>
    <property name="java.vendor.url.bug" value="http://bugreport.sun.com/bugreport/"/>
    <property name="sun.cpu.endian" value="little"/>
    <property name="sun.io.unicode.encoding" value="UnicodeLittle"/>
    <property name="sun.cpu.isalist" value=""/>
  </properties>
  <testcase name="test_of_duration" classname="org.threeten.extra.TestPeriodDuration" time="0"/>
  <testcase name="test_normalizedStandardDays" classname="org.threeten.extra.TestPeriodDuration" time="0"/>
  <testcase name="test_parse_CharSequence_null" classname="org.threeten.extra.TestPeriodDuration" time="0"/>
  <testcase name="test_isSerializable" classname="org.threeten.extra.TestPeriodDuration" time="0"/>
  <testcase name="test_plus_TemporalAmount_PeriodDuration" classname="org.threeten.extra.TestPeriodDuration" time="0"/>
  <testcase name="test_between_mixed1" classname="org.threeten.extra.TestPeriodDuration" time="0"/>
  <testcase name="test_between_mixed2" classname="org.threeten.extra.TestPeriodDuration" time="0"/>
  <testcase name="test_ZERO" classname="org.threeten.extra.TestPeriodDuration" time="0"/>
  <testcase name="test_from" classname="org.threeten.extra.TestPeriodDuration" time="0"/>
  <testcase name="test_parse_CharSequence_invalid[0: P3Q]" classname="org.threeten.extra.TestPeriodDuration" time="0"/>
  <testcase name="test_parse_CharSequence_invalid[1: P1M2Y]" classname="org.threeten.extra.TestPeriodDuration" time="0"/>
  <testcase name="test_parse_CharSequence_invalid[2: 3]" classname="org.threeten.extra.TestPeriodDuration" time="0"/>
  <testcase name="test_parse_CharSequence_invalid[3: -3]" classname="org.threeten.extra.TestPeriodDuration" time="0"/>
  <testcase name="test_parse_CharSequence_invalid[4: 3H]" classname="org.threeten.extra.TestPeriodDuration" time="0"/>
  <testcase name="test_parse_CharSequence_invalid[5: -3H]" classname="org.threeten.extra.TestPeriodDuration" time="0"/>
  <testcase name="test_parse_CharSequence_invalid[6: P3]" classname="org.threeten.extra.TestPeriodDuration" time="0"/>
  <testcase name="test_parse_CharSequence_invalid[7: P-3]" classname="org.threeten.extra.TestPeriodDuration" time="0"/>
  <testcase name="test_parse_CharSequence_invalid[8: PH]" classname="org.threeten.extra.TestPeriodDuration" time="0"/>
  <testcase name="test_parse_CharSequence_invalid[9: T]" classname="org.threeten.extra.TestPeriodDuration" time="0"/>
  <testcase name="test_parse_CharSequence_invalid[10: T3H]" classname="org.threeten.extra.TestPeriodDuration" time="0"/>
  <testcase name="test_hashCode" classname="org.threeten.extra.TestPeriodDuration" time="0"/>
  <testcase name="test_normalizedStandardDaysn_overflow" classname="org.threeten.extra.TestPeriodDuration" time="0"/>
  <testcase name="test_multipliedBy" classname="org.threeten.extra.TestPeriodDuration" time="0"/>
  <testcase name="test_equals" classname="org.threeten.extra.TestPeriodDuration" time="0"/>
  <testcase name="test_equals_null" classname="org.threeten.extra.TestPeriodDuration" time="0"/>
  <testcase name="test_minus_TemporalAmount_overflowTooBig" classname="org.threeten.extra.TestPeriodDuration" time="0"/>
  <testcase name="test_negated_overflow" classname="org.threeten.extra.TestPeriodDuration" time="0"/>
  <testcase name="test_subtractFrom" classname="org.threeten.extra.TestPeriodDuration" time="0"/>
  <testcase name="test_serialization" classname="org.threeten.extra.TestPeriodDuration" time="0"/>
  <testcase name="test_between_dates" classname="org.threeten.extra.TestPeriodDuration" time="0"/>
  <testcase name="test_between_times" classname="org.threeten.extra.TestPeriodDuration" time="0"/>
  <testcase name="test_normalizedYears" classname="org.threeten.extra.TestPeriodDuration" time="0"/>
  <testcase name="test_plus_TemporalAmount_overflowTooSmall" classname="org.threeten.extra.TestPeriodDuration" time="0"/>
  <testcase name="test_of_period" classname="org.threeten.extra.TestPeriodDuration" time="0"/>
  <testcase name="test_negated" classname="org.threeten.extra.TestPeriodDuration" time="0"/>
  <testcase name="test_ZERO_getEra" classname="org.threeten.extra.TestPeriodDuration" time="0"/>
  <testcase name="test_parse_CharSequence_valid_initialPlus[0: P1Y2M3W4DT5H6M7S, P1Y2M25D, PT5H6M7S]" classname="org.threeten.extra.TestPeriodDuration" time="0"/>
  <testcase name="test_parse_CharSequence_valid_initialPlus[1: P3Y, P3Y, PT0S]" classname="org.threeten.extra.TestPeriodDuration" time="0"/>
  <testcase name="test_parse_CharSequence_valid_initialPlus[2: P3M, P3M, PT0S]" classname="org.threeten.extra.TestPeriodDuration" time="0"/>
  <testcase name="test_parse_CharSequence_valid_initialPlus[3: P3W, P21D, PT0S]" classname="org.threeten.extra.TestPeriodDuration" time="0"/>
  <testcase name="test_parse_CharSequence_valid_initialPlus[4: P3D, P3D, PT0S]" classname="org.threeten.extra.TestPeriodDuration" time="0"/>
  <testcase name="test_parse_CharSequence_valid_initialPlus[5: PT0S, P0D, PT0S]" classname="org.threeten.extra.TestPeriodDuration" time="0"/>
  <testcase name="test_parse_CharSequence_valid_initialPlus[6: PT1S, P0D, PT1S]" classname="org.threeten.extra.TestPeriodDuration" time="0"/>
  <testcase name="test_parse_CharSequence_valid_initialPlus[7: PT2S, P0D, PT2S]" classname="org.threeten.extra.TestPeriodDuration" time="0"/>
  <testcase name="test_parse_CharSequence_valid_initialPlus[8: PT123456789S, P0D, PT34293H33M9S]" classname="org.threeten.extra.TestPeriodDuration" time="0"/>
  <testcase name="test_parse_CharSequence_valid_initialPlus[9: PT+0S, P0D, PT0S]" classname="org.threeten.extra.TestPeriodDuration" time="0"/>
  <testcase name="test_parse_CharSequence_valid_initialPlus[10: PT+2S, P0D, PT2S]" classname="org.threeten.extra.TestPeriodDuration" time="0"/>
  <testcase name="test_parse_CharSequence_valid_initialPlus[11: PT-0S, P0D, PT0S]" classname="org.threeten.extra.TestPeriodDuration" time="0"/>
  <testcase name="test_parse_CharSequence_valid_initialPlus[12: PT-2S, P0D, PT-2S]" classname="org.threeten.extra.TestPeriodDuration" time="0"/>
  <testcase name="test_parse_CharSequence_valid_initialPlus[13: P+0M, P0D, PT0S]" classname="org.threeten.extra.TestPeriodDuration" time="0"/>
  <testcase name="test_parse_CharSequence_valid_initialPlus[14: P+2M, P2M, PT0S]" classname="org.threeten.extra.TestPeriodDuration" time="0"/>
  <testcase name="test_parse_CharSequence_valid_initialPlus[15: P-0M, P0D, PT0S]" classname="org.threeten.extra.TestPeriodDuration" time="0"/>
  <testcase name="test_parse_CharSequence_valid_initialPlus[16: P-2M, P-2M, PT0S]" classname="org.threeten.extra.TestPeriodDuration" time="0"/>
  <testcase name="test_multipliedBy_overflowTooBig" classname="org.threeten.extra.TestPeriodDuration" time="0"/>
  <testcase name="test_minus_TemporalAmount_PeriodDuration" classname="org.threeten.extra.TestPeriodDuration" time="0"/>
  <testcase name="test_parse_CharSequence_valid_initialMinus[0: P1Y2M3W4DT5H6M7S, P1Y2M25D, PT5H6M7S]" classname="org.threeten.extra.TestPeriodDuration" time="0"/>
  <testcase name="test_parse_CharSequence_valid_initialMinus[1: P3Y, P3Y, PT0S]" classname="org.threeten.extra.TestPeriodDuration" time="0"/>
  <testcase name="test_parse_CharSequence_valid_initialMinus[2: P3M, P3M, PT0S]" classname="org.threeten.extra.TestPeriodDuration" time="0"/>
  <testcase name="test_parse_CharSequence_valid_initialMinus[3: P3W, P21D, PT0S]" classname="org.threeten.extra.TestPeriodDuration" time="0"/>
  <testcase name="test_parse_CharSequence_valid_initialMinus[4: P3D, P3D, PT0S]" classname="org.threeten.extra.TestPeriodDuration" time="0"/>
  <testcase name="test_parse_CharSequence_valid_initialMinus[5: PT0S, P0D, PT0S]" classname="org.threeten.extra.TestPeriodDuration" time="0"/>
  <testcase name="test_parse_CharSequence_valid_initialMinus[6: PT1S, P0D, PT1S]" classname="org.threeten.extra.TestPeriodDuration" time="0"/>
  <testcase name="test_parse_CharSequence_valid_initialMinus[7: PT2S, P0D, PT2S]" classname="org.threeten.extra.TestPeriodDuration" time="0"/>
  <testcase name="test_parse_CharSequence_valid_initialMinus[8: PT123456789S, P0D, PT34293H33M9S]" classname="org.threeten.extra.TestPeriodDuration" time="0"/>
  <testcase name="test_parse_CharSequence_valid_initialMinus[9: PT+0S, P0D, PT0S]" classname="org.threeten.extra.TestPeriodDuration" time="0"/>
  <testcase name="test_parse_CharSequence_valid_initialMinus[10: PT+2S, P0D, PT2S]" classname="org.threeten.extra.TestPeriodDuration" time="0"/>
  <testcase name="test_parse_CharSequence_valid_initialMinus[11: PT-0S, P0D, PT0S]" classname="org.threeten.extra.TestPeriodDuration" time="0"/>
  <testcase name="test_parse_CharSequence_valid_initialMinus[12: PT-2S, P0D, PT-2S]" classname="org.threeten.extra.TestPeriodDuration" time="0"/>
  <testcase name="test_parse_CharSequence_valid_initialMinus[13: P+0M, P0D, PT0S]" classname="org.threeten.extra.TestPeriodDuration" time="0"/>
  <testcase name="test_parse_CharSequence_valid_initialMinus[14: P+2M, P2M, PT0S]" classname="org.threeten.extra.TestPeriodDuration" time="0"/>
  <testcase name="test_parse_CharSequence_valid_initialMinus[15: P-0M, P0D, PT0S]" classname="org.threeten.extra.TestPeriodDuration" time="0"/>
  <testcase name="test_parse_CharSequence_valid_initialMinus[16: P-2M, P-2M, PT0S]" classname="org.threeten.extra.TestPeriodDuration" time="0"/>
  <testcase name="test_multipliedBy_overflowTooSmall" classname="org.threeten.extra.TestPeriodDuration" time="0"/>
  <testcase name="test_parse_CharSequence_valid[0: P1Y2M3W4DT5H6M7S, P1Y2M25D, PT5H6M7S]" classname="org.threeten.extra.TestPeriodDuration" time="0"/>
  <testcase name="test_parse_CharSequence_valid[1: P3Y, P3Y, PT0S]" classname="org.threeten.extra.TestPeriodDuration" time="0"/>
  <testcase name="test_parse_CharSequence_valid[2: P3M, P3M, PT0S]" classname="org.threeten.extra.TestPeriodDuration" time="0"/>
  <testcase name="test_parse_CharSequence_valid[3: P3W, P21D, PT0S]" classname="org.threeten.extra.TestPeriodDuration" time="0"/>
  <testcase name="test_parse_CharSequence_valid[4: P3D, P3D, PT0S]" classname="org.threeten.extra.TestPeriodDuration" time="0"/>
  <testcase name="test_parse_CharSequence_valid[5: PT0S, P0D, PT0S]" classname="org.threeten.extra.TestPeriodDuration" time="0"/>
  <testcase name="test_parse_CharSequence_valid[6: PT1S, P0D, PT1S]" classname="org.threeten.extra.TestPeriodDuration" time="0"/>
  <testcase name="test_parse_CharSequence_valid[7: PT2S, P0D, PT2S]" classname="org.threeten.extra.TestPeriodDuration" time="0"/>
  <testcase name="test_parse_CharSequence_valid[8: PT123456789S, P0D, PT34293H33M9S]" classname="org.threeten.extra.TestPeriodDuration" time="0"/>
  <testcase name="test_parse_CharSequence_valid[9: PT+0S, P0D, PT0S]" classname="org.threeten.extra.TestPeriodDuration" time="0"/>
  <testcase name="test_parse_CharSequence_valid[10: PT+2S, P0D, PT2S]" classname="org.threeten.extra.TestPeriodDuration" time="0"/>
  <testcase name="test_parse_CharSequence_valid[11: PT-0S, P0D, PT0S]" classname="org.threeten.extra.TestPeriodDuration" time="0"/>
  <testcase name="test_parse_CharSequence_valid[12: PT-2S, P0D, PT-2S]" classname="org.threeten.extra.TestPeriodDuration" time="0"/>
  <testcase name="test_parse_CharSequence_valid[13: P+0M, P0D, PT0S]" classname="org.threeten.extra.TestPeriodDuration" time="0"/>
  <testcase name="test_parse_CharSequence_valid[14: P+2M, P2M, PT0S]" classname="org.threeten.extra.TestPeriodDuration" time="0"/>
  <testcase name="test_parse_CharSequence_valid[15: P-0M, P0D, PT0S]" classname="org.threeten.extra.TestPeriodDuration" time="0"/>
  <testcase name="test_parse_CharSequence_valid[16: P-2M, P-2M, PT0S]" classname="org.threeten.extra.TestPeriodDuration" time="0"/>
  <testcase name="test_toString" classname="org.threeten.extra.TestPeriodDuration" time="0"/>
  <testcase name="test_of_both" classname="org.threeten.extra.TestPeriodDuration" time="0"/>
  <testcase name="test_plus_TemporalAmount_null" classname="org.threeten.extra.TestPeriodDuration" time="0"/>
  <testcase name="test_minus_TemporalAmount_null" classname="org.threeten.extra.TestPeriodDuration" time="0"/>
  <testcase name="test_plus_TemporalAmount_overflowTooBig" classname="org.threeten.extra.TestPeriodDuration" time="0"/>
  <testcase name="test_minus_TemporalAmount_overflowTooSmall" classname="org.threeten.extra.TestPeriodDuration" time="0"/>
  <testcase name="test_equals_otherClass" classname="org.threeten.extra.TestPeriodDuration" time="0"/>
  <testcase name="test_addTo" classname="org.threeten.extra.TestPeriodDuration" time="0"/>
</testsuite>