<?xml version="1.0" encoding="UTF-8"?>
<testsuite xmlns:xsi="http://www.w3.org/2001/XMLSchema-instance" xsi:schemaLocation="https://maven.apache.org/surefire/maven-surefire-plugin/xsd/surefire-test-report.xsd" name="org.threeten.extra.chrono.TestAccountingChronologyBuilder" time="0.132" tests="314" errors="0" skipped="0" failures="0">
  <properties>
    <property name="java.runtime.name" value="OpenJDK Runtime Environment"/>
    <property name="sun.boot.library.path" value="/usr/local/openjdk-8/jre/lib/amd64"/>
    <property name="java.vm.version" value="25.262-b10"/>
    <property name="animal.sniffer.skip" value="true"/>
    <property name="java.vm.vendor" value="Oracle Corporation"/>
    <property name="maven.multiModuleProjectDirectory" value="/tmp/tmpykopg0s2/threeten-extra"/>
    <property name="maven.javadoc.skip" value="true"/>
    <property name="java.vendor.url" value="http://java.oracle.com/"/>
    <property name="path.separator" value=":"/>
    <property name="guice.disable.misplaced.annotation.check" value="true"/>
    <property name="java.vm.name" value="OpenJDK 64-Bit Server VM"/>
    <property name="file.encoding.pkg" value="sun.io"/>
    <property name="sun.java.launcher" value="SUN_STANDARD"/>
    <property name="sun.os.patch.level" value="unknown"/>
    <property name="source.skip" value="true"/>
    <property name="java.vm.specification.name" value="Java Virtual Machine Specification"/>
    <property name="user.dir" value="/tmp/tmpykopg0s2/threeten-extra"/>
    <property name="java.runtime.version" value="1.8.0_262-b10"/>
    <property name="java.awt.graphicsenv" value="sun.awt.X11GraphicsEnvironment"/>
    <property name="java.endorsed.dirs" value="/usr/local/openjdk-8/jre/lib/endorsed"/>
    <property name="os.arch" value="amd64"/>
    <property name="java.io.tmpdir" value="/tmp"/>
    <property name="line.separator" value="&#10;"/>
    <property name="java.vm.specification.vendor" value="Oracle Corporation"/>
    <property name="os.name" value="Linux"/>
    <property name="classworlds.conf" value="/usr/share/maven/bin/m2.conf"/>
    <property name="sun.jnu.encoding" value="UTF-8"/>
    <property name="java.library.path" value="/usr/java/packages/lib/amd64:/usr/lib64:/lib64:/lib:/usr/lib"/>
    <property name="license.skip" value="true"/>
    <property name="maven.conf" value="/usr/share/maven/conf"/>
    <property name="java.specification.name" value="Java Platform API Specification"/>
    <property name="java.class.version" value="52.0"/>
    <property name="sun.management.compiler" value="HotSpot 64-Bit Tiered Compilers"/>
    <property name="maven.test.failure.ignore" value="true"/>
    <property name="os.version" value="4.15.0-109-generic"/>
    <property name="library.jansi.path" value="/usr/share/maven/lib/jansi-native"/>
    <property name="user.home" value="/home/jdbl"/>
    <property name="user.timezone" value="Etc/UTC"/>
    <property name="java.awt.printerjob" value="sun.print.PSPrinterJob"/>
    <property name="java.specification.version" value="1.8"/>
    <property name="file.encoding" value="UTF-8"/>
    <property name="user.name" value="jdbl"/>
    <property name="java.class.path" value="/usr/share/maven/boot/plexus-classworlds-2.6.0.jar"/>
    <property name="java.vm.specification.version" value="1.8"/>
    <property name="sun.arch.data.model" value="64"/>
    <property name="java.home" value="/usr/local/openjdk-8/jre"/>
    <property name="sun.java.command" value="org.codehaus.plexus.classworlds.launcher.Launcher test -e --fail-never -ntp -Dmaven.test.failure.ignore=true -B -Dmaven.javadoc.skip=true -Drat.skip=true -Danimal.sniffer.skip=true -Dmaven.javadoc.skip=true -Dlicense.skip=true -Dsource.skip=true"/>
    <property name="java.specification.vendor" value="Oracle Corporation"/>
    <property name="user.language" value="en"/>
    <property name="awt.toolkit" value="sun.awt.X11.XToolkit"/>
    <property name="java.vm.info" value="mixed mode"/>
    <property name="java.version" value="1.8.0_262"/>
    <property name="java.ext.dirs" value="/usr/local/openjdk-8/jre/lib/ext:/usr/java/packages/lib/ext"/>
    <property name="securerandom.source" value="file:/dev/./urandom"/>
    <property name="sun.boot.class.path" value="/usr/local/openjdk-8/jre/lib/resources.jar:/usr/local/openjdk-8/jre/lib/rt.jar:/usr/local/openjdk-8/jre/lib/sunrsasign.jar:/usr/local/openjdk-8/jre/lib/jsse.jar:/usr/local/openjdk-8/jre/lib/jce.jar:/usr/local/openjdk-8/jre/lib/charsets.jar:/usr/local/openjdk-8/jre/lib/jfr.jar:/usr/local/openjdk-8/jre/classes"/>
    <property name="java.vendor" value="Oracle Corporation"/>
    <property name="rat.skip" value="true"/>
    <property name="maven.home" value="/usr/share/maven"/>
    <property name="file.separator" value="/"/>
    <property name="java.vendor.url.bug" value="http://bugreport.sun.com/bugreport/"/>
    <property name="sun.cpu.endian" value="little"/>
    <property name="sun.io.unicode.encoding" value="UnicodeLittle"/>
    <property name="sun.cpu.isalist" value=""/>
  </properties>
  <testcase name="test_negativeWeeks_getMonthFromElapsedWeekspublic[0: QUARTERS_OF_PATTERN_4_4_5_WEEKS, [4, 4, 5, 4, 4, 5, 4, 4, 5, 4, 4, 5], 1]" classname="org.threeten.extra.chrono.TestAccountingChronologyBuilder" time="0"/>
  <testcase name="test_negativeWeeks_getMonthFromElapsedWeekspublic[1: QUARTERS_OF_PATTERN_4_4_5_WEEKS, [4, 4, 5, 4, 4, 5, 4, 4, 5, 4, 4, 5], 2]" classname="org.threeten.extra.chrono.TestAccountingChronologyBuilder" time="0"/>
  <testcase name="test_negativeWeeks_getMonthFromElapsedWeekspublic[2: QUARTERS_OF_PATTERN_4_4_5_WEEKS, [4, 4, 5, 4, 4, 5, 4, 4, 5, 4, 4, 5], 3]" classname="org.threeten.extra.chrono.TestAccountingChronologyBuilder" time="0"/>
  <testcase name="test_negativeWeeks_getMonthFromElapsedWeekspublic[3: QUARTERS_OF_PATTERN_4_4_5_WEEKS, [4, 4, 5, 4, 4, 5, 4, 4, 5, 4, 4, 5], 4]" classname="org.threeten.extra.chrono.TestAccountingChronologyBuilder" time="0"/>
  <testcase name="test_negativeWeeks_getMonthFromElapsedWeekspublic[4: QUARTERS_OF_PATTERN_4_4_5_WEEKS, [4, 4, 5, 4, 4, 5, 4, 4, 5, 4, 4, 5], 5]" classname="org.threeten.extra.chrono.TestAccountingChronologyBuilder" time="0"/>
  <testcase name="test_negativeWeeks_getMonthFromElapsedWeekspublic[5: QUARTERS_OF_PATTERN_4_4_5_WEEKS, [4, 4, 5, 4, 4, 5, 4, 4, 5, 4, 4, 5], 6]" classname="org.threeten.extra.chrono.TestAccountingChronologyBuilder" time="0"/>
  <testcase name="test_negativeWeeks_getMonthFromElapsedWeekspublic[6: QUARTERS_OF_PATTERN_4_4_5_WEEKS, [4, 4, 5, 4, 4, 5, 4, 4, 5, 4, 4, 5], 7]" classname="org.threeten.extra.chrono.TestAccountingChronologyBuilder" time="0"/>
  <testcase name="test_negativeWeeks_getMonthFromElapsedWeekspublic[7: QUARTERS_OF_PATTERN_4_4_5_WEEKS, [4, 4, 5, 4, 4, 5, 4, 4, 5, 4, 4, 5], 8]" classname="org.threeten.extra.chrono.TestAccountingChronologyBuilder" time="0"/>
  <testcase name="test_negativeWeeks_getMonthFromElapsedWeekspublic[8: QUARTERS_OF_PATTERN_4_4_5_WEEKS, [4, 4, 5, 4, 4, 5, 4, 4, 5, 4, 4, 5], 9]" classname="org.threeten.extra.chrono.TestAccountingChronologyBuilder" time="0"/>
  <testcase name="test_negativeWeeks_getMonthFromElapsedWeekspublic[9: QUARTERS_OF_PATTERN_4_4_5_WEEKS, [4, 4, 5, 4, 4, 5, 4, 4, 5, 4, 4, 5], 10]" classname="org.threeten.extra.chrono.TestAccountingChronologyBuilder" time="0"/>
  <testcase name="test_negativeWeeks_getMonthFromElapsedWeekspublic[10: QUARTERS_OF_PATTERN_4_4_5_WEEKS, [4, 4, 5, 4, 4, 5, 4, 4, 5, 4, 4, 5], 11]" classname="org.threeten.extra.chrono.TestAccountingChronologyBuilder" time="0"/>
  <testcase name="test_negativeWeeks_getMonthFromElapsedWeekspublic[11: QUARTERS_OF_PATTERN_4_4_5_WEEKS, [4, 4, 5, 4, 4, 5, 4, 4, 5, 4, 4, 5], 12]" classname="org.threeten.extra.chrono.TestAccountingChronologyBuilder" time="0"/>
  <testcase name="test_negativeWeeks_getMonthFromElapsedWeekspublic[12: QUARTERS_OF_PATTERN_4_5_4_WEEKS, [4, 5, 4, 4, 5, 4, 4, 5, 4, 4, 5, 4], 1]" classname="org.threeten.extra.chrono.TestAccountingChronologyBuilder" time="0"/>
  <testcase name="test_negativeWeeks_getMonthFromElapsedWeekspublic[13: QUARTERS_OF_PATTERN_4_5_4_WEEKS, [4, 5, 4, 4, 5, 4, 4, 5, 4, 4, 5, 4], 2]" classname="org.threeten.extra.chrono.TestAccountingChronologyBuilder" time="0"/>
  <testcase name="test_negativeWeeks_getMonthFromElapsedWeekspublic[14: QUARTERS_OF_PATTERN_4_5_4_WEEKS, [4, 5, 4, 4, 5, 4, 4, 5, 4, 4, 5, 4], 3]" classname="org.threeten.extra.chrono.TestAccountingChronologyBuilder" time="0"/>
  <testcase name="test_negativeWeeks_getMonthFromElapsedWeekspublic[15: QUARTERS_OF_PATTERN_5_4_4_WEEKS, [5, 4, 4, 5, 4, 4, 5, 4, 4, 5, 4, 4], 1]" classname="org.threeten.extra.chrono.TestAccountingChronologyBuilder" time="0"/>
  <testcase name="test_negativeWeeks_getMonthFromElapsedWeekspublic[16: QUARTERS_OF_PATTERN_5_4_4_WEEKS, [5, 4, 4, 5, 4, 4, 5, 4, 4, 5, 4, 4], 2]" classname="org.threeten.extra.chrono.TestAccountingChronologyBuilder" time="0"/>
  <testcase name="test_negativeWeeks_getMonthFromElapsedWeekspublic[17: QUARTERS_OF_PATTERN_5_4_4_WEEKS, [5, 4, 4, 5, 4, 4, 5, 4, 4, 5, 4, 4], 3]" classname="org.threeten.extra.chrono.TestAccountingChronologyBuilder" time="0"/>
  <testcase name="test_negativeWeeks_getMonthFromElapsedWeekspublic[18: THIRTEEN_EVEN_MONTHS_OF_4_WEEKS, [4, 4, 4, 4, 4, 4, 4, 4, 4, 4, 4, 4, 4], 13]" classname="org.threeten.extra.chrono.TestAccountingChronologyBuilder" time="0"/>
  <testcase name="test_extraWeeksLeap_getMonthFromElapsedWeekspublic[0: QUARTERS_OF_PATTERN_4_4_5_WEEKS, [4, 4, 5, 4, 4, 5, 4, 4, 5, 4, 4, 5], 1]" classname="org.threeten.extra.chrono.TestAccountingChronologyBuilder" time="0"/>
  <testcase name="test_extraWeeksLeap_getMonthFromElapsedWeekspublic[1: QUARTERS_OF_PATTERN_4_4_5_WEEKS, [4, 4, 5, 4, 4, 5, 4, 4, 5, 4, 4, 5], 2]" classname="org.threeten.extra.chrono.TestAccountingChronologyBuilder" time="0"/>
  <testcase name="test_extraWeeksLeap_getMonthFromElapsedWeekspublic[2: QUARTERS_OF_PATTERN_4_4_5_WEEKS, [4, 4, 5, 4, 4, 5, 4, 4, 5, 4, 4, 5], 3]" classname="org.threeten.extra.chrono.TestAccountingChronologyBuilder" time="0"/>
  <testcase name="test_extraWeeksLeap_getMonthFromElapsedWeekspublic[3: QUARTERS_OF_PATTERN_4_4_5_WEEKS, [4, 4, 5, 4, 4, 5, 4, 4, 5, 4, 4, 5], 4]" classname="org.threeten.extra.chrono.TestAccountingChronologyBuilder" time="0"/>
  <testcase name="test_extraWeeksLeap_getMonthFromElapsedWeekspublic[4: QUARTERS_OF_PATTERN_4_4_5_WEEKS, [4, 4, 5, 4, 4, 5, 4, 4, 5, 4, 4, 5], 5]" classname="org.threeten.extra.chrono.TestAccountingChronologyBuilder" time="0"/>
  <testcase name="test_extraWeeksLeap_getMonthFromElapsedWeekspublic[5: QUARTERS_OF_PATTERN_4_4_5_WEEKS, [4, 4, 5, 4, 4, 5, 4, 4, 5, 4, 4, 5], 6]" classname="org.threeten.extra.chrono.TestAccountingChronologyBuilder" time="0"/>
  <testcase name="test_extraWeeksLeap_getMonthFromElapsedWeekspublic[6: QUARTERS_OF_PATTERN_4_4_5_WEEKS, [4, 4, 5, 4, 4, 5, 4, 4, 5, 4, 4, 5], 7]" classname="org.threeten.extra.chrono.TestAccountingChronologyBuilder" time="0"/>
  <testcase name="test_extraWeeksLeap_getMonthFromElapsedWeekspublic[7: QUARTERS_OF_PATTERN_4_4_5_WEEKS, [4, 4, 5, 4, 4, 5, 4, 4, 5, 4, 4, 5], 8]" classname="org.threeten.extra.chrono.TestAccountingChronologyBuilder" time="0"/>
  <testcase name="test_extraWeeksLeap_getMonthFromElapsedWeekspublic[8: QUARTERS_OF_PATTERN_4_4_5_WEEKS, [4, 4, 5, 4, 4, 5, 4, 4, 5, 4, 4, 5], 9]" classname="org.threeten.extra.chrono.TestAccountingChronologyBuilder" time="0"/>
  <testcase name="test_extraWeeksLeap_getMonthFromElapsedWeekspublic[9: QUARTERS_OF_PATTERN_4_4_5_WEEKS, [4, 4, 5, 4, 4, 5, 4, 4, 5, 4, 4, 5], 10]" classname="org.threeten.extra.chrono.TestAccountingChronologyBuilder" time="0"/>
  <testcase name="test_extraWeeksLeap_getMonthFromElapsedWeekspublic[10: QUARTERS_OF_PATTERN_4_4_5_WEEKS, [4, 4, 5, 4, 4, 5, 4, 4, 5, 4, 4, 5], 11]" classname="org.threeten.extra.chrono.TestAccountingChronologyBuilder" time="0"/>
  <testcase name="test_extraWeeksLeap_getMonthFromElapsedWeekspublic[11: QUARTERS_OF_PATTERN_4_4_5_WEEKS, [4, 4, 5, 4, 4, 5, 4, 4, 5, 4, 4, 5], 12]" classname="org.threeten.extra.chrono.TestAccountingChronologyBuilder" time="0"/>
  <testcase name="test_extraWeeksLeap_getMonthFromElapsedWeekspublic[12: QUARTERS_OF_PATTERN_4_5_4_WEEKS, [4, 5, 4, 4, 5, 4, 4, 5, 4, 4, 5, 4], 1]" classname="org.threeten.extra.chrono.TestAccountingChronologyBuilder" time="0"/>
  <testcase name="test_extraWeeksLeap_getMonthFromElapsedWeekspublic[13: QUARTERS_OF_PATTERN_4_5_4_WEEKS, [4, 5, 4, 4, 5, 4, 4, 5, 4, 4, 5, 4], 2]" classname="org.threeten.extra.chrono.TestAccountingChronologyBuilder" time="0"/>
  <testcase name="test_extraWeeksLeap_getMonthFromElapsedWeekspublic[14: QUARTERS_OF_PATTERN_4_5_4_WEEKS, [4, 5, 4, 4, 5, 4, 4, 5, 4, 4, 5, 4], 3]" classname="org.threeten.extra.chrono.TestAccountingChronologyBuilder" time="0"/>
  <testcase name="test_extraWeeksLeap_getMonthFromElapsedWeekspublic[15: QUARTERS_OF_PATTERN_5_4_4_WEEKS, [5, 4, 4, 5, 4, 4, 5, 4, 4, 5, 4, 4], 1]" classname="org.threeten.extra.chrono.TestAccountingChronologyBuilder" time="0"/>
  <testcase name="test_extraWeeksLeap_getMonthFromElapsedWeekspublic[16: QUARTERS_OF_PATTERN_5_4_4_WEEKS, [5, 4, 4, 5, 4, 4, 5, 4, 4, 5, 4, 4], 2]" classname="org.threeten.extra.chrono.TestAccountingChronologyBuilder" time="0"/>
  <testcase name="test_extraWeeksLeap_getMonthFromElapsedWeekspublic[17: QUARTERS_OF_PATTERN_5_4_4_WEEKS, [5, 4, 4, 5, 4, 4, 5, 4, 4, 5, 4, 4], 3]" classname="org.threeten.extra.chrono.TestAccountingChronologyBuilder" time="0"/>
  <testcase name="test_extraWeeksLeap_getMonthFromElapsedWeekspublic[18: THIRTEEN_EVEN_MONTHS_OF_4_WEEKS, [4, 4, 4, 4, 4, 4, 4, 4, 4, 4, 4, 4, 4], 13]" classname="org.threeten.extra.chrono.TestAccountingChronologyBuilder" time="0"/>
  <testcase name="test_date_int_int_int_inLastWeekOf[0: MONDAY, JANUARY]" classname="org.threeten.extra.chrono.TestAccountingChronologyBuilder" time="0.017"/>
  <testcase name="test_date_int_int_int_inLastWeekOf[1: TUESDAY, MARCH]" classname="org.threeten.extra.chrono.TestAccountingChronologyBuilder" time="0.001"/>
  <testcase name="test_date_int_int_int_inLastWeekOf[2: WEDNESDAY, APRIL]" classname="org.threeten.extra.chrono.TestAccountingChronologyBuilder" time="0.001"/>
  <testcase name="test_date_int_int_int_inLastWeekOf[3: THURSDAY, MAY]" classname="org.threeten.extra.chrono.TestAccountingChronologyBuilder" time="0.002"/>
  <testcase name="test_date_int_int_int_inLastWeekOf[4: FRIDAY, JUNE]" classname="org.threeten.extra.chrono.TestAccountingChronologyBuilder" time="0.001"/>
  <testcase name="test_date_int_int_int_inLastWeekOf[5: SATURDAY, JULY]" classname="org.threeten.extra.chrono.TestAccountingChronologyBuilder" time="0.002"/>
  <testcase name="test_date_int_int_int_inLastWeekOf[6: SUNDAY, AUGUST]" classname="org.threeten.extra.chrono.TestAccountingChronologyBuilder" time="0.001"/>
  <testcase name="test_date_int_int_int_inLastWeekOf[7: MONDAY, SEPTEMBER]" classname="org.threeten.extra.chrono.TestAccountingChronologyBuilder" time="0.001"/>
  <testcase name="test_date_int_int_int_inLastWeekOf[8: TUESDAY, OCTOBER]" classname="org.threeten.extra.chrono.TestAccountingChronologyBuilder" time="0.001"/>
  <testcase name="test_date_int_int_int_inLastWeekOf[9: WEDNESDAY, NOVEMBER]" classname="org.threeten.extra.chrono.TestAccountingChronologyBuilder" time="0.001"/>
  <testcase name="test_date_int_int_int_inLastWeekOf[10: THURSDAY, DECEMBER]" classname="org.threeten.extra.chrono.TestAccountingChronologyBuilder" time="0.001"/>
  <testcase name="test_date_int_int_int_inLastWeekOf[11: MONDAY, FEBRUARY]" classname="org.threeten.extra.chrono.TestAccountingChronologyBuilder" time="0.001"/>
  <testcase name="test_date_int_int_int_inLastWeekOf[12: TUESDAY, FEBRUARY]" classname="org.threeten.extra.chrono.TestAccountingChronologyBuilder" time="0.001"/>
  <testcase name="test_date_int_int_int_inLastWeekOf[13: WEDNESDAY, FEBRUARY]" classname="org.threeten.extra.chrono.TestAccountingChronologyBuilder" time="0.001"/>
  <testcase name="test_date_int_int_int_inLastWeekOf[14: THURSDAY, FEBRUARY]" classname="org.threeten.extra.chrono.TestAccountingChronologyBuilder" time="0.001"/>
  <testcase name="test_date_int_int_int_inLastWeekOf[15: FRIDAY, FEBRUARY]" classname="org.threeten.extra.chrono.TestAccountingChronologyBuilder" time="0.001"/>
  <testcase name="test_date_int_int_int_inLastWeekOf[16: SATURDAY, FEBRUARY]" classname="org.threeten.extra.chrono.TestAccountingChronologyBuilder" time="0.001"/>
  <testcase name="test_date_int_int_int_inLastWeekOf[17: SUNDAY, FEBRUARY]" classname="org.threeten.extra.chrono.TestAccountingChronologyBuilder" time="0"/>
  <testcase name="test_previousLeapYears_inLastWeekOf[0: MONDAY, JANUARY]" classname="org.threeten.extra.chrono.TestAccountingChronologyBuilder" time="0.003"/>
  <testcase name="test_previousLeapYears_inLastWeekOf[1: TUESDAY, MARCH]" classname="org.threeten.extra.chrono.TestAccountingChronologyBuilder" time="0.001"/>
  <testcase name="test_previousLeapYears_inLastWeekOf[2: WEDNESDAY, APRIL]" classname="org.threeten.extra.chrono.TestAccountingChronologyBuilder" time="0.001"/>
  <testcase name="test_previousLeapYears_inLastWeekOf[3: THURSDAY, MAY]" classname="org.threeten.extra.chrono.TestAccountingChronologyBuilder" time="0.002"/>
  <testcase name="test_previousLeapYears_inLastWeekOf[4: FRIDAY, JUNE]" classname="org.threeten.extra.chrono.TestAccountingChronologyBuilder" time="0.001"/>
  <testcase name="test_previousLeapYears_inLastWeekOf[5: SATURDAY, JULY]" classname="org.threeten.extra.chrono.TestAccountingChronologyBuilder" time="0.001"/>
  <testcase name="test_previousLeapYears_inLastWeekOf[6: SUNDAY, AUGUST]" classname="org.threeten.extra.chrono.TestAccountingChronologyBuilder" time="0.001"/>
  <testcase name="test_previousLeapYears_inLastWeekOf[7: MONDAY, SEPTEMBER]" classname="org.threeten.extra.chrono.TestAccountingChronologyBuilder" time="0.001"/>
  <testcase name="test_previousLeapYears_inLastWeekOf[8: TUESDAY, OCTOBER]" classname="org.threeten.extra.chrono.TestAccountingChronologyBuilder" time="0"/>
  <testcase name="test_previousLeapYears_inLastWeekOf[9: WEDNESDAY, NOVEMBER]" classname="org.threeten.extra.chrono.TestAccountingChronologyBuilder" time="0.001"/>
  <testcase name="test_previousLeapYears_inLastWeekOf[10: THURSDAY, DECEMBER]" classname="org.threeten.extra.chrono.TestAccountingChronologyBuilder" time="0.001"/>
  <testcase name="test_previousLeapYears_inLastWeekOf[11: MONDAY, FEBRUARY]" classname="org.threeten.extra.chrono.TestAccountingChronologyBuilder" time="0.001"/>
  <testcase name="test_previousLeapYears_inLastWeekOf[12: TUESDAY, FEBRUARY]" classname="org.threeten.extra.chrono.TestAccountingChronologyBuilder" time="0"/>
  <testcase name="test_previousLeapYears_inLastWeekOf[13: WEDNESDAY, FEBRUARY]" classname="org.threeten.extra.chrono.TestAccountingChronologyBuilder" time="0.001"/>
  <testcase name="test_previousLeapYears_inLastWeekOf[14: THURSDAY, FEBRUARY]" classname="org.threeten.extra.chrono.TestAccountingChronologyBuilder" time="0.001"/>
  <testcase name="test_previousLeapYears_inLastWeekOf[15: FRIDAY, FEBRUARY]" classname="org.threeten.extra.chrono.TestAccountingChronologyBuilder" time="0.001"/>
  <testcase name="test_previousLeapYears_inLastWeekOf[16: SATURDAY, FEBRUARY]" classname="org.threeten.extra.chrono.TestAccountingChronologyBuilder" time="0"/>
  <testcase name="test_previousLeapYears_inLastWeekOf[17: SUNDAY, FEBRUARY]" classname="org.threeten.extra.chrono.TestAccountingChronologyBuilder" time="0"/>
  <testcase name="test_date_int_int_int_nearestEndOf[0: MONDAY, JANUARY]" classname="org.threeten.extra.chrono.TestAccountingChronologyBuilder" time="0"/>
  <testcase name="test_date_int_int_int_nearestEndOf[1: TUESDAY, MARCH]" classname="org.threeten.extra.chrono.TestAccountingChronologyBuilder" time="0.001"/>
  <testcase name="test_date_int_int_int_nearestEndOf[2: WEDNESDAY, APRIL]" classname="org.threeten.extra.chrono.TestAccountingChronologyBuilder" time="0.001"/>
  <testcase name="test_date_int_int_int_nearestEndOf[3: THURSDAY, MAY]" classname="org.threeten.extra.chrono.TestAccountingChronologyBuilder" time="0"/>
  <testcase name="test_date_int_int_int_nearestEndOf[4: FRIDAY, JUNE]" classname="org.threeten.extra.chrono.TestAccountingChronologyBuilder" time="0.001"/>
  <testcase name="test_date_int_int_int_nearestEndOf[5: SATURDAY, JULY]" classname="org.threeten.extra.chrono.TestAccountingChronologyBuilder" time="0.001"/>
  <testcase name="test_date_int_int_int_nearestEndOf[6: SUNDAY, AUGUST]" classname="org.threeten.extra.chrono.TestAccountingChronologyBuilder" time="0"/>
  <testcase name="test_date_int_int_int_nearestEndOf[7: MONDAY, SEPTEMBER]" classname="org.threeten.extra.chrono.TestAccountingChronologyBuilder" time="0.001"/>
  <testcase name="test_date_int_int_int_nearestEndOf[8: TUESDAY, OCTOBER]" classname="org.threeten.extra.chrono.TestAccountingChronologyBuilder" time="0.005"/>
  <testcase name="test_date_int_int_int_nearestEndOf[9: WEDNESDAY, NOVEMBER]" classname="org.threeten.extra.chrono.TestAccountingChronologyBuilder" time="0"/>
  <testcase name="test_date_int_int_int_nearestEndOf[10: THURSDAY, DECEMBER]" classname="org.threeten.extra.chrono.TestAccountingChronologyBuilder" time="0"/>
  <testcase name="test_date_int_int_int_nearestEndOf[11: MONDAY, FEBRUARY]" classname="org.threeten.extra.chrono.TestAccountingChronologyBuilder" time="0"/>
  <testcase name="test_date_int_int_int_nearestEndOf[12: TUESDAY, FEBRUARY]" classname="org.threeten.extra.chrono.TestAccountingChronologyBuilder" time="0"/>
  <testcase name="test_date_int_int_int_nearestEndOf[13: WEDNESDAY, FEBRUARY]" classname="org.threeten.extra.chrono.TestAccountingChronologyBuilder" time="0.001"/>
  <testcase name="test_date_int_int_int_nearestEndOf[14: THURSDAY, FEBRUARY]" classname="org.threeten.extra.chrono.TestAccountingChronologyBuilder" time="0"/>
  <testcase name="test_date_int_int_int_nearestEndOf[15: FRIDAY, FEBRUARY]" classname="org.threeten.extra.chrono.TestAccountingChronologyBuilder" time="0.001"/>
  <testcase name="test_date_int_int_int_nearestEndOf[16: SATURDAY, FEBRUARY]" classname="org.threeten.extra.chrono.TestAccountingChronologyBuilder" time="0"/>
  <testcase name="test_date_int_int_int_nearestEndOf[17: SUNDAY, FEBRUARY]" classname="org.threeten.extra.chrono.TestAccountingChronologyBuilder" time="0.001"/>
  <testcase name="test_getWeeksAtStartOf[0: QUARTERS_OF_PATTERN_4_4_5_WEEKS, [4, 4, 5, 4, 4, 5, 4, 4, 5, 4, 4, 5], 1]" classname="org.threeten.extra.chrono.TestAccountingChronologyBuilder" time="0"/>
  <testcase name="test_getWeeksAtStartOf[1: QUARTERS_OF_PATTERN_4_4_5_WEEKS, [4, 4, 5, 4, 4, 5, 4, 4, 5, 4, 4, 5], 2]" classname="org.threeten.extra.chrono.TestAccountingChronologyBuilder" time="0"/>
  <testcase name="test_getWeeksAtStartOf[2: QUARTERS_OF_PATTERN_4_4_5_WEEKS, [4, 4, 5, 4, 4, 5, 4, 4, 5, 4, 4, 5], 3]" classname="org.threeten.extra.chrono.TestAccountingChronologyBuilder" time="0"/>
  <testcase name="test_getWeeksAtStartOf[3: QUARTERS_OF_PATTERN_4_4_5_WEEKS, [4, 4, 5, 4, 4, 5, 4, 4, 5, 4, 4, 5], 4]" classname="org.threeten.extra.chrono.TestAccountingChronologyBuilder" time="0"/>
  <testcase name="test_getWeeksAtStartOf[4: QUARTERS_OF_PATTERN_4_4_5_WEEKS, [4, 4, 5, 4, 4, 5, 4, 4, 5, 4, 4, 5], 5]" classname="org.threeten.extra.chrono.TestAccountingChronologyBuilder" time="0"/>
  <testcase name="test_getWeeksAtStartOf[5: QUARTERS_OF_PATTERN_4_4_5_WEEKS, [4, 4, 5, 4, 4, 5, 4, 4, 5, 4, 4, 5], 6]" classname="org.threeten.extra.chrono.TestAccountingChronologyBuilder" time="0"/>
  <testcase name="test_getWeeksAtStartOf[6: QUARTERS_OF_PATTERN_4_4_5_WEEKS, [4, 4, 5, 4, 4, 5, 4, 4, 5, 4, 4, 5], 7]" classname="org.threeten.extra.chrono.TestAccountingChronologyBuilder" time="0"/>
  <testcase name="test_getWeeksAtStartOf[7: QUARTERS_OF_PATTERN_4_4_5_WEEKS, [4, 4, 5, 4, 4, 5, 4, 4, 5, 4, 4, 5], 8]" classname="org.threeten.extra.chrono.TestAccountingChronologyBuilder" time="0"/>
  <testcase name="test_getWeeksAtStartOf[8: QUARTERS_OF_PATTERN_4_4_5_WEEKS, [4, 4, 5, 4, 4, 5, 4, 4, 5, 4, 4, 5], 9]" classname="org.threeten.extra.chrono.TestAccountingChronologyBuilder" time="0"/>
  <testcase name="test_getWeeksAtStartOf[9: QUARTERS_OF_PATTERN_4_4_5_WEEKS, [4, 4, 5, 4, 4, 5, 4, 4, 5, 4, 4, 5], 10]" classname="org.threeten.extra.chrono.TestAccountingChronologyBuilder" time="0"/>
  <testcase name="test_getWeeksAtStartOf[10: QUARTERS_OF_PATTERN_4_4_5_WEEKS, [4, 4, 5, 4, 4, 5, 4, 4, 5, 4, 4, 5], 11]" classname="org.threeten.extra.chrono.TestAccountingChronologyBuilder" time="0"/>
  <testcase name="test_getWeeksAtStartOf[11: QUARTERS_OF_PATTERN_4_4_5_WEEKS, [4, 4, 5, 4, 4, 5, 4, 4, 5, 4, 4, 5], 12]" classname="org.threeten.extra.chrono.TestAccountingChronologyBuilder" time="0"/>
  <testcase name="test_getWeeksAtStartOf[12: QUARTERS_OF_PATTERN_4_5_4_WEEKS, [4, 5, 4, 4, 5, 4, 4, 5, 4, 4, 5, 4], 1]" classname="org.threeten.extra.chrono.TestAccountingChronologyBuilder" time="0"/>
  <testcase name="test_getWeeksAtStartOf[13: QUARTERS_OF_PATTERN_4_5_4_WEEKS, [4, 5, 4, 4, 5, 4, 4, 5, 4, 4, 5, 4], 2]" classname="org.threeten.extra.chrono.TestAccountingChronologyBuilder" time="0"/>
  <testcase name="test_getWeeksAtStartOf[14: QUARTERS_OF_PATTERN_4_5_4_WEEKS, [4, 5, 4, 4, 5, 4, 4, 5, 4, 4, 5, 4], 3]" classname="org.threeten.extra.chrono.TestAccountingChronologyBuilder" time="0"/>
  <testcase name="test_getWeeksAtStartOf[15: QUARTERS_OF_PATTERN_5_4_4_WEEKS, [5, 4, 4, 5, 4, 4, 5, 4, 4, 5, 4, 4], 1]" classname="org.threeten.extra.chrono.TestAccountingChronologyBuilder" time="0"/>
  <testcase name="test_getWeeksAtStartOf[16: QUARTERS_OF_PATTERN_5_4_4_WEEKS, [5, 4, 4, 5, 4, 4, 5, 4, 4, 5, 4, 4], 2]" classname="org.threeten.extra.chrono.TestAccountingChronologyBuilder" time="0"/>
  <testcase name="test_getWeeksAtStartOf[17: QUARTERS_OF_PATTERN_5_4_4_WEEKS, [5, 4, 4, 5, 4, 4, 5, 4, 4, 5, 4, 4], 3]" classname="org.threeten.extra.chrono.TestAccountingChronologyBuilder" time="0"/>
  <testcase name="test_getWeeksAtStartOf[18: THIRTEEN_EVEN_MONTHS_OF_4_WEEKS, [4, 4, 4, 4, 4, 4, 4, 4, 4, 4, 4, 4, 4], 13]" classname="org.threeten.extra.chrono.TestAccountingChronologyBuilder" time="0"/>
  <testcase name="test_previousLeapYears_nearestEndOf[0: MONDAY, JANUARY]" classname="org.threeten.extra.chrono.TestAccountingChronologyBuilder" time="0.003"/>
  <testcase name="test_previousLeapYears_nearestEndOf[1: TUESDAY, MARCH]" classname="org.threeten.extra.chrono.TestAccountingChronologyBuilder" time="0.001"/>
  <testcase name="test_previousLeapYears_nearestEndOf[2: WEDNESDAY, APRIL]" classname="org.threeten.extra.chrono.TestAccountingChronologyBuilder" time="0.001"/>
  <testcase name="test_previousLeapYears_nearestEndOf[3: THURSDAY, MAY]" classname="org.threeten.extra.chrono.TestAccountingChronologyBuilder" time="0"/>
  <testcase name="test_previousLeapYears_nearestEndOf[4: FRIDAY, JUNE]" classname="org.threeten.extra.chrono.TestAccountingChronologyBuilder" time="0.001"/>
  <testcase name="test_previousLeapYears_nearestEndOf[5: SATURDAY, JULY]" classname="org.threeten.extra.chrono.TestAccountingChronologyBuilder" time="0.001"/>
  <testcase name="test_previousLeapYears_nearestEndOf[6: SUNDAY, AUGUST]" classname="org.threeten.extra.chrono.TestAccountingChronologyBuilder" time="0"/>
  <testcase name="test_previousLeapYears_nearestEndOf[7: MONDAY, SEPTEMBER]" classname="org.threeten.extra.chrono.TestAccountingChronologyBuilder" time="0.001"/>
  <testcase name="test_previousLeapYears_nearestEndOf[8: TUESDAY, OCTOBER]" classname="org.threeten.extra.chrono.TestAccountingChronologyBuilder" time="0"/>
  <testcase name="test_previousLeapYears_nearestEndOf[9: WEDNESDAY, NOVEMBER]" classname="org.threeten.extra.chrono.TestAccountingChronologyBuilder" time="0.001"/>
  <testcase name="test_previousLeapYears_nearestEndOf[10: THURSDAY, DECEMBER]" classname="org.threeten.extra.chrono.TestAccountingChronologyBuilder" time="0.001"/>
  <testcase name="test_previousLeapYears_nearestEndOf[11: MONDAY, FEBRUARY]" classname="org.threeten.extra.chrono.TestAccountingChronologyBuilder" time="0.001"/>
  <testcase name="test_previousLeapYears_nearestEndOf[12: TUESDAY, FEBRUARY]" classname="org.threeten.extra.chrono.TestAccountingChronologyBuilder" time="0"/>
  <testcase name="test_previousLeapYears_nearestEndOf[13: WEDNESDAY, FEBRUARY]" classname="org.threeten.extra.chrono.TestAccountingChronologyBuilder" time="0.001"/>
  <testcase name="test_previousLeapYears_nearestEndOf[14: THURSDAY, FEBRUARY]" classname="org.threeten.extra.chrono.TestAccountingChronologyBuilder" time="0"/>
  <testcase name="test_previousLeapYears_nearestEndOf[15: FRIDAY, FEBRUARY]" classname="org.threeten.extra.chrono.TestAccountingChronologyBuilder" time="0.001"/>
  <testcase name="test_previousLeapYears_nearestEndOf[16: SATURDAY, FEBRUARY]" classname="org.threeten.extra.chrono.TestAccountingChronologyBuilder" time="0"/>
  <testcase name="test_previousLeapYears_nearestEndOf[17: SUNDAY, FEBRUARY]" classname="org.threeten.extra.chrono.TestAccountingChronologyBuilder" time="0.008"/>
  <testcase name="test_badChronology_inLastWeekOf[0: MONDAY, JANUARY, THIRTEEN_EVEN_MONTHS_OF_4_WEEKS, 0]" classname="org.threeten.extra.chrono.TestAccountingChronologyBuilder" time="0"/>
  <testcase name="test_badChronology_inLastWeekOf[1: MONDAY, JANUARY, THIRTEEN_EVEN_MONTHS_OF_4_WEEKS, -1]" classname="org.threeten.extra.chrono.TestAccountingChronologyBuilder" time="0"/>
  <testcase name="test_badChronology_inLastWeekOf[2: MONDAY, JANUARY, THIRTEEN_EVEN_MONTHS_OF_4_WEEKS, 14]" classname="org.threeten.extra.chrono.TestAccountingChronologyBuilder" time="0"/>
  <testcase name="test_badChronology_inLastWeekOf[3: MONDAY, JANUARY, QUARTERS_OF_PATTERN_4_4_5_WEEKS, 13]" classname="org.threeten.extra.chrono.TestAccountingChronologyBuilder" time="0"/>
  <testcase name="test_badChronology_inLastWeekOf[4: MONDAY, JANUARY, QUARTERS_OF_PATTERN_4_5_4_WEEKS, 13]" classname="org.threeten.extra.chrono.TestAccountingChronologyBuilder" time="0"/>
  <testcase name="test_badChronology_inLastWeekOf[5: MONDAY, JANUARY, QUARTERS_OF_PATTERN_5_4_4_WEEKS, 13]" classname="org.threeten.extra.chrono.TestAccountingChronologyBuilder" time="0"/>
  <testcase name="test_badChronology_inLastWeekOf[6: MONDAY, JANUARY, &lt;null&gt;, 13]" classname="org.threeten.extra.chrono.TestAccountingChronologyBuilder" time="0"/>
  <testcase name="test_badChronology_inLastWeekOf[7: MONDAY, &lt;null&gt;, THIRTEEN_EVEN_MONTHS_OF_4_WEEKS, 13]" classname="org.threeten.extra.chrono.TestAccountingChronologyBuilder" time="0"/>
  <testcase name="test_badChronology_inLastWeekOf[8: &lt;null&gt;, JANUARY, THIRTEEN_EVEN_MONTHS_OF_4_WEEKS, 13]" classname="org.threeten.extra.chrono.TestAccountingChronologyBuilder" time="0"/>
  <testcase name="test_badChronology_nearestEndOf[0: MONDAY, JANUARY, THIRTEEN_EVEN_MONTHS_OF_4_WEEKS, 0]" classname="org.threeten.extra.chrono.TestAccountingChronologyBuilder" time="0"/>
  <testcase name="test_badChronology_nearestEndOf[1: MONDAY, JANUARY, THIRTEEN_EVEN_MONTHS_OF_4_WEEKS, -1]" classname="org.threeten.extra.chrono.TestAccountingChronologyBuilder" time="0"/>
  <testcase name="test_badChronology_nearestEndOf[2: MONDAY, JANUARY, THIRTEEN_EVEN_MONTHS_OF_4_WEEKS, 14]" classname="org.threeten.extra.chrono.TestAccountingChronologyBuilder" time="0"/>
  <testcase name="test_badChronology_nearestEndOf[3: MONDAY, JANUARY, QUARTERS_OF_PATTERN_4_4_5_WEEKS, 13]" classname="org.threeten.extra.chrono.TestAccountingChronologyBuilder" time="0"/>
  <testcase name="test_badChronology_nearestEndOf[4: MONDAY, JANUARY, QUARTERS_OF_PATTERN_4_5_4_WEEKS, 13]" classname="org.threeten.extra.chrono.TestAccountingChronologyBuilder" time="0"/>
  <testcase name="test_badChronology_nearestEndOf[5: MONDAY, JANUARY, QUARTERS_OF_PATTERN_5_4_4_WEEKS, 13]" classname="org.threeten.extra.chrono.TestAccountingChronologyBuilder" time="0"/>
  <testcase name="test_badChronology_nearestEndOf[6: MONDAY, JANUARY, &lt;null&gt;, 13]" classname="org.threeten.extra.chrono.TestAccountingChronologyBuilder" time="0"/>
  <testcase name="test_badChronology_nearestEndOf[7: MONDAY, &lt;null&gt;, THIRTEEN_EVEN_MONTHS_OF_4_WEEKS, 13]" classname="org.threeten.extra.chrono.TestAccountingChronologyBuilder" time="0"/>
  <testcase name="test_badChronology_nearestEndOf[8: &lt;null&gt;, JANUARY, THIRTEEN_EVEN_MONTHS_OF_4_WEEKS, 13]" classname="org.threeten.extra.chrono.TestAccountingChronologyBuilder" time="0"/>
  <testcase name="test_isLeapYear_inLastWeekOf[0: MONDAY, JANUARY]" classname="org.threeten.extra.chrono.TestAccountingChronologyBuilder" time="0.002"/>
  <testcase name="test_isLeapYear_inLastWeekOf[1: TUESDAY, MARCH]" classname="org.threeten.extra.chrono.TestAccountingChronologyBuilder" time="0.001"/>
  <testcase name="test_isLeapYear_inLastWeekOf[2: WEDNESDAY, APRIL]" classname="org.threeten.extra.chrono.TestAccountingChronologyBuilder" time="0"/>
  <testcase name="test_isLeapYear_inLastWeekOf[3: THURSDAY, MAY]" classname="org.threeten.extra.chrono.TestAccountingChronologyBuilder" time="0.001"/>
  <testcase name="test_isLeapYear_inLastWeekOf[4: FRIDAY, JUNE]" classname="org.threeten.extra.chrono.TestAccountingChronologyBuilder" time="0.001"/>
  <testcase name="test_isLeapYear_inLastWeekOf[5: SATURDAY, JULY]" classname="org.threeten.extra.chrono.TestAccountingChronologyBuilder" time="0"/>
  <testcase name="test_isLeapYear_inLastWeekOf[6: SUNDAY, AUGUST]" classname="org.threeten.extra.chrono.TestAccountingChronologyBuilder" time="0.001"/>
  <testcase name="test_isLeapYear_inLastWeekOf[7: MONDAY, SEPTEMBER]" classname="org.threeten.extra.chrono.TestAccountingChronologyBuilder" time="0"/>
  <testcase name="test_isLeapYear_inLastWeekOf[8: TUESDAY, OCTOBER]" classname="org.threeten.extra.chrono.TestAccountingChronologyBuilder" time="0.001"/>
  <testcase name="test_isLeapYear_inLastWeekOf[9: WEDNESDAY, NOVEMBER]" classname="org.threeten.extra.chrono.TestAccountingChronologyBuilder" time="0.001"/>
  <testcase name="test_isLeapYear_inLastWeekOf[10: THURSDAY, DECEMBER]" classname="org.threeten.extra.chrono.TestAccountingChronologyBuilder" time="0"/>
  <testcase name="test_isLeapYear_inLastWeekOf[11: MONDAY, FEBRUARY]" classname="org.threeten.extra.chrono.TestAccountingChronologyBuilder" time="0.001"/>
  <testcase name="test_isLeapYear_inLastWeekOf[12: TUESDAY, FEBRUARY]" classname="org.threeten.extra.chrono.TestAccountingChronologyBuilder" time="0"/>
  <testcase name="test_isLeapYear_inLastWeekOf[13: WEDNESDAY, FEBRUARY]" classname="org.threeten.extra.chrono.TestAccountingChronologyBuilder" time="0.001"/>
  <testcase name="test_isLeapYear_inLastWeekOf[14: THURSDAY, FEBRUARY]" classname="org.threeten.extra.chrono.TestAccountingChronologyBuilder" time="0.001"/>
  <testcase name="test_isLeapYear_inLastWeekOf[15: FRIDAY, FEBRUARY]" classname="org.threeten.extra.chrono.TestAccountingChronologyBuilder" time="0"/>
  <testcase name="test_isLeapYear_inLastWeekOf[16: SATURDAY, FEBRUARY]" classname="org.threeten.extra.chrono.TestAccountingChronologyBuilder" time="0.001"/>
  <testcase name="test_isLeapYear_inLastWeekOf[17: SUNDAY, FEBRUARY]" classname="org.threeten.extra.chrono.TestAccountingChronologyBuilder" time="0"/>
  <testcase name="test_getMonthFromElapsedWeeks[0: QUARTERS_OF_PATTERN_4_4_5_WEEKS, [4, 4, 5, 4, 4, 5, 4, 4, 5, 4, 4, 5], 1]" classname="org.threeten.extra.chrono.TestAccountingChronologyBuilder" time="0"/>
  <testcase name="test_getMonthFromElapsedWeeks[1: QUARTERS_OF_PATTERN_4_4_5_WEEKS, [4, 4, 5, 4, 4, 5, 4, 4, 5, 4, 4, 5], 2]" classname="org.threeten.extra.chrono.TestAccountingChronologyBuilder" time="0.001"/>
  <testcase name="test_getMonthFromElapsedWeeks[2: QUARTERS_OF_PATTERN_4_4_5_WEEKS, [4, 4, 5, 4, 4, 5, 4, 4, 5, 4, 4, 5], 3]" classname="org.threeten.extra.chrono.TestAccountingChronologyBuilder" time="0"/>
  <testcase name="test_getMonthFromElapsedWeeks[3: QUARTERS_OF_PATTERN_4_4_5_WEEKS, [4, 4, 5, 4, 4, 5, 4, 4, 5, 4, 4, 5], 4]" classname="org.threeten.extra.chrono.TestAccountingChronologyBuilder" time="0"/>
  <testcase name="test_getMonthFromElapsedWeeks[4: QUARTERS_OF_PATTERN_4_4_5_WEEKS, [4, 4, 5, 4, 4, 5, 4, 4, 5, 4, 4, 5], 5]" classname="org.threeten.extra.chrono.TestAccountingChronologyBuilder" time="0"/>
  <testcase name="test_getMonthFromElapsedWeeks[5: QUARTERS_OF_PATTERN_4_4_5_WEEKS, [4, 4, 5, 4, 4, 5, 4, 4, 5, 4, 4, 5], 6]" classname="org.threeten.extra.chrono.TestAccountingChronologyBuilder" time="0"/>
  <testcase name="test_getMonthFromElapsedWeeks[6: QUARTERS_OF_PATTERN_4_4_5_WEEKS, [4, 4, 5, 4, 4, 5, 4, 4, 5, 4, 4, 5], 7]" classname="org.threeten.extra.chrono.TestAccountingChronologyBuilder" time="0"/>
  <testcase name="test_getMonthFromElapsedWeeks[7: QUARTERS_OF_PATTERN_4_4_5_WEEKS, [4, 4, 5, 4, 4, 5, 4, 4, 5, 4, 4, 5], 8]" classname="org.threeten.extra.chrono.TestAccountingChronologyBuilder" time="0"/>
  <testcase name="test_getMonthFromElapsedWeeks[8: QUARTERS_OF_PATTERN_4_4_5_WEEKS, [4, 4, 5, 4, 4, 5, 4, 4, 5, 4, 4, 5], 9]" classname="org.threeten.extra.chrono.TestAccountingChronologyBuilder" time="0"/>
  <testcase name="test_getMonthFromElapsedWeeks[9: QUARTERS_OF_PATTERN_4_4_5_WEEKS, [4, 4, 5, 4, 4, 5, 4, 4, 5, 4, 4, 5], 10]" classname="org.threeten.extra.chrono.TestAccountingChronologyBuilder" time="0"/>
  <testcase name="test_getMonthFromElapsedWeeks[10: QUARTERS_OF_PATTERN_4_4_5_WEEKS, [4, 4, 5, 4, 4, 5, 4, 4, 5, 4, 4, 5], 11]" classname="org.threeten.extra.chrono.TestAccountingChronologyBuilder" time="0"/>
  <testcase name="test_getMonthFromElapsedWeeks[11: QUARTERS_OF_PATTERN_4_4_5_WEEKS, [4, 4, 5, 4, 4, 5, 4, 4, 5, 4, 4, 5], 12]" classname="org.threeten.extra.chrono.TestAccountingChronologyBuilder" time="0"/>
  <testcase name="test_getMonthFromElapsedWeeks[12: QUARTERS_OF_PATTERN_4_5_4_WEEKS, [4, 5, 4, 4, 5, 4, 4, 5, 4, 4, 5, 4], 1]" classname="org.threeten.extra.chrono.TestAccountingChronologyBuilder" time="0.001"/>
  <testcase name="test_getMonthFromElapsedWeeks[13: QUARTERS_OF_PATTERN_4_5_4_WEEKS, [4, 5, 4, 4, 5, 4, 4, 5, 4, 4, 5, 4], 2]" classname="org.threeten.extra.chrono.TestAccountingChronologyBuilder" time="0"/>
  <testcase name="test_getMonthFromElapsedWeeks[14: QUARTERS_OF_PATTERN_4_5_4_WEEKS, [4, 5, 4, 4, 5, 4, 4, 5, 4, 4, 5, 4], 3]" classname="org.threeten.extra.chrono.TestAccountingChronologyBuilder" time="0"/>
  <testcase name="test_getMonthFromElapsedWeeks[15: QUARTERS_OF_PATTERN_5_4_4_WEEKS, [5, 4, 4, 5, 4, 4, 5, 4, 4, 5, 4, 4], 1]" classname="org.threeten.extra.chrono.TestAccountingChronologyBuilder" time="0.003"/>
  <testcase name="test_getMonthFromElapsedWeeks[16: QUARTERS_OF_PATTERN_5_4_4_WEEKS, [5, 4, 4, 5, 4, 4, 5, 4, 4, 5, 4, 4], 2]" classname="org.threeten.extra.chrono.TestAccountingChronologyBuilder" time="0"/>
  <testcase name="test_getMonthFromElapsedWeeks[17: QUARTERS_OF_PATTERN_5_4_4_WEEKS, [5, 4, 4, 5, 4, 4, 5, 4, 4, 5, 4, 4], 3]" classname="org.threeten.extra.chrono.TestAccountingChronologyBuilder" time="0"/>
  <testcase name="test_getMonthFromElapsedWeeks[18: THIRTEEN_EVEN_MONTHS_OF_4_WEEKS, [4, 4, 4, 4, 4, 4, 4, 4, 4, 4, 4, 4, 4], 13]" classname="org.threeten.extra.chrono.TestAccountingChronologyBuilder" time="0"/>
  <testcase name="test_extraWeeks_getMonthFromElapsedWeekspublic[0: QUARTERS_OF_PATTERN_4_4_5_WEEKS, [4, 4, 5, 4, 4, 5, 4, 4, 5, 4, 4, 5], 1]" classname="org.threeten.extra.chrono.TestAccountingChronologyBuilder" time="0"/>
  <testcase name="test_extraWeeks_getMonthFromElapsedWeekspublic[1: QUARTERS_OF_PATTERN_4_4_5_WEEKS, [4, 4, 5, 4, 4, 5, 4, 4, 5, 4, 4, 5], 2]" classname="org.threeten.extra.chrono.TestAccountingChronologyBuilder" time="0"/>
  <testcase name="test_extraWeeks_getMonthFromElapsedWeekspublic[2: QUARTERS_OF_PATTERN_4_4_5_WEEKS, [4, 4, 5, 4, 4, 5, 4, 4, 5, 4, 4, 5], 3]" classname="org.threeten.extra.chrono.TestAccountingChronologyBuilder" time="0"/>
  <testcase name="test_extraWeeks_getMonthFromElapsedWeekspublic[3: QUARTERS_OF_PATTERN_4_4_5_WEEKS, [4, 4, 5, 4, 4, 5, 4, 4, 5, 4, 4, 5], 4]" classname="org.threeten.extra.chrono.TestAccountingChronologyBuilder" time="0"/>
  <testcase name="test_extraWeeks_getMonthFromElapsedWeekspublic[4: QUARTERS_OF_PATTERN_4_4_5_WEEKS, [4, 4, 5, 4, 4, 5, 4, 4, 5, 4, 4, 5], 5]" classname="org.threeten.extra.chrono.TestAccountingChronologyBuilder" time="0"/>
  <testcase name="test_extraWeeks_getMonthFromElapsedWeekspublic[5: QUARTERS_OF_PATTERN_4_4_5_WEEKS, [4, 4, 5, 4, 4, 5, 4, 4, 5, 4, 4, 5], 6]" classname="org.threeten.extra.chrono.TestAccountingChronologyBuilder" time="0"/>
  <testcase name="test_extraWeeks_getMonthFromElapsedWeekspublic[6: QUARTERS_OF_PATTERN_4_4_5_WEEKS, [4, 4, 5, 4, 4, 5, 4, 4, 5, 4, 4, 5], 7]" classname="org.threeten.extra.chrono.TestAccountingChronologyBuilder" time="0"/>
  <testcase name="test_extraWeeks_getMonthFromElapsedWeekspublic[7: QUARTERS_OF_PATTERN_4_4_5_WEEKS, [4, 4, 5, 4, 4, 5, 4, 4, 5, 4, 4, 5], 8]" classname="org.threeten.extra.chrono.TestAccountingChronologyBuilder" time="0"/>
  <testcase name="test_extraWeeks_getMonthFromElapsedWeekspublic[8: QUARTERS_OF_PATTERN_4_4_5_WEEKS, [4, 4, 5, 4, 4, 5, 4, 4, 5, 4, 4, 5], 9]" classname="org.threeten.extra.chrono.TestAccountingChronologyBuilder" time="0"/>
  <testcase name="test_extraWeeks_getMonthFromElapsedWeekspublic[9: QUARTERS_OF_PATTERN_4_4_5_WEEKS, [4, 4, 5, 4, 4, 5, 4, 4, 5, 4, 4, 5], 10]" classname="org.threeten.extra.chrono.TestAccountingChronologyBuilder" time="0"/>
  <testcase name="test_extraWeeks_getMonthFromElapsedWeekspublic[10: QUARTERS_OF_PATTERN_4_4_5_WEEKS, [4, 4, 5, 4, 4, 5, 4, 4, 5, 4, 4, 5], 11]" classname="org.threeten.extra.chrono.TestAccountingChronologyBuilder" time="0"/>
  <testcase name="test_extraWeeks_getMonthFromElapsedWeekspublic[11: QUARTERS_OF_PATTERN_4_4_5_WEEKS, [4, 4, 5, 4, 4, 5, 4, 4, 5, 4, 4, 5], 12]" classname="org.threeten.extra.chrono.TestAccountingChronologyBuilder" time="0"/>
  <testcase name="test_extraWeeks_getMonthFromElapsedWeekspublic[12: QUARTERS_OF_PATTERN_4_5_4_WEEKS, [4, 5, 4, 4, 5, 4, 4, 5, 4, 4, 5, 4], 1]" classname="org.threeten.extra.chrono.TestAccountingChronologyBuilder" time="0"/>
  <testcase name="test_extraWeeks_getMonthFromElapsedWeekspublic[13: QUARTERS_OF_PATTERN_4_5_4_WEEKS, [4, 5, 4, 4, 5, 4, 4, 5, 4, 4, 5, 4], 2]" classname="org.threeten.extra.chrono.TestAccountingChronologyBuilder" time="0"/>
  <testcase name="test_extraWeeks_getMonthFromElapsedWeekspublic[14: QUARTERS_OF_PATTERN_4_5_4_WEEKS, [4, 5, 4, 4, 5, 4, 4, 5, 4, 4, 5, 4], 3]" classname="org.threeten.extra.chrono.TestAccountingChronologyBuilder" time="0"/>
  <testcase name="test_extraWeeks_getMonthFromElapsedWeekspublic[15: QUARTERS_OF_PATTERN_5_4_4_WEEKS, [5, 4, 4, 5, 4, 4, 5, 4, 4, 5, 4, 4], 1]" classname="org.threeten.extra.chrono.TestAccountingChronologyBuilder" time="0"/>
  <testcase name="test_extraWeeks_getMonthFromElapsedWeekspublic[16: QUARTERS_OF_PATTERN_5_4_4_WEEKS, [5, 4, 4, 5, 4, 4, 5, 4, 4, 5, 4, 4], 2]" classname="org.threeten.extra.chrono.TestAccountingChronologyBuilder" time="0"/>
  <testcase name="test_extraWeeks_getMonthFromElapsedWeekspublic[17: QUARTERS_OF_PATTERN_5_4_4_WEEKS, [5, 4, 4, 5, 4, 4, 5, 4, 4, 5, 4, 4], 3]" classname="org.threeten.extra.chrono.TestAccountingChronologyBuilder" time="0"/>
  <testcase name="test_extraWeeks_getMonthFromElapsedWeekspublic[18: THIRTEEN_EVEN_MONTHS_OF_4_WEEKS, [4, 4, 4, 4, 4, 4, 4, 4, 4, 4, 4, 4, 4], 13]" classname="org.threeten.extra.chrono.TestAccountingChronologyBuilder" time="0"/>
  <testcase name="test_getWeeksInMonth[0: QUARTERS_OF_PATTERN_4_4_5_WEEKS, [4, 4, 5, 4, 4, 5, 4, 4, 5, 4, 4, 5], 1]" classname="org.threeten.extra.chrono.TestAccountingChronologyBuilder" time="0"/>
  <testcase name="test_getWeeksInMonth[1: QUARTERS_OF_PATTERN_4_4_5_WEEKS, [4, 4, 5, 4, 4, 5, 4, 4, 5, 4, 4, 5], 2]" classname="org.threeten.extra.chrono.TestAccountingChronologyBuilder" time="0"/>
  <testcase name="test_getWeeksInMonth[2: QUARTERS_OF_PATTERN_4_4_5_WEEKS, [4, 4, 5, 4, 4, 5, 4, 4, 5, 4, 4, 5], 3]" classname="org.threeten.extra.chrono.TestAccountingChronologyBuilder" time="0"/>
  <testcase name="test_getWeeksInMonth[3: QUARTERS_OF_PATTERN_4_4_5_WEEKS, [4, 4, 5, 4, 4, 5, 4, 4, 5, 4, 4, 5], 4]" classname="org.threeten.extra.chrono.TestAccountingChronologyBuilder" time="0"/>
  <testcase name="test_getWeeksInMonth[4: QUARTERS_OF_PATTERN_4_4_5_WEEKS, [4, 4, 5, 4, 4, 5, 4, 4, 5, 4, 4, 5], 5]" classname="org.threeten.extra.chrono.TestAccountingChronologyBuilder" time="0"/>
  <testcase name="test_getWeeksInMonth[5: QUARTERS_OF_PATTERN_4_4_5_WEEKS, [4, 4, 5, 4, 4, 5, 4, 4, 5, 4, 4, 5], 6]" classname="org.threeten.extra.chrono.TestAccountingChronologyBuilder" time="0"/>
  <testcase name="test_getWeeksInMonth[6: QUARTERS_OF_PATTERN_4_4_5_WEEKS, [4, 4, 5, 4, 4, 5, 4, 4, 5, 4, 4, 5], 7]" classname="org.threeten.extra.chrono.TestAccountingChronologyBuilder" time="0"/>
  <testcase name="test_getWeeksInMonth[7: QUARTERS_OF_PATTERN_4_4_5_WEEKS, [4, 4, 5, 4, 4, 5, 4, 4, 5, 4, 4, 5], 8]" classname="org.threeten.extra.chrono.TestAccountingChronologyBuilder" time="0"/>
  <testcase name="test_getWeeksInMonth[8: QUARTERS_OF_PATTERN_4_4_5_WEEKS, [4, 4, 5, 4, 4, 5, 4, 4, 5, 4, 4, 5], 9]" classname="org.threeten.extra.chrono.TestAccountingChronologyBuilder" time="0"/>
  <testcase name="test_getWeeksInMonth[9: QUARTERS_OF_PATTERN_4_4_5_WEEKS, [4, 4, 5, 4, 4, 5, 4, 4, 5, 4, 4, 5], 10]" classname="org.threeten.extra.chrono.TestAccountingChronologyBuilder" time="0"/>
  <testcase name="test_getWeeksInMonth[10: QUARTERS_OF_PATTERN_4_4_5_WEEKS, [4, 4, 5, 4, 4, 5, 4, 4, 5, 4, 4, 5], 11]" classname="org.threeten.extra.chrono.TestAccountingChronologyBuilder" time="0"/>
  <testcase name="test_getWeeksInMonth[11: QUARTERS_OF_PATTERN_4_4_5_WEEKS, [4, 4, 5, 4, 4, 5, 4, 4, 5, 4, 4, 5], 12]" classname="org.threeten.extra.chrono.TestAccountingChronologyBuilder" time="0"/>
  <testcase name="test_getWeeksInMonth[12: QUARTERS_OF_PATTERN_4_5_4_WEEKS, [4, 5, 4, 4, 5, 4, 4, 5, 4, 4, 5, 4], 1]" classname="org.threeten.extra.chrono.TestAccountingChronologyBuilder" time="0"/>
  <testcase name="test_getWeeksInMonth[13: QUARTERS_OF_PATTERN_4_5_4_WEEKS, [4, 5, 4, 4, 5, 4, 4, 5, 4, 4, 5, 4], 2]" classname="org.threeten.extra.chrono.TestAccountingChronologyBuilder" time="0"/>
  <testcase name="test_getWeeksInMonth[14: QUARTERS_OF_PATTERN_4_5_4_WEEKS, [4, 5, 4, 4, 5, 4, 4, 5, 4, 4, 5, 4], 3]" classname="org.threeten.extra.chrono.TestAccountingChronologyBuilder" time="0"/>
  <testcase name="test_getWeeksInMonth[15: QUARTERS_OF_PATTERN_5_4_4_WEEKS, [5, 4, 4, 5, 4, 4, 5, 4, 4, 5, 4, 4], 1]" classname="org.threeten.extra.chrono.TestAccountingChronologyBuilder" time="0.001"/>
  <testcase name="test_getWeeksInMonth[16: QUARTERS_OF_PATTERN_5_4_4_WEEKS, [5, 4, 4, 5, 4, 4, 5, 4, 4, 5, 4, 4], 2]" classname="org.threeten.extra.chrono.TestAccountingChronologyBuilder" time="0"/>
  <testcase name="test_getWeeksInMonth[17: QUARTERS_OF_PATTERN_5_4_4_WEEKS, [5, 4, 4, 5, 4, 4, 5, 4, 4, 5, 4, 4], 3]" classname="org.threeten.extra.chrono.TestAccountingChronologyBuilder" time="0"/>
  <testcase name="test_getWeeksInMonth[18: THIRTEEN_EVEN_MONTHS_OF_4_WEEKS, [4, 4, 4, 4, 4, 4, 4, 4, 4, 4, 4, 4, 4], 13]" classname="org.threeten.extra.chrono.TestAccountingChronologyBuilder" time="0"/>
  <testcase name="test_isLeapYear_nearestEndOf[0: MONDAY, JANUARY]" classname="org.threeten.extra.chrono.TestAccountingChronologyBuilder" time="0.001"/>
  <testcase name="test_isLeapYear_nearestEndOf[1: TUESDAY, MARCH]" classname="org.threeten.extra.chrono.TestAccountingChronologyBuilder" time="0.001"/>
  <testcase name="test_isLeapYear_nearestEndOf[2: WEDNESDAY, APRIL]" classname="org.threeten.extra.chrono.TestAccountingChronologyBuilder" time="0"/>
  <testcase name="test_isLeapYear_nearestEndOf[3: THURSDAY, MAY]" classname="org.threeten.extra.chrono.TestAccountingChronologyBuilder" time="0.001"/>
  <testcase name="test_isLeapYear_nearestEndOf[4: FRIDAY, JUNE]" classname="org.threeten.extra.chrono.TestAccountingChronologyBuilder" time="0"/>
  <testcase name="test_isLeapYear_nearestEndOf[5: SATURDAY, JULY]" classname="org.threeten.extra.chrono.TestAccountingChronologyBuilder" time="0"/>
  <testcase name="test_isLeapYear_nearestEndOf[6: SUNDAY, AUGUST]" classname="org.threeten.extra.chrono.TestAccountingChronologyBuilder" time="0.001"/>
  <testcase name="test_isLeapYear_nearestEndOf[7: MONDAY, SEPTEMBER]" classname="org.threeten.extra.chrono.TestAccountingChronologyBuilder" time="0"/>
  <testcase name="test_isLeapYear_nearestEndOf[8: TUESDAY, OCTOBER]" classname="org.threeten.extra.chrono.TestAccountingChronologyBuilder" time="0.001"/>
  <testcase name="test_isLeapYear_nearestEndOf[9: WEDNESDAY, NOVEMBER]" classname="org.threeten.extra.chrono.TestAccountingChronologyBuilder" time="0"/>
  <testcase name="test_isLeapYear_nearestEndOf[10: THURSDAY, DECEMBER]" classname="org.threeten.extra.chrono.TestAccountingChronologyBuilder" time="0.001"/>
  <testcase name="test_isLeapYear_nearestEndOf[11: MONDAY, FEBRUARY]" classname="org.threeten.extra.chrono.TestAccountingChronologyBuilder" time="0.001"/>
  <testcase name="test_isLeapYear_nearestEndOf[12: TUESDAY, FEBRUARY]" classname="org.threeten.extra.chrono.TestAccountingChronologyBuilder" time="0"/>
  <testcase name="test_isLeapYear_nearestEndOf[13: WEDNESDAY, FEBRUARY]" classname="org.threeten.extra.chrono.TestAccountingChronologyBuilder" time="0.001"/>
  <testcase name="test_isLeapYear_nearestEndOf[14: THURSDAY, FEBRUARY]" classname="org.threeten.extra.chrono.TestAccountingChronologyBuilder" time="0"/>
  <testcase name="test_isLeapYear_nearestEndOf[15: FRIDAY, FEBRUARY]" classname="org.threeten.extra.chrono.TestAccountingChronologyBuilder" time="0.001"/>
  <testcase name="test_isLeapYear_nearestEndOf[16: SATURDAY, FEBRUARY]" classname="org.threeten.extra.chrono.TestAccountingChronologyBuilder" time="0"/>
  <testcase name="test_isLeapYear_nearestEndOf[17: SUNDAY, FEBRUARY]" classname="org.threeten.extra.chrono.TestAccountingChronologyBuilder" time="0.001"/>
  <testcase name="test_date_dayOfMonth_range[0: QUARTERS_OF_PATTERN_4_4_5_WEEKS, [4, 4, 5, 4, 4, 5, 4, 4, 5, 4, 4, 5], 1]" classname="org.threeten.extra.chrono.TestAccountingChronologyBuilder" time="0"/>
  <testcase name="test_date_dayOfMonth_range[1: QUARTERS_OF_PATTERN_4_4_5_WEEKS, [4, 4, 5, 4, 4, 5, 4, 4, 5, 4, 4, 5], 2]" classname="org.threeten.extra.chrono.TestAccountingChronologyBuilder" time="0"/>
  <testcase name="test_date_dayOfMonth_range[2: QUARTERS_OF_PATTERN_4_4_5_WEEKS, [4, 4, 5, 4, 4, 5, 4, 4, 5, 4, 4, 5], 3]" classname="org.threeten.extra.chrono.TestAccountingChronologyBuilder" time="0"/>
  <testcase name="test_date_dayOfMonth_range[3: QUARTERS_OF_PATTERN_4_4_5_WEEKS, [4, 4, 5, 4, 4, 5, 4, 4, 5, 4, 4, 5], 4]" classname="org.threeten.extra.chrono.TestAccountingChronologyBuilder" time="0"/>
  <testcase name="test_date_dayOfMonth_range[4: QUARTERS_OF_PATTERN_4_4_5_WEEKS, [4, 4, 5, 4, 4, 5, 4, 4, 5, 4, 4, 5], 5]" classname="org.threeten.extra.chrono.TestAccountingChronologyBuilder" time="0"/>
  <testcase name="test_date_dayOfMonth_range[5: QUARTERS_OF_PATTERN_4_4_5_WEEKS, [4, 4, 5, 4, 4, 5, 4, 4, 5, 4, 4, 5], 6]" classname="org.threeten.extra.chrono.TestAccountingChronologyBuilder" time="0"/>
  <testcase name="test_date_dayOfMonth_range[6: QUARTERS_OF_PATTERN_4_4_5_WEEKS, [4, 4, 5, 4, 4, 5, 4, 4, 5, 4, 4, 5], 7]" classname="org.threeten.extra.chrono.TestAccountingChronologyBuilder" time="0"/>
  <testcase name="test_date_dayOfMonth_range[7: QUARTERS_OF_PATTERN_4_4_5_WEEKS, [4, 4, 5, 4, 4, 5, 4, 4, 5, 4, 4, 5], 8]" classname="org.threeten.extra.chrono.TestAccountingChronologyBuilder" time="0"/>
  <testcase name="test_date_dayOfMonth_range[8: QUARTERS_OF_PATTERN_4_4_5_WEEKS, [4, 4, 5, 4, 4, 5, 4, 4, 5, 4, 4, 5], 9]" classname="org.threeten.extra.chrono.TestAccountingChronologyBuilder" time="0"/>
  <testcase name="test_date_dayOfMonth_range[9: QUARTERS_OF_PATTERN_4_4_5_WEEKS, [4, 4, 5, 4, 4, 5, 4, 4, 5, 4, 4, 5], 10]" classname="org.threeten.extra.chrono.TestAccountingChronologyBuilder" time="0"/>
  <testcase name="test_date_dayOfMonth_range[10: QUARTERS_OF_PATTERN_4_4_5_WEEKS, [4, 4, 5, 4, 4, 5, 4, 4, 5, 4, 4, 5], 11]" classname="org.threeten.extra.chrono.TestAccountingChronologyBuilder" time="0.001"/>
  <testcase name="test_date_dayOfMonth_range[11: QUARTERS_OF_PATTERN_4_4_5_WEEKS, [4, 4, 5, 4, 4, 5, 4, 4, 5, 4, 4, 5], 12]" classname="org.threeten.extra.chrono.TestAccountingChronologyBuilder" time="0"/>
  <testcase name="test_date_dayOfMonth_range[12: QUARTERS_OF_PATTERN_4_5_4_WEEKS, [4, 5, 4, 4, 5, 4, 4, 5, 4, 4, 5, 4], 1]" classname="org.threeten.extra.chrono.TestAccountingChronologyBuilder" time="0"/>
  <testcase name="test_date_dayOfMonth_range[13: QUARTERS_OF_PATTERN_4_5_4_WEEKS, [4, 5, 4, 4, 5, 4, 4, 5, 4, 4, 5, 4], 2]" classname="org.threeten.extra.chrono.TestAccountingChronologyBuilder" time="0"/>
  <testcase name="test_date_dayOfMonth_range[14: QUARTERS_OF_PATTERN_4_5_4_WEEKS, [4, 5, 4, 4, 5, 4, 4, 5, 4, 4, 5, 4], 3]" classname="org.threeten.extra.chrono.TestAccountingChronologyBuilder" time="0"/>
  <testcase name="test_date_dayOfMonth_range[15: QUARTERS_OF_PATTERN_5_4_4_WEEKS, [5, 4, 4, 5, 4, 4, 5, 4, 4, 5, 4, 4], 1]" classname="org.threeten.extra.chrono.TestAccountingChronologyBuilder" time="0"/>
  <testcase name="test_date_dayOfMonth_range[16: QUARTERS_OF_PATTERN_5_4_4_WEEKS, [5, 4, 4, 5, 4, 4, 5, 4, 4, 5, 4, 4], 2]" classname="org.threeten.extra.chrono.TestAccountingChronologyBuilder" time="0"/>
  <testcase name="test_date_dayOfMonth_range[17: QUARTERS_OF_PATTERN_5_4_4_WEEKS, [5, 4, 4, 5, 4, 4, 5, 4, 4, 5, 4, 4], 3]" classname="org.threeten.extra.chrono.TestAccountingChronologyBuilder" time="0"/>
  <testcase name="test_date_dayOfMonth_range[18: THIRTEEN_EVEN_MONTHS_OF_4_WEEKS, [4, 4, 4, 4, 4, 4, 4, 4, 4, 4, 4, 4, 4], 13]" classname="org.threeten.extra.chrono.TestAccountingChronologyBuilder" time="0"/>
  <testcase name="test_range[0: QUARTERS_OF_PATTERN_4_4_5_WEEKS, 1, 1 - 4/5, 1 - 28/35, 1 - 12, -11999988 - 11999999]" classname="org.threeten.extra.chrono.TestAccountingChronologyBuilder" time="0"/>
  <testcase name="test_range[1: QUARTERS_OF_PATTERN_4_4_5_WEEKS, 2, 1 - 4/5, 1 - 28/35, 1 - 12, -11999988 - 11999999]" classname="org.threeten.extra.chrono.TestAccountingChronologyBuilder" time="0.001"/>
  <testcase name="test_range[2: QUARTERS_OF_PATTERN_4_4_5_WEEKS, 3, 1 - 4/6, 1 - 28/42, 1 - 12, -11999988 - 11999999]" classname="org.threeten.extra.chrono.TestAccountingChronologyBuilder" time="0"/>
  <testcase name="test_range[3: QUARTERS_OF_PATTERN_4_4_5_WEEKS, 4, 1 - 4/5, 1 - 28/35, 1 - 12, -11999988 - 11999999]" classname="org.threeten.extra.chrono.TestAccountingChronologyBuilder" time="0"/>
  <testcase name="test_range[4: QUARTERS_OF_PATTERN_4_4_5_WEEKS, 5, 1 - 4/5, 1 - 28/35, 1 - 12, -11999988 - 11999999]" classname="org.threeten.extra.chrono.TestAccountingChronologyBuilder" time="0"/>
  <testcase name="test_range[5: QUARTERS_OF_PATTERN_4_4_5_WEEKS, 6, 1 - 4/6, 1 - 28/42, 1 - 12, -11999988 - 11999999]" classname="org.threeten.extra.chrono.TestAccountingChronologyBuilder" time="0"/>
  <testcase name="test_range[6: QUARTERS_OF_PATTERN_4_4_5_WEEKS, 7, 1 - 4/5, 1 - 28/35, 1 - 12, -11999988 - 11999999]" classname="org.threeten.extra.chrono.TestAccountingChronologyBuilder" time="0"/>
  <testcase name="test_range[7: QUARTERS_OF_PATTERN_4_4_5_WEEKS, 8, 1 - 4/5, 1 - 28/35, 1 - 12, -11999988 - 11999999]" classname="org.threeten.extra.chrono.TestAccountingChronologyBuilder" time="0"/>
  <testcase name="test_range[8: QUARTERS_OF_PATTERN_4_4_5_WEEKS, 9, 1 - 4/6, 1 - 28/42, 1 - 12, -11999988 - 11999999]" classname="org.threeten.extra.chrono.TestAccountingChronologyBuilder" time="0"/>
  <testcase name="test_range[9: QUARTERS_OF_PATTERN_4_4_5_WEEKS, 10, 1 - 4/5, 1 - 28/35, 1 - 12, -11999988 - 11999999]" classname="org.threeten.extra.chrono.TestAccountingChronologyBuilder" time="0"/>
  <testcase name="test_range[10: QUARTERS_OF_PATTERN_4_4_5_WEEKS, 11, 1 - 4/5, 1 - 28/35, 1 - 12, -11999988 - 11999999]" classname="org.threeten.extra.chrono.TestAccountingChronologyBuilder" time="0"/>
  <testcase name="test_range[11: QUARTERS_OF_PATTERN_4_4_5_WEEKS, 12, 1 - 4/6, 1 - 28/42, 1 - 12, -11999988 - 11999999]" classname="org.threeten.extra.chrono.TestAccountingChronologyBuilder" time="0"/>
  <testcase name="test_range[12: QUARTERS_OF_PATTERN_4_5_4_WEEKS, 1, 1 - 4/5, 1 - 28/35, 1 - 12, -11999988 - 11999999]" classname="org.threeten.extra.chrono.TestAccountingChronologyBuilder" time="0"/>
  <testcase name="test_range[13: QUARTERS_OF_PATTERN_4_5_4_WEEKS, 2, 1 - 4/6, 1 - 28/42, 1 - 12, -11999988 - 11999999]" classname="org.threeten.extra.chrono.TestAccountingChronologyBuilder" time="0"/>
  <testcase name="test_range[14: QUARTERS_OF_PATTERN_4_5_4_WEEKS, 3, 1 - 4/5, 1 - 28/35, 1 - 12, -11999988 - 11999999]" classname="org.threeten.extra.chrono.TestAccountingChronologyBuilder" time="0"/>
  <testcase name="test_range[15: QUARTERS_OF_PATTERN_5_4_4_WEEKS, 1, 1 - 4/6, 1 - 28/42, 1 - 12, -11999988 - 11999999]" classname="org.threeten.extra.chrono.TestAccountingChronologyBuilder" time="0"/>
  <testcase name="test_range[16: QUARTERS_OF_PATTERN_5_4_4_WEEKS, 2, 1 - 4/5, 1 - 28/35, 1 - 12, -11999988 - 11999999]" classname="org.threeten.extra.chrono.TestAccountingChronologyBuilder" time="0"/>
  <testcase name="test_range[17: QUARTERS_OF_PATTERN_5_4_4_WEEKS, 3, 1 - 4/5, 1 - 28/35, 1 - 12, -11999988 - 11999999]" classname="org.threeten.extra.chrono.TestAccountingChronologyBuilder" time="0"/>
  <testcase name="test_range[18: THIRTEEN_EVEN_MONTHS_OF_4_WEEKS, 1, 1 - 4/5, 1 - 28/35, 1 - 13, -12999987 - 12999999]" classname="org.threeten.extra.chrono.TestAccountingChronologyBuilder" time="0"/>
  <testcase name="test_date_dayOfYear_nearestEndOf_range[0: MONDAY, JANUARY]" classname="org.threeten.extra.chrono.TestAccountingChronologyBuilder" time="0.001"/>
  <testcase name="test_date_dayOfYear_nearestEndOf_range[1: TUESDAY, MARCH]" classname="org.threeten.extra.chrono.TestAccountingChronologyBuilder" time="0"/>
  <testcase name="test_date_dayOfYear_nearestEndOf_range[2: WEDNESDAY, APRIL]" classname="org.threeten.extra.chrono.TestAccountingChronologyBuilder" time="0"/>
  <testcase name="test_date_dayOfYear_nearestEndOf_range[3: THURSDAY, MAY]" classname="org.threeten.extra.chrono.TestAccountingChronologyBuilder" time="0"/>
  <testcase name="test_date_dayOfYear_nearestEndOf_range[4: FRIDAY, JUNE]" classname="org.threeten.extra.chrono.TestAccountingChronologyBuilder" time="0"/>
  <testcase name="test_date_dayOfYear_nearestEndOf_range[5: SATURDAY, JULY]" classname="org.threeten.extra.chrono.TestAccountingChronologyBuilder" time="0"/>
  <testcase name="test_date_dayOfYear_nearestEndOf_range[6: SUNDAY, AUGUST]" classname="org.threeten.extra.chrono.TestAccountingChronologyBuilder" time="0"/>
  <testcase name="test_date_dayOfYear_nearestEndOf_range[7: MONDAY, SEPTEMBER]" classname="org.threeten.extra.chrono.TestAccountingChronologyBuilder" time="0"/>
  <testcase name="test_date_dayOfYear_nearestEndOf_range[8: TUESDAY, OCTOBER]" classname="org.threeten.extra.chrono.TestAccountingChronologyBuilder" time="0"/>
  <testcase name="test_date_dayOfYear_nearestEndOf_range[9: WEDNESDAY, NOVEMBER]" classname="org.threeten.extra.chrono.TestAccountingChronologyBuilder" time="0"/>
  <testcase name="test_date_dayOfYear_nearestEndOf_range[10: THURSDAY, DECEMBER]" classname="org.threeten.extra.chrono.TestAccountingChronologyBuilder" time="0"/>
  <testcase name="test_date_dayOfYear_nearestEndOf_range[11: MONDAY, FEBRUARY]" classname="org.threeten.extra.chrono.TestAccountingChronologyBuilder" time="0"/>
  <testcase name="test_date_dayOfYear_nearestEndOf_range[12: TUESDAY, FEBRUARY]" classname="org.threeten.extra.chrono.TestAccountingChronologyBuilder" time="0"/>
  <testcase name="test_date_dayOfYear_nearestEndOf_range[13: WEDNESDAY, FEBRUARY]" classname="org.threeten.extra.chrono.TestAccountingChronologyBuilder" time="0"/>
  <testcase name="test_date_dayOfYear_nearestEndOf_range[14: THURSDAY, FEBRUARY]" classname="org.threeten.extra.chrono.TestAccountingChronologyBuilder" time="0.001"/>
  <testcase name="test_date_dayOfYear_nearestEndOf_range[15: FRIDAY, FEBRUARY]" classname="org.threeten.extra.chrono.TestAccountingChronologyBuilder" time="0"/>
  <testcase name="test_date_dayOfYear_nearestEndOf_range[16: SATURDAY, FEBRUARY]" classname="org.threeten.extra.chrono.TestAccountingChronologyBuilder" time="0"/>
  <testcase name="test_date_dayOfYear_nearestEndOf_range[17: SUNDAY, FEBRUARY]" classname="org.threeten.extra.chrono.TestAccountingChronologyBuilder" time="0"/>
  <testcase name="test_date_dayOfYear_inLastWeekOf_range[0: MONDAY, JANUARY]" classname="org.threeten.extra.chrono.TestAccountingChronologyBuilder" time="0.001"/>
  <testcase name="test_date_dayOfYear_inLastWeekOf_range[1: TUESDAY, MARCH]" classname="org.threeten.extra.chrono.TestAccountingChronologyBuilder" time="0"/>
  <testcase name="test_date_dayOfYear_inLastWeekOf_range[2: WEDNESDAY, APRIL]" classname="org.threeten.extra.chrono.TestAccountingChronologyBuilder" time="0"/>
  <testcase name="test_date_dayOfYear_inLastWeekOf_range[3: THURSDAY, MAY]" classname="org.threeten.extra.chrono.TestAccountingChronologyBuilder" time="0"/>
  <testcase name="test_date_dayOfYear_inLastWeekOf_range[4: FRIDAY, JUNE]" classname="org.threeten.extra.chrono.TestAccountingChronologyBuilder" time="0"/>
  <testcase name="test_date_dayOfYear_inLastWeekOf_range[5: SATURDAY, JULY]" classname="org.threeten.extra.chrono.TestAccountingChronologyBuilder" time="0"/>
  <testcase name="test_date_dayOfYear_inLastWeekOf_range[6: SUNDAY, AUGUST]" classname="org.threeten.extra.chrono.TestAccountingChronologyBuilder" time="0"/>
  <testcase name="test_date_dayOfYear_inLastWeekOf_range[7: MONDAY, SEPTEMBER]" classname="org.threeten.extra.chrono.TestAccountingChronologyBuilder" time="0"/>
  <testcase name="test_date_dayOfYear_inLastWeekOf_range[8: TUESDAY, OCTOBER]" classname="org.threeten.extra.chrono.TestAccountingChronologyBuilder" time="0"/>
  <testcase name="test_date_dayOfYear_inLastWeekOf_range[9: WEDNESDAY, NOVEMBER]" classname="org.threeten.extra.chrono.TestAccountingChronologyBuilder" time="0"/>
  <testcase name="test_date_dayOfYear_inLastWeekOf_range[10: THURSDAY, DECEMBER]" classname="org.threeten.extra.chrono.TestAccountingChronologyBuilder" time="0"/>
  <testcase name="test_date_dayOfYear_inLastWeekOf_range[11: MONDAY, FEBRUARY]" classname="org.threeten.extra.chrono.TestAccountingChronologyBuilder" time="0"/>
  <testcase name="test_date_dayOfYear_inLastWeekOf_range[12: TUESDAY, FEBRUARY]" classname="org.threeten.extra.chrono.TestAccountingChronologyBuilder" time="0"/>
  <testcase name="test_date_dayOfYear_inLastWeekOf_range[13: WEDNESDAY, FEBRUARY]" classname="org.threeten.extra.chrono.TestAccountingChronologyBuilder" time="0"/>
  <testcase name="test_date_dayOfYear_inLastWeekOf_range[14: THURSDAY, FEBRUARY]" classname="org.threeten.extra.chrono.TestAccountingChronologyBuilder" time="0"/>
  <testcase name="test_date_dayOfYear_inLastWeekOf_range[15: FRIDAY, FEBRUARY]" classname="org.threeten.extra.chrono.TestAccountingChronologyBuilder" time="0"/>
  <testcase name="test_date_dayOfYear_inLastWeekOf_range[16: SATURDAY, FEBRUARY]" classname="org.threeten.extra.chrono.TestAccountingChronologyBuilder" time="0.001"/>
  <testcase name="test_date_dayOfYear_inLastWeekOf_range[17: SUNDAY, FEBRUARY]" classname="org.threeten.extra.chrono.TestAccountingChronologyBuilder" time="0"/>
</testsuite>