<?xml version="1.0" encoding="UTF-8"?>
<testsuite xmlns:xsi="http://www.w3.org/2001/XMLSchema-instance" xsi:schemaLocation="https://maven.apache.org/surefire/maven-surefire-plugin/xsd/surefire-test-report.xsd" name="org.threeten.extra.chrono.TestJulianChronology" time="0.007" tests="474" errors="0" skipped="0" failures="0">
  <properties>
    <property name="java.runtime.name" value="OpenJDK Runtime Environment"/>
    <property name="sun.boot.library.path" value="/usr/local/openjdk-8/jre/lib/amd64"/>
    <property name="java.vm.version" value="25.262-b10"/>
    <property name="animal.sniffer.skip" value="true"/>
    <property name="java.vm.vendor" value="Oracle Corporation"/>
    <property name="maven.multiModuleProjectDirectory" value="/tmp/tmpykopg0s2/threeten-extra"/>
    <property name="maven.javadoc.skip" value="true"/>
    <property name="java.vendor.url" value="http://java.oracle.com/"/>
    <property name="path.separator" value=":"/>
    <property name="guice.disable.misplaced.annotation.check" value="true"/>
    <property name="java.vm.name" value="OpenJDK 64-Bit Server VM"/>
    <property name="file.encoding.pkg" value="sun.io"/>
    <property name="sun.java.launcher" value="SUN_STANDARD"/>
    <property name="sun.os.patch.level" value="unknown"/>
    <property name="source.skip" value="true"/>
    <property name="java.vm.specification.name" value="Java Virtual Machine Specification"/>
    <property name="user.dir" value="/tmp/tmpykopg0s2/threeten-extra"/>
    <property name="java.runtime.version" value="1.8.0_262-b10"/>
    <property name="java.awt.graphicsenv" value="sun.awt.X11GraphicsEnvironment"/>
    <property name="java.endorsed.dirs" value="/usr/local/openjdk-8/jre/lib/endorsed"/>
    <property name="os.arch" value="amd64"/>
    <property name="java.io.tmpdir" value="/tmp"/>
    <property name="line.separator" value="&#10;"/>
    <property name="java.vm.specification.vendor" value="Oracle Corporation"/>
    <property name="os.name" value="Linux"/>
    <property name="classworlds.conf" value="/usr/share/maven/bin/m2.conf"/>
    <property name="sun.jnu.encoding" value="UTF-8"/>
    <property name="java.library.path" value="/usr/java/packages/lib/amd64:/usr/lib64:/lib64:/lib:/usr/lib"/>
    <property name="license.skip" value="true"/>
    <property name="maven.conf" value="/usr/share/maven/conf"/>
    <property name="java.specification.name" value="Java Platform API Specification"/>
    <property name="java.class.version" value="52.0"/>
    <property name="sun.management.compiler" value="HotSpot 64-Bit Tiered Compilers"/>
    <property name="maven.test.failure.ignore" value="true"/>
    <property name="os.version" value="4.15.0-109-generic"/>
    <property name="library.jansi.path" value="/usr/share/maven/lib/jansi-native"/>
    <property name="user.home" value="/home/jdbl"/>
    <property name="user.timezone" value="Etc/UTC"/>
    <property name="java.awt.printerjob" value="sun.print.PSPrinterJob"/>
    <property name="java.specification.version" value="1.8"/>
    <property name="file.encoding" value="UTF-8"/>
    <property name="user.name" value="jdbl"/>
    <property name="java.class.path" value="/usr/share/maven/boot/plexus-classworlds-2.6.0.jar"/>
    <property name="java.vm.specification.version" value="1.8"/>
    <property name="sun.arch.data.model" value="64"/>
    <property name="java.home" value="/usr/local/openjdk-8/jre"/>
    <property name="sun.java.command" value="org.codehaus.plexus.classworlds.launcher.Launcher test -e --fail-never -ntp -Dmaven.test.failure.ignore=true -B -Dmaven.javadoc.skip=true -Drat.skip=true -Danimal.sniffer.skip=true -Dmaven.javadoc.skip=true -Dlicense.skip=true -Dsource.skip=true"/>
    <property name="java.specification.vendor" value="Oracle Corporation"/>
    <property name="user.language" value="en"/>
    <property name="awt.toolkit" value="sun.awt.X11.XToolkit"/>
    <property name="java.vm.info" value="mixed mode"/>
    <property name="java.version" value="1.8.0_262"/>
    <property name="java.ext.dirs" value="/usr/local/openjdk-8/jre/lib/ext:/usr/java/packages/lib/ext"/>
    <property name="securerandom.source" value="file:/dev/./urandom"/>
    <property name="sun.boot.class.path" value="/usr/local/openjdk-8/jre/lib/resources.jar:/usr/local/openjdk-8/jre/lib/rt.jar:/usr/local/openjdk-8/jre/lib/sunrsasign.jar:/usr/local/openjdk-8/jre/lib/jsse.jar:/usr/local/openjdk-8/jre/lib/jce.jar:/usr/local/openjdk-8/jre/lib/charsets.jar:/usr/local/openjdk-8/jre/lib/jfr.jar:/usr/local/openjdk-8/jre/classes"/>
    <property name="java.vendor" value="Oracle Corporation"/>
    <property name="rat.skip" value="true"/>
    <property name="maven.home" value="/usr/share/maven"/>
    <property name="file.separator" value="/"/>
    <property name="java.vendor.url.bug" value="http://bugreport.sun.com/bugreport/"/>
    <property name="sun.cpu.endian" value="little"/>
    <property name="sun.io.unicode.encoding" value="UnicodeLittle"/>
    <property name="sun.cpu.isalist" value=""/>
  </properties>
  <testcase name="test_with_TemporalField[0: 2014, 5, 26, DayOfWeek, 3, 2014, 5, 22]" classname="org.threeten.extra.chrono.TestJulianChronology" time="0"/>
  <testcase name="test_with_TemporalField[1: 2014, 5, 26, DayOfWeek, 7, 2014, 5, 26]" classname="org.threeten.extra.chrono.TestJulianChronology" time="0"/>
  <testcase name="test_with_TemporalField[2: 2014, 5, 26, DayOfMonth, 31, 2014, 5, 31]" classname="org.threeten.extra.chrono.TestJulianChronology" time="0"/>
  <testcase name="test_with_TemporalField[3: 2014, 5, 26, DayOfMonth, 26, 2014, 5, 26]" classname="org.threeten.extra.chrono.TestJulianChronology" time="0"/>
  <testcase name="test_with_TemporalField[4: 2014, 5, 26, DayOfYear, 365, 2014, 12, 31]" classname="org.threeten.extra.chrono.TestJulianChronology" time="0"/>
  <testcase name="test_with_TemporalField[5: 2014, 5, 26, DayOfYear, 146, 2014, 5, 26]" classname="org.threeten.extra.chrono.TestJulianChronology" time="0"/>
  <testcase name="test_with_TemporalField[6: 2014, 5, 26, AlignedDayOfWeekInMonth, 3, 2014, 5, 24]" classname="org.threeten.extra.chrono.TestJulianChronology" time="0"/>
  <testcase name="test_with_TemporalField[7: 2014, 5, 26, AlignedDayOfWeekInMonth, 5, 2014, 5, 26]" classname="org.threeten.extra.chrono.TestJulianChronology" time="0"/>
  <testcase name="test_with_TemporalField[8: 2014, 5, 26, AlignedWeekOfMonth, 1, 2014, 5, 5]" classname="org.threeten.extra.chrono.TestJulianChronology" time="0"/>
  <testcase name="test_with_TemporalField[9: 2014, 5, 26, AlignedWeekOfMonth, 4, 2014, 5, 26]" classname="org.threeten.extra.chrono.TestJulianChronology" time="0"/>
  <testcase name="test_with_TemporalField[10: 2014, 5, 26, AlignedDayOfWeekInYear, 2, 2014, 5, 22]" classname="org.threeten.extra.chrono.TestJulianChronology" time="0"/>
  <testcase name="test_with_TemporalField[11: 2014, 5, 26, AlignedDayOfWeekInYear, 6, 2014, 5, 26]" classname="org.threeten.extra.chrono.TestJulianChronology" time="0"/>
  <testcase name="test_with_TemporalField[12: 2014, 5, 26, AlignedWeekOfYear, 23, 2014, 6, 9]" classname="org.threeten.extra.chrono.TestJulianChronology" time="0"/>
  <testcase name="test_with_TemporalField[13: 2014, 5, 26, AlignedWeekOfYear, 21, 2014, 5, 26]" classname="org.threeten.extra.chrono.TestJulianChronology" time="0"/>
  <testcase name="test_with_TemporalField[14: 2014, 5, 26, MonthOfYear, 7, 2014, 7, 26]" classname="org.threeten.extra.chrono.TestJulianChronology" time="0"/>
  <testcase name="test_with_TemporalField[15: 2014, 5, 26, MonthOfYear, 5, 2014, 5, 26]" classname="org.threeten.extra.chrono.TestJulianChronology" time="0"/>
  <testcase name="test_with_TemporalField[16: 2014, 5, 26, ProlepticMonth, 24158, 2013, 3, 26]" classname="org.threeten.extra.chrono.TestJulianChronology" time="0"/>
  <testcase name="test_with_TemporalField[17: 2014, 5, 26, ProlepticMonth, 24172, 2014, 5, 26]" classname="org.threeten.extra.chrono.TestJulianChronology" time="0"/>
  <testcase name="test_with_TemporalField[18: 2014, 5, 26, Year, 2012, 2012, 5, 26]" classname="org.threeten.extra.chrono.TestJulianChronology" time="0"/>
  <testcase name="test_with_TemporalField[19: 2014, 5, 26, Year, 2014, 2014, 5, 26]" classname="org.threeten.extra.chrono.TestJulianChronology" time="0"/>
  <testcase name="test_with_TemporalField[20: 2014, 5, 26, YearOfEra, 2012, 2012, 5, 26]" classname="org.threeten.extra.chrono.TestJulianChronology" time="0"/>
  <testcase name="test_with_TemporalField[21: 2014, 5, 26, YearOfEra, 2014, 2014, 5, 26]" classname="org.threeten.extra.chrono.TestJulianChronology" time="0"/>
  <testcase name="test_with_TemporalField[22: 2014, 5, 26, Era, 0, -2013, 5, 26]" classname="org.threeten.extra.chrono.TestJulianChronology" time="0"/>
  <testcase name="test_with_TemporalField[23: 2014, 5, 26, Era, 1, 2014, 5, 26]" classname="org.threeten.extra.chrono.TestJulianChronology" time="0"/>
  <testcase name="test_with_TemporalField[24: 2011, 3, 31, MonthOfYear, 2, 2011, 2, 28]" classname="org.threeten.extra.chrono.TestJulianChronology" time="0"/>
  <testcase name="test_with_TemporalField[25: 2012, 3, 31, MonthOfYear, 2, 2012, 2, 29]" classname="org.threeten.extra.chrono.TestJulianChronology" time="0"/>
  <testcase name="test_with_TemporalField[26: 2012, 3, 31, MonthOfYear, 6, 2012, 6, 30]" classname="org.threeten.extra.chrono.TestJulianChronology" time="0"/>
  <testcase name="test_with_TemporalField[27: 2012, 2, 29, Year, 2011, 2011, 2, 28]" classname="org.threeten.extra.chrono.TestJulianChronology" time="0"/>
  <testcase name="test_with_TemporalField[28: -2013, 6, 8, YearOfEra, 2012, -2011, 6, 8]" classname="org.threeten.extra.chrono.TestJulianChronology" time="0"/>
  <testcase name="test_with_TemporalField[29: 2014, 5, 26, DayOfWeek[WeekFields[MONDAY,4]], 3, 2014, 5, 22]" classname="org.threeten.extra.chrono.TestJulianChronology" time="0"/>
  <testcase name="test_plus_Period_ISO" classname="org.threeten.extra.chrono.TestJulianChronology" time="0"/>
  <testcase name="test_JulianDate_until_JulianDate[0: Julian AD 1-01-01, 0000-12-30]" classname="org.threeten.extra.chrono.TestJulianChronology" time="0"/>
  <testcase name="test_JulianDate_until_JulianDate[1: Julian AD 1-01-02, 0000-12-31]" classname="org.threeten.extra.chrono.TestJulianChronology" time="0"/>
  <testcase name="test_JulianDate_until_JulianDate[2: Julian AD 1-01-03, 0001-01-01]" classname="org.threeten.extra.chrono.TestJulianChronology" time="0"/>
  <testcase name="test_JulianDate_until_JulianDate[3: Julian AD 1-02-28, 0001-02-26]" classname="org.threeten.extra.chrono.TestJulianChronology" time="0"/>
  <testcase name="test_JulianDate_until_JulianDate[4: Julian AD 1-03-01, 0001-02-27]" classname="org.threeten.extra.chrono.TestJulianChronology" time="0"/>
  <testcase name="test_JulianDate_until_JulianDate[5: Julian AD 1-03-02, 0001-02-28]" classname="org.threeten.extra.chrono.TestJulianChronology" time="0"/>
  <testcase name="test_JulianDate_until_JulianDate[6: Julian AD 1-03-03, 0001-03-01]" classname="org.threeten.extra.chrono.TestJulianChronology" time="0"/>
  <testcase name="test_JulianDate_until_JulianDate[7: Julian AD 4-02-28, 0004-02-26]" classname="org.threeten.extra.chrono.TestJulianChronology" time="0"/>
  <testcase name="test_JulianDate_until_JulianDate[8: Julian AD 4-02-29, 0004-02-27]" classname="org.threeten.extra.chrono.TestJulianChronology" time="0"/>
  <testcase name="test_JulianDate_until_JulianDate[9: Julian AD 4-03-01, 0004-02-28]" classname="org.threeten.extra.chrono.TestJulianChronology" time="0"/>
  <testcase name="test_JulianDate_until_JulianDate[10: Julian AD 4-03-02, 0004-02-29]" classname="org.threeten.extra.chrono.TestJulianChronology" time="0"/>
  <testcase name="test_JulianDate_until_JulianDate[11: Julian AD 4-03-03, 0004-03-01]" classname="org.threeten.extra.chrono.TestJulianChronology" time="0"/>
  <testcase name="test_JulianDate_until_JulianDate[12: Julian AD 100-02-28, 0100-02-26]" classname="org.threeten.extra.chrono.TestJulianChronology" time="0"/>
  <testcase name="test_JulianDate_until_JulianDate[13: Julian AD 100-02-29, 0100-02-27]" classname="org.threeten.extra.chrono.TestJulianChronology" time="0"/>
  <testcase name="test_JulianDate_until_JulianDate[14: Julian AD 100-03-01, 0100-02-28]" classname="org.threeten.extra.chrono.TestJulianChronology" time="0"/>
  <testcase name="test_JulianDate_until_JulianDate[15: Julian AD 100-03-02, 0100-03-01]" classname="org.threeten.extra.chrono.TestJulianChronology" time="0.001"/>
  <testcase name="test_JulianDate_until_JulianDate[16: Julian AD 100-03-03, 0100-03-02]" classname="org.threeten.extra.chrono.TestJulianChronology" time="0"/>
  <testcase name="test_JulianDate_until_JulianDate[17: Julian BC 1-12-31, 0000-12-29]" classname="org.threeten.extra.chrono.TestJulianChronology" time="0"/>
  <testcase name="test_JulianDate_until_JulianDate[18: Julian BC 1-12-30, 0000-12-28]" classname="org.threeten.extra.chrono.TestJulianChronology" time="0"/>
  <testcase name="test_JulianDate_until_JulianDate[19: Julian AD 1582-10-04, 1582-10-14]" classname="org.threeten.extra.chrono.TestJulianChronology" time="0"/>
  <testcase name="test_JulianDate_until_JulianDate[20: Julian AD 1582-10-05, 1582-10-15]" classname="org.threeten.extra.chrono.TestJulianChronology" time="0"/>
  <testcase name="test_JulianDate_until_JulianDate[21: Julian AD 1945-10-30, 1945-11-12]" classname="org.threeten.extra.chrono.TestJulianChronology" time="0"/>
  <testcase name="test_JulianDate_until_JulianDate[22: Julian AD 2012-06-22, 2012-07-05]" classname="org.threeten.extra.chrono.TestJulianChronology" time="0"/>
  <testcase name="test_JulianDate_until_JulianDate[23: Julian AD 2012-06-23, 2012-07-06]" classname="org.threeten.extra.chrono.TestJulianChronology" time="0"/>
  <testcase name="test_until_DAYS[0: Julian AD 1-01-01, 0000-12-30]" classname="org.threeten.extra.chrono.TestJulianChronology" time="0"/>
  <testcase name="test_until_DAYS[1: Julian AD 1-01-02, 0000-12-31]" classname="org.threeten.extra.chrono.TestJulianChronology" time="0"/>
  <testcase name="test_until_DAYS[2: Julian AD 1-01-03, 0001-01-01]" classname="org.threeten.extra.chrono.TestJulianChronology" time="0"/>
  <testcase name="test_until_DAYS[3: Julian AD 1-02-28, 0001-02-26]" classname="org.threeten.extra.chrono.TestJulianChronology" time="0"/>
  <testcase name="test_until_DAYS[4: Julian AD 1-03-01, 0001-02-27]" classname="org.threeten.extra.chrono.TestJulianChronology" time="0"/>
  <testcase name="test_until_DAYS[5: Julian AD 1-03-02, 0001-02-28]" classname="org.threeten.extra.chrono.TestJulianChronology" time="0"/>
  <testcase name="test_until_DAYS[6: Julian AD 1-03-03, 0001-03-01]" classname="org.threeten.extra.chrono.TestJulianChronology" time="0"/>
  <testcase name="test_until_DAYS[7: Julian AD 4-02-28, 0004-02-26]" classname="org.threeten.extra.chrono.TestJulianChronology" time="0"/>
  <testcase name="test_until_DAYS[8: Julian AD 4-02-29, 0004-02-27]" classname="org.threeten.extra.chrono.TestJulianChronology" time="0"/>
  <testcase name="test_until_DAYS[9: Julian AD 4-03-01, 0004-02-28]" classname="org.threeten.extra.chrono.TestJulianChronology" time="0"/>
  <testcase name="test_until_DAYS[10: Julian AD 4-03-02, 0004-02-29]" classname="org.threeten.extra.chrono.TestJulianChronology" time="0"/>
  <testcase name="test_until_DAYS[11: Julian AD 4-03-03, 0004-03-01]" classname="org.threeten.extra.chrono.TestJulianChronology" time="0"/>
  <testcase name="test_until_DAYS[12: Julian AD 100-02-28, 0100-02-26]" classname="org.threeten.extra.chrono.TestJulianChronology" time="0"/>
  <testcase name="test_until_DAYS[13: Julian AD 100-02-29, 0100-02-27]" classname="org.threeten.extra.chrono.TestJulianChronology" time="0"/>
  <testcase name="test_until_DAYS[14: Julian AD 100-03-01, 0100-02-28]" classname="org.threeten.extra.chrono.TestJulianChronology" time="0"/>
  <testcase name="test_until_DAYS[15: Julian AD 100-03-02, 0100-03-01]" classname="org.threeten.extra.chrono.TestJulianChronology" time="0"/>
  <testcase name="test_until_DAYS[16: Julian AD 100-03-03, 0100-03-02]" classname="org.threeten.extra.chrono.TestJulianChronology" time="0"/>
  <testcase name="test_until_DAYS[17: Julian BC 1-12-31, 0000-12-29]" classname="org.threeten.extra.chrono.TestJulianChronology" time="0"/>
  <testcase name="test_until_DAYS[18: Julian BC 1-12-30, 0000-12-28]" classname="org.threeten.extra.chrono.TestJulianChronology" time="0"/>
  <testcase name="test_until_DAYS[19: Julian AD 1582-10-04, 1582-10-14]" classname="org.threeten.extra.chrono.TestJulianChronology" time="0"/>
  <testcase name="test_until_DAYS[20: Julian AD 1582-10-05, 1582-10-15]" classname="org.threeten.extra.chrono.TestJulianChronology" time="0"/>
  <testcase name="test_until_DAYS[21: Julian AD 1945-10-30, 1945-11-12]" classname="org.threeten.extra.chrono.TestJulianChronology" time="0"/>
  <testcase name="test_until_DAYS[22: Julian AD 2012-06-22, 2012-07-05]" classname="org.threeten.extra.chrono.TestJulianChronology" time="0"/>
  <testcase name="test_until_DAYS[23: Julian AD 2012-06-23, 2012-07-06]" classname="org.threeten.extra.chrono.TestJulianChronology" time="0"/>
  <testcase name="test_LocalDate_until_JulianDate[0: Julian AD 1-01-01, 0000-12-30]" classname="org.threeten.extra.chrono.TestJulianChronology" time="0"/>
  <testcase name="test_LocalDate_until_JulianDate[1: Julian AD 1-01-02, 0000-12-31]" classname="org.threeten.extra.chrono.TestJulianChronology" time="0"/>
  <testcase name="test_LocalDate_until_JulianDate[2: Julian AD 1-01-03, 0001-01-01]" classname="org.threeten.extra.chrono.TestJulianChronology" time="0"/>
  <testcase name="test_LocalDate_until_JulianDate[3: Julian AD 1-02-28, 0001-02-26]" classname="org.threeten.extra.chrono.TestJulianChronology" time="0"/>
  <testcase name="test_LocalDate_until_JulianDate[4: Julian AD 1-03-01, 0001-02-27]" classname="org.threeten.extra.chrono.TestJulianChronology" time="0"/>
  <testcase name="test_LocalDate_until_JulianDate[5: Julian AD 1-03-02, 0001-02-28]" classname="org.threeten.extra.chrono.TestJulianChronology" time="0"/>
  <testcase name="test_LocalDate_until_JulianDate[6: Julian AD 1-03-03, 0001-03-01]" classname="org.threeten.extra.chrono.TestJulianChronology" time="0"/>
  <testcase name="test_LocalDate_until_JulianDate[7: Julian AD 4-02-28, 0004-02-26]" classname="org.threeten.extra.chrono.TestJulianChronology" time="0"/>
  <testcase name="test_LocalDate_until_JulianDate[8: Julian AD 4-02-29, 0004-02-27]" classname="org.threeten.extra.chrono.TestJulianChronology" time="0"/>
  <testcase name="test_LocalDate_until_JulianDate[9: Julian AD 4-03-01, 0004-02-28]" classname="org.threeten.extra.chrono.TestJulianChronology" time="0"/>
  <testcase name="test_LocalDate_until_JulianDate[10: Julian AD 4-03-02, 0004-02-29]" classname="org.threeten.extra.chrono.TestJulianChronology" time="0"/>
  <testcase name="test_LocalDate_until_JulianDate[11: Julian AD 4-03-03, 0004-03-01]" classname="org.threeten.extra.chrono.TestJulianChronology" time="0"/>
  <testcase name="test_LocalDate_until_JulianDate[12: Julian AD 100-02-28, 0100-02-26]" classname="org.threeten.extra.chrono.TestJulianChronology" time="0"/>
  <testcase name="test_LocalDate_until_JulianDate[13: Julian AD 100-02-29, 0100-02-27]" classname="org.threeten.extra.chrono.TestJulianChronology" time="0"/>
  <testcase name="test_LocalDate_until_JulianDate[14: Julian AD 100-03-01, 0100-02-28]" classname="org.threeten.extra.chrono.TestJulianChronology" time="0"/>
  <testcase name="test_LocalDate_until_JulianDate[15: Julian AD 100-03-02, 0100-03-01]" classname="org.threeten.extra.chrono.TestJulianChronology" time="0"/>
  <testcase name="test_LocalDate_until_JulianDate[16: Julian AD 100-03-03, 0100-03-02]" classname="org.threeten.extra.chrono.TestJulianChronology" time="0"/>
  <testcase name="test_LocalDate_until_JulianDate[17: Julian BC 1-12-31, 0000-12-29]" classname="org.threeten.extra.chrono.TestJulianChronology" time="0"/>
  <testcase name="test_LocalDate_until_JulianDate[18: Julian BC 1-12-30, 0000-12-28]" classname="org.threeten.extra.chrono.TestJulianChronology" time="0"/>
  <testcase name="test_LocalDate_until_JulianDate[19: Julian AD 1582-10-04, 1582-10-14]" classname="org.threeten.extra.chrono.TestJulianChronology" time="0"/>
  <testcase name="test_LocalDate_until_JulianDate[20: Julian AD 1582-10-05, 1582-10-15]" classname="org.threeten.extra.chrono.TestJulianChronology" time="0"/>
  <testcase name="test_LocalDate_until_JulianDate[21: Julian AD 1945-10-30, 1945-11-12]" classname="org.threeten.extra.chrono.TestJulianChronology" time="0"/>
  <testcase name="test_LocalDate_until_JulianDate[22: Julian AD 2012-06-22, 2012-07-05]" classname="org.threeten.extra.chrono.TestJulianChronology" time="0"/>
  <testcase name="test_LocalDate_until_JulianDate[23: Julian AD 2012-06-23, 2012-07-06]" classname="org.threeten.extra.chrono.TestJulianChronology" time="0"/>
  <testcase name="test_until_TemporalUnit_unsupported" classname="org.threeten.extra.chrono.TestJulianChronology" time="0"/>
  <testcase name="test_chronology_of_name_id" classname="org.threeten.extra.chrono.TestJulianChronology" time="0"/>
  <testcase name="test_chronology_of_name" classname="org.threeten.extra.chrono.TestJulianChronology" time="0"/>
  <testcase name="test_chronology_dateYearDay_badDate" classname="org.threeten.extra.chrono.TestJulianChronology" time="0"/>
  <testcase name="test_getLong[0: 2014, 5, 26, DayOfWeek, 7]" classname="org.threeten.extra.chrono.TestJulianChronology" time="0"/>
  <testcase name="test_getLong[1: 2014, 5, 26, DayOfMonth, 26]" classname="org.threeten.extra.chrono.TestJulianChronology" time="0"/>
  <testcase name="test_getLong[2: 2014, 5, 26, DayOfYear, 146]" classname="org.threeten.extra.chrono.TestJulianChronology" time="0"/>
  <testcase name="test_getLong[3: 2014, 5, 26, AlignedDayOfWeekInMonth, 5]" classname="org.threeten.extra.chrono.TestJulianChronology" time="0"/>
  <testcase name="test_getLong[4: 2014, 5, 26, AlignedWeekOfMonth, 4]" classname="org.threeten.extra.chrono.TestJulianChronology" time="0"/>
  <testcase name="test_getLong[5: 2014, 5, 26, AlignedDayOfWeekInYear, 6]" classname="org.threeten.extra.chrono.TestJulianChronology" time="0"/>
  <testcase name="test_getLong[6: 2014, 5, 26, AlignedWeekOfYear, 21]" classname="org.threeten.extra.chrono.TestJulianChronology" time="0"/>
  <testcase name="test_getLong[7: 2014, 5, 26, MonthOfYear, 5]" classname="org.threeten.extra.chrono.TestJulianChronology" time="0"/>
  <testcase name="test_getLong[8: 2014, 5, 26, ProlepticMonth, 24172]" classname="org.threeten.extra.chrono.TestJulianChronology" time="0"/>
  <testcase name="test_getLong[9: 2014, 5, 26, Year, 2014]" classname="org.threeten.extra.chrono.TestJulianChronology" time="0"/>
  <testcase name="test_getLong[10: 2014, 5, 26, Era, 1]" classname="org.threeten.extra.chrono.TestJulianChronology" time="0"/>
  <testcase name="test_getLong[11: 1, 6, 8, Era, 1]" classname="org.threeten.extra.chrono.TestJulianChronology" time="0"/>
  <testcase name="test_getLong[12: 0, 6, 8, Era, 0]" classname="org.threeten.extra.chrono.TestJulianChronology" time="0"/>
  <testcase name="test_getLong[13: 2014, 5, 26, DayOfWeek[WeekFields[MONDAY,4]], 7]" classname="org.threeten.extra.chrono.TestJulianChronology" time="0"/>
  <testcase name="test_Chronology_eraOf" classname="org.threeten.extra.chrono.TestJulianChronology" time="0"/>
  <testcase name="test_minus_Period" classname="org.threeten.extra.chrono.TestJulianChronology" time="0"/>
  <testcase name="test_Chronology_range" classname="org.threeten.extra.chrono.TestJulianChronology" time="0"/>
  <testcase name="test_isLeapYear_specific" classname="org.threeten.extra.chrono.TestJulianChronology" time="0"/>
  <testcase name="test_minus_Period_ISO" classname="org.threeten.extra.chrono.TestJulianChronology" time="0"/>
  <testcase name="test_adjust_toMonth" classname="org.threeten.extra.chrono.TestJulianChronology" time="0"/>
  <testcase name="test_minus_TemporalUnit[0: 2014, 5, 26, 0, Days, 2014, 5, 26]" classname="org.threeten.extra.chrono.TestJulianChronology" time="0"/>
  <testcase name="test_minus_TemporalUnit[1: 2014, 5, 26, 8, Days, 2014, 6, 3]" classname="org.threeten.extra.chrono.TestJulianChronology" time="0"/>
  <testcase name="test_minus_TemporalUnit[2: 2014, 5, 26, -3, Days, 2014, 5, 23]" classname="org.threeten.extra.chrono.TestJulianChronology" time="0"/>
  <testcase name="test_minus_TemporalUnit[3: 2014, 5, 26, 0, Weeks, 2014, 5, 26]" classname="org.threeten.extra.chrono.TestJulianChronology" time="0"/>
  <testcase name="test_minus_TemporalUnit[4: 2014, 5, 26, 3, Weeks, 2014, 6, 16]" classname="org.threeten.extra.chrono.TestJulianChronology" time="0"/>
  <testcase name="test_minus_TemporalUnit[5: 2014, 5, 26, -5, Weeks, 2014, 4, 21]" classname="org.threeten.extra.chrono.TestJulianChronology" time="0"/>
  <testcase name="test_minus_TemporalUnit[6: 2014, 5, 26, 0, Months, 2014, 5, 26]" classname="org.threeten.extra.chrono.TestJulianChronology" time="0"/>
  <testcase name="test_minus_TemporalUnit[7: 2014, 5, 26, 3, Months, 2014, 8, 26]" classname="org.threeten.extra.chrono.TestJulianChronology" time="0"/>
  <testcase name="test_minus_TemporalUnit[8: 2014, 5, 26, -5, Months, 2013, 12, 26]" classname="org.threeten.extra.chrono.TestJulianChronology" time="0"/>
  <testcase name="test_minus_TemporalUnit[9: 2014, 5, 26, 0, Years, 2014, 5, 26]" classname="org.threeten.extra.chrono.TestJulianChronology" time="0"/>
  <testcase name="test_minus_TemporalUnit[10: 2014, 5, 26, 3, Years, 2017, 5, 26]" classname="org.threeten.extra.chrono.TestJulianChronology" time="0"/>
  <testcase name="test_minus_TemporalUnit[11: 2014, 5, 26, -5, Years, 2009, 5, 26]" classname="org.threeten.extra.chrono.TestJulianChronology" time="0"/>
  <testcase name="test_minus_TemporalUnit[12: 2014, 5, 26, 0, Decades, 2014, 5, 26]" classname="org.threeten.extra.chrono.TestJulianChronology" time="0"/>
  <testcase name="test_minus_TemporalUnit[13: 2014, 5, 26, 3, Decades, 2044, 5, 26]" classname="org.threeten.extra.chrono.TestJulianChronology" time="0"/>
  <testcase name="test_minus_TemporalUnit[14: 2014, 5, 26, -5, Decades, 1964, 5, 26]" classname="org.threeten.extra.chrono.TestJulianChronology" time="0"/>
  <testcase name="test_minus_TemporalUnit[15: 2014, 5, 26, 0, Centuries, 2014, 5, 26]" classname="org.threeten.extra.chrono.TestJulianChronology" time="0"/>
  <testcase name="test_minus_TemporalUnit[16: 2014, 5, 26, 3, Centuries, 2314, 5, 26]" classname="org.threeten.extra.chrono.TestJulianChronology" time="0"/>
  <testcase name="test_minus_TemporalUnit[17: 2014, 5, 26, -5, Centuries, 1514, 5, 26]" classname="org.threeten.extra.chrono.TestJulianChronology" time="0"/>
  <testcase name="test_minus_TemporalUnit[18: 2014, 5, 26, 0, Millennia, 2014, 5, 26]" classname="org.threeten.extra.chrono.TestJulianChronology" time="0"/>
  <testcase name="test_minus_TemporalUnit[19: 2014, 5, 26, 3, Millennia, 5014, 5, 26]" classname="org.threeten.extra.chrono.TestJulianChronology" time="0"/>
  <testcase name="test_minus_TemporalUnit[20: 2014, 5, 26, -5, Millennia, -2986, 5, 26]" classname="org.threeten.extra.chrono.TestJulianChronology" time="0"/>
  <testcase name="test_minus_TemporalUnit[21: 2014, 5, 26, -1, Eras, -2013, 5, 26]" classname="org.threeten.extra.chrono.TestJulianChronology" time="0"/>
  <testcase name="test_prolepticYear_badEra" classname="org.threeten.extra.chrono.TestJulianChronology" time="0"/>
  <testcase name="test_JulianDate_toEpochDay[0: Julian AD 1-01-01, 0000-12-30]" classname="org.threeten.extra.chrono.TestJulianChronology" time="0"/>
  <testcase name="test_JulianDate_toEpochDay[1: Julian AD 1-01-02, 0000-12-31]" classname="org.threeten.extra.chrono.TestJulianChronology" time="0"/>
  <testcase name="test_JulianDate_toEpochDay[2: Julian AD 1-01-03, 0001-01-01]" classname="org.threeten.extra.chrono.TestJulianChronology" time="0"/>
  <testcase name="test_JulianDate_toEpochDay[3: Julian AD 1-02-28, 0001-02-26]" classname="org.threeten.extra.chrono.TestJulianChronology" time="0"/>
  <testcase name="test_JulianDate_toEpochDay[4: Julian AD 1-03-01, 0001-02-27]" classname="org.threeten.extra.chrono.TestJulianChronology" time="0"/>
  <testcase name="test_JulianDate_toEpochDay[5: Julian AD 1-03-02, 0001-02-28]" classname="org.threeten.extra.chrono.TestJulianChronology" time="0"/>
  <testcase name="test_JulianDate_toEpochDay[6: Julian AD 1-03-03, 0001-03-01]" classname="org.threeten.extra.chrono.TestJulianChronology" time="0"/>
  <testcase name="test_JulianDate_toEpochDay[7: Julian AD 4-02-28, 0004-02-26]" classname="org.threeten.extra.chrono.TestJulianChronology" time="0"/>
  <testcase name="test_JulianDate_toEpochDay[8: Julian AD 4-02-29, 0004-02-27]" classname="org.threeten.extra.chrono.TestJulianChronology" time="0"/>
  <testcase name="test_JulianDate_toEpochDay[9: Julian AD 4-03-01, 0004-02-28]" classname="org.threeten.extra.chrono.TestJulianChronology" time="0"/>
  <testcase name="test_JulianDate_toEpochDay[10: Julian AD 4-03-02, 0004-02-29]" classname="org.threeten.extra.chrono.TestJulianChronology" time="0"/>
  <testcase name="test_JulianDate_toEpochDay[11: Julian AD 4-03-03, 0004-03-01]" classname="org.threeten.extra.chrono.TestJulianChronology" time="0"/>
  <testcase name="test_JulianDate_toEpochDay[12: Julian AD 100-02-28, 0100-02-26]" classname="org.threeten.extra.chrono.TestJulianChronology" time="0"/>
  <testcase name="test_JulianDate_toEpochDay[13: Julian AD 100-02-29, 0100-02-27]" classname="org.threeten.extra.chrono.TestJulianChronology" time="0"/>
  <testcase name="test_JulianDate_toEpochDay[14: Julian AD 100-03-01, 0100-02-28]" classname="org.threeten.extra.chrono.TestJulianChronology" time="0"/>
  <testcase name="test_JulianDate_toEpochDay[15: Julian AD 100-03-02, 0100-03-01]" classname="org.threeten.extra.chrono.TestJulianChronology" time="0"/>
  <testcase name="test_JulianDate_toEpochDay[16: Julian AD 100-03-03, 0100-03-02]" classname="org.threeten.extra.chrono.TestJulianChronology" time="0"/>
  <testcase name="test_JulianDate_toEpochDay[17: Julian BC 1-12-31, 0000-12-29]" classname="org.threeten.extra.chrono.TestJulianChronology" time="0"/>
  <testcase name="test_JulianDate_toEpochDay[18: Julian BC 1-12-30, 0000-12-28]" classname="org.threeten.extra.chrono.TestJulianChronology" time="0"/>
  <testcase name="test_JulianDate_toEpochDay[19: Julian AD 1582-10-04, 1582-10-14]" classname="org.threeten.extra.chrono.TestJulianChronology" time="0"/>
  <testcase name="test_JulianDate_toEpochDay[20: Julian AD 1582-10-05, 1582-10-15]" classname="org.threeten.extra.chrono.TestJulianChronology" time="0"/>
  <testcase name="test_JulianDate_toEpochDay[21: Julian AD 1945-10-30, 1945-11-12]" classname="org.threeten.extra.chrono.TestJulianChronology" time="0"/>
  <testcase name="test_JulianDate_toEpochDay[22: Julian AD 2012-06-22, 2012-07-05]" classname="org.threeten.extra.chrono.TestJulianChronology" time="0"/>
  <testcase name="test_JulianDate_toEpochDay[23: Julian AD 2012-06-23, 2012-07-06]" classname="org.threeten.extra.chrono.TestJulianChronology" time="0"/>
  <testcase name="test_JulianDate_until_LocalDate[0: Julian AD 1-01-01, 0000-12-30]" classname="org.threeten.extra.chrono.TestJulianChronology" time="0"/>
  <testcase name="test_JulianDate_until_LocalDate[1: Julian AD 1-01-02, 0000-12-31]" classname="org.threeten.extra.chrono.TestJulianChronology" time="0"/>
  <testcase name="test_JulianDate_until_LocalDate[2: Julian AD 1-01-03, 0001-01-01]" classname="org.threeten.extra.chrono.TestJulianChronology" time="0"/>
  <testcase name="test_JulianDate_until_LocalDate[3: Julian AD 1-02-28, 0001-02-26]" classname="org.threeten.extra.chrono.TestJulianChronology" time="0"/>
  <testcase name="test_JulianDate_until_LocalDate[4: Julian AD 1-03-01, 0001-02-27]" classname="org.threeten.extra.chrono.TestJulianChronology" time="0"/>
  <testcase name="test_JulianDate_until_LocalDate[5: Julian AD 1-03-02, 0001-02-28]" classname="org.threeten.extra.chrono.TestJulianChronology" time="0"/>
  <testcase name="test_JulianDate_until_LocalDate[6: Julian AD 1-03-03, 0001-03-01]" classname="org.threeten.extra.chrono.TestJulianChronology" time="0"/>
  <testcase name="test_JulianDate_until_LocalDate[7: Julian AD 4-02-28, 0004-02-26]" classname="org.threeten.extra.chrono.TestJulianChronology" time="0"/>
  <testcase name="test_JulianDate_until_LocalDate[8: Julian AD 4-02-29, 0004-02-27]" classname="org.threeten.extra.chrono.TestJulianChronology" time="0"/>
  <testcase name="test_JulianDate_until_LocalDate[9: Julian AD 4-03-01, 0004-02-28]" classname="org.threeten.extra.chrono.TestJulianChronology" time="0"/>
  <testcase name="test_JulianDate_until_LocalDate[10: Julian AD 4-03-02, 0004-02-29]" classname="org.threeten.extra.chrono.TestJulianChronology" time="0"/>
  <testcase name="test_JulianDate_until_LocalDate[11: Julian AD 4-03-03, 0004-03-01]" classname="org.threeten.extra.chrono.TestJulianChronology" time="0"/>
  <testcase name="test_JulianDate_until_LocalDate[12: Julian AD 100-02-28, 0100-02-26]" classname="org.threeten.extra.chrono.TestJulianChronology" time="0"/>
  <testcase name="test_JulianDate_until_LocalDate[13: Julian AD 100-02-29, 0100-02-27]" classname="org.threeten.extra.chrono.TestJulianChronology" time="0"/>
  <testcase name="test_JulianDate_until_LocalDate[14: Julian AD 100-03-01, 0100-02-28]" classname="org.threeten.extra.chrono.TestJulianChronology" time="0"/>
  <testcase name="test_JulianDate_until_LocalDate[15: Julian AD 100-03-02, 0100-03-01]" classname="org.threeten.extra.chrono.TestJulianChronology" time="0"/>
  <testcase name="test_JulianDate_until_LocalDate[16: Julian AD 100-03-03, 0100-03-02]" classname="org.threeten.extra.chrono.TestJulianChronology" time="0"/>
  <testcase name="test_JulianDate_until_LocalDate[17: Julian BC 1-12-31, 0000-12-29]" classname="org.threeten.extra.chrono.TestJulianChronology" time="0"/>
  <testcase name="test_JulianDate_until_LocalDate[18: Julian BC 1-12-30, 0000-12-28]" classname="org.threeten.extra.chrono.TestJulianChronology" time="0"/>
  <testcase name="test_JulianDate_until_LocalDate[19: Julian AD 1582-10-04, 1582-10-14]" classname="org.threeten.extra.chrono.TestJulianChronology" time="0"/>
  <testcase name="test_JulianDate_until_LocalDate[20: Julian AD 1582-10-05, 1582-10-15]" classname="org.threeten.extra.chrono.TestJulianChronology" time="0"/>
  <testcase name="test_JulianDate_until_LocalDate[21: Julian AD 1945-10-30, 1945-11-12]" classname="org.threeten.extra.chrono.TestJulianChronology" time="0"/>
  <testcase name="test_JulianDate_until_LocalDate[22: Julian AD 2012-06-22, 2012-07-05]" classname="org.threeten.extra.chrono.TestJulianChronology" time="0"/>
  <testcase name="test_JulianDate_until_LocalDate[23: Julian AD 2012-06-23, 2012-07-06]" classname="org.threeten.extra.chrono.TestJulianChronology" time="0"/>
  <testcase name="test_equals" classname="org.threeten.extra.chrono.TestJulianChronology" time="0"/>
  <testcase name="test_LocalDateTime_adjustToJulianDate" classname="org.threeten.extra.chrono.TestJulianChronology" time="0"/>
  <testcase name="test_plus_Period" classname="org.threeten.extra.chrono.TestJulianChronology" time="0"/>
  <testcase name="test_LocalDate_from_JulianDate[0: Julian AD 1-01-01, 0000-12-30]" classname="org.threeten.extra.chrono.TestJulianChronology" time="0"/>
  <testcase name="test_LocalDate_from_JulianDate[1: Julian AD 1-01-02, 0000-12-31]" classname="org.threeten.extra.chrono.TestJulianChronology" time="0"/>
  <testcase name="test_LocalDate_from_JulianDate[2: Julian AD 1-01-03, 0001-01-01]" classname="org.threeten.extra.chrono.TestJulianChronology" time="0"/>
  <testcase name="test_LocalDate_from_JulianDate[3: Julian AD 1-02-28, 0001-02-26]" classname="org.threeten.extra.chrono.TestJulianChronology" time="0"/>
  <testcase name="test_LocalDate_from_JulianDate[4: Julian AD 1-03-01, 0001-02-27]" classname="org.threeten.extra.chrono.TestJulianChronology" time="0"/>
  <testcase name="test_LocalDate_from_JulianDate[5: Julian AD 1-03-02, 0001-02-28]" classname="org.threeten.extra.chrono.TestJulianChronology" time="0"/>
  <testcase name="test_LocalDate_from_JulianDate[6: Julian AD 1-03-03, 0001-03-01]" classname="org.threeten.extra.chrono.TestJulianChronology" time="0"/>
  <testcase name="test_LocalDate_from_JulianDate[7: Julian AD 4-02-28, 0004-02-26]" classname="org.threeten.extra.chrono.TestJulianChronology" time="0"/>
  <testcase name="test_LocalDate_from_JulianDate[8: Julian AD 4-02-29, 0004-02-27]" classname="org.threeten.extra.chrono.TestJulianChronology" time="0"/>
  <testcase name="test_LocalDate_from_JulianDate[9: Julian AD 4-03-01, 0004-02-28]" classname="org.threeten.extra.chrono.TestJulianChronology" time="0"/>
  <testcase name="test_LocalDate_from_JulianDate[10: Julian AD 4-03-02, 0004-02-29]" classname="org.threeten.extra.chrono.TestJulianChronology" time="0"/>
  <testcase name="test_LocalDate_from_JulianDate[11: Julian AD 4-03-03, 0004-03-01]" classname="org.threeten.extra.chrono.TestJulianChronology" time="0"/>
  <testcase name="test_LocalDate_from_JulianDate[12: Julian AD 100-02-28, 0100-02-26]" classname="org.threeten.extra.chrono.TestJulianChronology" time="0"/>
  <testcase name="test_LocalDate_from_JulianDate[13: Julian AD 100-02-29, 0100-02-27]" classname="org.threeten.extra.chrono.TestJulianChronology" time="0"/>
  <testcase name="test_LocalDate_from_JulianDate[14: Julian AD 100-03-01, 0100-02-28]" classname="org.threeten.extra.chrono.TestJulianChronology" time="0"/>
  <testcase name="test_LocalDate_from_JulianDate[15: Julian AD 100-03-02, 0100-03-01]" classname="org.threeten.extra.chrono.TestJulianChronology" time="0"/>
  <testcase name="test_LocalDate_from_JulianDate[16: Julian AD 100-03-03, 0100-03-02]" classname="org.threeten.extra.chrono.TestJulianChronology" time="0"/>
  <testcase name="test_LocalDate_from_JulianDate[17: Julian BC 1-12-31, 0000-12-29]" classname="org.threeten.extra.chrono.TestJulianChronology" time="0"/>
  <testcase name="test_LocalDate_from_JulianDate[18: Julian BC 1-12-30, 0000-12-28]" classname="org.threeten.extra.chrono.TestJulianChronology" time="0"/>
  <testcase name="test_LocalDate_from_JulianDate[19: Julian AD 1582-10-04, 1582-10-14]" classname="org.threeten.extra.chrono.TestJulianChronology" time="0"/>
  <testcase name="test_LocalDate_from_JulianDate[20: Julian AD 1582-10-05, 1582-10-15]" classname="org.threeten.extra.chrono.TestJulianChronology" time="0"/>
  <testcase name="test_LocalDate_from_JulianDate[21: Julian AD 1945-10-30, 1945-11-12]" classname="org.threeten.extra.chrono.TestJulianChronology" time="0"/>
  <testcase name="test_LocalDate_from_JulianDate[22: Julian AD 2012-06-22, 2012-07-05]" classname="org.threeten.extra.chrono.TestJulianChronology" time="0"/>
  <testcase name="test_LocalDate_from_JulianDate[23: Julian AD 2012-06-23, 2012-07-06]" classname="org.threeten.extra.chrono.TestJulianChronology" time="0"/>
  <testcase name="test_Chronology_eraOf_invalid" classname="org.threeten.extra.chrono.TestJulianChronology" time="0"/>
  <testcase name="test_era_loop" classname="org.threeten.extra.chrono.TestJulianChronology" time="0"/>
  <testcase name="test_range_unsupported" classname="org.threeten.extra.chrono.TestJulianChronology" time="0"/>
  <testcase name="test_LocalDate_adjustToJulianDate" classname="org.threeten.extra.chrono.TestJulianChronology" time="0"/>
  <testcase name="test_era_yearDay_loop" classname="org.threeten.extra.chrono.TestJulianChronology" time="0"/>
  <testcase name="test_plus_TemporalUnit[0: 2014, 5, 26, 0, Days, 2014, 5, 26]" classname="org.threeten.extra.chrono.TestJulianChronology" time="0"/>
  <testcase name="test_plus_TemporalUnit[1: 2014, 5, 26, 8, Days, 2014, 6, 3]" classname="org.threeten.extra.chrono.TestJulianChronology" time="0"/>
  <testcase name="test_plus_TemporalUnit[2: 2014, 5, 26, -3, Days, 2014, 5, 23]" classname="org.threeten.extra.chrono.TestJulianChronology" time="0"/>
  <testcase name="test_plus_TemporalUnit[3: 2014, 5, 26, 0, Weeks, 2014, 5, 26]" classname="org.threeten.extra.chrono.TestJulianChronology" time="0"/>
  <testcase name="test_plus_TemporalUnit[4: 2014, 5, 26, 3, Weeks, 2014, 6, 16]" classname="org.threeten.extra.chrono.TestJulianChronology" time="0"/>
  <testcase name="test_plus_TemporalUnit[5: 2014, 5, 26, -5, Weeks, 2014, 4, 21]" classname="org.threeten.extra.chrono.TestJulianChronology" time="0"/>
  <testcase name="test_plus_TemporalUnit[6: 2014, 5, 26, 0, Months, 2014, 5, 26]" classname="org.threeten.extra.chrono.TestJulianChronology" time="0"/>
  <testcase name="test_plus_TemporalUnit[7: 2014, 5, 26, 3, Months, 2014, 8, 26]" classname="org.threeten.extra.chrono.TestJulianChronology" time="0"/>
  <testcase name="test_plus_TemporalUnit[8: 2014, 5, 26, -5, Months, 2013, 12, 26]" classname="org.threeten.extra.chrono.TestJulianChronology" time="0"/>
  <testcase name="test_plus_TemporalUnit[9: 2014, 5, 26, 0, Years, 2014, 5, 26]" classname="org.threeten.extra.chrono.TestJulianChronology" time="0"/>
  <testcase name="test_plus_TemporalUnit[10: 2014, 5, 26, 3, Years, 2017, 5, 26]" classname="org.threeten.extra.chrono.TestJulianChronology" time="0"/>
  <testcase name="test_plus_TemporalUnit[11: 2014, 5, 26, -5, Years, 2009, 5, 26]" classname="org.threeten.extra.chrono.TestJulianChronology" time="0"/>
  <testcase name="test_plus_TemporalUnit[12: 2014, 5, 26, 0, Decades, 2014, 5, 26]" classname="org.threeten.extra.chrono.TestJulianChronology" time="0"/>
  <testcase name="test_plus_TemporalUnit[13: 2014, 5, 26, 3, Decades, 2044, 5, 26]" classname="org.threeten.extra.chrono.TestJulianChronology" time="0"/>
  <testcase name="test_plus_TemporalUnit[14: 2014, 5, 26, -5, Decades, 1964, 5, 26]" classname="org.threeten.extra.chrono.TestJulianChronology" time="0"/>
  <testcase name="test_plus_TemporalUnit[15: 2014, 5, 26, 0, Centuries, 2014, 5, 26]" classname="org.threeten.extra.chrono.TestJulianChronology" time="0"/>
  <testcase name="test_plus_TemporalUnit[16: 2014, 5, 26, 3, Centuries, 2314, 5, 26]" classname="org.threeten.extra.chrono.TestJulianChronology" time="0"/>
  <testcase name="test_plus_TemporalUnit[17: 2014, 5, 26, -5, Centuries, 1514, 5, 26]" classname="org.threeten.extra.chrono.TestJulianChronology" time="0"/>
  <testcase name="test_plus_TemporalUnit[18: 2014, 5, 26, 0, Millennia, 2014, 5, 26]" classname="org.threeten.extra.chrono.TestJulianChronology" time="0"/>
  <testcase name="test_plus_TemporalUnit[19: 2014, 5, 26, 3, Millennia, 5014, 5, 26]" classname="org.threeten.extra.chrono.TestJulianChronology" time="0"/>
  <testcase name="test_plus_TemporalUnit[20: 2014, 5, 26, -5, Millennia, -2986, 5, 26]" classname="org.threeten.extra.chrono.TestJulianChronology" time="0"/>
  <testcase name="test_plus_TemporalUnit[21: 2014, 5, 26, -1, Eras, -2013, 5, 26]" classname="org.threeten.extra.chrono.TestJulianChronology" time="0"/>
  <testcase name="test_adjust_toLocalDate" classname="org.threeten.extra.chrono.TestJulianChronology" time="0"/>
  <testcase name="test_Chronology_eras" classname="org.threeten.extra.chrono.TestJulianChronology" time="0"/>
  <testcase name="test_lengthOfMonth[0: 1900, 1, 31]" classname="org.threeten.extra.chrono.TestJulianChronology" time="0"/>
  <testcase name="test_lengthOfMonth[1: 1900, 2, 29]" classname="org.threeten.extra.chrono.TestJulianChronology" time="0"/>
  <testcase name="test_lengthOfMonth[2: 1900, 3, 31]" classname="org.threeten.extra.chrono.TestJulianChronology" time="0"/>
  <testcase name="test_lengthOfMonth[3: 1900, 4, 30]" classname="org.threeten.extra.chrono.TestJulianChronology" time="0"/>
  <testcase name="test_lengthOfMonth[4: 1900, 5, 31]" classname="org.threeten.extra.chrono.TestJulianChronology" time="0"/>
  <testcase name="test_lengthOfMonth[5: 1900, 6, 30]" classname="org.threeten.extra.chrono.TestJulianChronology" time="0"/>
  <testcase name="test_lengthOfMonth[6: 1900, 7, 31]" classname="org.threeten.extra.chrono.TestJulianChronology" time="0"/>
  <testcase name="test_lengthOfMonth[7: 1900, 8, 31]" classname="org.threeten.extra.chrono.TestJulianChronology" time="0"/>
  <testcase name="test_lengthOfMonth[8: 1900, 9, 30]" classname="org.threeten.extra.chrono.TestJulianChronology" time="0"/>
  <testcase name="test_lengthOfMonth[9: 1900, 10, 31]" classname="org.threeten.extra.chrono.TestJulianChronology" time="0"/>
  <testcase name="test_lengthOfMonth[10: 1900, 11, 30]" classname="org.threeten.extra.chrono.TestJulianChronology" time="0.001"/>
  <testcase name="test_lengthOfMonth[11: 1900, 12, 31]" classname="org.threeten.extra.chrono.TestJulianChronology" time="0"/>
  <testcase name="test_lengthOfMonth[12: 1901, 2, 28]" classname="org.threeten.extra.chrono.TestJulianChronology" time="0"/>
  <testcase name="test_lengthOfMonth[13: 1902, 2, 28]" classname="org.threeten.extra.chrono.TestJulianChronology" time="0"/>
  <testcase name="test_lengthOfMonth[14: 1903, 2, 28]" classname="org.threeten.extra.chrono.TestJulianChronology" time="0"/>
  <testcase name="test_lengthOfMonth[15: 1904, 2, 29]" classname="org.threeten.extra.chrono.TestJulianChronology" time="0"/>
  <testcase name="test_lengthOfMonth[16: 2000, 2, 29]" classname="org.threeten.extra.chrono.TestJulianChronology" time="0"/>
  <testcase name="test_lengthOfMonth[17: 2100, 2, 29]" classname="org.threeten.extra.chrono.TestJulianChronology" time="0"/>
  <testcase name="test_with_TemporalField_unsupported" classname="org.threeten.extra.chrono.TestJulianChronology" time="0"/>
  <testcase name="test_Chronology_date_Temporal[0: Julian AD 1-01-01, 0000-12-30]" classname="org.threeten.extra.chrono.TestJulianChronology" time="0"/>
  <testcase name="test_Chronology_date_Temporal[1: Julian AD 1-01-02, 0000-12-31]" classname="org.threeten.extra.chrono.TestJulianChronology" time="0"/>
  <testcase name="test_Chronology_date_Temporal[2: Julian AD 1-01-03, 0001-01-01]" classname="org.threeten.extra.chrono.TestJulianChronology" time="0"/>
  <testcase name="test_Chronology_date_Temporal[3: Julian AD 1-02-28, 0001-02-26]" classname="org.threeten.extra.chrono.TestJulianChronology" time="0"/>
  <testcase name="test_Chronology_date_Temporal[4: Julian AD 1-03-01, 0001-02-27]" classname="org.threeten.extra.chrono.TestJulianChronology" time="0"/>
  <testcase name="test_Chronology_date_Temporal[5: Julian AD 1-03-02, 0001-02-28]" classname="org.threeten.extra.chrono.TestJulianChronology" time="0"/>
  <testcase name="test_Chronology_date_Temporal[6: Julian AD 1-03-03, 0001-03-01]" classname="org.threeten.extra.chrono.TestJulianChronology" time="0"/>
  <testcase name="test_Chronology_date_Temporal[7: Julian AD 4-02-28, 0004-02-26]" classname="org.threeten.extra.chrono.TestJulianChronology" time="0"/>
  <testcase name="test_Chronology_date_Temporal[8: Julian AD 4-02-29, 0004-02-27]" classname="org.threeten.extra.chrono.TestJulianChronology" time="0"/>
  <testcase name="test_Chronology_date_Temporal[9: Julian AD 4-03-01, 0004-02-28]" classname="org.threeten.extra.chrono.TestJulianChronology" time="0"/>
  <testcase name="test_Chronology_date_Temporal[10: Julian AD 4-03-02, 0004-02-29]" classname="org.threeten.extra.chrono.TestJulianChronology" time="0"/>
  <testcase name="test_Chronology_date_Temporal[11: Julian AD 4-03-03, 0004-03-01]" classname="org.threeten.extra.chrono.TestJulianChronology" time="0"/>
  <testcase name="test_Chronology_date_Temporal[12: Julian AD 100-02-28, 0100-02-26]" classname="org.threeten.extra.chrono.TestJulianChronology" time="0"/>
  <testcase name="test_Chronology_date_Temporal[13: Julian AD 100-02-29, 0100-02-27]" classname="org.threeten.extra.chrono.TestJulianChronology" time="0"/>
  <testcase name="test_Chronology_date_Temporal[14: Julian AD 100-03-01, 0100-02-28]" classname="org.threeten.extra.chrono.TestJulianChronology" time="0"/>
  <testcase name="test_Chronology_date_Temporal[15: Julian AD 100-03-02, 0100-03-01]" classname="org.threeten.extra.chrono.TestJulianChronology" time="0"/>
  <testcase name="test_Chronology_date_Temporal[16: Julian AD 100-03-03, 0100-03-02]" classname="org.threeten.extra.chrono.TestJulianChronology" time="0"/>
  <testcase name="test_Chronology_date_Temporal[17: Julian BC 1-12-31, 0000-12-29]" classname="org.threeten.extra.chrono.TestJulianChronology" time="0"/>
  <testcase name="test_Chronology_date_Temporal[18: Julian BC 1-12-30, 0000-12-28]" classname="org.threeten.extra.chrono.TestJulianChronology" time="0"/>
  <testcase name="test_Chronology_date_Temporal[19: Julian AD 1582-10-04, 1582-10-14]" classname="org.threeten.extra.chrono.TestJulianChronology" time="0"/>
  <testcase name="test_Chronology_date_Temporal[20: Julian AD 1582-10-05, 1582-10-15]" classname="org.threeten.extra.chrono.TestJulianChronology" time="0"/>
  <testcase name="test_Chronology_date_Temporal[21: Julian AD 1945-10-30, 1945-11-12]" classname="org.threeten.extra.chrono.TestJulianChronology" time="0"/>
  <testcase name="test_Chronology_date_Temporal[22: Julian AD 2012-06-22, 2012-07-05]" classname="org.threeten.extra.chrono.TestJulianChronology" time="0"/>
  <testcase name="test_Chronology_date_Temporal[23: Julian AD 2012-06-23, 2012-07-06]" classname="org.threeten.extra.chrono.TestJulianChronology" time="0"/>
  <testcase name="test_badDates[0: 1900, 0, 0]" classname="org.threeten.extra.chrono.TestJulianChronology" time="0"/>
  <testcase name="test_badDates[1: 1900, -1, 1]" classname="org.threeten.extra.chrono.TestJulianChronology" time="0"/>
  <testcase name="test_badDates[2: 1900, 0, 1]" classname="org.threeten.extra.chrono.TestJulianChronology" time="0"/>
  <testcase name="test_badDates[3: 1900, 13, 1]" classname="org.threeten.extra.chrono.TestJulianChronology" time="0"/>
  <testcase name="test_badDates[4: 1900, 14, 1]" classname="org.threeten.extra.chrono.TestJulianChronology" time="0"/>
  <testcase name="test_badDates[5: 1900, 1, -1]" classname="org.threeten.extra.chrono.TestJulianChronology" time="0"/>
  <testcase name="test_badDates[6: 1900, 1, 0]" classname="org.threeten.extra.chrono.TestJulianChronology" time="0"/>
  <testcase name="test_badDates[7: 1900, 1, 32]" classname="org.threeten.extra.chrono.TestJulianChronology" time="0"/>
  <testcase name="test_badDates[8: 1900, 2, -1]" classname="org.threeten.extra.chrono.TestJulianChronology" time="0"/>
  <testcase name="test_badDates[9: 1900, 2, 0]" classname="org.threeten.extra.chrono.TestJulianChronology" time="0"/>
  <testcase name="test_badDates[10: 1900, 2, 30]" classname="org.threeten.extra.chrono.TestJulianChronology" time="0"/>
  <testcase name="test_badDates[11: 1900, 2, 31]" classname="org.threeten.extra.chrono.TestJulianChronology" time="0"/>
  <testcase name="test_badDates[12: 1900, 2, 32]" classname="org.threeten.extra.chrono.TestJulianChronology" time="0"/>
  <testcase name="test_badDates[13: 1899, 2, -1]" classname="org.threeten.extra.chrono.TestJulianChronology" time="0"/>
  <testcase name="test_badDates[14: 1899, 2, 0]" classname="org.threeten.extra.chrono.TestJulianChronology" time="0"/>
  <testcase name="test_badDates[15: 1899, 2, 29]" classname="org.threeten.extra.chrono.TestJulianChronology" time="0"/>
  <testcase name="test_badDates[16: 1899, 2, 30]" classname="org.threeten.extra.chrono.TestJulianChronology" time="0"/>
  <testcase name="test_badDates[17: 1899, 2, 31]" classname="org.threeten.extra.chrono.TestJulianChronology" time="0"/>
  <testcase name="test_badDates[18: 1899, 2, 32]" classname="org.threeten.extra.chrono.TestJulianChronology" time="0"/>
  <testcase name="test_badDates[19: 1900, 12, -1]" classname="org.threeten.extra.chrono.TestJulianChronology" time="0"/>
  <testcase name="test_badDates[20: 1900, 12, 0]" classname="org.threeten.extra.chrono.TestJulianChronology" time="0"/>
  <testcase name="test_badDates[21: 1900, 12, 32]" classname="org.threeten.extra.chrono.TestJulianChronology" time="0"/>
  <testcase name="test_badDates[22: 1900, 3, 32]" classname="org.threeten.extra.chrono.TestJulianChronology" time="0"/>
  <testcase name="test_badDates[23: 1900, 4, 31]" classname="org.threeten.extra.chrono.TestJulianChronology" time="0"/>
  <testcase name="test_badDates[24: 1900, 5, 32]" classname="org.threeten.extra.chrono.TestJulianChronology" time="0"/>
  <testcase name="test_badDates[25: 1900, 6, 31]" classname="org.threeten.extra.chrono.TestJulianChronology" time="0"/>
  <testcase name="test_badDates[26: 1900, 7, 32]" classname="org.threeten.extra.chrono.TestJulianChronology" time="0"/>
  <testcase name="test_badDates[27: 1900, 8, 32]" classname="org.threeten.extra.chrono.TestJulianChronology" time="0"/>
  <testcase name="test_badDates[28: 1900, 9, 31]" classname="org.threeten.extra.chrono.TestJulianChronology" time="0"/>
  <testcase name="test_badDates[29: 1900, 10, 32]" classname="org.threeten.extra.chrono.TestJulianChronology" time="0"/>
  <testcase name="test_badDates[30: 1900, 11, 31]" classname="org.threeten.extra.chrono.TestJulianChronology" time="0"/>
  <testcase name="test_getLong_unsupported" classname="org.threeten.extra.chrono.TestJulianChronology" time="0"/>
  <testcase name="test_plusDays[0: Julian AD 1-01-01, 0000-12-30]" classname="org.threeten.extra.chrono.TestJulianChronology" time="0"/>
  <testcase name="test_plusDays[1: Julian AD 1-01-02, 0000-12-31]" classname="org.threeten.extra.chrono.TestJulianChronology" time="0"/>
  <testcase name="test_plusDays[2: Julian AD 1-01-03, 0001-01-01]" classname="org.threeten.extra.chrono.TestJulianChronology" time="0"/>
  <testcase name="test_plusDays[3: Julian AD 1-02-28, 0001-02-26]" classname="org.threeten.extra.chrono.TestJulianChronology" time="0"/>
  <testcase name="test_plusDays[4: Julian AD 1-03-01, 0001-02-27]" classname="org.threeten.extra.chrono.TestJulianChronology" time="0"/>
  <testcase name="test_plusDays[5: Julian AD 1-03-02, 0001-02-28]" classname="org.threeten.extra.chrono.TestJulianChronology" time="0"/>
  <testcase name="test_plusDays[6: Julian AD 1-03-03, 0001-03-01]" classname="org.threeten.extra.chrono.TestJulianChronology" time="0"/>
  <testcase name="test_plusDays[7: Julian AD 4-02-28, 0004-02-26]" classname="org.threeten.extra.chrono.TestJulianChronology" time="0"/>
  <testcase name="test_plusDays[8: Julian AD 4-02-29, 0004-02-27]" classname="org.threeten.extra.chrono.TestJulianChronology" time="0"/>
  <testcase name="test_plusDays[9: Julian AD 4-03-01, 0004-02-28]" classname="org.threeten.extra.chrono.TestJulianChronology" time="0"/>
  <testcase name="test_plusDays[10: Julian AD 4-03-02, 0004-02-29]" classname="org.threeten.extra.chrono.TestJulianChronology" time="0"/>
  <testcase name="test_plusDays[11: Julian AD 4-03-03, 0004-03-01]" classname="org.threeten.extra.chrono.TestJulianChronology" time="0"/>
  <testcase name="test_plusDays[12: Julian AD 100-02-28, 0100-02-26]" classname="org.threeten.extra.chrono.TestJulianChronology" time="0"/>
  <testcase name="test_plusDays[13: Julian AD 100-02-29, 0100-02-27]" classname="org.threeten.extra.chrono.TestJulianChronology" time="0"/>
  <testcase name="test_plusDays[14: Julian AD 100-03-01, 0100-02-28]" classname="org.threeten.extra.chrono.TestJulianChronology" time="0"/>
  <testcase name="test_plusDays[15: Julian AD 100-03-02, 0100-03-01]" classname="org.threeten.extra.chrono.TestJulianChronology" time="0"/>
  <testcase name="test_plusDays[16: Julian AD 100-03-03, 0100-03-02]" classname="org.threeten.extra.chrono.TestJulianChronology" time="0"/>
  <testcase name="test_plusDays[17: Julian BC 1-12-31, 0000-12-29]" classname="org.threeten.extra.chrono.TestJulianChronology" time="0"/>
  <testcase name="test_plusDays[18: Julian BC 1-12-30, 0000-12-28]" classname="org.threeten.extra.chrono.TestJulianChronology" time="0"/>
  <testcase name="test_plusDays[19: Julian AD 1582-10-04, 1582-10-14]" classname="org.threeten.extra.chrono.TestJulianChronology" time="0"/>
  <testcase name="test_plusDays[20: Julian AD 1582-10-05, 1582-10-15]" classname="org.threeten.extra.chrono.TestJulianChronology" time="0"/>
  <testcase name="test_plusDays[21: Julian AD 1945-10-30, 1945-11-12]" classname="org.threeten.extra.chrono.TestJulianChronology" time="0"/>
  <testcase name="test_plusDays[22: Julian AD 2012-06-22, 2012-07-05]" classname="org.threeten.extra.chrono.TestJulianChronology" time="0"/>
  <testcase name="test_plusDays[23: Julian AD 2012-06-23, 2012-07-06]" classname="org.threeten.extra.chrono.TestJulianChronology" time="0"/>
  <testcase name="test_minusDays[0: Julian AD 1-01-01, 0000-12-30]" classname="org.threeten.extra.chrono.TestJulianChronology" time="0"/>
  <testcase name="test_minusDays[1: Julian AD 1-01-02, 0000-12-31]" classname="org.threeten.extra.chrono.TestJulianChronology" time="0"/>
  <testcase name="test_minusDays[2: Julian AD 1-01-03, 0001-01-01]" classname="org.threeten.extra.chrono.TestJulianChronology" time="0"/>
  <testcase name="test_minusDays[3: Julian AD 1-02-28, 0001-02-26]" classname="org.threeten.extra.chrono.TestJulianChronology" time="0"/>
  <testcase name="test_minusDays[4: Julian AD 1-03-01, 0001-02-27]" classname="org.threeten.extra.chrono.TestJulianChronology" time="0"/>
  <testcase name="test_minusDays[5: Julian AD 1-03-02, 0001-02-28]" classname="org.threeten.extra.chrono.TestJulianChronology" time="0"/>
  <testcase name="test_minusDays[6: Julian AD 1-03-03, 0001-03-01]" classname="org.threeten.extra.chrono.TestJulianChronology" time="0"/>
  <testcase name="test_minusDays[7: Julian AD 4-02-28, 0004-02-26]" classname="org.threeten.extra.chrono.TestJulianChronology" time="0"/>
  <testcase name="test_minusDays[8: Julian AD 4-02-29, 0004-02-27]" classname="org.threeten.extra.chrono.TestJulianChronology" time="0"/>
  <testcase name="test_minusDays[9: Julian AD 4-03-01, 0004-02-28]" classname="org.threeten.extra.chrono.TestJulianChronology" time="0"/>
  <testcase name="test_minusDays[10: Julian AD 4-03-02, 0004-02-29]" classname="org.threeten.extra.chrono.TestJulianChronology" time="0"/>
  <testcase name="test_minusDays[11: Julian AD 4-03-03, 0004-03-01]" classname="org.threeten.extra.chrono.TestJulianChronology" time="0"/>
  <testcase name="test_minusDays[12: Julian AD 100-02-28, 0100-02-26]" classname="org.threeten.extra.chrono.TestJulianChronology" time="0"/>
  <testcase name="test_minusDays[13: Julian AD 100-02-29, 0100-02-27]" classname="org.threeten.extra.chrono.TestJulianChronology" time="0"/>
  <testcase name="test_minusDays[14: Julian AD 100-03-01, 0100-02-28]" classname="org.threeten.extra.chrono.TestJulianChronology" time="0"/>
  <testcase name="test_minusDays[15: Julian AD 100-03-02, 0100-03-01]" classname="org.threeten.extra.chrono.TestJulianChronology" time="0.001"/>
  <testcase name="test_minusDays[16: Julian AD 100-03-03, 0100-03-02]" classname="org.threeten.extra.chrono.TestJulianChronology" time="0"/>
  <testcase name="test_minusDays[17: Julian BC 1-12-31, 0000-12-29]" classname="org.threeten.extra.chrono.TestJulianChronology" time="0"/>
  <testcase name="test_minusDays[18: Julian BC 1-12-30, 0000-12-28]" classname="org.threeten.extra.chrono.TestJulianChronology" time="0"/>
  <testcase name="test_minusDays[19: Julian AD 1582-10-04, 1582-10-14]" classname="org.threeten.extra.chrono.TestJulianChronology" time="0.002"/>
  <testcase name="test_minusDays[20: Julian AD 1582-10-05, 1582-10-15]" classname="org.threeten.extra.chrono.TestJulianChronology" time="0"/>
  <testcase name="test_minusDays[21: Julian AD 1945-10-30, 1945-11-12]" classname="org.threeten.extra.chrono.TestJulianChronology" time="0"/>
  <testcase name="test_minusDays[22: Julian AD 2012-06-22, 2012-07-05]" classname="org.threeten.extra.chrono.TestJulianChronology" time="0"/>
  <testcase name="test_minusDays[23: Julian AD 2012-06-23, 2012-07-06]" classname="org.threeten.extra.chrono.TestJulianChronology" time="0"/>
  <testcase name="test_toString[0: Julian AD 1-01-01, Julian AD 1-01-01]" classname="org.threeten.extra.chrono.TestJulianChronology" time="0"/>
  <testcase name="test_toString[1: Julian AD 2012-06-23, Julian AD 2012-06-23]" classname="org.threeten.extra.chrono.TestJulianChronology" time="0"/>
  <testcase name="test_JulianDate_chronology_dateEpochDay[0: Julian AD 1-01-01, 0000-12-30]" classname="org.threeten.extra.chrono.TestJulianChronology" time="0"/>
  <testcase name="test_JulianDate_chronology_dateEpochDay[1: Julian AD 1-01-02, 0000-12-31]" classname="org.threeten.extra.chrono.TestJulianChronology" time="0"/>
  <testcase name="test_JulianDate_chronology_dateEpochDay[2: Julian AD 1-01-03, 0001-01-01]" classname="org.threeten.extra.chrono.TestJulianChronology" time="0"/>
  <testcase name="test_JulianDate_chronology_dateEpochDay[3: Julian AD 1-02-28, 0001-02-26]" classname="org.threeten.extra.chrono.TestJulianChronology" time="0"/>
  <testcase name="test_JulianDate_chronology_dateEpochDay[4: Julian AD 1-03-01, 0001-02-27]" classname="org.threeten.extra.chrono.TestJulianChronology" time="0"/>
  <testcase name="test_JulianDate_chronology_dateEpochDay[5: Julian AD 1-03-02, 0001-02-28]" classname="org.threeten.extra.chrono.TestJulianChronology" time="0"/>
  <testcase name="test_JulianDate_chronology_dateEpochDay[6: Julian AD 1-03-03, 0001-03-01]" classname="org.threeten.extra.chrono.TestJulianChronology" time="0"/>
  <testcase name="test_JulianDate_chronology_dateEpochDay[7: Julian AD 4-02-28, 0004-02-26]" classname="org.threeten.extra.chrono.TestJulianChronology" time="0"/>
  <testcase name="test_JulianDate_chronology_dateEpochDay[8: Julian AD 4-02-29, 0004-02-27]" classname="org.threeten.extra.chrono.TestJulianChronology" time="0"/>
  <testcase name="test_JulianDate_chronology_dateEpochDay[9: Julian AD 4-03-01, 0004-02-28]" classname="org.threeten.extra.chrono.TestJulianChronology" time="0"/>
  <testcase name="test_JulianDate_chronology_dateEpochDay[10: Julian AD 4-03-02, 0004-02-29]" classname="org.threeten.extra.chrono.TestJulianChronology" time="0"/>
  <testcase name="test_JulianDate_chronology_dateEpochDay[11: Julian AD 4-03-03, 0004-03-01]" classname="org.threeten.extra.chrono.TestJulianChronology" time="0"/>
  <testcase name="test_JulianDate_chronology_dateEpochDay[12: Julian AD 100-02-28, 0100-02-26]" classname="org.threeten.extra.chrono.TestJulianChronology" time="0"/>
  <testcase name="test_JulianDate_chronology_dateEpochDay[13: Julian AD 100-02-29, 0100-02-27]" classname="org.threeten.extra.chrono.TestJulianChronology" time="0"/>
  <testcase name="test_JulianDate_chronology_dateEpochDay[14: Julian AD 100-03-01, 0100-02-28]" classname="org.threeten.extra.chrono.TestJulianChronology" time="0"/>
  <testcase name="test_JulianDate_chronology_dateEpochDay[15: Julian AD 100-03-02, 0100-03-01]" classname="org.threeten.extra.chrono.TestJulianChronology" time="0"/>
  <testcase name="test_JulianDate_chronology_dateEpochDay[16: Julian AD 100-03-03, 0100-03-02]" classname="org.threeten.extra.chrono.TestJulianChronology" time="0"/>
  <testcase name="test_JulianDate_chronology_dateEpochDay[17: Julian BC 1-12-31, 0000-12-29]" classname="org.threeten.extra.chrono.TestJulianChronology" time="0"/>
  <testcase name="test_JulianDate_chronology_dateEpochDay[18: Julian BC 1-12-30, 0000-12-28]" classname="org.threeten.extra.chrono.TestJulianChronology" time="0"/>
  <testcase name="test_JulianDate_chronology_dateEpochDay[19: Julian AD 1582-10-04, 1582-10-14]" classname="org.threeten.extra.chrono.TestJulianChronology" time="0"/>
  <testcase name="test_JulianDate_chronology_dateEpochDay[20: Julian AD 1582-10-05, 1582-10-15]" classname="org.threeten.extra.chrono.TestJulianChronology" time="0"/>
  <testcase name="test_JulianDate_chronology_dateEpochDay[21: Julian AD 1945-10-30, 1945-11-12]" classname="org.threeten.extra.chrono.TestJulianChronology" time="0"/>
  <testcase name="test_JulianDate_chronology_dateEpochDay[22: Julian AD 2012-06-22, 2012-07-05]" classname="org.threeten.extra.chrono.TestJulianChronology" time="0"/>
  <testcase name="test_JulianDate_chronology_dateEpochDay[23: Julian AD 2012-06-23, 2012-07-06]" classname="org.threeten.extra.chrono.TestJulianChronology" time="0"/>
  <testcase name="test_plus_TemporalUnit_unsupported" classname="org.threeten.extra.chrono.TestJulianChronology" time="0"/>
  <testcase name="test_JulianDate_from_LocalDate[0: Julian AD 1-01-01, 0000-12-30]" classname="org.threeten.extra.chrono.TestJulianChronology" time="0"/>
  <testcase name="test_JulianDate_from_LocalDate[1: Julian AD 1-01-02, 0000-12-31]" classname="org.threeten.extra.chrono.TestJulianChronology" time="0"/>
  <testcase name="test_JulianDate_from_LocalDate[2: Julian AD 1-01-03, 0001-01-01]" classname="org.threeten.extra.chrono.TestJulianChronology" time="0"/>
  <testcase name="test_JulianDate_from_LocalDate[3: Julian AD 1-02-28, 0001-02-26]" classname="org.threeten.extra.chrono.TestJulianChronology" time="0"/>
  <testcase name="test_JulianDate_from_LocalDate[4: Julian AD 1-03-01, 0001-02-27]" classname="org.threeten.extra.chrono.TestJulianChronology" time="0"/>
  <testcase name="test_JulianDate_from_LocalDate[5: Julian AD 1-03-02, 0001-02-28]" classname="org.threeten.extra.chrono.TestJulianChronology" time="0"/>
  <testcase name="test_JulianDate_from_LocalDate[6: Julian AD 1-03-03, 0001-03-01]" classname="org.threeten.extra.chrono.TestJulianChronology" time="0"/>
  <testcase name="test_JulianDate_from_LocalDate[7: Julian AD 4-02-28, 0004-02-26]" classname="org.threeten.extra.chrono.TestJulianChronology" time="0"/>
  <testcase name="test_JulianDate_from_LocalDate[8: Julian AD 4-02-29, 0004-02-27]" classname="org.threeten.extra.chrono.TestJulianChronology" time="0"/>
  <testcase name="test_JulianDate_from_LocalDate[9: Julian AD 4-03-01, 0004-02-28]" classname="org.threeten.extra.chrono.TestJulianChronology" time="0"/>
  <testcase name="test_JulianDate_from_LocalDate[10: Julian AD 4-03-02, 0004-02-29]" classname="org.threeten.extra.chrono.TestJulianChronology" time="0"/>
  <testcase name="test_JulianDate_from_LocalDate[11: Julian AD 4-03-03, 0004-03-01]" classname="org.threeten.extra.chrono.TestJulianChronology" time="0"/>
  <testcase name="test_JulianDate_from_LocalDate[12: Julian AD 100-02-28, 0100-02-26]" classname="org.threeten.extra.chrono.TestJulianChronology" time="0"/>
  <testcase name="test_JulianDate_from_LocalDate[13: Julian AD 100-02-29, 0100-02-27]" classname="org.threeten.extra.chrono.TestJulianChronology" time="0"/>
  <testcase name="test_JulianDate_from_LocalDate[14: Julian AD 100-03-01, 0100-02-28]" classname="org.threeten.extra.chrono.TestJulianChronology" time="0"/>
  <testcase name="test_JulianDate_from_LocalDate[15: Julian AD 100-03-02, 0100-03-01]" classname="org.threeten.extra.chrono.TestJulianChronology" time="0"/>
  <testcase name="test_JulianDate_from_LocalDate[16: Julian AD 100-03-03, 0100-03-02]" classname="org.threeten.extra.chrono.TestJulianChronology" time="0"/>
  <testcase name="test_JulianDate_from_LocalDate[17: Julian BC 1-12-31, 0000-12-29]" classname="org.threeten.extra.chrono.TestJulianChronology" time="0"/>
  <testcase name="test_JulianDate_from_LocalDate[18: Julian BC 1-12-30, 0000-12-28]" classname="org.threeten.extra.chrono.TestJulianChronology" time="0"/>
  <testcase name="test_JulianDate_from_LocalDate[19: Julian AD 1582-10-04, 1582-10-14]" classname="org.threeten.extra.chrono.TestJulianChronology" time="0"/>
  <testcase name="test_JulianDate_from_LocalDate[20: Julian AD 1582-10-05, 1582-10-15]" classname="org.threeten.extra.chrono.TestJulianChronology" time="0"/>
  <testcase name="test_JulianDate_from_LocalDate[21: Julian AD 1945-10-30, 1945-11-12]" classname="org.threeten.extra.chrono.TestJulianChronology" time="0"/>
  <testcase name="test_JulianDate_from_LocalDate[22: Julian AD 2012-06-22, 2012-07-05]" classname="org.threeten.extra.chrono.TestJulianChronology" time="0"/>
  <testcase name="test_JulianDate_from_LocalDate[23: Julian AD 2012-06-23, 2012-07-06]" classname="org.threeten.extra.chrono.TestJulianChronology" time="0"/>
  <testcase name="test_prolepticYear_specific" classname="org.threeten.extra.chrono.TestJulianChronology" time="0"/>
  <testcase name="test_until_TemporalUnit[0: 2014, 5, 26, 2014, 5, 26, Days, 0]" classname="org.threeten.extra.chrono.TestJulianChronology" time="0"/>
  <testcase name="test_until_TemporalUnit[1: 2014, 5, 26, 2014, 6, 1, Days, 6]" classname="org.threeten.extra.chrono.TestJulianChronology" time="0"/>
  <testcase name="test_until_TemporalUnit[2: 2014, 5, 26, 2014, 5, 20, Days, -6]" classname="org.threeten.extra.chrono.TestJulianChronology" time="0.002"/>
  <testcase name="test_until_TemporalUnit[3: 2014, 5, 26, 2014, 5, 26, Weeks, 0]" classname="org.threeten.extra.chrono.TestJulianChronology" time="0"/>
  <testcase name="test_until_TemporalUnit[4: 2014, 5, 26, 2014, 6, 1, Weeks, 0]" classname="org.threeten.extra.chrono.TestJulianChronology" time="0"/>
  <testcase name="test_until_TemporalUnit[5: 2014, 5, 26, 2014, 6, 2, Weeks, 1]" classname="org.threeten.extra.chrono.TestJulianChronology" time="0"/>
  <testcase name="test_until_TemporalUnit[6: 2014, 5, 26, 2014, 5, 26, Months, 0]" classname="org.threeten.extra.chrono.TestJulianChronology" time="0"/>
  <testcase name="test_until_TemporalUnit[7: 2014, 5, 26, 2014, 6, 25, Months, 0]" classname="org.threeten.extra.chrono.TestJulianChronology" time="0"/>
  <testcase name="test_until_TemporalUnit[8: 2014, 5, 26, 2014, 6, 26, Months, 1]" classname="org.threeten.extra.chrono.TestJulianChronology" time="0"/>
  <testcase name="test_until_TemporalUnit[9: 2014, 5, 26, 2014, 5, 26, Years, 0]" classname="org.threeten.extra.chrono.TestJulianChronology" time="0"/>
  <testcase name="test_until_TemporalUnit[10: 2014, 5, 26, 2015, 5, 25, Years, 0]" classname="org.threeten.extra.chrono.TestJulianChronology" time="0"/>
  <testcase name="test_until_TemporalUnit[11: 2014, 5, 26, 2015, 5, 26, Years, 1]" classname="org.threeten.extra.chrono.TestJulianChronology" time="0"/>
  <testcase name="test_until_TemporalUnit[12: 2014, 5, 26, 2014, 5, 26, Decades, 0]" classname="org.threeten.extra.chrono.TestJulianChronology" time="0"/>
  <testcase name="test_until_TemporalUnit[13: 2014, 5, 26, 2024, 5, 25, Decades, 0]" classname="org.threeten.extra.chrono.TestJulianChronology" time="0"/>
  <testcase name="test_until_TemporalUnit[14: 2014, 5, 26, 2024, 5, 26, Decades, 1]" classname="org.threeten.extra.chrono.TestJulianChronology" time="0"/>
  <testcase name="test_until_TemporalUnit[15: 2014, 5, 26, 2014, 5, 26, Centuries, 0]" classname="org.threeten.extra.chrono.TestJulianChronology" time="0"/>
  <testcase name="test_until_TemporalUnit[16: 2014, 5, 26, 2114, 5, 25, Centuries, 0]" classname="org.threeten.extra.chrono.TestJulianChronology" time="0"/>
  <testcase name="test_until_TemporalUnit[17: 2014, 5, 26, 2114, 5, 26, Centuries, 1]" classname="org.threeten.extra.chrono.TestJulianChronology" time="0"/>
  <testcase name="test_until_TemporalUnit[18: 2014, 5, 26, 2014, 5, 26, Millennia, 0]" classname="org.threeten.extra.chrono.TestJulianChronology" time="0"/>
  <testcase name="test_until_TemporalUnit[19: 2014, 5, 26, 3014, 5, 25, Millennia, 0]" classname="org.threeten.extra.chrono.TestJulianChronology" time="0"/>
  <testcase name="test_until_TemporalUnit[20: 2014, 5, 26, 3014, 5, 26, Millennia, 1]" classname="org.threeten.extra.chrono.TestJulianChronology" time="0"/>
  <testcase name="test_until_TemporalUnit[21: -2013, 5, 26, 0, 5, 26, Eras, 0]" classname="org.threeten.extra.chrono.TestJulianChronology" time="0"/>
  <testcase name="test_until_TemporalUnit[22: -2013, 5, 26, 2014, 5, 26, Eras, 1]" classname="org.threeten.extra.chrono.TestJulianChronology" time="0"/>
  <testcase name="test_adjust1" classname="org.threeten.extra.chrono.TestJulianChronology" time="0"/>
  <testcase name="test_adjust2" classname="org.threeten.extra.chrono.TestJulianChronology" time="0"/>
  <testcase name="test_isLeapYear_loop" classname="org.threeten.extra.chrono.TestJulianChronology" time="0"/>
  <testcase name="test_range[0: 2012, 1, 23, DayOfMonth, 1, 31]" classname="org.threeten.extra.chrono.TestJulianChronology" time="0"/>
  <testcase name="test_range[1: 2012, 2, 23, DayOfMonth, 1, 29]" classname="org.threeten.extra.chrono.TestJulianChronology" time="0"/>
  <testcase name="test_range[2: 2012, 3, 23, DayOfMonth, 1, 31]" classname="org.threeten.extra.chrono.TestJulianChronology" time="0"/>
  <testcase name="test_range[3: 2012, 4, 23, DayOfMonth, 1, 30]" classname="org.threeten.extra.chrono.TestJulianChronology" time="0"/>
  <testcase name="test_range[4: 2012, 5, 23, DayOfMonth, 1, 31]" classname="org.threeten.extra.chrono.TestJulianChronology" time="0"/>
  <testcase name="test_range[5: 2012, 6, 23, DayOfMonth, 1, 30]" classname="org.threeten.extra.chrono.TestJulianChronology" time="0"/>
  <testcase name="test_range[6: 2012, 7, 23, DayOfMonth, 1, 31]" classname="org.threeten.extra.chrono.TestJulianChronology" time="0"/>
  <testcase name="test_range[7: 2012, 8, 23, DayOfMonth, 1, 31]" classname="org.threeten.extra.chrono.TestJulianChronology" time="0"/>
  <testcase name="test_range[8: 2012, 9, 23, DayOfMonth, 1, 30]" classname="org.threeten.extra.chrono.TestJulianChronology" time="0"/>
  <testcase name="test_range[9: 2012, 10, 23, DayOfMonth, 1, 31]" classname="org.threeten.extra.chrono.TestJulianChronology" time="0"/>
  <testcase name="test_range[10: 2012, 11, 23, DayOfMonth, 1, 30]" classname="org.threeten.extra.chrono.TestJulianChronology" time="0"/>
  <testcase name="test_range[11: 2012, 12, 23, DayOfMonth, 1, 31]" classname="org.threeten.extra.chrono.TestJulianChronology" time="0"/>
  <testcase name="test_range[12: 2012, 1, 23, DayOfYear, 1, 366]" classname="org.threeten.extra.chrono.TestJulianChronology" time="0"/>
  <testcase name="test_range[13: 2012, 1, 23, AlignedWeekOfMonth, 1, 5]" classname="org.threeten.extra.chrono.TestJulianChronology" time="0"/>
  <testcase name="test_range[14: 2012, 2, 23, AlignedWeekOfMonth, 1, 5]" classname="org.threeten.extra.chrono.TestJulianChronology" time="0"/>
  <testcase name="test_range[15: 2012, 3, 23, AlignedWeekOfMonth, 1, 5]" classname="org.threeten.extra.chrono.TestJulianChronology" time="0"/>
  <testcase name="test_range[16: 2011, 2, 23, DayOfMonth, 1, 28]" classname="org.threeten.extra.chrono.TestJulianChronology" time="0"/>
  <testcase name="test_range[17: 2011, 2, 23, DayOfYear, 1, 365]" classname="org.threeten.extra.chrono.TestJulianChronology" time="0"/>
  <testcase name="test_range[18: 2011, 2, 23, AlignedWeekOfMonth, 1, 4]" classname="org.threeten.extra.chrono.TestJulianChronology" time="0"/>
</testsuite>