<?xml version="1.0" encoding="UTF-8"?>
<testsuite xmlns:xsi="http://www.w3.org/2001/XMLSchema-instance" xsi:schemaLocation="https://maven.apache.org/surefire/maven-surefire-plugin/xsd/surefire-test-report.xsd" name="org.threeten.extra.TestInterval" time="0.006" tests="97" errors="0" skipped="0" failures="0">
  <properties>
    <property name="java.runtime.name" value="OpenJDK Runtime Environment"/>
    <property name="sun.boot.library.path" value="/usr/local/openjdk-8/jre/lib/amd64"/>
    <property name="java.vm.version" value="25.262-b10"/>
    <property name="animal.sniffer.skip" value="true"/>
    <property name="java.vm.vendor" value="Oracle Corporation"/>
    <property name="maven.multiModuleProjectDirectory" value="/tmp/tmpykopg0s2/threeten-extra"/>
    <property name="maven.javadoc.skip" value="true"/>
    <property name="java.vendor.url" value="http://java.oracle.com/"/>
    <property name="path.separator" value=":"/>
    <property name="guice.disable.misplaced.annotation.check" value="true"/>
    <property name="java.vm.name" value="OpenJDK 64-Bit Server VM"/>
    <property name="file.encoding.pkg" value="sun.io"/>
    <property name="sun.java.launcher" value="SUN_STANDARD"/>
    <property name="sun.os.patch.level" value="unknown"/>
    <property name="source.skip" value="true"/>
    <property name="java.vm.specification.name" value="Java Virtual Machine Specification"/>
    <property name="user.dir" value="/tmp/tmpykopg0s2/threeten-extra"/>
    <property name="java.runtime.version" value="1.8.0_262-b10"/>
    <property name="java.awt.graphicsenv" value="sun.awt.X11GraphicsEnvironment"/>
    <property name="java.endorsed.dirs" value="/usr/local/openjdk-8/jre/lib/endorsed"/>
    <property name="os.arch" value="amd64"/>
    <property name="java.io.tmpdir" value="/tmp"/>
    <property name="line.separator" value="&#10;"/>
    <property name="java.vm.specification.vendor" value="Oracle Corporation"/>
    <property name="os.name" value="Linux"/>
    <property name="classworlds.conf" value="/usr/share/maven/bin/m2.conf"/>
    <property name="sun.jnu.encoding" value="UTF-8"/>
    <property name="java.library.path" value="/usr/java/packages/lib/amd64:/usr/lib64:/lib64:/lib:/usr/lib"/>
    <property name="license.skip" value="true"/>
    <property name="maven.conf" value="/usr/share/maven/conf"/>
    <property name="java.specification.name" value="Java Platform API Specification"/>
    <property name="java.class.version" value="52.0"/>
    <property name="sun.management.compiler" value="HotSpot 64-Bit Tiered Compilers"/>
    <property name="maven.test.failure.ignore" value="true"/>
    <property name="os.version" value="4.15.0-109-generic"/>
    <property name="library.jansi.path" value="/usr/share/maven/lib/jansi-native"/>
    <property name="user.home" value="/home/jdbl"/>
    <property name="user.timezone" value="Etc/UTC"/>
    <property name="java.awt.printerjob" value="sun.print.PSPrinterJob"/>
    <property name="java.specification.version" value="1.8"/>
    <property name="file.encoding" value="UTF-8"/>
    <property name="user.name" value="jdbl"/>
    <property name="java.class.path" value="/usr/share/maven/boot/plexus-classworlds-2.6.0.jar"/>
    <property name="java.vm.specification.version" value="1.8"/>
    <property name="sun.arch.data.model" value="64"/>
    <property name="java.home" value="/usr/local/openjdk-8/jre"/>
    <property name="sun.java.command" value="org.codehaus.plexus.classworlds.launcher.Launcher test -e --fail-never -ntp -Dmaven.test.failure.ignore=true -B -Dmaven.javadoc.skip=true -Drat.skip=true -Danimal.sniffer.skip=true -Dmaven.javadoc.skip=true -Dlicense.skip=true -Dsource.skip=true"/>
    <property name="java.specification.vendor" value="Oracle Corporation"/>
    <property name="user.language" value="en"/>
    <property name="awt.toolkit" value="sun.awt.X11.XToolkit"/>
    <property name="java.vm.info" value="mixed mode"/>
    <property name="java.version" value="1.8.0_262"/>
    <property name="java.ext.dirs" value="/usr/local/openjdk-8/jre/lib/ext:/usr/java/packages/lib/ext"/>
    <property name="securerandom.source" value="file:/dev/./urandom"/>
    <property name="sun.boot.class.path" value="/usr/local/openjdk-8/jre/lib/resources.jar:/usr/local/openjdk-8/jre/lib/rt.jar:/usr/local/openjdk-8/jre/lib/sunrsasign.jar:/usr/local/openjdk-8/jre/lib/jsse.jar:/usr/local/openjdk-8/jre/lib/jce.jar:/usr/local/openjdk-8/jre/lib/charsets.jar:/usr/local/openjdk-8/jre/lib/jfr.jar:/usr/local/openjdk-8/jre/classes"/>
    <property name="java.vendor" value="Oracle Corporation"/>
    <property name="rat.skip" value="true"/>
    <property name="maven.home" value="/usr/share/maven"/>
    <property name="file.separator" value="/"/>
    <property name="java.vendor.url.bug" value="http://bugreport.sun.com/bugreport/"/>
    <property name="sun.cpu.endian" value="little"/>
    <property name="sun.io.unicode.encoding" value="UnicodeLittle"/>
    <property name="sun.cpu.isalist" value=""/>
  </properties>
  <testcase name="test_of_Instant_Duration_negative" classname="org.threeten.extra.TestInterval" time="0"/>
  <testcase name="test_withStart_badOrder" classname="org.threeten.extra.TestInterval" time="0"/>
  <testcase name="test_parse_CharSequence_null" classname="org.threeten.extra.TestInterval" time="0"/>
  <testcase name="test_isSerializable" classname="org.threeten.extra.TestInterval" time="0"/>
  <testcase name="test_unionAndSpan[0: 2014-12-01T01:00:00Z, 2014-12-01T01:01:00Z, 2014-12-01T01:01:00Z, 2014-12-01T01:03:00Z, 2014-12-01T01:00:00Z, 2014-12-01T01:03:00Z]" classname="org.threeten.extra.TestInterval" time="0"/>
  <testcase name="test_unionAndSpan[1: 2014-12-01T01:00:00Z, 2014-12-01T01:03:00Z, 2014-12-01T01:03:00Z, 2014-12-01T01:03:00Z, 2014-12-01T01:00:00Z, 2014-12-01T01:03:00Z]" classname="org.threeten.extra.TestInterval" time="0"/>
  <testcase name="test_unionAndSpan[2: 2014-12-01T01:00:00Z, 2014-12-01T01:02:00Z, 2014-12-01T01:01:00Z, 2014-12-01T01:03:00Z, 2014-12-01T01:00:00Z, 2014-12-01T01:03:00Z]" classname="org.threeten.extra.TestInterval" time="0"/>
  <testcase name="test_unionAndSpan[3: 2014-12-01T01:00:00Z, 2014-12-01T01:03:00Z, 2014-12-01T01:01:00Z, 2014-12-01T01:02:00Z, 2014-12-01T01:00:00Z, 2014-12-01T01:03:00Z]" classname="org.threeten.extra.TestInterval" time="0.001"/>
  <testcase name="test_unionAndSpan[4: 2014-12-01T01:00:00Z, 2014-12-01T01:03:00Z, 2014-12-01T01:01:00Z, 2014-12-01T01:01:00Z, 2014-12-01T01:00:00Z, 2014-12-01T01:03:00Z]" classname="org.threeten.extra.TestInterval" time="0"/>
  <testcase name="test_of_Instant_Instant_badOrder" classname="org.threeten.extra.TestInterval" time="0"/>
  <testcase name="test_of_Instant_Duration" classname="org.threeten.extra.TestInterval" time="0"/>
  <testcase name="test_contains_Instant_baseEmpty" classname="org.threeten.extra.TestInterval" time="0"/>
  <testcase name="test_isAfter_Interval_empty" classname="org.threeten.extra.TestInterval" time="0"/>
  <testcase name="test_overlaps_Interval" classname="org.threeten.extra.TestInterval" time="0"/>
  <testcase name="test_intersection_reverse[0: 2014-12-01T01:00:00Z, 2014-12-01T01:01:00Z, 2014-12-01T01:01:00Z, 2014-12-01T01:03:00Z, 2014-12-01T01:01:00Z, 2014-12-01T01:01:00Z]" classname="org.threeten.extra.TestInterval" time="0"/>
  <testcase name="test_intersection_reverse[1: 2014-12-01T01:00:00Z, 2014-12-01T01:03:00Z, 2014-12-01T01:03:00Z, 2014-12-01T01:03:00Z, 2014-12-01T01:03:00Z, 2014-12-01T01:03:00Z]" classname="org.threeten.extra.TestInterval" time="0"/>
  <testcase name="test_intersection_reverse[2: 2014-12-01T01:00:00Z, 2014-12-01T01:02:00Z, 2014-12-01T01:01:00Z, 2014-12-01T01:03:00Z, 2014-12-01T01:01:00Z, 2014-12-01T01:02:00Z]" classname="org.threeten.extra.TestInterval" time="0"/>
  <testcase name="test_intersection_reverse[3: 2014-12-01T01:00:00Z, 2014-12-01T01:03:00Z, 2014-12-01T01:01:00Z, 2014-12-01T01:02:00Z, 2014-12-01T01:01:00Z, 2014-12-01T01:02:00Z]" classname="org.threeten.extra.TestInterval" time="0"/>
  <testcase name="test_intersection_reverse[4: 2014-12-01T01:00:00Z, 2014-12-01T01:03:00Z, 2014-12-01T01:01:00Z, 2014-12-01T01:01:00Z, 2014-12-01T01:01:00Z, 2014-12-01T01:01:00Z]" classname="org.threeten.extra.TestInterval" time="0"/>
  <testcase name="test_ALL" classname="org.threeten.extra.TestInterval" time="0"/>
  <testcase name="test_withEnd_null" classname="org.threeten.extra.TestInterval" time="0"/>
  <testcase name="test_contains_Instant" classname="org.threeten.extra.TestInterval" time="0"/>
  <testcase name="test_of_Instant_Duration_nullInstant" classname="org.threeten.extra.TestInterval" time="0"/>
  <testcase name="test_unionAndSpan_reverse[0: 2014-12-01T01:00:00Z, 2014-12-01T01:01:00Z, 2014-12-01T01:01:00Z, 2014-12-01T01:03:00Z, 2014-12-01T01:00:00Z, 2014-12-01T01:03:00Z]" classname="org.threeten.extra.TestInterval" time="0"/>
  <testcase name="test_unionAndSpan_reverse[1: 2014-12-01T01:00:00Z, 2014-12-01T01:03:00Z, 2014-12-01T01:03:00Z, 2014-12-01T01:03:00Z, 2014-12-01T01:00:00Z, 2014-12-01T01:03:00Z]" classname="org.threeten.extra.TestInterval" time="0"/>
  <testcase name="test_unionAndSpan_reverse[2: 2014-12-01T01:00:00Z, 2014-12-01T01:02:00Z, 2014-12-01T01:01:00Z, 2014-12-01T01:03:00Z, 2014-12-01T01:00:00Z, 2014-12-01T01:03:00Z]" classname="org.threeten.extra.TestInterval" time="0"/>
  <testcase name="test_unionAndSpan_reverse[3: 2014-12-01T01:00:00Z, 2014-12-01T01:03:00Z, 2014-12-01T01:01:00Z, 2014-12-01T01:02:00Z, 2014-12-01T01:00:00Z, 2014-12-01T01:03:00Z]" classname="org.threeten.extra.TestInterval" time="0"/>
  <testcase name="test_unionAndSpan_reverse[4: 2014-12-01T01:00:00Z, 2014-12-01T01:03:00Z, 2014-12-01T01:01:00Z, 2014-12-01T01:01:00Z, 2014-12-01T01:00:00Z, 2014-12-01T01:03:00Z]" classname="org.threeten.extra.TestInterval" time="0"/>
  <testcase name="test_isConnected_Interval" classname="org.threeten.extra.TestInterval" time="0"/>
  <testcase name="test_intersection[0: 2014-12-01T01:00:00Z, 2014-12-01T01:01:00Z, 2014-12-01T01:01:00Z, 2014-12-01T01:03:00Z, 2014-12-01T01:01:00Z, 2014-12-01T01:01:00Z]" classname="org.threeten.extra.TestInterval" time="0"/>
  <testcase name="test_intersection[1: 2014-12-01T01:00:00Z, 2014-12-01T01:03:00Z, 2014-12-01T01:03:00Z, 2014-12-01T01:03:00Z, 2014-12-01T01:03:00Z, 2014-12-01T01:03:00Z]" classname="org.threeten.extra.TestInterval" time="0"/>
  <testcase name="test_intersection[2: 2014-12-01T01:00:00Z, 2014-12-01T01:02:00Z, 2014-12-01T01:01:00Z, 2014-12-01T01:03:00Z, 2014-12-01T01:01:00Z, 2014-12-01T01:02:00Z]" classname="org.threeten.extra.TestInterval" time="0"/>
  <testcase name="test_intersection[3: 2014-12-01T01:00:00Z, 2014-12-01T01:03:00Z, 2014-12-01T01:01:00Z, 2014-12-01T01:02:00Z, 2014-12-01T01:01:00Z, 2014-12-01T01:02:00Z]" classname="org.threeten.extra.TestInterval" time="0"/>
  <testcase name="test_intersection[4: 2014-12-01T01:00:00Z, 2014-12-01T01:03:00Z, 2014-12-01T01:01:00Z, 2014-12-01T01:01:00Z, 2014-12-01T01:01:00Z, 2014-12-01T01:01:00Z]" classname="org.threeten.extra.TestInterval" time="0"/>
  <testcase name="test_equals" classname="org.threeten.extra.TestInterval" time="0"/>
  <testcase name="test_union_disconnected" classname="org.threeten.extra.TestInterval" time="0"/>
  <testcase name="test_isBefore_Instant_empty" classname="org.threeten.extra.TestInterval" time="0"/>
  <testcase name="test_abuts_Interval_null" classname="org.threeten.extra.TestInterval" time="0"/>
  <testcase name="test_unionAndSpan_same" classname="org.threeten.extra.TestInterval" time="0"/>
  <testcase name="test_of_Instant_Instant_nullEnd" classname="org.threeten.extra.TestInterval" time="0"/>
  <testcase name="test_isAfter_Instant" classname="org.threeten.extra.TestInterval" time="0"/>
  <testcase name="test_isAfter_Interval" classname="org.threeten.extra.TestInterval" time="0"/>
  <testcase name="test_of_Instant_Duration_zero" classname="org.threeten.extra.TestInterval" time="0"/>
  <testcase name="test_span_enclosesInputs[0: 2014-12-01T01:00:00Z, 2014-12-01T01:01:00Z, 2014-12-01T01:01:00Z, 2014-12-01T01:03:00Z, 2014-12-01T01:00:00Z, 2014-12-01T01:03:00Z]" classname="org.threeten.extra.TestInterval" time="0"/>
  <testcase name="test_span_enclosesInputs[1: 2014-12-01T01:00:00Z, 2014-12-01T01:03:00Z, 2014-12-01T01:03:00Z, 2014-12-01T01:03:00Z, 2014-12-01T01:00:00Z, 2014-12-01T01:03:00Z]" classname="org.threeten.extra.TestInterval" time="0"/>
  <testcase name="test_span_enclosesInputs[2: 2014-12-01T01:00:00Z, 2014-12-01T01:02:00Z, 2014-12-01T01:01:00Z, 2014-12-01T01:03:00Z, 2014-12-01T01:00:00Z, 2014-12-01T01:03:00Z]" classname="org.threeten.extra.TestInterval" time="0"/>
  <testcase name="test_span_enclosesInputs[3: 2014-12-01T01:00:00Z, 2014-12-01T01:03:00Z, 2014-12-01T01:01:00Z, 2014-12-01T01:02:00Z, 2014-12-01T01:00:00Z, 2014-12-01T01:03:00Z]" classname="org.threeten.extra.TestInterval" time="0"/>
  <testcase name="test_span_enclosesInputs[4: 2014-12-01T01:00:00Z, 2014-12-01T01:03:00Z, 2014-12-01T01:01:00Z, 2014-12-01T01:01:00Z, 2014-12-01T01:00:00Z, 2014-12-01T01:03:00Z]" classname="org.threeten.extra.TestInterval" time="0"/>
  <testcase name="test_serialization" classname="org.threeten.extra.TestInterval" time="0"/>
  <testcase name="test_of_Instant_Instant" classname="org.threeten.extra.TestInterval" time="0"/>
  <testcase name="test_isBefore_Instant" classname="org.threeten.extra.TestInterval" time="0"/>
  <testcase name="test_withEnd" classname="org.threeten.extra.TestInterval" time="0"/>
  <testcase name="test_isConnected_Interval_empty" classname="org.threeten.extra.TestInterval" time="0"/>
  <testcase name="test_isBefore_Interval" classname="org.threeten.extra.TestInterval" time="0"/>
  <testcase name="test_isConnected_Interval_null" classname="org.threeten.extra.TestInterval" time="0"/>
  <testcase name="test_parse_CharSequence[0: 2014-12-01T01:00:00Z/2014-12-01T01:01:00Z, 2014-12-01T01:00:00Z, 2014-12-01T01:01:00Z]" classname="org.threeten.extra.TestInterval" time="0"/>
  <testcase name="test_parse_CharSequence[1: PT6H/2014-12-01T01:01:00Z, 2014-11-30T19:01:00Z, 2014-12-01T01:01:00Z]" classname="org.threeten.extra.TestInterval" time="0"/>
  <testcase name="test_parse_CharSequence[2: P6MT5H/2014-12-01T01:01:00Z, 2014-05-31T20:01:00Z, 2014-12-01T01:01:00Z]" classname="org.threeten.extra.TestInterval" time="0"/>
  <testcase name="test_parse_CharSequence[3: pt6h/2014-12-01T01:01:00Z, 2014-11-30T19:01:00Z, 2014-12-01T01:01:00Z]" classname="org.threeten.extra.TestInterval" time="0"/>
  <testcase name="test_parse_CharSequence[4: pt6h/+1000000000-12-31T23:59:59.999999999Z, +1000000000-12-31T17:59:59.999999999Z, +1000000000-12-31T23:59:59.999999999Z]" classname="org.threeten.extra.TestInterval" time="0.001"/>
  <testcase name="test_parse_CharSequence[5: pt6h/-1000000000-01-02T00:00:00Z, -1000000000-01-01T18:00:00Z, -1000000000-01-02T00:00:00Z]" classname="org.threeten.extra.TestInterval" time="0"/>
  <testcase name="test_parse_CharSequence[6: 2014-12-01T01:00:00Z/PT6H, 2014-12-01T01:00:00Z, 2014-12-01T07:00:00Z]" classname="org.threeten.extra.TestInterval" time="0"/>
  <testcase name="test_parse_CharSequence[7: 2014-12-01T01:00:00Z/pt6h, 2014-12-01T01:00:00Z, 2014-12-01T07:00:00Z]" classname="org.threeten.extra.TestInterval" time="0"/>
  <testcase name="test_parse_CharSequence[8: -1000000000-01-01T00:00:00Z/pt6h, -1000000000-01-01T00:00:00Z, -1000000000-01-01T06:00:00Z]" classname="org.threeten.extra.TestInterval" time="0"/>
  <testcase name="test_parse_CharSequence[9: +1000000000-12-30T23:59:59.999999999Z/Pt6h, +1000000000-12-30T23:59:59.999999999Z, +1000000000-12-31T05:59:59.999999999Z]" classname="org.threeten.extra.TestInterval" time="0"/>
  <testcase name="test_parse_CharSequence[10: 2014-12-01T01:00:00Z/2014-12-01T01:00:00Z, 2014-12-01T01:00:00Z, 2014-12-01T01:00:00Z]" classname="org.threeten.extra.TestInterval" time="0"/>
  <testcase name="test_parse_CharSequence[11: 2014-12-01T03:00+02:00/2014-12-01T03:01+02:00, 2014-12-01T01:00:00Z, 2014-12-01T01:01:00Z]" classname="org.threeten.extra.TestInterval" time="0"/>
  <testcase name="test_parse_CharSequence[12: 2014-12-01T03:00+02:00/2014-12-01T04:01+03:00, 2014-12-01T01:00:00Z, 2014-12-01T01:01:00Z]" classname="org.threeten.extra.TestInterval" time="0"/>
  <testcase name="test_parse_CharSequence[13: 2014-12-01T03:00+02:00/2014-12-01T03:01, 2014-12-01T01:00:00Z, 2014-12-01T01:01:00Z]" classname="org.threeten.extra.TestInterval" time="0"/>
  <testcase name="test_parse_CharSequence[14: -999999999-01-01T06:00:00Z/+999999999-12-31T17:59:59.999999999Z, -999999999-01-01T06:00:00Z, +999999999-12-31T17:59:59.999999999Z]" classname="org.threeten.extra.TestInterval" time="0"/>
  <testcase name="test_parse_CharSequence[15: 2014-12-01T01:00:00Z/+1000000000-12-31T23:59:59.999999999Z, 2014-12-01T01:00:00Z, +1000000000-12-31T23:59:59.999999999Z]" classname="org.threeten.extra.TestInterval" time="0.001"/>
  <testcase name="test_parse_CharSequence[16: -1000000000-01-01T00:00:00Z/2014-12-01T01:01:00Z, -1000000000-01-01T00:00:00Z, 2014-12-01T01:01:00Z]" classname="org.threeten.extra.TestInterval" time="0"/>
  <testcase name="test_parse_CharSequence[17: -1000000000-01-01T00:00:00Z/+1000000000-12-31T23:59:59.999999999Z, -1000000000-01-01T00:00:00Z, +1000000000-12-31T23:59:59.999999999Z]" classname="org.threeten.extra.TestInterval" time="0"/>
  <testcase name="test_of_Instant_Instant_empty" classname="org.threeten.extra.TestInterval" time="0"/>
  <testcase name="test_overlaps_Interval_empty" classname="org.threeten.extra.TestInterval" time="0"/>
  <testcase name="test_intersectionBad" classname="org.threeten.extra.TestInterval" time="0"/>
  <testcase name="test_of_Instant_Instant_nullStart" classname="org.threeten.extra.TestInterval" time="0"/>
  <testcase name="test_contains_Instant_null" classname="org.threeten.extra.TestInterval" time="0"/>
  <testcase name="test_parse_CharSequence_badFormat" classname="org.threeten.extra.TestInterval" time="0"/>
  <testcase name="test_overlaps_Interval_null" classname="org.threeten.extra.TestInterval" time="0"/>
  <testcase name="test_of_Instant_Duration_nullDuration" classname="org.threeten.extra.TestInterval" time="0"/>
  <testcase name="test_encloses_Interval_null" classname="org.threeten.extra.TestInterval" time="0"/>
  <testcase name="test_parse_CharSequence_badOrder" classname="org.threeten.extra.TestInterval" time="0"/>
  <testcase name="test_encloses_Interval_empty" classname="org.threeten.extra.TestInterval" time="0"/>
  <testcase name="test_isAfter_Instant_empty" classname="org.threeten.extra.TestInterval" time="0"/>
  <testcase name="test_withStart" classname="org.threeten.extra.TestInterval" time="0"/>
  <testcase name="test_toDuration" classname="org.threeten.extra.TestInterval" time="0"/>
  <testcase name="test_contains_max" classname="org.threeten.extra.TestInterval" time="0"/>
  <testcase name="test_toString" classname="org.threeten.extra.TestInterval" time="0"/>
  <testcase name="test_abuts_Interval" classname="org.threeten.extra.TestInterval" time="0"/>
  <testcase name="test_intersection_same" classname="org.threeten.extra.TestInterval" time="0"/>
  <testcase name="test_span_disconnected" classname="org.threeten.extra.TestInterval" time="0"/>
  <testcase name="test_abuts_Interval_empty" classname="org.threeten.extra.TestInterval" time="0"/>
  <testcase name="test_encloses_Interval" classname="org.threeten.extra.TestInterval" time="0"/>
  <testcase name="test_withStart_null" classname="org.threeten.extra.TestInterval" time="0"/>
  <testcase name="test_withEnd_badOrder" classname="org.threeten.extra.TestInterval" time="0"/>
  <testcase name="test_isBefore_Interval_empty" classname="org.threeten.extra.TestInterval" time="0"/>
</testsuite>