<?xml version="1.0" encoding="UTF-8"?>
<testsuite xmlns:xsi="http://www.w3.org/2001/XMLSchema-instance" xsi:schemaLocation="https://maven.apache.org/surefire/maven-surefire-plugin/xsd/surefire-test-report.xsd" name="org.threeten.extra.TestYearQuarter" time="0.222" tests="89" errors="0" skipped="0" failures="0">
  <properties>
    <property name="java.runtime.name" value="OpenJDK Runtime Environment"/>
    <property name="sun.boot.library.path" value="/usr/local/openjdk-8/jre/lib/amd64"/>
    <property name="java.vm.version" value="25.262-b10"/>
    <property name="animal.sniffer.skip" value="true"/>
    <property name="java.vm.vendor" value="Oracle Corporation"/>
    <property name="maven.multiModuleProjectDirectory" value="/tmp/tmpykopg0s2/threeten-extra"/>
    <property name="maven.javadoc.skip" value="true"/>
    <property name="java.vendor.url" value="http://java.oracle.com/"/>
    <property name="path.separator" value=":"/>
    <property name="guice.disable.misplaced.annotation.check" value="true"/>
    <property name="java.vm.name" value="OpenJDK 64-Bit Server VM"/>
    <property name="file.encoding.pkg" value="sun.io"/>
    <property name="sun.java.launcher" value="SUN_STANDARD"/>
    <property name="sun.os.patch.level" value="unknown"/>
    <property name="source.skip" value="true"/>
    <property name="java.vm.specification.name" value="Java Virtual Machine Specification"/>
    <property name="user.dir" value="/tmp/tmpykopg0s2/threeten-extra"/>
    <property name="java.runtime.version" value="1.8.0_262-b10"/>
    <property name="java.awt.graphicsenv" value="sun.awt.X11GraphicsEnvironment"/>
    <property name="java.endorsed.dirs" value="/usr/local/openjdk-8/jre/lib/endorsed"/>
    <property name="os.arch" value="amd64"/>
    <property name="java.io.tmpdir" value="/tmp"/>
    <property name="line.separator" value="&#10;"/>
    <property name="java.vm.specification.vendor" value="Oracle Corporation"/>
    <property name="os.name" value="Linux"/>
    <property name="classworlds.conf" value="/usr/share/maven/bin/m2.conf"/>
    <property name="sun.jnu.encoding" value="UTF-8"/>
    <property name="java.library.path" value="/usr/java/packages/lib/amd64:/usr/lib64:/lib64:/lib:/usr/lib"/>
    <property name="license.skip" value="true"/>
    <property name="maven.conf" value="/usr/share/maven/conf"/>
    <property name="java.specification.name" value="Java Platform API Specification"/>
    <property name="java.class.version" value="52.0"/>
    <property name="sun.management.compiler" value="HotSpot 64-Bit Tiered Compilers"/>
    <property name="maven.test.failure.ignore" value="true"/>
    <property name="os.version" value="4.15.0-109-generic"/>
    <property name="library.jansi.path" value="/usr/share/maven/lib/jansi-native"/>
    <property name="user.home" value="/home/jdbl"/>
    <property name="user.timezone" value="Etc/UTC"/>
    <property name="java.awt.printerjob" value="sun.print.PSPrinterJob"/>
    <property name="java.specification.version" value="1.8"/>
    <property name="file.encoding" value="UTF-8"/>
    <property name="user.name" value="jdbl"/>
    <property name="java.class.path" value="/usr/share/maven/boot/plexus-classworlds-2.6.0.jar"/>
    <property name="java.vm.specification.version" value="1.8"/>
    <property name="sun.arch.data.model" value="64"/>
    <property name="java.home" value="/usr/local/openjdk-8/jre"/>
    <property name="sun.java.command" value="org.codehaus.plexus.classworlds.launcher.Launcher test -e --fail-never -ntp -Dmaven.test.failure.ignore=true -B -Dmaven.javadoc.skip=true -Drat.skip=true -Danimal.sniffer.skip=true -Dmaven.javadoc.skip=true -Dlicense.skip=true -Dsource.skip=true"/>
    <property name="java.specification.vendor" value="Oracle Corporation"/>
    <property name="user.language" value="en"/>
    <property name="awt.toolkit" value="sun.awt.X11.XToolkit"/>
    <property name="java.vm.info" value="mixed mode"/>
    <property name="java.version" value="1.8.0_262"/>
    <property name="java.ext.dirs" value="/usr/local/openjdk-8/jre/lib/ext:/usr/java/packages/lib/ext"/>
    <property name="securerandom.source" value="file:/dev/./urandom"/>
    <property name="sun.boot.class.path" value="/usr/local/openjdk-8/jre/lib/resources.jar:/usr/local/openjdk-8/jre/lib/rt.jar:/usr/local/openjdk-8/jre/lib/sunrsasign.jar:/usr/local/openjdk-8/jre/lib/jsse.jar:/usr/local/openjdk-8/jre/lib/jce.jar:/usr/local/openjdk-8/jre/lib/charsets.jar:/usr/local/openjdk-8/jre/lib/jfr.jar:/usr/local/openjdk-8/jre/classes"/>
    <property name="java.vendor" value="Oracle Corporation"/>
    <property name="rat.skip" value="true"/>
    <property name="maven.home" value="/usr/share/maven"/>
    <property name="file.separator" value="/"/>
    <property name="java.vendor.url.bug" value="http://bugreport.sun.com/bugreport/"/>
    <property name="sun.cpu.endian" value="little"/>
    <property name="sun.io.unicode.encoding" value="UnicodeLittle"/>
    <property name="sun.cpu.isalist" value=""/>
  </properties>
  <testcase name="test_parse_CharSequenceDateTimeFormatter" classname="org.threeten.extra.TestYearQuarter" time="0"/>
  <testcase name="test_from_TemporalAccessor_leapYear" classname="org.threeten.extra.TestYearQuarter" time="0.001"/>
  <testcase name="test_parse_CharSequenceDateDateTimeFormatter_invalidQuarter" classname="org.threeten.extra.TestYearQuarter" time="0.001"/>
  <testcase name="test_parse_CharSequenceDate_nullCharSequence" classname="org.threeten.extra.TestYearQuarter" time="0"/>
  <testcase name="test_range_invalidField" classname="org.threeten.extra.TestYearQuarter" time="0"/>
  <testcase name="test_parse_CharSequence_caseInsensitive" classname="org.threeten.extra.TestYearQuarter" time="0"/>
  <testcase name="test_getLong_invalidField" classname="org.threeten.extra.TestYearQuarter" time="0.001"/>
  <testcase name="test_atDay_Q1_92" classname="org.threeten.extra.TestYearQuarter" time="0"/>
  <testcase name="test_atDay_Q2_92" classname="org.threeten.extra.TestYearQuarter" time="0"/>
  <testcase name="test_minus_longTemporalUnit" classname="org.threeten.extra.TestYearQuarter" time="0"/>
  <testcase name="test_isValidDay_int_leap" classname="org.threeten.extra.TestYearQuarter" time="0"/>
  <testcase name="test_with_TemporalAdjuster_Quarter" classname="org.threeten.extra.TestYearQuarter" time="0"/>
  <testcase name="test_toString_bigYear" classname="org.threeten.extra.TestYearQuarter" time="0"/>
  <testcase name="test_withQuarter_int_quarterTooHigh" classname="org.threeten.extra.TestYearQuarter" time="0"/>
  <testcase name="test_lengthOfQuarter" classname="org.threeten.extra.TestYearQuarter" time="0.002"/>
  <testcase name="test_of_int_Quarter" classname="org.threeten.extra.TestYearQuarter" time="0.001"/>
  <testcase name="test_get_invalidField" classname="org.threeten.extra.TestYearQuarter" time="0"/>
  <testcase name="test_equals_incorrectType" classname="org.threeten.extra.TestYearQuarter" time="0"/>
  <testcase name="test_plusYears" classname="org.threeten.extra.TestYearQuarter" time="0"/>
  <testcase name="test_with_TemporalAdjuster_LocalDate" classname="org.threeten.extra.TestYearQuarter" time="0"/>
  <testcase name="test_getLong" classname="org.threeten.extra.TestYearQuarter" time="0"/>
  <testcase name="test_compareTo" classname="org.threeten.extra.TestYearQuarter" time="0.139"/>
  <testcase name="test_of_int_Quarter_yearTooLow" classname="org.threeten.extra.TestYearQuarter" time="0"/>
  <testcase name="test_of_int_Quarter_yearTooHigh" classname="org.threeten.extra.TestYearQuarter" time="0"/>
  <testcase name="test_of_int_int" classname="org.threeten.extra.TestYearQuarter" time="0.001"/>
  <testcase name="test_isSupported_TemporalUnit" classname="org.threeten.extra.TestYearQuarter" time="0"/>
  <testcase name="test_get" classname="org.threeten.extra.TestYearQuarter" time="0"/>
  <testcase name="test_atDay_tooLow" classname="org.threeten.extra.TestYearQuarter" time="0"/>
  <testcase name="test_atDay_Q1_91_notLeap" classname="org.threeten.extra.TestYearQuarter" time="0"/>
  <testcase name="test_plus_longTemporalUnit" classname="org.threeten.extra.TestYearQuarter" time="0"/>
  <testcase name="test_of_int_Quarter_null" classname="org.threeten.extra.TestYearQuarter" time="0"/>
  <testcase name="test_getLong_null" classname="org.threeten.extra.TestYearQuarter" time="0"/>
  <testcase name="test_isValidDay_int_outOfRange" classname="org.threeten.extra.TestYearQuarter" time="0"/>
  <testcase name="test_of_int_int_quarterTooLow" classname="org.threeten.extra.TestYearQuarter" time="0"/>
  <testcase name="test_isValidDay_int_nonLeap" classname="org.threeten.extra.TestYearQuarter" time="0"/>
  <testcase name="test_quartersUntil_null" classname="org.threeten.extra.TestYearQuarter" time="0"/>
  <testcase name="test_parse_CharSequenceDate_invalidYear" classname="org.threeten.extra.TestYearQuarter" time="0.001"/>
  <testcase name="test_equals" classname="org.threeten.extra.TestYearQuarter" time="0.047"/>
  <testcase name="test_format" classname="org.threeten.extra.TestYearQuarter" time="0"/>
  <testcase name="test_of_int_int_quarterTooHigh" classname="org.threeten.extra.TestYearQuarter" time="0"/>
  <testcase name="test_adjustInto_Temporal" classname="org.threeten.extra.TestYearQuarter" time="0.006"/>
  <testcase name="test_plusQuarters" classname="org.threeten.extra.TestYearQuarter" time="0"/>
  <testcase name="test_equals_nullYearQuarter" classname="org.threeten.extra.TestYearQuarter" time="0"/>
  <testcase name="test_serialization" classname="org.threeten.extra.TestYearQuarter" time="0.001"/>
  <testcase name="test_of_int_int_yearTooLow" classname="org.threeten.extra.TestYearQuarter" time="0"/>
  <testcase name="test_withYear_int_quarterTooLow" classname="org.threeten.extra.TestYearQuarter" time="0"/>
  <testcase name="test_adjustInto_Temporal_lastValidDay_leap" classname="org.threeten.extra.TestYearQuarter" time="0"/>
  <testcase name="test_from_TemporalAccessor_notLeapYear" classname="org.threeten.extra.TestYearQuarter" time="0.001"/>
  <testcase name="test_parse_CharSequenceDateTimeFormatter_nullCharSequence" classname="org.threeten.extra.TestYearQuarter" time="0"/>
  <testcase name="test_parse_CharSequence" classname="org.threeten.extra.TestYearQuarter" time="0"/>
  <testcase name="test_with_TemporalAdjuster_Year" classname="org.threeten.extra.TestYearQuarter" time="0"/>
  <testcase name="test_with_TemporalAdjuster_null" classname="org.threeten.extra.TestYearQuarter" time="0"/>
  <testcase name="test_atDay_tooHigh" classname="org.threeten.extra.TestYearQuarter" time="0"/>
  <testcase name="test_toString_negativeBigYear" classname="org.threeten.extra.TestYearQuarter" time="0"/>
  <testcase name="test_minusYears" classname="org.threeten.extra.TestYearQuarter" time="0"/>
  <testcase name="test_withQuarter_int" classname="org.threeten.extra.TestYearQuarter" time="0"/>
  <testcase name="test_parse_CharSequenceDate_invalidQuarter" classname="org.threeten.extra.TestYearQuarter" time="0"/>
  <testcase name="test_adjustInto_Temporal_null" classname="org.threeten.extra.TestYearQuarter" time="0.001"/>
  <testcase name="test_until_TemporalTemporalUnit_nullTemporal" classname="org.threeten.extra.TestYearQuarter" time="0"/>
  <testcase name="test_toString_negativeYear" classname="org.threeten.extra.TestYearQuarter" time="0"/>
  <testcase name="test_get_null" classname="org.threeten.extra.TestYearQuarter" time="0"/>
  <testcase name="test_parse_CharSequenceDateTimeFormatter_nullDateTimeFormatter" classname="org.threeten.extra.TestYearQuarter" time="0"/>
  <testcase name="test_adjustInto_Temporal_lastValidDay_nonLeap" classname="org.threeten.extra.TestYearQuarter" time="0"/>
  <testcase name="test_from_TemporalAccessor_noDerive" classname="org.threeten.extra.TestYearQuarter" time="0"/>
  <testcase name="test_quartersUntil" classname="org.threeten.extra.TestYearQuarter" time="0.007"/>
  <testcase name="test_atDay_Q1_91_leap" classname="org.threeten.extra.TestYearQuarter" time="0"/>
  <testcase name="test_range_null" classname="org.threeten.extra.TestYearQuarter" time="0"/>
  <testcase name="test_until_TemporalTemporalUnit_QUARTER_YEARS" classname="org.threeten.extra.TestYearQuarter" time="0.001"/>
  <testcase name="test_toString" classname="org.threeten.extra.TestYearQuarter" time="0"/>
  <testcase name="test_until_TemporalTemporalUnit_YEARS" classname="org.threeten.extra.TestYearQuarter" time="0"/>
  <testcase name="test_isSupported_TemporalField" classname="org.threeten.extra.TestYearQuarter" time="0"/>
  <testcase name="test_interfaces" classname="org.threeten.extra.TestYearQuarter" time="0"/>
  <testcase name="test_of_int_int_yearTooHigh" classname="org.threeten.extra.TestYearQuarter" time="0"/>
  <testcase name="test_compareTo_nullYearQuarter" classname="org.threeten.extra.TestYearQuarter" time="0"/>
  <testcase name="test_atEndOfQuarter" classname="org.threeten.extra.TestYearQuarter" time="0"/>
  <testcase name="test_quartersUntil_IllegalArgument" classname="org.threeten.extra.TestYearQuarter" time="0"/>
  <testcase name="test_with_TemporalAdjuster_YearQuarter" classname="org.threeten.extra.TestYearQuarter" time="0"/>
  <testcase name="test_format_null" classname="org.threeten.extra.TestYearQuarter" time="0"/>
  <testcase name="test_from_TemporalAccessor_null" classname="org.threeten.extra.TestYearQuarter" time="0"/>
  <testcase name="test_until_TemporalTemporalUnit_nullTemporalUnit" classname="org.threeten.extra.TestYearQuarter" time="0"/>
  <testcase name="test_minusQuarters" classname="org.threeten.extra.TestYearQuarter" time="0"/>
  <testcase name="test_isLeapYear_int" classname="org.threeten.extra.TestYearQuarter" time="0.005"/>
  <testcase name="test_withQuarter_int_quarterTooLow" classname="org.threeten.extra.TestYearQuarter" time="0"/>
  <testcase name="test_withYear_int_quarterTooHigh" classname="org.threeten.extra.TestYearQuarter" time="0"/>
  <testcase name="test_atDay" classname="org.threeten.extra.TestYearQuarter" time="0.001"/>
  <testcase name="test_query" classname="org.threeten.extra.TestYearQuarter" time="0"/>
  <testcase name="test_range" classname="org.threeten.extra.TestYearQuarter" time="0"/>
  <testcase name="test_lengthOfYear" classname="org.threeten.extra.TestYearQuarter" time="0.001"/>
  <testcase name="test_withYear" classname="org.threeten.extra.TestYearQuarter" time="0"/>
</testsuite>