<?xml version="1.0" encoding="UTF-8"?>
<testsuite xmlns:xsi="http://www.w3.org/2001/XMLSchema-instance" xsi:schemaLocation="https://maven.apache.org/surefire/maven-surefire-plugin/xsd/surefire-test-report.xsd" name="org.threeten.extra.chrono.TestBritishCutoverChronology" time="0.122" tests="1122" errors="0" skipped="0" failures="0">
  <properties>
    <property name="java.runtime.name" value="OpenJDK Runtime Environment"/>
    <property name="sun.boot.library.path" value="/usr/local/openjdk-8/jre/lib/amd64"/>
    <property name="java.vm.version" value="25.262-b10"/>
    <property name="animal.sniffer.skip" value="true"/>
    <property name="java.vm.vendor" value="Oracle Corporation"/>
    <property name="maven.multiModuleProjectDirectory" value="/tmp/tmpykopg0s2/threeten-extra"/>
    <property name="maven.javadoc.skip" value="true"/>
    <property name="java.vendor.url" value="http://java.oracle.com/"/>
    <property name="path.separator" value=":"/>
    <property name="guice.disable.misplaced.annotation.check" value="true"/>
    <property name="java.vm.name" value="OpenJDK 64-Bit Server VM"/>
    <property name="file.encoding.pkg" value="sun.io"/>
    <property name="sun.java.launcher" value="SUN_STANDARD"/>
    <property name="sun.os.patch.level" value="unknown"/>
    <property name="source.skip" value="true"/>
    <property name="java.vm.specification.name" value="Java Virtual Machine Specification"/>
    <property name="user.dir" value="/tmp/tmpykopg0s2/threeten-extra"/>
    <property name="java.runtime.version" value="1.8.0_262-b10"/>
    <property name="java.awt.graphicsenv" value="sun.awt.X11GraphicsEnvironment"/>
    <property name="java.endorsed.dirs" value="/usr/local/openjdk-8/jre/lib/endorsed"/>
    <property name="os.arch" value="amd64"/>
    <property name="java.io.tmpdir" value="/tmp"/>
    <property name="line.separator" value="&#10;"/>
    <property name="java.vm.specification.vendor" value="Oracle Corporation"/>
    <property name="os.name" value="Linux"/>
    <property name="classworlds.conf" value="/usr/share/maven/bin/m2.conf"/>
    <property name="sun.jnu.encoding" value="UTF-8"/>
    <property name="java.library.path" value="/usr/java/packages/lib/amd64:/usr/lib64:/lib64:/lib:/usr/lib"/>
    <property name="license.skip" value="true"/>
    <property name="maven.conf" value="/usr/share/maven/conf"/>
    <property name="java.specification.name" value="Java Platform API Specification"/>
    <property name="java.class.version" value="52.0"/>
    <property name="sun.management.compiler" value="HotSpot 64-Bit Tiered Compilers"/>
    <property name="maven.test.failure.ignore" value="true"/>
    <property name="os.version" value="4.15.0-109-generic"/>
    <property name="library.jansi.path" value="/usr/share/maven/lib/jansi-native"/>
    <property name="user.home" value="/home/jdbl"/>
    <property name="user.timezone" value="Etc/UTC"/>
    <property name="java.awt.printerjob" value="sun.print.PSPrinterJob"/>
    <property name="java.specification.version" value="1.8"/>
    <property name="file.encoding" value="UTF-8"/>
    <property name="user.name" value="jdbl"/>
    <property name="java.class.path" value="/usr/share/maven/boot/plexus-classworlds-2.6.0.jar"/>
    <property name="java.vm.specification.version" value="1.8"/>
    <property name="sun.arch.data.model" value="64"/>
    <property name="java.home" value="/usr/local/openjdk-8/jre"/>
    <property name="sun.java.command" value="org.codehaus.plexus.classworlds.launcher.Launcher test -e --fail-never -ntp -Dmaven.test.failure.ignore=true -B -Dmaven.javadoc.skip=true -Drat.skip=true -Danimal.sniffer.skip=true -Dmaven.javadoc.skip=true -Dlicense.skip=true -Dsource.skip=true"/>
    <property name="java.specification.vendor" value="Oracle Corporation"/>
    <property name="user.language" value="en"/>
    <property name="awt.toolkit" value="sun.awt.X11.XToolkit"/>
    <property name="java.vm.info" value="mixed mode"/>
    <property name="java.version" value="1.8.0_262"/>
    <property name="java.ext.dirs" value="/usr/local/openjdk-8/jre/lib/ext:/usr/java/packages/lib/ext"/>
    <property name="securerandom.source" value="file:/dev/./urandom"/>
    <property name="sun.boot.class.path" value="/usr/local/openjdk-8/jre/lib/resources.jar:/usr/local/openjdk-8/jre/lib/rt.jar:/usr/local/openjdk-8/jre/lib/sunrsasign.jar:/usr/local/openjdk-8/jre/lib/jsse.jar:/usr/local/openjdk-8/jre/lib/jce.jar:/usr/local/openjdk-8/jre/lib/charsets.jar:/usr/local/openjdk-8/jre/lib/jfr.jar:/usr/local/openjdk-8/jre/classes"/>
    <property name="java.vendor" value="Oracle Corporation"/>
    <property name="rat.skip" value="true"/>
    <property name="maven.home" value="/usr/share/maven"/>
    <property name="file.separator" value="/"/>
    <property name="java.vendor.url.bug" value="http://bugreport.sun.com/bugreport/"/>
    <property name="sun.cpu.endian" value="little"/>
    <property name="sun.io.unicode.encoding" value="UnicodeLittle"/>
    <property name="sun.cpu.isalist" value=""/>
  </properties>
  <testcase name="test_with_TemporalField[0: 1752, 9, 2, DayOfWeek, 1, 1752, 8, 31]" classname="org.threeten.extra.chrono.TestBritishCutoverChronology" time="0.001"/>
  <testcase name="test_with_TemporalField[1: 1752, 9, 2, DayOfWeek, 4, 1752, 9, 14]" classname="org.threeten.extra.chrono.TestBritishCutoverChronology" time="0"/>
  <testcase name="test_with_TemporalField[2: 1752, 9, 2, DayOfMonth, 1, 1752, 9, 1]" classname="org.threeten.extra.chrono.TestBritishCutoverChronology" time="0.003"/>
  <testcase name="test_with_TemporalField[3: 1752, 9, 2, DayOfMonth, 3, 1752, 9, 14]" classname="org.threeten.extra.chrono.TestBritishCutoverChronology" time="0"/>
  <testcase name="test_with_TemporalField[4: 1752, 9, 2, DayOfMonth, 13, 1752, 9, 24]" classname="org.threeten.extra.chrono.TestBritishCutoverChronology" time="0"/>
  <testcase name="test_with_TemporalField[5: 1752, 9, 2, DayOfMonth, 14, 1752, 9, 14]" classname="org.threeten.extra.chrono.TestBritishCutoverChronology" time="0"/>
  <testcase name="test_with_TemporalField[6: 1752, 9, 2, DayOfMonth, 30, 1752, 9, 30]" classname="org.threeten.extra.chrono.TestBritishCutoverChronology" time="0"/>
  <testcase name="test_with_TemporalField[7: 1752, 9, 2, DayOfYear, 245, 1752, 9, 1]" classname="org.threeten.extra.chrono.TestBritishCutoverChronology" time="0"/>
  <testcase name="test_with_TemporalField[8: 1752, 9, 2, DayOfYear, 247, 1752, 9, 14]" classname="org.threeten.extra.chrono.TestBritishCutoverChronology" time="0"/>
  <testcase name="test_with_TemporalField[9: 1752, 9, 2, DayOfYear, 356, 1753, 1, 1]" classname="org.threeten.extra.chrono.TestBritishCutoverChronology" time="0"/>
  <testcase name="test_with_TemporalField[10: 1752, 9, 2, DayOfYear, 366, 1753, 1, 11]" classname="org.threeten.extra.chrono.TestBritishCutoverChronology" time="0"/>
  <testcase name="test_with_TemporalField[11: 1752, 9, 2, AlignedDayOfWeekInMonth, 1, 1752, 9, 1]" classname="org.threeten.extra.chrono.TestBritishCutoverChronology" time="0"/>
  <testcase name="test_with_TemporalField[12: 1752, 9, 2, AlignedDayOfWeekInMonth, 3, 1752, 9, 14]" classname="org.threeten.extra.chrono.TestBritishCutoverChronology" time="0"/>
  <testcase name="test_with_TemporalField[13: 1752, 9, 2, AlignedWeekOfMonth, 2, 1752, 9, 20]" classname="org.threeten.extra.chrono.TestBritishCutoverChronology" time="0"/>
  <testcase name="test_with_TemporalField[14: 1752, 9, 2, AlignedWeekOfMonth, 3, 1752, 9, 27]" classname="org.threeten.extra.chrono.TestBritishCutoverChronology" time="0"/>
  <testcase name="test_with_TemporalField[15: 1752, 9, 2, AlignedWeekOfMonth, 4, 1752, 10, 4]" classname="org.threeten.extra.chrono.TestBritishCutoverChronology" time="0"/>
  <testcase name="test_with_TemporalField[16: 1752, 9, 2, AlignedWeekOfMonth, 5, 1752, 10, 11]" classname="org.threeten.extra.chrono.TestBritishCutoverChronology" time="0"/>
  <testcase name="test_with_TemporalField[17: 1752, 9, 2, AlignedDayOfWeekInYear, 2, 1752, 9, 14]" classname="org.threeten.extra.chrono.TestBritishCutoverChronology" time="0"/>
  <testcase name="test_with_TemporalField[18: 1752, 9, 2, AlignedDayOfWeekInYear, 3, 1752, 9, 15]" classname="org.threeten.extra.chrono.TestBritishCutoverChronology" time="0"/>
  <testcase name="test_with_TemporalField[19: 1752, 9, 2, AlignedWeekOfYear, 1, 1752, 1, 1]" classname="org.threeten.extra.chrono.TestBritishCutoverChronology" time="0"/>
  <testcase name="test_with_TemporalField[20: 1752, 9, 2, AlignedWeekOfYear, 35, 1752, 8, 26]" classname="org.threeten.extra.chrono.TestBritishCutoverChronology" time="0"/>
  <testcase name="test_with_TemporalField[21: 1752, 9, 2, AlignedWeekOfYear, 37, 1752, 9, 20]" classname="org.threeten.extra.chrono.TestBritishCutoverChronology" time="0"/>
  <testcase name="test_with_TemporalField[22: 1752, 9, 2, AlignedWeekOfYear, 51, 1752, 12, 27]" classname="org.threeten.extra.chrono.TestBritishCutoverChronology" time="0"/>
  <testcase name="test_with_TemporalField[23: 1752, 9, 2, AlignedWeekOfYear, 52, 1753, 1, 3]" classname="org.threeten.extra.chrono.TestBritishCutoverChronology" time="0"/>
  <testcase name="test_with_TemporalField[24: 1752, 9, 2, MonthOfYear, 8, 1752, 8, 2]" classname="org.threeten.extra.chrono.TestBritishCutoverChronology" time="0"/>
  <testcase name="test_with_TemporalField[25: 1752, 9, 2, MonthOfYear, 10, 1752, 10, 2]" classname="org.threeten.extra.chrono.TestBritishCutoverChronology" time="0"/>
  <testcase name="test_with_TemporalField[26: 1752, 9, 14, DayOfWeek, 1, 1752, 8, 31]" classname="org.threeten.extra.chrono.TestBritishCutoverChronology" time="0"/>
  <testcase name="test_with_TemporalField[27: 1752, 9, 14, DayOfWeek, 3, 1752, 9, 2]" classname="org.threeten.extra.chrono.TestBritishCutoverChronology" time="0"/>
  <testcase name="test_with_TemporalField[28: 1752, 9, 14, DayOfMonth, 1, 1752, 9, 1]" classname="org.threeten.extra.chrono.TestBritishCutoverChronology" time="0"/>
  <testcase name="test_with_TemporalField[29: 1752, 9, 14, DayOfMonth, 2, 1752, 9, 2]" classname="org.threeten.extra.chrono.TestBritishCutoverChronology" time="0"/>
  <testcase name="test_with_TemporalField[30: 1752, 9, 14, DayOfMonth, 3, 1752, 9, 14]" classname="org.threeten.extra.chrono.TestBritishCutoverChronology" time="0"/>
  <testcase name="test_with_TemporalField[31: 1752, 9, 14, DayOfMonth, 30, 1752, 9, 30]" classname="org.threeten.extra.chrono.TestBritishCutoverChronology" time="0"/>
  <testcase name="test_with_TemporalField[32: 1752, 9, 14, DayOfYear, 245, 1752, 9, 1]" classname="org.threeten.extra.chrono.TestBritishCutoverChronology" time="0"/>
  <testcase name="test_with_TemporalField[33: 1752, 9, 14, DayOfYear, 246, 1752, 9, 2]" classname="org.threeten.extra.chrono.TestBritishCutoverChronology" time="0"/>
  <testcase name="test_with_TemporalField[34: 1752, 9, 14, DayOfYear, 356, 1753, 1, 1]" classname="org.threeten.extra.chrono.TestBritishCutoverChronology" time="0"/>
  <testcase name="test_with_TemporalField[35: 1752, 9, 14, DayOfYear, 366, 1753, 1, 11]" classname="org.threeten.extra.chrono.TestBritishCutoverChronology" time="0"/>
  <testcase name="test_with_TemporalField[36: 1752, 9, 14, AlignedDayOfWeekInMonth, 1, 1752, 9, 1]" classname="org.threeten.extra.chrono.TestBritishCutoverChronology" time="0"/>
  <testcase name="test_with_TemporalField[37: 1752, 9, 14, AlignedDayOfWeekInMonth, 2, 1752, 9, 2]" classname="org.threeten.extra.chrono.TestBritishCutoverChronology" time="0"/>
  <testcase name="test_with_TemporalField[38: 1752, 9, 14, AlignedWeekOfMonth, 2, 1752, 9, 21]" classname="org.threeten.extra.chrono.TestBritishCutoverChronology" time="0"/>
  <testcase name="test_with_TemporalField[39: 1752, 9, 14, AlignedWeekOfMonth, 3, 1752, 9, 28]" classname="org.threeten.extra.chrono.TestBritishCutoverChronology" time="0"/>
  <testcase name="test_with_TemporalField[40: 1752, 9, 14, AlignedWeekOfMonth, 4, 1752, 10, 5]" classname="org.threeten.extra.chrono.TestBritishCutoverChronology" time="0"/>
  <testcase name="test_with_TemporalField[41: 1752, 9, 14, AlignedWeekOfMonth, 5, 1752, 10, 12]" classname="org.threeten.extra.chrono.TestBritishCutoverChronology" time="0"/>
  <testcase name="test_with_TemporalField[42: 1752, 9, 14, AlignedDayOfWeekInYear, 2, 1752, 9, 14]" classname="org.threeten.extra.chrono.TestBritishCutoverChronology" time="0"/>
  <testcase name="test_with_TemporalField[43: 1752, 9, 14, AlignedDayOfWeekInYear, 3, 1752, 9, 15]" classname="org.threeten.extra.chrono.TestBritishCutoverChronology" time="0"/>
  <testcase name="test_with_TemporalField[44: 1752, 9, 14, AlignedWeekOfYear, 1, 1752, 1, 2]" classname="org.threeten.extra.chrono.TestBritishCutoverChronology" time="0"/>
  <testcase name="test_with_TemporalField[45: 1752, 9, 14, AlignedWeekOfYear, 35, 1752, 8, 27]" classname="org.threeten.extra.chrono.TestBritishCutoverChronology" time="0"/>
  <testcase name="test_with_TemporalField[46: 1752, 9, 14, AlignedWeekOfYear, 37, 1752, 9, 21]" classname="org.threeten.extra.chrono.TestBritishCutoverChronology" time="0"/>
  <testcase name="test_with_TemporalField[47: 1752, 9, 14, AlignedWeekOfYear, 51, 1752, 12, 28]" classname="org.threeten.extra.chrono.TestBritishCutoverChronology" time="0"/>
  <testcase name="test_with_TemporalField[48: 1752, 9, 14, AlignedWeekOfYear, 52, 1753, 1, 4]" classname="org.threeten.extra.chrono.TestBritishCutoverChronology" time="0"/>
  <testcase name="test_with_TemporalField[49: 1752, 9, 14, MonthOfYear, 8, 1752, 8, 14]" classname="org.threeten.extra.chrono.TestBritishCutoverChronology" time="0"/>
  <testcase name="test_with_TemporalField[50: 1752, 9, 14, MonthOfYear, 10, 1752, 10, 14]" classname="org.threeten.extra.chrono.TestBritishCutoverChronology" time="0"/>
  <testcase name="test_with_TemporalField[51: 1752, 8, 4, MonthOfYear, 9, 1752, 9, 15]" classname="org.threeten.extra.chrono.TestBritishCutoverChronology" time="0"/>
  <testcase name="test_with_TemporalField[52: 1752, 10, 8, MonthOfYear, 9, 1752, 9, 19]" classname="org.threeten.extra.chrono.TestBritishCutoverChronology" time="0"/>
  <testcase name="test_with_TemporalField[53: 1751, 9, 4, Year, 1752, 1752, 9, 15]" classname="org.threeten.extra.chrono.TestBritishCutoverChronology" time="0"/>
  <testcase name="test_with_TemporalField[54: 1753, 9, 8, Year, 1752, 1752, 9, 19]" classname="org.threeten.extra.chrono.TestBritishCutoverChronology" time="0"/>
  <testcase name="test_with_TemporalField[55: 1751, 9, 4, YearOfEra, 1752, 1752, 9, 15]" classname="org.threeten.extra.chrono.TestBritishCutoverChronology" time="0"/>
  <testcase name="test_with_TemporalField[56: 1753, 9, 8, YearOfEra, 1752, 1752, 9, 19]" classname="org.threeten.extra.chrono.TestBritishCutoverChronology" time="0"/>
  <testcase name="test_with_TemporalField[57: 2014, 5, 26, DayOfWeek, 3, 2014, 5, 28]" classname="org.threeten.extra.chrono.TestBritishCutoverChronology" time="0"/>
  <testcase name="test_with_TemporalField[58: 2014, 5, 26, DayOfWeek, 7, 2014, 6, 1]" classname="org.threeten.extra.chrono.TestBritishCutoverChronology" time="0"/>
  <testcase name="test_with_TemporalField[59: 2014, 5, 26, DayOfMonth, 31, 2014, 5, 31]" classname="org.threeten.extra.chrono.TestBritishCutoverChronology" time="0"/>
  <testcase name="test_with_TemporalField[60: 2014, 5, 26, DayOfMonth, 26, 2014, 5, 26]" classname="org.threeten.extra.chrono.TestBritishCutoverChronology" time="0"/>
  <testcase name="test_with_TemporalField[61: 2014, 5, 26, DayOfYear, 365, 2014, 12, 31]" classname="org.threeten.extra.chrono.TestBritishCutoverChronology" time="0"/>
  <testcase name="test_with_TemporalField[62: 2014, 5, 26, DayOfYear, 146, 2014, 5, 26]" classname="org.threeten.extra.chrono.TestBritishCutoverChronology" time="0"/>
  <testcase name="test_with_TemporalField[63: 2014, 5, 26, AlignedDayOfWeekInMonth, 3, 2014, 5, 24]" classname="org.threeten.extra.chrono.TestBritishCutoverChronology" time="0"/>
  <testcase name="test_with_TemporalField[64: 2014, 5, 26, AlignedDayOfWeekInMonth, 5, 2014, 5, 26]" classname="org.threeten.extra.chrono.TestBritishCutoverChronology" time="0"/>
  <testcase name="test_with_TemporalField[65: 2014, 5, 26, AlignedWeekOfMonth, 1, 2014, 5, 5]" classname="org.threeten.extra.chrono.TestBritishCutoverChronology" time="0"/>
  <testcase name="test_with_TemporalField[66: 2014, 5, 26, AlignedWeekOfMonth, 4, 2014, 5, 26]" classname="org.threeten.extra.chrono.TestBritishCutoverChronology" time="0"/>
  <testcase name="test_with_TemporalField[67: 2014, 5, 26, AlignedDayOfWeekInYear, 2, 2014, 5, 22]" classname="org.threeten.extra.chrono.TestBritishCutoverChronology" time="0"/>
  <testcase name="test_with_TemporalField[68: 2014, 5, 26, AlignedDayOfWeekInYear, 6, 2014, 5, 26]" classname="org.threeten.extra.chrono.TestBritishCutoverChronology" time="0"/>
  <testcase name="test_with_TemporalField[69: 2014, 5, 26, AlignedWeekOfYear, 23, 2014, 6, 9]" classname="org.threeten.extra.chrono.TestBritishCutoverChronology" time="0"/>
  <testcase name="test_with_TemporalField[70: 2014, 5, 26, AlignedWeekOfYear, 21, 2014, 5, 26]" classname="org.threeten.extra.chrono.TestBritishCutoverChronology" time="0"/>
  <testcase name="test_with_TemporalField[71: 2014, 5, 26, MonthOfYear, 7, 2014, 7, 26]" classname="org.threeten.extra.chrono.TestBritishCutoverChronology" time="0"/>
  <testcase name="test_with_TemporalField[72: 2014, 5, 26, MonthOfYear, 5, 2014, 5, 26]" classname="org.threeten.extra.chrono.TestBritishCutoverChronology" time="0"/>
  <testcase name="test_with_TemporalField[73: 2014, 5, 26, ProlepticMonth, 24158, 2013, 3, 26]" classname="org.threeten.extra.chrono.TestBritishCutoverChronology" time="0"/>
  <testcase name="test_with_TemporalField[74: 2014, 5, 26, ProlepticMonth, 24172, 2014, 5, 26]" classname="org.threeten.extra.chrono.TestBritishCutoverChronology" time="0"/>
  <testcase name="test_with_TemporalField[75: 2014, 5, 26, Year, 2012, 2012, 5, 26]" classname="org.threeten.extra.chrono.TestBritishCutoverChronology" time="0"/>
  <testcase name="test_with_TemporalField[76: 2014, 5, 26, Year, 2014, 2014, 5, 26]" classname="org.threeten.extra.chrono.TestBritishCutoverChronology" time="0"/>
  <testcase name="test_with_TemporalField[77: 2014, 5, 26, YearOfEra, 2012, 2012, 5, 26]" classname="org.threeten.extra.chrono.TestBritishCutoverChronology" time="0"/>
  <testcase name="test_with_TemporalField[78: 2014, 5, 26, YearOfEra, 2014, 2014, 5, 26]" classname="org.threeten.extra.chrono.TestBritishCutoverChronology" time="0"/>
  <testcase name="test_with_TemporalField[79: 2014, 5, 26, Era, 0, -2013, 5, 26]" classname="org.threeten.extra.chrono.TestBritishCutoverChronology" time="0"/>
  <testcase name="test_with_TemporalField[80: 2014, 5, 26, Era, 1, 2014, 5, 26]" classname="org.threeten.extra.chrono.TestBritishCutoverChronology" time="0"/>
  <testcase name="test_with_TemporalField[81: 2011, 3, 31, MonthOfYear, 2, 2011, 2, 28]" classname="org.threeten.extra.chrono.TestBritishCutoverChronology" time="0"/>
  <testcase name="test_with_TemporalField[82: 2012, 3, 31, MonthOfYear, 2, 2012, 2, 29]" classname="org.threeten.extra.chrono.TestBritishCutoverChronology" time="0"/>
  <testcase name="test_with_TemporalField[83: 2012, 3, 31, MonthOfYear, 6, 2012, 6, 30]" classname="org.threeten.extra.chrono.TestBritishCutoverChronology" time="0"/>
  <testcase name="test_with_TemporalField[84: 2012, 2, 29, Year, 2011, 2011, 2, 28]" classname="org.threeten.extra.chrono.TestBritishCutoverChronology" time="0"/>
  <testcase name="test_with_TemporalField[85: -2013, 6, 8, YearOfEra, 2012, -2011, 6, 8]" classname="org.threeten.extra.chrono.TestBritishCutoverChronology" time="0"/>
  <testcase name="test_with_TemporalField[86: 2014, 5, 26, DayOfWeek[WeekFields[MONDAY,4]], 2, 2014, 5, 27]" classname="org.threeten.extra.chrono.TestBritishCutoverChronology" time="0.001"/>
  <testcase name="test_plus_Period_ISO" classname="org.threeten.extra.chrono.TestBritishCutoverChronology" time="0"/>
  <testcase name="test_Chronology_isLeapYear_specific" classname="org.threeten.extra.chrono.TestBritishCutoverChronology" time="0"/>
  <testcase name="test_adjust_lastDayOfMonth[0: BritishCutover AD 1752-02-23, BritishCutover AD 1752-02-29]" classname="org.threeten.extra.chrono.TestBritishCutoverChronology" time="0"/>
  <testcase name="test_adjust_lastDayOfMonth[1: BritishCutover AD 1752-06-23, BritishCutover AD 1752-06-30]" classname="org.threeten.extra.chrono.TestBritishCutoverChronology" time="0"/>
  <testcase name="test_adjust_lastDayOfMonth[2: BritishCutover AD 1752-09-02, BritishCutover AD 1752-09-30]" classname="org.threeten.extra.chrono.TestBritishCutoverChronology" time="0"/>
  <testcase name="test_adjust_lastDayOfMonth[3: BritishCutover AD 1752-09-14, BritishCutover AD 1752-09-30]" classname="org.threeten.extra.chrono.TestBritishCutoverChronology" time="0"/>
  <testcase name="test_adjust_lastDayOfMonth[4: BritishCutover AD 2012-02-23, BritishCutover AD 2012-02-29]" classname="org.threeten.extra.chrono.TestBritishCutoverChronology" time="0"/>
  <testcase name="test_adjust_lastDayOfMonth[5: BritishCutover AD 2012-06-23, BritishCutover AD 2012-06-30]" classname="org.threeten.extra.chrono.TestBritishCutoverChronology" time="0"/>
  <testcase name="test_Chronology_dateYearDay_badDate" classname="org.threeten.extra.chrono.TestBritishCutoverChronology" time="0"/>
  <testcase name="test_until_DAYS[0: BritishCutover AD 1-01-01, 0000-12-30]" classname="org.threeten.extra.chrono.TestBritishCutoverChronology" time="0.001"/>
  <testcase name="test_until_DAYS[1: BritishCutover AD 1-01-02, 0000-12-31]" classname="org.threeten.extra.chrono.TestBritishCutoverChronology" time="0"/>
  <testcase name="test_until_DAYS[2: BritishCutover AD 1-01-03, 0001-01-01]" classname="org.threeten.extra.chrono.TestBritishCutoverChronology" time="0"/>
  <testcase name="test_until_DAYS[3: BritishCutover AD 1-02-28, 0001-02-26]" classname="org.threeten.extra.chrono.TestBritishCutoverChronology" time="0"/>
  <testcase name="test_until_DAYS[4: BritishCutover AD 1-03-01, 0001-02-27]" classname="org.threeten.extra.chrono.TestBritishCutoverChronology" time="0"/>
  <testcase name="test_until_DAYS[5: BritishCutover AD 1-03-02, 0001-02-28]" classname="org.threeten.extra.chrono.TestBritishCutoverChronology" time="0"/>
  <testcase name="test_until_DAYS[6: BritishCutover AD 1-03-03, 0001-03-01]" classname="org.threeten.extra.chrono.TestBritishCutoverChronology" time="0"/>
  <testcase name="test_until_DAYS[7: BritishCutover AD 4-02-28, 0004-02-26]" classname="org.threeten.extra.chrono.TestBritishCutoverChronology" time="0"/>
  <testcase name="test_until_DAYS[8: BritishCutover AD 4-02-29, 0004-02-27]" classname="org.threeten.extra.chrono.TestBritishCutoverChronology" time="0"/>
  <testcase name="test_until_DAYS[9: BritishCutover AD 4-03-01, 0004-02-28]" classname="org.threeten.extra.chrono.TestBritishCutoverChronology" time="0"/>
  <testcase name="test_until_DAYS[10: BritishCutover AD 4-03-02, 0004-02-29]" classname="org.threeten.extra.chrono.TestBritishCutoverChronology" time="0"/>
  <testcase name="test_until_DAYS[11: BritishCutover AD 4-03-03, 0004-03-01]" classname="org.threeten.extra.chrono.TestBritishCutoverChronology" time="0"/>
  <testcase name="test_until_DAYS[12: BritishCutover AD 100-02-28, 0100-02-26]" classname="org.threeten.extra.chrono.TestBritishCutoverChronology" time="0"/>
  <testcase name="test_until_DAYS[13: BritishCutover AD 100-02-29, 0100-02-27]" classname="org.threeten.extra.chrono.TestBritishCutoverChronology" time="0"/>
  <testcase name="test_until_DAYS[14: BritishCutover AD 100-03-01, 0100-02-28]" classname="org.threeten.extra.chrono.TestBritishCutoverChronology" time="0"/>
  <testcase name="test_until_DAYS[15: BritishCutover AD 100-03-02, 0100-03-01]" classname="org.threeten.extra.chrono.TestBritishCutoverChronology" time="0"/>
  <testcase name="test_until_DAYS[16: BritishCutover AD 100-03-03, 0100-03-02]" classname="org.threeten.extra.chrono.TestBritishCutoverChronology" time="0"/>
  <testcase name="test_until_DAYS[17: BritishCutover BC 1-12-31, 0000-12-29]" classname="org.threeten.extra.chrono.TestBritishCutoverChronology" time="0"/>
  <testcase name="test_until_DAYS[18: BritishCutover BC 1-12-30, 0000-12-28]" classname="org.threeten.extra.chrono.TestBritishCutoverChronology" time="0"/>
  <testcase name="test_until_DAYS[19: BritishCutover AD 1582-10-04, 1582-10-14]" classname="org.threeten.extra.chrono.TestBritishCutoverChronology" time="0"/>
  <testcase name="test_until_DAYS[20: BritishCutover AD 1582-10-05, 1582-10-15]" classname="org.threeten.extra.chrono.TestBritishCutoverChronology" time="0"/>
  <testcase name="test_until_DAYS[21: BritishCutover AD 1751-12-20, 1751-12-31]" classname="org.threeten.extra.chrono.TestBritishCutoverChronology" time="0"/>
  <testcase name="test_until_DAYS[22: BritishCutover AD 1751-12-31, 1752-01-11]" classname="org.threeten.extra.chrono.TestBritishCutoverChronology" time="0"/>
  <testcase name="test_until_DAYS[23: BritishCutover AD 1752-01-01, 1752-01-12]" classname="org.threeten.extra.chrono.TestBritishCutoverChronology" time="0"/>
  <testcase name="test_until_DAYS[24: BritishCutover AD 1752-09-01, 1752-09-12]" classname="org.threeten.extra.chrono.TestBritishCutoverChronology" time="0"/>
  <testcase name="test_until_DAYS[25: BritishCutover AD 1752-09-02, 1752-09-13]" classname="org.threeten.extra.chrono.TestBritishCutoverChronology" time="0"/>
  <testcase name="test_until_DAYS[26: BritishCutover AD 1752-09-14, 1752-09-14]" classname="org.threeten.extra.chrono.TestBritishCutoverChronology" time="0"/>
  <testcase name="test_until_DAYS[27: BritishCutover AD 1752-09-24, 1752-09-24]" classname="org.threeten.extra.chrono.TestBritishCutoverChronology" time="0"/>
  <testcase name="test_until_DAYS[28: BritishCutover AD 1752-09-14, 1752-09-14]" classname="org.threeten.extra.chrono.TestBritishCutoverChronology" time="0"/>
  <testcase name="test_until_DAYS[29: BritishCutover AD 1945-11-12, 1945-11-12]" classname="org.threeten.extra.chrono.TestBritishCutoverChronology" time="0"/>
  <testcase name="test_until_DAYS[30: BritishCutover AD 2012-07-05, 2012-07-05]" classname="org.threeten.extra.chrono.TestBritishCutoverChronology" time="0"/>
  <testcase name="test_until_DAYS[31: BritishCutover AD 2012-07-06, 2012-07-06]" classname="org.threeten.extra.chrono.TestBritishCutoverChronology" time="0"/>
  <testcase name="test_LocalDate_until_BritishCutoverDate[0: BritishCutover AD 1-01-01, 0000-12-30]" classname="org.threeten.extra.chrono.TestBritishCutoverChronology" time="0"/>
  <testcase name="test_LocalDate_until_BritishCutoverDate[1: BritishCutover AD 1-01-02, 0000-12-31]" classname="org.threeten.extra.chrono.TestBritishCutoverChronology" time="0"/>
  <testcase name="test_LocalDate_until_BritishCutoverDate[2: BritishCutover AD 1-01-03, 0001-01-01]" classname="org.threeten.extra.chrono.TestBritishCutoverChronology" time="0"/>
  <testcase name="test_LocalDate_until_BritishCutoverDate[3: BritishCutover AD 1-02-28, 0001-02-26]" classname="org.threeten.extra.chrono.TestBritishCutoverChronology" time="0"/>
  <testcase name="test_LocalDate_until_BritishCutoverDate[4: BritishCutover AD 1-03-01, 0001-02-27]" classname="org.threeten.extra.chrono.TestBritishCutoverChronology" time="0"/>
  <testcase name="test_LocalDate_until_BritishCutoverDate[5: BritishCutover AD 1-03-02, 0001-02-28]" classname="org.threeten.extra.chrono.TestBritishCutoverChronology" time="0"/>
  <testcase name="test_LocalDate_until_BritishCutoverDate[6: BritishCutover AD 1-03-03, 0001-03-01]" classname="org.threeten.extra.chrono.TestBritishCutoverChronology" time="0"/>
  <testcase name="test_LocalDate_until_BritishCutoverDate[7: BritishCutover AD 4-02-28, 0004-02-26]" classname="org.threeten.extra.chrono.TestBritishCutoverChronology" time="0"/>
  <testcase name="test_LocalDate_until_BritishCutoverDate[8: BritishCutover AD 4-02-29, 0004-02-27]" classname="org.threeten.extra.chrono.TestBritishCutoverChronology" time="0"/>
  <testcase name="test_LocalDate_until_BritishCutoverDate[9: BritishCutover AD 4-03-01, 0004-02-28]" classname="org.threeten.extra.chrono.TestBritishCutoverChronology" time="0"/>
  <testcase name="test_LocalDate_until_BritishCutoverDate[10: BritishCutover AD 4-03-02, 0004-02-29]" classname="org.threeten.extra.chrono.TestBritishCutoverChronology" time="0"/>
  <testcase name="test_LocalDate_until_BritishCutoverDate[11: BritishCutover AD 4-03-03, 0004-03-01]" classname="org.threeten.extra.chrono.TestBritishCutoverChronology" time="0"/>
  <testcase name="test_LocalDate_until_BritishCutoverDate[12: BritishCutover AD 100-02-28, 0100-02-26]" classname="org.threeten.extra.chrono.TestBritishCutoverChronology" time="0"/>
  <testcase name="test_LocalDate_until_BritishCutoverDate[13: BritishCutover AD 100-02-29, 0100-02-27]" classname="org.threeten.extra.chrono.TestBritishCutoverChronology" time="0"/>
  <testcase name="test_LocalDate_until_BritishCutoverDate[14: BritishCutover AD 100-03-01, 0100-02-28]" classname="org.threeten.extra.chrono.TestBritishCutoverChronology" time="0"/>
  <testcase name="test_LocalDate_until_BritishCutoverDate[15: BritishCutover AD 100-03-02, 0100-03-01]" classname="org.threeten.extra.chrono.TestBritishCutoverChronology" time="0.001"/>
  <testcase name="test_LocalDate_until_BritishCutoverDate[16: BritishCutover AD 100-03-03, 0100-03-02]" classname="org.threeten.extra.chrono.TestBritishCutoverChronology" time="0"/>
  <testcase name="test_LocalDate_until_BritishCutoverDate[17: BritishCutover BC 1-12-31, 0000-12-29]" classname="org.threeten.extra.chrono.TestBritishCutoverChronology" time="0"/>
  <testcase name="test_LocalDate_until_BritishCutoverDate[18: BritishCutover BC 1-12-30, 0000-12-28]" classname="org.threeten.extra.chrono.TestBritishCutoverChronology" time="0"/>
  <testcase name="test_LocalDate_until_BritishCutoverDate[19: BritishCutover AD 1582-10-04, 1582-10-14]" classname="org.threeten.extra.chrono.TestBritishCutoverChronology" time="0"/>
  <testcase name="test_LocalDate_until_BritishCutoverDate[20: BritishCutover AD 1582-10-05, 1582-10-15]" classname="org.threeten.extra.chrono.TestBritishCutoverChronology" time="0"/>
  <testcase name="test_LocalDate_until_BritishCutoverDate[21: BritishCutover AD 1751-12-20, 1751-12-31]" classname="org.threeten.extra.chrono.TestBritishCutoverChronology" time="0"/>
  <testcase name="test_LocalDate_until_BritishCutoverDate[22: BritishCutover AD 1751-12-31, 1752-01-11]" classname="org.threeten.extra.chrono.TestBritishCutoverChronology" time="0"/>
  <testcase name="test_LocalDate_until_BritishCutoverDate[23: BritishCutover AD 1752-01-01, 1752-01-12]" classname="org.threeten.extra.chrono.TestBritishCutoverChronology" time="0"/>
  <testcase name="test_LocalDate_until_BritishCutoverDate[24: BritishCutover AD 1752-09-01, 1752-09-12]" classname="org.threeten.extra.chrono.TestBritishCutoverChronology" time="0"/>
  <testcase name="test_LocalDate_until_BritishCutoverDate[25: BritishCutover AD 1752-09-02, 1752-09-13]" classname="org.threeten.extra.chrono.TestBritishCutoverChronology" time="0"/>
  <testcase name="test_LocalDate_until_BritishCutoverDate[26: BritishCutover AD 1752-09-14, 1752-09-14]" classname="org.threeten.extra.chrono.TestBritishCutoverChronology" time="0"/>
  <testcase name="test_LocalDate_until_BritishCutoverDate[27: BritishCutover AD 1752-09-24, 1752-09-24]" classname="org.threeten.extra.chrono.TestBritishCutoverChronology" time="0"/>
  <testcase name="test_LocalDate_until_BritishCutoverDate[28: BritishCutover AD 1752-09-14, 1752-09-14]" classname="org.threeten.extra.chrono.TestBritishCutoverChronology" time="0"/>
  <testcase name="test_LocalDate_until_BritishCutoverDate[29: BritishCutover AD 1945-11-12, 1945-11-12]" classname="org.threeten.extra.chrono.TestBritishCutoverChronology" time="0"/>
  <testcase name="test_LocalDate_until_BritishCutoverDate[30: BritishCutover AD 2012-07-05, 2012-07-05]" classname="org.threeten.extra.chrono.TestBritishCutoverChronology" time="0"/>
  <testcase name="test_LocalDate_until_BritishCutoverDate[31: BritishCutover AD 2012-07-06, 2012-07-06]" classname="org.threeten.extra.chrono.TestBritishCutoverChronology" time="0"/>
  <testcase name="test_until_TemporalUnit_unsupported" classname="org.threeten.extra.chrono.TestBritishCutoverChronology" time="0"/>
  <testcase name="test_Chronology_getCutover" classname="org.threeten.extra.chrono.TestBritishCutoverChronology" time="0"/>
  <testcase name="test_atTime_null" classname="org.threeten.extra.chrono.TestBritishCutoverChronology" time="0.001"/>
  <testcase name="test_chronology_of_name" classname="org.threeten.extra.chrono.TestBritishCutoverChronology" time="0"/>
  <testcase name="test_getLong[0: 1752, 5, 26, DayOfWeek, 2]" classname="org.threeten.extra.chrono.TestBritishCutoverChronology" time="0"/>
  <testcase name="test_getLong[1: 1752, 5, 26, DayOfMonth, 26]" classname="org.threeten.extra.chrono.TestBritishCutoverChronology" time="0"/>
  <testcase name="test_getLong[2: 1752, 5, 26, DayOfYear, 147]" classname="org.threeten.extra.chrono.TestBritishCutoverChronology" time="0"/>
  <testcase name="test_getLong[3: 1752, 5, 26, AlignedDayOfWeekInMonth, 5]" classname="org.threeten.extra.chrono.TestBritishCutoverChronology" time="0"/>
  <testcase name="test_getLong[4: 1752, 5, 26, AlignedWeekOfMonth, 4]" classname="org.threeten.extra.chrono.TestBritishCutoverChronology" time="0"/>
  <testcase name="test_getLong[5: 1752, 5, 26, AlignedDayOfWeekInYear, 7]" classname="org.threeten.extra.chrono.TestBritishCutoverChronology" time="0"/>
  <testcase name="test_getLong[6: 1752, 5, 26, AlignedWeekOfYear, 21]" classname="org.threeten.extra.chrono.TestBritishCutoverChronology" time="0"/>
  <testcase name="test_getLong[7: 1752, 5, 26, MonthOfYear, 5]" classname="org.threeten.extra.chrono.TestBritishCutoverChronology" time="0"/>
  <testcase name="test_getLong[8: 1752, 9, 2, DayOfWeek, 3]" classname="org.threeten.extra.chrono.TestBritishCutoverChronology" time="0"/>
  <testcase name="test_getLong[9: 1752, 9, 2, DayOfMonth, 2]" classname="org.threeten.extra.chrono.TestBritishCutoverChronology" time="0"/>
  <testcase name="test_getLong[10: 1752, 9, 2, DayOfYear, 246]" classname="org.threeten.extra.chrono.TestBritishCutoverChronology" time="0"/>
  <testcase name="test_getLong[11: 1752, 9, 2, AlignedDayOfWeekInMonth, 2]" classname="org.threeten.extra.chrono.TestBritishCutoverChronology" time="0"/>
  <testcase name="test_getLong[12: 1752, 9, 2, AlignedWeekOfMonth, 1]" classname="org.threeten.extra.chrono.TestBritishCutoverChronology" time="0"/>
  <testcase name="test_getLong[13: 1752, 9, 2, AlignedDayOfWeekInYear, 1]" classname="org.threeten.extra.chrono.TestBritishCutoverChronology" time="0"/>
  <testcase name="test_getLong[14: 1752, 9, 2, AlignedWeekOfYear, 36]" classname="org.threeten.extra.chrono.TestBritishCutoverChronology" time="0"/>
  <testcase name="test_getLong[15: 1752, 9, 2, MonthOfYear, 9]" classname="org.threeten.extra.chrono.TestBritishCutoverChronology" time="0.001"/>
  <testcase name="test_getLong[16: 1752, 9, 14, DayOfWeek, 4]" classname="org.threeten.extra.chrono.TestBritishCutoverChronology" time="0"/>
  <testcase name="test_getLong[17: 1752, 9, 14, DayOfMonth, 14]" classname="org.threeten.extra.chrono.TestBritishCutoverChronology" time="0"/>
  <testcase name="test_getLong[18: 1752, 9, 14, DayOfYear, 247]" classname="org.threeten.extra.chrono.TestBritishCutoverChronology" time="0"/>
  <testcase name="test_getLong[19: 1752, 9, 14, AlignedDayOfWeekInMonth, 3]" classname="org.threeten.extra.chrono.TestBritishCutoverChronology" time="0"/>
  <testcase name="test_getLong[20: 1752, 9, 14, AlignedWeekOfMonth, 1]" classname="org.threeten.extra.chrono.TestBritishCutoverChronology" time="0"/>
  <testcase name="test_getLong[21: 1752, 9, 14, AlignedDayOfWeekInYear, 2]" classname="org.threeten.extra.chrono.TestBritishCutoverChronology" time="0"/>
  <testcase name="test_getLong[22: 1752, 9, 14, AlignedWeekOfYear, 36]" classname="org.threeten.extra.chrono.TestBritishCutoverChronology" time="0"/>
  <testcase name="test_getLong[23: 1752, 9, 14, MonthOfYear, 9]" classname="org.threeten.extra.chrono.TestBritishCutoverChronology" time="0"/>
  <testcase name="test_getLong[24: 2014, 5, 26, DayOfWeek, 1]" classname="org.threeten.extra.chrono.TestBritishCutoverChronology" time="0"/>
  <testcase name="test_getLong[25: 2014, 5, 26, DayOfMonth, 26]" classname="org.threeten.extra.chrono.TestBritishCutoverChronology" time="0"/>
  <testcase name="test_getLong[26: 2014, 5, 26, DayOfYear, 146]" classname="org.threeten.extra.chrono.TestBritishCutoverChronology" time="0"/>
  <testcase name="test_getLong[27: 2014, 5, 26, AlignedDayOfWeekInMonth, 5]" classname="org.threeten.extra.chrono.TestBritishCutoverChronology" time="0"/>
  <testcase name="test_getLong[28: 2014, 5, 26, AlignedWeekOfMonth, 4]" classname="org.threeten.extra.chrono.TestBritishCutoverChronology" time="0"/>
  <testcase name="test_getLong[29: 2014, 5, 26, AlignedDayOfWeekInYear, 6]" classname="org.threeten.extra.chrono.TestBritishCutoverChronology" time="0"/>
  <testcase name="test_getLong[30: 2014, 5, 26, AlignedWeekOfYear, 21]" classname="org.threeten.extra.chrono.TestBritishCutoverChronology" time="0"/>
  <testcase name="test_getLong[31: 2014, 5, 26, MonthOfYear, 5]" classname="org.threeten.extra.chrono.TestBritishCutoverChronology" time="0"/>
  <testcase name="test_getLong[32: 2014, 5, 26, ProlepticMonth, 24172]" classname="org.threeten.extra.chrono.TestBritishCutoverChronology" time="0"/>
  <testcase name="test_getLong[33: 2014, 5, 26, Year, 2014]" classname="org.threeten.extra.chrono.TestBritishCutoverChronology" time="0"/>
  <testcase name="test_getLong[34: 2014, 5, 26, Era, 1]" classname="org.threeten.extra.chrono.TestBritishCutoverChronology" time="0"/>
  <testcase name="test_getLong[35: 1, 6, 8, Era, 1]" classname="org.threeten.extra.chrono.TestBritishCutoverChronology" time="0"/>
  <testcase name="test_getLong[36: 0, 6, 8, Era, 0]" classname="org.threeten.extra.chrono.TestBritishCutoverChronology" time="0"/>
  <testcase name="test_getLong[37: 2014, 5, 26, DayOfWeek[WeekFields[MONDAY,4]], 1]" classname="org.threeten.extra.chrono.TestBritishCutoverChronology" time="0"/>
  <testcase name="test_Chronology_eraOf" classname="org.threeten.extra.chrono.TestBritishCutoverChronology" time="0"/>
  <testcase name="test_minus_Period" classname="org.threeten.extra.chrono.TestBritishCutoverChronology" time="0"/>
  <testcase name="test_Chronology_range" classname="org.threeten.extra.chrono.TestBritishCutoverChronology" time="0"/>
  <testcase name="test_minus_Period_ISO" classname="org.threeten.extra.chrono.TestBritishCutoverChronology" time="0"/>
  <testcase name="test_adjust_toMonth" classname="org.threeten.extra.chrono.TestBritishCutoverChronology" time="0"/>
  <testcase name="test_BritishCutoverDate_toEpochDay[0: BritishCutover AD 1-01-01, 0000-12-30]" classname="org.threeten.extra.chrono.TestBritishCutoverChronology" time="0"/>
  <testcase name="test_BritishCutoverDate_toEpochDay[1: BritishCutover AD 1-01-02, 0000-12-31]" classname="org.threeten.extra.chrono.TestBritishCutoverChronology" time="0"/>
  <testcase name="test_BritishCutoverDate_toEpochDay[2: BritishCutover AD 1-01-03, 0001-01-01]" classname="org.threeten.extra.chrono.TestBritishCutoverChronology" time="0"/>
  <testcase name="test_BritishCutoverDate_toEpochDay[3: BritishCutover AD 1-02-28, 0001-02-26]" classname="org.threeten.extra.chrono.TestBritishCutoverChronology" time="0"/>
  <testcase name="test_BritishCutoverDate_toEpochDay[4: BritishCutover AD 1-03-01, 0001-02-27]" classname="org.threeten.extra.chrono.TestBritishCutoverChronology" time="0"/>
  <testcase name="test_BritishCutoverDate_toEpochDay[5: BritishCutover AD 1-03-02, 0001-02-28]" classname="org.threeten.extra.chrono.TestBritishCutoverChronology" time="0"/>
  <testcase name="test_BritishCutoverDate_toEpochDay[6: BritishCutover AD 1-03-03, 0001-03-01]" classname="org.threeten.extra.chrono.TestBritishCutoverChronology" time="0"/>
  <testcase name="test_BritishCutoverDate_toEpochDay[7: BritishCutover AD 4-02-28, 0004-02-26]" classname="org.threeten.extra.chrono.TestBritishCutoverChronology" time="0"/>
  <testcase name="test_BritishCutoverDate_toEpochDay[8: BritishCutover AD 4-02-29, 0004-02-27]" classname="org.threeten.extra.chrono.TestBritishCutoverChronology" time="0"/>
  <testcase name="test_BritishCutoverDate_toEpochDay[9: BritishCutover AD 4-03-01, 0004-02-28]" classname="org.threeten.extra.chrono.TestBritishCutoverChronology" time="0"/>
  <testcase name="test_BritishCutoverDate_toEpochDay[10: BritishCutover AD 4-03-02, 0004-02-29]" classname="org.threeten.extra.chrono.TestBritishCutoverChronology" time="0"/>
  <testcase name="test_BritishCutoverDate_toEpochDay[11: BritishCutover AD 4-03-03, 0004-03-01]" classname="org.threeten.extra.chrono.TestBritishCutoverChronology" time="0"/>
  <testcase name="test_BritishCutoverDate_toEpochDay[12: BritishCutover AD 100-02-28, 0100-02-26]" classname="org.threeten.extra.chrono.TestBritishCutoverChronology" time="0"/>
  <testcase name="test_BritishCutoverDate_toEpochDay[13: BritishCutover AD 100-02-29, 0100-02-27]" classname="org.threeten.extra.chrono.TestBritishCutoverChronology" time="0"/>
  <testcase name="test_BritishCutoverDate_toEpochDay[14: BritishCutover AD 100-03-01, 0100-02-28]" classname="org.threeten.extra.chrono.TestBritishCutoverChronology" time="0"/>
  <testcase name="test_BritishCutoverDate_toEpochDay[15: BritishCutover AD 100-03-02, 0100-03-01]" classname="org.threeten.extra.chrono.TestBritishCutoverChronology" time="0"/>
  <testcase name="test_BritishCutoverDate_toEpochDay[16: BritishCutover AD 100-03-03, 0100-03-02]" classname="org.threeten.extra.chrono.TestBritishCutoverChronology" time="0"/>
  <testcase name="test_BritishCutoverDate_toEpochDay[17: BritishCutover BC 1-12-31, 0000-12-29]" classname="org.threeten.extra.chrono.TestBritishCutoverChronology" time="0"/>
  <testcase name="test_BritishCutoverDate_toEpochDay[18: BritishCutover BC 1-12-30, 0000-12-28]" classname="org.threeten.extra.chrono.TestBritishCutoverChronology" time="0"/>
  <testcase name="test_BritishCutoverDate_toEpochDay[19: BritishCutover AD 1582-10-04, 1582-10-14]" classname="org.threeten.extra.chrono.TestBritishCutoverChronology" time="0"/>
  <testcase name="test_BritishCutoverDate_toEpochDay[20: BritishCutover AD 1582-10-05, 1582-10-15]" classname="org.threeten.extra.chrono.TestBritishCutoverChronology" time="0"/>
  <testcase name="test_BritishCutoverDate_toEpochDay[21: BritishCutover AD 1751-12-20, 1751-12-31]" classname="org.threeten.extra.chrono.TestBritishCutoverChronology" time="0"/>
  <testcase name="test_BritishCutoverDate_toEpochDay[22: BritishCutover AD 1751-12-31, 1752-01-11]" classname="org.threeten.extra.chrono.TestBritishCutoverChronology" time="0"/>
  <testcase name="test_BritishCutoverDate_toEpochDay[23: BritishCutover AD 1752-01-01, 1752-01-12]" classname="org.threeten.extra.chrono.TestBritishCutoverChronology" time="0"/>
  <testcase name="test_BritishCutoverDate_toEpochDay[24: BritishCutover AD 1752-09-01, 1752-09-12]" classname="org.threeten.extra.chrono.TestBritishCutoverChronology" time="0"/>
  <testcase name="test_BritishCutoverDate_toEpochDay[25: BritishCutover AD 1752-09-02, 1752-09-13]" classname="org.threeten.extra.chrono.TestBritishCutoverChronology" time="0"/>
  <testcase name="test_BritishCutoverDate_toEpochDay[26: BritishCutover AD 1752-09-14, 1752-09-14]" classname="org.threeten.extra.chrono.TestBritishCutoverChronology" time="0"/>
  <testcase name="test_BritishCutoverDate_toEpochDay[27: BritishCutover AD 1752-09-24, 1752-09-24]" classname="org.threeten.extra.chrono.TestBritishCutoverChronology" time="0.001"/>
  <testcase name="test_BritishCutoverDate_toEpochDay[28: BritishCutover AD 1752-09-14, 1752-09-14]" classname="org.threeten.extra.chrono.TestBritishCutoverChronology" time="0"/>
  <testcase name="test_BritishCutoverDate_toEpochDay[29: BritishCutover AD 1945-11-12, 1945-11-12]" classname="org.threeten.extra.chrono.TestBritishCutoverChronology" time="0"/>
  <testcase name="test_BritishCutoverDate_toEpochDay[30: BritishCutover AD 2012-07-05, 2012-07-05]" classname="org.threeten.extra.chrono.TestBritishCutoverChronology" time="0"/>
  <testcase name="test_BritishCutoverDate_toEpochDay[31: BritishCutover AD 2012-07-06, 2012-07-06]" classname="org.threeten.extra.chrono.TestBritishCutoverChronology" time="0"/>
  <testcase name="test_BritishCutoverDate_chronology_dateEpochDay[0: BritishCutover AD 1-01-01, 0000-12-30]" classname="org.threeten.extra.chrono.TestBritishCutoverChronology" time="0"/>
  <testcase name="test_BritishCutoverDate_chronology_dateEpochDay[1: BritishCutover AD 1-01-02, 0000-12-31]" classname="org.threeten.extra.chrono.TestBritishCutoverChronology" time="0"/>
  <testcase name="test_BritishCutoverDate_chronology_dateEpochDay[2: BritishCutover AD 1-01-03, 0001-01-01]" classname="org.threeten.extra.chrono.TestBritishCutoverChronology" time="0"/>
  <testcase name="test_BritishCutoverDate_chronology_dateEpochDay[3: BritishCutover AD 1-02-28, 0001-02-26]" classname="org.threeten.extra.chrono.TestBritishCutoverChronology" time="0"/>
  <testcase name="test_BritishCutoverDate_chronology_dateEpochDay[4: BritishCutover AD 1-03-01, 0001-02-27]" classname="org.threeten.extra.chrono.TestBritishCutoverChronology" time="0"/>
  <testcase name="test_BritishCutoverDate_chronology_dateEpochDay[5: BritishCutover AD 1-03-02, 0001-02-28]" classname="org.threeten.extra.chrono.TestBritishCutoverChronology" time="0"/>
  <testcase name="test_BritishCutoverDate_chronology_dateEpochDay[6: BritishCutover AD 1-03-03, 0001-03-01]" classname="org.threeten.extra.chrono.TestBritishCutoverChronology" time="0"/>
  <testcase name="test_BritishCutoverDate_chronology_dateEpochDay[7: BritishCutover AD 4-02-28, 0004-02-26]" classname="org.threeten.extra.chrono.TestBritishCutoverChronology" time="0"/>
  <testcase name="test_BritishCutoverDate_chronology_dateEpochDay[8: BritishCutover AD 4-02-29, 0004-02-27]" classname="org.threeten.extra.chrono.TestBritishCutoverChronology" time="0"/>
  <testcase name="test_BritishCutoverDate_chronology_dateEpochDay[9: BritishCutover AD 4-03-01, 0004-02-28]" classname="org.threeten.extra.chrono.TestBritishCutoverChronology" time="0"/>
  <testcase name="test_BritishCutoverDate_chronology_dateEpochDay[10: BritishCutover AD 4-03-02, 0004-02-29]" classname="org.threeten.extra.chrono.TestBritishCutoverChronology" time="0"/>
  <testcase name="test_BritishCutoverDate_chronology_dateEpochDay[11: BritishCutover AD 4-03-03, 0004-03-01]" classname="org.threeten.extra.chrono.TestBritishCutoverChronology" time="0"/>
  <testcase name="test_BritishCutoverDate_chronology_dateEpochDay[12: BritishCutover AD 100-02-28, 0100-02-26]" classname="org.threeten.extra.chrono.TestBritishCutoverChronology" time="0"/>
  <testcase name="test_BritishCutoverDate_chronology_dateEpochDay[13: BritishCutover AD 100-02-29, 0100-02-27]" classname="org.threeten.extra.chrono.TestBritishCutoverChronology" time="0"/>
  <testcase name="test_BritishCutoverDate_chronology_dateEpochDay[14: BritishCutover AD 100-03-01, 0100-02-28]" classname="org.threeten.extra.chrono.TestBritishCutoverChronology" time="0"/>
  <testcase name="test_BritishCutoverDate_chronology_dateEpochDay[15: BritishCutover AD 100-03-02, 0100-03-01]" classname="org.threeten.extra.chrono.TestBritishCutoverChronology" time="0"/>
  <testcase name="test_BritishCutoverDate_chronology_dateEpochDay[16: BritishCutover AD 100-03-03, 0100-03-02]" classname="org.threeten.extra.chrono.TestBritishCutoverChronology" time="0"/>
  <testcase name="test_BritishCutoverDate_chronology_dateEpochDay[17: BritishCutover BC 1-12-31, 0000-12-29]" classname="org.threeten.extra.chrono.TestBritishCutoverChronology" time="0"/>
  <testcase name="test_BritishCutoverDate_chronology_dateEpochDay[18: BritishCutover BC 1-12-30, 0000-12-28]" classname="org.threeten.extra.chrono.TestBritishCutoverChronology" time="0"/>
  <testcase name="test_BritishCutoverDate_chronology_dateEpochDay[19: BritishCutover AD 1582-10-04, 1582-10-14]" classname="org.threeten.extra.chrono.TestBritishCutoverChronology" time="0"/>
  <testcase name="test_BritishCutoverDate_chronology_dateEpochDay[20: BritishCutover AD 1582-10-05, 1582-10-15]" classname="org.threeten.extra.chrono.TestBritishCutoverChronology" time="0"/>
  <testcase name="test_BritishCutoverDate_chronology_dateEpochDay[21: BritishCutover AD 1751-12-20, 1751-12-31]" classname="org.threeten.extra.chrono.TestBritishCutoverChronology" time="0.004"/>
  <testcase name="test_BritishCutoverDate_chronology_dateEpochDay[22: BritishCutover AD 1751-12-31, 1752-01-11]" classname="org.threeten.extra.chrono.TestBritishCutoverChronology" time="0"/>
  <testcase name="test_BritishCutoverDate_chronology_dateEpochDay[23: BritishCutover AD 1752-01-01, 1752-01-12]" classname="org.threeten.extra.chrono.TestBritishCutoverChronology" time="0"/>
  <testcase name="test_BritishCutoverDate_chronology_dateEpochDay[24: BritishCutover AD 1752-09-01, 1752-09-12]" classname="org.threeten.extra.chrono.TestBritishCutoverChronology" time="0"/>
  <testcase name="test_BritishCutoverDate_chronology_dateEpochDay[25: BritishCutover AD 1752-09-02, 1752-09-13]" classname="org.threeten.extra.chrono.TestBritishCutoverChronology" time="0"/>
  <testcase name="test_BritishCutoverDate_chronology_dateEpochDay[26: BritishCutover AD 1752-09-14, 1752-09-14]" classname="org.threeten.extra.chrono.TestBritishCutoverChronology" time="0"/>
  <testcase name="test_BritishCutoverDate_chronology_dateEpochDay[27: BritishCutover AD 1752-09-24, 1752-09-24]" classname="org.threeten.extra.chrono.TestBritishCutoverChronology" time="0"/>
  <testcase name="test_BritishCutoverDate_chronology_dateEpochDay[28: BritishCutover AD 1752-09-14, 1752-09-14]" classname="org.threeten.extra.chrono.TestBritishCutoverChronology" time="0"/>
  <testcase name="test_BritishCutoverDate_chronology_dateEpochDay[29: BritishCutover AD 1945-11-12, 1945-11-12]" classname="org.threeten.extra.chrono.TestBritishCutoverChronology" time="0"/>
  <testcase name="test_BritishCutoverDate_chronology_dateEpochDay[30: BritishCutover AD 2012-07-05, 2012-07-05]" classname="org.threeten.extra.chrono.TestBritishCutoverChronology" time="0"/>
  <testcase name="test_BritishCutoverDate_chronology_dateEpochDay[31: BritishCutover AD 2012-07-06, 2012-07-06]" classname="org.threeten.extra.chrono.TestBritishCutoverChronology" time="0"/>
  <testcase name="test_minus_TemporalUnit[0: 1752, 9, 2, -1, Days, 1752, 9, 1, true]" classname="org.threeten.extra.chrono.TestBritishCutoverChronology" time="0"/>
  <testcase name="test_minus_TemporalUnit[1: 1752, 9, 2, 0, Days, 1752, 9, 2, true]" classname="org.threeten.extra.chrono.TestBritishCutoverChronology" time="0"/>
  <testcase name="test_minus_TemporalUnit[2: 1752, 9, 2, 1, Days, 1752, 9, 14, true]" classname="org.threeten.extra.chrono.TestBritishCutoverChronology" time="0"/>
  <testcase name="test_minus_TemporalUnit[3: 1752, 9, 2, 2, Days, 1752, 9, 15, true]" classname="org.threeten.extra.chrono.TestBritishCutoverChronology" time="0"/>
  <testcase name="test_minus_TemporalUnit[4: 1752, 9, 14, -1, Days, 1752, 9, 2, true]" classname="org.threeten.extra.chrono.TestBritishCutoverChronology" time="0"/>
  <testcase name="test_minus_TemporalUnit[5: 1752, 9, 14, 0, Days, 1752, 9, 14, true]" classname="org.threeten.extra.chrono.TestBritishCutoverChronology" time="0"/>
  <testcase name="test_minus_TemporalUnit[6: 1752, 9, 14, 1, Days, 1752, 9, 15, true]" classname="org.threeten.extra.chrono.TestBritishCutoverChronology" time="0"/>
  <testcase name="test_minus_TemporalUnit[7: 2014, 5, 26, 0, Days, 2014, 5, 26, true]" classname="org.threeten.extra.chrono.TestBritishCutoverChronology" time="0"/>
  <testcase name="test_minus_TemporalUnit[8: 2014, 5, 26, 8, Days, 2014, 6, 3, true]" classname="org.threeten.extra.chrono.TestBritishCutoverChronology" time="0"/>
  <testcase name="test_minus_TemporalUnit[9: 2014, 5, 26, -3, Days, 2014, 5, 23, true]" classname="org.threeten.extra.chrono.TestBritishCutoverChronology" time="0"/>
  <testcase name="test_minus_TemporalUnit[10: 1752, 9, 2, -1, Weeks, 1752, 8, 26, true]" classname="org.threeten.extra.chrono.TestBritishCutoverChronology" time="0"/>
  <testcase name="test_minus_TemporalUnit[11: 1752, 9, 2, 0, Weeks, 1752, 9, 2, true]" classname="org.threeten.extra.chrono.TestBritishCutoverChronology" time="0"/>
  <testcase name="test_minus_TemporalUnit[12: 1752, 9, 2, 1, Weeks, 1752, 9, 20, true]" classname="org.threeten.extra.chrono.TestBritishCutoverChronology" time="0"/>
  <testcase name="test_minus_TemporalUnit[13: 1752, 9, 14, -1, Weeks, 1752, 8, 27, true]" classname="org.threeten.extra.chrono.TestBritishCutoverChronology" time="0"/>
  <testcase name="test_minus_TemporalUnit[14: 1752, 9, 14, 0, Weeks, 1752, 9, 14, true]" classname="org.threeten.extra.chrono.TestBritishCutoverChronology" time="0"/>
  <testcase name="test_minus_TemporalUnit[15: 1752, 9, 14, 1, Weeks, 1752, 9, 21, true]" classname="org.threeten.extra.chrono.TestBritishCutoverChronology" time="0"/>
  <testcase name="test_minus_TemporalUnit[16: 2014, 5, 26, 0, Weeks, 2014, 5, 26, true]" classname="org.threeten.extra.chrono.TestBritishCutoverChronology" time="0"/>
  <testcase name="test_minus_TemporalUnit[17: 2014, 5, 26, 3, Weeks, 2014, 6, 16, true]" classname="org.threeten.extra.chrono.TestBritishCutoverChronology" time="0"/>
  <testcase name="test_minus_TemporalUnit[18: 2014, 5, 26, -5, Weeks, 2014, 4, 21, true]" classname="org.threeten.extra.chrono.TestBritishCutoverChronology" time="0"/>
  <testcase name="test_minus_TemporalUnit[19: 1752, 9, 2, -1, Months, 1752, 8, 2, true]" classname="org.threeten.extra.chrono.TestBritishCutoverChronology" time="0"/>
  <testcase name="test_minus_TemporalUnit[20: 1752, 9, 2, 0, Months, 1752, 9, 2, true]" classname="org.threeten.extra.chrono.TestBritishCutoverChronology" time="0"/>
  <testcase name="test_minus_TemporalUnit[21: 1752, 9, 2, 1, Months, 1752, 10, 2, true]" classname="org.threeten.extra.chrono.TestBritishCutoverChronology" time="0"/>
  <testcase name="test_minus_TemporalUnit[22: 1752, 9, 14, -1, Months, 1752, 8, 14, true]" classname="org.threeten.extra.chrono.TestBritishCutoverChronology" time="0"/>
  <testcase name="test_minus_TemporalUnit[23: 1752, 9, 14, 0, Months, 1752, 9, 14, true]" classname="org.threeten.extra.chrono.TestBritishCutoverChronology" time="0"/>
  <testcase name="test_minus_TemporalUnit[24: 1752, 9, 14, 1, Months, 1752, 10, 14, true]" classname="org.threeten.extra.chrono.TestBritishCutoverChronology" time="0"/>
  <testcase name="test_minus_TemporalUnit[25: 1752, 8, 12, 1, Months, 1752, 9, 23, false]" classname="org.threeten.extra.chrono.TestBritishCutoverChronology" time="0"/>
  <testcase name="test_minus_TemporalUnit[26: 1752, 10, 12, -1, Months, 1752, 9, 23, false]" classname="org.threeten.extra.chrono.TestBritishCutoverChronology" time="0"/>
  <testcase name="test_minus_TemporalUnit[27: 2014, 5, 26, 0, Months, 2014, 5, 26, true]" classname="org.threeten.extra.chrono.TestBritishCutoverChronology" time="0"/>
  <testcase name="test_minus_TemporalUnit[28: 2014, 5, 26, 3, Months, 2014, 8, 26, true]" classname="org.threeten.extra.chrono.TestBritishCutoverChronology" time="0"/>
  <testcase name="test_minus_TemporalUnit[29: 2014, 5, 26, -5, Months, 2013, 12, 26, true]" classname="org.threeten.extra.chrono.TestBritishCutoverChronology" time="0"/>
  <testcase name="test_minus_TemporalUnit[30: 2014, 5, 26, 0, Years, 2014, 5, 26, true]" classname="org.threeten.extra.chrono.TestBritishCutoverChronology" time="0"/>
  <testcase name="test_minus_TemporalUnit[31: 2014, 5, 26, 3, Years, 2017, 5, 26, true]" classname="org.threeten.extra.chrono.TestBritishCutoverChronology" time="0"/>
  <testcase name="test_minus_TemporalUnit[32: 2014, 5, 26, -5, Years, 2009, 5, 26, true]" classname="org.threeten.extra.chrono.TestBritishCutoverChronology" time="0"/>
  <testcase name="test_minus_TemporalUnit[33: 2014, 5, 26, 0, Decades, 2014, 5, 26, true]" classname="org.threeten.extra.chrono.TestBritishCutoverChronology" time="0"/>
  <testcase name="test_minus_TemporalUnit[34: 2014, 5, 26, 3, Decades, 2044, 5, 26, true]" classname="org.threeten.extra.chrono.TestBritishCutoverChronology" time="0"/>
  <testcase name="test_minus_TemporalUnit[35: 2014, 5, 26, -5, Decades, 1964, 5, 26, true]" classname="org.threeten.extra.chrono.TestBritishCutoverChronology" time="0"/>
  <testcase name="test_minus_TemporalUnit[36: 2014, 5, 26, 0, Centuries, 2014, 5, 26, true]" classname="org.threeten.extra.chrono.TestBritishCutoverChronology" time="0"/>
  <testcase name="test_minus_TemporalUnit[37: 2014, 5, 26, 3, Centuries, 2314, 5, 26, true]" classname="org.threeten.extra.chrono.TestBritishCutoverChronology" time="0"/>
  <testcase name="test_minus_TemporalUnit[38: 2014, 5, 26, -5, Centuries, 1514, 5, 26, true]" classname="org.threeten.extra.chrono.TestBritishCutoverChronology" time="0"/>
  <testcase name="test_minus_TemporalUnit[39: 2014, 5, 26, 0, Millennia, 2014, 5, 26, true]" classname="org.threeten.extra.chrono.TestBritishCutoverChronology" time="0"/>
  <testcase name="test_minus_TemporalUnit[40: 2014, 5, 26, 3, Millennia, 5014, 5, 26, true]" classname="org.threeten.extra.chrono.TestBritishCutoverChronology" time="0"/>
  <testcase name="test_minus_TemporalUnit[41: 2014, 5, 26, -5, Millennia, -2986, 5, 26, true]" classname="org.threeten.extra.chrono.TestBritishCutoverChronology" time="0"/>
  <testcase name="test_minus_TemporalUnit[42: 2014, 5, 26, -1, Eras, -2013, 5, 26, true]" classname="org.threeten.extra.chrono.TestBritishCutoverChronology" time="0"/>
  <testcase name="test_crossCheck" classname="org.threeten.extra.chrono.TestBritishCutoverChronology" time="0.075"/>
  <testcase name="test_prolepticYear_badEra" classname="org.threeten.extra.chrono.TestBritishCutoverChronology" time="0"/>
  <testcase name="test_BritishCutoverDate_until_BritishCutoverDate[0: BritishCutover AD 1-01-01, 0000-12-30]" classname="org.threeten.extra.chrono.TestBritishCutoverChronology" time="0"/>
  <testcase name="test_BritishCutoverDate_until_BritishCutoverDate[1: BritishCutover AD 1-01-02, 0000-12-31]" classname="org.threeten.extra.chrono.TestBritishCutoverChronology" time="0"/>
  <testcase name="test_BritishCutoverDate_until_BritishCutoverDate[2: BritishCutover AD 1-01-03, 0001-01-01]" classname="org.threeten.extra.chrono.TestBritishCutoverChronology" time="0"/>
  <testcase name="test_BritishCutoverDate_until_BritishCutoverDate[3: BritishCutover AD 1-02-28, 0001-02-26]" classname="org.threeten.extra.chrono.TestBritishCutoverChronology" time="0"/>
  <testcase name="test_BritishCutoverDate_until_BritishCutoverDate[4: BritishCutover AD 1-03-01, 0001-02-27]" classname="org.threeten.extra.chrono.TestBritishCutoverChronology" time="0"/>
  <testcase name="test_BritishCutoverDate_until_BritishCutoverDate[5: BritishCutover AD 1-03-02, 0001-02-28]" classname="org.threeten.extra.chrono.TestBritishCutoverChronology" time="0"/>
  <testcase name="test_BritishCutoverDate_until_BritishCutoverDate[6: BritishCutover AD 1-03-03, 0001-03-01]" classname="org.threeten.extra.chrono.TestBritishCutoverChronology" time="0"/>
  <testcase name="test_BritishCutoverDate_until_BritishCutoverDate[7: BritishCutover AD 4-02-28, 0004-02-26]" classname="org.threeten.extra.chrono.TestBritishCutoverChronology" time="0"/>
  <testcase name="test_BritishCutoverDate_until_BritishCutoverDate[8: BritishCutover AD 4-02-29, 0004-02-27]" classname="org.threeten.extra.chrono.TestBritishCutoverChronology" time="0"/>
  <testcase name="test_BritishCutoverDate_until_BritishCutoverDate[9: BritishCutover AD 4-03-01, 0004-02-28]" classname="org.threeten.extra.chrono.TestBritishCutoverChronology" time="0"/>
  <testcase name="test_BritishCutoverDate_until_BritishCutoverDate[10: BritishCutover AD 4-03-02, 0004-02-29]" classname="org.threeten.extra.chrono.TestBritishCutoverChronology" time="0"/>
  <testcase name="test_BritishCutoverDate_until_BritishCutoverDate[11: BritishCutover AD 4-03-03, 0004-03-01]" classname="org.threeten.extra.chrono.TestBritishCutoverChronology" time="0"/>
  <testcase name="test_BritishCutoverDate_until_BritishCutoverDate[12: BritishCutover AD 100-02-28, 0100-02-26]" classname="org.threeten.extra.chrono.TestBritishCutoverChronology" time="0"/>
  <testcase name="test_BritishCutoverDate_until_BritishCutoverDate[13: BritishCutover AD 100-02-29, 0100-02-27]" classname="org.threeten.extra.chrono.TestBritishCutoverChronology" time="0"/>
  <testcase name="test_BritishCutoverDate_until_BritishCutoverDate[14: BritishCutover AD 100-03-01, 0100-02-28]" classname="org.threeten.extra.chrono.TestBritishCutoverChronology" time="0"/>
  <testcase name="test_BritishCutoverDate_until_BritishCutoverDate[15: BritishCutover AD 100-03-02, 0100-03-01]" classname="org.threeten.extra.chrono.TestBritishCutoverChronology" time="0.001"/>
  <testcase name="test_BritishCutoverDate_until_BritishCutoverDate[16: BritishCutover AD 100-03-03, 0100-03-02]" classname="org.threeten.extra.chrono.TestBritishCutoverChronology" time="0"/>
  <testcase name="test_BritishCutoverDate_until_BritishCutoverDate[17: BritishCutover BC 1-12-31, 0000-12-29]" classname="org.threeten.extra.chrono.TestBritishCutoverChronology" time="0"/>
  <testcase name="test_BritishCutoverDate_until_BritishCutoverDate[18: BritishCutover BC 1-12-30, 0000-12-28]" classname="org.threeten.extra.chrono.TestBritishCutoverChronology" time="0"/>
  <testcase name="test_BritishCutoverDate_until_BritishCutoverDate[19: BritishCutover AD 1582-10-04, 1582-10-14]" classname="org.threeten.extra.chrono.TestBritishCutoverChronology" time="0"/>
  <testcase name="test_BritishCutoverDate_until_BritishCutoverDate[20: BritishCutover AD 1582-10-05, 1582-10-15]" classname="org.threeten.extra.chrono.TestBritishCutoverChronology" time="0"/>
  <testcase name="test_BritishCutoverDate_until_BritishCutoverDate[21: BritishCutover AD 1751-12-20, 1751-12-31]" classname="org.threeten.extra.chrono.TestBritishCutoverChronology" time="0"/>
  <testcase name="test_BritishCutoverDate_until_BritishCutoverDate[22: BritishCutover AD 1751-12-31, 1752-01-11]" classname="org.threeten.extra.chrono.TestBritishCutoverChronology" time="0"/>
  <testcase name="test_BritishCutoverDate_until_BritishCutoverDate[23: BritishCutover AD 1752-01-01, 1752-01-12]" classname="org.threeten.extra.chrono.TestBritishCutoverChronology" time="0"/>
  <testcase name="test_BritishCutoverDate_until_BritishCutoverDate[24: BritishCutover AD 1752-09-01, 1752-09-12]" classname="org.threeten.extra.chrono.TestBritishCutoverChronology" time="0"/>
  <testcase name="test_BritishCutoverDate_until_BritishCutoverDate[25: BritishCutover AD 1752-09-02, 1752-09-13]" classname="org.threeten.extra.chrono.TestBritishCutoverChronology" time="0"/>
  <testcase name="test_BritishCutoverDate_until_BritishCutoverDate[26: BritishCutover AD 1752-09-14, 1752-09-14]" classname="org.threeten.extra.chrono.TestBritishCutoverChronology" time="0"/>
  <testcase name="test_BritishCutoverDate_until_BritishCutoverDate[27: BritishCutover AD 1752-09-24, 1752-09-24]" classname="org.threeten.extra.chrono.TestBritishCutoverChronology" time="0"/>
  <testcase name="test_BritishCutoverDate_until_BritishCutoverDate[28: BritishCutover AD 1752-09-14, 1752-09-14]" classname="org.threeten.extra.chrono.TestBritishCutoverChronology" time="0"/>
  <testcase name="test_BritishCutoverDate_until_BritishCutoverDate[29: BritishCutover AD 1945-11-12, 1945-11-12]" classname="org.threeten.extra.chrono.TestBritishCutoverChronology" time="0"/>
  <testcase name="test_BritishCutoverDate_until_BritishCutoverDate[30: BritishCutover AD 2012-07-05, 2012-07-05]" classname="org.threeten.extra.chrono.TestBritishCutoverChronology" time="0"/>
  <testcase name="test_BritishCutoverDate_until_BritishCutoverDate[31: BritishCutover AD 2012-07-06, 2012-07-06]" classname="org.threeten.extra.chrono.TestBritishCutoverChronology" time="0"/>
  <testcase name="test_atTime" classname="org.threeten.extra.chrono.TestBritishCutoverChronology" time="0"/>
  <testcase name="test_equals" classname="org.threeten.extra.chrono.TestBritishCutoverChronology" time="0"/>
  <testcase name="test_plus_Period" classname="org.threeten.extra.chrono.TestBritishCutoverChronology" time="0.001"/>
  <testcase name="test_LocalDateTime_withBritishCutoverDate" classname="org.threeten.extra.chrono.TestBritishCutoverChronology" time="0"/>
  <testcase name="test_Chronology_eraOf_invalid" classname="org.threeten.extra.chrono.TestBritishCutoverChronology" time="0"/>
  <testcase name="test_lengthOfYear_atStart[0: -101, 365]" classname="org.threeten.extra.chrono.TestBritishCutoverChronology" time="0"/>
  <testcase name="test_lengthOfYear_atStart[1: -100, 366]" classname="org.threeten.extra.chrono.TestBritishCutoverChronology" time="0"/>
  <testcase name="test_lengthOfYear_atStart[2: -99, 365]" classname="org.threeten.extra.chrono.TestBritishCutoverChronology" time="0"/>
  <testcase name="test_lengthOfYear_atStart[3: -1, 365]" classname="org.threeten.extra.chrono.TestBritishCutoverChronology" time="0"/>
  <testcase name="test_lengthOfYear_atStart[4: 0, 366]" classname="org.threeten.extra.chrono.TestBritishCutoverChronology" time="0"/>
  <testcase name="test_lengthOfYear_atStart[5: 100, 366]" classname="org.threeten.extra.chrono.TestBritishCutoverChronology" time="0"/>
  <testcase name="test_lengthOfYear_atStart[6: 1600, 366]" classname="org.threeten.extra.chrono.TestBritishCutoverChronology" time="0"/>
  <testcase name="test_lengthOfYear_atStart[7: 1700, 366]" classname="org.threeten.extra.chrono.TestBritishCutoverChronology" time="0"/>
  <testcase name="test_lengthOfYear_atStart[8: 1751, 365]" classname="org.threeten.extra.chrono.TestBritishCutoverChronology" time="0"/>
  <testcase name="test_lengthOfYear_atStart[9: 1748, 366]" classname="org.threeten.extra.chrono.TestBritishCutoverChronology" time="0"/>
  <testcase name="test_lengthOfYear_atStart[10: 1749, 365]" classname="org.threeten.extra.chrono.TestBritishCutoverChronology" time="0"/>
  <testcase name="test_lengthOfYear_atStart[11: 1750, 365]" classname="org.threeten.extra.chrono.TestBritishCutoverChronology" time="0"/>
  <testcase name="test_lengthOfYear_atStart[12: 1751, 365]" classname="org.threeten.extra.chrono.TestBritishCutoverChronology" time="0"/>
  <testcase name="test_lengthOfYear_atStart[13: 1752, 355]" classname="org.threeten.extra.chrono.TestBritishCutoverChronology" time="0"/>
  <testcase name="test_lengthOfYear_atStart[14: 1753, 365]" classname="org.threeten.extra.chrono.TestBritishCutoverChronology" time="0"/>
  <testcase name="test_lengthOfYear_atStart[15: 1500, 366]" classname="org.threeten.extra.chrono.TestBritishCutoverChronology" time="0.001"/>
  <testcase name="test_lengthOfYear_atStart[16: 1600, 366]" classname="org.threeten.extra.chrono.TestBritishCutoverChronology" time="0"/>
  <testcase name="test_lengthOfYear_atStart[17: 1700, 366]" classname="org.threeten.extra.chrono.TestBritishCutoverChronology" time="0"/>
  <testcase name="test_lengthOfYear_atStart[18: 1800, 365]" classname="org.threeten.extra.chrono.TestBritishCutoverChronology" time="0"/>
  <testcase name="test_lengthOfYear_atStart[19: 1900, 365]" classname="org.threeten.extra.chrono.TestBritishCutoverChronology" time="0"/>
  <testcase name="test_lengthOfYear_atStart[20: 1901, 365]" classname="org.threeten.extra.chrono.TestBritishCutoverChronology" time="0"/>
  <testcase name="test_lengthOfYear_atStart[21: 1902, 365]" classname="org.threeten.extra.chrono.TestBritishCutoverChronology" time="0"/>
  <testcase name="test_lengthOfYear_atStart[22: 1903, 365]" classname="org.threeten.extra.chrono.TestBritishCutoverChronology" time="0"/>
  <testcase name="test_lengthOfYear_atStart[23: 1904, 366]" classname="org.threeten.extra.chrono.TestBritishCutoverChronology" time="0"/>
  <testcase name="test_lengthOfYear_atStart[24: 2000, 366]" classname="org.threeten.extra.chrono.TestBritishCutoverChronology" time="0"/>
  <testcase name="test_lengthOfYear_atStart[25: 2100, 365]" classname="org.threeten.extra.chrono.TestBritishCutoverChronology" time="0"/>
  <testcase name="test_BritishCutoverDate_until_LocalDate[0: BritishCutover AD 1-01-01, 0000-12-30]" classname="org.threeten.extra.chrono.TestBritishCutoverChronology" time="0"/>
  <testcase name="test_BritishCutoverDate_until_LocalDate[1: BritishCutover AD 1-01-02, 0000-12-31]" classname="org.threeten.extra.chrono.TestBritishCutoverChronology" time="0"/>
  <testcase name="test_BritishCutoverDate_until_LocalDate[2: BritishCutover AD 1-01-03, 0001-01-01]" classname="org.threeten.extra.chrono.TestBritishCutoverChronology" time="0"/>
  <testcase name="test_BritishCutoverDate_until_LocalDate[3: BritishCutover AD 1-02-28, 0001-02-26]" classname="org.threeten.extra.chrono.TestBritishCutoverChronology" time="0"/>
  <testcase name="test_BritishCutoverDate_until_LocalDate[4: BritishCutover AD 1-03-01, 0001-02-27]" classname="org.threeten.extra.chrono.TestBritishCutoverChronology" time="0"/>
  <testcase name="test_BritishCutoverDate_until_LocalDate[5: BritishCutover AD 1-03-02, 0001-02-28]" classname="org.threeten.extra.chrono.TestBritishCutoverChronology" time="0"/>
  <testcase name="test_BritishCutoverDate_until_LocalDate[6: BritishCutover AD 1-03-03, 0001-03-01]" classname="org.threeten.extra.chrono.TestBritishCutoverChronology" time="0"/>
  <testcase name="test_BritishCutoverDate_until_LocalDate[7: BritishCutover AD 4-02-28, 0004-02-26]" classname="org.threeten.extra.chrono.TestBritishCutoverChronology" time="0"/>
  <testcase name="test_BritishCutoverDate_until_LocalDate[8: BritishCutover AD 4-02-29, 0004-02-27]" classname="org.threeten.extra.chrono.TestBritishCutoverChronology" time="0.001"/>
  <testcase name="test_BritishCutoverDate_until_LocalDate[9: BritishCutover AD 4-03-01, 0004-02-28]" classname="org.threeten.extra.chrono.TestBritishCutoverChronology" time="0"/>
  <testcase name="test_BritishCutoverDate_until_LocalDate[10: BritishCutover AD 4-03-02, 0004-02-29]" classname="org.threeten.extra.chrono.TestBritishCutoverChronology" time="0"/>
  <testcase name="test_BritishCutoverDate_until_LocalDate[11: BritishCutover AD 4-03-03, 0004-03-01]" classname="org.threeten.extra.chrono.TestBritishCutoverChronology" time="0"/>
  <testcase name="test_BritishCutoverDate_until_LocalDate[12: BritishCutover AD 100-02-28, 0100-02-26]" classname="org.threeten.extra.chrono.TestBritishCutoverChronology" time="0"/>
  <testcase name="test_BritishCutoverDate_until_LocalDate[13: BritishCutover AD 100-02-29, 0100-02-27]" classname="org.threeten.extra.chrono.TestBritishCutoverChronology" time="0"/>
  <testcase name="test_BritishCutoverDate_until_LocalDate[14: BritishCutover AD 100-03-01, 0100-02-28]" classname="org.threeten.extra.chrono.TestBritishCutoverChronology" time="0"/>
  <testcase name="test_BritishCutoverDate_until_LocalDate[15: BritishCutover AD 100-03-02, 0100-03-01]" classname="org.threeten.extra.chrono.TestBritishCutoverChronology" time="0"/>
  <testcase name="test_BritishCutoverDate_until_LocalDate[16: BritishCutover AD 100-03-03, 0100-03-02]" classname="org.threeten.extra.chrono.TestBritishCutoverChronology" time="0"/>
  <testcase name="test_BritishCutoverDate_until_LocalDate[17: BritishCutover BC 1-12-31, 0000-12-29]" classname="org.threeten.extra.chrono.TestBritishCutoverChronology" time="0"/>
  <testcase name="test_BritishCutoverDate_until_LocalDate[18: BritishCutover BC 1-12-30, 0000-12-28]" classname="org.threeten.extra.chrono.TestBritishCutoverChronology" time="0"/>
  <testcase name="test_BritishCutoverDate_until_LocalDate[19: BritishCutover AD 1582-10-04, 1582-10-14]" classname="org.threeten.extra.chrono.TestBritishCutoverChronology" time="0"/>
  <testcase name="test_BritishCutoverDate_until_LocalDate[20: BritishCutover AD 1582-10-05, 1582-10-15]" classname="org.threeten.extra.chrono.TestBritishCutoverChronology" time="0"/>
  <testcase name="test_BritishCutoverDate_until_LocalDate[21: BritishCutover AD 1751-12-20, 1751-12-31]" classname="org.threeten.extra.chrono.TestBritishCutoverChronology" time="0"/>
  <testcase name="test_BritishCutoverDate_until_LocalDate[22: BritishCutover AD 1751-12-31, 1752-01-11]" classname="org.threeten.extra.chrono.TestBritishCutoverChronology" time="0.001"/>
  <testcase name="test_BritishCutoverDate_until_LocalDate[23: BritishCutover AD 1752-01-01, 1752-01-12]" classname="org.threeten.extra.chrono.TestBritishCutoverChronology" time="0"/>
  <testcase name="test_BritishCutoverDate_until_LocalDate[24: BritishCutover AD 1752-09-01, 1752-09-12]" classname="org.threeten.extra.chrono.TestBritishCutoverChronology" time="0"/>
  <testcase name="test_BritishCutoverDate_until_LocalDate[25: BritishCutover AD 1752-09-02, 1752-09-13]" classname="org.threeten.extra.chrono.TestBritishCutoverChronology" time="0"/>
  <testcase name="test_BritishCutoverDate_until_LocalDate[26: BritishCutover AD 1752-09-14, 1752-09-14]" classname="org.threeten.extra.chrono.TestBritishCutoverChronology" time="0"/>
  <testcase name="test_BritishCutoverDate_until_LocalDate[27: BritishCutover AD 1752-09-24, 1752-09-24]" classname="org.threeten.extra.chrono.TestBritishCutoverChronology" time="0"/>
  <testcase name="test_BritishCutoverDate_until_LocalDate[28: BritishCutover AD 1752-09-14, 1752-09-14]" classname="org.threeten.extra.chrono.TestBritishCutoverChronology" time="0"/>
  <testcase name="test_BritishCutoverDate_until_LocalDate[29: BritishCutover AD 1945-11-12, 1945-11-12]" classname="org.threeten.extra.chrono.TestBritishCutoverChronology" time="0"/>
  <testcase name="test_BritishCutoverDate_until_LocalDate[30: BritishCutover AD 2012-07-05, 2012-07-05]" classname="org.threeten.extra.chrono.TestBritishCutoverChronology" time="0"/>
  <testcase name="test_BritishCutoverDate_until_LocalDate[31: BritishCutover AD 2012-07-06, 2012-07-06]" classname="org.threeten.extra.chrono.TestBritishCutoverChronology" time="0"/>
  <testcase name="test_BritishCutoverDate_from_LocalDate[0: BritishCutover AD 1-01-01, 0000-12-30]" classname="org.threeten.extra.chrono.TestBritishCutoverChronology" time="0"/>
  <testcase name="test_BritishCutoverDate_from_LocalDate[1: BritishCutover AD 1-01-02, 0000-12-31]" classname="org.threeten.extra.chrono.TestBritishCutoverChronology" time="0"/>
  <testcase name="test_BritishCutoverDate_from_LocalDate[2: BritishCutover AD 1-01-03, 0001-01-01]" classname="org.threeten.extra.chrono.TestBritishCutoverChronology" time="0"/>
  <testcase name="test_BritishCutoverDate_from_LocalDate[3: BritishCutover AD 1-02-28, 0001-02-26]" classname="org.threeten.extra.chrono.TestBritishCutoverChronology" time="0"/>
  <testcase name="test_BritishCutoverDate_from_LocalDate[4: BritishCutover AD 1-03-01, 0001-02-27]" classname="org.threeten.extra.chrono.TestBritishCutoverChronology" time="0"/>
  <testcase name="test_BritishCutoverDate_from_LocalDate[5: BritishCutover AD 1-03-02, 0001-02-28]" classname="org.threeten.extra.chrono.TestBritishCutoverChronology" time="0"/>
  <testcase name="test_BritishCutoverDate_from_LocalDate[6: BritishCutover AD 1-03-03, 0001-03-01]" classname="org.threeten.extra.chrono.TestBritishCutoverChronology" time="0"/>
  <testcase name="test_BritishCutoverDate_from_LocalDate[7: BritishCutover AD 4-02-28, 0004-02-26]" classname="org.threeten.extra.chrono.TestBritishCutoverChronology" time="0"/>
  <testcase name="test_BritishCutoverDate_from_LocalDate[8: BritishCutover AD 4-02-29, 0004-02-27]" classname="org.threeten.extra.chrono.TestBritishCutoverChronology" time="0"/>
  <testcase name="test_BritishCutoverDate_from_LocalDate[9: BritishCutover AD 4-03-01, 0004-02-28]" classname="org.threeten.extra.chrono.TestBritishCutoverChronology" time="0"/>
  <testcase name="test_BritishCutoverDate_from_LocalDate[10: BritishCutover AD 4-03-02, 0004-02-29]" classname="org.threeten.extra.chrono.TestBritishCutoverChronology" time="0"/>
  <testcase name="test_BritishCutoverDate_from_LocalDate[11: BritishCutover AD 4-03-03, 0004-03-01]" classname="org.threeten.extra.chrono.TestBritishCutoverChronology" time="0"/>
  <testcase name="test_BritishCutoverDate_from_LocalDate[12: BritishCutover AD 100-02-28, 0100-02-26]" classname="org.threeten.extra.chrono.TestBritishCutoverChronology" time="0"/>
  <testcase name="test_BritishCutoverDate_from_LocalDate[13: BritishCutover AD 100-02-29, 0100-02-27]" classname="org.threeten.extra.chrono.TestBritishCutoverChronology" time="0"/>
  <testcase name="test_BritishCutoverDate_from_LocalDate[14: BritishCutover AD 100-03-01, 0100-02-28]" classname="org.threeten.extra.chrono.TestBritishCutoverChronology" time="0"/>
  <testcase name="test_BritishCutoverDate_from_LocalDate[15: BritishCutover AD 100-03-02, 0100-03-01]" classname="org.threeten.extra.chrono.TestBritishCutoverChronology" time="0"/>
  <testcase name="test_BritishCutoverDate_from_LocalDate[16: BritishCutover AD 100-03-03, 0100-03-02]" classname="org.threeten.extra.chrono.TestBritishCutoverChronology" time="0"/>
  <testcase name="test_BritishCutoverDate_from_LocalDate[17: BritishCutover BC 1-12-31, 0000-12-29]" classname="org.threeten.extra.chrono.TestBritishCutoverChronology" time="0"/>
  <testcase name="test_BritishCutoverDate_from_LocalDate[18: BritishCutover BC 1-12-30, 0000-12-28]" classname="org.threeten.extra.chrono.TestBritishCutoverChronology" time="0"/>
  <testcase name="test_BritishCutoverDate_from_LocalDate[19: BritishCutover AD 1582-10-04, 1582-10-14]" classname="org.threeten.extra.chrono.TestBritishCutoverChronology" time="0"/>
  <testcase name="test_BritishCutoverDate_from_LocalDate[20: BritishCutover AD 1582-10-05, 1582-10-15]" classname="org.threeten.extra.chrono.TestBritishCutoverChronology" time="0"/>
  <testcase name="test_BritishCutoverDate_from_LocalDate[21: BritishCutover AD 1751-12-20, 1751-12-31]" classname="org.threeten.extra.chrono.TestBritishCutoverChronology" time="0"/>
  <testcase name="test_BritishCutoverDate_from_LocalDate[22: BritishCutover AD 1751-12-31, 1752-01-11]" classname="org.threeten.extra.chrono.TestBritishCutoverChronology" time="0"/>
  <testcase name="test_BritishCutoverDate_from_LocalDate[23: BritishCutover AD 1752-01-01, 1752-01-12]" classname="org.threeten.extra.chrono.TestBritishCutoverChronology" time="0"/>
  <testcase name="test_BritishCutoverDate_from_LocalDate[24: BritishCutover AD 1752-09-01, 1752-09-12]" classname="org.threeten.extra.chrono.TestBritishCutoverChronology" time="0"/>
  <testcase name="test_BritishCutoverDate_from_LocalDate[25: BritishCutover AD 1752-09-02, 1752-09-13]" classname="org.threeten.extra.chrono.TestBritishCutoverChronology" time="0"/>
  <testcase name="test_BritishCutoverDate_from_LocalDate[26: BritishCutover AD 1752-09-14, 1752-09-14]" classname="org.threeten.extra.chrono.TestBritishCutoverChronology" time="0"/>
  <testcase name="test_BritishCutoverDate_from_LocalDate[27: BritishCutover AD 1752-09-24, 1752-09-24]" classname="org.threeten.extra.chrono.TestBritishCutoverChronology" time="0"/>
  <testcase name="test_BritishCutoverDate_from_LocalDate[28: BritishCutover AD 1752-09-14, 1752-09-14]" classname="org.threeten.extra.chrono.TestBritishCutoverChronology" time="0"/>
  <testcase name="test_BritishCutoverDate_from_LocalDate[29: BritishCutover AD 1945-11-12, 1945-11-12]" classname="org.threeten.extra.chrono.TestBritishCutoverChronology" time="0"/>
  <testcase name="test_BritishCutoverDate_from_LocalDate[30: BritishCutover AD 2012-07-05, 2012-07-05]" classname="org.threeten.extra.chrono.TestBritishCutoverChronology" time="0"/>
  <testcase name="test_BritishCutoverDate_from_LocalDate[31: BritishCutover AD 2012-07-06, 2012-07-06]" classname="org.threeten.extra.chrono.TestBritishCutoverChronology" time="0"/>
  <testcase name="test_era_loop" classname="org.threeten.extra.chrono.TestBritishCutoverChronology" time="0.001"/>
  <testcase name="test_range_unsupported" classname="org.threeten.extra.chrono.TestBritishCutoverChronology" time="0"/>
  <testcase name="test_era_yearDay" classname="org.threeten.extra.chrono.TestBritishCutoverChronology" time="0"/>
  <testcase name="test_era_yearDay_loop" classname="org.threeten.extra.chrono.TestBritishCutoverChronology" time="0.001"/>
  <testcase name="test_plus_TemporalUnit[0: 1752, 9, 2, -1, Days, 1752, 9, 1, true]" classname="org.threeten.extra.chrono.TestBritishCutoverChronology" time="0"/>
  <testcase name="test_plus_TemporalUnit[1: 1752, 9, 2, 0, Days, 1752, 9, 2, true]" classname="org.threeten.extra.chrono.TestBritishCutoverChronology" time="0"/>
  <testcase name="test_plus_TemporalUnit[2: 1752, 9, 2, 1, Days, 1752, 9, 14, true]" classname="org.threeten.extra.chrono.TestBritishCutoverChronology" time="0"/>
  <testcase name="test_plus_TemporalUnit[3: 1752, 9, 2, 2, Days, 1752, 9, 15, true]" classname="org.threeten.extra.chrono.TestBritishCutoverChronology" time="0"/>
  <testcase name="test_plus_TemporalUnit[4: 1752, 9, 14, -1, Days, 1752, 9, 2, true]" classname="org.threeten.extra.chrono.TestBritishCutoverChronology" time="0"/>
  <testcase name="test_plus_TemporalUnit[5: 1752, 9, 14, 0, Days, 1752, 9, 14, true]" classname="org.threeten.extra.chrono.TestBritishCutoverChronology" time="0"/>
  <testcase name="test_plus_TemporalUnit[6: 1752, 9, 14, 1, Days, 1752, 9, 15, true]" classname="org.threeten.extra.chrono.TestBritishCutoverChronology" time="0"/>
  <testcase name="test_plus_TemporalUnit[7: 2014, 5, 26, 0, Days, 2014, 5, 26, true]" classname="org.threeten.extra.chrono.TestBritishCutoverChronology" time="0"/>
  <testcase name="test_plus_TemporalUnit[8: 2014, 5, 26, 8, Days, 2014, 6, 3, true]" classname="org.threeten.extra.chrono.TestBritishCutoverChronology" time="0"/>
  <testcase name="test_plus_TemporalUnit[9: 2014, 5, 26, -3, Days, 2014, 5, 23, true]" classname="org.threeten.extra.chrono.TestBritishCutoverChronology" time="0"/>
  <testcase name="test_plus_TemporalUnit[10: 1752, 9, 2, -1, Weeks, 1752, 8, 26, true]" classname="org.threeten.extra.chrono.TestBritishCutoverChronology" time="0"/>
  <testcase name="test_plus_TemporalUnit[11: 1752, 9, 2, 0, Weeks, 1752, 9, 2, true]" classname="org.threeten.extra.chrono.TestBritishCutoverChronology" time="0"/>
  <testcase name="test_plus_TemporalUnit[12: 1752, 9, 2, 1, Weeks, 1752, 9, 20, true]" classname="org.threeten.extra.chrono.TestBritishCutoverChronology" time="0"/>
  <testcase name="test_plus_TemporalUnit[13: 1752, 9, 14, -1, Weeks, 1752, 8, 27, true]" classname="org.threeten.extra.chrono.TestBritishCutoverChronology" time="0"/>
  <testcase name="test_plus_TemporalUnit[14: 1752, 9, 14, 0, Weeks, 1752, 9, 14, true]" classname="org.threeten.extra.chrono.TestBritishCutoverChronology" time="0.001"/>
  <testcase name="test_plus_TemporalUnit[15: 1752, 9, 14, 1, Weeks, 1752, 9, 21, true]" classname="org.threeten.extra.chrono.TestBritishCutoverChronology" time="0"/>
  <testcase name="test_plus_TemporalUnit[16: 2014, 5, 26, 0, Weeks, 2014, 5, 26, true]" classname="org.threeten.extra.chrono.TestBritishCutoverChronology" time="0"/>
  <testcase name="test_plus_TemporalUnit[17: 2014, 5, 26, 3, Weeks, 2014, 6, 16, true]" classname="org.threeten.extra.chrono.TestBritishCutoverChronology" time="0"/>
  <testcase name="test_plus_TemporalUnit[18: 2014, 5, 26, -5, Weeks, 2014, 4, 21, true]" classname="org.threeten.extra.chrono.TestBritishCutoverChronology" time="0"/>
  <testcase name="test_plus_TemporalUnit[19: 1752, 9, 2, -1, Months, 1752, 8, 2, true]" classname="org.threeten.extra.chrono.TestBritishCutoverChronology" time="0"/>
  <testcase name="test_plus_TemporalUnit[20: 1752, 9, 2, 0, Months, 1752, 9, 2, true]" classname="org.threeten.extra.chrono.TestBritishCutoverChronology" time="0"/>
  <testcase name="test_plus_TemporalUnit[21: 1752, 9, 2, 1, Months, 1752, 10, 2, true]" classname="org.threeten.extra.chrono.TestBritishCutoverChronology" time="0"/>
  <testcase name="test_plus_TemporalUnit[22: 1752, 9, 14, -1, Months, 1752, 8, 14, true]" classname="org.threeten.extra.chrono.TestBritishCutoverChronology" time="0"/>
  <testcase name="test_plus_TemporalUnit[23: 1752, 9, 14, 0, Months, 1752, 9, 14, true]" classname="org.threeten.extra.chrono.TestBritishCutoverChronology" time="0"/>
  <testcase name="test_plus_TemporalUnit[24: 1752, 9, 14, 1, Months, 1752, 10, 14, true]" classname="org.threeten.extra.chrono.TestBritishCutoverChronology" time="0"/>
  <testcase name="test_plus_TemporalUnit[25: 1752, 8, 12, 1, Months, 1752, 9, 23, false]" classname="org.threeten.extra.chrono.TestBritishCutoverChronology" time="0"/>
  <testcase name="test_plus_TemporalUnit[26: 1752, 10, 12, -1, Months, 1752, 9, 23, false]" classname="org.threeten.extra.chrono.TestBritishCutoverChronology" time="0"/>
  <testcase name="test_plus_TemporalUnit[27: 2014, 5, 26, 0, Months, 2014, 5, 26, true]" classname="org.threeten.extra.chrono.TestBritishCutoverChronology" time="0"/>
  <testcase name="test_plus_TemporalUnit[28: 2014, 5, 26, 3, Months, 2014, 8, 26, true]" classname="org.threeten.extra.chrono.TestBritishCutoverChronology" time="0"/>
  <testcase name="test_plus_TemporalUnit[29: 2014, 5, 26, -5, Months, 2013, 12, 26, true]" classname="org.threeten.extra.chrono.TestBritishCutoverChronology" time="0"/>
  <testcase name="test_plus_TemporalUnit[30: 2014, 5, 26, 0, Years, 2014, 5, 26, true]" classname="org.threeten.extra.chrono.TestBritishCutoverChronology" time="0.001"/>
  <testcase name="test_plus_TemporalUnit[31: 2014, 5, 26, 3, Years, 2017, 5, 26, true]" classname="org.threeten.extra.chrono.TestBritishCutoverChronology" time="0"/>
  <testcase name="test_plus_TemporalUnit[32: 2014, 5, 26, -5, Years, 2009, 5, 26, true]" classname="org.threeten.extra.chrono.TestBritishCutoverChronology" time="0"/>
  <testcase name="test_plus_TemporalUnit[33: 2014, 5, 26, 0, Decades, 2014, 5, 26, true]" classname="org.threeten.extra.chrono.TestBritishCutoverChronology" time="0"/>
  <testcase name="test_plus_TemporalUnit[34: 2014, 5, 26, 3, Decades, 2044, 5, 26, true]" classname="org.threeten.extra.chrono.TestBritishCutoverChronology" time="0"/>
  <testcase name="test_plus_TemporalUnit[35: 2014, 5, 26, -5, Decades, 1964, 5, 26, true]" classname="org.threeten.extra.chrono.TestBritishCutoverChronology" time="0"/>
  <testcase name="test_plus_TemporalUnit[36: 2014, 5, 26, 0, Centuries, 2014, 5, 26, true]" classname="org.threeten.extra.chrono.TestBritishCutoverChronology" time="0"/>
  <testcase name="test_plus_TemporalUnit[37: 2014, 5, 26, 3, Centuries, 2314, 5, 26, true]" classname="org.threeten.extra.chrono.TestBritishCutoverChronology" time="0"/>
  <testcase name="test_plus_TemporalUnit[38: 2014, 5, 26, -5, Centuries, 1514, 5, 26, true]" classname="org.threeten.extra.chrono.TestBritishCutoverChronology" time="0"/>
  <testcase name="test_plus_TemporalUnit[39: 2014, 5, 26, 0, Millennia, 2014, 5, 26, true]" classname="org.threeten.extra.chrono.TestBritishCutoverChronology" time="0"/>
  <testcase name="test_plus_TemporalUnit[40: 2014, 5, 26, 3, Millennia, 5014, 5, 26, true]" classname="org.threeten.extra.chrono.TestBritishCutoverChronology" time="0"/>
  <testcase name="test_plus_TemporalUnit[41: 2014, 5, 26, -5, Millennia, -2986, 5, 26, true]" classname="org.threeten.extra.chrono.TestBritishCutoverChronology" time="0"/>
  <testcase name="test_plus_TemporalUnit[42: 2014, 5, 26, -1, Eras, -2013, 5, 26, true]" classname="org.threeten.extra.chrono.TestBritishCutoverChronology" time="0"/>
  <testcase name="test_LocalDate_withBritishCutoverDate" classname="org.threeten.extra.chrono.TestBritishCutoverChronology" time="0"/>
  <testcase name="test_Chronology_eras" classname="org.threeten.extra.chrono.TestBritishCutoverChronology" time="0"/>
  <testcase name="test_lengthOfMonth[0: 1700, 1, 31]" classname="org.threeten.extra.chrono.TestBritishCutoverChronology" time="0"/>
  <testcase name="test_lengthOfMonth[1: 1700, 2, 29]" classname="org.threeten.extra.chrono.TestBritishCutoverChronology" time="0"/>
  <testcase name="test_lengthOfMonth[2: 1700, 3, 31]" classname="org.threeten.extra.chrono.TestBritishCutoverChronology" time="0"/>
  <testcase name="test_lengthOfMonth[3: 1700, 4, 30]" classname="org.threeten.extra.chrono.TestBritishCutoverChronology" time="0"/>
  <testcase name="test_lengthOfMonth[4: 1700, 5, 31]" classname="org.threeten.extra.chrono.TestBritishCutoverChronology" time="0"/>
  <testcase name="test_lengthOfMonth[5: 1700, 6, 30]" classname="org.threeten.extra.chrono.TestBritishCutoverChronology" time="0"/>
  <testcase name="test_lengthOfMonth[6: 1700, 7, 31]" classname="org.threeten.extra.chrono.TestBritishCutoverChronology" time="0"/>
  <testcase name="test_lengthOfMonth[7: 1700, 8, 31]" classname="org.threeten.extra.chrono.TestBritishCutoverChronology" time="0"/>
  <testcase name="test_lengthOfMonth[8: 1700, 9, 30]" classname="org.threeten.extra.chrono.TestBritishCutoverChronology" time="0"/>
  <testcase name="test_lengthOfMonth[9: 1700, 10, 31]" classname="org.threeten.extra.chrono.TestBritishCutoverChronology" time="0"/>
  <testcase name="test_lengthOfMonth[10: 1700, 11, 30]" classname="org.threeten.extra.chrono.TestBritishCutoverChronology" time="0"/>
  <testcase name="test_lengthOfMonth[11: 1700, 12, 31]" classname="org.threeten.extra.chrono.TestBritishCutoverChronology" time="0"/>
  <testcase name="test_lengthOfMonth[12: 1751, 1, 31]" classname="org.threeten.extra.chrono.TestBritishCutoverChronology" time="0"/>
  <testcase name="test_lengthOfMonth[13: 1751, 2, 28]" classname="org.threeten.extra.chrono.TestBritishCutoverChronology" time="0"/>
  <testcase name="test_lengthOfMonth[14: 1751, 3, 31]" classname="org.threeten.extra.chrono.TestBritishCutoverChronology" time="0"/>
  <testcase name="test_lengthOfMonth[15: 1751, 4, 30]" classname="org.threeten.extra.chrono.TestBritishCutoverChronology" time="0.001"/>
  <testcase name="test_lengthOfMonth[16: 1751, 5, 31]" classname="org.threeten.extra.chrono.TestBritishCutoverChronology" time="0"/>
  <testcase name="test_lengthOfMonth[17: 1751, 6, 30]" classname="org.threeten.extra.chrono.TestBritishCutoverChronology" time="0"/>
  <testcase name="test_lengthOfMonth[18: 1751, 7, 31]" classname="org.threeten.extra.chrono.TestBritishCutoverChronology" time="0"/>
  <testcase name="test_lengthOfMonth[19: 1751, 8, 31]" classname="org.threeten.extra.chrono.TestBritishCutoverChronology" time="0"/>
  <testcase name="test_lengthOfMonth[20: 1751, 9, 30]" classname="org.threeten.extra.chrono.TestBritishCutoverChronology" time="0"/>
  <testcase name="test_lengthOfMonth[21: 1751, 10, 31]" classname="org.threeten.extra.chrono.TestBritishCutoverChronology" time="0"/>
  <testcase name="test_lengthOfMonth[22: 1751, 11, 30]" classname="org.threeten.extra.chrono.TestBritishCutoverChronology" time="0"/>
  <testcase name="test_lengthOfMonth[23: 1751, 12, 31]" classname="org.threeten.extra.chrono.TestBritishCutoverChronology" time="0"/>
  <testcase name="test_lengthOfMonth[24: 1752, 1, 31]" classname="org.threeten.extra.chrono.TestBritishCutoverChronology" time="0"/>
  <testcase name="test_lengthOfMonth[25: 1752, 2, 29]" classname="org.threeten.extra.chrono.TestBritishCutoverChronology" time="0"/>
  <testcase name="test_lengthOfMonth[26: 1752, 3, 31]" classname="org.threeten.extra.chrono.TestBritishCutoverChronology" time="0"/>
  <testcase name="test_lengthOfMonth[27: 1752, 4, 30]" classname="org.threeten.extra.chrono.TestBritishCutoverChronology" time="0"/>
  <testcase name="test_lengthOfMonth[28: 1752, 5, 31]" classname="org.threeten.extra.chrono.TestBritishCutoverChronology" time="0"/>
  <testcase name="test_lengthOfMonth[29: 1752, 6, 30]" classname="org.threeten.extra.chrono.TestBritishCutoverChronology" time="0"/>
  <testcase name="test_lengthOfMonth[30: 1752, 7, 31]" classname="org.threeten.extra.chrono.TestBritishCutoverChronology" time="0"/>
  <testcase name="test_lengthOfMonth[31: 1752, 8, 31]" classname="org.threeten.extra.chrono.TestBritishCutoverChronology" time="0"/>
  <testcase name="test_lengthOfMonth[32: 1752, 9, 19]" classname="org.threeten.extra.chrono.TestBritishCutoverChronology" time="0"/>
  <testcase name="test_lengthOfMonth[33: 1752, 10, 31]" classname="org.threeten.extra.chrono.TestBritishCutoverChronology" time="0"/>
  <testcase name="test_lengthOfMonth[34: 1752, 11, 30]" classname="org.threeten.extra.chrono.TestBritishCutoverChronology" time="0"/>
  <testcase name="test_lengthOfMonth[35: 1752, 12, 31]" classname="org.threeten.extra.chrono.TestBritishCutoverChronology" time="0"/>
  <testcase name="test_lengthOfMonth[36: 1753, 1, 31]" classname="org.threeten.extra.chrono.TestBritishCutoverChronology" time="0"/>
  <testcase name="test_lengthOfMonth[37: 1753, 3, 31]" classname="org.threeten.extra.chrono.TestBritishCutoverChronology" time="0"/>
  <testcase name="test_lengthOfMonth[38: 1753, 2, 28]" classname="org.threeten.extra.chrono.TestBritishCutoverChronology" time="0"/>
  <testcase name="test_lengthOfMonth[39: 1753, 4, 30]" classname="org.threeten.extra.chrono.TestBritishCutoverChronology" time="0"/>
  <testcase name="test_lengthOfMonth[40: 1753, 5, 31]" classname="org.threeten.extra.chrono.TestBritishCutoverChronology" time="0"/>
  <testcase name="test_lengthOfMonth[41: 1753, 6, 30]" classname="org.threeten.extra.chrono.TestBritishCutoverChronology" time="0"/>
  <testcase name="test_lengthOfMonth[42: 1753, 7, 31]" classname="org.threeten.extra.chrono.TestBritishCutoverChronology" time="0"/>
  <testcase name="test_lengthOfMonth[43: 1753, 8, 31]" classname="org.threeten.extra.chrono.TestBritishCutoverChronology" time="0"/>
  <testcase name="test_lengthOfMonth[44: 1753, 9, 30]" classname="org.threeten.extra.chrono.TestBritishCutoverChronology" time="0"/>
  <testcase name="test_lengthOfMonth[45: 1753, 10, 31]" classname="org.threeten.extra.chrono.TestBritishCutoverChronology" time="0"/>
  <testcase name="test_lengthOfMonth[46: 1753, 11, 30]" classname="org.threeten.extra.chrono.TestBritishCutoverChronology" time="0"/>
  <testcase name="test_lengthOfMonth[47: 1753, 12, 31]" classname="org.threeten.extra.chrono.TestBritishCutoverChronology" time="0"/>
  <testcase name="test_lengthOfMonth[48: 1500, 2, 29]" classname="org.threeten.extra.chrono.TestBritishCutoverChronology" time="0"/>
  <testcase name="test_lengthOfMonth[49: 1600, 2, 29]" classname="org.threeten.extra.chrono.TestBritishCutoverChronology" time="0"/>
  <testcase name="test_lengthOfMonth[50: 1700, 2, 29]" classname="org.threeten.extra.chrono.TestBritishCutoverChronology" time="0"/>
  <testcase name="test_lengthOfMonth[51: 1800, 2, 28]" classname="org.threeten.extra.chrono.TestBritishCutoverChronology" time="0"/>
  <testcase name="test_lengthOfMonth[52: 1900, 2, 28]" classname="org.threeten.extra.chrono.TestBritishCutoverChronology" time="0"/>
  <testcase name="test_lengthOfMonth[53: 1901, 2, 28]" classname="org.threeten.extra.chrono.TestBritishCutoverChronology" time="0"/>
  <testcase name="test_lengthOfMonth[54: 1902, 2, 28]" classname="org.threeten.extra.chrono.TestBritishCutoverChronology" time="0"/>
  <testcase name="test_lengthOfMonth[55: 1903, 2, 28]" classname="org.threeten.extra.chrono.TestBritishCutoverChronology" time="0"/>
  <testcase name="test_lengthOfMonth[56: 1904, 2, 29]" classname="org.threeten.extra.chrono.TestBritishCutoverChronology" time="0"/>
  <testcase name="test_lengthOfMonth[57: 2000, 2, 29]" classname="org.threeten.extra.chrono.TestBritishCutoverChronology" time="0"/>
  <testcase name="test_lengthOfMonth[58: 2100, 2, 28]" classname="org.threeten.extra.chrono.TestBritishCutoverChronology" time="0"/>
  <testcase name="test_until_CLD[0: 1752, 7, 2, 1752, 7, 1, 0, 0, -1]" classname="org.threeten.extra.chrono.TestBritishCutoverChronology" time="0"/>
  <testcase name="test_until_CLD[1: 1752, 7, 2, 1752, 7, 2, 0, 0, 0]" classname="org.threeten.extra.chrono.TestBritishCutoverChronology" time="0"/>
  <testcase name="test_until_CLD[2: 1752, 7, 2, 1752, 9, 1, 0, 1, 30]" classname="org.threeten.extra.chrono.TestBritishCutoverChronology" time="0"/>
  <testcase name="test_until_CLD[3: 1752, 7, 2, 1752, 9, 2, 0, 2, 0]" classname="org.threeten.extra.chrono.TestBritishCutoverChronology" time="0"/>
  <testcase name="test_until_CLD[4: 1752, 7, 2, 1752, 9, 14, 0, 2, 1]" classname="org.threeten.extra.chrono.TestBritishCutoverChronology" time="0"/>
  <testcase name="test_until_CLD[5: 1752, 7, 2, 1752, 9, 30, 0, 2, 17]" classname="org.threeten.extra.chrono.TestBritishCutoverChronology" time="0"/>
  <testcase name="test_until_CLD[6: 1752, 7, 2, 1752, 10, 1, 0, 2, 18]" classname="org.threeten.extra.chrono.TestBritishCutoverChronology" time="0"/>
  <testcase name="test_until_CLD[7: 1752, 7, 2, 1752, 10, 2, 0, 3, 0]" classname="org.threeten.extra.chrono.TestBritishCutoverChronology" time="0"/>
  <testcase name="test_until_CLD[8: 1752, 7, 2, 1752, 10, 3, 0, 3, 1]" classname="org.threeten.extra.chrono.TestBritishCutoverChronology" time="0"/>
  <testcase name="test_until_CLD[9: 1752, 7, 2, 1752, 10, 30, 0, 3, 28]" classname="org.threeten.extra.chrono.TestBritishCutoverChronology" time="0"/>
  <testcase name="test_until_CLD[10: 1752, 7, 2, 1752, 11, 1, 0, 3, 30]" classname="org.threeten.extra.chrono.TestBritishCutoverChronology" time="0"/>
  <testcase name="test_until_CLD[11: 1752, 7, 2, 1752, 11, 2, 0, 4, 0]" classname="org.threeten.extra.chrono.TestBritishCutoverChronology" time="0"/>
  <testcase name="test_until_CLD[12: 1752, 7, 3, 1752, 9, 2, 0, 1, 30]" classname="org.threeten.extra.chrono.TestBritishCutoverChronology" time="0"/>
  <testcase name="test_until_CLD[13: 1752, 7, 3, 1752, 9, 14, 0, 2, 0]" classname="org.threeten.extra.chrono.TestBritishCutoverChronology" time="0"/>
  <testcase name="test_until_CLD[14: 1752, 7, 3, 1752, 9, 15, 0, 2, 1]" classname="org.threeten.extra.chrono.TestBritishCutoverChronology" time="0"/>
  <testcase name="test_until_CLD[15: 1752, 7, 3, 1752, 9, 30, 0, 2, 16]" classname="org.threeten.extra.chrono.TestBritishCutoverChronology" time="0"/>
  <testcase name="test_until_CLD[16: 1752, 7, 3, 1752, 10, 1, 0, 2, 17]" classname="org.threeten.extra.chrono.TestBritishCutoverChronology" time="0"/>
  <testcase name="test_until_CLD[17: 1752, 7, 3, 1752, 10, 3, 0, 3, 0]" classname="org.threeten.extra.chrono.TestBritishCutoverChronology" time="0"/>
  <testcase name="test_until_CLD[18: 1752, 7, 3, 1752, 10, 4, 0, 3, 1]" classname="org.threeten.extra.chrono.TestBritishCutoverChronology" time="0"/>
  <testcase name="test_until_CLD[19: 1752, 7, 4, 1752, 9, 2, 0, 1, 29]" classname="org.threeten.extra.chrono.TestBritishCutoverChronology" time="0"/>
  <testcase name="test_until_CLD[20: 1752, 7, 4, 1752, 9, 14, 0, 1, 30]" classname="org.threeten.extra.chrono.TestBritishCutoverChronology" time="0"/>
  <testcase name="test_until_CLD[21: 1752, 7, 4, 1752, 9, 15, 0, 2, 0]" classname="org.threeten.extra.chrono.TestBritishCutoverChronology" time="0"/>
  <testcase name="test_until_CLD[22: 1752, 7, 4, 1752, 9, 30, 0, 2, 15]" classname="org.threeten.extra.chrono.TestBritishCutoverChronology" time="0"/>
  <testcase name="test_until_CLD[23: 1752, 7, 4, 1752, 10, 1, 0, 2, 16]" classname="org.threeten.extra.chrono.TestBritishCutoverChronology" time="0"/>
  <testcase name="test_until_CLD[24: 1752, 7, 4, 1752, 10, 4, 0, 3, 0]" classname="org.threeten.extra.chrono.TestBritishCutoverChronology" time="0"/>
  <testcase name="test_until_CLD[25: 1752, 7, 4, 1752, 10, 5, 0, 3, 1]" classname="org.threeten.extra.chrono.TestBritishCutoverChronology" time="0"/>
  <testcase name="test_until_CLD[26: 1752, 7, 13, 1752, 9, 2, 0, 1, 20]" classname="org.threeten.extra.chrono.TestBritishCutoverChronology" time="0"/>
  <testcase name="test_until_CLD[27: 1752, 7, 13, 1752, 9, 14, 0, 1, 21]" classname="org.threeten.extra.chrono.TestBritishCutoverChronology" time="0"/>
  <testcase name="test_until_CLD[28: 1752, 7, 13, 1752, 9, 24, 0, 2, 0]" classname="org.threeten.extra.chrono.TestBritishCutoverChronology" time="0"/>
  <testcase name="test_until_CLD[29: 1752, 7, 13, 1752, 9, 30, 0, 2, 6]" classname="org.threeten.extra.chrono.TestBritishCutoverChronology" time="0"/>
  <testcase name="test_until_CLD[30: 1752, 7, 13, 1752, 10, 1, 0, 2, 7]" classname="org.threeten.extra.chrono.TestBritishCutoverChronology" time="0.001"/>
  <testcase name="test_until_CLD[31: 1752, 7, 13, 1752, 10, 12, 0, 2, 18]" classname="org.threeten.extra.chrono.TestBritishCutoverChronology" time="0"/>
  <testcase name="test_until_CLD[32: 1752, 7, 13, 1752, 10, 13, 0, 3, 0]" classname="org.threeten.extra.chrono.TestBritishCutoverChronology" time="0"/>
  <testcase name="test_until_CLD[33: 1752, 7, 13, 1752, 10, 14, 0, 3, 1]" classname="org.threeten.extra.chrono.TestBritishCutoverChronology" time="0"/>
  <testcase name="test_until_CLD[34: 1752, 7, 14, 1752, 9, 2, 0, 1, 19]" classname="org.threeten.extra.chrono.TestBritishCutoverChronology" time="0"/>
  <testcase name="test_until_CLD[35: 1752, 7, 14, 1752, 9, 14, 0, 2, 0]" classname="org.threeten.extra.chrono.TestBritishCutoverChronology" time="0"/>
  <testcase name="test_until_CLD[36: 1752, 7, 14, 1752, 9, 15, 0, 2, 1]" classname="org.threeten.extra.chrono.TestBritishCutoverChronology" time="0"/>
  <testcase name="test_until_CLD[37: 1752, 7, 14, 1752, 9, 30, 0, 2, 16]" classname="org.threeten.extra.chrono.TestBritishCutoverChronology" time="0"/>
  <testcase name="test_until_CLD[38: 1752, 7, 14, 1752, 10, 1, 0, 2, 17]" classname="org.threeten.extra.chrono.TestBritishCutoverChronology" time="0"/>
  <testcase name="test_until_CLD[39: 1752, 7, 14, 1752, 10, 13, 0, 2, 29]" classname="org.threeten.extra.chrono.TestBritishCutoverChronology" time="0"/>
  <testcase name="test_until_CLD[40: 1752, 7, 14, 1752, 10, 14, 0, 3, 0]" classname="org.threeten.extra.chrono.TestBritishCutoverChronology" time="0"/>
  <testcase name="test_until_CLD[41: 1752, 7, 14, 1752, 10, 15, 0, 3, 1]" classname="org.threeten.extra.chrono.TestBritishCutoverChronology" time="0"/>
  <testcase name="test_until_CLD[42: 1752, 8, 2, 1752, 9, 2, 0, 1, 0]" classname="org.threeten.extra.chrono.TestBritishCutoverChronology" time="0"/>
  <testcase name="test_until_CLD[43: 1752, 8, 2, 1752, 9, 14, 0, 1, 1]" classname="org.threeten.extra.chrono.TestBritishCutoverChronology" time="0"/>
  <testcase name="test_until_CLD[44: 1752, 8, 2, 1752, 9, 30, 0, 1, 17]" classname="org.threeten.extra.chrono.TestBritishCutoverChronology" time="0"/>
  <testcase name="test_until_CLD[45: 1752, 8, 2, 1752, 10, 1, 0, 1, 18]" classname="org.threeten.extra.chrono.TestBritishCutoverChronology" time="0"/>
  <testcase name="test_until_CLD[46: 1752, 8, 2, 1752, 10, 2, 0, 2, 0]" classname="org.threeten.extra.chrono.TestBritishCutoverChronology" time="0"/>
  <testcase name="test_until_CLD[47: 1752, 8, 2, 1752, 10, 3, 0, 2, 1]" classname="org.threeten.extra.chrono.TestBritishCutoverChronology" time="0"/>
  <testcase name="test_until_CLD[48: 1752, 8, 2, 1752, 10, 30, 0, 2, 28]" classname="org.threeten.extra.chrono.TestBritishCutoverChronology" time="0"/>
  <testcase name="test_until_CLD[49: 1752, 8, 16, 1752, 9, 2, 0, 0, 17]" classname="org.threeten.extra.chrono.TestBritishCutoverChronology" time="0"/>
  <testcase name="test_until_CLD[50: 1752, 8, 16, 1752, 9, 14, 0, 0, 18]" classname="org.threeten.extra.chrono.TestBritishCutoverChronology" time="0"/>
  <testcase name="test_until_CLD[51: 1752, 8, 16, 1752, 9, 15, 0, 0, 19]" classname="org.threeten.extra.chrono.TestBritishCutoverChronology" time="0"/>
  <testcase name="test_until_CLD[52: 1752, 8, 16, 1752, 9, 16, 0, 1, 0]" classname="org.threeten.extra.chrono.TestBritishCutoverChronology" time="0"/>
  <testcase name="test_until_CLD[53: 1752, 8, 16, 1752, 10, 2, 0, 1, 16]" classname="org.threeten.extra.chrono.TestBritishCutoverChronology" time="0"/>
  <testcase name="test_until_CLD[54: 1752, 8, 16, 1752, 10, 15, 0, 1, 29]" classname="org.threeten.extra.chrono.TestBritishCutoverChronology" time="0"/>
  <testcase name="test_until_CLD[55: 1752, 8, 16, 1752, 10, 16, 0, 2, 0]" classname="org.threeten.extra.chrono.TestBritishCutoverChronology" time="0"/>
  <testcase name="test_until_CLD[56: 1752, 8, 16, 1752, 10, 17, 0, 2, 1]" classname="org.threeten.extra.chrono.TestBritishCutoverChronology" time="0"/>
  <testcase name="test_until_CLD[57: 1752, 9, 1, 1752, 8, 31, 0, 0, -1]" classname="org.threeten.extra.chrono.TestBritishCutoverChronology" time="0"/>
  <testcase name="test_until_CLD[58: 1752, 9, 1, 1752, 9, 1, 0, 0, 0]" classname="org.threeten.extra.chrono.TestBritishCutoverChronology" time="0"/>
  <testcase name="test_until_CLD[59: 1752, 9, 1, 1752, 9, 2, 0, 0, 1]" classname="org.threeten.extra.chrono.TestBritishCutoverChronology" time="0"/>
  <testcase name="test_until_CLD[60: 1752, 9, 1, 1752, 9, 14, 0, 0, 2]" classname="org.threeten.extra.chrono.TestBritishCutoverChronology" time="0"/>
  <testcase name="test_until_CLD[61: 1752, 9, 1, 1752, 9, 15, 0, 0, 3]" classname="org.threeten.extra.chrono.TestBritishCutoverChronology" time="0"/>
  <testcase name="test_until_CLD[62: 1752, 9, 1, 1752, 9, 30, 0, 0, 18]" classname="org.threeten.extra.chrono.TestBritishCutoverChronology" time="0"/>
  <testcase name="test_until_CLD[63: 1752, 9, 1, 1752, 10, 1, 0, 1, 0]" classname="org.threeten.extra.chrono.TestBritishCutoverChronology" time="0"/>
  <testcase name="test_until_CLD[64: 1752, 9, 1, 1752, 10, 2, 0, 1, 1]" classname="org.threeten.extra.chrono.TestBritishCutoverChronology" time="0"/>
  <testcase name="test_until_CLD[65: 1752, 9, 2, 1752, 8, 31, 0, 0, -2]" classname="org.threeten.extra.chrono.TestBritishCutoverChronology" time="0"/>
  <testcase name="test_until_CLD[66: 1752, 9, 2, 1752, 9, 1, 0, 0, -1]" classname="org.threeten.extra.chrono.TestBritishCutoverChronology" time="0"/>
  <testcase name="test_until_CLD[67: 1752, 9, 2, 1752, 9, 2, 0, 0, 0]" classname="org.threeten.extra.chrono.TestBritishCutoverChronology" time="0"/>
  <testcase name="test_until_CLD[68: 1752, 9, 2, 1752, 9, 14, 0, 0, 1]" classname="org.threeten.extra.chrono.TestBritishCutoverChronology" time="0"/>
  <testcase name="test_until_CLD[69: 1752, 9, 2, 1752, 9, 30, 0, 0, 17]" classname="org.threeten.extra.chrono.TestBritishCutoverChronology" time="0"/>
  <testcase name="test_until_CLD[70: 1752, 9, 2, 1752, 10, 1, 0, 0, 18]" classname="org.threeten.extra.chrono.TestBritishCutoverChronology" time="0"/>
  <testcase name="test_until_CLD[71: 1752, 9, 2, 1752, 10, 2, 0, 1, 0]" classname="org.threeten.extra.chrono.TestBritishCutoverChronology" time="0"/>
  <testcase name="test_until_CLD[72: 1752, 9, 2, 1752, 10, 3, 0, 1, 1]" classname="org.threeten.extra.chrono.TestBritishCutoverChronology" time="0"/>
  <testcase name="test_until_CLD[73: 1752, 9, 2, 1752, 11, 1, 0, 1, 30]" classname="org.threeten.extra.chrono.TestBritishCutoverChronology" time="0"/>
  <testcase name="test_until_CLD[74: 1752, 9, 2, 1752, 11, 2, 0, 2, 0]" classname="org.threeten.extra.chrono.TestBritishCutoverChronology" time="0"/>
  <testcase name="test_until_CLD[75: 1752, 9, 2, 1752, 11, 3, 0, 2, 1]" classname="org.threeten.extra.chrono.TestBritishCutoverChronology" time="0"/>
  <testcase name="test_until_CLD[76: 1752, 9, 14, 1752, 7, 13, 0, -2, -1]" classname="org.threeten.extra.chrono.TestBritishCutoverChronology" time="0"/>
  <testcase name="test_until_CLD[77: 1752, 9, 14, 1752, 7, 14, 0, -2, 0]" classname="org.threeten.extra.chrono.TestBritishCutoverChronology" time="0"/>
  <testcase name="test_until_CLD[78: 1752, 9, 14, 1752, 8, 13, 0, -1, -1]" classname="org.threeten.extra.chrono.TestBritishCutoverChronology" time="0"/>
  <testcase name="test_until_CLD[79: 1752, 9, 14, 1752, 8, 14, 0, -1, 0]" classname="org.threeten.extra.chrono.TestBritishCutoverChronology" time="0"/>
  <testcase name="test_until_CLD[80: 1752, 9, 14, 1752, 8, 15, 0, 0, -19]" classname="org.threeten.extra.chrono.TestBritishCutoverChronology" time="0"/>
  <testcase name="test_until_CLD[81: 1752, 9, 14, 1752, 8, 31, 0, 0, -3]" classname="org.threeten.extra.chrono.TestBritishCutoverChronology" time="0.002"/>
  <testcase name="test_until_CLD[82: 1752, 9, 14, 1752, 9, 1, 0, 0, -2]" classname="org.threeten.extra.chrono.TestBritishCutoverChronology" time="0"/>
  <testcase name="test_until_CLD[83: 1752, 9, 14, 1752, 9, 2, 0, 0, -1]" classname="org.threeten.extra.chrono.TestBritishCutoverChronology" time="0"/>
  <testcase name="test_until_CLD[84: 1752, 9, 14, 1752, 9, 14, 0, 0, 0]" classname="org.threeten.extra.chrono.TestBritishCutoverChronology" time="0"/>
  <testcase name="test_until_CLD[85: 1752, 9, 14, 1752, 9, 15, 0, 0, 1]" classname="org.threeten.extra.chrono.TestBritishCutoverChronology" time="0"/>
  <testcase name="test_until_CLD[86: 1752, 9, 14, 1752, 9, 30, 0, 0, 16]" classname="org.threeten.extra.chrono.TestBritishCutoverChronology" time="0"/>
  <testcase name="test_until_CLD[87: 1752, 9, 14, 1752, 10, 13, 0, 0, 29]" classname="org.threeten.extra.chrono.TestBritishCutoverChronology" time="0"/>
  <testcase name="test_until_CLD[88: 1752, 9, 14, 1752, 10, 14, 0, 1, 0]" classname="org.threeten.extra.chrono.TestBritishCutoverChronology" time="0"/>
  <testcase name="test_until_CLD[89: 1752, 9, 14, 1752, 10, 15, 0, 1, 1]" classname="org.threeten.extra.chrono.TestBritishCutoverChronology" time="0"/>
  <testcase name="test_until_CLD[90: 1752, 9, 24, 1752, 7, 23, 0, -2, -1]" classname="org.threeten.extra.chrono.TestBritishCutoverChronology" time="0"/>
  <testcase name="test_until_CLD[91: 1752, 9, 24, 1752, 7, 24, 0, -2, 0]" classname="org.threeten.extra.chrono.TestBritishCutoverChronology" time="0"/>
  <testcase name="test_until_CLD[92: 1752, 9, 24, 1752, 8, 23, 0, -1, -1]" classname="org.threeten.extra.chrono.TestBritishCutoverChronology" time="0"/>
  <testcase name="test_until_CLD[93: 1752, 9, 24, 1752, 8, 24, 0, -1, 0]" classname="org.threeten.extra.chrono.TestBritishCutoverChronology" time="0"/>
  <testcase name="test_until_CLD[94: 1752, 9, 24, 1752, 8, 25, 0, 0, -19]" classname="org.threeten.extra.chrono.TestBritishCutoverChronology" time="0"/>
  <testcase name="test_until_CLD[95: 1752, 9, 24, 1752, 8, 31, 0, 0, -13]" classname="org.threeten.extra.chrono.TestBritishCutoverChronology" time="0"/>
  <testcase name="test_until_CLD[96: 1752, 9, 24, 1752, 9, 1, 0, 0, -12]" classname="org.threeten.extra.chrono.TestBritishCutoverChronology" time="0"/>
  <testcase name="test_until_CLD[97: 1752, 9, 24, 1752, 9, 2, 0, 0, -11]" classname="org.threeten.extra.chrono.TestBritishCutoverChronology" time="0"/>
  <testcase name="test_until_CLD[98: 1752, 9, 24, 1752, 9, 14, 0, 0, -10]" classname="org.threeten.extra.chrono.TestBritishCutoverChronology" time="0"/>
  <testcase name="test_until_CLD[99: 1752, 9, 24, 1752, 9, 23, 0, 0, -1]" classname="org.threeten.extra.chrono.TestBritishCutoverChronology" time="0"/>
  <testcase name="test_until_CLD[100: 1752, 9, 24, 1752, 9, 24, 0, 0, 0]" classname="org.threeten.extra.chrono.TestBritishCutoverChronology" time="0"/>
  <testcase name="test_until_CLD[101: 1752, 9, 24, 1752, 9, 25, 0, 0, 1]" classname="org.threeten.extra.chrono.TestBritishCutoverChronology" time="0"/>
  <testcase name="test_until_CLD[102: 1752, 9, 24, 1752, 9, 30, 0, 0, 6]" classname="org.threeten.extra.chrono.TestBritishCutoverChronology" time="0"/>
  <testcase name="test_until_CLD[103: 1752, 9, 24, 1752, 10, 23, 0, 0, 29]" classname="org.threeten.extra.chrono.TestBritishCutoverChronology" time="0"/>
  <testcase name="test_until_CLD[104: 1752, 9, 24, 1752, 10, 24, 0, 1, 0]" classname="org.threeten.extra.chrono.TestBritishCutoverChronology" time="0"/>
  <testcase name="test_until_CLD[105: 1752, 9, 24, 1752, 10, 25, 0, 1, 1]" classname="org.threeten.extra.chrono.TestBritishCutoverChronology" time="0"/>
  <testcase name="test_until_CLD[106: 1752, 10, 3, 1752, 10, 1, 0, 0, -2]" classname="org.threeten.extra.chrono.TestBritishCutoverChronology" time="0"/>
  <testcase name="test_until_CLD[107: 1752, 10, 3, 1752, 9, 30, 0, 0, -3]" classname="org.threeten.extra.chrono.TestBritishCutoverChronology" time="0"/>
  <testcase name="test_until_CLD[108: 1752, 10, 3, 1752, 9, 16, 0, 0, -17]" classname="org.threeten.extra.chrono.TestBritishCutoverChronology" time="0"/>
  <testcase name="test_until_CLD[109: 1752, 10, 3, 1752, 9, 15, 0, 0, -18]" classname="org.threeten.extra.chrono.TestBritishCutoverChronology" time="0"/>
  <testcase name="test_until_CLD[110: 1752, 10, 3, 1752, 9, 14, 0, 0, -19]" classname="org.threeten.extra.chrono.TestBritishCutoverChronology" time="0"/>
  <testcase name="test_until_CLD[111: 1752, 10, 3, 1752, 9, 2, 0, -1, -1]" classname="org.threeten.extra.chrono.TestBritishCutoverChronology" time="0"/>
  <testcase name="test_until_CLD[112: 1752, 10, 3, 1752, 9, 1, 0, -1, -2]" classname="org.threeten.extra.chrono.TestBritishCutoverChronology" time="0"/>
  <testcase name="test_until_CLD[113: 1752, 10, 3, 1752, 8, 31, 0, -1, -3]" classname="org.threeten.extra.chrono.TestBritishCutoverChronology" time="0"/>
  <testcase name="test_until_CLD[114: 1752, 10, 3, 1752, 8, 4, 0, -1, -30]" classname="org.threeten.extra.chrono.TestBritishCutoverChronology" time="0"/>
  <testcase name="test_until_CLD[115: 1752, 10, 3, 1752, 8, 3, 0, -2, 0]" classname="org.threeten.extra.chrono.TestBritishCutoverChronology" time="0"/>
  <testcase name="test_until_CLD[116: 1752, 10, 3, 1752, 8, 2, 0, -2, -1]" classname="org.threeten.extra.chrono.TestBritishCutoverChronology" time="0"/>
  <testcase name="test_until_CLD[117: 1752, 10, 4, 1752, 10, 1, 0, 0, -3]" classname="org.threeten.extra.chrono.TestBritishCutoverChronology" time="0"/>
  <testcase name="test_until_CLD[118: 1752, 10, 4, 1752, 9, 30, 0, 0, -4]" classname="org.threeten.extra.chrono.TestBritishCutoverChronology" time="0"/>
  <testcase name="test_until_CLD[119: 1752, 10, 4, 1752, 9, 16, 0, 0, -18]" classname="org.threeten.extra.chrono.TestBritishCutoverChronology" time="0"/>
  <testcase name="test_until_CLD[120: 1752, 10, 4, 1752, 9, 15, 0, 0, -19]" classname="org.threeten.extra.chrono.TestBritishCutoverChronology" time="0"/>
  <testcase name="test_until_CLD[121: 1752, 10, 4, 1752, 9, 14, 0, 0, -20]" classname="org.threeten.extra.chrono.TestBritishCutoverChronology" time="0"/>
  <testcase name="test_until_CLD[122: 1752, 10, 4, 1752, 9, 2, 0, -1, -2]" classname="org.threeten.extra.chrono.TestBritishCutoverChronology" time="0"/>
  <testcase name="test_until_CLD[123: 1752, 10, 4, 1752, 9, 1, 0, -1, -3]" classname="org.threeten.extra.chrono.TestBritishCutoverChronology" time="0"/>
  <testcase name="test_until_CLD[124: 1752, 10, 4, 1752, 8, 31, 0, -1, -4]" classname="org.threeten.extra.chrono.TestBritishCutoverChronology" time="0"/>
  <testcase name="test_until_CLD[125: 1752, 10, 4, 1752, 8, 5, 0, -1, -30]" classname="org.threeten.extra.chrono.TestBritishCutoverChronology" time="0"/>
  <testcase name="test_until_CLD[126: 1752, 10, 4, 1752, 8, 4, 0, -2, 0]" classname="org.threeten.extra.chrono.TestBritishCutoverChronology" time="0"/>
  <testcase name="test_until_CLD[127: 1752, 10, 4, 1752, 8, 3, 0, -2, -1]" classname="org.threeten.extra.chrono.TestBritishCutoverChronology" time="0"/>
  <testcase name="test_with_TemporalField_unsupported" classname="org.threeten.extra.chrono.TestBritishCutoverChronology" time="0"/>
  <testcase name="test_Chronology_date_Temporal[0: BritishCutover AD 1-01-01, 0000-12-30]" classname="org.threeten.extra.chrono.TestBritishCutoverChronology" time="0"/>
  <testcase name="test_Chronology_date_Temporal[1: BritishCutover AD 1-01-02, 0000-12-31]" classname="org.threeten.extra.chrono.TestBritishCutoverChronology" time="0"/>
  <testcase name="test_Chronology_date_Temporal[2: BritishCutover AD 1-01-03, 0001-01-01]" classname="org.threeten.extra.chrono.TestBritishCutoverChronology" time="0"/>
  <testcase name="test_Chronology_date_Temporal[3: BritishCutover AD 1-02-28, 0001-02-26]" classname="org.threeten.extra.chrono.TestBritishCutoverChronology" time="0"/>
  <testcase name="test_Chronology_date_Temporal[4: BritishCutover AD 1-03-01, 0001-02-27]" classname="org.threeten.extra.chrono.TestBritishCutoverChronology" time="0"/>
  <testcase name="test_Chronology_date_Temporal[5: BritishCutover AD 1-03-02, 0001-02-28]" classname="org.threeten.extra.chrono.TestBritishCutoverChronology" time="0"/>
  <testcase name="test_Chronology_date_Temporal[6: BritishCutover AD 1-03-03, 0001-03-01]" classname="org.threeten.extra.chrono.TestBritishCutoverChronology" time="0"/>
  <testcase name="test_Chronology_date_Temporal[7: BritishCutover AD 4-02-28, 0004-02-26]" classname="org.threeten.extra.chrono.TestBritishCutoverChronology" time="0"/>
  <testcase name="test_Chronology_date_Temporal[8: BritishCutover AD 4-02-29, 0004-02-27]" classname="org.threeten.extra.chrono.TestBritishCutoverChronology" time="0"/>
  <testcase name="test_Chronology_date_Temporal[9: BritishCutover AD 4-03-01, 0004-02-28]" classname="org.threeten.extra.chrono.TestBritishCutoverChronology" time="0"/>
  <testcase name="test_Chronology_date_Temporal[10: BritishCutover AD 4-03-02, 0004-02-29]" classname="org.threeten.extra.chrono.TestBritishCutoverChronology" time="0"/>
  <testcase name="test_Chronology_date_Temporal[11: BritishCutover AD 4-03-03, 0004-03-01]" classname="org.threeten.extra.chrono.TestBritishCutoverChronology" time="0"/>
  <testcase name="test_Chronology_date_Temporal[12: BritishCutover AD 100-02-28, 0100-02-26]" classname="org.threeten.extra.chrono.TestBritishCutoverChronology" time="0"/>
  <testcase name="test_Chronology_date_Temporal[13: BritishCutover AD 100-02-29, 0100-02-27]" classname="org.threeten.extra.chrono.TestBritishCutoverChronology" time="0"/>
  <testcase name="test_Chronology_date_Temporal[14: BritishCutover AD 100-03-01, 0100-02-28]" classname="org.threeten.extra.chrono.TestBritishCutoverChronology" time="0"/>
  <testcase name="test_Chronology_date_Temporal[15: BritishCutover AD 100-03-02, 0100-03-01]" classname="org.threeten.extra.chrono.TestBritishCutoverChronology" time="0"/>
  <testcase name="test_Chronology_date_Temporal[16: BritishCutover AD 100-03-03, 0100-03-02]" classname="org.threeten.extra.chrono.TestBritishCutoverChronology" time="0"/>
  <testcase name="test_Chronology_date_Temporal[17: BritishCutover BC 1-12-31, 0000-12-29]" classname="org.threeten.extra.chrono.TestBritishCutoverChronology" time="0"/>
  <testcase name="test_Chronology_date_Temporal[18: BritishCutover BC 1-12-30, 0000-12-28]" classname="org.threeten.extra.chrono.TestBritishCutoverChronology" time="0"/>
  <testcase name="test_Chronology_date_Temporal[19: BritishCutover AD 1582-10-04, 1582-10-14]" classname="org.threeten.extra.chrono.TestBritishCutoverChronology" time="0"/>
  <testcase name="test_Chronology_date_Temporal[20: BritishCutover AD 1582-10-05, 1582-10-15]" classname="org.threeten.extra.chrono.TestBritishCutoverChronology" time="0"/>
  <testcase name="test_Chronology_date_Temporal[21: BritishCutover AD 1751-12-20, 1751-12-31]" classname="org.threeten.extra.chrono.TestBritishCutoverChronology" time="0"/>
  <testcase name="test_Chronology_date_Temporal[22: BritishCutover AD 1751-12-31, 1752-01-11]" classname="org.threeten.extra.chrono.TestBritishCutoverChronology" time="0"/>
  <testcase name="test_Chronology_date_Temporal[23: BritishCutover AD 1752-01-01, 1752-01-12]" classname="org.threeten.extra.chrono.TestBritishCutoverChronology" time="0"/>
  <testcase name="test_Chronology_date_Temporal[24: BritishCutover AD 1752-09-01, 1752-09-12]" classname="org.threeten.extra.chrono.TestBritishCutoverChronology" time="0"/>
  <testcase name="test_Chronology_date_Temporal[25: BritishCutover AD 1752-09-02, 1752-09-13]" classname="org.threeten.extra.chrono.TestBritishCutoverChronology" time="0"/>
  <testcase name="test_Chronology_date_Temporal[26: BritishCutover AD 1752-09-14, 1752-09-14]" classname="org.threeten.extra.chrono.TestBritishCutoverChronology" time="0"/>
  <testcase name="test_Chronology_date_Temporal[27: BritishCutover AD 1752-09-24, 1752-09-24]" classname="org.threeten.extra.chrono.TestBritishCutoverChronology" time="0"/>
  <testcase name="test_Chronology_date_Temporal[28: BritishCutover AD 1752-09-14, 1752-09-14]" classname="org.threeten.extra.chrono.TestBritishCutoverChronology" time="0"/>
  <testcase name="test_Chronology_date_Temporal[29: BritishCutover AD 1945-11-12, 1945-11-12]" classname="org.threeten.extra.chrono.TestBritishCutoverChronology" time="0"/>
  <testcase name="test_Chronology_date_Temporal[30: BritishCutover AD 2012-07-05, 2012-07-05]" classname="org.threeten.extra.chrono.TestBritishCutoverChronology" time="0"/>
  <testcase name="test_Chronology_date_Temporal[31: BritishCutover AD 2012-07-06, 2012-07-06]" classname="org.threeten.extra.chrono.TestBritishCutoverChronology" time="0"/>
  <testcase name="test_Chronology_isLeapYear_loop" classname="org.threeten.extra.chrono.TestBritishCutoverChronology" time="0.001"/>
  <testcase name="test_badDates[0: 1900, 0, 0]" classname="org.threeten.extra.chrono.TestBritishCutoverChronology" time="0"/>
  <testcase name="test_badDates[1: 1900, -1, 1]" classname="org.threeten.extra.chrono.TestBritishCutoverChronology" time="0"/>
  <testcase name="test_badDates[2: 1900, 0, 1]" classname="org.threeten.extra.chrono.TestBritishCutoverChronology" time="0"/>
  <testcase name="test_badDates[3: 1900, 13, 1]" classname="org.threeten.extra.chrono.TestBritishCutoverChronology" time="0"/>
  <testcase name="test_badDates[4: 1900, 14, 1]" classname="org.threeten.extra.chrono.TestBritishCutoverChronology" time="0"/>
  <testcase name="test_badDates[5: 1900, 1, -1]" classname="org.threeten.extra.chrono.TestBritishCutoverChronology" time="0"/>
  <testcase name="test_badDates[6: 1900, 1, 0]" classname="org.threeten.extra.chrono.TestBritishCutoverChronology" time="0"/>
  <testcase name="test_badDates[7: 1900, 1, 32]" classname="org.threeten.extra.chrono.TestBritishCutoverChronology" time="0"/>
  <testcase name="test_badDates[8: 1900, 2, -1]" classname="org.threeten.extra.chrono.TestBritishCutoverChronology" time="0"/>
  <testcase name="test_badDates[9: 1900, 2, 0]" classname="org.threeten.extra.chrono.TestBritishCutoverChronology" time="0"/>
  <testcase name="test_badDates[10: 1900, 2, 30]" classname="org.threeten.extra.chrono.TestBritishCutoverChronology" time="0"/>
  <testcase name="test_badDates[11: 1900, 2, 31]" classname="org.threeten.extra.chrono.TestBritishCutoverChronology" time="0"/>
  <testcase name="test_badDates[12: 1900, 2, 32]" classname="org.threeten.extra.chrono.TestBritishCutoverChronology" time="0"/>
  <testcase name="test_badDates[13: 1899, 2, -1]" classname="org.threeten.extra.chrono.TestBritishCutoverChronology" time="0"/>
  <testcase name="test_badDates[14: 1899, 2, 0]" classname="org.threeten.extra.chrono.TestBritishCutoverChronology" time="0"/>
  <testcase name="test_badDates[15: 1899, 2, 29]" classname="org.threeten.extra.chrono.TestBritishCutoverChronology" time="0.001"/>
  <testcase name="test_badDates[16: 1899, 2, 30]" classname="org.threeten.extra.chrono.TestBritishCutoverChronology" time="0"/>
  <testcase name="test_badDates[17: 1899, 2, 31]" classname="org.threeten.extra.chrono.TestBritishCutoverChronology" time="0"/>
  <testcase name="test_badDates[18: 1899, 2, 32]" classname="org.threeten.extra.chrono.TestBritishCutoverChronology" time="0"/>
  <testcase name="test_badDates[19: 1900, 12, -1]" classname="org.threeten.extra.chrono.TestBritishCutoverChronology" time="0"/>
  <testcase name="test_badDates[20: 1900, 12, 0]" classname="org.threeten.extra.chrono.TestBritishCutoverChronology" time="0"/>
  <testcase name="test_badDates[21: 1900, 12, 32]" classname="org.threeten.extra.chrono.TestBritishCutoverChronology" time="0"/>
  <testcase name="test_badDates[22: 1900, 3, 32]" classname="org.threeten.extra.chrono.TestBritishCutoverChronology" time="0"/>
  <testcase name="test_badDates[23: 1900, 4, 31]" classname="org.threeten.extra.chrono.TestBritishCutoverChronology" time="0"/>
  <testcase name="test_badDates[24: 1900, 5, 32]" classname="org.threeten.extra.chrono.TestBritishCutoverChronology" time="0"/>
  <testcase name="test_badDates[25: 1900, 6, 31]" classname="org.threeten.extra.chrono.TestBritishCutoverChronology" time="0"/>
  <testcase name="test_badDates[26: 1900, 7, 32]" classname="org.threeten.extra.chrono.TestBritishCutoverChronology" time="0"/>
  <testcase name="test_badDates[27: 1900, 8, 32]" classname="org.threeten.extra.chrono.TestBritishCutoverChronology" time="0"/>
  <testcase name="test_badDates[28: 1900, 9, 31]" classname="org.threeten.extra.chrono.TestBritishCutoverChronology" time="0"/>
  <testcase name="test_badDates[29: 1900, 10, 32]" classname="org.threeten.extra.chrono.TestBritishCutoverChronology" time="0"/>
  <testcase name="test_badDates[30: 1900, 11, 31]" classname="org.threeten.extra.chrono.TestBritishCutoverChronology" time="0"/>
  <testcase name="test_getLong_unsupported" classname="org.threeten.extra.chrono.TestBritishCutoverChronology" time="0"/>
  <testcase name="test_until_CLD_plus[0: 1752, 7, 2, 1752, 7, 1, 0, 0, -1]" classname="org.threeten.extra.chrono.TestBritishCutoverChronology" time="0"/>
  <testcase name="test_until_CLD_plus[1: 1752, 7, 2, 1752, 7, 2, 0, 0, 0]" classname="org.threeten.extra.chrono.TestBritishCutoverChronology" time="0"/>
  <testcase name="test_until_CLD_plus[2: 1752, 7, 2, 1752, 9, 1, 0, 1, 30]" classname="org.threeten.extra.chrono.TestBritishCutoverChronology" time="0"/>
  <testcase name="test_until_CLD_plus[3: 1752, 7, 2, 1752, 9, 2, 0, 2, 0]" classname="org.threeten.extra.chrono.TestBritishCutoverChronology" time="0"/>
  <testcase name="test_until_CLD_plus[4: 1752, 7, 2, 1752, 9, 14, 0, 2, 1]" classname="org.threeten.extra.chrono.TestBritishCutoverChronology" time="0"/>
  <testcase name="test_until_CLD_plus[5: 1752, 7, 2, 1752, 9, 30, 0, 2, 17]" classname="org.threeten.extra.chrono.TestBritishCutoverChronology" time="0"/>
  <testcase name="test_until_CLD_plus[6: 1752, 7, 2, 1752, 10, 1, 0, 2, 18]" classname="org.threeten.extra.chrono.TestBritishCutoverChronology" time="0"/>
  <testcase name="test_until_CLD_plus[7: 1752, 7, 2, 1752, 10, 2, 0, 3, 0]" classname="org.threeten.extra.chrono.TestBritishCutoverChronology" time="0"/>
  <testcase name="test_until_CLD_plus[8: 1752, 7, 2, 1752, 10, 3, 0, 3, 1]" classname="org.threeten.extra.chrono.TestBritishCutoverChronology" time="0"/>
  <testcase name="test_until_CLD_plus[9: 1752, 7, 2, 1752, 10, 30, 0, 3, 28]" classname="org.threeten.extra.chrono.TestBritishCutoverChronology" time="0"/>
  <testcase name="test_until_CLD_plus[10: 1752, 7, 2, 1752, 11, 1, 0, 3, 30]" classname="org.threeten.extra.chrono.TestBritishCutoverChronology" time="0"/>
  <testcase name="test_until_CLD_plus[11: 1752, 7, 2, 1752, 11, 2, 0, 4, 0]" classname="org.threeten.extra.chrono.TestBritishCutoverChronology" time="0"/>
  <testcase name="test_until_CLD_plus[12: 1752, 7, 3, 1752, 9, 2, 0, 1, 30]" classname="org.threeten.extra.chrono.TestBritishCutoverChronology" time="0"/>
  <testcase name="test_until_CLD_plus[13: 1752, 7, 3, 1752, 9, 14, 0, 2, 0]" classname="org.threeten.extra.chrono.TestBritishCutoverChronology" time="0"/>
  <testcase name="test_until_CLD_plus[14: 1752, 7, 3, 1752, 9, 15, 0, 2, 1]" classname="org.threeten.extra.chrono.TestBritishCutoverChronology" time="0"/>
  <testcase name="test_until_CLD_plus[15: 1752, 7, 3, 1752, 9, 30, 0, 2, 16]" classname="org.threeten.extra.chrono.TestBritishCutoverChronology" time="0"/>
  <testcase name="test_until_CLD_plus[16: 1752, 7, 3, 1752, 10, 1, 0, 2, 17]" classname="org.threeten.extra.chrono.TestBritishCutoverChronology" time="0"/>
  <testcase name="test_until_CLD_plus[17: 1752, 7, 3, 1752, 10, 3, 0, 3, 0]" classname="org.threeten.extra.chrono.TestBritishCutoverChronology" time="0"/>
  <testcase name="test_until_CLD_plus[18: 1752, 7, 3, 1752, 10, 4, 0, 3, 1]" classname="org.threeten.extra.chrono.TestBritishCutoverChronology" time="0"/>
  <testcase name="test_until_CLD_plus[19: 1752, 7, 4, 1752, 9, 2, 0, 1, 29]" classname="org.threeten.extra.chrono.TestBritishCutoverChronology" time="0"/>
  <testcase name="test_until_CLD_plus[20: 1752, 7, 4, 1752, 9, 14, 0, 1, 30]" classname="org.threeten.extra.chrono.TestBritishCutoverChronology" time="0"/>
  <testcase name="test_until_CLD_plus[21: 1752, 7, 4, 1752, 9, 15, 0, 2, 0]" classname="org.threeten.extra.chrono.TestBritishCutoverChronology" time="0"/>
  <testcase name="test_until_CLD_plus[22: 1752, 7, 4, 1752, 9, 30, 0, 2, 15]" classname="org.threeten.extra.chrono.TestBritishCutoverChronology" time="0"/>
  <testcase name="test_until_CLD_plus[23: 1752, 7, 4, 1752, 10, 1, 0, 2, 16]" classname="org.threeten.extra.chrono.TestBritishCutoverChronology" time="0"/>
  <testcase name="test_until_CLD_plus[24: 1752, 7, 4, 1752, 10, 4, 0, 3, 0]" classname="org.threeten.extra.chrono.TestBritishCutoverChronology" time="0"/>
  <testcase name="test_until_CLD_plus[25: 1752, 7, 4, 1752, 10, 5, 0, 3, 1]" classname="org.threeten.extra.chrono.TestBritishCutoverChronology" time="0"/>
  <testcase name="test_until_CLD_plus[26: 1752, 7, 13, 1752, 9, 2, 0, 1, 20]" classname="org.threeten.extra.chrono.TestBritishCutoverChronology" time="0"/>
  <testcase name="test_until_CLD_plus[27: 1752, 7, 13, 1752, 9, 14, 0, 1, 21]" classname="org.threeten.extra.chrono.TestBritishCutoverChronology" time="0"/>
  <testcase name="test_until_CLD_plus[28: 1752, 7, 13, 1752, 9, 24, 0, 2, 0]" classname="org.threeten.extra.chrono.TestBritishCutoverChronology" time="0"/>
  <testcase name="test_until_CLD_plus[29: 1752, 7, 13, 1752, 9, 30, 0, 2, 6]" classname="org.threeten.extra.chrono.TestBritishCutoverChronology" time="0"/>
  <testcase name="test_until_CLD_plus[30: 1752, 7, 13, 1752, 10, 1, 0, 2, 7]" classname="org.threeten.extra.chrono.TestBritishCutoverChronology" time="0"/>
  <testcase name="test_until_CLD_plus[31: 1752, 7, 13, 1752, 10, 12, 0, 2, 18]" classname="org.threeten.extra.chrono.TestBritishCutoverChronology" time="0.001"/>
  <testcase name="test_until_CLD_plus[32: 1752, 7, 13, 1752, 10, 13, 0, 3, 0]" classname="org.threeten.extra.chrono.TestBritishCutoverChronology" time="0"/>
  <testcase name="test_until_CLD_plus[33: 1752, 7, 13, 1752, 10, 14, 0, 3, 1]" classname="org.threeten.extra.chrono.TestBritishCutoverChronology" time="0"/>
  <testcase name="test_until_CLD_plus[34: 1752, 7, 14, 1752, 9, 2, 0, 1, 19]" classname="org.threeten.extra.chrono.TestBritishCutoverChronology" time="0"/>
  <testcase name="test_until_CLD_plus[35: 1752, 7, 14, 1752, 9, 14, 0, 2, 0]" classname="org.threeten.extra.chrono.TestBritishCutoverChronology" time="0"/>
  <testcase name="test_until_CLD_plus[36: 1752, 7, 14, 1752, 9, 15, 0, 2, 1]" classname="org.threeten.extra.chrono.TestBritishCutoverChronology" time="0"/>
  <testcase name="test_until_CLD_plus[37: 1752, 7, 14, 1752, 9, 30, 0, 2, 16]" classname="org.threeten.extra.chrono.TestBritishCutoverChronology" time="0"/>
  <testcase name="test_until_CLD_plus[38: 1752, 7, 14, 1752, 10, 1, 0, 2, 17]" classname="org.threeten.extra.chrono.TestBritishCutoverChronology" time="0"/>
  <testcase name="test_until_CLD_plus[39: 1752, 7, 14, 1752, 10, 13, 0, 2, 29]" classname="org.threeten.extra.chrono.TestBritishCutoverChronology" time="0"/>
  <testcase name="test_until_CLD_plus[40: 1752, 7, 14, 1752, 10, 14, 0, 3, 0]" classname="org.threeten.extra.chrono.TestBritishCutoverChronology" time="0"/>
  <testcase name="test_until_CLD_plus[41: 1752, 7, 14, 1752, 10, 15, 0, 3, 1]" classname="org.threeten.extra.chrono.TestBritishCutoverChronology" time="0"/>
  <testcase name="test_until_CLD_plus[42: 1752, 8, 2, 1752, 9, 2, 0, 1, 0]" classname="org.threeten.extra.chrono.TestBritishCutoverChronology" time="0"/>
  <testcase name="test_until_CLD_plus[43: 1752, 8, 2, 1752, 9, 14, 0, 1, 1]" classname="org.threeten.extra.chrono.TestBritishCutoverChronology" time="0"/>
  <testcase name="test_until_CLD_plus[44: 1752, 8, 2, 1752, 9, 30, 0, 1, 17]" classname="org.threeten.extra.chrono.TestBritishCutoverChronology" time="0"/>
  <testcase name="test_until_CLD_plus[45: 1752, 8, 2, 1752, 10, 1, 0, 1, 18]" classname="org.threeten.extra.chrono.TestBritishCutoverChronology" time="0"/>
  <testcase name="test_until_CLD_plus[46: 1752, 8, 2, 1752, 10, 2, 0, 2, 0]" classname="org.threeten.extra.chrono.TestBritishCutoverChronology" time="0"/>
  <testcase name="test_until_CLD_plus[47: 1752, 8, 2, 1752, 10, 3, 0, 2, 1]" classname="org.threeten.extra.chrono.TestBritishCutoverChronology" time="0"/>
  <testcase name="test_until_CLD_plus[48: 1752, 8, 2, 1752, 10, 30, 0, 2, 28]" classname="org.threeten.extra.chrono.TestBritishCutoverChronology" time="0"/>
  <testcase name="test_until_CLD_plus[49: 1752, 8, 16, 1752, 9, 2, 0, 0, 17]" classname="org.threeten.extra.chrono.TestBritishCutoverChronology" time="0"/>
  <testcase name="test_until_CLD_plus[50: 1752, 8, 16, 1752, 9, 14, 0, 0, 18]" classname="org.threeten.extra.chrono.TestBritishCutoverChronology" time="0"/>
  <testcase name="test_until_CLD_plus[51: 1752, 8, 16, 1752, 9, 15, 0, 0, 19]" classname="org.threeten.extra.chrono.TestBritishCutoverChronology" time="0"/>
  <testcase name="test_until_CLD_plus[52: 1752, 8, 16, 1752, 9, 16, 0, 1, 0]" classname="org.threeten.extra.chrono.TestBritishCutoverChronology" time="0"/>
  <testcase name="test_until_CLD_plus[53: 1752, 8, 16, 1752, 10, 2, 0, 1, 16]" classname="org.threeten.extra.chrono.TestBritishCutoverChronology" time="0"/>
  <testcase name="test_until_CLD_plus[54: 1752, 8, 16, 1752, 10, 15, 0, 1, 29]" classname="org.threeten.extra.chrono.TestBritishCutoverChronology" time="0"/>
  <testcase name="test_until_CLD_plus[55: 1752, 8, 16, 1752, 10, 16, 0, 2, 0]" classname="org.threeten.extra.chrono.TestBritishCutoverChronology" time="0"/>
  <testcase name="test_until_CLD_plus[56: 1752, 8, 16, 1752, 10, 17, 0, 2, 1]" classname="org.threeten.extra.chrono.TestBritishCutoverChronology" time="0"/>
  <testcase name="test_until_CLD_plus[57: 1752, 9, 1, 1752, 8, 31, 0, 0, -1]" classname="org.threeten.extra.chrono.TestBritishCutoverChronology" time="0"/>
  <testcase name="test_until_CLD_plus[58: 1752, 9, 1, 1752, 9, 1, 0, 0, 0]" classname="org.threeten.extra.chrono.TestBritishCutoverChronology" time="0"/>
  <testcase name="test_until_CLD_plus[59: 1752, 9, 1, 1752, 9, 2, 0, 0, 1]" classname="org.threeten.extra.chrono.TestBritishCutoverChronology" time="0"/>
  <testcase name="test_until_CLD_plus[60: 1752, 9, 1, 1752, 9, 14, 0, 0, 2]" classname="org.threeten.extra.chrono.TestBritishCutoverChronology" time="0"/>
  <testcase name="test_until_CLD_plus[61: 1752, 9, 1, 1752, 9, 15, 0, 0, 3]" classname="org.threeten.extra.chrono.TestBritishCutoverChronology" time="0"/>
  <testcase name="test_until_CLD_plus[62: 1752, 9, 1, 1752, 9, 30, 0, 0, 18]" classname="org.threeten.extra.chrono.TestBritishCutoverChronology" time="0"/>
  <testcase name="test_until_CLD_plus[63: 1752, 9, 1, 1752, 10, 1, 0, 1, 0]" classname="org.threeten.extra.chrono.TestBritishCutoverChronology" time="0.001"/>
  <testcase name="test_until_CLD_plus[64: 1752, 9, 1, 1752, 10, 2, 0, 1, 1]" classname="org.threeten.extra.chrono.TestBritishCutoverChronology" time="0"/>
  <testcase name="test_until_CLD_plus[65: 1752, 9, 2, 1752, 8, 31, 0, 0, -2]" classname="org.threeten.extra.chrono.TestBritishCutoverChronology" time="0"/>
  <testcase name="test_until_CLD_plus[66: 1752, 9, 2, 1752, 9, 1, 0, 0, -1]" classname="org.threeten.extra.chrono.TestBritishCutoverChronology" time="0"/>
  <testcase name="test_until_CLD_plus[67: 1752, 9, 2, 1752, 9, 2, 0, 0, 0]" classname="org.threeten.extra.chrono.TestBritishCutoverChronology" time="0"/>
  <testcase name="test_until_CLD_plus[68: 1752, 9, 2, 1752, 9, 14, 0, 0, 1]" classname="org.threeten.extra.chrono.TestBritishCutoverChronology" time="0"/>
  <testcase name="test_until_CLD_plus[69: 1752, 9, 2, 1752, 9, 30, 0, 0, 17]" classname="org.threeten.extra.chrono.TestBritishCutoverChronology" time="0"/>
  <testcase name="test_until_CLD_plus[70: 1752, 9, 2, 1752, 10, 1, 0, 0, 18]" classname="org.threeten.extra.chrono.TestBritishCutoverChronology" time="0"/>
  <testcase name="test_until_CLD_plus[71: 1752, 9, 2, 1752, 10, 2, 0, 1, 0]" classname="org.threeten.extra.chrono.TestBritishCutoverChronology" time="0"/>
  <testcase name="test_until_CLD_plus[72: 1752, 9, 2, 1752, 10, 3, 0, 1, 1]" classname="org.threeten.extra.chrono.TestBritishCutoverChronology" time="0"/>
  <testcase name="test_until_CLD_plus[73: 1752, 9, 2, 1752, 11, 1, 0, 1, 30]" classname="org.threeten.extra.chrono.TestBritishCutoverChronology" time="0"/>
  <testcase name="test_until_CLD_plus[74: 1752, 9, 2, 1752, 11, 2, 0, 2, 0]" classname="org.threeten.extra.chrono.TestBritishCutoverChronology" time="0"/>
  <testcase name="test_until_CLD_plus[75: 1752, 9, 2, 1752, 11, 3, 0, 2, 1]" classname="org.threeten.extra.chrono.TestBritishCutoverChronology" time="0"/>
  <testcase name="test_until_CLD_plus[76: 1752, 9, 14, 1752, 7, 13, 0, -2, -1]" classname="org.threeten.extra.chrono.TestBritishCutoverChronology" time="0"/>
  <testcase name="test_until_CLD_plus[77: 1752, 9, 14, 1752, 7, 14, 0, -2, 0]" classname="org.threeten.extra.chrono.TestBritishCutoverChronology" time="0"/>
  <testcase name="test_until_CLD_plus[78: 1752, 9, 14, 1752, 8, 13, 0, -1, -1]" classname="org.threeten.extra.chrono.TestBritishCutoverChronology" time="0"/>
  <testcase name="test_until_CLD_plus[79: 1752, 9, 14, 1752, 8, 14, 0, -1, 0]" classname="org.threeten.extra.chrono.TestBritishCutoverChronology" time="0"/>
  <testcase name="test_until_CLD_plus[80: 1752, 9, 14, 1752, 8, 15, 0, 0, -19]" classname="org.threeten.extra.chrono.TestBritishCutoverChronology" time="0"/>
  <testcase name="test_until_CLD_plus[81: 1752, 9, 14, 1752, 8, 31, 0, 0, -3]" classname="org.threeten.extra.chrono.TestBritishCutoverChronology" time="0"/>
  <testcase name="test_until_CLD_plus[82: 1752, 9, 14, 1752, 9, 1, 0, 0, -2]" classname="org.threeten.extra.chrono.TestBritishCutoverChronology" time="0"/>
  <testcase name="test_until_CLD_plus[83: 1752, 9, 14, 1752, 9, 2, 0, 0, -1]" classname="org.threeten.extra.chrono.TestBritishCutoverChronology" time="0"/>
  <testcase name="test_until_CLD_plus[84: 1752, 9, 14, 1752, 9, 14, 0, 0, 0]" classname="org.threeten.extra.chrono.TestBritishCutoverChronology" time="0"/>
  <testcase name="test_until_CLD_plus[85: 1752, 9, 14, 1752, 9, 15, 0, 0, 1]" classname="org.threeten.extra.chrono.TestBritishCutoverChronology" time="0"/>
  <testcase name="test_until_CLD_plus[86: 1752, 9, 14, 1752, 9, 30, 0, 0, 16]" classname="org.threeten.extra.chrono.TestBritishCutoverChronology" time="0"/>
  <testcase name="test_until_CLD_plus[87: 1752, 9, 14, 1752, 10, 13, 0, 0, 29]" classname="org.threeten.extra.chrono.TestBritishCutoverChronology" time="0"/>
  <testcase name="test_until_CLD_plus[88: 1752, 9, 14, 1752, 10, 14, 0, 1, 0]" classname="org.threeten.extra.chrono.TestBritishCutoverChronology" time="0"/>
  <testcase name="test_until_CLD_plus[89: 1752, 9, 14, 1752, 10, 15, 0, 1, 1]" classname="org.threeten.extra.chrono.TestBritishCutoverChronology" time="0"/>
  <testcase name="test_until_CLD_plus[90: 1752, 9, 24, 1752, 7, 23, 0, -2, -1]" classname="org.threeten.extra.chrono.TestBritishCutoverChronology" time="0"/>
  <testcase name="test_until_CLD_plus[91: 1752, 9, 24, 1752, 7, 24, 0, -2, 0]" classname="org.threeten.extra.chrono.TestBritishCutoverChronology" time="0"/>
  <testcase name="test_until_CLD_plus[92: 1752, 9, 24, 1752, 8, 23, 0, -1, -1]" classname="org.threeten.extra.chrono.TestBritishCutoverChronology" time="0"/>
  <testcase name="test_until_CLD_plus[93: 1752, 9, 24, 1752, 8, 24, 0, -1, 0]" classname="org.threeten.extra.chrono.TestBritishCutoverChronology" time="0"/>
  <testcase name="test_until_CLD_plus[94: 1752, 9, 24, 1752, 8, 25, 0, 0, -19]" classname="org.threeten.extra.chrono.TestBritishCutoverChronology" time="0"/>
  <testcase name="test_until_CLD_plus[95: 1752, 9, 24, 1752, 8, 31, 0, 0, -13]" classname="org.threeten.extra.chrono.TestBritishCutoverChronology" time="0"/>
  <testcase name="test_until_CLD_plus[96: 1752, 9, 24, 1752, 9, 1, 0, 0, -12]" classname="org.threeten.extra.chrono.TestBritishCutoverChronology" time="0.001"/>
  <testcase name="test_until_CLD_plus[97: 1752, 9, 24, 1752, 9, 2, 0, 0, -11]" classname="org.threeten.extra.chrono.TestBritishCutoverChronology" time="0"/>
  <testcase name="test_until_CLD_plus[98: 1752, 9, 24, 1752, 9, 14, 0, 0, -10]" classname="org.threeten.extra.chrono.TestBritishCutoverChronology" time="0"/>
  <testcase name="test_until_CLD_plus[99: 1752, 9, 24, 1752, 9, 23, 0, 0, -1]" classname="org.threeten.extra.chrono.TestBritishCutoverChronology" time="0"/>
  <testcase name="test_until_CLD_plus[100: 1752, 9, 24, 1752, 9, 24, 0, 0, 0]" classname="org.threeten.extra.chrono.TestBritishCutoverChronology" time="0"/>
  <testcase name="test_until_CLD_plus[101: 1752, 9, 24, 1752, 9, 25, 0, 0, 1]" classname="org.threeten.extra.chrono.TestBritishCutoverChronology" time="0"/>
  <testcase name="test_until_CLD_plus[102: 1752, 9, 24, 1752, 9, 30, 0, 0, 6]" classname="org.threeten.extra.chrono.TestBritishCutoverChronology" time="0"/>
  <testcase name="test_until_CLD_plus[103: 1752, 9, 24, 1752, 10, 23, 0, 0, 29]" classname="org.threeten.extra.chrono.TestBritishCutoverChronology" time="0"/>
  <testcase name="test_until_CLD_plus[104: 1752, 9, 24, 1752, 10, 24, 0, 1, 0]" classname="org.threeten.extra.chrono.TestBritishCutoverChronology" time="0"/>
  <testcase name="test_until_CLD_plus[105: 1752, 9, 24, 1752, 10, 25, 0, 1, 1]" classname="org.threeten.extra.chrono.TestBritishCutoverChronology" time="0"/>
  <testcase name="test_until_CLD_plus[106: 1752, 10, 3, 1752, 10, 1, 0, 0, -2]" classname="org.threeten.extra.chrono.TestBritishCutoverChronology" time="0"/>
  <testcase name="test_until_CLD_plus[107: 1752, 10, 3, 1752, 9, 30, 0, 0, -3]" classname="org.threeten.extra.chrono.TestBritishCutoverChronology" time="0"/>
  <testcase name="test_until_CLD_plus[108: 1752, 10, 3, 1752, 9, 16, 0, 0, -17]" classname="org.threeten.extra.chrono.TestBritishCutoverChronology" time="0"/>
  <testcase name="test_until_CLD_plus[109: 1752, 10, 3, 1752, 9, 15, 0, 0, -18]" classname="org.threeten.extra.chrono.TestBritishCutoverChronology" time="0"/>
  <testcase name="test_until_CLD_plus[110: 1752, 10, 3, 1752, 9, 14, 0, 0, -19]" classname="org.threeten.extra.chrono.TestBritishCutoverChronology" time="0"/>
  <testcase name="test_until_CLD_plus[111: 1752, 10, 3, 1752, 9, 2, 0, -1, -1]" classname="org.threeten.extra.chrono.TestBritishCutoverChronology" time="0"/>
  <testcase name="test_until_CLD_plus[112: 1752, 10, 3, 1752, 9, 1, 0, -1, -2]" classname="org.threeten.extra.chrono.TestBritishCutoverChronology" time="0"/>
  <testcase name="test_until_CLD_plus[113: 1752, 10, 3, 1752, 8, 31, 0, -1, -3]" classname="org.threeten.extra.chrono.TestBritishCutoverChronology" time="0"/>
  <testcase name="test_until_CLD_plus[114: 1752, 10, 3, 1752, 8, 4, 0, -1, -30]" classname="org.threeten.extra.chrono.TestBritishCutoverChronology" time="0"/>
  <testcase name="test_until_CLD_plus[115: 1752, 10, 3, 1752, 8, 3, 0, -2, 0]" classname="org.threeten.extra.chrono.TestBritishCutoverChronology" time="0"/>
  <testcase name="test_until_CLD_plus[116: 1752, 10, 3, 1752, 8, 2, 0, -2, -1]" classname="org.threeten.extra.chrono.TestBritishCutoverChronology" time="0"/>
  <testcase name="test_until_CLD_plus[117: 1752, 10, 4, 1752, 10, 1, 0, 0, -3]" classname="org.threeten.extra.chrono.TestBritishCutoverChronology" time="0"/>
  <testcase name="test_until_CLD_plus[118: 1752, 10, 4, 1752, 9, 30, 0, 0, -4]" classname="org.threeten.extra.chrono.TestBritishCutoverChronology" time="0"/>
  <testcase name="test_until_CLD_plus[119: 1752, 10, 4, 1752, 9, 16, 0, 0, -18]" classname="org.threeten.extra.chrono.TestBritishCutoverChronology" time="0"/>
  <testcase name="test_until_CLD_plus[120: 1752, 10, 4, 1752, 9, 15, 0, 0, -19]" classname="org.threeten.extra.chrono.TestBritishCutoverChronology" time="0"/>
  <testcase name="test_until_CLD_plus[121: 1752, 10, 4, 1752, 9, 14, 0, 0, -20]" classname="org.threeten.extra.chrono.TestBritishCutoverChronology" time="0"/>
  <testcase name="test_until_CLD_plus[122: 1752, 10, 4, 1752, 9, 2, 0, -1, -2]" classname="org.threeten.extra.chrono.TestBritishCutoverChronology" time="0"/>
  <testcase name="test_until_CLD_plus[123: 1752, 10, 4, 1752, 9, 1, 0, -1, -3]" classname="org.threeten.extra.chrono.TestBritishCutoverChronology" time="0"/>
  <testcase name="test_until_CLD_plus[124: 1752, 10, 4, 1752, 8, 31, 0, -1, -4]" classname="org.threeten.extra.chrono.TestBritishCutoverChronology" time="0"/>
  <testcase name="test_until_CLD_plus[125: 1752, 10, 4, 1752, 8, 5, 0, -1, -30]" classname="org.threeten.extra.chrono.TestBritishCutoverChronology" time="0"/>
  <testcase name="test_until_CLD_plus[126: 1752, 10, 4, 1752, 8, 4, 0, -2, 0]" classname="org.threeten.extra.chrono.TestBritishCutoverChronology" time="0"/>
  <testcase name="test_until_CLD_plus[127: 1752, 10, 4, 1752, 8, 3, 0, -2, -1]" classname="org.threeten.extra.chrono.TestBritishCutoverChronology" time="0"/>
  <testcase name="test_LocalDate_from_BritishCutoverDate[0: BritishCutover AD 1-01-01, 0000-12-30]" classname="org.threeten.extra.chrono.TestBritishCutoverChronology" time="0"/>
  <testcase name="test_LocalDate_from_BritishCutoverDate[1: BritishCutover AD 1-01-02, 0000-12-31]" classname="org.threeten.extra.chrono.TestBritishCutoverChronology" time="0"/>
  <testcase name="test_LocalDate_from_BritishCutoverDate[2: BritishCutover AD 1-01-03, 0001-01-01]" classname="org.threeten.extra.chrono.TestBritishCutoverChronology" time="0"/>
  <testcase name="test_LocalDate_from_BritishCutoverDate[3: BritishCutover AD 1-02-28, 0001-02-26]" classname="org.threeten.extra.chrono.TestBritishCutoverChronology" time="0"/>
  <testcase name="test_LocalDate_from_BritishCutoverDate[4: BritishCutover AD 1-03-01, 0001-02-27]" classname="org.threeten.extra.chrono.TestBritishCutoverChronology" time="0"/>
  <testcase name="test_LocalDate_from_BritishCutoverDate[5: BritishCutover AD 1-03-02, 0001-02-28]" classname="org.threeten.extra.chrono.TestBritishCutoverChronology" time="0"/>
  <testcase name="test_LocalDate_from_BritishCutoverDate[6: BritishCutover AD 1-03-03, 0001-03-01]" classname="org.threeten.extra.chrono.TestBritishCutoverChronology" time="0"/>
  <testcase name="test_LocalDate_from_BritishCutoverDate[7: BritishCutover AD 4-02-28, 0004-02-26]" classname="org.threeten.extra.chrono.TestBritishCutoverChronology" time="0"/>
  <testcase name="test_LocalDate_from_BritishCutoverDate[8: BritishCutover AD 4-02-29, 0004-02-27]" classname="org.threeten.extra.chrono.TestBritishCutoverChronology" time="0"/>
  <testcase name="test_LocalDate_from_BritishCutoverDate[9: BritishCutover AD 4-03-01, 0004-02-28]" classname="org.threeten.extra.chrono.TestBritishCutoverChronology" time="0"/>
  <testcase name="test_LocalDate_from_BritishCutoverDate[10: BritishCutover AD 4-03-02, 0004-02-29]" classname="org.threeten.extra.chrono.TestBritishCutoverChronology" time="0"/>
  <testcase name="test_LocalDate_from_BritishCutoverDate[11: BritishCutover AD 4-03-03, 0004-03-01]" classname="org.threeten.extra.chrono.TestBritishCutoverChronology" time="0"/>
  <testcase name="test_LocalDate_from_BritishCutoverDate[12: BritishCutover AD 100-02-28, 0100-02-26]" classname="org.threeten.extra.chrono.TestBritishCutoverChronology" time="0"/>
  <testcase name="test_LocalDate_from_BritishCutoverDate[13: BritishCutover AD 100-02-29, 0100-02-27]" classname="org.threeten.extra.chrono.TestBritishCutoverChronology" time="0"/>
  <testcase name="test_LocalDate_from_BritishCutoverDate[14: BritishCutover AD 100-03-01, 0100-02-28]" classname="org.threeten.extra.chrono.TestBritishCutoverChronology" time="0"/>
  <testcase name="test_LocalDate_from_BritishCutoverDate[15: BritishCutover AD 100-03-02, 0100-03-01]" classname="org.threeten.extra.chrono.TestBritishCutoverChronology" time="0"/>
  <testcase name="test_LocalDate_from_BritishCutoverDate[16: BritishCutover AD 100-03-03, 0100-03-02]" classname="org.threeten.extra.chrono.TestBritishCutoverChronology" time="0"/>
  <testcase name="test_LocalDate_from_BritishCutoverDate[17: BritishCutover BC 1-12-31, 0000-12-29]" classname="org.threeten.extra.chrono.TestBritishCutoverChronology" time="0"/>
  <testcase name="test_LocalDate_from_BritishCutoverDate[18: BritishCutover BC 1-12-30, 0000-12-28]" classname="org.threeten.extra.chrono.TestBritishCutoverChronology" time="0"/>
  <testcase name="test_LocalDate_from_BritishCutoverDate[19: BritishCutover AD 1582-10-04, 1582-10-14]" classname="org.threeten.extra.chrono.TestBritishCutoverChronology" time="0"/>
  <testcase name="test_LocalDate_from_BritishCutoverDate[20: BritishCutover AD 1582-10-05, 1582-10-15]" classname="org.threeten.extra.chrono.TestBritishCutoverChronology" time="0"/>
  <testcase name="test_LocalDate_from_BritishCutoverDate[21: BritishCutover AD 1751-12-20, 1751-12-31]" classname="org.threeten.extra.chrono.TestBritishCutoverChronology" time="0"/>
  <testcase name="test_LocalDate_from_BritishCutoverDate[22: BritishCutover AD 1751-12-31, 1752-01-11]" classname="org.threeten.extra.chrono.TestBritishCutoverChronology" time="0"/>
  <testcase name="test_LocalDate_from_BritishCutoverDate[23: BritishCutover AD 1752-01-01, 1752-01-12]" classname="org.threeten.extra.chrono.TestBritishCutoverChronology" time="0"/>
  <testcase name="test_LocalDate_from_BritishCutoverDate[24: BritishCutover AD 1752-09-01, 1752-09-12]" classname="org.threeten.extra.chrono.TestBritishCutoverChronology" time="0"/>
  <testcase name="test_LocalDate_from_BritishCutoverDate[25: BritishCutover AD 1752-09-02, 1752-09-13]" classname="org.threeten.extra.chrono.TestBritishCutoverChronology" time="0"/>
  <testcase name="test_LocalDate_from_BritishCutoverDate[26: BritishCutover AD 1752-09-14, 1752-09-14]" classname="org.threeten.extra.chrono.TestBritishCutoverChronology" time="0"/>
  <testcase name="test_LocalDate_from_BritishCutoverDate[27: BritishCutover AD 1752-09-24, 1752-09-24]" classname="org.threeten.extra.chrono.TestBritishCutoverChronology" time="0"/>
  <testcase name="test_LocalDate_from_BritishCutoverDate[28: BritishCutover AD 1752-09-14, 1752-09-14]" classname="org.threeten.extra.chrono.TestBritishCutoverChronology" time="0"/>
  <testcase name="test_LocalDate_from_BritishCutoverDate[29: BritishCutover AD 1945-11-12, 1945-11-12]" classname="org.threeten.extra.chrono.TestBritishCutoverChronology" time="0"/>
  <testcase name="test_LocalDate_from_BritishCutoverDate[30: BritishCutover AD 2012-07-05, 2012-07-05]" classname="org.threeten.extra.chrono.TestBritishCutoverChronology" time="0"/>
  <testcase name="test_LocalDate_from_BritishCutoverDate[31: BritishCutover AD 2012-07-06, 2012-07-06]" classname="org.threeten.extra.chrono.TestBritishCutoverChronology" time="0"/>
  <testcase name="test_plusDays[0: BritishCutover AD 1-01-01, 0000-12-30]" classname="org.threeten.extra.chrono.TestBritishCutoverChronology" time="0"/>
  <testcase name="test_plusDays[1: BritishCutover AD 1-01-02, 0000-12-31]" classname="org.threeten.extra.chrono.TestBritishCutoverChronology" time="0"/>
  <testcase name="test_plusDays[2: BritishCutover AD 1-01-03, 0001-01-01]" classname="org.threeten.extra.chrono.TestBritishCutoverChronology" time="0"/>
  <testcase name="test_plusDays[3: BritishCutover AD 1-02-28, 0001-02-26]" classname="org.threeten.extra.chrono.TestBritishCutoverChronology" time="0"/>
  <testcase name="test_plusDays[4: BritishCutover AD 1-03-01, 0001-02-27]" classname="org.threeten.extra.chrono.TestBritishCutoverChronology" time="0"/>
  <testcase name="test_plusDays[5: BritishCutover AD 1-03-02, 0001-02-28]" classname="org.threeten.extra.chrono.TestBritishCutoverChronology" time="0"/>
  <testcase name="test_plusDays[6: BritishCutover AD 1-03-03, 0001-03-01]" classname="org.threeten.extra.chrono.TestBritishCutoverChronology" time="0"/>
  <testcase name="test_plusDays[7: BritishCutover AD 4-02-28, 0004-02-26]" classname="org.threeten.extra.chrono.TestBritishCutoverChronology" time="0"/>
  <testcase name="test_plusDays[8: BritishCutover AD 4-02-29, 0004-02-27]" classname="org.threeten.extra.chrono.TestBritishCutoverChronology" time="0"/>
  <testcase name="test_plusDays[9: BritishCutover AD 4-03-01, 0004-02-28]" classname="org.threeten.extra.chrono.TestBritishCutoverChronology" time="0"/>
  <testcase name="test_plusDays[10: BritishCutover AD 4-03-02, 0004-02-29]" classname="org.threeten.extra.chrono.TestBritishCutoverChronology" time="0"/>
  <testcase name="test_plusDays[11: BritishCutover AD 4-03-03, 0004-03-01]" classname="org.threeten.extra.chrono.TestBritishCutoverChronology" time="0"/>
  <testcase name="test_plusDays[12: BritishCutover AD 100-02-28, 0100-02-26]" classname="org.threeten.extra.chrono.TestBritishCutoverChronology" time="0"/>
  <testcase name="test_plusDays[13: BritishCutover AD 100-02-29, 0100-02-27]" classname="org.threeten.extra.chrono.TestBritishCutoverChronology" time="0"/>
  <testcase name="test_plusDays[14: BritishCutover AD 100-03-01, 0100-02-28]" classname="org.threeten.extra.chrono.TestBritishCutoverChronology" time="0"/>
  <testcase name="test_plusDays[15: BritishCutover AD 100-03-02, 0100-03-01]" classname="org.threeten.extra.chrono.TestBritishCutoverChronology" time="0"/>
  <testcase name="test_plusDays[16: BritishCutover AD 100-03-03, 0100-03-02]" classname="org.threeten.extra.chrono.TestBritishCutoverChronology" time="0"/>
  <testcase name="test_plusDays[17: BritishCutover BC 1-12-31, 0000-12-29]" classname="org.threeten.extra.chrono.TestBritishCutoverChronology" time="0"/>
  <testcase name="test_plusDays[18: BritishCutover BC 1-12-30, 0000-12-28]" classname="org.threeten.extra.chrono.TestBritishCutoverChronology" time="0"/>
  <testcase name="test_plusDays[19: BritishCutover AD 1582-10-04, 1582-10-14]" classname="org.threeten.extra.chrono.TestBritishCutoverChronology" time="0"/>
  <testcase name="test_plusDays[20: BritishCutover AD 1582-10-05, 1582-10-15]" classname="org.threeten.extra.chrono.TestBritishCutoverChronology" time="0"/>
  <testcase name="test_plusDays[21: BritishCutover AD 1751-12-20, 1751-12-31]" classname="org.threeten.extra.chrono.TestBritishCutoverChronology" time="0"/>
  <testcase name="test_plusDays[22: BritishCutover AD 1751-12-31, 1752-01-11]" classname="org.threeten.extra.chrono.TestBritishCutoverChronology" time="0"/>
  <testcase name="test_plusDays[23: BritishCutover AD 1752-01-01, 1752-01-12]" classname="org.threeten.extra.chrono.TestBritishCutoverChronology" time="0"/>
  <testcase name="test_plusDays[24: BritishCutover AD 1752-09-01, 1752-09-12]" classname="org.threeten.extra.chrono.TestBritishCutoverChronology" time="0"/>
  <testcase name="test_plusDays[25: BritishCutover AD 1752-09-02, 1752-09-13]" classname="org.threeten.extra.chrono.TestBritishCutoverChronology" time="0"/>
  <testcase name="test_plusDays[26: BritishCutover AD 1752-09-14, 1752-09-14]" classname="org.threeten.extra.chrono.TestBritishCutoverChronology" time="0"/>
  <testcase name="test_plusDays[27: BritishCutover AD 1752-09-24, 1752-09-24]" classname="org.threeten.extra.chrono.TestBritishCutoverChronology" time="0"/>
  <testcase name="test_plusDays[28: BritishCutover AD 1752-09-14, 1752-09-14]" classname="org.threeten.extra.chrono.TestBritishCutoverChronology" time="0"/>
  <testcase name="test_plusDays[29: BritishCutover AD 1945-11-12, 1945-11-12]" classname="org.threeten.extra.chrono.TestBritishCutoverChronology" time="0"/>
  <testcase name="test_plusDays[30: BritishCutover AD 2012-07-05, 2012-07-05]" classname="org.threeten.extra.chrono.TestBritishCutoverChronology" time="0"/>
  <testcase name="test_plusDays[31: BritishCutover AD 2012-07-06, 2012-07-06]" classname="org.threeten.extra.chrono.TestBritishCutoverChronology" time="0"/>
  <testcase name="test_minusDays[0: BritishCutover AD 1-01-01, 0000-12-30]" classname="org.threeten.extra.chrono.TestBritishCutoverChronology" time="0"/>
  <testcase name="test_minusDays[1: BritishCutover AD 1-01-02, 0000-12-31]" classname="org.threeten.extra.chrono.TestBritishCutoverChronology" time="0"/>
  <testcase name="test_minusDays[2: BritishCutover AD 1-01-03, 0001-01-01]" classname="org.threeten.extra.chrono.TestBritishCutoverChronology" time="0"/>
  <testcase name="test_minusDays[3: BritishCutover AD 1-02-28, 0001-02-26]" classname="org.threeten.extra.chrono.TestBritishCutoverChronology" time="0"/>
  <testcase name="test_minusDays[4: BritishCutover AD 1-03-01, 0001-02-27]" classname="org.threeten.extra.chrono.TestBritishCutoverChronology" time="0"/>
  <testcase name="test_minusDays[5: BritishCutover AD 1-03-02, 0001-02-28]" classname="org.threeten.extra.chrono.TestBritishCutoverChronology" time="0"/>
  <testcase name="test_minusDays[6: BritishCutover AD 1-03-03, 0001-03-01]" classname="org.threeten.extra.chrono.TestBritishCutoverChronology" time="0"/>
  <testcase name="test_minusDays[7: BritishCutover AD 4-02-28, 0004-02-26]" classname="org.threeten.extra.chrono.TestBritishCutoverChronology" time="0"/>
  <testcase name="test_minusDays[8: BritishCutover AD 4-02-29, 0004-02-27]" classname="org.threeten.extra.chrono.TestBritishCutoverChronology" time="0"/>
  <testcase name="test_minusDays[9: BritishCutover AD 4-03-01, 0004-02-28]" classname="org.threeten.extra.chrono.TestBritishCutoverChronology" time="0"/>
  <testcase name="test_minusDays[10: BritishCutover AD 4-03-02, 0004-02-29]" classname="org.threeten.extra.chrono.TestBritishCutoverChronology" time="0"/>
  <testcase name="test_minusDays[11: BritishCutover AD 4-03-03, 0004-03-01]" classname="org.threeten.extra.chrono.TestBritishCutoverChronology" time="0"/>
  <testcase name="test_minusDays[12: BritishCutover AD 100-02-28, 0100-02-26]" classname="org.threeten.extra.chrono.TestBritishCutoverChronology" time="0"/>
  <testcase name="test_minusDays[13: BritishCutover AD 100-02-29, 0100-02-27]" classname="org.threeten.extra.chrono.TestBritishCutoverChronology" time="0"/>
  <testcase name="test_minusDays[14: BritishCutover AD 100-03-01, 0100-02-28]" classname="org.threeten.extra.chrono.TestBritishCutoverChronology" time="0"/>
  <testcase name="test_minusDays[15: BritishCutover AD 100-03-02, 0100-03-01]" classname="org.threeten.extra.chrono.TestBritishCutoverChronology" time="0"/>
  <testcase name="test_minusDays[16: BritishCutover AD 100-03-03, 0100-03-02]" classname="org.threeten.extra.chrono.TestBritishCutoverChronology" time="0"/>
  <testcase name="test_minusDays[17: BritishCutover BC 1-12-31, 0000-12-29]" classname="org.threeten.extra.chrono.TestBritishCutoverChronology" time="0"/>
  <testcase name="test_minusDays[18: BritishCutover BC 1-12-30, 0000-12-28]" classname="org.threeten.extra.chrono.TestBritishCutoverChronology" time="0"/>
  <testcase name="test_minusDays[19: BritishCutover AD 1582-10-04, 1582-10-14]" classname="org.threeten.extra.chrono.TestBritishCutoverChronology" time="0"/>
  <testcase name="test_minusDays[20: BritishCutover AD 1582-10-05, 1582-10-15]" classname="org.threeten.extra.chrono.TestBritishCutoverChronology" time="0"/>
  <testcase name="test_minusDays[21: BritishCutover AD 1751-12-20, 1751-12-31]" classname="org.threeten.extra.chrono.TestBritishCutoverChronology" time="0"/>
  <testcase name="test_minusDays[22: BritishCutover AD 1751-12-31, 1752-01-11]" classname="org.threeten.extra.chrono.TestBritishCutoverChronology" time="0"/>
  <testcase name="test_minusDays[23: BritishCutover AD 1752-01-01, 1752-01-12]" classname="org.threeten.extra.chrono.TestBritishCutoverChronology" time="0"/>
  <testcase name="test_minusDays[24: BritishCutover AD 1752-09-01, 1752-09-12]" classname="org.threeten.extra.chrono.TestBritishCutoverChronology" time="0"/>
  <testcase name="test_minusDays[25: BritishCutover AD 1752-09-02, 1752-09-13]" classname="org.threeten.extra.chrono.TestBritishCutoverChronology" time="0"/>
  <testcase name="test_minusDays[26: BritishCutover AD 1752-09-14, 1752-09-14]" classname="org.threeten.extra.chrono.TestBritishCutoverChronology" time="0"/>
  <testcase name="test_minusDays[27: BritishCutover AD 1752-09-24, 1752-09-24]" classname="org.threeten.extra.chrono.TestBritishCutoverChronology" time="0"/>
  <testcase name="test_minusDays[28: BritishCutover AD 1752-09-14, 1752-09-14]" classname="org.threeten.extra.chrono.TestBritishCutoverChronology" time="0"/>
  <testcase name="test_minusDays[29: BritishCutover AD 1945-11-12, 1945-11-12]" classname="org.threeten.extra.chrono.TestBritishCutoverChronology" time="0"/>
  <testcase name="test_minusDays[30: BritishCutover AD 2012-07-05, 2012-07-05]" classname="org.threeten.extra.chrono.TestBritishCutoverChronology" time="0"/>
  <testcase name="test_minusDays[31: BritishCutover AD 2012-07-06, 2012-07-06]" classname="org.threeten.extra.chrono.TestBritishCutoverChronology" time="0"/>
  <testcase name="test_toString[0: BritishCutover AD 1-01-01, BritishCutover AD 1-01-01]" classname="org.threeten.extra.chrono.TestBritishCutoverChronology" time="0"/>
  <testcase name="test_toString[1: BritishCutover AD 2012-06-23, BritishCutover AD 2012-06-23]" classname="org.threeten.extra.chrono.TestBritishCutoverChronology" time="0"/>
  <testcase name="test_adjust_LocalDate[0: BritishCutover AD 1752-09-02, 1752-09-12, BritishCutover AD 1752-09-01]" classname="org.threeten.extra.chrono.TestBritishCutoverChronology" time="0"/>
  <testcase name="test_adjust_LocalDate[1: BritishCutover AD 1752-09-14, 1752-09-12, BritishCutover AD 1752-09-01]" classname="org.threeten.extra.chrono.TestBritishCutoverChronology" time="0"/>
  <testcase name="test_adjust_LocalDate[2: BritishCutover AD 1752-09-02, 1752-09-14, BritishCutover AD 1752-09-14]" classname="org.threeten.extra.chrono.TestBritishCutoverChronology" time="0"/>
  <testcase name="test_adjust_LocalDate[3: BritishCutover AD 1752-09-15, 1752-09-14, BritishCutover AD 1752-09-14]" classname="org.threeten.extra.chrono.TestBritishCutoverChronology" time="0"/>
  <testcase name="test_adjust_LocalDate[4: BritishCutover AD 2012-02-23, 2012-02-23, BritishCutover AD 2012-02-23]" classname="org.threeten.extra.chrono.TestBritishCutoverChronology" time="0"/>
  <testcase name="test_plus_TemporalUnit_unsupported" classname="org.threeten.extra.chrono.TestBritishCutoverChronology" time="0"/>
  <testcase name="test_lengthOfYear_atEnd[0: -101, 365]" classname="org.threeten.extra.chrono.TestBritishCutoverChronology" time="0"/>
  <testcase name="test_lengthOfYear_atEnd[1: -100, 366]" classname="org.threeten.extra.chrono.TestBritishCutoverChronology" time="0"/>
  <testcase name="test_lengthOfYear_atEnd[2: -99, 365]" classname="org.threeten.extra.chrono.TestBritishCutoverChronology" time="0"/>
  <testcase name="test_lengthOfYear_atEnd[3: -1, 365]" classname="org.threeten.extra.chrono.TestBritishCutoverChronology" time="0"/>
  <testcase name="test_lengthOfYear_atEnd[4: 0, 366]" classname="org.threeten.extra.chrono.TestBritishCutoverChronology" time="0"/>
  <testcase name="test_lengthOfYear_atEnd[5: 100, 366]" classname="org.threeten.extra.chrono.TestBritishCutoverChronology" time="0"/>
  <testcase name="test_lengthOfYear_atEnd[6: 1600, 366]" classname="org.threeten.extra.chrono.TestBritishCutoverChronology" time="0"/>
  <testcase name="test_lengthOfYear_atEnd[7: 1700, 366]" classname="org.threeten.extra.chrono.TestBritishCutoverChronology" time="0"/>
  <testcase name="test_lengthOfYear_atEnd[8: 1751, 365]" classname="org.threeten.extra.chrono.TestBritishCutoverChronology" time="0"/>
  <testcase name="test_lengthOfYear_atEnd[9: 1748, 366]" classname="org.threeten.extra.chrono.TestBritishCutoverChronology" time="0"/>
  <testcase name="test_lengthOfYear_atEnd[10: 1749, 365]" classname="org.threeten.extra.chrono.TestBritishCutoverChronology" time="0"/>
  <testcase name="test_lengthOfYear_atEnd[11: 1750, 365]" classname="org.threeten.extra.chrono.TestBritishCutoverChronology" time="0"/>
  <testcase name="test_lengthOfYear_atEnd[12: 1751, 365]" classname="org.threeten.extra.chrono.TestBritishCutoverChronology" time="0"/>
  <testcase name="test_lengthOfYear_atEnd[13: 1752, 355]" classname="org.threeten.extra.chrono.TestBritishCutoverChronology" time="0"/>
  <testcase name="test_lengthOfYear_atEnd[14: 1753, 365]" classname="org.threeten.extra.chrono.TestBritishCutoverChronology" time="0"/>
  <testcase name="test_lengthOfYear_atEnd[15: 1500, 366]" classname="org.threeten.extra.chrono.TestBritishCutoverChronology" time="0"/>
  <testcase name="test_lengthOfYear_atEnd[16: 1600, 366]" classname="org.threeten.extra.chrono.TestBritishCutoverChronology" time="0"/>
  <testcase name="test_lengthOfYear_atEnd[17: 1700, 366]" classname="org.threeten.extra.chrono.TestBritishCutoverChronology" time="0"/>
  <testcase name="test_lengthOfYear_atEnd[18: 1800, 365]" classname="org.threeten.extra.chrono.TestBritishCutoverChronology" time="0"/>
  <testcase name="test_lengthOfYear_atEnd[19: 1900, 365]" classname="org.threeten.extra.chrono.TestBritishCutoverChronology" time="0"/>
  <testcase name="test_lengthOfYear_atEnd[20: 1901, 365]" classname="org.threeten.extra.chrono.TestBritishCutoverChronology" time="0"/>
  <testcase name="test_lengthOfYear_atEnd[21: 1902, 365]" classname="org.threeten.extra.chrono.TestBritishCutoverChronology" time="0"/>
  <testcase name="test_lengthOfYear_atEnd[22: 1903, 365]" classname="org.threeten.extra.chrono.TestBritishCutoverChronology" time="0"/>
  <testcase name="test_lengthOfYear_atEnd[23: 1904, 366]" classname="org.threeten.extra.chrono.TestBritishCutoverChronology" time="0"/>
  <testcase name="test_lengthOfYear_atEnd[24: 2000, 366]" classname="org.threeten.extra.chrono.TestBritishCutoverChronology" time="0"/>
  <testcase name="test_lengthOfYear_atEnd[25: 2100, 365]" classname="org.threeten.extra.chrono.TestBritishCutoverChronology" time="0"/>
  <testcase name="test_prolepticYear_specific" classname="org.threeten.extra.chrono.TestBritishCutoverChronology" time="0"/>
  <testcase name="test_until_TemporalUnit[0: 1752, 9, 1, 1752, 9, 2, Days, 1]" classname="org.threeten.extra.chrono.TestBritishCutoverChronology" time="0"/>
  <testcase name="test_until_TemporalUnit[1: 1752, 9, 1, 1752, 9, 14, Days, 2]" classname="org.threeten.extra.chrono.TestBritishCutoverChronology" time="0"/>
  <testcase name="test_until_TemporalUnit[2: 1752, 9, 2, 1752, 9, 14, Days, 1]" classname="org.threeten.extra.chrono.TestBritishCutoverChronology" time="0"/>
  <testcase name="test_until_TemporalUnit[3: 1752, 9, 2, 1752, 9, 15, Days, 2]" classname="org.threeten.extra.chrono.TestBritishCutoverChronology" time="0"/>
  <testcase name="test_until_TemporalUnit[4: 1752, 9, 14, 1752, 9, 1, Days, -2]" classname="org.threeten.extra.chrono.TestBritishCutoverChronology" time="0"/>
  <testcase name="test_until_TemporalUnit[5: 1752, 9, 14, 1752, 9, 2, Days, -1]" classname="org.threeten.extra.chrono.TestBritishCutoverChronology" time="0"/>
  <testcase name="test_until_TemporalUnit[6: 2014, 5, 26, 2014, 5, 26, Days, 0]" classname="org.threeten.extra.chrono.TestBritishCutoverChronology" time="0"/>
  <testcase name="test_until_TemporalUnit[7: 2014, 5, 26, 2014, 6, 1, Days, 6]" classname="org.threeten.extra.chrono.TestBritishCutoverChronology" time="0"/>
  <testcase name="test_until_TemporalUnit[8: 2014, 5, 26, 2014, 5, 20, Days, -6]" classname="org.threeten.extra.chrono.TestBritishCutoverChronology" time="0"/>
  <testcase name="test_until_TemporalUnit[9: 1752, 9, 1, 1752, 9, 14, Weeks, 0]" classname="org.threeten.extra.chrono.TestBritishCutoverChronology" time="0"/>
  <testcase name="test_until_TemporalUnit[10: 1752, 9, 1, 1752, 9, 18, Weeks, 0]" classname="org.threeten.extra.chrono.TestBritishCutoverChronology" time="0"/>
  <testcase name="test_until_TemporalUnit[11: 1752, 9, 1, 1752, 9, 19, Weeks, 1]" classname="org.threeten.extra.chrono.TestBritishCutoverChronology" time="0"/>
  <testcase name="test_until_TemporalUnit[12: 1752, 9, 2, 1752, 9, 14, Weeks, 0]" classname="org.threeten.extra.chrono.TestBritishCutoverChronology" time="0"/>
  <testcase name="test_until_TemporalUnit[13: 1752, 9, 2, 1752, 9, 19, Weeks, 0]" classname="org.threeten.extra.chrono.TestBritishCutoverChronology" time="0"/>
  <testcase name="test_until_TemporalUnit[14: 1752, 9, 2, 1752, 9, 20, Weeks, 1]" classname="org.threeten.extra.chrono.TestBritishCutoverChronology" time="0"/>
  <testcase name="test_until_TemporalUnit[15: 2014, 5, 26, 2014, 5, 26, Weeks, 0]" classname="org.threeten.extra.chrono.TestBritishCutoverChronology" time="0"/>
  <testcase name="test_until_TemporalUnit[16: 2014, 5, 26, 2014, 6, 1, Weeks, 0]" classname="org.threeten.extra.chrono.TestBritishCutoverChronology" time="0"/>
  <testcase name="test_until_TemporalUnit[17: 2014, 5, 26, 2014, 6, 2, Weeks, 1]" classname="org.threeten.extra.chrono.TestBritishCutoverChronology" time="0"/>
  <testcase name="test_until_TemporalUnit[18: 1752, 9, 1, 1752, 9, 14, Months, 0]" classname="org.threeten.extra.chrono.TestBritishCutoverChronology" time="0"/>
  <testcase name="test_until_TemporalUnit[19: 1752, 9, 1, 1752, 9, 30, Months, 0]" classname="org.threeten.extra.chrono.TestBritishCutoverChronology" time="0"/>
  <testcase name="test_until_TemporalUnit[20: 1752, 9, 1, 1752, 10, 1, Months, 1]" classname="org.threeten.extra.chrono.TestBritishCutoverChronology" time="0"/>
  <testcase name="test_until_TemporalUnit[21: 1752, 9, 2, 1752, 9, 14, Months, 0]" classname="org.threeten.extra.chrono.TestBritishCutoverChronology" time="0"/>
  <testcase name="test_until_TemporalUnit[22: 1752, 9, 2, 1752, 10, 1, Months, 0]" classname="org.threeten.extra.chrono.TestBritishCutoverChronology" time="0"/>
  <testcase name="test_until_TemporalUnit[23: 1752, 9, 2, 1752, 10, 2, Months, 1]" classname="org.threeten.extra.chrono.TestBritishCutoverChronology" time="0"/>
  <testcase name="test_until_TemporalUnit[24: 1752, 9, 14, 1752, 9, 15, Months, 0]" classname="org.threeten.extra.chrono.TestBritishCutoverChronology" time="0"/>
  <testcase name="test_until_TemporalUnit[25: 1752, 9, 14, 1752, 10, 13, Months, 0]" classname="org.threeten.extra.chrono.TestBritishCutoverChronology" time="0"/>
  <testcase name="test_until_TemporalUnit[26: 1752, 9, 14, 1752, 10, 14, Months, 1]" classname="org.threeten.extra.chrono.TestBritishCutoverChronology" time="0"/>
  <testcase name="test_until_TemporalUnit[27: 2014, 5, 26, 2014, 5, 26, Months, 0]" classname="org.threeten.extra.chrono.TestBritishCutoverChronology" time="0"/>
  <testcase name="test_until_TemporalUnit[28: 2014, 5, 26, 2014, 6, 25, Months, 0]" classname="org.threeten.extra.chrono.TestBritishCutoverChronology" time="0"/>
  <testcase name="test_until_TemporalUnit[29: 2014, 5, 26, 2014, 6, 26, Months, 1]" classname="org.threeten.extra.chrono.TestBritishCutoverChronology" time="0"/>
  <testcase name="test_until_TemporalUnit[30: 2014, 5, 26, 2014, 5, 26, Years, 0]" classname="org.threeten.extra.chrono.TestBritishCutoverChronology" time="0"/>
  <testcase name="test_until_TemporalUnit[31: 2014, 5, 26, 2015, 5, 25, Years, 0]" classname="org.threeten.extra.chrono.TestBritishCutoverChronology" time="0"/>
  <testcase name="test_until_TemporalUnit[32: 2014, 5, 26, 2015, 5, 26, Years, 1]" classname="org.threeten.extra.chrono.TestBritishCutoverChronology" time="0"/>
  <testcase name="test_until_TemporalUnit[33: 2014, 5, 26, 2014, 5, 26, Decades, 0]" classname="org.threeten.extra.chrono.TestBritishCutoverChronology" time="0"/>
  <testcase name="test_until_TemporalUnit[34: 2014, 5, 26, 2024, 5, 25, Decades, 0]" classname="org.threeten.extra.chrono.TestBritishCutoverChronology" time="0"/>
  <testcase name="test_until_TemporalUnit[35: 2014, 5, 26, 2024, 5, 26, Decades, 1]" classname="org.threeten.extra.chrono.TestBritishCutoverChronology" time="0"/>
  <testcase name="test_until_TemporalUnit[36: 2014, 5, 26, 2014, 5, 26, Centuries, 0]" classname="org.threeten.extra.chrono.TestBritishCutoverChronology" time="0"/>
  <testcase name="test_until_TemporalUnit[37: 2014, 5, 26, 2114, 5, 25, Centuries, 0]" classname="org.threeten.extra.chrono.TestBritishCutoverChronology" time="0"/>
  <testcase name="test_until_TemporalUnit[38: 2014, 5, 26, 2114, 5, 26, Centuries, 1]" classname="org.threeten.extra.chrono.TestBritishCutoverChronology" time="0"/>
  <testcase name="test_until_TemporalUnit[39: 2014, 5, 26, 2014, 5, 26, Millennia, 0]" classname="org.threeten.extra.chrono.TestBritishCutoverChronology" time="0"/>
  <testcase name="test_until_TemporalUnit[40: 2014, 5, 26, 3014, 5, 25, Millennia, 0]" classname="org.threeten.extra.chrono.TestBritishCutoverChronology" time="0"/>
  <testcase name="test_until_TemporalUnit[41: 2014, 5, 26, 3014, 5, 26, Millennia, 1]" classname="org.threeten.extra.chrono.TestBritishCutoverChronology" time="0"/>
  <testcase name="test_until_TemporalUnit[42: -2013, 5, 26, 0, 5, 26, Eras, 0]" classname="org.threeten.extra.chrono.TestBritishCutoverChronology" time="0"/>
  <testcase name="test_until_TemporalUnit[43: -2013, 5, 26, 2014, 5, 26, Eras, 1]" classname="org.threeten.extra.chrono.TestBritishCutoverChronology" time="0"/>
  <testcase name="test_range[0: 1700, 1, 23, DayOfMonth, 1, 31]" classname="org.threeten.extra.chrono.TestBritishCutoverChronology" time="0"/>
  <testcase name="test_range[1: 1700, 2, 23, DayOfMonth, 1, 29]" classname="org.threeten.extra.chrono.TestBritishCutoverChronology" time="0"/>
  <testcase name="test_range[2: 1700, 3, 23, DayOfMonth, 1, 31]" classname="org.threeten.extra.chrono.TestBritishCutoverChronology" time="0"/>
  <testcase name="test_range[3: 1700, 4, 23, DayOfMonth, 1, 30]" classname="org.threeten.extra.chrono.TestBritishCutoverChronology" time="0"/>
  <testcase name="test_range[4: 1700, 5, 23, DayOfMonth, 1, 31]" classname="org.threeten.extra.chrono.TestBritishCutoverChronology" time="0"/>
  <testcase name="test_range[5: 1700, 6, 23, DayOfMonth, 1, 30]" classname="org.threeten.extra.chrono.TestBritishCutoverChronology" time="0"/>
  <testcase name="test_range[6: 1700, 7, 23, DayOfMonth, 1, 31]" classname="org.threeten.extra.chrono.TestBritishCutoverChronology" time="0"/>
  <testcase name="test_range[7: 1700, 8, 23, DayOfMonth, 1, 31]" classname="org.threeten.extra.chrono.TestBritishCutoverChronology" time="0"/>
  <testcase name="test_range[8: 1700, 9, 23, DayOfMonth, 1, 30]" classname="org.threeten.extra.chrono.TestBritishCutoverChronology" time="0"/>
  <testcase name="test_range[9: 1700, 10, 23, DayOfMonth, 1, 31]" classname="org.threeten.extra.chrono.TestBritishCutoverChronology" time="0"/>
  <testcase name="test_range[10: 1700, 11, 23, DayOfMonth, 1, 30]" classname="org.threeten.extra.chrono.TestBritishCutoverChronology" time="0"/>
  <testcase name="test_range[11: 1700, 12, 23, DayOfMonth, 1, 31]" classname="org.threeten.extra.chrono.TestBritishCutoverChronology" time="0"/>
  <testcase name="test_range[12: 1751, 1, 23, DayOfMonth, 1, 31]" classname="org.threeten.extra.chrono.TestBritishCutoverChronology" time="0"/>
  <testcase name="test_range[13: 1751, 2, 23, DayOfMonth, 1, 28]" classname="org.threeten.extra.chrono.TestBritishCutoverChronology" time="0"/>
  <testcase name="test_range[14: 1751, 3, 23, DayOfMonth, 1, 31]" classname="org.threeten.extra.chrono.TestBritishCutoverChronology" time="0"/>
  <testcase name="test_range[15: 1751, 4, 23, DayOfMonth, 1, 30]" classname="org.threeten.extra.chrono.TestBritishCutoverChronology" time="0"/>
  <testcase name="test_range[16: 1751, 5, 23, DayOfMonth, 1, 31]" classname="org.threeten.extra.chrono.TestBritishCutoverChronology" time="0"/>
  <testcase name="test_range[17: 1751, 6, 23, DayOfMonth, 1, 30]" classname="org.threeten.extra.chrono.TestBritishCutoverChronology" time="0"/>
  <testcase name="test_range[18: 1751, 7, 23, DayOfMonth, 1, 31]" classname="org.threeten.extra.chrono.TestBritishCutoverChronology" time="0"/>
  <testcase name="test_range[19: 1751, 8, 23, DayOfMonth, 1, 31]" classname="org.threeten.extra.chrono.TestBritishCutoverChronology" time="0"/>
  <testcase name="test_range[20: 1751, 9, 23, DayOfMonth, 1, 30]" classname="org.threeten.extra.chrono.TestBritishCutoverChronology" time="0"/>
  <testcase name="test_range[21: 1751, 10, 23, DayOfMonth, 1, 31]" classname="org.threeten.extra.chrono.TestBritishCutoverChronology" time="0"/>
  <testcase name="test_range[22: 1751, 11, 23, DayOfMonth, 1, 30]" classname="org.threeten.extra.chrono.TestBritishCutoverChronology" time="0"/>
  <testcase name="test_range[23: 1751, 12, 23, DayOfMonth, 1, 31]" classname="org.threeten.extra.chrono.TestBritishCutoverChronology" time="0"/>
  <testcase name="test_range[24: 1752, 1, 23, DayOfMonth, 1, 31]" classname="org.threeten.extra.chrono.TestBritishCutoverChronology" time="0"/>
  <testcase name="test_range[25: 1752, 2, 23, DayOfMonth, 1, 29]" classname="org.threeten.extra.chrono.TestBritishCutoverChronology" time="0"/>
  <testcase name="test_range[26: 1752, 3, 23, DayOfMonth, 1, 31]" classname="org.threeten.extra.chrono.TestBritishCutoverChronology" time="0"/>
  <testcase name="test_range[27: 1752, 4, 23, DayOfMonth, 1, 30]" classname="org.threeten.extra.chrono.TestBritishCutoverChronology" time="0"/>
  <testcase name="test_range[28: 1752, 5, 23, DayOfMonth, 1, 31]" classname="org.threeten.extra.chrono.TestBritishCutoverChronology" time="0"/>
  <testcase name="test_range[29: 1752, 6, 23, DayOfMonth, 1, 30]" classname="org.threeten.extra.chrono.TestBritishCutoverChronology" time="0"/>
  <testcase name="test_range[30: 1752, 7, 23, DayOfMonth, 1, 31]" classname="org.threeten.extra.chrono.TestBritishCutoverChronology" time="0"/>
  <testcase name="test_range[31: 1752, 8, 23, DayOfMonth, 1, 31]" classname="org.threeten.extra.chrono.TestBritishCutoverChronology" time="0"/>
  <testcase name="test_range[32: 1752, 9, 23, DayOfMonth, 1, 30]" classname="org.threeten.extra.chrono.TestBritishCutoverChronology" time="0"/>
  <testcase name="test_range[33: 1752, 10, 23, DayOfMonth, 1, 31]" classname="org.threeten.extra.chrono.TestBritishCutoverChronology" time="0"/>
  <testcase name="test_range[34: 1752, 11, 23, DayOfMonth, 1, 30]" classname="org.threeten.extra.chrono.TestBritishCutoverChronology" time="0"/>
  <testcase name="test_range[35: 1752, 12, 23, DayOfMonth, 1, 31]" classname="org.threeten.extra.chrono.TestBritishCutoverChronology" time="0.001"/>
  <testcase name="test_range[36: 2012, 1, 23, DayOfMonth, 1, 31]" classname="org.threeten.extra.chrono.TestBritishCutoverChronology" time="0"/>
  <testcase name="test_range[37: 2012, 2, 23, DayOfMonth, 1, 29]" classname="org.threeten.extra.chrono.TestBritishCutoverChronology" time="0"/>
  <testcase name="test_range[38: 2012, 3, 23, DayOfMonth, 1, 31]" classname="org.threeten.extra.chrono.TestBritishCutoverChronology" time="0"/>
  <testcase name="test_range[39: 2012, 4, 23, DayOfMonth, 1, 30]" classname="org.threeten.extra.chrono.TestBritishCutoverChronology" time="0"/>
  <testcase name="test_range[40: 2012, 5, 23, DayOfMonth, 1, 31]" classname="org.threeten.extra.chrono.TestBritishCutoverChronology" time="0"/>
  <testcase name="test_range[41: 2012, 6, 23, DayOfMonth, 1, 30]" classname="org.threeten.extra.chrono.TestBritishCutoverChronology" time="0"/>
  <testcase name="test_range[42: 2012, 7, 23, DayOfMonth, 1, 31]" classname="org.threeten.extra.chrono.TestBritishCutoverChronology" time="0"/>
  <testcase name="test_range[43: 2012, 8, 23, DayOfMonth, 1, 31]" classname="org.threeten.extra.chrono.TestBritishCutoverChronology" time="0"/>
  <testcase name="test_range[44: 2012, 9, 23, DayOfMonth, 1, 30]" classname="org.threeten.extra.chrono.TestBritishCutoverChronology" time="0"/>
  <testcase name="test_range[45: 2012, 10, 23, DayOfMonth, 1, 31]" classname="org.threeten.extra.chrono.TestBritishCutoverChronology" time="0"/>
  <testcase name="test_range[46: 2012, 11, 23, DayOfMonth, 1, 30]" classname="org.threeten.extra.chrono.TestBritishCutoverChronology" time="0"/>
  <testcase name="test_range[47: 2012, 12, 23, DayOfMonth, 1, 31]" classname="org.threeten.extra.chrono.TestBritishCutoverChronology" time="0"/>
  <testcase name="test_range[48: 2011, 2, 23, DayOfMonth, 1, 28]" classname="org.threeten.extra.chrono.TestBritishCutoverChronology" time="0"/>
  <testcase name="test_range[49: 1700, 1, 23, DayOfYear, 1, 366]" classname="org.threeten.extra.chrono.TestBritishCutoverChronology" time="0"/>
  <testcase name="test_range[50: 1751, 1, 23, DayOfYear, 1, 365]" classname="org.threeten.extra.chrono.TestBritishCutoverChronology" time="0"/>
  <testcase name="test_range[51: 1752, 1, 23, DayOfYear, 1, 355]" classname="org.threeten.extra.chrono.TestBritishCutoverChronology" time="0"/>
  <testcase name="test_range[52: 1753, 1, 23, DayOfYear, 1, 365]" classname="org.threeten.extra.chrono.TestBritishCutoverChronology" time="0"/>
  <testcase name="test_range[53: 2012, 1, 23, DayOfYear, 1, 366]" classname="org.threeten.extra.chrono.TestBritishCutoverChronology" time="0"/>
  <testcase name="test_range[54: 2011, 2, 23, DayOfYear, 1, 365]" classname="org.threeten.extra.chrono.TestBritishCutoverChronology" time="0"/>
  <testcase name="test_range[55: 1752, 1, 23, AlignedWeekOfMonth, 1, 5]" classname="org.threeten.extra.chrono.TestBritishCutoverChronology" time="0"/>
  <testcase name="test_range[56: 1752, 2, 23, AlignedWeekOfMonth, 1, 5]" classname="org.threeten.extra.chrono.TestBritishCutoverChronology" time="0"/>
  <testcase name="test_range[57: 1752, 3, 23, AlignedWeekOfMonth, 1, 5]" classname="org.threeten.extra.chrono.TestBritishCutoverChronology" time="0"/>
  <testcase name="test_range[58: 1752, 4, 23, AlignedWeekOfMonth, 1, 5]" classname="org.threeten.extra.chrono.TestBritishCutoverChronology" time="0"/>
  <testcase name="test_range[59: 1752, 5, 23, AlignedWeekOfMonth, 1, 5]" classname="org.threeten.extra.chrono.TestBritishCutoverChronology" time="0"/>
  <testcase name="test_range[60: 1752, 6, 23, AlignedWeekOfMonth, 1, 5]" classname="org.threeten.extra.chrono.TestBritishCutoverChronology" time="0"/>
  <testcase name="test_range[61: 1752, 7, 23, AlignedWeekOfMonth, 1, 5]" classname="org.threeten.extra.chrono.TestBritishCutoverChronology" time="0"/>
  <testcase name="test_range[62: 1752, 8, 23, AlignedWeekOfMonth, 1, 5]" classname="org.threeten.extra.chrono.TestBritishCutoverChronology" time="0"/>
  <testcase name="test_range[63: 1752, 9, 23, AlignedWeekOfMonth, 1, 3]" classname="org.threeten.extra.chrono.TestBritishCutoverChronology" time="0"/>
  <testcase name="test_range[64: 1752, 10, 23, AlignedWeekOfMonth, 1, 5]" classname="org.threeten.extra.chrono.TestBritishCutoverChronology" time="0"/>
  <testcase name="test_range[65: 1752, 11, 23, AlignedWeekOfMonth, 1, 5]" classname="org.threeten.extra.chrono.TestBritishCutoverChronology" time="0"/>
  <testcase name="test_range[66: 1752, 12, 23, AlignedWeekOfMonth, 1, 5]" classname="org.threeten.extra.chrono.TestBritishCutoverChronology" time="0"/>
  <testcase name="test_range[67: 2012, 1, 23, AlignedWeekOfMonth, 1, 5]" classname="org.threeten.extra.chrono.TestBritishCutoverChronology" time="0"/>
  <testcase name="test_range[68: 2012, 2, 23, AlignedWeekOfMonth, 1, 5]" classname="org.threeten.extra.chrono.TestBritishCutoverChronology" time="0"/>
  <testcase name="test_range[69: 2012, 3, 23, AlignedWeekOfMonth, 1, 5]" classname="org.threeten.extra.chrono.TestBritishCutoverChronology" time="0"/>
  <testcase name="test_range[70: 2011, 2, 23, AlignedWeekOfMonth, 1, 4]" classname="org.threeten.extra.chrono.TestBritishCutoverChronology" time="0"/>
  <testcase name="test_range[71: 1752, 12, 23, AlignedWeekOfYear, 1, 51]" classname="org.threeten.extra.chrono.TestBritishCutoverChronology" time="0"/>
  <testcase name="test_range[72: 2011, 2, 23, AlignedWeekOfYear, 1, 53]" classname="org.threeten.extra.chrono.TestBritishCutoverChronology" time="0"/>
  <testcase name="test_range[73: 2012, 2, 23, AlignedWeekOfYear, 1, 53]" classname="org.threeten.extra.chrono.TestBritishCutoverChronology" time="0"/>
</testsuite>