<?xml version="1.0" encoding="UTF-8"?>
<testsuite xmlns:xsi="http://www.w3.org/2001/XMLSchema-instance" xsi:schemaLocation="https://maven.apache.org/surefire/maven-surefire-plugin/xsd/surefire-test-report.xsd" name="org.threeten.extra.chrono.TestInternationalFixedChronology" time="0.062" tests="1022" errors="0" skipped="0" failures="0">
  <properties>
    <property name="java.runtime.name" value="OpenJDK Runtime Environment"/>
    <property name="sun.boot.library.path" value="/usr/local/openjdk-8/jre/lib/amd64"/>
    <property name="java.vm.version" value="25.262-b10"/>
    <property name="animal.sniffer.skip" value="true"/>
    <property name="java.vm.vendor" value="Oracle Corporation"/>
    <property name="maven.multiModuleProjectDirectory" value="/tmp/tmpykopg0s2/threeten-extra"/>
    <property name="maven.javadoc.skip" value="true"/>
    <property name="java.vendor.url" value="http://java.oracle.com/"/>
    <property name="path.separator" value=":"/>
    <property name="guice.disable.misplaced.annotation.check" value="true"/>
    <property name="java.vm.name" value="OpenJDK 64-Bit Server VM"/>
    <property name="file.encoding.pkg" value="sun.io"/>
    <property name="sun.java.launcher" value="SUN_STANDARD"/>
    <property name="sun.os.patch.level" value="unknown"/>
    <property name="source.skip" value="true"/>
    <property name="java.vm.specification.name" value="Java Virtual Machine Specification"/>
    <property name="user.dir" value="/tmp/tmpykopg0s2/threeten-extra"/>
    <property name="java.runtime.version" value="1.8.0_262-b10"/>
    <property name="java.awt.graphicsenv" value="sun.awt.X11GraphicsEnvironment"/>
    <property name="java.endorsed.dirs" value="/usr/local/openjdk-8/jre/lib/endorsed"/>
    <property name="os.arch" value="amd64"/>
    <property name="java.io.tmpdir" value="/tmp"/>
    <property name="line.separator" value="&#10;"/>
    <property name="java.vm.specification.vendor" value="Oracle Corporation"/>
    <property name="os.name" value="Linux"/>
    <property name="classworlds.conf" value="/usr/share/maven/bin/m2.conf"/>
    <property name="sun.jnu.encoding" value="UTF-8"/>
    <property name="java.library.path" value="/usr/java/packages/lib/amd64:/usr/lib64:/lib64:/lib:/usr/lib"/>
    <property name="license.skip" value="true"/>
    <property name="maven.conf" value="/usr/share/maven/conf"/>
    <property name="java.specification.name" value="Java Platform API Specification"/>
    <property name="java.class.version" value="52.0"/>
    <property name="sun.management.compiler" value="HotSpot 64-Bit Tiered Compilers"/>
    <property name="maven.test.failure.ignore" value="true"/>
    <property name="os.version" value="4.15.0-109-generic"/>
    <property name="library.jansi.path" value="/usr/share/maven/lib/jansi-native"/>
    <property name="user.home" value="/home/jdbl"/>
    <property name="user.timezone" value="Etc/UTC"/>
    <property name="java.awt.printerjob" value="sun.print.PSPrinterJob"/>
    <property name="java.specification.version" value="1.8"/>
    <property name="file.encoding" value="UTF-8"/>
    <property name="user.name" value="jdbl"/>
    <property name="java.class.path" value="/usr/share/maven/boot/plexus-classworlds-2.6.0.jar"/>
    <property name="java.vm.specification.version" value="1.8"/>
    <property name="sun.arch.data.model" value="64"/>
    <property name="java.home" value="/usr/local/openjdk-8/jre"/>
    <property name="sun.java.command" value="org.codehaus.plexus.classworlds.launcher.Launcher test -e --fail-never -ntp -Dmaven.test.failure.ignore=true -B -Dmaven.javadoc.skip=true -Drat.skip=true -Danimal.sniffer.skip=true -Dmaven.javadoc.skip=true -Dlicense.skip=true -Dsource.skip=true"/>
    <property name="java.specification.vendor" value="Oracle Corporation"/>
    <property name="user.language" value="en"/>
    <property name="awt.toolkit" value="sun.awt.X11.XToolkit"/>
    <property name="java.vm.info" value="mixed mode"/>
    <property name="java.version" value="1.8.0_262"/>
    <property name="java.ext.dirs" value="/usr/local/openjdk-8/jre/lib/ext:/usr/java/packages/lib/ext"/>
    <property name="securerandom.source" value="file:/dev/./urandom"/>
    <property name="sun.boot.class.path" value="/usr/local/openjdk-8/jre/lib/resources.jar:/usr/local/openjdk-8/jre/lib/rt.jar:/usr/local/openjdk-8/jre/lib/sunrsasign.jar:/usr/local/openjdk-8/jre/lib/jsse.jar:/usr/local/openjdk-8/jre/lib/jce.jar:/usr/local/openjdk-8/jre/lib/charsets.jar:/usr/local/openjdk-8/jre/lib/jfr.jar:/usr/local/openjdk-8/jre/classes"/>
    <property name="java.vendor" value="Oracle Corporation"/>
    <property name="rat.skip" value="true"/>
    <property name="maven.home" value="/usr/share/maven"/>
    <property name="file.separator" value="/"/>
    <property name="java.vendor.url.bug" value="http://bugreport.sun.com/bugreport/"/>
    <property name="sun.cpu.endian" value="little"/>
    <property name="sun.io.unicode.encoding" value="UnicodeLittle"/>
    <property name="sun.cpu.isalist" value=""/>
  </properties>
  <testcase name="test_LocalDateTime_adjustToInternationalFixedDate" classname="org.threeten.extra.chrono.TestInternationalFixedChronology" time="0"/>
  <testcase name="test_with_TemporalField[0: 2014, 5, 26, DayOfWeek, 1, 2014, 5, 22]" classname="org.threeten.extra.chrono.TestInternationalFixedChronology" time="0.002"/>
  <testcase name="test_with_TemporalField[1: 2014, 5, 26, DayOfWeek, 5, 2014, 5, 26]" classname="org.threeten.extra.chrono.TestInternationalFixedChronology" time="0"/>
  <testcase name="test_with_TemporalField[2: 2014, 5, 26, DayOfMonth, 28, 2014, 5, 28]" classname="org.threeten.extra.chrono.TestInternationalFixedChronology" time="0"/>
  <testcase name="test_with_TemporalField[3: 2014, 5, 26, DayOfMonth, 26, 2014, 5, 26]" classname="org.threeten.extra.chrono.TestInternationalFixedChronology" time="0"/>
  <testcase name="test_with_TemporalField[4: 2014, 5, 26, DayOfYear, 364, 2014, 13, 28]" classname="org.threeten.extra.chrono.TestInternationalFixedChronology" time="0"/>
  <testcase name="test_with_TemporalField[5: 2014, 5, 26, DayOfYear, 138, 2014, 5, 26]" classname="org.threeten.extra.chrono.TestInternationalFixedChronology" time="0"/>
  <testcase name="test_with_TemporalField[6: 2014, 5, 26, AlignedDayOfWeekInMonth, 3, 2014, 5, 24]" classname="org.threeten.extra.chrono.TestInternationalFixedChronology" time="0"/>
  <testcase name="test_with_TemporalField[7: 2014, 5, 26, AlignedDayOfWeekInMonth, 5, 2014, 5, 26]" classname="org.threeten.extra.chrono.TestInternationalFixedChronology" time="0"/>
  <testcase name="test_with_TemporalField[8: 2014, 5, 26, AlignedWeekOfMonth, 1, 2014, 5, 5]" classname="org.threeten.extra.chrono.TestInternationalFixedChronology" time="0"/>
  <testcase name="test_with_TemporalField[9: 2014, 5, 26, AlignedWeekOfMonth, 4, 2014, 5, 26]" classname="org.threeten.extra.chrono.TestInternationalFixedChronology" time="0"/>
  <testcase name="test_with_TemporalField[10: 2014, 5, 26, AlignedDayOfWeekInYear, 2, 2014, 5, 23]" classname="org.threeten.extra.chrono.TestInternationalFixedChronology" time="0"/>
  <testcase name="test_with_TemporalField[11: 2014, 5, 26, AlignedDayOfWeekInYear, 5, 2014, 5, 26]" classname="org.threeten.extra.chrono.TestInternationalFixedChronology" time="0"/>
  <testcase name="test_with_TemporalField[12: 2014, 5, 26, AlignedWeekOfYear, 23, 2014, 6, 19]" classname="org.threeten.extra.chrono.TestInternationalFixedChronology" time="0"/>
  <testcase name="test_with_TemporalField[13: 2014, 5, 26, AlignedWeekOfYear, 20, 2014, 5, 26]" classname="org.threeten.extra.chrono.TestInternationalFixedChronology" time="0"/>
  <testcase name="test_with_TemporalField[14: 2014, 5, 26, MonthOfYear, 4, 2014, 4, 26]" classname="org.threeten.extra.chrono.TestInternationalFixedChronology" time="0"/>
  <testcase name="test_with_TemporalField[15: 2014, 5, 26, MonthOfYear, 5, 2014, 5, 26]" classname="org.threeten.extra.chrono.TestInternationalFixedChronology" time="0"/>
  <testcase name="test_with_TemporalField[16: 2014, 5, 26, ProlepticMonth, 26171, 2013, 3, 26]" classname="org.threeten.extra.chrono.TestInternationalFixedChronology" time="0.001"/>
  <testcase name="test_with_TemporalField[17: 2014, 5, 26, ProlepticMonth, 26186, 2014, 5, 26]" classname="org.threeten.extra.chrono.TestInternationalFixedChronology" time="0"/>
  <testcase name="test_with_TemporalField[18: 2014, 5, 26, Year, 2012, 2012, 5, 26]" classname="org.threeten.extra.chrono.TestInternationalFixedChronology" time="0"/>
  <testcase name="test_with_TemporalField[19: 2014, 5, 26, Year, 2014, 2014, 5, 26]" classname="org.threeten.extra.chrono.TestInternationalFixedChronology" time="0"/>
  <testcase name="test_with_TemporalField[20: 2014, 5, 26, YearOfEra, 2012, 2012, 5, 26]" classname="org.threeten.extra.chrono.TestInternationalFixedChronology" time="0"/>
  <testcase name="test_with_TemporalField[21: 2014, 5, 26, YearOfEra, 2014, 2014, 5, 26]" classname="org.threeten.extra.chrono.TestInternationalFixedChronology" time="0"/>
  <testcase name="test_with_TemporalField[22: 2014, 5, 26, Era, 1, 2014, 5, 26]" classname="org.threeten.extra.chrono.TestInternationalFixedChronology" time="0"/>
  <testcase name="test_with_TemporalField[23: 2014, 13, 29, AlignedDayOfWeekInMonth, 0, 2014, 13, 29]" classname="org.threeten.extra.chrono.TestInternationalFixedChronology" time="0"/>
  <testcase name="test_with_TemporalField[24: 2014, 13, 29, AlignedDayOfWeekInMonth, 1, 2014, 13, 22]" classname="org.threeten.extra.chrono.TestInternationalFixedChronology" time="0"/>
  <testcase name="test_with_TemporalField[25: 2014, 13, 29, AlignedDayOfWeekInMonth, 2, 2014, 13, 23]" classname="org.threeten.extra.chrono.TestInternationalFixedChronology" time="0"/>
  <testcase name="test_with_TemporalField[26: 2014, 13, 29, AlignedDayOfWeekInMonth, 3, 2014, 13, 24]" classname="org.threeten.extra.chrono.TestInternationalFixedChronology" time="0"/>
  <testcase name="test_with_TemporalField[27: 2014, 13, 29, AlignedDayOfWeekInMonth, 4, 2014, 13, 25]" classname="org.threeten.extra.chrono.TestInternationalFixedChronology" time="0"/>
  <testcase name="test_with_TemporalField[28: 2014, 13, 29, AlignedDayOfWeekInMonth, 5, 2014, 13, 26]" classname="org.threeten.extra.chrono.TestInternationalFixedChronology" time="0"/>
  <testcase name="test_with_TemporalField[29: 2014, 13, 29, AlignedDayOfWeekInMonth, 6, 2014, 13, 27]" classname="org.threeten.extra.chrono.TestInternationalFixedChronology" time="0"/>
  <testcase name="test_with_TemporalField[30: 2014, 13, 29, AlignedDayOfWeekInMonth, 7, 2014, 13, 28]" classname="org.threeten.extra.chrono.TestInternationalFixedChronology" time="0"/>
  <testcase name="test_with_TemporalField[31: 2014, 13, 29, AlignedDayOfWeekInYear, 0, 2014, 13, 29]" classname="org.threeten.extra.chrono.TestInternationalFixedChronology" time="0"/>
  <testcase name="test_with_TemporalField[32: 2014, 13, 29, AlignedDayOfWeekInYear, 1, 2014, 13, 22]" classname="org.threeten.extra.chrono.TestInternationalFixedChronology" time="0"/>
  <testcase name="test_with_TemporalField[33: 2014, 13, 29, AlignedDayOfWeekInYear, 2, 2014, 13, 23]" classname="org.threeten.extra.chrono.TestInternationalFixedChronology" time="0"/>
  <testcase name="test_with_TemporalField[34: 2014, 13, 29, AlignedDayOfWeekInYear, 3, 2014, 13, 24]" classname="org.threeten.extra.chrono.TestInternationalFixedChronology" time="0"/>
  <testcase name="test_with_TemporalField[35: 2014, 13, 29, AlignedDayOfWeekInYear, 4, 2014, 13, 25]" classname="org.threeten.extra.chrono.TestInternationalFixedChronology" time="0"/>
  <testcase name="test_with_TemporalField[36: 2014, 13, 29, AlignedDayOfWeekInYear, 5, 2014, 13, 26]" classname="org.threeten.extra.chrono.TestInternationalFixedChronology" time="0"/>
  <testcase name="test_with_TemporalField[37: 2014, 13, 29, AlignedDayOfWeekInYear, 6, 2014, 13, 27]" classname="org.threeten.extra.chrono.TestInternationalFixedChronology" time="0"/>
  <testcase name="test_with_TemporalField[38: 2014, 13, 29, AlignedDayOfWeekInYear, 7, 2014, 13, 28]" classname="org.threeten.extra.chrono.TestInternationalFixedChronology" time="0"/>
  <testcase name="test_with_TemporalField[39: 2014, 13, 29, AlignedWeekOfMonth, 0, 2014, 13, 29]" classname="org.threeten.extra.chrono.TestInternationalFixedChronology" time="0"/>
  <testcase name="test_with_TemporalField[40: 2014, 13, 29, AlignedWeekOfMonth, 3, 2014, 13, 15]" classname="org.threeten.extra.chrono.TestInternationalFixedChronology" time="0"/>
  <testcase name="test_with_TemporalField[41: 2014, 13, 29, AlignedWeekOfYear, 0, 2014, 13, 29]" classname="org.threeten.extra.chrono.TestInternationalFixedChronology" time="0"/>
  <testcase name="test_with_TemporalField[42: 2014, 13, 29, AlignedWeekOfYear, 3, 2014, 1, 15]" classname="org.threeten.extra.chrono.TestInternationalFixedChronology" time="0"/>
  <testcase name="test_with_TemporalField[43: 2014, 13, 29, DayOfWeek, 0, 2014, 13, 29]" classname="org.threeten.extra.chrono.TestInternationalFixedChronology" time="0"/>
  <testcase name="test_with_TemporalField[44: 2014, 13, 28, DayOfWeek, 1, 2014, 13, 22]" classname="org.threeten.extra.chrono.TestInternationalFixedChronology" time="0"/>
  <testcase name="test_with_TemporalField[45: 2014, 13, 28, DayOfWeek, 2, 2014, 13, 23]" classname="org.threeten.extra.chrono.TestInternationalFixedChronology" time="0"/>
  <testcase name="test_with_TemporalField[46: 2014, 13, 28, DayOfWeek, 3, 2014, 13, 24]" classname="org.threeten.extra.chrono.TestInternationalFixedChronology" time="0"/>
  <testcase name="test_with_TemporalField[47: 2014, 13, 28, DayOfWeek, 4, 2014, 13, 25]" classname="org.threeten.extra.chrono.TestInternationalFixedChronology" time="0"/>
  <testcase name="test_with_TemporalField[48: 2014, 13, 28, DayOfWeek, 5, 2014, 13, 26]" classname="org.threeten.extra.chrono.TestInternationalFixedChronology" time="0"/>
  <testcase name="test_with_TemporalField[49: 2014, 13, 28, DayOfWeek, 6, 2014, 13, 27]" classname="org.threeten.extra.chrono.TestInternationalFixedChronology" time="0"/>
  <testcase name="test_with_TemporalField[50: 2014, 13, 28, DayOfWeek, 7, 2014, 13, 28]" classname="org.threeten.extra.chrono.TestInternationalFixedChronology" time="0"/>
  <testcase name="test_with_TemporalField[51: 2014, 13, 29, DayOfMonth, 1, 2014, 13, 1]" classname="org.threeten.extra.chrono.TestInternationalFixedChronology" time="0"/>
  <testcase name="test_with_TemporalField[52: 2014, 13, 29, DayOfMonth, 3, 2014, 13, 3]" classname="org.threeten.extra.chrono.TestInternationalFixedChronology" time="0"/>
  <testcase name="test_with_TemporalField[53: 2014, 13, 29, MonthOfYear, 1, 2014, 1, 28]" classname="org.threeten.extra.chrono.TestInternationalFixedChronology" time="0"/>
  <testcase name="test_with_TemporalField[54: 2014, 13, 29, MonthOfYear, 13, 2014, 13, 29]" classname="org.threeten.extra.chrono.TestInternationalFixedChronology" time="0"/>
  <testcase name="test_with_TemporalField[55: 2014, 13, 29, MonthOfYear, 2, 2014, 2, 28]" classname="org.threeten.extra.chrono.TestInternationalFixedChronology" time="0"/>
  <testcase name="test_with_TemporalField[56: 2014, 13, 29, Year, 2014, 2014, 13, 29]" classname="org.threeten.extra.chrono.TestInternationalFixedChronology" time="0"/>
  <testcase name="test_with_TemporalField[57: 2014, 13, 29, Year, 2013, 2013, 13, 29]" classname="org.threeten.extra.chrono.TestInternationalFixedChronology" time="0"/>
  <testcase name="test_with_TemporalField[58: 2014, 3, 28, DayOfMonth, 1, 2014, 3, 1]" classname="org.threeten.extra.chrono.TestInternationalFixedChronology" time="0"/>
  <testcase name="test_with_TemporalField[59: 2014, 1, 28, DayOfMonth, 1, 2014, 1, 1]" classname="org.threeten.extra.chrono.TestInternationalFixedChronology" time="0"/>
  <testcase name="test_with_TemporalField[60: 2014, 3, 28, MonthOfYear, 1, 2014, 1, 28]" classname="org.threeten.extra.chrono.TestInternationalFixedChronology" time="0"/>
  <testcase name="test_with_TemporalField[61: 2014, 3, 28, DayOfYear, 365, 2014, 13, 29]" classname="org.threeten.extra.chrono.TestInternationalFixedChronology" time="0"/>
  <testcase name="test_with_TemporalField[62: 2012, 3, 28, DayOfYear, 366, 2012, 13, 29]" classname="org.threeten.extra.chrono.TestInternationalFixedChronology" time="0"/>
  <testcase name="test_with_TemporalField[63: 2012, 6, 29, AlignedDayOfWeekInMonth, 0, 2012, 6, 29]" classname="org.threeten.extra.chrono.TestInternationalFixedChronology" time="0"/>
  <testcase name="test_with_TemporalField[64: 2012, 6, 29, AlignedDayOfWeekInMonth, 1, 2012, 6, 22]" classname="org.threeten.extra.chrono.TestInternationalFixedChronology" time="0"/>
  <testcase name="test_with_TemporalField[65: 2012, 6, 29, AlignedDayOfWeekInMonth, 2, 2012, 6, 23]" classname="org.threeten.extra.chrono.TestInternationalFixedChronology" time="0"/>
  <testcase name="test_with_TemporalField[66: 2012, 6, 29, AlignedDayOfWeekInMonth, 3, 2012, 6, 24]" classname="org.threeten.extra.chrono.TestInternationalFixedChronology" time="0"/>
  <testcase name="test_with_TemporalField[67: 2012, 6, 29, AlignedDayOfWeekInMonth, 4, 2012, 6, 25]" classname="org.threeten.extra.chrono.TestInternationalFixedChronology" time="0"/>
  <testcase name="test_with_TemporalField[68: 2012, 6, 29, AlignedDayOfWeekInMonth, 5, 2012, 6, 26]" classname="org.threeten.extra.chrono.TestInternationalFixedChronology" time="0"/>
  <testcase name="test_with_TemporalField[69: 2012, 6, 29, AlignedDayOfWeekInMonth, 6, 2012, 6, 27]" classname="org.threeten.extra.chrono.TestInternationalFixedChronology" time="0"/>
  <testcase name="test_with_TemporalField[70: 2012, 6, 29, AlignedDayOfWeekInMonth, 7, 2012, 6, 28]" classname="org.threeten.extra.chrono.TestInternationalFixedChronology" time="0"/>
  <testcase name="test_with_TemporalField[71: 2012, 6, 29, AlignedDayOfWeekInYear, 0, 2012, 6, 29]" classname="org.threeten.extra.chrono.TestInternationalFixedChronology" time="0"/>
  <testcase name="test_with_TemporalField[72: 2012, 6, 29, AlignedDayOfWeekInYear, 1, 2012, 6, 22]" classname="org.threeten.extra.chrono.TestInternationalFixedChronology" time="0"/>
  <testcase name="test_with_TemporalField[73: 2012, 6, 29, AlignedDayOfWeekInYear, 2, 2012, 6, 23]" classname="org.threeten.extra.chrono.TestInternationalFixedChronology" time="0"/>
  <testcase name="test_with_TemporalField[74: 2012, 6, 29, AlignedDayOfWeekInYear, 3, 2012, 6, 24]" classname="org.threeten.extra.chrono.TestInternationalFixedChronology" time="0"/>
  <testcase name="test_with_TemporalField[75: 2012, 6, 29, AlignedDayOfWeekInYear, 4, 2012, 6, 25]" classname="org.threeten.extra.chrono.TestInternationalFixedChronology" time="0"/>
  <testcase name="test_with_TemporalField[76: 2012, 6, 29, AlignedDayOfWeekInYear, 5, 2012, 6, 26]" classname="org.threeten.extra.chrono.TestInternationalFixedChronology" time="0"/>
  <testcase name="test_with_TemporalField[77: 2012, 6, 29, AlignedDayOfWeekInYear, 6, 2012, 6, 27]" classname="org.threeten.extra.chrono.TestInternationalFixedChronology" time="0"/>
  <testcase name="test_with_TemporalField[78: 2012, 6, 29, AlignedDayOfWeekInYear, 7, 2012, 6, 28]" classname="org.threeten.extra.chrono.TestInternationalFixedChronology" time="0"/>
  <testcase name="test_with_TemporalField[79: 2012, 6, 29, AlignedWeekOfMonth, 0, 2012, 6, 29]" classname="org.threeten.extra.chrono.TestInternationalFixedChronology" time="0"/>
  <testcase name="test_with_TemporalField[80: 2012, 6, 29, AlignedWeekOfMonth, 3, 2012, 6, 15]" classname="org.threeten.extra.chrono.TestInternationalFixedChronology" time="0"/>
  <testcase name="test_with_TemporalField[81: 2012, 6, 29, AlignedWeekOfYear, 0, 2012, 6, 29]" classname="org.threeten.extra.chrono.TestInternationalFixedChronology" time="0"/>
  <testcase name="test_with_TemporalField[82: 2012, 6, 29, AlignedWeekOfYear, 3, 2012, 1, 15]" classname="org.threeten.extra.chrono.TestInternationalFixedChronology" time="0"/>
  <testcase name="test_with_TemporalField[83: 2012, 1, 1, AlignedWeekOfYear, 52, 2012, 13, 22]" classname="org.threeten.extra.chrono.TestInternationalFixedChronology" time="0"/>
  <testcase name="test_with_TemporalField[84: 2012, 13, 28, AlignedWeekOfYear, 1, 2012, 1, 7]" classname="org.threeten.extra.chrono.TestInternationalFixedChronology" time="0"/>
  <testcase name="test_with_TemporalField[85: 2012, 6, 29, DayOfWeek, 0, 2012, 6, 29]" classname="org.threeten.extra.chrono.TestInternationalFixedChronology" time="0"/>
  <testcase name="test_with_TemporalField[86: 2012, 6, 29, DayOfWeek, 1, 2012, 6, 22]" classname="org.threeten.extra.chrono.TestInternationalFixedChronology" time="0"/>
  <testcase name="test_with_TemporalField[87: 2012, 6, 29, DayOfWeek, 2, 2012, 6, 23]" classname="org.threeten.extra.chrono.TestInternationalFixedChronology" time="0"/>
  <testcase name="test_with_TemporalField[88: 2012, 6, 29, DayOfWeek, 3, 2012, 6, 24]" classname="org.threeten.extra.chrono.TestInternationalFixedChronology" time="0"/>
  <testcase name="test_with_TemporalField[89: 2012, 6, 29, DayOfWeek, 4, 2012, 6, 25]" classname="org.threeten.extra.chrono.TestInternationalFixedChronology" time="0"/>
  <testcase name="test_with_TemporalField[90: 2012, 6, 29, DayOfWeek, 5, 2012, 6, 26]" classname="org.threeten.extra.chrono.TestInternationalFixedChronology" time="0"/>
  <testcase name="test_with_TemporalField[91: 2012, 6, 29, DayOfWeek, 6, 2012, 6, 27]" classname="org.threeten.extra.chrono.TestInternationalFixedChronology" time="0"/>
  <testcase name="test_with_TemporalField[92: 2012, 6, 29, DayOfWeek, 7, 2012, 6, 28]" classname="org.threeten.extra.chrono.TestInternationalFixedChronology" time="0"/>
  <testcase name="test_with_TemporalField[93: 2012, 6, 29, DayOfMonth, 1, 2012, 6, 1]" classname="org.threeten.extra.chrono.TestInternationalFixedChronology" time="0"/>
  <testcase name="test_with_TemporalField[94: 2012, 6, 29, DayOfMonth, 3, 2012, 6, 3]" classname="org.threeten.extra.chrono.TestInternationalFixedChronology" time="0"/>
  <testcase name="test_with_TemporalField[95: 2012, 6, 29, MonthOfYear, 6, 2012, 6, 29]" classname="org.threeten.extra.chrono.TestInternationalFixedChronology" time="0"/>
  <testcase name="test_with_TemporalField[96: 2012, 6, 29, MonthOfYear, 7, 2012, 7, 28]" classname="org.threeten.extra.chrono.TestInternationalFixedChronology" time="0"/>
  <testcase name="test_with_TemporalField[97: 2012, 6, 29, MonthOfYear, 2, 2012, 2, 28]" classname="org.threeten.extra.chrono.TestInternationalFixedChronology" time="0"/>
  <testcase name="test_with_TemporalField[98: 2012, 6, 29, Year, 2012, 2012, 6, 29]" classname="org.threeten.extra.chrono.TestInternationalFixedChronology" time="0"/>
  <testcase name="test_with_TemporalField[99: 2012, 6, 29, Year, 2013, 2013, 6, 28]" classname="org.threeten.extra.chrono.TestInternationalFixedChronology" time="0"/>
  <testcase name="test_with_TemporalField[100: 2012, 6, 29, Year, 2011, 2011, 6, 28]" classname="org.threeten.extra.chrono.TestInternationalFixedChronology" time="0"/>
  <testcase name="test_with_TemporalField[101: 2012, 6, 29, Year, 2016, 2016, 6, 29]" classname="org.threeten.extra.chrono.TestInternationalFixedChronology" time="0"/>
  <testcase name="test_with_TemporalField[102: 2012, 6, 22, DayOfMonth, 29, 2012, 6, 29]" classname="org.threeten.extra.chrono.TestInternationalFixedChronology" time="0"/>
  <testcase name="test_with_TemporalField[103: 2012, 3, 28, DayOfMonth, 1, 2012, 3, 1]" classname="org.threeten.extra.chrono.TestInternationalFixedChronology" time="0"/>
  <testcase name="test_with_TemporalField[104: 2012, 1, 28, DayOfMonth, 1, 2012, 1, 1]" classname="org.threeten.extra.chrono.TestInternationalFixedChronology" time="0"/>
  <testcase name="test_with_TemporalField[105: 2012, 3, 28, MonthOfYear, 1, 2012, 1, 28]" classname="org.threeten.extra.chrono.TestInternationalFixedChronology" time="0"/>
  <testcase name="test_with_TemporalField[106: 2012, 3, 28, DayOfYear, 169, 2012, 6, 29]" classname="org.threeten.extra.chrono.TestInternationalFixedChronology" time="0"/>
  <testcase name="test_with_TemporalField[107: 2013, 3, 28, DayOfYear, 169, 2013, 7, 1]" classname="org.threeten.extra.chrono.TestInternationalFixedChronology" time="0"/>
  <testcase name="test_with_TemporalField[108: 2013, 7, 1, Year, 2012, 2012, 7, 1]" classname="org.threeten.extra.chrono.TestInternationalFixedChronology" time="0"/>
  <testcase name="test_plus_Period_ISO" classname="org.threeten.extra.chrono.TestInternationalFixedChronology" time="0"/>
  <testcase name="test_until_DAYS[0: Ifc CE 1/01/01, 0001-01-01]" classname="org.threeten.extra.chrono.TestInternationalFixedChronology" time="0"/>
  <testcase name="test_until_DAYS[1: Ifc CE 1/01/02, 0001-01-02]" classname="org.threeten.extra.chrono.TestInternationalFixedChronology" time="0"/>
  <testcase name="test_until_DAYS[2: Ifc CE 1/06/27, 0001-06-16]" classname="org.threeten.extra.chrono.TestInternationalFixedChronology" time="0"/>
  <testcase name="test_until_DAYS[3: Ifc CE 1/06/28, 0001-06-17]" classname="org.threeten.extra.chrono.TestInternationalFixedChronology" time="0"/>
  <testcase name="test_until_DAYS[4: Ifc CE 1/07/01, 0001-06-18]" classname="org.threeten.extra.chrono.TestInternationalFixedChronology" time="0"/>
  <testcase name="test_until_DAYS[5: Ifc CE 1/07/02, 0001-06-19]" classname="org.threeten.extra.chrono.TestInternationalFixedChronology" time="0"/>
  <testcase name="test_until_DAYS[6: Ifc CE 1/13/28, 0001-12-30]" classname="org.threeten.extra.chrono.TestInternationalFixedChronology" time="0"/>
  <testcase name="test_until_DAYS[7: Ifc CE 1/13/27, 0001-12-29]" classname="org.threeten.extra.chrono.TestInternationalFixedChronology" time="0"/>
  <testcase name="test_until_DAYS[8: Ifc CE 1/13/29, 0001-12-31]" classname="org.threeten.extra.chrono.TestInternationalFixedChronology" time="0"/>
  <testcase name="test_until_DAYS[9: Ifc CE 2/01/01, 0002-01-01]" classname="org.threeten.extra.chrono.TestInternationalFixedChronology" time="0"/>
  <testcase name="test_until_DAYS[10: Ifc CE 4/06/27, 0004-06-15]" classname="org.threeten.extra.chrono.TestInternationalFixedChronology" time="0"/>
  <testcase name="test_until_DAYS[11: Ifc CE 4/06/28, 0004-06-16]" classname="org.threeten.extra.chrono.TestInternationalFixedChronology" time="0"/>
  <testcase name="test_until_DAYS[12: Ifc CE 4/06/29, 0004-06-17]" classname="org.threeten.extra.chrono.TestInternationalFixedChronology" time="0"/>
  <testcase name="test_until_DAYS[13: Ifc CE 4/07/01, 0004-06-18]" classname="org.threeten.extra.chrono.TestInternationalFixedChronology" time="0"/>
  <testcase name="test_until_DAYS[14: Ifc CE 4/07/02, 0004-06-19]" classname="org.threeten.extra.chrono.TestInternationalFixedChronology" time="0"/>
  <testcase name="test_until_DAYS[15: Ifc CE 4/13/28, 0004-12-30]" classname="org.threeten.extra.chrono.TestInternationalFixedChronology" time="0"/>
  <testcase name="test_until_DAYS[16: Ifc CE 4/13/27, 0004-12-29]" classname="org.threeten.extra.chrono.TestInternationalFixedChronology" time="0"/>
  <testcase name="test_until_DAYS[17: Ifc CE 4/13/29, 0004-12-31]" classname="org.threeten.extra.chrono.TestInternationalFixedChronology" time="0"/>
  <testcase name="test_until_DAYS[18: Ifc CE 5/01/01, 0005-01-01]" classname="org.threeten.extra.chrono.TestInternationalFixedChronology" time="0"/>
  <testcase name="test_until_DAYS[19: Ifc CE 100/06/27, 0100-06-16]" classname="org.threeten.extra.chrono.TestInternationalFixedChronology" time="0"/>
  <testcase name="test_until_DAYS[20: Ifc CE 100/06/28, 0100-06-17]" classname="org.threeten.extra.chrono.TestInternationalFixedChronology" time="0"/>
  <testcase name="test_until_DAYS[21: Ifc CE 100/07/01, 0100-06-18]" classname="org.threeten.extra.chrono.TestInternationalFixedChronology" time="0"/>
  <testcase name="test_until_DAYS[22: Ifc CE 100/07/02, 0100-06-19]" classname="org.threeten.extra.chrono.TestInternationalFixedChronology" time="0"/>
  <testcase name="test_until_DAYS[23: Ifc CE 400/06/27, 0400-06-15]" classname="org.threeten.extra.chrono.TestInternationalFixedChronology" time="0"/>
  <testcase name="test_until_DAYS[24: Ifc CE 400/06/28, 0400-06-16]" classname="org.threeten.extra.chrono.TestInternationalFixedChronology" time="0"/>
  <testcase name="test_until_DAYS[25: Ifc CE 400/06/29, 0400-06-17]" classname="org.threeten.extra.chrono.TestInternationalFixedChronology" time="0"/>
  <testcase name="test_until_DAYS[26: Ifc CE 400/07/01, 0400-06-18]" classname="org.threeten.extra.chrono.TestInternationalFixedChronology" time="0"/>
  <testcase name="test_until_DAYS[27: Ifc CE 400/07/02, 0400-06-19]" classname="org.threeten.extra.chrono.TestInternationalFixedChronology" time="0"/>
  <testcase name="test_until_DAYS[28: Ifc CE 1582/09/28, 1582-09-09]" classname="org.threeten.extra.chrono.TestInternationalFixedChronology" time="0"/>
  <testcase name="test_until_DAYS[29: Ifc CE 1582/10/01, 1582-09-10]" classname="org.threeten.extra.chrono.TestInternationalFixedChronology" time="0"/>
  <testcase name="test_until_DAYS[30: Ifc CE 1945/10/27, 1945-10-06]" classname="org.threeten.extra.chrono.TestInternationalFixedChronology" time="0"/>
  <testcase name="test_until_DAYS[31: Ifc CE 2012/06/15, 2012-06-03]" classname="org.threeten.extra.chrono.TestInternationalFixedChronology" time="0"/>
  <testcase name="test_until_DAYS[32: Ifc CE 2012/06/16, 2012-06-04]" classname="org.threeten.extra.chrono.TestInternationalFixedChronology" time="0"/>
  <testcase name="test_LocalDate_until_InternationalFixedDate[0: Ifc CE 1/01/01, 0001-01-01]" classname="org.threeten.extra.chrono.TestInternationalFixedChronology" time="0"/>
  <testcase name="test_LocalDate_until_InternationalFixedDate[1: Ifc CE 1/01/02, 0001-01-02]" classname="org.threeten.extra.chrono.TestInternationalFixedChronology" time="0"/>
  <testcase name="test_LocalDate_until_InternationalFixedDate[2: Ifc CE 1/06/27, 0001-06-16]" classname="org.threeten.extra.chrono.TestInternationalFixedChronology" time="0"/>
  <testcase name="test_LocalDate_until_InternationalFixedDate[3: Ifc CE 1/06/28, 0001-06-17]" classname="org.threeten.extra.chrono.TestInternationalFixedChronology" time="0"/>
  <testcase name="test_LocalDate_until_InternationalFixedDate[4: Ifc CE 1/07/01, 0001-06-18]" classname="org.threeten.extra.chrono.TestInternationalFixedChronology" time="0"/>
  <testcase name="test_LocalDate_until_InternationalFixedDate[5: Ifc CE 1/07/02, 0001-06-19]" classname="org.threeten.extra.chrono.TestInternationalFixedChronology" time="0"/>
  <testcase name="test_LocalDate_until_InternationalFixedDate[6: Ifc CE 1/13/28, 0001-12-30]" classname="org.threeten.extra.chrono.TestInternationalFixedChronology" time="0"/>
  <testcase name="test_LocalDate_until_InternationalFixedDate[7: Ifc CE 1/13/27, 0001-12-29]" classname="org.threeten.extra.chrono.TestInternationalFixedChronology" time="0"/>
  <testcase name="test_LocalDate_until_InternationalFixedDate[8: Ifc CE 1/13/29, 0001-12-31]" classname="org.threeten.extra.chrono.TestInternationalFixedChronology" time="0"/>
  <testcase name="test_LocalDate_until_InternationalFixedDate[9: Ifc CE 2/01/01, 0002-01-01]" classname="org.threeten.extra.chrono.TestInternationalFixedChronology" time="0"/>
  <testcase name="test_LocalDate_until_InternationalFixedDate[10: Ifc CE 4/06/27, 0004-06-15]" classname="org.threeten.extra.chrono.TestInternationalFixedChronology" time="0"/>
  <testcase name="test_LocalDate_until_InternationalFixedDate[11: Ifc CE 4/06/28, 0004-06-16]" classname="org.threeten.extra.chrono.TestInternationalFixedChronology" time="0"/>
  <testcase name="test_LocalDate_until_InternationalFixedDate[12: Ifc CE 4/06/29, 0004-06-17]" classname="org.threeten.extra.chrono.TestInternationalFixedChronology" time="0"/>
  <testcase name="test_LocalDate_until_InternationalFixedDate[13: Ifc CE 4/07/01, 0004-06-18]" classname="org.threeten.extra.chrono.TestInternationalFixedChronology" time="0"/>
  <testcase name="test_LocalDate_until_InternationalFixedDate[14: Ifc CE 4/07/02, 0004-06-19]" classname="org.threeten.extra.chrono.TestInternationalFixedChronology" time="0"/>
  <testcase name="test_LocalDate_until_InternationalFixedDate[15: Ifc CE 4/13/28, 0004-12-30]" classname="org.threeten.extra.chrono.TestInternationalFixedChronology" time="0.001"/>
  <testcase name="test_LocalDate_until_InternationalFixedDate[16: Ifc CE 4/13/27, 0004-12-29]" classname="org.threeten.extra.chrono.TestInternationalFixedChronology" time="0"/>
  <testcase name="test_LocalDate_until_InternationalFixedDate[17: Ifc CE 4/13/29, 0004-12-31]" classname="org.threeten.extra.chrono.TestInternationalFixedChronology" time="0"/>
  <testcase name="test_LocalDate_until_InternationalFixedDate[18: Ifc CE 5/01/01, 0005-01-01]" classname="org.threeten.extra.chrono.TestInternationalFixedChronology" time="0"/>
  <testcase name="test_LocalDate_until_InternationalFixedDate[19: Ifc CE 100/06/27, 0100-06-16]" classname="org.threeten.extra.chrono.TestInternationalFixedChronology" time="0"/>
  <testcase name="test_LocalDate_until_InternationalFixedDate[20: Ifc CE 100/06/28, 0100-06-17]" classname="org.threeten.extra.chrono.TestInternationalFixedChronology" time="0"/>
  <testcase name="test_LocalDate_until_InternationalFixedDate[21: Ifc CE 100/07/01, 0100-06-18]" classname="org.threeten.extra.chrono.TestInternationalFixedChronology" time="0"/>
  <testcase name="test_LocalDate_until_InternationalFixedDate[22: Ifc CE 100/07/02, 0100-06-19]" classname="org.threeten.extra.chrono.TestInternationalFixedChronology" time="0"/>
  <testcase name="test_LocalDate_until_InternationalFixedDate[23: Ifc CE 400/06/27, 0400-06-15]" classname="org.threeten.extra.chrono.TestInternationalFixedChronology" time="0"/>
  <testcase name="test_LocalDate_until_InternationalFixedDate[24: Ifc CE 400/06/28, 0400-06-16]" classname="org.threeten.extra.chrono.TestInternationalFixedChronology" time="0"/>
  <testcase name="test_LocalDate_until_InternationalFixedDate[25: Ifc CE 400/06/29, 0400-06-17]" classname="org.threeten.extra.chrono.TestInternationalFixedChronology" time="0"/>
  <testcase name="test_LocalDate_until_InternationalFixedDate[26: Ifc CE 400/07/01, 0400-06-18]" classname="org.threeten.extra.chrono.TestInternationalFixedChronology" time="0"/>
  <testcase name="test_LocalDate_until_InternationalFixedDate[27: Ifc CE 400/07/02, 0400-06-19]" classname="org.threeten.extra.chrono.TestInternationalFixedChronology" time="0"/>
  <testcase name="test_LocalDate_until_InternationalFixedDate[28: Ifc CE 1582/09/28, 1582-09-09]" classname="org.threeten.extra.chrono.TestInternationalFixedChronology" time="0"/>
  <testcase name="test_LocalDate_until_InternationalFixedDate[29: Ifc CE 1582/10/01, 1582-09-10]" classname="org.threeten.extra.chrono.TestInternationalFixedChronology" time="0"/>
  <testcase name="test_LocalDate_until_InternationalFixedDate[30: Ifc CE 1945/10/27, 1945-10-06]" classname="org.threeten.extra.chrono.TestInternationalFixedChronology" time="0"/>
  <testcase name="test_LocalDate_until_InternationalFixedDate[31: Ifc CE 2012/06/15, 2012-06-03]" classname="org.threeten.extra.chrono.TestInternationalFixedChronology" time="0"/>
  <testcase name="test_LocalDate_until_InternationalFixedDate[32: Ifc CE 2012/06/16, 2012-06-04]" classname="org.threeten.extra.chrono.TestInternationalFixedChronology" time="0"/>
  <testcase name="test_until_TemporalUnit_unsupported" classname="org.threeten.extra.chrono.TestInternationalFixedChronology" time="0"/>
  <testcase name="test_minus_leap_and_year_day_TemporalUnit[0: 2014, 13, 29, 0, Days, 2014, 13, 29]" classname="org.threeten.extra.chrono.TestInternationalFixedChronology" time="0"/>
  <testcase name="test_minus_leap_and_year_day_TemporalUnit[1: 2014, 13, 21, 8, Days, 2014, 13, 29]" classname="org.threeten.extra.chrono.TestInternationalFixedChronology" time="0"/>
  <testcase name="test_minus_leap_and_year_day_TemporalUnit[2: 2015, 1, 3, -3, Days, 2014, 13, 29]" classname="org.threeten.extra.chrono.TestInternationalFixedChronology" time="0"/>
  <testcase name="test_minus_leap_and_year_day_TemporalUnit[3: 2014, 13, 29, 0, Weeks, 2014, 13, 29]" classname="org.threeten.extra.chrono.TestInternationalFixedChronology" time="0"/>
  <testcase name="test_minus_leap_and_year_day_TemporalUnit[4: 2014, 13, 7, 3, Weeks, 2014, 13, 29]" classname="org.threeten.extra.chrono.TestInternationalFixedChronology" time="0"/>
  <testcase name="test_minus_leap_and_year_day_TemporalUnit[5: 2015, 2, 7, -5, Weeks, 2014, 13, 29]" classname="org.threeten.extra.chrono.TestInternationalFixedChronology" time="0"/>
  <testcase name="test_minus_leap_and_year_day_TemporalUnit[6: 2013, 13, 29, 52, Weeks, 2014, 13, 29]" classname="org.threeten.extra.chrono.TestInternationalFixedChronology" time="0"/>
  <testcase name="test_minus_leap_and_year_day_TemporalUnit[7: 2014, 13, 29, 0, Months, 2014, 13, 29]" classname="org.threeten.extra.chrono.TestInternationalFixedChronology" time="0"/>
  <testcase name="test_minus_leap_and_year_day_TemporalUnit[8: 2014, 10, 28, 3, Months, 2014, 13, 29]" classname="org.threeten.extra.chrono.TestInternationalFixedChronology" time="0"/>
  <testcase name="test_minus_leap_and_year_day_TemporalUnit[9: 2015, 5, 28, -5, Months, 2014, 13, 29]" classname="org.threeten.extra.chrono.TestInternationalFixedChronology" time="0"/>
  <testcase name="test_minus_leap_and_year_day_TemporalUnit[10: 2013, 13, 29, 13, Months, 2014, 13, 29]" classname="org.threeten.extra.chrono.TestInternationalFixedChronology" time="0"/>
  <testcase name="test_minus_leap_and_year_day_TemporalUnit[11: 2014, 13, 29, 0, Years, 2014, 13, 29]" classname="org.threeten.extra.chrono.TestInternationalFixedChronology" time="0"/>
  <testcase name="test_minus_leap_and_year_day_TemporalUnit[12: 2011, 13, 29, 3, Years, 2014, 13, 29]" classname="org.threeten.extra.chrono.TestInternationalFixedChronology" time="0"/>
  <testcase name="test_minus_leap_and_year_day_TemporalUnit[13: 2019, 13, 29, -5, Years, 2014, 13, 29]" classname="org.threeten.extra.chrono.TestInternationalFixedChronology" time="0"/>
  <testcase name="test_minus_leap_and_year_day_TemporalUnit[14: 2012, 6, 29, -24, Weeks, 2011, 13, 29]" classname="org.threeten.extra.chrono.TestInternationalFixedChronology" time="0"/>
  <testcase name="test_minus_leap_and_year_day_TemporalUnit[15: 2012, 6, 29, 28, Weeks, 2012, 13, 29]" classname="org.threeten.extra.chrono.TestInternationalFixedChronology" time="0"/>
  <testcase name="test_minus_leap_and_year_day_TemporalUnit[16: 2012, 6, 29, 0, Days, 2012, 6, 29]" classname="org.threeten.extra.chrono.TestInternationalFixedChronology" time="0"/>
  <testcase name="test_minus_leap_and_year_day_TemporalUnit[17: 2012, 6, 21, 8, Days, 2012, 6, 29]" classname="org.threeten.extra.chrono.TestInternationalFixedChronology" time="0"/>
  <testcase name="test_minus_leap_and_year_day_TemporalUnit[18: 2012, 7, 3, -3, Days, 2012, 6, 29]" classname="org.threeten.extra.chrono.TestInternationalFixedChronology" time="0"/>
  <testcase name="test_minus_leap_and_year_day_TemporalUnit[19: 2012, 6, 29, 0, Weeks, 2012, 6, 29]" classname="org.threeten.extra.chrono.TestInternationalFixedChronology" time="0"/>
  <testcase name="test_minus_leap_and_year_day_TemporalUnit[20: 2012, 6, 8, 3, Weeks, 2012, 6, 29]" classname="org.threeten.extra.chrono.TestInternationalFixedChronology" time="0"/>
  <testcase name="test_minus_leap_and_year_day_TemporalUnit[21: 2012, 8, 8, -5, Weeks, 2012, 6, 29]" classname="org.threeten.extra.chrono.TestInternationalFixedChronology" time="0"/>
  <testcase name="test_minus_leap_and_year_day_TemporalUnit[22: 2012, 6, 29, 28, Weeks, 2012, 13, 29]" classname="org.threeten.extra.chrono.TestInternationalFixedChronology" time="0"/>
  <testcase name="test_minus_leap_and_year_day_TemporalUnit[23: 2008, 6, 29, 208, Weeks, 2012, 6, 29]" classname="org.threeten.extra.chrono.TestInternationalFixedChronology" time="0"/>
  <testcase name="test_minus_leap_and_year_day_TemporalUnit[24: 2012, 6, 29, 0, Months, 2012, 6, 29]" classname="org.threeten.extra.chrono.TestInternationalFixedChronology" time="0"/>
  <testcase name="test_minus_leap_and_year_day_TemporalUnit[25: 2012, 3, 28, 3, Months, 2012, 6, 29]" classname="org.threeten.extra.chrono.TestInternationalFixedChronology" time="0"/>
  <testcase name="test_minus_leap_and_year_day_TemporalUnit[26: 2012, 11, 28, -5, Months, 2012, 6, 29]" classname="org.threeten.extra.chrono.TestInternationalFixedChronology" time="0"/>
  <testcase name="test_minus_leap_and_year_day_TemporalUnit[27: 2008, 6, 29, 52, Months, 2012, 6, 29]" classname="org.threeten.extra.chrono.TestInternationalFixedChronology" time="0"/>
  <testcase name="test_minus_leap_and_year_day_TemporalUnit[28: 2012, 6, 29, 0, Years, 2012, 6, 29]" classname="org.threeten.extra.chrono.TestInternationalFixedChronology" time="0"/>
  <testcase name="test_minus_leap_and_year_day_TemporalUnit[29: 2009, 6, 28, 3, Years, 2012, 6, 29]" classname="org.threeten.extra.chrono.TestInternationalFixedChronology" time="0"/>
  <testcase name="test_minus_leap_and_year_day_TemporalUnit[30: 2017, 6, 28, -5, Years, 2012, 6, 29]" classname="org.threeten.extra.chrono.TestInternationalFixedChronology" time="0"/>
  <testcase name="test_minus_leap_and_year_day_TemporalUnit[31: 2008, 6, 29, 4, Years, 2012, 6, 29]" classname="org.threeten.extra.chrono.TestInternationalFixedChronology" time="0"/>
  <testcase name="test_minus_leap_and_year_day_TemporalUnit[32: 2012, 13, 29, -28, Weeks, 2012, 6, 29]" classname="org.threeten.extra.chrono.TestInternationalFixedChronology" time="0"/>
  <testcase name="test_minus_leap_and_year_day_TemporalUnit[33: 2011, 13, 29, 24, Weeks, 2012, 6, 29]" classname="org.threeten.extra.chrono.TestInternationalFixedChronology" time="0"/>
  <testcase name="test_chronology_dateYearDay_badDate" classname="org.threeten.extra.chrono.TestInternationalFixedChronology" time="0"/>
  <testcase name="test_getLong[0: 2014, 5, 26, DayOfWeek, 5]" classname="org.threeten.extra.chrono.TestInternationalFixedChronology" time="0"/>
  <testcase name="test_getLong[1: 2014, 5, 26, DayOfMonth, 26]" classname="org.threeten.extra.chrono.TestInternationalFixedChronology" time="0"/>
  <testcase name="test_getLong[2: 2014, 5, 26, DayOfYear, 138]" classname="org.threeten.extra.chrono.TestInternationalFixedChronology" time="0"/>
  <testcase name="test_getLong[3: 2014, 5, 26, AlignedDayOfWeekInMonth, 5]" classname="org.threeten.extra.chrono.TestInternationalFixedChronology" time="0"/>
  <testcase name="test_getLong[4: 2014, 5, 26, AlignedWeekOfMonth, 4]" classname="org.threeten.extra.chrono.TestInternationalFixedChronology" time="0"/>
  <testcase name="test_getLong[5: 2014, 5, 26, AlignedDayOfWeekInYear, 5]" classname="org.threeten.extra.chrono.TestInternationalFixedChronology" time="0"/>
  <testcase name="test_getLong[6: 2014, 5, 26, AlignedWeekOfYear, 20]" classname="org.threeten.extra.chrono.TestInternationalFixedChronology" time="0"/>
  <testcase name="test_getLong[7: 2014, 5, 26, MonthOfYear, 5]" classname="org.threeten.extra.chrono.TestInternationalFixedChronology" time="0"/>
  <testcase name="test_getLong[8: 2014, 5, 26, ProlepticMonth, 26186]" classname="org.threeten.extra.chrono.TestInternationalFixedChronology" time="0"/>
  <testcase name="test_getLong[9: 2014, 5, 26, Year, 2014]" classname="org.threeten.extra.chrono.TestInternationalFixedChronology" time="0"/>
  <testcase name="test_getLong[10: 2014, 5, 26, Era, 1]" classname="org.threeten.extra.chrono.TestInternationalFixedChronology" time="0"/>
  <testcase name="test_getLong[11: 1, 5, 8, Era, 1]" classname="org.threeten.extra.chrono.TestInternationalFixedChronology" time="0"/>
  <testcase name="test_getLong[12: 2012, 9, 26, DayOfWeek, 5]" classname="org.threeten.extra.chrono.TestInternationalFixedChronology" time="0"/>
  <testcase name="test_getLong[13: 2012, 9, 26, DayOfYear, 251]" classname="org.threeten.extra.chrono.TestInternationalFixedChronology" time="0"/>
  <testcase name="test_getLong[14: 2012, 9, 26, AlignedDayOfWeekInMonth, 5]" classname="org.threeten.extra.chrono.TestInternationalFixedChronology" time="0"/>
  <testcase name="test_getLong[15: 2012, 9, 26, AlignedWeekOfMonth, 4]" classname="org.threeten.extra.chrono.TestInternationalFixedChronology" time="0"/>
  <testcase name="test_getLong[16: 2014, 9, 26, AlignedDayOfWeekInYear, 5]" classname="org.threeten.extra.chrono.TestInternationalFixedChronology" time="0"/>
  <testcase name="test_getLong[17: 2012, 9, 26, AlignedDayOfWeekInYear, 5]" classname="org.threeten.extra.chrono.TestInternationalFixedChronology" time="0"/>
  <testcase name="test_getLong[18: 2012, 9, 28, AlignedWeekOfYear, 36]" classname="org.threeten.extra.chrono.TestInternationalFixedChronology" time="0"/>
  <testcase name="test_getLong[19: 2014, 9, 28, AlignedWeekOfYear, 36]" classname="org.threeten.extra.chrono.TestInternationalFixedChronology" time="0"/>
  <testcase name="test_getLong[20: 2014, 13, 29, DayOfWeek, 0]" classname="org.threeten.extra.chrono.TestInternationalFixedChronology" time="0"/>
  <testcase name="test_getLong[21: 2014, 13, 29, DayOfMonth, 29]" classname="org.threeten.extra.chrono.TestInternationalFixedChronology" time="0"/>
  <testcase name="test_getLong[22: 2014, 13, 29, DayOfYear, 365]" classname="org.threeten.extra.chrono.TestInternationalFixedChronology" time="0"/>
  <testcase name="test_getLong[23: 2012, 13, 29, DayOfYear, 366]" classname="org.threeten.extra.chrono.TestInternationalFixedChronology" time="0"/>
  <testcase name="test_getLong[24: 2014, 13, 29, AlignedDayOfWeekInMonth, 0]" classname="org.threeten.extra.chrono.TestInternationalFixedChronology" time="0"/>
  <testcase name="test_getLong[25: 2014, 13, 29, AlignedWeekOfMonth, 0]" classname="org.threeten.extra.chrono.TestInternationalFixedChronology" time="0"/>
  <testcase name="test_getLong[26: 2014, 13, 29, AlignedDayOfWeekInYear, 0]" classname="org.threeten.extra.chrono.TestInternationalFixedChronology" time="0"/>
  <testcase name="test_getLong[27: 2014, 13, 29, AlignedWeekOfYear, 0]" classname="org.threeten.extra.chrono.TestInternationalFixedChronology" time="0"/>
  <testcase name="test_getLong[28: 2014, 13, 29, MonthOfYear, 13]" classname="org.threeten.extra.chrono.TestInternationalFixedChronology" time="0"/>
  <testcase name="test_getLong[29: 2014, 13, 29, ProlepticMonth, 26194]" classname="org.threeten.extra.chrono.TestInternationalFixedChronology" time="0"/>
  <testcase name="test_getLong[30: 2012, 6, 28, DayOfWeek, 7]" classname="org.threeten.extra.chrono.TestInternationalFixedChronology" time="0"/>
  <testcase name="test_getLong[31: 2012, 6, 28, DayOfMonth, 28]" classname="org.threeten.extra.chrono.TestInternationalFixedChronology" time="0"/>
  <testcase name="test_getLong[32: 2012, 6, 28, DayOfYear, 168]" classname="org.threeten.extra.chrono.TestInternationalFixedChronology" time="0"/>
  <testcase name="test_getLong[33: 2012, 6, 28, AlignedDayOfWeekInMonth, 7]" classname="org.threeten.extra.chrono.TestInternationalFixedChronology" time="0"/>
  <testcase name="test_getLong[34: 2012, 6, 28, AlignedWeekOfMonth, 4]" classname="org.threeten.extra.chrono.TestInternationalFixedChronology" time="0"/>
  <testcase name="test_getLong[35: 2012, 6, 28, AlignedDayOfWeekInYear, 7]" classname="org.threeten.extra.chrono.TestInternationalFixedChronology" time="0"/>
  <testcase name="test_getLong[36: 2012, 6, 28, AlignedWeekOfYear, 24]" classname="org.threeten.extra.chrono.TestInternationalFixedChronology" time="0"/>
  <testcase name="test_getLong[37: 2012, 6, 28, MonthOfYear, 6]" classname="org.threeten.extra.chrono.TestInternationalFixedChronology" time="0"/>
  <testcase name="test_getLong[38: 2012, 6, 28, ProlepticMonth, 26161]" classname="org.threeten.extra.chrono.TestInternationalFixedChronology" time="0"/>
  <testcase name="test_getLong[39: 2012, 6, 29, DayOfWeek, 0]" classname="org.threeten.extra.chrono.TestInternationalFixedChronology" time="0"/>
  <testcase name="test_getLong[40: 2012, 6, 29, DayOfMonth, 29]" classname="org.threeten.extra.chrono.TestInternationalFixedChronology" time="0"/>
  <testcase name="test_getLong[41: 2012, 6, 29, DayOfYear, 169]" classname="org.threeten.extra.chrono.TestInternationalFixedChronology" time="0"/>
  <testcase name="test_getLong[42: 2012, 6, 29, AlignedDayOfWeekInMonth, 0]" classname="org.threeten.extra.chrono.TestInternationalFixedChronology" time="0"/>
  <testcase name="test_getLong[43: 2012, 6, 29, AlignedWeekOfMonth, 0]" classname="org.threeten.extra.chrono.TestInternationalFixedChronology" time="0"/>
  <testcase name="test_getLong[44: 2012, 6, 29, AlignedDayOfWeekInYear, 0]" classname="org.threeten.extra.chrono.TestInternationalFixedChronology" time="0"/>
  <testcase name="test_getLong[45: 2012, 6, 29, AlignedWeekOfYear, 0]" classname="org.threeten.extra.chrono.TestInternationalFixedChronology" time="0"/>
  <testcase name="test_getLong[46: 2012, 6, 29, MonthOfYear, 6]" classname="org.threeten.extra.chrono.TestInternationalFixedChronology" time="0"/>
  <testcase name="test_getLong[47: 2012, 6, 29, ProlepticMonth, 26161]" classname="org.threeten.extra.chrono.TestInternationalFixedChronology" time="0"/>
  <testcase name="test_getLong[48: 2012, 7, 1, DayOfWeek, 1]" classname="org.threeten.extra.chrono.TestInternationalFixedChronology" time="0"/>
  <testcase name="test_getLong[49: 2012, 7, 1, DayOfMonth, 1]" classname="org.threeten.extra.chrono.TestInternationalFixedChronology" time="0"/>
  <testcase name="test_getLong[50: 2012, 7, 1, DayOfYear, 170]" classname="org.threeten.extra.chrono.TestInternationalFixedChronology" time="0"/>
  <testcase name="test_getLong[51: 2012, 7, 1, AlignedDayOfWeekInMonth, 1]" classname="org.threeten.extra.chrono.TestInternationalFixedChronology" time="0"/>
  <testcase name="test_getLong[52: 2012, 7, 1, AlignedWeekOfMonth, 1]" classname="org.threeten.extra.chrono.TestInternationalFixedChronology" time="0"/>
  <testcase name="test_getLong[53: 2012, 7, 1, AlignedDayOfWeekInYear, 1]" classname="org.threeten.extra.chrono.TestInternationalFixedChronology" time="0"/>
  <testcase name="test_getLong[54: 2012, 7, 1, AlignedWeekOfYear, 25]" classname="org.threeten.extra.chrono.TestInternationalFixedChronology" time="0"/>
  <testcase name="test_getLong[55: 2012, 7, 1, MonthOfYear, 7]" classname="org.threeten.extra.chrono.TestInternationalFixedChronology" time="0"/>
  <testcase name="test_getLong[56: 2012, 7, 1, ProlepticMonth, 26162]" classname="org.threeten.extra.chrono.TestInternationalFixedChronology" time="0"/>
  <testcase name="test_prolepticYearBad[0: -10]" classname="org.threeten.extra.chrono.TestInternationalFixedChronology" time="0"/>
  <testcase name="test_prolepticYearBad[1: -1]" classname="org.threeten.extra.chrono.TestInternationalFixedChronology" time="0"/>
  <testcase name="test_prolepticYearBad[2: 0]" classname="org.threeten.extra.chrono.TestInternationalFixedChronology" time="0"/>
  <testcase name="test_Chronology_eraOf" classname="org.threeten.extra.chrono.TestInternationalFixedChronology" time="0"/>
  <testcase name="test_minus_Period" classname="org.threeten.extra.chrono.TestInternationalFixedChronology" time="0"/>
  <testcase name="test_Chronology_range" classname="org.threeten.extra.chrono.TestInternationalFixedChronology" time="0"/>
  <testcase name="test_isLeapYear_specific" classname="org.threeten.extra.chrono.TestInternationalFixedChronology" time="0"/>
  <testcase name="test_minus_Period_ISO" classname="org.threeten.extra.chrono.TestInternationalFixedChronology" time="0"/>
  <testcase name="test_InternationalFixedDate_until_InternationalFixedDate[0: Ifc CE 1/01/01, 0001-01-01]" classname="org.threeten.extra.chrono.TestInternationalFixedChronology" time="0"/>
  <testcase name="test_InternationalFixedDate_until_InternationalFixedDate[1: Ifc CE 1/01/02, 0001-01-02]" classname="org.threeten.extra.chrono.TestInternationalFixedChronology" time="0"/>
  <testcase name="test_InternationalFixedDate_until_InternationalFixedDate[2: Ifc CE 1/06/27, 0001-06-16]" classname="org.threeten.extra.chrono.TestInternationalFixedChronology" time="0"/>
  <testcase name="test_InternationalFixedDate_until_InternationalFixedDate[3: Ifc CE 1/06/28, 0001-06-17]" classname="org.threeten.extra.chrono.TestInternationalFixedChronology" time="0"/>
  <testcase name="test_InternationalFixedDate_until_InternationalFixedDate[4: Ifc CE 1/07/01, 0001-06-18]" classname="org.threeten.extra.chrono.TestInternationalFixedChronology" time="0"/>
  <testcase name="test_InternationalFixedDate_until_InternationalFixedDate[5: Ifc CE 1/07/02, 0001-06-19]" classname="org.threeten.extra.chrono.TestInternationalFixedChronology" time="0"/>
  <testcase name="test_InternationalFixedDate_until_InternationalFixedDate[6: Ifc CE 1/13/28, 0001-12-30]" classname="org.threeten.extra.chrono.TestInternationalFixedChronology" time="0"/>
  <testcase name="test_InternationalFixedDate_until_InternationalFixedDate[7: Ifc CE 1/13/27, 0001-12-29]" classname="org.threeten.extra.chrono.TestInternationalFixedChronology" time="0"/>
  <testcase name="test_InternationalFixedDate_until_InternationalFixedDate[8: Ifc CE 1/13/29, 0001-12-31]" classname="org.threeten.extra.chrono.TestInternationalFixedChronology" time="0"/>
  <testcase name="test_InternationalFixedDate_until_InternationalFixedDate[9: Ifc CE 2/01/01, 0002-01-01]" classname="org.threeten.extra.chrono.TestInternationalFixedChronology" time="0"/>
  <testcase name="test_InternationalFixedDate_until_InternationalFixedDate[10: Ifc CE 4/06/27, 0004-06-15]" classname="org.threeten.extra.chrono.TestInternationalFixedChronology" time="0"/>
  <testcase name="test_InternationalFixedDate_until_InternationalFixedDate[11: Ifc CE 4/06/28, 0004-06-16]" classname="org.threeten.extra.chrono.TestInternationalFixedChronology" time="0"/>
  <testcase name="test_InternationalFixedDate_until_InternationalFixedDate[12: Ifc CE 4/06/29, 0004-06-17]" classname="org.threeten.extra.chrono.TestInternationalFixedChronology" time="0"/>
  <testcase name="test_InternationalFixedDate_until_InternationalFixedDate[13: Ifc CE 4/07/01, 0004-06-18]" classname="org.threeten.extra.chrono.TestInternationalFixedChronology" time="0"/>
  <testcase name="test_InternationalFixedDate_until_InternationalFixedDate[14: Ifc CE 4/07/02, 0004-06-19]" classname="org.threeten.extra.chrono.TestInternationalFixedChronology" time="0"/>
  <testcase name="test_InternationalFixedDate_until_InternationalFixedDate[15: Ifc CE 4/13/28, 0004-12-30]" classname="org.threeten.extra.chrono.TestInternationalFixedChronology" time="0"/>
  <testcase name="test_InternationalFixedDate_until_InternationalFixedDate[16: Ifc CE 4/13/27, 0004-12-29]" classname="org.threeten.extra.chrono.TestInternationalFixedChronology" time="0"/>
  <testcase name="test_InternationalFixedDate_until_InternationalFixedDate[17: Ifc CE 4/13/29, 0004-12-31]" classname="org.threeten.extra.chrono.TestInternationalFixedChronology" time="0"/>
  <testcase name="test_InternationalFixedDate_until_InternationalFixedDate[18: Ifc CE 5/01/01, 0005-01-01]" classname="org.threeten.extra.chrono.TestInternationalFixedChronology" time="0"/>
  <testcase name="test_InternationalFixedDate_until_InternationalFixedDate[19: Ifc CE 100/06/27, 0100-06-16]" classname="org.threeten.extra.chrono.TestInternationalFixedChronology" time="0"/>
  <testcase name="test_InternationalFixedDate_until_InternationalFixedDate[20: Ifc CE 100/06/28, 0100-06-17]" classname="org.threeten.extra.chrono.TestInternationalFixedChronology" time="0"/>
  <testcase name="test_InternationalFixedDate_until_InternationalFixedDate[21: Ifc CE 100/07/01, 0100-06-18]" classname="org.threeten.extra.chrono.TestInternationalFixedChronology" time="0"/>
  <testcase name="test_InternationalFixedDate_until_InternationalFixedDate[22: Ifc CE 100/07/02, 0100-06-19]" classname="org.threeten.extra.chrono.TestInternationalFixedChronology" time="0"/>
  <testcase name="test_InternationalFixedDate_until_InternationalFixedDate[23: Ifc CE 400/06/27, 0400-06-15]" classname="org.threeten.extra.chrono.TestInternationalFixedChronology" time="0"/>
  <testcase name="test_InternationalFixedDate_until_InternationalFixedDate[24: Ifc CE 400/06/28, 0400-06-16]" classname="org.threeten.extra.chrono.TestInternationalFixedChronology" time="0"/>
  <testcase name="test_InternationalFixedDate_until_InternationalFixedDate[25: Ifc CE 400/06/29, 0400-06-17]" classname="org.threeten.extra.chrono.TestInternationalFixedChronology" time="0"/>
  <testcase name="test_InternationalFixedDate_until_InternationalFixedDate[26: Ifc CE 400/07/01, 0400-06-18]" classname="org.threeten.extra.chrono.TestInternationalFixedChronology" time="0"/>
  <testcase name="test_InternationalFixedDate_until_InternationalFixedDate[27: Ifc CE 400/07/02, 0400-06-19]" classname="org.threeten.extra.chrono.TestInternationalFixedChronology" time="0"/>
  <testcase name="test_InternationalFixedDate_until_InternationalFixedDate[28: Ifc CE 1582/09/28, 1582-09-09]" classname="org.threeten.extra.chrono.TestInternationalFixedChronology" time="0"/>
  <testcase name="test_InternationalFixedDate_until_InternationalFixedDate[29: Ifc CE 1582/10/01, 1582-09-10]" classname="org.threeten.extra.chrono.TestInternationalFixedChronology" time="0"/>
  <testcase name="test_InternationalFixedDate_until_InternationalFixedDate[30: Ifc CE 1945/10/27, 1945-10-06]" classname="org.threeten.extra.chrono.TestInternationalFixedChronology" time="0"/>
  <testcase name="test_InternationalFixedDate_until_InternationalFixedDate[31: Ifc CE 2012/06/15, 2012-06-03]" classname="org.threeten.extra.chrono.TestInternationalFixedChronology" time="0"/>
  <testcase name="test_InternationalFixedDate_until_InternationalFixedDate[32: Ifc CE 2012/06/16, 2012-06-04]" classname="org.threeten.extra.chrono.TestInternationalFixedChronology" time="0"/>
  <testcase name="test_adjust_toMonth" classname="org.threeten.extra.chrono.TestInternationalFixedChronology" time="0.001"/>
  <testcase name="test_minus_TemporalUnit[0: 2014, 5, 26, 0, Days, 2014, 5, 26]" classname="org.threeten.extra.chrono.TestInternationalFixedChronology" time="0"/>
  <testcase name="test_minus_TemporalUnit[1: 2014, 5, 26, 8, Days, 2014, 6, 6]" classname="org.threeten.extra.chrono.TestInternationalFixedChronology" time="0"/>
  <testcase name="test_minus_TemporalUnit[2: 2014, 5, 26, -3, Days, 2014, 5, 23]" classname="org.threeten.extra.chrono.TestInternationalFixedChronology" time="0"/>
  <testcase name="test_minus_TemporalUnit[3: 2014, 5, 26, 0, Weeks, 2014, 5, 26]" classname="org.threeten.extra.chrono.TestInternationalFixedChronology" time="0"/>
  <testcase name="test_minus_TemporalUnit[4: 2014, 5, 26, 3, Weeks, 2014, 6, 19]" classname="org.threeten.extra.chrono.TestInternationalFixedChronology" time="0"/>
  <testcase name="test_minus_TemporalUnit[5: 2014, 5, 26, -5, Weeks, 2014, 4, 19]" classname="org.threeten.extra.chrono.TestInternationalFixedChronology" time="0"/>
  <testcase name="test_minus_TemporalUnit[6: 2014, 5, 26, 0, Months, 2014, 5, 26]" classname="org.threeten.extra.chrono.TestInternationalFixedChronology" time="0"/>
  <testcase name="test_minus_TemporalUnit[7: 2014, 5, 26, 3, Months, 2014, 8, 26]" classname="org.threeten.extra.chrono.TestInternationalFixedChronology" time="0"/>
  <testcase name="test_minus_TemporalUnit[8: 2014, 5, 26, -5, Months, 2013, 13, 26]" classname="org.threeten.extra.chrono.TestInternationalFixedChronology" time="0"/>
  <testcase name="test_minus_TemporalUnit[9: 2014, 5, 26, 0, Years, 2014, 5, 26]" classname="org.threeten.extra.chrono.TestInternationalFixedChronology" time="0"/>
  <testcase name="test_minus_TemporalUnit[10: 2014, 5, 26, 3, Years, 2017, 5, 26]" classname="org.threeten.extra.chrono.TestInternationalFixedChronology" time="0"/>
  <testcase name="test_minus_TemporalUnit[11: 2014, 5, 26, -5, Years, 2009, 5, 26]" classname="org.threeten.extra.chrono.TestInternationalFixedChronology" time="0"/>
  <testcase name="test_minus_TemporalUnit[12: 2014, 5, 26, 0, Decades, 2014, 5, 26]" classname="org.threeten.extra.chrono.TestInternationalFixedChronology" time="0.001"/>
  <testcase name="test_minus_TemporalUnit[13: 2014, 5, 26, 3, Decades, 2044, 5, 26]" classname="org.threeten.extra.chrono.TestInternationalFixedChronology" time="0"/>
  <testcase name="test_minus_TemporalUnit[14: 2014, 5, 26, -5, Decades, 1964, 5, 26]" classname="org.threeten.extra.chrono.TestInternationalFixedChronology" time="0"/>
  <testcase name="test_minus_TemporalUnit[15: 2014, 5, 26, 0, Centuries, 2014, 5, 26]" classname="org.threeten.extra.chrono.TestInternationalFixedChronology" time="0"/>
  <testcase name="test_minus_TemporalUnit[16: 2014, 5, 26, 3, Centuries, 2314, 5, 26]" classname="org.threeten.extra.chrono.TestInternationalFixedChronology" time="0"/>
  <testcase name="test_minus_TemporalUnit[17: 2014, 5, 26, -5, Centuries, 1514, 5, 26]" classname="org.threeten.extra.chrono.TestInternationalFixedChronology" time="0"/>
  <testcase name="test_minus_TemporalUnit[18: 2014, 5, 26, 0, Millennia, 2014, 5, 26]" classname="org.threeten.extra.chrono.TestInternationalFixedChronology" time="0"/>
  <testcase name="test_minus_TemporalUnit[19: 2014, 5, 26, 3, Millennia, 5014, 5, 26]" classname="org.threeten.extra.chrono.TestInternationalFixedChronology" time="0"/>
  <testcase name="test_minus_TemporalUnit[20: 2014, 5, 26, -1, Millennia, 1014, 5, 26]" classname="org.threeten.extra.chrono.TestInternationalFixedChronology" time="0"/>
  <testcase name="test_minus_TemporalUnit[21: 2014, 13, 26, 3, Weeks, 2015, 1, 19]" classname="org.threeten.extra.chrono.TestInternationalFixedChronology" time="0"/>
  <testcase name="test_minus_TemporalUnit[22: 2014, 1, 26, -5, Weeks, 2013, 13, 19]" classname="org.threeten.extra.chrono.TestInternationalFixedChronology" time="0"/>
  <testcase name="test_minus_TemporalUnit[23: 2012, 6, 26, 3, Weeks, 2012, 7, 19]" classname="org.threeten.extra.chrono.TestInternationalFixedChronology" time="0"/>
  <testcase name="test_minus_TemporalUnit[24: 2012, 7, 26, -5, Weeks, 2012, 6, 19]" classname="org.threeten.extra.chrono.TestInternationalFixedChronology" time="0"/>
  <testcase name="test_minus_TemporalUnit[25: 2012, 6, 21, 53, Weeks, 2013, 6, 28]" classname="org.threeten.extra.chrono.TestInternationalFixedChronology" time="0"/>
  <testcase name="test_minus_TemporalUnit[26: 2013, 6, 21, 313, Weeks, 2019, 6, 28]" classname="org.threeten.extra.chrono.TestInternationalFixedChronology" time="0"/>
  <testcase name="test_prolepticYear_badEra" classname="org.threeten.extra.chrono.TestInternationalFixedChronology" time="0"/>
  <testcase name="test_equals[0: Ifc CE 2000/01/03, Ifc CE 2000/01/04, Ifc CE 2000/02/03, Ifc CE 2001/01/03]" classname="org.threeten.extra.chrono.TestInternationalFixedChronology" time="0"/>
  <testcase name="test_equals[1: Ifc CE 2000/13/29, Ifc CE 2000/13/28, Ifc CE 2001/01/01, Ifc CE 2001/13/29]" classname="org.threeten.extra.chrono.TestInternationalFixedChronology" time="0"/>
  <testcase name="test_equals[2: Ifc CE 2000/06/29, Ifc CE 2000/06/28, Ifc CE 2000/07/01, Ifc CE 2004/06/29]" classname="org.threeten.extra.chrono.TestInternationalFixedChronology" time="0"/>
  <testcase name="test_plus_Period" classname="org.threeten.extra.chrono.TestInternationalFixedChronology" time="0"/>
  <testcase name="test_Chronology_eraOf_invalid" classname="org.threeten.extra.chrono.TestInternationalFixedChronology" time="0"/>
  <testcase name="test_era_loop" classname="org.threeten.extra.chrono.TestInternationalFixedChronology" time="0.001"/>
  <testcase name="test_lengthOfMonth_specific" classname="org.threeten.extra.chrono.TestInternationalFixedChronology" time="0"/>
  <testcase name="test_range_unsupported" classname="org.threeten.extra.chrono.TestInternationalFixedChronology" time="0.001"/>
  <testcase name="test_InternationalFixedDate_chronology_dateEpochDay[0: Ifc CE 1/01/01, 0001-01-01]" classname="org.threeten.extra.chrono.TestInternationalFixedChronology" time="0"/>
  <testcase name="test_InternationalFixedDate_chronology_dateEpochDay[1: Ifc CE 1/01/02, 0001-01-02]" classname="org.threeten.extra.chrono.TestInternationalFixedChronology" time="0"/>
  <testcase name="test_InternationalFixedDate_chronology_dateEpochDay[2: Ifc CE 1/06/27, 0001-06-16]" classname="org.threeten.extra.chrono.TestInternationalFixedChronology" time="0"/>
  <testcase name="test_InternationalFixedDate_chronology_dateEpochDay[3: Ifc CE 1/06/28, 0001-06-17]" classname="org.threeten.extra.chrono.TestInternationalFixedChronology" time="0"/>
  <testcase name="test_InternationalFixedDate_chronology_dateEpochDay[4: Ifc CE 1/07/01, 0001-06-18]" classname="org.threeten.extra.chrono.TestInternationalFixedChronology" time="0"/>
  <testcase name="test_InternationalFixedDate_chronology_dateEpochDay[5: Ifc CE 1/07/02, 0001-06-19]" classname="org.threeten.extra.chrono.TestInternationalFixedChronology" time="0"/>
  <testcase name="test_InternationalFixedDate_chronology_dateEpochDay[6: Ifc CE 1/13/28, 0001-12-30]" classname="org.threeten.extra.chrono.TestInternationalFixedChronology" time="0"/>
  <testcase name="test_InternationalFixedDate_chronology_dateEpochDay[7: Ifc CE 1/13/27, 0001-12-29]" classname="org.threeten.extra.chrono.TestInternationalFixedChronology" time="0"/>
  <testcase name="test_InternationalFixedDate_chronology_dateEpochDay[8: Ifc CE 1/13/29, 0001-12-31]" classname="org.threeten.extra.chrono.TestInternationalFixedChronology" time="0"/>
  <testcase name="test_InternationalFixedDate_chronology_dateEpochDay[9: Ifc CE 2/01/01, 0002-01-01]" classname="org.threeten.extra.chrono.TestInternationalFixedChronology" time="0"/>
  <testcase name="test_InternationalFixedDate_chronology_dateEpochDay[10: Ifc CE 4/06/27, 0004-06-15]" classname="org.threeten.extra.chrono.TestInternationalFixedChronology" time="0"/>
  <testcase name="test_InternationalFixedDate_chronology_dateEpochDay[11: Ifc CE 4/06/28, 0004-06-16]" classname="org.threeten.extra.chrono.TestInternationalFixedChronology" time="0"/>
  <testcase name="test_InternationalFixedDate_chronology_dateEpochDay[12: Ifc CE 4/06/29, 0004-06-17]" classname="org.threeten.extra.chrono.TestInternationalFixedChronology" time="0"/>
  <testcase name="test_InternationalFixedDate_chronology_dateEpochDay[13: Ifc CE 4/07/01, 0004-06-18]" classname="org.threeten.extra.chrono.TestInternationalFixedChronology" time="0"/>
  <testcase name="test_InternationalFixedDate_chronology_dateEpochDay[14: Ifc CE 4/07/02, 0004-06-19]" classname="org.threeten.extra.chrono.TestInternationalFixedChronology" time="0"/>
  <testcase name="test_InternationalFixedDate_chronology_dateEpochDay[15: Ifc CE 4/13/28, 0004-12-30]" classname="org.threeten.extra.chrono.TestInternationalFixedChronology" time="0"/>
  <testcase name="test_InternationalFixedDate_chronology_dateEpochDay[16: Ifc CE 4/13/27, 0004-12-29]" classname="org.threeten.extra.chrono.TestInternationalFixedChronology" time="0"/>
  <testcase name="test_InternationalFixedDate_chronology_dateEpochDay[17: Ifc CE 4/13/29, 0004-12-31]" classname="org.threeten.extra.chrono.TestInternationalFixedChronology" time="0"/>
  <testcase name="test_InternationalFixedDate_chronology_dateEpochDay[18: Ifc CE 5/01/01, 0005-01-01]" classname="org.threeten.extra.chrono.TestInternationalFixedChronology" time="0"/>
  <testcase name="test_InternationalFixedDate_chronology_dateEpochDay[19: Ifc CE 100/06/27, 0100-06-16]" classname="org.threeten.extra.chrono.TestInternationalFixedChronology" time="0"/>
  <testcase name="test_InternationalFixedDate_chronology_dateEpochDay[20: Ifc CE 100/06/28, 0100-06-17]" classname="org.threeten.extra.chrono.TestInternationalFixedChronology" time="0"/>
  <testcase name="test_InternationalFixedDate_chronology_dateEpochDay[21: Ifc CE 100/07/01, 0100-06-18]" classname="org.threeten.extra.chrono.TestInternationalFixedChronology" time="0"/>
  <testcase name="test_InternationalFixedDate_chronology_dateEpochDay[22: Ifc CE 100/07/02, 0100-06-19]" classname="org.threeten.extra.chrono.TestInternationalFixedChronology" time="0"/>
  <testcase name="test_InternationalFixedDate_chronology_dateEpochDay[23: Ifc CE 400/06/27, 0400-06-15]" classname="org.threeten.extra.chrono.TestInternationalFixedChronology" time="0"/>
  <testcase name="test_InternationalFixedDate_chronology_dateEpochDay[24: Ifc CE 400/06/28, 0400-06-16]" classname="org.threeten.extra.chrono.TestInternationalFixedChronology" time="0"/>
  <testcase name="test_InternationalFixedDate_chronology_dateEpochDay[25: Ifc CE 400/06/29, 0400-06-17]" classname="org.threeten.extra.chrono.TestInternationalFixedChronology" time="0"/>
  <testcase name="test_InternationalFixedDate_chronology_dateEpochDay[26: Ifc CE 400/07/01, 0400-06-18]" classname="org.threeten.extra.chrono.TestInternationalFixedChronology" time="0"/>
  <testcase name="test_InternationalFixedDate_chronology_dateEpochDay[27: Ifc CE 400/07/02, 0400-06-19]" classname="org.threeten.extra.chrono.TestInternationalFixedChronology" time="0"/>
  <testcase name="test_InternationalFixedDate_chronology_dateEpochDay[28: Ifc CE 1582/09/28, 1582-09-09]" classname="org.threeten.extra.chrono.TestInternationalFixedChronology" time="0"/>
  <testcase name="test_InternationalFixedDate_chronology_dateEpochDay[29: Ifc CE 1582/10/01, 1582-09-10]" classname="org.threeten.extra.chrono.TestInternationalFixedChronology" time="0"/>
  <testcase name="test_InternationalFixedDate_chronology_dateEpochDay[30: Ifc CE 1945/10/27, 1945-10-06]" classname="org.threeten.extra.chrono.TestInternationalFixedChronology" time="0"/>
  <testcase name="test_InternationalFixedDate_chronology_dateEpochDay[31: Ifc CE 2012/06/15, 2012-06-03]" classname="org.threeten.extra.chrono.TestInternationalFixedChronology" time="0"/>
  <testcase name="test_InternationalFixedDate_chronology_dateEpochDay[32: Ifc CE 2012/06/16, 2012-06-04]" classname="org.threeten.extra.chrono.TestInternationalFixedChronology" time="0"/>
  <testcase name="test_era_yearDay_loop" classname="org.threeten.extra.chrono.TestInternationalFixedChronology" time="0.001"/>
  <testcase name="test_plus_TemporalUnit[0: 2014, 5, 26, 0, Days, 2014, 5, 26]" classname="org.threeten.extra.chrono.TestInternationalFixedChronology" time="0"/>
  <testcase name="test_plus_TemporalUnit[1: 2014, 5, 26, 8, Days, 2014, 6, 6]" classname="org.threeten.extra.chrono.TestInternationalFixedChronology" time="0"/>
  <testcase name="test_plus_TemporalUnit[2: 2014, 5, 26, -3, Days, 2014, 5, 23]" classname="org.threeten.extra.chrono.TestInternationalFixedChronology" time="0"/>
  <testcase name="test_plus_TemporalUnit[3: 2014, 5, 26, 0, Weeks, 2014, 5, 26]" classname="org.threeten.extra.chrono.TestInternationalFixedChronology" time="0"/>
  <testcase name="test_plus_TemporalUnit[4: 2014, 5, 26, 3, Weeks, 2014, 6, 19]" classname="org.threeten.extra.chrono.TestInternationalFixedChronology" time="0"/>
  <testcase name="test_plus_TemporalUnit[5: 2014, 5, 26, -5, Weeks, 2014, 4, 19]" classname="org.threeten.extra.chrono.TestInternationalFixedChronology" time="0"/>
  <testcase name="test_plus_TemporalUnit[6: 2014, 5, 26, 0, Months, 2014, 5, 26]" classname="org.threeten.extra.chrono.TestInternationalFixedChronology" time="0"/>
  <testcase name="test_plus_TemporalUnit[7: 2014, 5, 26, 3, Months, 2014, 8, 26]" classname="org.threeten.extra.chrono.TestInternationalFixedChronology" time="0"/>
  <testcase name="test_plus_TemporalUnit[8: 2014, 5, 26, -5, Months, 2013, 13, 26]" classname="org.threeten.extra.chrono.TestInternationalFixedChronology" time="0"/>
  <testcase name="test_plus_TemporalUnit[9: 2014, 5, 26, 0, Years, 2014, 5, 26]" classname="org.threeten.extra.chrono.TestInternationalFixedChronology" time="0"/>
  <testcase name="test_plus_TemporalUnit[10: 2014, 5, 26, 3, Years, 2017, 5, 26]" classname="org.threeten.extra.chrono.TestInternationalFixedChronology" time="0"/>
  <testcase name="test_plus_TemporalUnit[11: 2014, 5, 26, -5, Years, 2009, 5, 26]" classname="org.threeten.extra.chrono.TestInternationalFixedChronology" time="0"/>
  <testcase name="test_plus_TemporalUnit[12: 2014, 5, 26, 0, Decades, 2014, 5, 26]" classname="org.threeten.extra.chrono.TestInternationalFixedChronology" time="0"/>
  <testcase name="test_plus_TemporalUnit[13: 2014, 5, 26, 3, Decades, 2044, 5, 26]" classname="org.threeten.extra.chrono.TestInternationalFixedChronology" time="0"/>
  <testcase name="test_plus_TemporalUnit[14: 2014, 5, 26, -5, Decades, 1964, 5, 26]" classname="org.threeten.extra.chrono.TestInternationalFixedChronology" time="0"/>
  <testcase name="test_plus_TemporalUnit[15: 2014, 5, 26, 0, Centuries, 2014, 5, 26]" classname="org.threeten.extra.chrono.TestInternationalFixedChronology" time="0"/>
  <testcase name="test_plus_TemporalUnit[16: 2014, 5, 26, 3, Centuries, 2314, 5, 26]" classname="org.threeten.extra.chrono.TestInternationalFixedChronology" time="0"/>
  <testcase name="test_plus_TemporalUnit[17: 2014, 5, 26, -5, Centuries, 1514, 5, 26]" classname="org.threeten.extra.chrono.TestInternationalFixedChronology" time="0"/>
  <testcase name="test_plus_TemporalUnit[18: 2014, 5, 26, 0, Millennia, 2014, 5, 26]" classname="org.threeten.extra.chrono.TestInternationalFixedChronology" time="0"/>
  <testcase name="test_plus_TemporalUnit[19: 2014, 5, 26, 3, Millennia, 5014, 5, 26]" classname="org.threeten.extra.chrono.TestInternationalFixedChronology" time="0"/>
  <testcase name="test_plus_TemporalUnit[20: 2014, 5, 26, -1, Millennia, 1014, 5, 26]" classname="org.threeten.extra.chrono.TestInternationalFixedChronology" time="0"/>
  <testcase name="test_plus_TemporalUnit[21: 2014, 13, 26, 3, Weeks, 2015, 1, 19]" classname="org.threeten.extra.chrono.TestInternationalFixedChronology" time="0"/>
  <testcase name="test_plus_TemporalUnit[22: 2014, 1, 26, -5, Weeks, 2013, 13, 19]" classname="org.threeten.extra.chrono.TestInternationalFixedChronology" time="0"/>
  <testcase name="test_plus_TemporalUnit[23: 2012, 6, 26, 3, Weeks, 2012, 7, 19]" classname="org.threeten.extra.chrono.TestInternationalFixedChronology" time="0"/>
  <testcase name="test_plus_TemporalUnit[24: 2012, 7, 26, -5, Weeks, 2012, 6, 19]" classname="org.threeten.extra.chrono.TestInternationalFixedChronology" time="0"/>
  <testcase name="test_plus_TemporalUnit[25: 2012, 6, 21, 53, Weeks, 2013, 6, 28]" classname="org.threeten.extra.chrono.TestInternationalFixedChronology" time="0"/>
  <testcase name="test_plus_TemporalUnit[26: 2013, 6, 21, 313, Weeks, 2019, 6, 28]" classname="org.threeten.extra.chrono.TestInternationalFixedChronology" time="0"/>
  <testcase name="test_LocalDate_from_InternationalFixedDate[0: Ifc CE 1/01/01, 0001-01-01]" classname="org.threeten.extra.chrono.TestInternationalFixedChronology" time="0"/>
  <testcase name="test_LocalDate_from_InternationalFixedDate[1: Ifc CE 1/01/02, 0001-01-02]" classname="org.threeten.extra.chrono.TestInternationalFixedChronology" time="0"/>
  <testcase name="test_LocalDate_from_InternationalFixedDate[2: Ifc CE 1/06/27, 0001-06-16]" classname="org.threeten.extra.chrono.TestInternationalFixedChronology" time="0"/>
  <testcase name="test_LocalDate_from_InternationalFixedDate[3: Ifc CE 1/06/28, 0001-06-17]" classname="org.threeten.extra.chrono.TestInternationalFixedChronology" time="0"/>
  <testcase name="test_LocalDate_from_InternationalFixedDate[4: Ifc CE 1/07/01, 0001-06-18]" classname="org.threeten.extra.chrono.TestInternationalFixedChronology" time="0"/>
  <testcase name="test_LocalDate_from_InternationalFixedDate[5: Ifc CE 1/07/02, 0001-06-19]" classname="org.threeten.extra.chrono.TestInternationalFixedChronology" time="0"/>
  <testcase name="test_LocalDate_from_InternationalFixedDate[6: Ifc CE 1/13/28, 0001-12-30]" classname="org.threeten.extra.chrono.TestInternationalFixedChronology" time="0"/>
  <testcase name="test_LocalDate_from_InternationalFixedDate[7: Ifc CE 1/13/27, 0001-12-29]" classname="org.threeten.extra.chrono.TestInternationalFixedChronology" time="0"/>
  <testcase name="test_LocalDate_from_InternationalFixedDate[8: Ifc CE 1/13/29, 0001-12-31]" classname="org.threeten.extra.chrono.TestInternationalFixedChronology" time="0"/>
  <testcase name="test_LocalDate_from_InternationalFixedDate[9: Ifc CE 2/01/01, 0002-01-01]" classname="org.threeten.extra.chrono.TestInternationalFixedChronology" time="0"/>
  <testcase name="test_LocalDate_from_InternationalFixedDate[10: Ifc CE 4/06/27, 0004-06-15]" classname="org.threeten.extra.chrono.TestInternationalFixedChronology" time="0"/>
  <testcase name="test_LocalDate_from_InternationalFixedDate[11: Ifc CE 4/06/28, 0004-06-16]" classname="org.threeten.extra.chrono.TestInternationalFixedChronology" time="0"/>
  <testcase name="test_LocalDate_from_InternationalFixedDate[12: Ifc CE 4/06/29, 0004-06-17]" classname="org.threeten.extra.chrono.TestInternationalFixedChronology" time="0"/>
  <testcase name="test_LocalDate_from_InternationalFixedDate[13: Ifc CE 4/07/01, 0004-06-18]" classname="org.threeten.extra.chrono.TestInternationalFixedChronology" time="0"/>
  <testcase name="test_LocalDate_from_InternationalFixedDate[14: Ifc CE 4/07/02, 0004-06-19]" classname="org.threeten.extra.chrono.TestInternationalFixedChronology" time="0"/>
  <testcase name="test_LocalDate_from_InternationalFixedDate[15: Ifc CE 4/13/28, 0004-12-30]" classname="org.threeten.extra.chrono.TestInternationalFixedChronology" time="0"/>
  <testcase name="test_LocalDate_from_InternationalFixedDate[16: Ifc CE 4/13/27, 0004-12-29]" classname="org.threeten.extra.chrono.TestInternationalFixedChronology" time="0"/>
  <testcase name="test_LocalDate_from_InternationalFixedDate[17: Ifc CE 4/13/29, 0004-12-31]" classname="org.threeten.extra.chrono.TestInternationalFixedChronology" time="0"/>
  <testcase name="test_LocalDate_from_InternationalFixedDate[18: Ifc CE 5/01/01, 0005-01-01]" classname="org.threeten.extra.chrono.TestInternationalFixedChronology" time="0"/>
  <testcase name="test_LocalDate_from_InternationalFixedDate[19: Ifc CE 100/06/27, 0100-06-16]" classname="org.threeten.extra.chrono.TestInternationalFixedChronology" time="0"/>
  <testcase name="test_LocalDate_from_InternationalFixedDate[20: Ifc CE 100/06/28, 0100-06-17]" classname="org.threeten.extra.chrono.TestInternationalFixedChronology" time="0"/>
  <testcase name="test_LocalDate_from_InternationalFixedDate[21: Ifc CE 100/07/01, 0100-06-18]" classname="org.threeten.extra.chrono.TestInternationalFixedChronology" time="0"/>
  <testcase name="test_LocalDate_from_InternationalFixedDate[22: Ifc CE 100/07/02, 0100-06-19]" classname="org.threeten.extra.chrono.TestInternationalFixedChronology" time="0"/>
  <testcase name="test_LocalDate_from_InternationalFixedDate[23: Ifc CE 400/06/27, 0400-06-15]" classname="org.threeten.extra.chrono.TestInternationalFixedChronology" time="0"/>
  <testcase name="test_LocalDate_from_InternationalFixedDate[24: Ifc CE 400/06/28, 0400-06-16]" classname="org.threeten.extra.chrono.TestInternationalFixedChronology" time="0"/>
  <testcase name="test_LocalDate_from_InternationalFixedDate[25: Ifc CE 400/06/29, 0400-06-17]" classname="org.threeten.extra.chrono.TestInternationalFixedChronology" time="0"/>
  <testcase name="test_LocalDate_from_InternationalFixedDate[26: Ifc CE 400/07/01, 0400-06-18]" classname="org.threeten.extra.chrono.TestInternationalFixedChronology" time="0"/>
  <testcase name="test_LocalDate_from_InternationalFixedDate[27: Ifc CE 400/07/02, 0400-06-19]" classname="org.threeten.extra.chrono.TestInternationalFixedChronology" time="0"/>
  <testcase name="test_LocalDate_from_InternationalFixedDate[28: Ifc CE 1582/09/28, 1582-09-09]" classname="org.threeten.extra.chrono.TestInternationalFixedChronology" time="0"/>
  <testcase name="test_LocalDate_from_InternationalFixedDate[29: Ifc CE 1582/10/01, 1582-09-10]" classname="org.threeten.extra.chrono.TestInternationalFixedChronology" time="0"/>
  <testcase name="test_LocalDate_from_InternationalFixedDate[30: Ifc CE 1945/10/27, 1945-10-06]" classname="org.threeten.extra.chrono.TestInternationalFixedChronology" time="0"/>
  <testcase name="test_LocalDate_from_InternationalFixedDate[31: Ifc CE 2012/06/15, 2012-06-03]" classname="org.threeten.extra.chrono.TestInternationalFixedChronology" time="0"/>
  <testcase name="test_LocalDate_from_InternationalFixedDate[32: Ifc CE 2012/06/16, 2012-06-04]" classname="org.threeten.extra.chrono.TestInternationalFixedChronology" time="0"/>
  <testcase name="test_InternationalFixedDate_toEpochDay[0: Ifc CE 1/01/01, 0001-01-01]" classname="org.threeten.extra.chrono.TestInternationalFixedChronology" time="0"/>
  <testcase name="test_InternationalFixedDate_toEpochDay[1: Ifc CE 1/01/02, 0001-01-02]" classname="org.threeten.extra.chrono.TestInternationalFixedChronology" time="0"/>
  <testcase name="test_InternationalFixedDate_toEpochDay[2: Ifc CE 1/06/27, 0001-06-16]" classname="org.threeten.extra.chrono.TestInternationalFixedChronology" time="0"/>
  <testcase name="test_InternationalFixedDate_toEpochDay[3: Ifc CE 1/06/28, 0001-06-17]" classname="org.threeten.extra.chrono.TestInternationalFixedChronology" time="0"/>
  <testcase name="test_InternationalFixedDate_toEpochDay[4: Ifc CE 1/07/01, 0001-06-18]" classname="org.threeten.extra.chrono.TestInternationalFixedChronology" time="0"/>
  <testcase name="test_InternationalFixedDate_toEpochDay[5: Ifc CE 1/07/02, 0001-06-19]" classname="org.threeten.extra.chrono.TestInternationalFixedChronology" time="0"/>
  <testcase name="test_InternationalFixedDate_toEpochDay[6: Ifc CE 1/13/28, 0001-12-30]" classname="org.threeten.extra.chrono.TestInternationalFixedChronology" time="0"/>
  <testcase name="test_InternationalFixedDate_toEpochDay[7: Ifc CE 1/13/27, 0001-12-29]" classname="org.threeten.extra.chrono.TestInternationalFixedChronology" time="0"/>
  <testcase name="test_InternationalFixedDate_toEpochDay[8: Ifc CE 1/13/29, 0001-12-31]" classname="org.threeten.extra.chrono.TestInternationalFixedChronology" time="0"/>
  <testcase name="test_InternationalFixedDate_toEpochDay[9: Ifc CE 2/01/01, 0002-01-01]" classname="org.threeten.extra.chrono.TestInternationalFixedChronology" time="0"/>
  <testcase name="test_InternationalFixedDate_toEpochDay[10: Ifc CE 4/06/27, 0004-06-15]" classname="org.threeten.extra.chrono.TestInternationalFixedChronology" time="0"/>
  <testcase name="test_InternationalFixedDate_toEpochDay[11: Ifc CE 4/06/28, 0004-06-16]" classname="org.threeten.extra.chrono.TestInternationalFixedChronology" time="0"/>
  <testcase name="test_InternationalFixedDate_toEpochDay[12: Ifc CE 4/06/29, 0004-06-17]" classname="org.threeten.extra.chrono.TestInternationalFixedChronology" time="0"/>
  <testcase name="test_InternationalFixedDate_toEpochDay[13: Ifc CE 4/07/01, 0004-06-18]" classname="org.threeten.extra.chrono.TestInternationalFixedChronology" time="0"/>
  <testcase name="test_InternationalFixedDate_toEpochDay[14: Ifc CE 4/07/02, 0004-06-19]" classname="org.threeten.extra.chrono.TestInternationalFixedChronology" time="0"/>
  <testcase name="test_InternationalFixedDate_toEpochDay[15: Ifc CE 4/13/28, 0004-12-30]" classname="org.threeten.extra.chrono.TestInternationalFixedChronology" time="0"/>
  <testcase name="test_InternationalFixedDate_toEpochDay[16: Ifc CE 4/13/27, 0004-12-29]" classname="org.threeten.extra.chrono.TestInternationalFixedChronology" time="0"/>
  <testcase name="test_InternationalFixedDate_toEpochDay[17: Ifc CE 4/13/29, 0004-12-31]" classname="org.threeten.extra.chrono.TestInternationalFixedChronology" time="0"/>
  <testcase name="test_InternationalFixedDate_toEpochDay[18: Ifc CE 5/01/01, 0005-01-01]" classname="org.threeten.extra.chrono.TestInternationalFixedChronology" time="0"/>
  <testcase name="test_InternationalFixedDate_toEpochDay[19: Ifc CE 100/06/27, 0100-06-16]" classname="org.threeten.extra.chrono.TestInternationalFixedChronology" time="0"/>
  <testcase name="test_InternationalFixedDate_toEpochDay[20: Ifc CE 100/06/28, 0100-06-17]" classname="org.threeten.extra.chrono.TestInternationalFixedChronology" time="0"/>
  <testcase name="test_InternationalFixedDate_toEpochDay[21: Ifc CE 100/07/01, 0100-06-18]" classname="org.threeten.extra.chrono.TestInternationalFixedChronology" time="0"/>
  <testcase name="test_InternationalFixedDate_toEpochDay[22: Ifc CE 100/07/02, 0100-06-19]" classname="org.threeten.extra.chrono.TestInternationalFixedChronology" time="0"/>
  <testcase name="test_InternationalFixedDate_toEpochDay[23: Ifc CE 400/06/27, 0400-06-15]" classname="org.threeten.extra.chrono.TestInternationalFixedChronology" time="0"/>
  <testcase name="test_InternationalFixedDate_toEpochDay[24: Ifc CE 400/06/28, 0400-06-16]" classname="org.threeten.extra.chrono.TestInternationalFixedChronology" time="0"/>
  <testcase name="test_InternationalFixedDate_toEpochDay[25: Ifc CE 400/06/29, 0400-06-17]" classname="org.threeten.extra.chrono.TestInternationalFixedChronology" time="0"/>
  <testcase name="test_InternationalFixedDate_toEpochDay[26: Ifc CE 400/07/01, 0400-06-18]" classname="org.threeten.extra.chrono.TestInternationalFixedChronology" time="0"/>
  <testcase name="test_InternationalFixedDate_toEpochDay[27: Ifc CE 400/07/02, 0400-06-19]" classname="org.threeten.extra.chrono.TestInternationalFixedChronology" time="0"/>
  <testcase name="test_InternationalFixedDate_toEpochDay[28: Ifc CE 1582/09/28, 1582-09-09]" classname="org.threeten.extra.chrono.TestInternationalFixedChronology" time="0"/>
  <testcase name="test_InternationalFixedDate_toEpochDay[29: Ifc CE 1582/10/01, 1582-09-10]" classname="org.threeten.extra.chrono.TestInternationalFixedChronology" time="0"/>
  <testcase name="test_InternationalFixedDate_toEpochDay[30: Ifc CE 1945/10/27, 1945-10-06]" classname="org.threeten.extra.chrono.TestInternationalFixedChronology" time="0"/>
  <testcase name="test_InternationalFixedDate_toEpochDay[31: Ifc CE 2012/06/15, 2012-06-03]" classname="org.threeten.extra.chrono.TestInternationalFixedChronology" time="0"/>
  <testcase name="test_InternationalFixedDate_toEpochDay[32: Ifc CE 2012/06/16, 2012-06-04]" classname="org.threeten.extra.chrono.TestInternationalFixedChronology" time="0"/>
  <testcase name="test_adjust_toLocalDate" classname="org.threeten.extra.chrono.TestInternationalFixedChronology" time="0"/>
  <testcase name="badLeapDayDates[0: 1]" classname="org.threeten.extra.chrono.TestInternationalFixedChronology" time="0"/>
  <testcase name="badLeapDayDates[1: 100]" classname="org.threeten.extra.chrono.TestInternationalFixedChronology" time="0"/>
  <testcase name="badLeapDayDates[2: 200]" classname="org.threeten.extra.chrono.TestInternationalFixedChronology" time="0"/>
  <testcase name="badLeapDayDates[3: 300]" classname="org.threeten.extra.chrono.TestInternationalFixedChronology" time="0"/>
  <testcase name="badLeapDayDates[4: 1900]" classname="org.threeten.extra.chrono.TestInternationalFixedChronology" time="0"/>
  <testcase name="test_Chronology_eras" classname="org.threeten.extra.chrono.TestInternationalFixedChronology" time="0"/>
  <testcase name="test_lengthOfMonth[0: 1900, 1, 28, 28]" classname="org.threeten.extra.chrono.TestInternationalFixedChronology" time="0"/>
  <testcase name="test_lengthOfMonth[1: 1900, 2, 28, 28]" classname="org.threeten.extra.chrono.TestInternationalFixedChronology" time="0"/>
  <testcase name="test_lengthOfMonth[2: 1900, 3, 28, 28]" classname="org.threeten.extra.chrono.TestInternationalFixedChronology" time="0"/>
  <testcase name="test_lengthOfMonth[3: 1900, 4, 28, 28]" classname="org.threeten.extra.chrono.TestInternationalFixedChronology" time="0"/>
  <testcase name="test_lengthOfMonth[4: 1900, 5, 28, 28]" classname="org.threeten.extra.chrono.TestInternationalFixedChronology" time="0"/>
  <testcase name="test_lengthOfMonth[5: 1900, 6, 28, 28]" classname="org.threeten.extra.chrono.TestInternationalFixedChronology" time="0"/>
  <testcase name="test_lengthOfMonth[6: 1900, 7, 28, 28]" classname="org.threeten.extra.chrono.TestInternationalFixedChronology" time="0"/>
  <testcase name="test_lengthOfMonth[7: 1900, 8, 28, 28]" classname="org.threeten.extra.chrono.TestInternationalFixedChronology" time="0"/>
  <testcase name="test_lengthOfMonth[8: 1900, 9, 28, 28]" classname="org.threeten.extra.chrono.TestInternationalFixedChronology" time="0"/>
  <testcase name="test_lengthOfMonth[9: 1900, 10, 28, 28]" classname="org.threeten.extra.chrono.TestInternationalFixedChronology" time="0"/>
  <testcase name="test_lengthOfMonth[10: 1900, 11, 28, 28]" classname="org.threeten.extra.chrono.TestInternationalFixedChronology" time="0"/>
  <testcase name="test_lengthOfMonth[11: 1900, 12, 28, 28]" classname="org.threeten.extra.chrono.TestInternationalFixedChronology" time="0"/>
  <testcase name="test_lengthOfMonth[12: 1900, 13, 29, 29]" classname="org.threeten.extra.chrono.TestInternationalFixedChronology" time="0"/>
  <testcase name="test_lengthOfMonth[13: 1904, 6, 29, 29]" classname="org.threeten.extra.chrono.TestInternationalFixedChronology" time="0"/>
  <testcase name="test_until_end[0: 2014, 5, 26, 2014, 5, 26, 0, 0, 0]" classname="org.threeten.extra.chrono.TestInternationalFixedChronology" time="0"/>
  <testcase name="test_until_end[1: 2014, 5, 26, 2014, 6, 4, 0, 0, 6]" classname="org.threeten.extra.chrono.TestInternationalFixedChronology" time="0"/>
  <testcase name="test_until_end[2: 2014, 5, 26, 2014, 5, 20, 0, 0, -6]" classname="org.threeten.extra.chrono.TestInternationalFixedChronology" time="0"/>
  <testcase name="test_until_end[3: 2014, 5, 26, 2014, 6, 5, 0, 0, 7]" classname="org.threeten.extra.chrono.TestInternationalFixedChronology" time="0"/>
  <testcase name="test_until_end[4: 2014, 5, 26, 2014, 6, 25, 0, 0, 27]" classname="org.threeten.extra.chrono.TestInternationalFixedChronology" time="0"/>
  <testcase name="test_until_end[5: 2014, 5, 26, 2014, 6, 26, 0, 1, 0]" classname="org.threeten.extra.chrono.TestInternationalFixedChronology" time="0"/>
  <testcase name="test_until_end[6: 2014, 5, 26, 2015, 5, 25, 0, 12, 27]" classname="org.threeten.extra.chrono.TestInternationalFixedChronology" time="0"/>
  <testcase name="test_until_end[7: 2014, 5, 26, 2015, 5, 26, 1, 0, 0]" classname="org.threeten.extra.chrono.TestInternationalFixedChronology" time="0"/>
  <testcase name="test_until_end[8: 2014, 5, 26, 2024, 5, 25, 9, 12, 27]" classname="org.threeten.extra.chrono.TestInternationalFixedChronology" time="0"/>
  <testcase name="test_until_end[9: 2011, 13, 26, 2013, 13, 26, 2, 0, 0]" classname="org.threeten.extra.chrono.TestInternationalFixedChronology" time="0"/>
  <testcase name="test_until_end[10: 2011, 13, 26, 2012, 13, 26, 1, 0, 0]" classname="org.threeten.extra.chrono.TestInternationalFixedChronology" time="0"/>
  <testcase name="test_until_end[11: 2012, 13, 26, 2011, 13, 26, -1, 0, 0]" classname="org.threeten.extra.chrono.TestInternationalFixedChronology" time="0"/>
  <testcase name="test_until_end[12: 2012, 13, 26, 2013, 13, 26, 1, 0, 0]" classname="org.threeten.extra.chrono.TestInternationalFixedChronology" time="0"/>
  <testcase name="test_until_end[13: 2011, 13, 6, 2012, 13, 6, 1, 0, 0]" classname="org.threeten.extra.chrono.TestInternationalFixedChronology" time="0"/>
  <testcase name="test_until_end[14: 2012, 13, 6, 2011, 13, 6, -1, 0, 0]" classname="org.threeten.extra.chrono.TestInternationalFixedChronology" time="0"/>
  <testcase name="test_until_end[15: 2011, 13, 1, 2012, 13, 7, 1, 0, 6]" classname="org.threeten.extra.chrono.TestInternationalFixedChronology" time="0"/>
  <testcase name="test_until_end[16: 2012, 13, 7, 2011, 13, 1, -1, 0, -6]" classname="org.threeten.extra.chrono.TestInternationalFixedChronology" time="0"/>
  <testcase name="test_until_end[17: 2011, 12, 28, 2012, 13, 1, 1, 0, 1]" classname="org.threeten.extra.chrono.TestInternationalFixedChronology" time="0"/>
  <testcase name="test_until_end[18: 2012, 13, 1, 2011, 12, 28, -1, 0, -1]" classname="org.threeten.extra.chrono.TestInternationalFixedChronology" time="0"/>
  <testcase name="test_until_end[19: 2013, 13, 6, 2012, 13, 6, -1, 0, 0]" classname="org.threeten.extra.chrono.TestInternationalFixedChronology" time="0"/>
  <testcase name="test_until_end[20: 2012, 13, 6, 2013, 13, 6, 1, 0, 0]" classname="org.threeten.extra.chrono.TestInternationalFixedChronology" time="0"/>
  <testcase name="test_until_end[21: 2012, 13, 29, 2012, 13, 29, 0, 0, 0]" classname="org.threeten.extra.chrono.TestInternationalFixedChronology" time="0"/>
  <testcase name="test_until_end[22: 2012, 13, 29, 2013, 13, 29, 1, 0, 0]" classname="org.threeten.extra.chrono.TestInternationalFixedChronology" time="0"/>
  <testcase name="test_until_end[23: 2011, 13, 29, 2010, 13, 29, -1, 0, 0]" classname="org.threeten.extra.chrono.TestInternationalFixedChronology" time="0"/>
  <testcase name="test_until_end[24: 2000, 13, 29, 2001, 13, 29, 1, 0, 0]" classname="org.threeten.extra.chrono.TestInternationalFixedChronology" time="0"/>
  <testcase name="test_until_end[25: 2007, 13, 29, 2008, 1, 1, 0, 0, 1]" classname="org.threeten.extra.chrono.TestInternationalFixedChronology" time="0"/>
  <testcase name="test_until_end[26: 2005, 13, 29, 2006, 2, 1, 0, 1, 1]" classname="org.threeten.extra.chrono.TestInternationalFixedChronology" time="0"/>
  <testcase name="test_until_end[27: 2003, 13, 29, 2004, 6, 29, 0, 6, 0]" classname="org.threeten.extra.chrono.TestInternationalFixedChronology" time="0"/>
  <testcase name="test_until_end[28: 2003, 13, 29, 2004, 7, 1, 0, 6, 1]" classname="org.threeten.extra.chrono.TestInternationalFixedChronology" time="0"/>
  <testcase name="test_until_end[29: 2004, 13, 29, 2004, 6, 29, 0, -7, 0]" classname="org.threeten.extra.chrono.TestInternationalFixedChronology" time="0"/>
  <testcase name="test_until_end[30: 2004, 13, 29, 2004, 7, 1, 0, -6, -27]" classname="org.threeten.extra.chrono.TestInternationalFixedChronology" time="0"/>
  <testcase name="test_until_end[31: 2003, 13, 29, 2005, 1, 1, 1, 0, 1]" classname="org.threeten.extra.chrono.TestInternationalFixedChronology" time="0"/>
  <testcase name="test_until_end[32: 2003, 13, 29, 2002, 13, 28, -1, 0, -1]" classname="org.threeten.extra.chrono.TestInternationalFixedChronology" time="0"/>
  <testcase name="test_until_end[33: 2003, 13, 28, 2004, 6, 29, 0, 6, 1]" classname="org.threeten.extra.chrono.TestInternationalFixedChronology" time="0"/>
  <testcase name="test_until_end[34: 2003, 13, 28, 2004, 7, 1, 0, 6, 2]" classname="org.threeten.extra.chrono.TestInternationalFixedChronology" time="0"/>
  <testcase name="test_until_end[35: 2004, 13, 28, 2004, 6, 29, 0, -7, 0]" classname="org.threeten.extra.chrono.TestInternationalFixedChronology" time="0"/>
  <testcase name="test_until_end[36: 2004, 13, 28, 2004, 7, 1, 0, -6, -27]" classname="org.threeten.extra.chrono.TestInternationalFixedChronology" time="0"/>
  <testcase name="test_until_end[37: 2003, 13, 28, 2005, 1, 1, 1, 0, 2]" classname="org.threeten.extra.chrono.TestInternationalFixedChronology" time="0"/>
  <testcase name="test_until_end[38: 2003, 13, 28, 2002, 13, 28, -1, 0, 0]" classname="org.threeten.extra.chrono.TestInternationalFixedChronology" time="0"/>
  <testcase name="test_until_end[39: 2007, 13, 28, 2008, 1, 1, 0, 0, 2]" classname="org.threeten.extra.chrono.TestInternationalFixedChronology" time="0"/>
  <testcase name="test_until_end[40: 2005, 13, 28, 2006, 2, 1, 0, 1, 1]" classname="org.threeten.extra.chrono.TestInternationalFixedChronology" time="0"/>
  <testcase name="test_until_end[41: 2008, 6, 29, 2008, 6, 29, 0, 0, 0]" classname="org.threeten.extra.chrono.TestInternationalFixedChronology" time="0"/>
  <testcase name="test_until_end[42: 2012, 6, 29, 2016, 6, 29, 4, 0, 0]" classname="org.threeten.extra.chrono.TestInternationalFixedChronology" time="0"/>
  <testcase name="test_until_end[43: 2024, 6, 29, 2020, 6, 29, -4, 0, 0]" classname="org.threeten.extra.chrono.TestInternationalFixedChronology" time="0"/>
  <testcase name="test_until_end[44: 2000, 6, 29, 2032, 6, 29, 32, 0, 0]" classname="org.threeten.extra.chrono.TestInternationalFixedChronology" time="0"/>
  <testcase name="test_until_end[45: 2024, 6, 29, 2000, 6, 29, -24, 0, 0]" classname="org.threeten.extra.chrono.TestInternationalFixedChronology" time="0"/>
  <testcase name="test_until_end[46: 2004, 6, 29, 2004, 13, 29, 0, 7, 0]" classname="org.threeten.extra.chrono.TestInternationalFixedChronology" time="0"/>
  <testcase name="test_until_end[47: 2004, 6, 29, 2004, 13, 28, 0, 6, 28]" classname="org.threeten.extra.chrono.TestInternationalFixedChronology" time="0"/>
  <testcase name="test_until_end[48: 2004, 6, 29, 2003, 13, 29, 0, -6, 0]" classname="org.threeten.extra.chrono.TestInternationalFixedChronology" time="0"/>
  <testcase name="test_until_end[49: 2004, 6, 29, 2003, 13, 28, 0, -6, -1]" classname="org.threeten.extra.chrono.TestInternationalFixedChronology" time="0"/>
  <testcase name="test_until_end[50: 2004, 6, 29, 2003, 6, 28, -1, 0, 0]" classname="org.threeten.extra.chrono.TestInternationalFixedChronology" time="0"/>
  <testcase name="test_until_end[51: 2000, 6, 29, 2000, 7, 1, 0, 0, 1]" classname="org.threeten.extra.chrono.TestInternationalFixedChronology" time="0"/>
  <testcase name="test_until_end[52: 2000, 6, 29, 2000, 8, 1, 0, 1, 1]" classname="org.threeten.extra.chrono.TestInternationalFixedChronology" time="0"/>
  <testcase name="test_until_end[53: 2004, 6, 28, 2004, 13, 29, 0, 7, 1]" classname="org.threeten.extra.chrono.TestInternationalFixedChronology" time="0"/>
  <testcase name="test_until_end[54: 2004, 6, 28, 2004, 13, 28, 0, 7, 0]" classname="org.threeten.extra.chrono.TestInternationalFixedChronology" time="0"/>
  <testcase name="test_until_end[55: 2004, 6, 28, 2003, 13, 29, 0, -5, -28]" classname="org.threeten.extra.chrono.TestInternationalFixedChronology" time="0"/>
  <testcase name="test_until_end[56: 2004, 6, 28, 2003, 13, 28, 0, -6, 0]" classname="org.threeten.extra.chrono.TestInternationalFixedChronology" time="0"/>
  <testcase name="test_until_end[57: 2000, 6, 28, 2000, 7, 1, 0, 0, 2]" classname="org.threeten.extra.chrono.TestInternationalFixedChronology" time="0"/>
  <testcase name="test_until_end[58: 2000, 6, 28, 2000, 8, 1, 0, 1, 1]" classname="org.threeten.extra.chrono.TestInternationalFixedChronology" time="0"/>
  <testcase name="test_with_TemporalField_unsupported" classname="org.threeten.extra.chrono.TestInternationalFixedChronology" time="0"/>
  <testcase name="test_Chronology_date_Temporal[0: Ifc CE 1/01/01, 0001-01-01]" classname="org.threeten.extra.chrono.TestInternationalFixedChronology" time="0"/>
  <testcase name="test_Chronology_date_Temporal[1: Ifc CE 1/01/02, 0001-01-02]" classname="org.threeten.extra.chrono.TestInternationalFixedChronology" time="0"/>
  <testcase name="test_Chronology_date_Temporal[2: Ifc CE 1/06/27, 0001-06-16]" classname="org.threeten.extra.chrono.TestInternationalFixedChronology" time="0"/>
  <testcase name="test_Chronology_date_Temporal[3: Ifc CE 1/06/28, 0001-06-17]" classname="org.threeten.extra.chrono.TestInternationalFixedChronology" time="0"/>
  <testcase name="test_Chronology_date_Temporal[4: Ifc CE 1/07/01, 0001-06-18]" classname="org.threeten.extra.chrono.TestInternationalFixedChronology" time="0"/>
  <testcase name="test_Chronology_date_Temporal[5: Ifc CE 1/07/02, 0001-06-19]" classname="org.threeten.extra.chrono.TestInternationalFixedChronology" time="0"/>
  <testcase name="test_Chronology_date_Temporal[6: Ifc CE 1/13/28, 0001-12-30]" classname="org.threeten.extra.chrono.TestInternationalFixedChronology" time="0"/>
  <testcase name="test_Chronology_date_Temporal[7: Ifc CE 1/13/27, 0001-12-29]" classname="org.threeten.extra.chrono.TestInternationalFixedChronology" time="0"/>
  <testcase name="test_Chronology_date_Temporal[8: Ifc CE 1/13/29, 0001-12-31]" classname="org.threeten.extra.chrono.TestInternationalFixedChronology" time="0"/>
  <testcase name="test_Chronology_date_Temporal[9: Ifc CE 2/01/01, 0002-01-01]" classname="org.threeten.extra.chrono.TestInternationalFixedChronology" time="0"/>
  <testcase name="test_Chronology_date_Temporal[10: Ifc CE 4/06/27, 0004-06-15]" classname="org.threeten.extra.chrono.TestInternationalFixedChronology" time="0"/>
  <testcase name="test_Chronology_date_Temporal[11: Ifc CE 4/06/28, 0004-06-16]" classname="org.threeten.extra.chrono.TestInternationalFixedChronology" time="0"/>
  <testcase name="test_Chronology_date_Temporal[12: Ifc CE 4/06/29, 0004-06-17]" classname="org.threeten.extra.chrono.TestInternationalFixedChronology" time="0"/>
  <testcase name="test_Chronology_date_Temporal[13: Ifc CE 4/07/01, 0004-06-18]" classname="org.threeten.extra.chrono.TestInternationalFixedChronology" time="0"/>
  <testcase name="test_Chronology_date_Temporal[14: Ifc CE 4/07/02, 0004-06-19]" classname="org.threeten.extra.chrono.TestInternationalFixedChronology" time="0"/>
  <testcase name="test_Chronology_date_Temporal[15: Ifc CE 4/13/28, 0004-12-30]" classname="org.threeten.extra.chrono.TestInternationalFixedChronology" time="0"/>
  <testcase name="test_Chronology_date_Temporal[16: Ifc CE 4/13/27, 0004-12-29]" classname="org.threeten.extra.chrono.TestInternationalFixedChronology" time="0"/>
  <testcase name="test_Chronology_date_Temporal[17: Ifc CE 4/13/29, 0004-12-31]" classname="org.threeten.extra.chrono.TestInternationalFixedChronology" time="0"/>
  <testcase name="test_Chronology_date_Temporal[18: Ifc CE 5/01/01, 0005-01-01]" classname="org.threeten.extra.chrono.TestInternationalFixedChronology" time="0"/>
  <testcase name="test_Chronology_date_Temporal[19: Ifc CE 100/06/27, 0100-06-16]" classname="org.threeten.extra.chrono.TestInternationalFixedChronology" time="0"/>
  <testcase name="test_Chronology_date_Temporal[20: Ifc CE 100/06/28, 0100-06-17]" classname="org.threeten.extra.chrono.TestInternationalFixedChronology" time="0"/>
  <testcase name="test_Chronology_date_Temporal[21: Ifc CE 100/07/01, 0100-06-18]" classname="org.threeten.extra.chrono.TestInternationalFixedChronology" time="0"/>
  <testcase name="test_Chronology_date_Temporal[22: Ifc CE 100/07/02, 0100-06-19]" classname="org.threeten.extra.chrono.TestInternationalFixedChronology" time="0"/>
  <testcase name="test_Chronology_date_Temporal[23: Ifc CE 400/06/27, 0400-06-15]" classname="org.threeten.extra.chrono.TestInternationalFixedChronology" time="0"/>
  <testcase name="test_Chronology_date_Temporal[24: Ifc CE 400/06/28, 0400-06-16]" classname="org.threeten.extra.chrono.TestInternationalFixedChronology" time="0"/>
  <testcase name="test_Chronology_date_Temporal[25: Ifc CE 400/06/29, 0400-06-17]" classname="org.threeten.extra.chrono.TestInternationalFixedChronology" time="0"/>
  <testcase name="test_Chronology_date_Temporal[26: Ifc CE 400/07/01, 0400-06-18]" classname="org.threeten.extra.chrono.TestInternationalFixedChronology" time="0"/>
  <testcase name="test_Chronology_date_Temporal[27: Ifc CE 400/07/02, 0400-06-19]" classname="org.threeten.extra.chrono.TestInternationalFixedChronology" time="0"/>
  <testcase name="test_Chronology_date_Temporal[28: Ifc CE 1582/09/28, 1582-09-09]" classname="org.threeten.extra.chrono.TestInternationalFixedChronology" time="0"/>
  <testcase name="test_Chronology_date_Temporal[29: Ifc CE 1582/10/01, 1582-09-10]" classname="org.threeten.extra.chrono.TestInternationalFixedChronology" time="0"/>
  <testcase name="test_Chronology_date_Temporal[30: Ifc CE 1945/10/27, 1945-10-06]" classname="org.threeten.extra.chrono.TestInternationalFixedChronology" time="0"/>
  <testcase name="test_Chronology_date_Temporal[31: Ifc CE 2012/06/15, 2012-06-03]" classname="org.threeten.extra.chrono.TestInternationalFixedChronology" time="0"/>
  <testcase name="test_Chronology_date_Temporal[32: Ifc CE 2012/06/16, 2012-06-04]" classname="org.threeten.extra.chrono.TestInternationalFixedChronology" time="0"/>
  <testcase name="test_with_TemporalField_badValue[0: 2013, 1, 1, AlignedDayOfWeekInMonth, 0]" classname="org.threeten.extra.chrono.TestInternationalFixedChronology" time="0"/>
  <testcase name="test_with_TemporalField_badValue[1: 2013, 1, 1, AlignedDayOfWeekInMonth, 8]" classname="org.threeten.extra.chrono.TestInternationalFixedChronology" time="0.001"/>
  <testcase name="test_with_TemporalField_badValue[2: 2012, 1, 1, AlignedDayOfWeekInMonth, 0]" classname="org.threeten.extra.chrono.TestInternationalFixedChronology" time="0"/>
  <testcase name="test_with_TemporalField_badValue[3: 2012, 1, 1, AlignedDayOfWeekInMonth, 8]" classname="org.threeten.extra.chrono.TestInternationalFixedChronology" time="0"/>
  <testcase name="test_with_TemporalField_badValue[4: 2013, 1, 1, AlignedDayOfWeekInYear, 0]" classname="org.threeten.extra.chrono.TestInternationalFixedChronology" time="0"/>
  <testcase name="test_with_TemporalField_badValue[5: 2013, 1, 1, AlignedDayOfWeekInYear, 8]" classname="org.threeten.extra.chrono.TestInternationalFixedChronology" time="0"/>
  <testcase name="test_with_TemporalField_badValue[6: 2012, 1, 1, AlignedDayOfWeekInYear, 0]" classname="org.threeten.extra.chrono.TestInternationalFixedChronology" time="0"/>
  <testcase name="test_with_TemporalField_badValue[7: 2012, 1, 1, AlignedDayOfWeekInYear, 8]" classname="org.threeten.extra.chrono.TestInternationalFixedChronology" time="0"/>
  <testcase name="test_with_TemporalField_badValue[8: 2013, 1, 1, AlignedWeekOfMonth, 0]" classname="org.threeten.extra.chrono.TestInternationalFixedChronology" time="0"/>
  <testcase name="test_with_TemporalField_badValue[9: 2013, 1, 1, AlignedWeekOfMonth, 5]" classname="org.threeten.extra.chrono.TestInternationalFixedChronology" time="0"/>
  <testcase name="test_with_TemporalField_badValue[10: 2012, 1, 1, AlignedWeekOfMonth, 0]" classname="org.threeten.extra.chrono.TestInternationalFixedChronology" time="0"/>
  <testcase name="test_with_TemporalField_badValue[11: 2012, 1, 1, AlignedWeekOfMonth, 5]" classname="org.threeten.extra.chrono.TestInternationalFixedChronology" time="0"/>
  <testcase name="test_with_TemporalField_badValue[12: 2013, 1, 1, AlignedWeekOfYear, 0]" classname="org.threeten.extra.chrono.TestInternationalFixedChronology" time="0"/>
  <testcase name="test_with_TemporalField_badValue[13: 2013, 1, 1, AlignedWeekOfYear, 53]" classname="org.threeten.extra.chrono.TestInternationalFixedChronology" time="0"/>
  <testcase name="test_with_TemporalField_badValue[14: 2012, 1, 1, AlignedWeekOfYear, 0]" classname="org.threeten.extra.chrono.TestInternationalFixedChronology" time="0"/>
  <testcase name="test_with_TemporalField_badValue[15: 2012, 1, 1, AlignedWeekOfYear, 53]" classname="org.threeten.extra.chrono.TestInternationalFixedChronology" time="0.001"/>
  <testcase name="test_with_TemporalField_badValue[16: 2013, 1, 1, DayOfWeek, 0]" classname="org.threeten.extra.chrono.TestInternationalFixedChronology" time="0"/>
  <testcase name="test_with_TemporalField_badValue[17: 2013, 1, 1, DayOfWeek, 8]" classname="org.threeten.extra.chrono.TestInternationalFixedChronology" time="0"/>
  <testcase name="test_with_TemporalField_badValue[18: 2012, 1, 1, DayOfWeek, 0]" classname="org.threeten.extra.chrono.TestInternationalFixedChronology" time="0"/>
  <testcase name="test_with_TemporalField_badValue[19: 2012, 1, 1, DayOfWeek, 8]" classname="org.threeten.extra.chrono.TestInternationalFixedChronology" time="0"/>
  <testcase name="test_with_TemporalField_badValue[20: 2013, 1, 1, DayOfMonth, -1]" classname="org.threeten.extra.chrono.TestInternationalFixedChronology" time="0"/>
  <testcase name="test_with_TemporalField_badValue[21: 2013, 1, 1, DayOfMonth, 29]" classname="org.threeten.extra.chrono.TestInternationalFixedChronology" time="0"/>
  <testcase name="test_with_TemporalField_badValue[22: 2013, 6, 1, DayOfMonth, 29]" classname="org.threeten.extra.chrono.TestInternationalFixedChronology" time="0"/>
  <testcase name="test_with_TemporalField_badValue[23: 2012, 6, 1, DayOfMonth, 30]" classname="org.threeten.extra.chrono.TestInternationalFixedChronology" time="0"/>
  <testcase name="test_with_TemporalField_badValue[24: 2012, 1, 1, DayOfMonth, -2]" classname="org.threeten.extra.chrono.TestInternationalFixedChronology" time="0"/>
  <testcase name="test_with_TemporalField_badValue[25: 2012, 1, 1, DayOfMonth, 29]" classname="org.threeten.extra.chrono.TestInternationalFixedChronology" time="0"/>
  <testcase name="test_with_TemporalField_badValue[26: 2013, 13, 1, DayOfMonth, 30]" classname="org.threeten.extra.chrono.TestInternationalFixedChronology" time="0"/>
  <testcase name="test_with_TemporalField_badValue[27: 2012, 13, 1, DayOfMonth, 30]" classname="org.threeten.extra.chrono.TestInternationalFixedChronology" time="0"/>
  <testcase name="test_with_TemporalField_badValue[28: 2013, 1, 1, DayOfYear, 0]" classname="org.threeten.extra.chrono.TestInternationalFixedChronology" time="0"/>
  <testcase name="test_with_TemporalField_badValue[29: 2012, 1, 1, DayOfYear, 0]" classname="org.threeten.extra.chrono.TestInternationalFixedChronology" time="0"/>
  <testcase name="test_with_TemporalField_badValue[30: 2013, 1, 1, DayOfYear, 366]" classname="org.threeten.extra.chrono.TestInternationalFixedChronology" time="0"/>
  <testcase name="test_with_TemporalField_badValue[31: 2012, 1, 1, DayOfYear, 367]" classname="org.threeten.extra.chrono.TestInternationalFixedChronology" time="0"/>
  <testcase name="test_with_TemporalField_badValue[32: 2013, 1, 1, EpochDay, -719529]" classname="org.threeten.extra.chrono.TestInternationalFixedChronology" time="0"/>
  <testcase name="test_with_TemporalField_badValue[33: 2013, 1, 1, EpochDay, 364522972]" classname="org.threeten.extra.chrono.TestInternationalFixedChronology" time="0"/>
  <testcase name="test_with_TemporalField_badValue[34: 2013, 1, 1, MonthOfYear, -1]" classname="org.threeten.extra.chrono.TestInternationalFixedChronology" time="0"/>
  <testcase name="test_with_TemporalField_badValue[35: 2013, 1, 1, MonthOfYear, 14]" classname="org.threeten.extra.chrono.TestInternationalFixedChronology" time="0"/>
  <testcase name="test_with_TemporalField_badValue[36: 2012, 1, 1, MonthOfYear, -2]" classname="org.threeten.extra.chrono.TestInternationalFixedChronology" time="0"/>
  <testcase name="test_with_TemporalField_badValue[37: 2012, 1, 1, MonthOfYear, 14]" classname="org.threeten.extra.chrono.TestInternationalFixedChronology" time="0"/>
  <testcase name="test_with_TemporalField_badValue[38: 2013, 1, 1, Year, 0]" classname="org.threeten.extra.chrono.TestInternationalFixedChronology" time="0"/>
  <testcase name="test_with_TemporalField_badValue[39: 2012, 6, 21, DayOfWeek, 0]" classname="org.threeten.extra.chrono.TestInternationalFixedChronology" time="0"/>
  <testcase name="test_with_TemporalField_badValue[40: 2012, 6, 21, AlignedDayOfWeekInMonth, 0]" classname="org.threeten.extra.chrono.TestInternationalFixedChronology" time="0"/>
  <testcase name="test_with_TemporalField_badValue[41: 2012, 6, 21, AlignedWeekOfMonth, 0]" classname="org.threeten.extra.chrono.TestInternationalFixedChronology" time="0"/>
  <testcase name="test_with_TemporalField_badValue[42: 2012, 6, 21, AlignedDayOfWeekInYear, 0]" classname="org.threeten.extra.chrono.TestInternationalFixedChronology" time="0"/>
  <testcase name="test_with_TemporalField_badValue[43: 2012, 6, 21, AlignedWeekOfYear, 0]" classname="org.threeten.extra.chrono.TestInternationalFixedChronology" time="0"/>
  <testcase name="test_badDates[0: -1, 13, 28]" classname="org.threeten.extra.chrono.TestInternationalFixedChronology" time="0"/>
  <testcase name="test_badDates[1: -1, 13, 29]" classname="org.threeten.extra.chrono.TestInternationalFixedChronology" time="0"/>
  <testcase name="test_badDates[2: 0, 1, 1]" classname="org.threeten.extra.chrono.TestInternationalFixedChronology" time="0"/>
  <testcase name="test_badDates[3: 1900, -2, 1]" classname="org.threeten.extra.chrono.TestInternationalFixedChronology" time="0"/>
  <testcase name="test_badDates[4: 1900, 14, 1]" classname="org.threeten.extra.chrono.TestInternationalFixedChronology" time="0"/>
  <testcase name="test_badDates[5: 1900, 15, 1]" classname="org.threeten.extra.chrono.TestInternationalFixedChronology" time="0"/>
  <testcase name="test_badDates[6: 1900, 1, -1]" classname="org.threeten.extra.chrono.TestInternationalFixedChronology" time="0"/>
  <testcase name="test_badDates[7: 1900, 1, 0]" classname="org.threeten.extra.chrono.TestInternationalFixedChronology" time="0"/>
  <testcase name="test_badDates[8: 1900, 1, 29]" classname="org.threeten.extra.chrono.TestInternationalFixedChronology" time="0"/>
  <testcase name="test_badDates[9: 1904, -1, -2]" classname="org.threeten.extra.chrono.TestInternationalFixedChronology" time="0"/>
  <testcase name="test_badDates[10: 1904, -1, 0]" classname="org.threeten.extra.chrono.TestInternationalFixedChronology" time="0"/>
  <testcase name="test_badDates[11: 1904, -1, 1]" classname="org.threeten.extra.chrono.TestInternationalFixedChronology" time="0"/>
  <testcase name="test_badDates[12: 1900, -1, 0]" classname="org.threeten.extra.chrono.TestInternationalFixedChronology" time="0"/>
  <testcase name="test_badDates[13: 1900, -1, -2]" classname="org.threeten.extra.chrono.TestInternationalFixedChronology" time="0"/>
  <testcase name="test_badDates[14: 1900, 0, -1]" classname="org.threeten.extra.chrono.TestInternationalFixedChronology" time="0"/>
  <testcase name="test_badDates[15: 1900, 0, 1]" classname="org.threeten.extra.chrono.TestInternationalFixedChronology" time="0.001"/>
  <testcase name="test_badDates[16: 1900, 0, 2]" classname="org.threeten.extra.chrono.TestInternationalFixedChronology" time="0"/>
  <testcase name="test_badDates[17: 1900, 2, 29]" classname="org.threeten.extra.chrono.TestInternationalFixedChronology" time="0"/>
  <testcase name="test_badDates[18: 1900, 3, 29]" classname="org.threeten.extra.chrono.TestInternationalFixedChronology" time="0"/>
  <testcase name="test_badDates[19: 1900, 4, 29]" classname="org.threeten.extra.chrono.TestInternationalFixedChronology" time="0"/>
  <testcase name="test_badDates[20: 1900, 5, 29]" classname="org.threeten.extra.chrono.TestInternationalFixedChronology" time="0"/>
  <testcase name="test_badDates[21: 1900, 6, 29]" classname="org.threeten.extra.chrono.TestInternationalFixedChronology" time="0"/>
  <testcase name="test_badDates[22: 1900, 7, 29]" classname="org.threeten.extra.chrono.TestInternationalFixedChronology" time="0"/>
  <testcase name="test_badDates[23: 1900, 8, 29]" classname="org.threeten.extra.chrono.TestInternationalFixedChronology" time="0"/>
  <testcase name="test_badDates[24: 1900, 9, 29]" classname="org.threeten.extra.chrono.TestInternationalFixedChronology" time="0"/>
  <testcase name="test_badDates[25: 1900, 10, 29]" classname="org.threeten.extra.chrono.TestInternationalFixedChronology" time="0"/>
  <testcase name="test_badDates[26: 1900, 11, 29]" classname="org.threeten.extra.chrono.TestInternationalFixedChronology" time="0"/>
  <testcase name="test_badDates[27: 1900, 12, 29]" classname="org.threeten.extra.chrono.TestInternationalFixedChronology" time="0"/>
  <testcase name="test_badDates[28: 1900, 13, 30]" classname="org.threeten.extra.chrono.TestInternationalFixedChronology" time="0"/>
  <testcase name="test_getLong_unsupported" classname="org.threeten.extra.chrono.TestInternationalFixedChronology" time="0"/>
  <testcase name="test_plus_leap_and_year_day_TemporalUnit[0: 2014, 13, 29, 0, Days, 2014, 13, 29]" classname="org.threeten.extra.chrono.TestInternationalFixedChronology" time="0"/>
  <testcase name="test_plus_leap_and_year_day_TemporalUnit[1: 2014, 13, 29, 8, Days, 2015, 1, 8]" classname="org.threeten.extra.chrono.TestInternationalFixedChronology" time="0"/>
  <testcase name="test_plus_leap_and_year_day_TemporalUnit[2: 2014, 13, 29, -3, Days, 2014, 13, 26]" classname="org.threeten.extra.chrono.TestInternationalFixedChronology" time="0"/>
  <testcase name="test_plus_leap_and_year_day_TemporalUnit[3: 2014, 13, 29, 0, Weeks, 2014, 13, 29]" classname="org.threeten.extra.chrono.TestInternationalFixedChronology" time="0"/>
  <testcase name="test_plus_leap_and_year_day_TemporalUnit[4: 2014, 13, 29, 3, Weeks, 2015, 1, 21]" classname="org.threeten.extra.chrono.TestInternationalFixedChronology" time="0"/>
  <testcase name="test_plus_leap_and_year_day_TemporalUnit[5: 2014, 13, 29, -5, Weeks, 2014, 12, 21]" classname="org.threeten.extra.chrono.TestInternationalFixedChronology" time="0.001"/>
  <testcase name="test_plus_leap_and_year_day_TemporalUnit[6: 2014, 13, 29, 52, Weeks, 2015, 13, 29]" classname="org.threeten.extra.chrono.TestInternationalFixedChronology" time="0"/>
  <testcase name="test_plus_leap_and_year_day_TemporalUnit[7: 2014, 13, 29, 0, Months, 2014, 13, 29]" classname="org.threeten.extra.chrono.TestInternationalFixedChronology" time="0"/>
  <testcase name="test_plus_leap_and_year_day_TemporalUnit[8: 2014, 13, 29, 3, Months, 2015, 3, 28]" classname="org.threeten.extra.chrono.TestInternationalFixedChronology" time="0"/>
  <testcase name="test_plus_leap_and_year_day_TemporalUnit[9: 2014, 13, 29, -5, Months, 2014, 8, 28]" classname="org.threeten.extra.chrono.TestInternationalFixedChronology" time="0"/>
  <testcase name="test_plus_leap_and_year_day_TemporalUnit[10: 2014, 13, 29, 13, Months, 2015, 13, 29]" classname="org.threeten.extra.chrono.TestInternationalFixedChronology" time="0"/>
  <testcase name="test_plus_leap_and_year_day_TemporalUnit[11: 2014, 13, 29, 0, Years, 2014, 13, 29]" classname="org.threeten.extra.chrono.TestInternationalFixedChronology" time="0"/>
  <testcase name="test_plus_leap_and_year_day_TemporalUnit[12: 2014, 13, 29, 3, Years, 2017, 13, 29]" classname="org.threeten.extra.chrono.TestInternationalFixedChronology" time="0"/>
  <testcase name="test_plus_leap_and_year_day_TemporalUnit[13: 2014, 13, 29, -5, Years, 2009, 13, 29]" classname="org.threeten.extra.chrono.TestInternationalFixedChronology" time="0"/>
  <testcase name="test_plus_leap_and_year_day_TemporalUnit[14: 2011, 13, 29, 24, Weeks, 2012, 6, 29]" classname="org.threeten.extra.chrono.TestInternationalFixedChronology" time="0"/>
  <testcase name="test_plus_leap_and_year_day_TemporalUnit[15: 2012, 13, 29, -28, Weeks, 2012, 6, 29]" classname="org.threeten.extra.chrono.TestInternationalFixedChronology" time="0"/>
  <testcase name="test_plus_leap_and_year_day_TemporalUnit[16: 2012, 6, 29, 0, Days, 2012, 6, 29]" classname="org.threeten.extra.chrono.TestInternationalFixedChronology" time="0"/>
  <testcase name="test_plus_leap_and_year_day_TemporalUnit[17: 2012, 6, 29, 8, Days, 2012, 7, 8]" classname="org.threeten.extra.chrono.TestInternationalFixedChronology" time="0"/>
  <testcase name="test_plus_leap_and_year_day_TemporalUnit[18: 2012, 6, 29, -3, Days, 2012, 6, 26]" classname="org.threeten.extra.chrono.TestInternationalFixedChronology" time="0"/>
  <testcase name="test_plus_leap_and_year_day_TemporalUnit[19: 2012, 6, 29, 0, Weeks, 2012, 6, 29]" classname="org.threeten.extra.chrono.TestInternationalFixedChronology" time="0"/>
  <testcase name="test_plus_leap_and_year_day_TemporalUnit[20: 2012, 6, 29, 3, Weeks, 2012, 7, 22]" classname="org.threeten.extra.chrono.TestInternationalFixedChronology" time="0"/>
  <testcase name="test_plus_leap_and_year_day_TemporalUnit[21: 2012, 6, 29, -5, Weeks, 2012, 5, 22]" classname="org.threeten.extra.chrono.TestInternationalFixedChronology" time="0"/>
  <testcase name="test_plus_leap_and_year_day_TemporalUnit[22: 2012, 6, 29, 208, Weeks, 2016, 6, 29]" classname="org.threeten.extra.chrono.TestInternationalFixedChronology" time="0"/>
  <testcase name="test_plus_leap_and_year_day_TemporalUnit[23: 2012, 6, 29, 0, Months, 2012, 6, 29]" classname="org.threeten.extra.chrono.TestInternationalFixedChronology" time="0"/>
  <testcase name="test_plus_leap_and_year_day_TemporalUnit[24: 2012, 6, 29, 3, Months, 2012, 9, 28]" classname="org.threeten.extra.chrono.TestInternationalFixedChronology" time="0"/>
  <testcase name="test_plus_leap_and_year_day_TemporalUnit[25: 2012, 6, 29, -5, Months, 2012, 1, 28]" classname="org.threeten.extra.chrono.TestInternationalFixedChronology" time="0"/>
  <testcase name="test_plus_leap_and_year_day_TemporalUnit[26: 2012, 6, 29, 52, Months, 2016, 6, 29]" classname="org.threeten.extra.chrono.TestInternationalFixedChronology" time="0"/>
  <testcase name="test_plus_leap_and_year_day_TemporalUnit[27: 2012, 6, 29, 0, Years, 2012, 6, 29]" classname="org.threeten.extra.chrono.TestInternationalFixedChronology" time="0"/>
  <testcase name="test_plus_leap_and_year_day_TemporalUnit[28: 2012, 6, 29, 3, Years, 2015, 6, 28]" classname="org.threeten.extra.chrono.TestInternationalFixedChronology" time="0"/>
  <testcase name="test_plus_leap_and_year_day_TemporalUnit[29: 2012, 6, 29, -5, Years, 2007, 6, 28]" classname="org.threeten.extra.chrono.TestInternationalFixedChronology" time="0"/>
  <testcase name="test_plus_leap_and_year_day_TemporalUnit[30: 2012, 6, 29, 4, Years, 2016, 6, 29]" classname="org.threeten.extra.chrono.TestInternationalFixedChronology" time="0"/>
  <testcase name="test_plus_leap_and_year_day_TemporalUnit[31: 2012, 6, 29, 28, Weeks, 2012, 13, 29]" classname="org.threeten.extra.chrono.TestInternationalFixedChronology" time="0"/>
  <testcase name="test_plus_leap_and_year_day_TemporalUnit[32: 2012, 6, 29, -24, Weeks, 2011, 13, 29]" classname="org.threeten.extra.chrono.TestInternationalFixedChronology" time="0"/>
  <testcase name="test_LocalDate_adjustToInternationalFixedDate" classname="org.threeten.extra.chrono.TestInternationalFixedChronology" time="0"/>
  <testcase name="test_plusDays[0: Ifc CE 1/01/01, 0001-01-01]" classname="org.threeten.extra.chrono.TestInternationalFixedChronology" time="0"/>
  <testcase name="test_plusDays[1: Ifc CE 1/01/02, 0001-01-02]" classname="org.threeten.extra.chrono.TestInternationalFixedChronology" time="0"/>
  <testcase name="test_plusDays[2: Ifc CE 1/06/27, 0001-06-16]" classname="org.threeten.extra.chrono.TestInternationalFixedChronology" time="0"/>
  <testcase name="test_plusDays[3: Ifc CE 1/06/28, 0001-06-17]" classname="org.threeten.extra.chrono.TestInternationalFixedChronology" time="0"/>
  <testcase name="test_plusDays[4: Ifc CE 1/07/01, 0001-06-18]" classname="org.threeten.extra.chrono.TestInternationalFixedChronology" time="0"/>
  <testcase name="test_plusDays[5: Ifc CE 1/07/02, 0001-06-19]" classname="org.threeten.extra.chrono.TestInternationalFixedChronology" time="0"/>
  <testcase name="test_plusDays[6: Ifc CE 1/13/28, 0001-12-30]" classname="org.threeten.extra.chrono.TestInternationalFixedChronology" time="0"/>
  <testcase name="test_plusDays[7: Ifc CE 1/13/27, 0001-12-29]" classname="org.threeten.extra.chrono.TestInternationalFixedChronology" time="0"/>
  <testcase name="test_plusDays[8: Ifc CE 1/13/29, 0001-12-31]" classname="org.threeten.extra.chrono.TestInternationalFixedChronology" time="0"/>
  <testcase name="test_plusDays[9: Ifc CE 2/01/01, 0002-01-01]" classname="org.threeten.extra.chrono.TestInternationalFixedChronology" time="0"/>
  <testcase name="test_plusDays[10: Ifc CE 4/06/27, 0004-06-15]" classname="org.threeten.extra.chrono.TestInternationalFixedChronology" time="0"/>
  <testcase name="test_plusDays[11: Ifc CE 4/06/28, 0004-06-16]" classname="org.threeten.extra.chrono.TestInternationalFixedChronology" time="0"/>
  <testcase name="test_plusDays[12: Ifc CE 4/06/29, 0004-06-17]" classname="org.threeten.extra.chrono.TestInternationalFixedChronology" time="0"/>
  <testcase name="test_plusDays[13: Ifc CE 4/07/01, 0004-06-18]" classname="org.threeten.extra.chrono.TestInternationalFixedChronology" time="0"/>
  <testcase name="test_plusDays[14: Ifc CE 4/07/02, 0004-06-19]" classname="org.threeten.extra.chrono.TestInternationalFixedChronology" time="0"/>
  <testcase name="test_plusDays[15: Ifc CE 4/13/28, 0004-12-30]" classname="org.threeten.extra.chrono.TestInternationalFixedChronology" time="0.001"/>
  <testcase name="test_plusDays[16: Ifc CE 4/13/27, 0004-12-29]" classname="org.threeten.extra.chrono.TestInternationalFixedChronology" time="0"/>
  <testcase name="test_plusDays[17: Ifc CE 4/13/29, 0004-12-31]" classname="org.threeten.extra.chrono.TestInternationalFixedChronology" time="0"/>
  <testcase name="test_plusDays[18: Ifc CE 5/01/01, 0005-01-01]" classname="org.threeten.extra.chrono.TestInternationalFixedChronology" time="0"/>
  <testcase name="test_plusDays[19: Ifc CE 100/06/27, 0100-06-16]" classname="org.threeten.extra.chrono.TestInternationalFixedChronology" time="0"/>
  <testcase name="test_plusDays[20: Ifc CE 100/06/28, 0100-06-17]" classname="org.threeten.extra.chrono.TestInternationalFixedChronology" time="0"/>
  <testcase name="test_plusDays[21: Ifc CE 100/07/01, 0100-06-18]" classname="org.threeten.extra.chrono.TestInternationalFixedChronology" time="0"/>
  <testcase name="test_plusDays[22: Ifc CE 100/07/02, 0100-06-19]" classname="org.threeten.extra.chrono.TestInternationalFixedChronology" time="0"/>
  <testcase name="test_plusDays[23: Ifc CE 400/06/27, 0400-06-15]" classname="org.threeten.extra.chrono.TestInternationalFixedChronology" time="0"/>
  <testcase name="test_plusDays[24: Ifc CE 400/06/28, 0400-06-16]" classname="org.threeten.extra.chrono.TestInternationalFixedChronology" time="0"/>
  <testcase name="test_plusDays[25: Ifc CE 400/06/29, 0400-06-17]" classname="org.threeten.extra.chrono.TestInternationalFixedChronology" time="0"/>
  <testcase name="test_plusDays[26: Ifc CE 400/07/01, 0400-06-18]" classname="org.threeten.extra.chrono.TestInternationalFixedChronology" time="0"/>
  <testcase name="test_plusDays[27: Ifc CE 400/07/02, 0400-06-19]" classname="org.threeten.extra.chrono.TestInternationalFixedChronology" time="0"/>
  <testcase name="test_plusDays[28: Ifc CE 1582/09/28, 1582-09-09]" classname="org.threeten.extra.chrono.TestInternationalFixedChronology" time="0"/>
  <testcase name="test_plusDays[29: Ifc CE 1582/10/01, 1582-09-10]" classname="org.threeten.extra.chrono.TestInternationalFixedChronology" time="0"/>
  <testcase name="test_plusDays[30: Ifc CE 1945/10/27, 1945-10-06]" classname="org.threeten.extra.chrono.TestInternationalFixedChronology" time="0"/>
  <testcase name="test_plusDays[31: Ifc CE 2012/06/15, 2012-06-03]" classname="org.threeten.extra.chrono.TestInternationalFixedChronology" time="0"/>
  <testcase name="test_plusDays[32: Ifc CE 2012/06/16, 2012-06-04]" classname="org.threeten.extra.chrono.TestInternationalFixedChronology" time="0"/>
  <testcase name="test_minusDays[0: Ifc CE 1/01/01, 0001-01-01]" classname="org.threeten.extra.chrono.TestInternationalFixedChronology" time="0"/>
  <testcase name="test_minusDays[1: Ifc CE 1/01/02, 0001-01-02]" classname="org.threeten.extra.chrono.TestInternationalFixedChronology" time="0"/>
  <testcase name="test_minusDays[2: Ifc CE 1/06/27, 0001-06-16]" classname="org.threeten.extra.chrono.TestInternationalFixedChronology" time="0.001"/>
  <testcase name="test_minusDays[3: Ifc CE 1/06/28, 0001-06-17]" classname="org.threeten.extra.chrono.TestInternationalFixedChronology" time="0"/>
  <testcase name="test_minusDays[4: Ifc CE 1/07/01, 0001-06-18]" classname="org.threeten.extra.chrono.TestInternationalFixedChronology" time="0"/>
  <testcase name="test_minusDays[5: Ifc CE 1/07/02, 0001-06-19]" classname="org.threeten.extra.chrono.TestInternationalFixedChronology" time="0"/>
  <testcase name="test_minusDays[6: Ifc CE 1/13/28, 0001-12-30]" classname="org.threeten.extra.chrono.TestInternationalFixedChronology" time="0"/>
  <testcase name="test_minusDays[7: Ifc CE 1/13/27, 0001-12-29]" classname="org.threeten.extra.chrono.TestInternationalFixedChronology" time="0"/>
  <testcase name="test_minusDays[8: Ifc CE 1/13/29, 0001-12-31]" classname="org.threeten.extra.chrono.TestInternationalFixedChronology" time="0"/>
  <testcase name="test_minusDays[9: Ifc CE 2/01/01, 0002-01-01]" classname="org.threeten.extra.chrono.TestInternationalFixedChronology" time="0"/>
  <testcase name="test_minusDays[10: Ifc CE 4/06/27, 0004-06-15]" classname="org.threeten.extra.chrono.TestInternationalFixedChronology" time="0"/>
  <testcase name="test_minusDays[11: Ifc CE 4/06/28, 0004-06-16]" classname="org.threeten.extra.chrono.TestInternationalFixedChronology" time="0"/>
  <testcase name="test_minusDays[12: Ifc CE 4/06/29, 0004-06-17]" classname="org.threeten.extra.chrono.TestInternationalFixedChronology" time="0"/>
  <testcase name="test_minusDays[13: Ifc CE 4/07/01, 0004-06-18]" classname="org.threeten.extra.chrono.TestInternationalFixedChronology" time="0"/>
  <testcase name="test_minusDays[14: Ifc CE 4/07/02, 0004-06-19]" classname="org.threeten.extra.chrono.TestInternationalFixedChronology" time="0"/>
  <testcase name="test_minusDays[15: Ifc CE 4/13/28, 0004-12-30]" classname="org.threeten.extra.chrono.TestInternationalFixedChronology" time="0"/>
  <testcase name="test_minusDays[16: Ifc CE 4/13/27, 0004-12-29]" classname="org.threeten.extra.chrono.TestInternationalFixedChronology" time="0"/>
  <testcase name="test_minusDays[17: Ifc CE 4/13/29, 0004-12-31]" classname="org.threeten.extra.chrono.TestInternationalFixedChronology" time="0"/>
  <testcase name="test_minusDays[18: Ifc CE 5/01/01, 0005-01-01]" classname="org.threeten.extra.chrono.TestInternationalFixedChronology" time="0"/>
  <testcase name="test_minusDays[19: Ifc CE 100/06/27, 0100-06-16]" classname="org.threeten.extra.chrono.TestInternationalFixedChronology" time="0"/>
  <testcase name="test_minusDays[20: Ifc CE 100/06/28, 0100-06-17]" classname="org.threeten.extra.chrono.TestInternationalFixedChronology" time="0"/>
  <testcase name="test_minusDays[21: Ifc CE 100/07/01, 0100-06-18]" classname="org.threeten.extra.chrono.TestInternationalFixedChronology" time="0"/>
  <testcase name="test_minusDays[22: Ifc CE 100/07/02, 0100-06-19]" classname="org.threeten.extra.chrono.TestInternationalFixedChronology" time="0"/>
  <testcase name="test_minusDays[23: Ifc CE 400/06/27, 0400-06-15]" classname="org.threeten.extra.chrono.TestInternationalFixedChronology" time="0"/>
  <testcase name="test_minusDays[24: Ifc CE 400/06/28, 0400-06-16]" classname="org.threeten.extra.chrono.TestInternationalFixedChronology" time="0"/>
  <testcase name="test_minusDays[25: Ifc CE 400/06/29, 0400-06-17]" classname="org.threeten.extra.chrono.TestInternationalFixedChronology" time="0"/>
  <testcase name="test_minusDays[26: Ifc CE 400/07/01, 0400-06-18]" classname="org.threeten.extra.chrono.TestInternationalFixedChronology" time="0"/>
  <testcase name="test_minusDays[27: Ifc CE 400/07/02, 0400-06-19]" classname="org.threeten.extra.chrono.TestInternationalFixedChronology" time="0"/>
  <testcase name="test_minusDays[28: Ifc CE 1582/09/28, 1582-09-09]" classname="org.threeten.extra.chrono.TestInternationalFixedChronology" time="0"/>
  <testcase name="test_minusDays[29: Ifc CE 1582/10/01, 1582-09-10]" classname="org.threeten.extra.chrono.TestInternationalFixedChronology" time="0"/>
  <testcase name="test_minusDays[30: Ifc CE 1945/10/27, 1945-10-06]" classname="org.threeten.extra.chrono.TestInternationalFixedChronology" time="0"/>
  <testcase name="test_minusDays[31: Ifc CE 2012/06/15, 2012-06-03]" classname="org.threeten.extra.chrono.TestInternationalFixedChronology" time="0"/>
  <testcase name="test_minusDays[32: Ifc CE 2012/06/16, 2012-06-04]" classname="org.threeten.extra.chrono.TestInternationalFixedChronology" time="0"/>
  <testcase name="test_toString[0: Ifc CE 1/01/01, Ifc CE 1/01/01]" classname="org.threeten.extra.chrono.TestInternationalFixedChronology" time="0"/>
  <testcase name="test_toString[1: Ifc CE 2012/06/23, Ifc CE 2012/06/23]" classname="org.threeten.extra.chrono.TestInternationalFixedChronology" time="0"/>
  <testcase name="test_toString[2: Ifc CE 1/13/29, Ifc CE 1/13/29]" classname="org.threeten.extra.chrono.TestInternationalFixedChronology" time="0"/>
  <testcase name="test_toString[3: Ifc CE 2012/06/29, Ifc CE 2012/06/29]" classname="org.threeten.extra.chrono.TestInternationalFixedChronology" time="0"/>
  <testcase name="test_toString[4: Ifc CE 2012/13/29, Ifc CE 2012/13/29]" classname="org.threeten.extra.chrono.TestInternationalFixedChronology" time="0"/>
  <testcase name="test_InternationalFixedDate_from_LocalDate[0: Ifc CE 1/01/01, 0001-01-01]" classname="org.threeten.extra.chrono.TestInternationalFixedChronology" time="0"/>
  <testcase name="test_InternationalFixedDate_from_LocalDate[1: Ifc CE 1/01/02, 0001-01-02]" classname="org.threeten.extra.chrono.TestInternationalFixedChronology" time="0"/>
  <testcase name="test_InternationalFixedDate_from_LocalDate[2: Ifc CE 1/06/27, 0001-06-16]" classname="org.threeten.extra.chrono.TestInternationalFixedChronology" time="0"/>
  <testcase name="test_InternationalFixedDate_from_LocalDate[3: Ifc CE 1/06/28, 0001-06-17]" classname="org.threeten.extra.chrono.TestInternationalFixedChronology" time="0"/>
  <testcase name="test_InternationalFixedDate_from_LocalDate[4: Ifc CE 1/07/01, 0001-06-18]" classname="org.threeten.extra.chrono.TestInternationalFixedChronology" time="0"/>
  <testcase name="test_InternationalFixedDate_from_LocalDate[5: Ifc CE 1/07/02, 0001-06-19]" classname="org.threeten.extra.chrono.TestInternationalFixedChronology" time="0"/>
  <testcase name="test_InternationalFixedDate_from_LocalDate[6: Ifc CE 1/13/28, 0001-12-30]" classname="org.threeten.extra.chrono.TestInternationalFixedChronology" time="0"/>
  <testcase name="test_InternationalFixedDate_from_LocalDate[7: Ifc CE 1/13/27, 0001-12-29]" classname="org.threeten.extra.chrono.TestInternationalFixedChronology" time="0"/>
  <testcase name="test_InternationalFixedDate_from_LocalDate[8: Ifc CE 1/13/29, 0001-12-31]" classname="org.threeten.extra.chrono.TestInternationalFixedChronology" time="0"/>
  <testcase name="test_InternationalFixedDate_from_LocalDate[9: Ifc CE 2/01/01, 0002-01-01]" classname="org.threeten.extra.chrono.TestInternationalFixedChronology" time="0"/>
  <testcase name="test_InternationalFixedDate_from_LocalDate[10: Ifc CE 4/06/27, 0004-06-15]" classname="org.threeten.extra.chrono.TestInternationalFixedChronology" time="0"/>
  <testcase name="test_InternationalFixedDate_from_LocalDate[11: Ifc CE 4/06/28, 0004-06-16]" classname="org.threeten.extra.chrono.TestInternationalFixedChronology" time="0"/>
  <testcase name="test_InternationalFixedDate_from_LocalDate[12: Ifc CE 4/06/29, 0004-06-17]" classname="org.threeten.extra.chrono.TestInternationalFixedChronology" time="0"/>
  <testcase name="test_InternationalFixedDate_from_LocalDate[13: Ifc CE 4/07/01, 0004-06-18]" classname="org.threeten.extra.chrono.TestInternationalFixedChronology" time="0"/>
  <testcase name="test_InternationalFixedDate_from_LocalDate[14: Ifc CE 4/07/02, 0004-06-19]" classname="org.threeten.extra.chrono.TestInternationalFixedChronology" time="0"/>
  <testcase name="test_InternationalFixedDate_from_LocalDate[15: Ifc CE 4/13/28, 0004-12-30]" classname="org.threeten.extra.chrono.TestInternationalFixedChronology" time="0"/>
  <testcase name="test_InternationalFixedDate_from_LocalDate[16: Ifc CE 4/13/27, 0004-12-29]" classname="org.threeten.extra.chrono.TestInternationalFixedChronology" time="0"/>
  <testcase name="test_InternationalFixedDate_from_LocalDate[17: Ifc CE 4/13/29, 0004-12-31]" classname="org.threeten.extra.chrono.TestInternationalFixedChronology" time="0"/>
  <testcase name="test_InternationalFixedDate_from_LocalDate[18: Ifc CE 5/01/01, 0005-01-01]" classname="org.threeten.extra.chrono.TestInternationalFixedChronology" time="0"/>
  <testcase name="test_InternationalFixedDate_from_LocalDate[19: Ifc CE 100/06/27, 0100-06-16]" classname="org.threeten.extra.chrono.TestInternationalFixedChronology" time="0"/>
  <testcase name="test_InternationalFixedDate_from_LocalDate[20: Ifc CE 100/06/28, 0100-06-17]" classname="org.threeten.extra.chrono.TestInternationalFixedChronology" time="0"/>
  <testcase name="test_InternationalFixedDate_from_LocalDate[21: Ifc CE 100/07/01, 0100-06-18]" classname="org.threeten.extra.chrono.TestInternationalFixedChronology" time="0"/>
  <testcase name="test_InternationalFixedDate_from_LocalDate[22: Ifc CE 100/07/02, 0100-06-19]" classname="org.threeten.extra.chrono.TestInternationalFixedChronology" time="0"/>
  <testcase name="test_InternationalFixedDate_from_LocalDate[23: Ifc CE 400/06/27, 0400-06-15]" classname="org.threeten.extra.chrono.TestInternationalFixedChronology" time="0"/>
  <testcase name="test_InternationalFixedDate_from_LocalDate[24: Ifc CE 400/06/28, 0400-06-16]" classname="org.threeten.extra.chrono.TestInternationalFixedChronology" time="0"/>
  <testcase name="test_InternationalFixedDate_from_LocalDate[25: Ifc CE 400/06/29, 0400-06-17]" classname="org.threeten.extra.chrono.TestInternationalFixedChronology" time="0"/>
  <testcase name="test_InternationalFixedDate_from_LocalDate[26: Ifc CE 400/07/01, 0400-06-18]" classname="org.threeten.extra.chrono.TestInternationalFixedChronology" time="0"/>
  <testcase name="test_InternationalFixedDate_from_LocalDate[27: Ifc CE 400/07/02, 0400-06-19]" classname="org.threeten.extra.chrono.TestInternationalFixedChronology" time="0"/>
  <testcase name="test_InternationalFixedDate_from_LocalDate[28: Ifc CE 1582/09/28, 1582-09-09]" classname="org.threeten.extra.chrono.TestInternationalFixedChronology" time="0"/>
  <testcase name="test_InternationalFixedDate_from_LocalDate[29: Ifc CE 1582/10/01, 1582-09-10]" classname="org.threeten.extra.chrono.TestInternationalFixedChronology" time="0"/>
  <testcase name="test_InternationalFixedDate_from_LocalDate[30: Ifc CE 1945/10/27, 1945-10-06]" classname="org.threeten.extra.chrono.TestInternationalFixedChronology" time="0"/>
  <testcase name="test_InternationalFixedDate_from_LocalDate[31: Ifc CE 2012/06/15, 2012-06-03]" classname="org.threeten.extra.chrono.TestInternationalFixedChronology" time="0"/>
  <testcase name="test_InternationalFixedDate_from_LocalDate[32: Ifc CE 2012/06/16, 2012-06-04]" classname="org.threeten.extra.chrono.TestInternationalFixedChronology" time="0"/>
  <testcase name="test_InternationalFixedDate_until_LocalDate[0: Ifc CE 1/01/01, 0001-01-01]" classname="org.threeten.extra.chrono.TestInternationalFixedChronology" time="0"/>
  <testcase name="test_InternationalFixedDate_until_LocalDate[1: Ifc CE 1/01/02, 0001-01-02]" classname="org.threeten.extra.chrono.TestInternationalFixedChronology" time="0"/>
  <testcase name="test_InternationalFixedDate_until_LocalDate[2: Ifc CE 1/06/27, 0001-06-16]" classname="org.threeten.extra.chrono.TestInternationalFixedChronology" time="0"/>
  <testcase name="test_InternationalFixedDate_until_LocalDate[3: Ifc CE 1/06/28, 0001-06-17]" classname="org.threeten.extra.chrono.TestInternationalFixedChronology" time="0"/>
  <testcase name="test_InternationalFixedDate_until_LocalDate[4: Ifc CE 1/07/01, 0001-06-18]" classname="org.threeten.extra.chrono.TestInternationalFixedChronology" time="0"/>
  <testcase name="test_InternationalFixedDate_until_LocalDate[5: Ifc CE 1/07/02, 0001-06-19]" classname="org.threeten.extra.chrono.TestInternationalFixedChronology" time="0"/>
  <testcase name="test_InternationalFixedDate_until_LocalDate[6: Ifc CE 1/13/28, 0001-12-30]" classname="org.threeten.extra.chrono.TestInternationalFixedChronology" time="0"/>
  <testcase name="test_InternationalFixedDate_until_LocalDate[7: Ifc CE 1/13/27, 0001-12-29]" classname="org.threeten.extra.chrono.TestInternationalFixedChronology" time="0"/>
  <testcase name="test_InternationalFixedDate_until_LocalDate[8: Ifc CE 1/13/29, 0001-12-31]" classname="org.threeten.extra.chrono.TestInternationalFixedChronology" time="0"/>
  <testcase name="test_InternationalFixedDate_until_LocalDate[9: Ifc CE 2/01/01, 0002-01-01]" classname="org.threeten.extra.chrono.TestInternationalFixedChronology" time="0"/>
  <testcase name="test_InternationalFixedDate_until_LocalDate[10: Ifc CE 4/06/27, 0004-06-15]" classname="org.threeten.extra.chrono.TestInternationalFixedChronology" time="0"/>
  <testcase name="test_InternationalFixedDate_until_LocalDate[11: Ifc CE 4/06/28, 0004-06-16]" classname="org.threeten.extra.chrono.TestInternationalFixedChronology" time="0"/>
  <testcase name="test_InternationalFixedDate_until_LocalDate[12: Ifc CE 4/06/29, 0004-06-17]" classname="org.threeten.extra.chrono.TestInternationalFixedChronology" time="0"/>
  <testcase name="test_InternationalFixedDate_until_LocalDate[13: Ifc CE 4/07/01, 0004-06-18]" classname="org.threeten.extra.chrono.TestInternationalFixedChronology" time="0"/>
  <testcase name="test_InternationalFixedDate_until_LocalDate[14: Ifc CE 4/07/02, 0004-06-19]" classname="org.threeten.extra.chrono.TestInternationalFixedChronology" time="0.005"/>
  <testcase name="test_InternationalFixedDate_until_LocalDate[15: Ifc CE 4/13/28, 0004-12-30]" classname="org.threeten.extra.chrono.TestInternationalFixedChronology" time="0"/>
  <testcase name="test_InternationalFixedDate_until_LocalDate[16: Ifc CE 4/13/27, 0004-12-29]" classname="org.threeten.extra.chrono.TestInternationalFixedChronology" time="0"/>
  <testcase name="test_InternationalFixedDate_until_LocalDate[17: Ifc CE 4/13/29, 0004-12-31]" classname="org.threeten.extra.chrono.TestInternationalFixedChronology" time="0"/>
  <testcase name="test_InternationalFixedDate_until_LocalDate[18: Ifc CE 5/01/01, 0005-01-01]" classname="org.threeten.extra.chrono.TestInternationalFixedChronology" time="0"/>
  <testcase name="test_InternationalFixedDate_until_LocalDate[19: Ifc CE 100/06/27, 0100-06-16]" classname="org.threeten.extra.chrono.TestInternationalFixedChronology" time="0"/>
  <testcase name="test_InternationalFixedDate_until_LocalDate[20: Ifc CE 100/06/28, 0100-06-17]" classname="org.threeten.extra.chrono.TestInternationalFixedChronology" time="0"/>
  <testcase name="test_InternationalFixedDate_until_LocalDate[21: Ifc CE 100/07/01, 0100-06-18]" classname="org.threeten.extra.chrono.TestInternationalFixedChronology" time="0"/>
  <testcase name="test_InternationalFixedDate_until_LocalDate[22: Ifc CE 100/07/02, 0100-06-19]" classname="org.threeten.extra.chrono.TestInternationalFixedChronology" time="0"/>
  <testcase name="test_InternationalFixedDate_until_LocalDate[23: Ifc CE 400/06/27, 0400-06-15]" classname="org.threeten.extra.chrono.TestInternationalFixedChronology" time="0"/>
  <testcase name="test_InternationalFixedDate_until_LocalDate[24: Ifc CE 400/06/28, 0400-06-16]" classname="org.threeten.extra.chrono.TestInternationalFixedChronology" time="0"/>
  <testcase name="test_InternationalFixedDate_until_LocalDate[25: Ifc CE 400/06/29, 0400-06-17]" classname="org.threeten.extra.chrono.TestInternationalFixedChronology" time="0"/>
  <testcase name="test_InternationalFixedDate_until_LocalDate[26: Ifc CE 400/07/01, 0400-06-18]" classname="org.threeten.extra.chrono.TestInternationalFixedChronology" time="0"/>
  <testcase name="test_InternationalFixedDate_until_LocalDate[27: Ifc CE 400/07/02, 0400-06-19]" classname="org.threeten.extra.chrono.TestInternationalFixedChronology" time="0"/>
  <testcase name="test_InternationalFixedDate_until_LocalDate[28: Ifc CE 1582/09/28, 1582-09-09]" classname="org.threeten.extra.chrono.TestInternationalFixedChronology" time="0"/>
  <testcase name="test_InternationalFixedDate_until_LocalDate[29: Ifc CE 1582/10/01, 1582-09-10]" classname="org.threeten.extra.chrono.TestInternationalFixedChronology" time="0"/>
  <testcase name="test_InternationalFixedDate_until_LocalDate[30: Ifc CE 1945/10/27, 1945-10-06]" classname="org.threeten.extra.chrono.TestInternationalFixedChronology" time="0"/>
  <testcase name="test_InternationalFixedDate_until_LocalDate[31: Ifc CE 2012/06/15, 2012-06-03]" classname="org.threeten.extra.chrono.TestInternationalFixedChronology" time="0"/>
  <testcase name="test_InternationalFixedDate_until_LocalDate[32: Ifc CE 2012/06/16, 2012-06-04]" classname="org.threeten.extra.chrono.TestInternationalFixedChronology" time="0"/>
  <testcase name="test_plus_TemporalUnit_unsupported" classname="org.threeten.extra.chrono.TestInternationalFixedChronology" time="0"/>
  <testcase name="test_chronology" classname="org.threeten.extra.chrono.TestInternationalFixedChronology" time="0"/>
  <testcase name="test_prolepticYear_specific" classname="org.threeten.extra.chrono.TestInternationalFixedChronology" time="0"/>
  <testcase name="test_until_TemporalUnit[0: 2014, 5, 26, 2014, 5, 26, Days, 0]" classname="org.threeten.extra.chrono.TestInternationalFixedChronology" time="0"/>
  <testcase name="test_until_TemporalUnit[1: 2014, 5, 26, 2014, 6, 4, Days, 6]" classname="org.threeten.extra.chrono.TestInternationalFixedChronology" time="0"/>
  <testcase name="test_until_TemporalUnit[2: 2014, 5, 26, 2014, 5, 20, Days, -6]" classname="org.threeten.extra.chrono.TestInternationalFixedChronology" time="0"/>
  <testcase name="test_until_TemporalUnit[3: 2014, 5, 26, 2014, 5, 26, Weeks, 0]" classname="org.threeten.extra.chrono.TestInternationalFixedChronology" time="0"/>
  <testcase name="test_until_TemporalUnit[4: 2014, 5, 26, 2014, 6, 4, Weeks, 0]" classname="org.threeten.extra.chrono.TestInternationalFixedChronology" time="0"/>
  <testcase name="test_until_TemporalUnit[5: 2014, 5, 26, 2014, 6, 5, Weeks, 1]" classname="org.threeten.extra.chrono.TestInternationalFixedChronology" time="0"/>
  <testcase name="test_until_TemporalUnit[6: 2014, 5, 26, 2014, 5, 26, Months, 0]" classname="org.threeten.extra.chrono.TestInternationalFixedChronology" time="0"/>
  <testcase name="test_until_TemporalUnit[7: 2014, 5, 26, 2014, 6, 25, Months, 0]" classname="org.threeten.extra.chrono.TestInternationalFixedChronology" time="0"/>
  <testcase name="test_until_TemporalUnit[8: 2014, 5, 26, 2014, 6, 26, Months, 1]" classname="org.threeten.extra.chrono.TestInternationalFixedChronology" time="0"/>
  <testcase name="test_until_TemporalUnit[9: 2014, 5, 26, 2014, 5, 26, Years, 0]" classname="org.threeten.extra.chrono.TestInternationalFixedChronology" time="0"/>
  <testcase name="test_until_TemporalUnit[10: 2014, 5, 26, 2015, 5, 25, Years, 0]" classname="org.threeten.extra.chrono.TestInternationalFixedChronology" time="0"/>
  <testcase name="test_until_TemporalUnit[11: 2014, 5, 26, 2015, 5, 26, Years, 1]" classname="org.threeten.extra.chrono.TestInternationalFixedChronology" time="0"/>
  <testcase name="test_until_TemporalUnit[12: 2014, 5, 26, 2014, 5, 26, Decades, 0]" classname="org.threeten.extra.chrono.TestInternationalFixedChronology" time="0"/>
  <testcase name="test_until_TemporalUnit[13: 2014, 5, 26, 2024, 5, 25, Decades, 0]" classname="org.threeten.extra.chrono.TestInternationalFixedChronology" time="0"/>
  <testcase name="test_until_TemporalUnit[14: 2014, 5, 26, 2024, 5, 26, Decades, 1]" classname="org.threeten.extra.chrono.TestInternationalFixedChronology" time="0"/>
  <testcase name="test_until_TemporalUnit[15: 2014, 5, 26, 2014, 5, 26, Centuries, 0]" classname="org.threeten.extra.chrono.TestInternationalFixedChronology" time="0"/>
  <testcase name="test_until_TemporalUnit[16: 2014, 5, 26, 2114, 5, 25, Centuries, 0]" classname="org.threeten.extra.chrono.TestInternationalFixedChronology" time="0"/>
  <testcase name="test_until_TemporalUnit[17: 2014, 5, 26, 2114, 5, 26, Centuries, 1]" classname="org.threeten.extra.chrono.TestInternationalFixedChronology" time="0"/>
  <testcase name="test_until_TemporalUnit[18: 2014, 5, 26, 2014, 5, 26, Millennia, 0]" classname="org.threeten.extra.chrono.TestInternationalFixedChronology" time="0"/>
  <testcase name="test_until_TemporalUnit[19: 2014, 5, 26, 3014, 5, 25, Millennia, 0]" classname="org.threeten.extra.chrono.TestInternationalFixedChronology" time="0"/>
  <testcase name="test_until_TemporalUnit[20: 2014, 5, 26, 3014, 5, 26, Millennia, 1]" classname="org.threeten.extra.chrono.TestInternationalFixedChronology" time="0"/>
  <testcase name="test_until_TemporalUnit[21: 2014, 5, 26, 3014, 5, 26, Eras, 0]" classname="org.threeten.extra.chrono.TestInternationalFixedChronology" time="0"/>
  <testcase name="test_until_TemporalUnit[22: 2014, 13, 28, 2015, 1, 1, Days, 2]" classname="org.threeten.extra.chrono.TestInternationalFixedChronology" time="0"/>
  <testcase name="test_until_TemporalUnit[23: 2014, 13, 28, 2014, 13, 29, Days, 1]" classname="org.threeten.extra.chrono.TestInternationalFixedChronology" time="0"/>
  <testcase name="test_until_TemporalUnit[24: 2014, 13, 29, 2015, 1, 1, Days, 1]" classname="org.threeten.extra.chrono.TestInternationalFixedChronology" time="0"/>
  <testcase name="test_until_TemporalUnit[25: 2015, 1, 1, 2014, 13, 24, Days, -6]" classname="org.threeten.extra.chrono.TestInternationalFixedChronology" time="0"/>
  <testcase name="test_until_TemporalUnit[26: 2014, 13, 29, 2014, 13, 29, Weeks, 0]" classname="org.threeten.extra.chrono.TestInternationalFixedChronology" time="0"/>
  <testcase name="test_until_TemporalUnit[27: 2015, 1, 1, 2015, 1, 1, Weeks, 0]" classname="org.threeten.extra.chrono.TestInternationalFixedChronology" time="0"/>
  <testcase name="test_until_TemporalUnit[28: 2015, 1, 1, 2014, 13, 28, Weeks, 0]" classname="org.threeten.extra.chrono.TestInternationalFixedChronology" time="0"/>
  <testcase name="test_until_TemporalUnit[29: 2015, 1, 1, 2014, 13, 23, Weeks, 0]" classname="org.threeten.extra.chrono.TestInternationalFixedChronology" time="0"/>
  <testcase name="test_until_TemporalUnit[30: 2015, 1, 1, 2014, 13, 22, Weeks, -1]" classname="org.threeten.extra.chrono.TestInternationalFixedChronology" time="0"/>
  <testcase name="test_until_TemporalUnit[31: 2014, 13, 29, 2014, 13, 21, Weeks, -1]" classname="org.threeten.extra.chrono.TestInternationalFixedChronology" time="0"/>
  <testcase name="test_until_TemporalUnit[32: 2014, 13, 29, 2014, 13, 22, Weeks, 0]" classname="org.threeten.extra.chrono.TestInternationalFixedChronology" time="0"/>
  <testcase name="test_until_TemporalUnit[33: 2014, 13, 29, 2015, 1, 7, Weeks, 0]" classname="org.threeten.extra.chrono.TestInternationalFixedChronology" time="0"/>
  <testcase name="test_until_TemporalUnit[34: 2014, 13, 29, 2015, 1, 8, Weeks, 1]" classname="org.threeten.extra.chrono.TestInternationalFixedChronology" time="0"/>
  <testcase name="test_until_TemporalUnit[35: 2014, 13, 21, 2014, 13, 29, Weeks, 1]" classname="org.threeten.extra.chrono.TestInternationalFixedChronology" time="0"/>
  <testcase name="test_until_TemporalUnit[36: 2014, 13, 22, 2014, 13, 29, Weeks, 0]" classname="org.threeten.extra.chrono.TestInternationalFixedChronology" time="0"/>
  <testcase name="test_until_TemporalUnit[37: 2015, 1, 7, 2014, 13, 29, Weeks, 0]" classname="org.threeten.extra.chrono.TestInternationalFixedChronology" time="0"/>
  <testcase name="test_until_TemporalUnit[38: 2015, 1, 8, 2014, 13, 29, Weeks, -1]" classname="org.threeten.extra.chrono.TestInternationalFixedChronology" time="0"/>
  <testcase name="test_until_TemporalUnit[39: 2014, 13, 1, 2015, 1, 1, Weeks, 4]" classname="org.threeten.extra.chrono.TestInternationalFixedChronology" time="0"/>
  <testcase name="test_until_TemporalUnit[40: 2014, 13, 29, 2014, 13, 29, Months, 0]" classname="org.threeten.extra.chrono.TestInternationalFixedChronology" time="0"/>
  <testcase name="test_until_TemporalUnit[41: 2014, 13, 29, 2015, 1, 28, Months, 0]" classname="org.threeten.extra.chrono.TestInternationalFixedChronology" time="0"/>
  <testcase name="test_until_TemporalUnit[42: 2014, 13, 29, 2015, 2, 1, Months, 1]" classname="org.threeten.extra.chrono.TestInternationalFixedChronology" time="0"/>
  <testcase name="test_until_TemporalUnit[43: 2015, 2, 1, 2014, 13, 29, Months, -1]" classname="org.threeten.extra.chrono.TestInternationalFixedChronology" time="0"/>
  <testcase name="test_until_TemporalUnit[44: 2015, 1, 28, 2014, 13, 29, Months, 0]" classname="org.threeten.extra.chrono.TestInternationalFixedChronology" time="0"/>
  <testcase name="test_until_TemporalUnit[45: 2014, 12, 28, 2014, 13, 29, Months, 1]" classname="org.threeten.extra.chrono.TestInternationalFixedChronology" time="0"/>
  <testcase name="test_until_TemporalUnit[46: 2014, 13, 1, 2014, 13, 29, Months, 0]" classname="org.threeten.extra.chrono.TestInternationalFixedChronology" time="0"/>
  <testcase name="test_until_TemporalUnit[47: 2014, 13, 1, 2015, 1, 1, Months, 1]" classname="org.threeten.extra.chrono.TestInternationalFixedChronology" time="0"/>
  <testcase name="test_until_TemporalUnit[48: 2014, 13, 29, 2014, 13, 29, Years, 0]" classname="org.threeten.extra.chrono.TestInternationalFixedChronology" time="0"/>
  <testcase name="test_until_TemporalUnit[49: 2014, 13, 29, 2015, 13, 28, Years, 0]" classname="org.threeten.extra.chrono.TestInternationalFixedChronology" time="0"/>
  <testcase name="test_until_TemporalUnit[50: 2014, 13, 29, 2015, 13, 29, Years, 1]" classname="org.threeten.extra.chrono.TestInternationalFixedChronology" time="0"/>
  <testcase name="test_until_TemporalUnit[51: 2014, 13, 29, 2016, 1, 1, Years, 1]" classname="org.threeten.extra.chrono.TestInternationalFixedChronology" time="0"/>
  <testcase name="test_until_TemporalUnit[52: 2014, 1, 1, 2014, 13, 29, Years, 0]" classname="org.threeten.extra.chrono.TestInternationalFixedChronology" time="0"/>
  <testcase name="test_until_TemporalUnit[53: 2013, 13, 29, 2014, 13, 29, Years, 1]" classname="org.threeten.extra.chrono.TestInternationalFixedChronology" time="0"/>
  <testcase name="test_until_TemporalUnit[54: 2013, 13, 28, 2014, 13, 29, Years, 1]" classname="org.threeten.extra.chrono.TestInternationalFixedChronology" time="0"/>
  <testcase name="test_until_TemporalUnit[55: 2012, 6, 28, 2012, 7, 1, Days, 2]" classname="org.threeten.extra.chrono.TestInternationalFixedChronology" time="0"/>
  <testcase name="test_until_TemporalUnit[56: 2012, 6, 28, 2012, 6, 29, Days, 1]" classname="org.threeten.extra.chrono.TestInternationalFixedChronology" time="0"/>
  <testcase name="test_until_TemporalUnit[57: 2012, 6, 29, 2012, 7, 1, Days, 1]" classname="org.threeten.extra.chrono.TestInternationalFixedChronology" time="0"/>
  <testcase name="test_until_TemporalUnit[58: 2012, 7, 1, 2012, 6, 24, Days, -6]" classname="org.threeten.extra.chrono.TestInternationalFixedChronology" time="0"/>
  <testcase name="test_until_TemporalUnit[59: 2012, 6, 29, 2012, 6, 29, Weeks, 0]" classname="org.threeten.extra.chrono.TestInternationalFixedChronology" time="0"/>
  <testcase name="test_until_TemporalUnit[60: 2012, 7, 1, 2012, 7, 1, Weeks, 0]" classname="org.threeten.extra.chrono.TestInternationalFixedChronology" time="0"/>
  <testcase name="test_until_TemporalUnit[61: 2012, 7, 1, 2012, 6, 28, Weeks, 0]" classname="org.threeten.extra.chrono.TestInternationalFixedChronology" time="0"/>
  <testcase name="test_until_TemporalUnit[62: 2012, 7, 1, 2012, 6, 23, Weeks, 0]" classname="org.threeten.extra.chrono.TestInternationalFixedChronology" time="0"/>
  <testcase name="test_until_TemporalUnit[63: 2012, 7, 1, 2012, 6, 22, Weeks, -1]" classname="org.threeten.extra.chrono.TestInternationalFixedChronology" time="0"/>
  <testcase name="test_until_TemporalUnit[64: 2012, 6, 29, 2012, 6, 21, Weeks, -1]" classname="org.threeten.extra.chrono.TestInternationalFixedChronology" time="0"/>
  <testcase name="test_until_TemporalUnit[65: 2012, 6, 29, 2012, 6, 22, Weeks, 0]" classname="org.threeten.extra.chrono.TestInternationalFixedChronology" time="0"/>
  <testcase name="test_until_TemporalUnit[66: 2012, 6, 29, 2012, 7, 7, Weeks, 0]" classname="org.threeten.extra.chrono.TestInternationalFixedChronology" time="0"/>
  <testcase name="test_until_TemporalUnit[67: 2012, 6, 29, 2012, 7, 8, Weeks, 1]" classname="org.threeten.extra.chrono.TestInternationalFixedChronology" time="0"/>
  <testcase name="test_until_TemporalUnit[68: 2012, 6, 21, 2012, 6, 29, Weeks, 1]" classname="org.threeten.extra.chrono.TestInternationalFixedChronology" time="0"/>
  <testcase name="test_until_TemporalUnit[69: 2012, 6, 22, 2012, 6, 29, Weeks, 0]" classname="org.threeten.extra.chrono.TestInternationalFixedChronology" time="0"/>
  <testcase name="test_until_TemporalUnit[70: 2012, 7, 7, 2012, 6, 29, Weeks, 0]" classname="org.threeten.extra.chrono.TestInternationalFixedChronology" time="0"/>
  <testcase name="test_until_TemporalUnit[71: 2012, 7, 8, 2012, 6, 29, Weeks, -1]" classname="org.threeten.extra.chrono.TestInternationalFixedChronology" time="0"/>
  <testcase name="test_until_TemporalUnit[72: 2012, 6, 29, 2012, 6, 29, Months, 0]" classname="org.threeten.extra.chrono.TestInternationalFixedChronology" time="0"/>
  <testcase name="test_until_TemporalUnit[73: 2012, 6, 29, 2012, 7, 28, Months, 0]" classname="org.threeten.extra.chrono.TestInternationalFixedChronology" time="0"/>
  <testcase name="test_until_TemporalUnit[74: 2012, 6, 29, 2012, 8, 1, Months, 1]" classname="org.threeten.extra.chrono.TestInternationalFixedChronology" time="0"/>
  <testcase name="test_until_TemporalUnit[75: 2012, 8, 1, 2012, 6, 29, Months, -1]" classname="org.threeten.extra.chrono.TestInternationalFixedChronology" time="0"/>
  <testcase name="test_until_TemporalUnit[76: 2012, 7, 28, 2012, 6, 29, Months, 0]" classname="org.threeten.extra.chrono.TestInternationalFixedChronology" time="0"/>
  <testcase name="test_until_TemporalUnit[77: 2012, 5, 28, 2012, 6, 29, Months, 1]" classname="org.threeten.extra.chrono.TestInternationalFixedChronology" time="0"/>
  <testcase name="test_until_TemporalUnit[78: 2012, 6, 1, 2012, 6, 29, Months, 0]" classname="org.threeten.extra.chrono.TestInternationalFixedChronology" time="0"/>
  <testcase name="test_until_TemporalUnit[79: 2012, 6, 1, 2012, 7, 1, Months, 1]" classname="org.threeten.extra.chrono.TestInternationalFixedChronology" time="0"/>
  <testcase name="test_until_TemporalUnit[80: 2012, 6, 29, 2012, 6, 29, Years, 0]" classname="org.threeten.extra.chrono.TestInternationalFixedChronology" time="0"/>
  <testcase name="test_until_TemporalUnit[81: 2012, 6, 29, 2013, 6, 28, Years, 0]" classname="org.threeten.extra.chrono.TestInternationalFixedChronology" time="0"/>
  <testcase name="test_until_TemporalUnit[82: 2012, 6, 29, 2013, 7, 1, Years, 1]" classname="org.threeten.extra.chrono.TestInternationalFixedChronology" time="0"/>
  <testcase name="test_until_TemporalUnit[83: 2011, 7, 1, 2012, 6, 29, Years, 0]" classname="org.threeten.extra.chrono.TestInternationalFixedChronology" time="0"/>
  <testcase name="test_until_TemporalUnit[84: 2011, 6, 28, 2012, 6, 29, Years, 1]" classname="org.threeten.extra.chrono.TestInternationalFixedChronology" time="0"/>
  <testcase name="test_until_TemporalUnit[85: 2011, 7, 1, 2012, 7, 1, Years, 1]" classname="org.threeten.extra.chrono.TestInternationalFixedChronology" time="0"/>
  <testcase name="test_until_TemporalUnit[86: 2012, 6, 29, 2011, 6, 28, Years, -1]" classname="org.threeten.extra.chrono.TestInternationalFixedChronology" time="0"/>
  <testcase name="test_until_TemporalUnit[87: 2012, 6, 29, 2011, 7, 1, Years, 0]" classname="org.threeten.extra.chrono.TestInternationalFixedChronology" time="0"/>
  <testcase name="test_until_TemporalUnit[88: 2013, 7, 1, 2012, 6, 29, Years, -1]" classname="org.threeten.extra.chrono.TestInternationalFixedChronology" time="0"/>
  <testcase name="test_until_TemporalUnit[89: 2013, 6, 28, 2012, 6, 29, Years, 0]" classname="org.threeten.extra.chrono.TestInternationalFixedChronology" time="0"/>
  <testcase name="test_until_TemporalUnit[90: 2016, 6, 29, 2012, 6, 29, Years, -4]" classname="org.threeten.extra.chrono.TestInternationalFixedChronology" time="0"/>
  <testcase name="test_until_TemporalUnit[91: 2012, 6, 29, 2016, 6, 29, Years, 4]" classname="org.threeten.extra.chrono.TestInternationalFixedChronology" time="0"/>
  <testcase name="test_until_TemporalUnit[92: 2012, 6, 29, 2012, 13, 29, Days, 197]" classname="org.threeten.extra.chrono.TestInternationalFixedChronology" time="0"/>
  <testcase name="test_until_TemporalUnit[93: 2012, 6, 29, 2012, 13, 28, Weeks, 27]" classname="org.threeten.extra.chrono.TestInternationalFixedChronology" time="0"/>
  <testcase name="test_until_TemporalUnit[94: 2012, 6, 29, 2012, 13, 29, Weeks, 28]" classname="org.threeten.extra.chrono.TestInternationalFixedChronology" time="0"/>
  <testcase name="test_until_TemporalUnit[95: 2012, 6, 29, 2013, 1, 1, Weeks, 28]" classname="org.threeten.extra.chrono.TestInternationalFixedChronology" time="0"/>
  <testcase name="test_until_TemporalUnit[96: 2012, 6, 29, 2011, 13, 28, Weeks, -24]" classname="org.threeten.extra.chrono.TestInternationalFixedChronology" time="0"/>
  <testcase name="test_until_TemporalUnit[97: 2012, 6, 29, 2011, 13, 29, Weeks, -24]" classname="org.threeten.extra.chrono.TestInternationalFixedChronology" time="0"/>
  <testcase name="test_until_TemporalUnit[98: 2012, 6, 29, 2012, 1, 1, Weeks, -23]" classname="org.threeten.extra.chrono.TestInternationalFixedChronology" time="0"/>
  <testcase name="test_until_TemporalUnit[99: 2012, 13, 29, 2012, 6, 28, Weeks, -28]" classname="org.threeten.extra.chrono.TestInternationalFixedChronology" time="0"/>
  <testcase name="test_until_TemporalUnit[100: 2012, 13, 29, 2012, 6, 29, Weeks, -28]" classname="org.threeten.extra.chrono.TestInternationalFixedChronology" time="0"/>
  <testcase name="test_until_TemporalUnit[101: 2012, 13, 29, 2012, 7, 1, Weeks, -27]" classname="org.threeten.extra.chrono.TestInternationalFixedChronology" time="0"/>
  <testcase name="test_until_TemporalUnit[102: 2011, 13, 29, 2012, 6, 28, Weeks, 23]" classname="org.threeten.extra.chrono.TestInternationalFixedChronology" time="0"/>
  <testcase name="test_until_TemporalUnit[103: 2011, 13, 29, 2012, 6, 29, Weeks, 24]" classname="org.threeten.extra.chrono.TestInternationalFixedChronology" time="0"/>
  <testcase name="test_until_TemporalUnit[104: 2011, 13, 29, 2012, 7, 1, Weeks, 24]" classname="org.threeten.extra.chrono.TestInternationalFixedChronology" time="0"/>
  <testcase name="test_until_TemporalUnit[105: 2012, 13, 29, 2013, 13, 29, Weeks, 52]" classname="org.threeten.extra.chrono.TestInternationalFixedChronology" time="0"/>
  <testcase name="test_until_TemporalUnit[106: 2012, 13, 29, 2016, 13, 29, Weeks, 208]" classname="org.threeten.extra.chrono.TestInternationalFixedChronology" time="0"/>
  <testcase name="test_until_TemporalUnit[107: 2012, 6, 29, 2012, 13, 28, Months, 6]" classname="org.threeten.extra.chrono.TestInternationalFixedChronology" time="0"/>
  <testcase name="test_until_TemporalUnit[108: 2012, 6, 29, 2012, 13, 29, Months, 7]" classname="org.threeten.extra.chrono.TestInternationalFixedChronology" time="0"/>
  <testcase name="test_until_TemporalUnit[109: 2012, 6, 29, 2013, 1, 1, Months, 7]" classname="org.threeten.extra.chrono.TestInternationalFixedChronology" time="0"/>
  <testcase name="test_until_TemporalUnit[110: 2012, 6, 29, 2011, 13, 28, Months, -6]" classname="org.threeten.extra.chrono.TestInternationalFixedChronology" time="0"/>
  <testcase name="test_until_TemporalUnit[111: 2012, 6, 29, 2011, 13, 29, Months, -6]" classname="org.threeten.extra.chrono.TestInternationalFixedChronology" time="0"/>
  <testcase name="test_until_TemporalUnit[112: 2012, 6, 29, 2012, 1, 1, Months, -5]" classname="org.threeten.extra.chrono.TestInternationalFixedChronology" time="0"/>
  <testcase name="test_until_TemporalUnit[113: 2012, 6, 29, 2016, 6, 29, Weeks, 208]" classname="org.threeten.extra.chrono.TestInternationalFixedChronology" time="0"/>
  <testcase name="test_until_TemporalUnit[114: 2012, 13, 29, 2012, 6, 28, Months, -7]" classname="org.threeten.extra.chrono.TestInternationalFixedChronology" time="0"/>
  <testcase name="test_until_TemporalUnit[115: 2012, 13, 29, 2012, 6, 29, Months, -7]" classname="org.threeten.extra.chrono.TestInternationalFixedChronology" time="0"/>
  <testcase name="test_until_TemporalUnit[116: 2012, 13, 29, 2012, 7, 1, Months, -6]" classname="org.threeten.extra.chrono.TestInternationalFixedChronology" time="0"/>
  <testcase name="test_until_TemporalUnit[117: 2011, 13, 29, 2012, 6, 28, Months, 5]" classname="org.threeten.extra.chrono.TestInternationalFixedChronology" time="0"/>
  <testcase name="test_until_TemporalUnit[118: 2011, 13, 29, 2012, 6, 29, Months, 6]" classname="org.threeten.extra.chrono.TestInternationalFixedChronology" time="0"/>
  <testcase name="test_until_TemporalUnit[119: 2011, 13, 29, 2012, 7, 1, Months, 6]" classname="org.threeten.extra.chrono.TestInternationalFixedChronology" time="0"/>
  <testcase name="test_temporalAdjusters_LastDayOfMonth[0: 2012, 6, 23, 2012, 6, 29]" classname="org.threeten.extra.chrono.TestInternationalFixedChronology" time="0"/>
  <testcase name="test_temporalAdjusters_LastDayOfMonth[1: 2012, 6, 29, 2012, 6, 29]" classname="org.threeten.extra.chrono.TestInternationalFixedChronology" time="0"/>
  <testcase name="test_temporalAdjusters_LastDayOfMonth[2: 2009, 6, 23, 2009, 6, 28]" classname="org.threeten.extra.chrono.TestInternationalFixedChronology" time="0"/>
  <testcase name="test_temporalAdjusters_LastDayOfMonth[3: 2007, 13, 23, 2007, 13, 29]" classname="org.threeten.extra.chrono.TestInternationalFixedChronology" time="0"/>
  <testcase name="test_temporalAdjusters_LastDayOfMonth[4: 2005, 13, 29, 2005, 13, 29]" classname="org.threeten.extra.chrono.TestInternationalFixedChronology" time="0"/>
  <testcase name="test_isLeapYear_loop" classname="org.threeten.extra.chrono.TestInternationalFixedChronology" time="0.001"/>
  <testcase name="test_lengthOfMonthFirst[0: 1900, 1, 28, 28]" classname="org.threeten.extra.chrono.TestInternationalFixedChronology" time="0"/>
  <testcase name="test_lengthOfMonthFirst[1: 1900, 2, 28, 28]" classname="org.threeten.extra.chrono.TestInternationalFixedChronology" time="0"/>
  <testcase name="test_lengthOfMonthFirst[2: 1900, 3, 28, 28]" classname="org.threeten.extra.chrono.TestInternationalFixedChronology" time="0"/>
  <testcase name="test_lengthOfMonthFirst[3: 1900, 4, 28, 28]" classname="org.threeten.extra.chrono.TestInternationalFixedChronology" time="0"/>
  <testcase name="test_lengthOfMonthFirst[4: 1900, 5, 28, 28]" classname="org.threeten.extra.chrono.TestInternationalFixedChronology" time="0"/>
  <testcase name="test_lengthOfMonthFirst[5: 1900, 6, 28, 28]" classname="org.threeten.extra.chrono.TestInternationalFixedChronology" time="0"/>
  <testcase name="test_lengthOfMonthFirst[6: 1900, 7, 28, 28]" classname="org.threeten.extra.chrono.TestInternationalFixedChronology" time="0"/>
  <testcase name="test_lengthOfMonthFirst[7: 1900, 8, 28, 28]" classname="org.threeten.extra.chrono.TestInternationalFixedChronology" time="0"/>
  <testcase name="test_lengthOfMonthFirst[8: 1900, 9, 28, 28]" classname="org.threeten.extra.chrono.TestInternationalFixedChronology" time="0"/>
  <testcase name="test_lengthOfMonthFirst[9: 1900, 10, 28, 28]" classname="org.threeten.extra.chrono.TestInternationalFixedChronology" time="0"/>
  <testcase name="test_lengthOfMonthFirst[10: 1900, 11, 28, 28]" classname="org.threeten.extra.chrono.TestInternationalFixedChronology" time="0"/>
  <testcase name="test_lengthOfMonthFirst[11: 1900, 12, 28, 28]" classname="org.threeten.extra.chrono.TestInternationalFixedChronology" time="0"/>
  <testcase name="test_lengthOfMonthFirst[12: 1900, 13, 29, 29]" classname="org.threeten.extra.chrono.TestInternationalFixedChronology" time="0"/>
  <testcase name="test_lengthOfMonthFirst[13: 1904, 6, 29, 29]" classname="org.threeten.extra.chrono.TestInternationalFixedChronology" time="0"/>
  <testcase name="test_range[0: 2012, 6, 29, DayOfMonth, 1 - 29]" classname="org.threeten.extra.chrono.TestInternationalFixedChronology" time="0"/>
  <testcase name="test_range[1: 2012, 13, 29, DayOfMonth, 1 - 29]" classname="org.threeten.extra.chrono.TestInternationalFixedChronology" time="0"/>
  <testcase name="test_range[2: 2012, 1, 23, DayOfMonth, 1 - 28]" classname="org.threeten.extra.chrono.TestInternationalFixedChronology" time="0"/>
  <testcase name="test_range[3: 2012, 2, 23, DayOfMonth, 1 - 28]" classname="org.threeten.extra.chrono.TestInternationalFixedChronology" time="0"/>
  <testcase name="test_range[4: 2012, 3, 23, DayOfMonth, 1 - 28]" classname="org.threeten.extra.chrono.TestInternationalFixedChronology" time="0"/>
  <testcase name="test_range[5: 2012, 4, 23, DayOfMonth, 1 - 28]" classname="org.threeten.extra.chrono.TestInternationalFixedChronology" time="0"/>
  <testcase name="test_range[6: 2012, 5, 23, DayOfMonth, 1 - 28]" classname="org.threeten.extra.chrono.TestInternationalFixedChronology" time="0"/>
  <testcase name="test_range[7: 2012, 6, 23, DayOfMonth, 1 - 29]" classname="org.threeten.extra.chrono.TestInternationalFixedChronology" time="0"/>
  <testcase name="test_range[8: 2012, 7, 23, DayOfMonth, 1 - 28]" classname="org.threeten.extra.chrono.TestInternationalFixedChronology" time="0"/>
  <testcase name="test_range[9: 2012, 8, 23, DayOfMonth, 1 - 28]" classname="org.threeten.extra.chrono.TestInternationalFixedChronology" time="0"/>
  <testcase name="test_range[10: 2012, 9, 23, DayOfMonth, 1 - 28]" classname="org.threeten.extra.chrono.TestInternationalFixedChronology" time="0"/>
  <testcase name="test_range[11: 2012, 10, 23, DayOfMonth, 1 - 28]" classname="org.threeten.extra.chrono.TestInternationalFixedChronology" time="0"/>
  <testcase name="test_range[12: 2012, 11, 23, DayOfMonth, 1 - 28]" classname="org.threeten.extra.chrono.TestInternationalFixedChronology" time="0"/>
  <testcase name="test_range[13: 2012, 12, 23, DayOfMonth, 1 - 28]" classname="org.threeten.extra.chrono.TestInternationalFixedChronology" time="0"/>
  <testcase name="test_range[14: 2012, 13, 23, DayOfMonth, 1 - 29]" classname="org.threeten.extra.chrono.TestInternationalFixedChronology" time="0"/>
  <testcase name="test_range[15: 2012, 1, 23, DayOfYear, 1 - 366]" classname="org.threeten.extra.chrono.TestInternationalFixedChronology" time="0.001"/>
  <testcase name="test_range[16: 2012, 1, 23, MonthOfYear, 1 - 13]" classname="org.threeten.extra.chrono.TestInternationalFixedChronology" time="0"/>
  <testcase name="test_range[17: 2012, 6, 29, AlignedDayOfWeekInMonth, 0 - 0]" classname="org.threeten.extra.chrono.TestInternationalFixedChronology" time="0"/>
  <testcase name="test_range[18: 2012, 13, 29, AlignedDayOfWeekInMonth, 0 - 0]" classname="org.threeten.extra.chrono.TestInternationalFixedChronology" time="0"/>
  <testcase name="test_range[19: 2012, 1, 23, AlignedDayOfWeekInMonth, 1 - 7]" classname="org.threeten.extra.chrono.TestInternationalFixedChronology" time="0"/>
  <testcase name="test_range[20: 2012, 6, 23, AlignedDayOfWeekInMonth, 1 - 7]" classname="org.threeten.extra.chrono.TestInternationalFixedChronology" time="0"/>
  <testcase name="test_range[21: 2012, 12, 23, AlignedDayOfWeekInMonth, 1 - 7]" classname="org.threeten.extra.chrono.TestInternationalFixedChronology" time="0.012"/>
  <testcase name="test_range[22: 2012, 6, 29, AlignedWeekOfMonth, 0 - 0]" classname="org.threeten.extra.chrono.TestInternationalFixedChronology" time="0"/>
  <testcase name="test_range[23: 2012, 13, 29, AlignedWeekOfMonth, 0 - 0]" classname="org.threeten.extra.chrono.TestInternationalFixedChronology" time="0"/>
  <testcase name="test_range[24: 2012, 1, 23, AlignedWeekOfMonth, 1 - 4]" classname="org.threeten.extra.chrono.TestInternationalFixedChronology" time="0"/>
  <testcase name="test_range[25: 2012, 6, 23, AlignedWeekOfMonth, 1 - 4]" classname="org.threeten.extra.chrono.TestInternationalFixedChronology" time="0"/>
  <testcase name="test_range[26: 2012, 12, 23, AlignedWeekOfMonth, 1 - 4]" classname="org.threeten.extra.chrono.TestInternationalFixedChronology" time="0"/>
  <testcase name="test_range[27: 2012, 6, 29, AlignedDayOfWeekInYear, 0 - 0]" classname="org.threeten.extra.chrono.TestInternationalFixedChronology" time="0"/>
  <testcase name="test_range[28: 2012, 13, 29, AlignedDayOfWeekInYear, 0 - 0]" classname="org.threeten.extra.chrono.TestInternationalFixedChronology" time="0"/>
  <testcase name="test_range[29: 2012, 1, 23, AlignedDayOfWeekInYear, 1 - 7]" classname="org.threeten.extra.chrono.TestInternationalFixedChronology" time="0"/>
  <testcase name="test_range[30: 2012, 6, 23, AlignedDayOfWeekInYear, 1 - 7]" classname="org.threeten.extra.chrono.TestInternationalFixedChronology" time="0"/>
  <testcase name="test_range[31: 2012, 12, 23, AlignedDayOfWeekInYear, 1 - 7]" classname="org.threeten.extra.chrono.TestInternationalFixedChronology" time="0"/>
  <testcase name="test_range[32: 2012, 6, 29, AlignedWeekOfYear, 0 - 0]" classname="org.threeten.extra.chrono.TestInternationalFixedChronology" time="0"/>
  <testcase name="test_range[33: 2012, 13, 29, AlignedWeekOfYear, 0 - 0]" classname="org.threeten.extra.chrono.TestInternationalFixedChronology" time="0"/>
  <testcase name="test_range[34: 2012, 1, 23, AlignedWeekOfYear, 1 - 52]" classname="org.threeten.extra.chrono.TestInternationalFixedChronology" time="0"/>
  <testcase name="test_range[35: 2012, 6, 23, AlignedWeekOfYear, 1 - 52]" classname="org.threeten.extra.chrono.TestInternationalFixedChronology" time="0"/>
  <testcase name="test_range[36: 2012, 12, 23, AlignedWeekOfYear, 1 - 52]" classname="org.threeten.extra.chrono.TestInternationalFixedChronology" time="0"/>
  <testcase name="test_range[37: 2012, 6, 29, DayOfWeek, 0 - 0]" classname="org.threeten.extra.chrono.TestInternationalFixedChronology" time="0"/>
  <testcase name="test_range[38: 2012, 13, 29, DayOfWeek, 0 - 0]" classname="org.threeten.extra.chrono.TestInternationalFixedChronology" time="0"/>
  <testcase name="test_range[39: 2012, 1, 23, DayOfWeek, 1 - 7]" classname="org.threeten.extra.chrono.TestInternationalFixedChronology" time="0"/>
  <testcase name="test_range[40: 2012, 6, 23, DayOfWeek, 1 - 7]" classname="org.threeten.extra.chrono.TestInternationalFixedChronology" time="0"/>
  <testcase name="test_range[41: 2012, 12, 23, DayOfWeek, 1 - 7]" classname="org.threeten.extra.chrono.TestInternationalFixedChronology" time="0"/>
  <testcase name="test_range[42: 2011, 6, 23, DayOfMonth, 1 - 28]" classname="org.threeten.extra.chrono.TestInternationalFixedChronology" time="0"/>
  <testcase name="test_range[43: 2011, 13, 23, DayOfYear, 1 - 365]" classname="org.threeten.extra.chrono.TestInternationalFixedChronology" time="0"/>
  <testcase name="test_range[44: 2011, 13, 23, MonthOfYear, 1 - 13]" classname="org.threeten.extra.chrono.TestInternationalFixedChronology" time="0"/>
</testsuite>