<?xml version="1.0" encoding="UTF-8"?>
<testsuite xmlns:xsi="http://www.w3.org/2001/XMLSchema-instance" xsi:schemaLocation="https://maven.apache.org/surefire/maven-surefire-plugin/xsd/surefire-test-report.xsd" name="org.threeten.extra.chrono.TestCopticChronology" time="0.027" tests="417" errors="0" skipped="0" failures="0">
  <properties>
    <property name="java.runtime.name" value="OpenJDK Runtime Environment"/>
    <property name="sun.boot.library.path" value="/usr/local/openjdk-8/jre/lib/amd64"/>
    <property name="java.vm.version" value="25.262-b10"/>
    <property name="animal.sniffer.skip" value="true"/>
    <property name="java.vm.vendor" value="Oracle Corporation"/>
    <property name="maven.multiModuleProjectDirectory" value="/tmp/tmpykopg0s2/threeten-extra"/>
    <property name="maven.javadoc.skip" value="true"/>
    <property name="java.vendor.url" value="http://java.oracle.com/"/>
    <property name="path.separator" value=":"/>
    <property name="guice.disable.misplaced.annotation.check" value="true"/>
    <property name="java.vm.name" value="OpenJDK 64-Bit Server VM"/>
    <property name="file.encoding.pkg" value="sun.io"/>
    <property name="sun.java.launcher" value="SUN_STANDARD"/>
    <property name="sun.os.patch.level" value="unknown"/>
    <property name="source.skip" value="true"/>
    <property name="java.vm.specification.name" value="Java Virtual Machine Specification"/>
    <property name="user.dir" value="/tmp/tmpykopg0s2/threeten-extra"/>
    <property name="java.runtime.version" value="1.8.0_262-b10"/>
    <property name="java.awt.graphicsenv" value="sun.awt.X11GraphicsEnvironment"/>
    <property name="java.endorsed.dirs" value="/usr/local/openjdk-8/jre/lib/endorsed"/>
    <property name="os.arch" value="amd64"/>
    <property name="java.io.tmpdir" value="/tmp"/>
    <property name="line.separator" value="&#10;"/>
    <property name="java.vm.specification.vendor" value="Oracle Corporation"/>
    <property name="os.name" value="Linux"/>
    <property name="classworlds.conf" value="/usr/share/maven/bin/m2.conf"/>
    <property name="sun.jnu.encoding" value="UTF-8"/>
    <property name="java.library.path" value="/usr/java/packages/lib/amd64:/usr/lib64:/lib64:/lib:/usr/lib"/>
    <property name="license.skip" value="true"/>
    <property name="maven.conf" value="/usr/share/maven/conf"/>
    <property name="java.specification.name" value="Java Platform API Specification"/>
    <property name="java.class.version" value="52.0"/>
    <property name="sun.management.compiler" value="HotSpot 64-Bit Tiered Compilers"/>
    <property name="maven.test.failure.ignore" value="true"/>
    <property name="os.version" value="4.15.0-109-generic"/>
    <property name="library.jansi.path" value="/usr/share/maven/lib/jansi-native"/>
    <property name="user.home" value="/home/jdbl"/>
    <property name="user.timezone" value="Etc/UTC"/>
    <property name="java.awt.printerjob" value="sun.print.PSPrinterJob"/>
    <property name="java.specification.version" value="1.8"/>
    <property name="file.encoding" value="UTF-8"/>
    <property name="user.name" value="jdbl"/>
    <property name="java.class.path" value="/usr/share/maven/boot/plexus-classworlds-2.6.0.jar"/>
    <property name="java.vm.specification.version" value="1.8"/>
    <property name="sun.arch.data.model" value="64"/>
    <property name="java.home" value="/usr/local/openjdk-8/jre"/>
    <property name="sun.java.command" value="org.codehaus.plexus.classworlds.launcher.Launcher test -e --fail-never -ntp -Dmaven.test.failure.ignore=true -B -Dmaven.javadoc.skip=true -Drat.skip=true -Danimal.sniffer.skip=true -Dmaven.javadoc.skip=true -Dlicense.skip=true -Dsource.skip=true"/>
    <property name="java.specification.vendor" value="Oracle Corporation"/>
    <property name="user.language" value="en"/>
    <property name="awt.toolkit" value="sun.awt.X11.XToolkit"/>
    <property name="java.vm.info" value="mixed mode"/>
    <property name="java.version" value="1.8.0_262"/>
    <property name="java.ext.dirs" value="/usr/local/openjdk-8/jre/lib/ext:/usr/java/packages/lib/ext"/>
    <property name="securerandom.source" value="file:/dev/./urandom"/>
    <property name="sun.boot.class.path" value="/usr/local/openjdk-8/jre/lib/resources.jar:/usr/local/openjdk-8/jre/lib/rt.jar:/usr/local/openjdk-8/jre/lib/sunrsasign.jar:/usr/local/openjdk-8/jre/lib/jsse.jar:/usr/local/openjdk-8/jre/lib/jce.jar:/usr/local/openjdk-8/jre/lib/charsets.jar:/usr/local/openjdk-8/jre/lib/jfr.jar:/usr/local/openjdk-8/jre/classes"/>
    <property name="java.vendor" value="Oracle Corporation"/>
    <property name="rat.skip" value="true"/>
    <property name="maven.home" value="/usr/share/maven"/>
    <property name="file.separator" value="/"/>
    <property name="java.vendor.url.bug" value="http://bugreport.sun.com/bugreport/"/>
    <property name="sun.cpu.endian" value="little"/>
    <property name="sun.io.unicode.encoding" value="UnicodeLittle"/>
    <property name="sun.cpu.isalist" value=""/>
  </properties>
  <testcase name="test_with_TemporalField[0: 1727, 6, 8, DayOfWeek, 4, 1727, 6, 10]" classname="org.threeten.extra.chrono.TestCopticChronology" time="0"/>
  <testcase name="test_with_TemporalField[1: 1727, 6, 8, DayOfWeek, 2, 1727, 6, 8]" classname="org.threeten.extra.chrono.TestCopticChronology" time="0"/>
  <testcase name="test_with_TemporalField[2: 1727, 6, 8, DayOfMonth, 30, 1727, 6, 30]" classname="org.threeten.extra.chrono.TestCopticChronology" time="0"/>
  <testcase name="test_with_TemporalField[3: 1727, 6, 8, DayOfMonth, 8, 1727, 6, 8]" classname="org.threeten.extra.chrono.TestCopticChronology" time="0"/>
  <testcase name="test_with_TemporalField[4: 1727, 6, 8, DayOfYear, 365, 1727, 13, 5]" classname="org.threeten.extra.chrono.TestCopticChronology" time="0"/>
  <testcase name="test_with_TemporalField[5: 1727, 6, 8, DayOfYear, 158, 1727, 6, 8]" classname="org.threeten.extra.chrono.TestCopticChronology" time="0"/>
  <testcase name="test_with_TemporalField[6: 1727, 6, 8, AlignedDayOfWeekInMonth, 3, 1727, 6, 10]" classname="org.threeten.extra.chrono.TestCopticChronology" time="0"/>
  <testcase name="test_with_TemporalField[7: 1727, 6, 8, AlignedDayOfWeekInMonth, 1, 1727, 6, 8]" classname="org.threeten.extra.chrono.TestCopticChronology" time="0"/>
  <testcase name="test_with_TemporalField[8: 1727, 6, 8, AlignedWeekOfMonth, 1, 1727, 6, 1]" classname="org.threeten.extra.chrono.TestCopticChronology" time="0"/>
  <testcase name="test_with_TemporalField[9: 1727, 6, 8, AlignedWeekOfMonth, 2, 1727, 6, 8]" classname="org.threeten.extra.chrono.TestCopticChronology" time="0"/>
  <testcase name="test_with_TemporalField[10: 1727, 6, 8, AlignedDayOfWeekInYear, 2, 1727, 6, 6]" classname="org.threeten.extra.chrono.TestCopticChronology" time="0"/>
  <testcase name="test_with_TemporalField[11: 1727, 6, 8, AlignedDayOfWeekInYear, 4, 1727, 6, 8]" classname="org.threeten.extra.chrono.TestCopticChronology" time="0"/>
  <testcase name="test_with_TemporalField[12: 1727, 6, 8, AlignedWeekOfYear, 22, 1727, 6, 1]" classname="org.threeten.extra.chrono.TestCopticChronology" time="0"/>
  <testcase name="test_with_TemporalField[13: 1727, 6, 8, AlignedWeekOfYear, 23, 1727, 6, 8]" classname="org.threeten.extra.chrono.TestCopticChronology" time="0"/>
  <testcase name="test_with_TemporalField[14: 1727, 6, 8, MonthOfYear, 7, 1727, 7, 8]" classname="org.threeten.extra.chrono.TestCopticChronology" time="0"/>
  <testcase name="test_with_TemporalField[15: 1727, 6, 8, MonthOfYear, 6, 1727, 6, 8]" classname="org.threeten.extra.chrono.TestCopticChronology" time="0"/>
  <testcase name="test_with_TemporalField[16: 1727, 6, 8, ProlepticMonth, 26119, 2009, 3, 8]" classname="org.threeten.extra.chrono.TestCopticChronology" time="0"/>
  <testcase name="test_with_TemporalField[17: 1727, 6, 8, ProlepticMonth, 22456, 1727, 6, 8]" classname="org.threeten.extra.chrono.TestCopticChronology" time="0"/>
  <testcase name="test_with_TemporalField[18: 1727, 6, 8, Year, 1728, 1728, 6, 8]" classname="org.threeten.extra.chrono.TestCopticChronology" time="0"/>
  <testcase name="test_with_TemporalField[19: 1727, 6, 8, Year, 1727, 1727, 6, 8]" classname="org.threeten.extra.chrono.TestCopticChronology" time="0"/>
  <testcase name="test_with_TemporalField[20: 1727, 6, 8, YearOfEra, 2012, 2012, 6, 8]" classname="org.threeten.extra.chrono.TestCopticChronology" time="0"/>
  <testcase name="test_with_TemporalField[21: 1727, 6, 8, YearOfEra, 1727, 1727, 6, 8]" classname="org.threeten.extra.chrono.TestCopticChronology" time="0"/>
  <testcase name="test_with_TemporalField[22: 1727, 6, 8, Era, 0, -1726, 6, 8]" classname="org.threeten.extra.chrono.TestCopticChronology" time="0"/>
  <testcase name="test_with_TemporalField[23: 1727, 6, 8, Era, 1, 1727, 6, 8]" classname="org.threeten.extra.chrono.TestCopticChronology" time="0"/>
  <testcase name="test_with_TemporalField[24: 1726, 3, 30, MonthOfYear, 13, 1726, 13, 5]" classname="org.threeten.extra.chrono.TestCopticChronology" time="0"/>
  <testcase name="test_with_TemporalField[25: 1727, 3, 30, MonthOfYear, 13, 1727, 13, 6]" classname="org.threeten.extra.chrono.TestCopticChronology" time="0"/>
  <testcase name="test_with_TemporalField[26: 1727, 13, 6, Year, 2006, 2006, 13, 5]" classname="org.threeten.extra.chrono.TestCopticChronology" time="0"/>
  <testcase name="test_with_TemporalField[27: -1727, 6, 8, YearOfEra, 1722, -1721, 6, 8]" classname="org.threeten.extra.chrono.TestCopticChronology" time="0"/>
  <testcase name="test_with_TemporalField[28: 1727, 6, 8, DayOfWeek[WeekFields[MONDAY,4]], 5, 1727, 6, 11]" classname="org.threeten.extra.chrono.TestCopticChronology" time="0"/>
  <testcase name="test_plus_Period_ISO" classname="org.threeten.extra.chrono.TestCopticChronology" time="0"/>
  <testcase name="test_CopticDate_toEpochDay[0: Coptic BEFORE_AM 2-13-06, 0283-08-29]" classname="org.threeten.extra.chrono.TestCopticChronology" time="0"/>
  <testcase name="test_CopticDate_toEpochDay[1: Coptic BEFORE_AM 1-01-01, 0283-08-30]" classname="org.threeten.extra.chrono.TestCopticChronology" time="0"/>
  <testcase name="test_CopticDate_toEpochDay[2: Coptic BEFORE_AM 1-01-30, 0283-09-28]" classname="org.threeten.extra.chrono.TestCopticChronology" time="0"/>
  <testcase name="test_CopticDate_toEpochDay[3: Coptic BEFORE_AM 1-12-30, 0284-08-23]" classname="org.threeten.extra.chrono.TestCopticChronology" time="0"/>
  <testcase name="test_CopticDate_toEpochDay[4: Coptic BEFORE_AM 1-13-01, 0284-08-24]" classname="org.threeten.extra.chrono.TestCopticChronology" time="0"/>
  <testcase name="test_CopticDate_toEpochDay[5: Coptic BEFORE_AM 1-13-05, 0284-08-28]" classname="org.threeten.extra.chrono.TestCopticChronology" time="0"/>
  <testcase name="test_CopticDate_toEpochDay[6: Coptic BEFORE_AM 1-13-04, 0284-08-27]" classname="org.threeten.extra.chrono.TestCopticChronology" time="0"/>
  <testcase name="test_CopticDate_toEpochDay[7: Coptic AM 1-01-01, 0284-08-29]" classname="org.threeten.extra.chrono.TestCopticChronology" time="0"/>
  <testcase name="test_CopticDate_toEpochDay[8: Coptic AM 1-01-02, 0284-08-30]" classname="org.threeten.extra.chrono.TestCopticChronology" time="0"/>
  <testcase name="test_CopticDate_toEpochDay[9: Coptic AM 1-01-03, 0284-08-31]" classname="org.threeten.extra.chrono.TestCopticChronology" time="0.001"/>
  <testcase name="test_CopticDate_toEpochDay[10: Coptic AM 2-01-01, 0285-08-29]" classname="org.threeten.extra.chrono.TestCopticChronology" time="0"/>
  <testcase name="test_CopticDate_toEpochDay[11: Coptic AM 3-01-01, 0286-08-29]" classname="org.threeten.extra.chrono.TestCopticChronology" time="0"/>
  <testcase name="test_CopticDate_toEpochDay[12: Coptic AM 3-13-06, 0287-08-29]" classname="org.threeten.extra.chrono.TestCopticChronology" time="0"/>
  <testcase name="test_CopticDate_toEpochDay[13: Coptic AM 4-01-01, 0287-08-30]" classname="org.threeten.extra.chrono.TestCopticChronology" time="0"/>
  <testcase name="test_CopticDate_toEpochDay[14: Coptic AM 4-07-03, 0288-02-28]" classname="org.threeten.extra.chrono.TestCopticChronology" time="0"/>
  <testcase name="test_CopticDate_toEpochDay[15: Coptic AM 4-07-04, 0288-02-29]" classname="org.threeten.extra.chrono.TestCopticChronology" time="0"/>
  <testcase name="test_CopticDate_toEpochDay[16: Coptic AM 5-01-01, 0288-08-29]" classname="org.threeten.extra.chrono.TestCopticChronology" time="0"/>
  <testcase name="test_CopticDate_toEpochDay[17: Coptic AM 1662-03-03, 1945-11-12]" classname="org.threeten.extra.chrono.TestCopticChronology" time="0"/>
  <testcase name="test_CopticDate_toEpochDay[18: Coptic AM 1728-10-28, 2012-07-05]" classname="org.threeten.extra.chrono.TestCopticChronology" time="0"/>
  <testcase name="test_CopticDate_toEpochDay[19: Coptic AM 1728-10-29, 2012-07-06]" classname="org.threeten.extra.chrono.TestCopticChronology" time="0"/>
  <testcase name="test_until_DAYS[0: Coptic BEFORE_AM 2-13-06, 0283-08-29]" classname="org.threeten.extra.chrono.TestCopticChronology" time="0"/>
  <testcase name="test_until_DAYS[1: Coptic BEFORE_AM 1-01-01, 0283-08-30]" classname="org.threeten.extra.chrono.TestCopticChronology" time="0"/>
  <testcase name="test_until_DAYS[2: Coptic BEFORE_AM 1-01-30, 0283-09-28]" classname="org.threeten.extra.chrono.TestCopticChronology" time="0"/>
  <testcase name="test_until_DAYS[3: Coptic BEFORE_AM 1-12-30, 0284-08-23]" classname="org.threeten.extra.chrono.TestCopticChronology" time="0"/>
  <testcase name="test_until_DAYS[4: Coptic BEFORE_AM 1-13-01, 0284-08-24]" classname="org.threeten.extra.chrono.TestCopticChronology" time="0"/>
  <testcase name="test_until_DAYS[5: Coptic BEFORE_AM 1-13-05, 0284-08-28]" classname="org.threeten.extra.chrono.TestCopticChronology" time="0"/>
  <testcase name="test_until_DAYS[6: Coptic BEFORE_AM 1-13-04, 0284-08-27]" classname="org.threeten.extra.chrono.TestCopticChronology" time="0"/>
  <testcase name="test_until_DAYS[7: Coptic AM 1-01-01, 0284-08-29]" classname="org.threeten.extra.chrono.TestCopticChronology" time="0"/>
  <testcase name="test_until_DAYS[8: Coptic AM 1-01-02, 0284-08-30]" classname="org.threeten.extra.chrono.TestCopticChronology" time="0"/>
  <testcase name="test_until_DAYS[9: Coptic AM 1-01-03, 0284-08-31]" classname="org.threeten.extra.chrono.TestCopticChronology" time="0"/>
  <testcase name="test_until_DAYS[10: Coptic AM 2-01-01, 0285-08-29]" classname="org.threeten.extra.chrono.TestCopticChronology" time="0"/>
  <testcase name="test_until_DAYS[11: Coptic AM 3-01-01, 0286-08-29]" classname="org.threeten.extra.chrono.TestCopticChronology" time="0"/>
  <testcase name="test_until_DAYS[12: Coptic AM 3-13-06, 0287-08-29]" classname="org.threeten.extra.chrono.TestCopticChronology" time="0"/>
  <testcase name="test_until_DAYS[13: Coptic AM 4-01-01, 0287-08-30]" classname="org.threeten.extra.chrono.TestCopticChronology" time="0"/>
  <testcase name="test_until_DAYS[14: Coptic AM 4-07-03, 0288-02-28]" classname="org.threeten.extra.chrono.TestCopticChronology" time="0"/>
  <testcase name="test_until_DAYS[15: Coptic AM 4-07-04, 0288-02-29]" classname="org.threeten.extra.chrono.TestCopticChronology" time="0"/>
  <testcase name="test_until_DAYS[16: Coptic AM 5-01-01, 0288-08-29]" classname="org.threeten.extra.chrono.TestCopticChronology" time="0"/>
  <testcase name="test_until_DAYS[17: Coptic AM 1662-03-03, 1945-11-12]" classname="org.threeten.extra.chrono.TestCopticChronology" time="0"/>
  <testcase name="test_until_DAYS[18: Coptic AM 1728-10-28, 2012-07-05]" classname="org.threeten.extra.chrono.TestCopticChronology" time="0"/>
  <testcase name="test_until_DAYS[19: Coptic AM 1728-10-29, 2012-07-06]" classname="org.threeten.extra.chrono.TestCopticChronology" time="0"/>
  <testcase name="test_until_TemporalUnit_unsupported" classname="org.threeten.extra.chrono.TestCopticChronology" time="0"/>
  <testcase name="test_chronology_of_name_id" classname="org.threeten.extra.chrono.TestCopticChronology" time="0.001"/>
  <testcase name="test_LocalDateTime_adjustToCopticDate" classname="org.threeten.extra.chrono.TestCopticChronology" time="0"/>
  <testcase name="test_chronology_of_name" classname="org.threeten.extra.chrono.TestCopticChronology" time="0"/>
  <testcase name="test_chronology_dateYearDay_badDate" classname="org.threeten.extra.chrono.TestCopticChronology" time="0.001"/>
  <testcase name="test_LocalDate_from_CopticDate[0: Coptic BEFORE_AM 2-13-06, 0283-08-29]" classname="org.threeten.extra.chrono.TestCopticChronology" time="0"/>
  <testcase name="test_LocalDate_from_CopticDate[1: Coptic BEFORE_AM 1-01-01, 0283-08-30]" classname="org.threeten.extra.chrono.TestCopticChronology" time="0"/>
  <testcase name="test_LocalDate_from_CopticDate[2: Coptic BEFORE_AM 1-01-30, 0283-09-28]" classname="org.threeten.extra.chrono.TestCopticChronology" time="0"/>
  <testcase name="test_LocalDate_from_CopticDate[3: Coptic BEFORE_AM 1-12-30, 0284-08-23]" classname="org.threeten.extra.chrono.TestCopticChronology" time="0"/>
  <testcase name="test_LocalDate_from_CopticDate[4: Coptic BEFORE_AM 1-13-01, 0284-08-24]" classname="org.threeten.extra.chrono.TestCopticChronology" time="0"/>
  <testcase name="test_LocalDate_from_CopticDate[5: Coptic BEFORE_AM 1-13-05, 0284-08-28]" classname="org.threeten.extra.chrono.TestCopticChronology" time="0"/>
  <testcase name="test_LocalDate_from_CopticDate[6: Coptic BEFORE_AM 1-13-04, 0284-08-27]" classname="org.threeten.extra.chrono.TestCopticChronology" time="0"/>
  <testcase name="test_LocalDate_from_CopticDate[7: Coptic AM 1-01-01, 0284-08-29]" classname="org.threeten.extra.chrono.TestCopticChronology" time="0"/>
  <testcase name="test_LocalDate_from_CopticDate[8: Coptic AM 1-01-02, 0284-08-30]" classname="org.threeten.extra.chrono.TestCopticChronology" time="0"/>
  <testcase name="test_LocalDate_from_CopticDate[9: Coptic AM 1-01-03, 0284-08-31]" classname="org.threeten.extra.chrono.TestCopticChronology" time="0"/>
  <testcase name="test_LocalDate_from_CopticDate[10: Coptic AM 2-01-01, 0285-08-29]" classname="org.threeten.extra.chrono.TestCopticChronology" time="0"/>
  <testcase name="test_LocalDate_from_CopticDate[11: Coptic AM 3-01-01, 0286-08-29]" classname="org.threeten.extra.chrono.TestCopticChronology" time="0"/>
  <testcase name="test_LocalDate_from_CopticDate[12: Coptic AM 3-13-06, 0287-08-29]" classname="org.threeten.extra.chrono.TestCopticChronology" time="0"/>
  <testcase name="test_LocalDate_from_CopticDate[13: Coptic AM 4-01-01, 0287-08-30]" classname="org.threeten.extra.chrono.TestCopticChronology" time="0"/>
  <testcase name="test_LocalDate_from_CopticDate[14: Coptic AM 4-07-03, 0288-02-28]" classname="org.threeten.extra.chrono.TestCopticChronology" time="0"/>
  <testcase name="test_LocalDate_from_CopticDate[15: Coptic AM 4-07-04, 0288-02-29]" classname="org.threeten.extra.chrono.TestCopticChronology" time="0"/>
  <testcase name="test_LocalDate_from_CopticDate[16: Coptic AM 5-01-01, 0288-08-29]" classname="org.threeten.extra.chrono.TestCopticChronology" time="0"/>
  <testcase name="test_LocalDate_from_CopticDate[17: Coptic AM 1662-03-03, 1945-11-12]" classname="org.threeten.extra.chrono.TestCopticChronology" time="0"/>
  <testcase name="test_LocalDate_from_CopticDate[18: Coptic AM 1728-10-28, 2012-07-05]" classname="org.threeten.extra.chrono.TestCopticChronology" time="0"/>
  <testcase name="test_LocalDate_from_CopticDate[19: Coptic AM 1728-10-29, 2012-07-06]" classname="org.threeten.extra.chrono.TestCopticChronology" time="0"/>
  <testcase name="test_getLong[0: 1727, 6, 8, DayOfWeek, 2]" classname="org.threeten.extra.chrono.TestCopticChronology" time="0"/>
  <testcase name="test_getLong[1: 1727, 6, 8, DayOfMonth, 8]" classname="org.threeten.extra.chrono.TestCopticChronology" time="0"/>
  <testcase name="test_getLong[2: 1727, 6, 8, DayOfYear, 158]" classname="org.threeten.extra.chrono.TestCopticChronology" time="0"/>
  <testcase name="test_getLong[3: 1727, 6, 8, AlignedDayOfWeekInMonth, 1]" classname="org.threeten.extra.chrono.TestCopticChronology" time="0"/>
  <testcase name="test_getLong[4: 1727, 6, 8, AlignedWeekOfMonth, 2]" classname="org.threeten.extra.chrono.TestCopticChronology" time="0.001"/>
  <testcase name="test_getLong[5: 1727, 6, 8, AlignedDayOfWeekInYear, 4]" classname="org.threeten.extra.chrono.TestCopticChronology" time="0"/>
  <testcase name="test_getLong[6: 1727, 6, 8, AlignedWeekOfYear, 23]" classname="org.threeten.extra.chrono.TestCopticChronology" time="0"/>
  <testcase name="test_getLong[7: 1727, 6, 8, MonthOfYear, 6]" classname="org.threeten.extra.chrono.TestCopticChronology" time="0"/>
  <testcase name="test_getLong[8: 1727, 6, 8, ProlepticMonth, 22456]" classname="org.threeten.extra.chrono.TestCopticChronology" time="0"/>
  <testcase name="test_getLong[9: 1727, 6, 8, Year, 1727]" classname="org.threeten.extra.chrono.TestCopticChronology" time="0"/>
  <testcase name="test_getLong[10: 1727, 6, 8, Era, 1]" classname="org.threeten.extra.chrono.TestCopticChronology" time="0"/>
  <testcase name="test_getLong[11: 1, 6, 8, Era, 1]" classname="org.threeten.extra.chrono.TestCopticChronology" time="0"/>
  <testcase name="test_getLong[12: 0, 6, 8, Era, 0]" classname="org.threeten.extra.chrono.TestCopticChronology" time="0"/>
  <testcase name="test_getLong[13: 1727, 6, 8, DayOfWeek[WeekFields[MONDAY,4]], 2]" classname="org.threeten.extra.chrono.TestCopticChronology" time="0"/>
  <testcase name="test_Chronology_eraOf" classname="org.threeten.extra.chrono.TestCopticChronology" time="0"/>
  <testcase name="test_minus_Period" classname="org.threeten.extra.chrono.TestCopticChronology" time="0"/>
  <testcase name="test_Chronology_range" classname="org.threeten.extra.chrono.TestCopticChronology" time="0"/>
  <testcase name="test_isLeapYear_specific" classname="org.threeten.extra.chrono.TestCopticChronology" time="0"/>
  <testcase name="test_minus_Period_ISO" classname="org.threeten.extra.chrono.TestCopticChronology" time="0"/>
  <testcase name="test_adjust_toMonth" classname="org.threeten.extra.chrono.TestCopticChronology" time="0"/>
  <testcase name="test_LocalDate_adjustToCopticDate" classname="org.threeten.extra.chrono.TestCopticChronology" time="0"/>
  <testcase name="test_minus_TemporalUnit[0: 1726, 5, 26, 0, Days, 1726, 5, 26]" classname="org.threeten.extra.chrono.TestCopticChronology" time="0"/>
  <testcase name="test_minus_TemporalUnit[1: 1726, 5, 26, 8, Days, 1726, 6, 4]" classname="org.threeten.extra.chrono.TestCopticChronology" time="0"/>
  <testcase name="test_minus_TemporalUnit[2: 1726, 5, 26, -3, Days, 1726, 5, 23]" classname="org.threeten.extra.chrono.TestCopticChronology" time="0"/>
  <testcase name="test_minus_TemporalUnit[3: 1726, 5, 26, 0, Weeks, 1726, 5, 26]" classname="org.threeten.extra.chrono.TestCopticChronology" time="0"/>
  <testcase name="test_minus_TemporalUnit[4: 1726, 5, 26, 3, Weeks, 1726, 6, 17]" classname="org.threeten.extra.chrono.TestCopticChronology" time="0"/>
  <testcase name="test_minus_TemporalUnit[5: 1726, 5, 26, -5, Weeks, 1726, 4, 21]" classname="org.threeten.extra.chrono.TestCopticChronology" time="0"/>
  <testcase name="test_minus_TemporalUnit[6: 1726, 5, 26, 0, Months, 1726, 5, 26]" classname="org.threeten.extra.chrono.TestCopticChronology" time="0"/>
  <testcase name="test_minus_TemporalUnit[7: 1726, 5, 26, 3, Months, 1726, 8, 26]" classname="org.threeten.extra.chrono.TestCopticChronology" time="0.001"/>
  <testcase name="test_minus_TemporalUnit[8: 1726, 5, 26, -6, Months, 1725, 12, 26]" classname="org.threeten.extra.chrono.TestCopticChronology" time="0"/>
  <testcase name="test_minus_TemporalUnit[9: 1726, 5, 26, 0, Years, 1726, 5, 26]" classname="org.threeten.extra.chrono.TestCopticChronology" time="0"/>
  <testcase name="test_minus_TemporalUnit[10: 1726, 5, 26, 3, Years, 1729, 5, 26]" classname="org.threeten.extra.chrono.TestCopticChronology" time="0"/>
  <testcase name="test_minus_TemporalUnit[11: 1726, 5, 26, -5, Years, 1721, 5, 26]" classname="org.threeten.extra.chrono.TestCopticChronology" time="0"/>
  <testcase name="test_minus_TemporalUnit[12: 1726, 5, 26, 0, Decades, 1726, 5, 26]" classname="org.threeten.extra.chrono.TestCopticChronology" time="0"/>
  <testcase name="test_minus_TemporalUnit[13: 1726, 5, 26, 3, Decades, 1756, 5, 26]" classname="org.threeten.extra.chrono.TestCopticChronology" time="0"/>
  <testcase name="test_minus_TemporalUnit[14: 1726, 5, 26, -5, Decades, 1676, 5, 26]" classname="org.threeten.extra.chrono.TestCopticChronology" time="0"/>
  <testcase name="test_minus_TemporalUnit[15: 1726, 5, 26, 0, Centuries, 1726, 5, 26]" classname="org.threeten.extra.chrono.TestCopticChronology" time="0"/>
  <testcase name="test_minus_TemporalUnit[16: 1726, 5, 26, 3, Centuries, 2026, 5, 26]" classname="org.threeten.extra.chrono.TestCopticChronology" time="0"/>
  <testcase name="test_minus_TemporalUnit[17: 1726, 5, 26, -5, Centuries, 1226, 5, 26]" classname="org.threeten.extra.chrono.TestCopticChronology" time="0"/>
  <testcase name="test_minus_TemporalUnit[18: 1726, 5, 26, 0, Millennia, 1726, 5, 26]" classname="org.threeten.extra.chrono.TestCopticChronology" time="0"/>
  <testcase name="test_minus_TemporalUnit[19: 1726, 5, 26, 3, Millennia, 4726, 5, 26]" classname="org.threeten.extra.chrono.TestCopticChronology" time="0"/>
  <testcase name="test_minus_TemporalUnit[20: 1726, 5, 26, -5, Millennia, -3274, 5, 26]" classname="org.threeten.extra.chrono.TestCopticChronology" time="0"/>
  <testcase name="test_minus_TemporalUnit[21: 1726, 5, 26, -1, Eras, -1725, 5, 26]" classname="org.threeten.extra.chrono.TestCopticChronology" time="0"/>
  <testcase name="test_equals" classname="org.threeten.extra.chrono.TestCopticChronology" time="0"/>
  <testcase name="test_plus_Period" classname="org.threeten.extra.chrono.TestCopticChronology" time="0"/>
  <testcase name="test_Chronology_eraOf_invalid" classname="org.threeten.extra.chrono.TestCopticChronology" time="0.001"/>
  <testcase name="test_era_loop" classname="org.threeten.extra.chrono.TestCopticChronology" time="0.001"/>
  <testcase name="test_range_unsupported" classname="org.threeten.extra.chrono.TestCopticChronology" time="0"/>
  <testcase name="test_CopticDate_chronology_dateEpochDay[0: Coptic BEFORE_AM 2-13-06, 0283-08-29]" classname="org.threeten.extra.chrono.TestCopticChronology" time="0"/>
  <testcase name="test_CopticDate_chronology_dateEpochDay[1: Coptic BEFORE_AM 1-01-01, 0283-08-30]" classname="org.threeten.extra.chrono.TestCopticChronology" time="0"/>
  <testcase name="test_CopticDate_chronology_dateEpochDay[2: Coptic BEFORE_AM 1-01-30, 0283-09-28]" classname="org.threeten.extra.chrono.TestCopticChronology" time="0"/>
  <testcase name="test_CopticDate_chronology_dateEpochDay[3: Coptic BEFORE_AM 1-12-30, 0284-08-23]" classname="org.threeten.extra.chrono.TestCopticChronology" time="0"/>
  <testcase name="test_CopticDate_chronology_dateEpochDay[4: Coptic BEFORE_AM 1-13-01, 0284-08-24]" classname="org.threeten.extra.chrono.TestCopticChronology" time="0"/>
  <testcase name="test_CopticDate_chronology_dateEpochDay[5: Coptic BEFORE_AM 1-13-05, 0284-08-28]" classname="org.threeten.extra.chrono.TestCopticChronology" time="0"/>
  <testcase name="test_CopticDate_chronology_dateEpochDay[6: Coptic BEFORE_AM 1-13-04, 0284-08-27]" classname="org.threeten.extra.chrono.TestCopticChronology" time="0"/>
  <testcase name="test_CopticDate_chronology_dateEpochDay[7: Coptic AM 1-01-01, 0284-08-29]" classname="org.threeten.extra.chrono.TestCopticChronology" time="0"/>
  <testcase name="test_CopticDate_chronology_dateEpochDay[8: Coptic AM 1-01-02, 0284-08-30]" classname="org.threeten.extra.chrono.TestCopticChronology" time="0"/>
  <testcase name="test_CopticDate_chronology_dateEpochDay[9: Coptic AM 1-01-03, 0284-08-31]" classname="org.threeten.extra.chrono.TestCopticChronology" time="0"/>
  <testcase name="test_CopticDate_chronology_dateEpochDay[10: Coptic AM 2-01-01, 0285-08-29]" classname="org.threeten.extra.chrono.TestCopticChronology" time="0"/>
  <testcase name="test_CopticDate_chronology_dateEpochDay[11: Coptic AM 3-01-01, 0286-08-29]" classname="org.threeten.extra.chrono.TestCopticChronology" time="0"/>
  <testcase name="test_CopticDate_chronology_dateEpochDay[12: Coptic AM 3-13-06, 0287-08-29]" classname="org.threeten.extra.chrono.TestCopticChronology" time="0"/>
  <testcase name="test_CopticDate_chronology_dateEpochDay[13: Coptic AM 4-01-01, 0287-08-30]" classname="org.threeten.extra.chrono.TestCopticChronology" time="0"/>
  <testcase name="test_CopticDate_chronology_dateEpochDay[14: Coptic AM 4-07-03, 0288-02-28]" classname="org.threeten.extra.chrono.TestCopticChronology" time="0"/>
  <testcase name="test_CopticDate_chronology_dateEpochDay[15: Coptic AM 4-07-04, 0288-02-29]" classname="org.threeten.extra.chrono.TestCopticChronology" time="0.001"/>
  <testcase name="test_CopticDate_chronology_dateEpochDay[16: Coptic AM 5-01-01, 0288-08-29]" classname="org.threeten.extra.chrono.TestCopticChronology" time="0"/>
  <testcase name="test_CopticDate_chronology_dateEpochDay[17: Coptic AM 1662-03-03, 1945-11-12]" classname="org.threeten.extra.chrono.TestCopticChronology" time="0"/>
  <testcase name="test_CopticDate_chronology_dateEpochDay[18: Coptic AM 1728-10-28, 2012-07-05]" classname="org.threeten.extra.chrono.TestCopticChronology" time="0"/>
  <testcase name="test_CopticDate_chronology_dateEpochDay[19: Coptic AM 1728-10-29, 2012-07-06]" classname="org.threeten.extra.chrono.TestCopticChronology" time="0"/>
  <testcase name="test_era_yearDay_loop" classname="org.threeten.extra.chrono.TestCopticChronology" time="0"/>
  <testcase name="test_plus_TemporalUnit[0: 1726, 5, 26, 0, Days, 1726, 5, 26]" classname="org.threeten.extra.chrono.TestCopticChronology" time="0"/>
  <testcase name="test_plus_TemporalUnit[1: 1726, 5, 26, 8, Days, 1726, 6, 4]" classname="org.threeten.extra.chrono.TestCopticChronology" time="0"/>
  <testcase name="test_plus_TemporalUnit[2: 1726, 5, 26, -3, Days, 1726, 5, 23]" classname="org.threeten.extra.chrono.TestCopticChronology" time="0"/>
  <testcase name="test_plus_TemporalUnit[3: 1726, 5, 26, 0, Weeks, 1726, 5, 26]" classname="org.threeten.extra.chrono.TestCopticChronology" time="0"/>
  <testcase name="test_plus_TemporalUnit[4: 1726, 5, 26, 3, Weeks, 1726, 6, 17]" classname="org.threeten.extra.chrono.TestCopticChronology" time="0"/>
  <testcase name="test_plus_TemporalUnit[5: 1726, 5, 26, -5, Weeks, 1726, 4, 21]" classname="org.threeten.extra.chrono.TestCopticChronology" time="0"/>
  <testcase name="test_plus_TemporalUnit[6: 1726, 5, 26, 0, Months, 1726, 5, 26]" classname="org.threeten.extra.chrono.TestCopticChronology" time="0"/>
  <testcase name="test_plus_TemporalUnit[7: 1726, 5, 26, 3, Months, 1726, 8, 26]" classname="org.threeten.extra.chrono.TestCopticChronology" time="0"/>
  <testcase name="test_plus_TemporalUnit[8: 1726, 5, 26, -6, Months, 1725, 12, 26]" classname="org.threeten.extra.chrono.TestCopticChronology" time="0"/>
  <testcase name="test_plus_TemporalUnit[9: 1726, 5, 26, 0, Years, 1726, 5, 26]" classname="org.threeten.extra.chrono.TestCopticChronology" time="0"/>
  <testcase name="test_plus_TemporalUnit[10: 1726, 5, 26, 3, Years, 1729, 5, 26]" classname="org.threeten.extra.chrono.TestCopticChronology" time="0"/>
  <testcase name="test_plus_TemporalUnit[11: 1726, 5, 26, -5, Years, 1721, 5, 26]" classname="org.threeten.extra.chrono.TestCopticChronology" time="0"/>
  <testcase name="test_plus_TemporalUnit[12: 1726, 5, 26, 0, Decades, 1726, 5, 26]" classname="org.threeten.extra.chrono.TestCopticChronology" time="0"/>
  <testcase name="test_plus_TemporalUnit[13: 1726, 5, 26, 3, Decades, 1756, 5, 26]" classname="org.threeten.extra.chrono.TestCopticChronology" time="0"/>
  <testcase name="test_plus_TemporalUnit[14: 1726, 5, 26, -5, Decades, 1676, 5, 26]" classname="org.threeten.extra.chrono.TestCopticChronology" time="0"/>
  <testcase name="test_plus_TemporalUnit[15: 1726, 5, 26, 0, Centuries, 1726, 5, 26]" classname="org.threeten.extra.chrono.TestCopticChronology" time="0"/>
  <testcase name="test_plus_TemporalUnit[16: 1726, 5, 26, 3, Centuries, 2026, 5, 26]" classname="org.threeten.extra.chrono.TestCopticChronology" time="0"/>
  <testcase name="test_plus_TemporalUnit[17: 1726, 5, 26, -5, Centuries, 1226, 5, 26]" classname="org.threeten.extra.chrono.TestCopticChronology" time="0.001"/>
  <testcase name="test_plus_TemporalUnit[18: 1726, 5, 26, 0, Millennia, 1726, 5, 26]" classname="org.threeten.extra.chrono.TestCopticChronology" time="0"/>
  <testcase name="test_plus_TemporalUnit[19: 1726, 5, 26, 3, Millennia, 4726, 5, 26]" classname="org.threeten.extra.chrono.TestCopticChronology" time="0"/>
  <testcase name="test_plus_TemporalUnit[20: 1726, 5, 26, -5, Millennia, -3274, 5, 26]" classname="org.threeten.extra.chrono.TestCopticChronology" time="0"/>
  <testcase name="test_plus_TemporalUnit[21: 1726, 5, 26, -1, Eras, -1725, 5, 26]" classname="org.threeten.extra.chrono.TestCopticChronology" time="0"/>
  <testcase name="test_adjust_toLocalDate" classname="org.threeten.extra.chrono.TestCopticChronology" time="0"/>
  <testcase name="test_Chronology_eras" classname="org.threeten.extra.chrono.TestCopticChronology" time="0"/>
  <testcase name="test_lengthOfMonth[0: 1726, 1, 30]" classname="org.threeten.extra.chrono.TestCopticChronology" time="0"/>
  <testcase name="test_lengthOfMonth[1: 1726, 2, 30]" classname="org.threeten.extra.chrono.TestCopticChronology" time="0"/>
  <testcase name="test_lengthOfMonth[2: 1726, 3, 30]" classname="org.threeten.extra.chrono.TestCopticChronology" time="0"/>
  <testcase name="test_lengthOfMonth[3: 1726, 4, 30]" classname="org.threeten.extra.chrono.TestCopticChronology" time="0"/>
  <testcase name="test_lengthOfMonth[4: 1726, 5, 30]" classname="org.threeten.extra.chrono.TestCopticChronology" time="0"/>
  <testcase name="test_lengthOfMonth[5: 1726, 6, 30]" classname="org.threeten.extra.chrono.TestCopticChronology" time="0"/>
  <testcase name="test_lengthOfMonth[6: 1726, 7, 30]" classname="org.threeten.extra.chrono.TestCopticChronology" time="0"/>
  <testcase name="test_lengthOfMonth[7: 1726, 8, 30]" classname="org.threeten.extra.chrono.TestCopticChronology" time="0"/>
  <testcase name="test_lengthOfMonth[8: 1726, 9, 30]" classname="org.threeten.extra.chrono.TestCopticChronology" time="0"/>
  <testcase name="test_lengthOfMonth[9: 1726, 10, 30]" classname="org.threeten.extra.chrono.TestCopticChronology" time="0"/>
  <testcase name="test_lengthOfMonth[10: 1726, 11, 30]" classname="org.threeten.extra.chrono.TestCopticChronology" time="0"/>
  <testcase name="test_lengthOfMonth[11: 1726, 12, 30]" classname="org.threeten.extra.chrono.TestCopticChronology" time="0"/>
  <testcase name="test_lengthOfMonth[12: 1726, 13, 5]" classname="org.threeten.extra.chrono.TestCopticChronology" time="0"/>
  <testcase name="test_lengthOfMonth[13: 1727, 13, 6]" classname="org.threeten.extra.chrono.TestCopticChronology" time="0"/>
  <testcase name="test_with_TemporalField_unsupported" classname="org.threeten.extra.chrono.TestCopticChronology" time="0"/>
  <testcase name="test_Chronology_date_Temporal[0: Coptic BEFORE_AM 2-13-06, 0283-08-29]" classname="org.threeten.extra.chrono.TestCopticChronology" time="0"/>
  <testcase name="test_Chronology_date_Temporal[1: Coptic BEFORE_AM 1-01-01, 0283-08-30]" classname="org.threeten.extra.chrono.TestCopticChronology" time="0"/>
  <testcase name="test_Chronology_date_Temporal[2: Coptic BEFORE_AM 1-01-30, 0283-09-28]" classname="org.threeten.extra.chrono.TestCopticChronology" time="0"/>
  <testcase name="test_Chronology_date_Temporal[3: Coptic BEFORE_AM 1-12-30, 0284-08-23]" classname="org.threeten.extra.chrono.TestCopticChronology" time="0"/>
  <testcase name="test_Chronology_date_Temporal[4: Coptic BEFORE_AM 1-13-01, 0284-08-24]" classname="org.threeten.extra.chrono.TestCopticChronology" time="0"/>
  <testcase name="test_Chronology_date_Temporal[5: Coptic BEFORE_AM 1-13-05, 0284-08-28]" classname="org.threeten.extra.chrono.TestCopticChronology" time="0"/>
  <testcase name="test_Chronology_date_Temporal[6: Coptic BEFORE_AM 1-13-04, 0284-08-27]" classname="org.threeten.extra.chrono.TestCopticChronology" time="0"/>
  <testcase name="test_Chronology_date_Temporal[7: Coptic AM 1-01-01, 0284-08-29]" classname="org.threeten.extra.chrono.TestCopticChronology" time="0"/>
  <testcase name="test_Chronology_date_Temporal[8: Coptic AM 1-01-02, 0284-08-30]" classname="org.threeten.extra.chrono.TestCopticChronology" time="0"/>
  <testcase name="test_Chronology_date_Temporal[9: Coptic AM 1-01-03, 0284-08-31]" classname="org.threeten.extra.chrono.TestCopticChronology" time="0"/>
  <testcase name="test_Chronology_date_Temporal[10: Coptic AM 2-01-01, 0285-08-29]" classname="org.threeten.extra.chrono.TestCopticChronology" time="0"/>
  <testcase name="test_Chronology_date_Temporal[11: Coptic AM 3-01-01, 0286-08-29]" classname="org.threeten.extra.chrono.TestCopticChronology" time="0"/>
  <testcase name="test_Chronology_date_Temporal[12: Coptic AM 3-13-06, 0287-08-29]" classname="org.threeten.extra.chrono.TestCopticChronology" time="0"/>
  <testcase name="test_Chronology_date_Temporal[13: Coptic AM 4-01-01, 0287-08-30]" classname="org.threeten.extra.chrono.TestCopticChronology" time="0"/>
  <testcase name="test_Chronology_date_Temporal[14: Coptic AM 4-07-03, 0288-02-28]" classname="org.threeten.extra.chrono.TestCopticChronology" time="0"/>
  <testcase name="test_Chronology_date_Temporal[15: Coptic AM 4-07-04, 0288-02-29]" classname="org.threeten.extra.chrono.TestCopticChronology" time="0.002"/>
  <testcase name="test_Chronology_date_Temporal[16: Coptic AM 5-01-01, 0288-08-29]" classname="org.threeten.extra.chrono.TestCopticChronology" time="0"/>
  <testcase name="test_Chronology_date_Temporal[17: Coptic AM 1662-03-03, 1945-11-12]" classname="org.threeten.extra.chrono.TestCopticChronology" time="0"/>
  <testcase name="test_Chronology_date_Temporal[18: Coptic AM 1728-10-28, 2012-07-05]" classname="org.threeten.extra.chrono.TestCopticChronology" time="0"/>
  <testcase name="test_Chronology_date_Temporal[19: Coptic AM 1728-10-29, 2012-07-06]" classname="org.threeten.extra.chrono.TestCopticChronology" time="0"/>
  <testcase name="test_CopticDate_until_CopticDate[0: Coptic BEFORE_AM 2-13-06, 0283-08-29]" classname="org.threeten.extra.chrono.TestCopticChronology" time="0"/>
  <testcase name="test_CopticDate_until_CopticDate[1: Coptic BEFORE_AM 1-01-01, 0283-08-30]" classname="org.threeten.extra.chrono.TestCopticChronology" time="0"/>
  <testcase name="test_CopticDate_until_CopticDate[2: Coptic BEFORE_AM 1-01-30, 0283-09-28]" classname="org.threeten.extra.chrono.TestCopticChronology" time="0"/>
  <testcase name="test_CopticDate_until_CopticDate[3: Coptic BEFORE_AM 1-12-30, 0284-08-23]" classname="org.threeten.extra.chrono.TestCopticChronology" time="0"/>
  <testcase name="test_CopticDate_until_CopticDate[4: Coptic BEFORE_AM 1-13-01, 0284-08-24]" classname="org.threeten.extra.chrono.TestCopticChronology" time="0"/>
  <testcase name="test_CopticDate_until_CopticDate[5: Coptic BEFORE_AM 1-13-05, 0284-08-28]" classname="org.threeten.extra.chrono.TestCopticChronology" time="0"/>
  <testcase name="test_CopticDate_until_CopticDate[6: Coptic BEFORE_AM 1-13-04, 0284-08-27]" classname="org.threeten.extra.chrono.TestCopticChronology" time="0"/>
  <testcase name="test_CopticDate_until_CopticDate[7: Coptic AM 1-01-01, 0284-08-29]" classname="org.threeten.extra.chrono.TestCopticChronology" time="0"/>
  <testcase name="test_CopticDate_until_CopticDate[8: Coptic AM 1-01-02, 0284-08-30]" classname="org.threeten.extra.chrono.TestCopticChronology" time="0"/>
  <testcase name="test_CopticDate_until_CopticDate[9: Coptic AM 1-01-03, 0284-08-31]" classname="org.threeten.extra.chrono.TestCopticChronology" time="0"/>
  <testcase name="test_CopticDate_until_CopticDate[10: Coptic AM 2-01-01, 0285-08-29]" classname="org.threeten.extra.chrono.TestCopticChronology" time="0"/>
  <testcase name="test_CopticDate_until_CopticDate[11: Coptic AM 3-01-01, 0286-08-29]" classname="org.threeten.extra.chrono.TestCopticChronology" time="0"/>
  <testcase name="test_CopticDate_until_CopticDate[12: Coptic AM 3-13-06, 0287-08-29]" classname="org.threeten.extra.chrono.TestCopticChronology" time="0"/>
  <testcase name="test_CopticDate_until_CopticDate[13: Coptic AM 4-01-01, 0287-08-30]" classname="org.threeten.extra.chrono.TestCopticChronology" time="0"/>
  <testcase name="test_CopticDate_until_CopticDate[14: Coptic AM 4-07-03, 0288-02-28]" classname="org.threeten.extra.chrono.TestCopticChronology" time="0"/>
  <testcase name="test_CopticDate_until_CopticDate[15: Coptic AM 4-07-04, 0288-02-29]" classname="org.threeten.extra.chrono.TestCopticChronology" time="0"/>
  <testcase name="test_CopticDate_until_CopticDate[16: Coptic AM 5-01-01, 0288-08-29]" classname="org.threeten.extra.chrono.TestCopticChronology" time="0"/>
  <testcase name="test_CopticDate_until_CopticDate[17: Coptic AM 1662-03-03, 1945-11-12]" classname="org.threeten.extra.chrono.TestCopticChronology" time="0"/>
  <testcase name="test_CopticDate_until_CopticDate[18: Coptic AM 1728-10-28, 2012-07-05]" classname="org.threeten.extra.chrono.TestCopticChronology" time="0"/>
  <testcase name="test_CopticDate_until_CopticDate[19: Coptic AM 1728-10-29, 2012-07-06]" classname="org.threeten.extra.chrono.TestCopticChronology" time="0"/>
  <testcase name="test_badDates[0: 1728, 0, 0]" classname="org.threeten.extra.chrono.TestCopticChronology" time="0"/>
  <testcase name="test_badDates[1: 1728, -1, 1]" classname="org.threeten.extra.chrono.TestCopticChronology" time="0"/>
  <testcase name="test_badDates[2: 1728, 0, 1]" classname="org.threeten.extra.chrono.TestCopticChronology" time="0"/>
  <testcase name="test_badDates[3: 1728, 14, 1]" classname="org.threeten.extra.chrono.TestCopticChronology" time="0"/>
  <testcase name="test_badDates[4: 1728, 15, 1]" classname="org.threeten.extra.chrono.TestCopticChronology" time="0"/>
  <testcase name="test_badDates[5: 1728, 1, -1]" classname="org.threeten.extra.chrono.TestCopticChronology" time="0.001"/>
  <testcase name="test_badDates[6: 1728, 1, 0]" classname="org.threeten.extra.chrono.TestCopticChronology" time="0"/>
  <testcase name="test_badDates[7: 1728, 1, 31]" classname="org.threeten.extra.chrono.TestCopticChronology" time="0"/>
  <testcase name="test_badDates[8: 1728, 1, 32]" classname="org.threeten.extra.chrono.TestCopticChronology" time="0"/>
  <testcase name="test_badDates[9: 1728, 12, -1]" classname="org.threeten.extra.chrono.TestCopticChronology" time="0"/>
  <testcase name="test_badDates[10: 1728, 12, 0]" classname="org.threeten.extra.chrono.TestCopticChronology" time="0"/>
  <testcase name="test_badDates[11: 1728, 12, 31]" classname="org.threeten.extra.chrono.TestCopticChronology" time="0"/>
  <testcase name="test_badDates[12: 1728, 12, 32]" classname="org.threeten.extra.chrono.TestCopticChronology" time="0"/>
  <testcase name="test_badDates[13: 1728, 13, -1]" classname="org.threeten.extra.chrono.TestCopticChronology" time="0"/>
  <testcase name="test_badDates[14: 1728, 13, 0]" classname="org.threeten.extra.chrono.TestCopticChronology" time="0"/>
  <testcase name="test_badDates[15: 1728, 13, 6]" classname="org.threeten.extra.chrono.TestCopticChronology" time="0"/>
  <testcase name="test_badDates[16: 1728, 13, 7]" classname="org.threeten.extra.chrono.TestCopticChronology" time="0"/>
  <testcase name="test_badDates[17: 1727, 13, -1]" classname="org.threeten.extra.chrono.TestCopticChronology" time="0"/>
  <testcase name="test_badDates[18: 1727, 13, 0]" classname="org.threeten.extra.chrono.TestCopticChronology" time="0"/>
  <testcase name="test_badDates[19: 1727, 13, 7]" classname="org.threeten.extra.chrono.TestCopticChronology" time="0"/>
  <testcase name="test_badDates[20: 1727, 13, 8]" classname="org.threeten.extra.chrono.TestCopticChronology" time="0"/>
  <testcase name="test_getLong_unsupported" classname="org.threeten.extra.chrono.TestCopticChronology" time="0"/>
  <testcase name="test_CopticDate_from_LocalDate[0: Coptic BEFORE_AM 2-13-06, 0283-08-29]" classname="org.threeten.extra.chrono.TestCopticChronology" time="0"/>
  <testcase name="test_CopticDate_from_LocalDate[1: Coptic BEFORE_AM 1-01-01, 0283-08-30]" classname="org.threeten.extra.chrono.TestCopticChronology" time="0"/>
  <testcase name="test_CopticDate_from_LocalDate[2: Coptic BEFORE_AM 1-01-30, 0283-09-28]" classname="org.threeten.extra.chrono.TestCopticChronology" time="0"/>
  <testcase name="test_CopticDate_from_LocalDate[3: Coptic BEFORE_AM 1-12-30, 0284-08-23]" classname="org.threeten.extra.chrono.TestCopticChronology" time="0"/>
  <testcase name="test_CopticDate_from_LocalDate[4: Coptic BEFORE_AM 1-13-01, 0284-08-24]" classname="org.threeten.extra.chrono.TestCopticChronology" time="0"/>
  <testcase name="test_CopticDate_from_LocalDate[5: Coptic BEFORE_AM 1-13-05, 0284-08-28]" classname="org.threeten.extra.chrono.TestCopticChronology" time="0"/>
  <testcase name="test_CopticDate_from_LocalDate[6: Coptic BEFORE_AM 1-13-04, 0284-08-27]" classname="org.threeten.extra.chrono.TestCopticChronology" time="0"/>
  <testcase name="test_CopticDate_from_LocalDate[7: Coptic AM 1-01-01, 0284-08-29]" classname="org.threeten.extra.chrono.TestCopticChronology" time="0"/>
  <testcase name="test_CopticDate_from_LocalDate[8: Coptic AM 1-01-02, 0284-08-30]" classname="org.threeten.extra.chrono.TestCopticChronology" time="0"/>
  <testcase name="test_CopticDate_from_LocalDate[9: Coptic AM 1-01-03, 0284-08-31]" classname="org.threeten.extra.chrono.TestCopticChronology" time="0"/>
  <testcase name="test_CopticDate_from_LocalDate[10: Coptic AM 2-01-01, 0285-08-29]" classname="org.threeten.extra.chrono.TestCopticChronology" time="0"/>
  <testcase name="test_CopticDate_from_LocalDate[11: Coptic AM 3-01-01, 0286-08-29]" classname="org.threeten.extra.chrono.TestCopticChronology" time="0"/>
  <testcase name="test_CopticDate_from_LocalDate[12: Coptic AM 3-13-06, 0287-08-29]" classname="org.threeten.extra.chrono.TestCopticChronology" time="0"/>
  <testcase name="test_CopticDate_from_LocalDate[13: Coptic AM 4-01-01, 0287-08-30]" classname="org.threeten.extra.chrono.TestCopticChronology" time="0"/>
  <testcase name="test_CopticDate_from_LocalDate[14: Coptic AM 4-07-03, 0288-02-28]" classname="org.threeten.extra.chrono.TestCopticChronology" time="0"/>
  <testcase name="test_CopticDate_from_LocalDate[15: Coptic AM 4-07-04, 0288-02-29]" classname="org.threeten.extra.chrono.TestCopticChronology" time="0"/>
  <testcase name="test_CopticDate_from_LocalDate[16: Coptic AM 5-01-01, 0288-08-29]" classname="org.threeten.extra.chrono.TestCopticChronology" time="0"/>
  <testcase name="test_CopticDate_from_LocalDate[17: Coptic AM 1662-03-03, 1945-11-12]" classname="org.threeten.extra.chrono.TestCopticChronology" time="0"/>
  <testcase name="test_CopticDate_from_LocalDate[18: Coptic AM 1728-10-28, 2012-07-05]" classname="org.threeten.extra.chrono.TestCopticChronology" time="0"/>
  <testcase name="test_CopticDate_from_LocalDate[19: Coptic AM 1728-10-29, 2012-07-06]" classname="org.threeten.extra.chrono.TestCopticChronology" time="0"/>
  <testcase name="test_plusDays[0: Coptic BEFORE_AM 2-13-06, 0283-08-29]" classname="org.threeten.extra.chrono.TestCopticChronology" time="0"/>
  <testcase name="test_plusDays[1: Coptic BEFORE_AM 1-01-01, 0283-08-30]" classname="org.threeten.extra.chrono.TestCopticChronology" time="0"/>
  <testcase name="test_plusDays[2: Coptic BEFORE_AM 1-01-30, 0283-09-28]" classname="org.threeten.extra.chrono.TestCopticChronology" time="0"/>
  <testcase name="test_plusDays[3: Coptic BEFORE_AM 1-12-30, 0284-08-23]" classname="org.threeten.extra.chrono.TestCopticChronology" time="0"/>
  <testcase name="test_plusDays[4: Coptic BEFORE_AM 1-13-01, 0284-08-24]" classname="org.threeten.extra.chrono.TestCopticChronology" time="0"/>
  <testcase name="test_plusDays[5: Coptic BEFORE_AM 1-13-05, 0284-08-28]" classname="org.threeten.extra.chrono.TestCopticChronology" time="0"/>
  <testcase name="test_plusDays[6: Coptic BEFORE_AM 1-13-04, 0284-08-27]" classname="org.threeten.extra.chrono.TestCopticChronology" time="0"/>
  <testcase name="test_plusDays[7: Coptic AM 1-01-01, 0284-08-29]" classname="org.threeten.extra.chrono.TestCopticChronology" time="0"/>
  <testcase name="test_plusDays[8: Coptic AM 1-01-02, 0284-08-30]" classname="org.threeten.extra.chrono.TestCopticChronology" time="0"/>
  <testcase name="test_plusDays[9: Coptic AM 1-01-03, 0284-08-31]" classname="org.threeten.extra.chrono.TestCopticChronology" time="0"/>
  <testcase name="test_plusDays[10: Coptic AM 2-01-01, 0285-08-29]" classname="org.threeten.extra.chrono.TestCopticChronology" time="0"/>
  <testcase name="test_plusDays[11: Coptic AM 3-01-01, 0286-08-29]" classname="org.threeten.extra.chrono.TestCopticChronology" time="0"/>
  <testcase name="test_plusDays[12: Coptic AM 3-13-06, 0287-08-29]" classname="org.threeten.extra.chrono.TestCopticChronology" time="0"/>
  <testcase name="test_plusDays[13: Coptic AM 4-01-01, 0287-08-30]" classname="org.threeten.extra.chrono.TestCopticChronology" time="0"/>
  <testcase name="test_plusDays[14: Coptic AM 4-07-03, 0288-02-28]" classname="org.threeten.extra.chrono.TestCopticChronology" time="0"/>
  <testcase name="test_plusDays[15: Coptic AM 4-07-04, 0288-02-29]" classname="org.threeten.extra.chrono.TestCopticChronology" time="0"/>
  <testcase name="test_plusDays[16: Coptic AM 5-01-01, 0288-08-29]" classname="org.threeten.extra.chrono.TestCopticChronology" time="0"/>
  <testcase name="test_plusDays[17: Coptic AM 1662-03-03, 1945-11-12]" classname="org.threeten.extra.chrono.TestCopticChronology" time="0"/>
  <testcase name="test_plusDays[18: Coptic AM 1728-10-28, 2012-07-05]" classname="org.threeten.extra.chrono.TestCopticChronology" time="0"/>
  <testcase name="test_plusDays[19: Coptic AM 1728-10-29, 2012-07-06]" classname="org.threeten.extra.chrono.TestCopticChronology" time="0"/>
  <testcase name="test_minusDays[0: Coptic BEFORE_AM 2-13-06, 0283-08-29]" classname="org.threeten.extra.chrono.TestCopticChronology" time="0"/>
  <testcase name="test_minusDays[1: Coptic BEFORE_AM 1-01-01, 0283-08-30]" classname="org.threeten.extra.chrono.TestCopticChronology" time="0"/>
  <testcase name="test_minusDays[2: Coptic BEFORE_AM 1-01-30, 0283-09-28]" classname="org.threeten.extra.chrono.TestCopticChronology" time="0"/>
  <testcase name="test_minusDays[3: Coptic BEFORE_AM 1-12-30, 0284-08-23]" classname="org.threeten.extra.chrono.TestCopticChronology" time="0"/>
  <testcase name="test_minusDays[4: Coptic BEFORE_AM 1-13-01, 0284-08-24]" classname="org.threeten.extra.chrono.TestCopticChronology" time="0"/>
  <testcase name="test_minusDays[5: Coptic BEFORE_AM 1-13-05, 0284-08-28]" classname="org.threeten.extra.chrono.TestCopticChronology" time="0"/>
  <testcase name="test_minusDays[6: Coptic BEFORE_AM 1-13-04, 0284-08-27]" classname="org.threeten.extra.chrono.TestCopticChronology" time="0"/>
  <testcase name="test_minusDays[7: Coptic AM 1-01-01, 0284-08-29]" classname="org.threeten.extra.chrono.TestCopticChronology" time="0"/>
  <testcase name="test_minusDays[8: Coptic AM 1-01-02, 0284-08-30]" classname="org.threeten.extra.chrono.TestCopticChronology" time="0"/>
  <testcase name="test_minusDays[9: Coptic AM 1-01-03, 0284-08-31]" classname="org.threeten.extra.chrono.TestCopticChronology" time="0"/>
  <testcase name="test_minusDays[10: Coptic AM 2-01-01, 0285-08-29]" classname="org.threeten.extra.chrono.TestCopticChronology" time="0"/>
  <testcase name="test_minusDays[11: Coptic AM 3-01-01, 0286-08-29]" classname="org.threeten.extra.chrono.TestCopticChronology" time="0"/>
  <testcase name="test_minusDays[12: Coptic AM 3-13-06, 0287-08-29]" classname="org.threeten.extra.chrono.TestCopticChronology" time="0"/>
  <testcase name="test_minusDays[13: Coptic AM 4-01-01, 0287-08-30]" classname="org.threeten.extra.chrono.TestCopticChronology" time="0"/>
  <testcase name="test_minusDays[14: Coptic AM 4-07-03, 0288-02-28]" classname="org.threeten.extra.chrono.TestCopticChronology" time="0"/>
  <testcase name="test_minusDays[15: Coptic AM 4-07-04, 0288-02-29]" classname="org.threeten.extra.chrono.TestCopticChronology" time="0.001"/>
  <testcase name="test_minusDays[16: Coptic AM 5-01-01, 0288-08-29]" classname="org.threeten.extra.chrono.TestCopticChronology" time="0"/>
  <testcase name="test_minusDays[17: Coptic AM 1662-03-03, 1945-11-12]" classname="org.threeten.extra.chrono.TestCopticChronology" time="0"/>
  <testcase name="test_minusDays[18: Coptic AM 1728-10-28, 2012-07-05]" classname="org.threeten.extra.chrono.TestCopticChronology" time="0"/>
  <testcase name="test_minusDays[19: Coptic AM 1728-10-29, 2012-07-06]" classname="org.threeten.extra.chrono.TestCopticChronology" time="0"/>
  <testcase name="test_toString[0: Coptic AM 1-01-01, Coptic AM 1-01-01]" classname="org.threeten.extra.chrono.TestCopticChronology" time="0"/>
  <testcase name="test_toString[1: Coptic AM 1728-10-28, Coptic AM 1728-10-28]" classname="org.threeten.extra.chrono.TestCopticChronology" time="0"/>
  <testcase name="test_toString[2: Coptic AM 1728-10-29, Coptic AM 1728-10-29]" classname="org.threeten.extra.chrono.TestCopticChronology" time="0"/>
  <testcase name="test_toString[3: Coptic AM 1727-13-05, Coptic AM 1727-13-05]" classname="org.threeten.extra.chrono.TestCopticChronology" time="0"/>
  <testcase name="test_toString[4: Coptic AM 1727-13-06, Coptic AM 1727-13-06]" classname="org.threeten.extra.chrono.TestCopticChronology" time="0"/>
  <testcase name="test_plus_TemporalUnit_unsupported" classname="org.threeten.extra.chrono.TestCopticChronology" time="0"/>
  <testcase name="test_LocalDate_until_CopticDate[0: Coptic BEFORE_AM 2-13-06, 0283-08-29]" classname="org.threeten.extra.chrono.TestCopticChronology" time="0"/>
  <testcase name="test_LocalDate_until_CopticDate[1: Coptic BEFORE_AM 1-01-01, 0283-08-30]" classname="org.threeten.extra.chrono.TestCopticChronology" time="0"/>
  <testcase name="test_LocalDate_until_CopticDate[2: Coptic BEFORE_AM 1-01-30, 0283-09-28]" classname="org.threeten.extra.chrono.TestCopticChronology" time="0"/>
  <testcase name="test_LocalDate_until_CopticDate[3: Coptic BEFORE_AM 1-12-30, 0284-08-23]" classname="org.threeten.extra.chrono.TestCopticChronology" time="0"/>
  <testcase name="test_LocalDate_until_CopticDate[4: Coptic BEFORE_AM 1-13-01, 0284-08-24]" classname="org.threeten.extra.chrono.TestCopticChronology" time="0"/>
  <testcase name="test_LocalDate_until_CopticDate[5: Coptic BEFORE_AM 1-13-05, 0284-08-28]" classname="org.threeten.extra.chrono.TestCopticChronology" time="0"/>
  <testcase name="test_LocalDate_until_CopticDate[6: Coptic BEFORE_AM 1-13-04, 0284-08-27]" classname="org.threeten.extra.chrono.TestCopticChronology" time="0"/>
  <testcase name="test_LocalDate_until_CopticDate[7: Coptic AM 1-01-01, 0284-08-29]" classname="org.threeten.extra.chrono.TestCopticChronology" time="0.001"/>
  <testcase name="test_LocalDate_until_CopticDate[8: Coptic AM 1-01-02, 0284-08-30]" classname="org.threeten.extra.chrono.TestCopticChronology" time="0"/>
  <testcase name="test_LocalDate_until_CopticDate[9: Coptic AM 1-01-03, 0284-08-31]" classname="org.threeten.extra.chrono.TestCopticChronology" time="0"/>
  <testcase name="test_LocalDate_until_CopticDate[10: Coptic AM 2-01-01, 0285-08-29]" classname="org.threeten.extra.chrono.TestCopticChronology" time="0"/>
  <testcase name="test_LocalDate_until_CopticDate[11: Coptic AM 3-01-01, 0286-08-29]" classname="org.threeten.extra.chrono.TestCopticChronology" time="0"/>
  <testcase name="test_LocalDate_until_CopticDate[12: Coptic AM 3-13-06, 0287-08-29]" classname="org.threeten.extra.chrono.TestCopticChronology" time="0"/>
  <testcase name="test_LocalDate_until_CopticDate[13: Coptic AM 4-01-01, 0287-08-30]" classname="org.threeten.extra.chrono.TestCopticChronology" time="0"/>
  <testcase name="test_LocalDate_until_CopticDate[14: Coptic AM 4-07-03, 0288-02-28]" classname="org.threeten.extra.chrono.TestCopticChronology" time="0"/>
  <testcase name="test_LocalDate_until_CopticDate[15: Coptic AM 4-07-04, 0288-02-29]" classname="org.threeten.extra.chrono.TestCopticChronology" time="0"/>
  <testcase name="test_LocalDate_until_CopticDate[16: Coptic AM 5-01-01, 0288-08-29]" classname="org.threeten.extra.chrono.TestCopticChronology" time="0"/>
  <testcase name="test_LocalDate_until_CopticDate[17: Coptic AM 1662-03-03, 1945-11-12]" classname="org.threeten.extra.chrono.TestCopticChronology" time="0"/>
  <testcase name="test_LocalDate_until_CopticDate[18: Coptic AM 1728-10-28, 2012-07-05]" classname="org.threeten.extra.chrono.TestCopticChronology" time="0"/>
  <testcase name="test_LocalDate_until_CopticDate[19: Coptic AM 1728-10-29, 2012-07-06]" classname="org.threeten.extra.chrono.TestCopticChronology" time="0"/>
  <testcase name="test_prolepticYear_specific" classname="org.threeten.extra.chrono.TestCopticChronology" time="0"/>
  <testcase name="test_until_TemporalUnit[0: 1726, 5, 26, 1726, 5, 26, Days, 0]" classname="org.threeten.extra.chrono.TestCopticChronology" time="0"/>
  <testcase name="test_until_TemporalUnit[1: 1726, 5, 26, 1726, 6, 1, Days, 5]" classname="org.threeten.extra.chrono.TestCopticChronology" time="0"/>
  <testcase name="test_until_TemporalUnit[2: 1726, 5, 26, 1726, 5, 20, Days, -6]" classname="org.threeten.extra.chrono.TestCopticChronology" time="0"/>
  <testcase name="test_until_TemporalUnit[3: 1726, 5, 26, 1726, 5, 26, Weeks, 0]" classname="org.threeten.extra.chrono.TestCopticChronology" time="0"/>
  <testcase name="test_until_TemporalUnit[4: 1726, 5, 26, 1726, 6, 2, Weeks, 0]" classname="org.threeten.extra.chrono.TestCopticChronology" time="0"/>
  <testcase name="test_until_TemporalUnit[5: 1726, 5, 26, 1726, 6, 3, Weeks, 1]" classname="org.threeten.extra.chrono.TestCopticChronology" time="0"/>
  <testcase name="test_until_TemporalUnit[6: 1726, 5, 26, 1726, 5, 26, Months, 0]" classname="org.threeten.extra.chrono.TestCopticChronology" time="0"/>
  <testcase name="test_until_TemporalUnit[7: 1726, 5, 26, 1726, 6, 25, Months, 0]" classname="org.threeten.extra.chrono.TestCopticChronology" time="0"/>
  <testcase name="test_until_TemporalUnit[8: 1726, 5, 26, 1726, 6, 26, Months, 1]" classname="org.threeten.extra.chrono.TestCopticChronology" time="0"/>
  <testcase name="test_until_TemporalUnit[9: 1726, 5, 26, 1726, 5, 26, Years, 0]" classname="org.threeten.extra.chrono.TestCopticChronology" time="0"/>
  <testcase name="test_until_TemporalUnit[10: 1726, 5, 26, 1727, 5, 25, Years, 0]" classname="org.threeten.extra.chrono.TestCopticChronology" time="0"/>
  <testcase name="test_until_TemporalUnit[11: 1726, 5, 26, 1727, 5, 26, Years, 1]" classname="org.threeten.extra.chrono.TestCopticChronology" time="0"/>
  <testcase name="test_until_TemporalUnit[12: 1726, 5, 26, 1726, 5, 26, Decades, 0]" classname="org.threeten.extra.chrono.TestCopticChronology" time="0"/>
  <testcase name="test_until_TemporalUnit[13: 1726, 5, 26, 1736, 5, 25, Decades, 0]" classname="org.threeten.extra.chrono.TestCopticChronology" time="0"/>
  <testcase name="test_until_TemporalUnit[14: 1726, 5, 26, 1736, 5, 26, Decades, 1]" classname="org.threeten.extra.chrono.TestCopticChronology" time="0.004"/>
  <testcase name="test_until_TemporalUnit[15: 1726, 5, 26, 1726, 5, 26, Centuries, 0]" classname="org.threeten.extra.chrono.TestCopticChronology" time="0"/>
  <testcase name="test_until_TemporalUnit[16: 1726, 5, 26, 1826, 5, 25, Centuries, 0]" classname="org.threeten.extra.chrono.TestCopticChronology" time="0"/>
  <testcase name="test_until_TemporalUnit[17: 1726, 5, 26, 1826, 5, 26, Centuries, 1]" classname="org.threeten.extra.chrono.TestCopticChronology" time="0"/>
  <testcase name="test_until_TemporalUnit[18: 1726, 5, 26, 1726, 5, 26, Millennia, 0]" classname="org.threeten.extra.chrono.TestCopticChronology" time="0"/>
  <testcase name="test_until_TemporalUnit[19: 1726, 5, 26, 2726, 5, 25, Millennia, 0]" classname="org.threeten.extra.chrono.TestCopticChronology" time="0"/>
  <testcase name="test_until_TemporalUnit[20: 1726, 5, 26, 2726, 5, 26, Millennia, 1]" classname="org.threeten.extra.chrono.TestCopticChronology" time="0"/>
  <testcase name="test_adjust1" classname="org.threeten.extra.chrono.TestCopticChronology" time="0"/>
  <testcase name="test_adjust2" classname="org.threeten.extra.chrono.TestCopticChronology" time="0"/>
  <testcase name="test_CopticDate_until_LocalDate[0: Coptic BEFORE_AM 2-13-06, 0283-08-29]" classname="org.threeten.extra.chrono.TestCopticChronology" time="0"/>
  <testcase name="test_CopticDate_until_LocalDate[1: Coptic BEFORE_AM 1-01-01, 0283-08-30]" classname="org.threeten.extra.chrono.TestCopticChronology" time="0"/>
  <testcase name="test_CopticDate_until_LocalDate[2: Coptic BEFORE_AM 1-01-30, 0283-09-28]" classname="org.threeten.extra.chrono.TestCopticChronology" time="0"/>
  <testcase name="test_CopticDate_until_LocalDate[3: Coptic BEFORE_AM 1-12-30, 0284-08-23]" classname="org.threeten.extra.chrono.TestCopticChronology" time="0"/>
  <testcase name="test_CopticDate_until_LocalDate[4: Coptic BEFORE_AM 1-13-01, 0284-08-24]" classname="org.threeten.extra.chrono.TestCopticChronology" time="0"/>
  <testcase name="test_CopticDate_until_LocalDate[5: Coptic BEFORE_AM 1-13-05, 0284-08-28]" classname="org.threeten.extra.chrono.TestCopticChronology" time="0"/>
  <testcase name="test_CopticDate_until_LocalDate[6: Coptic BEFORE_AM 1-13-04, 0284-08-27]" classname="org.threeten.extra.chrono.TestCopticChronology" time="0"/>
  <testcase name="test_CopticDate_until_LocalDate[7: Coptic AM 1-01-01, 0284-08-29]" classname="org.threeten.extra.chrono.TestCopticChronology" time="0"/>
  <testcase name="test_CopticDate_until_LocalDate[8: Coptic AM 1-01-02, 0284-08-30]" classname="org.threeten.extra.chrono.TestCopticChronology" time="0"/>
  <testcase name="test_CopticDate_until_LocalDate[9: Coptic AM 1-01-03, 0284-08-31]" classname="org.threeten.extra.chrono.TestCopticChronology" time="0"/>
  <testcase name="test_CopticDate_until_LocalDate[10: Coptic AM 2-01-01, 0285-08-29]" classname="org.threeten.extra.chrono.TestCopticChronology" time="0"/>
  <testcase name="test_CopticDate_until_LocalDate[11: Coptic AM 3-01-01, 0286-08-29]" classname="org.threeten.extra.chrono.TestCopticChronology" time="0"/>
  <testcase name="test_CopticDate_until_LocalDate[12: Coptic AM 3-13-06, 0287-08-29]" classname="org.threeten.extra.chrono.TestCopticChronology" time="0"/>
  <testcase name="test_CopticDate_until_LocalDate[13: Coptic AM 4-01-01, 0287-08-30]" classname="org.threeten.extra.chrono.TestCopticChronology" time="0"/>
  <testcase name="test_CopticDate_until_LocalDate[14: Coptic AM 4-07-03, 0288-02-28]" classname="org.threeten.extra.chrono.TestCopticChronology" time="0"/>
  <testcase name="test_CopticDate_until_LocalDate[15: Coptic AM 4-07-04, 0288-02-29]" classname="org.threeten.extra.chrono.TestCopticChronology" time="0"/>
  <testcase name="test_CopticDate_until_LocalDate[16: Coptic AM 5-01-01, 0288-08-29]" classname="org.threeten.extra.chrono.TestCopticChronology" time="0"/>
  <testcase name="test_CopticDate_until_LocalDate[17: Coptic AM 1662-03-03, 1945-11-12]" classname="org.threeten.extra.chrono.TestCopticChronology" time="0"/>
  <testcase name="test_CopticDate_until_LocalDate[18: Coptic AM 1728-10-28, 2012-07-05]" classname="org.threeten.extra.chrono.TestCopticChronology" time="0"/>
  <testcase name="test_CopticDate_until_LocalDate[19: Coptic AM 1728-10-29, 2012-07-06]" classname="org.threeten.extra.chrono.TestCopticChronology" time="0"/>
  <testcase name="test_isLeapYear_loop" classname="org.threeten.extra.chrono.TestCopticChronology" time="0"/>
  <testcase name="test_range[0: 1727, 1, 23, DayOfMonth, 1, 30]" classname="org.threeten.extra.chrono.TestCopticChronology" time="0"/>
  <testcase name="test_range[1: 1727, 2, 23, DayOfMonth, 1, 30]" classname="org.threeten.extra.chrono.TestCopticChronology" time="0"/>
  <testcase name="test_range[2: 1727, 3, 23, DayOfMonth, 1, 30]" classname="org.threeten.extra.chrono.TestCopticChronology" time="0"/>
  <testcase name="test_range[3: 1727, 4, 23, DayOfMonth, 1, 30]" classname="org.threeten.extra.chrono.TestCopticChronology" time="0"/>
  <testcase name="test_range[4: 1727, 5, 23, DayOfMonth, 1, 30]" classname="org.threeten.extra.chrono.TestCopticChronology" time="0"/>
  <testcase name="test_range[5: 1727, 6, 23, DayOfMonth, 1, 30]" classname="org.threeten.extra.chrono.TestCopticChronology" time="0"/>
  <testcase name="test_range[6: 1727, 7, 23, DayOfMonth, 1, 30]" classname="org.threeten.extra.chrono.TestCopticChronology" time="0"/>
  <testcase name="test_range[7: 1727, 8, 23, DayOfMonth, 1, 30]" classname="org.threeten.extra.chrono.TestCopticChronology" time="0"/>
  <testcase name="test_range[8: 1727, 9, 23, DayOfMonth, 1, 30]" classname="org.threeten.extra.chrono.TestCopticChronology" time="0"/>
  <testcase name="test_range[9: 1727, 10, 23, DayOfMonth, 1, 30]" classname="org.threeten.extra.chrono.TestCopticChronology" time="0"/>
  <testcase name="test_range[10: 1727, 11, 23, DayOfMonth, 1, 30]" classname="org.threeten.extra.chrono.TestCopticChronology" time="0"/>
  <testcase name="test_range[11: 1727, 12, 23, DayOfMonth, 1, 30]" classname="org.threeten.extra.chrono.TestCopticChronology" time="0"/>
  <testcase name="test_range[12: 1727, 13, 2, DayOfMonth, 1, 6]" classname="org.threeten.extra.chrono.TestCopticChronology" time="0"/>
  <testcase name="test_range[13: 1727, 1, 23, DayOfYear, 1, 366]" classname="org.threeten.extra.chrono.TestCopticChronology" time="0"/>
  <testcase name="test_range[14: 1727, 1, 23, AlignedWeekOfMonth, 1, 5]" classname="org.threeten.extra.chrono.TestCopticChronology" time="0"/>
  <testcase name="test_range[15: 1727, 12, 23, AlignedWeekOfMonth, 1, 5]" classname="org.threeten.extra.chrono.TestCopticChronology" time="0"/>
  <testcase name="test_range[16: 1727, 13, 2, AlignedWeekOfMonth, 1, 1]" classname="org.threeten.extra.chrono.TestCopticChronology" time="0"/>
  <testcase name="test_range[17: 1726, 13, 2, DayOfMonth, 1, 5]" classname="org.threeten.extra.chrono.TestCopticChronology" time="0"/>
  <testcase name="test_range[18: 1726, 13, 2, DayOfYear, 1, 365]" classname="org.threeten.extra.chrono.TestCopticChronology" time="0"/>
  <testcase name="test_range[19: 1726, 13, 2, AlignedWeekOfMonth, 1, 1]" classname="org.threeten.extra.chrono.TestCopticChronology" time="0"/>
  <testcase name="test_range[20: 1726, 2, 23, DayOfWeek[WeekFields[MONDAY,4]], 1, 7]" classname="org.threeten.extra.chrono.TestCopticChronology" time="0"/>
</testsuite>