<?xml version="1.0" encoding="UTF-8"?>
<testsuite xmlns:xsi="http://www.w3.org/2001/XMLSchema-instance" xsi:schemaLocation="https://maven.apache.org/surefire/maven-surefire-plugin/xsd/surefire-test-report.xsd" name="org.threeten.extra.chrono.TestPaxChronology" time="0.046" tests="849" errors="0" skipped="0" failures="0">
  <properties>
    <property name="java.runtime.name" value="OpenJDK Runtime Environment"/>
    <property name="sun.boot.library.path" value="/usr/local/openjdk-8/jre/lib/amd64"/>
    <property name="java.vm.version" value="25.262-b10"/>
    <property name="animal.sniffer.skip" value="true"/>
    <property name="java.vm.vendor" value="Oracle Corporation"/>
    <property name="maven.multiModuleProjectDirectory" value="/tmp/tmpykopg0s2/threeten-extra"/>
    <property name="maven.javadoc.skip" value="true"/>
    <property name="java.vendor.url" value="http://java.oracle.com/"/>
    <property name="path.separator" value=":"/>
    <property name="guice.disable.misplaced.annotation.check" value="true"/>
    <property name="java.vm.name" value="OpenJDK 64-Bit Server VM"/>
    <property name="file.encoding.pkg" value="sun.io"/>
    <property name="sun.java.launcher" value="SUN_STANDARD"/>
    <property name="sun.os.patch.level" value="unknown"/>
    <property name="source.skip" value="true"/>
    <property name="java.vm.specification.name" value="Java Virtual Machine Specification"/>
    <property name="user.dir" value="/tmp/tmpykopg0s2/threeten-extra"/>
    <property name="java.runtime.version" value="1.8.0_262-b10"/>
    <property name="java.awt.graphicsenv" value="sun.awt.X11GraphicsEnvironment"/>
    <property name="java.endorsed.dirs" value="/usr/local/openjdk-8/jre/lib/endorsed"/>
    <property name="os.arch" value="amd64"/>
    <property name="java.io.tmpdir" value="/tmp"/>
    <property name="line.separator" value="&#10;"/>
    <property name="java.vm.specification.vendor" value="Oracle Corporation"/>
    <property name="os.name" value="Linux"/>
    <property name="classworlds.conf" value="/usr/share/maven/bin/m2.conf"/>
    <property name="sun.jnu.encoding" value="UTF-8"/>
    <property name="java.library.path" value="/usr/java/packages/lib/amd64:/usr/lib64:/lib64:/lib:/usr/lib"/>
    <property name="license.skip" value="true"/>
    <property name="maven.conf" value="/usr/share/maven/conf"/>
    <property name="java.specification.name" value="Java Platform API Specification"/>
    <property name="java.class.version" value="52.0"/>
    <property name="sun.management.compiler" value="HotSpot 64-Bit Tiered Compilers"/>
    <property name="maven.test.failure.ignore" value="true"/>
    <property name="os.version" value="4.15.0-109-generic"/>
    <property name="library.jansi.path" value="/usr/share/maven/lib/jansi-native"/>
    <property name="user.home" value="/home/jdbl"/>
    <property name="user.timezone" value="Etc/UTC"/>
    <property name="java.awt.printerjob" value="sun.print.PSPrinterJob"/>
    <property name="java.specification.version" value="1.8"/>
    <property name="file.encoding" value="UTF-8"/>
    <property name="user.name" value="jdbl"/>
    <property name="java.class.path" value="/usr/share/maven/boot/plexus-classworlds-2.6.0.jar"/>
    <property name="java.vm.specification.version" value="1.8"/>
    <property name="sun.arch.data.model" value="64"/>
    <property name="java.home" value="/usr/local/openjdk-8/jre"/>
    <property name="sun.java.command" value="org.codehaus.plexus.classworlds.launcher.Launcher test -e --fail-never -ntp -Dmaven.test.failure.ignore=true -B -Dmaven.javadoc.skip=true -Drat.skip=true -Danimal.sniffer.skip=true -Dmaven.javadoc.skip=true -Dlicense.skip=true -Dsource.skip=true"/>
    <property name="java.specification.vendor" value="Oracle Corporation"/>
    <property name="user.language" value="en"/>
    <property name="awt.toolkit" value="sun.awt.X11.XToolkit"/>
    <property name="java.vm.info" value="mixed mode"/>
    <property name="java.version" value="1.8.0_262"/>
    <property name="java.ext.dirs" value="/usr/local/openjdk-8/jre/lib/ext:/usr/java/packages/lib/ext"/>
    <property name="securerandom.source" value="file:/dev/./urandom"/>
    <property name="sun.boot.class.path" value="/usr/local/openjdk-8/jre/lib/resources.jar:/usr/local/openjdk-8/jre/lib/rt.jar:/usr/local/openjdk-8/jre/lib/sunrsasign.jar:/usr/local/openjdk-8/jre/lib/jsse.jar:/usr/local/openjdk-8/jre/lib/jce.jar:/usr/local/openjdk-8/jre/lib/charsets.jar:/usr/local/openjdk-8/jre/lib/jfr.jar:/usr/local/openjdk-8/jre/classes"/>
    <property name="java.vendor" value="Oracle Corporation"/>
    <property name="rat.skip" value="true"/>
    <property name="maven.home" value="/usr/share/maven"/>
    <property name="file.separator" value="/"/>
    <property name="java.vendor.url.bug" value="http://bugreport.sun.com/bugreport/"/>
    <property name="sun.cpu.endian" value="little"/>
    <property name="sun.io.unicode.encoding" value="UnicodeLittle"/>
    <property name="sun.cpu.isalist" value=""/>
  </properties>
  <testcase name="test_with_TemporalField[0: 2014, 5, 26, DayOfWeek, 3, 2014, 5, 25]" classname="org.threeten.extra.chrono.TestPaxChronology" time="0"/>
  <testcase name="test_with_TemporalField[1: 2014, 5, 26, DayOfWeek, 4, 2014, 5, 26]" classname="org.threeten.extra.chrono.TestPaxChronology" time="0"/>
  <testcase name="test_with_TemporalField[2: 2014, 5, 26, DayOfMonth, 28, 2014, 5, 28]" classname="org.threeten.extra.chrono.TestPaxChronology" time="0"/>
  <testcase name="test_with_TemporalField[3: 2014, 5, 26, DayOfMonth, 26, 2014, 5, 26]" classname="org.threeten.extra.chrono.TestPaxChronology" time="0"/>
  <testcase name="test_with_TemporalField[4: 2014, 5, 26, DayOfYear, 364, 2014, 13, 28]" classname="org.threeten.extra.chrono.TestPaxChronology" time="0"/>
  <testcase name="test_with_TemporalField[5: 2014, 5, 26, DayOfYear, 138, 2014, 5, 26]" classname="org.threeten.extra.chrono.TestPaxChronology" time="0"/>
  <testcase name="test_with_TemporalField[6: 2014, 5, 26, AlignedDayOfWeekInMonth, 3, 2014, 5, 24]" classname="org.threeten.extra.chrono.TestPaxChronology" time="0"/>
  <testcase name="test_with_TemporalField[7: 2014, 5, 26, AlignedDayOfWeekInMonth, 5, 2014, 5, 26]" classname="org.threeten.extra.chrono.TestPaxChronology" time="0"/>
  <testcase name="test_with_TemporalField[8: 2014, 5, 26, AlignedWeekOfMonth, 1, 2014, 5, 5]" classname="org.threeten.extra.chrono.TestPaxChronology" time="0"/>
  <testcase name="test_with_TemporalField[9: 2014, 5, 26, AlignedWeekOfMonth, 4, 2014, 5, 26]" classname="org.threeten.extra.chrono.TestPaxChronology" time="0"/>
  <testcase name="test_with_TemporalField[10: 2014, 5, 26, AlignedDayOfWeekInYear, 3, 2014, 5, 24]" classname="org.threeten.extra.chrono.TestPaxChronology" time="0"/>
  <testcase name="test_with_TemporalField[11: 2014, 5, 26, AlignedDayOfWeekInYear, 5, 2014, 5, 26]" classname="org.threeten.extra.chrono.TestPaxChronology" time="0"/>
  <testcase name="test_with_TemporalField[12: 2014, 5, 26, AlignedWeekOfYear, 23, 2014, 6, 19]" classname="org.threeten.extra.chrono.TestPaxChronology" time="0"/>
  <testcase name="test_with_TemporalField[13: 2014, 5, 26, AlignedWeekOfYear, 20, 2014, 5, 26]" classname="org.threeten.extra.chrono.TestPaxChronology" time="0"/>
  <testcase name="test_with_TemporalField[14: 2014, 5, 26, MonthOfYear, 7, 2014, 7, 26]" classname="org.threeten.extra.chrono.TestPaxChronology" time="0"/>
  <testcase name="test_with_TemporalField[15: 2014, 5, 26, MonthOfYear, 5, 2014, 5, 26]" classname="org.threeten.extra.chrono.TestPaxChronology" time="0"/>
  <testcase name="test_with_TemporalField[16: 2014, 5, 26, ProlepticMonth, 26528, 2013, 3, 26]" classname="org.threeten.extra.chrono.TestPaxChronology" time="0"/>
  <testcase name="test_with_TemporalField[17: 2014, 5, 26, ProlepticMonth, 26530, 2013, 5, 26]" classname="org.threeten.extra.chrono.TestPaxChronology" time="0"/>
  <testcase name="test_with_TemporalField[18: 2014, 5, 26, Year, 2012, 2012, 5, 26]" classname="org.threeten.extra.chrono.TestPaxChronology" time="0"/>
  <testcase name="test_with_TemporalField[19: 2014, 5, 26, Year, 2014, 2014, 5, 26]" classname="org.threeten.extra.chrono.TestPaxChronology" time="0"/>
  <testcase name="test_with_TemporalField[20: 2014, 5, 26, YearOfEra, 2012, 2012, 5, 26]" classname="org.threeten.extra.chrono.TestPaxChronology" time="0"/>
  <testcase name="test_with_TemporalField[21: 2014, 5, 26, YearOfEra, 2014, 2014, 5, 26]" classname="org.threeten.extra.chrono.TestPaxChronology" time="0"/>
  <testcase name="test_with_TemporalField[22: 2014, 5, 26, Era, 0, -2013, 5, 26]" classname="org.threeten.extra.chrono.TestPaxChronology" time="0"/>
  <testcase name="test_with_TemporalField[23: 2014, 5, 26, Era, 1, 2014, 5, 26]" classname="org.threeten.extra.chrono.TestPaxChronology" time="0"/>
  <testcase name="test_with_TemporalField[24: 2011, 3, 28, MonthOfYear, 13, 2011, 13, 28]" classname="org.threeten.extra.chrono.TestPaxChronology" time="0"/>
  <testcase name="test_with_TemporalField[25: 2012, 3, 28, MonthOfYear, 13, 2012, 13, 7]" classname="org.threeten.extra.chrono.TestPaxChronology" time="0"/>
  <testcase name="test_with_TemporalField[26: 2012, 3, 28, MonthOfYear, 6, 2012, 6, 28]" classname="org.threeten.extra.chrono.TestPaxChronology" time="0"/>
  <testcase name="test_with_TemporalField[27: 2012, 13, 7, Year, 2011, 2011, 13, 7]" classname="org.threeten.extra.chrono.TestPaxChronology" time="0"/>
  <testcase name="test_with_TemporalField[28: -2013, 6, 8, YearOfEra, 2012, -2011, 6, 8]" classname="org.threeten.extra.chrono.TestPaxChronology" time="0"/>
  <testcase name="test_with_TemporalField[29: 2014, 5, 26, DayOfWeek[WeekFields[MONDAY,4]], 3, 2014, 5, 25]" classname="org.threeten.extra.chrono.TestPaxChronology" time="0"/>
  <testcase name="test_plus_Period_ISO" classname="org.threeten.extra.chrono.TestPaxChronology" time="0"/>
  <testcase name="test_until_DAYS[0: Pax CE 1-01-01, 0000-12-31]" classname="org.threeten.extra.chrono.TestPaxChronology" time="0.001"/>
  <testcase name="test_until_DAYS[1: Pax CE 1-01-02, 0001-01-01]" classname="org.threeten.extra.chrono.TestPaxChronology" time="0"/>
  <testcase name="test_until_DAYS[2: Pax CE 1-01-03, 0001-01-02]" classname="org.threeten.extra.chrono.TestPaxChronology" time="0"/>
  <testcase name="test_until_DAYS[3: Pax CE 1-01-28, 0001-01-27]" classname="org.threeten.extra.chrono.TestPaxChronology" time="0"/>
  <testcase name="test_until_DAYS[4: Pax CE 1-02-01, 0001-01-28]" classname="org.threeten.extra.chrono.TestPaxChronology" time="0"/>
  <testcase name="test_until_DAYS[5: Pax CE 1-02-02, 0001-01-29]" classname="org.threeten.extra.chrono.TestPaxChronology" time="0"/>
  <testcase name="test_until_DAYS[6: Pax CE 1-02-03, 0001-01-30]" classname="org.threeten.extra.chrono.TestPaxChronology" time="0"/>
  <testcase name="test_until_DAYS[7: Pax CE 6-13-06, 0006-12-01]" classname="org.threeten.extra.chrono.TestPaxChronology" time="0"/>
  <testcase name="test_until_DAYS[8: Pax CE 6-13-07, 0006-12-02]" classname="org.threeten.extra.chrono.TestPaxChronology" time="0"/>
  <testcase name="test_until_DAYS[9: Pax CE 6-14-01, 0006-12-03]" classname="org.threeten.extra.chrono.TestPaxChronology" time="0"/>
  <testcase name="test_until_DAYS[10: Pax CE 6-14-02, 0006-12-04]" classname="org.threeten.extra.chrono.TestPaxChronology" time="0"/>
  <testcase name="test_until_DAYS[11: Pax CE 6-14-03, 0006-12-05]" classname="org.threeten.extra.chrono.TestPaxChronology" time="0"/>
  <testcase name="test_until_DAYS[12: Pax CE 6-14-27, 0006-12-29]" classname="org.threeten.extra.chrono.TestPaxChronology" time="0"/>
  <testcase name="test_until_DAYS[13: Pax CE 6-14-28, 0006-12-30]" classname="org.threeten.extra.chrono.TestPaxChronology" time="0"/>
  <testcase name="test_until_DAYS[14: Pax CE 7-01-01, 0006-12-31]" classname="org.threeten.extra.chrono.TestPaxChronology" time="0.004"/>
  <testcase name="test_until_DAYS[15: Pax CE 7-01-02, 0007-01-01]" classname="org.threeten.extra.chrono.TestPaxChronology" time="0"/>
  <testcase name="test_until_DAYS[16: Pax CE 399-13-06, 0399-12-03]" classname="org.threeten.extra.chrono.TestPaxChronology" time="0"/>
  <testcase name="test_until_DAYS[17: Pax CE 399-13-07, 0399-12-04]" classname="org.threeten.extra.chrono.TestPaxChronology" time="0"/>
  <testcase name="test_until_DAYS[18: Pax CE 399-14-01, 0399-12-05]" classname="org.threeten.extra.chrono.TestPaxChronology" time="0"/>
  <testcase name="test_until_DAYS[19: Pax CE 399-14-02, 0399-12-06]" classname="org.threeten.extra.chrono.TestPaxChronology" time="0"/>
  <testcase name="test_until_DAYS[20: Pax CE 399-14-03, 0399-12-07]" classname="org.threeten.extra.chrono.TestPaxChronology" time="0"/>
  <testcase name="test_until_DAYS[21: Pax CE 400-13-27, 0400-12-29]" classname="org.threeten.extra.chrono.TestPaxChronology" time="0"/>
  <testcase name="test_until_DAYS[22: Pax CE 400-13-28, 0400-12-30]" classname="org.threeten.extra.chrono.TestPaxChronology" time="0"/>
  <testcase name="test_until_DAYS[23: Pax CE 401-01-01, 0400-12-31]" classname="org.threeten.extra.chrono.TestPaxChronology" time="0"/>
  <testcase name="test_until_DAYS[24: Pax CE 401-01-02, 0401-01-01]" classname="org.threeten.extra.chrono.TestPaxChronology" time="0"/>
  <testcase name="test_until_DAYS[25: Pax CE 401-01-03, 0401-01-02]" classname="org.threeten.extra.chrono.TestPaxChronology" time="0"/>
  <testcase name="test_until_DAYS[26: Pax BCE 1-13-28, 0000-12-30]" classname="org.threeten.extra.chrono.TestPaxChronology" time="0"/>
  <testcase name="test_until_DAYS[27: Pax BCE 1-13-27, 0000-12-29]" classname="org.threeten.extra.chrono.TestPaxChronology" time="0"/>
  <testcase name="test_until_DAYS[28: Pax CE 1582-10-05, 1582-09-09]" classname="org.threeten.extra.chrono.TestPaxChronology" time="0"/>
  <testcase name="test_until_DAYS[29: Pax CE 1582-10-06, 1582-09-10]" classname="org.threeten.extra.chrono.TestPaxChronology" time="0"/>
  <testcase name="test_until_DAYS[30: Pax CE 1945-10-28, 1945-10-06]" classname="org.threeten.extra.chrono.TestPaxChronology" time="0"/>
  <testcase name="test_until_DAYS[31: Pax CE 2012-06-23, 2012-06-04]" classname="org.threeten.extra.chrono.TestPaxChronology" time="0"/>
  <testcase name="test_until_DAYS[32: Pax CE 2012-06-24, 2012-06-05]" classname="org.threeten.extra.chrono.TestPaxChronology" time="0"/>
  <testcase name="test_until_DAYS[33: Pax BCE 7-01-01, -0006-01-02]" classname="org.threeten.extra.chrono.TestPaxChronology" time="0"/>
  <testcase name="test_until_DAYS[34: Pax BCE 7-13-06, -0006-12-09]" classname="org.threeten.extra.chrono.TestPaxChronology" time="0"/>
  <testcase name="test_until_DAYS[35: Pax BCE 7-13-07, -0006-12-10]" classname="org.threeten.extra.chrono.TestPaxChronology" time="0"/>
  <testcase name="test_until_DAYS[36: Pax BCE 7-14-01, -0006-12-11]" classname="org.threeten.extra.chrono.TestPaxChronology" time="0"/>
  <testcase name="test_until_DAYS[37: Pax BCE 7-14-02, -0006-12-12]" classname="org.threeten.extra.chrono.TestPaxChronology" time="0"/>
  <testcase name="test_until_DAYS[38: Pax BCE 7-14-27, -0005-01-06]" classname="org.threeten.extra.chrono.TestPaxChronology" time="0"/>
  <testcase name="test_until_DAYS[39: Pax BCE 7-14-28, -0005-01-07]" classname="org.threeten.extra.chrono.TestPaxChronology" time="0"/>
  <testcase name="test_until_DAYS[40: Pax BCE 6-01-01, -0005-01-08]" classname="org.threeten.extra.chrono.TestPaxChronology" time="0"/>
  <testcase name="test_until_DAYS[41: Pax BCE 6-01-02, -0005-01-09]" classname="org.threeten.extra.chrono.TestPaxChronology" time="0"/>
  <testcase name="test_until_DAYS[42: Pax BCE 100-01-01, -0099-01-06]" classname="org.threeten.extra.chrono.TestPaxChronology" time="0"/>
  <testcase name="test_until_DAYS[43: Pax BCE 100-13-06, -0099-12-13]" classname="org.threeten.extra.chrono.TestPaxChronology" time="0"/>
  <testcase name="test_until_DAYS[44: Pax BCE 100-13-07, -0099-12-14]" classname="org.threeten.extra.chrono.TestPaxChronology" time="0"/>
  <testcase name="test_until_DAYS[45: Pax BCE 100-14-01, -0099-12-15]" classname="org.threeten.extra.chrono.TestPaxChronology" time="0"/>
  <testcase name="test_until_DAYS[46: Pax BCE 100-14-02, -0099-12-16]" classname="org.threeten.extra.chrono.TestPaxChronology" time="0"/>
  <testcase name="test_until_DAYS[47: Pax BCE 101-01-01, -0101-12-31]" classname="org.threeten.extra.chrono.TestPaxChronology" time="0"/>
  <testcase name="test_until_DAYS[48: Pax BCE 101-13-06, -0100-12-07]" classname="org.threeten.extra.chrono.TestPaxChronology" time="0"/>
  <testcase name="test_until_DAYS[49: Pax BCE 101-13-07, -0100-12-08]" classname="org.threeten.extra.chrono.TestPaxChronology" time="0"/>
  <testcase name="test_until_DAYS[50: Pax BCE 101-14-01, -0100-12-09]" classname="org.threeten.extra.chrono.TestPaxChronology" time="0"/>
  <testcase name="test_until_DAYS[51: Pax BCE 101-14-02, -0100-12-10]" classname="org.threeten.extra.chrono.TestPaxChronology" time="0"/>
  <testcase name="test_until_TemporalUnit_unsupported" classname="org.threeten.extra.chrono.TestPaxChronology" time="0"/>
  <testcase name="test_chronology_of_name_id" classname="org.threeten.extra.chrono.TestPaxChronology" time="0"/>
  <testcase name="test_chronology_of_name" classname="org.threeten.extra.chrono.TestPaxChronology" time="0"/>
  <testcase name="test_chronology_dateYearDay_badDate" classname="org.threeten.extra.chrono.TestPaxChronology" time="0"/>
  <testcase name="test_getLong[0: 2014, 5, 26, DayOfWeek, 4]" classname="org.threeten.extra.chrono.TestPaxChronology" time="0"/>
  <testcase name="test_getLong[1: 2014, 5, 26, DayOfMonth, 26]" classname="org.threeten.extra.chrono.TestPaxChronology" time="0"/>
  <testcase name="test_getLong[2: 2014, 5, 26, DayOfYear, 138]" classname="org.threeten.extra.chrono.TestPaxChronology" time="0"/>
  <testcase name="test_getLong[3: 2014, 5, 26, AlignedDayOfWeekInMonth, 5]" classname="org.threeten.extra.chrono.TestPaxChronology" time="0"/>
  <testcase name="test_getLong[4: 2014, 5, 26, AlignedWeekOfMonth, 4]" classname="org.threeten.extra.chrono.TestPaxChronology" time="0"/>
  <testcase name="test_getLong[5: 2014, 5, 26, AlignedDayOfWeekInYear, 5]" classname="org.threeten.extra.chrono.TestPaxChronology" time="0"/>
  <testcase name="test_getLong[6: 2014, 5, 26, AlignedWeekOfYear, 20]" classname="org.threeten.extra.chrono.TestPaxChronology" time="0"/>
  <testcase name="test_getLong[7: 2014, 5, 26, MonthOfYear, 5]" classname="org.threeten.extra.chrono.TestPaxChronology" time="0"/>
  <testcase name="test_getLong[8: 2014, 5, 26, ProlepticMonth, 26543]" classname="org.threeten.extra.chrono.TestPaxChronology" time="0"/>
  <testcase name="test_getLong[9: 2014, 5, 26, Year, 2014]" classname="org.threeten.extra.chrono.TestPaxChronology" time="0"/>
  <testcase name="test_getLong[10: 2014, 5, 26, Era, 1]" classname="org.threeten.extra.chrono.TestPaxChronology" time="0"/>
  <testcase name="test_getLong[11: 1, 6, 8, Era, 1]" classname="org.threeten.extra.chrono.TestPaxChronology" time="0"/>
  <testcase name="test_getLong[12: 0, 6, 8, Era, 0]" classname="org.threeten.extra.chrono.TestPaxChronology" time="0"/>
  <testcase name="test_getLong[13: 2014, 5, 26, DayOfWeek[WeekFields[MONDAY,4]], 4]" classname="org.threeten.extra.chrono.TestPaxChronology" time="0"/>
  <testcase name="test_Chronology_eraOf" classname="org.threeten.extra.chrono.TestPaxChronology" time="0"/>
  <testcase name="test_minus_Period" classname="org.threeten.extra.chrono.TestPaxChronology" time="0"/>
  <testcase name="test_Chronology_range" classname="org.threeten.extra.chrono.TestPaxChronology" time="0"/>
  <testcase name="test_isLeapYear_specific" classname="org.threeten.extra.chrono.TestPaxChronology" time="0"/>
  <testcase name="test_minus_Period_ISO" classname="org.threeten.extra.chrono.TestPaxChronology" time="0"/>
  <testcase name="test_adjust_toMonth" classname="org.threeten.extra.chrono.TestPaxChronology" time="0"/>
  <testcase name="test_minus_TemporalUnit[0: 2014, 5, 26, 0, Days, 2014, 5, 26]" classname="org.threeten.extra.chrono.TestPaxChronology" time="0"/>
  <testcase name="test_minus_TemporalUnit[1: 2014, 5, 26, 8, Days, 2014, 6, 6]" classname="org.threeten.extra.chrono.TestPaxChronology" time="0"/>
  <testcase name="test_minus_TemporalUnit[2: 2014, 5, 26, -3, Days, 2014, 5, 23]" classname="org.threeten.extra.chrono.TestPaxChronology" time="0"/>
  <testcase name="test_minus_TemporalUnit[3: 2014, 5, 26, 0, Weeks, 2014, 5, 26]" classname="org.threeten.extra.chrono.TestPaxChronology" time="0"/>
  <testcase name="test_minus_TemporalUnit[4: 2014, 5, 26, 3, Weeks, 2014, 6, 19]" classname="org.threeten.extra.chrono.TestPaxChronology" time="0.001"/>
  <testcase name="test_minus_TemporalUnit[5: 2014, 5, 26, -5, Weeks, 2014, 4, 19]" classname="org.threeten.extra.chrono.TestPaxChronology" time="0"/>
  <testcase name="test_minus_TemporalUnit[6: 2014, 5, 26, 0, Months, 2014, 5, 26]" classname="org.threeten.extra.chrono.TestPaxChronology" time="0"/>
  <testcase name="test_minus_TemporalUnit[7: 2014, 5, 26, 3, Months, 2014, 8, 26]" classname="org.threeten.extra.chrono.TestPaxChronology" time="0"/>
  <testcase name="test_minus_TemporalUnit[8: 2014, 5, 26, -5, Months, 2013, 13, 26]" classname="org.threeten.extra.chrono.TestPaxChronology" time="0"/>
  <testcase name="test_minus_TemporalUnit[9: 2014, 5, 26, 0, Years, 2014, 5, 26]" classname="org.threeten.extra.chrono.TestPaxChronology" time="0"/>
  <testcase name="test_minus_TemporalUnit[10: 2014, 5, 26, 3, Years, 2017, 5, 26]" classname="org.threeten.extra.chrono.TestPaxChronology" time="0"/>
  <testcase name="test_minus_TemporalUnit[11: 2014, 5, 26, -5, Years, 2009, 5, 26]" classname="org.threeten.extra.chrono.TestPaxChronology" time="0"/>
  <testcase name="test_minus_TemporalUnit[12: 2014, 5, 26, 0, Decades, 2014, 5, 26]" classname="org.threeten.extra.chrono.TestPaxChronology" time="0"/>
  <testcase name="test_minus_TemporalUnit[13: 2014, 5, 26, 3, Decades, 2044, 5, 26]" classname="org.threeten.extra.chrono.TestPaxChronology" time="0"/>
  <testcase name="test_minus_TemporalUnit[14: 2014, 5, 26, -5, Decades, 1964, 5, 26]" classname="org.threeten.extra.chrono.TestPaxChronology" time="0"/>
  <testcase name="test_minus_TemporalUnit[15: 2014, 5, 26, 0, Centuries, 2014, 5, 26]" classname="org.threeten.extra.chrono.TestPaxChronology" time="0"/>
  <testcase name="test_minus_TemporalUnit[16: 2014, 5, 26, 3, Centuries, 2314, 5, 26]" classname="org.threeten.extra.chrono.TestPaxChronology" time="0"/>
  <testcase name="test_minus_TemporalUnit[17: 2014, 5, 26, -5, Centuries, 1514, 5, 26]" classname="org.threeten.extra.chrono.TestPaxChronology" time="0"/>
  <testcase name="test_minus_TemporalUnit[18: 2014, 5, 26, 0, Millennia, 2014, 5, 26]" classname="org.threeten.extra.chrono.TestPaxChronology" time="0"/>
  <testcase name="test_minus_TemporalUnit[19: 2014, 5, 26, 3, Millennia, 5014, 5, 26]" classname="org.threeten.extra.chrono.TestPaxChronology" time="0"/>
  <testcase name="test_minus_TemporalUnit[20: 2014, 5, 26, -5, Millennia, -2986, 5, 26]" classname="org.threeten.extra.chrono.TestPaxChronology" time="0"/>
  <testcase name="test_minus_TemporalUnit[21: 2014, 5, 26, -1, Eras, -2013, 5, 26]" classname="org.threeten.extra.chrono.TestPaxChronology" time="0"/>
  <testcase name="test_minus_TemporalUnit[22: 2012, 13, 6, 3, Months, 2013, 2, 6]" classname="org.threeten.extra.chrono.TestPaxChronology" time="0"/>
  <testcase name="test_minus_TemporalUnit[23: 2011, 13, 26, 1, Years, 2012, 14, 26]" classname="org.threeten.extra.chrono.TestPaxChronology" time="0.001"/>
  <testcase name="test_minus_TemporalUnit[24: 2014, 13, 26, -2, Years, 2012, 14, 26]" classname="org.threeten.extra.chrono.TestPaxChronology" time="0"/>
  <testcase name="test_minus_TemporalUnit[25: 2012, 14, 26, -6, Years, 2006, 14, 26]" classname="org.threeten.extra.chrono.TestPaxChronology" time="0"/>
  <testcase name="test_minus_TemporalUnit[26: 2012, 13, 6, -6, Years, 2006, 13, 6]" classname="org.threeten.extra.chrono.TestPaxChronology" time="0"/>
  <testcase name="test_minus_TemporalUnit[27: -2014, 5, 26, 0, Months, -2014, 5, 26]" classname="org.threeten.extra.chrono.TestPaxChronology" time="0"/>
  <testcase name="test_minus_TemporalUnit[28: -2014, 5, 26, 3, Months, -2014, 8, 26]" classname="org.threeten.extra.chrono.TestPaxChronology" time="0"/>
  <testcase name="test_minus_TemporalUnit[29: -2014, 5, 26, -5, Months, -2015, 13, 26]" classname="org.threeten.extra.chrono.TestPaxChronology" time="0"/>
  <testcase name="test_prolepticYear_badEra" classname="org.threeten.extra.chrono.TestPaxChronology" time="0"/>
  <testcase name="test_equals" classname="org.threeten.extra.chrono.TestPaxChronology" time="0"/>
  <testcase name="test_plus_Period" classname="org.threeten.extra.chrono.TestPaxChronology" time="0"/>
  <testcase name="test_Chronology_eraOf_invalid" classname="org.threeten.extra.chrono.TestPaxChronology" time="0"/>
  <testcase name="test_era_loop" classname="org.threeten.extra.chrono.TestPaxChronology" time="0.001"/>
  <testcase name="test_range_unsupported" classname="org.threeten.extra.chrono.TestPaxChronology" time="0"/>
  <testcase name="test_PaxDate_from_LocalDate[0: Pax CE 1-01-01, 0000-12-31]" classname="org.threeten.extra.chrono.TestPaxChronology" time="0"/>
  <testcase name="test_PaxDate_from_LocalDate[1: Pax CE 1-01-02, 0001-01-01]" classname="org.threeten.extra.chrono.TestPaxChronology" time="0"/>
  <testcase name="test_PaxDate_from_LocalDate[2: Pax CE 1-01-03, 0001-01-02]" classname="org.threeten.extra.chrono.TestPaxChronology" time="0"/>
  <testcase name="test_PaxDate_from_LocalDate[3: Pax CE 1-01-28, 0001-01-27]" classname="org.threeten.extra.chrono.TestPaxChronology" time="0"/>
  <testcase name="test_PaxDate_from_LocalDate[4: Pax CE 1-02-01, 0001-01-28]" classname="org.threeten.extra.chrono.TestPaxChronology" time="0"/>
  <testcase name="test_PaxDate_from_LocalDate[5: Pax CE 1-02-02, 0001-01-29]" classname="org.threeten.extra.chrono.TestPaxChronology" time="0"/>
  <testcase name="test_PaxDate_from_LocalDate[6: Pax CE 1-02-03, 0001-01-30]" classname="org.threeten.extra.chrono.TestPaxChronology" time="0"/>
  <testcase name="test_PaxDate_from_LocalDate[7: Pax CE 6-13-06, 0006-12-01]" classname="org.threeten.extra.chrono.TestPaxChronology" time="0"/>
  <testcase name="test_PaxDate_from_LocalDate[8: Pax CE 6-13-07, 0006-12-02]" classname="org.threeten.extra.chrono.TestPaxChronology" time="0.001"/>
  <testcase name="test_PaxDate_from_LocalDate[9: Pax CE 6-14-01, 0006-12-03]" classname="org.threeten.extra.chrono.TestPaxChronology" time="0"/>
  <testcase name="test_PaxDate_from_LocalDate[10: Pax CE 6-14-02, 0006-12-04]" classname="org.threeten.extra.chrono.TestPaxChronology" time="0"/>
  <testcase name="test_PaxDate_from_LocalDate[11: Pax CE 6-14-03, 0006-12-05]" classname="org.threeten.extra.chrono.TestPaxChronology" time="0"/>
  <testcase name="test_PaxDate_from_LocalDate[12: Pax CE 6-14-27, 0006-12-29]" classname="org.threeten.extra.chrono.TestPaxChronology" time="0"/>
  <testcase name="test_PaxDate_from_LocalDate[13: Pax CE 6-14-28, 0006-12-30]" classname="org.threeten.extra.chrono.TestPaxChronology" time="0"/>
  <testcase name="test_PaxDate_from_LocalDate[14: Pax CE 7-01-01, 0006-12-31]" classname="org.threeten.extra.chrono.TestPaxChronology" time="0"/>
  <testcase name="test_PaxDate_from_LocalDate[15: Pax CE 7-01-02, 0007-01-01]" classname="org.threeten.extra.chrono.TestPaxChronology" time="0"/>
  <testcase name="test_PaxDate_from_LocalDate[16: Pax CE 399-13-06, 0399-12-03]" classname="org.threeten.extra.chrono.TestPaxChronology" time="0"/>
  <testcase name="test_PaxDate_from_LocalDate[17: Pax CE 399-13-07, 0399-12-04]" classname="org.threeten.extra.chrono.TestPaxChronology" time="0"/>
  <testcase name="test_PaxDate_from_LocalDate[18: Pax CE 399-14-01, 0399-12-05]" classname="org.threeten.extra.chrono.TestPaxChronology" time="0"/>
  <testcase name="test_PaxDate_from_LocalDate[19: Pax CE 399-14-02, 0399-12-06]" classname="org.threeten.extra.chrono.TestPaxChronology" time="0"/>
  <testcase name="test_PaxDate_from_LocalDate[20: Pax CE 399-14-03, 0399-12-07]" classname="org.threeten.extra.chrono.TestPaxChronology" time="0"/>
  <testcase name="test_PaxDate_from_LocalDate[21: Pax CE 400-13-27, 0400-12-29]" classname="org.threeten.extra.chrono.TestPaxChronology" time="0.001"/>
  <testcase name="test_PaxDate_from_LocalDate[22: Pax CE 400-13-28, 0400-12-30]" classname="org.threeten.extra.chrono.TestPaxChronology" time="0"/>
  <testcase name="test_PaxDate_from_LocalDate[23: Pax CE 401-01-01, 0400-12-31]" classname="org.threeten.extra.chrono.TestPaxChronology" time="0"/>
  <testcase name="test_PaxDate_from_LocalDate[24: Pax CE 401-01-02, 0401-01-01]" classname="org.threeten.extra.chrono.TestPaxChronology" time="0"/>
  <testcase name="test_PaxDate_from_LocalDate[25: Pax CE 401-01-03, 0401-01-02]" classname="org.threeten.extra.chrono.TestPaxChronology" time="0"/>
  <testcase name="test_PaxDate_from_LocalDate[26: Pax BCE 1-13-28, 0000-12-30]" classname="org.threeten.extra.chrono.TestPaxChronology" time="0"/>
  <testcase name="test_PaxDate_from_LocalDate[27: Pax BCE 1-13-27, 0000-12-29]" classname="org.threeten.extra.chrono.TestPaxChronology" time="0"/>
  <testcase name="test_PaxDate_from_LocalDate[28: Pax CE 1582-10-05, 1582-09-09]" classname="org.threeten.extra.chrono.TestPaxChronology" time="0"/>
  <testcase name="test_PaxDate_from_LocalDate[29: Pax CE 1582-10-06, 1582-09-10]" classname="org.threeten.extra.chrono.TestPaxChronology" time="0"/>
  <testcase name="test_PaxDate_from_LocalDate[30: Pax CE 1945-10-28, 1945-10-06]" classname="org.threeten.extra.chrono.TestPaxChronology" time="0"/>
  <testcase name="test_PaxDate_from_LocalDate[31: Pax CE 2012-06-23, 2012-06-04]" classname="org.threeten.extra.chrono.TestPaxChronology" time="0"/>
  <testcase name="test_PaxDate_from_LocalDate[32: Pax CE 2012-06-24, 2012-06-05]" classname="org.threeten.extra.chrono.TestPaxChronology" time="0"/>
  <testcase name="test_PaxDate_from_LocalDate[33: Pax BCE 7-01-01, -0006-01-02]" classname="org.threeten.extra.chrono.TestPaxChronology" time="0"/>
  <testcase name="test_PaxDate_from_LocalDate[34: Pax BCE 7-13-06, -0006-12-09]" classname="org.threeten.extra.chrono.TestPaxChronology" time="0"/>
  <testcase name="test_PaxDate_from_LocalDate[35: Pax BCE 7-13-07, -0006-12-10]" classname="org.threeten.extra.chrono.TestPaxChronology" time="0"/>
  <testcase name="test_PaxDate_from_LocalDate[36: Pax BCE 7-14-01, -0006-12-11]" classname="org.threeten.extra.chrono.TestPaxChronology" time="0"/>
  <testcase name="test_PaxDate_from_LocalDate[37: Pax BCE 7-14-02, -0006-12-12]" classname="org.threeten.extra.chrono.TestPaxChronology" time="0"/>
  <testcase name="test_PaxDate_from_LocalDate[38: Pax BCE 7-14-27, -0005-01-06]" classname="org.threeten.extra.chrono.TestPaxChronology" time="0"/>
  <testcase name="test_PaxDate_from_LocalDate[39: Pax BCE 7-14-28, -0005-01-07]" classname="org.threeten.extra.chrono.TestPaxChronology" time="0"/>
  <testcase name="test_PaxDate_from_LocalDate[40: Pax BCE 6-01-01, -0005-01-08]" classname="org.threeten.extra.chrono.TestPaxChronology" time="0"/>
  <testcase name="test_PaxDate_from_LocalDate[41: Pax BCE 6-01-02, -0005-01-09]" classname="org.threeten.extra.chrono.TestPaxChronology" time="0"/>
  <testcase name="test_PaxDate_from_LocalDate[42: Pax BCE 100-01-01, -0099-01-06]" classname="org.threeten.extra.chrono.TestPaxChronology" time="0"/>
  <testcase name="test_PaxDate_from_LocalDate[43: Pax BCE 100-13-06, -0099-12-13]" classname="org.threeten.extra.chrono.TestPaxChronology" time="0"/>
  <testcase name="test_PaxDate_from_LocalDate[44: Pax BCE 100-13-07, -0099-12-14]" classname="org.threeten.extra.chrono.TestPaxChronology" time="0"/>
  <testcase name="test_PaxDate_from_LocalDate[45: Pax BCE 100-14-01, -0099-12-15]" classname="org.threeten.extra.chrono.TestPaxChronology" time="0"/>
  <testcase name="test_PaxDate_from_LocalDate[46: Pax BCE 100-14-02, -0099-12-16]" classname="org.threeten.extra.chrono.TestPaxChronology" time="0"/>
  <testcase name="test_PaxDate_from_LocalDate[47: Pax BCE 101-01-01, -0101-12-31]" classname="org.threeten.extra.chrono.TestPaxChronology" time="0"/>
  <testcase name="test_PaxDate_from_LocalDate[48: Pax BCE 101-13-06, -0100-12-07]" classname="org.threeten.extra.chrono.TestPaxChronology" time="0"/>
  <testcase name="test_PaxDate_from_LocalDate[49: Pax BCE 101-13-07, -0100-12-08]" classname="org.threeten.extra.chrono.TestPaxChronology" time="0"/>
  <testcase name="test_PaxDate_from_LocalDate[50: Pax BCE 101-14-01, -0100-12-09]" classname="org.threeten.extra.chrono.TestPaxChronology" time="0"/>
  <testcase name="test_PaxDate_from_LocalDate[51: Pax BCE 101-14-02, -0100-12-10]" classname="org.threeten.extra.chrono.TestPaxChronology" time="0"/>
  <testcase name="test_plus_leap_TemporalUnit[0: 2012, 12, 26, 1, Months, 2012, 13, 7]" classname="org.threeten.extra.chrono.TestPaxChronology" time="0"/>
  <testcase name="test_plus_leap_TemporalUnit[1: 2012, 14, 26, -1, Months, 2012, 13, 7]" classname="org.threeten.extra.chrono.TestPaxChronology" time="0"/>
  <testcase name="test_plus_leap_TemporalUnit[2: 2012, 13, 6, 3, Years, 2015, 13, 6]" classname="org.threeten.extra.chrono.TestPaxChronology" time="0"/>
  <testcase name="test_LocalDate_adjustToPaxDate" classname="org.threeten.extra.chrono.TestPaxChronology" time="0"/>
  <testcase name="test_era_yearDay_loop" classname="org.threeten.extra.chrono.TestPaxChronology" time="0"/>
  <testcase name="test_plus_TemporalUnit[0: 2014, 5, 26, 0, Days, 2014, 5, 26]" classname="org.threeten.extra.chrono.TestPaxChronology" time="0"/>
  <testcase name="test_plus_TemporalUnit[1: 2014, 5, 26, 8, Days, 2014, 6, 6]" classname="org.threeten.extra.chrono.TestPaxChronology" time="0"/>
  <testcase name="test_plus_TemporalUnit[2: 2014, 5, 26, -3, Days, 2014, 5, 23]" classname="org.threeten.extra.chrono.TestPaxChronology" time="0"/>
  <testcase name="test_plus_TemporalUnit[3: 2014, 5, 26, 0, Weeks, 2014, 5, 26]" classname="org.threeten.extra.chrono.TestPaxChronology" time="0"/>
  <testcase name="test_plus_TemporalUnit[4: 2014, 5, 26, 3, Weeks, 2014, 6, 19]" classname="org.threeten.extra.chrono.TestPaxChronology" time="0"/>
  <testcase name="test_plus_TemporalUnit[5: 2014, 5, 26, -5, Weeks, 2014, 4, 19]" classname="org.threeten.extra.chrono.TestPaxChronology" time="0"/>
  <testcase name="test_plus_TemporalUnit[6: 2014, 5, 26, 0, Months, 2014, 5, 26]" classname="org.threeten.extra.chrono.TestPaxChronology" time="0.001"/>
  <testcase name="test_plus_TemporalUnit[7: 2014, 5, 26, 3, Months, 2014, 8, 26]" classname="org.threeten.extra.chrono.TestPaxChronology" time="0"/>
  <testcase name="test_plus_TemporalUnit[8: 2014, 5, 26, -5, Months, 2013, 13, 26]" classname="org.threeten.extra.chrono.TestPaxChronology" time="0"/>
  <testcase name="test_plus_TemporalUnit[9: 2014, 5, 26, 0, Years, 2014, 5, 26]" classname="org.threeten.extra.chrono.TestPaxChronology" time="0"/>
  <testcase name="test_plus_TemporalUnit[10: 2014, 5, 26, 3, Years, 2017, 5, 26]" classname="org.threeten.extra.chrono.TestPaxChronology" time="0"/>
  <testcase name="test_plus_TemporalUnit[11: 2014, 5, 26, -5, Years, 2009, 5, 26]" classname="org.threeten.extra.chrono.TestPaxChronology" time="0"/>
  <testcase name="test_plus_TemporalUnit[12: 2014, 5, 26, 0, Decades, 2014, 5, 26]" classname="org.threeten.extra.chrono.TestPaxChronology" time="0"/>
  <testcase name="test_plus_TemporalUnit[13: 2014, 5, 26, 3, Decades, 2044, 5, 26]" classname="org.threeten.extra.chrono.TestPaxChronology" time="0"/>
  <testcase name="test_plus_TemporalUnit[14: 2014, 5, 26, -5, Decades, 1964, 5, 26]" classname="org.threeten.extra.chrono.TestPaxChronology" time="0"/>
  <testcase name="test_plus_TemporalUnit[15: 2014, 5, 26, 0, Centuries, 2014, 5, 26]" classname="org.threeten.extra.chrono.TestPaxChronology" time="0"/>
  <testcase name="test_plus_TemporalUnit[16: 2014, 5, 26, 3, Centuries, 2314, 5, 26]" classname="org.threeten.extra.chrono.TestPaxChronology" time="0"/>
  <testcase name="test_plus_TemporalUnit[17: 2014, 5, 26, -5, Centuries, 1514, 5, 26]" classname="org.threeten.extra.chrono.TestPaxChronology" time="0"/>
  <testcase name="test_plus_TemporalUnit[18: 2014, 5, 26, 0, Millennia, 2014, 5, 26]" classname="org.threeten.extra.chrono.TestPaxChronology" time="0"/>
  <testcase name="test_plus_TemporalUnit[19: 2014, 5, 26, 3, Millennia, 5014, 5, 26]" classname="org.threeten.extra.chrono.TestPaxChronology" time="0"/>
  <testcase name="test_plus_TemporalUnit[20: 2014, 5, 26, -5, Millennia, -2986, 5, 26]" classname="org.threeten.extra.chrono.TestPaxChronology" time="0"/>
  <testcase name="test_plus_TemporalUnit[21: 2014, 5, 26, -1, Eras, -2013, 5, 26]" classname="org.threeten.extra.chrono.TestPaxChronology" time="0"/>
  <testcase name="test_plus_TemporalUnit[22: 2012, 13, 6, 3, Months, 2013, 2, 6]" classname="org.threeten.extra.chrono.TestPaxChronology" time="0"/>
  <testcase name="test_plus_TemporalUnit[23: 2011, 13, 26, 1, Years, 2012, 14, 26]" classname="org.threeten.extra.chrono.TestPaxChronology" time="0"/>
  <testcase name="test_plus_TemporalUnit[24: 2014, 13, 26, -2, Years, 2012, 14, 26]" classname="org.threeten.extra.chrono.TestPaxChronology" time="0.001"/>
  <testcase name="test_plus_TemporalUnit[25: 2012, 14, 26, -6, Years, 2006, 14, 26]" classname="org.threeten.extra.chrono.TestPaxChronology" time="0"/>
  <testcase name="test_plus_TemporalUnit[26: 2012, 13, 6, -6, Years, 2006, 13, 6]" classname="org.threeten.extra.chrono.TestPaxChronology" time="0"/>
  <testcase name="test_plus_TemporalUnit[27: -2014, 5, 26, 0, Months, -2014, 5, 26]" classname="org.threeten.extra.chrono.TestPaxChronology" time="0"/>
  <testcase name="test_plus_TemporalUnit[28: -2014, 5, 26, 3, Months, -2014, 8, 26]" classname="org.threeten.extra.chrono.TestPaxChronology" time="0"/>
  <testcase name="test_plus_TemporalUnit[29: -2014, 5, 26, -5, Months, -2015, 13, 26]" classname="org.threeten.extra.chrono.TestPaxChronology" time="0"/>
  <testcase name="test_LocalDate_from_PaxDate[0: Pax CE 1-01-01, 0000-12-31]" classname="org.threeten.extra.chrono.TestPaxChronology" time="0"/>
  <testcase name="test_LocalDate_from_PaxDate[1: Pax CE 1-01-02, 0001-01-01]" classname="org.threeten.extra.chrono.TestPaxChronology" time="0"/>
  <testcase name="test_LocalDate_from_PaxDate[2: Pax CE 1-01-03, 0001-01-02]" classname="org.threeten.extra.chrono.TestPaxChronology" time="0"/>
  <testcase name="test_LocalDate_from_PaxDate[3: Pax CE 1-01-28, 0001-01-27]" classname="org.threeten.extra.chrono.TestPaxChronology" time="0"/>
  <testcase name="test_LocalDate_from_PaxDate[4: Pax CE 1-02-01, 0001-01-28]" classname="org.threeten.extra.chrono.TestPaxChronology" time="0"/>
  <testcase name="test_LocalDate_from_PaxDate[5: Pax CE 1-02-02, 0001-01-29]" classname="org.threeten.extra.chrono.TestPaxChronology" time="0"/>
  <testcase name="test_LocalDate_from_PaxDate[6: Pax CE 1-02-03, 0001-01-30]" classname="org.threeten.extra.chrono.TestPaxChronology" time="0"/>
  <testcase name="test_LocalDate_from_PaxDate[7: Pax CE 6-13-06, 0006-12-01]" classname="org.threeten.extra.chrono.TestPaxChronology" time="0"/>
  <testcase name="test_LocalDate_from_PaxDate[8: Pax CE 6-13-07, 0006-12-02]" classname="org.threeten.extra.chrono.TestPaxChronology" time="0"/>
  <testcase name="test_LocalDate_from_PaxDate[9: Pax CE 6-14-01, 0006-12-03]" classname="org.threeten.extra.chrono.TestPaxChronology" time="0"/>
  <testcase name="test_LocalDate_from_PaxDate[10: Pax CE 6-14-02, 0006-12-04]" classname="org.threeten.extra.chrono.TestPaxChronology" time="0"/>
  <testcase name="test_LocalDate_from_PaxDate[11: Pax CE 6-14-03, 0006-12-05]" classname="org.threeten.extra.chrono.TestPaxChronology" time="0"/>
  <testcase name="test_LocalDate_from_PaxDate[12: Pax CE 6-14-27, 0006-12-29]" classname="org.threeten.extra.chrono.TestPaxChronology" time="0"/>
  <testcase name="test_LocalDate_from_PaxDate[13: Pax CE 6-14-28, 0006-12-30]" classname="org.threeten.extra.chrono.TestPaxChronology" time="0"/>
  <testcase name="test_LocalDate_from_PaxDate[14: Pax CE 7-01-01, 0006-12-31]" classname="org.threeten.extra.chrono.TestPaxChronology" time="0"/>
  <testcase name="test_LocalDate_from_PaxDate[15: Pax CE 7-01-02, 0007-01-01]" classname="org.threeten.extra.chrono.TestPaxChronology" time="0"/>
  <testcase name="test_LocalDate_from_PaxDate[16: Pax CE 399-13-06, 0399-12-03]" classname="org.threeten.extra.chrono.TestPaxChronology" time="0"/>
  <testcase name="test_LocalDate_from_PaxDate[17: Pax CE 399-13-07, 0399-12-04]" classname="org.threeten.extra.chrono.TestPaxChronology" time="0"/>
  <testcase name="test_LocalDate_from_PaxDate[18: Pax CE 399-14-01, 0399-12-05]" classname="org.threeten.extra.chrono.TestPaxChronology" time="0"/>
  <testcase name="test_LocalDate_from_PaxDate[19: Pax CE 399-14-02, 0399-12-06]" classname="org.threeten.extra.chrono.TestPaxChronology" time="0"/>
  <testcase name="test_LocalDate_from_PaxDate[20: Pax CE 399-14-03, 0399-12-07]" classname="org.threeten.extra.chrono.TestPaxChronology" time="0"/>
  <testcase name="test_LocalDate_from_PaxDate[21: Pax CE 400-13-27, 0400-12-29]" classname="org.threeten.extra.chrono.TestPaxChronology" time="0"/>
  <testcase name="test_LocalDate_from_PaxDate[22: Pax CE 400-13-28, 0400-12-30]" classname="org.threeten.extra.chrono.TestPaxChronology" time="0"/>
  <testcase name="test_LocalDate_from_PaxDate[23: Pax CE 401-01-01, 0400-12-31]" classname="org.threeten.extra.chrono.TestPaxChronology" time="0"/>
  <testcase name="test_LocalDate_from_PaxDate[24: Pax CE 401-01-02, 0401-01-01]" classname="org.threeten.extra.chrono.TestPaxChronology" time="0"/>
  <testcase name="test_LocalDate_from_PaxDate[25: Pax CE 401-01-03, 0401-01-02]" classname="org.threeten.extra.chrono.TestPaxChronology" time="0"/>
  <testcase name="test_LocalDate_from_PaxDate[26: Pax BCE 1-13-28, 0000-12-30]" classname="org.threeten.extra.chrono.TestPaxChronology" time="0"/>
  <testcase name="test_LocalDate_from_PaxDate[27: Pax BCE 1-13-27, 0000-12-29]" classname="org.threeten.extra.chrono.TestPaxChronology" time="0"/>
  <testcase name="test_LocalDate_from_PaxDate[28: Pax CE 1582-10-05, 1582-09-09]" classname="org.threeten.extra.chrono.TestPaxChronology" time="0"/>
  <testcase name="test_LocalDate_from_PaxDate[29: Pax CE 1582-10-06, 1582-09-10]" classname="org.threeten.extra.chrono.TestPaxChronology" time="0"/>
  <testcase name="test_LocalDate_from_PaxDate[30: Pax CE 1945-10-28, 1945-10-06]" classname="org.threeten.extra.chrono.TestPaxChronology" time="0"/>
  <testcase name="test_LocalDate_from_PaxDate[31: Pax CE 2012-06-23, 2012-06-04]" classname="org.threeten.extra.chrono.TestPaxChronology" time="0"/>
  <testcase name="test_LocalDate_from_PaxDate[32: Pax CE 2012-06-24, 2012-06-05]" classname="org.threeten.extra.chrono.TestPaxChronology" time="0"/>
  <testcase name="test_LocalDate_from_PaxDate[33: Pax BCE 7-01-01, -0006-01-02]" classname="org.threeten.extra.chrono.TestPaxChronology" time="0"/>
  <testcase name="test_LocalDate_from_PaxDate[34: Pax BCE 7-13-06, -0006-12-09]" classname="org.threeten.extra.chrono.TestPaxChronology" time="0"/>
  <testcase name="test_LocalDate_from_PaxDate[35: Pax BCE 7-13-07, -0006-12-10]" classname="org.threeten.extra.chrono.TestPaxChronology" time="0"/>
  <testcase name="test_LocalDate_from_PaxDate[36: Pax BCE 7-14-01, -0006-12-11]" classname="org.threeten.extra.chrono.TestPaxChronology" time="0"/>
  <testcase name="test_LocalDate_from_PaxDate[37: Pax BCE 7-14-02, -0006-12-12]" classname="org.threeten.extra.chrono.TestPaxChronology" time="0"/>
  <testcase name="test_LocalDate_from_PaxDate[38: Pax BCE 7-14-27, -0005-01-06]" classname="org.threeten.extra.chrono.TestPaxChronology" time="0"/>
  <testcase name="test_LocalDate_from_PaxDate[39: Pax BCE 7-14-28, -0005-01-07]" classname="org.threeten.extra.chrono.TestPaxChronology" time="0"/>
  <testcase name="test_LocalDate_from_PaxDate[40: Pax BCE 6-01-01, -0005-01-08]" classname="org.threeten.extra.chrono.TestPaxChronology" time="0"/>
  <testcase name="test_LocalDate_from_PaxDate[41: Pax BCE 6-01-02, -0005-01-09]" classname="org.threeten.extra.chrono.TestPaxChronology" time="0"/>
  <testcase name="test_LocalDate_from_PaxDate[42: Pax BCE 100-01-01, -0099-01-06]" classname="org.threeten.extra.chrono.TestPaxChronology" time="0"/>
  <testcase name="test_LocalDate_from_PaxDate[43: Pax BCE 100-13-06, -0099-12-13]" classname="org.threeten.extra.chrono.TestPaxChronology" time="0"/>
  <testcase name="test_LocalDate_from_PaxDate[44: Pax BCE 100-13-07, -0099-12-14]" classname="org.threeten.extra.chrono.TestPaxChronology" time="0"/>
  <testcase name="test_LocalDate_from_PaxDate[45: Pax BCE 100-14-01, -0099-12-15]" classname="org.threeten.extra.chrono.TestPaxChronology" time="0"/>
  <testcase name="test_LocalDate_from_PaxDate[46: Pax BCE 100-14-02, -0099-12-16]" classname="org.threeten.extra.chrono.TestPaxChronology" time="0"/>
  <testcase name="test_LocalDate_from_PaxDate[47: Pax BCE 101-01-01, -0101-12-31]" classname="org.threeten.extra.chrono.TestPaxChronology" time="0"/>
  <testcase name="test_LocalDate_from_PaxDate[48: Pax BCE 101-13-06, -0100-12-07]" classname="org.threeten.extra.chrono.TestPaxChronology" time="0"/>
  <testcase name="test_LocalDate_from_PaxDate[49: Pax BCE 101-13-07, -0100-12-08]" classname="org.threeten.extra.chrono.TestPaxChronology" time="0"/>
  <testcase name="test_LocalDate_from_PaxDate[50: Pax BCE 101-14-01, -0100-12-09]" classname="org.threeten.extra.chrono.TestPaxChronology" time="0"/>
  <testcase name="test_LocalDate_from_PaxDate[51: Pax BCE 101-14-02, -0100-12-10]" classname="org.threeten.extra.chrono.TestPaxChronology" time="0"/>
  <testcase name="test_adjust_toLocalDate" classname="org.threeten.extra.chrono.TestPaxChronology" time="0"/>
  <testcase name="test_PaxDate_toEpochDay[0: Pax CE 1-01-01, 0000-12-31]" classname="org.threeten.extra.chrono.TestPaxChronology" time="0"/>
  <testcase name="test_PaxDate_toEpochDay[1: Pax CE 1-01-02, 0001-01-01]" classname="org.threeten.extra.chrono.TestPaxChronology" time="0"/>
  <testcase name="test_PaxDate_toEpochDay[2: Pax CE 1-01-03, 0001-01-02]" classname="org.threeten.extra.chrono.TestPaxChronology" time="0"/>
  <testcase name="test_PaxDate_toEpochDay[3: Pax CE 1-01-28, 0001-01-27]" classname="org.threeten.extra.chrono.TestPaxChronology" time="0"/>
  <testcase name="test_PaxDate_toEpochDay[4: Pax CE 1-02-01, 0001-01-28]" classname="org.threeten.extra.chrono.TestPaxChronology" time="0"/>
  <testcase name="test_PaxDate_toEpochDay[5: Pax CE 1-02-02, 0001-01-29]" classname="org.threeten.extra.chrono.TestPaxChronology" time="0"/>
  <testcase name="test_PaxDate_toEpochDay[6: Pax CE 1-02-03, 0001-01-30]" classname="org.threeten.extra.chrono.TestPaxChronology" time="0"/>
  <testcase name="test_PaxDate_toEpochDay[7: Pax CE 6-13-06, 0006-12-01]" classname="org.threeten.extra.chrono.TestPaxChronology" time="0"/>
  <testcase name="test_PaxDate_toEpochDay[8: Pax CE 6-13-07, 0006-12-02]" classname="org.threeten.extra.chrono.TestPaxChronology" time="0"/>
  <testcase name="test_PaxDate_toEpochDay[9: Pax CE 6-14-01, 0006-12-03]" classname="org.threeten.extra.chrono.TestPaxChronology" time="0"/>
  <testcase name="test_PaxDate_toEpochDay[10: Pax CE 6-14-02, 0006-12-04]" classname="org.threeten.extra.chrono.TestPaxChronology" time="0"/>
  <testcase name="test_PaxDate_toEpochDay[11: Pax CE 6-14-03, 0006-12-05]" classname="org.threeten.extra.chrono.TestPaxChronology" time="0"/>
  <testcase name="test_PaxDate_toEpochDay[12: Pax CE 6-14-27, 0006-12-29]" classname="org.threeten.extra.chrono.TestPaxChronology" time="0"/>
  <testcase name="test_PaxDate_toEpochDay[13: Pax CE 6-14-28, 0006-12-30]" classname="org.threeten.extra.chrono.TestPaxChronology" time="0"/>
  <testcase name="test_PaxDate_toEpochDay[14: Pax CE 7-01-01, 0006-12-31]" classname="org.threeten.extra.chrono.TestPaxChronology" time="0"/>
  <testcase name="test_PaxDate_toEpochDay[15: Pax CE 7-01-02, 0007-01-01]" classname="org.threeten.extra.chrono.TestPaxChronology" time="0"/>
  <testcase name="test_PaxDate_toEpochDay[16: Pax CE 399-13-06, 0399-12-03]" classname="org.threeten.extra.chrono.TestPaxChronology" time="0"/>
  <testcase name="test_PaxDate_toEpochDay[17: Pax CE 399-13-07, 0399-12-04]" classname="org.threeten.extra.chrono.TestPaxChronology" time="0"/>
  <testcase name="test_PaxDate_toEpochDay[18: Pax CE 399-14-01, 0399-12-05]" classname="org.threeten.extra.chrono.TestPaxChronology" time="0"/>
  <testcase name="test_PaxDate_toEpochDay[19: Pax CE 399-14-02, 0399-12-06]" classname="org.threeten.extra.chrono.TestPaxChronology" time="0"/>
  <testcase name="test_PaxDate_toEpochDay[20: Pax CE 399-14-03, 0399-12-07]" classname="org.threeten.extra.chrono.TestPaxChronology" time="0"/>
  <testcase name="test_PaxDate_toEpochDay[21: Pax CE 400-13-27, 0400-12-29]" classname="org.threeten.extra.chrono.TestPaxChronology" time="0"/>
  <testcase name="test_PaxDate_toEpochDay[22: Pax CE 400-13-28, 0400-12-30]" classname="org.threeten.extra.chrono.TestPaxChronology" time="0"/>
  <testcase name="test_PaxDate_toEpochDay[23: Pax CE 401-01-01, 0400-12-31]" classname="org.threeten.extra.chrono.TestPaxChronology" time="0"/>
  <testcase name="test_PaxDate_toEpochDay[24: Pax CE 401-01-02, 0401-01-01]" classname="org.threeten.extra.chrono.TestPaxChronology" time="0"/>
  <testcase name="test_PaxDate_toEpochDay[25: Pax CE 401-01-03, 0401-01-02]" classname="org.threeten.extra.chrono.TestPaxChronology" time="0"/>
  <testcase name="test_PaxDate_toEpochDay[26: Pax BCE 1-13-28, 0000-12-30]" classname="org.threeten.extra.chrono.TestPaxChronology" time="0"/>
  <testcase name="test_PaxDate_toEpochDay[27: Pax BCE 1-13-27, 0000-12-29]" classname="org.threeten.extra.chrono.TestPaxChronology" time="0"/>
  <testcase name="test_PaxDate_toEpochDay[28: Pax CE 1582-10-05, 1582-09-09]" classname="org.threeten.extra.chrono.TestPaxChronology" time="0"/>
  <testcase name="test_PaxDate_toEpochDay[29: Pax CE 1582-10-06, 1582-09-10]" classname="org.threeten.extra.chrono.TestPaxChronology" time="0"/>
  <testcase name="test_PaxDate_toEpochDay[30: Pax CE 1945-10-28, 1945-10-06]" classname="org.threeten.extra.chrono.TestPaxChronology" time="0.001"/>
  <testcase name="test_PaxDate_toEpochDay[31: Pax CE 2012-06-23, 2012-06-04]" classname="org.threeten.extra.chrono.TestPaxChronology" time="0"/>
  <testcase name="test_PaxDate_toEpochDay[32: Pax CE 2012-06-24, 2012-06-05]" classname="org.threeten.extra.chrono.TestPaxChronology" time="0"/>
  <testcase name="test_PaxDate_toEpochDay[33: Pax BCE 7-01-01, -0006-01-02]" classname="org.threeten.extra.chrono.TestPaxChronology" time="0"/>
  <testcase name="test_PaxDate_toEpochDay[34: Pax BCE 7-13-06, -0006-12-09]" classname="org.threeten.extra.chrono.TestPaxChronology" time="0"/>
  <testcase name="test_PaxDate_toEpochDay[35: Pax BCE 7-13-07, -0006-12-10]" classname="org.threeten.extra.chrono.TestPaxChronology" time="0"/>
  <testcase name="test_PaxDate_toEpochDay[36: Pax BCE 7-14-01, -0006-12-11]" classname="org.threeten.extra.chrono.TestPaxChronology" time="0"/>
  <testcase name="test_PaxDate_toEpochDay[37: Pax BCE 7-14-02, -0006-12-12]" classname="org.threeten.extra.chrono.TestPaxChronology" time="0"/>
  <testcase name="test_PaxDate_toEpochDay[38: Pax BCE 7-14-27, -0005-01-06]" classname="org.threeten.extra.chrono.TestPaxChronology" time="0"/>
  <testcase name="test_PaxDate_toEpochDay[39: Pax BCE 7-14-28, -0005-01-07]" classname="org.threeten.extra.chrono.TestPaxChronology" time="0"/>
  <testcase name="test_PaxDate_toEpochDay[40: Pax BCE 6-01-01, -0005-01-08]" classname="org.threeten.extra.chrono.TestPaxChronology" time="0"/>
  <testcase name="test_PaxDate_toEpochDay[41: Pax BCE 6-01-02, -0005-01-09]" classname="org.threeten.extra.chrono.TestPaxChronology" time="0"/>
  <testcase name="test_PaxDate_toEpochDay[42: Pax BCE 100-01-01, -0099-01-06]" classname="org.threeten.extra.chrono.TestPaxChronology" time="0"/>
  <testcase name="test_PaxDate_toEpochDay[43: Pax BCE 100-13-06, -0099-12-13]" classname="org.threeten.extra.chrono.TestPaxChronology" time="0"/>
  <testcase name="test_PaxDate_toEpochDay[44: Pax BCE 100-13-07, -0099-12-14]" classname="org.threeten.extra.chrono.TestPaxChronology" time="0"/>
  <testcase name="test_PaxDate_toEpochDay[45: Pax BCE 100-14-01, -0099-12-15]" classname="org.threeten.extra.chrono.TestPaxChronology" time="0"/>
  <testcase name="test_PaxDate_toEpochDay[46: Pax BCE 100-14-02, -0099-12-16]" classname="org.threeten.extra.chrono.TestPaxChronology" time="0"/>
  <testcase name="test_PaxDate_toEpochDay[47: Pax BCE 101-01-01, -0101-12-31]" classname="org.threeten.extra.chrono.TestPaxChronology" time="0"/>
  <testcase name="test_PaxDate_toEpochDay[48: Pax BCE 101-13-06, -0100-12-07]" classname="org.threeten.extra.chrono.TestPaxChronology" time="0"/>
  <testcase name="test_PaxDate_toEpochDay[49: Pax BCE 101-13-07, -0100-12-08]" classname="org.threeten.extra.chrono.TestPaxChronology" time="0"/>
  <testcase name="test_PaxDate_toEpochDay[50: Pax BCE 101-14-01, -0100-12-09]" classname="org.threeten.extra.chrono.TestPaxChronology" time="0"/>
  <testcase name="test_PaxDate_toEpochDay[51: Pax BCE 101-14-02, -0100-12-10]" classname="org.threeten.extra.chrono.TestPaxChronology" time="0"/>
  <testcase name="test_Chronology_eras" classname="org.threeten.extra.chrono.TestPaxChronology" time="0"/>
  <testcase name="test_lengthOfMonth[0: 1900, 1, 28]" classname="org.threeten.extra.chrono.TestPaxChronology" time="0"/>
  <testcase name="test_lengthOfMonth[1: 1900, 2, 28]" classname="org.threeten.extra.chrono.TestPaxChronology" time="0"/>
  <testcase name="test_lengthOfMonth[2: 1900, 3, 28]" classname="org.threeten.extra.chrono.TestPaxChronology" time="0"/>
  <testcase name="test_lengthOfMonth[3: 1900, 4, 28]" classname="org.threeten.extra.chrono.TestPaxChronology" time="0"/>
  <testcase name="test_lengthOfMonth[4: 1900, 5, 28]" classname="org.threeten.extra.chrono.TestPaxChronology" time="0"/>
  <testcase name="test_lengthOfMonth[5: 1900, 6, 28]" classname="org.threeten.extra.chrono.TestPaxChronology" time="0"/>
  <testcase name="test_lengthOfMonth[6: 1900, 7, 28]" classname="org.threeten.extra.chrono.TestPaxChronology" time="0"/>
  <testcase name="test_lengthOfMonth[7: 1900, 8, 28]" classname="org.threeten.extra.chrono.TestPaxChronology" time="0"/>
  <testcase name="test_lengthOfMonth[8: 1900, 9, 28]" classname="org.threeten.extra.chrono.TestPaxChronology" time="0"/>
  <testcase name="test_lengthOfMonth[9: 1900, 10, 28]" classname="org.threeten.extra.chrono.TestPaxChronology" time="0"/>
  <testcase name="test_lengthOfMonth[10: 1900, 11, 28]" classname="org.threeten.extra.chrono.TestPaxChronology" time="0"/>
  <testcase name="test_lengthOfMonth[11: 1900, 12, 28]" classname="org.threeten.extra.chrono.TestPaxChronology" time="0"/>
  <testcase name="test_lengthOfMonth[12: 1900, 13, 7]" classname="org.threeten.extra.chrono.TestPaxChronology" time="0"/>
  <testcase name="test_lengthOfMonth[13: 1900, 14, 28]" classname="org.threeten.extra.chrono.TestPaxChronology" time="0"/>
  <testcase name="test_lengthOfMonth[14: 1901, 13, 28]" classname="org.threeten.extra.chrono.TestPaxChronology" time="0"/>
  <testcase name="test_lengthOfMonth[15: 1902, 13, 28]" classname="org.threeten.extra.chrono.TestPaxChronology" time="0"/>
  <testcase name="test_lengthOfMonth[16: 1903, 13, 28]" classname="org.threeten.extra.chrono.TestPaxChronology" time="0"/>
  <testcase name="test_lengthOfMonth[17: 1904, 13, 28]" classname="org.threeten.extra.chrono.TestPaxChronology" time="0"/>
  <testcase name="test_lengthOfMonth[18: 1905, 13, 28]" classname="org.threeten.extra.chrono.TestPaxChronology" time="0"/>
  <testcase name="test_lengthOfMonth[19: 1906, 13, 7]" classname="org.threeten.extra.chrono.TestPaxChronology" time="0"/>
  <testcase name="test_lengthOfMonth[20: 2000, 13, 28]" classname="org.threeten.extra.chrono.TestPaxChronology" time="0"/>
  <testcase name="test_lengthOfMonth[21: 2100, 13, 7]" classname="org.threeten.extra.chrono.TestPaxChronology" time="0"/>
  <testcase name="test_PaxDate_until_LocalDate[0: Pax CE 1-01-01, 0000-12-31]" classname="org.threeten.extra.chrono.TestPaxChronology" time="0"/>
  <testcase name="test_PaxDate_until_LocalDate[1: Pax CE 1-01-02, 0001-01-01]" classname="org.threeten.extra.chrono.TestPaxChronology" time="0"/>
  <testcase name="test_PaxDate_until_LocalDate[2: Pax CE 1-01-03, 0001-01-02]" classname="org.threeten.extra.chrono.TestPaxChronology" time="0"/>
  <testcase name="test_PaxDate_until_LocalDate[3: Pax CE 1-01-28, 0001-01-27]" classname="org.threeten.extra.chrono.TestPaxChronology" time="0"/>
  <testcase name="test_PaxDate_until_LocalDate[4: Pax CE 1-02-01, 0001-01-28]" classname="org.threeten.extra.chrono.TestPaxChronology" time="0"/>
  <testcase name="test_PaxDate_until_LocalDate[5: Pax CE 1-02-02, 0001-01-29]" classname="org.threeten.extra.chrono.TestPaxChronology" time="0"/>
  <testcase name="test_PaxDate_until_LocalDate[6: Pax CE 1-02-03, 0001-01-30]" classname="org.threeten.extra.chrono.TestPaxChronology" time="0"/>
  <testcase name="test_PaxDate_until_LocalDate[7: Pax CE 6-13-06, 0006-12-01]" classname="org.threeten.extra.chrono.TestPaxChronology" time="0"/>
  <testcase name="test_PaxDate_until_LocalDate[8: Pax CE 6-13-07, 0006-12-02]" classname="org.threeten.extra.chrono.TestPaxChronology" time="0"/>
  <testcase name="test_PaxDate_until_LocalDate[9: Pax CE 6-14-01, 0006-12-03]" classname="org.threeten.extra.chrono.TestPaxChronology" time="0"/>
  <testcase name="test_PaxDate_until_LocalDate[10: Pax CE 6-14-02, 0006-12-04]" classname="org.threeten.extra.chrono.TestPaxChronology" time="0"/>
  <testcase name="test_PaxDate_until_LocalDate[11: Pax CE 6-14-03, 0006-12-05]" classname="org.threeten.extra.chrono.TestPaxChronology" time="0"/>
  <testcase name="test_PaxDate_until_LocalDate[12: Pax CE 6-14-27, 0006-12-29]" classname="org.threeten.extra.chrono.TestPaxChronology" time="0"/>
  <testcase name="test_PaxDate_until_LocalDate[13: Pax CE 6-14-28, 0006-12-30]" classname="org.threeten.extra.chrono.TestPaxChronology" time="0"/>
  <testcase name="test_PaxDate_until_LocalDate[14: Pax CE 7-01-01, 0006-12-31]" classname="org.threeten.extra.chrono.TestPaxChronology" time="0"/>
  <testcase name="test_PaxDate_until_LocalDate[15: Pax CE 7-01-02, 0007-01-01]" classname="org.threeten.extra.chrono.TestPaxChronology" time="0"/>
  <testcase name="test_PaxDate_until_LocalDate[16: Pax CE 399-13-06, 0399-12-03]" classname="org.threeten.extra.chrono.TestPaxChronology" time="0"/>
  <testcase name="test_PaxDate_until_LocalDate[17: Pax CE 399-13-07, 0399-12-04]" classname="org.threeten.extra.chrono.TestPaxChronology" time="0"/>
  <testcase name="test_PaxDate_until_LocalDate[18: Pax CE 399-14-01, 0399-12-05]" classname="org.threeten.extra.chrono.TestPaxChronology" time="0"/>
  <testcase name="test_PaxDate_until_LocalDate[19: Pax CE 399-14-02, 0399-12-06]" classname="org.threeten.extra.chrono.TestPaxChronology" time="0"/>
  <testcase name="test_PaxDate_until_LocalDate[20: Pax CE 399-14-03, 0399-12-07]" classname="org.threeten.extra.chrono.TestPaxChronology" time="0"/>
  <testcase name="test_PaxDate_until_LocalDate[21: Pax CE 400-13-27, 0400-12-29]" classname="org.threeten.extra.chrono.TestPaxChronology" time="0"/>
  <testcase name="test_PaxDate_until_LocalDate[22: Pax CE 400-13-28, 0400-12-30]" classname="org.threeten.extra.chrono.TestPaxChronology" time="0"/>
  <testcase name="test_PaxDate_until_LocalDate[23: Pax CE 401-01-01, 0400-12-31]" classname="org.threeten.extra.chrono.TestPaxChronology" time="0"/>
  <testcase name="test_PaxDate_until_LocalDate[24: Pax CE 401-01-02, 0401-01-01]" classname="org.threeten.extra.chrono.TestPaxChronology" time="0"/>
  <testcase name="test_PaxDate_until_LocalDate[25: Pax CE 401-01-03, 0401-01-02]" classname="org.threeten.extra.chrono.TestPaxChronology" time="0"/>
  <testcase name="test_PaxDate_until_LocalDate[26: Pax BCE 1-13-28, 0000-12-30]" classname="org.threeten.extra.chrono.TestPaxChronology" time="0"/>
  <testcase name="test_PaxDate_until_LocalDate[27: Pax BCE 1-13-27, 0000-12-29]" classname="org.threeten.extra.chrono.TestPaxChronology" time="0"/>
  <testcase name="test_PaxDate_until_LocalDate[28: Pax CE 1582-10-05, 1582-09-09]" classname="org.threeten.extra.chrono.TestPaxChronology" time="0"/>
  <testcase name="test_PaxDate_until_LocalDate[29: Pax CE 1582-10-06, 1582-09-10]" classname="org.threeten.extra.chrono.TestPaxChronology" time="0"/>
  <testcase name="test_PaxDate_until_LocalDate[30: Pax CE 1945-10-28, 1945-10-06]" classname="org.threeten.extra.chrono.TestPaxChronology" time="0"/>
  <testcase name="test_PaxDate_until_LocalDate[31: Pax CE 2012-06-23, 2012-06-04]" classname="org.threeten.extra.chrono.TestPaxChronology" time="0"/>
  <testcase name="test_PaxDate_until_LocalDate[32: Pax CE 2012-06-24, 2012-06-05]" classname="org.threeten.extra.chrono.TestPaxChronology" time="0"/>
  <testcase name="test_PaxDate_until_LocalDate[33: Pax BCE 7-01-01, -0006-01-02]" classname="org.threeten.extra.chrono.TestPaxChronology" time="0"/>
  <testcase name="test_PaxDate_until_LocalDate[34: Pax BCE 7-13-06, -0006-12-09]" classname="org.threeten.extra.chrono.TestPaxChronology" time="0"/>
  <testcase name="test_PaxDate_until_LocalDate[35: Pax BCE 7-13-07, -0006-12-10]" classname="org.threeten.extra.chrono.TestPaxChronology" time="0"/>
  <testcase name="test_PaxDate_until_LocalDate[36: Pax BCE 7-14-01, -0006-12-11]" classname="org.threeten.extra.chrono.TestPaxChronology" time="0"/>
  <testcase name="test_PaxDate_until_LocalDate[37: Pax BCE 7-14-02, -0006-12-12]" classname="org.threeten.extra.chrono.TestPaxChronology" time="0"/>
  <testcase name="test_PaxDate_until_LocalDate[38: Pax BCE 7-14-27, -0005-01-06]" classname="org.threeten.extra.chrono.TestPaxChronology" time="0"/>
  <testcase name="test_PaxDate_until_LocalDate[39: Pax BCE 7-14-28, -0005-01-07]" classname="org.threeten.extra.chrono.TestPaxChronology" time="0"/>
  <testcase name="test_PaxDate_until_LocalDate[40: Pax BCE 6-01-01, -0005-01-08]" classname="org.threeten.extra.chrono.TestPaxChronology" time="0"/>
  <testcase name="test_PaxDate_until_LocalDate[41: Pax BCE 6-01-02, -0005-01-09]" classname="org.threeten.extra.chrono.TestPaxChronology" time="0"/>
  <testcase name="test_PaxDate_until_LocalDate[42: Pax BCE 100-01-01, -0099-01-06]" classname="org.threeten.extra.chrono.TestPaxChronology" time="0"/>
  <testcase name="test_PaxDate_until_LocalDate[43: Pax BCE 100-13-06, -0099-12-13]" classname="org.threeten.extra.chrono.TestPaxChronology" time="0"/>
  <testcase name="test_PaxDate_until_LocalDate[44: Pax BCE 100-13-07, -0099-12-14]" classname="org.threeten.extra.chrono.TestPaxChronology" time="0"/>
  <testcase name="test_PaxDate_until_LocalDate[45: Pax BCE 100-14-01, -0099-12-15]" classname="org.threeten.extra.chrono.TestPaxChronology" time="0"/>
  <testcase name="test_PaxDate_until_LocalDate[46: Pax BCE 100-14-02, -0099-12-16]" classname="org.threeten.extra.chrono.TestPaxChronology" time="0"/>
  <testcase name="test_PaxDate_until_LocalDate[47: Pax BCE 101-01-01, -0101-12-31]" classname="org.threeten.extra.chrono.TestPaxChronology" time="0"/>
  <testcase name="test_PaxDate_until_LocalDate[48: Pax BCE 101-13-06, -0100-12-07]" classname="org.threeten.extra.chrono.TestPaxChronology" time="0"/>
  <testcase name="test_PaxDate_until_LocalDate[49: Pax BCE 101-13-07, -0100-12-08]" classname="org.threeten.extra.chrono.TestPaxChronology" time="0"/>
  <testcase name="test_PaxDate_until_LocalDate[50: Pax BCE 101-14-01, -0100-12-09]" classname="org.threeten.extra.chrono.TestPaxChronology" time="0"/>
  <testcase name="test_PaxDate_until_LocalDate[51: Pax BCE 101-14-02, -0100-12-10]" classname="org.threeten.extra.chrono.TestPaxChronology" time="0"/>
  <testcase name="test_until_end[0: 2014, 5, 26, 2014, 5, 26, 0, 0, 0]" classname="org.threeten.extra.chrono.TestPaxChronology" time="0"/>
  <testcase name="test_until_end[1: 2014, 5, 26, 2014, 6, 4, 0, 0, 6]" classname="org.threeten.extra.chrono.TestPaxChronology" time="0"/>
  <testcase name="test_until_end[2: 2014, 5, 26, 2014, 5, 20, 0, 0, -6]" classname="org.threeten.extra.chrono.TestPaxChronology" time="0"/>
  <testcase name="test_until_end[3: 2014, 5, 26, 2014, 6, 5, 0, 0, 7]" classname="org.threeten.extra.chrono.TestPaxChronology" time="0"/>
  <testcase name="test_until_end[4: 2014, 5, 26, 2014, 6, 25, 0, 0, 27]" classname="org.threeten.extra.chrono.TestPaxChronology" time="0"/>
  <testcase name="test_until_end[5: 2014, 5, 26, 2014, 6, 26, 0, 1, 0]" classname="org.threeten.extra.chrono.TestPaxChronology" time="0"/>
  <testcase name="test_until_end[6: 2014, 5, 26, 2015, 5, 25, 0, 12, 27]" classname="org.threeten.extra.chrono.TestPaxChronology" time="0"/>
  <testcase name="test_until_end[7: 2014, 5, 26, 2015, 5, 26, 1, 0, 0]" classname="org.threeten.extra.chrono.TestPaxChronology" time="0"/>
  <testcase name="test_until_end[8: 2014, 5, 26, 2024, 5, 25, 9, 12, 27]" classname="org.threeten.extra.chrono.TestPaxChronology" time="0"/>
  <testcase name="test_until_end[9: 2011, 13, 26, 2013, 13, 26, 2, 0, 0]" classname="org.threeten.extra.chrono.TestPaxChronology" time="0"/>
  <testcase name="test_until_end[10: 2011, 13, 26, 2012, 14, 26, 1, 0, 0]" classname="org.threeten.extra.chrono.TestPaxChronology" time="0"/>
  <testcase name="test_until_end[11: 2012, 14, 26, 2011, 13, 26, -1, 0, 0]" classname="org.threeten.extra.chrono.TestPaxChronology" time="0"/>
  <testcase name="test_until_end[12: 2012, 14, 26, 2013, 13, 26, 1, 0, 0]" classname="org.threeten.extra.chrono.TestPaxChronology" time="0"/>
  <testcase name="test_until_end[13: 2011, 13, 6, 2012, 13, 6, 0, 13, 0]" classname="org.threeten.extra.chrono.TestPaxChronology" time="0"/>
  <testcase name="test_until_end[14: 2012, 13, 6, 2011, 13, 6, 0, -13, 0]" classname="org.threeten.extra.chrono.TestPaxChronology" time="0"/>
  <testcase name="test_until_end[15: 2011, 13, 1, 2012, 13, 7, 0, 13, 6]" classname="org.threeten.extra.chrono.TestPaxChronology" time="0"/>
  <testcase name="test_until_end[16: 2012, 13, 7, 2011, 13, 1, 0, -13, -6]" classname="org.threeten.extra.chrono.TestPaxChronology" time="0"/>
  <testcase name="test_until_end[17: 2011, 12, 28, 2012, 13, 1, 1, 0, 1]" classname="org.threeten.extra.chrono.TestPaxChronology" time="0"/>
  <testcase name="test_until_end[18: 2012, 13, 1, 2011, 12, 28, -1, 0, -1]" classname="org.threeten.extra.chrono.TestPaxChronology" time="0"/>
  <testcase name="test_until_end[19: 2013, 13, 6, 2012, 13, 6, -1, -1, 0]" classname="org.threeten.extra.chrono.TestPaxChronology" time="0"/>
  <testcase name="test_until_end[20: 2012, 13, 6, 2013, 13, 6, 1, 0, 0]" classname="org.threeten.extra.chrono.TestPaxChronology" time="0"/>
  <testcase name="test_with_TemporalField_unsupported" classname="org.threeten.extra.chrono.TestPaxChronology" time="0"/>
  <testcase name="test_Chronology_date_Temporal[0: Pax CE 1-01-01, 0000-12-31]" classname="org.threeten.extra.chrono.TestPaxChronology" time="0"/>
  <testcase name="test_Chronology_date_Temporal[1: Pax CE 1-01-02, 0001-01-01]" classname="org.threeten.extra.chrono.TestPaxChronology" time="0"/>
  <testcase name="test_Chronology_date_Temporal[2: Pax CE 1-01-03, 0001-01-02]" classname="org.threeten.extra.chrono.TestPaxChronology" time="0"/>
  <testcase name="test_Chronology_date_Temporal[3: Pax CE 1-01-28, 0001-01-27]" classname="org.threeten.extra.chrono.TestPaxChronology" time="0"/>
  <testcase name="test_Chronology_date_Temporal[4: Pax CE 1-02-01, 0001-01-28]" classname="org.threeten.extra.chrono.TestPaxChronology" time="0"/>
  <testcase name="test_Chronology_date_Temporal[5: Pax CE 1-02-02, 0001-01-29]" classname="org.threeten.extra.chrono.TestPaxChronology" time="0"/>
  <testcase name="test_Chronology_date_Temporal[6: Pax CE 1-02-03, 0001-01-30]" classname="org.threeten.extra.chrono.TestPaxChronology" time="0"/>
  <testcase name="test_Chronology_date_Temporal[7: Pax CE 6-13-06, 0006-12-01]" classname="org.threeten.extra.chrono.TestPaxChronology" time="0"/>
  <testcase name="test_Chronology_date_Temporal[8: Pax CE 6-13-07, 0006-12-02]" classname="org.threeten.extra.chrono.TestPaxChronology" time="0"/>
  <testcase name="test_Chronology_date_Temporal[9: Pax CE 6-14-01, 0006-12-03]" classname="org.threeten.extra.chrono.TestPaxChronology" time="0"/>
  <testcase name="test_Chronology_date_Temporal[10: Pax CE 6-14-02, 0006-12-04]" classname="org.threeten.extra.chrono.TestPaxChronology" time="0"/>
  <testcase name="test_Chronology_date_Temporal[11: Pax CE 6-14-03, 0006-12-05]" classname="org.threeten.extra.chrono.TestPaxChronology" time="0"/>
  <testcase name="test_Chronology_date_Temporal[12: Pax CE 6-14-27, 0006-12-29]" classname="org.threeten.extra.chrono.TestPaxChronology" time="0"/>
  <testcase name="test_Chronology_date_Temporal[13: Pax CE 6-14-28, 0006-12-30]" classname="org.threeten.extra.chrono.TestPaxChronology" time="0"/>
  <testcase name="test_Chronology_date_Temporal[14: Pax CE 7-01-01, 0006-12-31]" classname="org.threeten.extra.chrono.TestPaxChronology" time="0"/>
  <testcase name="test_Chronology_date_Temporal[15: Pax CE 7-01-02, 0007-01-01]" classname="org.threeten.extra.chrono.TestPaxChronology" time="0"/>
  <testcase name="test_Chronology_date_Temporal[16: Pax CE 399-13-06, 0399-12-03]" classname="org.threeten.extra.chrono.TestPaxChronology" time="0"/>
  <testcase name="test_Chronology_date_Temporal[17: Pax CE 399-13-07, 0399-12-04]" classname="org.threeten.extra.chrono.TestPaxChronology" time="0"/>
  <testcase name="test_Chronology_date_Temporal[18: Pax CE 399-14-01, 0399-12-05]" classname="org.threeten.extra.chrono.TestPaxChronology" time="0"/>
  <testcase name="test_Chronology_date_Temporal[19: Pax CE 399-14-02, 0399-12-06]" classname="org.threeten.extra.chrono.TestPaxChronology" time="0"/>
  <testcase name="test_Chronology_date_Temporal[20: Pax CE 399-14-03, 0399-12-07]" classname="org.threeten.extra.chrono.TestPaxChronology" time="0"/>
  <testcase name="test_Chronology_date_Temporal[21: Pax CE 400-13-27, 0400-12-29]" classname="org.threeten.extra.chrono.TestPaxChronology" time="0"/>
  <testcase name="test_Chronology_date_Temporal[22: Pax CE 400-13-28, 0400-12-30]" classname="org.threeten.extra.chrono.TestPaxChronology" time="0"/>
  <testcase name="test_Chronology_date_Temporal[23: Pax CE 401-01-01, 0400-12-31]" classname="org.threeten.extra.chrono.TestPaxChronology" time="0"/>
  <testcase name="test_Chronology_date_Temporal[24: Pax CE 401-01-02, 0401-01-01]" classname="org.threeten.extra.chrono.TestPaxChronology" time="0"/>
  <testcase name="test_Chronology_date_Temporal[25: Pax CE 401-01-03, 0401-01-02]" classname="org.threeten.extra.chrono.TestPaxChronology" time="0"/>
  <testcase name="test_Chronology_date_Temporal[26: Pax BCE 1-13-28, 0000-12-30]" classname="org.threeten.extra.chrono.TestPaxChronology" time="0"/>
  <testcase name="test_Chronology_date_Temporal[27: Pax BCE 1-13-27, 0000-12-29]" classname="org.threeten.extra.chrono.TestPaxChronology" time="0"/>
  <testcase name="test_Chronology_date_Temporal[28: Pax CE 1582-10-05, 1582-09-09]" classname="org.threeten.extra.chrono.TestPaxChronology" time="0"/>
  <testcase name="test_Chronology_date_Temporal[29: Pax CE 1582-10-06, 1582-09-10]" classname="org.threeten.extra.chrono.TestPaxChronology" time="0"/>
  <testcase name="test_Chronology_date_Temporal[30: Pax CE 1945-10-28, 1945-10-06]" classname="org.threeten.extra.chrono.TestPaxChronology" time="0"/>
  <testcase name="test_Chronology_date_Temporal[31: Pax CE 2012-06-23, 2012-06-04]" classname="org.threeten.extra.chrono.TestPaxChronology" time="0"/>
  <testcase name="test_Chronology_date_Temporal[32: Pax CE 2012-06-24, 2012-06-05]" classname="org.threeten.extra.chrono.TestPaxChronology" time="0"/>
  <testcase name="test_Chronology_date_Temporal[33: Pax BCE 7-01-01, -0006-01-02]" classname="org.threeten.extra.chrono.TestPaxChronology" time="0"/>
  <testcase name="test_Chronology_date_Temporal[34: Pax BCE 7-13-06, -0006-12-09]" classname="org.threeten.extra.chrono.TestPaxChronology" time="0"/>
  <testcase name="test_Chronology_date_Temporal[35: Pax BCE 7-13-07, -0006-12-10]" classname="org.threeten.extra.chrono.TestPaxChronology" time="0.001"/>
  <testcase name="test_Chronology_date_Temporal[36: Pax BCE 7-14-01, -0006-12-11]" classname="org.threeten.extra.chrono.TestPaxChronology" time="0"/>
  <testcase name="test_Chronology_date_Temporal[37: Pax BCE 7-14-02, -0006-12-12]" classname="org.threeten.extra.chrono.TestPaxChronology" time="0"/>
  <testcase name="test_Chronology_date_Temporal[38: Pax BCE 7-14-27, -0005-01-06]" classname="org.threeten.extra.chrono.TestPaxChronology" time="0"/>
  <testcase name="test_Chronology_date_Temporal[39: Pax BCE 7-14-28, -0005-01-07]" classname="org.threeten.extra.chrono.TestPaxChronology" time="0"/>
  <testcase name="test_Chronology_date_Temporal[40: Pax BCE 6-01-01, -0005-01-08]" classname="org.threeten.extra.chrono.TestPaxChronology" time="0"/>
  <testcase name="test_Chronology_date_Temporal[41: Pax BCE 6-01-02, -0005-01-09]" classname="org.threeten.extra.chrono.TestPaxChronology" time="0"/>
  <testcase name="test_Chronology_date_Temporal[42: Pax BCE 100-01-01, -0099-01-06]" classname="org.threeten.extra.chrono.TestPaxChronology" time="0"/>
  <testcase name="test_Chronology_date_Temporal[43: Pax BCE 100-13-06, -0099-12-13]" classname="org.threeten.extra.chrono.TestPaxChronology" time="0"/>
  <testcase name="test_Chronology_date_Temporal[44: Pax BCE 100-13-07, -0099-12-14]" classname="org.threeten.extra.chrono.TestPaxChronology" time="0"/>
  <testcase name="test_Chronology_date_Temporal[45: Pax BCE 100-14-01, -0099-12-15]" classname="org.threeten.extra.chrono.TestPaxChronology" time="0"/>
  <testcase name="test_Chronology_date_Temporal[46: Pax BCE 100-14-02, -0099-12-16]" classname="org.threeten.extra.chrono.TestPaxChronology" time="0"/>
  <testcase name="test_Chronology_date_Temporal[47: Pax BCE 101-01-01, -0101-12-31]" classname="org.threeten.extra.chrono.TestPaxChronology" time="0"/>
  <testcase name="test_Chronology_date_Temporal[48: Pax BCE 101-13-06, -0100-12-07]" classname="org.threeten.extra.chrono.TestPaxChronology" time="0"/>
  <testcase name="test_Chronology_date_Temporal[49: Pax BCE 101-13-07, -0100-12-08]" classname="org.threeten.extra.chrono.TestPaxChronology" time="0"/>
  <testcase name="test_Chronology_date_Temporal[50: Pax BCE 101-14-01, -0100-12-09]" classname="org.threeten.extra.chrono.TestPaxChronology" time="0"/>
  <testcase name="test_Chronology_date_Temporal[51: Pax BCE 101-14-02, -0100-12-10]" classname="org.threeten.extra.chrono.TestPaxChronology" time="0"/>
  <testcase name="test_LocalDateTime_adjustToPaxDate" classname="org.threeten.extra.chrono.TestPaxChronology" time="0"/>
  <testcase name="test_minus_leap_TemporalUnit[0: 2012, 13, 7, -1, Months, 2012, 12, 26]" classname="org.threeten.extra.chrono.TestPaxChronology" time="0"/>
  <testcase name="test_minus_leap_TemporalUnit[1: 2012, 13, 7, 1, Months, 2012, 14, 26]" classname="org.threeten.extra.chrono.TestPaxChronology" time="0"/>
  <testcase name="test_minus_leap_TemporalUnit[2: 2012, 14, 6, 3, Years, 2015, 13, 6]" classname="org.threeten.extra.chrono.TestPaxChronology" time="0"/>
  <testcase name="test_badDates[0: 1900, 0, 0]" classname="org.threeten.extra.chrono.TestPaxChronology" time="0"/>
  <testcase name="test_badDates[1: 1900, -1, 1]" classname="org.threeten.extra.chrono.TestPaxChronology" time="0"/>
  <testcase name="test_badDates[2: 1900, 0, 1]" classname="org.threeten.extra.chrono.TestPaxChronology" time="0"/>
  <testcase name="test_badDates[3: 1900, 15, 1]" classname="org.threeten.extra.chrono.TestPaxChronology" time="0"/>
  <testcase name="test_badDates[4: 1900, 16, 1]" classname="org.threeten.extra.chrono.TestPaxChronology" time="0"/>
  <testcase name="test_badDates[5: 1900, 1, -1]" classname="org.threeten.extra.chrono.TestPaxChronology" time="0"/>
  <testcase name="test_badDates[6: 1900, 1, 0]" classname="org.threeten.extra.chrono.TestPaxChronology" time="0"/>
  <testcase name="test_badDates[7: 1900, 1, 29]" classname="org.threeten.extra.chrono.TestPaxChronology" time="0"/>
  <testcase name="test_badDates[8: 1900, 13, -1]" classname="org.threeten.extra.chrono.TestPaxChronology" time="0"/>
  <testcase name="test_badDates[9: 1900, 13, 0]" classname="org.threeten.extra.chrono.TestPaxChronology" time="0"/>
  <testcase name="test_badDates[10: 1900, 13, 8]" classname="org.threeten.extra.chrono.TestPaxChronology" time="0"/>
  <testcase name="test_badDates[11: 1900, 14, -1]" classname="org.threeten.extra.chrono.TestPaxChronology" time="0"/>
  <testcase name="test_badDates[12: 1900, 14, 0]" classname="org.threeten.extra.chrono.TestPaxChronology" time="0"/>
  <testcase name="test_badDates[13: 1900, 14, 29]" classname="org.threeten.extra.chrono.TestPaxChronology" time="0"/>
  <testcase name="test_badDates[14: 1900, 14, 30]" classname="org.threeten.extra.chrono.TestPaxChronology" time="0"/>
  <testcase name="test_badDates[15: 1898, 13, -1]" classname="org.threeten.extra.chrono.TestPaxChronology" time="0"/>
  <testcase name="test_badDates[16: 1898, 13, 0]" classname="org.threeten.extra.chrono.TestPaxChronology" time="0"/>
  <testcase name="test_badDates[17: 1898, 14, 29]" classname="org.threeten.extra.chrono.TestPaxChronology" time="0"/>
  <testcase name="test_badDates[18: 1898, 14, 30]" classname="org.threeten.extra.chrono.TestPaxChronology" time="0"/>
  <testcase name="test_badDates[19: 1898, 14, 1]" classname="org.threeten.extra.chrono.TestPaxChronology" time="0"/>
  <testcase name="test_badDates[20: 1898, 14, 2]" classname="org.threeten.extra.chrono.TestPaxChronology" time="0"/>
  <testcase name="test_badDates[21: 1900, 14, -1]" classname="org.threeten.extra.chrono.TestPaxChronology" time="0"/>
  <testcase name="test_badDates[22: 1900, 14, 0]" classname="org.threeten.extra.chrono.TestPaxChronology" time="0"/>
  <testcase name="test_badDates[23: 1900, 14, 29]" classname="org.threeten.extra.chrono.TestPaxChronology" time="0"/>
  <testcase name="test_badDates[24: 1900, 2, 29]" classname="org.threeten.extra.chrono.TestPaxChronology" time="0"/>
  <testcase name="test_badDates[25: 1900, 3, 29]" classname="org.threeten.extra.chrono.TestPaxChronology" time="0"/>
  <testcase name="test_badDates[26: 1900, 4, 29]" classname="org.threeten.extra.chrono.TestPaxChronology" time="0"/>
  <testcase name="test_badDates[27: 1900, 5, 29]" classname="org.threeten.extra.chrono.TestPaxChronology" time="0"/>
  <testcase name="test_badDates[28: 1900, 6, 29]" classname="org.threeten.extra.chrono.TestPaxChronology" time="0"/>
  <testcase name="test_badDates[29: 1900, 7, 29]" classname="org.threeten.extra.chrono.TestPaxChronology" time="0"/>
  <testcase name="test_badDates[30: 1900, 8, 29]" classname="org.threeten.extra.chrono.TestPaxChronology" time="0"/>
  <testcase name="test_badDates[31: 1900, 9, 29]" classname="org.threeten.extra.chrono.TestPaxChronology" time="0"/>
  <testcase name="test_badDates[32: 1900, 10, 29]" classname="org.threeten.extra.chrono.TestPaxChronology" time="0"/>
  <testcase name="test_badDates[33: 1900, 11, 29]" classname="org.threeten.extra.chrono.TestPaxChronology" time="0"/>
  <testcase name="test_badDates[34: 1900, 12, 29]" classname="org.threeten.extra.chrono.TestPaxChronology" time="0"/>
  <testcase name="test_getLong_unsupported" classname="org.threeten.extra.chrono.TestPaxChronology" time="0"/>
  <testcase name="test_LocalDate_until_PaxDate[0: Pax CE 1-01-01, 0000-12-31]" classname="org.threeten.extra.chrono.TestPaxChronology" time="0"/>
  <testcase name="test_LocalDate_until_PaxDate[1: Pax CE 1-01-02, 0001-01-01]" classname="org.threeten.extra.chrono.TestPaxChronology" time="0"/>
  <testcase name="test_LocalDate_until_PaxDate[2: Pax CE 1-01-03, 0001-01-02]" classname="org.threeten.extra.chrono.TestPaxChronology" time="0"/>
  <testcase name="test_LocalDate_until_PaxDate[3: Pax CE 1-01-28, 0001-01-27]" classname="org.threeten.extra.chrono.TestPaxChronology" time="0"/>
  <testcase name="test_LocalDate_until_PaxDate[4: Pax CE 1-02-01, 0001-01-28]" classname="org.threeten.extra.chrono.TestPaxChronology" time="0"/>
  <testcase name="test_LocalDate_until_PaxDate[5: Pax CE 1-02-02, 0001-01-29]" classname="org.threeten.extra.chrono.TestPaxChronology" time="0"/>
  <testcase name="test_LocalDate_until_PaxDate[6: Pax CE 1-02-03, 0001-01-30]" classname="org.threeten.extra.chrono.TestPaxChronology" time="0"/>
  <testcase name="test_LocalDate_until_PaxDate[7: Pax CE 6-13-06, 0006-12-01]" classname="org.threeten.extra.chrono.TestPaxChronology" time="0"/>
  <testcase name="test_LocalDate_until_PaxDate[8: Pax CE 6-13-07, 0006-12-02]" classname="org.threeten.extra.chrono.TestPaxChronology" time="0"/>
  <testcase name="test_LocalDate_until_PaxDate[9: Pax CE 6-14-01, 0006-12-03]" classname="org.threeten.extra.chrono.TestPaxChronology" time="0"/>
  <testcase name="test_LocalDate_until_PaxDate[10: Pax CE 6-14-02, 0006-12-04]" classname="org.threeten.extra.chrono.TestPaxChronology" time="0.001"/>
  <testcase name="test_LocalDate_until_PaxDate[11: Pax CE 6-14-03, 0006-12-05]" classname="org.threeten.extra.chrono.TestPaxChronology" time="0"/>
  <testcase name="test_LocalDate_until_PaxDate[12: Pax CE 6-14-27, 0006-12-29]" classname="org.threeten.extra.chrono.TestPaxChronology" time="0"/>
  <testcase name="test_LocalDate_until_PaxDate[13: Pax CE 6-14-28, 0006-12-30]" classname="org.threeten.extra.chrono.TestPaxChronology" time="0"/>
  <testcase name="test_LocalDate_until_PaxDate[14: Pax CE 7-01-01, 0006-12-31]" classname="org.threeten.extra.chrono.TestPaxChronology" time="0"/>
  <testcase name="test_LocalDate_until_PaxDate[15: Pax CE 7-01-02, 0007-01-01]" classname="org.threeten.extra.chrono.TestPaxChronology" time="0.001"/>
  <testcase name="test_LocalDate_until_PaxDate[16: Pax CE 399-13-06, 0399-12-03]" classname="org.threeten.extra.chrono.TestPaxChronology" time="0"/>
  <testcase name="test_LocalDate_until_PaxDate[17: Pax CE 399-13-07, 0399-12-04]" classname="org.threeten.extra.chrono.TestPaxChronology" time="0"/>
  <testcase name="test_LocalDate_until_PaxDate[18: Pax CE 399-14-01, 0399-12-05]" classname="org.threeten.extra.chrono.TestPaxChronology" time="0"/>
  <testcase name="test_LocalDate_until_PaxDate[19: Pax CE 399-14-02, 0399-12-06]" classname="org.threeten.extra.chrono.TestPaxChronology" time="0"/>
  <testcase name="test_LocalDate_until_PaxDate[20: Pax CE 399-14-03, 0399-12-07]" classname="org.threeten.extra.chrono.TestPaxChronology" time="0"/>
  <testcase name="test_LocalDate_until_PaxDate[21: Pax CE 400-13-27, 0400-12-29]" classname="org.threeten.extra.chrono.TestPaxChronology" time="0"/>
  <testcase name="test_LocalDate_until_PaxDate[22: Pax CE 400-13-28, 0400-12-30]" classname="org.threeten.extra.chrono.TestPaxChronology" time="0"/>
  <testcase name="test_LocalDate_until_PaxDate[23: Pax CE 401-01-01, 0400-12-31]" classname="org.threeten.extra.chrono.TestPaxChronology" time="0"/>
  <testcase name="test_LocalDate_until_PaxDate[24: Pax CE 401-01-02, 0401-01-01]" classname="org.threeten.extra.chrono.TestPaxChronology" time="0"/>
  <testcase name="test_LocalDate_until_PaxDate[25: Pax CE 401-01-03, 0401-01-02]" classname="org.threeten.extra.chrono.TestPaxChronology" time="0"/>
  <testcase name="test_LocalDate_until_PaxDate[26: Pax BCE 1-13-28, 0000-12-30]" classname="org.threeten.extra.chrono.TestPaxChronology" time="0"/>
  <testcase name="test_LocalDate_until_PaxDate[27: Pax BCE 1-13-27, 0000-12-29]" classname="org.threeten.extra.chrono.TestPaxChronology" time="0"/>
  <testcase name="test_LocalDate_until_PaxDate[28: Pax CE 1582-10-05, 1582-09-09]" classname="org.threeten.extra.chrono.TestPaxChronology" time="0"/>
  <testcase name="test_LocalDate_until_PaxDate[29: Pax CE 1582-10-06, 1582-09-10]" classname="org.threeten.extra.chrono.TestPaxChronology" time="0"/>
  <testcase name="test_LocalDate_until_PaxDate[30: Pax CE 1945-10-28, 1945-10-06]" classname="org.threeten.extra.chrono.TestPaxChronology" time="0"/>
  <testcase name="test_LocalDate_until_PaxDate[31: Pax CE 2012-06-23, 2012-06-04]" classname="org.threeten.extra.chrono.TestPaxChronology" time="0"/>
  <testcase name="test_LocalDate_until_PaxDate[32: Pax CE 2012-06-24, 2012-06-05]" classname="org.threeten.extra.chrono.TestPaxChronology" time="0"/>
  <testcase name="test_LocalDate_until_PaxDate[33: Pax BCE 7-01-01, -0006-01-02]" classname="org.threeten.extra.chrono.TestPaxChronology" time="0"/>
  <testcase name="test_LocalDate_until_PaxDate[34: Pax BCE 7-13-06, -0006-12-09]" classname="org.threeten.extra.chrono.TestPaxChronology" time="0"/>
  <testcase name="test_LocalDate_until_PaxDate[35: Pax BCE 7-13-07, -0006-12-10]" classname="org.threeten.extra.chrono.TestPaxChronology" time="0"/>
  <testcase name="test_LocalDate_until_PaxDate[36: Pax BCE 7-14-01, -0006-12-11]" classname="org.threeten.extra.chrono.TestPaxChronology" time="0"/>
  <testcase name="test_LocalDate_until_PaxDate[37: Pax BCE 7-14-02, -0006-12-12]" classname="org.threeten.extra.chrono.TestPaxChronology" time="0"/>
  <testcase name="test_LocalDate_until_PaxDate[38: Pax BCE 7-14-27, -0005-01-06]" classname="org.threeten.extra.chrono.TestPaxChronology" time="0"/>
  <testcase name="test_LocalDate_until_PaxDate[39: Pax BCE 7-14-28, -0005-01-07]" classname="org.threeten.extra.chrono.TestPaxChronology" time="0"/>
  <testcase name="test_LocalDate_until_PaxDate[40: Pax BCE 6-01-01, -0005-01-08]" classname="org.threeten.extra.chrono.TestPaxChronology" time="0"/>
  <testcase name="test_LocalDate_until_PaxDate[41: Pax BCE 6-01-02, -0005-01-09]" classname="org.threeten.extra.chrono.TestPaxChronology" time="0"/>
  <testcase name="test_LocalDate_until_PaxDate[42: Pax BCE 100-01-01, -0099-01-06]" classname="org.threeten.extra.chrono.TestPaxChronology" time="0"/>
  <testcase name="test_LocalDate_until_PaxDate[43: Pax BCE 100-13-06, -0099-12-13]" classname="org.threeten.extra.chrono.TestPaxChronology" time="0"/>
  <testcase name="test_LocalDate_until_PaxDate[44: Pax BCE 100-13-07, -0099-12-14]" classname="org.threeten.extra.chrono.TestPaxChronology" time="0"/>
  <testcase name="test_LocalDate_until_PaxDate[45: Pax BCE 100-14-01, -0099-12-15]" classname="org.threeten.extra.chrono.TestPaxChronology" time="0"/>
  <testcase name="test_LocalDate_until_PaxDate[46: Pax BCE 100-14-02, -0099-12-16]" classname="org.threeten.extra.chrono.TestPaxChronology" time="0"/>
  <testcase name="test_LocalDate_until_PaxDate[47: Pax BCE 101-01-01, -0101-12-31]" classname="org.threeten.extra.chrono.TestPaxChronology" time="0"/>
  <testcase name="test_LocalDate_until_PaxDate[48: Pax BCE 101-13-06, -0100-12-07]" classname="org.threeten.extra.chrono.TestPaxChronology" time="0"/>
  <testcase name="test_LocalDate_until_PaxDate[49: Pax BCE 101-13-07, -0100-12-08]" classname="org.threeten.extra.chrono.TestPaxChronology" time="0"/>
  <testcase name="test_LocalDate_until_PaxDate[50: Pax BCE 101-14-01, -0100-12-09]" classname="org.threeten.extra.chrono.TestPaxChronology" time="0"/>
  <testcase name="test_LocalDate_until_PaxDate[51: Pax BCE 101-14-02, -0100-12-10]" classname="org.threeten.extra.chrono.TestPaxChronology" time="0"/>
  <testcase name="test_plusDays[0: Pax CE 1-01-01, 0000-12-31]" classname="org.threeten.extra.chrono.TestPaxChronology" time="0"/>
  <testcase name="test_plusDays[1: Pax CE 1-01-02, 0001-01-01]" classname="org.threeten.extra.chrono.TestPaxChronology" time="0"/>
  <testcase name="test_plusDays[2: Pax CE 1-01-03, 0001-01-02]" classname="org.threeten.extra.chrono.TestPaxChronology" time="0"/>
  <testcase name="test_plusDays[3: Pax CE 1-01-28, 0001-01-27]" classname="org.threeten.extra.chrono.TestPaxChronology" time="0"/>
  <testcase name="test_plusDays[4: Pax CE 1-02-01, 0001-01-28]" classname="org.threeten.extra.chrono.TestPaxChronology" time="0"/>
  <testcase name="test_plusDays[5: Pax CE 1-02-02, 0001-01-29]" classname="org.threeten.extra.chrono.TestPaxChronology" time="0"/>
  <testcase name="test_plusDays[6: Pax CE 1-02-03, 0001-01-30]" classname="org.threeten.extra.chrono.TestPaxChronology" time="0"/>
  <testcase name="test_plusDays[7: Pax CE 6-13-06, 0006-12-01]" classname="org.threeten.extra.chrono.TestPaxChronology" time="0"/>
  <testcase name="test_plusDays[8: Pax CE 6-13-07, 0006-12-02]" classname="org.threeten.extra.chrono.TestPaxChronology" time="0"/>
  <testcase name="test_plusDays[9: Pax CE 6-14-01, 0006-12-03]" classname="org.threeten.extra.chrono.TestPaxChronology" time="0"/>
  <testcase name="test_plusDays[10: Pax CE 6-14-02, 0006-12-04]" classname="org.threeten.extra.chrono.TestPaxChronology" time="0"/>
  <testcase name="test_plusDays[11: Pax CE 6-14-03, 0006-12-05]" classname="org.threeten.extra.chrono.TestPaxChronology" time="0"/>
  <testcase name="test_plusDays[12: Pax CE 6-14-27, 0006-12-29]" classname="org.threeten.extra.chrono.TestPaxChronology" time="0"/>
  <testcase name="test_plusDays[13: Pax CE 6-14-28, 0006-12-30]" classname="org.threeten.extra.chrono.TestPaxChronology" time="0"/>
  <testcase name="test_plusDays[14: Pax CE 7-01-01, 0006-12-31]" classname="org.threeten.extra.chrono.TestPaxChronology" time="0"/>
  <testcase name="test_plusDays[15: Pax CE 7-01-02, 0007-01-01]" classname="org.threeten.extra.chrono.TestPaxChronology" time="0.001"/>
  <testcase name="test_plusDays[16: Pax CE 399-13-06, 0399-12-03]" classname="org.threeten.extra.chrono.TestPaxChronology" time="0"/>
  <testcase name="test_plusDays[17: Pax CE 399-13-07, 0399-12-04]" classname="org.threeten.extra.chrono.TestPaxChronology" time="0"/>
  <testcase name="test_plusDays[18: Pax CE 399-14-01, 0399-12-05]" classname="org.threeten.extra.chrono.TestPaxChronology" time="0"/>
  <testcase name="test_plusDays[19: Pax CE 399-14-02, 0399-12-06]" classname="org.threeten.extra.chrono.TestPaxChronology" time="0"/>
  <testcase name="test_plusDays[20: Pax CE 399-14-03, 0399-12-07]" classname="org.threeten.extra.chrono.TestPaxChronology" time="0"/>
  <testcase name="test_plusDays[21: Pax CE 400-13-27, 0400-12-29]" classname="org.threeten.extra.chrono.TestPaxChronology" time="0"/>
  <testcase name="test_plusDays[22: Pax CE 400-13-28, 0400-12-30]" classname="org.threeten.extra.chrono.TestPaxChronology" time="0"/>
  <testcase name="test_plusDays[23: Pax CE 401-01-01, 0400-12-31]" classname="org.threeten.extra.chrono.TestPaxChronology" time="0"/>
  <testcase name="test_plusDays[24: Pax CE 401-01-02, 0401-01-01]" classname="org.threeten.extra.chrono.TestPaxChronology" time="0"/>
  <testcase name="test_plusDays[25: Pax CE 401-01-03, 0401-01-02]" classname="org.threeten.extra.chrono.TestPaxChronology" time="0"/>
  <testcase name="test_plusDays[26: Pax BCE 1-13-28, 0000-12-30]" classname="org.threeten.extra.chrono.TestPaxChronology" time="0"/>
  <testcase name="test_plusDays[27: Pax BCE 1-13-27, 0000-12-29]" classname="org.threeten.extra.chrono.TestPaxChronology" time="0"/>
  <testcase name="test_plusDays[28: Pax CE 1582-10-05, 1582-09-09]" classname="org.threeten.extra.chrono.TestPaxChronology" time="0"/>
  <testcase name="test_plusDays[29: Pax CE 1582-10-06, 1582-09-10]" classname="org.threeten.extra.chrono.TestPaxChronology" time="0"/>
  <testcase name="test_plusDays[30: Pax CE 1945-10-28, 1945-10-06]" classname="org.threeten.extra.chrono.TestPaxChronology" time="0"/>
  <testcase name="test_plusDays[31: Pax CE 2012-06-23, 2012-06-04]" classname="org.threeten.extra.chrono.TestPaxChronology" time="0"/>
  <testcase name="test_plusDays[32: Pax CE 2012-06-24, 2012-06-05]" classname="org.threeten.extra.chrono.TestPaxChronology" time="0"/>
  <testcase name="test_plusDays[33: Pax BCE 7-01-01, -0006-01-02]" classname="org.threeten.extra.chrono.TestPaxChronology" time="0"/>
  <testcase name="test_plusDays[34: Pax BCE 7-13-06, -0006-12-09]" classname="org.threeten.extra.chrono.TestPaxChronology" time="0"/>
  <testcase name="test_plusDays[35: Pax BCE 7-13-07, -0006-12-10]" classname="org.threeten.extra.chrono.TestPaxChronology" time="0"/>
  <testcase name="test_plusDays[36: Pax BCE 7-14-01, -0006-12-11]" classname="org.threeten.extra.chrono.TestPaxChronology" time="0"/>
  <testcase name="test_plusDays[37: Pax BCE 7-14-02, -0006-12-12]" classname="org.threeten.extra.chrono.TestPaxChronology" time="0"/>
  <testcase name="test_plusDays[38: Pax BCE 7-14-27, -0005-01-06]" classname="org.threeten.extra.chrono.TestPaxChronology" time="0"/>
  <testcase name="test_plusDays[39: Pax BCE 7-14-28, -0005-01-07]" classname="org.threeten.extra.chrono.TestPaxChronology" time="0"/>
  <testcase name="test_plusDays[40: Pax BCE 6-01-01, -0005-01-08]" classname="org.threeten.extra.chrono.TestPaxChronology" time="0.001"/>
  <testcase name="test_plusDays[41: Pax BCE 6-01-02, -0005-01-09]" classname="org.threeten.extra.chrono.TestPaxChronology" time="0"/>
  <testcase name="test_plusDays[42: Pax BCE 100-01-01, -0099-01-06]" classname="org.threeten.extra.chrono.TestPaxChronology" time="0"/>
  <testcase name="test_plusDays[43: Pax BCE 100-13-06, -0099-12-13]" classname="org.threeten.extra.chrono.TestPaxChronology" time="0"/>
  <testcase name="test_plusDays[44: Pax BCE 100-13-07, -0099-12-14]" classname="org.threeten.extra.chrono.TestPaxChronology" time="0"/>
  <testcase name="test_plusDays[45: Pax BCE 100-14-01, -0099-12-15]" classname="org.threeten.extra.chrono.TestPaxChronology" time="0"/>
  <testcase name="test_plusDays[46: Pax BCE 100-14-02, -0099-12-16]" classname="org.threeten.extra.chrono.TestPaxChronology" time="0"/>
  <testcase name="test_plusDays[47: Pax BCE 101-01-01, -0101-12-31]" classname="org.threeten.extra.chrono.TestPaxChronology" time="0"/>
  <testcase name="test_plusDays[48: Pax BCE 101-13-06, -0100-12-07]" classname="org.threeten.extra.chrono.TestPaxChronology" time="0"/>
  <testcase name="test_plusDays[49: Pax BCE 101-13-07, -0100-12-08]" classname="org.threeten.extra.chrono.TestPaxChronology" time="0"/>
  <testcase name="test_plusDays[50: Pax BCE 101-14-01, -0100-12-09]" classname="org.threeten.extra.chrono.TestPaxChronology" time="0"/>
  <testcase name="test_plusDays[51: Pax BCE 101-14-02, -0100-12-10]" classname="org.threeten.extra.chrono.TestPaxChronology" time="0"/>
  <testcase name="test_minusDays[0: Pax CE 1-01-01, 0000-12-31]" classname="org.threeten.extra.chrono.TestPaxChronology" time="0"/>
  <testcase name="test_minusDays[1: Pax CE 1-01-02, 0001-01-01]" classname="org.threeten.extra.chrono.TestPaxChronology" time="0"/>
  <testcase name="test_minusDays[2: Pax CE 1-01-03, 0001-01-02]" classname="org.threeten.extra.chrono.TestPaxChronology" time="0"/>
  <testcase name="test_minusDays[3: Pax CE 1-01-28, 0001-01-27]" classname="org.threeten.extra.chrono.TestPaxChronology" time="0"/>
  <testcase name="test_minusDays[4: Pax CE 1-02-01, 0001-01-28]" classname="org.threeten.extra.chrono.TestPaxChronology" time="0"/>
  <testcase name="test_minusDays[5: Pax CE 1-02-02, 0001-01-29]" classname="org.threeten.extra.chrono.TestPaxChronology" time="0"/>
  <testcase name="test_minusDays[6: Pax CE 1-02-03, 0001-01-30]" classname="org.threeten.extra.chrono.TestPaxChronology" time="0"/>
  <testcase name="test_minusDays[7: Pax CE 6-13-06, 0006-12-01]" classname="org.threeten.extra.chrono.TestPaxChronology" time="0"/>
  <testcase name="test_minusDays[8: Pax CE 6-13-07, 0006-12-02]" classname="org.threeten.extra.chrono.TestPaxChronology" time="0"/>
  <testcase name="test_minusDays[9: Pax CE 6-14-01, 0006-12-03]" classname="org.threeten.extra.chrono.TestPaxChronology" time="0"/>
  <testcase name="test_minusDays[10: Pax CE 6-14-02, 0006-12-04]" classname="org.threeten.extra.chrono.TestPaxChronology" time="0"/>
  <testcase name="test_minusDays[11: Pax CE 6-14-03, 0006-12-05]" classname="org.threeten.extra.chrono.TestPaxChronology" time="0"/>
  <testcase name="test_minusDays[12: Pax CE 6-14-27, 0006-12-29]" classname="org.threeten.extra.chrono.TestPaxChronology" time="0"/>
  <testcase name="test_minusDays[13: Pax CE 6-14-28, 0006-12-30]" classname="org.threeten.extra.chrono.TestPaxChronology" time="0"/>
  <testcase name="test_minusDays[14: Pax CE 7-01-01, 0006-12-31]" classname="org.threeten.extra.chrono.TestPaxChronology" time="0"/>
  <testcase name="test_minusDays[15: Pax CE 7-01-02, 0007-01-01]" classname="org.threeten.extra.chrono.TestPaxChronology" time="0"/>
  <testcase name="test_minusDays[16: Pax CE 399-13-06, 0399-12-03]" classname="org.threeten.extra.chrono.TestPaxChronology" time="0"/>
  <testcase name="test_minusDays[17: Pax CE 399-13-07, 0399-12-04]" classname="org.threeten.extra.chrono.TestPaxChronology" time="0"/>
  <testcase name="test_minusDays[18: Pax CE 399-14-01, 0399-12-05]" classname="org.threeten.extra.chrono.TestPaxChronology" time="0"/>
  <testcase name="test_minusDays[19: Pax CE 399-14-02, 0399-12-06]" classname="org.threeten.extra.chrono.TestPaxChronology" time="0"/>
  <testcase name="test_minusDays[20: Pax CE 399-14-03, 0399-12-07]" classname="org.threeten.extra.chrono.TestPaxChronology" time="0"/>
  <testcase name="test_minusDays[21: Pax CE 400-13-27, 0400-12-29]" classname="org.threeten.extra.chrono.TestPaxChronology" time="0"/>
  <testcase name="test_minusDays[22: Pax CE 400-13-28, 0400-12-30]" classname="org.threeten.extra.chrono.TestPaxChronology" time="0"/>
  <testcase name="test_minusDays[23: Pax CE 401-01-01, 0400-12-31]" classname="org.threeten.extra.chrono.TestPaxChronology" time="0"/>
  <testcase name="test_minusDays[24: Pax CE 401-01-02, 0401-01-01]" classname="org.threeten.extra.chrono.TestPaxChronology" time="0"/>
  <testcase name="test_minusDays[25: Pax CE 401-01-03, 0401-01-02]" classname="org.threeten.extra.chrono.TestPaxChronology" time="0"/>
  <testcase name="test_minusDays[26: Pax BCE 1-13-28, 0000-12-30]" classname="org.threeten.extra.chrono.TestPaxChronology" time="0"/>
  <testcase name="test_minusDays[27: Pax BCE 1-13-27, 0000-12-29]" classname="org.threeten.extra.chrono.TestPaxChronology" time="0"/>
  <testcase name="test_minusDays[28: Pax CE 1582-10-05, 1582-09-09]" classname="org.threeten.extra.chrono.TestPaxChronology" time="0"/>
  <testcase name="test_minusDays[29: Pax CE 1582-10-06, 1582-09-10]" classname="org.threeten.extra.chrono.TestPaxChronology" time="0"/>
  <testcase name="test_minusDays[30: Pax CE 1945-10-28, 1945-10-06]" classname="org.threeten.extra.chrono.TestPaxChronology" time="0"/>
  <testcase name="test_minusDays[31: Pax CE 2012-06-23, 2012-06-04]" classname="org.threeten.extra.chrono.TestPaxChronology" time="0"/>
  <testcase name="test_minusDays[32: Pax CE 2012-06-24, 2012-06-05]" classname="org.threeten.extra.chrono.TestPaxChronology" time="0"/>
  <testcase name="test_minusDays[33: Pax BCE 7-01-01, -0006-01-02]" classname="org.threeten.extra.chrono.TestPaxChronology" time="0"/>
  <testcase name="test_minusDays[34: Pax BCE 7-13-06, -0006-12-09]" classname="org.threeten.extra.chrono.TestPaxChronology" time="0"/>
  <testcase name="test_minusDays[35: Pax BCE 7-13-07, -0006-12-10]" classname="org.threeten.extra.chrono.TestPaxChronology" time="0"/>
  <testcase name="test_minusDays[36: Pax BCE 7-14-01, -0006-12-11]" classname="org.threeten.extra.chrono.TestPaxChronology" time="0"/>
  <testcase name="test_minusDays[37: Pax BCE 7-14-02, -0006-12-12]" classname="org.threeten.extra.chrono.TestPaxChronology" time="0"/>
  <testcase name="test_minusDays[38: Pax BCE 7-14-27, -0005-01-06]" classname="org.threeten.extra.chrono.TestPaxChronology" time="0"/>
  <testcase name="test_minusDays[39: Pax BCE 7-14-28, -0005-01-07]" classname="org.threeten.extra.chrono.TestPaxChronology" time="0.001"/>
  <testcase name="test_minusDays[40: Pax BCE 6-01-01, -0005-01-08]" classname="org.threeten.extra.chrono.TestPaxChronology" time="0"/>
  <testcase name="test_minusDays[41: Pax BCE 6-01-02, -0005-01-09]" classname="org.threeten.extra.chrono.TestPaxChronology" time="0"/>
  <testcase name="test_minusDays[42: Pax BCE 100-01-01, -0099-01-06]" classname="org.threeten.extra.chrono.TestPaxChronology" time="0"/>
  <testcase name="test_minusDays[43: Pax BCE 100-13-06, -0099-12-13]" classname="org.threeten.extra.chrono.TestPaxChronology" time="0"/>
  <testcase name="test_minusDays[44: Pax BCE 100-13-07, -0099-12-14]" classname="org.threeten.extra.chrono.TestPaxChronology" time="0"/>
  <testcase name="test_minusDays[45: Pax BCE 100-14-01, -0099-12-15]" classname="org.threeten.extra.chrono.TestPaxChronology" time="0"/>
  <testcase name="test_minusDays[46: Pax BCE 100-14-02, -0099-12-16]" classname="org.threeten.extra.chrono.TestPaxChronology" time="0"/>
  <testcase name="test_minusDays[47: Pax BCE 101-01-01, -0101-12-31]" classname="org.threeten.extra.chrono.TestPaxChronology" time="0"/>
  <testcase name="test_minusDays[48: Pax BCE 101-13-06, -0100-12-07]" classname="org.threeten.extra.chrono.TestPaxChronology" time="0"/>
  <testcase name="test_minusDays[49: Pax BCE 101-13-07, -0100-12-08]" classname="org.threeten.extra.chrono.TestPaxChronology" time="0"/>
  <testcase name="test_minusDays[50: Pax BCE 101-14-01, -0100-12-09]" classname="org.threeten.extra.chrono.TestPaxChronology" time="0"/>
  <testcase name="test_minusDays[51: Pax BCE 101-14-02, -0100-12-10]" classname="org.threeten.extra.chrono.TestPaxChronology" time="0"/>
  <testcase name="test_toString[0: Pax CE 1-01-01, Pax CE 1-01-01]" classname="org.threeten.extra.chrono.TestPaxChronology" time="0"/>
  <testcase name="test_toString[1: Pax CE 2012-06-23, Pax CE 2012-06-23]" classname="org.threeten.extra.chrono.TestPaxChronology" time="0"/>
  <testcase name="test_plus_TemporalUnit_unsupported" classname="org.threeten.extra.chrono.TestPaxChronology" time="0"/>
  <testcase name="test_PaxDate_chronology_dateEpochDay[0: Pax CE 1-01-01, 0000-12-31]" classname="org.threeten.extra.chrono.TestPaxChronology" time="0"/>
  <testcase name="test_PaxDate_chronology_dateEpochDay[1: Pax CE 1-01-02, 0001-01-01]" classname="org.threeten.extra.chrono.TestPaxChronology" time="0"/>
  <testcase name="test_PaxDate_chronology_dateEpochDay[2: Pax CE 1-01-03, 0001-01-02]" classname="org.threeten.extra.chrono.TestPaxChronology" time="0"/>
  <testcase name="test_PaxDate_chronology_dateEpochDay[3: Pax CE 1-01-28, 0001-01-27]" classname="org.threeten.extra.chrono.TestPaxChronology" time="0"/>
  <testcase name="test_PaxDate_chronology_dateEpochDay[4: Pax CE 1-02-01, 0001-01-28]" classname="org.threeten.extra.chrono.TestPaxChronology" time="0"/>
  <testcase name="test_PaxDate_chronology_dateEpochDay[5: Pax CE 1-02-02, 0001-01-29]" classname="org.threeten.extra.chrono.TestPaxChronology" time="0"/>
  <testcase name="test_PaxDate_chronology_dateEpochDay[6: Pax CE 1-02-03, 0001-01-30]" classname="org.threeten.extra.chrono.TestPaxChronology" time="0"/>
  <testcase name="test_PaxDate_chronology_dateEpochDay[7: Pax CE 6-13-06, 0006-12-01]" classname="org.threeten.extra.chrono.TestPaxChronology" time="0"/>
  <testcase name="test_PaxDate_chronology_dateEpochDay[8: Pax CE 6-13-07, 0006-12-02]" classname="org.threeten.extra.chrono.TestPaxChronology" time="0"/>
  <testcase name="test_PaxDate_chronology_dateEpochDay[9: Pax CE 6-14-01, 0006-12-03]" classname="org.threeten.extra.chrono.TestPaxChronology" time="0"/>
  <testcase name="test_PaxDate_chronology_dateEpochDay[10: Pax CE 6-14-02, 0006-12-04]" classname="org.threeten.extra.chrono.TestPaxChronology" time="0.001"/>
  <testcase name="test_PaxDate_chronology_dateEpochDay[11: Pax CE 6-14-03, 0006-12-05]" classname="org.threeten.extra.chrono.TestPaxChronology" time="0"/>
  <testcase name="test_PaxDate_chronology_dateEpochDay[12: Pax CE 6-14-27, 0006-12-29]" classname="org.threeten.extra.chrono.TestPaxChronology" time="0"/>
  <testcase name="test_PaxDate_chronology_dateEpochDay[13: Pax CE 6-14-28, 0006-12-30]" classname="org.threeten.extra.chrono.TestPaxChronology" time="0"/>
  <testcase name="test_PaxDate_chronology_dateEpochDay[14: Pax CE 7-01-01, 0006-12-31]" classname="org.threeten.extra.chrono.TestPaxChronology" time="0"/>
  <testcase name="test_PaxDate_chronology_dateEpochDay[15: Pax CE 7-01-02, 0007-01-01]" classname="org.threeten.extra.chrono.TestPaxChronology" time="0"/>
  <testcase name="test_PaxDate_chronology_dateEpochDay[16: Pax CE 399-13-06, 0399-12-03]" classname="org.threeten.extra.chrono.TestPaxChronology" time="0"/>
  <testcase name="test_PaxDate_chronology_dateEpochDay[17: Pax CE 399-13-07, 0399-12-04]" classname="org.threeten.extra.chrono.TestPaxChronology" time="0"/>
  <testcase name="test_PaxDate_chronology_dateEpochDay[18: Pax CE 399-14-01, 0399-12-05]" classname="org.threeten.extra.chrono.TestPaxChronology" time="0"/>
  <testcase name="test_PaxDate_chronology_dateEpochDay[19: Pax CE 399-14-02, 0399-12-06]" classname="org.threeten.extra.chrono.TestPaxChronology" time="0"/>
  <testcase name="test_PaxDate_chronology_dateEpochDay[20: Pax CE 399-14-03, 0399-12-07]" classname="org.threeten.extra.chrono.TestPaxChronology" time="0"/>
  <testcase name="test_PaxDate_chronology_dateEpochDay[21: Pax CE 400-13-27, 0400-12-29]" classname="org.threeten.extra.chrono.TestPaxChronology" time="0"/>
  <testcase name="test_PaxDate_chronology_dateEpochDay[22: Pax CE 400-13-28, 0400-12-30]" classname="org.threeten.extra.chrono.TestPaxChronology" time="0"/>
  <testcase name="test_PaxDate_chronology_dateEpochDay[23: Pax CE 401-01-01, 0400-12-31]" classname="org.threeten.extra.chrono.TestPaxChronology" time="0"/>
  <testcase name="test_PaxDate_chronology_dateEpochDay[24: Pax CE 401-01-02, 0401-01-01]" classname="org.threeten.extra.chrono.TestPaxChronology" time="0"/>
  <testcase name="test_PaxDate_chronology_dateEpochDay[25: Pax CE 401-01-03, 0401-01-02]" classname="org.threeten.extra.chrono.TestPaxChronology" time="0"/>
  <testcase name="test_PaxDate_chronology_dateEpochDay[26: Pax BCE 1-13-28, 0000-12-30]" classname="org.threeten.extra.chrono.TestPaxChronology" time="0"/>
  <testcase name="test_PaxDate_chronology_dateEpochDay[27: Pax BCE 1-13-27, 0000-12-29]" classname="org.threeten.extra.chrono.TestPaxChronology" time="0"/>
  <testcase name="test_PaxDate_chronology_dateEpochDay[28: Pax CE 1582-10-05, 1582-09-09]" classname="org.threeten.extra.chrono.TestPaxChronology" time="0"/>
  <testcase name="test_PaxDate_chronology_dateEpochDay[29: Pax CE 1582-10-06, 1582-09-10]" classname="org.threeten.extra.chrono.TestPaxChronology" time="0"/>
  <testcase name="test_PaxDate_chronology_dateEpochDay[30: Pax CE 1945-10-28, 1945-10-06]" classname="org.threeten.extra.chrono.TestPaxChronology" time="0.001"/>
  <testcase name="test_PaxDate_chronology_dateEpochDay[31: Pax CE 2012-06-23, 2012-06-04]" classname="org.threeten.extra.chrono.TestPaxChronology" time="0"/>
  <testcase name="test_PaxDate_chronology_dateEpochDay[32: Pax CE 2012-06-24, 2012-06-05]" classname="org.threeten.extra.chrono.TestPaxChronology" time="0"/>
  <testcase name="test_PaxDate_chronology_dateEpochDay[33: Pax BCE 7-01-01, -0006-01-02]" classname="org.threeten.extra.chrono.TestPaxChronology" time="0"/>
  <testcase name="test_PaxDate_chronology_dateEpochDay[34: Pax BCE 7-13-06, -0006-12-09]" classname="org.threeten.extra.chrono.TestPaxChronology" time="0"/>
  <testcase name="test_PaxDate_chronology_dateEpochDay[35: Pax BCE 7-13-07, -0006-12-10]" classname="org.threeten.extra.chrono.TestPaxChronology" time="0"/>
  <testcase name="test_PaxDate_chronology_dateEpochDay[36: Pax BCE 7-14-01, -0006-12-11]" classname="org.threeten.extra.chrono.TestPaxChronology" time="0"/>
  <testcase name="test_PaxDate_chronology_dateEpochDay[37: Pax BCE 7-14-02, -0006-12-12]" classname="org.threeten.extra.chrono.TestPaxChronology" time="0"/>
  <testcase name="test_PaxDate_chronology_dateEpochDay[38: Pax BCE 7-14-27, -0005-01-06]" classname="org.threeten.extra.chrono.TestPaxChronology" time="0"/>
  <testcase name="test_PaxDate_chronology_dateEpochDay[39: Pax BCE 7-14-28, -0005-01-07]" classname="org.threeten.extra.chrono.TestPaxChronology" time="0"/>
  <testcase name="test_PaxDate_chronology_dateEpochDay[40: Pax BCE 6-01-01, -0005-01-08]" classname="org.threeten.extra.chrono.TestPaxChronology" time="0"/>
  <testcase name="test_PaxDate_chronology_dateEpochDay[41: Pax BCE 6-01-02, -0005-01-09]" classname="org.threeten.extra.chrono.TestPaxChronology" time="0"/>
  <testcase name="test_PaxDate_chronology_dateEpochDay[42: Pax BCE 100-01-01, -0099-01-06]" classname="org.threeten.extra.chrono.TestPaxChronology" time="0"/>
  <testcase name="test_PaxDate_chronology_dateEpochDay[43: Pax BCE 100-13-06, -0099-12-13]" classname="org.threeten.extra.chrono.TestPaxChronology" time="0"/>
  <testcase name="test_PaxDate_chronology_dateEpochDay[44: Pax BCE 100-13-07, -0099-12-14]" classname="org.threeten.extra.chrono.TestPaxChronology" time="0"/>
  <testcase name="test_PaxDate_chronology_dateEpochDay[45: Pax BCE 100-14-01, -0099-12-15]" classname="org.threeten.extra.chrono.TestPaxChronology" time="0"/>
  <testcase name="test_PaxDate_chronology_dateEpochDay[46: Pax BCE 100-14-02, -0099-12-16]" classname="org.threeten.extra.chrono.TestPaxChronology" time="0"/>
  <testcase name="test_PaxDate_chronology_dateEpochDay[47: Pax BCE 101-01-01, -0101-12-31]" classname="org.threeten.extra.chrono.TestPaxChronology" time="0"/>
  <testcase name="test_PaxDate_chronology_dateEpochDay[48: Pax BCE 101-13-06, -0100-12-07]" classname="org.threeten.extra.chrono.TestPaxChronology" time="0"/>
  <testcase name="test_PaxDate_chronology_dateEpochDay[49: Pax BCE 101-13-07, -0100-12-08]" classname="org.threeten.extra.chrono.TestPaxChronology" time="0"/>
  <testcase name="test_PaxDate_chronology_dateEpochDay[50: Pax BCE 101-14-01, -0100-12-09]" classname="org.threeten.extra.chrono.TestPaxChronology" time="0"/>
  <testcase name="test_PaxDate_chronology_dateEpochDay[51: Pax BCE 101-14-02, -0100-12-10]" classname="org.threeten.extra.chrono.TestPaxChronology" time="0"/>
  <testcase name="test_PaxDate_until_PaxDate[0: Pax CE 1-01-01, 0000-12-31]" classname="org.threeten.extra.chrono.TestPaxChronology" time="0"/>
  <testcase name="test_PaxDate_until_PaxDate[1: Pax CE 1-01-02, 0001-01-01]" classname="org.threeten.extra.chrono.TestPaxChronology" time="0"/>
  <testcase name="test_PaxDate_until_PaxDate[2: Pax CE 1-01-03, 0001-01-02]" classname="org.threeten.extra.chrono.TestPaxChronology" time="0"/>
  <testcase name="test_PaxDate_until_PaxDate[3: Pax CE 1-01-28, 0001-01-27]" classname="org.threeten.extra.chrono.TestPaxChronology" time="0"/>
  <testcase name="test_PaxDate_until_PaxDate[4: Pax CE 1-02-01, 0001-01-28]" classname="org.threeten.extra.chrono.TestPaxChronology" time="0"/>
  <testcase name="test_PaxDate_until_PaxDate[5: Pax CE 1-02-02, 0001-01-29]" classname="org.threeten.extra.chrono.TestPaxChronology" time="0"/>
  <testcase name="test_PaxDate_until_PaxDate[6: Pax CE 1-02-03, 0001-01-30]" classname="org.threeten.extra.chrono.TestPaxChronology" time="0"/>
  <testcase name="test_PaxDate_until_PaxDate[7: Pax CE 6-13-06, 0006-12-01]" classname="org.threeten.extra.chrono.TestPaxChronology" time="0"/>
  <testcase name="test_PaxDate_until_PaxDate[8: Pax CE 6-13-07, 0006-12-02]" classname="org.threeten.extra.chrono.TestPaxChronology" time="0"/>
  <testcase name="test_PaxDate_until_PaxDate[9: Pax CE 6-14-01, 0006-12-03]" classname="org.threeten.extra.chrono.TestPaxChronology" time="0"/>
  <testcase name="test_PaxDate_until_PaxDate[10: Pax CE 6-14-02, 0006-12-04]" classname="org.threeten.extra.chrono.TestPaxChronology" time="0"/>
  <testcase name="test_PaxDate_until_PaxDate[11: Pax CE 6-14-03, 0006-12-05]" classname="org.threeten.extra.chrono.TestPaxChronology" time="0"/>
  <testcase name="test_PaxDate_until_PaxDate[12: Pax CE 6-14-27, 0006-12-29]" classname="org.threeten.extra.chrono.TestPaxChronology" time="0"/>
  <testcase name="test_PaxDate_until_PaxDate[13: Pax CE 6-14-28, 0006-12-30]" classname="org.threeten.extra.chrono.TestPaxChronology" time="0"/>
  <testcase name="test_PaxDate_until_PaxDate[14: Pax CE 7-01-01, 0006-12-31]" classname="org.threeten.extra.chrono.TestPaxChronology" time="0"/>
  <testcase name="test_PaxDate_until_PaxDate[15: Pax CE 7-01-02, 0007-01-01]" classname="org.threeten.extra.chrono.TestPaxChronology" time="0"/>
  <testcase name="test_PaxDate_until_PaxDate[16: Pax CE 399-13-06, 0399-12-03]" classname="org.threeten.extra.chrono.TestPaxChronology" time="0"/>
  <testcase name="test_PaxDate_until_PaxDate[17: Pax CE 399-13-07, 0399-12-04]" classname="org.threeten.extra.chrono.TestPaxChronology" time="0"/>
  <testcase name="test_PaxDate_until_PaxDate[18: Pax CE 399-14-01, 0399-12-05]" classname="org.threeten.extra.chrono.TestPaxChronology" time="0"/>
  <testcase name="test_PaxDate_until_PaxDate[19: Pax CE 399-14-02, 0399-12-06]" classname="org.threeten.extra.chrono.TestPaxChronology" time="0"/>
  <testcase name="test_PaxDate_until_PaxDate[20: Pax CE 399-14-03, 0399-12-07]" classname="org.threeten.extra.chrono.TestPaxChronology" time="0"/>
  <testcase name="test_PaxDate_until_PaxDate[21: Pax CE 400-13-27, 0400-12-29]" classname="org.threeten.extra.chrono.TestPaxChronology" time="0"/>
  <testcase name="test_PaxDate_until_PaxDate[22: Pax CE 400-13-28, 0400-12-30]" classname="org.threeten.extra.chrono.TestPaxChronology" time="0"/>
  <testcase name="test_PaxDate_until_PaxDate[23: Pax CE 401-01-01, 0400-12-31]" classname="org.threeten.extra.chrono.TestPaxChronology" time="0"/>
  <testcase name="test_PaxDate_until_PaxDate[24: Pax CE 401-01-02, 0401-01-01]" classname="org.threeten.extra.chrono.TestPaxChronology" time="0"/>
  <testcase name="test_PaxDate_until_PaxDate[25: Pax CE 401-01-03, 0401-01-02]" classname="org.threeten.extra.chrono.TestPaxChronology" time="0"/>
  <testcase name="test_PaxDate_until_PaxDate[26: Pax BCE 1-13-28, 0000-12-30]" classname="org.threeten.extra.chrono.TestPaxChronology" time="0"/>
  <testcase name="test_PaxDate_until_PaxDate[27: Pax BCE 1-13-27, 0000-12-29]" classname="org.threeten.extra.chrono.TestPaxChronology" time="0"/>
  <testcase name="test_PaxDate_until_PaxDate[28: Pax CE 1582-10-05, 1582-09-09]" classname="org.threeten.extra.chrono.TestPaxChronology" time="0"/>
  <testcase name="test_PaxDate_until_PaxDate[29: Pax CE 1582-10-06, 1582-09-10]" classname="org.threeten.extra.chrono.TestPaxChronology" time="0"/>
  <testcase name="test_PaxDate_until_PaxDate[30: Pax CE 1945-10-28, 1945-10-06]" classname="org.threeten.extra.chrono.TestPaxChronology" time="0"/>
  <testcase name="test_PaxDate_until_PaxDate[31: Pax CE 2012-06-23, 2012-06-04]" classname="org.threeten.extra.chrono.TestPaxChronology" time="0"/>
  <testcase name="test_PaxDate_until_PaxDate[32: Pax CE 2012-06-24, 2012-06-05]" classname="org.threeten.extra.chrono.TestPaxChronology" time="0"/>
  <testcase name="test_PaxDate_until_PaxDate[33: Pax BCE 7-01-01, -0006-01-02]" classname="org.threeten.extra.chrono.TestPaxChronology" time="0"/>
  <testcase name="test_PaxDate_until_PaxDate[34: Pax BCE 7-13-06, -0006-12-09]" classname="org.threeten.extra.chrono.TestPaxChronology" time="0"/>
  <testcase name="test_PaxDate_until_PaxDate[35: Pax BCE 7-13-07, -0006-12-10]" classname="org.threeten.extra.chrono.TestPaxChronology" time="0"/>
  <testcase name="test_PaxDate_until_PaxDate[36: Pax BCE 7-14-01, -0006-12-11]" classname="org.threeten.extra.chrono.TestPaxChronology" time="0"/>
  <testcase name="test_PaxDate_until_PaxDate[37: Pax BCE 7-14-02, -0006-12-12]" classname="org.threeten.extra.chrono.TestPaxChronology" time="0"/>
  <testcase name="test_PaxDate_until_PaxDate[38: Pax BCE 7-14-27, -0005-01-06]" classname="org.threeten.extra.chrono.TestPaxChronology" time="0"/>
  <testcase name="test_PaxDate_until_PaxDate[39: Pax BCE 7-14-28, -0005-01-07]" classname="org.threeten.extra.chrono.TestPaxChronology" time="0"/>
  <testcase name="test_PaxDate_until_PaxDate[40: Pax BCE 6-01-01, -0005-01-08]" classname="org.threeten.extra.chrono.TestPaxChronology" time="0"/>
  <testcase name="test_PaxDate_until_PaxDate[41: Pax BCE 6-01-02, -0005-01-09]" classname="org.threeten.extra.chrono.TestPaxChronology" time="0"/>
  <testcase name="test_PaxDate_until_PaxDate[42: Pax BCE 100-01-01, -0099-01-06]" classname="org.threeten.extra.chrono.TestPaxChronology" time="0"/>
  <testcase name="test_PaxDate_until_PaxDate[43: Pax BCE 100-13-06, -0099-12-13]" classname="org.threeten.extra.chrono.TestPaxChronology" time="0"/>
  <testcase name="test_PaxDate_until_PaxDate[44: Pax BCE 100-13-07, -0099-12-14]" classname="org.threeten.extra.chrono.TestPaxChronology" time="0"/>
  <testcase name="test_PaxDate_until_PaxDate[45: Pax BCE 100-14-01, -0099-12-15]" classname="org.threeten.extra.chrono.TestPaxChronology" time="0"/>
  <testcase name="test_PaxDate_until_PaxDate[46: Pax BCE 100-14-02, -0099-12-16]" classname="org.threeten.extra.chrono.TestPaxChronology" time="0"/>
  <testcase name="test_PaxDate_until_PaxDate[47: Pax BCE 101-01-01, -0101-12-31]" classname="org.threeten.extra.chrono.TestPaxChronology" time="0"/>
  <testcase name="test_PaxDate_until_PaxDate[48: Pax BCE 101-13-06, -0100-12-07]" classname="org.threeten.extra.chrono.TestPaxChronology" time="0"/>
  <testcase name="test_PaxDate_until_PaxDate[49: Pax BCE 101-13-07, -0100-12-08]" classname="org.threeten.extra.chrono.TestPaxChronology" time="0"/>
  <testcase name="test_PaxDate_until_PaxDate[50: Pax BCE 101-14-01, -0100-12-09]" classname="org.threeten.extra.chrono.TestPaxChronology" time="0"/>
  <testcase name="test_PaxDate_until_PaxDate[51: Pax BCE 101-14-02, -0100-12-10]" classname="org.threeten.extra.chrono.TestPaxChronology" time="0"/>
  <testcase name="test_prolepticYear_specific" classname="org.threeten.extra.chrono.TestPaxChronology" time="0"/>
  <testcase name="test_until_TemporalUnit[0: 2014, 5, 26, 2014, 5, 26, Days, 0]" classname="org.threeten.extra.chrono.TestPaxChronology" time="0"/>
  <testcase name="test_until_TemporalUnit[1: 2014, 5, 26, 2014, 6, 4, Days, 6]" classname="org.threeten.extra.chrono.TestPaxChronology" time="0"/>
  <testcase name="test_until_TemporalUnit[2: 2014, 5, 26, 2014, 5, 20, Days, -6]" classname="org.threeten.extra.chrono.TestPaxChronology" time="0"/>
  <testcase name="test_until_TemporalUnit[3: 2014, 5, 26, 2014, 5, 26, Weeks, 0]" classname="org.threeten.extra.chrono.TestPaxChronology" time="0"/>
  <testcase name="test_until_TemporalUnit[4: 2014, 5, 26, 2014, 6, 4, Weeks, 0]" classname="org.threeten.extra.chrono.TestPaxChronology" time="0"/>
  <testcase name="test_until_TemporalUnit[5: 2014, 5, 26, 2014, 6, 5, Weeks, 1]" classname="org.threeten.extra.chrono.TestPaxChronology" time="0.001"/>
  <testcase name="test_until_TemporalUnit[6: 2014, 5, 26, 2014, 5, 26, Months, 0]" classname="org.threeten.extra.chrono.TestPaxChronology" time="0"/>
  <testcase name="test_until_TemporalUnit[7: 2014, 5, 26, 2014, 6, 25, Months, 0]" classname="org.threeten.extra.chrono.TestPaxChronology" time="0"/>
  <testcase name="test_until_TemporalUnit[8: 2014, 5, 26, 2014, 6, 26, Months, 1]" classname="org.threeten.extra.chrono.TestPaxChronology" time="0"/>
  <testcase name="test_until_TemporalUnit[9: 2014, 5, 26, 2014, 5, 26, Years, 0]" classname="org.threeten.extra.chrono.TestPaxChronology" time="0"/>
  <testcase name="test_until_TemporalUnit[10: 2014, 5, 26, 2015, 5, 25, Years, 0]" classname="org.threeten.extra.chrono.TestPaxChronology" time="0"/>
  <testcase name="test_until_TemporalUnit[11: 2014, 5, 26, 2015, 5, 26, Years, 1]" classname="org.threeten.extra.chrono.TestPaxChronology" time="0"/>
  <testcase name="test_until_TemporalUnit[12: 2014, 5, 26, 2014, 5, 26, Decades, 0]" classname="org.threeten.extra.chrono.TestPaxChronology" time="0"/>
  <testcase name="test_until_TemporalUnit[13: 2014, 5, 26, 2024, 5, 25, Decades, 0]" classname="org.threeten.extra.chrono.TestPaxChronology" time="0"/>
  <testcase name="test_until_TemporalUnit[14: 2014, 5, 26, 2024, 5, 26, Decades, 1]" classname="org.threeten.extra.chrono.TestPaxChronology" time="0"/>
  <testcase name="test_until_TemporalUnit[15: 2014, 5, 26, 2014, 5, 26, Centuries, 0]" classname="org.threeten.extra.chrono.TestPaxChronology" time="0"/>
  <testcase name="test_until_TemporalUnit[16: 2014, 5, 26, 2114, 5, 25, Centuries, 0]" classname="org.threeten.extra.chrono.TestPaxChronology" time="0"/>
  <testcase name="test_until_TemporalUnit[17: 2014, 5, 26, 2114, 5, 26, Centuries, 1]" classname="org.threeten.extra.chrono.TestPaxChronology" time="0"/>
  <testcase name="test_until_TemporalUnit[18: 2014, 5, 26, 2014, 5, 26, Millennia, 0]" classname="org.threeten.extra.chrono.TestPaxChronology" time="0"/>
  <testcase name="test_until_TemporalUnit[19: 2014, 5, 26, 3014, 5, 25, Millennia, 0]" classname="org.threeten.extra.chrono.TestPaxChronology" time="0"/>
  <testcase name="test_until_TemporalUnit[20: 2014, 5, 26, 3014, 5, 26, Millennia, 1]" classname="org.threeten.extra.chrono.TestPaxChronology" time="0"/>
  <testcase name="test_until_TemporalUnit[21: -2013, 5, 26, 0, 5, 26, Eras, 0]" classname="org.threeten.extra.chrono.TestPaxChronology" time="0"/>
  <testcase name="test_until_TemporalUnit[22: -2013, 5, 26, 2014, 5, 26, Eras, 1]" classname="org.threeten.extra.chrono.TestPaxChronology" time="0"/>
  <testcase name="test_until_TemporalUnit[23: 2011, 13, 26, 2013, 13, 26, Years, 2]" classname="org.threeten.extra.chrono.TestPaxChronology" time="0.001"/>
  <testcase name="test_until_TemporalUnit[24: 2011, 13, 26, 2012, 14, 26, Years, 1]" classname="org.threeten.extra.chrono.TestPaxChronology" time="0"/>
  <testcase name="test_until_TemporalUnit[25: 2012, 14, 26, 2011, 13, 26, Years, -1]" classname="org.threeten.extra.chrono.TestPaxChronology" time="0"/>
  <testcase name="test_until_TemporalUnit[26: 2012, 14, 26, 2013, 13, 26, Years, 1]" classname="org.threeten.extra.chrono.TestPaxChronology" time="0"/>
  <testcase name="test_until_TemporalUnit[27: 2011, 13, 6, 2012, 13, 6, Years, 0]" classname="org.threeten.extra.chrono.TestPaxChronology" time="0"/>
  <testcase name="test_until_TemporalUnit[28: 2012, 13, 6, 2011, 13, 6, Years, 0]" classname="org.threeten.extra.chrono.TestPaxChronology" time="0"/>
  <testcase name="test_until_TemporalUnit[29: 2011, 13, 1, 2012, 13, 7, Years, 0]" classname="org.threeten.extra.chrono.TestPaxChronology" time="0"/>
  <testcase name="test_until_TemporalUnit[30: 2012, 13, 7, 2011, 13, 1, Years, 0]" classname="org.threeten.extra.chrono.TestPaxChronology" time="0"/>
  <testcase name="test_until_TemporalUnit[31: 2011, 12, 28, 2012, 13, 1, Years, 1]" classname="org.threeten.extra.chrono.TestPaxChronology" time="0"/>
  <testcase name="test_until_TemporalUnit[32: 2012, 13, 1, 2011, 12, 28, Years, -1]" classname="org.threeten.extra.chrono.TestPaxChronology" time="0"/>
  <testcase name="test_until_TemporalUnit[33: 2013, 13, 6, 2012, 13, 6, Years, -1]" classname="org.threeten.extra.chrono.TestPaxChronology" time="0"/>
  <testcase name="test_until_TemporalUnit[34: 2012, 13, 6, 2013, 13, 6, Years, 1]" classname="org.threeten.extra.chrono.TestPaxChronology" time="0"/>
  <testcase name="test_adjust1" classname="org.threeten.extra.chrono.TestPaxChronology" time="0"/>
  <testcase name="test_adjust2" classname="org.threeten.extra.chrono.TestPaxChronology" time="0"/>
  <testcase name="test_isLeapYear_loop" classname="org.threeten.extra.chrono.TestPaxChronology" time="0.002"/>
  <testcase name="test_range[0: 2012, 1, 23, DayOfMonth, 1, 28]" classname="org.threeten.extra.chrono.TestPaxChronology" time="0"/>
  <testcase name="test_range[1: 2012, 2, 23, DayOfMonth, 1, 28]" classname="org.threeten.extra.chrono.TestPaxChronology" time="0"/>
  <testcase name="test_range[2: 2012, 3, 23, DayOfMonth, 1, 28]" classname="org.threeten.extra.chrono.TestPaxChronology" time="0"/>
  <testcase name="test_range[3: 2012, 4, 23, DayOfMonth, 1, 28]" classname="org.threeten.extra.chrono.TestPaxChronology" time="0"/>
  <testcase name="test_range[4: 2012, 5, 23, DayOfMonth, 1, 28]" classname="org.threeten.extra.chrono.TestPaxChronology" time="0"/>
  <testcase name="test_range[5: 2012, 6, 23, DayOfMonth, 1, 28]" classname="org.threeten.extra.chrono.TestPaxChronology" time="0"/>
  <testcase name="test_range[6: 2012, 7, 23, DayOfMonth, 1, 28]" classname="org.threeten.extra.chrono.TestPaxChronology" time="0"/>
  <testcase name="test_range[7: 2012, 8, 23, DayOfMonth, 1, 28]" classname="org.threeten.extra.chrono.TestPaxChronology" time="0"/>
  <testcase name="test_range[8: 2012, 9, 23, DayOfMonth, 1, 28]" classname="org.threeten.extra.chrono.TestPaxChronology" time="0"/>
  <testcase name="test_range[9: 2012, 10, 23, DayOfMonth, 1, 28]" classname="org.threeten.extra.chrono.TestPaxChronology" time="0"/>
  <testcase name="test_range[10: 2012, 11, 23, DayOfMonth, 1, 28]" classname="org.threeten.extra.chrono.TestPaxChronology" time="0"/>
  <testcase name="test_range[11: 2012, 12, 23, DayOfMonth, 1, 28]" classname="org.threeten.extra.chrono.TestPaxChronology" time="0"/>
  <testcase name="test_range[12: 2012, 13, 3, DayOfMonth, 1, 7]" classname="org.threeten.extra.chrono.TestPaxChronology" time="0"/>
  <testcase name="test_range[13: 2012, 14, 23, DayOfMonth, 1, 28]" classname="org.threeten.extra.chrono.TestPaxChronology" time="0"/>
  <testcase name="test_range[14: 2012, 1, 23, MonthOfYear, 1, 14]" classname="org.threeten.extra.chrono.TestPaxChronology" time="0.001"/>
  <testcase name="test_range[15: 2012, 1, 23, DayOfYear, 1, 371]" classname="org.threeten.extra.chrono.TestPaxChronology" time="0"/>
  <testcase name="test_range[16: 2012, 1, 23, AlignedWeekOfMonth, 1, 4]" classname="org.threeten.extra.chrono.TestPaxChronology" time="0.001"/>
  <testcase name="test_range[17: 2012, 13, 3, AlignedWeekOfMonth, 1, 1]" classname="org.threeten.extra.chrono.TestPaxChronology" time="0"/>
  <testcase name="test_range[18: 2012, 14, 23, AlignedWeekOfMonth, 1, 4]" classname="org.threeten.extra.chrono.TestPaxChronology" time="0"/>
  <testcase name="test_range[19: 2011, 13, 23, DayOfMonth, 1, 28]" classname="org.threeten.extra.chrono.TestPaxChronology" time="0"/>
  <testcase name="test_range[20: 2011, 1, 23, MonthOfYear, 1, 13]" classname="org.threeten.extra.chrono.TestPaxChronology" time="0"/>
  <testcase name="test_range[21: 2011, 13, 23, DayOfYear, 1, 364]" classname="org.threeten.extra.chrono.TestPaxChronology" time="0"/>
  <testcase name="test_range[22: 2011, 13, 23, AlignedWeekOfMonth, 1, 4]" classname="org.threeten.extra.chrono.TestPaxChronology" time="0"/>
</testsuite>