<?xml version="1.0" encoding="UTF-8"?>
<testsuite xmlns:xsi="http://www.w3.org/2001/XMLSchema-instance" xsi:schemaLocation="https://maven.apache.org/surefire/maven-surefire-plugin/xsd/surefire-test-report.xsd" name="org.threeten.extra.chrono.TestDiscordianChronology" time="0.05" tests="673" errors="0" skipped="0" failures="0">
  <properties>
    <property name="java.runtime.name" value="OpenJDK Runtime Environment"/>
    <property name="sun.boot.library.path" value="/usr/local/openjdk-8/jre/lib/amd64"/>
    <property name="java.vm.version" value="25.262-b10"/>
    <property name="animal.sniffer.skip" value="true"/>
    <property name="java.vm.vendor" value="Oracle Corporation"/>
    <property name="maven.multiModuleProjectDirectory" value="/tmp/tmpykopg0s2/threeten-extra"/>
    <property name="maven.javadoc.skip" value="true"/>
    <property name="java.vendor.url" value="http://java.oracle.com/"/>
    <property name="path.separator" value=":"/>
    <property name="guice.disable.misplaced.annotation.check" value="true"/>
    <property name="java.vm.name" value="OpenJDK 64-Bit Server VM"/>
    <property name="file.encoding.pkg" value="sun.io"/>
    <property name="sun.java.launcher" value="SUN_STANDARD"/>
    <property name="sun.os.patch.level" value="unknown"/>
    <property name="source.skip" value="true"/>
    <property name="java.vm.specification.name" value="Java Virtual Machine Specification"/>
    <property name="user.dir" value="/tmp/tmpykopg0s2/threeten-extra"/>
    <property name="java.runtime.version" value="1.8.0_262-b10"/>
    <property name="java.awt.graphicsenv" value="sun.awt.X11GraphicsEnvironment"/>
    <property name="java.endorsed.dirs" value="/usr/local/openjdk-8/jre/lib/endorsed"/>
    <property name="os.arch" value="amd64"/>
    <property name="java.io.tmpdir" value="/tmp"/>
    <property name="line.separator" value="&#10;"/>
    <property name="java.vm.specification.vendor" value="Oracle Corporation"/>
    <property name="os.name" value="Linux"/>
    <property name="classworlds.conf" value="/usr/share/maven/bin/m2.conf"/>
    <property name="sun.jnu.encoding" value="UTF-8"/>
    <property name="java.library.path" value="/usr/java/packages/lib/amd64:/usr/lib64:/lib64:/lib:/usr/lib"/>
    <property name="license.skip" value="true"/>
    <property name="maven.conf" value="/usr/share/maven/conf"/>
    <property name="java.specification.name" value="Java Platform API Specification"/>
    <property name="java.class.version" value="52.0"/>
    <property name="sun.management.compiler" value="HotSpot 64-Bit Tiered Compilers"/>
    <property name="maven.test.failure.ignore" value="true"/>
    <property name="os.version" value="4.15.0-109-generic"/>
    <property name="library.jansi.path" value="/usr/share/maven/lib/jansi-native"/>
    <property name="user.home" value="/home/jdbl"/>
    <property name="user.timezone" value="Etc/UTC"/>
    <property name="java.awt.printerjob" value="sun.print.PSPrinterJob"/>
    <property name="java.specification.version" value="1.8"/>
    <property name="file.encoding" value="UTF-8"/>
    <property name="user.name" value="jdbl"/>
    <property name="java.class.path" value="/usr/share/maven/boot/plexus-classworlds-2.6.0.jar"/>
    <property name="java.vm.specification.version" value="1.8"/>
    <property name="sun.arch.data.model" value="64"/>
    <property name="java.home" value="/usr/local/openjdk-8/jre"/>
    <property name="sun.java.command" value="org.codehaus.plexus.classworlds.launcher.Launcher test -e --fail-never -ntp -Dmaven.test.failure.ignore=true -B -Dmaven.javadoc.skip=true -Drat.skip=true -Danimal.sniffer.skip=true -Dmaven.javadoc.skip=true -Dlicense.skip=true -Dsource.skip=true"/>
    <property name="java.specification.vendor" value="Oracle Corporation"/>
    <property name="user.language" value="en"/>
    <property name="awt.toolkit" value="sun.awt.X11.XToolkit"/>
    <property name="java.vm.info" value="mixed mode"/>
    <property name="java.version" value="1.8.0_262"/>
    <property name="java.ext.dirs" value="/usr/local/openjdk-8/jre/lib/ext:/usr/java/packages/lib/ext"/>
    <property name="securerandom.source" value="file:/dev/./urandom"/>
    <property name="sun.boot.class.path" value="/usr/local/openjdk-8/jre/lib/resources.jar:/usr/local/openjdk-8/jre/lib/rt.jar:/usr/local/openjdk-8/jre/lib/sunrsasign.jar:/usr/local/openjdk-8/jre/lib/jsse.jar:/usr/local/openjdk-8/jre/lib/jce.jar:/usr/local/openjdk-8/jre/lib/charsets.jar:/usr/local/openjdk-8/jre/lib/jfr.jar:/usr/local/openjdk-8/jre/classes"/>
    <property name="java.vendor" value="Oracle Corporation"/>
    <property name="rat.skip" value="true"/>
    <property name="maven.home" value="/usr/share/maven"/>
    <property name="file.separator" value="/"/>
    <property name="java.vendor.url.bug" value="http://bugreport.sun.com/bugreport/"/>
    <property name="sun.cpu.endian" value="little"/>
    <property name="sun.io.unicode.encoding" value="UnicodeLittle"/>
    <property name="sun.cpu.isalist" value=""/>
  </properties>
  <testcase name="test_with_TemporalField[0: 2014, 5, 26, DayOfWeek, 1, 2014, 5, 24]" classname="org.threeten.extra.chrono.TestDiscordianChronology" time="0.001"/>
  <testcase name="test_with_TemporalField[1: 2014, 5, 26, DayOfWeek, 3, 2014, 5, 26]" classname="org.threeten.extra.chrono.TestDiscordianChronology" time="0.003"/>
  <testcase name="test_with_TemporalField[2: 2014, 5, 26, DayOfMonth, 31, 2014, 5, 31]" classname="org.threeten.extra.chrono.TestDiscordianChronology" time="0"/>
  <testcase name="test_with_TemporalField[3: 2014, 5, 26, DayOfMonth, 26, 2014, 5, 26]" classname="org.threeten.extra.chrono.TestDiscordianChronology" time="0"/>
  <testcase name="test_with_TemporalField[4: 2014, 5, 26, DayOfYear, 365, 2014, 5, 72]" classname="org.threeten.extra.chrono.TestDiscordianChronology" time="0"/>
  <testcase name="test_with_TemporalField[5: 2014, 5, 26, DayOfYear, 319, 2014, 5, 26]" classname="org.threeten.extra.chrono.TestDiscordianChronology" time="0"/>
  <testcase name="test_with_TemporalField[6: 2014, 5, 26, AlignedDayOfWeekInMonth, 3, 2014, 5, 28]" classname="org.threeten.extra.chrono.TestDiscordianChronology" time="0"/>
  <testcase name="test_with_TemporalField[7: 2014, 5, 26, AlignedDayOfWeekInMonth, 1, 2014, 5, 26]" classname="org.threeten.extra.chrono.TestDiscordianChronology" time="0"/>
  <testcase name="test_with_TemporalField[8: 2014, 5, 26, AlignedWeekOfMonth, 1, 2014, 5, 1]" classname="org.threeten.extra.chrono.TestDiscordianChronology" time="0"/>
  <testcase name="test_with_TemporalField[9: 2014, 5, 26, AlignedWeekOfMonth, 6, 2014, 5, 26]" classname="org.threeten.extra.chrono.TestDiscordianChronology" time="0"/>
  <testcase name="test_with_TemporalField[10: 2014, 5, 26, AlignedDayOfWeekInYear, 2, 2014, 5, 25]" classname="org.threeten.extra.chrono.TestDiscordianChronology" time="0"/>
  <testcase name="test_with_TemporalField[11: 2014, 5, 26, AlignedDayOfWeekInYear, 3, 2014, 5, 26]" classname="org.threeten.extra.chrono.TestDiscordianChronology" time="0"/>
  <testcase name="test_with_TemporalField[12: 2014, 5, 26, AlignedWeekOfYear, 23, 2014, 2, 40]" classname="org.threeten.extra.chrono.TestDiscordianChronology" time="0"/>
  <testcase name="test_with_TemporalField[13: 2014, 5, 26, AlignedWeekOfYear, 64, 2014, 5, 26]" classname="org.threeten.extra.chrono.TestDiscordianChronology" time="0"/>
  <testcase name="test_with_TemporalField[14: 2014, 5, 26, MonthOfYear, 4, 2014, 4, 26]" classname="org.threeten.extra.chrono.TestDiscordianChronology" time="0"/>
  <testcase name="test_with_TemporalField[15: 2014, 5, 26, MonthOfYear, 5, 2014, 5, 26]" classname="org.threeten.extra.chrono.TestDiscordianChronology" time="0"/>
  <testcase name="test_with_TemporalField[16: 2014, 5, 26, ProlepticMonth, 10067, 2013, 3, 26]" classname="org.threeten.extra.chrono.TestDiscordianChronology" time="0"/>
  <testcase name="test_with_TemporalField[17: 2014, 5, 26, ProlepticMonth, 10074, 2014, 5, 26]" classname="org.threeten.extra.chrono.TestDiscordianChronology" time="0"/>
  <testcase name="test_with_TemporalField[18: 2014, 5, 26, Year, 2012, 2012, 5, 26]" classname="org.threeten.extra.chrono.TestDiscordianChronology" time="0"/>
  <testcase name="test_with_TemporalField[19: 2014, 5, 26, Year, 2014, 2014, 5, 26]" classname="org.threeten.extra.chrono.TestDiscordianChronology" time="0"/>
  <testcase name="test_with_TemporalField[20: 2014, 5, 26, YearOfEra, 2012, 2012, 5, 26]" classname="org.threeten.extra.chrono.TestDiscordianChronology" time="0"/>
  <testcase name="test_with_TemporalField[21: 2014, 5, 26, YearOfEra, 2014, 2014, 5, 26]" classname="org.threeten.extra.chrono.TestDiscordianChronology" time="0"/>
  <testcase name="test_with_TemporalField[22: 2014, 5, 26, Era, 1, 2014, 5, 26]" classname="org.threeten.extra.chrono.TestDiscordianChronology" time="0"/>
  <testcase name="test_with_TemporalField[23: 2014, 0, 0, AlignedDayOfWeekInMonth, 0, 2014, 0, 0]" classname="org.threeten.extra.chrono.TestDiscordianChronology" time="0"/>
  <testcase name="test_with_TemporalField[24: 2014, 0, 0, AlignedDayOfWeekInMonth, 1, 2014, 1, 56]" classname="org.threeten.extra.chrono.TestDiscordianChronology" time="0"/>
  <testcase name="test_with_TemporalField[25: 2014, 0, 0, AlignedDayOfWeekInMonth, 2, 2014, 1, 57]" classname="org.threeten.extra.chrono.TestDiscordianChronology" time="0"/>
  <testcase name="test_with_TemporalField[26: 2014, 0, 0, AlignedDayOfWeekInMonth, 3, 2014, 1, 58]" classname="org.threeten.extra.chrono.TestDiscordianChronology" time="0"/>
  <testcase name="test_with_TemporalField[27: 2014, 0, 0, AlignedDayOfWeekInMonth, 4, 2014, 1, 59]" classname="org.threeten.extra.chrono.TestDiscordianChronology" time="0"/>
  <testcase name="test_with_TemporalField[28: 2014, 0, 0, AlignedDayOfWeekInMonth, 5, 2014, 1, 60]" classname="org.threeten.extra.chrono.TestDiscordianChronology" time="0"/>
  <testcase name="test_with_TemporalField[29: 2014, 0, 0, AlignedDayOfWeekInYear, 0, 2014, 0, 0]" classname="org.threeten.extra.chrono.TestDiscordianChronology" time="0"/>
  <testcase name="test_with_TemporalField[30: 2014, 0, 0, AlignedDayOfWeekInYear, 1, 2014, 1, 56]" classname="org.threeten.extra.chrono.TestDiscordianChronology" time="0"/>
  <testcase name="test_with_TemporalField[31: 2014, 0, 0, AlignedDayOfWeekInYear, 2, 2014, 1, 57]" classname="org.threeten.extra.chrono.TestDiscordianChronology" time="0.001"/>
  <testcase name="test_with_TemporalField[32: 2014, 0, 0, AlignedDayOfWeekInYear, 3, 2014, 1, 58]" classname="org.threeten.extra.chrono.TestDiscordianChronology" time="0"/>
  <testcase name="test_with_TemporalField[33: 2014, 0, 0, AlignedDayOfWeekInYear, 4, 2014, 1, 59]" classname="org.threeten.extra.chrono.TestDiscordianChronology" time="0"/>
  <testcase name="test_with_TemporalField[34: 2014, 0, 0, AlignedDayOfWeekInYear, 5, 2014, 1, 60]" classname="org.threeten.extra.chrono.TestDiscordianChronology" time="0"/>
  <testcase name="test_with_TemporalField[35: 2014, 0, 0, AlignedWeekOfMonth, 0, 2014, 0, 0]" classname="org.threeten.extra.chrono.TestDiscordianChronology" time="0"/>
  <testcase name="test_with_TemporalField[36: 2014, 0, 0, AlignedWeekOfMonth, 3, 2014, 1, 15]" classname="org.threeten.extra.chrono.TestDiscordianChronology" time="0"/>
  <testcase name="test_with_TemporalField[37: 2014, 0, 0, AlignedWeekOfYear, 0, 2014, 0, 0]" classname="org.threeten.extra.chrono.TestDiscordianChronology" time="0"/>
  <testcase name="test_with_TemporalField[38: 2014, 0, 0, AlignedWeekOfYear, 3, 2014, 1, 15]" classname="org.threeten.extra.chrono.TestDiscordianChronology" time="0"/>
  <testcase name="test_with_TemporalField[39: 2014, 0, 0, DayOfWeek, 0, 2014, 0, 0]" classname="org.threeten.extra.chrono.TestDiscordianChronology" time="0"/>
  <testcase name="test_with_TemporalField[40: 2014, 0, 0, DayOfWeek, 1, 2014, 1, 56]" classname="org.threeten.extra.chrono.TestDiscordianChronology" time="0"/>
  <testcase name="test_with_TemporalField[41: 2014, 0, 0, DayOfWeek, 2, 2014, 1, 57]" classname="org.threeten.extra.chrono.TestDiscordianChronology" time="0"/>
  <testcase name="test_with_TemporalField[42: 2014, 0, 0, DayOfWeek, 3, 2014, 1, 58]" classname="org.threeten.extra.chrono.TestDiscordianChronology" time="0"/>
  <testcase name="test_with_TemporalField[43: 2014, 0, 0, DayOfWeek, 4, 2014, 1, 59]" classname="org.threeten.extra.chrono.TestDiscordianChronology" time="0"/>
  <testcase name="test_with_TemporalField[44: 2014, 0, 0, DayOfWeek, 5, 2014, 1, 60]" classname="org.threeten.extra.chrono.TestDiscordianChronology" time="0"/>
  <testcase name="test_with_TemporalField[45: 2014, 0, 0, DayOfMonth, 0, 2014, 0, 0]" classname="org.threeten.extra.chrono.TestDiscordianChronology" time="0"/>
  <testcase name="test_with_TemporalField[46: 2014, 0, 0, DayOfMonth, 3, 2014, 1, 3]" classname="org.threeten.extra.chrono.TestDiscordianChronology" time="0"/>
  <testcase name="test_with_TemporalField[47: 2014, 0, 0, MonthOfYear, 0, 2014, 0, 0]" classname="org.threeten.extra.chrono.TestDiscordianChronology" time="0"/>
  <testcase name="test_with_TemporalField[48: 2014, 0, 0, MonthOfYear, 1, 2014, 1, 60]" classname="org.threeten.extra.chrono.TestDiscordianChronology" time="0"/>
  <testcase name="test_with_TemporalField[49: 2014, 0, 0, MonthOfYear, 2, 2014, 2, 60]" classname="org.threeten.extra.chrono.TestDiscordianChronology" time="0"/>
  <testcase name="test_with_TemporalField[50: 2014, 0, 0, Year, 2014, 2014, 0, 0]" classname="org.threeten.extra.chrono.TestDiscordianChronology" time="0"/>
  <testcase name="test_with_TemporalField[51: 2014, 0, 0, Year, 2013, 2013, 1, 60]" classname="org.threeten.extra.chrono.TestDiscordianChronology" time="0"/>
  <testcase name="test_with_TemporalField[52: 2014, 0, 0, Year, 2015, 2015, 1, 60]" classname="org.threeten.extra.chrono.TestDiscordianChronology" time="0"/>
  <testcase name="test_with_TemporalField[53: 2014, 0, 0, Year, 2018, 2018, 0, 0]" classname="org.threeten.extra.chrono.TestDiscordianChronology" time="0"/>
  <testcase name="test_with_TemporalField[54: 2014, 3, 31, DayOfMonth, 0, 2014, 0, 0]" classname="org.threeten.extra.chrono.TestDiscordianChronology" time="0"/>
  <testcase name="test_with_TemporalField[55: 2014, 1, 31, DayOfMonth, 0, 2014, 0, 0]" classname="org.threeten.extra.chrono.TestDiscordianChronology" time="0"/>
  <testcase name="test_with_TemporalField[56: 2014, 3, 31, MonthOfYear, 0, 2014, 0, 0]" classname="org.threeten.extra.chrono.TestDiscordianChronology" time="0"/>
  <testcase name="test_with_TemporalField[57: 2014, 3, 31, DayOfYear, 60, 2014, 0, 0]" classname="org.threeten.extra.chrono.TestDiscordianChronology" time="0"/>
  <testcase name="test_with_TemporalField[58: 2013, 3, 31, DayOfYear, 60, 2013, 1, 60]" classname="org.threeten.extra.chrono.TestDiscordianChronology" time="0"/>
  <testcase name="test_with_TemporalField[59: 2013, 1, 60, Year, 2014, 2014, 1, 60]" classname="org.threeten.extra.chrono.TestDiscordianChronology" time="0"/>
  <testcase name="test_plus_Period_ISO" classname="org.threeten.extra.chrono.TestDiscordianChronology" time="0"/>
  <testcase name="test_LocalDate_adjustToDiscordianDate" classname="org.threeten.extra.chrono.TestDiscordianChronology" time="0"/>
  <testcase name="test_DiscordianDate_until_DiscordianDate[0: Discordian YOLD 2-1-01, -1164-01-01]" classname="org.threeten.extra.chrono.TestDiscordianChronology" time="0"/>
  <testcase name="test_DiscordianDate_until_DiscordianDate[1: Discordian YOLD 166-1-01, -1000-01-01]" classname="org.threeten.extra.chrono.TestDiscordianChronology" time="0"/>
  <testcase name="test_DiscordianDate_until_DiscordianDate[2: Discordian YOLD 1156-1-01, -0010-01-01]" classname="org.threeten.extra.chrono.TestDiscordianChronology" time="0"/>
  <testcase name="test_DiscordianDate_until_DiscordianDate[3: Discordian YOLD 1166-1-01, 0000-01-01]" classname="org.threeten.extra.chrono.TestDiscordianChronology" time="0"/>
  <testcase name="test_DiscordianDate_until_DiscordianDate[4: Discordian YOLD 1167-1-01, 0001-01-01]" classname="org.threeten.extra.chrono.TestDiscordianChronology" time="0"/>
  <testcase name="test_DiscordianDate_until_DiscordianDate[5: Discordian YOLD 1167-1-02, 0001-01-02]" classname="org.threeten.extra.chrono.TestDiscordianChronology" time="0"/>
  <testcase name="test_DiscordianDate_until_DiscordianDate[6: Discordian YOLD 1167-1-03, 0001-01-03]" classname="org.threeten.extra.chrono.TestDiscordianChronology" time="0"/>
  <testcase name="test_DiscordianDate_until_DiscordianDate[7: Discordian YOLD 1167-1-57, 0001-02-26]" classname="org.threeten.extra.chrono.TestDiscordianChronology" time="0"/>
  <testcase name="test_DiscordianDate_until_DiscordianDate[8: Discordian YOLD 1167-1-58, 0001-02-27]" classname="org.threeten.extra.chrono.TestDiscordianChronology" time="0"/>
  <testcase name="test_DiscordianDate_until_DiscordianDate[9: Discordian YOLD 1167-1-59, 0001-02-28]" classname="org.threeten.extra.chrono.TestDiscordianChronology" time="0"/>
  <testcase name="test_DiscordianDate_until_DiscordianDate[10: Discordian YOLD 1167-1-60, 0001-03-01]" classname="org.threeten.extra.chrono.TestDiscordianChronology" time="0"/>
  <testcase name="test_DiscordianDate_until_DiscordianDate[11: Discordian YOLD 1170-1-57, 0004-02-26]" classname="org.threeten.extra.chrono.TestDiscordianChronology" time="0"/>
  <testcase name="test_DiscordianDate_until_DiscordianDate[12: Discordian YOLD 1170-1-58, 0004-02-27]" classname="org.threeten.extra.chrono.TestDiscordianChronology" time="0.001"/>
  <testcase name="test_DiscordianDate_until_DiscordianDate[13: Discordian YOLD 1170-1-59, 0004-02-28]" classname="org.threeten.extra.chrono.TestDiscordianChronology" time="0"/>
  <testcase name="test_DiscordianDate_until_DiscordianDate[14: Discordian YOLD 1170 St. Tib&apos;s Day, 0004-02-29]" classname="org.threeten.extra.chrono.TestDiscordianChronology" time="0"/>
  <testcase name="test_DiscordianDate_until_DiscordianDate[15: Discordian YOLD 1170-1-60, 0004-03-01]" classname="org.threeten.extra.chrono.TestDiscordianChronology" time="0"/>
  <testcase name="test_DiscordianDate_until_DiscordianDate[16: Discordian YOLD 1266-1-57, 0100-02-26]" classname="org.threeten.extra.chrono.TestDiscordianChronology" time="0"/>
  <testcase name="test_DiscordianDate_until_DiscordianDate[17: Discordian YOLD 1266-1-58, 0100-02-27]" classname="org.threeten.extra.chrono.TestDiscordianChronology" time="0"/>
  <testcase name="test_DiscordianDate_until_DiscordianDate[18: Discordian YOLD 1266-1-59, 0100-02-28]" classname="org.threeten.extra.chrono.TestDiscordianChronology" time="0"/>
  <testcase name="test_DiscordianDate_until_DiscordianDate[19: Discordian YOLD 1266-1-60, 0100-03-01]" classname="org.threeten.extra.chrono.TestDiscordianChronology" time="0"/>
  <testcase name="test_DiscordianDate_until_DiscordianDate[20: Discordian YOLD 1266-1-61, 0100-03-02]" classname="org.threeten.extra.chrono.TestDiscordianChronology" time="0"/>
  <testcase name="test_DiscordianDate_until_DiscordianDate[21: Discordian YOLD 1166-5-73, 0000-12-31]" classname="org.threeten.extra.chrono.TestDiscordianChronology" time="0"/>
  <testcase name="test_DiscordianDate_until_DiscordianDate[22: Discordian YOLD 1166-5-72, 0000-12-30]" classname="org.threeten.extra.chrono.TestDiscordianChronology" time="0"/>
  <testcase name="test_DiscordianDate_until_DiscordianDate[23: Discordian YOLD 2748-4-68, 1582-10-14]" classname="org.threeten.extra.chrono.TestDiscordianChronology" time="0"/>
  <testcase name="test_DiscordianDate_until_DiscordianDate[24: Discordian YOLD 2748-4-69, 1582-10-15]" classname="org.threeten.extra.chrono.TestDiscordianChronology" time="0"/>
  <testcase name="test_DiscordianDate_until_DiscordianDate[25: Discordian YOLD 3111-5-24, 1945-11-12]" classname="org.threeten.extra.chrono.TestDiscordianChronology" time="0"/>
  <testcase name="test_DiscordianDate_until_DiscordianDate[26: Discordian YOLD 3178-3-40, 2012-07-05]" classname="org.threeten.extra.chrono.TestDiscordianChronology" time="0"/>
  <testcase name="test_DiscordianDate_until_DiscordianDate[27: Discordian YOLD 3178-3-41, 2012-07-06]" classname="org.threeten.extra.chrono.TestDiscordianChronology" time="0"/>
  <testcase name="test_until_DAYS[0: Discordian YOLD 2-1-01, -1164-01-01]" classname="org.threeten.extra.chrono.TestDiscordianChronology" time="0"/>
  <testcase name="test_until_DAYS[1: Discordian YOLD 166-1-01, -1000-01-01]" classname="org.threeten.extra.chrono.TestDiscordianChronology" time="0.001"/>
  <testcase name="test_until_DAYS[2: Discordian YOLD 1156-1-01, -0010-01-01]" classname="org.threeten.extra.chrono.TestDiscordianChronology" time="0"/>
  <testcase name="test_until_DAYS[3: Discordian YOLD 1166-1-01, 0000-01-01]" classname="org.threeten.extra.chrono.TestDiscordianChronology" time="0"/>
  <testcase name="test_until_DAYS[4: Discordian YOLD 1167-1-01, 0001-01-01]" classname="org.threeten.extra.chrono.TestDiscordianChronology" time="0"/>
  <testcase name="test_until_DAYS[5: Discordian YOLD 1167-1-02, 0001-01-02]" classname="org.threeten.extra.chrono.TestDiscordianChronology" time="0"/>
  <testcase name="test_until_DAYS[6: Discordian YOLD 1167-1-03, 0001-01-03]" classname="org.threeten.extra.chrono.TestDiscordianChronology" time="0"/>
  <testcase name="test_until_DAYS[7: Discordian YOLD 1167-1-57, 0001-02-26]" classname="org.threeten.extra.chrono.TestDiscordianChronology" time="0"/>
  <testcase name="test_until_DAYS[8: Discordian YOLD 1167-1-58, 0001-02-27]" classname="org.threeten.extra.chrono.TestDiscordianChronology" time="0"/>
  <testcase name="test_until_DAYS[9: Discordian YOLD 1167-1-59, 0001-02-28]" classname="org.threeten.extra.chrono.TestDiscordianChronology" time="0"/>
  <testcase name="test_until_DAYS[10: Discordian YOLD 1167-1-60, 0001-03-01]" classname="org.threeten.extra.chrono.TestDiscordianChronology" time="0"/>
  <testcase name="test_until_DAYS[11: Discordian YOLD 1170-1-57, 0004-02-26]" classname="org.threeten.extra.chrono.TestDiscordianChronology" time="0"/>
  <testcase name="test_until_DAYS[12: Discordian YOLD 1170-1-58, 0004-02-27]" classname="org.threeten.extra.chrono.TestDiscordianChronology" time="0"/>
  <testcase name="test_until_DAYS[13: Discordian YOLD 1170-1-59, 0004-02-28]" classname="org.threeten.extra.chrono.TestDiscordianChronology" time="0"/>
  <testcase name="test_until_DAYS[14: Discordian YOLD 1170 St. Tib&apos;s Day, 0004-02-29]" classname="org.threeten.extra.chrono.TestDiscordianChronology" time="0"/>
  <testcase name="test_until_DAYS[15: Discordian YOLD 1170-1-60, 0004-03-01]" classname="org.threeten.extra.chrono.TestDiscordianChronology" time="0"/>
  <testcase name="test_until_DAYS[16: Discordian YOLD 1266-1-57, 0100-02-26]" classname="org.threeten.extra.chrono.TestDiscordianChronology" time="0.001"/>
  <testcase name="test_until_DAYS[17: Discordian YOLD 1266-1-58, 0100-02-27]" classname="org.threeten.extra.chrono.TestDiscordianChronology" time="0"/>
  <testcase name="test_until_DAYS[18: Discordian YOLD 1266-1-59, 0100-02-28]" classname="org.threeten.extra.chrono.TestDiscordianChronology" time="0"/>
  <testcase name="test_until_DAYS[19: Discordian YOLD 1266-1-60, 0100-03-01]" classname="org.threeten.extra.chrono.TestDiscordianChronology" time="0"/>
  <testcase name="test_until_DAYS[20: Discordian YOLD 1266-1-61, 0100-03-02]" classname="org.threeten.extra.chrono.TestDiscordianChronology" time="0"/>
  <testcase name="test_until_DAYS[21: Discordian YOLD 1166-5-73, 0000-12-31]" classname="org.threeten.extra.chrono.TestDiscordianChronology" time="0"/>
  <testcase name="test_until_DAYS[22: Discordian YOLD 1166-5-72, 0000-12-30]" classname="org.threeten.extra.chrono.TestDiscordianChronology" time="0"/>
  <testcase name="test_until_DAYS[23: Discordian YOLD 2748-4-68, 1582-10-14]" classname="org.threeten.extra.chrono.TestDiscordianChronology" time="0"/>
  <testcase name="test_until_DAYS[24: Discordian YOLD 2748-4-69, 1582-10-15]" classname="org.threeten.extra.chrono.TestDiscordianChronology" time="0"/>
  <testcase name="test_until_DAYS[25: Discordian YOLD 3111-5-24, 1945-11-12]" classname="org.threeten.extra.chrono.TestDiscordianChronology" time="0"/>
  <testcase name="test_until_DAYS[26: Discordian YOLD 3178-3-40, 2012-07-05]" classname="org.threeten.extra.chrono.TestDiscordianChronology" time="0"/>
  <testcase name="test_until_DAYS[27: Discordian YOLD 3178-3-41, 2012-07-06]" classname="org.threeten.extra.chrono.TestDiscordianChronology" time="0"/>
  <testcase name="test_until_TemporalUnit_unsupported" classname="org.threeten.extra.chrono.TestDiscordianChronology" time="0"/>
  <testcase name="test_chronology_of_name_id" classname="org.threeten.extra.chrono.TestDiscordianChronology" time="0.001"/>
  <testcase name="test_chronology_of_name" classname="org.threeten.extra.chrono.TestDiscordianChronology" time="0.001"/>
  <testcase name="test_chronology_dateYearDay_badDate" classname="org.threeten.extra.chrono.TestDiscordianChronology" time="0"/>
  <testcase name="test_getLong[0: 2014, 1, 26, DayOfWeek, 1]" classname="org.threeten.extra.chrono.TestDiscordianChronology" time="0"/>
  <testcase name="test_getLong[1: 2014, 1, 26, DayOfMonth, 26]" classname="org.threeten.extra.chrono.TestDiscordianChronology" time="0"/>
  <testcase name="test_getLong[2: 2014, 1, 26, DayOfYear, 26]" classname="org.threeten.extra.chrono.TestDiscordianChronology" time="0"/>
  <testcase name="test_getLong[3: 2014, 1, 26, AlignedDayOfWeekInMonth, 1]" classname="org.threeten.extra.chrono.TestDiscordianChronology" time="0"/>
  <testcase name="test_getLong[4: 2014, 1, 26, AlignedWeekOfMonth, 6]" classname="org.threeten.extra.chrono.TestDiscordianChronology" time="0"/>
  <testcase name="test_getLong[5: 2014, 1, 26, AlignedDayOfWeekInYear, 1]" classname="org.threeten.extra.chrono.TestDiscordianChronology" time="0"/>
  <testcase name="test_getLong[6: 2014, 1, 26, AlignedWeekOfYear, 6]" classname="org.threeten.extra.chrono.TestDiscordianChronology" time="0"/>
  <testcase name="test_getLong[7: 2014, 1, 26, MonthOfYear, 1]" classname="org.threeten.extra.chrono.TestDiscordianChronology" time="0"/>
  <testcase name="test_getLong[8: 2014, 1, 26, ProlepticMonth, 10070]" classname="org.threeten.extra.chrono.TestDiscordianChronology" time="0"/>
  <testcase name="test_getLong[9: 2014, 1, 26, Year, 2014]" classname="org.threeten.extra.chrono.TestDiscordianChronology" time="0"/>
  <testcase name="test_getLong[10: 2014, 1, 26, Era, 1]" classname="org.threeten.extra.chrono.TestDiscordianChronology" time="0"/>
  <testcase name="test_getLong[11: 2014, 5, 26, DayOfWeek, 3]" classname="org.threeten.extra.chrono.TestDiscordianChronology" time="0"/>
  <testcase name="test_getLong[12: 2014, 5, 26, DayOfMonth, 26]" classname="org.threeten.extra.chrono.TestDiscordianChronology" time="0"/>
  <testcase name="test_getLong[13: 2014, 5, 26, DayOfYear, 319]" classname="org.threeten.extra.chrono.TestDiscordianChronology" time="0"/>
  <testcase name="test_getLong[14: 2014, 5, 26, AlignedDayOfWeekInMonth, 1]" classname="org.threeten.extra.chrono.TestDiscordianChronology" time="0"/>
  <testcase name="test_getLong[15: 2014, 5, 26, AlignedWeekOfMonth, 6]" classname="org.threeten.extra.chrono.TestDiscordianChronology" time="0.001"/>
  <testcase name="test_getLong[16: 2014, 5, 26, AlignedDayOfWeekInYear, 3]" classname="org.threeten.extra.chrono.TestDiscordianChronology" time="0"/>
  <testcase name="test_getLong[17: 2014, 5, 26, AlignedWeekOfYear, 64]" classname="org.threeten.extra.chrono.TestDiscordianChronology" time="0"/>
  <testcase name="test_getLong[18: 2014, 5, 26, MonthOfYear, 5]" classname="org.threeten.extra.chrono.TestDiscordianChronology" time="0"/>
  <testcase name="test_getLong[19: 2014, 5, 26, ProlepticMonth, 10074]" classname="org.threeten.extra.chrono.TestDiscordianChronology" time="0"/>
  <testcase name="test_getLong[20: 2014, 5, 26, Year, 2014]" classname="org.threeten.extra.chrono.TestDiscordianChronology" time="0"/>
  <testcase name="test_getLong[21: 2014, 5, 26, Era, 1]" classname="org.threeten.extra.chrono.TestDiscordianChronology" time="0"/>
  <testcase name="test_getLong[22: 1, 5, 8, Era, 1]" classname="org.threeten.extra.chrono.TestDiscordianChronology" time="0"/>
  <testcase name="test_getLong[23: 2014, 0, 0, DayOfWeek, 0]" classname="org.threeten.extra.chrono.TestDiscordianChronology" time="0"/>
  <testcase name="test_getLong[24: 2014, 0, 0, DayOfMonth, 0]" classname="org.threeten.extra.chrono.TestDiscordianChronology" time="0"/>
  <testcase name="test_getLong[25: 2014, 0, 0, DayOfYear, 60]" classname="org.threeten.extra.chrono.TestDiscordianChronology" time="0"/>
  <testcase name="test_getLong[26: 2014, 0, 0, AlignedDayOfWeekInMonth, 0]" classname="org.threeten.extra.chrono.TestDiscordianChronology" time="0"/>
  <testcase name="test_getLong[27: 2014, 0, 0, AlignedWeekOfMonth, 0]" classname="org.threeten.extra.chrono.TestDiscordianChronology" time="0"/>
  <testcase name="test_getLong[28: 2014, 0, 0, AlignedDayOfWeekInYear, 0]" classname="org.threeten.extra.chrono.TestDiscordianChronology" time="0"/>
  <testcase name="test_getLong[29: 2014, 0, 0, AlignedWeekOfYear, 0]" classname="org.threeten.extra.chrono.TestDiscordianChronology" time="0"/>
  <testcase name="test_getLong[30: 2014, 0, 0, MonthOfYear, 0]" classname="org.threeten.extra.chrono.TestDiscordianChronology" time="0"/>
  <testcase name="test_getLong[31: 2014, 0, 0, ProlepticMonth, 10070]" classname="org.threeten.extra.chrono.TestDiscordianChronology" time="0"/>
  <testcase name="test_Chronology_eraOf" classname="org.threeten.extra.chrono.TestDiscordianChronology" time="0"/>
  <testcase name="test_minus_Period" classname="org.threeten.extra.chrono.TestDiscordianChronology" time="0"/>
  <testcase name="test_Chronology_range" classname="org.threeten.extra.chrono.TestDiscordianChronology" time="0"/>
  <testcase name="test_isLeapYear_specific" classname="org.threeten.extra.chrono.TestDiscordianChronology" time="0"/>
  <testcase name="test_minus_Period_ISO" classname="org.threeten.extra.chrono.TestDiscordianChronology" time="0"/>
  <testcase name="test_adjust_toMonth" classname="org.threeten.extra.chrono.TestDiscordianChronology" time="0"/>
  <testcase name="test_minus_TemporalUnit[0: 2014, 5, 26, 0, Days, 2014, 5, 26]" classname="org.threeten.extra.chrono.TestDiscordianChronology" time="0"/>
  <testcase name="test_minus_TemporalUnit[1: 2014, 5, 26, 8, Days, 2014, 5, 34]" classname="org.threeten.extra.chrono.TestDiscordianChronology" time="0"/>
  <testcase name="test_minus_TemporalUnit[2: 2014, 5, 26, -3, Days, 2014, 5, 23]" classname="org.threeten.extra.chrono.TestDiscordianChronology" time="0"/>
  <testcase name="test_minus_TemporalUnit[3: 2014, 5, 26, 0, Weeks, 2014, 5, 26]" classname="org.threeten.extra.chrono.TestDiscordianChronology" time="0"/>
  <testcase name="test_minus_TemporalUnit[4: 2014, 5, 26, 3, Weeks, 2014, 5, 41]" classname="org.threeten.extra.chrono.TestDiscordianChronology" time="0"/>
  <testcase name="test_minus_TemporalUnit[5: 2014, 5, 26, -5, Weeks, 2014, 5, 1]" classname="org.threeten.extra.chrono.TestDiscordianChronology" time="0"/>
  <testcase name="test_minus_TemporalUnit[6: 2014, 5, 26, 0, Months, 2014, 5, 26]" classname="org.threeten.extra.chrono.TestDiscordianChronology" time="0"/>
  <testcase name="test_minus_TemporalUnit[7: 2014, 5, 26, 3, Months, 2015, 3, 26]" classname="org.threeten.extra.chrono.TestDiscordianChronology" time="0"/>
  <testcase name="test_minus_TemporalUnit[8: 2014, 5, 26, -5, Months, 2013, 5, 26]" classname="org.threeten.extra.chrono.TestDiscordianChronology" time="0"/>
  <testcase name="test_minus_TemporalUnit[9: 2014, 5, 26, 0, Years, 2014, 5, 26]" classname="org.threeten.extra.chrono.TestDiscordianChronology" time="0"/>
  <testcase name="test_minus_TemporalUnit[10: 2014, 5, 26, 3, Years, 2017, 5, 26]" classname="org.threeten.extra.chrono.TestDiscordianChronology" time="0"/>
  <testcase name="test_minus_TemporalUnit[11: 2014, 5, 26, -5, Years, 2009, 5, 26]" classname="org.threeten.extra.chrono.TestDiscordianChronology" time="0"/>
  <testcase name="test_minus_TemporalUnit[12: 2014, 5, 26, 0, Decades, 2014, 5, 26]" classname="org.threeten.extra.chrono.TestDiscordianChronology" time="0"/>
  <testcase name="test_minus_TemporalUnit[13: 2014, 5, 26, 3, Decades, 2044, 5, 26]" classname="org.threeten.extra.chrono.TestDiscordianChronology" time="0"/>
  <testcase name="test_minus_TemporalUnit[14: 2014, 5, 26, -5, Decades, 1964, 5, 26]" classname="org.threeten.extra.chrono.TestDiscordianChronology" time="0"/>
  <testcase name="test_minus_TemporalUnit[15: 2014, 5, 26, 0, Centuries, 2014, 5, 26]" classname="org.threeten.extra.chrono.TestDiscordianChronology" time="0"/>
  <testcase name="test_minus_TemporalUnit[16: 2014, 5, 26, 3, Centuries, 2314, 5, 26]" classname="org.threeten.extra.chrono.TestDiscordianChronology" time="0"/>
  <testcase name="test_minus_TemporalUnit[17: 2014, 5, 26, -5, Centuries, 1514, 5, 26]" classname="org.threeten.extra.chrono.TestDiscordianChronology" time="0"/>
  <testcase name="test_minus_TemporalUnit[18: 2014, 5, 26, 0, Millennia, 2014, 5, 26]" classname="org.threeten.extra.chrono.TestDiscordianChronology" time="0"/>
  <testcase name="test_minus_TemporalUnit[19: 2014, 5, 26, 3, Millennia, 5014, 5, 26]" classname="org.threeten.extra.chrono.TestDiscordianChronology" time="0"/>
  <testcase name="test_minus_TemporalUnit[20: 2014, 5, 26, -1, Millennia, 1014, 5, 26]" classname="org.threeten.extra.chrono.TestDiscordianChronology" time="0"/>
  <testcase name="test_prolepticYear_badEra" classname="org.threeten.extra.chrono.TestDiscordianChronology" time="0"/>
  <testcase name="test_equals" classname="org.threeten.extra.chrono.TestDiscordianChronology" time="0"/>
  <testcase name="test_plus_Period" classname="org.threeten.extra.chrono.TestDiscordianChronology" time="0"/>
  <testcase name="test_Chronology_eraOf_invalid" classname="org.threeten.extra.chrono.TestDiscordianChronology" time="0"/>
  <testcase name="test_era_loop" classname="org.threeten.extra.chrono.TestDiscordianChronology" time="0"/>
  <testcase name="test_lengthOfMonth_specific" classname="org.threeten.extra.chrono.TestDiscordianChronology" time="0"/>
  <testcase name="test_range_unsupported" classname="org.threeten.extra.chrono.TestDiscordianChronology" time="0"/>
  <testcase name="test_plus_leap_TemporalUnit[0: 2014, 0, 0, 0, Days, 2014, 0, 0]" classname="org.threeten.extra.chrono.TestDiscordianChronology" time="0"/>
  <testcase name="test_plus_leap_TemporalUnit[1: 2014, 0, 0, 8, Days, 2014, 1, 67]" classname="org.threeten.extra.chrono.TestDiscordianChronology" time="0"/>
  <testcase name="test_plus_leap_TemporalUnit[2: 2014, 0, 0, -3, Days, 2014, 1, 57]" classname="org.threeten.extra.chrono.TestDiscordianChronology" time="0"/>
  <testcase name="test_plus_leap_TemporalUnit[3: 2014, 0, 0, 0, Weeks, 2014, 0, 0]" classname="org.threeten.extra.chrono.TestDiscordianChronology" time="0"/>
  <testcase name="test_plus_leap_TemporalUnit[4: 2014, 0, 0, 3, Weeks, 2014, 2, 2]" classname="org.threeten.extra.chrono.TestDiscordianChronology" time="0"/>
  <testcase name="test_plus_leap_TemporalUnit[5: 2014, 0, 0, -5, Weeks, 2014, 1, 35]" classname="org.threeten.extra.chrono.TestDiscordianChronology" time="0"/>
  <testcase name="test_plus_leap_TemporalUnit[6: 2014, 0, 0, 292, Weeks, 2018, 0, 0]" classname="org.threeten.extra.chrono.TestDiscordianChronology" time="0"/>
  <testcase name="test_plus_leap_TemporalUnit[7: 2014, 0, 0, 0, Months, 2014, 0, 0]" classname="org.threeten.extra.chrono.TestDiscordianChronology" time="0"/>
  <testcase name="test_plus_leap_TemporalUnit[8: 2014, 0, 0, 3, Months, 2014, 4, 60]" classname="org.threeten.extra.chrono.TestDiscordianChronology" time="0"/>
  <testcase name="test_plus_leap_TemporalUnit[9: 2014, 0, 0, -5, Months, 2013, 1, 60]" classname="org.threeten.extra.chrono.TestDiscordianChronology" time="0"/>
  <testcase name="test_plus_leap_TemporalUnit[10: 2014, 0, 0, 20, Months, 2018, 0, 0]" classname="org.threeten.extra.chrono.TestDiscordianChronology" time="0"/>
  <testcase name="test_plus_leap_TemporalUnit[11: 2014, 0, 0, 0, Years, 2014, 0, 0]" classname="org.threeten.extra.chrono.TestDiscordianChronology" time="0"/>
  <testcase name="test_plus_leap_TemporalUnit[12: 2014, 0, 0, 3, Years, 2017, 1, 60]" classname="org.threeten.extra.chrono.TestDiscordianChronology" time="0"/>
  <testcase name="test_plus_leap_TemporalUnit[13: 2014, 0, 0, -5, Years, 2009, 1, 60]" classname="org.threeten.extra.chrono.TestDiscordianChronology" time="0"/>
  <testcase name="test_plus_leap_TemporalUnit[14: 2014, 0, 0, 4, Years, 2018, 0, 0]" classname="org.threeten.extra.chrono.TestDiscordianChronology" time="0"/>
  <testcase name="test_era_yearDay_loop" classname="org.threeten.extra.chrono.TestDiscordianChronology" time="0"/>
  <testcase name="test_plus_TemporalUnit[0: 2014, 5, 26, 0, Days, 2014, 5, 26]" classname="org.threeten.extra.chrono.TestDiscordianChronology" time="0"/>
  <testcase name="test_plus_TemporalUnit[1: 2014, 5, 26, 8, Days, 2014, 5, 34]" classname="org.threeten.extra.chrono.TestDiscordianChronology" time="0"/>
  <testcase name="test_plus_TemporalUnit[2: 2014, 5, 26, -3, Days, 2014, 5, 23]" classname="org.threeten.extra.chrono.TestDiscordianChronology" time="0"/>
  <testcase name="test_plus_TemporalUnit[3: 2014, 5, 26, 0, Weeks, 2014, 5, 26]" classname="org.threeten.extra.chrono.TestDiscordianChronology" time="0"/>
  <testcase name="test_plus_TemporalUnit[4: 2014, 5, 26, 3, Weeks, 2014, 5, 41]" classname="org.threeten.extra.chrono.TestDiscordianChronology" time="0"/>
  <testcase name="test_plus_TemporalUnit[5: 2014, 5, 26, -5, Weeks, 2014, 5, 1]" classname="org.threeten.extra.chrono.TestDiscordianChronology" time="0"/>
  <testcase name="test_plus_TemporalUnit[6: 2014, 5, 26, 0, Months, 2014, 5, 26]" classname="org.threeten.extra.chrono.TestDiscordianChronology" time="0"/>
  <testcase name="test_plus_TemporalUnit[7: 2014, 5, 26, 3, Months, 2015, 3, 26]" classname="org.threeten.extra.chrono.TestDiscordianChronology" time="0"/>
  <testcase name="test_plus_TemporalUnit[8: 2014, 5, 26, -5, Months, 2013, 5, 26]" classname="org.threeten.extra.chrono.TestDiscordianChronology" time="0"/>
  <testcase name="test_plus_TemporalUnit[9: 2014, 5, 26, 0, Years, 2014, 5, 26]" classname="org.threeten.extra.chrono.TestDiscordianChronology" time="0"/>
  <testcase name="test_plus_TemporalUnit[10: 2014, 5, 26, 3, Years, 2017, 5, 26]" classname="org.threeten.extra.chrono.TestDiscordianChronology" time="0"/>
  <testcase name="test_plus_TemporalUnit[11: 2014, 5, 26, -5, Years, 2009, 5, 26]" classname="org.threeten.extra.chrono.TestDiscordianChronology" time="0"/>
  <testcase name="test_plus_TemporalUnit[12: 2014, 5, 26, 0, Decades, 2014, 5, 26]" classname="org.threeten.extra.chrono.TestDiscordianChronology" time="0"/>
  <testcase name="test_plus_TemporalUnit[13: 2014, 5, 26, 3, Decades, 2044, 5, 26]" classname="org.threeten.extra.chrono.TestDiscordianChronology" time="0"/>
  <testcase name="test_plus_TemporalUnit[14: 2014, 5, 26, -5, Decades, 1964, 5, 26]" classname="org.threeten.extra.chrono.TestDiscordianChronology" time="0"/>
  <testcase name="test_plus_TemporalUnit[15: 2014, 5, 26, 0, Centuries, 2014, 5, 26]" classname="org.threeten.extra.chrono.TestDiscordianChronology" time="0"/>
  <testcase name="test_plus_TemporalUnit[16: 2014, 5, 26, 3, Centuries, 2314, 5, 26]" classname="org.threeten.extra.chrono.TestDiscordianChronology" time="0"/>
  <testcase name="test_plus_TemporalUnit[17: 2014, 5, 26, -5, Centuries, 1514, 5, 26]" classname="org.threeten.extra.chrono.TestDiscordianChronology" time="0"/>
  <testcase name="test_plus_TemporalUnit[18: 2014, 5, 26, 0, Millennia, 2014, 5, 26]" classname="org.threeten.extra.chrono.TestDiscordianChronology" time="0"/>
  <testcase name="test_plus_TemporalUnit[19: 2014, 5, 26, 3, Millennia, 5014, 5, 26]" classname="org.threeten.extra.chrono.TestDiscordianChronology" time="0"/>
  <testcase name="test_plus_TemporalUnit[20: 2014, 5, 26, -1, Millennia, 1014, 5, 26]" classname="org.threeten.extra.chrono.TestDiscordianChronology" time="0"/>
  <testcase name="test_DiscordianDate_toEpochDay[0: Discordian YOLD 2-1-01, -1164-01-01]" classname="org.threeten.extra.chrono.TestDiscordianChronology" time="0"/>
  <testcase name="test_DiscordianDate_toEpochDay[1: Discordian YOLD 166-1-01, -1000-01-01]" classname="org.threeten.extra.chrono.TestDiscordianChronology" time="0"/>
  <testcase name="test_DiscordianDate_toEpochDay[2: Discordian YOLD 1156-1-01, -0010-01-01]" classname="org.threeten.extra.chrono.TestDiscordianChronology" time="0"/>
  <testcase name="test_DiscordianDate_toEpochDay[3: Discordian YOLD 1166-1-01, 0000-01-01]" classname="org.threeten.extra.chrono.TestDiscordianChronology" time="0"/>
  <testcase name="test_DiscordianDate_toEpochDay[4: Discordian YOLD 1167-1-01, 0001-01-01]" classname="org.threeten.extra.chrono.TestDiscordianChronology" time="0"/>
  <testcase name="test_DiscordianDate_toEpochDay[5: Discordian YOLD 1167-1-02, 0001-01-02]" classname="org.threeten.extra.chrono.TestDiscordianChronology" time="0"/>
  <testcase name="test_DiscordianDate_toEpochDay[6: Discordian YOLD 1167-1-03, 0001-01-03]" classname="org.threeten.extra.chrono.TestDiscordianChronology" time="0"/>
  <testcase name="test_DiscordianDate_toEpochDay[7: Discordian YOLD 1167-1-57, 0001-02-26]" classname="org.threeten.extra.chrono.TestDiscordianChronology" time="0"/>
  <testcase name="test_DiscordianDate_toEpochDay[8: Discordian YOLD 1167-1-58, 0001-02-27]" classname="org.threeten.extra.chrono.TestDiscordianChronology" time="0"/>
  <testcase name="test_DiscordianDate_toEpochDay[9: Discordian YOLD 1167-1-59, 0001-02-28]" classname="org.threeten.extra.chrono.TestDiscordianChronology" time="0"/>
  <testcase name="test_DiscordianDate_toEpochDay[10: Discordian YOLD 1167-1-60, 0001-03-01]" classname="org.threeten.extra.chrono.TestDiscordianChronology" time="0"/>
  <testcase name="test_DiscordianDate_toEpochDay[11: Discordian YOLD 1170-1-57, 0004-02-26]" classname="org.threeten.extra.chrono.TestDiscordianChronology" time="0"/>
  <testcase name="test_DiscordianDate_toEpochDay[12: Discordian YOLD 1170-1-58, 0004-02-27]" classname="org.threeten.extra.chrono.TestDiscordianChronology" time="0"/>
  <testcase name="test_DiscordianDate_toEpochDay[13: Discordian YOLD 1170-1-59, 0004-02-28]" classname="org.threeten.extra.chrono.TestDiscordianChronology" time="0"/>
  <testcase name="test_DiscordianDate_toEpochDay[14: Discordian YOLD 1170 St. Tib&apos;s Day, 0004-02-29]" classname="org.threeten.extra.chrono.TestDiscordianChronology" time="0"/>
  <testcase name="test_DiscordianDate_toEpochDay[15: Discordian YOLD 1170-1-60, 0004-03-01]" classname="org.threeten.extra.chrono.TestDiscordianChronology" time="0"/>
  <testcase name="test_DiscordianDate_toEpochDay[16: Discordian YOLD 1266-1-57, 0100-02-26]" classname="org.threeten.extra.chrono.TestDiscordianChronology" time="0"/>
  <testcase name="test_DiscordianDate_toEpochDay[17: Discordian YOLD 1266-1-58, 0100-02-27]" classname="org.threeten.extra.chrono.TestDiscordianChronology" time="0"/>
  <testcase name="test_DiscordianDate_toEpochDay[18: Discordian YOLD 1266-1-59, 0100-02-28]" classname="org.threeten.extra.chrono.TestDiscordianChronology" time="0"/>
  <testcase name="test_DiscordianDate_toEpochDay[19: Discordian YOLD 1266-1-60, 0100-03-01]" classname="org.threeten.extra.chrono.TestDiscordianChronology" time="0"/>
  <testcase name="test_DiscordianDate_toEpochDay[20: Discordian YOLD 1266-1-61, 0100-03-02]" classname="org.threeten.extra.chrono.TestDiscordianChronology" time="0"/>
  <testcase name="test_DiscordianDate_toEpochDay[21: Discordian YOLD 1166-5-73, 0000-12-31]" classname="org.threeten.extra.chrono.TestDiscordianChronology" time="0"/>
  <testcase name="test_DiscordianDate_toEpochDay[22: Discordian YOLD 1166-5-72, 0000-12-30]" classname="org.threeten.extra.chrono.TestDiscordianChronology" time="0"/>
  <testcase name="test_DiscordianDate_toEpochDay[23: Discordian YOLD 2748-4-68, 1582-10-14]" classname="org.threeten.extra.chrono.TestDiscordianChronology" time="0"/>
  <testcase name="test_DiscordianDate_toEpochDay[24: Discordian YOLD 2748-4-69, 1582-10-15]" classname="org.threeten.extra.chrono.TestDiscordianChronology" time="0"/>
  <testcase name="test_DiscordianDate_toEpochDay[25: Discordian YOLD 3111-5-24, 1945-11-12]" classname="org.threeten.extra.chrono.TestDiscordianChronology" time="0"/>
  <testcase name="test_DiscordianDate_toEpochDay[26: Discordian YOLD 3178-3-40, 2012-07-05]" classname="org.threeten.extra.chrono.TestDiscordianChronology" time="0"/>
  <testcase name="test_DiscordianDate_toEpochDay[27: Discordian YOLD 3178-3-41, 2012-07-06]" classname="org.threeten.extra.chrono.TestDiscordianChronology" time="0"/>
  <testcase name="test_adjust_toLocalDate" classname="org.threeten.extra.chrono.TestDiscordianChronology" time="0"/>
  <testcase name="test_LocalDate_until_DiscordianDate[0: Discordian YOLD 2-1-01, -1164-01-01]" classname="org.threeten.extra.chrono.TestDiscordianChronology" time="0"/>
  <testcase name="test_LocalDate_until_DiscordianDate[1: Discordian YOLD 166-1-01, -1000-01-01]" classname="org.threeten.extra.chrono.TestDiscordianChronology" time="0"/>
  <testcase name="test_LocalDate_until_DiscordianDate[2: Discordian YOLD 1156-1-01, -0010-01-01]" classname="org.threeten.extra.chrono.TestDiscordianChronology" time="0"/>
  <testcase name="test_LocalDate_until_DiscordianDate[3: Discordian YOLD 1166-1-01, 0000-01-01]" classname="org.threeten.extra.chrono.TestDiscordianChronology" time="0"/>
  <testcase name="test_LocalDate_until_DiscordianDate[4: Discordian YOLD 1167-1-01, 0001-01-01]" classname="org.threeten.extra.chrono.TestDiscordianChronology" time="0"/>
  <testcase name="test_LocalDate_until_DiscordianDate[5: Discordian YOLD 1167-1-02, 0001-01-02]" classname="org.threeten.extra.chrono.TestDiscordianChronology" time="0"/>
  <testcase name="test_LocalDate_until_DiscordianDate[6: Discordian YOLD 1167-1-03, 0001-01-03]" classname="org.threeten.extra.chrono.TestDiscordianChronology" time="0"/>
  <testcase name="test_LocalDate_until_DiscordianDate[7: Discordian YOLD 1167-1-57, 0001-02-26]" classname="org.threeten.extra.chrono.TestDiscordianChronology" time="0"/>
  <testcase name="test_LocalDate_until_DiscordianDate[8: Discordian YOLD 1167-1-58, 0001-02-27]" classname="org.threeten.extra.chrono.TestDiscordianChronology" time="0"/>
  <testcase name="test_LocalDate_until_DiscordianDate[9: Discordian YOLD 1167-1-59, 0001-02-28]" classname="org.threeten.extra.chrono.TestDiscordianChronology" time="0"/>
  <testcase name="test_LocalDate_until_DiscordianDate[10: Discordian YOLD 1167-1-60, 0001-03-01]" classname="org.threeten.extra.chrono.TestDiscordianChronology" time="0"/>
  <testcase name="test_LocalDate_until_DiscordianDate[11: Discordian YOLD 1170-1-57, 0004-02-26]" classname="org.threeten.extra.chrono.TestDiscordianChronology" time="0"/>
  <testcase name="test_LocalDate_until_DiscordianDate[12: Discordian YOLD 1170-1-58, 0004-02-27]" classname="org.threeten.extra.chrono.TestDiscordianChronology" time="0"/>
  <testcase name="test_LocalDate_until_DiscordianDate[13: Discordian YOLD 1170-1-59, 0004-02-28]" classname="org.threeten.extra.chrono.TestDiscordianChronology" time="0"/>
  <testcase name="test_LocalDate_until_DiscordianDate[14: Discordian YOLD 1170 St. Tib&apos;s Day, 0004-02-29]" classname="org.threeten.extra.chrono.TestDiscordianChronology" time="0"/>
  <testcase name="test_LocalDate_until_DiscordianDate[15: Discordian YOLD 1170-1-60, 0004-03-01]" classname="org.threeten.extra.chrono.TestDiscordianChronology" time="0.001"/>
  <testcase name="test_LocalDate_until_DiscordianDate[16: Discordian YOLD 1266-1-57, 0100-02-26]" classname="org.threeten.extra.chrono.TestDiscordianChronology" time="0"/>
  <testcase name="test_LocalDate_until_DiscordianDate[17: Discordian YOLD 1266-1-58, 0100-02-27]" classname="org.threeten.extra.chrono.TestDiscordianChronology" time="0"/>
  <testcase name="test_LocalDate_until_DiscordianDate[18: Discordian YOLD 1266-1-59, 0100-02-28]" classname="org.threeten.extra.chrono.TestDiscordianChronology" time="0"/>
  <testcase name="test_LocalDate_until_DiscordianDate[19: Discordian YOLD 1266-1-60, 0100-03-01]" classname="org.threeten.extra.chrono.TestDiscordianChronology" time="0"/>
  <testcase name="test_LocalDate_until_DiscordianDate[20: Discordian YOLD 1266-1-61, 0100-03-02]" classname="org.threeten.extra.chrono.TestDiscordianChronology" time="0"/>
  <testcase name="test_LocalDate_until_DiscordianDate[21: Discordian YOLD 1166-5-73, 0000-12-31]" classname="org.threeten.extra.chrono.TestDiscordianChronology" time="0"/>
  <testcase name="test_LocalDate_until_DiscordianDate[22: Discordian YOLD 1166-5-72, 0000-12-30]" classname="org.threeten.extra.chrono.TestDiscordianChronology" time="0"/>
  <testcase name="test_LocalDate_until_DiscordianDate[23: Discordian YOLD 2748-4-68, 1582-10-14]" classname="org.threeten.extra.chrono.TestDiscordianChronology" time="0"/>
  <testcase name="test_LocalDate_until_DiscordianDate[24: Discordian YOLD 2748-4-69, 1582-10-15]" classname="org.threeten.extra.chrono.TestDiscordianChronology" time="0"/>
  <testcase name="test_LocalDate_until_DiscordianDate[25: Discordian YOLD 3111-5-24, 1945-11-12]" classname="org.threeten.extra.chrono.TestDiscordianChronology" time="0"/>
  <testcase name="test_LocalDate_until_DiscordianDate[26: Discordian YOLD 3178-3-40, 2012-07-05]" classname="org.threeten.extra.chrono.TestDiscordianChronology" time="0"/>
  <testcase name="test_LocalDate_until_DiscordianDate[27: Discordian YOLD 3178-3-41, 2012-07-06]" classname="org.threeten.extra.chrono.TestDiscordianChronology" time="0"/>
  <testcase name="test_Chronology_eras" classname="org.threeten.extra.chrono.TestDiscordianChronology" time="0"/>
  <testcase name="test_lengthOfMonth[0: 1900, 1, 73]" classname="org.threeten.extra.chrono.TestDiscordianChronology" time="0"/>
  <testcase name="test_lengthOfMonth[1: 1900, 2, 73]" classname="org.threeten.extra.chrono.TestDiscordianChronology" time="0"/>
  <testcase name="test_lengthOfMonth[2: 1900, 3, 73]" classname="org.threeten.extra.chrono.TestDiscordianChronology" time="0"/>
  <testcase name="test_lengthOfMonth[3: 1900, 4, 73]" classname="org.threeten.extra.chrono.TestDiscordianChronology" time="0"/>
  <testcase name="test_lengthOfMonth[4: 1900, 5, 73]" classname="org.threeten.extra.chrono.TestDiscordianChronology" time="0"/>
  <testcase name="test_lengthOfMonth[5: 1901, 1, 73]" classname="org.threeten.extra.chrono.TestDiscordianChronology" time="0"/>
  <testcase name="test_lengthOfMonth[6: 1902, 1, 73]" classname="org.threeten.extra.chrono.TestDiscordianChronology" time="0"/>
  <testcase name="test_lengthOfMonth[7: 1903, 1, 73]" classname="org.threeten.extra.chrono.TestDiscordianChronology" time="0"/>
  <testcase name="test_lengthOfMonth[8: 1904, 1, 73]" classname="org.threeten.extra.chrono.TestDiscordianChronology" time="0"/>
  <testcase name="test_lengthOfMonth[9: 1966, 1, 73]" classname="org.threeten.extra.chrono.TestDiscordianChronology" time="0"/>
  <testcase name="test_lengthOfMonth[10: 2066, 1, 73]" classname="org.threeten.extra.chrono.TestDiscordianChronology" time="0"/>
  <testcase name="test_LocalDate_from_DiscordianDate[0: Discordian YOLD 2-1-01, -1164-01-01]" classname="org.threeten.extra.chrono.TestDiscordianChronology" time="0"/>
  <testcase name="test_LocalDate_from_DiscordianDate[1: Discordian YOLD 166-1-01, -1000-01-01]" classname="org.threeten.extra.chrono.TestDiscordianChronology" time="0"/>
  <testcase name="test_LocalDate_from_DiscordianDate[2: Discordian YOLD 1156-1-01, -0010-01-01]" classname="org.threeten.extra.chrono.TestDiscordianChronology" time="0"/>
  <testcase name="test_LocalDate_from_DiscordianDate[3: Discordian YOLD 1166-1-01, 0000-01-01]" classname="org.threeten.extra.chrono.TestDiscordianChronology" time="0"/>
  <testcase name="test_LocalDate_from_DiscordianDate[4: Discordian YOLD 1167-1-01, 0001-01-01]" classname="org.threeten.extra.chrono.TestDiscordianChronology" time="0"/>
  <testcase name="test_LocalDate_from_DiscordianDate[5: Discordian YOLD 1167-1-02, 0001-01-02]" classname="org.threeten.extra.chrono.TestDiscordianChronology" time="0"/>
  <testcase name="test_LocalDate_from_DiscordianDate[6: Discordian YOLD 1167-1-03, 0001-01-03]" classname="org.threeten.extra.chrono.TestDiscordianChronology" time="0"/>
  <testcase name="test_LocalDate_from_DiscordianDate[7: Discordian YOLD 1167-1-57, 0001-02-26]" classname="org.threeten.extra.chrono.TestDiscordianChronology" time="0.001"/>
  <testcase name="test_LocalDate_from_DiscordianDate[8: Discordian YOLD 1167-1-58, 0001-02-27]" classname="org.threeten.extra.chrono.TestDiscordianChronology" time="0"/>
  <testcase name="test_LocalDate_from_DiscordianDate[9: Discordian YOLD 1167-1-59, 0001-02-28]" classname="org.threeten.extra.chrono.TestDiscordianChronology" time="0"/>
  <testcase name="test_LocalDate_from_DiscordianDate[10: Discordian YOLD 1167-1-60, 0001-03-01]" classname="org.threeten.extra.chrono.TestDiscordianChronology" time="0"/>
  <testcase name="test_LocalDate_from_DiscordianDate[11: Discordian YOLD 1170-1-57, 0004-02-26]" classname="org.threeten.extra.chrono.TestDiscordianChronology" time="0"/>
  <testcase name="test_LocalDate_from_DiscordianDate[12: Discordian YOLD 1170-1-58, 0004-02-27]" classname="org.threeten.extra.chrono.TestDiscordianChronology" time="0"/>
  <testcase name="test_LocalDate_from_DiscordianDate[13: Discordian YOLD 1170-1-59, 0004-02-28]" classname="org.threeten.extra.chrono.TestDiscordianChronology" time="0"/>
  <testcase name="test_LocalDate_from_DiscordianDate[14: Discordian YOLD 1170 St. Tib&apos;s Day, 0004-02-29]" classname="org.threeten.extra.chrono.TestDiscordianChronology" time="0"/>
  <testcase name="test_LocalDate_from_DiscordianDate[15: Discordian YOLD 1170-1-60, 0004-03-01]" classname="org.threeten.extra.chrono.TestDiscordianChronology" time="0"/>
  <testcase name="test_LocalDate_from_DiscordianDate[16: Discordian YOLD 1266-1-57, 0100-02-26]" classname="org.threeten.extra.chrono.TestDiscordianChronology" time="0"/>
  <testcase name="test_LocalDate_from_DiscordianDate[17: Discordian YOLD 1266-1-58, 0100-02-27]" classname="org.threeten.extra.chrono.TestDiscordianChronology" time="0"/>
  <testcase name="test_LocalDate_from_DiscordianDate[18: Discordian YOLD 1266-1-59, 0100-02-28]" classname="org.threeten.extra.chrono.TestDiscordianChronology" time="0"/>
  <testcase name="test_LocalDate_from_DiscordianDate[19: Discordian YOLD 1266-1-60, 0100-03-01]" classname="org.threeten.extra.chrono.TestDiscordianChronology" time="0"/>
  <testcase name="test_LocalDate_from_DiscordianDate[20: Discordian YOLD 1266-1-61, 0100-03-02]" classname="org.threeten.extra.chrono.TestDiscordianChronology" time="0"/>
  <testcase name="test_LocalDate_from_DiscordianDate[21: Discordian YOLD 1166-5-73, 0000-12-31]" classname="org.threeten.extra.chrono.TestDiscordianChronology" time="0"/>
  <testcase name="test_LocalDate_from_DiscordianDate[22: Discordian YOLD 1166-5-72, 0000-12-30]" classname="org.threeten.extra.chrono.TestDiscordianChronology" time="0"/>
  <testcase name="test_LocalDate_from_DiscordianDate[23: Discordian YOLD 2748-4-68, 1582-10-14]" classname="org.threeten.extra.chrono.TestDiscordianChronology" time="0"/>
  <testcase name="test_LocalDate_from_DiscordianDate[24: Discordian YOLD 2748-4-69, 1582-10-15]" classname="org.threeten.extra.chrono.TestDiscordianChronology" time="0"/>
  <testcase name="test_LocalDate_from_DiscordianDate[25: Discordian YOLD 3111-5-24, 1945-11-12]" classname="org.threeten.extra.chrono.TestDiscordianChronology" time="0"/>
  <testcase name="test_LocalDate_from_DiscordianDate[26: Discordian YOLD 3178-3-40, 2012-07-05]" classname="org.threeten.extra.chrono.TestDiscordianChronology" time="0"/>
  <testcase name="test_LocalDate_from_DiscordianDate[27: Discordian YOLD 3178-3-41, 2012-07-06]" classname="org.threeten.extra.chrono.TestDiscordianChronology" time="0"/>
  <testcase name="test_until_end[0: 2014, 5, 26, 2014, 5, 26, 0, 0, 0]" classname="org.threeten.extra.chrono.TestDiscordianChronology" time="0"/>
  <testcase name="test_until_end[1: 2014, 5, 26, 2014, 5, 32, 0, 0, 6]" classname="org.threeten.extra.chrono.TestDiscordianChronology" time="0"/>
  <testcase name="test_until_end[2: 2014, 5, 26, 2014, 5, 20, 0, 0, -6]" classname="org.threeten.extra.chrono.TestDiscordianChronology" time="0"/>
  <testcase name="test_until_end[3: 2014, 5, 26, 2014, 5, 30, 0, 0, 4]" classname="org.threeten.extra.chrono.TestDiscordianChronology" time="0"/>
  <testcase name="test_until_end[4: 2014, 5, 26, 2014, 5, 31, 0, 0, 5]" classname="org.threeten.extra.chrono.TestDiscordianChronology" time="0"/>
  <testcase name="test_until_end[5: 2014, 5, 26, 2015, 1, 25, 0, 0, 72]" classname="org.threeten.extra.chrono.TestDiscordianChronology" time="0"/>
  <testcase name="test_until_end[6: 2014, 5, 26, 2015, 1, 26, 0, 1, 0]" classname="org.threeten.extra.chrono.TestDiscordianChronology" time="0"/>
  <testcase name="test_until_end[7: 2014, 5, 26, 2015, 5, 25, 0, 4, 72]" classname="org.threeten.extra.chrono.TestDiscordianChronology" time="0"/>
  <testcase name="test_until_end[8: 2014, 5, 26, 2015, 5, 26, 1, 0, 0]" classname="org.threeten.extra.chrono.TestDiscordianChronology" time="0"/>
  <testcase name="test_until_end[9: 2014, 5, 26, 2024, 5, 25, 9, 4, 72]" classname="org.threeten.extra.chrono.TestDiscordianChronology" time="0"/>
  <testcase name="test_until_end[10: 2014, 5, 26, 2024, 5, 26, 10, 0, 0]" classname="org.threeten.extra.chrono.TestDiscordianChronology" time="0"/>
  <testcase name="test_until_end[11: 2014, 1, 59, 2014, 1, 60, 0, 0, 2]" classname="org.threeten.extra.chrono.TestDiscordianChronology" time="0"/>
  <testcase name="test_until_end[12: 2014, 1, 59, 2014, 0, 0, 0, 0, 1]" classname="org.threeten.extra.chrono.TestDiscordianChronology" time="0"/>
  <testcase name="test_until_end[13: 2014, 0, 0, 2014, 1, 60, 0, 0, 1]" classname="org.threeten.extra.chrono.TestDiscordianChronology" time="0"/>
  <testcase name="test_until_end[14: 2014, 1, 60, 2014, 1, 55, 0, 0, -6]" classname="org.threeten.extra.chrono.TestDiscordianChronology" time="0"/>
  <testcase name="test_until_end[15: 2014, 1, 60, 2014, 1, 59, 0, 0, -2]" classname="org.threeten.extra.chrono.TestDiscordianChronology" time="0"/>
  <testcase name="test_until_end[16: 2014, 1, 60, 2014, 1, 55, 0, 0, -6]" classname="org.threeten.extra.chrono.TestDiscordianChronology" time="0"/>
  <testcase name="test_until_end[17: 2014, 0, 0, 2014, 1, 54, 0, 0, -6]" classname="org.threeten.extra.chrono.TestDiscordianChronology" time="0"/>
  <testcase name="test_until_end[18: 2014, 0, 0, 2014, 1, 65, 0, 0, 6]" classname="org.threeten.extra.chrono.TestDiscordianChronology" time="0"/>
  <testcase name="test_until_end[19: 2014, 1, 55, 2014, 0, 0, 0, 0, 5]" classname="org.threeten.extra.chrono.TestDiscordianChronology" time="0"/>
  <testcase name="test_until_end[20: 2014, 1, 64, 2014, 0, 0, 0, 0, -5]" classname="org.threeten.extra.chrono.TestDiscordianChronology" time="0"/>
  <testcase name="test_until_end[21: 2014, 0, 0, 2014, 2, 59, 0, 0, 73]" classname="org.threeten.extra.chrono.TestDiscordianChronology" time="0"/>
  <testcase name="test_until_end[22: 2014, 0, 0, 2014, 2, 60, 0, 1, 0]" classname="org.threeten.extra.chrono.TestDiscordianChronology" time="0"/>
  <testcase name="test_until_end[23: 2014, 2, 60, 2014, 0, 0, 0, -1, -1]" classname="org.threeten.extra.chrono.TestDiscordianChronology" time="0"/>
  <testcase name="test_until_end[24: 2014, 2, 59, 2014, 0, 0, 0, 0, -73]" classname="org.threeten.extra.chrono.TestDiscordianChronology" time="0"/>
  <testcase name="test_until_end[25: 2013, 5, 59, 2014, 0, 0, 0, 1, 1]" classname="org.threeten.extra.chrono.TestDiscordianChronology" time="0"/>
  <testcase name="test_until_end[26: 2013, 5, 60, 2014, 0, 0, 0, 0, 73]" classname="org.threeten.extra.chrono.TestDiscordianChronology" time="0"/>
  <testcase name="test_until_end[27: 2013, 5, 60, 2014, 1, 60, 0, 1, 0]" classname="org.threeten.extra.chrono.TestDiscordianChronology" time="0"/>
  <testcase name="test_until_end[28: 2014, 0, 0, 2015, 1, 59, 0, 4, 72]" classname="org.threeten.extra.chrono.TestDiscordianChronology" time="0"/>
  <testcase name="test_until_end[29: 2014, 0, 0, 2015, 1, 60, 1, 0, 0]" classname="org.threeten.extra.chrono.TestDiscordianChronology" time="0"/>
  <testcase name="test_until_end[30: 2013, 1, 60, 2014, 0, 0, 0, 4, 73]" classname="org.threeten.extra.chrono.TestDiscordianChronology" time="0"/>
  <testcase name="test_until_end[31: 2013, 1, 59, 2014, 0, 0, 1, 0, 1]" classname="org.threeten.extra.chrono.TestDiscordianChronology" time="0"/>
  <testcase name="test_until_end[32: 2013, 1, 60, 2014, 1, 60, 1, 0, 0]" classname="org.threeten.extra.chrono.TestDiscordianChronology" time="0"/>
  <testcase name="test_until_end[33: 2014, 0, 0, 2013, 1, 59, -1, 0, -1]" classname="org.threeten.extra.chrono.TestDiscordianChronology" time="0"/>
  <testcase name="test_until_end[34: 2014, 0, 0, 2013, 1, 60, 0, -4, -73]" classname="org.threeten.extra.chrono.TestDiscordianChronology" time="0"/>
  <testcase name="test_until_end[35: 2015, 1, 60, 2014, 0, 0, -1, 0, -1]" classname="org.threeten.extra.chrono.TestDiscordianChronology" time="0"/>
  <testcase name="test_until_end[36: 2015, 1, 59, 2014, 0, 0, 0, -4, -73]" classname="org.threeten.extra.chrono.TestDiscordianChronology" time="0"/>
  <testcase name="test_until_end[37: 2018, 0, 0, 2014, 0, 0, -4, 0, 0]" classname="org.threeten.extra.chrono.TestDiscordianChronology" time="0"/>
  <testcase name="test_until_end[38: 2014, 0, 0, 2018, 0, 0, 4, 0, 0]" classname="org.threeten.extra.chrono.TestDiscordianChronology" time="0"/>
  <testcase name="test_with_TemporalField_unsupported" classname="org.threeten.extra.chrono.TestDiscordianChronology" time="0"/>
  <testcase name="test_Chronology_date_Temporal[0: Discordian YOLD 2-1-01, -1164-01-01]" classname="org.threeten.extra.chrono.TestDiscordianChronology" time="0"/>
  <testcase name="test_Chronology_date_Temporal[1: Discordian YOLD 166-1-01, -1000-01-01]" classname="org.threeten.extra.chrono.TestDiscordianChronology" time="0"/>
  <testcase name="test_Chronology_date_Temporal[2: Discordian YOLD 1156-1-01, -0010-01-01]" classname="org.threeten.extra.chrono.TestDiscordianChronology" time="0"/>
  <testcase name="test_Chronology_date_Temporal[3: Discordian YOLD 1166-1-01, 0000-01-01]" classname="org.threeten.extra.chrono.TestDiscordianChronology" time="0"/>
  <testcase name="test_Chronology_date_Temporal[4: Discordian YOLD 1167-1-01, 0001-01-01]" classname="org.threeten.extra.chrono.TestDiscordianChronology" time="0"/>
  <testcase name="test_Chronology_date_Temporal[5: Discordian YOLD 1167-1-02, 0001-01-02]" classname="org.threeten.extra.chrono.TestDiscordianChronology" time="0"/>
  <testcase name="test_Chronology_date_Temporal[6: Discordian YOLD 1167-1-03, 0001-01-03]" classname="org.threeten.extra.chrono.TestDiscordianChronology" time="0"/>
  <testcase name="test_Chronology_date_Temporal[7: Discordian YOLD 1167-1-57, 0001-02-26]" classname="org.threeten.extra.chrono.TestDiscordianChronology" time="0"/>
  <testcase name="test_Chronology_date_Temporal[8: Discordian YOLD 1167-1-58, 0001-02-27]" classname="org.threeten.extra.chrono.TestDiscordianChronology" time="0"/>
  <testcase name="test_Chronology_date_Temporal[9: Discordian YOLD 1167-1-59, 0001-02-28]" classname="org.threeten.extra.chrono.TestDiscordianChronology" time="0"/>
  <testcase name="test_Chronology_date_Temporal[10: Discordian YOLD 1167-1-60, 0001-03-01]" classname="org.threeten.extra.chrono.TestDiscordianChronology" time="0"/>
  <testcase name="test_Chronology_date_Temporal[11: Discordian YOLD 1170-1-57, 0004-02-26]" classname="org.threeten.extra.chrono.TestDiscordianChronology" time="0"/>
  <testcase name="test_Chronology_date_Temporal[12: Discordian YOLD 1170-1-58, 0004-02-27]" classname="org.threeten.extra.chrono.TestDiscordianChronology" time="0"/>
  <testcase name="test_Chronology_date_Temporal[13: Discordian YOLD 1170-1-59, 0004-02-28]" classname="org.threeten.extra.chrono.TestDiscordianChronology" time="0"/>
  <testcase name="test_Chronology_date_Temporal[14: Discordian YOLD 1170 St. Tib&apos;s Day, 0004-02-29]" classname="org.threeten.extra.chrono.TestDiscordianChronology" time="0.001"/>
  <testcase name="test_Chronology_date_Temporal[15: Discordian YOLD 1170-1-60, 0004-03-01]" classname="org.threeten.extra.chrono.TestDiscordianChronology" time="0"/>
  <testcase name="test_Chronology_date_Temporal[16: Discordian YOLD 1266-1-57, 0100-02-26]" classname="org.threeten.extra.chrono.TestDiscordianChronology" time="0"/>
  <testcase name="test_Chronology_date_Temporal[17: Discordian YOLD 1266-1-58, 0100-02-27]" classname="org.threeten.extra.chrono.TestDiscordianChronology" time="0"/>
  <testcase name="test_Chronology_date_Temporal[18: Discordian YOLD 1266-1-59, 0100-02-28]" classname="org.threeten.extra.chrono.TestDiscordianChronology" time="0"/>
  <testcase name="test_Chronology_date_Temporal[19: Discordian YOLD 1266-1-60, 0100-03-01]" classname="org.threeten.extra.chrono.TestDiscordianChronology" time="0"/>
  <testcase name="test_Chronology_date_Temporal[20: Discordian YOLD 1266-1-61, 0100-03-02]" classname="org.threeten.extra.chrono.TestDiscordianChronology" time="0"/>
  <testcase name="test_Chronology_date_Temporal[21: Discordian YOLD 1166-5-73, 0000-12-31]" classname="org.threeten.extra.chrono.TestDiscordianChronology" time="0"/>
  <testcase name="test_Chronology_date_Temporal[22: Discordian YOLD 1166-5-72, 0000-12-30]" classname="org.threeten.extra.chrono.TestDiscordianChronology" time="0"/>
  <testcase name="test_Chronology_date_Temporal[23: Discordian YOLD 2748-4-68, 1582-10-14]" classname="org.threeten.extra.chrono.TestDiscordianChronology" time="0"/>
  <testcase name="test_Chronology_date_Temporal[24: Discordian YOLD 2748-4-69, 1582-10-15]" classname="org.threeten.extra.chrono.TestDiscordianChronology" time="0"/>
  <testcase name="test_Chronology_date_Temporal[25: Discordian YOLD 3111-5-24, 1945-11-12]" classname="org.threeten.extra.chrono.TestDiscordianChronology" time="0"/>
  <testcase name="test_Chronology_date_Temporal[26: Discordian YOLD 3178-3-40, 2012-07-05]" classname="org.threeten.extra.chrono.TestDiscordianChronology" time="0"/>
  <testcase name="test_Chronology_date_Temporal[27: Discordian YOLD 3178-3-41, 2012-07-06]" classname="org.threeten.extra.chrono.TestDiscordianChronology" time="0"/>
  <testcase name="test_minus_leap_TemporalUnit[0: 2014, 0, 0, 0, Days, 2014, 0, 0]" classname="org.threeten.extra.chrono.TestDiscordianChronology" time="0"/>
  <testcase name="test_minus_leap_TemporalUnit[1: 2014, 1, 52, 8, Days, 2014, 0, 0]" classname="org.threeten.extra.chrono.TestDiscordianChronology" time="0"/>
  <testcase name="test_minus_leap_TemporalUnit[2: 2014, 1, 62, -3, Days, 2014, 0, 0]" classname="org.threeten.extra.chrono.TestDiscordianChronology" time="0"/>
  <testcase name="test_minus_leap_TemporalUnit[3: 2014, 0, 0, 0, Weeks, 2014, 0, 0]" classname="org.threeten.extra.chrono.TestDiscordianChronology" time="0"/>
  <testcase name="test_minus_leap_TemporalUnit[4: 2014, 1, 45, 3, Weeks, 2014, 0, 0]" classname="org.threeten.extra.chrono.TestDiscordianChronology" time="0"/>
  <testcase name="test_minus_leap_TemporalUnit[5: 2014, 2, 12, -5, Weeks, 2014, 0, 0]" classname="org.threeten.extra.chrono.TestDiscordianChronology" time="0"/>
  <testcase name="test_minus_leap_TemporalUnit[6: 2010, 0, 0, 292, Weeks, 2014, 0, 0]" classname="org.threeten.extra.chrono.TestDiscordianChronology" time="0"/>
  <testcase name="test_minus_leap_TemporalUnit[7: 2014, 0, 0, 0, Months, 2014, 0, 0]" classname="org.threeten.extra.chrono.TestDiscordianChronology" time="0"/>
  <testcase name="test_minus_leap_TemporalUnit[8: 2013, 3, 60, 3, Months, 2014, 0, 0]" classname="org.threeten.extra.chrono.TestDiscordianChronology" time="0"/>
  <testcase name="test_minus_leap_TemporalUnit[9: 2015, 1, 60, -5, Months, 2014, 0, 0]" classname="org.threeten.extra.chrono.TestDiscordianChronology" time="0"/>
  <testcase name="test_minus_leap_TemporalUnit[10: 2010, 0, 0, 20, Months, 2014, 0, 0]" classname="org.threeten.extra.chrono.TestDiscordianChronology" time="0"/>
  <testcase name="test_minus_leap_TemporalUnit[11: 2014, 0, 0, 0, Years, 2014, 0, 0]" classname="org.threeten.extra.chrono.TestDiscordianChronology" time="0"/>
  <testcase name="test_minus_leap_TemporalUnit[12: 2011, 1, 60, 3, Years, 2014, 0, 0]" classname="org.threeten.extra.chrono.TestDiscordianChronology" time="0"/>
  <testcase name="test_minus_leap_TemporalUnit[13: 2019, 1, 60, -5, Years, 2014, 0, 0]" classname="org.threeten.extra.chrono.TestDiscordianChronology" time="0"/>
  <testcase name="test_minus_leap_TemporalUnit[14: 2010, 0, 0, 4, Years, 2014, 0, 0]" classname="org.threeten.extra.chrono.TestDiscordianChronology" time="0"/>
  <testcase name="test_DiscordianDate_until_LocalDate[0: Discordian YOLD 2-1-01, -1164-01-01]" classname="org.threeten.extra.chrono.TestDiscordianChronology" time="0.001"/>
  <testcase name="test_DiscordianDate_until_LocalDate[1: Discordian YOLD 166-1-01, -1000-01-01]" classname="org.threeten.extra.chrono.TestDiscordianChronology" time="0.002"/>
  <testcase name="test_DiscordianDate_until_LocalDate[2: Discordian YOLD 1156-1-01, -0010-01-01]" classname="org.threeten.extra.chrono.TestDiscordianChronology" time="0"/>
  <testcase name="test_DiscordianDate_until_LocalDate[3: Discordian YOLD 1166-1-01, 0000-01-01]" classname="org.threeten.extra.chrono.TestDiscordianChronology" time="0"/>
  <testcase name="test_DiscordianDate_until_LocalDate[4: Discordian YOLD 1167-1-01, 0001-01-01]" classname="org.threeten.extra.chrono.TestDiscordianChronology" time="0"/>
  <testcase name="test_DiscordianDate_until_LocalDate[5: Discordian YOLD 1167-1-02, 0001-01-02]" classname="org.threeten.extra.chrono.TestDiscordianChronology" time="0"/>
  <testcase name="test_DiscordianDate_until_LocalDate[6: Discordian YOLD 1167-1-03, 0001-01-03]" classname="org.threeten.extra.chrono.TestDiscordianChronology" time="0"/>
  <testcase name="test_DiscordianDate_until_LocalDate[7: Discordian YOLD 1167-1-57, 0001-02-26]" classname="org.threeten.extra.chrono.TestDiscordianChronology" time="0"/>
  <testcase name="test_DiscordianDate_until_LocalDate[8: Discordian YOLD 1167-1-58, 0001-02-27]" classname="org.threeten.extra.chrono.TestDiscordianChronology" time="0"/>
  <testcase name="test_DiscordianDate_until_LocalDate[9: Discordian YOLD 1167-1-59, 0001-02-28]" classname="org.threeten.extra.chrono.TestDiscordianChronology" time="0"/>
  <testcase name="test_DiscordianDate_until_LocalDate[10: Discordian YOLD 1167-1-60, 0001-03-01]" classname="org.threeten.extra.chrono.TestDiscordianChronology" time="0"/>
  <testcase name="test_DiscordianDate_until_LocalDate[11: Discordian YOLD 1170-1-57, 0004-02-26]" classname="org.threeten.extra.chrono.TestDiscordianChronology" time="0"/>
  <testcase name="test_DiscordianDate_until_LocalDate[12: Discordian YOLD 1170-1-58, 0004-02-27]" classname="org.threeten.extra.chrono.TestDiscordianChronology" time="0"/>
  <testcase name="test_DiscordianDate_until_LocalDate[13: Discordian YOLD 1170-1-59, 0004-02-28]" classname="org.threeten.extra.chrono.TestDiscordianChronology" time="0"/>
  <testcase name="test_DiscordianDate_until_LocalDate[14: Discordian YOLD 1170 St. Tib&apos;s Day, 0004-02-29]" classname="org.threeten.extra.chrono.TestDiscordianChronology" time="0"/>
  <testcase name="test_DiscordianDate_until_LocalDate[15: Discordian YOLD 1170-1-60, 0004-03-01]" classname="org.threeten.extra.chrono.TestDiscordianChronology" time="0"/>
  <testcase name="test_DiscordianDate_until_LocalDate[16: Discordian YOLD 1266-1-57, 0100-02-26]" classname="org.threeten.extra.chrono.TestDiscordianChronology" time="0"/>
  <testcase name="test_DiscordianDate_until_LocalDate[17: Discordian YOLD 1266-1-58, 0100-02-27]" classname="org.threeten.extra.chrono.TestDiscordianChronology" time="0"/>
  <testcase name="test_DiscordianDate_until_LocalDate[18: Discordian YOLD 1266-1-59, 0100-02-28]" classname="org.threeten.extra.chrono.TestDiscordianChronology" time="0"/>
  <testcase name="test_DiscordianDate_until_LocalDate[19: Discordian YOLD 1266-1-60, 0100-03-01]" classname="org.threeten.extra.chrono.TestDiscordianChronology" time="0"/>
  <testcase name="test_DiscordianDate_until_LocalDate[20: Discordian YOLD 1266-1-61, 0100-03-02]" classname="org.threeten.extra.chrono.TestDiscordianChronology" time="0"/>
  <testcase name="test_DiscordianDate_until_LocalDate[21: Discordian YOLD 1166-5-73, 0000-12-31]" classname="org.threeten.extra.chrono.TestDiscordianChronology" time="0"/>
  <testcase name="test_DiscordianDate_until_LocalDate[22: Discordian YOLD 1166-5-72, 0000-12-30]" classname="org.threeten.extra.chrono.TestDiscordianChronology" time="0"/>
  <testcase name="test_DiscordianDate_until_LocalDate[23: Discordian YOLD 2748-4-68, 1582-10-14]" classname="org.threeten.extra.chrono.TestDiscordianChronology" time="0"/>
  <testcase name="test_DiscordianDate_until_LocalDate[24: Discordian YOLD 2748-4-69, 1582-10-15]" classname="org.threeten.extra.chrono.TestDiscordianChronology" time="0"/>
  <testcase name="test_DiscordianDate_until_LocalDate[25: Discordian YOLD 3111-5-24, 1945-11-12]" classname="org.threeten.extra.chrono.TestDiscordianChronology" time="0"/>
  <testcase name="test_DiscordianDate_until_LocalDate[26: Discordian YOLD 3178-3-40, 2012-07-05]" classname="org.threeten.extra.chrono.TestDiscordianChronology" time="0"/>
  <testcase name="test_DiscordianDate_until_LocalDate[27: Discordian YOLD 3178-3-41, 2012-07-06]" classname="org.threeten.extra.chrono.TestDiscordianChronology" time="0"/>
  <testcase name="test_with_TemporalField_badValue[0: 2013, 1, 1, DayOfWeek, 0]" classname="org.threeten.extra.chrono.TestDiscordianChronology" time="0"/>
  <testcase name="test_with_TemporalField_badValue[1: 2013, 1, 1, DayOfWeek, 6]" classname="org.threeten.extra.chrono.TestDiscordianChronology" time="0"/>
  <testcase name="test_with_TemporalField_badValue[2: 2014, 1, 1, DayOfWeek, -1]" classname="org.threeten.extra.chrono.TestDiscordianChronology" time="0"/>
  <testcase name="test_with_TemporalField_badValue[3: 2014, 1, 1, DayOfWeek, 6]" classname="org.threeten.extra.chrono.TestDiscordianChronology" time="0"/>
  <testcase name="test_with_TemporalField_badValue[4: 2013, 1, 1, DayOfMonth, 0]" classname="org.threeten.extra.chrono.TestDiscordianChronology" time="0"/>
  <testcase name="test_with_TemporalField_badValue[5: 2013, 1, 1, DayOfMonth, 74]" classname="org.threeten.extra.chrono.TestDiscordianChronology" time="0"/>
  <testcase name="test_with_TemporalField_badValue[6: 2014, 1, 1, DayOfMonth, -1]" classname="org.threeten.extra.chrono.TestDiscordianChronology" time="0"/>
  <testcase name="test_with_TemporalField_badValue[7: 2014, 1, 1, DayOfMonth, 74]" classname="org.threeten.extra.chrono.TestDiscordianChronology" time="0"/>
  <testcase name="test_with_TemporalField_badValue[8: 2013, 1, 1, DayOfYear, 0]" classname="org.threeten.extra.chrono.TestDiscordianChronology" time="0"/>
  <testcase name="test_with_TemporalField_badValue[9: 2014, 1, 1, DayOfYear, 0]" classname="org.threeten.extra.chrono.TestDiscordianChronology" time="0"/>
  <testcase name="test_with_TemporalField_badValue[10: 2013, 1, 1, DayOfYear, 367]" classname="org.threeten.extra.chrono.TestDiscordianChronology" time="0"/>
  <testcase name="test_with_TemporalField_badValue[11: 2014, 1, 1, DayOfYear, 367]" classname="org.threeten.extra.chrono.TestDiscordianChronology" time="0"/>
  <testcase name="test_with_TemporalField_badValue[12: 2013, 1, 1, MonthOfYear, 0]" classname="org.threeten.extra.chrono.TestDiscordianChronology" time="0"/>
  <testcase name="test_with_TemporalField_badValue[13: 2013, 1, 1, MonthOfYear, 6]" classname="org.threeten.extra.chrono.TestDiscordianChronology" time="0"/>
  <testcase name="test_with_TemporalField_badValue[14: 2014, 1, 1, MonthOfYear, -1]" classname="org.threeten.extra.chrono.TestDiscordianChronology" time="0"/>
  <testcase name="test_with_TemporalField_badValue[15: 2014, 1, 1, MonthOfYear, 6]" classname="org.threeten.extra.chrono.TestDiscordianChronology" time="0"/>
  <testcase name="test_badDates[0: 1900, 0, 0]" classname="org.threeten.extra.chrono.TestDiscordianChronology" time="0"/>
  <testcase name="test_badDates[1: 1900, -1, 1]" classname="org.threeten.extra.chrono.TestDiscordianChronology" time="0"/>
  <testcase name="test_badDates[2: 1900, 0, 1]" classname="org.threeten.extra.chrono.TestDiscordianChronology" time="0"/>
  <testcase name="test_badDates[3: 1900, 6, 1]" classname="org.threeten.extra.chrono.TestDiscordianChronology" time="0"/>
  <testcase name="test_badDates[4: 1900, 7, 1]" classname="org.threeten.extra.chrono.TestDiscordianChronology" time="0"/>
  <testcase name="test_badDates[5: 1900, 1, -1]" classname="org.threeten.extra.chrono.TestDiscordianChronology" time="0"/>
  <testcase name="test_badDates[6: 1900, 1, 0]" classname="org.threeten.extra.chrono.TestDiscordianChronology" time="0"/>
  <testcase name="test_badDates[7: 1900, 1, 74]" classname="org.threeten.extra.chrono.TestDiscordianChronology" time="0"/>
  <testcase name="test_badDates[8: 1900, 0, 0]" classname="org.threeten.extra.chrono.TestDiscordianChronology" time="0"/>
  <testcase name="test_badDates[9: 1900, 5, -1]" classname="org.threeten.extra.chrono.TestDiscordianChronology" time="0"/>
  <testcase name="test_badDates[10: 1900, 5, 0]" classname="org.threeten.extra.chrono.TestDiscordianChronology" time="0"/>
  <testcase name="test_badDates[11: 1900, 5, 74]" classname="org.threeten.extra.chrono.TestDiscordianChronology" time="0"/>
  <testcase name="test_badDates[12: 1900, 2, 74]" classname="org.threeten.extra.chrono.TestDiscordianChronology" time="0"/>
  <testcase name="test_badDates[13: 1900, 3, 74]" classname="org.threeten.extra.chrono.TestDiscordianChronology" time="0"/>
  <testcase name="test_badDates[14: 1900, 4, 74]" classname="org.threeten.extra.chrono.TestDiscordianChronology" time="0"/>
  <testcase name="test_getLong_unsupported" classname="org.threeten.extra.chrono.TestDiscordianChronology" time="0"/>
  <testcase name="test_DiscordianDate_chronology_dateEpochDay[0: Discordian YOLD 2-1-01, -1164-01-01]" classname="org.threeten.extra.chrono.TestDiscordianChronology" time="0"/>
  <testcase name="test_DiscordianDate_chronology_dateEpochDay[1: Discordian YOLD 166-1-01, -1000-01-01]" classname="org.threeten.extra.chrono.TestDiscordianChronology" time="0.001"/>
  <testcase name="test_DiscordianDate_chronology_dateEpochDay[2: Discordian YOLD 1156-1-01, -0010-01-01]" classname="org.threeten.extra.chrono.TestDiscordianChronology" time="0"/>
  <testcase name="test_DiscordianDate_chronology_dateEpochDay[3: Discordian YOLD 1166-1-01, 0000-01-01]" classname="org.threeten.extra.chrono.TestDiscordianChronology" time="0"/>
  <testcase name="test_DiscordianDate_chronology_dateEpochDay[4: Discordian YOLD 1167-1-01, 0001-01-01]" classname="org.threeten.extra.chrono.TestDiscordianChronology" time="0"/>
  <testcase name="test_DiscordianDate_chronology_dateEpochDay[5: Discordian YOLD 1167-1-02, 0001-01-02]" classname="org.threeten.extra.chrono.TestDiscordianChronology" time="0"/>
  <testcase name="test_DiscordianDate_chronology_dateEpochDay[6: Discordian YOLD 1167-1-03, 0001-01-03]" classname="org.threeten.extra.chrono.TestDiscordianChronology" time="0"/>
  <testcase name="test_DiscordianDate_chronology_dateEpochDay[7: Discordian YOLD 1167-1-57, 0001-02-26]" classname="org.threeten.extra.chrono.TestDiscordianChronology" time="0"/>
  <testcase name="test_DiscordianDate_chronology_dateEpochDay[8: Discordian YOLD 1167-1-58, 0001-02-27]" classname="org.threeten.extra.chrono.TestDiscordianChronology" time="0"/>
  <testcase name="test_DiscordianDate_chronology_dateEpochDay[9: Discordian YOLD 1167-1-59, 0001-02-28]" classname="org.threeten.extra.chrono.TestDiscordianChronology" time="0"/>
  <testcase name="test_DiscordianDate_chronology_dateEpochDay[10: Discordian YOLD 1167-1-60, 0001-03-01]" classname="org.threeten.extra.chrono.TestDiscordianChronology" time="0"/>
  <testcase name="test_DiscordianDate_chronology_dateEpochDay[11: Discordian YOLD 1170-1-57, 0004-02-26]" classname="org.threeten.extra.chrono.TestDiscordianChronology" time="0"/>
  <testcase name="test_DiscordianDate_chronology_dateEpochDay[12: Discordian YOLD 1170-1-58, 0004-02-27]" classname="org.threeten.extra.chrono.TestDiscordianChronology" time="0"/>
  <testcase name="test_DiscordianDate_chronology_dateEpochDay[13: Discordian YOLD 1170-1-59, 0004-02-28]" classname="org.threeten.extra.chrono.TestDiscordianChronology" time="0"/>
  <testcase name="test_DiscordianDate_chronology_dateEpochDay[14: Discordian YOLD 1170 St. Tib&apos;s Day, 0004-02-29]" classname="org.threeten.extra.chrono.TestDiscordianChronology" time="0"/>
  <testcase name="test_DiscordianDate_chronology_dateEpochDay[15: Discordian YOLD 1170-1-60, 0004-03-01]" classname="org.threeten.extra.chrono.TestDiscordianChronology" time="0"/>
  <testcase name="test_DiscordianDate_chronology_dateEpochDay[16: Discordian YOLD 1266-1-57, 0100-02-26]" classname="org.threeten.extra.chrono.TestDiscordianChronology" time="0"/>
  <testcase name="test_DiscordianDate_chronology_dateEpochDay[17: Discordian YOLD 1266-1-58, 0100-02-27]" classname="org.threeten.extra.chrono.TestDiscordianChronology" time="0"/>
  <testcase name="test_DiscordianDate_chronology_dateEpochDay[18: Discordian YOLD 1266-1-59, 0100-02-28]" classname="org.threeten.extra.chrono.TestDiscordianChronology" time="0"/>
  <testcase name="test_DiscordianDate_chronology_dateEpochDay[19: Discordian YOLD 1266-1-60, 0100-03-01]" classname="org.threeten.extra.chrono.TestDiscordianChronology" time="0"/>
  <testcase name="test_DiscordianDate_chronology_dateEpochDay[20: Discordian YOLD 1266-1-61, 0100-03-02]" classname="org.threeten.extra.chrono.TestDiscordianChronology" time="0"/>
  <testcase name="test_DiscordianDate_chronology_dateEpochDay[21: Discordian YOLD 1166-5-73, 0000-12-31]" classname="org.threeten.extra.chrono.TestDiscordianChronology" time="0"/>
  <testcase name="test_DiscordianDate_chronology_dateEpochDay[22: Discordian YOLD 1166-5-72, 0000-12-30]" classname="org.threeten.extra.chrono.TestDiscordianChronology" time="0"/>
  <testcase name="test_DiscordianDate_chronology_dateEpochDay[23: Discordian YOLD 2748-4-68, 1582-10-14]" classname="org.threeten.extra.chrono.TestDiscordianChronology" time="0"/>
  <testcase name="test_DiscordianDate_chronology_dateEpochDay[24: Discordian YOLD 2748-4-69, 1582-10-15]" classname="org.threeten.extra.chrono.TestDiscordianChronology" time="0"/>
  <testcase name="test_DiscordianDate_chronology_dateEpochDay[25: Discordian YOLD 3111-5-24, 1945-11-12]" classname="org.threeten.extra.chrono.TestDiscordianChronology" time="0"/>
  <testcase name="test_DiscordianDate_chronology_dateEpochDay[26: Discordian YOLD 3178-3-40, 2012-07-05]" classname="org.threeten.extra.chrono.TestDiscordianChronology" time="0"/>
  <testcase name="test_DiscordianDate_chronology_dateEpochDay[27: Discordian YOLD 3178-3-41, 2012-07-06]" classname="org.threeten.extra.chrono.TestDiscordianChronology" time="0"/>
  <testcase name="test_DiscordianDate_from_LocalDate[0: Discordian YOLD 2-1-01, -1164-01-01]" classname="org.threeten.extra.chrono.TestDiscordianChronology" time="0"/>
  <testcase name="test_DiscordianDate_from_LocalDate[1: Discordian YOLD 166-1-01, -1000-01-01]" classname="org.threeten.extra.chrono.TestDiscordianChronology" time="0"/>
  <testcase name="test_DiscordianDate_from_LocalDate[2: Discordian YOLD 1156-1-01, -0010-01-01]" classname="org.threeten.extra.chrono.TestDiscordianChronology" time="0"/>
  <testcase name="test_DiscordianDate_from_LocalDate[3: Discordian YOLD 1166-1-01, 0000-01-01]" classname="org.threeten.extra.chrono.TestDiscordianChronology" time="0"/>
  <testcase name="test_DiscordianDate_from_LocalDate[4: Discordian YOLD 1167-1-01, 0001-01-01]" classname="org.threeten.extra.chrono.TestDiscordianChronology" time="0"/>
  <testcase name="test_DiscordianDate_from_LocalDate[5: Discordian YOLD 1167-1-02, 0001-01-02]" classname="org.threeten.extra.chrono.TestDiscordianChronology" time="0"/>
  <testcase name="test_DiscordianDate_from_LocalDate[6: Discordian YOLD 1167-1-03, 0001-01-03]" classname="org.threeten.extra.chrono.TestDiscordianChronology" time="0"/>
  <testcase name="test_DiscordianDate_from_LocalDate[7: Discordian YOLD 1167-1-57, 0001-02-26]" classname="org.threeten.extra.chrono.TestDiscordianChronology" time="0"/>
  <testcase name="test_DiscordianDate_from_LocalDate[8: Discordian YOLD 1167-1-58, 0001-02-27]" classname="org.threeten.extra.chrono.TestDiscordianChronology" time="0"/>
  <testcase name="test_DiscordianDate_from_LocalDate[9: Discordian YOLD 1167-1-59, 0001-02-28]" classname="org.threeten.extra.chrono.TestDiscordianChronology" time="0"/>
  <testcase name="test_DiscordianDate_from_LocalDate[10: Discordian YOLD 1167-1-60, 0001-03-01]" classname="org.threeten.extra.chrono.TestDiscordianChronology" time="0"/>
  <testcase name="test_DiscordianDate_from_LocalDate[11: Discordian YOLD 1170-1-57, 0004-02-26]" classname="org.threeten.extra.chrono.TestDiscordianChronology" time="0"/>
  <testcase name="test_DiscordianDate_from_LocalDate[12: Discordian YOLD 1170-1-58, 0004-02-27]" classname="org.threeten.extra.chrono.TestDiscordianChronology" time="0"/>
  <testcase name="test_DiscordianDate_from_LocalDate[13: Discordian YOLD 1170-1-59, 0004-02-28]" classname="org.threeten.extra.chrono.TestDiscordianChronology" time="0"/>
  <testcase name="test_DiscordianDate_from_LocalDate[14: Discordian YOLD 1170 St. Tib&apos;s Day, 0004-02-29]" classname="org.threeten.extra.chrono.TestDiscordianChronology" time="0"/>
  <testcase name="test_DiscordianDate_from_LocalDate[15: Discordian YOLD 1170-1-60, 0004-03-01]" classname="org.threeten.extra.chrono.TestDiscordianChronology" time="0"/>
  <testcase name="test_DiscordianDate_from_LocalDate[16: Discordian YOLD 1266-1-57, 0100-02-26]" classname="org.threeten.extra.chrono.TestDiscordianChronology" time="0"/>
  <testcase name="test_DiscordianDate_from_LocalDate[17: Discordian YOLD 1266-1-58, 0100-02-27]" classname="org.threeten.extra.chrono.TestDiscordianChronology" time="0"/>
  <testcase name="test_DiscordianDate_from_LocalDate[18: Discordian YOLD 1266-1-59, 0100-02-28]" classname="org.threeten.extra.chrono.TestDiscordianChronology" time="0"/>
  <testcase name="test_DiscordianDate_from_LocalDate[19: Discordian YOLD 1266-1-60, 0100-03-01]" classname="org.threeten.extra.chrono.TestDiscordianChronology" time="0"/>
  <testcase name="test_DiscordianDate_from_LocalDate[20: Discordian YOLD 1266-1-61, 0100-03-02]" classname="org.threeten.extra.chrono.TestDiscordianChronology" time="0"/>
  <testcase name="test_DiscordianDate_from_LocalDate[21: Discordian YOLD 1166-5-73, 0000-12-31]" classname="org.threeten.extra.chrono.TestDiscordianChronology" time="0"/>
  <testcase name="test_DiscordianDate_from_LocalDate[22: Discordian YOLD 1166-5-72, 0000-12-30]" classname="org.threeten.extra.chrono.TestDiscordianChronology" time="0"/>
  <testcase name="test_DiscordianDate_from_LocalDate[23: Discordian YOLD 2748-4-68, 1582-10-14]" classname="org.threeten.extra.chrono.TestDiscordianChronology" time="0"/>
  <testcase name="test_DiscordianDate_from_LocalDate[24: Discordian YOLD 2748-4-69, 1582-10-15]" classname="org.threeten.extra.chrono.TestDiscordianChronology" time="0"/>
  <testcase name="test_DiscordianDate_from_LocalDate[25: Discordian YOLD 3111-5-24, 1945-11-12]" classname="org.threeten.extra.chrono.TestDiscordianChronology" time="0"/>
  <testcase name="test_DiscordianDate_from_LocalDate[26: Discordian YOLD 3178-3-40, 2012-07-05]" classname="org.threeten.extra.chrono.TestDiscordianChronology" time="0"/>
  <testcase name="test_DiscordianDate_from_LocalDate[27: Discordian YOLD 3178-3-41, 2012-07-06]" classname="org.threeten.extra.chrono.TestDiscordianChronology" time="0"/>
  <testcase name="test_plusDays[0: Discordian YOLD 2-1-01, -1164-01-01]" classname="org.threeten.extra.chrono.TestDiscordianChronology" time="0"/>
  <testcase name="test_plusDays[1: Discordian YOLD 166-1-01, -1000-01-01]" classname="org.threeten.extra.chrono.TestDiscordianChronology" time="0"/>
  <testcase name="test_plusDays[2: Discordian YOLD 1156-1-01, -0010-01-01]" classname="org.threeten.extra.chrono.TestDiscordianChronology" time="0"/>
  <testcase name="test_plusDays[3: Discordian YOLD 1166-1-01, 0000-01-01]" classname="org.threeten.extra.chrono.TestDiscordianChronology" time="0"/>
  <testcase name="test_plusDays[4: Discordian YOLD 1167-1-01, 0001-01-01]" classname="org.threeten.extra.chrono.TestDiscordianChronology" time="0"/>
  <testcase name="test_plusDays[5: Discordian YOLD 1167-1-02, 0001-01-02]" classname="org.threeten.extra.chrono.TestDiscordianChronology" time="0"/>
  <testcase name="test_plusDays[6: Discordian YOLD 1167-1-03, 0001-01-03]" classname="org.threeten.extra.chrono.TestDiscordianChronology" time="0"/>
  <testcase name="test_plusDays[7: Discordian YOLD 1167-1-57, 0001-02-26]" classname="org.threeten.extra.chrono.TestDiscordianChronology" time="0"/>
  <testcase name="test_plusDays[8: Discordian YOLD 1167-1-58, 0001-02-27]" classname="org.threeten.extra.chrono.TestDiscordianChronology" time="0"/>
  <testcase name="test_plusDays[9: Discordian YOLD 1167-1-59, 0001-02-28]" classname="org.threeten.extra.chrono.TestDiscordianChronology" time="0"/>
  <testcase name="test_plusDays[10: Discordian YOLD 1167-1-60, 0001-03-01]" classname="org.threeten.extra.chrono.TestDiscordianChronology" time="0"/>
  <testcase name="test_plusDays[11: Discordian YOLD 1170-1-57, 0004-02-26]" classname="org.threeten.extra.chrono.TestDiscordianChronology" time="0"/>
  <testcase name="test_plusDays[12: Discordian YOLD 1170-1-58, 0004-02-27]" classname="org.threeten.extra.chrono.TestDiscordianChronology" time="0"/>
  <testcase name="test_plusDays[13: Discordian YOLD 1170-1-59, 0004-02-28]" classname="org.threeten.extra.chrono.TestDiscordianChronology" time="0"/>
  <testcase name="test_plusDays[14: Discordian YOLD 1170 St. Tib&apos;s Day, 0004-02-29]" classname="org.threeten.extra.chrono.TestDiscordianChronology" time="0"/>
  <testcase name="test_plusDays[15: Discordian YOLD 1170-1-60, 0004-03-01]" classname="org.threeten.extra.chrono.TestDiscordianChronology" time="0"/>
  <testcase name="test_plusDays[16: Discordian YOLD 1266-1-57, 0100-02-26]" classname="org.threeten.extra.chrono.TestDiscordianChronology" time="0"/>
  <testcase name="test_plusDays[17: Discordian YOLD 1266-1-58, 0100-02-27]" classname="org.threeten.extra.chrono.TestDiscordianChronology" time="0"/>
  <testcase name="test_plusDays[18: Discordian YOLD 1266-1-59, 0100-02-28]" classname="org.threeten.extra.chrono.TestDiscordianChronology" time="0"/>
  <testcase name="test_plusDays[19: Discordian YOLD 1266-1-60, 0100-03-01]" classname="org.threeten.extra.chrono.TestDiscordianChronology" time="0"/>
  <testcase name="test_plusDays[20: Discordian YOLD 1266-1-61, 0100-03-02]" classname="org.threeten.extra.chrono.TestDiscordianChronology" time="0"/>
  <testcase name="test_plusDays[21: Discordian YOLD 1166-5-73, 0000-12-31]" classname="org.threeten.extra.chrono.TestDiscordianChronology" time="0"/>
  <testcase name="test_plusDays[22: Discordian YOLD 1166-5-72, 0000-12-30]" classname="org.threeten.extra.chrono.TestDiscordianChronology" time="0"/>
  <testcase name="test_plusDays[23: Discordian YOLD 2748-4-68, 1582-10-14]" classname="org.threeten.extra.chrono.TestDiscordianChronology" time="0"/>
  <testcase name="test_plusDays[24: Discordian YOLD 2748-4-69, 1582-10-15]" classname="org.threeten.extra.chrono.TestDiscordianChronology" time="0"/>
  <testcase name="test_plusDays[25: Discordian YOLD 3111-5-24, 1945-11-12]" classname="org.threeten.extra.chrono.TestDiscordianChronology" time="0"/>
  <testcase name="test_plusDays[26: Discordian YOLD 3178-3-40, 2012-07-05]" classname="org.threeten.extra.chrono.TestDiscordianChronology" time="0"/>
  <testcase name="test_plusDays[27: Discordian YOLD 3178-3-41, 2012-07-06]" classname="org.threeten.extra.chrono.TestDiscordianChronology" time="0"/>
  <testcase name="test_minusDays[0: Discordian YOLD 2-1-01, -1164-01-01]" classname="org.threeten.extra.chrono.TestDiscordianChronology" time="0"/>
  <testcase name="test_minusDays[1: Discordian YOLD 166-1-01, -1000-01-01]" classname="org.threeten.extra.chrono.TestDiscordianChronology" time="0"/>
  <testcase name="test_minusDays[2: Discordian YOLD 1156-1-01, -0010-01-01]" classname="org.threeten.extra.chrono.TestDiscordianChronology" time="0"/>
  <testcase name="test_minusDays[3: Discordian YOLD 1166-1-01, 0000-01-01]" classname="org.threeten.extra.chrono.TestDiscordianChronology" time="0"/>
  <testcase name="test_minusDays[4: Discordian YOLD 1167-1-01, 0001-01-01]" classname="org.threeten.extra.chrono.TestDiscordianChronology" time="0"/>
  <testcase name="test_minusDays[5: Discordian YOLD 1167-1-02, 0001-01-02]" classname="org.threeten.extra.chrono.TestDiscordianChronology" time="0"/>
  <testcase name="test_minusDays[6: Discordian YOLD 1167-1-03, 0001-01-03]" classname="org.threeten.extra.chrono.TestDiscordianChronology" time="0"/>
  <testcase name="test_minusDays[7: Discordian YOLD 1167-1-57, 0001-02-26]" classname="org.threeten.extra.chrono.TestDiscordianChronology" time="0"/>
  <testcase name="test_minusDays[8: Discordian YOLD 1167-1-58, 0001-02-27]" classname="org.threeten.extra.chrono.TestDiscordianChronology" time="0"/>
  <testcase name="test_minusDays[9: Discordian YOLD 1167-1-59, 0001-02-28]" classname="org.threeten.extra.chrono.TestDiscordianChronology" time="0"/>
  <testcase name="test_minusDays[10: Discordian YOLD 1167-1-60, 0001-03-01]" classname="org.threeten.extra.chrono.TestDiscordianChronology" time="0"/>
  <testcase name="test_minusDays[11: Discordian YOLD 1170-1-57, 0004-02-26]" classname="org.threeten.extra.chrono.TestDiscordianChronology" time="0"/>
  <testcase name="test_minusDays[12: Discordian YOLD 1170-1-58, 0004-02-27]" classname="org.threeten.extra.chrono.TestDiscordianChronology" time="0"/>
  <testcase name="test_minusDays[13: Discordian YOLD 1170-1-59, 0004-02-28]" classname="org.threeten.extra.chrono.TestDiscordianChronology" time="0"/>
  <testcase name="test_minusDays[14: Discordian YOLD 1170 St. Tib&apos;s Day, 0004-02-29]" classname="org.threeten.extra.chrono.TestDiscordianChronology" time="0"/>
  <testcase name="test_minusDays[15: Discordian YOLD 1170-1-60, 0004-03-01]" classname="org.threeten.extra.chrono.TestDiscordianChronology" time="0"/>
  <testcase name="test_minusDays[16: Discordian YOLD 1266-1-57, 0100-02-26]" classname="org.threeten.extra.chrono.TestDiscordianChronology" time="0"/>
  <testcase name="test_minusDays[17: Discordian YOLD 1266-1-58, 0100-02-27]" classname="org.threeten.extra.chrono.TestDiscordianChronology" time="0"/>
  <testcase name="test_minusDays[18: Discordian YOLD 1266-1-59, 0100-02-28]" classname="org.threeten.extra.chrono.TestDiscordianChronology" time="0"/>
  <testcase name="test_minusDays[19: Discordian YOLD 1266-1-60, 0100-03-01]" classname="org.threeten.extra.chrono.TestDiscordianChronology" time="0"/>
  <testcase name="test_minusDays[20: Discordian YOLD 1266-1-61, 0100-03-02]" classname="org.threeten.extra.chrono.TestDiscordianChronology" time="0"/>
  <testcase name="test_minusDays[21: Discordian YOLD 1166-5-73, 0000-12-31]" classname="org.threeten.extra.chrono.TestDiscordianChronology" time="0"/>
  <testcase name="test_minusDays[22: Discordian YOLD 1166-5-72, 0000-12-30]" classname="org.threeten.extra.chrono.TestDiscordianChronology" time="0"/>
  <testcase name="test_minusDays[23: Discordian YOLD 2748-4-68, 1582-10-14]" classname="org.threeten.extra.chrono.TestDiscordianChronology" time="0"/>
  <testcase name="test_minusDays[24: Discordian YOLD 2748-4-69, 1582-10-15]" classname="org.threeten.extra.chrono.TestDiscordianChronology" time="0"/>
  <testcase name="test_minusDays[25: Discordian YOLD 3111-5-24, 1945-11-12]" classname="org.threeten.extra.chrono.TestDiscordianChronology" time="0"/>
  <testcase name="test_minusDays[26: Discordian YOLD 3178-3-40, 2012-07-05]" classname="org.threeten.extra.chrono.TestDiscordianChronology" time="0"/>
  <testcase name="test_minusDays[27: Discordian YOLD 3178-3-41, 2012-07-06]" classname="org.threeten.extra.chrono.TestDiscordianChronology" time="0"/>
  <testcase name="test_toString[0: Discordian YOLD 1-1-01, Discordian YOLD 1-1-01]" classname="org.threeten.extra.chrono.TestDiscordianChronology" time="0"/>
  <testcase name="test_toString[1: Discordian YOLD 2012-5-23, Discordian YOLD 2012-5-23]" classname="org.threeten.extra.chrono.TestDiscordianChronology" time="0"/>
  <testcase name="test_toString[2: Discordian YOLD 2014 St. Tib&apos;s Day, Discordian YOLD 2014 St. Tib&apos;s Day]" classname="org.threeten.extra.chrono.TestDiscordianChronology" time="0"/>
  <testcase name="test_plus_TemporalUnit_unsupported" classname="org.threeten.extra.chrono.TestDiscordianChronology" time="0"/>
  <testcase name="test_LocalDateTime_adjustToDiscordianDate" classname="org.threeten.extra.chrono.TestDiscordianChronology" time="0"/>
  <testcase name="test_prolepticYear_specific" classname="org.threeten.extra.chrono.TestDiscordianChronology" time="0"/>
  <testcase name="test_until_TemporalUnit[0: 2014, 5, 26, 2014, 5, 26, Days, 0]" classname="org.threeten.extra.chrono.TestDiscordianChronology" time="0"/>
  <testcase name="test_until_TemporalUnit[1: 2014, 5, 26, 2014, 5, 32, Days, 6]" classname="org.threeten.extra.chrono.TestDiscordianChronology" time="0"/>
  <testcase name="test_until_TemporalUnit[2: 2014, 5, 26, 2014, 5, 20, Days, -6]" classname="org.threeten.extra.chrono.TestDiscordianChronology" time="0"/>
  <testcase name="test_until_TemporalUnit[3: 2014, 5, 26, 2014, 5, 26, Weeks, 0]" classname="org.threeten.extra.chrono.TestDiscordianChronology" time="0"/>
  <testcase name="test_until_TemporalUnit[4: 2014, 5, 26, 2014, 5, 30, Weeks, 0]" classname="org.threeten.extra.chrono.TestDiscordianChronology" time="0"/>
  <testcase name="test_until_TemporalUnit[5: 2014, 5, 26, 2014, 5, 31, Weeks, 1]" classname="org.threeten.extra.chrono.TestDiscordianChronology" time="0"/>
  <testcase name="test_until_TemporalUnit[6: 2014, 5, 26, 2014, 5, 26, Months, 0]" classname="org.threeten.extra.chrono.TestDiscordianChronology" time="0"/>
  <testcase name="test_until_TemporalUnit[7: 2014, 5, 26, 2015, 1, 25, Months, 0]" classname="org.threeten.extra.chrono.TestDiscordianChronology" time="0"/>
  <testcase name="test_until_TemporalUnit[8: 2014, 5, 26, 2015, 1, 26, Months, 1]" classname="org.threeten.extra.chrono.TestDiscordianChronology" time="0"/>
  <testcase name="test_until_TemporalUnit[9: 2014, 5, 26, 2014, 5, 26, Years, 0]" classname="org.threeten.extra.chrono.TestDiscordianChronology" time="0"/>
  <testcase name="test_until_TemporalUnit[10: 2014, 5, 26, 2015, 5, 25, Years, 0]" classname="org.threeten.extra.chrono.TestDiscordianChronology" time="0"/>
  <testcase name="test_until_TemporalUnit[11: 2014, 5, 26, 2015, 5, 26, Years, 1]" classname="org.threeten.extra.chrono.TestDiscordianChronology" time="0"/>
  <testcase name="test_until_TemporalUnit[12: 2014, 5, 26, 2014, 5, 26, Decades, 0]" classname="org.threeten.extra.chrono.TestDiscordianChronology" time="0"/>
  <testcase name="test_until_TemporalUnit[13: 2014, 5, 26, 2024, 5, 25, Decades, 0]" classname="org.threeten.extra.chrono.TestDiscordianChronology" time="0"/>
  <testcase name="test_until_TemporalUnit[14: 2014, 5, 26, 2024, 5, 26, Decades, 1]" classname="org.threeten.extra.chrono.TestDiscordianChronology" time="0"/>
  <testcase name="test_until_TemporalUnit[15: 2014, 5, 26, 2014, 5, 26, Centuries, 0]" classname="org.threeten.extra.chrono.TestDiscordianChronology" time="0"/>
  <testcase name="test_until_TemporalUnit[16: 2014, 5, 26, 2114, 5, 25, Centuries, 0]" classname="org.threeten.extra.chrono.TestDiscordianChronology" time="0"/>
  <testcase name="test_until_TemporalUnit[17: 2014, 5, 26, 2114, 5, 26, Centuries, 1]" classname="org.threeten.extra.chrono.TestDiscordianChronology" time="0"/>
  <testcase name="test_until_TemporalUnit[18: 2014, 5, 26, 2014, 5, 26, Millennia, 0]" classname="org.threeten.extra.chrono.TestDiscordianChronology" time="0"/>
  <testcase name="test_until_TemporalUnit[19: 2014, 5, 26, 3014, 5, 25, Millennia, 0]" classname="org.threeten.extra.chrono.TestDiscordianChronology" time="0"/>
  <testcase name="test_until_TemporalUnit[20: 2014, 5, 26, 3014, 5, 26, Millennia, 1]" classname="org.threeten.extra.chrono.TestDiscordianChronology" time="0"/>
  <testcase name="test_until_TemporalUnit[21: 2013, 5, 26, 3014, 5, 26, Eras, 0]" classname="org.threeten.extra.chrono.TestDiscordianChronology" time="0"/>
  <testcase name="test_until_TemporalUnit[22: 2014, 1, 59, 2014, 1, 60, Days, 2]" classname="org.threeten.extra.chrono.TestDiscordianChronology" time="0"/>
  <testcase name="test_until_TemporalUnit[23: 2014, 1, 59, 2014, 0, 0, Days, 1]" classname="org.threeten.extra.chrono.TestDiscordianChronology" time="0"/>
  <testcase name="test_until_TemporalUnit[24: 2014, 0, 0, 2014, 1, 60, Days, 1]" classname="org.threeten.extra.chrono.TestDiscordianChronology" time="0"/>
  <testcase name="test_until_TemporalUnit[25: 2014, 1, 60, 2014, 1, 55, Days, -6]" classname="org.threeten.extra.chrono.TestDiscordianChronology" time="0"/>
  <testcase name="test_until_TemporalUnit[26: 2014, 0, 0, 2014, 0, 0, Weeks, 0]" classname="org.threeten.extra.chrono.TestDiscordianChronology" time="0"/>
  <testcase name="test_until_TemporalUnit[27: 2014, 1, 60, 2014, 1, 60, Weeks, 0]" classname="org.threeten.extra.chrono.TestDiscordianChronology" time="0"/>
  <testcase name="test_until_TemporalUnit[28: 2014, 1, 60, 2014, 1, 59, Weeks, 0]" classname="org.threeten.extra.chrono.TestDiscordianChronology" time="0"/>
  <testcase name="test_until_TemporalUnit[29: 2014, 1, 60, 2014, 1, 56, Weeks, 0]" classname="org.threeten.extra.chrono.TestDiscordianChronology" time="0"/>
  <testcase name="test_until_TemporalUnit[30: 2014, 1, 60, 2014, 1, 55, Weeks, -1]" classname="org.threeten.extra.chrono.TestDiscordianChronology" time="0"/>
  <testcase name="test_until_TemporalUnit[31: 2014, 0, 0, 2014, 1, 54, Weeks, -1]" classname="org.threeten.extra.chrono.TestDiscordianChronology" time="0"/>
  <testcase name="test_until_TemporalUnit[32: 2014, 0, 0, 2014, 1, 55, Weeks, 0]" classname="org.threeten.extra.chrono.TestDiscordianChronology" time="0"/>
  <testcase name="test_until_TemporalUnit[33: 2014, 0, 0, 2014, 1, 64, Weeks, 0]" classname="org.threeten.extra.chrono.TestDiscordianChronology" time="0"/>
  <testcase name="test_until_TemporalUnit[34: 2014, 0, 0, 2014, 1, 65, Weeks, 1]" classname="org.threeten.extra.chrono.TestDiscordianChronology" time="0"/>
  <testcase name="test_until_TemporalUnit[35: 2014, 1, 54, 2014, 0, 0, Weeks, 1]" classname="org.threeten.extra.chrono.TestDiscordianChronology" time="0"/>
  <testcase name="test_until_TemporalUnit[36: 2014, 1, 55, 2014, 0, 0, Weeks, 0]" classname="org.threeten.extra.chrono.TestDiscordianChronology" time="0"/>
  <testcase name="test_until_TemporalUnit[37: 2014, 1, 64, 2014, 0, 0, Weeks, 0]" classname="org.threeten.extra.chrono.TestDiscordianChronology" time="0"/>
  <testcase name="test_until_TemporalUnit[38: 2014, 1, 65, 2014, 0, 0, Weeks, -1]" classname="org.threeten.extra.chrono.TestDiscordianChronology" time="0"/>
  <testcase name="test_until_TemporalUnit[39: 2014, 0, 0, 2014, 0, 0, Months, 0]" classname="org.threeten.extra.chrono.TestDiscordianChronology" time="0"/>
  <testcase name="test_until_TemporalUnit[40: 2014, 0, 0, 2014, 2, 59, Months, 0]" classname="org.threeten.extra.chrono.TestDiscordianChronology" time="0"/>
  <testcase name="test_until_TemporalUnit[41: 2014, 0, 0, 2014, 2, 60, Months, 1]" classname="org.threeten.extra.chrono.TestDiscordianChronology" time="0"/>
  <testcase name="test_until_TemporalUnit[42: 2014, 2, 60, 2014, 0, 0, Months, -1]" classname="org.threeten.extra.chrono.TestDiscordianChronology" time="0"/>
  <testcase name="test_until_TemporalUnit[43: 2014, 2, 59, 2014, 0, 0, Months, 0]" classname="org.threeten.extra.chrono.TestDiscordianChronology" time="0"/>
  <testcase name="test_until_TemporalUnit[44: 2013, 5, 59, 2014, 0, 0, Months, 1]" classname="org.threeten.extra.chrono.TestDiscordianChronology" time="0"/>
  <testcase name="test_until_TemporalUnit[45: 2013, 5, 60, 2014, 0, 0, Months, 0]" classname="org.threeten.extra.chrono.TestDiscordianChronology" time="0"/>
  <testcase name="test_until_TemporalUnit[46: 2013, 5, 60, 2014, 1, 60, Months, 1]" classname="org.threeten.extra.chrono.TestDiscordianChronology" time="0"/>
  <testcase name="test_until_TemporalUnit[47: 2014, 0, 0, 2014, 0, 0, Years, 0]" classname="org.threeten.extra.chrono.TestDiscordianChronology" time="0"/>
  <testcase name="test_until_TemporalUnit[48: 2014, 0, 0, 2015, 1, 59, Years, 0]" classname="org.threeten.extra.chrono.TestDiscordianChronology" time="0"/>
  <testcase name="test_until_TemporalUnit[49: 2014, 0, 0, 2015, 1, 60, Years, 1]" classname="org.threeten.extra.chrono.TestDiscordianChronology" time="0"/>
  <testcase name="test_until_TemporalUnit[50: 2013, 1, 60, 2014, 0, 0, Years, 0]" classname="org.threeten.extra.chrono.TestDiscordianChronology" time="0"/>
  <testcase name="test_until_TemporalUnit[51: 2013, 1, 59, 2014, 0, 0, Years, 1]" classname="org.threeten.extra.chrono.TestDiscordianChronology" time="0"/>
  <testcase name="test_until_TemporalUnit[52: 2013, 1, 60, 2014, 1, 60, Years, 1]" classname="org.threeten.extra.chrono.TestDiscordianChronology" time="0"/>
  <testcase name="test_until_TemporalUnit[53: 2014, 0, 0, 2013, 1, 59, Years, -1]" classname="org.threeten.extra.chrono.TestDiscordianChronology" time="0"/>
  <testcase name="test_until_TemporalUnit[54: 2014, 0, 0, 2013, 1, 60, Years, 0]" classname="org.threeten.extra.chrono.TestDiscordianChronology" time="0"/>
  <testcase name="test_until_TemporalUnit[55: 2015, 1, 60, 2014, 0, 0, Years, -1]" classname="org.threeten.extra.chrono.TestDiscordianChronology" time="0"/>
  <testcase name="test_until_TemporalUnit[56: 2015, 1, 59, 2014, 0, 0, Years, 0]" classname="org.threeten.extra.chrono.TestDiscordianChronology" time="0"/>
  <testcase name="test_until_TemporalUnit[57: 2018, 0, 0, 2014, 0, 0, Years, -4]" classname="org.threeten.extra.chrono.TestDiscordianChronology" time="0"/>
  <testcase name="test_until_TemporalUnit[58: 2014, 0, 0, 2018, 0, 0, Years, 4]" classname="org.threeten.extra.chrono.TestDiscordianChronology" time="0"/>
  <testcase name="test_adjust1" classname="org.threeten.extra.chrono.TestDiscordianChronology" time="0"/>
  <testcase name="test_adjust2" classname="org.threeten.extra.chrono.TestDiscordianChronology" time="0"/>
  <testcase name="test_isLeapYear_loop" classname="org.threeten.extra.chrono.TestDiscordianChronology" time="0"/>
  <testcase name="test_range[0: 2010, 0, 0, DayOfMonth, 0, 0]" classname="org.threeten.extra.chrono.TestDiscordianChronology" time="0"/>
  <testcase name="test_range[1: 2010, 1, 23, DayOfMonth, 1, 73]" classname="org.threeten.extra.chrono.TestDiscordianChronology" time="0"/>
  <testcase name="test_range[2: 2010, 2, 23, DayOfMonth, 1, 73]" classname="org.threeten.extra.chrono.TestDiscordianChronology" time="0"/>
  <testcase name="test_range[3: 2010, 3, 23, DayOfMonth, 1, 73]" classname="org.threeten.extra.chrono.TestDiscordianChronology" time="0"/>
  <testcase name="test_range[4: 2010, 4, 23, DayOfMonth, 1, 73]" classname="org.threeten.extra.chrono.TestDiscordianChronology" time="0"/>
  <testcase name="test_range[5: 2010, 5, 23, DayOfMonth, 1, 73]" classname="org.threeten.extra.chrono.TestDiscordianChronology" time="0"/>
  <testcase name="test_range[6: 2010, 0, 0, DayOfYear, 1, 366]" classname="org.threeten.extra.chrono.TestDiscordianChronology" time="0"/>
  <testcase name="test_range[7: 2010, 1, 23, DayOfYear, 1, 366]" classname="org.threeten.extra.chrono.TestDiscordianChronology" time="0"/>
  <testcase name="test_range[8: 2011, 2, 23, DayOfYear, 1, 365]" classname="org.threeten.extra.chrono.TestDiscordianChronology" time="0"/>
  <testcase name="test_range[9: 2010, 0, 0, MonthOfYear, 0, 5]" classname="org.threeten.extra.chrono.TestDiscordianChronology" time="0"/>
  <testcase name="test_range[10: 2010, 1, 1, MonthOfYear, 0, 5]" classname="org.threeten.extra.chrono.TestDiscordianChronology" time="0"/>
  <testcase name="test_range[11: 2011, 1, 23, MonthOfYear, 1, 5]" classname="org.threeten.extra.chrono.TestDiscordianChronology" time="0"/>
  <testcase name="test_range[12: 2010, 0, 0, AlignedDayOfWeekInMonth, 0, 0]" classname="org.threeten.extra.chrono.TestDiscordianChronology" time="0"/>
  <testcase name="test_range[13: 2010, 1, 23, AlignedDayOfWeekInMonth, 1, 5]" classname="org.threeten.extra.chrono.TestDiscordianChronology" time="0"/>
  <testcase name="test_range[14: 2010, 1, 59, AlignedDayOfWeekInMonth, 1, 5]" classname="org.threeten.extra.chrono.TestDiscordianChronology" time="0"/>
  <testcase name="test_range[15: 2010, 1, 60, AlignedDayOfWeekInMonth, 1, 5]" classname="org.threeten.extra.chrono.TestDiscordianChronology" time="0"/>
  <testcase name="test_range[16: 2010, 0, 0, AlignedDayOfWeekInYear, 0, 5]" classname="org.threeten.extra.chrono.TestDiscordianChronology" time="0"/>
  <testcase name="test_range[17: 2010, 1, 23, AlignedDayOfWeekInYear, 0, 5]" classname="org.threeten.extra.chrono.TestDiscordianChronology" time="0"/>
  <testcase name="test_range[18: 2010, 1, 59, AlignedDayOfWeekInYear, 0, 5]" classname="org.threeten.extra.chrono.TestDiscordianChronology" time="0"/>
  <testcase name="test_range[19: 2010, 1, 60, AlignedDayOfWeekInYear, 0, 5]" classname="org.threeten.extra.chrono.TestDiscordianChronology" time="0"/>
  <testcase name="test_range[20: 2011, 1, 23, AlignedDayOfWeekInYear, 1, 5]" classname="org.threeten.extra.chrono.TestDiscordianChronology" time="0"/>
  <testcase name="test_range[21: 2010, 0, 0, AlignedWeekOfMonth, 0, 0]" classname="org.threeten.extra.chrono.TestDiscordianChronology" time="0"/>
  <testcase name="test_range[22: 2010, 1, 23, AlignedWeekOfMonth, 1, 15]" classname="org.threeten.extra.chrono.TestDiscordianChronology" time="0"/>
  <testcase name="test_range[23: 2010, 0, 0, AlignedWeekOfYear, 0, 73]" classname="org.threeten.extra.chrono.TestDiscordianChronology" time="0"/>
  <testcase name="test_range[24: 2010, 1, 23, AlignedWeekOfYear, 0, 73]" classname="org.threeten.extra.chrono.TestDiscordianChronology" time="0"/>
  <testcase name="test_range[25: 2011, 1, 23, AlignedWeekOfYear, 1, 73]" classname="org.threeten.extra.chrono.TestDiscordianChronology" time="0"/>
  <testcase name="test_range[26: 2010, 0, 0, DayOfWeek, 0, 0]" classname="org.threeten.extra.chrono.TestDiscordianChronology" time="0"/>
  <testcase name="test_range[27: 2010, 1, 1, DayOfWeek, 1, 5]" classname="org.threeten.extra.chrono.TestDiscordianChronology" time="0"/>
</testsuite>