<?xml version="1.0" encoding="UTF-8"?>
<testsuite xmlns:xsi="http://www.w3.org/2001/XMLSchema-instance" xsi:schemaLocation="https://maven.apache.org/surefire/maven-surefire-plugin/xsd/surefire-test-report.xsd" name="org.threeten.extra.TestTemporals" time="0.014" tests="268" errors="0" skipped="0" failures="0">
  <properties>
    <property name="java.runtime.name" value="OpenJDK Runtime Environment"/>
    <property name="sun.boot.library.path" value="/usr/local/openjdk-8/jre/lib/amd64"/>
    <property name="java.vm.version" value="25.262-b10"/>
    <property name="animal.sniffer.skip" value="true"/>
    <property name="java.vm.vendor" value="Oracle Corporation"/>
    <property name="maven.multiModuleProjectDirectory" value="/tmp/tmpykopg0s2/threeten-extra"/>
    <property name="maven.javadoc.skip" value="true"/>
    <property name="java.vendor.url" value="http://java.oracle.com/"/>
    <property name="path.separator" value=":"/>
    <property name="guice.disable.misplaced.annotation.check" value="true"/>
    <property name="java.vm.name" value="OpenJDK 64-Bit Server VM"/>
    <property name="file.encoding.pkg" value="sun.io"/>
    <property name="sun.java.launcher" value="SUN_STANDARD"/>
    <property name="sun.os.patch.level" value="unknown"/>
    <property name="source.skip" value="true"/>
    <property name="java.vm.specification.name" value="Java Virtual Machine Specification"/>
    <property name="user.dir" value="/tmp/tmpykopg0s2/threeten-extra"/>
    <property name="java.runtime.version" value="1.8.0_262-b10"/>
    <property name="java.awt.graphicsenv" value="sun.awt.X11GraphicsEnvironment"/>
    <property name="java.endorsed.dirs" value="/usr/local/openjdk-8/jre/lib/endorsed"/>
    <property name="os.arch" value="amd64"/>
    <property name="java.io.tmpdir" value="/tmp"/>
    <property name="line.separator" value="&#10;"/>
    <property name="java.vm.specification.vendor" value="Oracle Corporation"/>
    <property name="os.name" value="Linux"/>
    <property name="classworlds.conf" value="/usr/share/maven/bin/m2.conf"/>
    <property name="sun.jnu.encoding" value="UTF-8"/>
    <property name="java.library.path" value="/usr/java/packages/lib/amd64:/usr/lib64:/lib64:/lib:/usr/lib"/>
    <property name="license.skip" value="true"/>
    <property name="maven.conf" value="/usr/share/maven/conf"/>
    <property name="java.specification.name" value="Java Platform API Specification"/>
    <property name="java.class.version" value="52.0"/>
    <property name="sun.management.compiler" value="HotSpot 64-Bit Tiered Compilers"/>
    <property name="maven.test.failure.ignore" value="true"/>
    <property name="os.version" value="4.15.0-109-generic"/>
    <property name="library.jansi.path" value="/usr/share/maven/lib/jansi-native"/>
    <property name="user.home" value="/home/jdbl"/>
    <property name="user.timezone" value="Etc/UTC"/>
    <property name="java.awt.printerjob" value="sun.print.PSPrinterJob"/>
    <property name="java.specification.version" value="1.8"/>
    <property name="file.encoding" value="UTF-8"/>
    <property name="user.name" value="jdbl"/>
    <property name="java.class.path" value="/usr/share/maven/boot/plexus-classworlds-2.6.0.jar"/>
    <property name="java.vm.specification.version" value="1.8"/>
    <property name="sun.arch.data.model" value="64"/>
    <property name="java.home" value="/usr/local/openjdk-8/jre"/>
    <property name="sun.java.command" value="org.codehaus.plexus.classworlds.launcher.Launcher test -e --fail-never -ntp -Dmaven.test.failure.ignore=true -B -Dmaven.javadoc.skip=true -Drat.skip=true -Danimal.sniffer.skip=true -Dmaven.javadoc.skip=true -Dlicense.skip=true -Dsource.skip=true"/>
    <property name="java.specification.vendor" value="Oracle Corporation"/>
    <property name="user.language" value="en"/>
    <property name="awt.toolkit" value="sun.awt.X11.XToolkit"/>
    <property name="java.vm.info" value="mixed mode"/>
    <property name="java.version" value="1.8.0_262"/>
    <property name="java.ext.dirs" value="/usr/local/openjdk-8/jre/lib/ext:/usr/java/packages/lib/ext"/>
    <property name="securerandom.source" value="file:/dev/./urandom"/>
    <property name="sun.boot.class.path" value="/usr/local/openjdk-8/jre/lib/resources.jar:/usr/local/openjdk-8/jre/lib/rt.jar:/usr/local/openjdk-8/jre/lib/sunrsasign.jar:/usr/local/openjdk-8/jre/lib/jsse.jar:/usr/local/openjdk-8/jre/lib/jce.jar:/usr/local/openjdk-8/jre/lib/charsets.jar:/usr/local/openjdk-8/jre/lib/jfr.jar:/usr/local/openjdk-8/jre/classes"/>
    <property name="java.vendor" value="Oracle Corporation"/>
    <property name="rat.skip" value="true"/>
    <property name="maven.home" value="/usr/share/maven"/>
    <property name="file.separator" value="/"/>
    <property name="java.vendor.url.bug" value="http://bugreport.sun.com/bugreport/"/>
    <property name="sun.cpu.endian" value="little"/>
    <property name="sun.io.unicode.encoding" value="UnicodeLittle"/>
    <property name="sun.cpu.isalist" value=""/>
  </properties>
  <testcase name="test_parseFirstMatching_twoNoMatch" classname="org.threeten.extra.TestTemporals" time="0.001"/>
  <testcase name="test_nextWorkingDay_yearChange" classname="org.threeten.extra.TestTemporals" time="0.003"/>
  <testcase name="test_convertAmountInvalid[0: Seconds, Months]" classname="org.threeten.extra.TestTemporals" time="0"/>
  <testcase name="test_convertAmountInvalid[1: Seconds, QuarterYears]" classname="org.threeten.extra.TestTemporals" time="0"/>
  <testcase name="test_convertAmountInvalid[2: Seconds, Years]" classname="org.threeten.extra.TestTemporals" time="0"/>
  <testcase name="test_convertAmountInvalid[3: Seconds, Decades]" classname="org.threeten.extra.TestTemporals" time="0"/>
  <testcase name="test_convertAmountInvalid[4: Seconds, Centuries]" classname="org.threeten.extra.TestTemporals" time="0"/>
  <testcase name="test_convertAmountInvalid[5: Seconds, Millennia]" classname="org.threeten.extra.TestTemporals" time="0"/>
  <testcase name="test_convertAmountInvalid[6: Months, Seconds]" classname="org.threeten.extra.TestTemporals" time="0"/>
  <testcase name="test_convertAmountInvalid[7: QuarterYears, Seconds]" classname="org.threeten.extra.TestTemporals" time="0"/>
  <testcase name="test_convertAmountInvalid[8: Years, Seconds]" classname="org.threeten.extra.TestTemporals" time="0"/>
  <testcase name="test_convertAmountInvalid[9: Decades, Seconds]" classname="org.threeten.extra.TestTemporals" time="0"/>
  <testcase name="test_convertAmountInvalid[10: Centuries, Seconds]" classname="org.threeten.extra.TestTemporals" time="0"/>
  <testcase name="test_convertAmountInvalid[11: Millennia, Seconds]" classname="org.threeten.extra.TestTemporals" time="0"/>
  <testcase name="test_previousWorkingDayOrSame_serialization" classname="org.threeten.extra.TestTemporals" time="0"/>
  <testcase name="test_parseFirstMatching[0: 2016-09-06, Value(Year,4,10,EXCEEDS_PAD)&apos;-&apos;Value(MonthOfYear,2)&apos;-&apos;Value(DayOfMonth,2), ParseCaseSensitive(false)Value(Year,4)Value(MonthOfYear,2)Value(DayOfMonth,2)[Offset(+HHMMss,&apos;Z&apos;)]]" classname="org.threeten.extra.TestTemporals" time="0"/>
  <testcase name="test_parseFirstMatching[1: 20160906, Value(Year,4,10,EXCEEDS_PAD)&apos;-&apos;Value(MonthOfYear,2)&apos;-&apos;Value(DayOfMonth,2), ParseCaseSensitive(false)Value(Year,4)Value(MonthOfYear,2)Value(DayOfMonth,2)[Offset(+HHMMss,&apos;Z&apos;)]]" classname="org.threeten.extra.TestTemporals" time="0"/>
  <testcase name="test_previousWorkingDay" classname="org.threeten.extra.TestTemporals" time="0.001"/>
  <testcase name="test_chronoUnit_null" classname="org.threeten.extra.TestTemporals" time="0"/>
  <testcase name="test_parseFirstMatching_one" classname="org.threeten.extra.TestTemporals" time="0.001"/>
  <testcase name="test_parseFirstMatching_zero" classname="org.threeten.extra.TestTemporals" time="0"/>
  <testcase name="test_previousWorkingDay_yearChange" classname="org.threeten.extra.TestTemporals" time="0"/>
  <testcase name="test_convertAmount[0: 2, Nanos, Seconds, 0, 2]" classname="org.threeten.extra.TestTemporals" time="0"/>
  <testcase name="test_convertAmount[1: 999999999, Nanos, Seconds, 0, 999999999]" classname="org.threeten.extra.TestTemporals" time="0"/>
  <testcase name="test_convertAmount[2: 1000000000, Nanos, Seconds, 1, 0]" classname="org.threeten.extra.TestTemporals" time="0"/>
  <testcase name="test_convertAmount[3: 1000000001, Nanos, Seconds, 1, 1]" classname="org.threeten.extra.TestTemporals" time="0"/>
  <testcase name="test_convertAmount[4: 2, Nanos, Minutes, 0, 2]" classname="org.threeten.extra.TestTemporals" time="0"/>
  <testcase name="test_convertAmount[5: 59999999999, Nanos, Minutes, 0, 59999999999]" classname="org.threeten.extra.TestTemporals" time="0"/>
  <testcase name="test_convertAmount[6: 60000000000, Nanos, Minutes, 1, 0]" classname="org.threeten.extra.TestTemporals" time="0"/>
  <testcase name="test_convertAmount[7: 60000000001, Nanos, Minutes, 1, 1]" classname="org.threeten.extra.TestTemporals" time="0"/>
  <testcase name="test_convertAmount[8: 2, Nanos, Hours, 0, 2]" classname="org.threeten.extra.TestTemporals" time="0"/>
  <testcase name="test_convertAmount[9: 3599999999999, Nanos, Hours, 0, 3599999999999]" classname="org.threeten.extra.TestTemporals" time="0"/>
  <testcase name="test_convertAmount[10: 3600000000000, Nanos, Hours, 1, 0]" classname="org.threeten.extra.TestTemporals" time="0"/>
  <testcase name="test_convertAmount[11: 3600000000001, Nanos, Hours, 1, 1]" classname="org.threeten.extra.TestTemporals" time="0"/>
  <testcase name="test_convertAmount[12: 2, Nanos, HalfDays, 0, 2]" classname="org.threeten.extra.TestTemporals" time="0"/>
  <testcase name="test_convertAmount[13: 129600000000000, Nanos, HalfDays, 3, 0]" classname="org.threeten.extra.TestTemporals" time="0"/>
  <testcase name="test_convertAmount[14: 2, Nanos, Days, 0, 2]" classname="org.threeten.extra.TestTemporals" time="0"/>
  <testcase name="test_convertAmount[15: 259200000000000, Nanos, Days, 3, 0]" classname="org.threeten.extra.TestTemporals" time="0"/>
  <testcase name="test_convertAmount[16: 2, Nanos, Weeks, 0, 2]" classname="org.threeten.extra.TestTemporals" time="0"/>
  <testcase name="test_convertAmount[17: 1814400000000000, Nanos, Weeks, 3, 0]" classname="org.threeten.extra.TestTemporals" time="0"/>
  <testcase name="test_convertAmount[18: 2, Seconds, Minutes, 0, 2]" classname="org.threeten.extra.TestTemporals" time="0"/>
  <testcase name="test_convertAmount[19: 59, Seconds, Minutes, 0, 59]" classname="org.threeten.extra.TestTemporals" time="0"/>
  <testcase name="test_convertAmount[20: 60, Seconds, Minutes, 1, 0]" classname="org.threeten.extra.TestTemporals" time="0"/>
  <testcase name="test_convertAmount[21: 61, Seconds, Minutes, 1, 1]" classname="org.threeten.extra.TestTemporals" time="0"/>
  <testcase name="test_convertAmount[22: 2, Seconds, Hours, 0, 2]" classname="org.threeten.extra.TestTemporals" time="0"/>
  <testcase name="test_convertAmount[23: 3599, Seconds, Hours, 0, 3599]" classname="org.threeten.extra.TestTemporals" time="0"/>
  <testcase name="test_convertAmount[24: 3600, Seconds, Hours, 1, 0]" classname="org.threeten.extra.TestTemporals" time="0"/>
  <testcase name="test_convertAmount[25: 3601, Seconds, Hours, 1, 1]" classname="org.threeten.extra.TestTemporals" time="0"/>
  <testcase name="test_convertAmount[26: 2, Seconds, HalfDays, 0, 2]" classname="org.threeten.extra.TestTemporals" time="0"/>
  <testcase name="test_convertAmount[27: 129600, Seconds, HalfDays, 3, 0]" classname="org.threeten.extra.TestTemporals" time="0"/>
  <testcase name="test_convertAmount[28: 2, Seconds, Days, 0, 2]" classname="org.threeten.extra.TestTemporals" time="0"/>
  <testcase name="test_convertAmount[29: 259200, Seconds, Days, 3, 0]" classname="org.threeten.extra.TestTemporals" time="0"/>
  <testcase name="test_convertAmount[30: 2, Seconds, Weeks, 0, 2]" classname="org.threeten.extra.TestTemporals" time="0"/>
  <testcase name="test_convertAmount[31: 1814400, Seconds, Weeks, 3, 0]" classname="org.threeten.extra.TestTemporals" time="0"/>
  <testcase name="test_convertAmount[32: 2, Minutes, Hours, 0, 2]" classname="org.threeten.extra.TestTemporals" time="0"/>
  <testcase name="test_convertAmount[33: 59, Minutes, Hours, 0, 59]" classname="org.threeten.extra.TestTemporals" time="0"/>
  <testcase name="test_convertAmount[34: 60, Minutes, Hours, 1, 0]" classname="org.threeten.extra.TestTemporals" time="0"/>
  <testcase name="test_convertAmount[35: 61, Minutes, Hours, 1, 1]" classname="org.threeten.extra.TestTemporals" time="0"/>
  <testcase name="test_convertAmount[36: 2, Minutes, HalfDays, 0, 2]" classname="org.threeten.extra.TestTemporals" time="0"/>
  <testcase name="test_convertAmount[37: 2161, Minutes, HalfDays, 3, 1]" classname="org.threeten.extra.TestTemporals" time="0"/>
  <testcase name="test_convertAmount[38: 2, Minutes, Days, 0, 2]" classname="org.threeten.extra.TestTemporals" time="0"/>
  <testcase name="test_convertAmount[39: 4321, Minutes, Days, 3, 1]" classname="org.threeten.extra.TestTemporals" time="0"/>
  <testcase name="test_convertAmount[40: 2, Minutes, Weeks, 0, 2]" classname="org.threeten.extra.TestTemporals" time="0"/>
  <testcase name="test_convertAmount[41: 30241, Minutes, Weeks, 3, 1]" classname="org.threeten.extra.TestTemporals" time="0"/>
  <testcase name="test_convertAmount[42: 2, Hours, HalfDays, 0, 2]" classname="org.threeten.extra.TestTemporals" time="0"/>
  <testcase name="test_convertAmount[43: 37, Hours, HalfDays, 3, 1]" classname="org.threeten.extra.TestTemporals" time="0"/>
  <testcase name="test_convertAmount[44: 2, Hours, Days, 0, 2]" classname="org.threeten.extra.TestTemporals" time="0"/>
  <testcase name="test_convertAmount[45: 73, Hours, Days, 3, 1]" classname="org.threeten.extra.TestTemporals" time="0"/>
  <testcase name="test_convertAmount[46: 2, Hours, Weeks, 0, 2]" classname="org.threeten.extra.TestTemporals" time="0"/>
  <testcase name="test_convertAmount[47: 505, Hours, Weeks, 3, 1]" classname="org.threeten.extra.TestTemporals" time="0"/>
  <testcase name="test_convertAmount[48: 1, HalfDays, Days, 0, 1]" classname="org.threeten.extra.TestTemporals" time="0"/>
  <testcase name="test_convertAmount[49: 7, HalfDays, Days, 3, 1]" classname="org.threeten.extra.TestTemporals" time="0"/>
  <testcase name="test_convertAmount[50: 1, HalfDays, Weeks, 0, 1]" classname="org.threeten.extra.TestTemporals" time="0"/>
  <testcase name="test_convertAmount[51: 43, HalfDays, Weeks, 3, 1]" classname="org.threeten.extra.TestTemporals" time="0"/>
  <testcase name="test_convertAmount[52: 1, Days, Weeks, 0, 1]" classname="org.threeten.extra.TestTemporals" time="0"/>
  <testcase name="test_convertAmount[53: 22, Days, Weeks, 3, 1]" classname="org.threeten.extra.TestTemporals" time="0"/>
  <testcase name="test_convertAmount[54: 2, Seconds, Nanos, 2000000000, 0]" classname="org.threeten.extra.TestTemporals" time="0"/>
  <testcase name="test_convertAmount[55: 2, Minutes, Nanos, 120000000000, 0]" classname="org.threeten.extra.TestTemporals" time="0"/>
  <testcase name="test_convertAmount[56: 2, Hours, Nanos, 7200000000000, 0]" classname="org.threeten.extra.TestTemporals" time="0"/>
  <testcase name="test_convertAmount[57: 2, HalfDays, Nanos, 86400000000000, 0]" classname="org.threeten.extra.TestTemporals" time="0"/>
  <testcase name="test_convertAmount[58: 2, Days, Nanos, 172800000000000, 0]" classname="org.threeten.extra.TestTemporals" time="0"/>
  <testcase name="test_convertAmount[59: 2, Weeks, Nanos, 1209600000000000, 0]" classname="org.threeten.extra.TestTemporals" time="0"/>
  <testcase name="test_convertAmount[60: 2, Minutes, Seconds, 120, 0]" classname="org.threeten.extra.TestTemporals" time="0"/>
  <testcase name="test_convertAmount[61: 2, Hours, Seconds, 7200, 0]" classname="org.threeten.extra.TestTemporals" time="0"/>
  <testcase name="test_convertAmount[62: 2, HalfDays, Seconds, 86400, 0]" classname="org.threeten.extra.TestTemporals" time="0"/>
  <testcase name="test_convertAmount[63: 2, Days, Seconds, 172800, 0]" classname="org.threeten.extra.TestTemporals" time="0"/>
  <testcase name="test_convertAmount[64: 2, Weeks, Seconds, 1209600, 0]" classname="org.threeten.extra.TestTemporals" time="0"/>
  <testcase name="test_convertAmount[65: 2, Hours, Minutes, 120, 0]" classname="org.threeten.extra.TestTemporals" time="0"/>
  <testcase name="test_convertAmount[66: 2, HalfDays, Minutes, 1440, 0]" classname="org.threeten.extra.TestTemporals" time="0"/>
  <testcase name="test_convertAmount[67: 2, Days, Minutes, 2880, 0]" classname="org.threeten.extra.TestTemporals" time="0"/>
  <testcase name="test_convertAmount[68: 2, Weeks, Minutes, 20160, 0]" classname="org.threeten.extra.TestTemporals" time="0"/>
  <testcase name="test_convertAmount[69: 2, HalfDays, Hours, 24, 0]" classname="org.threeten.extra.TestTemporals" time="0"/>
  <testcase name="test_convertAmount[70: 2, Days, Hours, 48, 0]" classname="org.threeten.extra.TestTemporals" time="0"/>
  <testcase name="test_convertAmount[71: 2, Weeks, Hours, 336, 0]" classname="org.threeten.extra.TestTemporals" time="0"/>
  <testcase name="test_convertAmount[72: 2, Days, HalfDays, 4, 0]" classname="org.threeten.extra.TestTemporals" time="0"/>
  <testcase name="test_convertAmount[73: 2, Weeks, HalfDays, 28, 0]" classname="org.threeten.extra.TestTemporals" time="0"/>
  <testcase name="test_convertAmount[74: 2, Weeks, Days, 14, 0]" classname="org.threeten.extra.TestTemporals" time="0"/>
  <testcase name="test_convertAmount[75: 7, Months, QuarterYears, 2, 1]" classname="org.threeten.extra.TestTemporals" time="0"/>
  <testcase name="test_convertAmount[76: 25, Months, Years, 2, 1]" classname="org.threeten.extra.TestTemporals" time="0"/>
  <testcase name="test_convertAmount[77: 241, Months, Decades, 2, 1]" classname="org.threeten.extra.TestTemporals" time="0"/>
  <testcase name="test_convertAmount[78: 2401, Months, Centuries, 2, 1]" classname="org.threeten.extra.TestTemporals" time="0"/>
  <testcase name="test_convertAmount[79: 24001, Months, Millennia, 2, 1]" classname="org.threeten.extra.TestTemporals" time="0"/>
  <testcase name="test_convertAmount[80: 9, QuarterYears, Years, 2, 1]" classname="org.threeten.extra.TestTemporals" time="0"/>
  <testcase name="test_convertAmount[81: 81, QuarterYears, Decades, 2, 1]" classname="org.threeten.extra.TestTemporals" time="0"/>
  <testcase name="test_convertAmount[82: 801, QuarterYears, Centuries, 2, 1]" classname="org.threeten.extra.TestTemporals" time="0"/>
  <testcase name="test_convertAmount[83: 8001, QuarterYears, Millennia, 2, 1]" classname="org.threeten.extra.TestTemporals" time="0"/>
  <testcase name="test_convertAmount[84: 21, Years, Decades, 2, 1]" classname="org.threeten.extra.TestTemporals" time="0"/>
  <testcase name="test_convertAmount[85: 201, Years, Centuries, 2, 1]" classname="org.threeten.extra.TestTemporals" time="0"/>
  <testcase name="test_convertAmount[86: 2001, Years, Millennia, 2, 1]" classname="org.threeten.extra.TestTemporals" time="0"/>
  <testcase name="test_convertAmount[87: 21, Decades, Centuries, 2, 1]" classname="org.threeten.extra.TestTemporals" time="0"/>
  <testcase name="test_convertAmount[88: 201, Decades, Millennia, 2, 1]" classname="org.threeten.extra.TestTemporals" time="0"/>
  <testcase name="test_convertAmount[89: 21, Centuries, Millennia, 2, 1]" classname="org.threeten.extra.TestTemporals" time="0"/>
  <testcase name="test_convertAmount[90: 2, QuarterYears, Months, 6, 0]" classname="org.threeten.extra.TestTemporals" time="0"/>
  <testcase name="test_convertAmount[91: 2, Years, Months, 24, 0]" classname="org.threeten.extra.TestTemporals" time="0"/>
  <testcase name="test_convertAmount[92: 2, Decades, Months, 240, 0]" classname="org.threeten.extra.TestTemporals" time="0"/>
  <testcase name="test_convertAmount[93: 2, Centuries, Months, 2400, 0]" classname="org.threeten.extra.TestTemporals" time="0"/>
  <testcase name="test_convertAmount[94: 2, Millennia, Months, 24000, 0]" classname="org.threeten.extra.TestTemporals" time="0"/>
  <testcase name="test_convertAmount[95: 2, Years, QuarterYears, 8, 0]" classname="org.threeten.extra.TestTemporals" time="0"/>
  <testcase name="test_convertAmount[96: 2, Decades, QuarterYears, 80, 0]" classname="org.threeten.extra.TestTemporals" time="0"/>
  <testcase name="test_convertAmount[97: 2, Centuries, QuarterYears, 800, 0]" classname="org.threeten.extra.TestTemporals" time="0"/>
  <testcase name="test_convertAmount[98: 2, Millennia, QuarterYears, 8000, 0]" classname="org.threeten.extra.TestTemporals" time="0"/>
  <testcase name="test_convertAmount[99: 2, Decades, Years, 20, 0]" classname="org.threeten.extra.TestTemporals" time="0"/>
  <testcase name="test_convertAmount[100: 2, Centuries, Years, 200, 0]" classname="org.threeten.extra.TestTemporals" time="0"/>
  <testcase name="test_convertAmount[101: 2, Millennia, Years, 2000, 0]" classname="org.threeten.extra.TestTemporals" time="0"/>
  <testcase name="test_convertAmount[102: 2, Centuries, Decades, 20, 0]" classname="org.threeten.extra.TestTemporals" time="0"/>
  <testcase name="test_convertAmount[103: 2, Millennia, Decades, 200, 0]" classname="org.threeten.extra.TestTemporals" time="0"/>
  <testcase name="test_convertAmount[104: 2, Millennia, Centuries, 20, 0]" classname="org.threeten.extra.TestTemporals" time="0"/>
  <testcase name="test_timeUnit_null" classname="org.threeten.extra.TestTemporals" time="0"/>
  <testcase name="test_convertAmount_negative[0: 2, Nanos, Seconds, 0, 2]" classname="org.threeten.extra.TestTemporals" time="0"/>
  <testcase name="test_convertAmount_negative[1: 999999999, Nanos, Seconds, 0, 999999999]" classname="org.threeten.extra.TestTemporals" time="0"/>
  <testcase name="test_convertAmount_negative[2: 1000000000, Nanos, Seconds, 1, 0]" classname="org.threeten.extra.TestTemporals" time="0"/>
  <testcase name="test_convertAmount_negative[3: 1000000001, Nanos, Seconds, 1, 1]" classname="org.threeten.extra.TestTemporals" time="0"/>
  <testcase name="test_convertAmount_negative[4: 2, Nanos, Minutes, 0, 2]" classname="org.threeten.extra.TestTemporals" time="0"/>
  <testcase name="test_convertAmount_negative[5: 59999999999, Nanos, Minutes, 0, 59999999999]" classname="org.threeten.extra.TestTemporals" time="0"/>
  <testcase name="test_convertAmount_negative[6: 60000000000, Nanos, Minutes, 1, 0]" classname="org.threeten.extra.TestTemporals" time="0"/>
  <testcase name="test_convertAmount_negative[7: 60000000001, Nanos, Minutes, 1, 1]" classname="org.threeten.extra.TestTemporals" time="0"/>
  <testcase name="test_convertAmount_negative[8: 2, Nanos, Hours, 0, 2]" classname="org.threeten.extra.TestTemporals" time="0"/>
  <testcase name="test_convertAmount_negative[9: 3599999999999, Nanos, Hours, 0, 3599999999999]" classname="org.threeten.extra.TestTemporals" time="0"/>
  <testcase name="test_convertAmount_negative[10: 3600000000000, Nanos, Hours, 1, 0]" classname="org.threeten.extra.TestTemporals" time="0"/>
  <testcase name="test_convertAmount_negative[11: 3600000000001, Nanos, Hours, 1, 1]" classname="org.threeten.extra.TestTemporals" time="0"/>
  <testcase name="test_convertAmount_negative[12: 2, Nanos, HalfDays, 0, 2]" classname="org.threeten.extra.TestTemporals" time="0"/>
  <testcase name="test_convertAmount_negative[13: 129600000000000, Nanos, HalfDays, 3, 0]" classname="org.threeten.extra.TestTemporals" time="0"/>
  <testcase name="test_convertAmount_negative[14: 2, Nanos, Days, 0, 2]" classname="org.threeten.extra.TestTemporals" time="0"/>
  <testcase name="test_convertAmount_negative[15: 259200000000000, Nanos, Days, 3, 0]" classname="org.threeten.extra.TestTemporals" time="0"/>
  <testcase name="test_convertAmount_negative[16: 2, Nanos, Weeks, 0, 2]" classname="org.threeten.extra.TestTemporals" time="0"/>
  <testcase name="test_convertAmount_negative[17: 1814400000000000, Nanos, Weeks, 3, 0]" classname="org.threeten.extra.TestTemporals" time="0"/>
  <testcase name="test_convertAmount_negative[18: 2, Seconds, Minutes, 0, 2]" classname="org.threeten.extra.TestTemporals" time="0"/>
  <testcase name="test_convertAmount_negative[19: 59, Seconds, Minutes, 0, 59]" classname="org.threeten.extra.TestTemporals" time="0"/>
  <testcase name="test_convertAmount_negative[20: 60, Seconds, Minutes, 1, 0]" classname="org.threeten.extra.TestTemporals" time="0"/>
  <testcase name="test_convertAmount_negative[21: 61, Seconds, Minutes, 1, 1]" classname="org.threeten.extra.TestTemporals" time="0"/>
  <testcase name="test_convertAmount_negative[22: 2, Seconds, Hours, 0, 2]" classname="org.threeten.extra.TestTemporals" time="0"/>
  <testcase name="test_convertAmount_negative[23: 3599, Seconds, Hours, 0, 3599]" classname="org.threeten.extra.TestTemporals" time="0"/>
  <testcase name="test_convertAmount_negative[24: 3600, Seconds, Hours, 1, 0]" classname="org.threeten.extra.TestTemporals" time="0"/>
  <testcase name="test_convertAmount_negative[25: 3601, Seconds, Hours, 1, 1]" classname="org.threeten.extra.TestTemporals" time="0"/>
  <testcase name="test_convertAmount_negative[26: 2, Seconds, HalfDays, 0, 2]" classname="org.threeten.extra.TestTemporals" time="0"/>
  <testcase name="test_convertAmount_negative[27: 129600, Seconds, HalfDays, 3, 0]" classname="org.threeten.extra.TestTemporals" time="0"/>
  <testcase name="test_convertAmount_negative[28: 2, Seconds, Days, 0, 2]" classname="org.threeten.extra.TestTemporals" time="0"/>
  <testcase name="test_convertAmount_negative[29: 259200, Seconds, Days, 3, 0]" classname="org.threeten.extra.TestTemporals" time="0"/>
  <testcase name="test_convertAmount_negative[30: 2, Seconds, Weeks, 0, 2]" classname="org.threeten.extra.TestTemporals" time="0"/>
  <testcase name="test_convertAmount_negative[31: 1814400, Seconds, Weeks, 3, 0]" classname="org.threeten.extra.TestTemporals" time="0"/>
  <testcase name="test_convertAmount_negative[32: 2, Minutes, Hours, 0, 2]" classname="org.threeten.extra.TestTemporals" time="0"/>
  <testcase name="test_convertAmount_negative[33: 59, Minutes, Hours, 0, 59]" classname="org.threeten.extra.TestTemporals" time="0"/>
  <testcase name="test_convertAmount_negative[34: 60, Minutes, Hours, 1, 0]" classname="org.threeten.extra.TestTemporals" time="0"/>
  <testcase name="test_convertAmount_negative[35: 61, Minutes, Hours, 1, 1]" classname="org.threeten.extra.TestTemporals" time="0"/>
  <testcase name="test_convertAmount_negative[36: 2, Minutes, HalfDays, 0, 2]" classname="org.threeten.extra.TestTemporals" time="0"/>
  <testcase name="test_convertAmount_negative[37: 2161, Minutes, HalfDays, 3, 1]" classname="org.threeten.extra.TestTemporals" time="0"/>
  <testcase name="test_convertAmount_negative[38: 2, Minutes, Days, 0, 2]" classname="org.threeten.extra.TestTemporals" time="0"/>
  <testcase name="test_convertAmount_negative[39: 4321, Minutes, Days, 3, 1]" classname="org.threeten.extra.TestTemporals" time="0"/>
  <testcase name="test_convertAmount_negative[40: 2, Minutes, Weeks, 0, 2]" classname="org.threeten.extra.TestTemporals" time="0"/>
  <testcase name="test_convertAmount_negative[41: 30241, Minutes, Weeks, 3, 1]" classname="org.threeten.extra.TestTemporals" time="0"/>
  <testcase name="test_convertAmount_negative[42: 2, Hours, HalfDays, 0, 2]" classname="org.threeten.extra.TestTemporals" time="0"/>
  <testcase name="test_convertAmount_negative[43: 37, Hours, HalfDays, 3, 1]" classname="org.threeten.extra.TestTemporals" time="0"/>
  <testcase name="test_convertAmount_negative[44: 2, Hours, Days, 0, 2]" classname="org.threeten.extra.TestTemporals" time="0"/>
  <testcase name="test_convertAmount_negative[45: 73, Hours, Days, 3, 1]" classname="org.threeten.extra.TestTemporals" time="0"/>
  <testcase name="test_convertAmount_negative[46: 2, Hours, Weeks, 0, 2]" classname="org.threeten.extra.TestTemporals" time="0"/>
  <testcase name="test_convertAmount_negative[47: 505, Hours, Weeks, 3, 1]" classname="org.threeten.extra.TestTemporals" time="0"/>
  <testcase name="test_convertAmount_negative[48: 1, HalfDays, Days, 0, 1]" classname="org.threeten.extra.TestTemporals" time="0"/>
  <testcase name="test_convertAmount_negative[49: 7, HalfDays, Days, 3, 1]" classname="org.threeten.extra.TestTemporals" time="0"/>
  <testcase name="test_convertAmount_negative[50: 1, HalfDays, Weeks, 0, 1]" classname="org.threeten.extra.TestTemporals" time="0"/>
  <testcase name="test_convertAmount_negative[51: 43, HalfDays, Weeks, 3, 1]" classname="org.threeten.extra.TestTemporals" time="0"/>
  <testcase name="test_convertAmount_negative[52: 1, Days, Weeks, 0, 1]" classname="org.threeten.extra.TestTemporals" time="0"/>
  <testcase name="test_convertAmount_negative[53: 22, Days, Weeks, 3, 1]" classname="org.threeten.extra.TestTemporals" time="0"/>
  <testcase name="test_convertAmount_negative[54: 2, Seconds, Nanos, 2000000000, 0]" classname="org.threeten.extra.TestTemporals" time="0"/>
  <testcase name="test_convertAmount_negative[55: 2, Minutes, Nanos, 120000000000, 0]" classname="org.threeten.extra.TestTemporals" time="0"/>
  <testcase name="test_convertAmount_negative[56: 2, Hours, Nanos, 7200000000000, 0]" classname="org.threeten.extra.TestTemporals" time="0"/>
  <testcase name="test_convertAmount_negative[57: 2, HalfDays, Nanos, 86400000000000, 0]" classname="org.threeten.extra.TestTemporals" time="0"/>
  <testcase name="test_convertAmount_negative[58: 2, Days, Nanos, 172800000000000, 0]" classname="org.threeten.extra.TestTemporals" time="0"/>
  <testcase name="test_convertAmount_negative[59: 2, Weeks, Nanos, 1209600000000000, 0]" classname="org.threeten.extra.TestTemporals" time="0"/>
  <testcase name="test_convertAmount_negative[60: 2, Minutes, Seconds, 120, 0]" classname="org.threeten.extra.TestTemporals" time="0"/>
  <testcase name="test_convertAmount_negative[61: 2, Hours, Seconds, 7200, 0]" classname="org.threeten.extra.TestTemporals" time="0"/>
  <testcase name="test_convertAmount_negative[62: 2, HalfDays, Seconds, 86400, 0]" classname="org.threeten.extra.TestTemporals" time="0"/>
  <testcase name="test_convertAmount_negative[63: 2, Days, Seconds, 172800, 0]" classname="org.threeten.extra.TestTemporals" time="0.001"/>
  <testcase name="test_convertAmount_negative[64: 2, Weeks, Seconds, 1209600, 0]" classname="org.threeten.extra.TestTemporals" time="0"/>
  <testcase name="test_convertAmount_negative[65: 2, Hours, Minutes, 120, 0]" classname="org.threeten.extra.TestTemporals" time="0"/>
  <testcase name="test_convertAmount_negative[66: 2, HalfDays, Minutes, 1440, 0]" classname="org.threeten.extra.TestTemporals" time="0"/>
  <testcase name="test_convertAmount_negative[67: 2, Days, Minutes, 2880, 0]" classname="org.threeten.extra.TestTemporals" time="0"/>
  <testcase name="test_convertAmount_negative[68: 2, Weeks, Minutes, 20160, 0]" classname="org.threeten.extra.TestTemporals" time="0"/>
  <testcase name="test_convertAmount_negative[69: 2, HalfDays, Hours, 24, 0]" classname="org.threeten.extra.TestTemporals" time="0"/>
  <testcase name="test_convertAmount_negative[70: 2, Days, Hours, 48, 0]" classname="org.threeten.extra.TestTemporals" time="0"/>
  <testcase name="test_convertAmount_negative[71: 2, Weeks, Hours, 336, 0]" classname="org.threeten.extra.TestTemporals" time="0"/>
  <testcase name="test_convertAmount_negative[72: 2, Days, HalfDays, 4, 0]" classname="org.threeten.extra.TestTemporals" time="0"/>
  <testcase name="test_convertAmount_negative[73: 2, Weeks, HalfDays, 28, 0]" classname="org.threeten.extra.TestTemporals" time="0"/>
  <testcase name="test_convertAmount_negative[74: 2, Weeks, Days, 14, 0]" classname="org.threeten.extra.TestTemporals" time="0"/>
  <testcase name="test_convertAmount_negative[75: 7, Months, QuarterYears, 2, 1]" classname="org.threeten.extra.TestTemporals" time="0"/>
  <testcase name="test_convertAmount_negative[76: 25, Months, Years, 2, 1]" classname="org.threeten.extra.TestTemporals" time="0"/>
  <testcase name="test_convertAmount_negative[77: 241, Months, Decades, 2, 1]" classname="org.threeten.extra.TestTemporals" time="0"/>
  <testcase name="test_convertAmount_negative[78: 2401, Months, Centuries, 2, 1]" classname="org.threeten.extra.TestTemporals" time="0"/>
  <testcase name="test_convertAmount_negative[79: 24001, Months, Millennia, 2, 1]" classname="org.threeten.extra.TestTemporals" time="0"/>
  <testcase name="test_convertAmount_negative[80: 9, QuarterYears, Years, 2, 1]" classname="org.threeten.extra.TestTemporals" time="0"/>
  <testcase name="test_convertAmount_negative[81: 81, QuarterYears, Decades, 2, 1]" classname="org.threeten.extra.TestTemporals" time="0"/>
  <testcase name="test_convertAmount_negative[82: 801, QuarterYears, Centuries, 2, 1]" classname="org.threeten.extra.TestTemporals" time="0"/>
  <testcase name="test_convertAmount_negative[83: 8001, QuarterYears, Millennia, 2, 1]" classname="org.threeten.extra.TestTemporals" time="0"/>
  <testcase name="test_convertAmount_negative[84: 21, Years, Decades, 2, 1]" classname="org.threeten.extra.TestTemporals" time="0"/>
  <testcase name="test_convertAmount_negative[85: 201, Years, Centuries, 2, 1]" classname="org.threeten.extra.TestTemporals" time="0"/>
  <testcase name="test_convertAmount_negative[86: 2001, Years, Millennia, 2, 1]" classname="org.threeten.extra.TestTemporals" time="0"/>
  <testcase name="test_convertAmount_negative[87: 21, Decades, Centuries, 2, 1]" classname="org.threeten.extra.TestTemporals" time="0"/>
  <testcase name="test_convertAmount_negative[88: 201, Decades, Millennia, 2, 1]" classname="org.threeten.extra.TestTemporals" time="0"/>
  <testcase name="test_convertAmount_negative[89: 21, Centuries, Millennia, 2, 1]" classname="org.threeten.extra.TestTemporals" time="0"/>
  <testcase name="test_convertAmount_negative[90: 2, QuarterYears, Months, 6, 0]" classname="org.threeten.extra.TestTemporals" time="0"/>
  <testcase name="test_convertAmount_negative[91: 2, Years, Months, 24, 0]" classname="org.threeten.extra.TestTemporals" time="0"/>
  <testcase name="test_convertAmount_negative[92: 2, Decades, Months, 240, 0]" classname="org.threeten.extra.TestTemporals" time="0"/>
  <testcase name="test_convertAmount_negative[93: 2, Centuries, Months, 2400, 0]" classname="org.threeten.extra.TestTemporals" time="0"/>
  <testcase name="test_convertAmount_negative[94: 2, Millennia, Months, 24000, 0]" classname="org.threeten.extra.TestTemporals" time="0"/>
  <testcase name="test_convertAmount_negative[95: 2, Years, QuarterYears, 8, 0]" classname="org.threeten.extra.TestTemporals" time="0"/>
  <testcase name="test_convertAmount_negative[96: 2, Decades, QuarterYears, 80, 0]" classname="org.threeten.extra.TestTemporals" time="0"/>
  <testcase name="test_convertAmount_negative[97: 2, Centuries, QuarterYears, 800, 0]" classname="org.threeten.extra.TestTemporals" time="0"/>
  <testcase name="test_convertAmount_negative[98: 2, Millennia, QuarterYears, 8000, 0]" classname="org.threeten.extra.TestTemporals" time="0"/>
  <testcase name="test_convertAmount_negative[99: 2, Decades, Years, 20, 0]" classname="org.threeten.extra.TestTemporals" time="0"/>
  <testcase name="test_convertAmount_negative[100: 2, Centuries, Years, 200, 0]" classname="org.threeten.extra.TestTemporals" time="0"/>
  <testcase name="test_convertAmount_negative[101: 2, Millennia, Years, 2000, 0]" classname="org.threeten.extra.TestTemporals" time="0"/>
  <testcase name="test_convertAmount_negative[102: 2, Centuries, Decades, 20, 0]" classname="org.threeten.extra.TestTemporals" time="0"/>
  <testcase name="test_convertAmount_negative[103: 2, Millennia, Decades, 200, 0]" classname="org.threeten.extra.TestTemporals" time="0"/>
  <testcase name="test_convertAmount_negative[104: 2, Millennia, Centuries, 20, 0]" classname="org.threeten.extra.TestTemporals" time="0"/>
  <testcase name="test_convertAmountSameUnit_zero" classname="org.threeten.extra.TestTemporals" time="0"/>
  <testcase name="test_nextWorkingDay" classname="org.threeten.extra.TestTemporals" time="0"/>
  <testcase name="test_nextWorkingDayOrSame_serialization" classname="org.threeten.extra.TestTemporals" time="0.001"/>
  <testcase name="test_timeUnit_unknown" classname="org.threeten.extra.TestTemporals" time="0"/>
  <testcase name="test_timeUnit[0: Nanos, NANOSECONDS]" classname="org.threeten.extra.TestTemporals" time="0"/>
  <testcase name="test_timeUnit[1: Micros, MICROSECONDS]" classname="org.threeten.extra.TestTemporals" time="0"/>
  <testcase name="test_timeUnit[2: Millis, MILLISECONDS]" classname="org.threeten.extra.TestTemporals" time="0"/>
  <testcase name="test_timeUnit[3: Seconds, SECONDS]" classname="org.threeten.extra.TestTemporals" time="0"/>
  <testcase name="test_timeUnit[4: Minutes, MINUTES]" classname="org.threeten.extra.TestTemporals" time="0"/>
  <testcase name="test_timeUnit[5: Hours, HOURS]" classname="org.threeten.extra.TestTemporals" time="0"/>
  <testcase name="test_timeUnit[6: Days, DAYS]" classname="org.threeten.extra.TestTemporals" time="0"/>
  <testcase name="test_nextWorkingDayOrSame" classname="org.threeten.extra.TestTemporals" time="0"/>
  <testcase name="test_previousWorkingDay_serialization" classname="org.threeten.extra.TestTemporals" time="0"/>
  <testcase name="test_chronoUnit[0: Nanos, NANOSECONDS]" classname="org.threeten.extra.TestTemporals" time="0"/>
  <testcase name="test_chronoUnit[1: Micros, MICROSECONDS]" classname="org.threeten.extra.TestTemporals" time="0"/>
  <testcase name="test_chronoUnit[2: Millis, MILLISECONDS]" classname="org.threeten.extra.TestTemporals" time="0"/>
  <testcase name="test_chronoUnit[3: Seconds, SECONDS]" classname="org.threeten.extra.TestTemporals" time="0"/>
  <testcase name="test_chronoUnit[4: Minutes, MINUTES]" classname="org.threeten.extra.TestTemporals" time="0"/>
  <testcase name="test_chronoUnit[5: Hours, HOURS]" classname="org.threeten.extra.TestTemporals" time="0"/>
  <testcase name="test_chronoUnit[6: Days, DAYS]" classname="org.threeten.extra.TestTemporals" time="0"/>
  <testcase name="test_convertAmountInvalidUnsupported[0: Seconds, Eras]" classname="org.threeten.extra.TestTemporals" time="0"/>
  <testcase name="test_convertAmountInvalidUnsupported[1: Eras, Seconds]" classname="org.threeten.extra.TestTemporals" time="0"/>
  <testcase name="test_convertAmountInvalidUnsupported[2: Years, Eras]" classname="org.threeten.extra.TestTemporals" time="0"/>
  <testcase name="test_convertAmountInvalidUnsupported[3: Eras, Years]" classname="org.threeten.extra.TestTemporals" time="0"/>
  <testcase name="test_convertAmountInvalidUnsupported[4: Seconds, Forever]" classname="org.threeten.extra.TestTemporals" time="0"/>
  <testcase name="test_convertAmountInvalidUnsupported[5: Forever, Seconds]" classname="org.threeten.extra.TestTemporals" time="0"/>
  <testcase name="test_convertAmountInvalidUnsupported[6: Years, Forever]" classname="org.threeten.extra.TestTemporals" time="0"/>
  <testcase name="test_convertAmountInvalidUnsupported[7: Forever, Years]" classname="org.threeten.extra.TestTemporals" time="0"/>
  <testcase name="test_convertAmountInvalidUnsupported[8: Forever, Eras]" classname="org.threeten.extra.TestTemporals" time="0"/>
  <testcase name="test_convertAmountInvalidUnsupported[9: Eras, Forever]" classname="org.threeten.extra.TestTemporals" time="0"/>
  <testcase name="test_nextWorkingDayOrSame_yearChange" classname="org.threeten.extra.TestTemporals" time="0"/>
  <testcase name="test_previousWorkingDayOrSame" classname="org.threeten.extra.TestTemporals" time="0"/>
  <testcase name="test_nextWorkingDay_serialization" classname="org.threeten.extra.TestTemporals" time="0"/>
  <testcase name="test_convertAmountSameUnit_nonZero" classname="org.threeten.extra.TestTemporals" time="0"/>
  <testcase name="test_previousWorkingDayOrSame_yearChange" classname="org.threeten.extra.TestTemporals" time="0"/>
</testsuite>