<?xml version="1.0" encoding="UTF-8"?>
<testsuite xmlns:xsi="http://www.w3.org/2001/XMLSchema-instance" xsi:schemaLocation="https://maven.apache.org/surefire/maven-surefire-plugin/xsd/surefire-test-report.xsd" name="org.threeten.extra.TestAmountFormats" time="0.045" tests="239" errors="0" skipped="0" failures="0">
  <properties>
    <property name="java.runtime.name" value="OpenJDK Runtime Environment"/>
    <property name="sun.boot.library.path" value="/usr/local/openjdk-8/jre/lib/amd64"/>
    <property name="java.vm.version" value="25.262-b10"/>
    <property name="animal.sniffer.skip" value="true"/>
    <property name="java.vm.vendor" value="Oracle Corporation"/>
    <property name="maven.multiModuleProjectDirectory" value="/tmp/tmpykopg0s2/threeten-extra"/>
    <property name="maven.javadoc.skip" value="true"/>
    <property name="java.vendor.url" value="http://java.oracle.com/"/>
    <property name="path.separator" value=":"/>
    <property name="guice.disable.misplaced.annotation.check" value="true"/>
    <property name="java.vm.name" value="OpenJDK 64-Bit Server VM"/>
    <property name="file.encoding.pkg" value="sun.io"/>
    <property name="sun.java.launcher" value="SUN_STANDARD"/>
    <property name="sun.os.patch.level" value="unknown"/>
    <property name="source.skip" value="true"/>
    <property name="java.vm.specification.name" value="Java Virtual Machine Specification"/>
    <property name="user.dir" value="/tmp/tmpykopg0s2/threeten-extra"/>
    <property name="java.runtime.version" value="1.8.0_262-b10"/>
    <property name="java.awt.graphicsenv" value="sun.awt.X11GraphicsEnvironment"/>
    <property name="java.endorsed.dirs" value="/usr/local/openjdk-8/jre/lib/endorsed"/>
    <property name="os.arch" value="amd64"/>
    <property name="java.io.tmpdir" value="/tmp"/>
    <property name="line.separator" value="&#10;"/>
    <property name="java.vm.specification.vendor" value="Oracle Corporation"/>
    <property name="os.name" value="Linux"/>
    <property name="classworlds.conf" value="/usr/share/maven/bin/m2.conf"/>
    <property name="sun.jnu.encoding" value="UTF-8"/>
    <property name="java.library.path" value="/usr/java/packages/lib/amd64:/usr/lib64:/lib64:/lib:/usr/lib"/>
    <property name="license.skip" value="true"/>
    <property name="maven.conf" value="/usr/share/maven/conf"/>
    <property name="java.specification.name" value="Java Platform API Specification"/>
    <property name="java.class.version" value="52.0"/>
    <property name="sun.management.compiler" value="HotSpot 64-Bit Tiered Compilers"/>
    <property name="maven.test.failure.ignore" value="true"/>
    <property name="os.version" value="4.15.0-109-generic"/>
    <property name="library.jansi.path" value="/usr/share/maven/lib/jansi-native"/>
    <property name="user.home" value="/home/jdbl"/>
    <property name="user.timezone" value="Etc/UTC"/>
    <property name="java.awt.printerjob" value="sun.print.PSPrinterJob"/>
    <property name="java.specification.version" value="1.8"/>
    <property name="file.encoding" value="UTF-8"/>
    <property name="user.name" value="jdbl"/>
    <property name="java.class.path" value="/usr/share/maven/boot/plexus-classworlds-2.6.0.jar"/>
    <property name="java.vm.specification.version" value="1.8"/>
    <property name="sun.arch.data.model" value="64"/>
    <property name="java.home" value="/usr/local/openjdk-8/jre"/>
    <property name="sun.java.command" value="org.codehaus.plexus.classworlds.launcher.Launcher test -e --fail-never -ntp -Dmaven.test.failure.ignore=true -B -Dmaven.javadoc.skip=true -Drat.skip=true -Danimal.sniffer.skip=true -Dmaven.javadoc.skip=true -Dlicense.skip=true -Dsource.skip=true"/>
    <property name="java.specification.vendor" value="Oracle Corporation"/>
    <property name="user.language" value="en"/>
    <property name="awt.toolkit" value="sun.awt.X11.XToolkit"/>
    <property name="java.vm.info" value="mixed mode"/>
    <property name="java.version" value="1.8.0_262"/>
    <property name="java.ext.dirs" value="/usr/local/openjdk-8/jre/lib/ext:/usr/java/packages/lib/ext"/>
    <property name="securerandom.source" value="file:/dev/./urandom"/>
    <property name="sun.boot.class.path" value="/usr/local/openjdk-8/jre/lib/resources.jar:/usr/local/openjdk-8/jre/lib/rt.jar:/usr/local/openjdk-8/jre/lib/sunrsasign.jar:/usr/local/openjdk-8/jre/lib/jsse.jar:/usr/local/openjdk-8/jre/lib/jce.jar:/usr/local/openjdk-8/jre/lib/charsets.jar:/usr/local/openjdk-8/jre/lib/jfr.jar:/usr/local/openjdk-8/jre/classes"/>
    <property name="java.vendor" value="Oracle Corporation"/>
    <property name="rat.skip" value="true"/>
    <property name="maven.home" value="/usr/share/maven"/>
    <property name="file.separator" value="/"/>
    <property name="java.vendor.url.bug" value="http://bugreport.sun.com/bugreport/"/>
    <property name="sun.cpu.endian" value="little"/>
    <property name="sun.io.unicode.encoding" value="UnicodeLittle"/>
    <property name="sun.cpu.isalist" value=""/>
  </properties>
  <testcase name="test_wordBased_pl_predicate" classname="org.threeten.extra.TestAmountFormats" time="0.017"/>
  <testcase name="test_wordBased_pl_formatStandard" classname="org.threeten.extra.TestAmountFormats" time="0"/>
  <testcase name="test_wordBased_ru_formatSeparator[0: 18 часов и 32 минуты, PT18H32M]" classname="org.threeten.extra.TestAmountFormats" time="0.003"/>
  <testcase name="test_wordBased_ru_formatSeparator[1: 1 секунда и 112 миллисекунд, PT1.112S]" classname="org.threeten.extra.TestAmountFormats" time="0.001"/>
  <testcase name="test_wordBased_ru_duration_predicate[0: 1 час, PT1H]" classname="org.threeten.extra.TestAmountFormats" time="0"/>
  <testcase name="test_wordBased_ru_duration_predicate[1: 11 часов, PT11H]" classname="org.threeten.extra.TestAmountFormats" time="0"/>
  <testcase name="test_wordBased_ru_duration_predicate[2: 21 час, PT21H]" classname="org.threeten.extra.TestAmountFormats" time="0"/>
  <testcase name="test_wordBased_ru_duration_predicate[3: 101 час, PT101H]" classname="org.threeten.extra.TestAmountFormats" time="0"/>
  <testcase name="test_wordBased_ru_duration_predicate[4: 111 часов, PT111H]" classname="org.threeten.extra.TestAmountFormats" time="0"/>
  <testcase name="test_wordBased_ru_duration_predicate[5: 121 час, PT121H]" classname="org.threeten.extra.TestAmountFormats" time="0.001"/>
  <testcase name="test_wordBased_ru_duration_predicate[6: 2001 час, PT2001H]" classname="org.threeten.extra.TestAmountFormats" time="0"/>
  <testcase name="test_wordBased_ru_duration_predicate[7: 2 часа, PT2H]" classname="org.threeten.extra.TestAmountFormats" time="0"/>
  <testcase name="test_wordBased_ru_duration_predicate[8: 3 часа, PT3H]" classname="org.threeten.extra.TestAmountFormats" time="0"/>
  <testcase name="test_wordBased_ru_duration_predicate[9: 4 часа, PT4H]" classname="org.threeten.extra.TestAmountFormats" time="0"/>
  <testcase name="test_wordBased_ru_duration_predicate[10: 12 часов, PT12H]" classname="org.threeten.extra.TestAmountFormats" time="0"/>
  <testcase name="test_wordBased_ru_duration_predicate[11: 13 часов, PT13H]" classname="org.threeten.extra.TestAmountFormats" time="0.001"/>
  <testcase name="test_wordBased_ru_duration_predicate[12: 14 часов, PT14H]" classname="org.threeten.extra.TestAmountFormats" time="0"/>
  <testcase name="test_wordBased_ru_duration_predicate[13: 22 часа, PT22H]" classname="org.threeten.extra.TestAmountFormats" time="0"/>
  <testcase name="test_wordBased_ru_duration_predicate[14: 23 часа, PT23H]" classname="org.threeten.extra.TestAmountFormats" time="0"/>
  <testcase name="test_wordBased_ru_duration_predicate[15: 24 часа, PT24H]" classname="org.threeten.extra.TestAmountFormats" time="0"/>
  <testcase name="test_wordBased_ru_duration_predicate[16: 102 часа, PT102H]" classname="org.threeten.extra.TestAmountFormats" time="0"/>
  <testcase name="test_wordBased_ru_duration_predicate[17: 112 часов, PT112H]" classname="org.threeten.extra.TestAmountFormats" time="0"/>
  <testcase name="test_wordBased_ru_duration_predicate[18: 124 часа, PT124H]" classname="org.threeten.extra.TestAmountFormats" time="0"/>
  <testcase name="test_wordBased_ru_duration_predicate[19: 5 часов, PT5H]" classname="org.threeten.extra.TestAmountFormats" time="0"/>
  <testcase name="test_wordBased_ru_duration_predicate[20: 15 часов, PT15H]" classname="org.threeten.extra.TestAmountFormats" time="0"/>
  <testcase name="test_wordBased_ru_duration_predicate[21: 25 часов, PT25H]" classname="org.threeten.extra.TestAmountFormats" time="0"/>
  <testcase name="test_wordBased_ru_duration_predicate[22: 105 часов, PT105H]" classname="org.threeten.extra.TestAmountFormats" time="0"/>
  <testcase name="test_wordBased_ru_duration_predicate[23: 1005 часов, PT1005H]" classname="org.threeten.extra.TestAmountFormats" time="0"/>
  <testcase name="test_wordBased_ru_duration_predicate[24: 1 минута, PT1M]" classname="org.threeten.extra.TestAmountFormats" time="0"/>
  <testcase name="test_wordBased_ru_duration_predicate[25: 11 минут, PT11M]" classname="org.threeten.extra.TestAmountFormats" time="0"/>
  <testcase name="test_wordBased_ru_duration_predicate[26: 21 минута, PT21M]" classname="org.threeten.extra.TestAmountFormats" time="0"/>
  <testcase name="test_wordBased_ru_duration_predicate[27: 2 минуты, PT2M]" classname="org.threeten.extra.TestAmountFormats" time="0"/>
  <testcase name="test_wordBased_ru_duration_predicate[28: 3 минуты, PT3M]" classname="org.threeten.extra.TestAmountFormats" time="0.001"/>
  <testcase name="test_wordBased_ru_duration_predicate[29: 4 минуты, PT4M]" classname="org.threeten.extra.TestAmountFormats" time="0"/>
  <testcase name="test_wordBased_ru_duration_predicate[30: 12 минут, PT12M]" classname="org.threeten.extra.TestAmountFormats" time="0"/>
  <testcase name="test_wordBased_ru_duration_predicate[31: 13 минут, PT13M]" classname="org.threeten.extra.TestAmountFormats" time="0"/>
  <testcase name="test_wordBased_ru_duration_predicate[32: 14 минут, PT14M]" classname="org.threeten.extra.TestAmountFormats" time="0"/>
  <testcase name="test_wordBased_ru_duration_predicate[33: 22 минуты, PT22M]" classname="org.threeten.extra.TestAmountFormats" time="0"/>
  <testcase name="test_wordBased_ru_duration_predicate[34: 23 минуты, PT23M]" classname="org.threeten.extra.TestAmountFormats" time="0"/>
  <testcase name="test_wordBased_ru_duration_predicate[35: 24 минуты, PT24M]" classname="org.threeten.extra.TestAmountFormats" time="0"/>
  <testcase name="test_wordBased_ru_duration_predicate[36: 5 минут, PT5M]" classname="org.threeten.extra.TestAmountFormats" time="0"/>
  <testcase name="test_wordBased_ru_duration_predicate[37: 15 минут, PT15M]" classname="org.threeten.extra.TestAmountFormats" time="0"/>
  <testcase name="test_wordBased_ru_duration_predicate[38: 25 минут, PT25M]" classname="org.threeten.extra.TestAmountFormats" time="0.001"/>
  <testcase name="test_wordBased_ru_duration_predicate[39: 1 секунда, PT1S]" classname="org.threeten.extra.TestAmountFormats" time="0"/>
  <testcase name="test_wordBased_ru_duration_predicate[40: 11 секунд, PT11S]" classname="org.threeten.extra.TestAmountFormats" time="0"/>
  <testcase name="test_wordBased_ru_duration_predicate[41: 21 секунда, PT21S]" classname="org.threeten.extra.TestAmountFormats" time="0"/>
  <testcase name="test_wordBased_ru_duration_predicate[42: 2 секунды, PT2S]" classname="org.threeten.extra.TestAmountFormats" time="0"/>
  <testcase name="test_wordBased_ru_duration_predicate[43: 3 секунды, PT3S]" classname="org.threeten.extra.TestAmountFormats" time="0"/>
  <testcase name="test_wordBased_ru_duration_predicate[44: 4 секунды, PT4S]" classname="org.threeten.extra.TestAmountFormats" time="0"/>
  <testcase name="test_wordBased_ru_duration_predicate[45: 12 секунд, PT12S]" classname="org.threeten.extra.TestAmountFormats" time="0"/>
  <testcase name="test_wordBased_ru_duration_predicate[46: 13 секунд, PT13S]" classname="org.threeten.extra.TestAmountFormats" time="0"/>
  <testcase name="test_wordBased_ru_duration_predicate[47: 14 секунд, PT14S]" classname="org.threeten.extra.TestAmountFormats" time="0"/>
  <testcase name="test_wordBased_ru_duration_predicate[48: 22 секунды, PT22S]" classname="org.threeten.extra.TestAmountFormats" time="0"/>
  <testcase name="test_wordBased_ru_duration_predicate[49: 23 секунды, PT23S]" classname="org.threeten.extra.TestAmountFormats" time="0"/>
  <testcase name="test_wordBased_ru_duration_predicate[50: 24 секунды, PT24S]" classname="org.threeten.extra.TestAmountFormats" time="0"/>
  <testcase name="test_wordBased_ru_duration_predicate[51: 5 секунд, PT5S]" classname="org.threeten.extra.TestAmountFormats" time="0"/>
  <testcase name="test_wordBased_ru_duration_predicate[52: 15 секунд, PT15S]" classname="org.threeten.extra.TestAmountFormats" time="0"/>
  <testcase name="test_wordBased_ru_duration_predicate[53: 25 секунд, PT25S]" classname="org.threeten.extra.TestAmountFormats" time="0"/>
  <testcase name="test_wordBased_ru_duration_predicate[54: 1 миллисекунда, PT0.001S]" classname="org.threeten.extra.TestAmountFormats" time="0"/>
  <testcase name="test_wordBased_ru_duration_predicate[55: 11 миллисекунд, PT0.011S]" classname="org.threeten.extra.TestAmountFormats" time="0"/>
  <testcase name="test_wordBased_ru_duration_predicate[56: 21 миллисекунда, PT0.021S]" classname="org.threeten.extra.TestAmountFormats" time="0"/>
  <testcase name="test_wordBased_ru_duration_predicate[57: 101 миллисекунда, PT0.101S]" classname="org.threeten.extra.TestAmountFormats" time="0"/>
  <testcase name="test_wordBased_ru_duration_predicate[58: 111 миллисекунд, PT0.111S]" classname="org.threeten.extra.TestAmountFormats" time="0"/>
  <testcase name="test_wordBased_ru_duration_predicate[59: 121 миллисекунда, PT0.121S]" classname="org.threeten.extra.TestAmountFormats" time="0"/>
  <testcase name="test_wordBased_ru_duration_predicate[60: 2 миллисекунды, PT0.002S]" classname="org.threeten.extra.TestAmountFormats" time="0"/>
  <testcase name="test_wordBased_ru_duration_predicate[61: 3 миллисекунды, PT0.003S]" classname="org.threeten.extra.TestAmountFormats" time="0"/>
  <testcase name="test_wordBased_ru_duration_predicate[62: 4 миллисекунды, PT0.004S]" classname="org.threeten.extra.TestAmountFormats" time="0"/>
  <testcase name="test_wordBased_ru_duration_predicate[63: 12 миллисекунд, PT0.012S]" classname="org.threeten.extra.TestAmountFormats" time="0"/>
  <testcase name="test_wordBased_ru_duration_predicate[64: 13 миллисекунд, PT0.013S]" classname="org.threeten.extra.TestAmountFormats" time="0"/>
  <testcase name="test_wordBased_ru_duration_predicate[65: 14 миллисекунд, PT0.014S]" classname="org.threeten.extra.TestAmountFormats" time="0"/>
  <testcase name="test_wordBased_ru_duration_predicate[66: 22 миллисекунды, PT0.022S]" classname="org.threeten.extra.TestAmountFormats" time="0.002"/>
  <testcase name="test_wordBased_ru_duration_predicate[67: 23 миллисекунды, PT0.023S]" classname="org.threeten.extra.TestAmountFormats" time="0.001"/>
  <testcase name="test_wordBased_ru_duration_predicate[68: 24 миллисекунды, PT0.024S]" classname="org.threeten.extra.TestAmountFormats" time="0"/>
  <testcase name="test_wordBased_ru_duration_predicate[69: 102 миллисекунды, PT0.102S]" classname="org.threeten.extra.TestAmountFormats" time="0"/>
  <testcase name="test_wordBased_ru_duration_predicate[70: 112 миллисекунд, PT0.112S]" classname="org.threeten.extra.TestAmountFormats" time="0"/>
  <testcase name="test_wordBased_ru_duration_predicate[71: 124 миллисекунды, PT0.124S]" classname="org.threeten.extra.TestAmountFormats" time="0"/>
  <testcase name="test_wordBased_ru_duration_predicate[72: 5 миллисекунд, PT0.005S]" classname="org.threeten.extra.TestAmountFormats" time="0"/>
  <testcase name="test_wordBased_ru_duration_predicate[73: 15 миллисекунд, PT0.015S]" classname="org.threeten.extra.TestAmountFormats" time="0"/>
  <testcase name="test_wordBased_ru_duration_predicate[74: 25 миллисекунд, PT0.025S]" classname="org.threeten.extra.TestAmountFormats" time="0"/>
  <testcase name="test_wordBased_ru_duration_predicate[75: 105 миллисекунд, PT0.105S]" classname="org.threeten.extra.TestAmountFormats" time="0"/>
  <testcase name="test_wordBased_ru_period_predicate[0: 1 год, P1Y]" classname="org.threeten.extra.TestAmountFormats" time="0"/>
  <testcase name="test_wordBased_ru_period_predicate[1: 11 лет, P11Y]" classname="org.threeten.extra.TestAmountFormats" time="0"/>
  <testcase name="test_wordBased_ru_period_predicate[2: 101 год, P101Y]" classname="org.threeten.extra.TestAmountFormats" time="0"/>
  <testcase name="test_wordBased_ru_period_predicate[3: 111 лет, P111Y]" classname="org.threeten.extra.TestAmountFormats" time="0"/>
  <testcase name="test_wordBased_ru_period_predicate[4: 121 год, P121Y]" classname="org.threeten.extra.TestAmountFormats" time="0"/>
  <testcase name="test_wordBased_ru_period_predicate[5: 2001 год, P2001Y]" classname="org.threeten.extra.TestAmountFormats" time="0"/>
  <testcase name="test_wordBased_ru_period_predicate[6: 2 года, P2Y]" classname="org.threeten.extra.TestAmountFormats" time="0"/>
  <testcase name="test_wordBased_ru_period_predicate[7: 3 года, P3Y]" classname="org.threeten.extra.TestAmountFormats" time="0"/>
  <testcase name="test_wordBased_ru_period_predicate[8: 4 года, P4Y]" classname="org.threeten.extra.TestAmountFormats" time="0"/>
  <testcase name="test_wordBased_ru_period_predicate[9: 12 лет, P12Y]" classname="org.threeten.extra.TestAmountFormats" time="0"/>
  <testcase name="test_wordBased_ru_period_predicate[10: 13 лет, P13Y]" classname="org.threeten.extra.TestAmountFormats" time="0"/>
  <testcase name="test_wordBased_ru_period_predicate[11: 14 лет, P14Y]" classname="org.threeten.extra.TestAmountFormats" time="0"/>
  <testcase name="test_wordBased_ru_period_predicate[12: 21 год, P21Y]" classname="org.threeten.extra.TestAmountFormats" time="0"/>
  <testcase name="test_wordBased_ru_period_predicate[13: 22 года, P22Y]" classname="org.threeten.extra.TestAmountFormats" time="0.001"/>
  <testcase name="test_wordBased_ru_period_predicate[14: 23 года, P23Y]" classname="org.threeten.extra.TestAmountFormats" time="0"/>
  <testcase name="test_wordBased_ru_period_predicate[15: 24 года, P24Y]" classname="org.threeten.extra.TestAmountFormats" time="0"/>
  <testcase name="test_wordBased_ru_period_predicate[16: 102 года, P102Y]" classname="org.threeten.extra.TestAmountFormats" time="0"/>
  <testcase name="test_wordBased_ru_period_predicate[17: 105 лет, P105Y]" classname="org.threeten.extra.TestAmountFormats" time="0"/>
  <testcase name="test_wordBased_ru_period_predicate[18: 112 лет, P112Y]" classname="org.threeten.extra.TestAmountFormats" time="0"/>
  <testcase name="test_wordBased_ru_period_predicate[19: 113 лет, P113Y]" classname="org.threeten.extra.TestAmountFormats" time="0"/>
  <testcase name="test_wordBased_ru_period_predicate[20: 124 года, P124Y]" classname="org.threeten.extra.TestAmountFormats" time="0"/>
  <testcase name="test_wordBased_ru_period_predicate[21: 5 лет, P5Y]" classname="org.threeten.extra.TestAmountFormats" time="0"/>
  <testcase name="test_wordBased_ru_period_predicate[22: 15 лет, P15Y]" classname="org.threeten.extra.TestAmountFormats" time="0"/>
  <testcase name="test_wordBased_ru_period_predicate[23: 25 лет, P25Y]" classname="org.threeten.extra.TestAmountFormats" time="0"/>
  <testcase name="test_wordBased_ru_period_predicate[24: 106 лет, P106Y]" classname="org.threeten.extra.TestAmountFormats" time="0.001"/>
  <testcase name="test_wordBased_ru_period_predicate[25: 1005 лет, P1005Y]" classname="org.threeten.extra.TestAmountFormats" time="0"/>
  <testcase name="test_wordBased_ru_period_predicate[26: 31 год, P31Y]" classname="org.threeten.extra.TestAmountFormats" time="0"/>
  <testcase name="test_wordBased_ru_period_predicate[27: 32 года, P32Y]" classname="org.threeten.extra.TestAmountFormats" time="0"/>
  <testcase name="test_wordBased_ru_period_predicate[28: 1 месяц, P1M]" classname="org.threeten.extra.TestAmountFormats" time="0"/>
  <testcase name="test_wordBased_ru_period_predicate[29: 11 месяцев, P11M]" classname="org.threeten.extra.TestAmountFormats" time="0"/>
  <testcase name="test_wordBased_ru_period_predicate[30: 21 месяц, P21M]" classname="org.threeten.extra.TestAmountFormats" time="0"/>
  <testcase name="test_wordBased_ru_period_predicate[31: 101 месяц, P101M]" classname="org.threeten.extra.TestAmountFormats" time="0"/>
  <testcase name="test_wordBased_ru_period_predicate[32: 111 месяцев, P111M]" classname="org.threeten.extra.TestAmountFormats" time="0"/>
  <testcase name="test_wordBased_ru_period_predicate[33: 121 месяц, P121M]" classname="org.threeten.extra.TestAmountFormats" time="0"/>
  <testcase name="test_wordBased_ru_period_predicate[34: 2001 месяц, P2001M]" classname="org.threeten.extra.TestAmountFormats" time="0"/>
  <testcase name="test_wordBased_ru_period_predicate[35: 2 месяца, P2M]" classname="org.threeten.extra.TestAmountFormats" time="0"/>
  <testcase name="test_wordBased_ru_period_predicate[36: 3 месяца, P3M]" classname="org.threeten.extra.TestAmountFormats" time="0"/>
  <testcase name="test_wordBased_ru_period_predicate[37: 4 месяца, P4M]" classname="org.threeten.extra.TestAmountFormats" time="0"/>
  <testcase name="test_wordBased_ru_period_predicate[38: 12 месяцев, P12M]" classname="org.threeten.extra.TestAmountFormats" time="0.001"/>
  <testcase name="test_wordBased_ru_period_predicate[39: 13 месяцев, P13M]" classname="org.threeten.extra.TestAmountFormats" time="0"/>
  <testcase name="test_wordBased_ru_period_predicate[40: 14 месяцев, P14M]" classname="org.threeten.extra.TestAmountFormats" time="0"/>
  <testcase name="test_wordBased_ru_period_predicate[41: 22 месяца, P22M]" classname="org.threeten.extra.TestAmountFormats" time="0"/>
  <testcase name="test_wordBased_ru_period_predicate[42: 23 месяца, P23M]" classname="org.threeten.extra.TestAmountFormats" time="0"/>
  <testcase name="test_wordBased_ru_period_predicate[43: 24 месяца, P24M]" classname="org.threeten.extra.TestAmountFormats" time="0"/>
  <testcase name="test_wordBased_ru_period_predicate[44: 102 месяца, P102M]" classname="org.threeten.extra.TestAmountFormats" time="0"/>
  <testcase name="test_wordBased_ru_period_predicate[45: 112 месяцев, P112M]" classname="org.threeten.extra.TestAmountFormats" time="0"/>
  <testcase name="test_wordBased_ru_period_predicate[46: 124 месяца, P124M]" classname="org.threeten.extra.TestAmountFormats" time="0"/>
  <testcase name="test_wordBased_ru_period_predicate[47: 5 месяцев, P5M]" classname="org.threeten.extra.TestAmountFormats" time="0"/>
  <testcase name="test_wordBased_ru_period_predicate[48: 15 месяцев, P15M]" classname="org.threeten.extra.TestAmountFormats" time="0"/>
  <testcase name="test_wordBased_ru_period_predicate[49: 25 месяцев, P25M]" classname="org.threeten.extra.TestAmountFormats" time="0"/>
  <testcase name="test_wordBased_ru_period_predicate[50: 105 месяцев, P105M]" classname="org.threeten.extra.TestAmountFormats" time="0"/>
  <testcase name="test_wordBased_ru_period_predicate[51: 1005 месяцев, P1005M]" classname="org.threeten.extra.TestAmountFormats" time="0"/>
  <testcase name="test_wordBased_ru_period_predicate[52: 1 неделя, P7D]" classname="org.threeten.extra.TestAmountFormats" time="0"/>
  <testcase name="test_wordBased_ru_period_predicate[53: 11 недель, P77D]" classname="org.threeten.extra.TestAmountFormats" time="0"/>
  <testcase name="test_wordBased_ru_period_predicate[54: 21 неделя, P147D]" classname="org.threeten.extra.TestAmountFormats" time="0"/>
  <testcase name="test_wordBased_ru_period_predicate[55: 101 неделя, P707D]" classname="org.threeten.extra.TestAmountFormats" time="0"/>
  <testcase name="test_wordBased_ru_period_predicate[56: 111 недель, P777D]" classname="org.threeten.extra.TestAmountFormats" time="0"/>
  <testcase name="test_wordBased_ru_period_predicate[57: 121 неделя, P847D]" classname="org.threeten.extra.TestAmountFormats" time="0"/>
  <testcase name="test_wordBased_ru_period_predicate[58: 2001 неделя, P14007D]" classname="org.threeten.extra.TestAmountFormats" time="0"/>
  <testcase name="test_wordBased_ru_period_predicate[59: 2 недели, P14D]" classname="org.threeten.extra.TestAmountFormats" time="0"/>
  <testcase name="test_wordBased_ru_period_predicate[60: 3 недели, P21D]" classname="org.threeten.extra.TestAmountFormats" time="0"/>
  <testcase name="test_wordBased_ru_period_predicate[61: 4 недели, P28D]" classname="org.threeten.extra.TestAmountFormats" time="0"/>
  <testcase name="test_wordBased_ru_period_predicate[62: 12 недель, P84D]" classname="org.threeten.extra.TestAmountFormats" time="0"/>
  <testcase name="test_wordBased_ru_period_predicate[63: 13 недель, P91D]" classname="org.threeten.extra.TestAmountFormats" time="0"/>
  <testcase name="test_wordBased_ru_period_predicate[64: 14 недель, P98D]" classname="org.threeten.extra.TestAmountFormats" time="0"/>
  <testcase name="test_wordBased_ru_period_predicate[65: 22 недели, P154D]" classname="org.threeten.extra.TestAmountFormats" time="0"/>
  <testcase name="test_wordBased_ru_period_predicate[66: 23 недели, P161D]" classname="org.threeten.extra.TestAmountFormats" time="0"/>
  <testcase name="test_wordBased_ru_period_predicate[67: 24 недели, P168D]" classname="org.threeten.extra.TestAmountFormats" time="0"/>
  <testcase name="test_wordBased_ru_period_predicate[68: 102 недели, P714D]" classname="org.threeten.extra.TestAmountFormats" time="0"/>
  <testcase name="test_wordBased_ru_period_predicate[69: 112 недель, P784D]" classname="org.threeten.extra.TestAmountFormats" time="0"/>
  <testcase name="test_wordBased_ru_period_predicate[70: 124 недели, P868D]" classname="org.threeten.extra.TestAmountFormats" time="0"/>
  <testcase name="test_wordBased_ru_period_predicate[71: 5 недель, P35D]" classname="org.threeten.extra.TestAmountFormats" time="0"/>
  <testcase name="test_wordBased_ru_period_predicate[72: 15 недель, P105D]" classname="org.threeten.extra.TestAmountFormats" time="0"/>
  <testcase name="test_wordBased_ru_period_predicate[73: 25 недель, P175D]" classname="org.threeten.extra.TestAmountFormats" time="0"/>
  <testcase name="test_wordBased_ru_period_predicate[74: 105 недель, P735D]" classname="org.threeten.extra.TestAmountFormats" time="0"/>
  <testcase name="test_wordBased_ru_period_predicate[75: 1005 недель, P7035D]" classname="org.threeten.extra.TestAmountFormats" time="0.001"/>
  <testcase name="test_wordBased_ru_period_predicate[76: 1 день, P1D]" classname="org.threeten.extra.TestAmountFormats" time="0"/>
  <testcase name="test_wordBased_ru_period_predicate[77: 11 дней, P11D]" classname="org.threeten.extra.TestAmountFormats" time="0"/>
  <testcase name="test_wordBased_ru_period_predicate[78: 101 день, P101D]" classname="org.threeten.extra.TestAmountFormats" time="0"/>
  <testcase name="test_wordBased_ru_period_predicate[79: 111 дней, P111D]" classname="org.threeten.extra.TestAmountFormats" time="0"/>
  <testcase name="test_wordBased_ru_period_predicate[80: 121 день, P121D]" classname="org.threeten.extra.TestAmountFormats" time="0"/>
  <testcase name="test_wordBased_ru_period_predicate[81: 31 день, P31D]" classname="org.threeten.extra.TestAmountFormats" time="0"/>
  <testcase name="test_wordBased_ru_period_predicate[82: 2001 день, P2001D]" classname="org.threeten.extra.TestAmountFormats" time="0"/>
  <testcase name="test_wordBased_ru_period_predicate[83: 2 дня, P2D]" classname="org.threeten.extra.TestAmountFormats" time="0"/>
  <testcase name="test_wordBased_ru_period_predicate[84: 3 дня, P3D]" classname="org.threeten.extra.TestAmountFormats" time="0"/>
  <testcase name="test_wordBased_ru_period_predicate[85: 4 дня, P4D]" classname="org.threeten.extra.TestAmountFormats" time="0"/>
  <testcase name="test_wordBased_ru_period_predicate[86: 12 дней, P12D]" classname="org.threeten.extra.TestAmountFormats" time="0"/>
  <testcase name="test_wordBased_ru_period_predicate[87: 13 дней, P13D]" classname="org.threeten.extra.TestAmountFormats" time="0"/>
  <testcase name="test_wordBased_ru_period_predicate[88: 22 дня, P22D]" classname="org.threeten.extra.TestAmountFormats" time="0"/>
  <testcase name="test_wordBased_ru_period_predicate[89: 23 дня, P23D]" classname="org.threeten.extra.TestAmountFormats" time="0.001"/>
  <testcase name="test_wordBased_ru_period_predicate[90: 24 дня, P24D]" classname="org.threeten.extra.TestAmountFormats" time="0"/>
  <testcase name="test_wordBased_ru_period_predicate[91: 102 дня, P102D]" classname="org.threeten.extra.TestAmountFormats" time="0"/>
  <testcase name="test_wordBased_ru_period_predicate[92: 113 дней, P113D]" classname="org.threeten.extra.TestAmountFormats" time="0"/>
  <testcase name="test_wordBased_ru_period_predicate[93: 124 дня, P124D]" classname="org.threeten.extra.TestAmountFormats" time="0"/>
  <testcase name="test_wordBased_ru_period_predicate[94: 5 дней, P5D]" classname="org.threeten.extra.TestAmountFormats" time="0"/>
  <testcase name="test_wordBased_ru_period_predicate[95: 15 дней, P15D]" classname="org.threeten.extra.TestAmountFormats" time="0"/>
  <testcase name="test_wordBased_ru_period_predicate[96: 25 дней, P25D]" classname="org.threeten.extra.TestAmountFormats" time="0"/>
  <testcase name="test_wordBased_ru_period_predicate[97: 106 дней, P106D]" classname="org.threeten.extra.TestAmountFormats" time="0"/>
  <testcase name="test_wordBased_ru_period_predicate[98: 1005 дней, P1005D]" classname="org.threeten.extra.TestAmountFormats" time="0"/>
  <testcase name="test_wordBased_ru_formatStandard" classname="org.threeten.extra.TestAmountFormats" time="0"/>
  <testcase name="test_iso8601" classname="org.threeten.extra.TestAmountFormats" time="0"/>
  <testcase name="test_wordBased[0: PT3H2M, en, 3 hours and 2 minutes]" classname="org.threeten.extra.TestAmountFormats" time="0.001"/>
  <testcase name="test_wordBased[1: PT-1H-40M, en, -1 hour and -40 minutes]" classname="org.threeten.extra.TestAmountFormats" time="0"/>
  <testcase name="test_wordBased[2: PT3M, en, 3 minutes]" classname="org.threeten.extra.TestAmountFormats" time="0"/>
  <testcase name="test_wordBased[3: PT1M40S, en, 1 minute and 40 seconds]" classname="org.threeten.extra.TestAmountFormats" time="0"/>
  <testcase name="test_wordBased[4: PT-2M-20S, en, -2 minutes and -20 seconds]" classname="org.threeten.extra.TestAmountFormats" time="0"/>
  <testcase name="test_wordBased[5: PT-1M-30S, en, -1 minute and -30 seconds]" classname="org.threeten.extra.TestAmountFormats" time="0"/>
  <testcase name="test_wordBased[6: PT-40S, en, -40 seconds]" classname="org.threeten.extra.TestAmountFormats" time="0"/>
  <testcase name="test_wordBased[7: PT1S, en, 1 second]" classname="org.threeten.extra.TestAmountFormats" time="0"/>
  <testcase name="test_wordBased[8: PT3S, en, 3 seconds]" classname="org.threeten.extra.TestAmountFormats" time="0"/>
  <testcase name="test_wordBased[9: PT0.001S, en, 1 millisecond]" classname="org.threeten.extra.TestAmountFormats" time="0"/>
  <testcase name="test_wordBased[10: PT1.002S, en, 1 second and 2 milliseconds]" classname="org.threeten.extra.TestAmountFormats" time="0"/>
  <testcase name="test_wordBased[11: PT1H1M, ro, 1 oră și 1 minut]" classname="org.threeten.extra.TestAmountFormats" time="0"/>
  <testcase name="test_wordBased[12: PT3H2M, ro, 3 ore și 2 minute]" classname="org.threeten.extra.TestAmountFormats" time="0"/>
  <testcase name="test_wordBased[13: PT-1H-40M, ro, -1 oră și -40 minute]" classname="org.threeten.extra.TestAmountFormats" time="0"/>
  <testcase name="test_wordBased[14: PT-1M-30S, ro, -1 minut și -30 secunde]" classname="org.threeten.extra.TestAmountFormats" time="0"/>
  <testcase name="test_wordBased[15: PT0.001S, ro, 1 milisecundă]" classname="org.threeten.extra.TestAmountFormats" time="0.001"/>
  <testcase name="test_wordBased[16: PT1.002S, ro, 1 secundă și 2 milisecunde]" classname="org.threeten.extra.TestAmountFormats" time="0"/>
  <testcase name="test_wordBased[17: PT5H6M7.008S, pl, 5 godzin, 6 minut, 7 sekund i 8 milisekund]" classname="org.threeten.extra.TestAmountFormats" time="0"/>
  <testcase name="test_wordBased[18: PT1H1M, fa, 1 ساعت و 1 دقیقه]" classname="org.threeten.extra.TestAmountFormats" time="0"/>
  <testcase name="test_wordBased[0: P1D, PT3H2M, , 1 day, 3 hours and 2 minutes]" classname="org.threeten.extra.TestAmountFormats" time="0"/>
  <testcase name="test_wordBased[1: P2D, PT3M, , 2 days and 3 minutes]" classname="org.threeten.extra.TestAmountFormats" time="0"/>
  <testcase name="test_wordBased[2: P7D, PT1H20M, , 1 week, 1 hour and 20 minutes]" classname="org.threeten.extra.TestAmountFormats" time="0"/>
  <testcase name="test_wordBased[3: P0D, PT1S, , 1 second]" classname="org.threeten.extra.TestAmountFormats" time="0"/>
  <testcase name="test_wordBased[4: P0D, PT0S, en, 0 milliseconds]" classname="org.threeten.extra.TestAmountFormats" time="0"/>
  <testcase name="test_wordBased[5: P0D, PT9H, en, 9 hours]" classname="org.threeten.extra.TestAmountFormats" time="0"/>
  <testcase name="test_wordBased[6: P1M, PT0S, en, 1 month]" classname="org.threeten.extra.TestAmountFormats" time="0"/>
  <testcase name="test_wordBased[7: P4M, PT0S, en, 4 months]" classname="org.threeten.extra.TestAmountFormats" time="0"/>
  <testcase name="test_wordBased[8: P1Y2M5D, PT4H, en, 1 year, 2 months, 5 days and 4 hours]" classname="org.threeten.extra.TestAmountFormats" time="0"/>
  <testcase name="test_wordBased[9: P5D, PT54H, en, 7 days and 6 hours]" classname="org.threeten.extra.TestAmountFormats" time="0"/>
  <testcase name="test_wordBased[10: P5D, PT-54H, en, 3 days and -6 hours]" classname="org.threeten.extra.TestAmountFormats" time="0"/>
  <testcase name="test_wordBased[11: P1D, PT5H6M7.008S, pl, 1 dzień, 5 godzin, 6 minut, 7 sekund i 8 milisekund]" classname="org.threeten.extra.TestAmountFormats" time="0"/>
  <testcase name="test_wordBased[0: P0D, , 0 days]" classname="org.threeten.extra.TestAmountFormats" time="0"/>
  <testcase name="test_wordBased[1: P1Y, , 1 year]" classname="org.threeten.extra.TestAmountFormats" time="0"/>
  <testcase name="test_wordBased[2: P2Y, , 2 years]" classname="org.threeten.extra.TestAmountFormats" time="0"/>
  <testcase name="test_wordBased[3: P12Y, , 12 years]" classname="org.threeten.extra.TestAmountFormats" time="0.001"/>
  <testcase name="test_wordBased[4: P-1Y, , -1 year]" classname="org.threeten.extra.TestAmountFormats" time="0"/>
  <testcase name="test_wordBased[5: P0D, en, 0 days]" classname="org.threeten.extra.TestAmountFormats" time="0"/>
  <testcase name="test_wordBased[6: P7D, en, 1 week]" classname="org.threeten.extra.TestAmountFormats" time="0"/>
  <testcase name="test_wordBased[7: P28D, en, 4 weeks]" classname="org.threeten.extra.TestAmountFormats" time="0"/>
  <testcase name="test_wordBased[8: P0D, en, 0 days]" classname="org.threeten.extra.TestAmountFormats" time="0"/>
  <testcase name="test_wordBased[9: P1M, en, 1 month]" classname="org.threeten.extra.TestAmountFormats" time="0"/>
  <testcase name="test_wordBased[10: P4M, en, 4 months]" classname="org.threeten.extra.TestAmountFormats" time="0"/>
  <testcase name="test_wordBased[11: P14M, en, 14 months]" classname="org.threeten.extra.TestAmountFormats" time="0"/>
  <testcase name="test_wordBased[12: P1Y2M, en, 1 year and 2 months]" classname="org.threeten.extra.TestAmountFormats" time="0"/>
  <testcase name="test_wordBased[13: P1Y2M, en, 1 year and 2 months]" classname="org.threeten.extra.TestAmountFormats" time="0"/>
  <testcase name="test_wordBased[14: P1D, en, 1 day]" classname="org.threeten.extra.TestAmountFormats" time="0"/>
  <testcase name="test_wordBased[15: P2D, en, 2 days]" classname="org.threeten.extra.TestAmountFormats" time="0"/>
  <testcase name="test_wordBased[16: P5D, en, 5 days]" classname="org.threeten.extra.TestAmountFormats" time="0"/>
  <testcase name="test_wordBased[17: P7D, en, 1 week]" classname="org.threeten.extra.TestAmountFormats" time="0"/>
  <testcase name="test_wordBased[18: P-1D, en, -1 day]" classname="org.threeten.extra.TestAmountFormats" time="0"/>
  <testcase name="test_wordBased[19: P1D, ro, 1 zi]" classname="org.threeten.extra.TestAmountFormats" time="0"/>
  <testcase name="test_wordBased[20: P2D, ro, 2 zile]" classname="org.threeten.extra.TestAmountFormats" time="0"/>
  <testcase name="test_wordBased[21: P5D, ro, 5 zile]" classname="org.threeten.extra.TestAmountFormats" time="0"/>
  <testcase name="test_wordBased[22: P7D, ro, 1 săptămână]" classname="org.threeten.extra.TestAmountFormats" time="0"/>
  <testcase name="test_wordBased[23: P21D, ro, 3 săptămâni]" classname="org.threeten.extra.TestAmountFormats" time="0"/>
  <testcase name="test_wordBased[24: P1Y2M, ro, 1 an și 2 luni]" classname="org.threeten.extra.TestAmountFormats" time="0"/>
  <testcase name="test_wordBased[25: P1M, ro, 1 lună]" classname="org.threeten.extra.TestAmountFormats" time="0"/>
  <testcase name="test_wordBased[26: P2Y, ro, 2 ani]" classname="org.threeten.extra.TestAmountFormats" time="0"/>
</testsuite>