<?xml version="1.0" encoding="UTF-8"?>
<testsuite xmlns:xsi="http://www.w3.org/2001/XMLSchema-instance" xsi:schemaLocation="https://maven.apache.org/surefire/maven-surefire-plugin/xsd/surefire-test-report.xsd" name="org.threeten.extra.chrono.TestEthiopicChronology" time="0.034" tests="440" errors="0" skipped="0" failures="0">
  <properties>
    <property name="java.runtime.name" value="OpenJDK Runtime Environment"/>
    <property name="sun.boot.library.path" value="/usr/local/openjdk-8/jre/lib/amd64"/>
    <property name="java.vm.version" value="25.262-b10"/>
    <property name="animal.sniffer.skip" value="true"/>
    <property name="java.vm.vendor" value="Oracle Corporation"/>
    <property name="maven.multiModuleProjectDirectory" value="/tmp/tmpykopg0s2/threeten-extra"/>
    <property name="maven.javadoc.skip" value="true"/>
    <property name="java.vendor.url" value="http://java.oracle.com/"/>
    <property name="path.separator" value=":"/>
    <property name="guice.disable.misplaced.annotation.check" value="true"/>
    <property name="java.vm.name" value="OpenJDK 64-Bit Server VM"/>
    <property name="file.encoding.pkg" value="sun.io"/>
    <property name="sun.java.launcher" value="SUN_STANDARD"/>
    <property name="sun.os.patch.level" value="unknown"/>
    <property name="source.skip" value="true"/>
    <property name="java.vm.specification.name" value="Java Virtual Machine Specification"/>
    <property name="user.dir" value="/tmp/tmpykopg0s2/threeten-extra"/>
    <property name="java.runtime.version" value="1.8.0_262-b10"/>
    <property name="java.awt.graphicsenv" value="sun.awt.X11GraphicsEnvironment"/>
    <property name="java.endorsed.dirs" value="/usr/local/openjdk-8/jre/lib/endorsed"/>
    <property name="os.arch" value="amd64"/>
    <property name="java.io.tmpdir" value="/tmp"/>
    <property name="line.separator" value="&#10;"/>
    <property name="java.vm.specification.vendor" value="Oracle Corporation"/>
    <property name="os.name" value="Linux"/>
    <property name="classworlds.conf" value="/usr/share/maven/bin/m2.conf"/>
    <property name="sun.jnu.encoding" value="UTF-8"/>
    <property name="java.library.path" value="/usr/java/packages/lib/amd64:/usr/lib64:/lib64:/lib:/usr/lib"/>
    <property name="license.skip" value="true"/>
    <property name="maven.conf" value="/usr/share/maven/conf"/>
    <property name="java.specification.name" value="Java Platform API Specification"/>
    <property name="java.class.version" value="52.0"/>
    <property name="sun.management.compiler" value="HotSpot 64-Bit Tiered Compilers"/>
    <property name="maven.test.failure.ignore" value="true"/>
    <property name="os.version" value="4.15.0-109-generic"/>
    <property name="library.jansi.path" value="/usr/share/maven/lib/jansi-native"/>
    <property name="user.home" value="/home/jdbl"/>
    <property name="user.timezone" value="Etc/UTC"/>
    <property name="java.awt.printerjob" value="sun.print.PSPrinterJob"/>
    <property name="java.specification.version" value="1.8"/>
    <property name="file.encoding" value="UTF-8"/>
    <property name="user.name" value="jdbl"/>
    <property name="java.class.path" value="/usr/share/maven/boot/plexus-classworlds-2.6.0.jar"/>
    <property name="java.vm.specification.version" value="1.8"/>
    <property name="sun.arch.data.model" value="64"/>
    <property name="java.home" value="/usr/local/openjdk-8/jre"/>
    <property name="sun.java.command" value="org.codehaus.plexus.classworlds.launcher.Launcher test -e --fail-never -ntp -Dmaven.test.failure.ignore=true -B -Dmaven.javadoc.skip=true -Drat.skip=true -Danimal.sniffer.skip=true -Dmaven.javadoc.skip=true -Dlicense.skip=true -Dsource.skip=true"/>
    <property name="java.specification.vendor" value="Oracle Corporation"/>
    <property name="user.language" value="en"/>
    <property name="awt.toolkit" value="sun.awt.X11.XToolkit"/>
    <property name="java.vm.info" value="mixed mode"/>
    <property name="java.version" value="1.8.0_262"/>
    <property name="java.ext.dirs" value="/usr/local/openjdk-8/jre/lib/ext:/usr/java/packages/lib/ext"/>
    <property name="securerandom.source" value="file:/dev/./urandom"/>
    <property name="sun.boot.class.path" value="/usr/local/openjdk-8/jre/lib/resources.jar:/usr/local/openjdk-8/jre/lib/rt.jar:/usr/local/openjdk-8/jre/lib/sunrsasign.jar:/usr/local/openjdk-8/jre/lib/jsse.jar:/usr/local/openjdk-8/jre/lib/jce.jar:/usr/local/openjdk-8/jre/lib/charsets.jar:/usr/local/openjdk-8/jre/lib/jfr.jar:/usr/local/openjdk-8/jre/classes"/>
    <property name="java.vendor" value="Oracle Corporation"/>
    <property name="rat.skip" value="true"/>
    <property name="maven.home" value="/usr/share/maven"/>
    <property name="file.separator" value="/"/>
    <property name="java.vendor.url.bug" value="http://bugreport.sun.com/bugreport/"/>
    <property name="sun.cpu.endian" value="little"/>
    <property name="sun.io.unicode.encoding" value="UnicodeLittle"/>
    <property name="sun.cpu.isalist" value=""/>
  </properties>
  <testcase name="test_with_TemporalField[0: 2007, 6, 8, DayOfWeek, 3, 2007, 6, 4]" classname="org.threeten.extra.chrono.TestEthiopicChronology" time="0.001"/>
  <testcase name="test_with_TemporalField[1: 2007, 6, 8, DayOfWeek, 7, 2007, 6, 8]" classname="org.threeten.extra.chrono.TestEthiopicChronology" time="0"/>
  <testcase name="test_with_TemporalField[2: 2007, 6, 8, DayOfMonth, 30, 2007, 6, 30]" classname="org.threeten.extra.chrono.TestEthiopicChronology" time="0"/>
  <testcase name="test_with_TemporalField[3: 2007, 6, 8, DayOfMonth, 8, 2007, 6, 8]" classname="org.threeten.extra.chrono.TestEthiopicChronology" time="0"/>
  <testcase name="test_with_TemporalField[4: 2007, 6, 8, DayOfYear, 365, 2007, 13, 5]" classname="org.threeten.extra.chrono.TestEthiopicChronology" time="0"/>
  <testcase name="test_with_TemporalField[5: 2007, 6, 8, DayOfYear, 366, 2007, 13, 6]" classname="org.threeten.extra.chrono.TestEthiopicChronology" time="0"/>
  <testcase name="test_with_TemporalField[6: 2007, 6, 8, DayOfYear, 158, 2007, 6, 8]" classname="org.threeten.extra.chrono.TestEthiopicChronology" time="0"/>
  <testcase name="test_with_TemporalField[7: 2007, 6, 8, AlignedDayOfWeekInMonth, 3, 2007, 6, 10]" classname="org.threeten.extra.chrono.TestEthiopicChronology" time="0"/>
  <testcase name="test_with_TemporalField[8: 2007, 6, 8, AlignedDayOfWeekInMonth, 1, 2007, 6, 8]" classname="org.threeten.extra.chrono.TestEthiopicChronology" time="0"/>
  <testcase name="test_with_TemporalField[9: 2007, 6, 8, AlignedWeekOfMonth, 1, 2007, 6, 1]" classname="org.threeten.extra.chrono.TestEthiopicChronology" time="0.001"/>
  <testcase name="test_with_TemporalField[10: 2007, 6, 8, AlignedWeekOfMonth, 2, 2007, 6, 8]" classname="org.threeten.extra.chrono.TestEthiopicChronology" time="0"/>
  <testcase name="test_with_TemporalField[11: 2007, 6, 8, AlignedDayOfWeekInYear, 2, 2007, 6, 6]" classname="org.threeten.extra.chrono.TestEthiopicChronology" time="0"/>
  <testcase name="test_with_TemporalField[12: 2007, 6, 8, AlignedDayOfWeekInYear, 4, 2007, 6, 8]" classname="org.threeten.extra.chrono.TestEthiopicChronology" time="0"/>
  <testcase name="test_with_TemporalField[13: 2007, 6, 8, AlignedWeekOfYear, 22, 2007, 6, 1]" classname="org.threeten.extra.chrono.TestEthiopicChronology" time="0"/>
  <testcase name="test_with_TemporalField[14: 2007, 6, 8, AlignedWeekOfYear, 23, 2007, 6, 8]" classname="org.threeten.extra.chrono.TestEthiopicChronology" time="0"/>
  <testcase name="test_with_TemporalField[15: 2007, 6, 8, MonthOfYear, 7, 2007, 7, 8]" classname="org.threeten.extra.chrono.TestEthiopicChronology" time="0.001"/>
  <testcase name="test_with_TemporalField[16: 2007, 6, 8, MonthOfYear, 6, 2007, 6, 8]" classname="org.threeten.extra.chrono.TestEthiopicChronology" time="0"/>
  <testcase name="test_with_TemporalField[17: 2007, 6, 8, ProlepticMonth, 26119, 2009, 3, 8]" classname="org.threeten.extra.chrono.TestEthiopicChronology" time="0"/>
  <testcase name="test_with_TemporalField[18: 2007, 6, 8, ProlepticMonth, 26096, 2007, 6, 8]" classname="org.threeten.extra.chrono.TestEthiopicChronology" time="0"/>
  <testcase name="test_with_TemporalField[19: 2007, 6, 8, Year, 2012, 2012, 6, 8]" classname="org.threeten.extra.chrono.TestEthiopicChronology" time="0"/>
  <testcase name="test_with_TemporalField[20: 2007, 6, 8, Year, 2007, 2007, 6, 8]" classname="org.threeten.extra.chrono.TestEthiopicChronology" time="0"/>
  <testcase name="test_with_TemporalField[21: 2007, 6, 8, YearOfEra, 2012, 2012, 6, 8]" classname="org.threeten.extra.chrono.TestEthiopicChronology" time="0"/>
  <testcase name="test_with_TemporalField[22: 2007, 6, 8, YearOfEra, 2007, 2007, 6, 8]" classname="org.threeten.extra.chrono.TestEthiopicChronology" time="0"/>
  <testcase name="test_with_TemporalField[23: 2007, 6, 8, Era, 0, -2006, 6, 8]" classname="org.threeten.extra.chrono.TestEthiopicChronology" time="0"/>
  <testcase name="test_with_TemporalField[24: 2007, 6, 8, Era, 1, 2007, 6, 8]" classname="org.threeten.extra.chrono.TestEthiopicChronology" time="0"/>
  <testcase name="test_with_TemporalField[25: 2006, 6, 8, DayOfYear, 366, 2006, 13, 5]" classname="org.threeten.extra.chrono.TestEthiopicChronology" time="0"/>
  <testcase name="test_with_TemporalField[26: 2006, 3, 30, MonthOfYear, 13, 2006, 13, 5]" classname="org.threeten.extra.chrono.TestEthiopicChronology" time="0"/>
  <testcase name="test_with_TemporalField[27: 2007, 3, 30, MonthOfYear, 13, 2007, 13, 6]" classname="org.threeten.extra.chrono.TestEthiopicChronology" time="0"/>
  <testcase name="test_with_TemporalField[28: 2007, 13, 6, DayOfMonth, 30, 2007, 13, 6]" classname="org.threeten.extra.chrono.TestEthiopicChronology" time="0"/>
  <testcase name="test_with_TemporalField[29: 2007, 13, 6, Year, 2006, 2006, 13, 5]" classname="org.threeten.extra.chrono.TestEthiopicChronology" time="0"/>
  <testcase name="test_with_TemporalField[30: -2005, 6, 8, YearOfEra, 2004, -2003, 6, 8]" classname="org.threeten.extra.chrono.TestEthiopicChronology" time="0"/>
  <testcase name="test_with_TemporalField[31: 2007, 6, 8, DayOfWeek[WeekFields[MONDAY,4]], 4, 2007, 6, 5]" classname="org.threeten.extra.chrono.TestEthiopicChronology" time="0"/>
  <testcase name="test_plus_Period_ISO" classname="org.threeten.extra.chrono.TestEthiopicChronology" time="0"/>
  <testcase name="test_EthiopicDate_chronology_dateEpochDay[0: Ethiopic BEFORE_INCARNATION 2-13-06, 0007-08-27]" classname="org.threeten.extra.chrono.TestEthiopicChronology" time="0"/>
  <testcase name="test_EthiopicDate_chronology_dateEpochDay[1: Ethiopic BEFORE_INCARNATION 1-01-01, 0007-08-28]" classname="org.threeten.extra.chrono.TestEthiopicChronology" time="0"/>
  <testcase name="test_EthiopicDate_chronology_dateEpochDay[2: Ethiopic BEFORE_INCARNATION 1-01-30, 0007-09-26]" classname="org.threeten.extra.chrono.TestEthiopicChronology" time="0"/>
  <testcase name="test_EthiopicDate_chronology_dateEpochDay[3: Ethiopic BEFORE_INCARNATION 1-12-30, 0008-08-21]" classname="org.threeten.extra.chrono.TestEthiopicChronology" time="0"/>
  <testcase name="test_EthiopicDate_chronology_dateEpochDay[4: Ethiopic BEFORE_INCARNATION 1-13-01, 0008-08-22]" classname="org.threeten.extra.chrono.TestEthiopicChronology" time="0"/>
  <testcase name="test_EthiopicDate_chronology_dateEpochDay[5: Ethiopic BEFORE_INCARNATION 1-13-04, 0008-08-25]" classname="org.threeten.extra.chrono.TestEthiopicChronology" time="0"/>
  <testcase name="test_EthiopicDate_chronology_dateEpochDay[6: Ethiopic BEFORE_INCARNATION 1-13-05, 0008-08-26]" classname="org.threeten.extra.chrono.TestEthiopicChronology" time="0"/>
  <testcase name="test_EthiopicDate_chronology_dateEpochDay[7: Ethiopic INCARNATION 1-01-01, 0008-08-27]" classname="org.threeten.extra.chrono.TestEthiopicChronology" time="0"/>
  <testcase name="test_EthiopicDate_chronology_dateEpochDay[8: Ethiopic INCARNATION 1-01-02, 0008-08-28]" classname="org.threeten.extra.chrono.TestEthiopicChronology" time="0"/>
  <testcase name="test_EthiopicDate_chronology_dateEpochDay[9: Ethiopic INCARNATION 1-01-03, 0008-08-29]" classname="org.threeten.extra.chrono.TestEthiopicChronology" time="0"/>
  <testcase name="test_EthiopicDate_chronology_dateEpochDay[10: Ethiopic INCARNATION 2-01-01, 0009-08-27]" classname="org.threeten.extra.chrono.TestEthiopicChronology" time="0"/>
  <testcase name="test_EthiopicDate_chronology_dateEpochDay[11: Ethiopic INCARNATION 3-01-01, 0010-08-27]" classname="org.threeten.extra.chrono.TestEthiopicChronology" time="0"/>
  <testcase name="test_EthiopicDate_chronology_dateEpochDay[12: Ethiopic INCARNATION 3-13-06, 0011-08-27]" classname="org.threeten.extra.chrono.TestEthiopicChronology" time="0"/>
  <testcase name="test_EthiopicDate_chronology_dateEpochDay[13: Ethiopic INCARNATION 4-01-01, 0011-08-28]" classname="org.threeten.extra.chrono.TestEthiopicChronology" time="0"/>
  <testcase name="test_EthiopicDate_chronology_dateEpochDay[14: Ethiopic INCARNATION 4-07-05, 0012-02-28]" classname="org.threeten.extra.chrono.TestEthiopicChronology" time="0"/>
  <testcase name="test_EthiopicDate_chronology_dateEpochDay[15: Ethiopic INCARNATION 4-07-06, 0012-02-29]" classname="org.threeten.extra.chrono.TestEthiopicChronology" time="0"/>
  <testcase name="test_EthiopicDate_chronology_dateEpochDay[16: Ethiopic INCARNATION 5-01-01, 0012-08-27]" classname="org.threeten.extra.chrono.TestEthiopicChronology" time="0"/>
  <testcase name="test_EthiopicDate_chronology_dateEpochDay[17: Ethiopic INCARNATION 1938-03-03, 1945-11-12]" classname="org.threeten.extra.chrono.TestEthiopicChronology" time="0"/>
  <testcase name="test_EthiopicDate_chronology_dateEpochDay[18: Ethiopic INCARNATION 2004-02-05, 2011-10-16]" classname="org.threeten.extra.chrono.TestEthiopicChronology" time="0"/>
  <testcase name="test_EthiopicDate_chronology_dateEpochDay[19: Ethiopic INCARNATION 2004-10-28, 2012-07-05]" classname="org.threeten.extra.chrono.TestEthiopicChronology" time="0"/>
  <testcase name="test_EthiopicDate_chronology_dateEpochDay[20: Ethiopic INCARNATION 2004-10-29, 2012-07-06]" classname="org.threeten.extra.chrono.TestEthiopicChronology" time="0"/>
  <testcase name="test_until_DAYS[0: Ethiopic BEFORE_INCARNATION 2-13-06, 0007-08-27]" classname="org.threeten.extra.chrono.TestEthiopicChronology" time="0"/>
  <testcase name="test_until_DAYS[1: Ethiopic BEFORE_INCARNATION 1-01-01, 0007-08-28]" classname="org.threeten.extra.chrono.TestEthiopicChronology" time="0"/>
  <testcase name="test_until_DAYS[2: Ethiopic BEFORE_INCARNATION 1-01-30, 0007-09-26]" classname="org.threeten.extra.chrono.TestEthiopicChronology" time="0"/>
  <testcase name="test_until_DAYS[3: Ethiopic BEFORE_INCARNATION 1-12-30, 0008-08-21]" classname="org.threeten.extra.chrono.TestEthiopicChronology" time="0"/>
  <testcase name="test_until_DAYS[4: Ethiopic BEFORE_INCARNATION 1-13-01, 0008-08-22]" classname="org.threeten.extra.chrono.TestEthiopicChronology" time="0"/>
  <testcase name="test_until_DAYS[5: Ethiopic BEFORE_INCARNATION 1-13-04, 0008-08-25]" classname="org.threeten.extra.chrono.TestEthiopicChronology" time="0"/>
  <testcase name="test_until_DAYS[6: Ethiopic BEFORE_INCARNATION 1-13-05, 0008-08-26]" classname="org.threeten.extra.chrono.TestEthiopicChronology" time="0"/>
  <testcase name="test_until_DAYS[7: Ethiopic INCARNATION 1-01-01, 0008-08-27]" classname="org.threeten.extra.chrono.TestEthiopicChronology" time="0"/>
  <testcase name="test_until_DAYS[8: Ethiopic INCARNATION 1-01-02, 0008-08-28]" classname="org.threeten.extra.chrono.TestEthiopicChronology" time="0"/>
  <testcase name="test_until_DAYS[9: Ethiopic INCARNATION 1-01-03, 0008-08-29]" classname="org.threeten.extra.chrono.TestEthiopicChronology" time="0"/>
  <testcase name="test_until_DAYS[10: Ethiopic INCARNATION 2-01-01, 0009-08-27]" classname="org.threeten.extra.chrono.TestEthiopicChronology" time="0"/>
  <testcase name="test_until_DAYS[11: Ethiopic INCARNATION 3-01-01, 0010-08-27]" classname="org.threeten.extra.chrono.TestEthiopicChronology" time="0"/>
  <testcase name="test_until_DAYS[12: Ethiopic INCARNATION 3-13-06, 0011-08-27]" classname="org.threeten.extra.chrono.TestEthiopicChronology" time="0"/>
  <testcase name="test_until_DAYS[13: Ethiopic INCARNATION 4-01-01, 0011-08-28]" classname="org.threeten.extra.chrono.TestEthiopicChronology" time="0"/>
  <testcase name="test_until_DAYS[14: Ethiopic INCARNATION 4-07-05, 0012-02-28]" classname="org.threeten.extra.chrono.TestEthiopicChronology" time="0.001"/>
  <testcase name="test_until_DAYS[15: Ethiopic INCARNATION 4-07-06, 0012-02-29]" classname="org.threeten.extra.chrono.TestEthiopicChronology" time="0"/>
  <testcase name="test_until_DAYS[16: Ethiopic INCARNATION 5-01-01, 0012-08-27]" classname="org.threeten.extra.chrono.TestEthiopicChronology" time="0"/>
  <testcase name="test_until_DAYS[17: Ethiopic INCARNATION 1938-03-03, 1945-11-12]" classname="org.threeten.extra.chrono.TestEthiopicChronology" time="0"/>
  <testcase name="test_until_DAYS[18: Ethiopic INCARNATION 2004-02-05, 2011-10-16]" classname="org.threeten.extra.chrono.TestEthiopicChronology" time="0"/>
  <testcase name="test_until_DAYS[19: Ethiopic INCARNATION 2004-10-28, 2012-07-05]" classname="org.threeten.extra.chrono.TestEthiopicChronology" time="0"/>
  <testcase name="test_until_DAYS[20: Ethiopic INCARNATION 2004-10-29, 2012-07-06]" classname="org.threeten.extra.chrono.TestEthiopicChronology" time="0"/>
  <testcase name="test_until_TemporalUnit_unsupported" classname="org.threeten.extra.chrono.TestEthiopicChronology" time="0"/>
  <testcase name="test_chronology_of_name_id" classname="org.threeten.extra.chrono.TestEthiopicChronology" time="0"/>
  <testcase name="test_chronology_of_name" classname="org.threeten.extra.chrono.TestEthiopicChronology" time="0.001"/>
  <testcase name="test_chronology_dateYearDay_badDate" classname="org.threeten.extra.chrono.TestEthiopicChronology" time="0"/>
  <testcase name="test_getLong[0: 2007, 6, 8, DayOfWeek, 7]" classname="org.threeten.extra.chrono.TestEthiopicChronology" time="0"/>
  <testcase name="test_getLong[1: 2007, 6, 8, DayOfMonth, 8]" classname="org.threeten.extra.chrono.TestEthiopicChronology" time="0"/>
  <testcase name="test_getLong[2: 2007, 6, 8, DayOfYear, 158]" classname="org.threeten.extra.chrono.TestEthiopicChronology" time="0"/>
  <testcase name="test_getLong[3: 2007, 6, 8, AlignedDayOfWeekInMonth, 1]" classname="org.threeten.extra.chrono.TestEthiopicChronology" time="0"/>
  <testcase name="test_getLong[4: 2007, 6, 8, AlignedWeekOfMonth, 2]" classname="org.threeten.extra.chrono.TestEthiopicChronology" time="0"/>
  <testcase name="test_getLong[5: 2007, 6, 8, AlignedDayOfWeekInYear, 4]" classname="org.threeten.extra.chrono.TestEthiopicChronology" time="0"/>
  <testcase name="test_getLong[6: 2007, 6, 8, AlignedWeekOfYear, 23]" classname="org.threeten.extra.chrono.TestEthiopicChronology" time="0"/>
  <testcase name="test_getLong[7: 2007, 6, 8, MonthOfYear, 6]" classname="org.threeten.extra.chrono.TestEthiopicChronology" time="0"/>
  <testcase name="test_getLong[8: 2007, 6, 8, ProlepticMonth, 26096]" classname="org.threeten.extra.chrono.TestEthiopicChronology" time="0"/>
  <testcase name="test_getLong[9: 2007, 6, 8, Year, 2007]" classname="org.threeten.extra.chrono.TestEthiopicChronology" time="0"/>
  <testcase name="test_getLong[10: 2007, 6, 8, Era, 1]" classname="org.threeten.extra.chrono.TestEthiopicChronology" time="0"/>
  <testcase name="test_getLong[11: 1, 6, 8, Era, 1]" classname="org.threeten.extra.chrono.TestEthiopicChronology" time="0"/>
  <testcase name="test_getLong[12: 0, 6, 8, Era, 0]" classname="org.threeten.extra.chrono.TestEthiopicChronology" time="0"/>
  <testcase name="test_getLong[13: 2007, 6, 8, DayOfWeek[WeekFields[MONDAY,4]], 7]" classname="org.threeten.extra.chrono.TestEthiopicChronology" time="0"/>
  <testcase name="test_Chronology_eraOf" classname="org.threeten.extra.chrono.TestEthiopicChronology" time="0"/>
  <testcase name="test_minus_Period" classname="org.threeten.extra.chrono.TestEthiopicChronology" time="0"/>
  <testcase name="test_Chronology_range" classname="org.threeten.extra.chrono.TestEthiopicChronology" time="0.001"/>
  <testcase name="test_isLeapYear_specific" classname="org.threeten.extra.chrono.TestEthiopicChronology" time="0"/>
  <testcase name="test_minus_Period_ISO" classname="org.threeten.extra.chrono.TestEthiopicChronology" time="0"/>
  <testcase name="test_adjust_toMonth" classname="org.threeten.extra.chrono.TestEthiopicChronology" time="0"/>
  <testcase name="test_minus_TemporalUnit[0: 2006, 5, 26, 0, Days, 2006, 5, 26]" classname="org.threeten.extra.chrono.TestEthiopicChronology" time="0"/>
  <testcase name="test_minus_TemporalUnit[1: 2006, 5, 26, 8, Days, 2006, 6, 4]" classname="org.threeten.extra.chrono.TestEthiopicChronology" time="0"/>
  <testcase name="test_minus_TemporalUnit[2: 2006, 5, 26, -3, Days, 2006, 5, 23]" classname="org.threeten.extra.chrono.TestEthiopicChronology" time="0"/>
  <testcase name="test_minus_TemporalUnit[3: 2006, 5, 26, 0, Weeks, 2006, 5, 26]" classname="org.threeten.extra.chrono.TestEthiopicChronology" time="0"/>
  <testcase name="test_minus_TemporalUnit[4: 2006, 5, 26, 3, Weeks, 2006, 6, 17]" classname="org.threeten.extra.chrono.TestEthiopicChronology" time="0"/>
  <testcase name="test_minus_TemporalUnit[5: 2006, 5, 26, -5, Weeks, 2006, 4, 21]" classname="org.threeten.extra.chrono.TestEthiopicChronology" time="0"/>
  <testcase name="test_minus_TemporalUnit[6: 2006, 5, 26, 0, Months, 2006, 5, 26]" classname="org.threeten.extra.chrono.TestEthiopicChronology" time="0"/>
  <testcase name="test_minus_TemporalUnit[7: 2006, 5, 26, 3, Months, 2006, 8, 26]" classname="org.threeten.extra.chrono.TestEthiopicChronology" time="0"/>
  <testcase name="test_minus_TemporalUnit[8: 2006, 5, 26, -6, Months, 2005, 12, 26]" classname="org.threeten.extra.chrono.TestEthiopicChronology" time="0"/>
  <testcase name="test_minus_TemporalUnit[9: 2006, 5, 26, 0, Years, 2006, 5, 26]" classname="org.threeten.extra.chrono.TestEthiopicChronology" time="0"/>
  <testcase name="test_minus_TemporalUnit[10: 2006, 5, 26, 3, Years, 2009, 5, 26]" classname="org.threeten.extra.chrono.TestEthiopicChronology" time="0"/>
  <testcase name="test_minus_TemporalUnit[11: 2006, 5, 26, -5, Years, 2001, 5, 26]" classname="org.threeten.extra.chrono.TestEthiopicChronology" time="0"/>
  <testcase name="test_minus_TemporalUnit[12: 2006, 5, 26, 0, Decades, 2006, 5, 26]" classname="org.threeten.extra.chrono.TestEthiopicChronology" time="0"/>
  <testcase name="test_minus_TemporalUnit[13: 2006, 5, 26, 3, Decades, 2036, 5, 26]" classname="org.threeten.extra.chrono.TestEthiopicChronology" time="0"/>
  <testcase name="test_minus_TemporalUnit[14: 2006, 5, 26, -5, Decades, 1956, 5, 26]" classname="org.threeten.extra.chrono.TestEthiopicChronology" time="0"/>
  <testcase name="test_minus_TemporalUnit[15: 2006, 5, 26, 0, Centuries, 2006, 5, 26]" classname="org.threeten.extra.chrono.TestEthiopicChronology" time="0.001"/>
  <testcase name="test_minus_TemporalUnit[16: 2006, 5, 26, 3, Centuries, 2306, 5, 26]" classname="org.threeten.extra.chrono.TestEthiopicChronology" time="0"/>
  <testcase name="test_minus_TemporalUnit[17: 2006, 5, 26, -5, Centuries, 1506, 5, 26]" classname="org.threeten.extra.chrono.TestEthiopicChronology" time="0"/>
  <testcase name="test_minus_TemporalUnit[18: 2006, 5, 26, 0, Millennia, 2006, 5, 26]" classname="org.threeten.extra.chrono.TestEthiopicChronology" time="0"/>
  <testcase name="test_minus_TemporalUnit[19: 2006, 5, 26, 3, Millennia, 5006, 5, 26]" classname="org.threeten.extra.chrono.TestEthiopicChronology" time="0"/>
  <testcase name="test_minus_TemporalUnit[20: 2006, 5, 26, -5, Millennia, -2994, 5, 26]" classname="org.threeten.extra.chrono.TestEthiopicChronology" time="0"/>
  <testcase name="test_minus_TemporalUnit[21: 2006, 5, 26, -1, Eras, -2005, 5, 26]" classname="org.threeten.extra.chrono.TestEthiopicChronology" time="0"/>
  <testcase name="test_equals" classname="org.threeten.extra.chrono.TestEthiopicChronology" time="0"/>
  <testcase name="test_LocalDate_adjustToEthiopicDate" classname="org.threeten.extra.chrono.TestEthiopicChronology" time="0"/>
  <testcase name="test_plus_Period" classname="org.threeten.extra.chrono.TestEthiopicChronology" time="0"/>
  <testcase name="test_Chronology_eraOf_invalid" classname="org.threeten.extra.chrono.TestEthiopicChronology" time="0"/>
  <testcase name="test_era_loop" classname="org.threeten.extra.chrono.TestEthiopicChronology" time="0.002"/>
  <testcase name="test_range_unsupported" classname="org.threeten.extra.chrono.TestEthiopicChronology" time="0"/>
  <testcase name="test_era_yearDay_loop" classname="org.threeten.extra.chrono.TestEthiopicChronology" time="0.001"/>
  <testcase name="test_plus_TemporalUnit[0: 2006, 5, 26, 0, Days, 2006, 5, 26]" classname="org.threeten.extra.chrono.TestEthiopicChronology" time="0"/>
  <testcase name="test_plus_TemporalUnit[1: 2006, 5, 26, 8, Days, 2006, 6, 4]" classname="org.threeten.extra.chrono.TestEthiopicChronology" time="0"/>
  <testcase name="test_plus_TemporalUnit[2: 2006, 5, 26, -3, Days, 2006, 5, 23]" classname="org.threeten.extra.chrono.TestEthiopicChronology" time="0"/>
  <testcase name="test_plus_TemporalUnit[3: 2006, 5, 26, 0, Weeks, 2006, 5, 26]" classname="org.threeten.extra.chrono.TestEthiopicChronology" time="0"/>
  <testcase name="test_plus_TemporalUnit[4: 2006, 5, 26, 3, Weeks, 2006, 6, 17]" classname="org.threeten.extra.chrono.TestEthiopicChronology" time="0"/>
  <testcase name="test_plus_TemporalUnit[5: 2006, 5, 26, -5, Weeks, 2006, 4, 21]" classname="org.threeten.extra.chrono.TestEthiopicChronology" time="0"/>
  <testcase name="test_plus_TemporalUnit[6: 2006, 5, 26, 0, Months, 2006, 5, 26]" classname="org.threeten.extra.chrono.TestEthiopicChronology" time="0"/>
  <testcase name="test_plus_TemporalUnit[7: 2006, 5, 26, 3, Months, 2006, 8, 26]" classname="org.threeten.extra.chrono.TestEthiopicChronology" time="0"/>
  <testcase name="test_plus_TemporalUnit[8: 2006, 5, 26, -6, Months, 2005, 12, 26]" classname="org.threeten.extra.chrono.TestEthiopicChronology" time="0"/>
  <testcase name="test_plus_TemporalUnit[9: 2006, 5, 26, 0, Years, 2006, 5, 26]" classname="org.threeten.extra.chrono.TestEthiopicChronology" time="0"/>
  <testcase name="test_plus_TemporalUnit[10: 2006, 5, 26, 3, Years, 2009, 5, 26]" classname="org.threeten.extra.chrono.TestEthiopicChronology" time="0"/>
  <testcase name="test_plus_TemporalUnit[11: 2006, 5, 26, -5, Years, 2001, 5, 26]" classname="org.threeten.extra.chrono.TestEthiopicChronology" time="0"/>
  <testcase name="test_plus_TemporalUnit[12: 2006, 5, 26, 0, Decades, 2006, 5, 26]" classname="org.threeten.extra.chrono.TestEthiopicChronology" time="0"/>
  <testcase name="test_plus_TemporalUnit[13: 2006, 5, 26, 3, Decades, 2036, 5, 26]" classname="org.threeten.extra.chrono.TestEthiopicChronology" time="0"/>
  <testcase name="test_plus_TemporalUnit[14: 2006, 5, 26, -5, Decades, 1956, 5, 26]" classname="org.threeten.extra.chrono.TestEthiopicChronology" time="0"/>
  <testcase name="test_plus_TemporalUnit[15: 2006, 5, 26, 0, Centuries, 2006, 5, 26]" classname="org.threeten.extra.chrono.TestEthiopicChronology" time="0.001"/>
  <testcase name="test_plus_TemporalUnit[16: 2006, 5, 26, 3, Centuries, 2306, 5, 26]" classname="org.threeten.extra.chrono.TestEthiopicChronology" time="0"/>
  <testcase name="test_plus_TemporalUnit[17: 2006, 5, 26, -5, Centuries, 1506, 5, 26]" classname="org.threeten.extra.chrono.TestEthiopicChronology" time="0"/>
  <testcase name="test_plus_TemporalUnit[18: 2006, 5, 26, 0, Millennia, 2006, 5, 26]" classname="org.threeten.extra.chrono.TestEthiopicChronology" time="0"/>
  <testcase name="test_plus_TemporalUnit[19: 2006, 5, 26, 3, Millennia, 5006, 5, 26]" classname="org.threeten.extra.chrono.TestEthiopicChronology" time="0"/>
  <testcase name="test_plus_TemporalUnit[20: 2006, 5, 26, -5, Millennia, -2994, 5, 26]" classname="org.threeten.extra.chrono.TestEthiopicChronology" time="0"/>
  <testcase name="test_plus_TemporalUnit[21: 2006, 5, 26, -1, Eras, -2005, 5, 26]" classname="org.threeten.extra.chrono.TestEthiopicChronology" time="0"/>
  <testcase name="test_adjust_toLocalDate" classname="org.threeten.extra.chrono.TestEthiopicChronology" time="0"/>
  <testcase name="test_EthiopicDate_until_EthiopicDate[0: Ethiopic BEFORE_INCARNATION 2-13-06, 0007-08-27]" classname="org.threeten.extra.chrono.TestEthiopicChronology" time="0"/>
  <testcase name="test_EthiopicDate_until_EthiopicDate[1: Ethiopic BEFORE_INCARNATION 1-01-01, 0007-08-28]" classname="org.threeten.extra.chrono.TestEthiopicChronology" time="0"/>
  <testcase name="test_EthiopicDate_until_EthiopicDate[2: Ethiopic BEFORE_INCARNATION 1-01-30, 0007-09-26]" classname="org.threeten.extra.chrono.TestEthiopicChronology" time="0"/>
  <testcase name="test_EthiopicDate_until_EthiopicDate[3: Ethiopic BEFORE_INCARNATION 1-12-30, 0008-08-21]" classname="org.threeten.extra.chrono.TestEthiopicChronology" time="0"/>
  <testcase name="test_EthiopicDate_until_EthiopicDate[4: Ethiopic BEFORE_INCARNATION 1-13-01, 0008-08-22]" classname="org.threeten.extra.chrono.TestEthiopicChronology" time="0"/>
  <testcase name="test_EthiopicDate_until_EthiopicDate[5: Ethiopic BEFORE_INCARNATION 1-13-04, 0008-08-25]" classname="org.threeten.extra.chrono.TestEthiopicChronology" time="0"/>
  <testcase name="test_EthiopicDate_until_EthiopicDate[6: Ethiopic BEFORE_INCARNATION 1-13-05, 0008-08-26]" classname="org.threeten.extra.chrono.TestEthiopicChronology" time="0"/>
  <testcase name="test_EthiopicDate_until_EthiopicDate[7: Ethiopic INCARNATION 1-01-01, 0008-08-27]" classname="org.threeten.extra.chrono.TestEthiopicChronology" time="0"/>
  <testcase name="test_EthiopicDate_until_EthiopicDate[8: Ethiopic INCARNATION 1-01-02, 0008-08-28]" classname="org.threeten.extra.chrono.TestEthiopicChronology" time="0"/>
  <testcase name="test_EthiopicDate_until_EthiopicDate[9: Ethiopic INCARNATION 1-01-03, 0008-08-29]" classname="org.threeten.extra.chrono.TestEthiopicChronology" time="0"/>
  <testcase name="test_EthiopicDate_until_EthiopicDate[10: Ethiopic INCARNATION 2-01-01, 0009-08-27]" classname="org.threeten.extra.chrono.TestEthiopicChronology" time="0"/>
  <testcase name="test_EthiopicDate_until_EthiopicDate[11: Ethiopic INCARNATION 3-01-01, 0010-08-27]" classname="org.threeten.extra.chrono.TestEthiopicChronology" time="0"/>
  <testcase name="test_EthiopicDate_until_EthiopicDate[12: Ethiopic INCARNATION 3-13-06, 0011-08-27]" classname="org.threeten.extra.chrono.TestEthiopicChronology" time="0"/>
  <testcase name="test_EthiopicDate_until_EthiopicDate[13: Ethiopic INCARNATION 4-01-01, 0011-08-28]" classname="org.threeten.extra.chrono.TestEthiopicChronology" time="0"/>
  <testcase name="test_EthiopicDate_until_EthiopicDate[14: Ethiopic INCARNATION 4-07-05, 0012-02-28]" classname="org.threeten.extra.chrono.TestEthiopicChronology" time="0"/>
  <testcase name="test_EthiopicDate_until_EthiopicDate[15: Ethiopic INCARNATION 4-07-06, 0012-02-29]" classname="org.threeten.extra.chrono.TestEthiopicChronology" time="0.001"/>
  <testcase name="test_EthiopicDate_until_EthiopicDate[16: Ethiopic INCARNATION 5-01-01, 0012-08-27]" classname="org.threeten.extra.chrono.TestEthiopicChronology" time="0"/>
  <testcase name="test_EthiopicDate_until_EthiopicDate[17: Ethiopic INCARNATION 1938-03-03, 1945-11-12]" classname="org.threeten.extra.chrono.TestEthiopicChronology" time="0"/>
  <testcase name="test_EthiopicDate_until_EthiopicDate[18: Ethiopic INCARNATION 2004-02-05, 2011-10-16]" classname="org.threeten.extra.chrono.TestEthiopicChronology" time="0"/>
  <testcase name="test_EthiopicDate_until_EthiopicDate[19: Ethiopic INCARNATION 2004-10-28, 2012-07-05]" classname="org.threeten.extra.chrono.TestEthiopicChronology" time="0"/>
  <testcase name="test_EthiopicDate_until_EthiopicDate[20: Ethiopic INCARNATION 2004-10-29, 2012-07-06]" classname="org.threeten.extra.chrono.TestEthiopicChronology" time="0"/>
  <testcase name="test_Chronology_eras" classname="org.threeten.extra.chrono.TestEthiopicChronology" time="0"/>
  <testcase name="test_lengthOfMonth[0: 2006, 1, 30]" classname="org.threeten.extra.chrono.TestEthiopicChronology" time="0"/>
  <testcase name="test_lengthOfMonth[1: 2006, 2, 30]" classname="org.threeten.extra.chrono.TestEthiopicChronology" time="0"/>
  <testcase name="test_lengthOfMonth[2: 2006, 3, 30]" classname="org.threeten.extra.chrono.TestEthiopicChronology" time="0"/>
  <testcase name="test_lengthOfMonth[3: 2006, 4, 30]" classname="org.threeten.extra.chrono.TestEthiopicChronology" time="0"/>
  <testcase name="test_lengthOfMonth[4: 2006, 5, 30]" classname="org.threeten.extra.chrono.TestEthiopicChronology" time="0"/>
  <testcase name="test_lengthOfMonth[5: 2006, 6, 30]" classname="org.threeten.extra.chrono.TestEthiopicChronology" time="0"/>
  <testcase name="test_lengthOfMonth[6: 2006, 7, 30]" classname="org.threeten.extra.chrono.TestEthiopicChronology" time="0"/>
  <testcase name="test_lengthOfMonth[7: 2006, 8, 30]" classname="org.threeten.extra.chrono.TestEthiopicChronology" time="0"/>
  <testcase name="test_lengthOfMonth[8: 2006, 9, 30]" classname="org.threeten.extra.chrono.TestEthiopicChronology" time="0"/>
  <testcase name="test_lengthOfMonth[9: 2006, 10, 30]" classname="org.threeten.extra.chrono.TestEthiopicChronology" time="0"/>
  <testcase name="test_lengthOfMonth[10: 2006, 11, 30]" classname="org.threeten.extra.chrono.TestEthiopicChronology" time="0"/>
  <testcase name="test_lengthOfMonth[11: 2006, 12, 30]" classname="org.threeten.extra.chrono.TestEthiopicChronology" time="0"/>
  <testcase name="test_lengthOfMonth[12: 2006, 13, 5]" classname="org.threeten.extra.chrono.TestEthiopicChronology" time="0"/>
  <testcase name="test_lengthOfMonth[13: 2007, 13, 6]" classname="org.threeten.extra.chrono.TestEthiopicChronology" time="0"/>
  <testcase name="test_with_TemporalField_unsupported" classname="org.threeten.extra.chrono.TestEthiopicChronology" time="0"/>
  <testcase name="test_Chronology_date_Temporal[0: Ethiopic BEFORE_INCARNATION 2-13-06, 0007-08-27]" classname="org.threeten.extra.chrono.TestEthiopicChronology" time="0"/>
  <testcase name="test_Chronology_date_Temporal[1: Ethiopic BEFORE_INCARNATION 1-01-01, 0007-08-28]" classname="org.threeten.extra.chrono.TestEthiopicChronology" time="0"/>
  <testcase name="test_Chronology_date_Temporal[2: Ethiopic BEFORE_INCARNATION 1-01-30, 0007-09-26]" classname="org.threeten.extra.chrono.TestEthiopicChronology" time="0"/>
  <testcase name="test_Chronology_date_Temporal[3: Ethiopic BEFORE_INCARNATION 1-12-30, 0008-08-21]" classname="org.threeten.extra.chrono.TestEthiopicChronology" time="0"/>
  <testcase name="test_Chronology_date_Temporal[4: Ethiopic BEFORE_INCARNATION 1-13-01, 0008-08-22]" classname="org.threeten.extra.chrono.TestEthiopicChronology" time="0"/>
  <testcase name="test_Chronology_date_Temporal[5: Ethiopic BEFORE_INCARNATION 1-13-04, 0008-08-25]" classname="org.threeten.extra.chrono.TestEthiopicChronology" time="0"/>
  <testcase name="test_Chronology_date_Temporal[6: Ethiopic BEFORE_INCARNATION 1-13-05, 0008-08-26]" classname="org.threeten.extra.chrono.TestEthiopicChronology" time="0"/>
  <testcase name="test_Chronology_date_Temporal[7: Ethiopic INCARNATION 1-01-01, 0008-08-27]" classname="org.threeten.extra.chrono.TestEthiopicChronology" time="0"/>
  <testcase name="test_Chronology_date_Temporal[8: Ethiopic INCARNATION 1-01-02, 0008-08-28]" classname="org.threeten.extra.chrono.TestEthiopicChronology" time="0"/>
  <testcase name="test_Chronology_date_Temporal[9: Ethiopic INCARNATION 1-01-03, 0008-08-29]" classname="org.threeten.extra.chrono.TestEthiopicChronology" time="0"/>
  <testcase name="test_Chronology_date_Temporal[10: Ethiopic INCARNATION 2-01-01, 0009-08-27]" classname="org.threeten.extra.chrono.TestEthiopicChronology" time="0"/>
  <testcase name="test_Chronology_date_Temporal[11: Ethiopic INCARNATION 3-01-01, 0010-08-27]" classname="org.threeten.extra.chrono.TestEthiopicChronology" time="0"/>
  <testcase name="test_Chronology_date_Temporal[12: Ethiopic INCARNATION 3-13-06, 0011-08-27]" classname="org.threeten.extra.chrono.TestEthiopicChronology" time="0"/>
  <testcase name="test_Chronology_date_Temporal[13: Ethiopic INCARNATION 4-01-01, 0011-08-28]" classname="org.threeten.extra.chrono.TestEthiopicChronology" time="0"/>
  <testcase name="test_Chronology_date_Temporal[14: Ethiopic INCARNATION 4-07-05, 0012-02-28]" classname="org.threeten.extra.chrono.TestEthiopicChronology" time="0"/>
  <testcase name="test_Chronology_date_Temporal[15: Ethiopic INCARNATION 4-07-06, 0012-02-29]" classname="org.threeten.extra.chrono.TestEthiopicChronology" time="0"/>
  <testcase name="test_Chronology_date_Temporal[16: Ethiopic INCARNATION 5-01-01, 0012-08-27]" classname="org.threeten.extra.chrono.TestEthiopicChronology" time="0"/>
  <testcase name="test_Chronology_date_Temporal[17: Ethiopic INCARNATION 1938-03-03, 1945-11-12]" classname="org.threeten.extra.chrono.TestEthiopicChronology" time="0"/>
  <testcase name="test_Chronology_date_Temporal[18: Ethiopic INCARNATION 2004-02-05, 2011-10-16]" classname="org.threeten.extra.chrono.TestEthiopicChronology" time="0"/>
  <testcase name="test_Chronology_date_Temporal[19: Ethiopic INCARNATION 2004-10-28, 2012-07-05]" classname="org.threeten.extra.chrono.TestEthiopicChronology" time="0"/>
  <testcase name="test_Chronology_date_Temporal[20: Ethiopic INCARNATION 2004-10-29, 2012-07-06]" classname="org.threeten.extra.chrono.TestEthiopicChronology" time="0"/>
  <testcase name="test_LocalDateTime_adjustToEthiopicDate" classname="org.threeten.extra.chrono.TestEthiopicChronology" time="0"/>
  <testcase name="test_with_TemporalField_badValue[0: 2007, 6, 8, DayOfWeek, 0]" classname="org.threeten.extra.chrono.TestEthiopicChronology" time="0.001"/>
  <testcase name="test_with_TemporalField_badValue[1: 2007, 6, 8, DayOfWeek, 8]" classname="org.threeten.extra.chrono.TestEthiopicChronology" time="0"/>
  <testcase name="test_with_TemporalField_badValue[2: 2007, 6, 8, DayOfMonth, 0]" classname="org.threeten.extra.chrono.TestEthiopicChronology" time="0"/>
  <testcase name="test_with_TemporalField_badValue[3: 2007, 6, 8, DayOfMonth, 31]" classname="org.threeten.extra.chrono.TestEthiopicChronology" time="0"/>
  <testcase name="test_with_TemporalField_badValue[4: 2007, 13, 1, DayOfMonth, 31]" classname="org.threeten.extra.chrono.TestEthiopicChronology" time="0"/>
  <testcase name="test_with_TemporalField_badValue[5: 2007, 6, 8, DayOfYear, 0]" classname="org.threeten.extra.chrono.TestEthiopicChronology" time="0"/>
  <testcase name="test_with_TemporalField_badValue[6: 2007, 6, 8, DayOfYear, 367]" classname="org.threeten.extra.chrono.TestEthiopicChronology" time="0"/>
  <testcase name="test_with_TemporalField_badValue[7: 2007, 6, 8, MonthOfYear, 0]" classname="org.threeten.extra.chrono.TestEthiopicChronology" time="0"/>
  <testcase name="test_with_TemporalField_badValue[8: 2007, 6, 8, MonthOfYear, 14]" classname="org.threeten.extra.chrono.TestEthiopicChronology" time="0"/>
  <testcase name="test_badDates[0: 2008, 0, 0]" classname="org.threeten.extra.chrono.TestEthiopicChronology" time="0"/>
  <testcase name="test_badDates[1: 2008, -1, 1]" classname="org.threeten.extra.chrono.TestEthiopicChronology" time="0"/>
  <testcase name="test_badDates[2: 2008, 0, 1]" classname="org.threeten.extra.chrono.TestEthiopicChronology" time="0"/>
  <testcase name="test_badDates[3: 2008, 14, 1]" classname="org.threeten.extra.chrono.TestEthiopicChronology" time="0"/>
  <testcase name="test_badDates[4: 2008, 15, 1]" classname="org.threeten.extra.chrono.TestEthiopicChronology" time="0"/>
  <testcase name="test_badDates[5: 2008, 1, -1]" classname="org.threeten.extra.chrono.TestEthiopicChronology" time="0"/>
  <testcase name="test_badDates[6: 2008, 1, 0]" classname="org.threeten.extra.chrono.TestEthiopicChronology" time="0.001"/>
  <testcase name="test_badDates[7: 2008, 1, 31]" classname="org.threeten.extra.chrono.TestEthiopicChronology" time="0"/>
  <testcase name="test_badDates[8: 2008, 1, 32]" classname="org.threeten.extra.chrono.TestEthiopicChronology" time="0"/>
  <testcase name="test_badDates[9: 2008, 12, -1]" classname="org.threeten.extra.chrono.TestEthiopicChronology" time="0"/>
  <testcase name="test_badDates[10: 2008, 12, 0]" classname="org.threeten.extra.chrono.TestEthiopicChronology" time="0"/>
  <testcase name="test_badDates[11: 2008, 12, 31]" classname="org.threeten.extra.chrono.TestEthiopicChronology" time="0"/>
  <testcase name="test_badDates[12: 2008, 12, 32]" classname="org.threeten.extra.chrono.TestEthiopicChronology" time="0"/>
  <testcase name="test_badDates[13: 2008, 13, -1]" classname="org.threeten.extra.chrono.TestEthiopicChronology" time="0"/>
  <testcase name="test_badDates[14: 2008, 13, 0]" classname="org.threeten.extra.chrono.TestEthiopicChronology" time="0"/>
  <testcase name="test_badDates[15: 2008, 13, 6]" classname="org.threeten.extra.chrono.TestEthiopicChronology" time="0"/>
  <testcase name="test_badDates[16: 2008, 13, 7]" classname="org.threeten.extra.chrono.TestEthiopicChronology" time="0.001"/>
  <testcase name="test_badDates[17: 2007, 13, -1]" classname="org.threeten.extra.chrono.TestEthiopicChronology" time="0"/>
  <testcase name="test_badDates[18: 2007, 13, 0]" classname="org.threeten.extra.chrono.TestEthiopicChronology" time="0"/>
  <testcase name="test_badDates[19: 2007, 13, 7]" classname="org.threeten.extra.chrono.TestEthiopicChronology" time="0"/>
  <testcase name="test_badDates[20: 2007, 13, 8]" classname="org.threeten.extra.chrono.TestEthiopicChronology" time="0"/>
  <testcase name="test_LocalDate_until_EthiopicDate[0: Ethiopic BEFORE_INCARNATION 2-13-06, 0007-08-27]" classname="org.threeten.extra.chrono.TestEthiopicChronology" time="0"/>
  <testcase name="test_LocalDate_until_EthiopicDate[1: Ethiopic BEFORE_INCARNATION 1-01-01, 0007-08-28]" classname="org.threeten.extra.chrono.TestEthiopicChronology" time="0"/>
  <testcase name="test_LocalDate_until_EthiopicDate[2: Ethiopic BEFORE_INCARNATION 1-01-30, 0007-09-26]" classname="org.threeten.extra.chrono.TestEthiopicChronology" time="0"/>
  <testcase name="test_LocalDate_until_EthiopicDate[3: Ethiopic BEFORE_INCARNATION 1-12-30, 0008-08-21]" classname="org.threeten.extra.chrono.TestEthiopicChronology" time="0"/>
  <testcase name="test_LocalDate_until_EthiopicDate[4: Ethiopic BEFORE_INCARNATION 1-13-01, 0008-08-22]" classname="org.threeten.extra.chrono.TestEthiopicChronology" time="0"/>
  <testcase name="test_LocalDate_until_EthiopicDate[5: Ethiopic BEFORE_INCARNATION 1-13-04, 0008-08-25]" classname="org.threeten.extra.chrono.TestEthiopicChronology" time="0"/>
  <testcase name="test_LocalDate_until_EthiopicDate[6: Ethiopic BEFORE_INCARNATION 1-13-05, 0008-08-26]" classname="org.threeten.extra.chrono.TestEthiopicChronology" time="0"/>
  <testcase name="test_LocalDate_until_EthiopicDate[7: Ethiopic INCARNATION 1-01-01, 0008-08-27]" classname="org.threeten.extra.chrono.TestEthiopicChronology" time="0"/>
  <testcase name="test_LocalDate_until_EthiopicDate[8: Ethiopic INCARNATION 1-01-02, 0008-08-28]" classname="org.threeten.extra.chrono.TestEthiopicChronology" time="0"/>
  <testcase name="test_LocalDate_until_EthiopicDate[9: Ethiopic INCARNATION 1-01-03, 0008-08-29]" classname="org.threeten.extra.chrono.TestEthiopicChronology" time="0"/>
  <testcase name="test_LocalDate_until_EthiopicDate[10: Ethiopic INCARNATION 2-01-01, 0009-08-27]" classname="org.threeten.extra.chrono.TestEthiopicChronology" time="0"/>
  <testcase name="test_LocalDate_until_EthiopicDate[11: Ethiopic INCARNATION 3-01-01, 0010-08-27]" classname="org.threeten.extra.chrono.TestEthiopicChronology" time="0"/>
  <testcase name="test_LocalDate_until_EthiopicDate[12: Ethiopic INCARNATION 3-13-06, 0011-08-27]" classname="org.threeten.extra.chrono.TestEthiopicChronology" time="0"/>
  <testcase name="test_LocalDate_until_EthiopicDate[13: Ethiopic INCARNATION 4-01-01, 0011-08-28]" classname="org.threeten.extra.chrono.TestEthiopicChronology" time="0"/>
  <testcase name="test_LocalDate_until_EthiopicDate[14: Ethiopic INCARNATION 4-07-05, 0012-02-28]" classname="org.threeten.extra.chrono.TestEthiopicChronology" time="0"/>
  <testcase name="test_LocalDate_until_EthiopicDate[15: Ethiopic INCARNATION 4-07-06, 0012-02-29]" classname="org.threeten.extra.chrono.TestEthiopicChronology" time="0.001"/>
  <testcase name="test_LocalDate_until_EthiopicDate[16: Ethiopic INCARNATION 5-01-01, 0012-08-27]" classname="org.threeten.extra.chrono.TestEthiopicChronology" time="0"/>
  <testcase name="test_LocalDate_until_EthiopicDate[17: Ethiopic INCARNATION 1938-03-03, 1945-11-12]" classname="org.threeten.extra.chrono.TestEthiopicChronology" time="0"/>
  <testcase name="test_LocalDate_until_EthiopicDate[18: Ethiopic INCARNATION 2004-02-05, 2011-10-16]" classname="org.threeten.extra.chrono.TestEthiopicChronology" time="0"/>
  <testcase name="test_LocalDate_until_EthiopicDate[19: Ethiopic INCARNATION 2004-10-28, 2012-07-05]" classname="org.threeten.extra.chrono.TestEthiopicChronology" time="0"/>
  <testcase name="test_LocalDate_until_EthiopicDate[20: Ethiopic INCARNATION 2004-10-29, 2012-07-06]" classname="org.threeten.extra.chrono.TestEthiopicChronology" time="0"/>
  <testcase name="test_getLong_unsupported" classname="org.threeten.extra.chrono.TestEthiopicChronology" time="0"/>
  <testcase name="test_EthiopicDate_from_LocalDate[0: Ethiopic BEFORE_INCARNATION 2-13-06, 0007-08-27]" classname="org.threeten.extra.chrono.TestEthiopicChronology" time="0"/>
  <testcase name="test_EthiopicDate_from_LocalDate[1: Ethiopic BEFORE_INCARNATION 1-01-01, 0007-08-28]" classname="org.threeten.extra.chrono.TestEthiopicChronology" time="0"/>
  <testcase name="test_EthiopicDate_from_LocalDate[2: Ethiopic BEFORE_INCARNATION 1-01-30, 0007-09-26]" classname="org.threeten.extra.chrono.TestEthiopicChronology" time="0"/>
  <testcase name="test_EthiopicDate_from_LocalDate[3: Ethiopic BEFORE_INCARNATION 1-12-30, 0008-08-21]" classname="org.threeten.extra.chrono.TestEthiopicChronology" time="0"/>
  <testcase name="test_EthiopicDate_from_LocalDate[4: Ethiopic BEFORE_INCARNATION 1-13-01, 0008-08-22]" classname="org.threeten.extra.chrono.TestEthiopicChronology" time="0"/>
  <testcase name="test_EthiopicDate_from_LocalDate[5: Ethiopic BEFORE_INCARNATION 1-13-04, 0008-08-25]" classname="org.threeten.extra.chrono.TestEthiopicChronology" time="0"/>
  <testcase name="test_EthiopicDate_from_LocalDate[6: Ethiopic BEFORE_INCARNATION 1-13-05, 0008-08-26]" classname="org.threeten.extra.chrono.TestEthiopicChronology" time="0"/>
  <testcase name="test_EthiopicDate_from_LocalDate[7: Ethiopic INCARNATION 1-01-01, 0008-08-27]" classname="org.threeten.extra.chrono.TestEthiopicChronology" time="0"/>
  <testcase name="test_EthiopicDate_from_LocalDate[8: Ethiopic INCARNATION 1-01-02, 0008-08-28]" classname="org.threeten.extra.chrono.TestEthiopicChronology" time="0"/>
  <testcase name="test_EthiopicDate_from_LocalDate[9: Ethiopic INCARNATION 1-01-03, 0008-08-29]" classname="org.threeten.extra.chrono.TestEthiopicChronology" time="0"/>
  <testcase name="test_EthiopicDate_from_LocalDate[10: Ethiopic INCARNATION 2-01-01, 0009-08-27]" classname="org.threeten.extra.chrono.TestEthiopicChronology" time="0"/>
  <testcase name="test_EthiopicDate_from_LocalDate[11: Ethiopic INCARNATION 3-01-01, 0010-08-27]" classname="org.threeten.extra.chrono.TestEthiopicChronology" time="0"/>
  <testcase name="test_EthiopicDate_from_LocalDate[12: Ethiopic INCARNATION 3-13-06, 0011-08-27]" classname="org.threeten.extra.chrono.TestEthiopicChronology" time="0"/>
  <testcase name="test_EthiopicDate_from_LocalDate[13: Ethiopic INCARNATION 4-01-01, 0011-08-28]" classname="org.threeten.extra.chrono.TestEthiopicChronology" time="0"/>
  <testcase name="test_EthiopicDate_from_LocalDate[14: Ethiopic INCARNATION 4-07-05, 0012-02-28]" classname="org.threeten.extra.chrono.TestEthiopicChronology" time="0"/>
  <testcase name="test_EthiopicDate_from_LocalDate[15: Ethiopic INCARNATION 4-07-06, 0012-02-29]" classname="org.threeten.extra.chrono.TestEthiopicChronology" time="0"/>
  <testcase name="test_EthiopicDate_from_LocalDate[16: Ethiopic INCARNATION 5-01-01, 0012-08-27]" classname="org.threeten.extra.chrono.TestEthiopicChronology" time="0.001"/>
  <testcase name="test_EthiopicDate_from_LocalDate[17: Ethiopic INCARNATION 1938-03-03, 1945-11-12]" classname="org.threeten.extra.chrono.TestEthiopicChronology" time="0"/>
  <testcase name="test_EthiopicDate_from_LocalDate[18: Ethiopic INCARNATION 2004-02-05, 2011-10-16]" classname="org.threeten.extra.chrono.TestEthiopicChronology" time="0"/>
  <testcase name="test_EthiopicDate_from_LocalDate[19: Ethiopic INCARNATION 2004-10-28, 2012-07-05]" classname="org.threeten.extra.chrono.TestEthiopicChronology" time="0"/>
  <testcase name="test_EthiopicDate_from_LocalDate[20: Ethiopic INCARNATION 2004-10-29, 2012-07-06]" classname="org.threeten.extra.chrono.TestEthiopicChronology" time="0"/>
  <testcase name="test_EthiopicDate_toEpochDay[0: Ethiopic BEFORE_INCARNATION 2-13-06, 0007-08-27]" classname="org.threeten.extra.chrono.TestEthiopicChronology" time="0"/>
  <testcase name="test_EthiopicDate_toEpochDay[1: Ethiopic BEFORE_INCARNATION 1-01-01, 0007-08-28]" classname="org.threeten.extra.chrono.TestEthiopicChronology" time="0"/>
  <testcase name="test_EthiopicDate_toEpochDay[2: Ethiopic BEFORE_INCARNATION 1-01-30, 0007-09-26]" classname="org.threeten.extra.chrono.TestEthiopicChronology" time="0"/>
  <testcase name="test_EthiopicDate_toEpochDay[3: Ethiopic BEFORE_INCARNATION 1-12-30, 0008-08-21]" classname="org.threeten.extra.chrono.TestEthiopicChronology" time="0"/>
  <testcase name="test_EthiopicDate_toEpochDay[4: Ethiopic BEFORE_INCARNATION 1-13-01, 0008-08-22]" classname="org.threeten.extra.chrono.TestEthiopicChronology" time="0"/>
  <testcase name="test_EthiopicDate_toEpochDay[5: Ethiopic BEFORE_INCARNATION 1-13-04, 0008-08-25]" classname="org.threeten.extra.chrono.TestEthiopicChronology" time="0"/>
  <testcase name="test_EthiopicDate_toEpochDay[6: Ethiopic BEFORE_INCARNATION 1-13-05, 0008-08-26]" classname="org.threeten.extra.chrono.TestEthiopicChronology" time="0"/>
  <testcase name="test_EthiopicDate_toEpochDay[7: Ethiopic INCARNATION 1-01-01, 0008-08-27]" classname="org.threeten.extra.chrono.TestEthiopicChronology" time="0"/>
  <testcase name="test_EthiopicDate_toEpochDay[8: Ethiopic INCARNATION 1-01-02, 0008-08-28]" classname="org.threeten.extra.chrono.TestEthiopicChronology" time="0"/>
  <testcase name="test_EthiopicDate_toEpochDay[9: Ethiopic INCARNATION 1-01-03, 0008-08-29]" classname="org.threeten.extra.chrono.TestEthiopicChronology" time="0"/>
  <testcase name="test_EthiopicDate_toEpochDay[10: Ethiopic INCARNATION 2-01-01, 0009-08-27]" classname="org.threeten.extra.chrono.TestEthiopicChronology" time="0"/>
  <testcase name="test_EthiopicDate_toEpochDay[11: Ethiopic INCARNATION 3-01-01, 0010-08-27]" classname="org.threeten.extra.chrono.TestEthiopicChronology" time="0"/>
  <testcase name="test_EthiopicDate_toEpochDay[12: Ethiopic INCARNATION 3-13-06, 0011-08-27]" classname="org.threeten.extra.chrono.TestEthiopicChronology" time="0"/>
  <testcase name="test_EthiopicDate_toEpochDay[13: Ethiopic INCARNATION 4-01-01, 0011-08-28]" classname="org.threeten.extra.chrono.TestEthiopicChronology" time="0"/>
  <testcase name="test_EthiopicDate_toEpochDay[14: Ethiopic INCARNATION 4-07-05, 0012-02-28]" classname="org.threeten.extra.chrono.TestEthiopicChronology" time="0"/>
  <testcase name="test_EthiopicDate_toEpochDay[15: Ethiopic INCARNATION 4-07-06, 0012-02-29]" classname="org.threeten.extra.chrono.TestEthiopicChronology" time="0"/>
  <testcase name="test_EthiopicDate_toEpochDay[16: Ethiopic INCARNATION 5-01-01, 0012-08-27]" classname="org.threeten.extra.chrono.TestEthiopicChronology" time="0"/>
  <testcase name="test_EthiopicDate_toEpochDay[17: Ethiopic INCARNATION 1938-03-03, 1945-11-12]" classname="org.threeten.extra.chrono.TestEthiopicChronology" time="0"/>
  <testcase name="test_EthiopicDate_toEpochDay[18: Ethiopic INCARNATION 2004-02-05, 2011-10-16]" classname="org.threeten.extra.chrono.TestEthiopicChronology" time="0"/>
  <testcase name="test_EthiopicDate_toEpochDay[19: Ethiopic INCARNATION 2004-10-28, 2012-07-05]" classname="org.threeten.extra.chrono.TestEthiopicChronology" time="0"/>
  <testcase name="test_EthiopicDate_toEpochDay[20: Ethiopic INCARNATION 2004-10-29, 2012-07-06]" classname="org.threeten.extra.chrono.TestEthiopicChronology" time="0"/>
  <testcase name="test_plusDays[0: Ethiopic BEFORE_INCARNATION 2-13-06, 0007-08-27]" classname="org.threeten.extra.chrono.TestEthiopicChronology" time="0"/>
  <testcase name="test_plusDays[1: Ethiopic BEFORE_INCARNATION 1-01-01, 0007-08-28]" classname="org.threeten.extra.chrono.TestEthiopicChronology" time="0"/>
  <testcase name="test_plusDays[2: Ethiopic BEFORE_INCARNATION 1-01-30, 0007-09-26]" classname="org.threeten.extra.chrono.TestEthiopicChronology" time="0"/>
  <testcase name="test_plusDays[3: Ethiopic BEFORE_INCARNATION 1-12-30, 0008-08-21]" classname="org.threeten.extra.chrono.TestEthiopicChronology" time="0"/>
  <testcase name="test_plusDays[4: Ethiopic BEFORE_INCARNATION 1-13-01, 0008-08-22]" classname="org.threeten.extra.chrono.TestEthiopicChronology" time="0"/>
  <testcase name="test_plusDays[5: Ethiopic BEFORE_INCARNATION 1-13-04, 0008-08-25]" classname="org.threeten.extra.chrono.TestEthiopicChronology" time="0"/>
  <testcase name="test_plusDays[6: Ethiopic BEFORE_INCARNATION 1-13-05, 0008-08-26]" classname="org.threeten.extra.chrono.TestEthiopicChronology" time="0.001"/>
  <testcase name="test_plusDays[7: Ethiopic INCARNATION 1-01-01, 0008-08-27]" classname="org.threeten.extra.chrono.TestEthiopicChronology" time="0"/>
  <testcase name="test_plusDays[8: Ethiopic INCARNATION 1-01-02, 0008-08-28]" classname="org.threeten.extra.chrono.TestEthiopicChronology" time="0"/>
  <testcase name="test_plusDays[9: Ethiopic INCARNATION 1-01-03, 0008-08-29]" classname="org.threeten.extra.chrono.TestEthiopicChronology" time="0"/>
  <testcase name="test_plusDays[10: Ethiopic INCARNATION 2-01-01, 0009-08-27]" classname="org.threeten.extra.chrono.TestEthiopicChronology" time="0"/>
  <testcase name="test_plusDays[11: Ethiopic INCARNATION 3-01-01, 0010-08-27]" classname="org.threeten.extra.chrono.TestEthiopicChronology" time="0"/>
  <testcase name="test_plusDays[12: Ethiopic INCARNATION 3-13-06, 0011-08-27]" classname="org.threeten.extra.chrono.TestEthiopicChronology" time="0"/>
  <testcase name="test_plusDays[13: Ethiopic INCARNATION 4-01-01, 0011-08-28]" classname="org.threeten.extra.chrono.TestEthiopicChronology" time="0"/>
  <testcase name="test_plusDays[14: Ethiopic INCARNATION 4-07-05, 0012-02-28]" classname="org.threeten.extra.chrono.TestEthiopicChronology" time="0"/>
  <testcase name="test_plusDays[15: Ethiopic INCARNATION 4-07-06, 0012-02-29]" classname="org.threeten.extra.chrono.TestEthiopicChronology" time="0"/>
  <testcase name="test_plusDays[16: Ethiopic INCARNATION 5-01-01, 0012-08-27]" classname="org.threeten.extra.chrono.TestEthiopicChronology" time="0"/>
  <testcase name="test_plusDays[17: Ethiopic INCARNATION 1938-03-03, 1945-11-12]" classname="org.threeten.extra.chrono.TestEthiopicChronology" time="0"/>
  <testcase name="test_plusDays[18: Ethiopic INCARNATION 2004-02-05, 2011-10-16]" classname="org.threeten.extra.chrono.TestEthiopicChronology" time="0"/>
  <testcase name="test_plusDays[19: Ethiopic INCARNATION 2004-10-28, 2012-07-05]" classname="org.threeten.extra.chrono.TestEthiopicChronology" time="0"/>
  <testcase name="test_plusDays[20: Ethiopic INCARNATION 2004-10-29, 2012-07-06]" classname="org.threeten.extra.chrono.TestEthiopicChronology" time="0"/>
  <testcase name="test_minusDays[0: Ethiopic BEFORE_INCARNATION 2-13-06, 0007-08-27]" classname="org.threeten.extra.chrono.TestEthiopicChronology" time="0"/>
  <testcase name="test_minusDays[1: Ethiopic BEFORE_INCARNATION 1-01-01, 0007-08-28]" classname="org.threeten.extra.chrono.TestEthiopicChronology" time="0"/>
  <testcase name="test_minusDays[2: Ethiopic BEFORE_INCARNATION 1-01-30, 0007-09-26]" classname="org.threeten.extra.chrono.TestEthiopicChronology" time="0"/>
  <testcase name="test_minusDays[3: Ethiopic BEFORE_INCARNATION 1-12-30, 0008-08-21]" classname="org.threeten.extra.chrono.TestEthiopicChronology" time="0"/>
  <testcase name="test_minusDays[4: Ethiopic BEFORE_INCARNATION 1-13-01, 0008-08-22]" classname="org.threeten.extra.chrono.TestEthiopicChronology" time="0"/>
  <testcase name="test_minusDays[5: Ethiopic BEFORE_INCARNATION 1-13-04, 0008-08-25]" classname="org.threeten.extra.chrono.TestEthiopicChronology" time="0"/>
  <testcase name="test_minusDays[6: Ethiopic BEFORE_INCARNATION 1-13-05, 0008-08-26]" classname="org.threeten.extra.chrono.TestEthiopicChronology" time="0"/>
  <testcase name="test_minusDays[7: Ethiopic INCARNATION 1-01-01, 0008-08-27]" classname="org.threeten.extra.chrono.TestEthiopicChronology" time="0"/>
  <testcase name="test_minusDays[8: Ethiopic INCARNATION 1-01-02, 0008-08-28]" classname="org.threeten.extra.chrono.TestEthiopicChronology" time="0"/>
  <testcase name="test_minusDays[9: Ethiopic INCARNATION 1-01-03, 0008-08-29]" classname="org.threeten.extra.chrono.TestEthiopicChronology" time="0"/>
  <testcase name="test_minusDays[10: Ethiopic INCARNATION 2-01-01, 0009-08-27]" classname="org.threeten.extra.chrono.TestEthiopicChronology" time="0"/>
  <testcase name="test_minusDays[11: Ethiopic INCARNATION 3-01-01, 0010-08-27]" classname="org.threeten.extra.chrono.TestEthiopicChronology" time="0"/>
  <testcase name="test_minusDays[12: Ethiopic INCARNATION 3-13-06, 0011-08-27]" classname="org.threeten.extra.chrono.TestEthiopicChronology" time="0"/>
  <testcase name="test_minusDays[13: Ethiopic INCARNATION 4-01-01, 0011-08-28]" classname="org.threeten.extra.chrono.TestEthiopicChronology" time="0.001"/>
  <testcase name="test_minusDays[14: Ethiopic INCARNATION 4-07-05, 0012-02-28]" classname="org.threeten.extra.chrono.TestEthiopicChronology" time="0"/>
  <testcase name="test_minusDays[15: Ethiopic INCARNATION 4-07-06, 0012-02-29]" classname="org.threeten.extra.chrono.TestEthiopicChronology" time="0"/>
  <testcase name="test_minusDays[16: Ethiopic INCARNATION 5-01-01, 0012-08-27]" classname="org.threeten.extra.chrono.TestEthiopicChronology" time="0"/>
  <testcase name="test_minusDays[17: Ethiopic INCARNATION 1938-03-03, 1945-11-12]" classname="org.threeten.extra.chrono.TestEthiopicChronology" time="0"/>
  <testcase name="test_minusDays[18: Ethiopic INCARNATION 2004-02-05, 2011-10-16]" classname="org.threeten.extra.chrono.TestEthiopicChronology" time="0"/>
  <testcase name="test_minusDays[19: Ethiopic INCARNATION 2004-10-28, 2012-07-05]" classname="org.threeten.extra.chrono.TestEthiopicChronology" time="0"/>
  <testcase name="test_minusDays[20: Ethiopic INCARNATION 2004-10-29, 2012-07-06]" classname="org.threeten.extra.chrono.TestEthiopicChronology" time="0"/>
  <testcase name="test_toString[0: Ethiopic INCARNATION 1-01-01, Ethiopic INCARNATION 1-01-01]" classname="org.threeten.extra.chrono.TestEthiopicChronology" time="0"/>
  <testcase name="test_toString[1: Ethiopic INCARNATION 2007-10-28, Ethiopic INCARNATION 2007-10-28]" classname="org.threeten.extra.chrono.TestEthiopicChronology" time="0"/>
  <testcase name="test_toString[2: Ethiopic INCARNATION 2007-10-29, Ethiopic INCARNATION 2007-10-29]" classname="org.threeten.extra.chrono.TestEthiopicChronology" time="0"/>
  <testcase name="test_toString[3: Ethiopic INCARNATION 2007-13-05, Ethiopic INCARNATION 2007-13-05]" classname="org.threeten.extra.chrono.TestEthiopicChronology" time="0"/>
  <testcase name="test_toString[4: Ethiopic INCARNATION 2007-13-06, Ethiopic INCARNATION 2007-13-06]" classname="org.threeten.extra.chrono.TestEthiopicChronology" time="0"/>
  <testcase name="test_LocalDate_from_EthiopicDate[0: Ethiopic BEFORE_INCARNATION 2-13-06, 0007-08-27]" classname="org.threeten.extra.chrono.TestEthiopicChronology" time="0"/>
  <testcase name="test_LocalDate_from_EthiopicDate[1: Ethiopic BEFORE_INCARNATION 1-01-01, 0007-08-28]" classname="org.threeten.extra.chrono.TestEthiopicChronology" time="0"/>
  <testcase name="test_LocalDate_from_EthiopicDate[2: Ethiopic BEFORE_INCARNATION 1-01-30, 0007-09-26]" classname="org.threeten.extra.chrono.TestEthiopicChronology" time="0"/>
  <testcase name="test_LocalDate_from_EthiopicDate[3: Ethiopic BEFORE_INCARNATION 1-12-30, 0008-08-21]" classname="org.threeten.extra.chrono.TestEthiopicChronology" time="0"/>
  <testcase name="test_LocalDate_from_EthiopicDate[4: Ethiopic BEFORE_INCARNATION 1-13-01, 0008-08-22]" classname="org.threeten.extra.chrono.TestEthiopicChronology" time="0"/>
  <testcase name="test_LocalDate_from_EthiopicDate[5: Ethiopic BEFORE_INCARNATION 1-13-04, 0008-08-25]" classname="org.threeten.extra.chrono.TestEthiopicChronology" time="0"/>
  <testcase name="test_LocalDate_from_EthiopicDate[6: Ethiopic BEFORE_INCARNATION 1-13-05, 0008-08-26]" classname="org.threeten.extra.chrono.TestEthiopicChronology" time="0"/>
  <testcase name="test_LocalDate_from_EthiopicDate[7: Ethiopic INCARNATION 1-01-01, 0008-08-27]" classname="org.threeten.extra.chrono.TestEthiopicChronology" time="0"/>
  <testcase name="test_LocalDate_from_EthiopicDate[8: Ethiopic INCARNATION 1-01-02, 0008-08-28]" classname="org.threeten.extra.chrono.TestEthiopicChronology" time="0"/>
  <testcase name="test_LocalDate_from_EthiopicDate[9: Ethiopic INCARNATION 1-01-03, 0008-08-29]" classname="org.threeten.extra.chrono.TestEthiopicChronology" time="0"/>
  <testcase name="test_LocalDate_from_EthiopicDate[10: Ethiopic INCARNATION 2-01-01, 0009-08-27]" classname="org.threeten.extra.chrono.TestEthiopicChronology" time="0"/>
  <testcase name="test_LocalDate_from_EthiopicDate[11: Ethiopic INCARNATION 3-01-01, 0010-08-27]" classname="org.threeten.extra.chrono.TestEthiopicChronology" time="0"/>
  <testcase name="test_LocalDate_from_EthiopicDate[12: Ethiopic INCARNATION 3-13-06, 0011-08-27]" classname="org.threeten.extra.chrono.TestEthiopicChronology" time="0"/>
  <testcase name="test_LocalDate_from_EthiopicDate[13: Ethiopic INCARNATION 4-01-01, 0011-08-28]" classname="org.threeten.extra.chrono.TestEthiopicChronology" time="0"/>
  <testcase name="test_LocalDate_from_EthiopicDate[14: Ethiopic INCARNATION 4-07-05, 0012-02-28]" classname="org.threeten.extra.chrono.TestEthiopicChronology" time="0"/>
  <testcase name="test_LocalDate_from_EthiopicDate[15: Ethiopic INCARNATION 4-07-06, 0012-02-29]" classname="org.threeten.extra.chrono.TestEthiopicChronology" time="0"/>
  <testcase name="test_LocalDate_from_EthiopicDate[16: Ethiopic INCARNATION 5-01-01, 0012-08-27]" classname="org.threeten.extra.chrono.TestEthiopicChronology" time="0"/>
  <testcase name="test_LocalDate_from_EthiopicDate[17: Ethiopic INCARNATION 1938-03-03, 1945-11-12]" classname="org.threeten.extra.chrono.TestEthiopicChronology" time="0"/>
  <testcase name="test_LocalDate_from_EthiopicDate[18: Ethiopic INCARNATION 2004-02-05, 2011-10-16]" classname="org.threeten.extra.chrono.TestEthiopicChronology" time="0"/>
  <testcase name="test_LocalDate_from_EthiopicDate[19: Ethiopic INCARNATION 2004-10-28, 2012-07-05]" classname="org.threeten.extra.chrono.TestEthiopicChronology" time="0"/>
  <testcase name="test_LocalDate_from_EthiopicDate[20: Ethiopic INCARNATION 2004-10-29, 2012-07-06]" classname="org.threeten.extra.chrono.TestEthiopicChronology" time="0"/>
  <testcase name="test_plus_TemporalUnit_unsupported" classname="org.threeten.extra.chrono.TestEthiopicChronology" time="0"/>
  <testcase name="test_prolepticYear_specific" classname="org.threeten.extra.chrono.TestEthiopicChronology" time="0"/>
  <testcase name="test_until_TemporalUnit[0: 2006, 5, 26, 2006, 5, 26, Days, 0]" classname="org.threeten.extra.chrono.TestEthiopicChronology" time="0"/>
  <testcase name="test_until_TemporalUnit[1: 2006, 5, 26, 2006, 6, 1, Days, 5]" classname="org.threeten.extra.chrono.TestEthiopicChronology" time="0"/>
  <testcase name="test_until_TemporalUnit[2: 2006, 5, 26, 2006, 5, 20, Days, -6]" classname="org.threeten.extra.chrono.TestEthiopicChronology" time="0"/>
  <testcase name="test_until_TemporalUnit[3: 2006, 5, 26, 2006, 5, 26, Weeks, 0]" classname="org.threeten.extra.chrono.TestEthiopicChronology" time="0"/>
  <testcase name="test_until_TemporalUnit[4: 2006, 5, 26, 2006, 6, 2, Weeks, 0]" classname="org.threeten.extra.chrono.TestEthiopicChronology" time="0"/>
  <testcase name="test_until_TemporalUnit[5: 2006, 5, 26, 2006, 6, 3, Weeks, 1]" classname="org.threeten.extra.chrono.TestEthiopicChronology" time="0"/>
  <testcase name="test_until_TemporalUnit[6: 2006, 5, 26, 2006, 5, 26, Months, 0]" classname="org.threeten.extra.chrono.TestEthiopicChronology" time="0"/>
  <testcase name="test_until_TemporalUnit[7: 2006, 5, 26, 2006, 6, 25, Months, 0]" classname="org.threeten.extra.chrono.TestEthiopicChronology" time="0"/>
  <testcase name="test_until_TemporalUnit[8: 2006, 5, 26, 2006, 6, 26, Months, 1]" classname="org.threeten.extra.chrono.TestEthiopicChronology" time="0"/>
  <testcase name="test_until_TemporalUnit[9: 2006, 5, 26, 2006, 5, 26, Years, 0]" classname="org.threeten.extra.chrono.TestEthiopicChronology" time="0"/>
  <testcase name="test_until_TemporalUnit[10: 2006, 5, 26, 2007, 5, 25, Years, 0]" classname="org.threeten.extra.chrono.TestEthiopicChronology" time="0"/>
  <testcase name="test_until_TemporalUnit[11: 2006, 5, 26, 2007, 5, 26, Years, 1]" classname="org.threeten.extra.chrono.TestEthiopicChronology" time="0"/>
  <testcase name="test_until_TemporalUnit[12: 2006, 5, 26, 2006, 5, 26, Decades, 0]" classname="org.threeten.extra.chrono.TestEthiopicChronology" time="0"/>
  <testcase name="test_until_TemporalUnit[13: 2006, 5, 26, 2016, 5, 25, Decades, 0]" classname="org.threeten.extra.chrono.TestEthiopicChronology" time="0"/>
  <testcase name="test_until_TemporalUnit[14: 2006, 5, 26, 2016, 5, 26, Decades, 1]" classname="org.threeten.extra.chrono.TestEthiopicChronology" time="0"/>
  <testcase name="test_until_TemporalUnit[15: 2006, 5, 26, 2006, 5, 26, Centuries, 0]" classname="org.threeten.extra.chrono.TestEthiopicChronology" time="0.001"/>
  <testcase name="test_until_TemporalUnit[16: 2006, 5, 26, 2106, 5, 25, Centuries, 0]" classname="org.threeten.extra.chrono.TestEthiopicChronology" time="0"/>
  <testcase name="test_until_TemporalUnit[17: 2006, 5, 26, 2106, 5, 26, Centuries, 1]" classname="org.threeten.extra.chrono.TestEthiopicChronology" time="0"/>
  <testcase name="test_until_TemporalUnit[18: 2006, 5, 26, 2006, 5, 26, Millennia, 0]" classname="org.threeten.extra.chrono.TestEthiopicChronology" time="0"/>
  <testcase name="test_until_TemporalUnit[19: 2006, 5, 26, 3006, 5, 25, Millennia, 0]" classname="org.threeten.extra.chrono.TestEthiopicChronology" time="0"/>
  <testcase name="test_until_TemporalUnit[20: 2006, 5, 26, 3006, 5, 26, Millennia, 1]" classname="org.threeten.extra.chrono.TestEthiopicChronology" time="0"/>
  <testcase name="test_adjust1" classname="org.threeten.extra.chrono.TestEthiopicChronology" time="0"/>
  <testcase name="test_adjust2" classname="org.threeten.extra.chrono.TestEthiopicChronology" time="0"/>
  <testcase name="test_EthiopicDate_until_LocalDate[0: Ethiopic BEFORE_INCARNATION 2-13-06, 0007-08-27]" classname="org.threeten.extra.chrono.TestEthiopicChronology" time="0"/>
  <testcase name="test_EthiopicDate_until_LocalDate[1: Ethiopic BEFORE_INCARNATION 1-01-01, 0007-08-28]" classname="org.threeten.extra.chrono.TestEthiopicChronology" time="0"/>
  <testcase name="test_EthiopicDate_until_LocalDate[2: Ethiopic BEFORE_INCARNATION 1-01-30, 0007-09-26]" classname="org.threeten.extra.chrono.TestEthiopicChronology" time="0"/>
  <testcase name="test_EthiopicDate_until_LocalDate[3: Ethiopic BEFORE_INCARNATION 1-12-30, 0008-08-21]" classname="org.threeten.extra.chrono.TestEthiopicChronology" time="0"/>
  <testcase name="test_EthiopicDate_until_LocalDate[4: Ethiopic BEFORE_INCARNATION 1-13-01, 0008-08-22]" classname="org.threeten.extra.chrono.TestEthiopicChronology" time="0"/>
  <testcase name="test_EthiopicDate_until_LocalDate[5: Ethiopic BEFORE_INCARNATION 1-13-04, 0008-08-25]" classname="org.threeten.extra.chrono.TestEthiopicChronology" time="0"/>
  <testcase name="test_EthiopicDate_until_LocalDate[6: Ethiopic BEFORE_INCARNATION 1-13-05, 0008-08-26]" classname="org.threeten.extra.chrono.TestEthiopicChronology" time="0"/>
  <testcase name="test_EthiopicDate_until_LocalDate[7: Ethiopic INCARNATION 1-01-01, 0008-08-27]" classname="org.threeten.extra.chrono.TestEthiopicChronology" time="0"/>
  <testcase name="test_EthiopicDate_until_LocalDate[8: Ethiopic INCARNATION 1-01-02, 0008-08-28]" classname="org.threeten.extra.chrono.TestEthiopicChronology" time="0"/>
  <testcase name="test_EthiopicDate_until_LocalDate[9: Ethiopic INCARNATION 1-01-03, 0008-08-29]" classname="org.threeten.extra.chrono.TestEthiopicChronology" time="0"/>
  <testcase name="test_EthiopicDate_until_LocalDate[10: Ethiopic INCARNATION 2-01-01, 0009-08-27]" classname="org.threeten.extra.chrono.TestEthiopicChronology" time="0"/>
  <testcase name="test_EthiopicDate_until_LocalDate[11: Ethiopic INCARNATION 3-01-01, 0010-08-27]" classname="org.threeten.extra.chrono.TestEthiopicChronology" time="0"/>
  <testcase name="test_EthiopicDate_until_LocalDate[12: Ethiopic INCARNATION 3-13-06, 0011-08-27]" classname="org.threeten.extra.chrono.TestEthiopicChronology" time="0"/>
  <testcase name="test_EthiopicDate_until_LocalDate[13: Ethiopic INCARNATION 4-01-01, 0011-08-28]" classname="org.threeten.extra.chrono.TestEthiopicChronology" time="0"/>
  <testcase name="test_EthiopicDate_until_LocalDate[14: Ethiopic INCARNATION 4-07-05, 0012-02-28]" classname="org.threeten.extra.chrono.TestEthiopicChronology" time="0"/>
  <testcase name="test_EthiopicDate_until_LocalDate[15: Ethiopic INCARNATION 4-07-06, 0012-02-29]" classname="org.threeten.extra.chrono.TestEthiopicChronology" time="0.001"/>
  <testcase name="test_EthiopicDate_until_LocalDate[16: Ethiopic INCARNATION 5-01-01, 0012-08-27]" classname="org.threeten.extra.chrono.TestEthiopicChronology" time="0"/>
  <testcase name="test_EthiopicDate_until_LocalDate[17: Ethiopic INCARNATION 1938-03-03, 1945-11-12]" classname="org.threeten.extra.chrono.TestEthiopicChronology" time="0"/>
  <testcase name="test_EthiopicDate_until_LocalDate[18: Ethiopic INCARNATION 2004-02-05, 2011-10-16]" classname="org.threeten.extra.chrono.TestEthiopicChronology" time="0"/>
  <testcase name="test_EthiopicDate_until_LocalDate[19: Ethiopic INCARNATION 2004-10-28, 2012-07-05]" classname="org.threeten.extra.chrono.TestEthiopicChronology" time="0"/>
  <testcase name="test_EthiopicDate_until_LocalDate[20: Ethiopic INCARNATION 2004-10-29, 2012-07-06]" classname="org.threeten.extra.chrono.TestEthiopicChronology" time="0"/>
  <testcase name="test_isLeapYear_loop" classname="org.threeten.extra.chrono.TestEthiopicChronology" time="0"/>
  <testcase name="test_range[0: 2007, 1, 23, DayOfMonth, 1, 30]" classname="org.threeten.extra.chrono.TestEthiopicChronology" time="0"/>
  <testcase name="test_range[1: 2007, 2, 23, DayOfMonth, 1, 30]" classname="org.threeten.extra.chrono.TestEthiopicChronology" time="0"/>
  <testcase name="test_range[2: 2007, 3, 23, DayOfMonth, 1, 30]" classname="org.threeten.extra.chrono.TestEthiopicChronology" time="0"/>
  <testcase name="test_range[3: 2007, 4, 23, DayOfMonth, 1, 30]" classname="org.threeten.extra.chrono.TestEthiopicChronology" time="0"/>
  <testcase name="test_range[4: 2007, 5, 23, DayOfMonth, 1, 30]" classname="org.threeten.extra.chrono.TestEthiopicChronology" time="0"/>
  <testcase name="test_range[5: 2007, 6, 23, DayOfMonth, 1, 30]" classname="org.threeten.extra.chrono.TestEthiopicChronology" time="0"/>
  <testcase name="test_range[6: 2007, 7, 23, DayOfMonth, 1, 30]" classname="org.threeten.extra.chrono.TestEthiopicChronology" time="0"/>
  <testcase name="test_range[7: 2007, 8, 23, DayOfMonth, 1, 30]" classname="org.threeten.extra.chrono.TestEthiopicChronology" time="0"/>
  <testcase name="test_range[8: 2007, 9, 23, DayOfMonth, 1, 30]" classname="org.threeten.extra.chrono.TestEthiopicChronology" time="0"/>
  <testcase name="test_range[9: 2007, 10, 23, DayOfMonth, 1, 30]" classname="org.threeten.extra.chrono.TestEthiopicChronology" time="0"/>
  <testcase name="test_range[10: 2007, 11, 23, DayOfMonth, 1, 30]" classname="org.threeten.extra.chrono.TestEthiopicChronology" time="0"/>
  <testcase name="test_range[11: 2007, 12, 23, DayOfMonth, 1, 30]" classname="org.threeten.extra.chrono.TestEthiopicChronology" time="0"/>
  <testcase name="test_range[12: 2007, 13, 2, DayOfMonth, 1, 6]" classname="org.threeten.extra.chrono.TestEthiopicChronology" time="0"/>
  <testcase name="test_range[13: 2007, 1, 23, DayOfYear, 1, 366]" classname="org.threeten.extra.chrono.TestEthiopicChronology" time="0"/>
  <testcase name="test_range[14: 2007, 1, 23, AlignedWeekOfMonth, 1, 5]" classname="org.threeten.extra.chrono.TestEthiopicChronology" time="0"/>
  <testcase name="test_range[15: 2007, 12, 23, AlignedWeekOfMonth, 1, 5]" classname="org.threeten.extra.chrono.TestEthiopicChronology" time="0"/>
  <testcase name="test_range[16: 2007, 13, 2, AlignedWeekOfMonth, 1, 1]" classname="org.threeten.extra.chrono.TestEthiopicChronology" time="0"/>
  <testcase name="test_range[17: 2006, 13, 2, DayOfMonth, 1, 5]" classname="org.threeten.extra.chrono.TestEthiopicChronology" time="0"/>
  <testcase name="test_range[18: 2006, 13, 2, DayOfYear, 1, 365]" classname="org.threeten.extra.chrono.TestEthiopicChronology" time="0"/>
  <testcase name="test_range[19: 2006, 13, 2, AlignedWeekOfMonth, 1, 1]" classname="org.threeten.extra.chrono.TestEthiopicChronology" time="0"/>
  <testcase name="test_range[20: 2006, 2, 23, DayOfWeek[WeekFields[MONDAY,4]], 1, 7]" classname="org.threeten.extra.chrono.TestEthiopicChronology" time="0"/>
</testsuite>