<?xml version="1.0" encoding="UTF-8"?>
<testsuite xmlns:xsi="http://www.w3.org/2001/XMLSchema-instance" xsi:schemaLocation="https://maven.apache.org/surefire/maven-surefire-plugin/xsd/surefire-test-report.xsd" name="org.threeten.extra.TestYearWeek" time="4.4" tests="312" errors="0" skipped="0" failures="0">
  <properties>
    <property name="java.runtime.name" value="OpenJDK Runtime Environment"/>
    <property name="sun.boot.library.path" value="/usr/local/openjdk-8/jre/lib/amd64"/>
    <property name="java.vm.version" value="25.262-b10"/>
    <property name="animal.sniffer.skip" value="true"/>
    <property name="java.vm.vendor" value="Oracle Corporation"/>
    <property name="maven.multiModuleProjectDirectory" value="/tmp/tmpykopg0s2/threeten-extra"/>
    <property name="maven.javadoc.skip" value="true"/>
    <property name="java.vendor.url" value="http://java.oracle.com/"/>
    <property name="path.separator" value=":"/>
    <property name="guice.disable.misplaced.annotation.check" value="true"/>
    <property name="java.vm.name" value="OpenJDK 64-Bit Server VM"/>
    <property name="file.encoding.pkg" value="sun.io"/>
    <property name="sun.java.launcher" value="SUN_STANDARD"/>
    <property name="sun.os.patch.level" value="unknown"/>
    <property name="source.skip" value="true"/>
    <property name="java.vm.specification.name" value="Java Virtual Machine Specification"/>
    <property name="user.dir" value="/tmp/tmpykopg0s2/threeten-extra"/>
    <property name="java.runtime.version" value="1.8.0_262-b10"/>
    <property name="java.awt.graphicsenv" value="sun.awt.X11GraphicsEnvironment"/>
    <property name="java.endorsed.dirs" value="/usr/local/openjdk-8/jre/lib/endorsed"/>
    <property name="os.arch" value="amd64"/>
    <property name="java.io.tmpdir" value="/tmp"/>
    <property name="line.separator" value="&#10;"/>
    <property name="java.vm.specification.vendor" value="Oracle Corporation"/>
    <property name="os.name" value="Linux"/>
    <property name="classworlds.conf" value="/usr/share/maven/bin/m2.conf"/>
    <property name="sun.jnu.encoding" value="UTF-8"/>
    <property name="java.library.path" value="/usr/java/packages/lib/amd64:/usr/lib64:/lib64:/lib:/usr/lib"/>
    <property name="license.skip" value="true"/>
    <property name="maven.conf" value="/usr/share/maven/conf"/>
    <property name="java.specification.name" value="Java Platform API Specification"/>
    <property name="java.class.version" value="52.0"/>
    <property name="sun.management.compiler" value="HotSpot 64-Bit Tiered Compilers"/>
    <property name="maven.test.failure.ignore" value="true"/>
    <property name="os.version" value="4.15.0-109-generic"/>
    <property name="library.jansi.path" value="/usr/share/maven/lib/jansi-native"/>
    <property name="user.home" value="/home/jdbl"/>
    <property name="user.timezone" value="Etc/UTC"/>
    <property name="java.awt.printerjob" value="sun.print.PSPrinterJob"/>
    <property name="java.specification.version" value="1.8"/>
    <property name="file.encoding" value="UTF-8"/>
    <property name="user.name" value="jdbl"/>
    <property name="java.class.path" value="/usr/share/maven/boot/plexus-classworlds-2.6.0.jar"/>
    <property name="java.vm.specification.version" value="1.8"/>
    <property name="sun.arch.data.model" value="64"/>
    <property name="java.home" value="/usr/local/openjdk-8/jre"/>
    <property name="sun.java.command" value="org.codehaus.plexus.classworlds.launcher.Launcher test -e --fail-never -ntp -Dmaven.test.failure.ignore=true -B -Dmaven.javadoc.skip=true -Drat.skip=true -Danimal.sniffer.skip=true -Dmaven.javadoc.skip=true -Dlicense.skip=true -Dsource.skip=true"/>
    <property name="java.specification.vendor" value="Oracle Corporation"/>
    <property name="user.language" value="en"/>
    <property name="awt.toolkit" value="sun.awt.X11.XToolkit"/>
    <property name="java.vm.info" value="mixed mode"/>
    <property name="java.version" value="1.8.0_262"/>
    <property name="java.ext.dirs" value="/usr/local/openjdk-8/jre/lib/ext:/usr/java/packages/lib/ext"/>
    <property name="securerandom.source" value="file:/dev/./urandom"/>
    <property name="sun.boot.class.path" value="/usr/local/openjdk-8/jre/lib/resources.jar:/usr/local/openjdk-8/jre/lib/rt.jar:/usr/local/openjdk-8/jre/lib/sunrsasign.jar:/usr/local/openjdk-8/jre/lib/jsse.jar:/usr/local/openjdk-8/jre/lib/jce.jar:/usr/local/openjdk-8/jre/lib/charsets.jar:/usr/local/openjdk-8/jre/lib/jfr.jar:/usr/local/openjdk-8/jre/classes"/>
    <property name="java.vendor" value="Oracle Corporation"/>
    <property name="rat.skip" value="true"/>
    <property name="maven.home" value="/usr/share/maven"/>
    <property name="file.separator" value="/"/>
    <property name="java.vendor.url.bug" value="http://bugreport.sun.com/bugreport/"/>
    <property name="sun.cpu.endian" value="little"/>
    <property name="sun.io.unicode.encoding" value="UnicodeLittle"/>
    <property name="sun.cpu.isalist" value=""/>
  </properties>
  <testcase name="test_parse_CharSequenceDateTimeFormatter" classname="org.threeten.extra.TestYearWeek" time="0.002"/>
  <testcase name="test_parse_CharSequenceDate_nullCharSequence" classname="org.threeten.extra.TestYearWeek" time="0"/>
  <testcase name="test_range_invalidField" classname="org.threeten.extra.TestYearWeek" time="0"/>
  <testcase name="test_getLong_invalidField" classname="org.threeten.extra.TestYearWeek" time="0"/>
  <testcase name="test_minusYears_max_long" classname="org.threeten.extra.TestYearWeek" time="0"/>
  <testcase name="test_minWeeks_max_long" classname="org.threeten.extra.TestYearWeek" time="0"/>
  <testcase name="test_of[0: 2015, 1]" classname="org.threeten.extra.TestYearWeek" time="0"/>
  <testcase name="test_of[1: 2015, 2]" classname="org.threeten.extra.TestYearWeek" time="0"/>
  <testcase name="test_of[2: 2015, 3]" classname="org.threeten.extra.TestYearWeek" time="0"/>
  <testcase name="test_of[3: 2015, 4]" classname="org.threeten.extra.TestYearWeek" time="0"/>
  <testcase name="test_of[4: 2015, 5]" classname="org.threeten.extra.TestYearWeek" time="0"/>
  <testcase name="test_of[5: 2015, 6]" classname="org.threeten.extra.TestYearWeek" time="0"/>
  <testcase name="test_of[6: 2015, 7]" classname="org.threeten.extra.TestYearWeek" time="0"/>
  <testcase name="test_of[7: 2015, 8]" classname="org.threeten.extra.TestYearWeek" time="0"/>
  <testcase name="test_of[8: 2015, 9]" classname="org.threeten.extra.TestYearWeek" time="0"/>
  <testcase name="test_of[9: 2015, 10]" classname="org.threeten.extra.TestYearWeek" time="0"/>
  <testcase name="test_of[10: 2015, 11]" classname="org.threeten.extra.TestYearWeek" time="0"/>
  <testcase name="test_of[11: 2015, 12]" classname="org.threeten.extra.TestYearWeek" time="0"/>
  <testcase name="test_of[12: 2015, 13]" classname="org.threeten.extra.TestYearWeek" time="0"/>
  <testcase name="test_of[13: 2015, 14]" classname="org.threeten.extra.TestYearWeek" time="0"/>
  <testcase name="test_of[14: 2015, 15]" classname="org.threeten.extra.TestYearWeek" time="0"/>
  <testcase name="test_of[15: 2015, 16]" classname="org.threeten.extra.TestYearWeek" time="0"/>
  <testcase name="test_of[16: 2015, 17]" classname="org.threeten.extra.TestYearWeek" time="0"/>
  <testcase name="test_of[17: 2015, 18]" classname="org.threeten.extra.TestYearWeek" time="0"/>
  <testcase name="test_of[18: 2015, 19]" classname="org.threeten.extra.TestYearWeek" time="0"/>
  <testcase name="test_of[19: 2015, 20]" classname="org.threeten.extra.TestYearWeek" time="0"/>
  <testcase name="test_of[20: 2015, 21]" classname="org.threeten.extra.TestYearWeek" time="0"/>
  <testcase name="test_of[21: 2015, 22]" classname="org.threeten.extra.TestYearWeek" time="0"/>
  <testcase name="test_of[22: 2015, 21]" classname="org.threeten.extra.TestYearWeek" time="0"/>
  <testcase name="test_of[23: 2015, 22]" classname="org.threeten.extra.TestYearWeek" time="0"/>
  <testcase name="test_of[24: 2015, 23]" classname="org.threeten.extra.TestYearWeek" time="0"/>
  <testcase name="test_of[25: 2015, 23]" classname="org.threeten.extra.TestYearWeek" time="0"/>
  <testcase name="test_of[26: 2015, 24]" classname="org.threeten.extra.TestYearWeek" time="0"/>
  <testcase name="test_of[27: 2015, 25]" classname="org.threeten.extra.TestYearWeek" time="0"/>
  <testcase name="test_of[28: 2015, 26]" classname="org.threeten.extra.TestYearWeek" time="0"/>
  <testcase name="test_of[29: 2015, 27]" classname="org.threeten.extra.TestYearWeek" time="0"/>
  <testcase name="test_of[30: 2015, 28]" classname="org.threeten.extra.TestYearWeek" time="0"/>
  <testcase name="test_of[31: 2015, 29]" classname="org.threeten.extra.TestYearWeek" time="0"/>
  <testcase name="test_of[32: 2015, 30]" classname="org.threeten.extra.TestYearWeek" time="0"/>
  <testcase name="test_of[33: 2015, 31]" classname="org.threeten.extra.TestYearWeek" time="0"/>
  <testcase name="test_of[34: 2015, 32]" classname="org.threeten.extra.TestYearWeek" time="0"/>
  <testcase name="test_of[35: 2015, 33]" classname="org.threeten.extra.TestYearWeek" time="0"/>
  <testcase name="test_of[36: 2015, 34]" classname="org.threeten.extra.TestYearWeek" time="0"/>
  <testcase name="test_of[37: 2015, 35]" classname="org.threeten.extra.TestYearWeek" time="0"/>
  <testcase name="test_of[38: 2015, 36]" classname="org.threeten.extra.TestYearWeek" time="0"/>
  <testcase name="test_of[39: 2015, 37]" classname="org.threeten.extra.TestYearWeek" time="0"/>
  <testcase name="test_of[40: 2015, 38]" classname="org.threeten.extra.TestYearWeek" time="0"/>
  <testcase name="test_of[41: 2015, 39]" classname="org.threeten.extra.TestYearWeek" time="0"/>
  <testcase name="test_of[42: 2015, 40]" classname="org.threeten.extra.TestYearWeek" time="0"/>
  <testcase name="test_of[43: 2015, 41]" classname="org.threeten.extra.TestYearWeek" time="0"/>
  <testcase name="test_of[44: 2015, 42]" classname="org.threeten.extra.TestYearWeek" time="0"/>
  <testcase name="test_of[45: 2015, 43]" classname="org.threeten.extra.TestYearWeek" time="0"/>
  <testcase name="test_of[46: 2015, 44]" classname="org.threeten.extra.TestYearWeek" time="0"/>
  <testcase name="test_of[47: 2015, 45]" classname="org.threeten.extra.TestYearWeek" time="0"/>
  <testcase name="test_of[48: 2015, 46]" classname="org.threeten.extra.TestYearWeek" time="0"/>
  <testcase name="test_of[49: 2015, 47]" classname="org.threeten.extra.TestYearWeek" time="0"/>
  <testcase name="test_of[50: 2015, 48]" classname="org.threeten.extra.TestYearWeek" time="0"/>
  <testcase name="test_of[51: 2015, 49]" classname="org.threeten.extra.TestYearWeek" time="0"/>
  <testcase name="test_of[52: 2015, 50]" classname="org.threeten.extra.TestYearWeek" time="0"/>
  <testcase name="test_of[53: 2015, 51]" classname="org.threeten.extra.TestYearWeek" time="0"/>
  <testcase name="test_of[54: 2015, 52]" classname="org.threeten.extra.TestYearWeek" time="0"/>
  <testcase name="test_of[55: 2015, 53]" classname="org.threeten.extra.TestYearWeek" time="0"/>
  <testcase name="test_get_invalidField" classname="org.threeten.extra.TestYearWeek" time="0"/>
  <testcase name="test_equals_incorrectType" classname="org.threeten.extra.TestYearWeek" time="0"/>
  <testcase name="test_plusWeeks" classname="org.threeten.extra.TestYearWeek" time="0"/>
  <testcase name="test_plusYears" classname="org.threeten.extra.TestYearWeek" time="0"/>
  <testcase name="test_getLong" classname="org.threeten.extra.TestYearWeek" time="0"/>
  <testcase name="test_plusWeeks_min_long" classname="org.threeten.extra.TestYearWeek" time="0"/>
  <testcase name="test_compareTo" classname="org.threeten.extra.TestYearWeek" time="4.372"/>
  <testcase name="test_from[0: 2014, 52, MONDAY, 2014, 12, 22]" classname="org.threeten.extra.TestYearWeek" time="0.001"/>
  <testcase name="test_from[1: 2014, 52, TUESDAY, 2014, 12, 23]" classname="org.threeten.extra.TestYearWeek" time="0"/>
  <testcase name="test_from[2: 2014, 52, WEDNESDAY, 2014, 12, 24]" classname="org.threeten.extra.TestYearWeek" time="0"/>
  <testcase name="test_from[3: 2014, 52, THURSDAY, 2014, 12, 25]" classname="org.threeten.extra.TestYearWeek" time="0"/>
  <testcase name="test_from[4: 2014, 52, FRIDAY, 2014, 12, 26]" classname="org.threeten.extra.TestYearWeek" time="0"/>
  <testcase name="test_from[5: 2014, 52, SATURDAY, 2014, 12, 27]" classname="org.threeten.extra.TestYearWeek" time="0"/>
  <testcase name="test_from[6: 2014, 52, SUNDAY, 2014, 12, 28]" classname="org.threeten.extra.TestYearWeek" time="0"/>
  <testcase name="test_from[7: 2015, 1, MONDAY, 2014, 12, 29]" classname="org.threeten.extra.TestYearWeek" time="0"/>
  <testcase name="test_from[8: 2015, 1, TUESDAY, 2014, 12, 30]" classname="org.threeten.extra.TestYearWeek" time="0"/>
  <testcase name="test_from[9: 2015, 1, WEDNESDAY, 2014, 12, 31]" classname="org.threeten.extra.TestYearWeek" time="0"/>
  <testcase name="test_from[10: 2015, 1, THURSDAY, 2015, 1, 1]" classname="org.threeten.extra.TestYearWeek" time="0"/>
  <testcase name="test_from[11: 2015, 1, FRIDAY, 2015, 1, 2]" classname="org.threeten.extra.TestYearWeek" time="0"/>
  <testcase name="test_from[12: 2015, 1, SATURDAY, 2015, 1, 3]" classname="org.threeten.extra.TestYearWeek" time="0"/>
  <testcase name="test_from[13: 2015, 1, SUNDAY, 2015, 1, 4]" classname="org.threeten.extra.TestYearWeek" time="0"/>
  <testcase name="test_from[14: 2015, 53, FRIDAY, 2016, 1, 1]" classname="org.threeten.extra.TestYearWeek" time="0"/>
  <testcase name="test_from[15: 2015, 53, SATURDAY, 2016, 1, 2]" classname="org.threeten.extra.TestYearWeek" time="0.001"/>
  <testcase name="test_from[16: 2015, 53, SUNDAY, 2016, 1, 3]" classname="org.threeten.extra.TestYearWeek" time="0"/>
  <testcase name="test_from[17: 2016, 1, MONDAY, 2016, 1, 4]" classname="org.threeten.extra.TestYearWeek" time="0"/>
  <testcase name="test_from[18: 2016, 52, SUNDAY, 2017, 1, 1]" classname="org.threeten.extra.TestYearWeek" time="0"/>
  <testcase name="test_from[19: 2017, 1, MONDAY, 2017, 1, 2]" classname="org.threeten.extra.TestYearWeek" time="0"/>
  <testcase name="test_from[20: 2017, 1, TUESDAY, 2017, 1, 3]" classname="org.threeten.extra.TestYearWeek" time="0"/>
  <testcase name="test_from[21: 2017, 1, WEDNESDAY, 2017, 1, 4]" classname="org.threeten.extra.TestYearWeek" time="0"/>
  <testcase name="test_from[22: 2017, 1, THURSDAY, 2017, 1, 5]" classname="org.threeten.extra.TestYearWeek" time="0"/>
  <testcase name="test_from[23: 2017, 1, FRIDAY, 2017, 1, 6]" classname="org.threeten.extra.TestYearWeek" time="0"/>
  <testcase name="test_from[24: 2017, 1, SATURDAY, 2017, 1, 7]" classname="org.threeten.extra.TestYearWeek" time="0"/>
  <testcase name="test_from[25: 2017, 1, SUNDAY, 2017, 1, 8]" classname="org.threeten.extra.TestYearWeek" time="0"/>
  <testcase name="test_from[26: 2025, 1, MONDAY, 2024, 12, 30]" classname="org.threeten.extra.TestYearWeek" time="0"/>
  <testcase name="test_get" classname="org.threeten.extra.TestYearWeek" time="0"/>
  <testcase name="test_now" classname="org.threeten.extra.TestYearWeek" time="0"/>
  <testcase name="test_adjustInto_badChronology" classname="org.threeten.extra.TestYearWeek" time="0"/>
  <testcase name="test_is53WeekYear[0: 4]" classname="org.threeten.extra.TestYearWeek" time="0"/>
  <testcase name="test_is53WeekYear[1: 9]" classname="org.threeten.extra.TestYearWeek" time="0"/>
  <testcase name="test_is53WeekYear[2: 15]" classname="org.threeten.extra.TestYearWeek" time="0"/>
  <testcase name="test_is53WeekYear[3: 20]" classname="org.threeten.extra.TestYearWeek" time="0"/>
  <testcase name="test_is53WeekYear[4: 26]" classname="org.threeten.extra.TestYearWeek" time="0"/>
  <testcase name="test_is53WeekYear[5: 32]" classname="org.threeten.extra.TestYearWeek" time="0"/>
  <testcase name="test_is53WeekYear[6: 37]" classname="org.threeten.extra.TestYearWeek" time="0"/>
  <testcase name="test_is53WeekYear[7: 43]" classname="org.threeten.extra.TestYearWeek" time="0"/>
  <testcase name="test_is53WeekYear[8: 48]" classname="org.threeten.extra.TestYearWeek" time="0"/>
  <testcase name="test_is53WeekYear[9: 54]" classname="org.threeten.extra.TestYearWeek" time="0.001"/>
  <testcase name="test_is53WeekYear[10: 60]" classname="org.threeten.extra.TestYearWeek" time="0"/>
  <testcase name="test_is53WeekYear[11: 65]" classname="org.threeten.extra.TestYearWeek" time="0"/>
  <testcase name="test_is53WeekYear[12: 71]" classname="org.threeten.extra.TestYearWeek" time="0"/>
  <testcase name="test_is53WeekYear[13: 76]" classname="org.threeten.extra.TestYearWeek" time="0"/>
  <testcase name="test_is53WeekYear[14: 82]" classname="org.threeten.extra.TestYearWeek" time="0"/>
  <testcase name="test_is53WeekYear[15: 88]" classname="org.threeten.extra.TestYearWeek" time="0"/>
  <testcase name="test_is53WeekYear[16: 93]" classname="org.threeten.extra.TestYearWeek" time="0"/>
  <testcase name="test_is53WeekYear[17: 99]" classname="org.threeten.extra.TestYearWeek" time="0"/>
  <testcase name="test_is53WeekYear[18: 105]" classname="org.threeten.extra.TestYearWeek" time="0"/>
  <testcase name="test_is53WeekYear[19: 111]" classname="org.threeten.extra.TestYearWeek" time="0"/>
  <testcase name="test_is53WeekYear[20: 116]" classname="org.threeten.extra.TestYearWeek" time="0"/>
  <testcase name="test_is53WeekYear[21: 122]" classname="org.threeten.extra.TestYearWeek" time="0"/>
  <testcase name="test_is53WeekYear[22: 128]" classname="org.threeten.extra.TestYearWeek" time="0"/>
  <testcase name="test_is53WeekYear[23: 133]" classname="org.threeten.extra.TestYearWeek" time="0"/>
  <testcase name="test_is53WeekYear[24: 139]" classname="org.threeten.extra.TestYearWeek" time="0"/>
  <testcase name="test_is53WeekYear[25: 144]" classname="org.threeten.extra.TestYearWeek" time="0"/>
  <testcase name="test_is53WeekYear[26: 150]" classname="org.threeten.extra.TestYearWeek" time="0"/>
  <testcase name="test_is53WeekYear[27: 156]" classname="org.threeten.extra.TestYearWeek" time="0"/>
  <testcase name="test_is53WeekYear[28: 161]" classname="org.threeten.extra.TestYearWeek" time="0"/>
  <testcase name="test_is53WeekYear[29: 167]" classname="org.threeten.extra.TestYearWeek" time="0"/>
  <testcase name="test_is53WeekYear[30: 172]" classname="org.threeten.extra.TestYearWeek" time="0"/>
  <testcase name="test_is53WeekYear[31: 178]" classname="org.threeten.extra.TestYearWeek" time="0"/>
  <testcase name="test_is53WeekYear[32: 184]" classname="org.threeten.extra.TestYearWeek" time="0"/>
  <testcase name="test_is53WeekYear[33: 189]" classname="org.threeten.extra.TestYearWeek" time="0"/>
  <testcase name="test_is53WeekYear[34: 195]" classname="org.threeten.extra.TestYearWeek" time="0"/>
  <testcase name="test_is53WeekYear[35: 201]" classname="org.threeten.extra.TestYearWeek" time="0"/>
  <testcase name="test_is53WeekYear[36: 207]" classname="org.threeten.extra.TestYearWeek" time="0"/>
  <testcase name="test_is53WeekYear[37: 212]" classname="org.threeten.extra.TestYearWeek" time="0"/>
  <testcase name="test_is53WeekYear[38: 218]" classname="org.threeten.extra.TestYearWeek" time="0"/>
  <testcase name="test_is53WeekYear[39: 224]" classname="org.threeten.extra.TestYearWeek" time="0"/>
  <testcase name="test_is53WeekYear[40: 229]" classname="org.threeten.extra.TestYearWeek" time="0"/>
  <testcase name="test_is53WeekYear[41: 235]" classname="org.threeten.extra.TestYearWeek" time="0"/>
  <testcase name="test_is53WeekYear[42: 240]" classname="org.threeten.extra.TestYearWeek" time="0"/>
  <testcase name="test_is53WeekYear[43: 246]" classname="org.threeten.extra.TestYearWeek" time="0"/>
  <testcase name="test_is53WeekYear[44: 252]" classname="org.threeten.extra.TestYearWeek" time="0"/>
  <testcase name="test_is53WeekYear[45: 257]" classname="org.threeten.extra.TestYearWeek" time="0"/>
  <testcase name="test_is53WeekYear[46: 263]" classname="org.threeten.extra.TestYearWeek" time="0"/>
  <testcase name="test_is53WeekYear[47: 268]" classname="org.threeten.extra.TestYearWeek" time="0"/>
  <testcase name="test_is53WeekYear[48: 274]" classname="org.threeten.extra.TestYearWeek" time="0"/>
  <testcase name="test_is53WeekYear[49: 280]" classname="org.threeten.extra.TestYearWeek" time="0"/>
  <testcase name="test_is53WeekYear[50: 285]" classname="org.threeten.extra.TestYearWeek" time="0"/>
  <testcase name="test_is53WeekYear[51: 291]" classname="org.threeten.extra.TestYearWeek" time="0"/>
  <testcase name="test_is53WeekYear[52: 296]" classname="org.threeten.extra.TestYearWeek" time="0"/>
  <testcase name="test_is53WeekYear[53: 303]" classname="org.threeten.extra.TestYearWeek" time="0"/>
  <testcase name="test_is53WeekYear[54: 308]" classname="org.threeten.extra.TestYearWeek" time="0"/>
  <testcase name="test_is53WeekYear[55: 314]" classname="org.threeten.extra.TestYearWeek" time="0"/>
  <testcase name="test_is53WeekYear[56: 320]" classname="org.threeten.extra.TestYearWeek" time="0"/>
  <testcase name="test_is53WeekYear[57: 325]" classname="org.threeten.extra.TestYearWeek" time="0"/>
  <testcase name="test_is53WeekYear[58: 331]" classname="org.threeten.extra.TestYearWeek" time="0"/>
  <testcase name="test_is53WeekYear[59: 336]" classname="org.threeten.extra.TestYearWeek" time="0"/>
  <testcase name="test_is53WeekYear[60: 342]" classname="org.threeten.extra.TestYearWeek" time="0"/>
  <testcase name="test_is53WeekYear[61: 348]" classname="org.threeten.extra.TestYearWeek" time="0"/>
  <testcase name="test_is53WeekYear[62: 353]" classname="org.threeten.extra.TestYearWeek" time="0"/>
  <testcase name="test_is53WeekYear[63: 359]" classname="org.threeten.extra.TestYearWeek" time="0"/>
  <testcase name="test_is53WeekYear[64: 364]" classname="org.threeten.extra.TestYearWeek" time="0"/>
  <testcase name="test_is53WeekYear[65: 370]" classname="org.threeten.extra.TestYearWeek" time="0"/>
  <testcase name="test_is53WeekYear[66: 376]" classname="org.threeten.extra.TestYearWeek" time="0"/>
  <testcase name="test_is53WeekYear[67: 381]" classname="org.threeten.extra.TestYearWeek" time="0"/>
  <testcase name="test_is53WeekYear[68: 387]" classname="org.threeten.extra.TestYearWeek" time="0"/>
  <testcase name="test_is53WeekYear[69: 392]" classname="org.threeten.extra.TestYearWeek" time="0"/>
  <testcase name="test_is53WeekYear[70: 398]" classname="org.threeten.extra.TestYearWeek" time="0"/>
  <testcase name="test_getLong_null" classname="org.threeten.extra.TestYearWeek" time="0"/>
  <testcase name="now_ZoneId" classname="org.threeten.extra.TestYearWeek" time="0"/>
  <testcase name="test_plusYears_max_long" classname="org.threeten.extra.TestYearWeek" time="0"/>
  <testcase name="test_compareTo_nullYearWeek" classname="org.threeten.extra.TestYearWeek" time="0"/>
  <testcase name="test_parse_CharSequenceDate_invalidWeek" classname="org.threeten.extra.TestYearWeek" time="0"/>
  <testcase name="test_parse_CharSequenceDate_invalidYear" classname="org.threeten.extra.TestYearWeek" time="0"/>
  <testcase name="test_equals" classname="org.threeten.extra.TestYearWeek" time="0"/>
  <testcase name="test_format" classname="org.threeten.extra.TestYearWeek" time="0"/>
  <testcase name="test_parse_CharSequenceDateDateTimeFormatter_invalidWeek" classname="org.threeten.extra.TestYearWeek" time="0"/>
  <testcase name="test_atDay_null" classname="org.threeten.extra.TestYearWeek" time="0"/>
  <testcase name="test_minusWeeks_negative" classname="org.threeten.extra.TestYearWeek" time="0"/>
  <testcase name="test_serialization" classname="org.threeten.extra.TestYearWeek" time="0.001"/>
  <testcase name="test_of_year_tooLow" classname="org.threeten.extra.TestYearWeek" time="0"/>
  <testcase name="now_Clock" classname="org.threeten.extra.TestYearWeek" time="0"/>
  <testcase name="test_withWeek_sameWeek" classname="org.threeten.extra.TestYearWeek" time="0"/>
  <testcase name="test_parse_CharSequenceDateTimeFormatter_nullCharSequence" classname="org.threeten.extra.TestYearWeek" time="0"/>
  <testcase name="test_parse_CharSequence" classname="org.threeten.extra.TestYearWeek" time="0.001"/>
  <testcase name="now_ZoneId_nullZoneId" classname="org.threeten.extra.TestYearWeek" time="0"/>
  <testcase name="test_atDay_loop20years" classname="org.threeten.extra.TestYearWeek" time="0.005"/>
  <testcase name="test_plusWeeks_max_long" classname="org.threeten.extra.TestYearWeek" time="0"/>
  <testcase name="now_Clock_nullClock" classname="org.threeten.extra.TestYearWeek" time="0"/>
  <testcase name="test_minusWeeks" classname="org.threeten.extra.TestYearWeek" time="0.001"/>
  <testcase name="test_minusYears" classname="org.threeten.extra.TestYearWeek" time="0"/>
  <testcase name="test_withWeek_int_max" classname="org.threeten.extra.TestYearWeek" time="0"/>
  <testcase name="test_withWeek_int_min" classname="org.threeten.extra.TestYearWeek" time="0"/>
  <testcase name="test_minusYears_min_long" classname="org.threeten.extra.TestYearWeek" time="0"/>
  <testcase name="test_minWeeks_min_long" classname="org.threeten.extra.TestYearWeek" time="0"/>
  <testcase name="test_get_null" classname="org.threeten.extra.TestYearWeek" time="0"/>
  <testcase name="test_adjustInto" classname="org.threeten.extra.TestYearWeek" time="0"/>
  <testcase name="test_parse_CharSequenceDateTimeFormatter_nullDateTimeFormatter" classname="org.threeten.extra.TestYearWeek" time="0"/>
  <testcase name="test_from_TemporalAccessor_noDerive" classname="org.threeten.extra.TestYearWeek" time="0.001"/>
  <testcase name="test_plusWeeks_negative" classname="org.threeten.extra.TestYearWeek" time="0"/>
  <testcase name="test_withYear_sameYear" classname="org.threeten.extra.TestYearWeek" time="0"/>
  <testcase name="test_withYear_resolve" classname="org.threeten.extra.TestYearWeek" time="0"/>
  <testcase name="test_range_null" classname="org.threeten.extra.TestYearWeek" time="0"/>
  <testcase name="test_toString" classname="org.threeten.extra.TestYearWeek" time="0"/>
  <testcase name="test_toString[0: 2015, 1, 2015-W01]" classname="org.threeten.extra.TestYearWeek" time="0"/>
  <testcase name="test_toString[1: 2015, 10, 2015-W10]" classname="org.threeten.extra.TestYearWeek" time="0"/>
  <testcase name="test_toString[2: 999, 1, 0999-W01]" classname="org.threeten.extra.TestYearWeek" time="0"/>
  <testcase name="test_toString[3: -999, 1, -0999-W01]" classname="org.threeten.extra.TestYearWeek" time="0.001"/>
  <testcase name="test_toString[4: 10000, 1, +10000-W01]" classname="org.threeten.extra.TestYearWeek" time="0"/>
  <testcase name="test_toString[5: -10000, 1, -10000-W01]" classname="org.threeten.extra.TestYearWeek" time="0"/>
  <testcase name="test_of_invalidWeekValue" classname="org.threeten.extra.TestYearWeek" time="0"/>
  <testcase name="test_isSupported_TemporalField" classname="org.threeten.extra.TestYearWeek" time="0"/>
  <testcase name="test_interfaces" classname="org.threeten.extra.TestYearWeek" time="0"/>
  <testcase name="test_plusYears_changeWeek" classname="org.threeten.extra.TestYearWeek" time="0"/>
  <testcase name="test_of_year_tooHigh" classname="org.threeten.extra.TestYearWeek" time="0"/>
  <testcase name="test_from_TemporalAccessor_null" classname="org.threeten.extra.TestYearWeek" time="0"/>
  <testcase name="test_plusYears_min_long" classname="org.threeten.extra.TestYearWeek" time="0"/>
  <testcase name="test_minusYears_changeWeek" classname="org.threeten.extra.TestYearWeek" time="0"/>
  <testcase name="test_of_invalidWeekValueZero" classname="org.threeten.extra.TestYearWeek" time="0"/>
  <testcase name="test_withYear_int_max" classname="org.threeten.extra.TestYearWeek" time="0"/>
  <testcase name="test_withYear_int_min" classname="org.threeten.extra.TestYearWeek" time="0"/>
  <testcase name="test_atDay[0: 2014, 52, MONDAY, 2014, 12, 22]" classname="org.threeten.extra.TestYearWeek" time="0"/>
  <testcase name="test_atDay[1: 2014, 52, TUESDAY, 2014, 12, 23]" classname="org.threeten.extra.TestYearWeek" time="0"/>
  <testcase name="test_atDay[2: 2014, 52, WEDNESDAY, 2014, 12, 24]" classname="org.threeten.extra.TestYearWeek" time="0"/>
  <testcase name="test_atDay[3: 2014, 52, THURSDAY, 2014, 12, 25]" classname="org.threeten.extra.TestYearWeek" time="0"/>
  <testcase name="test_atDay[4: 2014, 52, FRIDAY, 2014, 12, 26]" classname="org.threeten.extra.TestYearWeek" time="0"/>
  <testcase name="test_atDay[5: 2014, 52, SATURDAY, 2014, 12, 27]" classname="org.threeten.extra.TestYearWeek" time="0"/>
  <testcase name="test_atDay[6: 2014, 52, SUNDAY, 2014, 12, 28]" classname="org.threeten.extra.TestYearWeek" time="0"/>
  <testcase name="test_atDay[7: 2015, 1, MONDAY, 2014, 12, 29]" classname="org.threeten.extra.TestYearWeek" time="0"/>
  <testcase name="test_atDay[8: 2015, 1, TUESDAY, 2014, 12, 30]" classname="org.threeten.extra.TestYearWeek" time="0.001"/>
  <testcase name="test_atDay[9: 2015, 1, WEDNESDAY, 2014, 12, 31]" classname="org.threeten.extra.TestYearWeek" time="0"/>
  <testcase name="test_atDay[10: 2015, 1, THURSDAY, 2015, 1, 1]" classname="org.threeten.extra.TestYearWeek" time="0"/>
  <testcase name="test_atDay[11: 2015, 1, FRIDAY, 2015, 1, 2]" classname="org.threeten.extra.TestYearWeek" time="0"/>
  <testcase name="test_atDay[12: 2015, 1, SATURDAY, 2015, 1, 3]" classname="org.threeten.extra.TestYearWeek" time="0"/>
  <testcase name="test_atDay[13: 2015, 1, SUNDAY, 2015, 1, 4]" classname="org.threeten.extra.TestYearWeek" time="0"/>
  <testcase name="test_atDay[14: 2015, 53, FRIDAY, 2016, 1, 1]" classname="org.threeten.extra.TestYearWeek" time="0"/>
  <testcase name="test_atDay[15: 2015, 53, SATURDAY, 2016, 1, 2]" classname="org.threeten.extra.TestYearWeek" time="0"/>
  <testcase name="test_atDay[16: 2015, 53, SUNDAY, 2016, 1, 3]" classname="org.threeten.extra.TestYearWeek" time="0"/>
  <testcase name="test_atDay[17: 2016, 1, MONDAY, 2016, 1, 4]" classname="org.threeten.extra.TestYearWeek" time="0.001"/>
  <testcase name="test_atDay[18: 2016, 52, SUNDAY, 2017, 1, 1]" classname="org.threeten.extra.TestYearWeek" time="0"/>
  <testcase name="test_atDay[19: 2017, 1, MONDAY, 2017, 1, 2]" classname="org.threeten.extra.TestYearWeek" time="0"/>
  <testcase name="test_atDay[20: 2017, 1, TUESDAY, 2017, 1, 3]" classname="org.threeten.extra.TestYearWeek" time="0"/>
  <testcase name="test_atDay[21: 2017, 1, WEDNESDAY, 2017, 1, 4]" classname="org.threeten.extra.TestYearWeek" time="0"/>
  <testcase name="test_atDay[22: 2017, 1, THURSDAY, 2017, 1, 5]" classname="org.threeten.extra.TestYearWeek" time="0"/>
  <testcase name="test_atDay[23: 2017, 1, FRIDAY, 2017, 1, 6]" classname="org.threeten.extra.TestYearWeek" time="0"/>
  <testcase name="test_atDay[24: 2017, 1, SATURDAY, 2017, 1, 7]" classname="org.threeten.extra.TestYearWeek" time="0"/>
  <testcase name="test_atDay[25: 2017, 1, SUNDAY, 2017, 1, 8]" classname="org.threeten.extra.TestYearWeek" time="0"/>
  <testcase name="test_atDay[26: 2025, 1, MONDAY, 2024, 12, 30]" classname="org.threeten.extra.TestYearWeek" time="0"/>
  <testcase name="test_carry" classname="org.threeten.extra.TestYearWeek" time="0"/>
  <testcase name="test_query" classname="org.threeten.extra.TestYearWeek" time="0"/>
  <testcase name="test_range" classname="org.threeten.extra.TestYearWeek" time="0"/>
  <testcase name="test_lengthOfYear" classname="org.threeten.extra.TestYearWeek" time="0"/>
  <testcase name="test_withWeek" classname="org.threeten.extra.TestYearWeek" time="0"/>
  <testcase name="test_withYear" classname="org.threeten.extra.TestYearWeek" time="0"/>
  <testcase name="test_equalsAndHashCodeContract[0: 2015, 1]" classname="org.threeten.extra.TestYearWeek" time="0"/>
  <testcase name="test_equalsAndHashCodeContract[1: 2015, 2]" classname="org.threeten.extra.TestYearWeek" time="0.001"/>
  <testcase name="test_equalsAndHashCodeContract[2: 2015, 3]" classname="org.threeten.extra.TestYearWeek" time="0"/>
  <testcase name="test_equalsAndHashCodeContract[3: 2015, 4]" classname="org.threeten.extra.TestYearWeek" time="0"/>
  <testcase name="test_equalsAndHashCodeContract[4: 2015, 5]" classname="org.threeten.extra.TestYearWeek" time="0"/>
  <testcase name="test_equalsAndHashCodeContract[5: 2015, 6]" classname="org.threeten.extra.TestYearWeek" time="0"/>
  <testcase name="test_equalsAndHashCodeContract[6: 2015, 7]" classname="org.threeten.extra.TestYearWeek" time="0"/>
  <testcase name="test_equalsAndHashCodeContract[7: 2015, 8]" classname="org.threeten.extra.TestYearWeek" time="0"/>
  <testcase name="test_equalsAndHashCodeContract[8: 2015, 9]" classname="org.threeten.extra.TestYearWeek" time="0"/>
  <testcase name="test_equalsAndHashCodeContract[9: 2015, 10]" classname="org.threeten.extra.TestYearWeek" time="0"/>
  <testcase name="test_equalsAndHashCodeContract[10: 2015, 11]" classname="org.threeten.extra.TestYearWeek" time="0"/>
  <testcase name="test_equalsAndHashCodeContract[11: 2015, 12]" classname="org.threeten.extra.TestYearWeek" time="0"/>
  <testcase name="test_equalsAndHashCodeContract[12: 2015, 13]" classname="org.threeten.extra.TestYearWeek" time="0"/>
  <testcase name="test_equalsAndHashCodeContract[13: 2015, 14]" classname="org.threeten.extra.TestYearWeek" time="0"/>
  <testcase name="test_equalsAndHashCodeContract[14: 2015, 15]" classname="org.threeten.extra.TestYearWeek" time="0"/>
  <testcase name="test_equalsAndHashCodeContract[15: 2015, 16]" classname="org.threeten.extra.TestYearWeek" time="0"/>
  <testcase name="test_equalsAndHashCodeContract[16: 2015, 17]" classname="org.threeten.extra.TestYearWeek" time="0"/>
  <testcase name="test_equalsAndHashCodeContract[17: 2015, 18]" classname="org.threeten.extra.TestYearWeek" time="0"/>
  <testcase name="test_equalsAndHashCodeContract[18: 2015, 19]" classname="org.threeten.extra.TestYearWeek" time="0"/>
  <testcase name="test_equalsAndHashCodeContract[19: 2015, 20]" classname="org.threeten.extra.TestYearWeek" time="0"/>
  <testcase name="test_equalsAndHashCodeContract[20: 2015, 21]" classname="org.threeten.extra.TestYearWeek" time="0"/>
  <testcase name="test_equalsAndHashCodeContract[21: 2015, 22]" classname="org.threeten.extra.TestYearWeek" time="0.001"/>
  <testcase name="test_equalsAndHashCodeContract[22: 2015, 21]" classname="org.threeten.extra.TestYearWeek" time="0"/>
  <testcase name="test_equalsAndHashCodeContract[23: 2015, 22]" classname="org.threeten.extra.TestYearWeek" time="0"/>
  <testcase name="test_equalsAndHashCodeContract[24: 2015, 23]" classname="org.threeten.extra.TestYearWeek" time="0"/>
  <testcase name="test_equalsAndHashCodeContract[25: 2015, 23]" classname="org.threeten.extra.TestYearWeek" time="0"/>
  <testcase name="test_equalsAndHashCodeContract[26: 2015, 24]" classname="org.threeten.extra.TestYearWeek" time="0"/>
  <testcase name="test_equalsAndHashCodeContract[27: 2015, 25]" classname="org.threeten.extra.TestYearWeek" time="0"/>
  <testcase name="test_equalsAndHashCodeContract[28: 2015, 26]" classname="org.threeten.extra.TestYearWeek" time="0"/>
  <testcase name="test_equalsAndHashCodeContract[29: 2015, 27]" classname="org.threeten.extra.TestYearWeek" time="0"/>
  <testcase name="test_equalsAndHashCodeContract[30: 2015, 28]" classname="org.threeten.extra.TestYearWeek" time="0"/>
  <testcase name="test_equalsAndHashCodeContract[31: 2015, 29]" classname="org.threeten.extra.TestYearWeek" time="0"/>
  <testcase name="test_equalsAndHashCodeContract[32: 2015, 30]" classname="org.threeten.extra.TestYearWeek" time="0"/>
  <testcase name="test_equalsAndHashCodeContract[33: 2015, 31]" classname="org.threeten.extra.TestYearWeek" time="0"/>
  <testcase name="test_equalsAndHashCodeContract[34: 2015, 32]" classname="org.threeten.extra.TestYearWeek" time="0"/>
  <testcase name="test_equalsAndHashCodeContract[35: 2015, 33]" classname="org.threeten.extra.TestYearWeek" time="0"/>
  <testcase name="test_equalsAndHashCodeContract[36: 2015, 34]" classname="org.threeten.extra.TestYearWeek" time="0"/>
  <testcase name="test_equalsAndHashCodeContract[37: 2015, 35]" classname="org.threeten.extra.TestYearWeek" time="0"/>
  <testcase name="test_equalsAndHashCodeContract[38: 2015, 36]" classname="org.threeten.extra.TestYearWeek" time="0"/>
  <testcase name="test_equalsAndHashCodeContract[39: 2015, 37]" classname="org.threeten.extra.TestYearWeek" time="0"/>
  <testcase name="test_equalsAndHashCodeContract[40: 2015, 38]" classname="org.threeten.extra.TestYearWeek" time="0"/>
  <testcase name="test_equalsAndHashCodeContract[41: 2015, 39]" classname="org.threeten.extra.TestYearWeek" time="0"/>
  <testcase name="test_equalsAndHashCodeContract[42: 2015, 40]" classname="org.threeten.extra.TestYearWeek" time="0"/>
  <testcase name="test_equalsAndHashCodeContract[43: 2015, 41]" classname="org.threeten.extra.TestYearWeek" time="0"/>
  <testcase name="test_equalsAndHashCodeContract[44: 2015, 42]" classname="org.threeten.extra.TestYearWeek" time="0"/>
  <testcase name="test_equalsAndHashCodeContract[45: 2015, 43]" classname="org.threeten.extra.TestYearWeek" time="0"/>
  <testcase name="test_equalsAndHashCodeContract[46: 2015, 44]" classname="org.threeten.extra.TestYearWeek" time="0"/>
  <testcase name="test_equalsAndHashCodeContract[47: 2015, 45]" classname="org.threeten.extra.TestYearWeek" time="0"/>
  <testcase name="test_equalsAndHashCodeContract[48: 2015, 46]" classname="org.threeten.extra.TestYearWeek" time="0"/>
  <testcase name="test_equalsAndHashCodeContract[49: 2015, 47]" classname="org.threeten.extra.TestYearWeek" time="0"/>
  <testcase name="test_equalsAndHashCodeContract[50: 2015, 48]" classname="org.threeten.extra.TestYearWeek" time="0"/>
  <testcase name="test_equalsAndHashCodeContract[51: 2015, 49]" classname="org.threeten.extra.TestYearWeek" time="0"/>
  <testcase name="test_equalsAndHashCodeContract[52: 2015, 50]" classname="org.threeten.extra.TestYearWeek" time="0"/>
  <testcase name="test_equalsAndHashCodeContract[53: 2015, 51]" classname="org.threeten.extra.TestYearWeek" time="0"/>
  <testcase name="test_equalsAndHashCodeContract[54: 2015, 52]" classname="org.threeten.extra.TestYearWeek" time="0.001"/>
  <testcase name="test_equalsAndHashCodeContract[55: 2015, 53]" classname="org.threeten.extra.TestYearWeek" time="0"/>
</testsuite>