<?xml version="1.0" encoding="UTF-8"?>
<testsuite xmlns:xsi="http://www.w3.org/2001/XMLSchema-instance" xsi:schemaLocation="https://maven.apache.org/surefire/maven-surefire-plugin/xsd/surefire-test-report.xsd" name="org.threeten.extra.scale.TestTaiInstant" time="0.107" tests="382" errors="0" skipped="0" failures="0">
  <properties>
    <property name="java.runtime.name" value="OpenJDK Runtime Environment"/>
    <property name="sun.boot.library.path" value="/usr/local/openjdk-8/jre/lib/amd64"/>
    <property name="java.vm.version" value="25.262-b10"/>
    <property name="animal.sniffer.skip" value="true"/>
    <property name="java.vm.vendor" value="Oracle Corporation"/>
    <property name="maven.multiModuleProjectDirectory" value="/tmp/tmpykopg0s2/threeten-extra"/>
    <property name="maven.javadoc.skip" value="true"/>
    <property name="java.vendor.url" value="http://java.oracle.com/"/>
    <property name="path.separator" value=":"/>
    <property name="guice.disable.misplaced.annotation.check" value="true"/>
    <property name="java.vm.name" value="OpenJDK 64-Bit Server VM"/>
    <property name="file.encoding.pkg" value="sun.io"/>
    <property name="sun.java.launcher" value="SUN_STANDARD"/>
    <property name="sun.os.patch.level" value="unknown"/>
    <property name="source.skip" value="true"/>
    <property name="java.vm.specification.name" value="Java Virtual Machine Specification"/>
    <property name="user.dir" value="/tmp/tmpykopg0s2/threeten-extra"/>
    <property name="java.runtime.version" value="1.8.0_262-b10"/>
    <property name="java.awt.graphicsenv" value="sun.awt.X11GraphicsEnvironment"/>
    <property name="java.endorsed.dirs" value="/usr/local/openjdk-8/jre/lib/endorsed"/>
    <property name="os.arch" value="amd64"/>
    <property name="java.io.tmpdir" value="/tmp"/>
    <property name="line.separator" value="&#10;"/>
    <property name="java.vm.specification.vendor" value="Oracle Corporation"/>
    <property name="os.name" value="Linux"/>
    <property name="classworlds.conf" value="/usr/share/maven/bin/m2.conf"/>
    <property name="sun.jnu.encoding" value="UTF-8"/>
    <property name="java.library.path" value="/usr/java/packages/lib/amd64:/usr/lib64:/lib64:/lib:/usr/lib"/>
    <property name="license.skip" value="true"/>
    <property name="maven.conf" value="/usr/share/maven/conf"/>
    <property name="java.specification.name" value="Java Platform API Specification"/>
    <property name="java.class.version" value="52.0"/>
    <property name="sun.management.compiler" value="HotSpot 64-Bit Tiered Compilers"/>
    <property name="maven.test.failure.ignore" value="true"/>
    <property name="os.version" value="4.15.0-109-generic"/>
    <property name="library.jansi.path" value="/usr/share/maven/lib/jansi-native"/>
    <property name="user.home" value="/home/jdbl"/>
    <property name="user.timezone" value="Etc/UTC"/>
    <property name="java.awt.printerjob" value="sun.print.PSPrinterJob"/>
    <property name="java.specification.version" value="1.8"/>
    <property name="file.encoding" value="UTF-8"/>
    <property name="user.name" value="jdbl"/>
    <property name="java.class.path" value="/usr/share/maven/boot/plexus-classworlds-2.6.0.jar"/>
    <property name="java.vm.specification.version" value="1.8"/>
    <property name="sun.arch.data.model" value="64"/>
    <property name="java.home" value="/usr/local/openjdk-8/jre"/>
    <property name="sun.java.command" value="org.codehaus.plexus.classworlds.launcher.Launcher test -e --fail-never -ntp -Dmaven.test.failure.ignore=true -B -Dmaven.javadoc.skip=true -Drat.skip=true -Danimal.sniffer.skip=true -Dmaven.javadoc.skip=true -Dlicense.skip=true -Dsource.skip=true"/>
    <property name="java.specification.vendor" value="Oracle Corporation"/>
    <property name="user.language" value="en"/>
    <property name="awt.toolkit" value="sun.awt.X11.XToolkit"/>
    <property name="java.vm.info" value="mixed mode"/>
    <property name="java.version" value="1.8.0_262"/>
    <property name="java.ext.dirs" value="/usr/local/openjdk-8/jre/lib/ext:/usr/java/packages/lib/ext"/>
    <property name="securerandom.source" value="file:/dev/./urandom"/>
    <property name="sun.boot.class.path" value="/usr/local/openjdk-8/jre/lib/resources.jar:/usr/local/openjdk-8/jre/lib/rt.jar:/usr/local/openjdk-8/jre/lib/sunrsasign.jar:/usr/local/openjdk-8/jre/lib/jsse.jar:/usr/local/openjdk-8/jre/lib/jce.jar:/usr/local/openjdk-8/jre/lib/charsets.jar:/usr/local/openjdk-8/jre/lib/jfr.jar:/usr/local/openjdk-8/jre/classes"/>
    <property name="java.vendor" value="Oracle Corporation"/>
    <property name="rat.skip" value="true"/>
    <property name="maven.home" value="/usr/share/maven"/>
    <property name="file.separator" value="/"/>
    <property name="java.vendor.url.bug" value="http://bugreport.sun.com/bugreport/"/>
    <property name="sun.cpu.endian" value="little"/>
    <property name="sun.io.unicode.encoding" value="UnicodeLittle"/>
    <property name="sun.cpu.isalist" value=""/>
  </properties>
  <testcase name="factory_ofTaiSeconds_long_long_tooBig" classname="org.threeten.extra.scale.TestTaiInstant" time="0"/>
  <testcase name="test_durationUntil_twoNanosNegative" classname="org.threeten.extra.scale.TestTaiInstant" time="0"/>
  <testcase name="test_minus_overflowTooBig" classname="org.threeten.extra.scale.TestTaiInstant" time="0"/>
  <testcase name="factory_ofTaiSeconds_long_long_nanosNegativeAdjusted" classname="org.threeten.extra.scale.TestTaiInstant" time="0.001"/>
  <testcase name="test_withTAISeconds[0: 0, 12345, 1, 1, 12345]" classname="org.threeten.extra.scale.TestTaiInstant" time="0"/>
  <testcase name="test_withTAISeconds[1: 0, 12345, -1, -1, 12345]" classname="org.threeten.extra.scale.TestTaiInstant" time="0"/>
  <testcase name="test_withTAISeconds[2: 7, 12345, 2, 2, 12345]" classname="org.threeten.extra.scale.TestTaiInstant" time="0"/>
  <testcase name="test_withTAISeconds[3: 7, 12345, -2, -2, 12345]" classname="org.threeten.extra.scale.TestTaiInstant" time="0"/>
  <testcase name="test_withTAISeconds[4: -99, 12345, 3, 3, 12345]" classname="org.threeten.extra.scale.TestTaiInstant" time="0"/>
  <testcase name="test_withTAISeconds[5: -99, 12345, -3, -3, 12345]" classname="org.threeten.extra.scale.TestTaiInstant" time="0"/>
  <testcase name="factory_ofTaiSecondslong_long" classname="org.threeten.extra.scale.TestTaiInstant" time="0"/>
  <testcase name="test_plus[0: -9223372036854775808, 0, 9223372036854775807, 0, -1, 0]" classname="org.threeten.extra.scale.TestTaiInstant" time="0"/>
  <testcase name="test_plus[1: -4, 666666667, -4, 666666667, -7, 333333334]" classname="org.threeten.extra.scale.TestTaiInstant" time="0"/>
  <testcase name="test_plus[2: -4, 666666667, -3, 0, -7, 666666667]" classname="org.threeten.extra.scale.TestTaiInstant" time="0"/>
  <testcase name="test_plus[3: -4, 666666667, -2, 0, -6, 666666667]" classname="org.threeten.extra.scale.TestTaiInstant" time="0"/>
  <testcase name="test_plus[4: -4, 666666667, -1, 0, -5, 666666667]" classname="org.threeten.extra.scale.TestTaiInstant" time="0"/>
  <testcase name="test_plus[5: -4, 666666667, -1, 333333334, -4, 1]" classname="org.threeten.extra.scale.TestTaiInstant" time="0"/>
  <testcase name="test_plus[6: -4, 666666667, -1, 666666667, -4, 333333334]" classname="org.threeten.extra.scale.TestTaiInstant" time="0"/>
  <testcase name="test_plus[7: -4, 666666667, -1, 999999999, -4, 666666666]" classname="org.threeten.extra.scale.TestTaiInstant" time="0"/>
  <testcase name="test_plus[8: -4, 666666667, 0, 0, -4, 666666667]" classname="org.threeten.extra.scale.TestTaiInstant" time="0"/>
  <testcase name="test_plus[9: -4, 666666667, 0, 1, -4, 666666668]" classname="org.threeten.extra.scale.TestTaiInstant" time="0"/>
  <testcase name="test_plus[10: -4, 666666667, 0, 333333333, -3, 0]" classname="org.threeten.extra.scale.TestTaiInstant" time="0"/>
  <testcase name="test_plus[11: -4, 666666667, 0, 666666666, -3, 333333333]" classname="org.threeten.extra.scale.TestTaiInstant" time="0"/>
  <testcase name="test_plus[12: -4, 666666667, 1, 0, -3, 666666667]" classname="org.threeten.extra.scale.TestTaiInstant" time="0"/>
  <testcase name="test_plus[13: -4, 666666667, 2, 0, -2, 666666667]" classname="org.threeten.extra.scale.TestTaiInstant" time="0"/>
  <testcase name="test_plus[14: -4, 666666667, 3, 0, -1, 666666667]" classname="org.threeten.extra.scale.TestTaiInstant" time="0"/>
  <testcase name="test_plus[15: -4, 666666667, 3, 333333333, 0, 0]" classname="org.threeten.extra.scale.TestTaiInstant" time="0"/>
  <testcase name="test_plus[16: -3, 0, -4, 666666667, -7, 666666667]" classname="org.threeten.extra.scale.TestTaiInstant" time="0"/>
  <testcase name="test_plus[17: -3, 0, -3, 0, -6, 0]" classname="org.threeten.extra.scale.TestTaiInstant" time="0"/>
  <testcase name="test_plus[18: -3, 0, -2, 0, -5, 0]" classname="org.threeten.extra.scale.TestTaiInstant" time="0"/>
  <testcase name="test_plus[19: -3, 0, -1, 0, -4, 0]" classname="org.threeten.extra.scale.TestTaiInstant" time="0"/>
  <testcase name="test_plus[20: -3, 0, -1, 333333334, -4, 333333334]" classname="org.threeten.extra.scale.TestTaiInstant" time="0"/>
  <testcase name="test_plus[21: -3, 0, -1, 666666667, -4, 666666667]" classname="org.threeten.extra.scale.TestTaiInstant" time="0"/>
  <testcase name="test_plus[22: -3, 0, -1, 999999999, -4, 999999999]" classname="org.threeten.extra.scale.TestTaiInstant" time="0"/>
  <testcase name="test_plus[23: -3, 0, 0, 0, -3, 0]" classname="org.threeten.extra.scale.TestTaiInstant" time="0"/>
  <testcase name="test_plus[24: -3, 0, 0, 1, -3, 1]" classname="org.threeten.extra.scale.TestTaiInstant" time="0"/>
  <testcase name="test_plus[25: -3, 0, 0, 333333333, -3, 333333333]" classname="org.threeten.extra.scale.TestTaiInstant" time="0"/>
  <testcase name="test_plus[26: -3, 0, 0, 666666666, -3, 666666666]" classname="org.threeten.extra.scale.TestTaiInstant" time="0"/>
  <testcase name="test_plus[27: -3, 0, 1, 0, -2, 0]" classname="org.threeten.extra.scale.TestTaiInstant" time="0"/>
  <testcase name="test_plus[28: -3, 0, 2, 0, -1, 0]" classname="org.threeten.extra.scale.TestTaiInstant" time="0"/>
  <testcase name="test_plus[29: -3, 0, 3, 0, 0, 0]" classname="org.threeten.extra.scale.TestTaiInstant" time="0"/>
  <testcase name="test_plus[30: -3, 0, 3, 333333333, 0, 333333333]" classname="org.threeten.extra.scale.TestTaiInstant" time="0"/>
  <testcase name="test_plus[31: -2, 0, -4, 666666667, -6, 666666667]" classname="org.threeten.extra.scale.TestTaiInstant" time="0"/>
  <testcase name="test_plus[32: -2, 0, -3, 0, -5, 0]" classname="org.threeten.extra.scale.TestTaiInstant" time="0"/>
  <testcase name="test_plus[33: -2, 0, -2, 0, -4, 0]" classname="org.threeten.extra.scale.TestTaiInstant" time="0"/>
  <testcase name="test_plus[34: -2, 0, -1, 0, -3, 0]" classname="org.threeten.extra.scale.TestTaiInstant" time="0"/>
  <testcase name="test_plus[35: -2, 0, -1, 333333334, -3, 333333334]" classname="org.threeten.extra.scale.TestTaiInstant" time="0"/>
  <testcase name="test_plus[36: -2, 0, -1, 666666667, -3, 666666667]" classname="org.threeten.extra.scale.TestTaiInstant" time="0"/>
  <testcase name="test_plus[37: -2, 0, -1, 999999999, -3, 999999999]" classname="org.threeten.extra.scale.TestTaiInstant" time="0"/>
  <testcase name="test_plus[38: -2, 0, 0, 0, -2, 0]" classname="org.threeten.extra.scale.TestTaiInstant" time="0"/>
  <testcase name="test_plus[39: -2, 0, 0, 1, -2, 1]" classname="org.threeten.extra.scale.TestTaiInstant" time="0"/>
  <testcase name="test_plus[40: -2, 0, 0, 333333333, -2, 333333333]" classname="org.threeten.extra.scale.TestTaiInstant" time="0"/>
  <testcase name="test_plus[41: -2, 0, 0, 666666666, -2, 666666666]" classname="org.threeten.extra.scale.TestTaiInstant" time="0"/>
  <testcase name="test_plus[42: -2, 0, 1, 0, -1, 0]" classname="org.threeten.extra.scale.TestTaiInstant" time="0"/>
  <testcase name="test_plus[43: -2, 0, 2, 0, 0, 0]" classname="org.threeten.extra.scale.TestTaiInstant" time="0"/>
  <testcase name="test_plus[44: -2, 0, 3, 0, 1, 0]" classname="org.threeten.extra.scale.TestTaiInstant" time="0"/>
  <testcase name="test_plus[45: -2, 0, 3, 333333333, 1, 333333333]" classname="org.threeten.extra.scale.TestTaiInstant" time="0"/>
  <testcase name="test_plus[46: -1, 0, -4, 666666667, -5, 666666667]" classname="org.threeten.extra.scale.TestTaiInstant" time="0"/>
  <testcase name="test_plus[47: -1, 0, -3, 0, -4, 0]" classname="org.threeten.extra.scale.TestTaiInstant" time="0"/>
  <testcase name="test_plus[48: -1, 0, -2, 0, -3, 0]" classname="org.threeten.extra.scale.TestTaiInstant" time="0"/>
  <testcase name="test_plus[49: -1, 0, -1, 0, -2, 0]" classname="org.threeten.extra.scale.TestTaiInstant" time="0"/>
  <testcase name="test_plus[50: -1, 0, -1, 333333334, -2, 333333334]" classname="org.threeten.extra.scale.TestTaiInstant" time="0"/>
  <testcase name="test_plus[51: -1, 0, -1, 666666667, -2, 666666667]" classname="org.threeten.extra.scale.TestTaiInstant" time="0"/>
  <testcase name="test_plus[52: -1, 0, -1, 999999999, -2, 999999999]" classname="org.threeten.extra.scale.TestTaiInstant" time="0"/>
  <testcase name="test_plus[53: -1, 0, 0, 0, -1, 0]" classname="org.threeten.extra.scale.TestTaiInstant" time="0"/>
  <testcase name="test_plus[54: -1, 0, 0, 1, -1, 1]" classname="org.threeten.extra.scale.TestTaiInstant" time="0"/>
  <testcase name="test_plus[55: -1, 0, 0, 333333333, -1, 333333333]" classname="org.threeten.extra.scale.TestTaiInstant" time="0"/>
  <testcase name="test_plus[56: -1, 0, 0, 666666666, -1, 666666666]" classname="org.threeten.extra.scale.TestTaiInstant" time="0"/>
  <testcase name="test_plus[57: -1, 0, 1, 0, 0, 0]" classname="org.threeten.extra.scale.TestTaiInstant" time="0"/>
  <testcase name="test_plus[58: -1, 0, 2, 0, 1, 0]" classname="org.threeten.extra.scale.TestTaiInstant" time="0"/>
  <testcase name="test_plus[59: -1, 0, 3, 0, 2, 0]" classname="org.threeten.extra.scale.TestTaiInstant" time="0"/>
  <testcase name="test_plus[60: -1, 0, 3, 333333333, 2, 333333333]" classname="org.threeten.extra.scale.TestTaiInstant" time="0"/>
  <testcase name="test_plus[61: -1, 666666667, -4, 666666667, -4, 333333334]" classname="org.threeten.extra.scale.TestTaiInstant" time="0"/>
  <testcase name="test_plus[62: -1, 666666667, -3, 0, -4, 666666667]" classname="org.threeten.extra.scale.TestTaiInstant" time="0"/>
  <testcase name="test_plus[63: -1, 666666667, -2, 0, -3, 666666667]" classname="org.threeten.extra.scale.TestTaiInstant" time="0"/>
  <testcase name="test_plus[64: -1, 666666667, -1, 0, -2, 666666667]" classname="org.threeten.extra.scale.TestTaiInstant" time="0"/>
  <testcase name="test_plus[65: -1, 666666667, -1, 333333334, -1, 1]" classname="org.threeten.extra.scale.TestTaiInstant" time="0"/>
  <testcase name="test_plus[66: -1, 666666667, -1, 666666667, -1, 333333334]" classname="org.threeten.extra.scale.TestTaiInstant" time="0"/>
  <testcase name="test_plus[67: -1, 666666667, -1, 999999999, -1, 666666666]" classname="org.threeten.extra.scale.TestTaiInstant" time="0"/>
  <testcase name="test_plus[68: -1, 666666667, 0, 0, -1, 666666667]" classname="org.threeten.extra.scale.TestTaiInstant" time="0"/>
  <testcase name="test_plus[69: -1, 666666667, 0, 1, -1, 666666668]" classname="org.threeten.extra.scale.TestTaiInstant" time="0"/>
  <testcase name="test_plus[70: -1, 666666667, 0, 333333333, 0, 0]" classname="org.threeten.extra.scale.TestTaiInstant" time="0"/>
  <testcase name="test_plus[71: -1, 666666667, 0, 666666666, 0, 333333333]" classname="org.threeten.extra.scale.TestTaiInstant" time="0"/>
  <testcase name="test_plus[72: -1, 666666667, 1, 0, 0, 666666667]" classname="org.threeten.extra.scale.TestTaiInstant" time="0"/>
  <testcase name="test_plus[73: -1, 666666667, 2, 0, 1, 666666667]" classname="org.threeten.extra.scale.TestTaiInstant" time="0"/>
  <testcase name="test_plus[74: -1, 666666667, 3, 0, 2, 666666667]" classname="org.threeten.extra.scale.TestTaiInstant" time="0"/>
  <testcase name="test_plus[75: -1, 666666667, 3, 333333333, 3, 0]" classname="org.threeten.extra.scale.TestTaiInstant" time="0"/>
  <testcase name="test_plus[76: 0, 0, -4, 666666667, -4, 666666667]" classname="org.threeten.extra.scale.TestTaiInstant" time="0"/>
  <testcase name="test_plus[77: 0, 0, -3, 0, -3, 0]" classname="org.threeten.extra.scale.TestTaiInstant" time="0"/>
  <testcase name="test_plus[78: 0, 0, -2, 0, -2, 0]" classname="org.threeten.extra.scale.TestTaiInstant" time="0"/>
  <testcase name="test_plus[79: 0, 0, -1, 0, -1, 0]" classname="org.threeten.extra.scale.TestTaiInstant" time="0"/>
  <testcase name="test_plus[80: 0, 0, -1, 333333334, -1, 333333334]" classname="org.threeten.extra.scale.TestTaiInstant" time="0"/>
  <testcase name="test_plus[81: 0, 0, -1, 666666667, -1, 666666667]" classname="org.threeten.extra.scale.TestTaiInstant" time="0"/>
  <testcase name="test_plus[82: 0, 0, -1, 999999999, -1, 999999999]" classname="org.threeten.extra.scale.TestTaiInstant" time="0"/>
  <testcase name="test_plus[83: 0, 0, 0, 0, 0, 0]" classname="org.threeten.extra.scale.TestTaiInstant" time="0"/>
  <testcase name="test_plus[84: 0, 0, 0, 1, 0, 1]" classname="org.threeten.extra.scale.TestTaiInstant" time="0"/>
  <testcase name="test_plus[85: 0, 0, 0, 333333333, 0, 333333333]" classname="org.threeten.extra.scale.TestTaiInstant" time="0"/>
  <testcase name="test_plus[86: 0, 0, 0, 666666666, 0, 666666666]" classname="org.threeten.extra.scale.TestTaiInstant" time="0"/>
  <testcase name="test_plus[87: 0, 0, 1, 0, 1, 0]" classname="org.threeten.extra.scale.TestTaiInstant" time="0"/>
  <testcase name="test_plus[88: 0, 0, 2, 0, 2, 0]" classname="org.threeten.extra.scale.TestTaiInstant" time="0"/>
  <testcase name="test_plus[89: 0, 0, 3, 0, 3, 0]" classname="org.threeten.extra.scale.TestTaiInstant" time="0"/>
  <testcase name="test_plus[90: 0, 0, 3, 333333333, 3, 333333333]" classname="org.threeten.extra.scale.TestTaiInstant" time="0"/>
  <testcase name="test_plus[91: 0, 333333333, -4, 666666667, -3, 0]" classname="org.threeten.extra.scale.TestTaiInstant" time="0"/>
  <testcase name="test_plus[92: 0, 333333333, -3, 0, -3, 333333333]" classname="org.threeten.extra.scale.TestTaiInstant" time="0"/>
  <testcase name="test_plus[93: 0, 333333333, -2, 0, -2, 333333333]" classname="org.threeten.extra.scale.TestTaiInstant" time="0"/>
  <testcase name="test_plus[94: 0, 333333333, -1, 0, -1, 333333333]" classname="org.threeten.extra.scale.TestTaiInstant" time="0"/>
  <testcase name="test_plus[95: 0, 333333333, -1, 333333334, -1, 666666667]" classname="org.threeten.extra.scale.TestTaiInstant" time="0"/>
  <testcase name="test_plus[96: 0, 333333333, -1, 666666667, 0, 0]" classname="org.threeten.extra.scale.TestTaiInstant" time="0"/>
  <testcase name="test_plus[97: 0, 333333333, -1, 999999999, 0, 333333332]" classname="org.threeten.extra.scale.TestTaiInstant" time="0"/>
  <testcase name="test_plus[98: 0, 333333333, 0, 0, 0, 333333333]" classname="org.threeten.extra.scale.TestTaiInstant" time="0"/>
  <testcase name="test_plus[99: 0, 333333333, 0, 1, 0, 333333334]" classname="org.threeten.extra.scale.TestTaiInstant" time="0"/>
  <testcase name="test_plus[100: 0, 333333333, 0, 333333333, 0, 666666666]" classname="org.threeten.extra.scale.TestTaiInstant" time="0"/>
  <testcase name="test_plus[101: 0, 333333333, 0, 666666666, 0, 999999999]" classname="org.threeten.extra.scale.TestTaiInstant" time="0"/>
  <testcase name="test_plus[102: 0, 333333333, 1, 0, 1, 333333333]" classname="org.threeten.extra.scale.TestTaiInstant" time="0"/>
  <testcase name="test_plus[103: 0, 333333333, 2, 0, 2, 333333333]" classname="org.threeten.extra.scale.TestTaiInstant" time="0"/>
  <testcase name="test_plus[104: 0, 333333333, 3, 0, 3, 333333333]" classname="org.threeten.extra.scale.TestTaiInstant" time="0"/>
  <testcase name="test_plus[105: 0, 333333333, 3, 333333333, 3, 666666666]" classname="org.threeten.extra.scale.TestTaiInstant" time="0"/>
  <testcase name="test_plus[106: 1, 0, -4, 666666667, -3, 666666667]" classname="org.threeten.extra.scale.TestTaiInstant" time="0"/>
  <testcase name="test_plus[107: 1, 0, -3, 0, -2, 0]" classname="org.threeten.extra.scale.TestTaiInstant" time="0"/>
  <testcase name="test_plus[108: 1, 0, -2, 0, -1, 0]" classname="org.threeten.extra.scale.TestTaiInstant" time="0"/>
  <testcase name="test_plus[109: 1, 0, -1, 0, 0, 0]" classname="org.threeten.extra.scale.TestTaiInstant" time="0"/>
  <testcase name="test_plus[110: 1, 0, -1, 333333334, 0, 333333334]" classname="org.threeten.extra.scale.TestTaiInstant" time="0"/>
  <testcase name="test_plus[111: 1, 0, -1, 666666667, 0, 666666667]" classname="org.threeten.extra.scale.TestTaiInstant" time="0"/>
  <testcase name="test_plus[112: 1, 0, -1, 999999999, 0, 999999999]" classname="org.threeten.extra.scale.TestTaiInstant" time="0"/>
  <testcase name="test_plus[113: 1, 0, 0, 0, 1, 0]" classname="org.threeten.extra.scale.TestTaiInstant" time="0"/>
  <testcase name="test_plus[114: 1, 0, 0, 1, 1, 1]" classname="org.threeten.extra.scale.TestTaiInstant" time="0"/>
  <testcase name="test_plus[115: 1, 0, 0, 333333333, 1, 333333333]" classname="org.threeten.extra.scale.TestTaiInstant" time="0"/>
  <testcase name="test_plus[116: 1, 0, 0, 666666666, 1, 666666666]" classname="org.threeten.extra.scale.TestTaiInstant" time="0"/>
  <testcase name="test_plus[117: 1, 0, 1, 0, 2, 0]" classname="org.threeten.extra.scale.TestTaiInstant" time="0"/>
  <testcase name="test_plus[118: 1, 0, 2, 0, 3, 0]" classname="org.threeten.extra.scale.TestTaiInstant" time="0"/>
  <testcase name="test_plus[119: 1, 0, 3, 0, 4, 0]" classname="org.threeten.extra.scale.TestTaiInstant" time="0"/>
  <testcase name="test_plus[120: 1, 0, 3, 333333333, 4, 333333333]" classname="org.threeten.extra.scale.TestTaiInstant" time="0"/>
  <testcase name="test_plus[121: 2, 0, -4, 666666667, -2, 666666667]" classname="org.threeten.extra.scale.TestTaiInstant" time="0"/>
  <testcase name="test_plus[122: 2, 0, -3, 0, -1, 0]" classname="org.threeten.extra.scale.TestTaiInstant" time="0.002"/>
  <testcase name="test_plus[123: 2, 0, -2, 0, 0, 0]" classname="org.threeten.extra.scale.TestTaiInstant" time="0"/>
  <testcase name="test_plus[124: 2, 0, -1, 0, 1, 0]" classname="org.threeten.extra.scale.TestTaiInstant" time="0"/>
  <testcase name="test_plus[125: 2, 0, -1, 333333334, 1, 333333334]" classname="org.threeten.extra.scale.TestTaiInstant" time="0"/>
  <testcase name="test_plus[126: 2, 0, -1, 666666667, 1, 666666667]" classname="org.threeten.extra.scale.TestTaiInstant" time="0"/>
  <testcase name="test_plus[127: 2, 0, -1, 999999999, 1, 999999999]" classname="org.threeten.extra.scale.TestTaiInstant" time="0"/>
  <testcase name="test_plus[128: 2, 0, 0, 0, 2, 0]" classname="org.threeten.extra.scale.TestTaiInstant" time="0"/>
  <testcase name="test_plus[129: 2, 0, 0, 1, 2, 1]" classname="org.threeten.extra.scale.TestTaiInstant" time="0"/>
  <testcase name="test_plus[130: 2, 0, 0, 333333333, 2, 333333333]" classname="org.threeten.extra.scale.TestTaiInstant" time="0"/>
  <testcase name="test_plus[131: 2, 0, 0, 666666666, 2, 666666666]" classname="org.threeten.extra.scale.TestTaiInstant" time="0"/>
  <testcase name="test_plus[132: 2, 0, 1, 0, 3, 0]" classname="org.threeten.extra.scale.TestTaiInstant" time="0"/>
  <testcase name="test_plus[133: 2, 0, 2, 0, 4, 0]" classname="org.threeten.extra.scale.TestTaiInstant" time="0"/>
  <testcase name="test_plus[134: 2, 0, 3, 0, 5, 0]" classname="org.threeten.extra.scale.TestTaiInstant" time="0"/>
  <testcase name="test_plus[135: 2, 0, 3, 333333333, 5, 333333333]" classname="org.threeten.extra.scale.TestTaiInstant" time="0"/>
  <testcase name="test_plus[136: 3, 0, -4, 666666667, -1, 666666667]" classname="org.threeten.extra.scale.TestTaiInstant" time="0"/>
  <testcase name="test_plus[137: 3, 0, -3, 0, 0, 0]" classname="org.threeten.extra.scale.TestTaiInstant" time="0"/>
  <testcase name="test_plus[138: 3, 0, -2, 0, 1, 0]" classname="org.threeten.extra.scale.TestTaiInstant" time="0"/>
  <testcase name="test_plus[139: 3, 0, -1, 0, 2, 0]" classname="org.threeten.extra.scale.TestTaiInstant" time="0"/>
  <testcase name="test_plus[140: 3, 0, -1, 333333334, 2, 333333334]" classname="org.threeten.extra.scale.TestTaiInstant" time="0"/>
  <testcase name="test_plus[141: 3, 0, -1, 666666667, 2, 666666667]" classname="org.threeten.extra.scale.TestTaiInstant" time="0"/>
  <testcase name="test_plus[142: 3, 0, -1, 999999999, 2, 999999999]" classname="org.threeten.extra.scale.TestTaiInstant" time="0"/>
  <testcase name="test_plus[143: 3, 0, 0, 0, 3, 0]" classname="org.threeten.extra.scale.TestTaiInstant" time="0"/>
  <testcase name="test_plus[144: 3, 0, 0, 1, 3, 1]" classname="org.threeten.extra.scale.TestTaiInstant" time="0"/>
  <testcase name="test_plus[145: 3, 0, 0, 333333333, 3, 333333333]" classname="org.threeten.extra.scale.TestTaiInstant" time="0"/>
  <testcase name="test_plus[146: 3, 0, 0, 666666666, 3, 666666666]" classname="org.threeten.extra.scale.TestTaiInstant" time="0"/>
  <testcase name="test_plus[147: 3, 0, 1, 0, 4, 0]" classname="org.threeten.extra.scale.TestTaiInstant" time="0"/>
  <testcase name="test_plus[148: 3, 0, 2, 0, 5, 0]" classname="org.threeten.extra.scale.TestTaiInstant" time="0"/>
  <testcase name="test_plus[149: 3, 0, 3, 0, 6, 0]" classname="org.threeten.extra.scale.TestTaiInstant" time="0"/>
  <testcase name="test_plus[150: 3, 0, 3, 333333333, 6, 333333333]" classname="org.threeten.extra.scale.TestTaiInstant" time="0"/>
  <testcase name="test_plus[151: 3, 333333333, -4, 666666667, 0, 0]" classname="org.threeten.extra.scale.TestTaiInstant" time="0"/>
  <testcase name="test_plus[152: 3, 333333333, -3, 0, 0, 333333333]" classname="org.threeten.extra.scale.TestTaiInstant" time="0"/>
  <testcase name="test_plus[153: 3, 333333333, -2, 0, 1, 333333333]" classname="org.threeten.extra.scale.TestTaiInstant" time="0"/>
  <testcase name="test_plus[154: 3, 333333333, -1, 0, 2, 333333333]" classname="org.threeten.extra.scale.TestTaiInstant" time="0"/>
  <testcase name="test_plus[155: 3, 333333333, -1, 333333334, 2, 666666667]" classname="org.threeten.extra.scale.TestTaiInstant" time="0"/>
  <testcase name="test_plus[156: 3, 333333333, -1, 666666667, 3, 0]" classname="org.threeten.extra.scale.TestTaiInstant" time="0"/>
  <testcase name="test_plus[157: 3, 333333333, -1, 999999999, 3, 333333332]" classname="org.threeten.extra.scale.TestTaiInstant" time="0"/>
  <testcase name="test_plus[158: 3, 333333333, 0, 0, 3, 333333333]" classname="org.threeten.extra.scale.TestTaiInstant" time="0"/>
  <testcase name="test_plus[159: 3, 333333333, 0, 1, 3, 333333334]" classname="org.threeten.extra.scale.TestTaiInstant" time="0"/>
  <testcase name="test_plus[160: 3, 333333333, 0, 333333333, 3, 666666666]" classname="org.threeten.extra.scale.TestTaiInstant" time="0"/>
  <testcase name="test_plus[161: 3, 333333333, 0, 666666666, 3, 999999999]" classname="org.threeten.extra.scale.TestTaiInstant" time="0"/>
  <testcase name="test_plus[162: 3, 333333333, 1, 0, 4, 333333333]" classname="org.threeten.extra.scale.TestTaiInstant" time="0"/>
  <testcase name="test_plus[163: 3, 333333333, 2, 0, 5, 333333333]" classname="org.threeten.extra.scale.TestTaiInstant" time="0"/>
  <testcase name="test_plus[164: 3, 333333333, 3, 0, 6, 333333333]" classname="org.threeten.extra.scale.TestTaiInstant" time="0"/>
  <testcase name="test_plus[165: 3, 333333333, 3, 333333333, 6, 666666666]" classname="org.threeten.extra.scale.TestTaiInstant" time="0"/>
  <testcase name="test_plus[166: 9223372036854775807, 0, -9223372036854775808, 0, -1, 0]" classname="org.threeten.extra.scale.TestTaiInstant" time="0"/>
  <testcase name="test_hashCode" classname="org.threeten.extra.scale.TestTaiInstant" time="0"/>
  <testcase name="test_toString_negative" classname="org.threeten.extra.scale.TestTaiInstant" time="0"/>
  <testcase name="test_equals" classname="org.threeten.extra.scale.TestTaiInstant" time="0"/>
  <testcase name="test_equals_null" classname="org.threeten.extra.scale.TestTaiInstant" time="0"/>
  <testcase name="test_toString_standard" classname="org.threeten.extra.scale.TestTaiInstant" time="0"/>
  <testcase name="factory_parse_CharSequence_null" classname="org.threeten.extra.scale.TestTaiInstant" time="0"/>
  <testcase name="test_comparisons" classname="org.threeten.extra.scale.TestTaiInstant" time="0"/>
  <testcase name="test_durationUntil_fifteenSeconds" classname="org.threeten.extra.scale.TestTaiInstant" time="0"/>
  <testcase name="test_serialization" classname="org.threeten.extra.scale.TestTaiInstant" time="0.001"/>
  <testcase name="factory_parse_CharSequence_invalid[0: A.123456789s(TAI)]" classname="org.threeten.extra.scale.TestTaiInstant" time="0"/>
  <testcase name="factory_parse_CharSequence_invalid[1: 123.12345678As(TAI)]" classname="org.threeten.extra.scale.TestTaiInstant" time="0"/>
  <testcase name="factory_parse_CharSequence_invalid[2: 123.123456789]" classname="org.threeten.extra.scale.TestTaiInstant" time="0"/>
  <testcase name="factory_parse_CharSequence_invalid[3: 123.123456789s]" classname="org.threeten.extra.scale.TestTaiInstant" time="0"/>
  <testcase name="factory_parse_CharSequence_invalid[4: +123.123456789s(TAI)]" classname="org.threeten.extra.scale.TestTaiInstant" time="0"/>
  <testcase name="factory_parse_CharSequence_invalid[5: -123.123s(TAI)]" classname="org.threeten.extra.scale.TestTaiInstant" time="0"/>
  <testcase name="test_toString_zeroDecimal" classname="org.threeten.extra.scale.TestTaiInstant" time="0"/>
  <testcase name="factory_parse_CharSequence" classname="org.threeten.extra.scale.TestTaiInstant" time="0.028"/>
  <testcase name="test_minus_overflowTooSmall" classname="org.threeten.extra.scale.TestTaiInstant" time="0.001"/>
  <testcase name="test_toInstant" classname="org.threeten.extra.scale.TestTaiInstant" time="0.034"/>
  <testcase name="factory_of_UtcInstant_null" classname="org.threeten.extra.scale.TestTaiInstant" time="0"/>
  <testcase name="test_toUtcInstant" classname="org.threeten.extra.scale.TestTaiInstant" time="0.015"/>
  <testcase name="factory_of_UtcInstant" classname="org.threeten.extra.scale.TestTaiInstant" time="0.013"/>
  <testcase name="test_compareTo_ObjectNull" classname="org.threeten.extra.scale.TestTaiInstant" time="0"/>
  <testcase name="test_plus_overflowTooSmall" classname="org.threeten.extra.scale.TestTaiInstant" time="0.001"/>
  <testcase name="factory_of_Instant" classname="org.threeten.extra.scale.TestTaiInstant" time="0"/>
  <testcase name="test_durationUntil_twoNanos" classname="org.threeten.extra.scale.TestTaiInstant" time="0"/>
  <testcase name="test_plus_overflowTooBig" classname="org.threeten.extra.scale.TestTaiInstant" time="0"/>
  <testcase name="test_interfaces" classname="org.threeten.extra.scale.TestTaiInstant" time="0"/>
  <testcase name="factory_of_Instant_null" classname="org.threeten.extra.scale.TestTaiInstant" time="0"/>
  <testcase name="test_equals_otherClass" classname="org.threeten.extra.scale.TestTaiInstant" time="0"/>
  <testcase name="test_compareToNonTaiInstant" classname="org.threeten.extra.scale.TestTaiInstant" time="0"/>
  <testcase name="test_minus[0: -9223372036854775808, 0, -9223372036854775807, 0, -1, 0]" classname="org.threeten.extra.scale.TestTaiInstant" time="0"/>
  <testcase name="test_minus[1: -4, 666666667, -4, 666666667, 0, 0]" classname="org.threeten.extra.scale.TestTaiInstant" time="0"/>
  <testcase name="test_minus[2: -4, 666666667, -3, 0, -1, 666666667]" classname="org.threeten.extra.scale.TestTaiInstant" time="0"/>
  <testcase name="test_minus[3: -4, 666666667, -2, 0, -2, 666666667]" classname="org.threeten.extra.scale.TestTaiInstant" time="0"/>
  <testcase name="test_minus[4: -4, 666666667, -1, 0, -3, 666666667]" classname="org.threeten.extra.scale.TestTaiInstant" time="0"/>
  <testcase name="test_minus[5: -4, 666666667, -1, 333333334, -3, 333333333]" classname="org.threeten.extra.scale.TestTaiInstant" time="0"/>
  <testcase name="test_minus[6: -4, 666666667, -1, 666666667, -3, 0]" classname="org.threeten.extra.scale.TestTaiInstant" time="0"/>
  <testcase name="test_minus[7: -4, 666666667, -1, 999999999, -4, 666666668]" classname="org.threeten.extra.scale.TestTaiInstant" time="0"/>
  <testcase name="test_minus[8: -4, 666666667, 0, 0, -4, 666666667]" classname="org.threeten.extra.scale.TestTaiInstant" time="0"/>
  <testcase name="test_minus[9: -4, 666666667, 0, 1, -4, 666666666]" classname="org.threeten.extra.scale.TestTaiInstant" time="0"/>
  <testcase name="test_minus[10: -4, 666666667, 0, 333333333, -4, 333333334]" classname="org.threeten.extra.scale.TestTaiInstant" time="0"/>
  <testcase name="test_minus[11: -4, 666666667, 0, 666666666, -4, 1]" classname="org.threeten.extra.scale.TestTaiInstant" time="0"/>
  <testcase name="test_minus[12: -4, 666666667, 1, 0, -5, 666666667]" classname="org.threeten.extra.scale.TestTaiInstant" time="0"/>
  <testcase name="test_minus[13: -4, 666666667, 2, 0, -6, 666666667]" classname="org.threeten.extra.scale.TestTaiInstant" time="0"/>
  <testcase name="test_minus[14: -4, 666666667, 3, 0, -7, 666666667]" classname="org.threeten.extra.scale.TestTaiInstant" time="0"/>
  <testcase name="test_minus[15: -4, 666666667, 3, 333333333, -7, 333333334]" classname="org.threeten.extra.scale.TestTaiInstant" time="0.001"/>
  <testcase name="test_minus[16: -3, 0, -4, 666666667, 0, 333333333]" classname="org.threeten.extra.scale.TestTaiInstant" time="0"/>
  <testcase name="test_minus[17: -3, 0, -3, 0, 0, 0]" classname="org.threeten.extra.scale.TestTaiInstant" time="0"/>
  <testcase name="test_minus[18: -3, 0, -2, 0, -1, 0]" classname="org.threeten.extra.scale.TestTaiInstant" time="0"/>
  <testcase name="test_minus[19: -3, 0, -1, 0, -2, 0]" classname="org.threeten.extra.scale.TestTaiInstant" time="0"/>
  <testcase name="test_minus[20: -3, 0, -1, 333333334, -3, 666666666]" classname="org.threeten.extra.scale.TestTaiInstant" time="0"/>
  <testcase name="test_minus[21: -3, 0, -1, 666666667, -3, 333333333]" classname="org.threeten.extra.scale.TestTaiInstant" time="0"/>
  <testcase name="test_minus[22: -3, 0, -1, 999999999, -3, 1]" classname="org.threeten.extra.scale.TestTaiInstant" time="0"/>
  <testcase name="test_minus[23: -3, 0, 0, 0, -3, 0]" classname="org.threeten.extra.scale.TestTaiInstant" time="0"/>
  <testcase name="test_minus[24: -3, 0, 0, 1, -4, 999999999]" classname="org.threeten.extra.scale.TestTaiInstant" time="0"/>
  <testcase name="test_minus[25: -3, 0, 0, 333333333, -4, 666666667]" classname="org.threeten.extra.scale.TestTaiInstant" time="0"/>
  <testcase name="test_minus[26: -3, 0, 0, 666666666, -4, 333333334]" classname="org.threeten.extra.scale.TestTaiInstant" time="0"/>
  <testcase name="test_minus[27: -3, 0, 1, 0, -4, 0]" classname="org.threeten.extra.scale.TestTaiInstant" time="0"/>
  <testcase name="test_minus[28: -3, 0, 2, 0, -5, 0]" classname="org.threeten.extra.scale.TestTaiInstant" time="0"/>
  <testcase name="test_minus[29: -3, 0, 3, 0, -6, 0]" classname="org.threeten.extra.scale.TestTaiInstant" time="0"/>
  <testcase name="test_minus[30: -3, 0, 3, 333333333, -7, 666666667]" classname="org.threeten.extra.scale.TestTaiInstant" time="0"/>
  <testcase name="test_minus[31: -2, 0, -4, 666666667, 1, 333333333]" classname="org.threeten.extra.scale.TestTaiInstant" time="0"/>
  <testcase name="test_minus[32: -2, 0, -3, 0, 1, 0]" classname="org.threeten.extra.scale.TestTaiInstant" time="0"/>
  <testcase name="test_minus[33: -2, 0, -2, 0, 0, 0]" classname="org.threeten.extra.scale.TestTaiInstant" time="0"/>
  <testcase name="test_minus[34: -2, 0, -1, 0, -1, 0]" classname="org.threeten.extra.scale.TestTaiInstant" time="0"/>
  <testcase name="test_minus[35: -2, 0, -1, 333333334, -2, 666666666]" classname="org.threeten.extra.scale.TestTaiInstant" time="0"/>
  <testcase name="test_minus[36: -2, 0, -1, 666666667, -2, 333333333]" classname="org.threeten.extra.scale.TestTaiInstant" time="0"/>
  <testcase name="test_minus[37: -2, 0, -1, 999999999, -2, 1]" classname="org.threeten.extra.scale.TestTaiInstant" time="0"/>
  <testcase name="test_minus[38: -2, 0, 0, 0, -2, 0]" classname="org.threeten.extra.scale.TestTaiInstant" time="0"/>
  <testcase name="test_minus[39: -2, 0, 0, 1, -3, 999999999]" classname="org.threeten.extra.scale.TestTaiInstant" time="0"/>
  <testcase name="test_minus[40: -2, 0, 0, 333333333, -3, 666666667]" classname="org.threeten.extra.scale.TestTaiInstant" time="0"/>
  <testcase name="test_minus[41: -2, 0, 0, 666666666, -3, 333333334]" classname="org.threeten.extra.scale.TestTaiInstant" time="0"/>
  <testcase name="test_minus[42: -2, 0, 1, 0, -3, 0]" classname="org.threeten.extra.scale.TestTaiInstant" time="0"/>
  <testcase name="test_minus[43: -2, 0, 2, 0, -4, 0]" classname="org.threeten.extra.scale.TestTaiInstant" time="0"/>
  <testcase name="test_minus[44: -2, 0, 3, 0, -5, 0]" classname="org.threeten.extra.scale.TestTaiInstant" time="0"/>
  <testcase name="test_minus[45: -2, 0, 3, 333333333, -6, 666666667]" classname="org.threeten.extra.scale.TestTaiInstant" time="0"/>
  <testcase name="test_minus[46: -1, 0, -4, 666666667, 2, 333333333]" classname="org.threeten.extra.scale.TestTaiInstant" time="0"/>
  <testcase name="test_minus[47: -1, 0, -3, 0, 2, 0]" classname="org.threeten.extra.scale.TestTaiInstant" time="0"/>
  <testcase name="test_minus[48: -1, 0, -2, 0, 1, 0]" classname="org.threeten.extra.scale.TestTaiInstant" time="0"/>
  <testcase name="test_minus[49: -1, 0, -1, 0, 0, 0]" classname="org.threeten.extra.scale.TestTaiInstant" time="0"/>
  <testcase name="test_minus[50: -1, 0, -1, 333333334, -1, 666666666]" classname="org.threeten.extra.scale.TestTaiInstant" time="0"/>
  <testcase name="test_minus[51: -1, 0, -1, 666666667, -1, 333333333]" classname="org.threeten.extra.scale.TestTaiInstant" time="0"/>
  <testcase name="test_minus[52: -1, 0, -1, 999999999, -1, 1]" classname="org.threeten.extra.scale.TestTaiInstant" time="0"/>
  <testcase name="test_minus[53: -1, 0, 0, 0, -1, 0]" classname="org.threeten.extra.scale.TestTaiInstant" time="0"/>
  <testcase name="test_minus[54: -1, 0, 0, 1, -2, 999999999]" classname="org.threeten.extra.scale.TestTaiInstant" time="0"/>
  <testcase name="test_minus[55: -1, 0, 0, 333333333, -2, 666666667]" classname="org.threeten.extra.scale.TestTaiInstant" time="0"/>
  <testcase name="test_minus[56: -1, 0, 0, 666666666, -2, 333333334]" classname="org.threeten.extra.scale.TestTaiInstant" time="0"/>
  <testcase name="test_minus[57: -1, 0, 1, 0, -2, 0]" classname="org.threeten.extra.scale.TestTaiInstant" time="0"/>
  <testcase name="test_minus[58: -1, 0, 2, 0, -3, 0]" classname="org.threeten.extra.scale.TestTaiInstant" time="0"/>
  <testcase name="test_minus[59: -1, 0, 3, 0, -4, 0]" classname="org.threeten.extra.scale.TestTaiInstant" time="0"/>
  <testcase name="test_minus[60: -1, 0, 3, 333333333, -5, 666666667]" classname="org.threeten.extra.scale.TestTaiInstant" time="0"/>
  <testcase name="test_minus[61: -1, 666666667, -4, 666666667, 3, 0]" classname="org.threeten.extra.scale.TestTaiInstant" time="0"/>
  <testcase name="test_minus[62: -1, 666666667, -3, 0, 2, 666666667]" classname="org.threeten.extra.scale.TestTaiInstant" time="0"/>
  <testcase name="test_minus[63: -1, 666666667, -2, 0, 1, 666666667]" classname="org.threeten.extra.scale.TestTaiInstant" time="0"/>
  <testcase name="test_minus[64: -1, 666666667, -1, 0, 0, 666666667]" classname="org.threeten.extra.scale.TestTaiInstant" time="0"/>
  <testcase name="test_minus[65: -1, 666666667, -1, 333333334, 0, 333333333]" classname="org.threeten.extra.scale.TestTaiInstant" time="0"/>
  <testcase name="test_minus[66: -1, 666666667, -1, 666666667, 0, 0]" classname="org.threeten.extra.scale.TestTaiInstant" time="0"/>
  <testcase name="test_minus[67: -1, 666666667, -1, 999999999, -1, 666666668]" classname="org.threeten.extra.scale.TestTaiInstant" time="0"/>
  <testcase name="test_minus[68: -1, 666666667, 0, 0, -1, 666666667]" classname="org.threeten.extra.scale.TestTaiInstant" time="0"/>
  <testcase name="test_minus[69: -1, 666666667, 0, 1, -1, 666666666]" classname="org.threeten.extra.scale.TestTaiInstant" time="0.001"/>
  <testcase name="test_minus[70: -1, 666666667, 0, 333333333, -1, 333333334]" classname="org.threeten.extra.scale.TestTaiInstant" time="0"/>
  <testcase name="test_minus[71: -1, 666666667, 0, 666666666, -1, 1]" classname="org.threeten.extra.scale.TestTaiInstant" time="0"/>
  <testcase name="test_minus[72: -1, 666666667, 1, 0, -2, 666666667]" classname="org.threeten.extra.scale.TestTaiInstant" time="0"/>
  <testcase name="test_minus[73: -1, 666666667, 2, 0, -3, 666666667]" classname="org.threeten.extra.scale.TestTaiInstant" time="0"/>
  <testcase name="test_minus[74: -1, 666666667, 3, 0, -4, 666666667]" classname="org.threeten.extra.scale.TestTaiInstant" time="0"/>
  <testcase name="test_minus[75: -1, 666666667, 3, 333333333, -4, 333333334]" classname="org.threeten.extra.scale.TestTaiInstant" time="0"/>
  <testcase name="test_minus[76: 0, 0, -4, 666666667, 3, 333333333]" classname="org.threeten.extra.scale.TestTaiInstant" time="0"/>
  <testcase name="test_minus[77: 0, 0, -3, 0, 3, 0]" classname="org.threeten.extra.scale.TestTaiInstant" time="0"/>
  <testcase name="test_minus[78: 0, 0, -2, 0, 2, 0]" classname="org.threeten.extra.scale.TestTaiInstant" time="0"/>
  <testcase name="test_minus[79: 0, 0, -1, 0, 1, 0]" classname="org.threeten.extra.scale.TestTaiInstant" time="0"/>
  <testcase name="test_minus[80: 0, 0, -1, 333333334, 0, 666666666]" classname="org.threeten.extra.scale.TestTaiInstant" time="0"/>
  <testcase name="test_minus[81: 0, 0, -1, 666666667, 0, 333333333]" classname="org.threeten.extra.scale.TestTaiInstant" time="0"/>
  <testcase name="test_minus[82: 0, 0, -1, 999999999, 0, 1]" classname="org.threeten.extra.scale.TestTaiInstant" time="0"/>
  <testcase name="test_minus[83: 0, 0, 0, 0, 0, 0]" classname="org.threeten.extra.scale.TestTaiInstant" time="0"/>
  <testcase name="test_minus[84: 0, 0, 0, 1, -1, 999999999]" classname="org.threeten.extra.scale.TestTaiInstant" time="0"/>
  <testcase name="test_minus[85: 0, 0, 0, 333333333, -1, 666666667]" classname="org.threeten.extra.scale.TestTaiInstant" time="0"/>
  <testcase name="test_minus[86: 0, 0, 0, 666666666, -1, 333333334]" classname="org.threeten.extra.scale.TestTaiInstant" time="0"/>
  <testcase name="test_minus[87: 0, 0, 1, 0, -1, 0]" classname="org.threeten.extra.scale.TestTaiInstant" time="0"/>
  <testcase name="test_minus[88: 0, 0, 2, 0, -2, 0]" classname="org.threeten.extra.scale.TestTaiInstant" time="0"/>
  <testcase name="test_minus[89: 0, 0, 3, 0, -3, 0]" classname="org.threeten.extra.scale.TestTaiInstant" time="0"/>
  <testcase name="test_minus[90: 0, 0, 3, 333333333, -4, 666666667]" classname="org.threeten.extra.scale.TestTaiInstant" time="0"/>
  <testcase name="test_minus[91: 0, 333333333, -4, 666666667, 3, 666666666]" classname="org.threeten.extra.scale.TestTaiInstant" time="0"/>
  <testcase name="test_minus[92: 0, 333333333, -3, 0, 3, 333333333]" classname="org.threeten.extra.scale.TestTaiInstant" time="0"/>
  <testcase name="test_minus[93: 0, 333333333, -2, 0, 2, 333333333]" classname="org.threeten.extra.scale.TestTaiInstant" time="0"/>
  <testcase name="test_minus[94: 0, 333333333, -1, 0, 1, 333333333]" classname="org.threeten.extra.scale.TestTaiInstant" time="0"/>
  <testcase name="test_minus[95: 0, 333333333, -1, 333333334, 0, 999999999]" classname="org.threeten.extra.scale.TestTaiInstant" time="0"/>
  <testcase name="test_minus[96: 0, 333333333, -1, 666666667, 0, 666666666]" classname="org.threeten.extra.scale.TestTaiInstant" time="0"/>
  <testcase name="test_minus[97: 0, 333333333, -1, 999999999, 0, 333333334]" classname="org.threeten.extra.scale.TestTaiInstant" time="0"/>
  <testcase name="test_minus[98: 0, 333333333, 0, 0, 0, 333333333]" classname="org.threeten.extra.scale.TestTaiInstant" time="0"/>
  <testcase name="test_minus[99: 0, 333333333, 0, 1, 0, 333333332]" classname="org.threeten.extra.scale.TestTaiInstant" time="0"/>
  <testcase name="test_minus[100: 0, 333333333, 0, 333333333, 0, 0]" classname="org.threeten.extra.scale.TestTaiInstant" time="0"/>
  <testcase name="test_minus[101: 0, 333333333, 0, 666666666, -1, 666666667]" classname="org.threeten.extra.scale.TestTaiInstant" time="0"/>
  <testcase name="test_minus[102: 0, 333333333, 1, 0, -1, 333333333]" classname="org.threeten.extra.scale.TestTaiInstant" time="0"/>
  <testcase name="test_minus[103: 0, 333333333, 2, 0, -2, 333333333]" classname="org.threeten.extra.scale.TestTaiInstant" time="0"/>
  <testcase name="test_minus[104: 0, 333333333, 3, 0, -3, 333333333]" classname="org.threeten.extra.scale.TestTaiInstant" time="0"/>
  <testcase name="test_minus[105: 0, 333333333, 3, 333333333, -3, 0]" classname="org.threeten.extra.scale.TestTaiInstant" time="0"/>
  <testcase name="test_minus[106: 1, 0, -4, 666666667, 4, 333333333]" classname="org.threeten.extra.scale.TestTaiInstant" time="0"/>
  <testcase name="test_minus[107: 1, 0, -3, 0, 4, 0]" classname="org.threeten.extra.scale.TestTaiInstant" time="0"/>
  <testcase name="test_minus[108: 1, 0, -2, 0, 3, 0]" classname="org.threeten.extra.scale.TestTaiInstant" time="0"/>
  <testcase name="test_minus[109: 1, 0, -1, 0, 2, 0]" classname="org.threeten.extra.scale.TestTaiInstant" time="0"/>
  <testcase name="test_minus[110: 1, 0, -1, 333333334, 1, 666666666]" classname="org.threeten.extra.scale.TestTaiInstant" time="0"/>
  <testcase name="test_minus[111: 1, 0, -1, 666666667, 1, 333333333]" classname="org.threeten.extra.scale.TestTaiInstant" time="0"/>
  <testcase name="test_minus[112: 1, 0, -1, 999999999, 1, 1]" classname="org.threeten.extra.scale.TestTaiInstant" time="0"/>
  <testcase name="test_minus[113: 1, 0, 0, 0, 1, 0]" classname="org.threeten.extra.scale.TestTaiInstant" time="0"/>
  <testcase name="test_minus[114: 1, 0, 0, 1, 0, 999999999]" classname="org.threeten.extra.scale.TestTaiInstant" time="0"/>
  <testcase name="test_minus[115: 1, 0, 0, 333333333, 0, 666666667]" classname="org.threeten.extra.scale.TestTaiInstant" time="0"/>
  <testcase name="test_minus[116: 1, 0, 0, 666666666, 0, 333333334]" classname="org.threeten.extra.scale.TestTaiInstant" time="0"/>
  <testcase name="test_minus[117: 1, 0, 1, 0, 0, 0]" classname="org.threeten.extra.scale.TestTaiInstant" time="0"/>
  <testcase name="test_minus[118: 1, 0, 2, 0, -1, 0]" classname="org.threeten.extra.scale.TestTaiInstant" time="0"/>
  <testcase name="test_minus[119: 1, 0, 3, 0, -2, 0]" classname="org.threeten.extra.scale.TestTaiInstant" time="0"/>
  <testcase name="test_minus[120: 1, 0, 3, 333333333, -3, 666666667]" classname="org.threeten.extra.scale.TestTaiInstant" time="0"/>
  <testcase name="test_minus[121: 2, 0, -4, 666666667, 5, 333333333]" classname="org.threeten.extra.scale.TestTaiInstant" time="0"/>
  <testcase name="test_minus[122: 2, 0, -3, 0, 5, 0]" classname="org.threeten.extra.scale.TestTaiInstant" time="0"/>
  <testcase name="test_minus[123: 2, 0, -2, 0, 4, 0]" classname="org.threeten.extra.scale.TestTaiInstant" time="0"/>
  <testcase name="test_minus[124: 2, 0, -1, 0, 3, 0]" classname="org.threeten.extra.scale.TestTaiInstant" time="0"/>
  <testcase name="test_minus[125: 2, 0, -1, 333333334, 2, 666666666]" classname="org.threeten.extra.scale.TestTaiInstant" time="0"/>
  <testcase name="test_minus[126: 2, 0, -1, 666666667, 2, 333333333]" classname="org.threeten.extra.scale.TestTaiInstant" time="0"/>
  <testcase name="test_minus[127: 2, 0, -1, 999999999, 2, 1]" classname="org.threeten.extra.scale.TestTaiInstant" time="0"/>
  <testcase name="test_minus[128: 2, 0, 0, 0, 2, 0]" classname="org.threeten.extra.scale.TestTaiInstant" time="0"/>
  <testcase name="test_minus[129: 2, 0, 0, 1, 1, 999999999]" classname="org.threeten.extra.scale.TestTaiInstant" time="0"/>
  <testcase name="test_minus[130: 2, 0, 0, 333333333, 1, 666666667]" classname="org.threeten.extra.scale.TestTaiInstant" time="0"/>
  <testcase name="test_minus[131: 2, 0, 0, 666666666, 1, 333333334]" classname="org.threeten.extra.scale.TestTaiInstant" time="0"/>
  <testcase name="test_minus[132: 2, 0, 1, 0, 1, 0]" classname="org.threeten.extra.scale.TestTaiInstant" time="0"/>
  <testcase name="test_minus[133: 2, 0, 2, 0, 0, 0]" classname="org.threeten.extra.scale.TestTaiInstant" time="0"/>
  <testcase name="test_minus[134: 2, 0, 3, 0, -1, 0]" classname="org.threeten.extra.scale.TestTaiInstant" time="0"/>
  <testcase name="test_minus[135: 2, 0, 3, 333333333, -2, 666666667]" classname="org.threeten.extra.scale.TestTaiInstant" time="0"/>
  <testcase name="test_minus[136: 3, 0, -4, 666666667, 6, 333333333]" classname="org.threeten.extra.scale.TestTaiInstant" time="0"/>
  <testcase name="test_minus[137: 3, 0, -3, 0, 6, 0]" classname="org.threeten.extra.scale.TestTaiInstant" time="0"/>
  <testcase name="test_minus[138: 3, 0, -2, 0, 5, 0]" classname="org.threeten.extra.scale.TestTaiInstant" time="0"/>
  <testcase name="test_minus[139: 3, 0, -1, 0, 4, 0]" classname="org.threeten.extra.scale.TestTaiInstant" time="0"/>
  <testcase name="test_minus[140: 3, 0, -1, 333333334, 3, 666666666]" classname="org.threeten.extra.scale.TestTaiInstant" time="0"/>
  <testcase name="test_minus[141: 3, 0, -1, 666666667, 3, 333333333]" classname="org.threeten.extra.scale.TestTaiInstant" time="0"/>
  <testcase name="test_minus[142: 3, 0, -1, 999999999, 3, 1]" classname="org.threeten.extra.scale.TestTaiInstant" time="0"/>
  <testcase name="test_minus[143: 3, 0, 0, 0, 3, 0]" classname="org.threeten.extra.scale.TestTaiInstant" time="0"/>
  <testcase name="test_minus[144: 3, 0, 0, 1, 2, 999999999]" classname="org.threeten.extra.scale.TestTaiInstant" time="0"/>
  <testcase name="test_minus[145: 3, 0, 0, 333333333, 2, 666666667]" classname="org.threeten.extra.scale.TestTaiInstant" time="0"/>
  <testcase name="test_minus[146: 3, 0, 0, 666666666, 2, 333333334]" classname="org.threeten.extra.scale.TestTaiInstant" time="0"/>
  <testcase name="test_minus[147: 3, 0, 1, 0, 2, 0]" classname="org.threeten.extra.scale.TestTaiInstant" time="0"/>
  <testcase name="test_minus[148: 3, 0, 2, 0, 1, 0]" classname="org.threeten.extra.scale.TestTaiInstant" time="0"/>
  <testcase name="test_minus[149: 3, 0, 3, 0, 0, 0]" classname="org.threeten.extra.scale.TestTaiInstant" time="0"/>
  <testcase name="test_minus[150: 3, 0, 3, 333333333, -1, 666666667]" classname="org.threeten.extra.scale.TestTaiInstant" time="0"/>
  <testcase name="test_minus[151: 3, 333333333, -4, 666666667, 6, 666666666]" classname="org.threeten.extra.scale.TestTaiInstant" time="0"/>
  <testcase name="test_minus[152: 3, 333333333, -3, 0, 6, 333333333]" classname="org.threeten.extra.scale.TestTaiInstant" time="0"/>
  <testcase name="test_minus[153: 3, 333333333, -2, 0, 5, 333333333]" classname="org.threeten.extra.scale.TestTaiInstant" time="0"/>
  <testcase name="test_minus[154: 3, 333333333, -1, 0, 4, 333333333]" classname="org.threeten.extra.scale.TestTaiInstant" time="0"/>
  <testcase name="test_minus[155: 3, 333333333, -1, 333333334, 3, 999999999]" classname="org.threeten.extra.scale.TestTaiInstant" time="0"/>
  <testcase name="test_minus[156: 3, 333333333, -1, 666666667, 3, 666666666]" classname="org.threeten.extra.scale.TestTaiInstant" time="0"/>
  <testcase name="test_minus[157: 3, 333333333, -1, 999999999, 3, 333333334]" classname="org.threeten.extra.scale.TestTaiInstant" time="0"/>
  <testcase name="test_minus[158: 3, 333333333, 0, 0, 3, 333333333]" classname="org.threeten.extra.scale.TestTaiInstant" time="0"/>
  <testcase name="test_minus[159: 3, 333333333, 0, 1, 3, 333333332]" classname="org.threeten.extra.scale.TestTaiInstant" time="0"/>
  <testcase name="test_minus[160: 3, 333333333, 0, 333333333, 3, 0]" classname="org.threeten.extra.scale.TestTaiInstant" time="0"/>
  <testcase name="test_minus[161: 3, 333333333, 0, 666666666, 2, 666666667]" classname="org.threeten.extra.scale.TestTaiInstant" time="0"/>
  <testcase name="test_minus[162: 3, 333333333, 1, 0, 2, 333333333]" classname="org.threeten.extra.scale.TestTaiInstant" time="0"/>
  <testcase name="test_minus[163: 3, 333333333, 2, 0, 1, 333333333]" classname="org.threeten.extra.scale.TestTaiInstant" time="0"/>
  <testcase name="test_minus[164: 3, 333333333, 3, 0, 0, 333333333]" classname="org.threeten.extra.scale.TestTaiInstant" time="0"/>
  <testcase name="test_minus[165: 3, 333333333, 3, 333333333, 0, 0]" classname="org.threeten.extra.scale.TestTaiInstant" time="0.001"/>
  <testcase name="test_minus[166: 9223372036854775807, 0, 9223372036854775807, 0, 0, 0]" classname="org.threeten.extra.scale.TestTaiInstant" time="0"/>
  <testcase name="test_withNano[0: 0, 12345, 1, 0, 1]" classname="org.threeten.extra.scale.TestTaiInstant" time="0"/>
  <testcase name="test_withNano[1: 7, 12345, 2, 7, 2]" classname="org.threeten.extra.scale.TestTaiInstant" time="0"/>
  <testcase name="test_withNano[2: -99, 12345, 3, -99, 3]" classname="org.threeten.extra.scale.TestTaiInstant" time="0"/>
  <testcase name="test_withNano[3: -99, 12345, 999999999, -99, 999999999]" classname="org.threeten.extra.scale.TestTaiInstant" time="0"/>
  <testcase name="test_withNano[4: -99, 12345, -1, &lt;null&gt;, &lt;null&gt;]" classname="org.threeten.extra.scale.TestTaiInstant" time="0"/>
  <testcase name="test_withNano[5: -99, 12345, 1000000000, &lt;null&gt;, &lt;null&gt;]" classname="org.threeten.extra.scale.TestTaiInstant" time="0"/>
</testsuite>