<?xml version="1.0" encoding="UTF-8"?>
<testsuite xmlns:xsi="http://www.w3.org/2001/XMLSchema-instance" xsi:schemaLocation="https://maven.apache.org/surefire/maven-surefire-plugin/xsd/surefire-test-report.xsd" name="org.threeten.extra.chrono.TestAccountingChronology" time="0.047" tests="493" errors="0" skipped="0" failures="0">
  <properties>
    <property name="java.runtime.name" value="OpenJDK Runtime Environment"/>
    <property name="sun.boot.library.path" value="/usr/local/openjdk-8/jre/lib/amd64"/>
    <property name="java.vm.version" value="25.262-b10"/>
    <property name="animal.sniffer.skip" value="true"/>
    <property name="java.vm.vendor" value="Oracle Corporation"/>
    <property name="maven.multiModuleProjectDirectory" value="/tmp/tmpykopg0s2/threeten-extra"/>
    <property name="maven.javadoc.skip" value="true"/>
    <property name="java.vendor.url" value="http://java.oracle.com/"/>
    <property name="path.separator" value=":"/>
    <property name="guice.disable.misplaced.annotation.check" value="true"/>
    <property name="java.vm.name" value="OpenJDK 64-Bit Server VM"/>
    <property name="file.encoding.pkg" value="sun.io"/>
    <property name="sun.java.launcher" value="SUN_STANDARD"/>
    <property name="sun.os.patch.level" value="unknown"/>
    <property name="source.skip" value="true"/>
    <property name="java.vm.specification.name" value="Java Virtual Machine Specification"/>
    <property name="user.dir" value="/tmp/tmpykopg0s2/threeten-extra"/>
    <property name="java.runtime.version" value="1.8.0_262-b10"/>
    <property name="java.awt.graphicsenv" value="sun.awt.X11GraphicsEnvironment"/>
    <property name="java.endorsed.dirs" value="/usr/local/openjdk-8/jre/lib/endorsed"/>
    <property name="os.arch" value="amd64"/>
    <property name="java.io.tmpdir" value="/tmp"/>
    <property name="line.separator" value="&#10;"/>
    <property name="java.vm.specification.vendor" value="Oracle Corporation"/>
    <property name="os.name" value="Linux"/>
    <property name="classworlds.conf" value="/usr/share/maven/bin/m2.conf"/>
    <property name="sun.jnu.encoding" value="UTF-8"/>
    <property name="java.library.path" value="/usr/java/packages/lib/amd64:/usr/lib64:/lib64:/lib:/usr/lib"/>
    <property name="license.skip" value="true"/>
    <property name="maven.conf" value="/usr/share/maven/conf"/>
    <property name="java.specification.name" value="Java Platform API Specification"/>
    <property name="java.class.version" value="52.0"/>
    <property name="sun.management.compiler" value="HotSpot 64-Bit Tiered Compilers"/>
    <property name="maven.test.failure.ignore" value="true"/>
    <property name="os.version" value="4.15.0-109-generic"/>
    <property name="library.jansi.path" value="/usr/share/maven/lib/jansi-native"/>
    <property name="user.home" value="/home/jdbl"/>
    <property name="user.timezone" value="Etc/UTC"/>
    <property name="java.awt.printerjob" value="sun.print.PSPrinterJob"/>
    <property name="java.specification.version" value="1.8"/>
    <property name="file.encoding" value="UTF-8"/>
    <property name="user.name" value="jdbl"/>
    <property name="java.class.path" value="/usr/share/maven/boot/plexus-classworlds-2.6.0.jar"/>
    <property name="java.vm.specification.version" value="1.8"/>
    <property name="sun.arch.data.model" value="64"/>
    <property name="java.home" value="/usr/local/openjdk-8/jre"/>
    <property name="sun.java.command" value="org.codehaus.plexus.classworlds.launcher.Launcher test -e --fail-never -ntp -Dmaven.test.failure.ignore=true -B -Dmaven.javadoc.skip=true -Drat.skip=true -Danimal.sniffer.skip=true -Dmaven.javadoc.skip=true -Dlicense.skip=true -Dsource.skip=true"/>
    <property name="java.specification.vendor" value="Oracle Corporation"/>
    <property name="user.language" value="en"/>
    <property name="awt.toolkit" value="sun.awt.X11.XToolkit"/>
    <property name="java.vm.info" value="mixed mode"/>
    <property name="java.version" value="1.8.0_262"/>
    <property name="java.ext.dirs" value="/usr/local/openjdk-8/jre/lib/ext:/usr/java/packages/lib/ext"/>
    <property name="securerandom.source" value="file:/dev/./urandom"/>
    <property name="sun.boot.class.path" value="/usr/local/openjdk-8/jre/lib/resources.jar:/usr/local/openjdk-8/jre/lib/rt.jar:/usr/local/openjdk-8/jre/lib/sunrsasign.jar:/usr/local/openjdk-8/jre/lib/jsse.jar:/usr/local/openjdk-8/jre/lib/jce.jar:/usr/local/openjdk-8/jre/lib/charsets.jar:/usr/local/openjdk-8/jre/lib/jfr.jar:/usr/local/openjdk-8/jre/classes"/>
    <property name="java.vendor" value="Oracle Corporation"/>
    <property name="rat.skip" value="true"/>
    <property name="maven.home" value="/usr/share/maven"/>
    <property name="file.separator" value="/"/>
    <property name="java.vendor.url.bug" value="http://bugreport.sun.com/bugreport/"/>
    <property name="sun.cpu.endian" value="little"/>
    <property name="sun.io.unicode.encoding" value="UnicodeLittle"/>
    <property name="sun.cpu.isalist" value=""/>
  </properties>
  <testcase name="test_with_TemporalField[0: 2014, 5, 26, DayOfWeek, 3, 2014, 5, 24]" classname="org.threeten.extra.chrono.TestAccountingChronology" time="0"/>
  <testcase name="test_with_TemporalField[1: 2014, 5, 26, DayOfWeek, 5, 2014, 5, 26]" classname="org.threeten.extra.chrono.TestAccountingChronology" time="0.001"/>
  <testcase name="test_with_TemporalField[2: 2014, 5, 26, DayOfMonth, 28, 2014, 5, 28]" classname="org.threeten.extra.chrono.TestAccountingChronology" time="0"/>
  <testcase name="test_with_TemporalField[3: 2014, 5, 26, DayOfMonth, 26, 2014, 5, 26]" classname="org.threeten.extra.chrono.TestAccountingChronology" time="0"/>
  <testcase name="test_with_TemporalField[4: 2014, 5, 26, DayOfYear, 364, 2014, 13, 28]" classname="org.threeten.extra.chrono.TestAccountingChronology" time="0"/>
  <testcase name="test_with_TemporalField[5: 2014, 5, 26, DayOfYear, 138, 2014, 5, 26]" classname="org.threeten.extra.chrono.TestAccountingChronology" time="0"/>
  <testcase name="test_with_TemporalField[6: 2014, 5, 26, AlignedDayOfWeekInMonth, 3, 2014, 5, 24]" classname="org.threeten.extra.chrono.TestAccountingChronology" time="0"/>
  <testcase name="test_with_TemporalField[7: 2014, 5, 26, AlignedDayOfWeekInMonth, 5, 2014, 5, 26]" classname="org.threeten.extra.chrono.TestAccountingChronology" time="0"/>
  <testcase name="test_with_TemporalField[8: 2014, 5, 26, AlignedWeekOfMonth, 1, 2014, 5, 5]" classname="org.threeten.extra.chrono.TestAccountingChronology" time="0"/>
  <testcase name="test_with_TemporalField[9: 2014, 5, 26, AlignedWeekOfMonth, 4, 2014, 5, 26]" classname="org.threeten.extra.chrono.TestAccountingChronology" time="0"/>
  <testcase name="test_with_TemporalField[10: 2014, 5, 26, AlignedDayOfWeekInYear, 3, 2014, 5, 24]" classname="org.threeten.extra.chrono.TestAccountingChronology" time="0"/>
  <testcase name="test_with_TemporalField[11: 2014, 5, 26, AlignedDayOfWeekInYear, 5, 2014, 5, 26]" classname="org.threeten.extra.chrono.TestAccountingChronology" time="0"/>
  <testcase name="test_with_TemporalField[12: 2014, 5, 26, AlignedWeekOfYear, 23, 2014, 6, 19]" classname="org.threeten.extra.chrono.TestAccountingChronology" time="0"/>
  <testcase name="test_with_TemporalField[13: 2014, 5, 26, AlignedWeekOfYear, 20, 2014, 5, 26]" classname="org.threeten.extra.chrono.TestAccountingChronology" time="0"/>
  <testcase name="test_with_TemporalField[14: 2014, 5, 26, MonthOfYear, 7, 2014, 7, 26]" classname="org.threeten.extra.chrono.TestAccountingChronology" time="0"/>
  <testcase name="test_with_TemporalField[15: 2014, 5, 26, MonthOfYear, 5, 2014, 5, 26]" classname="org.threeten.extra.chrono.TestAccountingChronology" time="0"/>
  <testcase name="test_with_TemporalField[16: 2014, 5, 26, ProlepticMonth, 26171, 2013, 3, 26]" classname="org.threeten.extra.chrono.TestAccountingChronology" time="0"/>
  <testcase name="test_with_TemporalField[17: 2014, 5, 26, ProlepticMonth, 26186, 2014, 5, 26]" classname="org.threeten.extra.chrono.TestAccountingChronology" time="0"/>
  <testcase name="test_with_TemporalField[18: 2014, 5, 26, Year, 2012, 2012, 5, 26]" classname="org.threeten.extra.chrono.TestAccountingChronology" time="0"/>
  <testcase name="test_with_TemporalField[19: 2014, 5, 26, Year, 2014, 2014, 5, 26]" classname="org.threeten.extra.chrono.TestAccountingChronology" time="0"/>
  <testcase name="test_with_TemporalField[20: 2014, 5, 26, YearOfEra, 2012, 2012, 5, 26]" classname="org.threeten.extra.chrono.TestAccountingChronology" time="0"/>
  <testcase name="test_with_TemporalField[21: 2014, 5, 26, YearOfEra, 2014, 2014, 5, 26]" classname="org.threeten.extra.chrono.TestAccountingChronology" time="0"/>
  <testcase name="test_with_TemporalField[22: 2014, 5, 26, Era, 0, -2013, 5, 26]" classname="org.threeten.extra.chrono.TestAccountingChronology" time="0"/>
  <testcase name="test_with_TemporalField[23: 2014, 5, 26, Era, 1, 2014, 5, 26]" classname="org.threeten.extra.chrono.TestAccountingChronology" time="0"/>
  <testcase name="test_with_TemporalField[24: 2011, 3, 28, MonthOfYear, 13, 2011, 13, 28]" classname="org.threeten.extra.chrono.TestAccountingChronology" time="0"/>
  <testcase name="test_with_TemporalField[25: 2012, 3, 28, MonthOfYear, 13, 2012, 13, 28]" classname="org.threeten.extra.chrono.TestAccountingChronology" time="0"/>
  <testcase name="test_with_TemporalField[26: 2012, 13, 35, MonthOfYear, 6, 2012, 6, 28]" classname="org.threeten.extra.chrono.TestAccountingChronology" time="0"/>
  <testcase name="test_with_TemporalField[27: 2012, 13, 35, Year, 2011, 2011, 13, 28]" classname="org.threeten.extra.chrono.TestAccountingChronology" time="0"/>
  <testcase name="test_with_TemporalField[28: -2013, 6, 8, YearOfEra, 2012, -2011, 6, 8]" classname="org.threeten.extra.chrono.TestAccountingChronology" time="0"/>
  <testcase name="test_with_TemporalField[29: 2014, 5, 26, DayOfWeek[WeekFields[MONDAY,4]], 3, 2014, 5, 24]" classname="org.threeten.extra.chrono.TestAccountingChronology" time="0"/>
  <testcase name="test_plus_Period_ISO" classname="org.threeten.extra.chrono.TestAccountingChronology" time="0"/>
  <testcase name="test_until_DAYS[0: Accounting calendar ends on SUNDAY nearest end of AUGUST, year divided in THIRTEEN_EVEN_MONTHS_OF_4_WEEKS with leap-week in month 13 CE 1-01-01, 0000-09-04]" classname="org.threeten.extra.chrono.TestAccountingChronology" time="0"/>
  <testcase name="test_until_DAYS[1: Accounting calendar ends on SUNDAY nearest end of AUGUST, year divided in THIRTEEN_EVEN_MONTHS_OF_4_WEEKS with leap-week in month 13 CE 1-01-02, 0000-09-05]" classname="org.threeten.extra.chrono.TestAccountingChronology" time="0"/>
  <testcase name="test_until_DAYS[2: Accounting calendar ends on SUNDAY nearest end of AUGUST, year divided in THIRTEEN_EVEN_MONTHS_OF_4_WEEKS with leap-week in month 13 CE 1-01-03, 0000-09-06]" classname="org.threeten.extra.chrono.TestAccountingChronology" time="0"/>
  <testcase name="test_until_DAYS[3: Accounting calendar ends on SUNDAY nearest end of AUGUST, year divided in THIRTEEN_EVEN_MONTHS_OF_4_WEEKS with leap-week in month 13 CE 2011-13-28, 2011-08-28]" classname="org.threeten.extra.chrono.TestAccountingChronology" time="0"/>
  <testcase name="test_until_DAYS[4: Accounting calendar ends on SUNDAY nearest end of AUGUST, year divided in THIRTEEN_EVEN_MONTHS_OF_4_WEEKS with leap-week in month 13 CE 2012-01-01, 2011-08-29]" classname="org.threeten.extra.chrono.TestAccountingChronology" time="0"/>
  <testcase name="test_until_DAYS[5: Accounting calendar ends on SUNDAY nearest end of AUGUST, year divided in THIRTEEN_EVEN_MONTHS_OF_4_WEEKS with leap-week in month 13 CE 2012-01-02, 2011-08-30]" classname="org.threeten.extra.chrono.TestAccountingChronology" time="0"/>
  <testcase name="test_until_DAYS[6: Accounting calendar ends on SUNDAY nearest end of AUGUST, year divided in THIRTEEN_EVEN_MONTHS_OF_4_WEEKS with leap-week in month 13 CE 2012-01-03, 2011-08-31]" classname="org.threeten.extra.chrono.TestAccountingChronology" time="0"/>
  <testcase name="test_until_DAYS[7: Accounting calendar ends on SUNDAY nearest end of AUGUST, year divided in THIRTEEN_EVEN_MONTHS_OF_4_WEEKS with leap-week in month 13 CE 2012-13-28, 2012-08-26]" classname="org.threeten.extra.chrono.TestAccountingChronology" time="0"/>
  <testcase name="test_until_DAYS[8: Accounting calendar ends on SUNDAY nearest end of AUGUST, year divided in THIRTEEN_EVEN_MONTHS_OF_4_WEEKS with leap-week in month 13 CE 2012-13-29, 2012-08-27]" classname="org.threeten.extra.chrono.TestAccountingChronology" time="0"/>
  <testcase name="test_until_DAYS[9: Accounting calendar ends on SUNDAY nearest end of AUGUST, year divided in THIRTEEN_EVEN_MONTHS_OF_4_WEEKS with leap-week in month 13 CE 2012-13-30, 2012-08-28]" classname="org.threeten.extra.chrono.TestAccountingChronology" time="0"/>
  <testcase name="test_until_DAYS[10: Accounting calendar ends on SUNDAY nearest end of AUGUST, year divided in THIRTEEN_EVEN_MONTHS_OF_4_WEEKS with leap-week in month 13 CE 2012-13-31, 2012-08-29]" classname="org.threeten.extra.chrono.TestAccountingChronology" time="0"/>
  <testcase name="test_until_DAYS[11: Accounting calendar ends on SUNDAY nearest end of AUGUST, year divided in THIRTEEN_EVEN_MONTHS_OF_4_WEEKS with leap-week in month 13 CE 2012-13-32, 2012-08-30]" classname="org.threeten.extra.chrono.TestAccountingChronology" time="0"/>
  <testcase name="test_until_DAYS[12: Accounting calendar ends on SUNDAY nearest end of AUGUST, year divided in THIRTEEN_EVEN_MONTHS_OF_4_WEEKS with leap-week in month 13 CE 2012-13-33, 2012-08-31]" classname="org.threeten.extra.chrono.TestAccountingChronology" time="0"/>
  <testcase name="test_until_DAYS[13: Accounting calendar ends on SUNDAY nearest end of AUGUST, year divided in THIRTEEN_EVEN_MONTHS_OF_4_WEEKS with leap-week in month 13 CE 2012-13-34, 2012-09-01]" classname="org.threeten.extra.chrono.TestAccountingChronology" time="0"/>
  <testcase name="test_until_DAYS[14: Accounting calendar ends on SUNDAY nearest end of AUGUST, year divided in THIRTEEN_EVEN_MONTHS_OF_4_WEEKS with leap-week in month 13 CE 2012-13-35, 2012-09-02]" classname="org.threeten.extra.chrono.TestAccountingChronology" time="0"/>
  <testcase name="test_until_DAYS[15: Accounting calendar ends on SUNDAY nearest end of AUGUST, year divided in THIRTEEN_EVEN_MONTHS_OF_4_WEEKS with leap-week in month 13 CE 2013-01-01, 2012-09-03]" classname="org.threeten.extra.chrono.TestAccountingChronology" time="0"/>
  <testcase name="test_until_DAYS[16: Accounting calendar ends on SUNDAY nearest end of AUGUST, year divided in THIRTEEN_EVEN_MONTHS_OF_4_WEEKS with leap-week in month 13 CE 2013-01-02, 2012-09-04]" classname="org.threeten.extra.chrono.TestAccountingChronology" time="0"/>
  <testcase name="test_until_DAYS[17: Accounting calendar ends on SUNDAY nearest end of AUGUST, year divided in THIRTEEN_EVEN_MONTHS_OF_4_WEEKS with leap-week in month 13 CE 2013-01-03, 2012-09-05]" classname="org.threeten.extra.chrono.TestAccountingChronology" time="0"/>
  <testcase name="test_until_DAYS[18: Accounting calendar ends on SUNDAY nearest end of AUGUST, year divided in THIRTEEN_EVEN_MONTHS_OF_4_WEEKS with leap-week in month 13 BCE 1-13-35, 0000-09-03]" classname="org.threeten.extra.chrono.TestAccountingChronology" time="0"/>
  <testcase name="test_until_DAYS[19: Accounting calendar ends on SUNDAY nearest end of AUGUST, year divided in THIRTEEN_EVEN_MONTHS_OF_4_WEEKS with leap-week in month 13 BCE 1-13-34, 0000-09-02]" classname="org.threeten.extra.chrono.TestAccountingChronology" time="0"/>
  <testcase name="test_until_DAYS[20: Accounting calendar ends on SUNDAY nearest end of AUGUST, year divided in THIRTEEN_EVEN_MONTHS_OF_4_WEEKS with leap-week in month 13 CE 1583-02-18, 1582-10-14]" classname="org.threeten.extra.chrono.TestAccountingChronology" time="0"/>
  <testcase name="test_until_DAYS[21: Accounting calendar ends on SUNDAY nearest end of AUGUST, year divided in THIRTEEN_EVEN_MONTHS_OF_4_WEEKS with leap-week in month 13 CE 1583-02-19, 1582-10-15]" classname="org.threeten.extra.chrono.TestAccountingChronology" time="0"/>
  <testcase name="test_until_DAYS[22: Accounting calendar ends on SUNDAY nearest end of AUGUST, year divided in THIRTEEN_EVEN_MONTHS_OF_4_WEEKS with leap-week in month 13 CE 1946-03-15, 1945-11-12]" classname="org.threeten.extra.chrono.TestAccountingChronology" time="0"/>
  <testcase name="test_until_DAYS[23: Accounting calendar ends on SUNDAY nearest end of AUGUST, year divided in THIRTEEN_EVEN_MONTHS_OF_4_WEEKS with leap-week in month 13 CE 2012-12-04, 2012-07-05]" classname="org.threeten.extra.chrono.TestAccountingChronology" time="0"/>
  <testcase name="test_until_DAYS[24: Accounting calendar ends on SUNDAY nearest end of AUGUST, year divided in THIRTEEN_EVEN_MONTHS_OF_4_WEEKS with leap-week in month 13 CE 2012-12-05, 2012-07-06]" classname="org.threeten.extra.chrono.TestAccountingChronology" time="0"/>
  <testcase name="test_LocalDate_until_CoptiDate[0: Accounting calendar ends on SUNDAY nearest end of AUGUST, year divided in THIRTEEN_EVEN_MONTHS_OF_4_WEEKS with leap-week in month 13 CE 1-01-01, 0000-09-04]" classname="org.threeten.extra.chrono.TestAccountingChronology" time="0.001"/>
  <testcase name="test_LocalDate_until_CoptiDate[1: Accounting calendar ends on SUNDAY nearest end of AUGUST, year divided in THIRTEEN_EVEN_MONTHS_OF_4_WEEKS with leap-week in month 13 CE 1-01-02, 0000-09-05]" classname="org.threeten.extra.chrono.TestAccountingChronology" time="0"/>
  <testcase name="test_LocalDate_until_CoptiDate[2: Accounting calendar ends on SUNDAY nearest end of AUGUST, year divided in THIRTEEN_EVEN_MONTHS_OF_4_WEEKS with leap-week in month 13 CE 1-01-03, 0000-09-06]" classname="org.threeten.extra.chrono.TestAccountingChronology" time="0"/>
  <testcase name="test_LocalDate_until_CoptiDate[3: Accounting calendar ends on SUNDAY nearest end of AUGUST, year divided in THIRTEEN_EVEN_MONTHS_OF_4_WEEKS with leap-week in month 13 CE 2011-13-28, 2011-08-28]" classname="org.threeten.extra.chrono.TestAccountingChronology" time="0"/>
  <testcase name="test_LocalDate_until_CoptiDate[4: Accounting calendar ends on SUNDAY nearest end of AUGUST, year divided in THIRTEEN_EVEN_MONTHS_OF_4_WEEKS with leap-week in month 13 CE 2012-01-01, 2011-08-29]" classname="org.threeten.extra.chrono.TestAccountingChronology" time="0"/>
  <testcase name="test_LocalDate_until_CoptiDate[5: Accounting calendar ends on SUNDAY nearest end of AUGUST, year divided in THIRTEEN_EVEN_MONTHS_OF_4_WEEKS with leap-week in month 13 CE 2012-01-02, 2011-08-30]" classname="org.threeten.extra.chrono.TestAccountingChronology" time="0"/>
  <testcase name="test_LocalDate_until_CoptiDate[6: Accounting calendar ends on SUNDAY nearest end of AUGUST, year divided in THIRTEEN_EVEN_MONTHS_OF_4_WEEKS with leap-week in month 13 CE 2012-01-03, 2011-08-31]" classname="org.threeten.extra.chrono.TestAccountingChronology" time="0"/>
  <testcase name="test_LocalDate_until_CoptiDate[7: Accounting calendar ends on SUNDAY nearest end of AUGUST, year divided in THIRTEEN_EVEN_MONTHS_OF_4_WEEKS with leap-week in month 13 CE 2012-13-28, 2012-08-26]" classname="org.threeten.extra.chrono.TestAccountingChronology" time="0"/>
  <testcase name="test_LocalDate_until_CoptiDate[8: Accounting calendar ends on SUNDAY nearest end of AUGUST, year divided in THIRTEEN_EVEN_MONTHS_OF_4_WEEKS with leap-week in month 13 CE 2012-13-29, 2012-08-27]" classname="org.threeten.extra.chrono.TestAccountingChronology" time="0"/>
  <testcase name="test_LocalDate_until_CoptiDate[9: Accounting calendar ends on SUNDAY nearest end of AUGUST, year divided in THIRTEEN_EVEN_MONTHS_OF_4_WEEKS with leap-week in month 13 CE 2012-13-30, 2012-08-28]" classname="org.threeten.extra.chrono.TestAccountingChronology" time="0"/>
  <testcase name="test_LocalDate_until_CoptiDate[10: Accounting calendar ends on SUNDAY nearest end of AUGUST, year divided in THIRTEEN_EVEN_MONTHS_OF_4_WEEKS with leap-week in month 13 CE 2012-13-31, 2012-08-29]" classname="org.threeten.extra.chrono.TestAccountingChronology" time="0"/>
  <testcase name="test_LocalDate_until_CoptiDate[11: Accounting calendar ends on SUNDAY nearest end of AUGUST, year divided in THIRTEEN_EVEN_MONTHS_OF_4_WEEKS with leap-week in month 13 CE 2012-13-32, 2012-08-30]" classname="org.threeten.extra.chrono.TestAccountingChronology" time="0"/>
  <testcase name="test_LocalDate_until_CoptiDate[12: Accounting calendar ends on SUNDAY nearest end of AUGUST, year divided in THIRTEEN_EVEN_MONTHS_OF_4_WEEKS with leap-week in month 13 CE 2012-13-33, 2012-08-31]" classname="org.threeten.extra.chrono.TestAccountingChronology" time="0"/>
  <testcase name="test_LocalDate_until_CoptiDate[13: Accounting calendar ends on SUNDAY nearest end of AUGUST, year divided in THIRTEEN_EVEN_MONTHS_OF_4_WEEKS with leap-week in month 13 CE 2012-13-34, 2012-09-01]" classname="org.threeten.extra.chrono.TestAccountingChronology" time="0"/>
  <testcase name="test_LocalDate_until_CoptiDate[14: Accounting calendar ends on SUNDAY nearest end of AUGUST, year divided in THIRTEEN_EVEN_MONTHS_OF_4_WEEKS with leap-week in month 13 CE 2012-13-35, 2012-09-02]" classname="org.threeten.extra.chrono.TestAccountingChronology" time="0"/>
  <testcase name="test_LocalDate_until_CoptiDate[15: Accounting calendar ends on SUNDAY nearest end of AUGUST, year divided in THIRTEEN_EVEN_MONTHS_OF_4_WEEKS with leap-week in month 13 CE 2013-01-01, 2012-09-03]" classname="org.threeten.extra.chrono.TestAccountingChronology" time="0"/>
  <testcase name="test_LocalDate_until_CoptiDate[16: Accounting calendar ends on SUNDAY nearest end of AUGUST, year divided in THIRTEEN_EVEN_MONTHS_OF_4_WEEKS with leap-week in month 13 CE 2013-01-02, 2012-09-04]" classname="org.threeten.extra.chrono.TestAccountingChronology" time="0"/>
  <testcase name="test_LocalDate_until_CoptiDate[17: Accounting calendar ends on SUNDAY nearest end of AUGUST, year divided in THIRTEEN_EVEN_MONTHS_OF_4_WEEKS with leap-week in month 13 CE 2013-01-03, 2012-09-05]" classname="org.threeten.extra.chrono.TestAccountingChronology" time="0.001"/>
  <testcase name="test_LocalDate_until_CoptiDate[18: Accounting calendar ends on SUNDAY nearest end of AUGUST, year divided in THIRTEEN_EVEN_MONTHS_OF_4_WEEKS with leap-week in month 13 BCE 1-13-35, 0000-09-03]" classname="org.threeten.extra.chrono.TestAccountingChronology" time="0"/>
  <testcase name="test_LocalDate_until_CoptiDate[19: Accounting calendar ends on SUNDAY nearest end of AUGUST, year divided in THIRTEEN_EVEN_MONTHS_OF_4_WEEKS with leap-week in month 13 BCE 1-13-34, 0000-09-02]" classname="org.threeten.extra.chrono.TestAccountingChronology" time="0"/>
  <testcase name="test_LocalDate_until_CoptiDate[20: Accounting calendar ends on SUNDAY nearest end of AUGUST, year divided in THIRTEEN_EVEN_MONTHS_OF_4_WEEKS with leap-week in month 13 CE 1583-02-18, 1582-10-14]" classname="org.threeten.extra.chrono.TestAccountingChronology" time="0"/>
  <testcase name="test_LocalDate_until_CoptiDate[21: Accounting calendar ends on SUNDAY nearest end of AUGUST, year divided in THIRTEEN_EVEN_MONTHS_OF_4_WEEKS with leap-week in month 13 CE 1583-02-19, 1582-10-15]" classname="org.threeten.extra.chrono.TestAccountingChronology" time="0"/>
  <testcase name="test_LocalDate_until_CoptiDate[22: Accounting calendar ends on SUNDAY nearest end of AUGUST, year divided in THIRTEEN_EVEN_MONTHS_OF_4_WEEKS with leap-week in month 13 CE 1946-03-15, 1945-11-12]" classname="org.threeten.extra.chrono.TestAccountingChronology" time="0"/>
  <testcase name="test_LocalDate_until_CoptiDate[23: Accounting calendar ends on SUNDAY nearest end of AUGUST, year divided in THIRTEEN_EVEN_MONTHS_OF_4_WEEKS with leap-week in month 13 CE 2012-12-04, 2012-07-05]" classname="org.threeten.extra.chrono.TestAccountingChronology" time="0"/>
  <testcase name="test_LocalDate_until_CoptiDate[24: Accounting calendar ends on SUNDAY nearest end of AUGUST, year divided in THIRTEEN_EVEN_MONTHS_OF_4_WEEKS with leap-week in month 13 CE 2012-12-05, 2012-07-06]" classname="org.threeten.extra.chrono.TestAccountingChronology" time="0"/>
  <testcase name="test_until_TemporalUnit_unsupported" classname="org.threeten.extra.chrono.TestAccountingChronology" time="0"/>
  <testcase name="test_LocalDateTime_adjustToAccountingDate" classname="org.threeten.extra.chrono.TestAccountingChronology" time="0"/>
  <testcase name="test_chronology_of_name_id" classname="org.threeten.extra.chrono.TestAccountingChronology" time="0"/>
  <testcase name="test_AccountingDate_until_CoptiDate[0: Accounting calendar ends on SUNDAY nearest end of AUGUST, year divided in THIRTEEN_EVEN_MONTHS_OF_4_WEEKS with leap-week in month 13 CE 1-01-01, 0000-09-04]" classname="org.threeten.extra.chrono.TestAccountingChronology" time="0"/>
  <testcase name="test_AccountingDate_until_CoptiDate[1: Accounting calendar ends on SUNDAY nearest end of AUGUST, year divided in THIRTEEN_EVEN_MONTHS_OF_4_WEEKS with leap-week in month 13 CE 1-01-02, 0000-09-05]" classname="org.threeten.extra.chrono.TestAccountingChronology" time="0"/>
  <testcase name="test_AccountingDate_until_CoptiDate[2: Accounting calendar ends on SUNDAY nearest end of AUGUST, year divided in THIRTEEN_EVEN_MONTHS_OF_4_WEEKS with leap-week in month 13 CE 1-01-03, 0000-09-06]" classname="org.threeten.extra.chrono.TestAccountingChronology" time="0"/>
  <testcase name="test_AccountingDate_until_CoptiDate[3: Accounting calendar ends on SUNDAY nearest end of AUGUST, year divided in THIRTEEN_EVEN_MONTHS_OF_4_WEEKS with leap-week in month 13 CE 2011-13-28, 2011-08-28]" classname="org.threeten.extra.chrono.TestAccountingChronology" time="0"/>
  <testcase name="test_AccountingDate_until_CoptiDate[4: Accounting calendar ends on SUNDAY nearest end of AUGUST, year divided in THIRTEEN_EVEN_MONTHS_OF_4_WEEKS with leap-week in month 13 CE 2012-01-01, 2011-08-29]" classname="org.threeten.extra.chrono.TestAccountingChronology" time="0"/>
  <testcase name="test_AccountingDate_until_CoptiDate[5: Accounting calendar ends on SUNDAY nearest end of AUGUST, year divided in THIRTEEN_EVEN_MONTHS_OF_4_WEEKS with leap-week in month 13 CE 2012-01-02, 2011-08-30]" classname="org.threeten.extra.chrono.TestAccountingChronology" time="0"/>
  <testcase name="test_AccountingDate_until_CoptiDate[6: Accounting calendar ends on SUNDAY nearest end of AUGUST, year divided in THIRTEEN_EVEN_MONTHS_OF_4_WEEKS with leap-week in month 13 CE 2012-01-03, 2011-08-31]" classname="org.threeten.extra.chrono.TestAccountingChronology" time="0"/>
  <testcase name="test_AccountingDate_until_CoptiDate[7: Accounting calendar ends on SUNDAY nearest end of AUGUST, year divided in THIRTEEN_EVEN_MONTHS_OF_4_WEEKS with leap-week in month 13 CE 2012-13-28, 2012-08-26]" classname="org.threeten.extra.chrono.TestAccountingChronology" time="0"/>
  <testcase name="test_AccountingDate_until_CoptiDate[8: Accounting calendar ends on SUNDAY nearest end of AUGUST, year divided in THIRTEEN_EVEN_MONTHS_OF_4_WEEKS with leap-week in month 13 CE 2012-13-29, 2012-08-27]" classname="org.threeten.extra.chrono.TestAccountingChronology" time="0"/>
  <testcase name="test_AccountingDate_until_CoptiDate[9: Accounting calendar ends on SUNDAY nearest end of AUGUST, year divided in THIRTEEN_EVEN_MONTHS_OF_4_WEEKS with leap-week in month 13 CE 2012-13-30, 2012-08-28]" classname="org.threeten.extra.chrono.TestAccountingChronology" time="0"/>
  <testcase name="test_AccountingDate_until_CoptiDate[10: Accounting calendar ends on SUNDAY nearest end of AUGUST, year divided in THIRTEEN_EVEN_MONTHS_OF_4_WEEKS with leap-week in month 13 CE 2012-13-31, 2012-08-29]" classname="org.threeten.extra.chrono.TestAccountingChronology" time="0"/>
  <testcase name="test_AccountingDate_until_CoptiDate[11: Accounting calendar ends on SUNDAY nearest end of AUGUST, year divided in THIRTEEN_EVEN_MONTHS_OF_4_WEEKS with leap-week in month 13 CE 2012-13-32, 2012-08-30]" classname="org.threeten.extra.chrono.TestAccountingChronology" time="0.001"/>
  <testcase name="test_AccountingDate_until_CoptiDate[12: Accounting calendar ends on SUNDAY nearest end of AUGUST, year divided in THIRTEEN_EVEN_MONTHS_OF_4_WEEKS with leap-week in month 13 CE 2012-13-33, 2012-08-31]" classname="org.threeten.extra.chrono.TestAccountingChronology" time="0"/>
  <testcase name="test_AccountingDate_until_CoptiDate[13: Accounting calendar ends on SUNDAY nearest end of AUGUST, year divided in THIRTEEN_EVEN_MONTHS_OF_4_WEEKS with leap-week in month 13 CE 2012-13-34, 2012-09-01]" classname="org.threeten.extra.chrono.TestAccountingChronology" time="0"/>
  <testcase name="test_AccountingDate_until_CoptiDate[14: Accounting calendar ends on SUNDAY nearest end of AUGUST, year divided in THIRTEEN_EVEN_MONTHS_OF_4_WEEKS with leap-week in month 13 CE 2012-13-35, 2012-09-02]" classname="org.threeten.extra.chrono.TestAccountingChronology" time="0"/>
  <testcase name="test_AccountingDate_until_CoptiDate[15: Accounting calendar ends on SUNDAY nearest end of AUGUST, year divided in THIRTEEN_EVEN_MONTHS_OF_4_WEEKS with leap-week in month 13 CE 2013-01-01, 2012-09-03]" classname="org.threeten.extra.chrono.TestAccountingChronology" time="0"/>
  <testcase name="test_AccountingDate_until_CoptiDate[16: Accounting calendar ends on SUNDAY nearest end of AUGUST, year divided in THIRTEEN_EVEN_MONTHS_OF_4_WEEKS with leap-week in month 13 CE 2013-01-02, 2012-09-04]" classname="org.threeten.extra.chrono.TestAccountingChronology" time="0"/>
  <testcase name="test_AccountingDate_until_CoptiDate[17: Accounting calendar ends on SUNDAY nearest end of AUGUST, year divided in THIRTEEN_EVEN_MONTHS_OF_4_WEEKS with leap-week in month 13 CE 2013-01-03, 2012-09-05]" classname="org.threeten.extra.chrono.TestAccountingChronology" time="0"/>
  <testcase name="test_AccountingDate_until_CoptiDate[18: Accounting calendar ends on SUNDAY nearest end of AUGUST, year divided in THIRTEEN_EVEN_MONTHS_OF_4_WEEKS with leap-week in month 13 BCE 1-13-35, 0000-09-03]" classname="org.threeten.extra.chrono.TestAccountingChronology" time="0"/>
  <testcase name="test_AccountingDate_until_CoptiDate[19: Accounting calendar ends on SUNDAY nearest end of AUGUST, year divided in THIRTEEN_EVEN_MONTHS_OF_4_WEEKS with leap-week in month 13 BCE 1-13-34, 0000-09-02]" classname="org.threeten.extra.chrono.TestAccountingChronology" time="0"/>
  <testcase name="test_AccountingDate_until_CoptiDate[20: Accounting calendar ends on SUNDAY nearest end of AUGUST, year divided in THIRTEEN_EVEN_MONTHS_OF_4_WEEKS with leap-week in month 13 CE 1583-02-18, 1582-10-14]" classname="org.threeten.extra.chrono.TestAccountingChronology" time="0"/>
  <testcase name="test_AccountingDate_until_CoptiDate[21: Accounting calendar ends on SUNDAY nearest end of AUGUST, year divided in THIRTEEN_EVEN_MONTHS_OF_4_WEEKS with leap-week in month 13 CE 1583-02-19, 1582-10-15]" classname="org.threeten.extra.chrono.TestAccountingChronology" time="0"/>
  <testcase name="test_AccountingDate_until_CoptiDate[22: Accounting calendar ends on SUNDAY nearest end of AUGUST, year divided in THIRTEEN_EVEN_MONTHS_OF_4_WEEKS with leap-week in month 13 CE 1946-03-15, 1945-11-12]" classname="org.threeten.extra.chrono.TestAccountingChronology" time="0"/>
  <testcase name="test_AccountingDate_until_CoptiDate[23: Accounting calendar ends on SUNDAY nearest end of AUGUST, year divided in THIRTEEN_EVEN_MONTHS_OF_4_WEEKS with leap-week in month 13 CE 2012-12-04, 2012-07-05]" classname="org.threeten.extra.chrono.TestAccountingChronology" time="0"/>
  <testcase name="test_AccountingDate_until_CoptiDate[24: Accounting calendar ends on SUNDAY nearest end of AUGUST, year divided in THIRTEEN_EVEN_MONTHS_OF_4_WEEKS with leap-week in month 13 CE 2012-12-05, 2012-07-06]" classname="org.threeten.extra.chrono.TestAccountingChronology" time="0"/>
  <testcase name="test_chronology_of_name" classname="org.threeten.extra.chrono.TestAccountingChronology" time="0"/>
  <testcase name="test_chronology_dateYearDay_badDate" classname="org.threeten.extra.chrono.TestAccountingChronology" time="0"/>
  <testcase name="test_getLong[0: 2014, 5, 26, DayOfWeek, 5]" classname="org.threeten.extra.chrono.TestAccountingChronology" time="0"/>
  <testcase name="test_getLong[1: 2014, 5, 26, DayOfMonth, 26]" classname="org.threeten.extra.chrono.TestAccountingChronology" time="0"/>
  <testcase name="test_getLong[2: 2014, 5, 26, DayOfYear, 138]" classname="org.threeten.extra.chrono.TestAccountingChronology" time="0"/>
  <testcase name="test_getLong[3: 2014, 5, 26, AlignedDayOfWeekInMonth, 5]" classname="org.threeten.extra.chrono.TestAccountingChronology" time="0"/>
  <testcase name="test_getLong[4: 2014, 5, 26, AlignedWeekOfMonth, 4]" classname="org.threeten.extra.chrono.TestAccountingChronology" time="0"/>
  <testcase name="test_getLong[5: 2014, 5, 26, AlignedDayOfWeekInYear, 5]" classname="org.threeten.extra.chrono.TestAccountingChronology" time="0"/>
  <testcase name="test_getLong[6: 2014, 5, 26, AlignedWeekOfYear, 20]" classname="org.threeten.extra.chrono.TestAccountingChronology" time="0"/>
  <testcase name="test_getLong[7: 2014, 5, 26, MonthOfYear, 5]" classname="org.threeten.extra.chrono.TestAccountingChronology" time="0"/>
  <testcase name="test_getLong[8: 2014, 5, 26, ProlepticMonth, 26186]" classname="org.threeten.extra.chrono.TestAccountingChronology" time="0"/>
  <testcase name="test_getLong[9: 2014, 5, 26, Year, 2014]" classname="org.threeten.extra.chrono.TestAccountingChronology" time="0"/>
  <testcase name="test_getLong[10: 2014, 5, 26, Era, 1]" classname="org.threeten.extra.chrono.TestAccountingChronology" time="0"/>
  <testcase name="test_getLong[11: 1, 6, 8, Era, 1]" classname="org.threeten.extra.chrono.TestAccountingChronology" time="0"/>
  <testcase name="test_getLong[12: 0, 6, 8, Era, 0]" classname="org.threeten.extra.chrono.TestAccountingChronology" time="0"/>
  <testcase name="test_getLong[13: 2014, 5, 26, DayOfWeek[WeekFields[MONDAY,4]], 5]" classname="org.threeten.extra.chrono.TestAccountingChronology" time="0"/>
  <testcase name="test_Chronology_eraOf" classname="org.threeten.extra.chrono.TestAccountingChronology" time="0"/>
  <testcase name="test_minus_Period" classname="org.threeten.extra.chrono.TestAccountingChronology" time="0"/>
  <testcase name="test_Chronology_range" classname="org.threeten.extra.chrono.TestAccountingChronology" time="0"/>
  <testcase name="test_AccountingDate_toEpochDay[0: Accounting calendar ends on SUNDAY nearest end of AUGUST, year divided in THIRTEEN_EVEN_MONTHS_OF_4_WEEKS with leap-week in month 13 CE 1-01-01, 0000-09-04]" classname="org.threeten.extra.chrono.TestAccountingChronology" time="0"/>
  <testcase name="test_AccountingDate_toEpochDay[1: Accounting calendar ends on SUNDAY nearest end of AUGUST, year divided in THIRTEEN_EVEN_MONTHS_OF_4_WEEKS with leap-week in month 13 CE 1-01-02, 0000-09-05]" classname="org.threeten.extra.chrono.TestAccountingChronology" time="0"/>
  <testcase name="test_AccountingDate_toEpochDay[2: Accounting calendar ends on SUNDAY nearest end of AUGUST, year divided in THIRTEEN_EVEN_MONTHS_OF_4_WEEKS with leap-week in month 13 CE 1-01-03, 0000-09-06]" classname="org.threeten.extra.chrono.TestAccountingChronology" time="0"/>
  <testcase name="test_AccountingDate_toEpochDay[3: Accounting calendar ends on SUNDAY nearest end of AUGUST, year divided in THIRTEEN_EVEN_MONTHS_OF_4_WEEKS with leap-week in month 13 CE 2011-13-28, 2011-08-28]" classname="org.threeten.extra.chrono.TestAccountingChronology" time="0"/>
  <testcase name="test_AccountingDate_toEpochDay[4: Accounting calendar ends on SUNDAY nearest end of AUGUST, year divided in THIRTEEN_EVEN_MONTHS_OF_4_WEEKS with leap-week in month 13 CE 2012-01-01, 2011-08-29]" classname="org.threeten.extra.chrono.TestAccountingChronology" time="0"/>
  <testcase name="test_AccountingDate_toEpochDay[5: Accounting calendar ends on SUNDAY nearest end of AUGUST, year divided in THIRTEEN_EVEN_MONTHS_OF_4_WEEKS with leap-week in month 13 CE 2012-01-02, 2011-08-30]" classname="org.threeten.extra.chrono.TestAccountingChronology" time="0"/>
  <testcase name="test_AccountingDate_toEpochDay[6: Accounting calendar ends on SUNDAY nearest end of AUGUST, year divided in THIRTEEN_EVEN_MONTHS_OF_4_WEEKS with leap-week in month 13 CE 2012-01-03, 2011-08-31]" classname="org.threeten.extra.chrono.TestAccountingChronology" time="0"/>
  <testcase name="test_AccountingDate_toEpochDay[7: Accounting calendar ends on SUNDAY nearest end of AUGUST, year divided in THIRTEEN_EVEN_MONTHS_OF_4_WEEKS with leap-week in month 13 CE 2012-13-28, 2012-08-26]" classname="org.threeten.extra.chrono.TestAccountingChronology" time="0"/>
  <testcase name="test_AccountingDate_toEpochDay[8: Accounting calendar ends on SUNDAY nearest end of AUGUST, year divided in THIRTEEN_EVEN_MONTHS_OF_4_WEEKS with leap-week in month 13 CE 2012-13-29, 2012-08-27]" classname="org.threeten.extra.chrono.TestAccountingChronology" time="0"/>
  <testcase name="test_AccountingDate_toEpochDay[9: Accounting calendar ends on SUNDAY nearest end of AUGUST, year divided in THIRTEEN_EVEN_MONTHS_OF_4_WEEKS with leap-week in month 13 CE 2012-13-30, 2012-08-28]" classname="org.threeten.extra.chrono.TestAccountingChronology" time="0"/>
  <testcase name="test_AccountingDate_toEpochDay[10: Accounting calendar ends on SUNDAY nearest end of AUGUST, year divided in THIRTEEN_EVEN_MONTHS_OF_4_WEEKS with leap-week in month 13 CE 2012-13-31, 2012-08-29]" classname="org.threeten.extra.chrono.TestAccountingChronology" time="0"/>
  <testcase name="test_AccountingDate_toEpochDay[11: Accounting calendar ends on SUNDAY nearest end of AUGUST, year divided in THIRTEEN_EVEN_MONTHS_OF_4_WEEKS with leap-week in month 13 CE 2012-13-32, 2012-08-30]" classname="org.threeten.extra.chrono.TestAccountingChronology" time="0"/>
  <testcase name="test_AccountingDate_toEpochDay[12: Accounting calendar ends on SUNDAY nearest end of AUGUST, year divided in THIRTEEN_EVEN_MONTHS_OF_4_WEEKS with leap-week in month 13 CE 2012-13-33, 2012-08-31]" classname="org.threeten.extra.chrono.TestAccountingChronology" time="0"/>
  <testcase name="test_AccountingDate_toEpochDay[13: Accounting calendar ends on SUNDAY nearest end of AUGUST, year divided in THIRTEEN_EVEN_MONTHS_OF_4_WEEKS with leap-week in month 13 CE 2012-13-34, 2012-09-01]" classname="org.threeten.extra.chrono.TestAccountingChronology" time="0"/>
  <testcase name="test_AccountingDate_toEpochDay[14: Accounting calendar ends on SUNDAY nearest end of AUGUST, year divided in THIRTEEN_EVEN_MONTHS_OF_4_WEEKS with leap-week in month 13 CE 2012-13-35, 2012-09-02]" classname="org.threeten.extra.chrono.TestAccountingChronology" time="0"/>
  <testcase name="test_AccountingDate_toEpochDay[15: Accounting calendar ends on SUNDAY nearest end of AUGUST, year divided in THIRTEEN_EVEN_MONTHS_OF_4_WEEKS with leap-week in month 13 CE 2013-01-01, 2012-09-03]" classname="org.threeten.extra.chrono.TestAccountingChronology" time="0.001"/>
  <testcase name="test_AccountingDate_toEpochDay[16: Accounting calendar ends on SUNDAY nearest end of AUGUST, year divided in THIRTEEN_EVEN_MONTHS_OF_4_WEEKS with leap-week in month 13 CE 2013-01-02, 2012-09-04]" classname="org.threeten.extra.chrono.TestAccountingChronology" time="0"/>
  <testcase name="test_AccountingDate_toEpochDay[17: Accounting calendar ends on SUNDAY nearest end of AUGUST, year divided in THIRTEEN_EVEN_MONTHS_OF_4_WEEKS with leap-week in month 13 CE 2013-01-03, 2012-09-05]" classname="org.threeten.extra.chrono.TestAccountingChronology" time="0"/>
  <testcase name="test_AccountingDate_toEpochDay[18: Accounting calendar ends on SUNDAY nearest end of AUGUST, year divided in THIRTEEN_EVEN_MONTHS_OF_4_WEEKS with leap-week in month 13 BCE 1-13-35, 0000-09-03]" classname="org.threeten.extra.chrono.TestAccountingChronology" time="0"/>
  <testcase name="test_AccountingDate_toEpochDay[19: Accounting calendar ends on SUNDAY nearest end of AUGUST, year divided in THIRTEEN_EVEN_MONTHS_OF_4_WEEKS with leap-week in month 13 BCE 1-13-34, 0000-09-02]" classname="org.threeten.extra.chrono.TestAccountingChronology" time="0"/>
  <testcase name="test_AccountingDate_toEpochDay[20: Accounting calendar ends on SUNDAY nearest end of AUGUST, year divided in THIRTEEN_EVEN_MONTHS_OF_4_WEEKS with leap-week in month 13 CE 1583-02-18, 1582-10-14]" classname="org.threeten.extra.chrono.TestAccountingChronology" time="0"/>
  <testcase name="test_AccountingDate_toEpochDay[21: Accounting calendar ends on SUNDAY nearest end of AUGUST, year divided in THIRTEEN_EVEN_MONTHS_OF_4_WEEKS with leap-week in month 13 CE 1583-02-19, 1582-10-15]" classname="org.threeten.extra.chrono.TestAccountingChronology" time="0"/>
  <testcase name="test_AccountingDate_toEpochDay[22: Accounting calendar ends on SUNDAY nearest end of AUGUST, year divided in THIRTEEN_EVEN_MONTHS_OF_4_WEEKS with leap-week in month 13 CE 1946-03-15, 1945-11-12]" classname="org.threeten.extra.chrono.TestAccountingChronology" time="0"/>
  <testcase name="test_AccountingDate_toEpochDay[23: Accounting calendar ends on SUNDAY nearest end of AUGUST, year divided in THIRTEEN_EVEN_MONTHS_OF_4_WEEKS with leap-week in month 13 CE 2012-12-04, 2012-07-05]" classname="org.threeten.extra.chrono.TestAccountingChronology" time="0"/>
  <testcase name="test_AccountingDate_toEpochDay[24: Accounting calendar ends on SUNDAY nearest end of AUGUST, year divided in THIRTEEN_EVEN_MONTHS_OF_4_WEEKS with leap-week in month 13 CE 2012-12-05, 2012-07-06]" classname="org.threeten.extra.chrono.TestAccountingChronology" time="0"/>
  <testcase name="test_isLeapYear_specific" classname="org.threeten.extra.chrono.TestAccountingChronology" time="0"/>
  <testcase name="test_minus_Period_ISO" classname="org.threeten.extra.chrono.TestAccountingChronology" time="0"/>
  <testcase name="test_AccountingDate_from_LocalDate[0: Accounting calendar ends on SUNDAY nearest end of AUGUST, year divided in THIRTEEN_EVEN_MONTHS_OF_4_WEEKS with leap-week in month 13 CE 1-01-01, 0000-09-04]" classname="org.threeten.extra.chrono.TestAccountingChronology" time="0.001"/>
  <testcase name="test_AccountingDate_from_LocalDate[1: Accounting calendar ends on SUNDAY nearest end of AUGUST, year divided in THIRTEEN_EVEN_MONTHS_OF_4_WEEKS with leap-week in month 13 CE 1-01-02, 0000-09-05]" classname="org.threeten.extra.chrono.TestAccountingChronology" time="0"/>
  <testcase name="test_AccountingDate_from_LocalDate[2: Accounting calendar ends on SUNDAY nearest end of AUGUST, year divided in THIRTEEN_EVEN_MONTHS_OF_4_WEEKS with leap-week in month 13 CE 1-01-03, 0000-09-06]" classname="org.threeten.extra.chrono.TestAccountingChronology" time="0"/>
  <testcase name="test_AccountingDate_from_LocalDate[3: Accounting calendar ends on SUNDAY nearest end of AUGUST, year divided in THIRTEEN_EVEN_MONTHS_OF_4_WEEKS with leap-week in month 13 CE 2011-13-28, 2011-08-28]" classname="org.threeten.extra.chrono.TestAccountingChronology" time="0"/>
  <testcase name="test_AccountingDate_from_LocalDate[4: Accounting calendar ends on SUNDAY nearest end of AUGUST, year divided in THIRTEEN_EVEN_MONTHS_OF_4_WEEKS with leap-week in month 13 CE 2012-01-01, 2011-08-29]" classname="org.threeten.extra.chrono.TestAccountingChronology" time="0"/>
  <testcase name="test_AccountingDate_from_LocalDate[5: Accounting calendar ends on SUNDAY nearest end of AUGUST, year divided in THIRTEEN_EVEN_MONTHS_OF_4_WEEKS with leap-week in month 13 CE 2012-01-02, 2011-08-30]" classname="org.threeten.extra.chrono.TestAccountingChronology" time="0"/>
  <testcase name="test_AccountingDate_from_LocalDate[6: Accounting calendar ends on SUNDAY nearest end of AUGUST, year divided in THIRTEEN_EVEN_MONTHS_OF_4_WEEKS with leap-week in month 13 CE 2012-01-03, 2011-08-31]" classname="org.threeten.extra.chrono.TestAccountingChronology" time="0"/>
  <testcase name="test_AccountingDate_from_LocalDate[7: Accounting calendar ends on SUNDAY nearest end of AUGUST, year divided in THIRTEEN_EVEN_MONTHS_OF_4_WEEKS with leap-week in month 13 CE 2012-13-28, 2012-08-26]" classname="org.threeten.extra.chrono.TestAccountingChronology" time="0"/>
  <testcase name="test_AccountingDate_from_LocalDate[8: Accounting calendar ends on SUNDAY nearest end of AUGUST, year divided in THIRTEEN_EVEN_MONTHS_OF_4_WEEKS with leap-week in month 13 CE 2012-13-29, 2012-08-27]" classname="org.threeten.extra.chrono.TestAccountingChronology" time="0"/>
  <testcase name="test_AccountingDate_from_LocalDate[9: Accounting calendar ends on SUNDAY nearest end of AUGUST, year divided in THIRTEEN_EVEN_MONTHS_OF_4_WEEKS with leap-week in month 13 CE 2012-13-30, 2012-08-28]" classname="org.threeten.extra.chrono.TestAccountingChronology" time="0"/>
  <testcase name="test_AccountingDate_from_LocalDate[10: Accounting calendar ends on SUNDAY nearest end of AUGUST, year divided in THIRTEEN_EVEN_MONTHS_OF_4_WEEKS with leap-week in month 13 CE 2012-13-31, 2012-08-29]" classname="org.threeten.extra.chrono.TestAccountingChronology" time="0"/>
  <testcase name="test_AccountingDate_from_LocalDate[11: Accounting calendar ends on SUNDAY nearest end of AUGUST, year divided in THIRTEEN_EVEN_MONTHS_OF_4_WEEKS with leap-week in month 13 CE 2012-13-32, 2012-08-30]" classname="org.threeten.extra.chrono.TestAccountingChronology" time="0"/>
  <testcase name="test_AccountingDate_from_LocalDate[12: Accounting calendar ends on SUNDAY nearest end of AUGUST, year divided in THIRTEEN_EVEN_MONTHS_OF_4_WEEKS with leap-week in month 13 CE 2012-13-33, 2012-08-31]" classname="org.threeten.extra.chrono.TestAccountingChronology" time="0"/>
  <testcase name="test_AccountingDate_from_LocalDate[13: Accounting calendar ends on SUNDAY nearest end of AUGUST, year divided in THIRTEEN_EVEN_MONTHS_OF_4_WEEKS with leap-week in month 13 CE 2012-13-34, 2012-09-01]" classname="org.threeten.extra.chrono.TestAccountingChronology" time="0"/>
  <testcase name="test_AccountingDate_from_LocalDate[14: Accounting calendar ends on SUNDAY nearest end of AUGUST, year divided in THIRTEEN_EVEN_MONTHS_OF_4_WEEKS with leap-week in month 13 CE 2012-13-35, 2012-09-02]" classname="org.threeten.extra.chrono.TestAccountingChronology" time="0"/>
  <testcase name="test_AccountingDate_from_LocalDate[15: Accounting calendar ends on SUNDAY nearest end of AUGUST, year divided in THIRTEEN_EVEN_MONTHS_OF_4_WEEKS with leap-week in month 13 CE 2013-01-01, 2012-09-03]" classname="org.threeten.extra.chrono.TestAccountingChronology" time="0"/>
  <testcase name="test_AccountingDate_from_LocalDate[16: Accounting calendar ends on SUNDAY nearest end of AUGUST, year divided in THIRTEEN_EVEN_MONTHS_OF_4_WEEKS with leap-week in month 13 CE 2013-01-02, 2012-09-04]" classname="org.threeten.extra.chrono.TestAccountingChronology" time="0"/>
  <testcase name="test_AccountingDate_from_LocalDate[17: Accounting calendar ends on SUNDAY nearest end of AUGUST, year divided in THIRTEEN_EVEN_MONTHS_OF_4_WEEKS with leap-week in month 13 CE 2013-01-03, 2012-09-05]" classname="org.threeten.extra.chrono.TestAccountingChronology" time="0"/>
  <testcase name="test_AccountingDate_from_LocalDate[18: Accounting calendar ends on SUNDAY nearest end of AUGUST, year divided in THIRTEEN_EVEN_MONTHS_OF_4_WEEKS with leap-week in month 13 BCE 1-13-35, 0000-09-03]" classname="org.threeten.extra.chrono.TestAccountingChronology" time="0.001"/>
  <testcase name="test_AccountingDate_from_LocalDate[19: Accounting calendar ends on SUNDAY nearest end of AUGUST, year divided in THIRTEEN_EVEN_MONTHS_OF_4_WEEKS with leap-week in month 13 BCE 1-13-34, 0000-09-02]" classname="org.threeten.extra.chrono.TestAccountingChronology" time="0"/>
  <testcase name="test_AccountingDate_from_LocalDate[20: Accounting calendar ends on SUNDAY nearest end of AUGUST, year divided in THIRTEEN_EVEN_MONTHS_OF_4_WEEKS with leap-week in month 13 CE 1583-02-18, 1582-10-14]" classname="org.threeten.extra.chrono.TestAccountingChronology" time="0"/>
  <testcase name="test_AccountingDate_from_LocalDate[21: Accounting calendar ends on SUNDAY nearest end of AUGUST, year divided in THIRTEEN_EVEN_MONTHS_OF_4_WEEKS with leap-week in month 13 CE 1583-02-19, 1582-10-15]" classname="org.threeten.extra.chrono.TestAccountingChronology" time="0"/>
  <testcase name="test_AccountingDate_from_LocalDate[22: Accounting calendar ends on SUNDAY nearest end of AUGUST, year divided in THIRTEEN_EVEN_MONTHS_OF_4_WEEKS with leap-week in month 13 CE 1946-03-15, 1945-11-12]" classname="org.threeten.extra.chrono.TestAccountingChronology" time="0"/>
  <testcase name="test_AccountingDate_from_LocalDate[23: Accounting calendar ends on SUNDAY nearest end of AUGUST, year divided in THIRTEEN_EVEN_MONTHS_OF_4_WEEKS with leap-week in month 13 CE 2012-12-04, 2012-07-05]" classname="org.threeten.extra.chrono.TestAccountingChronology" time="0"/>
  <testcase name="test_AccountingDate_from_LocalDate[24: Accounting calendar ends on SUNDAY nearest end of AUGUST, year divided in THIRTEEN_EVEN_MONTHS_OF_4_WEEKS with leap-week in month 13 CE 2012-12-05, 2012-07-06]" classname="org.threeten.extra.chrono.TestAccountingChronology" time="0"/>
  <testcase name="test_adjust_toMonth" classname="org.threeten.extra.chrono.TestAccountingChronology" time="0"/>
  <testcase name="test_date_ofEpochDay_no_chronology" classname="org.threeten.extra.chrono.TestAccountingChronology" time="0"/>
  <testcase name="test_LocalDate_adjustToAccountingDate" classname="org.threeten.extra.chrono.TestAccountingChronology" time="0"/>
  <testcase name="test_minus_TemporalUnit[0: 2014, 5, 26, 0, Days, 2014, 5, 26]" classname="org.threeten.extra.chrono.TestAccountingChronology" time="0"/>
  <testcase name="test_minus_TemporalUnit[1: 2014, 5, 26, 8, Days, 2014, 6, 6]" classname="org.threeten.extra.chrono.TestAccountingChronology" time="0"/>
  <testcase name="test_minus_TemporalUnit[2: 2014, 5, 26, -3, Days, 2014, 5, 23]" classname="org.threeten.extra.chrono.TestAccountingChronology" time="0"/>
  <testcase name="test_minus_TemporalUnit[3: 2014, 5, 26, 0, Weeks, 2014, 5, 26]" classname="org.threeten.extra.chrono.TestAccountingChronology" time="0"/>
  <testcase name="test_minus_TemporalUnit[4: 2014, 5, 26, 3, Weeks, 2014, 6, 19]" classname="org.threeten.extra.chrono.TestAccountingChronology" time="0"/>
  <testcase name="test_minus_TemporalUnit[5: 2014, 5, 26, -5, Weeks, 2014, 4, 19]" classname="org.threeten.extra.chrono.TestAccountingChronology" time="0"/>
  <testcase name="test_minus_TemporalUnit[6: 2014, 5, 26, 0, Months, 2014, 5, 26]" classname="org.threeten.extra.chrono.TestAccountingChronology" time="0"/>
  <testcase name="test_minus_TemporalUnit[7: 2014, 5, 26, 3, Months, 2014, 8, 26]" classname="org.threeten.extra.chrono.TestAccountingChronology" time="0"/>
  <testcase name="test_minus_TemporalUnit[8: 2014, 5, 26, -5, Months, 2013, 13, 26]" classname="org.threeten.extra.chrono.TestAccountingChronology" time="0"/>
  <testcase name="test_minus_TemporalUnit[9: 2014, 5, 26, 0, Years, 2014, 5, 26]" classname="org.threeten.extra.chrono.TestAccountingChronology" time="0"/>
  <testcase name="test_minus_TemporalUnit[10: 2014, 5, 26, 3, Years, 2017, 5, 26]" classname="org.threeten.extra.chrono.TestAccountingChronology" time="0"/>
  <testcase name="test_minus_TemporalUnit[11: 2014, 5, 26, -5, Years, 2009, 5, 26]" classname="org.threeten.extra.chrono.TestAccountingChronology" time="0"/>
  <testcase name="test_minus_TemporalUnit[12: 2014, 5, 26, 0, Decades, 2014, 5, 26]" classname="org.threeten.extra.chrono.TestAccountingChronology" time="0"/>
  <testcase name="test_minus_TemporalUnit[13: 2014, 5, 26, 3, Decades, 2044, 5, 26]" classname="org.threeten.extra.chrono.TestAccountingChronology" time="0"/>
  <testcase name="test_minus_TemporalUnit[14: 2014, 5, 26, -5, Decades, 1964, 5, 26]" classname="org.threeten.extra.chrono.TestAccountingChronology" time="0"/>
  <testcase name="test_minus_TemporalUnit[15: 2014, 5, 26, 0, Centuries, 2014, 5, 26]" classname="org.threeten.extra.chrono.TestAccountingChronology" time="0.001"/>
  <testcase name="test_minus_TemporalUnit[16: 2014, 5, 26, 3, Centuries, 2314, 5, 26]" classname="org.threeten.extra.chrono.TestAccountingChronology" time="0"/>
  <testcase name="test_minus_TemporalUnit[17: 2014, 5, 26, -5, Centuries, 1514, 5, 26]" classname="org.threeten.extra.chrono.TestAccountingChronology" time="0"/>
  <testcase name="test_minus_TemporalUnit[18: 2014, 5, 26, 0, Millennia, 2014, 5, 26]" classname="org.threeten.extra.chrono.TestAccountingChronology" time="0"/>
  <testcase name="test_minus_TemporalUnit[19: 2014, 5, 26, 3, Millennia, 5014, 5, 26]" classname="org.threeten.extra.chrono.TestAccountingChronology" time="0"/>
  <testcase name="test_minus_TemporalUnit[20: 2014, 5, 26, -5, Millennia, -2986, 5, 26]" classname="org.threeten.extra.chrono.TestAccountingChronology" time="0"/>
  <testcase name="test_minus_TemporalUnit[21: 2014, 5, 26, -1, Eras, -2013, 5, 26]" classname="org.threeten.extra.chrono.TestAccountingChronology" time="0"/>
  <testcase name="test_prolepticYear_badEra" classname="org.threeten.extra.chrono.TestAccountingChronology" time="0"/>
  <testcase name="test_equals" classname="org.threeten.extra.chrono.TestAccountingChronology" time="0"/>
  <testcase name="test_plus_Period" classname="org.threeten.extra.chrono.TestAccountingChronology" time="0"/>
  <testcase name="test_Chronology_eraOf_invalid" classname="org.threeten.extra.chrono.TestAccountingChronology" time="0"/>
  <testcase name="test_era_loop" classname="org.threeten.extra.chrono.TestAccountingChronology" time="0.001"/>
  <testcase name="test_date_now_no_chronology" classname="org.threeten.extra.chrono.TestAccountingChronology" time="0"/>
  <testcase name="test_range_unsupported" classname="org.threeten.extra.chrono.TestAccountingChronology" time="0.001"/>
  <testcase name="test_date_ofYearDay_no_chronology" classname="org.threeten.extra.chrono.TestAccountingChronology" time="0"/>
  <testcase name="test_era_yearDay_loop" classname="org.threeten.extra.chrono.TestAccountingChronology" time="0.002"/>
  <testcase name="test_plus_TemporalUnit[0: 2014, 5, 26, 0, Days, 2014, 5, 26]" classname="org.threeten.extra.chrono.TestAccountingChronology" time="0"/>
  <testcase name="test_plus_TemporalUnit[1: 2014, 5, 26, 8, Days, 2014, 6, 6]" classname="org.threeten.extra.chrono.TestAccountingChronology" time="0"/>
  <testcase name="test_plus_TemporalUnit[2: 2014, 5, 26, -3, Days, 2014, 5, 23]" classname="org.threeten.extra.chrono.TestAccountingChronology" time="0"/>
  <testcase name="test_plus_TemporalUnit[3: 2014, 5, 26, 0, Weeks, 2014, 5, 26]" classname="org.threeten.extra.chrono.TestAccountingChronology" time="0"/>
  <testcase name="test_plus_TemporalUnit[4: 2014, 5, 26, 3, Weeks, 2014, 6, 19]" classname="org.threeten.extra.chrono.TestAccountingChronology" time="0"/>
  <testcase name="test_plus_TemporalUnit[5: 2014, 5, 26, -5, Weeks, 2014, 4, 19]" classname="org.threeten.extra.chrono.TestAccountingChronology" time="0"/>
  <testcase name="test_plus_TemporalUnit[6: 2014, 5, 26, 0, Months, 2014, 5, 26]" classname="org.threeten.extra.chrono.TestAccountingChronology" time="0"/>
  <testcase name="test_plus_TemporalUnit[7: 2014, 5, 26, 3, Months, 2014, 8, 26]" classname="org.threeten.extra.chrono.TestAccountingChronology" time="0"/>
  <testcase name="test_plus_TemporalUnit[8: 2014, 5, 26, -5, Months, 2013, 13, 26]" classname="org.threeten.extra.chrono.TestAccountingChronology" time="0"/>
  <testcase name="test_plus_TemporalUnit[9: 2014, 5, 26, 0, Years, 2014, 5, 26]" classname="org.threeten.extra.chrono.TestAccountingChronology" time="0"/>
  <testcase name="test_plus_TemporalUnit[10: 2014, 5, 26, 3, Years, 2017, 5, 26]" classname="org.threeten.extra.chrono.TestAccountingChronology" time="0"/>
  <testcase name="test_plus_TemporalUnit[11: 2014, 5, 26, -5, Years, 2009, 5, 26]" classname="org.threeten.extra.chrono.TestAccountingChronology" time="0"/>
  <testcase name="test_plus_TemporalUnit[12: 2014, 5, 26, 0, Decades, 2014, 5, 26]" classname="org.threeten.extra.chrono.TestAccountingChronology" time="0"/>
  <testcase name="test_plus_TemporalUnit[13: 2014, 5, 26, 3, Decades, 2044, 5, 26]" classname="org.threeten.extra.chrono.TestAccountingChronology" time="0"/>
  <testcase name="test_plus_TemporalUnit[14: 2014, 5, 26, -5, Decades, 1964, 5, 26]" classname="org.threeten.extra.chrono.TestAccountingChronology" time="0"/>
  <testcase name="test_plus_TemporalUnit[15: 2014, 5, 26, 0, Centuries, 2014, 5, 26]" classname="org.threeten.extra.chrono.TestAccountingChronology" time="0.001"/>
  <testcase name="test_plus_TemporalUnit[16: 2014, 5, 26, 3, Centuries, 2314, 5, 26]" classname="org.threeten.extra.chrono.TestAccountingChronology" time="0"/>
  <testcase name="test_plus_TemporalUnit[17: 2014, 5, 26, -5, Centuries, 1514, 5, 26]" classname="org.threeten.extra.chrono.TestAccountingChronology" time="0"/>
  <testcase name="test_plus_TemporalUnit[18: 2014, 5, 26, 0, Millennia, 2014, 5, 26]" classname="org.threeten.extra.chrono.TestAccountingChronology" time="0"/>
  <testcase name="test_plus_TemporalUnit[19: 2014, 5, 26, 3, Millennia, 5014, 5, 26]" classname="org.threeten.extra.chrono.TestAccountingChronology" time="0"/>
  <testcase name="test_plus_TemporalUnit[20: 2014, 5, 26, -5, Millennia, -2986, 5, 26]" classname="org.threeten.extra.chrono.TestAccountingChronology" time="0"/>
  <testcase name="test_plus_TemporalUnit[21: 2014, 5, 26, -1, Eras, -2013, 5, 26]" classname="org.threeten.extra.chrono.TestAccountingChronology" time="0"/>
  <testcase name="test_AccountingDate_until_LocalDate[0: Accounting calendar ends on SUNDAY nearest end of AUGUST, year divided in THIRTEEN_EVEN_MONTHS_OF_4_WEEKS with leap-week in month 13 CE 1-01-01, 0000-09-04]" classname="org.threeten.extra.chrono.TestAccountingChronology" time="0"/>
  <testcase name="test_AccountingDate_until_LocalDate[1: Accounting calendar ends on SUNDAY nearest end of AUGUST, year divided in THIRTEEN_EVEN_MONTHS_OF_4_WEEKS with leap-week in month 13 CE 1-01-02, 0000-09-05]" classname="org.threeten.extra.chrono.TestAccountingChronology" time="0"/>
  <testcase name="test_AccountingDate_until_LocalDate[2: Accounting calendar ends on SUNDAY nearest end of AUGUST, year divided in THIRTEEN_EVEN_MONTHS_OF_4_WEEKS with leap-week in month 13 CE 1-01-03, 0000-09-06]" classname="org.threeten.extra.chrono.TestAccountingChronology" time="0"/>
  <testcase name="test_AccountingDate_until_LocalDate[3: Accounting calendar ends on SUNDAY nearest end of AUGUST, year divided in THIRTEEN_EVEN_MONTHS_OF_4_WEEKS with leap-week in month 13 CE 2011-13-28, 2011-08-28]" classname="org.threeten.extra.chrono.TestAccountingChronology" time="0"/>
  <testcase name="test_AccountingDate_until_LocalDate[4: Accounting calendar ends on SUNDAY nearest end of AUGUST, year divided in THIRTEEN_EVEN_MONTHS_OF_4_WEEKS with leap-week in month 13 CE 2012-01-01, 2011-08-29]" classname="org.threeten.extra.chrono.TestAccountingChronology" time="0"/>
  <testcase name="test_AccountingDate_until_LocalDate[5: Accounting calendar ends on SUNDAY nearest end of AUGUST, year divided in THIRTEEN_EVEN_MONTHS_OF_4_WEEKS with leap-week in month 13 CE 2012-01-02, 2011-08-30]" classname="org.threeten.extra.chrono.TestAccountingChronology" time="0"/>
  <testcase name="test_AccountingDate_until_LocalDate[6: Accounting calendar ends on SUNDAY nearest end of AUGUST, year divided in THIRTEEN_EVEN_MONTHS_OF_4_WEEKS with leap-week in month 13 CE 2012-01-03, 2011-08-31]" classname="org.threeten.extra.chrono.TestAccountingChronology" time="0"/>
  <testcase name="test_AccountingDate_until_LocalDate[7: Accounting calendar ends on SUNDAY nearest end of AUGUST, year divided in THIRTEEN_EVEN_MONTHS_OF_4_WEEKS with leap-week in month 13 CE 2012-13-28, 2012-08-26]" classname="org.threeten.extra.chrono.TestAccountingChronology" time="0"/>
  <testcase name="test_AccountingDate_until_LocalDate[8: Accounting calendar ends on SUNDAY nearest end of AUGUST, year divided in THIRTEEN_EVEN_MONTHS_OF_4_WEEKS with leap-week in month 13 CE 2012-13-29, 2012-08-27]" classname="org.threeten.extra.chrono.TestAccountingChronology" time="0"/>
  <testcase name="test_AccountingDate_until_LocalDate[9: Accounting calendar ends on SUNDAY nearest end of AUGUST, year divided in THIRTEEN_EVEN_MONTHS_OF_4_WEEKS with leap-week in month 13 CE 2012-13-30, 2012-08-28]" classname="org.threeten.extra.chrono.TestAccountingChronology" time="0"/>
  <testcase name="test_AccountingDate_until_LocalDate[10: Accounting calendar ends on SUNDAY nearest end of AUGUST, year divided in THIRTEEN_EVEN_MONTHS_OF_4_WEEKS with leap-week in month 13 CE 2012-13-31, 2012-08-29]" classname="org.threeten.extra.chrono.TestAccountingChronology" time="0"/>
  <testcase name="test_AccountingDate_until_LocalDate[11: Accounting calendar ends on SUNDAY nearest end of AUGUST, year divided in THIRTEEN_EVEN_MONTHS_OF_4_WEEKS with leap-week in month 13 CE 2012-13-32, 2012-08-30]" classname="org.threeten.extra.chrono.TestAccountingChronology" time="0"/>
  <testcase name="test_AccountingDate_until_LocalDate[12: Accounting calendar ends on SUNDAY nearest end of AUGUST, year divided in THIRTEEN_EVEN_MONTHS_OF_4_WEEKS with leap-week in month 13 CE 2012-13-33, 2012-08-31]" classname="org.threeten.extra.chrono.TestAccountingChronology" time="0"/>
  <testcase name="test_AccountingDate_until_LocalDate[13: Accounting calendar ends on SUNDAY nearest end of AUGUST, year divided in THIRTEEN_EVEN_MONTHS_OF_4_WEEKS with leap-week in month 13 CE 2012-13-34, 2012-09-01]" classname="org.threeten.extra.chrono.TestAccountingChronology" time="0"/>
  <testcase name="test_AccountingDate_until_LocalDate[14: Accounting calendar ends on SUNDAY nearest end of AUGUST, year divided in THIRTEEN_EVEN_MONTHS_OF_4_WEEKS with leap-week in month 13 CE 2012-13-35, 2012-09-02]" classname="org.threeten.extra.chrono.TestAccountingChronology" time="0"/>
  <testcase name="test_AccountingDate_until_LocalDate[15: Accounting calendar ends on SUNDAY nearest end of AUGUST, year divided in THIRTEEN_EVEN_MONTHS_OF_4_WEEKS with leap-week in month 13 CE 2013-01-01, 2012-09-03]" classname="org.threeten.extra.chrono.TestAccountingChronology" time="0"/>
  <testcase name="test_AccountingDate_until_LocalDate[16: Accounting calendar ends on SUNDAY nearest end of AUGUST, year divided in THIRTEEN_EVEN_MONTHS_OF_4_WEEKS with leap-week in month 13 CE 2013-01-02, 2012-09-04]" classname="org.threeten.extra.chrono.TestAccountingChronology" time="0"/>
  <testcase name="test_AccountingDate_until_LocalDate[17: Accounting calendar ends on SUNDAY nearest end of AUGUST, year divided in THIRTEEN_EVEN_MONTHS_OF_4_WEEKS with leap-week in month 13 CE 2013-01-03, 2012-09-05]" classname="org.threeten.extra.chrono.TestAccountingChronology" time="0"/>
  <testcase name="test_AccountingDate_until_LocalDate[18: Accounting calendar ends on SUNDAY nearest end of AUGUST, year divided in THIRTEEN_EVEN_MONTHS_OF_4_WEEKS with leap-week in month 13 BCE 1-13-35, 0000-09-03]" classname="org.threeten.extra.chrono.TestAccountingChronology" time="0"/>
  <testcase name="test_AccountingDate_until_LocalDate[19: Accounting calendar ends on SUNDAY nearest end of AUGUST, year divided in THIRTEEN_EVEN_MONTHS_OF_4_WEEKS with leap-week in month 13 BCE 1-13-34, 0000-09-02]" classname="org.threeten.extra.chrono.TestAccountingChronology" time="0"/>
  <testcase name="test_AccountingDate_until_LocalDate[20: Accounting calendar ends on SUNDAY nearest end of AUGUST, year divided in THIRTEEN_EVEN_MONTHS_OF_4_WEEKS with leap-week in month 13 CE 1583-02-18, 1582-10-14]" classname="org.threeten.extra.chrono.TestAccountingChronology" time="0"/>
  <testcase name="test_AccountingDate_until_LocalDate[21: Accounting calendar ends on SUNDAY nearest end of AUGUST, year divided in THIRTEEN_EVEN_MONTHS_OF_4_WEEKS with leap-week in month 13 CE 1583-02-19, 1582-10-15]" classname="org.threeten.extra.chrono.TestAccountingChronology" time="0"/>
  <testcase name="test_AccountingDate_until_LocalDate[22: Accounting calendar ends on SUNDAY nearest end of AUGUST, year divided in THIRTEEN_EVEN_MONTHS_OF_4_WEEKS with leap-week in month 13 CE 1946-03-15, 1945-11-12]" classname="org.threeten.extra.chrono.TestAccountingChronology" time="0"/>
  <testcase name="test_AccountingDate_until_LocalDate[23: Accounting calendar ends on SUNDAY nearest end of AUGUST, year divided in THIRTEEN_EVEN_MONTHS_OF_4_WEEKS with leap-week in month 13 CE 2012-12-04, 2012-07-05]" classname="org.threeten.extra.chrono.TestAccountingChronology" time="0"/>
  <testcase name="test_AccountingDate_until_LocalDate[24: Accounting calendar ends on SUNDAY nearest end of AUGUST, year divided in THIRTEEN_EVEN_MONTHS_OF_4_WEEKS with leap-week in month 13 CE 2012-12-05, 2012-07-06]" classname="org.threeten.extra.chrono.TestAccountingChronology" time="0"/>
  <testcase name="test_AccountingDate_chronology_dateEpochDay[0: Accounting calendar ends on SUNDAY nearest end of AUGUST, year divided in THIRTEEN_EVEN_MONTHS_OF_4_WEEKS with leap-week in month 13 CE 1-01-01, 0000-09-04]" classname="org.threeten.extra.chrono.TestAccountingChronology" time="0"/>
  <testcase name="test_AccountingDate_chronology_dateEpochDay[1: Accounting calendar ends on SUNDAY nearest end of AUGUST, year divided in THIRTEEN_EVEN_MONTHS_OF_4_WEEKS with leap-week in month 13 CE 1-01-02, 0000-09-05]" classname="org.threeten.extra.chrono.TestAccountingChronology" time="0"/>
  <testcase name="test_AccountingDate_chronology_dateEpochDay[2: Accounting calendar ends on SUNDAY nearest end of AUGUST, year divided in THIRTEEN_EVEN_MONTHS_OF_4_WEEKS with leap-week in month 13 CE 1-01-03, 0000-09-06]" classname="org.threeten.extra.chrono.TestAccountingChronology" time="0"/>
  <testcase name="test_AccountingDate_chronology_dateEpochDay[3: Accounting calendar ends on SUNDAY nearest end of AUGUST, year divided in THIRTEEN_EVEN_MONTHS_OF_4_WEEKS with leap-week in month 13 CE 2011-13-28, 2011-08-28]" classname="org.threeten.extra.chrono.TestAccountingChronology" time="0"/>
  <testcase name="test_AccountingDate_chronology_dateEpochDay[4: Accounting calendar ends on SUNDAY nearest end of AUGUST, year divided in THIRTEEN_EVEN_MONTHS_OF_4_WEEKS with leap-week in month 13 CE 2012-01-01, 2011-08-29]" classname="org.threeten.extra.chrono.TestAccountingChronology" time="0"/>
  <testcase name="test_AccountingDate_chronology_dateEpochDay[5: Accounting calendar ends on SUNDAY nearest end of AUGUST, year divided in THIRTEEN_EVEN_MONTHS_OF_4_WEEKS with leap-week in month 13 CE 2012-01-02, 2011-08-30]" classname="org.threeten.extra.chrono.TestAccountingChronology" time="0"/>
  <testcase name="test_AccountingDate_chronology_dateEpochDay[6: Accounting calendar ends on SUNDAY nearest end of AUGUST, year divided in THIRTEEN_EVEN_MONTHS_OF_4_WEEKS with leap-week in month 13 CE 2012-01-03, 2011-08-31]" classname="org.threeten.extra.chrono.TestAccountingChronology" time="0"/>
  <testcase name="test_AccountingDate_chronology_dateEpochDay[7: Accounting calendar ends on SUNDAY nearest end of AUGUST, year divided in THIRTEEN_EVEN_MONTHS_OF_4_WEEKS with leap-week in month 13 CE 2012-13-28, 2012-08-26]" classname="org.threeten.extra.chrono.TestAccountingChronology" time="0"/>
  <testcase name="test_AccountingDate_chronology_dateEpochDay[8: Accounting calendar ends on SUNDAY nearest end of AUGUST, year divided in THIRTEEN_EVEN_MONTHS_OF_4_WEEKS with leap-week in month 13 CE 2012-13-29, 2012-08-27]" classname="org.threeten.extra.chrono.TestAccountingChronology" time="0"/>
  <testcase name="test_AccountingDate_chronology_dateEpochDay[9: Accounting calendar ends on SUNDAY nearest end of AUGUST, year divided in THIRTEEN_EVEN_MONTHS_OF_4_WEEKS with leap-week in month 13 CE 2012-13-30, 2012-08-28]" classname="org.threeten.extra.chrono.TestAccountingChronology" time="0"/>
  <testcase name="test_AccountingDate_chronology_dateEpochDay[10: Accounting calendar ends on SUNDAY nearest end of AUGUST, year divided in THIRTEEN_EVEN_MONTHS_OF_4_WEEKS with leap-week in month 13 CE 2012-13-31, 2012-08-29]" classname="org.threeten.extra.chrono.TestAccountingChronology" time="0"/>
  <testcase name="test_AccountingDate_chronology_dateEpochDay[11: Accounting calendar ends on SUNDAY nearest end of AUGUST, year divided in THIRTEEN_EVEN_MONTHS_OF_4_WEEKS with leap-week in month 13 CE 2012-13-32, 2012-08-30]" classname="org.threeten.extra.chrono.TestAccountingChronology" time="0"/>
  <testcase name="test_AccountingDate_chronology_dateEpochDay[12: Accounting calendar ends on SUNDAY nearest end of AUGUST, year divided in THIRTEEN_EVEN_MONTHS_OF_4_WEEKS with leap-week in month 13 CE 2012-13-33, 2012-08-31]" classname="org.threeten.extra.chrono.TestAccountingChronology" time="0"/>
  <testcase name="test_AccountingDate_chronology_dateEpochDay[13: Accounting calendar ends on SUNDAY nearest end of AUGUST, year divided in THIRTEEN_EVEN_MONTHS_OF_4_WEEKS with leap-week in month 13 CE 2012-13-34, 2012-09-01]" classname="org.threeten.extra.chrono.TestAccountingChronology" time="0"/>
  <testcase name="test_AccountingDate_chronology_dateEpochDay[14: Accounting calendar ends on SUNDAY nearest end of AUGUST, year divided in THIRTEEN_EVEN_MONTHS_OF_4_WEEKS with leap-week in month 13 CE 2012-13-35, 2012-09-02]" classname="org.threeten.extra.chrono.TestAccountingChronology" time="0"/>
  <testcase name="test_AccountingDate_chronology_dateEpochDay[15: Accounting calendar ends on SUNDAY nearest end of AUGUST, year divided in THIRTEEN_EVEN_MONTHS_OF_4_WEEKS with leap-week in month 13 CE 2013-01-01, 2012-09-03]" classname="org.threeten.extra.chrono.TestAccountingChronology" time="0"/>
  <testcase name="test_AccountingDate_chronology_dateEpochDay[16: Accounting calendar ends on SUNDAY nearest end of AUGUST, year divided in THIRTEEN_EVEN_MONTHS_OF_4_WEEKS with leap-week in month 13 CE 2013-01-02, 2012-09-04]" classname="org.threeten.extra.chrono.TestAccountingChronology" time="0"/>
  <testcase name="test_AccountingDate_chronology_dateEpochDay[17: Accounting calendar ends on SUNDAY nearest end of AUGUST, year divided in THIRTEEN_EVEN_MONTHS_OF_4_WEEKS with leap-week in month 13 CE 2013-01-03, 2012-09-05]" classname="org.threeten.extra.chrono.TestAccountingChronology" time="0"/>
  <testcase name="test_AccountingDate_chronology_dateEpochDay[18: Accounting calendar ends on SUNDAY nearest end of AUGUST, year divided in THIRTEEN_EVEN_MONTHS_OF_4_WEEKS with leap-week in month 13 BCE 1-13-35, 0000-09-03]" classname="org.threeten.extra.chrono.TestAccountingChronology" time="0"/>
  <testcase name="test_AccountingDate_chronology_dateEpochDay[19: Accounting calendar ends on SUNDAY nearest end of AUGUST, year divided in THIRTEEN_EVEN_MONTHS_OF_4_WEEKS with leap-week in month 13 BCE 1-13-34, 0000-09-02]" classname="org.threeten.extra.chrono.TestAccountingChronology" time="0"/>
  <testcase name="test_AccountingDate_chronology_dateEpochDay[20: Accounting calendar ends on SUNDAY nearest end of AUGUST, year divided in THIRTEEN_EVEN_MONTHS_OF_4_WEEKS with leap-week in month 13 CE 1583-02-18, 1582-10-14]" classname="org.threeten.extra.chrono.TestAccountingChronology" time="0"/>
  <testcase name="test_AccountingDate_chronology_dateEpochDay[21: Accounting calendar ends on SUNDAY nearest end of AUGUST, year divided in THIRTEEN_EVEN_MONTHS_OF_4_WEEKS with leap-week in month 13 CE 1583-02-19, 1582-10-15]" classname="org.threeten.extra.chrono.TestAccountingChronology" time="0"/>
  <testcase name="test_AccountingDate_chronology_dateEpochDay[22: Accounting calendar ends on SUNDAY nearest end of AUGUST, year divided in THIRTEEN_EVEN_MONTHS_OF_4_WEEKS with leap-week in month 13 CE 1946-03-15, 1945-11-12]" classname="org.threeten.extra.chrono.TestAccountingChronology" time="0"/>
  <testcase name="test_AccountingDate_chronology_dateEpochDay[23: Accounting calendar ends on SUNDAY nearest end of AUGUST, year divided in THIRTEEN_EVEN_MONTHS_OF_4_WEEKS with leap-week in month 13 CE 2012-12-04, 2012-07-05]" classname="org.threeten.extra.chrono.TestAccountingChronology" time="0"/>
  <testcase name="test_AccountingDate_chronology_dateEpochDay[24: Accounting calendar ends on SUNDAY nearest end of AUGUST, year divided in THIRTEEN_EVEN_MONTHS_OF_4_WEEKS with leap-week in month 13 CE 2012-12-05, 2012-07-06]" classname="org.threeten.extra.chrono.TestAccountingChronology" time="0"/>
  <testcase name="test_adjust_toLocalDate" classname="org.threeten.extra.chrono.TestAccountingChronology" time="0.001"/>
  <testcase name="test_Chronology_eras" classname="org.threeten.extra.chrono.TestAccountingChronology" time="0"/>
  <testcase name="test_lengthOfMonth[0: 2012, 1, 28]" classname="org.threeten.extra.chrono.TestAccountingChronology" time="0"/>
  <testcase name="test_lengthOfMonth[1: 2012, 2, 28]" classname="org.threeten.extra.chrono.TestAccountingChronology" time="0"/>
  <testcase name="test_lengthOfMonth[2: 2012, 3, 28]" classname="org.threeten.extra.chrono.TestAccountingChronology" time="0"/>
  <testcase name="test_lengthOfMonth[3: 2012, 4, 28]" classname="org.threeten.extra.chrono.TestAccountingChronology" time="0"/>
  <testcase name="test_lengthOfMonth[4: 2012, 5, 28]" classname="org.threeten.extra.chrono.TestAccountingChronology" time="0"/>
  <testcase name="test_lengthOfMonth[5: 2012, 6, 28]" classname="org.threeten.extra.chrono.TestAccountingChronology" time="0"/>
  <testcase name="test_lengthOfMonth[6: 2012, 7, 28]" classname="org.threeten.extra.chrono.TestAccountingChronology" time="0"/>
  <testcase name="test_lengthOfMonth[7: 2012, 8, 28]" classname="org.threeten.extra.chrono.TestAccountingChronology" time="0"/>
  <testcase name="test_lengthOfMonth[8: 2012, 9, 28]" classname="org.threeten.extra.chrono.TestAccountingChronology" time="0"/>
  <testcase name="test_lengthOfMonth[9: 2012, 10, 28]" classname="org.threeten.extra.chrono.TestAccountingChronology" time="0"/>
  <testcase name="test_lengthOfMonth[10: 2012, 11, 28]" classname="org.threeten.extra.chrono.TestAccountingChronology" time="0"/>
  <testcase name="test_lengthOfMonth[11: 2012, 12, 28]" classname="org.threeten.extra.chrono.TestAccountingChronology" time="0"/>
  <testcase name="test_lengthOfMonth[12: 2012, 13, 35]" classname="org.threeten.extra.chrono.TestAccountingChronology" time="0"/>
  <testcase name="test_lengthOfMonth[13: 2013, 13, 28]" classname="org.threeten.extra.chrono.TestAccountingChronology" time="0"/>
  <testcase name="test_lengthOfMonth[14: 2014, 13, 28]" classname="org.threeten.extra.chrono.TestAccountingChronology" time="0"/>
  <testcase name="test_lengthOfMonth[15: 2015, 13, 28]" classname="org.threeten.extra.chrono.TestAccountingChronology" time="0"/>
  <testcase name="test_lengthOfMonth[16: 2016, 13, 28]" classname="org.threeten.extra.chrono.TestAccountingChronology" time="0"/>
  <testcase name="test_with_TemporalField_unsupported" classname="org.threeten.extra.chrono.TestAccountingChronology" time="0"/>
  <testcase name="test_Chronology_date_Temporal[0: Accounting calendar ends on SUNDAY nearest end of AUGUST, year divided in THIRTEEN_EVEN_MONTHS_OF_4_WEEKS with leap-week in month 13 CE 1-01-01, 0000-09-04]" classname="org.threeten.extra.chrono.TestAccountingChronology" time="0"/>
  <testcase name="test_Chronology_date_Temporal[1: Accounting calendar ends on SUNDAY nearest end of AUGUST, year divided in THIRTEEN_EVEN_MONTHS_OF_4_WEEKS with leap-week in month 13 CE 1-01-02, 0000-09-05]" classname="org.threeten.extra.chrono.TestAccountingChronology" time="0"/>
  <testcase name="test_Chronology_date_Temporal[2: Accounting calendar ends on SUNDAY nearest end of AUGUST, year divided in THIRTEEN_EVEN_MONTHS_OF_4_WEEKS with leap-week in month 13 CE 1-01-03, 0000-09-06]" classname="org.threeten.extra.chrono.TestAccountingChronology" time="0"/>
  <testcase name="test_Chronology_date_Temporal[3: Accounting calendar ends on SUNDAY nearest end of AUGUST, year divided in THIRTEEN_EVEN_MONTHS_OF_4_WEEKS with leap-week in month 13 CE 2011-13-28, 2011-08-28]" classname="org.threeten.extra.chrono.TestAccountingChronology" time="0"/>
  <testcase name="test_Chronology_date_Temporal[4: Accounting calendar ends on SUNDAY nearest end of AUGUST, year divided in THIRTEEN_EVEN_MONTHS_OF_4_WEEKS with leap-week in month 13 CE 2012-01-01, 2011-08-29]" classname="org.threeten.extra.chrono.TestAccountingChronology" time="0"/>
  <testcase name="test_Chronology_date_Temporal[5: Accounting calendar ends on SUNDAY nearest end of AUGUST, year divided in THIRTEEN_EVEN_MONTHS_OF_4_WEEKS with leap-week in month 13 CE 2012-01-02, 2011-08-30]" classname="org.threeten.extra.chrono.TestAccountingChronology" time="0"/>
  <testcase name="test_Chronology_date_Temporal[6: Accounting calendar ends on SUNDAY nearest end of AUGUST, year divided in THIRTEEN_EVEN_MONTHS_OF_4_WEEKS with leap-week in month 13 CE 2012-01-03, 2011-08-31]" classname="org.threeten.extra.chrono.TestAccountingChronology" time="0"/>
  <testcase name="test_Chronology_date_Temporal[7: Accounting calendar ends on SUNDAY nearest end of AUGUST, year divided in THIRTEEN_EVEN_MONTHS_OF_4_WEEKS with leap-week in month 13 CE 2012-13-28, 2012-08-26]" classname="org.threeten.extra.chrono.TestAccountingChronology" time="0"/>
  <testcase name="test_Chronology_date_Temporal[8: Accounting calendar ends on SUNDAY nearest end of AUGUST, year divided in THIRTEEN_EVEN_MONTHS_OF_4_WEEKS with leap-week in month 13 CE 2012-13-29, 2012-08-27]" classname="org.threeten.extra.chrono.TestAccountingChronology" time="0"/>
  <testcase name="test_Chronology_date_Temporal[9: Accounting calendar ends on SUNDAY nearest end of AUGUST, year divided in THIRTEEN_EVEN_MONTHS_OF_4_WEEKS with leap-week in month 13 CE 2012-13-30, 2012-08-28]" classname="org.threeten.extra.chrono.TestAccountingChronology" time="0"/>
  <testcase name="test_Chronology_date_Temporal[10: Accounting calendar ends on SUNDAY nearest end of AUGUST, year divided in THIRTEEN_EVEN_MONTHS_OF_4_WEEKS with leap-week in month 13 CE 2012-13-31, 2012-08-29]" classname="org.threeten.extra.chrono.TestAccountingChronology" time="0"/>
  <testcase name="test_Chronology_date_Temporal[11: Accounting calendar ends on SUNDAY nearest end of AUGUST, year divided in THIRTEEN_EVEN_MONTHS_OF_4_WEEKS with leap-week in month 13 CE 2012-13-32, 2012-08-30]" classname="org.threeten.extra.chrono.TestAccountingChronology" time="0"/>
  <testcase name="test_Chronology_date_Temporal[12: Accounting calendar ends on SUNDAY nearest end of AUGUST, year divided in THIRTEEN_EVEN_MONTHS_OF_4_WEEKS with leap-week in month 13 CE 2012-13-33, 2012-08-31]" classname="org.threeten.extra.chrono.TestAccountingChronology" time="0"/>
  <testcase name="test_Chronology_date_Temporal[13: Accounting calendar ends on SUNDAY nearest end of AUGUST, year divided in THIRTEEN_EVEN_MONTHS_OF_4_WEEKS with leap-week in month 13 CE 2012-13-34, 2012-09-01]" classname="org.threeten.extra.chrono.TestAccountingChronology" time="0"/>
  <testcase name="test_Chronology_date_Temporal[14: Accounting calendar ends on SUNDAY nearest end of AUGUST, year divided in THIRTEEN_EVEN_MONTHS_OF_4_WEEKS with leap-week in month 13 CE 2012-13-35, 2012-09-02]" classname="org.threeten.extra.chrono.TestAccountingChronology" time="0"/>
  <testcase name="test_Chronology_date_Temporal[15: Accounting calendar ends on SUNDAY nearest end of AUGUST, year divided in THIRTEEN_EVEN_MONTHS_OF_4_WEEKS with leap-week in month 13 CE 2013-01-01, 2012-09-03]" classname="org.threeten.extra.chrono.TestAccountingChronology" time="0"/>
  <testcase name="test_Chronology_date_Temporal[16: Accounting calendar ends on SUNDAY nearest end of AUGUST, year divided in THIRTEEN_EVEN_MONTHS_OF_4_WEEKS with leap-week in month 13 CE 2013-01-02, 2012-09-04]" classname="org.threeten.extra.chrono.TestAccountingChronology" time="0"/>
  <testcase name="test_Chronology_date_Temporal[17: Accounting calendar ends on SUNDAY nearest end of AUGUST, year divided in THIRTEEN_EVEN_MONTHS_OF_4_WEEKS with leap-week in month 13 CE 2013-01-03, 2012-09-05]" classname="org.threeten.extra.chrono.TestAccountingChronology" time="0"/>
  <testcase name="test_Chronology_date_Temporal[18: Accounting calendar ends on SUNDAY nearest end of AUGUST, year divided in THIRTEEN_EVEN_MONTHS_OF_4_WEEKS with leap-week in month 13 BCE 1-13-35, 0000-09-03]" classname="org.threeten.extra.chrono.TestAccountingChronology" time="0"/>
  <testcase name="test_Chronology_date_Temporal[19: Accounting calendar ends on SUNDAY nearest end of AUGUST, year divided in THIRTEEN_EVEN_MONTHS_OF_4_WEEKS with leap-week in month 13 BCE 1-13-34, 0000-09-02]" classname="org.threeten.extra.chrono.TestAccountingChronology" time="0"/>
  <testcase name="test_Chronology_date_Temporal[20: Accounting calendar ends on SUNDAY nearest end of AUGUST, year divided in THIRTEEN_EVEN_MONTHS_OF_4_WEEKS with leap-week in month 13 CE 1583-02-18, 1582-10-14]" classname="org.threeten.extra.chrono.TestAccountingChronology" time="0"/>
  <testcase name="test_Chronology_date_Temporal[21: Accounting calendar ends on SUNDAY nearest end of AUGUST, year divided in THIRTEEN_EVEN_MONTHS_OF_4_WEEKS with leap-week in month 13 CE 1583-02-19, 1582-10-15]" classname="org.threeten.extra.chrono.TestAccountingChronology" time="0"/>
  <testcase name="test_Chronology_date_Temporal[22: Accounting calendar ends on SUNDAY nearest end of AUGUST, year divided in THIRTEEN_EVEN_MONTHS_OF_4_WEEKS with leap-week in month 13 CE 1946-03-15, 1945-11-12]" classname="org.threeten.extra.chrono.TestAccountingChronology" time="0"/>
  <testcase name="test_Chronology_date_Temporal[23: Accounting calendar ends on SUNDAY nearest end of AUGUST, year divided in THIRTEEN_EVEN_MONTHS_OF_4_WEEKS with leap-week in month 13 CE 2012-12-04, 2012-07-05]" classname="org.threeten.extra.chrono.TestAccountingChronology" time="0"/>
  <testcase name="test_Chronology_date_Temporal[24: Accounting calendar ends on SUNDAY nearest end of AUGUST, year divided in THIRTEEN_EVEN_MONTHS_OF_4_WEEKS with leap-week in month 13 CE 2012-12-05, 2012-07-06]" classname="org.threeten.extra.chrono.TestAccountingChronology" time="0"/>
  <testcase name="test_badDates[0: 2012, 0, 0]" classname="org.threeten.extra.chrono.TestAccountingChronology" time="0"/>
  <testcase name="test_badDates[1: 2012, -1, 1]" classname="org.threeten.extra.chrono.TestAccountingChronology" time="0"/>
  <testcase name="test_badDates[2: 2012, 0, 1]" classname="org.threeten.extra.chrono.TestAccountingChronology" time="0"/>
  <testcase name="test_badDates[3: 2012, 14, 1]" classname="org.threeten.extra.chrono.TestAccountingChronology" time="0"/>
  <testcase name="test_badDates[4: 2012, 15, 1]" classname="org.threeten.extra.chrono.TestAccountingChronology" time="0"/>
  <testcase name="test_badDates[5: 2012, 1, -1]" classname="org.threeten.extra.chrono.TestAccountingChronology" time="0"/>
  <testcase name="test_badDates[6: 2012, 1, 0]" classname="org.threeten.extra.chrono.TestAccountingChronology" time="0"/>
  <testcase name="test_badDates[7: 2012, 1, 29]" classname="org.threeten.extra.chrono.TestAccountingChronology" time="0"/>
  <testcase name="test_badDates[8: 2012, 13, -1]" classname="org.threeten.extra.chrono.TestAccountingChronology" time="0"/>
  <testcase name="test_badDates[9: 2012, 13, 0]" classname="org.threeten.extra.chrono.TestAccountingChronology" time="0"/>
  <testcase name="test_badDates[10: 2012, 13, 36]" classname="org.threeten.extra.chrono.TestAccountingChronology" time="0"/>
  <testcase name="test_badDates[11: 2012, 13, 37]" classname="org.threeten.extra.chrono.TestAccountingChronology" time="0"/>
  <testcase name="test_badDates[12: 2012, 13, 38]" classname="org.threeten.extra.chrono.TestAccountingChronology" time="0"/>
  <testcase name="test_badDates[13: 2011, 13, -1]" classname="org.threeten.extra.chrono.TestAccountingChronology" time="0"/>
  <testcase name="test_badDates[14: 2011, 13, 0]" classname="org.threeten.extra.chrono.TestAccountingChronology" time="0"/>
  <testcase name="test_badDates[15: 2011, 13, 29]" classname="org.threeten.extra.chrono.TestAccountingChronology" time="0.001"/>
  <testcase name="test_badDates[16: 2011, 13, 30]" classname="org.threeten.extra.chrono.TestAccountingChronology" time="0"/>
  <testcase name="test_badDates[17: 2011, 13, 31]" classname="org.threeten.extra.chrono.TestAccountingChronology" time="0"/>
  <testcase name="test_badDates[18: 2011, 13, 32]" classname="org.threeten.extra.chrono.TestAccountingChronology" time="0"/>
  <testcase name="test_badDates[19: 2011, 13, 33]" classname="org.threeten.extra.chrono.TestAccountingChronology" time="0"/>
  <testcase name="test_badDates[20: 2011, 13, 34]" classname="org.threeten.extra.chrono.TestAccountingChronology" time="0"/>
  <testcase name="test_badDates[21: 2011, 13, 35]" classname="org.threeten.extra.chrono.TestAccountingChronology" time="0"/>
  <testcase name="test_badDates[22: 2012, 2, 29]" classname="org.threeten.extra.chrono.TestAccountingChronology" time="0"/>
  <testcase name="test_badDates[23: 2012, 3, 29]" classname="org.threeten.extra.chrono.TestAccountingChronology" time="0"/>
  <testcase name="test_badDates[24: 2012, 4, 29]" classname="org.threeten.extra.chrono.TestAccountingChronology" time="0"/>
  <testcase name="test_badDates[25: 2012, 5, 29]" classname="org.threeten.extra.chrono.TestAccountingChronology" time="0"/>
  <testcase name="test_badDates[26: 2012, 6, 29]" classname="org.threeten.extra.chrono.TestAccountingChronology" time="0"/>
  <testcase name="test_badDates[27: 2012, 7, 29]" classname="org.threeten.extra.chrono.TestAccountingChronology" time="0"/>
  <testcase name="test_badDates[28: 2012, 8, 29]" classname="org.threeten.extra.chrono.TestAccountingChronology" time="0"/>
  <testcase name="test_badDates[29: 2012, 9, 29]" classname="org.threeten.extra.chrono.TestAccountingChronology" time="0"/>
  <testcase name="test_badDates[30: 2012, 10, 29]" classname="org.threeten.extra.chrono.TestAccountingChronology" time="0"/>
  <testcase name="test_badDates[31: 2012, 11, 29]" classname="org.threeten.extra.chrono.TestAccountingChronology" time="0"/>
  <testcase name="test_badDates[32: 2012, 12, 29]" classname="org.threeten.extra.chrono.TestAccountingChronology" time="0"/>
  <testcase name="test_date_from_no_chronology" classname="org.threeten.extra.chrono.TestAccountingChronology" time="0"/>
  <testcase name="test_getLong_unsupported" classname="org.threeten.extra.chrono.TestAccountingChronology" time="0"/>
  <testcase name="test_date_of_no_chronology" classname="org.threeten.extra.chrono.TestAccountingChronology" time="0"/>
  <testcase name="test_plusDays[0: Accounting calendar ends on SUNDAY nearest end of AUGUST, year divided in THIRTEEN_EVEN_MONTHS_OF_4_WEEKS with leap-week in month 13 CE 1-01-01, 0000-09-04]" classname="org.threeten.extra.chrono.TestAccountingChronology" time="0.001"/>
  <testcase name="test_plusDays[1: Accounting calendar ends on SUNDAY nearest end of AUGUST, year divided in THIRTEEN_EVEN_MONTHS_OF_4_WEEKS with leap-week in month 13 CE 1-01-02, 0000-09-05]" classname="org.threeten.extra.chrono.TestAccountingChronology" time="0"/>
  <testcase name="test_plusDays[2: Accounting calendar ends on SUNDAY nearest end of AUGUST, year divided in THIRTEEN_EVEN_MONTHS_OF_4_WEEKS with leap-week in month 13 CE 1-01-03, 0000-09-06]" classname="org.threeten.extra.chrono.TestAccountingChronology" time="0"/>
  <testcase name="test_plusDays[3: Accounting calendar ends on SUNDAY nearest end of AUGUST, year divided in THIRTEEN_EVEN_MONTHS_OF_4_WEEKS with leap-week in month 13 CE 2011-13-28, 2011-08-28]" classname="org.threeten.extra.chrono.TestAccountingChronology" time="0"/>
  <testcase name="test_plusDays[4: Accounting calendar ends on SUNDAY nearest end of AUGUST, year divided in THIRTEEN_EVEN_MONTHS_OF_4_WEEKS with leap-week in month 13 CE 2012-01-01, 2011-08-29]" classname="org.threeten.extra.chrono.TestAccountingChronology" time="0"/>
  <testcase name="test_plusDays[5: Accounting calendar ends on SUNDAY nearest end of AUGUST, year divided in THIRTEEN_EVEN_MONTHS_OF_4_WEEKS with leap-week in month 13 CE 2012-01-02, 2011-08-30]" classname="org.threeten.extra.chrono.TestAccountingChronology" time="0"/>
  <testcase name="test_plusDays[6: Accounting calendar ends on SUNDAY nearest end of AUGUST, year divided in THIRTEEN_EVEN_MONTHS_OF_4_WEEKS with leap-week in month 13 CE 2012-01-03, 2011-08-31]" classname="org.threeten.extra.chrono.TestAccountingChronology" time="0"/>
  <testcase name="test_plusDays[7: Accounting calendar ends on SUNDAY nearest end of AUGUST, year divided in THIRTEEN_EVEN_MONTHS_OF_4_WEEKS with leap-week in month 13 CE 2012-13-28, 2012-08-26]" classname="org.threeten.extra.chrono.TestAccountingChronology" time="0"/>
  <testcase name="test_plusDays[8: Accounting calendar ends on SUNDAY nearest end of AUGUST, year divided in THIRTEEN_EVEN_MONTHS_OF_4_WEEKS with leap-week in month 13 CE 2012-13-29, 2012-08-27]" classname="org.threeten.extra.chrono.TestAccountingChronology" time="0"/>
  <testcase name="test_plusDays[9: Accounting calendar ends on SUNDAY nearest end of AUGUST, year divided in THIRTEEN_EVEN_MONTHS_OF_4_WEEKS with leap-week in month 13 CE 2012-13-30, 2012-08-28]" classname="org.threeten.extra.chrono.TestAccountingChronology" time="0"/>
  <testcase name="test_plusDays[10: Accounting calendar ends on SUNDAY nearest end of AUGUST, year divided in THIRTEEN_EVEN_MONTHS_OF_4_WEEKS with leap-week in month 13 CE 2012-13-31, 2012-08-29]" classname="org.threeten.extra.chrono.TestAccountingChronology" time="0"/>
  <testcase name="test_plusDays[11: Accounting calendar ends on SUNDAY nearest end of AUGUST, year divided in THIRTEEN_EVEN_MONTHS_OF_4_WEEKS with leap-week in month 13 CE 2012-13-32, 2012-08-30]" classname="org.threeten.extra.chrono.TestAccountingChronology" time="0"/>
  <testcase name="test_plusDays[12: Accounting calendar ends on SUNDAY nearest end of AUGUST, year divided in THIRTEEN_EVEN_MONTHS_OF_4_WEEKS with leap-week in month 13 CE 2012-13-33, 2012-08-31]" classname="org.threeten.extra.chrono.TestAccountingChronology" time="0"/>
  <testcase name="test_plusDays[13: Accounting calendar ends on SUNDAY nearest end of AUGUST, year divided in THIRTEEN_EVEN_MONTHS_OF_4_WEEKS with leap-week in month 13 CE 2012-13-34, 2012-09-01]" classname="org.threeten.extra.chrono.TestAccountingChronology" time="0"/>
  <testcase name="test_plusDays[14: Accounting calendar ends on SUNDAY nearest end of AUGUST, year divided in THIRTEEN_EVEN_MONTHS_OF_4_WEEKS with leap-week in month 13 CE 2012-13-35, 2012-09-02]" classname="org.threeten.extra.chrono.TestAccountingChronology" time="0"/>
  <testcase name="test_plusDays[15: Accounting calendar ends on SUNDAY nearest end of AUGUST, year divided in THIRTEEN_EVEN_MONTHS_OF_4_WEEKS with leap-week in month 13 CE 2013-01-01, 2012-09-03]" classname="org.threeten.extra.chrono.TestAccountingChronology" time="0.001"/>
  <testcase name="test_plusDays[16: Accounting calendar ends on SUNDAY nearest end of AUGUST, year divided in THIRTEEN_EVEN_MONTHS_OF_4_WEEKS with leap-week in month 13 CE 2013-01-02, 2012-09-04]" classname="org.threeten.extra.chrono.TestAccountingChronology" time="0"/>
  <testcase name="test_plusDays[17: Accounting calendar ends on SUNDAY nearest end of AUGUST, year divided in THIRTEEN_EVEN_MONTHS_OF_4_WEEKS with leap-week in month 13 CE 2013-01-03, 2012-09-05]" classname="org.threeten.extra.chrono.TestAccountingChronology" time="0"/>
  <testcase name="test_plusDays[18: Accounting calendar ends on SUNDAY nearest end of AUGUST, year divided in THIRTEEN_EVEN_MONTHS_OF_4_WEEKS with leap-week in month 13 BCE 1-13-35, 0000-09-03]" classname="org.threeten.extra.chrono.TestAccountingChronology" time="0"/>
  <testcase name="test_plusDays[19: Accounting calendar ends on SUNDAY nearest end of AUGUST, year divided in THIRTEEN_EVEN_MONTHS_OF_4_WEEKS with leap-week in month 13 BCE 1-13-34, 0000-09-02]" classname="org.threeten.extra.chrono.TestAccountingChronology" time="0"/>
  <testcase name="test_plusDays[20: Accounting calendar ends on SUNDAY nearest end of AUGUST, year divided in THIRTEEN_EVEN_MONTHS_OF_4_WEEKS with leap-week in month 13 CE 1583-02-18, 1582-10-14]" classname="org.threeten.extra.chrono.TestAccountingChronology" time="0"/>
  <testcase name="test_plusDays[21: Accounting calendar ends on SUNDAY nearest end of AUGUST, year divided in THIRTEEN_EVEN_MONTHS_OF_4_WEEKS with leap-week in month 13 CE 1583-02-19, 1582-10-15]" classname="org.threeten.extra.chrono.TestAccountingChronology" time="0"/>
  <testcase name="test_plusDays[22: Accounting calendar ends on SUNDAY nearest end of AUGUST, year divided in THIRTEEN_EVEN_MONTHS_OF_4_WEEKS with leap-week in month 13 CE 1946-03-15, 1945-11-12]" classname="org.threeten.extra.chrono.TestAccountingChronology" time="0"/>
  <testcase name="test_plusDays[23: Accounting calendar ends on SUNDAY nearest end of AUGUST, year divided in THIRTEEN_EVEN_MONTHS_OF_4_WEEKS with leap-week in month 13 CE 2012-12-04, 2012-07-05]" classname="org.threeten.extra.chrono.TestAccountingChronology" time="0"/>
  <testcase name="test_plusDays[24: Accounting calendar ends on SUNDAY nearest end of AUGUST, year divided in THIRTEEN_EVEN_MONTHS_OF_4_WEEKS with leap-week in month 13 CE 2012-12-05, 2012-07-06]" classname="org.threeten.extra.chrono.TestAccountingChronology" time="0"/>
  <testcase name="test_minusDays[0: Accounting calendar ends on SUNDAY nearest end of AUGUST, year divided in THIRTEEN_EVEN_MONTHS_OF_4_WEEKS with leap-week in month 13 CE 1-01-01, 0000-09-04]" classname="org.threeten.extra.chrono.TestAccountingChronology" time="0"/>
  <testcase name="test_minusDays[1: Accounting calendar ends on SUNDAY nearest end of AUGUST, year divided in THIRTEEN_EVEN_MONTHS_OF_4_WEEKS with leap-week in month 13 CE 1-01-02, 0000-09-05]" classname="org.threeten.extra.chrono.TestAccountingChronology" time="0"/>
  <testcase name="test_minusDays[2: Accounting calendar ends on SUNDAY nearest end of AUGUST, year divided in THIRTEEN_EVEN_MONTHS_OF_4_WEEKS with leap-week in month 13 CE 1-01-03, 0000-09-06]" classname="org.threeten.extra.chrono.TestAccountingChronology" time="0"/>
  <testcase name="test_minusDays[3: Accounting calendar ends on SUNDAY nearest end of AUGUST, year divided in THIRTEEN_EVEN_MONTHS_OF_4_WEEKS with leap-week in month 13 CE 2011-13-28, 2011-08-28]" classname="org.threeten.extra.chrono.TestAccountingChronology" time="0.001"/>
  <testcase name="test_minusDays[4: Accounting calendar ends on SUNDAY nearest end of AUGUST, year divided in THIRTEEN_EVEN_MONTHS_OF_4_WEEKS with leap-week in month 13 CE 2012-01-01, 2011-08-29]" classname="org.threeten.extra.chrono.TestAccountingChronology" time="0"/>
  <testcase name="test_minusDays[5: Accounting calendar ends on SUNDAY nearest end of AUGUST, year divided in THIRTEEN_EVEN_MONTHS_OF_4_WEEKS with leap-week in month 13 CE 2012-01-02, 2011-08-30]" classname="org.threeten.extra.chrono.TestAccountingChronology" time="0"/>
  <testcase name="test_minusDays[6: Accounting calendar ends on SUNDAY nearest end of AUGUST, year divided in THIRTEEN_EVEN_MONTHS_OF_4_WEEKS with leap-week in month 13 CE 2012-01-03, 2011-08-31]" classname="org.threeten.extra.chrono.TestAccountingChronology" time="0"/>
  <testcase name="test_minusDays[7: Accounting calendar ends on SUNDAY nearest end of AUGUST, year divided in THIRTEEN_EVEN_MONTHS_OF_4_WEEKS with leap-week in month 13 CE 2012-13-28, 2012-08-26]" classname="org.threeten.extra.chrono.TestAccountingChronology" time="0"/>
  <testcase name="test_minusDays[8: Accounting calendar ends on SUNDAY nearest end of AUGUST, year divided in THIRTEEN_EVEN_MONTHS_OF_4_WEEKS with leap-week in month 13 CE 2012-13-29, 2012-08-27]" classname="org.threeten.extra.chrono.TestAccountingChronology" time="0"/>
  <testcase name="test_minusDays[9: Accounting calendar ends on SUNDAY nearest end of AUGUST, year divided in THIRTEEN_EVEN_MONTHS_OF_4_WEEKS with leap-week in month 13 CE 2012-13-30, 2012-08-28]" classname="org.threeten.extra.chrono.TestAccountingChronology" time="0"/>
  <testcase name="test_minusDays[10: Accounting calendar ends on SUNDAY nearest end of AUGUST, year divided in THIRTEEN_EVEN_MONTHS_OF_4_WEEKS with leap-week in month 13 CE 2012-13-31, 2012-08-29]" classname="org.threeten.extra.chrono.TestAccountingChronology" time="0"/>
  <testcase name="test_minusDays[11: Accounting calendar ends on SUNDAY nearest end of AUGUST, year divided in THIRTEEN_EVEN_MONTHS_OF_4_WEEKS with leap-week in month 13 CE 2012-13-32, 2012-08-30]" classname="org.threeten.extra.chrono.TestAccountingChronology" time="0"/>
  <testcase name="test_minusDays[12: Accounting calendar ends on SUNDAY nearest end of AUGUST, year divided in THIRTEEN_EVEN_MONTHS_OF_4_WEEKS with leap-week in month 13 CE 2012-13-33, 2012-08-31]" classname="org.threeten.extra.chrono.TestAccountingChronology" time="0"/>
  <testcase name="test_minusDays[13: Accounting calendar ends on SUNDAY nearest end of AUGUST, year divided in THIRTEEN_EVEN_MONTHS_OF_4_WEEKS with leap-week in month 13 CE 2012-13-34, 2012-09-01]" classname="org.threeten.extra.chrono.TestAccountingChronology" time="0"/>
  <testcase name="test_minusDays[14: Accounting calendar ends on SUNDAY nearest end of AUGUST, year divided in THIRTEEN_EVEN_MONTHS_OF_4_WEEKS with leap-week in month 13 CE 2012-13-35, 2012-09-02]" classname="org.threeten.extra.chrono.TestAccountingChronology" time="0"/>
  <testcase name="test_minusDays[15: Accounting calendar ends on SUNDAY nearest end of AUGUST, year divided in THIRTEEN_EVEN_MONTHS_OF_4_WEEKS with leap-week in month 13 CE 2013-01-01, 2012-09-03]" classname="org.threeten.extra.chrono.TestAccountingChronology" time="0"/>
  <testcase name="test_minusDays[16: Accounting calendar ends on SUNDAY nearest end of AUGUST, year divided in THIRTEEN_EVEN_MONTHS_OF_4_WEEKS with leap-week in month 13 CE 2013-01-02, 2012-09-04]" classname="org.threeten.extra.chrono.TestAccountingChronology" time="0"/>
  <testcase name="test_minusDays[17: Accounting calendar ends on SUNDAY nearest end of AUGUST, year divided in THIRTEEN_EVEN_MONTHS_OF_4_WEEKS with leap-week in month 13 CE 2013-01-03, 2012-09-05]" classname="org.threeten.extra.chrono.TestAccountingChronology" time="0.001"/>
  <testcase name="test_minusDays[18: Accounting calendar ends on SUNDAY nearest end of AUGUST, year divided in THIRTEEN_EVEN_MONTHS_OF_4_WEEKS with leap-week in month 13 BCE 1-13-35, 0000-09-03]" classname="org.threeten.extra.chrono.TestAccountingChronology" time="0"/>
  <testcase name="test_minusDays[19: Accounting calendar ends on SUNDAY nearest end of AUGUST, year divided in THIRTEEN_EVEN_MONTHS_OF_4_WEEKS with leap-week in month 13 BCE 1-13-34, 0000-09-02]" classname="org.threeten.extra.chrono.TestAccountingChronology" time="0"/>
  <testcase name="test_minusDays[20: Accounting calendar ends on SUNDAY nearest end of AUGUST, year divided in THIRTEEN_EVEN_MONTHS_OF_4_WEEKS with leap-week in month 13 CE 1583-02-18, 1582-10-14]" classname="org.threeten.extra.chrono.TestAccountingChronology" time="0"/>
  <testcase name="test_minusDays[21: Accounting calendar ends on SUNDAY nearest end of AUGUST, year divided in THIRTEEN_EVEN_MONTHS_OF_4_WEEKS with leap-week in month 13 CE 1583-02-19, 1582-10-15]" classname="org.threeten.extra.chrono.TestAccountingChronology" time="0"/>
  <testcase name="test_minusDays[22: Accounting calendar ends on SUNDAY nearest end of AUGUST, year divided in THIRTEEN_EVEN_MONTHS_OF_4_WEEKS with leap-week in month 13 CE 1946-03-15, 1945-11-12]" classname="org.threeten.extra.chrono.TestAccountingChronology" time="0"/>
  <testcase name="test_minusDays[23: Accounting calendar ends on SUNDAY nearest end of AUGUST, year divided in THIRTEEN_EVEN_MONTHS_OF_4_WEEKS with leap-week in month 13 CE 2012-12-04, 2012-07-05]" classname="org.threeten.extra.chrono.TestAccountingChronology" time="0"/>
  <testcase name="test_minusDays[24: Accounting calendar ends on SUNDAY nearest end of AUGUST, year divided in THIRTEEN_EVEN_MONTHS_OF_4_WEEKS with leap-week in month 13 CE 2012-12-05, 2012-07-06]" classname="org.threeten.extra.chrono.TestAccountingChronology" time="0"/>
  <testcase name="test_toString[0: Accounting calendar ends on SUNDAY nearest end of AUGUST, year divided in THIRTEEN_EVEN_MONTHS_OF_4_WEEKS with leap-week in month 13 CE 1-01-01, Accounting calendar ends on SUNDAY nearest end of AUGUST, year divided in THIRTEEN_EVEN_MONTHS_OF_4_WEEKS with leap-week in month 13 CE 1-01-01]" classname="org.threeten.extra.chrono.TestAccountingChronology" time="0"/>
  <testcase name="test_toString[1: Accounting calendar ends on SUNDAY nearest end of AUGUST, year divided in THIRTEEN_EVEN_MONTHS_OF_4_WEEKS with leap-week in month 13 CE 2012-06-23, Accounting calendar ends on SUNDAY nearest end of AUGUST, year divided in THIRTEEN_EVEN_MONTHS_OF_4_WEEKS with leap-week in month 13 CE 2012-06-23]" classname="org.threeten.extra.chrono.TestAccountingChronology" time="0"/>
  <testcase name="test_LocalDate_from_AccountingDate[0: Accounting calendar ends on SUNDAY nearest end of AUGUST, year divided in THIRTEEN_EVEN_MONTHS_OF_4_WEEKS with leap-week in month 13 CE 1-01-01, 0000-09-04]" classname="org.threeten.extra.chrono.TestAccountingChronology" time="0"/>
  <testcase name="test_LocalDate_from_AccountingDate[1: Accounting calendar ends on SUNDAY nearest end of AUGUST, year divided in THIRTEEN_EVEN_MONTHS_OF_4_WEEKS with leap-week in month 13 CE 1-01-02, 0000-09-05]" classname="org.threeten.extra.chrono.TestAccountingChronology" time="0"/>
  <testcase name="test_LocalDate_from_AccountingDate[2: Accounting calendar ends on SUNDAY nearest end of AUGUST, year divided in THIRTEEN_EVEN_MONTHS_OF_4_WEEKS with leap-week in month 13 CE 1-01-03, 0000-09-06]" classname="org.threeten.extra.chrono.TestAccountingChronology" time="0"/>
  <testcase name="test_LocalDate_from_AccountingDate[3: Accounting calendar ends on SUNDAY nearest end of AUGUST, year divided in THIRTEEN_EVEN_MONTHS_OF_4_WEEKS with leap-week in month 13 CE 2011-13-28, 2011-08-28]" classname="org.threeten.extra.chrono.TestAccountingChronology" time="0"/>
  <testcase name="test_LocalDate_from_AccountingDate[4: Accounting calendar ends on SUNDAY nearest end of AUGUST, year divided in THIRTEEN_EVEN_MONTHS_OF_4_WEEKS with leap-week in month 13 CE 2012-01-01, 2011-08-29]" classname="org.threeten.extra.chrono.TestAccountingChronology" time="0"/>
  <testcase name="test_LocalDate_from_AccountingDate[5: Accounting calendar ends on SUNDAY nearest end of AUGUST, year divided in THIRTEEN_EVEN_MONTHS_OF_4_WEEKS with leap-week in month 13 CE 2012-01-02, 2011-08-30]" classname="org.threeten.extra.chrono.TestAccountingChronology" time="0"/>
  <testcase name="test_LocalDate_from_AccountingDate[6: Accounting calendar ends on SUNDAY nearest end of AUGUST, year divided in THIRTEEN_EVEN_MONTHS_OF_4_WEEKS with leap-week in month 13 CE 2012-01-03, 2011-08-31]" classname="org.threeten.extra.chrono.TestAccountingChronology" time="0"/>
  <testcase name="test_LocalDate_from_AccountingDate[7: Accounting calendar ends on SUNDAY nearest end of AUGUST, year divided in THIRTEEN_EVEN_MONTHS_OF_4_WEEKS with leap-week in month 13 CE 2012-13-28, 2012-08-26]" classname="org.threeten.extra.chrono.TestAccountingChronology" time="0"/>
  <testcase name="test_LocalDate_from_AccountingDate[8: Accounting calendar ends on SUNDAY nearest end of AUGUST, year divided in THIRTEEN_EVEN_MONTHS_OF_4_WEEKS with leap-week in month 13 CE 2012-13-29, 2012-08-27]" classname="org.threeten.extra.chrono.TestAccountingChronology" time="0"/>
  <testcase name="test_LocalDate_from_AccountingDate[9: Accounting calendar ends on SUNDAY nearest end of AUGUST, year divided in THIRTEEN_EVEN_MONTHS_OF_4_WEEKS with leap-week in month 13 CE 2012-13-30, 2012-08-28]" classname="org.threeten.extra.chrono.TestAccountingChronology" time="0"/>
  <testcase name="test_LocalDate_from_AccountingDate[10: Accounting calendar ends on SUNDAY nearest end of AUGUST, year divided in THIRTEEN_EVEN_MONTHS_OF_4_WEEKS with leap-week in month 13 CE 2012-13-31, 2012-08-29]" classname="org.threeten.extra.chrono.TestAccountingChronology" time="0"/>
  <testcase name="test_LocalDate_from_AccountingDate[11: Accounting calendar ends on SUNDAY nearest end of AUGUST, year divided in THIRTEEN_EVEN_MONTHS_OF_4_WEEKS with leap-week in month 13 CE 2012-13-32, 2012-08-30]" classname="org.threeten.extra.chrono.TestAccountingChronology" time="0"/>
  <testcase name="test_LocalDate_from_AccountingDate[12: Accounting calendar ends on SUNDAY nearest end of AUGUST, year divided in THIRTEEN_EVEN_MONTHS_OF_4_WEEKS with leap-week in month 13 CE 2012-13-33, 2012-08-31]" classname="org.threeten.extra.chrono.TestAccountingChronology" time="0"/>
  <testcase name="test_LocalDate_from_AccountingDate[13: Accounting calendar ends on SUNDAY nearest end of AUGUST, year divided in THIRTEEN_EVEN_MONTHS_OF_4_WEEKS with leap-week in month 13 CE 2012-13-34, 2012-09-01]" classname="org.threeten.extra.chrono.TestAccountingChronology" time="0"/>
  <testcase name="test_LocalDate_from_AccountingDate[14: Accounting calendar ends on SUNDAY nearest end of AUGUST, year divided in THIRTEEN_EVEN_MONTHS_OF_4_WEEKS with leap-week in month 13 CE 2012-13-35, 2012-09-02]" classname="org.threeten.extra.chrono.TestAccountingChronology" time="0"/>
  <testcase name="test_LocalDate_from_AccountingDate[15: Accounting calendar ends on SUNDAY nearest end of AUGUST, year divided in THIRTEEN_EVEN_MONTHS_OF_4_WEEKS with leap-week in month 13 CE 2013-01-01, 2012-09-03]" classname="org.threeten.extra.chrono.TestAccountingChronology" time="0.001"/>
  <testcase name="test_LocalDate_from_AccountingDate[16: Accounting calendar ends on SUNDAY nearest end of AUGUST, year divided in THIRTEEN_EVEN_MONTHS_OF_4_WEEKS with leap-week in month 13 CE 2013-01-02, 2012-09-04]" classname="org.threeten.extra.chrono.TestAccountingChronology" time="0"/>
  <testcase name="test_LocalDate_from_AccountingDate[17: Accounting calendar ends on SUNDAY nearest end of AUGUST, year divided in THIRTEEN_EVEN_MONTHS_OF_4_WEEKS with leap-week in month 13 CE 2013-01-03, 2012-09-05]" classname="org.threeten.extra.chrono.TestAccountingChronology" time="0"/>
  <testcase name="test_LocalDate_from_AccountingDate[18: Accounting calendar ends on SUNDAY nearest end of AUGUST, year divided in THIRTEEN_EVEN_MONTHS_OF_4_WEEKS with leap-week in month 13 BCE 1-13-35, 0000-09-03]" classname="org.threeten.extra.chrono.TestAccountingChronology" time="0"/>
  <testcase name="test_LocalDate_from_AccountingDate[19: Accounting calendar ends on SUNDAY nearest end of AUGUST, year divided in THIRTEEN_EVEN_MONTHS_OF_4_WEEKS with leap-week in month 13 BCE 1-13-34, 0000-09-02]" classname="org.threeten.extra.chrono.TestAccountingChronology" time="0"/>
  <testcase name="test_LocalDate_from_AccountingDate[20: Accounting calendar ends on SUNDAY nearest end of AUGUST, year divided in THIRTEEN_EVEN_MONTHS_OF_4_WEEKS with leap-week in month 13 CE 1583-02-18, 1582-10-14]" classname="org.threeten.extra.chrono.TestAccountingChronology" time="0"/>
  <testcase name="test_LocalDate_from_AccountingDate[21: Accounting calendar ends on SUNDAY nearest end of AUGUST, year divided in THIRTEEN_EVEN_MONTHS_OF_4_WEEKS with leap-week in month 13 CE 1583-02-19, 1582-10-15]" classname="org.threeten.extra.chrono.TestAccountingChronology" time="0"/>
  <testcase name="test_LocalDate_from_AccountingDate[22: Accounting calendar ends on SUNDAY nearest end of AUGUST, year divided in THIRTEEN_EVEN_MONTHS_OF_4_WEEKS with leap-week in month 13 CE 1946-03-15, 1945-11-12]" classname="org.threeten.extra.chrono.TestAccountingChronology" time="0"/>
  <testcase name="test_LocalDate_from_AccountingDate[23: Accounting calendar ends on SUNDAY nearest end of AUGUST, year divided in THIRTEEN_EVEN_MONTHS_OF_4_WEEKS with leap-week in month 13 CE 2012-12-04, 2012-07-05]" classname="org.threeten.extra.chrono.TestAccountingChronology" time="0"/>
  <testcase name="test_LocalDate_from_AccountingDate[24: Accounting calendar ends on SUNDAY nearest end of AUGUST, year divided in THIRTEEN_EVEN_MONTHS_OF_4_WEEKS with leap-week in month 13 CE 2012-12-05, 2012-07-06]" classname="org.threeten.extra.chrono.TestAccountingChronology" time="0"/>
  <testcase name="test_plus_TemporalUnit_unsupported" classname="org.threeten.extra.chrono.TestAccountingChronology" time="0"/>
  <testcase name="test_prolepticYear_specific" classname="org.threeten.extra.chrono.TestAccountingChronology" time="0"/>
  <testcase name="test_until_TemporalUnit[0: 2014, 5, 26, 2014, 5, 26, Days, 0]" classname="org.threeten.extra.chrono.TestAccountingChronology" time="0"/>
  <testcase name="test_until_TemporalUnit[1: 2014, 5, 26, 2014, 6, 4, Days, 6]" classname="org.threeten.extra.chrono.TestAccountingChronology" time="0"/>
  <testcase name="test_until_TemporalUnit[2: 2014, 5, 26, 2014, 5, 20, Days, -6]" classname="org.threeten.extra.chrono.TestAccountingChronology" time="0"/>
  <testcase name="test_until_TemporalUnit[3: 2014, 5, 26, 2014, 5, 26, Weeks, 0]" classname="org.threeten.extra.chrono.TestAccountingChronology" time="0"/>
  <testcase name="test_until_TemporalUnit[4: 2014, 5, 26, 2014, 6, 4, Weeks, 0]" classname="org.threeten.extra.chrono.TestAccountingChronology" time="0"/>
  <testcase name="test_until_TemporalUnit[5: 2014, 5, 26, 2014, 6, 5, Weeks, 1]" classname="org.threeten.extra.chrono.TestAccountingChronology" time="0"/>
  <testcase name="test_until_TemporalUnit[6: 2014, 5, 26, 2014, 5, 26, Months, 0]" classname="org.threeten.extra.chrono.TestAccountingChronology" time="0"/>
  <testcase name="test_until_TemporalUnit[7: 2014, 5, 26, 2014, 6, 25, Months, 0]" classname="org.threeten.extra.chrono.TestAccountingChronology" time="0"/>
  <testcase name="test_until_TemporalUnit[8: 2014, 5, 26, 2014, 6, 26, Months, 1]" classname="org.threeten.extra.chrono.TestAccountingChronology" time="0"/>
  <testcase name="test_until_TemporalUnit[9: 2014, 5, 26, 2014, 5, 26, Years, 0]" classname="org.threeten.extra.chrono.TestAccountingChronology" time="0"/>
  <testcase name="test_until_TemporalUnit[10: 2014, 5, 26, 2015, 5, 25, Years, 0]" classname="org.threeten.extra.chrono.TestAccountingChronology" time="0"/>
  <testcase name="test_until_TemporalUnit[11: 2014, 5, 26, 2015, 5, 26, Years, 1]" classname="org.threeten.extra.chrono.TestAccountingChronology" time="0"/>
  <testcase name="test_until_TemporalUnit[12: 2014, 5, 26, 2014, 5, 26, Decades, 0]" classname="org.threeten.extra.chrono.TestAccountingChronology" time="0"/>
  <testcase name="test_until_TemporalUnit[13: 2014, 5, 26, 2024, 5, 25, Decades, 0]" classname="org.threeten.extra.chrono.TestAccountingChronology" time="0"/>
  <testcase name="test_until_TemporalUnit[14: 2014, 5, 26, 2024, 5, 26, Decades, 1]" classname="org.threeten.extra.chrono.TestAccountingChronology" time="0"/>
  <testcase name="test_until_TemporalUnit[15: 2014, 5, 26, 2014, 5, 26, Centuries, 0]" classname="org.threeten.extra.chrono.TestAccountingChronology" time="0"/>
  <testcase name="test_until_TemporalUnit[16: 2014, 5, 26, 2114, 5, 25, Centuries, 0]" classname="org.threeten.extra.chrono.TestAccountingChronology" time="0"/>
  <testcase name="test_until_TemporalUnit[17: 2014, 5, 26, 2114, 5, 26, Centuries, 1]" classname="org.threeten.extra.chrono.TestAccountingChronology" time="0"/>
  <testcase name="test_until_TemporalUnit[18: 2014, 5, 26, 2014, 5, 26, Millennia, 0]" classname="org.threeten.extra.chrono.TestAccountingChronology" time="0"/>
  <testcase name="test_until_TemporalUnit[19: 2014, 5, 26, 3014, 5, 25, Millennia, 0]" classname="org.threeten.extra.chrono.TestAccountingChronology" time="0"/>
  <testcase name="test_until_TemporalUnit[20: 2014, 5, 26, 3014, 5, 26, Millennia, 1]" classname="org.threeten.extra.chrono.TestAccountingChronology" time="0"/>
  <testcase name="test_until_TemporalUnit[21: -2013, 5, 26, 0, 5, 26, Eras, 0]" classname="org.threeten.extra.chrono.TestAccountingChronology" time="0"/>
  <testcase name="test_until_TemporalUnit[22: -2013, 5, 26, 2014, 5, 26, Eras, 1]" classname="org.threeten.extra.chrono.TestAccountingChronology" time="0"/>
  <testcase name="test_date_create_no_chronology" classname="org.threeten.extra.chrono.TestAccountingChronology" time="0"/>
  <testcase name="test_adjust1" classname="org.threeten.extra.chrono.TestAccountingChronology" time="0.001"/>
  <testcase name="test_adjust2" classname="org.threeten.extra.chrono.TestAccountingChronology" time="0"/>
  <testcase name="test_isLeapYear_loop" classname="org.threeten.extra.chrono.TestAccountingChronology" time="0.001"/>
  <testcase name="test_range[0: 2012, 1, 23, DayOfMonth, 1, 28]" classname="org.threeten.extra.chrono.TestAccountingChronology" time="0"/>
  <testcase name="test_range[1: 2012, 2, 23, DayOfMonth, 1, 28]" classname="org.threeten.extra.chrono.TestAccountingChronology" time="0"/>
  <testcase name="test_range[2: 2012, 3, 23, DayOfMonth, 1, 28]" classname="org.threeten.extra.chrono.TestAccountingChronology" time="0"/>
  <testcase name="test_range[3: 2012, 4, 23, DayOfMonth, 1, 28]" classname="org.threeten.extra.chrono.TestAccountingChronology" time="0"/>
  <testcase name="test_range[4: 2012, 5, 23, DayOfMonth, 1, 28]" classname="org.threeten.extra.chrono.TestAccountingChronology" time="0"/>
  <testcase name="test_range[5: 2012, 6, 23, DayOfMonth, 1, 28]" classname="org.threeten.extra.chrono.TestAccountingChronology" time="0"/>
  <testcase name="test_range[6: 2012, 7, 23, DayOfMonth, 1, 28]" classname="org.threeten.extra.chrono.TestAccountingChronology" time="0"/>
  <testcase name="test_range[7: 2012, 8, 23, DayOfMonth, 1, 28]" classname="org.threeten.extra.chrono.TestAccountingChronology" time="0"/>
  <testcase name="test_range[8: 2012, 9, 23, DayOfMonth, 1, 28]" classname="org.threeten.extra.chrono.TestAccountingChronology" time="0"/>
  <testcase name="test_range[9: 2012, 10, 23, DayOfMonth, 1, 28]" classname="org.threeten.extra.chrono.TestAccountingChronology" time="0"/>
  <testcase name="test_range[10: 2012, 11, 23, DayOfMonth, 1, 28]" classname="org.threeten.extra.chrono.TestAccountingChronology" time="0"/>
  <testcase name="test_range[11: 2012, 12, 23, DayOfMonth, 1, 28]" classname="org.threeten.extra.chrono.TestAccountingChronology" time="0"/>
  <testcase name="test_range[12: 2012, 13, 23, DayOfMonth, 1, 35]" classname="org.threeten.extra.chrono.TestAccountingChronology" time="0"/>
  <testcase name="test_range[13: 2012, 1, 23, DayOfYear, 1, 371]" classname="org.threeten.extra.chrono.TestAccountingChronology" time="0"/>
  <testcase name="test_range[14: 2012, 12, 23, AlignedWeekOfMonth, 1, 4]" classname="org.threeten.extra.chrono.TestAccountingChronology" time="0"/>
  <testcase name="test_range[15: 2012, 13, 23, AlignedWeekOfMonth, 1, 5]" classname="org.threeten.extra.chrono.TestAccountingChronology" time="0"/>
  <testcase name="test_range[16: 2013, 1, 23, AlignedWeekOfMonth, 1, 4]" classname="org.threeten.extra.chrono.TestAccountingChronology" time="0"/>
  <testcase name="test_range[17: 2011, 13, 23, DayOfMonth, 1, 28]" classname="org.threeten.extra.chrono.TestAccountingChronology" time="0"/>
  <testcase name="test_range[18: 2011, 13, 23, DayOfYear, 1, 364]" classname="org.threeten.extra.chrono.TestAccountingChronology" time="0"/>
  <testcase name="test_range[19: 2011, 13, 23, AlignedWeekOfMonth, 1, 4]" classname="org.threeten.extra.chrono.TestAccountingChronology" time="0"/>
</testsuite>