<?xml version="1.0" encoding="UTF-8"?>
<testsuite name="org.apache.commons.lang3.math.NumberUtilsTest" time="0.008" tests="85" errors="0" skipped="0" failures="0">
  <properties>
    <property name="java.runtime.name" value="OpenJDK Runtime Environment"/>
    <property name="sun.boot.library.path" value="/usr/local/openjdk-8/jre/lib/amd64"/>
    <property name="java.vm.version" value="25.262-b10"/>
    <property name="animal.sniffer.skip" value="true"/>
    <property name="java.vm.vendor" value="Oracle Corporation"/>
    <property name="maven.multiModuleProjectDirectory" value="/tmp/tmpyne3cmog/commons-lang"/>
    <property name="maven.javadoc.skip" value="true"/>
    <property name="java.vendor.url" value="http://java.oracle.com/"/>
    <property name="path.separator" value=":"/>
    <property name="guice.disable.misplaced.annotation.check" value="true"/>
    <property name="java.vm.name" value="OpenJDK 64-Bit Server VM"/>
    <property name="file.encoding.pkg" value="sun.io"/>
    <property name="sun.java.launcher" value="SUN_STANDARD"/>
    <property name="sun.os.patch.level" value="unknown"/>
    <property name="source.skip" value="true"/>
    <property name="java.vm.specification.name" value="Java Virtual Machine Specification"/>
    <property name="user.dir" value="/tmp/tmpyne3cmog/commons-lang"/>
    <property name="java.runtime.version" value="1.8.0_262-b10"/>
    <property name="java.awt.graphicsenv" value="sun.awt.X11GraphicsEnvironment"/>
    <property name="java.endorsed.dirs" value="/usr/local/openjdk-8/jre/lib/endorsed"/>
    <property name="os.arch" value="amd64"/>
    <property name="java.io.tmpdir" value="/tmp"/>
    <property name="line.separator" value="&#10;"/>
    <property name="java.vm.specification.vendor" value="Oracle Corporation"/>
    <property name="os.name" value="Linux"/>
    <property name="classworlds.conf" value="/usr/share/maven/bin/m2.conf"/>
    <property name="maven.test.error.ignore" value="true"/>
    <property name="sun.jnu.encoding" value="UTF-8"/>
    <property name="java.library.path" value="/usr/java/packages/lib/amd64:/usr/lib64:/lib64:/lib:/usr/lib"/>
    <property name="license.skip" value="true"/>
    <property name="maven.conf" value="/usr/share/maven/conf"/>
    <property name="java.specification.name" value="Java Platform API Specification"/>
    <property name="java.class.version" value="52.0"/>
    <property name="sun.management.compiler" value="HotSpot 64-Bit Tiered Compilers"/>
    <property name="maven.test.failure.ignore" value="true"/>
    <property name="os.version" value="4.15.0-109-generic"/>
    <property name="library.jansi.path" value="/usr/share/maven/lib/jansi-native"/>
    <property name="user.home" value="/home/jdbl"/>
    <property name="user.timezone" value="Etc/UTC"/>
    <property name="java.awt.printerjob" value="sun.print.PSPrinterJob"/>
    <property name="java.specification.version" value="1.8"/>
    <property name="file.encoding" value="UTF-8"/>
    <property name="user.name" value="jdbl"/>
    <property name="java.class.path" value="/usr/share/maven/boot/plexus-classworlds-2.6.0.jar"/>
    <property name="java.vm.specification.version" value="1.8"/>
    <property name="sun.arch.data.model" value="64"/>
    <property name="java.home" value="/usr/local/openjdk-8/jre"/>
    <property name="sun.java.command" value="org.codehaus.plexus.classworlds.launcher.Launcher package -e --fail-never -ntp -Dmaven.test.error.ignore=true -Dmaven.test.failure.ignore=true -B -Dmaven.javadoc.skip=true -Drat.skip=true -Danimal.sniffer.skip=true -Dmaven.javadoc.skip=true -Dlicense.skip=true -Dsource.skip=true"/>
    <property name="java.specification.vendor" value="Oracle Corporation"/>
    <property name="user.language" value="en"/>
    <property name="awt.toolkit" value="sun.awt.X11.XToolkit"/>
    <property name="java.vm.info" value="mixed mode"/>
    <property name="java.version" value="1.8.0_262"/>
    <property name="java.ext.dirs" value="/usr/local/openjdk-8/jre/lib/ext:/usr/java/packages/lib/ext"/>
    <property name="securerandom.source" value="file:/dev/./urandom"/>
    <property name="sun.boot.class.path" value="/usr/local/openjdk-8/jre/lib/resources.jar:/usr/local/openjdk-8/jre/lib/rt.jar:/usr/local/openjdk-8/jre/lib/sunrsasign.jar:/usr/local/openjdk-8/jre/lib/jsse.jar:/usr/local/openjdk-8/jre/lib/jce.jar:/usr/local/openjdk-8/jre/lib/charsets.jar:/usr/local/openjdk-8/jre/lib/jfr.jar:/usr/local/openjdk-8/jre/classes"/>
    <property name="java.vendor" value="Oracle Corporation"/>
    <property name="rat.skip" value="true"/>
    <property name="maven.home" value="/usr/share/maven"/>
    <property name="file.separator" value="/"/>
    <property name="java.vendor.url.bug" value="http://bugreport.sun.com/bugreport/"/>
    <property name="sun.cpu.endian" value="little"/>
    <property name="sun.io.unicode.encoding" value="UnicodeLittle"/>
    <property name="sun.cpu.isalist" value=""/>
  </properties>
  <testcase name="testMaximumDouble" classname="org.apache.commons.lang3.math.NumberUtilsTest" time="0"/>
  <testcase name="testToFloatStringF" classname="org.apache.commons.lang3.math.NumberUtilsTest" time="0"/>
  <testcase name="testMinDouble_emptyArray" classname="org.apache.commons.lang3.math.NumberUtilsTest" time="0"/>
  <testcase name="testMinimumFloat" classname="org.apache.commons.lang3.math.NumberUtilsTest" time="0"/>
  <testcase name="testMinimumShort" classname="org.apache.commons.lang3.math.NumberUtilsTest" time="0"/>
  <testcase name="testMinLong_nullArray" classname="org.apache.commons.lang3.math.NumberUtilsTest" time="0"/>
  <testcase name="testCreateNumber" classname="org.apache.commons.lang3.math.NumberUtilsTest" time="0.002"/>
  <testcase name="testToLongString" classname="org.apache.commons.lang3.math.NumberUtilsTest" time="0.001"/>
  <testcase name="testMaxByte_emptyArray" classname="org.apache.commons.lang3.math.NumberUtilsTest" time="0"/>
  <testcase name="testToIntStringI" classname="org.apache.commons.lang3.math.NumberUtilsTest" time="0"/>
  <testcase name="testLANG971" classname="org.apache.commons.lang3.math.NumberUtilsTest" time="0"/>
  <testcase name="testLANG972" classname="org.apache.commons.lang3.math.NumberUtilsTest" time="0"/>
  <testcase name="testLANG992" classname="org.apache.commons.lang3.math.NumberUtilsTest" time="0"/>
  <testcase name="testMaxShort_nullArray" classname="org.apache.commons.lang3.math.NumberUtilsTest" time="0"/>
  <testcase name="testToIntString" classname="org.apache.commons.lang3.math.NumberUtilsTest" time="0"/>
  <testcase name="testMinShort_emptyArray" classname="org.apache.commons.lang3.math.NumberUtilsTest" time="0"/>
  <testcase name="testCreateFloat" classname="org.apache.commons.lang3.math.NumberUtilsTest" time="0"/>
  <testcase name="testMaxShort_emptyArray" classname="org.apache.commons.lang3.math.NumberUtilsTest" time="0"/>
  <testcase name="testMinimumInt" classname="org.apache.commons.lang3.math.NumberUtilsTest" time="0"/>
  <testcase name="testMinDouble_nullArray" classname="org.apache.commons.lang3.math.NumberUtilsTest" time="0"/>
  <testcase name="testMaxDouble_nullArray" classname="org.apache.commons.lang3.math.NumberUtilsTest" time="0"/>
  <testcase name="testMaxDouble_emptyArray" classname="org.apache.commons.lang3.math.NumberUtilsTest" time="0"/>
  <testcase name="testMaxInt_emptyArray" classname="org.apache.commons.lang3.math.NumberUtilsTest" time="0.001"/>
  <testcase name="testMaxLong_emptyArray" classname="org.apache.commons.lang3.math.NumberUtilsTest" time="0"/>
  <testcase name="testToByteStringI" classname="org.apache.commons.lang3.math.NumberUtilsTest" time="0"/>
  <testcase name="testToFloatString" classname="org.apache.commons.lang3.math.NumberUtilsTest" time="0"/>
  <testcase name="testMinFloat_emptyArray" classname="org.apache.commons.lang3.math.NumberUtilsTest" time="0"/>
  <testcase name="testMinFloat" classname="org.apache.commons.lang3.math.NumberUtilsTest" time="0"/>
  <testcase name="testMaxFloat_emptyArray" classname="org.apache.commons.lang3.math.NumberUtilsTest" time="0"/>
  <testcase name="testMinShort" classname="org.apache.commons.lang3.math.NumberUtilsTest" time="0"/>
  <testcase name="testCreateNumberMagnitude" classname="org.apache.commons.lang3.math.NumberUtilsTest" time="0.001"/>
  <testcase name="testMinFloat_nullArray" classname="org.apache.commons.lang3.math.NumberUtilsTest" time="0"/>
  <testcase name="testToByteString" classname="org.apache.commons.lang3.math.NumberUtilsTest" time="0"/>
  <testcase name="testLang300" classname="org.apache.commons.lang3.math.NumberUtilsTest" time="0"/>
  <testcase name="testLang381" classname="org.apache.commons.lang3.math.NumberUtilsTest" time="0"/>
  <testcase name="testMaxDouble" classname="org.apache.commons.lang3.math.NumberUtilsTest" time="0"/>
  <testcase name="testMinimumDouble" classname="org.apache.commons.lang3.math.NumberUtilsTest" time="0.001"/>
  <testcase name="testMaxLong_nullArray" classname="org.apache.commons.lang3.math.NumberUtilsTest" time="0"/>
  <testcase name="testIsDigits" classname="org.apache.commons.lang3.math.NumberUtilsTest" time="0"/>
  <testcase name="testMinByte_nullArray" classname="org.apache.commons.lang3.math.NumberUtilsTest" time="0"/>
  <testcase name="testCreateBigDecimal" classname="org.apache.commons.lang3.math.NumberUtilsTest" time="0"/>
  <testcase name="testConstants" classname="org.apache.commons.lang3.math.NumberUtilsTest" time="0"/>
  <testcase name="testCompareDouble" classname="org.apache.commons.lang3.math.NumberUtilsTest" time="0"/>
  <testcase name="testMinimumByte" classname="org.apache.commons.lang3.math.NumberUtilsTest" time="0"/>
  <testcase name="testMinimumLong" classname="org.apache.commons.lang3.math.NumberUtilsTest" time="0"/>
  <testcase name="testIsNumber" classname="org.apache.commons.lang3.math.NumberUtilsTest" time="0.001"/>
  <testcase name="testMinDouble" classname="org.apache.commons.lang3.math.NumberUtilsTest" time="0"/>
  <testcase name="testMaxByte" classname="org.apache.commons.lang3.math.NumberUtilsTest" time="0"/>
  <testcase name="testMaxLong" classname="org.apache.commons.lang3.math.NumberUtilsTest" time="0"/>
  <testcase name="testMaxFloat_nullArray" classname="org.apache.commons.lang3.math.NumberUtilsTest" time="0"/>
  <testcase name="testCreateBigInteger" classname="org.apache.commons.lang3.math.NumberUtilsTest" time="0"/>
  <testcase name="testCreateLong" classname="org.apache.commons.lang3.math.NumberUtilsTest" time="0"/>
  <testcase name="testMinByte" classname="org.apache.commons.lang3.math.NumberUtilsTest" time="0"/>
  <testcase name="testMinLong" classname="org.apache.commons.lang3.math.NumberUtilsTest" time="0"/>
  <testcase name="testMaximumInt" classname="org.apache.commons.lang3.math.NumberUtilsTest" time="0"/>
  <testcase name="testCreateNumberFailure_1" classname="org.apache.commons.lang3.math.NumberUtilsTest" time="0"/>
  <testcase name="testCreateNumberFailure_2" classname="org.apache.commons.lang3.math.NumberUtilsTest" time="0"/>
  <testcase name="testCreateNumberFailure_3" classname="org.apache.commons.lang3.math.NumberUtilsTest" time="0"/>
  <testcase name="testCreateNumberFailure_4" classname="org.apache.commons.lang3.math.NumberUtilsTest" time="0"/>
  <testcase name="testMaximumByte" classname="org.apache.commons.lang3.math.NumberUtilsTest" time="0"/>
  <testcase name="testMaximumLong" classname="org.apache.commons.lang3.math.NumberUtilsTest" time="0"/>
  <testcase name="testMaxFloat" classname="org.apache.commons.lang3.math.NumberUtilsTest" time="0"/>
  <testcase name="testMaxShort" classname="org.apache.commons.lang3.math.NumberUtilsTest" time="0"/>
  <testcase name="testCompareFloat" classname="org.apache.commons.lang3.math.NumberUtilsTest" time="0"/>
  <testcase name="TestLang747" classname="org.apache.commons.lang3.math.NumberUtilsTest" time="0"/>
  <testcase name="testMinInt_emptyArray" classname="org.apache.commons.lang3.math.NumberUtilsTest" time="0"/>
  <testcase name="testMinByte_emptyArray" classname="org.apache.commons.lang3.math.NumberUtilsTest" time="0"/>
  <testcase name="testMaxInt" classname="org.apache.commons.lang3.math.NumberUtilsTest" time="0"/>
  <testcase name="testMinInt" classname="org.apache.commons.lang3.math.NumberUtilsTest" time="0.001"/>
  <testcase name="testMinInt_nullArray" classname="org.apache.commons.lang3.math.NumberUtilsTest" time="0"/>
  <testcase name="testMinShort_nullArray" classname="org.apache.commons.lang3.math.NumberUtilsTest" time="0"/>
  <testcase name="testMaxInt_nullArray" classname="org.apache.commons.lang3.math.NumberUtilsTest" time="0"/>
  <testcase name="testStringToDoubleString" classname="org.apache.commons.lang3.math.NumberUtilsTest" time="0"/>
  <testcase name="testMaximumFloat" classname="org.apache.commons.lang3.math.NumberUtilsTest" time="0"/>
  <testcase name="testMaximumShort" classname="org.apache.commons.lang3.math.NumberUtilsTest" time="0"/>
  <testcase name="testToShortStringI" classname="org.apache.commons.lang3.math.NumberUtilsTest" time="0"/>
  <testcase name="testCreateInteger" classname="org.apache.commons.lang3.math.NumberUtilsTest" time="0"/>
  <testcase name="testToLongStringL" classname="org.apache.commons.lang3.math.NumberUtilsTest" time="0"/>
  <testcase name="testStringToDoubleStringD" classname="org.apache.commons.lang3.math.NumberUtilsTest" time="0"/>
  <testcase name="testToShortString" classname="org.apache.commons.lang3.math.NumberUtilsTest" time="0"/>
  <testcase name="testConstructor" classname="org.apache.commons.lang3.math.NumberUtilsTest" time="0"/>
  <testcase name="testStringCreateNumberEnsureNoPrecisionLoss" classname="org.apache.commons.lang3.math.NumberUtilsTest" time="0"/>
  <testcase name="testMaxByte_nullArray" classname="org.apache.commons.lang3.math.NumberUtilsTest" time="0"/>
  <testcase name="testCreateDouble" classname="org.apache.commons.lang3.math.NumberUtilsTest" time="0"/>
  <testcase name="testMinLong_emptyArray" classname="org.apache.commons.lang3.math.NumberUtilsTest" time="0"/>
</testsuite>