<?xml version="1.0" encoding="UTF-8" ?>
<testsuite tests="59" failures="0" name="org.jsoup.nodes.ElementTest" time="0.011" errors="0" skipped="0">
  <properties>
    <property name="java.runtime.name" value="OpenJDK Runtime Environment"/>
    <property name="sun.boot.library.path" value="/usr/local/openjdk-8/jre/lib/amd64"/>
    <property name="java.vm.version" value="25.262-b10"/>
    <property name="animal.sniffer.skip" value="true"/>
    <property name="java.vm.vendor" value="Oracle Corporation"/>
    <property name="maven.multiModuleProjectDirectory" value="/tmp/tmppqjqrblh/jsoup"/>
    <property name="maven.javadoc.skip" value="true"/>
    <property name="java.vendor.url" value="http://java.oracle.com/"/>
    <property name="path.separator" value=":"/>
    <property name="guice.disable.misplaced.annotation.check" value="true"/>
    <property name="java.vm.name" value="OpenJDK 64-Bit Server VM"/>
    <property name="file.encoding.pkg" value="sun.io"/>
    <property name="sun.java.launcher" value="SUN_STANDARD"/>
    <property name="sun.os.patch.level" value="unknown"/>
    <property name="source.skip" value="true"/>
    <property name="java.vm.specification.name" value="Java Virtual Machine Specification"/>
    <property name="user.dir" value="/tmp/tmppqjqrblh/jsoup"/>
    <property name="java.runtime.version" value="1.8.0_262-b10"/>
    <property name="java.awt.graphicsenv" value="sun.awt.X11GraphicsEnvironment"/>
    <property name="java.endorsed.dirs" value="/usr/local/openjdk-8/jre/lib/endorsed"/>
    <property name="os.arch" value="amd64"/>
    <property name="java.io.tmpdir" value="/tmp"/>
    <property name="line.separator" value="
"/>
    <property name="java.vm.specification.vendor" value="Oracle Corporation"/>
    <property name="os.name" value="Linux"/>
    <property name="classworlds.conf" value="/usr/share/maven/bin/m2.conf"/>
    <property name="maven.test.error.ignore" value="true"/>
    <property name="sun.jnu.encoding" value="UTF-8"/>
    <property name="java.library.path" value="/usr/java/packages/lib/amd64:/usr/lib64:/lib64:/lib:/usr/lib"/>
    <property name="license.skip" value="true"/>
    <property name="maven.conf" value="/usr/share/maven/conf"/>
    <property name="java.specification.name" value="Java Platform API Specification"/>
    <property name="java.class.version" value="52.0"/>
    <property name="sun.management.compiler" value="HotSpot 64-Bit Tiered Compilers"/>
    <property name="maven.test.failure.ignore" value="true"/>
    <property name="os.version" value="4.15.0-109-generic"/>
    <property name="library.jansi.path" value="/usr/share/maven/lib/jansi-native"/>
    <property name="user.home" value="/home/jdbl"/>
    <property name="user.timezone" value="Etc/UTC"/>
    <property name="java.awt.printerjob" value="sun.print.PSPrinterJob"/>
    <property name="java.specification.version" value="1.8"/>
    <property name="file.encoding" value="UTF-8"/>
    <property name="user.name" value="jdbl"/>
    <property name="java.class.path" value="/usr/share/maven/boot/plexus-classworlds-2.6.0.jar"/>
    <property name="java.vm.specification.version" value="1.8"/>
    <property name="sun.arch.data.model" value="64"/>
    <property name="java.home" value="/usr/local/openjdk-8/jre"/>
    <property name="sun.java.command" value="org.codehaus.plexus.classworlds.launcher.Launcher package -e --fail-never -ntp -Dmaven.test.error.ignore=true -Dmaven.test.failure.ignore=true -B -Dmaven.javadoc.skip=true -Drat.skip=true -Danimal.sniffer.skip=true -Dmaven.javadoc.skip=true -Dlicense.skip=true -Dsource.skip=true"/>
    <property name="java.specification.vendor" value="Oracle Corporation"/>
    <property name="user.language" value="en"/>
    <property name="awt.toolkit" value="sun.awt.X11.XToolkit"/>
    <property name="java.vm.info" value="mixed mode"/>
    <property name="java.version" value="1.8.0_262"/>
    <property name="java.ext.dirs" value="/usr/local/openjdk-8/jre/lib/ext:/usr/java/packages/lib/ext"/>
    <property name="securerandom.source" value="file:/dev/./urandom"/>
    <property name="sun.boot.class.path" value="/usr/local/openjdk-8/jre/lib/resources.jar:/usr/local/openjdk-8/jre/lib/rt.jar:/usr/local/openjdk-8/jre/lib/sunrsasign.jar:/usr/local/openjdk-8/jre/lib/jsse.jar:/usr/local/openjdk-8/jre/lib/jce.jar:/usr/local/openjdk-8/jre/lib/charsets.jar:/usr/local/openjdk-8/jre/lib/jfr.jar:/usr/local/openjdk-8/jre/classes"/>
    <property name="java.vendor" value="Oracle Corporation"/>
    <property name="rat.skip" value="true"/>
    <property name="maven.home" value="/usr/share/maven"/>
    <property name="file.separator" value="/"/>
    <property name="java.vendor.url.bug" value="http://bugreport.sun.com/bugreport/"/>
    <property name="sun.cpu.endian" value="little"/>
    <property name="sun.io.unicode.encoding" value="UnicodeLittle"/>
    <property name="sun.cpu.isalist" value=""/>
  </properties>
  <testcase classname="org.jsoup.nodes.ElementTest" name="before" time="0.001"/>
  <testcase classname="org.jsoup.nodes.ElementTest" name="after" time="0"/>
  <testcase classname="org.jsoup.nodes.ElementTest" name="testGetChildText" time="0"/>
  <testcase classname="org.jsoup.nodes.ElementTest" name="testGetText" time="0"/>
  <testcase classname="org.jsoup.nodes.ElementTest" name="testGetSiblings" time="0"/>
  <testcase classname="org.jsoup.nodes.ElementTest" name="testGetParents" time="0"/>
  <testcase classname="org.jsoup.nodes.ElementTest" name="testGetElementsWithAttributeValue" time="0.001"/>
  <testcase classname="org.jsoup.nodes.ElementTest" name="testKeepsPreText" time="0"/>
  <testcase classname="org.jsoup.nodes.ElementTest" name="testChildThrowsIndexOutOfBoundsOnMissing" time="0"/>
  <testcase classname="org.jsoup.nodes.ElementTest" name="testElementSiblingIndex" time="0"/>
  <testcase classname="org.jsoup.nodes.ElementTest" name="testGetElementsWithClass" time="0"/>
  <testcase classname="org.jsoup.nodes.ElementTest" name="testBrHasSpace" time="0"/>
  <testcase classname="org.jsoup.nodes.ElementTest" name="testInnerHtml" time="0"/>
  <testcase classname="org.jsoup.nodes.ElementTest" name="testFormatHtml" time="0"/>
  <testcase classname="org.jsoup.nodes.ElementTest" name="testFormatOutline" time="0.001"/>
  <testcase classname="org.jsoup.nodes.ElementTest" name="testSetIndent" time="0"/>
  <testcase classname="org.jsoup.nodes.ElementTest" name="testNotPretty" time="0"/>
  <testcase classname="org.jsoup.nodes.ElementTest" name="testEmptyElementFormatHtml" time="0"/>
  <testcase classname="org.jsoup.nodes.ElementTest" name="testNoIndentOnScriptAndStyle" time="0.001"/>
  <testcase classname="org.jsoup.nodes.ElementTest" name="testContainerOutput" time="0"/>
  <testcase classname="org.jsoup.nodes.ElementTest" name="testSetText" time="0"/>
  <testcase classname="org.jsoup.nodes.ElementTest" name="testAddNewElement" time="0"/>
  <testcase classname="org.jsoup.nodes.ElementTest" name="testAppendRowToTable" time="0.001"/>
  <testcase classname="org.jsoup.nodes.ElementTest" name="testPrependRowToTable" time="0"/>
  <testcase classname="org.jsoup.nodes.ElementTest" name="testPrependElement" time="0"/>
  <testcase classname="org.jsoup.nodes.ElementTest" name="testAddNewText" time="0"/>
  <testcase classname="org.jsoup.nodes.ElementTest" name="testPrependText" time="0"/>
  <testcase classname="org.jsoup.nodes.ElementTest" name="testNormalisesText" time="0"/>
  <testcase classname="org.jsoup.nodes.ElementTest" name="testAddNewHtml" time="0"/>
  <testcase classname="org.jsoup.nodes.ElementTest" name="testPrependNewHtml" time="0"/>
  <testcase classname="org.jsoup.nodes.ElementTest" name="testSetHtml" time="0"/>
  <testcase classname="org.jsoup.nodes.ElementTest" name="testSetHtmlTitle" time="0.001"/>
  <testcase classname="org.jsoup.nodes.ElementTest" name="testWrap" time="0"/>
  <testcase classname="org.jsoup.nodes.ElementTest" name="testWrapWithRemainder" time="0"/>
  <testcase classname="org.jsoup.nodes.ElementTest" name="testHasText" time="0"/>
  <testcase classname="org.jsoup.nodes.ElementTest" name="parentlessToString" time="0.001"/>
  <testcase classname="org.jsoup.nodes.ElementTest" name="testClone" time="0"/>
  <testcase classname="org.jsoup.nodes.ElementTest" name="testClonesClassnames" time="0"/>
  <testcase classname="org.jsoup.nodes.ElementTest" name="testTagNameSet" time="0"/>
  <testcase classname="org.jsoup.nodes.ElementTest" name="testHtmlContainsOuter" time="0"/>
  <testcase classname="org.jsoup.nodes.ElementTest" name="testGetTextNodes" time="0.001"/>
  <testcase classname="org.jsoup.nodes.ElementTest" name="testManipulateTextNodes" time="0"/>
  <testcase classname="org.jsoup.nodes.ElementTest" name="testGetDataNodes" time="0"/>
  <testcase classname="org.jsoup.nodes.ElementTest" name="elementIsNotASiblingOfItself" time="0"/>
  <testcase classname="org.jsoup.nodes.ElementTest" name="moveByAppend" time="0"/>
  <testcase classname="org.jsoup.nodes.ElementTest" name="insertChildrenArgumentValidation" time="0"/>
  <testcase classname="org.jsoup.nodes.ElementTest" name="insertChildrenAtPosition" time="0"/>
  <testcase classname="org.jsoup.nodes.ElementTest" name="insertChildrenAsCopy" time="0.001"/>
  <testcase classname="org.jsoup.nodes.ElementTest" name="testCssPath" time="0"/>
  <testcase classname="org.jsoup.nodes.ElementTest" name="getElementsByTagName" time="0"/>
  <testcase classname="org.jsoup.nodes.ElementTest" name="getNamespacedElementsByTag" time="0.001"/>
  <testcase classname="org.jsoup.nodes.ElementTest" name="testGetElementById" time="0"/>
  <testcase classname="org.jsoup.nodes.ElementTest" name="testGetElementsWithAttribute" time="0"/>
  <testcase classname="org.jsoup.nodes.ElementTest" name="testGetElementsWithAttributeDash" time="0"/>
  <testcase classname="org.jsoup.nodes.ElementTest" name="testClassDomMethods" time="0"/>
  <testcase classname="org.jsoup.nodes.ElementTest" name="testClassUpdates" time="0"/>
  <testcase classname="org.jsoup.nodes.ElementTest" name="testOuterHtml" time="0"/>
  <testcase classname="org.jsoup.nodes.ElementTest" name="dataset" time="0.001"/>
  <testcase classname="org.jsoup.nodes.ElementTest" name="testKeepsPreTextInCode" time="0"/>
</testsuite>