<?xml version="1.0" encoding="UTF-8"?>
<testsuite name="org.apache.commons.math3.linear.SparseRealVectorTest" time="0.075" tests="106" errors="0" skipped="0" failures="0">
  <properties>
    <property name="java.runtime.name" value="OpenJDK Runtime Environment"/>
    <property name="sun.boot.library.path" value="/usr/local/openjdk-8/jre/lib/amd64"/>
    <property name="java.vm.version" value="25.262-b10"/>
    <property name="animal.sniffer.skip" value="true"/>
    <property name="java.vm.vendor" value="Oracle Corporation"/>
    <property name="maven.multiModuleProjectDirectory" value="/tmp/tmpd_stv_ak/commons-math"/>
    <property name="maven.javadoc.skip" value="true"/>
    <property name="java.vendor.url" value="http://java.oracle.com/"/>
    <property name="path.separator" value=":"/>
    <property name="guice.disable.misplaced.annotation.check" value="true"/>
    <property name="java.vm.name" value="OpenJDK 64-Bit Server VM"/>
    <property name="file.encoding.pkg" value="sun.io"/>
    <property name="sun.java.launcher" value="SUN_STANDARD"/>
    <property name="sun.os.patch.level" value="unknown"/>
    <property name="source.skip" value="true"/>
    <property name="java.vm.specification.name" value="Java Virtual Machine Specification"/>
    <property name="user.dir" value="/tmp/tmpd_stv_ak/commons-math"/>
    <property name="java.runtime.version" value="1.8.0_262-b10"/>
    <property name="java.awt.graphicsenv" value="sun.awt.X11GraphicsEnvironment"/>
    <property name="java.endorsed.dirs" value="/usr/local/openjdk-8/jre/lib/endorsed"/>
    <property name="os.arch" value="amd64"/>
    <property name="java.io.tmpdir" value="/tmp"/>
    <property name="line.separator" value="&#10;"/>
    <property name="java.vm.specification.vendor" value="Oracle Corporation"/>
    <property name="os.name" value="Linux"/>
    <property name="classworlds.conf" value="/usr/share/maven/bin/m2.conf"/>
    <property name="maven.test.error.ignore" value="true"/>
    <property name="sun.jnu.encoding" value="UTF-8"/>
    <property name="java.library.path" value="/usr/java/packages/lib/amd64:/usr/lib64:/lib64:/lib:/usr/lib"/>
    <property name="license.skip" value="true"/>
    <property name="maven.conf" value="/usr/share/maven/conf"/>
    <property name="java.specification.name" value="Java Platform API Specification"/>
    <property name="java.class.version" value="52.0"/>
    <property name="sun.management.compiler" value="HotSpot 64-Bit Tiered Compilers"/>
    <property name="maven.test.failure.ignore" value="true"/>
    <property name="os.version" value="4.15.0-109-generic"/>
    <property name="library.jansi.path" value="/usr/share/maven/lib/jansi-native"/>
    <property name="user.home" value="/home/jdbl"/>
    <property name="user.timezone" value="Etc/UTC"/>
    <property name="java.awt.printerjob" value="sun.print.PSPrinterJob"/>
    <property name="java.specification.version" value="1.8"/>
    <property name="file.encoding" value="UTF-8"/>
    <property name="user.name" value="jdbl"/>
    <property name="java.class.path" value="/usr/share/maven/boot/plexus-classworlds-2.6.0.jar"/>
    <property name="java.vm.specification.version" value="1.8"/>
    <property name="sun.arch.data.model" value="64"/>
    <property name="java.home" value="/usr/local/openjdk-8/jre"/>
    <property name="sun.java.command" value="org.codehaus.plexus.classworlds.launcher.Launcher package -e --fail-never -ntp -Dmaven.test.error.ignore=true -Dmaven.test.failure.ignore=true -B -Dmaven.javadoc.skip=true -Drat.skip=true -Danimal.sniffer.skip=true -Dmaven.javadoc.skip=true -Dlicense.skip=true -Dsource.skip=true"/>
    <property name="java.specification.vendor" value="Oracle Corporation"/>
    <property name="user.language" value="en"/>
    <property name="awt.toolkit" value="sun.awt.X11.XToolkit"/>
    <property name="java.vm.info" value="mixed mode"/>
    <property name="java.version" value="1.8.0_262"/>
    <property name="java.ext.dirs" value="/usr/local/openjdk-8/jre/lib/ext:/usr/java/packages/lib/ext"/>
    <property name="securerandom.source" value="file:/dev/./urandom"/>
    <property name="sun.boot.class.path" value="/usr/local/openjdk-8/jre/lib/resources.jar:/usr/local/openjdk-8/jre/lib/rt.jar:/usr/local/openjdk-8/jre/lib/sunrsasign.jar:/usr/local/openjdk-8/jre/lib/jsse.jar:/usr/local/openjdk-8/jre/lib/jce.jar:/usr/local/openjdk-8/jre/lib/charsets.jar:/usr/local/openjdk-8/jre/lib/jfr.jar:/usr/local/openjdk-8/jre/classes"/>
    <property name="java.vendor" value="Oracle Corporation"/>
    <property name="rat.skip" value="true"/>
    <property name="maven.home" value="/usr/share/maven"/>
    <property name="file.separator" value="/"/>
    <property name="java.vendor.url.bug" value="http://bugreport.sun.com/bugreport/"/>
    <property name="sun.cpu.endian" value="little"/>
    <property name="sun.io.unicode.encoding" value="UnicodeLittle"/>
    <property name="sun.cpu.isalist" value=""/>
  </properties>
  <testcase name="testConstructors" classname="org.apache.commons.math3.linear.SparseRealVectorTest" time="0"/>
  <testcase name="testEbeMultiplyMixedTypes" classname="org.apache.commons.math3.linear.SparseRealVectorTest" time="0"/>
  <testcase name="testEbeDivideSameType" classname="org.apache.commons.math3.linear.SparseRealVectorTest" time="0"/>
  <testcase name="testEbeMultiplySameType" classname="org.apache.commons.math3.linear.SparseRealVectorTest" time="0"/>
  <testcase name="testConcurrentModification" classname="org.apache.commons.math3.linear.SparseRealVectorTest" time="0"/>
  <testcase name="testAddMixedTypes" classname="org.apache.commons.math3.linear.SparseRealVectorTest" time="0.001"/>
  <testcase name="testProjectionSameType" classname="org.apache.commons.math3.linear.SparseRealVectorTest" time="0"/>
  <testcase name="testWalkInOptimizedOrderChangingVisitor1" classname="org.apache.commons.math3.linear.SparseRealVectorTest" time="0"/>
  <testcase name="testWalkInOptimizedOrderChangingVisitor2" classname="org.apache.commons.math3.linear.SparseRealVectorTest" time="0"/>
  <testcase name="testWalkInOptimizedOrderChangingVisitor3" classname="org.apache.commons.math3.linear.SparseRealVectorTest" time="0"/>
  <testcase name="testAppendScalar" classname="org.apache.commons.math3.linear.SparseRealVectorTest" time="0"/>
  <testcase name="testOuterProductMixedTypes" classname="org.apache.commons.math3.linear.SparseRealVectorTest" time="0"/>
  <testcase name="testEbeDivideDimensionMismatch" classname="org.apache.commons.math3.linear.SparseRealVectorTest" time="0"/>
  <testcase name="testAppendVector" classname="org.apache.commons.math3.linear.SparseRealVectorTest" time="0"/>
  <testcase name="testCombineMixedTypes" classname="org.apache.commons.math3.linear.SparseRealVectorTest" time="0.024"/>
  <testcase name="testGetEntry" classname="org.apache.commons.math3.linear.SparseRealVectorTest" time="0"/>
  <testcase name="testEbeMultiplyDimensionMismatch" classname="org.apache.commons.math3.linear.SparseRealVectorTest" time="0"/>
  <testcase name="testUnitizeNullVector" classname="org.apache.commons.math3.linear.SparseRealVectorTest" time="0"/>
  <testcase name="testToArray" classname="org.apache.commons.math3.linear.SparseRealVectorTest" time="0"/>
  <testcase name="testSubtractSameType" classname="org.apache.commons.math3.linear.SparseRealVectorTest" time="0"/>
  <testcase name="testMap" classname="org.apache.commons.math3.linear.SparseRealVectorTest" time="0"/>
  <testcase name="testSet" classname="org.apache.commons.math3.linear.SparseRealVectorTest" time="0.001"/>
  <testcase name="testOuterProductSameType" classname="org.apache.commons.math3.linear.SparseRealVectorTest" time="0"/>
  <testcase name="testIsInfinite" classname="org.apache.commons.math3.linear.SparseRealVectorTest" time="0"/>
  <testcase name="testGetLInfDistanceMixedTypes" classname="org.apache.commons.math3.linear.SparseRealVectorTest" time="0"/>
  <testcase name="testSetSubVectorInvalidIndex1" classname="org.apache.commons.math3.linear.SparseRealVectorTest" time="0"/>
  <testcase name="testSetSubVectorInvalidIndex2" classname="org.apache.commons.math3.linear.SparseRealVectorTest" time="0"/>
  <testcase name="testSetSubVectorInvalidIndex3" classname="org.apache.commons.math3.linear.SparseRealVectorTest" time="0"/>
  <testcase name="testCombineDimensionMismatchMixedTypes" classname="org.apache.commons.math3.linear.SparseRealVectorTest" time="0"/>
  <testcase name="testMapDivideToSelf" classname="org.apache.commons.math3.linear.SparseRealVectorTest" time="0"/>
  <testcase name="testIsNaN" classname="org.apache.commons.math3.linear.SparseRealVectorTest" time="0"/>
  <testcase name="testMapMultiplyToSelf" classname="org.apache.commons.math3.linear.SparseRealVectorTest" time="0"/>
  <testcase name="testWalkInDefaultOrderChangingVisitor1" classname="org.apache.commons.math3.linear.SparseRealVectorTest" time="0"/>
  <testcase name="testWalkInDefaultOrderChangingVisitor2" classname="org.apache.commons.math3.linear.SparseRealVectorTest" time="0"/>
  <testcase name="testWalkInDefaultOrderChangingVisitor3" classname="org.apache.commons.math3.linear.SparseRealVectorTest" time="0"/>
  <testcase name="testCopy" classname="org.apache.commons.math3.linear.SparseRealVectorTest" time="0.001"/>
  <testcase name="testSetEntryInvalidIndex1" classname="org.apache.commons.math3.linear.SparseRealVectorTest" time="0"/>
  <testcase name="testSetEntryInvalidIndex2" classname="org.apache.commons.math3.linear.SparseRealVectorTest" time="0"/>
  <testcase name="testSubtractMixedTypes" classname="org.apache.commons.math3.linear.SparseRealVectorTest" time="0"/>
  <testcase name="testCosineLeftNullVector" classname="org.apache.commons.math3.linear.SparseRealVectorTest" time="0"/>
  <testcase name="testCombineDimensionMismatchSameType" classname="org.apache.commons.math3.linear.SparseRealVectorTest" time="0"/>
  <testcase name="testGetL1DistanceDimensionMismatch" classname="org.apache.commons.math3.linear.SparseRealVectorTest" time="0"/>
  <testcase name="testEbeDivideMixedTypes" classname="org.apache.commons.math3.linear.SparseRealVectorTest" time="0"/>
  <testcase name="testCosineMixedTypes" classname="org.apache.commons.math3.linear.SparseRealVectorTest" time="0"/>
  <testcase name="testDotProductSameType" classname="org.apache.commons.math3.linear.SparseRealVectorTest" time="0.001"/>
  <testcase name="testMapMultiply" classname="org.apache.commons.math3.linear.SparseRealVectorTest" time="0"/>
  <testcase name="testUnitize" classname="org.apache.commons.math3.linear.SparseRealVectorTest" time="0"/>
  <testcase name="testGetNorm" classname="org.apache.commons.math3.linear.SparseRealVectorTest" time="0"/>
  <testcase name="testDotProductDimensionMismatchMixedTypes" classname="org.apache.commons.math3.linear.SparseRealVectorTest" time="0"/>
  <testcase name="testCosineRightNullVector" classname="org.apache.commons.math3.linear.SparseRealVectorTest" time="0"/>
  <testcase name="testCombineToSelfDimensionMismatchMixedTypes" classname="org.apache.commons.math3.linear.SparseRealVectorTest" time="0"/>
  <testcase name="testCosineSameType" classname="org.apache.commons.math3.linear.SparseRealVectorTest" time="0"/>
  <testcase name="testMapSubtractToSelf" classname="org.apache.commons.math3.linear.SparseRealVectorTest" time="0"/>
  <testcase name="testProjectionMixedTypes" classname="org.apache.commons.math3.linear.SparseRealVectorTest" time="0"/>
  <testcase name="testGetDimension" classname="org.apache.commons.math3.linear.SparseRealVectorTest" time="0"/>
  <testcase name="testCombineToSelfSameType" classname="org.apache.commons.math3.linear.SparseRealVectorTest" time="0.016"/>
  <testcase name="testGetLInfNorm" classname="org.apache.commons.math3.linear.SparseRealVectorTest" time="0"/>
  <testcase name="testAddToEntry" classname="org.apache.commons.math3.linear.SparseRealVectorTest" time="0"/>
  <testcase name="testGetDistanceDimensionMismatch" classname="org.apache.commons.math3.linear.SparseRealVectorTest" time="0"/>
  <testcase name="testAddSameType" classname="org.apache.commons.math3.linear.SparseRealVectorTest" time="0.001"/>
  <testcase name="testGetDistanceSameType" classname="org.apache.commons.math3.linear.SparseRealVectorTest" time="0"/>
  <testcase name="testCombineToSelfMixedTypes" classname="org.apache.commons.math3.linear.SparseRealVectorTest" time="0.014"/>
  <testcase name="testGetL1DistanceSameType" classname="org.apache.commons.math3.linear.SparseRealVectorTest" time="0"/>
  <testcase name="testGetEntryInvalidIndex1" classname="org.apache.commons.math3.linear.SparseRealVectorTest" time="0"/>
  <testcase name="testGetEntryInvalidIndex2" classname="org.apache.commons.math3.linear.SparseRealVectorTest" time="0"/>
  <testcase name="testCombineSameType" classname="org.apache.commons.math3.linear.SparseRealVectorTest" time="0.014"/>
  <testcase name="testProjectionDimensionMismatch" classname="org.apache.commons.math3.linear.SparseRealVectorTest" time="0"/>
  <testcase name="testGetSubVector" classname="org.apache.commons.math3.linear.SparseRealVectorTest" time="0"/>
  <testcase name="testGetLInfDistanceDimensionMismatch" classname="org.apache.commons.math3.linear.SparseRealVectorTest" time="0"/>
  <testcase name="testMapSubtract" classname="org.apache.commons.math3.linear.SparseRealVectorTest" time="0"/>
  <testcase name="testDotProductMixedTypes" classname="org.apache.commons.math3.linear.SparseRealVectorTest" time="0"/>
  <testcase name="testAddDimensionMismatch" classname="org.apache.commons.math3.linear.SparseRealVectorTest" time="0"/>
  <testcase name="testAddToEntryInvalidIndex1" classname="org.apache.commons.math3.linear.SparseRealVectorTest" time="0"/>
  <testcase name="testAddToEntryInvalidIndex2" classname="org.apache.commons.math3.linear.SparseRealVectorTest" time="0"/>
  <testcase name="testMapDivide" classname="org.apache.commons.math3.linear.SparseRealVectorTest" time="0"/>
  <testcase name="testSetSubVectorMixedType" classname="org.apache.commons.math3.linear.SparseRealVectorTest" time="0"/>
  <testcase name="testUnitVectorNullVector" classname="org.apache.commons.math3.linear.SparseRealVectorTest" time="0"/>
  <testcase name="testMapAddToSelf" classname="org.apache.commons.math3.linear.SparseRealVectorTest" time="0"/>
  <testcase name="testGetL1Norm" classname="org.apache.commons.math3.linear.SparseRealVectorTest" time="0"/>
  <testcase name="testGetLInfDistanceSameType" classname="org.apache.commons.math3.linear.SparseRealVectorTest" time="0"/>
  <testcase name="testCosineDimensionMismatch" classname="org.apache.commons.math3.linear.SparseRealVectorTest" time="0"/>
  <testcase name="testEquals" classname="org.apache.commons.math3.linear.SparseRealVectorTest" time="0"/>
  <testcase name="testDotProductDimensionMismatchSameType" classname="org.apache.commons.math3.linear.SparseRealVectorTest" time="0"/>
  <testcase name="testGetDistanceMixedTypes" classname="org.apache.commons.math3.linear.SparseRealVectorTest" time="0"/>
  <testcase name="testMapAdd" classname="org.apache.commons.math3.linear.SparseRealVectorTest" time="0"/>
  <testcase name="testMinMax" classname="org.apache.commons.math3.linear.SparseRealVectorTest" time="0"/>
  <testcase name="testUnitVector" classname="org.apache.commons.math3.linear.SparseRealVectorTest" time="0"/>
  <testcase name="testProjectionNullVector" classname="org.apache.commons.math3.linear.SparseRealVectorTest" time="0"/>
  <testcase name="testMapToSelf" classname="org.apache.commons.math3.linear.SparseRealVectorTest" time="0"/>
  <testcase name="testWalkInDefaultOrderPreservingVisitor1" classname="org.apache.commons.math3.linear.SparseRealVectorTest" time="0"/>
  <testcase name="testWalkInDefaultOrderPreservingVisitor2" classname="org.apache.commons.math3.linear.SparseRealVectorTest" time="0"/>
  <testcase name="testWalkInDefaultOrderPreservingVisitor3" classname="org.apache.commons.math3.linear.SparseRealVectorTest" time="0"/>
  <testcase name="testSubtractDimensionMismatch" classname="org.apache.commons.math3.linear.SparseRealVectorTest" time="0"/>
  <testcase name="testCombineToSelfDimensionMismatchSameType" classname="org.apache.commons.math3.linear.SparseRealVectorTest" time="0"/>
  <testcase name="testWalkInOptimizedOrderPreservingVisitor1" classname="org.apache.commons.math3.linear.SparseRealVectorTest" time="0"/>
  <testcase name="testWalkInOptimizedOrderPreservingVisitor2" classname="org.apache.commons.math3.linear.SparseRealVectorTest" time="0"/>
  <testcase name="testWalkInOptimizedOrderPreservingVisitor3" classname="org.apache.commons.math3.linear.SparseRealVectorTest" time="0"/>
  <testcase name="testSetSubVectorSameType" classname="org.apache.commons.math3.linear.SparseRealVectorTest" time="0"/>
  <testcase name="testSerial" classname="org.apache.commons.math3.linear.SparseRealVectorTest" time="0"/>
  <testcase name="testGetL1DistanceMixedTypes" classname="org.apache.commons.math3.linear.SparseRealVectorTest" time="0"/>
  <testcase name="testIterator" classname="org.apache.commons.math3.linear.SparseRealVectorTest" time="0"/>
  <testcase name="testSetEntry" classname="org.apache.commons.math3.linear.SparseRealVectorTest" time="0"/>
  <testcase name="testGetSubVectorInvalidIndex1" classname="org.apache.commons.math3.linear.SparseRealVectorTest" time="0"/>
  <testcase name="testGetSubVectorInvalidIndex2" classname="org.apache.commons.math3.linear.SparseRealVectorTest" time="0"/>
  <testcase name="testGetSubVectorInvalidIndex3" classname="org.apache.commons.math3.linear.SparseRealVectorTest" time="0"/>
  <testcase name="testGetSubVectorInvalidIndex4" classname="org.apache.commons.math3.linear.SparseRealVectorTest" time="0.002"/>
</testsuite>