<?xml version="1.0" encoding="UTF-8"?>
<testsuite name="org.apache.commons.math3.random.BitsStreamGeneratorTest" time="3.741" tests="62" errors="0" skipped="0" failures="0">
  <properties>
    <property name="java.runtime.name" value="OpenJDK Runtime Environment"/>
    <property name="sun.boot.library.path" value="/usr/local/openjdk-8/jre/lib/amd64"/>
    <property name="java.vm.version" value="25.262-b10"/>
    <property name="animal.sniffer.skip" value="true"/>
    <property name="java.vm.vendor" value="Oracle Corporation"/>
    <property name="maven.multiModuleProjectDirectory" value="/tmp/tmpd_stv_ak/commons-math"/>
    <property name="maven.javadoc.skip" value="true"/>
    <property name="java.vendor.url" value="http://java.oracle.com/"/>
    <property name="path.separator" value=":"/>
    <property name="guice.disable.misplaced.annotation.check" value="true"/>
    <property name="java.vm.name" value="OpenJDK 64-Bit Server VM"/>
    <property name="file.encoding.pkg" value="sun.io"/>
    <property name="sun.java.launcher" value="SUN_STANDARD"/>
    <property name="sun.os.patch.level" value="unknown"/>
    <property name="source.skip" value="true"/>
    <property name="java.vm.specification.name" value="Java Virtual Machine Specification"/>
    <property name="user.dir" value="/tmp/tmpd_stv_ak/commons-math"/>
    <property name="java.runtime.version" value="1.8.0_262-b10"/>
    <property name="java.awt.graphicsenv" value="sun.awt.X11GraphicsEnvironment"/>
    <property name="java.endorsed.dirs" value="/usr/local/openjdk-8/jre/lib/endorsed"/>
    <property name="os.arch" value="amd64"/>
    <property name="java.io.tmpdir" value="/tmp"/>
    <property name="line.separator" value="&#10;"/>
    <property name="java.vm.specification.vendor" value="Oracle Corporation"/>
    <property name="os.name" value="Linux"/>
    <property name="classworlds.conf" value="/usr/share/maven/bin/m2.conf"/>
    <property name="maven.test.error.ignore" value="true"/>
    <property name="sun.jnu.encoding" value="UTF-8"/>
    <property name="java.library.path" value="/usr/java/packages/lib/amd64:/usr/lib64:/lib64:/lib:/usr/lib"/>
    <property name="license.skip" value="true"/>
    <property name="maven.conf" value="/usr/share/maven/conf"/>
    <property name="java.specification.name" value="Java Platform API Specification"/>
    <property name="java.class.version" value="52.0"/>
    <property name="sun.management.compiler" value="HotSpot 64-Bit Tiered Compilers"/>
    <property name="maven.test.failure.ignore" value="true"/>
    <property name="os.version" value="4.15.0-109-generic"/>
    <property name="library.jansi.path" value="/usr/share/maven/lib/jansi-native"/>
    <property name="user.home" value="/home/jdbl"/>
    <property name="user.timezone" value="Etc/UTC"/>
    <property name="java.awt.printerjob" value="sun.print.PSPrinterJob"/>
    <property name="java.specification.version" value="1.8"/>
    <property name="file.encoding" value="UTF-8"/>
    <property name="user.name" value="jdbl"/>
    <property name="java.class.path" value="/usr/share/maven/boot/plexus-classworlds-2.6.0.jar"/>
    <property name="java.vm.specification.version" value="1.8"/>
    <property name="sun.arch.data.model" value="64"/>
    <property name="java.home" value="/usr/local/openjdk-8/jre"/>
    <property name="sun.java.command" value="org.codehaus.plexus.classworlds.launcher.Launcher package -e --fail-never -ntp -Dmaven.test.error.ignore=true -Dmaven.test.failure.ignore=true -B -Dmaven.javadoc.skip=true -Drat.skip=true -Danimal.sniffer.skip=true -Dmaven.javadoc.skip=true -Dlicense.skip=true -Dsource.skip=true"/>
    <property name="java.specification.vendor" value="Oracle Corporation"/>
    <property name="user.language" value="en"/>
    <property name="awt.toolkit" value="sun.awt.X11.XToolkit"/>
    <property name="java.vm.info" value="mixed mode"/>
    <property name="java.version" value="1.8.0_262"/>
    <property name="java.ext.dirs" value="/usr/local/openjdk-8/jre/lib/ext:/usr/java/packages/lib/ext"/>
    <property name="securerandom.source" value="file:/dev/./urandom"/>
    <property name="sun.boot.class.path" value="/usr/local/openjdk-8/jre/lib/resources.jar:/usr/local/openjdk-8/jre/lib/rt.jar:/usr/local/openjdk-8/jre/lib/sunrsasign.jar:/usr/local/openjdk-8/jre/lib/jsse.jar:/usr/local/openjdk-8/jre/lib/jce.jar:/usr/local/openjdk-8/jre/lib/charsets.jar:/usr/local/openjdk-8/jre/lib/jfr.jar:/usr/local/openjdk-8/jre/classes"/>
    <property name="java.vendor" value="Oracle Corporation"/>
    <property name="rat.skip" value="true"/>
    <property name="maven.home" value="/usr/share/maven"/>
    <property name="file.separator" value="/"/>
    <property name="java.vendor.url.bug" value="http://bugreport.sun.com/bugreport/"/>
    <property name="sun.cpu.endian" value="little"/>
    <property name="sun.io.unicode.encoding" value="UnicodeLittle"/>
    <property name="sun.cpu.isalist" value=""/>
  </properties>
  <testcase name="testNextIntIAE2" classname="org.apache.commons.math3.random.BitsStreamGeneratorTest" time="0.001"/>
  <testcase name="testNextIntDirect" classname="org.apache.commons.math3.random.BitsStreamGeneratorTest" time="0.684"/>
  <testcase name="testNextFloatDirect" classname="org.apache.commons.math3.random.BitsStreamGeneratorTest" time="0"/>
  <testcase name="testNextBooleanDirect" classname="org.apache.commons.math3.random.BitsStreamGeneratorTest" time="0"/>
  <testcase name="testNextLongDirect" classname="org.apache.commons.math3.random.BitsStreamGeneratorTest" time="0"/>
  <testcase name="testNexBoolean2" classname="org.apache.commons.math3.random.BitsStreamGeneratorTest" time="0"/>
  <testcase name="testFloatDirect" classname="org.apache.commons.math3.random.BitsStreamGeneratorTest" time="0.001"/>
  <testcase name="testSeeding" classname="org.apache.commons.math3.random.BitsStreamGeneratorTest" time="0"/>
  <testcase name="testDoubleDirect" classname="org.apache.commons.math3.random.BitsStreamGeneratorTest" time="0.001"/>
  <testcase name="testNextLong2" classname="org.apache.commons.math3.random.BitsStreamGeneratorTest" time="0"/>
  <testcase name="testNextIntNeg" classname="org.apache.commons.math3.random.BitsStreamGeneratorTest" time="0"/>
  <testcase name="testNexBytes" classname="org.apache.commons.math3.random.BitsStreamGeneratorTest" time="0.006"/>
  <testcase name="testNextInt2" classname="org.apache.commons.math3.random.BitsStreamGeneratorTest" time="0"/>
  <testcase name="testNextPascal" classname="org.apache.commons.math3.random.BitsStreamGeneratorTest" time="0.003"/>
  <testcase name="testNextSample" classname="org.apache.commons.math3.random.BitsStreamGeneratorTest" time="0.001"/>
  <testcase name="testNextLongNegativeRange" classname="org.apache.commons.math3.random.BitsStreamGeneratorTest" time="0.003"/>
  <testcase name="testNextIntNegativeToPositiveRange" classname="org.apache.commons.math3.random.BitsStreamGeneratorTest" time="0.001"/>
  <testcase name="testNextIntExtremeValues" classname="org.apache.commons.math3.random.BitsStreamGeneratorTest" time="0"/>
  <testcase name="testNextUniformExclusiveEndpoints" classname="org.apache.commons.math3.random.BitsStreamGeneratorTest" time="0"/>
  <testcase name="testNextGaussian" classname="org.apache.commons.math3.random.BitsStreamGeneratorTest" time="0"/>
  <testcase name="testNextUniformExtremeValues" classname="org.apache.commons.math3.random.BitsStreamGeneratorTest" time="0"/>
  <testcase name="testNextSecureLongIAE" classname="org.apache.commons.math3.random.BitsStreamGeneratorTest" time="0"/>
  <testcase name="testNextF" classname="org.apache.commons.math3.random.BitsStreamGeneratorTest" time="0.009"/>
  <testcase name="testNextT" classname="org.apache.commons.math3.random.BitsStreamGeneratorTest" time="0.007"/>
  <testcase name="testNextSecureIntNegativeToPositiveRange" classname="org.apache.commons.math3.random.BitsStreamGeneratorTest" time="0"/>
  <testcase name="testNextChiSquare" classname="org.apache.commons.math3.random.BitsStreamGeneratorTest" time="0.012"/>
  <testcase name="testNextSecureHex" classname="org.apache.commons.math3.random.BitsStreamGeneratorTest" time="0"/>
  <testcase name="testNextPoissonConsistency" classname="org.apache.commons.math3.random.BitsStreamGeneratorTest" time="2.295"/>
  <testcase name="testNextHypergeometric" classname="org.apache.commons.math3.random.BitsStreamGeneratorTest" time="0.002"/>
  <testcase name="testNextSecureLongPositiveRange" classname="org.apache.commons.math3.random.BitsStreamGeneratorTest" time="0"/>
  <testcase name="testNextSecureIntPositiveRange" classname="org.apache.commons.math3.random.BitsStreamGeneratorTest" time="0"/>
  <testcase name="testNextLongNegativeToPositiveRange" classname="org.apache.commons.math3.random.BitsStreamGeneratorTest" time="0.002"/>
  <testcase name="testNextUniformUniformMaximalInterval" classname="org.apache.commons.math3.random.BitsStreamGeneratorTest" time="0.001"/>
  <testcase name="testNextLongExtremeValues" classname="org.apache.commons.math3.random.BitsStreamGeneratorTest" time="0"/>
  <testcase name="testNextExponential" classname="org.apache.commons.math3.random.BitsStreamGeneratorTest" time="0.001"/>
  <testcase name="testNextSecureLongNegativeRange" classname="org.apache.commons.math3.random.BitsStreamGeneratorTest" time="0"/>
  <testcase name="testNextSecureIntNegativeRange" classname="org.apache.commons.math3.random.BitsStreamGeneratorTest" time="0"/>
  <testcase name="testNextPoisson" classname="org.apache.commons.math3.random.BitsStreamGeneratorTest" time="0.004"/>
  <testcase name="testNextUniformUniformNegativeToPositiveBounds" classname="org.apache.commons.math3.random.BitsStreamGeneratorTest" time="0.001"/>
  <testcase name="testNextPermutation" classname="org.apache.commons.math3.random.BitsStreamGeneratorTest" time="0"/>
  <testcase name="testNextIntPositiveRange" classname="org.apache.commons.math3.random.BitsStreamGeneratorTest" time="0.003"/>
  <testcase name="testNextSecureIntIAE" classname="org.apache.commons.math3.random.BitsStreamGeneratorTest" time="0"/>
  <testcase name="testNextUniformIAE" classname="org.apache.commons.math3.random.BitsStreamGeneratorTest" time="0"/>
  <testcase name="testNextUniformUniformNegaiveBounds" classname="org.apache.commons.math3.random.BitsStreamGeneratorTest" time="0.001"/>
  <testcase name="testNextBinomial" classname="org.apache.commons.math3.random.BitsStreamGeneratorTest" time="0.002"/>
  <testcase name="testNextLongIAE" classname="org.apache.commons.math3.random.BitsStreamGeneratorTest" time="0"/>
  <testcase name="testConfig" classname="org.apache.commons.math3.random.BitsStreamGeneratorTest" time="0"/>
  <testcase name="testNextIntWideRange" classname="org.apache.commons.math3.random.BitsStreamGeneratorTest" time="0.064"/>
  <testcase name="testNextSecureLongNegativeToPositiveRange" classname="org.apache.commons.math3.random.BitsStreamGeneratorTest" time="0"/>
  <testcase name="testNextIntNegativeRange" classname="org.apache.commons.math3.random.BitsStreamGeneratorTest" time="0.002"/>
  <testcase name="testNextInversionDeviate" classname="org.apache.commons.math3.random.BitsStreamGeneratorTest" time="0"/>
  <testcase name="testNextHex" classname="org.apache.commons.math3.random.BitsStreamGeneratorTest" time="0.011"/>
  <testcase name="testNextLongWideRange" classname="org.apache.commons.math3.random.BitsStreamGeneratorTest" time="0.599"/>
  <testcase name="testNextLongPositiveRange" classname="org.apache.commons.math3.random.BitsStreamGeneratorTest" time="0.005"/>
  <testcase name="testReseed" classname="org.apache.commons.math3.random.BitsStreamGeneratorTest" time="0"/>
  <testcase name="testNextCauchy" classname="org.apache.commons.math3.random.BitsStreamGeneratorTest" time="0"/>
  <testcase name="testNextUniformUniformPositiveBounds" classname="org.apache.commons.math3.random.BitsStreamGeneratorTest" time="0.001"/>
  <testcase name="testNextGamma" classname="org.apache.commons.math3.random.BitsStreamGeneratorTest" time="0.002"/>
  <testcase name="testNextWeibull" classname="org.apache.commons.math3.random.BitsStreamGeneratorTest" time="0.001"/>
  <testcase name="testNextIntIAE" classname="org.apache.commons.math3.random.BitsStreamGeneratorTest" time="0"/>
  <testcase name="testNextBeta" classname="org.apache.commons.math3.random.BitsStreamGeneratorTest" time="0.006"/>
  <testcase name="testNextZipf" classname="org.apache.commons.math3.random.BitsStreamGeneratorTest" time="0.009"/>
</testsuite>