<?xml version="1.0" encoding="UTF-8"?>
<testsuite xmlns:xsi="http://www.w3.org/2001/XMLSchema-instance" xsi:schemaLocation="https://maven.apache.org/surefire/maven-surefire-plugin/xsd/surefire-test-report.xsd" name="com.iciql.test.IciqlSuite" time="1.249" tests="187" errors="184" skipped="3" failures="0">
  <properties>
    <property name="java.runtime.name" value="OpenJDK Runtime Environment"/>
    <property name="sun.boot.library.path" value="/usr/local/openjdk-8/jre/lib/amd64"/>
    <property name="java.vm.version" value="25.262-b10"/>
    <property name="animal.sniffer.skip" value="true"/>
    <property name="java.vm.vendor" value="Oracle Corporation"/>
    <property name="maven.multiModuleProjectDirectory" value="/tmp/tmpekatsj5s/iciql"/>
    <property name="maven.javadoc.skip" value="true"/>
    <property name="java.vendor.url" value="http://java.oracle.com/"/>
    <property name="path.separator" value=":"/>
    <property name="guice.disable.misplaced.annotation.check" value="true"/>
    <property name="java.vm.name" value="OpenJDK 64-Bit Server VM"/>
    <property name="file.encoding.pkg" value="sun.io"/>
    <property name="sun.java.launcher" value="SUN_STANDARD"/>
    <property name="sun.os.patch.level" value="unknown"/>
    <property name="source.skip" value="true"/>
    <property name="java.vm.specification.name" value="Java Virtual Machine Specification"/>
    <property name="user.dir" value="/tmp/tmpekatsj5s/iciql"/>
    <property name="java.runtime.version" value="1.8.0_262-b10"/>
    <property name="java.awt.graphicsenv" value="sun.awt.X11GraphicsEnvironment"/>
    <property name="java.endorsed.dirs" value="/usr/local/openjdk-8/jre/lib/endorsed"/>
    <property name="os.arch" value="amd64"/>
    <property name="java.io.tmpdir" value="/tmp"/>
    <property name="line.separator" value="&#10;"/>
    <property name="java.vm.specification.vendor" value="Oracle Corporation"/>
    <property name="os.name" value="Linux"/>
    <property name="classworlds.conf" value="/usr/share/maven/bin/m2.conf"/>
    <property name="sun.jnu.encoding" value="UTF-8"/>
    <property name="java.library.path" value="/usr/java/packages/lib/amd64:/usr/lib64:/lib64:/lib:/usr/lib"/>
    <property name="license.skip" value="true"/>
    <property name="maven.conf" value="/usr/share/maven/conf"/>
    <property name="java.specification.name" value="Java Platform API Specification"/>
    <property name="java.class.version" value="52.0"/>
    <property name="sun.management.compiler" value="HotSpot 64-Bit Tiered Compilers"/>
    <property name="maven.test.failure.ignore" value="true"/>
    <property name="os.version" value="4.15.0-109-generic"/>
    <property name="library.jansi.path" value="/usr/share/maven/lib/jansi-native"/>
    <property name="user.home" value="/home/jdbl"/>
    <property name="user.timezone" value="Etc/UTC"/>
    <property name="java.awt.printerjob" value="sun.print.PSPrinterJob"/>
    <property name="java.specification.version" value="1.8"/>
    <property name="file.encoding" value="UTF-8"/>
    <property name="user.name" value="jdbl"/>
    <property name="java.class.path" value="/usr/share/maven/boot/plexus-classworlds-2.6.0.jar"/>
    <property name="java.vm.specification.version" value="1.8"/>
    <property name="sun.arch.data.model" value="64"/>
    <property name="java.home" value="/usr/local/openjdk-8/jre"/>
    <property name="sun.java.command" value="org.codehaus.plexus.classworlds.launcher.Launcher test -e --fail-never -ntp -Dmaven.test.failure.ignore=true -B -Dmaven.javadoc.skip=true -Drat.skip=true -Danimal.sniffer.skip=true -Dmaven.javadoc.skip=true -Dlicense.skip=true -Dsource.skip=true"/>
    <property name="java.specification.vendor" value="Oracle Corporation"/>
    <property name="user.language" value="en"/>
    <property name="awt.toolkit" value="sun.awt.X11.XToolkit"/>
    <property name="java.vm.info" value="mixed mode"/>
    <property name="java.version" value="1.8.0_262"/>
    <property name="java.ext.dirs" value="/usr/local/openjdk-8/jre/lib/ext:/usr/java/packages/lib/ext"/>
    <property name="securerandom.source" value="file:/dev/./urandom"/>
    <property name="sun.boot.class.path" value="/usr/local/openjdk-8/jre/lib/resources.jar:/usr/local/openjdk-8/jre/lib/rt.jar:/usr/local/openjdk-8/jre/lib/sunrsasign.jar:/usr/local/openjdk-8/jre/lib/jsse.jar:/usr/local/openjdk-8/jre/lib/jce.jar:/usr/local/openjdk-8/jre/lib/charsets.jar:/usr/local/openjdk-8/jre/lib/jfr.jar:/usr/local/openjdk-8/jre/classes"/>
    <property name="java.vendor" value="Oracle Corporation"/>
    <property name="rat.skip" value="true"/>
    <property name="maven.home" value="/usr/share/maven"/>
    <property name="file.separator" value="/"/>
    <property name="java.vendor.url.bug" value="http://bugreport.sun.com/bugreport/"/>
    <property name="sun.cpu.endian" value="little"/>
    <property name="sun.io.unicode.encoding" value="UnicodeLittle"/>
    <property name="sun.cpu.isalist" value=""/>
  </properties>
  <testcase name="testObjectAliasMapping" classname="com.iciql.test.AliasMapTest" time="0.835">
    <error message="Unsupported type [Z" type="com.iciql.IciqlException">com.iciql.IciqlException: Unsupported type [Z
	at com.iciql.test.AliasMapTest.testObjectAliasMapping(AliasMapTest.java:44)
</error>
  </testcase>
  <testcase name="testPrimitiveAliasMapping" classname="com.iciql.test.AliasMapTest" time="0.004">
    <error message="Unsupported type [Z" type="com.iciql.IciqlException">com.iciql.IciqlException: Unsupported type [Z
	at com.iciql.test.AliasMapTest.testPrimitiveAliasMapping(AliasMapTest.java:93)
</error>
  </testcase>
  <testcase name="testCreateTableIfRequiredAnnotation" classname="com.iciql.test.AnnotationsTest" time="0.005">
    <error message="Unsupported type [Z" type="com.iciql.IciqlException">com.iciql.IciqlException: Unsupported type [Z
	at com.iciql.test.AnnotationsTest.setUp(AnnotationsTest.java:54)
</error>
  </testcase>
  <testcase name="testCreateTableIfRequiredAnnotation" classname="com.iciql.test.AnnotationsTest" time="0.006">
    <error type="java.lang.NullPointerException">java.lang.NullPointerException
	at com.iciql.test.AnnotationsTest.tearDown(AnnotationsTest.java:62)
</error>
  </testcase>
  <testcase name="testProductAnnotationOnly" classname="com.iciql.test.AnnotationsTest" time="0.006">
    <error message="Unsupported type [Z" type="com.iciql.IciqlException">com.iciql.IciqlException: Unsupported type [Z
	at com.iciql.test.AnnotationsTest.setUp(AnnotationsTest.java:54)
</error>
  </testcase>
  <testcase name="testProductAnnotationOnly" classname="com.iciql.test.AnnotationsTest" time="0.006">
    <error type="java.lang.NullPointerException">java.lang.NullPointerException
	at com.iciql.test.AnnotationsTest.tearDown(AnnotationsTest.java:62)
</error>
  </testcase>
  <testcase name="testTrimStringAnnotation" classname="com.iciql.test.AnnotationsTest" time="0.008">
    <error message="Unsupported type [Z" type="com.iciql.IciqlException">com.iciql.IciqlException: Unsupported type [Z
	at com.iciql.test.AnnotationsTest.setUp(AnnotationsTest.java:54)
</error>
  </testcase>
  <testcase name="testTrimStringAnnotation" classname="com.iciql.test.AnnotationsTest" time="0.008">
    <error type="java.lang.NullPointerException">java.lang.NullPointerException
	at com.iciql.test.AnnotationsTest.tearDown(AnnotationsTest.java:62)
</error>
  </testcase>
  <testcase name="testColumnInheritanceAnnotation" classname="com.iciql.test.AnnotationsTest" time="0.004">
    <error message="Unsupported type [Z" type="com.iciql.IciqlException">com.iciql.IciqlException: Unsupported type [Z
	at com.iciql.test.AnnotationsTest.setUp(AnnotationsTest.java:54)
</error>
  </testcase>
  <testcase name="testColumnInheritanceAnnotation" classname="com.iciql.test.AnnotationsTest" time="0.004">
    <error type="java.lang.NullPointerException">java.lang.NullPointerException
	at com.iciql.test.AnnotationsTest.tearDown(AnnotationsTest.java:62)
</error>
  </testcase>
  <testcase name="testIndexCreation" classname="com.iciql.test.AnnotationsTest" time="0.003">
    <error message="Unsupported type [Z" type="com.iciql.IciqlException">com.iciql.IciqlException: Unsupported type [Z
	at com.iciql.test.AnnotationsTest.setUp(AnnotationsTest.java:54)
</error>
  </testcase>
  <testcase name="testIndexCreation" classname="com.iciql.test.AnnotationsTest" time="0.003">
    <error type="java.lang.NullPointerException">java.lang.NullPointerException
	at com.iciql.test.AnnotationsTest.tearDown(AnnotationsTest.java:62)
</error>
  </testcase>
  <testcase name="testProductMixedAnnotation" classname="com.iciql.test.AnnotationsTest" time="0.01">
    <error message="Unsupported type [Z" type="com.iciql.IciqlException">com.iciql.IciqlException: Unsupported type [Z
	at com.iciql.test.AnnotationsTest.setUp(AnnotationsTest.java:54)
</error>
  </testcase>
  <testcase name="testProductMixedAnnotation" classname="com.iciql.test.AnnotationsTest" time="0.01">
    <error type="java.lang.NullPointerException">java.lang.NullPointerException
	at com.iciql.test.AnnotationsTest.tearDown(AnnotationsTest.java:62)
</error>
  </testcase>
  <testcase name="testBooleanColumn" classname="com.iciql.test.BooleanModelTest" time="0.007">
    <error message="Unsupported type [Z" type="com.iciql.IciqlException">com.iciql.IciqlException: Unsupported type [Z
	at com.iciql.test.BooleanModelTest.testBooleanColumn(BooleanModelTest.java:43)
</error>
  </testcase>
  <testcase name="testIntColumn" classname="com.iciql.test.BooleanModelTest" time="0.006">
    <error message="Unsupported type [Z" type="com.iciql.IciqlException">com.iciql.IciqlException: Unsupported type [Z
	at com.iciql.test.BooleanModelTest.testIntColumn(BooleanModelTest.java:86)
</error>
  </testcase>
  <testcase name="testPrimitiveShortBooleanColumn" classname="com.iciql.test.BooleanModelTest" time="0.003">
    <error message="Unsupported type [Z" type="com.iciql.IciqlException">com.iciql.IciqlException: Unsupported type [Z
	at com.iciql.test.BooleanModelTest.testPrimitiveShortBooleanColumn(BooleanModelTest.java:132)
</error>
  </testcase>
  <testcase name="testClob" classname="com.iciql.test.ClobTest" time="0.003">
    <error message="Unsupported type [Z" type="com.iciql.IciqlException">com.iciql.IciqlException: Unsupported type [Z
	at com.iciql.test.ClobTest.testClob(ClobTest.java:40)
</error>
  </testcase>
  <testcase name="testAliasSharing" classname="com.iciql.test.ConcurrencyTest" time="0.002">
    <error message="Unsupported type [Z" type="com.iciql.IciqlException">com.iciql.IciqlException: Unsupported type [Z
	at com.iciql.test.ConcurrencyTest.setUp(ConcurrencyTest.java:43)
</error>
  </testcase>
  <testcase name="testConcurrencyThreadLocal" classname="com.iciql.test.ConcurrencyTest" time="0">
    <skipped/>
  </testcase>
  <testcase name="testConcurrencyFinal" classname="com.iciql.test.ConcurrencyTest" time="0">
    <skipped/>
  </testcase>
  <testcase name="testMultipleEnumInstances" classname="com.iciql.test.EnumsTest" time="0.002">
    <error message="Unsupported type [Z" type="com.iciql.IciqlException">com.iciql.IciqlException: Unsupported type [Z
	at com.iciql.test.EnumsTest.setUp(EnumsTest.java:45)
</error>
  </testcase>
  <testcase name="testMultipleEnumInstances" classname="com.iciql.test.EnumsTest" time="0.003">
    <error type="java.lang.NullPointerException">java.lang.NullPointerException
	at com.iciql.test.EnumsTest.tearDown(EnumsTest.java:53)
</error>
  </testcase>
  <testcase name="testEnumQueries" classname="com.iciql.test.EnumsTest" time="0.003">
    <error message="Unsupported type [Z" type="com.iciql.IciqlException">com.iciql.IciqlException: Unsupported type [Z
	at com.iciql.test.EnumsTest.setUp(EnumsTest.java:45)
</error>
  </testcase>
  <testcase name="testEnumQueries" classname="com.iciql.test.EnumsTest" time="0.003">
    <error type="java.lang.NullPointerException">java.lang.NullPointerException
	at com.iciql.test.EnumsTest.tearDown(EnumsTest.java:53)
</error>
  </testcase>
  <testcase name="testDiscreteUpdateStringTrimming" classname="com.iciql.test.ModelsTest" time="0.003">
    <error message="Unsupported type [Z" type="com.iciql.IciqlException">com.iciql.IciqlException: Unsupported type [Z
	at com.iciql.test.ModelsTest.setUp(ModelsTest.java:59)
</error>
  </testcase>
  <testcase name="testDiscreteUpdateStringTrimming" classname="com.iciql.test.ModelsTest" time="0.004">
    <error type="java.lang.NullPointerException">java.lang.NullPointerException
	at com.iciql.test.ModelsTest.tearDown(ModelsTest.java:67)
</error>
  </testcase>
  <testcase name="testValidateModels" classname="com.iciql.test.ModelsTest" time="0.003">
    <error message="Unsupported type [Z" type="com.iciql.IciqlException">com.iciql.IciqlException: Unsupported type [Z
	at com.iciql.test.ModelsTest.setUp(ModelsTest.java:59)
</error>
  </testcase>
  <testcase name="testValidateModels" classname="com.iciql.test.ModelsTest" time="0.003">
    <error type="java.lang.NullPointerException">java.lang.NullPointerException
	at com.iciql.test.ModelsTest.tearDown(ModelsTest.java:67)
</error>
  </testcase>
  <testcase name="testModelGeneration" classname="com.iciql.test.ModelsTest" time="0.002">
    <error message="Unsupported type [Z" type="com.iciql.IciqlException">com.iciql.IciqlException: Unsupported type [Z
	at com.iciql.test.ModelsTest.setUp(ModelsTest.java:59)
</error>
  </testcase>
  <testcase name="testModelGeneration" classname="com.iciql.test.ModelsTest" time="0.003">
    <error type="java.lang.NullPointerException">java.lang.NullPointerException
	at com.iciql.test.ModelsTest.tearDown(ModelsTest.java:67)
</error>
  </testcase>
  <testcase name="testFilteredGroupByCountDesc" classname="com.iciql.test.ModelsTest" time="0.002">
    <error message="Unsupported type [Z" type="com.iciql.IciqlException">com.iciql.IciqlException: Unsupported type [Z
	at com.iciql.test.ModelsTest.setUp(ModelsTest.java:59)
</error>
  </testcase>
  <testcase name="testFilteredGroupByCountDesc" classname="com.iciql.test.ModelsTest" time="0.002">
    <error type="java.lang.NullPointerException">java.lang.NullPointerException
	at com.iciql.test.ModelsTest.tearDown(ModelsTest.java:67)
</error>
  </testcase>
  <testcase name="testWhereByString" classname="com.iciql.test.ModelsTest" time="0.004">
    <error message="Unsupported type [Z" type="com.iciql.IciqlException">com.iciql.IciqlException: Unsupported type [Z
	at com.iciql.test.ModelsTest.setUp(ModelsTest.java:59)
</error>
  </testcase>
  <testcase name="testWhereByString" classname="com.iciql.test.ModelsTest" time="0.004">
    <error type="java.lang.NullPointerException">java.lang.NullPointerException
	at com.iciql.test.ModelsTest.tearDown(ModelsTest.java:67)
</error>
  </testcase>
  <testcase name="testFilteredGroupByCount" classname="com.iciql.test.ModelsTest" time="0.002">
    <error message="Unsupported type [Z" type="com.iciql.IciqlException">com.iciql.IciqlException: Unsupported type [Z
	at com.iciql.test.ModelsTest.setUp(ModelsTest.java:59)
</error>
  </testcase>
  <testcase name="testFilteredGroupByCount" classname="com.iciql.test.ModelsTest" time="0.002">
    <error type="java.lang.NullPointerException">java.lang.NullPointerException
	at com.iciql.test.ModelsTest.tearDown(ModelsTest.java:67)
</error>
  </testcase>
  <testcase name="testColumnSelection" classname="com.iciql.test.ModelsTest" time="0.008">
    <error message="Unsupported type [Z" type="com.iciql.IciqlException">com.iciql.IciqlException: Unsupported type [Z
	at com.iciql.test.ModelsTest.setUp(ModelsTest.java:59)
</error>
  </testcase>
  <testcase name="testColumnSelection" classname="com.iciql.test.ModelsTest" time="0.009">
    <error type="java.lang.NullPointerException">java.lang.NullPointerException
	at com.iciql.test.ModelsTest.tearDown(ModelsTest.java:67)
</error>
  </testcase>
  <testcase name="testGroupByCount" classname="com.iciql.test.ModelsTest" time="0.002">
    <error message="Unsupported type [Z" type="com.iciql.IciqlException">com.iciql.IciqlException: Unsupported type [Z
	at com.iciql.test.ModelsTest.setUp(ModelsTest.java:59)
</error>
  </testcase>
  <testcase name="testGroupByCount" classname="com.iciql.test.ModelsTest" time="0.002">
    <error type="java.lang.NullPointerException">java.lang.NullPointerException
	at com.iciql.test.ModelsTest.tearDown(ModelsTest.java:67)
</error>
  </testcase>
  <testcase name="testSupportedTypes" classname="com.iciql.test.ModelsTest" time="0.002">
    <error message="Unsupported type [Z" type="com.iciql.IciqlException">com.iciql.IciqlException: Unsupported type [Z
	at com.iciql.test.ModelsTest.setUp(ModelsTest.java:59)
</error>
  </testcase>
  <testcase name="testSupportedTypes" classname="com.iciql.test.ModelsTest" time="0.002">
    <error type="java.lang.NullPointerException">java.lang.NullPointerException
	at com.iciql.test.ModelsTest.tearDown(ModelsTest.java:67)
</error>
  </testcase>
  <testcase name="testGroupByCountDesc" classname="com.iciql.test.ModelsTest" time="0.003">
    <error message="Unsupported type [Z" type="com.iciql.IciqlException">com.iciql.IciqlException: Unsupported type [Z
	at com.iciql.test.ModelsTest.setUp(ModelsTest.java:59)
</error>
  </testcase>
  <testcase name="testGroupByCountDesc" classname="com.iciql.test.ModelsTest" time="0.003">
    <error type="java.lang.NullPointerException">java.lang.NullPointerException
	at com.iciql.test.ModelsTest.tearDown(ModelsTest.java:67)
</error>
  </testcase>
  <testcase name="testMultipleBooleans" classname="com.iciql.test.PrimitivesTest" time="0.002">
    <error message="Unsupported type [Z" type="com.iciql.IciqlException">com.iciql.IciqlException: Unsupported type [Z
	at com.iciql.test.PrimitivesTest.testMultipleBooleans(PrimitivesTest.java:90)
</error>
  </testcase>
  <testcase name="testPrimitives" classname="com.iciql.test.PrimitivesTest" time="0.013">
    <error message="Unsupported type [Z" type="com.iciql.IciqlException">com.iciql.IciqlException: Unsupported type [Z
	at com.iciql.test.PrimitivesTest.testPrimitives(PrimitivesTest.java:39)
</error>
  </testcase>
  <testcase name="testPrimitiveColumnSelection" classname="com.iciql.test.PrimitivesTest" time="0.003">
    <error message="Unsupported type [Z" type="com.iciql.IciqlException">com.iciql.IciqlException: Unsupported type [Z
	at com.iciql.test.PrimitivesTest.testPrimitiveColumnSelection(PrimitivesTest.java:105)
</error>
  </testcase>
  <testcase name="testPrimitiveGroupByCount" classname="com.iciql.test.PrimitivesTest" time="0.012">
    <error message="Unsupported type [Z" type="com.iciql.IciqlException">com.iciql.IciqlException: Unsupported type [Z
	at com.iciql.test.PrimitivesTest.testPrimitiveGroupByCount(PrimitivesTest.java:121)
</error>
  </testcase>
  <testcase name="noneOfSyntaxTest" classname="com.iciql.test.OneOfTest" time="0.001">
    <error message="Unsupported type [Z" type="com.iciql.IciqlException">com.iciql.IciqlException: Unsupported type [Z
	at com.iciql.test.OneOfTest.setUp(OneOfTest.java:40)
</error>
  </testcase>
  <testcase name="noneOfSyntaxTest" classname="com.iciql.test.OneOfTest" time="0.001">
    <error type="java.lang.NullPointerException">java.lang.NullPointerException
	at com.iciql.test.OneOfTest.tearDown(OneOfTest.java:46)
</error>
  </testcase>
  <testcase name="oneOfSyntaxTest" classname="com.iciql.test.OneOfTest" time="0.003">
    <error message="Unsupported type [Z" type="com.iciql.IciqlException">com.iciql.IciqlException: Unsupported type [Z
	at com.iciql.test.OneOfTest.setUp(OneOfTest.java:40)
</error>
  </testcase>
  <testcase name="oneOfSyntaxTest" classname="com.iciql.test.OneOfTest" time="0.003">
    <error type="java.lang.NullPointerException">java.lang.NullPointerException
	at com.iciql.test.OneOfTest.tearDown(OneOfTest.java:46)
</error>
  </testcase>
  <testcase name="testRuntimeSelectWildcards" classname="com.iciql.test.RuntimeQueryTest" time="0.003">
    <error message="Unsupported type [Z" type="com.iciql.IciqlException">com.iciql.IciqlException: Unsupported type [Z
	at com.iciql.test.RuntimeQueryTest.testRuntimeSelectWildcards(RuntimeQueryTest.java:102)
</error>
  </testcase>
  <testcase name="testBuildObjects" classname="com.iciql.test.RuntimeQueryTest" time="0.005">
    <error message="Unsupported type [Z" type="com.iciql.IciqlException">com.iciql.IciqlException: Unsupported type [Z
	at com.iciql.test.RuntimeQueryTest.testBuildObjects(RuntimeQueryTest.java:187)
</error>
  </testcase>
  <testcase name="testRuntimeQuery" classname="com.iciql.test.RuntimeQueryTest" time="0.002">
    <error message="Unsupported type [Z" type="com.iciql.IciqlException">com.iciql.IciqlException: Unsupported type [Z
	at com.iciql.test.RuntimeQueryTest.testRuntimeQuery(RuntimeQueryTest.java:142)
</error>
  </testcase>
  <testcase name="testRuntimeSet" classname="com.iciql.test.RuntimeQueryTest" time="0.002">
    <error message="Unsupported type [Z" type="com.iciql.IciqlException">com.iciql.IciqlException: Unsupported type [Z
	at com.iciql.test.RuntimeQueryTest.testRuntimeSet(RuntimeQueryTest.java:87)
</error>
  </testcase>
  <testcase name="testExecuteQuery" classname="com.iciql.test.RuntimeQueryTest" time="0.002">
    <error message="Unsupported type [Z" type="com.iciql.IciqlException">com.iciql.IciqlException: Unsupported type [Z
	at com.iciql.test.RuntimeQueryTest.testExecuteQuery(RuntimeQueryTest.java:163)
</error>
  </testcase>
  <testcase name="testParameters" classname="com.iciql.test.RuntimeQueryTest" time="0.002">
    <error message="Unsupported type [Z" type="com.iciql.IciqlException">com.iciql.IciqlException: Unsupported type [Z
	at com.iciql.test.RuntimeQueryTest.testParameters(RuntimeQueryTest.java:43)
</error>
  </testcase>
  <testcase name="testWhereSimple2" classname="com.iciql.test.SamplesTest" time="0.002">
    <error message="Unsupported type [Z" type="com.iciql.IciqlException">com.iciql.IciqlException: Unsupported type [Z
	at com.iciql.test.SamplesTest.setUp(SamplesTest.java:59)
</error>
  </testcase>
  <testcase name="testWhereSimple2" classname="com.iciql.test.SamplesTest" time="0.002">
    <error type="java.lang.NullPointerException">java.lang.NullPointerException
	at com.iciql.test.SamplesTest.tearDown(SamplesTest.java:68)
</error>
  </testcase>
  <testcase name="testWhereSimple3" classname="com.iciql.test.SamplesTest" time="0.002">
    <error message="Unsupported type [Z" type="com.iciql.IciqlException">com.iciql.IciqlException: Unsupported type [Z
	at com.iciql.test.SamplesTest.setUp(SamplesTest.java:59)
</error>
  </testcase>
  <testcase name="testWhereSimple3" classname="com.iciql.test.SamplesTest" time="0.003">
    <error type="java.lang.NullPointerException">java.lang.NullPointerException
	at com.iciql.test.SamplesTest.tearDown(SamplesTest.java:68)
</error>
  </testcase>
  <testcase name="testWhereSimple4" classname="com.iciql.test.SamplesTest" time="0.002">
    <error message="Unsupported type [Z" type="com.iciql.IciqlException">com.iciql.IciqlException: Unsupported type [Z
	at com.iciql.test.SamplesTest.setUp(SamplesTest.java:59)
</error>
  </testcase>
  <testcase name="testWhereSimple4" classname="com.iciql.test.SamplesTest" time="0.002">
    <error type="java.lang.NullPointerException">java.lang.NullPointerException
	at com.iciql.test.SamplesTest.tearDown(SamplesTest.java:68)
</error>
  </testcase>
  <testcase name="testReverseColumns" classname="com.iciql.test.SamplesTest" time="0.002">
    <error message="Unsupported type [Z" type="com.iciql.IciqlException">com.iciql.IciqlException: Unsupported type [Z
	at com.iciql.test.SamplesTest.setUp(SamplesTest.java:59)
</error>
  </testcase>
  <testcase name="testReverseColumns" classname="com.iciql.test.SamplesTest" time="0.002">
    <error type="java.lang.NullPointerException">java.lang.NullPointerException
	at com.iciql.test.SamplesTest.tearDown(SamplesTest.java:68)
</error>
  </testcase>
  <testcase name="testSum" classname="com.iciql.test.SamplesTest" time="0.002">
    <error message="Unsupported type [Z" type="com.iciql.IciqlException">com.iciql.IciqlException: Unsupported type [Z
	at com.iciql.test.SamplesTest.setUp(SamplesTest.java:59)
</error>
  </testcase>
  <testcase name="testSum" classname="com.iciql.test.SamplesTest" time="0.002">
    <error type="java.lang.NullPointerException">java.lang.NullPointerException
	at com.iciql.test.SamplesTest.tearDown(SamplesTest.java:68)
</error>
  </testcase>
  <testcase name="testCount" classname="com.iciql.test.SamplesTest" time="0.004">
    <error message="Unsupported type [Z" type="com.iciql.IciqlException">com.iciql.IciqlException: Unsupported type [Z
	at com.iciql.test.SamplesTest.setUp(SamplesTest.java:59)
</error>
  </testcase>
  <testcase name="testCount" classname="com.iciql.test.SamplesTest" time="0.006">
    <error type="java.lang.NullPointerException">java.lang.NullPointerException
	at com.iciql.test.SamplesTest.tearDown(SamplesTest.java:68)
</error>
  </testcase>
  <testcase name="testGroup" classname="com.iciql.test.SamplesTest" time="0.002">
    <error message="Unsupported type [Z" type="com.iciql.IciqlException">com.iciql.IciqlException: Unsupported type [Z
	at com.iciql.test.SamplesTest.setUp(SamplesTest.java:59)
</error>
  </testcase>
  <testcase name="testGroup" classname="com.iciql.test.SamplesTest" time="0.003">
    <error type="java.lang.NullPointerException">java.lang.NullPointerException
	at com.iciql.test.SamplesTest.tearDown(SamplesTest.java:68)
</error>
  </testcase>
  <testcase name="testLike" classname="com.iciql.test.SamplesTest" time="0.002">
    <error message="Unsupported type [Z" type="com.iciql.IciqlException">com.iciql.IciqlException: Unsupported type [Z
	at com.iciql.test.SamplesTest.setUp(SamplesTest.java:59)
</error>
  </testcase>
  <testcase name="testLike" classname="com.iciql.test.SamplesTest" time="0.002">
    <error type="java.lang.NullPointerException">java.lang.NullPointerException
	at com.iciql.test.SamplesTest.tearDown(SamplesTest.java:68)
</error>
  </testcase>
  <testcase name="testKeyRetrieval" classname="com.iciql.test.SamplesTest" time="0.002">
    <error message="Unsupported type [Z" type="com.iciql.IciqlException">com.iciql.IciqlException: Unsupported type [Z
	at com.iciql.test.SamplesTest.setUp(SamplesTest.java:59)
</error>
  </testcase>
  <testcase name="testKeyRetrieval" classname="com.iciql.test.SamplesTest" time="0.003">
    <error type="java.lang.NullPointerException">java.lang.NullPointerException
	at com.iciql.test.SamplesTest.tearDown(SamplesTest.java:68)
</error>
  </testcase>
  <testcase name="testSelectManyCompoundFrom2" classname="com.iciql.test.SamplesTest" time="0.002">
    <error message="Unsupported type [Z" type="com.iciql.IciqlException">com.iciql.IciqlException: Unsupported type [Z
	at com.iciql.test.SamplesTest.setUp(SamplesTest.java:59)
</error>
  </testcase>
  <testcase name="testSelectManyCompoundFrom2" classname="com.iciql.test.SamplesTest" time="0.002">
    <error type="java.lang.NullPointerException">java.lang.NullPointerException
	at com.iciql.test.SamplesTest.tearDown(SamplesTest.java:68)
</error>
  </testcase>
  <testcase name="testSelectSimple2" classname="com.iciql.test.SamplesTest" time="0.002">
    <error message="Unsupported type [Z" type="com.iciql.IciqlException">com.iciql.IciqlException: Unsupported type [Z
	at com.iciql.test.SamplesTest.setUp(SamplesTest.java:59)
</error>
  </testcase>
  <testcase name="testSelectSimple2" classname="com.iciql.test.SamplesTest" time="0.002">
    <error type="java.lang.NullPointerException">java.lang.NullPointerException
	at com.iciql.test.SamplesTest.tearDown(SamplesTest.java:68)
</error>
  </testcase>
  <testcase name="testLimitOffset" classname="com.iciql.test.SamplesTest" time="0.002">
    <error message="Unsupported type [Z" type="com.iciql.IciqlException">com.iciql.IciqlException: Unsupported type [Z
	at com.iciql.test.SamplesTest.setUp(SamplesTest.java:59)
</error>
  </testcase>
  <testcase name="testLimitOffset" classname="com.iciql.test.SamplesTest" time="0.002">
    <error type="java.lang.NullPointerException">java.lang.NullPointerException
	at com.iciql.test.SamplesTest.tearDown(SamplesTest.java:68)
</error>
  </testcase>
  <testcase name="testComplexObject2" classname="com.iciql.test.SamplesTest" time="0">
    <error message="Unsupported type [Z" type="com.iciql.IciqlException">com.iciql.IciqlException: Unsupported type [Z
	at com.iciql.test.SamplesTest.setUp(SamplesTest.java:59)
</error>
  </testcase>
  <testcase name="testComplexObject2" classname="com.iciql.test.SamplesTest" time="0">
    <error type="java.lang.NullPointerException">java.lang.NullPointerException
	at com.iciql.test.SamplesTest.tearDown(SamplesTest.java:68)
</error>
  </testcase>
  <testcase name="testComplexObject" classname="com.iciql.test.SamplesTest" time="0.004">
    <error message="Unsupported type [Z" type="com.iciql.IciqlException">com.iciql.IciqlException: Unsupported type [Z
	at com.iciql.test.SamplesTest.setUp(SamplesTest.java:59)
</error>
  </testcase>
  <testcase name="testComplexObject" classname="com.iciql.test.SamplesTest" time="0.004">
    <error type="java.lang.NullPointerException">java.lang.NullPointerException
	at com.iciql.test.SamplesTest.tearDown(SamplesTest.java:68)
</error>
  </testcase>
  <testcase name="testOrAndNot" classname="com.iciql.test.SamplesTest" time="0.004">
    <error message="Unsupported type [Z" type="com.iciql.IciqlException">com.iciql.IciqlException: Unsupported type [Z
	at com.iciql.test.SamplesTest.setUp(SamplesTest.java:59)
</error>
  </testcase>
  <testcase name="testOrAndNot" classname="com.iciql.test.SamplesTest" time="0.004">
    <error type="java.lang.NullPointerException">java.lang.NullPointerException
	at com.iciql.test.SamplesTest.tearDown(SamplesTest.java:68)
</error>
  </testcase>
  <testcase name="testAnonymousTypes3" classname="com.iciql.test.SamplesTest" time="0.003">
    <error message="Unsupported type [Z" type="com.iciql.IciqlException">com.iciql.IciqlException: Unsupported type [Z
	at com.iciql.test.SamplesTest.setUp(SamplesTest.java:59)
</error>
  </testcase>
  <testcase name="testAnonymousTypes3" classname="com.iciql.test.SamplesTest" time="0.003">
    <error type="java.lang.NullPointerException">java.lang.NullPointerException
	at com.iciql.test.SamplesTest.tearDown(SamplesTest.java:68)
</error>
  </testcase>
  <testcase name="testDelete" classname="com.iciql.test.SamplesTest" time="0.002">
    <error message="Unsupported type [Z" type="com.iciql.IciqlException">com.iciql.IciqlException: Unsupported type [Z
	at com.iciql.test.SamplesTest.setUp(SamplesTest.java:59)
</error>
  </testcase>
  <testcase name="testDelete" classname="com.iciql.test.SamplesTest" time="0.002">
    <error type="java.lang.NullPointerException">java.lang.NullPointerException
	at com.iciql.test.SamplesTest.tearDown(SamplesTest.java:68)
</error>
  </testcase>
  <testcase name="testIsNull" classname="com.iciql.test.SamplesTest" time="0.003">
    <error message="Unsupported type [Z" type="com.iciql.IciqlException">com.iciql.IciqlException: Unsupported type [Z
	at com.iciql.test.SamplesTest.setUp(SamplesTest.java:59)
</error>
  </testcase>
  <testcase name="testIsNull" classname="com.iciql.test.SamplesTest" time="0.003">
    <error type="java.lang.NullPointerException">java.lang.NullPointerException
	at com.iciql.test.SamplesTest.tearDown(SamplesTest.java:68)
</error>
  </testcase>
  <testcase name="testLength" classname="com.iciql.test.SamplesTest" time="0.002">
    <error message="Unsupported type [Z" type="com.iciql.IciqlException">com.iciql.IciqlException: Unsupported type [Z
	at com.iciql.test.SamplesTest.setUp(SamplesTest.java:59)
</error>
  </testcase>
  <testcase name="testLength" classname="com.iciql.test.SamplesTest" time="0.002">
    <error type="java.lang.NullPointerException">java.lang.NullPointerException
	at com.iciql.test.SamplesTest.tearDown(SamplesTest.java:68)
</error>
  </testcase>
  <testcase name="testMinMax" classname="com.iciql.test.SamplesTest" time="0.002">
    <error message="Unsupported type [Z" type="com.iciql.IciqlException">com.iciql.IciqlException: Unsupported type [Z
	at com.iciql.test.SamplesTest.setUp(SamplesTest.java:59)
</error>
  </testcase>
  <testcase name="testMinMax" classname="com.iciql.test.SamplesTest" time="0.002">
    <error type="java.lang.NullPointerException">java.lang.NullPointerException
	at com.iciql.test.SamplesTest.tearDown(SamplesTest.java:68)
</error>
  </testcase>
  <testcase name="testSimpleMerge" classname="com.iciql.test.UpdateTest" time="0.002">
    <error message="Unsupported type [Z" type="com.iciql.IciqlException">com.iciql.IciqlException: Unsupported type [Z
	at com.iciql.test.UpdateTest.setUp(UpdateTest.java:42)
</error>
  </testcase>
  <testcase name="testSimpleMerge" classname="com.iciql.test.UpdateTest" time="0.002">
    <error type="java.lang.NullPointerException">java.lang.NullPointerException
	at com.iciql.test.UpdateTest.tearDown(UpdateTest.java:50)
</error>
  </testcase>
  <testcase name="testSetColumns" classname="com.iciql.test.UpdateTest" time="0.002">
    <error message="Unsupported type [Z" type="com.iciql.IciqlException">com.iciql.IciqlException: Unsupported type [Z
	at com.iciql.test.UpdateTest.setUp(UpdateTest.java:42)
</error>
  </testcase>
  <testcase name="testSetColumns" classname="com.iciql.test.UpdateTest" time="0.002">
    <error type="java.lang.NullPointerException">java.lang.NullPointerException
	at com.iciql.test.UpdateTest.tearDown(UpdateTest.java:50)
</error>
  </testcase>
  <testcase name="testSimpleUpdateWithCombinedPrimaryKey" classname="com.iciql.test.UpdateTest" time="0.002">
    <error message="Unsupported type [Z" type="com.iciql.IciqlException">com.iciql.IciqlException: Unsupported type [Z
	at com.iciql.test.UpdateTest.setUp(UpdateTest.java:42)
</error>
  </testcase>
  <testcase name="testSimpleUpdateWithCombinedPrimaryKey" classname="com.iciql.test.UpdateTest" time="0.002">
    <error type="java.lang.NullPointerException">java.lang.NullPointerException
	at com.iciql.test.UpdateTest.tearDown(UpdateTest.java:50)
</error>
  </testcase>
  <testcase name="testSimpleUpdate" classname="com.iciql.test.UpdateTest" time="0.002">
    <error message="Unsupported type [Z" type="com.iciql.IciqlException">com.iciql.IciqlException: Unsupported type [Z
	at com.iciql.test.UpdateTest.setUp(UpdateTest.java:42)
</error>
  </testcase>
  <testcase name="testSimpleUpdate" classname="com.iciql.test.UpdateTest" time="0.002">
    <error type="java.lang.NullPointerException">java.lang.NullPointerException
	at com.iciql.test.UpdateTest.tearDown(UpdateTest.java:50)
</error>
  </testcase>
  <testcase name="testSimpleMergeWithCombinedPrimaryKey" classname="com.iciql.test.UpdateTest" time="0.002">
    <error message="Unsupported type [Z" type="com.iciql.IciqlException">com.iciql.IciqlException: Unsupported type [Z
	at com.iciql.test.UpdateTest.setUp(UpdateTest.java:42)
</error>
  </testcase>
  <testcase name="testSimpleMergeWithCombinedPrimaryKey" classname="com.iciql.test.UpdateTest" time="0.002">
    <error type="java.lang.NullPointerException">java.lang.NullPointerException
	at com.iciql.test.UpdateTest.tearDown(UpdateTest.java:50)
</error>
  </testcase>
  <testcase name="testSetNull" classname="com.iciql.test.UpdateTest" time="0.002">
    <error message="Unsupported type [Z" type="com.iciql.IciqlException">com.iciql.IciqlException: Unsupported type [Z
	at com.iciql.test.UpdateTest.setUp(UpdateTest.java:42)
</error>
  </testcase>
  <testcase name="testSetNull" classname="com.iciql.test.UpdateTest" time="0.002">
    <error type="java.lang.NullPointerException">java.lang.NullPointerException
	at com.iciql.test.UpdateTest.tearDown(UpdateTest.java:50)
</error>
  </testcase>
  <testcase name="testTableUpgrade" classname="com.iciql.test.UpgradesTest" time="0.002">
    <error message="Unsupported type [Z" type="com.iciql.IciqlException">com.iciql.IciqlException: Unsupported type [Z
	at com.iciql.test.UpgradesTest.testTableUpgrade(UpgradesTest.java:113)
</error>
  </testcase>
  <testcase name="testDatabaseUpgrade" classname="com.iciql.test.UpgradesTest" time="0.002">
    <error message="Unsupported type [Z" type="com.iciql.IciqlException">com.iciql.IciqlException: Unsupported type [Z
	at com.iciql.test.UpgradesTest.testDatabaseUpgrade(UpgradesTest.java:39)
</error>
  </testcase>
  <testcase name="testDatabaseInheritedUpgrade" classname="com.iciql.test.UpgradesTest" time="0.001">
    <error message="Unsupported type [Z" type="com.iciql.IciqlException">com.iciql.IciqlException: Unsupported type [Z
	at com.iciql.test.UpgradesTest.testDatabaseInheritedUpgrade(UpgradesTest.java:76)
</error>
  </testcase>
  <testcase name="testLeftJoin" classname="com.iciql.test.JoinTest" time="0.002">
    <error message="Unsupported type [Z" type="com.iciql.IciqlException">com.iciql.IciqlException: Unsupported type [Z
	at com.iciql.test.JoinTest.setup(JoinTest.java:41)
</error>
  </testcase>
  <testcase name="testLeftJoin" classname="com.iciql.test.JoinTest" time="0.002">
    <error type="java.lang.NullPointerException">java.lang.NullPointerException
	at com.iciql.test.JoinTest.tearDown(JoinTest.java:49)
</error>
  </testcase>
  <testcase name="testSubQuery" classname="com.iciql.test.JoinTest" time="0.002">
    <error message="Unsupported type [Z" type="com.iciql.IciqlException">com.iciql.IciqlException: Unsupported type [Z
	at com.iciql.test.JoinTest.setup(JoinTest.java:41)
</error>
  </testcase>
  <testcase name="testSubQuery" classname="com.iciql.test.JoinTest" time="0.002">
    <error type="java.lang.NullPointerException">java.lang.NullPointerException
	at com.iciql.test.JoinTest.tearDown(JoinTest.java:49)
</error>
  </testcase>
  <testcase name="testPrimitiveJoin" classname="com.iciql.test.JoinTest" time="0.001">
    <error message="Unsupported type [Z" type="com.iciql.IciqlException">com.iciql.IciqlException: Unsupported type [Z
	at com.iciql.test.JoinTest.setup(JoinTest.java:41)
</error>
  </testcase>
  <testcase name="testPrimitiveJoin" classname="com.iciql.test.JoinTest" time="0.001">
    <error type="java.lang.NullPointerException">java.lang.NullPointerException
	at com.iciql.test.JoinTest.tearDown(JoinTest.java:49)
</error>
  </testcase>
  <testcase name="testJoin" classname="com.iciql.test.JoinTest" time="0.002">
    <error message="Unsupported type [Z" type="com.iciql.IciqlException">com.iciql.IciqlException: Unsupported type [Z
	at com.iciql.test.JoinTest.setup(JoinTest.java:41)
</error>
  </testcase>
  <testcase name="testJoin" classname="com.iciql.test.JoinTest" time="0.002">
    <error type="java.lang.NullPointerException">java.lang.NullPointerException
	at com.iciql.test.JoinTest.tearDown(JoinTest.java:49)
</error>
  </testcase>
  <testcase name="testUUIDs" classname="com.iciql.test.UUIDTest" time="0.002">
    <error message="Unsupported type [Z" type="com.iciql.IciqlException">com.iciql.IciqlException: Unsupported type [Z
	at com.iciql.test.UUIDTest.setup(UUIDTest.java:45)
</error>
  </testcase>
  <testcase name="testUUIDs" classname="com.iciql.test.UUIDTest" time="0.002">
    <error type="java.lang.NullPointerException">java.lang.NullPointerException
	at com.iciql.test.UUIDTest.tearDown(UUIDTest.java:50)
</error>
  </testcase>
  <testcase name="testCreateViewFromQuery" classname="com.iciql.test.ViewsTest" time="0.001">
    <error message="Unsupported type [Z" type="com.iciql.IciqlException">com.iciql.IciqlException: Unsupported type [Z
	at com.iciql.test.ViewsTest.setUp(ViewsTest.java:49)
</error>
  </testcase>
  <testcase name="testCreateViewFromQuery" classname="com.iciql.test.ViewsTest" time="0.001">
    <error type="java.lang.NullPointerException">java.lang.NullPointerException
	at com.iciql.test.ViewsTest.tearDown(ViewsTest.java:55)
</error>
  </testcase>
  <testcase name="testComplexInheritance" classname="com.iciql.test.ViewsTest" time="0.002">
    <error message="Unsupported type [Z" type="com.iciql.IciqlException">com.iciql.IciqlException: Unsupported type [Z
	at com.iciql.test.ViewsTest.setUp(ViewsTest.java:49)
</error>
  </testcase>
  <testcase name="testComplexInheritance" classname="com.iciql.test.ViewsTest" time="0.002">
    <error type="java.lang.NullPointerException">java.lang.NullPointerException
	at com.iciql.test.ViewsTest.tearDown(ViewsTest.java:55)
</error>
  </testcase>
  <testcase name="testProductViewInherited" classname="com.iciql.test.ViewsTest" time="0.002">
    <error message="Unsupported type [Z" type="com.iciql.IciqlException">com.iciql.IciqlException: Unsupported type [Z
	at com.iciql.test.ViewsTest.setUp(ViewsTest.java:49)
</error>
  </testcase>
  <testcase name="testProductViewInherited" classname="com.iciql.test.ViewsTest" time="0.002">
    <error type="java.lang.NullPointerException">java.lang.NullPointerException
	at com.iciql.test.ViewsTest.tearDown(ViewsTest.java:55)
</error>
  </testcase>
  <testcase name="testProductView" classname="com.iciql.test.ViewsTest" time="0.002">
    <error message="Unsupported type [Z" type="com.iciql.IciqlException">com.iciql.IciqlException: Unsupported type [Z
	at com.iciql.test.ViewsTest.setUp(ViewsTest.java:49)
</error>
  </testcase>
  <testcase name="testProductView" classname="com.iciql.test.ViewsTest" time="0.002">
    <error type="java.lang.NullPointerException">java.lang.NullPointerException
	at com.iciql.test.ViewsTest.tearDown(ViewsTest.java:55)
</error>
  </testcase>
  <testcase name="testForeignKeyWithOnDeleteCascade" classname="com.iciql.test.ForeignKeyTest" time="0.003">
    <error message="Unsupported type [Z" type="com.iciql.IciqlException">com.iciql.IciqlException: Unsupported type [Z
	at com.iciql.test.ForeignKeyTest.setUp(ForeignKeyTest.java:45)
</error>
  </testcase>
  <testcase name="testForeignKeyWithOnDeleteCascade" classname="com.iciql.test.ForeignKeyTest" time="0.003">
    <error type="java.lang.NullPointerException">java.lang.NullPointerException
	at com.iciql.test.ForeignKeyTest.tearDown(ForeignKeyTest.java:52)
</error>
  </testcase>
  <testcase name="testForeignKeyDropReferenceTable" classname="com.iciql.test.ForeignKeyTest" time="0">
    <skipped/>
  </testcase>
  <testcase name="testTransaction" classname="com.iciql.test.TransactionTest" time="0.002">
    <error message="Unsupported type [Z" type="com.iciql.IciqlException">com.iciql.IciqlException: Unsupported type [Z
	at com.iciql.test.TransactionTest.setUp(TransactionTest.java:44)
</error>
  </testcase>
  <testcase name="testTransaction" classname="com.iciql.test.TransactionTest" time="0.002">
    <error type="java.lang.NullPointerException">java.lang.NullPointerException
	at com.iciql.test.TransactionTest.endTransactionMode(TransactionTest.java:109)
	at com.iciql.test.TransactionTest.tearDown(TransactionTest.java:56)
</error>
  </testcase>
  <testcase name="andOrSyntaxTest" classname="com.iciql.test.NestedConditionsTest" time="0.002">
    <error message="Unsupported type [Z" type="com.iciql.IciqlException">com.iciql.IciqlException: Unsupported type [Z
	at com.iciql.test.NestedConditionsTest.setUp(NestedConditionsTest.java:47)
</error>
  </testcase>
  <testcase name="andOrSyntaxTest" classname="com.iciql.test.NestedConditionsTest" time="0.002">
    <error type="java.lang.NullPointerException">java.lang.NullPointerException
	at com.iciql.test.NestedConditionsTest.tearDown(NestedConditionsTest.java:53)
</error>
  </testcase>
  <testcase name="compoundConditionsTest" classname="com.iciql.test.NestedConditionsTest" time="0.002">
    <error message="Unsupported type [Z" type="com.iciql.IciqlException">com.iciql.IciqlException: Unsupported type [Z
	at com.iciql.test.NestedConditionsTest.setUp(NestedConditionsTest.java:47)
</error>
  </testcase>
  <testcase name="compoundConditionsTest" classname="com.iciql.test.NestedConditionsTest" time="0.002">
    <error type="java.lang.NullPointerException">java.lang.NullPointerException
	at com.iciql.test.NestedConditionsTest.tearDown(NestedConditionsTest.java:53)
</error>
  </testcase>
  <testcase name="errorTest" classname="com.iciql.test.NestedConditionsTest" time="0.001">
    <error message="Unsupported type [Z" type="com.iciql.IciqlException">com.iciql.IciqlException: Unsupported type [Z
	at com.iciql.test.NestedConditionsTest.setUp(NestedConditionsTest.java:47)
</error>
  </testcase>
  <testcase name="errorTest" classname="com.iciql.test.NestedConditionsTest" time="0.001">
    <error type="java.lang.NullPointerException">java.lang.NullPointerException
	at com.iciql.test.NestedConditionsTest.tearDown(NestedConditionsTest.java:53)
</error>
  </testcase>
  <testcase name="fluentSyntaxTest" classname="com.iciql.test.NestedConditionsTest" time="0.001">
    <error message="Unsupported type [Z" type="com.iciql.IciqlException">com.iciql.IciqlException: Unsupported type [Z
	at com.iciql.test.NestedConditionsTest.setUp(NestedConditionsTest.java:47)
</error>
  </testcase>
  <testcase name="fluentSyntaxTest" classname="com.iciql.test.NestedConditionsTest" time="0.001">
    <error type="java.lang.NullPointerException">java.lang.NullPointerException
	at com.iciql.test.NestedConditionsTest.tearDown(NestedConditionsTest.java:53)
</error>
  </testcase>
  <testcase name="testSerializedObjectDataType" classname="com.iciql.test.DataTypeAdapterTest" time="0.002">
    <error message="Unsupported type [Z" type="com.iciql.IciqlException">com.iciql.IciqlException: Unsupported type [Z
	at com.iciql.test.DataTypeAdapterTest.setUp(DataTypeAdapterTest.java:47)
</error>
  </testcase>
  <testcase name="testSerializedObjectDataType" classname="com.iciql.test.DataTypeAdapterTest" time="0.002">
    <error type="java.lang.NullPointerException">java.lang.NullPointerException
	at com.iciql.test.DataTypeAdapterTest.tearDown(DataTypeAdapterTest.java:52)
</error>
  </testcase>
  <testcase name="testTestResourceQueryReturnModels" classname="com.iciql.test.ProductDaoTest" time="0.002">
    <error message="Unsupported type [Z" type="com.iciql.IciqlException">com.iciql.IciqlException: Unsupported type [Z
	at com.iciql.test.ProductDaoTest.setUp(ProductDaoTest.java:49)
</error>
  </testcase>
  <testcase name="testTestResourceQueryReturnModels" classname="com.iciql.test.ProductDaoTest" time="0.002">
    <error type="java.lang.NullPointerException">java.lang.NullPointerException
	at com.iciql.test.ProductDaoTest.tearDown(ProductDaoTest.java:57)
</error>
  </testcase>
  <testcase name="testQueryWithDataTypeAdapter" classname="com.iciql.test.ProductDaoTest" time="0.001">
    <error message="Unsupported type [Z" type="com.iciql.IciqlException">com.iciql.IciqlException: Unsupported type [Z
	at com.iciql.test.ProductDaoTest.setUp(ProductDaoTest.java:49)
</error>
  </testcase>
  <testcase name="testQueryWithDataTypeAdapter" classname="com.iciql.test.ProductDaoTest" time="0.001">
    <error type="java.lang.NullPointerException">java.lang.NullPointerException
	at com.iciql.test.ProductDaoTest.tearDown(ProductDaoTest.java:57)
</error>
  </testcase>
  <testcase name="testUpdateIllegalReturnType" classname="com.iciql.test.ProductDaoTest" time="0.002">
    <error message="Unsupported type [Z" type="com.iciql.IciqlException">com.iciql.IciqlException: Unsupported type [Z
	at com.iciql.test.ProductDaoTest.setUp(ProductDaoTest.java:49)
</error>
  </testcase>
  <testcase name="testUpdateIllegalReturnType" classname="com.iciql.test.ProductDaoTest" time="0.002">
    <error type="java.lang.NullPointerException">java.lang.NullPointerException
	at com.iciql.test.ProductDaoTest.tearDown(ProductDaoTest.java:57)
</error>
  </testcase>
  <testcase name="testUpdateStatementsReturnsSuccess" classname="com.iciql.test.ProductDaoTest" time="0.001">
    <error message="Unsupported type [Z" type="com.iciql.IciqlException">com.iciql.IciqlException: Unsupported type [Z
	at com.iciql.test.ProductDaoTest.setUp(ProductDaoTest.java:49)
</error>
  </testcase>
  <testcase name="testUpdateStatementsReturnsSuccess" classname="com.iciql.test.ProductDaoTest" time="0.001">
    <error type="java.lang.NullPointerException">java.lang.NullPointerException
	at com.iciql.test.ProductDaoTest.tearDown(ProductDaoTest.java:57)
</error>
  </testcase>
  <testcase name="testUpdateWithDataTypeAdapter" classname="com.iciql.test.ProductDaoTest" time="0.002">
    <error message="Unsupported type [Z" type="com.iciql.IciqlException">com.iciql.IciqlException: Unsupported type [Z
	at com.iciql.test.ProductDaoTest.setUp(ProductDaoTest.java:49)
</error>
  </testcase>
  <testcase name="testUpdateWithDataTypeAdapter" classname="com.iciql.test.ProductDaoTest" time="0.002">
    <error type="java.lang.NullPointerException">java.lang.NullPointerException
	at com.iciql.test.ProductDaoTest.tearDown(ProductDaoTest.java:57)
</error>
  </testcase>
  <testcase name="testDefaultProdResourceQueryReturnModels" classname="com.iciql.test.ProductDaoTest" time="0.001">
    <error message="Unsupported type [Z" type="com.iciql.IciqlException">com.iciql.IciqlException: Unsupported type [Z
	at com.iciql.test.ProductDaoTest.setUp(ProductDaoTest.java:49)
</error>
  </testcase>
  <testcase name="testDefaultProdResourceQueryReturnModels" classname="com.iciql.test.ProductDaoTest" time="0.001">
    <error type="java.lang.NullPointerException">java.lang.NullPointerException
	at com.iciql.test.ProductDaoTest.tearDown(ProductDaoTest.java:57)
</error>
  </testcase>
  <testcase name="testUpdateStatementsReturnsCount" classname="com.iciql.test.ProductDaoTest" time="0.002">
    <error message="Unsupported type [Z" type="com.iciql.IciqlException">com.iciql.IciqlException: Unsupported type [Z
	at com.iciql.test.ProductDaoTest.setUp(ProductDaoTest.java:49)
</error>
  </testcase>
  <testcase name="testUpdateStatementsReturnsCount" classname="com.iciql.test.ProductDaoTest" time="0.002">
    <error type="java.lang.NullPointerException">java.lang.NullPointerException
	at com.iciql.test.ProductDaoTest.tearDown(ProductDaoTest.java:57)
</error>
  </testcase>
  <testcase name="testQueryReturnFields" classname="com.iciql.test.ProductDaoTest" time="0.001">
    <error message="Unsupported type [Z" type="com.iciql.IciqlException">com.iciql.IciqlException: Unsupported type [Z
	at com.iciql.test.ProductDaoTest.setUp(ProductDaoTest.java:49)
</error>
  </testcase>
  <testcase name="testQueryReturnFields" classname="com.iciql.test.ProductDaoTest" time="0.002">
    <error type="java.lang.NullPointerException">java.lang.NullPointerException
	at com.iciql.test.ProductDaoTest.tearDown(ProductDaoTest.java:57)
</error>
  </testcase>
  <testcase name="testQueryReturnModels" classname="com.iciql.test.ProductDaoTest" time="0.001">
    <error message="Unsupported type [Z" type="com.iciql.IciqlException">com.iciql.IciqlException: Unsupported type [Z
	at com.iciql.test.ProductDaoTest.setUp(ProductDaoTest.java:49)
</error>
  </testcase>
  <testcase name="testQueryReturnModels" classname="com.iciql.test.ProductDaoTest" time="0.001">
    <error type="java.lang.NullPointerException">java.lang.NullPointerException
	at com.iciql.test.ProductDaoTest.tearDown(ProductDaoTest.java:57)
</error>
  </testcase>
  <testcase name="testQueryCollectionReturnType" classname="com.iciql.test.ProductDaoTest" time="0.003">
    <error message="Unsupported type [Z" type="com.iciql.IciqlException">com.iciql.IciqlException: Unsupported type [Z
	at com.iciql.test.ProductDaoTest.setUp(ProductDaoTest.java:49)
</error>
  </testcase>
  <testcase name="testQueryCollectionReturnType" classname="com.iciql.test.ProductDaoTest" time="0.003">
    <error type="java.lang.NullPointerException">java.lang.NullPointerException
	at com.iciql.test.ProductDaoTest.tearDown(ProductDaoTest.java:57)
</error>
  </testcase>
  <testcase name="testQueryBeanBinding" classname="com.iciql.test.ProductDaoTest" time="0.002">
    <error message="Unsupported type [Z" type="com.iciql.IciqlException">com.iciql.IciqlException: Unsupported type [Z
	at com.iciql.test.ProductDaoTest.setUp(ProductDaoTest.java:49)
</error>
  </testcase>
  <testcase name="testQueryBeanBinding" classname="com.iciql.test.ProductDaoTest" time="0.002">
    <error type="java.lang.NullPointerException">java.lang.NullPointerException
	at com.iciql.test.ProductDaoTest.tearDown(ProductDaoTest.java:57)
</error>
  </testcase>
  <testcase name="testJDBCPlaceholderParameterBinding" classname="com.iciql.test.ProductDaoTest" time="0.002">
    <error message="Unsupported type [Z" type="com.iciql.IciqlException">com.iciql.IciqlException: Unsupported type [Z
	at com.iciql.test.ProductDaoTest.setUp(ProductDaoTest.java:49)
</error>
  </testcase>
  <testcase name="testJDBCPlaceholderParameterBinding" classname="com.iciql.test.ProductDaoTest" time="0.002">
    <error type="java.lang.NullPointerException">java.lang.NullPointerException
	at com.iciql.test.ProductDaoTest.tearDown(ProductDaoTest.java:57)
</error>
  </testcase>
  <testcase name="testQueryVoidReturnType" classname="com.iciql.test.ProductDaoTest" time="0.002">
    <error message="Unsupported type [Z" type="com.iciql.IciqlException">com.iciql.IciqlException: Unsupported type [Z
	at com.iciql.test.ProductDaoTest.setUp(ProductDaoTest.java:49)
</error>
  </testcase>
  <testcase name="testQueryVoidReturnType" classname="com.iciql.test.ProductDaoTest" time="0.002">
    <error type="java.lang.NullPointerException">java.lang.NullPointerException
	at com.iciql.test.ProductDaoTest.tearDown(ProductDaoTest.java:57)
</error>
  </testcase>
  <testcase name="testQueryReturnField" classname="com.iciql.test.ProductDaoTest" time="0.001">
    <error message="Unsupported type [Z" type="com.iciql.IciqlException">com.iciql.IciqlException: Unsupported type [Z
	at com.iciql.test.ProductDaoTest.setUp(ProductDaoTest.java:49)
</error>
  </testcase>
  <testcase name="testQueryReturnField" classname="com.iciql.test.ProductDaoTest" time="0.001">
    <error type="java.lang.NullPointerException">java.lang.NullPointerException
	at com.iciql.test.ProductDaoTest.tearDown(ProductDaoTest.java:57)
</error>
  </testcase>
  <testcase name="testDevResourceQueryReturnModels" classname="com.iciql.test.ProductDaoTest" time="0.002">
    <error message="Unsupported type [Z" type="com.iciql.IciqlException">com.iciql.IciqlException: Unsupported type [Z
	at com.iciql.test.ProductDaoTest.setUp(ProductDaoTest.java:49)
</error>
  </testcase>
  <testcase name="testDevResourceQueryReturnModels" classname="com.iciql.test.ProductDaoTest" time="0.002">
    <error type="java.lang.NullPointerException">java.lang.NullPointerException
	at com.iciql.test.ProductDaoTest.tearDown(ProductDaoTest.java:57)
</error>
  </testcase>
  <testcase name="testUpdateStatements" classname="com.iciql.test.ProductDaoTest" time="0.002">
    <error message="Unsupported type [Z" type="com.iciql.IciqlException">com.iciql.IciqlException: Unsupported type [Z
	at com.iciql.test.ProductDaoTest.setUp(ProductDaoTest.java:49)
</error>
  </testcase>
  <testcase name="testUpdateStatements" classname="com.iciql.test.ProductDaoTest" time="0.002">
    <error type="java.lang.NullPointerException">java.lang.NullPointerException
	at com.iciql.test.ProductDaoTest.tearDown(ProductDaoTest.java:57)
</error>
  </testcase>
  <testcase name="testQueryNamedOrIndexedParameterBinding" classname="com.iciql.test.ProductDaoTest" time="0.001">
    <error message="Unsupported type [Z" type="com.iciql.IciqlException">com.iciql.IciqlException: Unsupported type [Z
	at com.iciql.test.ProductDaoTest.setUp(ProductDaoTest.java:49)
</error>
  </testcase>
  <testcase name="testQueryNamedOrIndexedParameterBinding" classname="com.iciql.test.ProductDaoTest" time="0.001">
    <error type="java.lang.NullPointerException">java.lang.NullPointerException
	at com.iciql.test.ProductDaoTest.tearDown(ProductDaoTest.java:57)
</error>
  </testcase>
  <testcase name="testQueryIgnoreDoubleDelimiter" classname="com.iciql.test.ProductDaoTest" time="0.002">
    <error message="Unsupported type [Z" type="com.iciql.IciqlException">com.iciql.IciqlException: Unsupported type [Z
	at com.iciql.test.ProductDaoTest.setUp(ProductDaoTest.java:49)
</error>
  </testcase>
  <testcase name="testQueryIgnoreDoubleDelimiter" classname="com.iciql.test.ProductDaoTest" time="0.002">
    <error type="java.lang.NullPointerException">java.lang.NullPointerException
	at com.iciql.test.ProductDaoTest.tearDown(ProductDaoTest.java:57)
</error>
  </testcase>
  <testcase name="testBitwiseAndWhereCondition" classname="com.iciql.test.BitwiseConditionTest" time="0.001">
    <error message="Unsupported type [Z" type="com.iciql.IciqlException">com.iciql.IciqlException: Unsupported type [Z
	at com.iciql.test.BitwiseConditionTest.setUp(BitwiseConditionTest.java:48)
</error>
  </testcase>
  <testcase name="testBitwiseAndWhereCondition" classname="com.iciql.test.BitwiseConditionTest" time="0.002">
    <error type="java.lang.NullPointerException">java.lang.NullPointerException
	at com.iciql.test.BitwiseConditionTest.tearDown(BitwiseConditionTest.java:54)
</error>
  </testcase>
  <testcase name="testBitwiseXorWhereCondition" classname="com.iciql.test.BitwiseConditionTest" time="0.001">
    <error message="Unsupported type [Z" type="com.iciql.IciqlException">com.iciql.IciqlException: Unsupported type [Z
	at com.iciql.test.BitwiseConditionTest.setUp(BitwiseConditionTest.java:48)
</error>
  </testcase>
  <testcase name="testBitwiseXorWhereCondition" classname="com.iciql.test.BitwiseConditionTest" time="0.001">
    <error type="java.lang.NullPointerException">java.lang.NullPointerException
	at com.iciql.test.BitwiseConditionTest.tearDown(BitwiseConditionTest.java:54)
</error>
  </testcase>
</testsuite>