<?xml version="1.0" encoding="UTF-8"?>
<testsuite xmlns:xsi="http://www.w3.org/2001/XMLSchema-instance" xsi:schemaLocation="https://maven.apache.org/surefire/maven-surefire-plugin/xsd/surefire-test-report.xsd" name="com.spapageo.thmmyrss.client.AnnouncementFetcherTest" time="33.665" tests="3" errors="3" skipped="0" failures="0">
  <properties>
    <property name="java.runtime.name" value="OpenJDK Runtime Environment"/>
    <property name="sun.boot.library.path" value="/usr/local/openjdk-8/jre/lib/amd64"/>
    <property name="java.vm.version" value="25.262-b10"/>
    <property name="animal.sniffer.skip" value="true"/>
    <property name="java.vm.vendor" value="Oracle Corporation"/>
    <property name="maven.multiModuleProjectDirectory" value="/tmp/tmpv5_j8d0s/ethmmyrss"/>
    <property name="maven.javadoc.skip" value="true"/>
    <property name="java.vendor.url" value="http://java.oracle.com/"/>
    <property name="path.separator" value=":"/>
    <property name="guice.disable.misplaced.annotation.check" value="true"/>
    <property name="java.vm.name" value="OpenJDK 64-Bit Server VM"/>
    <property name="file.encoding.pkg" value="sun.io"/>
    <property name="sun.java.launcher" value="SUN_STANDARD"/>
    <property name="sun.os.patch.level" value="unknown"/>
    <property name="source.skip" value="true"/>
    <property name="java.vm.specification.name" value="Java Virtual Machine Specification"/>
    <property name="user.dir" value="/tmp/tmpv5_j8d0s/ethmmyrss"/>
    <property name="java.runtime.version" value="1.8.0_262-b10"/>
    <property name="java.awt.graphicsenv" value="sun.awt.X11GraphicsEnvironment"/>
    <property name="java.endorsed.dirs" value="/usr/local/openjdk-8/jre/lib/endorsed"/>
    <property name="os.arch" value="amd64"/>
    <property name="java.io.tmpdir" value="/tmp"/>
    <property name="line.separator" value="&#10;"/>
    <property name="java.vm.specification.vendor" value="Oracle Corporation"/>
    <property name="os.name" value="Linux"/>
    <property name="classworlds.conf" value="/usr/share/maven/bin/m2.conf"/>
    <property name="sun.jnu.encoding" value="UTF-8"/>
    <property name="java.library.path" value="/usr/java/packages/lib/amd64:/usr/lib64:/lib64:/lib:/usr/lib"/>
    <property name="license.skip" value="true"/>
    <property name="maven.conf" value="/usr/share/maven/conf"/>
    <property name="java.specification.name" value="Java Platform API Specification"/>
    <property name="java.class.version" value="52.0"/>
    <property name="sun.management.compiler" value="HotSpot 64-Bit Tiered Compilers"/>
    <property name="maven.test.failure.ignore" value="true"/>
    <property name="os.version" value="4.15.0-109-generic"/>
    <property name="library.jansi.path" value="/usr/share/maven/lib/jansi-native"/>
    <property name="user.home" value="/home/jdbl"/>
    <property name="user.timezone" value="Etc/UTC"/>
    <property name="java.awt.printerjob" value="sun.print.PSPrinterJob"/>
    <property name="java.specification.version" value="1.8"/>
    <property name="file.encoding" value="UTF-8"/>
    <property name="user.name" value="jdbl"/>
    <property name="java.class.path" value="/usr/share/maven/boot/plexus-classworlds-2.6.0.jar"/>
    <property name="java.vm.specification.version" value="1.8"/>
    <property name="sun.arch.data.model" value="64"/>
    <property name="java.home" value="/usr/local/openjdk-8/jre"/>
    <property name="sun.java.command" value="org.codehaus.plexus.classworlds.launcher.Launcher test -e --fail-never -ntp -Dmaven.test.failure.ignore=true -B -Dmaven.javadoc.skip=true -Drat.skip=true -Danimal.sniffer.skip=true -Dmaven.javadoc.skip=true -Dlicense.skip=true -Dsource.skip=true"/>
    <property name="java.specification.vendor" value="Oracle Corporation"/>
    <property name="user.language" value="en"/>
    <property name="awt.toolkit" value="sun.awt.X11.XToolkit"/>
    <property name="java.vm.info" value="mixed mode"/>
    <property name="java.version" value="1.8.0_262"/>
    <property name="java.ext.dirs" value="/usr/local/openjdk-8/jre/lib/ext:/usr/java/packages/lib/ext"/>
    <property name="securerandom.source" value="file:/dev/./urandom"/>
    <property name="sun.boot.class.path" value="/usr/local/openjdk-8/jre/lib/resources.jar:/usr/local/openjdk-8/jre/lib/rt.jar:/usr/local/openjdk-8/jre/lib/sunrsasign.jar:/usr/local/openjdk-8/jre/lib/jsse.jar:/usr/local/openjdk-8/jre/lib/jce.jar:/usr/local/openjdk-8/jre/lib/charsets.jar:/usr/local/openjdk-8/jre/lib/jfr.jar:/usr/local/openjdk-8/jre/classes"/>
    <property name="java.vendor" value="Oracle Corporation"/>
    <property name="rat.skip" value="true"/>
    <property name="maven.home" value="/usr/share/maven"/>
    <property name="file.separator" value="/"/>
    <property name="java.vendor.url.bug" value="http://bugreport.sun.com/bugreport/"/>
    <property name="sun.cpu.endian" value="little"/>
    <property name="sun.io.unicode.encoding" value="UnicodeLittle"/>
    <property name="sun.cpu.isalist" value=""/>
  </properties>
  <testcase name="login" classname="com.spapageo.thmmyrss.client.AnnouncementFetcherTest" time="10.39">
    <error message="org.apache.http.conn.ConnectTimeoutException: Connect to alexander.ee.auth.gr:8083 [alexander.ee.auth.gr/155.207.33.32] failed: connect timed out" type="javax.ws.rs.ProcessingException">javax.ws.rs.ProcessingException: org.apache.http.conn.ConnectTimeoutException: Connect to alexander.ee.auth.gr:8083 [alexander.ee.auth.gr/155.207.33.32] failed: connect timed out
	at com.spapageo.thmmyrss.client.AnnouncementFetcherTest.login(AnnouncementFetcherTest.java:35)
Caused by: org.apache.http.conn.ConnectTimeoutException: Connect to alexander.ee.auth.gr:8083 [alexander.ee.auth.gr/155.207.33.32] failed: connect timed out
	at com.spapageo.thmmyrss.client.AnnouncementFetcherTest.login(AnnouncementFetcherTest.java:35)
Caused by: java.net.SocketTimeoutException: connect timed out
	at com.spapageo.thmmyrss.client.AnnouncementFetcherTest.login(AnnouncementFetcherTest.java:35)
</error>
    <system-out><![CDATA[INFO  [2020-07-30 19:30:30,164] org.eclipse.jetty.util.log: Logging initialized @1942ms to org.eclipse.jetty.util.log.Slf4jLog
INFO  [2020-07-30 19:30:30,263] io.dropwizard.server.DefaultServerFactory: Registering jersey handler with root path prefix: /
INFO  [2020-07-30 19:30:30,265] io.dropwizard.server.DefaultServerFactory: Registering admin handler with root path prefix: /
INFO  [2020-07-30 19:30:30,268] io.dropwizard.assets.AssetsBundle: Registering AssetBundle with name: assets for path /assets/*
INFO  [2020-07-30 19:30:31,072] io.dropwizard.server.ServerFactory: Starting ThmmyRssApplication
INFO  [2020-07-30 19:30:31,190] org.eclipse.jetty.setuid.SetUIDListener: Opened application@178f3ded{HTTP/1.1,[http/1.1]}{0.0.0.0:8080}
INFO  [2020-07-30 19:30:31,193] org.eclipse.jetty.server.Server: jetty-9.4.7.v20170914
INFO  [2020-07-30 19:30:31,795] io.dropwizard.jersey.DropwizardResourceConfig: The following paths were found for the configured resources:

    GET     / (com.spapageo.ethmmyrss.resourses.IndexResource)
    GET     /service/feed/{id} (com.spapageo.ethmmyrss.resourses.FeedResource)

INFO  [2020-07-30 19:30:31,796] org.eclipse.jetty.server.handler.ContextHandler: Started i.d.j.MutableServletContextHandler@5743a94e{/,null,AVAILABLE}
INFO  [2020-07-30 19:30:31,806] org.eclipse.jetty.server.AbstractConnector: Started application@178f3ded{HTTP/1.1,[http/1.1]}{0.0.0.0:8080}
INFO  [2020-07-30 19:30:31,806] org.eclipse.jetty.server.Server: Started @3585ms
]]></system-out>
  </testcase>
  <testcase name="lessonLogin" classname="com.spapageo.thmmyrss.client.AnnouncementFetcherTest" time="10.026">
    <error message="org.apache.http.conn.ConnectTimeoutException: Connect to alexander.ee.auth.gr:8083 [alexander.ee.auth.gr/155.207.33.32] failed: connect timed out" type="javax.ws.rs.ProcessingException">javax.ws.rs.ProcessingException: org.apache.http.conn.ConnectTimeoutException: Connect to alexander.ee.auth.gr:8083 [alexander.ee.auth.gr/155.207.33.32] failed: connect timed out
	at com.spapageo.thmmyrss.client.AnnouncementFetcherTest.lessonLogin(AnnouncementFetcherTest.java:42)
Caused by: org.apache.http.conn.ConnectTimeoutException: Connect to alexander.ee.auth.gr:8083 [alexander.ee.auth.gr/155.207.33.32] failed: connect timed out
	at com.spapageo.thmmyrss.client.AnnouncementFetcherTest.lessonLogin(AnnouncementFetcherTest.java:42)
Caused by: java.net.SocketTimeoutException: connect timed out
	at com.spapageo.thmmyrss.client.AnnouncementFetcherTest.lessonLogin(AnnouncementFetcherTest.java:42)
</error>
  </testcase>
  <testcase name="lessonAnnouncements" classname="com.spapageo.thmmyrss.client.AnnouncementFetcherTest" time="10.013">
    <error message="org.apache.http.conn.ConnectTimeoutException: Connect to alexander.ee.auth.gr:8083 [alexander.ee.auth.gr/155.207.33.32] failed: connect timed out" type="javax.ws.rs.ProcessingException">javax.ws.rs.ProcessingException: org.apache.http.conn.ConnectTimeoutException: Connect to alexander.ee.auth.gr:8083 [alexander.ee.auth.gr/155.207.33.32] failed: connect timed out
	at com.spapageo.thmmyrss.client.AnnouncementFetcherTest.lessonAnnouncements(AnnouncementFetcherTest.java:51)
Caused by: org.apache.http.conn.ConnectTimeoutException: Connect to alexander.ee.auth.gr:8083 [alexander.ee.auth.gr/155.207.33.32] failed: connect timed out
	at com.spapageo.thmmyrss.client.AnnouncementFetcherTest.lessonAnnouncements(AnnouncementFetcherTest.java:51)
Caused by: java.net.SocketTimeoutException: connect timed out
	at com.spapageo.thmmyrss.client.AnnouncementFetcherTest.lessonAnnouncements(AnnouncementFetcherTest.java:51)
</error>
  </testcase>
</testsuite>