<?xml version="1.0" encoding="UTF-8"?>
<testsuite xmlns:xsi="http://www.w3.org/2001/XMLSchema-instance" xsi:schemaLocation="https://maven.apache.org/surefire/maven-surefire-plugin/xsd/surefire-test-report.xsd" name="de.uni_mannheim.desq.mining.spark.Icdm16TraditionalMiningTest" time="97.975" tests="1920" errors="0" skipped="0" failures="0">
  <properties>
    <property name="java.runtime.name" value="OpenJDK Runtime Environment"/>
    <property name="sun.boot.library.path" value="/usr/local/openjdk-8/jre/lib/amd64"/>
    <property name="java.vm.version" value="25.262-b10"/>
    <property name="animal.sniffer.skip" value="true"/>
    <property name="java.vm.vendor" value="Oracle Corporation"/>
    <property name="maven.multiModuleProjectDirectory" value="/tmp/tmpp1p_tkly/desq"/>
    <property name="maven.javadoc.skip" value="true"/>
    <property name="java.vendor.url" value="http://java.oracle.com/"/>
    <property name="path.separator" value=":"/>
    <property name="guice.disable.misplaced.annotation.check" value="true"/>
    <property name="java.vm.name" value="OpenJDK 64-Bit Server VM"/>
    <property name="file.encoding.pkg" value="sun.io"/>
    <property name="sun.java.launcher" value="SUN_STANDARD"/>
    <property name="sun.os.patch.level" value="unknown"/>
    <property name="source.skip" value="true"/>
    <property name="java.vm.specification.name" value="Java Virtual Machine Specification"/>
    <property name="user.dir" value="/tmp/tmpp1p_tkly/desq"/>
    <property name="java.runtime.version" value="1.8.0_262-b10"/>
    <property name="java.awt.graphicsenv" value="sun.awt.X11GraphicsEnvironment"/>
    <property name="java.endorsed.dirs" value="/usr/local/openjdk-8/jre/lib/endorsed"/>
    <property name="os.arch" value="amd64"/>
    <property name="java.io.tmpdir" value="/tmp"/>
    <property name="line.separator" value="&#10;"/>
    <property name="java.vm.specification.vendor" value="Oracle Corporation"/>
    <property name="os.name" value="Linux"/>
    <property name="classworlds.conf" value="/usr/share/maven/bin/m2.conf"/>
    <property name="sun.jnu.encoding" value="UTF-8"/>
    <property name="java.library.path" value="/usr/java/packages/lib/amd64:/usr/lib64:/lib64:/lib:/usr/lib"/>
    <property name="license.skip" value="true"/>
    <property name="maven.conf" value="/usr/share/maven/conf"/>
    <property name="java.specification.name" value="Java Platform API Specification"/>
    <property name="java.class.version" value="52.0"/>
    <property name="sun.management.compiler" value="HotSpot 64-Bit Tiered Compilers"/>
    <property name="maven.test.failure.ignore" value="true"/>
    <property name="os.version" value="4.15.0-109-generic"/>
    <property name="library.jansi.path" value="/usr/share/maven/lib/jansi-native"/>
    <property name="user.home" value="/home/jdbl"/>
    <property name="user.timezone" value="Etc/UTC"/>
    <property name="java.awt.printerjob" value="sun.print.PSPrinterJob"/>
    <property name="java.specification.version" value="1.8"/>
    <property name="file.encoding" value="UTF-8"/>
    <property name="user.name" value="jdbl"/>
    <property name="java.class.path" value="/usr/share/maven/boot/plexus-classworlds-2.6.0.jar"/>
    <property name="java.vm.specification.version" value="1.8"/>
    <property name="sun.arch.data.model" value="64"/>
    <property name="java.home" value="/usr/local/openjdk-8/jre"/>
    <property name="sun.java.command" value="org.codehaus.plexus.classworlds.launcher.Launcher test -e --fail-never -ntp -Dmaven.test.failure.ignore=true -B -Dmaven.javadoc.skip=true -Drat.skip=true -Danimal.sniffer.skip=true -Dmaven.javadoc.skip=true -Dlicense.skip=true -Dsource.skip=true"/>
    <property name="java.specification.vendor" value="Oracle Corporation"/>
    <property name="user.language" value="en"/>
    <property name="awt.toolkit" value="sun.awt.X11.XToolkit"/>
    <property name="java.vm.info" value="mixed mode"/>
    <property name="java.version" value="1.8.0_262"/>
    <property name="java.ext.dirs" value="/usr/local/openjdk-8/jre/lib/ext:/usr/java/packages/lib/ext"/>
    <property name="securerandom.source" value="file:/dev/./urandom"/>
    <property name="sun.boot.class.path" value="/usr/local/openjdk-8/jre/lib/resources.jar:/usr/local/openjdk-8/jre/lib/rt.jar:/usr/local/openjdk-8/jre/lib/sunrsasign.jar:/usr/local/openjdk-8/jre/lib/jsse.jar:/usr/local/openjdk-8/jre/lib/jce.jar:/usr/local/openjdk-8/jre/lib/charsets.jar:/usr/local/openjdk-8/jre/lib/jfr.jar:/usr/local/openjdk-8/jre/classes"/>
    <property name="java.vendor" value="Oracle Corporation"/>
    <property name="rat.skip" value="true"/>
    <property name="maven.home" value="/usr/share/maven"/>
    <property name="file.separator" value="/"/>
    <property name="java.vendor.url.bug" value="http://bugreport.sun.com/bugreport/"/>
    <property name="sun.cpu.endian" value="little"/>
    <property name="sun.io.unicode.encoding" value="UnicodeLittle"/>
    <property name="sun.cpu.isalist" value=""/>
  </properties>
  <testcase name="testDesqDataset[Icdm16TraditionalMiningTest-DesqCount-ffff-1-0-1-false-]" classname="de.uni_mannheim.desq.mining.spark.Icdm16TraditionalMiningTest" time="0.028"/>
  <testcase name="testGenericDesqDataset[Icdm16TraditionalMiningTest-DesqCount-ffff-1-0-1-false-]" classname="de.uni_mannheim.desq.mining.spark.Icdm16TraditionalMiningTest" time="0.034"/>
  <testcase name="testDesqDataset[Icdm16TraditionalMiningTest-DesqCount-ffff-1-0-1-true-]" classname="de.uni_mannheim.desq.mining.spark.Icdm16TraditionalMiningTest" time="0.044"/>
  <testcase name="testGenericDesqDataset[Icdm16TraditionalMiningTest-DesqCount-ffff-1-0-1-true-]" classname="de.uni_mannheim.desq.mining.spark.Icdm16TraditionalMiningTest" time="0.024"/>
  <testcase name="testDesqDataset[Icdm16TraditionalMiningTest-DesqCount-ffff-1-0-3-false-]" classname="de.uni_mannheim.desq.mining.spark.Icdm16TraditionalMiningTest" time="0.035"/>
  <testcase name="testGenericDesqDataset[Icdm16TraditionalMiningTest-DesqCount-ffff-1-0-3-false-]" classname="de.uni_mannheim.desq.mining.spark.Icdm16TraditionalMiningTest" time="0.037"/>
  <testcase name="testDesqDataset[Icdm16TraditionalMiningTest-DesqCount-ffff-1-0-3-true-]" classname="de.uni_mannheim.desq.mining.spark.Icdm16TraditionalMiningTest" time="0.08"/>
  <testcase name="testGenericDesqDataset[Icdm16TraditionalMiningTest-DesqCount-ffff-1-0-3-true-]" classname="de.uni_mannheim.desq.mining.spark.Icdm16TraditionalMiningTest" time="0.062"/>
  <testcase name="testDesqDataset[Icdm16TraditionalMiningTest-DesqCount-ffff-1-0-5-false-]" classname="de.uni_mannheim.desq.mining.spark.Icdm16TraditionalMiningTest" time="0.045"/>
  <testcase name="testGenericDesqDataset[Icdm16TraditionalMiningTest-DesqCount-ffff-1-0-5-false-]" classname="de.uni_mannheim.desq.mining.spark.Icdm16TraditionalMiningTest" time="0.043"/>
  <testcase name="testDesqDataset[Icdm16TraditionalMiningTest-DesqCount-ffff-1-0-5-true-]" classname="de.uni_mannheim.desq.mining.spark.Icdm16TraditionalMiningTest" time="0.047"/>
  <testcase name="testGenericDesqDataset[Icdm16TraditionalMiningTest-DesqCount-ffff-1-0-5-true-]" classname="de.uni_mannheim.desq.mining.spark.Icdm16TraditionalMiningTest" time="0.067"/>
  <testcase name="testDesqDataset[Icdm16TraditionalMiningTest-DesqCount-ffff-1-0-7-false-]" classname="de.uni_mannheim.desq.mining.spark.Icdm16TraditionalMiningTest" time="0.039"/>
  <testcase name="testGenericDesqDataset[Icdm16TraditionalMiningTest-DesqCount-ffff-1-0-7-false-]" classname="de.uni_mannheim.desq.mining.spark.Icdm16TraditionalMiningTest" time="0.218"/>
  <testcase name="testDesqDataset[Icdm16TraditionalMiningTest-DesqCount-ffff-1-0-7-true-]" classname="de.uni_mannheim.desq.mining.spark.Icdm16TraditionalMiningTest" time="0.167"/>
  <testcase name="testGenericDesqDataset[Icdm16TraditionalMiningTest-DesqCount-ffff-1-0-7-true-]" classname="de.uni_mannheim.desq.mining.spark.Icdm16TraditionalMiningTest" time="0.227"/>
  <testcase name="testDesqDataset[Icdm16TraditionalMiningTest-DesqCount-ffff-1-1-1-false-]" classname="de.uni_mannheim.desq.mining.spark.Icdm16TraditionalMiningTest" time="0.124"/>
  <testcase name="testGenericDesqDataset[Icdm16TraditionalMiningTest-DesqCount-ffff-1-1-1-false-]" classname="de.uni_mannheim.desq.mining.spark.Icdm16TraditionalMiningTest" time="0.197"/>
  <testcase name="testDesqDataset[Icdm16TraditionalMiningTest-DesqCount-ffff-1-1-1-true-]" classname="de.uni_mannheim.desq.mining.spark.Icdm16TraditionalMiningTest" time="0.097"/>
  <testcase name="testGenericDesqDataset[Icdm16TraditionalMiningTest-DesqCount-ffff-1-1-1-true-]" classname="de.uni_mannheim.desq.mining.spark.Icdm16TraditionalMiningTest" time="0.255"/>
  <testcase name="testDesqDataset[Icdm16TraditionalMiningTest-DesqCount-ffff-1-1-3-false-]" classname="de.uni_mannheim.desq.mining.spark.Icdm16TraditionalMiningTest" time="0.148"/>
  <testcase name="testGenericDesqDataset[Icdm16TraditionalMiningTest-DesqCount-ffff-1-1-3-false-]" classname="de.uni_mannheim.desq.mining.spark.Icdm16TraditionalMiningTest" time="0.126"/>
  <testcase name="testDesqDataset[Icdm16TraditionalMiningTest-DesqCount-ffff-1-1-3-true-]" classname="de.uni_mannheim.desq.mining.spark.Icdm16TraditionalMiningTest" time="0.051"/>
  <testcase name="testGenericDesqDataset[Icdm16TraditionalMiningTest-DesqCount-ffff-1-1-3-true-]" classname="de.uni_mannheim.desq.mining.spark.Icdm16TraditionalMiningTest" time="0.035"/>
  <testcase name="testDesqDataset[Icdm16TraditionalMiningTest-DesqCount-ffff-1-1-5-false-]" classname="de.uni_mannheim.desq.mining.spark.Icdm16TraditionalMiningTest" time="0.045"/>
  <testcase name="testGenericDesqDataset[Icdm16TraditionalMiningTest-DesqCount-ffff-1-1-5-false-]" classname="de.uni_mannheim.desq.mining.spark.Icdm16TraditionalMiningTest" time="0.038"/>
  <testcase name="testDesqDataset[Icdm16TraditionalMiningTest-DesqCount-ffff-1-1-5-true-]" classname="de.uni_mannheim.desq.mining.spark.Icdm16TraditionalMiningTest" time="0.066"/>
  <testcase name="testGenericDesqDataset[Icdm16TraditionalMiningTest-DesqCount-ffff-1-1-5-true-]" classname="de.uni_mannheim.desq.mining.spark.Icdm16TraditionalMiningTest" time="0.059"/>
  <testcase name="testDesqDataset[Icdm16TraditionalMiningTest-DesqCount-ffff-1-1-7-false-]" classname="de.uni_mannheim.desq.mining.spark.Icdm16TraditionalMiningTest" time="0.04"/>
  <testcase name="testGenericDesqDataset[Icdm16TraditionalMiningTest-DesqCount-ffff-1-1-7-false-]" classname="de.uni_mannheim.desq.mining.spark.Icdm16TraditionalMiningTest" time="0.033"/>
  <testcase name="testDesqDataset[Icdm16TraditionalMiningTest-DesqCount-ffff-1-1-7-true-]" classname="de.uni_mannheim.desq.mining.spark.Icdm16TraditionalMiningTest" time="0.049"/>
  <testcase name="testGenericDesqDataset[Icdm16TraditionalMiningTest-DesqCount-ffff-1-1-7-true-]" classname="de.uni_mannheim.desq.mining.spark.Icdm16TraditionalMiningTest" time="0.073"/>
  <testcase name="testDesqDataset[Icdm16TraditionalMiningTest-DesqCount-ffff-1-2-1-false-]" classname="de.uni_mannheim.desq.mining.spark.Icdm16TraditionalMiningTest" time="0.031"/>
  <testcase name="testGenericDesqDataset[Icdm16TraditionalMiningTest-DesqCount-ffff-1-2-1-false-]" classname="de.uni_mannheim.desq.mining.spark.Icdm16TraditionalMiningTest" time="0.035"/>
  <testcase name="testDesqDataset[Icdm16TraditionalMiningTest-DesqCount-ffff-1-2-1-true-]" classname="de.uni_mannheim.desq.mining.spark.Icdm16TraditionalMiningTest" time="0.032"/>
  <testcase name="testGenericDesqDataset[Icdm16TraditionalMiningTest-DesqCount-ffff-1-2-1-true-]" classname="de.uni_mannheim.desq.mining.spark.Icdm16TraditionalMiningTest" time="0.037"/>
  <testcase name="testDesqDataset[Icdm16TraditionalMiningTest-DesqCount-ffff-1-2-3-false-]" classname="de.uni_mannheim.desq.mining.spark.Icdm16TraditionalMiningTest" time="0.049"/>
  <testcase name="testGenericDesqDataset[Icdm16TraditionalMiningTest-DesqCount-ffff-1-2-3-false-]" classname="de.uni_mannheim.desq.mining.spark.Icdm16TraditionalMiningTest" time="0.041"/>
  <testcase name="testDesqDataset[Icdm16TraditionalMiningTest-DesqCount-ffff-1-2-3-true-]" classname="de.uni_mannheim.desq.mining.spark.Icdm16TraditionalMiningTest" time="0.235"/>
  <testcase name="testGenericDesqDataset[Icdm16TraditionalMiningTest-DesqCount-ffff-1-2-3-true-]" classname="de.uni_mannheim.desq.mining.spark.Icdm16TraditionalMiningTest" time="0.085"/>
  <testcase name="testDesqDataset[Icdm16TraditionalMiningTest-DesqCount-ffff-1-2-5-false-]" classname="de.uni_mannheim.desq.mining.spark.Icdm16TraditionalMiningTest" time="0.044"/>
  <testcase name="testGenericDesqDataset[Icdm16TraditionalMiningTest-DesqCount-ffff-1-2-5-false-]" classname="de.uni_mannheim.desq.mining.spark.Icdm16TraditionalMiningTest" time="0.046"/>
  <testcase name="testDesqDataset[Icdm16TraditionalMiningTest-DesqCount-ffff-1-2-5-true-]" classname="de.uni_mannheim.desq.mining.spark.Icdm16TraditionalMiningTest" time="0.212"/>
  <testcase name="testGenericDesqDataset[Icdm16TraditionalMiningTest-DesqCount-ffff-1-2-5-true-]" classname="de.uni_mannheim.desq.mining.spark.Icdm16TraditionalMiningTest" time="0.192"/>
  <testcase name="testDesqDataset[Icdm16TraditionalMiningTest-DesqCount-ffff-1-2-7-false-]" classname="de.uni_mannheim.desq.mining.spark.Icdm16TraditionalMiningTest" time="0.126"/>
  <testcase name="testGenericDesqDataset[Icdm16TraditionalMiningTest-DesqCount-ffff-1-2-7-false-]" classname="de.uni_mannheim.desq.mining.spark.Icdm16TraditionalMiningTest" time="0.151"/>
  <testcase name="testDesqDataset[Icdm16TraditionalMiningTest-DesqCount-ffff-1-2-7-true-]" classname="de.uni_mannheim.desq.mining.spark.Icdm16TraditionalMiningTest" time="0.135"/>
  <testcase name="testGenericDesqDataset[Icdm16TraditionalMiningTest-DesqCount-ffff-1-2-7-true-]" classname="de.uni_mannheim.desq.mining.spark.Icdm16TraditionalMiningTest" time="0.067"/>
  <testcase name="testDesqDataset[Icdm16TraditionalMiningTest-DesqCount-ffff-3-0-1-false-]" classname="de.uni_mannheim.desq.mining.spark.Icdm16TraditionalMiningTest" time="0.045"/>
  <testcase name="testGenericDesqDataset[Icdm16TraditionalMiningTest-DesqCount-ffff-3-0-1-false-]" classname="de.uni_mannheim.desq.mining.spark.Icdm16TraditionalMiningTest" time="0.088"/>
  <testcase name="testDesqDataset[Icdm16TraditionalMiningTest-DesqCount-ffff-3-0-1-true-]" classname="de.uni_mannheim.desq.mining.spark.Icdm16TraditionalMiningTest" time="0.069"/>
  <testcase name="testGenericDesqDataset[Icdm16TraditionalMiningTest-DesqCount-ffff-3-0-1-true-]" classname="de.uni_mannheim.desq.mining.spark.Icdm16TraditionalMiningTest" time="0.044"/>
  <testcase name="testDesqDataset[Icdm16TraditionalMiningTest-DesqCount-ffff-3-0-3-false-]" classname="de.uni_mannheim.desq.mining.spark.Icdm16TraditionalMiningTest" time="0.074"/>
  <testcase name="testGenericDesqDataset[Icdm16TraditionalMiningTest-DesqCount-ffff-3-0-3-false-]" classname="de.uni_mannheim.desq.mining.spark.Icdm16TraditionalMiningTest" time="0.042"/>
  <testcase name="testDesqDataset[Icdm16TraditionalMiningTest-DesqCount-ffff-3-0-3-true-]" classname="de.uni_mannheim.desq.mining.spark.Icdm16TraditionalMiningTest" time="0.06"/>
  <testcase name="testGenericDesqDataset[Icdm16TraditionalMiningTest-DesqCount-ffff-3-0-3-true-]" classname="de.uni_mannheim.desq.mining.spark.Icdm16TraditionalMiningTest" time="0.089"/>
  <testcase name="testDesqDataset[Icdm16TraditionalMiningTest-DesqCount-ffff-3-0-5-false-]" classname="de.uni_mannheim.desq.mining.spark.Icdm16TraditionalMiningTest" time="0.026"/>
  <testcase name="testGenericDesqDataset[Icdm16TraditionalMiningTest-DesqCount-ffff-3-0-5-false-]" classname="de.uni_mannheim.desq.mining.spark.Icdm16TraditionalMiningTest" time="0.152"/>
  <testcase name="testDesqDataset[Icdm16TraditionalMiningTest-DesqCount-ffff-3-0-5-true-]" classname="de.uni_mannheim.desq.mining.spark.Icdm16TraditionalMiningTest" time="0.121"/>
  <testcase name="testGenericDesqDataset[Icdm16TraditionalMiningTest-DesqCount-ffff-3-0-5-true-]" classname="de.uni_mannheim.desq.mining.spark.Icdm16TraditionalMiningTest" time="0.132"/>
  <testcase name="testDesqDataset[Icdm16TraditionalMiningTest-DesqCount-ffff-3-0-7-false-]" classname="de.uni_mannheim.desq.mining.spark.Icdm16TraditionalMiningTest" time="0.063"/>
  <testcase name="testGenericDesqDataset[Icdm16TraditionalMiningTest-DesqCount-ffff-3-0-7-false-]" classname="de.uni_mannheim.desq.mining.spark.Icdm16TraditionalMiningTest" time="0.098"/>
  <testcase name="testDesqDataset[Icdm16TraditionalMiningTest-DesqCount-ffff-3-0-7-true-]" classname="de.uni_mannheim.desq.mining.spark.Icdm16TraditionalMiningTest" time="0.086"/>
  <testcase name="testGenericDesqDataset[Icdm16TraditionalMiningTest-DesqCount-ffff-3-0-7-true-]" classname="de.uni_mannheim.desq.mining.spark.Icdm16TraditionalMiningTest" time="0.064"/>
  <testcase name="testDesqDataset[Icdm16TraditionalMiningTest-DesqCount-ffff-3-1-1-false-]" classname="de.uni_mannheim.desq.mining.spark.Icdm16TraditionalMiningTest" time="0.075"/>
  <testcase name="testGenericDesqDataset[Icdm16TraditionalMiningTest-DesqCount-ffff-3-1-1-false-]" classname="de.uni_mannheim.desq.mining.spark.Icdm16TraditionalMiningTest" time="0.174"/>
  <testcase name="testDesqDataset[Icdm16TraditionalMiningTest-DesqCount-ffff-3-1-1-true-]" classname="de.uni_mannheim.desq.mining.spark.Icdm16TraditionalMiningTest" time="0.029"/>
  <testcase name="testGenericDesqDataset[Icdm16TraditionalMiningTest-DesqCount-ffff-3-1-1-true-]" classname="de.uni_mannheim.desq.mining.spark.Icdm16TraditionalMiningTest" time="0.21"/>
  <testcase name="testDesqDataset[Icdm16TraditionalMiningTest-DesqCount-ffff-3-1-3-false-]" classname="de.uni_mannheim.desq.mining.spark.Icdm16TraditionalMiningTest" time="0.098"/>
  <testcase name="testGenericDesqDataset[Icdm16TraditionalMiningTest-DesqCount-ffff-3-1-3-false-]" classname="de.uni_mannheim.desq.mining.spark.Icdm16TraditionalMiningTest" time="0.083"/>
  <testcase name="testDesqDataset[Icdm16TraditionalMiningTest-DesqCount-ffff-3-1-3-true-]" classname="de.uni_mannheim.desq.mining.spark.Icdm16TraditionalMiningTest" time="0.126"/>
  <testcase name="testGenericDesqDataset[Icdm16TraditionalMiningTest-DesqCount-ffff-3-1-3-true-]" classname="de.uni_mannheim.desq.mining.spark.Icdm16TraditionalMiningTest" time="0.083"/>
  <testcase name="testDesqDataset[Icdm16TraditionalMiningTest-DesqCount-ffff-3-1-5-false-]" classname="de.uni_mannheim.desq.mining.spark.Icdm16TraditionalMiningTest" time="0.114"/>
  <testcase name="testGenericDesqDataset[Icdm16TraditionalMiningTest-DesqCount-ffff-3-1-5-false-]" classname="de.uni_mannheim.desq.mining.spark.Icdm16TraditionalMiningTest" time="0.125"/>
  <testcase name="testDesqDataset[Icdm16TraditionalMiningTest-DesqCount-ffff-3-1-5-true-]" classname="de.uni_mannheim.desq.mining.spark.Icdm16TraditionalMiningTest" time="0.142"/>
  <testcase name="testGenericDesqDataset[Icdm16TraditionalMiningTest-DesqCount-ffff-3-1-5-true-]" classname="de.uni_mannheim.desq.mining.spark.Icdm16TraditionalMiningTest" time="0.413"/>
  <testcase name="testDesqDataset[Icdm16TraditionalMiningTest-DesqCount-ffff-3-1-7-false-]" classname="de.uni_mannheim.desq.mining.spark.Icdm16TraditionalMiningTest" time="0.066"/>
  <testcase name="testGenericDesqDataset[Icdm16TraditionalMiningTest-DesqCount-ffff-3-1-7-false-]" classname="de.uni_mannheim.desq.mining.spark.Icdm16TraditionalMiningTest" time="0.206"/>
  <testcase name="testDesqDataset[Icdm16TraditionalMiningTest-DesqCount-ffff-3-1-7-true-]" classname="de.uni_mannheim.desq.mining.spark.Icdm16TraditionalMiningTest" time="0.092"/>
  <testcase name="testGenericDesqDataset[Icdm16TraditionalMiningTest-DesqCount-ffff-3-1-7-true-]" classname="de.uni_mannheim.desq.mining.spark.Icdm16TraditionalMiningTest" time="0.163"/>
  <testcase name="testDesqDataset[Icdm16TraditionalMiningTest-DesqCount-ffff-3-2-1-false-]" classname="de.uni_mannheim.desq.mining.spark.Icdm16TraditionalMiningTest" time="0.386"/>
  <testcase name="testGenericDesqDataset[Icdm16TraditionalMiningTest-DesqCount-ffff-3-2-1-false-]" classname="de.uni_mannheim.desq.mining.spark.Icdm16TraditionalMiningTest" time="0.13"/>
  <testcase name="testDesqDataset[Icdm16TraditionalMiningTest-DesqCount-ffff-3-2-1-true-]" classname="de.uni_mannheim.desq.mining.spark.Icdm16TraditionalMiningTest" time="0.05"/>
  <testcase name="testGenericDesqDataset[Icdm16TraditionalMiningTest-DesqCount-ffff-3-2-1-true-]" classname="de.uni_mannheim.desq.mining.spark.Icdm16TraditionalMiningTest" time="0.117"/>
  <testcase name="testDesqDataset[Icdm16TraditionalMiningTest-DesqCount-ffff-3-2-3-false-]" classname="de.uni_mannheim.desq.mining.spark.Icdm16TraditionalMiningTest" time="0.054"/>
  <testcase name="testGenericDesqDataset[Icdm16TraditionalMiningTest-DesqCount-ffff-3-2-3-false-]" classname="de.uni_mannheim.desq.mining.spark.Icdm16TraditionalMiningTest" time="0.048"/>
  <testcase name="testDesqDataset[Icdm16TraditionalMiningTest-DesqCount-ffff-3-2-3-true-]" classname="de.uni_mannheim.desq.mining.spark.Icdm16TraditionalMiningTest" time="0.506"/>
  <testcase name="testGenericDesqDataset[Icdm16TraditionalMiningTest-DesqCount-ffff-3-2-3-true-]" classname="de.uni_mannheim.desq.mining.spark.Icdm16TraditionalMiningTest" time="0.055"/>
  <testcase name="testDesqDataset[Icdm16TraditionalMiningTest-DesqCount-ffff-3-2-5-false-]" classname="de.uni_mannheim.desq.mining.spark.Icdm16TraditionalMiningTest" time="0.252"/>
  <testcase name="testGenericDesqDataset[Icdm16TraditionalMiningTest-DesqCount-ffff-3-2-5-false-]" classname="de.uni_mannheim.desq.mining.spark.Icdm16TraditionalMiningTest" time="0.089"/>
  <testcase name="testDesqDataset[Icdm16TraditionalMiningTest-DesqCount-ffff-3-2-5-true-]" classname="de.uni_mannheim.desq.mining.spark.Icdm16TraditionalMiningTest" time="0.067"/>
  <testcase name="testGenericDesqDataset[Icdm16TraditionalMiningTest-DesqCount-ffff-3-2-5-true-]" classname="de.uni_mannheim.desq.mining.spark.Icdm16TraditionalMiningTest" time="0.175"/>
  <testcase name="testDesqDataset[Icdm16TraditionalMiningTest-DesqCount-ffff-3-2-7-false-]" classname="de.uni_mannheim.desq.mining.spark.Icdm16TraditionalMiningTest" time="0.043"/>
  <testcase name="testGenericDesqDataset[Icdm16TraditionalMiningTest-DesqCount-ffff-3-2-7-false-]" classname="de.uni_mannheim.desq.mining.spark.Icdm16TraditionalMiningTest" time="0.146"/>
  <testcase name="testDesqDataset[Icdm16TraditionalMiningTest-DesqCount-ffff-3-2-7-true-]" classname="de.uni_mannheim.desq.mining.spark.Icdm16TraditionalMiningTest" time="0.056"/>
  <testcase name="testGenericDesqDataset[Icdm16TraditionalMiningTest-DesqCount-ffff-3-2-7-true-]" classname="de.uni_mannheim.desq.mining.spark.Icdm16TraditionalMiningTest" time="0.058"/>
  <testcase name="testDesqDataset[Icdm16TraditionalMiningTest-DesqCount-ffff-5-0-1-false-]" classname="de.uni_mannheim.desq.mining.spark.Icdm16TraditionalMiningTest" time="0.034"/>
  <testcase name="testGenericDesqDataset[Icdm16TraditionalMiningTest-DesqCount-ffff-5-0-1-false-]" classname="de.uni_mannheim.desq.mining.spark.Icdm16TraditionalMiningTest" time="0.04"/>
  <testcase name="testDesqDataset[Icdm16TraditionalMiningTest-DesqCount-ffff-5-0-1-true-]" classname="de.uni_mannheim.desq.mining.spark.Icdm16TraditionalMiningTest" time="0.04"/>
  <testcase name="testGenericDesqDataset[Icdm16TraditionalMiningTest-DesqCount-ffff-5-0-1-true-]" classname="de.uni_mannheim.desq.mining.spark.Icdm16TraditionalMiningTest" time="0.152"/>
  <testcase name="testDesqDataset[Icdm16TraditionalMiningTest-DesqCount-ffff-5-0-3-false-]" classname="de.uni_mannheim.desq.mining.spark.Icdm16TraditionalMiningTest" time="0.036"/>
  <testcase name="testGenericDesqDataset[Icdm16TraditionalMiningTest-DesqCount-ffff-5-0-3-false-]" classname="de.uni_mannheim.desq.mining.spark.Icdm16TraditionalMiningTest" time="0.034"/>
  <testcase name="testDesqDataset[Icdm16TraditionalMiningTest-DesqCount-ffff-5-0-3-true-]" classname="de.uni_mannheim.desq.mining.spark.Icdm16TraditionalMiningTest" time="0.048"/>
  <testcase name="testGenericDesqDataset[Icdm16TraditionalMiningTest-DesqCount-ffff-5-0-3-true-]" classname="de.uni_mannheim.desq.mining.spark.Icdm16TraditionalMiningTest" time="0.042"/>
  <testcase name="testDesqDataset[Icdm16TraditionalMiningTest-DesqCount-ffff-5-0-5-false-]" classname="de.uni_mannheim.desq.mining.spark.Icdm16TraditionalMiningTest" time="0.041"/>
  <testcase name="testGenericDesqDataset[Icdm16TraditionalMiningTest-DesqCount-ffff-5-0-5-false-]" classname="de.uni_mannheim.desq.mining.spark.Icdm16TraditionalMiningTest" time="0.034"/>
  <testcase name="testDesqDataset[Icdm16TraditionalMiningTest-DesqCount-ffff-5-0-5-true-]" classname="de.uni_mannheim.desq.mining.spark.Icdm16TraditionalMiningTest" time="0.059"/>
  <testcase name="testGenericDesqDataset[Icdm16TraditionalMiningTest-DesqCount-ffff-5-0-5-true-]" classname="de.uni_mannheim.desq.mining.spark.Icdm16TraditionalMiningTest" time="0.118"/>
  <testcase name="testDesqDataset[Icdm16TraditionalMiningTest-DesqCount-ffff-5-0-7-false-]" classname="de.uni_mannheim.desq.mining.spark.Icdm16TraditionalMiningTest" time="0.184"/>
  <testcase name="testGenericDesqDataset[Icdm16TraditionalMiningTest-DesqCount-ffff-5-0-7-false-]" classname="de.uni_mannheim.desq.mining.spark.Icdm16TraditionalMiningTest" time="0.038"/>
  <testcase name="testDesqDataset[Icdm16TraditionalMiningTest-DesqCount-ffff-5-0-7-true-]" classname="de.uni_mannheim.desq.mining.spark.Icdm16TraditionalMiningTest" time="0.054"/>
  <testcase name="testGenericDesqDataset[Icdm16TraditionalMiningTest-DesqCount-ffff-5-0-7-true-]" classname="de.uni_mannheim.desq.mining.spark.Icdm16TraditionalMiningTest" time="0.037"/>
  <testcase name="testDesqDataset[Icdm16TraditionalMiningTest-DesqCount-ffff-5-1-1-false-]" classname="de.uni_mannheim.desq.mining.spark.Icdm16TraditionalMiningTest" time="0.037"/>
  <testcase name="testGenericDesqDataset[Icdm16TraditionalMiningTest-DesqCount-ffff-5-1-1-false-]" classname="de.uni_mannheim.desq.mining.spark.Icdm16TraditionalMiningTest" time="0.035"/>
  <testcase name="testDesqDataset[Icdm16TraditionalMiningTest-DesqCount-ffff-5-1-1-true-]" classname="de.uni_mannheim.desq.mining.spark.Icdm16TraditionalMiningTest" time="0.027"/>
  <testcase name="testGenericDesqDataset[Icdm16TraditionalMiningTest-DesqCount-ffff-5-1-1-true-]" classname="de.uni_mannheim.desq.mining.spark.Icdm16TraditionalMiningTest" time="0.036"/>
  <testcase name="testDesqDataset[Icdm16TraditionalMiningTest-DesqCount-ffff-5-1-3-false-]" classname="de.uni_mannheim.desq.mining.spark.Icdm16TraditionalMiningTest" time="0.041"/>
  <testcase name="testGenericDesqDataset[Icdm16TraditionalMiningTest-DesqCount-ffff-5-1-3-false-]" classname="de.uni_mannheim.desq.mining.spark.Icdm16TraditionalMiningTest" time="0.039"/>
  <testcase name="testDesqDataset[Icdm16TraditionalMiningTest-DesqCount-ffff-5-1-3-true-]" classname="de.uni_mannheim.desq.mining.spark.Icdm16TraditionalMiningTest" time="0.05"/>
  <testcase name="testGenericDesqDataset[Icdm16TraditionalMiningTest-DesqCount-ffff-5-1-3-true-]" classname="de.uni_mannheim.desq.mining.spark.Icdm16TraditionalMiningTest" time="0.041"/>
  <testcase name="testDesqDataset[Icdm16TraditionalMiningTest-DesqCount-ffff-5-1-5-false-]" classname="de.uni_mannheim.desq.mining.spark.Icdm16TraditionalMiningTest" time="0.038"/>
  <testcase name="testGenericDesqDataset[Icdm16TraditionalMiningTest-DesqCount-ffff-5-1-5-false-]" classname="de.uni_mannheim.desq.mining.spark.Icdm16TraditionalMiningTest" time="0.043"/>
  <testcase name="testDesqDataset[Icdm16TraditionalMiningTest-DesqCount-ffff-5-1-5-true-]" classname="de.uni_mannheim.desq.mining.spark.Icdm16TraditionalMiningTest" time="0.048"/>
  <testcase name="testGenericDesqDataset[Icdm16TraditionalMiningTest-DesqCount-ffff-5-1-5-true-]" classname="de.uni_mannheim.desq.mining.spark.Icdm16TraditionalMiningTest" time="0.057"/>
  <testcase name="testDesqDataset[Icdm16TraditionalMiningTest-DesqCount-ffff-5-1-7-false-]" classname="de.uni_mannheim.desq.mining.spark.Icdm16TraditionalMiningTest" time="0.041"/>
  <testcase name="testGenericDesqDataset[Icdm16TraditionalMiningTest-DesqCount-ffff-5-1-7-false-]" classname="de.uni_mannheim.desq.mining.spark.Icdm16TraditionalMiningTest" time="0.044"/>
  <testcase name="testDesqDataset[Icdm16TraditionalMiningTest-DesqCount-ffff-5-1-7-true-]" classname="de.uni_mannheim.desq.mining.spark.Icdm16TraditionalMiningTest" time="0.058"/>
  <testcase name="testGenericDesqDataset[Icdm16TraditionalMiningTest-DesqCount-ffff-5-1-7-true-]" classname="de.uni_mannheim.desq.mining.spark.Icdm16TraditionalMiningTest" time="0.063"/>
  <testcase name="testDesqDataset[Icdm16TraditionalMiningTest-DesqCount-ffff-5-2-1-false-]" classname="de.uni_mannheim.desq.mining.spark.Icdm16TraditionalMiningTest" time="0.027"/>
  <testcase name="testGenericDesqDataset[Icdm16TraditionalMiningTest-DesqCount-ffff-5-2-1-false-]" classname="de.uni_mannheim.desq.mining.spark.Icdm16TraditionalMiningTest" time="0.032"/>
  <testcase name="testDesqDataset[Icdm16TraditionalMiningTest-DesqCount-ffff-5-2-1-true-]" classname="de.uni_mannheim.desq.mining.spark.Icdm16TraditionalMiningTest" time="0.121"/>
  <testcase name="testGenericDesqDataset[Icdm16TraditionalMiningTest-DesqCount-ffff-5-2-1-true-]" classname="de.uni_mannheim.desq.mining.spark.Icdm16TraditionalMiningTest" time="0.037"/>
  <testcase name="testDesqDataset[Icdm16TraditionalMiningTest-DesqCount-ffff-5-2-3-false-]" classname="de.uni_mannheim.desq.mining.spark.Icdm16TraditionalMiningTest" time="0.033"/>
  <testcase name="testGenericDesqDataset[Icdm16TraditionalMiningTest-DesqCount-ffff-5-2-3-false-]" classname="de.uni_mannheim.desq.mining.spark.Icdm16TraditionalMiningTest" time="0.126"/>
  <testcase name="testDesqDataset[Icdm16TraditionalMiningTest-DesqCount-ffff-5-2-3-true-]" classname="de.uni_mannheim.desq.mining.spark.Icdm16TraditionalMiningTest" time="0.11"/>
  <testcase name="testGenericDesqDataset[Icdm16TraditionalMiningTest-DesqCount-ffff-5-2-3-true-]" classname="de.uni_mannheim.desq.mining.spark.Icdm16TraditionalMiningTest" time="0.119"/>
  <testcase name="testDesqDataset[Icdm16TraditionalMiningTest-DesqCount-ffff-5-2-5-false-]" classname="de.uni_mannheim.desq.mining.spark.Icdm16TraditionalMiningTest" time="0.159"/>
  <testcase name="testGenericDesqDataset[Icdm16TraditionalMiningTest-DesqCount-ffff-5-2-5-false-]" classname="de.uni_mannheim.desq.mining.spark.Icdm16TraditionalMiningTest" time="0.322"/>
  <testcase name="testDesqDataset[Icdm16TraditionalMiningTest-DesqCount-ffff-5-2-5-true-]" classname="de.uni_mannheim.desq.mining.spark.Icdm16TraditionalMiningTest" time="0.087"/>
  <testcase name="testGenericDesqDataset[Icdm16TraditionalMiningTest-DesqCount-ffff-5-2-5-true-]" classname="de.uni_mannheim.desq.mining.spark.Icdm16TraditionalMiningTest" time="0.136"/>
  <testcase name="testDesqDataset[Icdm16TraditionalMiningTest-DesqCount-ffff-5-2-7-false-]" classname="de.uni_mannheim.desq.mining.spark.Icdm16TraditionalMiningTest" time="0.076"/>
  <testcase name="testGenericDesqDataset[Icdm16TraditionalMiningTest-DesqCount-ffff-5-2-7-false-]" classname="de.uni_mannheim.desq.mining.spark.Icdm16TraditionalMiningTest" time="0.111"/>
  <testcase name="testDesqDataset[Icdm16TraditionalMiningTest-DesqCount-ffff-5-2-7-true-]" classname="de.uni_mannheim.desq.mining.spark.Icdm16TraditionalMiningTest" time="0.088"/>
  <testcase name="testGenericDesqDataset[Icdm16TraditionalMiningTest-DesqCount-ffff-5-2-7-true-]" classname="de.uni_mannheim.desq.mining.spark.Icdm16TraditionalMiningTest" time="0.059"/>
  <testcase name="testDesqDataset[Icdm16TraditionalMiningTest-DesqCount-ffff-7-0-1-false-]" classname="de.uni_mannheim.desq.mining.spark.Icdm16TraditionalMiningTest" time="0.031"/>
  <testcase name="testGenericDesqDataset[Icdm16TraditionalMiningTest-DesqCount-ffff-7-0-1-false-]" classname="de.uni_mannheim.desq.mining.spark.Icdm16TraditionalMiningTest" time="0.027"/>
  <testcase name="testDesqDataset[Icdm16TraditionalMiningTest-DesqCount-ffff-7-0-1-true-]" classname="de.uni_mannheim.desq.mining.spark.Icdm16TraditionalMiningTest" time="0.03"/>
  <testcase name="testGenericDesqDataset[Icdm16TraditionalMiningTest-DesqCount-ffff-7-0-1-true-]" classname="de.uni_mannheim.desq.mining.spark.Icdm16TraditionalMiningTest" time="0.039"/>
  <testcase name="testDesqDataset[Icdm16TraditionalMiningTest-DesqCount-ffff-7-0-3-false-]" classname="de.uni_mannheim.desq.mining.spark.Icdm16TraditionalMiningTest" time="0.044"/>
  <testcase name="testGenericDesqDataset[Icdm16TraditionalMiningTest-DesqCount-ffff-7-0-3-false-]" classname="de.uni_mannheim.desq.mining.spark.Icdm16TraditionalMiningTest" time="0.035"/>
  <testcase name="testDesqDataset[Icdm16TraditionalMiningTest-DesqCount-ffff-7-0-3-true-]" classname="de.uni_mannheim.desq.mining.spark.Icdm16TraditionalMiningTest" time="0.084"/>
  <testcase name="testGenericDesqDataset[Icdm16TraditionalMiningTest-DesqCount-ffff-7-0-3-true-]" classname="de.uni_mannheim.desq.mining.spark.Icdm16TraditionalMiningTest" time="0.043"/>
  <testcase name="testDesqDataset[Icdm16TraditionalMiningTest-DesqCount-ffff-7-0-5-false-]" classname="de.uni_mannheim.desq.mining.spark.Icdm16TraditionalMiningTest" time="0.035"/>
  <testcase name="testGenericDesqDataset[Icdm16TraditionalMiningTest-DesqCount-ffff-7-0-5-false-]" classname="de.uni_mannheim.desq.mining.spark.Icdm16TraditionalMiningTest" time="0.033"/>
  <testcase name="testDesqDataset[Icdm16TraditionalMiningTest-DesqCount-ffff-7-0-5-true-]" classname="de.uni_mannheim.desq.mining.spark.Icdm16TraditionalMiningTest" time="0.043"/>
  <testcase name="testGenericDesqDataset[Icdm16TraditionalMiningTest-DesqCount-ffff-7-0-5-true-]" classname="de.uni_mannheim.desq.mining.spark.Icdm16TraditionalMiningTest" time="0.045"/>
  <testcase name="testDesqDataset[Icdm16TraditionalMiningTest-DesqCount-ffff-7-0-7-false-]" classname="de.uni_mannheim.desq.mining.spark.Icdm16TraditionalMiningTest" time="0.325"/>
  <testcase name="testGenericDesqDataset[Icdm16TraditionalMiningTest-DesqCount-ffff-7-0-7-false-]" classname="de.uni_mannheim.desq.mining.spark.Icdm16TraditionalMiningTest" time="0.034"/>
  <testcase name="testDesqDataset[Icdm16TraditionalMiningTest-DesqCount-ffff-7-0-7-true-]" classname="de.uni_mannheim.desq.mining.spark.Icdm16TraditionalMiningTest" time="0.04"/>
  <testcase name="testGenericDesqDataset[Icdm16TraditionalMiningTest-DesqCount-ffff-7-0-7-true-]" classname="de.uni_mannheim.desq.mining.spark.Icdm16TraditionalMiningTest" time="0.044"/>
  <testcase name="testDesqDataset[Icdm16TraditionalMiningTest-DesqCount-ffff-7-1-1-false-]" classname="de.uni_mannheim.desq.mining.spark.Icdm16TraditionalMiningTest" time="0.026"/>
  <testcase name="testGenericDesqDataset[Icdm16TraditionalMiningTest-DesqCount-ffff-7-1-1-false-]" classname="de.uni_mannheim.desq.mining.spark.Icdm16TraditionalMiningTest" time="0.033"/>
  <testcase name="testDesqDataset[Icdm16TraditionalMiningTest-DesqCount-ffff-7-1-1-true-]" classname="de.uni_mannheim.desq.mining.spark.Icdm16TraditionalMiningTest" time="0.031"/>
  <testcase name="testGenericDesqDataset[Icdm16TraditionalMiningTest-DesqCount-ffff-7-1-1-true-]" classname="de.uni_mannheim.desq.mining.spark.Icdm16TraditionalMiningTest" time="0.209"/>
  <testcase name="testDesqDataset[Icdm16TraditionalMiningTest-DesqCount-ffff-7-1-3-false-]" classname="de.uni_mannheim.desq.mining.spark.Icdm16TraditionalMiningTest" time="0.031"/>
  <testcase name="testGenericDesqDataset[Icdm16TraditionalMiningTest-DesqCount-ffff-7-1-3-false-]" classname="de.uni_mannheim.desq.mining.spark.Icdm16TraditionalMiningTest" time="0.025"/>
  <testcase name="testDesqDataset[Icdm16TraditionalMiningTest-DesqCount-ffff-7-1-3-true-]" classname="de.uni_mannheim.desq.mining.spark.Icdm16TraditionalMiningTest" time="0.05"/>
  <testcase name="testGenericDesqDataset[Icdm16TraditionalMiningTest-DesqCount-ffff-7-1-3-true-]" classname="de.uni_mannheim.desq.mining.spark.Icdm16TraditionalMiningTest" time="0.043"/>
  <testcase name="testDesqDataset[Icdm16TraditionalMiningTest-DesqCount-ffff-7-1-5-false-]" classname="de.uni_mannheim.desq.mining.spark.Icdm16TraditionalMiningTest" time="0.045"/>
  <testcase name="testGenericDesqDataset[Icdm16TraditionalMiningTest-DesqCount-ffff-7-1-5-false-]" classname="de.uni_mannheim.desq.mining.spark.Icdm16TraditionalMiningTest" time="0.205"/>
  <testcase name="testDesqDataset[Icdm16TraditionalMiningTest-DesqCount-ffff-7-1-5-true-]" classname="de.uni_mannheim.desq.mining.spark.Icdm16TraditionalMiningTest" time="0.059"/>
  <testcase name="testGenericDesqDataset[Icdm16TraditionalMiningTest-DesqCount-ffff-7-1-5-true-]" classname="de.uni_mannheim.desq.mining.spark.Icdm16TraditionalMiningTest" time="0.075"/>
  <testcase name="testDesqDataset[Icdm16TraditionalMiningTest-DesqCount-ffff-7-1-7-false-]" classname="de.uni_mannheim.desq.mining.spark.Icdm16TraditionalMiningTest" time="0.043"/>
  <testcase name="testGenericDesqDataset[Icdm16TraditionalMiningTest-DesqCount-ffff-7-1-7-false-]" classname="de.uni_mannheim.desq.mining.spark.Icdm16TraditionalMiningTest" time="0.064"/>
  <testcase name="testDesqDataset[Icdm16TraditionalMiningTest-DesqCount-ffff-7-1-7-true-]" classname="de.uni_mannheim.desq.mining.spark.Icdm16TraditionalMiningTest" time="0.073"/>
  <testcase name="testGenericDesqDataset[Icdm16TraditionalMiningTest-DesqCount-ffff-7-1-7-true-]" classname="de.uni_mannheim.desq.mining.spark.Icdm16TraditionalMiningTest" time="0.062"/>
  <testcase name="testDesqDataset[Icdm16TraditionalMiningTest-DesqCount-ffff-7-2-1-false-]" classname="de.uni_mannheim.desq.mining.spark.Icdm16TraditionalMiningTest" time="0.034"/>
  <testcase name="testGenericDesqDataset[Icdm16TraditionalMiningTest-DesqCount-ffff-7-2-1-false-]" classname="de.uni_mannheim.desq.mining.spark.Icdm16TraditionalMiningTest" time="0.037"/>
  <testcase name="testDesqDataset[Icdm16TraditionalMiningTest-DesqCount-ffff-7-2-1-true-]" classname="de.uni_mannheim.desq.mining.spark.Icdm16TraditionalMiningTest" time="0.035"/>
  <testcase name="testGenericDesqDataset[Icdm16TraditionalMiningTest-DesqCount-ffff-7-2-1-true-]" classname="de.uni_mannheim.desq.mining.spark.Icdm16TraditionalMiningTest" time="0.041"/>
  <testcase name="testDesqDataset[Icdm16TraditionalMiningTest-DesqCount-ffff-7-2-3-false-]" classname="de.uni_mannheim.desq.mining.spark.Icdm16TraditionalMiningTest" time="0.039"/>
  <testcase name="testGenericDesqDataset[Icdm16TraditionalMiningTest-DesqCount-ffff-7-2-3-false-]" classname="de.uni_mannheim.desq.mining.spark.Icdm16TraditionalMiningTest" time="0.045"/>
  <testcase name="testDesqDataset[Icdm16TraditionalMiningTest-DesqCount-ffff-7-2-3-true-]" classname="de.uni_mannheim.desq.mining.spark.Icdm16TraditionalMiningTest" time="0.051"/>
  <testcase name="testGenericDesqDataset[Icdm16TraditionalMiningTest-DesqCount-ffff-7-2-3-true-]" classname="de.uni_mannheim.desq.mining.spark.Icdm16TraditionalMiningTest" time="0.254"/>
  <testcase name="testDesqDataset[Icdm16TraditionalMiningTest-DesqCount-ffff-7-2-5-false-]" classname="de.uni_mannheim.desq.mining.spark.Icdm16TraditionalMiningTest" time="0.058"/>
  <testcase name="testGenericDesqDataset[Icdm16TraditionalMiningTest-DesqCount-ffff-7-2-5-false-]" classname="de.uni_mannheim.desq.mining.spark.Icdm16TraditionalMiningTest" time="0.044"/>
  <testcase name="testDesqDataset[Icdm16TraditionalMiningTest-DesqCount-ffff-7-2-5-true-]" classname="de.uni_mannheim.desq.mining.spark.Icdm16TraditionalMiningTest" time="0.061"/>
  <testcase name="testGenericDesqDataset[Icdm16TraditionalMiningTest-DesqCount-ffff-7-2-5-true-]" classname="de.uni_mannheim.desq.mining.spark.Icdm16TraditionalMiningTest" time="0.046"/>
  <testcase name="testDesqDataset[Icdm16TraditionalMiningTest-DesqCount-ffff-7-2-7-false-]" classname="de.uni_mannheim.desq.mining.spark.Icdm16TraditionalMiningTest" time="0.05"/>
  <testcase name="testGenericDesqDataset[Icdm16TraditionalMiningTest-DesqCount-ffff-7-2-7-false-]" classname="de.uni_mannheim.desq.mining.spark.Icdm16TraditionalMiningTest" time="0.054"/>
  <testcase name="testDesqDataset[Icdm16TraditionalMiningTest-DesqCount-ffff-7-2-7-true-]" classname="de.uni_mannheim.desq.mining.spark.Icdm16TraditionalMiningTest" time="0.108"/>
  <testcase name="testGenericDesqDataset[Icdm16TraditionalMiningTest-DesqCount-ffff-7-2-7-true-]" classname="de.uni_mannheim.desq.mining.spark.Icdm16TraditionalMiningTest" time="0.082"/>
  <testcase name="testDesqDataset[Icdm16TraditionalMiningTest-DesqCount-ftff-1-0-1-false-]" classname="de.uni_mannheim.desq.mining.spark.Icdm16TraditionalMiningTest" time="0.037"/>
  <testcase name="testDesqDataset[Icdm16TraditionalMiningTest-DesqCount-ftff-1-0-1-false-]" classname="de.uni_mannheim.desq.mining.spark.Icdm16TraditionalMiningTest" time="0.035"/>
  <testcase name="testGenericDesqDataset[Icdm16TraditionalMiningTest-DesqCount-ftff-1-0-1-false-]" classname="de.uni_mannheim.desq.mining.spark.Icdm16TraditionalMiningTest" time="0.053"/>
  <testcase name="testGenericDesqDataset[Icdm16TraditionalMiningTest-DesqCount-ftff-1-0-1-false-]" classname="de.uni_mannheim.desq.mining.spark.Icdm16TraditionalMiningTest" time="0.041"/>
  <testcase name="testDesqDataset[Icdm16TraditionalMiningTest-DesqCount-ftff-1-0-1-true-]" classname="de.uni_mannheim.desq.mining.spark.Icdm16TraditionalMiningTest" time="0.058"/>
  <testcase name="testDesqDataset[Icdm16TraditionalMiningTest-DesqCount-ftff-1-0-1-true-]" classname="de.uni_mannheim.desq.mining.spark.Icdm16TraditionalMiningTest" time="0.03"/>
  <testcase name="testGenericDesqDataset[Icdm16TraditionalMiningTest-DesqCount-ftff-1-0-1-true-]" classname="de.uni_mannheim.desq.mining.spark.Icdm16TraditionalMiningTest" time="0.052"/>
  <testcase name="testGenericDesqDataset[Icdm16TraditionalMiningTest-DesqCount-ftff-1-0-1-true-]" classname="de.uni_mannheim.desq.mining.spark.Icdm16TraditionalMiningTest" time="0.034"/>
  <testcase name="testDesqDataset[Icdm16TraditionalMiningTest-DesqCount-ftff-1-0-3-false-]" classname="de.uni_mannheim.desq.mining.spark.Icdm16TraditionalMiningTest" time="0.051"/>
  <testcase name="testDesqDataset[Icdm16TraditionalMiningTest-DesqCount-ftff-1-0-3-false-]" classname="de.uni_mannheim.desq.mining.spark.Icdm16TraditionalMiningTest" time="0.044"/>
  <testcase name="testGenericDesqDataset[Icdm16TraditionalMiningTest-DesqCount-ftff-1-0-3-false-]" classname="de.uni_mannheim.desq.mining.spark.Icdm16TraditionalMiningTest" time="0.044"/>
  <testcase name="testGenericDesqDataset[Icdm16TraditionalMiningTest-DesqCount-ftff-1-0-3-false-]" classname="de.uni_mannheim.desq.mining.spark.Icdm16TraditionalMiningTest" time="0.041"/>
  <testcase name="testDesqDataset[Icdm16TraditionalMiningTest-DesqCount-ftff-1-0-3-true-]" classname="de.uni_mannheim.desq.mining.spark.Icdm16TraditionalMiningTest" time="0.044"/>
  <testcase name="testDesqDataset[Icdm16TraditionalMiningTest-DesqCount-ftff-1-0-3-true-]" classname="de.uni_mannheim.desq.mining.spark.Icdm16TraditionalMiningTest" time="0.034"/>
  <testcase name="testGenericDesqDataset[Icdm16TraditionalMiningTest-DesqCount-ftff-1-0-3-true-]" classname="de.uni_mannheim.desq.mining.spark.Icdm16TraditionalMiningTest" time="0.041"/>
  <testcase name="testGenericDesqDataset[Icdm16TraditionalMiningTest-DesqCount-ftff-1-0-3-true-]" classname="de.uni_mannheim.desq.mining.spark.Icdm16TraditionalMiningTest" time="0.04"/>
  <testcase name="testDesqDataset[Icdm16TraditionalMiningTest-DesqCount-ftff-1-0-5-false-]" classname="de.uni_mannheim.desq.mining.spark.Icdm16TraditionalMiningTest" time="0.029"/>
  <testcase name="testDesqDataset[Icdm16TraditionalMiningTest-DesqCount-ftff-1-0-5-false-]" classname="de.uni_mannheim.desq.mining.spark.Icdm16TraditionalMiningTest" time="0.237"/>
  <testcase name="testGenericDesqDataset[Icdm16TraditionalMiningTest-DesqCount-ftff-1-0-5-false-]" classname="de.uni_mannheim.desq.mining.spark.Icdm16TraditionalMiningTest" time="0.042"/>
  <testcase name="testGenericDesqDataset[Icdm16TraditionalMiningTest-DesqCount-ftff-1-0-5-false-]" classname="de.uni_mannheim.desq.mining.spark.Icdm16TraditionalMiningTest" time="0.298"/>
  <testcase name="testDesqDataset[Icdm16TraditionalMiningTest-DesqCount-ftff-1-0-5-true-]" classname="de.uni_mannheim.desq.mining.spark.Icdm16TraditionalMiningTest" time="0.062"/>
  <testcase name="testDesqDataset[Icdm16TraditionalMiningTest-DesqCount-ftff-1-0-5-true-]" classname="de.uni_mannheim.desq.mining.spark.Icdm16TraditionalMiningTest" time="0.06"/>
  <testcase name="testGenericDesqDataset[Icdm16TraditionalMiningTest-DesqCount-ftff-1-0-5-true-]" classname="de.uni_mannheim.desq.mining.spark.Icdm16TraditionalMiningTest" time="0.063"/>
  <testcase name="testGenericDesqDataset[Icdm16TraditionalMiningTest-DesqCount-ftff-1-0-5-true-]" classname="de.uni_mannheim.desq.mining.spark.Icdm16TraditionalMiningTest" time="0.052"/>
  <testcase name="testDesqDataset[Icdm16TraditionalMiningTest-DesqCount-ftff-1-0-7-false-]" classname="de.uni_mannheim.desq.mining.spark.Icdm16TraditionalMiningTest" time="0.06"/>
  <testcase name="testDesqDataset[Icdm16TraditionalMiningTest-DesqCount-ftff-1-0-7-false-]" classname="de.uni_mannheim.desq.mining.spark.Icdm16TraditionalMiningTest" time="0.336"/>
  <testcase name="testGenericDesqDataset[Icdm16TraditionalMiningTest-DesqCount-ftff-1-0-7-false-]" classname="de.uni_mannheim.desq.mining.spark.Icdm16TraditionalMiningTest" time="0.324"/>
  <testcase name="testGenericDesqDataset[Icdm16TraditionalMiningTest-DesqCount-ftff-1-0-7-false-]" classname="de.uni_mannheim.desq.mining.spark.Icdm16TraditionalMiningTest" time="0.489"/>
  <testcase name="testDesqDataset[Icdm16TraditionalMiningTest-DesqCount-ftff-1-0-7-true-]" classname="de.uni_mannheim.desq.mining.spark.Icdm16TraditionalMiningTest" time="0.067"/>
  <testcase name="testDesqDataset[Icdm16TraditionalMiningTest-DesqCount-ftff-1-0-7-true-]" classname="de.uni_mannheim.desq.mining.spark.Icdm16TraditionalMiningTest" time="0.447"/>
  <testcase name="testGenericDesqDataset[Icdm16TraditionalMiningTest-DesqCount-ftff-1-0-7-true-]" classname="de.uni_mannheim.desq.mining.spark.Icdm16TraditionalMiningTest" time="0.065"/>
  <testcase name="testGenericDesqDataset[Icdm16TraditionalMiningTest-DesqCount-ftff-1-0-7-true-]" classname="de.uni_mannheim.desq.mining.spark.Icdm16TraditionalMiningTest" time="0.065"/>
  <testcase name="testDesqDataset[Icdm16TraditionalMiningTest-DesqCount-ftff-1-1-1-false-]" classname="de.uni_mannheim.desq.mining.spark.Icdm16TraditionalMiningTest" time="0.036"/>
  <testcase name="testDesqDataset[Icdm16TraditionalMiningTest-DesqCount-ftff-1-1-1-false-]" classname="de.uni_mannheim.desq.mining.spark.Icdm16TraditionalMiningTest" time="0.038"/>
  <testcase name="testGenericDesqDataset[Icdm16TraditionalMiningTest-DesqCount-ftff-1-1-1-false-]" classname="de.uni_mannheim.desq.mining.spark.Icdm16TraditionalMiningTest" time="0.037"/>
  <testcase name="testGenericDesqDataset[Icdm16TraditionalMiningTest-DesqCount-ftff-1-1-1-false-]" classname="de.uni_mannheim.desq.mining.spark.Icdm16TraditionalMiningTest" time="0.041"/>
  <testcase name="testDesqDataset[Icdm16TraditionalMiningTest-DesqCount-ftff-1-1-1-true-]" classname="de.uni_mannheim.desq.mining.spark.Icdm16TraditionalMiningTest" time="0.038"/>
  <testcase name="testDesqDataset[Icdm16TraditionalMiningTest-DesqCount-ftff-1-1-1-true-]" classname="de.uni_mannheim.desq.mining.spark.Icdm16TraditionalMiningTest" time="0.036"/>
  <testcase name="testGenericDesqDataset[Icdm16TraditionalMiningTest-DesqCount-ftff-1-1-1-true-]" classname="de.uni_mannheim.desq.mining.spark.Icdm16TraditionalMiningTest" time="0.046"/>
  <testcase name="testGenericDesqDataset[Icdm16TraditionalMiningTest-DesqCount-ftff-1-1-1-true-]" classname="de.uni_mannheim.desq.mining.spark.Icdm16TraditionalMiningTest" time="0.043"/>
  <testcase name="testDesqDataset[Icdm16TraditionalMiningTest-DesqCount-ftff-1-1-3-false-]" classname="de.uni_mannheim.desq.mining.spark.Icdm16TraditionalMiningTest" time="0.026"/>
  <testcase name="testDesqDataset[Icdm16TraditionalMiningTest-DesqCount-ftff-1-1-3-false-]" classname="de.uni_mannheim.desq.mining.spark.Icdm16TraditionalMiningTest" time="0.045"/>
  <testcase name="testGenericDesqDataset[Icdm16TraditionalMiningTest-DesqCount-ftff-1-1-3-false-]" classname="de.uni_mannheim.desq.mining.spark.Icdm16TraditionalMiningTest" time="0.028"/>
  <testcase name="testGenericDesqDataset[Icdm16TraditionalMiningTest-DesqCount-ftff-1-1-3-false-]" classname="de.uni_mannheim.desq.mining.spark.Icdm16TraditionalMiningTest" time="0.032"/>
  <testcase name="testDesqDataset[Icdm16TraditionalMiningTest-DesqCount-ftff-1-1-3-true-]" classname="de.uni_mannheim.desq.mining.spark.Icdm16TraditionalMiningTest" time="0.032"/>
  <testcase name="testDesqDataset[Icdm16TraditionalMiningTest-DesqCount-ftff-1-1-3-true-]" classname="de.uni_mannheim.desq.mining.spark.Icdm16TraditionalMiningTest" time="0.053"/>
  <testcase name="testGenericDesqDataset[Icdm16TraditionalMiningTest-DesqCount-ftff-1-1-3-true-]" classname="de.uni_mannheim.desq.mining.spark.Icdm16TraditionalMiningTest" time="0.047"/>
  <testcase name="testGenericDesqDataset[Icdm16TraditionalMiningTest-DesqCount-ftff-1-1-3-true-]" classname="de.uni_mannheim.desq.mining.spark.Icdm16TraditionalMiningTest" time="0.062"/>
  <testcase name="testDesqDataset[Icdm16TraditionalMiningTest-DesqCount-ftff-1-1-5-false-]" classname="de.uni_mannheim.desq.mining.spark.Icdm16TraditionalMiningTest" time="0.043"/>
  <testcase name="testDesqDataset[Icdm16TraditionalMiningTest-DesqCount-ftff-1-1-5-false-]" classname="de.uni_mannheim.desq.mining.spark.Icdm16TraditionalMiningTest" time="0.043"/>
  <testcase name="testGenericDesqDataset[Icdm16TraditionalMiningTest-DesqCount-ftff-1-1-5-false-]" classname="de.uni_mannheim.desq.mining.spark.Icdm16TraditionalMiningTest" time="0.054"/>
  <testcase name="testGenericDesqDataset[Icdm16TraditionalMiningTest-DesqCount-ftff-1-1-5-false-]" classname="de.uni_mannheim.desq.mining.spark.Icdm16TraditionalMiningTest" time="0.241"/>
  <testcase name="testDesqDataset[Icdm16TraditionalMiningTest-DesqCount-ftff-1-1-5-true-]" classname="de.uni_mannheim.desq.mining.spark.Icdm16TraditionalMiningTest" time="0.076"/>
  <testcase name="testDesqDataset[Icdm16TraditionalMiningTest-DesqCount-ftff-1-1-5-true-]" classname="de.uni_mannheim.desq.mining.spark.Icdm16TraditionalMiningTest" time="0.063"/>
  <testcase name="testGenericDesqDataset[Icdm16TraditionalMiningTest-DesqCount-ftff-1-1-5-true-]" classname="de.uni_mannheim.desq.mining.spark.Icdm16TraditionalMiningTest" time="0.065"/>
  <testcase name="testGenericDesqDataset[Icdm16TraditionalMiningTest-DesqCount-ftff-1-1-5-true-]" classname="de.uni_mannheim.desq.mining.spark.Icdm16TraditionalMiningTest" time="0.088"/>
  <testcase name="testDesqDataset[Icdm16TraditionalMiningTest-DesqCount-ftff-1-1-7-false-]" classname="de.uni_mannheim.desq.mining.spark.Icdm16TraditionalMiningTest" time="0.046"/>
  <testcase name="testDesqDataset[Icdm16TraditionalMiningTest-DesqCount-ftff-1-1-7-false-]" classname="de.uni_mannheim.desq.mining.spark.Icdm16TraditionalMiningTest" time="0.04"/>
  <testcase name="testGenericDesqDataset[Icdm16TraditionalMiningTest-DesqCount-ftff-1-1-7-false-]" classname="de.uni_mannheim.desq.mining.spark.Icdm16TraditionalMiningTest" time="0.048"/>
  <testcase name="testGenericDesqDataset[Icdm16TraditionalMiningTest-DesqCount-ftff-1-1-7-false-]" classname="de.uni_mannheim.desq.mining.spark.Icdm16TraditionalMiningTest" time="0.052"/>
  <testcase name="testDesqDataset[Icdm16TraditionalMiningTest-DesqCount-ftff-1-1-7-true-]" classname="de.uni_mannheim.desq.mining.spark.Icdm16TraditionalMiningTest" time="0.06"/>
  <testcase name="testDesqDataset[Icdm16TraditionalMiningTest-DesqCount-ftff-1-1-7-true-]" classname="de.uni_mannheim.desq.mining.spark.Icdm16TraditionalMiningTest" time="0.066"/>
  <testcase name="testGenericDesqDataset[Icdm16TraditionalMiningTest-DesqCount-ftff-1-1-7-true-]" classname="de.uni_mannheim.desq.mining.spark.Icdm16TraditionalMiningTest" time="0.164"/>
  <testcase name="testGenericDesqDataset[Icdm16TraditionalMiningTest-DesqCount-ftff-1-1-7-true-]" classname="de.uni_mannheim.desq.mining.spark.Icdm16TraditionalMiningTest" time="0.059"/>
  <testcase name="testDesqDataset[Icdm16TraditionalMiningTest-DesqCount-ftff-1-2-1-false-]" classname="de.uni_mannheim.desq.mining.spark.Icdm16TraditionalMiningTest" time="0.036"/>
  <testcase name="testDesqDataset[Icdm16TraditionalMiningTest-DesqCount-ftff-1-2-1-false-]" classname="de.uni_mannheim.desq.mining.spark.Icdm16TraditionalMiningTest" time="0.035"/>
  <testcase name="testGenericDesqDataset[Icdm16TraditionalMiningTest-DesqCount-ftff-1-2-1-false-]" classname="de.uni_mannheim.desq.mining.spark.Icdm16TraditionalMiningTest" time="0.124"/>
  <testcase name="testGenericDesqDataset[Icdm16TraditionalMiningTest-DesqCount-ftff-1-2-1-false-]" classname="de.uni_mannheim.desq.mining.spark.Icdm16TraditionalMiningTest" time="0.028"/>
  <testcase name="testDesqDataset[Icdm16TraditionalMiningTest-DesqCount-ftff-1-2-1-true-]" classname="de.uni_mannheim.desq.mining.spark.Icdm16TraditionalMiningTest" time="0.04"/>
  <testcase name="testDesqDataset[Icdm16TraditionalMiningTest-DesqCount-ftff-1-2-1-true-]" classname="de.uni_mannheim.desq.mining.spark.Icdm16TraditionalMiningTest" time="0.045"/>
  <testcase name="testGenericDesqDataset[Icdm16TraditionalMiningTest-DesqCount-ftff-1-2-1-true-]" classname="de.uni_mannheim.desq.mining.spark.Icdm16TraditionalMiningTest" time="0.039"/>
  <testcase name="testGenericDesqDataset[Icdm16TraditionalMiningTest-DesqCount-ftff-1-2-1-true-]" classname="de.uni_mannheim.desq.mining.spark.Icdm16TraditionalMiningTest" time="0.028"/>
  <testcase name="testDesqDataset[Icdm16TraditionalMiningTest-DesqCount-ftff-1-2-3-false-]" classname="de.uni_mannheim.desq.mining.spark.Icdm16TraditionalMiningTest" time="0.039"/>
  <testcase name="testDesqDataset[Icdm16TraditionalMiningTest-DesqCount-ftff-1-2-3-false-]" classname="de.uni_mannheim.desq.mining.spark.Icdm16TraditionalMiningTest" time="0.027"/>
  <testcase name="testGenericDesqDataset[Icdm16TraditionalMiningTest-DesqCount-ftff-1-2-3-false-]" classname="de.uni_mannheim.desq.mining.spark.Icdm16TraditionalMiningTest" time="0.032"/>
  <testcase name="testGenericDesqDataset[Icdm16TraditionalMiningTest-DesqCount-ftff-1-2-3-false-]" classname="de.uni_mannheim.desq.mining.spark.Icdm16TraditionalMiningTest" time="0.029"/>
  <testcase name="testDesqDataset[Icdm16TraditionalMiningTest-DesqCount-ftff-1-2-3-true-]" classname="de.uni_mannheim.desq.mining.spark.Icdm16TraditionalMiningTest" time="0.05"/>
  <testcase name="testDesqDataset[Icdm16TraditionalMiningTest-DesqCount-ftff-1-2-3-true-]" classname="de.uni_mannheim.desq.mining.spark.Icdm16TraditionalMiningTest" time="0.054"/>
  <testcase name="testGenericDesqDataset[Icdm16TraditionalMiningTest-DesqCount-ftff-1-2-3-true-]" classname="de.uni_mannheim.desq.mining.spark.Icdm16TraditionalMiningTest" time="0.122"/>
  <testcase name="testGenericDesqDataset[Icdm16TraditionalMiningTest-DesqCount-ftff-1-2-3-true-]" classname="de.uni_mannheim.desq.mining.spark.Icdm16TraditionalMiningTest" time="0.054"/>
  <testcase name="testDesqDataset[Icdm16TraditionalMiningTest-DesqCount-ftff-1-2-5-false-]" classname="de.uni_mannheim.desq.mining.spark.Icdm16TraditionalMiningTest" time="0.07"/>
  <testcase name="testDesqDataset[Icdm16TraditionalMiningTest-DesqCount-ftff-1-2-5-false-]" classname="de.uni_mannheim.desq.mining.spark.Icdm16TraditionalMiningTest" time="0.056"/>
  <testcase name="testGenericDesqDataset[Icdm16TraditionalMiningTest-DesqCount-ftff-1-2-5-false-]" classname="de.uni_mannheim.desq.mining.spark.Icdm16TraditionalMiningTest" time="0.044"/>
  <testcase name="testGenericDesqDataset[Icdm16TraditionalMiningTest-DesqCount-ftff-1-2-5-false-]" classname="de.uni_mannheim.desq.mining.spark.Icdm16TraditionalMiningTest" time="0.048"/>
  <testcase name="testDesqDataset[Icdm16TraditionalMiningTest-DesqCount-ftff-1-2-5-true-]" classname="de.uni_mannheim.desq.mining.spark.Icdm16TraditionalMiningTest" time="0.076"/>
  <testcase name="testDesqDataset[Icdm16TraditionalMiningTest-DesqCount-ftff-1-2-5-true-]" classname="de.uni_mannheim.desq.mining.spark.Icdm16TraditionalMiningTest" time="0.045"/>
  <testcase name="testGenericDesqDataset[Icdm16TraditionalMiningTest-DesqCount-ftff-1-2-5-true-]" classname="de.uni_mannheim.desq.mining.spark.Icdm16TraditionalMiningTest" time="0.072"/>
  <testcase name="testGenericDesqDataset[Icdm16TraditionalMiningTest-DesqCount-ftff-1-2-5-true-]" classname="de.uni_mannheim.desq.mining.spark.Icdm16TraditionalMiningTest" time="0.353"/>
  <testcase name="testDesqDataset[Icdm16TraditionalMiningTest-DesqCount-ftff-1-2-7-false-]" classname="de.uni_mannheim.desq.mining.spark.Icdm16TraditionalMiningTest" time="0.044"/>
  <testcase name="testDesqDataset[Icdm16TraditionalMiningTest-DesqCount-ftff-1-2-7-false-]" classname="de.uni_mannheim.desq.mining.spark.Icdm16TraditionalMiningTest" time="0.048"/>
  <testcase name="testGenericDesqDataset[Icdm16TraditionalMiningTest-DesqCount-ftff-1-2-7-false-]" classname="de.uni_mannheim.desq.mining.spark.Icdm16TraditionalMiningTest" time="0.051"/>
  <testcase name="testGenericDesqDataset[Icdm16TraditionalMiningTest-DesqCount-ftff-1-2-7-false-]" classname="de.uni_mannheim.desq.mining.spark.Icdm16TraditionalMiningTest" time="0.045"/>
  <testcase name="testDesqDataset[Icdm16TraditionalMiningTest-DesqCount-ftff-1-2-7-true-]" classname="de.uni_mannheim.desq.mining.spark.Icdm16TraditionalMiningTest" time="0.074"/>
  <testcase name="testDesqDataset[Icdm16TraditionalMiningTest-DesqCount-ftff-1-2-7-true-]" classname="de.uni_mannheim.desq.mining.spark.Icdm16TraditionalMiningTest" time="0.054"/>
  <testcase name="testGenericDesqDataset[Icdm16TraditionalMiningTest-DesqCount-ftff-1-2-7-true-]" classname="de.uni_mannheim.desq.mining.spark.Icdm16TraditionalMiningTest" time="0.067"/>
  <testcase name="testGenericDesqDataset[Icdm16TraditionalMiningTest-DesqCount-ftff-1-2-7-true-]" classname="de.uni_mannheim.desq.mining.spark.Icdm16TraditionalMiningTest" time="0.062"/>
  <testcase name="testDesqDataset[Icdm16TraditionalMiningTest-DesqCount-ftff-3-0-1-false-]" classname="de.uni_mannheim.desq.mining.spark.Icdm16TraditionalMiningTest" time="0.03"/>
  <testcase name="testDesqDataset[Icdm16TraditionalMiningTest-DesqCount-ftff-3-0-1-false-]" classname="de.uni_mannheim.desq.mining.spark.Icdm16TraditionalMiningTest" time="0.039"/>
  <testcase name="testGenericDesqDataset[Icdm16TraditionalMiningTest-DesqCount-ftff-3-0-1-false-]" classname="de.uni_mannheim.desq.mining.spark.Icdm16TraditionalMiningTest" time="0.042"/>
  <testcase name="testGenericDesqDataset[Icdm16TraditionalMiningTest-DesqCount-ftff-3-0-1-false-]" classname="de.uni_mannheim.desq.mining.spark.Icdm16TraditionalMiningTest" time="0.038"/>
  <testcase name="testDesqDataset[Icdm16TraditionalMiningTest-DesqCount-ftff-3-0-1-true-]" classname="de.uni_mannheim.desq.mining.spark.Icdm16TraditionalMiningTest" time="0.117"/>
  <testcase name="testDesqDataset[Icdm16TraditionalMiningTest-DesqCount-ftff-3-0-1-true-]" classname="de.uni_mannheim.desq.mining.spark.Icdm16TraditionalMiningTest" time="0.038"/>
  <testcase name="testGenericDesqDataset[Icdm16TraditionalMiningTest-DesqCount-ftff-3-0-1-true-]" classname="de.uni_mannheim.desq.mining.spark.Icdm16TraditionalMiningTest" time="0.189"/>
  <testcase name="testGenericDesqDataset[Icdm16TraditionalMiningTest-DesqCount-ftff-3-0-1-true-]" classname="de.uni_mannheim.desq.mining.spark.Icdm16TraditionalMiningTest" time="0.031"/>
  <testcase name="testDesqDataset[Icdm16TraditionalMiningTest-DesqCount-ftff-3-0-3-false-]" classname="de.uni_mannheim.desq.mining.spark.Icdm16TraditionalMiningTest" time="0.05"/>
  <testcase name="testDesqDataset[Icdm16TraditionalMiningTest-DesqCount-ftff-3-0-3-false-]" classname="de.uni_mannheim.desq.mining.spark.Icdm16TraditionalMiningTest" time="0.043"/>
  <testcase name="testGenericDesqDataset[Icdm16TraditionalMiningTest-DesqCount-ftff-3-0-3-false-]" classname="de.uni_mannheim.desq.mining.spark.Icdm16TraditionalMiningTest" time="0.047"/>
  <testcase name="testGenericDesqDataset[Icdm16TraditionalMiningTest-DesqCount-ftff-3-0-3-false-]" classname="de.uni_mannheim.desq.mining.spark.Icdm16TraditionalMiningTest" time="0.036"/>
  <testcase name="testDesqDataset[Icdm16TraditionalMiningTest-DesqCount-ftff-3-0-3-true-]" classname="de.uni_mannheim.desq.mining.spark.Icdm16TraditionalMiningTest" time="0.054"/>
  <testcase name="testDesqDataset[Icdm16TraditionalMiningTest-DesqCount-ftff-3-0-3-true-]" classname="de.uni_mannheim.desq.mining.spark.Icdm16TraditionalMiningTest" time="0.051"/>
  <testcase name="testGenericDesqDataset[Icdm16TraditionalMiningTest-DesqCount-ftff-3-0-3-true-]" classname="de.uni_mannheim.desq.mining.spark.Icdm16TraditionalMiningTest" time="0.038"/>
  <testcase name="testGenericDesqDataset[Icdm16TraditionalMiningTest-DesqCount-ftff-3-0-3-true-]" classname="de.uni_mannheim.desq.mining.spark.Icdm16TraditionalMiningTest" time="0.046"/>
  <testcase name="testDesqDataset[Icdm16TraditionalMiningTest-DesqCount-ftff-3-0-5-false-]" classname="de.uni_mannheim.desq.mining.spark.Icdm16TraditionalMiningTest" time="0.035"/>
  <testcase name="testDesqDataset[Icdm16TraditionalMiningTest-DesqCount-ftff-3-0-5-false-]" classname="de.uni_mannheim.desq.mining.spark.Icdm16TraditionalMiningTest" time="0.037"/>
  <testcase name="testGenericDesqDataset[Icdm16TraditionalMiningTest-DesqCount-ftff-3-0-5-false-]" classname="de.uni_mannheim.desq.mining.spark.Icdm16TraditionalMiningTest" time="0.041"/>
  <testcase name="testGenericDesqDataset[Icdm16TraditionalMiningTest-DesqCount-ftff-3-0-5-false-]" classname="de.uni_mannheim.desq.mining.spark.Icdm16TraditionalMiningTest" time="0.042"/>
  <testcase name="testDesqDataset[Icdm16TraditionalMiningTest-DesqCount-ftff-3-0-5-true-]" classname="de.uni_mannheim.desq.mining.spark.Icdm16TraditionalMiningTest" time="0.062"/>
  <testcase name="testDesqDataset[Icdm16TraditionalMiningTest-DesqCount-ftff-3-0-5-true-]" classname="de.uni_mannheim.desq.mining.spark.Icdm16TraditionalMiningTest" time="0.044"/>
  <testcase name="testGenericDesqDataset[Icdm16TraditionalMiningTest-DesqCount-ftff-3-0-5-true-]" classname="de.uni_mannheim.desq.mining.spark.Icdm16TraditionalMiningTest" time="0.058"/>
  <testcase name="testGenericDesqDataset[Icdm16TraditionalMiningTest-DesqCount-ftff-3-0-5-true-]" classname="de.uni_mannheim.desq.mining.spark.Icdm16TraditionalMiningTest" time="0.046"/>
  <testcase name="testDesqDataset[Icdm16TraditionalMiningTest-DesqCount-ftff-3-0-7-false-]" classname="de.uni_mannheim.desq.mining.spark.Icdm16TraditionalMiningTest" time="0.036"/>
  <testcase name="testDesqDataset[Icdm16TraditionalMiningTest-DesqCount-ftff-3-0-7-false-]" classname="de.uni_mannheim.desq.mining.spark.Icdm16TraditionalMiningTest" time="0.319"/>
  <testcase name="testGenericDesqDataset[Icdm16TraditionalMiningTest-DesqCount-ftff-3-0-7-false-]" classname="de.uni_mannheim.desq.mining.spark.Icdm16TraditionalMiningTest" time="0.035"/>
  <testcase name="testGenericDesqDataset[Icdm16TraditionalMiningTest-DesqCount-ftff-3-0-7-false-]" classname="de.uni_mannheim.desq.mining.spark.Icdm16TraditionalMiningTest" time="0.027"/>
  <testcase name="testDesqDataset[Icdm16TraditionalMiningTest-DesqCount-ftff-3-0-7-true-]" classname="de.uni_mannheim.desq.mining.spark.Icdm16TraditionalMiningTest" time="0.421"/>
  <testcase name="testDesqDataset[Icdm16TraditionalMiningTest-DesqCount-ftff-3-0-7-true-]" classname="de.uni_mannheim.desq.mining.spark.Icdm16TraditionalMiningTest" time="0.037"/>
  <testcase name="testGenericDesqDataset[Icdm16TraditionalMiningTest-DesqCount-ftff-3-0-7-true-]" classname="de.uni_mannheim.desq.mining.spark.Icdm16TraditionalMiningTest" time="0.499"/>
  <testcase name="testGenericDesqDataset[Icdm16TraditionalMiningTest-DesqCount-ftff-3-0-7-true-]" classname="de.uni_mannheim.desq.mining.spark.Icdm16TraditionalMiningTest" time="0.342"/>
  <testcase name="testDesqDataset[Icdm16TraditionalMiningTest-DesqCount-ftff-3-1-1-false-]" classname="de.uni_mannheim.desq.mining.spark.Icdm16TraditionalMiningTest" time="0.035"/>
  <testcase name="testDesqDataset[Icdm16TraditionalMiningTest-DesqCount-ftff-3-1-1-false-]" classname="de.uni_mannheim.desq.mining.spark.Icdm16TraditionalMiningTest" time="0.031"/>
  <testcase name="testGenericDesqDataset[Icdm16TraditionalMiningTest-DesqCount-ftff-3-1-1-false-]" classname="de.uni_mannheim.desq.mining.spark.Icdm16TraditionalMiningTest" time="0.058"/>
  <testcase name="testGenericDesqDataset[Icdm16TraditionalMiningTest-DesqCount-ftff-3-1-1-false-]" classname="de.uni_mannheim.desq.mining.spark.Icdm16TraditionalMiningTest" time="0.027"/>
  <testcase name="testDesqDataset[Icdm16TraditionalMiningTest-DesqCount-ftff-3-1-1-true-]" classname="de.uni_mannheim.desq.mining.spark.Icdm16TraditionalMiningTest" time="0.034"/>
  <testcase name="testDesqDataset[Icdm16TraditionalMiningTest-DesqCount-ftff-3-1-1-true-]" classname="de.uni_mannheim.desq.mining.spark.Icdm16TraditionalMiningTest" time="0.038"/>
  <testcase name="testGenericDesqDataset[Icdm16TraditionalMiningTest-DesqCount-ftff-3-1-1-true-]" classname="de.uni_mannheim.desq.mining.spark.Icdm16TraditionalMiningTest" time="0.032"/>
  <testcase name="testGenericDesqDataset[Icdm16TraditionalMiningTest-DesqCount-ftff-3-1-1-true-]" classname="de.uni_mannheim.desq.mining.spark.Icdm16TraditionalMiningTest" time="0.053"/>
  <testcase name="testDesqDataset[Icdm16TraditionalMiningTest-DesqCount-ftff-3-1-3-false-]" classname="de.uni_mannheim.desq.mining.spark.Icdm16TraditionalMiningTest" time="0.054"/>
  <testcase name="testDesqDataset[Icdm16TraditionalMiningTest-DesqCount-ftff-3-1-3-false-]" classname="de.uni_mannheim.desq.mining.spark.Icdm16TraditionalMiningTest" time="0.135"/>
  <testcase name="testGenericDesqDataset[Icdm16TraditionalMiningTest-DesqCount-ftff-3-1-3-false-]" classname="de.uni_mannheim.desq.mining.spark.Icdm16TraditionalMiningTest" time="0.066"/>
  <testcase name="testGenericDesqDataset[Icdm16TraditionalMiningTest-DesqCount-ftff-3-1-3-false-]" classname="de.uni_mannheim.desq.mining.spark.Icdm16TraditionalMiningTest" time="0.116"/>
  <testcase name="testDesqDataset[Icdm16TraditionalMiningTest-DesqCount-ftff-3-1-3-true-]" classname="de.uni_mannheim.desq.mining.spark.Icdm16TraditionalMiningTest" time="0.046"/>
  <testcase name="testDesqDataset[Icdm16TraditionalMiningTest-DesqCount-ftff-3-1-3-true-]" classname="de.uni_mannheim.desq.mining.spark.Icdm16TraditionalMiningTest" time="0.041"/>
  <testcase name="testGenericDesqDataset[Icdm16TraditionalMiningTest-DesqCount-ftff-3-1-3-true-]" classname="de.uni_mannheim.desq.mining.spark.Icdm16TraditionalMiningTest" time="0.058"/>
  <testcase name="testGenericDesqDataset[Icdm16TraditionalMiningTest-DesqCount-ftff-3-1-3-true-]" classname="de.uni_mannheim.desq.mining.spark.Icdm16TraditionalMiningTest" time="0.083"/>
  <testcase name="testDesqDataset[Icdm16TraditionalMiningTest-DesqCount-ftff-3-1-5-false-]" classname="de.uni_mannheim.desq.mining.spark.Icdm16TraditionalMiningTest" time="0.072"/>
  <testcase name="testDesqDataset[Icdm16TraditionalMiningTest-DesqCount-ftff-3-1-5-false-]" classname="de.uni_mannheim.desq.mining.spark.Icdm16TraditionalMiningTest" time="0.052"/>
  <testcase name="testGenericDesqDataset[Icdm16TraditionalMiningTest-DesqCount-ftff-3-1-5-false-]" classname="de.uni_mannheim.desq.mining.spark.Icdm16TraditionalMiningTest" time="0.125"/>
  <testcase name="testGenericDesqDataset[Icdm16TraditionalMiningTest-DesqCount-ftff-3-1-5-false-]" classname="de.uni_mannheim.desq.mining.spark.Icdm16TraditionalMiningTest" time="0.05"/>
  <testcase name="testDesqDataset[Icdm16TraditionalMiningTest-DesqCount-ftff-3-1-5-true-]" classname="de.uni_mannheim.desq.mining.spark.Icdm16TraditionalMiningTest" time="0.069"/>
  <testcase name="testDesqDataset[Icdm16TraditionalMiningTest-DesqCount-ftff-3-1-5-true-]" classname="de.uni_mannheim.desq.mining.spark.Icdm16TraditionalMiningTest" time="0.103"/>
  <testcase name="testGenericDesqDataset[Icdm16TraditionalMiningTest-DesqCount-ftff-3-1-5-true-]" classname="de.uni_mannheim.desq.mining.spark.Icdm16TraditionalMiningTest" time="0.074"/>
  <testcase name="testGenericDesqDataset[Icdm16TraditionalMiningTest-DesqCount-ftff-3-1-5-true-]" classname="de.uni_mannheim.desq.mining.spark.Icdm16TraditionalMiningTest" time="0.063"/>
  <testcase name="testDesqDataset[Icdm16TraditionalMiningTest-DesqCount-ftff-3-1-7-false-]" classname="de.uni_mannheim.desq.mining.spark.Icdm16TraditionalMiningTest" time="0.048"/>
  <testcase name="testDesqDataset[Icdm16TraditionalMiningTest-DesqCount-ftff-3-1-7-false-]" classname="de.uni_mannheim.desq.mining.spark.Icdm16TraditionalMiningTest" time="0.161"/>
  <testcase name="testGenericDesqDataset[Icdm16TraditionalMiningTest-DesqCount-ftff-3-1-7-false-]" classname="de.uni_mannheim.desq.mining.spark.Icdm16TraditionalMiningTest" time="0.061"/>
  <testcase name="testGenericDesqDataset[Icdm16TraditionalMiningTest-DesqCount-ftff-3-1-7-false-]" classname="de.uni_mannheim.desq.mining.spark.Icdm16TraditionalMiningTest" time="0.067"/>
  <testcase name="testDesqDataset[Icdm16TraditionalMiningTest-DesqCount-ftff-3-1-7-true-]" classname="de.uni_mannheim.desq.mining.spark.Icdm16TraditionalMiningTest" time="0.063"/>
  <testcase name="testDesqDataset[Icdm16TraditionalMiningTest-DesqCount-ftff-3-1-7-true-]" classname="de.uni_mannheim.desq.mining.spark.Icdm16TraditionalMiningTest" time="0.043"/>
  <testcase name="testGenericDesqDataset[Icdm16TraditionalMiningTest-DesqCount-ftff-3-1-7-true-]" classname="de.uni_mannheim.desq.mining.spark.Icdm16TraditionalMiningTest" time="0.05"/>
  <testcase name="testGenericDesqDataset[Icdm16TraditionalMiningTest-DesqCount-ftff-3-1-7-true-]" classname="de.uni_mannheim.desq.mining.spark.Icdm16TraditionalMiningTest" time="0.039"/>
  <testcase name="testDesqDataset[Icdm16TraditionalMiningTest-DesqCount-ftff-3-2-1-false-]" classname="de.uni_mannheim.desq.mining.spark.Icdm16TraditionalMiningTest" time="0.028"/>
  <testcase name="testDesqDataset[Icdm16TraditionalMiningTest-DesqCount-ftff-3-2-1-false-]" classname="de.uni_mannheim.desq.mining.spark.Icdm16TraditionalMiningTest" time="0.025"/>
  <testcase name="testGenericDesqDataset[Icdm16TraditionalMiningTest-DesqCount-ftff-3-2-1-false-]" classname="de.uni_mannheim.desq.mining.spark.Icdm16TraditionalMiningTest" time="0.028"/>
  <testcase name="testGenericDesqDataset[Icdm16TraditionalMiningTest-DesqCount-ftff-3-2-1-false-]" classname="de.uni_mannheim.desq.mining.spark.Icdm16TraditionalMiningTest" time="0.031"/>
  <testcase name="testDesqDataset[Icdm16TraditionalMiningTest-DesqCount-ftff-3-2-1-true-]" classname="de.uni_mannheim.desq.mining.spark.Icdm16TraditionalMiningTest" time="0.035"/>
  <testcase name="testDesqDataset[Icdm16TraditionalMiningTest-DesqCount-ftff-3-2-1-true-]" classname="de.uni_mannheim.desq.mining.spark.Icdm16TraditionalMiningTest" time="0.033"/>
  <testcase name="testGenericDesqDataset[Icdm16TraditionalMiningTest-DesqCount-ftff-3-2-1-true-]" classname="de.uni_mannheim.desq.mining.spark.Icdm16TraditionalMiningTest" time="0.031"/>
  <testcase name="testGenericDesqDataset[Icdm16TraditionalMiningTest-DesqCount-ftff-3-2-1-true-]" classname="de.uni_mannheim.desq.mining.spark.Icdm16TraditionalMiningTest" time="0.04"/>
  <testcase name="testDesqDataset[Icdm16TraditionalMiningTest-DesqCount-ftff-3-2-3-false-]" classname="de.uni_mannheim.desq.mining.spark.Icdm16TraditionalMiningTest" time="0.044"/>
  <testcase name="testDesqDataset[Icdm16TraditionalMiningTest-DesqCount-ftff-3-2-3-false-]" classname="de.uni_mannheim.desq.mining.spark.Icdm16TraditionalMiningTest" time="0.035"/>
  <testcase name="testGenericDesqDataset[Icdm16TraditionalMiningTest-DesqCount-ftff-3-2-3-false-]" classname="de.uni_mannheim.desq.mining.spark.Icdm16TraditionalMiningTest" time="0.044"/>
  <testcase name="testGenericDesqDataset[Icdm16TraditionalMiningTest-DesqCount-ftff-3-2-3-false-]" classname="de.uni_mannheim.desq.mining.spark.Icdm16TraditionalMiningTest" time="0.04"/>
  <testcase name="testDesqDataset[Icdm16TraditionalMiningTest-DesqCount-ftff-3-2-3-true-]" classname="de.uni_mannheim.desq.mining.spark.Icdm16TraditionalMiningTest" time="0.042"/>
  <testcase name="testDesqDataset[Icdm16TraditionalMiningTest-DesqCount-ftff-3-2-3-true-]" classname="de.uni_mannheim.desq.mining.spark.Icdm16TraditionalMiningTest" time="0.054"/>
  <testcase name="testGenericDesqDataset[Icdm16TraditionalMiningTest-DesqCount-ftff-3-2-3-true-]" classname="de.uni_mannheim.desq.mining.spark.Icdm16TraditionalMiningTest" time="0.045"/>
  <testcase name="testGenericDesqDataset[Icdm16TraditionalMiningTest-DesqCount-ftff-3-2-3-true-]" classname="de.uni_mannheim.desq.mining.spark.Icdm16TraditionalMiningTest" time="0.055"/>
  <testcase name="testDesqDataset[Icdm16TraditionalMiningTest-DesqCount-ftff-3-2-5-false-]" classname="de.uni_mannheim.desq.mining.spark.Icdm16TraditionalMiningTest" time="0.043"/>
  <testcase name="testDesqDataset[Icdm16TraditionalMiningTest-DesqCount-ftff-3-2-5-false-]" classname="de.uni_mannheim.desq.mining.spark.Icdm16TraditionalMiningTest" time="0.051"/>
  <testcase name="testGenericDesqDataset[Icdm16TraditionalMiningTest-DesqCount-ftff-3-2-5-false-]" classname="de.uni_mannheim.desq.mining.spark.Icdm16TraditionalMiningTest" time="0.045"/>
  <testcase name="testGenericDesqDataset[Icdm16TraditionalMiningTest-DesqCount-ftff-3-2-5-false-]" classname="de.uni_mannheim.desq.mining.spark.Icdm16TraditionalMiningTest" time="0.049"/>
  <testcase name="testDesqDataset[Icdm16TraditionalMiningTest-DesqCount-ftff-3-2-5-true-]" classname="de.uni_mannheim.desq.mining.spark.Icdm16TraditionalMiningTest" time="0.08"/>
  <testcase name="testDesqDataset[Icdm16TraditionalMiningTest-DesqCount-ftff-3-2-5-true-]" classname="de.uni_mannheim.desq.mining.spark.Icdm16TraditionalMiningTest" time="0.056"/>
  <testcase name="testGenericDesqDataset[Icdm16TraditionalMiningTest-DesqCount-ftff-3-2-5-true-]" classname="de.uni_mannheim.desq.mining.spark.Icdm16TraditionalMiningTest" time="0.073"/>
  <testcase name="testGenericDesqDataset[Icdm16TraditionalMiningTest-DesqCount-ftff-3-2-5-true-]" classname="de.uni_mannheim.desq.mining.spark.Icdm16TraditionalMiningTest" time="0.057"/>
  <testcase name="testDesqDataset[Icdm16TraditionalMiningTest-DesqCount-ftff-3-2-7-false-]" classname="de.uni_mannheim.desq.mining.spark.Icdm16TraditionalMiningTest" time="0.038"/>
  <testcase name="testDesqDataset[Icdm16TraditionalMiningTest-DesqCount-ftff-3-2-7-false-]" classname="de.uni_mannheim.desq.mining.spark.Icdm16TraditionalMiningTest" time="0.041"/>
  <testcase name="testGenericDesqDataset[Icdm16TraditionalMiningTest-DesqCount-ftff-3-2-7-false-]" classname="de.uni_mannheim.desq.mining.spark.Icdm16TraditionalMiningTest" time="0.051"/>
  <testcase name="testGenericDesqDataset[Icdm16TraditionalMiningTest-DesqCount-ftff-3-2-7-false-]" classname="de.uni_mannheim.desq.mining.spark.Icdm16TraditionalMiningTest" time="0.044"/>
  <testcase name="testDesqDataset[Icdm16TraditionalMiningTest-DesqCount-ftff-3-2-7-true-]" classname="de.uni_mannheim.desq.mining.spark.Icdm16TraditionalMiningTest" time="0.062"/>
  <testcase name="testDesqDataset[Icdm16TraditionalMiningTest-DesqCount-ftff-3-2-7-true-]" classname="de.uni_mannheim.desq.mining.spark.Icdm16TraditionalMiningTest" time="0.057"/>
  <testcase name="testGenericDesqDataset[Icdm16TraditionalMiningTest-DesqCount-ftff-3-2-7-true-]" classname="de.uni_mannheim.desq.mining.spark.Icdm16TraditionalMiningTest" time="0.069"/>
  <testcase name="testGenericDesqDataset[Icdm16TraditionalMiningTest-DesqCount-ftff-3-2-7-true-]" classname="de.uni_mannheim.desq.mining.spark.Icdm16TraditionalMiningTest" time="0.049"/>
  <testcase name="testDesqDataset[Icdm16TraditionalMiningTest-DesqCount-ftff-5-0-1-false-]" classname="de.uni_mannheim.desq.mining.spark.Icdm16TraditionalMiningTest" time="0.03"/>
  <testcase name="testDesqDataset[Icdm16TraditionalMiningTest-DesqCount-ftff-5-0-1-false-]" classname="de.uni_mannheim.desq.mining.spark.Icdm16TraditionalMiningTest" time="0.029"/>
  <testcase name="testGenericDesqDataset[Icdm16TraditionalMiningTest-DesqCount-ftff-5-0-1-false-]" classname="de.uni_mannheim.desq.mining.spark.Icdm16TraditionalMiningTest" time="0.039"/>
  <testcase name="testGenericDesqDataset[Icdm16TraditionalMiningTest-DesqCount-ftff-5-0-1-false-]" classname="de.uni_mannheim.desq.mining.spark.Icdm16TraditionalMiningTest" time="0.036"/>
  <testcase name="testDesqDataset[Icdm16TraditionalMiningTest-DesqCount-ftff-5-0-1-true-]" classname="de.uni_mannheim.desq.mining.spark.Icdm16TraditionalMiningTest" time="0.039"/>
  <testcase name="testDesqDataset[Icdm16TraditionalMiningTest-DesqCount-ftff-5-0-1-true-]" classname="de.uni_mannheim.desq.mining.spark.Icdm16TraditionalMiningTest" time="0.031"/>
  <testcase name="testGenericDesqDataset[Icdm16TraditionalMiningTest-DesqCount-ftff-5-0-1-true-]" classname="de.uni_mannheim.desq.mining.spark.Icdm16TraditionalMiningTest" time="0.03"/>
  <testcase name="testGenericDesqDataset[Icdm16TraditionalMiningTest-DesqCount-ftff-5-0-1-true-]" classname="de.uni_mannheim.desq.mining.spark.Icdm16TraditionalMiningTest" time="0.03"/>
  <testcase name="testDesqDataset[Icdm16TraditionalMiningTest-DesqCount-ftff-5-0-3-false-]" classname="de.uni_mannheim.desq.mining.spark.Icdm16TraditionalMiningTest" time="0.027"/>
  <testcase name="testDesqDataset[Icdm16TraditionalMiningTest-DesqCount-ftff-5-0-3-false-]" classname="de.uni_mannheim.desq.mining.spark.Icdm16TraditionalMiningTest" time="0.032"/>
  <testcase name="testGenericDesqDataset[Icdm16TraditionalMiningTest-DesqCount-ftff-5-0-3-false-]" classname="de.uni_mannheim.desq.mining.spark.Icdm16TraditionalMiningTest" time="0.031"/>
  <testcase name="testGenericDesqDataset[Icdm16TraditionalMiningTest-DesqCount-ftff-5-0-3-false-]" classname="de.uni_mannheim.desq.mining.spark.Icdm16TraditionalMiningTest" time="0.038"/>
  <testcase name="testDesqDataset[Icdm16TraditionalMiningTest-DesqCount-ftff-5-0-3-true-]" classname="de.uni_mannheim.desq.mining.spark.Icdm16TraditionalMiningTest" time="0.047"/>
  <testcase name="testDesqDataset[Icdm16TraditionalMiningTest-DesqCount-ftff-5-0-3-true-]" classname="de.uni_mannheim.desq.mining.spark.Icdm16TraditionalMiningTest" time="0.043"/>
  <testcase name="testGenericDesqDataset[Icdm16TraditionalMiningTest-DesqCount-ftff-5-0-3-true-]" classname="de.uni_mannheim.desq.mining.spark.Icdm16TraditionalMiningTest" time="0.057"/>
  <testcase name="testGenericDesqDataset[Icdm16TraditionalMiningTest-DesqCount-ftff-5-0-3-true-]" classname="de.uni_mannheim.desq.mining.spark.Icdm16TraditionalMiningTest" time="0.062"/>
  <testcase name="testDesqDataset[Icdm16TraditionalMiningTest-DesqCount-ftff-5-0-5-false-]" classname="de.uni_mannheim.desq.mining.spark.Icdm16TraditionalMiningTest" time="0.036"/>
  <testcase name="testDesqDataset[Icdm16TraditionalMiningTest-DesqCount-ftff-5-0-5-false-]" classname="de.uni_mannheim.desq.mining.spark.Icdm16TraditionalMiningTest" time="0.039"/>
  <testcase name="testGenericDesqDataset[Icdm16TraditionalMiningTest-DesqCount-ftff-5-0-5-false-]" classname="de.uni_mannheim.desq.mining.spark.Icdm16TraditionalMiningTest" time="0.039"/>
  <testcase name="testGenericDesqDataset[Icdm16TraditionalMiningTest-DesqCount-ftff-5-0-5-false-]" classname="de.uni_mannheim.desq.mining.spark.Icdm16TraditionalMiningTest" time="0.045"/>
  <testcase name="testDesqDataset[Icdm16TraditionalMiningTest-DesqCount-ftff-5-0-5-true-]" classname="de.uni_mannheim.desq.mining.spark.Icdm16TraditionalMiningTest" time="0.037"/>
  <testcase name="testDesqDataset[Icdm16TraditionalMiningTest-DesqCount-ftff-5-0-5-true-]" classname="de.uni_mannheim.desq.mining.spark.Icdm16TraditionalMiningTest" time="0.049"/>
  <testcase name="testGenericDesqDataset[Icdm16TraditionalMiningTest-DesqCount-ftff-5-0-5-true-]" classname="de.uni_mannheim.desq.mining.spark.Icdm16TraditionalMiningTest" time="0.037"/>
  <testcase name="testGenericDesqDataset[Icdm16TraditionalMiningTest-DesqCount-ftff-5-0-5-true-]" classname="de.uni_mannheim.desq.mining.spark.Icdm16TraditionalMiningTest" time="0.058"/>
  <testcase name="testDesqDataset[Icdm16TraditionalMiningTest-DesqCount-ftff-5-0-7-false-]" classname="de.uni_mannheim.desq.mining.spark.Icdm16TraditionalMiningTest" time="0.04"/>
  <testcase name="testDesqDataset[Icdm16TraditionalMiningTest-DesqCount-ftff-5-0-7-false-]" classname="de.uni_mannheim.desq.mining.spark.Icdm16TraditionalMiningTest" time="0.038"/>
  <testcase name="testGenericDesqDataset[Icdm16TraditionalMiningTest-DesqCount-ftff-5-0-7-false-]" classname="de.uni_mannheim.desq.mining.spark.Icdm16TraditionalMiningTest" time="0.04"/>
  <testcase name="testGenericDesqDataset[Icdm16TraditionalMiningTest-DesqCount-ftff-5-0-7-false-]" classname="de.uni_mannheim.desq.mining.spark.Icdm16TraditionalMiningTest" time="0.033"/>
  <testcase name="testDesqDataset[Icdm16TraditionalMiningTest-DesqCount-ftff-5-0-7-true-]" classname="de.uni_mannheim.desq.mining.spark.Icdm16TraditionalMiningTest" time="0.053"/>
  <testcase name="testDesqDataset[Icdm16TraditionalMiningTest-DesqCount-ftff-5-0-7-true-]" classname="de.uni_mannheim.desq.mining.spark.Icdm16TraditionalMiningTest" time="0.048"/>
  <testcase name="testGenericDesqDataset[Icdm16TraditionalMiningTest-DesqCount-ftff-5-0-7-true-]" classname="de.uni_mannheim.desq.mining.spark.Icdm16TraditionalMiningTest" time="0.057"/>
  <testcase name="testGenericDesqDataset[Icdm16TraditionalMiningTest-DesqCount-ftff-5-0-7-true-]" classname="de.uni_mannheim.desq.mining.spark.Icdm16TraditionalMiningTest" time="0.063"/>
  <testcase name="testDesqDataset[Icdm16TraditionalMiningTest-DesqCount-ftff-5-1-1-false-]" classname="de.uni_mannheim.desq.mining.spark.Icdm16TraditionalMiningTest" time="0.033"/>
  <testcase name="testDesqDataset[Icdm16TraditionalMiningTest-DesqCount-ftff-5-1-1-false-]" classname="de.uni_mannheim.desq.mining.spark.Icdm16TraditionalMiningTest" time="0.031"/>
  <testcase name="testGenericDesqDataset[Icdm16TraditionalMiningTest-DesqCount-ftff-5-1-1-false-]" classname="de.uni_mannheim.desq.mining.spark.Icdm16TraditionalMiningTest" time="0.039"/>
  <testcase name="testGenericDesqDataset[Icdm16TraditionalMiningTest-DesqCount-ftff-5-1-1-false-]" classname="de.uni_mannheim.desq.mining.spark.Icdm16TraditionalMiningTest" time="0.03"/>
  <testcase name="testDesqDataset[Icdm16TraditionalMiningTest-DesqCount-ftff-5-1-1-true-]" classname="de.uni_mannheim.desq.mining.spark.Icdm16TraditionalMiningTest" time="0.028"/>
  <testcase name="testDesqDataset[Icdm16TraditionalMiningTest-DesqCount-ftff-5-1-1-true-]" classname="de.uni_mannheim.desq.mining.spark.Icdm16TraditionalMiningTest" time="0.034"/>
  <testcase name="testGenericDesqDataset[Icdm16TraditionalMiningTest-DesqCount-ftff-5-1-1-true-]" classname="de.uni_mannheim.desq.mining.spark.Icdm16TraditionalMiningTest" time="0.031"/>
  <testcase name="testGenericDesqDataset[Icdm16TraditionalMiningTest-DesqCount-ftff-5-1-1-true-]" classname="de.uni_mannheim.desq.mining.spark.Icdm16TraditionalMiningTest" time="0.059"/>
  <testcase name="testDesqDataset[Icdm16TraditionalMiningTest-DesqCount-ftff-5-1-3-false-]" classname="de.uni_mannheim.desq.mining.spark.Icdm16TraditionalMiningTest" time="0.039"/>
  <testcase name="testDesqDataset[Icdm16TraditionalMiningTest-DesqCount-ftff-5-1-3-false-]" classname="de.uni_mannheim.desq.mining.spark.Icdm16TraditionalMiningTest" time="0.039"/>
  <testcase name="testGenericDesqDataset[Icdm16TraditionalMiningTest-DesqCount-ftff-5-1-3-false-]" classname="de.uni_mannheim.desq.mining.spark.Icdm16TraditionalMiningTest" time="0.039"/>
  <testcase name="testGenericDesqDataset[Icdm16TraditionalMiningTest-DesqCount-ftff-5-1-3-false-]" classname="de.uni_mannheim.desq.mining.spark.Icdm16TraditionalMiningTest" time="0.041"/>
  <testcase name="testDesqDataset[Icdm16TraditionalMiningTest-DesqCount-ftff-5-1-3-true-]" classname="de.uni_mannheim.desq.mining.spark.Icdm16TraditionalMiningTest" time="0.044"/>
  <testcase name="testDesqDataset[Icdm16TraditionalMiningTest-DesqCount-ftff-5-1-3-true-]" classname="de.uni_mannheim.desq.mining.spark.Icdm16TraditionalMiningTest" time="0.047"/>
  <testcase name="testGenericDesqDataset[Icdm16TraditionalMiningTest-DesqCount-ftff-5-1-3-true-]" classname="de.uni_mannheim.desq.mining.spark.Icdm16TraditionalMiningTest" time="0.042"/>
  <testcase name="testGenericDesqDataset[Icdm16TraditionalMiningTest-DesqCount-ftff-5-1-3-true-]" classname="de.uni_mannheim.desq.mining.spark.Icdm16TraditionalMiningTest" time="0.042"/>
  <testcase name="testDesqDataset[Icdm16TraditionalMiningTest-DesqCount-ftff-5-1-5-false-]" classname="de.uni_mannheim.desq.mining.spark.Icdm16TraditionalMiningTest" time="0.033"/>
  <testcase name="testDesqDataset[Icdm16TraditionalMiningTest-DesqCount-ftff-5-1-5-false-]" classname="de.uni_mannheim.desq.mining.spark.Icdm16TraditionalMiningTest" time="0.042"/>
  <testcase name="testGenericDesqDataset[Icdm16TraditionalMiningTest-DesqCount-ftff-5-1-5-false-]" classname="de.uni_mannheim.desq.mining.spark.Icdm16TraditionalMiningTest" time="0.039"/>
  <testcase name="testGenericDesqDataset[Icdm16TraditionalMiningTest-DesqCount-ftff-5-1-5-false-]" classname="de.uni_mannheim.desq.mining.spark.Icdm16TraditionalMiningTest" time="0.044"/>
  <testcase name="testDesqDataset[Icdm16TraditionalMiningTest-DesqCount-ftff-5-1-5-true-]" classname="de.uni_mannheim.desq.mining.spark.Icdm16TraditionalMiningTest" time="0.06"/>
  <testcase name="testDesqDataset[Icdm16TraditionalMiningTest-DesqCount-ftff-5-1-5-true-]" classname="de.uni_mannheim.desq.mining.spark.Icdm16TraditionalMiningTest" time="0.054"/>
  <testcase name="testGenericDesqDataset[Icdm16TraditionalMiningTest-DesqCount-ftff-5-1-5-true-]" classname="de.uni_mannheim.desq.mining.spark.Icdm16TraditionalMiningTest" time="0.059"/>
  <testcase name="testGenericDesqDataset[Icdm16TraditionalMiningTest-DesqCount-ftff-5-1-5-true-]" classname="de.uni_mannheim.desq.mining.spark.Icdm16TraditionalMiningTest" time="0.043"/>
  <testcase name="testDesqDataset[Icdm16TraditionalMiningTest-DesqCount-ftff-5-1-7-false-]" classname="de.uni_mannheim.desq.mining.spark.Icdm16TraditionalMiningTest" time="0.034"/>
  <testcase name="testDesqDataset[Icdm16TraditionalMiningTest-DesqCount-ftff-5-1-7-false-]" classname="de.uni_mannheim.desq.mining.spark.Icdm16TraditionalMiningTest" time="0.047"/>
  <testcase name="testGenericDesqDataset[Icdm16TraditionalMiningTest-DesqCount-ftff-5-1-7-false-]" classname="de.uni_mannheim.desq.mining.spark.Icdm16TraditionalMiningTest" time="0.046"/>
  <testcase name="testGenericDesqDataset[Icdm16TraditionalMiningTest-DesqCount-ftff-5-1-7-false-]" classname="de.uni_mannheim.desq.mining.spark.Icdm16TraditionalMiningTest" time="0.039"/>
  <testcase name="testDesqDataset[Icdm16TraditionalMiningTest-DesqCount-ftff-5-1-7-true-]" classname="de.uni_mannheim.desq.mining.spark.Icdm16TraditionalMiningTest" time="0.045"/>
  <testcase name="testDesqDataset[Icdm16TraditionalMiningTest-DesqCount-ftff-5-1-7-true-]" classname="de.uni_mannheim.desq.mining.spark.Icdm16TraditionalMiningTest" time="0.049"/>
  <testcase name="testGenericDesqDataset[Icdm16TraditionalMiningTest-DesqCount-ftff-5-1-7-true-]" classname="de.uni_mannheim.desq.mining.spark.Icdm16TraditionalMiningTest" time="0.052"/>
  <testcase name="testGenericDesqDataset[Icdm16TraditionalMiningTest-DesqCount-ftff-5-1-7-true-]" classname="de.uni_mannheim.desq.mining.spark.Icdm16TraditionalMiningTest" time="0.087"/>
  <testcase name="testDesqDataset[Icdm16TraditionalMiningTest-DesqCount-ftff-5-2-1-false-]" classname="de.uni_mannheim.desq.mining.spark.Icdm16TraditionalMiningTest" time="0.03"/>
  <testcase name="testDesqDataset[Icdm16TraditionalMiningTest-DesqCount-ftff-5-2-1-false-]" classname="de.uni_mannheim.desq.mining.spark.Icdm16TraditionalMiningTest" time="0.027"/>
  <testcase name="testGenericDesqDataset[Icdm16TraditionalMiningTest-DesqCount-ftff-5-2-1-false-]" classname="de.uni_mannheim.desq.mining.spark.Icdm16TraditionalMiningTest" time="0.039"/>
  <testcase name="testGenericDesqDataset[Icdm16TraditionalMiningTest-DesqCount-ftff-5-2-1-false-]" classname="de.uni_mannheim.desq.mining.spark.Icdm16TraditionalMiningTest" time="0.033"/>
  <testcase name="testDesqDataset[Icdm16TraditionalMiningTest-DesqCount-ftff-5-2-1-true-]" classname="de.uni_mannheim.desq.mining.spark.Icdm16TraditionalMiningTest" time="0.035"/>
  <testcase name="testDesqDataset[Icdm16TraditionalMiningTest-DesqCount-ftff-5-2-1-true-]" classname="de.uni_mannheim.desq.mining.spark.Icdm16TraditionalMiningTest" time="0.033"/>
  <testcase name="testGenericDesqDataset[Icdm16TraditionalMiningTest-DesqCount-ftff-5-2-1-true-]" classname="de.uni_mannheim.desq.mining.spark.Icdm16TraditionalMiningTest" time="0.037"/>
  <testcase name="testGenericDesqDataset[Icdm16TraditionalMiningTest-DesqCount-ftff-5-2-1-true-]" classname="de.uni_mannheim.desq.mining.spark.Icdm16TraditionalMiningTest" time="0.038"/>
  <testcase name="testDesqDataset[Icdm16TraditionalMiningTest-DesqCount-ftff-5-2-3-false-]" classname="de.uni_mannheim.desq.mining.spark.Icdm16TraditionalMiningTest" time="0.038"/>
  <testcase name="testDesqDataset[Icdm16TraditionalMiningTest-DesqCount-ftff-5-2-3-false-]" classname="de.uni_mannheim.desq.mining.spark.Icdm16TraditionalMiningTest" time="0.046"/>
  <testcase name="testGenericDesqDataset[Icdm16TraditionalMiningTest-DesqCount-ftff-5-2-3-false-]" classname="de.uni_mannheim.desq.mining.spark.Icdm16TraditionalMiningTest" time="0.04"/>
  <testcase name="testGenericDesqDataset[Icdm16TraditionalMiningTest-DesqCount-ftff-5-2-3-false-]" classname="de.uni_mannheim.desq.mining.spark.Icdm16TraditionalMiningTest" time="0.042"/>
  <testcase name="testDesqDataset[Icdm16TraditionalMiningTest-DesqCount-ftff-5-2-3-true-]" classname="de.uni_mannheim.desq.mining.spark.Icdm16TraditionalMiningTest" time="0.052"/>
  <testcase name="testDesqDataset[Icdm16TraditionalMiningTest-DesqCount-ftff-5-2-3-true-]" classname="de.uni_mannheim.desq.mining.spark.Icdm16TraditionalMiningTest" time="0.05"/>
  <testcase name="testGenericDesqDataset[Icdm16TraditionalMiningTest-DesqCount-ftff-5-2-3-true-]" classname="de.uni_mannheim.desq.mining.spark.Icdm16TraditionalMiningTest" time="0.054"/>
  <testcase name="testGenericDesqDataset[Icdm16TraditionalMiningTest-DesqCount-ftff-5-2-3-true-]" classname="de.uni_mannheim.desq.mining.spark.Icdm16TraditionalMiningTest" time="0.05"/>
  <testcase name="testDesqDataset[Icdm16TraditionalMiningTest-DesqCount-ftff-5-2-5-false-]" classname="de.uni_mannheim.desq.mining.spark.Icdm16TraditionalMiningTest" time="0.035"/>
  <testcase name="testDesqDataset[Icdm16TraditionalMiningTest-DesqCount-ftff-5-2-5-false-]" classname="de.uni_mannheim.desq.mining.spark.Icdm16TraditionalMiningTest" time="0.049"/>
  <testcase name="testGenericDesqDataset[Icdm16TraditionalMiningTest-DesqCount-ftff-5-2-5-false-]" classname="de.uni_mannheim.desq.mining.spark.Icdm16TraditionalMiningTest" time="0.047"/>
  <testcase name="testGenericDesqDataset[Icdm16TraditionalMiningTest-DesqCount-ftff-5-2-5-false-]" classname="de.uni_mannheim.desq.mining.spark.Icdm16TraditionalMiningTest" time="0.048"/>
  <testcase name="testDesqDataset[Icdm16TraditionalMiningTest-DesqCount-ftff-5-2-5-true-]" classname="de.uni_mannheim.desq.mining.spark.Icdm16TraditionalMiningTest" time="0.074"/>
  <testcase name="testDesqDataset[Icdm16TraditionalMiningTest-DesqCount-ftff-5-2-5-true-]" classname="de.uni_mannheim.desq.mining.spark.Icdm16TraditionalMiningTest" time="0.048"/>
  <testcase name="testGenericDesqDataset[Icdm16TraditionalMiningTest-DesqCount-ftff-5-2-5-true-]" classname="de.uni_mannheim.desq.mining.spark.Icdm16TraditionalMiningTest" time="0.048"/>
  <testcase name="testGenericDesqDataset[Icdm16TraditionalMiningTest-DesqCount-ftff-5-2-5-true-]" classname="de.uni_mannheim.desq.mining.spark.Icdm16TraditionalMiningTest" time="0.067"/>
  <testcase name="testDesqDataset[Icdm16TraditionalMiningTest-DesqCount-ftff-5-2-7-false-]" classname="de.uni_mannheim.desq.mining.spark.Icdm16TraditionalMiningTest" time="0.033"/>
  <testcase name="testDesqDataset[Icdm16TraditionalMiningTest-DesqCount-ftff-5-2-7-false-]" classname="de.uni_mannheim.desq.mining.spark.Icdm16TraditionalMiningTest" time="0.033"/>
  <testcase name="testGenericDesqDataset[Icdm16TraditionalMiningTest-DesqCount-ftff-5-2-7-false-]" classname="de.uni_mannheim.desq.mining.spark.Icdm16TraditionalMiningTest" time="0.037"/>
  <testcase name="testGenericDesqDataset[Icdm16TraditionalMiningTest-DesqCount-ftff-5-2-7-false-]" classname="de.uni_mannheim.desq.mining.spark.Icdm16TraditionalMiningTest" time="0.044"/>
  <testcase name="testDesqDataset[Icdm16TraditionalMiningTest-DesqCount-ftff-5-2-7-true-]" classname="de.uni_mannheim.desq.mining.spark.Icdm16TraditionalMiningTest" time="0.071"/>
  <testcase name="testDesqDataset[Icdm16TraditionalMiningTest-DesqCount-ftff-5-2-7-true-]" classname="de.uni_mannheim.desq.mining.spark.Icdm16TraditionalMiningTest" time="0.229"/>
  <testcase name="testGenericDesqDataset[Icdm16TraditionalMiningTest-DesqCount-ftff-5-2-7-true-]" classname="de.uni_mannheim.desq.mining.spark.Icdm16TraditionalMiningTest" time="0.071"/>
  <testcase name="testGenericDesqDataset[Icdm16TraditionalMiningTest-DesqCount-ftff-5-2-7-true-]" classname="de.uni_mannheim.desq.mining.spark.Icdm16TraditionalMiningTest" time="0.07"/>
  <testcase name="testDesqDataset[Icdm16TraditionalMiningTest-DesqCount-ftff-7-0-1-false-]" classname="de.uni_mannheim.desq.mining.spark.Icdm16TraditionalMiningTest" time="0.031"/>
  <testcase name="testDesqDataset[Icdm16TraditionalMiningTest-DesqCount-ftff-7-0-1-false-]" classname="de.uni_mannheim.desq.mining.spark.Icdm16TraditionalMiningTest" time="0.031"/>
  <testcase name="testGenericDesqDataset[Icdm16TraditionalMiningTest-DesqCount-ftff-7-0-1-false-]" classname="de.uni_mannheim.desq.mining.spark.Icdm16TraditionalMiningTest" time="0.033"/>
  <testcase name="testGenericDesqDataset[Icdm16TraditionalMiningTest-DesqCount-ftff-7-0-1-false-]" classname="de.uni_mannheim.desq.mining.spark.Icdm16TraditionalMiningTest" time="0.035"/>
  <testcase name="testDesqDataset[Icdm16TraditionalMiningTest-DesqCount-ftff-7-0-1-true-]" classname="de.uni_mannheim.desq.mining.spark.Icdm16TraditionalMiningTest" time="0.03"/>
  <testcase name="testDesqDataset[Icdm16TraditionalMiningTest-DesqCount-ftff-7-0-1-true-]" classname="de.uni_mannheim.desq.mining.spark.Icdm16TraditionalMiningTest" time="0.033"/>
  <testcase name="testGenericDesqDataset[Icdm16TraditionalMiningTest-DesqCount-ftff-7-0-1-true-]" classname="de.uni_mannheim.desq.mining.spark.Icdm16TraditionalMiningTest" time="0.033"/>
  <testcase name="testGenericDesqDataset[Icdm16TraditionalMiningTest-DesqCount-ftff-7-0-1-true-]" classname="de.uni_mannheim.desq.mining.spark.Icdm16TraditionalMiningTest" time="0.031"/>
  <testcase name="testDesqDataset[Icdm16TraditionalMiningTest-DesqCount-ftff-7-0-3-false-]" classname="de.uni_mannheim.desq.mining.spark.Icdm16TraditionalMiningTest" time="0.031"/>
  <testcase name="testDesqDataset[Icdm16TraditionalMiningTest-DesqCount-ftff-7-0-3-false-]" classname="de.uni_mannheim.desq.mining.spark.Icdm16TraditionalMiningTest" time="0.094"/>
  <testcase name="testGenericDesqDataset[Icdm16TraditionalMiningTest-DesqCount-ftff-7-0-3-false-]" classname="de.uni_mannheim.desq.mining.spark.Icdm16TraditionalMiningTest" time="0.033"/>
  <testcase name="testGenericDesqDataset[Icdm16TraditionalMiningTest-DesqCount-ftff-7-0-3-false-]" classname="de.uni_mannheim.desq.mining.spark.Icdm16TraditionalMiningTest" time="0.036"/>
  <testcase name="testDesqDataset[Icdm16TraditionalMiningTest-DesqCount-ftff-7-0-3-true-]" classname="de.uni_mannheim.desq.mining.spark.Icdm16TraditionalMiningTest" time="0.027"/>
  <testcase name="testDesqDataset[Icdm16TraditionalMiningTest-DesqCount-ftff-7-0-3-true-]" classname="de.uni_mannheim.desq.mining.spark.Icdm16TraditionalMiningTest" time="0.024"/>
  <testcase name="testGenericDesqDataset[Icdm16TraditionalMiningTest-DesqCount-ftff-7-0-3-true-]" classname="de.uni_mannheim.desq.mining.spark.Icdm16TraditionalMiningTest" time="0.028"/>
  <testcase name="testGenericDesqDataset[Icdm16TraditionalMiningTest-DesqCount-ftff-7-0-3-true-]" classname="de.uni_mannheim.desq.mining.spark.Icdm16TraditionalMiningTest" time="0.03"/>
  <testcase name="testDesqDataset[Icdm16TraditionalMiningTest-DesqCount-ftff-7-0-5-false-]" classname="de.uni_mannheim.desq.mining.spark.Icdm16TraditionalMiningTest" time="0.02"/>
  <testcase name="testDesqDataset[Icdm16TraditionalMiningTest-DesqCount-ftff-7-0-5-false-]" classname="de.uni_mannheim.desq.mining.spark.Icdm16TraditionalMiningTest" time="0.032"/>
  <testcase name="testGenericDesqDataset[Icdm16TraditionalMiningTest-DesqCount-ftff-7-0-5-false-]" classname="de.uni_mannheim.desq.mining.spark.Icdm16TraditionalMiningTest" time="0.052"/>
  <testcase name="testGenericDesqDataset[Icdm16TraditionalMiningTest-DesqCount-ftff-7-0-5-false-]" classname="de.uni_mannheim.desq.mining.spark.Icdm16TraditionalMiningTest" time="0.058"/>
  <testcase name="testDesqDataset[Icdm16TraditionalMiningTest-DesqCount-ftff-7-0-5-true-]" classname="de.uni_mannheim.desq.mining.spark.Icdm16TraditionalMiningTest" time="0.028"/>
  <testcase name="testDesqDataset[Icdm16TraditionalMiningTest-DesqCount-ftff-7-0-5-true-]" classname="de.uni_mannheim.desq.mining.spark.Icdm16TraditionalMiningTest" time="0.033"/>
  <testcase name="testGenericDesqDataset[Icdm16TraditionalMiningTest-DesqCount-ftff-7-0-5-true-]" classname="de.uni_mannheim.desq.mining.spark.Icdm16TraditionalMiningTest" time="0.031"/>
  <testcase name="testGenericDesqDataset[Icdm16TraditionalMiningTest-DesqCount-ftff-7-0-5-true-]" classname="de.uni_mannheim.desq.mining.spark.Icdm16TraditionalMiningTest" time="0.031"/>
  <testcase name="testDesqDataset[Icdm16TraditionalMiningTest-DesqCount-ftff-7-0-7-false-]" classname="de.uni_mannheim.desq.mining.spark.Icdm16TraditionalMiningTest" time="0.03"/>
  <testcase name="testDesqDataset[Icdm16TraditionalMiningTest-DesqCount-ftff-7-0-7-false-]" classname="de.uni_mannheim.desq.mining.spark.Icdm16TraditionalMiningTest" time="0.21"/>
  <testcase name="testGenericDesqDataset[Icdm16TraditionalMiningTest-DesqCount-ftff-7-0-7-false-]" classname="de.uni_mannheim.desq.mining.spark.Icdm16TraditionalMiningTest" time="0.034"/>
  <testcase name="testGenericDesqDataset[Icdm16TraditionalMiningTest-DesqCount-ftff-7-0-7-false-]" classname="de.uni_mannheim.desq.mining.spark.Icdm16TraditionalMiningTest" time="0.033"/>
  <testcase name="testDesqDataset[Icdm16TraditionalMiningTest-DesqCount-ftff-7-0-7-true-]" classname="de.uni_mannheim.desq.mining.spark.Icdm16TraditionalMiningTest" time="0.031"/>
  <testcase name="testDesqDataset[Icdm16TraditionalMiningTest-DesqCount-ftff-7-0-7-true-]" classname="de.uni_mannheim.desq.mining.spark.Icdm16TraditionalMiningTest" time="0.108"/>
  <testcase name="testGenericDesqDataset[Icdm16TraditionalMiningTest-DesqCount-ftff-7-0-7-true-]" classname="de.uni_mannheim.desq.mining.spark.Icdm16TraditionalMiningTest" time="0.124"/>
  <testcase name="testGenericDesqDataset[Icdm16TraditionalMiningTest-DesqCount-ftff-7-0-7-true-]" classname="de.uni_mannheim.desq.mining.spark.Icdm16TraditionalMiningTest" time="0.033"/>
  <testcase name="testDesqDataset[Icdm16TraditionalMiningTest-DesqCount-ftff-7-1-1-false-]" classname="de.uni_mannheim.desq.mining.spark.Icdm16TraditionalMiningTest" time="0.032"/>
  <testcase name="testDesqDataset[Icdm16TraditionalMiningTest-DesqCount-ftff-7-1-1-false-]" classname="de.uni_mannheim.desq.mining.spark.Icdm16TraditionalMiningTest" time="0.101"/>
  <testcase name="testGenericDesqDataset[Icdm16TraditionalMiningTest-DesqCount-ftff-7-1-1-false-]" classname="de.uni_mannheim.desq.mining.spark.Icdm16TraditionalMiningTest" time="0.035"/>
  <testcase name="testGenericDesqDataset[Icdm16TraditionalMiningTest-DesqCount-ftff-7-1-1-false-]" classname="de.uni_mannheim.desq.mining.spark.Icdm16TraditionalMiningTest" time="0.031"/>
  <testcase name="testDesqDataset[Icdm16TraditionalMiningTest-DesqCount-ftff-7-1-1-true-]" classname="de.uni_mannheim.desq.mining.spark.Icdm16TraditionalMiningTest" time="0.029"/>
  <testcase name="testDesqDataset[Icdm16TraditionalMiningTest-DesqCount-ftff-7-1-1-true-]" classname="de.uni_mannheim.desq.mining.spark.Icdm16TraditionalMiningTest" time="0.023"/>
  <testcase name="testGenericDesqDataset[Icdm16TraditionalMiningTest-DesqCount-ftff-7-1-1-true-]" classname="de.uni_mannheim.desq.mining.spark.Icdm16TraditionalMiningTest" time="0.037"/>
  <testcase name="testGenericDesqDataset[Icdm16TraditionalMiningTest-DesqCount-ftff-7-1-1-true-]" classname="de.uni_mannheim.desq.mining.spark.Icdm16TraditionalMiningTest" time="0.026"/>
  <testcase name="testDesqDataset[Icdm16TraditionalMiningTest-DesqCount-ftff-7-1-3-false-]" classname="de.uni_mannheim.desq.mining.spark.Icdm16TraditionalMiningTest" time="0.025"/>
  <testcase name="testDesqDataset[Icdm16TraditionalMiningTest-DesqCount-ftff-7-1-3-false-]" classname="de.uni_mannheim.desq.mining.spark.Icdm16TraditionalMiningTest" time="0.022"/>
  <testcase name="testGenericDesqDataset[Icdm16TraditionalMiningTest-DesqCount-ftff-7-1-3-false-]" classname="de.uni_mannheim.desq.mining.spark.Icdm16TraditionalMiningTest" time="0.03"/>
  <testcase name="testGenericDesqDataset[Icdm16TraditionalMiningTest-DesqCount-ftff-7-1-3-false-]" classname="de.uni_mannheim.desq.mining.spark.Icdm16TraditionalMiningTest" time="0.024"/>
  <testcase name="testDesqDataset[Icdm16TraditionalMiningTest-DesqCount-ftff-7-1-3-true-]" classname="de.uni_mannheim.desq.mining.spark.Icdm16TraditionalMiningTest" time="0.025"/>
  <testcase name="testDesqDataset[Icdm16TraditionalMiningTest-DesqCount-ftff-7-1-3-true-]" classname="de.uni_mannheim.desq.mining.spark.Icdm16TraditionalMiningTest" time="0.03"/>
  <testcase name="testGenericDesqDataset[Icdm16TraditionalMiningTest-DesqCount-ftff-7-1-3-true-]" classname="de.uni_mannheim.desq.mining.spark.Icdm16TraditionalMiningTest" time="0.129"/>
  <testcase name="testGenericDesqDataset[Icdm16TraditionalMiningTest-DesqCount-ftff-7-1-3-true-]" classname="de.uni_mannheim.desq.mining.spark.Icdm16TraditionalMiningTest" time="0.032"/>
  <testcase name="testDesqDataset[Icdm16TraditionalMiningTest-DesqCount-ftff-7-1-5-false-]" classname="de.uni_mannheim.desq.mining.spark.Icdm16TraditionalMiningTest" time="0.033"/>
  <testcase name="testDesqDataset[Icdm16TraditionalMiningTest-DesqCount-ftff-7-1-5-false-]" classname="de.uni_mannheim.desq.mining.spark.Icdm16TraditionalMiningTest" time="0.302"/>
  <testcase name="testGenericDesqDataset[Icdm16TraditionalMiningTest-DesqCount-ftff-7-1-5-false-]" classname="de.uni_mannheim.desq.mining.spark.Icdm16TraditionalMiningTest" time="0.104"/>
  <testcase name="testGenericDesqDataset[Icdm16TraditionalMiningTest-DesqCount-ftff-7-1-5-false-]" classname="de.uni_mannheim.desq.mining.spark.Icdm16TraditionalMiningTest" time="0.025"/>
  <testcase name="testDesqDataset[Icdm16TraditionalMiningTest-DesqCount-ftff-7-1-5-true-]" classname="de.uni_mannheim.desq.mining.spark.Icdm16TraditionalMiningTest" time="0.021"/>
  <testcase name="testDesqDataset[Icdm16TraditionalMiningTest-DesqCount-ftff-7-1-5-true-]" classname="de.uni_mannheim.desq.mining.spark.Icdm16TraditionalMiningTest" time="0.029"/>
  <testcase name="testGenericDesqDataset[Icdm16TraditionalMiningTest-DesqCount-ftff-7-1-5-true-]" classname="de.uni_mannheim.desq.mining.spark.Icdm16TraditionalMiningTest" time="0.031"/>
  <testcase name="testGenericDesqDataset[Icdm16TraditionalMiningTest-DesqCount-ftff-7-1-5-true-]" classname="de.uni_mannheim.desq.mining.spark.Icdm16TraditionalMiningTest" time="0.294"/>
  <testcase name="testDesqDataset[Icdm16TraditionalMiningTest-DesqCount-ftff-7-1-7-false-]" classname="de.uni_mannheim.desq.mining.spark.Icdm16TraditionalMiningTest" time="0.03"/>
  <testcase name="testDesqDataset[Icdm16TraditionalMiningTest-DesqCount-ftff-7-1-7-false-]" classname="de.uni_mannheim.desq.mining.spark.Icdm16TraditionalMiningTest" time="0.033"/>
  <testcase name="testGenericDesqDataset[Icdm16TraditionalMiningTest-DesqCount-ftff-7-1-7-false-]" classname="de.uni_mannheim.desq.mining.spark.Icdm16TraditionalMiningTest" time="0.034"/>
  <testcase name="testGenericDesqDataset[Icdm16TraditionalMiningTest-DesqCount-ftff-7-1-7-false-]" classname="de.uni_mannheim.desq.mining.spark.Icdm16TraditionalMiningTest" time="0.03"/>
  <testcase name="testDesqDataset[Icdm16TraditionalMiningTest-DesqCount-ftff-7-1-7-true-]" classname="de.uni_mannheim.desq.mining.spark.Icdm16TraditionalMiningTest" time="0.028"/>
  <testcase name="testDesqDataset[Icdm16TraditionalMiningTest-DesqCount-ftff-7-1-7-true-]" classname="de.uni_mannheim.desq.mining.spark.Icdm16TraditionalMiningTest" time="0.031"/>
  <testcase name="testGenericDesqDataset[Icdm16TraditionalMiningTest-DesqCount-ftff-7-1-7-true-]" classname="de.uni_mannheim.desq.mining.spark.Icdm16TraditionalMiningTest" time="0.036"/>
  <testcase name="testGenericDesqDataset[Icdm16TraditionalMiningTest-DesqCount-ftff-7-1-7-true-]" classname="de.uni_mannheim.desq.mining.spark.Icdm16TraditionalMiningTest" time="0.033"/>
  <testcase name="testDesqDataset[Icdm16TraditionalMiningTest-DesqCount-ftff-7-2-1-false-]" classname="de.uni_mannheim.desq.mining.spark.Icdm16TraditionalMiningTest" time="0.033"/>
  <testcase name="testDesqDataset[Icdm16TraditionalMiningTest-DesqCount-ftff-7-2-1-false-]" classname="de.uni_mannheim.desq.mining.spark.Icdm16TraditionalMiningTest" time="0.029"/>
  <testcase name="testGenericDesqDataset[Icdm16TraditionalMiningTest-DesqCount-ftff-7-2-1-false-]" classname="de.uni_mannheim.desq.mining.spark.Icdm16TraditionalMiningTest" time="0.03"/>
  <testcase name="testGenericDesqDataset[Icdm16TraditionalMiningTest-DesqCount-ftff-7-2-1-false-]" classname="de.uni_mannheim.desq.mining.spark.Icdm16TraditionalMiningTest" time="0.029"/>
  <testcase name="testDesqDataset[Icdm16TraditionalMiningTest-DesqCount-ftff-7-2-1-true-]" classname="de.uni_mannheim.desq.mining.spark.Icdm16TraditionalMiningTest" time="0.037"/>
  <testcase name="testDesqDataset[Icdm16TraditionalMiningTest-DesqCount-ftff-7-2-1-true-]" classname="de.uni_mannheim.desq.mining.spark.Icdm16TraditionalMiningTest" time="0.029"/>
  <testcase name="testGenericDesqDataset[Icdm16TraditionalMiningTest-DesqCount-ftff-7-2-1-true-]" classname="de.uni_mannheim.desq.mining.spark.Icdm16TraditionalMiningTest" time="0.032"/>
  <testcase name="testGenericDesqDataset[Icdm16TraditionalMiningTest-DesqCount-ftff-7-2-1-true-]" classname="de.uni_mannheim.desq.mining.spark.Icdm16TraditionalMiningTest" time="0.033"/>
  <testcase name="testDesqDataset[Icdm16TraditionalMiningTest-DesqCount-ftff-7-2-3-false-]" classname="de.uni_mannheim.desq.mining.spark.Icdm16TraditionalMiningTest" time="0.046"/>
  <testcase name="testDesqDataset[Icdm16TraditionalMiningTest-DesqCount-ftff-7-2-3-false-]" classname="de.uni_mannheim.desq.mining.spark.Icdm16TraditionalMiningTest" time="0.035"/>
  <testcase name="testGenericDesqDataset[Icdm16TraditionalMiningTest-DesqCount-ftff-7-2-3-false-]" classname="de.uni_mannheim.desq.mining.spark.Icdm16TraditionalMiningTest" time="0.054"/>
  <testcase name="testGenericDesqDataset[Icdm16TraditionalMiningTest-DesqCount-ftff-7-2-3-false-]" classname="de.uni_mannheim.desq.mining.spark.Icdm16TraditionalMiningTest" time="0.031"/>
  <testcase name="testDesqDataset[Icdm16TraditionalMiningTest-DesqCount-ftff-7-2-3-true-]" classname="de.uni_mannheim.desq.mining.spark.Icdm16TraditionalMiningTest" time="0.032"/>
  <testcase name="testDesqDataset[Icdm16TraditionalMiningTest-DesqCount-ftff-7-2-3-true-]" classname="de.uni_mannheim.desq.mining.spark.Icdm16TraditionalMiningTest" time="0.165"/>
  <testcase name="testGenericDesqDataset[Icdm16TraditionalMiningTest-DesqCount-ftff-7-2-3-true-]" classname="de.uni_mannheim.desq.mining.spark.Icdm16TraditionalMiningTest" time="0.029"/>
  <testcase name="testGenericDesqDataset[Icdm16TraditionalMiningTest-DesqCount-ftff-7-2-3-true-]" classname="de.uni_mannheim.desq.mining.spark.Icdm16TraditionalMiningTest" time="0.198"/>
  <testcase name="testDesqDataset[Icdm16TraditionalMiningTest-DesqCount-ftff-7-2-5-false-]" classname="de.uni_mannheim.desq.mining.spark.Icdm16TraditionalMiningTest" time="0.028"/>
  <testcase name="testDesqDataset[Icdm16TraditionalMiningTest-DesqCount-ftff-7-2-5-false-]" classname="de.uni_mannheim.desq.mining.spark.Icdm16TraditionalMiningTest" time="0.029"/>
  <testcase name="testGenericDesqDataset[Icdm16TraditionalMiningTest-DesqCount-ftff-7-2-5-false-]" classname="de.uni_mannheim.desq.mining.spark.Icdm16TraditionalMiningTest" time="0.032"/>
  <testcase name="testGenericDesqDataset[Icdm16TraditionalMiningTest-DesqCount-ftff-7-2-5-false-]" classname="de.uni_mannheim.desq.mining.spark.Icdm16TraditionalMiningTest" time="0.022"/>
  <testcase name="testDesqDataset[Icdm16TraditionalMiningTest-DesqCount-ftff-7-2-5-true-]" classname="de.uni_mannheim.desq.mining.spark.Icdm16TraditionalMiningTest" time="0.02"/>
  <testcase name="testDesqDataset[Icdm16TraditionalMiningTest-DesqCount-ftff-7-2-5-true-]" classname="de.uni_mannheim.desq.mining.spark.Icdm16TraditionalMiningTest" time="0.035"/>
  <testcase name="testGenericDesqDataset[Icdm16TraditionalMiningTest-DesqCount-ftff-7-2-5-true-]" classname="de.uni_mannheim.desq.mining.spark.Icdm16TraditionalMiningTest" time="0.034"/>
  <testcase name="testGenericDesqDataset[Icdm16TraditionalMiningTest-DesqCount-ftff-7-2-5-true-]" classname="de.uni_mannheim.desq.mining.spark.Icdm16TraditionalMiningTest" time="0.033"/>
  <testcase name="testDesqDataset[Icdm16TraditionalMiningTest-DesqCount-ftff-7-2-7-false-]" classname="de.uni_mannheim.desq.mining.spark.Icdm16TraditionalMiningTest" time="0.031"/>
  <testcase name="testDesqDataset[Icdm16TraditionalMiningTest-DesqCount-ftff-7-2-7-false-]" classname="de.uni_mannheim.desq.mining.spark.Icdm16TraditionalMiningTest" time="0.028"/>
  <testcase name="testGenericDesqDataset[Icdm16TraditionalMiningTest-DesqCount-ftff-7-2-7-false-]" classname="de.uni_mannheim.desq.mining.spark.Icdm16TraditionalMiningTest" time="0.034"/>
  <testcase name="testGenericDesqDataset[Icdm16TraditionalMiningTest-DesqCount-ftff-7-2-7-false-]" classname="de.uni_mannheim.desq.mining.spark.Icdm16TraditionalMiningTest" time="0.033"/>
  <testcase name="testDesqDataset[Icdm16TraditionalMiningTest-DesqCount-ftff-7-2-7-true-]" classname="de.uni_mannheim.desq.mining.spark.Icdm16TraditionalMiningTest" time="0.031"/>
  <testcase name="testDesqDataset[Icdm16TraditionalMiningTest-DesqCount-ftff-7-2-7-true-]" classname="de.uni_mannheim.desq.mining.spark.Icdm16TraditionalMiningTest" time="0.027"/>
  <testcase name="testGenericDesqDataset[Icdm16TraditionalMiningTest-DesqCount-ftff-7-2-7-true-]" classname="de.uni_mannheim.desq.mining.spark.Icdm16TraditionalMiningTest" time="0.316"/>
  <testcase name="testGenericDesqDataset[Icdm16TraditionalMiningTest-DesqCount-ftff-7-2-7-true-]" classname="de.uni_mannheim.desq.mining.spark.Icdm16TraditionalMiningTest" time="0.026"/>
  <testcase name="testDesqDataset[Icdm16TraditionalMiningTest-DesqCount-fttt-1-0-1-false-]" classname="de.uni_mannheim.desq.mining.spark.Icdm16TraditionalMiningTest" time="0.033"/>
  <testcase name="testDesqDataset[Icdm16TraditionalMiningTest-DesqCount-fttt-1-0-1-false-]" classname="de.uni_mannheim.desq.mining.spark.Icdm16TraditionalMiningTest" time="0.049"/>
  <testcase name="testGenericDesqDataset[Icdm16TraditionalMiningTest-DesqCount-fttt-1-0-1-false-]" classname="de.uni_mannheim.desq.mining.spark.Icdm16TraditionalMiningTest" time="0.026"/>
  <testcase name="testGenericDesqDataset[Icdm16TraditionalMiningTest-DesqCount-fttt-1-0-1-false-]" classname="de.uni_mannheim.desq.mining.spark.Icdm16TraditionalMiningTest" time="0.04"/>
  <testcase name="testDesqDataset[Icdm16TraditionalMiningTest-DesqCount-fttt-1-0-1-true-]" classname="de.uni_mannheim.desq.mining.spark.Icdm16TraditionalMiningTest" time="0.032"/>
  <testcase name="testDesqDataset[Icdm16TraditionalMiningTest-DesqCount-fttt-1-0-1-true-]" classname="de.uni_mannheim.desq.mining.spark.Icdm16TraditionalMiningTest" time="0.036"/>
  <testcase name="testGenericDesqDataset[Icdm16TraditionalMiningTest-DesqCount-fttt-1-0-1-true-]" classname="de.uni_mannheim.desq.mining.spark.Icdm16TraditionalMiningTest" time="0.039"/>
  <testcase name="testGenericDesqDataset[Icdm16TraditionalMiningTest-DesqCount-fttt-1-0-1-true-]" classname="de.uni_mannheim.desq.mining.spark.Icdm16TraditionalMiningTest" time="0.037"/>
  <testcase name="testDesqDataset[Icdm16TraditionalMiningTest-DesqCount-fttt-1-0-3-false-]" classname="de.uni_mannheim.desq.mining.spark.Icdm16TraditionalMiningTest" time="0.037"/>
  <testcase name="testDesqDataset[Icdm16TraditionalMiningTest-DesqCount-fttt-1-0-3-false-]" classname="de.uni_mannheim.desq.mining.spark.Icdm16TraditionalMiningTest" time="0.028"/>
  <testcase name="testGenericDesqDataset[Icdm16TraditionalMiningTest-DesqCount-fttt-1-0-3-false-]" classname="de.uni_mannheim.desq.mining.spark.Icdm16TraditionalMiningTest" time="0.231"/>
  <testcase name="testGenericDesqDataset[Icdm16TraditionalMiningTest-DesqCount-fttt-1-0-3-false-]" classname="de.uni_mannheim.desq.mining.spark.Icdm16TraditionalMiningTest" time="0.034"/>
  <testcase name="testDesqDataset[Icdm16TraditionalMiningTest-DesqCount-fttt-1-0-3-true-]" classname="de.uni_mannheim.desq.mining.spark.Icdm16TraditionalMiningTest" time="0.229"/>
  <testcase name="testDesqDataset[Icdm16TraditionalMiningTest-DesqCount-fttt-1-0-3-true-]" classname="de.uni_mannheim.desq.mining.spark.Icdm16TraditionalMiningTest" time="0.039"/>
  <testcase name="testGenericDesqDataset[Icdm16TraditionalMiningTest-DesqCount-fttt-1-0-3-true-]" classname="de.uni_mannheim.desq.mining.spark.Icdm16TraditionalMiningTest" time="0.039"/>
  <testcase name="testGenericDesqDataset[Icdm16TraditionalMiningTest-DesqCount-fttt-1-0-3-true-]" classname="de.uni_mannheim.desq.mining.spark.Icdm16TraditionalMiningTest" time="0.04"/>
  <testcase name="testDesqDataset[Icdm16TraditionalMiningTest-DesqCount-fttt-1-0-5-false-]" classname="de.uni_mannheim.desq.mining.spark.Icdm16TraditionalMiningTest" time="0.037"/>
  <testcase name="testDesqDataset[Icdm16TraditionalMiningTest-DesqCount-fttt-1-0-5-false-]" classname="de.uni_mannheim.desq.mining.spark.Icdm16TraditionalMiningTest" time="0.03"/>
  <testcase name="testGenericDesqDataset[Icdm16TraditionalMiningTest-DesqCount-fttt-1-0-5-false-]" classname="de.uni_mannheim.desq.mining.spark.Icdm16TraditionalMiningTest" time="0.039"/>
  <testcase name="testGenericDesqDataset[Icdm16TraditionalMiningTest-DesqCount-fttt-1-0-5-false-]" classname="de.uni_mannheim.desq.mining.spark.Icdm16TraditionalMiningTest" time="0.029"/>
  <testcase name="testDesqDataset[Icdm16TraditionalMiningTest-DesqCount-fttt-1-0-5-true-]" classname="de.uni_mannheim.desq.mining.spark.Icdm16TraditionalMiningTest" time="0.062"/>
  <testcase name="testDesqDataset[Icdm16TraditionalMiningTest-DesqCount-fttt-1-0-5-true-]" classname="de.uni_mannheim.desq.mining.spark.Icdm16TraditionalMiningTest" time="0.054"/>
  <testcase name="testGenericDesqDataset[Icdm16TraditionalMiningTest-DesqCount-fttt-1-0-5-true-]" classname="de.uni_mannheim.desq.mining.spark.Icdm16TraditionalMiningTest" time="0.054"/>
  <testcase name="testGenericDesqDataset[Icdm16TraditionalMiningTest-DesqCount-fttt-1-0-5-true-]" classname="de.uni_mannheim.desq.mining.spark.Icdm16TraditionalMiningTest" time="0.06"/>
  <testcase name="testDesqDataset[Icdm16TraditionalMiningTest-DesqCount-fttt-1-0-7-false-]" classname="de.uni_mannheim.desq.mining.spark.Icdm16TraditionalMiningTest" time="0.038"/>
  <testcase name="testDesqDataset[Icdm16TraditionalMiningTest-DesqCount-fttt-1-0-7-false-]" classname="de.uni_mannheim.desq.mining.spark.Icdm16TraditionalMiningTest" time="0.032"/>
  <testcase name="testGenericDesqDataset[Icdm16TraditionalMiningTest-DesqCount-fttt-1-0-7-false-]" classname="de.uni_mannheim.desq.mining.spark.Icdm16TraditionalMiningTest" time="0.039"/>
  <testcase name="testGenericDesqDataset[Icdm16TraditionalMiningTest-DesqCount-fttt-1-0-7-false-]" classname="de.uni_mannheim.desq.mining.spark.Icdm16TraditionalMiningTest" time="0.037"/>
  <testcase name="testDesqDataset[Icdm16TraditionalMiningTest-DesqCount-fttt-1-0-7-true-]" classname="de.uni_mannheim.desq.mining.spark.Icdm16TraditionalMiningTest" time="0.088"/>
  <testcase name="testDesqDataset[Icdm16TraditionalMiningTest-DesqCount-fttt-1-0-7-true-]" classname="de.uni_mannheim.desq.mining.spark.Icdm16TraditionalMiningTest" time="0.066"/>
  <testcase name="testGenericDesqDataset[Icdm16TraditionalMiningTest-DesqCount-fttt-1-0-7-true-]" classname="de.uni_mannheim.desq.mining.spark.Icdm16TraditionalMiningTest" time="0.05"/>
  <testcase name="testGenericDesqDataset[Icdm16TraditionalMiningTest-DesqCount-fttt-1-0-7-true-]" classname="de.uni_mannheim.desq.mining.spark.Icdm16TraditionalMiningTest" time="0.078"/>
  <testcase name="testDesqDataset[Icdm16TraditionalMiningTest-DesqCount-fttt-1-1-1-false-]" classname="de.uni_mannheim.desq.mining.spark.Icdm16TraditionalMiningTest" time="0.031"/>
  <testcase name="testDesqDataset[Icdm16TraditionalMiningTest-DesqCount-fttt-1-1-1-false-]" classname="de.uni_mannheim.desq.mining.spark.Icdm16TraditionalMiningTest" time="0.114"/>
  <testcase name="testGenericDesqDataset[Icdm16TraditionalMiningTest-DesqCount-fttt-1-1-1-false-]" classname="de.uni_mannheim.desq.mining.spark.Icdm16TraditionalMiningTest" time="0.038"/>
  <testcase name="testGenericDesqDataset[Icdm16TraditionalMiningTest-DesqCount-fttt-1-1-1-false-]" classname="de.uni_mannheim.desq.mining.spark.Icdm16TraditionalMiningTest" time="0.035"/>
  <testcase name="testDesqDataset[Icdm16TraditionalMiningTest-DesqCount-fttt-1-1-1-true-]" classname="de.uni_mannheim.desq.mining.spark.Icdm16TraditionalMiningTest" time="0.039"/>
  <testcase name="testDesqDataset[Icdm16TraditionalMiningTest-DesqCount-fttt-1-1-1-true-]" classname="de.uni_mannheim.desq.mining.spark.Icdm16TraditionalMiningTest" time="0.031"/>
  <testcase name="testGenericDesqDataset[Icdm16TraditionalMiningTest-DesqCount-fttt-1-1-1-true-]" classname="de.uni_mannheim.desq.mining.spark.Icdm16TraditionalMiningTest" time="0.031"/>
  <testcase name="testGenericDesqDataset[Icdm16TraditionalMiningTest-DesqCount-fttt-1-1-1-true-]" classname="de.uni_mannheim.desq.mining.spark.Icdm16TraditionalMiningTest" time="0.033"/>
  <testcase name="testDesqDataset[Icdm16TraditionalMiningTest-DesqCount-fttt-1-1-3-false-]" classname="de.uni_mannheim.desq.mining.spark.Icdm16TraditionalMiningTest" time="0.047"/>
  <testcase name="testDesqDataset[Icdm16TraditionalMiningTest-DesqCount-fttt-1-1-3-false-]" classname="de.uni_mannheim.desq.mining.spark.Icdm16TraditionalMiningTest" time="0.035"/>
  <testcase name="testGenericDesqDataset[Icdm16TraditionalMiningTest-DesqCount-fttt-1-1-3-false-]" classname="de.uni_mannheim.desq.mining.spark.Icdm16TraditionalMiningTest" time="0.045"/>
  <testcase name="testGenericDesqDataset[Icdm16TraditionalMiningTest-DesqCount-fttt-1-1-3-false-]" classname="de.uni_mannheim.desq.mining.spark.Icdm16TraditionalMiningTest" time="0.029"/>
  <testcase name="testDesqDataset[Icdm16TraditionalMiningTest-DesqCount-fttt-1-1-3-true-]" classname="de.uni_mannheim.desq.mining.spark.Icdm16TraditionalMiningTest" time="0.049"/>
  <testcase name="testDesqDataset[Icdm16TraditionalMiningTest-DesqCount-fttt-1-1-3-true-]" classname="de.uni_mannheim.desq.mining.spark.Icdm16TraditionalMiningTest" time="0.058"/>
  <testcase name="testGenericDesqDataset[Icdm16TraditionalMiningTest-DesqCount-fttt-1-1-3-true-]" classname="de.uni_mannheim.desq.mining.spark.Icdm16TraditionalMiningTest" time="0.044"/>
  <testcase name="testGenericDesqDataset[Icdm16TraditionalMiningTest-DesqCount-fttt-1-1-3-true-]" classname="de.uni_mannheim.desq.mining.spark.Icdm16TraditionalMiningTest" time="0.13"/>
  <testcase name="testDesqDataset[Icdm16TraditionalMiningTest-DesqCount-fttt-1-1-5-false-]" classname="de.uni_mannheim.desq.mining.spark.Icdm16TraditionalMiningTest" time="0.036"/>
  <testcase name="testDesqDataset[Icdm16TraditionalMiningTest-DesqCount-fttt-1-1-5-false-]" classname="de.uni_mannheim.desq.mining.spark.Icdm16TraditionalMiningTest" time="0.043"/>
  <testcase name="testGenericDesqDataset[Icdm16TraditionalMiningTest-DesqCount-fttt-1-1-5-false-]" classname="de.uni_mannheim.desq.mining.spark.Icdm16TraditionalMiningTest" time="0.048"/>
  <testcase name="testGenericDesqDataset[Icdm16TraditionalMiningTest-DesqCount-fttt-1-1-5-false-]" classname="de.uni_mannheim.desq.mining.spark.Icdm16TraditionalMiningTest" time="0.041"/>
  <testcase name="testDesqDataset[Icdm16TraditionalMiningTest-DesqCount-fttt-1-1-5-true-]" classname="de.uni_mannheim.desq.mining.spark.Icdm16TraditionalMiningTest" time="0.217"/>
  <testcase name="testDesqDataset[Icdm16TraditionalMiningTest-DesqCount-fttt-1-1-5-true-]" classname="de.uni_mannheim.desq.mining.spark.Icdm16TraditionalMiningTest" time="0.049"/>
  <testcase name="testGenericDesqDataset[Icdm16TraditionalMiningTest-DesqCount-fttt-1-1-5-true-]" classname="de.uni_mannheim.desq.mining.spark.Icdm16TraditionalMiningTest" time="0.097"/>
  <testcase name="testGenericDesqDataset[Icdm16TraditionalMiningTest-DesqCount-fttt-1-1-5-true-]" classname="de.uni_mannheim.desq.mining.spark.Icdm16TraditionalMiningTest" time="0.066"/>
  <testcase name="testDesqDataset[Icdm16TraditionalMiningTest-DesqCount-fttt-1-1-7-false-]" classname="de.uni_mannheim.desq.mining.spark.Icdm16TraditionalMiningTest" time="0.039"/>
  <testcase name="testDesqDataset[Icdm16TraditionalMiningTest-DesqCount-fttt-1-1-7-false-]" classname="de.uni_mannheim.desq.mining.spark.Icdm16TraditionalMiningTest" time="0.073"/>
  <testcase name="testGenericDesqDataset[Icdm16TraditionalMiningTest-DesqCount-fttt-1-1-7-false-]" classname="de.uni_mannheim.desq.mining.spark.Icdm16TraditionalMiningTest" time="0.077"/>
  <testcase name="testGenericDesqDataset[Icdm16TraditionalMiningTest-DesqCount-fttt-1-1-7-false-]" classname="de.uni_mannheim.desq.mining.spark.Icdm16TraditionalMiningTest" time="0.673"/>
  <testcase name="testDesqDataset[Icdm16TraditionalMiningTest-DesqCount-fttt-1-1-7-true-]" classname="de.uni_mannheim.desq.mining.spark.Icdm16TraditionalMiningTest" time="0.23"/>
  <testcase name="testDesqDataset[Icdm16TraditionalMiningTest-DesqCount-fttt-1-1-7-true-]" classname="de.uni_mannheim.desq.mining.spark.Icdm16TraditionalMiningTest" time="0.059"/>
  <testcase name="testGenericDesqDataset[Icdm16TraditionalMiningTest-DesqCount-fttt-1-1-7-true-]" classname="de.uni_mannheim.desq.mining.spark.Icdm16TraditionalMiningTest" time="0.069"/>
  <testcase name="testGenericDesqDataset[Icdm16TraditionalMiningTest-DesqCount-fttt-1-1-7-true-]" classname="de.uni_mannheim.desq.mining.spark.Icdm16TraditionalMiningTest" time="0.047"/>
  <testcase name="testDesqDataset[Icdm16TraditionalMiningTest-DesqCount-fttt-1-2-1-false-]" classname="de.uni_mannheim.desq.mining.spark.Icdm16TraditionalMiningTest" time="0.029"/>
  <testcase name="testDesqDataset[Icdm16TraditionalMiningTest-DesqCount-fttt-1-2-1-false-]" classname="de.uni_mannheim.desq.mining.spark.Icdm16TraditionalMiningTest" time="0.037"/>
  <testcase name="testGenericDesqDataset[Icdm16TraditionalMiningTest-DesqCount-fttt-1-2-1-false-]" classname="de.uni_mannheim.desq.mining.spark.Icdm16TraditionalMiningTest" time="0.03"/>
  <testcase name="testGenericDesqDataset[Icdm16TraditionalMiningTest-DesqCount-fttt-1-2-1-false-]" classname="de.uni_mannheim.desq.mining.spark.Icdm16TraditionalMiningTest" time="0.136"/>
  <testcase name="testDesqDataset[Icdm16TraditionalMiningTest-DesqCount-fttt-1-2-1-true-]" classname="de.uni_mannheim.desq.mining.spark.Icdm16TraditionalMiningTest" time="0.033"/>
  <testcase name="testDesqDataset[Icdm16TraditionalMiningTest-DesqCount-fttt-1-2-1-true-]" classname="de.uni_mannheim.desq.mining.spark.Icdm16TraditionalMiningTest" time="0.043"/>
  <testcase name="testGenericDesqDataset[Icdm16TraditionalMiningTest-DesqCount-fttt-1-2-1-true-]" classname="de.uni_mannheim.desq.mining.spark.Icdm16TraditionalMiningTest" time="0.035"/>
  <testcase name="testGenericDesqDataset[Icdm16TraditionalMiningTest-DesqCount-fttt-1-2-1-true-]" classname="de.uni_mannheim.desq.mining.spark.Icdm16TraditionalMiningTest" time="0.04"/>
  <testcase name="testDesqDataset[Icdm16TraditionalMiningTest-DesqCount-fttt-1-2-3-false-]" classname="de.uni_mannheim.desq.mining.spark.Icdm16TraditionalMiningTest" time="0.038"/>
  <testcase name="testDesqDataset[Icdm16TraditionalMiningTest-DesqCount-fttt-1-2-3-false-]" classname="de.uni_mannheim.desq.mining.spark.Icdm16TraditionalMiningTest" time="0.042"/>
  <testcase name="testGenericDesqDataset[Icdm16TraditionalMiningTest-DesqCount-fttt-1-2-3-false-]" classname="de.uni_mannheim.desq.mining.spark.Icdm16TraditionalMiningTest" time="0.206"/>
  <testcase name="testGenericDesqDataset[Icdm16TraditionalMiningTest-DesqCount-fttt-1-2-3-false-]" classname="de.uni_mannheim.desq.mining.spark.Icdm16TraditionalMiningTest" time="0.048"/>
  <testcase name="testDesqDataset[Icdm16TraditionalMiningTest-DesqCount-fttt-1-2-3-true-]" classname="de.uni_mannheim.desq.mining.spark.Icdm16TraditionalMiningTest" time="0.053"/>
  <testcase name="testDesqDataset[Icdm16TraditionalMiningTest-DesqCount-fttt-1-2-3-true-]" classname="de.uni_mannheim.desq.mining.spark.Icdm16TraditionalMiningTest" time="0.058"/>
  <testcase name="testGenericDesqDataset[Icdm16TraditionalMiningTest-DesqCount-fttt-1-2-3-true-]" classname="de.uni_mannheim.desq.mining.spark.Icdm16TraditionalMiningTest" time="0.073"/>
  <testcase name="testGenericDesqDataset[Icdm16TraditionalMiningTest-DesqCount-fttt-1-2-3-true-]" classname="de.uni_mannheim.desq.mining.spark.Icdm16TraditionalMiningTest" time="0.054"/>
  <testcase name="testDesqDataset[Icdm16TraditionalMiningTest-DesqCount-fttt-1-2-5-false-]" classname="de.uni_mannheim.desq.mining.spark.Icdm16TraditionalMiningTest" time="0.046"/>
  <testcase name="testDesqDataset[Icdm16TraditionalMiningTest-DesqCount-fttt-1-2-5-false-]" classname="de.uni_mannheim.desq.mining.spark.Icdm16TraditionalMiningTest" time="0.041"/>
  <testcase name="testGenericDesqDataset[Icdm16TraditionalMiningTest-DesqCount-fttt-1-2-5-false-]" classname="de.uni_mannheim.desq.mining.spark.Icdm16TraditionalMiningTest" time="0.046"/>
  <testcase name="testGenericDesqDataset[Icdm16TraditionalMiningTest-DesqCount-fttt-1-2-5-false-]" classname="de.uni_mannheim.desq.mining.spark.Icdm16TraditionalMiningTest" time="0.439"/>
  <testcase name="testDesqDataset[Icdm16TraditionalMiningTest-DesqCount-fttt-1-2-5-true-]" classname="de.uni_mannheim.desq.mining.spark.Icdm16TraditionalMiningTest" time="0.06"/>
  <testcase name="testDesqDataset[Icdm16TraditionalMiningTest-DesqCount-fttt-1-2-5-true-]" classname="de.uni_mannheim.desq.mining.spark.Icdm16TraditionalMiningTest" time="0.146"/>
  <testcase name="testGenericDesqDataset[Icdm16TraditionalMiningTest-DesqCount-fttt-1-2-5-true-]" classname="de.uni_mannheim.desq.mining.spark.Icdm16TraditionalMiningTest" time="0.099"/>
  <testcase name="testGenericDesqDataset[Icdm16TraditionalMiningTest-DesqCount-fttt-1-2-5-true-]" classname="de.uni_mannheim.desq.mining.spark.Icdm16TraditionalMiningTest" time="0.387"/>
  <testcase name="testDesqDataset[Icdm16TraditionalMiningTest-DesqCount-fttt-1-2-7-false-]" classname="de.uni_mannheim.desq.mining.spark.Icdm16TraditionalMiningTest" time="0.039"/>
  <testcase name="testDesqDataset[Icdm16TraditionalMiningTest-DesqCount-fttt-1-2-7-false-]" classname="de.uni_mannheim.desq.mining.spark.Icdm16TraditionalMiningTest" time="0.043"/>
  <testcase name="testGenericDesqDataset[Icdm16TraditionalMiningTest-DesqCount-fttt-1-2-7-false-]" classname="de.uni_mannheim.desq.mining.spark.Icdm16TraditionalMiningTest" time="0.044"/>
  <testcase name="testGenericDesqDataset[Icdm16TraditionalMiningTest-DesqCount-fttt-1-2-7-false-]" classname="de.uni_mannheim.desq.mining.spark.Icdm16TraditionalMiningTest" time="0.05"/>
  <testcase name="testDesqDataset[Icdm16TraditionalMiningTest-DesqCount-fttt-1-2-7-true-]" classname="de.uni_mannheim.desq.mining.spark.Icdm16TraditionalMiningTest" time="0.058"/>
  <testcase name="testDesqDataset[Icdm16TraditionalMiningTest-DesqCount-fttt-1-2-7-true-]" classname="de.uni_mannheim.desq.mining.spark.Icdm16TraditionalMiningTest" time="0.041"/>
  <testcase name="testGenericDesqDataset[Icdm16TraditionalMiningTest-DesqCount-fttt-1-2-7-true-]" classname="de.uni_mannheim.desq.mining.spark.Icdm16TraditionalMiningTest" time="0.037"/>
  <testcase name="testGenericDesqDataset[Icdm16TraditionalMiningTest-DesqCount-fttt-1-2-7-true-]" classname="de.uni_mannheim.desq.mining.spark.Icdm16TraditionalMiningTest" time="0.069"/>
  <testcase name="testDesqDataset[Icdm16TraditionalMiningTest-DesqCount-fttt-3-0-1-false-]" classname="de.uni_mannheim.desq.mining.spark.Icdm16TraditionalMiningTest" time="0.042"/>
  <testcase name="testDesqDataset[Icdm16TraditionalMiningTest-DesqCount-fttt-3-0-1-false-]" classname="de.uni_mannheim.desq.mining.spark.Icdm16TraditionalMiningTest" time="0.034"/>
  <testcase name="testGenericDesqDataset[Icdm16TraditionalMiningTest-DesqCount-fttt-3-0-1-false-]" classname="de.uni_mannheim.desq.mining.spark.Icdm16TraditionalMiningTest" time="0.03"/>
  <testcase name="testGenericDesqDataset[Icdm16TraditionalMiningTest-DesqCount-fttt-3-0-1-false-]" classname="de.uni_mannheim.desq.mining.spark.Icdm16TraditionalMiningTest" time="0.318"/>
  <testcase name="testDesqDataset[Icdm16TraditionalMiningTest-DesqCount-fttt-3-0-1-true-]" classname="de.uni_mannheim.desq.mining.spark.Icdm16TraditionalMiningTest" time="0.041"/>
  <testcase name="testDesqDataset[Icdm16TraditionalMiningTest-DesqCount-fttt-3-0-1-true-]" classname="de.uni_mannheim.desq.mining.spark.Icdm16TraditionalMiningTest" time="0.039"/>
  <testcase name="testGenericDesqDataset[Icdm16TraditionalMiningTest-DesqCount-fttt-3-0-1-true-]" classname="de.uni_mannheim.desq.mining.spark.Icdm16TraditionalMiningTest" time="0.04"/>
  <testcase name="testGenericDesqDataset[Icdm16TraditionalMiningTest-DesqCount-fttt-3-0-1-true-]" classname="de.uni_mannheim.desq.mining.spark.Icdm16TraditionalMiningTest" time="0.033"/>
  <testcase name="testDesqDataset[Icdm16TraditionalMiningTest-DesqCount-fttt-3-0-3-false-]" classname="de.uni_mannheim.desq.mining.spark.Icdm16TraditionalMiningTest" time="0.033"/>
  <testcase name="testDesqDataset[Icdm16TraditionalMiningTest-DesqCount-fttt-3-0-3-false-]" classname="de.uni_mannheim.desq.mining.spark.Icdm16TraditionalMiningTest" time="0.032"/>
  <testcase name="testGenericDesqDataset[Icdm16TraditionalMiningTest-DesqCount-fttt-3-0-3-false-]" classname="de.uni_mannheim.desq.mining.spark.Icdm16TraditionalMiningTest" time="0.212"/>
  <testcase name="testGenericDesqDataset[Icdm16TraditionalMiningTest-DesqCount-fttt-3-0-3-false-]" classname="de.uni_mannheim.desq.mining.spark.Icdm16TraditionalMiningTest" time="0.038"/>
  <testcase name="testDesqDataset[Icdm16TraditionalMiningTest-DesqCount-fttt-3-0-3-true-]" classname="de.uni_mannheim.desq.mining.spark.Icdm16TraditionalMiningTest" time="0.043"/>
  <testcase name="testDesqDataset[Icdm16TraditionalMiningTest-DesqCount-fttt-3-0-3-true-]" classname="de.uni_mannheim.desq.mining.spark.Icdm16TraditionalMiningTest" time="0.04"/>
  <testcase name="testGenericDesqDataset[Icdm16TraditionalMiningTest-DesqCount-fttt-3-0-3-true-]" classname="de.uni_mannheim.desq.mining.spark.Icdm16TraditionalMiningTest" time="0.044"/>
  <testcase name="testGenericDesqDataset[Icdm16TraditionalMiningTest-DesqCount-fttt-3-0-3-true-]" classname="de.uni_mannheim.desq.mining.spark.Icdm16TraditionalMiningTest" time="0.033"/>
  <testcase name="testDesqDataset[Icdm16TraditionalMiningTest-DesqCount-fttt-3-0-5-false-]" classname="de.uni_mannheim.desq.mining.spark.Icdm16TraditionalMiningTest" time="0.025"/>
  <testcase name="testDesqDataset[Icdm16TraditionalMiningTest-DesqCount-fttt-3-0-5-false-]" classname="de.uni_mannheim.desq.mining.spark.Icdm16TraditionalMiningTest" time="0.036"/>
  <testcase name="testGenericDesqDataset[Icdm16TraditionalMiningTest-DesqCount-fttt-3-0-5-false-]" classname="de.uni_mannheim.desq.mining.spark.Icdm16TraditionalMiningTest" time="0.029"/>
  <testcase name="testGenericDesqDataset[Icdm16TraditionalMiningTest-DesqCount-fttt-3-0-5-false-]" classname="de.uni_mannheim.desq.mining.spark.Icdm16TraditionalMiningTest" time="0.039"/>
  <testcase name="testDesqDataset[Icdm16TraditionalMiningTest-DesqCount-fttt-3-0-5-true-]" classname="de.uni_mannheim.desq.mining.spark.Icdm16TraditionalMiningTest" time="0.052"/>
  <testcase name="testDesqDataset[Icdm16TraditionalMiningTest-DesqCount-fttt-3-0-5-true-]" classname="de.uni_mannheim.desq.mining.spark.Icdm16TraditionalMiningTest" time="0.05"/>
  <testcase name="testGenericDesqDataset[Icdm16TraditionalMiningTest-DesqCount-fttt-3-0-5-true-]" classname="de.uni_mannheim.desq.mining.spark.Icdm16TraditionalMiningTest" time="0.037"/>
  <testcase name="testGenericDesqDataset[Icdm16TraditionalMiningTest-DesqCount-fttt-3-0-5-true-]" classname="de.uni_mannheim.desq.mining.spark.Icdm16TraditionalMiningTest" time="0.048"/>
  <testcase name="testDesqDataset[Icdm16TraditionalMiningTest-DesqCount-fttt-3-0-7-false-]" classname="de.uni_mannheim.desq.mining.spark.Icdm16TraditionalMiningTest" time="0.025"/>
  <testcase name="testDesqDataset[Icdm16TraditionalMiningTest-DesqCount-fttt-3-0-7-false-]" classname="de.uni_mannheim.desq.mining.spark.Icdm16TraditionalMiningTest" time="0.034"/>
  <testcase name="testGenericDesqDataset[Icdm16TraditionalMiningTest-DesqCount-fttt-3-0-7-false-]" classname="de.uni_mannheim.desq.mining.spark.Icdm16TraditionalMiningTest" time="0.043"/>
  <testcase name="testGenericDesqDataset[Icdm16TraditionalMiningTest-DesqCount-fttt-3-0-7-false-]" classname="de.uni_mannheim.desq.mining.spark.Icdm16TraditionalMiningTest" time="0.047"/>
  <testcase name="testDesqDataset[Icdm16TraditionalMiningTest-DesqCount-fttt-3-0-7-true-]" classname="de.uni_mannheim.desq.mining.spark.Icdm16TraditionalMiningTest" time="0.047"/>
  <testcase name="testDesqDataset[Icdm16TraditionalMiningTest-DesqCount-fttt-3-0-7-true-]" classname="de.uni_mannheim.desq.mining.spark.Icdm16TraditionalMiningTest" time="0.321"/>
  <testcase name="testGenericDesqDataset[Icdm16TraditionalMiningTest-DesqCount-fttt-3-0-7-true-]" classname="de.uni_mannheim.desq.mining.spark.Icdm16TraditionalMiningTest" time="0.055"/>
  <testcase name="testGenericDesqDataset[Icdm16TraditionalMiningTest-DesqCount-fttt-3-0-7-true-]" classname="de.uni_mannheim.desq.mining.spark.Icdm16TraditionalMiningTest" time="0.051"/>
  <testcase name="testDesqDataset[Icdm16TraditionalMiningTest-DesqCount-fttt-3-1-1-false-]" classname="de.uni_mannheim.desq.mining.spark.Icdm16TraditionalMiningTest" time="0.026"/>
  <testcase name="testDesqDataset[Icdm16TraditionalMiningTest-DesqCount-fttt-3-1-1-false-]" classname="de.uni_mannheim.desq.mining.spark.Icdm16TraditionalMiningTest" time="0.021"/>
  <testcase name="testGenericDesqDataset[Icdm16TraditionalMiningTest-DesqCount-fttt-3-1-1-false-]" classname="de.uni_mannheim.desq.mining.spark.Icdm16TraditionalMiningTest" time="0.023"/>
  <testcase name="testGenericDesqDataset[Icdm16TraditionalMiningTest-DesqCount-fttt-3-1-1-false-]" classname="de.uni_mannheim.desq.mining.spark.Icdm16TraditionalMiningTest" time="0.033"/>
  <testcase name="testDesqDataset[Icdm16TraditionalMiningTest-DesqCount-fttt-3-1-1-true-]" classname="de.uni_mannheim.desq.mining.spark.Icdm16TraditionalMiningTest" time="0.039"/>
  <testcase name="testDesqDataset[Icdm16TraditionalMiningTest-DesqCount-fttt-3-1-1-true-]" classname="de.uni_mannheim.desq.mining.spark.Icdm16TraditionalMiningTest" time="0.033"/>
  <testcase name="testGenericDesqDataset[Icdm16TraditionalMiningTest-DesqCount-fttt-3-1-1-true-]" classname="de.uni_mannheim.desq.mining.spark.Icdm16TraditionalMiningTest" time="0.034"/>
  <testcase name="testGenericDesqDataset[Icdm16TraditionalMiningTest-DesqCount-fttt-3-1-1-true-]" classname="de.uni_mannheim.desq.mining.spark.Icdm16TraditionalMiningTest" time="0.036"/>
  <testcase name="testDesqDataset[Icdm16TraditionalMiningTest-DesqCount-fttt-3-1-3-false-]" classname="de.uni_mannheim.desq.mining.spark.Icdm16TraditionalMiningTest" time="0.031"/>
  <testcase name="testDesqDataset[Icdm16TraditionalMiningTest-DesqCount-fttt-3-1-3-false-]" classname="de.uni_mannheim.desq.mining.spark.Icdm16TraditionalMiningTest" time="0.03"/>
  <testcase name="testGenericDesqDataset[Icdm16TraditionalMiningTest-DesqCount-fttt-3-1-3-false-]" classname="de.uni_mannheim.desq.mining.spark.Icdm16TraditionalMiningTest" time="0.033"/>
  <testcase name="testGenericDesqDataset[Icdm16TraditionalMiningTest-DesqCount-fttt-3-1-3-false-]" classname="de.uni_mannheim.desq.mining.spark.Icdm16TraditionalMiningTest" time="0.028"/>
  <testcase name="testDesqDataset[Icdm16TraditionalMiningTest-DesqCount-fttt-3-1-3-true-]" classname="de.uni_mannheim.desq.mining.spark.Icdm16TraditionalMiningTest" time="0.04"/>
  <testcase name="testDesqDataset[Icdm16TraditionalMiningTest-DesqCount-fttt-3-1-3-true-]" classname="de.uni_mannheim.desq.mining.spark.Icdm16TraditionalMiningTest" time="0.034"/>
  <testcase name="testGenericDesqDataset[Icdm16TraditionalMiningTest-DesqCount-fttt-3-1-3-true-]" classname="de.uni_mannheim.desq.mining.spark.Icdm16TraditionalMiningTest" time="0.037"/>
  <testcase name="testGenericDesqDataset[Icdm16TraditionalMiningTest-DesqCount-fttt-3-1-3-true-]" classname="de.uni_mannheim.desq.mining.spark.Icdm16TraditionalMiningTest" time="0.043"/>
  <testcase name="testDesqDataset[Icdm16TraditionalMiningTest-DesqCount-fttt-3-1-5-false-]" classname="de.uni_mannheim.desq.mining.spark.Icdm16TraditionalMiningTest" time="0.032"/>
  <testcase name="testDesqDataset[Icdm16TraditionalMiningTest-DesqCount-fttt-3-1-5-false-]" classname="de.uni_mannheim.desq.mining.spark.Icdm16TraditionalMiningTest" time="0.048"/>
  <testcase name="testGenericDesqDataset[Icdm16TraditionalMiningTest-DesqCount-fttt-3-1-5-false-]" classname="de.uni_mannheim.desq.mining.spark.Icdm16TraditionalMiningTest" time="0.033"/>
  <testcase name="testGenericDesqDataset[Icdm16TraditionalMiningTest-DesqCount-fttt-3-1-5-false-]" classname="de.uni_mannheim.desq.mining.spark.Icdm16TraditionalMiningTest" time="0.064"/>
  <testcase name="testDesqDataset[Icdm16TraditionalMiningTest-DesqCount-fttt-3-1-5-true-]" classname="de.uni_mannheim.desq.mining.spark.Icdm16TraditionalMiningTest" time="0.133"/>
  <testcase name="testDesqDataset[Icdm16TraditionalMiningTest-DesqCount-fttt-3-1-5-true-]" classname="de.uni_mannheim.desq.mining.spark.Icdm16TraditionalMiningTest" time="0.178"/>
  <testcase name="testGenericDesqDataset[Icdm16TraditionalMiningTest-DesqCount-fttt-3-1-5-true-]" classname="de.uni_mannheim.desq.mining.spark.Icdm16TraditionalMiningTest" time="0.135"/>
  <testcase name="testGenericDesqDataset[Icdm16TraditionalMiningTest-DesqCount-fttt-3-1-5-true-]" classname="de.uni_mannheim.desq.mining.spark.Icdm16TraditionalMiningTest" time="0.209"/>
  <testcase name="testDesqDataset[Icdm16TraditionalMiningTest-DesqCount-fttt-3-1-7-false-]" classname="de.uni_mannheim.desq.mining.spark.Icdm16TraditionalMiningTest" time="0.061"/>
  <testcase name="testDesqDataset[Icdm16TraditionalMiningTest-DesqCount-fttt-3-1-7-false-]" classname="de.uni_mannheim.desq.mining.spark.Icdm16TraditionalMiningTest" time="0.036"/>
  <testcase name="testGenericDesqDataset[Icdm16TraditionalMiningTest-DesqCount-fttt-3-1-7-false-]" classname="de.uni_mannheim.desq.mining.spark.Icdm16TraditionalMiningTest" time="0.046"/>
  <testcase name="testGenericDesqDataset[Icdm16TraditionalMiningTest-DesqCount-fttt-3-1-7-false-]" classname="de.uni_mannheim.desq.mining.spark.Icdm16TraditionalMiningTest" time="0.047"/>
  <testcase name="testDesqDataset[Icdm16TraditionalMiningTest-DesqCount-fttt-3-1-7-true-]" classname="de.uni_mannheim.desq.mining.spark.Icdm16TraditionalMiningTest" time="0.054"/>
  <testcase name="testDesqDataset[Icdm16TraditionalMiningTest-DesqCount-fttt-3-1-7-true-]" classname="de.uni_mannheim.desq.mining.spark.Icdm16TraditionalMiningTest" time="0.041"/>
  <testcase name="testGenericDesqDataset[Icdm16TraditionalMiningTest-DesqCount-fttt-3-1-7-true-]" classname="de.uni_mannheim.desq.mining.spark.Icdm16TraditionalMiningTest" time="0.063"/>
  <testcase name="testGenericDesqDataset[Icdm16TraditionalMiningTest-DesqCount-fttt-3-1-7-true-]" classname="de.uni_mannheim.desq.mining.spark.Icdm16TraditionalMiningTest" time="0.148"/>
  <testcase name="testDesqDataset[Icdm16TraditionalMiningTest-DesqCount-fttt-3-2-1-false-]" classname="de.uni_mannheim.desq.mining.spark.Icdm16TraditionalMiningTest" time="0.027"/>
  <testcase name="testDesqDataset[Icdm16TraditionalMiningTest-DesqCount-fttt-3-2-1-false-]" classname="de.uni_mannheim.desq.mining.spark.Icdm16TraditionalMiningTest" time="0.036"/>
  <testcase name="testGenericDesqDataset[Icdm16TraditionalMiningTest-DesqCount-fttt-3-2-1-false-]" classname="de.uni_mannheim.desq.mining.spark.Icdm16TraditionalMiningTest" time="0.038"/>
  <testcase name="testGenericDesqDataset[Icdm16TraditionalMiningTest-DesqCount-fttt-3-2-1-false-]" classname="de.uni_mannheim.desq.mining.spark.Icdm16TraditionalMiningTest" time="0.021"/>
  <testcase name="testDesqDataset[Icdm16TraditionalMiningTest-DesqCount-fttt-3-2-1-true-]" classname="de.uni_mannheim.desq.mining.spark.Icdm16TraditionalMiningTest" time="0.023"/>
  <testcase name="testDesqDataset[Icdm16TraditionalMiningTest-DesqCount-fttt-3-2-1-true-]" classname="de.uni_mannheim.desq.mining.spark.Icdm16TraditionalMiningTest" time="0.024"/>
  <testcase name="testGenericDesqDataset[Icdm16TraditionalMiningTest-DesqCount-fttt-3-2-1-true-]" classname="de.uni_mannheim.desq.mining.spark.Icdm16TraditionalMiningTest" time="0.13"/>
  <testcase name="testGenericDesqDataset[Icdm16TraditionalMiningTest-DesqCount-fttt-3-2-1-true-]" classname="de.uni_mannheim.desq.mining.spark.Icdm16TraditionalMiningTest" time="0.036"/>
  <testcase name="testDesqDataset[Icdm16TraditionalMiningTest-DesqCount-fttt-3-2-3-false-]" classname="de.uni_mannheim.desq.mining.spark.Icdm16TraditionalMiningTest" time="0.029"/>
  <testcase name="testDesqDataset[Icdm16TraditionalMiningTest-DesqCount-fttt-3-2-3-false-]" classname="de.uni_mannheim.desq.mining.spark.Icdm16TraditionalMiningTest" time="0.032"/>
  <testcase name="testGenericDesqDataset[Icdm16TraditionalMiningTest-DesqCount-fttt-3-2-3-false-]" classname="de.uni_mannheim.desq.mining.spark.Icdm16TraditionalMiningTest" time="0.037"/>
  <testcase name="testGenericDesqDataset[Icdm16TraditionalMiningTest-DesqCount-fttt-3-2-3-false-]" classname="de.uni_mannheim.desq.mining.spark.Icdm16TraditionalMiningTest" time="0.027"/>
  <testcase name="testDesqDataset[Icdm16TraditionalMiningTest-DesqCount-fttt-3-2-3-true-]" classname="de.uni_mannheim.desq.mining.spark.Icdm16TraditionalMiningTest" time="0.124"/>
  <testcase name="testDesqDataset[Icdm16TraditionalMiningTest-DesqCount-fttt-3-2-3-true-]" classname="de.uni_mannheim.desq.mining.spark.Icdm16TraditionalMiningTest" time="0.183"/>
  <testcase name="testGenericDesqDataset[Icdm16TraditionalMiningTest-DesqCount-fttt-3-2-3-true-]" classname="de.uni_mannheim.desq.mining.spark.Icdm16TraditionalMiningTest" time="0.025"/>
  <testcase name="testGenericDesqDataset[Icdm16TraditionalMiningTest-DesqCount-fttt-3-2-3-true-]" classname="de.uni_mannheim.desq.mining.spark.Icdm16TraditionalMiningTest" time="0.135"/>
  <testcase name="testDesqDataset[Icdm16TraditionalMiningTest-DesqCount-fttt-3-2-5-false-]" classname="de.uni_mannheim.desq.mining.spark.Icdm16TraditionalMiningTest" time="0.028"/>
  <testcase name="testDesqDataset[Icdm16TraditionalMiningTest-DesqCount-fttt-3-2-5-false-]" classname="de.uni_mannheim.desq.mining.spark.Icdm16TraditionalMiningTest" time="0.042"/>
  <testcase name="testGenericDesqDataset[Icdm16TraditionalMiningTest-DesqCount-fttt-3-2-5-false-]" classname="de.uni_mannheim.desq.mining.spark.Icdm16TraditionalMiningTest" time="0.038"/>
  <testcase name="testGenericDesqDataset[Icdm16TraditionalMiningTest-DesqCount-fttt-3-2-5-false-]" classname="de.uni_mannheim.desq.mining.spark.Icdm16TraditionalMiningTest" time="0.032"/>
  <testcase name="testDesqDataset[Icdm16TraditionalMiningTest-DesqCount-fttt-3-2-5-true-]" classname="de.uni_mannheim.desq.mining.spark.Icdm16TraditionalMiningTest" time="0.428"/>
  <testcase name="testDesqDataset[Icdm16TraditionalMiningTest-DesqCount-fttt-3-2-5-true-]" classname="de.uni_mannheim.desq.mining.spark.Icdm16TraditionalMiningTest" time="0.047"/>
  <testcase name="testGenericDesqDataset[Icdm16TraditionalMiningTest-DesqCount-fttt-3-2-5-true-]" classname="de.uni_mannheim.desq.mining.spark.Icdm16TraditionalMiningTest" time="0.052"/>
  <testcase name="testGenericDesqDataset[Icdm16TraditionalMiningTest-DesqCount-fttt-3-2-5-true-]" classname="de.uni_mannheim.desq.mining.spark.Icdm16TraditionalMiningTest" time="0.041"/>
  <testcase name="testDesqDataset[Icdm16TraditionalMiningTest-DesqCount-fttt-3-2-7-false-]" classname="de.uni_mannheim.desq.mining.spark.Icdm16TraditionalMiningTest" time="0.02"/>
  <testcase name="testDesqDataset[Icdm16TraditionalMiningTest-DesqCount-fttt-3-2-7-false-]" classname="de.uni_mannheim.desq.mining.spark.Icdm16TraditionalMiningTest" time="0.019"/>
  <testcase name="testGenericDesqDataset[Icdm16TraditionalMiningTest-DesqCount-fttt-3-2-7-false-]" classname="de.uni_mannheim.desq.mining.spark.Icdm16TraditionalMiningTest" time="0.026"/>
  <testcase name="testGenericDesqDataset[Icdm16TraditionalMiningTest-DesqCount-fttt-3-2-7-false-]" classname="de.uni_mannheim.desq.mining.spark.Icdm16TraditionalMiningTest" time="0.025"/>
  <testcase name="testDesqDataset[Icdm16TraditionalMiningTest-DesqCount-fttt-3-2-7-true-]" classname="de.uni_mannheim.desq.mining.spark.Icdm16TraditionalMiningTest" time="0.067"/>
  <testcase name="testDesqDataset[Icdm16TraditionalMiningTest-DesqCount-fttt-3-2-7-true-]" classname="de.uni_mannheim.desq.mining.spark.Icdm16TraditionalMiningTest" time="0.056"/>
  <testcase name="testGenericDesqDataset[Icdm16TraditionalMiningTest-DesqCount-fttt-3-2-7-true-]" classname="de.uni_mannheim.desq.mining.spark.Icdm16TraditionalMiningTest" time="0.046"/>
  <testcase name="testGenericDesqDataset[Icdm16TraditionalMiningTest-DesqCount-fttt-3-2-7-true-]" classname="de.uni_mannheim.desq.mining.spark.Icdm16TraditionalMiningTest" time="0.049"/>
  <testcase name="testDesqDataset[Icdm16TraditionalMiningTest-DesqCount-fttt-5-0-1-false-]" classname="de.uni_mannheim.desq.mining.spark.Icdm16TraditionalMiningTest" time="0.026"/>
  <testcase name="testDesqDataset[Icdm16TraditionalMiningTest-DesqCount-fttt-5-0-1-false-]" classname="de.uni_mannheim.desq.mining.spark.Icdm16TraditionalMiningTest" time="0.021"/>
  <testcase name="testGenericDesqDataset[Icdm16TraditionalMiningTest-DesqCount-fttt-5-0-1-false-]" classname="de.uni_mannheim.desq.mining.spark.Icdm16TraditionalMiningTest" time="0.025"/>
  <testcase name="testGenericDesqDataset[Icdm16TraditionalMiningTest-DesqCount-fttt-5-0-1-false-]" classname="de.uni_mannheim.desq.mining.spark.Icdm16TraditionalMiningTest" time="0.029"/>
  <testcase name="testDesqDataset[Icdm16TraditionalMiningTest-DesqCount-fttt-5-0-1-true-]" classname="de.uni_mannheim.desq.mining.spark.Icdm16TraditionalMiningTest" time="0.018"/>
  <testcase name="testDesqDataset[Icdm16TraditionalMiningTest-DesqCount-fttt-5-0-1-true-]" classname="de.uni_mannheim.desq.mining.spark.Icdm16TraditionalMiningTest" time="0.032"/>
  <testcase name="testGenericDesqDataset[Icdm16TraditionalMiningTest-DesqCount-fttt-5-0-1-true-]" classname="de.uni_mannheim.desq.mining.spark.Icdm16TraditionalMiningTest" time="0.03"/>
  <testcase name="testGenericDesqDataset[Icdm16TraditionalMiningTest-DesqCount-fttt-5-0-1-true-]" classname="de.uni_mannheim.desq.mining.spark.Icdm16TraditionalMiningTest" time="0.026"/>
  <testcase name="testDesqDataset[Icdm16TraditionalMiningTest-DesqCount-fttt-5-0-3-false-]" classname="de.uni_mannheim.desq.mining.spark.Icdm16TraditionalMiningTest" time="0.036"/>
  <testcase name="testDesqDataset[Icdm16TraditionalMiningTest-DesqCount-fttt-5-0-3-false-]" classname="de.uni_mannheim.desq.mining.spark.Icdm16TraditionalMiningTest" time="0.027"/>
  <testcase name="testGenericDesqDataset[Icdm16TraditionalMiningTest-DesqCount-fttt-5-0-3-false-]" classname="de.uni_mannheim.desq.mining.spark.Icdm16TraditionalMiningTest" time="0.028"/>
  <testcase name="testGenericDesqDataset[Icdm16TraditionalMiningTest-DesqCount-fttt-5-0-3-false-]" classname="de.uni_mannheim.desq.mining.spark.Icdm16TraditionalMiningTest" time="0.051"/>
  <testcase name="testDesqDataset[Icdm16TraditionalMiningTest-DesqCount-fttt-5-0-3-true-]" classname="de.uni_mannheim.desq.mining.spark.Icdm16TraditionalMiningTest" time="0.029"/>
  <testcase name="testDesqDataset[Icdm16TraditionalMiningTest-DesqCount-fttt-5-0-3-true-]" classname="de.uni_mannheim.desq.mining.spark.Icdm16TraditionalMiningTest" time="0.053"/>
  <testcase name="testGenericDesqDataset[Icdm16TraditionalMiningTest-DesqCount-fttt-5-0-3-true-]" classname="de.uni_mannheim.desq.mining.spark.Icdm16TraditionalMiningTest" time="0.033"/>
  <testcase name="testGenericDesqDataset[Icdm16TraditionalMiningTest-DesqCount-fttt-5-0-3-true-]" classname="de.uni_mannheim.desq.mining.spark.Icdm16TraditionalMiningTest" time="0.032"/>
  <testcase name="testDesqDataset[Icdm16TraditionalMiningTest-DesqCount-fttt-5-0-5-false-]" classname="de.uni_mannheim.desq.mining.spark.Icdm16TraditionalMiningTest" time="0.028"/>
  <testcase name="testDesqDataset[Icdm16TraditionalMiningTest-DesqCount-fttt-5-0-5-false-]" classname="de.uni_mannheim.desq.mining.spark.Icdm16TraditionalMiningTest" time="0.031"/>
  <testcase name="testGenericDesqDataset[Icdm16TraditionalMiningTest-DesqCount-fttt-5-0-5-false-]" classname="de.uni_mannheim.desq.mining.spark.Icdm16TraditionalMiningTest" time="0.03"/>
  <testcase name="testGenericDesqDataset[Icdm16TraditionalMiningTest-DesqCount-fttt-5-0-5-false-]" classname="de.uni_mannheim.desq.mining.spark.Icdm16TraditionalMiningTest" time="0.028"/>
  <testcase name="testDesqDataset[Icdm16TraditionalMiningTest-DesqCount-fttt-5-0-5-true-]" classname="de.uni_mannheim.desq.mining.spark.Icdm16TraditionalMiningTest" time="0.036"/>
  <testcase name="testDesqDataset[Icdm16TraditionalMiningTest-DesqCount-fttt-5-0-5-true-]" classname="de.uni_mannheim.desq.mining.spark.Icdm16TraditionalMiningTest" time="0.037"/>
  <testcase name="testGenericDesqDataset[Icdm16TraditionalMiningTest-DesqCount-fttt-5-0-5-true-]" classname="de.uni_mannheim.desq.mining.spark.Icdm16TraditionalMiningTest" time="0.041"/>
  <testcase name="testGenericDesqDataset[Icdm16TraditionalMiningTest-DesqCount-fttt-5-0-5-true-]" classname="de.uni_mannheim.desq.mining.spark.Icdm16TraditionalMiningTest" time="0.038"/>
  <testcase name="testDesqDataset[Icdm16TraditionalMiningTest-DesqCount-fttt-5-0-7-false-]" classname="de.uni_mannheim.desq.mining.spark.Icdm16TraditionalMiningTest" time="0.033"/>
  <testcase name="testDesqDataset[Icdm16TraditionalMiningTest-DesqCount-fttt-5-0-7-false-]" classname="de.uni_mannheim.desq.mining.spark.Icdm16TraditionalMiningTest" time="0.029"/>
  <testcase name="testGenericDesqDataset[Icdm16TraditionalMiningTest-DesqCount-fttt-5-0-7-false-]" classname="de.uni_mannheim.desq.mining.spark.Icdm16TraditionalMiningTest" time="0.033"/>
  <testcase name="testGenericDesqDataset[Icdm16TraditionalMiningTest-DesqCount-fttt-5-0-7-false-]" classname="de.uni_mannheim.desq.mining.spark.Icdm16TraditionalMiningTest" time="0.031"/>
  <testcase name="testDesqDataset[Icdm16TraditionalMiningTest-DesqCount-fttt-5-0-7-true-]" classname="de.uni_mannheim.desq.mining.spark.Icdm16TraditionalMiningTest" time="0.047"/>
  <testcase name="testDesqDataset[Icdm16TraditionalMiningTest-DesqCount-fttt-5-0-7-true-]" classname="de.uni_mannheim.desq.mining.spark.Icdm16TraditionalMiningTest" time="0.05"/>
  <testcase name="testGenericDesqDataset[Icdm16TraditionalMiningTest-DesqCount-fttt-5-0-7-true-]" classname="de.uni_mannheim.desq.mining.spark.Icdm16TraditionalMiningTest" time="0.053"/>
  <testcase name="testGenericDesqDataset[Icdm16TraditionalMiningTest-DesqCount-fttt-5-0-7-true-]" classname="de.uni_mannheim.desq.mining.spark.Icdm16TraditionalMiningTest" time="0.052"/>
  <testcase name="testDesqDataset[Icdm16TraditionalMiningTest-DesqCount-fttt-5-1-1-false-]" classname="de.uni_mannheim.desq.mining.spark.Icdm16TraditionalMiningTest" time="0.03"/>
  <testcase name="testDesqDataset[Icdm16TraditionalMiningTest-DesqCount-fttt-5-1-1-false-]" classname="de.uni_mannheim.desq.mining.spark.Icdm16TraditionalMiningTest" time="0.035"/>
  <testcase name="testGenericDesqDataset[Icdm16TraditionalMiningTest-DesqCount-fttt-5-1-1-false-]" classname="de.uni_mannheim.desq.mining.spark.Icdm16TraditionalMiningTest" time="0.034"/>
  <testcase name="testGenericDesqDataset[Icdm16TraditionalMiningTest-DesqCount-fttt-5-1-1-false-]" classname="de.uni_mannheim.desq.mining.spark.Icdm16TraditionalMiningTest" time="0.04"/>
  <testcase name="testDesqDataset[Icdm16TraditionalMiningTest-DesqCount-fttt-5-1-1-true-]" classname="de.uni_mannheim.desq.mining.spark.Icdm16TraditionalMiningTest" time="0.028"/>
  <testcase name="testDesqDataset[Icdm16TraditionalMiningTest-DesqCount-fttt-5-1-1-true-]" classname="de.uni_mannheim.desq.mining.spark.Icdm16TraditionalMiningTest" time="0.045"/>
  <testcase name="testGenericDesqDataset[Icdm16TraditionalMiningTest-DesqCount-fttt-5-1-1-true-]" classname="de.uni_mannheim.desq.mining.spark.Icdm16TraditionalMiningTest" time="0.029"/>
  <testcase name="testGenericDesqDataset[Icdm16TraditionalMiningTest-DesqCount-fttt-5-1-1-true-]" classname="de.uni_mannheim.desq.mining.spark.Icdm16TraditionalMiningTest" time="0.023"/>
  <testcase name="testDesqDataset[Icdm16TraditionalMiningTest-DesqCount-fttt-5-1-3-false-]" classname="de.uni_mannheim.desq.mining.spark.Icdm16TraditionalMiningTest" time="0.025"/>
  <testcase name="testDesqDataset[Icdm16TraditionalMiningTest-DesqCount-fttt-5-1-3-false-]" classname="de.uni_mannheim.desq.mining.spark.Icdm16TraditionalMiningTest" time="0.037"/>
  <testcase name="testGenericDesqDataset[Icdm16TraditionalMiningTest-DesqCount-fttt-5-1-3-false-]" classname="de.uni_mannheim.desq.mining.spark.Icdm16TraditionalMiningTest" time="0.031"/>
  <testcase name="testGenericDesqDataset[Icdm16TraditionalMiningTest-DesqCount-fttt-5-1-3-false-]" classname="de.uni_mannheim.desq.mining.spark.Icdm16TraditionalMiningTest" time="0.035"/>
  <testcase name="testDesqDataset[Icdm16TraditionalMiningTest-DesqCount-fttt-5-1-3-true-]" classname="de.uni_mannheim.desq.mining.spark.Icdm16TraditionalMiningTest" time="0.049"/>
  <testcase name="testDesqDataset[Icdm16TraditionalMiningTest-DesqCount-fttt-5-1-3-true-]" classname="de.uni_mannheim.desq.mining.spark.Icdm16TraditionalMiningTest" time="0.05"/>
  <testcase name="testGenericDesqDataset[Icdm16TraditionalMiningTest-DesqCount-fttt-5-1-3-true-]" classname="de.uni_mannheim.desq.mining.spark.Icdm16TraditionalMiningTest" time="0.048"/>
  <testcase name="testGenericDesqDataset[Icdm16TraditionalMiningTest-DesqCount-fttt-5-1-3-true-]" classname="de.uni_mannheim.desq.mining.spark.Icdm16TraditionalMiningTest" time="0.031"/>
  <testcase name="testDesqDataset[Icdm16TraditionalMiningTest-DesqCount-fttt-5-1-5-false-]" classname="de.uni_mannheim.desq.mining.spark.Icdm16TraditionalMiningTest" time="0.03"/>
  <testcase name="testDesqDataset[Icdm16TraditionalMiningTest-DesqCount-fttt-5-1-5-false-]" classname="de.uni_mannheim.desq.mining.spark.Icdm16TraditionalMiningTest" time="0.027"/>
  <testcase name="testGenericDesqDataset[Icdm16TraditionalMiningTest-DesqCount-fttt-5-1-5-false-]" classname="de.uni_mannheim.desq.mining.spark.Icdm16TraditionalMiningTest" time="0.036"/>
  <testcase name="testGenericDesqDataset[Icdm16TraditionalMiningTest-DesqCount-fttt-5-1-5-false-]" classname="de.uni_mannheim.desq.mining.spark.Icdm16TraditionalMiningTest" time="0.033"/>
  <testcase name="testDesqDataset[Icdm16TraditionalMiningTest-DesqCount-fttt-5-1-5-true-]" classname="de.uni_mannheim.desq.mining.spark.Icdm16TraditionalMiningTest" time="0.056"/>
  <testcase name="testDesqDataset[Icdm16TraditionalMiningTest-DesqCount-fttt-5-1-5-true-]" classname="de.uni_mannheim.desq.mining.spark.Icdm16TraditionalMiningTest" time="0.03"/>
  <testcase name="testGenericDesqDataset[Icdm16TraditionalMiningTest-DesqCount-fttt-5-1-5-true-]" classname="de.uni_mannheim.desq.mining.spark.Icdm16TraditionalMiningTest" time="0.033"/>
  <testcase name="testGenericDesqDataset[Icdm16TraditionalMiningTest-DesqCount-fttt-5-1-5-true-]" classname="de.uni_mannheim.desq.mining.spark.Icdm16TraditionalMiningTest" time="0.038"/>
  <testcase name="testDesqDataset[Icdm16TraditionalMiningTest-DesqCount-fttt-5-1-7-false-]" classname="de.uni_mannheim.desq.mining.spark.Icdm16TraditionalMiningTest" time="0.026"/>
  <testcase name="testDesqDataset[Icdm16TraditionalMiningTest-DesqCount-fttt-5-1-7-false-]" classname="de.uni_mannheim.desq.mining.spark.Icdm16TraditionalMiningTest" time="0.039"/>
  <testcase name="testGenericDesqDataset[Icdm16TraditionalMiningTest-DesqCount-fttt-5-1-7-false-]" classname="de.uni_mannheim.desq.mining.spark.Icdm16TraditionalMiningTest" time="0.024"/>
  <testcase name="testGenericDesqDataset[Icdm16TraditionalMiningTest-DesqCount-fttt-5-1-7-false-]" classname="de.uni_mannheim.desq.mining.spark.Icdm16TraditionalMiningTest" time="0.037"/>
  <testcase name="testDesqDataset[Icdm16TraditionalMiningTest-DesqCount-fttt-5-1-7-true-]" classname="de.uni_mannheim.desq.mining.spark.Icdm16TraditionalMiningTest" time="0.063"/>
  <testcase name="testDesqDataset[Icdm16TraditionalMiningTest-DesqCount-fttt-5-1-7-true-]" classname="de.uni_mannheim.desq.mining.spark.Icdm16TraditionalMiningTest" time="0.04"/>
  <testcase name="testGenericDesqDataset[Icdm16TraditionalMiningTest-DesqCount-fttt-5-1-7-true-]" classname="de.uni_mannheim.desq.mining.spark.Icdm16TraditionalMiningTest" time="0.041"/>
  <testcase name="testGenericDesqDataset[Icdm16TraditionalMiningTest-DesqCount-fttt-5-1-7-true-]" classname="de.uni_mannheim.desq.mining.spark.Icdm16TraditionalMiningTest" time="0.069"/>
  <testcase name="testDesqDataset[Icdm16TraditionalMiningTest-DesqCount-fttt-5-2-1-false-]" classname="de.uni_mannheim.desq.mining.spark.Icdm16TraditionalMiningTest" time="0.028"/>
  <testcase name="testDesqDataset[Icdm16TraditionalMiningTest-DesqCount-fttt-5-2-1-false-]" classname="de.uni_mannheim.desq.mining.spark.Icdm16TraditionalMiningTest" time="0.024"/>
  <testcase name="testGenericDesqDataset[Icdm16TraditionalMiningTest-DesqCount-fttt-5-2-1-false-]" classname="de.uni_mannheim.desq.mining.spark.Icdm16TraditionalMiningTest" time="0.035"/>
  <testcase name="testGenericDesqDataset[Icdm16TraditionalMiningTest-DesqCount-fttt-5-2-1-false-]" classname="de.uni_mannheim.desq.mining.spark.Icdm16TraditionalMiningTest" time="0.031"/>
  <testcase name="testDesqDataset[Icdm16TraditionalMiningTest-DesqCount-fttt-5-2-1-true-]" classname="de.uni_mannheim.desq.mining.spark.Icdm16TraditionalMiningTest" time="0.035"/>
  <testcase name="testDesqDataset[Icdm16TraditionalMiningTest-DesqCount-fttt-5-2-1-true-]" classname="de.uni_mannheim.desq.mining.spark.Icdm16TraditionalMiningTest" time="0.029"/>
  <testcase name="testGenericDesqDataset[Icdm16TraditionalMiningTest-DesqCount-fttt-5-2-1-true-]" classname="de.uni_mannheim.desq.mining.spark.Icdm16TraditionalMiningTest" time="0.035"/>
  <testcase name="testGenericDesqDataset[Icdm16TraditionalMiningTest-DesqCount-fttt-5-2-1-true-]" classname="de.uni_mannheim.desq.mining.spark.Icdm16TraditionalMiningTest" time="0.031"/>
  <testcase name="testDesqDataset[Icdm16TraditionalMiningTest-DesqCount-fttt-5-2-3-false-]" classname="de.uni_mannheim.desq.mining.spark.Icdm16TraditionalMiningTest" time="0.031"/>
  <testcase name="testDesqDataset[Icdm16TraditionalMiningTest-DesqCount-fttt-5-2-3-false-]" classname="de.uni_mannheim.desq.mining.spark.Icdm16TraditionalMiningTest" time="0.031"/>
  <testcase name="testGenericDesqDataset[Icdm16TraditionalMiningTest-DesqCount-fttt-5-2-3-false-]" classname="de.uni_mannheim.desq.mining.spark.Icdm16TraditionalMiningTest" time="0.029"/>
  <testcase name="testGenericDesqDataset[Icdm16TraditionalMiningTest-DesqCount-fttt-5-2-3-false-]" classname="de.uni_mannheim.desq.mining.spark.Icdm16TraditionalMiningTest" time="0.03"/>
  <testcase name="testDesqDataset[Icdm16TraditionalMiningTest-DesqCount-fttt-5-2-3-true-]" classname="de.uni_mannheim.desq.mining.spark.Icdm16TraditionalMiningTest" time="0.032"/>
  <testcase name="testDesqDataset[Icdm16TraditionalMiningTest-DesqCount-fttt-5-2-3-true-]" classname="de.uni_mannheim.desq.mining.spark.Icdm16TraditionalMiningTest" time="0.036"/>
  <testcase name="testGenericDesqDataset[Icdm16TraditionalMiningTest-DesqCount-fttt-5-2-3-true-]" classname="de.uni_mannheim.desq.mining.spark.Icdm16TraditionalMiningTest" time="0.04"/>
  <testcase name="testGenericDesqDataset[Icdm16TraditionalMiningTest-DesqCount-fttt-5-2-3-true-]" classname="de.uni_mannheim.desq.mining.spark.Icdm16TraditionalMiningTest" time="0.04"/>
  <testcase name="testDesqDataset[Icdm16TraditionalMiningTest-DesqCount-fttt-5-2-5-false-]" classname="de.uni_mannheim.desq.mining.spark.Icdm16TraditionalMiningTest" time="0.035"/>
  <testcase name="testDesqDataset[Icdm16TraditionalMiningTest-DesqCount-fttt-5-2-5-false-]" classname="de.uni_mannheim.desq.mining.spark.Icdm16TraditionalMiningTest" time="0.03"/>
  <testcase name="testGenericDesqDataset[Icdm16TraditionalMiningTest-DesqCount-fttt-5-2-5-false-]" classname="de.uni_mannheim.desq.mining.spark.Icdm16TraditionalMiningTest" time="0.025"/>
  <testcase name="testGenericDesqDataset[Icdm16TraditionalMiningTest-DesqCount-fttt-5-2-5-false-]" classname="de.uni_mannheim.desq.mining.spark.Icdm16TraditionalMiningTest" time="0.032"/>
  <testcase name="testDesqDataset[Icdm16TraditionalMiningTest-DesqCount-fttt-5-2-5-true-]" classname="de.uni_mannheim.desq.mining.spark.Icdm16TraditionalMiningTest" time="0.048"/>
  <testcase name="testDesqDataset[Icdm16TraditionalMiningTest-DesqCount-fttt-5-2-5-true-]" classname="de.uni_mannheim.desq.mining.spark.Icdm16TraditionalMiningTest" time="0.082"/>
  <testcase name="testGenericDesqDataset[Icdm16TraditionalMiningTest-DesqCount-fttt-5-2-5-true-]" classname="de.uni_mannheim.desq.mining.spark.Icdm16TraditionalMiningTest" time="0.226"/>
  <testcase name="testGenericDesqDataset[Icdm16TraditionalMiningTest-DesqCount-fttt-5-2-5-true-]" classname="de.uni_mannheim.desq.mining.spark.Icdm16TraditionalMiningTest" time="0.089"/>
  <testcase name="testDesqDataset[Icdm16TraditionalMiningTest-DesqCount-fttt-5-2-7-false-]" classname="de.uni_mannheim.desq.mining.spark.Icdm16TraditionalMiningTest" time="0.069"/>
  <testcase name="testDesqDataset[Icdm16TraditionalMiningTest-DesqCount-fttt-5-2-7-false-]" classname="de.uni_mannheim.desq.mining.spark.Icdm16TraditionalMiningTest" time="0.076"/>
  <testcase name="testGenericDesqDataset[Icdm16TraditionalMiningTest-DesqCount-fttt-5-2-7-false-]" classname="de.uni_mannheim.desq.mining.spark.Icdm16TraditionalMiningTest" time="0.072"/>
  <testcase name="testGenericDesqDataset[Icdm16TraditionalMiningTest-DesqCount-fttt-5-2-7-false-]" classname="de.uni_mannheim.desq.mining.spark.Icdm16TraditionalMiningTest" time="0.621"/>
  <testcase name="testDesqDataset[Icdm16TraditionalMiningTest-DesqCount-fttt-5-2-7-true-]" classname="de.uni_mannheim.desq.mining.spark.Icdm16TraditionalMiningTest" time="0.051"/>
  <testcase name="testDesqDataset[Icdm16TraditionalMiningTest-DesqCount-fttt-5-2-7-true-]" classname="de.uni_mannheim.desq.mining.spark.Icdm16TraditionalMiningTest" time="0.048"/>
  <testcase name="testGenericDesqDataset[Icdm16TraditionalMiningTest-DesqCount-fttt-5-2-7-true-]" classname="de.uni_mannheim.desq.mining.spark.Icdm16TraditionalMiningTest" time="0.052"/>
  <testcase name="testGenericDesqDataset[Icdm16TraditionalMiningTest-DesqCount-fttt-5-2-7-true-]" classname="de.uni_mannheim.desq.mining.spark.Icdm16TraditionalMiningTest" time="0.05"/>
  <testcase name="testDesqDataset[Icdm16TraditionalMiningTest-DesqCount-fttt-7-0-1-false-]" classname="de.uni_mannheim.desq.mining.spark.Icdm16TraditionalMiningTest" time="0.028"/>
  <testcase name="testDesqDataset[Icdm16TraditionalMiningTest-DesqCount-fttt-7-0-1-false-]" classname="de.uni_mannheim.desq.mining.spark.Icdm16TraditionalMiningTest" time="0.026"/>
  <testcase name="testGenericDesqDataset[Icdm16TraditionalMiningTest-DesqCount-fttt-7-0-1-false-]" classname="de.uni_mannheim.desq.mining.spark.Icdm16TraditionalMiningTest" time="0.026"/>
  <testcase name="testGenericDesqDataset[Icdm16TraditionalMiningTest-DesqCount-fttt-7-0-1-false-]" classname="de.uni_mannheim.desq.mining.spark.Icdm16TraditionalMiningTest" time="0.031"/>
  <testcase name="testDesqDataset[Icdm16TraditionalMiningTest-DesqCount-fttt-7-0-1-true-]" classname="de.uni_mannheim.desq.mining.spark.Icdm16TraditionalMiningTest" time="0.036"/>
  <testcase name="testDesqDataset[Icdm16TraditionalMiningTest-DesqCount-fttt-7-0-1-true-]" classname="de.uni_mannheim.desq.mining.spark.Icdm16TraditionalMiningTest" time="0.026"/>
  <testcase name="testGenericDesqDataset[Icdm16TraditionalMiningTest-DesqCount-fttt-7-0-1-true-]" classname="de.uni_mannheim.desq.mining.spark.Icdm16TraditionalMiningTest" time="0.032"/>
  <testcase name="testGenericDesqDataset[Icdm16TraditionalMiningTest-DesqCount-fttt-7-0-1-true-]" classname="de.uni_mannheim.desq.mining.spark.Icdm16TraditionalMiningTest" time="0.033"/>
  <testcase name="testDesqDataset[Icdm16TraditionalMiningTest-DesqCount-fttt-7-0-3-false-]" classname="de.uni_mannheim.desq.mining.spark.Icdm16TraditionalMiningTest" time="0.021"/>
  <testcase name="testDesqDataset[Icdm16TraditionalMiningTest-DesqCount-fttt-7-0-3-false-]" classname="de.uni_mannheim.desq.mining.spark.Icdm16TraditionalMiningTest" time="0.026"/>
  <testcase name="testGenericDesqDataset[Icdm16TraditionalMiningTest-DesqCount-fttt-7-0-3-false-]" classname="de.uni_mannheim.desq.mining.spark.Icdm16TraditionalMiningTest" time="0.024"/>
  <testcase name="testGenericDesqDataset[Icdm16TraditionalMiningTest-DesqCount-fttt-7-0-3-false-]" classname="de.uni_mannheim.desq.mining.spark.Icdm16TraditionalMiningTest" time="0.146"/>
  <testcase name="testDesqDataset[Icdm16TraditionalMiningTest-DesqCount-fttt-7-0-3-true-]" classname="de.uni_mannheim.desq.mining.spark.Icdm16TraditionalMiningTest" time="0.026"/>
  <testcase name="testDesqDataset[Icdm16TraditionalMiningTest-DesqCount-fttt-7-0-3-true-]" classname="de.uni_mannheim.desq.mining.spark.Icdm16TraditionalMiningTest" time="0.026"/>
  <testcase name="testGenericDesqDataset[Icdm16TraditionalMiningTest-DesqCount-fttt-7-0-3-true-]" classname="de.uni_mannheim.desq.mining.spark.Icdm16TraditionalMiningTest" time="0.048"/>
  <testcase name="testGenericDesqDataset[Icdm16TraditionalMiningTest-DesqCount-fttt-7-0-3-true-]" classname="de.uni_mannheim.desq.mining.spark.Icdm16TraditionalMiningTest" time="0.085"/>
  <testcase name="testDesqDataset[Icdm16TraditionalMiningTest-DesqCount-fttt-7-0-5-false-]" classname="de.uni_mannheim.desq.mining.spark.Icdm16TraditionalMiningTest" time="0.031"/>
  <testcase name="testDesqDataset[Icdm16TraditionalMiningTest-DesqCount-fttt-7-0-5-false-]" classname="de.uni_mannheim.desq.mining.spark.Icdm16TraditionalMiningTest" time="0.031"/>
  <testcase name="testGenericDesqDataset[Icdm16TraditionalMiningTest-DesqCount-fttt-7-0-5-false-]" classname="de.uni_mannheim.desq.mining.spark.Icdm16TraditionalMiningTest" time="0.059"/>
  <testcase name="testGenericDesqDataset[Icdm16TraditionalMiningTest-DesqCount-fttt-7-0-5-false-]" classname="de.uni_mannheim.desq.mining.spark.Icdm16TraditionalMiningTest" time="0.033"/>
  <testcase name="testDesqDataset[Icdm16TraditionalMiningTest-DesqCount-fttt-7-0-5-true-]" classname="de.uni_mannheim.desq.mining.spark.Icdm16TraditionalMiningTest" time="0.033"/>
  <testcase name="testDesqDataset[Icdm16TraditionalMiningTest-DesqCount-fttt-7-0-5-true-]" classname="de.uni_mannheim.desq.mining.spark.Icdm16TraditionalMiningTest" time="0.111"/>
  <testcase name="testGenericDesqDataset[Icdm16TraditionalMiningTest-DesqCount-fttt-7-0-5-true-]" classname="de.uni_mannheim.desq.mining.spark.Icdm16TraditionalMiningTest" time="0.032"/>
  <testcase name="testGenericDesqDataset[Icdm16TraditionalMiningTest-DesqCount-fttt-7-0-5-true-]" classname="de.uni_mannheim.desq.mining.spark.Icdm16TraditionalMiningTest" time="0.046"/>
  <testcase name="testDesqDataset[Icdm16TraditionalMiningTest-DesqCount-fttt-7-0-7-false-]" classname="de.uni_mannheim.desq.mining.spark.Icdm16TraditionalMiningTest" time="0.028"/>
  <testcase name="testDesqDataset[Icdm16TraditionalMiningTest-DesqCount-fttt-7-0-7-false-]" classname="de.uni_mannheim.desq.mining.spark.Icdm16TraditionalMiningTest" time="0.03"/>
  <testcase name="testGenericDesqDataset[Icdm16TraditionalMiningTest-DesqCount-fttt-7-0-7-false-]" classname="de.uni_mannheim.desq.mining.spark.Icdm16TraditionalMiningTest" time="0.025"/>
  <testcase name="testGenericDesqDataset[Icdm16TraditionalMiningTest-DesqCount-fttt-7-0-7-false-]" classname="de.uni_mannheim.desq.mining.spark.Icdm16TraditionalMiningTest" time="0.033"/>
  <testcase name="testDesqDataset[Icdm16TraditionalMiningTest-DesqCount-fttt-7-0-7-true-]" classname="de.uni_mannheim.desq.mining.spark.Icdm16TraditionalMiningTest" time="0.024"/>
  <testcase name="testDesqDataset[Icdm16TraditionalMiningTest-DesqCount-fttt-7-0-7-true-]" classname="de.uni_mannheim.desq.mining.spark.Icdm16TraditionalMiningTest" time="0.027"/>
  <testcase name="testGenericDesqDataset[Icdm16TraditionalMiningTest-DesqCount-fttt-7-0-7-true-]" classname="de.uni_mannheim.desq.mining.spark.Icdm16TraditionalMiningTest" time="0.031"/>
  <testcase name="testGenericDesqDataset[Icdm16TraditionalMiningTest-DesqCount-fttt-7-0-7-true-]" classname="de.uni_mannheim.desq.mining.spark.Icdm16TraditionalMiningTest" time="0.02"/>
  <testcase name="testDesqDataset[Icdm16TraditionalMiningTest-DesqCount-fttt-7-1-1-false-]" classname="de.uni_mannheim.desq.mining.spark.Icdm16TraditionalMiningTest" time="0.015"/>
  <testcase name="testDesqDataset[Icdm16TraditionalMiningTest-DesqCount-fttt-7-1-1-false-]" classname="de.uni_mannheim.desq.mining.spark.Icdm16TraditionalMiningTest" time="0.021"/>
  <testcase name="testGenericDesqDataset[Icdm16TraditionalMiningTest-DesqCount-fttt-7-1-1-false-]" classname="de.uni_mannheim.desq.mining.spark.Icdm16TraditionalMiningTest" time="0.02"/>
  <testcase name="testGenericDesqDataset[Icdm16TraditionalMiningTest-DesqCount-fttt-7-1-1-false-]" classname="de.uni_mannheim.desq.mining.spark.Icdm16TraditionalMiningTest" time="0.094"/>
  <testcase name="testDesqDataset[Icdm16TraditionalMiningTest-DesqCount-fttt-7-1-1-true-]" classname="de.uni_mannheim.desq.mining.spark.Icdm16TraditionalMiningTest" time="0.032"/>
  <testcase name="testDesqDataset[Icdm16TraditionalMiningTest-DesqCount-fttt-7-1-1-true-]" classname="de.uni_mannheim.desq.mining.spark.Icdm16TraditionalMiningTest" time="0.03"/>
  <testcase name="testGenericDesqDataset[Icdm16TraditionalMiningTest-DesqCount-fttt-7-1-1-true-]" classname="de.uni_mannheim.desq.mining.spark.Icdm16TraditionalMiningTest" time="0.028"/>
  <testcase name="testGenericDesqDataset[Icdm16TraditionalMiningTest-DesqCount-fttt-7-1-1-true-]" classname="de.uni_mannheim.desq.mining.spark.Icdm16TraditionalMiningTest" time="0.029"/>
  <testcase name="testDesqDataset[Icdm16TraditionalMiningTest-DesqCount-fttt-7-1-3-false-]" classname="de.uni_mannheim.desq.mining.spark.Icdm16TraditionalMiningTest" time="0.109"/>
  <testcase name="testDesqDataset[Icdm16TraditionalMiningTest-DesqCount-fttt-7-1-3-false-]" classname="de.uni_mannheim.desq.mining.spark.Icdm16TraditionalMiningTest" time="0.026"/>
  <testcase name="testGenericDesqDataset[Icdm16TraditionalMiningTest-DesqCount-fttt-7-1-3-false-]" classname="de.uni_mannheim.desq.mining.spark.Icdm16TraditionalMiningTest" time="0.033"/>
  <testcase name="testGenericDesqDataset[Icdm16TraditionalMiningTest-DesqCount-fttt-7-1-3-false-]" classname="de.uni_mannheim.desq.mining.spark.Icdm16TraditionalMiningTest" time="0.023"/>
  <testcase name="testDesqDataset[Icdm16TraditionalMiningTest-DesqCount-fttt-7-1-3-true-]" classname="de.uni_mannheim.desq.mining.spark.Icdm16TraditionalMiningTest" time="0.023"/>
  <testcase name="testDesqDataset[Icdm16TraditionalMiningTest-DesqCount-fttt-7-1-3-true-]" classname="de.uni_mannheim.desq.mining.spark.Icdm16TraditionalMiningTest" time="0.023"/>
  <testcase name="testGenericDesqDataset[Icdm16TraditionalMiningTest-DesqCount-fttt-7-1-3-true-]" classname="de.uni_mannheim.desq.mining.spark.Icdm16TraditionalMiningTest" time="0.024"/>
  <testcase name="testGenericDesqDataset[Icdm16TraditionalMiningTest-DesqCount-fttt-7-1-3-true-]" classname="de.uni_mannheim.desq.mining.spark.Icdm16TraditionalMiningTest" time="0.034"/>
  <testcase name="testDesqDataset[Icdm16TraditionalMiningTest-DesqCount-fttt-7-1-5-false-]" classname="de.uni_mannheim.desq.mining.spark.Icdm16TraditionalMiningTest" time="0.031"/>
  <testcase name="testDesqDataset[Icdm16TraditionalMiningTest-DesqCount-fttt-7-1-5-false-]" classname="de.uni_mannheim.desq.mining.spark.Icdm16TraditionalMiningTest" time="0.043"/>
  <testcase name="testGenericDesqDataset[Icdm16TraditionalMiningTest-DesqCount-fttt-7-1-5-false-]" classname="de.uni_mannheim.desq.mining.spark.Icdm16TraditionalMiningTest" time="0.022"/>
  <testcase name="testGenericDesqDataset[Icdm16TraditionalMiningTest-DesqCount-fttt-7-1-5-false-]" classname="de.uni_mannheim.desq.mining.spark.Icdm16TraditionalMiningTest" time="0.04"/>
  <testcase name="testDesqDataset[Icdm16TraditionalMiningTest-DesqCount-fttt-7-1-5-true-]" classname="de.uni_mannheim.desq.mining.spark.Icdm16TraditionalMiningTest" time="0.02"/>
  <testcase name="testDesqDataset[Icdm16TraditionalMiningTest-DesqCount-fttt-7-1-5-true-]" classname="de.uni_mannheim.desq.mining.spark.Icdm16TraditionalMiningTest" time="0.018"/>
  <testcase name="testGenericDesqDataset[Icdm16TraditionalMiningTest-DesqCount-fttt-7-1-5-true-]" classname="de.uni_mannheim.desq.mining.spark.Icdm16TraditionalMiningTest" time="0.017"/>
  <testcase name="testGenericDesqDataset[Icdm16TraditionalMiningTest-DesqCount-fttt-7-1-5-true-]" classname="de.uni_mannheim.desq.mining.spark.Icdm16TraditionalMiningTest" time="0.02"/>
  <testcase name="testDesqDataset[Icdm16TraditionalMiningTest-DesqCount-fttt-7-1-7-false-]" classname="de.uni_mannheim.desq.mining.spark.Icdm16TraditionalMiningTest" time="0.028"/>
  <testcase name="testDesqDataset[Icdm16TraditionalMiningTest-DesqCount-fttt-7-1-7-false-]" classname="de.uni_mannheim.desq.mining.spark.Icdm16TraditionalMiningTest" time="0.023"/>
  <testcase name="testGenericDesqDataset[Icdm16TraditionalMiningTest-DesqCount-fttt-7-1-7-false-]" classname="de.uni_mannheim.desq.mining.spark.Icdm16TraditionalMiningTest" time="0.019"/>
  <testcase name="testGenericDesqDataset[Icdm16TraditionalMiningTest-DesqCount-fttt-7-1-7-false-]" classname="de.uni_mannheim.desq.mining.spark.Icdm16TraditionalMiningTest" time="0.029"/>
  <testcase name="testDesqDataset[Icdm16TraditionalMiningTest-DesqCount-fttt-7-1-7-true-]" classname="de.uni_mannheim.desq.mining.spark.Icdm16TraditionalMiningTest" time="0.028"/>
  <testcase name="testDesqDataset[Icdm16TraditionalMiningTest-DesqCount-fttt-7-1-7-true-]" classname="de.uni_mannheim.desq.mining.spark.Icdm16TraditionalMiningTest" time="0.029"/>
  <testcase name="testGenericDesqDataset[Icdm16TraditionalMiningTest-DesqCount-fttt-7-1-7-true-]" classname="de.uni_mannheim.desq.mining.spark.Icdm16TraditionalMiningTest" time="0.024"/>
  <testcase name="testGenericDesqDataset[Icdm16TraditionalMiningTest-DesqCount-fttt-7-1-7-true-]" classname="de.uni_mannheim.desq.mining.spark.Icdm16TraditionalMiningTest" time="0.026"/>
  <testcase name="testDesqDataset[Icdm16TraditionalMiningTest-DesqCount-fttt-7-2-1-false-]" classname="de.uni_mannheim.desq.mining.spark.Icdm16TraditionalMiningTest" time="0.021"/>
  <testcase name="testDesqDataset[Icdm16TraditionalMiningTest-DesqCount-fttt-7-2-1-false-]" classname="de.uni_mannheim.desq.mining.spark.Icdm16TraditionalMiningTest" time="0.028"/>
  <testcase name="testGenericDesqDataset[Icdm16TraditionalMiningTest-DesqCount-fttt-7-2-1-false-]" classname="de.uni_mannheim.desq.mining.spark.Icdm16TraditionalMiningTest" time="0.023"/>
  <testcase name="testGenericDesqDataset[Icdm16TraditionalMiningTest-DesqCount-fttt-7-2-1-false-]" classname="de.uni_mannheim.desq.mining.spark.Icdm16TraditionalMiningTest" time="0.019"/>
  <testcase name="testDesqDataset[Icdm16TraditionalMiningTest-DesqCount-fttt-7-2-1-true-]" classname="de.uni_mannheim.desq.mining.spark.Icdm16TraditionalMiningTest" time="0.019"/>
  <testcase name="testDesqDataset[Icdm16TraditionalMiningTest-DesqCount-fttt-7-2-1-true-]" classname="de.uni_mannheim.desq.mining.spark.Icdm16TraditionalMiningTest" time="0.02"/>
  <testcase name="testGenericDesqDataset[Icdm16TraditionalMiningTest-DesqCount-fttt-7-2-1-true-]" classname="de.uni_mannheim.desq.mining.spark.Icdm16TraditionalMiningTest" time="0.019"/>
  <testcase name="testGenericDesqDataset[Icdm16TraditionalMiningTest-DesqCount-fttt-7-2-1-true-]" classname="de.uni_mannheim.desq.mining.spark.Icdm16TraditionalMiningTest" time="0.022"/>
  <testcase name="testDesqDataset[Icdm16TraditionalMiningTest-DesqCount-fttt-7-2-3-false-]" classname="de.uni_mannheim.desq.mining.spark.Icdm16TraditionalMiningTest" time="0.025"/>
  <testcase name="testDesqDataset[Icdm16TraditionalMiningTest-DesqCount-fttt-7-2-3-false-]" classname="de.uni_mannheim.desq.mining.spark.Icdm16TraditionalMiningTest" time="0.024"/>
  <testcase name="testGenericDesqDataset[Icdm16TraditionalMiningTest-DesqCount-fttt-7-2-3-false-]" classname="de.uni_mannheim.desq.mining.spark.Icdm16TraditionalMiningTest" time="0.027"/>
  <testcase name="testGenericDesqDataset[Icdm16TraditionalMiningTest-DesqCount-fttt-7-2-3-false-]" classname="de.uni_mannheim.desq.mining.spark.Icdm16TraditionalMiningTest" time="0.029"/>
  <testcase name="testDesqDataset[Icdm16TraditionalMiningTest-DesqCount-fttt-7-2-3-true-]" classname="de.uni_mannheim.desq.mining.spark.Icdm16TraditionalMiningTest" time="0.027"/>
  <testcase name="testDesqDataset[Icdm16TraditionalMiningTest-DesqCount-fttt-7-2-3-true-]" classname="de.uni_mannheim.desq.mining.spark.Icdm16TraditionalMiningTest" time="0.053"/>
  <testcase name="testGenericDesqDataset[Icdm16TraditionalMiningTest-DesqCount-fttt-7-2-3-true-]" classname="de.uni_mannheim.desq.mining.spark.Icdm16TraditionalMiningTest" time="0.028"/>
  <testcase name="testGenericDesqDataset[Icdm16TraditionalMiningTest-DesqCount-fttt-7-2-3-true-]" classname="de.uni_mannheim.desq.mining.spark.Icdm16TraditionalMiningTest" time="0.033"/>
  <testcase name="testDesqDataset[Icdm16TraditionalMiningTest-DesqCount-fttt-7-2-5-false-]" classname="de.uni_mannheim.desq.mining.spark.Icdm16TraditionalMiningTest" time="0.024"/>
  <testcase name="testDesqDataset[Icdm16TraditionalMiningTest-DesqCount-fttt-7-2-5-false-]" classname="de.uni_mannheim.desq.mining.spark.Icdm16TraditionalMiningTest" time="0.033"/>
  <testcase name="testGenericDesqDataset[Icdm16TraditionalMiningTest-DesqCount-fttt-7-2-5-false-]" classname="de.uni_mannheim.desq.mining.spark.Icdm16TraditionalMiningTest" time="0.03"/>
  <testcase name="testGenericDesqDataset[Icdm16TraditionalMiningTest-DesqCount-fttt-7-2-5-false-]" classname="de.uni_mannheim.desq.mining.spark.Icdm16TraditionalMiningTest" time="0.029"/>
  <testcase name="testDesqDataset[Icdm16TraditionalMiningTest-DesqCount-fttt-7-2-5-true-]" classname="de.uni_mannheim.desq.mining.spark.Icdm16TraditionalMiningTest" time="0.023"/>
  <testcase name="testDesqDataset[Icdm16TraditionalMiningTest-DesqCount-fttt-7-2-5-true-]" classname="de.uni_mannheim.desq.mining.spark.Icdm16TraditionalMiningTest" time="0.023"/>
  <testcase name="testGenericDesqDataset[Icdm16TraditionalMiningTest-DesqCount-fttt-7-2-5-true-]" classname="de.uni_mannheim.desq.mining.spark.Icdm16TraditionalMiningTest" time="0.024"/>
  <testcase name="testGenericDesqDataset[Icdm16TraditionalMiningTest-DesqCount-fttt-7-2-5-true-]" classname="de.uni_mannheim.desq.mining.spark.Icdm16TraditionalMiningTest" time="0.023"/>
  <testcase name="testDesqDataset[Icdm16TraditionalMiningTest-DesqCount-fttt-7-2-7-false-]" classname="de.uni_mannheim.desq.mining.spark.Icdm16TraditionalMiningTest" time="0.026"/>
  <testcase name="testDesqDataset[Icdm16TraditionalMiningTest-DesqCount-fttt-7-2-7-false-]" classname="de.uni_mannheim.desq.mining.spark.Icdm16TraditionalMiningTest" time="0.031"/>
  <testcase name="testGenericDesqDataset[Icdm16TraditionalMiningTest-DesqCount-fttt-7-2-7-false-]" classname="de.uni_mannheim.desq.mining.spark.Icdm16TraditionalMiningTest" time="0.031"/>
  <testcase name="testGenericDesqDataset[Icdm16TraditionalMiningTest-DesqCount-fttt-7-2-7-false-]" classname="de.uni_mannheim.desq.mining.spark.Icdm16TraditionalMiningTest" time="0.026"/>
  <testcase name="testDesqDataset[Icdm16TraditionalMiningTest-DesqCount-fttt-7-2-7-true-]" classname="de.uni_mannheim.desq.mining.spark.Icdm16TraditionalMiningTest" time="0.026"/>
  <testcase name="testDesqDataset[Icdm16TraditionalMiningTest-DesqCount-fttt-7-2-7-true-]" classname="de.uni_mannheim.desq.mining.spark.Icdm16TraditionalMiningTest" time="0.022"/>
  <testcase name="testGenericDesqDataset[Icdm16TraditionalMiningTest-DesqCount-fttt-7-2-7-true-]" classname="de.uni_mannheim.desq.mining.spark.Icdm16TraditionalMiningTest" time="0.032"/>
  <testcase name="testGenericDesqDataset[Icdm16TraditionalMiningTest-DesqCount-fttt-7-2-7-true-]" classname="de.uni_mannheim.desq.mining.spark.Icdm16TraditionalMiningTest" time="0.031"/>
  <testcase name="testDesqDataset[Icdm16TraditionalMiningTest-DesqCount-tfff-1-0-1-false-]" classname="de.uni_mannheim.desq.mining.spark.Icdm16TraditionalMiningTest" time="0.039"/>
  <testcase name="testGenericDesqDataset[Icdm16TraditionalMiningTest-DesqCount-tfff-1-0-1-false-]" classname="de.uni_mannheim.desq.mining.spark.Icdm16TraditionalMiningTest" time="0.042"/>
  <testcase name="testDesqDataset[Icdm16TraditionalMiningTest-DesqCount-tfff-1-0-1-true-]" classname="de.uni_mannheim.desq.mining.spark.Icdm16TraditionalMiningTest" time="0.03"/>
  <testcase name="testGenericDesqDataset[Icdm16TraditionalMiningTest-DesqCount-tfff-1-0-1-true-]" classname="de.uni_mannheim.desq.mining.spark.Icdm16TraditionalMiningTest" time="0.036"/>
  <testcase name="testDesqDataset[Icdm16TraditionalMiningTest-DesqCount-tfff-1-0-3-false-]" classname="de.uni_mannheim.desq.mining.spark.Icdm16TraditionalMiningTest" time="0.021"/>
  <testcase name="testGenericDesqDataset[Icdm16TraditionalMiningTest-DesqCount-tfff-1-0-3-false-]" classname="de.uni_mannheim.desq.mining.spark.Icdm16TraditionalMiningTest" time="0.029"/>
  <testcase name="testDesqDataset[Icdm16TraditionalMiningTest-DesqCount-tfff-1-0-3-true-]" classname="de.uni_mannheim.desq.mining.spark.Icdm16TraditionalMiningTest" time="0.046"/>
  <testcase name="testGenericDesqDataset[Icdm16TraditionalMiningTest-DesqCount-tfff-1-0-3-true-]" classname="de.uni_mannheim.desq.mining.spark.Icdm16TraditionalMiningTest" time="0.04"/>
  <testcase name="testDesqDataset[Icdm16TraditionalMiningTest-DesqCount-tfff-1-0-5-false-]" classname="de.uni_mannheim.desq.mining.spark.Icdm16TraditionalMiningTest" time="0.025"/>
  <testcase name="testGenericDesqDataset[Icdm16TraditionalMiningTest-DesqCount-tfff-1-0-5-false-]" classname="de.uni_mannheim.desq.mining.spark.Icdm16TraditionalMiningTest" time="0.041"/>
  <testcase name="testDesqDataset[Icdm16TraditionalMiningTest-DesqCount-tfff-1-0-5-true-]" classname="de.uni_mannheim.desq.mining.spark.Icdm16TraditionalMiningTest" time="0.056"/>
  <testcase name="testGenericDesqDataset[Icdm16TraditionalMiningTest-DesqCount-tfff-1-0-5-true-]" classname="de.uni_mannheim.desq.mining.spark.Icdm16TraditionalMiningTest" time="0.051"/>
  <testcase name="testDesqDataset[Icdm16TraditionalMiningTest-DesqCount-tfff-1-0-7-false-]" classname="de.uni_mannheim.desq.mining.spark.Icdm16TraditionalMiningTest" time="0.021"/>
  <testcase name="testGenericDesqDataset[Icdm16TraditionalMiningTest-DesqCount-tfff-1-0-7-false-]" classname="de.uni_mannheim.desq.mining.spark.Icdm16TraditionalMiningTest" time="0.023"/>
  <testcase name="testDesqDataset[Icdm16TraditionalMiningTest-DesqCount-tfff-1-0-7-true-]" classname="de.uni_mannheim.desq.mining.spark.Icdm16TraditionalMiningTest" time="0.059"/>
  <testcase name="testGenericDesqDataset[Icdm16TraditionalMiningTest-DesqCount-tfff-1-0-7-true-]" classname="de.uni_mannheim.desq.mining.spark.Icdm16TraditionalMiningTest" time="0.037"/>
  <testcase name="testDesqDataset[Icdm16TraditionalMiningTest-DesqCount-tfff-1-1-1-false-]" classname="de.uni_mannheim.desq.mining.spark.Icdm16TraditionalMiningTest" time="0.019"/>
  <testcase name="testGenericDesqDataset[Icdm16TraditionalMiningTest-DesqCount-tfff-1-1-1-false-]" classname="de.uni_mannheim.desq.mining.spark.Icdm16TraditionalMiningTest" time="0.028"/>
  <testcase name="testDesqDataset[Icdm16TraditionalMiningTest-DesqCount-tfff-1-1-1-true-]" classname="de.uni_mannheim.desq.mining.spark.Icdm16TraditionalMiningTest" time="0.026"/>
  <testcase name="testGenericDesqDataset[Icdm16TraditionalMiningTest-DesqCount-tfff-1-1-1-true-]" classname="de.uni_mannheim.desq.mining.spark.Icdm16TraditionalMiningTest" time="0.023"/>
  <testcase name="testDesqDataset[Icdm16TraditionalMiningTest-DesqCount-tfff-1-1-3-false-]" classname="de.uni_mannheim.desq.mining.spark.Icdm16TraditionalMiningTest" time="0.023"/>
  <testcase name="testGenericDesqDataset[Icdm16TraditionalMiningTest-DesqCount-tfff-1-1-3-false-]" classname="de.uni_mannheim.desq.mining.spark.Icdm16TraditionalMiningTest" time="0.023"/>
  <testcase name="testDesqDataset[Icdm16TraditionalMiningTest-DesqCount-tfff-1-1-3-true-]" classname="de.uni_mannheim.desq.mining.spark.Icdm16TraditionalMiningTest" time="0.033"/>
  <testcase name="testGenericDesqDataset[Icdm16TraditionalMiningTest-DesqCount-tfff-1-1-3-true-]" classname="de.uni_mannheim.desq.mining.spark.Icdm16TraditionalMiningTest" time="0.032"/>
  <testcase name="testDesqDataset[Icdm16TraditionalMiningTest-DesqCount-tfff-1-1-5-false-]" classname="de.uni_mannheim.desq.mining.spark.Icdm16TraditionalMiningTest" time="0.041"/>
  <testcase name="testGenericDesqDataset[Icdm16TraditionalMiningTest-DesqCount-tfff-1-1-5-false-]" classname="de.uni_mannheim.desq.mining.spark.Icdm16TraditionalMiningTest" time="0.029"/>
  <testcase name="testDesqDataset[Icdm16TraditionalMiningTest-DesqCount-tfff-1-1-5-true-]" classname="de.uni_mannheim.desq.mining.spark.Icdm16TraditionalMiningTest" time="0.059"/>
  <testcase name="testGenericDesqDataset[Icdm16TraditionalMiningTest-DesqCount-tfff-1-1-5-true-]" classname="de.uni_mannheim.desq.mining.spark.Icdm16TraditionalMiningTest" time="0.05"/>
  <testcase name="testDesqDataset[Icdm16TraditionalMiningTest-DesqCount-tfff-1-1-7-false-]" classname="de.uni_mannheim.desq.mining.spark.Icdm16TraditionalMiningTest" time="0.046"/>
  <testcase name="testGenericDesqDataset[Icdm16TraditionalMiningTest-DesqCount-tfff-1-1-7-false-]" classname="de.uni_mannheim.desq.mining.spark.Icdm16TraditionalMiningTest" time="0.047"/>
  <testcase name="testDesqDataset[Icdm16TraditionalMiningTest-DesqCount-tfff-1-1-7-true-]" classname="de.uni_mannheim.desq.mining.spark.Icdm16TraditionalMiningTest" time="0.04"/>
  <testcase name="testGenericDesqDataset[Icdm16TraditionalMiningTest-DesqCount-tfff-1-1-7-true-]" classname="de.uni_mannheim.desq.mining.spark.Icdm16TraditionalMiningTest" time="0.058"/>
  <testcase name="testDesqDataset[Icdm16TraditionalMiningTest-DesqCount-tfff-1-2-1-false-]" classname="de.uni_mannheim.desq.mining.spark.Icdm16TraditionalMiningTest" time="0.021"/>
  <testcase name="testGenericDesqDataset[Icdm16TraditionalMiningTest-DesqCount-tfff-1-2-1-false-]" classname="de.uni_mannheim.desq.mining.spark.Icdm16TraditionalMiningTest" time="0.022"/>
  <testcase name="testDesqDataset[Icdm16TraditionalMiningTest-DesqCount-tfff-1-2-1-true-]" classname="de.uni_mannheim.desq.mining.spark.Icdm16TraditionalMiningTest" time="0.031"/>
  <testcase name="testGenericDesqDataset[Icdm16TraditionalMiningTest-DesqCount-tfff-1-2-1-true-]" classname="de.uni_mannheim.desq.mining.spark.Icdm16TraditionalMiningTest" time="0.033"/>
  <testcase name="testDesqDataset[Icdm16TraditionalMiningTest-DesqCount-tfff-1-2-3-false-]" classname="de.uni_mannheim.desq.mining.spark.Icdm16TraditionalMiningTest" time="0.032"/>
  <testcase name="testGenericDesqDataset[Icdm16TraditionalMiningTest-DesqCount-tfff-1-2-3-false-]" classname="de.uni_mannheim.desq.mining.spark.Icdm16TraditionalMiningTest" time="0.031"/>
  <testcase name="testDesqDataset[Icdm16TraditionalMiningTest-DesqCount-tfff-1-2-3-true-]" classname="de.uni_mannheim.desq.mining.spark.Icdm16TraditionalMiningTest" time="0.04"/>
  <testcase name="testGenericDesqDataset[Icdm16TraditionalMiningTest-DesqCount-tfff-1-2-3-true-]" classname="de.uni_mannheim.desq.mining.spark.Icdm16TraditionalMiningTest" time="0.05"/>
  <testcase name="testDesqDataset[Icdm16TraditionalMiningTest-DesqCount-tfff-1-2-5-false-]" classname="de.uni_mannheim.desq.mining.spark.Icdm16TraditionalMiningTest" time="0.039"/>
  <testcase name="testGenericDesqDataset[Icdm16TraditionalMiningTest-DesqCount-tfff-1-2-5-false-]" classname="de.uni_mannheim.desq.mining.spark.Icdm16TraditionalMiningTest" time="0.044"/>
  <testcase name="testDesqDataset[Icdm16TraditionalMiningTest-DesqCount-tfff-1-2-5-true-]" classname="de.uni_mannheim.desq.mining.spark.Icdm16TraditionalMiningTest" time="0.064"/>
  <testcase name="testGenericDesqDataset[Icdm16TraditionalMiningTest-DesqCount-tfff-1-2-5-true-]" classname="de.uni_mannheim.desq.mining.spark.Icdm16TraditionalMiningTest" time="0.054"/>
  <testcase name="testDesqDataset[Icdm16TraditionalMiningTest-DesqCount-tfff-1-2-7-false-]" classname="de.uni_mannheim.desq.mining.spark.Icdm16TraditionalMiningTest" time="0.026"/>
  <testcase name="testGenericDesqDataset[Icdm16TraditionalMiningTest-DesqCount-tfff-1-2-7-false-]" classname="de.uni_mannheim.desq.mining.spark.Icdm16TraditionalMiningTest" time="0.029"/>
  <testcase name="testDesqDataset[Icdm16TraditionalMiningTest-DesqCount-tfff-1-2-7-true-]" classname="de.uni_mannheim.desq.mining.spark.Icdm16TraditionalMiningTest" time="0.055"/>
  <testcase name="testGenericDesqDataset[Icdm16TraditionalMiningTest-DesqCount-tfff-1-2-7-true-]" classname="de.uni_mannheim.desq.mining.spark.Icdm16TraditionalMiningTest" time="0.045"/>
  <testcase name="testDesqDataset[Icdm16TraditionalMiningTest-DesqCount-tfff-3-0-1-false-]" classname="de.uni_mannheim.desq.mining.spark.Icdm16TraditionalMiningTest" time="0.019"/>
  <testcase name="testGenericDesqDataset[Icdm16TraditionalMiningTest-DesqCount-tfff-3-0-1-false-]" classname="de.uni_mannheim.desq.mining.spark.Icdm16TraditionalMiningTest" time="0.03"/>
  <testcase name="testDesqDataset[Icdm16TraditionalMiningTest-DesqCount-tfff-3-0-1-true-]" classname="de.uni_mannheim.desq.mining.spark.Icdm16TraditionalMiningTest" time="0.025"/>
  <testcase name="testGenericDesqDataset[Icdm16TraditionalMiningTest-DesqCount-tfff-3-0-1-true-]" classname="de.uni_mannheim.desq.mining.spark.Icdm16TraditionalMiningTest" time="0.032"/>
  <testcase name="testDesqDataset[Icdm16TraditionalMiningTest-DesqCount-tfff-3-0-3-false-]" classname="de.uni_mannheim.desq.mining.spark.Icdm16TraditionalMiningTest" time="0.03"/>
  <testcase name="testGenericDesqDataset[Icdm16TraditionalMiningTest-DesqCount-tfff-3-0-3-false-]" classname="de.uni_mannheim.desq.mining.spark.Icdm16TraditionalMiningTest" time="0.042"/>
  <testcase name="testDesqDataset[Icdm16TraditionalMiningTest-DesqCount-tfff-3-0-3-true-]" classname="de.uni_mannheim.desq.mining.spark.Icdm16TraditionalMiningTest" time="0.023"/>
  <testcase name="testGenericDesqDataset[Icdm16TraditionalMiningTest-DesqCount-tfff-3-0-3-true-]" classname="de.uni_mannheim.desq.mining.spark.Icdm16TraditionalMiningTest" time="0.033"/>
  <testcase name="testDesqDataset[Icdm16TraditionalMiningTest-DesqCount-tfff-3-0-5-false-]" classname="de.uni_mannheim.desq.mining.spark.Icdm16TraditionalMiningTest" time="0.037"/>
  <testcase name="testGenericDesqDataset[Icdm16TraditionalMiningTest-DesqCount-tfff-3-0-5-false-]" classname="de.uni_mannheim.desq.mining.spark.Icdm16TraditionalMiningTest" time="0.031"/>
  <testcase name="testDesqDataset[Icdm16TraditionalMiningTest-DesqCount-tfff-3-0-5-true-]" classname="de.uni_mannheim.desq.mining.spark.Icdm16TraditionalMiningTest" time="0.114"/>
  <testcase name="testGenericDesqDataset[Icdm16TraditionalMiningTest-DesqCount-tfff-3-0-5-true-]" classname="de.uni_mannheim.desq.mining.spark.Icdm16TraditionalMiningTest" time="0.181"/>
  <testcase name="testDesqDataset[Icdm16TraditionalMiningTest-DesqCount-tfff-3-0-7-false-]" classname="de.uni_mannheim.desq.mining.spark.Icdm16TraditionalMiningTest" time="0.204"/>
  <testcase name="testGenericDesqDataset[Icdm16TraditionalMiningTest-DesqCount-tfff-3-0-7-false-]" classname="de.uni_mannheim.desq.mining.spark.Icdm16TraditionalMiningTest" time="0.57"/>
  <testcase name="testDesqDataset[Icdm16TraditionalMiningTest-DesqCount-tfff-3-0-7-true-]" classname="de.uni_mannheim.desq.mining.spark.Icdm16TraditionalMiningTest" time="0.421"/>
  <testcase name="testGenericDesqDataset[Icdm16TraditionalMiningTest-DesqCount-tfff-3-0-7-true-]" classname="de.uni_mannheim.desq.mining.spark.Icdm16TraditionalMiningTest" time="0.072"/>
  <testcase name="testDesqDataset[Icdm16TraditionalMiningTest-DesqCount-tfff-3-1-1-false-]" classname="de.uni_mannheim.desq.mining.spark.Icdm16TraditionalMiningTest" time="0.033"/>
  <testcase name="testGenericDesqDataset[Icdm16TraditionalMiningTest-DesqCount-tfff-3-1-1-false-]" classname="de.uni_mannheim.desq.mining.spark.Icdm16TraditionalMiningTest" time="0.035"/>
  <testcase name="testDesqDataset[Icdm16TraditionalMiningTest-DesqCount-tfff-3-1-1-true-]" classname="de.uni_mannheim.desq.mining.spark.Icdm16TraditionalMiningTest" time="0.033"/>
  <testcase name="testGenericDesqDataset[Icdm16TraditionalMiningTest-DesqCount-tfff-3-1-1-true-]" classname="de.uni_mannheim.desq.mining.spark.Icdm16TraditionalMiningTest" time="0.025"/>
  <testcase name="testDesqDataset[Icdm16TraditionalMiningTest-DesqCount-tfff-3-1-3-false-]" classname="de.uni_mannheim.desq.mining.spark.Icdm16TraditionalMiningTest" time="0.033"/>
  <testcase name="testGenericDesqDataset[Icdm16TraditionalMiningTest-DesqCount-tfff-3-1-3-false-]" classname="de.uni_mannheim.desq.mining.spark.Icdm16TraditionalMiningTest" time="0.043"/>
  <testcase name="testDesqDataset[Icdm16TraditionalMiningTest-DesqCount-tfff-3-1-3-true-]" classname="de.uni_mannheim.desq.mining.spark.Icdm16TraditionalMiningTest" time="0.041"/>
  <testcase name="testGenericDesqDataset[Icdm16TraditionalMiningTest-DesqCount-tfff-3-1-3-true-]" classname="de.uni_mannheim.desq.mining.spark.Icdm16TraditionalMiningTest" time="0.044"/>
  <testcase name="testDesqDataset[Icdm16TraditionalMiningTest-DesqCount-tfff-3-1-5-false-]" classname="de.uni_mannheim.desq.mining.spark.Icdm16TraditionalMiningTest" time="0.043"/>
  <testcase name="testGenericDesqDataset[Icdm16TraditionalMiningTest-DesqCount-tfff-3-1-5-false-]" classname="de.uni_mannheim.desq.mining.spark.Icdm16TraditionalMiningTest" time="0.112"/>
  <testcase name="testDesqDataset[Icdm16TraditionalMiningTest-DesqCount-tfff-3-1-5-true-]" classname="de.uni_mannheim.desq.mining.spark.Icdm16TraditionalMiningTest" time="0.053"/>
  <testcase name="testGenericDesqDataset[Icdm16TraditionalMiningTest-DesqCount-tfff-3-1-5-true-]" classname="de.uni_mannheim.desq.mining.spark.Icdm16TraditionalMiningTest" time="0.039"/>
  <testcase name="testDesqDataset[Icdm16TraditionalMiningTest-DesqCount-tfff-3-1-7-false-]" classname="de.uni_mannheim.desq.mining.spark.Icdm16TraditionalMiningTest" time="0.083"/>
  <testcase name="testGenericDesqDataset[Icdm16TraditionalMiningTest-DesqCount-tfff-3-1-7-false-]" classname="de.uni_mannheim.desq.mining.spark.Icdm16TraditionalMiningTest" time="0.096"/>
  <testcase name="testDesqDataset[Icdm16TraditionalMiningTest-DesqCount-tfff-3-1-7-true-]" classname="de.uni_mannheim.desq.mining.spark.Icdm16TraditionalMiningTest" time="0.078"/>
  <testcase name="testGenericDesqDataset[Icdm16TraditionalMiningTest-DesqCount-tfff-3-1-7-true-]" classname="de.uni_mannheim.desq.mining.spark.Icdm16TraditionalMiningTest" time="0.06"/>
  <testcase name="testDesqDataset[Icdm16TraditionalMiningTest-DesqCount-tfff-3-2-1-false-]" classname="de.uni_mannheim.desq.mining.spark.Icdm16TraditionalMiningTest" time="0.054"/>
  <testcase name="testGenericDesqDataset[Icdm16TraditionalMiningTest-DesqCount-tfff-3-2-1-false-]" classname="de.uni_mannheim.desq.mining.spark.Icdm16TraditionalMiningTest" time="0.043"/>
  <testcase name="testDesqDataset[Icdm16TraditionalMiningTest-DesqCount-tfff-3-2-1-true-]" classname="de.uni_mannheim.desq.mining.spark.Icdm16TraditionalMiningTest" time="0.221"/>
  <testcase name="testGenericDesqDataset[Icdm16TraditionalMiningTest-DesqCount-tfff-3-2-1-true-]" classname="de.uni_mannheim.desq.mining.spark.Icdm16TraditionalMiningTest" time="0.037"/>
  <testcase name="testDesqDataset[Icdm16TraditionalMiningTest-DesqCount-tfff-3-2-3-false-]" classname="de.uni_mannheim.desq.mining.spark.Icdm16TraditionalMiningTest" time="0.036"/>
  <testcase name="testGenericDesqDataset[Icdm16TraditionalMiningTest-DesqCount-tfff-3-2-3-false-]" classname="de.uni_mannheim.desq.mining.spark.Icdm16TraditionalMiningTest" time="0.04"/>
  <testcase name="testDesqDataset[Icdm16TraditionalMiningTest-DesqCount-tfff-3-2-3-true-]" classname="de.uni_mannheim.desq.mining.spark.Icdm16TraditionalMiningTest" time="0.035"/>
  <testcase name="testGenericDesqDataset[Icdm16TraditionalMiningTest-DesqCount-tfff-3-2-3-true-]" classname="de.uni_mannheim.desq.mining.spark.Icdm16TraditionalMiningTest" time="0.044"/>
  <testcase name="testDesqDataset[Icdm16TraditionalMiningTest-DesqCount-tfff-3-2-5-false-]" classname="de.uni_mannheim.desq.mining.spark.Icdm16TraditionalMiningTest" time="0.048"/>
  <testcase name="testGenericDesqDataset[Icdm16TraditionalMiningTest-DesqCount-tfff-3-2-5-false-]" classname="de.uni_mannheim.desq.mining.spark.Icdm16TraditionalMiningTest" time="0.039"/>
  <testcase name="testDesqDataset[Icdm16TraditionalMiningTest-DesqCount-tfff-3-2-5-true-]" classname="de.uni_mannheim.desq.mining.spark.Icdm16TraditionalMiningTest" time="0.026"/>
  <testcase name="testGenericDesqDataset[Icdm16TraditionalMiningTest-DesqCount-tfff-3-2-5-true-]" classname="de.uni_mannheim.desq.mining.spark.Icdm16TraditionalMiningTest" time="0.044"/>
  <testcase name="testDesqDataset[Icdm16TraditionalMiningTest-DesqCount-tfff-3-2-7-false-]" classname="de.uni_mannheim.desq.mining.spark.Icdm16TraditionalMiningTest" time="0.025"/>
  <testcase name="testGenericDesqDataset[Icdm16TraditionalMiningTest-DesqCount-tfff-3-2-7-false-]" classname="de.uni_mannheim.desq.mining.spark.Icdm16TraditionalMiningTest" time="0.041"/>
  <testcase name="testDesqDataset[Icdm16TraditionalMiningTest-DesqCount-tfff-3-2-7-true-]" classname="de.uni_mannheim.desq.mining.spark.Icdm16TraditionalMiningTest" time="0.042"/>
  <testcase name="testGenericDesqDataset[Icdm16TraditionalMiningTest-DesqCount-tfff-3-2-7-true-]" classname="de.uni_mannheim.desq.mining.spark.Icdm16TraditionalMiningTest" time="0.041"/>
  <testcase name="testDesqDataset[Icdm16TraditionalMiningTest-DesqCount-tfff-5-0-1-false-]" classname="de.uni_mannheim.desq.mining.spark.Icdm16TraditionalMiningTest" time="0.031"/>
  <testcase name="testGenericDesqDataset[Icdm16TraditionalMiningTest-DesqCount-tfff-5-0-1-false-]" classname="de.uni_mannheim.desq.mining.spark.Icdm16TraditionalMiningTest" time="0.085"/>
  <testcase name="testDesqDataset[Icdm16TraditionalMiningTest-DesqCount-tfff-5-0-1-true-]" classname="de.uni_mannheim.desq.mining.spark.Icdm16TraditionalMiningTest" time="0.037"/>
  <testcase name="testGenericDesqDataset[Icdm16TraditionalMiningTest-DesqCount-tfff-5-0-1-true-]" classname="de.uni_mannheim.desq.mining.spark.Icdm16TraditionalMiningTest" time="0.037"/>
  <testcase name="testDesqDataset[Icdm16TraditionalMiningTest-DesqCount-tfff-5-0-3-false-]" classname="de.uni_mannheim.desq.mining.spark.Icdm16TraditionalMiningTest" time="0.029"/>
  <testcase name="testGenericDesqDataset[Icdm16TraditionalMiningTest-DesqCount-tfff-5-0-3-false-]" classname="de.uni_mannheim.desq.mining.spark.Icdm16TraditionalMiningTest" time="0.027"/>
  <testcase name="testDesqDataset[Icdm16TraditionalMiningTest-DesqCount-tfff-5-0-3-true-]" classname="de.uni_mannheim.desq.mining.spark.Icdm16TraditionalMiningTest" time="0.035"/>
  <testcase name="testGenericDesqDataset[Icdm16TraditionalMiningTest-DesqCount-tfff-5-0-3-true-]" classname="de.uni_mannheim.desq.mining.spark.Icdm16TraditionalMiningTest" time="0.046"/>
  <testcase name="testDesqDataset[Icdm16TraditionalMiningTest-DesqCount-tfff-5-0-5-false-]" classname="de.uni_mannheim.desq.mining.spark.Icdm16TraditionalMiningTest" time="0.117"/>
  <testcase name="testGenericDesqDataset[Icdm16TraditionalMiningTest-DesqCount-tfff-5-0-5-false-]" classname="de.uni_mannheim.desq.mining.spark.Icdm16TraditionalMiningTest" time="0.031"/>
  <testcase name="testDesqDataset[Icdm16TraditionalMiningTest-DesqCount-tfff-5-0-5-true-]" classname="de.uni_mannheim.desq.mining.spark.Icdm16TraditionalMiningTest" time="0.042"/>
  <testcase name="testGenericDesqDataset[Icdm16TraditionalMiningTest-DesqCount-tfff-5-0-5-true-]" classname="de.uni_mannheim.desq.mining.spark.Icdm16TraditionalMiningTest" time="0.044"/>
  <testcase name="testDesqDataset[Icdm16TraditionalMiningTest-DesqCount-tfff-5-0-7-false-]" classname="de.uni_mannheim.desq.mining.spark.Icdm16TraditionalMiningTest" time="0.03"/>
  <testcase name="testGenericDesqDataset[Icdm16TraditionalMiningTest-DesqCount-tfff-5-0-7-false-]" classname="de.uni_mannheim.desq.mining.spark.Icdm16TraditionalMiningTest" time="0.039"/>
  <testcase name="testDesqDataset[Icdm16TraditionalMiningTest-DesqCount-tfff-5-0-7-true-]" classname="de.uni_mannheim.desq.mining.spark.Icdm16TraditionalMiningTest" time="0.043"/>
  <testcase name="testGenericDesqDataset[Icdm16TraditionalMiningTest-DesqCount-tfff-5-0-7-true-]" classname="de.uni_mannheim.desq.mining.spark.Icdm16TraditionalMiningTest" time="0.04"/>
  <testcase name="testDesqDataset[Icdm16TraditionalMiningTest-DesqCount-tfff-5-1-1-false-]" classname="de.uni_mannheim.desq.mining.spark.Icdm16TraditionalMiningTest" time="0.03"/>
  <testcase name="testGenericDesqDataset[Icdm16TraditionalMiningTest-DesqCount-tfff-5-1-1-false-]" classname="de.uni_mannheim.desq.mining.spark.Icdm16TraditionalMiningTest" time="0.028"/>
  <testcase name="testDesqDataset[Icdm16TraditionalMiningTest-DesqCount-tfff-5-1-1-true-]" classname="de.uni_mannheim.desq.mining.spark.Icdm16TraditionalMiningTest" time="0.034"/>
  <testcase name="testGenericDesqDataset[Icdm16TraditionalMiningTest-DesqCount-tfff-5-1-1-true-]" classname="de.uni_mannheim.desq.mining.spark.Icdm16TraditionalMiningTest" time="0.037"/>
  <testcase name="testDesqDataset[Icdm16TraditionalMiningTest-DesqCount-tfff-5-1-3-false-]" classname="de.uni_mannheim.desq.mining.spark.Icdm16TraditionalMiningTest" time="0.048"/>
  <testcase name="testGenericDesqDataset[Icdm16TraditionalMiningTest-DesqCount-tfff-5-1-3-false-]" classname="de.uni_mannheim.desq.mining.spark.Icdm16TraditionalMiningTest" time="0.042"/>
  <testcase name="testDesqDataset[Icdm16TraditionalMiningTest-DesqCount-tfff-5-1-3-true-]" classname="de.uni_mannheim.desq.mining.spark.Icdm16TraditionalMiningTest" time="0.03"/>
  <testcase name="testGenericDesqDataset[Icdm16TraditionalMiningTest-DesqCount-tfff-5-1-3-true-]" classname="de.uni_mannheim.desq.mining.spark.Icdm16TraditionalMiningTest" time="0.036"/>
  <testcase name="testDesqDataset[Icdm16TraditionalMiningTest-DesqCount-tfff-5-1-5-false-]" classname="de.uni_mannheim.desq.mining.spark.Icdm16TraditionalMiningTest" time="0.039"/>
  <testcase name="testGenericDesqDataset[Icdm16TraditionalMiningTest-DesqCount-tfff-5-1-5-false-]" classname="de.uni_mannheim.desq.mining.spark.Icdm16TraditionalMiningTest" time="0.033"/>
  <testcase name="testDesqDataset[Icdm16TraditionalMiningTest-DesqCount-tfff-5-1-5-true-]" classname="de.uni_mannheim.desq.mining.spark.Icdm16TraditionalMiningTest" time="0.042"/>
  <testcase name="testGenericDesqDataset[Icdm16TraditionalMiningTest-DesqCount-tfff-5-1-5-true-]" classname="de.uni_mannheim.desq.mining.spark.Icdm16TraditionalMiningTest" time="0.045"/>
  <testcase name="testDesqDataset[Icdm16TraditionalMiningTest-DesqCount-tfff-5-1-7-false-]" classname="de.uni_mannheim.desq.mining.spark.Icdm16TraditionalMiningTest" time="0.029"/>
  <testcase name="testGenericDesqDataset[Icdm16TraditionalMiningTest-DesqCount-tfff-5-1-7-false-]" classname="de.uni_mannheim.desq.mining.spark.Icdm16TraditionalMiningTest" time="0.021"/>
  <testcase name="testDesqDataset[Icdm16TraditionalMiningTest-DesqCount-tfff-5-1-7-true-]" classname="de.uni_mannheim.desq.mining.spark.Icdm16TraditionalMiningTest" time="0.027"/>
  <testcase name="testGenericDesqDataset[Icdm16TraditionalMiningTest-DesqCount-tfff-5-1-7-true-]" classname="de.uni_mannheim.desq.mining.spark.Icdm16TraditionalMiningTest" time="0.032"/>
  <testcase name="testDesqDataset[Icdm16TraditionalMiningTest-DesqCount-tfff-5-2-1-false-]" classname="de.uni_mannheim.desq.mining.spark.Icdm16TraditionalMiningTest" time="0.03"/>
  <testcase name="testGenericDesqDataset[Icdm16TraditionalMiningTest-DesqCount-tfff-5-2-1-false-]" classname="de.uni_mannheim.desq.mining.spark.Icdm16TraditionalMiningTest" time="0.03"/>
  <testcase name="testDesqDataset[Icdm16TraditionalMiningTest-DesqCount-tfff-5-2-1-true-]" classname="de.uni_mannheim.desq.mining.spark.Icdm16TraditionalMiningTest" time="0.025"/>
  <testcase name="testGenericDesqDataset[Icdm16TraditionalMiningTest-DesqCount-tfff-5-2-1-true-]" classname="de.uni_mannheim.desq.mining.spark.Icdm16TraditionalMiningTest" time="0.039"/>
  <testcase name="testDesqDataset[Icdm16TraditionalMiningTest-DesqCount-tfff-5-2-3-false-]" classname="de.uni_mannheim.desq.mining.spark.Icdm16TraditionalMiningTest" time="0.038"/>
  <testcase name="testGenericDesqDataset[Icdm16TraditionalMiningTest-DesqCount-tfff-5-2-3-false-]" classname="de.uni_mannheim.desq.mining.spark.Icdm16TraditionalMiningTest" time="0.037"/>
  <testcase name="testDesqDataset[Icdm16TraditionalMiningTest-DesqCount-tfff-5-2-3-true-]" classname="de.uni_mannheim.desq.mining.spark.Icdm16TraditionalMiningTest" time="0.023"/>
  <testcase name="testGenericDesqDataset[Icdm16TraditionalMiningTest-DesqCount-tfff-5-2-3-true-]" classname="de.uni_mannheim.desq.mining.spark.Icdm16TraditionalMiningTest" time="0.026"/>
  <testcase name="testDesqDataset[Icdm16TraditionalMiningTest-DesqCount-tfff-5-2-5-false-]" classname="de.uni_mannheim.desq.mining.spark.Icdm16TraditionalMiningTest" time="0.038"/>
  <testcase name="testGenericDesqDataset[Icdm16TraditionalMiningTest-DesqCount-tfff-5-2-5-false-]" classname="de.uni_mannheim.desq.mining.spark.Icdm16TraditionalMiningTest" time="0.037"/>
  <testcase name="testDesqDataset[Icdm16TraditionalMiningTest-DesqCount-tfff-5-2-5-true-]" classname="de.uni_mannheim.desq.mining.spark.Icdm16TraditionalMiningTest" time="0.044"/>
  <testcase name="testGenericDesqDataset[Icdm16TraditionalMiningTest-DesqCount-tfff-5-2-5-true-]" classname="de.uni_mannheim.desq.mining.spark.Icdm16TraditionalMiningTest" time="0.038"/>
  <testcase name="testDesqDataset[Icdm16TraditionalMiningTest-DesqCount-tfff-5-2-7-false-]" classname="de.uni_mannheim.desq.mining.spark.Icdm16TraditionalMiningTest" time="0.038"/>
  <testcase name="testGenericDesqDataset[Icdm16TraditionalMiningTest-DesqCount-tfff-5-2-7-false-]" classname="de.uni_mannheim.desq.mining.spark.Icdm16TraditionalMiningTest" time="0.042"/>
  <testcase name="testDesqDataset[Icdm16TraditionalMiningTest-DesqCount-tfff-5-2-7-true-]" classname="de.uni_mannheim.desq.mining.spark.Icdm16TraditionalMiningTest" time="0.042"/>
  <testcase name="testGenericDesqDataset[Icdm16TraditionalMiningTest-DesqCount-tfff-5-2-7-true-]" classname="de.uni_mannheim.desq.mining.spark.Icdm16TraditionalMiningTest" time="0.044"/>
  <testcase name="testDesqDataset[Icdm16TraditionalMiningTest-DesqCount-tfff-7-0-1-false-]" classname="de.uni_mannheim.desq.mining.spark.Icdm16TraditionalMiningTest" time="0.041"/>
  <testcase name="testGenericDesqDataset[Icdm16TraditionalMiningTest-DesqCount-tfff-7-0-1-false-]" classname="de.uni_mannheim.desq.mining.spark.Icdm16TraditionalMiningTest" time="0.03"/>
  <testcase name="testDesqDataset[Icdm16TraditionalMiningTest-DesqCount-tfff-7-0-1-true-]" classname="de.uni_mannheim.desq.mining.spark.Icdm16TraditionalMiningTest" time="0.028"/>
  <testcase name="testGenericDesqDataset[Icdm16TraditionalMiningTest-DesqCount-tfff-7-0-1-true-]" classname="de.uni_mannheim.desq.mining.spark.Icdm16TraditionalMiningTest" time="0.023"/>
  <testcase name="testDesqDataset[Icdm16TraditionalMiningTest-DesqCount-tfff-7-0-3-false-]" classname="de.uni_mannheim.desq.mining.spark.Icdm16TraditionalMiningTest" time="0.027"/>
  <testcase name="testGenericDesqDataset[Icdm16TraditionalMiningTest-DesqCount-tfff-7-0-3-false-]" classname="de.uni_mannheim.desq.mining.spark.Icdm16TraditionalMiningTest" time="0.03"/>
  <testcase name="testDesqDataset[Icdm16TraditionalMiningTest-DesqCount-tfff-7-0-3-true-]" classname="de.uni_mannheim.desq.mining.spark.Icdm16TraditionalMiningTest" time="0.034"/>
  <testcase name="testGenericDesqDataset[Icdm16TraditionalMiningTest-DesqCount-tfff-7-0-3-true-]" classname="de.uni_mannheim.desq.mining.spark.Icdm16TraditionalMiningTest" time="0.028"/>
  <testcase name="testDesqDataset[Icdm16TraditionalMiningTest-DesqCount-tfff-7-0-5-false-]" classname="de.uni_mannheim.desq.mining.spark.Icdm16TraditionalMiningTest" time="0.025"/>
  <testcase name="testGenericDesqDataset[Icdm16TraditionalMiningTest-DesqCount-tfff-7-0-5-false-]" classname="de.uni_mannheim.desq.mining.spark.Icdm16TraditionalMiningTest" time="0.031"/>
  <testcase name="testDesqDataset[Icdm16TraditionalMiningTest-DesqCount-tfff-7-0-5-true-]" classname="de.uni_mannheim.desq.mining.spark.Icdm16TraditionalMiningTest" time="0.026"/>
  <testcase name="testGenericDesqDataset[Icdm16TraditionalMiningTest-DesqCount-tfff-7-0-5-true-]" classname="de.uni_mannheim.desq.mining.spark.Icdm16TraditionalMiningTest" time="0.03"/>
  <testcase name="testDesqDataset[Icdm16TraditionalMiningTest-DesqCount-tfff-7-0-7-false-]" classname="de.uni_mannheim.desq.mining.spark.Icdm16TraditionalMiningTest" time="0.033"/>
  <testcase name="testGenericDesqDataset[Icdm16TraditionalMiningTest-DesqCount-tfff-7-0-7-false-]" classname="de.uni_mannheim.desq.mining.spark.Icdm16TraditionalMiningTest" time="0.025"/>
  <testcase name="testDesqDataset[Icdm16TraditionalMiningTest-DesqCount-tfff-7-0-7-true-]" classname="de.uni_mannheim.desq.mining.spark.Icdm16TraditionalMiningTest" time="0.029"/>
  <testcase name="testGenericDesqDataset[Icdm16TraditionalMiningTest-DesqCount-tfff-7-0-7-true-]" classname="de.uni_mannheim.desq.mining.spark.Icdm16TraditionalMiningTest" time="0.031"/>
  <testcase name="testDesqDataset[Icdm16TraditionalMiningTest-DesqCount-tfff-7-1-1-false-]" classname="de.uni_mannheim.desq.mining.spark.Icdm16TraditionalMiningTest" time="0.035"/>
  <testcase name="testGenericDesqDataset[Icdm16TraditionalMiningTest-DesqCount-tfff-7-1-1-false-]" classname="de.uni_mannheim.desq.mining.spark.Icdm16TraditionalMiningTest" time="0.027"/>
  <testcase name="testDesqDataset[Icdm16TraditionalMiningTest-DesqCount-tfff-7-1-1-true-]" classname="de.uni_mannheim.desq.mining.spark.Icdm16TraditionalMiningTest" time="0.027"/>
  <testcase name="testGenericDesqDataset[Icdm16TraditionalMiningTest-DesqCount-tfff-7-1-1-true-]" classname="de.uni_mannheim.desq.mining.spark.Icdm16TraditionalMiningTest" time="0.029"/>
  <testcase name="testDesqDataset[Icdm16TraditionalMiningTest-DesqCount-tfff-7-1-3-false-]" classname="de.uni_mannheim.desq.mining.spark.Icdm16TraditionalMiningTest" time="0.026"/>
  <testcase name="testGenericDesqDataset[Icdm16TraditionalMiningTest-DesqCount-tfff-7-1-3-false-]" classname="de.uni_mannheim.desq.mining.spark.Icdm16TraditionalMiningTest" time="0.026"/>
  <testcase name="testDesqDataset[Icdm16TraditionalMiningTest-DesqCount-tfff-7-1-3-true-]" classname="de.uni_mannheim.desq.mining.spark.Icdm16TraditionalMiningTest" time="0.028"/>
  <testcase name="testGenericDesqDataset[Icdm16TraditionalMiningTest-DesqCount-tfff-7-1-3-true-]" classname="de.uni_mannheim.desq.mining.spark.Icdm16TraditionalMiningTest" time="0.032"/>
  <testcase name="testDesqDataset[Icdm16TraditionalMiningTest-DesqCount-tfff-7-1-5-false-]" classname="de.uni_mannheim.desq.mining.spark.Icdm16TraditionalMiningTest" time="0.023"/>
  <testcase name="testGenericDesqDataset[Icdm16TraditionalMiningTest-DesqCount-tfff-7-1-5-false-]" classname="de.uni_mannheim.desq.mining.spark.Icdm16TraditionalMiningTest" time="0.025"/>
  <testcase name="testDesqDataset[Icdm16TraditionalMiningTest-DesqCount-tfff-7-1-5-true-]" classname="de.uni_mannheim.desq.mining.spark.Icdm16TraditionalMiningTest" time="0.025"/>
  <testcase name="testGenericDesqDataset[Icdm16TraditionalMiningTest-DesqCount-tfff-7-1-5-true-]" classname="de.uni_mannheim.desq.mining.spark.Icdm16TraditionalMiningTest" time="0.025"/>
  <testcase name="testDesqDataset[Icdm16TraditionalMiningTest-DesqCount-tfff-7-1-7-false-]" classname="de.uni_mannheim.desq.mining.spark.Icdm16TraditionalMiningTest" time="0.029"/>
  <testcase name="testGenericDesqDataset[Icdm16TraditionalMiningTest-DesqCount-tfff-7-1-7-false-]" classname="de.uni_mannheim.desq.mining.spark.Icdm16TraditionalMiningTest" time="0.033"/>
  <testcase name="testDesqDataset[Icdm16TraditionalMiningTest-DesqCount-tfff-7-1-7-true-]" classname="de.uni_mannheim.desq.mining.spark.Icdm16TraditionalMiningTest" time="0.032"/>
  <testcase name="testGenericDesqDataset[Icdm16TraditionalMiningTest-DesqCount-tfff-7-1-7-true-]" classname="de.uni_mannheim.desq.mining.spark.Icdm16TraditionalMiningTest" time="0.031"/>
  <testcase name="testDesqDataset[Icdm16TraditionalMiningTest-DesqCount-tfff-7-2-1-false-]" classname="de.uni_mannheim.desq.mining.spark.Icdm16TraditionalMiningTest" time="0.03"/>
  <testcase name="testGenericDesqDataset[Icdm16TraditionalMiningTest-DesqCount-tfff-7-2-1-false-]" classname="de.uni_mannheim.desq.mining.spark.Icdm16TraditionalMiningTest" time="0.036"/>
  <testcase name="testDesqDataset[Icdm16TraditionalMiningTest-DesqCount-tfff-7-2-1-true-]" classname="de.uni_mannheim.desq.mining.spark.Icdm16TraditionalMiningTest" time="0.03"/>
  <testcase name="testGenericDesqDataset[Icdm16TraditionalMiningTest-DesqCount-tfff-7-2-1-true-]" classname="de.uni_mannheim.desq.mining.spark.Icdm16TraditionalMiningTest" time="0.026"/>
  <testcase name="testDesqDataset[Icdm16TraditionalMiningTest-DesqCount-tfff-7-2-3-false-]" classname="de.uni_mannheim.desq.mining.spark.Icdm16TraditionalMiningTest" time="0.028"/>
  <testcase name="testGenericDesqDataset[Icdm16TraditionalMiningTest-DesqCount-tfff-7-2-3-false-]" classname="de.uni_mannheim.desq.mining.spark.Icdm16TraditionalMiningTest" time="0.031"/>
  <testcase name="testDesqDataset[Icdm16TraditionalMiningTest-DesqCount-tfff-7-2-3-true-]" classname="de.uni_mannheim.desq.mining.spark.Icdm16TraditionalMiningTest" time="0.023"/>
  <testcase name="testGenericDesqDataset[Icdm16TraditionalMiningTest-DesqCount-tfff-7-2-3-true-]" classname="de.uni_mannheim.desq.mining.spark.Icdm16TraditionalMiningTest" time="0.028"/>
  <testcase name="testDesqDataset[Icdm16TraditionalMiningTest-DesqCount-tfff-7-2-5-false-]" classname="de.uni_mannheim.desq.mining.spark.Icdm16TraditionalMiningTest" time="0.031"/>
  <testcase name="testGenericDesqDataset[Icdm16TraditionalMiningTest-DesqCount-tfff-7-2-5-false-]" classname="de.uni_mannheim.desq.mining.spark.Icdm16TraditionalMiningTest" time="0.028"/>
  <testcase name="testDesqDataset[Icdm16TraditionalMiningTest-DesqCount-tfff-7-2-5-true-]" classname="de.uni_mannheim.desq.mining.spark.Icdm16TraditionalMiningTest" time="0.023"/>
  <testcase name="testGenericDesqDataset[Icdm16TraditionalMiningTest-DesqCount-tfff-7-2-5-true-]" classname="de.uni_mannheim.desq.mining.spark.Icdm16TraditionalMiningTest" time="0.03"/>
  <testcase name="testDesqDataset[Icdm16TraditionalMiningTest-DesqCount-tfff-7-2-7-false-]" classname="de.uni_mannheim.desq.mining.spark.Icdm16TraditionalMiningTest" time="0.027"/>
  <testcase name="testGenericDesqDataset[Icdm16TraditionalMiningTest-DesqCount-tfff-7-2-7-false-]" classname="de.uni_mannheim.desq.mining.spark.Icdm16TraditionalMiningTest" time="0.097"/>
  <testcase name="testDesqDataset[Icdm16TraditionalMiningTest-DesqCount-tfff-7-2-7-true-]" classname="de.uni_mannheim.desq.mining.spark.Icdm16TraditionalMiningTest" time="0.026"/>
  <testcase name="testGenericDesqDataset[Icdm16TraditionalMiningTest-DesqCount-tfff-7-2-7-true-]" classname="de.uni_mannheim.desq.mining.spark.Icdm16TraditionalMiningTest" time="0.023"/>
  <testcase name="testDesqDataset[Icdm16TraditionalMiningTest-DesqCount-ttff-1-0-1-false-]" classname="de.uni_mannheim.desq.mining.spark.Icdm16TraditionalMiningTest" time="0.029"/>
  <testcase name="testDesqDataset[Icdm16TraditionalMiningTest-DesqCount-ttff-1-0-1-false-]" classname="de.uni_mannheim.desq.mining.spark.Icdm16TraditionalMiningTest" time="0.03"/>
  <testcase name="testGenericDesqDataset[Icdm16TraditionalMiningTest-DesqCount-ttff-1-0-1-false-]" classname="de.uni_mannheim.desq.mining.spark.Icdm16TraditionalMiningTest" time="0.035"/>
  <testcase name="testGenericDesqDataset[Icdm16TraditionalMiningTest-DesqCount-ttff-1-0-1-false-]" classname="de.uni_mannheim.desq.mining.spark.Icdm16TraditionalMiningTest" time="0.033"/>
  <testcase name="testDesqDataset[Icdm16TraditionalMiningTest-DesqCount-ttff-1-0-1-true-]" classname="de.uni_mannheim.desq.mining.spark.Icdm16TraditionalMiningTest" time="0.208"/>
  <testcase name="testDesqDataset[Icdm16TraditionalMiningTest-DesqCount-ttff-1-0-1-true-]" classname="de.uni_mannheim.desq.mining.spark.Icdm16TraditionalMiningTest" time="0.121"/>
  <testcase name="testGenericDesqDataset[Icdm16TraditionalMiningTest-DesqCount-ttff-1-0-1-true-]" classname="de.uni_mannheim.desq.mining.spark.Icdm16TraditionalMiningTest" time="0.109"/>
  <testcase name="testGenericDesqDataset[Icdm16TraditionalMiningTest-DesqCount-ttff-1-0-1-true-]" classname="de.uni_mannheim.desq.mining.spark.Icdm16TraditionalMiningTest" time="0.046"/>
  <testcase name="testDesqDataset[Icdm16TraditionalMiningTest-DesqCount-ttff-1-0-3-false-]" classname="de.uni_mannheim.desq.mining.spark.Icdm16TraditionalMiningTest" time="0.068"/>
  <testcase name="testDesqDataset[Icdm16TraditionalMiningTest-DesqCount-ttff-1-0-3-false-]" classname="de.uni_mannheim.desq.mining.spark.Icdm16TraditionalMiningTest" time="0.108"/>
  <testcase name="testGenericDesqDataset[Icdm16TraditionalMiningTest-DesqCount-ttff-1-0-3-false-]" classname="de.uni_mannheim.desq.mining.spark.Icdm16TraditionalMiningTest" time="0.087"/>
  <testcase name="testGenericDesqDataset[Icdm16TraditionalMiningTest-DesqCount-ttff-1-0-3-false-]" classname="de.uni_mannheim.desq.mining.spark.Icdm16TraditionalMiningTest" time="0.072"/>
  <testcase name="testDesqDataset[Icdm16TraditionalMiningTest-DesqCount-ttff-1-0-3-true-]" classname="de.uni_mannheim.desq.mining.spark.Icdm16TraditionalMiningTest" time="0.069"/>
  <testcase name="testDesqDataset[Icdm16TraditionalMiningTest-DesqCount-ttff-1-0-3-true-]" classname="de.uni_mannheim.desq.mining.spark.Icdm16TraditionalMiningTest" time="0.05"/>
  <testcase name="testGenericDesqDataset[Icdm16TraditionalMiningTest-DesqCount-ttff-1-0-3-true-]" classname="de.uni_mannheim.desq.mining.spark.Icdm16TraditionalMiningTest" time="0.224"/>
  <testcase name="testGenericDesqDataset[Icdm16TraditionalMiningTest-DesqCount-ttff-1-0-3-true-]" classname="de.uni_mannheim.desq.mining.spark.Icdm16TraditionalMiningTest" time="0.053"/>
  <testcase name="testDesqDataset[Icdm16TraditionalMiningTest-DesqCount-ttff-1-0-5-false-]" classname="de.uni_mannheim.desq.mining.spark.Icdm16TraditionalMiningTest" time="0.029"/>
  <testcase name="testDesqDataset[Icdm16TraditionalMiningTest-DesqCount-ttff-1-0-5-false-]" classname="de.uni_mannheim.desq.mining.spark.Icdm16TraditionalMiningTest" time="0.022"/>
  <testcase name="testGenericDesqDataset[Icdm16TraditionalMiningTest-DesqCount-ttff-1-0-5-false-]" classname="de.uni_mannheim.desq.mining.spark.Icdm16TraditionalMiningTest" time="0.031"/>
  <testcase name="testGenericDesqDataset[Icdm16TraditionalMiningTest-DesqCount-ttff-1-0-5-false-]" classname="de.uni_mannheim.desq.mining.spark.Icdm16TraditionalMiningTest" time="0.033"/>
  <testcase name="testDesqDataset[Icdm16TraditionalMiningTest-DesqCount-ttff-1-0-5-true-]" classname="de.uni_mannheim.desq.mining.spark.Icdm16TraditionalMiningTest" time="0.047"/>
  <testcase name="testDesqDataset[Icdm16TraditionalMiningTest-DesqCount-ttff-1-0-5-true-]" classname="de.uni_mannheim.desq.mining.spark.Icdm16TraditionalMiningTest" time="0.095"/>
  <testcase name="testGenericDesqDataset[Icdm16TraditionalMiningTest-DesqCount-ttff-1-0-5-true-]" classname="de.uni_mannheim.desq.mining.spark.Icdm16TraditionalMiningTest" time="0.048"/>
  <testcase name="testGenericDesqDataset[Icdm16TraditionalMiningTest-DesqCount-ttff-1-0-5-true-]" classname="de.uni_mannheim.desq.mining.spark.Icdm16TraditionalMiningTest" time="0.036"/>
  <testcase name="testDesqDataset[Icdm16TraditionalMiningTest-DesqCount-ttff-1-0-7-false-]" classname="de.uni_mannheim.desq.mining.spark.Icdm16TraditionalMiningTest" time="0.042"/>
  <testcase name="testDesqDataset[Icdm16TraditionalMiningTest-DesqCount-ttff-1-0-7-false-]" classname="de.uni_mannheim.desq.mining.spark.Icdm16TraditionalMiningTest" time="0.041"/>
  <testcase name="testGenericDesqDataset[Icdm16TraditionalMiningTest-DesqCount-ttff-1-0-7-false-]" classname="de.uni_mannheim.desq.mining.spark.Icdm16TraditionalMiningTest" time="0.043"/>
  <testcase name="testGenericDesqDataset[Icdm16TraditionalMiningTest-DesqCount-ttff-1-0-7-false-]" classname="de.uni_mannheim.desq.mining.spark.Icdm16TraditionalMiningTest" time="0.05"/>
  <testcase name="testDesqDataset[Icdm16TraditionalMiningTest-DesqCount-ttff-1-0-7-true-]" classname="de.uni_mannheim.desq.mining.spark.Icdm16TraditionalMiningTest" time="0.067"/>
  <testcase name="testDesqDataset[Icdm16TraditionalMiningTest-DesqCount-ttff-1-0-7-true-]" classname="de.uni_mannheim.desq.mining.spark.Icdm16TraditionalMiningTest" time="0.068"/>
  <testcase name="testGenericDesqDataset[Icdm16TraditionalMiningTest-DesqCount-ttff-1-0-7-true-]" classname="de.uni_mannheim.desq.mining.spark.Icdm16TraditionalMiningTest" time="0.068"/>
  <testcase name="testGenericDesqDataset[Icdm16TraditionalMiningTest-DesqCount-ttff-1-0-7-true-]" classname="de.uni_mannheim.desq.mining.spark.Icdm16TraditionalMiningTest" time="0.052"/>
  <testcase name="testDesqDataset[Icdm16TraditionalMiningTest-DesqCount-ttff-1-1-1-false-]" classname="de.uni_mannheim.desq.mining.spark.Icdm16TraditionalMiningTest" time="0.019"/>
  <testcase name="testDesqDataset[Icdm16TraditionalMiningTest-DesqCount-ttff-1-1-1-false-]" classname="de.uni_mannheim.desq.mining.spark.Icdm16TraditionalMiningTest" time="0.041"/>
  <testcase name="testGenericDesqDataset[Icdm16TraditionalMiningTest-DesqCount-ttff-1-1-1-false-]" classname="de.uni_mannheim.desq.mining.spark.Icdm16TraditionalMiningTest" time="0.026"/>
  <testcase name="testGenericDesqDataset[Icdm16TraditionalMiningTest-DesqCount-ttff-1-1-1-false-]" classname="de.uni_mannheim.desq.mining.spark.Icdm16TraditionalMiningTest" time="0.032"/>
  <testcase name="testDesqDataset[Icdm16TraditionalMiningTest-DesqCount-ttff-1-1-1-true-]" classname="de.uni_mannheim.desq.mining.spark.Icdm16TraditionalMiningTest" time="0.04"/>
  <testcase name="testDesqDataset[Icdm16TraditionalMiningTest-DesqCount-ttff-1-1-1-true-]" classname="de.uni_mannheim.desq.mining.spark.Icdm16TraditionalMiningTest" time="0.15"/>
  <testcase name="testGenericDesqDataset[Icdm16TraditionalMiningTest-DesqCount-ttff-1-1-1-true-]" classname="de.uni_mannheim.desq.mining.spark.Icdm16TraditionalMiningTest" time="0.036"/>
  <testcase name="testGenericDesqDataset[Icdm16TraditionalMiningTest-DesqCount-ttff-1-1-1-true-]" classname="de.uni_mannheim.desq.mining.spark.Icdm16TraditionalMiningTest" time="0.046"/>
  <testcase name="testDesqDataset[Icdm16TraditionalMiningTest-DesqCount-ttff-1-1-3-false-]" classname="de.uni_mannheim.desq.mining.spark.Icdm16TraditionalMiningTest" time="0.036"/>
  <testcase name="testDesqDataset[Icdm16TraditionalMiningTest-DesqCount-ttff-1-1-3-false-]" classname="de.uni_mannheim.desq.mining.spark.Icdm16TraditionalMiningTest" time="0.036"/>
  <testcase name="testGenericDesqDataset[Icdm16TraditionalMiningTest-DesqCount-ttff-1-1-3-false-]" classname="de.uni_mannheim.desq.mining.spark.Icdm16TraditionalMiningTest" time="0.041"/>
  <testcase name="testGenericDesqDataset[Icdm16TraditionalMiningTest-DesqCount-ttff-1-1-3-false-]" classname="de.uni_mannheim.desq.mining.spark.Icdm16TraditionalMiningTest" time="0.045"/>
  <testcase name="testDesqDataset[Icdm16TraditionalMiningTest-DesqCount-ttff-1-1-3-true-]" classname="de.uni_mannheim.desq.mining.spark.Icdm16TraditionalMiningTest" time="0.054"/>
  <testcase name="testDesqDataset[Icdm16TraditionalMiningTest-DesqCount-ttff-1-1-3-true-]" classname="de.uni_mannheim.desq.mining.spark.Icdm16TraditionalMiningTest" time="0.042"/>
  <testcase name="testGenericDesqDataset[Icdm16TraditionalMiningTest-DesqCount-ttff-1-1-3-true-]" classname="de.uni_mannheim.desq.mining.spark.Icdm16TraditionalMiningTest" time="0.133"/>
  <testcase name="testGenericDesqDataset[Icdm16TraditionalMiningTest-DesqCount-ttff-1-1-3-true-]" classname="de.uni_mannheim.desq.mining.spark.Icdm16TraditionalMiningTest" time="0.042"/>
  <testcase name="testDesqDataset[Icdm16TraditionalMiningTest-DesqCount-ttff-1-1-5-false-]" classname="de.uni_mannheim.desq.mining.spark.Icdm16TraditionalMiningTest" time="0.044"/>
  <testcase name="testDesqDataset[Icdm16TraditionalMiningTest-DesqCount-ttff-1-1-5-false-]" classname="de.uni_mannheim.desq.mining.spark.Icdm16TraditionalMiningTest" time="0.054"/>
  <testcase name="testGenericDesqDataset[Icdm16TraditionalMiningTest-DesqCount-ttff-1-1-5-false-]" classname="de.uni_mannheim.desq.mining.spark.Icdm16TraditionalMiningTest" time="0.046"/>
  <testcase name="testGenericDesqDataset[Icdm16TraditionalMiningTest-DesqCount-ttff-1-1-5-false-]" classname="de.uni_mannheim.desq.mining.spark.Icdm16TraditionalMiningTest" time="0.042"/>
  <testcase name="testDesqDataset[Icdm16TraditionalMiningTest-DesqCount-ttff-1-1-5-true-]" classname="de.uni_mannheim.desq.mining.spark.Icdm16TraditionalMiningTest" time="0.164"/>
  <testcase name="testDesqDataset[Icdm16TraditionalMiningTest-DesqCount-ttff-1-1-5-true-]" classname="de.uni_mannheim.desq.mining.spark.Icdm16TraditionalMiningTest" time="0.217"/>
  <testcase name="testGenericDesqDataset[Icdm16TraditionalMiningTest-DesqCount-ttff-1-1-5-true-]" classname="de.uni_mannheim.desq.mining.spark.Icdm16TraditionalMiningTest" time="0.213"/>
  <testcase name="testGenericDesqDataset[Icdm16TraditionalMiningTest-DesqCount-ttff-1-1-5-true-]" classname="de.uni_mannheim.desq.mining.spark.Icdm16TraditionalMiningTest" time="0.079"/>
  <testcase name="testDesqDataset[Icdm16TraditionalMiningTest-DesqCount-ttff-1-1-7-false-]" classname="de.uni_mannheim.desq.mining.spark.Icdm16TraditionalMiningTest" time="0.03"/>
  <testcase name="testDesqDataset[Icdm16TraditionalMiningTest-DesqCount-ttff-1-1-7-false-]" classname="de.uni_mannheim.desq.mining.spark.Icdm16TraditionalMiningTest" time="0.041"/>
  <testcase name="testGenericDesqDataset[Icdm16TraditionalMiningTest-DesqCount-ttff-1-1-7-false-]" classname="de.uni_mannheim.desq.mining.spark.Icdm16TraditionalMiningTest" time="0.038"/>
  <testcase name="testGenericDesqDataset[Icdm16TraditionalMiningTest-DesqCount-ttff-1-1-7-false-]" classname="de.uni_mannheim.desq.mining.spark.Icdm16TraditionalMiningTest" time="0.067"/>
  <testcase name="testDesqDataset[Icdm16TraditionalMiningTest-DesqCount-ttff-1-1-7-true-]" classname="de.uni_mannheim.desq.mining.spark.Icdm16TraditionalMiningTest" time="0.072"/>
  <testcase name="testDesqDataset[Icdm16TraditionalMiningTest-DesqCount-ttff-1-1-7-true-]" classname="de.uni_mannheim.desq.mining.spark.Icdm16TraditionalMiningTest" time="0.058"/>
  <testcase name="testGenericDesqDataset[Icdm16TraditionalMiningTest-DesqCount-ttff-1-1-7-true-]" classname="de.uni_mannheim.desq.mining.spark.Icdm16TraditionalMiningTest" time="0.06"/>
  <testcase name="testGenericDesqDataset[Icdm16TraditionalMiningTest-DesqCount-ttff-1-1-7-true-]" classname="de.uni_mannheim.desq.mining.spark.Icdm16TraditionalMiningTest" time="0.045"/>
  <testcase name="testDesqDataset[Icdm16TraditionalMiningTest-DesqCount-ttff-1-2-1-false-]" classname="de.uni_mannheim.desq.mining.spark.Icdm16TraditionalMiningTest" time="0.03"/>
  <testcase name="testDesqDataset[Icdm16TraditionalMiningTest-DesqCount-ttff-1-2-1-false-]" classname="de.uni_mannheim.desq.mining.spark.Icdm16TraditionalMiningTest" time="0.027"/>
  <testcase name="testGenericDesqDataset[Icdm16TraditionalMiningTest-DesqCount-ttff-1-2-1-false-]" classname="de.uni_mannheim.desq.mining.spark.Icdm16TraditionalMiningTest" time="0.031"/>
  <testcase name="testGenericDesqDataset[Icdm16TraditionalMiningTest-DesqCount-ttff-1-2-1-false-]" classname="de.uni_mannheim.desq.mining.spark.Icdm16TraditionalMiningTest" time="0.03"/>
  <testcase name="testDesqDataset[Icdm16TraditionalMiningTest-DesqCount-ttff-1-2-1-true-]" classname="de.uni_mannheim.desq.mining.spark.Icdm16TraditionalMiningTest" time="0.042"/>
  <testcase name="testDesqDataset[Icdm16TraditionalMiningTest-DesqCount-ttff-1-2-1-true-]" classname="de.uni_mannheim.desq.mining.spark.Icdm16TraditionalMiningTest" time="0.041"/>
  <testcase name="testGenericDesqDataset[Icdm16TraditionalMiningTest-DesqCount-ttff-1-2-1-true-]" classname="de.uni_mannheim.desq.mining.spark.Icdm16TraditionalMiningTest" time="0.036"/>
  <testcase name="testGenericDesqDataset[Icdm16TraditionalMiningTest-DesqCount-ttff-1-2-1-true-]" classname="de.uni_mannheim.desq.mining.spark.Icdm16TraditionalMiningTest" time="0.037"/>
  <testcase name="testDesqDataset[Icdm16TraditionalMiningTest-DesqCount-ttff-1-2-3-false-]" classname="de.uni_mannheim.desq.mining.spark.Icdm16TraditionalMiningTest" time="0.039"/>
  <testcase name="testDesqDataset[Icdm16TraditionalMiningTest-DesqCount-ttff-1-2-3-false-]" classname="de.uni_mannheim.desq.mining.spark.Icdm16TraditionalMiningTest" time="0.039"/>
  <testcase name="testGenericDesqDataset[Icdm16TraditionalMiningTest-DesqCount-ttff-1-2-3-false-]" classname="de.uni_mannheim.desq.mining.spark.Icdm16TraditionalMiningTest" time="0.04"/>
  <testcase name="testGenericDesqDataset[Icdm16TraditionalMiningTest-DesqCount-ttff-1-2-3-false-]" classname="de.uni_mannheim.desq.mining.spark.Icdm16TraditionalMiningTest" time="0.039"/>
  <testcase name="testDesqDataset[Icdm16TraditionalMiningTest-DesqCount-ttff-1-2-3-true-]" classname="de.uni_mannheim.desq.mining.spark.Icdm16TraditionalMiningTest" time="0.043"/>
  <testcase name="testDesqDataset[Icdm16TraditionalMiningTest-DesqCount-ttff-1-2-3-true-]" classname="de.uni_mannheim.desq.mining.spark.Icdm16TraditionalMiningTest" time="0.043"/>
  <testcase name="testGenericDesqDataset[Icdm16TraditionalMiningTest-DesqCount-ttff-1-2-3-true-]" classname="de.uni_mannheim.desq.mining.spark.Icdm16TraditionalMiningTest" time="0.035"/>
  <testcase name="testGenericDesqDataset[Icdm16TraditionalMiningTest-DesqCount-ttff-1-2-3-true-]" classname="de.uni_mannheim.desq.mining.spark.Icdm16TraditionalMiningTest" time="0.043"/>
  <testcase name="testDesqDataset[Icdm16TraditionalMiningTest-DesqCount-ttff-1-2-5-false-]" classname="de.uni_mannheim.desq.mining.spark.Icdm16TraditionalMiningTest" time="0.045"/>
  <testcase name="testDesqDataset[Icdm16TraditionalMiningTest-DesqCount-ttff-1-2-5-false-]" classname="de.uni_mannheim.desq.mining.spark.Icdm16TraditionalMiningTest" time="0.044"/>
  <testcase name="testGenericDesqDataset[Icdm16TraditionalMiningTest-DesqCount-ttff-1-2-5-false-]" classname="de.uni_mannheim.desq.mining.spark.Icdm16TraditionalMiningTest" time="0.031"/>
  <testcase name="testGenericDesqDataset[Icdm16TraditionalMiningTest-DesqCount-ttff-1-2-5-false-]" classname="de.uni_mannheim.desq.mining.spark.Icdm16TraditionalMiningTest" time="0.048"/>
  <testcase name="testDesqDataset[Icdm16TraditionalMiningTest-DesqCount-ttff-1-2-5-true-]" classname="de.uni_mannheim.desq.mining.spark.Icdm16TraditionalMiningTest" time="0.064"/>
  <testcase name="testDesqDataset[Icdm16TraditionalMiningTest-DesqCount-ttff-1-2-5-true-]" classname="de.uni_mannheim.desq.mining.spark.Icdm16TraditionalMiningTest" time="0.076"/>
  <testcase name="testGenericDesqDataset[Icdm16TraditionalMiningTest-DesqCount-ttff-1-2-5-true-]" classname="de.uni_mannheim.desq.mining.spark.Icdm16TraditionalMiningTest" time="0.063"/>
  <testcase name="testGenericDesqDataset[Icdm16TraditionalMiningTest-DesqCount-ttff-1-2-5-true-]" classname="de.uni_mannheim.desq.mining.spark.Icdm16TraditionalMiningTest" time="0.059"/>
  <testcase name="testDesqDataset[Icdm16TraditionalMiningTest-DesqCount-ttff-1-2-7-false-]" classname="de.uni_mannheim.desq.mining.spark.Icdm16TraditionalMiningTest" time="0.038"/>
  <testcase name="testDesqDataset[Icdm16TraditionalMiningTest-DesqCount-ttff-1-2-7-false-]" classname="de.uni_mannheim.desq.mining.spark.Icdm16TraditionalMiningTest" time="0.043"/>
  <testcase name="testGenericDesqDataset[Icdm16TraditionalMiningTest-DesqCount-ttff-1-2-7-false-]" classname="de.uni_mannheim.desq.mining.spark.Icdm16TraditionalMiningTest" time="0.03"/>
  <testcase name="testGenericDesqDataset[Icdm16TraditionalMiningTest-DesqCount-ttff-1-2-7-false-]" classname="de.uni_mannheim.desq.mining.spark.Icdm16TraditionalMiningTest" time="0.034"/>
  <testcase name="testDesqDataset[Icdm16TraditionalMiningTest-DesqCount-ttff-1-2-7-true-]" classname="de.uni_mannheim.desq.mining.spark.Icdm16TraditionalMiningTest" time="0.056"/>
  <testcase name="testDesqDataset[Icdm16TraditionalMiningTest-DesqCount-ttff-1-2-7-true-]" classname="de.uni_mannheim.desq.mining.spark.Icdm16TraditionalMiningTest" time="0.056"/>
  <testcase name="testGenericDesqDataset[Icdm16TraditionalMiningTest-DesqCount-ttff-1-2-7-true-]" classname="de.uni_mannheim.desq.mining.spark.Icdm16TraditionalMiningTest" time="0.057"/>
  <testcase name="testGenericDesqDataset[Icdm16TraditionalMiningTest-DesqCount-ttff-1-2-7-true-]" classname="de.uni_mannheim.desq.mining.spark.Icdm16TraditionalMiningTest" time="0.053"/>
  <testcase name="testDesqDataset[Icdm16TraditionalMiningTest-DesqCount-ttff-3-0-1-false-]" classname="de.uni_mannheim.desq.mining.spark.Icdm16TraditionalMiningTest" time="0.026"/>
  <testcase name="testDesqDataset[Icdm16TraditionalMiningTest-DesqCount-ttff-3-0-1-false-]" classname="de.uni_mannheim.desq.mining.spark.Icdm16TraditionalMiningTest" time="0.029"/>
  <testcase name="testGenericDesqDataset[Icdm16TraditionalMiningTest-DesqCount-ttff-3-0-1-false-]" classname="de.uni_mannheim.desq.mining.spark.Icdm16TraditionalMiningTest" time="0.03"/>
  <testcase name="testGenericDesqDataset[Icdm16TraditionalMiningTest-DesqCount-ttff-3-0-1-false-]" classname="de.uni_mannheim.desq.mining.spark.Icdm16TraditionalMiningTest" time="0.029"/>
  <testcase name="testDesqDataset[Icdm16TraditionalMiningTest-DesqCount-ttff-3-0-1-true-]" classname="de.uni_mannheim.desq.mining.spark.Icdm16TraditionalMiningTest" time="0.032"/>
  <testcase name="testDesqDataset[Icdm16TraditionalMiningTest-DesqCount-ttff-3-0-1-true-]" classname="de.uni_mannheim.desq.mining.spark.Icdm16TraditionalMiningTest" time="0.028"/>
  <testcase name="testGenericDesqDataset[Icdm16TraditionalMiningTest-DesqCount-ttff-3-0-1-true-]" classname="de.uni_mannheim.desq.mining.spark.Icdm16TraditionalMiningTest" time="0.025"/>
  <testcase name="testGenericDesqDataset[Icdm16TraditionalMiningTest-DesqCount-ttff-3-0-1-true-]" classname="de.uni_mannheim.desq.mining.spark.Icdm16TraditionalMiningTest" time="0.026"/>
  <testcase name="testDesqDataset[Icdm16TraditionalMiningTest-DesqCount-ttff-3-0-3-false-]" classname="de.uni_mannheim.desq.mining.spark.Icdm16TraditionalMiningTest" time="0.03"/>
  <testcase name="testDesqDataset[Icdm16TraditionalMiningTest-DesqCount-ttff-3-0-3-false-]" classname="de.uni_mannheim.desq.mining.spark.Icdm16TraditionalMiningTest" time="0.038"/>
  <testcase name="testGenericDesqDataset[Icdm16TraditionalMiningTest-DesqCount-ttff-3-0-3-false-]" classname="de.uni_mannheim.desq.mining.spark.Icdm16TraditionalMiningTest" time="0.041"/>
  <testcase name="testGenericDesqDataset[Icdm16TraditionalMiningTest-DesqCount-ttff-3-0-3-false-]" classname="de.uni_mannheim.desq.mining.spark.Icdm16TraditionalMiningTest" time="0.043"/>
  <testcase name="testDesqDataset[Icdm16TraditionalMiningTest-DesqCount-ttff-3-0-3-true-]" classname="de.uni_mannheim.desq.mining.spark.Icdm16TraditionalMiningTest" time="0.026"/>
  <testcase name="testDesqDataset[Icdm16TraditionalMiningTest-DesqCount-ttff-3-0-3-true-]" classname="de.uni_mannheim.desq.mining.spark.Icdm16TraditionalMiningTest" time="0.055"/>
  <testcase name="testGenericDesqDataset[Icdm16TraditionalMiningTest-DesqCount-ttff-3-0-3-true-]" classname="de.uni_mannheim.desq.mining.spark.Icdm16TraditionalMiningTest" time="0.036"/>
  <testcase name="testGenericDesqDataset[Icdm16TraditionalMiningTest-DesqCount-ttff-3-0-3-true-]" classname="de.uni_mannheim.desq.mining.spark.Icdm16TraditionalMiningTest" time="0.038"/>
  <testcase name="testDesqDataset[Icdm16TraditionalMiningTest-DesqCount-ttff-3-0-5-false-]" classname="de.uni_mannheim.desq.mining.spark.Icdm16TraditionalMiningTest" time="0.037"/>
  <testcase name="testDesqDataset[Icdm16TraditionalMiningTest-DesqCount-ttff-3-0-5-false-]" classname="de.uni_mannheim.desq.mining.spark.Icdm16TraditionalMiningTest" time="0.03"/>
  <testcase name="testGenericDesqDataset[Icdm16TraditionalMiningTest-DesqCount-ttff-3-0-5-false-]" classname="de.uni_mannheim.desq.mining.spark.Icdm16TraditionalMiningTest" time="0.028"/>
  <testcase name="testGenericDesqDataset[Icdm16TraditionalMiningTest-DesqCount-ttff-3-0-5-false-]" classname="de.uni_mannheim.desq.mining.spark.Icdm16TraditionalMiningTest" time="0.039"/>
  <testcase name="testDesqDataset[Icdm16TraditionalMiningTest-DesqCount-ttff-3-0-5-true-]" classname="de.uni_mannheim.desq.mining.spark.Icdm16TraditionalMiningTest" time="0.039"/>
  <testcase name="testDesqDataset[Icdm16TraditionalMiningTest-DesqCount-ttff-3-0-5-true-]" classname="de.uni_mannheim.desq.mining.spark.Icdm16TraditionalMiningTest" time="0.025"/>
  <testcase name="testGenericDesqDataset[Icdm16TraditionalMiningTest-DesqCount-ttff-3-0-5-true-]" classname="de.uni_mannheim.desq.mining.spark.Icdm16TraditionalMiningTest" time="0.048"/>
  <testcase name="testGenericDesqDataset[Icdm16TraditionalMiningTest-DesqCount-ttff-3-0-5-true-]" classname="de.uni_mannheim.desq.mining.spark.Icdm16TraditionalMiningTest" time="0.036"/>
  <testcase name="testDesqDataset[Icdm16TraditionalMiningTest-DesqCount-ttff-3-0-7-false-]" classname="de.uni_mannheim.desq.mining.spark.Icdm16TraditionalMiningTest" time="0.036"/>
  <testcase name="testDesqDataset[Icdm16TraditionalMiningTest-DesqCount-ttff-3-0-7-false-]" classname="de.uni_mannheim.desq.mining.spark.Icdm16TraditionalMiningTest" time="0.026"/>
  <testcase name="testGenericDesqDataset[Icdm16TraditionalMiningTest-DesqCount-ttff-3-0-7-false-]" classname="de.uni_mannheim.desq.mining.spark.Icdm16TraditionalMiningTest" time="0.031"/>
  <testcase name="testGenericDesqDataset[Icdm16TraditionalMiningTest-DesqCount-ttff-3-0-7-false-]" classname="de.uni_mannheim.desq.mining.spark.Icdm16TraditionalMiningTest" time="0.031"/>
  <testcase name="testDesqDataset[Icdm16TraditionalMiningTest-DesqCount-ttff-3-0-7-true-]" classname="de.uni_mannheim.desq.mining.spark.Icdm16TraditionalMiningTest" time="0.039"/>
  <testcase name="testDesqDataset[Icdm16TraditionalMiningTest-DesqCount-ttff-3-0-7-true-]" classname="de.uni_mannheim.desq.mining.spark.Icdm16TraditionalMiningTest" time="0.048"/>
  <testcase name="testGenericDesqDataset[Icdm16TraditionalMiningTest-DesqCount-ttff-3-0-7-true-]" classname="de.uni_mannheim.desq.mining.spark.Icdm16TraditionalMiningTest" time="0.045"/>
  <testcase name="testGenericDesqDataset[Icdm16TraditionalMiningTest-DesqCount-ttff-3-0-7-true-]" classname="de.uni_mannheim.desq.mining.spark.Icdm16TraditionalMiningTest" time="0.047"/>
  <testcase name="testDesqDataset[Icdm16TraditionalMiningTest-DesqCount-ttff-3-1-1-false-]" classname="de.uni_mannheim.desq.mining.spark.Icdm16TraditionalMiningTest" time="0.034"/>
  <testcase name="testDesqDataset[Icdm16TraditionalMiningTest-DesqCount-ttff-3-1-1-false-]" classname="de.uni_mannheim.desq.mining.spark.Icdm16TraditionalMiningTest" time="0.033"/>
  <testcase name="testGenericDesqDataset[Icdm16TraditionalMiningTest-DesqCount-ttff-3-1-1-false-]" classname="de.uni_mannheim.desq.mining.spark.Icdm16TraditionalMiningTest" time="0.026"/>
  <testcase name="testGenericDesqDataset[Icdm16TraditionalMiningTest-DesqCount-ttff-3-1-1-false-]" classname="de.uni_mannheim.desq.mining.spark.Icdm16TraditionalMiningTest" time="0.035"/>
  <testcase name="testDesqDataset[Icdm16TraditionalMiningTest-DesqCount-ttff-3-1-1-true-]" classname="de.uni_mannheim.desq.mining.spark.Icdm16TraditionalMiningTest" time="0.031"/>
  <testcase name="testDesqDataset[Icdm16TraditionalMiningTest-DesqCount-ttff-3-1-1-true-]" classname="de.uni_mannheim.desq.mining.spark.Icdm16TraditionalMiningTest" time="0.026"/>
  <testcase name="testGenericDesqDataset[Icdm16TraditionalMiningTest-DesqCount-ttff-3-1-1-true-]" classname="de.uni_mannheim.desq.mining.spark.Icdm16TraditionalMiningTest" time="0.03"/>
  <testcase name="testGenericDesqDataset[Icdm16TraditionalMiningTest-DesqCount-ttff-3-1-1-true-]" classname="de.uni_mannheim.desq.mining.spark.Icdm16TraditionalMiningTest" time="0.037"/>
  <testcase name="testDesqDataset[Icdm16TraditionalMiningTest-DesqCount-ttff-3-1-3-false-]" classname="de.uni_mannheim.desq.mining.spark.Icdm16TraditionalMiningTest" time="0.031"/>
  <testcase name="testDesqDataset[Icdm16TraditionalMiningTest-DesqCount-ttff-3-1-3-false-]" classname="de.uni_mannheim.desq.mining.spark.Icdm16TraditionalMiningTest" time="0.027"/>
  <testcase name="testGenericDesqDataset[Icdm16TraditionalMiningTest-DesqCount-ttff-3-1-3-false-]" classname="de.uni_mannheim.desq.mining.spark.Icdm16TraditionalMiningTest" time="0.058"/>
  <testcase name="testGenericDesqDataset[Icdm16TraditionalMiningTest-DesqCount-ttff-3-1-3-false-]" classname="de.uni_mannheim.desq.mining.spark.Icdm16TraditionalMiningTest" time="0.043"/>
  <testcase name="testDesqDataset[Icdm16TraditionalMiningTest-DesqCount-ttff-3-1-3-true-]" classname="de.uni_mannheim.desq.mining.spark.Icdm16TraditionalMiningTest" time="0.046"/>
  <testcase name="testDesqDataset[Icdm16TraditionalMiningTest-DesqCount-ttff-3-1-3-true-]" classname="de.uni_mannheim.desq.mining.spark.Icdm16TraditionalMiningTest" time="0.038"/>
  <testcase name="testGenericDesqDataset[Icdm16TraditionalMiningTest-DesqCount-ttff-3-1-3-true-]" classname="de.uni_mannheim.desq.mining.spark.Icdm16TraditionalMiningTest" time="0.047"/>
  <testcase name="testGenericDesqDataset[Icdm16TraditionalMiningTest-DesqCount-ttff-3-1-3-true-]" classname="de.uni_mannheim.desq.mining.spark.Icdm16TraditionalMiningTest" time="0.041"/>
  <testcase name="testDesqDataset[Icdm16TraditionalMiningTest-DesqCount-ttff-3-1-5-false-]" classname="de.uni_mannheim.desq.mining.spark.Icdm16TraditionalMiningTest" time="0.039"/>
  <testcase name="testDesqDataset[Icdm16TraditionalMiningTest-DesqCount-ttff-3-1-5-false-]" classname="de.uni_mannheim.desq.mining.spark.Icdm16TraditionalMiningTest" time="0.029"/>
  <testcase name="testGenericDesqDataset[Icdm16TraditionalMiningTest-DesqCount-ttff-3-1-5-false-]" classname="de.uni_mannheim.desq.mining.spark.Icdm16TraditionalMiningTest" time="0.035"/>
  <testcase name="testGenericDesqDataset[Icdm16TraditionalMiningTest-DesqCount-ttff-3-1-5-false-]" classname="de.uni_mannheim.desq.mining.spark.Icdm16TraditionalMiningTest" time="0.042"/>
  <testcase name="testDesqDataset[Icdm16TraditionalMiningTest-DesqCount-ttff-3-1-5-true-]" classname="de.uni_mannheim.desq.mining.spark.Icdm16TraditionalMiningTest" time="0.039"/>
  <testcase name="testDesqDataset[Icdm16TraditionalMiningTest-DesqCount-ttff-3-1-5-true-]" classname="de.uni_mannheim.desq.mining.spark.Icdm16TraditionalMiningTest" time="0.037"/>
  <testcase name="testGenericDesqDataset[Icdm16TraditionalMiningTest-DesqCount-ttff-3-1-5-true-]" classname="de.uni_mannheim.desq.mining.spark.Icdm16TraditionalMiningTest" time="0.035"/>
  <testcase name="testGenericDesqDataset[Icdm16TraditionalMiningTest-DesqCount-ttff-3-1-5-true-]" classname="de.uni_mannheim.desq.mining.spark.Icdm16TraditionalMiningTest" time="0.051"/>
  <testcase name="testDesqDataset[Icdm16TraditionalMiningTest-DesqCount-ttff-3-1-7-false-]" classname="de.uni_mannheim.desq.mining.spark.Icdm16TraditionalMiningTest" time="0.029"/>
  <testcase name="testDesqDataset[Icdm16TraditionalMiningTest-DesqCount-ttff-3-1-7-false-]" classname="de.uni_mannheim.desq.mining.spark.Icdm16TraditionalMiningTest" time="0.028"/>
  <testcase name="testGenericDesqDataset[Icdm16TraditionalMiningTest-DesqCount-ttff-3-1-7-false-]" classname="de.uni_mannheim.desq.mining.spark.Icdm16TraditionalMiningTest" time="0.026"/>
  <testcase name="testGenericDesqDataset[Icdm16TraditionalMiningTest-DesqCount-ttff-3-1-7-false-]" classname="de.uni_mannheim.desq.mining.spark.Icdm16TraditionalMiningTest" time="0.027"/>
  <testcase name="testDesqDataset[Icdm16TraditionalMiningTest-DesqCount-ttff-3-1-7-true-]" classname="de.uni_mannheim.desq.mining.spark.Icdm16TraditionalMiningTest" time="0.039"/>
  <testcase name="testDesqDataset[Icdm16TraditionalMiningTest-DesqCount-ttff-3-1-7-true-]" classname="de.uni_mannheim.desq.mining.spark.Icdm16TraditionalMiningTest" time="0.047"/>
  <testcase name="testGenericDesqDataset[Icdm16TraditionalMiningTest-DesqCount-ttff-3-1-7-true-]" classname="de.uni_mannheim.desq.mining.spark.Icdm16TraditionalMiningTest" time="0.036"/>
  <testcase name="testGenericDesqDataset[Icdm16TraditionalMiningTest-DesqCount-ttff-3-1-7-true-]" classname="de.uni_mannheim.desq.mining.spark.Icdm16TraditionalMiningTest" time="0.042"/>
  <testcase name="testDesqDataset[Icdm16TraditionalMiningTest-DesqCount-ttff-3-2-1-false-]" classname="de.uni_mannheim.desq.mining.spark.Icdm16TraditionalMiningTest" time="0.028"/>
  <testcase name="testDesqDataset[Icdm16TraditionalMiningTest-DesqCount-ttff-3-2-1-false-]" classname="de.uni_mannheim.desq.mining.spark.Icdm16TraditionalMiningTest" time="0.031"/>
  <testcase name="testGenericDesqDataset[Icdm16TraditionalMiningTest-DesqCount-ttff-3-2-1-false-]" classname="de.uni_mannheim.desq.mining.spark.Icdm16TraditionalMiningTest" time="0.038"/>
  <testcase name="testGenericDesqDataset[Icdm16TraditionalMiningTest-DesqCount-ttff-3-2-1-false-]" classname="de.uni_mannheim.desq.mining.spark.Icdm16TraditionalMiningTest" time="0.03"/>
  <testcase name="testDesqDataset[Icdm16TraditionalMiningTest-DesqCount-ttff-3-2-1-true-]" classname="de.uni_mannheim.desq.mining.spark.Icdm16TraditionalMiningTest" time="0.078"/>
  <testcase name="testDesqDataset[Icdm16TraditionalMiningTest-DesqCount-ttff-3-2-1-true-]" classname="de.uni_mannheim.desq.mining.spark.Icdm16TraditionalMiningTest" time="0.062"/>
  <testcase name="testGenericDesqDataset[Icdm16TraditionalMiningTest-DesqCount-ttff-3-2-1-true-]" classname="de.uni_mannheim.desq.mining.spark.Icdm16TraditionalMiningTest" time="0.092"/>
  <testcase name="testGenericDesqDataset[Icdm16TraditionalMiningTest-DesqCount-ttff-3-2-1-true-]" classname="de.uni_mannheim.desq.mining.spark.Icdm16TraditionalMiningTest" time="0.036"/>
  <testcase name="testDesqDataset[Icdm16TraditionalMiningTest-DesqCount-ttff-3-2-3-false-]" classname="de.uni_mannheim.desq.mining.spark.Icdm16TraditionalMiningTest" time="0.03"/>
  <testcase name="testDesqDataset[Icdm16TraditionalMiningTest-DesqCount-ttff-3-2-3-false-]" classname="de.uni_mannheim.desq.mining.spark.Icdm16TraditionalMiningTest" time="0.03"/>
  <testcase name="testGenericDesqDataset[Icdm16TraditionalMiningTest-DesqCount-ttff-3-2-3-false-]" classname="de.uni_mannheim.desq.mining.spark.Icdm16TraditionalMiningTest" time="0.036"/>
  <testcase name="testGenericDesqDataset[Icdm16TraditionalMiningTest-DesqCount-ttff-3-2-3-false-]" classname="de.uni_mannheim.desq.mining.spark.Icdm16TraditionalMiningTest" time="0.032"/>
  <testcase name="testDesqDataset[Icdm16TraditionalMiningTest-DesqCount-ttff-3-2-3-true-]" classname="de.uni_mannheim.desq.mining.spark.Icdm16TraditionalMiningTest" time="0.038"/>
  <testcase name="testDesqDataset[Icdm16TraditionalMiningTest-DesqCount-ttff-3-2-3-true-]" classname="de.uni_mannheim.desq.mining.spark.Icdm16TraditionalMiningTest" time="0.024"/>
  <testcase name="testGenericDesqDataset[Icdm16TraditionalMiningTest-DesqCount-ttff-3-2-3-true-]" classname="de.uni_mannheim.desq.mining.spark.Icdm16TraditionalMiningTest" time="0.024"/>
  <testcase name="testGenericDesqDataset[Icdm16TraditionalMiningTest-DesqCount-ttff-3-2-3-true-]" classname="de.uni_mannheim.desq.mining.spark.Icdm16TraditionalMiningTest" time="0.038"/>
  <testcase name="testDesqDataset[Icdm16TraditionalMiningTest-DesqCount-ttff-3-2-5-false-]" classname="de.uni_mannheim.desq.mining.spark.Icdm16TraditionalMiningTest" time="0.032"/>
  <testcase name="testDesqDataset[Icdm16TraditionalMiningTest-DesqCount-ttff-3-2-5-false-]" classname="de.uni_mannheim.desq.mining.spark.Icdm16TraditionalMiningTest" time="0.031"/>
  <testcase name="testGenericDesqDataset[Icdm16TraditionalMiningTest-DesqCount-ttff-3-2-5-false-]" classname="de.uni_mannheim.desq.mining.spark.Icdm16TraditionalMiningTest" time="0.031"/>
  <testcase name="testGenericDesqDataset[Icdm16TraditionalMiningTest-DesqCount-ttff-3-2-5-false-]" classname="de.uni_mannheim.desq.mining.spark.Icdm16TraditionalMiningTest" time="0.034"/>
  <testcase name="testDesqDataset[Icdm16TraditionalMiningTest-DesqCount-ttff-3-2-5-true-]" classname="de.uni_mannheim.desq.mining.spark.Icdm16TraditionalMiningTest" time="0.054"/>
  <testcase name="testDesqDataset[Icdm16TraditionalMiningTest-DesqCount-ttff-3-2-5-true-]" classname="de.uni_mannheim.desq.mining.spark.Icdm16TraditionalMiningTest" time="0.045"/>
  <testcase name="testGenericDesqDataset[Icdm16TraditionalMiningTest-DesqCount-ttff-3-2-5-true-]" classname="de.uni_mannheim.desq.mining.spark.Icdm16TraditionalMiningTest" time="0.043"/>
  <testcase name="testGenericDesqDataset[Icdm16TraditionalMiningTest-DesqCount-ttff-3-2-5-true-]" classname="de.uni_mannheim.desq.mining.spark.Icdm16TraditionalMiningTest" time="0.047"/>
  <testcase name="testDesqDataset[Icdm16TraditionalMiningTest-DesqCount-ttff-3-2-7-false-]" classname="de.uni_mannheim.desq.mining.spark.Icdm16TraditionalMiningTest" time="0.023"/>
  <testcase name="testDesqDataset[Icdm16TraditionalMiningTest-DesqCount-ttff-3-2-7-false-]" classname="de.uni_mannheim.desq.mining.spark.Icdm16TraditionalMiningTest" time="0.03"/>
  <testcase name="testGenericDesqDataset[Icdm16TraditionalMiningTest-DesqCount-ttff-3-2-7-false-]" classname="de.uni_mannheim.desq.mining.spark.Icdm16TraditionalMiningTest" time="0.025"/>
  <testcase name="testGenericDesqDataset[Icdm16TraditionalMiningTest-DesqCount-ttff-3-2-7-false-]" classname="de.uni_mannheim.desq.mining.spark.Icdm16TraditionalMiningTest" time="0.037"/>
  <testcase name="testDesqDataset[Icdm16TraditionalMiningTest-DesqCount-ttff-3-2-7-true-]" classname="de.uni_mannheim.desq.mining.spark.Icdm16TraditionalMiningTest" time="0.031"/>
  <testcase name="testDesqDataset[Icdm16TraditionalMiningTest-DesqCount-ttff-3-2-7-true-]" classname="de.uni_mannheim.desq.mining.spark.Icdm16TraditionalMiningTest" time="0.045"/>
  <testcase name="testGenericDesqDataset[Icdm16TraditionalMiningTest-DesqCount-ttff-3-2-7-true-]" classname="de.uni_mannheim.desq.mining.spark.Icdm16TraditionalMiningTest" time="0.039"/>
  <testcase name="testGenericDesqDataset[Icdm16TraditionalMiningTest-DesqCount-ttff-3-2-7-true-]" classname="de.uni_mannheim.desq.mining.spark.Icdm16TraditionalMiningTest" time="0.042"/>
  <testcase name="testDesqDataset[Icdm16TraditionalMiningTest-DesqCount-ttff-5-0-1-false-]" classname="de.uni_mannheim.desq.mining.spark.Icdm16TraditionalMiningTest" time="0.042"/>
  <testcase name="testDesqDataset[Icdm16TraditionalMiningTest-DesqCount-ttff-5-0-1-false-]" classname="de.uni_mannheim.desq.mining.spark.Icdm16TraditionalMiningTest" time="0.032"/>
  <testcase name="testGenericDesqDataset[Icdm16TraditionalMiningTest-DesqCount-ttff-5-0-1-false-]" classname="de.uni_mannheim.desq.mining.spark.Icdm16TraditionalMiningTest" time="0.031"/>
  <testcase name="testGenericDesqDataset[Icdm16TraditionalMiningTest-DesqCount-ttff-5-0-1-false-]" classname="de.uni_mannheim.desq.mining.spark.Icdm16TraditionalMiningTest" time="0.039"/>
  <testcase name="testDesqDataset[Icdm16TraditionalMiningTest-DesqCount-ttff-5-0-1-true-]" classname="de.uni_mannheim.desq.mining.spark.Icdm16TraditionalMiningTest" time="0.029"/>
  <testcase name="testDesqDataset[Icdm16TraditionalMiningTest-DesqCount-ttff-5-0-1-true-]" classname="de.uni_mannheim.desq.mining.spark.Icdm16TraditionalMiningTest" time="0.031"/>
  <testcase name="testGenericDesqDataset[Icdm16TraditionalMiningTest-DesqCount-ttff-5-0-1-true-]" classname="de.uni_mannheim.desq.mining.spark.Icdm16TraditionalMiningTest" time="0.03"/>
  <testcase name="testGenericDesqDataset[Icdm16TraditionalMiningTest-DesqCount-ttff-5-0-1-true-]" classname="de.uni_mannheim.desq.mining.spark.Icdm16TraditionalMiningTest" time="0.036"/>
  <testcase name="testDesqDataset[Icdm16TraditionalMiningTest-DesqCount-ttff-5-0-3-false-]" classname="de.uni_mannheim.desq.mining.spark.Icdm16TraditionalMiningTest" time="0.035"/>
  <testcase name="testDesqDataset[Icdm16TraditionalMiningTest-DesqCount-ttff-5-0-3-false-]" classname="de.uni_mannheim.desq.mining.spark.Icdm16TraditionalMiningTest" time="0.022"/>
  <testcase name="testGenericDesqDataset[Icdm16TraditionalMiningTest-DesqCount-ttff-5-0-3-false-]" classname="de.uni_mannheim.desq.mining.spark.Icdm16TraditionalMiningTest" time="0.04"/>
  <testcase name="testGenericDesqDataset[Icdm16TraditionalMiningTest-DesqCount-ttff-5-0-3-false-]" classname="de.uni_mannheim.desq.mining.spark.Icdm16TraditionalMiningTest" time="0.029"/>
  <testcase name="testDesqDataset[Icdm16TraditionalMiningTest-DesqCount-ttff-5-0-3-true-]" classname="de.uni_mannheim.desq.mining.spark.Icdm16TraditionalMiningTest" time="0.033"/>
  <testcase name="testDesqDataset[Icdm16TraditionalMiningTest-DesqCount-ttff-5-0-3-true-]" classname="de.uni_mannheim.desq.mining.spark.Icdm16TraditionalMiningTest" time="0.039"/>
  <testcase name="testGenericDesqDataset[Icdm16TraditionalMiningTest-DesqCount-ttff-5-0-3-true-]" classname="de.uni_mannheim.desq.mining.spark.Icdm16TraditionalMiningTest" time="0.033"/>
  <testcase name="testGenericDesqDataset[Icdm16TraditionalMiningTest-DesqCount-ttff-5-0-3-true-]" classname="de.uni_mannheim.desq.mining.spark.Icdm16TraditionalMiningTest" time="0.037"/>
  <testcase name="testDesqDataset[Icdm16TraditionalMiningTest-DesqCount-ttff-5-0-5-false-]" classname="de.uni_mannheim.desq.mining.spark.Icdm16TraditionalMiningTest" time="0.034"/>
  <testcase name="testDesqDataset[Icdm16TraditionalMiningTest-DesqCount-ttff-5-0-5-false-]" classname="de.uni_mannheim.desq.mining.spark.Icdm16TraditionalMiningTest" time="0.033"/>
  <testcase name="testGenericDesqDataset[Icdm16TraditionalMiningTest-DesqCount-ttff-5-0-5-false-]" classname="de.uni_mannheim.desq.mining.spark.Icdm16TraditionalMiningTest" time="0.03"/>
  <testcase name="testGenericDesqDataset[Icdm16TraditionalMiningTest-DesqCount-ttff-5-0-5-false-]" classname="de.uni_mannheim.desq.mining.spark.Icdm16TraditionalMiningTest" time="0.035"/>
  <testcase name="testDesqDataset[Icdm16TraditionalMiningTest-DesqCount-ttff-5-0-5-true-]" classname="de.uni_mannheim.desq.mining.spark.Icdm16TraditionalMiningTest" time="0.033"/>
  <testcase name="testDesqDataset[Icdm16TraditionalMiningTest-DesqCount-ttff-5-0-5-true-]" classname="de.uni_mannheim.desq.mining.spark.Icdm16TraditionalMiningTest" time="0.034"/>
  <testcase name="testGenericDesqDataset[Icdm16TraditionalMiningTest-DesqCount-ttff-5-0-5-true-]" classname="de.uni_mannheim.desq.mining.spark.Icdm16TraditionalMiningTest" time="0.05"/>
  <testcase name="testGenericDesqDataset[Icdm16TraditionalMiningTest-DesqCount-ttff-5-0-5-true-]" classname="de.uni_mannheim.desq.mining.spark.Icdm16TraditionalMiningTest" time="0.041"/>
  <testcase name="testDesqDataset[Icdm16TraditionalMiningTest-DesqCount-ttff-5-0-7-false-]" classname="de.uni_mannheim.desq.mining.spark.Icdm16TraditionalMiningTest" time="0.032"/>
  <testcase name="testDesqDataset[Icdm16TraditionalMiningTest-DesqCount-ttff-5-0-7-false-]" classname="de.uni_mannheim.desq.mining.spark.Icdm16TraditionalMiningTest" time="0.033"/>
  <testcase name="testGenericDesqDataset[Icdm16TraditionalMiningTest-DesqCount-ttff-5-0-7-false-]" classname="de.uni_mannheim.desq.mining.spark.Icdm16TraditionalMiningTest" time="0.03"/>
  <testcase name="testGenericDesqDataset[Icdm16TraditionalMiningTest-DesqCount-ttff-5-0-7-false-]" classname="de.uni_mannheim.desq.mining.spark.Icdm16TraditionalMiningTest" time="0.047"/>
  <testcase name="testDesqDataset[Icdm16TraditionalMiningTest-DesqCount-ttff-5-0-7-true-]" classname="de.uni_mannheim.desq.mining.spark.Icdm16TraditionalMiningTest" time="0.052"/>
  <testcase name="testDesqDataset[Icdm16TraditionalMiningTest-DesqCount-ttff-5-0-7-true-]" classname="de.uni_mannheim.desq.mining.spark.Icdm16TraditionalMiningTest" time="0.039"/>
  <testcase name="testGenericDesqDataset[Icdm16TraditionalMiningTest-DesqCount-ttff-5-0-7-true-]" classname="de.uni_mannheim.desq.mining.spark.Icdm16TraditionalMiningTest" time="0.039"/>
  <testcase name="testGenericDesqDataset[Icdm16TraditionalMiningTest-DesqCount-ttff-5-0-7-true-]" classname="de.uni_mannheim.desq.mining.spark.Icdm16TraditionalMiningTest" time="0.057"/>
  <testcase name="testDesqDataset[Icdm16TraditionalMiningTest-DesqCount-ttff-5-1-1-false-]" classname="de.uni_mannheim.desq.mining.spark.Icdm16TraditionalMiningTest" time="0.03"/>
  <testcase name="testDesqDataset[Icdm16TraditionalMiningTest-DesqCount-ttff-5-1-1-false-]" classname="de.uni_mannheim.desq.mining.spark.Icdm16TraditionalMiningTest" time="0.028"/>
  <testcase name="testGenericDesqDataset[Icdm16TraditionalMiningTest-DesqCount-ttff-5-1-1-false-]" classname="de.uni_mannheim.desq.mining.spark.Icdm16TraditionalMiningTest" time="0.033"/>
  <testcase name="testGenericDesqDataset[Icdm16TraditionalMiningTest-DesqCount-ttff-5-1-1-false-]" classname="de.uni_mannheim.desq.mining.spark.Icdm16TraditionalMiningTest" time="0.025"/>
  <testcase name="testDesqDataset[Icdm16TraditionalMiningTest-DesqCount-ttff-5-1-1-true-]" classname="de.uni_mannheim.desq.mining.spark.Icdm16TraditionalMiningTest" time="0.03"/>
  <testcase name="testDesqDataset[Icdm16TraditionalMiningTest-DesqCount-ttff-5-1-1-true-]" classname="de.uni_mannheim.desq.mining.spark.Icdm16TraditionalMiningTest" time="0.037"/>
  <testcase name="testGenericDesqDataset[Icdm16TraditionalMiningTest-DesqCount-ttff-5-1-1-true-]" classname="de.uni_mannheim.desq.mining.spark.Icdm16TraditionalMiningTest" time="0.022"/>
  <testcase name="testGenericDesqDataset[Icdm16TraditionalMiningTest-DesqCount-ttff-5-1-1-true-]" classname="de.uni_mannheim.desq.mining.spark.Icdm16TraditionalMiningTest" time="0.028"/>
  <testcase name="testDesqDataset[Icdm16TraditionalMiningTest-DesqCount-ttff-5-1-3-false-]" classname="de.uni_mannheim.desq.mining.spark.Icdm16TraditionalMiningTest" time="0.029"/>
  <testcase name="testDesqDataset[Icdm16TraditionalMiningTest-DesqCount-ttff-5-1-3-false-]" classname="de.uni_mannheim.desq.mining.spark.Icdm16TraditionalMiningTest" time="0.016"/>
  <testcase name="testGenericDesqDataset[Icdm16TraditionalMiningTest-DesqCount-ttff-5-1-3-false-]" classname="de.uni_mannheim.desq.mining.spark.Icdm16TraditionalMiningTest" time="0.026"/>
  <testcase name="testGenericDesqDataset[Icdm16TraditionalMiningTest-DesqCount-ttff-5-1-3-false-]" classname="de.uni_mannheim.desq.mining.spark.Icdm16TraditionalMiningTest" time="0.025"/>
  <testcase name="testDesqDataset[Icdm16TraditionalMiningTest-DesqCount-ttff-5-1-3-true-]" classname="de.uni_mannheim.desq.mining.spark.Icdm16TraditionalMiningTest" time="0.029"/>
  <testcase name="testDesqDataset[Icdm16TraditionalMiningTest-DesqCount-ttff-5-1-3-true-]" classname="de.uni_mannheim.desq.mining.spark.Icdm16TraditionalMiningTest" time="0.03"/>
  <testcase name="testGenericDesqDataset[Icdm16TraditionalMiningTest-DesqCount-ttff-5-1-3-true-]" classname="de.uni_mannheim.desq.mining.spark.Icdm16TraditionalMiningTest" time="0.036"/>
  <testcase name="testGenericDesqDataset[Icdm16TraditionalMiningTest-DesqCount-ttff-5-1-3-true-]" classname="de.uni_mannheim.desq.mining.spark.Icdm16TraditionalMiningTest" time="0.04"/>
  <testcase name="testDesqDataset[Icdm16TraditionalMiningTest-DesqCount-ttff-5-1-5-false-]" classname="de.uni_mannheim.desq.mining.spark.Icdm16TraditionalMiningTest" time="0.031"/>
  <testcase name="testDesqDataset[Icdm16TraditionalMiningTest-DesqCount-ttff-5-1-5-false-]" classname="de.uni_mannheim.desq.mining.spark.Icdm16TraditionalMiningTest" time="0.032"/>
  <testcase name="testGenericDesqDataset[Icdm16TraditionalMiningTest-DesqCount-ttff-5-1-5-false-]" classname="de.uni_mannheim.desq.mining.spark.Icdm16TraditionalMiningTest" time="0.032"/>
  <testcase name="testGenericDesqDataset[Icdm16TraditionalMiningTest-DesqCount-ttff-5-1-5-false-]" classname="de.uni_mannheim.desq.mining.spark.Icdm16TraditionalMiningTest" time="0.038"/>
  <testcase name="testDesqDataset[Icdm16TraditionalMiningTest-DesqCount-ttff-5-1-5-true-]" classname="de.uni_mannheim.desq.mining.spark.Icdm16TraditionalMiningTest" time="0.041"/>
  <testcase name="testDesqDataset[Icdm16TraditionalMiningTest-DesqCount-ttff-5-1-5-true-]" classname="de.uni_mannheim.desq.mining.spark.Icdm16TraditionalMiningTest" time="0.03"/>
  <testcase name="testGenericDesqDataset[Icdm16TraditionalMiningTest-DesqCount-ttff-5-1-5-true-]" classname="de.uni_mannheim.desq.mining.spark.Icdm16TraditionalMiningTest" time="0.047"/>
  <testcase name="testGenericDesqDataset[Icdm16TraditionalMiningTest-DesqCount-ttff-5-1-5-true-]" classname="de.uni_mannheim.desq.mining.spark.Icdm16TraditionalMiningTest" time="0.033"/>
  <testcase name="testDesqDataset[Icdm16TraditionalMiningTest-DesqCount-ttff-5-1-7-false-]" classname="de.uni_mannheim.desq.mining.spark.Icdm16TraditionalMiningTest" time="0.051"/>
  <testcase name="testDesqDataset[Icdm16TraditionalMiningTest-DesqCount-ttff-5-1-7-false-]" classname="de.uni_mannheim.desq.mining.spark.Icdm16TraditionalMiningTest" time="0.037"/>
  <testcase name="testGenericDesqDataset[Icdm16TraditionalMiningTest-DesqCount-ttff-5-1-7-false-]" classname="de.uni_mannheim.desq.mining.spark.Icdm16TraditionalMiningTest" time="0.037"/>
  <testcase name="testGenericDesqDataset[Icdm16TraditionalMiningTest-DesqCount-ttff-5-1-7-false-]" classname="de.uni_mannheim.desq.mining.spark.Icdm16TraditionalMiningTest" time="0.028"/>
  <testcase name="testDesqDataset[Icdm16TraditionalMiningTest-DesqCount-ttff-5-1-7-true-]" classname="de.uni_mannheim.desq.mining.spark.Icdm16TraditionalMiningTest" time="0.034"/>
  <testcase name="testDesqDataset[Icdm16TraditionalMiningTest-DesqCount-ttff-5-1-7-true-]" classname="de.uni_mannheim.desq.mining.spark.Icdm16TraditionalMiningTest" time="0.03"/>
  <testcase name="testGenericDesqDataset[Icdm16TraditionalMiningTest-DesqCount-ttff-5-1-7-true-]" classname="de.uni_mannheim.desq.mining.spark.Icdm16TraditionalMiningTest" time="0.032"/>
  <testcase name="testGenericDesqDataset[Icdm16TraditionalMiningTest-DesqCount-ttff-5-1-7-true-]" classname="de.uni_mannheim.desq.mining.spark.Icdm16TraditionalMiningTest" time="0.031"/>
  <testcase name="testDesqDataset[Icdm16TraditionalMiningTest-DesqCount-ttff-5-2-1-false-]" classname="de.uni_mannheim.desq.mining.spark.Icdm16TraditionalMiningTest" time="0.034"/>
  <testcase name="testDesqDataset[Icdm16TraditionalMiningTest-DesqCount-ttff-5-2-1-false-]" classname="de.uni_mannheim.desq.mining.spark.Icdm16TraditionalMiningTest" time="0.029"/>
  <testcase name="testGenericDesqDataset[Icdm16TraditionalMiningTest-DesqCount-ttff-5-2-1-false-]" classname="de.uni_mannheim.desq.mining.spark.Icdm16TraditionalMiningTest" time="0.036"/>
  <testcase name="testGenericDesqDataset[Icdm16TraditionalMiningTest-DesqCount-ttff-5-2-1-false-]" classname="de.uni_mannheim.desq.mining.spark.Icdm16TraditionalMiningTest" time="0.026"/>
  <testcase name="testDesqDataset[Icdm16TraditionalMiningTest-DesqCount-ttff-5-2-1-true-]" classname="de.uni_mannheim.desq.mining.spark.Icdm16TraditionalMiningTest" time="0.029"/>
  <testcase name="testDesqDataset[Icdm16TraditionalMiningTest-DesqCount-ttff-5-2-1-true-]" classname="de.uni_mannheim.desq.mining.spark.Icdm16TraditionalMiningTest" time="0.032"/>
  <testcase name="testGenericDesqDataset[Icdm16TraditionalMiningTest-DesqCount-ttff-5-2-1-true-]" classname="de.uni_mannheim.desq.mining.spark.Icdm16TraditionalMiningTest" time="0.023"/>
  <testcase name="testGenericDesqDataset[Icdm16TraditionalMiningTest-DesqCount-ttff-5-2-1-true-]" classname="de.uni_mannheim.desq.mining.spark.Icdm16TraditionalMiningTest" time="0.032"/>
  <testcase name="testDesqDataset[Icdm16TraditionalMiningTest-DesqCount-ttff-5-2-3-false-]" classname="de.uni_mannheim.desq.mining.spark.Icdm16TraditionalMiningTest" time="0.018"/>
  <testcase name="testDesqDataset[Icdm16TraditionalMiningTest-DesqCount-ttff-5-2-3-false-]" classname="de.uni_mannheim.desq.mining.spark.Icdm16TraditionalMiningTest" time="0.017"/>
  <testcase name="testGenericDesqDataset[Icdm16TraditionalMiningTest-DesqCount-ttff-5-2-3-false-]" classname="de.uni_mannheim.desq.mining.spark.Icdm16TraditionalMiningTest" time="0.02"/>
  <testcase name="testGenericDesqDataset[Icdm16TraditionalMiningTest-DesqCount-ttff-5-2-3-false-]" classname="de.uni_mannheim.desq.mining.spark.Icdm16TraditionalMiningTest" time="0.019"/>
  <testcase name="testDesqDataset[Icdm16TraditionalMiningTest-DesqCount-ttff-5-2-3-true-]" classname="de.uni_mannheim.desq.mining.spark.Icdm16TraditionalMiningTest" time="0.029"/>
  <testcase name="testDesqDataset[Icdm16TraditionalMiningTest-DesqCount-ttff-5-2-3-true-]" classname="de.uni_mannheim.desq.mining.spark.Icdm16TraditionalMiningTest" time="0.029"/>
  <testcase name="testGenericDesqDataset[Icdm16TraditionalMiningTest-DesqCount-ttff-5-2-3-true-]" classname="de.uni_mannheim.desq.mining.spark.Icdm16TraditionalMiningTest" time="0.029"/>
  <testcase name="testGenericDesqDataset[Icdm16TraditionalMiningTest-DesqCount-ttff-5-2-3-true-]" classname="de.uni_mannheim.desq.mining.spark.Icdm16TraditionalMiningTest" time="0.031"/>
  <testcase name="testDesqDataset[Icdm16TraditionalMiningTest-DesqCount-ttff-5-2-5-false-]" classname="de.uni_mannheim.desq.mining.spark.Icdm16TraditionalMiningTest" time="0.031"/>
  <testcase name="testDesqDataset[Icdm16TraditionalMiningTest-DesqCount-ttff-5-2-5-false-]" classname="de.uni_mannheim.desq.mining.spark.Icdm16TraditionalMiningTest" time="0.028"/>
  <testcase name="testGenericDesqDataset[Icdm16TraditionalMiningTest-DesqCount-ttff-5-2-5-false-]" classname="de.uni_mannheim.desq.mining.spark.Icdm16TraditionalMiningTest" time="0.024"/>
  <testcase name="testGenericDesqDataset[Icdm16TraditionalMiningTest-DesqCount-ttff-5-2-5-false-]" classname="de.uni_mannheim.desq.mining.spark.Icdm16TraditionalMiningTest" time="0.038"/>
  <testcase name="testDesqDataset[Icdm16TraditionalMiningTest-DesqCount-ttff-5-2-5-true-]" classname="de.uni_mannheim.desq.mining.spark.Icdm16TraditionalMiningTest" time="0.036"/>
  <testcase name="testDesqDataset[Icdm16TraditionalMiningTest-DesqCount-ttff-5-2-5-true-]" classname="de.uni_mannheim.desq.mining.spark.Icdm16TraditionalMiningTest" time="0.023"/>
  <testcase name="testGenericDesqDataset[Icdm16TraditionalMiningTest-DesqCount-ttff-5-2-5-true-]" classname="de.uni_mannheim.desq.mining.spark.Icdm16TraditionalMiningTest" time="0.257"/>
  <testcase name="testGenericDesqDataset[Icdm16TraditionalMiningTest-DesqCount-ttff-5-2-5-true-]" classname="de.uni_mannheim.desq.mining.spark.Icdm16TraditionalMiningTest" time="0.03"/>
  <testcase name="testDesqDataset[Icdm16TraditionalMiningTest-DesqCount-ttff-5-2-7-false-]" classname="de.uni_mannheim.desq.mining.spark.Icdm16TraditionalMiningTest" time="0.028"/>
  <testcase name="testDesqDataset[Icdm16TraditionalMiningTest-DesqCount-ttff-5-2-7-false-]" classname="de.uni_mannheim.desq.mining.spark.Icdm16TraditionalMiningTest" time="0.388"/>
  <testcase name="testGenericDesqDataset[Icdm16TraditionalMiningTest-DesqCount-ttff-5-2-7-false-]" classname="de.uni_mannheim.desq.mining.spark.Icdm16TraditionalMiningTest" time="0.116"/>
  <testcase name="testGenericDesqDataset[Icdm16TraditionalMiningTest-DesqCount-ttff-5-2-7-false-]" classname="de.uni_mannheim.desq.mining.spark.Icdm16TraditionalMiningTest" time="0.818"/>
  <testcase name="testDesqDataset[Icdm16TraditionalMiningTest-DesqCount-ttff-5-2-7-true-]" classname="de.uni_mannheim.desq.mining.spark.Icdm16TraditionalMiningTest" time="0.037"/>
  <testcase name="testDesqDataset[Icdm16TraditionalMiningTest-DesqCount-ttff-5-2-7-true-]" classname="de.uni_mannheim.desq.mining.spark.Icdm16TraditionalMiningTest" time="0.042"/>
  <testcase name="testGenericDesqDataset[Icdm16TraditionalMiningTest-DesqCount-ttff-5-2-7-true-]" classname="de.uni_mannheim.desq.mining.spark.Icdm16TraditionalMiningTest" time="0.075"/>
  <testcase name="testGenericDesqDataset[Icdm16TraditionalMiningTest-DesqCount-ttff-5-2-7-true-]" classname="de.uni_mannheim.desq.mining.spark.Icdm16TraditionalMiningTest" time="0.039"/>
  <testcase name="testDesqDataset[Icdm16TraditionalMiningTest-DesqCount-ttff-7-0-1-false-]" classname="de.uni_mannheim.desq.mining.spark.Icdm16TraditionalMiningTest" time="0.022"/>
  <testcase name="testDesqDataset[Icdm16TraditionalMiningTest-DesqCount-ttff-7-0-1-false-]" classname="de.uni_mannheim.desq.mining.spark.Icdm16TraditionalMiningTest" time="0.023"/>
  <testcase name="testGenericDesqDataset[Icdm16TraditionalMiningTest-DesqCount-ttff-7-0-1-false-]" classname="de.uni_mannheim.desq.mining.spark.Icdm16TraditionalMiningTest" time="0.027"/>
  <testcase name="testGenericDesqDataset[Icdm16TraditionalMiningTest-DesqCount-ttff-7-0-1-false-]" classname="de.uni_mannheim.desq.mining.spark.Icdm16TraditionalMiningTest" time="0.024"/>
  <testcase name="testDesqDataset[Icdm16TraditionalMiningTest-DesqCount-ttff-7-0-1-true-]" classname="de.uni_mannheim.desq.mining.spark.Icdm16TraditionalMiningTest" time="0.013"/>
  <testcase name="testDesqDataset[Icdm16TraditionalMiningTest-DesqCount-ttff-7-0-1-true-]" classname="de.uni_mannheim.desq.mining.spark.Icdm16TraditionalMiningTest" time="0.018"/>
  <testcase name="testGenericDesqDataset[Icdm16TraditionalMiningTest-DesqCount-ttff-7-0-1-true-]" classname="de.uni_mannheim.desq.mining.spark.Icdm16TraditionalMiningTest" time="0.019"/>
  <testcase name="testGenericDesqDataset[Icdm16TraditionalMiningTest-DesqCount-ttff-7-0-1-true-]" classname="de.uni_mannheim.desq.mining.spark.Icdm16TraditionalMiningTest" time="0.027"/>
  <testcase name="testDesqDataset[Icdm16TraditionalMiningTest-DesqCount-ttff-7-0-3-false-]" classname="de.uni_mannheim.desq.mining.spark.Icdm16TraditionalMiningTest" time="0.023"/>
  <testcase name="testDesqDataset[Icdm16TraditionalMiningTest-DesqCount-ttff-7-0-3-false-]" classname="de.uni_mannheim.desq.mining.spark.Icdm16TraditionalMiningTest" time="0.027"/>
  <testcase name="testGenericDesqDataset[Icdm16TraditionalMiningTest-DesqCount-ttff-7-0-3-false-]" classname="de.uni_mannheim.desq.mining.spark.Icdm16TraditionalMiningTest" time="0.019"/>
  <testcase name="testGenericDesqDataset[Icdm16TraditionalMiningTest-DesqCount-ttff-7-0-3-false-]" classname="de.uni_mannheim.desq.mining.spark.Icdm16TraditionalMiningTest" time="0.029"/>
  <testcase name="testDesqDataset[Icdm16TraditionalMiningTest-DesqCount-ttff-7-0-3-true-]" classname="de.uni_mannheim.desq.mining.spark.Icdm16TraditionalMiningTest" time="0.029"/>
  <testcase name="testDesqDataset[Icdm16TraditionalMiningTest-DesqCount-ttff-7-0-3-true-]" classname="de.uni_mannheim.desq.mining.spark.Icdm16TraditionalMiningTest" time="0.026"/>
  <testcase name="testGenericDesqDataset[Icdm16TraditionalMiningTest-DesqCount-ttff-7-0-3-true-]" classname="de.uni_mannheim.desq.mining.spark.Icdm16TraditionalMiningTest" time="0.029"/>
  <testcase name="testGenericDesqDataset[Icdm16TraditionalMiningTest-DesqCount-ttff-7-0-3-true-]" classname="de.uni_mannheim.desq.mining.spark.Icdm16TraditionalMiningTest" time="0.038"/>
  <testcase name="testDesqDataset[Icdm16TraditionalMiningTest-DesqCount-ttff-7-0-5-false-]" classname="de.uni_mannheim.desq.mining.spark.Icdm16TraditionalMiningTest" time="0.025"/>
  <testcase name="testDesqDataset[Icdm16TraditionalMiningTest-DesqCount-ttff-7-0-5-false-]" classname="de.uni_mannheim.desq.mining.spark.Icdm16TraditionalMiningTest" time="0.021"/>
  <testcase name="testGenericDesqDataset[Icdm16TraditionalMiningTest-DesqCount-ttff-7-0-5-false-]" classname="de.uni_mannheim.desq.mining.spark.Icdm16TraditionalMiningTest" time="0.032"/>
  <testcase name="testGenericDesqDataset[Icdm16TraditionalMiningTest-DesqCount-ttff-7-0-5-false-]" classname="de.uni_mannheim.desq.mining.spark.Icdm16TraditionalMiningTest" time="0.029"/>
  <testcase name="testDesqDataset[Icdm16TraditionalMiningTest-DesqCount-ttff-7-0-5-true-]" classname="de.uni_mannheim.desq.mining.spark.Icdm16TraditionalMiningTest" time="0.022"/>
  <testcase name="testDesqDataset[Icdm16TraditionalMiningTest-DesqCount-ttff-7-0-5-true-]" classname="de.uni_mannheim.desq.mining.spark.Icdm16TraditionalMiningTest" time="0.02"/>
  <testcase name="testGenericDesqDataset[Icdm16TraditionalMiningTest-DesqCount-ttff-7-0-5-true-]" classname="de.uni_mannheim.desq.mining.spark.Icdm16TraditionalMiningTest" time="0.025"/>
  <testcase name="testGenericDesqDataset[Icdm16TraditionalMiningTest-DesqCount-ttff-7-0-5-true-]" classname="de.uni_mannheim.desq.mining.spark.Icdm16TraditionalMiningTest" time="0.031"/>
  <testcase name="testDesqDataset[Icdm16TraditionalMiningTest-DesqCount-ttff-7-0-7-false-]" classname="de.uni_mannheim.desq.mining.spark.Icdm16TraditionalMiningTest" time="0.021"/>
  <testcase name="testDesqDataset[Icdm16TraditionalMiningTest-DesqCount-ttff-7-0-7-false-]" classname="de.uni_mannheim.desq.mining.spark.Icdm16TraditionalMiningTest" time="0.032"/>
  <testcase name="testGenericDesqDataset[Icdm16TraditionalMiningTest-DesqCount-ttff-7-0-7-false-]" classname="de.uni_mannheim.desq.mining.spark.Icdm16TraditionalMiningTest" time="0.026"/>
  <testcase name="testGenericDesqDataset[Icdm16TraditionalMiningTest-DesqCount-ttff-7-0-7-false-]" classname="de.uni_mannheim.desq.mining.spark.Icdm16TraditionalMiningTest" time="0.027"/>
  <testcase name="testDesqDataset[Icdm16TraditionalMiningTest-DesqCount-ttff-7-0-7-true-]" classname="de.uni_mannheim.desq.mining.spark.Icdm16TraditionalMiningTest" time="0.02"/>
  <testcase name="testDesqDataset[Icdm16TraditionalMiningTest-DesqCount-ttff-7-0-7-true-]" classname="de.uni_mannheim.desq.mining.spark.Icdm16TraditionalMiningTest" time="0.029"/>
  <testcase name="testGenericDesqDataset[Icdm16TraditionalMiningTest-DesqCount-ttff-7-0-7-true-]" classname="de.uni_mannheim.desq.mining.spark.Icdm16TraditionalMiningTest" time="0.03"/>
  <testcase name="testGenericDesqDataset[Icdm16TraditionalMiningTest-DesqCount-ttff-7-0-7-true-]" classname="de.uni_mannheim.desq.mining.spark.Icdm16TraditionalMiningTest" time="0.029"/>
  <testcase name="testDesqDataset[Icdm16TraditionalMiningTest-DesqCount-ttff-7-1-1-false-]" classname="de.uni_mannheim.desq.mining.spark.Icdm16TraditionalMiningTest" time="0.02"/>
  <testcase name="testDesqDataset[Icdm16TraditionalMiningTest-DesqCount-ttff-7-1-1-false-]" classname="de.uni_mannheim.desq.mining.spark.Icdm16TraditionalMiningTest" time="0.025"/>
  <testcase name="testGenericDesqDataset[Icdm16TraditionalMiningTest-DesqCount-ttff-7-1-1-false-]" classname="de.uni_mannheim.desq.mining.spark.Icdm16TraditionalMiningTest" time="0.025"/>
  <testcase name="testGenericDesqDataset[Icdm16TraditionalMiningTest-DesqCount-ttff-7-1-1-false-]" classname="de.uni_mannheim.desq.mining.spark.Icdm16TraditionalMiningTest" time="0.025"/>
  <testcase name="testDesqDataset[Icdm16TraditionalMiningTest-DesqCount-ttff-7-1-1-true-]" classname="de.uni_mannheim.desq.mining.spark.Icdm16TraditionalMiningTest" time="0.023"/>
  <testcase name="testDesqDataset[Icdm16TraditionalMiningTest-DesqCount-ttff-7-1-1-true-]" classname="de.uni_mannheim.desq.mining.spark.Icdm16TraditionalMiningTest" time="0.02"/>
  <testcase name="testGenericDesqDataset[Icdm16TraditionalMiningTest-DesqCount-ttff-7-1-1-true-]" classname="de.uni_mannheim.desq.mining.spark.Icdm16TraditionalMiningTest" time="0.021"/>
  <testcase name="testGenericDesqDataset[Icdm16TraditionalMiningTest-DesqCount-ttff-7-1-1-true-]" classname="de.uni_mannheim.desq.mining.spark.Icdm16TraditionalMiningTest" time="0.03"/>
  <testcase name="testDesqDataset[Icdm16TraditionalMiningTest-DesqCount-ttff-7-1-3-false-]" classname="de.uni_mannheim.desq.mining.spark.Icdm16TraditionalMiningTest" time="0.02"/>
  <testcase name="testDesqDataset[Icdm16TraditionalMiningTest-DesqCount-ttff-7-1-3-false-]" classname="de.uni_mannheim.desq.mining.spark.Icdm16TraditionalMiningTest" time="0.022"/>
  <testcase name="testGenericDesqDataset[Icdm16TraditionalMiningTest-DesqCount-ttff-7-1-3-false-]" classname="de.uni_mannheim.desq.mining.spark.Icdm16TraditionalMiningTest" time="0.026"/>
  <testcase name="testGenericDesqDataset[Icdm16TraditionalMiningTest-DesqCount-ttff-7-1-3-false-]" classname="de.uni_mannheim.desq.mining.spark.Icdm16TraditionalMiningTest" time="0.031"/>
  <testcase name="testDesqDataset[Icdm16TraditionalMiningTest-DesqCount-ttff-7-1-3-true-]" classname="de.uni_mannheim.desq.mining.spark.Icdm16TraditionalMiningTest" time="0.028"/>
  <testcase name="testDesqDataset[Icdm16TraditionalMiningTest-DesqCount-ttff-7-1-3-true-]" classname="de.uni_mannheim.desq.mining.spark.Icdm16TraditionalMiningTest" time="0.039"/>
  <testcase name="testGenericDesqDataset[Icdm16TraditionalMiningTest-DesqCount-ttff-7-1-3-true-]" classname="de.uni_mannheim.desq.mining.spark.Icdm16TraditionalMiningTest" time="0.029"/>
  <testcase name="testGenericDesqDataset[Icdm16TraditionalMiningTest-DesqCount-ttff-7-1-3-true-]" classname="de.uni_mannheim.desq.mining.spark.Icdm16TraditionalMiningTest" time="0.025"/>
  <testcase name="testDesqDataset[Icdm16TraditionalMiningTest-DesqCount-ttff-7-1-5-false-]" classname="de.uni_mannheim.desq.mining.spark.Icdm16TraditionalMiningTest" time="0.024"/>
  <testcase name="testDesqDataset[Icdm16TraditionalMiningTest-DesqCount-ttff-7-1-5-false-]" classname="de.uni_mannheim.desq.mining.spark.Icdm16TraditionalMiningTest" time="0.033"/>
  <testcase name="testGenericDesqDataset[Icdm16TraditionalMiningTest-DesqCount-ttff-7-1-5-false-]" classname="de.uni_mannheim.desq.mining.spark.Icdm16TraditionalMiningTest" time="0.021"/>
  <testcase name="testGenericDesqDataset[Icdm16TraditionalMiningTest-DesqCount-ttff-7-1-5-false-]" classname="de.uni_mannheim.desq.mining.spark.Icdm16TraditionalMiningTest" time="0.029"/>
  <testcase name="testDesqDataset[Icdm16TraditionalMiningTest-DesqCount-ttff-7-1-5-true-]" classname="de.uni_mannheim.desq.mining.spark.Icdm16TraditionalMiningTest" time="0.027"/>
  <testcase name="testDesqDataset[Icdm16TraditionalMiningTest-DesqCount-ttff-7-1-5-true-]" classname="de.uni_mannheim.desq.mining.spark.Icdm16TraditionalMiningTest" time="0.033"/>
  <testcase name="testGenericDesqDataset[Icdm16TraditionalMiningTest-DesqCount-ttff-7-1-5-true-]" classname="de.uni_mannheim.desq.mining.spark.Icdm16TraditionalMiningTest" time="0.026"/>
  <testcase name="testGenericDesqDataset[Icdm16TraditionalMiningTest-DesqCount-ttff-7-1-5-true-]" classname="de.uni_mannheim.desq.mining.spark.Icdm16TraditionalMiningTest" time="0.027"/>
  <testcase name="testDesqDataset[Icdm16TraditionalMiningTest-DesqCount-ttff-7-1-7-false-]" classname="de.uni_mannheim.desq.mining.spark.Icdm16TraditionalMiningTest" time="0.027"/>
  <testcase name="testDesqDataset[Icdm16TraditionalMiningTest-DesqCount-ttff-7-1-7-false-]" classname="de.uni_mannheim.desq.mining.spark.Icdm16TraditionalMiningTest" time="0.023"/>
  <testcase name="testGenericDesqDataset[Icdm16TraditionalMiningTest-DesqCount-ttff-7-1-7-false-]" classname="de.uni_mannheim.desq.mining.spark.Icdm16TraditionalMiningTest" time="0.031"/>
  <testcase name="testGenericDesqDataset[Icdm16TraditionalMiningTest-DesqCount-ttff-7-1-7-false-]" classname="de.uni_mannheim.desq.mining.spark.Icdm16TraditionalMiningTest" time="0.031"/>
  <testcase name="testDesqDataset[Icdm16TraditionalMiningTest-DesqCount-ttff-7-1-7-true-]" classname="de.uni_mannheim.desq.mining.spark.Icdm16TraditionalMiningTest" time="0.029"/>
  <testcase name="testDesqDataset[Icdm16TraditionalMiningTest-DesqCount-ttff-7-1-7-true-]" classname="de.uni_mannheim.desq.mining.spark.Icdm16TraditionalMiningTest" time="0.029"/>
  <testcase name="testGenericDesqDataset[Icdm16TraditionalMiningTest-DesqCount-ttff-7-1-7-true-]" classname="de.uni_mannheim.desq.mining.spark.Icdm16TraditionalMiningTest" time="0.029"/>
  <testcase name="testGenericDesqDataset[Icdm16TraditionalMiningTest-DesqCount-ttff-7-1-7-true-]" classname="de.uni_mannheim.desq.mining.spark.Icdm16TraditionalMiningTest" time="0.029"/>
  <testcase name="testDesqDataset[Icdm16TraditionalMiningTest-DesqCount-ttff-7-2-1-false-]" classname="de.uni_mannheim.desq.mining.spark.Icdm16TraditionalMiningTest" time="0.031"/>
  <testcase name="testDesqDataset[Icdm16TraditionalMiningTest-DesqCount-ttff-7-2-1-false-]" classname="de.uni_mannheim.desq.mining.spark.Icdm16TraditionalMiningTest" time="0.024"/>
  <testcase name="testGenericDesqDataset[Icdm16TraditionalMiningTest-DesqCount-ttff-7-2-1-false-]" classname="de.uni_mannheim.desq.mining.spark.Icdm16TraditionalMiningTest" time="0.021"/>
  <testcase name="testGenericDesqDataset[Icdm16TraditionalMiningTest-DesqCount-ttff-7-2-1-false-]" classname="de.uni_mannheim.desq.mining.spark.Icdm16TraditionalMiningTest" time="0.028"/>
  <testcase name="testDesqDataset[Icdm16TraditionalMiningTest-DesqCount-ttff-7-2-1-true-]" classname="de.uni_mannheim.desq.mining.spark.Icdm16TraditionalMiningTest" time="0.027"/>
  <testcase name="testDesqDataset[Icdm16TraditionalMiningTest-DesqCount-ttff-7-2-1-true-]" classname="de.uni_mannheim.desq.mining.spark.Icdm16TraditionalMiningTest" time="0.026"/>
  <testcase name="testGenericDesqDataset[Icdm16TraditionalMiningTest-DesqCount-ttff-7-2-1-true-]" classname="de.uni_mannheim.desq.mining.spark.Icdm16TraditionalMiningTest" time="0.02"/>
  <testcase name="testGenericDesqDataset[Icdm16TraditionalMiningTest-DesqCount-ttff-7-2-1-true-]" classname="de.uni_mannheim.desq.mining.spark.Icdm16TraditionalMiningTest" time="0.033"/>
  <testcase name="testDesqDataset[Icdm16TraditionalMiningTest-DesqCount-ttff-7-2-3-false-]" classname="de.uni_mannheim.desq.mining.spark.Icdm16TraditionalMiningTest" time="0.03"/>
  <testcase name="testDesqDataset[Icdm16TraditionalMiningTest-DesqCount-ttff-7-2-3-false-]" classname="de.uni_mannheim.desq.mining.spark.Icdm16TraditionalMiningTest" time="0.037"/>
  <testcase name="testGenericDesqDataset[Icdm16TraditionalMiningTest-DesqCount-ttff-7-2-3-false-]" classname="de.uni_mannheim.desq.mining.spark.Icdm16TraditionalMiningTest" time="0.025"/>
  <testcase name="testGenericDesqDataset[Icdm16TraditionalMiningTest-DesqCount-ttff-7-2-3-false-]" classname="de.uni_mannheim.desq.mining.spark.Icdm16TraditionalMiningTest" time="0.031"/>
  <testcase name="testDesqDataset[Icdm16TraditionalMiningTest-DesqCount-ttff-7-2-3-true-]" classname="de.uni_mannheim.desq.mining.spark.Icdm16TraditionalMiningTest" time="0.02"/>
  <testcase name="testDesqDataset[Icdm16TraditionalMiningTest-DesqCount-ttff-7-2-3-true-]" classname="de.uni_mannheim.desq.mining.spark.Icdm16TraditionalMiningTest" time="0.025"/>
  <testcase name="testGenericDesqDataset[Icdm16TraditionalMiningTest-DesqCount-ttff-7-2-3-true-]" classname="de.uni_mannheim.desq.mining.spark.Icdm16TraditionalMiningTest" time="0.026"/>
  <testcase name="testGenericDesqDataset[Icdm16TraditionalMiningTest-DesqCount-ttff-7-2-3-true-]" classname="de.uni_mannheim.desq.mining.spark.Icdm16TraditionalMiningTest" time="0.028"/>
  <testcase name="testDesqDataset[Icdm16TraditionalMiningTest-DesqCount-ttff-7-2-5-false-]" classname="de.uni_mannheim.desq.mining.spark.Icdm16TraditionalMiningTest" time="0.024"/>
  <testcase name="testDesqDataset[Icdm16TraditionalMiningTest-DesqCount-ttff-7-2-5-false-]" classname="de.uni_mannheim.desq.mining.spark.Icdm16TraditionalMiningTest" time="0.025"/>
  <testcase name="testGenericDesqDataset[Icdm16TraditionalMiningTest-DesqCount-ttff-7-2-5-false-]" classname="de.uni_mannheim.desq.mining.spark.Icdm16TraditionalMiningTest" time="0.03"/>
  <testcase name="testGenericDesqDataset[Icdm16TraditionalMiningTest-DesqCount-ttff-7-2-5-false-]" classname="de.uni_mannheim.desq.mining.spark.Icdm16TraditionalMiningTest" time="0.027"/>
  <testcase name="testDesqDataset[Icdm16TraditionalMiningTest-DesqCount-ttff-7-2-5-true-]" classname="de.uni_mannheim.desq.mining.spark.Icdm16TraditionalMiningTest" time="0.02"/>
  <testcase name="testDesqDataset[Icdm16TraditionalMiningTest-DesqCount-ttff-7-2-5-true-]" classname="de.uni_mannheim.desq.mining.spark.Icdm16TraditionalMiningTest" time="0.042"/>
  <testcase name="testGenericDesqDataset[Icdm16TraditionalMiningTest-DesqCount-ttff-7-2-5-true-]" classname="de.uni_mannheim.desq.mining.spark.Icdm16TraditionalMiningTest" time="0.027"/>
  <testcase name="testGenericDesqDataset[Icdm16TraditionalMiningTest-DesqCount-ttff-7-2-5-true-]" classname="de.uni_mannheim.desq.mining.spark.Icdm16TraditionalMiningTest" time="0.026"/>
  <testcase name="testDesqDataset[Icdm16TraditionalMiningTest-DesqCount-ttff-7-2-7-false-]" classname="de.uni_mannheim.desq.mining.spark.Icdm16TraditionalMiningTest" time="0.027"/>
  <testcase name="testDesqDataset[Icdm16TraditionalMiningTest-DesqCount-ttff-7-2-7-false-]" classname="de.uni_mannheim.desq.mining.spark.Icdm16TraditionalMiningTest" time="0.024"/>
  <testcase name="testGenericDesqDataset[Icdm16TraditionalMiningTest-DesqCount-ttff-7-2-7-false-]" classname="de.uni_mannheim.desq.mining.spark.Icdm16TraditionalMiningTest" time="0.031"/>
  <testcase name="testGenericDesqDataset[Icdm16TraditionalMiningTest-DesqCount-ttff-7-2-7-false-]" classname="de.uni_mannheim.desq.mining.spark.Icdm16TraditionalMiningTest" time="0.017"/>
  <testcase name="testDesqDataset[Icdm16TraditionalMiningTest-DesqCount-ttff-7-2-7-true-]" classname="de.uni_mannheim.desq.mining.spark.Icdm16TraditionalMiningTest" time="0.024"/>
  <testcase name="testDesqDataset[Icdm16TraditionalMiningTest-DesqCount-ttff-7-2-7-true-]" classname="de.uni_mannheim.desq.mining.spark.Icdm16TraditionalMiningTest" time="0.029"/>
  <testcase name="testGenericDesqDataset[Icdm16TraditionalMiningTest-DesqCount-ttff-7-2-7-true-]" classname="de.uni_mannheim.desq.mining.spark.Icdm16TraditionalMiningTest" time="0.029"/>
  <testcase name="testGenericDesqDataset[Icdm16TraditionalMiningTest-DesqCount-ttff-7-2-7-true-]" classname="de.uni_mannheim.desq.mining.spark.Icdm16TraditionalMiningTest" time="0.026"/>
  <testcase name="testDesqDataset[Icdm16TraditionalMiningTest-DesqCount-tttt-1-0-1-false-]" classname="de.uni_mannheim.desq.mining.spark.Icdm16TraditionalMiningTest" time="0.028"/>
  <testcase name="testDesqDataset[Icdm16TraditionalMiningTest-DesqCount-tttt-1-0-1-false-]" classname="de.uni_mannheim.desq.mining.spark.Icdm16TraditionalMiningTest" time="0.026"/>
  <testcase name="testGenericDesqDataset[Icdm16TraditionalMiningTest-DesqCount-tttt-1-0-1-false-]" classname="de.uni_mannheim.desq.mining.spark.Icdm16TraditionalMiningTest" time="0.036"/>
  <testcase name="testGenericDesqDataset[Icdm16TraditionalMiningTest-DesqCount-tttt-1-0-1-false-]" classname="de.uni_mannheim.desq.mining.spark.Icdm16TraditionalMiningTest" time="0.031"/>
  <testcase name="testDesqDataset[Icdm16TraditionalMiningTest-DesqCount-tttt-1-0-1-true-]" classname="de.uni_mannheim.desq.mining.spark.Icdm16TraditionalMiningTest" time="0.031"/>
  <testcase name="testDesqDataset[Icdm16TraditionalMiningTest-DesqCount-tttt-1-0-1-true-]" classname="de.uni_mannheim.desq.mining.spark.Icdm16TraditionalMiningTest" time="0.03"/>
  <testcase name="testGenericDesqDataset[Icdm16TraditionalMiningTest-DesqCount-tttt-1-0-1-true-]" classname="de.uni_mannheim.desq.mining.spark.Icdm16TraditionalMiningTest" time="0.034"/>
  <testcase name="testGenericDesqDataset[Icdm16TraditionalMiningTest-DesqCount-tttt-1-0-1-true-]" classname="de.uni_mannheim.desq.mining.spark.Icdm16TraditionalMiningTest" time="0.045"/>
  <testcase name="testDesqDataset[Icdm16TraditionalMiningTest-DesqCount-tttt-1-0-3-false-]" classname="de.uni_mannheim.desq.mining.spark.Icdm16TraditionalMiningTest" time="0.032"/>
  <testcase name="testDesqDataset[Icdm16TraditionalMiningTest-DesqCount-tttt-1-0-3-false-]" classname="de.uni_mannheim.desq.mining.spark.Icdm16TraditionalMiningTest" time="0.034"/>
  <testcase name="testGenericDesqDataset[Icdm16TraditionalMiningTest-DesqCount-tttt-1-0-3-false-]" classname="de.uni_mannheim.desq.mining.spark.Icdm16TraditionalMiningTest" time="0.035"/>
  <testcase name="testGenericDesqDataset[Icdm16TraditionalMiningTest-DesqCount-tttt-1-0-3-false-]" classname="de.uni_mannheim.desq.mining.spark.Icdm16TraditionalMiningTest" time="0.166"/>
  <testcase name="testDesqDataset[Icdm16TraditionalMiningTest-DesqCount-tttt-1-0-3-true-]" classname="de.uni_mannheim.desq.mining.spark.Icdm16TraditionalMiningTest" time="0.061"/>
  <testcase name="testDesqDataset[Icdm16TraditionalMiningTest-DesqCount-tttt-1-0-3-true-]" classname="de.uni_mannheim.desq.mining.spark.Icdm16TraditionalMiningTest" time="0.036"/>
  <testcase name="testGenericDesqDataset[Icdm16TraditionalMiningTest-DesqCount-tttt-1-0-3-true-]" classname="de.uni_mannheim.desq.mining.spark.Icdm16TraditionalMiningTest" time="0.192"/>
  <testcase name="testGenericDesqDataset[Icdm16TraditionalMiningTest-DesqCount-tttt-1-0-3-true-]" classname="de.uni_mannheim.desq.mining.spark.Icdm16TraditionalMiningTest" time="0.189"/>
  <testcase name="testDesqDataset[Icdm16TraditionalMiningTest-DesqCount-tttt-1-0-5-false-]" classname="de.uni_mannheim.desq.mining.spark.Icdm16TraditionalMiningTest" time="0.044"/>
  <testcase name="testDesqDataset[Icdm16TraditionalMiningTest-DesqCount-tttt-1-0-5-false-]" classname="de.uni_mannheim.desq.mining.spark.Icdm16TraditionalMiningTest" time="0.065"/>
  <testcase name="testGenericDesqDataset[Icdm16TraditionalMiningTest-DesqCount-tttt-1-0-5-false-]" classname="de.uni_mannheim.desq.mining.spark.Icdm16TraditionalMiningTest" time="0.049"/>
  <testcase name="testGenericDesqDataset[Icdm16TraditionalMiningTest-DesqCount-tttt-1-0-5-false-]" classname="de.uni_mannheim.desq.mining.spark.Icdm16TraditionalMiningTest" time="0.056"/>
  <testcase name="testDesqDataset[Icdm16TraditionalMiningTest-DesqCount-tttt-1-0-5-true-]" classname="de.uni_mannheim.desq.mining.spark.Icdm16TraditionalMiningTest" time="0.093"/>
  <testcase name="testDesqDataset[Icdm16TraditionalMiningTest-DesqCount-tttt-1-0-5-true-]" classname="de.uni_mannheim.desq.mining.spark.Icdm16TraditionalMiningTest" time="0.059"/>
  <testcase name="testGenericDesqDataset[Icdm16TraditionalMiningTest-DesqCount-tttt-1-0-5-true-]" classname="de.uni_mannheim.desq.mining.spark.Icdm16TraditionalMiningTest" time="0.121"/>
  <testcase name="testGenericDesqDataset[Icdm16TraditionalMiningTest-DesqCount-tttt-1-0-5-true-]" classname="de.uni_mannheim.desq.mining.spark.Icdm16TraditionalMiningTest" time="0.108"/>
  <testcase name="testDesqDataset[Icdm16TraditionalMiningTest-DesqCount-tttt-1-0-7-false-]" classname="de.uni_mannheim.desq.mining.spark.Icdm16TraditionalMiningTest" time="0.043"/>
  <testcase name="testDesqDataset[Icdm16TraditionalMiningTest-DesqCount-tttt-1-0-7-false-]" classname="de.uni_mannheim.desq.mining.spark.Icdm16TraditionalMiningTest" time="0.027"/>
  <testcase name="testGenericDesqDataset[Icdm16TraditionalMiningTest-DesqCount-tttt-1-0-7-false-]" classname="de.uni_mannheim.desq.mining.spark.Icdm16TraditionalMiningTest" time="0.039"/>
  <testcase name="testGenericDesqDataset[Icdm16TraditionalMiningTest-DesqCount-tttt-1-0-7-false-]" classname="de.uni_mannheim.desq.mining.spark.Icdm16TraditionalMiningTest" time="0.033"/>
  <testcase name="testDesqDataset[Icdm16TraditionalMiningTest-DesqCount-tttt-1-0-7-true-]" classname="de.uni_mannheim.desq.mining.spark.Icdm16TraditionalMiningTest" time="0.05"/>
  <testcase name="testDesqDataset[Icdm16TraditionalMiningTest-DesqCount-tttt-1-0-7-true-]" classname="de.uni_mannheim.desq.mining.spark.Icdm16TraditionalMiningTest" time="0.047"/>
  <testcase name="testGenericDesqDataset[Icdm16TraditionalMiningTest-DesqCount-tttt-1-0-7-true-]" classname="de.uni_mannheim.desq.mining.spark.Icdm16TraditionalMiningTest" time="0.037"/>
  <testcase name="testGenericDesqDataset[Icdm16TraditionalMiningTest-DesqCount-tttt-1-0-7-true-]" classname="de.uni_mannheim.desq.mining.spark.Icdm16TraditionalMiningTest" time="0.045"/>
  <testcase name="testDesqDataset[Icdm16TraditionalMiningTest-DesqCount-tttt-1-1-1-false-]" classname="de.uni_mannheim.desq.mining.spark.Icdm16TraditionalMiningTest" time="0.049"/>
  <testcase name="testDesqDataset[Icdm16TraditionalMiningTest-DesqCount-tttt-1-1-1-false-]" classname="de.uni_mannheim.desq.mining.spark.Icdm16TraditionalMiningTest" time="0.029"/>
  <testcase name="testGenericDesqDataset[Icdm16TraditionalMiningTest-DesqCount-tttt-1-1-1-false-]" classname="de.uni_mannheim.desq.mining.spark.Icdm16TraditionalMiningTest" time="0.045"/>
  <testcase name="testGenericDesqDataset[Icdm16TraditionalMiningTest-DesqCount-tttt-1-1-1-false-]" classname="de.uni_mannheim.desq.mining.spark.Icdm16TraditionalMiningTest" time="0.04"/>
  <testcase name="testDesqDataset[Icdm16TraditionalMiningTest-DesqCount-tttt-1-1-1-true-]" classname="de.uni_mannheim.desq.mining.spark.Icdm16TraditionalMiningTest" time="0.027"/>
  <testcase name="testDesqDataset[Icdm16TraditionalMiningTest-DesqCount-tttt-1-1-1-true-]" classname="de.uni_mannheim.desq.mining.spark.Icdm16TraditionalMiningTest" time="0.034"/>
  <testcase name="testGenericDesqDataset[Icdm16TraditionalMiningTest-DesqCount-tttt-1-1-1-true-]" classname="de.uni_mannheim.desq.mining.spark.Icdm16TraditionalMiningTest" time="0.038"/>
  <testcase name="testGenericDesqDataset[Icdm16TraditionalMiningTest-DesqCount-tttt-1-1-1-true-]" classname="de.uni_mannheim.desq.mining.spark.Icdm16TraditionalMiningTest" time="0.02"/>
  <testcase name="testDesqDataset[Icdm16TraditionalMiningTest-DesqCount-tttt-1-1-3-false-]" classname="de.uni_mannheim.desq.mining.spark.Icdm16TraditionalMiningTest" time="0.035"/>
  <testcase name="testDesqDataset[Icdm16TraditionalMiningTest-DesqCount-tttt-1-1-3-false-]" classname="de.uni_mannheim.desq.mining.spark.Icdm16TraditionalMiningTest" time="0.025"/>
  <testcase name="testGenericDesqDataset[Icdm16TraditionalMiningTest-DesqCount-tttt-1-1-3-false-]" classname="de.uni_mannheim.desq.mining.spark.Icdm16TraditionalMiningTest" time="0.032"/>
  <testcase name="testGenericDesqDataset[Icdm16TraditionalMiningTest-DesqCount-tttt-1-1-3-false-]" classname="de.uni_mannheim.desq.mining.spark.Icdm16TraditionalMiningTest" time="0.034"/>
  <testcase name="testDesqDataset[Icdm16TraditionalMiningTest-DesqCount-tttt-1-1-3-true-]" classname="de.uni_mannheim.desq.mining.spark.Icdm16TraditionalMiningTest" time="0.046"/>
  <testcase name="testDesqDataset[Icdm16TraditionalMiningTest-DesqCount-tttt-1-1-3-true-]" classname="de.uni_mannheim.desq.mining.spark.Icdm16TraditionalMiningTest" time="0.046"/>
  <testcase name="testGenericDesqDataset[Icdm16TraditionalMiningTest-DesqCount-tttt-1-1-3-true-]" classname="de.uni_mannheim.desq.mining.spark.Icdm16TraditionalMiningTest" time="0.036"/>
  <testcase name="testGenericDesqDataset[Icdm16TraditionalMiningTest-DesqCount-tttt-1-1-3-true-]" classname="de.uni_mannheim.desq.mining.spark.Icdm16TraditionalMiningTest" time="0.033"/>
  <testcase name="testDesqDataset[Icdm16TraditionalMiningTest-DesqCount-tttt-1-1-5-false-]" classname="de.uni_mannheim.desq.mining.spark.Icdm16TraditionalMiningTest" time="0.026"/>
  <testcase name="testDesqDataset[Icdm16TraditionalMiningTest-DesqCount-tttt-1-1-5-false-]" classname="de.uni_mannheim.desq.mining.spark.Icdm16TraditionalMiningTest" time="0.03"/>
  <testcase name="testGenericDesqDataset[Icdm16TraditionalMiningTest-DesqCount-tttt-1-1-5-false-]" classname="de.uni_mannheim.desq.mining.spark.Icdm16TraditionalMiningTest" time="0.046"/>
  <testcase name="testGenericDesqDataset[Icdm16TraditionalMiningTest-DesqCount-tttt-1-1-5-false-]" classname="de.uni_mannheim.desq.mining.spark.Icdm16TraditionalMiningTest" time="0.033"/>
  <testcase name="testDesqDataset[Icdm16TraditionalMiningTest-DesqCount-tttt-1-1-5-true-]" classname="de.uni_mannheim.desq.mining.spark.Icdm16TraditionalMiningTest" time="0.067"/>
  <testcase name="testDesqDataset[Icdm16TraditionalMiningTest-DesqCount-tttt-1-1-5-true-]" classname="de.uni_mannheim.desq.mining.spark.Icdm16TraditionalMiningTest" time="0.042"/>
  <testcase name="testGenericDesqDataset[Icdm16TraditionalMiningTest-DesqCount-tttt-1-1-5-true-]" classname="de.uni_mannheim.desq.mining.spark.Icdm16TraditionalMiningTest" time="0.063"/>
  <testcase name="testGenericDesqDataset[Icdm16TraditionalMiningTest-DesqCount-tttt-1-1-5-true-]" classname="de.uni_mannheim.desq.mining.spark.Icdm16TraditionalMiningTest" time="0.042"/>
  <testcase name="testDesqDataset[Icdm16TraditionalMiningTest-DesqCount-tttt-1-1-7-false-]" classname="de.uni_mannheim.desq.mining.spark.Icdm16TraditionalMiningTest" time="0.029"/>
  <testcase name="testDesqDataset[Icdm16TraditionalMiningTest-DesqCount-tttt-1-1-7-false-]" classname="de.uni_mannheim.desq.mining.spark.Icdm16TraditionalMiningTest" time="0.035"/>
  <testcase name="testGenericDesqDataset[Icdm16TraditionalMiningTest-DesqCount-tttt-1-1-7-false-]" classname="de.uni_mannheim.desq.mining.spark.Icdm16TraditionalMiningTest" time="0.03"/>
  <testcase name="testGenericDesqDataset[Icdm16TraditionalMiningTest-DesqCount-tttt-1-1-7-false-]" classname="de.uni_mannheim.desq.mining.spark.Icdm16TraditionalMiningTest" time="0.052"/>
  <testcase name="testDesqDataset[Icdm16TraditionalMiningTest-DesqCount-tttt-1-1-7-true-]" classname="de.uni_mannheim.desq.mining.spark.Icdm16TraditionalMiningTest" time="0.064"/>
  <testcase name="testDesqDataset[Icdm16TraditionalMiningTest-DesqCount-tttt-1-1-7-true-]" classname="de.uni_mannheim.desq.mining.spark.Icdm16TraditionalMiningTest" time="0.052"/>
  <testcase name="testGenericDesqDataset[Icdm16TraditionalMiningTest-DesqCount-tttt-1-1-7-true-]" classname="de.uni_mannheim.desq.mining.spark.Icdm16TraditionalMiningTest" time="0.057"/>
  <testcase name="testGenericDesqDataset[Icdm16TraditionalMiningTest-DesqCount-tttt-1-1-7-true-]" classname="de.uni_mannheim.desq.mining.spark.Icdm16TraditionalMiningTest" time="0.059"/>
  <testcase name="testDesqDataset[Icdm16TraditionalMiningTest-DesqCount-tttt-1-2-1-false-]" classname="de.uni_mannheim.desq.mining.spark.Icdm16TraditionalMiningTest" time="0.056"/>
  <testcase name="testDesqDataset[Icdm16TraditionalMiningTest-DesqCount-tttt-1-2-1-false-]" classname="de.uni_mannheim.desq.mining.spark.Icdm16TraditionalMiningTest" time="0.123"/>
  <testcase name="testGenericDesqDataset[Icdm16TraditionalMiningTest-DesqCount-tttt-1-2-1-false-]" classname="de.uni_mannheim.desq.mining.spark.Icdm16TraditionalMiningTest" time="0.084"/>
  <testcase name="testGenericDesqDataset[Icdm16TraditionalMiningTest-DesqCount-tttt-1-2-1-false-]" classname="de.uni_mannheim.desq.mining.spark.Icdm16TraditionalMiningTest" time="0.035"/>
  <testcase name="testDesqDataset[Icdm16TraditionalMiningTest-DesqCount-tttt-1-2-1-true-]" classname="de.uni_mannheim.desq.mining.spark.Icdm16TraditionalMiningTest" time="0.029"/>
  <testcase name="testDesqDataset[Icdm16TraditionalMiningTest-DesqCount-tttt-1-2-1-true-]" classname="de.uni_mannheim.desq.mining.spark.Icdm16TraditionalMiningTest" time="0.027"/>
  <testcase name="testGenericDesqDataset[Icdm16TraditionalMiningTest-DesqCount-tttt-1-2-1-true-]" classname="de.uni_mannheim.desq.mining.spark.Icdm16TraditionalMiningTest" time="0.039"/>
  <testcase name="testGenericDesqDataset[Icdm16TraditionalMiningTest-DesqCount-tttt-1-2-1-true-]" classname="de.uni_mannheim.desq.mining.spark.Icdm16TraditionalMiningTest" time="0.032"/>
  <testcase name="testDesqDataset[Icdm16TraditionalMiningTest-DesqCount-tttt-1-2-3-false-]" classname="de.uni_mannheim.desq.mining.spark.Icdm16TraditionalMiningTest" time="0.037"/>
  <testcase name="testDesqDataset[Icdm16TraditionalMiningTest-DesqCount-tttt-1-2-3-false-]" classname="de.uni_mannheim.desq.mining.spark.Icdm16TraditionalMiningTest" time="0.045"/>
  <testcase name="testGenericDesqDataset[Icdm16TraditionalMiningTest-DesqCount-tttt-1-2-3-false-]" classname="de.uni_mannheim.desq.mining.spark.Icdm16TraditionalMiningTest" time="0.037"/>
  <testcase name="testGenericDesqDataset[Icdm16TraditionalMiningTest-DesqCount-tttt-1-2-3-false-]" classname="de.uni_mannheim.desq.mining.spark.Icdm16TraditionalMiningTest" time="0.034"/>
  <testcase name="testDesqDataset[Icdm16TraditionalMiningTest-DesqCount-tttt-1-2-3-true-]" classname="de.uni_mannheim.desq.mining.spark.Icdm16TraditionalMiningTest" time="0.057"/>
  <testcase name="testDesqDataset[Icdm16TraditionalMiningTest-DesqCount-tttt-1-2-3-true-]" classname="de.uni_mannheim.desq.mining.spark.Icdm16TraditionalMiningTest" time="0.053"/>
  <testcase name="testGenericDesqDataset[Icdm16TraditionalMiningTest-DesqCount-tttt-1-2-3-true-]" classname="de.uni_mannheim.desq.mining.spark.Icdm16TraditionalMiningTest" time="0.033"/>
  <testcase name="testGenericDesqDataset[Icdm16TraditionalMiningTest-DesqCount-tttt-1-2-3-true-]" classname="de.uni_mannheim.desq.mining.spark.Icdm16TraditionalMiningTest" time="0.048"/>
  <testcase name="testDesqDataset[Icdm16TraditionalMiningTest-DesqCount-tttt-1-2-5-false-]" classname="de.uni_mannheim.desq.mining.spark.Icdm16TraditionalMiningTest" time="0.045"/>
  <testcase name="testDesqDataset[Icdm16TraditionalMiningTest-DesqCount-tttt-1-2-5-false-]" classname="de.uni_mannheim.desq.mining.spark.Icdm16TraditionalMiningTest" time="0.044"/>
  <testcase name="testGenericDesqDataset[Icdm16TraditionalMiningTest-DesqCount-tttt-1-2-5-false-]" classname="de.uni_mannheim.desq.mining.spark.Icdm16TraditionalMiningTest" time="0.043"/>
  <testcase name="testGenericDesqDataset[Icdm16TraditionalMiningTest-DesqCount-tttt-1-2-5-false-]" classname="de.uni_mannheim.desq.mining.spark.Icdm16TraditionalMiningTest" time="0.043"/>
  <testcase name="testDesqDataset[Icdm16TraditionalMiningTest-DesqCount-tttt-1-2-5-true-]" classname="de.uni_mannheim.desq.mining.spark.Icdm16TraditionalMiningTest" time="0.068"/>
  <testcase name="testDesqDataset[Icdm16TraditionalMiningTest-DesqCount-tttt-1-2-5-true-]" classname="de.uni_mannheim.desq.mining.spark.Icdm16TraditionalMiningTest" time="0.062"/>
  <testcase name="testGenericDesqDataset[Icdm16TraditionalMiningTest-DesqCount-tttt-1-2-5-true-]" classname="de.uni_mannheim.desq.mining.spark.Icdm16TraditionalMiningTest" time="0.067"/>
  <testcase name="testGenericDesqDataset[Icdm16TraditionalMiningTest-DesqCount-tttt-1-2-5-true-]" classname="de.uni_mannheim.desq.mining.spark.Icdm16TraditionalMiningTest" time="0.045"/>
  <testcase name="testDesqDataset[Icdm16TraditionalMiningTest-DesqCount-tttt-1-2-7-false-]" classname="de.uni_mannheim.desq.mining.spark.Icdm16TraditionalMiningTest" time="0.026"/>
  <testcase name="testDesqDataset[Icdm16TraditionalMiningTest-DesqCount-tttt-1-2-7-false-]" classname="de.uni_mannheim.desq.mining.spark.Icdm16TraditionalMiningTest" time="0.033"/>
  <testcase name="testGenericDesqDataset[Icdm16TraditionalMiningTest-DesqCount-tttt-1-2-7-false-]" classname="de.uni_mannheim.desq.mining.spark.Icdm16TraditionalMiningTest" time="0.045"/>
  <testcase name="testGenericDesqDataset[Icdm16TraditionalMiningTest-DesqCount-tttt-1-2-7-false-]" classname="de.uni_mannheim.desq.mining.spark.Icdm16TraditionalMiningTest" time="0.04"/>
  <testcase name="testDesqDataset[Icdm16TraditionalMiningTest-DesqCount-tttt-1-2-7-true-]" classname="de.uni_mannheim.desq.mining.spark.Icdm16TraditionalMiningTest" time="0.056"/>
  <testcase name="testDesqDataset[Icdm16TraditionalMiningTest-DesqCount-tttt-1-2-7-true-]" classname="de.uni_mannheim.desq.mining.spark.Icdm16TraditionalMiningTest" time="0.055"/>
  <testcase name="testGenericDesqDataset[Icdm16TraditionalMiningTest-DesqCount-tttt-1-2-7-true-]" classname="de.uni_mannheim.desq.mining.spark.Icdm16TraditionalMiningTest" time="0.051"/>
  <testcase name="testGenericDesqDataset[Icdm16TraditionalMiningTest-DesqCount-tttt-1-2-7-true-]" classname="de.uni_mannheim.desq.mining.spark.Icdm16TraditionalMiningTest" time="0.062"/>
  <testcase name="testDesqDataset[Icdm16TraditionalMiningTest-DesqCount-tttt-3-0-1-false-]" classname="de.uni_mannheim.desq.mining.spark.Icdm16TraditionalMiningTest" time="0.018"/>
  <testcase name="testDesqDataset[Icdm16TraditionalMiningTest-DesqCount-tttt-3-0-1-false-]" classname="de.uni_mannheim.desq.mining.spark.Icdm16TraditionalMiningTest" time="0.026"/>
  <testcase name="testGenericDesqDataset[Icdm16TraditionalMiningTest-DesqCount-tttt-3-0-1-false-]" classname="de.uni_mannheim.desq.mining.spark.Icdm16TraditionalMiningTest" time="0.024"/>
  <testcase name="testGenericDesqDataset[Icdm16TraditionalMiningTest-DesqCount-tttt-3-0-1-false-]" classname="de.uni_mannheim.desq.mining.spark.Icdm16TraditionalMiningTest" time="0.032"/>
  <testcase name="testDesqDataset[Icdm16TraditionalMiningTest-DesqCount-tttt-3-0-1-true-]" classname="de.uni_mannheim.desq.mining.spark.Icdm16TraditionalMiningTest" time="0.02"/>
  <testcase name="testDesqDataset[Icdm16TraditionalMiningTest-DesqCount-tttt-3-0-1-true-]" classname="de.uni_mannheim.desq.mining.spark.Icdm16TraditionalMiningTest" time="0.025"/>
  <testcase name="testGenericDesqDataset[Icdm16TraditionalMiningTest-DesqCount-tttt-3-0-1-true-]" classname="de.uni_mannheim.desq.mining.spark.Icdm16TraditionalMiningTest" time="0.023"/>
  <testcase name="testGenericDesqDataset[Icdm16TraditionalMiningTest-DesqCount-tttt-3-0-1-true-]" classname="de.uni_mannheim.desq.mining.spark.Icdm16TraditionalMiningTest" time="0.033"/>
  <testcase name="testDesqDataset[Icdm16TraditionalMiningTest-DesqCount-tttt-3-0-3-false-]" classname="de.uni_mannheim.desq.mining.spark.Icdm16TraditionalMiningTest" time="0.027"/>
  <testcase name="testDesqDataset[Icdm16TraditionalMiningTest-DesqCount-tttt-3-0-3-false-]" classname="de.uni_mannheim.desq.mining.spark.Icdm16TraditionalMiningTest" time="0.036"/>
  <testcase name="testGenericDesqDataset[Icdm16TraditionalMiningTest-DesqCount-tttt-3-0-3-false-]" classname="de.uni_mannheim.desq.mining.spark.Icdm16TraditionalMiningTest" time="0.033"/>
  <testcase name="testGenericDesqDataset[Icdm16TraditionalMiningTest-DesqCount-tttt-3-0-3-false-]" classname="de.uni_mannheim.desq.mining.spark.Icdm16TraditionalMiningTest" time="0.027"/>
  <testcase name="testDesqDataset[Icdm16TraditionalMiningTest-DesqCount-tttt-3-0-3-true-]" classname="de.uni_mannheim.desq.mining.spark.Icdm16TraditionalMiningTest" time="0.026"/>
  <testcase name="testDesqDataset[Icdm16TraditionalMiningTest-DesqCount-tttt-3-0-3-true-]" classname="de.uni_mannheim.desq.mining.spark.Icdm16TraditionalMiningTest" time="0.039"/>
  <testcase name="testGenericDesqDataset[Icdm16TraditionalMiningTest-DesqCount-tttt-3-0-3-true-]" classname="de.uni_mannheim.desq.mining.spark.Icdm16TraditionalMiningTest" time="0.027"/>
  <testcase name="testGenericDesqDataset[Icdm16TraditionalMiningTest-DesqCount-tttt-3-0-3-true-]" classname="de.uni_mannheim.desq.mining.spark.Icdm16TraditionalMiningTest" time="0.035"/>
  <testcase name="testDesqDataset[Icdm16TraditionalMiningTest-DesqCount-tttt-3-0-5-false-]" classname="de.uni_mannheim.desq.mining.spark.Icdm16TraditionalMiningTest" time="0.031"/>
  <testcase name="testDesqDataset[Icdm16TraditionalMiningTest-DesqCount-tttt-3-0-5-false-]" classname="de.uni_mannheim.desq.mining.spark.Icdm16TraditionalMiningTest" time="0.027"/>
  <testcase name="testGenericDesqDataset[Icdm16TraditionalMiningTest-DesqCount-tttt-3-0-5-false-]" classname="de.uni_mannheim.desq.mining.spark.Icdm16TraditionalMiningTest" time="0.033"/>
  <testcase name="testGenericDesqDataset[Icdm16TraditionalMiningTest-DesqCount-tttt-3-0-5-false-]" classname="de.uni_mannheim.desq.mining.spark.Icdm16TraditionalMiningTest" time="0.032"/>
  <testcase name="testDesqDataset[Icdm16TraditionalMiningTest-DesqCount-tttt-3-0-5-true-]" classname="de.uni_mannheim.desq.mining.spark.Icdm16TraditionalMiningTest" time="0.047"/>
  <testcase name="testDesqDataset[Icdm16TraditionalMiningTest-DesqCount-tttt-3-0-5-true-]" classname="de.uni_mannheim.desq.mining.spark.Icdm16TraditionalMiningTest" time="0.036"/>
  <testcase name="testGenericDesqDataset[Icdm16TraditionalMiningTest-DesqCount-tttt-3-0-5-true-]" classname="de.uni_mannheim.desq.mining.spark.Icdm16TraditionalMiningTest" time="0.04"/>
  <testcase name="testGenericDesqDataset[Icdm16TraditionalMiningTest-DesqCount-tttt-3-0-5-true-]" classname="de.uni_mannheim.desq.mining.spark.Icdm16TraditionalMiningTest" time="0.042"/>
  <testcase name="testDesqDataset[Icdm16TraditionalMiningTest-DesqCount-tttt-3-0-7-false-]" classname="de.uni_mannheim.desq.mining.spark.Icdm16TraditionalMiningTest" time="0.029"/>
  <testcase name="testDesqDataset[Icdm16TraditionalMiningTest-DesqCount-tttt-3-0-7-false-]" classname="de.uni_mannheim.desq.mining.spark.Icdm16TraditionalMiningTest" time="0.027"/>
  <testcase name="testGenericDesqDataset[Icdm16TraditionalMiningTest-DesqCount-tttt-3-0-7-false-]" classname="de.uni_mannheim.desq.mining.spark.Icdm16TraditionalMiningTest" time="0.032"/>
  <testcase name="testGenericDesqDataset[Icdm16TraditionalMiningTest-DesqCount-tttt-3-0-7-false-]" classname="de.uni_mannheim.desq.mining.spark.Icdm16TraditionalMiningTest" time="0.031"/>
  <testcase name="testDesqDataset[Icdm16TraditionalMiningTest-DesqCount-tttt-3-0-7-true-]" classname="de.uni_mannheim.desq.mining.spark.Icdm16TraditionalMiningTest" time="0.042"/>
  <testcase name="testDesqDataset[Icdm16TraditionalMiningTest-DesqCount-tttt-3-0-7-true-]" classname="de.uni_mannheim.desq.mining.spark.Icdm16TraditionalMiningTest" time="0.041"/>
  <testcase name="testGenericDesqDataset[Icdm16TraditionalMiningTest-DesqCount-tttt-3-0-7-true-]" classname="de.uni_mannheim.desq.mining.spark.Icdm16TraditionalMiningTest" time="0.037"/>
  <testcase name="testGenericDesqDataset[Icdm16TraditionalMiningTest-DesqCount-tttt-3-0-7-true-]" classname="de.uni_mannheim.desq.mining.spark.Icdm16TraditionalMiningTest" time="0.045"/>
  <testcase name="testDesqDataset[Icdm16TraditionalMiningTest-DesqCount-tttt-3-1-1-false-]" classname="de.uni_mannheim.desq.mining.spark.Icdm16TraditionalMiningTest" time="0.03"/>
  <testcase name="testDesqDataset[Icdm16TraditionalMiningTest-DesqCount-tttt-3-1-1-false-]" classname="de.uni_mannheim.desq.mining.spark.Icdm16TraditionalMiningTest" time="0.025"/>
  <testcase name="testGenericDesqDataset[Icdm16TraditionalMiningTest-DesqCount-tttt-3-1-1-false-]" classname="de.uni_mannheim.desq.mining.spark.Icdm16TraditionalMiningTest" time="0.034"/>
  <testcase name="testGenericDesqDataset[Icdm16TraditionalMiningTest-DesqCount-tttt-3-1-1-false-]" classname="de.uni_mannheim.desq.mining.spark.Icdm16TraditionalMiningTest" time="0.03"/>
  <testcase name="testDesqDataset[Icdm16TraditionalMiningTest-DesqCount-tttt-3-1-1-true-]" classname="de.uni_mannheim.desq.mining.spark.Icdm16TraditionalMiningTest" time="0.03"/>
  <testcase name="testDesqDataset[Icdm16TraditionalMiningTest-DesqCount-tttt-3-1-1-true-]" classname="de.uni_mannheim.desq.mining.spark.Icdm16TraditionalMiningTest" time="0.02"/>
  <testcase name="testGenericDesqDataset[Icdm16TraditionalMiningTest-DesqCount-tttt-3-1-1-true-]" classname="de.uni_mannheim.desq.mining.spark.Icdm16TraditionalMiningTest" time="0.032"/>
  <testcase name="testGenericDesqDataset[Icdm16TraditionalMiningTest-DesqCount-tttt-3-1-1-true-]" classname="de.uni_mannheim.desq.mining.spark.Icdm16TraditionalMiningTest" time="0.025"/>
  <testcase name="testDesqDataset[Icdm16TraditionalMiningTest-DesqCount-tttt-3-1-3-false-]" classname="de.uni_mannheim.desq.mining.spark.Icdm16TraditionalMiningTest" time="0.021"/>
  <testcase name="testDesqDataset[Icdm16TraditionalMiningTest-DesqCount-tttt-3-1-3-false-]" classname="de.uni_mannheim.desq.mining.spark.Icdm16TraditionalMiningTest" time="0.028"/>
  <testcase name="testGenericDesqDataset[Icdm16TraditionalMiningTest-DesqCount-tttt-3-1-3-false-]" classname="de.uni_mannheim.desq.mining.spark.Icdm16TraditionalMiningTest" time="0.029"/>
  <testcase name="testGenericDesqDataset[Icdm16TraditionalMiningTest-DesqCount-tttt-3-1-3-false-]" classname="de.uni_mannheim.desq.mining.spark.Icdm16TraditionalMiningTest" time="0.032"/>
  <testcase name="testDesqDataset[Icdm16TraditionalMiningTest-DesqCount-tttt-3-1-3-true-]" classname="de.uni_mannheim.desq.mining.spark.Icdm16TraditionalMiningTest" time="0.039"/>
  <testcase name="testDesqDataset[Icdm16TraditionalMiningTest-DesqCount-tttt-3-1-3-true-]" classname="de.uni_mannheim.desq.mining.spark.Icdm16TraditionalMiningTest" time="0.036"/>
  <testcase name="testGenericDesqDataset[Icdm16TraditionalMiningTest-DesqCount-tttt-3-1-3-true-]" classname="de.uni_mannheim.desq.mining.spark.Icdm16TraditionalMiningTest" time="0.036"/>
  <testcase name="testGenericDesqDataset[Icdm16TraditionalMiningTest-DesqCount-tttt-3-1-3-true-]" classname="de.uni_mannheim.desq.mining.spark.Icdm16TraditionalMiningTest" time="0.037"/>
  <testcase name="testDesqDataset[Icdm16TraditionalMiningTest-DesqCount-tttt-3-1-5-false-]" classname="de.uni_mannheim.desq.mining.spark.Icdm16TraditionalMiningTest" time="0.022"/>
  <testcase name="testDesqDataset[Icdm16TraditionalMiningTest-DesqCount-tttt-3-1-5-false-]" classname="de.uni_mannheim.desq.mining.spark.Icdm16TraditionalMiningTest" time="0.034"/>
  <testcase name="testGenericDesqDataset[Icdm16TraditionalMiningTest-DesqCount-tttt-3-1-5-false-]" classname="de.uni_mannheim.desq.mining.spark.Icdm16TraditionalMiningTest" time="0.028"/>
  <testcase name="testGenericDesqDataset[Icdm16TraditionalMiningTest-DesqCount-tttt-3-1-5-false-]" classname="de.uni_mannheim.desq.mining.spark.Icdm16TraditionalMiningTest" time="0.031"/>
  <testcase name="testDesqDataset[Icdm16TraditionalMiningTest-DesqCount-tttt-3-1-5-true-]" classname="de.uni_mannheim.desq.mining.spark.Icdm16TraditionalMiningTest" time="0.029"/>
  <testcase name="testDesqDataset[Icdm16TraditionalMiningTest-DesqCount-tttt-3-1-5-true-]" classname="de.uni_mannheim.desq.mining.spark.Icdm16TraditionalMiningTest" time="0.031"/>
  <testcase name="testGenericDesqDataset[Icdm16TraditionalMiningTest-DesqCount-tttt-3-1-5-true-]" classname="de.uni_mannheim.desq.mining.spark.Icdm16TraditionalMiningTest" time="0.034"/>
  <testcase name="testGenericDesqDataset[Icdm16TraditionalMiningTest-DesqCount-tttt-3-1-5-true-]" classname="de.uni_mannheim.desq.mining.spark.Icdm16TraditionalMiningTest" time="0.036"/>
  <testcase name="testDesqDataset[Icdm16TraditionalMiningTest-DesqCount-tttt-3-1-7-false-]" classname="de.uni_mannheim.desq.mining.spark.Icdm16TraditionalMiningTest" time="0.024"/>
  <testcase name="testDesqDataset[Icdm16TraditionalMiningTest-DesqCount-tttt-3-1-7-false-]" classname="de.uni_mannheim.desq.mining.spark.Icdm16TraditionalMiningTest" time="0.024"/>
  <testcase name="testGenericDesqDataset[Icdm16TraditionalMiningTest-DesqCount-tttt-3-1-7-false-]" classname="de.uni_mannheim.desq.mining.spark.Icdm16TraditionalMiningTest" time="0.031"/>
  <testcase name="testGenericDesqDataset[Icdm16TraditionalMiningTest-DesqCount-tttt-3-1-7-false-]" classname="de.uni_mannheim.desq.mining.spark.Icdm16TraditionalMiningTest" time="0.031"/>
  <testcase name="testDesqDataset[Icdm16TraditionalMiningTest-DesqCount-tttt-3-1-7-true-]" classname="de.uni_mannheim.desq.mining.spark.Icdm16TraditionalMiningTest" time="0.039"/>
  <testcase name="testDesqDataset[Icdm16TraditionalMiningTest-DesqCount-tttt-3-1-7-true-]" classname="de.uni_mannheim.desq.mining.spark.Icdm16TraditionalMiningTest" time="0.042"/>
  <testcase name="testGenericDesqDataset[Icdm16TraditionalMiningTest-DesqCount-tttt-3-1-7-true-]" classname="de.uni_mannheim.desq.mining.spark.Icdm16TraditionalMiningTest" time="0.046"/>
  <testcase name="testGenericDesqDataset[Icdm16TraditionalMiningTest-DesqCount-tttt-3-1-7-true-]" classname="de.uni_mannheim.desq.mining.spark.Icdm16TraditionalMiningTest" time="0.034"/>
  <testcase name="testDesqDataset[Icdm16TraditionalMiningTest-DesqCount-tttt-3-2-1-false-]" classname="de.uni_mannheim.desq.mining.spark.Icdm16TraditionalMiningTest" time="0.022"/>
  <testcase name="testDesqDataset[Icdm16TraditionalMiningTest-DesqCount-tttt-3-2-1-false-]" classname="de.uni_mannheim.desq.mining.spark.Icdm16TraditionalMiningTest" time="0.033"/>
  <testcase name="testGenericDesqDataset[Icdm16TraditionalMiningTest-DesqCount-tttt-3-2-1-false-]" classname="de.uni_mannheim.desq.mining.spark.Icdm16TraditionalMiningTest" time="0.03"/>
  <testcase name="testGenericDesqDataset[Icdm16TraditionalMiningTest-DesqCount-tttt-3-2-1-false-]" classname="de.uni_mannheim.desq.mining.spark.Icdm16TraditionalMiningTest" time="0.036"/>
  <testcase name="testDesqDataset[Icdm16TraditionalMiningTest-DesqCount-tttt-3-2-1-true-]" classname="de.uni_mannheim.desq.mining.spark.Icdm16TraditionalMiningTest" time="0.03"/>
  <testcase name="testDesqDataset[Icdm16TraditionalMiningTest-DesqCount-tttt-3-2-1-true-]" classname="de.uni_mannheim.desq.mining.spark.Icdm16TraditionalMiningTest" time="0.08"/>
  <testcase name="testGenericDesqDataset[Icdm16TraditionalMiningTest-DesqCount-tttt-3-2-1-true-]" classname="de.uni_mannheim.desq.mining.spark.Icdm16TraditionalMiningTest" time="0.034"/>
  <testcase name="testGenericDesqDataset[Icdm16TraditionalMiningTest-DesqCount-tttt-3-2-1-true-]" classname="de.uni_mannheim.desq.mining.spark.Icdm16TraditionalMiningTest" time="0.139"/>
  <testcase name="testDesqDataset[Icdm16TraditionalMiningTest-DesqCount-tttt-3-2-3-false-]" classname="de.uni_mannheim.desq.mining.spark.Icdm16TraditionalMiningTest" time="0.061"/>
  <testcase name="testDesqDataset[Icdm16TraditionalMiningTest-DesqCount-tttt-3-2-3-false-]" classname="de.uni_mannheim.desq.mining.spark.Icdm16TraditionalMiningTest" time="0.038"/>
  <testcase name="testGenericDesqDataset[Icdm16TraditionalMiningTest-DesqCount-tttt-3-2-3-false-]" classname="de.uni_mannheim.desq.mining.spark.Icdm16TraditionalMiningTest" time="0.041"/>
  <testcase name="testGenericDesqDataset[Icdm16TraditionalMiningTest-DesqCount-tttt-3-2-3-false-]" classname="de.uni_mannheim.desq.mining.spark.Icdm16TraditionalMiningTest" time="0.033"/>
  <testcase name="testDesqDataset[Icdm16TraditionalMiningTest-DesqCount-tttt-3-2-3-true-]" classname="de.uni_mannheim.desq.mining.spark.Icdm16TraditionalMiningTest" time="0.036"/>
  <testcase name="testDesqDataset[Icdm16TraditionalMiningTest-DesqCount-tttt-3-2-3-true-]" classname="de.uni_mannheim.desq.mining.spark.Icdm16TraditionalMiningTest" time="0.035"/>
  <testcase name="testGenericDesqDataset[Icdm16TraditionalMiningTest-DesqCount-tttt-3-2-3-true-]" classname="de.uni_mannheim.desq.mining.spark.Icdm16TraditionalMiningTest" time="0.036"/>
  <testcase name="testGenericDesqDataset[Icdm16TraditionalMiningTest-DesqCount-tttt-3-2-3-true-]" classname="de.uni_mannheim.desq.mining.spark.Icdm16TraditionalMiningTest" time="0.033"/>
  <testcase name="testDesqDataset[Icdm16TraditionalMiningTest-DesqCount-tttt-3-2-5-false-]" classname="de.uni_mannheim.desq.mining.spark.Icdm16TraditionalMiningTest" time="0.043"/>
  <testcase name="testDesqDataset[Icdm16TraditionalMiningTest-DesqCount-tttt-3-2-5-false-]" classname="de.uni_mannheim.desq.mining.spark.Icdm16TraditionalMiningTest" time="0.03"/>
  <testcase name="testGenericDesqDataset[Icdm16TraditionalMiningTest-DesqCount-tttt-3-2-5-false-]" classname="de.uni_mannheim.desq.mining.spark.Icdm16TraditionalMiningTest" time="0.033"/>
  <testcase name="testGenericDesqDataset[Icdm16TraditionalMiningTest-DesqCount-tttt-3-2-5-false-]" classname="de.uni_mannheim.desq.mining.spark.Icdm16TraditionalMiningTest" time="0.035"/>
  <testcase name="testDesqDataset[Icdm16TraditionalMiningTest-DesqCount-tttt-3-2-5-true-]" classname="de.uni_mannheim.desq.mining.spark.Icdm16TraditionalMiningTest" time="0.059"/>
  <testcase name="testDesqDataset[Icdm16TraditionalMiningTest-DesqCount-tttt-3-2-5-true-]" classname="de.uni_mannheim.desq.mining.spark.Icdm16TraditionalMiningTest" time="0.042"/>
  <testcase name="testGenericDesqDataset[Icdm16TraditionalMiningTest-DesqCount-tttt-3-2-5-true-]" classname="de.uni_mannheim.desq.mining.spark.Icdm16TraditionalMiningTest" time="0.046"/>
  <testcase name="testGenericDesqDataset[Icdm16TraditionalMiningTest-DesqCount-tttt-3-2-5-true-]" classname="de.uni_mannheim.desq.mining.spark.Icdm16TraditionalMiningTest" time="0.036"/>
  <testcase name="testDesqDataset[Icdm16TraditionalMiningTest-DesqCount-tttt-3-2-7-false-]" classname="de.uni_mannheim.desq.mining.spark.Icdm16TraditionalMiningTest" time="0.035"/>
  <testcase name="testDesqDataset[Icdm16TraditionalMiningTest-DesqCount-tttt-3-2-7-false-]" classname="de.uni_mannheim.desq.mining.spark.Icdm16TraditionalMiningTest" time="0.032"/>
  <testcase name="testGenericDesqDataset[Icdm16TraditionalMiningTest-DesqCount-tttt-3-2-7-false-]" classname="de.uni_mannheim.desq.mining.spark.Icdm16TraditionalMiningTest" time="0.031"/>
  <testcase name="testGenericDesqDataset[Icdm16TraditionalMiningTest-DesqCount-tttt-3-2-7-false-]" classname="de.uni_mannheim.desq.mining.spark.Icdm16TraditionalMiningTest" time="0.035"/>
  <testcase name="testDesqDataset[Icdm16TraditionalMiningTest-DesqCount-tttt-3-2-7-true-]" classname="de.uni_mannheim.desq.mining.spark.Icdm16TraditionalMiningTest" time="0.029"/>
  <testcase name="testDesqDataset[Icdm16TraditionalMiningTest-DesqCount-tttt-3-2-7-true-]" classname="de.uni_mannheim.desq.mining.spark.Icdm16TraditionalMiningTest" time="0.038"/>
  <testcase name="testGenericDesqDataset[Icdm16TraditionalMiningTest-DesqCount-tttt-3-2-7-true-]" classname="de.uni_mannheim.desq.mining.spark.Icdm16TraditionalMiningTest" time="0.032"/>
  <testcase name="testGenericDesqDataset[Icdm16TraditionalMiningTest-DesqCount-tttt-3-2-7-true-]" classname="de.uni_mannheim.desq.mining.spark.Icdm16TraditionalMiningTest" time="0.042"/>
  <testcase name="testDesqDataset[Icdm16TraditionalMiningTest-DesqCount-tttt-5-0-1-false-]" classname="de.uni_mannheim.desq.mining.spark.Icdm16TraditionalMiningTest" time="0.028"/>
  <testcase name="testDesqDataset[Icdm16TraditionalMiningTest-DesqCount-tttt-5-0-1-false-]" classname="de.uni_mannheim.desq.mining.spark.Icdm16TraditionalMiningTest" time="0.038"/>
  <testcase name="testGenericDesqDataset[Icdm16TraditionalMiningTest-DesqCount-tttt-5-0-1-false-]" classname="de.uni_mannheim.desq.mining.spark.Icdm16TraditionalMiningTest" time="0.049"/>
  <testcase name="testGenericDesqDataset[Icdm16TraditionalMiningTest-DesqCount-tttt-5-0-1-false-]" classname="de.uni_mannheim.desq.mining.spark.Icdm16TraditionalMiningTest" time="0.034"/>
  <testcase name="testDesqDataset[Icdm16TraditionalMiningTest-DesqCount-tttt-5-0-1-true-]" classname="de.uni_mannheim.desq.mining.spark.Icdm16TraditionalMiningTest" time="0.02"/>
  <testcase name="testDesqDataset[Icdm16TraditionalMiningTest-DesqCount-tttt-5-0-1-true-]" classname="de.uni_mannheim.desq.mining.spark.Icdm16TraditionalMiningTest" time="0.025"/>
  <testcase name="testGenericDesqDataset[Icdm16TraditionalMiningTest-DesqCount-tttt-5-0-1-true-]" classname="de.uni_mannheim.desq.mining.spark.Icdm16TraditionalMiningTest" time="0.03"/>
  <testcase name="testGenericDesqDataset[Icdm16TraditionalMiningTest-DesqCount-tttt-5-0-1-true-]" classname="de.uni_mannheim.desq.mining.spark.Icdm16TraditionalMiningTest" time="0.026"/>
  <testcase name="testDesqDataset[Icdm16TraditionalMiningTest-DesqCount-tttt-5-0-3-false-]" classname="de.uni_mannheim.desq.mining.spark.Icdm16TraditionalMiningTest" time="0.02"/>
  <testcase name="testDesqDataset[Icdm16TraditionalMiningTest-DesqCount-tttt-5-0-3-false-]" classname="de.uni_mannheim.desq.mining.spark.Icdm16TraditionalMiningTest" time="0.022"/>
  <testcase name="testGenericDesqDataset[Icdm16TraditionalMiningTest-DesqCount-tttt-5-0-3-false-]" classname="de.uni_mannheim.desq.mining.spark.Icdm16TraditionalMiningTest" time="0.024"/>
  <testcase name="testGenericDesqDataset[Icdm16TraditionalMiningTest-DesqCount-tttt-5-0-3-false-]" classname="de.uni_mannheim.desq.mining.spark.Icdm16TraditionalMiningTest" time="0.024"/>
  <testcase name="testDesqDataset[Icdm16TraditionalMiningTest-DesqCount-tttt-5-0-3-true-]" classname="de.uni_mannheim.desq.mining.spark.Icdm16TraditionalMiningTest" time="0.023"/>
  <testcase name="testDesqDataset[Icdm16TraditionalMiningTest-DesqCount-tttt-5-0-3-true-]" classname="de.uni_mannheim.desq.mining.spark.Icdm16TraditionalMiningTest" time="0.026"/>
  <testcase name="testGenericDesqDataset[Icdm16TraditionalMiningTest-DesqCount-tttt-5-0-3-true-]" classname="de.uni_mannheim.desq.mining.spark.Icdm16TraditionalMiningTest" time="0.023"/>
  <testcase name="testGenericDesqDataset[Icdm16TraditionalMiningTest-DesqCount-tttt-5-0-3-true-]" classname="de.uni_mannheim.desq.mining.spark.Icdm16TraditionalMiningTest" time="0.031"/>
  <testcase name="testDesqDataset[Icdm16TraditionalMiningTest-DesqCount-tttt-5-0-5-false-]" classname="de.uni_mannheim.desq.mining.spark.Icdm16TraditionalMiningTest" time="0.026"/>
  <testcase name="testDesqDataset[Icdm16TraditionalMiningTest-DesqCount-tttt-5-0-5-false-]" classname="de.uni_mannheim.desq.mining.spark.Icdm16TraditionalMiningTest" time="0.026"/>
  <testcase name="testGenericDesqDataset[Icdm16TraditionalMiningTest-DesqCount-tttt-5-0-5-false-]" classname="de.uni_mannheim.desq.mining.spark.Icdm16TraditionalMiningTest" time="0.028"/>
  <testcase name="testGenericDesqDataset[Icdm16TraditionalMiningTest-DesqCount-tttt-5-0-5-false-]" classname="de.uni_mannheim.desq.mining.spark.Icdm16TraditionalMiningTest" time="0.028"/>
  <testcase name="testDesqDataset[Icdm16TraditionalMiningTest-DesqCount-tttt-5-0-5-true-]" classname="de.uni_mannheim.desq.mining.spark.Icdm16TraditionalMiningTest" time="0.026"/>
  <testcase name="testDesqDataset[Icdm16TraditionalMiningTest-DesqCount-tttt-5-0-5-true-]" classname="de.uni_mannheim.desq.mining.spark.Icdm16TraditionalMiningTest" time="0.038"/>
  <testcase name="testGenericDesqDataset[Icdm16TraditionalMiningTest-DesqCount-tttt-5-0-5-true-]" classname="de.uni_mannheim.desq.mining.spark.Icdm16TraditionalMiningTest" time="0.035"/>
  <testcase name="testGenericDesqDataset[Icdm16TraditionalMiningTest-DesqCount-tttt-5-0-5-true-]" classname="de.uni_mannheim.desq.mining.spark.Icdm16TraditionalMiningTest" time="0.034"/>
  <testcase name="testDesqDataset[Icdm16TraditionalMiningTest-DesqCount-tttt-5-0-7-false-]" classname="de.uni_mannheim.desq.mining.spark.Icdm16TraditionalMiningTest" time="0.03"/>
  <testcase name="testDesqDataset[Icdm16TraditionalMiningTest-DesqCount-tttt-5-0-7-false-]" classname="de.uni_mannheim.desq.mining.spark.Icdm16TraditionalMiningTest" time="0.027"/>
  <testcase name="testGenericDesqDataset[Icdm16TraditionalMiningTest-DesqCount-tttt-5-0-7-false-]" classname="de.uni_mannheim.desq.mining.spark.Icdm16TraditionalMiningTest" time="0.036"/>
  <testcase name="testGenericDesqDataset[Icdm16TraditionalMiningTest-DesqCount-tttt-5-0-7-false-]" classname="de.uni_mannheim.desq.mining.spark.Icdm16TraditionalMiningTest" time="0.033"/>
  <testcase name="testDesqDataset[Icdm16TraditionalMiningTest-DesqCount-tttt-5-0-7-true-]" classname="de.uni_mannheim.desq.mining.spark.Icdm16TraditionalMiningTest" time="0.037"/>
  <testcase name="testDesqDataset[Icdm16TraditionalMiningTest-DesqCount-tttt-5-0-7-true-]" classname="de.uni_mannheim.desq.mining.spark.Icdm16TraditionalMiningTest" time="0.047"/>
  <testcase name="testGenericDesqDataset[Icdm16TraditionalMiningTest-DesqCount-tttt-5-0-7-true-]" classname="de.uni_mannheim.desq.mining.spark.Icdm16TraditionalMiningTest" time="0.033"/>
  <testcase name="testGenericDesqDataset[Icdm16TraditionalMiningTest-DesqCount-tttt-5-0-7-true-]" classname="de.uni_mannheim.desq.mining.spark.Icdm16TraditionalMiningTest" time="0.038"/>
  <testcase name="testDesqDataset[Icdm16TraditionalMiningTest-DesqCount-tttt-5-1-1-false-]" classname="de.uni_mannheim.desq.mining.spark.Icdm16TraditionalMiningTest" time="0.029"/>
  <testcase name="testDesqDataset[Icdm16TraditionalMiningTest-DesqCount-tttt-5-1-1-false-]" classname="de.uni_mannheim.desq.mining.spark.Icdm16TraditionalMiningTest" time="0.034"/>
  <testcase name="testGenericDesqDataset[Icdm16TraditionalMiningTest-DesqCount-tttt-5-1-1-false-]" classname="de.uni_mannheim.desq.mining.spark.Icdm16TraditionalMiningTest" time="0.031"/>
  <testcase name="testGenericDesqDataset[Icdm16TraditionalMiningTest-DesqCount-tttt-5-1-1-false-]" classname="de.uni_mannheim.desq.mining.spark.Icdm16TraditionalMiningTest" time="0.026"/>
  <testcase name="testDesqDataset[Icdm16TraditionalMiningTest-DesqCount-tttt-5-1-1-true-]" classname="de.uni_mannheim.desq.mining.spark.Icdm16TraditionalMiningTest" time="0.028"/>
  <testcase name="testDesqDataset[Icdm16TraditionalMiningTest-DesqCount-tttt-5-1-1-true-]" classname="de.uni_mannheim.desq.mining.spark.Icdm16TraditionalMiningTest" time="0.023"/>
  <testcase name="testGenericDesqDataset[Icdm16TraditionalMiningTest-DesqCount-tttt-5-1-1-true-]" classname="de.uni_mannheim.desq.mining.spark.Icdm16TraditionalMiningTest" time="0.033"/>
  <testcase name="testGenericDesqDataset[Icdm16TraditionalMiningTest-DesqCount-tttt-5-1-1-true-]" classname="de.uni_mannheim.desq.mining.spark.Icdm16TraditionalMiningTest" time="0.024"/>
  <testcase name="testDesqDataset[Icdm16TraditionalMiningTest-DesqCount-tttt-5-1-3-false-]" classname="de.uni_mannheim.desq.mining.spark.Icdm16TraditionalMiningTest" time="0.027"/>
  <testcase name="testDesqDataset[Icdm16TraditionalMiningTest-DesqCount-tttt-5-1-3-false-]" classname="de.uni_mannheim.desq.mining.spark.Icdm16TraditionalMiningTest" time="0.024"/>
  <testcase name="testGenericDesqDataset[Icdm16TraditionalMiningTest-DesqCount-tttt-5-1-3-false-]" classname="de.uni_mannheim.desq.mining.spark.Icdm16TraditionalMiningTest" time="0.033"/>
  <testcase name="testGenericDesqDataset[Icdm16TraditionalMiningTest-DesqCount-tttt-5-1-3-false-]" classname="de.uni_mannheim.desq.mining.spark.Icdm16TraditionalMiningTest" time="0.029"/>
  <testcase name="testDesqDataset[Icdm16TraditionalMiningTest-DesqCount-tttt-5-1-3-true-]" classname="de.uni_mannheim.desq.mining.spark.Icdm16TraditionalMiningTest" time="0.03"/>
  <testcase name="testDesqDataset[Icdm16TraditionalMiningTest-DesqCount-tttt-5-1-3-true-]" classname="de.uni_mannheim.desq.mining.spark.Icdm16TraditionalMiningTest" time="0.03"/>
  <testcase name="testGenericDesqDataset[Icdm16TraditionalMiningTest-DesqCount-tttt-5-1-3-true-]" classname="de.uni_mannheim.desq.mining.spark.Icdm16TraditionalMiningTest" time="0.038"/>
  <testcase name="testGenericDesqDataset[Icdm16TraditionalMiningTest-DesqCount-tttt-5-1-3-true-]" classname="de.uni_mannheim.desq.mining.spark.Icdm16TraditionalMiningTest" time="0.025"/>
  <testcase name="testDesqDataset[Icdm16TraditionalMiningTest-DesqCount-tttt-5-1-5-false-]" classname="de.uni_mannheim.desq.mining.spark.Icdm16TraditionalMiningTest" time="0.025"/>
  <testcase name="testDesqDataset[Icdm16TraditionalMiningTest-DesqCount-tttt-5-1-5-false-]" classname="de.uni_mannheim.desq.mining.spark.Icdm16TraditionalMiningTest" time="0.028"/>
  <testcase name="testGenericDesqDataset[Icdm16TraditionalMiningTest-DesqCount-tttt-5-1-5-false-]" classname="de.uni_mannheim.desq.mining.spark.Icdm16TraditionalMiningTest" time="0.026"/>
  <testcase name="testGenericDesqDataset[Icdm16TraditionalMiningTest-DesqCount-tttt-5-1-5-false-]" classname="de.uni_mannheim.desq.mining.spark.Icdm16TraditionalMiningTest" time="0.029"/>
  <testcase name="testDesqDataset[Icdm16TraditionalMiningTest-DesqCount-tttt-5-1-5-true-]" classname="de.uni_mannheim.desq.mining.spark.Icdm16TraditionalMiningTest" time="0.035"/>
  <testcase name="testDesqDataset[Icdm16TraditionalMiningTest-DesqCount-tttt-5-1-5-true-]" classname="de.uni_mannheim.desq.mining.spark.Icdm16TraditionalMiningTest" time="0.034"/>
  <testcase name="testGenericDesqDataset[Icdm16TraditionalMiningTest-DesqCount-tttt-5-1-5-true-]" classname="de.uni_mannheim.desq.mining.spark.Icdm16TraditionalMiningTest" time="0.032"/>
  <testcase name="testGenericDesqDataset[Icdm16TraditionalMiningTest-DesqCount-tttt-5-1-5-true-]" classname="de.uni_mannheim.desq.mining.spark.Icdm16TraditionalMiningTest" time="0.041"/>
  <testcase name="testDesqDataset[Icdm16TraditionalMiningTest-DesqCount-tttt-5-1-7-false-]" classname="de.uni_mannheim.desq.mining.spark.Icdm16TraditionalMiningTest" time="0.029"/>
  <testcase name="testDesqDataset[Icdm16TraditionalMiningTest-DesqCount-tttt-5-1-7-false-]" classname="de.uni_mannheim.desq.mining.spark.Icdm16TraditionalMiningTest" time="0.042"/>
  <testcase name="testGenericDesqDataset[Icdm16TraditionalMiningTest-DesqCount-tttt-5-1-7-false-]" classname="de.uni_mannheim.desq.mining.spark.Icdm16TraditionalMiningTest" time="0.035"/>
  <testcase name="testGenericDesqDataset[Icdm16TraditionalMiningTest-DesqCount-tttt-5-1-7-false-]" classname="de.uni_mannheim.desq.mining.spark.Icdm16TraditionalMiningTest" time="0.032"/>
  <testcase name="testDesqDataset[Icdm16TraditionalMiningTest-DesqCount-tttt-5-1-7-true-]" classname="de.uni_mannheim.desq.mining.spark.Icdm16TraditionalMiningTest" time="0.037"/>
  <testcase name="testDesqDataset[Icdm16TraditionalMiningTest-DesqCount-tttt-5-1-7-true-]" classname="de.uni_mannheim.desq.mining.spark.Icdm16TraditionalMiningTest" time="0.035"/>
  <testcase name="testGenericDesqDataset[Icdm16TraditionalMiningTest-DesqCount-tttt-5-1-7-true-]" classname="de.uni_mannheim.desq.mining.spark.Icdm16TraditionalMiningTest" time="0.037"/>
  <testcase name="testGenericDesqDataset[Icdm16TraditionalMiningTest-DesqCount-tttt-5-1-7-true-]" classname="de.uni_mannheim.desq.mining.spark.Icdm16TraditionalMiningTest" time="0.041"/>
  <testcase name="testDesqDataset[Icdm16TraditionalMiningTest-DesqCount-tttt-5-2-1-false-]" classname="de.uni_mannheim.desq.mining.spark.Icdm16TraditionalMiningTest" time="0.028"/>
  <testcase name="testDesqDataset[Icdm16TraditionalMiningTest-DesqCount-tttt-5-2-1-false-]" classname="de.uni_mannheim.desq.mining.spark.Icdm16TraditionalMiningTest" time="0.029"/>
  <testcase name="testGenericDesqDataset[Icdm16TraditionalMiningTest-DesqCount-tttt-5-2-1-false-]" classname="de.uni_mannheim.desq.mining.spark.Icdm16TraditionalMiningTest" time="0.03"/>
  <testcase name="testGenericDesqDataset[Icdm16TraditionalMiningTest-DesqCount-tttt-5-2-1-false-]" classname="de.uni_mannheim.desq.mining.spark.Icdm16TraditionalMiningTest" time="0.03"/>
  <testcase name="testDesqDataset[Icdm16TraditionalMiningTest-DesqCount-tttt-5-2-1-true-]" classname="de.uni_mannheim.desq.mining.spark.Icdm16TraditionalMiningTest" time="0.029"/>
  <testcase name="testDesqDataset[Icdm16TraditionalMiningTest-DesqCount-tttt-5-2-1-true-]" classname="de.uni_mannheim.desq.mining.spark.Icdm16TraditionalMiningTest" time="0.029"/>
  <testcase name="testGenericDesqDataset[Icdm16TraditionalMiningTest-DesqCount-tttt-5-2-1-true-]" classname="de.uni_mannheim.desq.mining.spark.Icdm16TraditionalMiningTest" time="0.03"/>
  <testcase name="testGenericDesqDataset[Icdm16TraditionalMiningTest-DesqCount-tttt-5-2-1-true-]" classname="de.uni_mannheim.desq.mining.spark.Icdm16TraditionalMiningTest" time="0.031"/>
  <testcase name="testDesqDataset[Icdm16TraditionalMiningTest-DesqCount-tttt-5-2-3-false-]" classname="de.uni_mannheim.desq.mining.spark.Icdm16TraditionalMiningTest" time="0.029"/>
  <testcase name="testDesqDataset[Icdm16TraditionalMiningTest-DesqCount-tttt-5-2-3-false-]" classname="de.uni_mannheim.desq.mining.spark.Icdm16TraditionalMiningTest" time="0.029"/>
  <testcase name="testGenericDesqDataset[Icdm16TraditionalMiningTest-DesqCount-tttt-5-2-3-false-]" classname="de.uni_mannheim.desq.mining.spark.Icdm16TraditionalMiningTest" time="0.033"/>
  <testcase name="testGenericDesqDataset[Icdm16TraditionalMiningTest-DesqCount-tttt-5-2-3-false-]" classname="de.uni_mannheim.desq.mining.spark.Icdm16TraditionalMiningTest" time="0.031"/>
  <testcase name="testDesqDataset[Icdm16TraditionalMiningTest-DesqCount-tttt-5-2-3-true-]" classname="de.uni_mannheim.desq.mining.spark.Icdm16TraditionalMiningTest" time="0.034"/>
  <testcase name="testDesqDataset[Icdm16TraditionalMiningTest-DesqCount-tttt-5-2-3-true-]" classname="de.uni_mannheim.desq.mining.spark.Icdm16TraditionalMiningTest" time="0.031"/>
  <testcase name="testGenericDesqDataset[Icdm16TraditionalMiningTest-DesqCount-tttt-5-2-3-true-]" classname="de.uni_mannheim.desq.mining.spark.Icdm16TraditionalMiningTest" time="0.033"/>
  <testcase name="testGenericDesqDataset[Icdm16TraditionalMiningTest-DesqCount-tttt-5-2-3-true-]" classname="de.uni_mannheim.desq.mining.spark.Icdm16TraditionalMiningTest" time="0.035"/>
  <testcase name="testDesqDataset[Icdm16TraditionalMiningTest-DesqCount-tttt-5-2-5-false-]" classname="de.uni_mannheim.desq.mining.spark.Icdm16TraditionalMiningTest" time="0.026"/>
  <testcase name="testDesqDataset[Icdm16TraditionalMiningTest-DesqCount-tttt-5-2-5-false-]" classname="de.uni_mannheim.desq.mining.spark.Icdm16TraditionalMiningTest" time="0.031"/>
  <testcase name="testGenericDesqDataset[Icdm16TraditionalMiningTest-DesqCount-tttt-5-2-5-false-]" classname="de.uni_mannheim.desq.mining.spark.Icdm16TraditionalMiningTest" time="0.032"/>
  <testcase name="testGenericDesqDataset[Icdm16TraditionalMiningTest-DesqCount-tttt-5-2-5-false-]" classname="de.uni_mannheim.desq.mining.spark.Icdm16TraditionalMiningTest" time="0.026"/>
  <testcase name="testDesqDataset[Icdm16TraditionalMiningTest-DesqCount-tttt-5-2-5-true-]" classname="de.uni_mannheim.desq.mining.spark.Icdm16TraditionalMiningTest" time="0.029"/>
  <testcase name="testDesqDataset[Icdm16TraditionalMiningTest-DesqCount-tttt-5-2-5-true-]" classname="de.uni_mannheim.desq.mining.spark.Icdm16TraditionalMiningTest" time="0.03"/>
  <testcase name="testGenericDesqDataset[Icdm16TraditionalMiningTest-DesqCount-tttt-5-2-5-true-]" classname="de.uni_mannheim.desq.mining.spark.Icdm16TraditionalMiningTest" time="0.028"/>
  <testcase name="testGenericDesqDataset[Icdm16TraditionalMiningTest-DesqCount-tttt-5-2-5-true-]" classname="de.uni_mannheim.desq.mining.spark.Icdm16TraditionalMiningTest" time="0.045"/>
  <testcase name="testDesqDataset[Icdm16TraditionalMiningTest-DesqCount-tttt-5-2-7-false-]" classname="de.uni_mannheim.desq.mining.spark.Icdm16TraditionalMiningTest" time="0.023"/>
  <testcase name="testDesqDataset[Icdm16TraditionalMiningTest-DesqCount-tttt-5-2-7-false-]" classname="de.uni_mannheim.desq.mining.spark.Icdm16TraditionalMiningTest" time="0.029"/>
  <testcase name="testGenericDesqDataset[Icdm16TraditionalMiningTest-DesqCount-tttt-5-2-7-false-]" classname="de.uni_mannheim.desq.mining.spark.Icdm16TraditionalMiningTest" time="0.03"/>
  <testcase name="testGenericDesqDataset[Icdm16TraditionalMiningTest-DesqCount-tttt-5-2-7-false-]" classname="de.uni_mannheim.desq.mining.spark.Icdm16TraditionalMiningTest" time="0.031"/>
  <testcase name="testDesqDataset[Icdm16TraditionalMiningTest-DesqCount-tttt-5-2-7-true-]" classname="de.uni_mannheim.desq.mining.spark.Icdm16TraditionalMiningTest" time="0.036"/>
  <testcase name="testDesqDataset[Icdm16TraditionalMiningTest-DesqCount-tttt-5-2-7-true-]" classname="de.uni_mannheim.desq.mining.spark.Icdm16TraditionalMiningTest" time="0.037"/>
  <testcase name="testGenericDesqDataset[Icdm16TraditionalMiningTest-DesqCount-tttt-5-2-7-true-]" classname="de.uni_mannheim.desq.mining.spark.Icdm16TraditionalMiningTest" time="0.032"/>
  <testcase name="testGenericDesqDataset[Icdm16TraditionalMiningTest-DesqCount-tttt-5-2-7-true-]" classname="de.uni_mannheim.desq.mining.spark.Icdm16TraditionalMiningTest" time="0.039"/>
  <testcase name="testDesqDataset[Icdm16TraditionalMiningTest-DesqCount-tttt-7-0-1-false-]" classname="de.uni_mannheim.desq.mining.spark.Icdm16TraditionalMiningTest" time="0.027"/>
  <testcase name="testDesqDataset[Icdm16TraditionalMiningTest-DesqCount-tttt-7-0-1-false-]" classname="de.uni_mannheim.desq.mining.spark.Icdm16TraditionalMiningTest" time="0.03"/>
  <testcase name="testGenericDesqDataset[Icdm16TraditionalMiningTest-DesqCount-tttt-7-0-1-false-]" classname="de.uni_mannheim.desq.mining.spark.Icdm16TraditionalMiningTest" time="0.029"/>
  <testcase name="testGenericDesqDataset[Icdm16TraditionalMiningTest-DesqCount-tttt-7-0-1-false-]" classname="de.uni_mannheim.desq.mining.spark.Icdm16TraditionalMiningTest" time="0.028"/>
  <testcase name="testDesqDataset[Icdm16TraditionalMiningTest-DesqCount-tttt-7-0-1-true-]" classname="de.uni_mannheim.desq.mining.spark.Icdm16TraditionalMiningTest" time="0.027"/>
  <testcase name="testDesqDataset[Icdm16TraditionalMiningTest-DesqCount-tttt-7-0-1-true-]" classname="de.uni_mannheim.desq.mining.spark.Icdm16TraditionalMiningTest" time="0.027"/>
  <testcase name="testGenericDesqDataset[Icdm16TraditionalMiningTest-DesqCount-tttt-7-0-1-true-]" classname="de.uni_mannheim.desq.mining.spark.Icdm16TraditionalMiningTest" time="0.029"/>
  <testcase name="testGenericDesqDataset[Icdm16TraditionalMiningTest-DesqCount-tttt-7-0-1-true-]" classname="de.uni_mannheim.desq.mining.spark.Icdm16TraditionalMiningTest" time="0.028"/>
  <testcase name="testDesqDataset[Icdm16TraditionalMiningTest-DesqCount-tttt-7-0-3-false-]" classname="de.uni_mannheim.desq.mining.spark.Icdm16TraditionalMiningTest" time="0.027"/>
  <testcase name="testDesqDataset[Icdm16TraditionalMiningTest-DesqCount-tttt-7-0-3-false-]" classname="de.uni_mannheim.desq.mining.spark.Icdm16TraditionalMiningTest" time="0.027"/>
  <testcase name="testGenericDesqDataset[Icdm16TraditionalMiningTest-DesqCount-tttt-7-0-3-false-]" classname="de.uni_mannheim.desq.mining.spark.Icdm16TraditionalMiningTest" time="0.023"/>
  <testcase name="testGenericDesqDataset[Icdm16TraditionalMiningTest-DesqCount-tttt-7-0-3-false-]" classname="de.uni_mannheim.desq.mining.spark.Icdm16TraditionalMiningTest" time="0.026"/>
  <testcase name="testDesqDataset[Icdm16TraditionalMiningTest-DesqCount-tttt-7-0-3-true-]" classname="de.uni_mannheim.desq.mining.spark.Icdm16TraditionalMiningTest" time="0.025"/>
  <testcase name="testDesqDataset[Icdm16TraditionalMiningTest-DesqCount-tttt-7-0-3-true-]" classname="de.uni_mannheim.desq.mining.spark.Icdm16TraditionalMiningTest" time="0.023"/>
  <testcase name="testGenericDesqDataset[Icdm16TraditionalMiningTest-DesqCount-tttt-7-0-3-true-]" classname="de.uni_mannheim.desq.mining.spark.Icdm16TraditionalMiningTest" time="0.024"/>
  <testcase name="testGenericDesqDataset[Icdm16TraditionalMiningTest-DesqCount-tttt-7-0-3-true-]" classname="de.uni_mannheim.desq.mining.spark.Icdm16TraditionalMiningTest" time="0.03"/>
  <testcase name="testDesqDataset[Icdm16TraditionalMiningTest-DesqCount-tttt-7-0-5-false-]" classname="de.uni_mannheim.desq.mining.spark.Icdm16TraditionalMiningTest" time="0.028"/>
  <testcase name="testDesqDataset[Icdm16TraditionalMiningTest-DesqCount-tttt-7-0-5-false-]" classname="de.uni_mannheim.desq.mining.spark.Icdm16TraditionalMiningTest" time="0.026"/>
  <testcase name="testGenericDesqDataset[Icdm16TraditionalMiningTest-DesqCount-tttt-7-0-5-false-]" classname="de.uni_mannheim.desq.mining.spark.Icdm16TraditionalMiningTest" time="0.028"/>
  <testcase name="testGenericDesqDataset[Icdm16TraditionalMiningTest-DesqCount-tttt-7-0-5-false-]" classname="de.uni_mannheim.desq.mining.spark.Icdm16TraditionalMiningTest" time="0.045"/>
  <testcase name="testDesqDataset[Icdm16TraditionalMiningTest-DesqCount-tttt-7-0-5-true-]" classname="de.uni_mannheim.desq.mining.spark.Icdm16TraditionalMiningTest" time="0.028"/>
  <testcase name="testDesqDataset[Icdm16TraditionalMiningTest-DesqCount-tttt-7-0-5-true-]" classname="de.uni_mannheim.desq.mining.spark.Icdm16TraditionalMiningTest" time="0.022"/>
  <testcase name="testGenericDesqDataset[Icdm16TraditionalMiningTest-DesqCount-tttt-7-0-5-true-]" classname="de.uni_mannheim.desq.mining.spark.Icdm16TraditionalMiningTest" time="0.024"/>
  <testcase name="testGenericDesqDataset[Icdm16TraditionalMiningTest-DesqCount-tttt-7-0-5-true-]" classname="de.uni_mannheim.desq.mining.spark.Icdm16TraditionalMiningTest" time="0.026"/>
  <testcase name="testDesqDataset[Icdm16TraditionalMiningTest-DesqCount-tttt-7-0-7-false-]" classname="de.uni_mannheim.desq.mining.spark.Icdm16TraditionalMiningTest" time="0.032"/>
  <testcase name="testDesqDataset[Icdm16TraditionalMiningTest-DesqCount-tttt-7-0-7-false-]" classname="de.uni_mannheim.desq.mining.spark.Icdm16TraditionalMiningTest" time="0.03"/>
  <testcase name="testGenericDesqDataset[Icdm16TraditionalMiningTest-DesqCount-tttt-7-0-7-false-]" classname="de.uni_mannheim.desq.mining.spark.Icdm16TraditionalMiningTest" time="0.029"/>
  <testcase name="testGenericDesqDataset[Icdm16TraditionalMiningTest-DesqCount-tttt-7-0-7-false-]" classname="de.uni_mannheim.desq.mining.spark.Icdm16TraditionalMiningTest" time="0.025"/>
  <testcase name="testDesqDataset[Icdm16TraditionalMiningTest-DesqCount-tttt-7-0-7-true-]" classname="de.uni_mannheim.desq.mining.spark.Icdm16TraditionalMiningTest" time="0.023"/>
  <testcase name="testDesqDataset[Icdm16TraditionalMiningTest-DesqCount-tttt-7-0-7-true-]" classname="de.uni_mannheim.desq.mining.spark.Icdm16TraditionalMiningTest" time="0.019"/>
  <testcase name="testGenericDesqDataset[Icdm16TraditionalMiningTest-DesqCount-tttt-7-0-7-true-]" classname="de.uni_mannheim.desq.mining.spark.Icdm16TraditionalMiningTest" time="0.022"/>
  <testcase name="testGenericDesqDataset[Icdm16TraditionalMiningTest-DesqCount-tttt-7-0-7-true-]" classname="de.uni_mannheim.desq.mining.spark.Icdm16TraditionalMiningTest" time="0.023"/>
  <testcase name="testDesqDataset[Icdm16TraditionalMiningTest-DesqCount-tttt-7-1-1-false-]" classname="de.uni_mannheim.desq.mining.spark.Icdm16TraditionalMiningTest" time="0.028"/>
  <testcase name="testDesqDataset[Icdm16TraditionalMiningTest-DesqCount-tttt-7-1-1-false-]" classname="de.uni_mannheim.desq.mining.spark.Icdm16TraditionalMiningTest" time="0.023"/>
  <testcase name="testGenericDesqDataset[Icdm16TraditionalMiningTest-DesqCount-tttt-7-1-1-false-]" classname="de.uni_mannheim.desq.mining.spark.Icdm16TraditionalMiningTest" time="0.023"/>
  <testcase name="testGenericDesqDataset[Icdm16TraditionalMiningTest-DesqCount-tttt-7-1-1-false-]" classname="de.uni_mannheim.desq.mining.spark.Icdm16TraditionalMiningTest" time="0.027"/>
  <testcase name="testDesqDataset[Icdm16TraditionalMiningTest-DesqCount-tttt-7-1-1-true-]" classname="de.uni_mannheim.desq.mining.spark.Icdm16TraditionalMiningTest" time="0.026"/>
  <testcase name="testDesqDataset[Icdm16TraditionalMiningTest-DesqCount-tttt-7-1-1-true-]" classname="de.uni_mannheim.desq.mining.spark.Icdm16TraditionalMiningTest" time="0.024"/>
  <testcase name="testGenericDesqDataset[Icdm16TraditionalMiningTest-DesqCount-tttt-7-1-1-true-]" classname="de.uni_mannheim.desq.mining.spark.Icdm16TraditionalMiningTest" time="0.03"/>
  <testcase name="testGenericDesqDataset[Icdm16TraditionalMiningTest-DesqCount-tttt-7-1-1-true-]" classname="de.uni_mannheim.desq.mining.spark.Icdm16TraditionalMiningTest" time="0.024"/>
  <testcase name="testDesqDataset[Icdm16TraditionalMiningTest-DesqCount-tttt-7-1-3-false-]" classname="de.uni_mannheim.desq.mining.spark.Icdm16TraditionalMiningTest" time="0.025"/>
  <testcase name="testDesqDataset[Icdm16TraditionalMiningTest-DesqCount-tttt-7-1-3-false-]" classname="de.uni_mannheim.desq.mining.spark.Icdm16TraditionalMiningTest" time="0.023"/>
  <testcase name="testGenericDesqDataset[Icdm16TraditionalMiningTest-DesqCount-tttt-7-1-3-false-]" classname="de.uni_mannheim.desq.mining.spark.Icdm16TraditionalMiningTest" time="0.02"/>
  <testcase name="testGenericDesqDataset[Icdm16TraditionalMiningTest-DesqCount-tttt-7-1-3-false-]" classname="de.uni_mannheim.desq.mining.spark.Icdm16TraditionalMiningTest" time="0.03"/>
  <testcase name="testDesqDataset[Icdm16TraditionalMiningTest-DesqCount-tttt-7-1-3-true-]" classname="de.uni_mannheim.desq.mining.spark.Icdm16TraditionalMiningTest" time="0.029"/>
  <testcase name="testDesqDataset[Icdm16TraditionalMiningTest-DesqCount-tttt-7-1-3-true-]" classname="de.uni_mannheim.desq.mining.spark.Icdm16TraditionalMiningTest" time="0.027"/>
  <testcase name="testGenericDesqDataset[Icdm16TraditionalMiningTest-DesqCount-tttt-7-1-3-true-]" classname="de.uni_mannheim.desq.mining.spark.Icdm16TraditionalMiningTest" time="0.026"/>
  <testcase name="testGenericDesqDataset[Icdm16TraditionalMiningTest-DesqCount-tttt-7-1-3-true-]" classname="de.uni_mannheim.desq.mining.spark.Icdm16TraditionalMiningTest" time="0.03"/>
  <testcase name="testDesqDataset[Icdm16TraditionalMiningTest-DesqCount-tttt-7-1-5-false-]" classname="de.uni_mannheim.desq.mining.spark.Icdm16TraditionalMiningTest" time="0.043"/>
  <testcase name="testDesqDataset[Icdm16TraditionalMiningTest-DesqCount-tttt-7-1-5-false-]" classname="de.uni_mannheim.desq.mining.spark.Icdm16TraditionalMiningTest" time="0.023"/>
  <testcase name="testGenericDesqDataset[Icdm16TraditionalMiningTest-DesqCount-tttt-7-1-5-false-]" classname="de.uni_mannheim.desq.mining.spark.Icdm16TraditionalMiningTest" time="0.02"/>
  <testcase name="testGenericDesqDataset[Icdm16TraditionalMiningTest-DesqCount-tttt-7-1-5-false-]" classname="de.uni_mannheim.desq.mining.spark.Icdm16TraditionalMiningTest" time="0.036"/>
  <testcase name="testDesqDataset[Icdm16TraditionalMiningTest-DesqCount-tttt-7-1-5-true-]" classname="de.uni_mannheim.desq.mining.spark.Icdm16TraditionalMiningTest" time="0.025"/>
  <testcase name="testDesqDataset[Icdm16TraditionalMiningTest-DesqCount-tttt-7-1-5-true-]" classname="de.uni_mannheim.desq.mining.spark.Icdm16TraditionalMiningTest" time="0.025"/>
  <testcase name="testGenericDesqDataset[Icdm16TraditionalMiningTest-DesqCount-tttt-7-1-5-true-]" classname="de.uni_mannheim.desq.mining.spark.Icdm16TraditionalMiningTest" time="0.025"/>
  <testcase name="testGenericDesqDataset[Icdm16TraditionalMiningTest-DesqCount-tttt-7-1-5-true-]" classname="de.uni_mannheim.desq.mining.spark.Icdm16TraditionalMiningTest" time="0.024"/>
  <testcase name="testDesqDataset[Icdm16TraditionalMiningTest-DesqCount-tttt-7-1-7-false-]" classname="de.uni_mannheim.desq.mining.spark.Icdm16TraditionalMiningTest" time="0.022"/>
  <testcase name="testDesqDataset[Icdm16TraditionalMiningTest-DesqCount-tttt-7-1-7-false-]" classname="de.uni_mannheim.desq.mining.spark.Icdm16TraditionalMiningTest" time="0.031"/>
  <testcase name="testGenericDesqDataset[Icdm16TraditionalMiningTest-DesqCount-tttt-7-1-7-false-]" classname="de.uni_mannheim.desq.mining.spark.Icdm16TraditionalMiningTest" time="0.025"/>
  <testcase name="testGenericDesqDataset[Icdm16TraditionalMiningTest-DesqCount-tttt-7-1-7-false-]" classname="de.uni_mannheim.desq.mining.spark.Icdm16TraditionalMiningTest" time="0.033"/>
  <testcase name="testDesqDataset[Icdm16TraditionalMiningTest-DesqCount-tttt-7-1-7-true-]" classname="de.uni_mannheim.desq.mining.spark.Icdm16TraditionalMiningTest" time="0.024"/>
  <testcase name="testDesqDataset[Icdm16TraditionalMiningTest-DesqCount-tttt-7-1-7-true-]" classname="de.uni_mannheim.desq.mining.spark.Icdm16TraditionalMiningTest" time="0.027"/>
  <testcase name="testGenericDesqDataset[Icdm16TraditionalMiningTest-DesqCount-tttt-7-1-7-true-]" classname="de.uni_mannheim.desq.mining.spark.Icdm16TraditionalMiningTest" time="0.034"/>
  <testcase name="testGenericDesqDataset[Icdm16TraditionalMiningTest-DesqCount-tttt-7-1-7-true-]" classname="de.uni_mannheim.desq.mining.spark.Icdm16TraditionalMiningTest" time="0.023"/>
  <testcase name="testDesqDataset[Icdm16TraditionalMiningTest-DesqCount-tttt-7-2-1-false-]" classname="de.uni_mannheim.desq.mining.spark.Icdm16TraditionalMiningTest" time="0.023"/>
  <testcase name="testDesqDataset[Icdm16TraditionalMiningTest-DesqCount-tttt-7-2-1-false-]" classname="de.uni_mannheim.desq.mining.spark.Icdm16TraditionalMiningTest" time="0.024"/>
  <testcase name="testGenericDesqDataset[Icdm16TraditionalMiningTest-DesqCount-tttt-7-2-1-false-]" classname="de.uni_mannheim.desq.mining.spark.Icdm16TraditionalMiningTest" time="0.023"/>
  <testcase name="testGenericDesqDataset[Icdm16TraditionalMiningTest-DesqCount-tttt-7-2-1-false-]" classname="de.uni_mannheim.desq.mining.spark.Icdm16TraditionalMiningTest" time="0.019"/>
  <testcase name="testDesqDataset[Icdm16TraditionalMiningTest-DesqCount-tttt-7-2-1-true-]" classname="de.uni_mannheim.desq.mining.spark.Icdm16TraditionalMiningTest" time="0.02"/>
  <testcase name="testDesqDataset[Icdm16TraditionalMiningTest-DesqCount-tttt-7-2-1-true-]" classname="de.uni_mannheim.desq.mining.spark.Icdm16TraditionalMiningTest" time="0.015"/>
  <testcase name="testGenericDesqDataset[Icdm16TraditionalMiningTest-DesqCount-tttt-7-2-1-true-]" classname="de.uni_mannheim.desq.mining.spark.Icdm16TraditionalMiningTest" time="0.016"/>
  <testcase name="testGenericDesqDataset[Icdm16TraditionalMiningTest-DesqCount-tttt-7-2-1-true-]" classname="de.uni_mannheim.desq.mining.spark.Icdm16TraditionalMiningTest" time="0.017"/>
  <testcase name="testDesqDataset[Icdm16TraditionalMiningTest-DesqCount-tttt-7-2-3-false-]" classname="de.uni_mannheim.desq.mining.spark.Icdm16TraditionalMiningTest" time="0.024"/>
  <testcase name="testDesqDataset[Icdm16TraditionalMiningTest-DesqCount-tttt-7-2-3-false-]" classname="de.uni_mannheim.desq.mining.spark.Icdm16TraditionalMiningTest" time="0.022"/>
  <testcase name="testGenericDesqDataset[Icdm16TraditionalMiningTest-DesqCount-tttt-7-2-3-false-]" classname="de.uni_mannheim.desq.mining.spark.Icdm16TraditionalMiningTest" time="0.025"/>
  <testcase name="testGenericDesqDataset[Icdm16TraditionalMiningTest-DesqCount-tttt-7-2-3-false-]" classname="de.uni_mannheim.desq.mining.spark.Icdm16TraditionalMiningTest" time="0.028"/>
  <testcase name="testDesqDataset[Icdm16TraditionalMiningTest-DesqCount-tttt-7-2-3-true-]" classname="de.uni_mannheim.desq.mining.spark.Icdm16TraditionalMiningTest" time="0.026"/>
  <testcase name="testDesqDataset[Icdm16TraditionalMiningTest-DesqCount-tttt-7-2-3-true-]" classname="de.uni_mannheim.desq.mining.spark.Icdm16TraditionalMiningTest" time="0.023"/>
  <testcase name="testGenericDesqDataset[Icdm16TraditionalMiningTest-DesqCount-tttt-7-2-3-true-]" classname="de.uni_mannheim.desq.mining.spark.Icdm16TraditionalMiningTest" time="0.037"/>
  <testcase name="testGenericDesqDataset[Icdm16TraditionalMiningTest-DesqCount-tttt-7-2-3-true-]" classname="de.uni_mannheim.desq.mining.spark.Icdm16TraditionalMiningTest" time="0.031"/>
  <testcase name="testDesqDataset[Icdm16TraditionalMiningTest-DesqCount-tttt-7-2-5-false-]" classname="de.uni_mannheim.desq.mining.spark.Icdm16TraditionalMiningTest" time="0.023"/>
  <testcase name="testDesqDataset[Icdm16TraditionalMiningTest-DesqCount-tttt-7-2-5-false-]" classname="de.uni_mannheim.desq.mining.spark.Icdm16TraditionalMiningTest" time="0.025"/>
  <testcase name="testGenericDesqDataset[Icdm16TraditionalMiningTest-DesqCount-tttt-7-2-5-false-]" classname="de.uni_mannheim.desq.mining.spark.Icdm16TraditionalMiningTest" time="0.027"/>
  <testcase name="testGenericDesqDataset[Icdm16TraditionalMiningTest-DesqCount-tttt-7-2-5-false-]" classname="de.uni_mannheim.desq.mining.spark.Icdm16TraditionalMiningTest" time="0.026"/>
  <testcase name="testDesqDataset[Icdm16TraditionalMiningTest-DesqCount-tttt-7-2-5-true-]" classname="de.uni_mannheim.desq.mining.spark.Icdm16TraditionalMiningTest" time="0.022"/>
  <testcase name="testDesqDataset[Icdm16TraditionalMiningTest-DesqCount-tttt-7-2-5-true-]" classname="de.uni_mannheim.desq.mining.spark.Icdm16TraditionalMiningTest" time="0.023"/>
  <testcase name="testGenericDesqDataset[Icdm16TraditionalMiningTest-DesqCount-tttt-7-2-5-true-]" classname="de.uni_mannheim.desq.mining.spark.Icdm16TraditionalMiningTest" time="0.025"/>
  <testcase name="testGenericDesqDataset[Icdm16TraditionalMiningTest-DesqCount-tttt-7-2-5-true-]" classname="de.uni_mannheim.desq.mining.spark.Icdm16TraditionalMiningTest" time="0.026"/>
  <testcase name="testDesqDataset[Icdm16TraditionalMiningTest-DesqCount-tttt-7-2-7-false-]" classname="de.uni_mannheim.desq.mining.spark.Icdm16TraditionalMiningTest" time="0.023"/>
  <testcase name="testDesqDataset[Icdm16TraditionalMiningTest-DesqCount-tttt-7-2-7-false-]" classname="de.uni_mannheim.desq.mining.spark.Icdm16TraditionalMiningTest" time="0.028"/>
  <testcase name="testGenericDesqDataset[Icdm16TraditionalMiningTest-DesqCount-tttt-7-2-7-false-]" classname="de.uni_mannheim.desq.mining.spark.Icdm16TraditionalMiningTest" time="0.027"/>
  <testcase name="testGenericDesqDataset[Icdm16TraditionalMiningTest-DesqCount-tttt-7-2-7-false-]" classname="de.uni_mannheim.desq.mining.spark.Icdm16TraditionalMiningTest" time="0.03"/>
  <testcase name="testDesqDataset[Icdm16TraditionalMiningTest-DesqCount-tttt-7-2-7-true-]" classname="de.uni_mannheim.desq.mining.spark.Icdm16TraditionalMiningTest" time="0.026"/>
  <testcase name="testDesqDataset[Icdm16TraditionalMiningTest-DesqCount-tttt-7-2-7-true-]" classname="de.uni_mannheim.desq.mining.spark.Icdm16TraditionalMiningTest" time="0.027"/>
  <testcase name="testGenericDesqDataset[Icdm16TraditionalMiningTest-DesqCount-tttt-7-2-7-true-]" classname="de.uni_mannheim.desq.mining.spark.Icdm16TraditionalMiningTest" time="0.03"/>
  <testcase name="testGenericDesqDataset[Icdm16TraditionalMiningTest-DesqCount-tttt-7-2-7-true-]" classname="de.uni_mannheim.desq.mining.spark.Icdm16TraditionalMiningTest" time="0.034"/>
</testsuite>