<?xml version="1.0" encoding="UTF-8"?>
<testsuite xmlns:xsi="http://www.w3.org/2001/XMLSchema-instance" xsi:schemaLocation="https://maven.apache.org/surefire/maven-surefire-plugin/xsd/surefire-test-report.xsd" name="de.uni_mannheim.desq.mining.Icdm16TraditionalMiningTest" time="1.654" tests="1632" errors="0" skipped="0" failures="0">
  <properties>
    <property name="java.runtime.name" value="OpenJDK Runtime Environment"/>
    <property name="sun.boot.library.path" value="/usr/local/openjdk-8/jre/lib/amd64"/>
    <property name="java.vm.version" value="25.262-b10"/>
    <property name="animal.sniffer.skip" value="true"/>
    <property name="java.vm.vendor" value="Oracle Corporation"/>
    <property name="maven.multiModuleProjectDirectory" value="/tmp/tmpp1p_tkly/desq"/>
    <property name="maven.javadoc.skip" value="true"/>
    <property name="java.vendor.url" value="http://java.oracle.com/"/>
    <property name="path.separator" value=":"/>
    <property name="guice.disable.misplaced.annotation.check" value="true"/>
    <property name="java.vm.name" value="OpenJDK 64-Bit Server VM"/>
    <property name="file.encoding.pkg" value="sun.io"/>
    <property name="sun.java.launcher" value="SUN_STANDARD"/>
    <property name="sun.os.patch.level" value="unknown"/>
    <property name="source.skip" value="true"/>
    <property name="java.vm.specification.name" value="Java Virtual Machine Specification"/>
    <property name="user.dir" value="/tmp/tmpp1p_tkly/desq"/>
    <property name="java.runtime.version" value="1.8.0_262-b10"/>
    <property name="java.awt.graphicsenv" value="sun.awt.X11GraphicsEnvironment"/>
    <property name="java.endorsed.dirs" value="/usr/local/openjdk-8/jre/lib/endorsed"/>
    <property name="os.arch" value="amd64"/>
    <property name="java.io.tmpdir" value="/tmp"/>
    <property name="line.separator" value="&#10;"/>
    <property name="java.vm.specification.vendor" value="Oracle Corporation"/>
    <property name="os.name" value="Linux"/>
    <property name="classworlds.conf" value="/usr/share/maven/bin/m2.conf"/>
    <property name="sun.jnu.encoding" value="UTF-8"/>
    <property name="java.library.path" value="/usr/java/packages/lib/amd64:/usr/lib64:/lib64:/lib:/usr/lib"/>
    <property name="license.skip" value="true"/>
    <property name="maven.conf" value="/usr/share/maven/conf"/>
    <property name="java.specification.name" value="Java Platform API Specification"/>
    <property name="java.class.version" value="52.0"/>
    <property name="sun.management.compiler" value="HotSpot 64-Bit Tiered Compilers"/>
    <property name="maven.test.failure.ignore" value="true"/>
    <property name="os.version" value="4.15.0-109-generic"/>
    <property name="library.jansi.path" value="/usr/share/maven/lib/jansi-native"/>
    <property name="user.home" value="/home/jdbl"/>
    <property name="user.timezone" value="Etc/UTC"/>
    <property name="java.awt.printerjob" value="sun.print.PSPrinterJob"/>
    <property name="java.specification.version" value="1.8"/>
    <property name="file.encoding" value="UTF-8"/>
    <property name="user.name" value="jdbl"/>
    <property name="java.class.path" value="/usr/share/maven/boot/plexus-classworlds-2.6.0.jar"/>
    <property name="java.vm.specification.version" value="1.8"/>
    <property name="sun.arch.data.model" value="64"/>
    <property name="java.home" value="/usr/local/openjdk-8/jre"/>
    <property name="sun.java.command" value="org.codehaus.plexus.classworlds.launcher.Launcher test -e --fail-never -ntp -Dmaven.test.failure.ignore=true -B -Dmaven.javadoc.skip=true -Drat.skip=true -Danimal.sniffer.skip=true -Dmaven.javadoc.skip=true -Dlicense.skip=true -Dsource.skip=true"/>
    <property name="java.specification.vendor" value="Oracle Corporation"/>
    <property name="user.language" value="en"/>
    <property name="awt.toolkit" value="sun.awt.X11.XToolkit"/>
    <property name="java.vm.info" value="mixed mode"/>
    <property name="java.version" value="1.8.0_262"/>
    <property name="java.ext.dirs" value="/usr/local/openjdk-8/jre/lib/ext:/usr/java/packages/lib/ext"/>
    <property name="securerandom.source" value="file:/dev/./urandom"/>
    <property name="sun.boot.class.path" value="/usr/local/openjdk-8/jre/lib/resources.jar:/usr/local/openjdk-8/jre/lib/rt.jar:/usr/local/openjdk-8/jre/lib/sunrsasign.jar:/usr/local/openjdk-8/jre/lib/jsse.jar:/usr/local/openjdk-8/jre/lib/jce.jar:/usr/local/openjdk-8/jre/lib/charsets.jar:/usr/local/openjdk-8/jre/lib/jfr.jar:/usr/local/openjdk-8/jre/classes"/>
    <property name="java.vendor" value="Oracle Corporation"/>
    <property name="rat.skip" value="true"/>
    <property name="maven.home" value="/usr/share/maven"/>
    <property name="file.separator" value="/"/>
    <property name="java.vendor.url.bug" value="http://bugreport.sun.com/bugreport/"/>
    <property name="sun.cpu.endian" value="little"/>
    <property name="sun.io.unicode.encoding" value="UnicodeLittle"/>
    <property name="sun.cpu.isalist" value=""/>
  </properties>
  <testcase name="test[Icdm16TraditionalMiningTest-CSpade-1-0-1-false-]" classname="de.uni_mannheim.desq.mining.Icdm16TraditionalMiningTest" time="0"/>
  <testcase name="test[Icdm16TraditionalMiningTest-CSpade-1-0-1-true-]" classname="de.uni_mannheim.desq.mining.Icdm16TraditionalMiningTest" time="0"/>
  <testcase name="test[Icdm16TraditionalMiningTest-CSpade-1-0-3-false-]" classname="de.uni_mannheim.desq.mining.Icdm16TraditionalMiningTest" time="0.004"/>
  <testcase name="test[Icdm16TraditionalMiningTest-CSpade-1-0-3-true-]" classname="de.uni_mannheim.desq.mining.Icdm16TraditionalMiningTest" time="0.003"/>
  <testcase name="test[Icdm16TraditionalMiningTest-CSpade-1-0-5-false-]" classname="de.uni_mannheim.desq.mining.Icdm16TraditionalMiningTest" time="0.002"/>
  <testcase name="test[Icdm16TraditionalMiningTest-CSpade-1-0-5-true-]" classname="de.uni_mannheim.desq.mining.Icdm16TraditionalMiningTest" time="0.007"/>
  <testcase name="test[Icdm16TraditionalMiningTest-CSpade-1-0-7-false-]" classname="de.uni_mannheim.desq.mining.Icdm16TraditionalMiningTest" time="0.002"/>
  <testcase name="test[Icdm16TraditionalMiningTest-CSpade-1-0-7-true-]" classname="de.uni_mannheim.desq.mining.Icdm16TraditionalMiningTest" time="0.006"/>
  <testcase name="test[Icdm16TraditionalMiningTest-CSpade-1-1-1-false-]" classname="de.uni_mannheim.desq.mining.Icdm16TraditionalMiningTest" time="0.001"/>
  <testcase name="test[Icdm16TraditionalMiningTest-CSpade-1-1-1-true-]" classname="de.uni_mannheim.desq.mining.Icdm16TraditionalMiningTest" time="0.001"/>
  <testcase name="test[Icdm16TraditionalMiningTest-CSpade-1-1-3-false-]" classname="de.uni_mannheim.desq.mining.Icdm16TraditionalMiningTest" time="0.001"/>
  <testcase name="test[Icdm16TraditionalMiningTest-CSpade-1-1-3-true-]" classname="de.uni_mannheim.desq.mining.Icdm16TraditionalMiningTest" time="0.002"/>
  <testcase name="test[Icdm16TraditionalMiningTest-CSpade-1-1-5-false-]" classname="de.uni_mannheim.desq.mining.Icdm16TraditionalMiningTest" time="0.002"/>
  <testcase name="test[Icdm16TraditionalMiningTest-CSpade-1-1-5-true-]" classname="de.uni_mannheim.desq.mining.Icdm16TraditionalMiningTest" time="0.004"/>
  <testcase name="test[Icdm16TraditionalMiningTest-CSpade-1-1-7-false-]" classname="de.uni_mannheim.desq.mining.Icdm16TraditionalMiningTest" time="0.002"/>
  <testcase name="test[Icdm16TraditionalMiningTest-CSpade-1-1-7-true-]" classname="de.uni_mannheim.desq.mining.Icdm16TraditionalMiningTest" time="0.006"/>
  <testcase name="test[Icdm16TraditionalMiningTest-CSpade-1-2-1-false-]" classname="de.uni_mannheim.desq.mining.Icdm16TraditionalMiningTest" time="0.001"/>
  <testcase name="test[Icdm16TraditionalMiningTest-CSpade-1-2-1-true-]" classname="de.uni_mannheim.desq.mining.Icdm16TraditionalMiningTest" time="0.037"/>
  <testcase name="test[Icdm16TraditionalMiningTest-CSpade-1-2-3-false-]" classname="de.uni_mannheim.desq.mining.Icdm16TraditionalMiningTest" time="0.004"/>
  <testcase name="test[Icdm16TraditionalMiningTest-CSpade-1-2-3-true-]" classname="de.uni_mannheim.desq.mining.Icdm16TraditionalMiningTest" time="0.005"/>
  <testcase name="test[Icdm16TraditionalMiningTest-CSpade-1-2-5-false-]" classname="de.uni_mannheim.desq.mining.Icdm16TraditionalMiningTest" time="0.004"/>
  <testcase name="test[Icdm16TraditionalMiningTest-CSpade-1-2-5-true-]" classname="de.uni_mannheim.desq.mining.Icdm16TraditionalMiningTest" time="0.013"/>
  <testcase name="test[Icdm16TraditionalMiningTest-CSpade-1-2-7-false-]" classname="de.uni_mannheim.desq.mining.Icdm16TraditionalMiningTest" time="0.003"/>
  <testcase name="test[Icdm16TraditionalMiningTest-CSpade-1-2-7-true-]" classname="de.uni_mannheim.desq.mining.Icdm16TraditionalMiningTest" time="0.008"/>
  <testcase name="test[Icdm16TraditionalMiningTest-CSpade-3-0-1-false-]" classname="de.uni_mannheim.desq.mining.Icdm16TraditionalMiningTest" time="0.001"/>
  <testcase name="test[Icdm16TraditionalMiningTest-CSpade-3-0-1-true-]" classname="de.uni_mannheim.desq.mining.Icdm16TraditionalMiningTest" time="0.001"/>
  <testcase name="test[Icdm16TraditionalMiningTest-CSpade-3-0-3-false-]" classname="de.uni_mannheim.desq.mining.Icdm16TraditionalMiningTest" time="0.001"/>
  <testcase name="test[Icdm16TraditionalMiningTest-CSpade-3-0-3-true-]" classname="de.uni_mannheim.desq.mining.Icdm16TraditionalMiningTest" time="0.002"/>
  <testcase name="test[Icdm16TraditionalMiningTest-CSpade-3-0-5-false-]" classname="de.uni_mannheim.desq.mining.Icdm16TraditionalMiningTest" time="0.001"/>
  <testcase name="test[Icdm16TraditionalMiningTest-CSpade-3-0-5-true-]" classname="de.uni_mannheim.desq.mining.Icdm16TraditionalMiningTest" time="0.001"/>
  <testcase name="test[Icdm16TraditionalMiningTest-CSpade-3-0-7-false-]" classname="de.uni_mannheim.desq.mining.Icdm16TraditionalMiningTest" time="0.001"/>
  <testcase name="test[Icdm16TraditionalMiningTest-CSpade-3-0-7-true-]" classname="de.uni_mannheim.desq.mining.Icdm16TraditionalMiningTest" time="0"/>
  <testcase name="test[Icdm16TraditionalMiningTest-CSpade-3-1-1-false-]" classname="de.uni_mannheim.desq.mining.Icdm16TraditionalMiningTest" time="0.001"/>
  <testcase name="test[Icdm16TraditionalMiningTest-CSpade-3-1-1-true-]" classname="de.uni_mannheim.desq.mining.Icdm16TraditionalMiningTest" time="0.001"/>
  <testcase name="test[Icdm16TraditionalMiningTest-CSpade-3-1-3-false-]" classname="de.uni_mannheim.desq.mining.Icdm16TraditionalMiningTest" time="0"/>
  <testcase name="test[Icdm16TraditionalMiningTest-CSpade-3-1-3-true-]" classname="de.uni_mannheim.desq.mining.Icdm16TraditionalMiningTest" time="0.001"/>
  <testcase name="test[Icdm16TraditionalMiningTest-CSpade-3-1-5-false-]" classname="de.uni_mannheim.desq.mining.Icdm16TraditionalMiningTest" time="0.001"/>
  <testcase name="test[Icdm16TraditionalMiningTest-CSpade-3-1-5-true-]" classname="de.uni_mannheim.desq.mining.Icdm16TraditionalMiningTest" time="0"/>
  <testcase name="test[Icdm16TraditionalMiningTest-CSpade-3-1-7-false-]" classname="de.uni_mannheim.desq.mining.Icdm16TraditionalMiningTest" time="0.001"/>
  <testcase name="test[Icdm16TraditionalMiningTest-CSpade-3-1-7-true-]" classname="de.uni_mannheim.desq.mining.Icdm16TraditionalMiningTest" time="0.001"/>
  <testcase name="test[Icdm16TraditionalMiningTest-CSpade-3-2-1-false-]" classname="de.uni_mannheim.desq.mining.Icdm16TraditionalMiningTest" time="0.001"/>
  <testcase name="test[Icdm16TraditionalMiningTest-CSpade-3-2-1-true-]" classname="de.uni_mannheim.desq.mining.Icdm16TraditionalMiningTest" time="0"/>
  <testcase name="test[Icdm16TraditionalMiningTest-CSpade-3-2-3-false-]" classname="de.uni_mannheim.desq.mining.Icdm16TraditionalMiningTest" time="0.001"/>
  <testcase name="test[Icdm16TraditionalMiningTest-CSpade-3-2-3-true-]" classname="de.uni_mannheim.desq.mining.Icdm16TraditionalMiningTest" time="0.001"/>
  <testcase name="test[Icdm16TraditionalMiningTest-CSpade-3-2-5-false-]" classname="de.uni_mannheim.desq.mining.Icdm16TraditionalMiningTest" time="0"/>
  <testcase name="test[Icdm16TraditionalMiningTest-CSpade-3-2-5-true-]" classname="de.uni_mannheim.desq.mining.Icdm16TraditionalMiningTest" time="0.001"/>
  <testcase name="test[Icdm16TraditionalMiningTest-CSpade-3-2-7-false-]" classname="de.uni_mannheim.desq.mining.Icdm16TraditionalMiningTest" time="0.001"/>
  <testcase name="test[Icdm16TraditionalMiningTest-CSpade-3-2-7-true-]" classname="de.uni_mannheim.desq.mining.Icdm16TraditionalMiningTest" time="0.001"/>
  <testcase name="test[Icdm16TraditionalMiningTest-CSpade-5-0-1-false-]" classname="de.uni_mannheim.desq.mining.Icdm16TraditionalMiningTest" time="0.001"/>
  <testcase name="test[Icdm16TraditionalMiningTest-CSpade-5-0-1-true-]" classname="de.uni_mannheim.desq.mining.Icdm16TraditionalMiningTest" time="0"/>
  <testcase name="test[Icdm16TraditionalMiningTest-CSpade-5-0-3-false-]" classname="de.uni_mannheim.desq.mining.Icdm16TraditionalMiningTest" time="0.001"/>
  <testcase name="test[Icdm16TraditionalMiningTest-CSpade-5-0-3-true-]" classname="de.uni_mannheim.desq.mining.Icdm16TraditionalMiningTest" time="0"/>
  <testcase name="test[Icdm16TraditionalMiningTest-CSpade-5-0-5-false-]" classname="de.uni_mannheim.desq.mining.Icdm16TraditionalMiningTest" time="0.001"/>
  <testcase name="test[Icdm16TraditionalMiningTest-CSpade-5-0-5-true-]" classname="de.uni_mannheim.desq.mining.Icdm16TraditionalMiningTest" time="0.001"/>
  <testcase name="test[Icdm16TraditionalMiningTest-CSpade-5-0-7-false-]" classname="de.uni_mannheim.desq.mining.Icdm16TraditionalMiningTest" time="0"/>
  <testcase name="test[Icdm16TraditionalMiningTest-CSpade-5-0-7-true-]" classname="de.uni_mannheim.desq.mining.Icdm16TraditionalMiningTest" time="0.001"/>
  <testcase name="test[Icdm16TraditionalMiningTest-CSpade-5-1-1-false-]" classname="de.uni_mannheim.desq.mining.Icdm16TraditionalMiningTest" time="0.001"/>
  <testcase name="test[Icdm16TraditionalMiningTest-CSpade-5-1-1-true-]" classname="de.uni_mannheim.desq.mining.Icdm16TraditionalMiningTest" time="0"/>
  <testcase name="test[Icdm16TraditionalMiningTest-CSpade-5-1-3-false-]" classname="de.uni_mannheim.desq.mining.Icdm16TraditionalMiningTest" time="0.001"/>
  <testcase name="test[Icdm16TraditionalMiningTest-CSpade-5-1-3-true-]" classname="de.uni_mannheim.desq.mining.Icdm16TraditionalMiningTest" time="0.001"/>
  <testcase name="test[Icdm16TraditionalMiningTest-CSpade-5-1-5-false-]" classname="de.uni_mannheim.desq.mining.Icdm16TraditionalMiningTest" time="0"/>
  <testcase name="test[Icdm16TraditionalMiningTest-CSpade-5-1-5-true-]" classname="de.uni_mannheim.desq.mining.Icdm16TraditionalMiningTest" time="0.001"/>
  <testcase name="test[Icdm16TraditionalMiningTest-CSpade-5-1-7-false-]" classname="de.uni_mannheim.desq.mining.Icdm16TraditionalMiningTest" time="0.001"/>
  <testcase name="test[Icdm16TraditionalMiningTest-CSpade-5-1-7-true-]" classname="de.uni_mannheim.desq.mining.Icdm16TraditionalMiningTest" time="0.001"/>
  <testcase name="test[Icdm16TraditionalMiningTest-CSpade-5-2-1-false-]" classname="de.uni_mannheim.desq.mining.Icdm16TraditionalMiningTest" time="0"/>
  <testcase name="test[Icdm16TraditionalMiningTest-CSpade-5-2-1-true-]" classname="de.uni_mannheim.desq.mining.Icdm16TraditionalMiningTest" time="0.001"/>
  <testcase name="test[Icdm16TraditionalMiningTest-CSpade-5-2-3-false-]" classname="de.uni_mannheim.desq.mining.Icdm16TraditionalMiningTest" time="0"/>
  <testcase name="test[Icdm16TraditionalMiningTest-CSpade-5-2-3-true-]" classname="de.uni_mannheim.desq.mining.Icdm16TraditionalMiningTest" time="0.001"/>
  <testcase name="test[Icdm16TraditionalMiningTest-CSpade-5-2-5-false-]" classname="de.uni_mannheim.desq.mining.Icdm16TraditionalMiningTest" time="0.001"/>
  <testcase name="test[Icdm16TraditionalMiningTest-CSpade-5-2-5-true-]" classname="de.uni_mannheim.desq.mining.Icdm16TraditionalMiningTest" time="0.001"/>
  <testcase name="test[Icdm16TraditionalMiningTest-CSpade-5-2-7-false-]" classname="de.uni_mannheim.desq.mining.Icdm16TraditionalMiningTest" time="0"/>
  <testcase name="test[Icdm16TraditionalMiningTest-CSpade-5-2-7-true-]" classname="de.uni_mannheim.desq.mining.Icdm16TraditionalMiningTest" time="0.001"/>
  <testcase name="test[Icdm16TraditionalMiningTest-CSpade-7-0-1-false-]" classname="de.uni_mannheim.desq.mining.Icdm16TraditionalMiningTest" time="0.001"/>
  <testcase name="test[Icdm16TraditionalMiningTest-CSpade-7-0-1-true-]" classname="de.uni_mannheim.desq.mining.Icdm16TraditionalMiningTest" time="0"/>
  <testcase name="test[Icdm16TraditionalMiningTest-CSpade-7-0-3-false-]" classname="de.uni_mannheim.desq.mining.Icdm16TraditionalMiningTest" time="0.001"/>
  <testcase name="test[Icdm16TraditionalMiningTest-CSpade-7-0-3-true-]" classname="de.uni_mannheim.desq.mining.Icdm16TraditionalMiningTest" time="0"/>
  <testcase name="test[Icdm16TraditionalMiningTest-CSpade-7-0-5-false-]" classname="de.uni_mannheim.desq.mining.Icdm16TraditionalMiningTest" time="0.001"/>
  <testcase name="test[Icdm16TraditionalMiningTest-CSpade-7-0-5-true-]" classname="de.uni_mannheim.desq.mining.Icdm16TraditionalMiningTest" time="0"/>
  <testcase name="test[Icdm16TraditionalMiningTest-CSpade-7-0-7-false-]" classname="de.uni_mannheim.desq.mining.Icdm16TraditionalMiningTest" time="0.001"/>
  <testcase name="test[Icdm16TraditionalMiningTest-CSpade-7-0-7-true-]" classname="de.uni_mannheim.desq.mining.Icdm16TraditionalMiningTest" time="0"/>
  <testcase name="test[Icdm16TraditionalMiningTest-CSpade-7-1-1-false-]" classname="de.uni_mannheim.desq.mining.Icdm16TraditionalMiningTest" time="0.001"/>
  <testcase name="test[Icdm16TraditionalMiningTest-CSpade-7-1-1-true-]" classname="de.uni_mannheim.desq.mining.Icdm16TraditionalMiningTest" time="0"/>
  <testcase name="test[Icdm16TraditionalMiningTest-CSpade-7-1-3-false-]" classname="de.uni_mannheim.desq.mining.Icdm16TraditionalMiningTest" time="0.001"/>
  <testcase name="test[Icdm16TraditionalMiningTest-CSpade-7-1-3-true-]" classname="de.uni_mannheim.desq.mining.Icdm16TraditionalMiningTest" time="0"/>
  <testcase name="test[Icdm16TraditionalMiningTest-CSpade-7-1-5-false-]" classname="de.uni_mannheim.desq.mining.Icdm16TraditionalMiningTest" time="0.001"/>
  <testcase name="test[Icdm16TraditionalMiningTest-CSpade-7-1-5-true-]" classname="de.uni_mannheim.desq.mining.Icdm16TraditionalMiningTest" time="0"/>
  <testcase name="test[Icdm16TraditionalMiningTest-CSpade-7-1-7-false-]" classname="de.uni_mannheim.desq.mining.Icdm16TraditionalMiningTest" time="0.001"/>
  <testcase name="test[Icdm16TraditionalMiningTest-CSpade-7-1-7-true-]" classname="de.uni_mannheim.desq.mining.Icdm16TraditionalMiningTest" time="0"/>
  <testcase name="test[Icdm16TraditionalMiningTest-CSpade-7-2-1-false-]" classname="de.uni_mannheim.desq.mining.Icdm16TraditionalMiningTest" time="0"/>
  <testcase name="test[Icdm16TraditionalMiningTest-CSpade-7-2-1-true-]" classname="de.uni_mannheim.desq.mining.Icdm16TraditionalMiningTest" time="0"/>
  <testcase name="test[Icdm16TraditionalMiningTest-CSpade-7-2-3-false-]" classname="de.uni_mannheim.desq.mining.Icdm16TraditionalMiningTest" time="0"/>
  <testcase name="test[Icdm16TraditionalMiningTest-CSpade-7-2-3-true-]" classname="de.uni_mannheim.desq.mining.Icdm16TraditionalMiningTest" time="0.001"/>
  <testcase name="test[Icdm16TraditionalMiningTest-CSpade-7-2-5-false-]" classname="de.uni_mannheim.desq.mining.Icdm16TraditionalMiningTest" time="0.001"/>
  <testcase name="test[Icdm16TraditionalMiningTest-CSpade-7-2-5-true-]" classname="de.uni_mannheim.desq.mining.Icdm16TraditionalMiningTest" time="0.016"/>
  <testcase name="test[Icdm16TraditionalMiningTest-CSpade-7-2-7-false-]" classname="de.uni_mannheim.desq.mining.Icdm16TraditionalMiningTest" time="0"/>
  <testcase name="test[Icdm16TraditionalMiningTest-CSpade-7-2-7-true-]" classname="de.uni_mannheim.desq.mining.Icdm16TraditionalMiningTest" time="0"/>
  <testcase name="test[Icdm16TraditionalMiningTest-DesqCount-ffff-1-0-1-false-]" classname="de.uni_mannheim.desq.mining.Icdm16TraditionalMiningTest" time="0.004"/>
  <testcase name="test[Icdm16TraditionalMiningTest-DesqCount-ffff-1-0-1-true-]" classname="de.uni_mannheim.desq.mining.Icdm16TraditionalMiningTest" time="0.001"/>
  <testcase name="test[Icdm16TraditionalMiningTest-DesqCount-ffff-1-0-3-false-]" classname="de.uni_mannheim.desq.mining.Icdm16TraditionalMiningTest" time="0.001"/>
  <testcase name="test[Icdm16TraditionalMiningTest-DesqCount-ffff-1-0-3-true-]" classname="de.uni_mannheim.desq.mining.Icdm16TraditionalMiningTest" time="0.001"/>
  <testcase name="test[Icdm16TraditionalMiningTest-DesqCount-ffff-1-0-5-false-]" classname="de.uni_mannheim.desq.mining.Icdm16TraditionalMiningTest" time="0.001"/>
  <testcase name="test[Icdm16TraditionalMiningTest-DesqCount-ffff-1-0-5-true-]" classname="de.uni_mannheim.desq.mining.Icdm16TraditionalMiningTest" time="0.002"/>
  <testcase name="test[Icdm16TraditionalMiningTest-DesqCount-ffff-1-0-7-false-]" classname="de.uni_mannheim.desq.mining.Icdm16TraditionalMiningTest" time="0.001"/>
  <testcase name="test[Icdm16TraditionalMiningTest-DesqCount-ffff-1-0-7-true-]" classname="de.uni_mannheim.desq.mining.Icdm16TraditionalMiningTest" time="0.002"/>
  <testcase name="test[Icdm16TraditionalMiningTest-DesqCount-ffff-1-1-1-false-]" classname="de.uni_mannheim.desq.mining.Icdm16TraditionalMiningTest" time="0.001"/>
  <testcase name="test[Icdm16TraditionalMiningTest-DesqCount-ffff-1-1-1-true-]" classname="de.uni_mannheim.desq.mining.Icdm16TraditionalMiningTest" time="0"/>
  <testcase name="test[Icdm16TraditionalMiningTest-DesqCount-ffff-1-1-3-false-]" classname="de.uni_mannheim.desq.mining.Icdm16TraditionalMiningTest" time="0.001"/>
  <testcase name="test[Icdm16TraditionalMiningTest-DesqCount-ffff-1-1-3-true-]" classname="de.uni_mannheim.desq.mining.Icdm16TraditionalMiningTest" time="0.002"/>
  <testcase name="test[Icdm16TraditionalMiningTest-DesqCount-ffff-1-1-5-false-]" classname="de.uni_mannheim.desq.mining.Icdm16TraditionalMiningTest" time="0.001"/>
  <testcase name="test[Icdm16TraditionalMiningTest-DesqCount-ffff-1-1-5-true-]" classname="de.uni_mannheim.desq.mining.Icdm16TraditionalMiningTest" time="0.002"/>
  <testcase name="test[Icdm16TraditionalMiningTest-DesqCount-ffff-1-1-7-false-]" classname="de.uni_mannheim.desq.mining.Icdm16TraditionalMiningTest" time="0.001"/>
  <testcase name="test[Icdm16TraditionalMiningTest-DesqCount-ffff-1-1-7-true-]" classname="de.uni_mannheim.desq.mining.Icdm16TraditionalMiningTest" time="0.003"/>
  <testcase name="test[Icdm16TraditionalMiningTest-DesqCount-ffff-1-2-1-false-]" classname="de.uni_mannheim.desq.mining.Icdm16TraditionalMiningTest" time="0.001"/>
  <testcase name="test[Icdm16TraditionalMiningTest-DesqCount-ffff-1-2-1-true-]" classname="de.uni_mannheim.desq.mining.Icdm16TraditionalMiningTest" time="0.001"/>
  <testcase name="test[Icdm16TraditionalMiningTest-DesqCount-ffff-1-2-3-false-]" classname="de.uni_mannheim.desq.mining.Icdm16TraditionalMiningTest" time="0"/>
  <testcase name="test[Icdm16TraditionalMiningTest-DesqCount-ffff-1-2-3-true-]" classname="de.uni_mannheim.desq.mining.Icdm16TraditionalMiningTest" time="0.001"/>
  <testcase name="test[Icdm16TraditionalMiningTest-DesqCount-ffff-1-2-5-false-]" classname="de.uni_mannheim.desq.mining.Icdm16TraditionalMiningTest" time="0.001"/>
  <testcase name="test[Icdm16TraditionalMiningTest-DesqCount-ffff-1-2-5-true-]" classname="de.uni_mannheim.desq.mining.Icdm16TraditionalMiningTest" time="0.003"/>
  <testcase name="test[Icdm16TraditionalMiningTest-DesqCount-ffff-1-2-7-false-]" classname="de.uni_mannheim.desq.mining.Icdm16TraditionalMiningTest" time="0.001"/>
  <testcase name="test[Icdm16TraditionalMiningTest-DesqCount-ffff-1-2-7-true-]" classname="de.uni_mannheim.desq.mining.Icdm16TraditionalMiningTest" time="0.003"/>
  <testcase name="test[Icdm16TraditionalMiningTest-DesqCount-ffff-3-0-1-false-]" classname="de.uni_mannheim.desq.mining.Icdm16TraditionalMiningTest" time="0.001"/>
  <testcase name="test[Icdm16TraditionalMiningTest-DesqCount-ffff-3-0-1-true-]" classname="de.uni_mannheim.desq.mining.Icdm16TraditionalMiningTest" time="0"/>
  <testcase name="test[Icdm16TraditionalMiningTest-DesqCount-ffff-3-0-3-false-]" classname="de.uni_mannheim.desq.mining.Icdm16TraditionalMiningTest" time="0.001"/>
  <testcase name="test[Icdm16TraditionalMiningTest-DesqCount-ffff-3-0-3-true-]" classname="de.uni_mannheim.desq.mining.Icdm16TraditionalMiningTest" time="0.001"/>
  <testcase name="test[Icdm16TraditionalMiningTest-DesqCount-ffff-3-0-5-false-]" classname="de.uni_mannheim.desq.mining.Icdm16TraditionalMiningTest" time="0"/>
  <testcase name="test[Icdm16TraditionalMiningTest-DesqCount-ffff-3-0-5-true-]" classname="de.uni_mannheim.desq.mining.Icdm16TraditionalMiningTest" time="0.001"/>
  <testcase name="test[Icdm16TraditionalMiningTest-DesqCount-ffff-3-0-7-false-]" classname="de.uni_mannheim.desq.mining.Icdm16TraditionalMiningTest" time="0.001"/>
  <testcase name="test[Icdm16TraditionalMiningTest-DesqCount-ffff-3-0-7-true-]" classname="de.uni_mannheim.desq.mining.Icdm16TraditionalMiningTest" time="0.001"/>
  <testcase name="test[Icdm16TraditionalMiningTest-DesqCount-ffff-3-1-1-false-]" classname="de.uni_mannheim.desq.mining.Icdm16TraditionalMiningTest" time="0"/>
  <testcase name="test[Icdm16TraditionalMiningTest-DesqCount-ffff-3-1-1-true-]" classname="de.uni_mannheim.desq.mining.Icdm16TraditionalMiningTest" time="0.001"/>
  <testcase name="test[Icdm16TraditionalMiningTest-DesqCount-ffff-3-1-3-false-]" classname="de.uni_mannheim.desq.mining.Icdm16TraditionalMiningTest" time="0.001"/>
  <testcase name="test[Icdm16TraditionalMiningTest-DesqCount-ffff-3-1-3-true-]" classname="de.uni_mannheim.desq.mining.Icdm16TraditionalMiningTest" time="0"/>
  <testcase name="test[Icdm16TraditionalMiningTest-DesqCount-ffff-3-1-5-false-]" classname="de.uni_mannheim.desq.mining.Icdm16TraditionalMiningTest" time="0.001"/>
  <testcase name="test[Icdm16TraditionalMiningTest-DesqCount-ffff-3-1-5-true-]" classname="de.uni_mannheim.desq.mining.Icdm16TraditionalMiningTest" time="0.001"/>
  <testcase name="test[Icdm16TraditionalMiningTest-DesqCount-ffff-3-1-7-false-]" classname="de.uni_mannheim.desq.mining.Icdm16TraditionalMiningTest" time="0.001"/>
  <testcase name="test[Icdm16TraditionalMiningTest-DesqCount-ffff-3-1-7-true-]" classname="de.uni_mannheim.desq.mining.Icdm16TraditionalMiningTest" time="0.001"/>
  <testcase name="test[Icdm16TraditionalMiningTest-DesqCount-ffff-3-2-1-false-]" classname="de.uni_mannheim.desq.mining.Icdm16TraditionalMiningTest" time="0.001"/>
  <testcase name="test[Icdm16TraditionalMiningTest-DesqCount-ffff-3-2-1-true-]" classname="de.uni_mannheim.desq.mining.Icdm16TraditionalMiningTest" time="0"/>
  <testcase name="test[Icdm16TraditionalMiningTest-DesqCount-ffff-3-2-3-false-]" classname="de.uni_mannheim.desq.mining.Icdm16TraditionalMiningTest" time="0.001"/>
  <testcase name="test[Icdm16TraditionalMiningTest-DesqCount-ffff-3-2-3-true-]" classname="de.uni_mannheim.desq.mining.Icdm16TraditionalMiningTest" time="0.001"/>
  <testcase name="test[Icdm16TraditionalMiningTest-DesqCount-ffff-3-2-5-false-]" classname="de.uni_mannheim.desq.mining.Icdm16TraditionalMiningTest" time="0.001"/>
  <testcase name="test[Icdm16TraditionalMiningTest-DesqCount-ffff-3-2-5-true-]" classname="de.uni_mannheim.desq.mining.Icdm16TraditionalMiningTest" time="0.001"/>
  <testcase name="test[Icdm16TraditionalMiningTest-DesqCount-ffff-3-2-7-false-]" classname="de.uni_mannheim.desq.mining.Icdm16TraditionalMiningTest" time="0"/>
  <testcase name="test[Icdm16TraditionalMiningTest-DesqCount-ffff-3-2-7-true-]" classname="de.uni_mannheim.desq.mining.Icdm16TraditionalMiningTest" time="0.001"/>
  <testcase name="test[Icdm16TraditionalMiningTest-DesqCount-ffff-5-0-1-false-]" classname="de.uni_mannheim.desq.mining.Icdm16TraditionalMiningTest" time="0.001"/>
  <testcase name="test[Icdm16TraditionalMiningTest-DesqCount-ffff-5-0-1-true-]" classname="de.uni_mannheim.desq.mining.Icdm16TraditionalMiningTest" time="0.001"/>
  <testcase name="test[Icdm16TraditionalMiningTest-DesqCount-ffff-5-0-3-false-]" classname="de.uni_mannheim.desq.mining.Icdm16TraditionalMiningTest" time="0"/>
  <testcase name="test[Icdm16TraditionalMiningTest-DesqCount-ffff-5-0-3-true-]" classname="de.uni_mannheim.desq.mining.Icdm16TraditionalMiningTest" time="0.001"/>
  <testcase name="test[Icdm16TraditionalMiningTest-DesqCount-ffff-5-0-5-false-]" classname="de.uni_mannheim.desq.mining.Icdm16TraditionalMiningTest" time="0.001"/>
  <testcase name="test[Icdm16TraditionalMiningTest-DesqCount-ffff-5-0-5-true-]" classname="de.uni_mannheim.desq.mining.Icdm16TraditionalMiningTest" time="0"/>
  <testcase name="test[Icdm16TraditionalMiningTest-DesqCount-ffff-5-0-7-false-]" classname="de.uni_mannheim.desq.mining.Icdm16TraditionalMiningTest" time="0.001"/>
  <testcase name="test[Icdm16TraditionalMiningTest-DesqCount-ffff-5-0-7-true-]" classname="de.uni_mannheim.desq.mining.Icdm16TraditionalMiningTest" time="0.001"/>
  <testcase name="test[Icdm16TraditionalMiningTest-DesqCount-ffff-5-1-1-false-]" classname="de.uni_mannheim.desq.mining.Icdm16TraditionalMiningTest" time="0"/>
  <testcase name="test[Icdm16TraditionalMiningTest-DesqCount-ffff-5-1-1-true-]" classname="de.uni_mannheim.desq.mining.Icdm16TraditionalMiningTest" time="0.001"/>
  <testcase name="test[Icdm16TraditionalMiningTest-DesqCount-ffff-5-1-3-false-]" classname="de.uni_mannheim.desq.mining.Icdm16TraditionalMiningTest" time="0.001"/>
  <testcase name="test[Icdm16TraditionalMiningTest-DesqCount-ffff-5-1-3-true-]" classname="de.uni_mannheim.desq.mining.Icdm16TraditionalMiningTest" time="0"/>
  <testcase name="test[Icdm16TraditionalMiningTest-DesqCount-ffff-5-1-5-false-]" classname="de.uni_mannheim.desq.mining.Icdm16TraditionalMiningTest" time="0.001"/>
  <testcase name="test[Icdm16TraditionalMiningTest-DesqCount-ffff-5-1-5-true-]" classname="de.uni_mannheim.desq.mining.Icdm16TraditionalMiningTest" time="0.001"/>
  <testcase name="test[Icdm16TraditionalMiningTest-DesqCount-ffff-5-1-7-false-]" classname="de.uni_mannheim.desq.mining.Icdm16TraditionalMiningTest" time="0.001"/>
  <testcase name="test[Icdm16TraditionalMiningTest-DesqCount-ffff-5-1-7-true-]" classname="de.uni_mannheim.desq.mining.Icdm16TraditionalMiningTest" time="0.001"/>
  <testcase name="test[Icdm16TraditionalMiningTest-DesqCount-ffff-5-2-1-false-]" classname="de.uni_mannheim.desq.mining.Icdm16TraditionalMiningTest" time="0.001"/>
  <testcase name="test[Icdm16TraditionalMiningTest-DesqCount-ffff-5-2-1-true-]" classname="de.uni_mannheim.desq.mining.Icdm16TraditionalMiningTest" time="0"/>
  <testcase name="test[Icdm16TraditionalMiningTest-DesqCount-ffff-5-2-3-false-]" classname="de.uni_mannheim.desq.mining.Icdm16TraditionalMiningTest" time="0.001"/>
  <testcase name="test[Icdm16TraditionalMiningTest-DesqCount-ffff-5-2-3-true-]" classname="de.uni_mannheim.desq.mining.Icdm16TraditionalMiningTest" time="0.001"/>
  <testcase name="test[Icdm16TraditionalMiningTest-DesqCount-ffff-5-2-5-false-]" classname="de.uni_mannheim.desq.mining.Icdm16TraditionalMiningTest" time="0"/>
  <testcase name="test[Icdm16TraditionalMiningTest-DesqCount-ffff-5-2-5-true-]" classname="de.uni_mannheim.desq.mining.Icdm16TraditionalMiningTest" time="0.001"/>
  <testcase name="test[Icdm16TraditionalMiningTest-DesqCount-ffff-5-2-7-false-]" classname="de.uni_mannheim.desq.mining.Icdm16TraditionalMiningTest" time="0.001"/>
  <testcase name="test[Icdm16TraditionalMiningTest-DesqCount-ffff-5-2-7-true-]" classname="de.uni_mannheim.desq.mining.Icdm16TraditionalMiningTest" time="0.001"/>
  <testcase name="test[Icdm16TraditionalMiningTest-DesqCount-ffff-7-0-1-false-]" classname="de.uni_mannheim.desq.mining.Icdm16TraditionalMiningTest" time="0.001"/>
  <testcase name="test[Icdm16TraditionalMiningTest-DesqCount-ffff-7-0-1-true-]" classname="de.uni_mannheim.desq.mining.Icdm16TraditionalMiningTest" time="0"/>
  <testcase name="test[Icdm16TraditionalMiningTest-DesqCount-ffff-7-0-3-false-]" classname="de.uni_mannheim.desq.mining.Icdm16TraditionalMiningTest" time="0.001"/>
  <testcase name="test[Icdm16TraditionalMiningTest-DesqCount-ffff-7-0-3-true-]" classname="de.uni_mannheim.desq.mining.Icdm16TraditionalMiningTest" time="0"/>
  <testcase name="test[Icdm16TraditionalMiningTest-DesqCount-ffff-7-0-5-false-]" classname="de.uni_mannheim.desq.mining.Icdm16TraditionalMiningTest" time="0.001"/>
  <testcase name="test[Icdm16TraditionalMiningTest-DesqCount-ffff-7-0-5-true-]" classname="de.uni_mannheim.desq.mining.Icdm16TraditionalMiningTest" time="0"/>
  <testcase name="test[Icdm16TraditionalMiningTest-DesqCount-ffff-7-0-7-false-]" classname="de.uni_mannheim.desq.mining.Icdm16TraditionalMiningTest" time="0"/>
  <testcase name="test[Icdm16TraditionalMiningTest-DesqCount-ffff-7-0-7-true-]" classname="de.uni_mannheim.desq.mining.Icdm16TraditionalMiningTest" time="0.001"/>
  <testcase name="test[Icdm16TraditionalMiningTest-DesqCount-ffff-7-1-1-false-]" classname="de.uni_mannheim.desq.mining.Icdm16TraditionalMiningTest" time="0"/>
  <testcase name="test[Icdm16TraditionalMiningTest-DesqCount-ffff-7-1-1-true-]" classname="de.uni_mannheim.desq.mining.Icdm16TraditionalMiningTest" time="0.001"/>
  <testcase name="test[Icdm16TraditionalMiningTest-DesqCount-ffff-7-1-3-false-]" classname="de.uni_mannheim.desq.mining.Icdm16TraditionalMiningTest" time="0"/>
  <testcase name="test[Icdm16TraditionalMiningTest-DesqCount-ffff-7-1-3-true-]" classname="de.uni_mannheim.desq.mining.Icdm16TraditionalMiningTest" time="0.001"/>
  <testcase name="test[Icdm16TraditionalMiningTest-DesqCount-ffff-7-1-5-false-]" classname="de.uni_mannheim.desq.mining.Icdm16TraditionalMiningTest" time="0.001"/>
  <testcase name="test[Icdm16TraditionalMiningTest-DesqCount-ffff-7-1-5-true-]" classname="de.uni_mannheim.desq.mining.Icdm16TraditionalMiningTest" time="0.001"/>
  <testcase name="test[Icdm16TraditionalMiningTest-DesqCount-ffff-7-1-7-false-]" classname="de.uni_mannheim.desq.mining.Icdm16TraditionalMiningTest" time="0"/>
  <testcase name="test[Icdm16TraditionalMiningTest-DesqCount-ffff-7-1-7-true-]" classname="de.uni_mannheim.desq.mining.Icdm16TraditionalMiningTest" time="0.001"/>
  <testcase name="test[Icdm16TraditionalMiningTest-DesqCount-ffff-7-2-1-false-]" classname="de.uni_mannheim.desq.mining.Icdm16TraditionalMiningTest" time="0.001"/>
  <testcase name="test[Icdm16TraditionalMiningTest-DesqCount-ffff-7-2-1-true-]" classname="de.uni_mannheim.desq.mining.Icdm16TraditionalMiningTest" time="0"/>
  <testcase name="test[Icdm16TraditionalMiningTest-DesqCount-ffff-7-2-3-false-]" classname="de.uni_mannheim.desq.mining.Icdm16TraditionalMiningTest" time="0.001"/>
  <testcase name="test[Icdm16TraditionalMiningTest-DesqCount-ffff-7-2-3-true-]" classname="de.uni_mannheim.desq.mining.Icdm16TraditionalMiningTest" time="0.001"/>
  <testcase name="test[Icdm16TraditionalMiningTest-DesqCount-ffff-7-2-5-false-]" classname="de.uni_mannheim.desq.mining.Icdm16TraditionalMiningTest" time="0"/>
  <testcase name="test[Icdm16TraditionalMiningTest-DesqCount-ffff-7-2-5-true-]" classname="de.uni_mannheim.desq.mining.Icdm16TraditionalMiningTest" time="0.001"/>
  <testcase name="test[Icdm16TraditionalMiningTest-DesqCount-ffff-7-2-7-false-]" classname="de.uni_mannheim.desq.mining.Icdm16TraditionalMiningTest" time="0.001"/>
  <testcase name="test[Icdm16TraditionalMiningTest-DesqCount-ffff-7-2-7-true-]" classname="de.uni_mannheim.desq.mining.Icdm16TraditionalMiningTest" time="0.001"/>
  <testcase name="test[Icdm16TraditionalMiningTest-DesqCount-ftff-1-0-1-false-]" classname="de.uni_mannheim.desq.mining.Icdm16TraditionalMiningTest" time="0.001"/>
  <testcase name="test[Icdm16TraditionalMiningTest-DesqCount-ftff-1-0-1-true-]" classname="de.uni_mannheim.desq.mining.Icdm16TraditionalMiningTest" time="0.001"/>
  <testcase name="test[Icdm16TraditionalMiningTest-DesqCount-ftff-1-0-3-false-]" classname="de.uni_mannheim.desq.mining.Icdm16TraditionalMiningTest" time="0"/>
  <testcase name="test[Icdm16TraditionalMiningTest-DesqCount-ftff-1-0-3-true-]" classname="de.uni_mannheim.desq.mining.Icdm16TraditionalMiningTest" time="0.001"/>
  <testcase name="test[Icdm16TraditionalMiningTest-DesqCount-ftff-1-0-5-false-]" classname="de.uni_mannheim.desq.mining.Icdm16TraditionalMiningTest" time="0.01"/>
  <testcase name="test[Icdm16TraditionalMiningTest-DesqCount-ftff-1-0-5-true-]" classname="de.uni_mannheim.desq.mining.Icdm16TraditionalMiningTest" time="0.004"/>
  <testcase name="test[Icdm16TraditionalMiningTest-DesqCount-ftff-1-0-7-false-]" classname="de.uni_mannheim.desq.mining.Icdm16TraditionalMiningTest" time="0"/>
  <testcase name="test[Icdm16TraditionalMiningTest-DesqCount-ftff-1-0-7-true-]" classname="de.uni_mannheim.desq.mining.Icdm16TraditionalMiningTest" time="0.002"/>
  <testcase name="test[Icdm16TraditionalMiningTest-DesqCount-ftff-1-1-1-false-]" classname="de.uni_mannheim.desq.mining.Icdm16TraditionalMiningTest" time="0.001"/>
  <testcase name="test[Icdm16TraditionalMiningTest-DesqCount-ftff-1-1-1-true-]" classname="de.uni_mannheim.desq.mining.Icdm16TraditionalMiningTest" time="0.001"/>
  <testcase name="test[Icdm16TraditionalMiningTest-DesqCount-ftff-1-1-3-false-]" classname="de.uni_mannheim.desq.mining.Icdm16TraditionalMiningTest" time="0.001"/>
  <testcase name="test[Icdm16TraditionalMiningTest-DesqCount-ftff-1-1-3-true-]" classname="de.uni_mannheim.desq.mining.Icdm16TraditionalMiningTest" time="0.001"/>
  <testcase name="test[Icdm16TraditionalMiningTest-DesqCount-ftff-1-1-5-false-]" classname="de.uni_mannheim.desq.mining.Icdm16TraditionalMiningTest" time="0.001"/>
  <testcase name="test[Icdm16TraditionalMiningTest-DesqCount-ftff-1-1-5-true-]" classname="de.uni_mannheim.desq.mining.Icdm16TraditionalMiningTest" time="0.003"/>
  <testcase name="test[Icdm16TraditionalMiningTest-DesqCount-ftff-1-1-7-false-]" classname="de.uni_mannheim.desq.mining.Icdm16TraditionalMiningTest" time="0.001"/>
  <testcase name="test[Icdm16TraditionalMiningTest-DesqCount-ftff-1-1-7-true-]" classname="de.uni_mannheim.desq.mining.Icdm16TraditionalMiningTest" time="0.004"/>
  <testcase name="test[Icdm16TraditionalMiningTest-DesqCount-ftff-1-2-1-false-]" classname="de.uni_mannheim.desq.mining.Icdm16TraditionalMiningTest" time="0"/>
  <testcase name="test[Icdm16TraditionalMiningTest-DesqCount-ftff-1-2-1-true-]" classname="de.uni_mannheim.desq.mining.Icdm16TraditionalMiningTest" time="0.001"/>
  <testcase name="test[Icdm16TraditionalMiningTest-DesqCount-ftff-1-2-3-false-]" classname="de.uni_mannheim.desq.mining.Icdm16TraditionalMiningTest" time="0.001"/>
  <testcase name="test[Icdm16TraditionalMiningTest-DesqCount-ftff-1-2-3-true-]" classname="de.uni_mannheim.desq.mining.Icdm16TraditionalMiningTest" time="0.002"/>
  <testcase name="test[Icdm16TraditionalMiningTest-DesqCount-ftff-1-2-5-false-]" classname="de.uni_mannheim.desq.mining.Icdm16TraditionalMiningTest" time="0.001"/>
  <testcase name="test[Icdm16TraditionalMiningTest-DesqCount-ftff-1-2-5-true-]" classname="de.uni_mannheim.desq.mining.Icdm16TraditionalMiningTest" time="0.003"/>
  <testcase name="test[Icdm16TraditionalMiningTest-DesqCount-ftff-1-2-7-false-]" classname="de.uni_mannheim.desq.mining.Icdm16TraditionalMiningTest" time="0.001"/>
  <testcase name="test[Icdm16TraditionalMiningTest-DesqCount-ftff-1-2-7-true-]" classname="de.uni_mannheim.desq.mining.Icdm16TraditionalMiningTest" time="0.003"/>
  <testcase name="test[Icdm16TraditionalMiningTest-DesqCount-ftff-3-0-1-false-]" classname="de.uni_mannheim.desq.mining.Icdm16TraditionalMiningTest" time="0"/>
  <testcase name="test[Icdm16TraditionalMiningTest-DesqCount-ftff-3-0-1-true-]" classname="de.uni_mannheim.desq.mining.Icdm16TraditionalMiningTest" time="0.001"/>
  <testcase name="test[Icdm16TraditionalMiningTest-DesqCount-ftff-3-0-3-false-]" classname="de.uni_mannheim.desq.mining.Icdm16TraditionalMiningTest" time="0.001"/>
  <testcase name="test[Icdm16TraditionalMiningTest-DesqCount-ftff-3-0-3-true-]" classname="de.uni_mannheim.desq.mining.Icdm16TraditionalMiningTest" time="0"/>
  <testcase name="test[Icdm16TraditionalMiningTest-DesqCount-ftff-3-0-5-false-]" classname="de.uni_mannheim.desq.mining.Icdm16TraditionalMiningTest" time="0.001"/>
  <testcase name="test[Icdm16TraditionalMiningTest-DesqCount-ftff-3-0-5-true-]" classname="de.uni_mannheim.desq.mining.Icdm16TraditionalMiningTest" time="0.001"/>
  <testcase name="test[Icdm16TraditionalMiningTest-DesqCount-ftff-3-0-7-false-]" classname="de.uni_mannheim.desq.mining.Icdm16TraditionalMiningTest" time="0.001"/>
  <testcase name="test[Icdm16TraditionalMiningTest-DesqCount-ftff-3-0-7-true-]" classname="de.uni_mannheim.desq.mining.Icdm16TraditionalMiningTest" time="0"/>
  <testcase name="test[Icdm16TraditionalMiningTest-DesqCount-ftff-3-1-1-false-]" classname="de.uni_mannheim.desq.mining.Icdm16TraditionalMiningTest" time="0.001"/>
  <testcase name="test[Icdm16TraditionalMiningTest-DesqCount-ftff-3-1-1-true-]" classname="de.uni_mannheim.desq.mining.Icdm16TraditionalMiningTest" time="0.001"/>
  <testcase name="test[Icdm16TraditionalMiningTest-DesqCount-ftff-3-1-3-false-]" classname="de.uni_mannheim.desq.mining.Icdm16TraditionalMiningTest" time="0"/>
  <testcase name="test[Icdm16TraditionalMiningTest-DesqCount-ftff-3-1-3-true-]" classname="de.uni_mannheim.desq.mining.Icdm16TraditionalMiningTest" time="0.001"/>
  <testcase name="test[Icdm16TraditionalMiningTest-DesqCount-ftff-3-1-5-false-]" classname="de.uni_mannheim.desq.mining.Icdm16TraditionalMiningTest" time="0.001"/>
  <testcase name="test[Icdm16TraditionalMiningTest-DesqCount-ftff-3-1-5-true-]" classname="de.uni_mannheim.desq.mining.Icdm16TraditionalMiningTest" time="0.001"/>
  <testcase name="test[Icdm16TraditionalMiningTest-DesqCount-ftff-3-1-7-false-]" classname="de.uni_mannheim.desq.mining.Icdm16TraditionalMiningTest" time="0.016"/>
  <testcase name="test[Icdm16TraditionalMiningTest-DesqCount-ftff-3-1-7-true-]" classname="de.uni_mannheim.desq.mining.Icdm16TraditionalMiningTest" time="0.002"/>
  <testcase name="test[Icdm16TraditionalMiningTest-DesqCount-ftff-3-2-1-false-]" classname="de.uni_mannheim.desq.mining.Icdm16TraditionalMiningTest" time="0.001"/>
  <testcase name="test[Icdm16TraditionalMiningTest-DesqCount-ftff-3-2-1-true-]" classname="de.uni_mannheim.desq.mining.Icdm16TraditionalMiningTest" time="0"/>
  <testcase name="test[Icdm16TraditionalMiningTest-DesqCount-ftff-3-2-3-false-]" classname="de.uni_mannheim.desq.mining.Icdm16TraditionalMiningTest" time="0.001"/>
  <testcase name="test[Icdm16TraditionalMiningTest-DesqCount-ftff-3-2-3-true-]" classname="de.uni_mannheim.desq.mining.Icdm16TraditionalMiningTest" time="0.002"/>
  <testcase name="test[Icdm16TraditionalMiningTest-DesqCount-ftff-3-2-5-false-]" classname="de.uni_mannheim.desq.mining.Icdm16TraditionalMiningTest" time="0.001"/>
  <testcase name="test[Icdm16TraditionalMiningTest-DesqCount-ftff-3-2-5-true-]" classname="de.uni_mannheim.desq.mining.Icdm16TraditionalMiningTest" time="0.002"/>
  <testcase name="test[Icdm16TraditionalMiningTest-DesqCount-ftff-3-2-7-false-]" classname="de.uni_mannheim.desq.mining.Icdm16TraditionalMiningTest" time="0.001"/>
  <testcase name="test[Icdm16TraditionalMiningTest-DesqCount-ftff-3-2-7-true-]" classname="de.uni_mannheim.desq.mining.Icdm16TraditionalMiningTest" time="0.002"/>
  <testcase name="test[Icdm16TraditionalMiningTest-DesqCount-ftff-5-0-1-false-]" classname="de.uni_mannheim.desq.mining.Icdm16TraditionalMiningTest" time="0.001"/>
  <testcase name="test[Icdm16TraditionalMiningTest-DesqCount-ftff-5-0-1-true-]" classname="de.uni_mannheim.desq.mining.Icdm16TraditionalMiningTest" time="0"/>
  <testcase name="test[Icdm16TraditionalMiningTest-DesqCount-ftff-5-0-3-false-]" classname="de.uni_mannheim.desq.mining.Icdm16TraditionalMiningTest" time="0.001"/>
  <testcase name="test[Icdm16TraditionalMiningTest-DesqCount-ftff-5-0-3-true-]" classname="de.uni_mannheim.desq.mining.Icdm16TraditionalMiningTest" time="0.001"/>
  <testcase name="test[Icdm16TraditionalMiningTest-DesqCount-ftff-5-0-5-false-]" classname="de.uni_mannheim.desq.mining.Icdm16TraditionalMiningTest" time="0"/>
  <testcase name="test[Icdm16TraditionalMiningTest-DesqCount-ftff-5-0-5-true-]" classname="de.uni_mannheim.desq.mining.Icdm16TraditionalMiningTest" time="0.001"/>
  <testcase name="test[Icdm16TraditionalMiningTest-DesqCount-ftff-5-0-7-false-]" classname="de.uni_mannheim.desq.mining.Icdm16TraditionalMiningTest" time="0.001"/>
  <testcase name="test[Icdm16TraditionalMiningTest-DesqCount-ftff-5-0-7-true-]" classname="de.uni_mannheim.desq.mining.Icdm16TraditionalMiningTest" time="0.001"/>
  <testcase name="test[Icdm16TraditionalMiningTest-DesqCount-ftff-5-1-1-false-]" classname="de.uni_mannheim.desq.mining.Icdm16TraditionalMiningTest" time="0"/>
  <testcase name="test[Icdm16TraditionalMiningTest-DesqCount-ftff-5-1-1-true-]" classname="de.uni_mannheim.desq.mining.Icdm16TraditionalMiningTest" time="0.001"/>
  <testcase name="test[Icdm16TraditionalMiningTest-DesqCount-ftff-5-1-3-false-]" classname="de.uni_mannheim.desq.mining.Icdm16TraditionalMiningTest" time="0.001"/>
  <testcase name="test[Icdm16TraditionalMiningTest-DesqCount-ftff-5-1-3-true-]" classname="de.uni_mannheim.desq.mining.Icdm16TraditionalMiningTest" time="0"/>
  <testcase name="test[Icdm16TraditionalMiningTest-DesqCount-ftff-5-1-5-false-]" classname="de.uni_mannheim.desq.mining.Icdm16TraditionalMiningTest" time="0.001"/>
  <testcase name="test[Icdm16TraditionalMiningTest-DesqCount-ftff-5-1-5-true-]" classname="de.uni_mannheim.desq.mining.Icdm16TraditionalMiningTest" time="0.001"/>
  <testcase name="test[Icdm16TraditionalMiningTest-DesqCount-ftff-5-1-7-false-]" classname="de.uni_mannheim.desq.mining.Icdm16TraditionalMiningTest" time="0.001"/>
  <testcase name="test[Icdm16TraditionalMiningTest-DesqCount-ftff-5-1-7-true-]" classname="de.uni_mannheim.desq.mining.Icdm16TraditionalMiningTest" time="0.001"/>
  <testcase name="test[Icdm16TraditionalMiningTest-DesqCount-ftff-5-2-1-false-]" classname="de.uni_mannheim.desq.mining.Icdm16TraditionalMiningTest" time="0.001"/>
  <testcase name="test[Icdm16TraditionalMiningTest-DesqCount-ftff-5-2-1-true-]" classname="de.uni_mannheim.desq.mining.Icdm16TraditionalMiningTest" time="0"/>
  <testcase name="test[Icdm16TraditionalMiningTest-DesqCount-ftff-5-2-3-false-]" classname="de.uni_mannheim.desq.mining.Icdm16TraditionalMiningTest" time="0.001"/>
  <testcase name="test[Icdm16TraditionalMiningTest-DesqCount-ftff-5-2-3-true-]" classname="de.uni_mannheim.desq.mining.Icdm16TraditionalMiningTest" time="0.001"/>
  <testcase name="test[Icdm16TraditionalMiningTest-DesqCount-ftff-5-2-5-false-]" classname="de.uni_mannheim.desq.mining.Icdm16TraditionalMiningTest" time="0"/>
  <testcase name="test[Icdm16TraditionalMiningTest-DesqCount-ftff-5-2-5-true-]" classname="de.uni_mannheim.desq.mining.Icdm16TraditionalMiningTest" time="0.001"/>
  <testcase name="test[Icdm16TraditionalMiningTest-DesqCount-ftff-5-2-7-false-]" classname="de.uni_mannheim.desq.mining.Icdm16TraditionalMiningTest" time="0.001"/>
  <testcase name="test[Icdm16TraditionalMiningTest-DesqCount-ftff-5-2-7-true-]" classname="de.uni_mannheim.desq.mining.Icdm16TraditionalMiningTest" time="0.001"/>
  <testcase name="test[Icdm16TraditionalMiningTest-DesqCount-ftff-7-0-1-false-]" classname="de.uni_mannheim.desq.mining.Icdm16TraditionalMiningTest" time="0.001"/>
  <testcase name="test[Icdm16TraditionalMiningTest-DesqCount-ftff-7-0-1-true-]" classname="de.uni_mannheim.desq.mining.Icdm16TraditionalMiningTest" time="0"/>
  <testcase name="test[Icdm16TraditionalMiningTest-DesqCount-ftff-7-0-3-false-]" classname="de.uni_mannheim.desq.mining.Icdm16TraditionalMiningTest" time="0"/>
  <testcase name="test[Icdm16TraditionalMiningTest-DesqCount-ftff-7-0-3-true-]" classname="de.uni_mannheim.desq.mining.Icdm16TraditionalMiningTest" time="0"/>
  <testcase name="test[Icdm16TraditionalMiningTest-DesqCount-ftff-7-0-5-false-]" classname="de.uni_mannheim.desq.mining.Icdm16TraditionalMiningTest" time="0"/>
  <testcase name="test[Icdm16TraditionalMiningTest-DesqCount-ftff-7-0-5-true-]" classname="de.uni_mannheim.desq.mining.Icdm16TraditionalMiningTest" time="0"/>
  <testcase name="test[Icdm16TraditionalMiningTest-DesqCount-ftff-7-0-7-false-]" classname="de.uni_mannheim.desq.mining.Icdm16TraditionalMiningTest" time="0"/>
  <testcase name="test[Icdm16TraditionalMiningTest-DesqCount-ftff-7-0-7-true-]" classname="de.uni_mannheim.desq.mining.Icdm16TraditionalMiningTest" time="0.001"/>
  <testcase name="test[Icdm16TraditionalMiningTest-DesqCount-ftff-7-1-1-false-]" classname="de.uni_mannheim.desq.mining.Icdm16TraditionalMiningTest" time="0.001"/>
  <testcase name="test[Icdm16TraditionalMiningTest-DesqCount-ftff-7-1-1-true-]" classname="de.uni_mannheim.desq.mining.Icdm16TraditionalMiningTest" time="0.001"/>
  <testcase name="test[Icdm16TraditionalMiningTest-DesqCount-ftff-7-1-3-false-]" classname="de.uni_mannheim.desq.mining.Icdm16TraditionalMiningTest" time="0.001"/>
  <testcase name="test[Icdm16TraditionalMiningTest-DesqCount-ftff-7-1-3-true-]" classname="de.uni_mannheim.desq.mining.Icdm16TraditionalMiningTest" time="0.001"/>
  <testcase name="test[Icdm16TraditionalMiningTest-DesqCount-ftff-7-1-5-false-]" classname="de.uni_mannheim.desq.mining.Icdm16TraditionalMiningTest" time="0.001"/>
  <testcase name="test[Icdm16TraditionalMiningTest-DesqCount-ftff-7-1-5-true-]" classname="de.uni_mannheim.desq.mining.Icdm16TraditionalMiningTest" time="0.001"/>
  <testcase name="test[Icdm16TraditionalMiningTest-DesqCount-ftff-7-1-7-false-]" classname="de.uni_mannheim.desq.mining.Icdm16TraditionalMiningTest" time="0"/>
  <testcase name="test[Icdm16TraditionalMiningTest-DesqCount-ftff-7-1-7-true-]" classname="de.uni_mannheim.desq.mining.Icdm16TraditionalMiningTest" time="0.001"/>
  <testcase name="test[Icdm16TraditionalMiningTest-DesqCount-ftff-7-2-1-false-]" classname="de.uni_mannheim.desq.mining.Icdm16TraditionalMiningTest" time="0"/>
  <testcase name="test[Icdm16TraditionalMiningTest-DesqCount-ftff-7-2-1-true-]" classname="de.uni_mannheim.desq.mining.Icdm16TraditionalMiningTest" time="0.001"/>
  <testcase name="test[Icdm16TraditionalMiningTest-DesqCount-ftff-7-2-3-false-]" classname="de.uni_mannheim.desq.mining.Icdm16TraditionalMiningTest" time="0"/>
  <testcase name="test[Icdm16TraditionalMiningTest-DesqCount-ftff-7-2-3-true-]" classname="de.uni_mannheim.desq.mining.Icdm16TraditionalMiningTest" time="0.001"/>
  <testcase name="test[Icdm16TraditionalMiningTest-DesqCount-ftff-7-2-5-false-]" classname="de.uni_mannheim.desq.mining.Icdm16TraditionalMiningTest" time="0.001"/>
  <testcase name="test[Icdm16TraditionalMiningTest-DesqCount-ftff-7-2-5-true-]" classname="de.uni_mannheim.desq.mining.Icdm16TraditionalMiningTest" time="0"/>
  <testcase name="test[Icdm16TraditionalMiningTest-DesqCount-ftff-7-2-7-false-]" classname="de.uni_mannheim.desq.mining.Icdm16TraditionalMiningTest" time="0.001"/>
  <testcase name="test[Icdm16TraditionalMiningTest-DesqCount-ftff-7-2-7-true-]" classname="de.uni_mannheim.desq.mining.Icdm16TraditionalMiningTest" time="0.001"/>
  <testcase name="test[Icdm16TraditionalMiningTest-DesqCount-ftft-1-0-1-false-]" classname="de.uni_mannheim.desq.mining.Icdm16TraditionalMiningTest" time="0"/>
  <testcase name="test[Icdm16TraditionalMiningTest-DesqCount-ftft-1-0-1-true-]" classname="de.uni_mannheim.desq.mining.Icdm16TraditionalMiningTest" time="0.001"/>
  <testcase name="test[Icdm16TraditionalMiningTest-DesqCount-ftft-1-0-3-false-]" classname="de.uni_mannheim.desq.mining.Icdm16TraditionalMiningTest" time="0.001"/>
  <testcase name="test[Icdm16TraditionalMiningTest-DesqCount-ftft-1-0-3-true-]" classname="de.uni_mannheim.desq.mining.Icdm16TraditionalMiningTest" time="0.001"/>
  <testcase name="test[Icdm16TraditionalMiningTest-DesqCount-ftft-1-0-5-false-]" classname="de.uni_mannheim.desq.mining.Icdm16TraditionalMiningTest" time="0.001"/>
  <testcase name="test[Icdm16TraditionalMiningTest-DesqCount-ftft-1-0-5-true-]" classname="de.uni_mannheim.desq.mining.Icdm16TraditionalMiningTest" time="0.002"/>
  <testcase name="test[Icdm16TraditionalMiningTest-DesqCount-ftft-1-0-7-false-]" classname="de.uni_mannheim.desq.mining.Icdm16TraditionalMiningTest" time="0.001"/>
  <testcase name="test[Icdm16TraditionalMiningTest-DesqCount-ftft-1-0-7-true-]" classname="de.uni_mannheim.desq.mining.Icdm16TraditionalMiningTest" time="0.002"/>
  <testcase name="test[Icdm16TraditionalMiningTest-DesqCount-ftft-1-1-1-false-]" classname="de.uni_mannheim.desq.mining.Icdm16TraditionalMiningTest" time="0.001"/>
  <testcase name="test[Icdm16TraditionalMiningTest-DesqCount-ftft-1-1-1-true-]" classname="de.uni_mannheim.desq.mining.Icdm16TraditionalMiningTest" time="0.001"/>
  <testcase name="test[Icdm16TraditionalMiningTest-DesqCount-ftft-1-1-3-false-]" classname="de.uni_mannheim.desq.mining.Icdm16TraditionalMiningTest" time="0.001"/>
  <testcase name="test[Icdm16TraditionalMiningTest-DesqCount-ftft-1-1-3-true-]" classname="de.uni_mannheim.desq.mining.Icdm16TraditionalMiningTest" time="0.001"/>
  <testcase name="test[Icdm16TraditionalMiningTest-DesqCount-ftft-1-1-5-false-]" classname="de.uni_mannheim.desq.mining.Icdm16TraditionalMiningTest" time="0.001"/>
  <testcase name="test[Icdm16TraditionalMiningTest-DesqCount-ftft-1-1-5-true-]" classname="de.uni_mannheim.desq.mining.Icdm16TraditionalMiningTest" time="0.003"/>
  <testcase name="test[Icdm16TraditionalMiningTest-DesqCount-ftft-1-1-7-false-]" classname="de.uni_mannheim.desq.mining.Icdm16TraditionalMiningTest" time="0"/>
  <testcase name="test[Icdm16TraditionalMiningTest-DesqCount-ftft-1-1-7-true-]" classname="de.uni_mannheim.desq.mining.Icdm16TraditionalMiningTest" time="0.003"/>
  <testcase name="test[Icdm16TraditionalMiningTest-DesqCount-ftft-1-2-1-false-]" classname="de.uni_mannheim.desq.mining.Icdm16TraditionalMiningTest" time="0.001"/>
  <testcase name="test[Icdm16TraditionalMiningTest-DesqCount-ftft-1-2-1-true-]" classname="de.uni_mannheim.desq.mining.Icdm16TraditionalMiningTest" time="0.001"/>
  <testcase name="test[Icdm16TraditionalMiningTest-DesqCount-ftft-1-2-3-false-]" classname="de.uni_mannheim.desq.mining.Icdm16TraditionalMiningTest" time="0"/>
  <testcase name="test[Icdm16TraditionalMiningTest-DesqCount-ftft-1-2-3-true-]" classname="de.uni_mannheim.desq.mining.Icdm16TraditionalMiningTest" time="0.002"/>
  <testcase name="test[Icdm16TraditionalMiningTest-DesqCount-ftft-1-2-5-false-]" classname="de.uni_mannheim.desq.mining.Icdm16TraditionalMiningTest" time="0.001"/>
  <testcase name="test[Icdm16TraditionalMiningTest-DesqCount-ftft-1-2-5-true-]" classname="de.uni_mannheim.desq.mining.Icdm16TraditionalMiningTest" time="0.003"/>
  <testcase name="test[Icdm16TraditionalMiningTest-DesqCount-ftft-1-2-7-false-]" classname="de.uni_mannheim.desq.mining.Icdm16TraditionalMiningTest" time="0.001"/>
  <testcase name="test[Icdm16TraditionalMiningTest-DesqCount-ftft-1-2-7-true-]" classname="de.uni_mannheim.desq.mining.Icdm16TraditionalMiningTest" time="0.003"/>
  <testcase name="test[Icdm16TraditionalMiningTest-DesqCount-ftft-3-0-1-false-]" classname="de.uni_mannheim.desq.mining.Icdm16TraditionalMiningTest" time="0.001"/>
  <testcase name="test[Icdm16TraditionalMiningTest-DesqCount-ftft-3-0-1-true-]" classname="de.uni_mannheim.desq.mining.Icdm16TraditionalMiningTest" time="0"/>
  <testcase name="test[Icdm16TraditionalMiningTest-DesqCount-ftft-3-0-3-false-]" classname="de.uni_mannheim.desq.mining.Icdm16TraditionalMiningTest" time="0.001"/>
  <testcase name="test[Icdm16TraditionalMiningTest-DesqCount-ftft-3-0-3-true-]" classname="de.uni_mannheim.desq.mining.Icdm16TraditionalMiningTest" time="0"/>
  <testcase name="test[Icdm16TraditionalMiningTest-DesqCount-ftft-3-0-5-false-]" classname="de.uni_mannheim.desq.mining.Icdm16TraditionalMiningTest" time="0.001"/>
  <testcase name="test[Icdm16TraditionalMiningTest-DesqCount-ftft-3-0-5-true-]" classname="de.uni_mannheim.desq.mining.Icdm16TraditionalMiningTest" time="0.001"/>
  <testcase name="test[Icdm16TraditionalMiningTest-DesqCount-ftft-3-0-7-false-]" classname="de.uni_mannheim.desq.mining.Icdm16TraditionalMiningTest" time="0"/>
  <testcase name="test[Icdm16TraditionalMiningTest-DesqCount-ftft-3-0-7-true-]" classname="de.uni_mannheim.desq.mining.Icdm16TraditionalMiningTest" time="0.001"/>
  <testcase name="test[Icdm16TraditionalMiningTest-DesqCount-ftft-3-1-1-false-]" classname="de.uni_mannheim.desq.mining.Icdm16TraditionalMiningTest" time="0.001"/>
  <testcase name="test[Icdm16TraditionalMiningTest-DesqCount-ftft-3-1-1-true-]" classname="de.uni_mannheim.desq.mining.Icdm16TraditionalMiningTest" time="0"/>
  <testcase name="test[Icdm16TraditionalMiningTest-DesqCount-ftft-3-1-3-false-]" classname="de.uni_mannheim.desq.mining.Icdm16TraditionalMiningTest" time="0.001"/>
  <testcase name="test[Icdm16TraditionalMiningTest-DesqCount-ftft-3-1-3-true-]" classname="de.uni_mannheim.desq.mining.Icdm16TraditionalMiningTest" time="0.001"/>
  <testcase name="test[Icdm16TraditionalMiningTest-DesqCount-ftft-3-1-5-false-]" classname="de.uni_mannheim.desq.mining.Icdm16TraditionalMiningTest" time="0"/>
  <testcase name="test[Icdm16TraditionalMiningTest-DesqCount-ftft-3-1-5-true-]" classname="de.uni_mannheim.desq.mining.Icdm16TraditionalMiningTest" time="0"/>
  <testcase name="test[Icdm16TraditionalMiningTest-DesqCount-ftft-3-1-7-false-]" classname="de.uni_mannheim.desq.mining.Icdm16TraditionalMiningTest" time="0.047"/>
  <testcase name="test[Icdm16TraditionalMiningTest-DesqCount-ftft-3-1-7-true-]" classname="de.uni_mannheim.desq.mining.Icdm16TraditionalMiningTest" time="0.003"/>
  <testcase name="test[Icdm16TraditionalMiningTest-DesqCount-ftft-3-2-1-false-]" classname="de.uni_mannheim.desq.mining.Icdm16TraditionalMiningTest" time="0.002"/>
  <testcase name="test[Icdm16TraditionalMiningTest-DesqCount-ftft-3-2-1-true-]" classname="de.uni_mannheim.desq.mining.Icdm16TraditionalMiningTest" time="0.001"/>
  <testcase name="test[Icdm16TraditionalMiningTest-DesqCount-ftft-3-2-3-false-]" classname="de.uni_mannheim.desq.mining.Icdm16TraditionalMiningTest" time="0.004"/>
  <testcase name="test[Icdm16TraditionalMiningTest-DesqCount-ftft-3-2-3-true-]" classname="de.uni_mannheim.desq.mining.Icdm16TraditionalMiningTest" time="0.002"/>
  <testcase name="test[Icdm16TraditionalMiningTest-DesqCount-ftft-3-2-5-false-]" classname="de.uni_mannheim.desq.mining.Icdm16TraditionalMiningTest" time="0.002"/>
  <testcase name="test[Icdm16TraditionalMiningTest-DesqCount-ftft-3-2-5-true-]" classname="de.uni_mannheim.desq.mining.Icdm16TraditionalMiningTest" time="0.003"/>
  <testcase name="test[Icdm16TraditionalMiningTest-DesqCount-ftft-3-2-7-false-]" classname="de.uni_mannheim.desq.mining.Icdm16TraditionalMiningTest" time="0.003"/>
  <testcase name="test[Icdm16TraditionalMiningTest-DesqCount-ftft-3-2-7-true-]" classname="de.uni_mannheim.desq.mining.Icdm16TraditionalMiningTest" time="0.003"/>
  <testcase name="test[Icdm16TraditionalMiningTest-DesqCount-ftft-5-0-1-false-]" classname="de.uni_mannheim.desq.mining.Icdm16TraditionalMiningTest" time="0.001"/>
  <testcase name="test[Icdm16TraditionalMiningTest-DesqCount-ftft-5-0-1-true-]" classname="de.uni_mannheim.desq.mining.Icdm16TraditionalMiningTest" time="0.001"/>
  <testcase name="test[Icdm16TraditionalMiningTest-DesqCount-ftft-5-0-3-false-]" classname="de.uni_mannheim.desq.mining.Icdm16TraditionalMiningTest" time="0.001"/>
  <testcase name="test[Icdm16TraditionalMiningTest-DesqCount-ftft-5-0-3-true-]" classname="de.uni_mannheim.desq.mining.Icdm16TraditionalMiningTest" time="0.001"/>
  <testcase name="test[Icdm16TraditionalMiningTest-DesqCount-ftft-5-0-5-false-]" classname="de.uni_mannheim.desq.mining.Icdm16TraditionalMiningTest" time="0.001"/>
  <testcase name="test[Icdm16TraditionalMiningTest-DesqCount-ftft-5-0-5-true-]" classname="de.uni_mannheim.desq.mining.Icdm16TraditionalMiningTest" time="0.002"/>
  <testcase name="test[Icdm16TraditionalMiningTest-DesqCount-ftft-5-0-7-false-]" classname="de.uni_mannheim.desq.mining.Icdm16TraditionalMiningTest" time="0.001"/>
  <testcase name="test[Icdm16TraditionalMiningTest-DesqCount-ftft-5-0-7-true-]" classname="de.uni_mannheim.desq.mining.Icdm16TraditionalMiningTest" time="0.001"/>
  <testcase name="test[Icdm16TraditionalMiningTest-DesqCount-ftft-5-1-1-false-]" classname="de.uni_mannheim.desq.mining.Icdm16TraditionalMiningTest" time="0.014"/>
  <testcase name="test[Icdm16TraditionalMiningTest-DesqCount-ftft-5-1-1-true-]" classname="de.uni_mannheim.desq.mining.Icdm16TraditionalMiningTest" time="0.003"/>
  <testcase name="test[Icdm16TraditionalMiningTest-DesqCount-ftft-5-1-3-false-]" classname="de.uni_mannheim.desq.mining.Icdm16TraditionalMiningTest" time="0.002"/>
  <testcase name="test[Icdm16TraditionalMiningTest-DesqCount-ftft-5-1-3-true-]" classname="de.uni_mannheim.desq.mining.Icdm16TraditionalMiningTest" time="0.002"/>
  <testcase name="test[Icdm16TraditionalMiningTest-DesqCount-ftft-5-1-5-false-]" classname="de.uni_mannheim.desq.mining.Icdm16TraditionalMiningTest" time="0.009"/>
  <testcase name="test[Icdm16TraditionalMiningTest-DesqCount-ftft-5-1-5-true-]" classname="de.uni_mannheim.desq.mining.Icdm16TraditionalMiningTest" time="0.003"/>
  <testcase name="test[Icdm16TraditionalMiningTest-DesqCount-ftft-5-1-7-false-]" classname="de.uni_mannheim.desq.mining.Icdm16TraditionalMiningTest" time="0.002"/>
  <testcase name="test[Icdm16TraditionalMiningTest-DesqCount-ftft-5-1-7-true-]" classname="de.uni_mannheim.desq.mining.Icdm16TraditionalMiningTest" time="0.002"/>
  <testcase name="test[Icdm16TraditionalMiningTest-DesqCount-ftft-5-2-1-false-]" classname="de.uni_mannheim.desq.mining.Icdm16TraditionalMiningTest" time="0.002"/>
  <testcase name="test[Icdm16TraditionalMiningTest-DesqCount-ftft-5-2-1-true-]" classname="de.uni_mannheim.desq.mining.Icdm16TraditionalMiningTest" time="0.001"/>
  <testcase name="test[Icdm16TraditionalMiningTest-DesqCount-ftft-5-2-3-false-]" classname="de.uni_mannheim.desq.mining.Icdm16TraditionalMiningTest" time="0.002"/>
  <testcase name="test[Icdm16TraditionalMiningTest-DesqCount-ftft-5-2-3-true-]" classname="de.uni_mannheim.desq.mining.Icdm16TraditionalMiningTest" time="0.002"/>
  <testcase name="test[Icdm16TraditionalMiningTest-DesqCount-ftft-5-2-5-false-]" classname="de.uni_mannheim.desq.mining.Icdm16TraditionalMiningTest" time="0.002"/>
  <testcase name="test[Icdm16TraditionalMiningTest-DesqCount-ftft-5-2-5-true-]" classname="de.uni_mannheim.desq.mining.Icdm16TraditionalMiningTest" time="0.002"/>
  <testcase name="test[Icdm16TraditionalMiningTest-DesqCount-ftft-5-2-7-false-]" classname="de.uni_mannheim.desq.mining.Icdm16TraditionalMiningTest" time="0.002"/>
  <testcase name="test[Icdm16TraditionalMiningTest-DesqCount-ftft-5-2-7-true-]" classname="de.uni_mannheim.desq.mining.Icdm16TraditionalMiningTest" time="0.002"/>
  <testcase name="test[Icdm16TraditionalMiningTest-DesqCount-ftft-7-0-1-false-]" classname="de.uni_mannheim.desq.mining.Icdm16TraditionalMiningTest" time="0.002"/>
  <testcase name="test[Icdm16TraditionalMiningTest-DesqCount-ftft-7-0-1-true-]" classname="de.uni_mannheim.desq.mining.Icdm16TraditionalMiningTest" time="0.001"/>
  <testcase name="test[Icdm16TraditionalMiningTest-DesqCount-ftft-7-0-3-false-]" classname="de.uni_mannheim.desq.mining.Icdm16TraditionalMiningTest" time="0.001"/>
  <testcase name="test[Icdm16TraditionalMiningTest-DesqCount-ftft-7-0-3-true-]" classname="de.uni_mannheim.desq.mining.Icdm16TraditionalMiningTest" time="0.002"/>
  <testcase name="test[Icdm16TraditionalMiningTest-DesqCount-ftft-7-0-5-false-]" classname="de.uni_mannheim.desq.mining.Icdm16TraditionalMiningTest" time="0.001"/>
  <testcase name="test[Icdm16TraditionalMiningTest-DesqCount-ftft-7-0-5-true-]" classname="de.uni_mannheim.desq.mining.Icdm16TraditionalMiningTest" time="0.001"/>
  <testcase name="test[Icdm16TraditionalMiningTest-DesqCount-ftft-7-0-7-false-]" classname="de.uni_mannheim.desq.mining.Icdm16TraditionalMiningTest" time="0.002"/>
  <testcase name="test[Icdm16TraditionalMiningTest-DesqCount-ftft-7-0-7-true-]" classname="de.uni_mannheim.desq.mining.Icdm16TraditionalMiningTest" time="0.004"/>
  <testcase name="test[Icdm16TraditionalMiningTest-DesqCount-ftft-7-1-1-false-]" classname="de.uni_mannheim.desq.mining.Icdm16TraditionalMiningTest" time="0.002"/>
  <testcase name="test[Icdm16TraditionalMiningTest-DesqCount-ftft-7-1-1-true-]" classname="de.uni_mannheim.desq.mining.Icdm16TraditionalMiningTest" time="0.002"/>
  <testcase name="test[Icdm16TraditionalMiningTest-DesqCount-ftft-7-1-3-false-]" classname="de.uni_mannheim.desq.mining.Icdm16TraditionalMiningTest" time="0.001"/>
  <testcase name="test[Icdm16TraditionalMiningTest-DesqCount-ftft-7-1-3-true-]" classname="de.uni_mannheim.desq.mining.Icdm16TraditionalMiningTest" time="0.001"/>
  <testcase name="test[Icdm16TraditionalMiningTest-DesqCount-ftft-7-1-5-false-]" classname="de.uni_mannheim.desq.mining.Icdm16TraditionalMiningTest" time="0.001"/>
  <testcase name="test[Icdm16TraditionalMiningTest-DesqCount-ftft-7-1-5-true-]" classname="de.uni_mannheim.desq.mining.Icdm16TraditionalMiningTest" time="0.001"/>
  <testcase name="test[Icdm16TraditionalMiningTest-DesqCount-ftft-7-1-7-false-]" classname="de.uni_mannheim.desq.mining.Icdm16TraditionalMiningTest" time="0"/>
  <testcase name="test[Icdm16TraditionalMiningTest-DesqCount-ftft-7-1-7-true-]" classname="de.uni_mannheim.desq.mining.Icdm16TraditionalMiningTest" time="0.001"/>
  <testcase name="test[Icdm16TraditionalMiningTest-DesqCount-ftft-7-2-1-false-]" classname="de.uni_mannheim.desq.mining.Icdm16TraditionalMiningTest" time="0.001"/>
  <testcase name="test[Icdm16TraditionalMiningTest-DesqCount-ftft-7-2-1-true-]" classname="de.uni_mannheim.desq.mining.Icdm16TraditionalMiningTest" time="0"/>
  <testcase name="test[Icdm16TraditionalMiningTest-DesqCount-ftft-7-2-3-false-]" classname="de.uni_mannheim.desq.mining.Icdm16TraditionalMiningTest" time="0.001"/>
  <testcase name="test[Icdm16TraditionalMiningTest-DesqCount-ftft-7-2-3-true-]" classname="de.uni_mannheim.desq.mining.Icdm16TraditionalMiningTest" time="0.001"/>
  <testcase name="test[Icdm16TraditionalMiningTest-DesqCount-ftft-7-2-5-false-]" classname="de.uni_mannheim.desq.mining.Icdm16TraditionalMiningTest" time="0.001"/>
  <testcase name="test[Icdm16TraditionalMiningTest-DesqCount-ftft-7-2-5-true-]" classname="de.uni_mannheim.desq.mining.Icdm16TraditionalMiningTest" time="0"/>
  <testcase name="test[Icdm16TraditionalMiningTest-DesqCount-ftft-7-2-7-false-]" classname="de.uni_mannheim.desq.mining.Icdm16TraditionalMiningTest" time="0.001"/>
  <testcase name="test[Icdm16TraditionalMiningTest-DesqCount-ftft-7-2-7-true-]" classname="de.uni_mannheim.desq.mining.Icdm16TraditionalMiningTest" time="0.001"/>
  <testcase name="test[Icdm16TraditionalMiningTest-DesqCount-fttf-1-0-1-false-]" classname="de.uni_mannheim.desq.mining.Icdm16TraditionalMiningTest" time="0.001"/>
  <testcase name="test[Icdm16TraditionalMiningTest-DesqCount-fttf-1-0-1-true-]" classname="de.uni_mannheim.desq.mining.Icdm16TraditionalMiningTest" time="0.001"/>
  <testcase name="test[Icdm16TraditionalMiningTest-DesqCount-fttf-1-0-3-false-]" classname="de.uni_mannheim.desq.mining.Icdm16TraditionalMiningTest" time="0.001"/>
  <testcase name="test[Icdm16TraditionalMiningTest-DesqCount-fttf-1-0-3-true-]" classname="de.uni_mannheim.desq.mining.Icdm16TraditionalMiningTest" time="0.001"/>
  <testcase name="test[Icdm16TraditionalMiningTest-DesqCount-fttf-1-0-5-false-]" classname="de.uni_mannheim.desq.mining.Icdm16TraditionalMiningTest" time="0.001"/>
  <testcase name="test[Icdm16TraditionalMiningTest-DesqCount-fttf-1-0-5-true-]" classname="de.uni_mannheim.desq.mining.Icdm16TraditionalMiningTest" time="0.001"/>
  <testcase name="test[Icdm16TraditionalMiningTest-DesqCount-fttf-1-0-7-false-]" classname="de.uni_mannheim.desq.mining.Icdm16TraditionalMiningTest" time="0.001"/>
  <testcase name="test[Icdm16TraditionalMiningTest-DesqCount-fttf-1-0-7-true-]" classname="de.uni_mannheim.desq.mining.Icdm16TraditionalMiningTest" time="0.002"/>
  <testcase name="test[Icdm16TraditionalMiningTest-DesqCount-fttf-1-1-1-false-]" classname="de.uni_mannheim.desq.mining.Icdm16TraditionalMiningTest" time="0.001"/>
  <testcase name="test[Icdm16TraditionalMiningTest-DesqCount-fttf-1-1-1-true-]" classname="de.uni_mannheim.desq.mining.Icdm16TraditionalMiningTest" time="0"/>
  <testcase name="test[Icdm16TraditionalMiningTest-DesqCount-fttf-1-1-3-false-]" classname="de.uni_mannheim.desq.mining.Icdm16TraditionalMiningTest" time="0.001"/>
  <testcase name="test[Icdm16TraditionalMiningTest-DesqCount-fttf-1-1-3-true-]" classname="de.uni_mannheim.desq.mining.Icdm16TraditionalMiningTest" time="0.002"/>
  <testcase name="test[Icdm16TraditionalMiningTest-DesqCount-fttf-1-1-5-false-]" classname="de.uni_mannheim.desq.mining.Icdm16TraditionalMiningTest" time="0"/>
  <testcase name="test[Icdm16TraditionalMiningTest-DesqCount-fttf-1-1-5-true-]" classname="de.uni_mannheim.desq.mining.Icdm16TraditionalMiningTest" time="0.003"/>
  <testcase name="test[Icdm16TraditionalMiningTest-DesqCount-fttf-1-1-7-false-]" classname="de.uni_mannheim.desq.mining.Icdm16TraditionalMiningTest" time="0.001"/>
  <testcase name="test[Icdm16TraditionalMiningTest-DesqCount-fttf-1-1-7-true-]" classname="de.uni_mannheim.desq.mining.Icdm16TraditionalMiningTest" time="0.003"/>
  <testcase name="test[Icdm16TraditionalMiningTest-DesqCount-fttf-1-2-1-false-]" classname="de.uni_mannheim.desq.mining.Icdm16TraditionalMiningTest" time="0"/>
  <testcase name="test[Icdm16TraditionalMiningTest-DesqCount-fttf-1-2-1-true-]" classname="de.uni_mannheim.desq.mining.Icdm16TraditionalMiningTest" time="0.001"/>
  <testcase name="test[Icdm16TraditionalMiningTest-DesqCount-fttf-1-2-3-false-]" classname="de.uni_mannheim.desq.mining.Icdm16TraditionalMiningTest" time="0.001"/>
  <testcase name="test[Icdm16TraditionalMiningTest-DesqCount-fttf-1-2-3-true-]" classname="de.uni_mannheim.desq.mining.Icdm16TraditionalMiningTest" time="0.001"/>
  <testcase name="test[Icdm16TraditionalMiningTest-DesqCount-fttf-1-2-5-false-]" classname="de.uni_mannheim.desq.mining.Icdm16TraditionalMiningTest" time="0.001"/>
  <testcase name="test[Icdm16TraditionalMiningTest-DesqCount-fttf-1-2-5-true-]" classname="de.uni_mannheim.desq.mining.Icdm16TraditionalMiningTest" time="0.003"/>
  <testcase name="test[Icdm16TraditionalMiningTest-DesqCount-fttf-1-2-7-false-]" classname="de.uni_mannheim.desq.mining.Icdm16TraditionalMiningTest" time="0.001"/>
  <testcase name="test[Icdm16TraditionalMiningTest-DesqCount-fttf-1-2-7-true-]" classname="de.uni_mannheim.desq.mining.Icdm16TraditionalMiningTest" time="0.003"/>
  <testcase name="test[Icdm16TraditionalMiningTest-DesqCount-fttf-3-0-1-false-]" classname="de.uni_mannheim.desq.mining.Icdm16TraditionalMiningTest" time="0.001"/>
  <testcase name="test[Icdm16TraditionalMiningTest-DesqCount-fttf-3-0-1-true-]" classname="de.uni_mannheim.desq.mining.Icdm16TraditionalMiningTest" time="0"/>
  <testcase name="test[Icdm16TraditionalMiningTest-DesqCount-fttf-3-0-3-false-]" classname="de.uni_mannheim.desq.mining.Icdm16TraditionalMiningTest" time="0.001"/>
  <testcase name="test[Icdm16TraditionalMiningTest-DesqCount-fttf-3-0-3-true-]" classname="de.uni_mannheim.desq.mining.Icdm16TraditionalMiningTest" time="0.001"/>
  <testcase name="test[Icdm16TraditionalMiningTest-DesqCount-fttf-3-0-5-false-]" classname="de.uni_mannheim.desq.mining.Icdm16TraditionalMiningTest" time="0"/>
  <testcase name="test[Icdm16TraditionalMiningTest-DesqCount-fttf-3-0-5-true-]" classname="de.uni_mannheim.desq.mining.Icdm16TraditionalMiningTest" time="0.001"/>
  <testcase name="test[Icdm16TraditionalMiningTest-DesqCount-fttf-3-0-7-false-]" classname="de.uni_mannheim.desq.mining.Icdm16TraditionalMiningTest" time="0.001"/>
  <testcase name="test[Icdm16TraditionalMiningTest-DesqCount-fttf-3-0-7-true-]" classname="de.uni_mannheim.desq.mining.Icdm16TraditionalMiningTest" time="0.001"/>
  <testcase name="test[Icdm16TraditionalMiningTest-DesqCount-fttf-3-1-1-false-]" classname="de.uni_mannheim.desq.mining.Icdm16TraditionalMiningTest" time="0"/>
  <testcase name="test[Icdm16TraditionalMiningTest-DesqCount-fttf-3-1-1-true-]" classname="de.uni_mannheim.desq.mining.Icdm16TraditionalMiningTest" time="0.001"/>
  <testcase name="test[Icdm16TraditionalMiningTest-DesqCount-fttf-3-1-3-false-]" classname="de.uni_mannheim.desq.mining.Icdm16TraditionalMiningTest" time="0"/>
  <testcase name="test[Icdm16TraditionalMiningTest-DesqCount-fttf-3-1-3-true-]" classname="de.uni_mannheim.desq.mining.Icdm16TraditionalMiningTest" time="0.001"/>
  <testcase name="test[Icdm16TraditionalMiningTest-DesqCount-fttf-3-1-5-false-]" classname="de.uni_mannheim.desq.mining.Icdm16TraditionalMiningTest" time="0.001"/>
  <testcase name="test[Icdm16TraditionalMiningTest-DesqCount-fttf-3-1-5-true-]" classname="de.uni_mannheim.desq.mining.Icdm16TraditionalMiningTest" time="0.001"/>
  <testcase name="test[Icdm16TraditionalMiningTest-DesqCount-fttf-3-1-7-false-]" classname="de.uni_mannheim.desq.mining.Icdm16TraditionalMiningTest" time="0.001"/>
  <testcase name="test[Icdm16TraditionalMiningTest-DesqCount-fttf-3-1-7-true-]" classname="de.uni_mannheim.desq.mining.Icdm16TraditionalMiningTest" time="0.001"/>
  <testcase name="test[Icdm16TraditionalMiningTest-DesqCount-fttf-3-2-1-false-]" classname="de.uni_mannheim.desq.mining.Icdm16TraditionalMiningTest" time="0"/>
  <testcase name="test[Icdm16TraditionalMiningTest-DesqCount-fttf-3-2-1-true-]" classname="de.uni_mannheim.desq.mining.Icdm16TraditionalMiningTest" time="0.001"/>
  <testcase name="test[Icdm16TraditionalMiningTest-DesqCount-fttf-3-2-3-false-]" classname="de.uni_mannheim.desq.mining.Icdm16TraditionalMiningTest" time="0"/>
  <testcase name="test[Icdm16TraditionalMiningTest-DesqCount-fttf-3-2-3-true-]" classname="de.uni_mannheim.desq.mining.Icdm16TraditionalMiningTest" time="0"/>
  <testcase name="test[Icdm16TraditionalMiningTest-DesqCount-fttf-3-2-5-false-]" classname="de.uni_mannheim.desq.mining.Icdm16TraditionalMiningTest" time="0.001"/>
  <testcase name="test[Icdm16TraditionalMiningTest-DesqCount-fttf-3-2-5-true-]" classname="de.uni_mannheim.desq.mining.Icdm16TraditionalMiningTest" time="0.001"/>
  <testcase name="test[Icdm16TraditionalMiningTest-DesqCount-fttf-3-2-7-false-]" classname="de.uni_mannheim.desq.mining.Icdm16TraditionalMiningTest" time="0.001"/>
  <testcase name="test[Icdm16TraditionalMiningTest-DesqCount-fttf-3-2-7-true-]" classname="de.uni_mannheim.desq.mining.Icdm16TraditionalMiningTest" time="0.001"/>
  <testcase name="test[Icdm16TraditionalMiningTest-DesqCount-fttf-5-0-1-false-]" classname="de.uni_mannheim.desq.mining.Icdm16TraditionalMiningTest" time="0"/>
  <testcase name="test[Icdm16TraditionalMiningTest-DesqCount-fttf-5-0-1-true-]" classname="de.uni_mannheim.desq.mining.Icdm16TraditionalMiningTest" time="0.001"/>
  <testcase name="test[Icdm16TraditionalMiningTest-DesqCount-fttf-5-0-3-false-]" classname="de.uni_mannheim.desq.mining.Icdm16TraditionalMiningTest" time="0.001"/>
  <testcase name="test[Icdm16TraditionalMiningTest-DesqCount-fttf-5-0-3-true-]" classname="de.uni_mannheim.desq.mining.Icdm16TraditionalMiningTest" time="0"/>
  <testcase name="test[Icdm16TraditionalMiningTest-DesqCount-fttf-5-0-5-false-]" classname="de.uni_mannheim.desq.mining.Icdm16TraditionalMiningTest" time="0.001"/>
  <testcase name="test[Icdm16TraditionalMiningTest-DesqCount-fttf-5-0-5-true-]" classname="de.uni_mannheim.desq.mining.Icdm16TraditionalMiningTest" time="0.001"/>
  <testcase name="test[Icdm16TraditionalMiningTest-DesqCount-fttf-5-0-7-false-]" classname="de.uni_mannheim.desq.mining.Icdm16TraditionalMiningTest" time="0"/>
  <testcase name="test[Icdm16TraditionalMiningTest-DesqCount-fttf-5-0-7-true-]" classname="de.uni_mannheim.desq.mining.Icdm16TraditionalMiningTest" time="0.001"/>
  <testcase name="test[Icdm16TraditionalMiningTest-DesqCount-fttf-5-1-1-false-]" classname="de.uni_mannheim.desq.mining.Icdm16TraditionalMiningTest" time="0.001"/>
  <testcase name="test[Icdm16TraditionalMiningTest-DesqCount-fttf-5-1-1-true-]" classname="de.uni_mannheim.desq.mining.Icdm16TraditionalMiningTest" time="0"/>
  <testcase name="test[Icdm16TraditionalMiningTest-DesqCount-fttf-5-1-3-false-]" classname="de.uni_mannheim.desq.mining.Icdm16TraditionalMiningTest" time="0.001"/>
  <testcase name="test[Icdm16TraditionalMiningTest-DesqCount-fttf-5-1-3-true-]" classname="de.uni_mannheim.desq.mining.Icdm16TraditionalMiningTest" time="0.001"/>
  <testcase name="test[Icdm16TraditionalMiningTest-DesqCount-fttf-5-1-5-false-]" classname="de.uni_mannheim.desq.mining.Icdm16TraditionalMiningTest" time="0"/>
  <testcase name="test[Icdm16TraditionalMiningTest-DesqCount-fttf-5-1-5-true-]" classname="de.uni_mannheim.desq.mining.Icdm16TraditionalMiningTest" time="0.001"/>
  <testcase name="test[Icdm16TraditionalMiningTest-DesqCount-fttf-5-1-7-false-]" classname="de.uni_mannheim.desq.mining.Icdm16TraditionalMiningTest" time="0.001"/>
  <testcase name="test[Icdm16TraditionalMiningTest-DesqCount-fttf-5-1-7-true-]" classname="de.uni_mannheim.desq.mining.Icdm16TraditionalMiningTest" time="0.001"/>
  <testcase name="test[Icdm16TraditionalMiningTest-DesqCount-fttf-5-2-1-false-]" classname="de.uni_mannheim.desq.mining.Icdm16TraditionalMiningTest" time="0"/>
  <testcase name="test[Icdm16TraditionalMiningTest-DesqCount-fttf-5-2-1-true-]" classname="de.uni_mannheim.desq.mining.Icdm16TraditionalMiningTest" time="0.001"/>
  <testcase name="test[Icdm16TraditionalMiningTest-DesqCount-fttf-5-2-3-false-]" classname="de.uni_mannheim.desq.mining.Icdm16TraditionalMiningTest" time="0.001"/>
  <testcase name="test[Icdm16TraditionalMiningTest-DesqCount-fttf-5-2-3-true-]" classname="de.uni_mannheim.desq.mining.Icdm16TraditionalMiningTest" time="0.001"/>
  <testcase name="test[Icdm16TraditionalMiningTest-DesqCount-fttf-5-2-5-false-]" classname="de.uni_mannheim.desq.mining.Icdm16TraditionalMiningTest" time="0"/>
  <testcase name="test[Icdm16TraditionalMiningTest-DesqCount-fttf-5-2-5-true-]" classname="de.uni_mannheim.desq.mining.Icdm16TraditionalMiningTest" time="0.001"/>
  <testcase name="test[Icdm16TraditionalMiningTest-DesqCount-fttf-5-2-7-false-]" classname="de.uni_mannheim.desq.mining.Icdm16TraditionalMiningTest" time="0.001"/>
  <testcase name="test[Icdm16TraditionalMiningTest-DesqCount-fttf-5-2-7-true-]" classname="de.uni_mannheim.desq.mining.Icdm16TraditionalMiningTest" time="0.001"/>
  <testcase name="test[Icdm16TraditionalMiningTest-DesqCount-fttf-7-0-1-false-]" classname="de.uni_mannheim.desq.mining.Icdm16TraditionalMiningTest" time="0"/>
  <testcase name="test[Icdm16TraditionalMiningTest-DesqCount-fttf-7-0-1-true-]" classname="de.uni_mannheim.desq.mining.Icdm16TraditionalMiningTest" time="0.001"/>
  <testcase name="test[Icdm16TraditionalMiningTest-DesqCount-fttf-7-0-3-false-]" classname="de.uni_mannheim.desq.mining.Icdm16TraditionalMiningTest" time="0"/>
  <testcase name="test[Icdm16TraditionalMiningTest-DesqCount-fttf-7-0-3-true-]" classname="de.uni_mannheim.desq.mining.Icdm16TraditionalMiningTest" time="0.001"/>
  <testcase name="test[Icdm16TraditionalMiningTest-DesqCount-fttf-7-0-5-false-]" classname="de.uni_mannheim.desq.mining.Icdm16TraditionalMiningTest" time="0"/>
  <testcase name="test[Icdm16TraditionalMiningTest-DesqCount-fttf-7-0-5-true-]" classname="de.uni_mannheim.desq.mining.Icdm16TraditionalMiningTest" time="0.001"/>
  <testcase name="test[Icdm16TraditionalMiningTest-DesqCount-fttf-7-0-7-false-]" classname="de.uni_mannheim.desq.mining.Icdm16TraditionalMiningTest" time="0"/>
  <testcase name="test[Icdm16TraditionalMiningTest-DesqCount-fttf-7-0-7-true-]" classname="de.uni_mannheim.desq.mining.Icdm16TraditionalMiningTest" time="0.001"/>
  <testcase name="test[Icdm16TraditionalMiningTest-DesqCount-fttf-7-1-1-false-]" classname="de.uni_mannheim.desq.mining.Icdm16TraditionalMiningTest" time="0"/>
  <testcase name="test[Icdm16TraditionalMiningTest-DesqCount-fttf-7-1-1-true-]" classname="de.uni_mannheim.desq.mining.Icdm16TraditionalMiningTest" time="0.001"/>
  <testcase name="test[Icdm16TraditionalMiningTest-DesqCount-fttf-7-1-3-false-]" classname="de.uni_mannheim.desq.mining.Icdm16TraditionalMiningTest" time="0"/>
  <testcase name="test[Icdm16TraditionalMiningTest-DesqCount-fttf-7-1-3-true-]" classname="de.uni_mannheim.desq.mining.Icdm16TraditionalMiningTest" time="0.001"/>
  <testcase name="test[Icdm16TraditionalMiningTest-DesqCount-fttf-7-1-5-false-]" classname="de.uni_mannheim.desq.mining.Icdm16TraditionalMiningTest" time="0"/>
  <testcase name="test[Icdm16TraditionalMiningTest-DesqCount-fttf-7-1-5-true-]" classname="de.uni_mannheim.desq.mining.Icdm16TraditionalMiningTest" time="0.001"/>
  <testcase name="test[Icdm16TraditionalMiningTest-DesqCount-fttf-7-1-7-false-]" classname="de.uni_mannheim.desq.mining.Icdm16TraditionalMiningTest" time="0"/>
  <testcase name="test[Icdm16TraditionalMiningTest-DesqCount-fttf-7-1-7-true-]" classname="de.uni_mannheim.desq.mining.Icdm16TraditionalMiningTest" time="0.001"/>
  <testcase name="test[Icdm16TraditionalMiningTest-DesqCount-fttf-7-2-1-false-]" classname="de.uni_mannheim.desq.mining.Icdm16TraditionalMiningTest" time="0"/>
  <testcase name="test[Icdm16TraditionalMiningTest-DesqCount-fttf-7-2-1-true-]" classname="de.uni_mannheim.desq.mining.Icdm16TraditionalMiningTest" time="0.001"/>
  <testcase name="test[Icdm16TraditionalMiningTest-DesqCount-fttf-7-2-3-false-]" classname="de.uni_mannheim.desq.mining.Icdm16TraditionalMiningTest" time="0"/>
  <testcase name="test[Icdm16TraditionalMiningTest-DesqCount-fttf-7-2-3-true-]" classname="de.uni_mannheim.desq.mining.Icdm16TraditionalMiningTest" time="0.001"/>
  <testcase name="test[Icdm16TraditionalMiningTest-DesqCount-fttf-7-2-5-false-]" classname="de.uni_mannheim.desq.mining.Icdm16TraditionalMiningTest" time="0"/>
  <testcase name="test[Icdm16TraditionalMiningTest-DesqCount-fttf-7-2-5-true-]" classname="de.uni_mannheim.desq.mining.Icdm16TraditionalMiningTest" time="0.001"/>
  <testcase name="test[Icdm16TraditionalMiningTest-DesqCount-fttf-7-2-7-false-]" classname="de.uni_mannheim.desq.mining.Icdm16TraditionalMiningTest" time="0"/>
  <testcase name="test[Icdm16TraditionalMiningTest-DesqCount-fttf-7-2-7-true-]" classname="de.uni_mannheim.desq.mining.Icdm16TraditionalMiningTest" time="0.001"/>
  <testcase name="test[Icdm16TraditionalMiningTest-DesqCount-fttt-1-0-1-false-]" classname="de.uni_mannheim.desq.mining.Icdm16TraditionalMiningTest" time="0.001"/>
  <testcase name="test[Icdm16TraditionalMiningTest-DesqCount-fttt-1-0-1-true-]" classname="de.uni_mannheim.desq.mining.Icdm16TraditionalMiningTest" time="0"/>
  <testcase name="test[Icdm16TraditionalMiningTest-DesqCount-fttt-1-0-3-false-]" classname="de.uni_mannheim.desq.mining.Icdm16TraditionalMiningTest" time="0.001"/>
  <testcase name="test[Icdm16TraditionalMiningTest-DesqCount-fttt-1-0-3-true-]" classname="de.uni_mannheim.desq.mining.Icdm16TraditionalMiningTest" time="0.005"/>
  <testcase name="test[Icdm16TraditionalMiningTest-DesqCount-fttt-1-0-5-false-]" classname="de.uni_mannheim.desq.mining.Icdm16TraditionalMiningTest" time="0.001"/>
  <testcase name="test[Icdm16TraditionalMiningTest-DesqCount-fttt-1-0-5-true-]" classname="de.uni_mannheim.desq.mining.Icdm16TraditionalMiningTest" time="0.002"/>
  <testcase name="test[Icdm16TraditionalMiningTest-DesqCount-fttt-1-0-7-false-]" classname="de.uni_mannheim.desq.mining.Icdm16TraditionalMiningTest" time="0.002"/>
  <testcase name="test[Icdm16TraditionalMiningTest-DesqCount-fttt-1-0-7-true-]" classname="de.uni_mannheim.desq.mining.Icdm16TraditionalMiningTest" time="0.003"/>
  <testcase name="test[Icdm16TraditionalMiningTest-DesqCount-fttt-1-1-1-false-]" classname="de.uni_mannheim.desq.mining.Icdm16TraditionalMiningTest" time="0.001"/>
  <testcase name="test[Icdm16TraditionalMiningTest-DesqCount-fttt-1-1-1-true-]" classname="de.uni_mannheim.desq.mining.Icdm16TraditionalMiningTest" time="0"/>
  <testcase name="test[Icdm16TraditionalMiningTest-DesqCount-fttt-1-1-3-false-]" classname="de.uni_mannheim.desq.mining.Icdm16TraditionalMiningTest" time="0.001"/>
  <testcase name="test[Icdm16TraditionalMiningTest-DesqCount-fttt-1-1-3-true-]" classname="de.uni_mannheim.desq.mining.Icdm16TraditionalMiningTest" time="0.001"/>
  <testcase name="test[Icdm16TraditionalMiningTest-DesqCount-fttt-1-1-5-false-]" classname="de.uni_mannheim.desq.mining.Icdm16TraditionalMiningTest" time="0.001"/>
  <testcase name="test[Icdm16TraditionalMiningTest-DesqCount-fttt-1-1-5-true-]" classname="de.uni_mannheim.desq.mining.Icdm16TraditionalMiningTest" time="0.003"/>
  <testcase name="test[Icdm16TraditionalMiningTest-DesqCount-fttt-1-1-7-false-]" classname="de.uni_mannheim.desq.mining.Icdm16TraditionalMiningTest" time="0.001"/>
  <testcase name="test[Icdm16TraditionalMiningTest-DesqCount-fttt-1-1-7-true-]" classname="de.uni_mannheim.desq.mining.Icdm16TraditionalMiningTest" time="0.003"/>
  <testcase name="test[Icdm16TraditionalMiningTest-DesqCount-fttt-1-2-1-false-]" classname="de.uni_mannheim.desq.mining.Icdm16TraditionalMiningTest" time="0.001"/>
  <testcase name="test[Icdm16TraditionalMiningTest-DesqCount-fttt-1-2-1-true-]" classname="de.uni_mannheim.desq.mining.Icdm16TraditionalMiningTest" time="0"/>
  <testcase name="test[Icdm16TraditionalMiningTest-DesqCount-fttt-1-2-3-false-]" classname="de.uni_mannheim.desq.mining.Icdm16TraditionalMiningTest" time="0.001"/>
  <testcase name="test[Icdm16TraditionalMiningTest-DesqCount-fttt-1-2-3-true-]" classname="de.uni_mannheim.desq.mining.Icdm16TraditionalMiningTest" time="0.001"/>
  <testcase name="test[Icdm16TraditionalMiningTest-DesqCount-fttt-1-2-5-false-]" classname="de.uni_mannheim.desq.mining.Icdm16TraditionalMiningTest" time="0.001"/>
  <testcase name="test[Icdm16TraditionalMiningTest-DesqCount-fttt-1-2-5-true-]" classname="de.uni_mannheim.desq.mining.Icdm16TraditionalMiningTest" time="0.003"/>
  <testcase name="test[Icdm16TraditionalMiningTest-DesqCount-fttt-1-2-7-false-]" classname="de.uni_mannheim.desq.mining.Icdm16TraditionalMiningTest" time="0.001"/>
  <testcase name="test[Icdm16TraditionalMiningTest-DesqCount-fttt-1-2-7-true-]" classname="de.uni_mannheim.desq.mining.Icdm16TraditionalMiningTest" time="0.003"/>
  <testcase name="test[Icdm16TraditionalMiningTest-DesqCount-fttt-3-0-1-false-]" classname="de.uni_mannheim.desq.mining.Icdm16TraditionalMiningTest" time="0.001"/>
  <testcase name="test[Icdm16TraditionalMiningTest-DesqCount-fttt-3-0-1-true-]" classname="de.uni_mannheim.desq.mining.Icdm16TraditionalMiningTest" time="0"/>
  <testcase name="test[Icdm16TraditionalMiningTest-DesqCount-fttt-3-0-3-false-]" classname="de.uni_mannheim.desq.mining.Icdm16TraditionalMiningTest" time="0.001"/>
  <testcase name="test[Icdm16TraditionalMiningTest-DesqCount-fttt-3-0-3-true-]" classname="de.uni_mannheim.desq.mining.Icdm16TraditionalMiningTest" time="0.001"/>
  <testcase name="test[Icdm16TraditionalMiningTest-DesqCount-fttt-3-0-5-false-]" classname="de.uni_mannheim.desq.mining.Icdm16TraditionalMiningTest" time="0"/>
  <testcase name="test[Icdm16TraditionalMiningTest-DesqCount-fttt-3-0-5-true-]" classname="de.uni_mannheim.desq.mining.Icdm16TraditionalMiningTest" time="0.001"/>
  <testcase name="test[Icdm16TraditionalMiningTest-DesqCount-fttt-3-0-7-false-]" classname="de.uni_mannheim.desq.mining.Icdm16TraditionalMiningTest" time="0.001"/>
  <testcase name="test[Icdm16TraditionalMiningTest-DesqCount-fttt-3-0-7-true-]" classname="de.uni_mannheim.desq.mining.Icdm16TraditionalMiningTest" time="0"/>
  <testcase name="test[Icdm16TraditionalMiningTest-DesqCount-fttt-3-1-1-false-]" classname="de.uni_mannheim.desq.mining.Icdm16TraditionalMiningTest" time="0.001"/>
  <testcase name="test[Icdm16TraditionalMiningTest-DesqCount-fttt-3-1-1-true-]" classname="de.uni_mannheim.desq.mining.Icdm16TraditionalMiningTest" time="0.001"/>
  <testcase name="test[Icdm16TraditionalMiningTest-DesqCount-fttt-3-1-3-false-]" classname="de.uni_mannheim.desq.mining.Icdm16TraditionalMiningTest" time="0"/>
  <testcase name="test[Icdm16TraditionalMiningTest-DesqCount-fttt-3-1-3-true-]" classname="de.uni_mannheim.desq.mining.Icdm16TraditionalMiningTest" time="0.001"/>
  <testcase name="test[Icdm16TraditionalMiningTest-DesqCount-fttt-3-1-5-false-]" classname="de.uni_mannheim.desq.mining.Icdm16TraditionalMiningTest" time="0.001"/>
  <testcase name="test[Icdm16TraditionalMiningTest-DesqCount-fttt-3-1-5-true-]" classname="de.uni_mannheim.desq.mining.Icdm16TraditionalMiningTest" time="0"/>
  <testcase name="test[Icdm16TraditionalMiningTest-DesqCount-fttt-3-1-7-false-]" classname="de.uni_mannheim.desq.mining.Icdm16TraditionalMiningTest" time="0.001"/>
  <testcase name="test[Icdm16TraditionalMiningTest-DesqCount-fttt-3-1-7-true-]" classname="de.uni_mannheim.desq.mining.Icdm16TraditionalMiningTest" time="0.001"/>
  <testcase name="test[Icdm16TraditionalMiningTest-DesqCount-fttt-3-2-1-false-]" classname="de.uni_mannheim.desq.mining.Icdm16TraditionalMiningTest" time="0.001"/>
  <testcase name="test[Icdm16TraditionalMiningTest-DesqCount-fttt-3-2-1-true-]" classname="de.uni_mannheim.desq.mining.Icdm16TraditionalMiningTest" time="0"/>
  <testcase name="test[Icdm16TraditionalMiningTest-DesqCount-fttt-3-2-3-false-]" classname="de.uni_mannheim.desq.mining.Icdm16TraditionalMiningTest" time="0.001"/>
  <testcase name="test[Icdm16TraditionalMiningTest-DesqCount-fttt-3-2-3-true-]" classname="de.uni_mannheim.desq.mining.Icdm16TraditionalMiningTest" time="0.001"/>
  <testcase name="test[Icdm16TraditionalMiningTest-DesqCount-fttt-3-2-5-false-]" classname="de.uni_mannheim.desq.mining.Icdm16TraditionalMiningTest" time="0"/>
  <testcase name="test[Icdm16TraditionalMiningTest-DesqCount-fttt-3-2-5-true-]" classname="de.uni_mannheim.desq.mining.Icdm16TraditionalMiningTest" time="0.001"/>
  <testcase name="test[Icdm16TraditionalMiningTest-DesqCount-fttt-3-2-7-false-]" classname="de.uni_mannheim.desq.mining.Icdm16TraditionalMiningTest" time="0.001"/>
  <testcase name="test[Icdm16TraditionalMiningTest-DesqCount-fttt-3-2-7-true-]" classname="de.uni_mannheim.desq.mining.Icdm16TraditionalMiningTest" time="0.001"/>
  <testcase name="test[Icdm16TraditionalMiningTest-DesqCount-fttt-5-0-1-false-]" classname="de.uni_mannheim.desq.mining.Icdm16TraditionalMiningTest" time="0.001"/>
  <testcase name="test[Icdm16TraditionalMiningTest-DesqCount-fttt-5-0-1-true-]" classname="de.uni_mannheim.desq.mining.Icdm16TraditionalMiningTest" time="0"/>
  <testcase name="test[Icdm16TraditionalMiningTest-DesqCount-fttt-5-0-3-false-]" classname="de.uni_mannheim.desq.mining.Icdm16TraditionalMiningTest" time="0.001"/>
  <testcase name="test[Icdm16TraditionalMiningTest-DesqCount-fttt-5-0-3-true-]" classname="de.uni_mannheim.desq.mining.Icdm16TraditionalMiningTest" time="0.001"/>
  <testcase name="test[Icdm16TraditionalMiningTest-DesqCount-fttt-5-0-5-false-]" classname="de.uni_mannheim.desq.mining.Icdm16TraditionalMiningTest" time="0"/>
  <testcase name="test[Icdm16TraditionalMiningTest-DesqCount-fttt-5-0-5-true-]" classname="de.uni_mannheim.desq.mining.Icdm16TraditionalMiningTest" time="0.001"/>
  <testcase name="test[Icdm16TraditionalMiningTest-DesqCount-fttt-5-0-7-false-]" classname="de.uni_mannheim.desq.mining.Icdm16TraditionalMiningTest" time="0.001"/>
  <testcase name="test[Icdm16TraditionalMiningTest-DesqCount-fttt-5-0-7-true-]" classname="de.uni_mannheim.desq.mining.Icdm16TraditionalMiningTest" time="0"/>
  <testcase name="test[Icdm16TraditionalMiningTest-DesqCount-fttt-5-1-1-false-]" classname="de.uni_mannheim.desq.mining.Icdm16TraditionalMiningTest" time="0.001"/>
  <testcase name="test[Icdm16TraditionalMiningTest-DesqCount-fttt-5-1-1-true-]" classname="de.uni_mannheim.desq.mining.Icdm16TraditionalMiningTest" time="0"/>
  <testcase name="test[Icdm16TraditionalMiningTest-DesqCount-fttt-5-1-3-false-]" classname="de.uni_mannheim.desq.mining.Icdm16TraditionalMiningTest" time="0.001"/>
  <testcase name="test[Icdm16TraditionalMiningTest-DesqCount-fttt-5-1-3-true-]" classname="de.uni_mannheim.desq.mining.Icdm16TraditionalMiningTest" time="0.001"/>
  <testcase name="test[Icdm16TraditionalMiningTest-DesqCount-fttt-5-1-5-false-]" classname="de.uni_mannheim.desq.mining.Icdm16TraditionalMiningTest" time="0"/>
  <testcase name="test[Icdm16TraditionalMiningTest-DesqCount-fttt-5-1-5-true-]" classname="de.uni_mannheim.desq.mining.Icdm16TraditionalMiningTest" time="0.001"/>
  <testcase name="test[Icdm16TraditionalMiningTest-DesqCount-fttt-5-1-7-false-]" classname="de.uni_mannheim.desq.mining.Icdm16TraditionalMiningTest" time="0.001"/>
  <testcase name="test[Icdm16TraditionalMiningTest-DesqCount-fttt-5-1-7-true-]" classname="de.uni_mannheim.desq.mining.Icdm16TraditionalMiningTest" time="0.001"/>
  <testcase name="test[Icdm16TraditionalMiningTest-DesqCount-fttt-5-2-1-false-]" classname="de.uni_mannheim.desq.mining.Icdm16TraditionalMiningTest" time="0"/>
  <testcase name="test[Icdm16TraditionalMiningTest-DesqCount-fttt-5-2-1-true-]" classname="de.uni_mannheim.desq.mining.Icdm16TraditionalMiningTest" time="0.001"/>
  <testcase name="test[Icdm16TraditionalMiningTest-DesqCount-fttt-5-2-3-false-]" classname="de.uni_mannheim.desq.mining.Icdm16TraditionalMiningTest" time="0.001"/>
  <testcase name="test[Icdm16TraditionalMiningTest-DesqCount-fttt-5-2-3-true-]" classname="de.uni_mannheim.desq.mining.Icdm16TraditionalMiningTest" time="0"/>
  <testcase name="test[Icdm16TraditionalMiningTest-DesqCount-fttt-5-2-5-false-]" classname="de.uni_mannheim.desq.mining.Icdm16TraditionalMiningTest" time="0.001"/>
  <testcase name="test[Icdm16TraditionalMiningTest-DesqCount-fttt-5-2-5-true-]" classname="de.uni_mannheim.desq.mining.Icdm16TraditionalMiningTest" time="0.001"/>
  <testcase name="test[Icdm16TraditionalMiningTest-DesqCount-fttt-5-2-7-false-]" classname="de.uni_mannheim.desq.mining.Icdm16TraditionalMiningTest" time="0.001"/>
  <testcase name="test[Icdm16TraditionalMiningTest-DesqCount-fttt-5-2-7-true-]" classname="de.uni_mannheim.desq.mining.Icdm16TraditionalMiningTest" time="0.001"/>
  <testcase name="test[Icdm16TraditionalMiningTest-DesqCount-fttt-7-0-1-false-]" classname="de.uni_mannheim.desq.mining.Icdm16TraditionalMiningTest" time="0"/>
  <testcase name="test[Icdm16TraditionalMiningTest-DesqCount-fttt-7-0-1-true-]" classname="de.uni_mannheim.desq.mining.Icdm16TraditionalMiningTest" time="0.001"/>
  <testcase name="test[Icdm16TraditionalMiningTest-DesqCount-fttt-7-0-3-false-]" classname="de.uni_mannheim.desq.mining.Icdm16TraditionalMiningTest" time="0"/>
  <testcase name="test[Icdm16TraditionalMiningTest-DesqCount-fttt-7-0-3-true-]" classname="de.uni_mannheim.desq.mining.Icdm16TraditionalMiningTest" time="0.001"/>
  <testcase name="test[Icdm16TraditionalMiningTest-DesqCount-fttt-7-0-5-false-]" classname="de.uni_mannheim.desq.mining.Icdm16TraditionalMiningTest" time="0"/>
  <testcase name="test[Icdm16TraditionalMiningTest-DesqCount-fttt-7-0-5-true-]" classname="de.uni_mannheim.desq.mining.Icdm16TraditionalMiningTest" time="0.001"/>
  <testcase name="test[Icdm16TraditionalMiningTest-DesqCount-fttt-7-0-7-false-]" classname="de.uni_mannheim.desq.mining.Icdm16TraditionalMiningTest" time="0"/>
  <testcase name="test[Icdm16TraditionalMiningTest-DesqCount-fttt-7-0-7-true-]" classname="de.uni_mannheim.desq.mining.Icdm16TraditionalMiningTest" time="0"/>
  <testcase name="test[Icdm16TraditionalMiningTest-DesqCount-fttt-7-1-1-false-]" classname="de.uni_mannheim.desq.mining.Icdm16TraditionalMiningTest" time="0"/>
  <testcase name="test[Icdm16TraditionalMiningTest-DesqCount-fttt-7-1-1-true-]" classname="de.uni_mannheim.desq.mining.Icdm16TraditionalMiningTest" time="0.001"/>
  <testcase name="test[Icdm16TraditionalMiningTest-DesqCount-fttt-7-1-3-false-]" classname="de.uni_mannheim.desq.mining.Icdm16TraditionalMiningTest" time="0"/>
  <testcase name="test[Icdm16TraditionalMiningTest-DesqCount-fttt-7-1-3-true-]" classname="de.uni_mannheim.desq.mining.Icdm16TraditionalMiningTest" time="0.001"/>
  <testcase name="test[Icdm16TraditionalMiningTest-DesqCount-fttt-7-1-5-false-]" classname="de.uni_mannheim.desq.mining.Icdm16TraditionalMiningTest" time="0"/>
  <testcase name="test[Icdm16TraditionalMiningTest-DesqCount-fttt-7-1-5-true-]" classname="de.uni_mannheim.desq.mining.Icdm16TraditionalMiningTest" time="0.001"/>
  <testcase name="test[Icdm16TraditionalMiningTest-DesqCount-fttt-7-1-7-false-]" classname="de.uni_mannheim.desq.mining.Icdm16TraditionalMiningTest" time="0.001"/>
  <testcase name="test[Icdm16TraditionalMiningTest-DesqCount-fttt-7-1-7-true-]" classname="de.uni_mannheim.desq.mining.Icdm16TraditionalMiningTest" time="0"/>
  <testcase name="test[Icdm16TraditionalMiningTest-DesqCount-fttt-7-2-1-false-]" classname="de.uni_mannheim.desq.mining.Icdm16TraditionalMiningTest" time="0.001"/>
  <testcase name="test[Icdm16TraditionalMiningTest-DesqCount-fttt-7-2-1-true-]" classname="de.uni_mannheim.desq.mining.Icdm16TraditionalMiningTest" time="0"/>
  <testcase name="test[Icdm16TraditionalMiningTest-DesqCount-fttt-7-2-3-false-]" classname="de.uni_mannheim.desq.mining.Icdm16TraditionalMiningTest" time="0.001"/>
  <testcase name="test[Icdm16TraditionalMiningTest-DesqCount-fttt-7-2-3-true-]" classname="de.uni_mannheim.desq.mining.Icdm16TraditionalMiningTest" time="0"/>
  <testcase name="test[Icdm16TraditionalMiningTest-DesqCount-fttt-7-2-5-false-]" classname="de.uni_mannheim.desq.mining.Icdm16TraditionalMiningTest" time="0.001"/>
  <testcase name="test[Icdm16TraditionalMiningTest-DesqCount-fttt-7-2-5-true-]" classname="de.uni_mannheim.desq.mining.Icdm16TraditionalMiningTest" time="0"/>
  <testcase name="test[Icdm16TraditionalMiningTest-DesqCount-fttt-7-2-7-false-]" classname="de.uni_mannheim.desq.mining.Icdm16TraditionalMiningTest" time="0.001"/>
  <testcase name="test[Icdm16TraditionalMiningTest-DesqCount-fttt-7-2-7-true-]" classname="de.uni_mannheim.desq.mining.Icdm16TraditionalMiningTest" time="0"/>
  <testcase name="test[Icdm16TraditionalMiningTest-DesqCount-tfff-1-0-1-false-]" classname="de.uni_mannheim.desq.mining.Icdm16TraditionalMiningTest" time="0.001"/>
  <testcase name="test[Icdm16TraditionalMiningTest-DesqCount-tfff-1-0-1-true-]" classname="de.uni_mannheim.desq.mining.Icdm16TraditionalMiningTest" time="0.001"/>
  <testcase name="test[Icdm16TraditionalMiningTest-DesqCount-tfff-1-0-3-false-]" classname="de.uni_mannheim.desq.mining.Icdm16TraditionalMiningTest" time="0"/>
  <testcase name="test[Icdm16TraditionalMiningTest-DesqCount-tfff-1-0-3-true-]" classname="de.uni_mannheim.desq.mining.Icdm16TraditionalMiningTest" time="0.001"/>
  <testcase name="test[Icdm16TraditionalMiningTest-DesqCount-tfff-1-0-5-false-]" classname="de.uni_mannheim.desq.mining.Icdm16TraditionalMiningTest" time="0.001"/>
  <testcase name="test[Icdm16TraditionalMiningTest-DesqCount-tfff-1-0-5-true-]" classname="de.uni_mannheim.desq.mining.Icdm16TraditionalMiningTest" time="0.002"/>
  <testcase name="test[Icdm16TraditionalMiningTest-DesqCount-tfff-1-0-7-false-]" classname="de.uni_mannheim.desq.mining.Icdm16TraditionalMiningTest" time="0.001"/>
  <testcase name="test[Icdm16TraditionalMiningTest-DesqCount-tfff-1-0-7-true-]" classname="de.uni_mannheim.desq.mining.Icdm16TraditionalMiningTest" time="0.002"/>
  <testcase name="test[Icdm16TraditionalMiningTest-DesqCount-tfff-1-1-1-false-]" classname="de.uni_mannheim.desq.mining.Icdm16TraditionalMiningTest" time="0"/>
  <testcase name="test[Icdm16TraditionalMiningTest-DesqCount-tfff-1-1-1-true-]" classname="de.uni_mannheim.desq.mining.Icdm16TraditionalMiningTest" time="0.001"/>
  <testcase name="test[Icdm16TraditionalMiningTest-DesqCount-tfff-1-1-3-false-]" classname="de.uni_mannheim.desq.mining.Icdm16TraditionalMiningTest" time="0.001"/>
  <testcase name="test[Icdm16TraditionalMiningTest-DesqCount-tfff-1-1-3-true-]" classname="de.uni_mannheim.desq.mining.Icdm16TraditionalMiningTest" time="0.001"/>
  <testcase name="test[Icdm16TraditionalMiningTest-DesqCount-tfff-1-1-5-false-]" classname="de.uni_mannheim.desq.mining.Icdm16TraditionalMiningTest" time="0.001"/>
  <testcase name="test[Icdm16TraditionalMiningTest-DesqCount-tfff-1-1-5-true-]" classname="de.uni_mannheim.desq.mining.Icdm16TraditionalMiningTest" time="0.003"/>
  <testcase name="test[Icdm16TraditionalMiningTest-DesqCount-tfff-1-1-7-false-]" classname="de.uni_mannheim.desq.mining.Icdm16TraditionalMiningTest" time="0.001"/>
  <testcase name="test[Icdm16TraditionalMiningTest-DesqCount-tfff-1-1-7-true-]" classname="de.uni_mannheim.desq.mining.Icdm16TraditionalMiningTest" time="0.002"/>
  <testcase name="test[Icdm16TraditionalMiningTest-DesqCount-tfff-1-2-1-false-]" classname="de.uni_mannheim.desq.mining.Icdm16TraditionalMiningTest" time="0.004"/>
  <testcase name="test[Icdm16TraditionalMiningTest-DesqCount-tfff-1-2-1-true-]" classname="de.uni_mannheim.desq.mining.Icdm16TraditionalMiningTest" time="0"/>
  <testcase name="test[Icdm16TraditionalMiningTest-DesqCount-tfff-1-2-3-false-]" classname="de.uni_mannheim.desq.mining.Icdm16TraditionalMiningTest" time="0"/>
  <testcase name="test[Icdm16TraditionalMiningTest-DesqCount-tfff-1-2-3-true-]" classname="de.uni_mannheim.desq.mining.Icdm16TraditionalMiningTest" time="0.002"/>
  <testcase name="test[Icdm16TraditionalMiningTest-DesqCount-tfff-1-2-5-false-]" classname="de.uni_mannheim.desq.mining.Icdm16TraditionalMiningTest" time="0.001"/>
  <testcase name="test[Icdm16TraditionalMiningTest-DesqCount-tfff-1-2-5-true-]" classname="de.uni_mannheim.desq.mining.Icdm16TraditionalMiningTest" time="0.003"/>
  <testcase name="test[Icdm16TraditionalMiningTest-DesqCount-tfff-1-2-7-false-]" classname="de.uni_mannheim.desq.mining.Icdm16TraditionalMiningTest" time="0.001"/>
  <testcase name="test[Icdm16TraditionalMiningTest-DesqCount-tfff-1-2-7-true-]" classname="de.uni_mannheim.desq.mining.Icdm16TraditionalMiningTest" time="0.003"/>
  <testcase name="test[Icdm16TraditionalMiningTest-DesqCount-tfff-3-0-1-false-]" classname="de.uni_mannheim.desq.mining.Icdm16TraditionalMiningTest" time="0"/>
  <testcase name="test[Icdm16TraditionalMiningTest-DesqCount-tfff-3-0-1-true-]" classname="de.uni_mannheim.desq.mining.Icdm16TraditionalMiningTest" time="0.001"/>
  <testcase name="test[Icdm16TraditionalMiningTest-DesqCount-tfff-3-0-3-false-]" classname="de.uni_mannheim.desq.mining.Icdm16TraditionalMiningTest" time="0"/>
  <testcase name="test[Icdm16TraditionalMiningTest-DesqCount-tfff-3-0-3-true-]" classname="de.uni_mannheim.desq.mining.Icdm16TraditionalMiningTest" time="0.001"/>
  <testcase name="test[Icdm16TraditionalMiningTest-DesqCount-tfff-3-0-5-false-]" classname="de.uni_mannheim.desq.mining.Icdm16TraditionalMiningTest" time="0.001"/>
  <testcase name="test[Icdm16TraditionalMiningTest-DesqCount-tfff-3-0-5-true-]" classname="de.uni_mannheim.desq.mining.Icdm16TraditionalMiningTest" time="0"/>
  <testcase name="test[Icdm16TraditionalMiningTest-DesqCount-tfff-3-0-7-false-]" classname="de.uni_mannheim.desq.mining.Icdm16TraditionalMiningTest" time="0.001"/>
  <testcase name="test[Icdm16TraditionalMiningTest-DesqCount-tfff-3-0-7-true-]" classname="de.uni_mannheim.desq.mining.Icdm16TraditionalMiningTest" time="0.001"/>
  <testcase name="test[Icdm16TraditionalMiningTest-DesqCount-tfff-3-1-1-false-]" classname="de.uni_mannheim.desq.mining.Icdm16TraditionalMiningTest" time="0"/>
  <testcase name="test[Icdm16TraditionalMiningTest-DesqCount-tfff-3-1-1-true-]" classname="de.uni_mannheim.desq.mining.Icdm16TraditionalMiningTest" time="0.001"/>
  <testcase name="test[Icdm16TraditionalMiningTest-DesqCount-tfff-3-1-3-false-]" classname="de.uni_mannheim.desq.mining.Icdm16TraditionalMiningTest" time="0"/>
  <testcase name="test[Icdm16TraditionalMiningTest-DesqCount-tfff-3-1-3-true-]" classname="de.uni_mannheim.desq.mining.Icdm16TraditionalMiningTest" time="0.001"/>
  <testcase name="test[Icdm16TraditionalMiningTest-DesqCount-tfff-3-1-5-false-]" classname="de.uni_mannheim.desq.mining.Icdm16TraditionalMiningTest" time="0"/>
  <testcase name="test[Icdm16TraditionalMiningTest-DesqCount-tfff-3-1-5-true-]" classname="de.uni_mannheim.desq.mining.Icdm16TraditionalMiningTest" time="0.001"/>
  <testcase name="test[Icdm16TraditionalMiningTest-DesqCount-tfff-3-1-7-false-]" classname="de.uni_mannheim.desq.mining.Icdm16TraditionalMiningTest" time="0.001"/>
  <testcase name="test[Icdm16TraditionalMiningTest-DesqCount-tfff-3-1-7-true-]" classname="de.uni_mannheim.desq.mining.Icdm16TraditionalMiningTest" time="0"/>
  <testcase name="test[Icdm16TraditionalMiningTest-DesqCount-tfff-3-2-1-false-]" classname="de.uni_mannheim.desq.mining.Icdm16TraditionalMiningTest" time="0.001"/>
  <testcase name="test[Icdm16TraditionalMiningTest-DesqCount-tfff-3-2-1-true-]" classname="de.uni_mannheim.desq.mining.Icdm16TraditionalMiningTest" time="0"/>
  <testcase name="test[Icdm16TraditionalMiningTest-DesqCount-tfff-3-2-3-false-]" classname="de.uni_mannheim.desq.mining.Icdm16TraditionalMiningTest" time="0.001"/>
  <testcase name="test[Icdm16TraditionalMiningTest-DesqCount-tfff-3-2-3-true-]" classname="de.uni_mannheim.desq.mining.Icdm16TraditionalMiningTest" time="0.001"/>
  <testcase name="test[Icdm16TraditionalMiningTest-DesqCount-tfff-3-2-5-false-]" classname="de.uni_mannheim.desq.mining.Icdm16TraditionalMiningTest" time="0"/>
  <testcase name="test[Icdm16TraditionalMiningTest-DesqCount-tfff-3-2-5-true-]" classname="de.uni_mannheim.desq.mining.Icdm16TraditionalMiningTest" time="0.001"/>
  <testcase name="test[Icdm16TraditionalMiningTest-DesqCount-tfff-3-2-7-false-]" classname="de.uni_mannheim.desq.mining.Icdm16TraditionalMiningTest" time="0.001"/>
  <testcase name="test[Icdm16TraditionalMiningTest-DesqCount-tfff-3-2-7-true-]" classname="de.uni_mannheim.desq.mining.Icdm16TraditionalMiningTest" time="0.001"/>
  <testcase name="test[Icdm16TraditionalMiningTest-DesqCount-tfff-5-0-1-false-]" classname="de.uni_mannheim.desq.mining.Icdm16TraditionalMiningTest" time="0"/>
  <testcase name="test[Icdm16TraditionalMiningTest-DesqCount-tfff-5-0-1-true-]" classname="de.uni_mannheim.desq.mining.Icdm16TraditionalMiningTest" time="0.001"/>
  <testcase name="test[Icdm16TraditionalMiningTest-DesqCount-tfff-5-0-3-false-]" classname="de.uni_mannheim.desq.mining.Icdm16TraditionalMiningTest" time="0"/>
  <testcase name="test[Icdm16TraditionalMiningTest-DesqCount-tfff-5-0-3-true-]" classname="de.uni_mannheim.desq.mining.Icdm16TraditionalMiningTest" time="0.001"/>
  <testcase name="test[Icdm16TraditionalMiningTest-DesqCount-tfff-5-0-5-false-]" classname="de.uni_mannheim.desq.mining.Icdm16TraditionalMiningTest" time="0"/>
  <testcase name="test[Icdm16TraditionalMiningTest-DesqCount-tfff-5-0-5-true-]" classname="de.uni_mannheim.desq.mining.Icdm16TraditionalMiningTest" time="0.001"/>
  <testcase name="test[Icdm16TraditionalMiningTest-DesqCount-tfff-5-0-7-false-]" classname="de.uni_mannheim.desq.mining.Icdm16TraditionalMiningTest" time="0"/>
  <testcase name="test[Icdm16TraditionalMiningTest-DesqCount-tfff-5-0-7-true-]" classname="de.uni_mannheim.desq.mining.Icdm16TraditionalMiningTest" time="0.001"/>
  <testcase name="test[Icdm16TraditionalMiningTest-DesqCount-tfff-5-1-1-false-]" classname="de.uni_mannheim.desq.mining.Icdm16TraditionalMiningTest" time="0.001"/>
  <testcase name="test[Icdm16TraditionalMiningTest-DesqCount-tfff-5-1-1-true-]" classname="de.uni_mannheim.desq.mining.Icdm16TraditionalMiningTest" time="0"/>
  <testcase name="test[Icdm16TraditionalMiningTest-DesqCount-tfff-5-1-3-false-]" classname="de.uni_mannheim.desq.mining.Icdm16TraditionalMiningTest" time="0.001"/>
  <testcase name="test[Icdm16TraditionalMiningTest-DesqCount-tfff-5-1-3-true-]" classname="de.uni_mannheim.desq.mining.Icdm16TraditionalMiningTest" time="0"/>
  <testcase name="test[Icdm16TraditionalMiningTest-DesqCount-tfff-5-1-5-false-]" classname="de.uni_mannheim.desq.mining.Icdm16TraditionalMiningTest" time="0.001"/>
  <testcase name="test[Icdm16TraditionalMiningTest-DesqCount-tfff-5-1-5-true-]" classname="de.uni_mannheim.desq.mining.Icdm16TraditionalMiningTest" time="0"/>
  <testcase name="test[Icdm16TraditionalMiningTest-DesqCount-tfff-5-1-7-false-]" classname="de.uni_mannheim.desq.mining.Icdm16TraditionalMiningTest" time="0.001"/>
  <testcase name="test[Icdm16TraditionalMiningTest-DesqCount-tfff-5-1-7-true-]" classname="de.uni_mannheim.desq.mining.Icdm16TraditionalMiningTest" time="0.001"/>
  <testcase name="test[Icdm16TraditionalMiningTest-DesqCount-tfff-5-2-1-false-]" classname="de.uni_mannheim.desq.mining.Icdm16TraditionalMiningTest" time="0"/>
  <testcase name="test[Icdm16TraditionalMiningTest-DesqCount-tfff-5-2-1-true-]" classname="de.uni_mannheim.desq.mining.Icdm16TraditionalMiningTest" time="0.001"/>
  <testcase name="test[Icdm16TraditionalMiningTest-DesqCount-tfff-5-2-3-false-]" classname="de.uni_mannheim.desq.mining.Icdm16TraditionalMiningTest" time="0"/>
  <testcase name="test[Icdm16TraditionalMiningTest-DesqCount-tfff-5-2-3-true-]" classname="de.uni_mannheim.desq.mining.Icdm16TraditionalMiningTest" time="0.001"/>
  <testcase name="test[Icdm16TraditionalMiningTest-DesqCount-tfff-5-2-5-false-]" classname="de.uni_mannheim.desq.mining.Icdm16TraditionalMiningTest" time="0"/>
  <testcase name="test[Icdm16TraditionalMiningTest-DesqCount-tfff-5-2-5-true-]" classname="de.uni_mannheim.desq.mining.Icdm16TraditionalMiningTest" time="0.001"/>
  <testcase name="test[Icdm16TraditionalMiningTest-DesqCount-tfff-5-2-7-false-]" classname="de.uni_mannheim.desq.mining.Icdm16TraditionalMiningTest" time="0.001"/>
  <testcase name="test[Icdm16TraditionalMiningTest-DesqCount-tfff-5-2-7-true-]" classname="de.uni_mannheim.desq.mining.Icdm16TraditionalMiningTest" time="0.001"/>
  <testcase name="test[Icdm16TraditionalMiningTest-DesqCount-tfff-7-0-1-false-]" classname="de.uni_mannheim.desq.mining.Icdm16TraditionalMiningTest" time="0"/>
  <testcase name="test[Icdm16TraditionalMiningTest-DesqCount-tfff-7-0-1-true-]" classname="de.uni_mannheim.desq.mining.Icdm16TraditionalMiningTest" time="0"/>
  <testcase name="test[Icdm16TraditionalMiningTest-DesqCount-tfff-7-0-3-false-]" classname="de.uni_mannheim.desq.mining.Icdm16TraditionalMiningTest" time="0"/>
  <testcase name="test[Icdm16TraditionalMiningTest-DesqCount-tfff-7-0-3-true-]" classname="de.uni_mannheim.desq.mining.Icdm16TraditionalMiningTest" time="0"/>
  <testcase name="test[Icdm16TraditionalMiningTest-DesqCount-tfff-7-0-5-false-]" classname="de.uni_mannheim.desq.mining.Icdm16TraditionalMiningTest" time="0.001"/>
  <testcase name="test[Icdm16TraditionalMiningTest-DesqCount-tfff-7-0-5-true-]" classname="de.uni_mannheim.desq.mining.Icdm16TraditionalMiningTest" time="0"/>
  <testcase name="test[Icdm16TraditionalMiningTest-DesqCount-tfff-7-0-7-false-]" classname="de.uni_mannheim.desq.mining.Icdm16TraditionalMiningTest" time="0.001"/>
  <testcase name="test[Icdm16TraditionalMiningTest-DesqCount-tfff-7-0-7-true-]" classname="de.uni_mannheim.desq.mining.Icdm16TraditionalMiningTest" time="0"/>
  <testcase name="test[Icdm16TraditionalMiningTest-DesqCount-tfff-7-1-1-false-]" classname="de.uni_mannheim.desq.mining.Icdm16TraditionalMiningTest" time="0.001"/>
  <testcase name="test[Icdm16TraditionalMiningTest-DesqCount-tfff-7-1-1-true-]" classname="de.uni_mannheim.desq.mining.Icdm16TraditionalMiningTest" time="0"/>
  <testcase name="test[Icdm16TraditionalMiningTest-DesqCount-tfff-7-1-3-false-]" classname="de.uni_mannheim.desq.mining.Icdm16TraditionalMiningTest" time="0.001"/>
  <testcase name="test[Icdm16TraditionalMiningTest-DesqCount-tfff-7-1-3-true-]" classname="de.uni_mannheim.desq.mining.Icdm16TraditionalMiningTest" time="0"/>
  <testcase name="test[Icdm16TraditionalMiningTest-DesqCount-tfff-7-1-5-false-]" classname="de.uni_mannheim.desq.mining.Icdm16TraditionalMiningTest" time="0.001"/>
  <testcase name="test[Icdm16TraditionalMiningTest-DesqCount-tfff-7-1-5-true-]" classname="de.uni_mannheim.desq.mining.Icdm16TraditionalMiningTest" time="0"/>
  <testcase name="test[Icdm16TraditionalMiningTest-DesqCount-tfff-7-1-7-false-]" classname="de.uni_mannheim.desq.mining.Icdm16TraditionalMiningTest" time="0.001"/>
  <testcase name="test[Icdm16TraditionalMiningTest-DesqCount-tfff-7-1-7-true-]" classname="de.uni_mannheim.desq.mining.Icdm16TraditionalMiningTest" time="0"/>
  <testcase name="test[Icdm16TraditionalMiningTest-DesqCount-tfff-7-2-1-false-]" classname="de.uni_mannheim.desq.mining.Icdm16TraditionalMiningTest" time="0.001"/>
  <testcase name="test[Icdm16TraditionalMiningTest-DesqCount-tfff-7-2-1-true-]" classname="de.uni_mannheim.desq.mining.Icdm16TraditionalMiningTest" time="0"/>
  <testcase name="test[Icdm16TraditionalMiningTest-DesqCount-tfff-7-2-3-false-]" classname="de.uni_mannheim.desq.mining.Icdm16TraditionalMiningTest" time="0.001"/>
  <testcase name="test[Icdm16TraditionalMiningTest-DesqCount-tfff-7-2-3-true-]" classname="de.uni_mannheim.desq.mining.Icdm16TraditionalMiningTest" time="0"/>
  <testcase name="test[Icdm16TraditionalMiningTest-DesqCount-tfff-7-2-5-false-]" classname="de.uni_mannheim.desq.mining.Icdm16TraditionalMiningTest" time="0.001"/>
  <testcase name="test[Icdm16TraditionalMiningTest-DesqCount-tfff-7-2-5-true-]" classname="de.uni_mannheim.desq.mining.Icdm16TraditionalMiningTest" time="0"/>
  <testcase name="test[Icdm16TraditionalMiningTest-DesqCount-tfff-7-2-7-false-]" classname="de.uni_mannheim.desq.mining.Icdm16TraditionalMiningTest" time="0.001"/>
  <testcase name="test[Icdm16TraditionalMiningTest-DesqCount-tfff-7-2-7-true-]" classname="de.uni_mannheim.desq.mining.Icdm16TraditionalMiningTest" time="0"/>
  <testcase name="test[Icdm16TraditionalMiningTest-DesqCount-ttff-1-0-1-false-]" classname="de.uni_mannheim.desq.mining.Icdm16TraditionalMiningTest" time="0.001"/>
  <testcase name="test[Icdm16TraditionalMiningTest-DesqCount-ttff-1-0-1-true-]" classname="de.uni_mannheim.desq.mining.Icdm16TraditionalMiningTest" time="0.001"/>
  <testcase name="test[Icdm16TraditionalMiningTest-DesqCount-ttff-1-0-3-false-]" classname="de.uni_mannheim.desq.mining.Icdm16TraditionalMiningTest" time="0"/>
  <testcase name="test[Icdm16TraditionalMiningTest-DesqCount-ttff-1-0-3-true-]" classname="de.uni_mannheim.desq.mining.Icdm16TraditionalMiningTest" time="0.001"/>
  <testcase name="test[Icdm16TraditionalMiningTest-DesqCount-ttff-1-0-5-false-]" classname="de.uni_mannheim.desq.mining.Icdm16TraditionalMiningTest" time="0.001"/>
  <testcase name="test[Icdm16TraditionalMiningTest-DesqCount-ttff-1-0-5-true-]" classname="de.uni_mannheim.desq.mining.Icdm16TraditionalMiningTest" time="0.002"/>
  <testcase name="test[Icdm16TraditionalMiningTest-DesqCount-ttff-1-0-7-false-]" classname="de.uni_mannheim.desq.mining.Icdm16TraditionalMiningTest" time="0.001"/>
  <testcase name="test[Icdm16TraditionalMiningTest-DesqCount-ttff-1-0-7-true-]" classname="de.uni_mannheim.desq.mining.Icdm16TraditionalMiningTest" time="0.002"/>
  <testcase name="test[Icdm16TraditionalMiningTest-DesqCount-ttff-1-1-1-false-]" classname="de.uni_mannheim.desq.mining.Icdm16TraditionalMiningTest" time="0"/>
  <testcase name="test[Icdm16TraditionalMiningTest-DesqCount-ttff-1-1-1-true-]" classname="de.uni_mannheim.desq.mining.Icdm16TraditionalMiningTest" time="0.001"/>
  <testcase name="test[Icdm16TraditionalMiningTest-DesqCount-ttff-1-1-3-false-]" classname="de.uni_mannheim.desq.mining.Icdm16TraditionalMiningTest" time="0.001"/>
  <testcase name="test[Icdm16TraditionalMiningTest-DesqCount-ttff-1-1-3-true-]" classname="de.uni_mannheim.desq.mining.Icdm16TraditionalMiningTest" time="0.001"/>
  <testcase name="test[Icdm16TraditionalMiningTest-DesqCount-ttff-1-1-5-false-]" classname="de.uni_mannheim.desq.mining.Icdm16TraditionalMiningTest" time="0.001"/>
  <testcase name="test[Icdm16TraditionalMiningTest-DesqCount-ttff-1-1-5-true-]" classname="de.uni_mannheim.desq.mining.Icdm16TraditionalMiningTest" time="0.002"/>
  <testcase name="test[Icdm16TraditionalMiningTest-DesqCount-ttff-1-1-7-false-]" classname="de.uni_mannheim.desq.mining.Icdm16TraditionalMiningTest" time="0.001"/>
  <testcase name="test[Icdm16TraditionalMiningTest-DesqCount-ttff-1-1-7-true-]" classname="de.uni_mannheim.desq.mining.Icdm16TraditionalMiningTest" time="0.003"/>
  <testcase name="test[Icdm16TraditionalMiningTest-DesqCount-ttff-1-2-1-false-]" classname="de.uni_mannheim.desq.mining.Icdm16TraditionalMiningTest" time="0"/>
  <testcase name="test[Icdm16TraditionalMiningTest-DesqCount-ttff-1-2-1-true-]" classname="de.uni_mannheim.desq.mining.Icdm16TraditionalMiningTest" time="0"/>
  <testcase name="test[Icdm16TraditionalMiningTest-DesqCount-ttff-1-2-3-false-]" classname="de.uni_mannheim.desq.mining.Icdm16TraditionalMiningTest" time="0.001"/>
  <testcase name="test[Icdm16TraditionalMiningTest-DesqCount-ttff-1-2-3-true-]" classname="de.uni_mannheim.desq.mining.Icdm16TraditionalMiningTest" time="0.001"/>
  <testcase name="test[Icdm16TraditionalMiningTest-DesqCount-ttff-1-2-5-false-]" classname="de.uni_mannheim.desq.mining.Icdm16TraditionalMiningTest" time="0.001"/>
  <testcase name="test[Icdm16TraditionalMiningTest-DesqCount-ttff-1-2-5-true-]" classname="de.uni_mannheim.desq.mining.Icdm16TraditionalMiningTest" time="0.003"/>
  <testcase name="test[Icdm16TraditionalMiningTest-DesqCount-ttff-1-2-7-false-]" classname="de.uni_mannheim.desq.mining.Icdm16TraditionalMiningTest" time="0.001"/>
  <testcase name="test[Icdm16TraditionalMiningTest-DesqCount-ttff-1-2-7-true-]" classname="de.uni_mannheim.desq.mining.Icdm16TraditionalMiningTest" time="0.003"/>
  <testcase name="test[Icdm16TraditionalMiningTest-DesqCount-ttff-3-0-1-false-]" classname="de.uni_mannheim.desq.mining.Icdm16TraditionalMiningTest" time="0"/>
  <testcase name="test[Icdm16TraditionalMiningTest-DesqCount-ttff-3-0-1-true-]" classname="de.uni_mannheim.desq.mining.Icdm16TraditionalMiningTest" time="0.001"/>
  <testcase name="test[Icdm16TraditionalMiningTest-DesqCount-ttff-3-0-3-false-]" classname="de.uni_mannheim.desq.mining.Icdm16TraditionalMiningTest" time="0"/>
  <testcase name="test[Icdm16TraditionalMiningTest-DesqCount-ttff-3-0-3-true-]" classname="de.uni_mannheim.desq.mining.Icdm16TraditionalMiningTest" time="0.001"/>
  <testcase name="test[Icdm16TraditionalMiningTest-DesqCount-ttff-3-0-5-false-]" classname="de.uni_mannheim.desq.mining.Icdm16TraditionalMiningTest" time="0.001"/>
  <testcase name="test[Icdm16TraditionalMiningTest-DesqCount-ttff-3-0-5-true-]" classname="de.uni_mannheim.desq.mining.Icdm16TraditionalMiningTest" time="0"/>
  <testcase name="test[Icdm16TraditionalMiningTest-DesqCount-ttff-3-0-7-false-]" classname="de.uni_mannheim.desq.mining.Icdm16TraditionalMiningTest" time="0.001"/>
  <testcase name="test[Icdm16TraditionalMiningTest-DesqCount-ttff-3-0-7-true-]" classname="de.uni_mannheim.desq.mining.Icdm16TraditionalMiningTest" time="0.001"/>
  <testcase name="test[Icdm16TraditionalMiningTest-DesqCount-ttff-3-1-1-false-]" classname="de.uni_mannheim.desq.mining.Icdm16TraditionalMiningTest" time="0"/>
  <testcase name="test[Icdm16TraditionalMiningTest-DesqCount-ttff-3-1-1-true-]" classname="de.uni_mannheim.desq.mining.Icdm16TraditionalMiningTest" time="0.001"/>
  <testcase name="test[Icdm16TraditionalMiningTest-DesqCount-ttff-3-1-3-false-]" classname="de.uni_mannheim.desq.mining.Icdm16TraditionalMiningTest" time="0"/>
  <testcase name="test[Icdm16TraditionalMiningTest-DesqCount-ttff-3-1-3-true-]" classname="de.uni_mannheim.desq.mining.Icdm16TraditionalMiningTest" time="0.001"/>
  <testcase name="test[Icdm16TraditionalMiningTest-DesqCount-ttff-3-1-5-false-]" classname="de.uni_mannheim.desq.mining.Icdm16TraditionalMiningTest" time="0.001"/>
  <testcase name="test[Icdm16TraditionalMiningTest-DesqCount-ttff-3-1-5-true-]" classname="de.uni_mannheim.desq.mining.Icdm16TraditionalMiningTest" time="0"/>
  <testcase name="test[Icdm16TraditionalMiningTest-DesqCount-ttff-3-1-7-false-]" classname="de.uni_mannheim.desq.mining.Icdm16TraditionalMiningTest" time="0.001"/>
  <testcase name="test[Icdm16TraditionalMiningTest-DesqCount-ttff-3-1-7-true-]" classname="de.uni_mannheim.desq.mining.Icdm16TraditionalMiningTest" time="0.001"/>
  <testcase name="test[Icdm16TraditionalMiningTest-DesqCount-ttff-3-2-1-false-]" classname="de.uni_mannheim.desq.mining.Icdm16TraditionalMiningTest" time="0"/>
  <testcase name="test[Icdm16TraditionalMiningTest-DesqCount-ttff-3-2-1-true-]" classname="de.uni_mannheim.desq.mining.Icdm16TraditionalMiningTest" time="0.001"/>
  <testcase name="test[Icdm16TraditionalMiningTest-DesqCount-ttff-3-2-3-false-]" classname="de.uni_mannheim.desq.mining.Icdm16TraditionalMiningTest" time="0"/>
  <testcase name="test[Icdm16TraditionalMiningTest-DesqCount-ttff-3-2-3-true-]" classname="de.uni_mannheim.desq.mining.Icdm16TraditionalMiningTest" time="0.001"/>
  <testcase name="test[Icdm16TraditionalMiningTest-DesqCount-ttff-3-2-5-false-]" classname="de.uni_mannheim.desq.mining.Icdm16TraditionalMiningTest" time="0.001"/>
  <testcase name="test[Icdm16TraditionalMiningTest-DesqCount-ttff-3-2-5-true-]" classname="de.uni_mannheim.desq.mining.Icdm16TraditionalMiningTest" time="0.001"/>
  <testcase name="test[Icdm16TraditionalMiningTest-DesqCount-ttff-3-2-7-false-]" classname="de.uni_mannheim.desq.mining.Icdm16TraditionalMiningTest" time="0.001"/>
  <testcase name="test[Icdm16TraditionalMiningTest-DesqCount-ttff-3-2-7-true-]" classname="de.uni_mannheim.desq.mining.Icdm16TraditionalMiningTest" time="0.004"/>
  <testcase name="test[Icdm16TraditionalMiningTest-DesqCount-ttff-5-0-1-false-]" classname="de.uni_mannheim.desq.mining.Icdm16TraditionalMiningTest" time="0"/>
  <testcase name="test[Icdm16TraditionalMiningTest-DesqCount-ttff-5-0-1-true-]" classname="de.uni_mannheim.desq.mining.Icdm16TraditionalMiningTest" time="0"/>
  <testcase name="test[Icdm16TraditionalMiningTest-DesqCount-ttff-5-0-3-false-]" classname="de.uni_mannheim.desq.mining.Icdm16TraditionalMiningTest" time="0"/>
  <testcase name="test[Icdm16TraditionalMiningTest-DesqCount-ttff-5-0-3-true-]" classname="de.uni_mannheim.desq.mining.Icdm16TraditionalMiningTest" time="0.001"/>
  <testcase name="test[Icdm16TraditionalMiningTest-DesqCount-ttff-5-0-5-false-]" classname="de.uni_mannheim.desq.mining.Icdm16TraditionalMiningTest" time="0"/>
  <testcase name="test[Icdm16TraditionalMiningTest-DesqCount-ttff-5-0-5-true-]" classname="de.uni_mannheim.desq.mining.Icdm16TraditionalMiningTest" time="0"/>
  <testcase name="test[Icdm16TraditionalMiningTest-DesqCount-ttff-5-0-7-false-]" classname="de.uni_mannheim.desq.mining.Icdm16TraditionalMiningTest" time="0.001"/>
  <testcase name="test[Icdm16TraditionalMiningTest-DesqCount-ttff-5-0-7-true-]" classname="de.uni_mannheim.desq.mining.Icdm16TraditionalMiningTest" time="0"/>
  <testcase name="test[Icdm16TraditionalMiningTest-DesqCount-ttff-5-1-1-false-]" classname="de.uni_mannheim.desq.mining.Icdm16TraditionalMiningTest" time="0.001"/>
  <testcase name="test[Icdm16TraditionalMiningTest-DesqCount-ttff-5-1-1-true-]" classname="de.uni_mannheim.desq.mining.Icdm16TraditionalMiningTest" time="0.001"/>
  <testcase name="test[Icdm16TraditionalMiningTest-DesqCount-ttff-5-1-3-false-]" classname="de.uni_mannheim.desq.mining.Icdm16TraditionalMiningTest" time="0.005"/>
  <testcase name="test[Icdm16TraditionalMiningTest-DesqCount-ttff-5-1-3-true-]" classname="de.uni_mannheim.desq.mining.Icdm16TraditionalMiningTest" time="0"/>
  <testcase name="test[Icdm16TraditionalMiningTest-DesqCount-ttff-5-1-5-false-]" classname="de.uni_mannheim.desq.mining.Icdm16TraditionalMiningTest" time="0"/>
  <testcase name="test[Icdm16TraditionalMiningTest-DesqCount-ttff-5-1-5-true-]" classname="de.uni_mannheim.desq.mining.Icdm16TraditionalMiningTest" time="0.001"/>
  <testcase name="test[Icdm16TraditionalMiningTest-DesqCount-ttff-5-1-7-false-]" classname="de.uni_mannheim.desq.mining.Icdm16TraditionalMiningTest" time="0.001"/>
  <testcase name="test[Icdm16TraditionalMiningTest-DesqCount-ttff-5-1-7-true-]" classname="de.uni_mannheim.desq.mining.Icdm16TraditionalMiningTest" time="0.001"/>
  <testcase name="test[Icdm16TraditionalMiningTest-DesqCount-ttff-5-2-1-false-]" classname="de.uni_mannheim.desq.mining.Icdm16TraditionalMiningTest" time="0"/>
  <testcase name="test[Icdm16TraditionalMiningTest-DesqCount-ttff-5-2-1-true-]" classname="de.uni_mannheim.desq.mining.Icdm16TraditionalMiningTest" time="0.001"/>
  <testcase name="test[Icdm16TraditionalMiningTest-DesqCount-ttff-5-2-3-false-]" classname="de.uni_mannheim.desq.mining.Icdm16TraditionalMiningTest" time="0"/>
  <testcase name="test[Icdm16TraditionalMiningTest-DesqCount-ttff-5-2-3-true-]" classname="de.uni_mannheim.desq.mining.Icdm16TraditionalMiningTest" time="0"/>
  <testcase name="test[Icdm16TraditionalMiningTest-DesqCount-ttff-5-2-5-false-]" classname="de.uni_mannheim.desq.mining.Icdm16TraditionalMiningTest" time="0.001"/>
  <testcase name="test[Icdm16TraditionalMiningTest-DesqCount-ttff-5-2-5-true-]" classname="de.uni_mannheim.desq.mining.Icdm16TraditionalMiningTest" time="0.001"/>
  <testcase name="test[Icdm16TraditionalMiningTest-DesqCount-ttff-5-2-7-false-]" classname="de.uni_mannheim.desq.mining.Icdm16TraditionalMiningTest" time="0"/>
  <testcase name="test[Icdm16TraditionalMiningTest-DesqCount-ttff-5-2-7-true-]" classname="de.uni_mannheim.desq.mining.Icdm16TraditionalMiningTest" time="0.001"/>
  <testcase name="test[Icdm16TraditionalMiningTest-DesqCount-ttff-7-0-1-false-]" classname="de.uni_mannheim.desq.mining.Icdm16TraditionalMiningTest" time="0.001"/>
  <testcase name="test[Icdm16TraditionalMiningTest-DesqCount-ttff-7-0-1-true-]" classname="de.uni_mannheim.desq.mining.Icdm16TraditionalMiningTest" time="0"/>
  <testcase name="test[Icdm16TraditionalMiningTest-DesqCount-ttff-7-0-3-false-]" classname="de.uni_mannheim.desq.mining.Icdm16TraditionalMiningTest" time="0.001"/>
  <testcase name="test[Icdm16TraditionalMiningTest-DesqCount-ttff-7-0-3-true-]" classname="de.uni_mannheim.desq.mining.Icdm16TraditionalMiningTest" time="0"/>
  <testcase name="test[Icdm16TraditionalMiningTest-DesqCount-ttff-7-0-5-false-]" classname="de.uni_mannheim.desq.mining.Icdm16TraditionalMiningTest" time="0"/>
  <testcase name="test[Icdm16TraditionalMiningTest-DesqCount-ttff-7-0-5-true-]" classname="de.uni_mannheim.desq.mining.Icdm16TraditionalMiningTest" time="0.001"/>
  <testcase name="test[Icdm16TraditionalMiningTest-DesqCount-ttff-7-0-7-false-]" classname="de.uni_mannheim.desq.mining.Icdm16TraditionalMiningTest" time="0"/>
  <testcase name="test[Icdm16TraditionalMiningTest-DesqCount-ttff-7-0-7-true-]" classname="de.uni_mannheim.desq.mining.Icdm16TraditionalMiningTest" time="0.001"/>
  <testcase name="test[Icdm16TraditionalMiningTest-DesqCount-ttff-7-1-1-false-]" classname="de.uni_mannheim.desq.mining.Icdm16TraditionalMiningTest" time="0"/>
  <testcase name="test[Icdm16TraditionalMiningTest-DesqCount-ttff-7-1-1-true-]" classname="de.uni_mannheim.desq.mining.Icdm16TraditionalMiningTest" time="0.001"/>
  <testcase name="test[Icdm16TraditionalMiningTest-DesqCount-ttff-7-1-3-false-]" classname="de.uni_mannheim.desq.mining.Icdm16TraditionalMiningTest" time="0"/>
  <testcase name="test[Icdm16TraditionalMiningTest-DesqCount-ttff-7-1-3-true-]" classname="de.uni_mannheim.desq.mining.Icdm16TraditionalMiningTest" time="0.001"/>
  <testcase name="test[Icdm16TraditionalMiningTest-DesqCount-ttff-7-1-5-false-]" classname="de.uni_mannheim.desq.mining.Icdm16TraditionalMiningTest" time="0"/>
  <testcase name="test[Icdm16TraditionalMiningTest-DesqCount-ttff-7-1-5-true-]" classname="de.uni_mannheim.desq.mining.Icdm16TraditionalMiningTest" time="0.001"/>
  <testcase name="test[Icdm16TraditionalMiningTest-DesqCount-ttff-7-1-7-false-]" classname="de.uni_mannheim.desq.mining.Icdm16TraditionalMiningTest" time="0"/>
  <testcase name="test[Icdm16TraditionalMiningTest-DesqCount-ttff-7-1-7-true-]" classname="de.uni_mannheim.desq.mining.Icdm16TraditionalMiningTest" time="0.001"/>
  <testcase name="test[Icdm16TraditionalMiningTest-DesqCount-ttff-7-2-1-false-]" classname="de.uni_mannheim.desq.mining.Icdm16TraditionalMiningTest" time="0"/>
  <testcase name="test[Icdm16TraditionalMiningTest-DesqCount-ttff-7-2-1-true-]" classname="de.uni_mannheim.desq.mining.Icdm16TraditionalMiningTest" time="0"/>
  <testcase name="test[Icdm16TraditionalMiningTest-DesqCount-ttff-7-2-3-false-]" classname="de.uni_mannheim.desq.mining.Icdm16TraditionalMiningTest" time="0.001"/>
  <testcase name="test[Icdm16TraditionalMiningTest-DesqCount-ttff-7-2-3-true-]" classname="de.uni_mannheim.desq.mining.Icdm16TraditionalMiningTest" time="0"/>
  <testcase name="test[Icdm16TraditionalMiningTest-DesqCount-ttff-7-2-5-false-]" classname="de.uni_mannheim.desq.mining.Icdm16TraditionalMiningTest" time="0.001"/>
  <testcase name="test[Icdm16TraditionalMiningTest-DesqCount-ttff-7-2-5-true-]" classname="de.uni_mannheim.desq.mining.Icdm16TraditionalMiningTest" time="0"/>
  <testcase name="test[Icdm16TraditionalMiningTest-DesqCount-ttff-7-2-7-false-]" classname="de.uni_mannheim.desq.mining.Icdm16TraditionalMiningTest" time="0.001"/>
  <testcase name="test[Icdm16TraditionalMiningTest-DesqCount-ttff-7-2-7-true-]" classname="de.uni_mannheim.desq.mining.Icdm16TraditionalMiningTest" time="0.001"/>
  <testcase name="test[Icdm16TraditionalMiningTest-DesqCount-ttft-1-0-1-false-]" classname="de.uni_mannheim.desq.mining.Icdm16TraditionalMiningTest" time="0"/>
  <testcase name="test[Icdm16TraditionalMiningTest-DesqCount-ttft-1-0-1-true-]" classname="de.uni_mannheim.desq.mining.Icdm16TraditionalMiningTest" time="0.001"/>
  <testcase name="test[Icdm16TraditionalMiningTest-DesqCount-ttft-1-0-3-false-]" classname="de.uni_mannheim.desq.mining.Icdm16TraditionalMiningTest" time="0"/>
  <testcase name="test[Icdm16TraditionalMiningTest-DesqCount-ttft-1-0-3-true-]" classname="de.uni_mannheim.desq.mining.Icdm16TraditionalMiningTest" time="0.001"/>
  <testcase name="test[Icdm16TraditionalMiningTest-DesqCount-ttft-1-0-5-false-]" classname="de.uni_mannheim.desq.mining.Icdm16TraditionalMiningTest" time="0.001"/>
  <testcase name="test[Icdm16TraditionalMiningTest-DesqCount-ttft-1-0-5-true-]" classname="de.uni_mannheim.desq.mining.Icdm16TraditionalMiningTest" time="0.002"/>
  <testcase name="test[Icdm16TraditionalMiningTest-DesqCount-ttft-1-0-7-false-]" classname="de.uni_mannheim.desq.mining.Icdm16TraditionalMiningTest" time="0.001"/>
  <testcase name="test[Icdm16TraditionalMiningTest-DesqCount-ttft-1-0-7-true-]" classname="de.uni_mannheim.desq.mining.Icdm16TraditionalMiningTest" time="0.002"/>
  <testcase name="test[Icdm16TraditionalMiningTest-DesqCount-ttft-1-1-1-false-]" classname="de.uni_mannheim.desq.mining.Icdm16TraditionalMiningTest" time="0"/>
  <testcase name="test[Icdm16TraditionalMiningTest-DesqCount-ttft-1-1-1-true-]" classname="de.uni_mannheim.desq.mining.Icdm16TraditionalMiningTest" time="0.001"/>
  <testcase name="test[Icdm16TraditionalMiningTest-DesqCount-ttft-1-1-3-false-]" classname="de.uni_mannheim.desq.mining.Icdm16TraditionalMiningTest" time="0.001"/>
  <testcase name="test[Icdm16TraditionalMiningTest-DesqCount-ttft-1-1-3-true-]" classname="de.uni_mannheim.desq.mining.Icdm16TraditionalMiningTest" time="0.001"/>
  <testcase name="test[Icdm16TraditionalMiningTest-DesqCount-ttft-1-1-5-false-]" classname="de.uni_mannheim.desq.mining.Icdm16TraditionalMiningTest" time="0.001"/>
  <testcase name="test[Icdm16TraditionalMiningTest-DesqCount-ttft-1-1-5-true-]" classname="de.uni_mannheim.desq.mining.Icdm16TraditionalMiningTest" time="0.002"/>
  <testcase name="test[Icdm16TraditionalMiningTest-DesqCount-ttft-1-1-7-false-]" classname="de.uni_mannheim.desq.mining.Icdm16TraditionalMiningTest" time="0.001"/>
  <testcase name="test[Icdm16TraditionalMiningTest-DesqCount-ttft-1-1-7-true-]" classname="de.uni_mannheim.desq.mining.Icdm16TraditionalMiningTest" time="0.003"/>
  <testcase name="test[Icdm16TraditionalMiningTest-DesqCount-ttft-1-2-1-false-]" classname="de.uni_mannheim.desq.mining.Icdm16TraditionalMiningTest" time="0.001"/>
  <testcase name="test[Icdm16TraditionalMiningTest-DesqCount-ttft-1-2-1-true-]" classname="de.uni_mannheim.desq.mining.Icdm16TraditionalMiningTest" time="0"/>
  <testcase name="test[Icdm16TraditionalMiningTest-DesqCount-ttft-1-2-3-false-]" classname="de.uni_mannheim.desq.mining.Icdm16TraditionalMiningTest" time="0.001"/>
  <testcase name="test[Icdm16TraditionalMiningTest-DesqCount-ttft-1-2-3-true-]" classname="de.uni_mannheim.desq.mining.Icdm16TraditionalMiningTest" time="0.001"/>
  <testcase name="test[Icdm16TraditionalMiningTest-DesqCount-ttft-1-2-5-false-]" classname="de.uni_mannheim.desq.mining.Icdm16TraditionalMiningTest" time="0.001"/>
  <testcase name="test[Icdm16TraditionalMiningTest-DesqCount-ttft-1-2-5-true-]" classname="de.uni_mannheim.desq.mining.Icdm16TraditionalMiningTest" time="0.003"/>
  <testcase name="test[Icdm16TraditionalMiningTest-DesqCount-ttft-1-2-7-false-]" classname="de.uni_mannheim.desq.mining.Icdm16TraditionalMiningTest" time="0.001"/>
  <testcase name="test[Icdm16TraditionalMiningTest-DesqCount-ttft-1-2-7-true-]" classname="de.uni_mannheim.desq.mining.Icdm16TraditionalMiningTest" time="0.003"/>
  <testcase name="test[Icdm16TraditionalMiningTest-DesqCount-ttft-3-0-1-false-]" classname="de.uni_mannheim.desq.mining.Icdm16TraditionalMiningTest" time="0.001"/>
  <testcase name="test[Icdm16TraditionalMiningTest-DesqCount-ttft-3-0-1-true-]" classname="de.uni_mannheim.desq.mining.Icdm16TraditionalMiningTest" time="0"/>
  <testcase name="test[Icdm16TraditionalMiningTest-DesqCount-ttft-3-0-3-false-]" classname="de.uni_mannheim.desq.mining.Icdm16TraditionalMiningTest" time="0.001"/>
  <testcase name="test[Icdm16TraditionalMiningTest-DesqCount-ttft-3-0-3-true-]" classname="de.uni_mannheim.desq.mining.Icdm16TraditionalMiningTest" time="0"/>
  <testcase name="test[Icdm16TraditionalMiningTest-DesqCount-ttft-3-0-5-false-]" classname="de.uni_mannheim.desq.mining.Icdm16TraditionalMiningTest" time="0.001"/>
  <testcase name="test[Icdm16TraditionalMiningTest-DesqCount-ttft-3-0-5-true-]" classname="de.uni_mannheim.desq.mining.Icdm16TraditionalMiningTest" time="0.001"/>
  <testcase name="test[Icdm16TraditionalMiningTest-DesqCount-ttft-3-0-7-false-]" classname="de.uni_mannheim.desq.mining.Icdm16TraditionalMiningTest" time="0"/>
  <testcase name="test[Icdm16TraditionalMiningTest-DesqCount-ttft-3-0-7-true-]" classname="de.uni_mannheim.desq.mining.Icdm16TraditionalMiningTest" time="0.001"/>
  <testcase name="test[Icdm16TraditionalMiningTest-DesqCount-ttft-3-1-1-false-]" classname="de.uni_mannheim.desq.mining.Icdm16TraditionalMiningTest" time="0.001"/>
  <testcase name="test[Icdm16TraditionalMiningTest-DesqCount-ttft-3-1-1-true-]" classname="de.uni_mannheim.desq.mining.Icdm16TraditionalMiningTest" time="0"/>
  <testcase name="test[Icdm16TraditionalMiningTest-DesqCount-ttft-3-1-3-false-]" classname="de.uni_mannheim.desq.mining.Icdm16TraditionalMiningTest" time="0.001"/>
  <testcase name="test[Icdm16TraditionalMiningTest-DesqCount-ttft-3-1-3-true-]" classname="de.uni_mannheim.desq.mining.Icdm16TraditionalMiningTest" time="0"/>
  <testcase name="test[Icdm16TraditionalMiningTest-DesqCount-ttft-3-1-5-false-]" classname="de.uni_mannheim.desq.mining.Icdm16TraditionalMiningTest" time="0.001"/>
  <testcase name="test[Icdm16TraditionalMiningTest-DesqCount-ttft-3-1-5-true-]" classname="de.uni_mannheim.desq.mining.Icdm16TraditionalMiningTest" time="0.001"/>
  <testcase name="test[Icdm16TraditionalMiningTest-DesqCount-ttft-3-1-7-false-]" classname="de.uni_mannheim.desq.mining.Icdm16TraditionalMiningTest" time="0.001"/>
  <testcase name="test[Icdm16TraditionalMiningTest-DesqCount-ttft-3-1-7-true-]" classname="de.uni_mannheim.desq.mining.Icdm16TraditionalMiningTest" time="0"/>
  <testcase name="test[Icdm16TraditionalMiningTest-DesqCount-ttft-3-2-1-false-]" classname="de.uni_mannheim.desq.mining.Icdm16TraditionalMiningTest" time="0.001"/>
  <testcase name="test[Icdm16TraditionalMiningTest-DesqCount-ttft-3-2-1-true-]" classname="de.uni_mannheim.desq.mining.Icdm16TraditionalMiningTest" time="0.001"/>
  <testcase name="test[Icdm16TraditionalMiningTest-DesqCount-ttft-3-2-3-false-]" classname="de.uni_mannheim.desq.mining.Icdm16TraditionalMiningTest" time="0"/>
  <testcase name="test[Icdm16TraditionalMiningTest-DesqCount-ttft-3-2-3-true-]" classname="de.uni_mannheim.desq.mining.Icdm16TraditionalMiningTest" time="0.001"/>
  <testcase name="test[Icdm16TraditionalMiningTest-DesqCount-ttft-3-2-5-false-]" classname="de.uni_mannheim.desq.mining.Icdm16TraditionalMiningTest" time="0.001"/>
  <testcase name="test[Icdm16TraditionalMiningTest-DesqCount-ttft-3-2-5-true-]" classname="de.uni_mannheim.desq.mining.Icdm16TraditionalMiningTest" time="0"/>
  <testcase name="test[Icdm16TraditionalMiningTest-DesqCount-ttft-3-2-7-false-]" classname="de.uni_mannheim.desq.mining.Icdm16TraditionalMiningTest" time="0.001"/>
  <testcase name="test[Icdm16TraditionalMiningTest-DesqCount-ttft-3-2-7-true-]" classname="de.uni_mannheim.desq.mining.Icdm16TraditionalMiningTest" time="0.001"/>
  <testcase name="test[Icdm16TraditionalMiningTest-DesqCount-ttft-5-0-1-false-]" classname="de.uni_mannheim.desq.mining.Icdm16TraditionalMiningTest" time="0.001"/>
  <testcase name="test[Icdm16TraditionalMiningTest-DesqCount-ttft-5-0-1-true-]" classname="de.uni_mannheim.desq.mining.Icdm16TraditionalMiningTest" time="0"/>
  <testcase name="test[Icdm16TraditionalMiningTest-DesqCount-ttft-5-0-3-false-]" classname="de.uni_mannheim.desq.mining.Icdm16TraditionalMiningTest" time="0.001"/>
  <testcase name="test[Icdm16TraditionalMiningTest-DesqCount-ttft-5-0-3-true-]" classname="de.uni_mannheim.desq.mining.Icdm16TraditionalMiningTest" time="0"/>
  <testcase name="test[Icdm16TraditionalMiningTest-DesqCount-ttft-5-0-5-false-]" classname="de.uni_mannheim.desq.mining.Icdm16TraditionalMiningTest" time="0.001"/>
  <testcase name="test[Icdm16TraditionalMiningTest-DesqCount-ttft-5-0-5-true-]" classname="de.uni_mannheim.desq.mining.Icdm16TraditionalMiningTest" time="0"/>
  <testcase name="test[Icdm16TraditionalMiningTest-DesqCount-ttft-5-0-7-false-]" classname="de.uni_mannheim.desq.mining.Icdm16TraditionalMiningTest" time="0.001"/>
  <testcase name="test[Icdm16TraditionalMiningTest-DesqCount-ttft-5-0-7-true-]" classname="de.uni_mannheim.desq.mining.Icdm16TraditionalMiningTest" time="0.001"/>
  <testcase name="test[Icdm16TraditionalMiningTest-DesqCount-ttft-5-1-1-false-]" classname="de.uni_mannheim.desq.mining.Icdm16TraditionalMiningTest" time="0"/>
  <testcase name="test[Icdm16TraditionalMiningTest-DesqCount-ttft-5-1-1-true-]" classname="de.uni_mannheim.desq.mining.Icdm16TraditionalMiningTest" time="0.001"/>
  <testcase name="test[Icdm16TraditionalMiningTest-DesqCount-ttft-5-1-3-false-]" classname="de.uni_mannheim.desq.mining.Icdm16TraditionalMiningTest" time="0"/>
  <testcase name="test[Icdm16TraditionalMiningTest-DesqCount-ttft-5-1-3-true-]" classname="de.uni_mannheim.desq.mining.Icdm16TraditionalMiningTest" time="0.001"/>
  <testcase name="test[Icdm16TraditionalMiningTest-DesqCount-ttft-5-1-5-false-]" classname="de.uni_mannheim.desq.mining.Icdm16TraditionalMiningTest" time="0.001"/>
  <testcase name="test[Icdm16TraditionalMiningTest-DesqCount-ttft-5-1-5-true-]" classname="de.uni_mannheim.desq.mining.Icdm16TraditionalMiningTest" time="0"/>
  <testcase name="test[Icdm16TraditionalMiningTest-DesqCount-ttft-5-1-7-false-]" classname="de.uni_mannheim.desq.mining.Icdm16TraditionalMiningTest" time="0.001"/>
  <testcase name="test[Icdm16TraditionalMiningTest-DesqCount-ttft-5-1-7-true-]" classname="de.uni_mannheim.desq.mining.Icdm16TraditionalMiningTest" time="0.001"/>
  <testcase name="test[Icdm16TraditionalMiningTest-DesqCount-ttft-5-2-1-false-]" classname="de.uni_mannheim.desq.mining.Icdm16TraditionalMiningTest" time="0"/>
  <testcase name="test[Icdm16TraditionalMiningTest-DesqCount-ttft-5-2-1-true-]" classname="de.uni_mannheim.desq.mining.Icdm16TraditionalMiningTest" time="0.001"/>
  <testcase name="test[Icdm16TraditionalMiningTest-DesqCount-ttft-5-2-3-false-]" classname="de.uni_mannheim.desq.mining.Icdm16TraditionalMiningTest" time="0"/>
  <testcase name="test[Icdm16TraditionalMiningTest-DesqCount-ttft-5-2-3-true-]" classname="de.uni_mannheim.desq.mining.Icdm16TraditionalMiningTest" time="0.001"/>
  <testcase name="test[Icdm16TraditionalMiningTest-DesqCount-ttft-5-2-5-false-]" classname="de.uni_mannheim.desq.mining.Icdm16TraditionalMiningTest" time="0.001"/>
  <testcase name="test[Icdm16TraditionalMiningTest-DesqCount-ttft-5-2-5-true-]" classname="de.uni_mannheim.desq.mining.Icdm16TraditionalMiningTest" time="0.004"/>
  <testcase name="test[Icdm16TraditionalMiningTest-DesqCount-ttft-5-2-7-false-]" classname="de.uni_mannheim.desq.mining.Icdm16TraditionalMiningTest" time="0.005"/>
  <testcase name="test[Icdm16TraditionalMiningTest-DesqCount-ttft-5-2-7-true-]" classname="de.uni_mannheim.desq.mining.Icdm16TraditionalMiningTest" time="0.007"/>
  <testcase name="test[Icdm16TraditionalMiningTest-DesqCount-ttft-7-0-1-false-]" classname="de.uni_mannheim.desq.mining.Icdm16TraditionalMiningTest" time="0"/>
  <testcase name="test[Icdm16TraditionalMiningTest-DesqCount-ttft-7-0-1-true-]" classname="de.uni_mannheim.desq.mining.Icdm16TraditionalMiningTest" time="0"/>
  <testcase name="test[Icdm16TraditionalMiningTest-DesqCount-ttft-7-0-3-false-]" classname="de.uni_mannheim.desq.mining.Icdm16TraditionalMiningTest" time="0"/>
  <testcase name="test[Icdm16TraditionalMiningTest-DesqCount-ttft-7-0-3-true-]" classname="de.uni_mannheim.desq.mining.Icdm16TraditionalMiningTest" time="0"/>
  <testcase name="test[Icdm16TraditionalMiningTest-DesqCount-ttft-7-0-5-false-]" classname="de.uni_mannheim.desq.mining.Icdm16TraditionalMiningTest" time="0"/>
  <testcase name="test[Icdm16TraditionalMiningTest-DesqCount-ttft-7-0-5-true-]" classname="de.uni_mannheim.desq.mining.Icdm16TraditionalMiningTest" time="0"/>
  <testcase name="test[Icdm16TraditionalMiningTest-DesqCount-ttft-7-0-7-false-]" classname="de.uni_mannheim.desq.mining.Icdm16TraditionalMiningTest" time="0.001"/>
  <testcase name="test[Icdm16TraditionalMiningTest-DesqCount-ttft-7-0-7-true-]" classname="de.uni_mannheim.desq.mining.Icdm16TraditionalMiningTest" time="0.001"/>
  <testcase name="test[Icdm16TraditionalMiningTest-DesqCount-ttft-7-1-1-false-]" classname="de.uni_mannheim.desq.mining.Icdm16TraditionalMiningTest" time="0"/>
  <testcase name="test[Icdm16TraditionalMiningTest-DesqCount-ttft-7-1-1-true-]" classname="de.uni_mannheim.desq.mining.Icdm16TraditionalMiningTest" time="0.001"/>
  <testcase name="test[Icdm16TraditionalMiningTest-DesqCount-ttft-7-1-3-false-]" classname="de.uni_mannheim.desq.mining.Icdm16TraditionalMiningTest" time="0.001"/>
  <testcase name="test[Icdm16TraditionalMiningTest-DesqCount-ttft-7-1-3-true-]" classname="de.uni_mannheim.desq.mining.Icdm16TraditionalMiningTest" time="0.001"/>
  <testcase name="test[Icdm16TraditionalMiningTest-DesqCount-ttft-7-1-5-false-]" classname="de.uni_mannheim.desq.mining.Icdm16TraditionalMiningTest" time="0"/>
  <testcase name="test[Icdm16TraditionalMiningTest-DesqCount-ttft-7-1-5-true-]" classname="de.uni_mannheim.desq.mining.Icdm16TraditionalMiningTest" time="0.001"/>
  <testcase name="test[Icdm16TraditionalMiningTest-DesqCount-ttft-7-1-7-false-]" classname="de.uni_mannheim.desq.mining.Icdm16TraditionalMiningTest" time="0.001"/>
  <testcase name="test[Icdm16TraditionalMiningTest-DesqCount-ttft-7-1-7-true-]" classname="de.uni_mannheim.desq.mining.Icdm16TraditionalMiningTest" time="0"/>
  <testcase name="test[Icdm16TraditionalMiningTest-DesqCount-ttft-7-2-1-false-]" classname="de.uni_mannheim.desq.mining.Icdm16TraditionalMiningTest" time="0"/>
  <testcase name="test[Icdm16TraditionalMiningTest-DesqCount-ttft-7-2-1-true-]" classname="de.uni_mannheim.desq.mining.Icdm16TraditionalMiningTest" time="0"/>
  <testcase name="test[Icdm16TraditionalMiningTest-DesqCount-ttft-7-2-3-false-]" classname="de.uni_mannheim.desq.mining.Icdm16TraditionalMiningTest" time="0"/>
  <testcase name="test[Icdm16TraditionalMiningTest-DesqCount-ttft-7-2-3-true-]" classname="de.uni_mannheim.desq.mining.Icdm16TraditionalMiningTest" time="0.001"/>
  <testcase name="test[Icdm16TraditionalMiningTest-DesqCount-ttft-7-2-5-false-]" classname="de.uni_mannheim.desq.mining.Icdm16TraditionalMiningTest" time="0"/>
  <testcase name="test[Icdm16TraditionalMiningTest-DesqCount-ttft-7-2-5-true-]" classname="de.uni_mannheim.desq.mining.Icdm16TraditionalMiningTest" time="0.001"/>
  <testcase name="test[Icdm16TraditionalMiningTest-DesqCount-ttft-7-2-7-false-]" classname="de.uni_mannheim.desq.mining.Icdm16TraditionalMiningTest" time="0"/>
  <testcase name="test[Icdm16TraditionalMiningTest-DesqCount-ttft-7-2-7-true-]" classname="de.uni_mannheim.desq.mining.Icdm16TraditionalMiningTest" time="0"/>
  <testcase name="test[Icdm16TraditionalMiningTest-DesqCount-tttf-1-0-1-false-]" classname="de.uni_mannheim.desq.mining.Icdm16TraditionalMiningTest" time="0.001"/>
  <testcase name="test[Icdm16TraditionalMiningTest-DesqCount-tttf-1-0-1-true-]" classname="de.uni_mannheim.desq.mining.Icdm16TraditionalMiningTest" time="0"/>
  <testcase name="test[Icdm16TraditionalMiningTest-DesqCount-tttf-1-0-3-false-]" classname="de.uni_mannheim.desq.mining.Icdm16TraditionalMiningTest" time="0.001"/>
  <testcase name="test[Icdm16TraditionalMiningTest-DesqCount-tttf-1-0-3-true-]" classname="de.uni_mannheim.desq.mining.Icdm16TraditionalMiningTest" time="0.001"/>
  <testcase name="test[Icdm16TraditionalMiningTest-DesqCount-tttf-1-0-5-false-]" classname="de.uni_mannheim.desq.mining.Icdm16TraditionalMiningTest" time="0.001"/>
  <testcase name="test[Icdm16TraditionalMiningTest-DesqCount-tttf-1-0-5-true-]" classname="de.uni_mannheim.desq.mining.Icdm16TraditionalMiningTest" time="0.001"/>
  <testcase name="test[Icdm16TraditionalMiningTest-DesqCount-tttf-1-0-7-false-]" classname="de.uni_mannheim.desq.mining.Icdm16TraditionalMiningTest" time="0.001"/>
  <testcase name="test[Icdm16TraditionalMiningTest-DesqCount-tttf-1-0-7-true-]" classname="de.uni_mannheim.desq.mining.Icdm16TraditionalMiningTest" time="0.002"/>
  <testcase name="test[Icdm16TraditionalMiningTest-DesqCount-tttf-1-1-1-false-]" classname="de.uni_mannheim.desq.mining.Icdm16TraditionalMiningTest" time="0.001"/>
  <testcase name="test[Icdm16TraditionalMiningTest-DesqCount-tttf-1-1-1-true-]" classname="de.uni_mannheim.desq.mining.Icdm16TraditionalMiningTest" time="0"/>
  <testcase name="test[Icdm16TraditionalMiningTest-DesqCount-tttf-1-1-3-false-]" classname="de.uni_mannheim.desq.mining.Icdm16TraditionalMiningTest" time="0.001"/>
  <testcase name="test[Icdm16TraditionalMiningTest-DesqCount-tttf-1-1-3-true-]" classname="de.uni_mannheim.desq.mining.Icdm16TraditionalMiningTest" time="0.001"/>
  <testcase name="test[Icdm16TraditionalMiningTest-DesqCount-tttf-1-1-5-false-]" classname="de.uni_mannheim.desq.mining.Icdm16TraditionalMiningTest" time="0.001"/>
  <testcase name="test[Icdm16TraditionalMiningTest-DesqCount-tttf-1-1-5-true-]" classname="de.uni_mannheim.desq.mining.Icdm16TraditionalMiningTest" time="0.003"/>
  <testcase name="test[Icdm16TraditionalMiningTest-DesqCount-tttf-1-1-7-false-]" classname="de.uni_mannheim.desq.mining.Icdm16TraditionalMiningTest" time="0.001"/>
  <testcase name="test[Icdm16TraditionalMiningTest-DesqCount-tttf-1-1-7-true-]" classname="de.uni_mannheim.desq.mining.Icdm16TraditionalMiningTest" time="0.002"/>
  <testcase name="test[Icdm16TraditionalMiningTest-DesqCount-tttf-1-2-1-false-]" classname="de.uni_mannheim.desq.mining.Icdm16TraditionalMiningTest" time="0.001"/>
  <testcase name="test[Icdm16TraditionalMiningTest-DesqCount-tttf-1-2-1-true-]" classname="de.uni_mannheim.desq.mining.Icdm16TraditionalMiningTest" time="0"/>
  <testcase name="test[Icdm16TraditionalMiningTest-DesqCount-tttf-1-2-3-false-]" classname="de.uni_mannheim.desq.mining.Icdm16TraditionalMiningTest" time="0"/>
  <testcase name="test[Icdm16TraditionalMiningTest-DesqCount-tttf-1-2-3-true-]" classname="de.uni_mannheim.desq.mining.Icdm16TraditionalMiningTest" time="0.002"/>
  <testcase name="test[Icdm16TraditionalMiningTest-DesqCount-tttf-1-2-5-false-]" classname="de.uni_mannheim.desq.mining.Icdm16TraditionalMiningTest" time="0.001"/>
  <testcase name="test[Icdm16TraditionalMiningTest-DesqCount-tttf-1-2-5-true-]" classname="de.uni_mannheim.desq.mining.Icdm16TraditionalMiningTest" time="0.002"/>
  <testcase name="test[Icdm16TraditionalMiningTest-DesqCount-tttf-1-2-7-false-]" classname="de.uni_mannheim.desq.mining.Icdm16TraditionalMiningTest" time="0.001"/>
  <testcase name="test[Icdm16TraditionalMiningTest-DesqCount-tttf-1-2-7-true-]" classname="de.uni_mannheim.desq.mining.Icdm16TraditionalMiningTest" time="0.003"/>
  <testcase name="test[Icdm16TraditionalMiningTest-DesqCount-tttf-3-0-1-false-]" classname="de.uni_mannheim.desq.mining.Icdm16TraditionalMiningTest" time="0.001"/>
  <testcase name="test[Icdm16TraditionalMiningTest-DesqCount-tttf-3-0-1-true-]" classname="de.uni_mannheim.desq.mining.Icdm16TraditionalMiningTest" time="0"/>
  <testcase name="test[Icdm16TraditionalMiningTest-DesqCount-tttf-3-0-3-false-]" classname="de.uni_mannheim.desq.mining.Icdm16TraditionalMiningTest" time="0.001"/>
  <testcase name="test[Icdm16TraditionalMiningTest-DesqCount-tttf-3-0-3-true-]" classname="de.uni_mannheim.desq.mining.Icdm16TraditionalMiningTest" time="0"/>
  <testcase name="test[Icdm16TraditionalMiningTest-DesqCount-tttf-3-0-5-false-]" classname="de.uni_mannheim.desq.mining.Icdm16TraditionalMiningTest" time="0.001"/>
  <testcase name="test[Icdm16TraditionalMiningTest-DesqCount-tttf-3-0-5-true-]" classname="de.uni_mannheim.desq.mining.Icdm16TraditionalMiningTest" time="0.001"/>
  <testcase name="test[Icdm16TraditionalMiningTest-DesqCount-tttf-3-0-7-false-]" classname="de.uni_mannheim.desq.mining.Icdm16TraditionalMiningTest" time="0"/>
  <testcase name="test[Icdm16TraditionalMiningTest-DesqCount-tttf-3-0-7-true-]" classname="de.uni_mannheim.desq.mining.Icdm16TraditionalMiningTest" time="0.001"/>
  <testcase name="test[Icdm16TraditionalMiningTest-DesqCount-tttf-3-1-1-false-]" classname="de.uni_mannheim.desq.mining.Icdm16TraditionalMiningTest" time="0.001"/>
  <testcase name="test[Icdm16TraditionalMiningTest-DesqCount-tttf-3-1-1-true-]" classname="de.uni_mannheim.desq.mining.Icdm16TraditionalMiningTest" time="0"/>
  <testcase name="test[Icdm16TraditionalMiningTest-DesqCount-tttf-3-1-3-false-]" classname="de.uni_mannheim.desq.mining.Icdm16TraditionalMiningTest" time="0.001"/>
  <testcase name="test[Icdm16TraditionalMiningTest-DesqCount-tttf-3-1-3-true-]" classname="de.uni_mannheim.desq.mining.Icdm16TraditionalMiningTest" time="0"/>
  <testcase name="test[Icdm16TraditionalMiningTest-DesqCount-tttf-3-1-5-false-]" classname="de.uni_mannheim.desq.mining.Icdm16TraditionalMiningTest" time="0.006"/>
  <testcase name="test[Icdm16TraditionalMiningTest-DesqCount-tttf-3-1-5-true-]" classname="de.uni_mannheim.desq.mining.Icdm16TraditionalMiningTest" time="0.001"/>
  <testcase name="test[Icdm16TraditionalMiningTest-DesqCount-tttf-3-1-7-false-]" classname="de.uni_mannheim.desq.mining.Icdm16TraditionalMiningTest" time="0.001"/>
  <testcase name="test[Icdm16TraditionalMiningTest-DesqCount-tttf-3-1-7-true-]" classname="de.uni_mannheim.desq.mining.Icdm16TraditionalMiningTest" time="0"/>
  <testcase name="test[Icdm16TraditionalMiningTest-DesqCount-tttf-3-2-1-false-]" classname="de.uni_mannheim.desq.mining.Icdm16TraditionalMiningTest" time="0.001"/>
  <testcase name="test[Icdm16TraditionalMiningTest-DesqCount-tttf-3-2-1-true-]" classname="de.uni_mannheim.desq.mining.Icdm16TraditionalMiningTest" time="0.001"/>
  <testcase name="test[Icdm16TraditionalMiningTest-DesqCount-tttf-3-2-3-false-]" classname="de.uni_mannheim.desq.mining.Icdm16TraditionalMiningTest" time="0"/>
  <testcase name="test[Icdm16TraditionalMiningTest-DesqCount-tttf-3-2-3-true-]" classname="de.uni_mannheim.desq.mining.Icdm16TraditionalMiningTest" time="0.001"/>
  <testcase name="test[Icdm16TraditionalMiningTest-DesqCount-tttf-3-2-5-false-]" classname="de.uni_mannheim.desq.mining.Icdm16TraditionalMiningTest" time="0.001"/>
  <testcase name="test[Icdm16TraditionalMiningTest-DesqCount-tttf-3-2-5-true-]" classname="de.uni_mannheim.desq.mining.Icdm16TraditionalMiningTest" time="0.001"/>
  <testcase name="test[Icdm16TraditionalMiningTest-DesqCount-tttf-3-2-7-false-]" classname="de.uni_mannheim.desq.mining.Icdm16TraditionalMiningTest" time="0.001"/>
  <testcase name="test[Icdm16TraditionalMiningTest-DesqCount-tttf-3-2-7-true-]" classname="de.uni_mannheim.desq.mining.Icdm16TraditionalMiningTest" time="0.001"/>
  <testcase name="test[Icdm16TraditionalMiningTest-DesqCount-tttf-5-0-1-false-]" classname="de.uni_mannheim.desq.mining.Icdm16TraditionalMiningTest" time="0"/>
  <testcase name="test[Icdm16TraditionalMiningTest-DesqCount-tttf-5-0-1-true-]" classname="de.uni_mannheim.desq.mining.Icdm16TraditionalMiningTest" time="0"/>
  <testcase name="test[Icdm16TraditionalMiningTest-DesqCount-tttf-5-0-3-false-]" classname="de.uni_mannheim.desq.mining.Icdm16TraditionalMiningTest" time="0.001"/>
  <testcase name="test[Icdm16TraditionalMiningTest-DesqCount-tttf-5-0-3-true-]" classname="de.uni_mannheim.desq.mining.Icdm16TraditionalMiningTest" time="0.001"/>
  <testcase name="test[Icdm16TraditionalMiningTest-DesqCount-tttf-5-0-5-false-]" classname="de.uni_mannheim.desq.mining.Icdm16TraditionalMiningTest" time="0"/>
  <testcase name="test[Icdm16TraditionalMiningTest-DesqCount-tttf-5-0-5-true-]" classname="de.uni_mannheim.desq.mining.Icdm16TraditionalMiningTest" time="0.001"/>
  <testcase name="test[Icdm16TraditionalMiningTest-DesqCount-tttf-5-0-7-false-]" classname="de.uni_mannheim.desq.mining.Icdm16TraditionalMiningTest" time="0.001"/>
  <testcase name="test[Icdm16TraditionalMiningTest-DesqCount-tttf-5-0-7-true-]" classname="de.uni_mannheim.desq.mining.Icdm16TraditionalMiningTest" time="0"/>
  <testcase name="test[Icdm16TraditionalMiningTest-DesqCount-tttf-5-1-1-false-]" classname="de.uni_mannheim.desq.mining.Icdm16TraditionalMiningTest" time="0.001"/>
  <testcase name="test[Icdm16TraditionalMiningTest-DesqCount-tttf-5-1-1-true-]" classname="de.uni_mannheim.desq.mining.Icdm16TraditionalMiningTest" time="0"/>
  <testcase name="test[Icdm16TraditionalMiningTest-DesqCount-tttf-5-1-3-false-]" classname="de.uni_mannheim.desq.mining.Icdm16TraditionalMiningTest" time="0.001"/>
  <testcase name="test[Icdm16TraditionalMiningTest-DesqCount-tttf-5-1-3-true-]" classname="de.uni_mannheim.desq.mining.Icdm16TraditionalMiningTest" time="0.001"/>
  <testcase name="test[Icdm16TraditionalMiningTest-DesqCount-tttf-5-1-5-false-]" classname="de.uni_mannheim.desq.mining.Icdm16TraditionalMiningTest" time="0"/>
  <testcase name="test[Icdm16TraditionalMiningTest-DesqCount-tttf-5-1-5-true-]" classname="de.uni_mannheim.desq.mining.Icdm16TraditionalMiningTest" time="0.001"/>
  <testcase name="test[Icdm16TraditionalMiningTest-DesqCount-tttf-5-1-7-false-]" classname="de.uni_mannheim.desq.mining.Icdm16TraditionalMiningTest" time="0"/>
  <testcase name="test[Icdm16TraditionalMiningTest-DesqCount-tttf-5-1-7-true-]" classname="de.uni_mannheim.desq.mining.Icdm16TraditionalMiningTest" time="0.001"/>
  <testcase name="test[Icdm16TraditionalMiningTest-DesqCount-tttf-5-2-1-false-]" classname="de.uni_mannheim.desq.mining.Icdm16TraditionalMiningTest" time="0.001"/>
  <testcase name="test[Icdm16TraditionalMiningTest-DesqCount-tttf-5-2-1-true-]" classname="de.uni_mannheim.desq.mining.Icdm16TraditionalMiningTest" time="0"/>
  <testcase name="test[Icdm16TraditionalMiningTest-DesqCount-tttf-5-2-3-false-]" classname="de.uni_mannheim.desq.mining.Icdm16TraditionalMiningTest" time="0.001"/>
  <testcase name="test[Icdm16TraditionalMiningTest-DesqCount-tttf-5-2-3-true-]" classname="de.uni_mannheim.desq.mining.Icdm16TraditionalMiningTest" time="0"/>
  <testcase name="test[Icdm16TraditionalMiningTest-DesqCount-tttf-5-2-5-false-]" classname="de.uni_mannheim.desq.mining.Icdm16TraditionalMiningTest" time="0.001"/>
  <testcase name="test[Icdm16TraditionalMiningTest-DesqCount-tttf-5-2-5-true-]" classname="de.uni_mannheim.desq.mining.Icdm16TraditionalMiningTest" time="0.001"/>
  <testcase name="test[Icdm16TraditionalMiningTest-DesqCount-tttf-5-2-7-false-]" classname="de.uni_mannheim.desq.mining.Icdm16TraditionalMiningTest" time="0"/>
  <testcase name="test[Icdm16TraditionalMiningTest-DesqCount-tttf-5-2-7-true-]" classname="de.uni_mannheim.desq.mining.Icdm16TraditionalMiningTest" time="0.001"/>
  <testcase name="test[Icdm16TraditionalMiningTest-DesqCount-tttf-7-0-1-false-]" classname="de.uni_mannheim.desq.mining.Icdm16TraditionalMiningTest" time="0.001"/>
  <testcase name="test[Icdm16TraditionalMiningTest-DesqCount-tttf-7-0-1-true-]" classname="de.uni_mannheim.desq.mining.Icdm16TraditionalMiningTest" time="0"/>
  <testcase name="test[Icdm16TraditionalMiningTest-DesqCount-tttf-7-0-3-false-]" classname="de.uni_mannheim.desq.mining.Icdm16TraditionalMiningTest" time="0.001"/>
  <testcase name="test[Icdm16TraditionalMiningTest-DesqCount-tttf-7-0-3-true-]" classname="de.uni_mannheim.desq.mining.Icdm16TraditionalMiningTest" time="0"/>
  <testcase name="test[Icdm16TraditionalMiningTest-DesqCount-tttf-7-0-5-false-]" classname="de.uni_mannheim.desq.mining.Icdm16TraditionalMiningTest" time="0"/>
  <testcase name="test[Icdm16TraditionalMiningTest-DesqCount-tttf-7-0-5-true-]" classname="de.uni_mannheim.desq.mining.Icdm16TraditionalMiningTest" time="0.001"/>
  <testcase name="test[Icdm16TraditionalMiningTest-DesqCount-tttf-7-0-7-false-]" classname="de.uni_mannheim.desq.mining.Icdm16TraditionalMiningTest" time="0"/>
  <testcase name="test[Icdm16TraditionalMiningTest-DesqCount-tttf-7-0-7-true-]" classname="de.uni_mannheim.desq.mining.Icdm16TraditionalMiningTest" time="0.001"/>
  <testcase name="test[Icdm16TraditionalMiningTest-DesqCount-tttf-7-1-1-false-]" classname="de.uni_mannheim.desq.mining.Icdm16TraditionalMiningTest" time="0"/>
  <testcase name="test[Icdm16TraditionalMiningTest-DesqCount-tttf-7-1-1-true-]" classname="de.uni_mannheim.desq.mining.Icdm16TraditionalMiningTest" time="0.001"/>
  <testcase name="test[Icdm16TraditionalMiningTest-DesqCount-tttf-7-1-3-false-]" classname="de.uni_mannheim.desq.mining.Icdm16TraditionalMiningTest" time="0"/>
  <testcase name="test[Icdm16TraditionalMiningTest-DesqCount-tttf-7-1-3-true-]" classname="de.uni_mannheim.desq.mining.Icdm16TraditionalMiningTest" time="0"/>
  <testcase name="test[Icdm16TraditionalMiningTest-DesqCount-tttf-7-1-5-false-]" classname="de.uni_mannheim.desq.mining.Icdm16TraditionalMiningTest" time="0.001"/>
  <testcase name="test[Icdm16TraditionalMiningTest-DesqCount-tttf-7-1-5-true-]" classname="de.uni_mannheim.desq.mining.Icdm16TraditionalMiningTest" time="0"/>
  <testcase name="test[Icdm16TraditionalMiningTest-DesqCount-tttf-7-1-7-false-]" classname="de.uni_mannheim.desq.mining.Icdm16TraditionalMiningTest" time="0.001"/>
  <testcase name="test[Icdm16TraditionalMiningTest-DesqCount-tttf-7-1-7-true-]" classname="de.uni_mannheim.desq.mining.Icdm16TraditionalMiningTest" time="0"/>
  <testcase name="test[Icdm16TraditionalMiningTest-DesqCount-tttf-7-2-1-false-]" classname="de.uni_mannheim.desq.mining.Icdm16TraditionalMiningTest" time="0.001"/>
  <testcase name="test[Icdm16TraditionalMiningTest-DesqCount-tttf-7-2-1-true-]" classname="de.uni_mannheim.desq.mining.Icdm16TraditionalMiningTest" time="0"/>
  <testcase name="test[Icdm16TraditionalMiningTest-DesqCount-tttf-7-2-3-false-]" classname="de.uni_mannheim.desq.mining.Icdm16TraditionalMiningTest" time="0.001"/>
  <testcase name="test[Icdm16TraditionalMiningTest-DesqCount-tttf-7-2-3-true-]" classname="de.uni_mannheim.desq.mining.Icdm16TraditionalMiningTest" time="0"/>
  <testcase name="test[Icdm16TraditionalMiningTest-DesqCount-tttf-7-2-5-false-]" classname="de.uni_mannheim.desq.mining.Icdm16TraditionalMiningTest" time="0.001"/>
  <testcase name="test[Icdm16TraditionalMiningTest-DesqCount-tttf-7-2-5-true-]" classname="de.uni_mannheim.desq.mining.Icdm16TraditionalMiningTest" time="0"/>
  <testcase name="test[Icdm16TraditionalMiningTest-DesqCount-tttf-7-2-7-false-]" classname="de.uni_mannheim.desq.mining.Icdm16TraditionalMiningTest" time="0.001"/>
  <testcase name="test[Icdm16TraditionalMiningTest-DesqCount-tttf-7-2-7-true-]" classname="de.uni_mannheim.desq.mining.Icdm16TraditionalMiningTest" time="0"/>
  <testcase name="test[Icdm16TraditionalMiningTest-DesqCount-tttt-1-0-1-false-]" classname="de.uni_mannheim.desq.mining.Icdm16TraditionalMiningTest" time="0.001"/>
  <testcase name="test[Icdm16TraditionalMiningTest-DesqCount-tttt-1-0-1-true-]" classname="de.uni_mannheim.desq.mining.Icdm16TraditionalMiningTest" time="0"/>
  <testcase name="test[Icdm16TraditionalMiningTest-DesqCount-tttt-1-0-3-false-]" classname="de.uni_mannheim.desq.mining.Icdm16TraditionalMiningTest" time="0.001"/>
  <testcase name="test[Icdm16TraditionalMiningTest-DesqCount-tttt-1-0-3-true-]" classname="de.uni_mannheim.desq.mining.Icdm16TraditionalMiningTest" time="0.005"/>
  <testcase name="test[Icdm16TraditionalMiningTest-DesqCount-tttt-1-0-5-false-]" classname="de.uni_mannheim.desq.mining.Icdm16TraditionalMiningTest" time="0.004"/>
  <testcase name="test[Icdm16TraditionalMiningTest-DesqCount-tttt-1-0-5-true-]" classname="de.uni_mannheim.desq.mining.Icdm16TraditionalMiningTest" time="0"/>
  <testcase name="test[Icdm16TraditionalMiningTest-DesqCount-tttt-1-0-7-false-]" classname="de.uni_mannheim.desq.mining.Icdm16TraditionalMiningTest" time="0"/>
  <testcase name="test[Icdm16TraditionalMiningTest-DesqCount-tttt-1-0-7-true-]" classname="de.uni_mannheim.desq.mining.Icdm16TraditionalMiningTest" time="0.002"/>
  <testcase name="test[Icdm16TraditionalMiningTest-DesqCount-tttt-1-1-1-false-]" classname="de.uni_mannheim.desq.mining.Icdm16TraditionalMiningTest" time="0"/>
  <testcase name="test[Icdm16TraditionalMiningTest-DesqCount-tttt-1-1-1-true-]" classname="de.uni_mannheim.desq.mining.Icdm16TraditionalMiningTest" time="0.001"/>
  <testcase name="test[Icdm16TraditionalMiningTest-DesqCount-tttt-1-1-3-false-]" classname="de.uni_mannheim.desq.mining.Icdm16TraditionalMiningTest" time="0.001"/>
  <testcase name="test[Icdm16TraditionalMiningTest-DesqCount-tttt-1-1-3-true-]" classname="de.uni_mannheim.desq.mining.Icdm16TraditionalMiningTest" time="0.001"/>
  <testcase name="test[Icdm16TraditionalMiningTest-DesqCount-tttt-1-1-5-false-]" classname="de.uni_mannheim.desq.mining.Icdm16TraditionalMiningTest" time="0.001"/>
  <testcase name="test[Icdm16TraditionalMiningTest-DesqCount-tttt-1-1-5-true-]" classname="de.uni_mannheim.desq.mining.Icdm16TraditionalMiningTest" time="0.002"/>
  <testcase name="test[Icdm16TraditionalMiningTest-DesqCount-tttt-1-1-7-false-]" classname="de.uni_mannheim.desq.mining.Icdm16TraditionalMiningTest" time="0.001"/>
  <testcase name="test[Icdm16TraditionalMiningTest-DesqCount-tttt-1-1-7-true-]" classname="de.uni_mannheim.desq.mining.Icdm16TraditionalMiningTest" time="0.003"/>
  <testcase name="test[Icdm16TraditionalMiningTest-DesqCount-tttt-1-2-1-false-]" classname="de.uni_mannheim.desq.mining.Icdm16TraditionalMiningTest" time="0.001"/>
  <testcase name="test[Icdm16TraditionalMiningTest-DesqCount-tttt-1-2-1-true-]" classname="de.uni_mannheim.desq.mining.Icdm16TraditionalMiningTest" time="0"/>
  <testcase name="test[Icdm16TraditionalMiningTest-DesqCount-tttt-1-2-3-false-]" classname="de.uni_mannheim.desq.mining.Icdm16TraditionalMiningTest" time="0.001"/>
  <testcase name="test[Icdm16TraditionalMiningTest-DesqCount-tttt-1-2-3-true-]" classname="de.uni_mannheim.desq.mining.Icdm16TraditionalMiningTest" time="0.001"/>
  <testcase name="test[Icdm16TraditionalMiningTest-DesqCount-tttt-1-2-5-false-]" classname="de.uni_mannheim.desq.mining.Icdm16TraditionalMiningTest" time="0.001"/>
  <testcase name="test[Icdm16TraditionalMiningTest-DesqCount-tttt-1-2-5-true-]" classname="de.uni_mannheim.desq.mining.Icdm16TraditionalMiningTest" time="0.003"/>
  <testcase name="test[Icdm16TraditionalMiningTest-DesqCount-tttt-1-2-7-false-]" classname="de.uni_mannheim.desq.mining.Icdm16TraditionalMiningTest" time="0.001"/>
  <testcase name="test[Icdm16TraditionalMiningTest-DesqCount-tttt-1-2-7-true-]" classname="de.uni_mannheim.desq.mining.Icdm16TraditionalMiningTest" time="0.003"/>
  <testcase name="test[Icdm16TraditionalMiningTest-DesqCount-tttt-3-0-1-false-]" classname="de.uni_mannheim.desq.mining.Icdm16TraditionalMiningTest" time="0"/>
  <testcase name="test[Icdm16TraditionalMiningTest-DesqCount-tttt-3-0-1-true-]" classname="de.uni_mannheim.desq.mining.Icdm16TraditionalMiningTest" time="0.001"/>
  <testcase name="test[Icdm16TraditionalMiningTest-DesqCount-tttt-3-0-3-false-]" classname="de.uni_mannheim.desq.mining.Icdm16TraditionalMiningTest" time="0"/>
  <testcase name="test[Icdm16TraditionalMiningTest-DesqCount-tttt-3-0-3-true-]" classname="de.uni_mannheim.desq.mining.Icdm16TraditionalMiningTest" time="0.001"/>
  <testcase name="test[Icdm16TraditionalMiningTest-DesqCount-tttt-3-0-5-false-]" classname="de.uni_mannheim.desq.mining.Icdm16TraditionalMiningTest" time="0.001"/>
  <testcase name="test[Icdm16TraditionalMiningTest-DesqCount-tttt-3-0-5-true-]" classname="de.uni_mannheim.desq.mining.Icdm16TraditionalMiningTest" time="0"/>
  <testcase name="test[Icdm16TraditionalMiningTest-DesqCount-tttt-3-0-7-false-]" classname="de.uni_mannheim.desq.mining.Icdm16TraditionalMiningTest" time="0.001"/>
  <testcase name="test[Icdm16TraditionalMiningTest-DesqCount-tttt-3-0-7-true-]" classname="de.uni_mannheim.desq.mining.Icdm16TraditionalMiningTest" time="0"/>
  <testcase name="test[Icdm16TraditionalMiningTest-DesqCount-tttt-3-1-1-false-]" classname="de.uni_mannheim.desq.mining.Icdm16TraditionalMiningTest" time="0.001"/>
  <testcase name="test[Icdm16TraditionalMiningTest-DesqCount-tttt-3-1-1-true-]" classname="de.uni_mannheim.desq.mining.Icdm16TraditionalMiningTest" time="0"/>
  <testcase name="test[Icdm16TraditionalMiningTest-DesqCount-tttt-3-1-3-false-]" classname="de.uni_mannheim.desq.mining.Icdm16TraditionalMiningTest" time="0"/>
  <testcase name="test[Icdm16TraditionalMiningTest-DesqCount-tttt-3-1-3-true-]" classname="de.uni_mannheim.desq.mining.Icdm16TraditionalMiningTest" time="0.001"/>
  <testcase name="test[Icdm16TraditionalMiningTest-DesqCount-tttt-3-1-5-false-]" classname="de.uni_mannheim.desq.mining.Icdm16TraditionalMiningTest" time="0"/>
  <testcase name="test[Icdm16TraditionalMiningTest-DesqCount-tttt-3-1-5-true-]" classname="de.uni_mannheim.desq.mining.Icdm16TraditionalMiningTest" time="0.001"/>
  <testcase name="test[Icdm16TraditionalMiningTest-DesqCount-tttt-3-1-7-false-]" classname="de.uni_mannheim.desq.mining.Icdm16TraditionalMiningTest" time="0.001"/>
  <testcase name="test[Icdm16TraditionalMiningTest-DesqCount-tttt-3-1-7-true-]" classname="de.uni_mannheim.desq.mining.Icdm16TraditionalMiningTest" time="0"/>
  <testcase name="test[Icdm16TraditionalMiningTest-DesqCount-tttt-3-2-1-false-]" classname="de.uni_mannheim.desq.mining.Icdm16TraditionalMiningTest" time="0.001"/>
  <testcase name="test[Icdm16TraditionalMiningTest-DesqCount-tttt-3-2-1-true-]" classname="de.uni_mannheim.desq.mining.Icdm16TraditionalMiningTest" time="0"/>
  <testcase name="test[Icdm16TraditionalMiningTest-DesqCount-tttt-3-2-3-false-]" classname="de.uni_mannheim.desq.mining.Icdm16TraditionalMiningTest" time="0.001"/>
  <testcase name="test[Icdm16TraditionalMiningTest-DesqCount-tttt-3-2-3-true-]" classname="de.uni_mannheim.desq.mining.Icdm16TraditionalMiningTest" time="0"/>
  <testcase name="test[Icdm16TraditionalMiningTest-DesqCount-tttt-3-2-5-false-]" classname="de.uni_mannheim.desq.mining.Icdm16TraditionalMiningTest" time="0.001"/>
  <testcase name="test[Icdm16TraditionalMiningTest-DesqCount-tttt-3-2-5-true-]" classname="de.uni_mannheim.desq.mining.Icdm16TraditionalMiningTest" time="0.001"/>
  <testcase name="test[Icdm16TraditionalMiningTest-DesqCount-tttt-3-2-7-false-]" classname="de.uni_mannheim.desq.mining.Icdm16TraditionalMiningTest" time="0.001"/>
  <testcase name="test[Icdm16TraditionalMiningTest-DesqCount-tttt-3-2-7-true-]" classname="de.uni_mannheim.desq.mining.Icdm16TraditionalMiningTest" time="0"/>
  <testcase name="test[Icdm16TraditionalMiningTest-DesqCount-tttt-5-0-1-false-]" classname="de.uni_mannheim.desq.mining.Icdm16TraditionalMiningTest" time="0.001"/>
  <testcase name="test[Icdm16TraditionalMiningTest-DesqCount-tttt-5-0-1-true-]" classname="de.uni_mannheim.desq.mining.Icdm16TraditionalMiningTest" time="0"/>
  <testcase name="test[Icdm16TraditionalMiningTest-DesqCount-tttt-5-0-3-false-]" classname="de.uni_mannheim.desq.mining.Icdm16TraditionalMiningTest" time="0.001"/>
  <testcase name="test[Icdm16TraditionalMiningTest-DesqCount-tttt-5-0-3-true-]" classname="de.uni_mannheim.desq.mining.Icdm16TraditionalMiningTest" time="0.001"/>
  <testcase name="test[Icdm16TraditionalMiningTest-DesqCount-tttt-5-0-5-false-]" classname="de.uni_mannheim.desq.mining.Icdm16TraditionalMiningTest" time="0"/>
  <testcase name="test[Icdm16TraditionalMiningTest-DesqCount-tttt-5-0-5-true-]" classname="de.uni_mannheim.desq.mining.Icdm16TraditionalMiningTest" time="0.001"/>
  <testcase name="test[Icdm16TraditionalMiningTest-DesqCount-tttt-5-0-7-false-]" classname="de.uni_mannheim.desq.mining.Icdm16TraditionalMiningTest" time="0"/>
  <testcase name="test[Icdm16TraditionalMiningTest-DesqCount-tttt-5-0-7-true-]" classname="de.uni_mannheim.desq.mining.Icdm16TraditionalMiningTest" time="0.001"/>
  <testcase name="test[Icdm16TraditionalMiningTest-DesqCount-tttt-5-1-1-false-]" classname="de.uni_mannheim.desq.mining.Icdm16TraditionalMiningTest" time="0.001"/>
  <testcase name="test[Icdm16TraditionalMiningTest-DesqCount-tttt-5-1-1-true-]" classname="de.uni_mannheim.desq.mining.Icdm16TraditionalMiningTest" time="0"/>
  <testcase name="test[Icdm16TraditionalMiningTest-DesqCount-tttt-5-1-3-false-]" classname="de.uni_mannheim.desq.mining.Icdm16TraditionalMiningTest" time="0.001"/>
  <testcase name="test[Icdm16TraditionalMiningTest-DesqCount-tttt-5-1-3-true-]" classname="de.uni_mannheim.desq.mining.Icdm16TraditionalMiningTest" time="0"/>
  <testcase name="test[Icdm16TraditionalMiningTest-DesqCount-tttt-5-1-5-false-]" classname="de.uni_mannheim.desq.mining.Icdm16TraditionalMiningTest" time="0.001"/>
  <testcase name="test[Icdm16TraditionalMiningTest-DesqCount-tttt-5-1-5-true-]" classname="de.uni_mannheim.desq.mining.Icdm16TraditionalMiningTest" time="0"/>
  <testcase name="test[Icdm16TraditionalMiningTest-DesqCount-tttt-5-1-7-false-]" classname="de.uni_mannheim.desq.mining.Icdm16TraditionalMiningTest" time="0"/>
  <testcase name="test[Icdm16TraditionalMiningTest-DesqCount-tttt-5-1-7-true-]" classname="de.uni_mannheim.desq.mining.Icdm16TraditionalMiningTest" time="0.001"/>
  <testcase name="test[Icdm16TraditionalMiningTest-DesqCount-tttt-5-2-1-false-]" classname="de.uni_mannheim.desq.mining.Icdm16TraditionalMiningTest" time="0"/>
  <testcase name="test[Icdm16TraditionalMiningTest-DesqCount-tttt-5-2-1-true-]" classname="de.uni_mannheim.desq.mining.Icdm16TraditionalMiningTest" time="0.001"/>
  <testcase name="test[Icdm16TraditionalMiningTest-DesqCount-tttt-5-2-3-false-]" classname="de.uni_mannheim.desq.mining.Icdm16TraditionalMiningTest" time="0"/>
  <testcase name="test[Icdm16TraditionalMiningTest-DesqCount-tttt-5-2-3-true-]" classname="de.uni_mannheim.desq.mining.Icdm16TraditionalMiningTest" time="0.001"/>
  <testcase name="test[Icdm16TraditionalMiningTest-DesqCount-tttt-5-2-5-false-]" classname="de.uni_mannheim.desq.mining.Icdm16TraditionalMiningTest" time="0.001"/>
  <testcase name="test[Icdm16TraditionalMiningTest-DesqCount-tttt-5-2-5-true-]" classname="de.uni_mannheim.desq.mining.Icdm16TraditionalMiningTest" time="0"/>
  <testcase name="test[Icdm16TraditionalMiningTest-DesqCount-tttt-5-2-7-false-]" classname="de.uni_mannheim.desq.mining.Icdm16TraditionalMiningTest" time="0.001"/>
  <testcase name="test[Icdm16TraditionalMiningTest-DesqCount-tttt-5-2-7-true-]" classname="de.uni_mannheim.desq.mining.Icdm16TraditionalMiningTest" time="0.001"/>
  <testcase name="test[Icdm16TraditionalMiningTest-DesqCount-tttt-7-0-1-false-]" classname="de.uni_mannheim.desq.mining.Icdm16TraditionalMiningTest" time="0"/>
  <testcase name="test[Icdm16TraditionalMiningTest-DesqCount-tttt-7-0-1-true-]" classname="de.uni_mannheim.desq.mining.Icdm16TraditionalMiningTest" time="0.001"/>
  <testcase name="test[Icdm16TraditionalMiningTest-DesqCount-tttt-7-0-3-false-]" classname="de.uni_mannheim.desq.mining.Icdm16TraditionalMiningTest" time="0"/>
  <testcase name="test[Icdm16TraditionalMiningTest-DesqCount-tttt-7-0-3-true-]" classname="de.uni_mannheim.desq.mining.Icdm16TraditionalMiningTest" time="0.001"/>
  <testcase name="test[Icdm16TraditionalMiningTest-DesqCount-tttt-7-0-5-false-]" classname="de.uni_mannheim.desq.mining.Icdm16TraditionalMiningTest" time="0"/>
  <testcase name="test[Icdm16TraditionalMiningTest-DesqCount-tttt-7-0-5-true-]" classname="de.uni_mannheim.desq.mining.Icdm16TraditionalMiningTest" time="0.001"/>
  <testcase name="test[Icdm16TraditionalMiningTest-DesqCount-tttt-7-0-7-false-]" classname="de.uni_mannheim.desq.mining.Icdm16TraditionalMiningTest" time="0"/>
  <testcase name="test[Icdm16TraditionalMiningTest-DesqCount-tttt-7-0-7-true-]" classname="de.uni_mannheim.desq.mining.Icdm16TraditionalMiningTest" time="0.001"/>
  <testcase name="test[Icdm16TraditionalMiningTest-DesqCount-tttt-7-1-1-false-]" classname="de.uni_mannheim.desq.mining.Icdm16TraditionalMiningTest" time="0"/>
  <testcase name="test[Icdm16TraditionalMiningTest-DesqCount-tttt-7-1-1-true-]" classname="de.uni_mannheim.desq.mining.Icdm16TraditionalMiningTest" time="0"/>
  <testcase name="test[Icdm16TraditionalMiningTest-DesqCount-tttt-7-1-3-false-]" classname="de.uni_mannheim.desq.mining.Icdm16TraditionalMiningTest" time="0.001"/>
  <testcase name="test[Icdm16TraditionalMiningTest-DesqCount-tttt-7-1-3-true-]" classname="de.uni_mannheim.desq.mining.Icdm16TraditionalMiningTest" time="0"/>
  <testcase name="test[Icdm16TraditionalMiningTest-DesqCount-tttt-7-1-5-false-]" classname="de.uni_mannheim.desq.mining.Icdm16TraditionalMiningTest" time="0.001"/>
  <testcase name="test[Icdm16TraditionalMiningTest-DesqCount-tttt-7-1-5-true-]" classname="de.uni_mannheim.desq.mining.Icdm16TraditionalMiningTest" time="0"/>
  <testcase name="test[Icdm16TraditionalMiningTest-DesqCount-tttt-7-1-7-false-]" classname="de.uni_mannheim.desq.mining.Icdm16TraditionalMiningTest" time="0.001"/>
  <testcase name="test[Icdm16TraditionalMiningTest-DesqCount-tttt-7-1-7-true-]" classname="de.uni_mannheim.desq.mining.Icdm16TraditionalMiningTest" time="0"/>
  <testcase name="test[Icdm16TraditionalMiningTest-DesqCount-tttt-7-2-1-false-]" classname="de.uni_mannheim.desq.mining.Icdm16TraditionalMiningTest" time="0.001"/>
  <testcase name="test[Icdm16TraditionalMiningTest-DesqCount-tttt-7-2-1-true-]" classname="de.uni_mannheim.desq.mining.Icdm16TraditionalMiningTest" time="0"/>
  <testcase name="test[Icdm16TraditionalMiningTest-DesqCount-tttt-7-2-3-false-]" classname="de.uni_mannheim.desq.mining.Icdm16TraditionalMiningTest" time="0.001"/>
  <testcase name="test[Icdm16TraditionalMiningTest-DesqCount-tttt-7-2-3-true-]" classname="de.uni_mannheim.desq.mining.Icdm16TraditionalMiningTest" time="0"/>
  <testcase name="test[Icdm16TraditionalMiningTest-DesqCount-tttt-7-2-5-false-]" classname="de.uni_mannheim.desq.mining.Icdm16TraditionalMiningTest" time="0.001"/>
  <testcase name="test[Icdm16TraditionalMiningTest-DesqCount-tttt-7-2-5-true-]" classname="de.uni_mannheim.desq.mining.Icdm16TraditionalMiningTest" time="0"/>
  <testcase name="test[Icdm16TraditionalMiningTest-DesqCount-tttt-7-2-7-false-]" classname="de.uni_mannheim.desq.mining.Icdm16TraditionalMiningTest" time="0.001"/>
  <testcase name="test[Icdm16TraditionalMiningTest-DesqCount-tttt-7-2-7-true-]" classname="de.uni_mannheim.desq.mining.Icdm16TraditionalMiningTest" time="0"/>
  <testcase name="test[Icdm16TraditionalMiningTest-DesqDfs-fff-1-0-1-false-]" classname="de.uni_mannheim.desq.mining.Icdm16TraditionalMiningTest" time="0.001"/>
  <testcase name="test[Icdm16TraditionalMiningTest-DesqDfs-fff-1-0-1-true-]" classname="de.uni_mannheim.desq.mining.Icdm16TraditionalMiningTest" time="0.001"/>
  <testcase name="test[Icdm16TraditionalMiningTest-DesqDfs-fff-1-0-3-false-]" classname="de.uni_mannheim.desq.mining.Icdm16TraditionalMiningTest" time="0.001"/>
  <testcase name="test[Icdm16TraditionalMiningTest-DesqDfs-fff-1-0-3-true-]" classname="de.uni_mannheim.desq.mining.Icdm16TraditionalMiningTest" time="0.001"/>
  <testcase name="test[Icdm16TraditionalMiningTest-DesqDfs-fff-1-0-5-false-]" classname="de.uni_mannheim.desq.mining.Icdm16TraditionalMiningTest" time="0.001"/>
  <testcase name="test[Icdm16TraditionalMiningTest-DesqDfs-fff-1-0-5-true-]" classname="de.uni_mannheim.desq.mining.Icdm16TraditionalMiningTest" time="0.002"/>
  <testcase name="test[Icdm16TraditionalMiningTest-DesqDfs-fff-1-0-7-false-]" classname="de.uni_mannheim.desq.mining.Icdm16TraditionalMiningTest" time="0"/>
  <testcase name="test[Icdm16TraditionalMiningTest-DesqDfs-fff-1-0-7-true-]" classname="de.uni_mannheim.desq.mining.Icdm16TraditionalMiningTest" time="0.003"/>
  <testcase name="test[Icdm16TraditionalMiningTest-DesqDfs-fff-1-1-1-false-]" classname="de.uni_mannheim.desq.mining.Icdm16TraditionalMiningTest" time="0"/>
  <testcase name="test[Icdm16TraditionalMiningTest-DesqDfs-fff-1-1-1-true-]" classname="de.uni_mannheim.desq.mining.Icdm16TraditionalMiningTest" time="0.001"/>
  <testcase name="test[Icdm16TraditionalMiningTest-DesqDfs-fff-1-1-3-false-]" classname="de.uni_mannheim.desq.mining.Icdm16TraditionalMiningTest" time="0.001"/>
  <testcase name="test[Icdm16TraditionalMiningTest-DesqDfs-fff-1-1-3-true-]" classname="de.uni_mannheim.desq.mining.Icdm16TraditionalMiningTest" time="0.001"/>
  <testcase name="test[Icdm16TraditionalMiningTest-DesqDfs-fff-1-1-5-false-]" classname="de.uni_mannheim.desq.mining.Icdm16TraditionalMiningTest" time="0.001"/>
  <testcase name="test[Icdm16TraditionalMiningTest-DesqDfs-fff-1-1-5-true-]" classname="de.uni_mannheim.desq.mining.Icdm16TraditionalMiningTest" time="0.003"/>
  <testcase name="test[Icdm16TraditionalMiningTest-DesqDfs-fff-1-1-7-false-]" classname="de.uni_mannheim.desq.mining.Icdm16TraditionalMiningTest" time="0.001"/>
  <testcase name="test[Icdm16TraditionalMiningTest-DesqDfs-fff-1-1-7-true-]" classname="de.uni_mannheim.desq.mining.Icdm16TraditionalMiningTest" time="0.003"/>
  <testcase name="test[Icdm16TraditionalMiningTest-DesqDfs-fff-1-2-1-false-]" classname="de.uni_mannheim.desq.mining.Icdm16TraditionalMiningTest" time="0.001"/>
  <testcase name="test[Icdm16TraditionalMiningTest-DesqDfs-fff-1-2-1-true-]" classname="de.uni_mannheim.desq.mining.Icdm16TraditionalMiningTest" time="0.001"/>
  <testcase name="test[Icdm16TraditionalMiningTest-DesqDfs-fff-1-2-3-false-]" classname="de.uni_mannheim.desq.mining.Icdm16TraditionalMiningTest" time="0"/>
  <testcase name="test[Icdm16TraditionalMiningTest-DesqDfs-fff-1-2-3-true-]" classname="de.uni_mannheim.desq.mining.Icdm16TraditionalMiningTest" time="0.002"/>
  <testcase name="test[Icdm16TraditionalMiningTest-DesqDfs-fff-1-2-5-false-]" classname="de.uni_mannheim.desq.mining.Icdm16TraditionalMiningTest" time="0.001"/>
  <testcase name="test[Icdm16TraditionalMiningTest-DesqDfs-fff-1-2-5-true-]" classname="de.uni_mannheim.desq.mining.Icdm16TraditionalMiningTest" time="0.007"/>
  <testcase name="test[Icdm16TraditionalMiningTest-DesqDfs-fff-1-2-7-false-]" classname="de.uni_mannheim.desq.mining.Icdm16TraditionalMiningTest" time="0.002"/>
  <testcase name="test[Icdm16TraditionalMiningTest-DesqDfs-fff-1-2-7-true-]" classname="de.uni_mannheim.desq.mining.Icdm16TraditionalMiningTest" time="0.004"/>
  <testcase name="test[Icdm16TraditionalMiningTest-DesqDfs-fff-3-0-1-false-]" classname="de.uni_mannheim.desq.mining.Icdm16TraditionalMiningTest" time="0"/>
  <testcase name="test[Icdm16TraditionalMiningTest-DesqDfs-fff-3-0-1-true-]" classname="de.uni_mannheim.desq.mining.Icdm16TraditionalMiningTest" time="0.001"/>
  <testcase name="test[Icdm16TraditionalMiningTest-DesqDfs-fff-3-0-3-false-]" classname="de.uni_mannheim.desq.mining.Icdm16TraditionalMiningTest" time="0"/>
  <testcase name="test[Icdm16TraditionalMiningTest-DesqDfs-fff-3-0-3-true-]" classname="de.uni_mannheim.desq.mining.Icdm16TraditionalMiningTest" time="0.001"/>
  <testcase name="test[Icdm16TraditionalMiningTest-DesqDfs-fff-3-0-5-false-]" classname="de.uni_mannheim.desq.mining.Icdm16TraditionalMiningTest" time="0.001"/>
  <testcase name="test[Icdm16TraditionalMiningTest-DesqDfs-fff-3-0-5-true-]" classname="de.uni_mannheim.desq.mining.Icdm16TraditionalMiningTest" time="0"/>
  <testcase name="test[Icdm16TraditionalMiningTest-DesqDfs-fff-3-0-7-false-]" classname="de.uni_mannheim.desq.mining.Icdm16TraditionalMiningTest" time="0.001"/>
  <testcase name="test[Icdm16TraditionalMiningTest-DesqDfs-fff-3-0-7-true-]" classname="de.uni_mannheim.desq.mining.Icdm16TraditionalMiningTest" time="0.001"/>
  <testcase name="test[Icdm16TraditionalMiningTest-DesqDfs-fff-3-1-1-false-]" classname="de.uni_mannheim.desq.mining.Icdm16TraditionalMiningTest" time="0"/>
  <testcase name="test[Icdm16TraditionalMiningTest-DesqDfs-fff-3-1-1-true-]" classname="de.uni_mannheim.desq.mining.Icdm16TraditionalMiningTest" time="0.001"/>
  <testcase name="test[Icdm16TraditionalMiningTest-DesqDfs-fff-3-1-3-false-]" classname="de.uni_mannheim.desq.mining.Icdm16TraditionalMiningTest" time="0"/>
  <testcase name="test[Icdm16TraditionalMiningTest-DesqDfs-fff-3-1-3-true-]" classname="de.uni_mannheim.desq.mining.Icdm16TraditionalMiningTest" time="0.001"/>
  <testcase name="test[Icdm16TraditionalMiningTest-DesqDfs-fff-3-1-5-false-]" classname="de.uni_mannheim.desq.mining.Icdm16TraditionalMiningTest" time="0"/>
  <testcase name="test[Icdm16TraditionalMiningTest-DesqDfs-fff-3-1-5-true-]" classname="de.uni_mannheim.desq.mining.Icdm16TraditionalMiningTest" time="0"/>
  <testcase name="test[Icdm16TraditionalMiningTest-DesqDfs-fff-3-1-7-false-]" classname="de.uni_mannheim.desq.mining.Icdm16TraditionalMiningTest" time="0.001"/>
  <testcase name="test[Icdm16TraditionalMiningTest-DesqDfs-fff-3-1-7-true-]" classname="de.uni_mannheim.desq.mining.Icdm16TraditionalMiningTest" time="0.001"/>
  <testcase name="test[Icdm16TraditionalMiningTest-DesqDfs-fff-3-2-1-false-]" classname="de.uni_mannheim.desq.mining.Icdm16TraditionalMiningTest" time="0"/>
  <testcase name="test[Icdm16TraditionalMiningTest-DesqDfs-fff-3-2-1-true-]" classname="de.uni_mannheim.desq.mining.Icdm16TraditionalMiningTest" time="0.001"/>
  <testcase name="test[Icdm16TraditionalMiningTest-DesqDfs-fff-3-2-3-false-]" classname="de.uni_mannheim.desq.mining.Icdm16TraditionalMiningTest" time="0"/>
  <testcase name="test[Icdm16TraditionalMiningTest-DesqDfs-fff-3-2-3-true-]" classname="de.uni_mannheim.desq.mining.Icdm16TraditionalMiningTest" time="0.001"/>
  <testcase name="test[Icdm16TraditionalMiningTest-DesqDfs-fff-3-2-5-false-]" classname="de.uni_mannheim.desq.mining.Icdm16TraditionalMiningTest" time="0.001"/>
  <testcase name="test[Icdm16TraditionalMiningTest-DesqDfs-fff-3-2-5-true-]" classname="de.uni_mannheim.desq.mining.Icdm16TraditionalMiningTest" time="0"/>
  <testcase name="test[Icdm16TraditionalMiningTest-DesqDfs-fff-3-2-7-false-]" classname="de.uni_mannheim.desq.mining.Icdm16TraditionalMiningTest" time="0.001"/>
  <testcase name="test[Icdm16TraditionalMiningTest-DesqDfs-fff-3-2-7-true-]" classname="de.uni_mannheim.desq.mining.Icdm16TraditionalMiningTest" time="0.001"/>
  <testcase name="test[Icdm16TraditionalMiningTest-DesqDfs-fff-5-0-1-false-]" classname="de.uni_mannheim.desq.mining.Icdm16TraditionalMiningTest" time="0"/>
  <testcase name="test[Icdm16TraditionalMiningTest-DesqDfs-fff-5-0-1-true-]" classname="de.uni_mannheim.desq.mining.Icdm16TraditionalMiningTest" time="0.001"/>
  <testcase name="test[Icdm16TraditionalMiningTest-DesqDfs-fff-5-0-3-false-]" classname="de.uni_mannheim.desq.mining.Icdm16TraditionalMiningTest" time="0"/>
  <testcase name="test[Icdm16TraditionalMiningTest-DesqDfs-fff-5-0-3-true-]" classname="de.uni_mannheim.desq.mining.Icdm16TraditionalMiningTest" time="0.001"/>
  <testcase name="test[Icdm16TraditionalMiningTest-DesqDfs-fff-5-0-5-false-]" classname="de.uni_mannheim.desq.mining.Icdm16TraditionalMiningTest" time="0.001"/>
  <testcase name="test[Icdm16TraditionalMiningTest-DesqDfs-fff-5-0-5-true-]" classname="de.uni_mannheim.desq.mining.Icdm16TraditionalMiningTest" time="0"/>
  <testcase name="test[Icdm16TraditionalMiningTest-DesqDfs-fff-5-0-7-false-]" classname="de.uni_mannheim.desq.mining.Icdm16TraditionalMiningTest" time="0.001"/>
  <testcase name="test[Icdm16TraditionalMiningTest-DesqDfs-fff-5-0-7-true-]" classname="de.uni_mannheim.desq.mining.Icdm16TraditionalMiningTest" time="0"/>
  <testcase name="test[Icdm16TraditionalMiningTest-DesqDfs-fff-5-1-1-false-]" classname="de.uni_mannheim.desq.mining.Icdm16TraditionalMiningTest" time="0.001"/>
  <testcase name="test[Icdm16TraditionalMiningTest-DesqDfs-fff-5-1-1-true-]" classname="de.uni_mannheim.desq.mining.Icdm16TraditionalMiningTest" time="0"/>
  <testcase name="test[Icdm16TraditionalMiningTest-DesqDfs-fff-5-1-3-false-]" classname="de.uni_mannheim.desq.mining.Icdm16TraditionalMiningTest" time="0.001"/>
  <testcase name="test[Icdm16TraditionalMiningTest-DesqDfs-fff-5-1-3-true-]" classname="de.uni_mannheim.desq.mining.Icdm16TraditionalMiningTest" time="0.001"/>
  <testcase name="test[Icdm16TraditionalMiningTest-DesqDfs-fff-5-1-5-false-]" classname="de.uni_mannheim.desq.mining.Icdm16TraditionalMiningTest" time="0"/>
  <testcase name="test[Icdm16TraditionalMiningTest-DesqDfs-fff-5-1-5-true-]" classname="de.uni_mannheim.desq.mining.Icdm16TraditionalMiningTest" time="0.001"/>
  <testcase name="test[Icdm16TraditionalMiningTest-DesqDfs-fff-5-1-7-false-]" classname="de.uni_mannheim.desq.mining.Icdm16TraditionalMiningTest" time="0"/>
  <testcase name="test[Icdm16TraditionalMiningTest-DesqDfs-fff-5-1-7-true-]" classname="de.uni_mannheim.desq.mining.Icdm16TraditionalMiningTest" time="0.001"/>
  <testcase name="test[Icdm16TraditionalMiningTest-DesqDfs-fff-5-2-1-false-]" classname="de.uni_mannheim.desq.mining.Icdm16TraditionalMiningTest" time="0"/>
  <testcase name="test[Icdm16TraditionalMiningTest-DesqDfs-fff-5-2-1-true-]" classname="de.uni_mannheim.desq.mining.Icdm16TraditionalMiningTest" time="0.001"/>
  <testcase name="test[Icdm16TraditionalMiningTest-DesqDfs-fff-5-2-3-false-]" classname="de.uni_mannheim.desq.mining.Icdm16TraditionalMiningTest" time="0.001"/>
  <testcase name="test[Icdm16TraditionalMiningTest-DesqDfs-fff-5-2-3-true-]" classname="de.uni_mannheim.desq.mining.Icdm16TraditionalMiningTest" time="0"/>
  <testcase name="test[Icdm16TraditionalMiningTest-DesqDfs-fff-5-2-5-false-]" classname="de.uni_mannheim.desq.mining.Icdm16TraditionalMiningTest" time="0.001"/>
  <testcase name="test[Icdm16TraditionalMiningTest-DesqDfs-fff-5-2-5-true-]" classname="de.uni_mannheim.desq.mining.Icdm16TraditionalMiningTest" time="0.001"/>
  <testcase name="test[Icdm16TraditionalMiningTest-DesqDfs-fff-5-2-7-false-]" classname="de.uni_mannheim.desq.mining.Icdm16TraditionalMiningTest" time="0"/>
  <testcase name="test[Icdm16TraditionalMiningTest-DesqDfs-fff-5-2-7-true-]" classname="de.uni_mannheim.desq.mining.Icdm16TraditionalMiningTest" time="0.001"/>
  <testcase name="test[Icdm16TraditionalMiningTest-DesqDfs-fff-7-0-1-false-]" classname="de.uni_mannheim.desq.mining.Icdm16TraditionalMiningTest" time="0"/>
  <testcase name="test[Icdm16TraditionalMiningTest-DesqDfs-fff-7-0-1-true-]" classname="de.uni_mannheim.desq.mining.Icdm16TraditionalMiningTest" time="0.001"/>
  <testcase name="test[Icdm16TraditionalMiningTest-DesqDfs-fff-7-0-3-false-]" classname="de.uni_mannheim.desq.mining.Icdm16TraditionalMiningTest" time="0"/>
  <testcase name="test[Icdm16TraditionalMiningTest-DesqDfs-fff-7-0-3-true-]" classname="de.uni_mannheim.desq.mining.Icdm16TraditionalMiningTest" time="0.001"/>
  <testcase name="test[Icdm16TraditionalMiningTest-DesqDfs-fff-7-0-5-false-]" classname="de.uni_mannheim.desq.mining.Icdm16TraditionalMiningTest" time="0"/>
  <testcase name="test[Icdm16TraditionalMiningTest-DesqDfs-fff-7-0-5-true-]" classname="de.uni_mannheim.desq.mining.Icdm16TraditionalMiningTest" time="0.001"/>
  <testcase name="test[Icdm16TraditionalMiningTest-DesqDfs-fff-7-0-7-false-]" classname="de.uni_mannheim.desq.mining.Icdm16TraditionalMiningTest" time="0"/>
  <testcase name="test[Icdm16TraditionalMiningTest-DesqDfs-fff-7-0-7-true-]" classname="de.uni_mannheim.desq.mining.Icdm16TraditionalMiningTest" time="0"/>
  <testcase name="test[Icdm16TraditionalMiningTest-DesqDfs-fff-7-1-1-false-]" classname="de.uni_mannheim.desq.mining.Icdm16TraditionalMiningTest" time="0.001"/>
  <testcase name="test[Icdm16TraditionalMiningTest-DesqDfs-fff-7-1-1-true-]" classname="de.uni_mannheim.desq.mining.Icdm16TraditionalMiningTest" time="0"/>
  <testcase name="test[Icdm16TraditionalMiningTest-DesqDfs-fff-7-1-3-false-]" classname="de.uni_mannheim.desq.mining.Icdm16TraditionalMiningTest" time="0.001"/>
  <testcase name="test[Icdm16TraditionalMiningTest-DesqDfs-fff-7-1-3-true-]" classname="de.uni_mannheim.desq.mining.Icdm16TraditionalMiningTest" time="0"/>
  <testcase name="test[Icdm16TraditionalMiningTest-DesqDfs-fff-7-1-5-false-]" classname="de.uni_mannheim.desq.mining.Icdm16TraditionalMiningTest" time="0.001"/>
  <testcase name="test[Icdm16TraditionalMiningTest-DesqDfs-fff-7-1-5-true-]" classname="de.uni_mannheim.desq.mining.Icdm16TraditionalMiningTest" time="0"/>
  <testcase name="test[Icdm16TraditionalMiningTest-DesqDfs-fff-7-1-7-false-]" classname="de.uni_mannheim.desq.mining.Icdm16TraditionalMiningTest" time="0.001"/>
  <testcase name="test[Icdm16TraditionalMiningTest-DesqDfs-fff-7-1-7-true-]" classname="de.uni_mannheim.desq.mining.Icdm16TraditionalMiningTest" time="0"/>
  <testcase name="test[Icdm16TraditionalMiningTest-DesqDfs-fff-7-2-1-false-]" classname="de.uni_mannheim.desq.mining.Icdm16TraditionalMiningTest" time="0.001"/>
  <testcase name="test[Icdm16TraditionalMiningTest-DesqDfs-fff-7-2-1-true-]" classname="de.uni_mannheim.desq.mining.Icdm16TraditionalMiningTest" time="0"/>
  <testcase name="test[Icdm16TraditionalMiningTest-DesqDfs-fff-7-2-3-false-]" classname="de.uni_mannheim.desq.mining.Icdm16TraditionalMiningTest" time="0"/>
  <testcase name="test[Icdm16TraditionalMiningTest-DesqDfs-fff-7-2-3-true-]" classname="de.uni_mannheim.desq.mining.Icdm16TraditionalMiningTest" time="0.001"/>
  <testcase name="test[Icdm16TraditionalMiningTest-DesqDfs-fff-7-2-5-false-]" classname="de.uni_mannheim.desq.mining.Icdm16TraditionalMiningTest" time="0"/>
  <testcase name="test[Icdm16TraditionalMiningTest-DesqDfs-fff-7-2-5-true-]" classname="de.uni_mannheim.desq.mining.Icdm16TraditionalMiningTest" time="0.001"/>
  <testcase name="test[Icdm16TraditionalMiningTest-DesqDfs-fff-7-2-7-false-]" classname="de.uni_mannheim.desq.mining.Icdm16TraditionalMiningTest" time="0"/>
  <testcase name="test[Icdm16TraditionalMiningTest-DesqDfs-fff-7-2-7-true-]" classname="de.uni_mannheim.desq.mining.Icdm16TraditionalMiningTest" time="0.001"/>
  <testcase name="test[Icdm16TraditionalMiningTest-DesqDfs-tff-1-0-1-false-]" classname="de.uni_mannheim.desq.mining.Icdm16TraditionalMiningTest" time="0.001"/>
  <testcase name="test[Icdm16TraditionalMiningTest-DesqDfs-tff-1-0-1-true-]" classname="de.uni_mannheim.desq.mining.Icdm16TraditionalMiningTest" time="0"/>
  <testcase name="test[Icdm16TraditionalMiningTest-DesqDfs-tff-1-0-3-false-]" classname="de.uni_mannheim.desq.mining.Icdm16TraditionalMiningTest" time="0.001"/>
  <testcase name="test[Icdm16TraditionalMiningTest-DesqDfs-tff-1-0-3-true-]" classname="de.uni_mannheim.desq.mining.Icdm16TraditionalMiningTest" time="0.001"/>
  <testcase name="test[Icdm16TraditionalMiningTest-DesqDfs-tff-1-0-5-false-]" classname="de.uni_mannheim.desq.mining.Icdm16TraditionalMiningTest" time="0.001"/>
  <testcase name="test[Icdm16TraditionalMiningTest-DesqDfs-tff-1-0-5-true-]" classname="de.uni_mannheim.desq.mining.Icdm16TraditionalMiningTest" time="0.002"/>
  <testcase name="test[Icdm16TraditionalMiningTest-DesqDfs-tff-1-0-7-false-]" classname="de.uni_mannheim.desq.mining.Icdm16TraditionalMiningTest" time="0.001"/>
  <testcase name="test[Icdm16TraditionalMiningTest-DesqDfs-tff-1-0-7-true-]" classname="de.uni_mannheim.desq.mining.Icdm16TraditionalMiningTest" time="0.002"/>
  <testcase name="test[Icdm16TraditionalMiningTest-DesqDfs-tff-1-1-1-false-]" classname="de.uni_mannheim.desq.mining.Icdm16TraditionalMiningTest" time="0"/>
  <testcase name="test[Icdm16TraditionalMiningTest-DesqDfs-tff-1-1-1-true-]" classname="de.uni_mannheim.desq.mining.Icdm16TraditionalMiningTest" time="0.001"/>
  <testcase name="test[Icdm16TraditionalMiningTest-DesqDfs-tff-1-1-3-false-]" classname="de.uni_mannheim.desq.mining.Icdm16TraditionalMiningTest" time="0.001"/>
  <testcase name="test[Icdm16TraditionalMiningTest-DesqDfs-tff-1-1-3-true-]" classname="de.uni_mannheim.desq.mining.Icdm16TraditionalMiningTest" time="0.001"/>
  <testcase name="test[Icdm16TraditionalMiningTest-DesqDfs-tff-1-1-5-false-]" classname="de.uni_mannheim.desq.mining.Icdm16TraditionalMiningTest" time="0.001"/>
  <testcase name="test[Icdm16TraditionalMiningTest-DesqDfs-tff-1-1-5-true-]" classname="de.uni_mannheim.desq.mining.Icdm16TraditionalMiningTest" time="0.003"/>
  <testcase name="test[Icdm16TraditionalMiningTest-DesqDfs-tff-1-1-7-false-]" classname="de.uni_mannheim.desq.mining.Icdm16TraditionalMiningTest" time="0.001"/>
  <testcase name="test[Icdm16TraditionalMiningTest-DesqDfs-tff-1-1-7-true-]" classname="de.uni_mannheim.desq.mining.Icdm16TraditionalMiningTest" time="0.003"/>
  <testcase name="test[Icdm16TraditionalMiningTest-DesqDfs-tff-1-2-1-false-]" classname="de.uni_mannheim.desq.mining.Icdm16TraditionalMiningTest" time="0.001"/>
  <testcase name="test[Icdm16TraditionalMiningTest-DesqDfs-tff-1-2-1-true-]" classname="de.uni_mannheim.desq.mining.Icdm16TraditionalMiningTest" time="0"/>
  <testcase name="test[Icdm16TraditionalMiningTest-DesqDfs-tff-1-2-3-false-]" classname="de.uni_mannheim.desq.mining.Icdm16TraditionalMiningTest" time="0.001"/>
  <testcase name="test[Icdm16TraditionalMiningTest-DesqDfs-tff-1-2-3-true-]" classname="de.uni_mannheim.desq.mining.Icdm16TraditionalMiningTest" time="0.002"/>
  <testcase name="test[Icdm16TraditionalMiningTest-DesqDfs-tff-1-2-5-false-]" classname="de.uni_mannheim.desq.mining.Icdm16TraditionalMiningTest" time="0.001"/>
  <testcase name="test[Icdm16TraditionalMiningTest-DesqDfs-tff-1-2-5-true-]" classname="de.uni_mannheim.desq.mining.Icdm16TraditionalMiningTest" time="0.003"/>
  <testcase name="test[Icdm16TraditionalMiningTest-DesqDfs-tff-1-2-7-false-]" classname="de.uni_mannheim.desq.mining.Icdm16TraditionalMiningTest" time="0.001"/>
  <testcase name="test[Icdm16TraditionalMiningTest-DesqDfs-tff-1-2-7-true-]" classname="de.uni_mannheim.desq.mining.Icdm16TraditionalMiningTest" time="0.004"/>
  <testcase name="test[Icdm16TraditionalMiningTest-DesqDfs-tff-3-0-1-false-]" classname="de.uni_mannheim.desq.mining.Icdm16TraditionalMiningTest" time="0"/>
  <testcase name="test[Icdm16TraditionalMiningTest-DesqDfs-tff-3-0-1-true-]" classname="de.uni_mannheim.desq.mining.Icdm16TraditionalMiningTest" time="0.001"/>
  <testcase name="test[Icdm16TraditionalMiningTest-DesqDfs-tff-3-0-3-false-]" classname="de.uni_mannheim.desq.mining.Icdm16TraditionalMiningTest" time="0.001"/>
  <testcase name="test[Icdm16TraditionalMiningTest-DesqDfs-tff-3-0-3-true-]" classname="de.uni_mannheim.desq.mining.Icdm16TraditionalMiningTest" time="0"/>
  <testcase name="test[Icdm16TraditionalMiningTest-DesqDfs-tff-3-0-5-false-]" classname="de.uni_mannheim.desq.mining.Icdm16TraditionalMiningTest" time="0.001"/>
  <testcase name="test[Icdm16TraditionalMiningTest-DesqDfs-tff-3-0-5-true-]" classname="de.uni_mannheim.desq.mining.Icdm16TraditionalMiningTest" time="0"/>
  <testcase name="test[Icdm16TraditionalMiningTest-DesqDfs-tff-3-0-7-false-]" classname="de.uni_mannheim.desq.mining.Icdm16TraditionalMiningTest" time="0.001"/>
  <testcase name="test[Icdm16TraditionalMiningTest-DesqDfs-tff-3-0-7-true-]" classname="de.uni_mannheim.desq.mining.Icdm16TraditionalMiningTest" time="0.001"/>
  <testcase name="test[Icdm16TraditionalMiningTest-DesqDfs-tff-3-1-1-false-]" classname="de.uni_mannheim.desq.mining.Icdm16TraditionalMiningTest" time="0"/>
  <testcase name="test[Icdm16TraditionalMiningTest-DesqDfs-tff-3-1-1-true-]" classname="de.uni_mannheim.desq.mining.Icdm16TraditionalMiningTest" time="0.001"/>
  <testcase name="test[Icdm16TraditionalMiningTest-DesqDfs-tff-3-1-3-false-]" classname="de.uni_mannheim.desq.mining.Icdm16TraditionalMiningTest" time="0"/>
  <testcase name="test[Icdm16TraditionalMiningTest-DesqDfs-tff-3-1-3-true-]" classname="de.uni_mannheim.desq.mining.Icdm16TraditionalMiningTest" time="0.001"/>
  <testcase name="test[Icdm16TraditionalMiningTest-DesqDfs-tff-3-1-5-false-]" classname="de.uni_mannheim.desq.mining.Icdm16TraditionalMiningTest" time="0.001"/>
  <testcase name="test[Icdm16TraditionalMiningTest-DesqDfs-tff-3-1-5-true-]" classname="de.uni_mannheim.desq.mining.Icdm16TraditionalMiningTest" time="0"/>
  <testcase name="test[Icdm16TraditionalMiningTest-DesqDfs-tff-3-1-7-false-]" classname="de.uni_mannheim.desq.mining.Icdm16TraditionalMiningTest" time="0.001"/>
  <testcase name="test[Icdm16TraditionalMiningTest-DesqDfs-tff-3-1-7-true-]" classname="de.uni_mannheim.desq.mining.Icdm16TraditionalMiningTest" time="0.001"/>
  <testcase name="test[Icdm16TraditionalMiningTest-DesqDfs-tff-3-2-1-false-]" classname="de.uni_mannheim.desq.mining.Icdm16TraditionalMiningTest" time="0"/>
  <testcase name="test[Icdm16TraditionalMiningTest-DesqDfs-tff-3-2-1-true-]" classname="de.uni_mannheim.desq.mining.Icdm16TraditionalMiningTest" time="0.001"/>
  <testcase name="test[Icdm16TraditionalMiningTest-DesqDfs-tff-3-2-3-false-]" classname="de.uni_mannheim.desq.mining.Icdm16TraditionalMiningTest" time="0.001"/>
  <testcase name="test[Icdm16TraditionalMiningTest-DesqDfs-tff-3-2-3-true-]" classname="de.uni_mannheim.desq.mining.Icdm16TraditionalMiningTest" time="0"/>
  <testcase name="test[Icdm16TraditionalMiningTest-DesqDfs-tff-3-2-5-false-]" classname="de.uni_mannheim.desq.mining.Icdm16TraditionalMiningTest" time="0.001"/>
  <testcase name="test[Icdm16TraditionalMiningTest-DesqDfs-tff-3-2-5-true-]" classname="de.uni_mannheim.desq.mining.Icdm16TraditionalMiningTest" time="0.001"/>
  <testcase name="test[Icdm16TraditionalMiningTest-DesqDfs-tff-3-2-7-false-]" classname="de.uni_mannheim.desq.mining.Icdm16TraditionalMiningTest" time="0"/>
  <testcase name="test[Icdm16TraditionalMiningTest-DesqDfs-tff-3-2-7-true-]" classname="de.uni_mannheim.desq.mining.Icdm16TraditionalMiningTest" time="0"/>
  <testcase name="test[Icdm16TraditionalMiningTest-DesqDfs-tff-5-0-1-false-]" classname="de.uni_mannheim.desq.mining.Icdm16TraditionalMiningTest" time="0.001"/>
  <testcase name="test[Icdm16TraditionalMiningTest-DesqDfs-tff-5-0-1-true-]" classname="de.uni_mannheim.desq.mining.Icdm16TraditionalMiningTest" time="0"/>
  <testcase name="test[Icdm16TraditionalMiningTest-DesqDfs-tff-5-0-3-false-]" classname="de.uni_mannheim.desq.mining.Icdm16TraditionalMiningTest" time="0.005"/>
  <testcase name="test[Icdm16TraditionalMiningTest-DesqDfs-tff-5-0-3-true-]" classname="de.uni_mannheim.desq.mining.Icdm16TraditionalMiningTest" time="0"/>
  <testcase name="test[Icdm16TraditionalMiningTest-DesqDfs-tff-5-0-5-false-]" classname="de.uni_mannheim.desq.mining.Icdm16TraditionalMiningTest" time="0"/>
  <testcase name="test[Icdm16TraditionalMiningTest-DesqDfs-tff-5-0-5-true-]" classname="de.uni_mannheim.desq.mining.Icdm16TraditionalMiningTest" time="0"/>
  <testcase name="test[Icdm16TraditionalMiningTest-DesqDfs-tff-5-0-7-false-]" classname="de.uni_mannheim.desq.mining.Icdm16TraditionalMiningTest" time="0.001"/>
  <testcase name="test[Icdm16TraditionalMiningTest-DesqDfs-tff-5-0-7-true-]" classname="de.uni_mannheim.desq.mining.Icdm16TraditionalMiningTest" time="0.001"/>
  <testcase name="test[Icdm16TraditionalMiningTest-DesqDfs-tff-5-1-1-false-]" classname="de.uni_mannheim.desq.mining.Icdm16TraditionalMiningTest" time="0.002"/>
  <testcase name="test[Icdm16TraditionalMiningTest-DesqDfs-tff-5-1-1-true-]" classname="de.uni_mannheim.desq.mining.Icdm16TraditionalMiningTest" time="0"/>
  <testcase name="test[Icdm16TraditionalMiningTest-DesqDfs-tff-5-1-3-false-]" classname="de.uni_mannheim.desq.mining.Icdm16TraditionalMiningTest" time="0.001"/>
  <testcase name="test[Icdm16TraditionalMiningTest-DesqDfs-tff-5-1-3-true-]" classname="de.uni_mannheim.desq.mining.Icdm16TraditionalMiningTest" time="0.001"/>
  <testcase name="test[Icdm16TraditionalMiningTest-DesqDfs-tff-5-1-5-false-]" classname="de.uni_mannheim.desq.mining.Icdm16TraditionalMiningTest" time="0"/>
  <testcase name="test[Icdm16TraditionalMiningTest-DesqDfs-tff-5-1-5-true-]" classname="de.uni_mannheim.desq.mining.Icdm16TraditionalMiningTest" time="0.001"/>
  <testcase name="test[Icdm16TraditionalMiningTest-DesqDfs-tff-5-1-7-false-]" classname="de.uni_mannheim.desq.mining.Icdm16TraditionalMiningTest" time="0"/>
  <testcase name="test[Icdm16TraditionalMiningTest-DesqDfs-tff-5-1-7-true-]" classname="de.uni_mannheim.desq.mining.Icdm16TraditionalMiningTest" time="0.001"/>
  <testcase name="test[Icdm16TraditionalMiningTest-DesqDfs-tff-5-2-1-false-]" classname="de.uni_mannheim.desq.mining.Icdm16TraditionalMiningTest" time="0.001"/>
  <testcase name="test[Icdm16TraditionalMiningTest-DesqDfs-tff-5-2-1-true-]" classname="de.uni_mannheim.desq.mining.Icdm16TraditionalMiningTest" time="0"/>
  <testcase name="test[Icdm16TraditionalMiningTest-DesqDfs-tff-5-2-3-false-]" classname="de.uni_mannheim.desq.mining.Icdm16TraditionalMiningTest" time="0.001"/>
  <testcase name="test[Icdm16TraditionalMiningTest-DesqDfs-tff-5-2-3-true-]" classname="de.uni_mannheim.desq.mining.Icdm16TraditionalMiningTest" time="0.001"/>
  <testcase name="test[Icdm16TraditionalMiningTest-DesqDfs-tff-5-2-5-false-]" classname="de.uni_mannheim.desq.mining.Icdm16TraditionalMiningTest" time="0"/>
  <testcase name="test[Icdm16TraditionalMiningTest-DesqDfs-tff-5-2-5-true-]" classname="de.uni_mannheim.desq.mining.Icdm16TraditionalMiningTest" time="0.001"/>
  <testcase name="test[Icdm16TraditionalMiningTest-DesqDfs-tff-5-2-7-false-]" classname="de.uni_mannheim.desq.mining.Icdm16TraditionalMiningTest" time="0.001"/>
  <testcase name="test[Icdm16TraditionalMiningTest-DesqDfs-tff-5-2-7-true-]" classname="de.uni_mannheim.desq.mining.Icdm16TraditionalMiningTest" time="0"/>
  <testcase name="test[Icdm16TraditionalMiningTest-DesqDfs-tff-7-0-1-false-]" classname="de.uni_mannheim.desq.mining.Icdm16TraditionalMiningTest" time="0"/>
  <testcase name="test[Icdm16TraditionalMiningTest-DesqDfs-tff-7-0-1-true-]" classname="de.uni_mannheim.desq.mining.Icdm16TraditionalMiningTest" time="0.001"/>
  <testcase name="test[Icdm16TraditionalMiningTest-DesqDfs-tff-7-0-3-false-]" classname="de.uni_mannheim.desq.mining.Icdm16TraditionalMiningTest" time="0"/>
  <testcase name="test[Icdm16TraditionalMiningTest-DesqDfs-tff-7-0-3-true-]" classname="de.uni_mannheim.desq.mining.Icdm16TraditionalMiningTest" time="0"/>
  <testcase name="test[Icdm16TraditionalMiningTest-DesqDfs-tff-7-0-5-false-]" classname="de.uni_mannheim.desq.mining.Icdm16TraditionalMiningTest" time="0.001"/>
  <testcase name="test[Icdm16TraditionalMiningTest-DesqDfs-tff-7-0-5-true-]" classname="de.uni_mannheim.desq.mining.Icdm16TraditionalMiningTest" time="0"/>
  <testcase name="test[Icdm16TraditionalMiningTest-DesqDfs-tff-7-0-7-false-]" classname="de.uni_mannheim.desq.mining.Icdm16TraditionalMiningTest" time="0.001"/>
  <testcase name="test[Icdm16TraditionalMiningTest-DesqDfs-tff-7-0-7-true-]" classname="de.uni_mannheim.desq.mining.Icdm16TraditionalMiningTest" time="0"/>
  <testcase name="test[Icdm16TraditionalMiningTest-DesqDfs-tff-7-1-1-false-]" classname="de.uni_mannheim.desq.mining.Icdm16TraditionalMiningTest" time="0.001"/>
  <testcase name="test[Icdm16TraditionalMiningTest-DesqDfs-tff-7-1-1-true-]" classname="de.uni_mannheim.desq.mining.Icdm16TraditionalMiningTest" time="0"/>
  <testcase name="test[Icdm16TraditionalMiningTest-DesqDfs-tff-7-1-3-false-]" classname="de.uni_mannheim.desq.mining.Icdm16TraditionalMiningTest" time="0"/>
  <testcase name="test[Icdm16TraditionalMiningTest-DesqDfs-tff-7-1-3-true-]" classname="de.uni_mannheim.desq.mining.Icdm16TraditionalMiningTest" time="0.001"/>
  <testcase name="test[Icdm16TraditionalMiningTest-DesqDfs-tff-7-1-5-false-]" classname="de.uni_mannheim.desq.mining.Icdm16TraditionalMiningTest" time="0"/>
  <testcase name="test[Icdm16TraditionalMiningTest-DesqDfs-tff-7-1-5-true-]" classname="de.uni_mannheim.desq.mining.Icdm16TraditionalMiningTest" time="0.001"/>
  <testcase name="test[Icdm16TraditionalMiningTest-DesqDfs-tff-7-1-7-false-]" classname="de.uni_mannheim.desq.mining.Icdm16TraditionalMiningTest" time="0"/>
  <testcase name="test[Icdm16TraditionalMiningTest-DesqDfs-tff-7-1-7-true-]" classname="de.uni_mannheim.desq.mining.Icdm16TraditionalMiningTest" time="0.001"/>
  <testcase name="test[Icdm16TraditionalMiningTest-DesqDfs-tff-7-2-1-false-]" classname="de.uni_mannheim.desq.mining.Icdm16TraditionalMiningTest" time="0"/>
  <testcase name="test[Icdm16TraditionalMiningTest-DesqDfs-tff-7-2-1-true-]" classname="de.uni_mannheim.desq.mining.Icdm16TraditionalMiningTest" time="0.001"/>
  <testcase name="test[Icdm16TraditionalMiningTest-DesqDfs-tff-7-2-3-false-]" classname="de.uni_mannheim.desq.mining.Icdm16TraditionalMiningTest" time="0"/>
  <testcase name="test[Icdm16TraditionalMiningTest-DesqDfs-tff-7-2-3-true-]" classname="de.uni_mannheim.desq.mining.Icdm16TraditionalMiningTest" time="0.001"/>
  <testcase name="test[Icdm16TraditionalMiningTest-DesqDfs-tff-7-2-5-false-]" classname="de.uni_mannheim.desq.mining.Icdm16TraditionalMiningTest" time="0"/>
  <testcase name="test[Icdm16TraditionalMiningTest-DesqDfs-tff-7-2-5-true-]" classname="de.uni_mannheim.desq.mining.Icdm16TraditionalMiningTest" time="0.001"/>
  <testcase name="test[Icdm16TraditionalMiningTest-DesqDfs-tff-7-2-7-false-]" classname="de.uni_mannheim.desq.mining.Icdm16TraditionalMiningTest" time="0"/>
  <testcase name="test[Icdm16TraditionalMiningTest-DesqDfs-tff-7-2-7-true-]" classname="de.uni_mannheim.desq.mining.Icdm16TraditionalMiningTest" time="0.001"/>
  <testcase name="test[Icdm16TraditionalMiningTest-DesqDfs-tft-1-0-1-false-]" classname="de.uni_mannheim.desq.mining.Icdm16TraditionalMiningTest" time="0.001"/>
  <testcase name="test[Icdm16TraditionalMiningTest-DesqDfs-tft-1-0-1-true-]" classname="de.uni_mannheim.desq.mining.Icdm16TraditionalMiningTest" time="0"/>
  <testcase name="test[Icdm16TraditionalMiningTest-DesqDfs-tft-1-0-3-false-]" classname="de.uni_mannheim.desq.mining.Icdm16TraditionalMiningTest" time="0.001"/>
  <testcase name="test[Icdm16TraditionalMiningTest-DesqDfs-tft-1-0-3-true-]" classname="de.uni_mannheim.desq.mining.Icdm16TraditionalMiningTest" time="0.001"/>
  <testcase name="test[Icdm16TraditionalMiningTest-DesqDfs-tft-1-0-5-false-]" classname="de.uni_mannheim.desq.mining.Icdm16TraditionalMiningTest" time="0.001"/>
  <testcase name="test[Icdm16TraditionalMiningTest-DesqDfs-tft-1-0-5-true-]" classname="de.uni_mannheim.desq.mining.Icdm16TraditionalMiningTest" time="0.002"/>
  <testcase name="test[Icdm16TraditionalMiningTest-DesqDfs-tft-1-0-7-false-]" classname="de.uni_mannheim.desq.mining.Icdm16TraditionalMiningTest" time="0.001"/>
  <testcase name="test[Icdm16TraditionalMiningTest-DesqDfs-tft-1-0-7-true-]" classname="de.uni_mannheim.desq.mining.Icdm16TraditionalMiningTest" time="0.002"/>
  <testcase name="test[Icdm16TraditionalMiningTest-DesqDfs-tft-1-1-1-false-]" classname="de.uni_mannheim.desq.mining.Icdm16TraditionalMiningTest" time="0.001"/>
  <testcase name="test[Icdm16TraditionalMiningTest-DesqDfs-tft-1-1-1-true-]" classname="de.uni_mannheim.desq.mining.Icdm16TraditionalMiningTest" time="0"/>
  <testcase name="test[Icdm16TraditionalMiningTest-DesqDfs-tft-1-1-3-false-]" classname="de.uni_mannheim.desq.mining.Icdm16TraditionalMiningTest" time="0.001"/>
  <testcase name="test[Icdm16TraditionalMiningTest-DesqDfs-tft-1-1-3-true-]" classname="de.uni_mannheim.desq.mining.Icdm16TraditionalMiningTest" time="0.002"/>
  <testcase name="test[Icdm16TraditionalMiningTest-DesqDfs-tft-1-1-5-false-]" classname="de.uni_mannheim.desq.mining.Icdm16TraditionalMiningTest" time="0.001"/>
  <testcase name="test[Icdm16TraditionalMiningTest-DesqDfs-tft-1-1-5-true-]" classname="de.uni_mannheim.desq.mining.Icdm16TraditionalMiningTest" time="0.003"/>
  <testcase name="test[Icdm16TraditionalMiningTest-DesqDfs-tft-1-1-7-false-]" classname="de.uni_mannheim.desq.mining.Icdm16TraditionalMiningTest" time="0.001"/>
  <testcase name="test[Icdm16TraditionalMiningTest-DesqDfs-tft-1-1-7-true-]" classname="de.uni_mannheim.desq.mining.Icdm16TraditionalMiningTest" time="0.003"/>
  <testcase name="test[Icdm16TraditionalMiningTest-DesqDfs-tft-1-2-1-false-]" classname="de.uni_mannheim.desq.mining.Icdm16TraditionalMiningTest" time="0.001"/>
  <testcase name="test[Icdm16TraditionalMiningTest-DesqDfs-tft-1-2-1-true-]" classname="de.uni_mannheim.desq.mining.Icdm16TraditionalMiningTest" time="0"/>
  <testcase name="test[Icdm16TraditionalMiningTest-DesqDfs-tft-1-2-3-false-]" classname="de.uni_mannheim.desq.mining.Icdm16TraditionalMiningTest" time="0.001"/>
  <testcase name="test[Icdm16TraditionalMiningTest-DesqDfs-tft-1-2-3-true-]" classname="de.uni_mannheim.desq.mining.Icdm16TraditionalMiningTest" time="0.002"/>
  <testcase name="test[Icdm16TraditionalMiningTest-DesqDfs-tft-1-2-5-false-]" classname="de.uni_mannheim.desq.mining.Icdm16TraditionalMiningTest" time="0.001"/>
  <testcase name="test[Icdm16TraditionalMiningTest-DesqDfs-tft-1-2-5-true-]" classname="de.uni_mannheim.desq.mining.Icdm16TraditionalMiningTest" time="0.018"/>
  <testcase name="test[Icdm16TraditionalMiningTest-DesqDfs-tft-1-2-7-false-]" classname="de.uni_mannheim.desq.mining.Icdm16TraditionalMiningTest" time="0.002"/>
  <testcase name="test[Icdm16TraditionalMiningTest-DesqDfs-tft-1-2-7-true-]" classname="de.uni_mannheim.desq.mining.Icdm16TraditionalMiningTest" time="0.006"/>
  <testcase name="test[Icdm16TraditionalMiningTest-DesqDfs-tft-3-0-1-false-]" classname="de.uni_mannheim.desq.mining.Icdm16TraditionalMiningTest" time="0.001"/>
  <testcase name="test[Icdm16TraditionalMiningTest-DesqDfs-tft-3-0-1-true-]" classname="de.uni_mannheim.desq.mining.Icdm16TraditionalMiningTest" time="0.001"/>
  <testcase name="test[Icdm16TraditionalMiningTest-DesqDfs-tft-3-0-3-false-]" classname="de.uni_mannheim.desq.mining.Icdm16TraditionalMiningTest" time="0.001"/>
  <testcase name="test[Icdm16TraditionalMiningTest-DesqDfs-tft-3-0-3-true-]" classname="de.uni_mannheim.desq.mining.Icdm16TraditionalMiningTest" time="0.02"/>
  <testcase name="test[Icdm16TraditionalMiningTest-DesqDfs-tft-3-0-5-false-]" classname="de.uni_mannheim.desq.mining.Icdm16TraditionalMiningTest" time="0"/>
  <testcase name="test[Icdm16TraditionalMiningTest-DesqDfs-tft-3-0-5-true-]" classname="de.uni_mannheim.desq.mining.Icdm16TraditionalMiningTest" time="0"/>
  <testcase name="test[Icdm16TraditionalMiningTest-DesqDfs-tft-3-0-7-false-]" classname="de.uni_mannheim.desq.mining.Icdm16TraditionalMiningTest" time="0.001"/>
  <testcase name="test[Icdm16TraditionalMiningTest-DesqDfs-tft-3-0-7-true-]" classname="de.uni_mannheim.desq.mining.Icdm16TraditionalMiningTest" time="0.002"/>
  <testcase name="test[Icdm16TraditionalMiningTest-DesqDfs-tft-3-1-1-false-]" classname="de.uni_mannheim.desq.mining.Icdm16TraditionalMiningTest" time="0.001"/>
  <testcase name="test[Icdm16TraditionalMiningTest-DesqDfs-tft-3-1-1-true-]" classname="de.uni_mannheim.desq.mining.Icdm16TraditionalMiningTest" time="0.001"/>
  <testcase name="test[Icdm16TraditionalMiningTest-DesqDfs-tft-3-1-3-false-]" classname="de.uni_mannheim.desq.mining.Icdm16TraditionalMiningTest" time="0.001"/>
  <testcase name="test[Icdm16TraditionalMiningTest-DesqDfs-tft-3-1-3-true-]" classname="de.uni_mannheim.desq.mining.Icdm16TraditionalMiningTest" time="0.001"/>
  <testcase name="test[Icdm16TraditionalMiningTest-DesqDfs-tft-3-1-5-false-]" classname="de.uni_mannheim.desq.mining.Icdm16TraditionalMiningTest" time="0.001"/>
  <testcase name="test[Icdm16TraditionalMiningTest-DesqDfs-tft-3-1-5-true-]" classname="de.uni_mannheim.desq.mining.Icdm16TraditionalMiningTest" time="0.001"/>
  <testcase name="test[Icdm16TraditionalMiningTest-DesqDfs-tft-3-1-7-false-]" classname="de.uni_mannheim.desq.mining.Icdm16TraditionalMiningTest" time="0.001"/>
  <testcase name="test[Icdm16TraditionalMiningTest-DesqDfs-tft-3-1-7-true-]" classname="de.uni_mannheim.desq.mining.Icdm16TraditionalMiningTest" time="0.002"/>
  <testcase name="test[Icdm16TraditionalMiningTest-DesqDfs-tft-3-2-1-false-]" classname="de.uni_mannheim.desq.mining.Icdm16TraditionalMiningTest" time="0"/>
  <testcase name="test[Icdm16TraditionalMiningTest-DesqDfs-tft-3-2-1-true-]" classname="de.uni_mannheim.desq.mining.Icdm16TraditionalMiningTest" time="0"/>
  <testcase name="test[Icdm16TraditionalMiningTest-DesqDfs-tft-3-2-3-false-]" classname="de.uni_mannheim.desq.mining.Icdm16TraditionalMiningTest" time="0.001"/>
  <testcase name="test[Icdm16TraditionalMiningTest-DesqDfs-tft-3-2-3-true-]" classname="de.uni_mannheim.desq.mining.Icdm16TraditionalMiningTest" time="0.001"/>
  <testcase name="test[Icdm16TraditionalMiningTest-DesqDfs-tft-3-2-5-false-]" classname="de.uni_mannheim.desq.mining.Icdm16TraditionalMiningTest" time="0.001"/>
  <testcase name="test[Icdm16TraditionalMiningTest-DesqDfs-tft-3-2-5-true-]" classname="de.uni_mannheim.desq.mining.Icdm16TraditionalMiningTest" time="0.001"/>
  <testcase name="test[Icdm16TraditionalMiningTest-DesqDfs-tft-3-2-7-false-]" classname="de.uni_mannheim.desq.mining.Icdm16TraditionalMiningTest" time="0"/>
  <testcase name="test[Icdm16TraditionalMiningTest-DesqDfs-tft-3-2-7-true-]" classname="de.uni_mannheim.desq.mining.Icdm16TraditionalMiningTest" time="0.001"/>
  <testcase name="test[Icdm16TraditionalMiningTest-DesqDfs-tft-5-0-1-false-]" classname="de.uni_mannheim.desq.mining.Icdm16TraditionalMiningTest" time="0.001"/>
  <testcase name="test[Icdm16TraditionalMiningTest-DesqDfs-tft-5-0-1-true-]" classname="de.uni_mannheim.desq.mining.Icdm16TraditionalMiningTest" time="0.001"/>
  <testcase name="test[Icdm16TraditionalMiningTest-DesqDfs-tft-5-0-3-false-]" classname="de.uni_mannheim.desq.mining.Icdm16TraditionalMiningTest" time="0"/>
  <testcase name="test[Icdm16TraditionalMiningTest-DesqDfs-tft-5-0-3-true-]" classname="de.uni_mannheim.desq.mining.Icdm16TraditionalMiningTest" time="0.001"/>
  <testcase name="test[Icdm16TraditionalMiningTest-DesqDfs-tft-5-0-5-false-]" classname="de.uni_mannheim.desq.mining.Icdm16TraditionalMiningTest" time="0.001"/>
  <testcase name="test[Icdm16TraditionalMiningTest-DesqDfs-tft-5-0-5-true-]" classname="de.uni_mannheim.desq.mining.Icdm16TraditionalMiningTest" time="0"/>
  <testcase name="test[Icdm16TraditionalMiningTest-DesqDfs-tft-5-0-7-false-]" classname="de.uni_mannheim.desq.mining.Icdm16TraditionalMiningTest" time="0.001"/>
  <testcase name="test[Icdm16TraditionalMiningTest-DesqDfs-tft-5-0-7-true-]" classname="de.uni_mannheim.desq.mining.Icdm16TraditionalMiningTest" time="0.001"/>
  <testcase name="test[Icdm16TraditionalMiningTest-DesqDfs-tft-5-1-1-false-]" classname="de.uni_mannheim.desq.mining.Icdm16TraditionalMiningTest" time="0"/>
  <testcase name="test[Icdm16TraditionalMiningTest-DesqDfs-tft-5-1-1-true-]" classname="de.uni_mannheim.desq.mining.Icdm16TraditionalMiningTest" time="0.001"/>
  <testcase name="test[Icdm16TraditionalMiningTest-DesqDfs-tft-5-1-3-false-]" classname="de.uni_mannheim.desq.mining.Icdm16TraditionalMiningTest" time="0"/>
  <testcase name="test[Icdm16TraditionalMiningTest-DesqDfs-tft-5-1-3-true-]" classname="de.uni_mannheim.desq.mining.Icdm16TraditionalMiningTest" time="0.001"/>
  <testcase name="test[Icdm16TraditionalMiningTest-DesqDfs-tft-5-1-5-false-]" classname="de.uni_mannheim.desq.mining.Icdm16TraditionalMiningTest" time="0.001"/>
  <testcase name="test[Icdm16TraditionalMiningTest-DesqDfs-tft-5-1-5-true-]" classname="de.uni_mannheim.desq.mining.Icdm16TraditionalMiningTest" time="0"/>
  <testcase name="test[Icdm16TraditionalMiningTest-DesqDfs-tft-5-1-7-false-]" classname="de.uni_mannheim.desq.mining.Icdm16TraditionalMiningTest" time="0.001"/>
  <testcase name="test[Icdm16TraditionalMiningTest-DesqDfs-tft-5-1-7-true-]" classname="de.uni_mannheim.desq.mining.Icdm16TraditionalMiningTest" time="0.001"/>
  <testcase name="test[Icdm16TraditionalMiningTest-DesqDfs-tft-5-2-1-false-]" classname="de.uni_mannheim.desq.mining.Icdm16TraditionalMiningTest" time="0"/>
  <testcase name="test[Icdm16TraditionalMiningTest-DesqDfs-tft-5-2-1-true-]" classname="de.uni_mannheim.desq.mining.Icdm16TraditionalMiningTest" time="0.001"/>
  <testcase name="test[Icdm16TraditionalMiningTest-DesqDfs-tft-5-2-3-false-]" classname="de.uni_mannheim.desq.mining.Icdm16TraditionalMiningTest" time="0"/>
  <testcase name="test[Icdm16TraditionalMiningTest-DesqDfs-tft-5-2-3-true-]" classname="de.uni_mannheim.desq.mining.Icdm16TraditionalMiningTest" time="0"/>
  <testcase name="test[Icdm16TraditionalMiningTest-DesqDfs-tft-5-2-5-false-]" classname="de.uni_mannheim.desq.mining.Icdm16TraditionalMiningTest" time="0.001"/>
  <testcase name="test[Icdm16TraditionalMiningTest-DesqDfs-tft-5-2-5-true-]" classname="de.uni_mannheim.desq.mining.Icdm16TraditionalMiningTest" time="0.001"/>
  <testcase name="test[Icdm16TraditionalMiningTest-DesqDfs-tft-5-2-7-false-]" classname="de.uni_mannheim.desq.mining.Icdm16TraditionalMiningTest" time="0"/>
  <testcase name="test[Icdm16TraditionalMiningTest-DesqDfs-tft-5-2-7-true-]" classname="de.uni_mannheim.desq.mining.Icdm16TraditionalMiningTest" time="0.001"/>
  <testcase name="test[Icdm16TraditionalMiningTest-DesqDfs-tft-7-0-1-false-]" classname="de.uni_mannheim.desq.mining.Icdm16TraditionalMiningTest" time="0.001"/>
  <testcase name="test[Icdm16TraditionalMiningTest-DesqDfs-tft-7-0-1-true-]" classname="de.uni_mannheim.desq.mining.Icdm16TraditionalMiningTest" time="0"/>
  <testcase name="test[Icdm16TraditionalMiningTest-DesqDfs-tft-7-0-3-false-]" classname="de.uni_mannheim.desq.mining.Icdm16TraditionalMiningTest" time="0"/>
  <testcase name="test[Icdm16TraditionalMiningTest-DesqDfs-tft-7-0-3-true-]" classname="de.uni_mannheim.desq.mining.Icdm16TraditionalMiningTest" time="0.001"/>
  <testcase name="test[Icdm16TraditionalMiningTest-DesqDfs-tft-7-0-5-false-]" classname="de.uni_mannheim.desq.mining.Icdm16TraditionalMiningTest" time="0"/>
  <testcase name="test[Icdm16TraditionalMiningTest-DesqDfs-tft-7-0-5-true-]" classname="de.uni_mannheim.desq.mining.Icdm16TraditionalMiningTest" time="0.001"/>
  <testcase name="test[Icdm16TraditionalMiningTest-DesqDfs-tft-7-0-7-false-]" classname="de.uni_mannheim.desq.mining.Icdm16TraditionalMiningTest" time="0"/>
  <testcase name="test[Icdm16TraditionalMiningTest-DesqDfs-tft-7-0-7-true-]" classname="de.uni_mannheim.desq.mining.Icdm16TraditionalMiningTest" time="0.001"/>
  <testcase name="test[Icdm16TraditionalMiningTest-DesqDfs-tft-7-1-1-false-]" classname="de.uni_mannheim.desq.mining.Icdm16TraditionalMiningTest" time="0"/>
  <testcase name="test[Icdm16TraditionalMiningTest-DesqDfs-tft-7-1-1-true-]" classname="de.uni_mannheim.desq.mining.Icdm16TraditionalMiningTest" time="0.001"/>
  <testcase name="test[Icdm16TraditionalMiningTest-DesqDfs-tft-7-1-3-false-]" classname="de.uni_mannheim.desq.mining.Icdm16TraditionalMiningTest" time="0"/>
  <testcase name="test[Icdm16TraditionalMiningTest-DesqDfs-tft-7-1-3-true-]" classname="de.uni_mannheim.desq.mining.Icdm16TraditionalMiningTest" time="0"/>
  <testcase name="test[Icdm16TraditionalMiningTest-DesqDfs-tft-7-1-5-false-]" classname="de.uni_mannheim.desq.mining.Icdm16TraditionalMiningTest" time="0.001"/>
  <testcase name="test[Icdm16TraditionalMiningTest-DesqDfs-tft-7-1-5-true-]" classname="de.uni_mannheim.desq.mining.Icdm16TraditionalMiningTest" time="0"/>
  <testcase name="test[Icdm16TraditionalMiningTest-DesqDfs-tft-7-1-7-false-]" classname="de.uni_mannheim.desq.mining.Icdm16TraditionalMiningTest" time="0.001"/>
  <testcase name="test[Icdm16TraditionalMiningTest-DesqDfs-tft-7-1-7-true-]" classname="de.uni_mannheim.desq.mining.Icdm16TraditionalMiningTest" time="0"/>
  <testcase name="test[Icdm16TraditionalMiningTest-DesqDfs-tft-7-2-1-false-]" classname="de.uni_mannheim.desq.mining.Icdm16TraditionalMiningTest" time="0.001"/>
  <testcase name="test[Icdm16TraditionalMiningTest-DesqDfs-tft-7-2-1-true-]" classname="de.uni_mannheim.desq.mining.Icdm16TraditionalMiningTest" time="0"/>
  <testcase name="test[Icdm16TraditionalMiningTest-DesqDfs-tft-7-2-3-false-]" classname="de.uni_mannheim.desq.mining.Icdm16TraditionalMiningTest" time="0.001"/>
  <testcase name="test[Icdm16TraditionalMiningTest-DesqDfs-tft-7-2-3-true-]" classname="de.uni_mannheim.desq.mining.Icdm16TraditionalMiningTest" time="0"/>
  <testcase name="test[Icdm16TraditionalMiningTest-DesqDfs-tft-7-2-5-false-]" classname="de.uni_mannheim.desq.mining.Icdm16TraditionalMiningTest" time="0.001"/>
  <testcase name="test[Icdm16TraditionalMiningTest-DesqDfs-tft-7-2-5-true-]" classname="de.uni_mannheim.desq.mining.Icdm16TraditionalMiningTest" time="0"/>
  <testcase name="test[Icdm16TraditionalMiningTest-DesqDfs-tft-7-2-7-false-]" classname="de.uni_mannheim.desq.mining.Icdm16TraditionalMiningTest" time="0.001"/>
  <testcase name="test[Icdm16TraditionalMiningTest-DesqDfs-tft-7-2-7-true-]" classname="de.uni_mannheim.desq.mining.Icdm16TraditionalMiningTest" time="0.001"/>
  <testcase name="test[Icdm16TraditionalMiningTest-DesqDfs-ttf-1-0-1-false-]" classname="de.uni_mannheim.desq.mining.Icdm16TraditionalMiningTest" time="0"/>
  <testcase name="test[Icdm16TraditionalMiningTest-DesqDfs-ttf-1-0-1-true-]" classname="de.uni_mannheim.desq.mining.Icdm16TraditionalMiningTest" time="0.001"/>
  <testcase name="test[Icdm16TraditionalMiningTest-DesqDfs-ttf-1-0-3-false-]" classname="de.uni_mannheim.desq.mining.Icdm16TraditionalMiningTest" time="0"/>
  <testcase name="test[Icdm16TraditionalMiningTest-DesqDfs-ttf-1-0-3-true-]" classname="de.uni_mannheim.desq.mining.Icdm16TraditionalMiningTest" time="0.001"/>
  <testcase name="test[Icdm16TraditionalMiningTest-DesqDfs-ttf-1-0-5-false-]" classname="de.uni_mannheim.desq.mining.Icdm16TraditionalMiningTest" time="0"/>
  <testcase name="test[Icdm16TraditionalMiningTest-DesqDfs-ttf-1-0-5-true-]" classname="de.uni_mannheim.desq.mining.Icdm16TraditionalMiningTest" time="0.002"/>
  <testcase name="test[Icdm16TraditionalMiningTest-DesqDfs-ttf-1-0-7-false-]" classname="de.uni_mannheim.desq.mining.Icdm16TraditionalMiningTest" time="0.001"/>
  <testcase name="test[Icdm16TraditionalMiningTest-DesqDfs-ttf-1-0-7-true-]" classname="de.uni_mannheim.desq.mining.Icdm16TraditionalMiningTest" time="0.002"/>
  <testcase name="test[Icdm16TraditionalMiningTest-DesqDfs-ttf-1-1-1-false-]" classname="de.uni_mannheim.desq.mining.Icdm16TraditionalMiningTest" time="0.001"/>
  <testcase name="test[Icdm16TraditionalMiningTest-DesqDfs-ttf-1-1-1-true-]" classname="de.uni_mannheim.desq.mining.Icdm16TraditionalMiningTest" time="0"/>
  <testcase name="test[Icdm16TraditionalMiningTest-DesqDfs-ttf-1-1-3-false-]" classname="de.uni_mannheim.desq.mining.Icdm16TraditionalMiningTest" time="0.001"/>
  <testcase name="test[Icdm16TraditionalMiningTest-DesqDfs-ttf-1-1-3-true-]" classname="de.uni_mannheim.desq.mining.Icdm16TraditionalMiningTest" time="0.002"/>
  <testcase name="test[Icdm16TraditionalMiningTest-DesqDfs-ttf-1-1-5-false-]" classname="de.uni_mannheim.desq.mining.Icdm16TraditionalMiningTest" time="0.001"/>
  <testcase name="test[Icdm16TraditionalMiningTest-DesqDfs-ttf-1-1-5-true-]" classname="de.uni_mannheim.desq.mining.Icdm16TraditionalMiningTest" time="0.003"/>
  <testcase name="test[Icdm16TraditionalMiningTest-DesqDfs-ttf-1-1-7-false-]" classname="de.uni_mannheim.desq.mining.Icdm16TraditionalMiningTest" time="0.001"/>
  <testcase name="test[Icdm16TraditionalMiningTest-DesqDfs-ttf-1-1-7-true-]" classname="de.uni_mannheim.desq.mining.Icdm16TraditionalMiningTest" time="0.003"/>
  <testcase name="test[Icdm16TraditionalMiningTest-DesqDfs-ttf-1-2-1-false-]" classname="de.uni_mannheim.desq.mining.Icdm16TraditionalMiningTest" time="0.001"/>
  <testcase name="test[Icdm16TraditionalMiningTest-DesqDfs-ttf-1-2-1-true-]" classname="de.uni_mannheim.desq.mining.Icdm16TraditionalMiningTest" time="0"/>
  <testcase name="test[Icdm16TraditionalMiningTest-DesqDfs-ttf-1-2-3-false-]" classname="de.uni_mannheim.desq.mining.Icdm16TraditionalMiningTest" time="0.001"/>
  <testcase name="test[Icdm16TraditionalMiningTest-DesqDfs-ttf-1-2-3-true-]" classname="de.uni_mannheim.desq.mining.Icdm16TraditionalMiningTest" time="0.001"/>
  <testcase name="test[Icdm16TraditionalMiningTest-DesqDfs-ttf-1-2-5-false-]" classname="de.uni_mannheim.desq.mining.Icdm16TraditionalMiningTest" time="0.002"/>
  <testcase name="test[Icdm16TraditionalMiningTest-DesqDfs-ttf-1-2-5-true-]" classname="de.uni_mannheim.desq.mining.Icdm16TraditionalMiningTest" time="0.003"/>
  <testcase name="test[Icdm16TraditionalMiningTest-DesqDfs-ttf-1-2-7-false-]" classname="de.uni_mannheim.desq.mining.Icdm16TraditionalMiningTest" time="0.001"/>
  <testcase name="test[Icdm16TraditionalMiningTest-DesqDfs-ttf-1-2-7-true-]" classname="de.uni_mannheim.desq.mining.Icdm16TraditionalMiningTest" time="0.003"/>
  <testcase name="test[Icdm16TraditionalMiningTest-DesqDfs-ttf-3-0-1-false-]" classname="de.uni_mannheim.desq.mining.Icdm16TraditionalMiningTest" time="0.001"/>
  <testcase name="test[Icdm16TraditionalMiningTest-DesqDfs-ttf-3-0-1-true-]" classname="de.uni_mannheim.desq.mining.Icdm16TraditionalMiningTest" time="0"/>
  <testcase name="test[Icdm16TraditionalMiningTest-DesqDfs-ttf-3-0-3-false-]" classname="de.uni_mannheim.desq.mining.Icdm16TraditionalMiningTest" time="0.001"/>
  <testcase name="test[Icdm16TraditionalMiningTest-DesqDfs-ttf-3-0-3-true-]" classname="de.uni_mannheim.desq.mining.Icdm16TraditionalMiningTest" time="0.001"/>
  <testcase name="test[Icdm16TraditionalMiningTest-DesqDfs-ttf-3-0-5-false-]" classname="de.uni_mannheim.desq.mining.Icdm16TraditionalMiningTest" time="0"/>
  <testcase name="test[Icdm16TraditionalMiningTest-DesqDfs-ttf-3-0-5-true-]" classname="de.uni_mannheim.desq.mining.Icdm16TraditionalMiningTest" time="0.001"/>
  <testcase name="test[Icdm16TraditionalMiningTest-DesqDfs-ttf-3-0-7-false-]" classname="de.uni_mannheim.desq.mining.Icdm16TraditionalMiningTest" time="0"/>
  <testcase name="test[Icdm16TraditionalMiningTest-DesqDfs-ttf-3-0-7-true-]" classname="de.uni_mannheim.desq.mining.Icdm16TraditionalMiningTest" time="0"/>
  <testcase name="test[Icdm16TraditionalMiningTest-DesqDfs-ttf-3-1-1-false-]" classname="de.uni_mannheim.desq.mining.Icdm16TraditionalMiningTest" time="0.001"/>
  <testcase name="test[Icdm16TraditionalMiningTest-DesqDfs-ttf-3-1-1-true-]" classname="de.uni_mannheim.desq.mining.Icdm16TraditionalMiningTest" time="0"/>
  <testcase name="test[Icdm16TraditionalMiningTest-DesqDfs-ttf-3-1-3-false-]" classname="de.uni_mannheim.desq.mining.Icdm16TraditionalMiningTest" time="0.001"/>
  <testcase name="test[Icdm16TraditionalMiningTest-DesqDfs-ttf-3-1-3-true-]" classname="de.uni_mannheim.desq.mining.Icdm16TraditionalMiningTest" time="0.001"/>
  <testcase name="test[Icdm16TraditionalMiningTest-DesqDfs-ttf-3-1-5-false-]" classname="de.uni_mannheim.desq.mining.Icdm16TraditionalMiningTest" time="0"/>
  <testcase name="test[Icdm16TraditionalMiningTest-DesqDfs-ttf-3-1-5-true-]" classname="de.uni_mannheim.desq.mining.Icdm16TraditionalMiningTest" time="0.001"/>
  <testcase name="test[Icdm16TraditionalMiningTest-DesqDfs-ttf-3-1-7-false-]" classname="de.uni_mannheim.desq.mining.Icdm16TraditionalMiningTest" time="0.001"/>
  <testcase name="test[Icdm16TraditionalMiningTest-DesqDfs-ttf-3-1-7-true-]" classname="de.uni_mannheim.desq.mining.Icdm16TraditionalMiningTest" time="0"/>
  <testcase name="test[Icdm16TraditionalMiningTest-DesqDfs-ttf-3-2-1-false-]" classname="de.uni_mannheim.desq.mining.Icdm16TraditionalMiningTest" time="0"/>
  <testcase name="test[Icdm16TraditionalMiningTest-DesqDfs-ttf-3-2-1-true-]" classname="de.uni_mannheim.desq.mining.Icdm16TraditionalMiningTest" time="0"/>
  <testcase name="test[Icdm16TraditionalMiningTest-DesqDfs-ttf-3-2-3-false-]" classname="de.uni_mannheim.desq.mining.Icdm16TraditionalMiningTest" time="0"/>
  <testcase name="test[Icdm16TraditionalMiningTest-DesqDfs-ttf-3-2-3-true-]" classname="de.uni_mannheim.desq.mining.Icdm16TraditionalMiningTest" time="0"/>
  <testcase name="test[Icdm16TraditionalMiningTest-DesqDfs-ttf-3-2-5-false-]" classname="de.uni_mannheim.desq.mining.Icdm16TraditionalMiningTest" time="0.002"/>
  <testcase name="test[Icdm16TraditionalMiningTest-DesqDfs-ttf-3-2-5-true-]" classname="de.uni_mannheim.desq.mining.Icdm16TraditionalMiningTest" time="0.002"/>
  <testcase name="test[Icdm16TraditionalMiningTest-DesqDfs-ttf-3-2-7-false-]" classname="de.uni_mannheim.desq.mining.Icdm16TraditionalMiningTest" time="0.001"/>
  <testcase name="test[Icdm16TraditionalMiningTest-DesqDfs-ttf-3-2-7-true-]" classname="de.uni_mannheim.desq.mining.Icdm16TraditionalMiningTest" time="0.001"/>
  <testcase name="test[Icdm16TraditionalMiningTest-DesqDfs-ttf-5-0-1-false-]" classname="de.uni_mannheim.desq.mining.Icdm16TraditionalMiningTest" time="0"/>
  <testcase name="test[Icdm16TraditionalMiningTest-DesqDfs-ttf-5-0-1-true-]" classname="de.uni_mannheim.desq.mining.Icdm16TraditionalMiningTest" time="0.001"/>
  <testcase name="test[Icdm16TraditionalMiningTest-DesqDfs-ttf-5-0-3-false-]" classname="de.uni_mannheim.desq.mining.Icdm16TraditionalMiningTest" time="0.001"/>
  <testcase name="test[Icdm16TraditionalMiningTest-DesqDfs-ttf-5-0-3-true-]" classname="de.uni_mannheim.desq.mining.Icdm16TraditionalMiningTest" time="0"/>
  <testcase name="test[Icdm16TraditionalMiningTest-DesqDfs-ttf-5-0-5-false-]" classname="de.uni_mannheim.desq.mining.Icdm16TraditionalMiningTest" time="0.001"/>
  <testcase name="test[Icdm16TraditionalMiningTest-DesqDfs-ttf-5-0-5-true-]" classname="de.uni_mannheim.desq.mining.Icdm16TraditionalMiningTest" time="0"/>
  <testcase name="test[Icdm16TraditionalMiningTest-DesqDfs-ttf-5-0-7-false-]" classname="de.uni_mannheim.desq.mining.Icdm16TraditionalMiningTest" time="0.001"/>
  <testcase name="test[Icdm16TraditionalMiningTest-DesqDfs-ttf-5-0-7-true-]" classname="de.uni_mannheim.desq.mining.Icdm16TraditionalMiningTest" time="0.001"/>
  <testcase name="test[Icdm16TraditionalMiningTest-DesqDfs-ttf-5-1-1-false-]" classname="de.uni_mannheim.desq.mining.Icdm16TraditionalMiningTest" time="0"/>
  <testcase name="test[Icdm16TraditionalMiningTest-DesqDfs-ttf-5-1-1-true-]" classname="de.uni_mannheim.desq.mining.Icdm16TraditionalMiningTest" time="0.001"/>
  <testcase name="test[Icdm16TraditionalMiningTest-DesqDfs-ttf-5-1-3-false-]" classname="de.uni_mannheim.desq.mining.Icdm16TraditionalMiningTest" time="0"/>
  <testcase name="test[Icdm16TraditionalMiningTest-DesqDfs-ttf-5-1-3-true-]" classname="de.uni_mannheim.desq.mining.Icdm16TraditionalMiningTest" time="0.001"/>
  <testcase name="test[Icdm16TraditionalMiningTest-DesqDfs-ttf-5-1-5-false-]" classname="de.uni_mannheim.desq.mining.Icdm16TraditionalMiningTest" time="0.001"/>
  <testcase name="test[Icdm16TraditionalMiningTest-DesqDfs-ttf-5-1-5-true-]" classname="de.uni_mannheim.desq.mining.Icdm16TraditionalMiningTest" time="0"/>
  <testcase name="test[Icdm16TraditionalMiningTest-DesqDfs-ttf-5-1-7-false-]" classname="de.uni_mannheim.desq.mining.Icdm16TraditionalMiningTest" time="0.001"/>
  <testcase name="test[Icdm16TraditionalMiningTest-DesqDfs-ttf-5-1-7-true-]" classname="de.uni_mannheim.desq.mining.Icdm16TraditionalMiningTest" time="0.001"/>
  <testcase name="test[Icdm16TraditionalMiningTest-DesqDfs-ttf-5-2-1-false-]" classname="de.uni_mannheim.desq.mining.Icdm16TraditionalMiningTest" time="0"/>
  <testcase name="test[Icdm16TraditionalMiningTest-DesqDfs-ttf-5-2-1-true-]" classname="de.uni_mannheim.desq.mining.Icdm16TraditionalMiningTest" time="0.001"/>
  <testcase name="test[Icdm16TraditionalMiningTest-DesqDfs-ttf-5-2-3-false-]" classname="de.uni_mannheim.desq.mining.Icdm16TraditionalMiningTest" time="0"/>
  <testcase name="test[Icdm16TraditionalMiningTest-DesqDfs-ttf-5-2-3-true-]" classname="de.uni_mannheim.desq.mining.Icdm16TraditionalMiningTest" time="0.001"/>
  <testcase name="test[Icdm16TraditionalMiningTest-DesqDfs-ttf-5-2-5-false-]" classname="de.uni_mannheim.desq.mining.Icdm16TraditionalMiningTest" time="0.001"/>
  <testcase name="test[Icdm16TraditionalMiningTest-DesqDfs-ttf-5-2-5-true-]" classname="de.uni_mannheim.desq.mining.Icdm16TraditionalMiningTest" time="0"/>
  <testcase name="test[Icdm16TraditionalMiningTest-DesqDfs-ttf-5-2-7-false-]" classname="de.uni_mannheim.desq.mining.Icdm16TraditionalMiningTest" time="0.001"/>
  <testcase name="test[Icdm16TraditionalMiningTest-DesqDfs-ttf-5-2-7-true-]" classname="de.uni_mannheim.desq.mining.Icdm16TraditionalMiningTest" time="0.001"/>
  <testcase name="test[Icdm16TraditionalMiningTest-DesqDfs-ttf-7-0-1-false-]" classname="de.uni_mannheim.desq.mining.Icdm16TraditionalMiningTest" time="0"/>
  <testcase name="test[Icdm16TraditionalMiningTest-DesqDfs-ttf-7-0-1-true-]" classname="de.uni_mannheim.desq.mining.Icdm16TraditionalMiningTest" time="0.001"/>
  <testcase name="test[Icdm16TraditionalMiningTest-DesqDfs-ttf-7-0-3-false-]" classname="de.uni_mannheim.desq.mining.Icdm16TraditionalMiningTest" time="0"/>
  <testcase name="test[Icdm16TraditionalMiningTest-DesqDfs-ttf-7-0-3-true-]" classname="de.uni_mannheim.desq.mining.Icdm16TraditionalMiningTest" time="0.001"/>
  <testcase name="test[Icdm16TraditionalMiningTest-DesqDfs-ttf-7-0-5-false-]" classname="de.uni_mannheim.desq.mining.Icdm16TraditionalMiningTest" time="0"/>
  <testcase name="test[Icdm16TraditionalMiningTest-DesqDfs-ttf-7-0-5-true-]" classname="de.uni_mannheim.desq.mining.Icdm16TraditionalMiningTest" time="0"/>
  <testcase name="test[Icdm16TraditionalMiningTest-DesqDfs-ttf-7-0-7-false-]" classname="de.uni_mannheim.desq.mining.Icdm16TraditionalMiningTest" time="0.001"/>
  <testcase name="test[Icdm16TraditionalMiningTest-DesqDfs-ttf-7-0-7-true-]" classname="de.uni_mannheim.desq.mining.Icdm16TraditionalMiningTest" time="0"/>
  <testcase name="test[Icdm16TraditionalMiningTest-DesqDfs-ttf-7-1-1-false-]" classname="de.uni_mannheim.desq.mining.Icdm16TraditionalMiningTest" time="0.001"/>
  <testcase name="test[Icdm16TraditionalMiningTest-DesqDfs-ttf-7-1-1-true-]" classname="de.uni_mannheim.desq.mining.Icdm16TraditionalMiningTest" time="0"/>
  <testcase name="test[Icdm16TraditionalMiningTest-DesqDfs-ttf-7-1-3-false-]" classname="de.uni_mannheim.desq.mining.Icdm16TraditionalMiningTest" time="0.001"/>
  <testcase name="test[Icdm16TraditionalMiningTest-DesqDfs-ttf-7-1-3-true-]" classname="de.uni_mannheim.desq.mining.Icdm16TraditionalMiningTest" time="0"/>
  <testcase name="test[Icdm16TraditionalMiningTest-DesqDfs-ttf-7-1-5-false-]" classname="de.uni_mannheim.desq.mining.Icdm16TraditionalMiningTest" time="0.001"/>
  <testcase name="test[Icdm16TraditionalMiningTest-DesqDfs-ttf-7-1-5-true-]" classname="de.uni_mannheim.desq.mining.Icdm16TraditionalMiningTest" time="0"/>
  <testcase name="test[Icdm16TraditionalMiningTest-DesqDfs-ttf-7-1-7-false-]" classname="de.uni_mannheim.desq.mining.Icdm16TraditionalMiningTest" time="0"/>
  <testcase name="test[Icdm16TraditionalMiningTest-DesqDfs-ttf-7-1-7-true-]" classname="de.uni_mannheim.desq.mining.Icdm16TraditionalMiningTest" time="0"/>
  <testcase name="test[Icdm16TraditionalMiningTest-DesqDfs-ttf-7-2-1-false-]" classname="de.uni_mannheim.desq.mining.Icdm16TraditionalMiningTest" time="0"/>
  <testcase name="test[Icdm16TraditionalMiningTest-DesqDfs-ttf-7-2-1-true-]" classname="de.uni_mannheim.desq.mining.Icdm16TraditionalMiningTest" time="0.001"/>
  <testcase name="test[Icdm16TraditionalMiningTest-DesqDfs-ttf-7-2-3-false-]" classname="de.uni_mannheim.desq.mining.Icdm16TraditionalMiningTest" time="0"/>
  <testcase name="test[Icdm16TraditionalMiningTest-DesqDfs-ttf-7-2-3-true-]" classname="de.uni_mannheim.desq.mining.Icdm16TraditionalMiningTest" time="0.001"/>
  <testcase name="test[Icdm16TraditionalMiningTest-DesqDfs-ttf-7-2-5-false-]" classname="de.uni_mannheim.desq.mining.Icdm16TraditionalMiningTest" time="0"/>
  <testcase name="test[Icdm16TraditionalMiningTest-DesqDfs-ttf-7-2-5-true-]" classname="de.uni_mannheim.desq.mining.Icdm16TraditionalMiningTest" time="0.001"/>
  <testcase name="test[Icdm16TraditionalMiningTest-DesqDfs-ttf-7-2-7-false-]" classname="de.uni_mannheim.desq.mining.Icdm16TraditionalMiningTest" time="0"/>
  <testcase name="test[Icdm16TraditionalMiningTest-DesqDfs-ttf-7-2-7-true-]" classname="de.uni_mannheim.desq.mining.Icdm16TraditionalMiningTest" time="0.001"/>
  <testcase name="test[Icdm16TraditionalMiningTest-DesqDfs-ttt-1-0-1-false-]" classname="de.uni_mannheim.desq.mining.Icdm16TraditionalMiningTest" time="0"/>
  <testcase name="test[Icdm16TraditionalMiningTest-DesqDfs-ttt-1-0-1-true-]" classname="de.uni_mannheim.desq.mining.Icdm16TraditionalMiningTest" time="0"/>
  <testcase name="test[Icdm16TraditionalMiningTest-DesqDfs-ttt-1-0-3-false-]" classname="de.uni_mannheim.desq.mining.Icdm16TraditionalMiningTest" time="0.001"/>
  <testcase name="test[Icdm16TraditionalMiningTest-DesqDfs-ttt-1-0-3-true-]" classname="de.uni_mannheim.desq.mining.Icdm16TraditionalMiningTest" time="0.001"/>
  <testcase name="test[Icdm16TraditionalMiningTest-DesqDfs-ttt-1-0-5-false-]" classname="de.uni_mannheim.desq.mining.Icdm16TraditionalMiningTest" time="0.001"/>
  <testcase name="test[Icdm16TraditionalMiningTest-DesqDfs-ttt-1-0-5-true-]" classname="de.uni_mannheim.desq.mining.Icdm16TraditionalMiningTest" time="0.002"/>
  <testcase name="test[Icdm16TraditionalMiningTest-DesqDfs-ttt-1-0-7-false-]" classname="de.uni_mannheim.desq.mining.Icdm16TraditionalMiningTest" time="0"/>
  <testcase name="test[Icdm16TraditionalMiningTest-DesqDfs-ttt-1-0-7-true-]" classname="de.uni_mannheim.desq.mining.Icdm16TraditionalMiningTest" time="0.003"/>
  <testcase name="test[Icdm16TraditionalMiningTest-DesqDfs-ttt-1-1-1-false-]" classname="de.uni_mannheim.desq.mining.Icdm16TraditionalMiningTest" time="0"/>
  <testcase name="test[Icdm16TraditionalMiningTest-DesqDfs-ttt-1-1-1-true-]" classname="de.uni_mannheim.desq.mining.Icdm16TraditionalMiningTest" time="0.001"/>
  <testcase name="test[Icdm16TraditionalMiningTest-DesqDfs-ttt-1-1-3-false-]" classname="de.uni_mannheim.desq.mining.Icdm16TraditionalMiningTest" time="0.001"/>
  <testcase name="test[Icdm16TraditionalMiningTest-DesqDfs-ttt-1-1-3-true-]" classname="de.uni_mannheim.desq.mining.Icdm16TraditionalMiningTest" time="0.001"/>
  <testcase name="test[Icdm16TraditionalMiningTest-DesqDfs-ttt-1-1-5-false-]" classname="de.uni_mannheim.desq.mining.Icdm16TraditionalMiningTest" time="0.001"/>
  <testcase name="test[Icdm16TraditionalMiningTest-DesqDfs-ttt-1-1-5-true-]" classname="de.uni_mannheim.desq.mining.Icdm16TraditionalMiningTest" time="0.003"/>
  <testcase name="test[Icdm16TraditionalMiningTest-DesqDfs-ttt-1-1-7-false-]" classname="de.uni_mannheim.desq.mining.Icdm16TraditionalMiningTest" time="0.001"/>
  <testcase name="test[Icdm16TraditionalMiningTest-DesqDfs-ttt-1-1-7-true-]" classname="de.uni_mannheim.desq.mining.Icdm16TraditionalMiningTest" time="0.003"/>
  <testcase name="test[Icdm16TraditionalMiningTest-DesqDfs-ttt-1-2-1-false-]" classname="de.uni_mannheim.desq.mining.Icdm16TraditionalMiningTest" time="0.001"/>
  <testcase name="test[Icdm16TraditionalMiningTest-DesqDfs-ttt-1-2-1-true-]" classname="de.uni_mannheim.desq.mining.Icdm16TraditionalMiningTest" time="0"/>
  <testcase name="test[Icdm16TraditionalMiningTest-DesqDfs-ttt-1-2-3-false-]" classname="de.uni_mannheim.desq.mining.Icdm16TraditionalMiningTest" time="0.001"/>
  <testcase name="test[Icdm16TraditionalMiningTest-DesqDfs-ttt-1-2-3-true-]" classname="de.uni_mannheim.desq.mining.Icdm16TraditionalMiningTest" time="0.002"/>
  <testcase name="test[Icdm16TraditionalMiningTest-DesqDfs-ttt-1-2-5-false-]" classname="de.uni_mannheim.desq.mining.Icdm16TraditionalMiningTest" time="0.001"/>
  <testcase name="test[Icdm16TraditionalMiningTest-DesqDfs-ttt-1-2-5-true-]" classname="de.uni_mannheim.desq.mining.Icdm16TraditionalMiningTest" time="0.003"/>
  <testcase name="test[Icdm16TraditionalMiningTest-DesqDfs-ttt-1-2-7-false-]" classname="de.uni_mannheim.desq.mining.Icdm16TraditionalMiningTest" time="0.001"/>
  <testcase name="test[Icdm16TraditionalMiningTest-DesqDfs-ttt-1-2-7-true-]" classname="de.uni_mannheim.desq.mining.Icdm16TraditionalMiningTest" time="0.003"/>
  <testcase name="test[Icdm16TraditionalMiningTest-DesqDfs-ttt-3-0-1-false-]" classname="de.uni_mannheim.desq.mining.Icdm16TraditionalMiningTest" time="0.001"/>
  <testcase name="test[Icdm16TraditionalMiningTest-DesqDfs-ttt-3-0-1-true-]" classname="de.uni_mannheim.desq.mining.Icdm16TraditionalMiningTest" time="0"/>
  <testcase name="test[Icdm16TraditionalMiningTest-DesqDfs-ttt-3-0-3-false-]" classname="de.uni_mannheim.desq.mining.Icdm16TraditionalMiningTest" time="0.001"/>
  <testcase name="test[Icdm16TraditionalMiningTest-DesqDfs-ttt-3-0-3-true-]" classname="de.uni_mannheim.desq.mining.Icdm16TraditionalMiningTest" time="0.001"/>
  <testcase name="test[Icdm16TraditionalMiningTest-DesqDfs-ttt-3-0-5-false-]" classname="de.uni_mannheim.desq.mining.Icdm16TraditionalMiningTest" time="0"/>
  <testcase name="test[Icdm16TraditionalMiningTest-DesqDfs-ttt-3-0-5-true-]" classname="de.uni_mannheim.desq.mining.Icdm16TraditionalMiningTest" time="0.001"/>
  <testcase name="test[Icdm16TraditionalMiningTest-DesqDfs-ttt-3-0-7-false-]" classname="de.uni_mannheim.desq.mining.Icdm16TraditionalMiningTest" time="0"/>
  <testcase name="test[Icdm16TraditionalMiningTest-DesqDfs-ttt-3-0-7-true-]" classname="de.uni_mannheim.desq.mining.Icdm16TraditionalMiningTest" time="0.001"/>
  <testcase name="test[Icdm16TraditionalMiningTest-DesqDfs-ttt-3-1-1-false-]" classname="de.uni_mannheim.desq.mining.Icdm16TraditionalMiningTest" time="0.001"/>
  <testcase name="test[Icdm16TraditionalMiningTest-DesqDfs-ttt-3-1-1-true-]" classname="de.uni_mannheim.desq.mining.Icdm16TraditionalMiningTest" time="0"/>
  <testcase name="test[Icdm16TraditionalMiningTest-DesqDfs-ttt-3-1-3-false-]" classname="de.uni_mannheim.desq.mining.Icdm16TraditionalMiningTest" time="0.001"/>
  <testcase name="test[Icdm16TraditionalMiningTest-DesqDfs-ttt-3-1-3-true-]" classname="de.uni_mannheim.desq.mining.Icdm16TraditionalMiningTest" time="0"/>
  <testcase name="test[Icdm16TraditionalMiningTest-DesqDfs-ttt-3-1-5-false-]" classname="de.uni_mannheim.desq.mining.Icdm16TraditionalMiningTest" time="0.001"/>
  <testcase name="test[Icdm16TraditionalMiningTest-DesqDfs-ttt-3-1-5-true-]" classname="de.uni_mannheim.desq.mining.Icdm16TraditionalMiningTest" time="0.001"/>
  <testcase name="test[Icdm16TraditionalMiningTest-DesqDfs-ttt-3-1-7-false-]" classname="de.uni_mannheim.desq.mining.Icdm16TraditionalMiningTest" time="0"/>
  <testcase name="test[Icdm16TraditionalMiningTest-DesqDfs-ttt-3-1-7-true-]" classname="de.uni_mannheim.desq.mining.Icdm16TraditionalMiningTest" time="0.001"/>
  <testcase name="test[Icdm16TraditionalMiningTest-DesqDfs-ttt-3-2-1-false-]" classname="de.uni_mannheim.desq.mining.Icdm16TraditionalMiningTest" time="0.001"/>
  <testcase name="test[Icdm16TraditionalMiningTest-DesqDfs-ttt-3-2-1-true-]" classname="de.uni_mannheim.desq.mining.Icdm16TraditionalMiningTest" time="0"/>
  <testcase name="test[Icdm16TraditionalMiningTest-DesqDfs-ttt-3-2-3-false-]" classname="de.uni_mannheim.desq.mining.Icdm16TraditionalMiningTest" time="0.001"/>
  <testcase name="test[Icdm16TraditionalMiningTest-DesqDfs-ttt-3-2-3-true-]" classname="de.uni_mannheim.desq.mining.Icdm16TraditionalMiningTest" time="0.001"/>
  <testcase name="test[Icdm16TraditionalMiningTest-DesqDfs-ttt-3-2-5-false-]" classname="de.uni_mannheim.desq.mining.Icdm16TraditionalMiningTest" time="0"/>
  <testcase name="test[Icdm16TraditionalMiningTest-DesqDfs-ttt-3-2-5-true-]" classname="de.uni_mannheim.desq.mining.Icdm16TraditionalMiningTest" time="0.001"/>
  <testcase name="test[Icdm16TraditionalMiningTest-DesqDfs-ttt-3-2-7-false-]" classname="de.uni_mannheim.desq.mining.Icdm16TraditionalMiningTest" time="0.001"/>
  <testcase name="test[Icdm16TraditionalMiningTest-DesqDfs-ttt-3-2-7-true-]" classname="de.uni_mannheim.desq.mining.Icdm16TraditionalMiningTest" time="0.001"/>
  <testcase name="test[Icdm16TraditionalMiningTest-DesqDfs-ttt-5-0-1-false-]" classname="de.uni_mannheim.desq.mining.Icdm16TraditionalMiningTest" time="0"/>
  <testcase name="test[Icdm16TraditionalMiningTest-DesqDfs-ttt-5-0-1-true-]" classname="de.uni_mannheim.desq.mining.Icdm16TraditionalMiningTest" time="0.001"/>
  <testcase name="test[Icdm16TraditionalMiningTest-DesqDfs-ttt-5-0-3-false-]" classname="de.uni_mannheim.desq.mining.Icdm16TraditionalMiningTest" time="0"/>
  <testcase name="test[Icdm16TraditionalMiningTest-DesqDfs-ttt-5-0-3-true-]" classname="de.uni_mannheim.desq.mining.Icdm16TraditionalMiningTest" time="0.001"/>
  <testcase name="test[Icdm16TraditionalMiningTest-DesqDfs-ttt-5-0-5-false-]" classname="de.uni_mannheim.desq.mining.Icdm16TraditionalMiningTest" time="0"/>
  <testcase name="test[Icdm16TraditionalMiningTest-DesqDfs-ttt-5-0-5-true-]" classname="de.uni_mannheim.desq.mining.Icdm16TraditionalMiningTest" time="0.001"/>
  <testcase name="test[Icdm16TraditionalMiningTest-DesqDfs-ttt-5-0-7-false-]" classname="de.uni_mannheim.desq.mining.Icdm16TraditionalMiningTest" time="0.001"/>
  <testcase name="test[Icdm16TraditionalMiningTest-DesqDfs-ttt-5-0-7-true-]" classname="de.uni_mannheim.desq.mining.Icdm16TraditionalMiningTest" time="0"/>
  <testcase name="test[Icdm16TraditionalMiningTest-DesqDfs-ttt-5-1-1-false-]" classname="de.uni_mannheim.desq.mining.Icdm16TraditionalMiningTest" time="0.001"/>
  <testcase name="test[Icdm16TraditionalMiningTest-DesqDfs-ttt-5-1-1-true-]" classname="de.uni_mannheim.desq.mining.Icdm16TraditionalMiningTest" time="0"/>
  <testcase name="test[Icdm16TraditionalMiningTest-DesqDfs-ttt-5-1-3-false-]" classname="de.uni_mannheim.desq.mining.Icdm16TraditionalMiningTest" time="0.001"/>
  <testcase name="test[Icdm16TraditionalMiningTest-DesqDfs-ttt-5-1-3-true-]" classname="de.uni_mannheim.desq.mining.Icdm16TraditionalMiningTest" time="0.001"/>
  <testcase name="test[Icdm16TraditionalMiningTest-DesqDfs-ttt-5-1-5-false-]" classname="de.uni_mannheim.desq.mining.Icdm16TraditionalMiningTest" time="0"/>
  <testcase name="test[Icdm16TraditionalMiningTest-DesqDfs-ttt-5-1-5-true-]" classname="de.uni_mannheim.desq.mining.Icdm16TraditionalMiningTest" time="0.001"/>
  <testcase name="test[Icdm16TraditionalMiningTest-DesqDfs-ttt-5-1-7-false-]" classname="de.uni_mannheim.desq.mining.Icdm16TraditionalMiningTest" time="0.001"/>
  <testcase name="test[Icdm16TraditionalMiningTest-DesqDfs-ttt-5-1-7-true-]" classname="de.uni_mannheim.desq.mining.Icdm16TraditionalMiningTest" time="0"/>
  <testcase name="test[Icdm16TraditionalMiningTest-DesqDfs-ttt-5-2-1-false-]" classname="de.uni_mannheim.desq.mining.Icdm16TraditionalMiningTest" time="0.001"/>
  <testcase name="test[Icdm16TraditionalMiningTest-DesqDfs-ttt-5-2-1-true-]" classname="de.uni_mannheim.desq.mining.Icdm16TraditionalMiningTest" time="0"/>
  <testcase name="test[Icdm16TraditionalMiningTest-DesqDfs-ttt-5-2-3-false-]" classname="de.uni_mannheim.desq.mining.Icdm16TraditionalMiningTest" time="0.001"/>
  <testcase name="test[Icdm16TraditionalMiningTest-DesqDfs-ttt-5-2-3-true-]" classname="de.uni_mannheim.desq.mining.Icdm16TraditionalMiningTest" time="0.001"/>
  <testcase name="test[Icdm16TraditionalMiningTest-DesqDfs-ttt-5-2-5-false-]" classname="de.uni_mannheim.desq.mining.Icdm16TraditionalMiningTest" time="0"/>
  <testcase name="test[Icdm16TraditionalMiningTest-DesqDfs-ttt-5-2-5-true-]" classname="de.uni_mannheim.desq.mining.Icdm16TraditionalMiningTest" time="0.001"/>
  <testcase name="test[Icdm16TraditionalMiningTest-DesqDfs-ttt-5-2-7-false-]" classname="de.uni_mannheim.desq.mining.Icdm16TraditionalMiningTest" time="0.001"/>
  <testcase name="test[Icdm16TraditionalMiningTest-DesqDfs-ttt-5-2-7-true-]" classname="de.uni_mannheim.desq.mining.Icdm16TraditionalMiningTest" time="0"/>
  <testcase name="test[Icdm16TraditionalMiningTest-DesqDfs-ttt-7-0-1-false-]" classname="de.uni_mannheim.desq.mining.Icdm16TraditionalMiningTest" time="0.001"/>
  <testcase name="test[Icdm16TraditionalMiningTest-DesqDfs-ttt-7-0-1-true-]" classname="de.uni_mannheim.desq.mining.Icdm16TraditionalMiningTest" time="0"/>
  <testcase name="test[Icdm16TraditionalMiningTest-DesqDfs-ttt-7-0-3-false-]" classname="de.uni_mannheim.desq.mining.Icdm16TraditionalMiningTest" time="0.007"/>
  <testcase name="test[Icdm16TraditionalMiningTest-DesqDfs-ttt-7-0-3-true-]" classname="de.uni_mannheim.desq.mining.Icdm16TraditionalMiningTest" time="0"/>
  <testcase name="test[Icdm16TraditionalMiningTest-DesqDfs-ttt-7-0-5-false-]" classname="de.uni_mannheim.desq.mining.Icdm16TraditionalMiningTest" time="0"/>
  <testcase name="test[Icdm16TraditionalMiningTest-DesqDfs-ttt-7-0-5-true-]" classname="de.uni_mannheim.desq.mining.Icdm16TraditionalMiningTest" time="0"/>
  <testcase name="test[Icdm16TraditionalMiningTest-DesqDfs-ttt-7-0-7-false-]" classname="de.uni_mannheim.desq.mining.Icdm16TraditionalMiningTest" time="0"/>
  <testcase name="test[Icdm16TraditionalMiningTest-DesqDfs-ttt-7-0-7-true-]" classname="de.uni_mannheim.desq.mining.Icdm16TraditionalMiningTest" time="0"/>
  <testcase name="test[Icdm16TraditionalMiningTest-DesqDfs-ttt-7-1-1-false-]" classname="de.uni_mannheim.desq.mining.Icdm16TraditionalMiningTest" time="0"/>
  <testcase name="test[Icdm16TraditionalMiningTest-DesqDfs-ttt-7-1-1-true-]" classname="de.uni_mannheim.desq.mining.Icdm16TraditionalMiningTest" time="0"/>
  <testcase name="test[Icdm16TraditionalMiningTest-DesqDfs-ttt-7-1-3-false-]" classname="de.uni_mannheim.desq.mining.Icdm16TraditionalMiningTest" time="0.001"/>
  <testcase name="test[Icdm16TraditionalMiningTest-DesqDfs-ttt-7-1-3-true-]" classname="de.uni_mannheim.desq.mining.Icdm16TraditionalMiningTest" time="0.001"/>
  <testcase name="test[Icdm16TraditionalMiningTest-DesqDfs-ttt-7-1-5-false-]" classname="de.uni_mannheim.desq.mining.Icdm16TraditionalMiningTest" time="0"/>
  <testcase name="test[Icdm16TraditionalMiningTest-DesqDfs-ttt-7-1-5-true-]" classname="de.uni_mannheim.desq.mining.Icdm16TraditionalMiningTest" time="0.001"/>
  <testcase name="test[Icdm16TraditionalMiningTest-DesqDfs-ttt-7-1-7-false-]" classname="de.uni_mannheim.desq.mining.Icdm16TraditionalMiningTest" time="0"/>
  <testcase name="test[Icdm16TraditionalMiningTest-DesqDfs-ttt-7-1-7-true-]" classname="de.uni_mannheim.desq.mining.Icdm16TraditionalMiningTest" time="0.001"/>
  <testcase name="test[Icdm16TraditionalMiningTest-DesqDfs-ttt-7-2-1-false-]" classname="de.uni_mannheim.desq.mining.Icdm16TraditionalMiningTest" time="0"/>
  <testcase name="test[Icdm16TraditionalMiningTest-DesqDfs-ttt-7-2-1-true-]" classname="de.uni_mannheim.desq.mining.Icdm16TraditionalMiningTest" time="0"/>
  <testcase name="test[Icdm16TraditionalMiningTest-DesqDfs-ttt-7-2-3-false-]" classname="de.uni_mannheim.desq.mining.Icdm16TraditionalMiningTest" time="0"/>
  <testcase name="test[Icdm16TraditionalMiningTest-DesqDfs-ttt-7-2-3-true-]" classname="de.uni_mannheim.desq.mining.Icdm16TraditionalMiningTest" time="0"/>
  <testcase name="test[Icdm16TraditionalMiningTest-DesqDfs-ttt-7-2-5-false-]" classname="de.uni_mannheim.desq.mining.Icdm16TraditionalMiningTest" time="0.001"/>
  <testcase name="test[Icdm16TraditionalMiningTest-DesqDfs-ttt-7-2-5-true-]" classname="de.uni_mannheim.desq.mining.Icdm16TraditionalMiningTest" time="0"/>
  <testcase name="test[Icdm16TraditionalMiningTest-DesqDfs-ttt-7-2-7-false-]" classname="de.uni_mannheim.desq.mining.Icdm16TraditionalMiningTest" time="0"/>
  <testcase name="test[Icdm16TraditionalMiningTest-DesqDfs-ttt-7-2-7-true-]" classname="de.uni_mannheim.desq.mining.Icdm16TraditionalMiningTest" time="0.001"/>
  <testcase name="test[Icdm16TraditionalMiningTest-PrefixGrowth-1-0-1-false-]" classname="de.uni_mannheim.desq.mining.Icdm16TraditionalMiningTest" time="0.002"/>
  <testcase name="test[Icdm16TraditionalMiningTest-PrefixGrowth-1-0-1-true-]" classname="de.uni_mannheim.desq.mining.Icdm16TraditionalMiningTest" time="0"/>
  <testcase name="test[Icdm16TraditionalMiningTest-PrefixGrowth-1-0-3-false-]" classname="de.uni_mannheim.desq.mining.Icdm16TraditionalMiningTest" time="0.001"/>
  <testcase name="test[Icdm16TraditionalMiningTest-PrefixGrowth-1-0-3-true-]" classname="de.uni_mannheim.desq.mining.Icdm16TraditionalMiningTest" time="0.001"/>
  <testcase name="test[Icdm16TraditionalMiningTest-PrefixGrowth-1-0-5-false-]" classname="de.uni_mannheim.desq.mining.Icdm16TraditionalMiningTest" time="0.001"/>
  <testcase name="test[Icdm16TraditionalMiningTest-PrefixGrowth-1-0-5-true-]" classname="de.uni_mannheim.desq.mining.Icdm16TraditionalMiningTest" time="0.002"/>
  <testcase name="test[Icdm16TraditionalMiningTest-PrefixGrowth-1-0-7-false-]" classname="de.uni_mannheim.desq.mining.Icdm16TraditionalMiningTest" time="0.001"/>
  <testcase name="test[Icdm16TraditionalMiningTest-PrefixGrowth-1-0-7-true-]" classname="de.uni_mannheim.desq.mining.Icdm16TraditionalMiningTest" time="0.003"/>
  <testcase name="test[Icdm16TraditionalMiningTest-PrefixGrowth-1-1-1-false-]" classname="de.uni_mannheim.desq.mining.Icdm16TraditionalMiningTest" time="0"/>
  <testcase name="test[Icdm16TraditionalMiningTest-PrefixGrowth-1-1-1-true-]" classname="de.uni_mannheim.desq.mining.Icdm16TraditionalMiningTest" time="0.001"/>
  <testcase name="test[Icdm16TraditionalMiningTest-PrefixGrowth-1-1-3-false-]" classname="de.uni_mannheim.desq.mining.Icdm16TraditionalMiningTest" time="0.001"/>
  <testcase name="test[Icdm16TraditionalMiningTest-PrefixGrowth-1-1-3-true-]" classname="de.uni_mannheim.desq.mining.Icdm16TraditionalMiningTest" time="0.001"/>
  <testcase name="test[Icdm16TraditionalMiningTest-PrefixGrowth-1-1-5-false-]" classname="de.uni_mannheim.desq.mining.Icdm16TraditionalMiningTest" time="0.001"/>
  <testcase name="test[Icdm16TraditionalMiningTest-PrefixGrowth-1-1-5-true-]" classname="de.uni_mannheim.desq.mining.Icdm16TraditionalMiningTest" time="0.003"/>
  <testcase name="test[Icdm16TraditionalMiningTest-PrefixGrowth-1-1-7-false-]" classname="de.uni_mannheim.desq.mining.Icdm16TraditionalMiningTest" time="0"/>
  <testcase name="test[Icdm16TraditionalMiningTest-PrefixGrowth-1-1-7-true-]" classname="de.uni_mannheim.desq.mining.Icdm16TraditionalMiningTest" time="0.003"/>
  <testcase name="test[Icdm16TraditionalMiningTest-PrefixGrowth-1-2-1-false-]" classname="de.uni_mannheim.desq.mining.Icdm16TraditionalMiningTest" time="0.001"/>
  <testcase name="test[Icdm16TraditionalMiningTest-PrefixGrowth-1-2-1-true-]" classname="de.uni_mannheim.desq.mining.Icdm16TraditionalMiningTest" time="0"/>
  <testcase name="test[Icdm16TraditionalMiningTest-PrefixGrowth-1-2-3-false-]" classname="de.uni_mannheim.desq.mining.Icdm16TraditionalMiningTest" time="0.001"/>
  <testcase name="test[Icdm16TraditionalMiningTest-PrefixGrowth-1-2-3-true-]" classname="de.uni_mannheim.desq.mining.Icdm16TraditionalMiningTest" time="0.001"/>
  <testcase name="test[Icdm16TraditionalMiningTest-PrefixGrowth-1-2-5-false-]" classname="de.uni_mannheim.desq.mining.Icdm16TraditionalMiningTest" time="0.001"/>
  <testcase name="test[Icdm16TraditionalMiningTest-PrefixGrowth-1-2-5-true-]" classname="de.uni_mannheim.desq.mining.Icdm16TraditionalMiningTest" time="0.003"/>
  <testcase name="test[Icdm16TraditionalMiningTest-PrefixGrowth-1-2-7-false-]" classname="de.uni_mannheim.desq.mining.Icdm16TraditionalMiningTest" time="0"/>
  <testcase name="test[Icdm16TraditionalMiningTest-PrefixGrowth-1-2-7-true-]" classname="de.uni_mannheim.desq.mining.Icdm16TraditionalMiningTest" time="0.003"/>
  <testcase name="test[Icdm16TraditionalMiningTest-PrefixGrowth-3-0-1-false-]" classname="de.uni_mannheim.desq.mining.Icdm16TraditionalMiningTest" time="0.001"/>
  <testcase name="test[Icdm16TraditionalMiningTest-PrefixGrowth-3-0-1-true-]" classname="de.uni_mannheim.desq.mining.Icdm16TraditionalMiningTest" time="0"/>
  <testcase name="test[Icdm16TraditionalMiningTest-PrefixGrowth-3-0-3-false-]" classname="de.uni_mannheim.desq.mining.Icdm16TraditionalMiningTest" time="0.001"/>
  <testcase name="test[Icdm16TraditionalMiningTest-PrefixGrowth-3-0-3-true-]" classname="de.uni_mannheim.desq.mining.Icdm16TraditionalMiningTest" time="0"/>
  <testcase name="test[Icdm16TraditionalMiningTest-PrefixGrowth-3-0-5-false-]" classname="de.uni_mannheim.desq.mining.Icdm16TraditionalMiningTest" time="0.001"/>
  <testcase name="test[Icdm16TraditionalMiningTest-PrefixGrowth-3-0-5-true-]" classname="de.uni_mannheim.desq.mining.Icdm16TraditionalMiningTest" time="0"/>
  <testcase name="test[Icdm16TraditionalMiningTest-PrefixGrowth-3-0-7-false-]" classname="de.uni_mannheim.desq.mining.Icdm16TraditionalMiningTest" time="0.001"/>
  <testcase name="test[Icdm16TraditionalMiningTest-PrefixGrowth-3-0-7-true-]" classname="de.uni_mannheim.desq.mining.Icdm16TraditionalMiningTest" time="0"/>
  <testcase name="test[Icdm16TraditionalMiningTest-PrefixGrowth-3-1-1-false-]" classname="de.uni_mannheim.desq.mining.Icdm16TraditionalMiningTest" time="0.001"/>
  <testcase name="test[Icdm16TraditionalMiningTest-PrefixGrowth-3-1-1-true-]" classname="de.uni_mannheim.desq.mining.Icdm16TraditionalMiningTest" time="0"/>
  <testcase name="test[Icdm16TraditionalMiningTest-PrefixGrowth-3-1-3-false-]" classname="de.uni_mannheim.desq.mining.Icdm16TraditionalMiningTest" time="0"/>
  <testcase name="test[Icdm16TraditionalMiningTest-PrefixGrowth-3-1-3-true-]" classname="de.uni_mannheim.desq.mining.Icdm16TraditionalMiningTest" time="0.001"/>
  <testcase name="test[Icdm16TraditionalMiningTest-PrefixGrowth-3-1-5-false-]" classname="de.uni_mannheim.desq.mining.Icdm16TraditionalMiningTest" time="0"/>
  <testcase name="test[Icdm16TraditionalMiningTest-PrefixGrowth-3-1-5-true-]" classname="de.uni_mannheim.desq.mining.Icdm16TraditionalMiningTest" time="0.001"/>
  <testcase name="test[Icdm16TraditionalMiningTest-PrefixGrowth-3-1-7-false-]" classname="de.uni_mannheim.desq.mining.Icdm16TraditionalMiningTest" time="0"/>
  <testcase name="test[Icdm16TraditionalMiningTest-PrefixGrowth-3-1-7-true-]" classname="de.uni_mannheim.desq.mining.Icdm16TraditionalMiningTest" time="0.001"/>
  <testcase name="test[Icdm16TraditionalMiningTest-PrefixGrowth-3-2-1-false-]" classname="de.uni_mannheim.desq.mining.Icdm16TraditionalMiningTest" time="0"/>
  <testcase name="test[Icdm16TraditionalMiningTest-PrefixGrowth-3-2-1-true-]" classname="de.uni_mannheim.desq.mining.Icdm16TraditionalMiningTest" time="0.001"/>
  <testcase name="test[Icdm16TraditionalMiningTest-PrefixGrowth-3-2-3-false-]" classname="de.uni_mannheim.desq.mining.Icdm16TraditionalMiningTest" time="0"/>
  <testcase name="test[Icdm16TraditionalMiningTest-PrefixGrowth-3-2-3-true-]" classname="de.uni_mannheim.desq.mining.Icdm16TraditionalMiningTest" time="0.001"/>
  <testcase name="test[Icdm16TraditionalMiningTest-PrefixGrowth-3-2-5-false-]" classname="de.uni_mannheim.desq.mining.Icdm16TraditionalMiningTest" time="0"/>
  <testcase name="test[Icdm16TraditionalMiningTest-PrefixGrowth-3-2-5-true-]" classname="de.uni_mannheim.desq.mining.Icdm16TraditionalMiningTest" time="0.001"/>
  <testcase name="test[Icdm16TraditionalMiningTest-PrefixGrowth-3-2-7-false-]" classname="de.uni_mannheim.desq.mining.Icdm16TraditionalMiningTest" time="0"/>
  <testcase name="test[Icdm16TraditionalMiningTest-PrefixGrowth-3-2-7-true-]" classname="de.uni_mannheim.desq.mining.Icdm16TraditionalMiningTest" time="0.001"/>
  <testcase name="test[Icdm16TraditionalMiningTest-PrefixGrowth-5-0-1-false-]" classname="de.uni_mannheim.desq.mining.Icdm16TraditionalMiningTest" time="0"/>
  <testcase name="test[Icdm16TraditionalMiningTest-PrefixGrowth-5-0-1-true-]" classname="de.uni_mannheim.desq.mining.Icdm16TraditionalMiningTest" time="0.001"/>
  <testcase name="test[Icdm16TraditionalMiningTest-PrefixGrowth-5-0-3-false-]" classname="de.uni_mannheim.desq.mining.Icdm16TraditionalMiningTest" time="0"/>
  <testcase name="test[Icdm16TraditionalMiningTest-PrefixGrowth-5-0-3-true-]" classname="de.uni_mannheim.desq.mining.Icdm16TraditionalMiningTest" time="0.001"/>
  <testcase name="test[Icdm16TraditionalMiningTest-PrefixGrowth-5-0-5-false-]" classname="de.uni_mannheim.desq.mining.Icdm16TraditionalMiningTest" time="0"/>
  <testcase name="test[Icdm16TraditionalMiningTest-PrefixGrowth-5-0-5-true-]" classname="de.uni_mannheim.desq.mining.Icdm16TraditionalMiningTest" time="0.001"/>
  <testcase name="test[Icdm16TraditionalMiningTest-PrefixGrowth-5-0-7-false-]" classname="de.uni_mannheim.desq.mining.Icdm16TraditionalMiningTest" time="0"/>
  <testcase name="test[Icdm16TraditionalMiningTest-PrefixGrowth-5-0-7-true-]" classname="de.uni_mannheim.desq.mining.Icdm16TraditionalMiningTest" time="0.001"/>
  <testcase name="test[Icdm16TraditionalMiningTest-PrefixGrowth-5-1-1-false-]" classname="de.uni_mannheim.desq.mining.Icdm16TraditionalMiningTest" time="0"/>
  <testcase name="test[Icdm16TraditionalMiningTest-PrefixGrowth-5-1-1-true-]" classname="de.uni_mannheim.desq.mining.Icdm16TraditionalMiningTest" time="0.001"/>
  <testcase name="test[Icdm16TraditionalMiningTest-PrefixGrowth-5-1-3-false-]" classname="de.uni_mannheim.desq.mining.Icdm16TraditionalMiningTest" time="0"/>
  <testcase name="test[Icdm16TraditionalMiningTest-PrefixGrowth-5-1-3-true-]" classname="de.uni_mannheim.desq.mining.Icdm16TraditionalMiningTest" time="0.001"/>
  <testcase name="test[Icdm16TraditionalMiningTest-PrefixGrowth-5-1-5-false-]" classname="de.uni_mannheim.desq.mining.Icdm16TraditionalMiningTest" time="0"/>
  <testcase name="test[Icdm16TraditionalMiningTest-PrefixGrowth-5-1-5-true-]" classname="de.uni_mannheim.desq.mining.Icdm16TraditionalMiningTest" time="0.001"/>
  <testcase name="test[Icdm16TraditionalMiningTest-PrefixGrowth-5-1-7-false-]" classname="de.uni_mannheim.desq.mining.Icdm16TraditionalMiningTest" time="0"/>
  <testcase name="test[Icdm16TraditionalMiningTest-PrefixGrowth-5-1-7-true-]" classname="de.uni_mannheim.desq.mining.Icdm16TraditionalMiningTest" time="0.001"/>
  <testcase name="test[Icdm16TraditionalMiningTest-PrefixGrowth-5-2-1-false-]" classname="de.uni_mannheim.desq.mining.Icdm16TraditionalMiningTest" time="0"/>
  <testcase name="test[Icdm16TraditionalMiningTest-PrefixGrowth-5-2-1-true-]" classname="de.uni_mannheim.desq.mining.Icdm16TraditionalMiningTest" time="0"/>
  <testcase name="test[Icdm16TraditionalMiningTest-PrefixGrowth-5-2-3-false-]" classname="de.uni_mannheim.desq.mining.Icdm16TraditionalMiningTest" time="0.001"/>
  <testcase name="test[Icdm16TraditionalMiningTest-PrefixGrowth-5-2-3-true-]" classname="de.uni_mannheim.desq.mining.Icdm16TraditionalMiningTest" time="0"/>
  <testcase name="test[Icdm16TraditionalMiningTest-PrefixGrowth-5-2-5-false-]" classname="de.uni_mannheim.desq.mining.Icdm16TraditionalMiningTest" time="0.001"/>
  <testcase name="test[Icdm16TraditionalMiningTest-PrefixGrowth-5-2-5-true-]" classname="de.uni_mannheim.desq.mining.Icdm16TraditionalMiningTest" time="0"/>
  <testcase name="test[Icdm16TraditionalMiningTest-PrefixGrowth-5-2-7-false-]" classname="de.uni_mannheim.desq.mining.Icdm16TraditionalMiningTest" time="0.001"/>
  <testcase name="test[Icdm16TraditionalMiningTest-PrefixGrowth-5-2-7-true-]" classname="de.uni_mannheim.desq.mining.Icdm16TraditionalMiningTest" time="0"/>
  <testcase name="test[Icdm16TraditionalMiningTest-PrefixGrowth-7-0-1-false-]" classname="de.uni_mannheim.desq.mining.Icdm16TraditionalMiningTest" time="0.001"/>
  <testcase name="test[Icdm16TraditionalMiningTest-PrefixGrowth-7-0-1-true-]" classname="de.uni_mannheim.desq.mining.Icdm16TraditionalMiningTest" time="0"/>
  <testcase name="test[Icdm16TraditionalMiningTest-PrefixGrowth-7-0-3-false-]" classname="de.uni_mannheim.desq.mining.Icdm16TraditionalMiningTest" time="0"/>
  <testcase name="test[Icdm16TraditionalMiningTest-PrefixGrowth-7-0-3-true-]" classname="de.uni_mannheim.desq.mining.Icdm16TraditionalMiningTest" time="0.001"/>
  <testcase name="test[Icdm16TraditionalMiningTest-PrefixGrowth-7-0-5-false-]" classname="de.uni_mannheim.desq.mining.Icdm16TraditionalMiningTest" time="0"/>
  <testcase name="test[Icdm16TraditionalMiningTest-PrefixGrowth-7-0-5-true-]" classname="de.uni_mannheim.desq.mining.Icdm16TraditionalMiningTest" time="0"/>
  <testcase name="test[Icdm16TraditionalMiningTest-PrefixGrowth-7-0-7-false-]" classname="de.uni_mannheim.desq.mining.Icdm16TraditionalMiningTest" time="0.001"/>
  <testcase name="test[Icdm16TraditionalMiningTest-PrefixGrowth-7-0-7-true-]" classname="de.uni_mannheim.desq.mining.Icdm16TraditionalMiningTest" time="0"/>
  <testcase name="test[Icdm16TraditionalMiningTest-PrefixGrowth-7-1-1-false-]" classname="de.uni_mannheim.desq.mining.Icdm16TraditionalMiningTest" time="0"/>
  <testcase name="test[Icdm16TraditionalMiningTest-PrefixGrowth-7-1-1-true-]" classname="de.uni_mannheim.desq.mining.Icdm16TraditionalMiningTest" time="0.001"/>
  <testcase name="test[Icdm16TraditionalMiningTest-PrefixGrowth-7-1-3-false-]" classname="de.uni_mannheim.desq.mining.Icdm16TraditionalMiningTest" time="0"/>
  <testcase name="test[Icdm16TraditionalMiningTest-PrefixGrowth-7-1-3-true-]" classname="de.uni_mannheim.desq.mining.Icdm16TraditionalMiningTest" time="0"/>
  <testcase name="test[Icdm16TraditionalMiningTest-PrefixGrowth-7-1-5-false-]" classname="de.uni_mannheim.desq.mining.Icdm16TraditionalMiningTest" time="0.001"/>
  <testcase name="test[Icdm16TraditionalMiningTest-PrefixGrowth-7-1-5-true-]" classname="de.uni_mannheim.desq.mining.Icdm16TraditionalMiningTest" time="0"/>
  <testcase name="test[Icdm16TraditionalMiningTest-PrefixGrowth-7-1-7-false-]" classname="de.uni_mannheim.desq.mining.Icdm16TraditionalMiningTest" time="0"/>
  <testcase name="test[Icdm16TraditionalMiningTest-PrefixGrowth-7-1-7-true-]" classname="de.uni_mannheim.desq.mining.Icdm16TraditionalMiningTest" time="0.001"/>
  <testcase name="test[Icdm16TraditionalMiningTest-PrefixGrowth-7-2-1-false-]" classname="de.uni_mannheim.desq.mining.Icdm16TraditionalMiningTest" time="0"/>
  <testcase name="test[Icdm16TraditionalMiningTest-PrefixGrowth-7-2-1-true-]" classname="de.uni_mannheim.desq.mining.Icdm16TraditionalMiningTest" time="0"/>
  <testcase name="test[Icdm16TraditionalMiningTest-PrefixGrowth-7-2-3-false-]" classname="de.uni_mannheim.desq.mining.Icdm16TraditionalMiningTest" time="0.001"/>
  <testcase name="test[Icdm16TraditionalMiningTest-PrefixGrowth-7-2-3-true-]" classname="de.uni_mannheim.desq.mining.Icdm16TraditionalMiningTest" time="0"/>
  <testcase name="test[Icdm16TraditionalMiningTest-PrefixGrowth-7-2-5-false-]" classname="de.uni_mannheim.desq.mining.Icdm16TraditionalMiningTest" time="0"/>
  <testcase name="test[Icdm16TraditionalMiningTest-PrefixGrowth-7-2-5-true-]" classname="de.uni_mannheim.desq.mining.Icdm16TraditionalMiningTest" time="0.001"/>
  <testcase name="test[Icdm16TraditionalMiningTest-PrefixGrowth-7-2-7-false-]" classname="de.uni_mannheim.desq.mining.Icdm16TraditionalMiningTest" time="0"/>
  <testcase name="test[Icdm16TraditionalMiningTest-PrefixGrowth-7-2-7-true-]" classname="de.uni_mannheim.desq.mining.Icdm16TraditionalMiningTest" time="0"/>
</testsuite>