<?xml version="1.0" encoding="UTF-8"?>
<testsuite xmlns:xsi="http://www.w3.org/2001/XMLSchema-instance" xsi:schemaLocation="https://maven.apache.org/surefire/maven-surefire-plugin/xsd/surefire-test-report.xsd" name="de.uni_mannheim.desq.mining.Icdm16DesqMiningTest" time="4.024" tests="225" errors="0" skipped="0" failures="0">
  <properties>
    <property name="java.runtime.name" value="OpenJDK Runtime Environment"/>
    <property name="sun.boot.library.path" value="/usr/local/openjdk-8/jre/lib/amd64"/>
    <property name="java.vm.version" value="25.262-b10"/>
    <property name="animal.sniffer.skip" value="true"/>
    <property name="java.vm.vendor" value="Oracle Corporation"/>
    <property name="maven.multiModuleProjectDirectory" value="/tmp/tmpp1p_tkly/desq"/>
    <property name="maven.javadoc.skip" value="true"/>
    <property name="java.vendor.url" value="http://java.oracle.com/"/>
    <property name="path.separator" value=":"/>
    <property name="guice.disable.misplaced.annotation.check" value="true"/>
    <property name="java.vm.name" value="OpenJDK 64-Bit Server VM"/>
    <property name="file.encoding.pkg" value="sun.io"/>
    <property name="sun.java.launcher" value="SUN_STANDARD"/>
    <property name="sun.os.patch.level" value="unknown"/>
    <property name="source.skip" value="true"/>
    <property name="java.vm.specification.name" value="Java Virtual Machine Specification"/>
    <property name="user.dir" value="/tmp/tmpp1p_tkly/desq"/>
    <property name="java.runtime.version" value="1.8.0_262-b10"/>
    <property name="java.awt.graphicsenv" value="sun.awt.X11GraphicsEnvironment"/>
    <property name="java.endorsed.dirs" value="/usr/local/openjdk-8/jre/lib/endorsed"/>
    <property name="os.arch" value="amd64"/>
    <property name="java.io.tmpdir" value="/tmp"/>
    <property name="line.separator" value="&#10;"/>
    <property name="java.vm.specification.vendor" value="Oracle Corporation"/>
    <property name="os.name" value="Linux"/>
    <property name="classworlds.conf" value="/usr/share/maven/bin/m2.conf"/>
    <property name="sun.jnu.encoding" value="UTF-8"/>
    <property name="java.library.path" value="/usr/java/packages/lib/amd64:/usr/lib64:/lib64:/lib:/usr/lib"/>
    <property name="license.skip" value="true"/>
    <property name="maven.conf" value="/usr/share/maven/conf"/>
    <property name="java.specification.name" value="Java Platform API Specification"/>
    <property name="java.class.version" value="52.0"/>
    <property name="sun.management.compiler" value="HotSpot 64-Bit Tiered Compilers"/>
    <property name="maven.test.failure.ignore" value="true"/>
    <property name="os.version" value="4.15.0-109-generic"/>
    <property name="library.jansi.path" value="/usr/share/maven/lib/jansi-native"/>
    <property name="user.home" value="/home/jdbl"/>
    <property name="user.timezone" value="Etc/UTC"/>
    <property name="java.awt.printerjob" value="sun.print.PSPrinterJob"/>
    <property name="java.specification.version" value="1.8"/>
    <property name="file.encoding" value="UTF-8"/>
    <property name="user.name" value="jdbl"/>
    <property name="java.class.path" value="/usr/share/maven/boot/plexus-classworlds-2.6.0.jar"/>
    <property name="java.vm.specification.version" value="1.8"/>
    <property name="sun.arch.data.model" value="64"/>
    <property name="java.home" value="/usr/local/openjdk-8/jre"/>
    <property name="sun.java.command" value="org.codehaus.plexus.classworlds.launcher.Launcher test -e --fail-never -ntp -Dmaven.test.failure.ignore=true -B -Dmaven.javadoc.skip=true -Drat.skip=true -Danimal.sniffer.skip=true -Dmaven.javadoc.skip=true -Dlicense.skip=true -Dsource.skip=true"/>
    <property name="java.specification.vendor" value="Oracle Corporation"/>
    <property name="user.language" value="en"/>
    <property name="awt.toolkit" value="sun.awt.X11.XToolkit"/>
    <property name="java.vm.info" value="mixed mode"/>
    <property name="java.version" value="1.8.0_262"/>
    <property name="java.ext.dirs" value="/usr/local/openjdk-8/jre/lib/ext:/usr/java/packages/lib/ext"/>
    <property name="securerandom.source" value="file:/dev/./urandom"/>
    <property name="sun.boot.class.path" value="/usr/local/openjdk-8/jre/lib/resources.jar:/usr/local/openjdk-8/jre/lib/rt.jar:/usr/local/openjdk-8/jre/lib/sunrsasign.jar:/usr/local/openjdk-8/jre/lib/jsse.jar:/usr/local/openjdk-8/jre/lib/jce.jar:/usr/local/openjdk-8/jre/lib/charsets.jar:/usr/local/openjdk-8/jre/lib/jfr.jar:/usr/local/openjdk-8/jre/classes"/>
    <property name="java.vendor" value="Oracle Corporation"/>
    <property name="rat.skip" value="true"/>
    <property name="maven.home" value="/usr/share/maven"/>
    <property name="file.separator" value="/"/>
    <property name="java.vendor.url.bug" value="http://bugreport.sun.com/bugreport/"/>
    <property name="sun.cpu.endian" value="little"/>
    <property name="sun.io.unicode.encoding" value="UnicodeLittle"/>
    <property name="sun.cpu.isalist" value=""/>
  </properties>
  <testcase name="test[Icdm16DesqMiningTest-DesqCount-ffff-1-[c|d] ([A^|B=^]+) e]" classname="de.uni_mannheim.desq.mining.Icdm16DesqMiningTest" time="0.603"/>
  <testcase name="test[Icdm16DesqMiningTest-DesqCount-ffff-2-[c|d] ([A^|B=^]+) e]" classname="de.uni_mannheim.desq.mining.Icdm16DesqMiningTest" time="0.007"/>
  <testcase name="test[Icdm16DesqMiningTest-DesqCount-ffff-3-[c|d] ([A^|B=^]+) e]" classname="de.uni_mannheim.desq.mining.Icdm16DesqMiningTest" time="0.007"/>
  <testcase name="test[Icdm16DesqMiningTest-DesqCount-ffff-1-(a1)..]" classname="de.uni_mannheim.desq.mining.Icdm16DesqMiningTest" time="0.016"/>
  <testcase name="test[Icdm16DesqMiningTest-DesqCount-ffff-2-(a1)..]" classname="de.uni_mannheim.desq.mining.Icdm16DesqMiningTest" time="0.008"/>
  <testcase name="test[Icdm16DesqMiningTest-DesqCount-ffff-3-(a1)..]" classname="de.uni_mannheim.desq.mining.Icdm16DesqMiningTest" time="0.009"/>
  <testcase name="test[Icdm16DesqMiningTest-DesqCount-ffff-1-(a1)..$]" classname="de.uni_mannheim.desq.mining.Icdm16DesqMiningTest" time="0.007"/>
  <testcase name="test[Icdm16DesqMiningTest-DesqCount-ffff-2-(a1)..$]" classname="de.uni_mannheim.desq.mining.Icdm16DesqMiningTest" time="0.006"/>
  <testcase name="test[Icdm16DesqMiningTest-DesqCount-ffff-3-(a1)..$]" classname="de.uni_mannheim.desq.mining.Icdm16DesqMiningTest" time="0.009"/>
  <testcase name="test[Icdm16DesqMiningTest-DesqCount-ffff-1-.(a1)]" classname="de.uni_mannheim.desq.mining.Icdm16DesqMiningTest" time="0.009"/>
  <testcase name="test[Icdm16DesqMiningTest-DesqCount-ffff-2-.(a1)]" classname="de.uni_mannheim.desq.mining.Icdm16DesqMiningTest" time="0.004"/>
  <testcase name="test[Icdm16DesqMiningTest-DesqCount-ffff-3-.(a1)]" classname="de.uni_mannheim.desq.mining.Icdm16DesqMiningTest" time="0.005"/>
  <testcase name="test[Icdm16DesqMiningTest-DesqCount-ffff-1-^.(a1)]" classname="de.uni_mannheim.desq.mining.Icdm16DesqMiningTest" time="0.008"/>
  <testcase name="test[Icdm16DesqMiningTest-DesqCount-ffff-2-^.(a1)]" classname="de.uni_mannheim.desq.mining.Icdm16DesqMiningTest" time="0.003"/>
  <testcase name="test[Icdm16DesqMiningTest-DesqCount-ffff-3-^.(a1)]" classname="de.uni_mannheim.desq.mining.Icdm16DesqMiningTest" time="0.003"/>
  <testcase name="test[Icdm16DesqMiningTest-DesqCount-ftff-1-[c|d] ([A^|B=^]+) e]" classname="de.uni_mannheim.desq.mining.Icdm16DesqMiningTest" time="0.027"/>
  <testcase name="test[Icdm16DesqMiningTest-DesqCount-ftff-2-[c|d] ([A^|B=^]+) e]" classname="de.uni_mannheim.desq.mining.Icdm16DesqMiningTest" time="0.006"/>
  <testcase name="test[Icdm16DesqMiningTest-DesqCount-ftff-3-[c|d] ([A^|B=^]+) e]" classname="de.uni_mannheim.desq.mining.Icdm16DesqMiningTest" time="0.01"/>
  <testcase name="test[Icdm16DesqMiningTest-DesqCount-ftff-1-(a1)..]" classname="de.uni_mannheim.desq.mining.Icdm16DesqMiningTest" time="0.014"/>
  <testcase name="test[Icdm16DesqMiningTest-DesqCount-ftff-2-(a1)..]" classname="de.uni_mannheim.desq.mining.Icdm16DesqMiningTest" time="0.008"/>
  <testcase name="test[Icdm16DesqMiningTest-DesqCount-ftff-3-(a1)..]" classname="de.uni_mannheim.desq.mining.Icdm16DesqMiningTest" time="0.008"/>
  <testcase name="test[Icdm16DesqMiningTest-DesqCount-ftff-1-(a1)..$]" classname="de.uni_mannheim.desq.mining.Icdm16DesqMiningTest" time="0.006"/>
  <testcase name="test[Icdm16DesqMiningTest-DesqCount-ftff-2-(a1)..$]" classname="de.uni_mannheim.desq.mining.Icdm16DesqMiningTest" time="0.009"/>
  <testcase name="test[Icdm16DesqMiningTest-DesqCount-ftff-3-(a1)..$]" classname="de.uni_mannheim.desq.mining.Icdm16DesqMiningTest" time="0.009"/>
  <testcase name="test[Icdm16DesqMiningTest-DesqCount-ftff-1-.(a1)]" classname="de.uni_mannheim.desq.mining.Icdm16DesqMiningTest" time="0.008"/>
  <testcase name="test[Icdm16DesqMiningTest-DesqCount-ftff-2-.(a1)]" classname="de.uni_mannheim.desq.mining.Icdm16DesqMiningTest" time="0.015"/>
  <testcase name="test[Icdm16DesqMiningTest-DesqCount-ftff-3-.(a1)]" classname="de.uni_mannheim.desq.mining.Icdm16DesqMiningTest" time="0.007"/>
  <testcase name="test[Icdm16DesqMiningTest-DesqCount-ftff-1-^.(a1)]" classname="de.uni_mannheim.desq.mining.Icdm16DesqMiningTest" time="0.207"/>
  <testcase name="test[Icdm16DesqMiningTest-DesqCount-ftff-2-^.(a1)]" classname="de.uni_mannheim.desq.mining.Icdm16DesqMiningTest" time="0.008"/>
  <testcase name="test[Icdm16DesqMiningTest-DesqCount-ftff-3-^.(a1)]" classname="de.uni_mannheim.desq.mining.Icdm16DesqMiningTest" time="0.005"/>
  <testcase name="test[Icdm16DesqMiningTest-DesqCount-ftft-1-[c|d] ([A^|B=^]+) e]" classname="de.uni_mannheim.desq.mining.Icdm16DesqMiningTest" time="0.077"/>
  <testcase name="test[Icdm16DesqMiningTest-DesqCount-ftft-2-[c|d] ([A^|B=^]+) e]" classname="de.uni_mannheim.desq.mining.Icdm16DesqMiningTest" time="0.014"/>
  <testcase name="test[Icdm16DesqMiningTest-DesqCount-ftft-3-[c|d] ([A^|B=^]+) e]" classname="de.uni_mannheim.desq.mining.Icdm16DesqMiningTest" time="0.01"/>
  <testcase name="test[Icdm16DesqMiningTest-DesqCount-ftft-1-(a1)..]" classname="de.uni_mannheim.desq.mining.Icdm16DesqMiningTest" time="0.015"/>
  <testcase name="test[Icdm16DesqMiningTest-DesqCount-ftft-2-(a1)..]" classname="de.uni_mannheim.desq.mining.Icdm16DesqMiningTest" time="0.006"/>
  <testcase name="test[Icdm16DesqMiningTest-DesqCount-ftft-3-(a1)..]" classname="de.uni_mannheim.desq.mining.Icdm16DesqMiningTest" time="0.053"/>
  <testcase name="test[Icdm16DesqMiningTest-DesqCount-ftft-1-(a1)..$]" classname="de.uni_mannheim.desq.mining.Icdm16DesqMiningTest" time="0.009"/>
  <testcase name="test[Icdm16DesqMiningTest-DesqCount-ftft-2-(a1)..$]" classname="de.uni_mannheim.desq.mining.Icdm16DesqMiningTest" time="0.106"/>
  <testcase name="test[Icdm16DesqMiningTest-DesqCount-ftft-3-(a1)..$]" classname="de.uni_mannheim.desq.mining.Icdm16DesqMiningTest" time="0.194"/>
  <testcase name="test[Icdm16DesqMiningTest-DesqCount-ftft-1-.(a1)]" classname="de.uni_mannheim.desq.mining.Icdm16DesqMiningTest" time="0.009"/>
  <testcase name="test[Icdm16DesqMiningTest-DesqCount-ftft-2-.(a1)]" classname="de.uni_mannheim.desq.mining.Icdm16DesqMiningTest" time="0.006"/>
  <testcase name="test[Icdm16DesqMiningTest-DesqCount-ftft-3-.(a1)]" classname="de.uni_mannheim.desq.mining.Icdm16DesqMiningTest" time="0.008"/>
  <testcase name="test[Icdm16DesqMiningTest-DesqCount-ftft-1-^.(a1)]" classname="de.uni_mannheim.desq.mining.Icdm16DesqMiningTest" time="0.008"/>
  <testcase name="test[Icdm16DesqMiningTest-DesqCount-ftft-2-^.(a1)]" classname="de.uni_mannheim.desq.mining.Icdm16DesqMiningTest" time="0.009"/>
  <testcase name="test[Icdm16DesqMiningTest-DesqCount-ftft-3-^.(a1)]" classname="de.uni_mannheim.desq.mining.Icdm16DesqMiningTest" time="0.005"/>
  <testcase name="test[Icdm16DesqMiningTest-DesqCount-fttf-1-[c|d] ([A^|B=^]+) e]" classname="de.uni_mannheim.desq.mining.Icdm16DesqMiningTest" time="0.018"/>
  <testcase name="test[Icdm16DesqMiningTest-DesqCount-fttf-2-[c|d] ([A^|B=^]+) e]" classname="de.uni_mannheim.desq.mining.Icdm16DesqMiningTest" time="0.017"/>
  <testcase name="test[Icdm16DesqMiningTest-DesqCount-fttf-3-[c|d] ([A^|B=^]+) e]" classname="de.uni_mannheim.desq.mining.Icdm16DesqMiningTest" time="0.008"/>
  <testcase name="test[Icdm16DesqMiningTest-DesqCount-fttf-1-(a1)..]" classname="de.uni_mannheim.desq.mining.Icdm16DesqMiningTest" time="0.303"/>
  <testcase name="test[Icdm16DesqMiningTest-DesqCount-fttf-2-(a1)..]" classname="de.uni_mannheim.desq.mining.Icdm16DesqMiningTest" time="0.016"/>
  <testcase name="test[Icdm16DesqMiningTest-DesqCount-fttf-3-(a1)..]" classname="de.uni_mannheim.desq.mining.Icdm16DesqMiningTest" time="0.009"/>
  <testcase name="test[Icdm16DesqMiningTest-DesqCount-fttf-1-(a1)..$]" classname="de.uni_mannheim.desq.mining.Icdm16DesqMiningTest" time="0.006"/>
  <testcase name="test[Icdm16DesqMiningTest-DesqCount-fttf-2-(a1)..$]" classname="de.uni_mannheim.desq.mining.Icdm16DesqMiningTest" time="0.006"/>
  <testcase name="test[Icdm16DesqMiningTest-DesqCount-fttf-3-(a1)..$]" classname="de.uni_mannheim.desq.mining.Icdm16DesqMiningTest" time="0.009"/>
  <testcase name="test[Icdm16DesqMiningTest-DesqCount-fttf-1-.(a1)]" classname="de.uni_mannheim.desq.mining.Icdm16DesqMiningTest" time="0.008"/>
  <testcase name="test[Icdm16DesqMiningTest-DesqCount-fttf-2-.(a1)]" classname="de.uni_mannheim.desq.mining.Icdm16DesqMiningTest" time="0.005"/>
  <testcase name="test[Icdm16DesqMiningTest-DesqCount-fttf-3-.(a1)]" classname="de.uni_mannheim.desq.mining.Icdm16DesqMiningTest" time="0.005"/>
  <testcase name="test[Icdm16DesqMiningTest-DesqCount-fttf-1-^.(a1)]" classname="de.uni_mannheim.desq.mining.Icdm16DesqMiningTest" time="0.005"/>
  <testcase name="test[Icdm16DesqMiningTest-DesqCount-fttf-2-^.(a1)]" classname="de.uni_mannheim.desq.mining.Icdm16DesqMiningTest" time="0.005"/>
  <testcase name="test[Icdm16DesqMiningTest-DesqCount-fttf-3-^.(a1)]" classname="de.uni_mannheim.desq.mining.Icdm16DesqMiningTest" time="0.003"/>
  <testcase name="test[Icdm16DesqMiningTest-DesqCount-fttt-1-[c|d] ([A^|B=^]+) e]" classname="de.uni_mannheim.desq.mining.Icdm16DesqMiningTest" time="0.004"/>
  <testcase name="test[Icdm16DesqMiningTest-DesqCount-fttt-2-[c|d] ([A^|B=^]+) e]" classname="de.uni_mannheim.desq.mining.Icdm16DesqMiningTest" time="0.003"/>
  <testcase name="test[Icdm16DesqMiningTest-DesqCount-fttt-3-[c|d] ([A^|B=^]+) e]" classname="de.uni_mannheim.desq.mining.Icdm16DesqMiningTest" time="0.003"/>
  <testcase name="test[Icdm16DesqMiningTest-DesqCount-fttt-1-(a1)..]" classname="de.uni_mannheim.desq.mining.Icdm16DesqMiningTest" time="0.013"/>
  <testcase name="test[Icdm16DesqMiningTest-DesqCount-fttt-2-(a1)..]" classname="de.uni_mannheim.desq.mining.Icdm16DesqMiningTest" time="0.005"/>
  <testcase name="test[Icdm16DesqMiningTest-DesqCount-fttt-3-(a1)..]" classname="de.uni_mannheim.desq.mining.Icdm16DesqMiningTest" time="0.005"/>
  <testcase name="test[Icdm16DesqMiningTest-DesqCount-fttt-1-(a1)..$]" classname="de.uni_mannheim.desq.mining.Icdm16DesqMiningTest" time="0.002"/>
  <testcase name="test[Icdm16DesqMiningTest-DesqCount-fttt-2-(a1)..$]" classname="de.uni_mannheim.desq.mining.Icdm16DesqMiningTest" time="0.002"/>
  <testcase name="test[Icdm16DesqMiningTest-DesqCount-fttt-3-(a1)..$]" classname="de.uni_mannheim.desq.mining.Icdm16DesqMiningTest" time="0.006"/>
  <testcase name="test[Icdm16DesqMiningTest-DesqCount-fttt-1-.(a1)]" classname="de.uni_mannheim.desq.mining.Icdm16DesqMiningTest" time="0.003"/>
  <testcase name="test[Icdm16DesqMiningTest-DesqCount-fttt-2-.(a1)]" classname="de.uni_mannheim.desq.mining.Icdm16DesqMiningTest" time="0.002"/>
  <testcase name="test[Icdm16DesqMiningTest-DesqCount-fttt-3-.(a1)]" classname="de.uni_mannheim.desq.mining.Icdm16DesqMiningTest" time="0.008"/>
  <testcase name="test[Icdm16DesqMiningTest-DesqCount-fttt-1-^.(a1)]" classname="de.uni_mannheim.desq.mining.Icdm16DesqMiningTest" time="0.007"/>
  <testcase name="test[Icdm16DesqMiningTest-DesqCount-fttt-2-^.(a1)]" classname="de.uni_mannheim.desq.mining.Icdm16DesqMiningTest" time="0.004"/>
  <testcase name="test[Icdm16DesqMiningTest-DesqCount-fttt-3-^.(a1)]" classname="de.uni_mannheim.desq.mining.Icdm16DesqMiningTest" time="0.011"/>
  <testcase name="test[Icdm16DesqMiningTest-DesqCount-tfff-1-[c|d] ([A^|B=^]+) e]" classname="de.uni_mannheim.desq.mining.Icdm16DesqMiningTest" time="0.009"/>
  <testcase name="test[Icdm16DesqMiningTest-DesqCount-tfff-2-[c|d] ([A^|B=^]+) e]" classname="de.uni_mannheim.desq.mining.Icdm16DesqMiningTest" time="0.006"/>
  <testcase name="test[Icdm16DesqMiningTest-DesqCount-tfff-3-[c|d] ([A^|B=^]+) e]" classname="de.uni_mannheim.desq.mining.Icdm16DesqMiningTest" time="0.006"/>
  <testcase name="test[Icdm16DesqMiningTest-DesqCount-tfff-1-(a1)..]" classname="de.uni_mannheim.desq.mining.Icdm16DesqMiningTest" time="0.009"/>
  <testcase name="test[Icdm16DesqMiningTest-DesqCount-tfff-2-(a1)..]" classname="de.uni_mannheim.desq.mining.Icdm16DesqMiningTest" time="0.007"/>
  <testcase name="test[Icdm16DesqMiningTest-DesqCount-tfff-3-(a1)..]" classname="de.uni_mannheim.desq.mining.Icdm16DesqMiningTest" time="0.002"/>
  <testcase name="test[Icdm16DesqMiningTest-DesqCount-tfff-1-(a1)..$]" classname="de.uni_mannheim.desq.mining.Icdm16DesqMiningTest" time="0.01"/>
  <testcase name="test[Icdm16DesqMiningTest-DesqCount-tfff-2-(a1)..$]" classname="de.uni_mannheim.desq.mining.Icdm16DesqMiningTest" time="0.006"/>
  <testcase name="test[Icdm16DesqMiningTest-DesqCount-tfff-3-(a1)..$]" classname="de.uni_mannheim.desq.mining.Icdm16DesqMiningTest" time="0.003"/>
  <testcase name="test[Icdm16DesqMiningTest-DesqCount-tfff-1-.(a1)]" classname="de.uni_mannheim.desq.mining.Icdm16DesqMiningTest" time="0.003"/>
  <testcase name="test[Icdm16DesqMiningTest-DesqCount-tfff-2-.(a1)]" classname="de.uni_mannheim.desq.mining.Icdm16DesqMiningTest" time="0.002"/>
  <testcase name="test[Icdm16DesqMiningTest-DesqCount-tfff-3-.(a1)]" classname="de.uni_mannheim.desq.mining.Icdm16DesqMiningTest" time="0.002"/>
  <testcase name="test[Icdm16DesqMiningTest-DesqCount-tfff-1-^.(a1)]" classname="de.uni_mannheim.desq.mining.Icdm16DesqMiningTest" time="0.002"/>
  <testcase name="test[Icdm16DesqMiningTest-DesqCount-tfff-2-^.(a1)]" classname="de.uni_mannheim.desq.mining.Icdm16DesqMiningTest" time="0.395"/>
  <testcase name="test[Icdm16DesqMiningTest-DesqCount-tfff-3-^.(a1)]" classname="de.uni_mannheim.desq.mining.Icdm16DesqMiningTest" time="0.003"/>
  <testcase name="test[Icdm16DesqMiningTest-DesqCount-ttff-1-[c|d] ([A^|B=^]+) e]" classname="de.uni_mannheim.desq.mining.Icdm16DesqMiningTest" time="0.005"/>
  <testcase name="test[Icdm16DesqMiningTest-DesqCount-ttff-2-[c|d] ([A^|B=^]+) e]" classname="de.uni_mannheim.desq.mining.Icdm16DesqMiningTest" time="0.011"/>
  <testcase name="test[Icdm16DesqMiningTest-DesqCount-ttff-3-[c|d] ([A^|B=^]+) e]" classname="de.uni_mannheim.desq.mining.Icdm16DesqMiningTest" time="0.003"/>
  <testcase name="test[Icdm16DesqMiningTest-DesqCount-ttff-1-(a1)..]" classname="de.uni_mannheim.desq.mining.Icdm16DesqMiningTest" time="0.003"/>
  <testcase name="test[Icdm16DesqMiningTest-DesqCount-ttff-2-(a1)..]" classname="de.uni_mannheim.desq.mining.Icdm16DesqMiningTest" time="0.008"/>
  <testcase name="test[Icdm16DesqMiningTest-DesqCount-ttff-3-(a1)..]" classname="de.uni_mannheim.desq.mining.Icdm16DesqMiningTest" time="0.007"/>
  <testcase name="test[Icdm16DesqMiningTest-DesqCount-ttff-1-(a1)..$]" classname="de.uni_mannheim.desq.mining.Icdm16DesqMiningTest" time="0.005"/>
  <testcase name="test[Icdm16DesqMiningTest-DesqCount-ttff-2-(a1)..$]" classname="de.uni_mannheim.desq.mining.Icdm16DesqMiningTest" time="0.009"/>
  <testcase name="test[Icdm16DesqMiningTest-DesqCount-ttff-3-(a1)..$]" classname="de.uni_mannheim.desq.mining.Icdm16DesqMiningTest" time="0.009"/>
  <testcase name="test[Icdm16DesqMiningTest-DesqCount-ttff-1-.(a1)]" classname="de.uni_mannheim.desq.mining.Icdm16DesqMiningTest" time="0.007"/>
  <testcase name="test[Icdm16DesqMiningTest-DesqCount-ttff-2-.(a1)]" classname="de.uni_mannheim.desq.mining.Icdm16DesqMiningTest" time="0.005"/>
  <testcase name="test[Icdm16DesqMiningTest-DesqCount-ttff-3-.(a1)]" classname="de.uni_mannheim.desq.mining.Icdm16DesqMiningTest" time="0.01"/>
  <testcase name="test[Icdm16DesqMiningTest-DesqCount-ttff-1-^.(a1)]" classname="de.uni_mannheim.desq.mining.Icdm16DesqMiningTest" time="0.008"/>
  <testcase name="test[Icdm16DesqMiningTest-DesqCount-ttff-2-^.(a1)]" classname="de.uni_mannheim.desq.mining.Icdm16DesqMiningTest" time="0.003"/>
  <testcase name="test[Icdm16DesqMiningTest-DesqCount-ttff-3-^.(a1)]" classname="de.uni_mannheim.desq.mining.Icdm16DesqMiningTest" time="0.007"/>
  <testcase name="test[Icdm16DesqMiningTest-DesqCount-ttft-1-[c|d] ([A^|B=^]+) e]" classname="de.uni_mannheim.desq.mining.Icdm16DesqMiningTest" time="0.006"/>
  <testcase name="test[Icdm16DesqMiningTest-DesqCount-ttft-2-[c|d] ([A^|B=^]+) e]" classname="de.uni_mannheim.desq.mining.Icdm16DesqMiningTest" time="0.014"/>
  <testcase name="test[Icdm16DesqMiningTest-DesqCount-ttft-3-[c|d] ([A^|B=^]+) e]" classname="de.uni_mannheim.desq.mining.Icdm16DesqMiningTest" time="0.005"/>
  <testcase name="test[Icdm16DesqMiningTest-DesqCount-ttft-1-(a1)..]" classname="de.uni_mannheim.desq.mining.Icdm16DesqMiningTest" time="0.005"/>
  <testcase name="test[Icdm16DesqMiningTest-DesqCount-ttft-2-(a1)..]" classname="de.uni_mannheim.desq.mining.Icdm16DesqMiningTest" time="0.008"/>
  <testcase name="test[Icdm16DesqMiningTest-DesqCount-ttft-3-(a1)..]" classname="de.uni_mannheim.desq.mining.Icdm16DesqMiningTest" time="0.003"/>
  <testcase name="test[Icdm16DesqMiningTest-DesqCount-ttft-1-(a1)..$]" classname="de.uni_mannheim.desq.mining.Icdm16DesqMiningTest" time="0.011"/>
  <testcase name="test[Icdm16DesqMiningTest-DesqCount-ttft-2-(a1)..$]" classname="de.uni_mannheim.desq.mining.Icdm16DesqMiningTest" time="0.014"/>
  <testcase name="test[Icdm16DesqMiningTest-DesqCount-ttft-3-(a1)..$]" classname="de.uni_mannheim.desq.mining.Icdm16DesqMiningTest" time="0.004"/>
  <testcase name="test[Icdm16DesqMiningTest-DesqCount-ttft-1-.(a1)]" classname="de.uni_mannheim.desq.mining.Icdm16DesqMiningTest" time="0.012"/>
  <testcase name="test[Icdm16DesqMiningTest-DesqCount-ttft-2-.(a1)]" classname="de.uni_mannheim.desq.mining.Icdm16DesqMiningTest" time="0.006"/>
  <testcase name="test[Icdm16DesqMiningTest-DesqCount-ttft-3-.(a1)]" classname="de.uni_mannheim.desq.mining.Icdm16DesqMiningTest" time="0.008"/>
  <testcase name="test[Icdm16DesqMiningTest-DesqCount-ttft-1-^.(a1)]" classname="de.uni_mannheim.desq.mining.Icdm16DesqMiningTest" time="0.009"/>
  <testcase name="test[Icdm16DesqMiningTest-DesqCount-ttft-2-^.(a1)]" classname="de.uni_mannheim.desq.mining.Icdm16DesqMiningTest" time="0.008"/>
  <testcase name="test[Icdm16DesqMiningTest-DesqCount-ttft-3-^.(a1)]" classname="de.uni_mannheim.desq.mining.Icdm16DesqMiningTest" time="0.006"/>
  <testcase name="test[Icdm16DesqMiningTest-DesqCount-tttf-1-[c|d] ([A^|B=^]+) e]" classname="de.uni_mannheim.desq.mining.Icdm16DesqMiningTest" time="0.006"/>
  <testcase name="test[Icdm16DesqMiningTest-DesqCount-tttf-2-[c|d] ([A^|B=^]+) e]" classname="de.uni_mannheim.desq.mining.Icdm16DesqMiningTest" time="0.009"/>
  <testcase name="test[Icdm16DesqMiningTest-DesqCount-tttf-3-[c|d] ([A^|B=^]+) e]" classname="de.uni_mannheim.desq.mining.Icdm16DesqMiningTest" time="0.005"/>
  <testcase name="test[Icdm16DesqMiningTest-DesqCount-tttf-1-(a1)..]" classname="de.uni_mannheim.desq.mining.Icdm16DesqMiningTest" time="0.004"/>
  <testcase name="test[Icdm16DesqMiningTest-DesqCount-tttf-2-(a1)..]" classname="de.uni_mannheim.desq.mining.Icdm16DesqMiningTest" time="0.01"/>
  <testcase name="test[Icdm16DesqMiningTest-DesqCount-tttf-3-(a1)..]" classname="de.uni_mannheim.desq.mining.Icdm16DesqMiningTest" time="0.009"/>
  <testcase name="test[Icdm16DesqMiningTest-DesqCount-tttf-1-(a1)..$]" classname="de.uni_mannheim.desq.mining.Icdm16DesqMiningTest" time="0.004"/>
  <testcase name="test[Icdm16DesqMiningTest-DesqCount-tttf-2-(a1)..$]" classname="de.uni_mannheim.desq.mining.Icdm16DesqMiningTest" time="0.008"/>
  <testcase name="test[Icdm16DesqMiningTest-DesqCount-tttf-3-(a1)..$]" classname="de.uni_mannheim.desq.mining.Icdm16DesqMiningTest" time="0.006"/>
  <testcase name="test[Icdm16DesqMiningTest-DesqCount-tttf-1-.(a1)]" classname="de.uni_mannheim.desq.mining.Icdm16DesqMiningTest" time="0.007"/>
  <testcase name="test[Icdm16DesqMiningTest-DesqCount-tttf-2-.(a1)]" classname="de.uni_mannheim.desq.mining.Icdm16DesqMiningTest" time="0.007"/>
  <testcase name="test[Icdm16DesqMiningTest-DesqCount-tttf-3-.(a1)]" classname="de.uni_mannheim.desq.mining.Icdm16DesqMiningTest" time="0.003"/>
  <testcase name="test[Icdm16DesqMiningTest-DesqCount-tttf-1-^.(a1)]" classname="de.uni_mannheim.desq.mining.Icdm16DesqMiningTest" time="0.003"/>
  <testcase name="test[Icdm16DesqMiningTest-DesqCount-tttf-2-^.(a1)]" classname="de.uni_mannheim.desq.mining.Icdm16DesqMiningTest" time="0.009"/>
  <testcase name="test[Icdm16DesqMiningTest-DesqCount-tttf-3-^.(a1)]" classname="de.uni_mannheim.desq.mining.Icdm16DesqMiningTest" time="0.009"/>
  <testcase name="test[Icdm16DesqMiningTest-DesqCount-tttt-1-[c|d] ([A^|B=^]+) e]" classname="de.uni_mannheim.desq.mining.Icdm16DesqMiningTest" time="0.014"/>
  <testcase name="test[Icdm16DesqMiningTest-DesqCount-tttt-2-[c|d] ([A^|B=^]+) e]" classname="de.uni_mannheim.desq.mining.Icdm16DesqMiningTest" time="0.006"/>
  <testcase name="test[Icdm16DesqMiningTest-DesqCount-tttt-3-[c|d] ([A^|B=^]+) e]" classname="de.uni_mannheim.desq.mining.Icdm16DesqMiningTest" time="0.005"/>
  <testcase name="test[Icdm16DesqMiningTest-DesqCount-tttt-1-(a1)..]" classname="de.uni_mannheim.desq.mining.Icdm16DesqMiningTest" time="0.004"/>
  <testcase name="test[Icdm16DesqMiningTest-DesqCount-tttt-2-(a1)..]" classname="de.uni_mannheim.desq.mining.Icdm16DesqMiningTest" time="0.013"/>
  <testcase name="test[Icdm16DesqMiningTest-DesqCount-tttt-3-(a1)..]" classname="de.uni_mannheim.desq.mining.Icdm16DesqMiningTest" time="0.009"/>
  <testcase name="test[Icdm16DesqMiningTest-DesqCount-tttt-1-(a1)..$]" classname="de.uni_mannheim.desq.mining.Icdm16DesqMiningTest" time="0.005"/>
  <testcase name="test[Icdm16DesqMiningTest-DesqCount-tttt-2-(a1)..$]" classname="de.uni_mannheim.desq.mining.Icdm16DesqMiningTest" time="0.005"/>
  <testcase name="test[Icdm16DesqMiningTest-DesqCount-tttt-3-(a1)..$]" classname="de.uni_mannheim.desq.mining.Icdm16DesqMiningTest" time="0.003"/>
  <testcase name="test[Icdm16DesqMiningTest-DesqCount-tttt-1-.(a1)]" classname="de.uni_mannheim.desq.mining.Icdm16DesqMiningTest" time="0.003"/>
  <testcase name="test[Icdm16DesqMiningTest-DesqCount-tttt-2-.(a1)]" classname="de.uni_mannheim.desq.mining.Icdm16DesqMiningTest" time="0.003"/>
  <testcase name="test[Icdm16DesqMiningTest-DesqCount-tttt-3-.(a1)]" classname="de.uni_mannheim.desq.mining.Icdm16DesqMiningTest" time="0.197"/>
  <testcase name="test[Icdm16DesqMiningTest-DesqCount-tttt-1-^.(a1)]" classname="de.uni_mannheim.desq.mining.Icdm16DesqMiningTest" time="0.01"/>
  <testcase name="test[Icdm16DesqMiningTest-DesqCount-tttt-2-^.(a1)]" classname="de.uni_mannheim.desq.mining.Icdm16DesqMiningTest" time="0.005"/>
  <testcase name="test[Icdm16DesqMiningTest-DesqCount-tttt-3-^.(a1)]" classname="de.uni_mannheim.desq.mining.Icdm16DesqMiningTest" time="0.005"/>
  <testcase name="test[Icdm16DesqMiningTest-DesqDfs-fff-1-[c|d] ([A^|B=^]+) e]" classname="de.uni_mannheim.desq.mining.Icdm16DesqMiningTest" time="0.019"/>
  <testcase name="test[Icdm16DesqMiningTest-DesqDfs-fff-2-[c|d] ([A^|B=^]+) e]" classname="de.uni_mannheim.desq.mining.Icdm16DesqMiningTest" time="0.008"/>
  <testcase name="test[Icdm16DesqMiningTest-DesqDfs-fff-3-[c|d] ([A^|B=^]+) e]" classname="de.uni_mannheim.desq.mining.Icdm16DesqMiningTest" time="0.003"/>
  <testcase name="test[Icdm16DesqMiningTest-DesqDfs-fff-1-(a1)..]" classname="de.uni_mannheim.desq.mining.Icdm16DesqMiningTest" time="0.006"/>
  <testcase name="test[Icdm16DesqMiningTest-DesqDfs-fff-2-(a1)..]" classname="de.uni_mannheim.desq.mining.Icdm16DesqMiningTest" time="0.011"/>
  <testcase name="test[Icdm16DesqMiningTest-DesqDfs-fff-3-(a1)..]" classname="de.uni_mannheim.desq.mining.Icdm16DesqMiningTest" time="0.008"/>
  <testcase name="test[Icdm16DesqMiningTest-DesqDfs-fff-1-(a1)..$]" classname="de.uni_mannheim.desq.mining.Icdm16DesqMiningTest" time="0.007"/>
  <testcase name="test[Icdm16DesqMiningTest-DesqDfs-fff-2-(a1)..$]" classname="de.uni_mannheim.desq.mining.Icdm16DesqMiningTest" time="0.005"/>
  <testcase name="test[Icdm16DesqMiningTest-DesqDfs-fff-3-(a1)..$]" classname="de.uni_mannheim.desq.mining.Icdm16DesqMiningTest" time="0.009"/>
  <testcase name="test[Icdm16DesqMiningTest-DesqDfs-fff-1-.(a1)]" classname="de.uni_mannheim.desq.mining.Icdm16DesqMiningTest" time="0.008"/>
  <testcase name="test[Icdm16DesqMiningTest-DesqDfs-fff-2-.(a1)]" classname="de.uni_mannheim.desq.mining.Icdm16DesqMiningTest" time="0.002"/>
  <testcase name="test[Icdm16DesqMiningTest-DesqDfs-fff-3-.(a1)]" classname="de.uni_mannheim.desq.mining.Icdm16DesqMiningTest" time="0.002"/>
  <testcase name="test[Icdm16DesqMiningTest-DesqDfs-fff-1-^.(a1)]" classname="de.uni_mannheim.desq.mining.Icdm16DesqMiningTest" time="0.002"/>
  <testcase name="test[Icdm16DesqMiningTest-DesqDfs-fff-2-^.(a1)]" classname="de.uni_mannheim.desq.mining.Icdm16DesqMiningTest" time="0.006"/>
  <testcase name="test[Icdm16DesqMiningTest-DesqDfs-fff-3-^.(a1)]" classname="de.uni_mannheim.desq.mining.Icdm16DesqMiningTest" time="0.003"/>
  <testcase name="test[Icdm16DesqMiningTest-DesqDfs-tff-1-[c|d] ([A^|B=^]+) e]" classname="de.uni_mannheim.desq.mining.Icdm16DesqMiningTest" time="0.005"/>
  <testcase name="test[Icdm16DesqMiningTest-DesqDfs-tff-2-[c|d] ([A^|B=^]+) e]" classname="de.uni_mannheim.desq.mining.Icdm16DesqMiningTest" time="0.004"/>
  <testcase name="test[Icdm16DesqMiningTest-DesqDfs-tff-3-[c|d] ([A^|B=^]+) e]" classname="de.uni_mannheim.desq.mining.Icdm16DesqMiningTest" time="0.002"/>
  <testcase name="test[Icdm16DesqMiningTest-DesqDfs-tff-1-(a1)..]" classname="de.uni_mannheim.desq.mining.Icdm16DesqMiningTest" time="0.002"/>
  <testcase name="test[Icdm16DesqMiningTest-DesqDfs-tff-2-(a1)..]" classname="de.uni_mannheim.desq.mining.Icdm16DesqMiningTest" time="0.01"/>
  <testcase name="test[Icdm16DesqMiningTest-DesqDfs-tff-3-(a1)..]" classname="de.uni_mannheim.desq.mining.Icdm16DesqMiningTest" time="0.009"/>
  <testcase name="test[Icdm16DesqMiningTest-DesqDfs-tff-1-(a1)..$]" classname="de.uni_mannheim.desq.mining.Icdm16DesqMiningTest" time="0.003"/>
  <testcase name="test[Icdm16DesqMiningTest-DesqDfs-tff-2-(a1)..$]" classname="de.uni_mannheim.desq.mining.Icdm16DesqMiningTest" time="0.003"/>
  <testcase name="test[Icdm16DesqMiningTest-DesqDfs-tff-3-(a1)..$]" classname="de.uni_mannheim.desq.mining.Icdm16DesqMiningTest" time="0.002"/>
  <testcase name="test[Icdm16DesqMiningTest-DesqDfs-tff-1-.(a1)]" classname="de.uni_mannheim.desq.mining.Icdm16DesqMiningTest" time="0.002"/>
  <testcase name="test[Icdm16DesqMiningTest-DesqDfs-tff-2-.(a1)]" classname="de.uni_mannheim.desq.mining.Icdm16DesqMiningTest" time="0.002"/>
  <testcase name="test[Icdm16DesqMiningTest-DesqDfs-tff-3-.(a1)]" classname="de.uni_mannheim.desq.mining.Icdm16DesqMiningTest" time="0.002"/>
  <testcase name="test[Icdm16DesqMiningTest-DesqDfs-tff-1-^.(a1)]" classname="de.uni_mannheim.desq.mining.Icdm16DesqMiningTest" time="0.008"/>
  <testcase name="test[Icdm16DesqMiningTest-DesqDfs-tff-2-^.(a1)]" classname="de.uni_mannheim.desq.mining.Icdm16DesqMiningTest" time="0.003"/>
  <testcase name="test[Icdm16DesqMiningTest-DesqDfs-tff-3-^.(a1)]" classname="de.uni_mannheim.desq.mining.Icdm16DesqMiningTest" time="0.002"/>
  <testcase name="test[Icdm16DesqMiningTest-DesqDfs-tft-1-[c|d] ([A^|B=^]+) e]" classname="de.uni_mannheim.desq.mining.Icdm16DesqMiningTest" time="0.009"/>
  <testcase name="test[Icdm16DesqMiningTest-DesqDfs-tft-2-[c|d] ([A^|B=^]+) e]" classname="de.uni_mannheim.desq.mining.Icdm16DesqMiningTest" time="0.006"/>
  <testcase name="test[Icdm16DesqMiningTest-DesqDfs-tft-3-[c|d] ([A^|B=^]+) e]" classname="de.uni_mannheim.desq.mining.Icdm16DesqMiningTest" time="0.004"/>
  <testcase name="test[Icdm16DesqMiningTest-DesqDfs-tft-1-(a1)..]" classname="de.uni_mannheim.desq.mining.Icdm16DesqMiningTest" time="0.003"/>
  <testcase name="test[Icdm16DesqMiningTest-DesqDfs-tft-2-(a1)..]" classname="de.uni_mannheim.desq.mining.Icdm16DesqMiningTest" time="0.195"/>
  <testcase name="test[Icdm16DesqMiningTest-DesqDfs-tft-3-(a1)..]" classname="de.uni_mannheim.desq.mining.Icdm16DesqMiningTest" time="0.009"/>
  <testcase name="test[Icdm16DesqMiningTest-DesqDfs-tft-1-(a1)..$]" classname="de.uni_mannheim.desq.mining.Icdm16DesqMiningTest" time="0.007"/>
  <testcase name="test[Icdm16DesqMiningTest-DesqDfs-tft-2-(a1)..$]" classname="de.uni_mannheim.desq.mining.Icdm16DesqMiningTest" time="0.006"/>
  <testcase name="test[Icdm16DesqMiningTest-DesqDfs-tft-3-(a1)..$]" classname="de.uni_mannheim.desq.mining.Icdm16DesqMiningTest" time="0.009"/>
  <testcase name="test[Icdm16DesqMiningTest-DesqDfs-tft-1-.(a1)]" classname="de.uni_mannheim.desq.mining.Icdm16DesqMiningTest" time="0.008"/>
  <testcase name="test[Icdm16DesqMiningTest-DesqDfs-tft-2-.(a1)]" classname="de.uni_mannheim.desq.mining.Icdm16DesqMiningTest" time="0.003"/>
  <testcase name="test[Icdm16DesqMiningTest-DesqDfs-tft-3-.(a1)]" classname="de.uni_mannheim.desq.mining.Icdm16DesqMiningTest" time="0.003"/>
  <testcase name="test[Icdm16DesqMiningTest-DesqDfs-tft-1-^.(a1)]" classname="de.uni_mannheim.desq.mining.Icdm16DesqMiningTest" time="0.009"/>
  <testcase name="test[Icdm16DesqMiningTest-DesqDfs-tft-2-^.(a1)]" classname="de.uni_mannheim.desq.mining.Icdm16DesqMiningTest" time="0.003"/>
  <testcase name="test[Icdm16DesqMiningTest-DesqDfs-tft-3-^.(a1)]" classname="de.uni_mannheim.desq.mining.Icdm16DesqMiningTest" time="0.002"/>
  <testcase name="test[Icdm16DesqMiningTest-DesqDfs-ttf-1-[c|d] ([A^|B=^]+) e]" classname="de.uni_mannheim.desq.mining.Icdm16DesqMiningTest" time="0.004"/>
  <testcase name="test[Icdm16DesqMiningTest-DesqDfs-ttf-2-[c|d] ([A^|B=^]+) e]" classname="de.uni_mannheim.desq.mining.Icdm16DesqMiningTest" time="0.004"/>
  <testcase name="test[Icdm16DesqMiningTest-DesqDfs-ttf-3-[c|d] ([A^|B=^]+) e]" classname="de.uni_mannheim.desq.mining.Icdm16DesqMiningTest" time="0.003"/>
  <testcase name="test[Icdm16DesqMiningTest-DesqDfs-ttf-1-(a1)..]" classname="de.uni_mannheim.desq.mining.Icdm16DesqMiningTest" time="0.01"/>
  <testcase name="test[Icdm16DesqMiningTest-DesqDfs-ttf-2-(a1)..]" classname="de.uni_mannheim.desq.mining.Icdm16DesqMiningTest" time="0.01"/>
  <testcase name="test[Icdm16DesqMiningTest-DesqDfs-ttf-3-(a1)..]" classname="de.uni_mannheim.desq.mining.Icdm16DesqMiningTest" time="0.003"/>
  <testcase name="test[Icdm16DesqMiningTest-DesqDfs-ttf-1-(a1)..$]" classname="de.uni_mannheim.desq.mining.Icdm16DesqMiningTest" time="0.004"/>
  <testcase name="test[Icdm16DesqMiningTest-DesqDfs-ttf-2-(a1)..$]" classname="de.uni_mannheim.desq.mining.Icdm16DesqMiningTest" time="0.003"/>
  <testcase name="test[Icdm16DesqMiningTest-DesqDfs-ttf-3-(a1)..$]" classname="de.uni_mannheim.desq.mining.Icdm16DesqMiningTest" time="0.01"/>
  <testcase name="test[Icdm16DesqMiningTest-DesqDfs-ttf-1-.(a1)]" classname="de.uni_mannheim.desq.mining.Icdm16DesqMiningTest" time="0.008"/>
  <testcase name="test[Icdm16DesqMiningTest-DesqDfs-ttf-2-.(a1)]" classname="de.uni_mannheim.desq.mining.Icdm16DesqMiningTest" time="0.008"/>
  <testcase name="test[Icdm16DesqMiningTest-DesqDfs-ttf-3-.(a1)]" classname="de.uni_mannheim.desq.mining.Icdm16DesqMiningTest" time="0.013"/>
  <testcase name="test[Icdm16DesqMiningTest-DesqDfs-ttf-1-^.(a1)]" classname="de.uni_mannheim.desq.mining.Icdm16DesqMiningTest" time="0.005"/>
  <testcase name="test[Icdm16DesqMiningTest-DesqDfs-ttf-2-^.(a1)]" classname="de.uni_mannheim.desq.mining.Icdm16DesqMiningTest" time="0.01"/>
  <testcase name="test[Icdm16DesqMiningTest-DesqDfs-ttf-3-^.(a1)]" classname="de.uni_mannheim.desq.mining.Icdm16DesqMiningTest" time="0.011"/>
  <testcase name="test[Icdm16DesqMiningTest-DesqDfs-ttt-1-[c|d] ([A^|B=^]+) e]" classname="de.uni_mannheim.desq.mining.Icdm16DesqMiningTest" time="0.008"/>
  <testcase name="test[Icdm16DesqMiningTest-DesqDfs-ttt-2-[c|d] ([A^|B=^]+) e]" classname="de.uni_mannheim.desq.mining.Icdm16DesqMiningTest" time="0.008"/>
  <testcase name="test[Icdm16DesqMiningTest-DesqDfs-ttt-3-[c|d] ([A^|B=^]+) e]" classname="de.uni_mannheim.desq.mining.Icdm16DesqMiningTest" time="0.004"/>
  <testcase name="test[Icdm16DesqMiningTest-DesqDfs-ttt-1-(a1)..]" classname="de.uni_mannheim.desq.mining.Icdm16DesqMiningTest" time="0.023"/>
  <testcase name="test[Icdm16DesqMiningTest-DesqDfs-ttt-2-(a1)..]" classname="de.uni_mannheim.desq.mining.Icdm16DesqMiningTest" time="0.003"/>
  <testcase name="test[Icdm16DesqMiningTest-DesqDfs-ttt-3-(a1)..]" classname="de.uni_mannheim.desq.mining.Icdm16DesqMiningTest" time="0.002"/>
  <testcase name="test[Icdm16DesqMiningTest-DesqDfs-ttt-1-(a1)..$]" classname="de.uni_mannheim.desq.mining.Icdm16DesqMiningTest" time="0.009"/>
  <testcase name="test[Icdm16DesqMiningTest-DesqDfs-ttt-2-(a1)..$]" classname="de.uni_mannheim.desq.mining.Icdm16DesqMiningTest" time="0.008"/>
  <testcase name="test[Icdm16DesqMiningTest-DesqDfs-ttt-3-(a1)..$]" classname="de.uni_mannheim.desq.mining.Icdm16DesqMiningTest" time="0.003"/>
  <testcase name="test[Icdm16DesqMiningTest-DesqDfs-ttt-1-.(a1)]" classname="de.uni_mannheim.desq.mining.Icdm16DesqMiningTest" time="0.016"/>
  <testcase name="test[Icdm16DesqMiningTest-DesqDfs-ttt-2-.(a1)]" classname="de.uni_mannheim.desq.mining.Icdm16DesqMiningTest" time="0.003"/>
  <testcase name="test[Icdm16DesqMiningTest-DesqDfs-ttt-3-.(a1)]" classname="de.uni_mannheim.desq.mining.Icdm16DesqMiningTest" time="0.004"/>
  <testcase name="test[Icdm16DesqMiningTest-DesqDfs-ttt-1-^.(a1)]" classname="de.uni_mannheim.desq.mining.Icdm16DesqMiningTest" time="0.002"/>
  <testcase name="test[Icdm16DesqMiningTest-DesqDfs-ttt-2-^.(a1)]" classname="de.uni_mannheim.desq.mining.Icdm16DesqMiningTest" time="0.003"/>
  <testcase name="test[Icdm16DesqMiningTest-DesqDfs-ttt-3-^.(a1)]" classname="de.uni_mannheim.desq.mining.Icdm16DesqMiningTest" time="0.008"/>
</testsuite>