<?xml version="1.0" encoding="UTF-8"?>
<testsuite xmlns:xsi="http://www.w3.org/2001/XMLSchema-instance" xsi:noNamespaceSchemaLocation="https://maven.apache.org/surefire/maven-surefire-plugin/xsd/surefire-test-report.xsd" name="nl.jqno.equalsverifier.integration.basic_contract.TransitivityTest" time="0.212" tests="10" errors="0" skipped="1" failures="0">
  <properties>
    <property name="awt.toolkit" value="sun.awt.X11.XToolkit"/>
    <property name="maven.test.error.ignore" value="true"/>
    <property name="file.encoding.pkg" value="sun.io"/>
    <property name="java.specification.version" value="1.8"/>
    <property name="sun.cpu.isalist" value=""/>
    <property name="sun.jnu.encoding" value="UTF-8"/>
    <property name="java.class.path" value="/tmp/tmp8opyohky/equalsverifier/target/test-classes:/tmp/tmp8opyohky/equalsverifier/target/classes:/home/jdbl/.m2/repository/org/objenesis/objenesis/3.1/objenesis-3.1.jar:/home/jdbl/.m2/repository/net/bytebuddy/byte-buddy/1.10.10/byte-buddy-1.10.10.jar:/home/jdbl/.m2/repository/com/github/spotbugs/spotbugs-annotations/4.0.3/spotbugs-annotations-4.0.3.jar:/home/jdbl/.m2/repository/com/google/code/findbugs/jsr305/3.0.2/jsr305-3.0.2.jar:/home/jdbl/.m2/repository/net/jcip/jcip-annotations/1.0/jcip-annotations-1.0.jar:/home/jdbl/.m2/repository/junit/junit/4.12/junit-4.12.jar:/home/jdbl/.m2/repository/org/hamcrest/hamcrest-core/1.3/hamcrest-core-1.3.jar:/home/jdbl/.m2/repository/org/apache/commons/commons-lang3/3.10/commons-lang3-3.10.jar:/home/jdbl/.m2/repository/javax/annotation/javax.annotation-api/1.3.2/javax.annotation-api-1.3.2.jar:/home/jdbl/.m2/repository/nl/jqno/equalsverifier/equalsverifier-signedjar-test/0.2/equalsverifier-signedjar-test-0.2.jar:/home/jdbl/.m2/repository/org/eclipse/jdt/org.eclipse.jdt.annotation/2.2.400/org.eclipse.jdt.annotation-2.2.400.jar:/home/jdbl/.m2/repository/com/tngtech/archunit/archunit-junit4/0.14.1/archunit-junit4-0.14.1.jar:/home/jdbl/.m2/repository/com/tngtech/archunit/archunit/0.14.1/archunit-0.14.1.jar:/home/jdbl/.m2/repository/org/slf4j/slf4j-api/1.7.30/slf4j-api-1.7.30.jar:/home/jdbl/.m2/repository/org/slf4j/slf4j-simple/1.7.30/slf4j-simple-1.7.30.jar:/home/jdbl/.m2/repository/joda-time/joda-time/2.10.6/joda-time-2.10.6.jar:/home/jdbl/.m2/repository/com/google/guava/guava/29.0-jre/guava-29.0-jre.jar:/home/jdbl/.m2/repository/com/google/guava/failureaccess/1.0.1/failureaccess-1.0.1.jar:/home/jdbl/.m2/repository/com/google/guava/listenablefuture/9999.0-empty-to-avoid-conflict-with-guava/listenablefuture-9999.0-empty-to-avoid-conflict-with-guava.jar:/home/jdbl/.m2/repository/org/checkerframework/checker-qual/2.11.1/checker-qual-2.11.1.jar:/home/jdbl/.m2/repository/com/google/errorprone/error_prone_annotations/2.3.4/error_prone_annotations-2.3.4.jar:/home/jdbl/.m2/repository/com/google/j2objc/j2objc-annotations/1.3/j2objc-annotations-1.3.jar:"/>
    <property name="java.vm.vendor" value="Oracle Corporation"/>
    <property name="maven.javadoc.skip" value="true"/>
    <property name="sun.arch.data.model" value="64"/>
    <property name="java.vendor.url" value="http://java.oracle.com/"/>
    <property name="user.timezone" value=""/>
    <property name="java.vm.specification.version" value="1.8"/>
    <property name="os.name" value="Linux"/>
    <property name="rat.skip" value="true"/>
    <property name="sun.java.launcher" value="SUN_STANDARD"/>
    <property name="sun.boot.library.path" value="/usr/local/openjdk-8/jre/lib/amd64"/>
    <property name="sun.java.command" value="/tmp/tmp8opyohky/equalsverifier/target/surefire/surefirebooter5891370709857146214.jar /tmp/tmp8opyohky/equalsverifier/target/surefire 2020-07-30T15-13-29_519-jvmRun1 surefire866481479971778499tmp surefire_06536338990626097461tmp"/>
    <property name="surefire.test.class.path" value="/tmp/tmp8opyohky/equalsverifier/target/test-classes:/tmp/tmp8opyohky/equalsverifier/target/classes:/home/jdbl/.m2/repository/org/objenesis/objenesis/3.1/objenesis-3.1.jar:/home/jdbl/.m2/repository/net/bytebuddy/byte-buddy/1.10.10/byte-buddy-1.10.10.jar:/home/jdbl/.m2/repository/com/github/spotbugs/spotbugs-annotations/4.0.3/spotbugs-annotations-4.0.3.jar:/home/jdbl/.m2/repository/com/google/code/findbugs/jsr305/3.0.2/jsr305-3.0.2.jar:/home/jdbl/.m2/repository/net/jcip/jcip-annotations/1.0/jcip-annotations-1.0.jar:/home/jdbl/.m2/repository/junit/junit/4.12/junit-4.12.jar:/home/jdbl/.m2/repository/org/hamcrest/hamcrest-core/1.3/hamcrest-core-1.3.jar:/home/jdbl/.m2/repository/org/apache/commons/commons-lang3/3.10/commons-lang3-3.10.jar:/home/jdbl/.m2/repository/javax/annotation/javax.annotation-api/1.3.2/javax.annotation-api-1.3.2.jar:/home/jdbl/.m2/repository/nl/jqno/equalsverifier/equalsverifier-signedjar-test/0.2/equalsverifier-signedjar-test-0.2.jar:/home/jdbl/.m2/repository/org/eclipse/jdt/org.eclipse.jdt.annotation/2.2.400/org.eclipse.jdt.annotation-2.2.400.jar:/home/jdbl/.m2/repository/com/tngtech/archunit/archunit-junit4/0.14.1/archunit-junit4-0.14.1.jar:/home/jdbl/.m2/repository/com/tngtech/archunit/archunit/0.14.1/archunit-0.14.1.jar:/home/jdbl/.m2/repository/org/slf4j/slf4j-api/1.7.30/slf4j-api-1.7.30.jar:/home/jdbl/.m2/repository/org/slf4j/slf4j-simple/1.7.30/slf4j-simple-1.7.30.jar:/home/jdbl/.m2/repository/joda-time/joda-time/2.10.6/joda-time-2.10.6.jar:/home/jdbl/.m2/repository/com/google/guava/guava/29.0-jre/guava-29.0-jre.jar:/home/jdbl/.m2/repository/com/google/guava/failureaccess/1.0.1/failureaccess-1.0.1.jar:/home/jdbl/.m2/repository/com/google/guava/listenablefuture/9999.0-empty-to-avoid-conflict-with-guava/listenablefuture-9999.0-empty-to-avoid-conflict-with-guava.jar:/home/jdbl/.m2/repository/org/checkerframework/checker-qual/2.11.1/checker-qual-2.11.1.jar:/home/jdbl/.m2/repository/com/google/errorprone/error_prone_annotations/2.3.4/error_prone_annotations-2.3.4.jar:/home/jdbl/.m2/repository/com/google/j2objc/j2objc-annotations/1.3/j2objc-annotations-1.3.jar:"/>
    <property name="sun.cpu.endian" value="little"/>
    <property name="user.home" value="/home/jdbl"/>
    <property name="user.language" value="en"/>
    <property name="java.specification.vendor" value="Oracle Corporation"/>
    <property name="java.home" value="/usr/local/openjdk-8/jre"/>
    <property name="basedir" value="/tmp/tmp8opyohky/equalsverifier"/>
    <property name="file.separator" value="/"/>
    <property name="line.separator" value="&#10;"/>
    <property name="source.skip" value="true"/>
    <property name="java.vm.specification.vendor" value="Oracle Corporation"/>
    <property name="java.specification.name" value="Java Platform API Specification"/>
    <property name="java.awt.graphicsenv" value="sun.awt.X11GraphicsEnvironment"/>
    <property name="surefire.real.class.path" value="/tmp/tmp8opyohky/equalsverifier/target/surefire/surefirebooter5891370709857146214.jar:/home/jdbl/.m2/repository/org/jacoco/org.jacoco.agent/0.8.5/org.jacoco.agent-0.8.5-runtime.jar"/>
    <property name="sun.boot.class.path" value="/usr/local/openjdk-8/jre/lib/resources.jar:/usr/local/openjdk-8/jre/lib/rt.jar:/usr/local/openjdk-8/jre/lib/sunrsasign.jar:/usr/local/openjdk-8/jre/lib/jsse.jar:/usr/local/openjdk-8/jre/lib/jce.jar:/usr/local/openjdk-8/jre/lib/charsets.jar:/usr/local/openjdk-8/jre/lib/jfr.jar:/usr/local/openjdk-8/jre/classes"/>
    <property name="sun.management.compiler" value="HotSpot 64-Bit Tiered Compilers"/>
    <property name="java.runtime.version" value="1.8.0_262-b10"/>
    <property name="user.name" value="jdbl"/>
    <property name="path.separator" value=":"/>
    <property name="os.version" value="4.15.0-109-generic"/>
    <property name="java.endorsed.dirs" value="/usr/local/openjdk-8/jre/lib/endorsed"/>
    <property name="java.runtime.name" value="OpenJDK Runtime Environment"/>
    <property name="file.encoding" value="UTF-8"/>
    <property name="java.vm.name" value="OpenJDK 64-Bit Server VM"/>
    <property name="localRepository" value="/home/jdbl/.m2/repository"/>
    <property name="java.vendor.url.bug" value="http://bugreport.sun.com/bugreport/"/>
    <property name="java.io.tmpdir" value="/tmp"/>
    <property name="java.version" value="1.8.0_262"/>
    <property name="user.dir" value="/tmp/tmp8opyohky/equalsverifier"/>
    <property name="os.arch" value="amd64"/>
    <property name="license.skip" value="true"/>
    <property name="animal.sniffer.skip" value="true"/>
    <property name="java.vm.specification.name" value="Java Virtual Machine Specification"/>
    <property name="java.awt.printerjob" value="sun.print.PSPrinterJob"/>
    <property name="sun.os.patch.level" value="unknown"/>
    <property name="java.library.path" value="/usr/java/packages/lib/amd64:/usr/lib64:/lib64:/lib:/usr/lib"/>
    <property name="java.vm.info" value="mixed mode"/>
    <property name="java.vendor" value="Oracle Corporation"/>
    <property name="java.vm.version" value="25.262-b10"/>
    <property name="java.ext.dirs" value="/usr/local/openjdk-8/jre/lib/ext:/usr/java/packages/lib/ext"/>
    <property name="sun.io.unicode.encoding" value="UnicodeLittle"/>
    <property name="java.class.version" value="52.0"/>
    <property name="maven.test.failure.ignore" value="true"/>
  </properties>
  <testcase name="succeed_whenEqualityForThreeFieldsIsCombinedUsingAnd" classname="nl.jqno.equalsverifier.integration.basic_contract.TransitivityTest" time="0.03"/>
  <testcase name="fail_whenInstancesAreEqualIfAtLeastTwoFieldsAreEqual" classname="nl.jqno.equalsverifier.integration.basic_contract.TransitivityTest" time="0">
    <skipped message="This class is not transitive, and it should fail. See issue 78."/>
  </testcase>
  <testcase name="fail_whenEqualityForFiveFieldsIsCombinedUsingOr" classname="nl.jqno.equalsverifier.integration.basic_contract.TransitivityTest" time="0.016"/>
  <testcase name="fail_whenEqualityForThreeFieldsIsCombinedUsingAndAndOr" classname="nl.jqno.equalsverifier.integration.basic_contract.TransitivityTest" time="0.011"/>
  <testcase name="fail_whenEqualityForFiveFieldsIsCombinedUsingAndsAndOrs" classname="nl.jqno.equalsverifier.integration.basic_contract.TransitivityTest" time="0.016"/>
  <testcase name="succeed_whenEqualityForTwoFieldsIsCombinedUsingAnd" classname="nl.jqno.equalsverifier.integration.basic_contract.TransitivityTest" time="0.009"/>
  <testcase name="fail_whenEqualityForThreeFieldsIsCombinedUsingOr_givenRelaxedEqualExamples" classname="nl.jqno.equalsverifier.integration.basic_contract.TransitivityTest" time="0.013"/>
  <testcase name="fail_whenEqualityForThreeFieldsIsCombinedUsingOrAndAnd" classname="nl.jqno.equalsverifier.integration.basic_contract.TransitivityTest" time="0.013"/>
  <testcase name="fail_whenEqualityForThreeFieldsIsCombinedUsingOr" classname="nl.jqno.equalsverifier.integration.basic_contract.TransitivityTest" time="0.023"/>
  <testcase name="fail_whenEqualityForTwoFieldsIsCombinedUsingOr" classname="nl.jqno.equalsverifier.integration.basic_contract.TransitivityTest" time="0.057"/>
</testsuite>