<?xml version="1.0" encoding="UTF-8"?>
<testsuite xmlns:xsi="http://www.w3.org/2001/XMLSchema-instance" xsi:schemaLocation="https://maven.apache.org/surefire/maven-surefire-plugin/xsd/surefire-test-report.xsd" name="nl.tudelft.ewi.gitolite.keystore.KeyStoreTest" time="0.126" tests="11" errors="0" skipped="0" failures="0">
  <properties>
    <property name="java.runtime.name" value="OpenJDK Runtime Environment"/>
    <property name="sun.boot.library.path" value="/usr/local/openjdk-8/jre/lib/amd64"/>
    <property name="java.vm.version" value="25.262-b10"/>
    <property name="animal.sniffer.skip" value="true"/>
    <property name="java.vm.vendor" value="Oracle Corporation"/>
    <property name="maven.multiModuleProjectDirectory" value="/tmp/tmpou8zi_r3/Java-Gitolite-Manager"/>
    <property name="maven.javadoc.skip" value="true"/>
    <property name="java.vendor.url" value="http://java.oracle.com/"/>
    <property name="path.separator" value=":"/>
    <property name="guice.disable.misplaced.annotation.check" value="true"/>
    <property name="java.vm.name" value="OpenJDK 64-Bit Server VM"/>
    <property name="file.encoding.pkg" value="sun.io"/>
    <property name="sun.java.launcher" value="SUN_STANDARD"/>
    <property name="sun.os.patch.level" value="unknown"/>
    <property name="source.skip" value="true"/>
    <property name="java.vm.specification.name" value="Java Virtual Machine Specification"/>
    <property name="user.dir" value="/tmp/tmpou8zi_r3/Java-Gitolite-Manager"/>
    <property name="java.runtime.version" value="1.8.0_262-b10"/>
    <property name="java.awt.graphicsenv" value="sun.awt.X11GraphicsEnvironment"/>
    <property name="java.endorsed.dirs" value="/usr/local/openjdk-8/jre/lib/endorsed"/>
    <property name="os.arch" value="amd64"/>
    <property name="java.io.tmpdir" value="/tmp"/>
    <property name="line.separator" value="&#10;"/>
    <property name="java.vm.specification.vendor" value="Oracle Corporation"/>
    <property name="os.name" value="Linux"/>
    <property name="classworlds.conf" value="/usr/share/maven/bin/m2.conf"/>
    <property name="sun.jnu.encoding" value="UTF-8"/>
    <property name="java.library.path" value="/usr/java/packages/lib/amd64:/usr/lib64:/lib64:/lib:/usr/lib"/>
    <property name="license.skip" value="true"/>
    <property name="maven.conf" value="/usr/share/maven/conf"/>
    <property name="java.specification.name" value="Java Platform API Specification"/>
    <property name="java.class.version" value="52.0"/>
    <property name="sun.management.compiler" value="HotSpot 64-Bit Tiered Compilers"/>
    <property name="maven.test.failure.ignore" value="true"/>
    <property name="os.version" value="4.15.0-109-generic"/>
    <property name="library.jansi.path" value="/usr/share/maven/lib/jansi-native"/>
    <property name="user.home" value="/home/jdbl"/>
    <property name="user.timezone" value="Etc/UTC"/>
    <property name="java.awt.printerjob" value="sun.print.PSPrinterJob"/>
    <property name="java.specification.version" value="1.8"/>
    <property name="file.encoding" value="UTF-8"/>
    <property name="user.name" value="jdbl"/>
    <property name="java.class.path" value="/usr/share/maven/boot/plexus-classworlds-2.6.0.jar"/>
    <property name="java.vm.specification.version" value="1.8"/>
    <property name="sun.arch.data.model" value="64"/>
    <property name="java.home" value="/usr/local/openjdk-8/jre"/>
    <property name="sun.java.command" value="org.codehaus.plexus.classworlds.launcher.Launcher test -e --fail-never -ntp -Dmaven.test.failure.ignore=true -B -Dmaven.javadoc.skip=true -Drat.skip=true -Danimal.sniffer.skip=true -Dmaven.javadoc.skip=true -Dlicense.skip=true -Dsource.skip=true"/>
    <property name="java.specification.vendor" value="Oracle Corporation"/>
    <property name="user.language" value="en"/>
    <property name="awt.toolkit" value="sun.awt.X11.XToolkit"/>
    <property name="java.vm.info" value="mixed mode"/>
    <property name="java.version" value="1.8.0_262"/>
    <property name="java.ext.dirs" value="/usr/local/openjdk-8/jre/lib/ext:/usr/java/packages/lib/ext"/>
    <property name="securerandom.source" value="file:/dev/./urandom"/>
    <property name="sun.boot.class.path" value="/usr/local/openjdk-8/jre/lib/resources.jar:/usr/local/openjdk-8/jre/lib/rt.jar:/usr/local/openjdk-8/jre/lib/sunrsasign.jar:/usr/local/openjdk-8/jre/lib/jsse.jar:/usr/local/openjdk-8/jre/lib/jce.jar:/usr/local/openjdk-8/jre/lib/charsets.jar:/usr/local/openjdk-8/jre/lib/jfr.jar:/usr/local/openjdk-8/jre/classes"/>
    <property name="java.vendor" value="Oracle Corporation"/>
    <property name="rat.skip" value="true"/>
    <property name="maven.home" value="/usr/share/maven"/>
    <property name="file.separator" value="/"/>
    <property name="java.vendor.url.bug" value="http://bugreport.sun.com/bugreport/"/>
    <property name="sun.cpu.endian" value="little"/>
    <property name="sun.io.unicode.encoding" value="UnicodeLittle"/>
    <property name="sun.cpu.isalist" value=""/>
  </properties>
  <testcase name="testScan" classname="nl.tudelft.ewi.gitolite.keystore.KeyStoreTest$KeyStoreImplTest" time="0.043"/>
  <testcase name="basicAddTest" classname="nl.tudelft.ewi.gitolite.keystore.KeyStoreTest$KeyStoreImplTest" time="0"/>
  <testcase name="testDelete" classname="nl.tudelft.ewi.gitolite.keystore.KeyStoreTest$KeyStoreImplTest" time="0"/>
  <testcase name="testKeyValidation[0: Valid key test: KeyHolder(user=foo, name=, contents=ssh-rsa AAAAB3NzaC1yc2EAAAADAQABAAABAQDKc82LZQyszhOO4C2UGGVQ0/8ZNcDpGFIHXBMid/+BK9UM9ys9MfPZF/QZkx8M+bGdEebSutuMIWtV/nnKtnoibA1i7YUIscmJ6x372poOpa9ze4O0CuZN1oYN2PEUuLO04Ikxu37wpA9wmvgAj8GUF7xh9vcsjRFaommO0soVpHIgYmIdA2/HKX6Q5395C/SOKhxIEhaGCzfBaYl2PuRNE67nnKI5dWsDVRBHJBvVuwzFassk6TGetJ59j2QrCiZOWrWltNvwIc34fkJWJlLGlKo6eUhcXVKcmzc1WjT/p0gurb6JcB0FebsyWaacnVy/vT+kZQh6AC1Z9FZ3KBUR student1@student.tudelft.nl)]" classname="nl.tudelft.ewi.gitolite.keystore.KeyStoreTest$ValidKeyTest" time="0"/>
  <testcase name="testKeyValidationFails[0: Illegal key test: KeyHolder(user=foo, name=, contents=ssh-rsa AAAAB3NzaC1yc2EAAAADAQABAAABAQDJdlQfcU90mzmVIG4R8QeiqrEI0Kx3KVfM2ux7j/KsN83Pw7BrFvKrlkhfwRjTiQYiwRtVzIVrOlBopel$)]" classname="nl.tudelft.ewi.gitolite.keystore.KeyStoreTest$IllegalKeyTest" time="0.048"/>
  <testcase name="testKeyValidationFails[1: Illegal key test: KeyHolder(user=foo, name=, contents=ssh-rsa AAABAAQus1/EbQoJ+3X2gqLdEl+P2o1+Vz3ktV5wtRTAIyWvMIS1UY79RluJM/xylR1b4LroYGXwqCQwX36ep8oPp/taDorawA31Ufe1laC90ji7y213sVVshvgc4Z0kY+8YpAv+1rk8sMD4FG2Cxz3lg8XumLAd4sMNKP4n3B6T4mqrJ/pgNVfRCLYdY24igAbIOOLHLd+TGlPB9yB8fWvlpIcFS1/SENA1hCWuEH/ot/SAypIcEIYcvDia6QcEnSJkQslnr0dFJ62wUFlR2Gqg92XNYe3AsNDuGk0DqwW0AhuMMSGyiBUlUH8xpTi1ttyEAepYNRZsarJGB4GAE22nADUAAACBAPwm9vmk9uO+HxSSNrWPDtiGaqgkr+jQdneDCki/n6Vcr62rbj3sJVhNMPQ4M1NfVX62arSDZby4MjAStAhc/8ORhCizQ+66R025I5yHtpijXcMrMhzEs4n+hfimPSKpxpCdn1wWCMNKW7MWNTnoYd+X9HQB3/ZKdfAf24REz+E7AAAAgQCdHHTe+FEsnZgKPpXRquIGirCUihKAqPPewctEvP/soGEu8Z92fWYy7eEJXOX0btiyP70Ot4DGg2u3tAxfUb7+HMpc/uA8OMEf9QHTiJxxsphdmSHzHDUDaClvrIZi27SgAfIjrLKlKB0rIiJRSkhpLnpRZtOk6KyD662e5wqY5QAAAIBfJTnY39D5Am9VwrSRPp/jGW/5EchqMeTq1AFcGCgt3Q9RhWM3KvCRT+bM3qY8ZJHbZ32epG6V43ueKXADBNb5CXM2PoyJmQlYxVwtwAf2vx54NpmeCkdi8CV9walId8/DMCFI+Pa5NWn5XKIWB+g9Cf41JCMLHoc1AM8g4JHyPA==)]" classname="nl.tudelft.ewi.gitolite.keystore.KeyStoreTest$IllegalKeyTest" time="0.006"/>
  <testcase name="testKeyValidationFails[2: Illegal key test: KeyHolder(user=foo, name=, contents=ssh-rsa AAAAB3NzaC1yc2EAAAADAQABAAABAQC5nnzP2T+jLLNg/S6ejEx2+Js0PpgdedZzcNpdwMbVMNIOBrtIkyyxPP+ckQd5Ush8D$)]" classname="nl.tudelft.ewi.gitolite.keystore.KeyStoreTest$IllegalKeyTest" time="0.001"/>
  <testcase name="testKeyValidationFails[3: Illegal key test: KeyHolder(user=foo, name=, contents=ssh-rsa AAAAB3NzaC1yc2EAAAADAQABAAABAQCftV0wGyhXU2aorR2WmJZCCEbzACRxPpGiI5csVz25uEfQ+QpBsTj43rEDkAQPvO6p+$)]" classname="nl.tudelft.ewi.gitolite.keystore.KeyStoreTest$IllegalKeyTest" time="0.001"/>
  <testcase name="testKeyValidationFails[4: Illegal key test: KeyHolder(user=foo, name=, contents=ssh-rsa 2048 b2:08:34:36:20:65:a6:64:9c:f5:cc:10:08:68:6d:8f)]" classname="nl.tudelft.ewi.gitolite.keystore.KeyStoreTest$IllegalKeyTest" time="0"/>
  <testcase name="testKeyValidationFails[5: Illegal key test: KeyHolder(user=foo, name=, contents=ssh-rsa AAAAB3NzaC1yc2EAAAABJQAAAQEAmr/s12PCc3FYDKDhifOnz8qWc0Kb8g42pkor/8UUclIDLjTJqpsrOtSDfI)]" classname="nl.tudelft.ewi.gitolite.keystore.KeyStoreTest$IllegalKeyTest" time="0.001"/>
  <testcase name="testKeyValidationFails[6: Illegal key test: KeyHolder(user=foo, name=, contents=ssh-rsa AAAAB3NzaC1yc2EAAAADAQABAAABAQCX3E4ePEeuzuJwDB408dkS7gXgfjSWhom03zn2oAz$)]" classname="nl.tudelft.ewi.gitolite.keystore.KeyStoreTest$IllegalKeyTest" time="0"/>
</testsuite>