<?xml version="1.0" encoding="UTF-8"?>
<testsuite xmlns:xsi="http://www.w3.org/2001/XMLSchema-instance" xsi:noNamespaceSchemaLocation="https://maven.apache.org/surefire/maven-surefire-plugin/xsd/surefire-test-report-3.0.xsd" version="3.0" name="org.apache.commons.lang3.LocaleUtilsTest" time="0.076" tests="175" errors="0" skipped="0" failures="0">
  <properties>
    <property name="awt.toolkit" value="sun.awt.X11.XToolkit"/>
    <property name="maven.test.error.ignore" value="true"/>
    <property name="file.encoding.pkg" value="sun.io"/>
    <property name="java.specification.version" value="1.8"/>
    <property name="sun.cpu.isalist" value=""/>
    <property name="sun.jnu.encoding" value="UTF-8"/>
    <property name="java.class.path" value="/tmp/tmp9bu8qtqh/commons-lang/target/test-classes:/tmp/tmp9bu8qtqh/commons-lang/target/classes:/home/jdbl/.m2/repository/org/junit/jupiter/junit-jupiter/5.6.0/junit-jupiter-5.6.0.jar:/home/jdbl/.m2/repository/org/junit/jupiter/junit-jupiter-api/5.6.0/junit-jupiter-api-5.6.0.jar:/home/jdbl/.m2/repository/org/apiguardian/apiguardian-api/1.1.0/apiguardian-api-1.1.0.jar:/home/jdbl/.m2/repository/org/opentest4j/opentest4j/1.2.0/opentest4j-1.2.0.jar:/home/jdbl/.m2/repository/org/junit/platform/junit-platform-commons/1.6.0/junit-platform-commons-1.6.0.jar:/home/jdbl/.m2/repository/org/junit/jupiter/junit-jupiter-params/5.6.0/junit-jupiter-params-5.6.0.jar:/home/jdbl/.m2/repository/org/junit/jupiter/junit-jupiter-engine/5.6.0/junit-jupiter-engine-5.6.0.jar:/home/jdbl/.m2/repository/org/junit/platform/junit-platform-engine/1.6.0/junit-platform-engine-1.6.0.jar:/home/jdbl/.m2/repository/org/junit-pioneer/junit-pioneer/0.5.4/junit-pioneer-0.5.4.jar:/home/jdbl/.m2/repository/org/hamcrest/hamcrest/2.2/hamcrest-2.2.jar:/home/jdbl/.m2/repository/org/easymock/easymock/4.2/easymock-4.2.jar:/home/jdbl/.m2/repository/org/objenesis/objenesis/3.1/objenesis-3.1.jar:/home/jdbl/.m2/repository/org/openjdk/jmh/jmh-core/1.21/jmh-core-1.21.jar:/home/jdbl/.m2/repository/net/sf/jopt-simple/jopt-simple/4.6/jopt-simple-4.6.jar:/home/jdbl/.m2/repository/org/apache/commons/commons-math3/3.2/commons-math3-3.2.jar:/home/jdbl/.m2/repository/org/openjdk/jmh/jmh-generator-annprocess/1.21/jmh-generator-annprocess-1.21.jar:"/>
    <property name="java.vm.vendor" value="Oracle Corporation"/>
    <property name="maven.javadoc.skip" value="true"/>
    <property name="sun.arch.data.model" value="64"/>
    <property name="java.vendor.url" value="http://java.oracle.com/"/>
    <property name="user.timezone" value="Etc/UTC"/>
    <property name="java.vm.specification.version" value="1.8"/>
    <property name="os.name" value="Linux"/>
    <property name="rat.skip" value="true"/>
    <property name="sun.java.launcher" value="SUN_STANDARD"/>
    <property name="sun.boot.library.path" value="/usr/local/openjdk-8/jre/lib/amd64"/>
    <property name="sun.java.command" value="/tmp/tmp9bu8qtqh/commons-lang/target/surefire/surefirebooter4720396906441716045.jar /tmp/tmp9bu8qtqh/commons-lang/target/surefire 2020-07-30T15-55-27_877-jvmRun1 surefire3352787129097870106tmp surefire_03911067966863849883tmp"/>
    <property name="surefire.test.class.path" value="/tmp/tmp9bu8qtqh/commons-lang/target/test-classes:/tmp/tmp9bu8qtqh/commons-lang/target/classes:/home/jdbl/.m2/repository/org/junit/jupiter/junit-jupiter/5.6.0/junit-jupiter-5.6.0.jar:/home/jdbl/.m2/repository/org/junit/jupiter/junit-jupiter-api/5.6.0/junit-jupiter-api-5.6.0.jar:/home/jdbl/.m2/repository/org/apiguardian/apiguardian-api/1.1.0/apiguardian-api-1.1.0.jar:/home/jdbl/.m2/repository/org/opentest4j/opentest4j/1.2.0/opentest4j-1.2.0.jar:/home/jdbl/.m2/repository/org/junit/platform/junit-platform-commons/1.6.0/junit-platform-commons-1.6.0.jar:/home/jdbl/.m2/repository/org/junit/jupiter/junit-jupiter-params/5.6.0/junit-jupiter-params-5.6.0.jar:/home/jdbl/.m2/repository/org/junit/jupiter/junit-jupiter-engine/5.6.0/junit-jupiter-engine-5.6.0.jar:/home/jdbl/.m2/repository/org/junit/platform/junit-platform-engine/1.6.0/junit-platform-engine-1.6.0.jar:/home/jdbl/.m2/repository/org/junit-pioneer/junit-pioneer/0.5.4/junit-pioneer-0.5.4.jar:/home/jdbl/.m2/repository/org/hamcrest/hamcrest/2.2/hamcrest-2.2.jar:/home/jdbl/.m2/repository/org/easymock/easymock/4.2/easymock-4.2.jar:/home/jdbl/.m2/repository/org/objenesis/objenesis/3.1/objenesis-3.1.jar:/home/jdbl/.m2/repository/org/openjdk/jmh/jmh-core/1.21/jmh-core-1.21.jar:/home/jdbl/.m2/repository/net/sf/jopt-simple/jopt-simple/4.6/jopt-simple-4.6.jar:/home/jdbl/.m2/repository/org/apache/commons/commons-math3/3.2/commons-math3-3.2.jar:/home/jdbl/.m2/repository/org/openjdk/jmh/jmh-generator-annprocess/1.21/jmh-generator-annprocess-1.21.jar:"/>
    <property name="sun.cpu.endian" value="little"/>
    <property name="user.home" value="/home/jdbl"/>
    <property name="user.language" value="en"/>
    <property name="java.specification.vendor" value="Oracle Corporation"/>
    <property name="java.home" value="/usr/local/openjdk-8/jre"/>
    <property name="basedir" value="/tmp/tmp9bu8qtqh/commons-lang"/>
    <property name="file.separator" value="/"/>
    <property name="line.separator" value="&#10;"/>
    <property name="source.skip" value="true"/>
    <property name="java.vm.specification.vendor" value="Oracle Corporation"/>
    <property name="java.specification.name" value="Java Platform API Specification"/>
    <property name="java.awt.graphicsenv" value="sun.awt.X11GraphicsEnvironment"/>
    <property name="surefire.real.class.path" value="/tmp/tmp9bu8qtqh/commons-lang/target/surefire/surefirebooter4720396906441716045.jar:/home/jdbl/.m2/repository/org/jacoco/org.jacoco.agent/0.8.5/org.jacoco.agent-0.8.5-runtime.jar"/>
    <property name="sun.boot.class.path" value="/usr/local/openjdk-8/jre/lib/resources.jar:/usr/local/openjdk-8/jre/lib/rt.jar:/usr/local/openjdk-8/jre/lib/sunrsasign.jar:/usr/local/openjdk-8/jre/lib/jsse.jar:/usr/local/openjdk-8/jre/lib/jce.jar:/usr/local/openjdk-8/jre/lib/charsets.jar:/usr/local/openjdk-8/jre/lib/jfr.jar:/usr/local/openjdk-8/jre/classes"/>
    <property name="sun.management.compiler" value="HotSpot 64-Bit Tiered Compilers"/>
    <property name="java.runtime.version" value="1.8.0_262-b10"/>
    <property name="user.name" value="jdbl"/>
    <property name="path.separator" value=":"/>
    <property name="os.version" value="4.15.0-109-generic"/>
    <property name="java.endorsed.dirs" value="/usr/local/openjdk-8/jre/lib/endorsed"/>
    <property name="java.runtime.name" value="OpenJDK Runtime Environment"/>
    <property name="file.encoding" value="UTF-8"/>
    <property name="java.vm.name" value="OpenJDK 64-Bit Server VM"/>
    <property name="localRepository" value="/home/jdbl/.m2/repository"/>
    <property name="java.vendor.url.bug" value="http://bugreport.sun.com/bugreport/"/>
    <property name="java.io.tmpdir" value="/tmp"/>
    <property name="java.version" value="1.8.0_262"/>
    <property name="user.dir" value="/tmp/tmp9bu8qtqh/commons-lang"/>
    <property name="os.arch" value="amd64"/>
    <property name="license.skip" value="true"/>
    <property name="animal.sniffer.skip" value="true"/>
    <property name="java.vm.specification.name" value="Java Virtual Machine Specification"/>
    <property name="java.awt.printerjob" value="sun.print.PSPrinterJob"/>
    <property name="sun.os.patch.level" value="unknown"/>
    <property name="java.library.path" value="/usr/java/packages/lib/amd64:/usr/lib64:/lib64:/lib:/usr/lib"/>
    <property name="java.vm.info" value="mixed mode"/>
    <property name="java.vendor" value="Oracle Corporation"/>
    <property name="java.vm.version" value="25.262-b10"/>
    <property name="java.ext.dirs" value="/usr/local/openjdk-8/jre/lib/ext:/usr/java/packages/lib/ext"/>
    <property name="sun.io.unicode.encoding" value="UnicodeLittle"/>
    <property name="java.class.version" value="52.0"/>
    <property name="maven.test.failure.ignore" value="true"/>
  </properties>
  <testcase name="testAvailableLocaleSet" classname="org.apache.commons.lang3.LocaleUtilsTest" time="0.001"/>
  <testcase name="testIsAvailableLocale" classname="org.apache.commons.lang3.LocaleUtilsTest" time="0.001"/>
  <testcase name="testAvailableLocaleList" classname="org.apache.commons.lang3.LocaleUtilsTest" time="0"/>
  <testcase name="testLang328" classname="org.apache.commons.lang3.LocaleUtilsTest" time="0"/>
  <testcase name="testLang865" classname="org.apache.commons.lang3.LocaleUtilsTest" time="0.002"/>
  <testcase name="testCountriesByLanguage" classname="org.apache.commons.lang3.LocaleUtilsTest" time="0.001"/>
  <testcase name="testThreeCharsLocale" classname="org.apache.commons.lang3.LocaleUtilsTest" time="0"/>
  <testcase name="testParseAllLocales(Locale)[1]" classname="org.apache.commons.lang3.LocaleUtilsTest" time="0.001"/>
  <testcase name="testParseAllLocales(Locale)[2]" classname="org.apache.commons.lang3.LocaleUtilsTest" time="0"/>
  <testcase name="testParseAllLocales(Locale)[3]" classname="org.apache.commons.lang3.LocaleUtilsTest" time="0"/>
  <testcase name="testParseAllLocales(Locale)[4]" classname="org.apache.commons.lang3.LocaleUtilsTest" time="0"/>
  <testcase name="testParseAllLocales(Locale)[5]" classname="org.apache.commons.lang3.LocaleUtilsTest" time="0"/>
  <testcase name="testParseAllLocales(Locale)[6]" classname="org.apache.commons.lang3.LocaleUtilsTest" time="0"/>
  <testcase name="testParseAllLocales(Locale)[7]" classname="org.apache.commons.lang3.LocaleUtilsTest" time="0"/>
  <testcase name="testParseAllLocales(Locale)[8]" classname="org.apache.commons.lang3.LocaleUtilsTest" time="0.001"/>
  <testcase name="testParseAllLocales(Locale)[9]" classname="org.apache.commons.lang3.LocaleUtilsTest" time="0.001"/>
  <testcase name="testParseAllLocales(Locale)[10]" classname="org.apache.commons.lang3.LocaleUtilsTest" time="0"/>
  <testcase name="testParseAllLocales(Locale)[11]" classname="org.apache.commons.lang3.LocaleUtilsTest" time="0"/>
  <testcase name="testParseAllLocales(Locale)[12]" classname="org.apache.commons.lang3.LocaleUtilsTest" time="0"/>
  <testcase name="testParseAllLocales(Locale)[13]" classname="org.apache.commons.lang3.LocaleUtilsTest" time="0"/>
  <testcase name="testParseAllLocales(Locale)[14]" classname="org.apache.commons.lang3.LocaleUtilsTest" time="0.001"/>
  <testcase name="testParseAllLocales(Locale)[15]" classname="org.apache.commons.lang3.LocaleUtilsTest" time="0"/>
  <testcase name="testParseAllLocales(Locale)[16]" classname="org.apache.commons.lang3.LocaleUtilsTest" time="0.001"/>
  <testcase name="testParseAllLocales(Locale)[17]" classname="org.apache.commons.lang3.LocaleUtilsTest" time="0"/>
  <testcase name="testParseAllLocales(Locale)[18]" classname="org.apache.commons.lang3.LocaleUtilsTest" time="0"/>
  <testcase name="testParseAllLocales(Locale)[19]" classname="org.apache.commons.lang3.LocaleUtilsTest" time="0"/>
  <testcase name="testParseAllLocales(Locale)[20]" classname="org.apache.commons.lang3.LocaleUtilsTest" time="0"/>
  <testcase name="testParseAllLocales(Locale)[21]" classname="org.apache.commons.lang3.LocaleUtilsTest" time="0"/>
  <testcase name="testParseAllLocales(Locale)[22]" classname="org.apache.commons.lang3.LocaleUtilsTest" time="0"/>
  <testcase name="testParseAllLocales(Locale)[23]" classname="org.apache.commons.lang3.LocaleUtilsTest" time="0"/>
  <testcase name="testParseAllLocales(Locale)[24]" classname="org.apache.commons.lang3.LocaleUtilsTest" time="0"/>
  <testcase name="testParseAllLocales(Locale)[25]" classname="org.apache.commons.lang3.LocaleUtilsTest" time="0"/>
  <testcase name="testParseAllLocales(Locale)[26]" classname="org.apache.commons.lang3.LocaleUtilsTest" time="0"/>
  <testcase name="testParseAllLocales(Locale)[27]" classname="org.apache.commons.lang3.LocaleUtilsTest" time="0"/>
  <testcase name="testParseAllLocales(Locale)[28]" classname="org.apache.commons.lang3.LocaleUtilsTest" time="0"/>
  <testcase name="testParseAllLocales(Locale)[29]" classname="org.apache.commons.lang3.LocaleUtilsTest" time="0"/>
  <testcase name="testParseAllLocales(Locale)[30]" classname="org.apache.commons.lang3.LocaleUtilsTest" time="0"/>
  <testcase name="testParseAllLocales(Locale)[31]" classname="org.apache.commons.lang3.LocaleUtilsTest" time="0"/>
  <testcase name="testParseAllLocales(Locale)[32]" classname="org.apache.commons.lang3.LocaleUtilsTest" time="0"/>
  <testcase name="testParseAllLocales(Locale)[33]" classname="org.apache.commons.lang3.LocaleUtilsTest" time="0"/>
  <testcase name="testParseAllLocales(Locale)[34]" classname="org.apache.commons.lang3.LocaleUtilsTest" time="0"/>
  <testcase name="testParseAllLocales(Locale)[35]" classname="org.apache.commons.lang3.LocaleUtilsTest" time="0"/>
  <testcase name="testParseAllLocales(Locale)[36]" classname="org.apache.commons.lang3.LocaleUtilsTest" time="0"/>
  <testcase name="testParseAllLocales(Locale)[37]" classname="org.apache.commons.lang3.LocaleUtilsTest" time="0"/>
  <testcase name="testParseAllLocales(Locale)[38]" classname="org.apache.commons.lang3.LocaleUtilsTest" time="0.001"/>
  <testcase name="testParseAllLocales(Locale)[39]" classname="org.apache.commons.lang3.LocaleUtilsTest" time="0"/>
  <testcase name="testParseAllLocales(Locale)[40]" classname="org.apache.commons.lang3.LocaleUtilsTest" time="0"/>
  <testcase name="testParseAllLocales(Locale)[41]" classname="org.apache.commons.lang3.LocaleUtilsTest" time="0.001"/>
  <testcase name="testParseAllLocales(Locale)[42]" classname="org.apache.commons.lang3.LocaleUtilsTest" time="0"/>
  <testcase name="testParseAllLocales(Locale)[43]" classname="org.apache.commons.lang3.LocaleUtilsTest" time="0"/>
  <testcase name="testParseAllLocales(Locale)[44]" classname="org.apache.commons.lang3.LocaleUtilsTest" time="0"/>
  <testcase name="testParseAllLocales(Locale)[45]" classname="org.apache.commons.lang3.LocaleUtilsTest" time="0.001"/>
  <testcase name="testParseAllLocales(Locale)[46]" classname="org.apache.commons.lang3.LocaleUtilsTest" time="0"/>
  <testcase name="testParseAllLocales(Locale)[47]" classname="org.apache.commons.lang3.LocaleUtilsTest" time="0.001"/>
  <testcase name="testParseAllLocales(Locale)[48]" classname="org.apache.commons.lang3.LocaleUtilsTest" time="0"/>
  <testcase name="testParseAllLocales(Locale)[49]" classname="org.apache.commons.lang3.LocaleUtilsTest" time="0.001"/>
  <testcase name="testParseAllLocales(Locale)[50]" classname="org.apache.commons.lang3.LocaleUtilsTest" time="0.005"/>
  <testcase name="testParseAllLocales(Locale)[51]" classname="org.apache.commons.lang3.LocaleUtilsTest" time="0.001"/>
  <testcase name="testParseAllLocales(Locale)[52]" classname="org.apache.commons.lang3.LocaleUtilsTest" time="0"/>
  <testcase name="testParseAllLocales(Locale)[53]" classname="org.apache.commons.lang3.LocaleUtilsTest" time="0.001"/>
  <testcase name="testParseAllLocales(Locale)[54]" classname="org.apache.commons.lang3.LocaleUtilsTest" time="0.001"/>
  <testcase name="testParseAllLocales(Locale)[55]" classname="org.apache.commons.lang3.LocaleUtilsTest" time="0"/>
  <testcase name="testParseAllLocales(Locale)[56]" classname="org.apache.commons.lang3.LocaleUtilsTest" time="0"/>
  <testcase name="testParseAllLocales(Locale)[57]" classname="org.apache.commons.lang3.LocaleUtilsTest" time="0"/>
  <testcase name="testParseAllLocales(Locale)[58]" classname="org.apache.commons.lang3.LocaleUtilsTest" time="0.001"/>
  <testcase name="testParseAllLocales(Locale)[59]" classname="org.apache.commons.lang3.LocaleUtilsTest" time="0"/>
  <testcase name="testParseAllLocales(Locale)[60]" classname="org.apache.commons.lang3.LocaleUtilsTest" time="0"/>
  <testcase name="testParseAllLocales(Locale)[61]" classname="org.apache.commons.lang3.LocaleUtilsTest" time="0.001"/>
  <testcase name="testParseAllLocales(Locale)[62]" classname="org.apache.commons.lang3.LocaleUtilsTest" time="0"/>
  <testcase name="testParseAllLocales(Locale)[63]" classname="org.apache.commons.lang3.LocaleUtilsTest" time="0"/>
  <testcase name="testParseAllLocales(Locale)[64]" classname="org.apache.commons.lang3.LocaleUtilsTest" time="0"/>
  <testcase name="testParseAllLocales(Locale)[65]" classname="org.apache.commons.lang3.LocaleUtilsTest" time="0"/>
  <testcase name="testParseAllLocales(Locale)[66]" classname="org.apache.commons.lang3.LocaleUtilsTest" time="0.001"/>
  <testcase name="testParseAllLocales(Locale)[67]" classname="org.apache.commons.lang3.LocaleUtilsTest" time="0"/>
  <testcase name="testParseAllLocales(Locale)[68]" classname="org.apache.commons.lang3.LocaleUtilsTest" time="0"/>
  <testcase name="testParseAllLocales(Locale)[69]" classname="org.apache.commons.lang3.LocaleUtilsTest" time="0"/>
  <testcase name="testParseAllLocales(Locale)[70]" classname="org.apache.commons.lang3.LocaleUtilsTest" time="0"/>
  <testcase name="testParseAllLocales(Locale)[71]" classname="org.apache.commons.lang3.LocaleUtilsTest" time="0.001"/>
  <testcase name="testParseAllLocales(Locale)[72]" classname="org.apache.commons.lang3.LocaleUtilsTest" time="0"/>
  <testcase name="testParseAllLocales(Locale)[73]" classname="org.apache.commons.lang3.LocaleUtilsTest" time="0"/>
  <testcase name="testParseAllLocales(Locale)[74]" classname="org.apache.commons.lang3.LocaleUtilsTest" time="0"/>
  <testcase name="testParseAllLocales(Locale)[75]" classname="org.apache.commons.lang3.LocaleUtilsTest" time="0"/>
  <testcase name="testParseAllLocales(Locale)[76]" classname="org.apache.commons.lang3.LocaleUtilsTest" time="0"/>
  <testcase name="testParseAllLocales(Locale)[77]" classname="org.apache.commons.lang3.LocaleUtilsTest" time="0"/>
  <testcase name="testParseAllLocales(Locale)[78]" classname="org.apache.commons.lang3.LocaleUtilsTest" time="0"/>
  <testcase name="testParseAllLocales(Locale)[79]" classname="org.apache.commons.lang3.LocaleUtilsTest" time="0"/>
  <testcase name="testParseAllLocales(Locale)[80]" classname="org.apache.commons.lang3.LocaleUtilsTest" time="0"/>
  <testcase name="testParseAllLocales(Locale)[81]" classname="org.apache.commons.lang3.LocaleUtilsTest" time="0"/>
  <testcase name="testParseAllLocales(Locale)[82]" classname="org.apache.commons.lang3.LocaleUtilsTest" time="0"/>
  <testcase name="testParseAllLocales(Locale)[83]" classname="org.apache.commons.lang3.LocaleUtilsTest" time="0"/>
  <testcase name="testParseAllLocales(Locale)[84]" classname="org.apache.commons.lang3.LocaleUtilsTest" time="0"/>
  <testcase name="testParseAllLocales(Locale)[85]" classname="org.apache.commons.lang3.LocaleUtilsTest" time="0.001"/>
  <testcase name="testParseAllLocales(Locale)[86]" classname="org.apache.commons.lang3.LocaleUtilsTest" time="0"/>
  <testcase name="testParseAllLocales(Locale)[87]" classname="org.apache.commons.lang3.LocaleUtilsTest" time="0"/>
  <testcase name="testParseAllLocales(Locale)[88]" classname="org.apache.commons.lang3.LocaleUtilsTest" time="0"/>
  <testcase name="testParseAllLocales(Locale)[89]" classname="org.apache.commons.lang3.LocaleUtilsTest" time="0.001"/>
  <testcase name="testParseAllLocales(Locale)[90]" classname="org.apache.commons.lang3.LocaleUtilsTest" time="0"/>
  <testcase name="testParseAllLocales(Locale)[91]" classname="org.apache.commons.lang3.LocaleUtilsTest" time="0"/>
  <testcase name="testParseAllLocales(Locale)[92]" classname="org.apache.commons.lang3.LocaleUtilsTest" time="0"/>
  <testcase name="testParseAllLocales(Locale)[93]" classname="org.apache.commons.lang3.LocaleUtilsTest" time="0"/>
  <testcase name="testParseAllLocales(Locale)[94]" classname="org.apache.commons.lang3.LocaleUtilsTest" time="0"/>
  <testcase name="testParseAllLocales(Locale)[95]" classname="org.apache.commons.lang3.LocaleUtilsTest" time="0"/>
  <testcase name="testParseAllLocales(Locale)[96]" classname="org.apache.commons.lang3.LocaleUtilsTest" time="0"/>
  <testcase name="testParseAllLocales(Locale)[97]" classname="org.apache.commons.lang3.LocaleUtilsTest" time="0"/>
  <testcase name="testParseAllLocales(Locale)[98]" classname="org.apache.commons.lang3.LocaleUtilsTest" time="0"/>
  <testcase name="testParseAllLocales(Locale)[99]" classname="org.apache.commons.lang3.LocaleUtilsTest" time="0"/>
  <testcase name="testParseAllLocales(Locale)[100]" classname="org.apache.commons.lang3.LocaleUtilsTest" time="0"/>
  <testcase name="testParseAllLocales(Locale)[101]" classname="org.apache.commons.lang3.LocaleUtilsTest" time="0"/>
  <testcase name="testParseAllLocales(Locale)[102]" classname="org.apache.commons.lang3.LocaleUtilsTest" time="0"/>
  <testcase name="testParseAllLocales(Locale)[103]" classname="org.apache.commons.lang3.LocaleUtilsTest" time="0"/>
  <testcase name="testParseAllLocales(Locale)[104]" classname="org.apache.commons.lang3.LocaleUtilsTest" time="0"/>
  <testcase name="testParseAllLocales(Locale)[105]" classname="org.apache.commons.lang3.LocaleUtilsTest" time="0.001"/>
  <testcase name="testParseAllLocales(Locale)[106]" classname="org.apache.commons.lang3.LocaleUtilsTest" time="0"/>
  <testcase name="testParseAllLocales(Locale)[107]" classname="org.apache.commons.lang3.LocaleUtilsTest" time="0"/>
  <testcase name="testParseAllLocales(Locale)[108]" classname="org.apache.commons.lang3.LocaleUtilsTest" time="0"/>
  <testcase name="testParseAllLocales(Locale)[109]" classname="org.apache.commons.lang3.LocaleUtilsTest" time="0"/>
  <testcase name="testParseAllLocales(Locale)[110]" classname="org.apache.commons.lang3.LocaleUtilsTest" time="0"/>
  <testcase name="testParseAllLocales(Locale)[111]" classname="org.apache.commons.lang3.LocaleUtilsTest" time="0"/>
  <testcase name="testParseAllLocales(Locale)[112]" classname="org.apache.commons.lang3.LocaleUtilsTest" time="0"/>
  <testcase name="testParseAllLocales(Locale)[113]" classname="org.apache.commons.lang3.LocaleUtilsTest" time="0"/>
  <testcase name="testParseAllLocales(Locale)[114]" classname="org.apache.commons.lang3.LocaleUtilsTest" time="0"/>
  <testcase name="testParseAllLocales(Locale)[115]" classname="org.apache.commons.lang3.LocaleUtilsTest" time="0"/>
  <testcase name="testParseAllLocales(Locale)[116]" classname="org.apache.commons.lang3.LocaleUtilsTest" time="0"/>
  <testcase name="testParseAllLocales(Locale)[117]" classname="org.apache.commons.lang3.LocaleUtilsTest" time="0"/>
  <testcase name="testParseAllLocales(Locale)[118]" classname="org.apache.commons.lang3.LocaleUtilsTest" time="0"/>
  <testcase name="testParseAllLocales(Locale)[119]" classname="org.apache.commons.lang3.LocaleUtilsTest" time="0"/>
  <testcase name="testParseAllLocales(Locale)[120]" classname="org.apache.commons.lang3.LocaleUtilsTest" time="0"/>
  <testcase name="testParseAllLocales(Locale)[121]" classname="org.apache.commons.lang3.LocaleUtilsTest" time="0"/>
  <testcase name="testParseAllLocales(Locale)[122]" classname="org.apache.commons.lang3.LocaleUtilsTest" time="0"/>
  <testcase name="testParseAllLocales(Locale)[123]" classname="org.apache.commons.lang3.LocaleUtilsTest" time="0"/>
  <testcase name="testParseAllLocales(Locale)[124]" classname="org.apache.commons.lang3.LocaleUtilsTest" time="0"/>
  <testcase name="testParseAllLocales(Locale)[125]" classname="org.apache.commons.lang3.LocaleUtilsTest" time="0"/>
  <testcase name="testParseAllLocales(Locale)[126]" classname="org.apache.commons.lang3.LocaleUtilsTest" time="0"/>
  <testcase name="testParseAllLocales(Locale)[127]" classname="org.apache.commons.lang3.LocaleUtilsTest" time="0"/>
  <testcase name="testParseAllLocales(Locale)[128]" classname="org.apache.commons.lang3.LocaleUtilsTest" time="0"/>
  <testcase name="testParseAllLocales(Locale)[129]" classname="org.apache.commons.lang3.LocaleUtilsTest" time="0"/>
  <testcase name="testParseAllLocales(Locale)[130]" classname="org.apache.commons.lang3.LocaleUtilsTest" time="0"/>
  <testcase name="testParseAllLocales(Locale)[131]" classname="org.apache.commons.lang3.LocaleUtilsTest" time="0"/>
  <testcase name="testParseAllLocales(Locale)[132]" classname="org.apache.commons.lang3.LocaleUtilsTest" time="0"/>
  <testcase name="testParseAllLocales(Locale)[133]" classname="org.apache.commons.lang3.LocaleUtilsTest" time="0"/>
  <testcase name="testParseAllLocales(Locale)[134]" classname="org.apache.commons.lang3.LocaleUtilsTest" time="0.001"/>
  <testcase name="testParseAllLocales(Locale)[135]" classname="org.apache.commons.lang3.LocaleUtilsTest" time="0"/>
  <testcase name="testParseAllLocales(Locale)[136]" classname="org.apache.commons.lang3.LocaleUtilsTest" time="0"/>
  <testcase name="testParseAllLocales(Locale)[137]" classname="org.apache.commons.lang3.LocaleUtilsTest" time="0"/>
  <testcase name="testParseAllLocales(Locale)[138]" classname="org.apache.commons.lang3.LocaleUtilsTest" time="0"/>
  <testcase name="testParseAllLocales(Locale)[139]" classname="org.apache.commons.lang3.LocaleUtilsTest" time="0.001"/>
  <testcase name="testParseAllLocales(Locale)[140]" classname="org.apache.commons.lang3.LocaleUtilsTest" time="0"/>
  <testcase name="testParseAllLocales(Locale)[141]" classname="org.apache.commons.lang3.LocaleUtilsTest" time="0"/>
  <testcase name="testParseAllLocales(Locale)[142]" classname="org.apache.commons.lang3.LocaleUtilsTest" time="0"/>
  <testcase name="testParseAllLocales(Locale)[143]" classname="org.apache.commons.lang3.LocaleUtilsTest" time="0"/>
  <testcase name="testParseAllLocales(Locale)[144]" classname="org.apache.commons.lang3.LocaleUtilsTest" time="0"/>
  <testcase name="testParseAllLocales(Locale)[145]" classname="org.apache.commons.lang3.LocaleUtilsTest" time="0"/>
  <testcase name="testParseAllLocales(Locale)[146]" classname="org.apache.commons.lang3.LocaleUtilsTest" time="0"/>
  <testcase name="testParseAllLocales(Locale)[147]" classname="org.apache.commons.lang3.LocaleUtilsTest" time="0"/>
  <testcase name="testParseAllLocales(Locale)[148]" classname="org.apache.commons.lang3.LocaleUtilsTest" time="0"/>
  <testcase name="testParseAllLocales(Locale)[149]" classname="org.apache.commons.lang3.LocaleUtilsTest" time="0"/>
  <testcase name="testParseAllLocales(Locale)[150]" classname="org.apache.commons.lang3.LocaleUtilsTest" time="0"/>
  <testcase name="testParseAllLocales(Locale)[151]" classname="org.apache.commons.lang3.LocaleUtilsTest" time="0"/>
  <testcase name="testParseAllLocales(Locale)[152]" classname="org.apache.commons.lang3.LocaleUtilsTest" time="0"/>
  <testcase name="testParseAllLocales(Locale)[153]" classname="org.apache.commons.lang3.LocaleUtilsTest" time="0"/>
  <testcase name="testParseAllLocales(Locale)[154]" classname="org.apache.commons.lang3.LocaleUtilsTest" time="0"/>
  <testcase name="testParseAllLocales(Locale)[155]" classname="org.apache.commons.lang3.LocaleUtilsTest" time="0.001"/>
  <testcase name="testParseAllLocales(Locale)[156]" classname="org.apache.commons.lang3.LocaleUtilsTest" time="0"/>
  <testcase name="testParseAllLocales(Locale)[157]" classname="org.apache.commons.lang3.LocaleUtilsTest" time="0"/>
  <testcase name="testParseAllLocales(Locale)[158]" classname="org.apache.commons.lang3.LocaleUtilsTest" time="0"/>
  <testcase name="testParseAllLocales(Locale)[159]" classname="org.apache.commons.lang3.LocaleUtilsTest" time="0"/>
  <testcase name="testParseAllLocales(Locale)[160]" classname="org.apache.commons.lang3.LocaleUtilsTest" time="0.001"/>
  <testcase name="testLocaleLookupList_LocaleLocale" classname="org.apache.commons.lang3.LocaleUtilsTest" time="0"/>
  <testcase name="testLanguagesByCountry" classname="org.apache.commons.lang3.LocaleUtilsTest" time="0"/>
  <testcase name="testToLocale_1Part" classname="org.apache.commons.lang3.LocaleUtilsTest" time="0.001"/>
  <testcase name="testToLocale_2Part" classname="org.apache.commons.lang3.LocaleUtilsTest" time="0.001"/>
  <testcase name="testToLocale_3Part" classname="org.apache.commons.lang3.LocaleUtilsTest" time="0"/>
  <testcase name="testLanguageAndUNM49Numeric3AreaCodeLang1312" classname="org.apache.commons.lang3.LocaleUtilsTest" time="0"/>
  <testcase name="testLocaleLookupList_Locale" classname="org.apache.commons.lang3.LocaleUtilsTest" time="0.001"/>
  <testcase name="testConstructor" classname="org.apache.commons.lang3.LocaleUtilsTest" time="0"/>
</testsuite>