<?xml version="1.0" encoding="UTF-8"?>
<testsuite xmlns:xsi="http://www.w3.org/2001/XMLSchema-instance" xsi:schemaLocation="https://maven.apache.org/surefire/maven-surefire-plugin/xsd/surefire-test-report.xsd" name="io.apicurio.datamodels.core.validation.ValidationTest" time="0.265" tests="38" errors="0" skipped="0" failures="0">
  <properties>
    <property name="java.runtime.name" value="OpenJDK Runtime Environment"/>
    <property name="sun.boot.library.path" value="/usr/local/openjdk-8/jre/lib/amd64"/>
    <property name="java.vm.version" value="25.262-b10"/>
    <property name="animal.sniffer.skip" value="true"/>
    <property name="java.vm.vendor" value="Oracle Corporation"/>
    <property name="maven.multiModuleProjectDirectory" value="/tmp/tmpjag6i_uw/apicurio-data-models"/>
    <property name="maven.javadoc.skip" value="true"/>
    <property name="java.vendor.url" value="http://java.oracle.com/"/>
    <property name="path.separator" value=":"/>
    <property name="guice.disable.misplaced.annotation.check" value="true"/>
    <property name="java.vm.name" value="OpenJDK 64-Bit Server VM"/>
    <property name="file.encoding.pkg" value="sun.io"/>
    <property name="sun.java.launcher" value="SUN_STANDARD"/>
    <property name="sun.os.patch.level" value="unknown"/>
    <property name="source.skip" value="true"/>
    <property name="java.vm.specification.name" value="Java Virtual Machine Specification"/>
    <property name="user.dir" value="/tmp/tmpjag6i_uw/apicurio-data-models"/>
    <property name="java.runtime.version" value="1.8.0_262-b10"/>
    <property name="java.awt.graphicsenv" value="sun.awt.X11GraphicsEnvironment"/>
    <property name="java.endorsed.dirs" value="/usr/local/openjdk-8/jre/lib/endorsed"/>
    <property name="os.arch" value="amd64"/>
    <property name="java.io.tmpdir" value="/tmp"/>
    <property name="line.separator" value="&#10;"/>
    <property name="java.vm.specification.vendor" value="Oracle Corporation"/>
    <property name="os.name" value="Linux"/>
    <property name="classworlds.conf" value="/usr/share/maven/bin/m2.conf"/>
    <property name="sun.jnu.encoding" value="UTF-8"/>
    <property name="java.library.path" value="/usr/java/packages/lib/amd64:/usr/lib64:/lib64:/lib:/usr/lib"/>
    <property name="license.skip" value="true"/>
    <property name="maven.conf" value="/usr/share/maven/conf"/>
    <property name="java.specification.name" value="Java Platform API Specification"/>
    <property name="java.class.version" value="52.0"/>
    <property name="sun.management.compiler" value="HotSpot 64-Bit Tiered Compilers"/>
    <property name="maven.test.failure.ignore" value="true"/>
    <property name="os.version" value="4.15.0-109-generic"/>
    <property name="library.jansi.path" value="/usr/share/maven/lib/jansi-native"/>
    <property name="user.home" value="/home/jdbl"/>
    <property name="user.timezone" value="Etc/UTC"/>
    <property name="java.awt.printerjob" value="sun.print.PSPrinterJob"/>
    <property name="java.specification.version" value="1.8"/>
    <property name="file.encoding" value="UTF-8"/>
    <property name="user.name" value="jdbl"/>
    <property name="java.class.path" value="/usr/share/maven/boot/plexus-classworlds-2.6.0.jar"/>
    <property name="java.vm.specification.version" value="1.8"/>
    <property name="sun.arch.data.model" value="64"/>
    <property name="java.home" value="/usr/local/openjdk-8/jre"/>
    <property name="sun.java.command" value="org.codehaus.plexus.classworlds.launcher.Launcher test -e --fail-never -ntp -Dmaven.test.failure.ignore=true -B -Dmaven.javadoc.skip=true -Drat.skip=true -Danimal.sniffer.skip=true -Dmaven.javadoc.skip=true -Dlicense.skip=true -Dsource.skip=true"/>
    <property name="java.specification.vendor" value="Oracle Corporation"/>
    <property name="user.language" value="en"/>
    <property name="awt.toolkit" value="sun.awt.X11.XToolkit"/>
    <property name="java.vm.info" value="mixed mode"/>
    <property name="java.version" value="1.8.0_262"/>
    <property name="java.ext.dirs" value="/usr/local/openjdk-8/jre/lib/ext:/usr/java/packages/lib/ext"/>
    <property name="securerandom.source" value="file:/dev/./urandom"/>
    <property name="sun.boot.class.path" value="/usr/local/openjdk-8/jre/lib/resources.jar:/usr/local/openjdk-8/jre/lib/rt.jar:/usr/local/openjdk-8/jre/lib/sunrsasign.jar:/usr/local/openjdk-8/jre/lib/jsse.jar:/usr/local/openjdk-8/jre/lib/jce.jar:/usr/local/openjdk-8/jre/lib/charsets.jar:/usr/local/openjdk-8/jre/lib/jfr.jar:/usr/local/openjdk-8/jre/classes"/>
    <property name="java.vendor" value="Oracle Corporation"/>
    <property name="rat.skip" value="true"/>
    <property name="maven.home" value="/usr/share/maven"/>
    <property name="file.separator" value="/"/>
    <property name="java.vendor.url.bug" value="http://bugreport.sun.com/bugreport/"/>
    <property name="sun.cpu.endian" value="little"/>
    <property name="sun.io.unicode.encoding" value="UnicodeLittle"/>
    <property name="sun.cpu.isalist" value=""/>
  </properties>
  <testcase name="[AsyncAPI 2.0] Simple [Valid]" classname="io.apicurio.datamodels.core.validation.ValidationTest" time="0.042"/>
  <testcase name="[AsyncAPI 2.0] Invalid Info" classname="io.apicurio.datamodels.core.validation.ValidationTest" time="0.001"/>
  <testcase name="[AsyncAPI 2.0] Flow [Required Properties]" classname="io.apicurio.datamodels.core.validation.ValidationTest" time="0.005"/>
  <testcase name="[AsyncAPI 2.0] Required Property [Valid]" classname="io.apicurio.datamodels.core.validation.ValidationTest" time="0.002"/>
  <testcase name="[AsyncAPI 2.0] Required Property [Invalid]" classname="io.apicurio.datamodels.core.validation.ValidationTest" time="0.002"/>
  <testcase name="[OpenAPI 2.0] Document [Invalid Property Format]" classname="io.apicurio.datamodels.core.validation.ValidationTest" time="0.006"/>
  <testcase name="[OpenAPI 2.0] Document [Required Properties]" classname="io.apicurio.datamodels.core.validation.ValidationTest" time="0.001"/>
  <testcase name="[OpenAPI 2.0] Info [Invalid Property Value]" classname="io.apicurio.datamodels.core.validation.ValidationTest" time="0.001"/>
  <testcase name="[OpenAPI 2.0] Info [Required Properties]" classname="io.apicurio.datamodels.core.validation.ValidationTest" time="0.001"/>
  <testcase name="[OpenAPI 2.0] Invalid Property Name" classname="io.apicurio.datamodels.core.validation.ValidationTest" time="0.019"/>
  <testcase name="[OpenAPI 2.0] Invalid Reference [All]" classname="io.apicurio.datamodels.core.validation.ValidationTest" time="0.015"/>
  <testcase name="[OpenAPI 2.0] Mutually Exclusive [All]" classname="io.apicurio.datamodels.core.validation.ValidationTest" time="0.01"/>
  <testcase name="[OpenAPI 2.0] Operation ID" classname="io.apicurio.datamodels.core.validation.ValidationTest" time="0.002"/>
  <testcase name="[OpenAPI 2.0] Pet Store [Extra Properties]" classname="io.apicurio.datamodels.core.validation.ValidationTest" time="0.01"/>
  <testcase name="[OpenAPI 2.0] Security Scheme [Invalid Property Format]" classname="io.apicurio.datamodels.core.validation.ValidationTest" time="0.002"/>
  <testcase name="[OpenAPI 2.0] Security Scheme [Required Properties]" classname="io.apicurio.datamodels.core.validation.ValidationTest" time="0.006"/>
  <testcase name="[OpenAPI 2.0] Uniqueness [All]" classname="io.apicurio.datamodels.core.validation.ValidationTest" time="0.01"/>
  <testcase name="[OpenAPI 2.0] Valid Pet Store Document" classname="io.apicurio.datamodels.core.validation.ValidationTest" time="0.008"/>
  <testcase name="[OpenAPI 2.0] Identical Path Template" classname="io.apicurio.datamodels.core.validation.ValidationTest" time="0.002"/>
  <testcase name="[OpenAPI 2.0] Security Requirement Uniqueness" classname="io.apicurio.datamodels.core.validation.ValidationTest" time="0.003"/>
  <testcase name="[OpenAPI 3.0] Ignored Property Name" classname="io.apicurio.datamodels.core.validation.ValidationTest" time="0.018"/>
  <testcase name="[OpenAPI 3.0] Document [Invalid Property Format]" classname="io.apicurio.datamodels.core.validation.ValidationTest" time="0.004"/>
  <testcase name="[OpenAPI 3.0] Invalid Property Name" classname="io.apicurio.datamodels.core.validation.ValidationTest" time="0.02"/>
  <testcase name="[OpenAPI 3.0] Invalid Property Type" classname="io.apicurio.datamodels.core.validation.ValidationTest" time="0.004"/>
  <testcase name="[OpenAPI 3.0] Invalid Property Value" classname="io.apicurio.datamodels.core.validation.ValidationTest" time="0.016"/>
  <testcase name="[OpenAPI 3.0] Invalid Reference" classname="io.apicurio.datamodels.core.validation.ValidationTest" time="0.006"/>
  <testcase name="[OpenAPI 3.0] Mutually Exclusive" classname="io.apicurio.datamodels.core.validation.ValidationTest" time="0.003"/>
  <testcase name="[OpenAPI 3.0] Operation ID" classname="io.apicurio.datamodels.core.validation.ValidationTest" time="0.001"/>
  <testcase name="[OpenAPI 3.0] Required Property [Root]" classname="io.apicurio.datamodels.core.validation.ValidationTest" time="0.001"/>
  <testcase name="[OpenAPI 3.0] Required Property" classname="io.apicurio.datamodels.core.validation.ValidationTest" time="0.005"/>
  <testcase name="[OpenAPI 3.0] Uniqueness" classname="io.apicurio.datamodels.core.validation.ValidationTest" time="0.003"/>
  <testcase name="[OpenAPI 3.0] Unknown Properties" classname="io.apicurio.datamodels.core.validation.ValidationTest" time="0.005"/>
  <testcase name="[OpenAPI 3.0] Duplicate Path Params" classname="io.apicurio.datamodels.core.validation.ValidationTest" time="0.002"/>
  <testcase name="[OpenAPI 3.0] Valid Pet Store" classname="io.apicurio.datamodels.core.validation.ValidationTest" time="0.004"/>
  <testcase name="[OpenAPI 3.0] Operation Properties" classname="io.apicurio.datamodels.core.validation.ValidationTest" time="0.001"/>
  <testcase name="[OpenAPI 3.0] Data Type Reference" classname="io.apicurio.datamodels.core.validation.ValidationTest" time="0.014"/>
  <testcase name="[Issues] Issue 804" classname="io.apicurio.datamodels.core.validation.ValidationTest" time="0.006"/>
  <testcase name="[Issues] Issue 88" classname="io.apicurio.datamodels.core.validation.ValidationTest" time="0.002"/>
</testsuite>