<?xml version="1.0" encoding="UTF-8"?>
<testsuite xmlns:xsi="http://www.w3.org/2001/XMLSchema-instance" xsi:schemaLocation="https://maven.apache.org/surefire/maven-surefire-plugin/xsd/surefire-test-report.xsd" name="io.apicurio.datamodels.core.io.IoTest" time="0.274" tests="107" errors="0" skipped="0" failures="0">
  <properties>
    <property name="java.runtime.name" value="OpenJDK Runtime Environment"/>
    <property name="sun.boot.library.path" value="/usr/local/openjdk-8/jre/lib/amd64"/>
    <property name="java.vm.version" value="25.262-b10"/>
    <property name="animal.sniffer.skip" value="true"/>
    <property name="java.vm.vendor" value="Oracle Corporation"/>
    <property name="maven.multiModuleProjectDirectory" value="/tmp/tmpjag6i_uw/apicurio-data-models"/>
    <property name="maven.javadoc.skip" value="true"/>
    <property name="java.vendor.url" value="http://java.oracle.com/"/>
    <property name="path.separator" value=":"/>
    <property name="guice.disable.misplaced.annotation.check" value="true"/>
    <property name="java.vm.name" value="OpenJDK 64-Bit Server VM"/>
    <property name="file.encoding.pkg" value="sun.io"/>
    <property name="sun.java.launcher" value="SUN_STANDARD"/>
    <property name="sun.os.patch.level" value="unknown"/>
    <property name="source.skip" value="true"/>
    <property name="java.vm.specification.name" value="Java Virtual Machine Specification"/>
    <property name="user.dir" value="/tmp/tmpjag6i_uw/apicurio-data-models"/>
    <property name="java.runtime.version" value="1.8.0_262-b10"/>
    <property name="java.awt.graphicsenv" value="sun.awt.X11GraphicsEnvironment"/>
    <property name="java.endorsed.dirs" value="/usr/local/openjdk-8/jre/lib/endorsed"/>
    <property name="os.arch" value="amd64"/>
    <property name="java.io.tmpdir" value="/tmp"/>
    <property name="line.separator" value="&#10;"/>
    <property name="java.vm.specification.vendor" value="Oracle Corporation"/>
    <property name="os.name" value="Linux"/>
    <property name="classworlds.conf" value="/usr/share/maven/bin/m2.conf"/>
    <property name="sun.jnu.encoding" value="UTF-8"/>
    <property name="java.library.path" value="/usr/java/packages/lib/amd64:/usr/lib64:/lib64:/lib:/usr/lib"/>
    <property name="license.skip" value="true"/>
    <property name="maven.conf" value="/usr/share/maven/conf"/>
    <property name="java.specification.name" value="Java Platform API Specification"/>
    <property name="java.class.version" value="52.0"/>
    <property name="sun.management.compiler" value="HotSpot 64-Bit Tiered Compilers"/>
    <property name="maven.test.failure.ignore" value="true"/>
    <property name="os.version" value="4.15.0-109-generic"/>
    <property name="library.jansi.path" value="/usr/share/maven/lib/jansi-native"/>
    <property name="user.home" value="/home/jdbl"/>
    <property name="user.timezone" value="Etc/UTC"/>
    <property name="java.awt.printerjob" value="sun.print.PSPrinterJob"/>
    <property name="java.specification.version" value="1.8"/>
    <property name="file.encoding" value="UTF-8"/>
    <property name="user.name" value="jdbl"/>
    <property name="java.class.path" value="/usr/share/maven/boot/plexus-classworlds-2.6.0.jar"/>
    <property name="java.vm.specification.version" value="1.8"/>
    <property name="sun.arch.data.model" value="64"/>
    <property name="java.home" value="/usr/local/openjdk-8/jre"/>
    <property name="sun.java.command" value="org.codehaus.plexus.classworlds.launcher.Launcher test -e --fail-never -ntp -Dmaven.test.failure.ignore=true -B -Dmaven.javadoc.skip=true -Drat.skip=true -Danimal.sniffer.skip=true -Dmaven.javadoc.skip=true -Dlicense.skip=true -Dsource.skip=true"/>
    <property name="java.specification.vendor" value="Oracle Corporation"/>
    <property name="user.language" value="en"/>
    <property name="awt.toolkit" value="sun.awt.X11.XToolkit"/>
    <property name="java.vm.info" value="mixed mode"/>
    <property name="java.version" value="1.8.0_262"/>
    <property name="java.ext.dirs" value="/usr/local/openjdk-8/jre/lib/ext:/usr/java/packages/lib/ext"/>
    <property name="securerandom.source" value="file:/dev/./urandom"/>
    <property name="sun.boot.class.path" value="/usr/local/openjdk-8/jre/lib/resources.jar:/usr/local/openjdk-8/jre/lib/rt.jar:/usr/local/openjdk-8/jre/lib/sunrsasign.jar:/usr/local/openjdk-8/jre/lib/jsse.jar:/usr/local/openjdk-8/jre/lib/jce.jar:/usr/local/openjdk-8/jre/lib/charsets.jar:/usr/local/openjdk-8/jre/lib/jfr.jar:/usr/local/openjdk-8/jre/classes"/>
    <property name="java.vendor" value="Oracle Corporation"/>
    <property name="rat.skip" value="true"/>
    <property name="maven.home" value="/usr/share/maven"/>
    <property name="file.separator" value="/"/>
    <property name="java.vendor.url.bug" value="http://bugreport.sun.com/bugreport/"/>
    <property name="sun.cpu.endian" value="little"/>
    <property name="sun.io.unicode.encoding" value="UnicodeLittle"/>
    <property name="sun.cpu.isalist" value=""/>
  </properties>
  <testcase name="[AsyncAPI 2] Simplest" classname="io.apicurio.datamodels.core.io.IoTest" time="0.001"/>
  <testcase name="[AsyncAPI 2] Simple Info" classname="io.apicurio.datamodels.core.io.IoTest" time="0.001"/>
  <testcase name="[AsyncAPI 2] Simple Info With Extra Properties" classname="io.apicurio.datamodels.core.io.IoTest" time="0.004"/>
  <testcase name="[AsyncAPI 2] Simple Info With Extensions" classname="io.apicurio.datamodels.core.io.IoTest" time="0"/>
  <testcase name="[AsyncAPI 2] Complete anyof" classname="io.apicurio.datamodels.core.io.IoTest" time="0.002"/>
  <testcase name="[AsyncAPI 2] Complete application-headers" classname="io.apicurio.datamodels.core.io.IoTest" time="0.004"/>
  <testcase name="[AsyncAPI 2] Complete Info" classname="io.apicurio.datamodels.core.io.IoTest" time="0.001"/>
  <testcase name="[AsyncAPI 2] Complete correlation-id" classname="io.apicurio.datamodels.core.io.IoTest" time="0.006"/>
  <testcase name="[AsyncAPI 2] Complete gitter-streaming" classname="io.apicurio.datamodels.core.io.IoTest" time="0.006"/>
  <testcase name="[AsyncAPI 2] Complete not" classname="io.apicurio.datamodels.core.io.IoTest" time="0.001"/>
  <testcase name="[AsyncAPI 2] Complete oneof" classname="io.apicurio.datamodels.core.io.IoTest" time="0.002"/>
  <testcase name="[AsyncAPI 2] Complete rpc-client" classname="io.apicurio.datamodels.core.io.IoTest" time="0.005"/>
  <testcase name="[AsyncAPI 2] Complete rpc-server" classname="io.apicurio.datamodels.core.io.IoTest" time="0.003"/>
  <testcase name="[AsyncAPI 2] Complete slack-rtm" classname="io.apicurio.datamodels.core.io.IoTest" time="0.024"/>
  <testcase name="[AsyncAPI 2] Complete streetlights" classname="io.apicurio.datamodels.core.io.IoTest" time="0.011"/>
  <testcase name="[OpenAPI 2] Simple - External Docs" classname="io.apicurio.datamodels.core.io.IoTest" time="0.001"/>
  <testcase name="[OpenAPI 2] Simple - Info + Extensions" classname="io.apicurio.datamodels.core.io.IoTest" time="0"/>
  <testcase name="[OpenAPI 2] Simple - Info" classname="io.apicurio.datamodels.core.io.IoTest" time="0.001"/>
  <testcase name="[OpenAPI 2] Simple - - Security" classname="io.apicurio.datamodels.core.io.IoTest" time="0"/>
  <testcase name="[OpenAPI 2] Simple - Tags" classname="io.apicurio.datamodels.core.io.IoTest" time="0.001"/>
  <testcase name="[OpenAPI 2] Simplest" classname="io.apicurio.datamodels.core.io.IoTest" time="0"/>
  <testcase name="[OpenAPI 2] Extra Properties" classname="io.apicurio.datamodels.core.io.IoTest" time="0.002"/>
  <testcase name="[OpenAPI 2] Full - Meerkat" classname="io.apicurio.datamodels.core.io.IoTest" time="0.038"/>
  <testcase name="[OpenAPI 2] Full - Apistrat" classname="io.apicurio.datamodels.core.io.IoTest" time="0.01"/>
  <testcase name="[OpenAPI 2] Complete - Security Defs" classname="io.apicurio.datamodels.core.io.IoTest" time="0"/>
  <testcase name="[OpenAPI 2] Complete - Tags" classname="io.apicurio.datamodels.core.io.IoTest" time="0"/>
  <testcase name="[OpenAPI 2] Full - Trade Gov" classname="io.apicurio.datamodels.core.io.IoTest" time="0.002"/>
  <testcase name="[OpenAPI 2] Full - Pet Store" classname="io.apicurio.datamodels.core.io.IoTest" time="0.022"/>
  <testcase name="[OpenAPI 2] Full - Hairmare.ch" classname="io.apicurio.datamodels.core.io.IoTest" time="0.002"/>
  <testcase name="[OpenAPI 2] Full - Weatherbit" classname="io.apicurio.datamodels.core.io.IoTest" time="0.042"/>
  <testcase name="[OpenAPI 2] JSON Schema - BASIC" classname="io.apicurio.datamodels.core.io.IoTest" time="0.002"/>
  <testcase name="[OpenAPI 2] JSON Schema - fstab" classname="io.apicurio.datamodels.core.io.IoTest" time="0.003"/>
  <testcase name="[OpenAPI 2] JSON Schema - Products" classname="io.apicurio.datamodels.core.io.IoTest" time="0.002"/>
  <testcase name="[OpenAPI 2] JSON Schema - Primitive" classname="io.apicurio.datamodels.core.io.IoTest" time="0.001"/>
  <testcase name="[OpenAPI 2] Schema - Additional Props" classname="io.apicurio.datamodels.core.io.IoTest" time="0.001"/>
  <testcase name="[OpenAPI 2] Schema - AllOf" classname="io.apicurio.datamodels.core.io.IoTest" time="0.001"/>
  <testcase name="[OpenAPI 2] Schema - Composition" classname="io.apicurio.datamodels.core.io.IoTest" time="0.001"/>
  <testcase name="[OpenAPI 2] Schema - Example" classname="io.apicurio.datamodels.core.io.IoTest" time="0"/>
  <testcase name="[OpenAPI 2] Schema - Extensions" classname="io.apicurio.datamodels.core.io.IoTest" time="0.001"/>
  <testcase name="[OpenAPI 2] Schema - External Docs" classname="io.apicurio.datamodels.core.io.IoTest" time="0.001"/>
  <testcase name="[OpenAPI 2] Schema - MetaData" classname="io.apicurio.datamodels.core.io.IoTest" time="0.001"/>
  <testcase name="[OpenAPI 2] Schema - Polymorphism" classname="io.apicurio.datamodels.core.io.IoTest" time="0.002"/>
  <testcase name="[OpenAPI 2] Schema - XML" classname="io.apicurio.datamodels.core.io.IoTest" time="0.001"/>
  <testcase name="[OpenAPI 2] Schema - Example [1]" classname="io.apicurio.datamodels.core.io.IoTest" time="0"/>
  <testcase name="[OpenAPI 2] Parameters - Array Param" classname="io.apicurio.datamodels.core.io.IoTest" time="0.002"/>
  <testcase name="[OpenAPI 2] Parameters - Spec Example 1" classname="io.apicurio.datamodels.core.io.IoTest" time="0"/>
  <testcase name="[OpenAPI 2] Paths - All Ops" classname="io.apicurio.datamodels.core.io.IoTest" time="0.001"/>
  <testcase name="[OpenAPI 2] Paths - Default Response" classname="io.apicurio.datamodels.core.io.IoTest" time="0.001"/>
  <testcase name="[OpenAPI 2] Paths - Empty" classname="io.apicurio.datamodels.core.io.IoTest" time="0"/>
  <testcase name="[OpenAPI 2] Paths - External Docs" classname="io.apicurio.datamodels.core.io.IoTest" time="0.001"/>
  <testcase name="[OpenAPI 2] Paths - Get + Params" classname="io.apicurio.datamodels.core.io.IoTest" time="0.001"/>
  <testcase name="[OpenAPI 2] Paths - Get + Tags" classname="io.apicurio.datamodels.core.io.IoTest" time="0.001"/>
  <testcase name="[OpenAPI 2] Paths - Get" classname="io.apicurio.datamodels.core.io.IoTest" time="0"/>
  <testcase name="[OpenAPI 2] Paths - Path + Params" classname="io.apicurio.datamodels.core.io.IoTest" time="0.001"/>
  <testcase name="[OpenAPI 2] Paths - $ref" classname="io.apicurio.datamodels.core.io.IoTest" time="0"/>
  <testcase name="[OpenAPI 2] Paths - Response + Examples" classname="io.apicurio.datamodels.core.io.IoTest" time="0.002"/>
  <testcase name="[OpenAPI 2] Paths - Response + Headers" classname="io.apicurio.datamodels.core.io.IoTest" time="0.001"/>
  <testcase name="[OpenAPI 2] Paths - Response + $ref" classname="io.apicurio.datamodels.core.io.IoTest" time="0.001"/>
  <testcase name="[OpenAPI 2] Paths - Response + Schema" classname="io.apicurio.datamodels.core.io.IoTest" time="0.001"/>
  <testcase name="[OpenAPI 2] Paths - Responses + Extensions" classname="io.apicurio.datamodels.core.io.IoTest" time="0.002"/>
  <testcase name="[OpenAPI 2] Paths - Responses" classname="io.apicurio.datamodels.core.io.IoTest" time="0"/>
  <testcase name="[OpenAPI 2] Paths - Security" classname="io.apicurio.datamodels.core.io.IoTest" time="0.001"/>
  <testcase name="[OpenAPI 2] Paths - Extensions" classname="io.apicurio.datamodels.core.io.IoTest" time="0.001"/>
  <testcase name="[OpenAPI 2] Responses - Spec Examples [All]" classname="io.apicurio.datamodels.core.io.IoTest" time="0.001"/>
  <testcase name="[OpenAPI 2] Responses - Spec Example 1" classname="io.apicurio.datamodels.core.io.IoTest" time="0.001"/>
  <testcase name="[OpenAPI 2] Security Definitions" classname="io.apicurio.datamodels.core.io.IoTest" time="0"/>
  <testcase name="[OpenAPI 3] Complete - Tags" classname="io.apicurio.datamodels.core.io.IoTest" time="0.001"/>
  <testcase name="[OpenAPI 3] Components - Callbacks" classname="io.apicurio.datamodels.core.io.IoTest" time="0.003"/>
  <testcase name="[OpenAPI 3] Components - Empty" classname="io.apicurio.datamodels.core.io.IoTest" time="0"/>
  <testcase name="[OpenAPI 3] Components - Examples" classname="io.apicurio.datamodels.core.io.IoTest" time="0.001"/>
  <testcase name="[OpenAPI 3] Components - Headers" classname="io.apicurio.datamodels.core.io.IoTest" time="0.001"/>
  <testcase name="[OpenAPI 3] Components - Links" classname="io.apicurio.datamodels.core.io.IoTest" time="0.001"/>
  <testcase name="[OpenAPI 3] Components - Parameters" classname="io.apicurio.datamodels.core.io.IoTest" time="0.001"/>
  <testcase name="[OpenAPI 3] Components - Ref Loops" classname="io.apicurio.datamodels.core.io.IoTest" time="0.001"/>
  <testcase name="[OpenAPI 3] Components - Request Bodies" classname="io.apicurio.datamodels.core.io.IoTest" time="0.001"/>
  <testcase name="[OpenAPI 3] Components - Responses" classname="io.apicurio.datamodels.core.io.IoTest" time="0"/>
  <testcase name="[OpenAPI 3] Components - Schemas Extensions" classname="io.apicurio.datamodels.core.io.IoTest" time="0.001"/>
  <testcase name="[OpenAPI 3] Components - Schemas" classname="io.apicurio.datamodels.core.io.IoTest" time="0.001"/>
  <testcase name="[OpenAPI 3] Components - Security Schemes" classname="io.apicurio.datamodels.core.io.IoTest" time="0.002"/>
  <testcase name="[OpenAPI 3] Paths - All Operations" classname="io.apicurio.datamodels.core.io.IoTest" time="0.001"/>
  <testcase name="[OpenAPI 3] Paths - Empty" classname="io.apicurio.datamodels.core.io.IoTest" time="0"/>
  <testcase name="[OpenAPI 3] Paths - GET Callbacks" classname="io.apicurio.datamodels.core.io.IoTest" time="0.002"/>
  <testcase name="[OpenAPI 3] Paths - GET Parameters" classname="io.apicurio.datamodels.core.io.IoTest" time="0.001"/>
  <testcase name="[OpenAPI 3] Paths - GET Request Body Content" classname="io.apicurio.datamodels.core.io.IoTest" time="0.003"/>
  <testcase name="[OpenAPI 3] Paths - GET Request Body Example" classname="io.apicurio.datamodels.core.io.IoTest" time="0.001"/>
  <testcase name="[OpenAPI 3] Paths - GET Request Body" classname="io.apicurio.datamodels.core.io.IoTest" time="0.001"/>
  <testcase name="[OpenAPI 3] Paths - GET Response Content" classname="io.apicurio.datamodels.core.io.IoTest" time="0.003"/>
  <testcase name="[OpenAPI 3] Paths - GET Response Headers" classname="io.apicurio.datamodels.core.io.IoTest" time="0.001"/>
  <testcase name="[OpenAPI 3] Paths - GET Response Links" classname="io.apicurio.datamodels.core.io.IoTest" time="0.002"/>
  <testcase name="[OpenAPI 3] Paths - GET Responses" classname="io.apicurio.datamodels.core.io.IoTest" time="0.001"/>
  <testcase name="[OpenAPI 3] Paths - GET Security Anon" classname="io.apicurio.datamodels.core.io.IoTest" time="0"/>
  <testcase name="[OpenAPI 3] Paths - GET Security" classname="io.apicurio.datamodels.core.io.IoTest" time="0"/>
  <testcase name="[OpenAPI 3] Paths - GET Servers" classname="io.apicurio.datamodels.core.io.IoTest" time="0.001"/>
  <testcase name="[OpenAPI 3] Paths - GET" classname="io.apicurio.datamodels.core.io.IoTest" time="0"/>
  <testcase name="[OpenAPI 3] Paths - Parameters" classname="io.apicurio.datamodels.core.io.IoTest" time="0.002"/>
  <testcase name="[OpenAPI 3] Paths - Ref" classname="io.apicurio.datamodels.core.io.IoTest" time="0"/>
  <testcase name="[OpenAPI 3] Paths - Servers" classname="io.apicurio.datamodels.core.io.IoTest" time="0.001"/>
  <testcase name="[OpenAPI 3] Paths - Extensions" classname="io.apicurio.datamodels.core.io.IoTest" time="0.001"/>
  <testcase name="[OpenAPI 3] Discriminator" classname="io.apicurio.datamodels.core.io.IoTest" time="0.001"/>
  <testcase name="[OpenAPI 3] Simple External Docs" classname="io.apicurio.datamodels.core.io.IoTest" time="0"/>
  <testcase name="[OpenAPI 3] Simple Info + Extensions" classname="io.apicurio.datamodels.core.io.IoTest" time="0.001"/>
  <testcase name="[OpenAPI 3] Simple Info" classname="io.apicurio.datamodels.core.io.IoTest" time="0"/>
  <testcase name="[OpenAPI 3] Simple Security" classname="io.apicurio.datamodels.core.io.IoTest" time="0"/>
  <testcase name="[OpenAPI 3] Simple Servers" classname="io.apicurio.datamodels.core.io.IoTest" time="0.001"/>
  <testcase name="[OpenAPI 3] Simple Tags" classname="io.apicurio.datamodels.core.io.IoTest" time="0"/>
  <testcase name="[OpenAPI 3] Simplest" classname="io.apicurio.datamodels.core.io.IoTest" time="0"/>
  <testcase name="[OpenAPI 3] Extra Properties" classname="io.apicurio.datamodels.core.io.IoTest" time="0.002"/>
</testsuite>