<?xml version="1.0" encoding="UTF-8"?>
<testsuite xmlns:xsi="http://www.w3.org/2001/XMLSchema-instance" xsi:schemaLocation="https://maven.apache.org/surefire/maven-surefire-plugin/xsd/surefire-test-report.xsd" name="io.apicurio.datamodels.cmd.CommandTest" time="0.988" tests="255" errors="0" skipped="0" failures="0">
  <properties>
    <property name="java.runtime.name" value="OpenJDK Runtime Environment"/>
    <property name="sun.boot.library.path" value="/usr/local/openjdk-8/jre/lib/amd64"/>
    <property name="java.vm.version" value="25.262-b10"/>
    <property name="animal.sniffer.skip" value="true"/>
    <property name="java.vm.vendor" value="Oracle Corporation"/>
    <property name="maven.multiModuleProjectDirectory" value="/tmp/tmpjag6i_uw/apicurio-data-models"/>
    <property name="maven.javadoc.skip" value="true"/>
    <property name="java.vendor.url" value="http://java.oracle.com/"/>
    <property name="path.separator" value=":"/>
    <property name="guice.disable.misplaced.annotation.check" value="true"/>
    <property name="java.vm.name" value="OpenJDK 64-Bit Server VM"/>
    <property name="file.encoding.pkg" value="sun.io"/>
    <property name="sun.java.launcher" value="SUN_STANDARD"/>
    <property name="sun.os.patch.level" value="unknown"/>
    <property name="source.skip" value="true"/>
    <property name="java.vm.specification.name" value="Java Virtual Machine Specification"/>
    <property name="user.dir" value="/tmp/tmpjag6i_uw/apicurio-data-models"/>
    <property name="java.runtime.version" value="1.8.0_262-b10"/>
    <property name="java.awt.graphicsenv" value="sun.awt.X11GraphicsEnvironment"/>
    <property name="java.endorsed.dirs" value="/usr/local/openjdk-8/jre/lib/endorsed"/>
    <property name="os.arch" value="amd64"/>
    <property name="java.io.tmpdir" value="/tmp"/>
    <property name="line.separator" value="&#10;"/>
    <property name="java.vm.specification.vendor" value="Oracle Corporation"/>
    <property name="os.name" value="Linux"/>
    <property name="classworlds.conf" value="/usr/share/maven/bin/m2.conf"/>
    <property name="sun.jnu.encoding" value="UTF-8"/>
    <property name="java.library.path" value="/usr/java/packages/lib/amd64:/usr/lib64:/lib64:/lib:/usr/lib"/>
    <property name="license.skip" value="true"/>
    <property name="maven.conf" value="/usr/share/maven/conf"/>
    <property name="java.specification.name" value="Java Platform API Specification"/>
    <property name="java.class.version" value="52.0"/>
    <property name="sun.management.compiler" value="HotSpot 64-Bit Tiered Compilers"/>
    <property name="maven.test.failure.ignore" value="true"/>
    <property name="os.version" value="4.15.0-109-generic"/>
    <property name="library.jansi.path" value="/usr/share/maven/lib/jansi-native"/>
    <property name="user.home" value="/home/jdbl"/>
    <property name="user.timezone" value="Etc/UTC"/>
    <property name="java.awt.printerjob" value="sun.print.PSPrinterJob"/>
    <property name="java.specification.version" value="1.8"/>
    <property name="file.encoding" value="UTF-8"/>
    <property name="user.name" value="jdbl"/>
    <property name="java.class.path" value="/usr/share/maven/boot/plexus-classworlds-2.6.0.jar"/>
    <property name="java.vm.specification.version" value="1.8"/>
    <property name="sun.arch.data.model" value="64"/>
    <property name="java.home" value="/usr/local/openjdk-8/jre"/>
    <property name="sun.java.command" value="org.codehaus.plexus.classworlds.launcher.Launcher test -e --fail-never -ntp -Dmaven.test.failure.ignore=true -B -Dmaven.javadoc.skip=true -Drat.skip=true -Danimal.sniffer.skip=true -Dmaven.javadoc.skip=true -Dlicense.skip=true -Dsource.skip=true"/>
    <property name="java.specification.vendor" value="Oracle Corporation"/>
    <property name="user.language" value="en"/>
    <property name="awt.toolkit" value="sun.awt.X11.XToolkit"/>
    <property name="java.vm.info" value="mixed mode"/>
    <property name="java.version" value="1.8.0_262"/>
    <property name="java.ext.dirs" value="/usr/local/openjdk-8/jre/lib/ext:/usr/java/packages/lib/ext"/>
    <property name="securerandom.source" value="file:/dev/./urandom"/>
    <property name="sun.boot.class.path" value="/usr/local/openjdk-8/jre/lib/resources.jar:/usr/local/openjdk-8/jre/lib/rt.jar:/usr/local/openjdk-8/jre/lib/sunrsasign.jar:/usr/local/openjdk-8/jre/lib/jsse.jar:/usr/local/openjdk-8/jre/lib/jce.jar:/usr/local/openjdk-8/jre/lib/charsets.jar:/usr/local/openjdk-8/jre/lib/jfr.jar:/usr/local/openjdk-8/jre/classes"/>
    <property name="java.vendor" value="Oracle Corporation"/>
    <property name="rat.skip" value="true"/>
    <property name="maven.home" value="/usr/share/maven"/>
    <property name="file.separator" value="/"/>
    <property name="java.vendor.url.bug" value="http://bugreport.sun.com/bugreport/"/>
    <property name="sun.cpu.endian" value="little"/>
    <property name="sun.io.unicode.encoding" value="UnicodeLittle"/>
    <property name="sun.cpu.isalist" value=""/>
  </properties>
  <testcase name="[OT] In Sequence {Forward}" classname="io.apicurio.datamodels.cmd.CommandTest" time="0.037"/>
  <testcase name="[OT] In Sequence {Reverse}" classname="io.apicurio.datamodels.cmd.CommandTest" time="0.006"/>
  <testcase name="[OT] Mixed Redo" classname="io.apicurio.datamodels.cmd.CommandTest" time="0.009"/>
  <testcase name="[OT] Mixed Undo" classname="io.apicurio.datamodels.cmd.CommandTest" time="0.007"/>
  <testcase name="[OT] Order Matters {Rev1}" classname="io.apicurio.datamodels.cmd.CommandTest" time="0.031"/>
  <testcase name="[OT] Order Matters {Rev2}" classname="io.apicurio.datamodels.cmd.CommandTest" time="0.007"/>
  <testcase name="[OT] Order Matters {Rev3}" classname="io.apicurio.datamodels.cmd.CommandTest" time="0.005"/>
  <testcase name="[OT] Pending Order Matters {Rev1}" classname="io.apicurio.datamodels.cmd.CommandTest" time="0.005"/>
  <testcase name="[OT] Pending Order Matters {Rev2}" classname="io.apicurio.datamodels.cmd.CommandTest" time="0.004"/>
  <testcase name="[OT] Pending Order Matters {Rev3}" classname="io.apicurio.datamodels.cmd.CommandTest" time="0.006"/>
  <testcase name="[OT] Pending Order Matters {Rev4}" classname="io.apicurio.datamodels.cmd.CommandTest" time="0.003"/>
  <testcase name="[OT] Simple Redo" classname="io.apicurio.datamodels.cmd.CommandTest" time="0.004"/>
  <testcase name="[OT] Simple Undo" classname="io.apicurio.datamodels.cmd.CommandTest" time="0.004"/>
  <testcase name="[OT] Single Command" classname="io.apicurio.datamodels.cmd.CommandTest" time="0.004"/>
  <testcase name="[OT] Undo Pending" classname="io.apicurio.datamodels.cmd.CommandTest" time="0.004"/>
  <testcase name="[OT] Undo Pending {Late Finalize}" classname="io.apicurio.datamodels.cmd.CommandTest" time="0.004"/>
  <testcase name="[OT] Undo Pending {Out of Order Finalize}" classname="io.apicurio.datamodels.cmd.CommandTest" time="0.004"/>
  <testcase name="[OT] Undo Redo Change" classname="io.apicurio.datamodels.cmd.CommandTest" time="0.005"/>
  <testcase name="[OpenAPI 2] {Add Definition} - Add Definition" classname="io.apicurio.datamodels.cmd.CommandTest" time="0.002"/>
  <testcase name="[OpenAPI 2] {Add Definition} - Clone Definition" classname="io.apicurio.datamodels.cmd.CommandTest" time="0.002"/>
  <testcase name="[OpenAPI 3] {Add Definition} - Add Definition" classname="io.apicurio.datamodels.cmd.CommandTest" time="0.006"/>
  <testcase name="[OpenAPI 3] {Add Definition} - Clone Definition" classname="io.apicurio.datamodels.cmd.CommandTest" time="0.002"/>
  <testcase name="[OpenAPI 2] {Add Response Definition} - Add Response Definition" classname="io.apicurio.datamodels.cmd.CommandTest" time="0.005"/>
  <testcase name="[OpenAPI 2] {Add Response Definition} - Clone Response Definition" classname="io.apicurio.datamodels.cmd.CommandTest" time="0.001"/>
  <testcase name="[OpenAPI 3] {Add Response Definition} - Add Response Definition" classname="io.apicurio.datamodels.cmd.CommandTest" time="0.005"/>
  <testcase name="[OpenAPI 3] {Add Response Definition} - Clone Response Definition" classname="io.apicurio.datamodels.cmd.CommandTest" time="0.001"/>
  <testcase name="[OpenAPI 3] {Add Example} - Add Example Exists" classname="io.apicurio.datamodels.cmd.CommandTest" time="0.007"/>
  <testcase name="[OpenAPI 3] {Add Example} - Add Example First" classname="io.apicurio.datamodels.cmd.CommandTest" time="0.002"/>
  <testcase name="[OpenAPI 3] {Add Example} - Add Example" classname="io.apicurio.datamodels.cmd.CommandTest" time="0.003"/>
  <testcase name="[OpenAPI 3] {Add Parameter Example} - Add Param Example" classname="io.apicurio.datamodels.cmd.CommandTest" time="0.006"/>
  <testcase name="[OpenAPI 3] {Add Parameter Example} - Add Param Example Multi" classname="io.apicurio.datamodels.cmd.CommandTest" time="0.003"/>
  <testcase name="[OpenAPI 3] {Add Parameter Example} - Add Param Example Exists" classname="io.apicurio.datamodels.cmd.CommandTest" time="0.001"/>
  <testcase name="[OpenAPI 2] {Add Path Item} - Add Path Item" classname="io.apicurio.datamodels.cmd.CommandTest" time="0.004"/>
  <testcase name="[OpenAPI 2] {Add Path Item} - Clone Path Item" classname="io.apicurio.datamodels.cmd.CommandTest" time="0.006"/>
  <testcase name="[OpenAPI 3] {Add Path Item} - Add Path Item" classname="io.apicurio.datamodels.cmd.CommandTest" time="0.001"/>
  <testcase name="[OpenAPI 3] {Add Path Item} - Clone Path Item" classname="io.apicurio.datamodels.cmd.CommandTest" time="0"/>
  <testcase name="[OpenAPI 2] {Add Security Requirement} - Add Security Req" classname="io.apicurio.datamodels.cmd.CommandTest" time="0.001"/>
  <testcase name="[OpenAPI 3] {Add Security Requirement} - Add Security Req Doc2" classname="io.apicurio.datamodels.cmd.CommandTest" time="0.001"/>
  <testcase name="[OpenAPI 3] {Add Security Requirement} - Add Security Req Op" classname="io.apicurio.datamodels.cmd.CommandTest" time="0.001"/>
  <testcase name="[OpenAPI 3] {Add Security Requirement} - Add Security Req" classname="io.apicurio.datamodels.cmd.CommandTest" time="0.002"/>
  <testcase name="[OpenAPI 3] {Add Child Schema} - Add to AllOf" classname="io.apicurio.datamodels.cmd.CommandTest" time="0.006"/>
  <testcase name="[OpenAPI 3] {Aggregate} - Aggregate Ordering" classname="io.apicurio.datamodels.cmd.CommandTest" time="0.022"/>
  <testcase name="[OpenAPI 3] {Aggregate} - Aggregate" classname="io.apicurio.datamodels.cmd.CommandTest" time="0.003"/>
  <testcase name="[OpenAPI 2] {Change Contact Info} - Add Contact Info" classname="io.apicurio.datamodels.cmd.CommandTest" time="0.001"/>
  <testcase name="[OpenAPI 2] {Change Contact Info} - Update Contact Info" classname="io.apicurio.datamodels.cmd.CommandTest" time="0.001"/>
  <testcase name="[OpenAPI 3] {Change Contact Info} - Add Contact Info" classname="io.apicurio.datamodels.cmd.CommandTest" time="0.001"/>
  <testcase name="[OpenAPI 3] {Change Contact Info} - Update Contact Info" classname="io.apicurio.datamodels.cmd.CommandTest" time="0.001"/>
  <testcase name="[OpenAPI 2] {Change Description} - Add Description" classname="io.apicurio.datamodels.cmd.CommandTest" time="0.001"/>
  <testcase name="[OpenAPI 2] {Change Description} - Change Description" classname="io.apicurio.datamodels.cmd.CommandTest" time="0.001"/>
  <testcase name="[OpenAPI 3] {Change Description} - Add Description" classname="io.apicurio.datamodels.cmd.CommandTest" time="0.001"/>
  <testcase name="[OpenAPI 3] {Change Description} - Change Description" classname="io.apicurio.datamodels.cmd.CommandTest" time="0.001"/>
  <testcase name="[OpenAPI 2] {Change License} - Add License" classname="io.apicurio.datamodels.cmd.CommandTest" time="0.002"/>
  <testcase name="[OpenAPI 2] {Change License} - Change License" classname="io.apicurio.datamodels.cmd.CommandTest" time="0.001"/>
  <testcase name="[OpenAPI 3] {Change License} - Add License" classname="io.apicurio.datamodels.cmd.CommandTest" time="0.001"/>
  <testcase name="[OpenAPI 3] {Change License} - Change License" classname="io.apicurio.datamodels.cmd.CommandTest" time="0.001"/>
  <testcase name="[OpenAPI 3] {Change Media Type Type} - Change Media Type Type" classname="io.apicurio.datamodels.cmd.CommandTest" time="0.005"/>
  <testcase name="[OpenAPI 3] {Change Media Type Type} - Change Media Type Type Response" classname="io.apicurio.datamodels.cmd.CommandTest" time="0.001"/>
  <testcase name="[OpenAPI 2] {Change Parameter Type} - Add Parameter Type" classname="io.apicurio.datamodels.cmd.CommandTest" time="0.007"/>
  <testcase name="[OpenAPI 2] {Change Parameter Type} - Change Parameter Definition Type" classname="io.apicurio.datamodels.cmd.CommandTest" time="0.002"/>
  <testcase name="[OpenAPI 2] {Change Parameter Type} - Change Parameter Type Enum" classname="io.apicurio.datamodels.cmd.CommandTest" time="0.002"/>
  <testcase name="[OpenAPI 2] {Change Parameter Type} - Change Parameter Type Required" classname="io.apicurio.datamodels.cmd.CommandTest" time="0.001"/>
  <testcase name="[OpenAPI 2] {Change Parameter Type} - Change Parameter Type" classname="io.apicurio.datamodels.cmd.CommandTest" time="0.002"/>
  <testcase name="[OpenAPI 3] {Change Parameter Type} - Add Parameter Type" classname="io.apicurio.datamodels.cmd.CommandTest" time="0.003"/>
  <testcase name="[OpenAPI 3] {Change Parameter Type} - Change Parameter Def Type" classname="io.apicurio.datamodels.cmd.CommandTest" time="0.004"/>
  <testcase name="[OpenAPI 3] {Change Parameter Type} - Change Parameter Type Enum" classname="io.apicurio.datamodels.cmd.CommandTest" time="0.001"/>
  <testcase name="[OpenAPI 3] {Change Parameter Type} - Change Parameter Type Required" classname="io.apicurio.datamodels.cmd.CommandTest" time="0.001"/>
  <testcase name="[OpenAPI 3] {Change Parameter Type} - Change Parameter Type" classname="io.apicurio.datamodels.cmd.CommandTest" time="0.001"/>
  <testcase name="[OpenAPI 2] {Change Property} - Add Property" classname="io.apicurio.datamodels.cmd.CommandTest" time="0.001"/>
  <testcase name="[OpenAPI 2] {Change Property} - Change Property" classname="io.apicurio.datamodels.cmd.CommandTest" time="0.002"/>
  <testcase name="[OpenAPI 3] {Change Property} - Add Property" classname="io.apicurio.datamodels.cmd.CommandTest" time="0.001"/>
  <testcase name="[OpenAPI 3] {Change Property} - Change Property" classname="io.apicurio.datamodels.cmd.CommandTest" time="0.002"/>
  <testcase name="[OpenAPI 2] {Change Property Type} - Change Property Type Enum" classname="io.apicurio.datamodels.cmd.CommandTest" time="0.001"/>
  <testcase name="[OpenAPI 2] {Change Property Type} - Change Property Type Required" classname="io.apicurio.datamodels.cmd.CommandTest" time="0.002"/>
  <testcase name="[OpenAPI 2] {Change Property Type} - Change Property Type" classname="io.apicurio.datamodels.cmd.CommandTest" time="0.001"/>
  <testcase name="[OpenAPI 3] {Change Property Type} - Change Property Type Enum" classname="io.apicurio.datamodels.cmd.CommandTest" time="0.002"/>
  <testcase name="[OpenAPI 3] {Change Property Type} - Change Property Type Required" classname="io.apicurio.datamodels.cmd.CommandTest" time="0.001"/>
  <testcase name="[OpenAPI 3] {Change Property Type} - Change Property Type" classname="io.apicurio.datamodels.cmd.CommandTest" time="0.001"/>
  <testcase name="[OpenAPI 2] {Change Response Type} - Add Response Type" classname="io.apicurio.datamodels.cmd.CommandTest" time="0.003"/>
  <testcase name="[OpenAPI 2] {Change Schema Type} - Change Schema Type Enum" classname="io.apicurio.datamodels.cmd.CommandTest" time="0.003"/>
  <testcase name="[OpenAPI 2] {Change Schema Type} - Change Schema Type" classname="io.apicurio.datamodels.cmd.CommandTest" time="0.001"/>
  <testcase name="[OpenAPI 3] {Change Schema Type} - Change Schema Type Enum" classname="io.apicurio.datamodels.cmd.CommandTest" time="0.001"/>
  <testcase name="[OpenAPI 3] {Change Schema Type} - Change Schema Type" classname="io.apicurio.datamodels.cmd.CommandTest" time="0.001"/>
  <testcase name="[OpenAPI 2] {Change ResponseType} - Change Response Def Type" classname="io.apicurio.datamodels.cmd.CommandTest" time="0.002"/>
  <testcase name="[OpenAPI 2] {Change ResponseType} - Change Response Type Enum" classname="io.apicurio.datamodels.cmd.CommandTest" time="0.002"/>
  <testcase name="[OpenAPI 2] {Change ResponseType} - Change Response Type" classname="io.apicurio.datamodels.cmd.CommandTest" time="0.002"/>
  <testcase name="[OpenAPI 2] {Change Security Scheme} - Change Security Scheme" classname="io.apicurio.datamodels.cmd.CommandTest" time="0.005"/>
  <testcase name="[OpenAPI 3] {Change Security Scheme} - Change Security Scheme" classname="io.apicurio.datamodels.cmd.CommandTest" time="0.005"/>
  <testcase name="[OpenAPI 3] {Change Server} - Change Server Document" classname="io.apicurio.datamodels.cmd.CommandTest" time="0.005"/>
  <testcase name="[OpenAPI 3] {Change Server} - Change Server Operation" classname="io.apicurio.datamodels.cmd.CommandTest" time="0.001"/>
  <testcase name="[OpenAPI 3] {Change Server} - Change Server Path Item" classname="io.apicurio.datamodels.cmd.CommandTest" time="0.002"/>
  <testcase name="[OpenAPI 2] {Change Title} - Add Title" classname="io.apicurio.datamodels.cmd.CommandTest" time="0.001"/>
  <testcase name="[OpenAPI 2] {Change Title} - Change Title" classname="io.apicurio.datamodels.cmd.CommandTest" time="0"/>
  <testcase name="[OpenAPI 3] {Change Title} - Add Title" classname="io.apicurio.datamodels.cmd.CommandTest" time="0.001"/>
  <testcase name="[OpenAPI 3] {Change Title} - Change Title" classname="io.apicurio.datamodels.cmd.CommandTest" time="0.001"/>
  <testcase name="[OpenAPI 2] {Change Version} - Add Version" classname="io.apicurio.datamodels.cmd.CommandTest" time="0"/>
  <testcase name="[OpenAPI 2] {Change Version} - Change Version" classname="io.apicurio.datamodels.cmd.CommandTest" time="0.001"/>
  <testcase name="[OpenAPI 3] {Change Version} - Add Version" classname="io.apicurio.datamodels.cmd.CommandTest" time="0.003"/>
  <testcase name="[OpenAPI 3] {Change Version} - Change Version" classname="io.apicurio.datamodels.cmd.CommandTest" time="0.001"/>
  <testcase name="[OpenAPI 3] {Change Schema Inheritance} - None-AnyOf" classname="io.apicurio.datamodels.cmd.CommandTest" time="0.006"/>
  <testcase name="[OpenAPI 3] {Change Schema Inheritance} - AnyOf-AllOf" classname="io.apicurio.datamodels.cmd.CommandTest" time="0.005"/>
  <testcase name="[OpenAPI 3] {Change Schema Inheritance} - AnyOf-None" classname="io.apicurio.datamodels.cmd.CommandTest" time="0.002"/>
  <testcase name="[OpenAPI 3] {Delete All Examples} - Delete All Examples" classname="io.apicurio.datamodels.cmd.CommandTest" time="0.009"/>
  <testcase name="[OpenAPI 3] {Delete All Parameter Examples} - Delete All Param Examples" classname="io.apicurio.datamodels.cmd.CommandTest" time="0.001"/>
  <testcase name="[OpenAPI 2] {Delete All Operations} - Delete All Operations" classname="io.apicurio.datamodels.cmd.CommandTest" time="0.014"/>
  <testcase name="[OpenAPI 3] {Delete All Operations} - Delete All Operations" classname="io.apicurio.datamodels.cmd.CommandTest" time="0.002"/>
  <testcase name="[OpenAPI 2] {Delete All Params} - Delete All Params" classname="io.apicurio.datamodels.cmd.CommandTest" time="0.012"/>
  <testcase name="[OpenAPI 3] {Delete All Params} - Delete All Params" classname="io.apicurio.datamodels.cmd.CommandTest" time="0.001"/>
  <testcase name="[OpenAPI 2] {Delete All Properties} - Delete All Properties" classname="io.apicurio.datamodels.cmd.CommandTest" time="0.013"/>
  <testcase name="[OpenAPI 3] {Delete All Properties} - Delete All Properties" classname="io.apicurio.datamodels.cmd.CommandTest" time="0.001"/>
  <testcase name="[OpenAPI 2] {Delete All Responses} - Delete All Responses" classname="io.apicurio.datamodels.cmd.CommandTest" time="0.012"/>
  <testcase name="[OpenAPI 3] {Delete All Responses} - Delete All Responses" classname="io.apicurio.datamodels.cmd.CommandTest" time="0.003"/>
  <testcase name="[OpenAPI 2] {Delete All Security Requirements} - Delete All Security Requirements" classname="io.apicurio.datamodels.cmd.CommandTest" time="0.005"/>
  <testcase name="[OpenAPI 3] {Delete All Security Requirements} - Delete All Security Requirements Op" classname="io.apicurio.datamodels.cmd.CommandTest" time="0.001"/>
  <testcase name="[OpenAPI 3] {Delete All Security Requirements} - Delete All Security Requirements" classname="io.apicurio.datamodels.cmd.CommandTest" time="0.001"/>
  <testcase name="[OpenAPI 2] {Delete All Security Schemes} - Delete All Security Schemes" classname="io.apicurio.datamodels.cmd.CommandTest" time="0.006"/>
  <testcase name="[OpenAPI 3] {Delete All Security Schemes} - Delete All Security Schemes" classname="io.apicurio.datamodels.cmd.CommandTest" time="0.002"/>
  <testcase name="[OpenAPI 3] {Delete All Servers} - Delete All Servers Document" classname="io.apicurio.datamodels.cmd.CommandTest" time="0.004"/>
  <testcase name="[OpenAPI 3] {Delete All Servers} - Delete All Servers Operation" classname="io.apicurio.datamodels.cmd.CommandTest" time="0.001"/>
  <testcase name="[OpenAPI 3] {Delete All Servers} - Delete All Servers Path Item" classname="io.apicurio.datamodels.cmd.CommandTest" time="0.002"/>
  <testcase name="[OpenAPI 2] {Delete All Tags} - Delete All Tags" classname="io.apicurio.datamodels.cmd.CommandTest" time="0.004"/>
  <testcase name="[OpenAPI 3] {Delete All Tags} - Delete All Tags" classname="io.apicurio.datamodels.cmd.CommandTest" time="0.001"/>
  <testcase name="[OpenAPI 3] {Delete All Child Schemas} - All Of" classname="io.apicurio.datamodels.cmd.CommandTest" time="0.005"/>
  <testcase name="[OpenAPI 2] {Delete Contact} - Delete Contact" classname="io.apicurio.datamodels.cmd.CommandTest" time="0.009"/>
  <testcase name="[OpenAPI 3] {Delete Contact} - Delete Contact NA" classname="io.apicurio.datamodels.cmd.CommandTest" time="0.001"/>
  <testcase name="[OpenAPI 3] {Delete Contact} - Delete Contact" classname="io.apicurio.datamodels.cmd.CommandTest" time="0.002"/>
  <testcase name="[OpenAPI 2] {Delete Example} - Delete Example" classname="io.apicurio.datamodels.cmd.CommandTest" time="0.005"/>
  <testcase name="[OpenAPI 3] {Delete Example} - Delete Example" classname="io.apicurio.datamodels.cmd.CommandTest" time="0.005"/>
  <testcase name="[OpenAPI 3] {Delete Parameter Example} - Delete Parameter Example" classname="io.apicurio.datamodels.cmd.CommandTest" time="0.004"/>
  <testcase name="[OpenAPI 2] {Delete Extension} - Delete Extension" classname="io.apicurio.datamodels.cmd.CommandTest" time="0.005"/>
  <testcase name="[OpenAPI 3] {Delete Extension} - Delete Extension" classname="io.apicurio.datamodels.cmd.CommandTest" time="0.002"/>
  <testcase name="[OpenAPI 2] {Delete License} - Delete License" classname="io.apicurio.datamodels.cmd.CommandTest" time="0.011"/>
  <testcase name="[OpenAPI 3] {Delete License} - Delete License" classname="io.apicurio.datamodels.cmd.CommandTest" time="0.002"/>
  <testcase name="[OpenAPI 3] {Delete Media Type} - Delete Media Type Request Body" classname="io.apicurio.datamodels.cmd.CommandTest" time="0.004"/>
  <testcase name="[OpenAPI 3] {Delete Media Type} - Delete Media Type Response" classname="io.apicurio.datamodels.cmd.CommandTest" time="0.002"/>
  <testcase name="[OpenAPI 2] {Delete Operation} - Delete Operation" classname="io.apicurio.datamodels.cmd.CommandTest" time="0.011"/>
  <testcase name="[OpenAPI 3] {Delete Operation} - Delete Operation" classname="io.apicurio.datamodels.cmd.CommandTest" time="0.002"/>
  <testcase name="[OpenAPI 2] {Delete Parameter} - Delete Parameter" classname="io.apicurio.datamodels.cmd.CommandTest" time="0.012"/>
  <testcase name="[OpenAPI 3] {Delete Parameter} - Delete Parameter" classname="io.apicurio.datamodels.cmd.CommandTest" time="0.002"/>
  <testcase name="[OpenAPI 2] {Delete Path} - Delete Path" classname="io.apicurio.datamodels.cmd.CommandTest" time="0.012"/>
  <testcase name="[OpenAPI 3] {Delete Path} - Delete Path" classname="io.apicurio.datamodels.cmd.CommandTest" time="0.006"/>
  <testcase name="[OpenAPI 2] {Delete Property} - Delete Property Required" classname="io.apicurio.datamodels.cmd.CommandTest" time="0.007"/>
  <testcase name="[OpenAPI 2] {Delete Property} - Delete Property" classname="io.apicurio.datamodels.cmd.CommandTest" time="0.009"/>
  <testcase name="[OpenAPI 3] {Delete Property} - Delete Property Required" classname="io.apicurio.datamodels.cmd.CommandTest" time="0.002"/>
  <testcase name="[OpenAPI 3] {Delete Property} - Delete Property" classname="io.apicurio.datamodels.cmd.CommandTest" time="0.001"/>
  <testcase name="[OpenAPI 3] {Delete Request Body} - Delete Request Body" classname="io.apicurio.datamodels.cmd.CommandTest" time="0.006"/>
  <testcase name="[OpenAPI 2] {Delete Response} - Delete Response" classname="io.apicurio.datamodels.cmd.CommandTest" time="0.012"/>
  <testcase name="[OpenAPI 3] {Delete Response} - Delete Response" classname="io.apicurio.datamodels.cmd.CommandTest" time="0.002"/>
  <testcase name="[OpenAPI 2] {Delete Schema Def} - Delete Schema Definition" classname="io.apicurio.datamodels.cmd.CommandTest" time="0.011"/>
  <testcase name="[OpenAPI 3] {Delete Schema Def} - Delete Schema Definition" classname="io.apicurio.datamodels.cmd.CommandTest" time="0.004"/>
  <testcase name="[OpenAPI 2] {Delete Response Def} - Delete Response Definition" classname="io.apicurio.datamodels.cmd.CommandTest" time="0.004"/>
  <testcase name="[OpenAPI 3] {Delete Response Def} - Delete Response Definition" classname="io.apicurio.datamodels.cmd.CommandTest" time="0.006"/>
  <testcase name="[OpenAPI 3] {Delete Security Req} - Delete Security Requirement Doc2" classname="io.apicurio.datamodels.cmd.CommandTest" time="0.005"/>
  <testcase name="[OpenAPI 3] {Delete Security Req} - Delete Security Requirement Op" classname="io.apicurio.datamodels.cmd.CommandTest" time="0.003"/>
  <testcase name="[OpenAPI 3] {Delete Security Req} - Delete Security Requirement" classname="io.apicurio.datamodels.cmd.CommandTest" time="0.002"/>
  <testcase name="[OpenAPI 2] {Delete Security Scheme} - Delete Security Scheme" classname="io.apicurio.datamodels.cmd.CommandTest" time="0.012"/>
  <testcase name="[OpenAPI 3] {Delete Security Scheme} - Delete Security Scheme" classname="io.apicurio.datamodels.cmd.CommandTest" time="0.004"/>
  <testcase name="[OpenAPI 3] {Delete Server} - Delete Server Document" classname="io.apicurio.datamodels.cmd.CommandTest" time="0.004"/>
  <testcase name="[OpenAPI 3] {Delete Server} - Delete Server Operation" classname="io.apicurio.datamodels.cmd.CommandTest" time="0.002"/>
  <testcase name="[OpenAPI 3] {Delete Server} - Delete Server Path ITem" classname="io.apicurio.datamodels.cmd.CommandTest" time="0.001"/>
  <testcase name="[OpenAPI 2] {Delete Tag} - Delete Tag" classname="io.apicurio.datamodels.cmd.CommandTest" time="0.009"/>
  <testcase name="[OpenAPI 3] {Delete Tag} - Delete Tag" classname="io.apicurio.datamodels.cmd.CommandTest" time="0.002"/>
  <testcase name="[OpenAPI 3] {Delete Child Schema} - Any Of" classname="io.apicurio.datamodels.cmd.CommandTest" time="0.006"/>
  <testcase name="[OpenAPI 3] {New Media Type} - New Media Type Parameter" classname="io.apicurio.datamodels.cmd.CommandTest" time="0.004"/>
  <testcase name="[OpenAPI 3] {New Media Type} - New Media Type Request Body" classname="io.apicurio.datamodels.cmd.CommandTest" time="0.001"/>
  <testcase name="[OpenAPI 3] {New Media Type} - New Media Type Response" classname="io.apicurio.datamodels.cmd.CommandTest" time="0.002"/>
  <testcase name="[OpenAPI 2] {New Operation} - New Operation" classname="io.apicurio.datamodels.cmd.CommandTest" time="0.003"/>
  <testcase name="[OpenAPI 3] {New Operation} - New Operation" classname="io.apicurio.datamodels.cmd.CommandTest" time="0.001"/>
  <testcase name="[OpenAPI 2] {New Param} - New Param Both" classname="io.apicurio.datamodels.cmd.CommandTest" time="0.005"/>
  <testcase name="[OpenAPI 2] {New Param} - New Param" classname="io.apicurio.datamodels.cmd.CommandTest" time="0.002"/>
  <testcase name="[OpenAPI 3] {New Param} - New Param Both" classname="io.apicurio.datamodels.cmd.CommandTest" time="0.002"/>
  <testcase name="[OpenAPI 3] {New Param} - New Param Description" classname="io.apicurio.datamodels.cmd.CommandTest" time="0.002"/>
  <testcase name="[OpenAPI 3] {New Param} - New Param Type" classname="io.apicurio.datamodels.cmd.CommandTest" time="0.002"/>
  <testcase name="[OpenAPI 3] {New Param} - New Param" classname="io.apicurio.datamodels.cmd.CommandTest" time="0.001"/>
  <testcase name="[OpenAPI 3] {New Param} - Override Param" classname="io.apicurio.datamodels.cmd.CommandTest" time="0.003"/>
  <testcase name="[OpenAPI 2] {New Path} - New Path" classname="io.apicurio.datamodels.cmd.CommandTest" time="0.004"/>
  <testcase name="[OpenAPI 3] {New Path} - New Path" classname="io.apicurio.datamodels.cmd.CommandTest" time="0.024"/>
  <testcase name="[OpenAPI 2] {New Request Body} - New Request Body" classname="io.apicurio.datamodels.cmd.CommandTest" time="0.005"/>
  <testcase name="[OpenAPI 3] {New Request Body} - New Request Body" classname="io.apicurio.datamodels.cmd.CommandTest" time="0.003"/>
  <testcase name="[OpenAPI 2] {New Response} - Clone Response" classname="io.apicurio.datamodels.cmd.CommandTest" time="0.004"/>
  <testcase name="[OpenAPI 2] {New Response} - New Response" classname="io.apicurio.datamodels.cmd.CommandTest" time="0.001"/>
  <testcase name="[OpenAPI 3] {New Response} - Clone Response" classname="io.apicurio.datamodels.cmd.CommandTest" time="0.001"/>
  <testcase name="[OpenAPI 3] {New Response} - New Response" classname="io.apicurio.datamodels.cmd.CommandTest" time="0.001"/>
  <testcase name="[OpenAPI 3] {New Response} - New Response Ref" classname="io.apicurio.datamodels.cmd.CommandTest" time="0.004"/>
  <testcase name="[OpenAPI 2] {New Schema Def} - New Schema Definition With Description" classname="io.apicurio.datamodels.cmd.CommandTest" time="0.004"/>
  <testcase name="[OpenAPI 2] {New Schema Def} - New Schema Definition With Example" classname="io.apicurio.datamodels.cmd.CommandTest" time="0.003"/>
  <testcase name="[OpenAPI 2] {New Schema Def} - New Schema Definition" classname="io.apicurio.datamodels.cmd.CommandTest" time="0.001"/>
  <testcase name="[OpenAPI 2] {New Response Def} - New Response Definition With Description" classname="io.apicurio.datamodels.cmd.CommandTest" time="0.003"/>
  <testcase name="[OpenAPI 2] {New Response Def} - New Response Definition" classname="io.apicurio.datamodels.cmd.CommandTest" time="0.001"/>
  <testcase name="[OpenAPI 3] {New Schema Def} - New Schema Definition With Description" classname="io.apicurio.datamodels.cmd.CommandTest" time="0.002"/>
  <testcase name="[OpenAPI 3] {New Schema Def} - New Schema Definition With Example" classname="io.apicurio.datamodels.cmd.CommandTest" time="0.002"/>
  <testcase name="[OpenAPI 3] {New Schema Def} - New Schema Definition" classname="io.apicurio.datamodels.cmd.CommandTest" time="0.001"/>
  <testcase name="[OpenAPI 3] {New Response Def} - New Response Definition With Description" classname="io.apicurio.datamodels.cmd.CommandTest" time="0.003"/>
  <testcase name="[OpenAPI 3] {New Response Def} - New Response Definition" classname="io.apicurio.datamodels.cmd.CommandTest" time="0"/>
  <testcase name="[OpenAPI 2] {New Schema Property} - New Schema Property Description" classname="io.apicurio.datamodels.cmd.CommandTest" time="0.004"/>
  <testcase name="[OpenAPI 2] {New Schema Property} - New Schema Property Type" classname="io.apicurio.datamodels.cmd.CommandTest" time="0.001"/>
  <testcase name="[OpenAPI 2] {New Schema Property} - New Schema Property" classname="io.apicurio.datamodels.cmd.CommandTest" time="0.001"/>
  <testcase name="[OpenAPI 3] {New Schema Property} - New Schema Property Both" classname="io.apicurio.datamodels.cmd.CommandTest" time="0.001"/>
  <testcase name="[OpenAPI 3] {New Schema Property} - New Schema Property" classname="io.apicurio.datamodels.cmd.CommandTest" time="0.001"/>
  <testcase name="[OpenAPI 2] {New Security Scheme} - New Security Scheme" classname="io.apicurio.datamodels.cmd.CommandTest" time="0.003"/>
  <testcase name="[OpenAPI 3] {New Security Scheme} - New Security Scheme" classname="io.apicurio.datamodels.cmd.CommandTest" time="0.002"/>
  <testcase name="[OpenAPI 3] {New Server} - New Server Document Exists" classname="io.apicurio.datamodels.cmd.CommandTest" time="0.003"/>
  <testcase name="[OpenAPI 3] {New Server} - New Server Document" classname="io.apicurio.datamodels.cmd.CommandTest" time="0.001"/>
  <testcase name="[OpenAPI 3] {New Server} - New Server Operation" classname="io.apicurio.datamodels.cmd.CommandTest" time="0.001"/>
  <testcase name="[OpenAPI 3] {New Server} - New Server Path Item" classname="io.apicurio.datamodels.cmd.CommandTest" time="0.001"/>
  <testcase name="[OpenAPI 2] {New Tag} - New Tag" classname="io.apicurio.datamodels.cmd.CommandTest" time="0.003"/>
  <testcase name="[OpenAPI 3] {New Tag} - New Tag" classname="io.apicurio.datamodels.cmd.CommandTest" time="0"/>
  <testcase name="[OpenAPI 2] {Rename Param} - Refactor Operation Parameter" classname="io.apicurio.datamodels.cmd.CommandTest" time="0.008"/>
  <testcase name="[OpenAPI 2] {Rename Param} - Refactor Path Parameter" classname="io.apicurio.datamodels.cmd.CommandTest" time="0.002"/>
  <testcase name="[OpenAPI 2] {Rename Param} - Rename Parameter" classname="io.apicurio.datamodels.cmd.CommandTest" time="0.001"/>
  <testcase name="[OpenAPI 3] {Rename Param} - Refactory Path Parameter" classname="io.apicurio.datamodels.cmd.CommandTest" time="0.002"/>
  <testcase name="[OpenAPI 3] {Rename Param} - Rename Parameter" classname="io.apicurio.datamodels.cmd.CommandTest" time="0.001"/>
  <testcase name="[OpenAPI 3] {Rename Param} - Rename Parameter With Privates" classname="io.apicurio.datamodels.cmd.CommandTest" time="0.001"/>
  <testcase name="[OpenAPI 2] {Rename Path Item} - Rename Path Item With Both" classname="io.apicurio.datamodels.cmd.CommandTest" time="0.007"/>
  <testcase name="[OpenAPI 2] {Rename Path Item} - Rename Path Item With Params" classname="io.apicurio.datamodels.cmd.CommandTest" time="0.002"/>
  <testcase name="[OpenAPI 2] {Rename Path Item} - Rename Path Item With Sub-Paths" classname="io.apicurio.datamodels.cmd.CommandTest" time="0.003"/>
  <testcase name="[OpenAPI 2] {Rename Path Item} - Rename Path Item" classname="io.apicurio.datamodels.cmd.CommandTest" time="0.002"/>
  <testcase name="[OpenAPI 3] {Rename Path Item} - Rename Path Item With Both" classname="io.apicurio.datamodels.cmd.CommandTest" time="0.004"/>
  <testcase name="[OpenAPI 3] {Rename Path Item} - Rename Path Item With Params" classname="io.apicurio.datamodels.cmd.CommandTest" time="0.002"/>
  <testcase name="[OpenAPI 3] {Rename Path Item} - Rename Path Item Remove Params" classname="io.apicurio.datamodels.cmd.CommandTest" time="0.002"/>
  <testcase name="[OpenAPI 3] {Rename Path Item} - Rename Path Item With Sub-Paths" classname="io.apicurio.datamodels.cmd.CommandTest" time="0.004"/>
  <testcase name="[OpenAPI 3] {Rename Path Item} - Rename Path Item" classname="io.apicurio.datamodels.cmd.CommandTest" time="0.004"/>
  <testcase name="[OpenAPI 2] {Rename Property} - Rename Property" classname="io.apicurio.datamodels.cmd.CommandTest" time="0.003"/>
  <testcase name="[OpenAPI 3] {Rename Property} - Rename Property" classname="io.apicurio.datamodels.cmd.CommandTest" time="0.002"/>
  <testcase name="[OpenAPI 2] {Rename Schema Definition} - Rename Schema Definition" classname="io.apicurio.datamodels.cmd.CommandTest" time="0.017"/>
  <testcase name="[OpenAPI 3] {Rename Schema Definition} - Rename Schema Definition" classname="io.apicurio.datamodels.cmd.CommandTest" time="0.005"/>
  <testcase name="[OpenAPI 2] {Rename Response Definition} - Rename Response Definition" classname="io.apicurio.datamodels.cmd.CommandTest" time="0.005"/>
  <testcase name="[OpenAPI 3] {Rename Response Definition} - Rename Response Definition" classname="io.apicurio.datamodels.cmd.CommandTest" time="0.004"/>
  <testcase name="[OpenAPI 2] {Rename Security Scheme} - Refactor Security Scheme" classname="io.apicurio.datamodels.cmd.CommandTest" time="0.015"/>
  <testcase name="[OpenAPI 2] {Rename Security Scheme} - Rename Security Scheme" classname="io.apicurio.datamodels.cmd.CommandTest" time="0.001"/>
  <testcase name="[OpenAPI 3] {Rename Security Scheme} - Rename Security Scheme" classname="io.apicurio.datamodels.cmd.CommandTest" time="0.001"/>
  <testcase name="[OpenAPI 2] {Rename Tag Definition} - Refactor Tag" classname="io.apicurio.datamodels.cmd.CommandTest" time="0"/>
  <testcase name="[OpenAPI 2] {Rename Tag Definition} - Rename Tag" classname="io.apicurio.datamodels.cmd.CommandTest" time="0.001"/>
  <testcase name="[OpenAPI 3] {Rename Tag Definition} - Refactor Tag" classname="io.apicurio.datamodels.cmd.CommandTest" time="0.001"/>
  <testcase name="[OpenAPI 3] {Rename Tag Definition} - Rename Tag" classname="io.apicurio.datamodels.cmd.CommandTest" time="0"/>
  <testcase name="[OpenAPI 3] {Replace Document} - Replace Document" classname="io.apicurio.datamodels.cmd.CommandTest" time="0.009"/>
  <testcase name="[OpenAPI 2] {Replace Operation} - Replace Operation" classname="io.apicurio.datamodels.cmd.CommandTest" time="0"/>
  <testcase name="[OpenAPI 3] {Replace Operation} - Replace Operation" classname="io.apicurio.datamodels.cmd.CommandTest" time="0.001"/>
  <testcase name="[OpenAPI 2] {Replace Path Item} - Replace Path Item" classname="io.apicurio.datamodels.cmd.CommandTest" time="0.003"/>
  <testcase name="[OpenAPI 3] {Replace Path Item} - Replace Path Item" classname="io.apicurio.datamodels.cmd.CommandTest" time="0.002"/>
  <testcase name="[OpenAPI 2] {Replace Schema Definition} - Replace Schema Definition" classname="io.apicurio.datamodels.cmd.CommandTest" time="0.003"/>
  <testcase name="[OpenAPI 3] {Replace Schema Definition} - Replace Schema Definition" classname="io.apicurio.datamodels.cmd.CommandTest" time="0.002"/>
  <testcase name="[OpenAPI 2] {Replace Response Definition} - Replace Response Definition" classname="io.apicurio.datamodels.cmd.CommandTest" time="0.002"/>
  <testcase name="[OpenAPI 3] {Replace Response Definition} - Replace Response Definition" classname="io.apicurio.datamodels.cmd.CommandTest" time="0.002"/>
  <testcase name="[OpenAPI 3] {Replace Security Requirement} - Replace Security Requirement" classname="io.apicurio.datamodels.cmd.CommandTest" time="0.003"/>
  <testcase name="[OpenAPI 2] {Set Example} - Replace Example" classname="io.apicurio.datamodels.cmd.CommandTest" time="0.003"/>
  <testcase name="[OpenAPI 2] {Set Example} - Set Example" classname="io.apicurio.datamodels.cmd.CommandTest" time="0.002"/>
  <testcase name="[OpenAPI 3] {Set Example} - Replace Example Request Body" classname="io.apicurio.datamodels.cmd.CommandTest" time="0.003"/>
  <testcase name="[OpenAPI 3] {Set Example} - Set Example Request Body" classname="io.apicurio.datamodels.cmd.CommandTest" time="0.002"/>
  <testcase name="[OpenAPI 3] {Set Example} - Set Example Response" classname="io.apicurio.datamodels.cmd.CommandTest" time="0.001"/>
  <testcase name="[OpenAPI 3] {Set Example} - Set Example Object" classname="io.apicurio.datamodels.cmd.CommandTest" time="0.001"/>
  <testcase name="[OpenAPI 2] {Set Extension} - Replace Extension" classname="io.apicurio.datamodels.cmd.CommandTest" time="0.004"/>
  <testcase name="[OpenAPI 2] {Set Extension} - Set Extension" classname="io.apicurio.datamodels.cmd.CommandTest" time="0.002"/>
  <testcase name="[OpenAPI 3] {Set Extension} - Replace Extension" classname="io.apicurio.datamodels.cmd.CommandTest" time="0.001"/>
  <testcase name="[OpenAPI 3] {Set Extension} - Set Extension" classname="io.apicurio.datamodels.cmd.CommandTest" time="0.001"/>
  <testcase name="[AsyncAPI 2] {Replace Document} - Replace Document" classname="io.apicurio.datamodels.cmd.CommandTest" time="0.002"/>
</testsuite>