<?xml version="1.0" encoding="UTF-8"?>
<testsuite xmlns:xsi="http://www.w3.org/2001/XMLSchema-instance" xsi:schemaLocation="https://maven.apache.org/surefire/maven-surefire-plugin/xsd/surefire-test-report.xsd" name="io.swagger.swaggerhub.plugin.SwaggerHubUploadTest" time="5.771" tests="23" errors="0" skipped="0" failures="0">
  <properties>
    <property name="java.runtime.name" value="OpenJDK Runtime Environment"/>
    <property name="sun.boot.library.path" value="/usr/local/openjdk-8/jre/lib/amd64"/>
    <property name="java.vm.version" value="25.262-b10"/>
    <property name="animal.sniffer.skip" value="true"/>
    <property name="java.vm.vendor" value="Oracle Corporation"/>
    <property name="maven.multiModuleProjectDirectory" value="/tmp/tmpcf6fb3ya/swaggerhub-maven-plugin"/>
    <property name="maven.javadoc.skip" value="true"/>
    <property name="java.vendor.url" value="http://java.oracle.com/"/>
    <property name="path.separator" value=":"/>
    <property name="guice.disable.misplaced.annotation.check" value="true"/>
    <property name="java.vm.name" value="OpenJDK 64-Bit Server VM"/>
    <property name="file.encoding.pkg" value="sun.io"/>
    <property name="sun.java.launcher" value="SUN_STANDARD"/>
    <property name="sun.os.patch.level" value="unknown"/>
    <property name="source.skip" value="true"/>
    <property name="java.vm.specification.name" value="Java Virtual Machine Specification"/>
    <property name="user.dir" value="/tmp/tmpcf6fb3ya/swaggerhub-maven-plugin"/>
    <property name="java.runtime.version" value="1.8.0_262-b10"/>
    <property name="java.awt.graphicsenv" value="sun.awt.X11GraphicsEnvironment"/>
    <property name="java.endorsed.dirs" value="/usr/local/openjdk-8/jre/lib/endorsed"/>
    <property name="os.arch" value="amd64"/>
    <property name="java.io.tmpdir" value="/tmp"/>
    <property name="line.separator" value="&#10;"/>
    <property name="java.vm.specification.vendor" value="Oracle Corporation"/>
    <property name="os.name" value="Linux"/>
    <property name="classworlds.conf" value="/usr/share/maven/bin/m2.conf"/>
    <property name="sun.jnu.encoding" value="UTF-8"/>
    <property name="java.library.path" value="/usr/java/packages/lib/amd64:/usr/lib64:/lib64:/lib:/usr/lib"/>
    <property name="license.skip" value="true"/>
    <property name="maven.conf" value="/usr/share/maven/conf"/>
    <property name="java.specification.name" value="Java Platform API Specification"/>
    <property name="java.class.version" value="52.0"/>
    <property name="sun.management.compiler" value="HotSpot 64-Bit Tiered Compilers"/>
    <property name="maven.test.failure.ignore" value="true"/>
    <property name="os.version" value="4.15.0-109-generic"/>
    <property name="library.jansi.path" value="/usr/share/maven/lib/jansi-native"/>
    <property name="user.home" value="/home/jdbl"/>
    <property name="user.timezone" value="Etc/UTC"/>
    <property name="java.awt.printerjob" value="sun.print.PSPrinterJob"/>
    <property name="java.specification.version" value="1.8"/>
    <property name="file.encoding" value="UTF-8"/>
    <property name="user.name" value="jdbl"/>
    <property name="java.class.path" value="/usr/share/maven/boot/plexus-classworlds-2.6.0.jar"/>
    <property name="java.vm.specification.version" value="1.8"/>
    <property name="sun.arch.data.model" value="64"/>
    <property name="java.home" value="/usr/local/openjdk-8/jre"/>
    <property name="sun.java.command" value="org.codehaus.plexus.classworlds.launcher.Launcher test -e --fail-never -ntp -Dmaven.test.failure.ignore=true -B -Dmaven.javadoc.skip=true -Drat.skip=true -Danimal.sniffer.skip=true -Dmaven.javadoc.skip=true -Dlicense.skip=true -Dsource.skip=true"/>
    <property name="java.specification.vendor" value="Oracle Corporation"/>
    <property name="user.language" value="en"/>
    <property name="awt.toolkit" value="sun.awt.X11.XToolkit"/>
    <property name="java.vm.info" value="mixed mode"/>
    <property name="java.version" value="1.8.0_262"/>
    <property name="java.ext.dirs" value="/usr/local/openjdk-8/jre/lib/ext:/usr/java/packages/lib/ext"/>
    <property name="securerandom.source" value="file:/dev/./urandom"/>
    <property name="sun.boot.class.path" value="/usr/local/openjdk-8/jre/lib/resources.jar:/usr/local/openjdk-8/jre/lib/rt.jar:/usr/local/openjdk-8/jre/lib/sunrsasign.jar:/usr/local/openjdk-8/jre/lib/jsse.jar:/usr/local/openjdk-8/jre/lib/jce.jar:/usr/local/openjdk-8/jre/lib/charsets.jar:/usr/local/openjdk-8/jre/lib/jfr.jar:/usr/local/openjdk-8/jre/classes"/>
    <property name="java.vendor" value="Oracle Corporation"/>
    <property name="rat.skip" value="true"/>
    <property name="maven.home" value="/usr/share/maven"/>
    <property name="file.separator" value="/"/>
    <property name="java.vendor.url.bug" value="http://bugreport.sun.com/bugreport/"/>
    <property name="sun.cpu.endian" value="little"/>
    <property name="sun.io.unicode.encoding" value="UnicodeLittle"/>
    <property name="sun.font.fontmanager" value="sun.awt.X11FontManager"/>
    <property name="sun.cpu.isalist" value=""/>
  </properties>
  <testcase name="testBuildFails_whenSaveDefinitionFails_andFailuresArentSkipped" classname="io.swagger.swaggerhub.plugin.SwaggerHubUploadTest" time="0.211"/>
  <testcase name="testBuildFailsWhenDefinitionDirectoryUploadParametersArentSet" classname="io.swagger.swaggerhub.plugin.SwaggerHubUploadTest" time="0.156"/>
  <testcase name="testMultiDefinitionsAreUploaded_andSCMSaveRequestMadeWithUrlAndProjectCollection" classname="io.swagger.swaggerhub.plugin.SwaggerHubUploadTest" time="0.449"/>
  <testcase name="testUploadOAS3Yaml" classname="io.swagger.swaggerhub.plugin.SwaggerHubUploadTest" time="0.268"/>
  <testcase name="testUploadPrivate" classname="io.swagger.swaggerhub.plugin.SwaggerHubUploadTest" time="0.278"/>
  <testcase name="testUploadFails_whenUploadTypeIsUnknown" classname="io.swagger.swaggerhub.plugin.SwaggerHubUploadTest" time="0.184"/>
  <testcase name="testMultiDefinitionsAreUploaded_andSCMSaveRequestMadeWithTokenMade" classname="io.swagger.swaggerhub.plugin.SwaggerHubUploadTest" time="0.425"/>
  <testcase name="testMultiDefinitionsAreUploaded_WhenSpecifyingDirectoryAndRegexPattern" classname="io.swagger.swaggerhub.plugin.SwaggerHubUploadTest" time="0.244"/>
  <testcase name="testInputFileIsUploaded_andSCMSaveRequestMadeWithAccountPATAndProject" classname="io.swagger.swaggerhub.plugin.SwaggerHubUploadTest" time="0.303"/>
  <testcase name="testUploadYaml" classname="io.swagger.swaggerhub.plugin.SwaggerHubUploadTest" time="0.234"/>
  <testcase name="testUploadAPIDefintionType" classname="io.swagger.swaggerhub.plugin.SwaggerHubUploadTest" time="0.237"/>
  <testcase name="testBuildFailsWhenInputFileUploadParametersArentSet" classname="io.swagger.swaggerhub.plugin.SwaggerHubUploadTest" time="0.189"/>
  <testcase name="testInputFileIsUploaded_andSCMSaveRequestMadeWithUrlAndProjectCollection" classname="io.swagger.swaggerhub.plugin.SwaggerHubUploadTest" time="0.228"/>
  <testcase name="testMultiDefinitionsAreUploadedWithCorrectPath_WhenUsingWindowsSupportedFilePath" classname="io.swagger.swaggerhub.plugin.SwaggerHubUploadTest" time="0.492"/>
  <testcase name="testInputFileIsUploaded_andSCMSaveRequestMadeWithUsernamePassword" classname="io.swagger.swaggerhub.plugin.SwaggerHubUploadTest" time="0.234"/>
  <testcase name="testUploadDomainDefintionType" classname="io.swagger.swaggerhub.plugin.SwaggerHubUploadTest" time="0.191"/>
  <testcase name="testMultiDefinitionsAreUploaded_andSCMSaveRequestMadeWithHost" classname="io.swagger.swaggerhub.plugin.SwaggerHubUploadTest" time="0.252"/>
  <testcase name="testMultiDefinitionsAreUploaded_WhenSpecifyingDirectory" classname="io.swagger.swaggerhub.plugin.SwaggerHubUploadTest" time="0.14"/>
  <testcase name="testInputFileIsUploaded_andSCMSaveRequestMadeWithToken" classname="io.swagger.swaggerhub.plugin.SwaggerHubUploadTest" time="0.152"/>
  <testcase name="testMultiDefinitionsAreUploaded_andSCMSaveRequestMadeWithAccountPATAndProject" classname="io.swagger.swaggerhub.plugin.SwaggerHubUploadTest" time="0.248"/>
  <testcase name="testMultiSaveDefinitionRequestMade_despiteSaveFailures" classname="io.swagger.swaggerhub.plugin.SwaggerHubUploadTest" time="0.223"/>
  <testcase name="testUpload" classname="io.swagger.swaggerhub.plugin.SwaggerHubUploadTest" time="0.145"/>
  <testcase name="testMultiDefinitionsAreUploaded_andSCMSaveRequestMadeWithUsernamePassword" classname="io.swagger.swaggerhub.plugin.SwaggerHubUploadTest" time="0.286"/>
</testsuite>