<?xml version="1.0" encoding="UTF-8"?>
<testsuite xmlns:xsi="http://www.w3.org/2001/XMLSchema-instance" xsi:schemaLocation="https://maven.apache.org/surefire/maven-surefire-plugin/xsd/surefire-test-report.xsd" name="com.googlecode.cqengine.index.support.UnmodifiableNavigableSetTest" time="1.377" tests="1351" errors="0" skipped="0" failures="0">
  <properties>
    <property name="java.runtime.name" value="OpenJDK Runtime Environment"/>
    <property name="sun.boot.library.path" value="/usr/local/openjdk-8/jre/lib/amd64"/>
    <property name="java.vm.version" value="25.262-b10"/>
    <property name="animal.sniffer.skip" value="true"/>
    <property name="java.vm.vendor" value="Oracle Corporation"/>
    <property name="maven.multiModuleProjectDirectory" value="/tmp/tmp787qfcbj/cqengine/code"/>
    <property name="maven.javadoc.skip" value="true"/>
    <property name="java.vendor.url" value="http://java.oracle.com/"/>
    <property name="path.separator" value=":"/>
    <property name="guice.disable.misplaced.annotation.check" value="true"/>
    <property name="java.vm.name" value="OpenJDK 64-Bit Server VM"/>
    <property name="file.encoding.pkg" value="sun.io"/>
    <property name="sun.java.launcher" value="SUN_STANDARD"/>
    <property name="sun.os.patch.level" value="unknown"/>
    <property name="source.skip" value="true"/>
    <property name="java.vm.specification.name" value="Java Virtual Machine Specification"/>
    <property name="user.dir" value="/tmp/tmp787qfcbj/cqengine/code"/>
    <property name="java.runtime.version" value="1.8.0_262-b10"/>
    <property name="java.awt.graphicsenv" value="sun.awt.X11GraphicsEnvironment"/>
    <property name="java.endorsed.dirs" value="/usr/local/openjdk-8/jre/lib/endorsed"/>
    <property name="os.arch" value="amd64"/>
    <property name="java.io.tmpdir" value="/tmp"/>
    <property name="line.separator" value="&#10;"/>
    <property name="java.vm.specification.vendor" value="Oracle Corporation"/>
    <property name="os.name" value="Linux"/>
    <property name="classworlds.conf" value="/usr/share/maven/bin/m2.conf"/>
    <property name="sun.jnu.encoding" value="UTF-8"/>
    <property name="java.library.path" value="/usr/java/packages/lib/amd64:/usr/lib64:/lib64:/lib:/usr/lib"/>
    <property name="license.skip" value="true"/>
    <property name="maven.conf" value="/usr/share/maven/conf"/>
    <property name="java.specification.name" value="Java Platform API Specification"/>
    <property name="java.class.version" value="52.0"/>
    <property name="sun.management.compiler" value="HotSpot 64-Bit Tiered Compilers"/>
    <property name="maven.test.failure.ignore" value="true"/>
    <property name="os.version" value="4.15.0-109-generic"/>
    <property name="library.jansi.path" value="/usr/share/maven/lib/jansi-native"/>
    <property name="user.home" value="/home/jdbl"/>
    <property name="user.timezone" value="Etc/UTC"/>
    <property name="java.awt.printerjob" value="sun.print.PSPrinterJob"/>
    <property name="java.specification.version" value="1.8"/>
    <property name="file.encoding" value="UTF-8"/>
    <property name="user.name" value="jdbl"/>
    <property name="java.class.path" value="/usr/share/maven/boot/plexus-classworlds-2.6.0.jar"/>
    <property name="java.vm.specification.version" value="1.8"/>
    <property name="sun.arch.data.model" value="64"/>
    <property name="java.home" value="/usr/local/openjdk-8/jre"/>
    <property name="sun.java.command" value="org.codehaus.plexus.classworlds.launcher.Launcher test -e --fail-never -ntp -Dmaven.test.failure.ignore=true -B -Dmaven.javadoc.skip=true -Drat.skip=true -Danimal.sniffer.skip=true -Dmaven.javadoc.skip=true -Dlicense.skip=true -Dsource.skip=true"/>
    <property name="java.specification.vendor" value="Oracle Corporation"/>
    <property name="user.language" value="en"/>
    <property name="awt.toolkit" value="sun.awt.X11.XToolkit"/>
    <property name="java.vm.info" value="mixed mode"/>
    <property name="java.version" value="1.8.0_262"/>
    <property name="java.ext.dirs" value="/usr/local/openjdk-8/jre/lib/ext:/usr/java/packages/lib/ext"/>
    <property name="securerandom.source" value="file:/dev/./urandom"/>
    <property name="sun.boot.class.path" value="/usr/local/openjdk-8/jre/lib/resources.jar:/usr/local/openjdk-8/jre/lib/rt.jar:/usr/local/openjdk-8/jre/lib/sunrsasign.jar:/usr/local/openjdk-8/jre/lib/jsse.jar:/usr/local/openjdk-8/jre/lib/jce.jar:/usr/local/openjdk-8/jre/lib/charsets.jar:/usr/local/openjdk-8/jre/lib/jfr.jar:/usr/local/openjdk-8/jre/classes"/>
    <property name="java.vendor" value="Oracle Corporation"/>
    <property name="rat.skip" value="true"/>
    <property name="maven.home" value="/usr/share/maven"/>
    <property name="file.separator" value="/"/>
    <property name="java.vendor.url.bug" value="http://bugreport.sun.com/bugreport/"/>
    <property name="sun.cpu.endian" value="little"/>
    <property name="sun.io.unicode.encoding" value="UnicodeLittle"/>
    <property name="sun.cpu.isalist" value=""/>
  </properties>
  <testcase name="testAddAll_unsupportedSomePresent[UnmodifiableNavigableSetAPICompliance [collection size: several]]" classname="com.google.common.collect.testing.testers.CollectionAddAllTester" time="0.116"/>
  <testcase name="testAddAll_unsupportedNothing[UnmodifiableNavigableSetAPICompliance [collection size: several]]" classname="com.google.common.collect.testing.testers.CollectionAddAllTester" time="0"/>
  <testcase name="testAddAll_unsupportedNonePresent[UnmodifiableNavigableSetAPICompliance [collection size: several]]" classname="com.google.common.collect.testing.testers.CollectionAddAllTester" time="0.011"/>
  <testcase name="testAddAll_unsupportedAllPresent[UnmodifiableNavigableSetAPICompliance [collection size: several]]" classname="com.google.common.collect.testing.testers.CollectionAddAllTester" time="0"/>
  <testcase name="testAdd_unsupportedNotPresent[UnmodifiableNavigableSetAPICompliance [collection size: several]]" classname="com.google.common.collect.testing.testers.CollectionAddTester" time="0"/>
  <testcase name="testAdd_unsupportedPresent[UnmodifiableNavigableSetAPICompliance [collection size: several]]" classname="com.google.common.collect.testing.testers.CollectionAddTester" time="0"/>
  <testcase name="testClear_unsupported[UnmodifiableNavigableSetAPICompliance [collection size: several]]" classname="com.google.common.collect.testing.testers.CollectionClearTester" time="0"/>
  <testcase name="testContainsAll_subset[UnmodifiableNavigableSetAPICompliance [collection size: several]]" classname="com.google.common.collect.testing.testers.CollectionContainsAllTester" time="0.002"/>
  <testcase name="testContainsAll_disjoint[UnmodifiableNavigableSetAPICompliance [collection size: several]]" classname="com.google.common.collect.testing.testers.CollectionContainsAllTester" time="0"/>
  <testcase name="testContainsAll_nullNotAllowed[UnmodifiableNavigableSetAPICompliance [collection size: several]]" classname="com.google.common.collect.testing.testers.CollectionContainsAllTester" time="0"/>
  <testcase name="testContainsAll_self[UnmodifiableNavigableSetAPICompliance [collection size: several]]" classname="com.google.common.collect.testing.testers.CollectionContainsAllTester" time="0"/>
  <testcase name="testContainsAll_wrongType[UnmodifiableNavigableSetAPICompliance [collection size: several]]" classname="com.google.common.collect.testing.testers.CollectionContainsAllTester" time="0"/>
  <testcase name="testContainsAll_empty[UnmodifiableNavigableSetAPICompliance [collection size: several]]" classname="com.google.common.collect.testing.testers.CollectionContainsAllTester" time="0"/>
  <testcase name="testContainsAll_sameElements[UnmodifiableNavigableSetAPICompliance [collection size: several]]" classname="com.google.common.collect.testing.testers.CollectionContainsAllTester" time="0"/>
  <testcase name="testContainsAll_partialOverlap[UnmodifiableNavigableSetAPICompliance [collection size: several]]" classname="com.google.common.collect.testing.testers.CollectionContainsAllTester" time="0"/>
  <testcase name="testContains_yes[UnmodifiableNavigableSetAPICompliance [collection size: several]]" classname="com.google.common.collect.testing.testers.CollectionContainsTester" time="0"/>
  <testcase name="testContains_no[UnmodifiableNavigableSetAPICompliance [collection size: several]]" classname="com.google.common.collect.testing.testers.CollectionContainsTester" time="0"/>
  <testcase name="testContains_nullNotContainedAndUnsupported[UnmodifiableNavigableSetAPICompliance [collection size: several]]" classname="com.google.common.collect.testing.testers.CollectionContainsTester" time="0"/>
  <testcase name="testContains_wrongType[UnmodifiableNavigableSetAPICompliance [collection size: several]]" classname="com.google.common.collect.testing.testers.CollectionContainsTester" time="0"/>
  <testcase name="testCreateWithNull_unsupported[UnmodifiableNavigableSetAPICompliance [collection size: several]]" classname="com.google.common.collect.testing.testers.CollectionCreationTester" time="0"/>
  <testcase name="testEquals_null[UnmodifiableNavigableSetAPICompliance [collection size: several]]" classname="com.google.common.collect.testing.testers.CollectionEqualsTester" time="0"/>
  <testcase name="testEquals_self[UnmodifiableNavigableSetAPICompliance [collection size: several]]" classname="com.google.common.collect.testing.testers.CollectionEqualsTester" time="0.001"/>
  <testcase name="testEquals_notACollection[UnmodifiableNavigableSetAPICompliance [collection size: several]]" classname="com.google.common.collect.testing.testers.CollectionEqualsTester" time="0"/>
  <testcase name="testForEachKnownOrder[UnmodifiableNavigableSetAPICompliance [collection size: several]]" classname="com.google.common.collect.testing.testers.CollectionForEachTester" time="0.005"/>
  <testcase name="testIsEmpty_no[UnmodifiableNavigableSetAPICompliance [collection size: several]]" classname="com.google.common.collect.testing.testers.CollectionIsEmptyTester" time="0"/>
  <testcase name="testIteratorNoSuchElementException[UnmodifiableNavigableSetAPICompliance [collection size: several]]" classname="com.google.common.collect.testing.testers.CollectionIteratorTester" time="0"/>
  <testcase name="testIterationOrdering[UnmodifiableNavigableSetAPICompliance [collection size: several]]" classname="com.google.common.collect.testing.testers.CollectionIteratorTester" time="0"/>
  <testcase name="testIterator_knownOrderRemoveUnsupported[UnmodifiableNavigableSetAPICompliance [collection size: several]]" classname="com.google.common.collect.testing.testers.CollectionIteratorTester" time="0.066"/>
  <testcase name="testIterator[UnmodifiableNavigableSetAPICompliance [collection size: several]]" classname="com.google.common.collect.testing.testers.CollectionIteratorTester" time="0"/>
  <testcase name="testRemoveAll_unsupportedPresent[UnmodifiableNavigableSetAPICompliance [collection size: several]]" classname="com.google.common.collect.testing.testers.CollectionRemoveAllTester" time="0"/>
  <testcase name="testRemoveAll_unsupportedEmptyCollection[UnmodifiableNavigableSetAPICompliance [collection size: several]]" classname="com.google.common.collect.testing.testers.CollectionRemoveAllTester" time="0"/>
  <testcase name="testRemoveAll_unsupportedNonePresent[UnmodifiableNavigableSetAPICompliance [collection size: several]]" classname="com.google.common.collect.testing.testers.CollectionRemoveAllTester" time="0"/>
  <testcase name="testRemoveIf_alwaysTrueUnsupported[UnmodifiableNavigableSetAPICompliance [collection size: several]]" classname="com.google.common.collect.testing.testers.CollectionRemoveIfTester" time="0.001"/>
  <testcase name="testRemove_unsupportedNotPresent[UnmodifiableNavigableSetAPICompliance [collection size: several]]" classname="com.google.common.collect.testing.testers.CollectionRemoveTester" time="0"/>
  <testcase name="testRemove_unsupported[UnmodifiableNavigableSetAPICompliance [collection size: several]]" classname="com.google.common.collect.testing.testers.CollectionRemoveTester" time="0.004"/>
  <testcase name="testIteratorRemove_unsupported[UnmodifiableNavigableSetAPICompliance [collection size: several]]" classname="com.google.common.collect.testing.testers.CollectionRemoveTester" time="0"/>
  <testcase name="testRetainAll_disjointPreviouslyNonEmptyUnsupported[UnmodifiableNavigableSetAPICompliance [collection size: several]]" classname="com.google.common.collect.testing.testers.CollectionRetainAllTester" time="0"/>
  <testcase name="testRetainAll_emptyPreviouslyNonEmptyUnsupported[UnmodifiableNavigableSetAPICompliance [collection size: several]]" classname="com.google.common.collect.testing.testers.CollectionRetainAllTester" time="0"/>
  <testcase name="testRetainAll_supersetUnsupported[UnmodifiableNavigableSetAPICompliance [collection size: several]]" classname="com.google.common.collect.testing.testers.CollectionRetainAllTester" time="0"/>
  <testcase name="testRetainAll_partialOverlapUnsupported[UnmodifiableNavigableSetAPICompliance [collection size: several]]" classname="com.google.common.collect.testing.testers.CollectionRetainAllTester" time="0"/>
  <testcase name="testRetainAll_subsetUnsupported[UnmodifiableNavigableSetAPICompliance [collection size: several]]" classname="com.google.common.collect.testing.testers.CollectionRetainAllTester" time="0"/>
  <testcase name="testRetainAll_sameElementsUnsupported[UnmodifiableNavigableSetAPICompliance [collection size: several]]" classname="com.google.common.collect.testing.testers.CollectionRetainAllTester" time="0"/>
  <testcase name="testSize[UnmodifiableNavigableSetAPICompliance [collection size: several]]" classname="com.google.common.collect.testing.testers.CollectionSizeTester" time="0"/>
  <testcase name="testSpliteratorKnownOrder[UnmodifiableNavigableSetAPICompliance [collection size: several]]" classname="com.google.common.collect.testing.testers.CollectionSpliteratorTester" time="0.007"/>
  <testcase name="testStreamToArrayKnownOrder[UnmodifiableNavigableSetAPICompliance [collection size: several]]" classname="com.google.common.collect.testing.testers.CollectionStreamTester" time="0.004"/>
  <testcase name="testStreamCount[UnmodifiableNavigableSetAPICompliance [collection size: several]]" classname="com.google.common.collect.testing.testers.CollectionStreamTester" time="0.003"/>
  <testcase name="testToArray_emptyArray[UnmodifiableNavigableSetAPICompliance [collection size: several]]" classname="com.google.common.collect.testing.testers.CollectionToArrayTester" time="0"/>
  <testcase name="testToArray_oversizedArray[UnmodifiableNavigableSetAPICompliance [collection size: several]]" classname="com.google.common.collect.testing.testers.CollectionToArrayTester" time="0.001"/>
  <testcase name="testToArray_rightSizedArray_ordered[UnmodifiableNavigableSetAPICompliance [collection size: several]]" classname="com.google.common.collect.testing.testers.CollectionToArrayTester" time="0"/>
  <testcase name="testToArray_emptyArrayOfObject[UnmodifiableNavigableSetAPICompliance [collection size: several]]" classname="com.google.common.collect.testing.testers.CollectionToArrayTester" time="0"/>
  <testcase name="testToArray_rightSizedArrayOfObject_ordered[UnmodifiableNavigableSetAPICompliance [collection size: several]]" classname="com.google.common.collect.testing.testers.CollectionToArrayTester" time="0"/>
  <testcase name="testToArray_emptyArrayOfWrongTypeForNonEmptyCollection[UnmodifiableNavigableSetAPICompliance [collection size: several]]" classname="com.google.common.collect.testing.testers.CollectionToArrayTester" time="0"/>
  <testcase name="testToArray_noArgs[UnmodifiableNavigableSetAPICompliance [collection size: several]]" classname="com.google.common.collect.testing.testers.CollectionToArrayTester" time="0"/>
  <testcase name="testToArray_oversizedArray_ordered[UnmodifiableNavigableSetAPICompliance [collection size: several]]" classname="com.google.common.collect.testing.testers.CollectionToArrayTester" time="0"/>
  <testcase name="testToArray_isPlainObjectArray[UnmodifiableNavigableSetAPICompliance [collection size: several]]" classname="com.google.common.collect.testing.testers.CollectionToArrayTester" time="0.001"/>
  <testcase name="testToArray_rightSizedArrayOfObject[UnmodifiableNavigableSetAPICompliance [collection size: several]]" classname="com.google.common.collect.testing.testers.CollectionToArrayTester" time="0"/>
  <testcase name="testToArray_emptyArray_ordered[UnmodifiableNavigableSetAPICompliance [collection size: several]]" classname="com.google.common.collect.testing.testers.CollectionToArrayTester" time="0.001"/>
  <testcase name="testToArray_rightSizedArray[UnmodifiableNavigableSetAPICompliance [collection size: several]]" classname="com.google.common.collect.testing.testers.CollectionToArrayTester" time="0.001"/>
  <testcase name="testToString_sizeSeveral[UnmodifiableNavigableSetAPICompliance [collection size: several]]" classname="com.google.common.collect.testing.testers.CollectionToStringTester" time="0"/>
  <testcase name="testToString_minimal[UnmodifiableNavigableSetAPICompliance [collection size: several]]" classname="com.google.common.collect.testing.testers.CollectionToStringTester" time="0"/>
  <testcase name="testCreateWithDuplicates_nonNullDuplicatesNotRejected[UnmodifiableNavigableSetAPICompliance [collection size: several]]" classname="com.google.common.collect.testing.testers.SetCreationTester" time="0.001"/>
  <testcase name="testHashCode[UnmodifiableNavigableSetAPICompliance [collection size: several]]" classname="com.google.common.collect.testing.testers.SetHashCodeTester" time="0"/>
  <testcase name="testEquals_list[UnmodifiableNavigableSetAPICompliance [collection size: several]]" classname="com.google.common.collect.testing.testers.SetEqualsTester" time="0"/>
  <testcase name="testEquals_otherSetWithSameElements[UnmodifiableNavigableSetAPICompliance [collection size: several]]" classname="com.google.common.collect.testing.testers.SetEqualsTester" time="0.022"/>
  <testcase name="testEquals_largerSet[UnmodifiableNavigableSetAPICompliance [collection size: several]]" classname="com.google.common.collect.testing.testers.SetEqualsTester" time="0.001"/>
  <testcase name="testEquals_otherContainsNull[UnmodifiableNavigableSetAPICompliance [collection size: several]]" classname="com.google.common.collect.testing.testers.SetEqualsTester" time="0"/>
  <testcase name="testEquals_smallerSet[UnmodifiableNavigableSetAPICompliance [collection size: several]]" classname="com.google.common.collect.testing.testers.SetEqualsTester" time="0"/>
  <testcase name="testEquals_otherSetWithDifferentElements[UnmodifiableNavigableSetAPICompliance [collection size: several]]" classname="com.google.common.collect.testing.testers.SetEqualsTester" time="0"/>
  <testcase name="testFirst[UnmodifiableNavigableSetAPICompliance [collection size: several]]" classname="com.google.common.collect.testing.testers.SortedSetNavigationTester" time="0"/>
  <testcase name="testLast[UnmodifiableNavigableSetAPICompliance [collection size: several]]" classname="com.google.common.collect.testing.testers.SortedSetNavigationTester" time="0"/>
  <testcase name="testDescendingNavigation[UnmodifiableNavigableSetAPICompliance [collection size: several]]" classname="com.google.common.collect.testing.testers.NavigableSetNavigationTester" time="0.051"/>
  <testcase name="testFloor[UnmodifiableNavigableSetAPICompliance [collection size: several]]" classname="com.google.common.collect.testing.testers.NavigableSetNavigationTester" time="0"/>
  <testcase name="testLower[UnmodifiableNavigableSetAPICompliance [collection size: several]]" classname="com.google.common.collect.testing.testers.NavigableSetNavigationTester" time="0"/>
  <testcase name="testFloorHole[UnmodifiableNavigableSetAPICompliance [collection size: several]]" classname="com.google.common.collect.testing.testers.NavigableSetNavigationTester" time="0"/>
  <testcase name="testHigherHole[UnmodifiableNavigableSetAPICompliance [collection size: several]]" classname="com.google.common.collect.testing.testers.NavigableSetNavigationTester" time="0"/>
  <testcase name="testCeilingHole[UnmodifiableNavigableSetAPICompliance [collection size: several]]" classname="com.google.common.collect.testing.testers.NavigableSetNavigationTester" time="0"/>
  <testcase name="testLowerHole[UnmodifiableNavigableSetAPICompliance [collection size: several]]" classname="com.google.common.collect.testing.testers.NavigableSetNavigationTester" time="0"/>
  <testcase name="testCeiling[UnmodifiableNavigableSetAPICompliance [collection size: several]]" classname="com.google.common.collect.testing.testers.NavigableSetNavigationTester" time="0"/>
  <testcase name="testEmptySubSet[UnmodifiableNavigableSetAPICompliance [collection size: several]]" classname="com.google.common.collect.testing.testers.NavigableSetNavigationTester" time="0"/>
  <testcase name="testPollFirstUnsupported[UnmodifiableNavigableSetAPICompliance [collection size: several]]" classname="com.google.common.collect.testing.testers.NavigableSetNavigationTester" time="0"/>
  <testcase name="testPollLastUnsupported[UnmodifiableNavigableSetAPICompliance [collection size: several]]" classname="com.google.common.collect.testing.testers.NavigableSetNavigationTester" time="0"/>
  <testcase name="testHigher[UnmodifiableNavigableSetAPICompliance [collection size: several]]" classname="com.google.common.collect.testing.testers.NavigableSetNavigationTester" time="0"/>
  <testcase name="testAddAll_unsupportedSomePresent[UnmodifiableNavigableSetAPICompliance [collection size: several] subSet NO_BOUND-EXCLUSIVE [collection size: several]]" classname="com.google.common.collect.testing.testers.CollectionAddAllTester" time="0"/>
  <testcase name="testAddAll_unsupportedNothing[UnmodifiableNavigableSetAPICompliance [collection size: several] subSet NO_BOUND-EXCLUSIVE [collection size: several]]" classname="com.google.common.collect.testing.testers.CollectionAddAllTester" time="0"/>
  <testcase name="testAddAll_unsupportedNonePresent[UnmodifiableNavigableSetAPICompliance [collection size: several] subSet NO_BOUND-EXCLUSIVE [collection size: several]]" classname="com.google.common.collect.testing.testers.CollectionAddAllTester" time="0"/>
  <testcase name="testAddAll_unsupportedAllPresent[UnmodifiableNavigableSetAPICompliance [collection size: several] subSet NO_BOUND-EXCLUSIVE [collection size: several]]" classname="com.google.common.collect.testing.testers.CollectionAddAllTester" time="0"/>
  <testcase name="testAdd_unsupportedNotPresent[UnmodifiableNavigableSetAPICompliance [collection size: several] subSet NO_BOUND-EXCLUSIVE [collection size: several]]" classname="com.google.common.collect.testing.testers.CollectionAddTester" time="0"/>
  <testcase name="testAdd_unsupportedPresent[UnmodifiableNavigableSetAPICompliance [collection size: several] subSet NO_BOUND-EXCLUSIVE [collection size: several]]" classname="com.google.common.collect.testing.testers.CollectionAddTester" time="0"/>
  <testcase name="testClear_unsupported[UnmodifiableNavigableSetAPICompliance [collection size: several] subSet NO_BOUND-EXCLUSIVE [collection size: several]]" classname="com.google.common.collect.testing.testers.CollectionClearTester" time="0"/>
  <testcase name="testContainsAll_subset[UnmodifiableNavigableSetAPICompliance [collection size: several] subSet NO_BOUND-EXCLUSIVE [collection size: several]]" classname="com.google.common.collect.testing.testers.CollectionContainsAllTester" time="0"/>
  <testcase name="testContainsAll_disjoint[UnmodifiableNavigableSetAPICompliance [collection size: several] subSet NO_BOUND-EXCLUSIVE [collection size: several]]" classname="com.google.common.collect.testing.testers.CollectionContainsAllTester" time="0"/>
  <testcase name="testContainsAll_nullNotAllowed[UnmodifiableNavigableSetAPICompliance [collection size: several] subSet NO_BOUND-EXCLUSIVE [collection size: several]]" classname="com.google.common.collect.testing.testers.CollectionContainsAllTester" time="0.004"/>
  <testcase name="testContainsAll_self[UnmodifiableNavigableSetAPICompliance [collection size: several] subSet NO_BOUND-EXCLUSIVE [collection size: several]]" classname="com.google.common.collect.testing.testers.CollectionContainsAllTester" time="0"/>
  <testcase name="testContainsAll_wrongType[UnmodifiableNavigableSetAPICompliance [collection size: several] subSet NO_BOUND-EXCLUSIVE [collection size: several]]" classname="com.google.common.collect.testing.testers.CollectionContainsAllTester" time="0"/>
  <testcase name="testContainsAll_empty[UnmodifiableNavigableSetAPICompliance [collection size: several] subSet NO_BOUND-EXCLUSIVE [collection size: several]]" classname="com.google.common.collect.testing.testers.CollectionContainsAllTester" time="0"/>
  <testcase name="testContainsAll_sameElements[UnmodifiableNavigableSetAPICompliance [collection size: several] subSet NO_BOUND-EXCLUSIVE [collection size: several]]" classname="com.google.common.collect.testing.testers.CollectionContainsAllTester" time="0"/>
  <testcase name="testContainsAll_partialOverlap[UnmodifiableNavigableSetAPICompliance [collection size: several] subSet NO_BOUND-EXCLUSIVE [collection size: several]]" classname="com.google.common.collect.testing.testers.CollectionContainsAllTester" time="0"/>
  <testcase name="testContains_yes[UnmodifiableNavigableSetAPICompliance [collection size: several] subSet NO_BOUND-EXCLUSIVE [collection size: several]]" classname="com.google.common.collect.testing.testers.CollectionContainsTester" time="0"/>
  <testcase name="testContains_no[UnmodifiableNavigableSetAPICompliance [collection size: several] subSet NO_BOUND-EXCLUSIVE [collection size: several]]" classname="com.google.common.collect.testing.testers.CollectionContainsTester" time="0"/>
  <testcase name="testContains_nullNotContainedAndUnsupported[UnmodifiableNavigableSetAPICompliance [collection size: several] subSet NO_BOUND-EXCLUSIVE [collection size: several]]" classname="com.google.common.collect.testing.testers.CollectionContainsTester" time="0.001"/>
  <testcase name="testContains_wrongType[UnmodifiableNavigableSetAPICompliance [collection size: several] subSet NO_BOUND-EXCLUSIVE [collection size: several]]" classname="com.google.common.collect.testing.testers.CollectionContainsTester" time="0"/>
  <testcase name="testCreateWithNull_unsupported[UnmodifiableNavigableSetAPICompliance [collection size: several] subSet NO_BOUND-EXCLUSIVE [collection size: several]]" classname="com.google.common.collect.testing.testers.CollectionCreationTester" time="0"/>
  <testcase name="testEquals_null[UnmodifiableNavigableSetAPICompliance [collection size: several] subSet NO_BOUND-EXCLUSIVE [collection size: several]]" classname="com.google.common.collect.testing.testers.CollectionEqualsTester" time="0"/>
  <testcase name="testEquals_self[UnmodifiableNavigableSetAPICompliance [collection size: several] subSet NO_BOUND-EXCLUSIVE [collection size: several]]" classname="com.google.common.collect.testing.testers.CollectionEqualsTester" time="0"/>
  <testcase name="testEquals_notACollection[UnmodifiableNavigableSetAPICompliance [collection size: several] subSet NO_BOUND-EXCLUSIVE [collection size: several]]" classname="com.google.common.collect.testing.testers.CollectionEqualsTester" time="0"/>
  <testcase name="testForEachKnownOrder[UnmodifiableNavigableSetAPICompliance [collection size: several] subSet NO_BOUND-EXCLUSIVE [collection size: several]]" classname="com.google.common.collect.testing.testers.CollectionForEachTester" time="0"/>
  <testcase name="testIsEmpty_no[UnmodifiableNavigableSetAPICompliance [collection size: several] subSet NO_BOUND-EXCLUSIVE [collection size: several]]" classname="com.google.common.collect.testing.testers.CollectionIsEmptyTester" time="0"/>
  <testcase name="testIteratorNoSuchElementException[UnmodifiableNavigableSetAPICompliance [collection size: several] subSet NO_BOUND-EXCLUSIVE [collection size: several]]" classname="com.google.common.collect.testing.testers.CollectionIteratorTester" time="0"/>
  <testcase name="testIterationOrdering[UnmodifiableNavigableSetAPICompliance [collection size: several] subSet NO_BOUND-EXCLUSIVE [collection size: several]]" classname="com.google.common.collect.testing.testers.CollectionIteratorTester" time="0"/>
  <testcase name="testIterator_knownOrderRemoveUnsupported[UnmodifiableNavigableSetAPICompliance [collection size: several] subSet NO_BOUND-EXCLUSIVE [collection size: several]]" classname="com.google.common.collect.testing.testers.CollectionIteratorTester" time="0.014"/>
  <testcase name="testIterator[UnmodifiableNavigableSetAPICompliance [collection size: several] subSet NO_BOUND-EXCLUSIVE [collection size: several]]" classname="com.google.common.collect.testing.testers.CollectionIteratorTester" time="0"/>
  <testcase name="testRemoveAll_unsupportedPresent[UnmodifiableNavigableSetAPICompliance [collection size: several] subSet NO_BOUND-EXCLUSIVE [collection size: several]]" classname="com.google.common.collect.testing.testers.CollectionRemoveAllTester" time="0"/>
  <testcase name="testRemoveAll_unsupportedEmptyCollection[UnmodifiableNavigableSetAPICompliance [collection size: several] subSet NO_BOUND-EXCLUSIVE [collection size: several]]" classname="com.google.common.collect.testing.testers.CollectionRemoveAllTester" time="0"/>
  <testcase name="testRemoveAll_unsupportedNonePresent[UnmodifiableNavigableSetAPICompliance [collection size: several] subSet NO_BOUND-EXCLUSIVE [collection size: several]]" classname="com.google.common.collect.testing.testers.CollectionRemoveAllTester" time="0"/>
  <testcase name="testRemoveIf_alwaysTrueUnsupported[UnmodifiableNavigableSetAPICompliance [collection size: several] subSet NO_BOUND-EXCLUSIVE [collection size: several]]" classname="com.google.common.collect.testing.testers.CollectionRemoveIfTester" time="0"/>
  <testcase name="testRemove_unsupportedNotPresent[UnmodifiableNavigableSetAPICompliance [collection size: several] subSet NO_BOUND-EXCLUSIVE [collection size: several]]" classname="com.google.common.collect.testing.testers.CollectionRemoveTester" time="0"/>
  <testcase name="testRemove_unsupported[UnmodifiableNavigableSetAPICompliance [collection size: several] subSet NO_BOUND-EXCLUSIVE [collection size: several]]" classname="com.google.common.collect.testing.testers.CollectionRemoveTester" time="0"/>
  <testcase name="testIteratorRemove_unsupported[UnmodifiableNavigableSetAPICompliance [collection size: several] subSet NO_BOUND-EXCLUSIVE [collection size: several]]" classname="com.google.common.collect.testing.testers.CollectionRemoveTester" time="0"/>
  <testcase name="testRetainAll_disjointPreviouslyNonEmptyUnsupported[UnmodifiableNavigableSetAPICompliance [collection size: several] subSet NO_BOUND-EXCLUSIVE [collection size: several]]" classname="com.google.common.collect.testing.testers.CollectionRetainAllTester" time="0"/>
  <testcase name="testRetainAll_emptyPreviouslyNonEmptyUnsupported[UnmodifiableNavigableSetAPICompliance [collection size: several] subSet NO_BOUND-EXCLUSIVE [collection size: several]]" classname="com.google.common.collect.testing.testers.CollectionRetainAllTester" time="0"/>
  <testcase name="testRetainAll_supersetUnsupported[UnmodifiableNavigableSetAPICompliance [collection size: several] subSet NO_BOUND-EXCLUSIVE [collection size: several]]" classname="com.google.common.collect.testing.testers.CollectionRetainAllTester" time="0"/>
  <testcase name="testRetainAll_partialOverlapUnsupported[UnmodifiableNavigableSetAPICompliance [collection size: several] subSet NO_BOUND-EXCLUSIVE [collection size: several]]" classname="com.google.common.collect.testing.testers.CollectionRetainAllTester" time="0"/>
  <testcase name="testRetainAll_subsetUnsupported[UnmodifiableNavigableSetAPICompliance [collection size: several] subSet NO_BOUND-EXCLUSIVE [collection size: several]]" classname="com.google.common.collect.testing.testers.CollectionRetainAllTester" time="0"/>
  <testcase name="testRetainAll_sameElementsUnsupported[UnmodifiableNavigableSetAPICompliance [collection size: several] subSet NO_BOUND-EXCLUSIVE [collection size: several]]" classname="com.google.common.collect.testing.testers.CollectionRetainAllTester" time="0"/>
  <testcase name="testSize[UnmodifiableNavigableSetAPICompliance [collection size: several] subSet NO_BOUND-EXCLUSIVE [collection size: several]]" classname="com.google.common.collect.testing.testers.CollectionSizeTester" time="0"/>
  <testcase name="testSpliteratorKnownOrder[UnmodifiableNavigableSetAPICompliance [collection size: several] subSet NO_BOUND-EXCLUSIVE [collection size: several]]" classname="com.google.common.collect.testing.testers.CollectionSpliteratorTester" time="0"/>
  <testcase name="testStreamToArrayKnownOrder[UnmodifiableNavigableSetAPICompliance [collection size: several] subSet NO_BOUND-EXCLUSIVE [collection size: several]]" classname="com.google.common.collect.testing.testers.CollectionStreamTester" time="0"/>
  <testcase name="testStreamCount[UnmodifiableNavigableSetAPICompliance [collection size: several] subSet NO_BOUND-EXCLUSIVE [collection size: several]]" classname="com.google.common.collect.testing.testers.CollectionStreamTester" time="0"/>
  <testcase name="testToArray_emptyArray[UnmodifiableNavigableSetAPICompliance [collection size: several] subSet NO_BOUND-EXCLUSIVE [collection size: several]]" classname="com.google.common.collect.testing.testers.CollectionToArrayTester" time="0"/>
  <testcase name="testToArray_oversizedArray[UnmodifiableNavigableSetAPICompliance [collection size: several] subSet NO_BOUND-EXCLUSIVE [collection size: several]]" classname="com.google.common.collect.testing.testers.CollectionToArrayTester" time="0"/>
  <testcase name="testToArray_rightSizedArray_ordered[UnmodifiableNavigableSetAPICompliance [collection size: several] subSet NO_BOUND-EXCLUSIVE [collection size: several]]" classname="com.google.common.collect.testing.testers.CollectionToArrayTester" time="0"/>
  <testcase name="testToArray_emptyArrayOfObject[UnmodifiableNavigableSetAPICompliance [collection size: several] subSet NO_BOUND-EXCLUSIVE [collection size: several]]" classname="com.google.common.collect.testing.testers.CollectionToArrayTester" time="0"/>
  <testcase name="testToArray_rightSizedArrayOfObject_ordered[UnmodifiableNavigableSetAPICompliance [collection size: several] subSet NO_BOUND-EXCLUSIVE [collection size: several]]" classname="com.google.common.collect.testing.testers.CollectionToArrayTester" time="0"/>
  <testcase name="testToArray_emptyArrayOfWrongTypeForNonEmptyCollection[UnmodifiableNavigableSetAPICompliance [collection size: several] subSet NO_BOUND-EXCLUSIVE [collection size: several]]" classname="com.google.common.collect.testing.testers.CollectionToArrayTester" time="0"/>
  <testcase name="testToArray_noArgs[UnmodifiableNavigableSetAPICompliance [collection size: several] subSet NO_BOUND-EXCLUSIVE [collection size: several]]" classname="com.google.common.collect.testing.testers.CollectionToArrayTester" time="0"/>
  <testcase name="testToArray_oversizedArray_ordered[UnmodifiableNavigableSetAPICompliance [collection size: several] subSet NO_BOUND-EXCLUSIVE [collection size: several]]" classname="com.google.common.collect.testing.testers.CollectionToArrayTester" time="0"/>
  <testcase name="testToArray_isPlainObjectArray[UnmodifiableNavigableSetAPICompliance [collection size: several] subSet NO_BOUND-EXCLUSIVE [collection size: several]]" classname="com.google.common.collect.testing.testers.CollectionToArrayTester" time="0"/>
  <testcase name="testToArray_rightSizedArrayOfObject[UnmodifiableNavigableSetAPICompliance [collection size: several] subSet NO_BOUND-EXCLUSIVE [collection size: several]]" classname="com.google.common.collect.testing.testers.CollectionToArrayTester" time="0"/>
  <testcase name="testToArray_emptyArray_ordered[UnmodifiableNavigableSetAPICompliance [collection size: several] subSet NO_BOUND-EXCLUSIVE [collection size: several]]" classname="com.google.common.collect.testing.testers.CollectionToArrayTester" time="0.001"/>
  <testcase name="testToArray_rightSizedArray[UnmodifiableNavigableSetAPICompliance [collection size: several] subSet NO_BOUND-EXCLUSIVE [collection size: several]]" classname="com.google.common.collect.testing.testers.CollectionToArrayTester" time="0"/>
  <testcase name="testToString_sizeSeveral[UnmodifiableNavigableSetAPICompliance [collection size: several] subSet NO_BOUND-EXCLUSIVE [collection size: several]]" classname="com.google.common.collect.testing.testers.CollectionToStringTester" time="0"/>
  <testcase name="testToString_minimal[UnmodifiableNavigableSetAPICompliance [collection size: several] subSet NO_BOUND-EXCLUSIVE [collection size: several]]" classname="com.google.common.collect.testing.testers.CollectionToStringTester" time="0"/>
  <testcase name="testCreateWithDuplicates_nonNullDuplicatesNotRejected[UnmodifiableNavigableSetAPICompliance [collection size: several] subSet NO_BOUND-EXCLUSIVE [collection size: several]]" classname="com.google.common.collect.testing.testers.SetCreationTester" time="0"/>
  <testcase name="testHashCode[UnmodifiableNavigableSetAPICompliance [collection size: several] subSet NO_BOUND-EXCLUSIVE [collection size: several]]" classname="com.google.common.collect.testing.testers.SetHashCodeTester" time="0.001"/>
  <testcase name="testEquals_list[UnmodifiableNavigableSetAPICompliance [collection size: several] subSet NO_BOUND-EXCLUSIVE [collection size: several]]" classname="com.google.common.collect.testing.testers.SetEqualsTester" time="0"/>
  <testcase name="testEquals_otherSetWithSameElements[UnmodifiableNavigableSetAPICompliance [collection size: several] subSet NO_BOUND-EXCLUSIVE [collection size: several]]" classname="com.google.common.collect.testing.testers.SetEqualsTester" time="0"/>
  <testcase name="testEquals_largerSet[UnmodifiableNavigableSetAPICompliance [collection size: several] subSet NO_BOUND-EXCLUSIVE [collection size: several]]" classname="com.google.common.collect.testing.testers.SetEqualsTester" time="0"/>
  <testcase name="testEquals_otherContainsNull[UnmodifiableNavigableSetAPICompliance [collection size: several] subSet NO_BOUND-EXCLUSIVE [collection size: several]]" classname="com.google.common.collect.testing.testers.SetEqualsTester" time="0.001"/>
  <testcase name="testEquals_smallerSet[UnmodifiableNavigableSetAPICompliance [collection size: several] subSet NO_BOUND-EXCLUSIVE [collection size: several]]" classname="com.google.common.collect.testing.testers.SetEqualsTester" time="0"/>
  <testcase name="testEquals_otherSetWithDifferentElements[UnmodifiableNavigableSetAPICompliance [collection size: several] subSet NO_BOUND-EXCLUSIVE [collection size: several]]" classname="com.google.common.collect.testing.testers.SetEqualsTester" time="0"/>
  <testcase name="testFirst[UnmodifiableNavigableSetAPICompliance [collection size: several] subSet NO_BOUND-EXCLUSIVE [collection size: several]]" classname="com.google.common.collect.testing.testers.SortedSetNavigationTester" time="0"/>
  <testcase name="testLast[UnmodifiableNavigableSetAPICompliance [collection size: several] subSet NO_BOUND-EXCLUSIVE [collection size: several]]" classname="com.google.common.collect.testing.testers.SortedSetNavigationTester" time="0"/>
  <testcase name="testDescendingNavigation[UnmodifiableNavigableSetAPICompliance [collection size: several] subSet NO_BOUND-EXCLUSIVE [collection size: several]]" classname="com.google.common.collect.testing.testers.NavigableSetNavigationTester" time="0.001"/>
  <testcase name="testFloor[UnmodifiableNavigableSetAPICompliance [collection size: several] subSet NO_BOUND-EXCLUSIVE [collection size: several]]" classname="com.google.common.collect.testing.testers.NavigableSetNavigationTester" time="0"/>
  <testcase name="testLower[UnmodifiableNavigableSetAPICompliance [collection size: several] subSet NO_BOUND-EXCLUSIVE [collection size: several]]" classname="com.google.common.collect.testing.testers.NavigableSetNavigationTester" time="0"/>
  <testcase name="testFloorHole[UnmodifiableNavigableSetAPICompliance [collection size: several] subSet NO_BOUND-EXCLUSIVE [collection size: several]]" classname="com.google.common.collect.testing.testers.NavigableSetNavigationTester" time="0"/>
  <testcase name="testHigherHole[UnmodifiableNavigableSetAPICompliance [collection size: several] subSet NO_BOUND-EXCLUSIVE [collection size: several]]" classname="com.google.common.collect.testing.testers.NavigableSetNavigationTester" time="0"/>
  <testcase name="testCeilingHole[UnmodifiableNavigableSetAPICompliance [collection size: several] subSet NO_BOUND-EXCLUSIVE [collection size: several]]" classname="com.google.common.collect.testing.testers.NavigableSetNavigationTester" time="0"/>
  <testcase name="testLowerHole[UnmodifiableNavigableSetAPICompliance [collection size: several] subSet NO_BOUND-EXCLUSIVE [collection size: several]]" classname="com.google.common.collect.testing.testers.NavigableSetNavigationTester" time="0"/>
  <testcase name="testCeiling[UnmodifiableNavigableSetAPICompliance [collection size: several] subSet NO_BOUND-EXCLUSIVE [collection size: several]]" classname="com.google.common.collect.testing.testers.NavigableSetNavigationTester" time="0.005"/>
  <testcase name="testEmptySubSet[UnmodifiableNavigableSetAPICompliance [collection size: several] subSet NO_BOUND-EXCLUSIVE [collection size: several]]" classname="com.google.common.collect.testing.testers.NavigableSetNavigationTester" time="0"/>
  <testcase name="testPollFirstUnsupported[UnmodifiableNavigableSetAPICompliance [collection size: several] subSet NO_BOUND-EXCLUSIVE [collection size: several]]" classname="com.google.common.collect.testing.testers.NavigableSetNavigationTester" time="0.001"/>
  <testcase name="testPollLastUnsupported[UnmodifiableNavigableSetAPICompliance [collection size: several] subSet NO_BOUND-EXCLUSIVE [collection size: several]]" classname="com.google.common.collect.testing.testers.NavigableSetNavigationTester" time="0"/>
  <testcase name="testHigher[UnmodifiableNavigableSetAPICompliance [collection size: several] subSet NO_BOUND-EXCLUSIVE [collection size: several]]" classname="com.google.common.collect.testing.testers.NavigableSetNavigationTester" time="0"/>
  <testcase name="testAddAll_unsupportedSomePresent[UnmodifiableNavigableSetAPICompliance [collection size: several] subSet NO_BOUND-EXCLUSIVE [collection size: several] descending [collection size: several]]" classname="com.google.common.collect.testing.testers.CollectionAddAllTester" time="0.001"/>
  <testcase name="testAddAll_unsupportedNothing[UnmodifiableNavigableSetAPICompliance [collection size: several] subSet NO_BOUND-EXCLUSIVE [collection size: several] descending [collection size: several]]" classname="com.google.common.collect.testing.testers.CollectionAddAllTester" time="0"/>
  <testcase name="testAddAll_unsupportedNonePresent[UnmodifiableNavigableSetAPICompliance [collection size: several] subSet NO_BOUND-EXCLUSIVE [collection size: several] descending [collection size: several]]" classname="com.google.common.collect.testing.testers.CollectionAddAllTester" time="0"/>
  <testcase name="testAddAll_unsupportedAllPresent[UnmodifiableNavigableSetAPICompliance [collection size: several] subSet NO_BOUND-EXCLUSIVE [collection size: several] descending [collection size: several]]" classname="com.google.common.collect.testing.testers.CollectionAddAllTester" time="0"/>
  <testcase name="testAdd_unsupportedNotPresent[UnmodifiableNavigableSetAPICompliance [collection size: several] subSet NO_BOUND-EXCLUSIVE [collection size: several] descending [collection size: several]]" classname="com.google.common.collect.testing.testers.CollectionAddTester" time="0.003"/>
  <testcase name="testAdd_unsupportedPresent[UnmodifiableNavigableSetAPICompliance [collection size: several] subSet NO_BOUND-EXCLUSIVE [collection size: several] descending [collection size: several]]" classname="com.google.common.collect.testing.testers.CollectionAddTester" time="0"/>
  <testcase name="testClear_unsupported[UnmodifiableNavigableSetAPICompliance [collection size: several] subSet NO_BOUND-EXCLUSIVE [collection size: several] descending [collection size: several]]" classname="com.google.common.collect.testing.testers.CollectionClearTester" time="0"/>
  <testcase name="testContainsAll_subset[UnmodifiableNavigableSetAPICompliance [collection size: several] subSet NO_BOUND-EXCLUSIVE [collection size: several] descending [collection size: several]]" classname="com.google.common.collect.testing.testers.CollectionContainsAllTester" time="0.001"/>
  <testcase name="testContainsAll_disjoint[UnmodifiableNavigableSetAPICompliance [collection size: several] subSet NO_BOUND-EXCLUSIVE [collection size: several] descending [collection size: several]]" classname="com.google.common.collect.testing.testers.CollectionContainsAllTester" time="0"/>
  <testcase name="testContainsAll_nullNotAllowed[UnmodifiableNavigableSetAPICompliance [collection size: several] subSet NO_BOUND-EXCLUSIVE [collection size: several] descending [collection size: several]]" classname="com.google.common.collect.testing.testers.CollectionContainsAllTester" time="0"/>
  <testcase name="testContainsAll_self[UnmodifiableNavigableSetAPICompliance [collection size: several] subSet NO_BOUND-EXCLUSIVE [collection size: several] descending [collection size: several]]" classname="com.google.common.collect.testing.testers.CollectionContainsAllTester" time="0"/>
  <testcase name="testContainsAll_wrongType[UnmodifiableNavigableSetAPICompliance [collection size: several] subSet NO_BOUND-EXCLUSIVE [collection size: several] descending [collection size: several]]" classname="com.google.common.collect.testing.testers.CollectionContainsAllTester" time="0"/>
  <testcase name="testContainsAll_empty[UnmodifiableNavigableSetAPICompliance [collection size: several] subSet NO_BOUND-EXCLUSIVE [collection size: several] descending [collection size: several]]" classname="com.google.common.collect.testing.testers.CollectionContainsAllTester" time="0"/>
  <testcase name="testContainsAll_sameElements[UnmodifiableNavigableSetAPICompliance [collection size: several] subSet NO_BOUND-EXCLUSIVE [collection size: several] descending [collection size: several]]" classname="com.google.common.collect.testing.testers.CollectionContainsAllTester" time="0"/>
  <testcase name="testContainsAll_partialOverlap[UnmodifiableNavigableSetAPICompliance [collection size: several] subSet NO_BOUND-EXCLUSIVE [collection size: several] descending [collection size: several]]" classname="com.google.common.collect.testing.testers.CollectionContainsAllTester" time="0"/>
  <testcase name="testContains_yes[UnmodifiableNavigableSetAPICompliance [collection size: several] subSet NO_BOUND-EXCLUSIVE [collection size: several] descending [collection size: several]]" classname="com.google.common.collect.testing.testers.CollectionContainsTester" time="0"/>
  <testcase name="testContains_no[UnmodifiableNavigableSetAPICompliance [collection size: several] subSet NO_BOUND-EXCLUSIVE [collection size: several] descending [collection size: several]]" classname="com.google.common.collect.testing.testers.CollectionContainsTester" time="0"/>
  <testcase name="testContains_nullNotContainedAndUnsupported[UnmodifiableNavigableSetAPICompliance [collection size: several] subSet NO_BOUND-EXCLUSIVE [collection size: several] descending [collection size: several]]" classname="com.google.common.collect.testing.testers.CollectionContainsTester" time="0.001"/>
  <testcase name="testContains_wrongType[UnmodifiableNavigableSetAPICompliance [collection size: several] subSet NO_BOUND-EXCLUSIVE [collection size: several] descending [collection size: several]]" classname="com.google.common.collect.testing.testers.CollectionContainsTester" time="0"/>
  <testcase name="testCreateWithNull_unsupported[UnmodifiableNavigableSetAPICompliance [collection size: several] subSet NO_BOUND-EXCLUSIVE [collection size: several] descending [collection size: several]]" classname="com.google.common.collect.testing.testers.CollectionCreationTester" time="0.001"/>
  <testcase name="testEquals_null[UnmodifiableNavigableSetAPICompliance [collection size: several] subSet NO_BOUND-EXCLUSIVE [collection size: several] descending [collection size: several]]" classname="com.google.common.collect.testing.testers.CollectionEqualsTester" time="0"/>
  <testcase name="testEquals_self[UnmodifiableNavigableSetAPICompliance [collection size: several] subSet NO_BOUND-EXCLUSIVE [collection size: several] descending [collection size: several]]" classname="com.google.common.collect.testing.testers.CollectionEqualsTester" time="0"/>
  <testcase name="testEquals_notACollection[UnmodifiableNavigableSetAPICompliance [collection size: several] subSet NO_BOUND-EXCLUSIVE [collection size: several] descending [collection size: several]]" classname="com.google.common.collect.testing.testers.CollectionEqualsTester" time="0"/>
  <testcase name="testForEachKnownOrder[UnmodifiableNavigableSetAPICompliance [collection size: several] subSet NO_BOUND-EXCLUSIVE [collection size: several] descending [collection size: several]]" classname="com.google.common.collect.testing.testers.CollectionForEachTester" time="0"/>
  <testcase name="testIsEmpty_no[UnmodifiableNavigableSetAPICompliance [collection size: several] subSet NO_BOUND-EXCLUSIVE [collection size: several] descending [collection size: several]]" classname="com.google.common.collect.testing.testers.CollectionIsEmptyTester" time="0"/>
  <testcase name="testIteratorNoSuchElementException[UnmodifiableNavigableSetAPICompliance [collection size: several] subSet NO_BOUND-EXCLUSIVE [collection size: several] descending [collection size: several]]" classname="com.google.common.collect.testing.testers.CollectionIteratorTester" time="0"/>
  <testcase name="testIterationOrdering[UnmodifiableNavigableSetAPICompliance [collection size: several] subSet NO_BOUND-EXCLUSIVE [collection size: several] descending [collection size: several]]" classname="com.google.common.collect.testing.testers.CollectionIteratorTester" time="0"/>
  <testcase name="testIterator_knownOrderRemoveUnsupported[UnmodifiableNavigableSetAPICompliance [collection size: several] subSet NO_BOUND-EXCLUSIVE [collection size: several] descending [collection size: several]]" classname="com.google.common.collect.testing.testers.CollectionIteratorTester" time="0.015"/>
  <testcase name="testIterator[UnmodifiableNavigableSetAPICompliance [collection size: several] subSet NO_BOUND-EXCLUSIVE [collection size: several] descending [collection size: several]]" classname="com.google.common.collect.testing.testers.CollectionIteratorTester" time="0"/>
  <testcase name="testRemoveAll_unsupportedPresent[UnmodifiableNavigableSetAPICompliance [collection size: several] subSet NO_BOUND-EXCLUSIVE [collection size: several] descending [collection size: several]]" classname="com.google.common.collect.testing.testers.CollectionRemoveAllTester" time="0.001"/>
  <testcase name="testRemoveAll_unsupportedEmptyCollection[UnmodifiableNavigableSetAPICompliance [collection size: several] subSet NO_BOUND-EXCLUSIVE [collection size: several] descending [collection size: several]]" classname="com.google.common.collect.testing.testers.CollectionRemoveAllTester" time="0.001"/>
  <testcase name="testRemoveAll_unsupportedNonePresent[UnmodifiableNavigableSetAPICompliance [collection size: several] subSet NO_BOUND-EXCLUSIVE [collection size: several] descending [collection size: several]]" classname="com.google.common.collect.testing.testers.CollectionRemoveAllTester" time="0"/>
  <testcase name="testRemoveIf_alwaysTrueUnsupported[UnmodifiableNavigableSetAPICompliance [collection size: several] subSet NO_BOUND-EXCLUSIVE [collection size: several] descending [collection size: several]]" classname="com.google.common.collect.testing.testers.CollectionRemoveIfTester" time="0"/>
  <testcase name="testRemove_unsupportedNotPresent[UnmodifiableNavigableSetAPICompliance [collection size: several] subSet NO_BOUND-EXCLUSIVE [collection size: several] descending [collection size: several]]" classname="com.google.common.collect.testing.testers.CollectionRemoveTester" time="0"/>
  <testcase name="testRemove_unsupported[UnmodifiableNavigableSetAPICompliance [collection size: several] subSet NO_BOUND-EXCLUSIVE [collection size: several] descending [collection size: several]]" classname="com.google.common.collect.testing.testers.CollectionRemoveTester" time="0"/>
  <testcase name="testIteratorRemove_unsupported[UnmodifiableNavigableSetAPICompliance [collection size: several] subSet NO_BOUND-EXCLUSIVE [collection size: several] descending [collection size: several]]" classname="com.google.common.collect.testing.testers.CollectionRemoveTester" time="0"/>
  <testcase name="testRetainAll_disjointPreviouslyNonEmptyUnsupported[UnmodifiableNavigableSetAPICompliance [collection size: several] subSet NO_BOUND-EXCLUSIVE [collection size: several] descending [collection size: several]]" classname="com.google.common.collect.testing.testers.CollectionRetainAllTester" time="0"/>
  <testcase name="testRetainAll_emptyPreviouslyNonEmptyUnsupported[UnmodifiableNavigableSetAPICompliance [collection size: several] subSet NO_BOUND-EXCLUSIVE [collection size: several] descending [collection size: several]]" classname="com.google.common.collect.testing.testers.CollectionRetainAllTester" time="0"/>
  <testcase name="testRetainAll_supersetUnsupported[UnmodifiableNavigableSetAPICompliance [collection size: several] subSet NO_BOUND-EXCLUSIVE [collection size: several] descending [collection size: several]]" classname="com.google.common.collect.testing.testers.CollectionRetainAllTester" time="0"/>
  <testcase name="testRetainAll_partialOverlapUnsupported[UnmodifiableNavigableSetAPICompliance [collection size: several] subSet NO_BOUND-EXCLUSIVE [collection size: several] descending [collection size: several]]" classname="com.google.common.collect.testing.testers.CollectionRetainAllTester" time="0"/>
  <testcase name="testRetainAll_subsetUnsupported[UnmodifiableNavigableSetAPICompliance [collection size: several] subSet NO_BOUND-EXCLUSIVE [collection size: several] descending [collection size: several]]" classname="com.google.common.collect.testing.testers.CollectionRetainAllTester" time="0"/>
  <testcase name="testRetainAll_sameElementsUnsupported[UnmodifiableNavigableSetAPICompliance [collection size: several] subSet NO_BOUND-EXCLUSIVE [collection size: several] descending [collection size: several]]" classname="com.google.common.collect.testing.testers.CollectionRetainAllTester" time="0"/>
  <testcase name="testSize[UnmodifiableNavigableSetAPICompliance [collection size: several] subSet NO_BOUND-EXCLUSIVE [collection size: several] descending [collection size: several]]" classname="com.google.common.collect.testing.testers.CollectionSizeTester" time="0"/>
  <testcase name="testSpliteratorKnownOrder[UnmodifiableNavigableSetAPICompliance [collection size: several] subSet NO_BOUND-EXCLUSIVE [collection size: several] descending [collection size: several]]" classname="com.google.common.collect.testing.testers.CollectionSpliteratorTester" time="0"/>
  <testcase name="testStreamToArrayKnownOrder[UnmodifiableNavigableSetAPICompliance [collection size: several] subSet NO_BOUND-EXCLUSIVE [collection size: several] descending [collection size: several]]" classname="com.google.common.collect.testing.testers.CollectionStreamTester" time="0"/>
  <testcase name="testStreamCount[UnmodifiableNavigableSetAPICompliance [collection size: several] subSet NO_BOUND-EXCLUSIVE [collection size: several] descending [collection size: several]]" classname="com.google.common.collect.testing.testers.CollectionStreamTester" time="0.004"/>
  <testcase name="testToArray_emptyArray[UnmodifiableNavigableSetAPICompliance [collection size: several] subSet NO_BOUND-EXCLUSIVE [collection size: several] descending [collection size: several]]" classname="com.google.common.collect.testing.testers.CollectionToArrayTester" time="0.001"/>
  <testcase name="testToArray_oversizedArray[UnmodifiableNavigableSetAPICompliance [collection size: several] subSet NO_BOUND-EXCLUSIVE [collection size: several] descending [collection size: several]]" classname="com.google.common.collect.testing.testers.CollectionToArrayTester" time="0"/>
  <testcase name="testToArray_rightSizedArray_ordered[UnmodifiableNavigableSetAPICompliance [collection size: several] subSet NO_BOUND-EXCLUSIVE [collection size: several] descending [collection size: several]]" classname="com.google.common.collect.testing.testers.CollectionToArrayTester" time="0"/>
  <testcase name="testToArray_emptyArrayOfObject[UnmodifiableNavigableSetAPICompliance [collection size: several] subSet NO_BOUND-EXCLUSIVE [collection size: several] descending [collection size: several]]" classname="com.google.common.collect.testing.testers.CollectionToArrayTester" time="0"/>
  <testcase name="testToArray_rightSizedArrayOfObject_ordered[UnmodifiableNavigableSetAPICompliance [collection size: several] subSet NO_BOUND-EXCLUSIVE [collection size: several] descending [collection size: several]]" classname="com.google.common.collect.testing.testers.CollectionToArrayTester" time="0.003"/>
  <testcase name="testToArray_emptyArrayOfWrongTypeForNonEmptyCollection[UnmodifiableNavigableSetAPICompliance [collection size: several] subSet NO_BOUND-EXCLUSIVE [collection size: several] descending [collection size: several]]" classname="com.google.common.collect.testing.testers.CollectionToArrayTester" time="0"/>
  <testcase name="testToArray_noArgs[UnmodifiableNavigableSetAPICompliance [collection size: several] subSet NO_BOUND-EXCLUSIVE [collection size: several] descending [collection size: several]]" classname="com.google.common.collect.testing.testers.CollectionToArrayTester" time="0"/>
  <testcase name="testToArray_oversizedArray_ordered[UnmodifiableNavigableSetAPICompliance [collection size: several] subSet NO_BOUND-EXCLUSIVE [collection size: several] descending [collection size: several]]" classname="com.google.common.collect.testing.testers.CollectionToArrayTester" time="0"/>
  <testcase name="testToArray_isPlainObjectArray[UnmodifiableNavigableSetAPICompliance [collection size: several] subSet NO_BOUND-EXCLUSIVE [collection size: several] descending [collection size: several]]" classname="com.google.common.collect.testing.testers.CollectionToArrayTester" time="0"/>
  <testcase name="testToArray_rightSizedArrayOfObject[UnmodifiableNavigableSetAPICompliance [collection size: several] subSet NO_BOUND-EXCLUSIVE [collection size: several] descending [collection size: several]]" classname="com.google.common.collect.testing.testers.CollectionToArrayTester" time="0"/>
  <testcase name="testToArray_emptyArray_ordered[UnmodifiableNavigableSetAPICompliance [collection size: several] subSet NO_BOUND-EXCLUSIVE [collection size: several] descending [collection size: several]]" classname="com.google.common.collect.testing.testers.CollectionToArrayTester" time="0"/>
  <testcase name="testToArray_rightSizedArray[UnmodifiableNavigableSetAPICompliance [collection size: several] subSet NO_BOUND-EXCLUSIVE [collection size: several] descending [collection size: several]]" classname="com.google.common.collect.testing.testers.CollectionToArrayTester" time="0"/>
  <testcase name="testToString_sizeSeveral[UnmodifiableNavigableSetAPICompliance [collection size: several] subSet NO_BOUND-EXCLUSIVE [collection size: several] descending [collection size: several]]" classname="com.google.common.collect.testing.testers.CollectionToStringTester" time="0"/>
  <testcase name="testToString_minimal[UnmodifiableNavigableSetAPICompliance [collection size: several] subSet NO_BOUND-EXCLUSIVE [collection size: several] descending [collection size: several]]" classname="com.google.common.collect.testing.testers.CollectionToStringTester" time="0"/>
  <testcase name="testCreateWithDuplicates_nonNullDuplicatesNotRejected[UnmodifiableNavigableSetAPICompliance [collection size: several] subSet NO_BOUND-EXCLUSIVE [collection size: several] descending [collection size: several]]" classname="com.google.common.collect.testing.testers.SetCreationTester" time="0"/>
  <testcase name="testHashCode[UnmodifiableNavigableSetAPICompliance [collection size: several] subSet NO_BOUND-EXCLUSIVE [collection size: several] descending [collection size: several]]" classname="com.google.common.collect.testing.testers.SetHashCodeTester" time="0"/>
  <testcase name="testEquals_list[UnmodifiableNavigableSetAPICompliance [collection size: several] subSet NO_BOUND-EXCLUSIVE [collection size: several] descending [collection size: several]]" classname="com.google.common.collect.testing.testers.SetEqualsTester" time="0"/>
  <testcase name="testEquals_otherSetWithSameElements[UnmodifiableNavigableSetAPICompliance [collection size: several] subSet NO_BOUND-EXCLUSIVE [collection size: several] descending [collection size: several]]" classname="com.google.common.collect.testing.testers.SetEqualsTester" time="0"/>
  <testcase name="testEquals_largerSet[UnmodifiableNavigableSetAPICompliance [collection size: several] subSet NO_BOUND-EXCLUSIVE [collection size: several] descending [collection size: several]]" classname="com.google.common.collect.testing.testers.SetEqualsTester" time="0"/>
  <testcase name="testEquals_otherContainsNull[UnmodifiableNavigableSetAPICompliance [collection size: several] subSet NO_BOUND-EXCLUSIVE [collection size: several] descending [collection size: several]]" classname="com.google.common.collect.testing.testers.SetEqualsTester" time="0"/>
  <testcase name="testEquals_smallerSet[UnmodifiableNavigableSetAPICompliance [collection size: several] subSet NO_BOUND-EXCLUSIVE [collection size: several] descending [collection size: several]]" classname="com.google.common.collect.testing.testers.SetEqualsTester" time="0"/>
  <testcase name="testEquals_otherSetWithDifferentElements[UnmodifiableNavigableSetAPICompliance [collection size: several] subSet NO_BOUND-EXCLUSIVE [collection size: several] descending [collection size: several]]" classname="com.google.common.collect.testing.testers.SetEqualsTester" time="0"/>
  <testcase name="testAddAll_unsupportedSomePresent[UnmodifiableNavigableSetAPICompliance [collection size: several] subSet INCLUSIVE-NO_BOUND [collection size: several]]" classname="com.google.common.collect.testing.testers.CollectionAddAllTester" time="0"/>
  <testcase name="testAddAll_unsupportedNothing[UnmodifiableNavigableSetAPICompliance [collection size: several] subSet INCLUSIVE-NO_BOUND [collection size: several]]" classname="com.google.common.collect.testing.testers.CollectionAddAllTester" time="0"/>
  <testcase name="testAddAll_unsupportedNonePresent[UnmodifiableNavigableSetAPICompliance [collection size: several] subSet INCLUSIVE-NO_BOUND [collection size: several]]" classname="com.google.common.collect.testing.testers.CollectionAddAllTester" time="0"/>
  <testcase name="testAddAll_unsupportedAllPresent[UnmodifiableNavigableSetAPICompliance [collection size: several] subSet INCLUSIVE-NO_BOUND [collection size: several]]" classname="com.google.common.collect.testing.testers.CollectionAddAllTester" time="0"/>
  <testcase name="testAdd_unsupportedNotPresent[UnmodifiableNavigableSetAPICompliance [collection size: several] subSet INCLUSIVE-NO_BOUND [collection size: several]]" classname="com.google.common.collect.testing.testers.CollectionAddTester" time="0"/>
  <testcase name="testAdd_unsupportedPresent[UnmodifiableNavigableSetAPICompliance [collection size: several] subSet INCLUSIVE-NO_BOUND [collection size: several]]" classname="com.google.common.collect.testing.testers.CollectionAddTester" time="0"/>
  <testcase name="testClear_unsupported[UnmodifiableNavigableSetAPICompliance [collection size: several] subSet INCLUSIVE-NO_BOUND [collection size: several]]" classname="com.google.common.collect.testing.testers.CollectionClearTester" time="0"/>
  <testcase name="testContainsAll_subset[UnmodifiableNavigableSetAPICompliance [collection size: several] subSet INCLUSIVE-NO_BOUND [collection size: several]]" classname="com.google.common.collect.testing.testers.CollectionContainsAllTester" time="0"/>
  <testcase name="testContainsAll_disjoint[UnmodifiableNavigableSetAPICompliance [collection size: several] subSet INCLUSIVE-NO_BOUND [collection size: several]]" classname="com.google.common.collect.testing.testers.CollectionContainsAllTester" time="0"/>
  <testcase name="testContainsAll_nullNotAllowed[UnmodifiableNavigableSetAPICompliance [collection size: several] subSet INCLUSIVE-NO_BOUND [collection size: several]]" classname="com.google.common.collect.testing.testers.CollectionContainsAllTester" time="0"/>
  <testcase name="testContainsAll_self[UnmodifiableNavigableSetAPICompliance [collection size: several] subSet INCLUSIVE-NO_BOUND [collection size: several]]" classname="com.google.common.collect.testing.testers.CollectionContainsAllTester" time="0"/>
  <testcase name="testContainsAll_wrongType[UnmodifiableNavigableSetAPICompliance [collection size: several] subSet INCLUSIVE-NO_BOUND [collection size: several]]" classname="com.google.common.collect.testing.testers.CollectionContainsAllTester" time="0"/>
  <testcase name="testContainsAll_empty[UnmodifiableNavigableSetAPICompliance [collection size: several] subSet INCLUSIVE-NO_BOUND [collection size: several]]" classname="com.google.common.collect.testing.testers.CollectionContainsAllTester" time="0"/>
  <testcase name="testContainsAll_sameElements[UnmodifiableNavigableSetAPICompliance [collection size: several] subSet INCLUSIVE-NO_BOUND [collection size: several]]" classname="com.google.common.collect.testing.testers.CollectionContainsAllTester" time="0"/>
  <testcase name="testContainsAll_partialOverlap[UnmodifiableNavigableSetAPICompliance [collection size: several] subSet INCLUSIVE-NO_BOUND [collection size: several]]" classname="com.google.common.collect.testing.testers.CollectionContainsAllTester" time="0"/>
  <testcase name="testContains_yes[UnmodifiableNavigableSetAPICompliance [collection size: several] subSet INCLUSIVE-NO_BOUND [collection size: several]]" classname="com.google.common.collect.testing.testers.CollectionContainsTester" time="0"/>
  <testcase name="testContains_no[UnmodifiableNavigableSetAPICompliance [collection size: several] subSet INCLUSIVE-NO_BOUND [collection size: several]]" classname="com.google.common.collect.testing.testers.CollectionContainsTester" time="0"/>
  <testcase name="testContains_nullNotContainedAndUnsupported[UnmodifiableNavigableSetAPICompliance [collection size: several] subSet INCLUSIVE-NO_BOUND [collection size: several]]" classname="com.google.common.collect.testing.testers.CollectionContainsTester" time="0"/>
  <testcase name="testContains_wrongType[UnmodifiableNavigableSetAPICompliance [collection size: several] subSet INCLUSIVE-NO_BOUND [collection size: several]]" classname="com.google.common.collect.testing.testers.CollectionContainsTester" time="0"/>
  <testcase name="testCreateWithNull_unsupported[UnmodifiableNavigableSetAPICompliance [collection size: several] subSet INCLUSIVE-NO_BOUND [collection size: several]]" classname="com.google.common.collect.testing.testers.CollectionCreationTester" time="0"/>
  <testcase name="testEquals_null[UnmodifiableNavigableSetAPICompliance [collection size: several] subSet INCLUSIVE-NO_BOUND [collection size: several]]" classname="com.google.common.collect.testing.testers.CollectionEqualsTester" time="0"/>
  <testcase name="testEquals_self[UnmodifiableNavigableSetAPICompliance [collection size: several] subSet INCLUSIVE-NO_BOUND [collection size: several]]" classname="com.google.common.collect.testing.testers.CollectionEqualsTester" time="0"/>
  <testcase name="testEquals_notACollection[UnmodifiableNavigableSetAPICompliance [collection size: several] subSet INCLUSIVE-NO_BOUND [collection size: several]]" classname="com.google.common.collect.testing.testers.CollectionEqualsTester" time="0"/>
  <testcase name="testForEachKnownOrder[UnmodifiableNavigableSetAPICompliance [collection size: several] subSet INCLUSIVE-NO_BOUND [collection size: several]]" classname="com.google.common.collect.testing.testers.CollectionForEachTester" time="0"/>
  <testcase name="testIsEmpty_no[UnmodifiableNavigableSetAPICompliance [collection size: several] subSet INCLUSIVE-NO_BOUND [collection size: several]]" classname="com.google.common.collect.testing.testers.CollectionIsEmptyTester" time="0"/>
  <testcase name="testIteratorNoSuchElementException[UnmodifiableNavigableSetAPICompliance [collection size: several] subSet INCLUSIVE-NO_BOUND [collection size: several]]" classname="com.google.common.collect.testing.testers.CollectionIteratorTester" time="0"/>
  <testcase name="testIterationOrdering[UnmodifiableNavigableSetAPICompliance [collection size: several] subSet INCLUSIVE-NO_BOUND [collection size: several]]" classname="com.google.common.collect.testing.testers.CollectionIteratorTester" time="0"/>
  <testcase name="testIterator_knownOrderRemoveUnsupported[UnmodifiableNavigableSetAPICompliance [collection size: several] subSet INCLUSIVE-NO_BOUND [collection size: several]]" classname="com.google.common.collect.testing.testers.CollectionIteratorTester" time="0.019"/>
  <testcase name="testIterator[UnmodifiableNavigableSetAPICompliance [collection size: several] subSet INCLUSIVE-NO_BOUND [collection size: several]]" classname="com.google.common.collect.testing.testers.CollectionIteratorTester" time="0"/>
  <testcase name="testRemoveAll_unsupportedPresent[UnmodifiableNavigableSetAPICompliance [collection size: several] subSet INCLUSIVE-NO_BOUND [collection size: several]]" classname="com.google.common.collect.testing.testers.CollectionRemoveAllTester" time="0"/>
  <testcase name="testRemoveAll_unsupportedEmptyCollection[UnmodifiableNavigableSetAPICompliance [collection size: several] subSet INCLUSIVE-NO_BOUND [collection size: several]]" classname="com.google.common.collect.testing.testers.CollectionRemoveAllTester" time="0"/>
  <testcase name="testRemoveAll_unsupportedNonePresent[UnmodifiableNavigableSetAPICompliance [collection size: several] subSet INCLUSIVE-NO_BOUND [collection size: several]]" classname="com.google.common.collect.testing.testers.CollectionRemoveAllTester" time="0"/>
  <testcase name="testRemoveIf_alwaysTrueUnsupported[UnmodifiableNavigableSetAPICompliance [collection size: several] subSet INCLUSIVE-NO_BOUND [collection size: several]]" classname="com.google.common.collect.testing.testers.CollectionRemoveIfTester" time="0"/>
  <testcase name="testRemove_unsupportedNotPresent[UnmodifiableNavigableSetAPICompliance [collection size: several] subSet INCLUSIVE-NO_BOUND [collection size: several]]" classname="com.google.common.collect.testing.testers.CollectionRemoveTester" time="0"/>
  <testcase name="testRemove_unsupported[UnmodifiableNavigableSetAPICompliance [collection size: several] subSet INCLUSIVE-NO_BOUND [collection size: several]]" classname="com.google.common.collect.testing.testers.CollectionRemoveTester" time="0"/>
  <testcase name="testIteratorRemove_unsupported[UnmodifiableNavigableSetAPICompliance [collection size: several] subSet INCLUSIVE-NO_BOUND [collection size: several]]" classname="com.google.common.collect.testing.testers.CollectionRemoveTester" time="0"/>
  <testcase name="testRetainAll_disjointPreviouslyNonEmptyUnsupported[UnmodifiableNavigableSetAPICompliance [collection size: several] subSet INCLUSIVE-NO_BOUND [collection size: several]]" classname="com.google.common.collect.testing.testers.CollectionRetainAllTester" time="0"/>
  <testcase name="testRetainAll_emptyPreviouslyNonEmptyUnsupported[UnmodifiableNavigableSetAPICompliance [collection size: several] subSet INCLUSIVE-NO_BOUND [collection size: several]]" classname="com.google.common.collect.testing.testers.CollectionRetainAllTester" time="0"/>
  <testcase name="testRetainAll_supersetUnsupported[UnmodifiableNavigableSetAPICompliance [collection size: several] subSet INCLUSIVE-NO_BOUND [collection size: several]]" classname="com.google.common.collect.testing.testers.CollectionRetainAllTester" time="0"/>
  <testcase name="testRetainAll_partialOverlapUnsupported[UnmodifiableNavigableSetAPICompliance [collection size: several] subSet INCLUSIVE-NO_BOUND [collection size: several]]" classname="com.google.common.collect.testing.testers.CollectionRetainAllTester" time="0"/>
  <testcase name="testRetainAll_subsetUnsupported[UnmodifiableNavigableSetAPICompliance [collection size: several] subSet INCLUSIVE-NO_BOUND [collection size: several]]" classname="com.google.common.collect.testing.testers.CollectionRetainAllTester" time="0"/>
  <testcase name="testRetainAll_sameElementsUnsupported[UnmodifiableNavigableSetAPICompliance [collection size: several] subSet INCLUSIVE-NO_BOUND [collection size: several]]" classname="com.google.common.collect.testing.testers.CollectionRetainAllTester" time="0"/>
  <testcase name="testSize[UnmodifiableNavigableSetAPICompliance [collection size: several] subSet INCLUSIVE-NO_BOUND [collection size: several]]" classname="com.google.common.collect.testing.testers.CollectionSizeTester" time="0"/>
  <testcase name="testSpliteratorKnownOrder[UnmodifiableNavigableSetAPICompliance [collection size: several] subSet INCLUSIVE-NO_BOUND [collection size: several]]" classname="com.google.common.collect.testing.testers.CollectionSpliteratorTester" time="0"/>
  <testcase name="testStreamToArrayKnownOrder[UnmodifiableNavigableSetAPICompliance [collection size: several] subSet INCLUSIVE-NO_BOUND [collection size: several]]" classname="com.google.common.collect.testing.testers.CollectionStreamTester" time="0"/>
  <testcase name="testStreamCount[UnmodifiableNavigableSetAPICompliance [collection size: several] subSet INCLUSIVE-NO_BOUND [collection size: several]]" classname="com.google.common.collect.testing.testers.CollectionStreamTester" time="0"/>
  <testcase name="testToArray_emptyArray[UnmodifiableNavigableSetAPICompliance [collection size: several] subSet INCLUSIVE-NO_BOUND [collection size: several]]" classname="com.google.common.collect.testing.testers.CollectionToArrayTester" time="0"/>
  <testcase name="testToArray_oversizedArray[UnmodifiableNavigableSetAPICompliance [collection size: several] subSet INCLUSIVE-NO_BOUND [collection size: several]]" classname="com.google.common.collect.testing.testers.CollectionToArrayTester" time="0"/>
  <testcase name="testToArray_rightSizedArray_ordered[UnmodifiableNavigableSetAPICompliance [collection size: several] subSet INCLUSIVE-NO_BOUND [collection size: several]]" classname="com.google.common.collect.testing.testers.CollectionToArrayTester" time="0.001"/>
  <testcase name="testToArray_emptyArrayOfObject[UnmodifiableNavigableSetAPICompliance [collection size: several] subSet INCLUSIVE-NO_BOUND [collection size: several]]" classname="com.google.common.collect.testing.testers.CollectionToArrayTester" time="0"/>
  <testcase name="testToArray_rightSizedArrayOfObject_ordered[UnmodifiableNavigableSetAPICompliance [collection size: several] subSet INCLUSIVE-NO_BOUND [collection size: several]]" classname="com.google.common.collect.testing.testers.CollectionToArrayTester" time="0"/>
  <testcase name="testToArray_emptyArrayOfWrongTypeForNonEmptyCollection[UnmodifiableNavigableSetAPICompliance [collection size: several] subSet INCLUSIVE-NO_BOUND [collection size: several]]" classname="com.google.common.collect.testing.testers.CollectionToArrayTester" time="0"/>
  <testcase name="testToArray_noArgs[UnmodifiableNavigableSetAPICompliance [collection size: several] subSet INCLUSIVE-NO_BOUND [collection size: several]]" classname="com.google.common.collect.testing.testers.CollectionToArrayTester" time="0"/>
  <testcase name="testToArray_oversizedArray_ordered[UnmodifiableNavigableSetAPICompliance [collection size: several] subSet INCLUSIVE-NO_BOUND [collection size: several]]" classname="com.google.common.collect.testing.testers.CollectionToArrayTester" time="0"/>
  <testcase name="testToArray_isPlainObjectArray[UnmodifiableNavigableSetAPICompliance [collection size: several] subSet INCLUSIVE-NO_BOUND [collection size: several]]" classname="com.google.common.collect.testing.testers.CollectionToArrayTester" time="0"/>
  <testcase name="testToArray_rightSizedArrayOfObject[UnmodifiableNavigableSetAPICompliance [collection size: several] subSet INCLUSIVE-NO_BOUND [collection size: several]]" classname="com.google.common.collect.testing.testers.CollectionToArrayTester" time="0"/>
  <testcase name="testToArray_emptyArray_ordered[UnmodifiableNavigableSetAPICompliance [collection size: several] subSet INCLUSIVE-NO_BOUND [collection size: several]]" classname="com.google.common.collect.testing.testers.CollectionToArrayTester" time="0"/>
  <testcase name="testToArray_rightSizedArray[UnmodifiableNavigableSetAPICompliance [collection size: several] subSet INCLUSIVE-NO_BOUND [collection size: several]]" classname="com.google.common.collect.testing.testers.CollectionToArrayTester" time="0"/>
  <testcase name="testToString_sizeSeveral[UnmodifiableNavigableSetAPICompliance [collection size: several] subSet INCLUSIVE-NO_BOUND [collection size: several]]" classname="com.google.common.collect.testing.testers.CollectionToStringTester" time="0"/>
  <testcase name="testToString_minimal[UnmodifiableNavigableSetAPICompliance [collection size: several] subSet INCLUSIVE-NO_BOUND [collection size: several]]" classname="com.google.common.collect.testing.testers.CollectionToStringTester" time="0.001"/>
  <testcase name="testCreateWithDuplicates_nonNullDuplicatesNotRejected[UnmodifiableNavigableSetAPICompliance [collection size: several] subSet INCLUSIVE-NO_BOUND [collection size: several]]" classname="com.google.common.collect.testing.testers.SetCreationTester" time="0"/>
  <testcase name="testHashCode[UnmodifiableNavigableSetAPICompliance [collection size: several] subSet INCLUSIVE-NO_BOUND [collection size: several]]" classname="com.google.common.collect.testing.testers.SetHashCodeTester" time="0"/>
  <testcase name="testEquals_list[UnmodifiableNavigableSetAPICompliance [collection size: several] subSet INCLUSIVE-NO_BOUND [collection size: several]]" classname="com.google.common.collect.testing.testers.SetEqualsTester" time="0"/>
  <testcase name="testEquals_otherSetWithSameElements[UnmodifiableNavigableSetAPICompliance [collection size: several] subSet INCLUSIVE-NO_BOUND [collection size: several]]" classname="com.google.common.collect.testing.testers.SetEqualsTester" time="0"/>
  <testcase name="testEquals_largerSet[UnmodifiableNavigableSetAPICompliance [collection size: several] subSet INCLUSIVE-NO_BOUND [collection size: several]]" classname="com.google.common.collect.testing.testers.SetEqualsTester" time="0"/>
  <testcase name="testEquals_otherContainsNull[UnmodifiableNavigableSetAPICompliance [collection size: several] subSet INCLUSIVE-NO_BOUND [collection size: several]]" classname="com.google.common.collect.testing.testers.SetEqualsTester" time="0"/>
  <testcase name="testEquals_smallerSet[UnmodifiableNavigableSetAPICompliance [collection size: several] subSet INCLUSIVE-NO_BOUND [collection size: several]]" classname="com.google.common.collect.testing.testers.SetEqualsTester" time="0"/>
  <testcase name="testEquals_otherSetWithDifferentElements[UnmodifiableNavigableSetAPICompliance [collection size: several] subSet INCLUSIVE-NO_BOUND [collection size: several]]" classname="com.google.common.collect.testing.testers.SetEqualsTester" time="0"/>
  <testcase name="testFirst[UnmodifiableNavigableSetAPICompliance [collection size: several] subSet INCLUSIVE-NO_BOUND [collection size: several]]" classname="com.google.common.collect.testing.testers.SortedSetNavigationTester" time="0"/>
  <testcase name="testLast[UnmodifiableNavigableSetAPICompliance [collection size: several] subSet INCLUSIVE-NO_BOUND [collection size: several]]" classname="com.google.common.collect.testing.testers.SortedSetNavigationTester" time="0"/>
  <testcase name="testDescendingNavigation[UnmodifiableNavigableSetAPICompliance [collection size: several] subSet INCLUSIVE-NO_BOUND [collection size: several]]" classname="com.google.common.collect.testing.testers.NavigableSetNavigationTester" time="0"/>
  <testcase name="testFloor[UnmodifiableNavigableSetAPICompliance [collection size: several] subSet INCLUSIVE-NO_BOUND [collection size: several]]" classname="com.google.common.collect.testing.testers.NavigableSetNavigationTester" time="0"/>
  <testcase name="testLower[UnmodifiableNavigableSetAPICompliance [collection size: several] subSet INCLUSIVE-NO_BOUND [collection size: several]]" classname="com.google.common.collect.testing.testers.NavigableSetNavigationTester" time="0"/>
  <testcase name="testFloorHole[UnmodifiableNavigableSetAPICompliance [collection size: several] subSet INCLUSIVE-NO_BOUND [collection size: several]]" classname="com.google.common.collect.testing.testers.NavigableSetNavigationTester" time="0"/>
  <testcase name="testHigherHole[UnmodifiableNavigableSetAPICompliance [collection size: several] subSet INCLUSIVE-NO_BOUND [collection size: several]]" classname="com.google.common.collect.testing.testers.NavigableSetNavigationTester" time="0"/>
  <testcase name="testCeilingHole[UnmodifiableNavigableSetAPICompliance [collection size: several] subSet INCLUSIVE-NO_BOUND [collection size: several]]" classname="com.google.common.collect.testing.testers.NavigableSetNavigationTester" time="0"/>
  <testcase name="testLowerHole[UnmodifiableNavigableSetAPICompliance [collection size: several] subSet INCLUSIVE-NO_BOUND [collection size: several]]" classname="com.google.common.collect.testing.testers.NavigableSetNavigationTester" time="0"/>
  <testcase name="testCeiling[UnmodifiableNavigableSetAPICompliance [collection size: several] subSet INCLUSIVE-NO_BOUND [collection size: several]]" classname="com.google.common.collect.testing.testers.NavigableSetNavigationTester" time="0"/>
  <testcase name="testEmptySubSet[UnmodifiableNavigableSetAPICompliance [collection size: several] subSet INCLUSIVE-NO_BOUND [collection size: several]]" classname="com.google.common.collect.testing.testers.NavigableSetNavigationTester" time="0"/>
  <testcase name="testPollFirstUnsupported[UnmodifiableNavigableSetAPICompliance [collection size: several] subSet INCLUSIVE-NO_BOUND [collection size: several]]" classname="com.google.common.collect.testing.testers.NavigableSetNavigationTester" time="0"/>
  <testcase name="testPollLastUnsupported[UnmodifiableNavigableSetAPICompliance [collection size: several] subSet INCLUSIVE-NO_BOUND [collection size: several]]" classname="com.google.common.collect.testing.testers.NavigableSetNavigationTester" time="0"/>
  <testcase name="testHigher[UnmodifiableNavigableSetAPICompliance [collection size: several] subSet INCLUSIVE-NO_BOUND [collection size: several]]" classname="com.google.common.collect.testing.testers.NavigableSetNavigationTester" time="0"/>
  <testcase name="testAddAll_unsupportedSomePresent[UnmodifiableNavigableSetAPICompliance [collection size: several] subSet INCLUSIVE-NO_BOUND [collection size: several] descending [collection size: several]]" classname="com.google.common.collect.testing.testers.CollectionAddAllTester" time="0.001"/>
  <testcase name="testAddAll_unsupportedNothing[UnmodifiableNavigableSetAPICompliance [collection size: several] subSet INCLUSIVE-NO_BOUND [collection size: several] descending [collection size: several]]" classname="com.google.common.collect.testing.testers.CollectionAddAllTester" time="0.008"/>
  <testcase name="testAddAll_unsupportedNonePresent[UnmodifiableNavigableSetAPICompliance [collection size: several] subSet INCLUSIVE-NO_BOUND [collection size: several] descending [collection size: several]]" classname="com.google.common.collect.testing.testers.CollectionAddAllTester" time="0"/>
  <testcase name="testAddAll_unsupportedAllPresent[UnmodifiableNavigableSetAPICompliance [collection size: several] subSet INCLUSIVE-NO_BOUND [collection size: several] descending [collection size: several]]" classname="com.google.common.collect.testing.testers.CollectionAddAllTester" time="0"/>
  <testcase name="testAdd_unsupportedNotPresent[UnmodifiableNavigableSetAPICompliance [collection size: several] subSet INCLUSIVE-NO_BOUND [collection size: several] descending [collection size: several]]" classname="com.google.common.collect.testing.testers.CollectionAddTester" time="0"/>
  <testcase name="testAdd_unsupportedPresent[UnmodifiableNavigableSetAPICompliance [collection size: several] subSet INCLUSIVE-NO_BOUND [collection size: several] descending [collection size: several]]" classname="com.google.common.collect.testing.testers.CollectionAddTester" time="0"/>
  <testcase name="testClear_unsupported[UnmodifiableNavigableSetAPICompliance [collection size: several] subSet INCLUSIVE-NO_BOUND [collection size: several] descending [collection size: several]]" classname="com.google.common.collect.testing.testers.CollectionClearTester" time="0.001"/>
  <testcase name="testContainsAll_subset[UnmodifiableNavigableSetAPICompliance [collection size: several] subSet INCLUSIVE-NO_BOUND [collection size: several] descending [collection size: several]]" classname="com.google.common.collect.testing.testers.CollectionContainsAllTester" time="0"/>
  <testcase name="testContainsAll_disjoint[UnmodifiableNavigableSetAPICompliance [collection size: several] subSet INCLUSIVE-NO_BOUND [collection size: several] descending [collection size: several]]" classname="com.google.common.collect.testing.testers.CollectionContainsAllTester" time="0"/>
  <testcase name="testContainsAll_nullNotAllowed[UnmodifiableNavigableSetAPICompliance [collection size: several] subSet INCLUSIVE-NO_BOUND [collection size: several] descending [collection size: several]]" classname="com.google.common.collect.testing.testers.CollectionContainsAllTester" time="0"/>
  <testcase name="testContainsAll_self[UnmodifiableNavigableSetAPICompliance [collection size: several] subSet INCLUSIVE-NO_BOUND [collection size: several] descending [collection size: several]]" classname="com.google.common.collect.testing.testers.CollectionContainsAllTester" time="0"/>
  <testcase name="testContainsAll_wrongType[UnmodifiableNavigableSetAPICompliance [collection size: several] subSet INCLUSIVE-NO_BOUND [collection size: several] descending [collection size: several]]" classname="com.google.common.collect.testing.testers.CollectionContainsAllTester" time="0"/>
  <testcase name="testContainsAll_empty[UnmodifiableNavigableSetAPICompliance [collection size: several] subSet INCLUSIVE-NO_BOUND [collection size: several] descending [collection size: several]]" classname="com.google.common.collect.testing.testers.CollectionContainsAllTester" time="0"/>
  <testcase name="testContainsAll_sameElements[UnmodifiableNavigableSetAPICompliance [collection size: several] subSet INCLUSIVE-NO_BOUND [collection size: several] descending [collection size: several]]" classname="com.google.common.collect.testing.testers.CollectionContainsAllTester" time="0"/>
  <testcase name="testContainsAll_partialOverlap[UnmodifiableNavigableSetAPICompliance [collection size: several] subSet INCLUSIVE-NO_BOUND [collection size: several] descending [collection size: several]]" classname="com.google.common.collect.testing.testers.CollectionContainsAllTester" time="0.001"/>
  <testcase name="testContains_yes[UnmodifiableNavigableSetAPICompliance [collection size: several] subSet INCLUSIVE-NO_BOUND [collection size: several] descending [collection size: several]]" classname="com.google.common.collect.testing.testers.CollectionContainsTester" time="0"/>
  <testcase name="testContains_no[UnmodifiableNavigableSetAPICompliance [collection size: several] subSet INCLUSIVE-NO_BOUND [collection size: several] descending [collection size: several]]" classname="com.google.common.collect.testing.testers.CollectionContainsTester" time="0"/>
  <testcase name="testContains_nullNotContainedAndUnsupported[UnmodifiableNavigableSetAPICompliance [collection size: several] subSet INCLUSIVE-NO_BOUND [collection size: several] descending [collection size: several]]" classname="com.google.common.collect.testing.testers.CollectionContainsTester" time="0"/>
  <testcase name="testContains_wrongType[UnmodifiableNavigableSetAPICompliance [collection size: several] subSet INCLUSIVE-NO_BOUND [collection size: several] descending [collection size: several]]" classname="com.google.common.collect.testing.testers.CollectionContainsTester" time="0"/>
  <testcase name="testCreateWithNull_unsupported[UnmodifiableNavigableSetAPICompliance [collection size: several] subSet INCLUSIVE-NO_BOUND [collection size: several] descending [collection size: several]]" classname="com.google.common.collect.testing.testers.CollectionCreationTester" time="0"/>
  <testcase name="testEquals_null[UnmodifiableNavigableSetAPICompliance [collection size: several] subSet INCLUSIVE-NO_BOUND [collection size: several] descending [collection size: several]]" classname="com.google.common.collect.testing.testers.CollectionEqualsTester" time="0"/>
  <testcase name="testEquals_self[UnmodifiableNavigableSetAPICompliance [collection size: several] subSet INCLUSIVE-NO_BOUND [collection size: several] descending [collection size: several]]" classname="com.google.common.collect.testing.testers.CollectionEqualsTester" time="0"/>
  <testcase name="testEquals_notACollection[UnmodifiableNavigableSetAPICompliance [collection size: several] subSet INCLUSIVE-NO_BOUND [collection size: several] descending [collection size: several]]" classname="com.google.common.collect.testing.testers.CollectionEqualsTester" time="0.001"/>
  <testcase name="testForEachKnownOrder[UnmodifiableNavigableSetAPICompliance [collection size: several] subSet INCLUSIVE-NO_BOUND [collection size: several] descending [collection size: several]]" classname="com.google.common.collect.testing.testers.CollectionForEachTester" time="0"/>
  <testcase name="testIsEmpty_no[UnmodifiableNavigableSetAPICompliance [collection size: several] subSet INCLUSIVE-NO_BOUND [collection size: several] descending [collection size: several]]" classname="com.google.common.collect.testing.testers.CollectionIsEmptyTester" time="0"/>
  <testcase name="testIteratorNoSuchElementException[UnmodifiableNavigableSetAPICompliance [collection size: several] subSet INCLUSIVE-NO_BOUND [collection size: several] descending [collection size: several]]" classname="com.google.common.collect.testing.testers.CollectionIteratorTester" time="0"/>
  <testcase name="testIterationOrdering[UnmodifiableNavigableSetAPICompliance [collection size: several] subSet INCLUSIVE-NO_BOUND [collection size: several] descending [collection size: several]]" classname="com.google.common.collect.testing.testers.CollectionIteratorTester" time="0"/>
  <testcase name="testIterator_knownOrderRemoveUnsupported[UnmodifiableNavigableSetAPICompliance [collection size: several] subSet INCLUSIVE-NO_BOUND [collection size: several] descending [collection size: several]]" classname="com.google.common.collect.testing.testers.CollectionIteratorTester" time="0.018"/>
  <testcase name="testIterator[UnmodifiableNavigableSetAPICompliance [collection size: several] subSet INCLUSIVE-NO_BOUND [collection size: several] descending [collection size: several]]" classname="com.google.common.collect.testing.testers.CollectionIteratorTester" time="0"/>
  <testcase name="testRemoveAll_unsupportedPresent[UnmodifiableNavigableSetAPICompliance [collection size: several] subSet INCLUSIVE-NO_BOUND [collection size: several] descending [collection size: several]]" classname="com.google.common.collect.testing.testers.CollectionRemoveAllTester" time="0.001"/>
  <testcase name="testRemoveAll_unsupportedEmptyCollection[UnmodifiableNavigableSetAPICompliance [collection size: several] subSet INCLUSIVE-NO_BOUND [collection size: several] descending [collection size: several]]" classname="com.google.common.collect.testing.testers.CollectionRemoveAllTester" time="0"/>
  <testcase name="testRemoveAll_unsupportedNonePresent[UnmodifiableNavigableSetAPICompliance [collection size: several] subSet INCLUSIVE-NO_BOUND [collection size: several] descending [collection size: several]]" classname="com.google.common.collect.testing.testers.CollectionRemoveAllTester" time="0.026"/>
  <testcase name="testRemoveIf_alwaysTrueUnsupported[UnmodifiableNavigableSetAPICompliance [collection size: several] subSet INCLUSIVE-NO_BOUND [collection size: several] descending [collection size: several]]" classname="com.google.common.collect.testing.testers.CollectionRemoveIfTester" time="0"/>
  <testcase name="testRemove_unsupportedNotPresent[UnmodifiableNavigableSetAPICompliance [collection size: several] subSet INCLUSIVE-NO_BOUND [collection size: several] descending [collection size: several]]" classname="com.google.common.collect.testing.testers.CollectionRemoveTester" time="0"/>
  <testcase name="testRemove_unsupported[UnmodifiableNavigableSetAPICompliance [collection size: several] subSet INCLUSIVE-NO_BOUND [collection size: several] descending [collection size: several]]" classname="com.google.common.collect.testing.testers.CollectionRemoveTester" time="0"/>
  <testcase name="testIteratorRemove_unsupported[UnmodifiableNavigableSetAPICompliance [collection size: several] subSet INCLUSIVE-NO_BOUND [collection size: several] descending [collection size: several]]" classname="com.google.common.collect.testing.testers.CollectionRemoveTester" time="0"/>
  <testcase name="testRetainAll_disjointPreviouslyNonEmptyUnsupported[UnmodifiableNavigableSetAPICompliance [collection size: several] subSet INCLUSIVE-NO_BOUND [collection size: several] descending [collection size: several]]" classname="com.google.common.collect.testing.testers.CollectionRetainAllTester" time="0"/>
  <testcase name="testRetainAll_emptyPreviouslyNonEmptyUnsupported[UnmodifiableNavigableSetAPICompliance [collection size: several] subSet INCLUSIVE-NO_BOUND [collection size: several] descending [collection size: several]]" classname="com.google.common.collect.testing.testers.CollectionRetainAllTester" time="0"/>
  <testcase name="testRetainAll_supersetUnsupported[UnmodifiableNavigableSetAPICompliance [collection size: several] subSet INCLUSIVE-NO_BOUND [collection size: several] descending [collection size: several]]" classname="com.google.common.collect.testing.testers.CollectionRetainAllTester" time="0"/>
  <testcase name="testRetainAll_partialOverlapUnsupported[UnmodifiableNavigableSetAPICompliance [collection size: several] subSet INCLUSIVE-NO_BOUND [collection size: several] descending [collection size: several]]" classname="com.google.common.collect.testing.testers.CollectionRetainAllTester" time="0.001"/>
  <testcase name="testRetainAll_subsetUnsupported[UnmodifiableNavigableSetAPICompliance [collection size: several] subSet INCLUSIVE-NO_BOUND [collection size: several] descending [collection size: several]]" classname="com.google.common.collect.testing.testers.CollectionRetainAllTester" time="0"/>
  <testcase name="testRetainAll_sameElementsUnsupported[UnmodifiableNavigableSetAPICompliance [collection size: several] subSet INCLUSIVE-NO_BOUND [collection size: several] descending [collection size: several]]" classname="com.google.common.collect.testing.testers.CollectionRetainAllTester" time="0"/>
  <testcase name="testSize[UnmodifiableNavigableSetAPICompliance [collection size: several] subSet INCLUSIVE-NO_BOUND [collection size: several] descending [collection size: several]]" classname="com.google.common.collect.testing.testers.CollectionSizeTester" time="0"/>
  <testcase name="testSpliteratorKnownOrder[UnmodifiableNavigableSetAPICompliance [collection size: several] subSet INCLUSIVE-NO_BOUND [collection size: several] descending [collection size: several]]" classname="com.google.common.collect.testing.testers.CollectionSpliteratorTester" time="0"/>
  <testcase name="testStreamToArrayKnownOrder[UnmodifiableNavigableSetAPICompliance [collection size: several] subSet INCLUSIVE-NO_BOUND [collection size: several] descending [collection size: several]]" classname="com.google.common.collect.testing.testers.CollectionStreamTester" time="0.001"/>
  <testcase name="testStreamCount[UnmodifiableNavigableSetAPICompliance [collection size: several] subSet INCLUSIVE-NO_BOUND [collection size: several] descending [collection size: several]]" classname="com.google.common.collect.testing.testers.CollectionStreamTester" time="0"/>
  <testcase name="testToArray_emptyArray[UnmodifiableNavigableSetAPICompliance [collection size: several] subSet INCLUSIVE-NO_BOUND [collection size: several] descending [collection size: several]]" classname="com.google.common.collect.testing.testers.CollectionToArrayTester" time="0"/>
  <testcase name="testToArray_oversizedArray[UnmodifiableNavigableSetAPICompliance [collection size: several] subSet INCLUSIVE-NO_BOUND [collection size: several] descending [collection size: several]]" classname="com.google.common.collect.testing.testers.CollectionToArrayTester" time="0.001"/>
  <testcase name="testToArray_rightSizedArray_ordered[UnmodifiableNavigableSetAPICompliance [collection size: several] subSet INCLUSIVE-NO_BOUND [collection size: several] descending [collection size: several]]" classname="com.google.common.collect.testing.testers.CollectionToArrayTester" time="0.004"/>
  <testcase name="testToArray_emptyArrayOfObject[UnmodifiableNavigableSetAPICompliance [collection size: several] subSet INCLUSIVE-NO_BOUND [collection size: several] descending [collection size: several]]" classname="com.google.common.collect.testing.testers.CollectionToArrayTester" time="0"/>
  <testcase name="testToArray_rightSizedArrayOfObject_ordered[UnmodifiableNavigableSetAPICompliance [collection size: several] subSet INCLUSIVE-NO_BOUND [collection size: several] descending [collection size: several]]" classname="com.google.common.collect.testing.testers.CollectionToArrayTester" time="0"/>
  <testcase name="testToArray_emptyArrayOfWrongTypeForNonEmptyCollection[UnmodifiableNavigableSetAPICompliance [collection size: several] subSet INCLUSIVE-NO_BOUND [collection size: several] descending [collection size: several]]" classname="com.google.common.collect.testing.testers.CollectionToArrayTester" time="0.008"/>
  <testcase name="testToArray_noArgs[UnmodifiableNavigableSetAPICompliance [collection size: several] subSet INCLUSIVE-NO_BOUND [collection size: several] descending [collection size: several]]" classname="com.google.common.collect.testing.testers.CollectionToArrayTester" time="0"/>
  <testcase name="testToArray_oversizedArray_ordered[UnmodifiableNavigableSetAPICompliance [collection size: several] subSet INCLUSIVE-NO_BOUND [collection size: several] descending [collection size: several]]" classname="com.google.common.collect.testing.testers.CollectionToArrayTester" time="0"/>
  <testcase name="testToArray_isPlainObjectArray[UnmodifiableNavigableSetAPICompliance [collection size: several] subSet INCLUSIVE-NO_BOUND [collection size: several] descending [collection size: several]]" classname="com.google.common.collect.testing.testers.CollectionToArrayTester" time="0"/>
  <testcase name="testToArray_rightSizedArrayOfObject[UnmodifiableNavigableSetAPICompliance [collection size: several] subSet INCLUSIVE-NO_BOUND [collection size: several] descending [collection size: several]]" classname="com.google.common.collect.testing.testers.CollectionToArrayTester" time="0"/>
  <testcase name="testToArray_emptyArray_ordered[UnmodifiableNavigableSetAPICompliance [collection size: several] subSet INCLUSIVE-NO_BOUND [collection size: several] descending [collection size: several]]" classname="com.google.common.collect.testing.testers.CollectionToArrayTester" time="0.001"/>
  <testcase name="testToArray_rightSizedArray[UnmodifiableNavigableSetAPICompliance [collection size: several] subSet INCLUSIVE-NO_BOUND [collection size: several] descending [collection size: several]]" classname="com.google.common.collect.testing.testers.CollectionToArrayTester" time="0"/>
  <testcase name="testToString_sizeSeveral[UnmodifiableNavigableSetAPICompliance [collection size: several] subSet INCLUSIVE-NO_BOUND [collection size: several] descending [collection size: several]]" classname="com.google.common.collect.testing.testers.CollectionToStringTester" time="0"/>
  <testcase name="testToString_minimal[UnmodifiableNavigableSetAPICompliance [collection size: several] subSet INCLUSIVE-NO_BOUND [collection size: several] descending [collection size: several]]" classname="com.google.common.collect.testing.testers.CollectionToStringTester" time="0"/>
  <testcase name="testCreateWithDuplicates_nonNullDuplicatesNotRejected[UnmodifiableNavigableSetAPICompliance [collection size: several] subSet INCLUSIVE-NO_BOUND [collection size: several] descending [collection size: several]]" classname="com.google.common.collect.testing.testers.SetCreationTester" time="0"/>
  <testcase name="testHashCode[UnmodifiableNavigableSetAPICompliance [collection size: several] subSet INCLUSIVE-NO_BOUND [collection size: several] descending [collection size: several]]" classname="com.google.common.collect.testing.testers.SetHashCodeTester" time="0"/>
  <testcase name="testEquals_list[UnmodifiableNavigableSetAPICompliance [collection size: several] subSet INCLUSIVE-NO_BOUND [collection size: several] descending [collection size: several]]" classname="com.google.common.collect.testing.testers.SetEqualsTester" time="0"/>
  <testcase name="testEquals_otherSetWithSameElements[UnmodifiableNavigableSetAPICompliance [collection size: several] subSet INCLUSIVE-NO_BOUND [collection size: several] descending [collection size: several]]" classname="com.google.common.collect.testing.testers.SetEqualsTester" time="0"/>
  <testcase name="testEquals_largerSet[UnmodifiableNavigableSetAPICompliance [collection size: several] subSet INCLUSIVE-NO_BOUND [collection size: several] descending [collection size: several]]" classname="com.google.common.collect.testing.testers.SetEqualsTester" time="0"/>
  <testcase name="testEquals_otherContainsNull[UnmodifiableNavigableSetAPICompliance [collection size: several] subSet INCLUSIVE-NO_BOUND [collection size: several] descending [collection size: several]]" classname="com.google.common.collect.testing.testers.SetEqualsTester" time="0.001"/>
  <testcase name="testEquals_smallerSet[UnmodifiableNavigableSetAPICompliance [collection size: several] subSet INCLUSIVE-NO_BOUND [collection size: several] descending [collection size: several]]" classname="com.google.common.collect.testing.testers.SetEqualsTester" time="0"/>
  <testcase name="testEquals_otherSetWithDifferentElements[UnmodifiableNavigableSetAPICompliance [collection size: several] subSet INCLUSIVE-NO_BOUND [collection size: several] descending [collection size: several]]" classname="com.google.common.collect.testing.testers.SetEqualsTester" time="0"/>
  <testcase name="testAddAll_unsupportedSomePresent[UnmodifiableNavigableSetAPICompliance [collection size: several] subSet INCLUSIVE-EXCLUSIVE [collection size: several]]" classname="com.google.common.collect.testing.testers.CollectionAddAllTester" time="0"/>
  <testcase name="testAddAll_unsupportedNothing[UnmodifiableNavigableSetAPICompliance [collection size: several] subSet INCLUSIVE-EXCLUSIVE [collection size: several]]" classname="com.google.common.collect.testing.testers.CollectionAddAllTester" time="0"/>
  <testcase name="testAddAll_unsupportedNonePresent[UnmodifiableNavigableSetAPICompliance [collection size: several] subSet INCLUSIVE-EXCLUSIVE [collection size: several]]" classname="com.google.common.collect.testing.testers.CollectionAddAllTester" time="0.001"/>
  <testcase name="testAddAll_unsupportedAllPresent[UnmodifiableNavigableSetAPICompliance [collection size: several] subSet INCLUSIVE-EXCLUSIVE [collection size: several]]" classname="com.google.common.collect.testing.testers.CollectionAddAllTester" time="0"/>
  <testcase name="testAdd_unsupportedNotPresent[UnmodifiableNavigableSetAPICompliance [collection size: several] subSet INCLUSIVE-EXCLUSIVE [collection size: several]]" classname="com.google.common.collect.testing.testers.CollectionAddTester" time="0"/>
  <testcase name="testAdd_unsupportedPresent[UnmodifiableNavigableSetAPICompliance [collection size: several] subSet INCLUSIVE-EXCLUSIVE [collection size: several]]" classname="com.google.common.collect.testing.testers.CollectionAddTester" time="0"/>
  <testcase name="testClear_unsupported[UnmodifiableNavigableSetAPICompliance [collection size: several] subSet INCLUSIVE-EXCLUSIVE [collection size: several]]" classname="com.google.common.collect.testing.testers.CollectionClearTester" time="0"/>
  <testcase name="testContainsAll_subset[UnmodifiableNavigableSetAPICompliance [collection size: several] subSet INCLUSIVE-EXCLUSIVE [collection size: several]]" classname="com.google.common.collect.testing.testers.CollectionContainsAllTester" time="0"/>
  <testcase name="testContainsAll_disjoint[UnmodifiableNavigableSetAPICompliance [collection size: several] subSet INCLUSIVE-EXCLUSIVE [collection size: several]]" classname="com.google.common.collect.testing.testers.CollectionContainsAllTester" time="0"/>
  <testcase name="testContainsAll_nullNotAllowed[UnmodifiableNavigableSetAPICompliance [collection size: several] subSet INCLUSIVE-EXCLUSIVE [collection size: several]]" classname="com.google.common.collect.testing.testers.CollectionContainsAllTester" time="0"/>
  <testcase name="testContainsAll_self[UnmodifiableNavigableSetAPICompliance [collection size: several] subSet INCLUSIVE-EXCLUSIVE [collection size: several]]" classname="com.google.common.collect.testing.testers.CollectionContainsAllTester" time="0.001"/>
  <testcase name="testContainsAll_wrongType[UnmodifiableNavigableSetAPICompliance [collection size: several] subSet INCLUSIVE-EXCLUSIVE [collection size: several]]" classname="com.google.common.collect.testing.testers.CollectionContainsAllTester" time="0"/>
  <testcase name="testContainsAll_empty[UnmodifiableNavigableSetAPICompliance [collection size: several] subSet INCLUSIVE-EXCLUSIVE [collection size: several]]" classname="com.google.common.collect.testing.testers.CollectionContainsAllTester" time="0"/>
  <testcase name="testContainsAll_sameElements[UnmodifiableNavigableSetAPICompliance [collection size: several] subSet INCLUSIVE-EXCLUSIVE [collection size: several]]" classname="com.google.common.collect.testing.testers.CollectionContainsAllTester" time="0.002"/>
  <testcase name="testContainsAll_partialOverlap[UnmodifiableNavigableSetAPICompliance [collection size: several] subSet INCLUSIVE-EXCLUSIVE [collection size: several]]" classname="com.google.common.collect.testing.testers.CollectionContainsAllTester" time="0"/>
  <testcase name="testContains_yes[UnmodifiableNavigableSetAPICompliance [collection size: several] subSet INCLUSIVE-EXCLUSIVE [collection size: several]]" classname="com.google.common.collect.testing.testers.CollectionContainsTester" time="0"/>
  <testcase name="testContains_no[UnmodifiableNavigableSetAPICompliance [collection size: several] subSet INCLUSIVE-EXCLUSIVE [collection size: several]]" classname="com.google.common.collect.testing.testers.CollectionContainsTester" time="0"/>
  <testcase name="testContains_nullNotContainedAndUnsupported[UnmodifiableNavigableSetAPICompliance [collection size: several] subSet INCLUSIVE-EXCLUSIVE [collection size: several]]" classname="com.google.common.collect.testing.testers.CollectionContainsTester" time="0"/>
  <testcase name="testContains_wrongType[UnmodifiableNavigableSetAPICompliance [collection size: several] subSet INCLUSIVE-EXCLUSIVE [collection size: several]]" classname="com.google.common.collect.testing.testers.CollectionContainsTester" time="0"/>
  <testcase name="testCreateWithNull_unsupported[UnmodifiableNavigableSetAPICompliance [collection size: several] subSet INCLUSIVE-EXCLUSIVE [collection size: several]]" classname="com.google.common.collect.testing.testers.CollectionCreationTester" time="0"/>
  <testcase name="testEquals_null[UnmodifiableNavigableSetAPICompliance [collection size: several] subSet INCLUSIVE-EXCLUSIVE [collection size: several]]" classname="com.google.common.collect.testing.testers.CollectionEqualsTester" time="0"/>
  <testcase name="testEquals_self[UnmodifiableNavigableSetAPICompliance [collection size: several] subSet INCLUSIVE-EXCLUSIVE [collection size: several]]" classname="com.google.common.collect.testing.testers.CollectionEqualsTester" time="0"/>
  <testcase name="testEquals_notACollection[UnmodifiableNavigableSetAPICompliance [collection size: several] subSet INCLUSIVE-EXCLUSIVE [collection size: several]]" classname="com.google.common.collect.testing.testers.CollectionEqualsTester" time="0"/>
  <testcase name="testForEachKnownOrder[UnmodifiableNavigableSetAPICompliance [collection size: several] subSet INCLUSIVE-EXCLUSIVE [collection size: several]]" classname="com.google.common.collect.testing.testers.CollectionForEachTester" time="0"/>
  <testcase name="testIsEmpty_no[UnmodifiableNavigableSetAPICompliance [collection size: several] subSet INCLUSIVE-EXCLUSIVE [collection size: several]]" classname="com.google.common.collect.testing.testers.CollectionIsEmptyTester" time="0"/>
  <testcase name="testIteratorNoSuchElementException[UnmodifiableNavigableSetAPICompliance [collection size: several] subSet INCLUSIVE-EXCLUSIVE [collection size: several]]" classname="com.google.common.collect.testing.testers.CollectionIteratorTester" time="0"/>
  <testcase name="testIterationOrdering[UnmodifiableNavigableSetAPICompliance [collection size: several] subSet INCLUSIVE-EXCLUSIVE [collection size: several]]" classname="com.google.common.collect.testing.testers.CollectionIteratorTester" time="0"/>
  <testcase name="testIterator_knownOrderRemoveUnsupported[UnmodifiableNavigableSetAPICompliance [collection size: several] subSet INCLUSIVE-EXCLUSIVE [collection size: several]]" classname="com.google.common.collect.testing.testers.CollectionIteratorTester" time="0.007"/>
  <testcase name="testIterator[UnmodifiableNavigableSetAPICompliance [collection size: several] subSet INCLUSIVE-EXCLUSIVE [collection size: several]]" classname="com.google.common.collect.testing.testers.CollectionIteratorTester" time="0.001"/>
  <testcase name="testRemoveAll_unsupportedPresent[UnmodifiableNavigableSetAPICompliance [collection size: several] subSet INCLUSIVE-EXCLUSIVE [collection size: several]]" classname="com.google.common.collect.testing.testers.CollectionRemoveAllTester" time="0"/>
  <testcase name="testRemoveAll_unsupportedEmptyCollection[UnmodifiableNavigableSetAPICompliance [collection size: several] subSet INCLUSIVE-EXCLUSIVE [collection size: several]]" classname="com.google.common.collect.testing.testers.CollectionRemoveAllTester" time="0"/>
  <testcase name="testRemoveAll_unsupportedNonePresent[UnmodifiableNavigableSetAPICompliance [collection size: several] subSet INCLUSIVE-EXCLUSIVE [collection size: several]]" classname="com.google.common.collect.testing.testers.CollectionRemoveAllTester" time="0"/>
  <testcase name="testRemoveIf_alwaysTrueUnsupported[UnmodifiableNavigableSetAPICompliance [collection size: several] subSet INCLUSIVE-EXCLUSIVE [collection size: several]]" classname="com.google.common.collect.testing.testers.CollectionRemoveIfTester" time="0"/>
  <testcase name="testRemove_unsupportedNotPresent[UnmodifiableNavigableSetAPICompliance [collection size: several] subSet INCLUSIVE-EXCLUSIVE [collection size: several]]" classname="com.google.common.collect.testing.testers.CollectionRemoveTester" time="0"/>
  <testcase name="testRemove_unsupported[UnmodifiableNavigableSetAPICompliance [collection size: several] subSet INCLUSIVE-EXCLUSIVE [collection size: several]]" classname="com.google.common.collect.testing.testers.CollectionRemoveTester" time="0"/>
  <testcase name="testIteratorRemove_unsupported[UnmodifiableNavigableSetAPICompliance [collection size: several] subSet INCLUSIVE-EXCLUSIVE [collection size: several]]" classname="com.google.common.collect.testing.testers.CollectionRemoveTester" time="0"/>
  <testcase name="testRetainAll_disjointPreviouslyNonEmptyUnsupported[UnmodifiableNavigableSetAPICompliance [collection size: several] subSet INCLUSIVE-EXCLUSIVE [collection size: several]]" classname="com.google.common.collect.testing.testers.CollectionRetainAllTester" time="0"/>
  <testcase name="testRetainAll_emptyPreviouslyNonEmptyUnsupported[UnmodifiableNavigableSetAPICompliance [collection size: several] subSet INCLUSIVE-EXCLUSIVE [collection size: several]]" classname="com.google.common.collect.testing.testers.CollectionRetainAllTester" time="0"/>
  <testcase name="testRetainAll_supersetUnsupported[UnmodifiableNavigableSetAPICompliance [collection size: several] subSet INCLUSIVE-EXCLUSIVE [collection size: several]]" classname="com.google.common.collect.testing.testers.CollectionRetainAllTester" time="0.001"/>
  <testcase name="testRetainAll_partialOverlapUnsupported[UnmodifiableNavigableSetAPICompliance [collection size: several] subSet INCLUSIVE-EXCLUSIVE [collection size: several]]" classname="com.google.common.collect.testing.testers.CollectionRetainAllTester" time="0"/>
  <testcase name="testRetainAll_subsetUnsupported[UnmodifiableNavigableSetAPICompliance [collection size: several] subSet INCLUSIVE-EXCLUSIVE [collection size: several]]" classname="com.google.common.collect.testing.testers.CollectionRetainAllTester" time="0"/>
  <testcase name="testRetainAll_sameElementsUnsupported[UnmodifiableNavigableSetAPICompliance [collection size: several] subSet INCLUSIVE-EXCLUSIVE [collection size: several]]" classname="com.google.common.collect.testing.testers.CollectionRetainAllTester" time="0"/>
  <testcase name="testSize[UnmodifiableNavigableSetAPICompliance [collection size: several] subSet INCLUSIVE-EXCLUSIVE [collection size: several]]" classname="com.google.common.collect.testing.testers.CollectionSizeTester" time="0"/>
  <testcase name="testSpliteratorKnownOrder[UnmodifiableNavigableSetAPICompliance [collection size: several] subSet INCLUSIVE-EXCLUSIVE [collection size: several]]" classname="com.google.common.collect.testing.testers.CollectionSpliteratorTester" time="0"/>
  <testcase name="testStreamToArrayKnownOrder[UnmodifiableNavigableSetAPICompliance [collection size: several] subSet INCLUSIVE-EXCLUSIVE [collection size: several]]" classname="com.google.common.collect.testing.testers.CollectionStreamTester" time="0.001"/>
  <testcase name="testStreamCount[UnmodifiableNavigableSetAPICompliance [collection size: several] subSet INCLUSIVE-EXCLUSIVE [collection size: several]]" classname="com.google.common.collect.testing.testers.CollectionStreamTester" time="0"/>
  <testcase name="testToArray_emptyArray[UnmodifiableNavigableSetAPICompliance [collection size: several] subSet INCLUSIVE-EXCLUSIVE [collection size: several]]" classname="com.google.common.collect.testing.testers.CollectionToArrayTester" time="0"/>
  <testcase name="testToArray_oversizedArray[UnmodifiableNavigableSetAPICompliance [collection size: several] subSet INCLUSIVE-EXCLUSIVE [collection size: several]]" classname="com.google.common.collect.testing.testers.CollectionToArrayTester" time="0"/>
  <testcase name="testToArray_rightSizedArray_ordered[UnmodifiableNavigableSetAPICompliance [collection size: several] subSet INCLUSIVE-EXCLUSIVE [collection size: several]]" classname="com.google.common.collect.testing.testers.CollectionToArrayTester" time="0"/>
  <testcase name="testToArray_emptyArrayOfObject[UnmodifiableNavigableSetAPICompliance [collection size: several] subSet INCLUSIVE-EXCLUSIVE [collection size: several]]" classname="com.google.common.collect.testing.testers.CollectionToArrayTester" time="0"/>
  <testcase name="testToArray_rightSizedArrayOfObject_ordered[UnmodifiableNavigableSetAPICompliance [collection size: several] subSet INCLUSIVE-EXCLUSIVE [collection size: several]]" classname="com.google.common.collect.testing.testers.CollectionToArrayTester" time="0"/>
  <testcase name="testToArray_emptyArrayOfWrongTypeForNonEmptyCollection[UnmodifiableNavigableSetAPICompliance [collection size: several] subSet INCLUSIVE-EXCLUSIVE [collection size: several]]" classname="com.google.common.collect.testing.testers.CollectionToArrayTester" time="0"/>
  <testcase name="testToArray_noArgs[UnmodifiableNavigableSetAPICompliance [collection size: several] subSet INCLUSIVE-EXCLUSIVE [collection size: several]]" classname="com.google.common.collect.testing.testers.CollectionToArrayTester" time="0"/>
  <testcase name="testToArray_oversizedArray_ordered[UnmodifiableNavigableSetAPICompliance [collection size: several] subSet INCLUSIVE-EXCLUSIVE [collection size: several]]" classname="com.google.common.collect.testing.testers.CollectionToArrayTester" time="0"/>
  <testcase name="testToArray_isPlainObjectArray[UnmodifiableNavigableSetAPICompliance [collection size: several] subSet INCLUSIVE-EXCLUSIVE [collection size: several]]" classname="com.google.common.collect.testing.testers.CollectionToArrayTester" time="0"/>
  <testcase name="testToArray_rightSizedArrayOfObject[UnmodifiableNavigableSetAPICompliance [collection size: several] subSet INCLUSIVE-EXCLUSIVE [collection size: several]]" classname="com.google.common.collect.testing.testers.CollectionToArrayTester" time="0.001"/>
  <testcase name="testToArray_emptyArray_ordered[UnmodifiableNavigableSetAPICompliance [collection size: several] subSet INCLUSIVE-EXCLUSIVE [collection size: several]]" classname="com.google.common.collect.testing.testers.CollectionToArrayTester" time="0"/>
  <testcase name="testToArray_rightSizedArray[UnmodifiableNavigableSetAPICompliance [collection size: several] subSet INCLUSIVE-EXCLUSIVE [collection size: several]]" classname="com.google.common.collect.testing.testers.CollectionToArrayTester" time="0"/>
  <testcase name="testToString_sizeSeveral[UnmodifiableNavigableSetAPICompliance [collection size: several] subSet INCLUSIVE-EXCLUSIVE [collection size: several]]" classname="com.google.common.collect.testing.testers.CollectionToStringTester" time="0"/>
  <testcase name="testToString_minimal[UnmodifiableNavigableSetAPICompliance [collection size: several] subSet INCLUSIVE-EXCLUSIVE [collection size: several]]" classname="com.google.common.collect.testing.testers.CollectionToStringTester" time="0"/>
  <testcase name="testCreateWithDuplicates_nonNullDuplicatesNotRejected[UnmodifiableNavigableSetAPICompliance [collection size: several] subSet INCLUSIVE-EXCLUSIVE [collection size: several]]" classname="com.google.common.collect.testing.testers.SetCreationTester" time="0"/>
  <testcase name="testHashCode[UnmodifiableNavigableSetAPICompliance [collection size: several] subSet INCLUSIVE-EXCLUSIVE [collection size: several]]" classname="com.google.common.collect.testing.testers.SetHashCodeTester" time="0"/>
  <testcase name="testEquals_list[UnmodifiableNavigableSetAPICompliance [collection size: several] subSet INCLUSIVE-EXCLUSIVE [collection size: several]]" classname="com.google.common.collect.testing.testers.SetEqualsTester" time="0"/>
  <testcase name="testEquals_otherSetWithSameElements[UnmodifiableNavigableSetAPICompliance [collection size: several] subSet INCLUSIVE-EXCLUSIVE [collection size: several]]" classname="com.google.common.collect.testing.testers.SetEqualsTester" time="0"/>
  <testcase name="testEquals_largerSet[UnmodifiableNavigableSetAPICompliance [collection size: several] subSet INCLUSIVE-EXCLUSIVE [collection size: several]]" classname="com.google.common.collect.testing.testers.SetEqualsTester" time="0"/>
  <testcase name="testEquals_otherContainsNull[UnmodifiableNavigableSetAPICompliance [collection size: several] subSet INCLUSIVE-EXCLUSIVE [collection size: several]]" classname="com.google.common.collect.testing.testers.SetEqualsTester" time="0"/>
  <testcase name="testEquals_smallerSet[UnmodifiableNavigableSetAPICompliance [collection size: several] subSet INCLUSIVE-EXCLUSIVE [collection size: several]]" classname="com.google.common.collect.testing.testers.SetEqualsTester" time="0"/>
  <testcase name="testEquals_otherSetWithDifferentElements[UnmodifiableNavigableSetAPICompliance [collection size: several] subSet INCLUSIVE-EXCLUSIVE [collection size: several]]" classname="com.google.common.collect.testing.testers.SetEqualsTester" time="0.001"/>
  <testcase name="testFirst[UnmodifiableNavigableSetAPICompliance [collection size: several] subSet INCLUSIVE-EXCLUSIVE [collection size: several]]" classname="com.google.common.collect.testing.testers.SortedSetNavigationTester" time="0"/>
  <testcase name="testLast[UnmodifiableNavigableSetAPICompliance [collection size: several] subSet INCLUSIVE-EXCLUSIVE [collection size: several]]" classname="com.google.common.collect.testing.testers.SortedSetNavigationTester" time="0"/>
  <testcase name="testDescendingNavigation[UnmodifiableNavigableSetAPICompliance [collection size: several] subSet INCLUSIVE-EXCLUSIVE [collection size: several]]" classname="com.google.common.collect.testing.testers.NavigableSetNavigationTester" time="0"/>
  <testcase name="testFloor[UnmodifiableNavigableSetAPICompliance [collection size: several] subSet INCLUSIVE-EXCLUSIVE [collection size: several]]" classname="com.google.common.collect.testing.testers.NavigableSetNavigationTester" time="0"/>
  <testcase name="testLower[UnmodifiableNavigableSetAPICompliance [collection size: several] subSet INCLUSIVE-EXCLUSIVE [collection size: several]]" classname="com.google.common.collect.testing.testers.NavigableSetNavigationTester" time="0"/>
  <testcase name="testFloorHole[UnmodifiableNavigableSetAPICompliance [collection size: several] subSet INCLUSIVE-EXCLUSIVE [collection size: several]]" classname="com.google.common.collect.testing.testers.NavigableSetNavigationTester" time="0"/>
  <testcase name="testHigherHole[UnmodifiableNavigableSetAPICompliance [collection size: several] subSet INCLUSIVE-EXCLUSIVE [collection size: several]]" classname="com.google.common.collect.testing.testers.NavigableSetNavigationTester" time="0"/>
  <testcase name="testCeilingHole[UnmodifiableNavigableSetAPICompliance [collection size: several] subSet INCLUSIVE-EXCLUSIVE [collection size: several]]" classname="com.google.common.collect.testing.testers.NavigableSetNavigationTester" time="0"/>
  <testcase name="testLowerHole[UnmodifiableNavigableSetAPICompliance [collection size: several] subSet INCLUSIVE-EXCLUSIVE [collection size: several]]" classname="com.google.common.collect.testing.testers.NavigableSetNavigationTester" time="0"/>
  <testcase name="testCeiling[UnmodifiableNavigableSetAPICompliance [collection size: several] subSet INCLUSIVE-EXCLUSIVE [collection size: several]]" classname="com.google.common.collect.testing.testers.NavigableSetNavigationTester" time="0"/>
  <testcase name="testEmptySubSet[UnmodifiableNavigableSetAPICompliance [collection size: several] subSet INCLUSIVE-EXCLUSIVE [collection size: several]]" classname="com.google.common.collect.testing.testers.NavigableSetNavigationTester" time="0"/>
  <testcase name="testPollFirstUnsupported[UnmodifiableNavigableSetAPICompliance [collection size: several] subSet INCLUSIVE-EXCLUSIVE [collection size: several]]" classname="com.google.common.collect.testing.testers.NavigableSetNavigationTester" time="0"/>
  <testcase name="testPollLastUnsupported[UnmodifiableNavigableSetAPICompliance [collection size: several] subSet INCLUSIVE-EXCLUSIVE [collection size: several]]" classname="com.google.common.collect.testing.testers.NavigableSetNavigationTester" time="0"/>
  <testcase name="testHigher[UnmodifiableNavigableSetAPICompliance [collection size: several] subSet INCLUSIVE-EXCLUSIVE [collection size: several]]" classname="com.google.common.collect.testing.testers.NavigableSetNavigationTester" time="0.001"/>
  <testcase name="testAddAll_unsupportedSomePresent[UnmodifiableNavigableSetAPICompliance [collection size: several] subSet INCLUSIVE-EXCLUSIVE [collection size: several] descending [collection size: several]]" classname="com.google.common.collect.testing.testers.CollectionAddAllTester" time="0"/>
  <testcase name="testAddAll_unsupportedNothing[UnmodifiableNavigableSetAPICompliance [collection size: several] subSet INCLUSIVE-EXCLUSIVE [collection size: several] descending [collection size: several]]" classname="com.google.common.collect.testing.testers.CollectionAddAllTester" time="0"/>
  <testcase name="testAddAll_unsupportedNonePresent[UnmodifiableNavigableSetAPICompliance [collection size: several] subSet INCLUSIVE-EXCLUSIVE [collection size: several] descending [collection size: several]]" classname="com.google.common.collect.testing.testers.CollectionAddAllTester" time="0"/>
  <testcase name="testAddAll_unsupportedAllPresent[UnmodifiableNavigableSetAPICompliance [collection size: several] subSet INCLUSIVE-EXCLUSIVE [collection size: several] descending [collection size: several]]" classname="com.google.common.collect.testing.testers.CollectionAddAllTester" time="0"/>
  <testcase name="testAdd_unsupportedNotPresent[UnmodifiableNavigableSetAPICompliance [collection size: several] subSet INCLUSIVE-EXCLUSIVE [collection size: several] descending [collection size: several]]" classname="com.google.common.collect.testing.testers.CollectionAddTester" time="0"/>
  <testcase name="testAdd_unsupportedPresent[UnmodifiableNavigableSetAPICompliance [collection size: several] subSet INCLUSIVE-EXCLUSIVE [collection size: several] descending [collection size: several]]" classname="com.google.common.collect.testing.testers.CollectionAddTester" time="0"/>
  <testcase name="testClear_unsupported[UnmodifiableNavigableSetAPICompliance [collection size: several] subSet INCLUSIVE-EXCLUSIVE [collection size: several] descending [collection size: several]]" classname="com.google.common.collect.testing.testers.CollectionClearTester" time="0"/>
  <testcase name="testContainsAll_subset[UnmodifiableNavigableSetAPICompliance [collection size: several] subSet INCLUSIVE-EXCLUSIVE [collection size: several] descending [collection size: several]]" classname="com.google.common.collect.testing.testers.CollectionContainsAllTester" time="0"/>
  <testcase name="testContainsAll_disjoint[UnmodifiableNavigableSetAPICompliance [collection size: several] subSet INCLUSIVE-EXCLUSIVE [collection size: several] descending [collection size: several]]" classname="com.google.common.collect.testing.testers.CollectionContainsAllTester" time="0"/>
  <testcase name="testContainsAll_nullNotAllowed[UnmodifiableNavigableSetAPICompliance [collection size: several] subSet INCLUSIVE-EXCLUSIVE [collection size: several] descending [collection size: several]]" classname="com.google.common.collect.testing.testers.CollectionContainsAllTester" time="0"/>
  <testcase name="testContainsAll_self[UnmodifiableNavigableSetAPICompliance [collection size: several] subSet INCLUSIVE-EXCLUSIVE [collection size: several] descending [collection size: several]]" classname="com.google.common.collect.testing.testers.CollectionContainsAllTester" time="0"/>
  <testcase name="testContainsAll_wrongType[UnmodifiableNavigableSetAPICompliance [collection size: several] subSet INCLUSIVE-EXCLUSIVE [collection size: several] descending [collection size: several]]" classname="com.google.common.collect.testing.testers.CollectionContainsAllTester" time="0"/>
  <testcase name="testContainsAll_empty[UnmodifiableNavigableSetAPICompliance [collection size: several] subSet INCLUSIVE-EXCLUSIVE [collection size: several] descending [collection size: several]]" classname="com.google.common.collect.testing.testers.CollectionContainsAllTester" time="0.004"/>
  <testcase name="testContainsAll_sameElements[UnmodifiableNavigableSetAPICompliance [collection size: several] subSet INCLUSIVE-EXCLUSIVE [collection size: several] descending [collection size: several]]" classname="com.google.common.collect.testing.testers.CollectionContainsAllTester" time="0"/>
  <testcase name="testContainsAll_partialOverlap[UnmodifiableNavigableSetAPICompliance [collection size: several] subSet INCLUSIVE-EXCLUSIVE [collection size: several] descending [collection size: several]]" classname="com.google.common.collect.testing.testers.CollectionContainsAllTester" time="0"/>
  <testcase name="testContains_yes[UnmodifiableNavigableSetAPICompliance [collection size: several] subSet INCLUSIVE-EXCLUSIVE [collection size: several] descending [collection size: several]]" classname="com.google.common.collect.testing.testers.CollectionContainsTester" time="0"/>
  <testcase name="testContains_no[UnmodifiableNavigableSetAPICompliance [collection size: several] subSet INCLUSIVE-EXCLUSIVE [collection size: several] descending [collection size: several]]" classname="com.google.common.collect.testing.testers.CollectionContainsTester" time="0"/>
  <testcase name="testContains_nullNotContainedAndUnsupported[UnmodifiableNavigableSetAPICompliance [collection size: several] subSet INCLUSIVE-EXCLUSIVE [collection size: several] descending [collection size: several]]" classname="com.google.common.collect.testing.testers.CollectionContainsTester" time="0"/>
  <testcase name="testContains_wrongType[UnmodifiableNavigableSetAPICompliance [collection size: several] subSet INCLUSIVE-EXCLUSIVE [collection size: several] descending [collection size: several]]" classname="com.google.common.collect.testing.testers.CollectionContainsTester" time="0"/>
  <testcase name="testCreateWithNull_unsupported[UnmodifiableNavigableSetAPICompliance [collection size: several] subSet INCLUSIVE-EXCLUSIVE [collection size: several] descending [collection size: several]]" classname="com.google.common.collect.testing.testers.CollectionCreationTester" time="0"/>
  <testcase name="testEquals_null[UnmodifiableNavigableSetAPICompliance [collection size: several] subSet INCLUSIVE-EXCLUSIVE [collection size: several] descending [collection size: several]]" classname="com.google.common.collect.testing.testers.CollectionEqualsTester" time="0"/>
  <testcase name="testEquals_self[UnmodifiableNavigableSetAPICompliance [collection size: several] subSet INCLUSIVE-EXCLUSIVE [collection size: several] descending [collection size: several]]" classname="com.google.common.collect.testing.testers.CollectionEqualsTester" time="0"/>
  <testcase name="testEquals_notACollection[UnmodifiableNavigableSetAPICompliance [collection size: several] subSet INCLUSIVE-EXCLUSIVE [collection size: several] descending [collection size: several]]" classname="com.google.common.collect.testing.testers.CollectionEqualsTester" time="0"/>
  <testcase name="testForEachKnownOrder[UnmodifiableNavigableSetAPICompliance [collection size: several] subSet INCLUSIVE-EXCLUSIVE [collection size: several] descending [collection size: several]]" classname="com.google.common.collect.testing.testers.CollectionForEachTester" time="0"/>
  <testcase name="testIsEmpty_no[UnmodifiableNavigableSetAPICompliance [collection size: several] subSet INCLUSIVE-EXCLUSIVE [collection size: several] descending [collection size: several]]" classname="com.google.common.collect.testing.testers.CollectionIsEmptyTester" time="0"/>
  <testcase name="testIteratorNoSuchElementException[UnmodifiableNavigableSetAPICompliance [collection size: several] subSet INCLUSIVE-EXCLUSIVE [collection size: several] descending [collection size: several]]" classname="com.google.common.collect.testing.testers.CollectionIteratorTester" time="0"/>
  <testcase name="testIterationOrdering[UnmodifiableNavigableSetAPICompliance [collection size: several] subSet INCLUSIVE-EXCLUSIVE [collection size: several] descending [collection size: several]]" classname="com.google.common.collect.testing.testers.CollectionIteratorTester" time="0"/>
  <testcase name="testIterator_knownOrderRemoveUnsupported[UnmodifiableNavigableSetAPICompliance [collection size: several] subSet INCLUSIVE-EXCLUSIVE [collection size: several] descending [collection size: several]]" classname="com.google.common.collect.testing.testers.CollectionIteratorTester" time="0.016"/>
  <testcase name="testIterator[UnmodifiableNavigableSetAPICompliance [collection size: several] subSet INCLUSIVE-EXCLUSIVE [collection size: several] descending [collection size: several]]" classname="com.google.common.collect.testing.testers.CollectionIteratorTester" time="0"/>
  <testcase name="testRemoveAll_unsupportedPresent[UnmodifiableNavigableSetAPICompliance [collection size: several] subSet INCLUSIVE-EXCLUSIVE [collection size: several] descending [collection size: several]]" classname="com.google.common.collect.testing.testers.CollectionRemoveAllTester" time="0"/>
  <testcase name="testRemoveAll_unsupportedEmptyCollection[UnmodifiableNavigableSetAPICompliance [collection size: several] subSet INCLUSIVE-EXCLUSIVE [collection size: several] descending [collection size: several]]" classname="com.google.common.collect.testing.testers.CollectionRemoveAllTester" time="0"/>
  <testcase name="testRemoveAll_unsupportedNonePresent[UnmodifiableNavigableSetAPICompliance [collection size: several] subSet INCLUSIVE-EXCLUSIVE [collection size: several] descending [collection size: several]]" classname="com.google.common.collect.testing.testers.CollectionRemoveAllTester" time="0"/>
  <testcase name="testRemoveIf_alwaysTrueUnsupported[UnmodifiableNavigableSetAPICompliance [collection size: several] subSet INCLUSIVE-EXCLUSIVE [collection size: several] descending [collection size: several]]" classname="com.google.common.collect.testing.testers.CollectionRemoveIfTester" time="0"/>
  <testcase name="testRemove_unsupportedNotPresent[UnmodifiableNavigableSetAPICompliance [collection size: several] subSet INCLUSIVE-EXCLUSIVE [collection size: several] descending [collection size: several]]" classname="com.google.common.collect.testing.testers.CollectionRemoveTester" time="0.001"/>
  <testcase name="testRemove_unsupported[UnmodifiableNavigableSetAPICompliance [collection size: several] subSet INCLUSIVE-EXCLUSIVE [collection size: several] descending [collection size: several]]" classname="com.google.common.collect.testing.testers.CollectionRemoveTester" time="0"/>
  <testcase name="testIteratorRemove_unsupported[UnmodifiableNavigableSetAPICompliance [collection size: several] subSet INCLUSIVE-EXCLUSIVE [collection size: several] descending [collection size: several]]" classname="com.google.common.collect.testing.testers.CollectionRemoveTester" time="0"/>
  <testcase name="testRetainAll_disjointPreviouslyNonEmptyUnsupported[UnmodifiableNavigableSetAPICompliance [collection size: several] subSet INCLUSIVE-EXCLUSIVE [collection size: several] descending [collection size: several]]" classname="com.google.common.collect.testing.testers.CollectionRetainAllTester" time="0"/>
  <testcase name="testRetainAll_emptyPreviouslyNonEmptyUnsupported[UnmodifiableNavigableSetAPICompliance [collection size: several] subSet INCLUSIVE-EXCLUSIVE [collection size: several] descending [collection size: several]]" classname="com.google.common.collect.testing.testers.CollectionRetainAllTester" time="0"/>
  <testcase name="testRetainAll_supersetUnsupported[UnmodifiableNavigableSetAPICompliance [collection size: several] subSet INCLUSIVE-EXCLUSIVE [collection size: several] descending [collection size: several]]" classname="com.google.common.collect.testing.testers.CollectionRetainAllTester" time="0"/>
  <testcase name="testRetainAll_partialOverlapUnsupported[UnmodifiableNavigableSetAPICompliance [collection size: several] subSet INCLUSIVE-EXCLUSIVE [collection size: several] descending [collection size: several]]" classname="com.google.common.collect.testing.testers.CollectionRetainAllTester" time="0.001"/>
  <testcase name="testRetainAll_subsetUnsupported[UnmodifiableNavigableSetAPICompliance [collection size: several] subSet INCLUSIVE-EXCLUSIVE [collection size: several] descending [collection size: several]]" classname="com.google.common.collect.testing.testers.CollectionRetainAllTester" time="0"/>
  <testcase name="testRetainAll_sameElementsUnsupported[UnmodifiableNavigableSetAPICompliance [collection size: several] subSet INCLUSIVE-EXCLUSIVE [collection size: several] descending [collection size: several]]" classname="com.google.common.collect.testing.testers.CollectionRetainAllTester" time="0"/>
  <testcase name="testSize[UnmodifiableNavigableSetAPICompliance [collection size: several] subSet INCLUSIVE-EXCLUSIVE [collection size: several] descending [collection size: several]]" classname="com.google.common.collect.testing.testers.CollectionSizeTester" time="0"/>
  <testcase name="testSpliteratorKnownOrder[UnmodifiableNavigableSetAPICompliance [collection size: several] subSet INCLUSIVE-EXCLUSIVE [collection size: several] descending [collection size: several]]" classname="com.google.common.collect.testing.testers.CollectionSpliteratorTester" time="0"/>
  <testcase name="testStreamToArrayKnownOrder[UnmodifiableNavigableSetAPICompliance [collection size: several] subSet INCLUSIVE-EXCLUSIVE [collection size: several] descending [collection size: several]]" classname="com.google.common.collect.testing.testers.CollectionStreamTester" time="0"/>
  <testcase name="testStreamCount[UnmodifiableNavigableSetAPICompliance [collection size: several] subSet INCLUSIVE-EXCLUSIVE [collection size: several] descending [collection size: several]]" classname="com.google.common.collect.testing.testers.CollectionStreamTester" time="0"/>
  <testcase name="testToArray_emptyArray[UnmodifiableNavigableSetAPICompliance [collection size: several] subSet INCLUSIVE-EXCLUSIVE [collection size: several] descending [collection size: several]]" classname="com.google.common.collect.testing.testers.CollectionToArrayTester" time="0"/>
  <testcase name="testToArray_oversizedArray[UnmodifiableNavigableSetAPICompliance [collection size: several] subSet INCLUSIVE-EXCLUSIVE [collection size: several] descending [collection size: several]]" classname="com.google.common.collect.testing.testers.CollectionToArrayTester" time="0"/>
  <testcase name="testToArray_rightSizedArray_ordered[UnmodifiableNavigableSetAPICompliance [collection size: several] subSet INCLUSIVE-EXCLUSIVE [collection size: several] descending [collection size: several]]" classname="com.google.common.collect.testing.testers.CollectionToArrayTester" time="0.001"/>
  <testcase name="testToArray_emptyArrayOfObject[UnmodifiableNavigableSetAPICompliance [collection size: several] subSet INCLUSIVE-EXCLUSIVE [collection size: several] descending [collection size: several]]" classname="com.google.common.collect.testing.testers.CollectionToArrayTester" time="0"/>
  <testcase name="testToArray_rightSizedArrayOfObject_ordered[UnmodifiableNavigableSetAPICompliance [collection size: several] subSet INCLUSIVE-EXCLUSIVE [collection size: several] descending [collection size: several]]" classname="com.google.common.collect.testing.testers.CollectionToArrayTester" time="0"/>
  <testcase name="testToArray_emptyArrayOfWrongTypeForNonEmptyCollection[UnmodifiableNavigableSetAPICompliance [collection size: several] subSet INCLUSIVE-EXCLUSIVE [collection size: several] descending [collection size: several]]" classname="com.google.common.collect.testing.testers.CollectionToArrayTester" time="0"/>
  <testcase name="testToArray_noArgs[UnmodifiableNavigableSetAPICompliance [collection size: several] subSet INCLUSIVE-EXCLUSIVE [collection size: several] descending [collection size: several]]" classname="com.google.common.collect.testing.testers.CollectionToArrayTester" time="0"/>
  <testcase name="testToArray_oversizedArray_ordered[UnmodifiableNavigableSetAPICompliance [collection size: several] subSet INCLUSIVE-EXCLUSIVE [collection size: several] descending [collection size: several]]" classname="com.google.common.collect.testing.testers.CollectionToArrayTester" time="0"/>
  <testcase name="testToArray_isPlainObjectArray[UnmodifiableNavigableSetAPICompliance [collection size: several] subSet INCLUSIVE-EXCLUSIVE [collection size: several] descending [collection size: several]]" classname="com.google.common.collect.testing.testers.CollectionToArrayTester" time="0"/>
  <testcase name="testToArray_rightSizedArrayOfObject[UnmodifiableNavigableSetAPICompliance [collection size: several] subSet INCLUSIVE-EXCLUSIVE [collection size: several] descending [collection size: several]]" classname="com.google.common.collect.testing.testers.CollectionToArrayTester" time="0"/>
  <testcase name="testToArray_emptyArray_ordered[UnmodifiableNavigableSetAPICompliance [collection size: several] subSet INCLUSIVE-EXCLUSIVE [collection size: several] descending [collection size: several]]" classname="com.google.common.collect.testing.testers.CollectionToArrayTester" time="0"/>
  <testcase name="testToArray_rightSizedArray[UnmodifiableNavigableSetAPICompliance [collection size: several] subSet INCLUSIVE-EXCLUSIVE [collection size: several] descending [collection size: several]]" classname="com.google.common.collect.testing.testers.CollectionToArrayTester" time="0"/>
  <testcase name="testToString_sizeSeveral[UnmodifiableNavigableSetAPICompliance [collection size: several] subSet INCLUSIVE-EXCLUSIVE [collection size: several] descending [collection size: several]]" classname="com.google.common.collect.testing.testers.CollectionToStringTester" time="0"/>
  <testcase name="testToString_minimal[UnmodifiableNavigableSetAPICompliance [collection size: several] subSet INCLUSIVE-EXCLUSIVE [collection size: several] descending [collection size: several]]" classname="com.google.common.collect.testing.testers.CollectionToStringTester" time="0"/>
  <testcase name="testCreateWithDuplicates_nonNullDuplicatesNotRejected[UnmodifiableNavigableSetAPICompliance [collection size: several] subSet INCLUSIVE-EXCLUSIVE [collection size: several] descending [collection size: several]]" classname="com.google.common.collect.testing.testers.SetCreationTester" time="0"/>
  <testcase name="testHashCode[UnmodifiableNavigableSetAPICompliance [collection size: several] subSet INCLUSIVE-EXCLUSIVE [collection size: several] descending [collection size: several]]" classname="com.google.common.collect.testing.testers.SetHashCodeTester" time="0"/>
  <testcase name="testEquals_list[UnmodifiableNavigableSetAPICompliance [collection size: several] subSet INCLUSIVE-EXCLUSIVE [collection size: several] descending [collection size: several]]" classname="com.google.common.collect.testing.testers.SetEqualsTester" time="0"/>
  <testcase name="testEquals_otherSetWithSameElements[UnmodifiableNavigableSetAPICompliance [collection size: several] subSet INCLUSIVE-EXCLUSIVE [collection size: several] descending [collection size: several]]" classname="com.google.common.collect.testing.testers.SetEqualsTester" time="0"/>
  <testcase name="testEquals_largerSet[UnmodifiableNavigableSetAPICompliance [collection size: several] subSet INCLUSIVE-EXCLUSIVE [collection size: several] descending [collection size: several]]" classname="com.google.common.collect.testing.testers.SetEqualsTester" time="0.001"/>
  <testcase name="testEquals_otherContainsNull[UnmodifiableNavigableSetAPICompliance [collection size: several] subSet INCLUSIVE-EXCLUSIVE [collection size: several] descending [collection size: several]]" classname="com.google.common.collect.testing.testers.SetEqualsTester" time="0"/>
  <testcase name="testEquals_smallerSet[UnmodifiableNavigableSetAPICompliance [collection size: several] subSet INCLUSIVE-EXCLUSIVE [collection size: several] descending [collection size: several]]" classname="com.google.common.collect.testing.testers.SetEqualsTester" time="0"/>
  <testcase name="testEquals_otherSetWithDifferentElements[UnmodifiableNavigableSetAPICompliance [collection size: several] subSet INCLUSIVE-EXCLUSIVE [collection size: several] descending [collection size: several]]" classname="com.google.common.collect.testing.testers.SetEqualsTester" time="0"/>
  <testcase name="testAddAll_unsupportedSomePresent[UnmodifiableNavigableSetAPICompliance [collection size: several] subSet NO_BOUND-INCLUSIVE [collection size: several]]" classname="com.google.common.collect.testing.testers.CollectionAddAllTester" time="0"/>
  <testcase name="testAddAll_unsupportedNothing[UnmodifiableNavigableSetAPICompliance [collection size: several] subSet NO_BOUND-INCLUSIVE [collection size: several]]" classname="com.google.common.collect.testing.testers.CollectionAddAllTester" time="0"/>
  <testcase name="testAddAll_unsupportedNonePresent[UnmodifiableNavigableSetAPICompliance [collection size: several] subSet NO_BOUND-INCLUSIVE [collection size: several]]" classname="com.google.common.collect.testing.testers.CollectionAddAllTester" time="0"/>
  <testcase name="testAddAll_unsupportedAllPresent[UnmodifiableNavigableSetAPICompliance [collection size: several] subSet NO_BOUND-INCLUSIVE [collection size: several]]" classname="com.google.common.collect.testing.testers.CollectionAddAllTester" time="0.001"/>
  <testcase name="testAdd_unsupportedNotPresent[UnmodifiableNavigableSetAPICompliance [collection size: several] subSet NO_BOUND-INCLUSIVE [collection size: several]]" classname="com.google.common.collect.testing.testers.CollectionAddTester" time="0"/>
  <testcase name="testAdd_unsupportedPresent[UnmodifiableNavigableSetAPICompliance [collection size: several] subSet NO_BOUND-INCLUSIVE [collection size: several]]" classname="com.google.common.collect.testing.testers.CollectionAddTester" time="0"/>
  <testcase name="testClear_unsupported[UnmodifiableNavigableSetAPICompliance [collection size: several] subSet NO_BOUND-INCLUSIVE [collection size: several]]" classname="com.google.common.collect.testing.testers.CollectionClearTester" time="0"/>
  <testcase name="testContainsAll_subset[UnmodifiableNavigableSetAPICompliance [collection size: several] subSet NO_BOUND-INCLUSIVE [collection size: several]]" classname="com.google.common.collect.testing.testers.CollectionContainsAllTester" time="0"/>
  <testcase name="testContainsAll_disjoint[UnmodifiableNavigableSetAPICompliance [collection size: several] subSet NO_BOUND-INCLUSIVE [collection size: several]]" classname="com.google.common.collect.testing.testers.CollectionContainsAllTester" time="0"/>
  <testcase name="testContainsAll_nullNotAllowed[UnmodifiableNavigableSetAPICompliance [collection size: several] subSet NO_BOUND-INCLUSIVE [collection size: several]]" classname="com.google.common.collect.testing.testers.CollectionContainsAllTester" time="0"/>
  <testcase name="testContainsAll_self[UnmodifiableNavigableSetAPICompliance [collection size: several] subSet NO_BOUND-INCLUSIVE [collection size: several]]" classname="com.google.common.collect.testing.testers.CollectionContainsAllTester" time="0"/>
  <testcase name="testContainsAll_wrongType[UnmodifiableNavigableSetAPICompliance [collection size: several] subSet NO_BOUND-INCLUSIVE [collection size: several]]" classname="com.google.common.collect.testing.testers.CollectionContainsAllTester" time="0"/>
  <testcase name="testContainsAll_empty[UnmodifiableNavigableSetAPICompliance [collection size: several] subSet NO_BOUND-INCLUSIVE [collection size: several]]" classname="com.google.common.collect.testing.testers.CollectionContainsAllTester" time="0"/>
  <testcase name="testContainsAll_sameElements[UnmodifiableNavigableSetAPICompliance [collection size: several] subSet NO_BOUND-INCLUSIVE [collection size: several]]" classname="com.google.common.collect.testing.testers.CollectionContainsAllTester" time="0"/>
  <testcase name="testContainsAll_partialOverlap[UnmodifiableNavigableSetAPICompliance [collection size: several] subSet NO_BOUND-INCLUSIVE [collection size: several]]" classname="com.google.common.collect.testing.testers.CollectionContainsAllTester" time="0"/>
  <testcase name="testContains_yes[UnmodifiableNavigableSetAPICompliance [collection size: several] subSet NO_BOUND-INCLUSIVE [collection size: several]]" classname="com.google.common.collect.testing.testers.CollectionContainsTester" time="0"/>
  <testcase name="testContains_no[UnmodifiableNavigableSetAPICompliance [collection size: several] subSet NO_BOUND-INCLUSIVE [collection size: several]]" classname="com.google.common.collect.testing.testers.CollectionContainsTester" time="0.001"/>
  <testcase name="testContains_nullNotContainedAndUnsupported[UnmodifiableNavigableSetAPICompliance [collection size: several] subSet NO_BOUND-INCLUSIVE [collection size: several]]" classname="com.google.common.collect.testing.testers.CollectionContainsTester" time="0"/>
  <testcase name="testContains_wrongType[UnmodifiableNavigableSetAPICompliance [collection size: several] subSet NO_BOUND-INCLUSIVE [collection size: several]]" classname="com.google.common.collect.testing.testers.CollectionContainsTester" time="0"/>
  <testcase name="testCreateWithNull_unsupported[UnmodifiableNavigableSetAPICompliance [collection size: several] subSet NO_BOUND-INCLUSIVE [collection size: several]]" classname="com.google.common.collect.testing.testers.CollectionCreationTester" time="0"/>
  <testcase name="testEquals_null[UnmodifiableNavigableSetAPICompliance [collection size: several] subSet NO_BOUND-INCLUSIVE [collection size: several]]" classname="com.google.common.collect.testing.testers.CollectionEqualsTester" time="0"/>
  <testcase name="testEquals_self[UnmodifiableNavigableSetAPICompliance [collection size: several] subSet NO_BOUND-INCLUSIVE [collection size: several]]" classname="com.google.common.collect.testing.testers.CollectionEqualsTester" time="0"/>
  <testcase name="testEquals_notACollection[UnmodifiableNavigableSetAPICompliance [collection size: several] subSet NO_BOUND-INCLUSIVE [collection size: several]]" classname="com.google.common.collect.testing.testers.CollectionEqualsTester" time="0"/>
  <testcase name="testForEachKnownOrder[UnmodifiableNavigableSetAPICompliance [collection size: several] subSet NO_BOUND-INCLUSIVE [collection size: several]]" classname="com.google.common.collect.testing.testers.CollectionForEachTester" time="0"/>
  <testcase name="testIsEmpty_no[UnmodifiableNavigableSetAPICompliance [collection size: several] subSet NO_BOUND-INCLUSIVE [collection size: several]]" classname="com.google.common.collect.testing.testers.CollectionIsEmptyTester" time="0"/>
  <testcase name="testIteratorNoSuchElementException[UnmodifiableNavigableSetAPICompliance [collection size: several] subSet NO_BOUND-INCLUSIVE [collection size: several]]" classname="com.google.common.collect.testing.testers.CollectionIteratorTester" time="0"/>
  <testcase name="testIterationOrdering[UnmodifiableNavigableSetAPICompliance [collection size: several] subSet NO_BOUND-INCLUSIVE [collection size: several]]" classname="com.google.common.collect.testing.testers.CollectionIteratorTester" time="0"/>
  <testcase name="testIterator_knownOrderRemoveUnsupported[UnmodifiableNavigableSetAPICompliance [collection size: several] subSet NO_BOUND-INCLUSIVE [collection size: several]]" classname="com.google.common.collect.testing.testers.CollectionIteratorTester" time="0.011"/>
  <testcase name="testIterator[UnmodifiableNavigableSetAPICompliance [collection size: several] subSet NO_BOUND-INCLUSIVE [collection size: several]]" classname="com.google.common.collect.testing.testers.CollectionIteratorTester" time="0"/>
  <testcase name="testRemoveAll_unsupportedPresent[UnmodifiableNavigableSetAPICompliance [collection size: several] subSet NO_BOUND-INCLUSIVE [collection size: several]]" classname="com.google.common.collect.testing.testers.CollectionRemoveAllTester" time="0.001"/>
  <testcase name="testRemoveAll_unsupportedEmptyCollection[UnmodifiableNavigableSetAPICompliance [collection size: several] subSet NO_BOUND-INCLUSIVE [collection size: several]]" classname="com.google.common.collect.testing.testers.CollectionRemoveAllTester" time="0"/>
  <testcase name="testRemoveAll_unsupportedNonePresent[UnmodifiableNavigableSetAPICompliance [collection size: several] subSet NO_BOUND-INCLUSIVE [collection size: several]]" classname="com.google.common.collect.testing.testers.CollectionRemoveAllTester" time="0"/>
  <testcase name="testRemoveIf_alwaysTrueUnsupported[UnmodifiableNavigableSetAPICompliance [collection size: several] subSet NO_BOUND-INCLUSIVE [collection size: several]]" classname="com.google.common.collect.testing.testers.CollectionRemoveIfTester" time="0"/>
  <testcase name="testRemove_unsupportedNotPresent[UnmodifiableNavigableSetAPICompliance [collection size: several] subSet NO_BOUND-INCLUSIVE [collection size: several]]" classname="com.google.common.collect.testing.testers.CollectionRemoveTester" time="0"/>
  <testcase name="testRemove_unsupported[UnmodifiableNavigableSetAPICompliance [collection size: several] subSet NO_BOUND-INCLUSIVE [collection size: several]]" classname="com.google.common.collect.testing.testers.CollectionRemoveTester" time="0"/>
  <testcase name="testIteratorRemove_unsupported[UnmodifiableNavigableSetAPICompliance [collection size: several] subSet NO_BOUND-INCLUSIVE [collection size: several]]" classname="com.google.common.collect.testing.testers.CollectionRemoveTester" time="0"/>
  <testcase name="testRetainAll_disjointPreviouslyNonEmptyUnsupported[UnmodifiableNavigableSetAPICompliance [collection size: several] subSet NO_BOUND-INCLUSIVE [collection size: several]]" classname="com.google.common.collect.testing.testers.CollectionRetainAllTester" time="0"/>
  <testcase name="testRetainAll_emptyPreviouslyNonEmptyUnsupported[UnmodifiableNavigableSetAPICompliance [collection size: several] subSet NO_BOUND-INCLUSIVE [collection size: several]]" classname="com.google.common.collect.testing.testers.CollectionRetainAllTester" time="0"/>
  <testcase name="testRetainAll_supersetUnsupported[UnmodifiableNavigableSetAPICompliance [collection size: several] subSet NO_BOUND-INCLUSIVE [collection size: several]]" classname="com.google.common.collect.testing.testers.CollectionRetainAllTester" time="0"/>
  <testcase name="testRetainAll_partialOverlapUnsupported[UnmodifiableNavigableSetAPICompliance [collection size: several] subSet NO_BOUND-INCLUSIVE [collection size: several]]" classname="com.google.common.collect.testing.testers.CollectionRetainAllTester" time="0"/>
  <testcase name="testRetainAll_subsetUnsupported[UnmodifiableNavigableSetAPICompliance [collection size: several] subSet NO_BOUND-INCLUSIVE [collection size: several]]" classname="com.google.common.collect.testing.testers.CollectionRetainAllTester" time="0"/>
  <testcase name="testRetainAll_sameElementsUnsupported[UnmodifiableNavigableSetAPICompliance [collection size: several] subSet NO_BOUND-INCLUSIVE [collection size: several]]" classname="com.google.common.collect.testing.testers.CollectionRetainAllTester" time="0"/>
  <testcase name="testSize[UnmodifiableNavigableSetAPICompliance [collection size: several] subSet NO_BOUND-INCLUSIVE [collection size: several]]" classname="com.google.common.collect.testing.testers.CollectionSizeTester" time="0"/>
  <testcase name="testSpliteratorKnownOrder[UnmodifiableNavigableSetAPICompliance [collection size: several] subSet NO_BOUND-INCLUSIVE [collection size: several]]" classname="com.google.common.collect.testing.testers.CollectionSpliteratorTester" time="0"/>
  <testcase name="testStreamToArrayKnownOrder[UnmodifiableNavigableSetAPICompliance [collection size: several] subSet NO_BOUND-INCLUSIVE [collection size: several]]" classname="com.google.common.collect.testing.testers.CollectionStreamTester" time="0"/>
  <testcase name="testStreamCount[UnmodifiableNavigableSetAPICompliance [collection size: several] subSet NO_BOUND-INCLUSIVE [collection size: several]]" classname="com.google.common.collect.testing.testers.CollectionStreamTester" time="0"/>
  <testcase name="testToArray_emptyArray[UnmodifiableNavigableSetAPICompliance [collection size: several] subSet NO_BOUND-INCLUSIVE [collection size: several]]" classname="com.google.common.collect.testing.testers.CollectionToArrayTester" time="0"/>
  <testcase name="testToArray_oversizedArray[UnmodifiableNavigableSetAPICompliance [collection size: several] subSet NO_BOUND-INCLUSIVE [collection size: several]]" classname="com.google.common.collect.testing.testers.CollectionToArrayTester" time="0"/>
  <testcase name="testToArray_rightSizedArray_ordered[UnmodifiableNavigableSetAPICompliance [collection size: several] subSet NO_BOUND-INCLUSIVE [collection size: several]]" classname="com.google.common.collect.testing.testers.CollectionToArrayTester" time="0"/>
  <testcase name="testToArray_emptyArrayOfObject[UnmodifiableNavigableSetAPICompliance [collection size: several] subSet NO_BOUND-INCLUSIVE [collection size: several]]" classname="com.google.common.collect.testing.testers.CollectionToArrayTester" time="0"/>
  <testcase name="testToArray_rightSizedArrayOfObject_ordered[UnmodifiableNavigableSetAPICompliance [collection size: several] subSet NO_BOUND-INCLUSIVE [collection size: several]]" classname="com.google.common.collect.testing.testers.CollectionToArrayTester" time="0"/>
  <testcase name="testToArray_emptyArrayOfWrongTypeForNonEmptyCollection[UnmodifiableNavigableSetAPICompliance [collection size: several] subSet NO_BOUND-INCLUSIVE [collection size: several]]" classname="com.google.common.collect.testing.testers.CollectionToArrayTester" time="0"/>
  <testcase name="testToArray_noArgs[UnmodifiableNavigableSetAPICompliance [collection size: several] subSet NO_BOUND-INCLUSIVE [collection size: several]]" classname="com.google.common.collect.testing.testers.CollectionToArrayTester" time="0"/>
  <testcase name="testToArray_oversizedArray_ordered[UnmodifiableNavigableSetAPICompliance [collection size: several] subSet NO_BOUND-INCLUSIVE [collection size: several]]" classname="com.google.common.collect.testing.testers.CollectionToArrayTester" time="0"/>
  <testcase name="testToArray_isPlainObjectArray[UnmodifiableNavigableSetAPICompliance [collection size: several] subSet NO_BOUND-INCLUSIVE [collection size: several]]" classname="com.google.common.collect.testing.testers.CollectionToArrayTester" time="0"/>
  <testcase name="testToArray_rightSizedArrayOfObject[UnmodifiableNavigableSetAPICompliance [collection size: several] subSet NO_BOUND-INCLUSIVE [collection size: several]]" classname="com.google.common.collect.testing.testers.CollectionToArrayTester" time="0"/>
  <testcase name="testToArray_emptyArray_ordered[UnmodifiableNavigableSetAPICompliance [collection size: several] subSet NO_BOUND-INCLUSIVE [collection size: several]]" classname="com.google.common.collect.testing.testers.CollectionToArrayTester" time="0"/>
  <testcase name="testToArray_rightSizedArray[UnmodifiableNavigableSetAPICompliance [collection size: several] subSet NO_BOUND-INCLUSIVE [collection size: several]]" classname="com.google.common.collect.testing.testers.CollectionToArrayTester" time="0"/>
  <testcase name="testToString_sizeSeveral[UnmodifiableNavigableSetAPICompliance [collection size: several] subSet NO_BOUND-INCLUSIVE [collection size: several]]" classname="com.google.common.collect.testing.testers.CollectionToStringTester" time="0"/>
  <testcase name="testToString_minimal[UnmodifiableNavigableSetAPICompliance [collection size: several] subSet NO_BOUND-INCLUSIVE [collection size: several]]" classname="com.google.common.collect.testing.testers.CollectionToStringTester" time="0"/>
  <testcase name="testCreateWithDuplicates_nonNullDuplicatesNotRejected[UnmodifiableNavigableSetAPICompliance [collection size: several] subSet NO_BOUND-INCLUSIVE [collection size: several]]" classname="com.google.common.collect.testing.testers.SetCreationTester" time="0"/>
  <testcase name="testHashCode[UnmodifiableNavigableSetAPICompliance [collection size: several] subSet NO_BOUND-INCLUSIVE [collection size: several]]" classname="com.google.common.collect.testing.testers.SetHashCodeTester" time="0"/>
  <testcase name="testEquals_list[UnmodifiableNavigableSetAPICompliance [collection size: several] subSet NO_BOUND-INCLUSIVE [collection size: several]]" classname="com.google.common.collect.testing.testers.SetEqualsTester" time="0"/>
  <testcase name="testEquals_otherSetWithSameElements[UnmodifiableNavigableSetAPICompliance [collection size: several] subSet NO_BOUND-INCLUSIVE [collection size: several]]" classname="com.google.common.collect.testing.testers.SetEqualsTester" time="0"/>
  <testcase name="testEquals_largerSet[UnmodifiableNavigableSetAPICompliance [collection size: several] subSet NO_BOUND-INCLUSIVE [collection size: several]]" classname="com.google.common.collect.testing.testers.SetEqualsTester" time="0"/>
  <testcase name="testEquals_otherContainsNull[UnmodifiableNavigableSetAPICompliance [collection size: several] subSet NO_BOUND-INCLUSIVE [collection size: several]]" classname="com.google.common.collect.testing.testers.SetEqualsTester" time="0"/>
  <testcase name="testEquals_smallerSet[UnmodifiableNavigableSetAPICompliance [collection size: several] subSet NO_BOUND-INCLUSIVE [collection size: several]]" classname="com.google.common.collect.testing.testers.SetEqualsTester" time="0"/>
  <testcase name="testEquals_otherSetWithDifferentElements[UnmodifiableNavigableSetAPICompliance [collection size: several] subSet NO_BOUND-INCLUSIVE [collection size: several]]" classname="com.google.common.collect.testing.testers.SetEqualsTester" time="0"/>
  <testcase name="testFirst[UnmodifiableNavigableSetAPICompliance [collection size: several] subSet NO_BOUND-INCLUSIVE [collection size: several]]" classname="com.google.common.collect.testing.testers.SortedSetNavigationTester" time="0"/>
  <testcase name="testLast[UnmodifiableNavigableSetAPICompliance [collection size: several] subSet NO_BOUND-INCLUSIVE [collection size: several]]" classname="com.google.common.collect.testing.testers.SortedSetNavigationTester" time="0"/>
  <testcase name="testDescendingNavigation[UnmodifiableNavigableSetAPICompliance [collection size: several] subSet NO_BOUND-INCLUSIVE [collection size: several]]" classname="com.google.common.collect.testing.testers.NavigableSetNavigationTester" time="0"/>
  <testcase name="testFloor[UnmodifiableNavigableSetAPICompliance [collection size: several] subSet NO_BOUND-INCLUSIVE [collection size: several]]" classname="com.google.common.collect.testing.testers.NavigableSetNavigationTester" time="0"/>
  <testcase name="testLower[UnmodifiableNavigableSetAPICompliance [collection size: several] subSet NO_BOUND-INCLUSIVE [collection size: several]]" classname="com.google.common.collect.testing.testers.NavigableSetNavigationTester" time="0"/>
  <testcase name="testFloorHole[UnmodifiableNavigableSetAPICompliance [collection size: several] subSet NO_BOUND-INCLUSIVE [collection size: several]]" classname="com.google.common.collect.testing.testers.NavigableSetNavigationTester" time="0"/>
  <testcase name="testHigherHole[UnmodifiableNavigableSetAPICompliance [collection size: several] subSet NO_BOUND-INCLUSIVE [collection size: several]]" classname="com.google.common.collect.testing.testers.NavigableSetNavigationTester" time="0.002"/>
  <testcase name="testCeilingHole[UnmodifiableNavigableSetAPICompliance [collection size: several] subSet NO_BOUND-INCLUSIVE [collection size: several]]" classname="com.google.common.collect.testing.testers.NavigableSetNavigationTester" time="0"/>
  <testcase name="testLowerHole[UnmodifiableNavigableSetAPICompliance [collection size: several] subSet NO_BOUND-INCLUSIVE [collection size: several]]" classname="com.google.common.collect.testing.testers.NavigableSetNavigationTester" time="0"/>
  <testcase name="testCeiling[UnmodifiableNavigableSetAPICompliance [collection size: several] subSet NO_BOUND-INCLUSIVE [collection size: several]]" classname="com.google.common.collect.testing.testers.NavigableSetNavigationTester" time="0"/>
  <testcase name="testEmptySubSet[UnmodifiableNavigableSetAPICompliance [collection size: several] subSet NO_BOUND-INCLUSIVE [collection size: several]]" classname="com.google.common.collect.testing.testers.NavigableSetNavigationTester" time="0"/>
  <testcase name="testPollFirstUnsupported[UnmodifiableNavigableSetAPICompliance [collection size: several] subSet NO_BOUND-INCLUSIVE [collection size: several]]" classname="com.google.common.collect.testing.testers.NavigableSetNavigationTester" time="0"/>
  <testcase name="testPollLastUnsupported[UnmodifiableNavigableSetAPICompliance [collection size: several] subSet NO_BOUND-INCLUSIVE [collection size: several]]" classname="com.google.common.collect.testing.testers.NavigableSetNavigationTester" time="0"/>
  <testcase name="testHigher[UnmodifiableNavigableSetAPICompliance [collection size: several] subSet NO_BOUND-INCLUSIVE [collection size: several]]" classname="com.google.common.collect.testing.testers.NavigableSetNavigationTester" time="0"/>
  <testcase name="testAddAll_unsupportedSomePresent[UnmodifiableNavigableSetAPICompliance [collection size: several] subSet NO_BOUND-INCLUSIVE [collection size: several] descending [collection size: several]]" classname="com.google.common.collect.testing.testers.CollectionAddAllTester" time="0"/>
  <testcase name="testAddAll_unsupportedNothing[UnmodifiableNavigableSetAPICompliance [collection size: several] subSet NO_BOUND-INCLUSIVE [collection size: several] descending [collection size: several]]" classname="com.google.common.collect.testing.testers.CollectionAddAllTester" time="0"/>
  <testcase name="testAddAll_unsupportedNonePresent[UnmodifiableNavigableSetAPICompliance [collection size: several] subSet NO_BOUND-INCLUSIVE [collection size: several] descending [collection size: several]]" classname="com.google.common.collect.testing.testers.CollectionAddAllTester" time="0"/>
  <testcase name="testAddAll_unsupportedAllPresent[UnmodifiableNavigableSetAPICompliance [collection size: several] subSet NO_BOUND-INCLUSIVE [collection size: several] descending [collection size: several]]" classname="com.google.common.collect.testing.testers.CollectionAddAllTester" time="0"/>
  <testcase name="testAdd_unsupportedNotPresent[UnmodifiableNavigableSetAPICompliance [collection size: several] subSet NO_BOUND-INCLUSIVE [collection size: several] descending [collection size: several]]" classname="com.google.common.collect.testing.testers.CollectionAddTester" time="0"/>
  <testcase name="testAdd_unsupportedPresent[UnmodifiableNavigableSetAPICompliance [collection size: several] subSet NO_BOUND-INCLUSIVE [collection size: several] descending [collection size: several]]" classname="com.google.common.collect.testing.testers.CollectionAddTester" time="0"/>
  <testcase name="testClear_unsupported[UnmodifiableNavigableSetAPICompliance [collection size: several] subSet NO_BOUND-INCLUSIVE [collection size: several] descending [collection size: several]]" classname="com.google.common.collect.testing.testers.CollectionClearTester" time="0"/>
  <testcase name="testContainsAll_subset[UnmodifiableNavigableSetAPICompliance [collection size: several] subSet NO_BOUND-INCLUSIVE [collection size: several] descending [collection size: several]]" classname="com.google.common.collect.testing.testers.CollectionContainsAllTester" time="0"/>
  <testcase name="testContainsAll_disjoint[UnmodifiableNavigableSetAPICompliance [collection size: several] subSet NO_BOUND-INCLUSIVE [collection size: several] descending [collection size: several]]" classname="com.google.common.collect.testing.testers.CollectionContainsAllTester" time="0"/>
  <testcase name="testContainsAll_nullNotAllowed[UnmodifiableNavigableSetAPICompliance [collection size: several] subSet NO_BOUND-INCLUSIVE [collection size: several] descending [collection size: several]]" classname="com.google.common.collect.testing.testers.CollectionContainsAllTester" time="0"/>
  <testcase name="testContainsAll_self[UnmodifiableNavigableSetAPICompliance [collection size: several] subSet NO_BOUND-INCLUSIVE [collection size: several] descending [collection size: several]]" classname="com.google.common.collect.testing.testers.CollectionContainsAllTester" time="0"/>
  <testcase name="testContainsAll_wrongType[UnmodifiableNavigableSetAPICompliance [collection size: several] subSet NO_BOUND-INCLUSIVE [collection size: several] descending [collection size: several]]" classname="com.google.common.collect.testing.testers.CollectionContainsAllTester" time="0"/>
  <testcase name="testContainsAll_empty[UnmodifiableNavigableSetAPICompliance [collection size: several] subSet NO_BOUND-INCLUSIVE [collection size: several] descending [collection size: several]]" classname="com.google.common.collect.testing.testers.CollectionContainsAllTester" time="0"/>
  <testcase name="testContainsAll_sameElements[UnmodifiableNavigableSetAPICompliance [collection size: several] subSet NO_BOUND-INCLUSIVE [collection size: several] descending [collection size: several]]" classname="com.google.common.collect.testing.testers.CollectionContainsAllTester" time="0"/>
  <testcase name="testContainsAll_partialOverlap[UnmodifiableNavigableSetAPICompliance [collection size: several] subSet NO_BOUND-INCLUSIVE [collection size: several] descending [collection size: several]]" classname="com.google.common.collect.testing.testers.CollectionContainsAllTester" time="0"/>
  <testcase name="testContains_yes[UnmodifiableNavigableSetAPICompliance [collection size: several] subSet NO_BOUND-INCLUSIVE [collection size: several] descending [collection size: several]]" classname="com.google.common.collect.testing.testers.CollectionContainsTester" time="0"/>
  <testcase name="testContains_no[UnmodifiableNavigableSetAPICompliance [collection size: several] subSet NO_BOUND-INCLUSIVE [collection size: several] descending [collection size: several]]" classname="com.google.common.collect.testing.testers.CollectionContainsTester" time="0"/>
  <testcase name="testContains_nullNotContainedAndUnsupported[UnmodifiableNavigableSetAPICompliance [collection size: several] subSet NO_BOUND-INCLUSIVE [collection size: several] descending [collection size: several]]" classname="com.google.common.collect.testing.testers.CollectionContainsTester" time="0"/>
  <testcase name="testContains_wrongType[UnmodifiableNavigableSetAPICompliance [collection size: several] subSet NO_BOUND-INCLUSIVE [collection size: several] descending [collection size: several]]" classname="com.google.common.collect.testing.testers.CollectionContainsTester" time="0.003"/>
  <testcase name="testCreateWithNull_unsupported[UnmodifiableNavigableSetAPICompliance [collection size: several] subSet NO_BOUND-INCLUSIVE [collection size: several] descending [collection size: several]]" classname="com.google.common.collect.testing.testers.CollectionCreationTester" time="0.016"/>
  <testcase name="testEquals_null[UnmodifiableNavigableSetAPICompliance [collection size: several] subSet NO_BOUND-INCLUSIVE [collection size: several] descending [collection size: several]]" classname="com.google.common.collect.testing.testers.CollectionEqualsTester" time="0"/>
  <testcase name="testEquals_self[UnmodifiableNavigableSetAPICompliance [collection size: several] subSet NO_BOUND-INCLUSIVE [collection size: several] descending [collection size: several]]" classname="com.google.common.collect.testing.testers.CollectionEqualsTester" time="0"/>
  <testcase name="testEquals_notACollection[UnmodifiableNavigableSetAPICompliance [collection size: several] subSet NO_BOUND-INCLUSIVE [collection size: several] descending [collection size: several]]" classname="com.google.common.collect.testing.testers.CollectionEqualsTester" time="0"/>
  <testcase name="testForEachKnownOrder[UnmodifiableNavigableSetAPICompliance [collection size: several] subSet NO_BOUND-INCLUSIVE [collection size: several] descending [collection size: several]]" classname="com.google.common.collect.testing.testers.CollectionForEachTester" time="0"/>
  <testcase name="testIsEmpty_no[UnmodifiableNavigableSetAPICompliance [collection size: several] subSet NO_BOUND-INCLUSIVE [collection size: several] descending [collection size: several]]" classname="com.google.common.collect.testing.testers.CollectionIsEmptyTester" time="0"/>
  <testcase name="testIteratorNoSuchElementException[UnmodifiableNavigableSetAPICompliance [collection size: several] subSet NO_BOUND-INCLUSIVE [collection size: several] descending [collection size: several]]" classname="com.google.common.collect.testing.testers.CollectionIteratorTester" time="0"/>
  <testcase name="testIterationOrdering[UnmodifiableNavigableSetAPICompliance [collection size: several] subSet NO_BOUND-INCLUSIVE [collection size: several] descending [collection size: several]]" classname="com.google.common.collect.testing.testers.CollectionIteratorTester" time="0"/>
  <testcase name="testIterator_knownOrderRemoveUnsupported[UnmodifiableNavigableSetAPICompliance [collection size: several] subSet NO_BOUND-INCLUSIVE [collection size: several] descending [collection size: several]]" classname="com.google.common.collect.testing.testers.CollectionIteratorTester" time="0.004"/>
  <testcase name="testIterator[UnmodifiableNavigableSetAPICompliance [collection size: several] subSet NO_BOUND-INCLUSIVE [collection size: several] descending [collection size: several]]" classname="com.google.common.collect.testing.testers.CollectionIteratorTester" time="0"/>
  <testcase name="testRemoveAll_unsupportedPresent[UnmodifiableNavigableSetAPICompliance [collection size: several] subSet NO_BOUND-INCLUSIVE [collection size: several] descending [collection size: several]]" classname="com.google.common.collect.testing.testers.CollectionRemoveAllTester" time="0"/>
  <testcase name="testRemoveAll_unsupportedEmptyCollection[UnmodifiableNavigableSetAPICompliance [collection size: several] subSet NO_BOUND-INCLUSIVE [collection size: several] descending [collection size: several]]" classname="com.google.common.collect.testing.testers.CollectionRemoveAllTester" time="0"/>
  <testcase name="testRemoveAll_unsupportedNonePresent[UnmodifiableNavigableSetAPICompliance [collection size: several] subSet NO_BOUND-INCLUSIVE [collection size: several] descending [collection size: several]]" classname="com.google.common.collect.testing.testers.CollectionRemoveAllTester" time="0"/>
  <testcase name="testRemoveIf_alwaysTrueUnsupported[UnmodifiableNavigableSetAPICompliance [collection size: several] subSet NO_BOUND-INCLUSIVE [collection size: several] descending [collection size: several]]" classname="com.google.common.collect.testing.testers.CollectionRemoveIfTester" time="0"/>
  <testcase name="testRemove_unsupportedNotPresent[UnmodifiableNavigableSetAPICompliance [collection size: several] subSet NO_BOUND-INCLUSIVE [collection size: several] descending [collection size: several]]" classname="com.google.common.collect.testing.testers.CollectionRemoveTester" time="0"/>
  <testcase name="testRemove_unsupported[UnmodifiableNavigableSetAPICompliance [collection size: several] subSet NO_BOUND-INCLUSIVE [collection size: several] descending [collection size: several]]" classname="com.google.common.collect.testing.testers.CollectionRemoveTester" time="0"/>
  <testcase name="testIteratorRemove_unsupported[UnmodifiableNavigableSetAPICompliance [collection size: several] subSet NO_BOUND-INCLUSIVE [collection size: several] descending [collection size: several]]" classname="com.google.common.collect.testing.testers.CollectionRemoveTester" time="0"/>
  <testcase name="testRetainAll_disjointPreviouslyNonEmptyUnsupported[UnmodifiableNavigableSetAPICompliance [collection size: several] subSet NO_BOUND-INCLUSIVE [collection size: several] descending [collection size: several]]" classname="com.google.common.collect.testing.testers.CollectionRetainAllTester" time="0"/>
  <testcase name="testRetainAll_emptyPreviouslyNonEmptyUnsupported[UnmodifiableNavigableSetAPICompliance [collection size: several] subSet NO_BOUND-INCLUSIVE [collection size: several] descending [collection size: several]]" classname="com.google.common.collect.testing.testers.CollectionRetainAllTester" time="0"/>
  <testcase name="testRetainAll_supersetUnsupported[UnmodifiableNavigableSetAPICompliance [collection size: several] subSet NO_BOUND-INCLUSIVE [collection size: several] descending [collection size: several]]" classname="com.google.common.collect.testing.testers.CollectionRetainAllTester" time="0"/>
  <testcase name="testRetainAll_partialOverlapUnsupported[UnmodifiableNavigableSetAPICompliance [collection size: several] subSet NO_BOUND-INCLUSIVE [collection size: several] descending [collection size: several]]" classname="com.google.common.collect.testing.testers.CollectionRetainAllTester" time="0"/>
  <testcase name="testRetainAll_subsetUnsupported[UnmodifiableNavigableSetAPICompliance [collection size: several] subSet NO_BOUND-INCLUSIVE [collection size: several] descending [collection size: several]]" classname="com.google.common.collect.testing.testers.CollectionRetainAllTester" time="0"/>
  <testcase name="testRetainAll_sameElementsUnsupported[UnmodifiableNavigableSetAPICompliance [collection size: several] subSet NO_BOUND-INCLUSIVE [collection size: several] descending [collection size: several]]" classname="com.google.common.collect.testing.testers.CollectionRetainAllTester" time="0"/>
  <testcase name="testSize[UnmodifiableNavigableSetAPICompliance [collection size: several] subSet NO_BOUND-INCLUSIVE [collection size: several] descending [collection size: several]]" classname="com.google.common.collect.testing.testers.CollectionSizeTester" time="0"/>
  <testcase name="testSpliteratorKnownOrder[UnmodifiableNavigableSetAPICompliance [collection size: several] subSet NO_BOUND-INCLUSIVE [collection size: several] descending [collection size: several]]" classname="com.google.common.collect.testing.testers.CollectionSpliteratorTester" time="0"/>
  <testcase name="testStreamToArrayKnownOrder[UnmodifiableNavigableSetAPICompliance [collection size: several] subSet NO_BOUND-INCLUSIVE [collection size: several] descending [collection size: several]]" classname="com.google.common.collect.testing.testers.CollectionStreamTester" time="0"/>
  <testcase name="testStreamCount[UnmodifiableNavigableSetAPICompliance [collection size: several] subSet NO_BOUND-INCLUSIVE [collection size: several] descending [collection size: several]]" classname="com.google.common.collect.testing.testers.CollectionStreamTester" time="0"/>
  <testcase name="testToArray_emptyArray[UnmodifiableNavigableSetAPICompliance [collection size: several] subSet NO_BOUND-INCLUSIVE [collection size: several] descending [collection size: several]]" classname="com.google.common.collect.testing.testers.CollectionToArrayTester" time="0"/>
  <testcase name="testToArray_oversizedArray[UnmodifiableNavigableSetAPICompliance [collection size: several] subSet NO_BOUND-INCLUSIVE [collection size: several] descending [collection size: several]]" classname="com.google.common.collect.testing.testers.CollectionToArrayTester" time="0"/>
  <testcase name="testToArray_rightSizedArray_ordered[UnmodifiableNavigableSetAPICompliance [collection size: several] subSet NO_BOUND-INCLUSIVE [collection size: several] descending [collection size: several]]" classname="com.google.common.collect.testing.testers.CollectionToArrayTester" time="0"/>
  <testcase name="testToArray_emptyArrayOfObject[UnmodifiableNavigableSetAPICompliance [collection size: several] subSet NO_BOUND-INCLUSIVE [collection size: several] descending [collection size: several]]" classname="com.google.common.collect.testing.testers.CollectionToArrayTester" time="0"/>
  <testcase name="testToArray_rightSizedArrayOfObject_ordered[UnmodifiableNavigableSetAPICompliance [collection size: several] subSet NO_BOUND-INCLUSIVE [collection size: several] descending [collection size: several]]" classname="com.google.common.collect.testing.testers.CollectionToArrayTester" time="0"/>
  <testcase name="testToArray_emptyArrayOfWrongTypeForNonEmptyCollection[UnmodifiableNavigableSetAPICompliance [collection size: several] subSet NO_BOUND-INCLUSIVE [collection size: several] descending [collection size: several]]" classname="com.google.common.collect.testing.testers.CollectionToArrayTester" time="0"/>
  <testcase name="testToArray_noArgs[UnmodifiableNavigableSetAPICompliance [collection size: several] subSet NO_BOUND-INCLUSIVE [collection size: several] descending [collection size: several]]" classname="com.google.common.collect.testing.testers.CollectionToArrayTester" time="0"/>
  <testcase name="testToArray_oversizedArray_ordered[UnmodifiableNavigableSetAPICompliance [collection size: several] subSet NO_BOUND-INCLUSIVE [collection size: several] descending [collection size: several]]" classname="com.google.common.collect.testing.testers.CollectionToArrayTester" time="0"/>
  <testcase name="testToArray_isPlainObjectArray[UnmodifiableNavigableSetAPICompliance [collection size: several] subSet NO_BOUND-INCLUSIVE [collection size: several] descending [collection size: several]]" classname="com.google.common.collect.testing.testers.CollectionToArrayTester" time="0"/>
  <testcase name="testToArray_rightSizedArrayOfObject[UnmodifiableNavigableSetAPICompliance [collection size: several] subSet NO_BOUND-INCLUSIVE [collection size: several] descending [collection size: several]]" classname="com.google.common.collect.testing.testers.CollectionToArrayTester" time="0"/>
  <testcase name="testToArray_emptyArray_ordered[UnmodifiableNavigableSetAPICompliance [collection size: several] subSet NO_BOUND-INCLUSIVE [collection size: several] descending [collection size: several]]" classname="com.google.common.collect.testing.testers.CollectionToArrayTester" time="0"/>
  <testcase name="testToArray_rightSizedArray[UnmodifiableNavigableSetAPICompliance [collection size: several] subSet NO_BOUND-INCLUSIVE [collection size: several] descending [collection size: several]]" classname="com.google.common.collect.testing.testers.CollectionToArrayTester" time="0"/>
  <testcase name="testToString_sizeSeveral[UnmodifiableNavigableSetAPICompliance [collection size: several] subSet NO_BOUND-INCLUSIVE [collection size: several] descending [collection size: several]]" classname="com.google.common.collect.testing.testers.CollectionToStringTester" time="0.004"/>
  <testcase name="testToString_minimal[UnmodifiableNavigableSetAPICompliance [collection size: several] subSet NO_BOUND-INCLUSIVE [collection size: several] descending [collection size: several]]" classname="com.google.common.collect.testing.testers.CollectionToStringTester" time="0"/>
  <testcase name="testCreateWithDuplicates_nonNullDuplicatesNotRejected[UnmodifiableNavigableSetAPICompliance [collection size: several] subSet NO_BOUND-INCLUSIVE [collection size: several] descending [collection size: several]]" classname="com.google.common.collect.testing.testers.SetCreationTester" time="0"/>
  <testcase name="testHashCode[UnmodifiableNavigableSetAPICompliance [collection size: several] subSet NO_BOUND-INCLUSIVE [collection size: several] descending [collection size: several]]" classname="com.google.common.collect.testing.testers.SetHashCodeTester" time="0"/>
  <testcase name="testEquals_list[UnmodifiableNavigableSetAPICompliance [collection size: several] subSet NO_BOUND-INCLUSIVE [collection size: several] descending [collection size: several]]" classname="com.google.common.collect.testing.testers.SetEqualsTester" time="0"/>
  <testcase name="testEquals_otherSetWithSameElements[UnmodifiableNavigableSetAPICompliance [collection size: several] subSet NO_BOUND-INCLUSIVE [collection size: several] descending [collection size: several]]" classname="com.google.common.collect.testing.testers.SetEqualsTester" time="0"/>
  <testcase name="testEquals_largerSet[UnmodifiableNavigableSetAPICompliance [collection size: several] subSet NO_BOUND-INCLUSIVE [collection size: several] descending [collection size: several]]" classname="com.google.common.collect.testing.testers.SetEqualsTester" time="0"/>
  <testcase name="testEquals_otherContainsNull[UnmodifiableNavigableSetAPICompliance [collection size: several] subSet NO_BOUND-INCLUSIVE [collection size: several] descending [collection size: several]]" classname="com.google.common.collect.testing.testers.SetEqualsTester" time="0"/>
  <testcase name="testEquals_smallerSet[UnmodifiableNavigableSetAPICompliance [collection size: several] subSet NO_BOUND-INCLUSIVE [collection size: several] descending [collection size: several]]" classname="com.google.common.collect.testing.testers.SetEqualsTester" time="0"/>
  <testcase name="testEquals_otherSetWithDifferentElements[UnmodifiableNavigableSetAPICompliance [collection size: several] subSet NO_BOUND-INCLUSIVE [collection size: several] descending [collection size: several]]" classname="com.google.common.collect.testing.testers.SetEqualsTester" time="0"/>
  <testcase name="testAddAll_unsupportedSomePresent[UnmodifiableNavigableSetAPICompliance [collection size: several] subSet EXCLUSIVE-NO_BOUND [collection size: several]]" classname="com.google.common.collect.testing.testers.CollectionAddAllTester" time="0"/>
  <testcase name="testAddAll_unsupportedNothing[UnmodifiableNavigableSetAPICompliance [collection size: several] subSet EXCLUSIVE-NO_BOUND [collection size: several]]" classname="com.google.common.collect.testing.testers.CollectionAddAllTester" time="0.022"/>
  <testcase name="testAddAll_unsupportedNonePresent[UnmodifiableNavigableSetAPICompliance [collection size: several] subSet EXCLUSIVE-NO_BOUND [collection size: several]]" classname="com.google.common.collect.testing.testers.CollectionAddAllTester" time="0"/>
  <testcase name="testAddAll_unsupportedAllPresent[UnmodifiableNavigableSetAPICompliance [collection size: several] subSet EXCLUSIVE-NO_BOUND [collection size: several]]" classname="com.google.common.collect.testing.testers.CollectionAddAllTester" time="0"/>
  <testcase name="testAdd_unsupportedNotPresent[UnmodifiableNavigableSetAPICompliance [collection size: several] subSet EXCLUSIVE-NO_BOUND [collection size: several]]" classname="com.google.common.collect.testing.testers.CollectionAddTester" time="0"/>
  <testcase name="testAdd_unsupportedPresent[UnmodifiableNavigableSetAPICompliance [collection size: several] subSet EXCLUSIVE-NO_BOUND [collection size: several]]" classname="com.google.common.collect.testing.testers.CollectionAddTester" time="0"/>
  <testcase name="testClear_unsupported[UnmodifiableNavigableSetAPICompliance [collection size: several] subSet EXCLUSIVE-NO_BOUND [collection size: several]]" classname="com.google.common.collect.testing.testers.CollectionClearTester" time="0"/>
  <testcase name="testContainsAll_subset[UnmodifiableNavigableSetAPICompliance [collection size: several] subSet EXCLUSIVE-NO_BOUND [collection size: several]]" classname="com.google.common.collect.testing.testers.CollectionContainsAllTester" time="0"/>
  <testcase name="testContainsAll_disjoint[UnmodifiableNavigableSetAPICompliance [collection size: several] subSet EXCLUSIVE-NO_BOUND [collection size: several]]" classname="com.google.common.collect.testing.testers.CollectionContainsAllTester" time="0"/>
  <testcase name="testContainsAll_nullNotAllowed[UnmodifiableNavigableSetAPICompliance [collection size: several] subSet EXCLUSIVE-NO_BOUND [collection size: several]]" classname="com.google.common.collect.testing.testers.CollectionContainsAllTester" time="0"/>
  <testcase name="testContainsAll_self[UnmodifiableNavigableSetAPICompliance [collection size: several] subSet EXCLUSIVE-NO_BOUND [collection size: several]]" classname="com.google.common.collect.testing.testers.CollectionContainsAllTester" time="0"/>
  <testcase name="testContainsAll_wrongType[UnmodifiableNavigableSetAPICompliance [collection size: several] subSet EXCLUSIVE-NO_BOUND [collection size: several]]" classname="com.google.common.collect.testing.testers.CollectionContainsAllTester" time="0"/>
  <testcase name="testContainsAll_empty[UnmodifiableNavigableSetAPICompliance [collection size: several] subSet EXCLUSIVE-NO_BOUND [collection size: several]]" classname="com.google.common.collect.testing.testers.CollectionContainsAllTester" time="0"/>
  <testcase name="testContainsAll_sameElements[UnmodifiableNavigableSetAPICompliance [collection size: several] subSet EXCLUSIVE-NO_BOUND [collection size: several]]" classname="com.google.common.collect.testing.testers.CollectionContainsAllTester" time="0"/>
  <testcase name="testContainsAll_partialOverlap[UnmodifiableNavigableSetAPICompliance [collection size: several] subSet EXCLUSIVE-NO_BOUND [collection size: several]]" classname="com.google.common.collect.testing.testers.CollectionContainsAllTester" time="0"/>
  <testcase name="testContains_yes[UnmodifiableNavigableSetAPICompliance [collection size: several] subSet EXCLUSIVE-NO_BOUND [collection size: several]]" classname="com.google.common.collect.testing.testers.CollectionContainsTester" time="0"/>
  <testcase name="testContains_no[UnmodifiableNavigableSetAPICompliance [collection size: several] subSet EXCLUSIVE-NO_BOUND [collection size: several]]" classname="com.google.common.collect.testing.testers.CollectionContainsTester" time="0"/>
  <testcase name="testContains_nullNotContainedAndUnsupported[UnmodifiableNavigableSetAPICompliance [collection size: several] subSet EXCLUSIVE-NO_BOUND [collection size: several]]" classname="com.google.common.collect.testing.testers.CollectionContainsTester" time="0"/>
  <testcase name="testContains_wrongType[UnmodifiableNavigableSetAPICompliance [collection size: several] subSet EXCLUSIVE-NO_BOUND [collection size: several]]" classname="com.google.common.collect.testing.testers.CollectionContainsTester" time="0"/>
  <testcase name="testCreateWithNull_unsupported[UnmodifiableNavigableSetAPICompliance [collection size: several] subSet EXCLUSIVE-NO_BOUND [collection size: several]]" classname="com.google.common.collect.testing.testers.CollectionCreationTester" time="0"/>
  <testcase name="testEquals_null[UnmodifiableNavigableSetAPICompliance [collection size: several] subSet EXCLUSIVE-NO_BOUND [collection size: several]]" classname="com.google.common.collect.testing.testers.CollectionEqualsTester" time="0"/>
  <testcase name="testEquals_self[UnmodifiableNavigableSetAPICompliance [collection size: several] subSet EXCLUSIVE-NO_BOUND [collection size: several]]" classname="com.google.common.collect.testing.testers.CollectionEqualsTester" time="0.001"/>
  <testcase name="testEquals_notACollection[UnmodifiableNavigableSetAPICompliance [collection size: several] subSet EXCLUSIVE-NO_BOUND [collection size: several]]" classname="com.google.common.collect.testing.testers.CollectionEqualsTester" time="0"/>
  <testcase name="testForEachKnownOrder[UnmodifiableNavigableSetAPICompliance [collection size: several] subSet EXCLUSIVE-NO_BOUND [collection size: several]]" classname="com.google.common.collect.testing.testers.CollectionForEachTester" time="0"/>
  <testcase name="testIsEmpty_no[UnmodifiableNavigableSetAPICompliance [collection size: several] subSet EXCLUSIVE-NO_BOUND [collection size: several]]" classname="com.google.common.collect.testing.testers.CollectionIsEmptyTester" time="0"/>
  <testcase name="testIteratorNoSuchElementException[UnmodifiableNavigableSetAPICompliance [collection size: several] subSet EXCLUSIVE-NO_BOUND [collection size: several]]" classname="com.google.common.collect.testing.testers.CollectionIteratorTester" time="0"/>
  <testcase name="testIterationOrdering[UnmodifiableNavigableSetAPICompliance [collection size: several] subSet EXCLUSIVE-NO_BOUND [collection size: several]]" classname="com.google.common.collect.testing.testers.CollectionIteratorTester" time="0"/>
  <testcase name="testIterator_knownOrderRemoveUnsupported[UnmodifiableNavigableSetAPICompliance [collection size: several] subSet EXCLUSIVE-NO_BOUND [collection size: several]]" classname="com.google.common.collect.testing.testers.CollectionIteratorTester" time="0.003"/>
  <testcase name="testIterator[UnmodifiableNavigableSetAPICompliance [collection size: several] subSet EXCLUSIVE-NO_BOUND [collection size: several]]" classname="com.google.common.collect.testing.testers.CollectionIteratorTester" time="0"/>
  <testcase name="testRemoveAll_unsupportedPresent[UnmodifiableNavigableSetAPICompliance [collection size: several] subSet EXCLUSIVE-NO_BOUND [collection size: several]]" classname="com.google.common.collect.testing.testers.CollectionRemoveAllTester" time="0"/>
  <testcase name="testRemoveAll_unsupportedEmptyCollection[UnmodifiableNavigableSetAPICompliance [collection size: several] subSet EXCLUSIVE-NO_BOUND [collection size: several]]" classname="com.google.common.collect.testing.testers.CollectionRemoveAllTester" time="0.001"/>
  <testcase name="testRemoveAll_unsupportedNonePresent[UnmodifiableNavigableSetAPICompliance [collection size: several] subSet EXCLUSIVE-NO_BOUND [collection size: several]]" classname="com.google.common.collect.testing.testers.CollectionRemoveAllTester" time="0"/>
  <testcase name="testRemoveIf_alwaysTrueUnsupported[UnmodifiableNavigableSetAPICompliance [collection size: several] subSet EXCLUSIVE-NO_BOUND [collection size: several]]" classname="com.google.common.collect.testing.testers.CollectionRemoveIfTester" time="0"/>
  <testcase name="testRemove_unsupportedNotPresent[UnmodifiableNavigableSetAPICompliance [collection size: several] subSet EXCLUSIVE-NO_BOUND [collection size: several]]" classname="com.google.common.collect.testing.testers.CollectionRemoveTester" time="0"/>
  <testcase name="testRemove_unsupported[UnmodifiableNavigableSetAPICompliance [collection size: several] subSet EXCLUSIVE-NO_BOUND [collection size: several]]" classname="com.google.common.collect.testing.testers.CollectionRemoveTester" time="0"/>
  <testcase name="testIteratorRemove_unsupported[UnmodifiableNavigableSetAPICompliance [collection size: several] subSet EXCLUSIVE-NO_BOUND [collection size: several]]" classname="com.google.common.collect.testing.testers.CollectionRemoveTester" time="0"/>
  <testcase name="testRetainAll_disjointPreviouslyNonEmptyUnsupported[UnmodifiableNavigableSetAPICompliance [collection size: several] subSet EXCLUSIVE-NO_BOUND [collection size: several]]" classname="com.google.common.collect.testing.testers.CollectionRetainAllTester" time="0.001"/>
  <testcase name="testRetainAll_emptyPreviouslyNonEmptyUnsupported[UnmodifiableNavigableSetAPICompliance [collection size: several] subSet EXCLUSIVE-NO_BOUND [collection size: several]]" classname="com.google.common.collect.testing.testers.CollectionRetainAllTester" time="0"/>
  <testcase name="testRetainAll_supersetUnsupported[UnmodifiableNavigableSetAPICompliance [collection size: several] subSet EXCLUSIVE-NO_BOUND [collection size: several]]" classname="com.google.common.collect.testing.testers.CollectionRetainAllTester" time="0"/>
  <testcase name="testRetainAll_partialOverlapUnsupported[UnmodifiableNavigableSetAPICompliance [collection size: several] subSet EXCLUSIVE-NO_BOUND [collection size: several]]" classname="com.google.common.collect.testing.testers.CollectionRetainAllTester" time="0"/>
  <testcase name="testRetainAll_subsetUnsupported[UnmodifiableNavigableSetAPICompliance [collection size: several] subSet EXCLUSIVE-NO_BOUND [collection size: several]]" classname="com.google.common.collect.testing.testers.CollectionRetainAllTester" time="0"/>
  <testcase name="testRetainAll_sameElementsUnsupported[UnmodifiableNavigableSetAPICompliance [collection size: several] subSet EXCLUSIVE-NO_BOUND [collection size: several]]" classname="com.google.common.collect.testing.testers.CollectionRetainAllTester" time="0"/>
  <testcase name="testSize[UnmodifiableNavigableSetAPICompliance [collection size: several] subSet EXCLUSIVE-NO_BOUND [collection size: several]]" classname="com.google.common.collect.testing.testers.CollectionSizeTester" time="0"/>
  <testcase name="testSpliteratorKnownOrder[UnmodifiableNavigableSetAPICompliance [collection size: several] subSet EXCLUSIVE-NO_BOUND [collection size: several]]" classname="com.google.common.collect.testing.testers.CollectionSpliteratorTester" time="0.001"/>
  <testcase name="testStreamToArrayKnownOrder[UnmodifiableNavigableSetAPICompliance [collection size: several] subSet EXCLUSIVE-NO_BOUND [collection size: several]]" classname="com.google.common.collect.testing.testers.CollectionStreamTester" time="0"/>
  <testcase name="testStreamCount[UnmodifiableNavigableSetAPICompliance [collection size: several] subSet EXCLUSIVE-NO_BOUND [collection size: several]]" classname="com.google.common.collect.testing.testers.CollectionStreamTester" time="0"/>
  <testcase name="testToArray_emptyArray[UnmodifiableNavigableSetAPICompliance [collection size: several] subSet EXCLUSIVE-NO_BOUND [collection size: several]]" classname="com.google.common.collect.testing.testers.CollectionToArrayTester" time="0"/>
  <testcase name="testToArray_oversizedArray[UnmodifiableNavigableSetAPICompliance [collection size: several] subSet EXCLUSIVE-NO_BOUND [collection size: several]]" classname="com.google.common.collect.testing.testers.CollectionToArrayTester" time="0"/>
  <testcase name="testToArray_rightSizedArray_ordered[UnmodifiableNavigableSetAPICompliance [collection size: several] subSet EXCLUSIVE-NO_BOUND [collection size: several]]" classname="com.google.common.collect.testing.testers.CollectionToArrayTester" time="0"/>
  <testcase name="testToArray_emptyArrayOfObject[UnmodifiableNavigableSetAPICompliance [collection size: several] subSet EXCLUSIVE-NO_BOUND [collection size: several]]" classname="com.google.common.collect.testing.testers.CollectionToArrayTester" time="0.001"/>
  <testcase name="testToArray_rightSizedArrayOfObject_ordered[UnmodifiableNavigableSetAPICompliance [collection size: several] subSet EXCLUSIVE-NO_BOUND [collection size: several]]" classname="com.google.common.collect.testing.testers.CollectionToArrayTester" time="0"/>
  <testcase name="testToArray_emptyArrayOfWrongTypeForNonEmptyCollection[UnmodifiableNavigableSetAPICompliance [collection size: several] subSet EXCLUSIVE-NO_BOUND [collection size: several]]" classname="com.google.common.collect.testing.testers.CollectionToArrayTester" time="0"/>
  <testcase name="testToArray_noArgs[UnmodifiableNavigableSetAPICompliance [collection size: several] subSet EXCLUSIVE-NO_BOUND [collection size: several]]" classname="com.google.common.collect.testing.testers.CollectionToArrayTester" time="0"/>
  <testcase name="testToArray_oversizedArray_ordered[UnmodifiableNavigableSetAPICompliance [collection size: several] subSet EXCLUSIVE-NO_BOUND [collection size: several]]" classname="com.google.common.collect.testing.testers.CollectionToArrayTester" time="0.005"/>
  <testcase name="testToArray_isPlainObjectArray[UnmodifiableNavigableSetAPICompliance [collection size: several] subSet EXCLUSIVE-NO_BOUND [collection size: several]]" classname="com.google.common.collect.testing.testers.CollectionToArrayTester" time="0"/>
  <testcase name="testToArray_rightSizedArrayOfObject[UnmodifiableNavigableSetAPICompliance [collection size: several] subSet EXCLUSIVE-NO_BOUND [collection size: several]]" classname="com.google.common.collect.testing.testers.CollectionToArrayTester" time="0"/>
  <testcase name="testToArray_emptyArray_ordered[UnmodifiableNavigableSetAPICompliance [collection size: several] subSet EXCLUSIVE-NO_BOUND [collection size: several]]" classname="com.google.common.collect.testing.testers.CollectionToArrayTester" time="0"/>
  <testcase name="testToArray_rightSizedArray[UnmodifiableNavigableSetAPICompliance [collection size: several] subSet EXCLUSIVE-NO_BOUND [collection size: several]]" classname="com.google.common.collect.testing.testers.CollectionToArrayTester" time="0"/>
  <testcase name="testToString_sizeSeveral[UnmodifiableNavigableSetAPICompliance [collection size: several] subSet EXCLUSIVE-NO_BOUND [collection size: several]]" classname="com.google.common.collect.testing.testers.CollectionToStringTester" time="0"/>
  <testcase name="testToString_minimal[UnmodifiableNavigableSetAPICompliance [collection size: several] subSet EXCLUSIVE-NO_BOUND [collection size: several]]" classname="com.google.common.collect.testing.testers.CollectionToStringTester" time="0"/>
  <testcase name="testCreateWithDuplicates_nonNullDuplicatesNotRejected[UnmodifiableNavigableSetAPICompliance [collection size: several] subSet EXCLUSIVE-NO_BOUND [collection size: several]]" classname="com.google.common.collect.testing.testers.SetCreationTester" time="0"/>
  <testcase name="testHashCode[UnmodifiableNavigableSetAPICompliance [collection size: several] subSet EXCLUSIVE-NO_BOUND [collection size: several]]" classname="com.google.common.collect.testing.testers.SetHashCodeTester" time="0"/>
  <testcase name="testEquals_list[UnmodifiableNavigableSetAPICompliance [collection size: several] subSet EXCLUSIVE-NO_BOUND [collection size: several]]" classname="com.google.common.collect.testing.testers.SetEqualsTester" time="0"/>
  <testcase name="testEquals_otherSetWithSameElements[UnmodifiableNavigableSetAPICompliance [collection size: several] subSet EXCLUSIVE-NO_BOUND [collection size: several]]" classname="com.google.common.collect.testing.testers.SetEqualsTester" time="0"/>
  <testcase name="testEquals_largerSet[UnmodifiableNavigableSetAPICompliance [collection size: several] subSet EXCLUSIVE-NO_BOUND [collection size: several]]" classname="com.google.common.collect.testing.testers.SetEqualsTester" time="0"/>
  <testcase name="testEquals_otherContainsNull[UnmodifiableNavigableSetAPICompliance [collection size: several] subSet EXCLUSIVE-NO_BOUND [collection size: several]]" classname="com.google.common.collect.testing.testers.SetEqualsTester" time="0"/>
  <testcase name="testEquals_smallerSet[UnmodifiableNavigableSetAPICompliance [collection size: several] subSet EXCLUSIVE-NO_BOUND [collection size: several]]" classname="com.google.common.collect.testing.testers.SetEqualsTester" time="0.001"/>
  <testcase name="testEquals_otherSetWithDifferentElements[UnmodifiableNavigableSetAPICompliance [collection size: several] subSet EXCLUSIVE-NO_BOUND [collection size: several]]" classname="com.google.common.collect.testing.testers.SetEqualsTester" time="0"/>
  <testcase name="testFirst[UnmodifiableNavigableSetAPICompliance [collection size: several] subSet EXCLUSIVE-NO_BOUND [collection size: several]]" classname="com.google.common.collect.testing.testers.SortedSetNavigationTester" time="0"/>
  <testcase name="testLast[UnmodifiableNavigableSetAPICompliance [collection size: several] subSet EXCLUSIVE-NO_BOUND [collection size: several]]" classname="com.google.common.collect.testing.testers.SortedSetNavigationTester" time="0"/>
  <testcase name="testDescendingNavigation[UnmodifiableNavigableSetAPICompliance [collection size: several] subSet EXCLUSIVE-NO_BOUND [collection size: several]]" classname="com.google.common.collect.testing.testers.NavigableSetNavigationTester" time="0"/>
  <testcase name="testFloor[UnmodifiableNavigableSetAPICompliance [collection size: several] subSet EXCLUSIVE-NO_BOUND [collection size: several]]" classname="com.google.common.collect.testing.testers.NavigableSetNavigationTester" time="0"/>
  <testcase name="testLower[UnmodifiableNavigableSetAPICompliance [collection size: several] subSet EXCLUSIVE-NO_BOUND [collection size: several]]" classname="com.google.common.collect.testing.testers.NavigableSetNavigationTester" time="0"/>
  <testcase name="testFloorHole[UnmodifiableNavigableSetAPICompliance [collection size: several] subSet EXCLUSIVE-NO_BOUND [collection size: several]]" classname="com.google.common.collect.testing.testers.NavigableSetNavigationTester" time="0"/>
  <testcase name="testHigherHole[UnmodifiableNavigableSetAPICompliance [collection size: several] subSet EXCLUSIVE-NO_BOUND [collection size: several]]" classname="com.google.common.collect.testing.testers.NavigableSetNavigationTester" time="0"/>
  <testcase name="testCeilingHole[UnmodifiableNavigableSetAPICompliance [collection size: several] subSet EXCLUSIVE-NO_BOUND [collection size: several]]" classname="com.google.common.collect.testing.testers.NavigableSetNavigationTester" time="0"/>
  <testcase name="testLowerHole[UnmodifiableNavigableSetAPICompliance [collection size: several] subSet EXCLUSIVE-NO_BOUND [collection size: several]]" classname="com.google.common.collect.testing.testers.NavigableSetNavigationTester" time="0.001"/>
  <testcase name="testCeiling[UnmodifiableNavigableSetAPICompliance [collection size: several] subSet EXCLUSIVE-NO_BOUND [collection size: several]]" classname="com.google.common.collect.testing.testers.NavigableSetNavigationTester" time="0"/>
  <testcase name="testEmptySubSet[UnmodifiableNavigableSetAPICompliance [collection size: several] subSet EXCLUSIVE-NO_BOUND [collection size: several]]" classname="com.google.common.collect.testing.testers.NavigableSetNavigationTester" time="0"/>
  <testcase name="testPollFirstUnsupported[UnmodifiableNavigableSetAPICompliance [collection size: several] subSet EXCLUSIVE-NO_BOUND [collection size: several]]" classname="com.google.common.collect.testing.testers.NavigableSetNavigationTester" time="0"/>
  <testcase name="testPollLastUnsupported[UnmodifiableNavigableSetAPICompliance [collection size: several] subSet EXCLUSIVE-NO_BOUND [collection size: several]]" classname="com.google.common.collect.testing.testers.NavigableSetNavigationTester" time="0"/>
  <testcase name="testHigher[UnmodifiableNavigableSetAPICompliance [collection size: several] subSet EXCLUSIVE-NO_BOUND [collection size: several]]" classname="com.google.common.collect.testing.testers.NavigableSetNavigationTester" time="0"/>
  <testcase name="testAddAll_unsupportedSomePresent[UnmodifiableNavigableSetAPICompliance [collection size: several] subSet EXCLUSIVE-NO_BOUND [collection size: several] descending [collection size: several]]" classname="com.google.common.collect.testing.testers.CollectionAddAllTester" time="0"/>
  <testcase name="testAddAll_unsupportedNothing[UnmodifiableNavigableSetAPICompliance [collection size: several] subSet EXCLUSIVE-NO_BOUND [collection size: several] descending [collection size: several]]" classname="com.google.common.collect.testing.testers.CollectionAddAllTester" time="0.002"/>
  <testcase name="testAddAll_unsupportedNonePresent[UnmodifiableNavigableSetAPICompliance [collection size: several] subSet EXCLUSIVE-NO_BOUND [collection size: several] descending [collection size: several]]" classname="com.google.common.collect.testing.testers.CollectionAddAllTester" time="0"/>
  <testcase name="testAddAll_unsupportedAllPresent[UnmodifiableNavigableSetAPICompliance [collection size: several] subSet EXCLUSIVE-NO_BOUND [collection size: several] descending [collection size: several]]" classname="com.google.common.collect.testing.testers.CollectionAddAllTester" time="0"/>
  <testcase name="testAdd_unsupportedNotPresent[UnmodifiableNavigableSetAPICompliance [collection size: several] subSet EXCLUSIVE-NO_BOUND [collection size: several] descending [collection size: several]]" classname="com.google.common.collect.testing.testers.CollectionAddTester" time="0"/>
  <testcase name="testAdd_unsupportedPresent[UnmodifiableNavigableSetAPICompliance [collection size: several] subSet EXCLUSIVE-NO_BOUND [collection size: several] descending [collection size: several]]" classname="com.google.common.collect.testing.testers.CollectionAddTester" time="0"/>
  <testcase name="testClear_unsupported[UnmodifiableNavigableSetAPICompliance [collection size: several] subSet EXCLUSIVE-NO_BOUND [collection size: several] descending [collection size: several]]" classname="com.google.common.collect.testing.testers.CollectionClearTester" time="0"/>
  <testcase name="testContainsAll_subset[UnmodifiableNavigableSetAPICompliance [collection size: several] subSet EXCLUSIVE-NO_BOUND [collection size: several] descending [collection size: several]]" classname="com.google.common.collect.testing.testers.CollectionContainsAllTester" time="0"/>
  <testcase name="testContainsAll_disjoint[UnmodifiableNavigableSetAPICompliance [collection size: several] subSet EXCLUSIVE-NO_BOUND [collection size: several] descending [collection size: several]]" classname="com.google.common.collect.testing.testers.CollectionContainsAllTester" time="0"/>
  <testcase name="testContainsAll_nullNotAllowed[UnmodifiableNavigableSetAPICompliance [collection size: several] subSet EXCLUSIVE-NO_BOUND [collection size: several] descending [collection size: several]]" classname="com.google.common.collect.testing.testers.CollectionContainsAllTester" time="0"/>
  <testcase name="testContainsAll_self[UnmodifiableNavigableSetAPICompliance [collection size: several] subSet EXCLUSIVE-NO_BOUND [collection size: several] descending [collection size: several]]" classname="com.google.common.collect.testing.testers.CollectionContainsAllTester" time="0"/>
  <testcase name="testContainsAll_wrongType[UnmodifiableNavigableSetAPICompliance [collection size: several] subSet EXCLUSIVE-NO_BOUND [collection size: several] descending [collection size: several]]" classname="com.google.common.collect.testing.testers.CollectionContainsAllTester" time="0"/>
  <testcase name="testContainsAll_empty[UnmodifiableNavigableSetAPICompliance [collection size: several] subSet EXCLUSIVE-NO_BOUND [collection size: several] descending [collection size: several]]" classname="com.google.common.collect.testing.testers.CollectionContainsAllTester" time="0"/>
  <testcase name="testContainsAll_sameElements[UnmodifiableNavigableSetAPICompliance [collection size: several] subSet EXCLUSIVE-NO_BOUND [collection size: several] descending [collection size: several]]" classname="com.google.common.collect.testing.testers.CollectionContainsAllTester" time="0"/>
  <testcase name="testContainsAll_partialOverlap[UnmodifiableNavigableSetAPICompliance [collection size: several] subSet EXCLUSIVE-NO_BOUND [collection size: several] descending [collection size: several]]" classname="com.google.common.collect.testing.testers.CollectionContainsAllTester" time="0"/>
  <testcase name="testContains_yes[UnmodifiableNavigableSetAPICompliance [collection size: several] subSet EXCLUSIVE-NO_BOUND [collection size: several] descending [collection size: several]]" classname="com.google.common.collect.testing.testers.CollectionContainsTester" time="0"/>
  <testcase name="testContains_no[UnmodifiableNavigableSetAPICompliance [collection size: several] subSet EXCLUSIVE-NO_BOUND [collection size: several] descending [collection size: several]]" classname="com.google.common.collect.testing.testers.CollectionContainsTester" time="0"/>
  <testcase name="testContains_nullNotContainedAndUnsupported[UnmodifiableNavigableSetAPICompliance [collection size: several] subSet EXCLUSIVE-NO_BOUND [collection size: several] descending [collection size: several]]" classname="com.google.common.collect.testing.testers.CollectionContainsTester" time="0"/>
  <testcase name="testContains_wrongType[UnmodifiableNavigableSetAPICompliance [collection size: several] subSet EXCLUSIVE-NO_BOUND [collection size: several] descending [collection size: several]]" classname="com.google.common.collect.testing.testers.CollectionContainsTester" time="0"/>
  <testcase name="testCreateWithNull_unsupported[UnmodifiableNavigableSetAPICompliance [collection size: several] subSet EXCLUSIVE-NO_BOUND [collection size: several] descending [collection size: several]]" classname="com.google.common.collect.testing.testers.CollectionCreationTester" time="0"/>
  <testcase name="testEquals_null[UnmodifiableNavigableSetAPICompliance [collection size: several] subSet EXCLUSIVE-NO_BOUND [collection size: several] descending [collection size: several]]" classname="com.google.common.collect.testing.testers.CollectionEqualsTester" time="0"/>
  <testcase name="testEquals_self[UnmodifiableNavigableSetAPICompliance [collection size: several] subSet EXCLUSIVE-NO_BOUND [collection size: several] descending [collection size: several]]" classname="com.google.common.collect.testing.testers.CollectionEqualsTester" time="0"/>
  <testcase name="testEquals_notACollection[UnmodifiableNavigableSetAPICompliance [collection size: several] subSet EXCLUSIVE-NO_BOUND [collection size: several] descending [collection size: several]]" classname="com.google.common.collect.testing.testers.CollectionEqualsTester" time="0"/>
  <testcase name="testForEachKnownOrder[UnmodifiableNavigableSetAPICompliance [collection size: several] subSet EXCLUSIVE-NO_BOUND [collection size: several] descending [collection size: several]]" classname="com.google.common.collect.testing.testers.CollectionForEachTester" time="0"/>
  <testcase name="testIsEmpty_no[UnmodifiableNavigableSetAPICompliance [collection size: several] subSet EXCLUSIVE-NO_BOUND [collection size: several] descending [collection size: several]]" classname="com.google.common.collect.testing.testers.CollectionIsEmptyTester" time="0"/>
  <testcase name="testIteratorNoSuchElementException[UnmodifiableNavigableSetAPICompliance [collection size: several] subSet EXCLUSIVE-NO_BOUND [collection size: several] descending [collection size: several]]" classname="com.google.common.collect.testing.testers.CollectionIteratorTester" time="0"/>
  <testcase name="testIterationOrdering[UnmodifiableNavigableSetAPICompliance [collection size: several] subSet EXCLUSIVE-NO_BOUND [collection size: several] descending [collection size: several]]" classname="com.google.common.collect.testing.testers.CollectionIteratorTester" time="0"/>
  <testcase name="testIterator_knownOrderRemoveUnsupported[UnmodifiableNavigableSetAPICompliance [collection size: several] subSet EXCLUSIVE-NO_BOUND [collection size: several] descending [collection size: several]]" classname="com.google.common.collect.testing.testers.CollectionIteratorTester" time="0.005"/>
  <testcase name="testIterator[UnmodifiableNavigableSetAPICompliance [collection size: several] subSet EXCLUSIVE-NO_BOUND [collection size: several] descending [collection size: several]]" classname="com.google.common.collect.testing.testers.CollectionIteratorTester" time="0"/>
  <testcase name="testRemoveAll_unsupportedPresent[UnmodifiableNavigableSetAPICompliance [collection size: several] subSet EXCLUSIVE-NO_BOUND [collection size: several] descending [collection size: several]]" classname="com.google.common.collect.testing.testers.CollectionRemoveAllTester" time="0"/>
  <testcase name="testRemoveAll_unsupportedEmptyCollection[UnmodifiableNavigableSetAPICompliance [collection size: several] subSet EXCLUSIVE-NO_BOUND [collection size: several] descending [collection size: several]]" classname="com.google.common.collect.testing.testers.CollectionRemoveAllTester" time="0"/>
  <testcase name="testRemoveAll_unsupportedNonePresent[UnmodifiableNavigableSetAPICompliance [collection size: several] subSet EXCLUSIVE-NO_BOUND [collection size: several] descending [collection size: several]]" classname="com.google.common.collect.testing.testers.CollectionRemoveAllTester" time="0"/>
  <testcase name="testRemoveIf_alwaysTrueUnsupported[UnmodifiableNavigableSetAPICompliance [collection size: several] subSet EXCLUSIVE-NO_BOUND [collection size: several] descending [collection size: several]]" classname="com.google.common.collect.testing.testers.CollectionRemoveIfTester" time="0"/>
  <testcase name="testRemove_unsupportedNotPresent[UnmodifiableNavigableSetAPICompliance [collection size: several] subSet EXCLUSIVE-NO_BOUND [collection size: several] descending [collection size: several]]" classname="com.google.common.collect.testing.testers.CollectionRemoveTester" time="0"/>
  <testcase name="testRemove_unsupported[UnmodifiableNavigableSetAPICompliance [collection size: several] subSet EXCLUSIVE-NO_BOUND [collection size: several] descending [collection size: several]]" classname="com.google.common.collect.testing.testers.CollectionRemoveTester" time="0"/>
  <testcase name="testIteratorRemove_unsupported[UnmodifiableNavigableSetAPICompliance [collection size: several] subSet EXCLUSIVE-NO_BOUND [collection size: several] descending [collection size: several]]" classname="com.google.common.collect.testing.testers.CollectionRemoveTester" time="0"/>
  <testcase name="testRetainAll_disjointPreviouslyNonEmptyUnsupported[UnmodifiableNavigableSetAPICompliance [collection size: several] subSet EXCLUSIVE-NO_BOUND [collection size: several] descending [collection size: several]]" classname="com.google.common.collect.testing.testers.CollectionRetainAllTester" time="0"/>
  <testcase name="testRetainAll_emptyPreviouslyNonEmptyUnsupported[UnmodifiableNavigableSetAPICompliance [collection size: several] subSet EXCLUSIVE-NO_BOUND [collection size: several] descending [collection size: several]]" classname="com.google.common.collect.testing.testers.CollectionRetainAllTester" time="0"/>
  <testcase name="testRetainAll_supersetUnsupported[UnmodifiableNavigableSetAPICompliance [collection size: several] subSet EXCLUSIVE-NO_BOUND [collection size: several] descending [collection size: several]]" classname="com.google.common.collect.testing.testers.CollectionRetainAllTester" time="0"/>
  <testcase name="testRetainAll_partialOverlapUnsupported[UnmodifiableNavigableSetAPICompliance [collection size: several] subSet EXCLUSIVE-NO_BOUND [collection size: several] descending [collection size: several]]" classname="com.google.common.collect.testing.testers.CollectionRetainAllTester" time="0"/>
  <testcase name="testRetainAll_subsetUnsupported[UnmodifiableNavigableSetAPICompliance [collection size: several] subSet EXCLUSIVE-NO_BOUND [collection size: several] descending [collection size: several]]" classname="com.google.common.collect.testing.testers.CollectionRetainAllTester" time="0"/>
  <testcase name="testRetainAll_sameElementsUnsupported[UnmodifiableNavigableSetAPICompliance [collection size: several] subSet EXCLUSIVE-NO_BOUND [collection size: several] descending [collection size: several]]" classname="com.google.common.collect.testing.testers.CollectionRetainAllTester" time="0"/>
  <testcase name="testSize[UnmodifiableNavigableSetAPICompliance [collection size: several] subSet EXCLUSIVE-NO_BOUND [collection size: several] descending [collection size: several]]" classname="com.google.common.collect.testing.testers.CollectionSizeTester" time="0"/>
  <testcase name="testSpliteratorKnownOrder[UnmodifiableNavigableSetAPICompliance [collection size: several] subSet EXCLUSIVE-NO_BOUND [collection size: several] descending [collection size: several]]" classname="com.google.common.collect.testing.testers.CollectionSpliteratorTester" time="0.001"/>
  <testcase name="testStreamToArrayKnownOrder[UnmodifiableNavigableSetAPICompliance [collection size: several] subSet EXCLUSIVE-NO_BOUND [collection size: several] descending [collection size: several]]" classname="com.google.common.collect.testing.testers.CollectionStreamTester" time="0"/>
  <testcase name="testStreamCount[UnmodifiableNavigableSetAPICompliance [collection size: several] subSet EXCLUSIVE-NO_BOUND [collection size: several] descending [collection size: several]]" classname="com.google.common.collect.testing.testers.CollectionStreamTester" time="0.001"/>
  <testcase name="testToArray_emptyArray[UnmodifiableNavigableSetAPICompliance [collection size: several] subSet EXCLUSIVE-NO_BOUND [collection size: several] descending [collection size: several]]" classname="com.google.common.collect.testing.testers.CollectionToArrayTester" time="0"/>
  <testcase name="testToArray_oversizedArray[UnmodifiableNavigableSetAPICompliance [collection size: several] subSet EXCLUSIVE-NO_BOUND [collection size: several] descending [collection size: several]]" classname="com.google.common.collect.testing.testers.CollectionToArrayTester" time="0"/>
  <testcase name="testToArray_rightSizedArray_ordered[UnmodifiableNavigableSetAPICompliance [collection size: several] subSet EXCLUSIVE-NO_BOUND [collection size: several] descending [collection size: several]]" classname="com.google.common.collect.testing.testers.CollectionToArrayTester" time="0"/>
  <testcase name="testToArray_emptyArrayOfObject[UnmodifiableNavigableSetAPICompliance [collection size: several] subSet EXCLUSIVE-NO_BOUND [collection size: several] descending [collection size: several]]" classname="com.google.common.collect.testing.testers.CollectionToArrayTester" time="0"/>
  <testcase name="testToArray_rightSizedArrayOfObject_ordered[UnmodifiableNavigableSetAPICompliance [collection size: several] subSet EXCLUSIVE-NO_BOUND [collection size: several] descending [collection size: several]]" classname="com.google.common.collect.testing.testers.CollectionToArrayTester" time="0"/>
  <testcase name="testToArray_emptyArrayOfWrongTypeForNonEmptyCollection[UnmodifiableNavigableSetAPICompliance [collection size: several] subSet EXCLUSIVE-NO_BOUND [collection size: several] descending [collection size: several]]" classname="com.google.common.collect.testing.testers.CollectionToArrayTester" time="0"/>
  <testcase name="testToArray_noArgs[UnmodifiableNavigableSetAPICompliance [collection size: several] subSet EXCLUSIVE-NO_BOUND [collection size: several] descending [collection size: several]]" classname="com.google.common.collect.testing.testers.CollectionToArrayTester" time="0"/>
  <testcase name="testToArray_oversizedArray_ordered[UnmodifiableNavigableSetAPICompliance [collection size: several] subSet EXCLUSIVE-NO_BOUND [collection size: several] descending [collection size: several]]" classname="com.google.common.collect.testing.testers.CollectionToArrayTester" time="0"/>
  <testcase name="testToArray_isPlainObjectArray[UnmodifiableNavigableSetAPICompliance [collection size: several] subSet EXCLUSIVE-NO_BOUND [collection size: several] descending [collection size: several]]" classname="com.google.common.collect.testing.testers.CollectionToArrayTester" time="0"/>
  <testcase name="testToArray_rightSizedArrayOfObject[UnmodifiableNavigableSetAPICompliance [collection size: several] subSet EXCLUSIVE-NO_BOUND [collection size: several] descending [collection size: several]]" classname="com.google.common.collect.testing.testers.CollectionToArrayTester" time="0"/>
  <testcase name="testToArray_emptyArray_ordered[UnmodifiableNavigableSetAPICompliance [collection size: several] subSet EXCLUSIVE-NO_BOUND [collection size: several] descending [collection size: several]]" classname="com.google.common.collect.testing.testers.CollectionToArrayTester" time="0"/>
  <testcase name="testToArray_rightSizedArray[UnmodifiableNavigableSetAPICompliance [collection size: several] subSet EXCLUSIVE-NO_BOUND [collection size: several] descending [collection size: several]]" classname="com.google.common.collect.testing.testers.CollectionToArrayTester" time="0.001"/>
  <testcase name="testToString_sizeSeveral[UnmodifiableNavigableSetAPICompliance [collection size: several] subSet EXCLUSIVE-NO_BOUND [collection size: several] descending [collection size: several]]" classname="com.google.common.collect.testing.testers.CollectionToStringTester" time="0"/>
  <testcase name="testToString_minimal[UnmodifiableNavigableSetAPICompliance [collection size: several] subSet EXCLUSIVE-NO_BOUND [collection size: several] descending [collection size: several]]" classname="com.google.common.collect.testing.testers.CollectionToStringTester" time="0"/>
  <testcase name="testCreateWithDuplicates_nonNullDuplicatesNotRejected[UnmodifiableNavigableSetAPICompliance [collection size: several] subSet EXCLUSIVE-NO_BOUND [collection size: several] descending [collection size: several]]" classname="com.google.common.collect.testing.testers.SetCreationTester" time="0"/>
  <testcase name="testHashCode[UnmodifiableNavigableSetAPICompliance [collection size: several] subSet EXCLUSIVE-NO_BOUND [collection size: several] descending [collection size: several]]" classname="com.google.common.collect.testing.testers.SetHashCodeTester" time="0"/>
  <testcase name="testEquals_list[UnmodifiableNavigableSetAPICompliance [collection size: several] subSet EXCLUSIVE-NO_BOUND [collection size: several] descending [collection size: several]]" classname="com.google.common.collect.testing.testers.SetEqualsTester" time="0"/>
  <testcase name="testEquals_otherSetWithSameElements[UnmodifiableNavigableSetAPICompliance [collection size: several] subSet EXCLUSIVE-NO_BOUND [collection size: several] descending [collection size: several]]" classname="com.google.common.collect.testing.testers.SetEqualsTester" time="0"/>
  <testcase name="testEquals_largerSet[UnmodifiableNavigableSetAPICompliance [collection size: several] subSet EXCLUSIVE-NO_BOUND [collection size: several] descending [collection size: several]]" classname="com.google.common.collect.testing.testers.SetEqualsTester" time="0"/>
  <testcase name="testEquals_otherContainsNull[UnmodifiableNavigableSetAPICompliance [collection size: several] subSet EXCLUSIVE-NO_BOUND [collection size: several] descending [collection size: several]]" classname="com.google.common.collect.testing.testers.SetEqualsTester" time="0.001"/>
  <testcase name="testEquals_smallerSet[UnmodifiableNavigableSetAPICompliance [collection size: several] subSet EXCLUSIVE-NO_BOUND [collection size: several] descending [collection size: several]]" classname="com.google.common.collect.testing.testers.SetEqualsTester" time="0"/>
  <testcase name="testEquals_otherSetWithDifferentElements[UnmodifiableNavigableSetAPICompliance [collection size: several] subSet EXCLUSIVE-NO_BOUND [collection size: several] descending [collection size: several]]" classname="com.google.common.collect.testing.testers.SetEqualsTester" time="0"/>
  <testcase name="testAddAll_unsupportedSomePresent[UnmodifiableNavigableSetAPICompliance [collection size: several] subSet EXCLUSIVE-EXCLUSIVE [collection size: several]]" classname="com.google.common.collect.testing.testers.CollectionAddAllTester" time="0"/>
  <testcase name="testAddAll_unsupportedNothing[UnmodifiableNavigableSetAPICompliance [collection size: several] subSet EXCLUSIVE-EXCLUSIVE [collection size: several]]" classname="com.google.common.collect.testing.testers.CollectionAddAllTester" time="0.001"/>
  <testcase name="testAddAll_unsupportedNonePresent[UnmodifiableNavigableSetAPICompliance [collection size: several] subSet EXCLUSIVE-EXCLUSIVE [collection size: several]]" classname="com.google.common.collect.testing.testers.CollectionAddAllTester" time="0"/>
  <testcase name="testAddAll_unsupportedAllPresent[UnmodifiableNavigableSetAPICompliance [collection size: several] subSet EXCLUSIVE-EXCLUSIVE [collection size: several]]" classname="com.google.common.collect.testing.testers.CollectionAddAllTester" time="0"/>
  <testcase name="testAdd_unsupportedNotPresent[UnmodifiableNavigableSetAPICompliance [collection size: several] subSet EXCLUSIVE-EXCLUSIVE [collection size: several]]" classname="com.google.common.collect.testing.testers.CollectionAddTester" time="0"/>
  <testcase name="testAdd_unsupportedPresent[UnmodifiableNavigableSetAPICompliance [collection size: several] subSet EXCLUSIVE-EXCLUSIVE [collection size: several]]" classname="com.google.common.collect.testing.testers.CollectionAddTester" time="0"/>
  <testcase name="testClear_unsupported[UnmodifiableNavigableSetAPICompliance [collection size: several] subSet EXCLUSIVE-EXCLUSIVE [collection size: several]]" classname="com.google.common.collect.testing.testers.CollectionClearTester" time="0"/>
  <testcase name="testContainsAll_subset[UnmodifiableNavigableSetAPICompliance [collection size: several] subSet EXCLUSIVE-EXCLUSIVE [collection size: several]]" classname="com.google.common.collect.testing.testers.CollectionContainsAllTester" time="0"/>
  <testcase name="testContainsAll_disjoint[UnmodifiableNavigableSetAPICompliance [collection size: several] subSet EXCLUSIVE-EXCLUSIVE [collection size: several]]" classname="com.google.common.collect.testing.testers.CollectionContainsAllTester" time="0.001"/>
  <testcase name="testContainsAll_nullNotAllowed[UnmodifiableNavigableSetAPICompliance [collection size: several] subSet EXCLUSIVE-EXCLUSIVE [collection size: several]]" classname="com.google.common.collect.testing.testers.CollectionContainsAllTester" time="0"/>
  <testcase name="testContainsAll_self[UnmodifiableNavigableSetAPICompliance [collection size: several] subSet EXCLUSIVE-EXCLUSIVE [collection size: several]]" classname="com.google.common.collect.testing.testers.CollectionContainsAllTester" time="0"/>
  <testcase name="testContainsAll_wrongType[UnmodifiableNavigableSetAPICompliance [collection size: several] subSet EXCLUSIVE-EXCLUSIVE [collection size: several]]" classname="com.google.common.collect.testing.testers.CollectionContainsAllTester" time="0"/>
  <testcase name="testContainsAll_empty[UnmodifiableNavigableSetAPICompliance [collection size: several] subSet EXCLUSIVE-EXCLUSIVE [collection size: several]]" classname="com.google.common.collect.testing.testers.CollectionContainsAllTester" time="0.006"/>
  <testcase name="testContainsAll_sameElements[UnmodifiableNavigableSetAPICompliance [collection size: several] subSet EXCLUSIVE-EXCLUSIVE [collection size: several]]" classname="com.google.common.collect.testing.testers.CollectionContainsAllTester" time="0"/>
  <testcase name="testContainsAll_partialOverlap[UnmodifiableNavigableSetAPICompliance [collection size: several] subSet EXCLUSIVE-EXCLUSIVE [collection size: several]]" classname="com.google.common.collect.testing.testers.CollectionContainsAllTester" time="0"/>
  <testcase name="testContains_yes[UnmodifiableNavigableSetAPICompliance [collection size: several] subSet EXCLUSIVE-EXCLUSIVE [collection size: several]]" classname="com.google.common.collect.testing.testers.CollectionContainsTester" time="0"/>
  <testcase name="testContains_no[UnmodifiableNavigableSetAPICompliance [collection size: several] subSet EXCLUSIVE-EXCLUSIVE [collection size: several]]" classname="com.google.common.collect.testing.testers.CollectionContainsTester" time="0"/>
  <testcase name="testContains_nullNotContainedAndUnsupported[UnmodifiableNavigableSetAPICompliance [collection size: several] subSet EXCLUSIVE-EXCLUSIVE [collection size: several]]" classname="com.google.common.collect.testing.testers.CollectionContainsTester" time="0"/>
  <testcase name="testContains_wrongType[UnmodifiableNavigableSetAPICompliance [collection size: several] subSet EXCLUSIVE-EXCLUSIVE [collection size: several]]" classname="com.google.common.collect.testing.testers.CollectionContainsTester" time="0"/>
  <testcase name="testCreateWithNull_unsupported[UnmodifiableNavigableSetAPICompliance [collection size: several] subSet EXCLUSIVE-EXCLUSIVE [collection size: several]]" classname="com.google.common.collect.testing.testers.CollectionCreationTester" time="0"/>
  <testcase name="testEquals_null[UnmodifiableNavigableSetAPICompliance [collection size: several] subSet EXCLUSIVE-EXCLUSIVE [collection size: several]]" classname="com.google.common.collect.testing.testers.CollectionEqualsTester" time="0"/>
  <testcase name="testEquals_self[UnmodifiableNavigableSetAPICompliance [collection size: several] subSet EXCLUSIVE-EXCLUSIVE [collection size: several]]" classname="com.google.common.collect.testing.testers.CollectionEqualsTester" time="0"/>
  <testcase name="testEquals_notACollection[UnmodifiableNavigableSetAPICompliance [collection size: several] subSet EXCLUSIVE-EXCLUSIVE [collection size: several]]" classname="com.google.common.collect.testing.testers.CollectionEqualsTester" time="0"/>
  <testcase name="testForEachKnownOrder[UnmodifiableNavigableSetAPICompliance [collection size: several] subSet EXCLUSIVE-EXCLUSIVE [collection size: several]]" classname="com.google.common.collect.testing.testers.CollectionForEachTester" time="0"/>
  <testcase name="testIsEmpty_no[UnmodifiableNavigableSetAPICompliance [collection size: several] subSet EXCLUSIVE-EXCLUSIVE [collection size: several]]" classname="com.google.common.collect.testing.testers.CollectionIsEmptyTester" time="0"/>
  <testcase name="testIteratorNoSuchElementException[UnmodifiableNavigableSetAPICompliance [collection size: several] subSet EXCLUSIVE-EXCLUSIVE [collection size: several]]" classname="com.google.common.collect.testing.testers.CollectionIteratorTester" time="0"/>
  <testcase name="testIterationOrdering[UnmodifiableNavigableSetAPICompliance [collection size: several] subSet EXCLUSIVE-EXCLUSIVE [collection size: several]]" classname="com.google.common.collect.testing.testers.CollectionIteratorTester" time="0"/>
  <testcase name="testIterator_knownOrderRemoveUnsupported[UnmodifiableNavigableSetAPICompliance [collection size: several] subSet EXCLUSIVE-EXCLUSIVE [collection size: several]]" classname="com.google.common.collect.testing.testers.CollectionIteratorTester" time="0.01"/>
  <testcase name="testIterator[UnmodifiableNavigableSetAPICompliance [collection size: several] subSet EXCLUSIVE-EXCLUSIVE [collection size: several]]" classname="com.google.common.collect.testing.testers.CollectionIteratorTester" time="0"/>
  <testcase name="testRemoveAll_unsupportedPresent[UnmodifiableNavigableSetAPICompliance [collection size: several] subSet EXCLUSIVE-EXCLUSIVE [collection size: several]]" classname="com.google.common.collect.testing.testers.CollectionRemoveAllTester" time="0"/>
  <testcase name="testRemoveAll_unsupportedEmptyCollection[UnmodifiableNavigableSetAPICompliance [collection size: several] subSet EXCLUSIVE-EXCLUSIVE [collection size: several]]" classname="com.google.common.collect.testing.testers.CollectionRemoveAllTester" time="0"/>
  <testcase name="testRemoveAll_unsupportedNonePresent[UnmodifiableNavigableSetAPICompliance [collection size: several] subSet EXCLUSIVE-EXCLUSIVE [collection size: several]]" classname="com.google.common.collect.testing.testers.CollectionRemoveAllTester" time="0"/>
  <testcase name="testRemoveIf_alwaysTrueUnsupported[UnmodifiableNavigableSetAPICompliance [collection size: several] subSet EXCLUSIVE-EXCLUSIVE [collection size: several]]" classname="com.google.common.collect.testing.testers.CollectionRemoveIfTester" time="0"/>
  <testcase name="testRemove_unsupportedNotPresent[UnmodifiableNavigableSetAPICompliance [collection size: several] subSet EXCLUSIVE-EXCLUSIVE [collection size: several]]" classname="com.google.common.collect.testing.testers.CollectionRemoveTester" time="0"/>
  <testcase name="testRemove_unsupported[UnmodifiableNavigableSetAPICompliance [collection size: several] subSet EXCLUSIVE-EXCLUSIVE [collection size: several]]" classname="com.google.common.collect.testing.testers.CollectionRemoveTester" time="0"/>
  <testcase name="testIteratorRemove_unsupported[UnmodifiableNavigableSetAPICompliance [collection size: several] subSet EXCLUSIVE-EXCLUSIVE [collection size: several]]" classname="com.google.common.collect.testing.testers.CollectionRemoveTester" time="0.001"/>
  <testcase name="testRetainAll_disjointPreviouslyNonEmptyUnsupported[UnmodifiableNavigableSetAPICompliance [collection size: several] subSet EXCLUSIVE-EXCLUSIVE [collection size: several]]" classname="com.google.common.collect.testing.testers.CollectionRetainAllTester" time="0"/>
  <testcase name="testRetainAll_emptyPreviouslyNonEmptyUnsupported[UnmodifiableNavigableSetAPICompliance [collection size: several] subSet EXCLUSIVE-EXCLUSIVE [collection size: several]]" classname="com.google.common.collect.testing.testers.CollectionRetainAllTester" time="0"/>
  <testcase name="testRetainAll_supersetUnsupported[UnmodifiableNavigableSetAPICompliance [collection size: several] subSet EXCLUSIVE-EXCLUSIVE [collection size: several]]" classname="com.google.common.collect.testing.testers.CollectionRetainAllTester" time="0"/>
  <testcase name="testRetainAll_partialOverlapUnsupported[UnmodifiableNavigableSetAPICompliance [collection size: several] subSet EXCLUSIVE-EXCLUSIVE [collection size: several]]" classname="com.google.common.collect.testing.testers.CollectionRetainAllTester" time="0"/>
  <testcase name="testRetainAll_subsetUnsupported[UnmodifiableNavigableSetAPICompliance [collection size: several] subSet EXCLUSIVE-EXCLUSIVE [collection size: several]]" classname="com.google.common.collect.testing.testers.CollectionRetainAllTester" time="0"/>
  <testcase name="testRetainAll_sameElementsUnsupported[UnmodifiableNavigableSetAPICompliance [collection size: several] subSet EXCLUSIVE-EXCLUSIVE [collection size: several]]" classname="com.google.common.collect.testing.testers.CollectionRetainAllTester" time="0"/>
  <testcase name="testSize[UnmodifiableNavigableSetAPICompliance [collection size: several] subSet EXCLUSIVE-EXCLUSIVE [collection size: several]]" classname="com.google.common.collect.testing.testers.CollectionSizeTester" time="0"/>
  <testcase name="testSpliteratorKnownOrder[UnmodifiableNavigableSetAPICompliance [collection size: several] subSet EXCLUSIVE-EXCLUSIVE [collection size: several]]" classname="com.google.common.collect.testing.testers.CollectionSpliteratorTester" time="0.001"/>
  <testcase name="testStreamToArrayKnownOrder[UnmodifiableNavigableSetAPICompliance [collection size: several] subSet EXCLUSIVE-EXCLUSIVE [collection size: several]]" classname="com.google.common.collect.testing.testers.CollectionStreamTester" time="0"/>
  <testcase name="testStreamCount[UnmodifiableNavigableSetAPICompliance [collection size: several] subSet EXCLUSIVE-EXCLUSIVE [collection size: several]]" classname="com.google.common.collect.testing.testers.CollectionStreamTester" time="0"/>
  <testcase name="testToArray_emptyArray[UnmodifiableNavigableSetAPICompliance [collection size: several] subSet EXCLUSIVE-EXCLUSIVE [collection size: several]]" classname="com.google.common.collect.testing.testers.CollectionToArrayTester" time="0"/>
  <testcase name="testToArray_oversizedArray[UnmodifiableNavigableSetAPICompliance [collection size: several] subSet EXCLUSIVE-EXCLUSIVE [collection size: several]]" classname="com.google.common.collect.testing.testers.CollectionToArrayTester" time="0"/>
  <testcase name="testToArray_rightSizedArray_ordered[UnmodifiableNavigableSetAPICompliance [collection size: several] subSet EXCLUSIVE-EXCLUSIVE [collection size: several]]" classname="com.google.common.collect.testing.testers.CollectionToArrayTester" time="0"/>
  <testcase name="testToArray_emptyArrayOfObject[UnmodifiableNavigableSetAPICompliance [collection size: several] subSet EXCLUSIVE-EXCLUSIVE [collection size: several]]" classname="com.google.common.collect.testing.testers.CollectionToArrayTester" time="0"/>
  <testcase name="testToArray_rightSizedArrayOfObject_ordered[UnmodifiableNavigableSetAPICompliance [collection size: several] subSet EXCLUSIVE-EXCLUSIVE [collection size: several]]" classname="com.google.common.collect.testing.testers.CollectionToArrayTester" time="0"/>
  <testcase name="testToArray_emptyArrayOfWrongTypeForNonEmptyCollection[UnmodifiableNavigableSetAPICompliance [collection size: several] subSet EXCLUSIVE-EXCLUSIVE [collection size: several]]" classname="com.google.common.collect.testing.testers.CollectionToArrayTester" time="0"/>
  <testcase name="testToArray_noArgs[UnmodifiableNavigableSetAPICompliance [collection size: several] subSet EXCLUSIVE-EXCLUSIVE [collection size: several]]" classname="com.google.common.collect.testing.testers.CollectionToArrayTester" time="0"/>
  <testcase name="testToArray_oversizedArray_ordered[UnmodifiableNavigableSetAPICompliance [collection size: several] subSet EXCLUSIVE-EXCLUSIVE [collection size: several]]" classname="com.google.common.collect.testing.testers.CollectionToArrayTester" time="0"/>
  <testcase name="testToArray_isPlainObjectArray[UnmodifiableNavigableSetAPICompliance [collection size: several] subSet EXCLUSIVE-EXCLUSIVE [collection size: several]]" classname="com.google.common.collect.testing.testers.CollectionToArrayTester" time="0"/>
  <testcase name="testToArray_rightSizedArrayOfObject[UnmodifiableNavigableSetAPICompliance [collection size: several] subSet EXCLUSIVE-EXCLUSIVE [collection size: several]]" classname="com.google.common.collect.testing.testers.CollectionToArrayTester" time="0"/>
  <testcase name="testToArray_emptyArray_ordered[UnmodifiableNavigableSetAPICompliance [collection size: several] subSet EXCLUSIVE-EXCLUSIVE [collection size: several]]" classname="com.google.common.collect.testing.testers.CollectionToArrayTester" time="0"/>
  <testcase name="testToArray_rightSizedArray[UnmodifiableNavigableSetAPICompliance [collection size: several] subSet EXCLUSIVE-EXCLUSIVE [collection size: several]]" classname="com.google.common.collect.testing.testers.CollectionToArrayTester" time="0"/>
  <testcase name="testToString_sizeSeveral[UnmodifiableNavigableSetAPICompliance [collection size: several] subSet EXCLUSIVE-EXCLUSIVE [collection size: several]]" classname="com.google.common.collect.testing.testers.CollectionToStringTester" time="0.001"/>
  <testcase name="testToString_minimal[UnmodifiableNavigableSetAPICompliance [collection size: several] subSet EXCLUSIVE-EXCLUSIVE [collection size: several]]" classname="com.google.common.collect.testing.testers.CollectionToStringTester" time="0"/>
  <testcase name="testCreateWithDuplicates_nonNullDuplicatesNotRejected[UnmodifiableNavigableSetAPICompliance [collection size: several] subSet EXCLUSIVE-EXCLUSIVE [collection size: several]]" classname="com.google.common.collect.testing.testers.SetCreationTester" time="0"/>
  <testcase name="testHashCode[UnmodifiableNavigableSetAPICompliance [collection size: several] subSet EXCLUSIVE-EXCLUSIVE [collection size: several]]" classname="com.google.common.collect.testing.testers.SetHashCodeTester" time="0"/>
  <testcase name="testEquals_list[UnmodifiableNavigableSetAPICompliance [collection size: several] subSet EXCLUSIVE-EXCLUSIVE [collection size: several]]" classname="com.google.common.collect.testing.testers.SetEqualsTester" time="0"/>
  <testcase name="testEquals_otherSetWithSameElements[UnmodifiableNavigableSetAPICompliance [collection size: several] subSet EXCLUSIVE-EXCLUSIVE [collection size: several]]" classname="com.google.common.collect.testing.testers.SetEqualsTester" time="0"/>
  <testcase name="testEquals_largerSet[UnmodifiableNavigableSetAPICompliance [collection size: several] subSet EXCLUSIVE-EXCLUSIVE [collection size: several]]" classname="com.google.common.collect.testing.testers.SetEqualsTester" time="0"/>
  <testcase name="testEquals_otherContainsNull[UnmodifiableNavigableSetAPICompliance [collection size: several] subSet EXCLUSIVE-EXCLUSIVE [collection size: several]]" classname="com.google.common.collect.testing.testers.SetEqualsTester" time="0"/>
  <testcase name="testEquals_smallerSet[UnmodifiableNavigableSetAPICompliance [collection size: several] subSet EXCLUSIVE-EXCLUSIVE [collection size: several]]" classname="com.google.common.collect.testing.testers.SetEqualsTester" time="0"/>
  <testcase name="testEquals_otherSetWithDifferentElements[UnmodifiableNavigableSetAPICompliance [collection size: several] subSet EXCLUSIVE-EXCLUSIVE [collection size: several]]" classname="com.google.common.collect.testing.testers.SetEqualsTester" time="0"/>
  <testcase name="testFirst[UnmodifiableNavigableSetAPICompliance [collection size: several] subSet EXCLUSIVE-EXCLUSIVE [collection size: several]]" classname="com.google.common.collect.testing.testers.SortedSetNavigationTester" time="0"/>
  <testcase name="testLast[UnmodifiableNavigableSetAPICompliance [collection size: several] subSet EXCLUSIVE-EXCLUSIVE [collection size: several]]" classname="com.google.common.collect.testing.testers.SortedSetNavigationTester" time="0"/>
  <testcase name="testDescendingNavigation[UnmodifiableNavigableSetAPICompliance [collection size: several] subSet EXCLUSIVE-EXCLUSIVE [collection size: several]]" classname="com.google.common.collect.testing.testers.NavigableSetNavigationTester" time="0"/>
  <testcase name="testFloor[UnmodifiableNavigableSetAPICompliance [collection size: several] subSet EXCLUSIVE-EXCLUSIVE [collection size: several]]" classname="com.google.common.collect.testing.testers.NavigableSetNavigationTester" time="0"/>
  <testcase name="testLower[UnmodifiableNavigableSetAPICompliance [collection size: several] subSet EXCLUSIVE-EXCLUSIVE [collection size: several]]" classname="com.google.common.collect.testing.testers.NavigableSetNavigationTester" time="0"/>
  <testcase name="testFloorHole[UnmodifiableNavigableSetAPICompliance [collection size: several] subSet EXCLUSIVE-EXCLUSIVE [collection size: several]]" classname="com.google.common.collect.testing.testers.NavigableSetNavigationTester" time="0"/>
  <testcase name="testHigherHole[UnmodifiableNavigableSetAPICompliance [collection size: several] subSet EXCLUSIVE-EXCLUSIVE [collection size: several]]" classname="com.google.common.collect.testing.testers.NavigableSetNavigationTester" time="0"/>
  <testcase name="testCeilingHole[UnmodifiableNavigableSetAPICompliance [collection size: several] subSet EXCLUSIVE-EXCLUSIVE [collection size: several]]" classname="com.google.common.collect.testing.testers.NavigableSetNavigationTester" time="0"/>
  <testcase name="testLowerHole[UnmodifiableNavigableSetAPICompliance [collection size: several] subSet EXCLUSIVE-EXCLUSIVE [collection size: several]]" classname="com.google.common.collect.testing.testers.NavigableSetNavigationTester" time="0"/>
  <testcase name="testCeiling[UnmodifiableNavigableSetAPICompliance [collection size: several] subSet EXCLUSIVE-EXCLUSIVE [collection size: several]]" classname="com.google.common.collect.testing.testers.NavigableSetNavigationTester" time="0"/>
  <testcase name="testEmptySubSet[UnmodifiableNavigableSetAPICompliance [collection size: several] subSet EXCLUSIVE-EXCLUSIVE [collection size: several]]" classname="com.google.common.collect.testing.testers.NavigableSetNavigationTester" time="0"/>
  <testcase name="testPollFirstUnsupported[UnmodifiableNavigableSetAPICompliance [collection size: several] subSet EXCLUSIVE-EXCLUSIVE [collection size: several]]" classname="com.google.common.collect.testing.testers.NavigableSetNavigationTester" time="0"/>
  <testcase name="testPollLastUnsupported[UnmodifiableNavigableSetAPICompliance [collection size: several] subSet EXCLUSIVE-EXCLUSIVE [collection size: several]]" classname="com.google.common.collect.testing.testers.NavigableSetNavigationTester" time="0"/>
  <testcase name="testHigher[UnmodifiableNavigableSetAPICompliance [collection size: several] subSet EXCLUSIVE-EXCLUSIVE [collection size: several]]" classname="com.google.common.collect.testing.testers.NavigableSetNavigationTester" time="0"/>
  <testcase name="testAddAll_unsupportedSomePresent[UnmodifiableNavigableSetAPICompliance [collection size: several] subSet EXCLUSIVE-EXCLUSIVE [collection size: several] descending [collection size: several]]" classname="com.google.common.collect.testing.testers.CollectionAddAllTester" time="0"/>
  <testcase name="testAddAll_unsupportedNothing[UnmodifiableNavigableSetAPICompliance [collection size: several] subSet EXCLUSIVE-EXCLUSIVE [collection size: several] descending [collection size: several]]" classname="com.google.common.collect.testing.testers.CollectionAddAllTester" time="0.001"/>
  <testcase name="testAddAll_unsupportedNonePresent[UnmodifiableNavigableSetAPICompliance [collection size: several] subSet EXCLUSIVE-EXCLUSIVE [collection size: several] descending [collection size: several]]" classname="com.google.common.collect.testing.testers.CollectionAddAllTester" time="0.011"/>
  <testcase name="testAddAll_unsupportedAllPresent[UnmodifiableNavigableSetAPICompliance [collection size: several] subSet EXCLUSIVE-EXCLUSIVE [collection size: several] descending [collection size: several]]" classname="com.google.common.collect.testing.testers.CollectionAddAllTester" time="0.001"/>
  <testcase name="testAdd_unsupportedNotPresent[UnmodifiableNavigableSetAPICompliance [collection size: several] subSet EXCLUSIVE-EXCLUSIVE [collection size: several] descending [collection size: several]]" classname="com.google.common.collect.testing.testers.CollectionAddTester" time="0"/>
  <testcase name="testAdd_unsupportedPresent[UnmodifiableNavigableSetAPICompliance [collection size: several] subSet EXCLUSIVE-EXCLUSIVE [collection size: several] descending [collection size: several]]" classname="com.google.common.collect.testing.testers.CollectionAddTester" time="0"/>
  <testcase name="testClear_unsupported[UnmodifiableNavigableSetAPICompliance [collection size: several] subSet EXCLUSIVE-EXCLUSIVE [collection size: several] descending [collection size: several]]" classname="com.google.common.collect.testing.testers.CollectionClearTester" time="0"/>
  <testcase name="testContainsAll_subset[UnmodifiableNavigableSetAPICompliance [collection size: several] subSet EXCLUSIVE-EXCLUSIVE [collection size: several] descending [collection size: several]]" classname="com.google.common.collect.testing.testers.CollectionContainsAllTester" time="0"/>
  <testcase name="testContainsAll_disjoint[UnmodifiableNavigableSetAPICompliance [collection size: several] subSet EXCLUSIVE-EXCLUSIVE [collection size: several] descending [collection size: several]]" classname="com.google.common.collect.testing.testers.CollectionContainsAllTester" time="0"/>
  <testcase name="testContainsAll_nullNotAllowed[UnmodifiableNavigableSetAPICompliance [collection size: several] subSet EXCLUSIVE-EXCLUSIVE [collection size: several] descending [collection size: several]]" classname="com.google.common.collect.testing.testers.CollectionContainsAllTester" time="0"/>
  <testcase name="testContainsAll_self[UnmodifiableNavigableSetAPICompliance [collection size: several] subSet EXCLUSIVE-EXCLUSIVE [collection size: several] descending [collection size: several]]" classname="com.google.common.collect.testing.testers.CollectionContainsAllTester" time="0"/>
  <testcase name="testContainsAll_wrongType[UnmodifiableNavigableSetAPICompliance [collection size: several] subSet EXCLUSIVE-EXCLUSIVE [collection size: several] descending [collection size: several]]" classname="com.google.common.collect.testing.testers.CollectionContainsAllTester" time="0"/>
  <testcase name="testContainsAll_empty[UnmodifiableNavigableSetAPICompliance [collection size: several] subSet EXCLUSIVE-EXCLUSIVE [collection size: several] descending [collection size: several]]" classname="com.google.common.collect.testing.testers.CollectionContainsAllTester" time="0"/>
  <testcase name="testContainsAll_sameElements[UnmodifiableNavigableSetAPICompliance [collection size: several] subSet EXCLUSIVE-EXCLUSIVE [collection size: several] descending [collection size: several]]" classname="com.google.common.collect.testing.testers.CollectionContainsAllTester" time="0"/>
  <testcase name="testContainsAll_partialOverlap[UnmodifiableNavigableSetAPICompliance [collection size: several] subSet EXCLUSIVE-EXCLUSIVE [collection size: several] descending [collection size: several]]" classname="com.google.common.collect.testing.testers.CollectionContainsAllTester" time="0"/>
  <testcase name="testContains_yes[UnmodifiableNavigableSetAPICompliance [collection size: several] subSet EXCLUSIVE-EXCLUSIVE [collection size: several] descending [collection size: several]]" classname="com.google.common.collect.testing.testers.CollectionContainsTester" time="0"/>
  <testcase name="testContains_no[UnmodifiableNavigableSetAPICompliance [collection size: several] subSet EXCLUSIVE-EXCLUSIVE [collection size: several] descending [collection size: several]]" classname="com.google.common.collect.testing.testers.CollectionContainsTester" time="0"/>
  <testcase name="testContains_nullNotContainedAndUnsupported[UnmodifiableNavigableSetAPICompliance [collection size: several] subSet EXCLUSIVE-EXCLUSIVE [collection size: several] descending [collection size: several]]" classname="com.google.common.collect.testing.testers.CollectionContainsTester" time="0"/>
  <testcase name="testContains_wrongType[UnmodifiableNavigableSetAPICompliance [collection size: several] subSet EXCLUSIVE-EXCLUSIVE [collection size: several] descending [collection size: several]]" classname="com.google.common.collect.testing.testers.CollectionContainsTester" time="0"/>
  <testcase name="testCreateWithNull_unsupported[UnmodifiableNavigableSetAPICompliance [collection size: several] subSet EXCLUSIVE-EXCLUSIVE [collection size: several] descending [collection size: several]]" classname="com.google.common.collect.testing.testers.CollectionCreationTester" time="0"/>
  <testcase name="testEquals_null[UnmodifiableNavigableSetAPICompliance [collection size: several] subSet EXCLUSIVE-EXCLUSIVE [collection size: several] descending [collection size: several]]" classname="com.google.common.collect.testing.testers.CollectionEqualsTester" time="0"/>
  <testcase name="testEquals_self[UnmodifiableNavigableSetAPICompliance [collection size: several] subSet EXCLUSIVE-EXCLUSIVE [collection size: several] descending [collection size: several]]" classname="com.google.common.collect.testing.testers.CollectionEqualsTester" time="0"/>
  <testcase name="testEquals_notACollection[UnmodifiableNavigableSetAPICompliance [collection size: several] subSet EXCLUSIVE-EXCLUSIVE [collection size: several] descending [collection size: several]]" classname="com.google.common.collect.testing.testers.CollectionEqualsTester" time="0"/>
  <testcase name="testForEachKnownOrder[UnmodifiableNavigableSetAPICompliance [collection size: several] subSet EXCLUSIVE-EXCLUSIVE [collection size: several] descending [collection size: several]]" classname="com.google.common.collect.testing.testers.CollectionForEachTester" time="0.007"/>
  <testcase name="testIsEmpty_no[UnmodifiableNavigableSetAPICompliance [collection size: several] subSet EXCLUSIVE-EXCLUSIVE [collection size: several] descending [collection size: several]]" classname="com.google.common.collect.testing.testers.CollectionIsEmptyTester" time="0.001"/>
  <testcase name="testIteratorNoSuchElementException[UnmodifiableNavigableSetAPICompliance [collection size: several] subSet EXCLUSIVE-EXCLUSIVE [collection size: several] descending [collection size: several]]" classname="com.google.common.collect.testing.testers.CollectionIteratorTester" time="0"/>
  <testcase name="testIterationOrdering[UnmodifiableNavigableSetAPICompliance [collection size: several] subSet EXCLUSIVE-EXCLUSIVE [collection size: several] descending [collection size: several]]" classname="com.google.common.collect.testing.testers.CollectionIteratorTester" time="0"/>
  <testcase name="testIterator_knownOrderRemoveUnsupported[UnmodifiableNavigableSetAPICompliance [collection size: several] subSet EXCLUSIVE-EXCLUSIVE [collection size: several] descending [collection size: several]]" classname="com.google.common.collect.testing.testers.CollectionIteratorTester" time="0.005"/>
  <testcase name="testIterator[UnmodifiableNavigableSetAPICompliance [collection size: several] subSet EXCLUSIVE-EXCLUSIVE [collection size: several] descending [collection size: several]]" classname="com.google.common.collect.testing.testers.CollectionIteratorTester" time="0"/>
  <testcase name="testRemoveAll_unsupportedPresent[UnmodifiableNavigableSetAPICompliance [collection size: several] subSet EXCLUSIVE-EXCLUSIVE [collection size: several] descending [collection size: several]]" classname="com.google.common.collect.testing.testers.CollectionRemoveAllTester" time="0"/>
  <testcase name="testRemoveAll_unsupportedEmptyCollection[UnmodifiableNavigableSetAPICompliance [collection size: several] subSet EXCLUSIVE-EXCLUSIVE [collection size: several] descending [collection size: several]]" classname="com.google.common.collect.testing.testers.CollectionRemoveAllTester" time="0.001"/>
  <testcase name="testRemoveAll_unsupportedNonePresent[UnmodifiableNavigableSetAPICompliance [collection size: several] subSet EXCLUSIVE-EXCLUSIVE [collection size: several] descending [collection size: several]]" classname="com.google.common.collect.testing.testers.CollectionRemoveAllTester" time="0"/>
  <testcase name="testRemoveIf_alwaysTrueUnsupported[UnmodifiableNavigableSetAPICompliance [collection size: several] subSet EXCLUSIVE-EXCLUSIVE [collection size: several] descending [collection size: several]]" classname="com.google.common.collect.testing.testers.CollectionRemoveIfTester" time="0"/>
  <testcase name="testRemove_unsupportedNotPresent[UnmodifiableNavigableSetAPICompliance [collection size: several] subSet EXCLUSIVE-EXCLUSIVE [collection size: several] descending [collection size: several]]" classname="com.google.common.collect.testing.testers.CollectionRemoveTester" time="0"/>
  <testcase name="testRemove_unsupported[UnmodifiableNavigableSetAPICompliance [collection size: several] subSet EXCLUSIVE-EXCLUSIVE [collection size: several] descending [collection size: several]]" classname="com.google.common.collect.testing.testers.CollectionRemoveTester" time="0"/>
  <testcase name="testIteratorRemove_unsupported[UnmodifiableNavigableSetAPICompliance [collection size: several] subSet EXCLUSIVE-EXCLUSIVE [collection size: several] descending [collection size: several]]" classname="com.google.common.collect.testing.testers.CollectionRemoveTester" time="0"/>
  <testcase name="testRetainAll_disjointPreviouslyNonEmptyUnsupported[UnmodifiableNavigableSetAPICompliance [collection size: several] subSet EXCLUSIVE-EXCLUSIVE [collection size: several] descending [collection size: several]]" classname="com.google.common.collect.testing.testers.CollectionRetainAllTester" time="0"/>
  <testcase name="testRetainAll_emptyPreviouslyNonEmptyUnsupported[UnmodifiableNavigableSetAPICompliance [collection size: several] subSet EXCLUSIVE-EXCLUSIVE [collection size: several] descending [collection size: several]]" classname="com.google.common.collect.testing.testers.CollectionRetainAllTester" time="0.001"/>
  <testcase name="testRetainAll_supersetUnsupported[UnmodifiableNavigableSetAPICompliance [collection size: several] subSet EXCLUSIVE-EXCLUSIVE [collection size: several] descending [collection size: several]]" classname="com.google.common.collect.testing.testers.CollectionRetainAllTester" time="0"/>
  <testcase name="testRetainAll_partialOverlapUnsupported[UnmodifiableNavigableSetAPICompliance [collection size: several] subSet EXCLUSIVE-EXCLUSIVE [collection size: several] descending [collection size: several]]" classname="com.google.common.collect.testing.testers.CollectionRetainAllTester" time="0"/>
  <testcase name="testRetainAll_subsetUnsupported[UnmodifiableNavigableSetAPICompliance [collection size: several] subSet EXCLUSIVE-EXCLUSIVE [collection size: several] descending [collection size: several]]" classname="com.google.common.collect.testing.testers.CollectionRetainAllTester" time="0"/>
  <testcase name="testRetainAll_sameElementsUnsupported[UnmodifiableNavigableSetAPICompliance [collection size: several] subSet EXCLUSIVE-EXCLUSIVE [collection size: several] descending [collection size: several]]" classname="com.google.common.collect.testing.testers.CollectionRetainAllTester" time="0"/>
  <testcase name="testSize[UnmodifiableNavigableSetAPICompliance [collection size: several] subSet EXCLUSIVE-EXCLUSIVE [collection size: several] descending [collection size: several]]" classname="com.google.common.collect.testing.testers.CollectionSizeTester" time="0.001"/>
  <testcase name="testSpliteratorKnownOrder[UnmodifiableNavigableSetAPICompliance [collection size: several] subSet EXCLUSIVE-EXCLUSIVE [collection size: several] descending [collection size: several]]" classname="com.google.common.collect.testing.testers.CollectionSpliteratorTester" time="0.028"/>
  <testcase name="testStreamToArrayKnownOrder[UnmodifiableNavigableSetAPICompliance [collection size: several] subSet EXCLUSIVE-EXCLUSIVE [collection size: several] descending [collection size: several]]" classname="com.google.common.collect.testing.testers.CollectionStreamTester" time="0.001"/>
  <testcase name="testStreamCount[UnmodifiableNavigableSetAPICompliance [collection size: several] subSet EXCLUSIVE-EXCLUSIVE [collection size: several] descending [collection size: several]]" classname="com.google.common.collect.testing.testers.CollectionStreamTester" time="0"/>
  <testcase name="testToArray_emptyArray[UnmodifiableNavigableSetAPICompliance [collection size: several] subSet EXCLUSIVE-EXCLUSIVE [collection size: several] descending [collection size: several]]" classname="com.google.common.collect.testing.testers.CollectionToArrayTester" time="0"/>
  <testcase name="testToArray_oversizedArray[UnmodifiableNavigableSetAPICompliance [collection size: several] subSet EXCLUSIVE-EXCLUSIVE [collection size: several] descending [collection size: several]]" classname="com.google.common.collect.testing.testers.CollectionToArrayTester" time="0"/>
  <testcase name="testToArray_rightSizedArray_ordered[UnmodifiableNavigableSetAPICompliance [collection size: several] subSet EXCLUSIVE-EXCLUSIVE [collection size: several] descending [collection size: several]]" classname="com.google.common.collect.testing.testers.CollectionToArrayTester" time="0"/>
  <testcase name="testToArray_emptyArrayOfObject[UnmodifiableNavigableSetAPICompliance [collection size: several] subSet EXCLUSIVE-EXCLUSIVE [collection size: several] descending [collection size: several]]" classname="com.google.common.collect.testing.testers.CollectionToArrayTester" time="0"/>
  <testcase name="testToArray_rightSizedArrayOfObject_ordered[UnmodifiableNavigableSetAPICompliance [collection size: several] subSet EXCLUSIVE-EXCLUSIVE [collection size: several] descending [collection size: several]]" classname="com.google.common.collect.testing.testers.CollectionToArrayTester" time="0.001"/>
  <testcase name="testToArray_emptyArrayOfWrongTypeForNonEmptyCollection[UnmodifiableNavigableSetAPICompliance [collection size: several] subSet EXCLUSIVE-EXCLUSIVE [collection size: several] descending [collection size: several]]" classname="com.google.common.collect.testing.testers.CollectionToArrayTester" time="0"/>
  <testcase name="testToArray_noArgs[UnmodifiableNavigableSetAPICompliance [collection size: several] subSet EXCLUSIVE-EXCLUSIVE [collection size: several] descending [collection size: several]]" classname="com.google.common.collect.testing.testers.CollectionToArrayTester" time="0"/>
  <testcase name="testToArray_oversizedArray_ordered[UnmodifiableNavigableSetAPICompliance [collection size: several] subSet EXCLUSIVE-EXCLUSIVE [collection size: several] descending [collection size: several]]" classname="com.google.common.collect.testing.testers.CollectionToArrayTester" time="0"/>
  <testcase name="testToArray_isPlainObjectArray[UnmodifiableNavigableSetAPICompliance [collection size: several] subSet EXCLUSIVE-EXCLUSIVE [collection size: several] descending [collection size: several]]" classname="com.google.common.collect.testing.testers.CollectionToArrayTester" time="0"/>
  <testcase name="testToArray_rightSizedArrayOfObject[UnmodifiableNavigableSetAPICompliance [collection size: several] subSet EXCLUSIVE-EXCLUSIVE [collection size: several] descending [collection size: several]]" classname="com.google.common.collect.testing.testers.CollectionToArrayTester" time="0"/>
  <testcase name="testToArray_emptyArray_ordered[UnmodifiableNavigableSetAPICompliance [collection size: several] subSet EXCLUSIVE-EXCLUSIVE [collection size: several] descending [collection size: several]]" classname="com.google.common.collect.testing.testers.CollectionToArrayTester" time="0"/>
  <testcase name="testToArray_rightSizedArray[UnmodifiableNavigableSetAPICompliance [collection size: several] subSet EXCLUSIVE-EXCLUSIVE [collection size: several] descending [collection size: several]]" classname="com.google.common.collect.testing.testers.CollectionToArrayTester" time="0"/>
  <testcase name="testToString_sizeSeveral[UnmodifiableNavigableSetAPICompliance [collection size: several] subSet EXCLUSIVE-EXCLUSIVE [collection size: several] descending [collection size: several]]" classname="com.google.common.collect.testing.testers.CollectionToStringTester" time="0"/>
  <testcase name="testToString_minimal[UnmodifiableNavigableSetAPICompliance [collection size: several] subSet EXCLUSIVE-EXCLUSIVE [collection size: several] descending [collection size: several]]" classname="com.google.common.collect.testing.testers.CollectionToStringTester" time="0"/>
  <testcase name="testCreateWithDuplicates_nonNullDuplicatesNotRejected[UnmodifiableNavigableSetAPICompliance [collection size: several] subSet EXCLUSIVE-EXCLUSIVE [collection size: several] descending [collection size: several]]" classname="com.google.common.collect.testing.testers.SetCreationTester" time="0"/>
  <testcase name="testHashCode[UnmodifiableNavigableSetAPICompliance [collection size: several] subSet EXCLUSIVE-EXCLUSIVE [collection size: several] descending [collection size: several]]" classname="com.google.common.collect.testing.testers.SetHashCodeTester" time="0"/>
  <testcase name="testEquals_list[UnmodifiableNavigableSetAPICompliance [collection size: several] subSet EXCLUSIVE-EXCLUSIVE [collection size: several] descending [collection size: several]]" classname="com.google.common.collect.testing.testers.SetEqualsTester" time="0"/>
  <testcase name="testEquals_otherSetWithSameElements[UnmodifiableNavigableSetAPICompliance [collection size: several] subSet EXCLUSIVE-EXCLUSIVE [collection size: several] descending [collection size: several]]" classname="com.google.common.collect.testing.testers.SetEqualsTester" time="0"/>
  <testcase name="testEquals_largerSet[UnmodifiableNavigableSetAPICompliance [collection size: several] subSet EXCLUSIVE-EXCLUSIVE [collection size: several] descending [collection size: several]]" classname="com.google.common.collect.testing.testers.SetEqualsTester" time="0"/>
  <testcase name="testEquals_otherContainsNull[UnmodifiableNavigableSetAPICompliance [collection size: several] subSet EXCLUSIVE-EXCLUSIVE [collection size: several] descending [collection size: several]]" classname="com.google.common.collect.testing.testers.SetEqualsTester" time="0"/>
  <testcase name="testEquals_smallerSet[UnmodifiableNavigableSetAPICompliance [collection size: several] subSet EXCLUSIVE-EXCLUSIVE [collection size: several] descending [collection size: several]]" classname="com.google.common.collect.testing.testers.SetEqualsTester" time="0"/>
  <testcase name="testEquals_otherSetWithDifferentElements[UnmodifiableNavigableSetAPICompliance [collection size: several] subSet EXCLUSIVE-EXCLUSIVE [collection size: several] descending [collection size: several]]" classname="com.google.common.collect.testing.testers.SetEqualsTester" time="0"/>
  <testcase name="testAddAll_unsupportedSomePresent[UnmodifiableNavigableSetAPICompliance [collection size: several] subSet EXCLUSIVE-INCLUSIVE [collection size: several]]" classname="com.google.common.collect.testing.testers.CollectionAddAllTester" time="0"/>
  <testcase name="testAddAll_unsupportedNothing[UnmodifiableNavigableSetAPICompliance [collection size: several] subSet EXCLUSIVE-INCLUSIVE [collection size: several]]" classname="com.google.common.collect.testing.testers.CollectionAddAllTester" time="0"/>
  <testcase name="testAddAll_unsupportedNonePresent[UnmodifiableNavigableSetAPICompliance [collection size: several] subSet EXCLUSIVE-INCLUSIVE [collection size: several]]" classname="com.google.common.collect.testing.testers.CollectionAddAllTester" time="0.001"/>
  <testcase name="testAddAll_unsupportedAllPresent[UnmodifiableNavigableSetAPICompliance [collection size: several] subSet EXCLUSIVE-INCLUSIVE [collection size: several]]" classname="com.google.common.collect.testing.testers.CollectionAddAllTester" time="0"/>
  <testcase name="testAdd_unsupportedNotPresent[UnmodifiableNavigableSetAPICompliance [collection size: several] subSet EXCLUSIVE-INCLUSIVE [collection size: several]]" classname="com.google.common.collect.testing.testers.CollectionAddTester" time="0"/>
  <testcase name="testAdd_unsupportedPresent[UnmodifiableNavigableSetAPICompliance [collection size: several] subSet EXCLUSIVE-INCLUSIVE [collection size: several]]" classname="com.google.common.collect.testing.testers.CollectionAddTester" time="0"/>
  <testcase name="testClear_unsupported[UnmodifiableNavigableSetAPICompliance [collection size: several] subSet EXCLUSIVE-INCLUSIVE [collection size: several]]" classname="com.google.common.collect.testing.testers.CollectionClearTester" time="0"/>
  <testcase name="testContainsAll_subset[UnmodifiableNavigableSetAPICompliance [collection size: several] subSet EXCLUSIVE-INCLUSIVE [collection size: several]]" classname="com.google.common.collect.testing.testers.CollectionContainsAllTester" time="0"/>
  <testcase name="testContainsAll_disjoint[UnmodifiableNavigableSetAPICompliance [collection size: several] subSet EXCLUSIVE-INCLUSIVE [collection size: several]]" classname="com.google.common.collect.testing.testers.CollectionContainsAllTester" time="0"/>
  <testcase name="testContainsAll_nullNotAllowed[UnmodifiableNavigableSetAPICompliance [collection size: several] subSet EXCLUSIVE-INCLUSIVE [collection size: several]]" classname="com.google.common.collect.testing.testers.CollectionContainsAllTester" time="0.001"/>
  <testcase name="testContainsAll_self[UnmodifiableNavigableSetAPICompliance [collection size: several] subSet EXCLUSIVE-INCLUSIVE [collection size: several]]" classname="com.google.common.collect.testing.testers.CollectionContainsAllTester" time="0"/>
  <testcase name="testContainsAll_wrongType[UnmodifiableNavigableSetAPICompliance [collection size: several] subSet EXCLUSIVE-INCLUSIVE [collection size: several]]" classname="com.google.common.collect.testing.testers.CollectionContainsAllTester" time="0"/>
  <testcase name="testContainsAll_empty[UnmodifiableNavigableSetAPICompliance [collection size: several] subSet EXCLUSIVE-INCLUSIVE [collection size: several]]" classname="com.google.common.collect.testing.testers.CollectionContainsAllTester" time="0"/>
  <testcase name="testContainsAll_sameElements[UnmodifiableNavigableSetAPICompliance [collection size: several] subSet EXCLUSIVE-INCLUSIVE [collection size: several]]" classname="com.google.common.collect.testing.testers.CollectionContainsAllTester" time="0"/>
  <testcase name="testContainsAll_partialOverlap[UnmodifiableNavigableSetAPICompliance [collection size: several] subSet EXCLUSIVE-INCLUSIVE [collection size: several]]" classname="com.google.common.collect.testing.testers.CollectionContainsAllTester" time="0"/>
  <testcase name="testContains_yes[UnmodifiableNavigableSetAPICompliance [collection size: several] subSet EXCLUSIVE-INCLUSIVE [collection size: several]]" classname="com.google.common.collect.testing.testers.CollectionContainsTester" time="0"/>
  <testcase name="testContains_no[UnmodifiableNavigableSetAPICompliance [collection size: several] subSet EXCLUSIVE-INCLUSIVE [collection size: several]]" classname="com.google.common.collect.testing.testers.CollectionContainsTester" time="0"/>
  <testcase name="testContains_nullNotContainedAndUnsupported[UnmodifiableNavigableSetAPICompliance [collection size: several] subSet EXCLUSIVE-INCLUSIVE [collection size: several]]" classname="com.google.common.collect.testing.testers.CollectionContainsTester" time="0"/>
  <testcase name="testContains_wrongType[UnmodifiableNavigableSetAPICompliance [collection size: several] subSet EXCLUSIVE-INCLUSIVE [collection size: several]]" classname="com.google.common.collect.testing.testers.CollectionContainsTester" time="0"/>
  <testcase name="testCreateWithNull_unsupported[UnmodifiableNavigableSetAPICompliance [collection size: several] subSet EXCLUSIVE-INCLUSIVE [collection size: several]]" classname="com.google.common.collect.testing.testers.CollectionCreationTester" time="0"/>
  <testcase name="testEquals_null[UnmodifiableNavigableSetAPICompliance [collection size: several] subSet EXCLUSIVE-INCLUSIVE [collection size: several]]" classname="com.google.common.collect.testing.testers.CollectionEqualsTester" time="0"/>
  <testcase name="testEquals_self[UnmodifiableNavigableSetAPICompliance [collection size: several] subSet EXCLUSIVE-INCLUSIVE [collection size: several]]" classname="com.google.common.collect.testing.testers.CollectionEqualsTester" time="0"/>
  <testcase name="testEquals_notACollection[UnmodifiableNavigableSetAPICompliance [collection size: several] subSet EXCLUSIVE-INCLUSIVE [collection size: several]]" classname="com.google.common.collect.testing.testers.CollectionEqualsTester" time="0"/>
  <testcase name="testForEachKnownOrder[UnmodifiableNavigableSetAPICompliance [collection size: several] subSet EXCLUSIVE-INCLUSIVE [collection size: several]]" classname="com.google.common.collect.testing.testers.CollectionForEachTester" time="0"/>
  <testcase name="testIsEmpty_no[UnmodifiableNavigableSetAPICompliance [collection size: several] subSet EXCLUSIVE-INCLUSIVE [collection size: several]]" classname="com.google.common.collect.testing.testers.CollectionIsEmptyTester" time="0"/>
  <testcase name="testIteratorNoSuchElementException[UnmodifiableNavigableSetAPICompliance [collection size: several] subSet EXCLUSIVE-INCLUSIVE [collection size: several]]" classname="com.google.common.collect.testing.testers.CollectionIteratorTester" time="0.001"/>
  <testcase name="testIterationOrdering[UnmodifiableNavigableSetAPICompliance [collection size: several] subSet EXCLUSIVE-INCLUSIVE [collection size: several]]" classname="com.google.common.collect.testing.testers.CollectionIteratorTester" time="0"/>
  <testcase name="testIterator_knownOrderRemoveUnsupported[UnmodifiableNavigableSetAPICompliance [collection size: several] subSet EXCLUSIVE-INCLUSIVE [collection size: several]]" classname="com.google.common.collect.testing.testers.CollectionIteratorTester" time="0.008"/>
  <testcase name="testIterator[UnmodifiableNavigableSetAPICompliance [collection size: several] subSet EXCLUSIVE-INCLUSIVE [collection size: several]]" classname="com.google.common.collect.testing.testers.CollectionIteratorTester" time="0"/>
  <testcase name="testRemoveAll_unsupportedPresent[UnmodifiableNavigableSetAPICompliance [collection size: several] subSet EXCLUSIVE-INCLUSIVE [collection size: several]]" classname="com.google.common.collect.testing.testers.CollectionRemoveAllTester" time="0"/>
  <testcase name="testRemoveAll_unsupportedEmptyCollection[UnmodifiableNavigableSetAPICompliance [collection size: several] subSet EXCLUSIVE-INCLUSIVE [collection size: several]]" classname="com.google.common.collect.testing.testers.CollectionRemoveAllTester" time="0"/>
  <testcase name="testRemoveAll_unsupportedNonePresent[UnmodifiableNavigableSetAPICompliance [collection size: several] subSet EXCLUSIVE-INCLUSIVE [collection size: several]]" classname="com.google.common.collect.testing.testers.CollectionRemoveAllTester" time="0.001"/>
  <testcase name="testRemoveIf_alwaysTrueUnsupported[UnmodifiableNavigableSetAPICompliance [collection size: several] subSet EXCLUSIVE-INCLUSIVE [collection size: several]]" classname="com.google.common.collect.testing.testers.CollectionRemoveIfTester" time="0"/>
  <testcase name="testRemove_unsupportedNotPresent[UnmodifiableNavigableSetAPICompliance [collection size: several] subSet EXCLUSIVE-INCLUSIVE [collection size: several]]" classname="com.google.common.collect.testing.testers.CollectionRemoveTester" time="0.001"/>
  <testcase name="testRemove_unsupported[UnmodifiableNavigableSetAPICompliance [collection size: several] subSet EXCLUSIVE-INCLUSIVE [collection size: several]]" classname="com.google.common.collect.testing.testers.CollectionRemoveTester" time="0"/>
  <testcase name="testIteratorRemove_unsupported[UnmodifiableNavigableSetAPICompliance [collection size: several] subSet EXCLUSIVE-INCLUSIVE [collection size: several]]" classname="com.google.common.collect.testing.testers.CollectionRemoveTester" time="0"/>
  <testcase name="testRetainAll_disjointPreviouslyNonEmptyUnsupported[UnmodifiableNavigableSetAPICompliance [collection size: several] subSet EXCLUSIVE-INCLUSIVE [collection size: several]]" classname="com.google.common.collect.testing.testers.CollectionRetainAllTester" time="0"/>
  <testcase name="testRetainAll_emptyPreviouslyNonEmptyUnsupported[UnmodifiableNavigableSetAPICompliance [collection size: several] subSet EXCLUSIVE-INCLUSIVE [collection size: several]]" classname="com.google.common.collect.testing.testers.CollectionRetainAllTester" time="0"/>
  <testcase name="testRetainAll_supersetUnsupported[UnmodifiableNavigableSetAPICompliance [collection size: several] subSet EXCLUSIVE-INCLUSIVE [collection size: several]]" classname="com.google.common.collect.testing.testers.CollectionRetainAllTester" time="0"/>
  <testcase name="testRetainAll_partialOverlapUnsupported[UnmodifiableNavigableSetAPICompliance [collection size: several] subSet EXCLUSIVE-INCLUSIVE [collection size: several]]" classname="com.google.common.collect.testing.testers.CollectionRetainAllTester" time="0"/>
  <testcase name="testRetainAll_subsetUnsupported[UnmodifiableNavigableSetAPICompliance [collection size: several] subSet EXCLUSIVE-INCLUSIVE [collection size: several]]" classname="com.google.common.collect.testing.testers.CollectionRetainAllTester" time="0"/>
  <testcase name="testRetainAll_sameElementsUnsupported[UnmodifiableNavigableSetAPICompliance [collection size: several] subSet EXCLUSIVE-INCLUSIVE [collection size: several]]" classname="com.google.common.collect.testing.testers.CollectionRetainAllTester" time="0"/>
  <testcase name="testSize[UnmodifiableNavigableSetAPICompliance [collection size: several] subSet EXCLUSIVE-INCLUSIVE [collection size: several]]" classname="com.google.common.collect.testing.testers.CollectionSizeTester" time="0"/>
  <testcase name="testSpliteratorKnownOrder[UnmodifiableNavigableSetAPICompliance [collection size: several] subSet EXCLUSIVE-INCLUSIVE [collection size: several]]" classname="com.google.common.collect.testing.testers.CollectionSpliteratorTester" time="0.001"/>
  <testcase name="testStreamToArrayKnownOrder[UnmodifiableNavigableSetAPICompliance [collection size: several] subSet EXCLUSIVE-INCLUSIVE [collection size: several]]" classname="com.google.common.collect.testing.testers.CollectionStreamTester" time="0"/>
  <testcase name="testStreamCount[UnmodifiableNavigableSetAPICompliance [collection size: several] subSet EXCLUSIVE-INCLUSIVE [collection size: several]]" classname="com.google.common.collect.testing.testers.CollectionStreamTester" time="0"/>
  <testcase name="testToArray_emptyArray[UnmodifiableNavigableSetAPICompliance [collection size: several] subSet EXCLUSIVE-INCLUSIVE [collection size: several]]" classname="com.google.common.collect.testing.testers.CollectionToArrayTester" time="0"/>
  <testcase name="testToArray_oversizedArray[UnmodifiableNavigableSetAPICompliance [collection size: several] subSet EXCLUSIVE-INCLUSIVE [collection size: several]]" classname="com.google.common.collect.testing.testers.CollectionToArrayTester" time="0"/>
  <testcase name="testToArray_rightSizedArray_ordered[UnmodifiableNavigableSetAPICompliance [collection size: several] subSet EXCLUSIVE-INCLUSIVE [collection size: several]]" classname="com.google.common.collect.testing.testers.CollectionToArrayTester" time="0"/>
  <testcase name="testToArray_emptyArrayOfObject[UnmodifiableNavigableSetAPICompliance [collection size: several] subSet EXCLUSIVE-INCLUSIVE [collection size: several]]" classname="com.google.common.collect.testing.testers.CollectionToArrayTester" time="0"/>
  <testcase name="testToArray_rightSizedArrayOfObject_ordered[UnmodifiableNavigableSetAPICompliance [collection size: several] subSet EXCLUSIVE-INCLUSIVE [collection size: several]]" classname="com.google.common.collect.testing.testers.CollectionToArrayTester" time="0"/>
  <testcase name="testToArray_emptyArrayOfWrongTypeForNonEmptyCollection[UnmodifiableNavigableSetAPICompliance [collection size: several] subSet EXCLUSIVE-INCLUSIVE [collection size: several]]" classname="com.google.common.collect.testing.testers.CollectionToArrayTester" time="0"/>
  <testcase name="testToArray_noArgs[UnmodifiableNavigableSetAPICompliance [collection size: several] subSet EXCLUSIVE-INCLUSIVE [collection size: several]]" classname="com.google.common.collect.testing.testers.CollectionToArrayTester" time="0"/>
  <testcase name="testToArray_oversizedArray_ordered[UnmodifiableNavigableSetAPICompliance [collection size: several] subSet EXCLUSIVE-INCLUSIVE [collection size: several]]" classname="com.google.common.collect.testing.testers.CollectionToArrayTester" time="0"/>
  <testcase name="testToArray_isPlainObjectArray[UnmodifiableNavigableSetAPICompliance [collection size: several] subSet EXCLUSIVE-INCLUSIVE [collection size: several]]" classname="com.google.common.collect.testing.testers.CollectionToArrayTester" time="0"/>
  <testcase name="testToArray_rightSizedArrayOfObject[UnmodifiableNavigableSetAPICompliance [collection size: several] subSet EXCLUSIVE-INCLUSIVE [collection size: several]]" classname="com.google.common.collect.testing.testers.CollectionToArrayTester" time="0"/>
  <testcase name="testToArray_emptyArray_ordered[UnmodifiableNavigableSetAPICompliance [collection size: several] subSet EXCLUSIVE-INCLUSIVE [collection size: several]]" classname="com.google.common.collect.testing.testers.CollectionToArrayTester" time="0"/>
  <testcase name="testToArray_rightSizedArray[UnmodifiableNavigableSetAPICompliance [collection size: several] subSet EXCLUSIVE-INCLUSIVE [collection size: several]]" classname="com.google.common.collect.testing.testers.CollectionToArrayTester" time="0.001"/>
  <testcase name="testToString_sizeSeveral[UnmodifiableNavigableSetAPICompliance [collection size: several] subSet EXCLUSIVE-INCLUSIVE [collection size: several]]" classname="com.google.common.collect.testing.testers.CollectionToStringTester" time="0"/>
  <testcase name="testToString_minimal[UnmodifiableNavigableSetAPICompliance [collection size: several] subSet EXCLUSIVE-INCLUSIVE [collection size: several]]" classname="com.google.common.collect.testing.testers.CollectionToStringTester" time="0.001"/>
  <testcase name="testCreateWithDuplicates_nonNullDuplicatesNotRejected[UnmodifiableNavigableSetAPICompliance [collection size: several] subSet EXCLUSIVE-INCLUSIVE [collection size: several]]" classname="com.google.common.collect.testing.testers.SetCreationTester" time="0.001"/>
  <testcase name="testHashCode[UnmodifiableNavigableSetAPICompliance [collection size: several] subSet EXCLUSIVE-INCLUSIVE [collection size: several]]" classname="com.google.common.collect.testing.testers.SetHashCodeTester" time="0"/>
  <testcase name="testEquals_list[UnmodifiableNavigableSetAPICompliance [collection size: several] subSet EXCLUSIVE-INCLUSIVE [collection size: several]]" classname="com.google.common.collect.testing.testers.SetEqualsTester" time="0"/>
  <testcase name="testEquals_otherSetWithSameElements[UnmodifiableNavigableSetAPICompliance [collection size: several] subSet EXCLUSIVE-INCLUSIVE [collection size: several]]" classname="com.google.common.collect.testing.testers.SetEqualsTester" time="0"/>
  <testcase name="testEquals_largerSet[UnmodifiableNavigableSetAPICompliance [collection size: several] subSet EXCLUSIVE-INCLUSIVE [collection size: several]]" classname="com.google.common.collect.testing.testers.SetEqualsTester" time="0"/>
  <testcase name="testEquals_otherContainsNull[UnmodifiableNavigableSetAPICompliance [collection size: several] subSet EXCLUSIVE-INCLUSIVE [collection size: several]]" classname="com.google.common.collect.testing.testers.SetEqualsTester" time="0"/>
  <testcase name="testEquals_smallerSet[UnmodifiableNavigableSetAPICompliance [collection size: several] subSet EXCLUSIVE-INCLUSIVE [collection size: several]]" classname="com.google.common.collect.testing.testers.SetEqualsTester" time="0"/>
  <testcase name="testEquals_otherSetWithDifferentElements[UnmodifiableNavigableSetAPICompliance [collection size: several] subSet EXCLUSIVE-INCLUSIVE [collection size: several]]" classname="com.google.common.collect.testing.testers.SetEqualsTester" time="0"/>
  <testcase name="testFirst[UnmodifiableNavigableSetAPICompliance [collection size: several] subSet EXCLUSIVE-INCLUSIVE [collection size: several]]" classname="com.google.common.collect.testing.testers.SortedSetNavigationTester" time="0"/>
  <testcase name="testLast[UnmodifiableNavigableSetAPICompliance [collection size: several] subSet EXCLUSIVE-INCLUSIVE [collection size: several]]" classname="com.google.common.collect.testing.testers.SortedSetNavigationTester" time="0"/>
  <testcase name="testDescendingNavigation[UnmodifiableNavigableSetAPICompliance [collection size: several] subSet EXCLUSIVE-INCLUSIVE [collection size: several]]" classname="com.google.common.collect.testing.testers.NavigableSetNavigationTester" time="0"/>
  <testcase name="testFloor[UnmodifiableNavigableSetAPICompliance [collection size: several] subSet EXCLUSIVE-INCLUSIVE [collection size: several]]" classname="com.google.common.collect.testing.testers.NavigableSetNavigationTester" time="0"/>
  <testcase name="testLower[UnmodifiableNavigableSetAPICompliance [collection size: several] subSet EXCLUSIVE-INCLUSIVE [collection size: several]]" classname="com.google.common.collect.testing.testers.NavigableSetNavigationTester" time="0"/>
  <testcase name="testFloorHole[UnmodifiableNavigableSetAPICompliance [collection size: several] subSet EXCLUSIVE-INCLUSIVE [collection size: several]]" classname="com.google.common.collect.testing.testers.NavigableSetNavigationTester" time="0"/>
  <testcase name="testHigherHole[UnmodifiableNavigableSetAPICompliance [collection size: several] subSet EXCLUSIVE-INCLUSIVE [collection size: several]]" classname="com.google.common.collect.testing.testers.NavigableSetNavigationTester" time="0"/>
  <testcase name="testCeilingHole[UnmodifiableNavigableSetAPICompliance [collection size: several] subSet EXCLUSIVE-INCLUSIVE [collection size: several]]" classname="com.google.common.collect.testing.testers.NavigableSetNavigationTester" time="0"/>
  <testcase name="testLowerHole[UnmodifiableNavigableSetAPICompliance [collection size: several] subSet EXCLUSIVE-INCLUSIVE [collection size: several]]" classname="com.google.common.collect.testing.testers.NavigableSetNavigationTester" time="0.001"/>
  <testcase name="testCeiling[UnmodifiableNavigableSetAPICompliance [collection size: several] subSet EXCLUSIVE-INCLUSIVE [collection size: several]]" classname="com.google.common.collect.testing.testers.NavigableSetNavigationTester" time="0"/>
  <testcase name="testEmptySubSet[UnmodifiableNavigableSetAPICompliance [collection size: several] subSet EXCLUSIVE-INCLUSIVE [collection size: several]]" classname="com.google.common.collect.testing.testers.NavigableSetNavigationTester" time="0"/>
  <testcase name="testPollFirstUnsupported[UnmodifiableNavigableSetAPICompliance [collection size: several] subSet EXCLUSIVE-INCLUSIVE [collection size: several]]" classname="com.google.common.collect.testing.testers.NavigableSetNavigationTester" time="0"/>
  <testcase name="testPollLastUnsupported[UnmodifiableNavigableSetAPICompliance [collection size: several] subSet EXCLUSIVE-INCLUSIVE [collection size: several]]" classname="com.google.common.collect.testing.testers.NavigableSetNavigationTester" time="0"/>
  <testcase name="testHigher[UnmodifiableNavigableSetAPICompliance [collection size: several] subSet EXCLUSIVE-INCLUSIVE [collection size: several]]" classname="com.google.common.collect.testing.testers.NavigableSetNavigationTester" time="0"/>
  <testcase name="testAddAll_unsupportedSomePresent[UnmodifiableNavigableSetAPICompliance [collection size: several] subSet EXCLUSIVE-INCLUSIVE [collection size: several] descending [collection size: several]]" classname="com.google.common.collect.testing.testers.CollectionAddAllTester" time="0"/>
  <testcase name="testAddAll_unsupportedNothing[UnmodifiableNavigableSetAPICompliance [collection size: several] subSet EXCLUSIVE-INCLUSIVE [collection size: several] descending [collection size: several]]" classname="com.google.common.collect.testing.testers.CollectionAddAllTester" time="0.001"/>
  <testcase name="testAddAll_unsupportedNonePresent[UnmodifiableNavigableSetAPICompliance [collection size: several] subSet EXCLUSIVE-INCLUSIVE [collection size: several] descending [collection size: several]]" classname="com.google.common.collect.testing.testers.CollectionAddAllTester" time="0"/>
  <testcase name="testAddAll_unsupportedAllPresent[UnmodifiableNavigableSetAPICompliance [collection size: several] subSet EXCLUSIVE-INCLUSIVE [collection size: several] descending [collection size: several]]" classname="com.google.common.collect.testing.testers.CollectionAddAllTester" time="0"/>
  <testcase name="testAdd_unsupportedNotPresent[UnmodifiableNavigableSetAPICompliance [collection size: several] subSet EXCLUSIVE-INCLUSIVE [collection size: several] descending [collection size: several]]" classname="com.google.common.collect.testing.testers.CollectionAddTester" time="0"/>
  <testcase name="testAdd_unsupportedPresent[UnmodifiableNavigableSetAPICompliance [collection size: several] subSet EXCLUSIVE-INCLUSIVE [collection size: several] descending [collection size: several]]" classname="com.google.common.collect.testing.testers.CollectionAddTester" time="0"/>
  <testcase name="testClear_unsupported[UnmodifiableNavigableSetAPICompliance [collection size: several] subSet EXCLUSIVE-INCLUSIVE [collection size: several] descending [collection size: several]]" classname="com.google.common.collect.testing.testers.CollectionClearTester" time="0"/>
  <testcase name="testContainsAll_subset[UnmodifiableNavigableSetAPICompliance [collection size: several] subSet EXCLUSIVE-INCLUSIVE [collection size: several] descending [collection size: several]]" classname="com.google.common.collect.testing.testers.CollectionContainsAllTester" time="0"/>
  <testcase name="testContainsAll_disjoint[UnmodifiableNavigableSetAPICompliance [collection size: several] subSet EXCLUSIVE-INCLUSIVE [collection size: several] descending [collection size: several]]" classname="com.google.common.collect.testing.testers.CollectionContainsAllTester" time="0"/>
  <testcase name="testContainsAll_nullNotAllowed[UnmodifiableNavigableSetAPICompliance [collection size: several] subSet EXCLUSIVE-INCLUSIVE [collection size: several] descending [collection size: several]]" classname="com.google.common.collect.testing.testers.CollectionContainsAllTester" time="0.001"/>
  <testcase name="testContainsAll_self[UnmodifiableNavigableSetAPICompliance [collection size: several] subSet EXCLUSIVE-INCLUSIVE [collection size: several] descending [collection size: several]]" classname="com.google.common.collect.testing.testers.CollectionContainsAllTester" time="0"/>
  <testcase name="testContainsAll_wrongType[UnmodifiableNavigableSetAPICompliance [collection size: several] subSet EXCLUSIVE-INCLUSIVE [collection size: several] descending [collection size: several]]" classname="com.google.common.collect.testing.testers.CollectionContainsAllTester" time="0"/>
  <testcase name="testContainsAll_empty[UnmodifiableNavigableSetAPICompliance [collection size: several] subSet EXCLUSIVE-INCLUSIVE [collection size: several] descending [collection size: several]]" classname="com.google.common.collect.testing.testers.CollectionContainsAllTester" time="0"/>
  <testcase name="testContainsAll_sameElements[UnmodifiableNavigableSetAPICompliance [collection size: several] subSet EXCLUSIVE-INCLUSIVE [collection size: several] descending [collection size: several]]" classname="com.google.common.collect.testing.testers.CollectionContainsAllTester" time="0"/>
  <testcase name="testContainsAll_partialOverlap[UnmodifiableNavigableSetAPICompliance [collection size: several] subSet EXCLUSIVE-INCLUSIVE [collection size: several] descending [collection size: several]]" classname="com.google.common.collect.testing.testers.CollectionContainsAllTester" time="0"/>
  <testcase name="testContains_yes[UnmodifiableNavigableSetAPICompliance [collection size: several] subSet EXCLUSIVE-INCLUSIVE [collection size: several] descending [collection size: several]]" classname="com.google.common.collect.testing.testers.CollectionContainsTester" time="0"/>
  <testcase name="testContains_no[UnmodifiableNavigableSetAPICompliance [collection size: several] subSet EXCLUSIVE-INCLUSIVE [collection size: several] descending [collection size: several]]" classname="com.google.common.collect.testing.testers.CollectionContainsTester" time="0"/>
  <testcase name="testContains_nullNotContainedAndUnsupported[UnmodifiableNavigableSetAPICompliance [collection size: several] subSet EXCLUSIVE-INCLUSIVE [collection size: several] descending [collection size: several]]" classname="com.google.common.collect.testing.testers.CollectionContainsTester" time="0"/>
  <testcase name="testContains_wrongType[UnmodifiableNavigableSetAPICompliance [collection size: several] subSet EXCLUSIVE-INCLUSIVE [collection size: several] descending [collection size: several]]" classname="com.google.common.collect.testing.testers.CollectionContainsTester" time="0.001"/>
  <testcase name="testCreateWithNull_unsupported[UnmodifiableNavigableSetAPICompliance [collection size: several] subSet EXCLUSIVE-INCLUSIVE [collection size: several] descending [collection size: several]]" classname="com.google.common.collect.testing.testers.CollectionCreationTester" time="0"/>
  <testcase name="testEquals_null[UnmodifiableNavigableSetAPICompliance [collection size: several] subSet EXCLUSIVE-INCLUSIVE [collection size: several] descending [collection size: several]]" classname="com.google.common.collect.testing.testers.CollectionEqualsTester" time="0"/>
  <testcase name="testEquals_self[UnmodifiableNavigableSetAPICompliance [collection size: several] subSet EXCLUSIVE-INCLUSIVE [collection size: several] descending [collection size: several]]" classname="com.google.common.collect.testing.testers.CollectionEqualsTester" time="0"/>
  <testcase name="testEquals_notACollection[UnmodifiableNavigableSetAPICompliance [collection size: several] subSet EXCLUSIVE-INCLUSIVE [collection size: several] descending [collection size: several]]" classname="com.google.common.collect.testing.testers.CollectionEqualsTester" time="0"/>
  <testcase name="testForEachKnownOrder[UnmodifiableNavigableSetAPICompliance [collection size: several] subSet EXCLUSIVE-INCLUSIVE [collection size: several] descending [collection size: several]]" classname="com.google.common.collect.testing.testers.CollectionForEachTester" time="0"/>
  <testcase name="testIsEmpty_no[UnmodifiableNavigableSetAPICompliance [collection size: several] subSet EXCLUSIVE-INCLUSIVE [collection size: several] descending [collection size: several]]" classname="com.google.common.collect.testing.testers.CollectionIsEmptyTester" time="0"/>
  <testcase name="testIteratorNoSuchElementException[UnmodifiableNavigableSetAPICompliance [collection size: several] subSet EXCLUSIVE-INCLUSIVE [collection size: several] descending [collection size: several]]" classname="com.google.common.collect.testing.testers.CollectionIteratorTester" time="0"/>
  <testcase name="testIterationOrdering[UnmodifiableNavigableSetAPICompliance [collection size: several] subSet EXCLUSIVE-INCLUSIVE [collection size: several] descending [collection size: several]]" classname="com.google.common.collect.testing.testers.CollectionIteratorTester" time="0.001"/>
  <testcase name="testIterator_knownOrderRemoveUnsupported[UnmodifiableNavigableSetAPICompliance [collection size: several] subSet EXCLUSIVE-INCLUSIVE [collection size: several] descending [collection size: several]]" classname="com.google.common.collect.testing.testers.CollectionIteratorTester" time="0.002"/>
  <testcase name="testIterator[UnmodifiableNavigableSetAPICompliance [collection size: several] subSet EXCLUSIVE-INCLUSIVE [collection size: several] descending [collection size: several]]" classname="com.google.common.collect.testing.testers.CollectionIteratorTester" time="0"/>
  <testcase name="testRemoveAll_unsupportedPresent[UnmodifiableNavigableSetAPICompliance [collection size: several] subSet EXCLUSIVE-INCLUSIVE [collection size: several] descending [collection size: several]]" classname="com.google.common.collect.testing.testers.CollectionRemoveAllTester" time="0.001"/>
  <testcase name="testRemoveAll_unsupportedEmptyCollection[UnmodifiableNavigableSetAPICompliance [collection size: several] subSet EXCLUSIVE-INCLUSIVE [collection size: several] descending [collection size: several]]" classname="com.google.common.collect.testing.testers.CollectionRemoveAllTester" time="0"/>
  <testcase name="testRemoveAll_unsupportedNonePresent[UnmodifiableNavigableSetAPICompliance [collection size: several] subSet EXCLUSIVE-INCLUSIVE [collection size: several] descending [collection size: several]]" classname="com.google.common.collect.testing.testers.CollectionRemoveAllTester" time="0"/>
  <testcase name="testRemoveIf_alwaysTrueUnsupported[UnmodifiableNavigableSetAPICompliance [collection size: several] subSet EXCLUSIVE-INCLUSIVE [collection size: several] descending [collection size: several]]" classname="com.google.common.collect.testing.testers.CollectionRemoveIfTester" time="0"/>
  <testcase name="testRemove_unsupportedNotPresent[UnmodifiableNavigableSetAPICompliance [collection size: several] subSet EXCLUSIVE-INCLUSIVE [collection size: several] descending [collection size: several]]" classname="com.google.common.collect.testing.testers.CollectionRemoveTester" time="0"/>
  <testcase name="testRemove_unsupported[UnmodifiableNavigableSetAPICompliance [collection size: several] subSet EXCLUSIVE-INCLUSIVE [collection size: several] descending [collection size: several]]" classname="com.google.common.collect.testing.testers.CollectionRemoveTester" time="0"/>
  <testcase name="testIteratorRemove_unsupported[UnmodifiableNavigableSetAPICompliance [collection size: several] subSet EXCLUSIVE-INCLUSIVE [collection size: several] descending [collection size: several]]" classname="com.google.common.collect.testing.testers.CollectionRemoveTester" time="0"/>
  <testcase name="testRetainAll_disjointPreviouslyNonEmptyUnsupported[UnmodifiableNavigableSetAPICompliance [collection size: several] subSet EXCLUSIVE-INCLUSIVE [collection size: several] descending [collection size: several]]" classname="com.google.common.collect.testing.testers.CollectionRetainAllTester" time="0"/>
  <testcase name="testRetainAll_emptyPreviouslyNonEmptyUnsupported[UnmodifiableNavigableSetAPICompliance [collection size: several] subSet EXCLUSIVE-INCLUSIVE [collection size: several] descending [collection size: several]]" classname="com.google.common.collect.testing.testers.CollectionRetainAllTester" time="0.001"/>
  <testcase name="testRetainAll_supersetUnsupported[UnmodifiableNavigableSetAPICompliance [collection size: several] subSet EXCLUSIVE-INCLUSIVE [collection size: several] descending [collection size: several]]" classname="com.google.common.collect.testing.testers.CollectionRetainAllTester" time="0"/>
  <testcase name="testRetainAll_partialOverlapUnsupported[UnmodifiableNavigableSetAPICompliance [collection size: several] subSet EXCLUSIVE-INCLUSIVE [collection size: several] descending [collection size: several]]" classname="com.google.common.collect.testing.testers.CollectionRetainAllTester" time="0"/>
  <testcase name="testRetainAll_subsetUnsupported[UnmodifiableNavigableSetAPICompliance [collection size: several] subSet EXCLUSIVE-INCLUSIVE [collection size: several] descending [collection size: several]]" classname="com.google.common.collect.testing.testers.CollectionRetainAllTester" time="0"/>
  <testcase name="testRetainAll_sameElementsUnsupported[UnmodifiableNavigableSetAPICompliance [collection size: several] subSet EXCLUSIVE-INCLUSIVE [collection size: several] descending [collection size: several]]" classname="com.google.common.collect.testing.testers.CollectionRetainAllTester" time="0"/>
  <testcase name="testSize[UnmodifiableNavigableSetAPICompliance [collection size: several] subSet EXCLUSIVE-INCLUSIVE [collection size: several] descending [collection size: several]]" classname="com.google.common.collect.testing.testers.CollectionSizeTester" time="0"/>
  <testcase name="testSpliteratorKnownOrder[UnmodifiableNavigableSetAPICompliance [collection size: several] subSet EXCLUSIVE-INCLUSIVE [collection size: several] descending [collection size: several]]" classname="com.google.common.collect.testing.testers.CollectionSpliteratorTester" time="0"/>
  <testcase name="testStreamToArrayKnownOrder[UnmodifiableNavigableSetAPICompliance [collection size: several] subSet EXCLUSIVE-INCLUSIVE [collection size: several] descending [collection size: several]]" classname="com.google.common.collect.testing.testers.CollectionStreamTester" time="0.001"/>
  <testcase name="testStreamCount[UnmodifiableNavigableSetAPICompliance [collection size: several] subSet EXCLUSIVE-INCLUSIVE [collection size: several] descending [collection size: several]]" classname="com.google.common.collect.testing.testers.CollectionStreamTester" time="0"/>
  <testcase name="testToArray_emptyArray[UnmodifiableNavigableSetAPICompliance [collection size: several] subSet EXCLUSIVE-INCLUSIVE [collection size: several] descending [collection size: several]]" classname="com.google.common.collect.testing.testers.CollectionToArrayTester" time="0"/>
  <testcase name="testToArray_oversizedArray[UnmodifiableNavigableSetAPICompliance [collection size: several] subSet EXCLUSIVE-INCLUSIVE [collection size: several] descending [collection size: several]]" classname="com.google.common.collect.testing.testers.CollectionToArrayTester" time="0"/>
  <testcase name="testToArray_rightSizedArray_ordered[UnmodifiableNavigableSetAPICompliance [collection size: several] subSet EXCLUSIVE-INCLUSIVE [collection size: several] descending [collection size: several]]" classname="com.google.common.collect.testing.testers.CollectionToArrayTester" time="0"/>
  <testcase name="testToArray_emptyArrayOfObject[UnmodifiableNavigableSetAPICompliance [collection size: several] subSet EXCLUSIVE-INCLUSIVE [collection size: several] descending [collection size: several]]" classname="com.google.common.collect.testing.testers.CollectionToArrayTester" time="0"/>
  <testcase name="testToArray_rightSizedArrayOfObject_ordered[UnmodifiableNavigableSetAPICompliance [collection size: several] subSet EXCLUSIVE-INCLUSIVE [collection size: several] descending [collection size: several]]" classname="com.google.common.collect.testing.testers.CollectionToArrayTester" time="0"/>
  <testcase name="testToArray_emptyArrayOfWrongTypeForNonEmptyCollection[UnmodifiableNavigableSetAPICompliance [collection size: several] subSet EXCLUSIVE-INCLUSIVE [collection size: several] descending [collection size: several]]" classname="com.google.common.collect.testing.testers.CollectionToArrayTester" time="0"/>
  <testcase name="testToArray_noArgs[UnmodifiableNavigableSetAPICompliance [collection size: several] subSet EXCLUSIVE-INCLUSIVE [collection size: several] descending [collection size: several]]" classname="com.google.common.collect.testing.testers.CollectionToArrayTester" time="0.001"/>
  <testcase name="testToArray_oversizedArray_ordered[UnmodifiableNavigableSetAPICompliance [collection size: several] subSet EXCLUSIVE-INCLUSIVE [collection size: several] descending [collection size: several]]" classname="com.google.common.collect.testing.testers.CollectionToArrayTester" time="0"/>
  <testcase name="testToArray_isPlainObjectArray[UnmodifiableNavigableSetAPICompliance [collection size: several] subSet EXCLUSIVE-INCLUSIVE [collection size: several] descending [collection size: several]]" classname="com.google.common.collect.testing.testers.CollectionToArrayTester" time="0"/>
  <testcase name="testToArray_rightSizedArrayOfObject[UnmodifiableNavigableSetAPICompliance [collection size: several] subSet EXCLUSIVE-INCLUSIVE [collection size: several] descending [collection size: several]]" classname="com.google.common.collect.testing.testers.CollectionToArrayTester" time="0"/>
  <testcase name="testToArray_emptyArray_ordered[UnmodifiableNavigableSetAPICompliance [collection size: several] subSet EXCLUSIVE-INCLUSIVE [collection size: several] descending [collection size: several]]" classname="com.google.common.collect.testing.testers.CollectionToArrayTester" time="0"/>
  <testcase name="testToArray_rightSizedArray[UnmodifiableNavigableSetAPICompliance [collection size: several] subSet EXCLUSIVE-INCLUSIVE [collection size: several] descending [collection size: several]]" classname="com.google.common.collect.testing.testers.CollectionToArrayTester" time="0"/>
  <testcase name="testToString_sizeSeveral[UnmodifiableNavigableSetAPICompliance [collection size: several] subSet EXCLUSIVE-INCLUSIVE [collection size: several] descending [collection size: several]]" classname="com.google.common.collect.testing.testers.CollectionToStringTester" time="0"/>
  <testcase name="testToString_minimal[UnmodifiableNavigableSetAPICompliance [collection size: several] subSet EXCLUSIVE-INCLUSIVE [collection size: several] descending [collection size: several]]" classname="com.google.common.collect.testing.testers.CollectionToStringTester" time="0"/>
  <testcase name="testCreateWithDuplicates_nonNullDuplicatesNotRejected[UnmodifiableNavigableSetAPICompliance [collection size: several] subSet EXCLUSIVE-INCLUSIVE [collection size: several] descending [collection size: several]]" classname="com.google.common.collect.testing.testers.SetCreationTester" time="0"/>
  <testcase name="testHashCode[UnmodifiableNavigableSetAPICompliance [collection size: several] subSet EXCLUSIVE-INCLUSIVE [collection size: several] descending [collection size: several]]" classname="com.google.common.collect.testing.testers.SetHashCodeTester" time="0"/>
  <testcase name="testEquals_list[UnmodifiableNavigableSetAPICompliance [collection size: several] subSet EXCLUSIVE-INCLUSIVE [collection size: several] descending [collection size: several]]" classname="com.google.common.collect.testing.testers.SetEqualsTester" time="0"/>
  <testcase name="testEquals_otherSetWithSameElements[UnmodifiableNavigableSetAPICompliance [collection size: several] subSet EXCLUSIVE-INCLUSIVE [collection size: several] descending [collection size: several]]" classname="com.google.common.collect.testing.testers.SetEqualsTester" time="0"/>
  <testcase name="testEquals_largerSet[UnmodifiableNavigableSetAPICompliance [collection size: several] subSet EXCLUSIVE-INCLUSIVE [collection size: several] descending [collection size: several]]" classname="com.google.common.collect.testing.testers.SetEqualsTester" time="0"/>
  <testcase name="testEquals_otherContainsNull[UnmodifiableNavigableSetAPICompliance [collection size: several] subSet EXCLUSIVE-INCLUSIVE [collection size: several] descending [collection size: several]]" classname="com.google.common.collect.testing.testers.SetEqualsTester" time="0"/>
  <testcase name="testEquals_smallerSet[UnmodifiableNavigableSetAPICompliance [collection size: several] subSet EXCLUSIVE-INCLUSIVE [collection size: several] descending [collection size: several]]" classname="com.google.common.collect.testing.testers.SetEqualsTester" time="0"/>
  <testcase name="testEquals_otherSetWithDifferentElements[UnmodifiableNavigableSetAPICompliance [collection size: several] subSet EXCLUSIVE-INCLUSIVE [collection size: several] descending [collection size: several]]" classname="com.google.common.collect.testing.testers.SetEqualsTester" time="0"/>
  <testcase name="testAddAll_unsupportedSomePresent[UnmodifiableNavigableSetAPICompliance [collection size: several] subSet INCLUSIVE-INCLUSIVE [collection size: several]]" classname="com.google.common.collect.testing.testers.CollectionAddAllTester" time="0.001"/>
  <testcase name="testAddAll_unsupportedNothing[UnmodifiableNavigableSetAPICompliance [collection size: several] subSet INCLUSIVE-INCLUSIVE [collection size: several]]" classname="com.google.common.collect.testing.testers.CollectionAddAllTester" time="0"/>
  <testcase name="testAddAll_unsupportedNonePresent[UnmodifiableNavigableSetAPICompliance [collection size: several] subSet INCLUSIVE-INCLUSIVE [collection size: several]]" classname="com.google.common.collect.testing.testers.CollectionAddAllTester" time="0.001"/>
  <testcase name="testAddAll_unsupportedAllPresent[UnmodifiableNavigableSetAPICompliance [collection size: several] subSet INCLUSIVE-INCLUSIVE [collection size: several]]" classname="com.google.common.collect.testing.testers.CollectionAddAllTester" time="0"/>
  <testcase name="testAdd_unsupportedNotPresent[UnmodifiableNavigableSetAPICompliance [collection size: several] subSet INCLUSIVE-INCLUSIVE [collection size: several]]" classname="com.google.common.collect.testing.testers.CollectionAddTester" time="0.001"/>
  <testcase name="testAdd_unsupportedPresent[UnmodifiableNavigableSetAPICompliance [collection size: several] subSet INCLUSIVE-INCLUSIVE [collection size: several]]" classname="com.google.common.collect.testing.testers.CollectionAddTester" time="0"/>
  <testcase name="testClear_unsupported[UnmodifiableNavigableSetAPICompliance [collection size: several] subSet INCLUSIVE-INCLUSIVE [collection size: several]]" classname="com.google.common.collect.testing.testers.CollectionClearTester" time="0.006"/>
  <testcase name="testContainsAll_subset[UnmodifiableNavigableSetAPICompliance [collection size: several] subSet INCLUSIVE-INCLUSIVE [collection size: several]]" classname="com.google.common.collect.testing.testers.CollectionContainsAllTester" time="0"/>
  <testcase name="testContainsAll_disjoint[UnmodifiableNavigableSetAPICompliance [collection size: several] subSet INCLUSIVE-INCLUSIVE [collection size: several]]" classname="com.google.common.collect.testing.testers.CollectionContainsAllTester" time="0"/>
  <testcase name="testContainsAll_nullNotAllowed[UnmodifiableNavigableSetAPICompliance [collection size: several] subSet INCLUSIVE-INCLUSIVE [collection size: several]]" classname="com.google.common.collect.testing.testers.CollectionContainsAllTester" time="0"/>
  <testcase name="testContainsAll_self[UnmodifiableNavigableSetAPICompliance [collection size: several] subSet INCLUSIVE-INCLUSIVE [collection size: several]]" classname="com.google.common.collect.testing.testers.CollectionContainsAllTester" time="0"/>
  <testcase name="testContainsAll_wrongType[UnmodifiableNavigableSetAPICompliance [collection size: several] subSet INCLUSIVE-INCLUSIVE [collection size: several]]" classname="com.google.common.collect.testing.testers.CollectionContainsAllTester" time="0"/>
  <testcase name="testContainsAll_empty[UnmodifiableNavigableSetAPICompliance [collection size: several] subSet INCLUSIVE-INCLUSIVE [collection size: several]]" classname="com.google.common.collect.testing.testers.CollectionContainsAllTester" time="0"/>
  <testcase name="testContainsAll_sameElements[UnmodifiableNavigableSetAPICompliance [collection size: several] subSet INCLUSIVE-INCLUSIVE [collection size: several]]" classname="com.google.common.collect.testing.testers.CollectionContainsAllTester" time="0"/>
  <testcase name="testContainsAll_partialOverlap[UnmodifiableNavigableSetAPICompliance [collection size: several] subSet INCLUSIVE-INCLUSIVE [collection size: several]]" classname="com.google.common.collect.testing.testers.CollectionContainsAllTester" time="0"/>
  <testcase name="testContains_yes[UnmodifiableNavigableSetAPICompliance [collection size: several] subSet INCLUSIVE-INCLUSIVE [collection size: several]]" classname="com.google.common.collect.testing.testers.CollectionContainsTester" time="0"/>
  <testcase name="testContains_no[UnmodifiableNavigableSetAPICompliance [collection size: several] subSet INCLUSIVE-INCLUSIVE [collection size: several]]" classname="com.google.common.collect.testing.testers.CollectionContainsTester" time="0"/>
  <testcase name="testContains_nullNotContainedAndUnsupported[UnmodifiableNavigableSetAPICompliance [collection size: several] subSet INCLUSIVE-INCLUSIVE [collection size: several]]" classname="com.google.common.collect.testing.testers.CollectionContainsTester" time="0"/>
  <testcase name="testContains_wrongType[UnmodifiableNavigableSetAPICompliance [collection size: several] subSet INCLUSIVE-INCLUSIVE [collection size: several]]" classname="com.google.common.collect.testing.testers.CollectionContainsTester" time="0"/>
  <testcase name="testCreateWithNull_unsupported[UnmodifiableNavigableSetAPICompliance [collection size: several] subSet INCLUSIVE-INCLUSIVE [collection size: several]]" classname="com.google.common.collect.testing.testers.CollectionCreationTester" time="0"/>
  <testcase name="testEquals_null[UnmodifiableNavigableSetAPICompliance [collection size: several] subSet INCLUSIVE-INCLUSIVE [collection size: several]]" classname="com.google.common.collect.testing.testers.CollectionEqualsTester" time="0"/>
  <testcase name="testEquals_self[UnmodifiableNavigableSetAPICompliance [collection size: several] subSet INCLUSIVE-INCLUSIVE [collection size: several]]" classname="com.google.common.collect.testing.testers.CollectionEqualsTester" time="0"/>
  <testcase name="testEquals_notACollection[UnmodifiableNavigableSetAPICompliance [collection size: several] subSet INCLUSIVE-INCLUSIVE [collection size: several]]" classname="com.google.common.collect.testing.testers.CollectionEqualsTester" time="0"/>
  <testcase name="testForEachKnownOrder[UnmodifiableNavigableSetAPICompliance [collection size: several] subSet INCLUSIVE-INCLUSIVE [collection size: several]]" classname="com.google.common.collect.testing.testers.CollectionForEachTester" time="0"/>
  <testcase name="testIsEmpty_no[UnmodifiableNavigableSetAPICompliance [collection size: several] subSet INCLUSIVE-INCLUSIVE [collection size: several]]" classname="com.google.common.collect.testing.testers.CollectionIsEmptyTester" time="0"/>
  <testcase name="testIteratorNoSuchElementException[UnmodifiableNavigableSetAPICompliance [collection size: several] subSet INCLUSIVE-INCLUSIVE [collection size: several]]" classname="com.google.common.collect.testing.testers.CollectionIteratorTester" time="0"/>
  <testcase name="testIterationOrdering[UnmodifiableNavigableSetAPICompliance [collection size: several] subSet INCLUSIVE-INCLUSIVE [collection size: several]]" classname="com.google.common.collect.testing.testers.CollectionIteratorTester" time="0.003"/>
  <testcase name="testIterator_knownOrderRemoveUnsupported[UnmodifiableNavigableSetAPICompliance [collection size: several] subSet INCLUSIVE-INCLUSIVE [collection size: several]]" classname="com.google.common.collect.testing.testers.CollectionIteratorTester" time="0"/>
  <testcase name="testIterator[UnmodifiableNavigableSetAPICompliance [collection size: several] subSet INCLUSIVE-INCLUSIVE [collection size: several]]" classname="com.google.common.collect.testing.testers.CollectionIteratorTester" time="0.001"/>
  <testcase name="testRemoveAll_unsupportedPresent[UnmodifiableNavigableSetAPICompliance [collection size: several] subSet INCLUSIVE-INCLUSIVE [collection size: several]]" classname="com.google.common.collect.testing.testers.CollectionRemoveAllTester" time="0"/>
  <testcase name="testRemoveAll_unsupportedEmptyCollection[UnmodifiableNavigableSetAPICompliance [collection size: several] subSet INCLUSIVE-INCLUSIVE [collection size: several]]" classname="com.google.common.collect.testing.testers.CollectionRemoveAllTester" time="0"/>
  <testcase name="testRemoveAll_unsupportedNonePresent[UnmodifiableNavigableSetAPICompliance [collection size: several] subSet INCLUSIVE-INCLUSIVE [collection size: several]]" classname="com.google.common.collect.testing.testers.CollectionRemoveAllTester" time="0.004"/>
  <testcase name="testRemoveIf_alwaysTrueUnsupported[UnmodifiableNavigableSetAPICompliance [collection size: several] subSet INCLUSIVE-INCLUSIVE [collection size: several]]" classname="com.google.common.collect.testing.testers.CollectionRemoveIfTester" time="0"/>
  <testcase name="testRemove_unsupportedNotPresent[UnmodifiableNavigableSetAPICompliance [collection size: several] subSet INCLUSIVE-INCLUSIVE [collection size: several]]" classname="com.google.common.collect.testing.testers.CollectionRemoveTester" time="0"/>
  <testcase name="testRemove_unsupported[UnmodifiableNavigableSetAPICompliance [collection size: several] subSet INCLUSIVE-INCLUSIVE [collection size: several]]" classname="com.google.common.collect.testing.testers.CollectionRemoveTester" time="0"/>
  <testcase name="testIteratorRemove_unsupported[UnmodifiableNavigableSetAPICompliance [collection size: several] subSet INCLUSIVE-INCLUSIVE [collection size: several]]" classname="com.google.common.collect.testing.testers.CollectionRemoveTester" time="0"/>
  <testcase name="testRetainAll_disjointPreviouslyNonEmptyUnsupported[UnmodifiableNavigableSetAPICompliance [collection size: several] subSet INCLUSIVE-INCLUSIVE [collection size: several]]" classname="com.google.common.collect.testing.testers.CollectionRetainAllTester" time="0"/>
  <testcase name="testRetainAll_emptyPreviouslyNonEmptyUnsupported[UnmodifiableNavigableSetAPICompliance [collection size: several] subSet INCLUSIVE-INCLUSIVE [collection size: several]]" classname="com.google.common.collect.testing.testers.CollectionRetainAllTester" time="0"/>
  <testcase name="testRetainAll_supersetUnsupported[UnmodifiableNavigableSetAPICompliance [collection size: several] subSet INCLUSIVE-INCLUSIVE [collection size: several]]" classname="com.google.common.collect.testing.testers.CollectionRetainAllTester" time="0"/>
  <testcase name="testRetainAll_partialOverlapUnsupported[UnmodifiableNavigableSetAPICompliance [collection size: several] subSet INCLUSIVE-INCLUSIVE [collection size: several]]" classname="com.google.common.collect.testing.testers.CollectionRetainAllTester" time="0"/>
  <testcase name="testRetainAll_subsetUnsupported[UnmodifiableNavigableSetAPICompliance [collection size: several] subSet INCLUSIVE-INCLUSIVE [collection size: several]]" classname="com.google.common.collect.testing.testers.CollectionRetainAllTester" time="0"/>
  <testcase name="testRetainAll_sameElementsUnsupported[UnmodifiableNavigableSetAPICompliance [collection size: several] subSet INCLUSIVE-INCLUSIVE [collection size: several]]" classname="com.google.common.collect.testing.testers.CollectionRetainAllTester" time="0"/>
  <testcase name="testSize[UnmodifiableNavigableSetAPICompliance [collection size: several] subSet INCLUSIVE-INCLUSIVE [collection size: several]]" classname="com.google.common.collect.testing.testers.CollectionSizeTester" time="0"/>
  <testcase name="testSpliteratorKnownOrder[UnmodifiableNavigableSetAPICompliance [collection size: several] subSet INCLUSIVE-INCLUSIVE [collection size: several]]" classname="com.google.common.collect.testing.testers.CollectionSpliteratorTester" time="0.001"/>
  <testcase name="testStreamToArrayKnownOrder[UnmodifiableNavigableSetAPICompliance [collection size: several] subSet INCLUSIVE-INCLUSIVE [collection size: several]]" classname="com.google.common.collect.testing.testers.CollectionStreamTester" time="0"/>
  <testcase name="testStreamCount[UnmodifiableNavigableSetAPICompliance [collection size: several] subSet INCLUSIVE-INCLUSIVE [collection size: several]]" classname="com.google.common.collect.testing.testers.CollectionStreamTester" time="0"/>
  <testcase name="testToArray_emptyArray[UnmodifiableNavigableSetAPICompliance [collection size: several] subSet INCLUSIVE-INCLUSIVE [collection size: several]]" classname="com.google.common.collect.testing.testers.CollectionToArrayTester" time="0"/>
  <testcase name="testToArray_oversizedArray[UnmodifiableNavigableSetAPICompliance [collection size: several] subSet INCLUSIVE-INCLUSIVE [collection size: several]]" classname="com.google.common.collect.testing.testers.CollectionToArrayTester" time="0"/>
  <testcase name="testToArray_rightSizedArray_ordered[UnmodifiableNavigableSetAPICompliance [collection size: several] subSet INCLUSIVE-INCLUSIVE [collection size: several]]" classname="com.google.common.collect.testing.testers.CollectionToArrayTester" time="0"/>
  <testcase name="testToArray_emptyArrayOfObject[UnmodifiableNavigableSetAPICompliance [collection size: several] subSet INCLUSIVE-INCLUSIVE [collection size: several]]" classname="com.google.common.collect.testing.testers.CollectionToArrayTester" time="0"/>
  <testcase name="testToArray_rightSizedArrayOfObject_ordered[UnmodifiableNavigableSetAPICompliance [collection size: several] subSet INCLUSIVE-INCLUSIVE [collection size: several]]" classname="com.google.common.collect.testing.testers.CollectionToArrayTester" time="0.001"/>
  <testcase name="testToArray_emptyArrayOfWrongTypeForNonEmptyCollection[UnmodifiableNavigableSetAPICompliance [collection size: several] subSet INCLUSIVE-INCLUSIVE [collection size: several]]" classname="com.google.common.collect.testing.testers.CollectionToArrayTester" time="0"/>
  <testcase name="testToArray_noArgs[UnmodifiableNavigableSetAPICompliance [collection size: several] subSet INCLUSIVE-INCLUSIVE [collection size: several]]" classname="com.google.common.collect.testing.testers.CollectionToArrayTester" time="0"/>
  <testcase name="testToArray_oversizedArray_ordered[UnmodifiableNavigableSetAPICompliance [collection size: several] subSet INCLUSIVE-INCLUSIVE [collection size: several]]" classname="com.google.common.collect.testing.testers.CollectionToArrayTester" time="0.001"/>
  <testcase name="testToArray_isPlainObjectArray[UnmodifiableNavigableSetAPICompliance [collection size: several] subSet INCLUSIVE-INCLUSIVE [collection size: several]]" classname="com.google.common.collect.testing.testers.CollectionToArrayTester" time="0"/>
  <testcase name="testToArray_rightSizedArrayOfObject[UnmodifiableNavigableSetAPICompliance [collection size: several] subSet INCLUSIVE-INCLUSIVE [collection size: several]]" classname="com.google.common.collect.testing.testers.CollectionToArrayTester" time="0"/>
  <testcase name="testToArray_emptyArray_ordered[UnmodifiableNavigableSetAPICompliance [collection size: several] subSet INCLUSIVE-INCLUSIVE [collection size: several]]" classname="com.google.common.collect.testing.testers.CollectionToArrayTester" time="0"/>
  <testcase name="testToArray_rightSizedArray[UnmodifiableNavigableSetAPICompliance [collection size: several] subSet INCLUSIVE-INCLUSIVE [collection size: several]]" classname="com.google.common.collect.testing.testers.CollectionToArrayTester" time="0.001"/>
  <testcase name="testToString_sizeSeveral[UnmodifiableNavigableSetAPICompliance [collection size: several] subSet INCLUSIVE-INCLUSIVE [collection size: several]]" classname="com.google.common.collect.testing.testers.CollectionToStringTester" time="0"/>
  <testcase name="testToString_minimal[UnmodifiableNavigableSetAPICompliance [collection size: several] subSet INCLUSIVE-INCLUSIVE [collection size: several]]" classname="com.google.common.collect.testing.testers.CollectionToStringTester" time="0.001"/>
  <testcase name="testCreateWithDuplicates_nonNullDuplicatesNotRejected[UnmodifiableNavigableSetAPICompliance [collection size: several] subSet INCLUSIVE-INCLUSIVE [collection size: several]]" classname="com.google.common.collect.testing.testers.SetCreationTester" time="0"/>
  <testcase name="testHashCode[UnmodifiableNavigableSetAPICompliance [collection size: several] subSet INCLUSIVE-INCLUSIVE [collection size: several]]" classname="com.google.common.collect.testing.testers.SetHashCodeTester" time="0"/>
  <testcase name="testEquals_list[UnmodifiableNavigableSetAPICompliance [collection size: several] subSet INCLUSIVE-INCLUSIVE [collection size: several]]" classname="com.google.common.collect.testing.testers.SetEqualsTester" time="0"/>
  <testcase name="testEquals_otherSetWithSameElements[UnmodifiableNavigableSetAPICompliance [collection size: several] subSet INCLUSIVE-INCLUSIVE [collection size: several]]" classname="com.google.common.collect.testing.testers.SetEqualsTester" time="0.001"/>
  <testcase name="testEquals_largerSet[UnmodifiableNavigableSetAPICompliance [collection size: several] subSet INCLUSIVE-INCLUSIVE [collection size: several]]" classname="com.google.common.collect.testing.testers.SetEqualsTester" time="0"/>
  <testcase name="testEquals_otherContainsNull[UnmodifiableNavigableSetAPICompliance [collection size: several] subSet INCLUSIVE-INCLUSIVE [collection size: several]]" classname="com.google.common.collect.testing.testers.SetEqualsTester" time="0"/>
  <testcase name="testEquals_smallerSet[UnmodifiableNavigableSetAPICompliance [collection size: several] subSet INCLUSIVE-INCLUSIVE [collection size: several]]" classname="com.google.common.collect.testing.testers.SetEqualsTester" time="0.001"/>
  <testcase name="testEquals_otherSetWithDifferentElements[UnmodifiableNavigableSetAPICompliance [collection size: several] subSet INCLUSIVE-INCLUSIVE [collection size: several]]" classname="com.google.common.collect.testing.testers.SetEqualsTester" time="0.003"/>
  <testcase name="testFirst[UnmodifiableNavigableSetAPICompliance [collection size: several] subSet INCLUSIVE-INCLUSIVE [collection size: several]]" classname="com.google.common.collect.testing.testers.SortedSetNavigationTester" time="0"/>
  <testcase name="testLast[UnmodifiableNavigableSetAPICompliance [collection size: several] subSet INCLUSIVE-INCLUSIVE [collection size: several]]" classname="com.google.common.collect.testing.testers.SortedSetNavigationTester" time="0"/>
  <testcase name="testDescendingNavigation[UnmodifiableNavigableSetAPICompliance [collection size: several] subSet INCLUSIVE-INCLUSIVE [collection size: several]]" classname="com.google.common.collect.testing.testers.NavigableSetNavigationTester" time="0"/>
  <testcase name="testFloor[UnmodifiableNavigableSetAPICompliance [collection size: several] subSet INCLUSIVE-INCLUSIVE [collection size: several]]" classname="com.google.common.collect.testing.testers.NavigableSetNavigationTester" time="0"/>
  <testcase name="testLower[UnmodifiableNavigableSetAPICompliance [collection size: several] subSet INCLUSIVE-INCLUSIVE [collection size: several]]" classname="com.google.common.collect.testing.testers.NavigableSetNavigationTester" time="0"/>
  <testcase name="testFloorHole[UnmodifiableNavigableSetAPICompliance [collection size: several] subSet INCLUSIVE-INCLUSIVE [collection size: several]]" classname="com.google.common.collect.testing.testers.NavigableSetNavigationTester" time="0"/>
  <testcase name="testHigherHole[UnmodifiableNavigableSetAPICompliance [collection size: several] subSet INCLUSIVE-INCLUSIVE [collection size: several]]" classname="com.google.common.collect.testing.testers.NavigableSetNavigationTester" time="0"/>
  <testcase name="testCeilingHole[UnmodifiableNavigableSetAPICompliance [collection size: several] subSet INCLUSIVE-INCLUSIVE [collection size: several]]" classname="com.google.common.collect.testing.testers.NavigableSetNavigationTester" time="0"/>
  <testcase name="testLowerHole[UnmodifiableNavigableSetAPICompliance [collection size: several] subSet INCLUSIVE-INCLUSIVE [collection size: several]]" classname="com.google.common.collect.testing.testers.NavigableSetNavigationTester" time="0"/>
  <testcase name="testCeiling[UnmodifiableNavigableSetAPICompliance [collection size: several] subSet INCLUSIVE-INCLUSIVE [collection size: several]]" classname="com.google.common.collect.testing.testers.NavigableSetNavigationTester" time="0"/>
  <testcase name="testEmptySubSet[UnmodifiableNavigableSetAPICompliance [collection size: several] subSet INCLUSIVE-INCLUSIVE [collection size: several]]" classname="com.google.common.collect.testing.testers.NavigableSetNavigationTester" time="0"/>
  <testcase name="testPollFirstUnsupported[UnmodifiableNavigableSetAPICompliance [collection size: several] subSet INCLUSIVE-INCLUSIVE [collection size: several]]" classname="com.google.common.collect.testing.testers.NavigableSetNavigationTester" time="0"/>
  <testcase name="testPollLastUnsupported[UnmodifiableNavigableSetAPICompliance [collection size: several] subSet INCLUSIVE-INCLUSIVE [collection size: several]]" classname="com.google.common.collect.testing.testers.NavigableSetNavigationTester" time="0"/>
  <testcase name="testHigher[UnmodifiableNavigableSetAPICompliance [collection size: several] subSet INCLUSIVE-INCLUSIVE [collection size: several]]" classname="com.google.common.collect.testing.testers.NavigableSetNavigationTester" time="0"/>
  <testcase name="testAddAll_unsupportedSomePresent[UnmodifiableNavigableSetAPICompliance [collection size: several] subSet INCLUSIVE-INCLUSIVE [collection size: several] descending [collection size: several]]" classname="com.google.common.collect.testing.testers.CollectionAddAllTester" time="0"/>
  <testcase name="testAddAll_unsupportedNothing[UnmodifiableNavigableSetAPICompliance [collection size: several] subSet INCLUSIVE-INCLUSIVE [collection size: several] descending [collection size: several]]" classname="com.google.common.collect.testing.testers.CollectionAddAllTester" time="0"/>
  <testcase name="testAddAll_unsupportedNonePresent[UnmodifiableNavigableSetAPICompliance [collection size: several] subSet INCLUSIVE-INCLUSIVE [collection size: several] descending [collection size: several]]" classname="com.google.common.collect.testing.testers.CollectionAddAllTester" time="0"/>
  <testcase name="testAddAll_unsupportedAllPresent[UnmodifiableNavigableSetAPICompliance [collection size: several] subSet INCLUSIVE-INCLUSIVE [collection size: several] descending [collection size: several]]" classname="com.google.common.collect.testing.testers.CollectionAddAllTester" time="0"/>
  <testcase name="testAdd_unsupportedNotPresent[UnmodifiableNavigableSetAPICompliance [collection size: several] subSet INCLUSIVE-INCLUSIVE [collection size: several] descending [collection size: several]]" classname="com.google.common.collect.testing.testers.CollectionAddTester" time="0"/>
  <testcase name="testAdd_unsupportedPresent[UnmodifiableNavigableSetAPICompliance [collection size: several] subSet INCLUSIVE-INCLUSIVE [collection size: several] descending [collection size: several]]" classname="com.google.common.collect.testing.testers.CollectionAddTester" time="0"/>
  <testcase name="testClear_unsupported[UnmodifiableNavigableSetAPICompliance [collection size: several] subSet INCLUSIVE-INCLUSIVE [collection size: several] descending [collection size: several]]" classname="com.google.common.collect.testing.testers.CollectionClearTester" time="0"/>
  <testcase name="testContainsAll_subset[UnmodifiableNavigableSetAPICompliance [collection size: several] subSet INCLUSIVE-INCLUSIVE [collection size: several] descending [collection size: several]]" classname="com.google.common.collect.testing.testers.CollectionContainsAllTester" time="0"/>
  <testcase name="testContainsAll_disjoint[UnmodifiableNavigableSetAPICompliance [collection size: several] subSet INCLUSIVE-INCLUSIVE [collection size: several] descending [collection size: several]]" classname="com.google.common.collect.testing.testers.CollectionContainsAllTester" time="0"/>
  <testcase name="testContainsAll_nullNotAllowed[UnmodifiableNavigableSetAPICompliance [collection size: several] subSet INCLUSIVE-INCLUSIVE [collection size: several] descending [collection size: several]]" classname="com.google.common.collect.testing.testers.CollectionContainsAllTester" time="0"/>
  <testcase name="testContainsAll_self[UnmodifiableNavigableSetAPICompliance [collection size: several] subSet INCLUSIVE-INCLUSIVE [collection size: several] descending [collection size: several]]" classname="com.google.common.collect.testing.testers.CollectionContainsAllTester" time="0"/>
  <testcase name="testContainsAll_wrongType[UnmodifiableNavigableSetAPICompliance [collection size: several] subSet INCLUSIVE-INCLUSIVE [collection size: several] descending [collection size: several]]" classname="com.google.common.collect.testing.testers.CollectionContainsAllTester" time="0"/>
  <testcase name="testContainsAll_empty[UnmodifiableNavigableSetAPICompliance [collection size: several] subSet INCLUSIVE-INCLUSIVE [collection size: several] descending [collection size: several]]" classname="com.google.common.collect.testing.testers.CollectionContainsAllTester" time="0"/>
  <testcase name="testContainsAll_sameElements[UnmodifiableNavigableSetAPICompliance [collection size: several] subSet INCLUSIVE-INCLUSIVE [collection size: several] descending [collection size: several]]" classname="com.google.common.collect.testing.testers.CollectionContainsAllTester" time="0"/>
  <testcase name="testContainsAll_partialOverlap[UnmodifiableNavigableSetAPICompliance [collection size: several] subSet INCLUSIVE-INCLUSIVE [collection size: several] descending [collection size: several]]" classname="com.google.common.collect.testing.testers.CollectionContainsAllTester" time="0"/>
  <testcase name="testContains_yes[UnmodifiableNavigableSetAPICompliance [collection size: several] subSet INCLUSIVE-INCLUSIVE [collection size: several] descending [collection size: several]]" classname="com.google.common.collect.testing.testers.CollectionContainsTester" time="0"/>
  <testcase name="testContains_no[UnmodifiableNavigableSetAPICompliance [collection size: several] subSet INCLUSIVE-INCLUSIVE [collection size: several] descending [collection size: several]]" classname="com.google.common.collect.testing.testers.CollectionContainsTester" time="0"/>
  <testcase name="testContains_nullNotContainedAndUnsupported[UnmodifiableNavigableSetAPICompliance [collection size: several] subSet INCLUSIVE-INCLUSIVE [collection size: several] descending [collection size: several]]" classname="com.google.common.collect.testing.testers.CollectionContainsTester" time="0"/>
  <testcase name="testContains_wrongType[UnmodifiableNavigableSetAPICompliance [collection size: several] subSet INCLUSIVE-INCLUSIVE [collection size: several] descending [collection size: several]]" classname="com.google.common.collect.testing.testers.CollectionContainsTester" time="0"/>
  <testcase name="testCreateWithNull_unsupported[UnmodifiableNavigableSetAPICompliance [collection size: several] subSet INCLUSIVE-INCLUSIVE [collection size: several] descending [collection size: several]]" classname="com.google.common.collect.testing.testers.CollectionCreationTester" time="0"/>
  <testcase name="testEquals_null[UnmodifiableNavigableSetAPICompliance [collection size: several] subSet INCLUSIVE-INCLUSIVE [collection size: several] descending [collection size: several]]" classname="com.google.common.collect.testing.testers.CollectionEqualsTester" time="0"/>
  <testcase name="testEquals_self[UnmodifiableNavigableSetAPICompliance [collection size: several] subSet INCLUSIVE-INCLUSIVE [collection size: several] descending [collection size: several]]" classname="com.google.common.collect.testing.testers.CollectionEqualsTester" time="0"/>
  <testcase name="testEquals_notACollection[UnmodifiableNavigableSetAPICompliance [collection size: several] subSet INCLUSIVE-INCLUSIVE [collection size: several] descending [collection size: several]]" classname="com.google.common.collect.testing.testers.CollectionEqualsTester" time="0"/>
  <testcase name="testForEachKnownOrder[UnmodifiableNavigableSetAPICompliance [collection size: several] subSet INCLUSIVE-INCLUSIVE [collection size: several] descending [collection size: several]]" classname="com.google.common.collect.testing.testers.CollectionForEachTester" time="0"/>
  <testcase name="testIsEmpty_no[UnmodifiableNavigableSetAPICompliance [collection size: several] subSet INCLUSIVE-INCLUSIVE [collection size: several] descending [collection size: several]]" classname="com.google.common.collect.testing.testers.CollectionIsEmptyTester" time="0"/>
  <testcase name="testIteratorNoSuchElementException[UnmodifiableNavigableSetAPICompliance [collection size: several] subSet INCLUSIVE-INCLUSIVE [collection size: several] descending [collection size: several]]" classname="com.google.common.collect.testing.testers.CollectionIteratorTester" time="0"/>
  <testcase name="testIterationOrdering[UnmodifiableNavigableSetAPICompliance [collection size: several] subSet INCLUSIVE-INCLUSIVE [collection size: several] descending [collection size: several]]" classname="com.google.common.collect.testing.testers.CollectionIteratorTester" time="0"/>
  <testcase name="testIterator_knownOrderRemoveUnsupported[UnmodifiableNavigableSetAPICompliance [collection size: several] subSet INCLUSIVE-INCLUSIVE [collection size: several] descending [collection size: several]]" classname="com.google.common.collect.testing.testers.CollectionIteratorTester" time="0.002"/>
  <testcase name="testIterator[UnmodifiableNavigableSetAPICompliance [collection size: several] subSet INCLUSIVE-INCLUSIVE [collection size: several] descending [collection size: several]]" classname="com.google.common.collect.testing.testers.CollectionIteratorTester" time="0"/>
  <testcase name="testRemoveAll_unsupportedPresent[UnmodifiableNavigableSetAPICompliance [collection size: several] subSet INCLUSIVE-INCLUSIVE [collection size: several] descending [collection size: several]]" classname="com.google.common.collect.testing.testers.CollectionRemoveAllTester" time="0"/>
  <testcase name="testRemoveAll_unsupportedEmptyCollection[UnmodifiableNavigableSetAPICompliance [collection size: several] subSet INCLUSIVE-INCLUSIVE [collection size: several] descending [collection size: several]]" classname="com.google.common.collect.testing.testers.CollectionRemoveAllTester" time="0"/>
  <testcase name="testRemoveAll_unsupportedNonePresent[UnmodifiableNavigableSetAPICompliance [collection size: several] subSet INCLUSIVE-INCLUSIVE [collection size: several] descending [collection size: several]]" classname="com.google.common.collect.testing.testers.CollectionRemoveAllTester" time="0"/>
  <testcase name="testRemoveIf_alwaysTrueUnsupported[UnmodifiableNavigableSetAPICompliance [collection size: several] subSet INCLUSIVE-INCLUSIVE [collection size: several] descending [collection size: several]]" classname="com.google.common.collect.testing.testers.CollectionRemoveIfTester" time="0"/>
  <testcase name="testRemove_unsupportedNotPresent[UnmodifiableNavigableSetAPICompliance [collection size: several] subSet INCLUSIVE-INCLUSIVE [collection size: several] descending [collection size: several]]" classname="com.google.common.collect.testing.testers.CollectionRemoveTester" time="0"/>
  <testcase name="testRemove_unsupported[UnmodifiableNavigableSetAPICompliance [collection size: several] subSet INCLUSIVE-INCLUSIVE [collection size: several] descending [collection size: several]]" classname="com.google.common.collect.testing.testers.CollectionRemoveTester" time="0"/>
  <testcase name="testIteratorRemove_unsupported[UnmodifiableNavigableSetAPICompliance [collection size: several] subSet INCLUSIVE-INCLUSIVE [collection size: several] descending [collection size: several]]" classname="com.google.common.collect.testing.testers.CollectionRemoveTester" time="0"/>
  <testcase name="testRetainAll_disjointPreviouslyNonEmptyUnsupported[UnmodifiableNavigableSetAPICompliance [collection size: several] subSet INCLUSIVE-INCLUSIVE [collection size: several] descending [collection size: several]]" classname="com.google.common.collect.testing.testers.CollectionRetainAllTester" time="0.001"/>
  <testcase name="testRetainAll_emptyPreviouslyNonEmptyUnsupported[UnmodifiableNavigableSetAPICompliance [collection size: several] subSet INCLUSIVE-INCLUSIVE [collection size: several] descending [collection size: several]]" classname="com.google.common.collect.testing.testers.CollectionRetainAllTester" time="0"/>
  <testcase name="testRetainAll_supersetUnsupported[UnmodifiableNavigableSetAPICompliance [collection size: several] subSet INCLUSIVE-INCLUSIVE [collection size: several] descending [collection size: several]]" classname="com.google.common.collect.testing.testers.CollectionRetainAllTester" time="0"/>
  <testcase name="testRetainAll_partialOverlapUnsupported[UnmodifiableNavigableSetAPICompliance [collection size: several] subSet INCLUSIVE-INCLUSIVE [collection size: several] descending [collection size: several]]" classname="com.google.common.collect.testing.testers.CollectionRetainAllTester" time="0"/>
  <testcase name="testRetainAll_subsetUnsupported[UnmodifiableNavigableSetAPICompliance [collection size: several] subSet INCLUSIVE-INCLUSIVE [collection size: several] descending [collection size: several]]" classname="com.google.common.collect.testing.testers.CollectionRetainAllTester" time="0"/>
  <testcase name="testRetainAll_sameElementsUnsupported[UnmodifiableNavigableSetAPICompliance [collection size: several] subSet INCLUSIVE-INCLUSIVE [collection size: several] descending [collection size: several]]" classname="com.google.common.collect.testing.testers.CollectionRetainAllTester" time="0"/>
  <testcase name="testSize[UnmodifiableNavigableSetAPICompliance [collection size: several] subSet INCLUSIVE-INCLUSIVE [collection size: several] descending [collection size: several]]" classname="com.google.common.collect.testing.testers.CollectionSizeTester" time="0"/>
  <testcase name="testSpliteratorKnownOrder[UnmodifiableNavigableSetAPICompliance [collection size: several] subSet INCLUSIVE-INCLUSIVE [collection size: several] descending [collection size: several]]" classname="com.google.common.collect.testing.testers.CollectionSpliteratorTester" time="0"/>
  <testcase name="testStreamToArrayKnownOrder[UnmodifiableNavigableSetAPICompliance [collection size: several] subSet INCLUSIVE-INCLUSIVE [collection size: several] descending [collection size: several]]" classname="com.google.common.collect.testing.testers.CollectionStreamTester" time="0.001"/>
  <testcase name="testStreamCount[UnmodifiableNavigableSetAPICompliance [collection size: several] subSet INCLUSIVE-INCLUSIVE [collection size: several] descending [collection size: several]]" classname="com.google.common.collect.testing.testers.CollectionStreamTester" time="0"/>
  <testcase name="testToArray_emptyArray[UnmodifiableNavigableSetAPICompliance [collection size: several] subSet INCLUSIVE-INCLUSIVE [collection size: several] descending [collection size: several]]" classname="com.google.common.collect.testing.testers.CollectionToArrayTester" time="0"/>
  <testcase name="testToArray_oversizedArray[UnmodifiableNavigableSetAPICompliance [collection size: several] subSet INCLUSIVE-INCLUSIVE [collection size: several] descending [collection size: several]]" classname="com.google.common.collect.testing.testers.CollectionToArrayTester" time="0"/>
  <testcase name="testToArray_rightSizedArray_ordered[UnmodifiableNavigableSetAPICompliance [collection size: several] subSet INCLUSIVE-INCLUSIVE [collection size: several] descending [collection size: several]]" classname="com.google.common.collect.testing.testers.CollectionToArrayTester" time="0"/>
  <testcase name="testToArray_emptyArrayOfObject[UnmodifiableNavigableSetAPICompliance [collection size: several] subSet INCLUSIVE-INCLUSIVE [collection size: several] descending [collection size: several]]" classname="com.google.common.collect.testing.testers.CollectionToArrayTester" time="0"/>
  <testcase name="testToArray_rightSizedArrayOfObject_ordered[UnmodifiableNavigableSetAPICompliance [collection size: several] subSet INCLUSIVE-INCLUSIVE [collection size: several] descending [collection size: several]]" classname="com.google.common.collect.testing.testers.CollectionToArrayTester" time="0"/>
  <testcase name="testToArray_emptyArrayOfWrongTypeForNonEmptyCollection[UnmodifiableNavigableSetAPICompliance [collection size: several] subSet INCLUSIVE-INCLUSIVE [collection size: several] descending [collection size: several]]" classname="com.google.common.collect.testing.testers.CollectionToArrayTester" time="0.001"/>
  <testcase name="testToArray_noArgs[UnmodifiableNavigableSetAPICompliance [collection size: several] subSet INCLUSIVE-INCLUSIVE [collection size: several] descending [collection size: several]]" classname="com.google.common.collect.testing.testers.CollectionToArrayTester" time="0"/>
  <testcase name="testToArray_oversizedArray_ordered[UnmodifiableNavigableSetAPICompliance [collection size: several] subSet INCLUSIVE-INCLUSIVE [collection size: several] descending [collection size: several]]" classname="com.google.common.collect.testing.testers.CollectionToArrayTester" time="0"/>
  <testcase name="testToArray_isPlainObjectArray[UnmodifiableNavigableSetAPICompliance [collection size: several] subSet INCLUSIVE-INCLUSIVE [collection size: several] descending [collection size: several]]" classname="com.google.common.collect.testing.testers.CollectionToArrayTester" time="0"/>
  <testcase name="testToArray_rightSizedArrayOfObject[UnmodifiableNavigableSetAPICompliance [collection size: several] subSet INCLUSIVE-INCLUSIVE [collection size: several] descending [collection size: several]]" classname="com.google.common.collect.testing.testers.CollectionToArrayTester" time="0"/>
  <testcase name="testToArray_emptyArray_ordered[UnmodifiableNavigableSetAPICompliance [collection size: several] subSet INCLUSIVE-INCLUSIVE [collection size: several] descending [collection size: several]]" classname="com.google.common.collect.testing.testers.CollectionToArrayTester" time="0"/>
  <testcase name="testToArray_rightSizedArray[UnmodifiableNavigableSetAPICompliance [collection size: several] subSet INCLUSIVE-INCLUSIVE [collection size: several] descending [collection size: several]]" classname="com.google.common.collect.testing.testers.CollectionToArrayTester" time="0"/>
  <testcase name="testToString_sizeSeveral[UnmodifiableNavigableSetAPICompliance [collection size: several] subSet INCLUSIVE-INCLUSIVE [collection size: several] descending [collection size: several]]" classname="com.google.common.collect.testing.testers.CollectionToStringTester" time="0"/>
  <testcase name="testToString_minimal[UnmodifiableNavigableSetAPICompliance [collection size: several] subSet INCLUSIVE-INCLUSIVE [collection size: several] descending [collection size: several]]" classname="com.google.common.collect.testing.testers.CollectionToStringTester" time="0"/>
  <testcase name="testCreateWithDuplicates_nonNullDuplicatesNotRejected[UnmodifiableNavigableSetAPICompliance [collection size: several] subSet INCLUSIVE-INCLUSIVE [collection size: several] descending [collection size: several]]" classname="com.google.common.collect.testing.testers.SetCreationTester" time="0"/>
  <testcase name="testHashCode[UnmodifiableNavigableSetAPICompliance [collection size: several] subSet INCLUSIVE-INCLUSIVE [collection size: several] descending [collection size: several]]" classname="com.google.common.collect.testing.testers.SetHashCodeTester" time="0"/>
  <testcase name="testEquals_list[UnmodifiableNavigableSetAPICompliance [collection size: several] subSet INCLUSIVE-INCLUSIVE [collection size: several] descending [collection size: several]]" classname="com.google.common.collect.testing.testers.SetEqualsTester" time="0"/>
  <testcase name="testEquals_otherSetWithSameElements[UnmodifiableNavigableSetAPICompliance [collection size: several] subSet INCLUSIVE-INCLUSIVE [collection size: several] descending [collection size: several]]" classname="com.google.common.collect.testing.testers.SetEqualsTester" time="0"/>
  <testcase name="testEquals_largerSet[UnmodifiableNavigableSetAPICompliance [collection size: several] subSet INCLUSIVE-INCLUSIVE [collection size: several] descending [collection size: several]]" classname="com.google.common.collect.testing.testers.SetEqualsTester" time="0"/>
  <testcase name="testEquals_otherContainsNull[UnmodifiableNavigableSetAPICompliance [collection size: several] subSet INCLUSIVE-INCLUSIVE [collection size: several] descending [collection size: several]]" classname="com.google.common.collect.testing.testers.SetEqualsTester" time="0"/>
  <testcase name="testEquals_smallerSet[UnmodifiableNavigableSetAPICompliance [collection size: several] subSet INCLUSIVE-INCLUSIVE [collection size: several] descending [collection size: several]]" classname="com.google.common.collect.testing.testers.SetEqualsTester" time="0"/>
  <testcase name="testEquals_otherSetWithDifferentElements[UnmodifiableNavigableSetAPICompliance [collection size: several] subSet INCLUSIVE-INCLUSIVE [collection size: several] descending [collection size: several]]" classname="com.google.common.collect.testing.testers.SetEqualsTester" time="0.001"/>
  <testcase name="testAddAll_unsupportedSomePresent[UnmodifiableNavigableSetAPICompliance [collection size: several] descending [collection size: several]]" classname="com.google.common.collect.testing.testers.CollectionAddAllTester" time="0"/>
  <testcase name="testAddAll_unsupportedNothing[UnmodifiableNavigableSetAPICompliance [collection size: several] descending [collection size: several]]" classname="com.google.common.collect.testing.testers.CollectionAddAllTester" time="0"/>
  <testcase name="testAddAll_unsupportedNonePresent[UnmodifiableNavigableSetAPICompliance [collection size: several] descending [collection size: several]]" classname="com.google.common.collect.testing.testers.CollectionAddAllTester" time="0"/>
  <testcase name="testAddAll_unsupportedAllPresent[UnmodifiableNavigableSetAPICompliance [collection size: several] descending [collection size: several]]" classname="com.google.common.collect.testing.testers.CollectionAddAllTester" time="0"/>
  <testcase name="testAdd_unsupportedNotPresent[UnmodifiableNavigableSetAPICompliance [collection size: several] descending [collection size: several]]" classname="com.google.common.collect.testing.testers.CollectionAddTester" time="0"/>
  <testcase name="testAdd_unsupportedPresent[UnmodifiableNavigableSetAPICompliance [collection size: several] descending [collection size: several]]" classname="com.google.common.collect.testing.testers.CollectionAddTester" time="0"/>
  <testcase name="testClear_unsupported[UnmodifiableNavigableSetAPICompliance [collection size: several] descending [collection size: several]]" classname="com.google.common.collect.testing.testers.CollectionClearTester" time="0"/>
  <testcase name="testContainsAll_subset[UnmodifiableNavigableSetAPICompliance [collection size: several] descending [collection size: several]]" classname="com.google.common.collect.testing.testers.CollectionContainsAllTester" time="0"/>
  <testcase name="testContainsAll_disjoint[UnmodifiableNavigableSetAPICompliance [collection size: several] descending [collection size: several]]" classname="com.google.common.collect.testing.testers.CollectionContainsAllTester" time="0"/>
  <testcase name="testContainsAll_nullNotAllowed[UnmodifiableNavigableSetAPICompliance [collection size: several] descending [collection size: several]]" classname="com.google.common.collect.testing.testers.CollectionContainsAllTester" time="0"/>
  <testcase name="testContainsAll_self[UnmodifiableNavigableSetAPICompliance [collection size: several] descending [collection size: several]]" classname="com.google.common.collect.testing.testers.CollectionContainsAllTester" time="0"/>
  <testcase name="testContainsAll_wrongType[UnmodifiableNavigableSetAPICompliance [collection size: several] descending [collection size: several]]" classname="com.google.common.collect.testing.testers.CollectionContainsAllTester" time="0"/>
  <testcase name="testContainsAll_empty[UnmodifiableNavigableSetAPICompliance [collection size: several] descending [collection size: several]]" classname="com.google.common.collect.testing.testers.CollectionContainsAllTester" time="0.003"/>
  <testcase name="testContainsAll_sameElements[UnmodifiableNavigableSetAPICompliance [collection size: several] descending [collection size: several]]" classname="com.google.common.collect.testing.testers.CollectionContainsAllTester" time="0"/>
  <testcase name="testContainsAll_partialOverlap[UnmodifiableNavigableSetAPICompliance [collection size: several] descending [collection size: several]]" classname="com.google.common.collect.testing.testers.CollectionContainsAllTester" time="0"/>
  <testcase name="testContains_yes[UnmodifiableNavigableSetAPICompliance [collection size: several] descending [collection size: several]]" classname="com.google.common.collect.testing.testers.CollectionContainsTester" time="0"/>
  <testcase name="testContains_no[UnmodifiableNavigableSetAPICompliance [collection size: several] descending [collection size: several]]" classname="com.google.common.collect.testing.testers.CollectionContainsTester" time="0"/>
  <testcase name="testContains_nullNotContainedAndUnsupported[UnmodifiableNavigableSetAPICompliance [collection size: several] descending [collection size: several]]" classname="com.google.common.collect.testing.testers.CollectionContainsTester" time="0"/>
  <testcase name="testContains_wrongType[UnmodifiableNavigableSetAPICompliance [collection size: several] descending [collection size: several]]" classname="com.google.common.collect.testing.testers.CollectionContainsTester" time="0"/>
  <testcase name="testCreateWithNull_unsupported[UnmodifiableNavigableSetAPICompliance [collection size: several] descending [collection size: several]]" classname="com.google.common.collect.testing.testers.CollectionCreationTester" time="0"/>
  <testcase name="testEquals_null[UnmodifiableNavigableSetAPICompliance [collection size: several] descending [collection size: several]]" classname="com.google.common.collect.testing.testers.CollectionEqualsTester" time="0"/>
  <testcase name="testEquals_self[UnmodifiableNavigableSetAPICompliance [collection size: several] descending [collection size: several]]" classname="com.google.common.collect.testing.testers.CollectionEqualsTester" time="0"/>
  <testcase name="testEquals_notACollection[UnmodifiableNavigableSetAPICompliance [collection size: several] descending [collection size: several]]" classname="com.google.common.collect.testing.testers.CollectionEqualsTester" time="0"/>
  <testcase name="testForEachKnownOrder[UnmodifiableNavigableSetAPICompliance [collection size: several] descending [collection size: several]]" classname="com.google.common.collect.testing.testers.CollectionForEachTester" time="0"/>
  <testcase name="testIsEmpty_no[UnmodifiableNavigableSetAPICompliance [collection size: several] descending [collection size: several]]" classname="com.google.common.collect.testing.testers.CollectionIsEmptyTester" time="0"/>
  <testcase name="testIteratorNoSuchElementException[UnmodifiableNavigableSetAPICompliance [collection size: several] descending [collection size: several]]" classname="com.google.common.collect.testing.testers.CollectionIteratorTester" time="0"/>
  <testcase name="testIterationOrdering[UnmodifiableNavigableSetAPICompliance [collection size: several] descending [collection size: several]]" classname="com.google.common.collect.testing.testers.CollectionIteratorTester" time="0"/>
  <testcase name="testIterator_knownOrderRemoveUnsupported[UnmodifiableNavigableSetAPICompliance [collection size: several] descending [collection size: several]]" classname="com.google.common.collect.testing.testers.CollectionIteratorTester" time="0"/>
  <testcase name="testIterator[UnmodifiableNavigableSetAPICompliance [collection size: several] descending [collection size: several]]" classname="com.google.common.collect.testing.testers.CollectionIteratorTester" time="0"/>
  <testcase name="testRemoveAll_unsupportedPresent[UnmodifiableNavigableSetAPICompliance [collection size: several] descending [collection size: several]]" classname="com.google.common.collect.testing.testers.CollectionRemoveAllTester" time="0"/>
  <testcase name="testRemoveAll_unsupportedEmptyCollection[UnmodifiableNavigableSetAPICompliance [collection size: several] descending [collection size: several]]" classname="com.google.common.collect.testing.testers.CollectionRemoveAllTester" time="0"/>
  <testcase name="testRemoveAll_unsupportedNonePresent[UnmodifiableNavigableSetAPICompliance [collection size: several] descending [collection size: several]]" classname="com.google.common.collect.testing.testers.CollectionRemoveAllTester" time="0"/>
  <testcase name="testRemoveIf_alwaysTrueUnsupported[UnmodifiableNavigableSetAPICompliance [collection size: several] descending [collection size: several]]" classname="com.google.common.collect.testing.testers.CollectionRemoveIfTester" time="0"/>
  <testcase name="testRemove_unsupportedNotPresent[UnmodifiableNavigableSetAPICompliance [collection size: several] descending [collection size: several]]" classname="com.google.common.collect.testing.testers.CollectionRemoveTester" time="0"/>
  <testcase name="testRemove_unsupported[UnmodifiableNavigableSetAPICompliance [collection size: several] descending [collection size: several]]" classname="com.google.common.collect.testing.testers.CollectionRemoveTester" time="0"/>
  <testcase name="testIteratorRemove_unsupported[UnmodifiableNavigableSetAPICompliance [collection size: several] descending [collection size: several]]" classname="com.google.common.collect.testing.testers.CollectionRemoveTester" time="0"/>
  <testcase name="testRetainAll_disjointPreviouslyNonEmptyUnsupported[UnmodifiableNavigableSetAPICompliance [collection size: several] descending [collection size: several]]" classname="com.google.common.collect.testing.testers.CollectionRetainAllTester" time="0"/>
  <testcase name="testRetainAll_emptyPreviouslyNonEmptyUnsupported[UnmodifiableNavigableSetAPICompliance [collection size: several] descending [collection size: several]]" classname="com.google.common.collect.testing.testers.CollectionRetainAllTester" time="0"/>
  <testcase name="testRetainAll_supersetUnsupported[UnmodifiableNavigableSetAPICompliance [collection size: several] descending [collection size: several]]" classname="com.google.common.collect.testing.testers.CollectionRetainAllTester" time="0"/>
  <testcase name="testRetainAll_partialOverlapUnsupported[UnmodifiableNavigableSetAPICompliance [collection size: several] descending [collection size: several]]" classname="com.google.common.collect.testing.testers.CollectionRetainAllTester" time="0"/>
  <testcase name="testRetainAll_subsetUnsupported[UnmodifiableNavigableSetAPICompliance [collection size: several] descending [collection size: several]]" classname="com.google.common.collect.testing.testers.CollectionRetainAllTester" time="0"/>
  <testcase name="testRetainAll_sameElementsUnsupported[UnmodifiableNavigableSetAPICompliance [collection size: several] descending [collection size: several]]" classname="com.google.common.collect.testing.testers.CollectionRetainAllTester" time="0"/>
  <testcase name="testSize[UnmodifiableNavigableSetAPICompliance [collection size: several] descending [collection size: several]]" classname="com.google.common.collect.testing.testers.CollectionSizeTester" time="0"/>
  <testcase name="testSpliteratorKnownOrder[UnmodifiableNavigableSetAPICompliance [collection size: several] descending [collection size: several]]" classname="com.google.common.collect.testing.testers.CollectionSpliteratorTester" time="0"/>
  <testcase name="testStreamToArrayKnownOrder[UnmodifiableNavigableSetAPICompliance [collection size: several] descending [collection size: several]]" classname="com.google.common.collect.testing.testers.CollectionStreamTester" time="0"/>
  <testcase name="testStreamCount[UnmodifiableNavigableSetAPICompliance [collection size: several] descending [collection size: several]]" classname="com.google.common.collect.testing.testers.CollectionStreamTester" time="0"/>
  <testcase name="testToArray_emptyArray[UnmodifiableNavigableSetAPICompliance [collection size: several] descending [collection size: several]]" classname="com.google.common.collect.testing.testers.CollectionToArrayTester" time="0"/>
  <testcase name="testToArray_oversizedArray[UnmodifiableNavigableSetAPICompliance [collection size: several] descending [collection size: several]]" classname="com.google.common.collect.testing.testers.CollectionToArrayTester" time="0"/>
  <testcase name="testToArray_rightSizedArray_ordered[UnmodifiableNavigableSetAPICompliance [collection size: several] descending [collection size: several]]" classname="com.google.common.collect.testing.testers.CollectionToArrayTester" time="0"/>
  <testcase name="testToArray_emptyArrayOfObject[UnmodifiableNavigableSetAPICompliance [collection size: several] descending [collection size: several]]" classname="com.google.common.collect.testing.testers.CollectionToArrayTester" time="0"/>
  <testcase name="testToArray_rightSizedArrayOfObject_ordered[UnmodifiableNavigableSetAPICompliance [collection size: several] descending [collection size: several]]" classname="com.google.common.collect.testing.testers.CollectionToArrayTester" time="0.001"/>
  <testcase name="testToArray_emptyArrayOfWrongTypeForNonEmptyCollection[UnmodifiableNavigableSetAPICompliance [collection size: several] descending [collection size: several]]" classname="com.google.common.collect.testing.testers.CollectionToArrayTester" time="0"/>
  <testcase name="testToArray_noArgs[UnmodifiableNavigableSetAPICompliance [collection size: several] descending [collection size: several]]" classname="com.google.common.collect.testing.testers.CollectionToArrayTester" time="0"/>
  <testcase name="testToArray_oversizedArray_ordered[UnmodifiableNavigableSetAPICompliance [collection size: several] descending [collection size: several]]" classname="com.google.common.collect.testing.testers.CollectionToArrayTester" time="0"/>
  <testcase name="testToArray_isPlainObjectArray[UnmodifiableNavigableSetAPICompliance [collection size: several] descending [collection size: several]]" classname="com.google.common.collect.testing.testers.CollectionToArrayTester" time="0"/>
  <testcase name="testToArray_rightSizedArrayOfObject[UnmodifiableNavigableSetAPICompliance [collection size: several] descending [collection size: several]]" classname="com.google.common.collect.testing.testers.CollectionToArrayTester" time="0"/>
  <testcase name="testToArray_emptyArray_ordered[UnmodifiableNavigableSetAPICompliance [collection size: several] descending [collection size: several]]" classname="com.google.common.collect.testing.testers.CollectionToArrayTester" time="0"/>
  <testcase name="testToArray_rightSizedArray[UnmodifiableNavigableSetAPICompliance [collection size: several] descending [collection size: several]]" classname="com.google.common.collect.testing.testers.CollectionToArrayTester" time="0"/>
  <testcase name="testToString_sizeSeveral[UnmodifiableNavigableSetAPICompliance [collection size: several] descending [collection size: several]]" classname="com.google.common.collect.testing.testers.CollectionToStringTester" time="0.001"/>
  <testcase name="testToString_minimal[UnmodifiableNavigableSetAPICompliance [collection size: several] descending [collection size: several]]" classname="com.google.common.collect.testing.testers.CollectionToStringTester" time="0"/>
  <testcase name="testCreateWithDuplicates_nonNullDuplicatesNotRejected[UnmodifiableNavigableSetAPICompliance [collection size: several] descending [collection size: several]]" classname="com.google.common.collect.testing.testers.SetCreationTester" time="0"/>
  <testcase name="testHashCode[UnmodifiableNavigableSetAPICompliance [collection size: several] descending [collection size: several]]" classname="com.google.common.collect.testing.testers.SetHashCodeTester" time="0"/>
  <testcase name="testEquals_list[UnmodifiableNavigableSetAPICompliance [collection size: several] descending [collection size: several]]" classname="com.google.common.collect.testing.testers.SetEqualsTester" time="0"/>
  <testcase name="testEquals_otherSetWithSameElements[UnmodifiableNavigableSetAPICompliance [collection size: several] descending [collection size: several]]" classname="com.google.common.collect.testing.testers.SetEqualsTester" time="0"/>
  <testcase name="testEquals_largerSet[UnmodifiableNavigableSetAPICompliance [collection size: several] descending [collection size: several]]" classname="com.google.common.collect.testing.testers.SetEqualsTester" time="0"/>
  <testcase name="testEquals_otherContainsNull[UnmodifiableNavigableSetAPICompliance [collection size: several] descending [collection size: several]]" classname="com.google.common.collect.testing.testers.SetEqualsTester" time="0"/>
  <testcase name="testEquals_smallerSet[UnmodifiableNavigableSetAPICompliance [collection size: several] descending [collection size: several]]" classname="com.google.common.collect.testing.testers.SetEqualsTester" time="0"/>
  <testcase name="testEquals_otherSetWithDifferentElements[UnmodifiableNavigableSetAPICompliance [collection size: several] descending [collection size: several]]" classname="com.google.common.collect.testing.testers.SetEqualsTester" time="0"/>
  <testcase name="testUnmodifiability" classname="com.googlecode.cqengine.index.support.UnmodifiableNavigableSetTest" time="0.001"/>
</testsuite>