<?xml version="1.0" encoding="UTF-8" ?>
<testsuite tests="25" failures="0" name="org.apache.commons.exec.DefaultExecutorTest" time="36.734" errors="0" skipped="0">
  <properties>
    <property name="java.runtime.name" value="OpenJDK Runtime Environment"/>
    <property name="sun.boot.library.path" value="/usr/local/openjdk-8/jre/lib/amd64"/>
    <property name="java.vm.version" value="25.262-b10"/>
    <property name="java.vm.vendor" value="Oracle Corporation"/>
    <property name="java.vendor.url" value="http://java.oracle.com/"/>
    <property name="path.separator" value=":"/>
    <property name="java.vm.name" value="OpenJDK 64-Bit Server VM"/>
    <property name="file.encoding.pkg" value="sun.io"/>
    <property name="sun.java.launcher" value="SUN_STANDARD"/>
    <property name="sun.os.patch.level" value="unknown"/>
    <property name="java.vm.specification.name" value="Java Virtual Machine Specification"/>
    <property name="user.dir" value="/tmp/tmpl6idedr9/commons-exec"/>
    <property name="java.runtime.version" value="1.8.0_262-b10"/>
    <property name="java.awt.graphicsenv" value="sun.awt.X11GraphicsEnvironment"/>
    <property name="basedir" value="/tmp/tmpl6idedr9/commons-exec"/>
    <property name="java.endorsed.dirs" value="/usr/local/openjdk-8/jre/lib/endorsed"/>
    <property name="os.arch" value="amd64"/>
    <property name="surefire.real.class.path" value="/tmp/surefirebooter5054004609907013669.jar"/>
    <property name="java.io.tmpdir" value="/tmp"/>
    <property name="line.separator" value="
"/>
    <property name="java.vm.specification.vendor" value="Oracle Corporation"/>
    <property name="os.name" value="Linux"/>
    <property name="sun.jnu.encoding" value="UTF-8"/>
    <property name="java.library.path" value="/usr/java/packages/lib/amd64:/usr/lib64:/lib64:/lib:/usr/lib"/>
    <property name="surefire.test.class.path" value="/tmp/tmpl6idedr9/commons-exec/target/test-classes:/tmp/tmpl6idedr9/commons-exec/target/classes:/home/jdbl/.m2/repository/junit/junit/3.8.2/junit-3.8.2.jar:"/>
    <property name="java.specification.name" value="Java Platform API Specification"/>
    <property name="java.class.version" value="52.0"/>
    <property name="sun.management.compiler" value="HotSpot 64-Bit Tiered Compilers"/>
    <property name="os.version" value="4.15.0-109-generic"/>
    <property name="user.home" value="/home/jdbl"/>
    <property name="user.timezone" value=""/>
    <property name="java.awt.printerjob" value="sun.print.PSPrinterJob"/>
    <property name="file.encoding" value="UTF-8"/>
    <property name="java.specification.version" value="1.8"/>
    <property name="user.name" value="jdbl"/>
    <property name="java.class.path" value="/tmp/tmpl6idedr9/commons-exec/target/test-classes:/tmp/tmpl6idedr9/commons-exec/target/classes:/home/jdbl/.m2/repository/junit/junit/3.8.2/junit-3.8.2.jar:"/>
    <property name="java.vm.specification.version" value="1.8"/>
    <property name="sun.arch.data.model" value="64"/>
    <property name="java.home" value="/usr/local/openjdk-8/jre"/>
    <property name="sun.java.command" value="/tmp/surefirebooter5054004609907013669.jar /tmp/surefire8086964981504968613tmp /tmp/surefire6221711880203310631tmp"/>
    <property name="java.specification.vendor" value="Oracle Corporation"/>
    <property name="user.language" value="en"/>
    <property name="awt.toolkit" value="sun.awt.X11.XToolkit"/>
    <property name="java.vm.info" value="mixed mode"/>
    <property name="java.version" value="1.8.0_262"/>
    <property name="java.ext.dirs" value="/usr/local/openjdk-8/jre/lib/ext:/usr/java/packages/lib/ext"/>
    <property name="sun.boot.class.path" value="/usr/local/openjdk-8/jre/lib/resources.jar:/usr/local/openjdk-8/jre/lib/rt.jar:/usr/local/openjdk-8/jre/lib/sunrsasign.jar:/usr/local/openjdk-8/jre/lib/jsse.jar:/usr/local/openjdk-8/jre/lib/jce.jar:/usr/local/openjdk-8/jre/lib/charsets.jar:/usr/local/openjdk-8/jre/lib/jfr.jar:/usr/local/openjdk-8/jre/classes"/>
    <property name="java.vendor" value="Oracle Corporation"/>
    <property name="localRepository" value="/home/jdbl/.m2/repository"/>
    <property name="file.separator" value="/"/>
    <property name="java.vendor.url.bug" value="http://bugreport.sun.com/bugreport/"/>
    <property name="sun.cpu.endian" value="little"/>
    <property name="sun.io.unicode.encoding" value="UnicodeLittle"/>
    <property name="sun.cpu.isalist" value=""/>
  </properties>
  <testcase classname="org.apache.commons.exec.DefaultExecutorTest" name="testExecute" time="0.084"/>
  <testcase classname="org.apache.commons.exec.DefaultExecutorTest" name="testExecuteWithWorkingDirectory" time="0.006"/>
  <testcase classname="org.apache.commons.exec.DefaultExecutorTest" name="testExecuteWithInvalidWorkingDirectory" time="0"/>
  <testcase classname="org.apache.commons.exec.DefaultExecutorTest" name="testExecuteWithError" time="0.001"/>
  <testcase classname="org.apache.commons.exec.DefaultExecutorTest" name="testExecuteWithArg" time="0.002"/>
  <testcase classname="org.apache.commons.exec.DefaultExecutorTest" name="testExecuteWithEnv" time="0.004"/>
  <testcase classname="org.apache.commons.exec.DefaultExecutorTest" name="testExecuteAsync" time="2.002"/>
  <testcase classname="org.apache.commons.exec.DefaultExecutorTest" name="testExecuteAsyncWithError" time="2"/>
  <testcase classname="org.apache.commons.exec.DefaultExecutorTest" name="testExecuteAsyncWithTimelyUserTermination" time="2.003"/>
  <testcase classname="org.apache.commons.exec.DefaultExecutorTest" name="testExecuteAsyncWithTooLateUserTermination" time="6"/>
  <testcase classname="org.apache.commons.exec.DefaultExecutorTest" name="testExecuteWatchdog" time="10.013"/>
  <testcase classname="org.apache.commons.exec.DefaultExecutorTest" name="testExecuteNonExistingApplication" time="0.001"/>
  <testcase classname="org.apache.commons.exec.DefaultExecutorTest" name="testExecuteAsyncWithNonExistingApplication" time="2.001"/>
  <testcase classname="org.apache.commons.exec.DefaultExecutorTest" name="testExecuteStability" time="7.237"/>
  <testcase classname="org.apache.commons.exec.DefaultExecutorTest" name="testExecuteWithCustomExitValue1" time="0.001"/>
  <testcase classname="org.apache.commons.exec.DefaultExecutorTest" name="testExecuteWithCustomExitValue2" time="0.006"/>
  <testcase classname="org.apache.commons.exec.DefaultExecutorTest" name="testExecuteWithProcessDestroyer" time="0.014"/>
  <testcase classname="org.apache.commons.exec.DefaultExecutorTest" name="testExecuteAsyncWithProcessDestroyer" time="2.1"/>
  <testcase classname="org.apache.commons.exec.DefaultExecutorTest" name="testExecuteWithFancyArg" time="0.013"/>
  <testcase classname="org.apache.commons.exec.DefaultExecutorTest" name="testExecuteWithRedirectedStreams" time="0.01"/>
  <testcase classname="org.apache.commons.exec.DefaultExecutorTest" name="testExecuteWithStdin" time="0.107"/>
  <testcase classname="org.apache.commons.exec.DefaultExecutorTest" name="testExecuteWithStdOutErr" time="0.007"/>
  <testcase classname="org.apache.commons.exec.DefaultExecutorTest" name="testExecuteWithNullOutErr" time="0.005"/>
  <testcase classname="org.apache.commons.exec.DefaultExecutorTest" name="testExecuteWithRedirectOutErr" time="0.027"/>
  <testcase classname="org.apache.commons.exec.DefaultExecutorTest" name="testExec41" time="3.08"/>
</testsuite>