<?xml version="1.0" encoding="UTF-8" ?>
<testsuite tests="372" failures="1" name="javassist.JvstTest" time="13.771" errors="0" skipped="0">
  <properties>
    <property name="java.runtime.name" value="OpenJDK Runtime Environment"/>
    <property name="sun.boot.library.path" value="/usr/local/openjdk-8/jre/lib/amd64"/>
    <property name="java.vm.version" value="25.262-b10"/>
    <property name="animal.sniffer.skip" value="true"/>
    <property name="java.vm.vendor" value="Oracle Corporation"/>
    <property name="maven.multiModuleProjectDirectory" value="/tmp/tmpbbwx5iya/javassist"/>
    <property name="maven.javadoc.skip" value="true"/>
    <property name="java.vendor.url" value="http://java.oracle.com/"/>
    <property name="path.separator" value=":"/>
    <property name="guice.disable.misplaced.annotation.check" value="true"/>
    <property name="java.vm.name" value="OpenJDK 64-Bit Server VM"/>
    <property name="file.encoding.pkg" value="sun.io"/>
    <property name="sun.java.launcher" value="SUN_STANDARD"/>
    <property name="sun.os.patch.level" value="unknown"/>
    <property name="source.skip" value="true"/>
    <property name="java.vm.specification.name" value="Java Virtual Machine Specification"/>
    <property name="user.dir" value="/tmp/tmpbbwx5iya/javassist"/>
    <property name="java.runtime.version" value="1.8.0_262-b10"/>
    <property name="java.awt.graphicsenv" value="sun.awt.X11GraphicsEnvironment"/>
    <property name="java.endorsed.dirs" value="/usr/local/openjdk-8/jre/lib/endorsed"/>
    <property name="os.arch" value="amd64"/>
    <property name="java.io.tmpdir" value="/tmp"/>
    <property name="line.separator" value="
"/>
    <property name="java.vm.specification.vendor" value="Oracle Corporation"/>
    <property name="os.name" value="Linux"/>
    <property name="classworlds.conf" value="/usr/share/maven/bin/m2.conf"/>
    <property name="maven.test.error.ignore" value="true"/>
    <property name="sun.jnu.encoding" value="UTF-8"/>
    <property name="java.library.path" value="/usr/java/packages/lib/amd64:/usr/lib64:/lib64:/lib:/usr/lib"/>
    <property name="license.skip" value="true"/>
    <property name="maven.conf" value="/usr/share/maven/conf"/>
    <property name="java.specification.name" value="Java Platform API Specification"/>
    <property name="java.class.version" value="52.0"/>
    <property name="sun.management.compiler" value="HotSpot 64-Bit Tiered Compilers"/>
    <property name="maven.test.failure.ignore" value="true"/>
    <property name="os.version" value="4.15.0-109-generic"/>
    <property name="library.jansi.path" value="/usr/share/maven/lib/jansi-native"/>
    <property name="user.home" value="/home/jdbl"/>
    <property name="user.timezone" value="Etc/UTC"/>
    <property name="java.awt.printerjob" value="sun.print.PSPrinterJob"/>
    <property name="java.specification.version" value="1.8"/>
    <property name="file.encoding" value="UTF-8"/>
    <property name="user.name" value="jdbl"/>
    <property name="java.class.path" value="/usr/share/maven/boot/plexus-classworlds-2.6.0.jar"/>
    <property name="java.vm.specification.version" value="1.8"/>
    <property name="sun.arch.data.model" value="64"/>
    <property name="java.home" value="/usr/local/openjdk-8/jre"/>
    <property name="sun.java.command" value="org.codehaus.plexus.classworlds.launcher.Launcher package -e --fail-never -ntp -Dmaven.test.error.ignore=true -Dmaven.test.failure.ignore=true -B -Dmaven.javadoc.skip=true -Drat.skip=true -Danimal.sniffer.skip=true -Dmaven.javadoc.skip=true -Dlicense.skip=true -Dsource.skip=true"/>
    <property name="java.specification.vendor" value="Oracle Corporation"/>
    <property name="user.language" value="en"/>
    <property name="awt.toolkit" value="sun.awt.X11.XToolkit"/>
    <property name="java.vm.info" value="mixed mode"/>
    <property name="java.version" value="1.8.0_262"/>
    <property name="java.ext.dirs" value="/usr/local/openjdk-8/jre/lib/ext:/usr/java/packages/lib/ext"/>
    <property name="securerandom.source" value="file:/dev/./urandom"/>
    <property name="sun.boot.class.path" value="/usr/local/openjdk-8/jre/lib/resources.jar:/usr/local/openjdk-8/jre/lib/rt.jar:/usr/local/openjdk-8/jre/lib/sunrsasign.jar:/usr/local/openjdk-8/jre/lib/jsse.jar:/usr/local/openjdk-8/jre/lib/jce.jar:/usr/local/openjdk-8/jre/lib/charsets.jar:/usr/local/openjdk-8/jre/lib/jfr.jar:/usr/local/openjdk-8/jre/classes"/>
    <property name="java.vendor" value="Oracle Corporation"/>
    <property name="rat.skip" value="true"/>
    <property name="maven.home" value="/usr/share/maven"/>
    <property name="file.separator" value="/"/>
    <property name="java.vendor.url.bug" value="http://bugreport.sun.com/bugreport/"/>
    <property name="sun.cpu.endian" value="little"/>
    <property name="sun.io.unicode.encoding" value="UnicodeLittle"/>
    <property name="sun.cpu.isalist" value=""/>
  </properties>
  <testcase classname="javassist.JvstTest" name="testInterface" time="0.062"/>
  <testcase classname="javassist.JvstTest" name="testSubtype" time="0"/>
  <testcase classname="javassist.JvstTest" name="testClassPoolGet" time="0"/>
  <testcase classname="javassist.JvstTest" name="testFieldInit" time="0.013"/>
  <testcase classname="javassist.JvstTest" name="testFieldInit2" time="0.002"/>
  <testcase classname="javassist.JvstTest" name="testCalleeBefore" time="0.003"/>
  <testcase classname="javassist.JvstTest" name="testCalleeAfter" time="0.002"/>
  <testcase classname="javassist.JvstTest" name="testCalleeAfter2" time="0.003"/>
  <testcase classname="javassist.JvstTest" name="testCalleeAfter3" time="0.003"/>
  <testcase classname="javassist.JvstTest" name="testCalleeCatch" time="0.005"/>
  <testcase classname="javassist.JvstTest" name="testSuperclass" time="0"/>
  <testcase classname="javassist.JvstTest" name="testProceed" time="0.005"/>
  <testcase classname="javassist.JvstTest" name="testProceed2" time="0.007"/>
  <testcase classname="javassist.JvstTest" name="testProceed3" time="0.001"/>
  <testcase classname="javassist.JvstTest" name="testSetBody" time="0.004"/>
  <testcase classname="javassist.JvstTest" name="testSetStaticConsBody" time="0.001"/>
  <testcase classname="javassist.JvstTest" name="testSetConsBody" time="0.003"/>
  <testcase classname="javassist.JvstTest" name="testEmptyBody" time="0"/>
  <testcase classname="javassist.JvstTest" name="testExprEditor" time="0.002"/>
  <testcase classname="javassist.JvstTest" name="testExprEditor2" time="0.002"/>
  <testcase classname="javassist.JvstTest" name="testExprEditor3" time="0.001"/>
  <testcase classname="javassist.JvstTest" name="testExprEditor4" time="0.001"/>
  <testcase classname="javassist.JvstTest" name="testExprEditor5" time="0.001"/>
  <testcase classname="javassist.JvstTest" name="testExprEditor6" time="0.001"/>
  <testcase classname="javassist.JvstTest" name="testExprEditor7" time="0.002"/>
  <testcase classname="javassist.JvstTest" name="testExprEditor8" time="0.002"/>
  <testcase classname="javassist.JvstTest" name="testCflow" time="0.009"/>
  <testcase classname="javassist.JvstTest" name="testSigType" time="0.004"/>
  <testcase classname="javassist.JvstTest" name="testConfig" time="0"/>
  <testcase classname="javassist.JvstTest" name="testLoader" time="0.001"/>
  <testcase classname="javassist.JvstTest" name="testDefreeze" time="0"/>
  <testcase classname="javassist.JvstTest" name="testDollarClass" time="0.002"/>
  <testcase classname="javassist.JvstTest" name="testHandler" time="0.005"/>
  <testcase classname="javassist.JvstTest" name="testDispatch" time="0.001"/>
  <testcase classname="javassist.JvstTest" name="testMakeClass" time="0"/>
  <testcase classname="javassist.JvstTest" name="testMakeMethod" time="0.001"/>
  <testcase classname="javassist.JvstTest" name="testDesc" time="0.001"/>
  <testcase classname="javassist.JvstTest" name="testCast" time="0"/>
  <testcase classname="javassist.JvstTest" name="testSerialVUID" time="0.015"/>
  <testcase classname="javassist.JvstTest" name="testInvokeInt" time="0.002"/>
  <testcase classname="javassist.JvstTest" name="testSubtypeOf" time="0.001"/>
  <testcase classname="javassist.JvstTest" name="testMakeInterface" time="0"/>
  <testcase classname="javassist.JvstTest" name="testCodeConv" time="0.003"/>
  <testcase classname="javassist.JvstTest" name="testTryCatch" time="0.003"/>
  <testcase classname="javassist.JvstTest" name="testGetThrowables" time="0.001"/>
  <testcase classname="javassist.JvstTest" name="testArrayAccess" time="0.001"/>
  <testcase classname="javassist.JvstTest" name="testClinit" time="0.001"/>
  <testcase classname="javassist.JvstTest" name="testClinit2" time="0.001"/>
  <testcase classname="javassist.JvstTest" name="testCondExpr" time="0.002"/>
  <testcase classname="javassist.JvstTest" name="testCondExpr2" time="0.001"/>
  <testcase classname="javassist.JvstTest" name="testCondExpr3" time="0.001"/>
  <testcase classname="javassist.JvstTest" name="testDelegator" time="0.001"/>
  <testcase classname="javassist.JvstTest" name="testSetName" time="0.001"/>
  <testcase classname="javassist.JvstTest" name="testFieldModifier" time="0"/>
  <testcase classname="javassist.JvstTest" name="testToString" time="0.001"/>
  <testcase classname="javassist.JvstTest" name="testPackage" time="0"/>
  <testcase classname="javassist.JvstTest" name="testHoward" time="0.004"/>
  <testcase classname="javassist.JvstTest" name="testLoop" time="0.001"/>
  <testcase classname="javassist.JvstTest" name="testClassPath" time="0"/>
  <testcase classname="javassist.JvstTest2" name="testToString" time="0.005"/>
  <testcase classname="javassist.JvstTest2" name="testInsertAt" time="0"/>
  <testcase classname="javassist.JvstTest2" name="testInsertLocal" time="0.002"/>
  <testcase classname="javassist.JvstTest2" name="testStaticMember" time="0.002"/>
  <testcase classname="javassist.JvstTest2" name="testStaticMember2" time="0.003"/>
  <testcase classname="javassist.JvstTest2" name="testSuperCall" time="0.001"/>
  <testcase classname="javassist.JvstTest2" name="testSetSuper" time="0.001"/>
  <testcase classname="javassist.JvstTest2" name="testReplaceClassName" time="0.001"/>
  <testcase classname="javassist.JvstTest2" name="testCodeGen" time="0.003"/>
  <testcase classname="javassist.JvstTest2" name="testCodeGen2" time="0.002"/>
  <testcase classname="javassist.JvstTest2" name="testInner" time="0.003"/>
  <testcase classname="javassist.JvstTest2" name="testURL" time="0.002"/>
  <testcase classname="javassist.JvstTest2" name="testGetURL" time="0"/>
  <testcase classname="javassist.JvstTest2" name="testInheritance" time="0.001"/>
  <testcase classname="javassist.JvstTest2" name="testIncOp" time="0.006"/>
  <testcase classname="javassist.JvstTest2" name="testSetExceptions" time="0"/>
  <testcase classname="javassist.JvstTest2" name="testNullArg" time="0.001"/>
  <testcase classname="javassist.JvstTest2" name="testAddMethod" time="0.001"/>
  <testcase classname="javassist.JvstTest2" name="testCopyStream" time="0.063"/>
  <testcase classname="javassist.JvstTest2" name="testDeclaringClass2" time="0.003"/>
  <testcase classname="javassist.JvstTest2" name="testMethodInInner" time="0.004"/>
  <testcase classname="javassist.JvstTest2" name="testMethodInInner2" time="0.002"/>
  <testcase classname="javassist.JvstTest2" name="testMakeNestedClass" time="0.001"/>
  <testcase classname="javassist.JvstTest2" name="testPrivateMethod" time="0.001"/>
  <testcase classname="javassist.JvstTest2" name="testArrayLength" time="0.001"/>
  <testcase classname="javassist.JvstTest2" name="testMakeStaticMethod" time="0"/>
  <testcase classname="javassist.JvstTest2" name="testNewExprTry" time="0.001"/>
  <testcase classname="javassist.JvstTest2" name="testToClass" time="0.001"/>
  <testcase classname="javassist.JvstTest2" name="testAddCatchForConstructor" time="0"/>
  <testcase classname="javassist.JvstTest2" name="testAddLocalVar" time="0.001"/>
  <testcase classname="javassist.JvstTest2" name="testNewArray" time="0.006"/>
  <testcase classname="javassist.JvstTest2" name="testDotClass" time="0.003"/>
  <testcase classname="javassist.JvstTest2" name="testDotClass2" time="0.003"/>
  <testcase classname="javassist.JvstTest2" name="testDotClass4" time="0.003"/>
  <testcase classname="javassist.JvstTest2" name="testSuperInterface" time="0.001"/>
  <testcase classname="javassist.JvstTest2" name="testPrune" time="0.002"/>
  <testcase classname="javassist.JvstTest2" name="testNewExprInTry" time="0.002"/>
  <testcase classname="javassist.JvstTest2" name="testConstField" time="0.001"/>
  <testcase classname="javassist.JvstTest2" name="testWhere" time="0.001"/>
  <testcase classname="javassist.JvstTest2" name="testNewOp" time="0.002"/>
  <testcase classname="javassist.JvstTest2" name="testSwitch" time="0.005"/>
  <testcase classname="javassist.JvstTest2" name="testGet" time="0"/>
  <testcase classname="javassist.JvstTest2" name="testSynchronized" time="0.003"/>
  <testcase classname="javassist.JvstTest2" name="testTryFinally" time="0.005"/>
  <testcase classname="javassist.JvstTest2" name="testConstructorName" time="0"/>
  <testcase classname="javassist.JvstTest2" name="testRemoveCall" time="0.001"/>
  <testcase classname="javassist.JvstTest2" name="testRemove" time="0.001"/>
  <testcase classname="javassist.JvstTest2" name="testGetAndRename" time="0"/>
  <testcase classname="javassist.JvstTest2" name="testConstBody" time="0.001"/>
  <testcase classname="javassist.JvstTest2" name="testMethodCall" time="0"/>
  <testcase classname="javassist.JvstTest2" name="testKmatcha" time="0.001"/>
  <testcase classname="javassist.JvstTest2" name="testStrict" time="0.001"/>
  <testcase classname="javassist.JvstTest2" name="testArrayLen" time="0"/>
  <testcase classname="javassist.JvstTest2" name="testUnicodeIdentifier" time="0"/>
  <testcase classname="javassist.JvstTest2" name="testBrennan" time="0.012"/>
  <testcase classname="javassist.JvstTest2" name="testArrayAndNull" time="0.001"/>
  <testcase classname="javassist.JvstTest2" name="testStaticArrays" time="0"/>
  <testcase classname="javassist.JvstTest2" name="testObjectSuper" time="0"/>
  <testcase classname="javassist.JvstTest2" name="testStaticFinal" time="0.001"/>
  <testcase classname="javassist.JvstTest2" name="testLocalVar" time="0.001"/>
  <testcase classname="javassist.JvstTest2" name="testImportPackage" time="0"/>
  <testcase classname="javassist.JvstTest2" name="testArrayInit" time="0.001"/>
  <testcase classname="javassist.JvstTest2" name="testDeclaringClass" time="0.002"/>
  <testcase classname="javassist.JvstTest3" name="testSetSuper" time="0.02"/>
  <testcase classname="javassist.JvstTest3" name="testNewExprTry" time="0.001"/>
  <testcase classname="javassist.JvstTest3" name="testAnnotation2" time="0.01"/>
  <testcase classname="javassist.JvstTest3" name="testAnnotation" time="0.001"/>
  <testcase classname="javassist.JvstTest3" name="testAnnotation3" time="0.001"/>
  <testcase classname="javassist.JvstTest3" name="testAnnotation4" time="0.002"/>
  <testcase classname="javassist.JvstTest3" name="testAnnotation5" time="0.001"/>
  <testcase classname="javassist.JvstTest3" name="testAnnotation6" time="0.001"/>
  <testcase classname="javassist.JvstTest3" name="testChainedException" time="0.003"/>
  <testcase classname="javassist.JvstTest3" name="testInnerClassMethod" time="0.002"/>
  <testcase classname="javassist.JvstTest3" name="testCheckModifyAndPruned" time="0.001"/>
  <testcase classname="javassist.JvstTest3" name="testReplaceNew" time="0.001"/>
  <testcase classname="javassist.JvstTest3" name="testPublicInner" time="0"/>
  <testcase classname="javassist.JvstTest3" name="testConstructorToMethod" time="0.002"/>
  <testcase classname="javassist.JvstTest3" name="testUnique" time="0.001"/>
  <testcase classname="javassist.JvstTest3" name="testGetMethods" time="0"/>
  <testcase classname="javassist.JvstTest3" name="testVisiblity" time="0.001"/>
  <testcase classname="javassist.JvstTest3" name="testNewAnnotation" time="0.004"/>
  <testcase classname="javassist.JvstTest3" name="testRecursiveReplace" time="0.002"/>
  <testcase classname="javassist.JvstTest3" name="testRecursiveReplace2" time="0.001"/>
  <testcase classname="javassist.JvstTest3" name="testInnerModifier" time="0"/>
  <testcase classname="javassist.JvstTest3" name="testMethodLookup" time="0.001"/>
  <testcase classname="javassist.JvstTest3" name="testFieldAccessType" time="0.001"/>
  <testcase classname="javassist.JvstTest3" name="testGetNestedClasses" time="0"/>
  <testcase classname="javassist.JvstTest3" name="testGetParmeterAnnotations" time="0"/>
  <testcase classname="javassist.JvstTest3" name="testSetModifiers" time="0"/>
  <testcase classname="javassist.JvstTest3" name="testFieldCopy" time="0.002"/>
  <testcase classname="javassist.JvstTest3" name="testMethodRedirect" time="0.001"/>
  <testcase classname="javassist.JvstTest3" name="testMethodRedirect2" time="0.002"/>
  <testcase classname="javassist.JvstTest3" name="testClassMap" time="0"/>
  <testcase classname="javassist.JvstTest3" name="testEmptyConstructor" time="0.001"/>
  <testcase classname="javassist.JvstTest3" name="testTransformRead" time="0"/>
  <testcase classname="javassist.JvstTest3" name="testDescriptor" time="0"/>
  <testcase classname="javassist.JvstTest3" name="testLongName" time="0.001"/>
  <testcase classname="javassist.JvstTest3" name="testPackageName" time="0.001"/>
  <testcase classname="javassist.JvstTest3" name="testErasure" time="0"/>
  <testcase classname="javassist.JvstTest3" name="testFieldInitAgain" time="0.028"/>
  <testcase classname="javassist.JvstTest3" name="testCalleeBeforeAgain" time="0"/>
  <testcase classname="javassist.JvstTest3" name="testFrozen2" time="0.001"/>
  <testcase classname="javassist.JvstTest3" name="testCopyAnnotation" time="0.004"/>
  <testcase classname="javassist.JvstTest3" name="testStaticFinalField" time="0.004"/>
  <testcase classname="javassist.JvstTest3" name="testVoidReturn" time="0.002"/>
  <testcase classname="javassist.JvstTest3" name="testInsertParam0" time="0"/>
  <testcase classname="javassist.JvstTest3" name="testInsertParam" time="0.002"/>
  <testcase classname="javassist.JvstTest3" name="testInvokeinterface" time="0.002"/>
  <testcase classname="javassist.JvstTest3" name="testInvokeArrayObj" time="0.002"/>
  <testcase classname="javassist.JvstTest3" name="testJIRA63" time="0.007"/>
  <testcase classname="javassist.JvstTest3" name="testInsertBeforeType" time="0.002"/>
  <testcase classname="javassist.JvstTest3" name="testTransformNewClass" time="0.002"/>
  <testcase classname="javassist.JvstTest3" name="testInsertAfter" time="0.001"/>
  <testcase classname="javassist.JvstTest3" name="testInsertSwitch" time="0.02"/>
  <testcase classname="javassist.JvstTest3" name="testStringBuilder" time="0.001"/>
  <testcase classname="javassist.JvstTest3" name="testInheritCons" time="0.001"/>
  <testcase classname="javassist.JvstTest3" name="testAddInterfaceMethod" time="0.001"/>
  <testcase classname="javassist.JvstTest3" name="test67" time="2.201"/>
  <testcase classname="javassist.JvstTest3" name="testEmptyCatch" time="0"/>
  <testcase classname="javassist.JvstTest4" name="testMakeMethod" time="0.001"/>
  <testcase classname="javassist.JvstTest4" name="testCodeConv" time="0.001"/>
  <testcase classname="javassist.JvstTest4" name="testPackage" time="0"/>
  <testcase classname="javassist.JvstTest4" name="testInsertLocalVars" time="0.002"/>
  <testcase classname="javassist.JvstTest4" name="testAnnotationCheck" time="0.001"/>
  <testcase classname="javassist.JvstTest4" name="testClassFileWriter" time="0.002"/>
  <testcase classname="javassist.JvstTest4" name="testClassFileWriter2" time="0.001"/>
  <testcase classname="javassist.JvstTest4" name="testClassFileWriter3" time="0"/>
  <testcase classname="javassist.JvstTest4" name="testCtArray" time="0"/>
  <testcase classname="javassist.JvstTest4" name="testAnalysisType" time="0.001"/>
  <testcase classname="javassist.JvstTest4" name="testArrayType" time="0"/>
  <testcase classname="javassist.JvstTest4" name="testGetFieldDesc" time="0.001"/>
  <testcase classname="javassist.JvstTest4" name="testVarArgs" time="0"/>
  <testcase classname="javassist.JvstTest4" name="testGetAllRef" time="0.001"/>
  <testcase classname="javassist.JvstTest4" name="testGetAllRefB" time="0.001"/>
  <testcase classname="javassist.JvstTest4" name="testGetAllRefC" time="0"/>
  <testcase classname="javassist.JvstTest4" name="testGetAllRefInner" time="0.001"/>
  <testcase classname="javassist.JvstTest4" name="testNestedClass" time="0"/>
  <testcase classname="javassist.JvstTest4" name="testGetClasses" time="0"/>
  <testcase classname="javassist.JvstTest4" name="testImportPac" time="0"/>
  <testcase classname="javassist.JvstTest4" name="testLength" time="0.001"/>
  <testcase classname="javassist.JvstTest4" name="testAaload" time="0"/>
  <testcase classname="javassist.JvstTest4" name="testJIRA150" time="0.321">
    <failure message="performance test (the next try may succeed): 30/ 6 &lt; 197" type="junit.framework.AssertionFailedError">junit.framework.AssertionFailedError: performance test (the next try may succeed): 30/ 6 &lt; 197
	at junit.framework.Assert.fail(Assert.java:47)
	at junit.framework.Assert.assertTrue(Assert.java:20)
	at javassist.JvstTest4.testJIRA150(JvstTest4.java:664)
</failure>
    <system-out>JIRA150: 30, 197, 88
</system-out>
  </testcase>
  <testcase classname="javassist.JvstTest4" name="testJIRA150b" time="0.363"/>
  <testcase classname="javassist.JvstTest4" name="testJIRA152" time="0.004"/>
  <testcase classname="javassist.JvstTest4" name="testJIRA151" time="0"/>
  <testcase classname="javassist.JvstTest4" name="testJIRA166" time="0.002"/>
  <testcase classname="javassist.JvstTest4" name="testGenericSignature" time="0.003"/>
  <testcase classname="javassist.JvstTest4" name="testJIRA171" time="0"/>
  <testcase classname="javassist.JvstTest4" name="testAfter" time="0.002"/>
  <testcase classname="javassist.JvstTest4" name="testJIRA186" time="0.001"/>
  <testcase classname="javassist.JvstTest4" name="testMultipleCatch" time="0.001"/>
  <testcase classname="javassist.JvstTest4" name="testLocalVariableTypeTable" time="0"/>
  <testcase classname="javassist.JvstTest4" name="testAnnotationWithGenerics" time="0.003"/>
  <testcase classname="javassist.JvstTest4" name="testJIRA195" time="0"/>
  <testcase classname="javassist.JvstTest4" name="testJIRA188" time="0.001"/>
  <testcase classname="javassist.JvstTest4" name="testJIRA158" time="0"/>
  <testcase classname="javassist.JvstTest4" name="testJIRA207" time="0.001"/>
  <testcase classname="javassist.JvstTest4" name="testJIRA212" time="0.001"/>
  <testcase classname="javassist.JvstTest4" name="testWhileTrueKO" time="0"/>
  <testcase classname="javassist.JvstTest4" name="testWhileTrueOK" time="0.001"/>
  <testcase classname="javassist.JvstTest4" name="testMethodParameters" time="0"/>
  <testcase classname="javassist.JvstTest4" name="testStaticInterfaceMethods" time="0"/>
  <testcase classname="javassist.JvstTest4" name="testDeadcode" time="0.001"/>
  <testcase classname="javassist.JvstTest4" name="testAnnArg" time="0.001"/>
  <testcase classname="javassist.JvstTest4" name="testDeclaredMethods" time="0"/>
  <testcase classname="javassist.JvstTest4" name="testAnnotationLoader" time="0.001"/>
  <testcase classname="javassist.JvstTest4" name="testNewRemover" time="0.001"/>
  <testcase classname="javassist.JvstTest4" name="testJIRA93" time="0.001"/>
  <testcase classname="javassist.JvstTest4" name="testInsGap" time="0.007"/>
  <testcase classname="javassist.JvstTest4" name="testRename" time="0.001"/>
  <testcase classname="javassist.JvstTest4" name="testCodeConv2" time="0.001"/>
  <testcase classname="javassist.JvstTest4" name="testRename2" time="0"/>
  <testcase classname="javassist.JvstTest5" name="testTypeAnno" time="0.004"/>
  <testcase classname="javassist.JvstTest5" name="testDollarClassInStaticMethod" time="0"/>
  <testcase classname="javassist.JvstTest5" name="testSuperDefaultMethodCall" time="0.002"/>
  <testcase classname="javassist.LoaderTestByRandall" name="testLoadBadClass" time="0"/>
  <testcase classname="javassist.LoaderTestByRandall" name="testLoadGoodClass" time="0.001"/>
  <testcase classname="javassist.LoaderTestByRandall" name="testLoadGoodClassByDelegation" time="0"/>
  <testcase classname="javassist.LoaderTestByRandall" name="testLoadBadClassByDelegation" time="0"/>
  <testcase classname="javassist.LoaderTestByRandall" name="testLoadBadCodeModification" time="0"/>
  <testcase classname="javassist.bytecode.BytecodeTest" name="testDescriptor" time="0.001"/>
  <testcase classname="javassist.bytecode.BytecodeTest" name="testRename" time="0"/>
  <testcase classname="javassist.bytecode.BytecodeTest" name="testByteVector" time="0"/>
  <testcase classname="javassist.bytecode.BytecodeTest" name="testLongVector" time="0.001"/>
  <testcase classname="javassist.bytecode.BytecodeTest" name="testClone" time="0"/>
  <testcase classname="javassist.bytecode.BytecodeTest" name="test2byteLocalVar" time="0"/>
  <testcase classname="javassist.bytecode.BytecodeTest" name="testBytecode" time="0"/>
  <testcase classname="javassist.bytecode.BytecodeTest" name="testBytecode2" time="0"/>
  <testcase classname="javassist.bytecode.BytecodeTest" name="testDescriptor2" time="0"/>
  <testcase classname="javassist.bytecode.BytecodeTest" name="testLineNumberAttribute" time="0.003"/>
  <testcase classname="javassist.bytecode.BytecodeTest" name="testRenameClass" time="0"/>
  <testcase classname="javassist.bytecode.BytecodeTest" name="testDeprecatedAttribute" time="0"/>
  <testcase classname="javassist.bytecode.BytecodeTest" name="testLocalVarAttribute" time="0.001"/>
  <testcase classname="javassist.bytecode.BytecodeTest" name="testAnnotations" time="0"/>
  <testcase classname="javassist.bytecode.BytecodeTest" name="testAnnotations2" time="0.001"/>
  <testcase classname="javassist.bytecode.BytecodeTest" name="testAddClassInfo" time="0"/>
  <testcase classname="javassist.bytecode.BytecodeTest" name="testSignature" time="0"/>
  <testcase classname="javassist.bytecode.BytecodeTest" name="testSignatureChange" time="0.001"/>
  <testcase classname="javassist.bytecode.BytecodeTest" name="testSignatureEncode" time="0"/>
  <testcase classname="javassist.bytecode.BytecodeTest" name="testModifiers" time="0"/>
  <testcase classname="javassist.bytecode.BytecodeTest" name="testByteStream" time="0"/>
  <testcase classname="javassist.bytecode.BytecodeTest" name="testByteStreamUtf" time="0"/>
  <testcase classname="javassist.bytecode.BytecodeTest" name="testConstInfos" time="0.001"/>
  <testcase classname="javassist.bytecode.BytecodeTest" name="testConstInfoAdd" time="0"/>
  <testcase classname="javassist.bytecode.BytecodeTest" name="testRenameInConstPool" time="0"/>
  <testcase classname="javassist.bytecode.BytecodeTest" name="testInvokeDynamic" time="0.003"/>
  <testcase classname="javassist.bytecode.StackMapTest" name="testCommonSuper" time="0.003"/>
  <testcase classname="javassist.bytecode.StackMapTest" name="testRebuild" time="0.001"/>
  <testcase classname="javassist.bytecode.StackMapTest" name="testRebuild2" time="0"/>
  <testcase classname="javassist.bytecode.StackMapTest" name="testRebuild3" time="0.001"/>
  <testcase classname="javassist.bytecode.StackMapTest" name="testRebuildArray" time="0.002"/>
  <testcase classname="javassist.bytecode.StackMapTest" name="testRebuildConstructor" time="0.001"/>
  <testcase classname="javassist.bytecode.StackMapTest" name="testSwitchCase" time="0.002"/>
  <testcase classname="javassist.bytecode.StackMapTest" name="testRebuildConstructor2" time="0"/>
  <testcase classname="javassist.bytecode.StackMapTest" name="testSwitchCase2" time="0.002"/>
  <testcase classname="javassist.bytecode.StackMapTest" name="testSwitchCase3" time="0.001"/>
  <testcase classname="javassist.bytecode.StackMapTest" name="testSwitchCase4" time="0.002"/>
  <testcase classname="javassist.bytecode.StackMapTest" name="testInnerClass" time="0"/>
  <testcase classname="javassist.bytecode.StackMapTest" name="testConstructor3" time="0.001"/>
  <testcase classname="javassist.bytecode.StackMapTest" name="testJIRA175" time="0.001"/>
  <testcase classname="javassist.bytecode.StackMapTest" name="testJIRA175b" time="0"/>
  <testcase classname="javassist.bytecode.StackMapTest" name="testForHibernate" time="0"/>
  <testcase classname="javassist.bytecode.StackMapTest" name="testCommonSuperclass" time="0.001"/>
  <testcase classname="javassist.bytecode.StackMapTest" name="testJsr" time="0"/>
  <testcase classname="javassist.compiler.CompTest" name="testCast" time="0.001"/>
  <testcase classname="javassist.compiler.CompTest" name="testStaticMember" time="0"/>
  <testcase classname="javassist.compiler.CompTest" name="testStaticMember2" time="0"/>
  <testcase classname="javassist.compiler.CompTest" name="testRecordLocalVar" time="0"/>
  <testcase classname="javassist.compiler.CompTest" name="testArgTypesToString" time="0"/>
  <testcase classname="javassist.compiler.CompTest" name="testDoubleConst" time="0"/>
  <testcase classname="javassist.SetterTest" name="testStaticFieldGetter" time="0"/>
  <testcase classname="javassist.SetterTest" name="testStaticFieldGetterSetter" time="0"/>
  <testcase classname="javassist.SetterTest" name="testFieldGetter" time="0"/>
  <testcase classname="javassist.SetterTest" name="testFieldGetterSetter" time="0.001"/>
  <testcase classname="javassist.bytecode.InsertGap0" name="testExample" time="0.001"/>
  <testcase classname="javassist.bytecode.InsertGap0" name="testExample2" time="0.001"/>
  <testcase classname="javassist.tools.reflect.LoaderTest" name="testAttemptReflectInterface" time="0.001"/>
  <testcase classname="javassist.tools.reflect.LoaderTest" name="testAttemptReflectClassMetaobject" time="0"/>
  <testcase classname="javassist.tools.reflect.LoaderTest" name="testAttemptReflectMetaobject" time="0.002"/>
  <testcase classname="javassist.tools.reflect.LoaderTest" name="testFinalMethod" time="0.005"/>
  <testcase classname="testproxy.ProxyTester" name="testConstructor" time="0.005"/>
  <testcase classname="testproxy.ProxyTester" name="testInterface" time="0.001"/>
  <testcase classname="testproxy.ProxyTester" name="testObject" time="0"/>
  <testcase classname="testproxy.ProxyTester" name="testTarget" time="0.003"/>
  <testcase classname="testproxy.ProxyTester" name="testTarget1" time="0"/>
  <testcase classname="testproxy.ProxyTester" name="testSetter" time="0.003"/>
  <testcase classname="testproxy.ProxyTester" name="testString" time="0"/>
  <testcase classname="testproxy.ProxyTester" name="test2Interfaces" time="0.001"/>
  <testcase classname="testproxy.ProxyTester" name="testFilter" time="0"/>
  <testcase classname="testproxy.ProxyTester" name="testInit" time="0.001"/>
  <testcase classname="testproxy.ProxyTester" name="testCreate" time="0.001"/>
  <testcase classname="testproxy.ProxyTester" name="testBridgeMethod" time="0.001"/>
  <testcase classname="testproxy.ProxyTester" name="testGetters" time="0"/>
  <testcase classname="testproxy.ProxyTester" name="testProvider" time="0"/>
  <testcase classname="testproxy.ProxyTester" name="testCache" time="0.003"/>
  <testcase classname="testproxy.ProxyTester" name="testReadWrite" time="0.017"/>
  <testcase classname="testproxy.ProxyTester" name="testWriteReplace" time="0.001"/>
  <testcase classname="testproxy.ProxyTester" name="testJIRA189" time="0.001"/>
  <testcase classname="testproxy.ProxyTester" name="testJIRA127" time="0.001"/>
  <testcase classname="testproxy.ProxyFactoryPerformanceTest" name="testJavassist" time="2.803"/>
  <testcase classname="javassist.proxyfactory.ProxyFactoryTest" name="testMethodHandlers" time="0.002"/>
  <testcase classname="javassist.proxyfactory.ProxyFactoryTest" name="testSerialize" time="0.004"/>
  <testcase classname="javassist.proxyfactory.ProxyFactoryTest" name="testJira127" time="0.002"/>
  <testcase classname="javassist.proxyfactory.Tester" name="test2" time="0.006"/>
  <testcase classname="javassist.proxyfactory.Tester" name="test" time="0"/>
  <testcase classname="test.javassist.proxy.ProxySerializationTest" name="testSerialization" time="0.006"/>
  <testcase classname="test.javassist.convert.ArrayAccessReplaceTest" name="testObject" time="0.009"/>
  <testcase classname="test.javassist.convert.ArrayAccessReplaceTest" name="testBoolean" time="0.001"/>
  <testcase classname="test.javassist.convert.ArrayAccessReplaceTest" name="testByte" time="0.002"/>
  <testcase classname="test.javassist.convert.ArrayAccessReplaceTest" name="testShort" time="0.001"/>
  <testcase classname="test.javassist.convert.ArrayAccessReplaceTest" name="testComplex" time="0.012"/>
  <testcase classname="test.javassist.convert.ArrayAccessReplaceTest" name="testChar" time="0.001"/>
  <testcase classname="test.javassist.convert.ArrayAccessReplaceTest" name="testInt" time="0"/>
  <testcase classname="test.javassist.convert.ArrayAccessReplaceTest" name="testLong" time="0.002"/>
  <testcase classname="test.javassist.convert.ArrayAccessReplaceTest" name="testFloat" time="0.001"/>
  <testcase classname="test.javassist.convert.ArrayAccessReplaceTest" name="testDouble" time="0.001"/>
  <testcase classname="test.javassist.convert.ArrayAccessReplaceTest" name="testFoo" time="0.002"/>
  <testcase classname="test.javassist.convert.ArrayAccessReplaceTest" name="testMulti" time="0.001"/>
  <testcase classname="test.javassist.proxy.JASSIST113RegressionTest" name="testProxyFactoryWithNonPublicInterface" time="0.001"/>
  <testcase classname="test.javassist.proxy.JBPAPP9257Test" name="testGetHandler" time="0.001"/>
  <testcase classname="test.javassist.proxy.JBPAPP9257Test" name="testGetHandler2" time="0.001"/>
  <testcase classname="test.javassist.proxy.ProxyCacheGCTest" name="testCacheGC" time="7.349"/>
  <testcase classname="test.javassist.proxy.ProxyFactoryCompatibilityTest" name="testFactoryCompatibility" time="0.002"/>
  <testcase classname="test.javassist.proxy.ProxySerializationTest" name="testSerialization" time="0.001"/>
  <testcase classname="test.javassist.proxy.ProxySimpleTest" name="testReadWrite" time="0.009"/>
  <testcase classname="test.javassist.proxy.ProxySimpleTest" name="testWriteReplace" time="0.001"/>
  <testcase classname="test.javassist.proxy.ProxySimpleTest" name="testProxyFactory" time="0.001"/>
  <testcase classname="test.javassist.bytecode.analysis.AnalyzerTest" name="testCommonSupperArray" time="0.001"/>
  <testcase classname="test.javassist.bytecode.analysis.AnalyzerTest" name="testCommonInterfaceArray" time="0.001"/>
  <testcase classname="test.javassist.bytecode.analysis.AnalyzerTest" name="testSharedInterfaceAndSuperClass" time="0"/>
  <testcase classname="test.javassist.bytecode.analysis.AnalyzerTest" name="testArrayDifferentDims" time="0.001"/>
  <testcase classname="test.javassist.bytecode.analysis.AnalyzerTest" name="testReusedLocalMerge" time="0"/>
  <testcase classname="test.javassist.bytecode.analysis.AnalyzerTest" name="testDeadCode" time="0"/>
  <testcase classname="test.javassist.bytecode.analysis.AnalyzerTest" name="testInvalidCode" time="0"/>
  <testcase classname="test.javassist.bytecode.analysis.AnalyzerTest" name="testCodeFalloff" time="0.001"/>
  <testcase classname="test.javassist.bytecode.analysis.AnalyzerTest" name="testJsrMerge" time="0"/>
  <testcase classname="test.javassist.bytecode.analysis.AnalyzerTest" name="testJsrMerge2" time="0"/>
  <testcase classname="test.javassist.convert.ArrayAccessReplaceTest" name="testObject" time="0.002"/>
  <testcase classname="test.javassist.convert.ArrayAccessReplaceTest" name="testBoolean" time="0.001"/>
  <testcase classname="test.javassist.convert.ArrayAccessReplaceTest" name="testByte" time="0.001"/>
  <testcase classname="test.javassist.convert.ArrayAccessReplaceTest" name="testShort" time="0.001"/>
  <testcase classname="test.javassist.convert.ArrayAccessReplaceTest" name="testComplex" time="0.004"/>
  <testcase classname="test.javassist.convert.ArrayAccessReplaceTest" name="testChar" time="0.001"/>
  <testcase classname="test.javassist.convert.ArrayAccessReplaceTest" name="testInt" time="0.001"/>
  <testcase classname="test.javassist.convert.ArrayAccessReplaceTest" name="testLong" time="0.001"/>
  <testcase classname="test.javassist.convert.ArrayAccessReplaceTest" name="testFloat" time="0.001"/>
  <testcase classname="test.javassist.convert.ArrayAccessReplaceTest" name="testDouble" time="0.001"/>
  <testcase classname="test.javassist.convert.ArrayAccessReplaceTest" name="testFoo" time="0"/>
  <testcase classname="test.javassist.convert.ArrayAccessReplaceTest" name="testMulti" time="0"/>
  <testcase classname="test.javassist.bytecode.analysis.DomTreeTest" name="test1" time="0"/>
  <testcase classname="test.javassist.bytecode.analysis.DomTreeTest" name="testDomtree" time="0.002"/>
  <testcase classname="test.javassist.bytecode.analysis.DomTreeTest" name="testDomtree2" time="0"/>
  <testcase classname="test.javassist.bytecode.analysis.DomTreeTest" name="testDomtree3" time="0.001"/>
</testsuite>