<?xml version="1.0" encoding="UTF-8"?>
<testsuite xmlns:xsi="http://www.w3.org/2001/XMLSchema-instance" xsi:schemaLocation="https://maven.apache.org/surefire/maven-surefire-plugin/xsd/surefire-test-report.xsd" name="org.apache.commons.codec.digest.MessageDigestAlgorithmsTest" time="2.968" tests="66" errors="0" skipped="24" failures="0">
  <properties>
    <property name="java.runtime.name" value="OpenJDK Runtime Environment"/>
    <property name="sun.boot.library.path" value="/usr/local/openjdk-8/jre/lib/amd64"/>
    <property name="java.vm.version" value="25.262-b10"/>
    <property name="animal.sniffer.skip" value="true"/>
    <property name="java.vm.vendor" value="Oracle Corporation"/>
    <property name="maven.multiModuleProjectDirectory" value="/tmp/tmpj6dd5zvm/commons-codec"/>
    <property name="maven.javadoc.skip" value="true"/>
    <property name="java.vendor.url" value="http://java.oracle.com/"/>
    <property name="path.separator" value=":"/>
    <property name="guice.disable.misplaced.annotation.check" value="true"/>
    <property name="java.vm.name" value="OpenJDK 64-Bit Server VM"/>
    <property name="file.encoding.pkg" value="sun.io"/>
    <property name="sun.java.launcher" value="SUN_STANDARD"/>
    <property name="sun.os.patch.level" value="unknown"/>
    <property name="source.skip" value="true"/>
    <property name="java.vm.specification.name" value="Java Virtual Machine Specification"/>
    <property name="user.dir" value="/tmp/tmpj6dd5zvm/commons-codec"/>
    <property name="java.runtime.version" value="1.8.0_262-b10"/>
    <property name="java.awt.graphicsenv" value="sun.awt.X11GraphicsEnvironment"/>
    <property name="java.endorsed.dirs" value="/usr/local/openjdk-8/jre/lib/endorsed"/>
    <property name="os.arch" value="amd64"/>
    <property name="java.io.tmpdir" value="/tmp"/>
    <property name="line.separator" value="&#10;"/>
    <property name="java.vm.specification.vendor" value="Oracle Corporation"/>
    <property name="os.name" value="Linux"/>
    <property name="classworlds.conf" value="/usr/share/maven/bin/m2.conf"/>
    <property name="maven.test.error.ignore" value="true"/>
    <property name="sun.jnu.encoding" value="UTF-8"/>
    <property name="java.library.path" value="/usr/java/packages/lib/amd64:/usr/lib64:/lib64:/lib:/usr/lib"/>
    <property name="license.skip" value="true"/>
    <property name="maven.conf" value="/usr/share/maven/conf"/>
    <property name="java.specification.name" value="Java Platform API Specification"/>
    <property name="java.class.version" value="52.0"/>
    <property name="sun.management.compiler" value="HotSpot 64-Bit Tiered Compilers"/>
    <property name="maven.test.failure.ignore" value="true"/>
    <property name="os.version" value="4.15.0-109-generic"/>
    <property name="library.jansi.path" value="/usr/share/maven/lib/jansi-native"/>
    <property name="user.home" value="/home/jdbl"/>
    <property name="user.timezone" value="Etc/UTC"/>
    <property name="java.awt.printerjob" value="sun.print.PSPrinterJob"/>
    <property name="java.specification.version" value="1.8"/>
    <property name="file.encoding" value="UTF-8"/>
    <property name="user.name" value="jdbl"/>
    <property name="java.class.path" value="/usr/share/maven/boot/plexus-classworlds-2.6.0.jar"/>
    <property name="java.vm.specification.version" value="1.8"/>
    <property name="sun.arch.data.model" value="64"/>
    <property name="java.home" value="/usr/local/openjdk-8/jre"/>
    <property name="sun.java.command" value="org.codehaus.plexus.classworlds.launcher.Launcher package -e --fail-never -ntp -Dmaven.test.error.ignore=true -Dmaven.test.failure.ignore=true -B -Dmaven.javadoc.skip=true -Drat.skip=true -Danimal.sniffer.skip=true -Dmaven.javadoc.skip=true -Dlicense.skip=true -Dsource.skip=true"/>
    <property name="java.specification.vendor" value="Oracle Corporation"/>
    <property name="user.language" value="en"/>
    <property name="awt.toolkit" value="sun.awt.X11.XToolkit"/>
    <property name="java.vm.info" value="mixed mode"/>
    <property name="java.version" value="1.8.0_262"/>
    <property name="java.ext.dirs" value="/usr/local/openjdk-8/jre/lib/ext:/usr/java/packages/lib/ext"/>
    <property name="securerandom.source" value="file:/dev/./urandom"/>
    <property name="sun.boot.class.path" value="/usr/local/openjdk-8/jre/lib/resources.jar:/usr/local/openjdk-8/jre/lib/rt.jar:/usr/local/openjdk-8/jre/lib/sunrsasign.jar:/usr/local/openjdk-8/jre/lib/jsse.jar:/usr/local/openjdk-8/jre/lib/jce.jar:/usr/local/openjdk-8/jre/lib/charsets.jar:/usr/local/openjdk-8/jre/lib/jfr.jar:/usr/local/openjdk-8/jre/classes"/>
    <property name="java.vendor" value="Oracle Corporation"/>
    <property name="rat.skip" value="true"/>
    <property name="maven.home" value="/usr/share/maven"/>
    <property name="file.separator" value="/"/>
    <property name="java.vendor.url.bug" value="http://bugreport.sun.com/bugreport/"/>
    <property name="sun.cpu.endian" value="little"/>
    <property name="sun.io.unicode.encoding" value="UnicodeLittle"/>
    <property name="sun.cpu.isalist" value=""/>
  </properties>
  <testcase name="testDigestFile[MD2]" classname="org.apache.commons.codec.digest.MessageDigestAlgorithmsTest" time="0.515"/>
  <testcase name="testDigestInputStream[MD2]" classname="org.apache.commons.codec.digest.MessageDigestAlgorithmsTest" time="0.44"/>
  <testcase name="testGetMessageDigest[MD2]" classname="org.apache.commons.codec.digest.MessageDigestAlgorithmsTest" time="0.007"/>
  <testcase name="testDigestByteBuffer[MD2]" classname="org.apache.commons.codec.digest.MessageDigestAlgorithmsTest" time="0.424"/>
  <testcase name="testAlgorithm[MD2]" classname="org.apache.commons.codec.digest.MessageDigestAlgorithmsTest" time="0.007"/>
  <testcase name="testDigestByteArray[MD2]" classname="org.apache.commons.codec.digest.MessageDigestAlgorithmsTest" time="0.442"/>
  <testcase name="testDigestFile[MD5]" classname="org.apache.commons.codec.digest.MessageDigestAlgorithmsTest" time="0.018"/>
  <testcase name="testDigestInputStream[MD5]" classname="org.apache.commons.codec.digest.MessageDigestAlgorithmsTest" time="0.018"/>
  <testcase name="testGetMessageDigest[MD5]" classname="org.apache.commons.codec.digest.MessageDigestAlgorithmsTest" time="0.01"/>
  <testcase name="testDigestByteBuffer[MD5]" classname="org.apache.commons.codec.digest.MessageDigestAlgorithmsTest" time="0.017"/>
  <testcase name="testAlgorithm[MD5]" classname="org.apache.commons.codec.digest.MessageDigestAlgorithmsTest" time="0.007"/>
  <testcase name="testDigestByteArray[MD5]" classname="org.apache.commons.codec.digest.MessageDigestAlgorithmsTest" time="0.018"/>
  <testcase name="testDigestFile[SHA-1]" classname="org.apache.commons.codec.digest.MessageDigestAlgorithmsTest" time="0.063"/>
  <testcase name="testDigestInputStream[SHA-1]" classname="org.apache.commons.codec.digest.MessageDigestAlgorithmsTest" time="0.024"/>
  <testcase name="testGetMessageDigest[SHA-1]" classname="org.apache.commons.codec.digest.MessageDigestAlgorithmsTest" time="0.009"/>
  <testcase name="testDigestByteBuffer[SHA-1]" classname="org.apache.commons.codec.digest.MessageDigestAlgorithmsTest" time="0.029"/>
  <testcase name="testAlgorithm[SHA-1]" classname="org.apache.commons.codec.digest.MessageDigestAlgorithmsTest" time="0.008"/>
  <testcase name="testDigestByteArray[SHA-1]" classname="org.apache.commons.codec.digest.MessageDigestAlgorithmsTest" time="0.028"/>
  <testcase name="testDigestFile[SHA-224]" classname="org.apache.commons.codec.digest.MessageDigestAlgorithmsTest" time="0.043"/>
  <testcase name="testDigestInputStream[SHA-224]" classname="org.apache.commons.codec.digest.MessageDigestAlgorithmsTest" time="0.044"/>
  <testcase name="testGetMessageDigest[SHA-224]" classname="org.apache.commons.codec.digest.MessageDigestAlgorithmsTest" time="0.007"/>
  <testcase name="testDigestByteBuffer[SHA-224]" classname="org.apache.commons.codec.digest.MessageDigestAlgorithmsTest" time="0.033"/>
  <testcase name="testAlgorithm[SHA-224]" classname="org.apache.commons.codec.digest.MessageDigestAlgorithmsTest" time="0.009"/>
  <testcase name="testDigestByteArray[SHA-224]" classname="org.apache.commons.codec.digest.MessageDigestAlgorithmsTest" time="0.039"/>
  <testcase name="testDigestFile[SHA-256]" classname="org.apache.commons.codec.digest.MessageDigestAlgorithmsTest" time="0.043"/>
  <testcase name="testDigestInputStream[SHA-256]" classname="org.apache.commons.codec.digest.MessageDigestAlgorithmsTest" time="0.041"/>
  <testcase name="testGetMessageDigest[SHA-256]" classname="org.apache.commons.codec.digest.MessageDigestAlgorithmsTest" time="0.011"/>
  <testcase name="testDigestByteBuffer[SHA-256]" classname="org.apache.commons.codec.digest.MessageDigestAlgorithmsTest" time="0.043"/>
  <testcase name="testAlgorithm[SHA-256]" classname="org.apache.commons.codec.digest.MessageDigestAlgorithmsTest" time="0.007"/>
  <testcase name="testDigestByteArray[SHA-256]" classname="org.apache.commons.codec.digest.MessageDigestAlgorithmsTest" time="0.043"/>
  <testcase name="testDigestFile[SHA-384]" classname="org.apache.commons.codec.digest.MessageDigestAlgorithmsTest" time="0.036"/>
  <testcase name="testDigestInputStream[SHA-384]" classname="org.apache.commons.codec.digest.MessageDigestAlgorithmsTest" time="0.029"/>
  <testcase name="testGetMessageDigest[SHA-384]" classname="org.apache.commons.codec.digest.MessageDigestAlgorithmsTest" time="0.008"/>
  <testcase name="testDigestByteBuffer[SHA-384]" classname="org.apache.commons.codec.digest.MessageDigestAlgorithmsTest" time="0.03"/>
  <testcase name="testAlgorithm[SHA-384]" classname="org.apache.commons.codec.digest.MessageDigestAlgorithmsTest" time="0.009"/>
  <testcase name="testDigestByteArray[SHA-384]" classname="org.apache.commons.codec.digest.MessageDigestAlgorithmsTest" time="0.037"/>
  <testcase name="testDigestFile[SHA-512]" classname="org.apache.commons.codec.digest.MessageDigestAlgorithmsTest" time="0.036"/>
  <testcase name="testDigestInputStream[SHA-512]" classname="org.apache.commons.codec.digest.MessageDigestAlgorithmsTest" time="0.034"/>
  <testcase name="testGetMessageDigest[SHA-512]" classname="org.apache.commons.codec.digest.MessageDigestAlgorithmsTest" time="0.011"/>
  <testcase name="testDigestByteBuffer[SHA-512]" classname="org.apache.commons.codec.digest.MessageDigestAlgorithmsTest" time="0.035"/>
  <testcase name="testAlgorithm[SHA-512]" classname="org.apache.commons.codec.digest.MessageDigestAlgorithmsTest" time="0.013"/>
  <testcase name="testDigestByteArray[SHA-512]" classname="org.apache.commons.codec.digest.MessageDigestAlgorithmsTest" time="0.034"/>
  <testcase name="testDigestFile[SHA3-224]" classname="org.apache.commons.codec.digest.MessageDigestAlgorithmsTest" time="0">
    <skipped/>
  </testcase>
  <testcase name="testDigestInputStream[SHA3-224]" classname="org.apache.commons.codec.digest.MessageDigestAlgorithmsTest" time="0">
    <skipped/>
  </testcase>
  <testcase name="testGetMessageDigest[SHA3-224]" classname="org.apache.commons.codec.digest.MessageDigestAlgorithmsTest" time="0">
    <skipped/>
  </testcase>
  <testcase name="testDigestByteBuffer[SHA3-224]" classname="org.apache.commons.codec.digest.MessageDigestAlgorithmsTest" time="0">
    <skipped/>
  </testcase>
  <testcase name="testAlgorithm[SHA3-224]" classname="org.apache.commons.codec.digest.MessageDigestAlgorithmsTest" time="0">
    <skipped/>
  </testcase>
  <testcase name="testDigestByteArray[SHA3-224]" classname="org.apache.commons.codec.digest.MessageDigestAlgorithmsTest" time="0">
    <skipped/>
  </testcase>
  <testcase name="testDigestFile[SHA3-256]" classname="org.apache.commons.codec.digest.MessageDigestAlgorithmsTest" time="0">
    <skipped/>
  </testcase>
  <testcase name="testDigestInputStream[SHA3-256]" classname="org.apache.commons.codec.digest.MessageDigestAlgorithmsTest" time="0">
    <skipped/>
  </testcase>
  <testcase name="testGetMessageDigest[SHA3-256]" classname="org.apache.commons.codec.digest.MessageDigestAlgorithmsTest" time="0">
    <skipped/>
  </testcase>
  <testcase name="testDigestByteBuffer[SHA3-256]" classname="org.apache.commons.codec.digest.MessageDigestAlgorithmsTest" time="0">
    <skipped/>
  </testcase>
  <testcase name="testAlgorithm[SHA3-256]" classname="org.apache.commons.codec.digest.MessageDigestAlgorithmsTest" time="0">
    <skipped/>
  </testcase>
  <testcase name="testDigestByteArray[SHA3-256]" classname="org.apache.commons.codec.digest.MessageDigestAlgorithmsTest" time="0">
    <skipped/>
  </testcase>
  <testcase name="testDigestFile[SHA3-384]" classname="org.apache.commons.codec.digest.MessageDigestAlgorithmsTest" time="0">
    <skipped/>
  </testcase>
  <testcase name="testDigestInputStream[SHA3-384]" classname="org.apache.commons.codec.digest.MessageDigestAlgorithmsTest" time="0">
    <skipped/>
  </testcase>
  <testcase name="testGetMessageDigest[SHA3-384]" classname="org.apache.commons.codec.digest.MessageDigestAlgorithmsTest" time="0">
    <skipped/>
  </testcase>
  <testcase name="testDigestByteBuffer[SHA3-384]" classname="org.apache.commons.codec.digest.MessageDigestAlgorithmsTest" time="0">
    <skipped/>
  </testcase>
  <testcase name="testAlgorithm[SHA3-384]" classname="org.apache.commons.codec.digest.MessageDigestAlgorithmsTest" time="0">
    <skipped/>
  </testcase>
  <testcase name="testDigestByteArray[SHA3-384]" classname="org.apache.commons.codec.digest.MessageDigestAlgorithmsTest" time="0">
    <skipped/>
  </testcase>
  <testcase name="testDigestFile[SHA3-512]" classname="org.apache.commons.codec.digest.MessageDigestAlgorithmsTest" time="0">
    <skipped/>
  </testcase>
  <testcase name="testDigestInputStream[SHA3-512]" classname="org.apache.commons.codec.digest.MessageDigestAlgorithmsTest" time="0">
    <skipped/>
  </testcase>
  <testcase name="testGetMessageDigest[SHA3-512]" classname="org.apache.commons.codec.digest.MessageDigestAlgorithmsTest" time="0">
    <skipped/>
  </testcase>
  <testcase name="testDigestByteBuffer[SHA3-512]" classname="org.apache.commons.codec.digest.MessageDigestAlgorithmsTest" time="0">
    <skipped/>
  </testcase>
  <testcase name="testAlgorithm[SHA3-512]" classname="org.apache.commons.codec.digest.MessageDigestAlgorithmsTest" time="0">
    <skipped/>
  </testcase>
  <testcase name="testDigestByteArray[SHA3-512]" classname="org.apache.commons.codec.digest.MessageDigestAlgorithmsTest" time="0">
    <skipped/>
  </testcase>
</testsuite>