<?xml version="1.0" encoding="UTF-8"?>
<testsuite xmlns:xsi="http://www.w3.org/2001/XMLSchema-instance" xsi:schemaLocation="https://maven.apache.org/surefire/maven-surefire-plugin/xsd/surefire-test-report.xsd" name="org.apache.commons.codec.digest.HmacAlgorithmsTest" time="0.836" tests="96" errors="0" skipped="0" failures="0">
  <properties>
    <property name="java.runtime.name" value="OpenJDK Runtime Environment"/>
    <property name="sun.boot.library.path" value="/usr/local/openjdk-8/jre/lib/amd64"/>
    <property name="java.vm.version" value="25.262-b10"/>
    <property name="animal.sniffer.skip" value="true"/>
    <property name="java.vm.vendor" value="Oracle Corporation"/>
    <property name="maven.multiModuleProjectDirectory" value="/tmp/tmpj6dd5zvm/commons-codec"/>
    <property name="maven.javadoc.skip" value="true"/>
    <property name="java.vendor.url" value="http://java.oracle.com/"/>
    <property name="path.separator" value=":"/>
    <property name="guice.disable.misplaced.annotation.check" value="true"/>
    <property name="java.vm.name" value="OpenJDK 64-Bit Server VM"/>
    <property name="file.encoding.pkg" value="sun.io"/>
    <property name="sun.java.launcher" value="SUN_STANDARD"/>
    <property name="sun.os.patch.level" value="unknown"/>
    <property name="source.skip" value="true"/>
    <property name="java.vm.specification.name" value="Java Virtual Machine Specification"/>
    <property name="user.dir" value="/tmp/tmpj6dd5zvm/commons-codec"/>
    <property name="java.runtime.version" value="1.8.0_262-b10"/>
    <property name="java.awt.graphicsenv" value="sun.awt.X11GraphicsEnvironment"/>
    <property name="java.endorsed.dirs" value="/usr/local/openjdk-8/jre/lib/endorsed"/>
    <property name="os.arch" value="amd64"/>
    <property name="java.io.tmpdir" value="/tmp"/>
    <property name="line.separator" value="&#10;"/>
    <property name="java.vm.specification.vendor" value="Oracle Corporation"/>
    <property name="os.name" value="Linux"/>
    <property name="classworlds.conf" value="/usr/share/maven/bin/m2.conf"/>
    <property name="maven.test.error.ignore" value="true"/>
    <property name="sun.jnu.encoding" value="UTF-8"/>
    <property name="java.library.path" value="/usr/java/packages/lib/amd64:/usr/lib64:/lib64:/lib:/usr/lib"/>
    <property name="license.skip" value="true"/>
    <property name="maven.conf" value="/usr/share/maven/conf"/>
    <property name="java.specification.name" value="Java Platform API Specification"/>
    <property name="java.class.version" value="52.0"/>
    <property name="sun.management.compiler" value="HotSpot 64-Bit Tiered Compilers"/>
    <property name="maven.test.failure.ignore" value="true"/>
    <property name="os.version" value="4.15.0-109-generic"/>
    <property name="library.jansi.path" value="/usr/share/maven/lib/jansi-native"/>
    <property name="user.home" value="/home/jdbl"/>
    <property name="user.timezone" value="Etc/UTC"/>
    <property name="java.awt.printerjob" value="sun.print.PSPrinterJob"/>
    <property name="java.specification.version" value="1.8"/>
    <property name="file.encoding" value="UTF-8"/>
    <property name="user.name" value="jdbl"/>
    <property name="java.class.path" value="/usr/share/maven/boot/plexus-classworlds-2.6.0.jar"/>
    <property name="java.vm.specification.version" value="1.8"/>
    <property name="sun.arch.data.model" value="64"/>
    <property name="java.home" value="/usr/local/openjdk-8/jre"/>
    <property name="sun.java.command" value="org.codehaus.plexus.classworlds.launcher.Launcher package -e --fail-never -ntp -Dmaven.test.error.ignore=true -Dmaven.test.failure.ignore=true -B -Dmaven.javadoc.skip=true -Drat.skip=true -Danimal.sniffer.skip=true -Dmaven.javadoc.skip=true -Dlicense.skip=true -Dsource.skip=true"/>
    <property name="java.specification.vendor" value="Oracle Corporation"/>
    <property name="user.language" value="en"/>
    <property name="awt.toolkit" value="sun.awt.X11.XToolkit"/>
    <property name="java.vm.info" value="mixed mode"/>
    <property name="java.version" value="1.8.0_262"/>
    <property name="java.ext.dirs" value="/usr/local/openjdk-8/jre/lib/ext:/usr/java/packages/lib/ext"/>
    <property name="securerandom.source" value="file:/dev/./urandom"/>
    <property name="sun.boot.class.path" value="/usr/local/openjdk-8/jre/lib/resources.jar:/usr/local/openjdk-8/jre/lib/rt.jar:/usr/local/openjdk-8/jre/lib/sunrsasign.jar:/usr/local/openjdk-8/jre/lib/jsse.jar:/usr/local/openjdk-8/jre/lib/jce.jar:/usr/local/openjdk-8/jre/lib/charsets.jar:/usr/local/openjdk-8/jre/lib/jfr.jar:/usr/local/openjdk-8/jre/classes"/>
    <property name="java.vendor" value="Oracle Corporation"/>
    <property name="rat.skip" value="true"/>
    <property name="maven.home" value="/usr/share/maven"/>
    <property name="file.separator" value="/"/>
    <property name="java.vendor.url.bug" value="http://bugreport.sun.com/bugreport/"/>
    <property name="sun.cpu.endian" value="little"/>
    <property name="sun.io.unicode.encoding" value="UnicodeLittle"/>
    <property name="sun.cpu.isalist" value=""/>
  </properties>
  <testcase name="testMacInputStream[HmacMD5]" classname="org.apache.commons.codec.digest.HmacAlgorithmsTest" time="0.03"/>
  <testcase name="testMacHexInputStream[HmacMD5]" classname="org.apache.commons.codec.digest.HmacAlgorithmsTest" time="0.006"/>
  <testcase name="testMacString[HmacMD5]" classname="org.apache.commons.codec.digest.HmacAlgorithmsTest" time="0.006"/>
  <testcase name="testHmacHexFailInputStream[HmacMD5]" classname="org.apache.commons.codec.digest.HmacAlgorithmsTest" time="0.007"/>
  <testcase name="testHmacFailByteArray[HmacMD5]" classname="org.apache.commons.codec.digest.HmacAlgorithmsTest" time="0.01"/>
  <testcase name="testHmacFailString[HmacMD5]" classname="org.apache.commons.codec.digest.HmacAlgorithmsTest" time="0.007"/>
  <testcase name="testHmacHexFailByteArray[HmacMD5]" classname="org.apache.commons.codec.digest.HmacAlgorithmsTest" time="0.007"/>
  <testcase name="testGetHmacEmptyKey[HmacMD5]" classname="org.apache.commons.codec.digest.HmacAlgorithmsTest" time="0.007"/>
  <testcase name="testHmacHexFailString[HmacMD5]" classname="org.apache.commons.codec.digest.HmacAlgorithmsTest" time="0.007"/>
  <testcase name="testHmacFailInputStream[HmacMD5]" classname="org.apache.commons.codec.digest.HmacAlgorithmsTest" time="0.008"/>
  <testcase name="testInitializedMac[HmacMD5]" classname="org.apache.commons.codec.digest.HmacAlgorithmsTest" time="0.007"/>
  <testcase name="testAlgorithm[HmacMD5]" classname="org.apache.commons.codec.digest.HmacAlgorithmsTest" time="0.008"/>
  <testcase name="testGetHmacNullKey[HmacMD5]" classname="org.apache.commons.codec.digest.HmacAlgorithmsTest" time="0.007"/>
  <testcase name="testMacByteArary[HmacMD5]" classname="org.apache.commons.codec.digest.HmacAlgorithmsTest" time="0.007"/>
  <testcase name="testMacHexByteArray[HmacMD5]" classname="org.apache.commons.codec.digest.HmacAlgorithmsTest" time="0.007"/>
  <testcase name="testMacHexString[HmacMD5]" classname="org.apache.commons.codec.digest.HmacAlgorithmsTest" time="0.007"/>
  <testcase name="testMacInputStream[HmacSHA1]" classname="org.apache.commons.codec.digest.HmacAlgorithmsTest" time="0.008"/>
  <testcase name="testMacHexInputStream[HmacSHA1]" classname="org.apache.commons.codec.digest.HmacAlgorithmsTest" time="0.006"/>
  <testcase name="testMacString[HmacSHA1]" classname="org.apache.commons.codec.digest.HmacAlgorithmsTest" time="0.01"/>
  <testcase name="testHmacHexFailInputStream[HmacSHA1]" classname="org.apache.commons.codec.digest.HmacAlgorithmsTest" time="0.005"/>
  <testcase name="testHmacFailByteArray[HmacSHA1]" classname="org.apache.commons.codec.digest.HmacAlgorithmsTest" time="0.007"/>
  <testcase name="testHmacFailString[HmacSHA1]" classname="org.apache.commons.codec.digest.HmacAlgorithmsTest" time="0.007"/>
  <testcase name="testHmacHexFailByteArray[HmacSHA1]" classname="org.apache.commons.codec.digest.HmacAlgorithmsTest" time="0.007"/>
  <testcase name="testGetHmacEmptyKey[HmacSHA1]" classname="org.apache.commons.codec.digest.HmacAlgorithmsTest" time="0.008"/>
  <testcase name="testHmacHexFailString[HmacSHA1]" classname="org.apache.commons.codec.digest.HmacAlgorithmsTest" time="0.008"/>
  <testcase name="testHmacFailInputStream[HmacSHA1]" classname="org.apache.commons.codec.digest.HmacAlgorithmsTest" time="0.007"/>
  <testcase name="testInitializedMac[HmacSHA1]" classname="org.apache.commons.codec.digest.HmacAlgorithmsTest" time="0.008"/>
  <testcase name="testAlgorithm[HmacSHA1]" classname="org.apache.commons.codec.digest.HmacAlgorithmsTest" time="0.007"/>
  <testcase name="testGetHmacNullKey[HmacSHA1]" classname="org.apache.commons.codec.digest.HmacAlgorithmsTest" time="0.008"/>
  <testcase name="testMacByteArary[HmacSHA1]" classname="org.apache.commons.codec.digest.HmacAlgorithmsTest" time="0.007"/>
  <testcase name="testMacHexByteArray[HmacSHA1]" classname="org.apache.commons.codec.digest.HmacAlgorithmsTest" time="0.008"/>
  <testcase name="testMacHexString[HmacSHA1]" classname="org.apache.commons.codec.digest.HmacAlgorithmsTest" time="0.007"/>
  <testcase name="testMacInputStream[HmacSHA256]" classname="org.apache.commons.codec.digest.HmacAlgorithmsTest" time="0.01"/>
  <testcase name="testMacHexInputStream[HmacSHA256]" classname="org.apache.commons.codec.digest.HmacAlgorithmsTest" time="0.007"/>
  <testcase name="testMacString[HmacSHA256]" classname="org.apache.commons.codec.digest.HmacAlgorithmsTest" time="0.008"/>
  <testcase name="testHmacHexFailInputStream[HmacSHA256]" classname="org.apache.commons.codec.digest.HmacAlgorithmsTest" time="0.017"/>
  <testcase name="testHmacFailByteArray[HmacSHA256]" classname="org.apache.commons.codec.digest.HmacAlgorithmsTest" time="0.003"/>
  <testcase name="testHmacFailString[HmacSHA256]" classname="org.apache.commons.codec.digest.HmacAlgorithmsTest" time="0.007"/>
  <testcase name="testHmacHexFailByteArray[HmacSHA256]" classname="org.apache.commons.codec.digest.HmacAlgorithmsTest" time="0.006"/>
  <testcase name="testGetHmacEmptyKey[HmacSHA256]" classname="org.apache.commons.codec.digest.HmacAlgorithmsTest" time="0.012"/>
  <testcase name="testHmacHexFailString[HmacSHA256]" classname="org.apache.commons.codec.digest.HmacAlgorithmsTest" time="0.008"/>
  <testcase name="testHmacFailInputStream[HmacSHA256]" classname="org.apache.commons.codec.digest.HmacAlgorithmsTest" time="0.009"/>
  <testcase name="testInitializedMac[HmacSHA256]" classname="org.apache.commons.codec.digest.HmacAlgorithmsTest" time="0.015"/>
  <testcase name="testAlgorithm[HmacSHA256]" classname="org.apache.commons.codec.digest.HmacAlgorithmsTest" time="0.004"/>
  <testcase name="testGetHmacNullKey[HmacSHA256]" classname="org.apache.commons.codec.digest.HmacAlgorithmsTest" time="0.007"/>
  <testcase name="testMacByteArary[HmacSHA256]" classname="org.apache.commons.codec.digest.HmacAlgorithmsTest" time="0.009"/>
  <testcase name="testMacHexByteArray[HmacSHA256]" classname="org.apache.commons.codec.digest.HmacAlgorithmsTest" time="0.007"/>
  <testcase name="testMacHexString[HmacSHA256]" classname="org.apache.commons.codec.digest.HmacAlgorithmsTest" time="0.007"/>
  <testcase name="testMacInputStream[HmacSHA384]" classname="org.apache.commons.codec.digest.HmacAlgorithmsTest" time="0.008"/>
  <testcase name="testMacHexInputStream[HmacSHA384]" classname="org.apache.commons.codec.digest.HmacAlgorithmsTest" time="0.009"/>
  <testcase name="testMacString[HmacSHA384]" classname="org.apache.commons.codec.digest.HmacAlgorithmsTest" time="0.013"/>
  <testcase name="testHmacHexFailInputStream[HmacSHA384]" classname="org.apache.commons.codec.digest.HmacAlgorithmsTest" time="0.007"/>
  <testcase name="testHmacFailByteArray[HmacSHA384]" classname="org.apache.commons.codec.digest.HmacAlgorithmsTest" time="0.009"/>
  <testcase name="testHmacFailString[HmacSHA384]" classname="org.apache.commons.codec.digest.HmacAlgorithmsTest" time="0.009"/>
  <testcase name="testHmacHexFailByteArray[HmacSHA384]" classname="org.apache.commons.codec.digest.HmacAlgorithmsTest" time="0.013"/>
  <testcase name="testGetHmacEmptyKey[HmacSHA384]" classname="org.apache.commons.codec.digest.HmacAlgorithmsTest" time="0.008"/>
  <testcase name="testHmacHexFailString[HmacSHA384]" classname="org.apache.commons.codec.digest.HmacAlgorithmsTest" time="0.007"/>
  <testcase name="testHmacFailInputStream[HmacSHA384]" classname="org.apache.commons.codec.digest.HmacAlgorithmsTest" time="0.008"/>
  <testcase name="testInitializedMac[HmacSHA384]" classname="org.apache.commons.codec.digest.HmacAlgorithmsTest" time="0.004"/>
  <testcase name="testAlgorithm[HmacSHA384]" classname="org.apache.commons.codec.digest.HmacAlgorithmsTest" time="0.002"/>
  <testcase name="testGetHmacNullKey[HmacSHA384]" classname="org.apache.commons.codec.digest.HmacAlgorithmsTest" time="0.006"/>
  <testcase name="testMacByteArary[HmacSHA384]" classname="org.apache.commons.codec.digest.HmacAlgorithmsTest" time="0.006"/>
  <testcase name="testMacHexByteArray[HmacSHA384]" classname="org.apache.commons.codec.digest.HmacAlgorithmsTest" time="0.012"/>
  <testcase name="testMacHexString[HmacSHA384]" classname="org.apache.commons.codec.digest.HmacAlgorithmsTest" time="0"/>
  <testcase name="testMacInputStream[HmacSHA512]" classname="org.apache.commons.codec.digest.HmacAlgorithmsTest" time="0.002"/>
  <testcase name="testMacHexInputStream[HmacSHA512]" classname="org.apache.commons.codec.digest.HmacAlgorithmsTest" time="0.008"/>
  <testcase name="testMacString[HmacSHA512]" classname="org.apache.commons.codec.digest.HmacAlgorithmsTest" time="0.007"/>
  <testcase name="testHmacHexFailInputStream[HmacSHA512]" classname="org.apache.commons.codec.digest.HmacAlgorithmsTest" time="0.008"/>
  <testcase name="testHmacFailByteArray[HmacSHA512]" classname="org.apache.commons.codec.digest.HmacAlgorithmsTest" time="0.009"/>
  <testcase name="testHmacFailString[HmacSHA512]" classname="org.apache.commons.codec.digest.HmacAlgorithmsTest" time="0.012"/>
  <testcase name="testHmacHexFailByteArray[HmacSHA512]" classname="org.apache.commons.codec.digest.HmacAlgorithmsTest" time="0.011"/>
  <testcase name="testGetHmacEmptyKey[HmacSHA512]" classname="org.apache.commons.codec.digest.HmacAlgorithmsTest" time="0.007"/>
  <testcase name="testHmacHexFailString[HmacSHA512]" classname="org.apache.commons.codec.digest.HmacAlgorithmsTest" time="0.007"/>
  <testcase name="testHmacFailInputStream[HmacSHA512]" classname="org.apache.commons.codec.digest.HmacAlgorithmsTest" time="0.011"/>
  <testcase name="testInitializedMac[HmacSHA512]" classname="org.apache.commons.codec.digest.HmacAlgorithmsTest" time="0.012"/>
  <testcase name="testAlgorithm[HmacSHA512]" classname="org.apache.commons.codec.digest.HmacAlgorithmsTest" time="0.003"/>
  <testcase name="testGetHmacNullKey[HmacSHA512]" classname="org.apache.commons.codec.digest.HmacAlgorithmsTest" time="0.008"/>
  <testcase name="testMacByteArary[HmacSHA512]" classname="org.apache.commons.codec.digest.HmacAlgorithmsTest" time="0.007"/>
  <testcase name="testMacHexByteArray[HmacSHA512]" classname="org.apache.commons.codec.digest.HmacAlgorithmsTest" time="0.008"/>
  <testcase name="testMacHexString[HmacSHA512]" classname="org.apache.commons.codec.digest.HmacAlgorithmsTest" time="0.009"/>
  <testcase name="testMacInputStream[HmacSHA224]" classname="org.apache.commons.codec.digest.HmacAlgorithmsTest" time="0.009"/>
  <testcase name="testMacHexInputStream[HmacSHA224]" classname="org.apache.commons.codec.digest.HmacAlgorithmsTest" time="0.008"/>
  <testcase name="testMacString[HmacSHA224]" classname="org.apache.commons.codec.digest.HmacAlgorithmsTest" time="0.008"/>
  <testcase name="testHmacHexFailInputStream[HmacSHA224]" classname="org.apache.commons.codec.digest.HmacAlgorithmsTest" time="0.008"/>
  <testcase name="testHmacFailByteArray[HmacSHA224]" classname="org.apache.commons.codec.digest.HmacAlgorithmsTest" time="0.005"/>
  <testcase name="testHmacFailString[HmacSHA224]" classname="org.apache.commons.codec.digest.HmacAlgorithmsTest" time="0.014"/>
  <testcase name="testHmacHexFailByteArray[HmacSHA224]" classname="org.apache.commons.codec.digest.HmacAlgorithmsTest" time="0.004"/>
  <testcase name="testGetHmacEmptyKey[HmacSHA224]" classname="org.apache.commons.codec.digest.HmacAlgorithmsTest" time="0.011"/>
  <testcase name="testHmacHexFailString[HmacSHA224]" classname="org.apache.commons.codec.digest.HmacAlgorithmsTest" time="0.004"/>
  <testcase name="testHmacFailInputStream[HmacSHA224]" classname="org.apache.commons.codec.digest.HmacAlgorithmsTest" time="0.004"/>
  <testcase name="testInitializedMac[HmacSHA224]" classname="org.apache.commons.codec.digest.HmacAlgorithmsTest" time="0.008"/>
  <testcase name="testAlgorithm[HmacSHA224]" classname="org.apache.commons.codec.digest.HmacAlgorithmsTest" time="0.01"/>
  <testcase name="testGetHmacNullKey[HmacSHA224]" classname="org.apache.commons.codec.digest.HmacAlgorithmsTest" time="0.007"/>
  <testcase name="testMacByteArary[HmacSHA224]" classname="org.apache.commons.codec.digest.HmacAlgorithmsTest" time="0.012"/>
  <testcase name="testMacHexByteArray[HmacSHA224]" classname="org.apache.commons.codec.digest.HmacAlgorithmsTest" time="0.007"/>
  <testcase name="testMacHexString[HmacSHA224]" classname="org.apache.commons.codec.digest.HmacAlgorithmsTest" time="0.008"/>
</testsuite>