<?xml version="1.0" encoding="UTF-8"?>
<testsuite name="org.apache.commons.lang3.StringUtilsTest" time="0.024" tests="124" errors="0" skipped="0" failures="0">
  <properties>
    <property name="java.runtime.name" value="OpenJDK Runtime Environment"/>
    <property name="sun.boot.library.path" value="/usr/local/openjdk-8/jre/lib/amd64"/>
    <property name="java.vm.version" value="25.262-b10"/>
    <property name="animal.sniffer.skip" value="true"/>
    <property name="java.vm.vendor" value="Oracle Corporation"/>
    <property name="maven.multiModuleProjectDirectory" value="/tmp/tmplzaii12h/commons-lang"/>
    <property name="maven.javadoc.skip" value="true"/>
    <property name="java.vendor.url" value="http://java.oracle.com/"/>
    <property name="path.separator" value=":"/>
    <property name="guice.disable.misplaced.annotation.check" value="true"/>
    <property name="java.vm.name" value="OpenJDK 64-Bit Server VM"/>
    <property name="file.encoding.pkg" value="sun.io"/>
    <property name="sun.java.launcher" value="SUN_STANDARD"/>
    <property name="sun.os.patch.level" value="unknown"/>
    <property name="source.skip" value="true"/>
    <property name="java.vm.specification.name" value="Java Virtual Machine Specification"/>
    <property name="user.dir" value="/tmp/tmplzaii12h/commons-lang"/>
    <property name="java.runtime.version" value="1.8.0_262-b10"/>
    <property name="java.awt.graphicsenv" value="sun.awt.X11GraphicsEnvironment"/>
    <property name="java.endorsed.dirs" value="/usr/local/openjdk-8/jre/lib/endorsed"/>
    <property name="os.arch" value="amd64"/>
    <property name="java.io.tmpdir" value="/tmp"/>
    <property name="line.separator" value="&#10;"/>
    <property name="java.vm.specification.vendor" value="Oracle Corporation"/>
    <property name="os.name" value="Linux"/>
    <property name="classworlds.conf" value="/usr/share/maven/bin/m2.conf"/>
    <property name="maven.test.error.ignore" value="true"/>
    <property name="sun.jnu.encoding" value="UTF-8"/>
    <property name="java.library.path" value="/usr/java/packages/lib/amd64:/usr/lib64:/lib64:/lib:/usr/lib"/>
    <property name="license.skip" value="true"/>
    <property name="maven.conf" value="/usr/share/maven/conf"/>
    <property name="java.specification.name" value="Java Platform API Specification"/>
    <property name="java.class.version" value="52.0"/>
    <property name="sun.management.compiler" value="HotSpot 64-Bit Tiered Compilers"/>
    <property name="maven.test.failure.ignore" value="true"/>
    <property name="os.version" value="4.15.0-109-generic"/>
    <property name="library.jansi.path" value="/usr/share/maven/lib/jansi-native"/>
    <property name="user.home" value="/home/jdbl"/>
    <property name="user.timezone" value="Etc/UTC"/>
    <property name="java.awt.printerjob" value="sun.print.PSPrinterJob"/>
    <property name="java.specification.version" value="1.8"/>
    <property name="file.encoding" value="UTF-8"/>
    <property name="user.name" value="jdbl"/>
    <property name="java.class.path" value="/usr/share/maven/boot/plexus-classworlds-2.6.0.jar"/>
    <property name="java.vm.specification.version" value="1.8"/>
    <property name="sun.arch.data.model" value="64"/>
    <property name="java.home" value="/usr/local/openjdk-8/jre"/>
    <property name="sun.java.command" value="org.codehaus.plexus.classworlds.launcher.Launcher package -e --fail-never -ntp -Dmaven.test.error.ignore=true -Dmaven.test.failure.ignore=true -B -Dmaven.javadoc.skip=true -Drat.skip=true -Danimal.sniffer.skip=true -Dmaven.javadoc.skip=true -Dlicense.skip=true -Dsource.skip=true"/>
    <property name="java.specification.vendor" value="Oracle Corporation"/>
    <property name="user.language" value="en"/>
    <property name="awt.toolkit" value="sun.awt.X11.XToolkit"/>
    <property name="java.vm.info" value="mixed mode"/>
    <property name="java.version" value="1.8.0_262"/>
    <property name="java.ext.dirs" value="/usr/local/openjdk-8/jre/lib/ext:/usr/java/packages/lib/ext"/>
    <property name="securerandom.source" value="file:/dev/./urandom"/>
    <property name="sun.boot.class.path" value="/usr/local/openjdk-8/jre/lib/resources.jar:/usr/local/openjdk-8/jre/lib/rt.jar:/usr/local/openjdk-8/jre/lib/sunrsasign.jar:/usr/local/openjdk-8/jre/lib/jsse.jar:/usr/local/openjdk-8/jre/lib/jce.jar:/usr/local/openjdk-8/jre/lib/charsets.jar:/usr/local/openjdk-8/jre/lib/jfr.jar:/usr/local/openjdk-8/jre/classes"/>
    <property name="java.vendor" value="Oracle Corporation"/>
    <property name="rat.skip" value="true"/>
    <property name="maven.home" value="/usr/share/maven"/>
    <property name="file.separator" value="/"/>
    <property name="java.vendor.url.bug" value="http://bugreport.sun.com/bugreport/"/>
    <property name="sun.cpu.endian" value="little"/>
    <property name="sun.io.unicode.encoding" value="UnicodeLittle"/>
    <property name="sun.cpu.isalist" value=""/>
  </properties>
  <testcase name="testJoin_IterableChar" classname="org.apache.commons.lang3.StringUtilsTest" time="0"/>
  <testcase name="testRightPad_StringInt" classname="org.apache.commons.lang3.StringUtilsTest" time="0"/>
  <testcase name="testRemovePattern" classname="org.apache.commons.lang3.StringUtilsTest" time="0.001"/>
  <testcase name="testDeleteWhitespace_String" classname="org.apache.commons.lang3.StringUtilsTest" time="0"/>
  <testcase name="testRemove_String" classname="org.apache.commons.lang3.StringUtilsTest" time="0"/>
  <testcase name="testJoin_ArrayOfShorts" classname="org.apache.commons.lang3.StringUtilsTest" time="0"/>
  <testcase name="testIsAnyBlank" classname="org.apache.commons.lang3.StringUtilsTest" time="0"/>
  <testcase name="testIsAnyEmpty" classname="org.apache.commons.lang3.StringUtilsTest" time="0"/>
  <testcase name="testGetFuzzyDistance" classname="org.apache.commons.lang3.StringUtilsTest" time="0"/>
  <testcase name="testGetFuzzyDistance_NullStringLocale" classname="org.apache.commons.lang3.StringUtilsTest" time="0"/>
  <testcase name="testDifferenceAt_StringString" classname="org.apache.commons.lang3.StringUtilsTest" time="0"/>
  <testcase name="testSplitByCharacterType" classname="org.apache.commons.lang3.StringUtilsTest" time="0"/>
  <testcase name="testLengthStringBuffer" classname="org.apache.commons.lang3.StringUtilsTest" time="0"/>
  <testcase name="testNormalizeSpace" classname="org.apache.commons.lang3.StringUtilsTest" time="0"/>
  <testcase name="testJoin_ArrayOfInts" classname="org.apache.commons.lang3.StringUtilsTest" time="0"/>
  <testcase name="testDifferenceAt_StringArray" classname="org.apache.commons.lang3.StringUtilsTest" time="0"/>
  <testcase name="testRepeat_StringStringInt" classname="org.apache.commons.lang3.StringUtilsTest" time="0.001"/>
  <testcase name="testGetLevenshteinDistance_NullStringInt" classname="org.apache.commons.lang3.StringUtilsTest" time="0"/>
  <testcase name="testGetJaroWinklerDistance_NullNull" classname="org.apache.commons.lang3.StringUtilsTest" time="0"/>
  <testcase name="testOverlay_StringStringIntInt" classname="org.apache.commons.lang3.StringUtilsTest" time="0"/>
  <testcase name="testDefaultIfBlank_StringString" classname="org.apache.commons.lang3.StringUtilsTest" time="0"/>
  <testcase name="testJoin_ArrayString" classname="org.apache.commons.lang3.StringUtilsTest" time="0"/>
  <testcase name="testReplacePattern" classname="org.apache.commons.lang3.StringUtilsTest" time="0"/>
  <testcase name="testPrependIfMissing" classname="org.apache.commons.lang3.StringUtilsTest" time="0"/>
  <testcase name="testIsAllLowerCase" classname="org.apache.commons.lang3.StringUtilsTest" time="0"/>
  <testcase name="testLANG666" classname="org.apache.commons.lang3.StringUtilsTest" time="0"/>
  <testcase name="testReverseDelimited_StringChar" classname="org.apache.commons.lang3.StringUtilsTest" time="0"/>
  <testcase name="testEscapeSurrogatePairs" classname="org.apache.commons.lang3.StringUtilsTest" time="0"/>
  <testcase name="testChomp" classname="org.apache.commons.lang3.StringUtilsTest" time="0"/>
  <testcase name="testEMPTY" classname="org.apache.commons.lang3.StringUtilsTest" time="0"/>
  <testcase name="testChop" classname="org.apache.commons.lang3.StringUtilsTest" time="0"/>
  <testcase name="testToString" classname="org.apache.commons.lang3.StringUtilsTest" time="0.001"/>
  <testcase name="testGetJaroWinklerDistance_StringString" classname="org.apache.commons.lang3.StringUtilsTest" time="0.001"/>
  <testcase name="testJoin_IterableString" classname="org.apache.commons.lang3.StringUtilsTest" time="0"/>
  <testcase name="testDefaultIfEmpty_CharBuffers" classname="org.apache.commons.lang3.StringUtilsTest" time="0"/>
  <testcase name="testSplitPreserveAllTokens_StringString_StringStringInt" classname="org.apache.commons.lang3.StringUtilsTest" time="0.007"/>
  <testcase name="testJoin_ArrayCharSeparator" classname="org.apache.commons.lang3.StringUtilsTest" time="0.001"/>
  <testcase name="testDefaultIfBlank_StringBuffers" classname="org.apache.commons.lang3.StringUtilsTest" time="0"/>
  <testcase name="testRemoveStart" classname="org.apache.commons.lang3.StringUtilsTest" time="0"/>
  <testcase name="testRemove_char" classname="org.apache.commons.lang3.StringUtilsTest" time="0"/>
  <testcase name="testReplaceChars_StringCharChar" classname="org.apache.commons.lang3.StringUtilsTest" time="0"/>
  <testcase name="testAbbreviateMiddle" classname="org.apache.commons.lang3.StringUtilsTest" time="0"/>
  <testcase name="testIsAllUpperCase" classname="org.apache.commons.lang3.StringUtilsTest" time="0"/>
  <testcase name="testRemoveEndIgnoreCase" classname="org.apache.commons.lang3.StringUtilsTest" time="0"/>
  <testcase name="testAppendIfMissingIgnoreCase" classname="org.apache.commons.lang3.StringUtilsTest" time="0"/>
  <testcase name="testWrap_StringString" classname="org.apache.commons.lang3.StringUtilsTest" time="0"/>
  <testcase name="testToEncodedString" classname="org.apache.commons.lang3.StringUtilsTest" time="0"/>
  <testcase name="testCenter_StringIntChar" classname="org.apache.commons.lang3.StringUtilsTest" time="0"/>
  <testcase name="testDefaultIfEmpty_StringBuffers" classname="org.apache.commons.lang3.StringUtilsTest" time="0"/>
  <testcase name="testReplaceChars_StringStringString" classname="org.apache.commons.lang3.StringUtilsTest" time="0"/>
  <testcase name="testGetLevenshteinDistance_StringNullInt" classname="org.apache.commons.lang3.StringUtilsTest" time="0.001"/>
  <testcase name="testLeftPad_StringIntString" classname="org.apache.commons.lang3.StringUtilsTest" time="0"/>
  <testcase name="testLang623" classname="org.apache.commons.lang3.StringUtilsTest" time="0"/>
  <testcase name="testAppendIfMissing" classname="org.apache.commons.lang3.StringUtilsTest" time="0"/>
  <testcase name="testSplitPreserveAllTokens_StringChar" classname="org.apache.commons.lang3.StringUtilsTest" time="0"/>
  <testcase name="testGetLevenshteinDistance_StringStringInt" classname="org.apache.commons.lang3.StringUtilsTest" time="0"/>
  <testcase name="testDefaultIfEmpty_StringString" classname="org.apache.commons.lang3.StringUtilsTest" time="0"/>
  <testcase name="testUnescapeSurrogatePairs" classname="org.apache.commons.lang3.StringUtilsTest" time="0"/>
  <testcase name="testGetJaroWinklerDistance_NullString" classname="org.apache.commons.lang3.StringUtilsTest" time="0"/>
  <testcase name="testCenter_StringInt" classname="org.apache.commons.lang3.StringUtilsTest" time="0"/>
  <testcase name="testLength_CharBuffer" classname="org.apache.commons.lang3.StringUtilsTest" time="0"/>
  <testcase name="testGetCommonPrefix_StringArray" classname="org.apache.commons.lang3.StringUtilsTest" time="0"/>
  <testcase name="testSplit_String" classname="org.apache.commons.lang3.StringUtilsTest" time="0"/>
  <testcase name="testLengthString" classname="org.apache.commons.lang3.StringUtilsTest" time="0"/>
  <testcase name="testDefault_String" classname="org.apache.commons.lang3.StringUtilsTest" time="0"/>
  <testcase name="testLeftPad_StringIntChar" classname="org.apache.commons.lang3.StringUtilsTest" time="0.001"/>
  <testcase name="testIsNotBlank" classname="org.apache.commons.lang3.StringUtilsTest" time="0"/>
  <testcase name="testIsNotEmpty" classname="org.apache.commons.lang3.StringUtilsTest" time="0"/>
  <testcase name="testRepeat_StringInt" classname="org.apache.commons.lang3.StringUtilsTest" time="0"/>
  <testcase name="testAbbreviate_StringInt" classname="org.apache.commons.lang3.StringUtilsTest" time="0.001"/>
  <testcase name="testDefaultIfBlank_StringBuilders" classname="org.apache.commons.lang3.StringUtilsTest" time="0"/>
  <testcase name="testDefault_StringString" classname="org.apache.commons.lang3.StringUtilsTest" time="0"/>
  <testcase name="testGetLevenshteinDistance_NullString" classname="org.apache.commons.lang3.StringUtilsTest" time="0"/>
  <testcase name="testLengthStringBuilder" classname="org.apache.commons.lang3.StringUtilsTest" time="0"/>
  <testcase name="testJoin_IteratorString" classname="org.apache.commons.lang3.StringUtilsTest" time="0"/>
  <testcase name="testGetFuzzyDistance_NullNullNull" classname="org.apache.commons.lang3.StringUtilsTest" time="0"/>
  <testcase name="testGetLevenshteinDistance_StringStringNegativeInt" classname="org.apache.commons.lang3.StringUtilsTest" time="0"/>
  <testcase name="testRightPad_StringIntChar" classname="org.apache.commons.lang3.StringUtilsTest" time="0"/>
  <testcase name="testGetJaroWinklerDistance_StringNull" classname="org.apache.commons.lang3.StringUtilsTest" time="0"/>
  <testcase name="testJoin_ArrayOfDoubles" classname="org.apache.commons.lang3.StringUtilsTest" time="0"/>
  <testcase name="testGetLevenshteinDistance_StringString" classname="org.apache.commons.lang3.StringUtilsTest" time="0"/>
  <testcase name="testJoin_Objectarray" classname="org.apache.commons.lang3.StringUtilsTest" time="0.001"/>
  <testcase name="testAbbreviate_StringIntInt" classname="org.apache.commons.lang3.StringUtilsTest" time="0"/>
  <testcase name="testReplace_StringStringArrayStringArray" classname="org.apache.commons.lang3.StringUtilsTest" time="0"/>
  <testcase name="testGetFuzzyDistance_StringNullLoclae" classname="org.apache.commons.lang3.StringUtilsTest" time="0"/>
  <testcase name="testEscapeSurrogatePairsLang858" classname="org.apache.commons.lang3.StringUtilsTest" time="0"/>
  <testcase name="testSplitPreserveAllTokens_String" classname="org.apache.commons.lang3.StringUtilsTest" time="0"/>
  <testcase name="testReplaceOnce_StringStringString" classname="org.apache.commons.lang3.StringUtilsTest" time="0"/>
  <testcase name="testStringUtilsCharSequenceContract" classname="org.apache.commons.lang3.StringUtilsTest" time="0.001"/>
  <testcase name="testGetLevenshteinDistance_StringNull" classname="org.apache.commons.lang3.StringUtilsTest" time="0"/>
  <testcase name="testJoin_IteratorChar" classname="org.apache.commons.lang3.StringUtilsTest" time="0"/>
  <testcase name="testReverse_String" classname="org.apache.commons.lang3.StringUtilsTest" time="0"/>
  <testcase name="testReplace_StringStringString" classname="org.apache.commons.lang3.StringUtilsTest" time="0"/>
  <testcase name="testSplitByWholeSeparatorPreserveAllTokens_StringStringInt" classname="org.apache.commons.lang3.StringUtilsTest" time="0"/>
  <testcase name="testIsNoneBlank" classname="org.apache.commons.lang3.StringUtilsTest" time="0"/>
  <testcase name="testIsNoneEmpty" classname="org.apache.commons.lang3.StringUtilsTest" time="0"/>
  <testcase name="testCaseFunctions" classname="org.apache.commons.lang3.StringUtilsTest" time="0"/>
  <testcase name="testSplitByWholeString_StringStringBooleanInt" classname="org.apache.commons.lang3.StringUtilsTest" time="0"/>
  <testcase name="testSplitByWholeString_StringStringBoolean" classname="org.apache.commons.lang3.StringUtilsTest" time="0"/>
  <testcase name="testDefaultIfEmpty_StringBuilders" classname="org.apache.commons.lang3.StringUtilsTest" time="0"/>
  <testcase name="testDifference_StringString" classname="org.apache.commons.lang3.StringUtilsTest" time="0"/>
  <testcase name="testLeftPad_StringInt" classname="org.apache.commons.lang3.StringUtilsTest" time="0"/>
  <testcase name="testDefaultIfBlank_CharBuffers" classname="org.apache.commons.lang3.StringUtilsTest" time="0"/>
  <testcase name="testPrependIfMissingIgnoreCase" classname="org.apache.commons.lang3.StringUtilsTest" time="0"/>
  <testcase name="testReplace_StringStringArrayStringArrayBoolean" classname="org.apache.commons.lang3.StringUtilsTest" time="0"/>
  <testcase name="testSplit_StringChar" classname="org.apache.commons.lang3.StringUtilsTest" time="0"/>
  <testcase name="testRightPad_StringIntString" classname="org.apache.commons.lang3.StringUtilsTest" time="0"/>
  <testcase name="testSwapCase_String" classname="org.apache.commons.lang3.StringUtilsTest" time="0.001"/>
  <testcase name="testIsBlank" classname="org.apache.commons.lang3.StringUtilsTest" time="0"/>
  <testcase name="testIsEmpty" classname="org.apache.commons.lang3.StringUtilsTest" time="0"/>
  <testcase name="testWrap_StringChar" classname="org.apache.commons.lang3.StringUtilsTest" time="0"/>
  <testcase name="testRemoveStartIgnoreCase" classname="org.apache.commons.lang3.StringUtilsTest" time="0"/>
  <testcase name="testSplit_StringString_StringStringInt" classname="org.apache.commons.lang3.StringUtilsTest" time="0.005"/>
  <testcase name="testJoin_ArrayOfBytes" classname="org.apache.commons.lang3.StringUtilsTest" time="0"/>
  <testcase name="testJoin_ArrayOfChars" classname="org.apache.commons.lang3.StringUtilsTest" time="0"/>
  <testcase name="testJoin_ArrayOfLongs" classname="org.apache.commons.lang3.StringUtilsTest" time="0"/>
  <testcase name="testJoin_Objects" classname="org.apache.commons.lang3.StringUtilsTest" time="0"/>
  <testcase name="testGetFuzzyDistance_StringStringNull" classname="org.apache.commons.lang3.StringUtilsTest" time="0"/>
  <testcase name="testRemoveEnd" classname="org.apache.commons.lang3.StringUtilsTest" time="0"/>
  <testcase name="testJoin_ArrayOfFloats" classname="org.apache.commons.lang3.StringUtilsTest" time="0"/>
  <testcase name="testCenter_StringIntString" classname="org.apache.commons.lang3.StringUtilsTest" time="0"/>
  <testcase name="testConstructor" classname="org.apache.commons.lang3.StringUtilsTest" time="0.001"/>
  <testcase name="testSplitByCharacterTypeCamelCase" classname="org.apache.commons.lang3.StringUtilsTest" time="0"/>
  <testcase name="testReplace_StringStringStringInt" classname="org.apache.commons.lang3.StringUtilsTest" time="0"/>
</testsuite>