<?xml version="1.0" encoding="UTF-8"?>
<testsuite xmlns:xsi="http://www.w3.org/2001/XMLSchema-instance" xsi:schemaLocation="https://maven.apache.org/surefire/maven-surefire-plugin/xsd/surefire-test-report.xsd" name="com.amazonaws.services.dynamodbv2.json.demo.mars.PhotoIngesterCLITest" time="0.016" tests="5" errors="1" skipped="0" failures="0">
  <properties>
    <property name="java.runtime.name" value="OpenJDK Runtime Environment"/>
    <property name="sun.boot.library.path" value="/usr/local/openjdk-8/jre/lib/amd64"/>
    <property name="java.vm.version" value="25.262-b10"/>
    <property name="animal.sniffer.skip" value="true"/>
    <property name="java.vm.vendor" value="Oracle Corporation"/>
    <property name="maven.multiModuleProjectDirectory" value="/tmp/tmpxd0gg8be/aws-dynamodb-mars-json-demo/ingester"/>
    <property name="maven.javadoc.skip" value="true"/>
    <property name="java.vendor.url" value="http://java.oracle.com/"/>
    <property name="path.separator" value=":"/>
    <property name="guice.disable.misplaced.annotation.check" value="true"/>
    <property name="java.vm.name" value="OpenJDK 64-Bit Server VM"/>
    <property name="file.encoding.pkg" value="sun.io"/>
    <property name="sun.java.launcher" value="SUN_STANDARD"/>
    <property name="sun.os.patch.level" value="unknown"/>
    <property name="source.skip" value="true"/>
    <property name="java.vm.specification.name" value="Java Virtual Machine Specification"/>
    <property name="user.dir" value="/tmp/tmpxd0gg8be/aws-dynamodb-mars-json-demo/ingester"/>
    <property name="java.runtime.version" value="1.8.0_262-b10"/>
    <property name="java.awt.graphicsenv" value="sun.awt.X11GraphicsEnvironment"/>
    <property name="java.endorsed.dirs" value="/usr/local/openjdk-8/jre/lib/endorsed"/>
    <property name="os.arch" value="amd64"/>
    <property name="java.io.tmpdir" value="/tmp"/>
    <property name="line.separator" value="&#10;"/>
    <property name="java.vm.specification.vendor" value="Oracle Corporation"/>
    <property name="os.name" value="Linux"/>
    <property name="classworlds.conf" value="/usr/share/maven/bin/m2.conf"/>
    <property name="sun.jnu.encoding" value="UTF-8"/>
    <property name="java.library.path" value="/usr/java/packages/lib/amd64:/usr/lib64:/lib64:/lib:/usr/lib"/>
    <property name="license.skip" value="true"/>
    <property name="maven.conf" value="/usr/share/maven/conf"/>
    <property name="java.specification.name" value="Java Platform API Specification"/>
    <property name="java.class.version" value="52.0"/>
    <property name="sun.management.compiler" value="HotSpot 64-Bit Tiered Compilers"/>
    <property name="maven.test.failure.ignore" value="true"/>
    <property name="os.version" value="4.15.0-109-generic"/>
    <property name="library.jansi.path" value="/usr/share/maven/lib/jansi-native"/>
    <property name="user.home" value="/home/jdbl"/>
    <property name="user.timezone" value="Etc/UTC"/>
    <property name="java.awt.printerjob" value="sun.print.PSPrinterJob"/>
    <property name="java.specification.version" value="1.8"/>
    <property name="file.encoding" value="UTF-8"/>
    <property name="user.name" value="jdbl"/>
    <property name="java.class.path" value="/usr/share/maven/boot/plexus-classworlds-2.6.0.jar"/>
    <property name="java.vm.specification.version" value="1.8"/>
    <property name="sun.arch.data.model" value="64"/>
    <property name="java.home" value="/usr/local/openjdk-8/jre"/>
    <property name="sun.java.command" value="org.codehaus.plexus.classworlds.launcher.Launcher test -e --fail-never -ntp -Dmaven.test.failure.ignore=true -B -Dmaven.javadoc.skip=true -Drat.skip=true -Danimal.sniffer.skip=true -Dmaven.javadoc.skip=true -Dlicense.skip=true -Dsource.skip=true"/>
    <property name="java.specification.vendor" value="Oracle Corporation"/>
    <property name="user.language" value="en"/>
    <property name="awt.toolkit" value="sun.awt.X11.XToolkit"/>
    <property name="java.vm.info" value="mixed mode"/>
    <property name="java.version" value="1.8.0_262"/>
    <property name="java.ext.dirs" value="/usr/local/openjdk-8/jre/lib/ext:/usr/java/packages/lib/ext"/>
    <property name="securerandom.source" value="file:/dev/./urandom"/>
    <property name="sun.boot.class.path" value="/usr/local/openjdk-8/jre/lib/resources.jar:/usr/local/openjdk-8/jre/lib/rt.jar:/usr/local/openjdk-8/jre/lib/sunrsasign.jar:/usr/local/openjdk-8/jre/lib/jsse.jar:/usr/local/openjdk-8/jre/lib/jce.jar:/usr/local/openjdk-8/jre/lib/charsets.jar:/usr/local/openjdk-8/jre/lib/jfr.jar:/usr/local/openjdk-8/jre/classes"/>
    <property name="java.vendor" value="Oracle Corporation"/>
    <property name="rat.skip" value="true"/>
    <property name="maven.home" value="/usr/share/maven"/>
    <property name="file.separator" value="/"/>
    <property name="java.vendor.url.bug" value="http://bugreport.sun.com/bugreport/"/>
    <property name="sun.cpu.endian" value="little"/>
    <property name="sun.io.unicode.encoding" value="UnicodeLittle"/>
    <property name="sun.cpu.isalist" value=""/>
  </properties>
  <testcase name="testEmpty" classname="com.amazonaws.services.dynamodbv2.json.demo.mars.PhotoIngesterCLITest" time="0.007">
    <error message="Could not load configuration file from classpath. File= ImageIngester.properties, Classpath=/tmp/tmpxd0gg8be/aws-dynamodb-mars-json-demo/ingester/target/test-classes:/tmp/tmpxd0gg8be/aws-dynamodb-mars-json-demo/ingester/target/classes:/home/jdbl/.m2/repository/com/amazonaws/aws-java-sdk/1.9.0/aws-java-sdk-1.9.0.jar:/home/jdbl/.m2/repository/com/amazonaws/aws-java-sdk-directconnect/1.9.0/aws-java-sdk-directconnect-1.9.0.jar:/home/jdbl/.m2/repository/com/amazonaws/aws-java-sdk-core/1.9.0/aws-java-sdk-core-1.9.0.jar:/home/jdbl/.m2/repository/commons-logging/commons-logging/1.1.1/commons-logging-1.1.1.jar:/home/jdbl/.m2/repository/org/apache/httpcomponents/httpclient/4.2/httpclient-4.2.jar:/home/jdbl/.m2/repository/org/apache/httpcomponents/httpcore/4.2/httpcore-4.2.jar:/home/jdbl/.m2/repository/commons-codec/commons-codec/1.6/commons-codec-1.6.jar:/home/jdbl/.m2/repository/com/fasterxml/jackson/core/jackson-core/2.1.1/jackson-core-2.1.1.jar:/home/jdbl/.m2/repository/com/fasterxml/jackson/core/jackson-databind/2.1.1/jackson-databind-2.1.1.jar:/home/jdbl/.m2/repository/com/fasterxml/jackson/core/jackson-annotations/2.1.1/jackson-annotations-2.1.1.jar:/home/jdbl/.m2/repository/joda-time/joda-time/2.10.6/joda-time-2.10.6.jar:/home/jdbl/.m2/repository/com/amazonaws/aws-java-sdk-logs/1.9.0/aws-java-sdk-logs-1.9.0.jar:/home/jdbl/.m2/repository/com/amazonaws/aws-java-sdk-elasticbeanstalk/1.9.0/aws-java-sdk-elasticbeanstalk-1.9.0.jar:/home/jdbl/.m2/repository/com/amazonaws/aws-java-sdk-iam/1.9.0/aws-java-sdk-iam-1.9.0.jar:/home/jdbl/.m2/repository/com/amazonaws/aws-java-sdk-autoscaling/1.9.0/aws-java-sdk-autoscaling-1.9.0.jar:/home/jdbl/.m2/repository/com/amazonaws/aws-java-sdk-emr/1.9.0/aws-java-sdk-emr-1.9.0.jar:/home/jdbl/.m2/repository/com/amazonaws/aws-java-sdk-cognitoidentity/1.9.0/aws-java-sdk-cognitoidentity-1.9.0.jar:/home/jdbl/.m2/repository/com/amazonaws/aws-java-sdk-cloudwatchmetrics/1.9.0/aws-java-sdk-cloudwatchmetrics-1.9.0.jar:/home/jdbl/.m2/repository/com/amazonaws/aws-java-sdk-cloudwatch/1.9.0/aws-java-sdk-cloudwatch-1.9.0.jar:/home/jdbl/.m2/repository/com/amazonaws/aws-java-sdk-dynamodb/1.9.0/aws-java-sdk-dynamodb-1.9.0.jar:/home/jdbl/.m2/repository/com/amazonaws/aws-java-sdk-ses/1.9.0/aws-java-sdk-ses-1.9.0.jar:/home/jdbl/.m2/repository/com/amazonaws/aws-java-sdk-swf-libraries/1.9.0/aws-java-sdk-swf-libraries-1.9.0.jar:/home/jdbl/.m2/repository/com/amazonaws/aws-java-sdk-simpleworkflow/1.9.0/aws-java-sdk-simpleworkflow-1.9.0.jar:/home/jdbl/.m2/repository/com/amazonaws/aws-java-sdk-importexport/1.9.0/aws-java-sdk-importexport-1.9.0.jar:/home/jdbl/.m2/repository/com/amazonaws/aws-java-sdk-support/1.9.0/aws-java-sdk-support-1.9.0.jar:/home/jdbl/.m2/repository/com/amazonaws/aws-java-sdk-elasticache/1.9.0/aws-java-sdk-elasticache-1.9.0.jar:/home/jdbl/.m2/repository/com/amazonaws/aws-java-sdk-cloudfront/1.9.0/aws-java-sdk-cloudfront-1.9.0.jar:/home/jdbl/.m2/repository/com/amazonaws/aws-java-sdk-opsworks/1.9.0/aws-java-sdk-opsworks-1.9.0.jar:/home/jdbl/.m2/repository/com/amazonaws/aws-java-sdk-storagegateway/1.9.0/aws-java-sdk-storagegateway-1.9.0.jar:/home/jdbl/.m2/repository/com/amazonaws/aws-java-sdk-kinesis/1.9.0/aws-java-sdk-kinesis-1.9.0.jar:/home/jdbl/.m2/repository/com/amazonaws/aws-java-sdk-redshift/1.9.0/aws-java-sdk-redshift-1.9.0.jar:/home/jdbl/.m2/repository/com/amazonaws/aws-java-sdk-cloudsearch/1.9.0/aws-java-sdk-cloudsearch-1.9.0.jar:/home/jdbl/.m2/repository/com/amazonaws/aws-java-sdk-cloudformation/1.9.0/aws-java-sdk-cloudformation-1.9.0.jar:/home/jdbl/.m2/repository/com/amazonaws/aws-java-sdk-rds/1.9.0/aws-java-sdk-rds-1.9.0.jar:/home/jdbl/.m2/repository/com/amazonaws/aws-java-sdk-sts/1.9.0/aws-java-sdk-sts-1.9.0.jar:/home/jdbl/.m2/repository/com/amazonaws/aws-java-sdk-route53/1.9.0/aws-java-sdk-route53-1.9.0.jar:/home/jdbl/.m2/repository/com/amazonaws/aws-java-sdk-glacier/1.9.0/aws-java-sdk-glacier-1.9.0.jar:/home/jdbl/.m2/repository/com/amazonaws/aws-java-sdk-sqs/1.9.0/aws-java-sdk-sqs-1.9.0.jar:/home/jdbl/.m2/repository/com/amazonaws/aws-java-sdk-sns/1.9.0/aws-java-sdk-sns-1.9.0.jar:/home/jdbl/.m2/repository/com/amazonaws/aws-java-sdk-s3/1.9.0/aws-java-sdk-s3-1.9.0.jar:/home/jdbl/.m2/repository/com/amazonaws/aws-java-sdk-cloudtrail/1.9.0/aws-java-sdk-cloudtrail-1.9.0.jar:/home/jdbl/.m2/repository/com/amazonaws/aws-java-sdk-ec2/1.9.0/aws-java-sdk-ec2-1.9.0.jar:/home/jdbl/.m2/repository/com/amazonaws/aws-java-sdk-cognitosync/1.9.0/aws-java-sdk-cognitosync-1.9.0.jar:/home/jdbl/.m2/repository/com/amazonaws/aws-java-sdk-simpledb/1.9.0/aws-java-sdk-simpledb-1.9.0.jar:/home/jdbl/.m2/repository/com/amazonaws/aws-java-sdk-datapipeline/1.9.0/aws-java-sdk-datapipeline-1.9.0.jar:/home/jdbl/.m2/repository/com/amazonaws/aws-java-sdk-elasticloadbalancing/1.9.0/aws-java-sdk-elasticloadbalancing-1.9.0.jar:/home/jdbl/.m2/repository/com/amazonaws/aws-java-sdk-elastictranscoder/1.9.0/aws-java-sdk-elastictranscoder-1.9.0.jar:/home/jdbl/.m2/repository/commons-cli/commons-cli/1.2/commons-cli-1.2.jar:/home/jdbl/.m2/repository/junit/junit/4.11/junit-4.11.jar:/home/jdbl/.m2/repository/org/hamcrest/hamcrest-core/1.3/hamcrest-core-1.3.jar:/home/jdbl/.m2/repository/org/easymock/easymock/3.2/easymock-3.2.jar:/home/jdbl/.m2/repository/cglib/cglib-nodep/2.2.2/cglib-nodep-2.2.2.jar:/home/jdbl/.m2/repository/org/objenesis/objenesis/1.3/objenesis-1.3.jar:/home/jdbl/.m2/repository/org/powermock/powermock-module-junit4/1.5/powermock-module-junit4-1.5.jar:/home/jdbl/.m2/repository/org/powermock/powermock-module-junit4-common/1.5/powermock-module-junit4-common-1.5.jar:/home/jdbl/.m2/repository/org/powermock/powermock-core/1.5/powermock-core-1.5.jar:/home/jdbl/.m2/repository/org/javassist/javassist/3.17.1-GA/javassist-3.17.1-GA.jar:/home/jdbl/.m2/repository/org/powermock/powermock-reflect/1.5/powermock-reflect-1.5.jar:/home/jdbl/.m2/repository/org/powermock/powermock-api-easymock/1.5/powermock-api-easymock-1.5.jar:/home/jdbl/.m2/repository/org/powermock/powermock-api-support/1.5/powermock-api-support-1.5.jar:" type="com.amazonaws.services.dynamodbv2.json.demo.mars.ExitException">com.amazonaws.services.dynamodbv2.json.demo.mars.ExitException: Could not load configuration file from classpath. File= ImageIngester.properties, Classpath=/tmp/tmpxd0gg8be/aws-dynamodb-mars-json-demo/ingester/target/test-classes:/tmp/tmpxd0gg8be/aws-dynamodb-mars-json-demo/ingester/target/classes:/home/jdbl/.m2/repository/com/amazonaws/aws-java-sdk/1.9.0/aws-java-sdk-1.9.0.jar:/home/jdbl/.m2/repository/com/amazonaws/aws-java-sdk-directconnect/1.9.0/aws-java-sdk-directconnect-1.9.0.jar:/home/jdbl/.m2/repository/com/amazonaws/aws-java-sdk-core/1.9.0/aws-java-sdk-core-1.9.0.jar:/home/jdbl/.m2/repository/commons-logging/commons-logging/1.1.1/commons-logging-1.1.1.jar:/home/jdbl/.m2/repository/org/apache/httpcomponents/httpclient/4.2/httpclient-4.2.jar:/home/jdbl/.m2/repository/org/apache/httpcomponents/httpcore/4.2/httpcore-4.2.jar:/home/jdbl/.m2/repository/commons-codec/commons-codec/1.6/commons-codec-1.6.jar:/home/jdbl/.m2/repository/com/fasterxml/jackson/core/jackson-core/2.1.1/jackson-core-2.1.1.jar:/home/jdbl/.m2/repository/com/fasterxml/jackson/core/jackson-databind/2.1.1/jackson-databind-2.1.1.jar:/home/jdbl/.m2/repository/com/fasterxml/jackson/core/jackson-annotations/2.1.1/jackson-annotations-2.1.1.jar:/home/jdbl/.m2/repository/joda-time/joda-time/2.10.6/joda-time-2.10.6.jar:/home/jdbl/.m2/repository/com/amazonaws/aws-java-sdk-logs/1.9.0/aws-java-sdk-logs-1.9.0.jar:/home/jdbl/.m2/repository/com/amazonaws/aws-java-sdk-elasticbeanstalk/1.9.0/aws-java-sdk-elasticbeanstalk-1.9.0.jar:/home/jdbl/.m2/repository/com/amazonaws/aws-java-sdk-iam/1.9.0/aws-java-sdk-iam-1.9.0.jar:/home/jdbl/.m2/repository/com/amazonaws/aws-java-sdk-autoscaling/1.9.0/aws-java-sdk-autoscaling-1.9.0.jar:/home/jdbl/.m2/repository/com/amazonaws/aws-java-sdk-emr/1.9.0/aws-java-sdk-emr-1.9.0.jar:/home/jdbl/.m2/repository/com/amazonaws/aws-java-sdk-cognitoidentity/1.9.0/aws-java-sdk-cognitoidentity-1.9.0.jar:/home/jdbl/.m2/repository/com/amazonaws/aws-java-sdk-cloudwatchmetrics/1.9.0/aws-java-sdk-cloudwatchmetrics-1.9.0.jar:/home/jdbl/.m2/repository/com/amazonaws/aws-java-sdk-cloudwatch/1.9.0/aws-java-sdk-cloudwatch-1.9.0.jar:/home/jdbl/.m2/repository/com/amazonaws/aws-java-sdk-dynamodb/1.9.0/aws-java-sdk-dynamodb-1.9.0.jar:/home/jdbl/.m2/repository/com/amazonaws/aws-java-sdk-ses/1.9.0/aws-java-sdk-ses-1.9.0.jar:/home/jdbl/.m2/repository/com/amazonaws/aws-java-sdk-swf-libraries/1.9.0/aws-java-sdk-swf-libraries-1.9.0.jar:/home/jdbl/.m2/repository/com/amazonaws/aws-java-sdk-simpleworkflow/1.9.0/aws-java-sdk-simpleworkflow-1.9.0.jar:/home/jdbl/.m2/repository/com/amazonaws/aws-java-sdk-importexport/1.9.0/aws-java-sdk-importexport-1.9.0.jar:/home/jdbl/.m2/repository/com/amazonaws/aws-java-sdk-support/1.9.0/aws-java-sdk-support-1.9.0.jar:/home/jdbl/.m2/repository/com/amazonaws/aws-java-sdk-elasticache/1.9.0/aws-java-sdk-elasticache-1.9.0.jar:/home/jdbl/.m2/repository/com/amazonaws/aws-java-sdk-cloudfront/1.9.0/aws-java-sdk-cloudfront-1.9.0.jar:/home/jdbl/.m2/repository/com/amazonaws/aws-java-sdk-opsworks/1.9.0/aws-java-sdk-opsworks-1.9.0.jar:/home/jdbl/.m2/repository/com/amazonaws/aws-java-sdk-storagegateway/1.9.0/aws-java-sdk-storagegateway-1.9.0.jar:/home/jdbl/.m2/repository/com/amazonaws/aws-java-sdk-kinesis/1.9.0/aws-java-sdk-kinesis-1.9.0.jar:/home/jdbl/.m2/repository/com/amazonaws/aws-java-sdk-redshift/1.9.0/aws-java-sdk-redshift-1.9.0.jar:/home/jdbl/.m2/repository/com/amazonaws/aws-java-sdk-cloudsearch/1.9.0/aws-java-sdk-cloudsearch-1.9.0.jar:/home/jdbl/.m2/repository/com/amazonaws/aws-java-sdk-cloudformation/1.9.0/aws-java-sdk-cloudformation-1.9.0.jar:/home/jdbl/.m2/repository/com/amazonaws/aws-java-sdk-rds/1.9.0/aws-java-sdk-rds-1.9.0.jar:/home/jdbl/.m2/repository/com/amazonaws/aws-java-sdk-sts/1.9.0/aws-java-sdk-sts-1.9.0.jar:/home/jdbl/.m2/repository/com/amazonaws/aws-java-sdk-route53/1.9.0/aws-java-sdk-route53-1.9.0.jar:/home/jdbl/.m2/repository/com/amazonaws/aws-java-sdk-glacier/1.9.0/aws-java-sdk-glacier-1.9.0.jar:/home/jdbl/.m2/repository/com/amazonaws/aws-java-sdk-sqs/1.9.0/aws-java-sdk-sqs-1.9.0.jar:/home/jdbl/.m2/repository/com/amazonaws/aws-java-sdk-sns/1.9.0/aws-java-sdk-sns-1.9.0.jar:/home/jdbl/.m2/repository/com/amazonaws/aws-java-sdk-s3/1.9.0/aws-java-sdk-s3-1.9.0.jar:/home/jdbl/.m2/repository/com/amazonaws/aws-java-sdk-cloudtrail/1.9.0/aws-java-sdk-cloudtrail-1.9.0.jar:/home/jdbl/.m2/repository/com/amazonaws/aws-java-sdk-ec2/1.9.0/aws-java-sdk-ec2-1.9.0.jar:/home/jdbl/.m2/repository/com/amazonaws/aws-java-sdk-cognitosync/1.9.0/aws-java-sdk-cognitosync-1.9.0.jar:/home/jdbl/.m2/repository/com/amazonaws/aws-java-sdk-simpledb/1.9.0/aws-java-sdk-simpledb-1.9.0.jar:/home/jdbl/.m2/repository/com/amazonaws/aws-java-sdk-datapipeline/1.9.0/aws-java-sdk-datapipeline-1.9.0.jar:/home/jdbl/.m2/repository/com/amazonaws/aws-java-sdk-elasticloadbalancing/1.9.0/aws-java-sdk-elasticloadbalancing-1.9.0.jar:/home/jdbl/.m2/repository/com/amazonaws/aws-java-sdk-elastictranscoder/1.9.0/aws-java-sdk-elastictranscoder-1.9.0.jar:/home/jdbl/.m2/repository/commons-cli/commons-cli/1.2/commons-cli-1.2.jar:/home/jdbl/.m2/repository/junit/junit/4.11/junit-4.11.jar:/home/jdbl/.m2/repository/org/hamcrest/hamcrest-core/1.3/hamcrest-core-1.3.jar:/home/jdbl/.m2/repository/org/easymock/easymock/3.2/easymock-3.2.jar:/home/jdbl/.m2/repository/cglib/cglib-nodep/2.2.2/cglib-nodep-2.2.2.jar:/home/jdbl/.m2/repository/org/objenesis/objenesis/1.3/objenesis-1.3.jar:/home/jdbl/.m2/repository/org/powermock/powermock-module-junit4/1.5/powermock-module-junit4-1.5.jar:/home/jdbl/.m2/repository/org/powermock/powermock-module-junit4-common/1.5/powermock-module-junit4-common-1.5.jar:/home/jdbl/.m2/repository/org/powermock/powermock-core/1.5/powermock-core-1.5.jar:/home/jdbl/.m2/repository/org/javassist/javassist/3.17.1-GA/javassist-3.17.1-GA.jar:/home/jdbl/.m2/repository/org/powermock/powermock-reflect/1.5/powermock-reflect-1.5.jar:/home/jdbl/.m2/repository/org/powermock/powermock-api-easymock/1.5/powermock-api-easymock-1.5.jar:/home/jdbl/.m2/repository/org/powermock/powermock-api-support/1.5/powermock-api-support-1.5.jar:
	at com.amazonaws.services.dynamodbv2.json.demo.mars.PhotoIngesterCLITest.testEmpty(PhotoIngesterCLITest.java:33)
Caused by: java.lang.NullPointerException
	at com.amazonaws.services.dynamodbv2.json.demo.mars.PhotoIngesterCLITest.testEmpty(PhotoIngesterCLITest.java:33)
</error>
  </testcase>
  <testcase name="testHelp2" classname="com.amazonaws.services.dynamodbv2.json.demo.mars.PhotoIngesterCLITest" time="0.004"/>
  <testcase name="testFile" classname="com.amazonaws.services.dynamodbv2.json.demo.mars.PhotoIngesterCLITest" time="0.001"/>
  <testcase name="testHelp" classname="com.amazonaws.services.dynamodbv2.json.demo.mars.PhotoIngesterCLITest" time="0.003"/>
  <testcase name="testInvalidOption" classname="com.amazonaws.services.dynamodbv2.json.demo.mars.PhotoIngesterCLITest" time="0.001"/>
</testsuite>