<?xml version="1.0" encoding="UTF-8"?>
<testsuite xmlns:xsi="http://www.w3.org/2001/XMLSchema-instance" xsi:schemaLocation="https://maven.apache.org/surefire/maven-surefire-plugin/xsd/surefire-test-report.xsd" name="org.prebid.server.bidder.rubicon.RubiconBidderTest" time="0.187" tests="75" errors="0" skipped="0" failures="0">
  <properties>
    <property name="java.runtime.name" value="OpenJDK Runtime Environment"/>
    <property name="sun.boot.library.path" value="/usr/local/openjdk-8/jre/lib/amd64"/>
    <property name="java.vm.version" value="25.262-b10"/>
    <property name="animal.sniffer.skip" value="true"/>
    <property name="java.vm.vendor" value="Oracle Corporation"/>
    <property name="maven.multiModuleProjectDirectory" value="/tmp/tmp6koapsiz/prebid-server-java"/>
    <property name="maven.javadoc.skip" value="true"/>
    <property name="java.vendor.url" value="http://java.oracle.com/"/>
    <property name="path.separator" value=":"/>
    <property name="guice.disable.misplaced.annotation.check" value="true"/>
    <property name="java.vm.name" value="OpenJDK 64-Bit Server VM"/>
    <property name="file.encoding.pkg" value="sun.io"/>
    <property name="sun.java.launcher" value="SUN_STANDARD"/>
    <property name="sun.os.patch.level" value="unknown"/>
    <property name="source.skip" value="true"/>
    <property name="java.vm.specification.name" value="Java Virtual Machine Specification"/>
    <property name="user.dir" value="/tmp/tmp6koapsiz/prebid-server-java"/>
    <property name="java.runtime.version" value="1.8.0_262-b10"/>
    <property name="java.awt.graphicsenv" value="sun.awt.X11GraphicsEnvironment"/>
    <property name="java.endorsed.dirs" value="/usr/local/openjdk-8/jre/lib/endorsed"/>
    <property name="os.arch" value="amd64"/>
    <property name="java.io.tmpdir" value="/tmp"/>
    <property name="line.separator" value="&#10;"/>
    <property name="java.vm.specification.vendor" value="Oracle Corporation"/>
    <property name="os.name" value="Linux"/>
    <property name="classworlds.conf" value="/usr/share/maven/bin/m2.conf"/>
    <property name="sun.jnu.encoding" value="UTF-8"/>
    <property name="java.library.path" value="/usr/java/packages/lib/amd64:/usr/lib64:/lib64:/lib:/usr/lib"/>
    <property name="license.skip" value="true"/>
    <property name="maven.conf" value="/usr/share/maven/conf"/>
    <property name="java.specification.name" value="Java Platform API Specification"/>
    <property name="java.class.version" value="52.0"/>
    <property name="sun.management.compiler" value="HotSpot 64-Bit Tiered Compilers"/>
    <property name="maven.test.failure.ignore" value="true"/>
    <property name="os.version" value="4.15.0-109-generic"/>
    <property name="library.jansi.path" value="/usr/share/maven/lib/jansi-native"/>
    <property name="user.home" value="/home/jdbl"/>
    <property name="user.timezone" value="Etc/UTC"/>
    <property name="java.awt.printerjob" value="sun.print.PSPrinterJob"/>
    <property name="java.specification.version" value="1.8"/>
    <property name="file.encoding" value="UTF-8"/>
    <property name="user.name" value="jdbl"/>
    <property name="java.class.path" value="/usr/share/maven/boot/plexus-classworlds-2.6.0.jar"/>
    <property name="java.vm.specification.version" value="1.8"/>
    <property name="sun.arch.data.model" value="64"/>
    <property name="java.home" value="/usr/local/openjdk-8/jre"/>
    <property name="sun.java.command" value="org.codehaus.plexus.classworlds.launcher.Launcher test -e --fail-never -ntp -Dmaven.test.failure.ignore=true -B -Dmaven.javadoc.skip=true -Drat.skip=true -Danimal.sniffer.skip=true -Dmaven.javadoc.skip=true -Dlicense.skip=true -Dsource.skip=true"/>
    <property name="java.specification.vendor" value="Oracle Corporation"/>
    <property name="user.language" value="en"/>
    <property name="awt.toolkit" value="sun.awt.X11.XToolkit"/>
    <property name="java.vm.info" value="mixed mode"/>
    <property name="java.version" value="1.8.0_262"/>
    <property name="java.ext.dirs" value="/usr/local/openjdk-8/jre/lib/ext:/usr/java/packages/lib/ext"/>
    <property name="securerandom.source" value="file:/dev/./urandom"/>
    <property name="sun.boot.class.path" value="/usr/local/openjdk-8/jre/lib/resources.jar:/usr/local/openjdk-8/jre/lib/rt.jar:/usr/local/openjdk-8/jre/lib/sunrsasign.jar:/usr/local/openjdk-8/jre/lib/jsse.jar:/usr/local/openjdk-8/jre/lib/jce.jar:/usr/local/openjdk-8/jre/lib/charsets.jar:/usr/local/openjdk-8/jre/lib/jfr.jar:/usr/local/openjdk-8/jre/classes"/>
    <property name="java.vendor" value="Oracle Corporation"/>
    <property name="rat.skip" value="true"/>
    <property name="maven.home" value="/usr/share/maven"/>
    <property name="file.separator" value="/"/>
    <property name="java.vendor.url.bug" value="http://bugreport.sun.com/bugreport/"/>
    <property name="sun.cpu.endian" value="little"/>
    <property name="sun.io.unicode.encoding" value="UnicodeLittle"/>
    <property name="sun.cpu.isalist" value=""/>
  </properties>
  <testcase name="extractTargetingShouldReturnEmptyMapForNullTargeting" classname="org.prebid.server.bidder.rubicon.RubiconBidderTest" time="0"/>
  <testcase name="makeHttpRequestsShouldOverrideBannerFormatWithRubiconSizes" classname="org.prebid.server.bidder.rubicon.RubiconBidderTest" time="0.004"/>
  <testcase name="extractTargetingShouldReturnEmptyMapForEmptyExtension" classname="org.prebid.server.bidder.rubicon.RubiconBidderTest" time="0"/>
  <testcase name="makeHttpRequestsShouldCopyUserGenderYobAndGeoToUserExtRp" classname="org.prebid.server.bidder.rubicon.RubiconBidderTest" time="0.003"/>
  <testcase name="makeHttpRequestsShouldCreateUserExtTpIdForFirstLiveintentAndAdserver" classname="org.prebid.server.bidder.rubicon.RubiconBidderTest" time="0.008"/>
  <testcase name="makeHttpRequestsShouldFillAppExtIfAppPresent" classname="org.prebid.server.bidder.rubicon.RubiconBidderTest" time="0.004"/>
  <testcase name="makeHttpRequestsShouldCopySiteExtDataAndImpExtContextDataFieldsToRubiconImpExtRpTarget" classname="org.prebid.server.bidder.rubicon.RubiconBidderTest" time="0.003"/>
  <testcase name="makeHttpRequestsShouldCreateBannerRequestIfImpHasBannerAndVideoButNoRequiredVideoFieldsPresent" classname="org.prebid.server.bidder.rubicon.RubiconBidderTest" time="0.002"/>
  <testcase name="makeBidsShouldReturnBidWithBidIdFieldFromBidResponseIfZero" classname="org.prebid.server.bidder.rubicon.RubiconBidderTest" time="0"/>
  <testcase name="makeHttpRequestsShouldCopyAppExtDataAndImpExtContextDataFieldsToRubiconImpExtRpTarget" classname="org.prebid.server.bidder.rubicon.RubiconBidderTest" time="0.002"/>
  <testcase name="makeBidsShouldReturnEmptyResultIfResponseStatusIsNoContent" classname="org.prebid.server.bidder.rubicon.RubiconBidderTest" time="0"/>
  <testcase name="makeHttpRequestsShouldCopyAppKeywords" classname="org.prebid.server.bidder.rubicon.RubiconBidderTest" time="0.001"/>
  <testcase name="makeBidsShouldReturnBidWithRandomlyGeneratedId" classname="org.prebid.server.bidder.rubicon.RubiconBidderTest" time="0.001"/>
  <testcase name="makeHttpRequestsShouldCreateSourceWithPchainIfDefinedInImpExt" classname="org.prebid.server.bidder.rubicon.RubiconBidderTest" time="0.001"/>
  <testcase name="makeHttpRequestsShouldFillUserIfUserAndConsentArePresent" classname="org.prebid.server.bidder.rubicon.RubiconBidderTest" time="0.001"/>
  <testcase name="makeHttpRequestsShouldIgnoreRewardedVideoLogic" classname="org.prebid.server.bidder.rubicon.RubiconBidderTest" time="0.002"/>
  <testcase name="makeHttpRequestsShouldFailWithPreBidExceptionIfUserExtCannotBeParsed" classname="org.prebid.server.bidder.rubicon.RubiconBidderTest" time="0.001"/>
  <testcase name="makeHttpRequestsShouldCreateUserExtTpIdWithLiveintentEidSourceAndRpFromEidExtWhenMultipleEidSources" classname="org.prebid.server.bidder.rubicon.RubiconBidderTest" time="0.001"/>
  <testcase name="makeHttpRequestsShouldNotFailIfVideoParamIsNull" classname="org.prebid.server.bidder.rubicon.RubiconBidderTest" time="0"/>
  <testcase name="makeHttpRequestsShouldReturnErrorIfNoValidSizes" classname="org.prebid.server.bidder.rubicon.RubiconBidderTest" time="0.001"/>
  <testcase name="makeHttpRequestsShouldFillSiteExtIfSitePresent" classname="org.prebid.server.bidder.rubicon.RubiconBidderTest" time="0.001"/>
  <testcase name="makeHttpRequestsShouldCopyImpExtContextKeywordsToRubiconImpExtRpTargetKeywords" classname="org.prebid.server.bidder.rubicon.RubiconBidderTest" time="0.001"/>
  <testcase name="makeHttpRequestsShouldFillDeviceExtIfDevicePresent" classname="org.prebid.server.bidder.rubicon.RubiconBidderTest" time="0.001"/>
  <testcase name="makeHttpRequestsShouldCopySiteKeywords" classname="org.prebid.server.bidder.rubicon.RubiconBidderTest" time="0.001"/>
  <testcase name="makeBidsShouldNotReturnImpIfPriceLessOrEqualToZero" classname="org.prebid.server.bidder.rubicon.RubiconBidderTest" time="0"/>
  <testcase name="makeHttpRequestsShouldTakePrecedenceImpExtContextSearchOverSiteSearchAndCopyToRubiconImpExtRpTarget" classname="org.prebid.server.bidder.rubicon.RubiconBidderTest" time="0.002"/>
  <testcase name="makeHttpRequestsShouldFillVideoExt" classname="org.prebid.server.bidder.rubicon.RubiconBidderTest" time="0.001"/>
  <testcase name="makeHttpRequestsShouldReturnErrorIfImpExtCouldNotBeParsed" classname="org.prebid.server.bidder.rubicon.RubiconBidderTest" time="0.001"/>
  <testcase name="makeHttpRequestsShouldTolerateInvalidSizes" classname="org.prebid.server.bidder.rubicon.RubiconBidderTest" time="0.002"/>
  <testcase name="makeHttpRequestsShouldCopyUserKeywords" classname="org.prebid.server.bidder.rubicon.RubiconBidderTest" time="0.029"/>
  <testcase name="creationShouldFailOnInvalidEndpointUrl" classname="org.prebid.server.bidder.rubicon.RubiconBidderTest" time="0"/>
  <testcase name="makeHttpRequestsShouldUpdateSourceWithPchainIfDefinedInImpExt" classname="org.prebid.server.bidder.rubicon.RubiconBidderTest" time="0.001"/>
  <testcase name="makeHttpRequestsShouldIgnoreRewardedVideoFlag" classname="org.prebid.server.bidder.rubicon.RubiconBidderTest" time="0.002"/>
  <testcase name="makeHttpRequestsShouldCreateUserIfVisitorPresent" classname="org.prebid.server.bidder.rubicon.RubiconBidderTest" time="0.005"/>
  <testcase name="extractTargetingShouldReturnNotEmptyTargetingMap" classname="org.prebid.server.bidder.rubicon.RubiconBidderTest" time="0.005"/>
  <testcase name="makeHttpRequestsShouldNotCreateUserExtTpIdWithUnknownEidSource" classname="org.prebid.server.bidder.rubicon.RubiconBidderTest" time="0.002"/>
  <testcase name="makeBidsShouldReturnErrorIfResponseBodyCouldNotBeParsed" classname="org.prebid.server.bidder.rubicon.RubiconBidderTest" time="0"/>
  <testcase name="makeHttpRequestsShouldProcessMetricsAndFillViewabilityVendor" classname="org.prebid.server.bidder.rubicon.RubiconBidderTest" time="0.007"/>
  <testcase name="makeBidsShouldReturnBannerBidIfRequestImpHasNoVideo" classname="org.prebid.server.bidder.rubicon.RubiconBidderTest" time="0"/>
  <testcase name="makeHttpRequestsShouldCopyImpExtVideoLanguageToSiteContentLanguage" classname="org.prebid.server.bidder.rubicon.RubiconBidderTest" time="0"/>
  <testcase name="makeHttpRequestsShouldFillUserExtIfUserAndDigiTrustPresent" classname="org.prebid.server.bidder.rubicon.RubiconBidderTest" time="0.001"/>
  <testcase name="makeHttpRequestsShouldCreateUserExtTpIdWithAdServerEidSource" classname="org.prebid.server.bidder.rubicon.RubiconBidderTest" time="0.001"/>
  <testcase name="makeHttpRequestsShouldCopySiteSearchToRubiconImpExtRpTargetSearch" classname="org.prebid.server.bidder.rubicon.RubiconBidderTest" time="0.001"/>
  <testcase name="makeBidsShouldReturnVideoBidIfRequestImpHasVideo" classname="org.prebid.server.bidder.rubicon.RubiconBidderTest" time="0.001"/>
  <testcase name="makeHttpRequestsShouldCopyImpExtContextSearchToRubiconImpExtRpTargetSearch" classname="org.prebid.server.bidder.rubicon.RubiconBidderTest" time="0.001"/>
  <testcase name="makeHttpRequestsShouldNotCopyAndModifyImpExtContextDataAdslotToRubiconImpExtRpTargetDfpAdUnitCode" classname="org.prebid.server.bidder.rubicon.RubiconBidderTest" time="0.002"/>
  <testcase name="makeHttpRequestsShouldIgnoreRewardedVideoLogicIfRewardedInventoryIsNotOne" classname="org.prebid.server.bidder.rubicon.RubiconBidderTest" time="0.001"/>
  <testcase name="makeHttpRequestsShouldTransferRewardedVideoFlagIntoRewardedVideoObject" classname="org.prebid.server.bidder.rubicon.RubiconBidderTest" time="0.001"/>
  <testcase name="makeHttpRequestsShouldReplaceDefaultParametersWithExtPrebidBiddersBidder" classname="org.prebid.server.bidder.rubicon.RubiconBidderTest" time="0.001"/>
  <testcase name="makeHttpRequestsShouldCopyAndModifyImpExtContextDataFieldsToRubiconImpExtRpTarget" classname="org.prebid.server.bidder.rubicon.RubiconBidderTest" time="0.001"/>
  <testcase name="makeHttpRequestsShouldNotCreateUserExtTpIdWithAdServerEidSourceIfEidUidExtMissed" classname="org.prebid.server.bidder.rubicon.RubiconBidderTest" time="0.001"/>
  <testcase name="makeHttpRequestsShouldNotCreateUserIfVisitorAndDigiTrustAndConsentNotPresent" classname="org.prebid.server.bidder.rubicon.RubiconBidderTest" time="0"/>
  <testcase name="makeHttpRequestsShouldFillUserExtIfUserAndVisitorPresent" classname="org.prebid.server.bidder.rubicon.RubiconBidderTest" time="0.001"/>
  <testcase name="makeHttpRequestsShouldNotCreateUserExtTpIdWithAdServerEidSourceIfExtRtiPartnerMissed" classname="org.prebid.server.bidder.rubicon.RubiconBidderTest" time="0.001"/>
  <testcase name="makeHttpRequestsShouldFillMethodAndUrlAndExpectedHeaders" classname="org.prebid.server.bidder.rubicon.RubiconBidderTest" time="0.001"/>
  <testcase name="makeHttpRequestsShouldFillBannerExtWithAltSizeIdsIfMoreThanOneSize" classname="org.prebid.server.bidder.rubicon.RubiconBidderTest" time="0.002"/>
  <testcase name="makeHttpRequestsShouldCopySiteExtDataFieldsToRubiconImpExtRpTarget" classname="org.prebid.server.bidder.rubicon.RubiconBidderTest" time="0.001"/>
  <testcase name="makeHttpRequestsShouldSuppressExtIfPresent" classname="org.prebid.server.bidder.rubicon.RubiconBidderTest" time="0.001"/>
  <testcase name="makeHttpRequestsShouldSuppressCurrenciesIfPresent" classname="org.prebid.server.bidder.rubicon.RubiconBidderTest" time="0.001"/>
  <testcase name="makeHttpRequestsShouldCopyUserExtDataFieldsToUserExtRp" classname="org.prebid.server.bidder.rubicon.RubiconBidderTest" time="0.001"/>
  <testcase name="makeBidsShouldReturnBidWithOriginalBidIdFieldFromBidResponseIfNotZero" classname="org.prebid.server.bidder.rubicon.RubiconBidderTest" time="0"/>
  <testcase name="makeHttpRequestsShouldFillImpExt" classname="org.prebid.server.bidder.rubicon.RubiconBidderTest" time="0.003"/>
  <testcase name="makeHttpRequestsShouldReturnErrorIfNoImpFormat" classname="org.prebid.server.bidder.rubicon.RubiconBidderTest" time="0.001"/>
  <testcase name="makeHttpRequestsShouldCreateRequestPerImp" classname="org.prebid.server.bidder.rubicon.RubiconBidderTest" time="0"/>
  <testcase name="makeHttpRequestsShouldCopyAppExtDataFieldsToRubiconImpExtRpTarget" classname="org.prebid.server.bidder.rubicon.RubiconBidderTest" time="0.002"/>
  <testcase name="makeHttpRequestsShouldReturnErrorIfSizeIdsNotFound" classname="org.prebid.server.bidder.rubicon.RubiconBidderTest" time="0"/>
  <testcase name="makeHttpRequestsShouldCreateVideoRequestIfImpHasBannerAndVideoButAllRequiredVideoFieldsPresent" classname="org.prebid.server.bidder.rubicon.RubiconBidderTest" time="0.001"/>
  <testcase name="makeHttpRequestsShouldFillRegsIfRegsAndGdprArePresent" classname="org.prebid.server.bidder.rubicon.RubiconBidderTest" time="0.001"/>
  <testcase name="extractTargetingShouldIgnoreEmptyTargetingValuesList" classname="org.prebid.server.bidder.rubicon.RubiconBidderTest" time="0"/>
  <testcase name="extractTargetingShouldReturnEmptyMapForNullRp" classname="org.prebid.server.bidder.rubicon.RubiconBidderTest" time="0"/>
  <testcase name="makeHttpRequestsShouldPassSiteExtAmpIfPresent" classname="org.prebid.server.bidder.rubicon.RubiconBidderTest" time="0.001"/>
  <testcase name="extractTargetingShouldReturnEmptyMapForInvalidExtension" classname="org.prebid.server.bidder.rubicon.RubiconBidderTest" time="0.057"/>
  <testcase name="makeBidsShouldReturnBannerBidIfRequestImpHasBannerAndVideoButNoRequiredVideoFieldsPresent" classname="org.prebid.server.bidder.rubicon.RubiconBidderTest" time="0"/>
  <testcase name="makeHttpRequestsShouldNotFillUserExtRpWhenVisitorAndInventoryIsEmpty" classname="org.prebid.server.bidder.rubicon.RubiconBidderTest" time="0"/>
  <testcase name="makeBidsShouldReturnVideoBidIfRequestImpHasBannerAndVideoButAllRequiredVideoFieldsPresent" classname="org.prebid.server.bidder.rubicon.RubiconBidderTest" time="0"/>
</testsuite>