<?xml version="1.0" encoding="UTF-8"?>
<testsuite xmlns:xsi="http://www.w3.org/2001/XMLSchema-instance" xsi:schemaLocation="https://maven.apache.org/surefire/maven-surefire-plugin/xsd/surefire-test-report.xsd" name="org.prebid.server.metric.MetricsTest" time="1.394" tests="89" errors="0" skipped="0" failures="0">
  <properties>
    <property name="java.runtime.name" value="OpenJDK Runtime Environment"/>
    <property name="sun.boot.library.path" value="/usr/local/openjdk-8/jre/lib/amd64"/>
    <property name="java.vm.version" value="25.262-b10"/>
    <property name="animal.sniffer.skip" value="true"/>
    <property name="java.vm.vendor" value="Oracle Corporation"/>
    <property name="maven.multiModuleProjectDirectory" value="/tmp/tmp6koapsiz/prebid-server-java"/>
    <property name="maven.javadoc.skip" value="true"/>
    <property name="java.vendor.url" value="http://java.oracle.com/"/>
    <property name="path.separator" value=":"/>
    <property name="guice.disable.misplaced.annotation.check" value="true"/>
    <property name="java.vm.name" value="OpenJDK 64-Bit Server VM"/>
    <property name="file.encoding.pkg" value="sun.io"/>
    <property name="sun.java.launcher" value="SUN_STANDARD"/>
    <property name="sun.os.patch.level" value="unknown"/>
    <property name="source.skip" value="true"/>
    <property name="java.vm.specification.name" value="Java Virtual Machine Specification"/>
    <property name="user.dir" value="/tmp/tmp6koapsiz/prebid-server-java"/>
    <property name="java.runtime.version" value="1.8.0_262-b10"/>
    <property name="java.awt.graphicsenv" value="sun.awt.X11GraphicsEnvironment"/>
    <property name="java.endorsed.dirs" value="/usr/local/openjdk-8/jre/lib/endorsed"/>
    <property name="os.arch" value="amd64"/>
    <property name="java.io.tmpdir" value="/tmp"/>
    <property name="line.separator" value="&#10;"/>
    <property name="java.vm.specification.vendor" value="Oracle Corporation"/>
    <property name="os.name" value="Linux"/>
    <property name="classworlds.conf" value="/usr/share/maven/bin/m2.conf"/>
    <property name="sun.jnu.encoding" value="UTF-8"/>
    <property name="java.library.path" value="/usr/java/packages/lib/amd64:/usr/lib64:/lib64:/lib:/usr/lib"/>
    <property name="license.skip" value="true"/>
    <property name="maven.conf" value="/usr/share/maven/conf"/>
    <property name="java.specification.name" value="Java Platform API Specification"/>
    <property name="java.class.version" value="52.0"/>
    <property name="sun.management.compiler" value="HotSpot 64-Bit Tiered Compilers"/>
    <property name="maven.test.failure.ignore" value="true"/>
    <property name="os.version" value="4.15.0-109-generic"/>
    <property name="library.jansi.path" value="/usr/share/maven/lib/jansi-native"/>
    <property name="user.home" value="/home/jdbl"/>
    <property name="user.timezone" value="Etc/UTC"/>
    <property name="java.awt.printerjob" value="sun.print.PSPrinterJob"/>
    <property name="java.specification.version" value="1.8"/>
    <property name="file.encoding" value="UTF-8"/>
    <property name="user.name" value="jdbl"/>
    <property name="java.class.path" value="/usr/share/maven/boot/plexus-classworlds-2.6.0.jar"/>
    <property name="java.vm.specification.version" value="1.8"/>
    <property name="sun.arch.data.model" value="64"/>
    <property name="java.home" value="/usr/local/openjdk-8/jre"/>
    <property name="sun.java.command" value="org.codehaus.plexus.classworlds.launcher.Launcher test -e --fail-never -ntp -Dmaven.test.failure.ignore=true -B -Dmaven.javadoc.skip=true -Drat.skip=true -Danimal.sniffer.skip=true -Dmaven.javadoc.skip=true -Dlicense.skip=true -Dsource.skip=true"/>
    <property name="java.specification.vendor" value="Oracle Corporation"/>
    <property name="user.language" value="en"/>
    <property name="awt.toolkit" value="sun.awt.X11.XToolkit"/>
    <property name="java.vm.info" value="mixed mode"/>
    <property name="java.version" value="1.8.0_262"/>
    <property name="java.ext.dirs" value="/usr/local/openjdk-8/jre/lib/ext:/usr/java/packages/lib/ext"/>
    <property name="securerandom.source" value="file:/dev/./urandom"/>
    <property name="sun.boot.class.path" value="/usr/local/openjdk-8/jre/lib/resources.jar:/usr/local/openjdk-8/jre/lib/rt.jar:/usr/local/openjdk-8/jre/lib/sunrsasign.jar:/usr/local/openjdk-8/jre/lib/jsse.jar:/usr/local/openjdk-8/jre/lib/jce.jar:/usr/local/openjdk-8/jre/lib/charsets.jar:/usr/local/openjdk-8/jre/lib/jfr.jar:/usr/local/openjdk-8/jre/classes"/>
    <property name="java.vendor" value="Oracle Corporation"/>
    <property name="rat.skip" value="true"/>
    <property name="maven.home" value="/usr/share/maven"/>
    <property name="file.separator" value="/"/>
    <property name="java.vendor.url.bug" value="http://bugreport.sun.com/bugreport/"/>
    <property name="sun.cpu.endian" value="little"/>
    <property name="sun.io.unicode.encoding" value="UnicodeLittle"/>
    <property name="sun.cpu.isalist" value=""/>
  </properties>
  <testcase name="shouldIncrementStoredImpFoundMetric" classname="org.prebid.server.metric.MetricsTest" time="0.731"/>
  <testcase name="userSyncShouldReturnUserSyncMetricsConfiguredWithCounterType" classname="org.prebid.server.metric.MetricsTest" time="0.262"/>
  <testcase name="updateImpTypesMetricsByCountPerMediaTypeShouldIncrementMetrics" classname="org.prebid.server.metric.MetricsTest" time="0.002"/>
  <testcase name="forRequestTypeShouldReturnRequestStatusMetricsConfiguredWithRequestType" classname="org.prebid.server.metric.MetricsTest" time="0.002"/>
  <testcase name="updateCookieSyncMatchesMetricShouldIncrementMetric" classname="org.prebid.server.metric.MetricsTest" time="0.002"/>
  <testcase name="forRequestTypeShouldReturnSameRequestStatusMetricsOnSuccessiveCalls" classname="org.prebid.server.metric.MetricsTest" time="0.002"/>
  <testcase name="userSyncShouldReturnUserSyncMetricsConfiguredWithPrefix" classname="org.prebid.server.metric.MetricsTest" time="0.001"/>
  <testcase name="shouldReturnAccountAdapterMetricsConfiguredWithAccountAndAdapterType" classname="org.prebid.server.metric.MetricsTest" time="0.002"/>
  <testcase name="shouldReturnAdapterRequestTypeMetricsConfiguredWithAdapterType" classname="org.prebid.server.metric.MetricsTest" time="0.001"/>
  <testcase name="forAccountShouldReturnAccountMetricsConfiguredWithCounterType" classname="org.prebid.server.metric.MetricsTest" time="0.001"/>
  <testcase name="shouldReturnSameBidderCookieSyncMetricsOnSuccessiveCalls" classname="org.prebid.server.metric.MetricsTest" time="0.002"/>
  <testcase name="forAdapterShouldReturnAdapterMetricsConfiguredWithCounterType" classname="org.prebid.server.metric.MetricsTest" time="0.001"/>
  <testcase name="shouldReturnAdapterRequestMetricsConfiguredWithAdapterType" classname="org.prebid.server.metric.MetricsTest" time="0.001"/>
  <testcase name="shouldReturnSameAccountRequestTypeMetricsOnSuccessiveCalls" classname="org.prebid.server.metric.MetricsTest" time="0.001"/>
  <testcase name="forCircuitBreakerShouldReturnCircuitBreakerMetricsConfiguredWithId" classname="org.prebid.server.metric.MetricsTest" time="0.001"/>
  <testcase name="shouldReturnAccountRequestTypeMetricsConfiguredWithCounterType" classname="org.prebid.server.metric.MetricsTest" time="0.001"/>
  <testcase name="cookieSyncShouldReturnCookieSyncMetricsConfiguredWithCounterType" classname="org.prebid.server.metric.MetricsTest" time="0.001"/>
  <testcase name="forAccountShouldReturnSameAccountMetricsOnSuccessiveCalls" classname="org.prebid.server.metric.MetricsTest" time="0.001"/>
  <testcase name="shouldIncrementBothGeoLocationRequestsAndSuccessfulMetrics" classname="org.prebid.server.metric.MetricsTest" time="0.001"/>
  <testcase name="updateAdapterBidMetricsShouldUpdateMetrics" classname="org.prebid.server.metric.MetricsTest" time="0.009"/>
  <testcase name="updateUserSyncTcfBlockedMetricShouldIncrementMetric" classname="org.prebid.server.metric.MetricsTest" time="0.001"/>
  <testcase name="createShouldReturnMetricsConfiguredWithCounterType" classname="org.prebid.server.metric.MetricsTest" time="0.001"/>
  <testcase name="shouldIncrementDatabaseCircuitBreakerOpenMetric" classname="org.prebid.server.metric.MetricsTest" time="0.001"/>
  <testcase name="updateSafariRequestsMetricShouldIncrementMetric" classname="org.prebid.server.metric.MetricsTest" time="0.001"/>
  <testcase name="updateAdapterRequestGotbidsMetricsShouldIncrementMetrics" classname="org.prebid.server.metric.MetricsTest" time="0"/>
  <testcase name="updateRequestTypeMetricShouldIncrementMetric" classname="org.prebid.server.metric.MetricsTest" time="0.001"/>
  <testcase name="shouldAlwaysIncrementGeoLocationRequestsMetricAndEitherSuccessfulOrFailMetricDependingOnFlag" classname="org.prebid.server.metric.MetricsTest" time="0.001"/>
  <testcase name="updateCookieSyncRequestMetricShouldIncrementMetric" classname="org.prebid.server.metric.MetricsTest" time="0.001"/>
  <testcase name="updateAppAndNoCookieAndImpsRequestedMetricsShouldIncrementMetrics" classname="org.prebid.server.metric.MetricsTest" time="0.001"/>
  <testcase name="updateUserSyncBadRequestMetricShouldIncrementMetric" classname="org.prebid.server.metric.MetricsTest" time="0.046"/>
  <testcase name="forRequestTypeShouldReturnRequestStatusMetricsConfiguredWithCounterType" classname="org.prebid.server.metric.MetricsTest" time="0.001"/>
  <testcase name="updateUserSyncSetsMetricShouldIncrementMetric" classname="org.prebid.server.metric.MetricsTest" time="0.002"/>
  <testcase name="updateRequestTimeMetricShouldUpdateMetric" classname="org.prebid.server.metric.MetricsTest" time="0.001"/>
  <testcase name="shouldIncrementGeoLocationCircuitBreakerOpenMetric" classname="org.prebid.server.metric.MetricsTest" time="0.002"/>
  <testcase name="shouldReturnSameAccountAdapterMetricsOnSuccessiveCalls" classname="org.prebid.server.metric.MetricsTest" time="0.001"/>
  <testcase name="updateAdapterRequestNobidMetricsShouldIncrementMetrics" classname="org.prebid.server.metric.MetricsTest" time="0"/>
  <testcase name="updatePrivacyTcfVendorListMissingMetricShouldIncrementMetric" classname="org.prebid.server.metric.MetricsTest" time="0.004"/>
  <testcase name="updatePrivacyTcfGeoMetricShouldIncrementMetrics" classname="org.prebid.server.metric.MetricsTest" time="0.002"/>
  <testcase name="forAccountShouldReturnAccountMetricsConfiguredWithAccount" classname="org.prebid.server.metric.MetricsTest" time="0.001"/>
  <testcase name="shouldReturnBidderCookieSyncMetricsConfiguredWithBidder" classname="org.prebid.server.metric.MetricsTest" time="0.001"/>
  <testcase name="shouldIncrementDatabaseCircuitBreakerCloseMetric" classname="org.prebid.server.metric.MetricsTest" time="0.002"/>
  <testcase name="cookieSyncShouldReturnCookieSyncMetricsConfiguredWithPrefix" classname="org.prebid.server.metric.MetricsTest" time="0.001"/>
  <testcase name="shouldReturnAdapterRequestTypeMetricsConfiguredWithCounterType" classname="org.prebid.server.metric.MetricsTest" time="0.001"/>
  <testcase name="shouldIncrementStoredRequestFoundMetric" classname="org.prebid.server.metric.MetricsTest" time="0.002"/>
  <testcase name="shouldIncrementPrebidCacheRequestSuccessTimer" classname="org.prebid.server.metric.MetricsTest" time="0.001"/>
  <testcase name="shouldReturnBidderUserSyncMetricsConfiguredWithBidder" classname="org.prebid.server.metric.MetricsTest" time="0.001"/>
  <testcase name="shouldIncrementBothGeoLocationRequestsAndFailMetrics" classname="org.prebid.server.metric.MetricsTest" time="0.001"/>
  <testcase name="shouldNotUpdateAccountMetricsIfVerbosityIsNone" classname="org.prebid.server.metric.MetricsTest" time="0"/>
  <testcase name="shouldReturnAdapterRequestMetricsConfiguredWithCounterType" classname="org.prebid.server.metric.MetricsTest" time="0.002"/>
  <testcase name="forAdapterShouldReturnSameAdapterMetricsOnSuccessiveCalls" classname="org.prebid.server.metric.MetricsTest" time="0.001"/>
  <testcase name="shouldIncrementHttpClientCircuitBreakerOpenMetric" classname="org.prebid.server.metric.MetricsTest" time="0.001"/>
  <testcase name="shouldIncrementHttpClientCircuitBreakerCloseMetric" classname="org.prebid.server.metric.MetricsTest" time="0"/>
  <testcase name="shouldUpdateAccountRequestsMetricOnlyIfVerbosityIsBasic" classname="org.prebid.server.metric.MetricsTest" time="0"/>
  <testcase name="updateAdapterResponseTimeShouldUpdateMetrics" classname="org.prebid.server.metric.MetricsTest" time="0.001"/>
  <testcase name="cookieSyncShouldReturnSameCookieSyncMetricsOnSuccessiveCalls" classname="org.prebid.server.metric.MetricsTest" time="0.001"/>
  <testcase name="shouldUpdateDatabaseQueryTimeMetric" classname="org.prebid.server.metric.MetricsTest" time="0.001"/>
  <testcase name="updateCookieSyncTcfBlockedMetricShouldIncrementMetric" classname="org.prebid.server.metric.MetricsTest" time="0.001"/>
  <testcase name="updatePrivacyCcpaMetricsShouldIncrementMetrics" classname="org.prebid.server.metric.MetricsTest" time="0"/>
  <testcase name="updatePrivacyCoppaMetricShouldIncrementMetric" classname="org.prebid.server.metric.MetricsTest" time="0"/>
  <testcase name="forAdapterShouldReturnAdapterMetricsConfiguredWithAdapterType" classname="org.prebid.server.metric.MetricsTest" time="0.001"/>
  <testcase name="shouldReturnSameAdapterRequestMetricsOnSuccessiveCalls" classname="org.prebid.server.metric.MetricsTest" time="0.001"/>
  <testcase name="shouldIncrementConnectionAcceptErrorsMetric" classname="org.prebid.server.metric.MetricsTest" time="0.001"/>
  <testcase name="shouldReturnAccountAdapterRequestMetricsConfiguredWithCounterType" classname="org.prebid.server.metric.MetricsTest" time="0"/>
  <testcase name="updateAdapterRequestTypeAndNoCookieMetricsShouldUpdateMetricsAsExpected" classname="org.prebid.server.metric.MetricsTest" time="0.001"/>
  <testcase name="shouldReturnAccountAdapterMetricsConfiguredWithCounterType" classname="org.prebid.server.metric.MetricsTest" time="0.001"/>
  <testcase name="shouldReturnBidderUserSyncMetricsConfiguredWithCounterType" classname="org.prebid.server.metric.MetricsTest" time="0.001"/>
  <testcase name="updateAccountRequestMetricsShouldIncrementMetrics" classname="org.prebid.server.metric.MetricsTest" time="0"/>
  <testcase name="shouldIncrementGeoLocationCircuitBreakerCloseMetric" classname="org.prebid.server.metric.MetricsTest" time="0.001"/>
  <testcase name="updateAdapterRequestErrorMetricShouldIncrementMetrics" classname="org.prebid.server.metric.MetricsTest" time="0.001"/>
  <testcase name="shouldReturnBidderCookieSyncMetricsConfiguredWithCounterType" classname="org.prebid.server.metric.MetricsTest" time="0.001"/>
  <testcase name="forCircuitBreakerShouldReturnSameCircuitBreakerMetricsOnSuccessiveCalls" classname="org.prebid.server.metric.MetricsTest" time="0"/>
  <testcase name="updateImpTypesMetricsByImpsShouldGroupCountByMediaTypeAndCallOverloadedMethodToIncrementMetrics" classname="org.prebid.server.metric.MetricsTest" time="0.23"/>
  <testcase name="updateUserSyncOptoutMetricShouldIncrementMetric" classname="org.prebid.server.metric.MetricsTest" time="0.001"/>
  <testcase name="shouldReturnAccountRequestTypeMetricsConfiguredWithAccount" classname="org.prebid.server.metric.MetricsTest" time="0.002"/>
  <testcase name="forCircuitBreakerShouldReturnCircuitBreakerMetricsConfiguredWithCounterType" classname="org.prebid.server.metric.MetricsTest" time="0.001"/>
  <testcase name="shouldIncrementStoredRequestMissingMetric" classname="org.prebid.server.metric.MetricsTest" time="0.001"/>
  <testcase name="updateCookieSyncGenMetricShouldIncrementMetric" classname="org.prebid.server.metric.MetricsTest" time="0.002"/>
  <testcase name="shouldReturnAccountAdapterRequestMetricsConfiguredWithAccountAndAdapterType" classname="org.prebid.server.metric.MetricsTest" time="0.001"/>
  <testcase name="shouldReturnSameAdapterRequestTypeMetricsOnSuccessiveCalls" classname="org.prebid.server.metric.MetricsTest" time="0.001"/>
  <testcase name="shouldIncrementPrebidCacheRequestFailedTimer" classname="org.prebid.server.metric.MetricsTest" time="0.001"/>
  <testcase name="shouldIncrementStoredImpMissingMetric" classname="org.prebid.server.metric.MetricsTest" time="0.017"/>
  <testcase name="userSyncShouldReturnSameUserSyncMetricsOnSuccessiveCalls" classname="org.prebid.server.metric.MetricsTest" time="0.001"/>
  <testcase name="updateAuctionTcfMetricShouldIncrementMetrics" classname="org.prebid.server.metric.MetricsTest" time="0.001"/>
  <testcase name="updatePrivacyTcfVendorListErrorMetricShouldIncrementMetric" classname="org.prebid.server.metric.MetricsTest" time="0.002"/>
  <testcase name="updatePrivacyTcfVendorListOkMetricShouldIncrementMetric" classname="org.prebid.server.metric.MetricsTest" time="0.001"/>
  <testcase name="updatePrivacyLmtMetricShouldIncrementMetric" classname="org.prebid.server.metric.MetricsTest" time="0.001"/>
  <testcase name="shouldReturnSameBidderUserSyncMetricsOnSuccessiveCalls" classname="org.prebid.server.metric.MetricsTest" time="0.001"/>
  <testcase name="updatePrivacyTcfInvalidMetricShouldIncrementMetric" classname="org.prebid.server.metric.MetricsTest" time="0.002"/>
  <testcase name="shouldReturnSameAccountAdapterRequestMetricsOnSuccessiveCalls" classname="org.prebid.server.metric.MetricsTest" time="0.001"/>
</testsuite>