<?xml version="1.0" encoding="UTF-8"?>
<testsuite xmlns:xsi="http://www.w3.org/2001/XMLSchema-instance" xsi:schemaLocation="https://maven.apache.org/surefire/maven-surefire-plugin/xsd/surefire-test-report.xsd" name="org.prebid.server.validation.RequestValidatorTest" time="0.823" tests="143" errors="0" skipped="0" failures="0">
  <properties>
    <property name="java.runtime.name" value="OpenJDK Runtime Environment"/>
    <property name="sun.boot.library.path" value="/usr/local/openjdk-8/jre/lib/amd64"/>
    <property name="java.vm.version" value="25.262-b10"/>
    <property name="animal.sniffer.skip" value="true"/>
    <property name="java.vm.vendor" value="Oracle Corporation"/>
    <property name="maven.multiModuleProjectDirectory" value="/tmp/tmp6koapsiz/prebid-server-java"/>
    <property name="maven.javadoc.skip" value="true"/>
    <property name="java.vendor.url" value="http://java.oracle.com/"/>
    <property name="path.separator" value=":"/>
    <property name="guice.disable.misplaced.annotation.check" value="true"/>
    <property name="java.vm.name" value="OpenJDK 64-Bit Server VM"/>
    <property name="file.encoding.pkg" value="sun.io"/>
    <property name="sun.java.launcher" value="SUN_STANDARD"/>
    <property name="sun.os.patch.level" value="unknown"/>
    <property name="source.skip" value="true"/>
    <property name="java.vm.specification.name" value="Java Virtual Machine Specification"/>
    <property name="user.dir" value="/tmp/tmp6koapsiz/prebid-server-java"/>
    <property name="java.runtime.version" value="1.8.0_262-b10"/>
    <property name="java.awt.graphicsenv" value="sun.awt.X11GraphicsEnvironment"/>
    <property name="java.endorsed.dirs" value="/usr/local/openjdk-8/jre/lib/endorsed"/>
    <property name="os.arch" value="amd64"/>
    <property name="java.io.tmpdir" value="/tmp"/>
    <property name="line.separator" value="&#10;"/>
    <property name="java.vm.specification.vendor" value="Oracle Corporation"/>
    <property name="os.name" value="Linux"/>
    <property name="classworlds.conf" value="/usr/share/maven/bin/m2.conf"/>
    <property name="sun.jnu.encoding" value="UTF-8"/>
    <property name="java.library.path" value="/usr/java/packages/lib/amd64:/usr/lib64:/lib64:/lib:/usr/lib"/>
    <property name="license.skip" value="true"/>
    <property name="maven.conf" value="/usr/share/maven/conf"/>
    <property name="java.specification.name" value="Java Platform API Specification"/>
    <property name="java.class.version" value="52.0"/>
    <property name="sun.management.compiler" value="HotSpot 64-Bit Tiered Compilers"/>
    <property name="maven.test.failure.ignore" value="true"/>
    <property name="os.version" value="4.15.0-109-generic"/>
    <property name="library.jansi.path" value="/usr/share/maven/lib/jansi-native"/>
    <property name="user.home" value="/home/jdbl"/>
    <property name="user.timezone" value="Etc/UTC"/>
    <property name="java.awt.printerjob" value="sun.print.PSPrinterJob"/>
    <property name="java.specification.version" value="1.8"/>
    <property name="file.encoding" value="UTF-8"/>
    <property name="user.name" value="jdbl"/>
    <property name="java.class.path" value="/usr/share/maven/boot/plexus-classworlds-2.6.0.jar"/>
    <property name="java.vm.specification.version" value="1.8"/>
    <property name="sun.arch.data.model" value="64"/>
    <property name="java.home" value="/usr/local/openjdk-8/jre"/>
    <property name="sun.java.command" value="org.codehaus.plexus.classworlds.launcher.Launcher test -e --fail-never -ntp -Dmaven.test.failure.ignore=true -B -Dmaven.javadoc.skip=true -Drat.skip=true -Danimal.sniffer.skip=true -Dmaven.javadoc.skip=true -Dlicense.skip=true -Dsource.skip=true"/>
    <property name="java.specification.vendor" value="Oracle Corporation"/>
    <property name="user.language" value="en"/>
    <property name="awt.toolkit" value="sun.awt.X11.XToolkit"/>
    <property name="java.vm.info" value="mixed mode"/>
    <property name="java.version" value="1.8.0_262"/>
    <property name="java.ext.dirs" value="/usr/local/openjdk-8/jre/lib/ext:/usr/java/packages/lib/ext"/>
    <property name="securerandom.source" value="file:/dev/./urandom"/>
    <property name="sun.boot.class.path" value="/usr/local/openjdk-8/jre/lib/resources.jar:/usr/local/openjdk-8/jre/lib/rt.jar:/usr/local/openjdk-8/jre/lib/sunrsasign.jar:/usr/local/openjdk-8/jre/lib/jsse.jar:/usr/local/openjdk-8/jre/lib/jce.jar:/usr/local/openjdk-8/jre/lib/charsets.jar:/usr/local/openjdk-8/jre/lib/jfr.jar:/usr/local/openjdk-8/jre/classes"/>
    <property name="java.vendor" value="Oracle Corporation"/>
    <property name="rat.skip" value="true"/>
    <property name="maven.home" value="/usr/share/maven"/>
    <property name="file.separator" value="/"/>
    <property name="java.vendor.url.bug" value="http://bugreport.sun.com/bugreport/"/>
    <property name="sun.cpu.endian" value="little"/>
    <property name="sun.io.unicode.encoding" value="UnicodeLittle"/>
    <property name="sun.cpu.isalist" value=""/>
  </properties>
  <testcase name="validateShouldReturnValidationMessageWhenMinWidthPercIsLessThanZero" classname="org.prebid.server.validation.RequestValidatorTest" time="0.223"/>
  <testcase name="validateShouldReturnValidationResultWithErrorWhenNativeVideoHasEmptyMimes" classname="org.prebid.server.validation.RequestValidatorTest" time="0.038"/>
  <testcase name="validateShouldReturnValidationMessageWhenBannerHasNegativeHeight" classname="org.prebid.server.validation.RequestValidatorTest" time="0.001"/>
  <testcase name="validateShouldReturnErrorWhenContextSubTypeAndContextTypeOutOfPossibleContentValuesRange" classname="org.prebid.server.validation.RequestValidatorTest" time="0.005"/>
  <testcase name="validateShouldReturnValidationMessageWhenBannerFormatSizesAndRatiosPresent" classname="org.prebid.server.validation.RequestValidatorTest" time="0.002"/>
  <testcase name="validateShouldReturnValidationMessageWhenBannerFormatHWAndRatiosPresent" classname="org.prebid.server.validation.RequestValidatorTest" time="0.002"/>
  <testcase name="validateShouldReturnValidationResultWithErrorWhenIndividualAssetHasImageAndData" classname="org.prebid.server.validation.RequestValidatorTest" time="0.002"/>
  <testcase name="validateShouldReturnValidationMessageWhenRangesAreEmptyList" classname="org.prebid.server.validation.RequestValidatorTest" time="0.047"/>
  <testcase name="validateShouldReturnValidationMessageWhenBidderExtIsInvalid" classname="org.prebid.server.validation.RequestValidatorTest" time="0"/>
  <testcase name="validateShouldReturnValidationMessageWhenBannerHasEmptyFormatAndNoHeight" classname="org.prebid.server.validation.RequestValidatorTest" time="0.002"/>
  <testcase name="validateShouldReturnValidationResultWithErrorWhenIndividualAssetHasTitleAndData" classname="org.prebid.server.validation.RequestValidatorTest" time="0.002"/>
  <testcase name="validateShouldReturnValidationResultWithErrorWhenNativeVideoHasMinDurationLessThanOne" classname="org.prebid.server.validation.RequestValidatorTest" time="0.002"/>
  <testcase name="validateShouldReturnValidationMessageWhenEidUidIdIsMissing" classname="org.prebid.server.validation.RequestValidatorTest" time="0.012"/>
  <testcase name="validateShouldReturnValidationMessageWhenPrebidBuyerIdsContainsUnknownBidder" classname="org.prebid.server.validation.RequestValidatorTest" time="0.007"/>
  <testcase name="validateShouldReturnErrorWhenContextSubTypeAndContextTypeOutOfPossibleProductValuesRange" classname="org.prebid.server.validation.RequestValidatorTest" time="0.003"/>
  <testcase name="validateShouldReturnValidationMessageWhenBannerHasEmptyFormatAndZeroWidth" classname="org.prebid.server.validation.RequestValidatorTest" time="0.002"/>
  <testcase name="validateShouldReturnValidationMessageWhenPmpDealIdIsNull" classname="org.prebid.server.validation.RequestValidatorTest" time="0.001"/>
  <testcase name="validateShouldReturnValidationResultWithErrorsWhenRegsExtIsNotValidJson" classname="org.prebid.server.validation.RequestValidatorTest" time="0.001"/>
  <testcase name="validateShouldReturnValidationMessageWhenSiteIdIsEmptyStringAndPageIsNull" classname="org.prebid.server.validation.RequestValidatorTest" time="0.001"/>
  <testcase name="validateShouldReturnValidationMessageWhenEidHasNoIdOrUids" classname="org.prebid.server.validation.RequestValidatorTest" time="0.001"/>
  <testcase name="validateShouldReturnValidationMessageWhenMetricValueIsNotValid" classname="org.prebid.server.validation.RequestValidatorTest" time="0.003"/>
  <testcase name="validateShouldReturnValidationMessageForInvalidTargeting" classname="org.prebid.server.validation.RequestValidatorTest" time="0.003"/>
  <testcase name="validateShouldReturnValidationMessageWhenCurIsNull" classname="org.prebid.server.validation.RequestValidatorTest" time="0.002"/>
  <testcase name="validateShouldReturnValidationMessageWhenBannerFormatWidthIsNegative" classname="org.prebid.server.validation.RequestValidatorTest" time="0.001"/>
  <testcase name="validateShouldReturnValidationMessageWhenNumberOfImpsIsZero" classname="org.prebid.server.validation.RequestValidatorTest" time="0.002"/>
  <testcase name="validateShouldReturnValidationMessageWhenBannerHasNullFormatAndNoSizes" classname="org.prebid.server.validation.RequestValidatorTest" time="0.001"/>
  <testcase name="validateShouldReturnValidationMessagesWhenImpExtBidderIsUnknown" classname="org.prebid.server.validation.RequestValidatorTest" time="0.03"/>
  <testcase name="validateShouldReturnValidationResultWithErrorWhenDataTypeOutOfPossibleValuesRange" classname="org.prebid.server.validation.RequestValidatorTest" time="0.002"/>
  <testcase name="validateShouldReturnValidationMessageWhenBannerFormatRatiosUsedAndWRatioIsNegative" classname="org.prebid.server.validation.RequestValidatorTest" time="0.002"/>
  <testcase name="validateShouldReturnValidationResultWithErrorWhenPlacementTypeOutOfPossibleValuesRange" classname="org.prebid.server.validation.RequestValidatorTest" time="0.002"/>
  <testcase name="validateShouldReturnValidationMessageWhenAppExtIsNotValid" classname="org.prebid.server.validation.RequestValidatorTest" time="0"/>
  <testcase name="validateShouldReturnValidationMessageWhenSiteExtAmpIsNegative" classname="org.prebid.server.validation.RequestValidatorTest" time="0"/>
  <testcase name="validateShouldReturnValidationMessageWhenMinHeightPercIsNull" classname="org.prebid.server.validation.RequestValidatorTest" time="0"/>
  <testcase name="validateShouldNotReturnErrorMessageWhenSourceExtIsNotValid" classname="org.prebid.server.validation.RequestValidatorTest" time="0.002"/>
  <testcase name="validateShouldReturnEmptyValidationMessagesWhenNativeVideoIsValid" classname="org.prebid.server.validation.RequestValidatorTest" time="0.005"/>
  <testcase name="validateShouldReturnValidationMessageWhenPrebidBuyerIdsContainsNoValues" classname="org.prebid.server.validation.RequestValidatorTest" time="0"/>
  <testcase name="validateShouldReturnValidationResultWithErrorWhenNativeVideoHasEmptyMinDuration" classname="org.prebid.server.validation.RequestValidatorTest" time="0.002"/>
  <testcase name="validateShouldReturnValidationMessageWhenRequestHaveDuplicatedImpIds" classname="org.prebid.server.validation.RequestValidatorTest" time="0.002"/>
  <testcase name="validateShouldReturnValidationMessageWhenBannerHasZeroWidth" classname="org.prebid.server.validation.RequestValidatorTest" time="0.001"/>
  <testcase name="validateShouldNotReturnValidationMessageWhenTmaxIsNull" classname="org.prebid.server.validation.RequestValidatorTest" time="0"/>
  <testcase name="validateShouldReturnValidationMessageWhenMinHeightPercGreaterThanHundred" classname="org.prebid.server.validation.RequestValidatorTest" time="0"/>
  <testcase name="validateShouldReturnValidationMessageWhenPmpDealIdIsEmptyString" classname="org.prebid.server.validation.RequestValidatorTest" time="0.002"/>
  <testcase name="validateShouldReturnValidationMessageWhenAliasNameEqualsToBidderItPointsOn" classname="org.prebid.server.validation.RequestValidatorTest" time="0.001"/>
  <testcase name="validateShouldReturnValidationMessageWhenEidsIsEmpty" classname="org.prebid.server.validation.RequestValidatorTest" time="0"/>
  <testcase name="validateShouldReturnValidationMessageWithCorrectMediaType" classname="org.prebid.server.validation.RequestValidatorTest" time="0.002"/>
  <testcase name="validateShouldReturnValidationMessageWhenBannerFormatStaticSizesUsedAndWeightIsNull" classname="org.prebid.server.validation.RequestValidatorTest" time="0.001"/>
  <testcase name="validateShouldReturnValidationMessageWhenBannerFormatStaticSizesUsedAndWeightIsZero" classname="org.prebid.server.validation.RequestValidatorTest" time="0.002"/>
  <testcase name="validateShouldReturnValidationResultWithErrorWhenContextSubTypeOutOfPossibleValuesRange" classname="org.prebid.server.validation.RequestValidatorTest" time="0.001"/>
  <testcase name="validateShouldReturnValidationResultWithErrorWhenNativeVideoProtocolsOutOfPossibleValues" classname="org.prebid.server.validation.RequestValidatorTest" time="0.002"/>
  <testcase name="validateShouldReturnValidationMessageWhenSiteIdAndPageIsNull" classname="org.prebid.server.validation.RequestValidatorTest" time="0"/>
  <testcase name="validateShouldReturnValidationResultWithErrorWhenEventTrackerInvalidMethod" classname="org.prebid.server.validation.RequestValidatorTest" time="0.003"/>
  <testcase name="validateShouldReturnValidationResultWithErrorWhenHasZeroTitleLen" classname="org.prebid.server.validation.RequestValidatorTest" time="0.001"/>
  <testcase name="validateShouldReturnEmptyValidationMessagesWhenBannerFormatSizesSpecifiedOnly" classname="org.prebid.server.validation.RequestValidatorTest" time="0"/>
  <testcase name="validateShouldReturnValidationMessageWhenBannerFormatRatiosUsedAndWRatioIsNull" classname="org.prebid.server.validation.RequestValidatorTest" time="0.002"/>
  <testcase name="validateShouldReturnValidationMessageWhenBannerFormatRatiosUsedAndWRatioIsZero" classname="org.prebid.server.validation.RequestValidatorTest" time="0.001"/>
  <testcase name="validateShouldReturnValidationMessageWhenCantParseTargetingPriceGranularity" classname="org.prebid.server.validation.RequestValidatorTest" time="0.001"/>
  <testcase name="validateShouldReturnErrorWhenContextSubTypeAndContextTypeOutOfPossibleSocialValuesRange" classname="org.prebid.server.validation.RequestValidatorTest" time="0.001"/>
  <testcase name="validateShouldReturnValidationResultWithErrorWhenNativeVideoHasEmptyMaxDuration" classname="org.prebid.server.validation.RequestValidatorTest" time="0.001"/>
  <testcase name="validateShouldReturnValidationMessageWhenMediaTypePriceGranularityTypesAreAllNull" classname="org.prebid.server.validation.RequestValidatorTest" time="0.002"/>
  <testcase name="validateShouldReturnOnlyOneErrorAtATime" classname="org.prebid.server.validation.RequestValidatorTest" time="0.001"/>
  <testcase name="validateShouldReturnValidationMessageWhenBannerHasEmptyFormatAndNegativeHeight" classname="org.prebid.server.validation.RequestValidatorTest" time="0"/>
  <testcase name="validateShouldReturnValidationResultWithEmptyErrorWhenContextIsNull" classname="org.prebid.server.validation.RequestValidatorTest" time="0"/>
  <testcase name="validateShouldReturnValidationMessageWhenBannerHasNegativeWidth" classname="org.prebid.server.validation.RequestValidatorTest" time="0.001"/>
  <testcase name="validateShouldReturnEmptyValidationMessagesWhenPageIdIsNullAndSiteIdIsPresent" classname="org.prebid.server.validation.RequestValidatorTest" time="0"/>
  <testcase name="validateShouldReturnValidationMessageWhenEidUidsIsEmpty" classname="org.prebid.server.validation.RequestValidatorTest" time="0"/>
  <testcase name="validateShouldNotReturnAnyErrorInValidationResultWhenPrebidBuyerIdIsKnownBidder" classname="org.prebid.server.validation.RequestValidatorTest" time="0"/>
  <testcase name="validateShouldReturnValidationMessageWhenNoneOfMediaTypeIsPresent" classname="org.prebid.server.validation.RequestValidatorTest" time="0.002"/>
  <testcase name="validateShouldReturnValidationMessageWhenBannerHasEmptyFormatAndNegativeWidth" classname="org.prebid.server.validation.RequestValidatorTest" time="0"/>
  <testcase name="validateShouldReturnEmptyValidationMessagesWhenOnlyPrebidImpExtExist" classname="org.prebid.server.validation.RequestValidatorTest" time="0.001"/>
  <testcase name="validateShouldReturnValidationResultWithErrorWhenIndividualAssetHasTitleAndImage" classname="org.prebid.server.validation.RequestValidatorTest" time="0.001"/>
  <testcase name="validateShouldReturnValidationResultWithErrorWhenIndividualAssetHasTitleAndVideo" classname="org.prebid.server.validation.RequestValidatorTest" time="0.001"/>
  <testcase name="validateShouldEmptyValidationMessagesWhenBidderIsKnownAliasForCoreBidderAndAdjustmentIsValid" classname="org.prebid.server.validation.RequestValidatorTest" time="0"/>
  <testcase name="validateShouldReturnValidationMessageWhenNoImpExtBiddersPresent" classname="org.prebid.server.validation.RequestValidatorTest" time="0.001"/>
  <testcase name="validateShouldReturnValidationMessageWhenIncrementIsZero" classname="org.prebid.server.validation.RequestValidatorTest" time="0.001"/>
  <testcase name="validateShouldReturnValidationResultWithEmptyErrorWhenContextSubTypeAndContextTypeValid" classname="org.prebid.server.validation.RequestValidatorTest" time="0.001"/>
  <testcase name="validateShouldReturnValidationMessageWhenRequestIdIsEmpty" classname="org.prebid.server.validation.RequestValidatorTest" time="0.001"/>
  <testcase name="validateShouldReturnValidationResultWithErrorWhenIndividualAssetHasImageAndVideo" classname="org.prebid.server.validation.RequestValidatorTest" time="0.001"/>
  <testcase name="validateShouldReturnValidationMessageWhenTmaxIsNegative" classname="org.prebid.server.validation.RequestValidatorTest" time="0.001"/>
  <testcase name="validateShouldReturnValidationMessageWhenEidSourceIsNotUnique" classname="org.prebid.server.validation.RequestValidatorTest" time="0.046"/>
  <testcase name="validateShouldReturnValidationResultWithErrorWhenElementInAssetsHasWhichIsNotUnique" classname="org.prebid.server.validation.RequestValidatorTest" time="0.006"/>
  <testcase name="validateShouldEmptyValidationMessagesWhenSitePageIsEmptyString" classname="org.prebid.server.validation.RequestValidatorTest" time="0"/>
  <testcase name="validateShouldReturnEmptyValidationMessagesWhenBidRequestIsOk" classname="org.prebid.server.validation.RequestValidatorTest" time="0.002"/>
  <testcase name="validateShouldReturnValidationMessageWhenSiteExtAmpIsGreaterThanOne" classname="org.prebid.server.validation.RequestValidatorTest" time="0.002"/>
  <testcase name="validateShouldReturnValidationMessageWhenMinWidthPercGreaterThanHundred" classname="org.prebid.server.validation.RequestValidatorTest" time="0.001"/>
  <testcase name="validateShouldReturnValidationMessageWhenIncrementIsNegativeInNotLeadingElement" classname="org.prebid.server.validation.RequestValidatorTest" time="0.005"/>
  <testcase name="validateShouldThrowExceptionWhenNativeRequestMalformed" classname="org.prebid.server.validation.RequestValidatorTest" time="0.002"/>
  <testcase name="validateShouldNotReturnErrorMessageWhenRegsExtIsEmptyJsonObject" classname="org.prebid.server.validation.RequestValidatorTest" time="0.001"/>
  <testcase name="validateShouldReturnValidationMessageWhenIncrementIsNegative" classname="org.prebid.server.validation.RequestValidatorTest" time="0.003"/>
  <testcase name="validateShouldReturnValidationMessageWhenBannerHasEmptyFormatAndNoSizes" classname="org.prebid.server.validation.RequestValidatorTest" time="0.002"/>
  <testcase name="validateShouldReturnValidationMessageWhenBannerHasEmptyFormatAndNoWidth" classname="org.prebid.server.validation.RequestValidatorTest" time="0.001"/>
  <testcase name="validateShouldEmptyValidationMessagesWhenBidderIsKnownAndAdjustmentIsValid" classname="org.prebid.server.validation.RequestValidatorTest" time="0"/>
  <testcase name="validateShouldUpdateNativeRequestAssetsIds" classname="org.prebid.server.validation.RequestValidatorTest" time="0.004"/>
  <testcase name="validateShouldReturnValidationMessageWhenRequestAppAndRequestSiteBothMissed" classname="org.prebid.server.validation.RequestValidatorTest" time="0.001"/>
  <testcase name="validateShouldReturnValidationMessageWhenSiteExtCannotBeParsed" classname="org.prebid.server.validation.RequestValidatorTest" time="0.001"/>
  <testcase name="validateShouldReturnValidationMessageWhenPrecisionIsNegative" classname="org.prebid.server.validation.RequestValidatorTest" time="0.002"/>
  <testcase name="validateShouldReturnValidationMessageWhenAdjustmentFactorNegative" classname="org.prebid.server.validation.RequestValidatorTest" time="0.001"/>
  <testcase name="validateShouldReturnValidationMessageWhenUserExtFailedToBeParsed" classname="org.prebid.server.validation.RequestValidatorTest" time="0"/>
  <testcase name="validateShouldReturnValidationResultWithErrorWhenNativeVideoHasMaxDurationLessThanOne" classname="org.prebid.server.validation.RequestValidatorTest" time="0.003"/>
  <testcase name="validateShouldReturnValidationResultWithEmptyErrorWhenSubTypeContextIsNull" classname="org.prebid.server.validation.RequestValidatorTest" time="0"/>
  <testcase name="validateShouldReturnValidationResultWithEmptyErrorWhenValidEventTracker" classname="org.prebid.server.validation.RequestValidatorTest" time="0"/>
  <testcase name="validateShouldReturnValidationMessageWhenBannerHasEmptyFormatAndZeroHeight" classname="org.prebid.server.validation.RequestValidatorTest" time="0.002"/>
  <testcase name="validateShouldReturnValidationMessageWhenMinHeightPercIsLessThanZero" classname="org.prebid.server.validation.RequestValidatorTest" time="0"/>
  <testcase name="validateShouldReturnValidationMessageWhenExtIsInvalid" classname="org.prebid.server.validation.RequestValidatorTest" time="0.002"/>
  <testcase name="validateShouldReturnValidationMessageWhenRequestAppAndRequestSiteBothPresent" classname="org.prebid.server.validation.RequestValidatorTest" time="0"/>
  <testcase name="validateShouldReturnValidationMessageWhenEidHasEmptySource" classname="org.prebid.server.validation.RequestValidatorTest" time="0"/>
  <testcase name="validateShouldReturnValidationResultWithErrorWhenNativeVideoHasEmptyProtocols" classname="org.prebid.server.validation.RequestValidatorTest" time="0.002"/>
  <testcase name="validateShouldNotReturnAnyErrorInValidationResultWhenPrebidBuyerIdIsKnownBidderAlias" classname="org.prebid.server.validation.RequestValidatorTest" time="0"/>
  <testcase name="validateShouldReturnValidationResultWithErrorWhenHasNullTitleLen" classname="org.prebid.server.validation.RequestValidatorTest" time="0.001"/>
  <testcase name="validateShouldReturnValidationResultWithErrorsWhenGdprIsNotOneOrZero" classname="org.prebid.server.validation.RequestValidatorTest" time="0"/>
  <testcase name="validateShouldReturnValidationMessageWhenBannerFormatStaticSizesUsedAndHeightIsNull" classname="org.prebid.server.validation.RequestValidatorTest" time="0.002"/>
  <testcase name="validateShouldReturnValidationMessageWhenBannerFormatStaticSizesUsedAndHeightIsZero" classname="org.prebid.server.validation.RequestValidatorTest" time="0.002"/>
  <testcase name="validateShouldReturnValidationResultWithErrorWhenContextTypeOutOfPossibleValuesRange" classname="org.prebid.server.validation.RequestValidatorTest" time="0.002"/>
  <testcase name="validateShouldReturnValidationResultWithErrorWhenEventTrackerEmptyMethods" classname="org.prebid.server.validation.RequestValidatorTest" time="0.001"/>
  <testcase name="validateShouldReturnValidationMessageWhenImpIdEmptyString" classname="org.prebid.server.validation.RequestValidatorTest" time="0.002"/>
  <testcase name="validateShouldReturnValidationMessageWhenSiteIdAndPageBothEmpty" classname="org.prebid.server.validation.RequestValidatorTest" time="0"/>
  <testcase name="validateShouldReturnValidationMessageWhenBidderUnknown" classname="org.prebid.server.validation.RequestValidatorTest" time="0.001"/>
  <testcase name="validateShouldReturnValidationResultWithErrorWhenEventTrackersOutOfPossibleValuesRange" classname="org.prebid.server.validation.RequestValidatorTest" time="0.002"/>
  <testcase name="validateShouldThrowExceptionWhenNativeRequestEmpty" classname="org.prebid.server.validation.RequestValidatorTest" time="0.001"/>
  <testcase name="validateShouldReturnValidationMessageWhenBannerFormatHeightWeightAndOneOfRatiosPresent" classname="org.prebid.server.validation.RequestValidatorTest" time="0.001"/>
  <testcase name="validateShouldReturnValidationMessageWhenDigiTrustPrefNotEqualZero" classname="org.prebid.server.validation.RequestValidatorTest" time="0"/>
  <testcase name="validateShouldReturnEmptyValidationMessagesWhenBannerHasNullFormatAndValidSizes" classname="org.prebid.server.validation.RequestValidatorTest" time="0"/>
  <testcase name="validateShouldReturnValidationMessageWhenBannerFormatRatiosUsedAndHRatioIsNull" classname="org.prebid.server.validation.RequestValidatorTest" time="0.002"/>
  <testcase name="validateShouldReturnValidationMessageWhenBannerFormatRatiosUsedAndHRatioIsZero" classname="org.prebid.server.validation.RequestValidatorTest" time="0.001"/>
  <testcase name="validateShouldReturnValidationMessageWhenBannerFormatRatiosUsedAndWMinIsNegative" classname="org.prebid.server.validation.RequestValidatorTest" time="0.001"/>
  <testcase name="validateShouldReturnValidationMessageWhenMetricTypeNullOrEmpty" classname="org.prebid.server.validation.RequestValidatorTest" time="0.002"/>
  <testcase name="validateShouldReturnValidationMessageWhenMinWidthPercIsNull" classname="org.prebid.server.validation.RequestValidatorTest" time="0"/>
  <testcase name="validateShouldReturnEmptyValidationMessagesWhenBannerFormatRatiosSpecifiedOnly" classname="org.prebid.server.validation.RequestValidatorTest" time="0"/>
  <testcase name="validateShouldReturnValidationMessageWhenImpIdNull" classname="org.prebid.server.validation.RequestValidatorTest" time="0"/>
  <testcase name="validateShouldReturnValidationMessageWhenRangesAreNotOrderedByMaxValueInTheMiddleOfRangeList" classname="org.prebid.server.validation.RequestValidatorTest" time="0.001"/>
  <testcase name="validateShouldReturnValidationResultWithErrorWhenAssetsContainsZeroElements" classname="org.prebid.server.validation.RequestValidatorTest" time="0.001"/>
  <testcase name="validateShouldReturnValidationMessageWhenRequestIdIsNull" classname="org.prebid.server.validation.RequestValidatorTest" time="0.001"/>
  <testcase name="validateShouldReturnValidationMessageWhenBannerFormatHeightIsNegative" classname="org.prebid.server.validation.RequestValidatorTest" time="0.001"/>
  <testcase name="validateShouldReturnValidationMessageWhenBannerFormatRatiosUsedAndWMinIsNull" classname="org.prebid.server.validation.RequestValidatorTest" time="0.001"/>
  <testcase name="validateShouldReturnValidationMessageWhenBannerFormatRatiosUsedAndWMinIsZero" classname="org.prebid.server.validation.RequestValidatorTest" time="0.001"/>
  <testcase name="validateShouldReturnValidationMessageWhenBannerFormatRatiosUsedAndHRatioIsNegative" classname="org.prebid.server.validation.RequestValidatorTest" time="0.03"/>
  <testcase name="validateShouldReturnValidationMessageWhenAliasPointOnNotValidBidderName" classname="org.prebid.server.validation.RequestValidatorTest" time="0.001"/>
  <testcase name="validateShouldReturnValidationMessageWhenRangesAreNotOrderedByMaxValue" classname="org.prebid.server.validation.RequestValidatorTest" time="0.001"/>
  <testcase name="validateShouldNotReturnValidationMessageIfUserExtIsEmptyJsonObject" classname="org.prebid.server.validation.RequestValidatorTest" time="0"/>
  <testcase name="validateShouldReturnValidationMessageWhenBannerFormatRatiosAndOneOfSizesPresent" classname="org.prebid.server.validation.RequestValidatorTest" time="0.002"/>
  <testcase name="validateShouldReturnValidationMessageWhenAudioAttributePresentButAudioMimesMissed" classname="org.prebid.server.validation.RequestValidatorTest" time="0.001"/>
  <testcase name="validateShouldReturnEmptyValidationMessagesWhenAliasesWasUsed" classname="org.prebid.server.validation.RequestValidatorTest" time="0"/>
  <testcase name="validateShouldReturnValidationMessageWhenVideoAttributeIsPresentButVideaMimesMissed" classname="org.prebid.server.validation.RequestValidatorTest" time="0.002"/>
  <testcase name="validateShouldReturnValidationMessageWhenBannerHasZeroHeight" classname="org.prebid.server.validation.RequestValidatorTest" time="0.001"/>
</testsuite>