<?xml version="1.0" encoding="UTF-8"?>
<testsuite name="org.apache.commons.collections4.CollectionUtilsTest" time="0.007" tests="98" errors="0" skipped="0" failures="0">
  <properties>
    <property name="java.runtime.name" value="OpenJDK Runtime Environment"/>
    <property name="sun.boot.library.path" value="/usr/local/openjdk-8/jre/lib/amd64"/>
    <property name="java.vm.version" value="25.262-b10"/>
    <property name="animal.sniffer.skip" value="true"/>
    <property name="java.vm.vendor" value="Oracle Corporation"/>
    <property name="maven.multiModuleProjectDirectory" value="/tmp/tmpbl84nyap/commons-collections"/>
    <property name="maven.javadoc.skip" value="true"/>
    <property name="java.vendor.url" value="http://java.oracle.com/"/>
    <property name="path.separator" value=":"/>
    <property name="guice.disable.misplaced.annotation.check" value="true"/>
    <property name="java.vm.name" value="OpenJDK 64-Bit Server VM"/>
    <property name="file.encoding.pkg" value="sun.io"/>
    <property name="sun.java.launcher" value="SUN_STANDARD"/>
    <property name="sun.os.patch.level" value="unknown"/>
    <property name="source.skip" value="true"/>
    <property name="java.vm.specification.name" value="Java Virtual Machine Specification"/>
    <property name="user.dir" value="/tmp/tmpbl84nyap/commons-collections"/>
    <property name="java.runtime.version" value="1.8.0_262-b10"/>
    <property name="java.awt.graphicsenv" value="sun.awt.X11GraphicsEnvironment"/>
    <property name="java.endorsed.dirs" value="/usr/local/openjdk-8/jre/lib/endorsed"/>
    <property name="os.arch" value="amd64"/>
    <property name="java.io.tmpdir" value="/tmp"/>
    <property name="line.separator" value="&#10;"/>
    <property name="java.vm.specification.vendor" value="Oracle Corporation"/>
    <property name="os.name" value="Linux"/>
    <property name="classworlds.conf" value="/usr/share/maven/bin/m2.conf"/>
    <property name="maven.test.error.ignore" value="true"/>
    <property name="sun.jnu.encoding" value="UTF-8"/>
    <property name="java.library.path" value="/usr/java/packages/lib/amd64:/usr/lib64:/lib64:/lib:/usr/lib"/>
    <property name="license.skip" value="true"/>
    <property name="maven.conf" value="/usr/share/maven/conf"/>
    <property name="java.specification.name" value="Java Platform API Specification"/>
    <property name="java.class.version" value="52.0"/>
    <property name="sun.management.compiler" value="HotSpot 64-Bit Tiered Compilers"/>
    <property name="maven.test.failure.ignore" value="true"/>
    <property name="os.version" value="4.15.0-109-generic"/>
    <property name="library.jansi.path" value="/usr/share/maven/lib/jansi-native"/>
    <property name="user.home" value="/home/jdbl"/>
    <property name="user.timezone" value="Etc/UTC"/>
    <property name="java.awt.printerjob" value="sun.print.PSPrinterJob"/>
    <property name="java.specification.version" value="1.8"/>
    <property name="file.encoding" value="UTF-8"/>
    <property name="user.name" value="jdbl"/>
    <property name="java.class.path" value="/usr/share/maven/boot/plexus-classworlds-2.6.0.jar"/>
    <property name="java.vm.specification.version" value="1.8"/>
    <property name="sun.arch.data.model" value="64"/>
    <property name="java.home" value="/usr/local/openjdk-8/jre"/>
    <property name="sun.java.command" value="org.codehaus.plexus.classworlds.launcher.Launcher package -e --fail-never -ntp -Dmaven.test.error.ignore=true -Dmaven.test.failure.ignore=true -B -Dmaven.javadoc.skip=true -Drat.skip=true -Danimal.sniffer.skip=true -Dmaven.javadoc.skip=true -Dlicense.skip=true -Dsource.skip=true"/>
    <property name="java.specification.vendor" value="Oracle Corporation"/>
    <property name="user.language" value="en"/>
    <property name="awt.toolkit" value="sun.awt.X11.XToolkit"/>
    <property name="java.vm.info" value="mixed mode"/>
    <property name="java.version" value="1.8.0_262"/>
    <property name="java.ext.dirs" value="/usr/local/openjdk-8/jre/lib/ext:/usr/java/packages/lib/ext"/>
    <property name="securerandom.source" value="file:/dev/./urandom"/>
    <property name="sun.boot.class.path" value="/usr/local/openjdk-8/jre/lib/resources.jar:/usr/local/openjdk-8/jre/lib/rt.jar:/usr/local/openjdk-8/jre/lib/sunrsasign.jar:/usr/local/openjdk-8/jre/lib/jsse.jar:/usr/local/openjdk-8/jre/lib/jce.jar:/usr/local/openjdk-8/jre/lib/charsets.jar:/usr/local/openjdk-8/jre/lib/jfr.jar:/usr/local/openjdk-8/jre/classes"/>
    <property name="java.vendor" value="Oracle Corporation"/>
    <property name="rat.skip" value="true"/>
    <property name="maven.home" value="/usr/share/maven"/>
    <property name="file.separator" value="/"/>
    <property name="java.vendor.url.bug" value="http://bugreport.sun.com/bugreport/"/>
    <property name="sun.cpu.endian" value="little"/>
    <property name="sun.io.unicode.encoding" value="UnicodeLittle"/>
    <property name="sun.cpu.isalist" value=""/>
  </properties>
  <testcase name="forAllDoIterator" classname="org.apache.commons.collections4.CollectionUtilsTest" time="0"/>
  <testcase name="countMatches" classname="org.apache.commons.collections4.CollectionUtilsTest" time="0"/>
  <testcase name="getCardinalityMap" classname="org.apache.commons.collections4.CollectionUtilsTest" time="0"/>
  <testcase name="testIsEmptyWithNull" classname="org.apache.commons.collections4.CollectionUtilsTest" time="0"/>
  <testcase name="testIsEmptyWithNonEmptyCollection" classname="org.apache.commons.collections4.CollectionUtilsTest" time="0"/>
  <testcase name="testIsEmptyWithEmptyCollection" classname="org.apache.commons.collections4.CollectionUtilsTest" time="0"/>
  <testcase name="testIsEqualCollection2" classname="org.apache.commons.collections4.CollectionUtilsTest" time="0"/>
  <testcase name="filterNullParameters" classname="org.apache.commons.collections4.CollectionUtilsTest" time="0"/>
  <testcase name="transform1" classname="org.apache.commons.collections4.CollectionUtilsTest" time="0"/>
  <testcase name="transform2" classname="org.apache.commons.collections4.CollectionUtilsTest" time="0"/>
  <testcase name="testIsEqualCollection" classname="org.apache.commons.collections4.CollectionUtilsTest" time="0"/>
  <testcase name="testSizeIsEmpty_Enumeration" classname="org.apache.commons.collections4.CollectionUtilsTest" time="0"/>
  <testcase name="testIsSubCollection2" classname="org.apache.commons.collections4.CollectionUtilsTest" time="0"/>
  <testcase name="testIsProperSubCollection" classname="org.apache.commons.collections4.CollectionUtilsTest" time="0.001"/>
  <testcase name="addAllForElements" classname="org.apache.commons.collections4.CollectionUtilsTest" time="0"/>
  <testcase name="testSubtract" classname="org.apache.commons.collections4.CollectionUtilsTest" time="0"/>
  <testcase name="getNegative" classname="org.apache.commons.collections4.CollectionUtilsTest" time="0"/>
  <testcase name="testIsEqualCollectionReturnsFalse" classname="org.apache.commons.collections4.CollectionUtilsTest" time="0"/>
  <testcase name="exists" classname="org.apache.commons.collections4.CollectionUtilsTest" time="0"/>
  <testcase name="filter" classname="org.apache.commons.collections4.CollectionUtilsTest" time="0"/>
  <testcase name="getFromEnumeration" classname="org.apache.commons.collections4.CollectionUtilsTest" time="0"/>
  <testcase name="isFull" classname="org.apache.commons.collections4.CollectionUtilsTest" time="0"/>
  <testcase name="testTransformedCollection" classname="org.apache.commons.collections4.CollectionUtilsTest" time="0.001"/>
  <testcase name="testIsNotEmptyWithNull" classname="org.apache.commons.collections4.CollectionUtilsTest" time="0"/>
  <testcase name="intersectionUsesMethodEquals" classname="org.apache.commons.collections4.CollectionUtilsTest" time="0"/>
  <testcase name="addAllForEnumeration" classname="org.apache.commons.collections4.CollectionUtilsTest" time="0"/>
  <testcase name="select" classname="org.apache.commons.collections4.CollectionUtilsTest" time="0"/>
  <testcase name="forAllButLastDoCollection" classname="org.apache.commons.collections4.CollectionUtilsTest" time="0"/>
  <testcase name="testSize_PrimitiveArray" classname="org.apache.commons.collections4.CollectionUtilsTest" time="0"/>
  <testcase name="testRetainAll" classname="org.apache.commons.collections4.CollectionUtilsTest" time="0"/>
  <testcase name="testSizeIsEmpty_PrimitiveArray" classname="org.apache.commons.collections4.CollectionUtilsTest" time="0"/>
  <testcase name="emptyCollection" classname="org.apache.commons.collections4.CollectionUtilsTest" time="0"/>
  <testcase name="disjunction" classname="org.apache.commons.collections4.CollectionUtilsTest" time="0"/>
  <testcase name="testSubtractWithPredicate" classname="org.apache.commons.collections4.CollectionUtilsTest" time="0.001"/>
  <testcase name="testTransformedCollection_2" classname="org.apache.commons.collections4.CollectionUtilsTest" time="0"/>
  <testcase name="addAllForIterable" classname="org.apache.commons.collections4.CollectionUtilsTest" time="0.002"/>
  <testcase name="cardinalityOfNull" classname="org.apache.commons.collections4.CollectionUtilsTest" time="0"/>
  <testcase name="collateException1" classname="org.apache.commons.collections4.CollectionUtilsTest" time="0"/>
  <testcase name="collateException2" classname="org.apache.commons.collections4.CollectionUtilsTest" time="0"/>
  <testcase name="extractSingleton" classname="org.apache.commons.collections4.CollectionUtilsTest" time="0"/>
  <testcase name="testSizeIsEmpty_List" classname="org.apache.commons.collections4.CollectionUtilsTest" time="0"/>
  <testcase name="testSizeIsEmpty_Null" classname="org.apache.commons.collections4.CollectionUtilsTest" time="0"/>
  <testcase name="testIsSubCollectionOfSelf" classname="org.apache.commons.collections4.CollectionUtilsTest" time="0"/>
  <testcase name="testSizeIsEmpty_Map" classname="org.apache.commons.collections4.CollectionUtilsTest" time="0"/>
  <testcase name="get" classname="org.apache.commons.collections4.CollectionUtilsTest" time="0"/>
  <testcase name="find" classname="org.apache.commons.collections4.CollectionUtilsTest" time="0"/>
  <testcase name="get1" classname="org.apache.commons.collections4.CollectionUtilsTest" time="0"/>
  <testcase name="testIsEqualCollectionEquator" classname="org.apache.commons.collections4.CollectionUtilsTest" time="0.001"/>
  <testcase name="getPositiveOutOfBounds" classname="org.apache.commons.collections4.CollectionUtilsTest" time="0"/>
  <testcase name="union" classname="org.apache.commons.collections4.CollectionUtilsTest" time="0"/>
  <testcase name="intersection" classname="org.apache.commons.collections4.CollectionUtilsTest" time="0"/>
  <testcase name="containsAll" classname="org.apache.commons.collections4.CollectionUtilsTest" time="0"/>
  <testcase name="containsAny" classname="org.apache.commons.collections4.CollectionUtilsTest" time="0"/>
  <testcase name="getFromObjectArray" classname="org.apache.commons.collections4.CollectionUtilsTest" time="0"/>
  <testcase name="selectRejected" classname="org.apache.commons.collections4.CollectionUtilsTest" time="0"/>
  <testcase name="getFromIterable" classname="org.apache.commons.collections4.CollectionUtilsTest" time="0"/>
  <testcase name="getFromIterator" classname="org.apache.commons.collections4.CollectionUtilsTest" time="0"/>
  <testcase name="getFromMap" classname="org.apache.commons.collections4.CollectionUtilsTest" time="0"/>
  <testcase name="testPermutationsWithNullCollection" classname="org.apache.commons.collections4.CollectionUtilsTest" time="0"/>
  <testcase name="testCollateIgnoreDuplicates" classname="org.apache.commons.collections4.CollectionUtilsTest" time="0"/>
  <testcase name="testCollate" classname="org.apache.commons.collections4.CollectionUtilsTest" time="0"/>
  <testcase name="forAllDoCollection" classname="org.apache.commons.collections4.CollectionUtilsTest" time="0"/>
  <testcase name="getFromPrimativeArray" classname="org.apache.commons.collections4.CollectionUtilsTest" time="0"/>
  <testcase name="predicatedCollection" classname="org.apache.commons.collections4.CollectionUtilsTest" time="0"/>
  <testcase name="testIsSubCollection" classname="org.apache.commons.collections4.CollectionUtilsTest" time="0"/>
  <testcase name="getFromList" classname="org.apache.commons.collections4.CollectionUtilsTest" time="0.001"/>
  <testcase name="maxSize" classname="org.apache.commons.collections4.CollectionUtilsTest" time="0"/>
  <testcase name="cardinality" classname="org.apache.commons.collections4.CollectionUtilsTest" time="0"/>
  <testcase name="testSynchronizedCollection" classname="org.apache.commons.collections4.CollectionUtilsTest" time="0"/>
  <testcase name="emptyIfNull" classname="org.apache.commons.collections4.CollectionUtilsTest" time="0"/>
  <testcase name="addIgnoreNull" classname="org.apache.commons.collections4.CollectionUtilsTest" time="0"/>
  <testcase name="collect" classname="org.apache.commons.collections4.CollectionUtilsTest" time="0"/>
  <testcase name="testDisjunctionAsUnionMinusIntersection" classname="org.apache.commons.collections4.CollectionUtilsTest" time="0"/>
  <testcase name="testUnmodifiableCollection" classname="org.apache.commons.collections4.CollectionUtilsTest" time="0"/>
  <testcase name="reverse" classname="org.apache.commons.collections4.CollectionUtilsTest" time="0"/>
  <testcase name="testMatchesAll" classname="org.apache.commons.collections4.CollectionUtilsTest" time="0"/>
  <testcase name="testSize_List" classname="org.apache.commons.collections4.CollectionUtilsTest" time="0"/>
  <testcase name="testIsEqualCollectionNullEquator" classname="org.apache.commons.collections4.CollectionUtilsTest" time="0"/>
  <testcase name="testSize_Enumeration" classname="org.apache.commons.collections4.CollectionUtilsTest" time="0"/>
  <testcase name="testSizeIsEmpty_Iterator" classname="org.apache.commons.collections4.CollectionUtilsTest" time="0"/>
  <testcase name="filterInverse" classname="org.apache.commons.collections4.CollectionUtilsTest" time="0"/>
  <testcase name="forAllDoFailure" classname="org.apache.commons.collections4.CollectionUtilsTest" time="0"/>
  <testcase name="testSizeIsEmpty_Array" classname="org.apache.commons.collections4.CollectionUtilsTest" time="0"/>
  <testcase name="filterInverseNullParameters" classname="org.apache.commons.collections4.CollectionUtilsTest" time="0"/>
  <testcase name="testSize_Map" classname="org.apache.commons.collections4.CollectionUtilsTest" time="0"/>
  <testcase name="testSizeIsEmpty_Other" classname="org.apache.commons.collections4.CollectionUtilsTest" time="0"/>
  <testcase name="testIsNotEmptyWithNonEmptyCollection" classname="org.apache.commons.collections4.CollectionUtilsTest" time="0"/>
  <testcase name="testDisjunctionAsSymmetricDifference" classname="org.apache.commons.collections4.CollectionUtilsTest" time="0"/>
  <testcase name="testPermutations" classname="org.apache.commons.collections4.CollectionUtilsTest" time="0"/>
  <testcase name="testSize_Iterator" classname="org.apache.commons.collections4.CollectionUtilsTest" time="0"/>
  <testcase name="testIsEqualCollectionToSelf" classname="org.apache.commons.collections4.CollectionUtilsTest" time="0"/>
  <testcase name="getFromObject" classname="org.apache.commons.collections4.CollectionUtilsTest" time="0"/>
  <testcase name="testSize_Array" classname="org.apache.commons.collections4.CollectionUtilsTest" time="0"/>
  <testcase name="testSize_Other" classname="org.apache.commons.collections4.CollectionUtilsTest" time="0"/>
  <testcase name="forAllButLastDoIterator" classname="org.apache.commons.collections4.CollectionUtilsTest" time="0"/>
  <testcase name="testRemoveAll" classname="org.apache.commons.collections4.CollectionUtilsTest" time="0"/>
  <testcase name="isEmpty" classname="org.apache.commons.collections4.CollectionUtilsTest" time="0"/>
  <testcase name="testIsNotEmptyWithEmptyCollection" classname="org.apache.commons.collections4.CollectionUtilsTest" time="0"/>
</testsuite>