<?xml version="1.0" encoding="UTF-8"?>
<testsuite name="org.apache.commons.collections4.PredicateUtilsTest" time="0.013" tests="65" errors="0" skipped="0" failures="0">
  <properties>
    <property name="java.runtime.name" value="OpenJDK Runtime Environment"/>
    <property name="sun.boot.library.path" value="/usr/local/openjdk-8/jre/lib/amd64"/>
    <property name="java.vm.version" value="25.262-b10"/>
    <property name="animal.sniffer.skip" value="true"/>
    <property name="java.vm.vendor" value="Oracle Corporation"/>
    <property name="maven.multiModuleProjectDirectory" value="/tmp/tmpbl84nyap/commons-collections"/>
    <property name="maven.javadoc.skip" value="true"/>
    <property name="java.vendor.url" value="http://java.oracle.com/"/>
    <property name="path.separator" value=":"/>
    <property name="guice.disable.misplaced.annotation.check" value="true"/>
    <property name="java.vm.name" value="OpenJDK 64-Bit Server VM"/>
    <property name="file.encoding.pkg" value="sun.io"/>
    <property name="sun.java.launcher" value="SUN_STANDARD"/>
    <property name="sun.os.patch.level" value="unknown"/>
    <property name="source.skip" value="true"/>
    <property name="java.vm.specification.name" value="Java Virtual Machine Specification"/>
    <property name="user.dir" value="/tmp/tmpbl84nyap/commons-collections"/>
    <property name="java.runtime.version" value="1.8.0_262-b10"/>
    <property name="java.awt.graphicsenv" value="sun.awt.X11GraphicsEnvironment"/>
    <property name="java.endorsed.dirs" value="/usr/local/openjdk-8/jre/lib/endorsed"/>
    <property name="os.arch" value="amd64"/>
    <property name="java.io.tmpdir" value="/tmp"/>
    <property name="line.separator" value="&#10;"/>
    <property name="java.vm.specification.vendor" value="Oracle Corporation"/>
    <property name="os.name" value="Linux"/>
    <property name="classworlds.conf" value="/usr/share/maven/bin/m2.conf"/>
    <property name="maven.test.error.ignore" value="true"/>
    <property name="sun.jnu.encoding" value="UTF-8"/>
    <property name="java.library.path" value="/usr/java/packages/lib/amd64:/usr/lib64:/lib64:/lib:/usr/lib"/>
    <property name="license.skip" value="true"/>
    <property name="maven.conf" value="/usr/share/maven/conf"/>
    <property name="java.specification.name" value="Java Platform API Specification"/>
    <property name="java.class.version" value="52.0"/>
    <property name="sun.management.compiler" value="HotSpot 64-Bit Tiered Compilers"/>
    <property name="maven.test.failure.ignore" value="true"/>
    <property name="os.version" value="4.15.0-109-generic"/>
    <property name="library.jansi.path" value="/usr/share/maven/lib/jansi-native"/>
    <property name="user.home" value="/home/jdbl"/>
    <property name="user.timezone" value="Etc/UTC"/>
    <property name="java.awt.printerjob" value="sun.print.PSPrinterJob"/>
    <property name="java.specification.version" value="1.8"/>
    <property name="file.encoding" value="UTF-8"/>
    <property name="user.name" value="jdbl"/>
    <property name="java.class.path" value="/usr/share/maven/boot/plexus-classworlds-2.6.0.jar"/>
    <property name="java.vm.specification.version" value="1.8"/>
    <property name="sun.arch.data.model" value="64"/>
    <property name="java.home" value="/usr/local/openjdk-8/jre"/>
    <property name="sun.java.command" value="org.codehaus.plexus.classworlds.launcher.Launcher package -e --fail-never -ntp -Dmaven.test.error.ignore=true -Dmaven.test.failure.ignore=true -B -Dmaven.javadoc.skip=true -Drat.skip=true -Danimal.sniffer.skip=true -Dmaven.javadoc.skip=true -Dlicense.skip=true -Dsource.skip=true"/>
    <property name="java.specification.vendor" value="Oracle Corporation"/>
    <property name="user.language" value="en"/>
    <property name="awt.toolkit" value="sun.awt.X11.XToolkit"/>
    <property name="java.vm.info" value="mixed mode"/>
    <property name="java.version" value="1.8.0_262"/>
    <property name="java.ext.dirs" value="/usr/local/openjdk-8/jre/lib/ext:/usr/java/packages/lib/ext"/>
    <property name="securerandom.source" value="file:/dev/./urandom"/>
    <property name="sun.boot.class.path" value="/usr/local/openjdk-8/jre/lib/resources.jar:/usr/local/openjdk-8/jre/lib/rt.jar:/usr/local/openjdk-8/jre/lib/sunrsasign.jar:/usr/local/openjdk-8/jre/lib/jsse.jar:/usr/local/openjdk-8/jre/lib/jce.jar:/usr/local/openjdk-8/jre/lib/charsets.jar:/usr/local/openjdk-8/jre/lib/jfr.jar:/usr/local/openjdk-8/jre/classes"/>
    <property name="java.vendor" value="Oracle Corporation"/>
    <property name="rat.skip" value="true"/>
    <property name="maven.home" value="/usr/share/maven"/>
    <property name="file.separator" value="/"/>
    <property name="java.vendor.url.bug" value="http://bugreport.sun.com/bugreport/"/>
    <property name="sun.cpu.endian" value="little"/>
    <property name="sun.io.unicode.encoding" value="UnicodeLittle"/>
    <property name="sun.cpu.isalist" value=""/>
  </properties>
  <testcase name="testTruePredicate" classname="org.apache.commons.collections4.PredicateUtilsTest" time="0"/>
  <testcase name="testAnyPredicateEx1" classname="org.apache.commons.collections4.PredicateUtilsTest" time="0.002"/>
  <testcase name="testAnyPredicateEx2" classname="org.apache.commons.collections4.PredicateUtilsTest" time="0"/>
  <testcase name="testAnyPredicateEx3" classname="org.apache.commons.collections4.PredicateUtilsTest" time="0"/>
  <testcase name="testAnyPredicateEx4" classname="org.apache.commons.collections4.PredicateUtilsTest" time="0"/>
  <testcase name="testAnyPredicateEx5" classname="org.apache.commons.collections4.PredicateUtilsTest" time="0"/>
  <testcase name="testAnyPredicateEx6" classname="org.apache.commons.collections4.PredicateUtilsTest" time="0"/>
  <testcase name="testNonePredicateEx1" classname="org.apache.commons.collections4.PredicateUtilsTest" time="0.001"/>
  <testcase name="testNonePredicateEx2" classname="org.apache.commons.collections4.PredicateUtilsTest" time="0"/>
  <testcase name="testNonePredicateEx3" classname="org.apache.commons.collections4.PredicateUtilsTest" time="0"/>
  <testcase name="testNonePredicateEx4" classname="org.apache.commons.collections4.PredicateUtilsTest" time="0"/>
  <testcase name="testNonePredicateEx5" classname="org.apache.commons.collections4.PredicateUtilsTest" time="0"/>
  <testcase name="testNonePredicateEx6" classname="org.apache.commons.collections4.PredicateUtilsTest" time="0.001"/>
  <testcase name="testAndPredicateEx" classname="org.apache.commons.collections4.PredicateUtilsTest" time="0"/>
  <testcase name="testAsPredicateTransformer" classname="org.apache.commons.collections4.PredicateUtilsTest" time="0.001"/>
  <testcase name="testEitherPredicateEx" classname="org.apache.commons.collections4.PredicateUtilsTest" time="0.001"/>
  <testcase name="testInvokerPredicate2" classname="org.apache.commons.collections4.PredicateUtilsTest" time="0"/>
  <testcase name="testAsPredicateTransformerEx1" classname="org.apache.commons.collections4.PredicateUtilsTest" time="0"/>
  <testcase name="testAsPredicateTransformerEx2" classname="org.apache.commons.collections4.PredicateUtilsTest" time="0"/>
  <testcase name="testNullIsFalsePredicate" classname="org.apache.commons.collections4.PredicateUtilsTest" time="0"/>
  <testcase name="testNeitherPredicate" classname="org.apache.commons.collections4.PredicateUtilsTest" time="0.001"/>
  <testcase name="testAllPredicateEx1" classname="org.apache.commons.collections4.PredicateUtilsTest" time="0"/>
  <testcase name="testAllPredicateEx2" classname="org.apache.commons.collections4.PredicateUtilsTest" time="0"/>
  <testcase name="testAllPredicateEx3" classname="org.apache.commons.collections4.PredicateUtilsTest" time="0"/>
  <testcase name="testAllPredicateEx4" classname="org.apache.commons.collections4.PredicateUtilsTest" time="0"/>
  <testcase name="testAllPredicateEx5" classname="org.apache.commons.collections4.PredicateUtilsTest" time="0"/>
  <testcase name="testAllPredicateEx6" classname="org.apache.commons.collections4.PredicateUtilsTest" time="0"/>
  <testcase name="testInstanceOfPredicate" classname="org.apache.commons.collections4.PredicateUtilsTest" time="0.001"/>
  <testcase name="testIsNotNullPredicate" classname="org.apache.commons.collections4.PredicateUtilsTest" time="0"/>
  <testcase name="testAndPredicate" classname="org.apache.commons.collections4.PredicateUtilsTest" time="0"/>
  <testcase name="testFalsePredicate" classname="org.apache.commons.collections4.PredicateUtilsTest" time="0"/>
  <testcase name="testAnyPredicate" classname="org.apache.commons.collections4.PredicateUtilsTest" time="0"/>
  <testcase name="testNonePredicate" classname="org.apache.commons.collections4.PredicateUtilsTest" time="0"/>
  <testcase name="testOnePredicateEx1" classname="org.apache.commons.collections4.PredicateUtilsTest" time="0"/>
  <testcase name="testOnePredicateEx2" classname="org.apache.commons.collections4.PredicateUtilsTest" time="0"/>
  <testcase name="testOnePredicateEx3" classname="org.apache.commons.collections4.PredicateUtilsTest" time="0.001"/>
  <testcase name="testOnePredicateEx4" classname="org.apache.commons.collections4.PredicateUtilsTest" time="0"/>
  <testcase name="testOnePredicateEx5" classname="org.apache.commons.collections4.PredicateUtilsTest" time="0"/>
  <testcase name="testOnePredicateEx6" classname="org.apache.commons.collections4.PredicateUtilsTest" time="0"/>
  <testcase name="testNullIsExceptionPredicate" classname="org.apache.commons.collections4.PredicateUtilsTest" time="0"/>
  <testcase name="testInvokerPredicate2Ex1" classname="org.apache.commons.collections4.PredicateUtilsTest" time="0"/>
  <testcase name="testInvokerPredicate2Ex2" classname="org.apache.commons.collections4.PredicateUtilsTest" time="0"/>
  <testcase name="testInvokerPredicate2Ex3" classname="org.apache.commons.collections4.PredicateUtilsTest" time="0"/>
  <testcase name="testUniquePredicate" classname="org.apache.commons.collections4.PredicateUtilsTest" time="0"/>
  <testcase name="testEitherPredicate" classname="org.apache.commons.collections4.PredicateUtilsTest" time="0"/>
  <testcase name="testNotPredicate" classname="org.apache.commons.collections4.PredicateUtilsTest" time="0"/>
  <testcase name="testNullIsExceptionPredicateEx1" classname="org.apache.commons.collections4.PredicateUtilsTest" time="0"/>
  <testcase name="testInvokerPredicateEx1" classname="org.apache.commons.collections4.PredicateUtilsTest" time="0"/>
  <testcase name="testInvokerPredicateEx2" classname="org.apache.commons.collections4.PredicateUtilsTest" time="0.001"/>
  <testcase name="testInvokerPredicateEx3" classname="org.apache.commons.collections4.PredicateUtilsTest" time="0"/>
  <testcase name="testSingletonPatternInSerialization" classname="org.apache.commons.collections4.PredicateUtilsTest" time="0.001"/>
  <testcase name="testOrPredicateEx" classname="org.apache.commons.collections4.PredicateUtilsTest" time="0.001"/>
  <testcase name="testNullIsFalsePredicateEx1" classname="org.apache.commons.collections4.PredicateUtilsTest" time="0"/>
  <testcase name="testOnePredicate" classname="org.apache.commons.collections4.PredicateUtilsTest" time="0"/>
  <testcase name="testNeitherPredicateEx" classname="org.apache.commons.collections4.PredicateUtilsTest" time="0"/>
  <testcase name="testAllPredicate" classname="org.apache.commons.collections4.PredicateUtilsTest" time="0"/>
  <testcase name="testTransformedPredicate" classname="org.apache.commons.collections4.PredicateUtilsTest" time="0.001"/>
  <testcase name="testInvokerPredicate" classname="org.apache.commons.collections4.PredicateUtilsTest" time="0"/>
  <testcase name="testOrPredicate" classname="org.apache.commons.collections4.PredicateUtilsTest" time="0"/>
  <testcase name="testNullIsTruePredicate" classname="org.apache.commons.collections4.PredicateUtilsTest" time="0"/>
  <testcase name="testExceptionPredicate" classname="org.apache.commons.collections4.PredicateUtilsTest" time="0"/>
  <testcase name="testNotPredicateEx" classname="org.apache.commons.collections4.PredicateUtilsTest" time="0"/>
  <testcase name="testNullIsTruePredicateEx1" classname="org.apache.commons.collections4.PredicateUtilsTest" time="0"/>
  <testcase name="testIdentityPredicate" classname="org.apache.commons.collections4.PredicateUtilsTest" time="0"/>
  <testcase name="predicateSanityTests" classname="org.apache.commons.collections4.PredicateUtilsTest" time="0"/>
</testsuite>