<?xml version="1.0" encoding="UTF-8"?>
<testsuite xmlns:xsi="http://www.w3.org/2001/XMLSchema-instance" xsi:schemaLocation="https://maven.apache.org/surefire/maven-surefire-plugin/xsd/surefire-test-report.xsd" name="com.jwplayer.jwplatform.exception.TestJWPlatformClientExceptions" time="2.772" tests="31" errors="0" skipped="0" failures="0">
  <properties>
    <property name="java.runtime.name" value="OpenJDK Runtime Environment"/>
    <property name="sun.boot.library.path" value="/usr/local/openjdk-8/jre/lib/amd64"/>
    <property name="java.vm.version" value="25.262-b10"/>
    <property name="animal.sniffer.skip" value="true"/>
    <property name="java.vm.vendor" value="Oracle Corporation"/>
    <property name="maven.multiModuleProjectDirectory" value="/tmp/tmp6t740vqr/jwplatform-java"/>
    <property name="maven.javadoc.skip" value="true"/>
    <property name="java.vendor.url" value="http://java.oracle.com/"/>
    <property name="path.separator" value=":"/>
    <property name="guice.disable.misplaced.annotation.check" value="true"/>
    <property name="java.vm.name" value="OpenJDK 64-Bit Server VM"/>
    <property name="file.encoding.pkg" value="sun.io"/>
    <property name="sun.java.launcher" value="SUN_STANDARD"/>
    <property name="sun.os.patch.level" value="unknown"/>
    <property name="source.skip" value="true"/>
    <property name="java.vm.specification.name" value="Java Virtual Machine Specification"/>
    <property name="user.dir" value="/tmp/tmp6t740vqr/jwplatform-java"/>
    <property name="java.runtime.version" value="1.8.0_262-b10"/>
    <property name="java.awt.graphicsenv" value="sun.awt.X11GraphicsEnvironment"/>
    <property name="java.endorsed.dirs" value="/usr/local/openjdk-8/jre/lib/endorsed"/>
    <property name="os.arch" value="amd64"/>
    <property name="java.io.tmpdir" value="/tmp"/>
    <property name="line.separator" value="&#10;"/>
    <property name="java.vm.specification.vendor" value="Oracle Corporation"/>
    <property name="os.name" value="Linux"/>
    <property name="classworlds.conf" value="/usr/share/maven/bin/m2.conf"/>
    <property name="sun.jnu.encoding" value="UTF-8"/>
    <property name="java.library.path" value="/usr/java/packages/lib/amd64:/usr/lib64:/lib64:/lib:/usr/lib"/>
    <property name="license.skip" value="true"/>
    <property name="maven.conf" value="/usr/share/maven/conf"/>
    <property name="java.specification.name" value="Java Platform API Specification"/>
    <property name="java.class.version" value="52.0"/>
    <property name="sun.management.compiler" value="HotSpot 64-Bit Tiered Compilers"/>
    <property name="maven.test.failure.ignore" value="true"/>
    <property name="os.version" value="4.15.0-109-generic"/>
    <property name="library.jansi.path" value="/usr/share/maven/lib/jansi-native"/>
    <property name="user.home" value="/home/jdbl"/>
    <property name="user.timezone" value="Etc/UTC"/>
    <property name="java.awt.printerjob" value="sun.print.PSPrinterJob"/>
    <property name="java.specification.version" value="1.8"/>
    <property name="file.encoding" value="UTF-8"/>
    <property name="user.name" value="jdbl"/>
    <property name="java.class.path" value="/usr/share/maven/boot/plexus-classworlds-2.6.0.jar"/>
    <property name="java.vm.specification.version" value="1.8"/>
    <property name="sun.arch.data.model" value="64"/>
    <property name="java.home" value="/usr/local/openjdk-8/jre"/>
    <property name="sun.java.command" value="org.codehaus.plexus.classworlds.launcher.Launcher test -e --fail-never -ntp -Dmaven.test.failure.ignore=true -B -Dmaven.javadoc.skip=true -Drat.skip=true -Danimal.sniffer.skip=true -Dmaven.javadoc.skip=true -Dlicense.skip=true -Dsource.skip=true"/>
    <property name="java.specification.vendor" value="Oracle Corporation"/>
    <property name="user.language" value="en"/>
    <property name="awt.toolkit" value="sun.awt.X11.XToolkit"/>
    <property name="java.vm.info" value="mixed mode"/>
    <property name="java.version" value="1.8.0_262"/>
    <property name="java.ext.dirs" value="/usr/local/openjdk-8/jre/lib/ext:/usr/java/packages/lib/ext"/>
    <property name="securerandom.source" value="file:/dev/./urandom"/>
    <property name="sun.boot.class.path" value="/usr/local/openjdk-8/jre/lib/resources.jar:/usr/local/openjdk-8/jre/lib/rt.jar:/usr/local/openjdk-8/jre/lib/sunrsasign.jar:/usr/local/openjdk-8/jre/lib/jsse.jar:/usr/local/openjdk-8/jre/lib/jce.jar:/usr/local/openjdk-8/jre/lib/charsets.jar:/usr/local/openjdk-8/jre/lib/jfr.jar:/usr/local/openjdk-8/jre/classes"/>
    <property name="java.vendor" value="Oracle Corporation"/>
    <property name="rat.skip" value="true"/>
    <property name="maven.home" value="/usr/share/maven"/>
    <property name="file.separator" value="/"/>
    <property name="java.vendor.url.bug" value="http://bugreport.sun.com/bugreport/"/>
    <property name="sun.cpu.endian" value="little"/>
    <property name="sun.io.unicode.encoding" value="UnicodeLittle"/>
    <property name="sun.cpu.isalist" value=""/>
  </properties>
  <testcase name="testCorrectJWPlatformExceptionRaised[0: testCorrectJWPlatformExceptionRaised(NotFoundError)=class com.jwplayer.jwplatform.exception.JWPlatformNotFoundException]" classname="com.jwplayer.jwplatform.exception.TestJWPlatformClientExceptions" time="0.553"/>
  <testcase name="testCorrectJWPlatformExceptionRaised[1: testCorrectJWPlatformExceptionRaised(NoMethod)=class com.jwplayer.jwplatform.exception.JWPlatformNoMethodException]" classname="com.jwplayer.jwplatform.exception.TestJWPlatformClientExceptions" time="0.007"/>
  <testcase name="testCorrectJWPlatformExceptionRaised[2: testCorrectJWPlatformExceptionRaised(NotImplemented)=class com.jwplayer.jwplatform.exception.JWPlatformNotImplementedException]" classname="com.jwplayer.jwplatform.exception.TestJWPlatformClientExceptions" time="0.014"/>
  <testcase name="testCorrectJWPlatformExceptionRaised[3: testCorrectJWPlatformExceptionRaised(NotSupported)=class com.jwplayer.jwplatform.exception.JWPlatformNotSupportedException]" classname="com.jwplayer.jwplatform.exception.TestJWPlatformClientExceptions" time="0.007"/>
  <testcase name="testCorrectJWPlatformExceptionRaised[4: testCorrectJWPlatformExceptionRaised(CallFailed)=class com.jwplayer.jwplatform.exception.JWPlatformCallFailedException]" classname="com.jwplayer.jwplatform.exception.TestJWPlatformClientExceptions" time="0.009"/>
  <testcase name="testCorrectJWPlatformExceptionRaised[5: testCorrectJWPlatformExceptionRaised(CallUnavailable)=class com.jwplayer.jwplatform.exception.JWPlatformCallUnavailableException]" classname="com.jwplayer.jwplatform.exception.TestJWPlatformClientExceptions" time="0.013"/>
  <testcase name="testCorrectJWPlatformExceptionRaised[6: testCorrectJWPlatformExceptionRaised(CallInvalid)=class com.jwplayer.jwplatform.exception.JWPlatformCallInvalidException]" classname="com.jwplayer.jwplatform.exception.TestJWPlatformClientExceptions" time="0.007"/>
  <testcase name="testCorrectJWPlatformExceptionRaised[7: testCorrectJWPlatformExceptionRaised(ParameterMissing)=class com.jwplayer.jwplatform.exception.JWPlatformParameterMissingException]" classname="com.jwplayer.jwplatform.exception.TestJWPlatformClientExceptions" time="0.008"/>
  <testcase name="testCorrectJWPlatformExceptionRaised[8: testCorrectJWPlatformExceptionRaised(ParameterEmpty)=class com.jwplayer.jwplatform.exception.JWPlatformParameterEmptyException]" classname="com.jwplayer.jwplatform.exception.TestJWPlatformClientExceptions" time="0.004"/>
  <testcase name="testCorrectJWPlatformExceptionRaised[9: testCorrectJWPlatformExceptionRaised(ParameterEncoding)=class com.jwplayer.jwplatform.exception.JWPlatformParameterEncodingException]" classname="com.jwplayer.jwplatform.exception.TestJWPlatformClientExceptions" time="0.004"/>
  <testcase name="testCorrectJWPlatformExceptionRaised[10: testCorrectJWPlatformExceptionRaised(ParameterInvalid)=class com.jwplayer.jwplatform.exception.JWPlatformParameterInvalidException]" classname="com.jwplayer.jwplatform.exception.TestJWPlatformClientExceptions" time="0.006"/>
  <testcase name="testCorrectJWPlatformExceptionRaised[11: testCorrectJWPlatformExceptionRaised(PreconditionFailed)=class com.jwplayer.jwplatform.exception.JWPlatformPreconditionFailedException]" classname="com.jwplayer.jwplatform.exception.TestJWPlatformClientExceptions" time="0.005"/>
  <testcase name="testCorrectJWPlatformExceptionRaised[12: testCorrectJWPlatformExceptionRaised(ItemAlreadyExists)=class com.jwplayer.jwplatform.exception.JWPlatformItemAlreadyExistsException]" classname="com.jwplayer.jwplatform.exception.TestJWPlatformClientExceptions" time="0.005"/>
  <testcase name="testCorrectJWPlatformExceptionRaised[13: testCorrectJWPlatformExceptionRaised(PermissionDenied)=class com.jwplayer.jwplatform.exception.JWPlatformPermissionDeniedException]" classname="com.jwplayer.jwplatform.exception.TestJWPlatformClientExceptions" time="0.005"/>
  <testcase name="testCorrectJWPlatformExceptionRaised[14: testCorrectJWPlatformExceptionRaised(Database)=class com.jwplayer.jwplatform.exception.JWPlatformDatabaseException]" classname="com.jwplayer.jwplatform.exception.TestJWPlatformClientExceptions" time="0.004"/>
  <testcase name="testCorrectJWPlatformExceptionRaised[15: testCorrectJWPlatformExceptionRaised(Integrity)=class com.jwplayer.jwplatform.exception.JWPlatformIntegrityException]" classname="com.jwplayer.jwplatform.exception.TestJWPlatformClientExceptions" time="0.006"/>
  <testcase name="testCorrectJWPlatformExceptionRaised[16: testCorrectJWPlatformExceptionRaised(DigestMissing)=class com.jwplayer.jwplatform.exception.JWPlatformDigestMissingException]" classname="com.jwplayer.jwplatform.exception.TestJWPlatformClientExceptions" time="0.007"/>
  <testcase name="testCorrectJWPlatformExceptionRaised[17: testCorrectJWPlatformExceptionRaised(DigestInvalid)=class com.jwplayer.jwplatform.exception.JWPlatformDigestInvalidException]" classname="com.jwplayer.jwplatform.exception.TestJWPlatformClientExceptions" time="0.016"/>
  <testcase name="testCorrectJWPlatformExceptionRaised[18: testCorrectJWPlatformExceptionRaised(FileUploadFailed)=class com.jwplayer.jwplatform.exception.JWPlatformFileUploadFailedException]" classname="com.jwplayer.jwplatform.exception.TestJWPlatformClientExceptions" time="0.005"/>
  <testcase name="testCorrectJWPlatformExceptionRaised[19: testCorrectJWPlatformExceptionRaised(FileSizeMissing)=class com.jwplayer.jwplatform.exception.JWPlatformFileSizeMissingException]" classname="com.jwplayer.jwplatform.exception.TestJWPlatformClientExceptions" time="0.005"/>
  <testcase name="testCorrectJWPlatformExceptionRaised[20: testCorrectJWPlatformExceptionRaised(FileSizeInvalid)=class com.jwplayer.jwplatform.exception.JWPlatformFileSizeInvalidException]" classname="com.jwplayer.jwplatform.exception.TestJWPlatformClientExceptions" time="0.005"/>
  <testcase name="testCorrectJWPlatformExceptionRaised[21: testCorrectJWPlatformExceptionRaised(Internal)=class com.jwplayer.jwplatform.exception.JWPlatformInternalException]" classname="com.jwplayer.jwplatform.exception.TestJWPlatformClientExceptions" time="0.006"/>
  <testcase name="testCorrectJWPlatformExceptionRaised[22: testCorrectJWPlatformExceptionRaised(ApiKeyMissing)=class com.jwplayer.jwplatform.exception.JWPlatformApiKeyMissingException]" classname="com.jwplayer.jwplatform.exception.TestJWPlatformClientExceptions" time="0.006"/>
  <testcase name="testCorrectJWPlatformExceptionRaised[23: testCorrectJWPlatformExceptionRaised(ApiKeyInvalid)=class com.jwplayer.jwplatform.exception.JWPlatformApiKeyInvalidException]" classname="com.jwplayer.jwplatform.exception.TestJWPlatformClientExceptions" time="0.007"/>
  <testcase name="testCorrectJWPlatformExceptionRaised[24: testCorrectJWPlatformExceptionRaised(TimestampMissing)=class com.jwplayer.jwplatform.exception.JWPlatformTimestampMissingException]" classname="com.jwplayer.jwplatform.exception.TestJWPlatformClientExceptions" time="0.002"/>
  <testcase name="testCorrectJWPlatformExceptionRaised[25: testCorrectJWPlatformExceptionRaised(TimestampInvalid)=class com.jwplayer.jwplatform.exception.JWPlatformTimestampInvalidException]" classname="com.jwplayer.jwplatform.exception.TestJWPlatformClientExceptions" time="0.004"/>
  <testcase name="testCorrectJWPlatformExceptionRaised[26: testCorrectJWPlatformExceptionRaised(NonceInvalid)=class com.jwplayer.jwplatform.exception.JWPlatformNonceInvalidException]" classname="com.jwplayer.jwplatform.exception.TestJWPlatformClientExceptions" time="0.005"/>
  <testcase name="testCorrectJWPlatformExceptionRaised[27: testCorrectJWPlatformExceptionRaised(SignatureMissing)=class com.jwplayer.jwplatform.exception.JWPlatformSignatureMissingException]" classname="com.jwplayer.jwplatform.exception.TestJWPlatformClientExceptions" time="0.005"/>
  <testcase name="testCorrectJWPlatformExceptionRaised[28: testCorrectJWPlatformExceptionRaised(SignatureInvalid)=class com.jwplayer.jwplatform.exception.JWPlatformSignatureInvalidException]" classname="com.jwplayer.jwplatform.exception.TestJWPlatformClientExceptions" time="0.004"/>
  <testcase name="testCorrectJWPlatformExceptionRaised[29: testCorrectJWPlatformExceptionRaised(RateLimitExceeded)=class com.jwplayer.jwplatform.exception.JWPlatformRateLimitExceededException]" classname="com.jwplayer.jwplatform.exception.TestJWPlatformClientExceptions" time="0.009"/>
  <testcase name="testCorrectJWPlatformExceptionRaised[30: testCorrectJWPlatformExceptionRaised(RateLimitExceeded)=class com.jwplayer.jwplatform.exception.JWPlatformRateLimitExceededException]" classname="com.jwplayer.jwplatform.exception.TestJWPlatformClientExceptions" time="0.004"/>
</testsuite>