<?xml version="1.0" encoding="UTF-8" ?>
<testsuite tests="3" failures="0" name="jnr.ffi.TypeDefinitionTest" time="0.089" errors="0" skipped="0">
  <properties>
    <property name="java.vendor" value="Oracle Corporation"/>
    <property name="localRepository" value="/home/jdbl/.m2/repository"/>
    <property name="sun.java.launcher" value="SUN_STANDARD"/>
    <property name="sun.management.compiler" value="HotSpot 64-Bit Tiered Compilers"/>
    <property name="os.name" value="Linux"/>
    <property name="sun.boot.class.path" value="/usr/local/openjdk-8/jre/lib/resources.jar:/usr/local/openjdk-8/jre/lib/rt.jar:/usr/local/openjdk-8/jre/lib/sunrsasign.jar:/usr/local/openjdk-8/jre/lib/jsse.jar:/usr/local/openjdk-8/jre/lib/jce.jar:/usr/local/openjdk-8/jre/lib/charsets.jar:/usr/local/openjdk-8/jre/lib/jfr.jar:/usr/local/openjdk-8/jre/classes"/>
    <property name="env.PWD" value="/tmp/tmpyrt1w6_2/jnr-ffi"/>
    <property name="env.LANG" value="C.UTF-8"/>
    <property name="java.vm.specification.vendor" value="Oracle Corporation"/>
    <property name="java.runtime.version" value="1.8.0_262-b10"/>
    <property name="env.MAVEN_CONFIG" value="/root/.m2"/>
    <property name="user.name" value="jdbl"/>
    <property name="maven.build.version" value="Apache Maven 3.6.3 (cecedd343002696d0abb50b32b541b8a6ba2883f)"/>
    <property name="maven.javadoc.skip" value="true"/>
    <property name="jnr.ffi.asm.enabled" value="false"/>
    <property name="env.PATH" value="/usr/local/openjdk-8/bin:/usr/local/sbin:/usr/local/bin:/usr/sbin:/usr/bin:/sbin:/bin"/>
    <property name="user.language" value="en"/>
    <property name="sun.boot.library.path" value="/usr/local/openjdk-8/jre/lib/amd64"/>
    <property name="classworlds.conf" value="/usr/share/maven/bin/m2.conf"/>
    <property name="java.version" value="1.8.0_262"/>
    <property name="user.timezone" value=""/>
    <property name="rat.skip" value="true"/>
    <property name="sun.arch.data.model" value="64"/>
    <property name="java.endorsed.dirs" value="/usr/local/openjdk-8/jre/lib/endorsed"/>
    <property name="sun.cpu.isalist" value=""/>
    <property name="sun.jnu.encoding" value="UTF-8"/>
    <property name="file.encoding.pkg" value="sun.io"/>
    <property name="file.separator" value="/"/>
    <property name="env.HOSTNAME" value="ad672eae1476"/>
    <property name="env.GITHUB_OAUTH" value="None"/>
    <property name="java.specification.name" value="Java Platform API Specification"/>
    <property name="maven.conf" value="/usr/share/maven/conf"/>
    <property name="java.class.version" value="52.0"/>
    <property name="java.home" value="/usr/local/openjdk-8/jre"/>
    <property name="java.vm.info" value="mixed mode"/>
    <property name="os.version" value="4.15.0-109-generic"/>
    <property name="path.separator" value=":"/>
    <property name="java.vm.version" value="25.262-b10"/>
    <property name="env.JAVA_HOME" value="/usr/local/openjdk-8"/>
    <property name="java.awt.printerjob" value="sun.print.PSPrinterJob"/>
    <property name="sun.io.unicode.encoding" value="UnicodeLittle"/>
    <property name="maven.test.error.ignore" value="true"/>
    <property name="awt.toolkit" value="sun.awt.X11.XToolkit"/>
    <property name="jnr.ffi.library.path" value="/tmp/tmpyrt1w6_2/jnr-ffi/target"/>
    <property name="user.home" value="/home/jdbl"/>
    <property name="env.OLDPWD" value="/tmp/tmpyrt1w6_2/jnr-ffi"/>
    <property name="java.specification.vendor" value="Oracle Corporation"/>
    <property name="env.M2_HOME" value="/usr/share/maven"/>
    <property name="library.jansi.path" value="/usr/share/maven/lib/jansi-native"/>
    <property name="java.library.path" value="/usr/java/packages/lib/amd64:/usr/lib64:/lib64:/lib:/usr/lib"/>
    <property name="java.vendor.url" value="http://java.oracle.com/"/>
    <property name="env.MAVEN_CMD_LINE_ARGS" value="/root/.m2 package -e --fail-never -ntp -Dmaven.test.error.ignore=true -Dmaven.test.failure.ignore=true -B -Dmaven.javadoc.skip=true -Drat.skip=true -Danimal.sniffer.skip=true -Dmaven.javadoc.skip=true -Dlicense.skip=true -Dsource.skip=true"/>
    <property name="java.vm.vendor" value="Oracle Corporation"/>
    <property name="source.skip" value="true"/>
    <property name="maven.home" value="/usr/share/maven"/>
    <property name="java.runtime.name" value="OpenJDK Runtime Environment"/>
    <property name="sun.java.command" value="org.codehaus.plexus.classworlds.launcher.Launcher package -e --fail-never -ntp -Dmaven.test.error.ignore=true -Dmaven.test.failure.ignore=true -B -Dmaven.javadoc.skip=true -Drat.skip=true -Danimal.sniffer.skip=true -Dmaven.javadoc.skip=true -Dlicense.skip=true -Dsource.skip=true"/>
    <property name="java.class.path" value="/usr/share/maven/boot/plexus-classworlds-2.6.0.jar"/>
    <property name="maven.version" value="3.6.3"/>
    <property name="animal.sniffer.skip" value="true"/>
    <property name="java.vm.specification.name" value="Java Virtual Machine Specification"/>
    <property name="java.vm.specification.version" value="1.8"/>
    <property name="sun.cpu.endian" value="little"/>
    <property name="sun.os.patch.level" value="unknown"/>
    <property name="env.HOME" value="/home/jdbl"/>
    <property name="java.io.tmpdir" value="/tmp"/>
    <property name="java.vendor.url.bug" value="http://bugreport.sun.com/bugreport/"/>
    <property name="env.JAVA_VERSION" value="8u262"/>
    <property name="maven.multiModuleProjectDirectory" value="/tmp/tmpyrt1w6_2/jnr-ffi"/>
    <property name="os.arch" value="amd64"/>
    <property name="java.awt.graphicsenv" value="sun.awt.X11GraphicsEnvironment"/>
    <property name="java.ext.dirs" value="/usr/local/openjdk-8/jre/lib/ext:/usr/java/packages/lib/ext"/>
    <property name="user.dir" value="/tmp/tmpyrt1w6_2/jnr-ffi"/>
    <property name="env.MAVEN_HOME" value="/usr/share/maven"/>
    <property name="line.separator" value="
"/>
    <property name="java.vm.name" value="OpenJDK 64-Bit Server VM"/>
    <property name="maven.test.failure.ignore" value="true"/>
    <property name="basedir" value="/tmp/tmpyrt1w6_2/jnr-ffi"/>
    <property name="file.encoding" value="UTF-8"/>
    <property name="license.skip" value="true"/>
    <property name="java.specification.version" value="1.8"/>
    <property name="env.MAVEN_PROJECTBASEDIR" value="/tmp/tmpyrt1w6_2/jnr-ffi"/>
  </properties>
  <testcase classname="jnr.ffi.TypeDefinitionTest" name="doNothing" time="0.001"/>
  <testcase classname="jnr.ffi.TypeDefinitionTest" name="addUnsigned8" time="0.022"/>
  <testcase classname="jnr.ffi.TypeDefinitionTest" name="returnUnsigned8" time="0.001"/>
</testsuite>