<?xml version="1.0" encoding="UTF-8"?>
<testsuite xmlns:xsi="http://www.w3.org/2001/XMLSchema-instance" xsi:schemaLocation="https://maven.apache.org/surefire/maven-surefire-plugin/xsd/surefire-test-report.xsd" name="com.github.davidmoten.rx.jdbc.UtilTest" time="0.344" tests="60" errors="0" skipped="0" failures="0">
  <properties>
    <property name="java.runtime.name" value="OpenJDK Runtime Environment"/>
    <property name="sun.boot.library.path" value="/usr/local/openjdk-8/jre/lib/amd64"/>
    <property name="java.vm.version" value="25.262-b10"/>
    <property name="animal.sniffer.skip" value="true"/>
    <property name="java.vm.vendor" value="Oracle Corporation"/>
    <property name="maven.multiModuleProjectDirectory" value="/tmp/tmpzy9suevw/rxjava-jdbc"/>
    <property name="maven.javadoc.skip" value="true"/>
    <property name="java.vendor.url" value="http://java.oracle.com/"/>
    <property name="path.separator" value=":"/>
    <property name="guice.disable.misplaced.annotation.check" value="true"/>
    <property name="java.vm.name" value="OpenJDK 64-Bit Server VM"/>
    <property name="file.encoding.pkg" value="sun.io"/>
    <property name="sun.java.launcher" value="SUN_STANDARD"/>
    <property name="sun.os.patch.level" value="unknown"/>
    <property name="source.skip" value="true"/>
    <property name="java.vm.specification.name" value="Java Virtual Machine Specification"/>
    <property name="user.dir" value="/tmp/tmpzy9suevw/rxjava-jdbc"/>
    <property name="java.runtime.version" value="1.8.0_262-b10"/>
    <property name="java.awt.graphicsenv" value="sun.awt.X11GraphicsEnvironment"/>
    <property name="java.endorsed.dirs" value="/usr/local/openjdk-8/jre/lib/endorsed"/>
    <property name="os.arch" value="amd64"/>
    <property name="java.io.tmpdir" value="/tmp"/>
    <property name="line.separator" value="&#10;"/>
    <property name="java.vm.specification.vendor" value="Oracle Corporation"/>
    <property name="os.name" value="Linux"/>
    <property name="classworlds.conf" value="/usr/share/maven/bin/m2.conf"/>
    <property name="sun.jnu.encoding" value="UTF-8"/>
    <property name="java.library.path" value="/usr/java/packages/lib/amd64:/usr/lib64:/lib64:/lib:/usr/lib"/>
    <property name="license.skip" value="true"/>
    <property name="maven.conf" value="/usr/share/maven/conf"/>
    <property name="java.specification.name" value="Java Platform API Specification"/>
    <property name="java.class.version" value="52.0"/>
    <property name="sun.management.compiler" value="HotSpot 64-Bit Tiered Compilers"/>
    <property name="maven.test.failure.ignore" value="true"/>
    <property name="os.version" value="4.15.0-109-generic"/>
    <property name="library.jansi.path" value="/usr/share/maven/lib/jansi-native"/>
    <property name="user.home" value="/home/jdbl"/>
    <property name="user.timezone" value="Etc/UTC"/>
    <property name="java.awt.printerjob" value="sun.print.PSPrinterJob"/>
    <property name="java.specification.version" value="1.8"/>
    <property name="file.encoding" value="UTF-8"/>
    <property name="user.name" value="jdbl"/>
    <property name="java.class.path" value="/usr/share/maven/boot/plexus-classworlds-2.6.0.jar"/>
    <property name="java.vm.specification.version" value="1.8"/>
    <property name="sun.arch.data.model" value="64"/>
    <property name="java.home" value="/usr/local/openjdk-8/jre"/>
    <property name="sun.java.command" value="org.codehaus.plexus.classworlds.launcher.Launcher test -e --fail-never -ntp -Dmaven.test.failure.ignore=true -B -Dmaven.javadoc.skip=true -Drat.skip=true -Danimal.sniffer.skip=true -Dmaven.javadoc.skip=true -Dlicense.skip=true -Dsource.skip=true"/>
    <property name="java.specification.vendor" value="Oracle Corporation"/>
    <property name="user.language" value="en"/>
    <property name="awt.toolkit" value="sun.awt.X11.XToolkit"/>
    <property name="java.vm.info" value="mixed mode"/>
    <property name="java.version" value="1.8.0_262"/>
    <property name="java.ext.dirs" value="/usr/local/openjdk-8/jre/lib/ext:/usr/java/packages/lib/ext"/>
    <property name="securerandom.source" value="file:/dev/./urandom"/>
    <property name="sun.boot.class.path" value="/usr/local/openjdk-8/jre/lib/resources.jar:/usr/local/openjdk-8/jre/lib/rt.jar:/usr/local/openjdk-8/jre/lib/sunrsasign.jar:/usr/local/openjdk-8/jre/lib/jsse.jar:/usr/local/openjdk-8/jre/lib/jce.jar:/usr/local/openjdk-8/jre/lib/charsets.jar:/usr/local/openjdk-8/jre/lib/jfr.jar:/usr/local/openjdk-8/jre/classes"/>
    <property name="java.vendor" value="Oracle Corporation"/>
    <property name="rat.skip" value="true"/>
    <property name="maven.home" value="/usr/share/maven"/>
    <property name="file.separator" value="/"/>
    <property name="java.vendor.url.bug" value="http://bugreport.sun.com/bugreport/"/>
    <property name="sun.cpu.endian" value="little"/>
    <property name="sun.io.unicode.encoding" value="UnicodeLittle"/>
    <property name="sun.cpu.isalist" value=""/>
  </properties>
  <testcase name="testAutoMapBigDecimalToInteger" classname="com.github.davidmoten.rx.jdbc.UtilTest" time="0"/>
  <testcase name="testAutoMapOfSqlTimeToBigInteger" classname="com.github.davidmoten.rx.jdbc.UtilTest" time="0"/>
  <testcase name="testAutoMapOfLongToFloat" classname="com.github.davidmoten.rx.jdbc.UtilTest" time="0"/>
  <testcase name="testAutoMapOfSqlTimeToUtilDate" classname="com.github.davidmoten.rx.jdbc.UtilTest" time="0"/>
  <testcase name="testCamelCaseToUnderscore" classname="com.github.davidmoten.rx.jdbc.UtilTest" time="0"/>
  <testcase name="testAutoMapOfSqlTimestampToBigInteger" classname="com.github.davidmoten.rx.jdbc.UtilTest" time="0"/>
  <testcase name="testAutoMapBigIntegerToDouble" classname="com.github.davidmoten.rx.jdbc.UtilTest" time="0"/>
  <testcase name="testAutoMapOfDoubleToBigDecimal" classname="com.github.davidmoten.rx.jdbc.UtilTest" time="0.001"/>
  <testcase name="testAutoMapOfSqlTimestampToSimple" classname="com.github.davidmoten.rx.jdbc.UtilTest" time="0.001"/>
  <testcase name="testMapObjectNullClob" classname="com.github.davidmoten.rx.jdbc.UtilTest" time="0.294"/>
  <testcase name="testAutoMapBlobToSimple" classname="com.github.davidmoten.rx.jdbc.UtilTest" time="0.001"/>
  <testcase name="testCountOfQuestionMarks" classname="com.github.davidmoten.rx.jdbc.UtilTest" time="0"/>
  <testcase name="testAutoMapOfNumberToDouble" classname="com.github.davidmoten.rx.jdbc.UtilTest" time="0"/>
  <testcase name="testAutoMapClobToSimple" classname="com.github.davidmoten.rx.jdbc.UtilTest" time="0.004"/>
  <testcase name="testAutoMapOfDoubleToBigInteger" classname="com.github.davidmoten.rx.jdbc.UtilTest" time="0"/>
  <testcase name="testCamelCaseToUnderscore2" classname="com.github.davidmoten.rx.jdbc.UtilTest" time="0"/>
  <testcase name="testCamelCaseToUnderscore3" classname="com.github.davidmoten.rx.jdbc.UtilTest" time="0"/>
  <testcase name="testCamelCaseToUnderscore4" classname="com.github.davidmoten.rx.jdbc.UtilTest" time="0"/>
  <testcase name="testCamelCaseToUnderscore5" classname="com.github.davidmoten.rx.jdbc.UtilTest" time="0.002"/>
  <testcase name="testCamelCaseToUnderscore6" classname="com.github.davidmoten.rx.jdbc.UtilTest" time="0"/>
  <testcase name="testAutoMapBigDecimalToLong" classname="com.github.davidmoten.rx.jdbc.UtilTest" time="0.001"/>
  <testcase name="testCountOfNoQuestionMarks" classname="com.github.davidmoten.rx.jdbc.UtilTest" time="0"/>
  <testcase name="testAutoMapBlobToByteArray" classname="com.github.davidmoten.rx.jdbc.UtilTest" time="0.01"/>
  <testcase name="testAutoMapOfSqlDateToBigInteger" classname="com.github.davidmoten.rx.jdbc.UtilTest" time="0"/>
  <testcase name="testAutoMapOfSqlDateToSimple" classname="com.github.davidmoten.rx.jdbc.UtilTest" time="0"/>
  <testcase name="testCommitNullDoesNothing" classname="com.github.davidmoten.rx.jdbc.UtilTest" time="0"/>
  <testcase name="testAutoMapOfNumberToShort" classname="com.github.davidmoten.rx.jdbc.UtilTest" time="0"/>
  <testcase name="testAutoMapOfIntegerToBigDecimal" classname="com.github.davidmoten.rx.jdbc.UtilTest" time="0"/>
  <testcase name="testCountOfQuestionMarksIgnoresTextInQuotes" classname="com.github.davidmoten.rx.jdbc.UtilTest" time="0"/>
  <testcase name="testCountOfNoQuestionMarksReturnsZeroWhenEmptyString" classname="com.github.davidmoten.rx.jdbc.UtilTest" time="0"/>
  <testcase name="testAutoMapOfIntegerToBigInteger" classname="com.github.davidmoten.rx.jdbc.UtilTest" time="0"/>
  <testcase name="obtainCoverageOfPrivateConstructor" classname="com.github.davidmoten.rx.jdbc.UtilTest" time="0"/>
  <testcase name="testRollbackNullDoesNothing" classname="com.github.davidmoten.rx.jdbc.UtilTest" time="0"/>
  <testcase name="testAutoMapOfSqlDateToLong" classname="com.github.davidmoten.rx.jdbc.UtilTest" time="0.001"/>
  <testcase name="testRollback" classname="com.github.davidmoten.rx.jdbc.UtilTest" time="0"/>
  <testcase name="testAutoMapBigDecimalToFloat" classname="com.github.davidmoten.rx.jdbc.UtilTest" time="0"/>
  <testcase name="testAutoMapBigDecimalToShort" classname="com.github.davidmoten.rx.jdbc.UtilTest" time="0"/>
  <testcase name="testAutoMapBigIntegerToFloat" classname="com.github.davidmoten.rx.jdbc.UtilTest" time="0"/>
  <testcase name="testAutoMapBigIntegerToShort" classname="com.github.davidmoten.rx.jdbc.UtilTest" time="0"/>
  <testcase name="testAutoMapOfSqlTimestampToLong" classname="com.github.davidmoten.rx.jdbc.UtilTest" time="0.001"/>
  <testcase name="testMapObjectExistingClob" classname="com.github.davidmoten.rx.jdbc.UtilTest" time="0.007"/>
  <testcase name="testAutoMapOfSqlTimeToLong" classname="com.github.davidmoten.rx.jdbc.UtilTest" time="0"/>
  <testcase name="testAutoMapOfNumberToLong" classname="com.github.davidmoten.rx.jdbc.UtilTest" time="0"/>
  <testcase name="testAutoMapClobToByteArray" classname="com.github.davidmoten.rx.jdbc.UtilTest" time="0"/>
  <testcase name="testAutoMapBigIntegerToLong" classname="com.github.davidmoten.rx.jdbc.UtilTest" time="0"/>
  <testcase name="testAutoMapOfBigDecimalToSimple" classname="com.github.davidmoten.rx.jdbc.UtilTest" time="0"/>
  <testcase name="testAutoMapBigIntegerToInteger" classname="com.github.davidmoten.rx.jdbc.UtilTest" time="0"/>
  <testcase name="testAutoMapOfSqlDateToUtilDate" classname="com.github.davidmoten.rx.jdbc.UtilTest" time="0"/>
  <testcase name="testAutoMapOfUtilDateToSqlDate" classname="com.github.davidmoten.rx.jdbc.UtilTest" time="0"/>
  <testcase name="testAutoMapOfNumberToBigInteger" classname="com.github.davidmoten.rx.jdbc.UtilTest" time="0.003"/>
  <testcase name="testCountOfNoQuestionMarksSkipsNestedUnclosedQuotes" classname="com.github.davidmoten.rx.jdbc.UtilTest" time="0"/>
  <testcase name="testAutoMapOfShortToBigInteger" classname="com.github.davidmoten.rx.jdbc.UtilTest" time="0"/>
  <testcase name="testAutoMapOfSqlTimestampToUtilDate" classname="com.github.davidmoten.rx.jdbc.UtilTest" time="0"/>
  <testcase name="testClose1" classname="com.github.davidmoten.rx.jdbc.UtilTest" time="0.001"/>
  <testcase name="testClose2" classname="com.github.davidmoten.rx.jdbc.UtilTest" time="0"/>
  <testcase name="testCommit" classname="com.github.davidmoten.rx.jdbc.UtilTest" time="0.001"/>
  <testcase name="testAutoMapOfSqlTimeToSimple" classname="com.github.davidmoten.rx.jdbc.UtilTest" time="0"/>
  <testcase name="testAutoMapOfNumberToInteger" classname="com.github.davidmoten.rx.jdbc.UtilTest" time="0"/>
  <testcase name="testAutoMapOfBigIntegerToSimple" classname="com.github.davidmoten.rx.jdbc.UtilTest" time="0"/>
  <testcase name="testAutoMapBigDecimalToDouble" classname="com.github.davidmoten.rx.jdbc.UtilTest" time="0"/>
</testsuite>