<?xml version="1.0" encoding="UTF-8"?>
<testsuite xmlns:xsi="http://www.w3.org/2001/XMLSchema-instance" xsi:schemaLocation="https://maven.apache.org/surefire/maven-surefire-plugin/xsd/surefire-test-report.xsd" name="com.github.davidmoten.rx.jdbc.DatabaseAsyncTest" time="1.276" tests="116" errors="0" skipped="0" failures="0">
  <properties>
    <property name="java.runtime.name" value="OpenJDK Runtime Environment"/>
    <property name="sun.boot.library.path" value="/usr/local/openjdk-8/jre/lib/amd64"/>
    <property name="java.vm.version" value="25.262-b10"/>
    <property name="animal.sniffer.skip" value="true"/>
    <property name="java.vm.vendor" value="Oracle Corporation"/>
    <property name="maven.multiModuleProjectDirectory" value="/tmp/tmpzy9suevw/rxjava-jdbc"/>
    <property name="maven.javadoc.skip" value="true"/>
    <property name="java.vendor.url" value="http://java.oracle.com/"/>
    <property name="path.separator" value=":"/>
    <property name="guice.disable.misplaced.annotation.check" value="true"/>
    <property name="java.vm.name" value="OpenJDK 64-Bit Server VM"/>
    <property name="file.encoding.pkg" value="sun.io"/>
    <property name="sun.java.launcher" value="SUN_STANDARD"/>
    <property name="sun.os.patch.level" value="unknown"/>
    <property name="source.skip" value="true"/>
    <property name="java.vm.specification.name" value="Java Virtual Machine Specification"/>
    <property name="user.dir" value="/tmp/tmpzy9suevw/rxjava-jdbc"/>
    <property name="java.runtime.version" value="1.8.0_262-b10"/>
    <property name="java.awt.graphicsenv" value="sun.awt.X11GraphicsEnvironment"/>
    <property name="java.endorsed.dirs" value="/usr/local/openjdk-8/jre/lib/endorsed"/>
    <property name="os.arch" value="amd64"/>
    <property name="java.io.tmpdir" value="/tmp"/>
    <property name="line.separator" value="&#10;"/>
    <property name="java.vm.specification.vendor" value="Oracle Corporation"/>
    <property name="os.name" value="Linux"/>
    <property name="classworlds.conf" value="/usr/share/maven/bin/m2.conf"/>
    <property name="sun.jnu.encoding" value="UTF-8"/>
    <property name="java.library.path" value="/usr/java/packages/lib/amd64:/usr/lib64:/lib64:/lib:/usr/lib"/>
    <property name="license.skip" value="true"/>
    <property name="maven.conf" value="/usr/share/maven/conf"/>
    <property name="java.specification.name" value="Java Platform API Specification"/>
    <property name="java.class.version" value="52.0"/>
    <property name="sun.management.compiler" value="HotSpot 64-Bit Tiered Compilers"/>
    <property name="maven.test.failure.ignore" value="true"/>
    <property name="os.version" value="4.15.0-109-generic"/>
    <property name="library.jansi.path" value="/usr/share/maven/lib/jansi-native"/>
    <property name="user.home" value="/home/jdbl"/>
    <property name="user.timezone" value="Etc/UTC"/>
    <property name="java.awt.printerjob" value="sun.print.PSPrinterJob"/>
    <property name="java.specification.version" value="1.8"/>
    <property name="file.encoding" value="UTF-8"/>
    <property name="user.name" value="jdbl"/>
    <property name="java.class.path" value="/usr/share/maven/boot/plexus-classworlds-2.6.0.jar"/>
    <property name="java.vm.specification.version" value="1.8"/>
    <property name="sun.arch.data.model" value="64"/>
    <property name="java.home" value="/usr/local/openjdk-8/jre"/>
    <property name="sun.java.command" value="org.codehaus.plexus.classworlds.launcher.Launcher test -e --fail-never -ntp -Dmaven.test.failure.ignore=true -B -Dmaven.javadoc.skip=true -Drat.skip=true -Danimal.sniffer.skip=true -Dmaven.javadoc.skip=true -Dlicense.skip=true -Dsource.skip=true"/>
    <property name="java.specification.vendor" value="Oracle Corporation"/>
    <property name="user.language" value="en"/>
    <property name="awt.toolkit" value="sun.awt.X11.XToolkit"/>
    <property name="java.vm.info" value="mixed mode"/>
    <property name="java.version" value="1.8.0_262"/>
    <property name="java.ext.dirs" value="/usr/local/openjdk-8/jre/lib/ext:/usr/java/packages/lib/ext"/>
    <property name="securerandom.source" value="file:/dev/./urandom"/>
    <property name="sun.boot.class.path" value="/usr/local/openjdk-8/jre/lib/resources.jar:/usr/local/openjdk-8/jre/lib/rt.jar:/usr/local/openjdk-8/jre/lib/sunrsasign.jar:/usr/local/openjdk-8/jre/lib/jsse.jar:/usr/local/openjdk-8/jre/lib/jce.jar:/usr/local/openjdk-8/jre/lib/charsets.jar:/usr/local/openjdk-8/jre/lib/jfr.jar:/usr/local/openjdk-8/jre/classes"/>
    <property name="java.vendor" value="Oracle Corporation"/>
    <property name="rat.skip" value="true"/>
    <property name="maven.home" value="/usr/share/maven"/>
    <property name="file.separator" value="/"/>
    <property name="java.vendor.url.bug" value="http://bugreport.sun.com/bugreport/"/>
    <property name="sun.cpu.endian" value="little"/>
    <property name="sun.io.unicode.encoding" value="UnicodeLittle"/>
    <property name="sun.cpu.isalist" value=""/>
  </properties>
  <testcase name="testDependsUsingAsynchronousQueriesWaitsForFirstByDelayingCalculation" classname="com.github.davidmoten.rx.jdbc.DatabaseAsyncTest" time="0.113"/>
  <testcase name="testException" classname="com.github.davidmoten.rx.jdbc.DatabaseAsyncTest" time="0.009"/>
  <testcase name="testCompositionUsingCompose" classname="com.github.davidmoten.rx.jdbc.DatabaseAsyncTest" time="0.036"/>
  <testcase name="testcomposeUpdateWithParameters" classname="com.github.davidmoten.rx.jdbc.DatabaseAsyncTest" time="0.015"/>
  <testcase name="testUnsubscribeOfBufferAndFlatMap" classname="com.github.davidmoten.rx.jdbc.DatabaseAsyncTest" time="0.121"/>
  <testcase name="testConnectionsReleasedByCommitBeforeOnNext" classname="com.github.davidmoten.rx.jdbc.DatabaseAsyncTest" time="0.003"/>
  <testcase name="testConnectionsReleasedByRollbackBeforeOnNext" classname="com.github.davidmoten.rx.jdbc.DatabaseAsyncTest" time="0.006"/>
  <testcase name="testPushEmptyList" classname="com.github.davidmoten.rx.jdbc.DatabaseAsyncTest" time="0.007"/>
  <testcase name="testResultSetTransformSetOnQueryCompoundsWithDatabaseTransform" classname="com.github.davidmoten.rx.jdbc.DatabaseAsyncTest" time="0.002"/>
  <testcase name="testCountQuery" classname="com.github.davidmoten.rx.jdbc.DatabaseAsyncTest" time="0.007"/>
  <testcase name="insertNullClobAndReadAsString" classname="com.github.davidmoten.rx.jdbc.DatabaseAsyncTest" time="0.011"/>
  <testcase name="testTwoConnectionsOpenedAndClosedAfterTwoSelects" classname="com.github.davidmoten.rx.jdbc.DatabaseAsyncTest" time="0"/>
  <testcase name="testOneConnectionOpenAndClosedAfterOneSelect" classname="com.github.davidmoten.rx.jdbc.DatabaseAsyncTest" time="0.006"/>
  <testcase name="testCloseDatabaseClosesConnectionProvider" classname="com.github.davidmoten.rx.jdbc.DatabaseAsyncTest" time="0"/>
  <testcase name="testParametersAreUnsubscribed" classname="com.github.davidmoten.rx.jdbc.DatabaseAsyncTest" time="0.11"/>
  <testcase name="testTryCatch" classname="com.github.davidmoten.rx.jdbc.DatabaseAsyncTest" time="0.004"/>
  <testcase name="testOneConnectionOpenAndClosedAfterOneUpdate" classname="com.github.davidmoten.rx.jdbc.DatabaseAsyncTest" time="0.003"/>
  <testcase name="testJdbcObservableCountLettersInAllNames" classname="com.github.davidmoten.rx.jdbc.DatabaseAsyncTest" time="0.005"/>
  <testcase name="testBeginTransactionEmitsOneItem" classname="com.github.davidmoten.rx.jdbc.DatabaseAsyncTest" time="0.004"/>
  <testcase name="testCanChainUpdateStatementsWithinTransaction" classname="com.github.davidmoten.rx.jdbc.DatabaseAsyncTest" time="0.01"/>
  <testcase name="testSimpleExample" classname="com.github.davidmoten.rx.jdbc.DatabaseAsyncTest" time="0.01"/>
  <testcase name="testCloseAutoCommittingConnectionProviderClosesInternalConnectionProvider" classname="com.github.davidmoten.rx.jdbc.DatabaseAsyncTest" time="0"/>
  <testcase name="testConnectionPoolDoesNotRunOutOfConnectionsWhenQueryRunRepeatedly" classname="com.github.davidmoten.rx.jdbc.DatabaseAsyncTest" time="0.054"/>
  <testcase name="testComposition" classname="com.github.davidmoten.rx.jdbc.DatabaseAsyncTest" time="0.014"/>
  <testcase name="testRC4" classname="com.github.davidmoten.rx.jdbc.DatabaseAsyncTest" time="0.007"/>
  <testcase name="testNoParameters" classname="com.github.davidmoten.rx.jdbc.DatabaseAsyncTest" time="0.004"/>
  <testcase name="testCreateFromScript" classname="com.github.davidmoten.rx.jdbc.DatabaseAsyncTest" time="0.026"/>
  <testcase name="testTransactionOnCommitDoesntOccurUnlessSubscribedTo" classname="com.github.davidmoten.rx.jdbc.DatabaseAsyncTest" time="0.021"/>
  <testcase name="testReturnGeneratedKeysForMultipleCallsOfInsert" classname="com.github.davidmoten.rx.jdbc.DatabaseAsyncTest" time="0.042"/>
  <testcase name="testMixingExplicitAndObservableParameters" classname="com.github.davidmoten.rx.jdbc.DatabaseAsyncTest" time="0.008"/>
  <testcase name="testDatabaseBuilderWithPool" classname="com.github.davidmoten.rx.jdbc.DatabaseAsyncTest" time="0"/>
  <testcase name="testMultipleSetsOfParameters" classname="com.github.davidmoten.rx.jdbc.DatabaseAsyncTest" time="0.013"/>
  <testcase name="testEmptyResultSet" classname="com.github.davidmoten.rx.jdbc.DatabaseAsyncTest" time="0.013"/>
  <testcase name="testReturnGeneratedKeysForOneInsertedValue" classname="com.github.davidmoten.rx.jdbc.DatabaseAsyncTest" time="0.018"/>
  <testcase name="testAutoMapBlob" classname="com.github.davidmoten.rx.jdbc.DatabaseAsyncTest" time="0.005"/>
  <testcase name="testAutoMapClob" classname="com.github.davidmoten.rx.jdbc.DatabaseAsyncTest" time="0.01"/>
  <testcase name="testTransformToTuple2AndTestActionsPrintln" classname="com.github.davidmoten.rx.jdbc.DatabaseAsyncTest" time="0.011"/>
  <testcase name="testAutoMap" classname="com.github.davidmoten.rx.jdbc.DatabaseAsyncTest" time="0.014"/>
  <testcase name="testReturnGeneratedKeysForMultipleInsertedValuesInOneStatement" classname="com.github.davidmoten.rx.jdbc.DatabaseAsyncTest" time="0.005"/>
  <testcase name="testCalendarParameter" classname="com.github.davidmoten.rx.jdbc.DatabaseAsyncTest" time="0.005"/>
  <testcase name="testcomposeSelectWithDependencies" classname="com.github.davidmoten.rx.jdbc.DatabaseAsyncTest" time="0.005"/>
  <testcase name="testComposeWithParameters" classname="com.github.davidmoten.rx.jdbc.DatabaseAsyncTest" time="0.003"/>
  <testcase name="testAutoMapWillMapStringToStringAndIntToDouble" classname="com.github.davidmoten.rx.jdbc.DatabaseAsyncTest" time="0.011"/>
  <testcase name="testTakeShouldNotHang" classname="com.github.davidmoten.rx.jdbc.DatabaseAsyncTest" time="0"/>
  <testcase name="testTransformToTupleN" classname="com.github.davidmoten.rx.jdbc.DatabaseAsyncTest" time="0.003"/>
  <testcase name="testCanExecuteCreateSchema" classname="com.github.davidmoten.rx.jdbc.DatabaseAsyncTest" time="0.003"/>
  <testcase name="insertBlobAndReadAsByteArray" classname="com.github.davidmoten.rx.jdbc.DatabaseAsyncTest" time="0.011"/>
  <testcase name="insertNullBlobAndReadAsByteArray" classname="com.github.davidmoten.rx.jdbc.DatabaseAsyncTest" time="0.004"/>
  <testcase name="testNamedParametersWithMapParameterNoNamesInSql" classname="com.github.davidmoten.rx.jdbc.DatabaseAsyncTest" time="0.002"/>
  <testcase name="testAutoMapInterfaceWithPrimitives" classname="com.github.davidmoten.rx.jdbc.DatabaseAsyncTest" time="0.012"/>
  <testcase name="testUseParameterObservable" classname="com.github.davidmoten.rx.jdbc.DatabaseAsyncTest" time="0.002"/>
  <testcase name="testInstantiateDatabaseWithUrl" classname="com.github.davidmoten.rx.jdbc.DatabaseAsyncTest" time="0.001"/>
  <testcase name="testParameterListOperator" classname="com.github.davidmoten.rx.jdbc.DatabaseAsyncTest" time="0.015"/>
  <testcase name="testOneConnectionOpenedAndClosedAfterTwoSelectsWithinTransaction" classname="com.github.davidmoten.rx.jdbc.DatabaseAsyncTest" time="0.007"/>
  <testcase name="testAutoMapWithQueryAnnotation" classname="com.github.davidmoten.rx.jdbc.DatabaseAsyncTest" time="0.006"/>
  <testcase name="testUpdateAndSelectWithTransaction" classname="com.github.davidmoten.rx.jdbc.DatabaseAsyncTest" time="0.003"/>
  <testcase name="testAutoMapCannotFindConstructorWithEnoughParameters" classname="com.github.davidmoten.rx.jdbc.DatabaseAsyncTest" time="0.002"/>
  <testcase name="testRunScript" classname="com.github.davidmoten.rx.jdbc.DatabaseAsyncTest" time="0.03"/>
  <testcase name="testcomposeWithManyParameters" classname="com.github.davidmoten.rx.jdbc.DatabaseAsyncTest" time="0.012"/>
  <testcase name="testNamedParametersWithMapParameter" classname="com.github.davidmoten.rx.jdbc.DatabaseAsyncTest" time="0.004"/>
  <testcase name="testTransactionUsingCount" classname="com.github.davidmoten.rx.jdbc.DatabaseAsyncTest" time="0.012"/>
  <testcase name="testUpdateErrorResetsTransactionContextInDatabaseClass" classname="com.github.davidmoten.rx.jdbc.DatabaseAsyncTest" time="0.002"/>
  <testcase name="insertClobAndReadAsReader" classname="com.github.davidmoten.rx.jdbc.DatabaseAsyncTest" time="0.004"/>
  <testcase name="testParametersAreUnsubscribedIfUnsubscribedPostParameterOperatorcompose" classname="com.github.davidmoten.rx.jdbc.DatabaseAsyncTest" time="0.102"/>
  <testcase name="insertClobAndReadAsString" classname="com.github.davidmoten.rx.jdbc.DatabaseAsyncTest" time="0.003"/>
  <testcase name="testDatabaseBuilderWithPoolAndConfigured" classname="com.github.davidmoten.rx.jdbc.DatabaseAsyncTest" time="0"/>
  <testcase name="testConnectionPool" classname="com.github.davidmoten.rx.jdbc.DatabaseAsyncTest" time="0.025"/>
  <testcase name="testAutoMapConvertsCamelCaseToUnderscoreColumnNames" classname="com.github.davidmoten.rx.jdbc.DatabaseAsyncTest" time="0.003"/>
  <testcase name="testOneConnectionOpenedAndClosedAfterTwoUpdatesWithinTransaction" classname="com.github.davidmoten.rx.jdbc.DatabaseAsyncTest" time="0.005"/>
  <testcase name="testParameterListOperatorWhenQueryNeedsTwoParameters" classname="com.github.davidmoten.rx.jdbc.DatabaseAsyncTest" time="0.004"/>
  <testcase name="testLastTransactionWithoutTransaction" classname="com.github.davidmoten.rx.jdbc.DatabaseAsyncTest" time="0.002"/>
  <testcase name="testDatabaseFromConnectionCanUseConnectionTwiceWithoutItBeingClosedInReality" classname="com.github.davidmoten.rx.jdbc.DatabaseAsyncTest" time="0.002"/>
  <testcase name="testBeginTransactionOnNextForThreePasses" classname="com.github.davidmoten.rx.jdbc.DatabaseAsyncTest" time="0.007"/>
  <testcase name="testInsertNull" classname="com.github.davidmoten.rx.jdbc.DatabaseAsyncTest" time="0.002"/>
  <testcase name="testDatabaseBuilderWithPoolAndIllegallyConfiguredThrows" classname="com.github.davidmoten.rx.jdbc.DatabaseAsyncTest" time="0.001"/>
  <testcase name="testTwoConnectionsOpenedAndClosedAfterTwoUpdates" classname="com.github.davidmoten.rx.jdbc.DatabaseAsyncTest" time="0.002"/>
  <testcase name="testConnectionsReleasedByUpdateStatementBeforeOnNext" classname="com.github.davidmoten.rx.jdbc.DatabaseAsyncTest" time="0.002"/>
  <testcase name="testNamedParametersWithMapParameterInObservable" classname="com.github.davidmoten.rx.jdbc.DatabaseAsyncTest" time="0.002"/>
  <testcase name="testResultSetTransformSetOnDatabase" classname="com.github.davidmoten.rx.jdbc.DatabaseAsyncTest" time="0.002"/>
  <testcase name="testSqlProblem" classname="com.github.davidmoten.rx.jdbc.DatabaseAsyncTest" time="0.001"/>
  <testcase name="testRollbackOnLastOperator" classname="com.github.davidmoten.rx.jdbc.DatabaseAsyncTest" time="0.003"/>
  <testcase name="testCloseSingletonManualCommitConnectionProviderClosesInternalConnectionProvider" classname="com.github.davidmoten.rx.jdbc.DatabaseAsyncTest" time="0.001"/>
  <testcase name="testComposition2" classname="com.github.davidmoten.rx.jdbc.DatabaseAsyncTest" time="0.004"/>
  <testcase name="testCanExecuteCreateTable" classname="com.github.davidmoten.rx.jdbc.DatabaseAsyncTest" time="0.008"/>
  <testcase name="testNamedParametersWithUpdateStatement" classname="com.github.davidmoten.rx.jdbc.DatabaseAsyncTest" time="0.003"/>
  <testcase name="testTakeFewerThanAvailable" classname="com.github.davidmoten.rx.jdbc.DatabaseAsyncTest" time="0.002"/>
  <testcase name="testNonTransactionalMultipleQueries" classname="com.github.davidmoten.rx.jdbc.DatabaseAsyncTest" time="0.002"/>
  <testcase name="testDatabaseBuilder" classname="com.github.davidmoten.rx.jdbc.DatabaseAsyncTest" time="0"/>
  <testcase name="testTwoParameters" classname="com.github.davidmoten.rx.jdbc.DatabaseAsyncTest" time="0.001"/>
  <testcase name="testCannotPassObservableAsSingleParameter" classname="com.github.davidmoten.rx.jdbc.DatabaseAsyncTest" time="0.001"/>
  <testcase name="testcomposeUpdateWithDependencies" classname="com.github.davidmoten.rx.jdbc.DatabaseAsyncTest" time="0.005"/>
  <testcase name="testNamedParametersOneMissingParameterShouldThrowException" classname="com.github.davidmoten.rx.jdbc.DatabaseAsyncTest" time="0.002"/>
  <testcase name="testConnectionPoolWhenExceptionThrown" classname="com.github.davidmoten.rx.jdbc.DatabaseAsyncTest" time="0.001"/>
  <testcase name="testAutoMapInterface" classname="com.github.davidmoten.rx.jdbc.DatabaseAsyncTest" time="0.003"/>
  <testcase name="testGetTimestamp" classname="com.github.davidmoten.rx.jdbc.DatabaseAsyncTest" time="0.016"/>
  <testcase name="testTwoConnectionsOpenedAndClosedWhenTakeOneUsedWithSelectThatReturnsOneRow" classname="com.github.davidmoten.rx.jdbc.DatabaseAsyncTest" time="0.002"/>
  <testcase name="testTransactionOnRollback" classname="com.github.davidmoten.rx.jdbc.DatabaseAsyncTest" time="0.004"/>
  <testcase name="testCustomMapper" classname="com.github.davidmoten.rx.jdbc.DatabaseAsyncTest" time="0.008"/>
  <testcase name="testNoParams" classname="com.github.davidmoten.rx.jdbc.DatabaseAsyncTest" time="0.001"/>
  <testcase name="testChainSelectUsingOperators" classname="com.github.davidmoten.rx.jdbc.DatabaseAsyncTest" time="0.004"/>
  <testcase name="testTransaction" classname="com.github.davidmoten.rx.jdbc.DatabaseAsyncTest" time="0.008"/>
  <testcase name="testCompositionTwoLevels" classname="com.github.davidmoten.rx.jdbc.DatabaseAsyncTest" time="0.028"/>
  <testcase name="testCommitOnLastOperator" classname="com.github.davidmoten.rx.jdbc.DatabaseAsyncTest" time="0.004"/>
  <testcase name="testAutoMapThrowsExceptionIfMappedInterfaceColumnMethodHasParameters" classname="com.github.davidmoten.rx.jdbc.DatabaseAsyncTest" time="0.002"/>
  <testcase name="testCloseConnectionProviderFromUrlClosesInternalConnectionProvider" classname="com.github.davidmoten.rx.jdbc.DatabaseAsyncTest" time="0.001"/>
  <testcase name="testResultSetTransformSetOnQuery" classname="com.github.davidmoten.rx.jdbc.DatabaseAsyncTest" time="0.006"/>
  <testcase name="testTuple3" classname="com.github.davidmoten.rx.jdbc.DatabaseAsyncTest" time="0.003"/>
  <testcase name="testTuple4" classname="com.github.davidmoten.rx.jdbc.DatabaseAsyncTest" time="0.001"/>
  <testcase name="testTuple5" classname="com.github.davidmoten.rx.jdbc.DatabaseAsyncTest" time="0.001"/>
  <testcase name="testTuple6" classname="com.github.davidmoten.rx.jdbc.DatabaseAsyncTest" time="0.001"/>
  <testcase name="testTuple7" classname="com.github.davidmoten.rx.jdbc.DatabaseAsyncTest" time="0.003"/>
  <testcase name="testDetector" classname="com.github.davidmoten.rx.jdbc.DatabaseAsyncTest" time="0"/>
  <testcase name="testCommitOperator" classname="com.github.davidmoten.rx.jdbc.DatabaseAsyncTest" time="0.003"/>
  <testcase name="testTransactionOnCommit" classname="com.github.davidmoten.rx.jdbc.DatabaseAsyncTest" time="0.004"/>
  <testcase name="testNamedParameters" classname="com.github.davidmoten.rx.jdbc.DatabaseAsyncTest" time="0.001"/>
  <testcase name="testSelectErrorResetsTransactionContextInDatabaseClass" classname="com.github.davidmoten.rx.jdbc.DatabaseAsyncTest" time="0.003"/>
</testsuite>