<?xml version="1.0" encoding="UTF-8"?>
<testsuite xmlns:xsi="http://www.w3.org/2001/XMLSchema-instance" xsi:noNamespaceSchemaLocation="https://maven.apache.org/surefire/maven-surefire-plugin/xsd/surefire-test-report.xsd" name="org.kohsuke.github.GHGistTest" time="0.207" tests="3" errors="0" skipped="0" failures="0">
  <properties>
    <property name="awt.toolkit" value="sun.awt.X11.XToolkit"/>
    <property name="maven.test.error.ignore" value="true"/>
    <property name="file.encoding.pkg" value="sun.io"/>
    <property name="java.specification.version" value="1.8"/>
    <property name="sun.cpu.isalist" value=""/>
    <property name="sun.jnu.encoding" value="UTF-8"/>
    <property name="java.class.path" value="/tmp/tmpzjkxoibp/github-api/target/test-classes:/tmp/tmpzjkxoibp/github-api/target/classes:/home/jdbl/.m2/repository/org/apache/commons/commons-lang3/3.9/commons-lang3-3.9.jar:/home/jdbl/.m2/repository/org/hamcrest/hamcrest/2.2/hamcrest-2.2.jar:/home/jdbl/.m2/repository/org/hamcrest/hamcrest-core/2.2/hamcrest-core-2.2.jar:/home/jdbl/.m2/repository/org/hamcrest/hamcrest-library/2.2/hamcrest-library-2.2.jar:/home/jdbl/.m2/repository/junit/junit/4.13/junit-4.13.jar:/home/jdbl/.m2/repository/com/fasterxml/jackson/core/jackson-databind/2.10.2/jackson-databind-2.10.2.jar:/home/jdbl/.m2/repository/com/fasterxml/jackson/core/jackson-annotations/2.10.2/jackson-annotations-2.10.2.jar:/home/jdbl/.m2/repository/com/fasterxml/jackson/core/jackson-core/2.10.2/jackson-core-2.10.2.jar:/home/jdbl/.m2/repository/commons-io/commons-io/2.6/commons-io-2.6.jar:/home/jdbl/.m2/repository/com/infradna/tool/bridge-method-annotation/1.18/bridge-method-annotation-1.18.jar:/home/jdbl/.m2/repository/org/jenkins-ci/annotation-indexer/1.4/annotation-indexer-1.4.jar:/home/jdbl/.m2/repository/commons-fileupload/commons-fileupload/1.4/commons-fileupload-1.4.jar:/home/jdbl/.m2/repository/commons-discovery/commons-discovery/0.5/commons-discovery-0.5.jar:/home/jdbl/.m2/repository/commons-logging/commons-logging/1.1.1/commons-logging-1.1.1.jar:/home/jdbl/.m2/repository/org/kohsuke/stapler/stapler/1.258/stapler-1.258.jar:/home/jdbl/.m2/repository/javax/annotation/javax.annotation-api/1.2/javax.annotation-api-1.2.jar:/home/jdbl/.m2/repository/commons-beanutils/commons-beanutils/1.8.3/commons-beanutils-1.8.3.jar:/home/jdbl/.m2/repository/commons-codec/commons-codec/1.9/commons-codec-1.9.jar:/home/jdbl/.m2/repository/org/jvnet/localizer/localizer/1.7/localizer-1.7.jar:/home/jdbl/.m2/repository/org/kohsuke/stapler/json-lib/2.4-jenkins-2/json-lib-2.4-jenkins-2.jar:/home/jdbl/.m2/repository/commons-collections/commons-collections/3.2.1/commons-collections-3.2.1.jar:/home/jdbl/.m2/repository/commons-lang/commons-lang/2.5/commons-lang-2.5.jar:/home/jdbl/.m2/repository/net/sf/ezmorph/ezmorph/1.0.6/ezmorph-1.0.6.jar:/home/jdbl/.m2/repository/org/jvnet/tiger-types/2.2/tiger-types-2.2.jar:/home/jdbl/.m2/repository/com/google/guava/guava/11.0.1/guava-11.0.1.jar:/home/jdbl/.m2/repository/org/kohsuke/asm5/5.0.1/asm5-5.0.1.jar:/home/jdbl/.m2/repository/com/google/code/findbugs/jsr305/2.0.1/jsr305-2.0.1.jar:/home/jdbl/.m2/repository/com/jcraft/jzlib/1.1.3/jzlib-1.1.3.jar:/home/jdbl/.m2/repository/org/kohsuke/stapler/stapler-jetty/1.1/stapler-jetty-1.1.jar:/home/jdbl/.m2/repository/org/eclipse/jetty/jetty-servlet/7.5.4.v20111024/jetty-servlet-7.5.4.v20111024.jar:/home/jdbl/.m2/repository/org/eclipse/jetty/jetty-security/7.5.4.v20111024/jetty-security-7.5.4.v20111024.jar:/home/jdbl/.m2/repository/org/eclipse/jetty/jetty-server/7.5.4.v20111024/jetty-server-7.5.4.v20111024.jar:/home/jdbl/.m2/repository/javax/servlet/servlet-api/2.5/servlet-api-2.5.jar:/home/jdbl/.m2/repository/org/eclipse/jetty/jetty-continuation/7.5.4.v20111024/jetty-continuation-7.5.4.v20111024.jar:/home/jdbl/.m2/repository/org/eclipse/jetty/jetty-http/7.5.4.v20111024/jetty-http-7.5.4.v20111024.jar:/home/jdbl/.m2/repository/org/eclipse/jetty/jetty-io/7.5.4.v20111024/jetty-io-7.5.4.v20111024.jar:/home/jdbl/.m2/repository/org/eclipse/jetty/jetty-util/7.5.4.v20111024/jetty-util-7.5.4.v20111024.jar:/home/jdbl/.m2/repository/org/eclipse/jgit/org.eclipse.jgit/5.6.0.201912101111-r/org.eclipse.jgit-5.6.0.201912101111-r.jar:/home/jdbl/.m2/repository/com/jcraft/jsch/0.1.55/jsch-0.1.55.jar:/home/jdbl/.m2/repository/com/googlecode/javaewah/JavaEWAH/1.1.6/JavaEWAH-1.1.6.jar:/home/jdbl/.m2/repository/org/slf4j/slf4j-api/1.7.2/slf4j-api-1.7.2.jar:/home/jdbl/.m2/repository/org/bouncycastle/bcpg-jdk15on/1.64/bcpg-jdk15on-1.64.jar:/home/jdbl/.m2/repository/org/bouncycastle/bcprov-jdk15on/1.64/bcprov-jdk15on-1.64.jar:/home/jdbl/.m2/repository/org/bouncycastle/bcpkix-jdk15on/1.64/bcpkix-jdk15on-1.64.jar:/home/jdbl/.m2/repository/com/squareup/okio/okio/2.4.3/okio-2.4.3.jar:/home/jdbl/.m2/repository/org/jetbrains/kotlin/kotlin-stdlib/1.3.61/kotlin-stdlib-1.3.61.jar:/home/jdbl/.m2/repository/org/jetbrains/annotations/13.0/annotations-13.0.jar:/home/jdbl/.m2/repository/org/jetbrains/kotlin/kotlin-stdlib-common/1.3.61/kotlin-stdlib-common-1.3.61.jar:/home/jdbl/.m2/repository/com/squareup/okhttp3/okhttp/4.3.1/okhttp-4.3.1.jar:/home/jdbl/.m2/repository/com/squareup/okhttp3/okhttp-urlconnection/3.12.3/okhttp-urlconnection-3.12.3.jar:/home/jdbl/.m2/repository/com/squareup/okhttp/okhttp-urlconnection/2.7.5/okhttp-urlconnection-2.7.5.jar:/home/jdbl/.m2/repository/com/squareup/okhttp/okhttp/2.7.5/okhttp-2.7.5.jar:/home/jdbl/.m2/repository/org/kohsuke/wordnet-random-name/1.3/wordnet-random-name-1.3.jar:/home/jdbl/.m2/repository/org/mockito/mockito-core/3.2.4/mockito-core-3.2.4.jar:/home/jdbl/.m2/repository/net/bytebuddy/byte-buddy/1.10.5/byte-buddy-1.10.5.jar:/home/jdbl/.m2/repository/net/bytebuddy/byte-buddy-agent/1.10.5/byte-buddy-agent-1.10.5.jar:/home/jdbl/.m2/repository/org/objenesis/objenesis/2.6/objenesis-2.6.jar:/home/jdbl/.m2/repository/com/github/spotbugs/spotbugs-annotations/3.1.12/spotbugs-annotations-3.1.12.jar:/home/jdbl/.m2/repository/com/github/tomakehurst/wiremock-jre8-standalone/2.25.1/wiremock-jre8-standalone-2.25.1.jar:/home/jdbl/.m2/repository/com/google/code/gson/gson/2.8.6/gson-2.8.6.jar:"/>
    <property name="java.vm.vendor" value="Oracle Corporation"/>
    <property name="maven.javadoc.skip" value="true"/>
    <property name="sun.arch.data.model" value="64"/>
    <property name="java.vendor.url" value="http://java.oracle.com/"/>
    <property name="user.timezone" value=""/>
    <property name="java.vm.specification.version" value="1.8"/>
    <property name="os.name" value="Linux"/>
    <property name="rat.skip" value="true"/>
    <property name="sun.java.launcher" value="SUN_STANDARD"/>
    <property name="sun.boot.library.path" value="/usr/local/openjdk-8/jre/lib/amd64"/>
    <property name="sun.java.command" value="/tmp/tmpzjkxoibp/github-api/target/surefire/surefirebooter5356233507113015033.jar /tmp/tmpzjkxoibp/github-api/target/surefire 2020-07-30T15-14-20_002-jvmRun1 surefire8629966542497091707tmp surefire_05511319288165900075tmp"/>
    <property name="surefire.test.class.path" value="/tmp/tmpzjkxoibp/github-api/target/test-classes:/tmp/tmpzjkxoibp/github-api/target/classes:/home/jdbl/.m2/repository/org/apache/commons/commons-lang3/3.9/commons-lang3-3.9.jar:/home/jdbl/.m2/repository/org/hamcrest/hamcrest/2.2/hamcrest-2.2.jar:/home/jdbl/.m2/repository/org/hamcrest/hamcrest-core/2.2/hamcrest-core-2.2.jar:/home/jdbl/.m2/repository/org/hamcrest/hamcrest-library/2.2/hamcrest-library-2.2.jar:/home/jdbl/.m2/repository/junit/junit/4.13/junit-4.13.jar:/home/jdbl/.m2/repository/com/fasterxml/jackson/core/jackson-databind/2.10.2/jackson-databind-2.10.2.jar:/home/jdbl/.m2/repository/com/fasterxml/jackson/core/jackson-annotations/2.10.2/jackson-annotations-2.10.2.jar:/home/jdbl/.m2/repository/com/fasterxml/jackson/core/jackson-core/2.10.2/jackson-core-2.10.2.jar:/home/jdbl/.m2/repository/commons-io/commons-io/2.6/commons-io-2.6.jar:/home/jdbl/.m2/repository/com/infradna/tool/bridge-method-annotation/1.18/bridge-method-annotation-1.18.jar:/home/jdbl/.m2/repository/org/jenkins-ci/annotation-indexer/1.4/annotation-indexer-1.4.jar:/home/jdbl/.m2/repository/commons-fileupload/commons-fileupload/1.4/commons-fileupload-1.4.jar:/home/jdbl/.m2/repository/commons-discovery/commons-discovery/0.5/commons-discovery-0.5.jar:/home/jdbl/.m2/repository/commons-logging/commons-logging/1.1.1/commons-logging-1.1.1.jar:/home/jdbl/.m2/repository/org/kohsuke/stapler/stapler/1.258/stapler-1.258.jar:/home/jdbl/.m2/repository/javax/annotation/javax.annotation-api/1.2/javax.annotation-api-1.2.jar:/home/jdbl/.m2/repository/commons-beanutils/commons-beanutils/1.8.3/commons-beanutils-1.8.3.jar:/home/jdbl/.m2/repository/commons-codec/commons-codec/1.9/commons-codec-1.9.jar:/home/jdbl/.m2/repository/org/jvnet/localizer/localizer/1.7/localizer-1.7.jar:/home/jdbl/.m2/repository/org/kohsuke/stapler/json-lib/2.4-jenkins-2/json-lib-2.4-jenkins-2.jar:/home/jdbl/.m2/repository/commons-collections/commons-collections/3.2.1/commons-collections-3.2.1.jar:/home/jdbl/.m2/repository/commons-lang/commons-lang/2.5/commons-lang-2.5.jar:/home/jdbl/.m2/repository/net/sf/ezmorph/ezmorph/1.0.6/ezmorph-1.0.6.jar:/home/jdbl/.m2/repository/org/jvnet/tiger-types/2.2/tiger-types-2.2.jar:/home/jdbl/.m2/repository/com/google/guava/guava/11.0.1/guava-11.0.1.jar:/home/jdbl/.m2/repository/org/kohsuke/asm5/5.0.1/asm5-5.0.1.jar:/home/jdbl/.m2/repository/com/google/code/findbugs/jsr305/2.0.1/jsr305-2.0.1.jar:/home/jdbl/.m2/repository/com/jcraft/jzlib/1.1.3/jzlib-1.1.3.jar:/home/jdbl/.m2/repository/org/kohsuke/stapler/stapler-jetty/1.1/stapler-jetty-1.1.jar:/home/jdbl/.m2/repository/org/eclipse/jetty/jetty-servlet/7.5.4.v20111024/jetty-servlet-7.5.4.v20111024.jar:/home/jdbl/.m2/repository/org/eclipse/jetty/jetty-security/7.5.4.v20111024/jetty-security-7.5.4.v20111024.jar:/home/jdbl/.m2/repository/org/eclipse/jetty/jetty-server/7.5.4.v20111024/jetty-server-7.5.4.v20111024.jar:/home/jdbl/.m2/repository/javax/servlet/servlet-api/2.5/servlet-api-2.5.jar:/home/jdbl/.m2/repository/org/eclipse/jetty/jetty-continuation/7.5.4.v20111024/jetty-continuation-7.5.4.v20111024.jar:/home/jdbl/.m2/repository/org/eclipse/jetty/jetty-http/7.5.4.v20111024/jetty-http-7.5.4.v20111024.jar:/home/jdbl/.m2/repository/org/eclipse/jetty/jetty-io/7.5.4.v20111024/jetty-io-7.5.4.v20111024.jar:/home/jdbl/.m2/repository/org/eclipse/jetty/jetty-util/7.5.4.v20111024/jetty-util-7.5.4.v20111024.jar:/home/jdbl/.m2/repository/org/eclipse/jgit/org.eclipse.jgit/5.6.0.201912101111-r/org.eclipse.jgit-5.6.0.201912101111-r.jar:/home/jdbl/.m2/repository/com/jcraft/jsch/0.1.55/jsch-0.1.55.jar:/home/jdbl/.m2/repository/com/googlecode/javaewah/JavaEWAH/1.1.6/JavaEWAH-1.1.6.jar:/home/jdbl/.m2/repository/org/slf4j/slf4j-api/1.7.2/slf4j-api-1.7.2.jar:/home/jdbl/.m2/repository/org/bouncycastle/bcpg-jdk15on/1.64/bcpg-jdk15on-1.64.jar:/home/jdbl/.m2/repository/org/bouncycastle/bcprov-jdk15on/1.64/bcprov-jdk15on-1.64.jar:/home/jdbl/.m2/repository/org/bouncycastle/bcpkix-jdk15on/1.64/bcpkix-jdk15on-1.64.jar:/home/jdbl/.m2/repository/com/squareup/okio/okio/2.4.3/okio-2.4.3.jar:/home/jdbl/.m2/repository/org/jetbrains/kotlin/kotlin-stdlib/1.3.61/kotlin-stdlib-1.3.61.jar:/home/jdbl/.m2/repository/org/jetbrains/annotations/13.0/annotations-13.0.jar:/home/jdbl/.m2/repository/org/jetbrains/kotlin/kotlin-stdlib-common/1.3.61/kotlin-stdlib-common-1.3.61.jar:/home/jdbl/.m2/repository/com/squareup/okhttp3/okhttp/4.3.1/okhttp-4.3.1.jar:/home/jdbl/.m2/repository/com/squareup/okhttp3/okhttp-urlconnection/3.12.3/okhttp-urlconnection-3.12.3.jar:/home/jdbl/.m2/repository/com/squareup/okhttp/okhttp-urlconnection/2.7.5/okhttp-urlconnection-2.7.5.jar:/home/jdbl/.m2/repository/com/squareup/okhttp/okhttp/2.7.5/okhttp-2.7.5.jar:/home/jdbl/.m2/repository/org/kohsuke/wordnet-random-name/1.3/wordnet-random-name-1.3.jar:/home/jdbl/.m2/repository/org/mockito/mockito-core/3.2.4/mockito-core-3.2.4.jar:/home/jdbl/.m2/repository/net/bytebuddy/byte-buddy/1.10.5/byte-buddy-1.10.5.jar:/home/jdbl/.m2/repository/net/bytebuddy/byte-buddy-agent/1.10.5/byte-buddy-agent-1.10.5.jar:/home/jdbl/.m2/repository/org/objenesis/objenesis/2.6/objenesis-2.6.jar:/home/jdbl/.m2/repository/com/github/spotbugs/spotbugs-annotations/3.1.12/spotbugs-annotations-3.1.12.jar:/home/jdbl/.m2/repository/com/github/tomakehurst/wiremock-jre8-standalone/2.25.1/wiremock-jre8-standalone-2.25.1.jar:/home/jdbl/.m2/repository/com/google/code/gson/gson/2.8.6/gson-2.8.6.jar:"/>
    <property name="sun.cpu.endian" value="little"/>
    <property name="user.home" value="/home/jdbl"/>
    <property name="user.language" value="en"/>
    <property name="java.specification.vendor" value="Oracle Corporation"/>
    <property name="java.home" value="/usr/local/openjdk-8/jre"/>
    <property name="basedir" value="/tmp/tmpzjkxoibp/github-api"/>
    <property name="file.separator" value="/"/>
    <property name="line.separator" value="&#10;"/>
    <property name="source.skip" value="true"/>
    <property name="java.vm.specification.vendor" value="Oracle Corporation"/>
    <property name="java.specification.name" value="Java Platform API Specification"/>
    <property name="java.awt.graphicsenv" value="sun.awt.X11GraphicsEnvironment"/>
    <property name="surefire.real.class.path" value="/tmp/tmpzjkxoibp/github-api/target/surefire/surefirebooter5356233507113015033.jar"/>
    <property name="sun.boot.class.path" value="/usr/local/openjdk-8/jre/lib/resources.jar:/usr/local/openjdk-8/jre/lib/rt.jar:/usr/local/openjdk-8/jre/lib/sunrsasign.jar:/usr/local/openjdk-8/jre/lib/jsse.jar:/usr/local/openjdk-8/jre/lib/jce.jar:/usr/local/openjdk-8/jre/lib/charsets.jar:/usr/local/openjdk-8/jre/lib/jfr.jar:/usr/local/openjdk-8/jre/classes"/>
    <property name="sun.management.compiler" value="HotSpot 64-Bit Tiered Compilers"/>
    <property name="java.runtime.version" value="1.8.0_262-b10"/>
    <property name="user.name" value="jdbl"/>
    <property name="path.separator" value=":"/>
    <property name="os.version" value="4.15.0-109-generic"/>
    <property name="java.endorsed.dirs" value="/usr/local/openjdk-8/jre/lib/endorsed"/>
    <property name="java.runtime.name" value="OpenJDK Runtime Environment"/>
    <property name="file.encoding" value="UTF-8"/>
    <property name="java.vm.name" value="OpenJDK 64-Bit Server VM"/>
    <property name="localRepository" value="/home/jdbl/.m2/repository"/>
    <property name="java.vendor.url.bug" value="http://bugreport.sun.com/bugreport/"/>
    <property name="java.io.tmpdir" value="/tmp"/>
    <property name="java.version" value="1.8.0_262"/>
    <property name="user.dir" value="/tmp/tmpzjkxoibp/github-api"/>
    <property name="os.arch" value="amd64"/>
    <property name="license.skip" value="true"/>
    <property name="animal.sniffer.skip" value="true"/>
    <property name="java.vm.specification.name" value="Java Virtual Machine Specification"/>
    <property name="java.awt.printerjob" value="sun.print.PSPrinterJob"/>
    <property name="sun.os.patch.level" value="unknown"/>
    <property name="java.library.path" value="/usr/java/packages/lib/amd64:/usr/lib64:/lib64:/lib:/usr/lib"/>
    <property name="java.vm.info" value="mixed mode"/>
    <property name="java.vendor" value="Oracle Corporation"/>
    <property name="java.vm.version" value="25.262-b10"/>
    <property name="java.ext.dirs" value="/usr/local/openjdk-8/jre/lib/ext:/usr/java/packages/lib/ext"/>
    <property name="sun.io.unicode.encoding" value="UnicodeLittle"/>
    <property name="java.class.version" value="52.0"/>
    <property name="maven.test.failure.ignore" value="true"/>
  </properties>
  <testcase name="lifecycleTest" classname="org.kohsuke.github.GHGistTest" time="0.05"/>
  <testcase name="gistFile" classname="org.kohsuke.github.GHGistTest" time="0.074"/>
  <testcase name="starTest" classname="org.kohsuke.github.GHGistTest" time="0.08"/>
</testsuite>