<?xml version="1.0" encoding="UTF-8"?>
<testsuite xmlns:xsi="http://www.w3.org/2001/XMLSchema-instance" xsi:schemaLocation="https://maven.apache.org/surefire/maven-surefire-plugin/xsd/surefire-test-report.xsd" name="com.nurkiewicz.jdbcrepository.postgresql.JdbcRepositoryManualKeyPostgresqlTest" time="1.505" tests="37" errors="0" skipped="37" failures="0">
  <properties>
    <property name="java.runtime.name" value="OpenJDK Runtime Environment"/>
    <property name="sun.boot.library.path" value="/usr/local/openjdk-8/jre/lib/amd64"/>
    <property name="java.vm.version" value="25.262-b10"/>
    <property name="animal.sniffer.skip" value="true"/>
    <property name="java.vm.vendor" value="Oracle Corporation"/>
    <property name="maven.multiModuleProjectDirectory" value="/tmp/tmpuh08eql5/spring-data-jdbc-repository"/>
    <property name="maven.javadoc.skip" value="true"/>
    <property name="java.vendor.url" value="http://java.oracle.com/"/>
    <property name="path.separator" value=":"/>
    <property name="guice.disable.misplaced.annotation.check" value="true"/>
    <property name="java.vm.name" value="OpenJDK 64-Bit Server VM"/>
    <property name="file.encoding.pkg" value="sun.io"/>
    <property name="sun.java.launcher" value="SUN_STANDARD"/>
    <property name="sun.os.patch.level" value="unknown"/>
    <property name="source.skip" value="true"/>
    <property name="java.vm.specification.name" value="Java Virtual Machine Specification"/>
    <property name="user.dir" value="/tmp/tmpuh08eql5/spring-data-jdbc-repository"/>
    <property name="java.runtime.version" value="1.8.0_262-b10"/>
    <property name="java.awt.graphicsenv" value="sun.awt.X11GraphicsEnvironment"/>
    <property name="java.endorsed.dirs" value="/usr/local/openjdk-8/jre/lib/endorsed"/>
    <property name="os.arch" value="amd64"/>
    <property name="java.io.tmpdir" value="/tmp"/>
    <property name="line.separator" value="&#10;"/>
    <property name="java.vm.specification.vendor" value="Oracle Corporation"/>
    <property name="os.name" value="Linux"/>
    <property name="classworlds.conf" value="/usr/share/maven/bin/m2.conf"/>
    <property name="sun.jnu.encoding" value="UTF-8"/>
    <property name="java.library.path" value="/usr/java/packages/lib/amd64:/usr/lib64:/lib64:/lib:/usr/lib"/>
    <property name="license.skip" value="true"/>
    <property name="maven.conf" value="/usr/share/maven/conf"/>
    <property name="java.specification.name" value="Java Platform API Specification"/>
    <property name="java.class.version" value="52.0"/>
    <property name="sun.management.compiler" value="HotSpot 64-Bit Tiered Compilers"/>
    <property name="maven.test.failure.ignore" value="true"/>
    <property name="os.version" value="4.15.0-109-generic"/>
    <property name="library.jansi.path" value="/usr/share/maven/lib/jansi-native"/>
    <property name="user.home" value="/home/jdbl"/>
    <property name="user.timezone" value="Etc/UTC"/>
    <property name="java.awt.printerjob" value="sun.print.PSPrinterJob"/>
    <property name="java.specification.version" value="1.8"/>
    <property name="file.encoding" value="UTF-8"/>
    <property name="user.name" value="jdbl"/>
    <property name="java.class.path" value="/usr/share/maven/boot/plexus-classworlds-2.6.0.jar"/>
    <property name="java.vm.specification.version" value="1.8"/>
    <property name="sun.arch.data.model" value="64"/>
    <property name="java.home" value="/usr/local/openjdk-8/jre"/>
    <property name="sun.java.command" value="org.codehaus.plexus.classworlds.launcher.Launcher test -e --fail-never -ntp -Dmaven.test.failure.ignore=true -B -Dmaven.javadoc.skip=true -Drat.skip=true -Danimal.sniffer.skip=true -Dmaven.javadoc.skip=true -Dlicense.skip=true -Dsource.skip=true"/>
    <property name="java.specification.vendor" value="Oracle Corporation"/>
    <property name="user.language" value="en"/>
    <property name="awt.toolkit" value="sun.awt.X11.XToolkit"/>
    <property name="java.vm.info" value="mixed mode"/>
    <property name="java.version" value="1.8.0_262"/>
    <property name="java.ext.dirs" value="/usr/local/openjdk-8/jre/lib/ext:/usr/java/packages/lib/ext"/>
    <property name="securerandom.source" value="file:/dev/./urandom"/>
    <property name="sun.boot.class.path" value="/usr/local/openjdk-8/jre/lib/resources.jar:/usr/local/openjdk-8/jre/lib/rt.jar:/usr/local/openjdk-8/jre/lib/sunrsasign.jar:/usr/local/openjdk-8/jre/lib/jsse.jar:/usr/local/openjdk-8/jre/lib/jce.jar:/usr/local/openjdk-8/jre/lib/charsets.jar:/usr/local/openjdk-8/jre/lib/jfr.jar:/usr/local/openjdk-8/jre/classes"/>
    <property name="java.vendor" value="Oracle Corporation"/>
    <property name="rat.skip" value="true"/>
    <property name="maven.home" value="/usr/share/maven"/>
    <property name="file.separator" value="/"/>
    <property name="java.vendor.url.bug" value="http://bugreport.sun.com/bugreport/"/>
    <property name="sun.cpu.endian" value="little"/>
    <property name="sun.io.unicode.encoding" value="UnicodeLittle"/>
    <property name="sun.cpu.isalist" value=""/>
  </properties>
  <testcase name="shouldDeleteByEntity" classname="com.nurkiewicz.jdbcrepository.postgresql.JdbcRepositoryManualKeyPostgresqlTest" time="0">
    <skipped/>
    <system-out><![CDATA[22:42:08:548 | ERROR | main | o.s.t.c.t.TransactionalTestExecutionListener | Exception encountered while executing @BeforeTransaction methods for test context [DefaultTestContext@7a7ae0e1 testClass = JdbcRepositoryManualKeyPostgresqlTest, testInstance = com.nurkiewicz.jdbcrepository.postgresql.JdbcRepositoryManualKeyPostgresqlTest@4918f90f, testMethod = shouldDeleteByEntity@JdbcRepositoryManualKeyTest, testException = [null], mergedContextConfiguration = [MergedContextConfiguration@5f9b21a1 testClass = JdbcRepositoryManualKeyPostgresqlTest, locations = '{}', classes = '{class com.nurkiewicz.jdbcrepository.postgresql.JdbcRepositoryTestPostgresqlConfig}', contextInitializerClasses = '[]', activeProfiles = '{}', propertySourceLocations = '{}', propertySourceProperties = '{}', contextLoader = 'org.springframework.test.context.support.AnnotationConfigContextLoader', parent = [null]]].
java.net.ConnectException: Connection refused (Connection refused)
	at java.net.PlainSocketImpl.socketConnect(Native Method) ~[na:1.8.0_262]
	at java.net.AbstractPlainSocketImpl.doConnect(AbstractPlainSocketImpl.java:350) ~[na:1.8.0_262]
	at java.net.AbstractPlainSocketImpl.connectToAddress(AbstractPlainSocketImpl.java:206) ~[na:1.8.0_262]
	at java.net.AbstractPlainSocketImpl.connect(AbstractPlainSocketImpl.java:188) ~[na:1.8.0_262]
	at java.net.SocksSocketImpl.connect(SocksSocketImpl.java:392) ~[na:1.8.0_262]
	at java.net.Socket.connect(Socket.java:607) ~[na:1.8.0_262]
	at java.net.Socket.connect(Socket.java:556) ~[na:1.8.0_262]
	at com.nurkiewicz.jdbcrepository.AbstractIntegrationTest.ignoreIfDatabaseNotAvailable(AbstractIntegrationTest.java:36) ~[test-classes/:na]
	... 28 common frames omitted
Wrapped by: org.junit.internal.AssumptionViolatedException: got: <java.net.ConnectException: Connection refused (Connection refused)>, expected: null
	at org.junit.Assume.assumeThat(Assume.java:95) ~[junit-4.11.jar:na]
	at org.junit.Assume.assumeNoException(Assume.java:142) ~[junit-4.11.jar:na]
	at com.nurkiewicz.jdbcrepository.AbstractIntegrationTest.ignoreIfDatabaseNotAvailable(AbstractIntegrationTest.java:39) ~[test-classes/:na]
	at sun.reflect.GeneratedMethodAccessor21.invoke(Unknown Source) ~[na:na]
	at sun.reflect.DelegatingMethodAccessorImpl.invoke(DelegatingMethodAccessorImpl.java:43) ~[na:1.8.0_262]
	at java.lang.reflect.Method.invoke(Method.java:498) ~[na:1.8.0_262]
	at org.springframework.test.context.transaction.TransactionalTestExecutionListener.runBeforeTransactionMethods(TransactionalTestExecutionListener.java:248) [spring-test-4.1.1.RELEASE.jar:4.1.1.RELEASE]
	at org.springframework.test.context.transaction.TransactionalTestExecutionListener.beforeTestMethod(TransactionalTestExecutionListener.java:198) [spring-test-4.1.1.RELEASE.jar:4.1.1.RELEASE]
	at org.springframework.test.context.TestContextManager.beforeTestMethod(TestContextManager.java:249) [spring-test-4.1.1.RELEASE.jar:4.1.1.RELEASE]
	at org.springframework.test.context.junit4.statements.RunBeforeTestMethodCallbacks.evaluate(RunBeforeTestMethodCallbacks.java:71) [spring-test-4.1.1.RELEASE.jar:4.1.1.RELEASE]
	at org.springframework.test.context.junit4.statements.RunAfterTestMethodCallbacks.evaluate(RunAfterTestMethodCallbacks.java:81) [spring-test-4.1.1.RELEASE.jar:4.1.1.RELEASE]
	at org.springframework.test.context.junit4.statements.SpringRepeat.evaluate(SpringRepeat.java:72) [spring-test-4.1.1.RELEASE.jar:4.1.1.RELEASE]
	at org.junit.runners.ParentRunner.runLeaf(ParentRunner.java:271) [junit-4.11.jar:na]
	at org.springframework.test.context.junit4.SpringJUnit4ClassRunner.runChild(SpringJUnit4ClassRunner.java:216) [spring-test-4.1.1.RELEASE.jar:4.1.1.RELEASE]
	at org.springframework.test.context.junit4.SpringJUnit4ClassRunner.runChild(SpringJUnit4ClassRunner.java:82) [spring-test-4.1.1.RELEASE.jar:4.1.1.RELEASE]
	at org.junit.runners.ParentRunner$3.run(ParentRunner.java:238) [junit-4.11.jar:na]
	at org.junit.runners.ParentRunner$1.schedule(ParentRunner.java:63) [junit-4.11.jar:na]
	at org.junit.runners.ParentRunner.runChildren(ParentRunner.java:236) [junit-4.11.jar:na]
	at org.junit.runners.ParentRunner.access$000(ParentRunner.java:53) [junit-4.11.jar:na]
	at org.junit.runners.ParentRunner$2.evaluate(ParentRunner.java:229) [junit-4.11.jar:na]
	at org.springframework.test.context.junit4.statements.RunBeforeTestClassCallbacks.evaluate(RunBeforeTestClassCallbacks.java:60) [spring-test-4.1.1.RELEASE.jar:4.1.1.RELEASE]
	at org.springframework.test.context.junit4.statements.RunAfterTestClassCallbacks.evaluate(RunAfterTestClassCallbacks.java:67) [spring-test-4.1.1.RELEASE.jar:4.1.1.RELEASE]
	at org.junit.runners.ParentRunner.run(ParentRunner.java:309) [junit-4.11.jar:na]
	at org.springframework.test.context.junit4.SpringJUnit4ClassRunner.run(SpringJUnit4ClassRunner.java:162) [spring-test-4.1.1.RELEASE.jar:4.1.1.RELEASE]
	at org.apache.maven.surefire.junit4.JUnit4Provider.execute(JUnit4Provider.java:367) [surefire-junit4-2.19.1.jar:2.19.1]
	at org.apache.maven.surefire.junit4.JUnit4Provider.executeWithRerun(JUnit4Provider.java:274) [surefire-junit4-2.19.1.jar:2.19.1]
	at org.apache.maven.surefire.junit4.JUnit4Provider.executeTestSet(JUnit4Provider.java:238) [surefire-junit4-2.19.1.jar:2.19.1]
	at org.apache.maven.surefire.junit4.JUnit4Provider.invoke(JUnit4Provider.java:161) [surefire-junit4-2.19.1.jar:2.19.1]
	at org.apache.maven.surefire.booter.ForkedBooter.invokeProviderInSameClassLoader(ForkedBooter.java:290) [surefire-booter-2.19.1.jar:2.19.1]
	at org.apache.maven.surefire.booter.ForkedBooter.runSuitesInProcess(ForkedBooter.java:242) [surefire-booter-2.19.1.jar:2.19.1]
	at org.apache.maven.surefire.booter.ForkedBooter.main(ForkedBooter.java:121) [surefire-booter-2.19.1.jar:2.19.1]
22:42:08:549 | WARN  | main | o.s.t.c.TestContextManager | Caught exception while allowing TestExecutionListener [org.springframework.test.context.transaction.TransactionalTestExecutionListener@47742aae] to process 'before' execution of test method [public void com.nurkiewicz.jdbcrepository.JdbcRepositoryManualKeyTest.shouldDeleteByEntity() throws java.lang.Exception] for test instance [com.nurkiewicz.jdbcrepository.postgresql.JdbcRepositoryManualKeyPostgresqlTest@4918f90f]
java.net.ConnectException: Connection refused (Connection refused)
	at java.net.PlainSocketImpl.socketConnect(Native Method) ~[na:1.8.0_262]
	at java.net.AbstractPlainSocketImpl.doConnect(AbstractPlainSocketImpl.java:350) ~[na:1.8.0_262]
	at java.net.AbstractPlainSocketImpl.connectToAddress(AbstractPlainSocketImpl.java:206) ~[na:1.8.0_262]
	at java.net.AbstractPlainSocketImpl.connect(AbstractPlainSocketImpl.java:188) ~[na:1.8.0_262]
	at java.net.SocksSocketImpl.connect(SocksSocketImpl.java:392) ~[na:1.8.0_262]
	at java.net.Socket.connect(Socket.java:607) ~[na:1.8.0_262]
	at java.net.Socket.connect(Socket.java:556) ~[na:1.8.0_262]
	at com.nurkiewicz.jdbcrepository.AbstractIntegrationTest.ignoreIfDatabaseNotAvailable(AbstractIntegrationTest.java:36) ~[test-classes/:na]
	... 28 common frames omitted
Wrapped by: org.junit.internal.AssumptionViolatedException: got: <java.net.ConnectException: Connection refused (Connection refused)>, expected: null
	at org.junit.Assume.assumeThat(Assume.java:95) ~[junit-4.11.jar:na]
	at org.junit.Assume.assumeNoException(Assume.java:142) ~[junit-4.11.jar:na]
	at com.nurkiewicz.jdbcrepository.AbstractIntegrationTest.ignoreIfDatabaseNotAvailable(AbstractIntegrationTest.java:39) ~[test-classes/:na]
	at sun.reflect.GeneratedMethodAccessor21.invoke(Unknown Source) ~[na:na]
	at sun.reflect.DelegatingMethodAccessorImpl.invoke(DelegatingMethodAccessorImpl.java:43) ~[na:1.8.0_262]
	at java.lang.reflect.Method.invoke(Method.java:498) ~[na:1.8.0_262]
	at org.springframework.test.context.transaction.TransactionalTestExecutionListener.runBeforeTransactionMethods(TransactionalTestExecutionListener.java:248) ~[spring-test-4.1.1.RELEASE.jar:4.1.1.RELEASE]
	at org.springframework.test.context.transaction.TransactionalTestExecutionListener.beforeTestMethod(TransactionalTestExecutionListener.java:198) ~[spring-test-4.1.1.RELEASE.jar:4.1.1.RELEASE]
	at org.springframework.test.context.TestContextManager.beforeTestMethod(TestContextManager.java:249) ~[spring-test-4.1.1.RELEASE.jar:4.1.1.RELEASE]
	at org.springframework.test.context.junit4.statements.RunBeforeTestMethodCallbacks.evaluate(RunBeforeTestMethodCallbacks.java:71) [spring-test-4.1.1.RELEASE.jar:4.1.1.RELEASE]
	at org.springframework.test.context.junit4.statements.RunAfterTestMethodCallbacks.evaluate(RunAfterTestMethodCallbacks.java:81) [spring-test-4.1.1.RELEASE.jar:4.1.1.RELEASE]
	at org.springframework.test.context.junit4.statements.SpringRepeat.evaluate(SpringRepeat.java:72) [spring-test-4.1.1.RELEASE.jar:4.1.1.RELEASE]
	at org.junit.runners.ParentRunner.runLeaf(ParentRunner.java:271) [junit-4.11.jar:na]
	at org.springframework.test.context.junit4.SpringJUnit4ClassRunner.runChild(SpringJUnit4ClassRunner.java:216) [spring-test-4.1.1.RELEASE.jar:4.1.1.RELEASE]
	at org.springframework.test.context.junit4.SpringJUnit4ClassRunner.runChild(SpringJUnit4ClassRunner.java:82) [spring-test-4.1.1.RELEASE.jar:4.1.1.RELEASE]
	at org.junit.runners.ParentRunner$3.run(ParentRunner.java:238) [junit-4.11.jar:na]
	at org.junit.runners.ParentRunner$1.schedule(ParentRunner.java:63) [junit-4.11.jar:na]
	at org.junit.runners.ParentRunner.runChildren(ParentRunner.java:236) [junit-4.11.jar:na]
	at org.junit.runners.ParentRunner.access$000(ParentRunner.java:53) [junit-4.11.jar:na]
	at org.junit.runners.ParentRunner$2.evaluate(ParentRunner.java:229) [junit-4.11.jar:na]
	at org.springframework.test.context.junit4.statements.RunBeforeTestClassCallbacks.evaluate(RunBeforeTestClassCallbacks.java:60) [spring-test-4.1.1.RELEASE.jar:4.1.1.RELEASE]
	at org.springframework.test.context.junit4.statements.RunAfterTestClassCallbacks.evaluate(RunAfterTestClassCallbacks.java:67) [spring-test-4.1.1.RELEASE.jar:4.1.1.RELEASE]
	at org.junit.runners.ParentRunner.run(ParentRunner.java:309) [junit-4.11.jar:na]
	at org.springframework.test.context.junit4.SpringJUnit4ClassRunner.run(SpringJUnit4ClassRunner.java:162) [spring-test-4.1.1.RELEASE.jar:4.1.1.RELEASE]
	at org.apache.maven.surefire.junit4.JUnit4Provider.execute(JUnit4Provider.java:367) [surefire-junit4-2.19.1.jar:2.19.1]
	at org.apache.maven.surefire.junit4.JUnit4Provider.executeWithRerun(JUnit4Provider.java:274) [surefire-junit4-2.19.1.jar:2.19.1]
	at org.apache.maven.surefire.junit4.JUnit4Provider.executeTestSet(JUnit4Provider.java:238) [surefire-junit4-2.19.1.jar:2.19.1]
	at org.apache.maven.surefire.junit4.JUnit4Provider.invoke(JUnit4Provider.java:161) [surefire-junit4-2.19.1.jar:2.19.1]
	at org.apache.maven.surefire.booter.ForkedBooter.invokeProviderInSameClassLoader(ForkedBooter.java:290) [surefire-booter-2.19.1.jar:2.19.1]
	at org.apache.maven.surefire.booter.ForkedBooter.runSuitesInProcess(ForkedBooter.java:242) [surefire-booter-2.19.1.jar:2.19.1]
	at org.apache.maven.surefire.booter.ForkedBooter.main(ForkedBooter.java:121) [surefire-booter-2.19.1.jar:2.19.1]
]]></system-out>
  </testcase>
  <testcase name="shouldDeleteEntityById" classname="com.nurkiewicz.jdbcrepository.postgresql.JdbcRepositoryManualKeyPostgresqlTest" time="0">
    <skipped/>
    <system-out><![CDATA[22:42:08:552 | ERROR | main | o.s.t.c.t.TransactionalTestExecutionListener | Exception encountered while executing @BeforeTransaction methods for test context [DefaultTestContext@7a7ae0e1 testClass = JdbcRepositoryManualKeyPostgresqlTest, testInstance = com.nurkiewicz.jdbcrepository.postgresql.JdbcRepositoryManualKeyPostgresqlTest@647afb93, testMethod = shouldDeleteEntityById@JdbcRepositoryManualKeyTest, testException = [null], mergedContextConfiguration = [MergedContextConfiguration@5f9b21a1 testClass = JdbcRepositoryManualKeyPostgresqlTest, locations = '{}', classes = '{class com.nurkiewicz.jdbcrepository.postgresql.JdbcRepositoryTestPostgresqlConfig}', contextInitializerClasses = '[]', activeProfiles = '{}', propertySourceLocations = '{}', propertySourceProperties = '{}', contextLoader = 'org.springframework.test.context.support.AnnotationConfigContextLoader', parent = [null]]].
java.net.ConnectException: Connection refused (Connection refused)
	at java.net.PlainSocketImpl.socketConnect(Native Method) ~[na:1.8.0_262]
	at java.net.AbstractPlainSocketImpl.doConnect(AbstractPlainSocketImpl.java:350) ~[na:1.8.0_262]
	at java.net.AbstractPlainSocketImpl.connectToAddress(AbstractPlainSocketImpl.java:206) ~[na:1.8.0_262]
	at java.net.AbstractPlainSocketImpl.connect(AbstractPlainSocketImpl.java:188) ~[na:1.8.0_262]
	at java.net.SocksSocketImpl.connect(SocksSocketImpl.java:392) ~[na:1.8.0_262]
	at java.net.Socket.connect(Socket.java:607) ~[na:1.8.0_262]
	at java.net.Socket.connect(Socket.java:556) ~[na:1.8.0_262]
	at com.nurkiewicz.jdbcrepository.AbstractIntegrationTest.ignoreIfDatabaseNotAvailable(AbstractIntegrationTest.java:36) ~[test-classes/:na]
	... 28 common frames omitted
Wrapped by: org.junit.internal.AssumptionViolatedException: got: <java.net.ConnectException: Connection refused (Connection refused)>, expected: null
	at org.junit.Assume.assumeThat(Assume.java:95) ~[junit-4.11.jar:na]
	at org.junit.Assume.assumeNoException(Assume.java:142) ~[junit-4.11.jar:na]
	at com.nurkiewicz.jdbcrepository.AbstractIntegrationTest.ignoreIfDatabaseNotAvailable(AbstractIntegrationTest.java:39) ~[test-classes/:na]
	at sun.reflect.GeneratedMethodAccessor21.invoke(Unknown Source) ~[na:na]
	at sun.reflect.DelegatingMethodAccessorImpl.invoke(DelegatingMethodAccessorImpl.java:43) ~[na:1.8.0_262]
	at java.lang.reflect.Method.invoke(Method.java:498) ~[na:1.8.0_262]
	at org.springframework.test.context.transaction.TransactionalTestExecutionListener.runBeforeTransactionMethods(TransactionalTestExecutionListener.java:248) [spring-test-4.1.1.RELEASE.jar:4.1.1.RELEASE]
	at org.springframework.test.context.transaction.TransactionalTestExecutionListener.beforeTestMethod(TransactionalTestExecutionListener.java:198) [spring-test-4.1.1.RELEASE.jar:4.1.1.RELEASE]
	at org.springframework.test.context.TestContextManager.beforeTestMethod(TestContextManager.java:249) [spring-test-4.1.1.RELEASE.jar:4.1.1.RELEASE]
	at org.springframework.test.context.junit4.statements.RunBeforeTestMethodCallbacks.evaluate(RunBeforeTestMethodCallbacks.java:71) [spring-test-4.1.1.RELEASE.jar:4.1.1.RELEASE]
	at org.springframework.test.context.junit4.statements.RunAfterTestMethodCallbacks.evaluate(RunAfterTestMethodCallbacks.java:81) [spring-test-4.1.1.RELEASE.jar:4.1.1.RELEASE]
	at org.springframework.test.context.junit4.statements.SpringRepeat.evaluate(SpringRepeat.java:72) [spring-test-4.1.1.RELEASE.jar:4.1.1.RELEASE]
	at org.junit.runners.ParentRunner.runLeaf(ParentRunner.java:271) [junit-4.11.jar:na]
	at org.springframework.test.context.junit4.SpringJUnit4ClassRunner.runChild(SpringJUnit4ClassRunner.java:216) [spring-test-4.1.1.RELEASE.jar:4.1.1.RELEASE]
	at org.springframework.test.context.junit4.SpringJUnit4ClassRunner.runChild(SpringJUnit4ClassRunner.java:82) [spring-test-4.1.1.RELEASE.jar:4.1.1.RELEASE]
	at org.junit.runners.ParentRunner$3.run(ParentRunner.java:238) [junit-4.11.jar:na]
	at org.junit.runners.ParentRunner$1.schedule(ParentRunner.java:63) [junit-4.11.jar:na]
	at org.junit.runners.ParentRunner.runChildren(ParentRunner.java:236) [junit-4.11.jar:na]
	at org.junit.runners.ParentRunner.access$000(ParentRunner.java:53) [junit-4.11.jar:na]
	at org.junit.runners.ParentRunner$2.evaluate(ParentRunner.java:229) [junit-4.11.jar:na]
	at org.springframework.test.context.junit4.statements.RunBeforeTestClassCallbacks.evaluate(RunBeforeTestClassCallbacks.java:60) [spring-test-4.1.1.RELEASE.jar:4.1.1.RELEASE]
	at org.springframework.test.context.junit4.statements.RunAfterTestClassCallbacks.evaluate(RunAfterTestClassCallbacks.java:67) [spring-test-4.1.1.RELEASE.jar:4.1.1.RELEASE]
	at org.junit.runners.ParentRunner.run(ParentRunner.java:309) [junit-4.11.jar:na]
	at org.springframework.test.context.junit4.SpringJUnit4ClassRunner.run(SpringJUnit4ClassRunner.java:162) [spring-test-4.1.1.RELEASE.jar:4.1.1.RELEASE]
	at org.apache.maven.surefire.junit4.JUnit4Provider.execute(JUnit4Provider.java:367) [surefire-junit4-2.19.1.jar:2.19.1]
	at org.apache.maven.surefire.junit4.JUnit4Provider.executeWithRerun(JUnit4Provider.java:274) [surefire-junit4-2.19.1.jar:2.19.1]
	at org.apache.maven.surefire.junit4.JUnit4Provider.executeTestSet(JUnit4Provider.java:238) [surefire-junit4-2.19.1.jar:2.19.1]
	at org.apache.maven.surefire.junit4.JUnit4Provider.invoke(JUnit4Provider.java:161) [surefire-junit4-2.19.1.jar:2.19.1]
	at org.apache.maven.surefire.booter.ForkedBooter.invokeProviderInSameClassLoader(ForkedBooter.java:290) [surefire-booter-2.19.1.jar:2.19.1]
	at org.apache.maven.surefire.booter.ForkedBooter.runSuitesInProcess(ForkedBooter.java:242) [surefire-booter-2.19.1.jar:2.19.1]
	at org.apache.maven.surefire.booter.ForkedBooter.main(ForkedBooter.java:121) [surefire-booter-2.19.1.jar:2.19.1]
22:42:08:553 | WARN  | main | o.s.t.c.TestContextManager | Caught exception while allowing TestExecutionListener [org.springframework.test.context.transaction.TransactionalTestExecutionListener@47742aae] to process 'before' execution of test method [public void com.nurkiewicz.jdbcrepository.JdbcRepositoryManualKeyTest.shouldDeleteEntityById() throws java.lang.Exception] for test instance [com.nurkiewicz.jdbcrepository.postgresql.JdbcRepositoryManualKeyPostgresqlTest@647afb93]
java.net.ConnectException: Connection refused (Connection refused)
	at java.net.PlainSocketImpl.socketConnect(Native Method) ~[na:1.8.0_262]
	at java.net.AbstractPlainSocketImpl.doConnect(AbstractPlainSocketImpl.java:350) ~[na:1.8.0_262]
	at java.net.AbstractPlainSocketImpl.connectToAddress(AbstractPlainSocketImpl.java:206) ~[na:1.8.0_262]
	at java.net.AbstractPlainSocketImpl.connect(AbstractPlainSocketImpl.java:188) ~[na:1.8.0_262]
	at java.net.SocksSocketImpl.connect(SocksSocketImpl.java:392) ~[na:1.8.0_262]
	at java.net.Socket.connect(Socket.java:607) ~[na:1.8.0_262]
	at java.net.Socket.connect(Socket.java:556) ~[na:1.8.0_262]
	at com.nurkiewicz.jdbcrepository.AbstractIntegrationTest.ignoreIfDatabaseNotAvailable(AbstractIntegrationTest.java:36) ~[test-classes/:na]
	... 28 common frames omitted
Wrapped by: org.junit.internal.AssumptionViolatedException: got: <java.net.ConnectException: Connection refused (Connection refused)>, expected: null
	at org.junit.Assume.assumeThat(Assume.java:95) ~[junit-4.11.jar:na]
	at org.junit.Assume.assumeNoException(Assume.java:142) ~[junit-4.11.jar:na]
	at com.nurkiewicz.jdbcrepository.AbstractIntegrationTest.ignoreIfDatabaseNotAvailable(AbstractIntegrationTest.java:39) ~[test-classes/:na]
	at sun.reflect.GeneratedMethodAccessor21.invoke(Unknown Source) ~[na:na]
	at sun.reflect.DelegatingMethodAccessorImpl.invoke(DelegatingMethodAccessorImpl.java:43) ~[na:1.8.0_262]
	at java.lang.reflect.Method.invoke(Method.java:498) ~[na:1.8.0_262]
	at org.springframework.test.context.transaction.TransactionalTestExecutionListener.runBeforeTransactionMethods(TransactionalTestExecutionListener.java:248) ~[spring-test-4.1.1.RELEASE.jar:4.1.1.RELEASE]
	at org.springframework.test.context.transaction.TransactionalTestExecutionListener.beforeTestMethod(TransactionalTestExecutionListener.java:198) ~[spring-test-4.1.1.RELEASE.jar:4.1.1.RELEASE]
	at org.springframework.test.context.TestContextManager.beforeTestMethod(TestContextManager.java:249) ~[spring-test-4.1.1.RELEASE.jar:4.1.1.RELEASE]
	at org.springframework.test.context.junit4.statements.RunBeforeTestMethodCallbacks.evaluate(RunBeforeTestMethodCallbacks.java:71) [spring-test-4.1.1.RELEASE.jar:4.1.1.RELEASE]
	at org.springframework.test.context.junit4.statements.RunAfterTestMethodCallbacks.evaluate(RunAfterTestMethodCallbacks.java:81) [spring-test-4.1.1.RELEASE.jar:4.1.1.RELEASE]
	at org.springframework.test.context.junit4.statements.SpringRepeat.evaluate(SpringRepeat.java:72) [spring-test-4.1.1.RELEASE.jar:4.1.1.RELEASE]
	at org.junit.runners.ParentRunner.runLeaf(ParentRunner.java:271) [junit-4.11.jar:na]
	at org.springframework.test.context.junit4.SpringJUnit4ClassRunner.runChild(SpringJUnit4ClassRunner.java:216) [spring-test-4.1.1.RELEASE.jar:4.1.1.RELEASE]
	at org.springframework.test.context.junit4.SpringJUnit4ClassRunner.runChild(SpringJUnit4ClassRunner.java:82) [spring-test-4.1.1.RELEASE.jar:4.1.1.RELEASE]
	at org.junit.runners.ParentRunner$3.run(ParentRunner.java:238) [junit-4.11.jar:na]
	at org.junit.runners.ParentRunner$1.schedule(ParentRunner.java:63) [junit-4.11.jar:na]
	at org.junit.runners.ParentRunner.runChildren(ParentRunner.java:236) [junit-4.11.jar:na]
	at org.junit.runners.ParentRunner.access$000(ParentRunner.java:53) [junit-4.11.jar:na]
	at org.junit.runners.ParentRunner$2.evaluate(ParentRunner.java:229) [junit-4.11.jar:na]
	at org.springframework.test.context.junit4.statements.RunBeforeTestClassCallbacks.evaluate(RunBeforeTestClassCallbacks.java:60) [spring-test-4.1.1.RELEASE.jar:4.1.1.RELEASE]
	at org.springframework.test.context.junit4.statements.RunAfterTestClassCallbacks.evaluate(RunAfterTestClassCallbacks.java:67) [spring-test-4.1.1.RELEASE.jar:4.1.1.RELEASE]
	at org.junit.runners.ParentRunner.run(ParentRunner.java:309) [junit-4.11.jar:na]
	at org.springframework.test.context.junit4.SpringJUnit4ClassRunner.run(SpringJUnit4ClassRunner.java:162) [spring-test-4.1.1.RELEASE.jar:4.1.1.RELEASE]
	at org.apache.maven.surefire.junit4.JUnit4Provider.execute(JUnit4Provider.java:367) [surefire-junit4-2.19.1.jar:2.19.1]
	at org.apache.maven.surefire.junit4.JUnit4Provider.executeWithRerun(JUnit4Provider.java:274) [surefire-junit4-2.19.1.jar:2.19.1]
	at org.apache.maven.surefire.junit4.JUnit4Provider.executeTestSet(JUnit4Provider.java:238) [surefire-junit4-2.19.1.jar:2.19.1]
	at org.apache.maven.surefire.junit4.JUnit4Provider.invoke(JUnit4Provider.java:161) [surefire-junit4-2.19.1.jar:2.19.1]
	at org.apache.maven.surefire.booter.ForkedBooter.invokeProviderInSameClassLoader(ForkedBooter.java:290) [surefire-booter-2.19.1.jar:2.19.1]
	at org.apache.maven.surefire.booter.ForkedBooter.runSuitesInProcess(ForkedBooter.java:242) [surefire-booter-2.19.1.jar:2.19.1]
	at org.apache.maven.surefire.booter.ForkedBooter.main(ForkedBooter.java:121) [surefire-booter-2.19.1.jar:2.19.1]
]]></system-out>
  </testcase>
  <testcase name="shouldSaveOneRecord" classname="com.nurkiewicz.jdbcrepository.postgresql.JdbcRepositoryManualKeyPostgresqlTest" time="0">
    <skipped/>
    <system-out><![CDATA[22:42:08:556 | ERROR | main | o.s.t.c.t.TransactionalTestExecutionListener | Exception encountered while executing @BeforeTransaction methods for test context [DefaultTestContext@7a7ae0e1 testClass = JdbcRepositoryManualKeyPostgresqlTest, testInstance = com.nurkiewicz.jdbcrepository.postgresql.JdbcRepositoryManualKeyPostgresqlTest@4ad3f3d, testMethod = shouldSaveOneRecord@JdbcRepositoryManualKeyTest, testException = [null], mergedContextConfiguration = [MergedContextConfiguration@5f9b21a1 testClass = JdbcRepositoryManualKeyPostgresqlTest, locations = '{}', classes = '{class com.nurkiewicz.jdbcrepository.postgresql.JdbcRepositoryTestPostgresqlConfig}', contextInitializerClasses = '[]', activeProfiles = '{}', propertySourceLocations = '{}', propertySourceProperties = '{}', contextLoader = 'org.springframework.test.context.support.AnnotationConfigContextLoader', parent = [null]]].
java.net.ConnectException: Connection refused (Connection refused)
	at java.net.PlainSocketImpl.socketConnect(Native Method) ~[na:1.8.0_262]
	at java.net.AbstractPlainSocketImpl.doConnect(AbstractPlainSocketImpl.java:350) ~[na:1.8.0_262]
	at java.net.AbstractPlainSocketImpl.connectToAddress(AbstractPlainSocketImpl.java:206) ~[na:1.8.0_262]
	at java.net.AbstractPlainSocketImpl.connect(AbstractPlainSocketImpl.java:188) ~[na:1.8.0_262]
	at java.net.SocksSocketImpl.connect(SocksSocketImpl.java:392) ~[na:1.8.0_262]
	at java.net.Socket.connect(Socket.java:607) ~[na:1.8.0_262]
	at java.net.Socket.connect(Socket.java:556) ~[na:1.8.0_262]
	at com.nurkiewicz.jdbcrepository.AbstractIntegrationTest.ignoreIfDatabaseNotAvailable(AbstractIntegrationTest.java:36) ~[test-classes/:na]
	... 28 common frames omitted
Wrapped by: org.junit.internal.AssumptionViolatedException: got: <java.net.ConnectException: Connection refused (Connection refused)>, expected: null
	at org.junit.Assume.assumeThat(Assume.java:95) ~[junit-4.11.jar:na]
	at org.junit.Assume.assumeNoException(Assume.java:142) ~[junit-4.11.jar:na]
	at com.nurkiewicz.jdbcrepository.AbstractIntegrationTest.ignoreIfDatabaseNotAvailable(AbstractIntegrationTest.java:39) ~[test-classes/:na]
	at sun.reflect.GeneratedMethodAccessor21.invoke(Unknown Source) ~[na:na]
	at sun.reflect.DelegatingMethodAccessorImpl.invoke(DelegatingMethodAccessorImpl.java:43) ~[na:1.8.0_262]
	at java.lang.reflect.Method.invoke(Method.java:498) ~[na:1.8.0_262]
	at org.springframework.test.context.transaction.TransactionalTestExecutionListener.runBeforeTransactionMethods(TransactionalTestExecutionListener.java:248) [spring-test-4.1.1.RELEASE.jar:4.1.1.RELEASE]
	at org.springframework.test.context.transaction.TransactionalTestExecutionListener.beforeTestMethod(TransactionalTestExecutionListener.java:198) [spring-test-4.1.1.RELEASE.jar:4.1.1.RELEASE]
	at org.springframework.test.context.TestContextManager.beforeTestMethod(TestContextManager.java:249) [spring-test-4.1.1.RELEASE.jar:4.1.1.RELEASE]
	at org.springframework.test.context.junit4.statements.RunBeforeTestMethodCallbacks.evaluate(RunBeforeTestMethodCallbacks.java:71) [spring-test-4.1.1.RELEASE.jar:4.1.1.RELEASE]
	at org.springframework.test.context.junit4.statements.RunAfterTestMethodCallbacks.evaluate(RunAfterTestMethodCallbacks.java:81) [spring-test-4.1.1.RELEASE.jar:4.1.1.RELEASE]
	at org.springframework.test.context.junit4.statements.SpringRepeat.evaluate(SpringRepeat.java:72) [spring-test-4.1.1.RELEASE.jar:4.1.1.RELEASE]
	at org.junit.runners.ParentRunner.runLeaf(ParentRunner.java:271) [junit-4.11.jar:na]
	at org.springframework.test.context.junit4.SpringJUnit4ClassRunner.runChild(SpringJUnit4ClassRunner.java:216) [spring-test-4.1.1.RELEASE.jar:4.1.1.RELEASE]
	at org.springframework.test.context.junit4.SpringJUnit4ClassRunner.runChild(SpringJUnit4ClassRunner.java:82) [spring-test-4.1.1.RELEASE.jar:4.1.1.RELEASE]
	at org.junit.runners.ParentRunner$3.run(ParentRunner.java:238) [junit-4.11.jar:na]
	at org.junit.runners.ParentRunner$1.schedule(ParentRunner.java:63) [junit-4.11.jar:na]
	at org.junit.runners.ParentRunner.runChildren(ParentRunner.java:236) [junit-4.11.jar:na]
	at org.junit.runners.ParentRunner.access$000(ParentRunner.java:53) [junit-4.11.jar:na]
	at org.junit.runners.ParentRunner$2.evaluate(ParentRunner.java:229) [junit-4.11.jar:na]
	at org.springframework.test.context.junit4.statements.RunBeforeTestClassCallbacks.evaluate(RunBeforeTestClassCallbacks.java:60) [spring-test-4.1.1.RELEASE.jar:4.1.1.RELEASE]
	at org.springframework.test.context.junit4.statements.RunAfterTestClassCallbacks.evaluate(RunAfterTestClassCallbacks.java:67) [spring-test-4.1.1.RELEASE.jar:4.1.1.RELEASE]
	at org.junit.runners.ParentRunner.run(ParentRunner.java:309) [junit-4.11.jar:na]
	at org.springframework.test.context.junit4.SpringJUnit4ClassRunner.run(SpringJUnit4ClassRunner.java:162) [spring-test-4.1.1.RELEASE.jar:4.1.1.RELEASE]
	at org.apache.maven.surefire.junit4.JUnit4Provider.execute(JUnit4Provider.java:367) [surefire-junit4-2.19.1.jar:2.19.1]
	at org.apache.maven.surefire.junit4.JUnit4Provider.executeWithRerun(JUnit4Provider.java:274) [surefire-junit4-2.19.1.jar:2.19.1]
	at org.apache.maven.surefire.junit4.JUnit4Provider.executeTestSet(JUnit4Provider.java:238) [surefire-junit4-2.19.1.jar:2.19.1]
	at org.apache.maven.surefire.junit4.JUnit4Provider.invoke(JUnit4Provider.java:161) [surefire-junit4-2.19.1.jar:2.19.1]
	at org.apache.maven.surefire.booter.ForkedBooter.invokeProviderInSameClassLoader(ForkedBooter.java:290) [surefire-booter-2.19.1.jar:2.19.1]
	at org.apache.maven.surefire.booter.ForkedBooter.runSuitesInProcess(ForkedBooter.java:242) [surefire-booter-2.19.1.jar:2.19.1]
	at org.apache.maven.surefire.booter.ForkedBooter.main(ForkedBooter.java:121) [surefire-booter-2.19.1.jar:2.19.1]
22:42:08:557 | WARN  | main | o.s.t.c.TestContextManager | Caught exception while allowing TestExecutionListener [org.springframework.test.context.transaction.TransactionalTestExecutionListener@47742aae] to process 'before' execution of test method [public void com.nurkiewicz.jdbcrepository.JdbcRepositoryManualKeyTest.shouldSaveOneRecord()] for test instance [com.nurkiewicz.jdbcrepository.postgresql.JdbcRepositoryManualKeyPostgresqlTest@4ad3f3d]
java.net.ConnectException: Connection refused (Connection refused)
	at java.net.PlainSocketImpl.socketConnect(Native Method) ~[na:1.8.0_262]
	at java.net.AbstractPlainSocketImpl.doConnect(AbstractPlainSocketImpl.java:350) ~[na:1.8.0_262]
	at java.net.AbstractPlainSocketImpl.connectToAddress(AbstractPlainSocketImpl.java:206) ~[na:1.8.0_262]
	at java.net.AbstractPlainSocketImpl.connect(AbstractPlainSocketImpl.java:188) ~[na:1.8.0_262]
	at java.net.SocksSocketImpl.connect(SocksSocketImpl.java:392) ~[na:1.8.0_262]
	at java.net.Socket.connect(Socket.java:607) ~[na:1.8.0_262]
	at java.net.Socket.connect(Socket.java:556) ~[na:1.8.0_262]
	at com.nurkiewicz.jdbcrepository.AbstractIntegrationTest.ignoreIfDatabaseNotAvailable(AbstractIntegrationTest.java:36) ~[test-classes/:na]
	... 28 common frames omitted
Wrapped by: org.junit.internal.AssumptionViolatedException: got: <java.net.ConnectException: Connection refused (Connection refused)>, expected: null
	at org.junit.Assume.assumeThat(Assume.java:95) ~[junit-4.11.jar:na]
	at org.junit.Assume.assumeNoException(Assume.java:142) ~[junit-4.11.jar:na]
	at com.nurkiewicz.jdbcrepository.AbstractIntegrationTest.ignoreIfDatabaseNotAvailable(AbstractIntegrationTest.java:39) ~[test-classes/:na]
	at sun.reflect.GeneratedMethodAccessor21.invoke(Unknown Source) ~[na:na]
	at sun.reflect.DelegatingMethodAccessorImpl.invoke(DelegatingMethodAccessorImpl.java:43) ~[na:1.8.0_262]
	at java.lang.reflect.Method.invoke(Method.java:498) ~[na:1.8.0_262]
	at org.springframework.test.context.transaction.TransactionalTestExecutionListener.runBeforeTransactionMethods(TransactionalTestExecutionListener.java:248) ~[spring-test-4.1.1.RELEASE.jar:4.1.1.RELEASE]
	at org.springframework.test.context.transaction.TransactionalTestExecutionListener.beforeTestMethod(TransactionalTestExecutionListener.java:198) ~[spring-test-4.1.1.RELEASE.jar:4.1.1.RELEASE]
	at org.springframework.test.context.TestContextManager.beforeTestMethod(TestContextManager.java:249) ~[spring-test-4.1.1.RELEASE.jar:4.1.1.RELEASE]
	at org.springframework.test.context.junit4.statements.RunBeforeTestMethodCallbacks.evaluate(RunBeforeTestMethodCallbacks.java:71) [spring-test-4.1.1.RELEASE.jar:4.1.1.RELEASE]
	at org.springframework.test.context.junit4.statements.RunAfterTestMethodCallbacks.evaluate(RunAfterTestMethodCallbacks.java:81) [spring-test-4.1.1.RELEASE.jar:4.1.1.RELEASE]
	at org.springframework.test.context.junit4.statements.SpringRepeat.evaluate(SpringRepeat.java:72) [spring-test-4.1.1.RELEASE.jar:4.1.1.RELEASE]
	at org.junit.runners.ParentRunner.runLeaf(ParentRunner.java:271) [junit-4.11.jar:na]
	at org.springframework.test.context.junit4.SpringJUnit4ClassRunner.runChild(SpringJUnit4ClassRunner.java:216) [spring-test-4.1.1.RELEASE.jar:4.1.1.RELEASE]
	at org.springframework.test.context.junit4.SpringJUnit4ClassRunner.runChild(SpringJUnit4ClassRunner.java:82) [spring-test-4.1.1.RELEASE.jar:4.1.1.RELEASE]
	at org.junit.runners.ParentRunner$3.run(ParentRunner.java:238) [junit-4.11.jar:na]
	at org.junit.runners.ParentRunner$1.schedule(ParentRunner.java:63) [junit-4.11.jar:na]
	at org.junit.runners.ParentRunner.runChildren(ParentRunner.java:236) [junit-4.11.jar:na]
	at org.junit.runners.ParentRunner.access$000(ParentRunner.java:53) [junit-4.11.jar:na]
	at org.junit.runners.ParentRunner$2.evaluate(ParentRunner.java:229) [junit-4.11.jar:na]
	at org.springframework.test.context.junit4.statements.RunBeforeTestClassCallbacks.evaluate(RunBeforeTestClassCallbacks.java:60) [spring-test-4.1.1.RELEASE.jar:4.1.1.RELEASE]
	at org.springframework.test.context.junit4.statements.RunAfterTestClassCallbacks.evaluate(RunAfterTestClassCallbacks.java:67) [spring-test-4.1.1.RELEASE.jar:4.1.1.RELEASE]
	at org.junit.runners.ParentRunner.run(ParentRunner.java:309) [junit-4.11.jar:na]
	at org.springframework.test.context.junit4.SpringJUnit4ClassRunner.run(SpringJUnit4ClassRunner.java:162) [spring-test-4.1.1.RELEASE.jar:4.1.1.RELEASE]
	at org.apache.maven.surefire.junit4.JUnit4Provider.execute(JUnit4Provider.java:367) [surefire-junit4-2.19.1.jar:2.19.1]
	at org.apache.maven.surefire.junit4.JUnit4Provider.executeWithRerun(JUnit4Provider.java:274) [surefire-junit4-2.19.1.jar:2.19.1]
	at org.apache.maven.surefire.junit4.JUnit4Provider.executeTestSet(JUnit4Provider.java:238) [surefire-junit4-2.19.1.jar:2.19.1]
	at org.apache.maven.surefire.junit4.JUnit4Provider.invoke(JUnit4Provider.java:161) [surefire-junit4-2.19.1.jar:2.19.1]
	at org.apache.maven.surefire.booter.ForkedBooter.invokeProviderInSameClassLoader(ForkedBooter.java:290) [surefire-booter-2.19.1.jar:2.19.1]
	at org.apache.maven.surefire.booter.ForkedBooter.runSuitesInProcess(ForkedBooter.java:242) [surefire-booter-2.19.1.jar:2.19.1]
	at org.apache.maven.surefire.booter.ForkedBooter.main(ForkedBooter.java:121) [surefire-booter-2.19.1.jar:2.19.1]
]]></system-out>
  </testcase>
  <testcase name="shouldReturnSecondPageSortedByReputation" classname="com.nurkiewicz.jdbcrepository.postgresql.JdbcRepositoryManualKeyPostgresqlTest" time="0">
    <skipped/>
    <system-out><![CDATA[22:42:08:560 | ERROR | main | o.s.t.c.t.TransactionalTestExecutionListener | Exception encountered while executing @BeforeTransaction methods for test context [DefaultTestContext@7a7ae0e1 testClass = JdbcRepositoryManualKeyPostgresqlTest, testInstance = com.nurkiewicz.jdbcrepository.postgresql.JdbcRepositoryManualKeyPostgresqlTest@78698291, testMethod = shouldReturnSecondPageSortedByReputation@JdbcRepositoryManualKeyTest, testException = [null], mergedContextConfiguration = [MergedContextConfiguration@5f9b21a1 testClass = JdbcRepositoryManualKeyPostgresqlTest, locations = '{}', classes = '{class com.nurkiewicz.jdbcrepository.postgresql.JdbcRepositoryTestPostgresqlConfig}', contextInitializerClasses = '[]', activeProfiles = '{}', propertySourceLocations = '{}', propertySourceProperties = '{}', contextLoader = 'org.springframework.test.context.support.AnnotationConfigContextLoader', parent = [null]]].
java.net.ConnectException: Connection refused (Connection refused)
	at java.net.PlainSocketImpl.socketConnect(Native Method) ~[na:1.8.0_262]
	at java.net.AbstractPlainSocketImpl.doConnect(AbstractPlainSocketImpl.java:350) ~[na:1.8.0_262]
	at java.net.AbstractPlainSocketImpl.connectToAddress(AbstractPlainSocketImpl.java:206) ~[na:1.8.0_262]
	at java.net.AbstractPlainSocketImpl.connect(AbstractPlainSocketImpl.java:188) ~[na:1.8.0_262]
	at java.net.SocksSocketImpl.connect(SocksSocketImpl.java:392) ~[na:1.8.0_262]
	at java.net.Socket.connect(Socket.java:607) ~[na:1.8.0_262]
	at java.net.Socket.connect(Socket.java:556) ~[na:1.8.0_262]
	at com.nurkiewicz.jdbcrepository.AbstractIntegrationTest.ignoreIfDatabaseNotAvailable(AbstractIntegrationTest.java:36) ~[test-classes/:na]
	... 28 common frames omitted
Wrapped by: org.junit.internal.AssumptionViolatedException: got: <java.net.ConnectException: Connection refused (Connection refused)>, expected: null
	at org.junit.Assume.assumeThat(Assume.java:95) ~[junit-4.11.jar:na]
	at org.junit.Assume.assumeNoException(Assume.java:142) ~[junit-4.11.jar:na]
	at com.nurkiewicz.jdbcrepository.AbstractIntegrationTest.ignoreIfDatabaseNotAvailable(AbstractIntegrationTest.java:39) ~[test-classes/:na]
	at sun.reflect.GeneratedMethodAccessor21.invoke(Unknown Source) ~[na:na]
	at sun.reflect.DelegatingMethodAccessorImpl.invoke(DelegatingMethodAccessorImpl.java:43) ~[na:1.8.0_262]
	at java.lang.reflect.Method.invoke(Method.java:498) ~[na:1.8.0_262]
	at org.springframework.test.context.transaction.TransactionalTestExecutionListener.runBeforeTransactionMethods(TransactionalTestExecutionListener.java:248) [spring-test-4.1.1.RELEASE.jar:4.1.1.RELEASE]
	at org.springframework.test.context.transaction.TransactionalTestExecutionListener.beforeTestMethod(TransactionalTestExecutionListener.java:198) [spring-test-4.1.1.RELEASE.jar:4.1.1.RELEASE]
	at org.springframework.test.context.TestContextManager.beforeTestMethod(TestContextManager.java:249) [spring-test-4.1.1.RELEASE.jar:4.1.1.RELEASE]
	at org.springframework.test.context.junit4.statements.RunBeforeTestMethodCallbacks.evaluate(RunBeforeTestMethodCallbacks.java:71) [spring-test-4.1.1.RELEASE.jar:4.1.1.RELEASE]
	at org.springframework.test.context.junit4.statements.RunAfterTestMethodCallbacks.evaluate(RunAfterTestMethodCallbacks.java:81) [spring-test-4.1.1.RELEASE.jar:4.1.1.RELEASE]
	at org.springframework.test.context.junit4.statements.SpringRepeat.evaluate(SpringRepeat.java:72) [spring-test-4.1.1.RELEASE.jar:4.1.1.RELEASE]
	at org.junit.runners.ParentRunner.runLeaf(ParentRunner.java:271) [junit-4.11.jar:na]
	at org.springframework.test.context.junit4.SpringJUnit4ClassRunner.runChild(SpringJUnit4ClassRunner.java:216) [spring-test-4.1.1.RELEASE.jar:4.1.1.RELEASE]
	at org.springframework.test.context.junit4.SpringJUnit4ClassRunner.runChild(SpringJUnit4ClassRunner.java:82) [spring-test-4.1.1.RELEASE.jar:4.1.1.RELEASE]
	at org.junit.runners.ParentRunner$3.run(ParentRunner.java:238) [junit-4.11.jar:na]
	at org.junit.runners.ParentRunner$1.schedule(ParentRunner.java:63) [junit-4.11.jar:na]
	at org.junit.runners.ParentRunner.runChildren(ParentRunner.java:236) [junit-4.11.jar:na]
	at org.junit.runners.ParentRunner.access$000(ParentRunner.java:53) [junit-4.11.jar:na]
	at org.junit.runners.ParentRunner$2.evaluate(ParentRunner.java:229) [junit-4.11.jar:na]
	at org.springframework.test.context.junit4.statements.RunBeforeTestClassCallbacks.evaluate(RunBeforeTestClassCallbacks.java:60) [spring-test-4.1.1.RELEASE.jar:4.1.1.RELEASE]
	at org.springframework.test.context.junit4.statements.RunAfterTestClassCallbacks.evaluate(RunAfterTestClassCallbacks.java:67) [spring-test-4.1.1.RELEASE.jar:4.1.1.RELEASE]
	at org.junit.runners.ParentRunner.run(ParentRunner.java:309) [junit-4.11.jar:na]
	at org.springframework.test.context.junit4.SpringJUnit4ClassRunner.run(SpringJUnit4ClassRunner.java:162) [spring-test-4.1.1.RELEASE.jar:4.1.1.RELEASE]
	at org.apache.maven.surefire.junit4.JUnit4Provider.execute(JUnit4Provider.java:367) [surefire-junit4-2.19.1.jar:2.19.1]
	at org.apache.maven.surefire.junit4.JUnit4Provider.executeWithRerun(JUnit4Provider.java:274) [surefire-junit4-2.19.1.jar:2.19.1]
	at org.apache.maven.surefire.junit4.JUnit4Provider.executeTestSet(JUnit4Provider.java:238) [surefire-junit4-2.19.1.jar:2.19.1]
	at org.apache.maven.surefire.junit4.JUnit4Provider.invoke(JUnit4Provider.java:161) [surefire-junit4-2.19.1.jar:2.19.1]
	at org.apache.maven.surefire.booter.ForkedBooter.invokeProviderInSameClassLoader(ForkedBooter.java:290) [surefire-booter-2.19.1.jar:2.19.1]
	at org.apache.maven.surefire.booter.ForkedBooter.runSuitesInProcess(ForkedBooter.java:242) [surefire-booter-2.19.1.jar:2.19.1]
	at org.apache.maven.surefire.booter.ForkedBooter.main(ForkedBooter.java:121) [surefire-booter-2.19.1.jar:2.19.1]
22:42:08:561 | WARN  | main | o.s.t.c.TestContextManager | Caught exception while allowing TestExecutionListener [org.springframework.test.context.transaction.TransactionalTestExecutionListener@47742aae] to process 'before' execution of test method [public void com.nurkiewicz.jdbcrepository.JdbcRepositoryManualKeyTest.shouldReturnSecondPageSortedByReputation()] for test instance [com.nurkiewicz.jdbcrepository.postgresql.JdbcRepositoryManualKeyPostgresqlTest@78698291]
java.net.ConnectException: Connection refused (Connection refused)
	at java.net.PlainSocketImpl.socketConnect(Native Method) ~[na:1.8.0_262]
	at java.net.AbstractPlainSocketImpl.doConnect(AbstractPlainSocketImpl.java:350) ~[na:1.8.0_262]
	at java.net.AbstractPlainSocketImpl.connectToAddress(AbstractPlainSocketImpl.java:206) ~[na:1.8.0_262]
	at java.net.AbstractPlainSocketImpl.connect(AbstractPlainSocketImpl.java:188) ~[na:1.8.0_262]
	at java.net.SocksSocketImpl.connect(SocksSocketImpl.java:392) ~[na:1.8.0_262]
	at java.net.Socket.connect(Socket.java:607) ~[na:1.8.0_262]
	at java.net.Socket.connect(Socket.java:556) ~[na:1.8.0_262]
	at com.nurkiewicz.jdbcrepository.AbstractIntegrationTest.ignoreIfDatabaseNotAvailable(AbstractIntegrationTest.java:36) ~[test-classes/:na]
	... 28 common frames omitted
Wrapped by: org.junit.internal.AssumptionViolatedException: got: <java.net.ConnectException: Connection refused (Connection refused)>, expected: null
	at org.junit.Assume.assumeThat(Assume.java:95) ~[junit-4.11.jar:na]
	at org.junit.Assume.assumeNoException(Assume.java:142) ~[junit-4.11.jar:na]
	at com.nurkiewicz.jdbcrepository.AbstractIntegrationTest.ignoreIfDatabaseNotAvailable(AbstractIntegrationTest.java:39) ~[test-classes/:na]
	at sun.reflect.GeneratedMethodAccessor21.invoke(Unknown Source) ~[na:na]
	at sun.reflect.DelegatingMethodAccessorImpl.invoke(DelegatingMethodAccessorImpl.java:43) ~[na:1.8.0_262]
	at java.lang.reflect.Method.invoke(Method.java:498) ~[na:1.8.0_262]
	at org.springframework.test.context.transaction.TransactionalTestExecutionListener.runBeforeTransactionMethods(TransactionalTestExecutionListener.java:248) ~[spring-test-4.1.1.RELEASE.jar:4.1.1.RELEASE]
	at org.springframework.test.context.transaction.TransactionalTestExecutionListener.beforeTestMethod(TransactionalTestExecutionListener.java:198) ~[spring-test-4.1.1.RELEASE.jar:4.1.1.RELEASE]
	at org.springframework.test.context.TestContextManager.beforeTestMethod(TestContextManager.java:249) ~[spring-test-4.1.1.RELEASE.jar:4.1.1.RELEASE]
	at org.springframework.test.context.junit4.statements.RunBeforeTestMethodCallbacks.evaluate(RunBeforeTestMethodCallbacks.java:71) [spring-test-4.1.1.RELEASE.jar:4.1.1.RELEASE]
	at org.springframework.test.context.junit4.statements.RunAfterTestMethodCallbacks.evaluate(RunAfterTestMethodCallbacks.java:81) [spring-test-4.1.1.RELEASE.jar:4.1.1.RELEASE]
	at org.springframework.test.context.junit4.statements.SpringRepeat.evaluate(SpringRepeat.java:72) [spring-test-4.1.1.RELEASE.jar:4.1.1.RELEASE]
	at org.junit.runners.ParentRunner.runLeaf(ParentRunner.java:271) [junit-4.11.jar:na]
	at org.springframework.test.context.junit4.SpringJUnit4ClassRunner.runChild(SpringJUnit4ClassRunner.java:216) [spring-test-4.1.1.RELEASE.jar:4.1.1.RELEASE]
	at org.springframework.test.context.junit4.SpringJUnit4ClassRunner.runChild(SpringJUnit4ClassRunner.java:82) [spring-test-4.1.1.RELEASE.jar:4.1.1.RELEASE]
	at org.junit.runners.ParentRunner$3.run(ParentRunner.java:238) [junit-4.11.jar:na]
	at org.junit.runners.ParentRunner$1.schedule(ParentRunner.java:63) [junit-4.11.jar:na]
	at org.junit.runners.ParentRunner.runChildren(ParentRunner.java:236) [junit-4.11.jar:na]
	at org.junit.runners.ParentRunner.access$000(ParentRunner.java:53) [junit-4.11.jar:na]
	at org.junit.runners.ParentRunner$2.evaluate(ParentRunner.java:229) [junit-4.11.jar:na]
	at org.springframework.test.context.junit4.statements.RunBeforeTestClassCallbacks.evaluate(RunBeforeTestClassCallbacks.java:60) [spring-test-4.1.1.RELEASE.jar:4.1.1.RELEASE]
	at org.springframework.test.context.junit4.statements.RunAfterTestClassCallbacks.evaluate(RunAfterTestClassCallbacks.java:67) [spring-test-4.1.1.RELEASE.jar:4.1.1.RELEASE]
	at org.junit.runners.ParentRunner.run(ParentRunner.java:309) [junit-4.11.jar:na]
	at org.springframework.test.context.junit4.SpringJUnit4ClassRunner.run(SpringJUnit4ClassRunner.java:162) [spring-test-4.1.1.RELEASE.jar:4.1.1.RELEASE]
	at org.apache.maven.surefire.junit4.JUnit4Provider.execute(JUnit4Provider.java:367) [surefire-junit4-2.19.1.jar:2.19.1]
	at org.apache.maven.surefire.junit4.JUnit4Provider.executeWithRerun(JUnit4Provider.java:274) [surefire-junit4-2.19.1.jar:2.19.1]
	at org.apache.maven.surefire.junit4.JUnit4Provider.executeTestSet(JUnit4Provider.java:238) [surefire-junit4-2.19.1.jar:2.19.1]
	at org.apache.maven.surefire.junit4.JUnit4Provider.invoke(JUnit4Provider.java:161) [surefire-junit4-2.19.1.jar:2.19.1]
	at org.apache.maven.surefire.booter.ForkedBooter.invokeProviderInSameClassLoader(ForkedBooter.java:290) [surefire-booter-2.19.1.jar:2.19.1]
	at org.apache.maven.surefire.booter.ForkedBooter.runSuitesInProcess(ForkedBooter.java:242) [surefire-booter-2.19.1.jar:2.19.1]
	at org.apache.maven.surefire.booter.ForkedBooter.main(ForkedBooter.java:121) [surefire-booter-2.19.1.jar:2.19.1]
]]></system-out>
  </testcase>
  <testcase name="shouldSkipNonExistingEntitiesWhenDeletingInBatch" classname="com.nurkiewicz.jdbcrepository.postgresql.JdbcRepositoryManualKeyPostgresqlTest" time="0">
    <skipped/>
    <system-out><![CDATA[22:42:08:564 | ERROR | main | o.s.t.c.t.TransactionalTestExecutionListener | Exception encountered while executing @BeforeTransaction methods for test context [DefaultTestContext@7a7ae0e1 testClass = JdbcRepositoryManualKeyPostgresqlTest, testInstance = com.nurkiewicz.jdbcrepository.postgresql.JdbcRepositoryManualKeyPostgresqlTest@25ce4114, testMethod = shouldSkipNonExistingEntitiesWhenDeletingInBatch@JdbcRepositoryManualKeyTest, testException = [null], mergedContextConfiguration = [MergedContextConfiguration@5f9b21a1 testClass = JdbcRepositoryManualKeyPostgresqlTest, locations = '{}', classes = '{class com.nurkiewicz.jdbcrepository.postgresql.JdbcRepositoryTestPostgresqlConfig}', contextInitializerClasses = '[]', activeProfiles = '{}', propertySourceLocations = '{}', propertySourceProperties = '{}', contextLoader = 'org.springframework.test.context.support.AnnotationConfigContextLoader', parent = [null]]].
java.net.ConnectException: Connection refused (Connection refused)
	at java.net.PlainSocketImpl.socketConnect(Native Method) ~[na:1.8.0_262]
	at java.net.AbstractPlainSocketImpl.doConnect(AbstractPlainSocketImpl.java:350) ~[na:1.8.0_262]
	at java.net.AbstractPlainSocketImpl.connectToAddress(AbstractPlainSocketImpl.java:206) ~[na:1.8.0_262]
	at java.net.AbstractPlainSocketImpl.connect(AbstractPlainSocketImpl.java:188) ~[na:1.8.0_262]
	at java.net.SocksSocketImpl.connect(SocksSocketImpl.java:392) ~[na:1.8.0_262]
	at java.net.Socket.connect(Socket.java:607) ~[na:1.8.0_262]
	at java.net.Socket.connect(Socket.java:556) ~[na:1.8.0_262]
	at com.nurkiewicz.jdbcrepository.AbstractIntegrationTest.ignoreIfDatabaseNotAvailable(AbstractIntegrationTest.java:36) ~[test-classes/:na]
	... 28 common frames omitted
Wrapped by: org.junit.internal.AssumptionViolatedException: got: <java.net.ConnectException: Connection refused (Connection refused)>, expected: null
	at org.junit.Assume.assumeThat(Assume.java:95) ~[junit-4.11.jar:na]
	at org.junit.Assume.assumeNoException(Assume.java:142) ~[junit-4.11.jar:na]
	at com.nurkiewicz.jdbcrepository.AbstractIntegrationTest.ignoreIfDatabaseNotAvailable(AbstractIntegrationTest.java:39) ~[test-classes/:na]
	at sun.reflect.GeneratedMethodAccessor21.invoke(Unknown Source) ~[na:na]
	at sun.reflect.DelegatingMethodAccessorImpl.invoke(DelegatingMethodAccessorImpl.java:43) ~[na:1.8.0_262]
	at java.lang.reflect.Method.invoke(Method.java:498) ~[na:1.8.0_262]
	at org.springframework.test.context.transaction.TransactionalTestExecutionListener.runBeforeTransactionMethods(TransactionalTestExecutionListener.java:248) [spring-test-4.1.1.RELEASE.jar:4.1.1.RELEASE]
	at org.springframework.test.context.transaction.TransactionalTestExecutionListener.beforeTestMethod(TransactionalTestExecutionListener.java:198) [spring-test-4.1.1.RELEASE.jar:4.1.1.RELEASE]
	at org.springframework.test.context.TestContextManager.beforeTestMethod(TestContextManager.java:249) [spring-test-4.1.1.RELEASE.jar:4.1.1.RELEASE]
	at org.springframework.test.context.junit4.statements.RunBeforeTestMethodCallbacks.evaluate(RunBeforeTestMethodCallbacks.java:71) [spring-test-4.1.1.RELEASE.jar:4.1.1.RELEASE]
	at org.springframework.test.context.junit4.statements.RunAfterTestMethodCallbacks.evaluate(RunAfterTestMethodCallbacks.java:81) [spring-test-4.1.1.RELEASE.jar:4.1.1.RELEASE]
	at org.springframework.test.context.junit4.statements.SpringRepeat.evaluate(SpringRepeat.java:72) [spring-test-4.1.1.RELEASE.jar:4.1.1.RELEASE]
	at org.junit.runners.ParentRunner.runLeaf(ParentRunner.java:271) [junit-4.11.jar:na]
	at org.springframework.test.context.junit4.SpringJUnit4ClassRunner.runChild(SpringJUnit4ClassRunner.java:216) [spring-test-4.1.1.RELEASE.jar:4.1.1.RELEASE]
	at org.springframework.test.context.junit4.SpringJUnit4ClassRunner.runChild(SpringJUnit4ClassRunner.java:82) [spring-test-4.1.1.RELEASE.jar:4.1.1.RELEASE]
	at org.junit.runners.ParentRunner$3.run(ParentRunner.java:238) [junit-4.11.jar:na]
	at org.junit.runners.ParentRunner$1.schedule(ParentRunner.java:63) [junit-4.11.jar:na]
	at org.junit.runners.ParentRunner.runChildren(ParentRunner.java:236) [junit-4.11.jar:na]
	at org.junit.runners.ParentRunner.access$000(ParentRunner.java:53) [junit-4.11.jar:na]
	at org.junit.runners.ParentRunner$2.evaluate(ParentRunner.java:229) [junit-4.11.jar:na]
	at org.springframework.test.context.junit4.statements.RunBeforeTestClassCallbacks.evaluate(RunBeforeTestClassCallbacks.java:60) [spring-test-4.1.1.RELEASE.jar:4.1.1.RELEASE]
	at org.springframework.test.context.junit4.statements.RunAfterTestClassCallbacks.evaluate(RunAfterTestClassCallbacks.java:67) [spring-test-4.1.1.RELEASE.jar:4.1.1.RELEASE]
	at org.junit.runners.ParentRunner.run(ParentRunner.java:309) [junit-4.11.jar:na]
	at org.springframework.test.context.junit4.SpringJUnit4ClassRunner.run(SpringJUnit4ClassRunner.java:162) [spring-test-4.1.1.RELEASE.jar:4.1.1.RELEASE]
	at org.apache.maven.surefire.junit4.JUnit4Provider.execute(JUnit4Provider.java:367) [surefire-junit4-2.19.1.jar:2.19.1]
	at org.apache.maven.surefire.junit4.JUnit4Provider.executeWithRerun(JUnit4Provider.java:274) [surefire-junit4-2.19.1.jar:2.19.1]
	at org.apache.maven.surefire.junit4.JUnit4Provider.executeTestSet(JUnit4Provider.java:238) [surefire-junit4-2.19.1.jar:2.19.1]
	at org.apache.maven.surefire.junit4.JUnit4Provider.invoke(JUnit4Provider.java:161) [surefire-junit4-2.19.1.jar:2.19.1]
	at org.apache.maven.surefire.booter.ForkedBooter.invokeProviderInSameClassLoader(ForkedBooter.java:290) [surefire-booter-2.19.1.jar:2.19.1]
	at org.apache.maven.surefire.booter.ForkedBooter.runSuitesInProcess(ForkedBooter.java:242) [surefire-booter-2.19.1.jar:2.19.1]
	at org.apache.maven.surefire.booter.ForkedBooter.main(ForkedBooter.java:121) [surefire-booter-2.19.1.jar:2.19.1]
22:42:08:565 | WARN  | main | o.s.t.c.TestContextManager | Caught exception while allowing TestExecutionListener [org.springframework.test.context.transaction.TransactionalTestExecutionListener@47742aae] to process 'before' execution of test method [public void com.nurkiewicz.jdbcrepository.JdbcRepositoryManualKeyTest.shouldSkipNonExistingEntitiesWhenDeletingInBatch() throws java.lang.Exception] for test instance [com.nurkiewicz.jdbcrepository.postgresql.JdbcRepositoryManualKeyPostgresqlTest@25ce4114]
java.net.ConnectException: Connection refused (Connection refused)
	at java.net.PlainSocketImpl.socketConnect(Native Method) ~[na:1.8.0_262]
	at java.net.AbstractPlainSocketImpl.doConnect(AbstractPlainSocketImpl.java:350) ~[na:1.8.0_262]
	at java.net.AbstractPlainSocketImpl.connectToAddress(AbstractPlainSocketImpl.java:206) ~[na:1.8.0_262]
	at java.net.AbstractPlainSocketImpl.connect(AbstractPlainSocketImpl.java:188) ~[na:1.8.0_262]
	at java.net.SocksSocketImpl.connect(SocksSocketImpl.java:392) ~[na:1.8.0_262]
	at java.net.Socket.connect(Socket.java:607) ~[na:1.8.0_262]
	at java.net.Socket.connect(Socket.java:556) ~[na:1.8.0_262]
	at com.nurkiewicz.jdbcrepository.AbstractIntegrationTest.ignoreIfDatabaseNotAvailable(AbstractIntegrationTest.java:36) ~[test-classes/:na]
	... 28 common frames omitted
Wrapped by: org.junit.internal.AssumptionViolatedException: got: <java.net.ConnectException: Connection refused (Connection refused)>, expected: null
	at org.junit.Assume.assumeThat(Assume.java:95) ~[junit-4.11.jar:na]
	at org.junit.Assume.assumeNoException(Assume.java:142) ~[junit-4.11.jar:na]
	at com.nurkiewicz.jdbcrepository.AbstractIntegrationTest.ignoreIfDatabaseNotAvailable(AbstractIntegrationTest.java:39) ~[test-classes/:na]
	at sun.reflect.GeneratedMethodAccessor21.invoke(Unknown Source) ~[na:na]
	at sun.reflect.DelegatingMethodAccessorImpl.invoke(DelegatingMethodAccessorImpl.java:43) ~[na:1.8.0_262]
	at java.lang.reflect.Method.invoke(Method.java:498) ~[na:1.8.0_262]
	at org.springframework.test.context.transaction.TransactionalTestExecutionListener.runBeforeTransactionMethods(TransactionalTestExecutionListener.java:248) ~[spring-test-4.1.1.RELEASE.jar:4.1.1.RELEASE]
	at org.springframework.test.context.transaction.TransactionalTestExecutionListener.beforeTestMethod(TransactionalTestExecutionListener.java:198) ~[spring-test-4.1.1.RELEASE.jar:4.1.1.RELEASE]
	at org.springframework.test.context.TestContextManager.beforeTestMethod(TestContextManager.java:249) ~[spring-test-4.1.1.RELEASE.jar:4.1.1.RELEASE]
	at org.springframework.test.context.junit4.statements.RunBeforeTestMethodCallbacks.evaluate(RunBeforeTestMethodCallbacks.java:71) [spring-test-4.1.1.RELEASE.jar:4.1.1.RELEASE]
	at org.springframework.test.context.junit4.statements.RunAfterTestMethodCallbacks.evaluate(RunAfterTestMethodCallbacks.java:81) [spring-test-4.1.1.RELEASE.jar:4.1.1.RELEASE]
	at org.springframework.test.context.junit4.statements.SpringRepeat.evaluate(SpringRepeat.java:72) [spring-test-4.1.1.RELEASE.jar:4.1.1.RELEASE]
	at org.junit.runners.ParentRunner.runLeaf(ParentRunner.java:271) [junit-4.11.jar:na]
	at org.springframework.test.context.junit4.SpringJUnit4ClassRunner.runChild(SpringJUnit4ClassRunner.java:216) [spring-test-4.1.1.RELEASE.jar:4.1.1.RELEASE]
	at org.springframework.test.context.junit4.SpringJUnit4ClassRunner.runChild(SpringJUnit4ClassRunner.java:82) [spring-test-4.1.1.RELEASE.jar:4.1.1.RELEASE]
	at org.junit.runners.ParentRunner$3.run(ParentRunner.java:238) [junit-4.11.jar:na]
	at org.junit.runners.ParentRunner$1.schedule(ParentRunner.java:63) [junit-4.11.jar:na]
	at org.junit.runners.ParentRunner.runChildren(ParentRunner.java:236) [junit-4.11.jar:na]
	at org.junit.runners.ParentRunner.access$000(ParentRunner.java:53) [junit-4.11.jar:na]
	at org.junit.runners.ParentRunner$2.evaluate(ParentRunner.java:229) [junit-4.11.jar:na]
	at org.springframework.test.context.junit4.statements.RunBeforeTestClassCallbacks.evaluate(RunBeforeTestClassCallbacks.java:60) [spring-test-4.1.1.RELEASE.jar:4.1.1.RELEASE]
	at org.springframework.test.context.junit4.statements.RunAfterTestClassCallbacks.evaluate(RunAfterTestClassCallbacks.java:67) [spring-test-4.1.1.RELEASE.jar:4.1.1.RELEASE]
	at org.junit.runners.ParentRunner.run(ParentRunner.java:309) [junit-4.11.jar:na]
	at org.springframework.test.context.junit4.SpringJUnit4ClassRunner.run(SpringJUnit4ClassRunner.java:162) [spring-test-4.1.1.RELEASE.jar:4.1.1.RELEASE]
	at org.apache.maven.surefire.junit4.JUnit4Provider.execute(JUnit4Provider.java:367) [surefire-junit4-2.19.1.jar:2.19.1]
	at org.apache.maven.surefire.junit4.JUnit4Provider.executeWithRerun(JUnit4Provider.java:274) [surefire-junit4-2.19.1.jar:2.19.1]
	at org.apache.maven.surefire.junit4.JUnit4Provider.executeTestSet(JUnit4Provider.java:238) [surefire-junit4-2.19.1.jar:2.19.1]
	at org.apache.maven.surefire.junit4.JUnit4Provider.invoke(JUnit4Provider.java:161) [surefire-junit4-2.19.1.jar:2.19.1]
	at org.apache.maven.surefire.booter.ForkedBooter.invokeProviderInSameClassLoader(ForkedBooter.java:290) [surefire-booter-2.19.1.jar:2.19.1]
	at org.apache.maven.surefire.booter.ForkedBooter.runSuitesInProcess(ForkedBooter.java:242) [surefire-booter-2.19.1.jar:2.19.1]
	at org.apache.maven.surefire.booter.ForkedBooter.main(ForkedBooter.java:121) [surefire-booter-2.19.1.jar:2.19.1]
]]></system-out>
  </testcase>
  <testcase name="shouldReturnTrueWhenEntityForGivenIdExists" classname="com.nurkiewicz.jdbcrepository.postgresql.JdbcRepositoryManualKeyPostgresqlTest" time="0">
    <skipped/>
    <system-out><![CDATA[22:42:08:567 | ERROR | main | o.s.t.c.t.TransactionalTestExecutionListener | Exception encountered while executing @BeforeTransaction methods for test context [DefaultTestContext@7a7ae0e1 testClass = JdbcRepositoryManualKeyPostgresqlTest, testInstance = com.nurkiewicz.jdbcrepository.postgresql.JdbcRepositoryManualKeyPostgresqlTest@38a2118b, testMethod = shouldReturnTrueWhenEntityForGivenIdExists@JdbcRepositoryManualKeyTest, testException = [null], mergedContextConfiguration = [MergedContextConfiguration@5f9b21a1 testClass = JdbcRepositoryManualKeyPostgresqlTest, locations = '{}', classes = '{class com.nurkiewicz.jdbcrepository.postgresql.JdbcRepositoryTestPostgresqlConfig}', contextInitializerClasses = '[]', activeProfiles = '{}', propertySourceLocations = '{}', propertySourceProperties = '{}', contextLoader = 'org.springframework.test.context.support.AnnotationConfigContextLoader', parent = [null]]].
java.net.ConnectException: Connection refused (Connection refused)
	at java.net.PlainSocketImpl.socketConnect(Native Method) ~[na:1.8.0_262]
	at java.net.AbstractPlainSocketImpl.doConnect(AbstractPlainSocketImpl.java:350) ~[na:1.8.0_262]
	at java.net.AbstractPlainSocketImpl.connectToAddress(AbstractPlainSocketImpl.java:206) ~[na:1.8.0_262]
	at java.net.AbstractPlainSocketImpl.connect(AbstractPlainSocketImpl.java:188) ~[na:1.8.0_262]
	at java.net.SocksSocketImpl.connect(SocksSocketImpl.java:392) ~[na:1.8.0_262]
	at java.net.Socket.connect(Socket.java:607) ~[na:1.8.0_262]
	at java.net.Socket.connect(Socket.java:556) ~[na:1.8.0_262]
	at com.nurkiewicz.jdbcrepository.AbstractIntegrationTest.ignoreIfDatabaseNotAvailable(AbstractIntegrationTest.java:36) ~[test-classes/:na]
	... 28 common frames omitted
Wrapped by: org.junit.internal.AssumptionViolatedException: got: <java.net.ConnectException: Connection refused (Connection refused)>, expected: null
	at org.junit.Assume.assumeThat(Assume.java:95) ~[junit-4.11.jar:na]
	at org.junit.Assume.assumeNoException(Assume.java:142) ~[junit-4.11.jar:na]
	at com.nurkiewicz.jdbcrepository.AbstractIntegrationTest.ignoreIfDatabaseNotAvailable(AbstractIntegrationTest.java:39) ~[test-classes/:na]
	at sun.reflect.GeneratedMethodAccessor21.invoke(Unknown Source) ~[na:na]
	at sun.reflect.DelegatingMethodAccessorImpl.invoke(DelegatingMethodAccessorImpl.java:43) ~[na:1.8.0_262]
	at java.lang.reflect.Method.invoke(Method.java:498) ~[na:1.8.0_262]
	at org.springframework.test.context.transaction.TransactionalTestExecutionListener.runBeforeTransactionMethods(TransactionalTestExecutionListener.java:248) [spring-test-4.1.1.RELEASE.jar:4.1.1.RELEASE]
	at org.springframework.test.context.transaction.TransactionalTestExecutionListener.beforeTestMethod(TransactionalTestExecutionListener.java:198) [spring-test-4.1.1.RELEASE.jar:4.1.1.RELEASE]
	at org.springframework.test.context.TestContextManager.beforeTestMethod(TestContextManager.java:249) [spring-test-4.1.1.RELEASE.jar:4.1.1.RELEASE]
	at org.springframework.test.context.junit4.statements.RunBeforeTestMethodCallbacks.evaluate(RunBeforeTestMethodCallbacks.java:71) [spring-test-4.1.1.RELEASE.jar:4.1.1.RELEASE]
	at org.springframework.test.context.junit4.statements.RunAfterTestMethodCallbacks.evaluate(RunAfterTestMethodCallbacks.java:81) [spring-test-4.1.1.RELEASE.jar:4.1.1.RELEASE]
	at org.springframework.test.context.junit4.statements.SpringRepeat.evaluate(SpringRepeat.java:72) [spring-test-4.1.1.RELEASE.jar:4.1.1.RELEASE]
	at org.junit.runners.ParentRunner.runLeaf(ParentRunner.java:271) [junit-4.11.jar:na]
	at org.springframework.test.context.junit4.SpringJUnit4ClassRunner.runChild(SpringJUnit4ClassRunner.java:216) [spring-test-4.1.1.RELEASE.jar:4.1.1.RELEASE]
	at org.springframework.test.context.junit4.SpringJUnit4ClassRunner.runChild(SpringJUnit4ClassRunner.java:82) [spring-test-4.1.1.RELEASE.jar:4.1.1.RELEASE]
	at org.junit.runners.ParentRunner$3.run(ParentRunner.java:238) [junit-4.11.jar:na]
	at org.junit.runners.ParentRunner$1.schedule(ParentRunner.java:63) [junit-4.11.jar:na]
	at org.junit.runners.ParentRunner.runChildren(ParentRunner.java:236) [junit-4.11.jar:na]
	at org.junit.runners.ParentRunner.access$000(ParentRunner.java:53) [junit-4.11.jar:na]
	at org.junit.runners.ParentRunner$2.evaluate(ParentRunner.java:229) [junit-4.11.jar:na]
	at org.springframework.test.context.junit4.statements.RunBeforeTestClassCallbacks.evaluate(RunBeforeTestClassCallbacks.java:60) [spring-test-4.1.1.RELEASE.jar:4.1.1.RELEASE]
	at org.springframework.test.context.junit4.statements.RunAfterTestClassCallbacks.evaluate(RunAfterTestClassCallbacks.java:67) [spring-test-4.1.1.RELEASE.jar:4.1.1.RELEASE]
	at org.junit.runners.ParentRunner.run(ParentRunner.java:309) [junit-4.11.jar:na]
	at org.springframework.test.context.junit4.SpringJUnit4ClassRunner.run(SpringJUnit4ClassRunner.java:162) [spring-test-4.1.1.RELEASE.jar:4.1.1.RELEASE]
	at org.apache.maven.surefire.junit4.JUnit4Provider.execute(JUnit4Provider.java:367) [surefire-junit4-2.19.1.jar:2.19.1]
	at org.apache.maven.surefire.junit4.JUnit4Provider.executeWithRerun(JUnit4Provider.java:274) [surefire-junit4-2.19.1.jar:2.19.1]
	at org.apache.maven.surefire.junit4.JUnit4Provider.executeTestSet(JUnit4Provider.java:238) [surefire-junit4-2.19.1.jar:2.19.1]
	at org.apache.maven.surefire.junit4.JUnit4Provider.invoke(JUnit4Provider.java:161) [surefire-junit4-2.19.1.jar:2.19.1]
	at org.apache.maven.surefire.booter.ForkedBooter.invokeProviderInSameClassLoader(ForkedBooter.java:290) [surefire-booter-2.19.1.jar:2.19.1]
	at org.apache.maven.surefire.booter.ForkedBooter.runSuitesInProcess(ForkedBooter.java:242) [surefire-booter-2.19.1.jar:2.19.1]
	at org.apache.maven.surefire.booter.ForkedBooter.main(ForkedBooter.java:121) [surefire-booter-2.19.1.jar:2.19.1]
22:42:08:567 | WARN  | main | o.s.t.c.TestContextManager | Caught exception while allowing TestExecutionListener [org.springframework.test.context.transaction.TransactionalTestExecutionListener@47742aae] to process 'before' execution of test method [public void com.nurkiewicz.jdbcrepository.JdbcRepositoryManualKeyTest.shouldReturnTrueWhenEntityForGivenIdExists()] for test instance [com.nurkiewicz.jdbcrepository.postgresql.JdbcRepositoryManualKeyPostgresqlTest@38a2118b]
java.net.ConnectException: Connection refused (Connection refused)
	at java.net.PlainSocketImpl.socketConnect(Native Method) ~[na:1.8.0_262]
	at java.net.AbstractPlainSocketImpl.doConnect(AbstractPlainSocketImpl.java:350) ~[na:1.8.0_262]
	at java.net.AbstractPlainSocketImpl.connectToAddress(AbstractPlainSocketImpl.java:206) ~[na:1.8.0_262]
	at java.net.AbstractPlainSocketImpl.connect(AbstractPlainSocketImpl.java:188) ~[na:1.8.0_262]
	at java.net.SocksSocketImpl.connect(SocksSocketImpl.java:392) ~[na:1.8.0_262]
	at java.net.Socket.connect(Socket.java:607) ~[na:1.8.0_262]
	at java.net.Socket.connect(Socket.java:556) ~[na:1.8.0_262]
	at com.nurkiewicz.jdbcrepository.AbstractIntegrationTest.ignoreIfDatabaseNotAvailable(AbstractIntegrationTest.java:36) ~[test-classes/:na]
	... 28 common frames omitted
Wrapped by: org.junit.internal.AssumptionViolatedException: got: <java.net.ConnectException: Connection refused (Connection refused)>, expected: null
	at org.junit.Assume.assumeThat(Assume.java:95) ~[junit-4.11.jar:na]
	at org.junit.Assume.assumeNoException(Assume.java:142) ~[junit-4.11.jar:na]
	at com.nurkiewicz.jdbcrepository.AbstractIntegrationTest.ignoreIfDatabaseNotAvailable(AbstractIntegrationTest.java:39) ~[test-classes/:na]
	at sun.reflect.GeneratedMethodAccessor21.invoke(Unknown Source) ~[na:na]
	at sun.reflect.DelegatingMethodAccessorImpl.invoke(DelegatingMethodAccessorImpl.java:43) ~[na:1.8.0_262]
	at java.lang.reflect.Method.invoke(Method.java:498) ~[na:1.8.0_262]
	at org.springframework.test.context.transaction.TransactionalTestExecutionListener.runBeforeTransactionMethods(TransactionalTestExecutionListener.java:248) ~[spring-test-4.1.1.RELEASE.jar:4.1.1.RELEASE]
	at org.springframework.test.context.transaction.TransactionalTestExecutionListener.beforeTestMethod(TransactionalTestExecutionListener.java:198) ~[spring-test-4.1.1.RELEASE.jar:4.1.1.RELEASE]
	at org.springframework.test.context.TestContextManager.beforeTestMethod(TestContextManager.java:249) ~[spring-test-4.1.1.RELEASE.jar:4.1.1.RELEASE]
	at org.springframework.test.context.junit4.statements.RunBeforeTestMethodCallbacks.evaluate(RunBeforeTestMethodCallbacks.java:71) [spring-test-4.1.1.RELEASE.jar:4.1.1.RELEASE]
	at org.springframework.test.context.junit4.statements.RunAfterTestMethodCallbacks.evaluate(RunAfterTestMethodCallbacks.java:81) [spring-test-4.1.1.RELEASE.jar:4.1.1.RELEASE]
	at org.springframework.test.context.junit4.statements.SpringRepeat.evaluate(SpringRepeat.java:72) [spring-test-4.1.1.RELEASE.jar:4.1.1.RELEASE]
	at org.junit.runners.ParentRunner.runLeaf(ParentRunner.java:271) [junit-4.11.jar:na]
	at org.springframework.test.context.junit4.SpringJUnit4ClassRunner.runChild(SpringJUnit4ClassRunner.java:216) [spring-test-4.1.1.RELEASE.jar:4.1.1.RELEASE]
	at org.springframework.test.context.junit4.SpringJUnit4ClassRunner.runChild(SpringJUnit4ClassRunner.java:82) [spring-test-4.1.1.RELEASE.jar:4.1.1.RELEASE]
	at org.junit.runners.ParentRunner$3.run(ParentRunner.java:238) [junit-4.11.jar:na]
	at org.junit.runners.ParentRunner$1.schedule(ParentRunner.java:63) [junit-4.11.jar:na]
	at org.junit.runners.ParentRunner.runChildren(ParentRunner.java:236) [junit-4.11.jar:na]
	at org.junit.runners.ParentRunner.access$000(ParentRunner.java:53) [junit-4.11.jar:na]
	at org.junit.runners.ParentRunner$2.evaluate(ParentRunner.java:229) [junit-4.11.jar:na]
	at org.springframework.test.context.junit4.statements.RunBeforeTestClassCallbacks.evaluate(RunBeforeTestClassCallbacks.java:60) [spring-test-4.1.1.RELEASE.jar:4.1.1.RELEASE]
	at org.springframework.test.context.junit4.statements.RunAfterTestClassCallbacks.evaluate(RunAfterTestClassCallbacks.java:67) [spring-test-4.1.1.RELEASE.jar:4.1.1.RELEASE]
	at org.junit.runners.ParentRunner.run(ParentRunner.java:309) [junit-4.11.jar:na]
	at org.springframework.test.context.junit4.SpringJUnit4ClassRunner.run(SpringJUnit4ClassRunner.java:162) [spring-test-4.1.1.RELEASE.jar:4.1.1.RELEASE]
	at org.apache.maven.surefire.junit4.JUnit4Provider.execute(JUnit4Provider.java:367) [surefire-junit4-2.19.1.jar:2.19.1]
	at org.apache.maven.surefire.junit4.JUnit4Provider.executeWithRerun(JUnit4Provider.java:274) [surefire-junit4-2.19.1.jar:2.19.1]
	at org.apache.maven.surefire.junit4.JUnit4Provider.executeTestSet(JUnit4Provider.java:238) [surefire-junit4-2.19.1.jar:2.19.1]
	at org.apache.maven.surefire.junit4.JUnit4Provider.invoke(JUnit4Provider.java:161) [surefire-junit4-2.19.1.jar:2.19.1]
	at org.apache.maven.surefire.booter.ForkedBooter.invokeProviderInSameClassLoader(ForkedBooter.java:290) [surefire-booter-2.19.1.jar:2.19.1]
	at org.apache.maven.surefire.booter.ForkedBooter.runSuitesInProcess(ForkedBooter.java:242) [surefire-booter-2.19.1.jar:2.19.1]
	at org.apache.maven.surefire.booter.ForkedBooter.main(ForkedBooter.java:121) [surefire-booter-2.19.1.jar:2.19.1]
]]></system-out>
  </testcase>
  <testcase name="shouldReturnEmptyListWhenFindAllCalledWithoutPaging" classname="com.nurkiewicz.jdbcrepository.postgresql.JdbcRepositoryManualKeyPostgresqlTest" time="0">
    <skipped/>
    <system-out><![CDATA[22:42:08:570 | ERROR | main | o.s.t.c.t.TransactionalTestExecutionListener | Exception encountered while executing @BeforeTransaction methods for test context [DefaultTestContext@7a7ae0e1 testClass = JdbcRepositoryManualKeyPostgresqlTest, testInstance = com.nurkiewicz.jdbcrepository.postgresql.JdbcRepositoryManualKeyPostgresqlTest@19edcb8e, testMethod = shouldReturnEmptyListWhenFindAllCalledWithoutPaging@JdbcRepositoryManualKeyTest, testException = [null], mergedContextConfiguration = [MergedContextConfiguration@5f9b21a1 testClass = JdbcRepositoryManualKeyPostgresqlTest, locations = '{}', classes = '{class com.nurkiewicz.jdbcrepository.postgresql.JdbcRepositoryTestPostgresqlConfig}', contextInitializerClasses = '[]', activeProfiles = '{}', propertySourceLocations = '{}', propertySourceProperties = '{}', contextLoader = 'org.springframework.test.context.support.AnnotationConfigContextLoader', parent = [null]]].
java.net.ConnectException: Connection refused (Connection refused)
	at java.net.PlainSocketImpl.socketConnect(Native Method) ~[na:1.8.0_262]
	at java.net.AbstractPlainSocketImpl.doConnect(AbstractPlainSocketImpl.java:350) ~[na:1.8.0_262]
	at java.net.AbstractPlainSocketImpl.connectToAddress(AbstractPlainSocketImpl.java:206) ~[na:1.8.0_262]
	at java.net.AbstractPlainSocketImpl.connect(AbstractPlainSocketImpl.java:188) ~[na:1.8.0_262]
	at java.net.SocksSocketImpl.connect(SocksSocketImpl.java:392) ~[na:1.8.0_262]
	at java.net.Socket.connect(Socket.java:607) ~[na:1.8.0_262]
	at java.net.Socket.connect(Socket.java:556) ~[na:1.8.0_262]
	at com.nurkiewicz.jdbcrepository.AbstractIntegrationTest.ignoreIfDatabaseNotAvailable(AbstractIntegrationTest.java:36) ~[test-classes/:na]
	... 28 common frames omitted
Wrapped by: org.junit.internal.AssumptionViolatedException: got: <java.net.ConnectException: Connection refused (Connection refused)>, expected: null
	at org.junit.Assume.assumeThat(Assume.java:95) ~[junit-4.11.jar:na]
	at org.junit.Assume.assumeNoException(Assume.java:142) ~[junit-4.11.jar:na]
	at com.nurkiewicz.jdbcrepository.AbstractIntegrationTest.ignoreIfDatabaseNotAvailable(AbstractIntegrationTest.java:39) ~[test-classes/:na]
	at sun.reflect.GeneratedMethodAccessor21.invoke(Unknown Source) ~[na:na]
	at sun.reflect.DelegatingMethodAccessorImpl.invoke(DelegatingMethodAccessorImpl.java:43) ~[na:1.8.0_262]
	at java.lang.reflect.Method.invoke(Method.java:498) ~[na:1.8.0_262]
	at org.springframework.test.context.transaction.TransactionalTestExecutionListener.runBeforeTransactionMethods(TransactionalTestExecutionListener.java:248) [spring-test-4.1.1.RELEASE.jar:4.1.1.RELEASE]
	at org.springframework.test.context.transaction.TransactionalTestExecutionListener.beforeTestMethod(TransactionalTestExecutionListener.java:198) [spring-test-4.1.1.RELEASE.jar:4.1.1.RELEASE]
	at org.springframework.test.context.TestContextManager.beforeTestMethod(TestContextManager.java:249) [spring-test-4.1.1.RELEASE.jar:4.1.1.RELEASE]
	at org.springframework.test.context.junit4.statements.RunBeforeTestMethodCallbacks.evaluate(RunBeforeTestMethodCallbacks.java:71) [spring-test-4.1.1.RELEASE.jar:4.1.1.RELEASE]
	at org.springframework.test.context.junit4.statements.RunAfterTestMethodCallbacks.evaluate(RunAfterTestMethodCallbacks.java:81) [spring-test-4.1.1.RELEASE.jar:4.1.1.RELEASE]
	at org.springframework.test.context.junit4.statements.SpringRepeat.evaluate(SpringRepeat.java:72) [spring-test-4.1.1.RELEASE.jar:4.1.1.RELEASE]
	at org.junit.runners.ParentRunner.runLeaf(ParentRunner.java:271) [junit-4.11.jar:na]
	at org.springframework.test.context.junit4.SpringJUnit4ClassRunner.runChild(SpringJUnit4ClassRunner.java:216) [spring-test-4.1.1.RELEASE.jar:4.1.1.RELEASE]
	at org.springframework.test.context.junit4.SpringJUnit4ClassRunner.runChild(SpringJUnit4ClassRunner.java:82) [spring-test-4.1.1.RELEASE.jar:4.1.1.RELEASE]
	at org.junit.runners.ParentRunner$3.run(ParentRunner.java:238) [junit-4.11.jar:na]
	at org.junit.runners.ParentRunner$1.schedule(ParentRunner.java:63) [junit-4.11.jar:na]
	at org.junit.runners.ParentRunner.runChildren(ParentRunner.java:236) [junit-4.11.jar:na]
	at org.junit.runners.ParentRunner.access$000(ParentRunner.java:53) [junit-4.11.jar:na]
	at org.junit.runners.ParentRunner$2.evaluate(ParentRunner.java:229) [junit-4.11.jar:na]
	at org.springframework.test.context.junit4.statements.RunBeforeTestClassCallbacks.evaluate(RunBeforeTestClassCallbacks.java:60) [spring-test-4.1.1.RELEASE.jar:4.1.1.RELEASE]
	at org.springframework.test.context.junit4.statements.RunAfterTestClassCallbacks.evaluate(RunAfterTestClassCallbacks.java:67) [spring-test-4.1.1.RELEASE.jar:4.1.1.RELEASE]
	at org.junit.runners.ParentRunner.run(ParentRunner.java:309) [junit-4.11.jar:na]
	at org.springframework.test.context.junit4.SpringJUnit4ClassRunner.run(SpringJUnit4ClassRunner.java:162) [spring-test-4.1.1.RELEASE.jar:4.1.1.RELEASE]
	at org.apache.maven.surefire.junit4.JUnit4Provider.execute(JUnit4Provider.java:367) [surefire-junit4-2.19.1.jar:2.19.1]
	at org.apache.maven.surefire.junit4.JUnit4Provider.executeWithRerun(JUnit4Provider.java:274) [surefire-junit4-2.19.1.jar:2.19.1]
	at org.apache.maven.surefire.junit4.JUnit4Provider.executeTestSet(JUnit4Provider.java:238) [surefire-junit4-2.19.1.jar:2.19.1]
	at org.apache.maven.surefire.junit4.JUnit4Provider.invoke(JUnit4Provider.java:161) [surefire-junit4-2.19.1.jar:2.19.1]
	at org.apache.maven.surefire.booter.ForkedBooter.invokeProviderInSameClassLoader(ForkedBooter.java:290) [surefire-booter-2.19.1.jar:2.19.1]
	at org.apache.maven.surefire.booter.ForkedBooter.runSuitesInProcess(ForkedBooter.java:242) [surefire-booter-2.19.1.jar:2.19.1]
	at org.apache.maven.surefire.booter.ForkedBooter.main(ForkedBooter.java:121) [surefire-booter-2.19.1.jar:2.19.1]
22:42:08:571 | WARN  | main | o.s.t.c.TestContextManager | Caught exception while allowing TestExecutionListener [org.springframework.test.context.transaction.TransactionalTestExecutionListener@47742aae] to process 'before' execution of test method [public void com.nurkiewicz.jdbcrepository.JdbcRepositoryManualKeyTest.shouldReturnEmptyListWhenFindAllCalledWithoutPaging() throws java.lang.Exception] for test instance [com.nurkiewicz.jdbcrepository.postgresql.JdbcRepositoryManualKeyPostgresqlTest@19edcb8e]
java.net.ConnectException: Connection refused (Connection refused)
	at java.net.PlainSocketImpl.socketConnect(Native Method) ~[na:1.8.0_262]
	at java.net.AbstractPlainSocketImpl.doConnect(AbstractPlainSocketImpl.java:350) ~[na:1.8.0_262]
	at java.net.AbstractPlainSocketImpl.connectToAddress(AbstractPlainSocketImpl.java:206) ~[na:1.8.0_262]
	at java.net.AbstractPlainSocketImpl.connect(AbstractPlainSocketImpl.java:188) ~[na:1.8.0_262]
	at java.net.SocksSocketImpl.connect(SocksSocketImpl.java:392) ~[na:1.8.0_262]
	at java.net.Socket.connect(Socket.java:607) ~[na:1.8.0_262]
	at java.net.Socket.connect(Socket.java:556) ~[na:1.8.0_262]
	at com.nurkiewicz.jdbcrepository.AbstractIntegrationTest.ignoreIfDatabaseNotAvailable(AbstractIntegrationTest.java:36) ~[test-classes/:na]
	... 28 common frames omitted
Wrapped by: org.junit.internal.AssumptionViolatedException: got: <java.net.ConnectException: Connection refused (Connection refused)>, expected: null
	at org.junit.Assume.assumeThat(Assume.java:95) ~[junit-4.11.jar:na]
	at org.junit.Assume.assumeNoException(Assume.java:142) ~[junit-4.11.jar:na]
	at com.nurkiewicz.jdbcrepository.AbstractIntegrationTest.ignoreIfDatabaseNotAvailable(AbstractIntegrationTest.java:39) ~[test-classes/:na]
	at sun.reflect.GeneratedMethodAccessor21.invoke(Unknown Source) ~[na:na]
	at sun.reflect.DelegatingMethodAccessorImpl.invoke(DelegatingMethodAccessorImpl.java:43) ~[na:1.8.0_262]
	at java.lang.reflect.Method.invoke(Method.java:498) ~[na:1.8.0_262]
	at org.springframework.test.context.transaction.TransactionalTestExecutionListener.runBeforeTransactionMethods(TransactionalTestExecutionListener.java:248) ~[spring-test-4.1.1.RELEASE.jar:4.1.1.RELEASE]
	at org.springframework.test.context.transaction.TransactionalTestExecutionListener.beforeTestMethod(TransactionalTestExecutionListener.java:198) ~[spring-test-4.1.1.RELEASE.jar:4.1.1.RELEASE]
	at org.springframework.test.context.TestContextManager.beforeTestMethod(TestContextManager.java:249) ~[spring-test-4.1.1.RELEASE.jar:4.1.1.RELEASE]
	at org.springframework.test.context.junit4.statements.RunBeforeTestMethodCallbacks.evaluate(RunBeforeTestMethodCallbacks.java:71) [spring-test-4.1.1.RELEASE.jar:4.1.1.RELEASE]
	at org.springframework.test.context.junit4.statements.RunAfterTestMethodCallbacks.evaluate(RunAfterTestMethodCallbacks.java:81) [spring-test-4.1.1.RELEASE.jar:4.1.1.RELEASE]
	at org.springframework.test.context.junit4.statements.SpringRepeat.evaluate(SpringRepeat.java:72) [spring-test-4.1.1.RELEASE.jar:4.1.1.RELEASE]
	at org.junit.runners.ParentRunner.runLeaf(ParentRunner.java:271) [junit-4.11.jar:na]
	at org.springframework.test.context.junit4.SpringJUnit4ClassRunner.runChild(SpringJUnit4ClassRunner.java:216) [spring-test-4.1.1.RELEASE.jar:4.1.1.RELEASE]
	at org.springframework.test.context.junit4.SpringJUnit4ClassRunner.runChild(SpringJUnit4ClassRunner.java:82) [spring-test-4.1.1.RELEASE.jar:4.1.1.RELEASE]
	at org.junit.runners.ParentRunner$3.run(ParentRunner.java:238) [junit-4.11.jar:na]
	at org.junit.runners.ParentRunner$1.schedule(ParentRunner.java:63) [junit-4.11.jar:na]
	at org.junit.runners.ParentRunner.runChildren(ParentRunner.java:236) [junit-4.11.jar:na]
	at org.junit.runners.ParentRunner.access$000(ParentRunner.java:53) [junit-4.11.jar:na]
	at org.junit.runners.ParentRunner$2.evaluate(ParentRunner.java:229) [junit-4.11.jar:na]
	at org.springframework.test.context.junit4.statements.RunBeforeTestClassCallbacks.evaluate(RunBeforeTestClassCallbacks.java:60) [spring-test-4.1.1.RELEASE.jar:4.1.1.RELEASE]
	at org.springframework.test.context.junit4.statements.RunAfterTestClassCallbacks.evaluate(RunAfterTestClassCallbacks.java:67) [spring-test-4.1.1.RELEASE.jar:4.1.1.RELEASE]
	at org.junit.runners.ParentRunner.run(ParentRunner.java:309) [junit-4.11.jar:na]
	at org.springframework.test.context.junit4.SpringJUnit4ClassRunner.run(SpringJUnit4ClassRunner.java:162) [spring-test-4.1.1.RELEASE.jar:4.1.1.RELEASE]
	at org.apache.maven.surefire.junit4.JUnit4Provider.execute(JUnit4Provider.java:367) [surefire-junit4-2.19.1.jar:2.19.1]
	at org.apache.maven.surefire.junit4.JUnit4Provider.executeWithRerun(JUnit4Provider.java:274) [surefire-junit4-2.19.1.jar:2.19.1]
	at org.apache.maven.surefire.junit4.JUnit4Provider.executeTestSet(JUnit4Provider.java:238) [surefire-junit4-2.19.1.jar:2.19.1]
	at org.apache.maven.surefire.junit4.JUnit4Provider.invoke(JUnit4Provider.java:161) [surefire-junit4-2.19.1.jar:2.19.1]
	at org.apache.maven.surefire.booter.ForkedBooter.invokeProviderInSameClassLoader(ForkedBooter.java:290) [surefire-booter-2.19.1.jar:2.19.1]
	at org.apache.maven.surefire.booter.ForkedBooter.runSuitesInProcess(ForkedBooter.java:242) [surefire-booter-2.19.1.jar:2.19.1]
	at org.apache.maven.surefire.booter.ForkedBooter.main(ForkedBooter.java:121) [surefire-booter-2.19.1.jar:2.19.1]
]]></system-out>
  </testcase>
  <testcase name="shouldReturnOneRecordById" classname="com.nurkiewicz.jdbcrepository.postgresql.JdbcRepositoryManualKeyPostgresqlTest" time="0">
    <skipped/>
    <system-out><![CDATA[22:42:08:573 | ERROR | main | o.s.t.c.t.TransactionalTestExecutionListener | Exception encountered while executing @BeforeTransaction methods for test context [DefaultTestContext@7a7ae0e1 testClass = JdbcRepositoryManualKeyPostgresqlTest, testInstance = com.nurkiewicz.jdbcrepository.postgresql.JdbcRepositoryManualKeyPostgresqlTest@666b7ebe, testMethod = shouldReturnOneRecordById@JdbcRepositoryManualKeyTest, testException = [null], mergedContextConfiguration = [MergedContextConfiguration@5f9b21a1 testClass = JdbcRepositoryManualKeyPostgresqlTest, locations = '{}', classes = '{class com.nurkiewicz.jdbcrepository.postgresql.JdbcRepositoryTestPostgresqlConfig}', contextInitializerClasses = '[]', activeProfiles = '{}', propertySourceLocations = '{}', propertySourceProperties = '{}', contextLoader = 'org.springframework.test.context.support.AnnotationConfigContextLoader', parent = [null]]].
java.net.ConnectException: Connection refused (Connection refused)
	at java.net.PlainSocketImpl.socketConnect(Native Method) ~[na:1.8.0_262]
	at java.net.AbstractPlainSocketImpl.doConnect(AbstractPlainSocketImpl.java:350) ~[na:1.8.0_262]
	at java.net.AbstractPlainSocketImpl.connectToAddress(AbstractPlainSocketImpl.java:206) ~[na:1.8.0_262]
	at java.net.AbstractPlainSocketImpl.connect(AbstractPlainSocketImpl.java:188) ~[na:1.8.0_262]
	at java.net.SocksSocketImpl.connect(SocksSocketImpl.java:392) ~[na:1.8.0_262]
	at java.net.Socket.connect(Socket.java:607) ~[na:1.8.0_262]
	at java.net.Socket.connect(Socket.java:556) ~[na:1.8.0_262]
	at com.nurkiewicz.jdbcrepository.AbstractIntegrationTest.ignoreIfDatabaseNotAvailable(AbstractIntegrationTest.java:36) ~[test-classes/:na]
	... 28 common frames omitted
Wrapped by: org.junit.internal.AssumptionViolatedException: got: <java.net.ConnectException: Connection refused (Connection refused)>, expected: null
	at org.junit.Assume.assumeThat(Assume.java:95) ~[junit-4.11.jar:na]
	at org.junit.Assume.assumeNoException(Assume.java:142) ~[junit-4.11.jar:na]
	at com.nurkiewicz.jdbcrepository.AbstractIntegrationTest.ignoreIfDatabaseNotAvailable(AbstractIntegrationTest.java:39) ~[test-classes/:na]
	at sun.reflect.GeneratedMethodAccessor21.invoke(Unknown Source) ~[na:na]
	at sun.reflect.DelegatingMethodAccessorImpl.invoke(DelegatingMethodAccessorImpl.java:43) ~[na:1.8.0_262]
	at java.lang.reflect.Method.invoke(Method.java:498) ~[na:1.8.0_262]
	at org.springframework.test.context.transaction.TransactionalTestExecutionListener.runBeforeTransactionMethods(TransactionalTestExecutionListener.java:248) [spring-test-4.1.1.RELEASE.jar:4.1.1.RELEASE]
	at org.springframework.test.context.transaction.TransactionalTestExecutionListener.beforeTestMethod(TransactionalTestExecutionListener.java:198) [spring-test-4.1.1.RELEASE.jar:4.1.1.RELEASE]
	at org.springframework.test.context.TestContextManager.beforeTestMethod(TestContextManager.java:249) [spring-test-4.1.1.RELEASE.jar:4.1.1.RELEASE]
	at org.springframework.test.context.junit4.statements.RunBeforeTestMethodCallbacks.evaluate(RunBeforeTestMethodCallbacks.java:71) [spring-test-4.1.1.RELEASE.jar:4.1.1.RELEASE]
	at org.springframework.test.context.junit4.statements.RunAfterTestMethodCallbacks.evaluate(RunAfterTestMethodCallbacks.java:81) [spring-test-4.1.1.RELEASE.jar:4.1.1.RELEASE]
	at org.springframework.test.context.junit4.statements.SpringRepeat.evaluate(SpringRepeat.java:72) [spring-test-4.1.1.RELEASE.jar:4.1.1.RELEASE]
	at org.junit.runners.ParentRunner.runLeaf(ParentRunner.java:271) [junit-4.11.jar:na]
	at org.springframework.test.context.junit4.SpringJUnit4ClassRunner.runChild(SpringJUnit4ClassRunner.java:216) [spring-test-4.1.1.RELEASE.jar:4.1.1.RELEASE]
	at org.springframework.test.context.junit4.SpringJUnit4ClassRunner.runChild(SpringJUnit4ClassRunner.java:82) [spring-test-4.1.1.RELEASE.jar:4.1.1.RELEASE]
	at org.junit.runners.ParentRunner$3.run(ParentRunner.java:238) [junit-4.11.jar:na]
	at org.junit.runners.ParentRunner$1.schedule(ParentRunner.java:63) [junit-4.11.jar:na]
	at org.junit.runners.ParentRunner.runChildren(ParentRunner.java:236) [junit-4.11.jar:na]
	at org.junit.runners.ParentRunner.access$000(ParentRunner.java:53) [junit-4.11.jar:na]
	at org.junit.runners.ParentRunner$2.evaluate(ParentRunner.java:229) [junit-4.11.jar:na]
	at org.springframework.test.context.junit4.statements.RunBeforeTestClassCallbacks.evaluate(RunBeforeTestClassCallbacks.java:60) [spring-test-4.1.1.RELEASE.jar:4.1.1.RELEASE]
	at org.springframework.test.context.junit4.statements.RunAfterTestClassCallbacks.evaluate(RunAfterTestClassCallbacks.java:67) [spring-test-4.1.1.RELEASE.jar:4.1.1.RELEASE]
	at org.junit.runners.ParentRunner.run(ParentRunner.java:309) [junit-4.11.jar:na]
	at org.springframework.test.context.junit4.SpringJUnit4ClassRunner.run(SpringJUnit4ClassRunner.java:162) [spring-test-4.1.1.RELEASE.jar:4.1.1.RELEASE]
	at org.apache.maven.surefire.junit4.JUnit4Provider.execute(JUnit4Provider.java:367) [surefire-junit4-2.19.1.jar:2.19.1]
	at org.apache.maven.surefire.junit4.JUnit4Provider.executeWithRerun(JUnit4Provider.java:274) [surefire-junit4-2.19.1.jar:2.19.1]
	at org.apache.maven.surefire.junit4.JUnit4Provider.executeTestSet(JUnit4Provider.java:238) [surefire-junit4-2.19.1.jar:2.19.1]
	at org.apache.maven.surefire.junit4.JUnit4Provider.invoke(JUnit4Provider.java:161) [surefire-junit4-2.19.1.jar:2.19.1]
	at org.apache.maven.surefire.booter.ForkedBooter.invokeProviderInSameClassLoader(ForkedBooter.java:290) [surefire-booter-2.19.1.jar:2.19.1]
	at org.apache.maven.surefire.booter.ForkedBooter.runSuitesInProcess(ForkedBooter.java:242) [surefire-booter-2.19.1.jar:2.19.1]
	at org.apache.maven.surefire.booter.ForkedBooter.main(ForkedBooter.java:121) [surefire-booter-2.19.1.jar:2.19.1]
22:42:08:574 | WARN  | main | o.s.t.c.TestContextManager | Caught exception while allowing TestExecutionListener [org.springframework.test.context.transaction.TransactionalTestExecutionListener@47742aae] to process 'before' execution of test method [public void com.nurkiewicz.jdbcrepository.JdbcRepositoryManualKeyTest.shouldReturnOneRecordById()] for test instance [com.nurkiewicz.jdbcrepository.postgresql.JdbcRepositoryManualKeyPostgresqlTest@666b7ebe]
java.net.ConnectException: Connection refused (Connection refused)
	at java.net.PlainSocketImpl.socketConnect(Native Method) ~[na:1.8.0_262]
	at java.net.AbstractPlainSocketImpl.doConnect(AbstractPlainSocketImpl.java:350) ~[na:1.8.0_262]
	at java.net.AbstractPlainSocketImpl.connectToAddress(AbstractPlainSocketImpl.java:206) ~[na:1.8.0_262]
	at java.net.AbstractPlainSocketImpl.connect(AbstractPlainSocketImpl.java:188) ~[na:1.8.0_262]
	at java.net.SocksSocketImpl.connect(SocksSocketImpl.java:392) ~[na:1.8.0_262]
	at java.net.Socket.connect(Socket.java:607) ~[na:1.8.0_262]
	at java.net.Socket.connect(Socket.java:556) ~[na:1.8.0_262]
	at com.nurkiewicz.jdbcrepository.AbstractIntegrationTest.ignoreIfDatabaseNotAvailable(AbstractIntegrationTest.java:36) ~[test-classes/:na]
	... 28 common frames omitted
Wrapped by: org.junit.internal.AssumptionViolatedException: got: <java.net.ConnectException: Connection refused (Connection refused)>, expected: null
	at org.junit.Assume.assumeThat(Assume.java:95) ~[junit-4.11.jar:na]
	at org.junit.Assume.assumeNoException(Assume.java:142) ~[junit-4.11.jar:na]
	at com.nurkiewicz.jdbcrepository.AbstractIntegrationTest.ignoreIfDatabaseNotAvailable(AbstractIntegrationTest.java:39) ~[test-classes/:na]
	at sun.reflect.GeneratedMethodAccessor21.invoke(Unknown Source) ~[na:na]
	at sun.reflect.DelegatingMethodAccessorImpl.invoke(DelegatingMethodAccessorImpl.java:43) ~[na:1.8.0_262]
	at java.lang.reflect.Method.invoke(Method.java:498) ~[na:1.8.0_262]
	at org.springframework.test.context.transaction.TransactionalTestExecutionListener.runBeforeTransactionMethods(TransactionalTestExecutionListener.java:248) ~[spring-test-4.1.1.RELEASE.jar:4.1.1.RELEASE]
	at org.springframework.test.context.transaction.TransactionalTestExecutionListener.beforeTestMethod(TransactionalTestExecutionListener.java:198) ~[spring-test-4.1.1.RELEASE.jar:4.1.1.RELEASE]
	at org.springframework.test.context.TestContextManager.beforeTestMethod(TestContextManager.java:249) ~[spring-test-4.1.1.RELEASE.jar:4.1.1.RELEASE]
	at org.springframework.test.context.junit4.statements.RunBeforeTestMethodCallbacks.evaluate(RunBeforeTestMethodCallbacks.java:71) [spring-test-4.1.1.RELEASE.jar:4.1.1.RELEASE]
	at org.springframework.test.context.junit4.statements.RunAfterTestMethodCallbacks.evaluate(RunAfterTestMethodCallbacks.java:81) [spring-test-4.1.1.RELEASE.jar:4.1.1.RELEASE]
	at org.springframework.test.context.junit4.statements.SpringRepeat.evaluate(SpringRepeat.java:72) [spring-test-4.1.1.RELEASE.jar:4.1.1.RELEASE]
	at org.junit.runners.ParentRunner.runLeaf(ParentRunner.java:271) [junit-4.11.jar:na]
	at org.springframework.test.context.junit4.SpringJUnit4ClassRunner.runChild(SpringJUnit4ClassRunner.java:216) [spring-test-4.1.1.RELEASE.jar:4.1.1.RELEASE]
	at org.springframework.test.context.junit4.SpringJUnit4ClassRunner.runChild(SpringJUnit4ClassRunner.java:82) [spring-test-4.1.1.RELEASE.jar:4.1.1.RELEASE]
	at org.junit.runners.ParentRunner$3.run(ParentRunner.java:238) [junit-4.11.jar:na]
	at org.junit.runners.ParentRunner$1.schedule(ParentRunner.java:63) [junit-4.11.jar:na]
	at org.junit.runners.ParentRunner.runChildren(ParentRunner.java:236) [junit-4.11.jar:na]
	at org.junit.runners.ParentRunner.access$000(ParentRunner.java:53) [junit-4.11.jar:na]
	at org.junit.runners.ParentRunner$2.evaluate(ParentRunner.java:229) [junit-4.11.jar:na]
	at org.springframework.test.context.junit4.statements.RunBeforeTestClassCallbacks.evaluate(RunBeforeTestClassCallbacks.java:60) [spring-test-4.1.1.RELEASE.jar:4.1.1.RELEASE]
	at org.springframework.test.context.junit4.statements.RunAfterTestClassCallbacks.evaluate(RunAfterTestClassCallbacks.java:67) [spring-test-4.1.1.RELEASE.jar:4.1.1.RELEASE]
	at org.junit.runners.ParentRunner.run(ParentRunner.java:309) [junit-4.11.jar:na]
	at org.springframework.test.context.junit4.SpringJUnit4ClassRunner.run(SpringJUnit4ClassRunner.java:162) [spring-test-4.1.1.RELEASE.jar:4.1.1.RELEASE]
	at org.apache.maven.surefire.junit4.JUnit4Provider.execute(JUnit4Provider.java:367) [surefire-junit4-2.19.1.jar:2.19.1]
	at org.apache.maven.surefire.junit4.JUnit4Provider.executeWithRerun(JUnit4Provider.java:274) [surefire-junit4-2.19.1.jar:2.19.1]
	at org.apache.maven.surefire.junit4.JUnit4Provider.executeTestSet(JUnit4Provider.java:238) [surefire-junit4-2.19.1.jar:2.19.1]
	at org.apache.maven.surefire.junit4.JUnit4Provider.invoke(JUnit4Provider.java:161) [surefire-junit4-2.19.1.jar:2.19.1]
	at org.apache.maven.surefire.booter.ForkedBooter.invokeProviderInSameClassLoader(ForkedBooter.java:290) [surefire-booter-2.19.1.jar:2.19.1]
	at org.apache.maven.surefire.booter.ForkedBooter.runSuitesInProcess(ForkedBooter.java:242) [surefire-booter-2.19.1.jar:2.19.1]
	at org.apache.maven.surefire.booter.ForkedBooter.main(ForkedBooter.java:121) [surefire-booter-2.19.1.jar:2.19.1]
]]></system-out>
  </testcase>
  <testcase name="shouldReturnEmptyListWhenFindAllCalledWithoutPagingButWithSortingOnMultipleProperties" classname="com.nurkiewicz.jdbcrepository.postgresql.JdbcRepositoryManualKeyPostgresqlTest" time="0">
    <skipped/>
    <system-out><![CDATA[22:42:08:576 | ERROR | main | o.s.t.c.t.TransactionalTestExecutionListener | Exception encountered while executing @BeforeTransaction methods for test context [DefaultTestContext@7a7ae0e1 testClass = JdbcRepositoryManualKeyPostgresqlTest, testInstance = com.nurkiewicz.jdbcrepository.postgresql.JdbcRepositoryManualKeyPostgresqlTest@38d5f5d5, testMethod = shouldReturnEmptyListWhenFindAllCalledWithoutPagingButWithSortingOnMultipleProperties@JdbcRepositoryManualKeyTest, testException = [null], mergedContextConfiguration = [MergedContextConfiguration@5f9b21a1 testClass = JdbcRepositoryManualKeyPostgresqlTest, locations = '{}', classes = '{class com.nurkiewicz.jdbcrepository.postgresql.JdbcRepositoryTestPostgresqlConfig}', contextInitializerClasses = '[]', activeProfiles = '{}', propertySourceLocations = '{}', propertySourceProperties = '{}', contextLoader = 'org.springframework.test.context.support.AnnotationConfigContextLoader', parent = [null]]].
java.net.ConnectException: Connection refused (Connection refused)
	at java.net.PlainSocketImpl.socketConnect(Native Method) ~[na:1.8.0_262]
	at java.net.AbstractPlainSocketImpl.doConnect(AbstractPlainSocketImpl.java:350) ~[na:1.8.0_262]
	at java.net.AbstractPlainSocketImpl.connectToAddress(AbstractPlainSocketImpl.java:206) ~[na:1.8.0_262]
	at java.net.AbstractPlainSocketImpl.connect(AbstractPlainSocketImpl.java:188) ~[na:1.8.0_262]
	at java.net.SocksSocketImpl.connect(SocksSocketImpl.java:392) ~[na:1.8.0_262]
	at java.net.Socket.connect(Socket.java:607) ~[na:1.8.0_262]
	at java.net.Socket.connect(Socket.java:556) ~[na:1.8.0_262]
	at com.nurkiewicz.jdbcrepository.AbstractIntegrationTest.ignoreIfDatabaseNotAvailable(AbstractIntegrationTest.java:36) ~[test-classes/:na]
	... 28 common frames omitted
Wrapped by: org.junit.internal.AssumptionViolatedException: got: <java.net.ConnectException: Connection refused (Connection refused)>, expected: null
	at org.junit.Assume.assumeThat(Assume.java:95) ~[junit-4.11.jar:na]
	at org.junit.Assume.assumeNoException(Assume.java:142) ~[junit-4.11.jar:na]
	at com.nurkiewicz.jdbcrepository.AbstractIntegrationTest.ignoreIfDatabaseNotAvailable(AbstractIntegrationTest.java:39) ~[test-classes/:na]
	at sun.reflect.GeneratedMethodAccessor21.invoke(Unknown Source) ~[na:na]
	at sun.reflect.DelegatingMethodAccessorImpl.invoke(DelegatingMethodAccessorImpl.java:43) ~[na:1.8.0_262]
	at java.lang.reflect.Method.invoke(Method.java:498) ~[na:1.8.0_262]
	at org.springframework.test.context.transaction.TransactionalTestExecutionListener.runBeforeTransactionMethods(TransactionalTestExecutionListener.java:248) [spring-test-4.1.1.RELEASE.jar:4.1.1.RELEASE]
	at org.springframework.test.context.transaction.TransactionalTestExecutionListener.beforeTestMethod(TransactionalTestExecutionListener.java:198) [spring-test-4.1.1.RELEASE.jar:4.1.1.RELEASE]
	at org.springframework.test.context.TestContextManager.beforeTestMethod(TestContextManager.java:249) [spring-test-4.1.1.RELEASE.jar:4.1.1.RELEASE]
	at org.springframework.test.context.junit4.statements.RunBeforeTestMethodCallbacks.evaluate(RunBeforeTestMethodCallbacks.java:71) [spring-test-4.1.1.RELEASE.jar:4.1.1.RELEASE]
	at org.springframework.test.context.junit4.statements.RunAfterTestMethodCallbacks.evaluate(RunAfterTestMethodCallbacks.java:81) [spring-test-4.1.1.RELEASE.jar:4.1.1.RELEASE]
	at org.springframework.test.context.junit4.statements.SpringRepeat.evaluate(SpringRepeat.java:72) [spring-test-4.1.1.RELEASE.jar:4.1.1.RELEASE]
	at org.junit.runners.ParentRunner.runLeaf(ParentRunner.java:271) [junit-4.11.jar:na]
	at org.springframework.test.context.junit4.SpringJUnit4ClassRunner.runChild(SpringJUnit4ClassRunner.java:216) [spring-test-4.1.1.RELEASE.jar:4.1.1.RELEASE]
	at org.springframework.test.context.junit4.SpringJUnit4ClassRunner.runChild(SpringJUnit4ClassRunner.java:82) [spring-test-4.1.1.RELEASE.jar:4.1.1.RELEASE]
	at org.junit.runners.ParentRunner$3.run(ParentRunner.java:238) [junit-4.11.jar:na]
	at org.junit.runners.ParentRunner$1.schedule(ParentRunner.java:63) [junit-4.11.jar:na]
	at org.junit.runners.ParentRunner.runChildren(ParentRunner.java:236) [junit-4.11.jar:na]
	at org.junit.runners.ParentRunner.access$000(ParentRunner.java:53) [junit-4.11.jar:na]
	at org.junit.runners.ParentRunner$2.evaluate(ParentRunner.java:229) [junit-4.11.jar:na]
	at org.springframework.test.context.junit4.statements.RunBeforeTestClassCallbacks.evaluate(RunBeforeTestClassCallbacks.java:60) [spring-test-4.1.1.RELEASE.jar:4.1.1.RELEASE]
	at org.springframework.test.context.junit4.statements.RunAfterTestClassCallbacks.evaluate(RunAfterTestClassCallbacks.java:67) [spring-test-4.1.1.RELEASE.jar:4.1.1.RELEASE]
	at org.junit.runners.ParentRunner.run(ParentRunner.java:309) [junit-4.11.jar:na]
	at org.springframework.test.context.junit4.SpringJUnit4ClassRunner.run(SpringJUnit4ClassRunner.java:162) [spring-test-4.1.1.RELEASE.jar:4.1.1.RELEASE]
	at org.apache.maven.surefire.junit4.JUnit4Provider.execute(JUnit4Provider.java:367) [surefire-junit4-2.19.1.jar:2.19.1]
	at org.apache.maven.surefire.junit4.JUnit4Provider.executeWithRerun(JUnit4Provider.java:274) [surefire-junit4-2.19.1.jar:2.19.1]
	at org.apache.maven.surefire.junit4.JUnit4Provider.executeTestSet(JUnit4Provider.java:238) [surefire-junit4-2.19.1.jar:2.19.1]
	at org.apache.maven.surefire.junit4.JUnit4Provider.invoke(JUnit4Provider.java:161) [surefire-junit4-2.19.1.jar:2.19.1]
	at org.apache.maven.surefire.booter.ForkedBooter.invokeProviderInSameClassLoader(ForkedBooter.java:290) [surefire-booter-2.19.1.jar:2.19.1]
	at org.apache.maven.surefire.booter.ForkedBooter.runSuitesInProcess(ForkedBooter.java:242) [surefire-booter-2.19.1.jar:2.19.1]
	at org.apache.maven.surefire.booter.ForkedBooter.main(ForkedBooter.java:121) [surefire-booter-2.19.1.jar:2.19.1]
22:42:08:577 | WARN  | main | o.s.t.c.TestContextManager | Caught exception while allowing TestExecutionListener [org.springframework.test.context.transaction.TransactionalTestExecutionListener@47742aae] to process 'before' execution of test method [public void com.nurkiewicz.jdbcrepository.JdbcRepositoryManualKeyTest.shouldReturnEmptyListWhenFindAllCalledWithoutPagingButWithSortingOnMultipleProperties() throws java.lang.Exception] for test instance [com.nurkiewicz.jdbcrepository.postgresql.JdbcRepositoryManualKeyPostgresqlTest@38d5f5d5]
java.net.ConnectException: Connection refused (Connection refused)
	at java.net.PlainSocketImpl.socketConnect(Native Method) ~[na:1.8.0_262]
	at java.net.AbstractPlainSocketImpl.doConnect(AbstractPlainSocketImpl.java:350) ~[na:1.8.0_262]
	at java.net.AbstractPlainSocketImpl.connectToAddress(AbstractPlainSocketImpl.java:206) ~[na:1.8.0_262]
	at java.net.AbstractPlainSocketImpl.connect(AbstractPlainSocketImpl.java:188) ~[na:1.8.0_262]
	at java.net.SocksSocketImpl.connect(SocksSocketImpl.java:392) ~[na:1.8.0_262]
	at java.net.Socket.connect(Socket.java:607) ~[na:1.8.0_262]
	at java.net.Socket.connect(Socket.java:556) ~[na:1.8.0_262]
	at com.nurkiewicz.jdbcrepository.AbstractIntegrationTest.ignoreIfDatabaseNotAvailable(AbstractIntegrationTest.java:36) ~[test-classes/:na]
	... 28 common frames omitted
Wrapped by: org.junit.internal.AssumptionViolatedException: got: <java.net.ConnectException: Connection refused (Connection refused)>, expected: null
	at org.junit.Assume.assumeThat(Assume.java:95) ~[junit-4.11.jar:na]
	at org.junit.Assume.assumeNoException(Assume.java:142) ~[junit-4.11.jar:na]
	at com.nurkiewicz.jdbcrepository.AbstractIntegrationTest.ignoreIfDatabaseNotAvailable(AbstractIntegrationTest.java:39) ~[test-classes/:na]
	at sun.reflect.GeneratedMethodAccessor21.invoke(Unknown Source) ~[na:na]
	at sun.reflect.DelegatingMethodAccessorImpl.invoke(DelegatingMethodAccessorImpl.java:43) ~[na:1.8.0_262]
	at java.lang.reflect.Method.invoke(Method.java:498) ~[na:1.8.0_262]
	at org.springframework.test.context.transaction.TransactionalTestExecutionListener.runBeforeTransactionMethods(TransactionalTestExecutionListener.java:248) ~[spring-test-4.1.1.RELEASE.jar:4.1.1.RELEASE]
	at org.springframework.test.context.transaction.TransactionalTestExecutionListener.beforeTestMethod(TransactionalTestExecutionListener.java:198) ~[spring-test-4.1.1.RELEASE.jar:4.1.1.RELEASE]
	at org.springframework.test.context.TestContextManager.beforeTestMethod(TestContextManager.java:249) ~[spring-test-4.1.1.RELEASE.jar:4.1.1.RELEASE]
	at org.springframework.test.context.junit4.statements.RunBeforeTestMethodCallbacks.evaluate(RunBeforeTestMethodCallbacks.java:71) [spring-test-4.1.1.RELEASE.jar:4.1.1.RELEASE]
	at org.springframework.test.context.junit4.statements.RunAfterTestMethodCallbacks.evaluate(RunAfterTestMethodCallbacks.java:81) [spring-test-4.1.1.RELEASE.jar:4.1.1.RELEASE]
	at org.springframework.test.context.junit4.statements.SpringRepeat.evaluate(SpringRepeat.java:72) [spring-test-4.1.1.RELEASE.jar:4.1.1.RELEASE]
	at org.junit.runners.ParentRunner.runLeaf(ParentRunner.java:271) [junit-4.11.jar:na]
	at org.springframework.test.context.junit4.SpringJUnit4ClassRunner.runChild(SpringJUnit4ClassRunner.java:216) [spring-test-4.1.1.RELEASE.jar:4.1.1.RELEASE]
	at org.springframework.test.context.junit4.SpringJUnit4ClassRunner.runChild(SpringJUnit4ClassRunner.java:82) [spring-test-4.1.1.RELEASE.jar:4.1.1.RELEASE]
	at org.junit.runners.ParentRunner$3.run(ParentRunner.java:238) [junit-4.11.jar:na]
	at org.junit.runners.ParentRunner$1.schedule(ParentRunner.java:63) [junit-4.11.jar:na]
	at org.junit.runners.ParentRunner.runChildren(ParentRunner.java:236) [junit-4.11.jar:na]
	at org.junit.runners.ParentRunner.access$000(ParentRunner.java:53) [junit-4.11.jar:na]
	at org.junit.runners.ParentRunner$2.evaluate(ParentRunner.java:229) [junit-4.11.jar:na]
	at org.springframework.test.context.junit4.statements.RunBeforeTestClassCallbacks.evaluate(RunBeforeTestClassCallbacks.java:60) [spring-test-4.1.1.RELEASE.jar:4.1.1.RELEASE]
	at org.springframework.test.context.junit4.statements.RunAfterTestClassCallbacks.evaluate(RunAfterTestClassCallbacks.java:67) [spring-test-4.1.1.RELEASE.jar:4.1.1.RELEASE]
	at org.junit.runners.ParentRunner.run(ParentRunner.java:309) [junit-4.11.jar:na]
	at org.springframework.test.context.junit4.SpringJUnit4ClassRunner.run(SpringJUnit4ClassRunner.java:162) [spring-test-4.1.1.RELEASE.jar:4.1.1.RELEASE]
	at org.apache.maven.surefire.junit4.JUnit4Provider.execute(JUnit4Provider.java:367) [surefire-junit4-2.19.1.jar:2.19.1]
	at org.apache.maven.surefire.junit4.JUnit4Provider.executeWithRerun(JUnit4Provider.java:274) [surefire-junit4-2.19.1.jar:2.19.1]
	at org.apache.maven.surefire.junit4.JUnit4Provider.executeTestSet(JUnit4Provider.java:238) [surefire-junit4-2.19.1.jar:2.19.1]
	at org.apache.maven.surefire.junit4.JUnit4Provider.invoke(JUnit4Provider.java:161) [surefire-junit4-2.19.1.jar:2.19.1]
	at org.apache.maven.surefire.booter.ForkedBooter.invokeProviderInSameClassLoader(ForkedBooter.java:290) [surefire-booter-2.19.1.jar:2.19.1]
	at org.apache.maven.surefire.booter.ForkedBooter.runSuitesInProcess(ForkedBooter.java:242) [surefire-booter-2.19.1.jar:2.19.1]
	at org.apache.maven.surefire.booter.ForkedBooter.main(ForkedBooter.java:121) [surefire-booter-2.19.1.jar:2.19.1]
]]></system-out>
  </testcase>
  <testcase name="shouldReturnFalseWhenExistsCalledOnEmptyDatabase" classname="com.nurkiewicz.jdbcrepository.postgresql.JdbcRepositoryManualKeyPostgresqlTest" time="0">
    <skipped/>
    <system-out><![CDATA[22:42:08:580 | ERROR | main | o.s.t.c.t.TransactionalTestExecutionListener | Exception encountered while executing @BeforeTransaction methods for test context [DefaultTestContext@7a7ae0e1 testClass = JdbcRepositoryManualKeyPostgresqlTest, testInstance = com.nurkiewicz.jdbcrepository.postgresql.JdbcRepositoryManualKeyPostgresqlTest@23b89195, testMethod = shouldReturnFalseWhenExistsCalledOnEmptyDatabase@JdbcRepositoryManualKeyTest, testException = [null], mergedContextConfiguration = [MergedContextConfiguration@5f9b21a1 testClass = JdbcRepositoryManualKeyPostgresqlTest, locations = '{}', classes = '{class com.nurkiewicz.jdbcrepository.postgresql.JdbcRepositoryTestPostgresqlConfig}', contextInitializerClasses = '[]', activeProfiles = '{}', propertySourceLocations = '{}', propertySourceProperties = '{}', contextLoader = 'org.springframework.test.context.support.AnnotationConfigContextLoader', parent = [null]]].
java.net.ConnectException: Connection refused (Connection refused)
	at java.net.PlainSocketImpl.socketConnect(Native Method) ~[na:1.8.0_262]
	at java.net.AbstractPlainSocketImpl.doConnect(AbstractPlainSocketImpl.java:350) ~[na:1.8.0_262]
	at java.net.AbstractPlainSocketImpl.connectToAddress(AbstractPlainSocketImpl.java:206) ~[na:1.8.0_262]
	at java.net.AbstractPlainSocketImpl.connect(AbstractPlainSocketImpl.java:188) ~[na:1.8.0_262]
	at java.net.SocksSocketImpl.connect(SocksSocketImpl.java:392) ~[na:1.8.0_262]
	at java.net.Socket.connect(Socket.java:607) ~[na:1.8.0_262]
	at java.net.Socket.connect(Socket.java:556) ~[na:1.8.0_262]
	at com.nurkiewicz.jdbcrepository.AbstractIntegrationTest.ignoreIfDatabaseNotAvailable(AbstractIntegrationTest.java:36) ~[test-classes/:na]
	... 28 common frames omitted
Wrapped by: org.junit.internal.AssumptionViolatedException: got: <java.net.ConnectException: Connection refused (Connection refused)>, expected: null
	at org.junit.Assume.assumeThat(Assume.java:95) ~[junit-4.11.jar:na]
	at org.junit.Assume.assumeNoException(Assume.java:142) ~[junit-4.11.jar:na]
	at com.nurkiewicz.jdbcrepository.AbstractIntegrationTest.ignoreIfDatabaseNotAvailable(AbstractIntegrationTest.java:39) ~[test-classes/:na]
	at sun.reflect.GeneratedMethodAccessor21.invoke(Unknown Source) ~[na:na]
	at sun.reflect.DelegatingMethodAccessorImpl.invoke(DelegatingMethodAccessorImpl.java:43) ~[na:1.8.0_262]
	at java.lang.reflect.Method.invoke(Method.java:498) ~[na:1.8.0_262]
	at org.springframework.test.context.transaction.TransactionalTestExecutionListener.runBeforeTransactionMethods(TransactionalTestExecutionListener.java:248) [spring-test-4.1.1.RELEASE.jar:4.1.1.RELEASE]
	at org.springframework.test.context.transaction.TransactionalTestExecutionListener.beforeTestMethod(TransactionalTestExecutionListener.java:198) [spring-test-4.1.1.RELEASE.jar:4.1.1.RELEASE]
	at org.springframework.test.context.TestContextManager.beforeTestMethod(TestContextManager.java:249) [spring-test-4.1.1.RELEASE.jar:4.1.1.RELEASE]
	at org.springframework.test.context.junit4.statements.RunBeforeTestMethodCallbacks.evaluate(RunBeforeTestMethodCallbacks.java:71) [spring-test-4.1.1.RELEASE.jar:4.1.1.RELEASE]
	at org.springframework.test.context.junit4.statements.RunAfterTestMethodCallbacks.evaluate(RunAfterTestMethodCallbacks.java:81) [spring-test-4.1.1.RELEASE.jar:4.1.1.RELEASE]
	at org.springframework.test.context.junit4.statements.SpringRepeat.evaluate(SpringRepeat.java:72) [spring-test-4.1.1.RELEASE.jar:4.1.1.RELEASE]
	at org.junit.runners.ParentRunner.runLeaf(ParentRunner.java:271) [junit-4.11.jar:na]
	at org.springframework.test.context.junit4.SpringJUnit4ClassRunner.runChild(SpringJUnit4ClassRunner.java:216) [spring-test-4.1.1.RELEASE.jar:4.1.1.RELEASE]
	at org.springframework.test.context.junit4.SpringJUnit4ClassRunner.runChild(SpringJUnit4ClassRunner.java:82) [spring-test-4.1.1.RELEASE.jar:4.1.1.RELEASE]
	at org.junit.runners.ParentRunner$3.run(ParentRunner.java:238) [junit-4.11.jar:na]
	at org.junit.runners.ParentRunner$1.schedule(ParentRunner.java:63) [junit-4.11.jar:na]
	at org.junit.runners.ParentRunner.runChildren(ParentRunner.java:236) [junit-4.11.jar:na]
	at org.junit.runners.ParentRunner.access$000(ParentRunner.java:53) [junit-4.11.jar:na]
	at org.junit.runners.ParentRunner$2.evaluate(ParentRunner.java:229) [junit-4.11.jar:na]
	at org.springframework.test.context.junit4.statements.RunBeforeTestClassCallbacks.evaluate(RunBeforeTestClassCallbacks.java:60) [spring-test-4.1.1.RELEASE.jar:4.1.1.RELEASE]
	at org.springframework.test.context.junit4.statements.RunAfterTestClassCallbacks.evaluate(RunAfterTestClassCallbacks.java:67) [spring-test-4.1.1.RELEASE.jar:4.1.1.RELEASE]
	at org.junit.runners.ParentRunner.run(ParentRunner.java:309) [junit-4.11.jar:na]
	at org.springframework.test.context.junit4.SpringJUnit4ClassRunner.run(SpringJUnit4ClassRunner.java:162) [spring-test-4.1.1.RELEASE.jar:4.1.1.RELEASE]
	at org.apache.maven.surefire.junit4.JUnit4Provider.execute(JUnit4Provider.java:367) [surefire-junit4-2.19.1.jar:2.19.1]
	at org.apache.maven.surefire.junit4.JUnit4Provider.executeWithRerun(JUnit4Provider.java:274) [surefire-junit4-2.19.1.jar:2.19.1]
	at org.apache.maven.surefire.junit4.JUnit4Provider.executeTestSet(JUnit4Provider.java:238) [surefire-junit4-2.19.1.jar:2.19.1]
	at org.apache.maven.surefire.junit4.JUnit4Provider.invoke(JUnit4Provider.java:161) [surefire-junit4-2.19.1.jar:2.19.1]
	at org.apache.maven.surefire.booter.ForkedBooter.invokeProviderInSameClassLoader(ForkedBooter.java:290) [surefire-booter-2.19.1.jar:2.19.1]
	at org.apache.maven.surefire.booter.ForkedBooter.runSuitesInProcess(ForkedBooter.java:242) [surefire-booter-2.19.1.jar:2.19.1]
	at org.apache.maven.surefire.booter.ForkedBooter.main(ForkedBooter.java:121) [surefire-booter-2.19.1.jar:2.19.1]
22:42:08:581 | WARN  | main | o.s.t.c.TestContextManager | Caught exception while allowing TestExecutionListener [org.springframework.test.context.transaction.TransactionalTestExecutionListener@47742aae] to process 'before' execution of test method [public void com.nurkiewicz.jdbcrepository.JdbcRepositoryManualKeyTest.shouldReturnFalseWhenExistsCalledOnEmptyDatabase()] for test instance [com.nurkiewicz.jdbcrepository.postgresql.JdbcRepositoryManualKeyPostgresqlTest@23b89195]
java.net.ConnectException: Connection refused (Connection refused)
	at java.net.PlainSocketImpl.socketConnect(Native Method) ~[na:1.8.0_262]
	at java.net.AbstractPlainSocketImpl.doConnect(AbstractPlainSocketImpl.java:350) ~[na:1.8.0_262]
	at java.net.AbstractPlainSocketImpl.connectToAddress(AbstractPlainSocketImpl.java:206) ~[na:1.8.0_262]
	at java.net.AbstractPlainSocketImpl.connect(AbstractPlainSocketImpl.java:188) ~[na:1.8.0_262]
	at java.net.SocksSocketImpl.connect(SocksSocketImpl.java:392) ~[na:1.8.0_262]
	at java.net.Socket.connect(Socket.java:607) ~[na:1.8.0_262]
	at java.net.Socket.connect(Socket.java:556) ~[na:1.8.0_262]
	at com.nurkiewicz.jdbcrepository.AbstractIntegrationTest.ignoreIfDatabaseNotAvailable(AbstractIntegrationTest.java:36) ~[test-classes/:na]
	... 28 common frames omitted
Wrapped by: org.junit.internal.AssumptionViolatedException: got: <java.net.ConnectException: Connection refused (Connection refused)>, expected: null
	at org.junit.Assume.assumeThat(Assume.java:95) ~[junit-4.11.jar:na]
	at org.junit.Assume.assumeNoException(Assume.java:142) ~[junit-4.11.jar:na]
	at com.nurkiewicz.jdbcrepository.AbstractIntegrationTest.ignoreIfDatabaseNotAvailable(AbstractIntegrationTest.java:39) ~[test-classes/:na]
	at sun.reflect.GeneratedMethodAccessor21.invoke(Unknown Source) ~[na:na]
	at sun.reflect.DelegatingMethodAccessorImpl.invoke(DelegatingMethodAccessorImpl.java:43) ~[na:1.8.0_262]
	at java.lang.reflect.Method.invoke(Method.java:498) ~[na:1.8.0_262]
	at org.springframework.test.context.transaction.TransactionalTestExecutionListener.runBeforeTransactionMethods(TransactionalTestExecutionListener.java:248) ~[spring-test-4.1.1.RELEASE.jar:4.1.1.RELEASE]
	at org.springframework.test.context.transaction.TransactionalTestExecutionListener.beforeTestMethod(TransactionalTestExecutionListener.java:198) ~[spring-test-4.1.1.RELEASE.jar:4.1.1.RELEASE]
	at org.springframework.test.context.TestContextManager.beforeTestMethod(TestContextManager.java:249) ~[spring-test-4.1.1.RELEASE.jar:4.1.1.RELEASE]
	at org.springframework.test.context.junit4.statements.RunBeforeTestMethodCallbacks.evaluate(RunBeforeTestMethodCallbacks.java:71) [spring-test-4.1.1.RELEASE.jar:4.1.1.RELEASE]
	at org.springframework.test.context.junit4.statements.RunAfterTestMethodCallbacks.evaluate(RunAfterTestMethodCallbacks.java:81) [spring-test-4.1.1.RELEASE.jar:4.1.1.RELEASE]
	at org.springframework.test.context.junit4.statements.SpringRepeat.evaluate(SpringRepeat.java:72) [spring-test-4.1.1.RELEASE.jar:4.1.1.RELEASE]
	at org.junit.runners.ParentRunner.runLeaf(ParentRunner.java:271) [junit-4.11.jar:na]
	at org.springframework.test.context.junit4.SpringJUnit4ClassRunner.runChild(SpringJUnit4ClassRunner.java:216) [spring-test-4.1.1.RELEASE.jar:4.1.1.RELEASE]
	at org.springframework.test.context.junit4.SpringJUnit4ClassRunner.runChild(SpringJUnit4ClassRunner.java:82) [spring-test-4.1.1.RELEASE.jar:4.1.1.RELEASE]
	at org.junit.runners.ParentRunner$3.run(ParentRunner.java:238) [junit-4.11.jar:na]
	at org.junit.runners.ParentRunner$1.schedule(ParentRunner.java:63) [junit-4.11.jar:na]
	at org.junit.runners.ParentRunner.runChildren(ParentRunner.java:236) [junit-4.11.jar:na]
	at org.junit.runners.ParentRunner.access$000(ParentRunner.java:53) [junit-4.11.jar:na]
	at org.junit.runners.ParentRunner$2.evaluate(ParentRunner.java:229) [junit-4.11.jar:na]
	at org.springframework.test.context.junit4.statements.RunBeforeTestClassCallbacks.evaluate(RunBeforeTestClassCallbacks.java:60) [spring-test-4.1.1.RELEASE.jar:4.1.1.RELEASE]
	at org.springframework.test.context.junit4.statements.RunAfterTestClassCallbacks.evaluate(RunAfterTestClassCallbacks.java:67) [spring-test-4.1.1.RELEASE.jar:4.1.1.RELEASE]
	at org.junit.runners.ParentRunner.run(ParentRunner.java:309) [junit-4.11.jar:na]
	at org.springframework.test.context.junit4.SpringJUnit4ClassRunner.run(SpringJUnit4ClassRunner.java:162) [spring-test-4.1.1.RELEASE.jar:4.1.1.RELEASE]
	at org.apache.maven.surefire.junit4.JUnit4Provider.execute(JUnit4Provider.java:367) [surefire-junit4-2.19.1.jar:2.19.1]
	at org.apache.maven.surefire.junit4.JUnit4Provider.executeWithRerun(JUnit4Provider.java:274) [surefire-junit4-2.19.1.jar:2.19.1]
	at org.apache.maven.surefire.junit4.JUnit4Provider.executeTestSet(JUnit4Provider.java:238) [surefire-junit4-2.19.1.jar:2.19.1]
	at org.apache.maven.surefire.junit4.JUnit4Provider.invoke(JUnit4Provider.java:161) [surefire-junit4-2.19.1.jar:2.19.1]
	at org.apache.maven.surefire.booter.ForkedBooter.invokeProviderInSameClassLoader(ForkedBooter.java:290) [surefire-booter-2.19.1.jar:2.19.1]
	at org.apache.maven.surefire.booter.ForkedBooter.runSuitesInProcess(ForkedBooter.java:242) [surefire-booter-2.19.1.jar:2.19.1]
	at org.apache.maven.surefire.booter.ForkedBooter.main(ForkedBooter.java:121) [surefire-booter-2.19.1.jar:2.19.1]
]]></system-out>
  </testcase>
  <testcase name="shouldDoNothingWhenEntityForGivenIdDoesNotExist" classname="com.nurkiewicz.jdbcrepository.postgresql.JdbcRepositoryManualKeyPostgresqlTest" time="0">
    <skipped/>
    <system-out><![CDATA[22:42:08:583 | ERROR | main | o.s.t.c.t.TransactionalTestExecutionListener | Exception encountered while executing @BeforeTransaction methods for test context [DefaultTestContext@7a7ae0e1 testClass = JdbcRepositoryManualKeyPostgresqlTest, testInstance = com.nurkiewicz.jdbcrepository.postgresql.JdbcRepositoryManualKeyPostgresqlTest@64a768e7, testMethod = shouldDoNothingWhenEntityForGivenIdDoesNotExist@JdbcRepositoryManualKeyTest, testException = [null], mergedContextConfiguration = [MergedContextConfiguration@5f9b21a1 testClass = JdbcRepositoryManualKeyPostgresqlTest, locations = '{}', classes = '{class com.nurkiewicz.jdbcrepository.postgresql.JdbcRepositoryTestPostgresqlConfig}', contextInitializerClasses = '[]', activeProfiles = '{}', propertySourceLocations = '{}', propertySourceProperties = '{}', contextLoader = 'org.springframework.test.context.support.AnnotationConfigContextLoader', parent = [null]]].
java.net.ConnectException: Connection refused (Connection refused)
	at java.net.PlainSocketImpl.socketConnect(Native Method) ~[na:1.8.0_262]
	at java.net.AbstractPlainSocketImpl.doConnect(AbstractPlainSocketImpl.java:350) ~[na:1.8.0_262]
	at java.net.AbstractPlainSocketImpl.connectToAddress(AbstractPlainSocketImpl.java:206) ~[na:1.8.0_262]
	at java.net.AbstractPlainSocketImpl.connect(AbstractPlainSocketImpl.java:188) ~[na:1.8.0_262]
	at java.net.SocksSocketImpl.connect(SocksSocketImpl.java:392) ~[na:1.8.0_262]
	at java.net.Socket.connect(Socket.java:607) ~[na:1.8.0_262]
	at java.net.Socket.connect(Socket.java:556) ~[na:1.8.0_262]
	at com.nurkiewicz.jdbcrepository.AbstractIntegrationTest.ignoreIfDatabaseNotAvailable(AbstractIntegrationTest.java:36) ~[test-classes/:na]
	... 28 common frames omitted
Wrapped by: org.junit.internal.AssumptionViolatedException: got: <java.net.ConnectException: Connection refused (Connection refused)>, expected: null
	at org.junit.Assume.assumeThat(Assume.java:95) ~[junit-4.11.jar:na]
	at org.junit.Assume.assumeNoException(Assume.java:142) ~[junit-4.11.jar:na]
	at com.nurkiewicz.jdbcrepository.AbstractIntegrationTest.ignoreIfDatabaseNotAvailable(AbstractIntegrationTest.java:39) ~[test-classes/:na]
	at sun.reflect.GeneratedMethodAccessor21.invoke(Unknown Source) ~[na:na]
	at sun.reflect.DelegatingMethodAccessorImpl.invoke(DelegatingMethodAccessorImpl.java:43) ~[na:1.8.0_262]
	at java.lang.reflect.Method.invoke(Method.java:498) ~[na:1.8.0_262]
	at org.springframework.test.context.transaction.TransactionalTestExecutionListener.runBeforeTransactionMethods(TransactionalTestExecutionListener.java:248) [spring-test-4.1.1.RELEASE.jar:4.1.1.RELEASE]
	at org.springframework.test.context.transaction.TransactionalTestExecutionListener.beforeTestMethod(TransactionalTestExecutionListener.java:198) [spring-test-4.1.1.RELEASE.jar:4.1.1.RELEASE]
	at org.springframework.test.context.TestContextManager.beforeTestMethod(TestContextManager.java:249) [spring-test-4.1.1.RELEASE.jar:4.1.1.RELEASE]
	at org.springframework.test.context.junit4.statements.RunBeforeTestMethodCallbacks.evaluate(RunBeforeTestMethodCallbacks.java:71) [spring-test-4.1.1.RELEASE.jar:4.1.1.RELEASE]
	at org.springframework.test.context.junit4.statements.RunAfterTestMethodCallbacks.evaluate(RunAfterTestMethodCallbacks.java:81) [spring-test-4.1.1.RELEASE.jar:4.1.1.RELEASE]
	at org.springframework.test.context.junit4.statements.SpringRepeat.evaluate(SpringRepeat.java:72) [spring-test-4.1.1.RELEASE.jar:4.1.1.RELEASE]
	at org.junit.runners.ParentRunner.runLeaf(ParentRunner.java:271) [junit-4.11.jar:na]
	at org.springframework.test.context.junit4.SpringJUnit4ClassRunner.runChild(SpringJUnit4ClassRunner.java:216) [spring-test-4.1.1.RELEASE.jar:4.1.1.RELEASE]
	at org.springframework.test.context.junit4.SpringJUnit4ClassRunner.runChild(SpringJUnit4ClassRunner.java:82) [spring-test-4.1.1.RELEASE.jar:4.1.1.RELEASE]
	at org.junit.runners.ParentRunner$3.run(ParentRunner.java:238) [junit-4.11.jar:na]
	at org.junit.runners.ParentRunner$1.schedule(ParentRunner.java:63) [junit-4.11.jar:na]
	at org.junit.runners.ParentRunner.runChildren(ParentRunner.java:236) [junit-4.11.jar:na]
	at org.junit.runners.ParentRunner.access$000(ParentRunner.java:53) [junit-4.11.jar:na]
	at org.junit.runners.ParentRunner$2.evaluate(ParentRunner.java:229) [junit-4.11.jar:na]
	at org.springframework.test.context.junit4.statements.RunBeforeTestClassCallbacks.evaluate(RunBeforeTestClassCallbacks.java:60) [spring-test-4.1.1.RELEASE.jar:4.1.1.RELEASE]
	at org.springframework.test.context.junit4.statements.RunAfterTestClassCallbacks.evaluate(RunAfterTestClassCallbacks.java:67) [spring-test-4.1.1.RELEASE.jar:4.1.1.RELEASE]
	at org.junit.runners.ParentRunner.run(ParentRunner.java:309) [junit-4.11.jar:na]
	at org.springframework.test.context.junit4.SpringJUnit4ClassRunner.run(SpringJUnit4ClassRunner.java:162) [spring-test-4.1.1.RELEASE.jar:4.1.1.RELEASE]
	at org.apache.maven.surefire.junit4.JUnit4Provider.execute(JUnit4Provider.java:367) [surefire-junit4-2.19.1.jar:2.19.1]
	at org.apache.maven.surefire.junit4.JUnit4Provider.executeWithRerun(JUnit4Provider.java:274) [surefire-junit4-2.19.1.jar:2.19.1]
	at org.apache.maven.surefire.junit4.JUnit4Provider.executeTestSet(JUnit4Provider.java:238) [surefire-junit4-2.19.1.jar:2.19.1]
	at org.apache.maven.surefire.junit4.JUnit4Provider.invoke(JUnit4Provider.java:161) [surefire-junit4-2.19.1.jar:2.19.1]
	at org.apache.maven.surefire.booter.ForkedBooter.invokeProviderInSameClassLoader(ForkedBooter.java:290) [surefire-booter-2.19.1.jar:2.19.1]
	at org.apache.maven.surefire.booter.ForkedBooter.runSuitesInProcess(ForkedBooter.java:242) [surefire-booter-2.19.1.jar:2.19.1]
	at org.apache.maven.surefire.booter.ForkedBooter.main(ForkedBooter.java:121) [surefire-booter-2.19.1.jar:2.19.1]
22:42:08:584 | WARN  | main | o.s.t.c.TestContextManager | Caught exception while allowing TestExecutionListener [org.springframework.test.context.transaction.TransactionalTestExecutionListener@47742aae] to process 'before' execution of test method [public void com.nurkiewicz.jdbcrepository.JdbcRepositoryManualKeyTest.shouldDoNothingWhenEntityForGivenIdDoesNotExist() throws java.lang.Exception] for test instance [com.nurkiewicz.jdbcrepository.postgresql.JdbcRepositoryManualKeyPostgresqlTest@64a768e7]
java.net.ConnectException: Connection refused (Connection refused)
	at java.net.PlainSocketImpl.socketConnect(Native Method) ~[na:1.8.0_262]
	at java.net.AbstractPlainSocketImpl.doConnect(AbstractPlainSocketImpl.java:350) ~[na:1.8.0_262]
	at java.net.AbstractPlainSocketImpl.connectToAddress(AbstractPlainSocketImpl.java:206) ~[na:1.8.0_262]
	at java.net.AbstractPlainSocketImpl.connect(AbstractPlainSocketImpl.java:188) ~[na:1.8.0_262]
	at java.net.SocksSocketImpl.connect(SocksSocketImpl.java:392) ~[na:1.8.0_262]
	at java.net.Socket.connect(Socket.java:607) ~[na:1.8.0_262]
	at java.net.Socket.connect(Socket.java:556) ~[na:1.8.0_262]
	at com.nurkiewicz.jdbcrepository.AbstractIntegrationTest.ignoreIfDatabaseNotAvailable(AbstractIntegrationTest.java:36) ~[test-classes/:na]
	... 28 common frames omitted
Wrapped by: org.junit.internal.AssumptionViolatedException: got: <java.net.ConnectException: Connection refused (Connection refused)>, expected: null
	at org.junit.Assume.assumeThat(Assume.java:95) ~[junit-4.11.jar:na]
	at org.junit.Assume.assumeNoException(Assume.java:142) ~[junit-4.11.jar:na]
	at com.nurkiewicz.jdbcrepository.AbstractIntegrationTest.ignoreIfDatabaseNotAvailable(AbstractIntegrationTest.java:39) ~[test-classes/:na]
	at sun.reflect.GeneratedMethodAccessor21.invoke(Unknown Source) ~[na:na]
	at sun.reflect.DelegatingMethodAccessorImpl.invoke(DelegatingMethodAccessorImpl.java:43) ~[na:1.8.0_262]
	at java.lang.reflect.Method.invoke(Method.java:498) ~[na:1.8.0_262]
	at org.springframework.test.context.transaction.TransactionalTestExecutionListener.runBeforeTransactionMethods(TransactionalTestExecutionListener.java:248) ~[spring-test-4.1.1.RELEASE.jar:4.1.1.RELEASE]
	at org.springframework.test.context.transaction.TransactionalTestExecutionListener.beforeTestMethod(TransactionalTestExecutionListener.java:198) ~[spring-test-4.1.1.RELEASE.jar:4.1.1.RELEASE]
	at org.springframework.test.context.TestContextManager.beforeTestMethod(TestContextManager.java:249) ~[spring-test-4.1.1.RELEASE.jar:4.1.1.RELEASE]
	at org.springframework.test.context.junit4.statements.RunBeforeTestMethodCallbacks.evaluate(RunBeforeTestMethodCallbacks.java:71) [spring-test-4.1.1.RELEASE.jar:4.1.1.RELEASE]
	at org.springframework.test.context.junit4.statements.RunAfterTestMethodCallbacks.evaluate(RunAfterTestMethodCallbacks.java:81) [spring-test-4.1.1.RELEASE.jar:4.1.1.RELEASE]
	at org.springframework.test.context.junit4.statements.SpringRepeat.evaluate(SpringRepeat.java:72) [spring-test-4.1.1.RELEASE.jar:4.1.1.RELEASE]
	at org.junit.runners.ParentRunner.runLeaf(ParentRunner.java:271) [junit-4.11.jar:na]
	at org.springframework.test.context.junit4.SpringJUnit4ClassRunner.runChild(SpringJUnit4ClassRunner.java:216) [spring-test-4.1.1.RELEASE.jar:4.1.1.RELEASE]
	at org.springframework.test.context.junit4.SpringJUnit4ClassRunner.runChild(SpringJUnit4ClassRunner.java:82) [spring-test-4.1.1.RELEASE.jar:4.1.1.RELEASE]
	at org.junit.runners.ParentRunner$3.run(ParentRunner.java:238) [junit-4.11.jar:na]
	at org.junit.runners.ParentRunner$1.schedule(ParentRunner.java:63) [junit-4.11.jar:na]
	at org.junit.runners.ParentRunner.runChildren(ParentRunner.java:236) [junit-4.11.jar:na]
	at org.junit.runners.ParentRunner.access$000(ParentRunner.java:53) [junit-4.11.jar:na]
	at org.junit.runners.ParentRunner$2.evaluate(ParentRunner.java:229) [junit-4.11.jar:na]
	at org.springframework.test.context.junit4.statements.RunBeforeTestClassCallbacks.evaluate(RunBeforeTestClassCallbacks.java:60) [spring-test-4.1.1.RELEASE.jar:4.1.1.RELEASE]
	at org.springframework.test.context.junit4.statements.RunAfterTestClassCallbacks.evaluate(RunAfterTestClassCallbacks.java:67) [spring-test-4.1.1.RELEASE.jar:4.1.1.RELEASE]
	at org.junit.runners.ParentRunner.run(ParentRunner.java:309) [junit-4.11.jar:na]
	at org.springframework.test.context.junit4.SpringJUnit4ClassRunner.run(SpringJUnit4ClassRunner.java:162) [spring-test-4.1.1.RELEASE.jar:4.1.1.RELEASE]
	at org.apache.maven.surefire.junit4.JUnit4Provider.execute(JUnit4Provider.java:367) [surefire-junit4-2.19.1.jar:2.19.1]
	at org.apache.maven.surefire.junit4.JUnit4Provider.executeWithRerun(JUnit4Provider.java:274) [surefire-junit4-2.19.1.jar:2.19.1]
	at org.apache.maven.surefire.junit4.JUnit4Provider.executeTestSet(JUnit4Provider.java:238) [surefire-junit4-2.19.1.jar:2.19.1]
	at org.apache.maven.surefire.junit4.JUnit4Provider.invoke(JUnit4Provider.java:161) [surefire-junit4-2.19.1.jar:2.19.1]
	at org.apache.maven.surefire.booter.ForkedBooter.invokeProviderInSameClassLoader(ForkedBooter.java:290) [surefire-booter-2.19.1.jar:2.19.1]
	at org.apache.maven.surefire.booter.ForkedBooter.runSuitesInProcess(ForkedBooter.java:242) [surefire-booter-2.19.1.jar:2.19.1]
	at org.apache.maven.surefire.booter.ForkedBooter.main(ForkedBooter.java:121) [surefire-booter-2.19.1.jar:2.19.1]
]]></system-out>
  </testcase>
  <testcase name="shouldReturnPageWithOneItemWithSortingAppliedOnTwoProperties" classname="com.nurkiewicz.jdbcrepository.postgresql.JdbcRepositoryManualKeyPostgresqlTest" time="0">
    <skipped/>
    <system-out><![CDATA[22:42:08:587 | ERROR | main | o.s.t.c.t.TransactionalTestExecutionListener | Exception encountered while executing @BeforeTransaction methods for test context [DefaultTestContext@7a7ae0e1 testClass = JdbcRepositoryManualKeyPostgresqlTest, testInstance = com.nurkiewicz.jdbcrepository.postgresql.JdbcRepositoryManualKeyPostgresqlTest@413e4756, testMethod = shouldReturnPageWithOneItemWithSortingAppliedOnTwoProperties@JdbcRepositoryManualKeyTest, testException = [null], mergedContextConfiguration = [MergedContextConfiguration@5f9b21a1 testClass = JdbcRepositoryManualKeyPostgresqlTest, locations = '{}', classes = '{class com.nurkiewicz.jdbcrepository.postgresql.JdbcRepositoryTestPostgresqlConfig}', contextInitializerClasses = '[]', activeProfiles = '{}', propertySourceLocations = '{}', propertySourceProperties = '{}', contextLoader = 'org.springframework.test.context.support.AnnotationConfigContextLoader', parent = [null]]].
java.net.ConnectException: Connection refused (Connection refused)
	at java.net.PlainSocketImpl.socketConnect(Native Method) ~[na:1.8.0_262]
	at java.net.AbstractPlainSocketImpl.doConnect(AbstractPlainSocketImpl.java:350) ~[na:1.8.0_262]
	at java.net.AbstractPlainSocketImpl.connectToAddress(AbstractPlainSocketImpl.java:206) ~[na:1.8.0_262]
	at java.net.AbstractPlainSocketImpl.connect(AbstractPlainSocketImpl.java:188) ~[na:1.8.0_262]
	at java.net.SocksSocketImpl.connect(SocksSocketImpl.java:392) ~[na:1.8.0_262]
	at java.net.Socket.connect(Socket.java:607) ~[na:1.8.0_262]
	at java.net.Socket.connect(Socket.java:556) ~[na:1.8.0_262]
	at com.nurkiewicz.jdbcrepository.AbstractIntegrationTest.ignoreIfDatabaseNotAvailable(AbstractIntegrationTest.java:36) ~[test-classes/:na]
	... 28 common frames omitted
Wrapped by: org.junit.internal.AssumptionViolatedException: got: <java.net.ConnectException: Connection refused (Connection refused)>, expected: null
	at org.junit.Assume.assumeThat(Assume.java:95) ~[junit-4.11.jar:na]
	at org.junit.Assume.assumeNoException(Assume.java:142) ~[junit-4.11.jar:na]
	at com.nurkiewicz.jdbcrepository.AbstractIntegrationTest.ignoreIfDatabaseNotAvailable(AbstractIntegrationTest.java:39) ~[test-classes/:na]
	at sun.reflect.GeneratedMethodAccessor21.invoke(Unknown Source) ~[na:na]
	at sun.reflect.DelegatingMethodAccessorImpl.invoke(DelegatingMethodAccessorImpl.java:43) ~[na:1.8.0_262]
	at java.lang.reflect.Method.invoke(Method.java:498) ~[na:1.8.0_262]
	at org.springframework.test.context.transaction.TransactionalTestExecutionListener.runBeforeTransactionMethods(TransactionalTestExecutionListener.java:248) [spring-test-4.1.1.RELEASE.jar:4.1.1.RELEASE]
	at org.springframework.test.context.transaction.TransactionalTestExecutionListener.beforeTestMethod(TransactionalTestExecutionListener.java:198) [spring-test-4.1.1.RELEASE.jar:4.1.1.RELEASE]
	at org.springframework.test.context.TestContextManager.beforeTestMethod(TestContextManager.java:249) [spring-test-4.1.1.RELEASE.jar:4.1.1.RELEASE]
	at org.springframework.test.context.junit4.statements.RunBeforeTestMethodCallbacks.evaluate(RunBeforeTestMethodCallbacks.java:71) [spring-test-4.1.1.RELEASE.jar:4.1.1.RELEASE]
	at org.springframework.test.context.junit4.statements.RunAfterTestMethodCallbacks.evaluate(RunAfterTestMethodCallbacks.java:81) [spring-test-4.1.1.RELEASE.jar:4.1.1.RELEASE]
	at org.springframework.test.context.junit4.statements.SpringRepeat.evaluate(SpringRepeat.java:72) [spring-test-4.1.1.RELEASE.jar:4.1.1.RELEASE]
	at org.junit.runners.ParentRunner.runLeaf(ParentRunner.java:271) [junit-4.11.jar:na]
	at org.springframework.test.context.junit4.SpringJUnit4ClassRunner.runChild(SpringJUnit4ClassRunner.java:216) [spring-test-4.1.1.RELEASE.jar:4.1.1.RELEASE]
	at org.springframework.test.context.junit4.SpringJUnit4ClassRunner.runChild(SpringJUnit4ClassRunner.java:82) [spring-test-4.1.1.RELEASE.jar:4.1.1.RELEASE]
	at org.junit.runners.ParentRunner$3.run(ParentRunner.java:238) [junit-4.11.jar:na]
	at org.junit.runners.ParentRunner$1.schedule(ParentRunner.java:63) [junit-4.11.jar:na]
	at org.junit.runners.ParentRunner.runChildren(ParentRunner.java:236) [junit-4.11.jar:na]
	at org.junit.runners.ParentRunner.access$000(ParentRunner.java:53) [junit-4.11.jar:na]
	at org.junit.runners.ParentRunner$2.evaluate(ParentRunner.java:229) [junit-4.11.jar:na]
	at org.springframework.test.context.junit4.statements.RunBeforeTestClassCallbacks.evaluate(RunBeforeTestClassCallbacks.java:60) [spring-test-4.1.1.RELEASE.jar:4.1.1.RELEASE]
	at org.springframework.test.context.junit4.statements.RunAfterTestClassCallbacks.evaluate(RunAfterTestClassCallbacks.java:67) [spring-test-4.1.1.RELEASE.jar:4.1.1.RELEASE]
	at org.junit.runners.ParentRunner.run(ParentRunner.java:309) [junit-4.11.jar:na]
	at org.springframework.test.context.junit4.SpringJUnit4ClassRunner.run(SpringJUnit4ClassRunner.java:162) [spring-test-4.1.1.RELEASE.jar:4.1.1.RELEASE]
	at org.apache.maven.surefire.junit4.JUnit4Provider.execute(JUnit4Provider.java:367) [surefire-junit4-2.19.1.jar:2.19.1]
	at org.apache.maven.surefire.junit4.JUnit4Provider.executeWithRerun(JUnit4Provider.java:274) [surefire-junit4-2.19.1.jar:2.19.1]
	at org.apache.maven.surefire.junit4.JUnit4Provider.executeTestSet(JUnit4Provider.java:238) [surefire-junit4-2.19.1.jar:2.19.1]
	at org.apache.maven.surefire.junit4.JUnit4Provider.invoke(JUnit4Provider.java:161) [surefire-junit4-2.19.1.jar:2.19.1]
	at org.apache.maven.surefire.booter.ForkedBooter.invokeProviderInSameClassLoader(ForkedBooter.java:290) [surefire-booter-2.19.1.jar:2.19.1]
	at org.apache.maven.surefire.booter.ForkedBooter.runSuitesInProcess(ForkedBooter.java:242) [surefire-booter-2.19.1.jar:2.19.1]
	at org.apache.maven.surefire.booter.ForkedBooter.main(ForkedBooter.java:121) [surefire-booter-2.19.1.jar:2.19.1]
22:42:08:588 | WARN  | main | o.s.t.c.TestContextManager | Caught exception while allowing TestExecutionListener [org.springframework.test.context.transaction.TransactionalTestExecutionListener@47742aae] to process 'before' execution of test method [public void com.nurkiewicz.jdbcrepository.JdbcRepositoryManualKeyTest.shouldReturnPageWithOneItemWithSortingAppliedOnTwoProperties()] for test instance [com.nurkiewicz.jdbcrepository.postgresql.JdbcRepositoryManualKeyPostgresqlTest@413e4756]
java.net.ConnectException: Connection refused (Connection refused)
	at java.net.PlainSocketImpl.socketConnect(Native Method) ~[na:1.8.0_262]
	at java.net.AbstractPlainSocketImpl.doConnect(AbstractPlainSocketImpl.java:350) ~[na:1.8.0_262]
	at java.net.AbstractPlainSocketImpl.connectToAddress(AbstractPlainSocketImpl.java:206) ~[na:1.8.0_262]
	at java.net.AbstractPlainSocketImpl.connect(AbstractPlainSocketImpl.java:188) ~[na:1.8.0_262]
	at java.net.SocksSocketImpl.connect(SocksSocketImpl.java:392) ~[na:1.8.0_262]
	at java.net.Socket.connect(Socket.java:607) ~[na:1.8.0_262]
	at java.net.Socket.connect(Socket.java:556) ~[na:1.8.0_262]
	at com.nurkiewicz.jdbcrepository.AbstractIntegrationTest.ignoreIfDatabaseNotAvailable(AbstractIntegrationTest.java:36) ~[test-classes/:na]
	... 28 common frames omitted
Wrapped by: org.junit.internal.AssumptionViolatedException: got: <java.net.ConnectException: Connection refused (Connection refused)>, expected: null
	at org.junit.Assume.assumeThat(Assume.java:95) ~[junit-4.11.jar:na]
	at org.junit.Assume.assumeNoException(Assume.java:142) ~[junit-4.11.jar:na]
	at com.nurkiewicz.jdbcrepository.AbstractIntegrationTest.ignoreIfDatabaseNotAvailable(AbstractIntegrationTest.java:39) ~[test-classes/:na]
	at sun.reflect.GeneratedMethodAccessor21.invoke(Unknown Source) ~[na:na]
	at sun.reflect.DelegatingMethodAccessorImpl.invoke(DelegatingMethodAccessorImpl.java:43) ~[na:1.8.0_262]
	at java.lang.reflect.Method.invoke(Method.java:498) ~[na:1.8.0_262]
	at org.springframework.test.context.transaction.TransactionalTestExecutionListener.runBeforeTransactionMethods(TransactionalTestExecutionListener.java:248) ~[spring-test-4.1.1.RELEASE.jar:4.1.1.RELEASE]
	at org.springframework.test.context.transaction.TransactionalTestExecutionListener.beforeTestMethod(TransactionalTestExecutionListener.java:198) ~[spring-test-4.1.1.RELEASE.jar:4.1.1.RELEASE]
	at org.springframework.test.context.TestContextManager.beforeTestMethod(TestContextManager.java:249) ~[spring-test-4.1.1.RELEASE.jar:4.1.1.RELEASE]
	at org.springframework.test.context.junit4.statements.RunBeforeTestMethodCallbacks.evaluate(RunBeforeTestMethodCallbacks.java:71) [spring-test-4.1.1.RELEASE.jar:4.1.1.RELEASE]
	at org.springframework.test.context.junit4.statements.RunAfterTestMethodCallbacks.evaluate(RunAfterTestMethodCallbacks.java:81) [spring-test-4.1.1.RELEASE.jar:4.1.1.RELEASE]
	at org.springframework.test.context.junit4.statements.SpringRepeat.evaluate(SpringRepeat.java:72) [spring-test-4.1.1.RELEASE.jar:4.1.1.RELEASE]
	at org.junit.runners.ParentRunner.runLeaf(ParentRunner.java:271) [junit-4.11.jar:na]
	at org.springframework.test.context.junit4.SpringJUnit4ClassRunner.runChild(SpringJUnit4ClassRunner.java:216) [spring-test-4.1.1.RELEASE.jar:4.1.1.RELEASE]
	at org.springframework.test.context.junit4.SpringJUnit4ClassRunner.runChild(SpringJUnit4ClassRunner.java:82) [spring-test-4.1.1.RELEASE.jar:4.1.1.RELEASE]
	at org.junit.runners.ParentRunner$3.run(ParentRunner.java:238) [junit-4.11.jar:na]
	at org.junit.runners.ParentRunner$1.schedule(ParentRunner.java:63) [junit-4.11.jar:na]
	at org.junit.runners.ParentRunner.runChildren(ParentRunner.java:236) [junit-4.11.jar:na]
	at org.junit.runners.ParentRunner.access$000(ParentRunner.java:53) [junit-4.11.jar:na]
	at org.junit.runners.ParentRunner$2.evaluate(ParentRunner.java:229) [junit-4.11.jar:na]
	at org.springframework.test.context.junit4.statements.RunBeforeTestClassCallbacks.evaluate(RunBeforeTestClassCallbacks.java:60) [spring-test-4.1.1.RELEASE.jar:4.1.1.RELEASE]
	at org.springframework.test.context.junit4.statements.RunAfterTestClassCallbacks.evaluate(RunAfterTestClassCallbacks.java:67) [spring-test-4.1.1.RELEASE.jar:4.1.1.RELEASE]
	at org.junit.runners.ParentRunner.run(ParentRunner.java:309) [junit-4.11.jar:na]
	at org.springframework.test.context.junit4.SpringJUnit4ClassRunner.run(SpringJUnit4ClassRunner.java:162) [spring-test-4.1.1.RELEASE.jar:4.1.1.RELEASE]
	at org.apache.maven.surefire.junit4.JUnit4Provider.execute(JUnit4Provider.java:367) [surefire-junit4-2.19.1.jar:2.19.1]
	at org.apache.maven.surefire.junit4.JUnit4Provider.executeWithRerun(JUnit4Provider.java:274) [surefire-junit4-2.19.1.jar:2.19.1]
	at org.apache.maven.surefire.junit4.JUnit4Provider.executeTestSet(JUnit4Provider.java:238) [surefire-junit4-2.19.1.jar:2.19.1]
	at org.apache.maven.surefire.junit4.JUnit4Provider.invoke(JUnit4Provider.java:161) [surefire-junit4-2.19.1.jar:2.19.1]
	at org.apache.maven.surefire.booter.ForkedBooter.invokeProviderInSameClassLoader(ForkedBooter.java:290) [surefire-booter-2.19.1.jar:2.19.1]
	at org.apache.maven.surefire.booter.ForkedBooter.runSuitesInProcess(ForkedBooter.java:242) [surefire-booter-2.19.1.jar:2.19.1]
	at org.apache.maven.surefire.booter.ForkedBooter.main(ForkedBooter.java:121) [surefire-booter-2.19.1.jar:2.19.1]
]]></system-out>
  </testcase>
  <testcase name="shouldReturnNullWhenDatabaseEmptyAndSearchingById" classname="com.nurkiewicz.jdbcrepository.postgresql.JdbcRepositoryManualKeyPostgresqlTest" time="0">
    <skipped/>
    <system-out><![CDATA[22:42:08:594 | ERROR | main | o.s.t.c.t.TransactionalTestExecutionListener | Exception encountered while executing @BeforeTransaction methods for test context [DefaultTestContext@7a7ae0e1 testClass = JdbcRepositoryManualKeyPostgresqlTest, testInstance = com.nurkiewicz.jdbcrepository.postgresql.JdbcRepositoryManualKeyPostgresqlTest@3763c93b, testMethod = shouldReturnNullWhenDatabaseEmptyAndSearchingById@JdbcRepositoryManualKeyTest, testException = [null], mergedContextConfiguration = [MergedContextConfiguration@5f9b21a1 testClass = JdbcRepositoryManualKeyPostgresqlTest, locations = '{}', classes = '{class com.nurkiewicz.jdbcrepository.postgresql.JdbcRepositoryTestPostgresqlConfig}', contextInitializerClasses = '[]', activeProfiles = '{}', propertySourceLocations = '{}', propertySourceProperties = '{}', contextLoader = 'org.springframework.test.context.support.AnnotationConfigContextLoader', parent = [null]]].
java.net.ConnectException: Connection refused (Connection refused)
	at java.net.PlainSocketImpl.socketConnect(Native Method) ~[na:1.8.0_262]
	at java.net.AbstractPlainSocketImpl.doConnect(AbstractPlainSocketImpl.java:350) ~[na:1.8.0_262]
	at java.net.AbstractPlainSocketImpl.connectToAddress(AbstractPlainSocketImpl.java:206) ~[na:1.8.0_262]
	at java.net.AbstractPlainSocketImpl.connect(AbstractPlainSocketImpl.java:188) ~[na:1.8.0_262]
	at java.net.SocksSocketImpl.connect(SocksSocketImpl.java:392) ~[na:1.8.0_262]
	at java.net.Socket.connect(Socket.java:607) ~[na:1.8.0_262]
	at java.net.Socket.connect(Socket.java:556) ~[na:1.8.0_262]
	at com.nurkiewicz.jdbcrepository.AbstractIntegrationTest.ignoreIfDatabaseNotAvailable(AbstractIntegrationTest.java:36) ~[test-classes/:na]
	... 28 common frames omitted
Wrapped by: org.junit.internal.AssumptionViolatedException: got: <java.net.ConnectException: Connection refused (Connection refused)>, expected: null
	at org.junit.Assume.assumeThat(Assume.java:95) ~[junit-4.11.jar:na]
	at org.junit.Assume.assumeNoException(Assume.java:142) ~[junit-4.11.jar:na]
	at com.nurkiewicz.jdbcrepository.AbstractIntegrationTest.ignoreIfDatabaseNotAvailable(AbstractIntegrationTest.java:39) ~[test-classes/:na]
	at sun.reflect.GeneratedMethodAccessor21.invoke(Unknown Source) ~[na:na]
	at sun.reflect.DelegatingMethodAccessorImpl.invoke(DelegatingMethodAccessorImpl.java:43) ~[na:1.8.0_262]
	at java.lang.reflect.Method.invoke(Method.java:498) ~[na:1.8.0_262]
	at org.springframework.test.context.transaction.TransactionalTestExecutionListener.runBeforeTransactionMethods(TransactionalTestExecutionListener.java:248) [spring-test-4.1.1.RELEASE.jar:4.1.1.RELEASE]
	at org.springframework.test.context.transaction.TransactionalTestExecutionListener.beforeTestMethod(TransactionalTestExecutionListener.java:198) [spring-test-4.1.1.RELEASE.jar:4.1.1.RELEASE]
	at org.springframework.test.context.TestContextManager.beforeTestMethod(TestContextManager.java:249) [spring-test-4.1.1.RELEASE.jar:4.1.1.RELEASE]
	at org.springframework.test.context.junit4.statements.RunBeforeTestMethodCallbacks.evaluate(RunBeforeTestMethodCallbacks.java:71) [spring-test-4.1.1.RELEASE.jar:4.1.1.RELEASE]
	at org.springframework.test.context.junit4.statements.RunAfterTestMethodCallbacks.evaluate(RunAfterTestMethodCallbacks.java:81) [spring-test-4.1.1.RELEASE.jar:4.1.1.RELEASE]
	at org.springframework.test.context.junit4.statements.SpringRepeat.evaluate(SpringRepeat.java:72) [spring-test-4.1.1.RELEASE.jar:4.1.1.RELEASE]
	at org.junit.runners.ParentRunner.runLeaf(ParentRunner.java:271) [junit-4.11.jar:na]
	at org.springframework.test.context.junit4.SpringJUnit4ClassRunner.runChild(SpringJUnit4ClassRunner.java:216) [spring-test-4.1.1.RELEASE.jar:4.1.1.RELEASE]
	at org.springframework.test.context.junit4.SpringJUnit4ClassRunner.runChild(SpringJUnit4ClassRunner.java:82) [spring-test-4.1.1.RELEASE.jar:4.1.1.RELEASE]
	at org.junit.runners.ParentRunner$3.run(ParentRunner.java:238) [junit-4.11.jar:na]
	at org.junit.runners.ParentRunner$1.schedule(ParentRunner.java:63) [junit-4.11.jar:na]
	at org.junit.runners.ParentRunner.runChildren(ParentRunner.java:236) [junit-4.11.jar:na]
	at org.junit.runners.ParentRunner.access$000(ParentRunner.java:53) [junit-4.11.jar:na]
	at org.junit.runners.ParentRunner$2.evaluate(ParentRunner.java:229) [junit-4.11.jar:na]
	at org.springframework.test.context.junit4.statements.RunBeforeTestClassCallbacks.evaluate(RunBeforeTestClassCallbacks.java:60) [spring-test-4.1.1.RELEASE.jar:4.1.1.RELEASE]
	at org.springframework.test.context.junit4.statements.RunAfterTestClassCallbacks.evaluate(RunAfterTestClassCallbacks.java:67) [spring-test-4.1.1.RELEASE.jar:4.1.1.RELEASE]
	at org.junit.runners.ParentRunner.run(ParentRunner.java:309) [junit-4.11.jar:na]
	at org.springframework.test.context.junit4.SpringJUnit4ClassRunner.run(SpringJUnit4ClassRunner.java:162) [spring-test-4.1.1.RELEASE.jar:4.1.1.RELEASE]
	at org.apache.maven.surefire.junit4.JUnit4Provider.execute(JUnit4Provider.java:367) [surefire-junit4-2.19.1.jar:2.19.1]
	at org.apache.maven.surefire.junit4.JUnit4Provider.executeWithRerun(JUnit4Provider.java:274) [surefire-junit4-2.19.1.jar:2.19.1]
	at org.apache.maven.surefire.junit4.JUnit4Provider.executeTestSet(JUnit4Provider.java:238) [surefire-junit4-2.19.1.jar:2.19.1]
	at org.apache.maven.surefire.junit4.JUnit4Provider.invoke(JUnit4Provider.java:161) [surefire-junit4-2.19.1.jar:2.19.1]
	at org.apache.maven.surefire.booter.ForkedBooter.invokeProviderInSameClassLoader(ForkedBooter.java:290) [surefire-booter-2.19.1.jar:2.19.1]
	at org.apache.maven.surefire.booter.ForkedBooter.runSuitesInProcess(ForkedBooter.java:242) [surefire-booter-2.19.1.jar:2.19.1]
	at org.apache.maven.surefire.booter.ForkedBooter.main(ForkedBooter.java:121) [surefire-booter-2.19.1.jar:2.19.1]
22:42:08:595 | WARN  | main | o.s.t.c.TestContextManager | Caught exception while allowing TestExecutionListener [org.springframework.test.context.transaction.TransactionalTestExecutionListener@47742aae] to process 'before' execution of test method [public void com.nurkiewicz.jdbcrepository.JdbcRepositoryManualKeyTest.shouldReturnNullWhenDatabaseEmptyAndSearchingById()] for test instance [com.nurkiewicz.jdbcrepository.postgresql.JdbcRepositoryManualKeyPostgresqlTest@3763c93b]
java.net.ConnectException: Connection refused (Connection refused)
	at java.net.PlainSocketImpl.socketConnect(Native Method) ~[na:1.8.0_262]
	at java.net.AbstractPlainSocketImpl.doConnect(AbstractPlainSocketImpl.java:350) ~[na:1.8.0_262]
	at java.net.AbstractPlainSocketImpl.connectToAddress(AbstractPlainSocketImpl.java:206) ~[na:1.8.0_262]
	at java.net.AbstractPlainSocketImpl.connect(AbstractPlainSocketImpl.java:188) ~[na:1.8.0_262]
	at java.net.SocksSocketImpl.connect(SocksSocketImpl.java:392) ~[na:1.8.0_262]
	at java.net.Socket.connect(Socket.java:607) ~[na:1.8.0_262]
	at java.net.Socket.connect(Socket.java:556) ~[na:1.8.0_262]
	at com.nurkiewicz.jdbcrepository.AbstractIntegrationTest.ignoreIfDatabaseNotAvailable(AbstractIntegrationTest.java:36) ~[test-classes/:na]
	... 28 common frames omitted
Wrapped by: org.junit.internal.AssumptionViolatedException: got: <java.net.ConnectException: Connection refused (Connection refused)>, expected: null
	at org.junit.Assume.assumeThat(Assume.java:95) ~[junit-4.11.jar:na]
	at org.junit.Assume.assumeNoException(Assume.java:142) ~[junit-4.11.jar:na]
	at com.nurkiewicz.jdbcrepository.AbstractIntegrationTest.ignoreIfDatabaseNotAvailable(AbstractIntegrationTest.java:39) ~[test-classes/:na]
	at sun.reflect.GeneratedMethodAccessor21.invoke(Unknown Source) ~[na:na]
	at sun.reflect.DelegatingMethodAccessorImpl.invoke(DelegatingMethodAccessorImpl.java:43) ~[na:1.8.0_262]
	at java.lang.reflect.Method.invoke(Method.java:498) ~[na:1.8.0_262]
	at org.springframework.test.context.transaction.TransactionalTestExecutionListener.runBeforeTransactionMethods(TransactionalTestExecutionListener.java:248) ~[spring-test-4.1.1.RELEASE.jar:4.1.1.RELEASE]
	at org.springframework.test.context.transaction.TransactionalTestExecutionListener.beforeTestMethod(TransactionalTestExecutionListener.java:198) ~[spring-test-4.1.1.RELEASE.jar:4.1.1.RELEASE]
	at org.springframework.test.context.TestContextManager.beforeTestMethod(TestContextManager.java:249) ~[spring-test-4.1.1.RELEASE.jar:4.1.1.RELEASE]
	at org.springframework.test.context.junit4.statements.RunBeforeTestMethodCallbacks.evaluate(RunBeforeTestMethodCallbacks.java:71) [spring-test-4.1.1.RELEASE.jar:4.1.1.RELEASE]
	at org.springframework.test.context.junit4.statements.RunAfterTestMethodCallbacks.evaluate(RunAfterTestMethodCallbacks.java:81) [spring-test-4.1.1.RELEASE.jar:4.1.1.RELEASE]
	at org.springframework.test.context.junit4.statements.SpringRepeat.evaluate(SpringRepeat.java:72) [spring-test-4.1.1.RELEASE.jar:4.1.1.RELEASE]
	at org.junit.runners.ParentRunner.runLeaf(ParentRunner.java:271) [junit-4.11.jar:na]
	at org.springframework.test.context.junit4.SpringJUnit4ClassRunner.runChild(SpringJUnit4ClassRunner.java:216) [spring-test-4.1.1.RELEASE.jar:4.1.1.RELEASE]
	at org.springframework.test.context.junit4.SpringJUnit4ClassRunner.runChild(SpringJUnit4ClassRunner.java:82) [spring-test-4.1.1.RELEASE.jar:4.1.1.RELEASE]
	at org.junit.runners.ParentRunner$3.run(ParentRunner.java:238) [junit-4.11.jar:na]
	at org.junit.runners.ParentRunner$1.schedule(ParentRunner.java:63) [junit-4.11.jar:na]
	at org.junit.runners.ParentRunner.runChildren(ParentRunner.java:236) [junit-4.11.jar:na]
	at org.junit.runners.ParentRunner.access$000(ParentRunner.java:53) [junit-4.11.jar:na]
	at org.junit.runners.ParentRunner$2.evaluate(ParentRunner.java:229) [junit-4.11.jar:na]
	at org.springframework.test.context.junit4.statements.RunBeforeTestClassCallbacks.evaluate(RunBeforeTestClassCallbacks.java:60) [spring-test-4.1.1.RELEASE.jar:4.1.1.RELEASE]
	at org.springframework.test.context.junit4.statements.RunAfterTestClassCallbacks.evaluate(RunAfterTestClassCallbacks.java:67) [spring-test-4.1.1.RELEASE.jar:4.1.1.RELEASE]
	at org.junit.runners.ParentRunner.run(ParentRunner.java:309) [junit-4.11.jar:na]
	at org.springframework.test.context.junit4.SpringJUnit4ClassRunner.run(SpringJUnit4ClassRunner.java:162) [spring-test-4.1.1.RELEASE.jar:4.1.1.RELEASE]
	at org.apache.maven.surefire.junit4.JUnit4Provider.execute(JUnit4Provider.java:367) [surefire-junit4-2.19.1.jar:2.19.1]
	at org.apache.maven.surefire.junit4.JUnit4Provider.executeWithRerun(JUnit4Provider.java:274) [surefire-junit4-2.19.1.jar:2.19.1]
	at org.apache.maven.surefire.junit4.JUnit4Provider.executeTestSet(JUnit4Provider.java:238) [surefire-junit4-2.19.1.jar:2.19.1]
	at org.apache.maven.surefire.junit4.JUnit4Provider.invoke(JUnit4Provider.java:161) [surefire-junit4-2.19.1.jar:2.19.1]
	at org.apache.maven.surefire.booter.ForkedBooter.invokeProviderInSameClassLoader(ForkedBooter.java:290) [surefire-booter-2.19.1.jar:2.19.1]
	at org.apache.maven.surefire.booter.ForkedBooter.runSuitesInProcess(ForkedBooter.java:242) [surefire-booter-2.19.1.jar:2.19.1]
	at org.apache.maven.surefire.booter.ForkedBooter.main(ForkedBooter.java:121) [surefire-booter-2.19.1.jar:2.19.1]
]]></system-out>
  </testcase>
  <testcase name="shouldSortMultipleRecordsByTwoDifferentOrderingProperties" classname="com.nurkiewicz.jdbcrepository.postgresql.JdbcRepositoryManualKeyPostgresqlTest" time="0">
    <skipped/>
    <system-out><![CDATA[22:42:08:598 | ERROR | main | o.s.t.c.t.TransactionalTestExecutionListener | Exception encountered while executing @BeforeTransaction methods for test context [DefaultTestContext@7a7ae0e1 testClass = JdbcRepositoryManualKeyPostgresqlTest, testInstance = com.nurkiewicz.jdbcrepository.postgresql.JdbcRepositoryManualKeyPostgresqlTest@4884d951, testMethod = shouldSortMultipleRecordsByTwoDifferentOrderingProperties@JdbcRepositoryManualKeyTest, testException = [null], mergedContextConfiguration = [MergedContextConfiguration@5f9b21a1 testClass = JdbcRepositoryManualKeyPostgresqlTest, locations = '{}', classes = '{class com.nurkiewicz.jdbcrepository.postgresql.JdbcRepositoryTestPostgresqlConfig}', contextInitializerClasses = '[]', activeProfiles = '{}', propertySourceLocations = '{}', propertySourceProperties = '{}', contextLoader = 'org.springframework.test.context.support.AnnotationConfigContextLoader', parent = [null]]].
java.net.ConnectException: Connection refused (Connection refused)
	at java.net.PlainSocketImpl.socketConnect(Native Method) ~[na:1.8.0_262]
	at java.net.AbstractPlainSocketImpl.doConnect(AbstractPlainSocketImpl.java:350) ~[na:1.8.0_262]
	at java.net.AbstractPlainSocketImpl.connectToAddress(AbstractPlainSocketImpl.java:206) ~[na:1.8.0_262]
	at java.net.AbstractPlainSocketImpl.connect(AbstractPlainSocketImpl.java:188) ~[na:1.8.0_262]
	at java.net.SocksSocketImpl.connect(SocksSocketImpl.java:392) ~[na:1.8.0_262]
	at java.net.Socket.connect(Socket.java:607) ~[na:1.8.0_262]
	at java.net.Socket.connect(Socket.java:556) ~[na:1.8.0_262]
	at com.nurkiewicz.jdbcrepository.AbstractIntegrationTest.ignoreIfDatabaseNotAvailable(AbstractIntegrationTest.java:36) ~[test-classes/:na]
	... 28 common frames omitted
Wrapped by: org.junit.internal.AssumptionViolatedException: got: <java.net.ConnectException: Connection refused (Connection refused)>, expected: null
	at org.junit.Assume.assumeThat(Assume.java:95) ~[junit-4.11.jar:na]
	at org.junit.Assume.assumeNoException(Assume.java:142) ~[junit-4.11.jar:na]
	at com.nurkiewicz.jdbcrepository.AbstractIntegrationTest.ignoreIfDatabaseNotAvailable(AbstractIntegrationTest.java:39) ~[test-classes/:na]
	at sun.reflect.GeneratedMethodAccessor21.invoke(Unknown Source) ~[na:na]
	at sun.reflect.DelegatingMethodAccessorImpl.invoke(DelegatingMethodAccessorImpl.java:43) ~[na:1.8.0_262]
	at java.lang.reflect.Method.invoke(Method.java:498) ~[na:1.8.0_262]
	at org.springframework.test.context.transaction.TransactionalTestExecutionListener.runBeforeTransactionMethods(TransactionalTestExecutionListener.java:248) [spring-test-4.1.1.RELEASE.jar:4.1.1.RELEASE]
	at org.springframework.test.context.transaction.TransactionalTestExecutionListener.beforeTestMethod(TransactionalTestExecutionListener.java:198) [spring-test-4.1.1.RELEASE.jar:4.1.1.RELEASE]
	at org.springframework.test.context.TestContextManager.beforeTestMethod(TestContextManager.java:249) [spring-test-4.1.1.RELEASE.jar:4.1.1.RELEASE]
	at org.springframework.test.context.junit4.statements.RunBeforeTestMethodCallbacks.evaluate(RunBeforeTestMethodCallbacks.java:71) [spring-test-4.1.1.RELEASE.jar:4.1.1.RELEASE]
	at org.springframework.test.context.junit4.statements.RunAfterTestMethodCallbacks.evaluate(RunAfterTestMethodCallbacks.java:81) [spring-test-4.1.1.RELEASE.jar:4.1.1.RELEASE]
	at org.springframework.test.context.junit4.statements.SpringRepeat.evaluate(SpringRepeat.java:72) [spring-test-4.1.1.RELEASE.jar:4.1.1.RELEASE]
	at org.junit.runners.ParentRunner.runLeaf(ParentRunner.java:271) [junit-4.11.jar:na]
	at org.springframework.test.context.junit4.SpringJUnit4ClassRunner.runChild(SpringJUnit4ClassRunner.java:216) [spring-test-4.1.1.RELEASE.jar:4.1.1.RELEASE]
	at org.springframework.test.context.junit4.SpringJUnit4ClassRunner.runChild(SpringJUnit4ClassRunner.java:82) [spring-test-4.1.1.RELEASE.jar:4.1.1.RELEASE]
	at org.junit.runners.ParentRunner$3.run(ParentRunner.java:238) [junit-4.11.jar:na]
	at org.junit.runners.ParentRunner$1.schedule(ParentRunner.java:63) [junit-4.11.jar:na]
	at org.junit.runners.ParentRunner.runChildren(ParentRunner.java:236) [junit-4.11.jar:na]
	at org.junit.runners.ParentRunner.access$000(ParentRunner.java:53) [junit-4.11.jar:na]
	at org.junit.runners.ParentRunner$2.evaluate(ParentRunner.java:229) [junit-4.11.jar:na]
	at org.springframework.test.context.junit4.statements.RunBeforeTestClassCallbacks.evaluate(RunBeforeTestClassCallbacks.java:60) [spring-test-4.1.1.RELEASE.jar:4.1.1.RELEASE]
	at org.springframework.test.context.junit4.statements.RunAfterTestClassCallbacks.evaluate(RunAfterTestClassCallbacks.java:67) [spring-test-4.1.1.RELEASE.jar:4.1.1.RELEASE]
	at org.junit.runners.ParentRunner.run(ParentRunner.java:309) [junit-4.11.jar:na]
	at org.springframework.test.context.junit4.SpringJUnit4ClassRunner.run(SpringJUnit4ClassRunner.java:162) [spring-test-4.1.1.RELEASE.jar:4.1.1.RELEASE]
	at org.apache.maven.surefire.junit4.JUnit4Provider.execute(JUnit4Provider.java:367) [surefire-junit4-2.19.1.jar:2.19.1]
	at org.apache.maven.surefire.junit4.JUnit4Provider.executeWithRerun(JUnit4Provider.java:274) [surefire-junit4-2.19.1.jar:2.19.1]
	at org.apache.maven.surefire.junit4.JUnit4Provider.executeTestSet(JUnit4Provider.java:238) [surefire-junit4-2.19.1.jar:2.19.1]
	at org.apache.maven.surefire.junit4.JUnit4Provider.invoke(JUnit4Provider.java:161) [surefire-junit4-2.19.1.jar:2.19.1]
	at org.apache.maven.surefire.booter.ForkedBooter.invokeProviderInSameClassLoader(ForkedBooter.java:290) [surefire-booter-2.19.1.jar:2.19.1]
	at org.apache.maven.surefire.booter.ForkedBooter.runSuitesInProcess(ForkedBooter.java:242) [surefire-booter-2.19.1.jar:2.19.1]
	at org.apache.maven.surefire.booter.ForkedBooter.main(ForkedBooter.java:121) [surefire-booter-2.19.1.jar:2.19.1]
22:42:08:599 | WARN  | main | o.s.t.c.TestContextManager | Caught exception while allowing TestExecutionListener [org.springframework.test.context.transaction.TransactionalTestExecutionListener@47742aae] to process 'before' execution of test method [public void com.nurkiewicz.jdbcrepository.JdbcRepositoryManualKeyTest.shouldSortMultipleRecordsByTwoDifferentOrderingProperties() throws java.lang.Exception] for test instance [com.nurkiewicz.jdbcrepository.postgresql.JdbcRepositoryManualKeyPostgresqlTest@4884d951]
java.net.ConnectException: Connection refused (Connection refused)
	at java.net.PlainSocketImpl.socketConnect(Native Method) ~[na:1.8.0_262]
	at java.net.AbstractPlainSocketImpl.doConnect(AbstractPlainSocketImpl.java:350) ~[na:1.8.0_262]
	at java.net.AbstractPlainSocketImpl.connectToAddress(AbstractPlainSocketImpl.java:206) ~[na:1.8.0_262]
	at java.net.AbstractPlainSocketImpl.connect(AbstractPlainSocketImpl.java:188) ~[na:1.8.0_262]
	at java.net.SocksSocketImpl.connect(SocksSocketImpl.java:392) ~[na:1.8.0_262]
	at java.net.Socket.connect(Socket.java:607) ~[na:1.8.0_262]
	at java.net.Socket.connect(Socket.java:556) ~[na:1.8.0_262]
	at com.nurkiewicz.jdbcrepository.AbstractIntegrationTest.ignoreIfDatabaseNotAvailable(AbstractIntegrationTest.java:36) ~[test-classes/:na]
	... 28 common frames omitted
Wrapped by: org.junit.internal.AssumptionViolatedException: got: <java.net.ConnectException: Connection refused (Connection refused)>, expected: null
	at org.junit.Assume.assumeThat(Assume.java:95) ~[junit-4.11.jar:na]
	at org.junit.Assume.assumeNoException(Assume.java:142) ~[junit-4.11.jar:na]
	at com.nurkiewicz.jdbcrepository.AbstractIntegrationTest.ignoreIfDatabaseNotAvailable(AbstractIntegrationTest.java:39) ~[test-classes/:na]
	at sun.reflect.GeneratedMethodAccessor21.invoke(Unknown Source) ~[na:na]
	at sun.reflect.DelegatingMethodAccessorImpl.invoke(DelegatingMethodAccessorImpl.java:43) ~[na:1.8.0_262]
	at java.lang.reflect.Method.invoke(Method.java:498) ~[na:1.8.0_262]
	at org.springframework.test.context.transaction.TransactionalTestExecutionListener.runBeforeTransactionMethods(TransactionalTestExecutionListener.java:248) ~[spring-test-4.1.1.RELEASE.jar:4.1.1.RELEASE]
	at org.springframework.test.context.transaction.TransactionalTestExecutionListener.beforeTestMethod(TransactionalTestExecutionListener.java:198) ~[spring-test-4.1.1.RELEASE.jar:4.1.1.RELEASE]
	at org.springframework.test.context.TestContextManager.beforeTestMethod(TestContextManager.java:249) ~[spring-test-4.1.1.RELEASE.jar:4.1.1.RELEASE]
	at org.springframework.test.context.junit4.statements.RunBeforeTestMethodCallbacks.evaluate(RunBeforeTestMethodCallbacks.java:71) [spring-test-4.1.1.RELEASE.jar:4.1.1.RELEASE]
	at org.springframework.test.context.junit4.statements.RunAfterTestMethodCallbacks.evaluate(RunAfterTestMethodCallbacks.java:81) [spring-test-4.1.1.RELEASE.jar:4.1.1.RELEASE]
	at org.springframework.test.context.junit4.statements.SpringRepeat.evaluate(SpringRepeat.java:72) [spring-test-4.1.1.RELEASE.jar:4.1.1.RELEASE]
	at org.junit.runners.ParentRunner.runLeaf(ParentRunner.java:271) [junit-4.11.jar:na]
	at org.springframework.test.context.junit4.SpringJUnit4ClassRunner.runChild(SpringJUnit4ClassRunner.java:216) [spring-test-4.1.1.RELEASE.jar:4.1.1.RELEASE]
	at org.springframework.test.context.junit4.SpringJUnit4ClassRunner.runChild(SpringJUnit4ClassRunner.java:82) [spring-test-4.1.1.RELEASE.jar:4.1.1.RELEASE]
	at org.junit.runners.ParentRunner$3.run(ParentRunner.java:238) [junit-4.11.jar:na]
	at org.junit.runners.ParentRunner$1.schedule(ParentRunner.java:63) [junit-4.11.jar:na]
	at org.junit.runners.ParentRunner.runChildren(ParentRunner.java:236) [junit-4.11.jar:na]
	at org.junit.runners.ParentRunner.access$000(ParentRunner.java:53) [junit-4.11.jar:na]
	at org.junit.runners.ParentRunner$2.evaluate(ParentRunner.java:229) [junit-4.11.jar:na]
	at org.springframework.test.context.junit4.statements.RunBeforeTestClassCallbacks.evaluate(RunBeforeTestClassCallbacks.java:60) [spring-test-4.1.1.RELEASE.jar:4.1.1.RELEASE]
	at org.springframework.test.context.junit4.statements.RunAfterTestClassCallbacks.evaluate(RunAfterTestClassCallbacks.java:67) [spring-test-4.1.1.RELEASE.jar:4.1.1.RELEASE]
	at org.junit.runners.ParentRunner.run(ParentRunner.java:309) [junit-4.11.jar:na]
	at org.springframework.test.context.junit4.SpringJUnit4ClassRunner.run(SpringJUnit4ClassRunner.java:162) [spring-test-4.1.1.RELEASE.jar:4.1.1.RELEASE]
	at org.apache.maven.surefire.junit4.JUnit4Provider.execute(JUnit4Provider.java:367) [surefire-junit4-2.19.1.jar:2.19.1]
	at org.apache.maven.surefire.junit4.JUnit4Provider.executeWithRerun(JUnit4Provider.java:274) [surefire-junit4-2.19.1.jar:2.19.1]
	at org.apache.maven.surefire.junit4.JUnit4Provider.executeTestSet(JUnit4Provider.java:238) [surefire-junit4-2.19.1.jar:2.19.1]
	at org.apache.maven.surefire.junit4.JUnit4Provider.invoke(JUnit4Provider.java:161) [surefire-junit4-2.19.1.jar:2.19.1]
	at org.apache.maven.surefire.booter.ForkedBooter.invokeProviderInSameClassLoader(ForkedBooter.java:290) [surefire-booter-2.19.1.jar:2.19.1]
	at org.apache.maven.surefire.booter.ForkedBooter.runSuitesInProcess(ForkedBooter.java:242) [surefire-booter-2.19.1.jar:2.19.1]
	at org.apache.maven.surefire.booter.ForkedBooter.main(ForkedBooter.java:121) [surefire-booter-2.19.1.jar:2.19.1]
]]></system-out>
  </testcase>
  <testcase name="shouldReturnPageWithOneItemWhenOneRecordInDatabase" classname="com.nurkiewicz.jdbcrepository.postgresql.JdbcRepositoryManualKeyPostgresqlTest" time="0">
    <skipped/>
    <system-out><![CDATA[22:42:08:603 | ERROR | main | o.s.t.c.t.TransactionalTestExecutionListener | Exception encountered while executing @BeforeTransaction methods for test context [DefaultTestContext@7a7ae0e1 testClass = JdbcRepositoryManualKeyPostgresqlTest, testInstance = com.nurkiewicz.jdbcrepository.postgresql.JdbcRepositoryManualKeyPostgresqlTest@6af4c74e, testMethod = shouldReturnPageWithOneItemWhenOneRecordInDatabase@JdbcRepositoryManualKeyTest, testException = [null], mergedContextConfiguration = [MergedContextConfiguration@5f9b21a1 testClass = JdbcRepositoryManualKeyPostgresqlTest, locations = '{}', classes = '{class com.nurkiewicz.jdbcrepository.postgresql.JdbcRepositoryTestPostgresqlConfig}', contextInitializerClasses = '[]', activeProfiles = '{}', propertySourceLocations = '{}', propertySourceProperties = '{}', contextLoader = 'org.springframework.test.context.support.AnnotationConfigContextLoader', parent = [null]]].
java.net.ConnectException: Connection refused (Connection refused)
	at java.net.PlainSocketImpl.socketConnect(Native Method) ~[na:1.8.0_262]
	at java.net.AbstractPlainSocketImpl.doConnect(AbstractPlainSocketImpl.java:350) ~[na:1.8.0_262]
	at java.net.AbstractPlainSocketImpl.connectToAddress(AbstractPlainSocketImpl.java:206) ~[na:1.8.0_262]
	at java.net.AbstractPlainSocketImpl.connect(AbstractPlainSocketImpl.java:188) ~[na:1.8.0_262]
	at java.net.SocksSocketImpl.connect(SocksSocketImpl.java:392) ~[na:1.8.0_262]
	at java.net.Socket.connect(Socket.java:607) ~[na:1.8.0_262]
	at java.net.Socket.connect(Socket.java:556) ~[na:1.8.0_262]
	at com.nurkiewicz.jdbcrepository.AbstractIntegrationTest.ignoreIfDatabaseNotAvailable(AbstractIntegrationTest.java:36) ~[test-classes/:na]
	... 28 common frames omitted
Wrapped by: org.junit.internal.AssumptionViolatedException: got: <java.net.ConnectException: Connection refused (Connection refused)>, expected: null
	at org.junit.Assume.assumeThat(Assume.java:95) ~[junit-4.11.jar:na]
	at org.junit.Assume.assumeNoException(Assume.java:142) ~[junit-4.11.jar:na]
	at com.nurkiewicz.jdbcrepository.AbstractIntegrationTest.ignoreIfDatabaseNotAvailable(AbstractIntegrationTest.java:39) ~[test-classes/:na]
	at sun.reflect.GeneratedMethodAccessor21.invoke(Unknown Source) ~[na:na]
	at sun.reflect.DelegatingMethodAccessorImpl.invoke(DelegatingMethodAccessorImpl.java:43) ~[na:1.8.0_262]
	at java.lang.reflect.Method.invoke(Method.java:498) ~[na:1.8.0_262]
	at org.springframework.test.context.transaction.TransactionalTestExecutionListener.runBeforeTransactionMethods(TransactionalTestExecutionListener.java:248) [spring-test-4.1.1.RELEASE.jar:4.1.1.RELEASE]
	at org.springframework.test.context.transaction.TransactionalTestExecutionListener.beforeTestMethod(TransactionalTestExecutionListener.java:198) [spring-test-4.1.1.RELEASE.jar:4.1.1.RELEASE]
	at org.springframework.test.context.TestContextManager.beforeTestMethod(TestContextManager.java:249) [spring-test-4.1.1.RELEASE.jar:4.1.1.RELEASE]
	at org.springframework.test.context.junit4.statements.RunBeforeTestMethodCallbacks.evaluate(RunBeforeTestMethodCallbacks.java:71) [spring-test-4.1.1.RELEASE.jar:4.1.1.RELEASE]
	at org.springframework.test.context.junit4.statements.RunAfterTestMethodCallbacks.evaluate(RunAfterTestMethodCallbacks.java:81) [spring-test-4.1.1.RELEASE.jar:4.1.1.RELEASE]
	at org.springframework.test.context.junit4.statements.SpringRepeat.evaluate(SpringRepeat.java:72) [spring-test-4.1.1.RELEASE.jar:4.1.1.RELEASE]
	at org.junit.runners.ParentRunner.runLeaf(ParentRunner.java:271) [junit-4.11.jar:na]
	at org.springframework.test.context.junit4.SpringJUnit4ClassRunner.runChild(SpringJUnit4ClassRunner.java:216) [spring-test-4.1.1.RELEASE.jar:4.1.1.RELEASE]
	at org.springframework.test.context.junit4.SpringJUnit4ClassRunner.runChild(SpringJUnit4ClassRunner.java:82) [spring-test-4.1.1.RELEASE.jar:4.1.1.RELEASE]
	at org.junit.runners.ParentRunner$3.run(ParentRunner.java:238) [junit-4.11.jar:na]
	at org.junit.runners.ParentRunner$1.schedule(ParentRunner.java:63) [junit-4.11.jar:na]
	at org.junit.runners.ParentRunner.runChildren(ParentRunner.java:236) [junit-4.11.jar:na]
	at org.junit.runners.ParentRunner.access$000(ParentRunner.java:53) [junit-4.11.jar:na]
	at org.junit.runners.ParentRunner$2.evaluate(ParentRunner.java:229) [junit-4.11.jar:na]
	at org.springframework.test.context.junit4.statements.RunBeforeTestClassCallbacks.evaluate(RunBeforeTestClassCallbacks.java:60) [spring-test-4.1.1.RELEASE.jar:4.1.1.RELEASE]
	at org.springframework.test.context.junit4.statements.RunAfterTestClassCallbacks.evaluate(RunAfterTestClassCallbacks.java:67) [spring-test-4.1.1.RELEASE.jar:4.1.1.RELEASE]
	at org.junit.runners.ParentRunner.run(ParentRunner.java:309) [junit-4.11.jar:na]
	at org.springframework.test.context.junit4.SpringJUnit4ClassRunner.run(SpringJUnit4ClassRunner.java:162) [spring-test-4.1.1.RELEASE.jar:4.1.1.RELEASE]
	at org.apache.maven.surefire.junit4.JUnit4Provider.execute(JUnit4Provider.java:367) [surefire-junit4-2.19.1.jar:2.19.1]
	at org.apache.maven.surefire.junit4.JUnit4Provider.executeWithRerun(JUnit4Provider.java:274) [surefire-junit4-2.19.1.jar:2.19.1]
	at org.apache.maven.surefire.junit4.JUnit4Provider.executeTestSet(JUnit4Provider.java:238) [surefire-junit4-2.19.1.jar:2.19.1]
	at org.apache.maven.surefire.junit4.JUnit4Provider.invoke(JUnit4Provider.java:161) [surefire-junit4-2.19.1.jar:2.19.1]
	at org.apache.maven.surefire.booter.ForkedBooter.invokeProviderInSameClassLoader(ForkedBooter.java:290) [surefire-booter-2.19.1.jar:2.19.1]
	at org.apache.maven.surefire.booter.ForkedBooter.runSuitesInProcess(ForkedBooter.java:242) [surefire-booter-2.19.1.jar:2.19.1]
	at org.apache.maven.surefire.booter.ForkedBooter.main(ForkedBooter.java:121) [surefire-booter-2.19.1.jar:2.19.1]
22:42:08:604 | WARN  | main | o.s.t.c.TestContextManager | Caught exception while allowing TestExecutionListener [org.springframework.test.context.transaction.TransactionalTestExecutionListener@47742aae] to process 'before' execution of test method [public void com.nurkiewicz.jdbcrepository.JdbcRepositoryManualKeyTest.shouldReturnPageWithOneItemWhenOneRecordInDatabase()] for test instance [com.nurkiewicz.jdbcrepository.postgresql.JdbcRepositoryManualKeyPostgresqlTest@6af4c74e]
java.net.ConnectException: Connection refused (Connection refused)
	at java.net.PlainSocketImpl.socketConnect(Native Method) ~[na:1.8.0_262]
	at java.net.AbstractPlainSocketImpl.doConnect(AbstractPlainSocketImpl.java:350) ~[na:1.8.0_262]
	at java.net.AbstractPlainSocketImpl.connectToAddress(AbstractPlainSocketImpl.java:206) ~[na:1.8.0_262]
	at java.net.AbstractPlainSocketImpl.connect(AbstractPlainSocketImpl.java:188) ~[na:1.8.0_262]
	at java.net.SocksSocketImpl.connect(SocksSocketImpl.java:392) ~[na:1.8.0_262]
	at java.net.Socket.connect(Socket.java:607) ~[na:1.8.0_262]
	at java.net.Socket.connect(Socket.java:556) ~[na:1.8.0_262]
	at com.nurkiewicz.jdbcrepository.AbstractIntegrationTest.ignoreIfDatabaseNotAvailable(AbstractIntegrationTest.java:36) ~[test-classes/:na]
	... 28 common frames omitted
Wrapped by: org.junit.internal.AssumptionViolatedException: got: <java.net.ConnectException: Connection refused (Connection refused)>, expected: null
	at org.junit.Assume.assumeThat(Assume.java:95) ~[junit-4.11.jar:na]
	at org.junit.Assume.assumeNoException(Assume.java:142) ~[junit-4.11.jar:na]
	at com.nurkiewicz.jdbcrepository.AbstractIntegrationTest.ignoreIfDatabaseNotAvailable(AbstractIntegrationTest.java:39) ~[test-classes/:na]
	at sun.reflect.GeneratedMethodAccessor21.invoke(Unknown Source) ~[na:na]
	at sun.reflect.DelegatingMethodAccessorImpl.invoke(DelegatingMethodAccessorImpl.java:43) ~[na:1.8.0_262]
	at java.lang.reflect.Method.invoke(Method.java:498) ~[na:1.8.0_262]
	at org.springframework.test.context.transaction.TransactionalTestExecutionListener.runBeforeTransactionMethods(TransactionalTestExecutionListener.java:248) ~[spring-test-4.1.1.RELEASE.jar:4.1.1.RELEASE]
	at org.springframework.test.context.transaction.TransactionalTestExecutionListener.beforeTestMethod(TransactionalTestExecutionListener.java:198) ~[spring-test-4.1.1.RELEASE.jar:4.1.1.RELEASE]
	at org.springframework.test.context.TestContextManager.beforeTestMethod(TestContextManager.java:249) ~[spring-test-4.1.1.RELEASE.jar:4.1.1.RELEASE]
	at org.springframework.test.context.junit4.statements.RunBeforeTestMethodCallbacks.evaluate(RunBeforeTestMethodCallbacks.java:71) [spring-test-4.1.1.RELEASE.jar:4.1.1.RELEASE]
	at org.springframework.test.context.junit4.statements.RunAfterTestMethodCallbacks.evaluate(RunAfterTestMethodCallbacks.java:81) [spring-test-4.1.1.RELEASE.jar:4.1.1.RELEASE]
	at org.springframework.test.context.junit4.statements.SpringRepeat.evaluate(SpringRepeat.java:72) [spring-test-4.1.1.RELEASE.jar:4.1.1.RELEASE]
	at org.junit.runners.ParentRunner.runLeaf(ParentRunner.java:271) [junit-4.11.jar:na]
	at org.springframework.test.context.junit4.SpringJUnit4ClassRunner.runChild(SpringJUnit4ClassRunner.java:216) [spring-test-4.1.1.RELEASE.jar:4.1.1.RELEASE]
	at org.springframework.test.context.junit4.SpringJUnit4ClassRunner.runChild(SpringJUnit4ClassRunner.java:82) [spring-test-4.1.1.RELEASE.jar:4.1.1.RELEASE]
	at org.junit.runners.ParentRunner$3.run(ParentRunner.java:238) [junit-4.11.jar:na]
	at org.junit.runners.ParentRunner$1.schedule(ParentRunner.java:63) [junit-4.11.jar:na]
	at org.junit.runners.ParentRunner.runChildren(ParentRunner.java:236) [junit-4.11.jar:na]
	at org.junit.runners.ParentRunner.access$000(ParentRunner.java:53) [junit-4.11.jar:na]
	at org.junit.runners.ParentRunner$2.evaluate(ParentRunner.java:229) [junit-4.11.jar:na]
	at org.springframework.test.context.junit4.statements.RunBeforeTestClassCallbacks.evaluate(RunBeforeTestClassCallbacks.java:60) [spring-test-4.1.1.RELEASE.jar:4.1.1.RELEASE]
	at org.springframework.test.context.junit4.statements.RunAfterTestClassCallbacks.evaluate(RunAfterTestClassCallbacks.java:67) [spring-test-4.1.1.RELEASE.jar:4.1.1.RELEASE]
	at org.junit.runners.ParentRunner.run(ParentRunner.java:309) [junit-4.11.jar:na]
	at org.springframework.test.context.junit4.SpringJUnit4ClassRunner.run(SpringJUnit4ClassRunner.java:162) [spring-test-4.1.1.RELEASE.jar:4.1.1.RELEASE]
	at org.apache.maven.surefire.junit4.JUnit4Provider.execute(JUnit4Provider.java:367) [surefire-junit4-2.19.1.jar:2.19.1]
	at org.apache.maven.surefire.junit4.JUnit4Provider.executeWithRerun(JUnit4Provider.java:274) [surefire-junit4-2.19.1.jar:2.19.1]
	at org.apache.maven.surefire.junit4.JUnit4Provider.executeTestSet(JUnit4Provider.java:238) [surefire-junit4-2.19.1.jar:2.19.1]
	at org.apache.maven.surefire.junit4.JUnit4Provider.invoke(JUnit4Provider.java:161) [surefire-junit4-2.19.1.jar:2.19.1]
	at org.apache.maven.surefire.booter.ForkedBooter.invokeProviderInSameClassLoader(ForkedBooter.java:290) [surefire-booter-2.19.1.jar:2.19.1]
	at org.apache.maven.surefire.booter.ForkedBooter.runSuitesInProcess(ForkedBooter.java:242) [surefire-booter-2.19.1.jar:2.19.1]
	at org.apache.maven.surefire.booter.ForkedBooter.main(ForkedBooter.java:121) [surefire-booter-2.19.1.jar:2.19.1]
]]></system-out>
  </testcase>
  <testcase name="shouldSelectOneRecordById" classname="com.nurkiewicz.jdbcrepository.postgresql.JdbcRepositoryManualKeyPostgresqlTest" time="0">
    <skipped/>
    <system-out><![CDATA[22:42:08:607 | ERROR | main | o.s.t.c.t.TransactionalTestExecutionListener | Exception encountered while executing @BeforeTransaction methods for test context [DefaultTestContext@7a7ae0e1 testClass = JdbcRepositoryManualKeyPostgresqlTest, testInstance = com.nurkiewicz.jdbcrepository.postgresql.JdbcRepositoryManualKeyPostgresqlTest@1a0231f9, testMethod = shouldSelectOneRecordById@JdbcRepositoryManualKeyTest, testException = [null], mergedContextConfiguration = [MergedContextConfiguration@5f9b21a1 testClass = JdbcRepositoryManualKeyPostgresqlTest, locations = '{}', classes = '{class com.nurkiewicz.jdbcrepository.postgresql.JdbcRepositoryTestPostgresqlConfig}', contextInitializerClasses = '[]', activeProfiles = '{}', propertySourceLocations = '{}', propertySourceProperties = '{}', contextLoader = 'org.springframework.test.context.support.AnnotationConfigContextLoader', parent = [null]]].
java.net.ConnectException: Connection refused (Connection refused)
	at java.net.PlainSocketImpl.socketConnect(Native Method) ~[na:1.8.0_262]
	at java.net.AbstractPlainSocketImpl.doConnect(AbstractPlainSocketImpl.java:350) ~[na:1.8.0_262]
	at java.net.AbstractPlainSocketImpl.connectToAddress(AbstractPlainSocketImpl.java:206) ~[na:1.8.0_262]
	at java.net.AbstractPlainSocketImpl.connect(AbstractPlainSocketImpl.java:188) ~[na:1.8.0_262]
	at java.net.SocksSocketImpl.connect(SocksSocketImpl.java:392) ~[na:1.8.0_262]
	at java.net.Socket.connect(Socket.java:607) ~[na:1.8.0_262]
	at java.net.Socket.connect(Socket.java:556) ~[na:1.8.0_262]
	at com.nurkiewicz.jdbcrepository.AbstractIntegrationTest.ignoreIfDatabaseNotAvailable(AbstractIntegrationTest.java:36) ~[test-classes/:na]
	... 28 common frames omitted
Wrapped by: org.junit.internal.AssumptionViolatedException: got: <java.net.ConnectException: Connection refused (Connection refused)>, expected: null
	at org.junit.Assume.assumeThat(Assume.java:95) ~[junit-4.11.jar:na]
	at org.junit.Assume.assumeNoException(Assume.java:142) ~[junit-4.11.jar:na]
	at com.nurkiewicz.jdbcrepository.AbstractIntegrationTest.ignoreIfDatabaseNotAvailable(AbstractIntegrationTest.java:39) ~[test-classes/:na]
	at sun.reflect.GeneratedMethodAccessor21.invoke(Unknown Source) ~[na:na]
	at sun.reflect.DelegatingMethodAccessorImpl.invoke(DelegatingMethodAccessorImpl.java:43) ~[na:1.8.0_262]
	at java.lang.reflect.Method.invoke(Method.java:498) ~[na:1.8.0_262]
	at org.springframework.test.context.transaction.TransactionalTestExecutionListener.runBeforeTransactionMethods(TransactionalTestExecutionListener.java:248) [spring-test-4.1.1.RELEASE.jar:4.1.1.RELEASE]
	at org.springframework.test.context.transaction.TransactionalTestExecutionListener.beforeTestMethod(TransactionalTestExecutionListener.java:198) [spring-test-4.1.1.RELEASE.jar:4.1.1.RELEASE]
	at org.springframework.test.context.TestContextManager.beforeTestMethod(TestContextManager.java:249) [spring-test-4.1.1.RELEASE.jar:4.1.1.RELEASE]
	at org.springframework.test.context.junit4.statements.RunBeforeTestMethodCallbacks.evaluate(RunBeforeTestMethodCallbacks.java:71) [spring-test-4.1.1.RELEASE.jar:4.1.1.RELEASE]
	at org.springframework.test.context.junit4.statements.RunAfterTestMethodCallbacks.evaluate(RunAfterTestMethodCallbacks.java:81) [spring-test-4.1.1.RELEASE.jar:4.1.1.RELEASE]
	at org.springframework.test.context.junit4.statements.SpringRepeat.evaluate(SpringRepeat.java:72) [spring-test-4.1.1.RELEASE.jar:4.1.1.RELEASE]
	at org.junit.runners.ParentRunner.runLeaf(ParentRunner.java:271) [junit-4.11.jar:na]
	at org.springframework.test.context.junit4.SpringJUnit4ClassRunner.runChild(SpringJUnit4ClassRunner.java:216) [spring-test-4.1.1.RELEASE.jar:4.1.1.RELEASE]
	at org.springframework.test.context.junit4.SpringJUnit4ClassRunner.runChild(SpringJUnit4ClassRunner.java:82) [spring-test-4.1.1.RELEASE.jar:4.1.1.RELEASE]
	at org.junit.runners.ParentRunner$3.run(ParentRunner.java:238) [junit-4.11.jar:na]
	at org.junit.runners.ParentRunner$1.schedule(ParentRunner.java:63) [junit-4.11.jar:na]
	at org.junit.runners.ParentRunner.runChildren(ParentRunner.java:236) [junit-4.11.jar:na]
	at org.junit.runners.ParentRunner.access$000(ParentRunner.java:53) [junit-4.11.jar:na]
	at org.junit.runners.ParentRunner$2.evaluate(ParentRunner.java:229) [junit-4.11.jar:na]
	at org.springframework.test.context.junit4.statements.RunBeforeTestClassCallbacks.evaluate(RunBeforeTestClassCallbacks.java:60) [spring-test-4.1.1.RELEASE.jar:4.1.1.RELEASE]
	at org.springframework.test.context.junit4.statements.RunAfterTestClassCallbacks.evaluate(RunAfterTestClassCallbacks.java:67) [spring-test-4.1.1.RELEASE.jar:4.1.1.RELEASE]
	at org.junit.runners.ParentRunner.run(ParentRunner.java:309) [junit-4.11.jar:na]
	at org.springframework.test.context.junit4.SpringJUnit4ClassRunner.run(SpringJUnit4ClassRunner.java:162) [spring-test-4.1.1.RELEASE.jar:4.1.1.RELEASE]
	at org.apache.maven.surefire.junit4.JUnit4Provider.execute(JUnit4Provider.java:367) [surefire-junit4-2.19.1.jar:2.19.1]
	at org.apache.maven.surefire.junit4.JUnit4Provider.executeWithRerun(JUnit4Provider.java:274) [surefire-junit4-2.19.1.jar:2.19.1]
	at org.apache.maven.surefire.junit4.JUnit4Provider.executeTestSet(JUnit4Provider.java:238) [surefire-junit4-2.19.1.jar:2.19.1]
	at org.apache.maven.surefire.junit4.JUnit4Provider.invoke(JUnit4Provider.java:161) [surefire-junit4-2.19.1.jar:2.19.1]
	at org.apache.maven.surefire.booter.ForkedBooter.invokeProviderInSameClassLoader(ForkedBooter.java:290) [surefire-booter-2.19.1.jar:2.19.1]
	at org.apache.maven.surefire.booter.ForkedBooter.runSuitesInProcess(ForkedBooter.java:242) [surefire-booter-2.19.1.jar:2.19.1]
	at org.apache.maven.surefire.booter.ForkedBooter.main(ForkedBooter.java:121) [surefire-booter-2.19.1.jar:2.19.1]
22:42:08:608 | WARN  | main | o.s.t.c.TestContextManager | Caught exception while allowing TestExecutionListener [org.springframework.test.context.transaction.TransactionalTestExecutionListener@47742aae] to process 'before' execution of test method [public void com.nurkiewicz.jdbcrepository.JdbcRepositoryManualKeyTest.shouldSelectOneRecordById() throws java.lang.Exception] for test instance [com.nurkiewicz.jdbcrepository.postgresql.JdbcRepositoryManualKeyPostgresqlTest@1a0231f9]
java.net.ConnectException: Connection refused (Connection refused)
	at java.net.PlainSocketImpl.socketConnect(Native Method) ~[na:1.8.0_262]
	at java.net.AbstractPlainSocketImpl.doConnect(AbstractPlainSocketImpl.java:350) ~[na:1.8.0_262]
	at java.net.AbstractPlainSocketImpl.connectToAddress(AbstractPlainSocketImpl.java:206) ~[na:1.8.0_262]
	at java.net.AbstractPlainSocketImpl.connect(AbstractPlainSocketImpl.java:188) ~[na:1.8.0_262]
	at java.net.SocksSocketImpl.connect(SocksSocketImpl.java:392) ~[na:1.8.0_262]
	at java.net.Socket.connect(Socket.java:607) ~[na:1.8.0_262]
	at java.net.Socket.connect(Socket.java:556) ~[na:1.8.0_262]
	at com.nurkiewicz.jdbcrepository.AbstractIntegrationTest.ignoreIfDatabaseNotAvailable(AbstractIntegrationTest.java:36) ~[test-classes/:na]
	... 28 common frames omitted
Wrapped by: org.junit.internal.AssumptionViolatedException: got: <java.net.ConnectException: Connection refused (Connection refused)>, expected: null
	at org.junit.Assume.assumeThat(Assume.java:95) ~[junit-4.11.jar:na]
	at org.junit.Assume.assumeNoException(Assume.java:142) ~[junit-4.11.jar:na]
	at com.nurkiewicz.jdbcrepository.AbstractIntegrationTest.ignoreIfDatabaseNotAvailable(AbstractIntegrationTest.java:39) ~[test-classes/:na]
	at sun.reflect.GeneratedMethodAccessor21.invoke(Unknown Source) ~[na:na]
	at sun.reflect.DelegatingMethodAccessorImpl.invoke(DelegatingMethodAccessorImpl.java:43) ~[na:1.8.0_262]
	at java.lang.reflect.Method.invoke(Method.java:498) ~[na:1.8.0_262]
	at org.springframework.test.context.transaction.TransactionalTestExecutionListener.runBeforeTransactionMethods(TransactionalTestExecutionListener.java:248) ~[spring-test-4.1.1.RELEASE.jar:4.1.1.RELEASE]
	at org.springframework.test.context.transaction.TransactionalTestExecutionListener.beforeTestMethod(TransactionalTestExecutionListener.java:198) ~[spring-test-4.1.1.RELEASE.jar:4.1.1.RELEASE]
	at org.springframework.test.context.TestContextManager.beforeTestMethod(TestContextManager.java:249) ~[spring-test-4.1.1.RELEASE.jar:4.1.1.RELEASE]
	at org.springframework.test.context.junit4.statements.RunBeforeTestMethodCallbacks.evaluate(RunBeforeTestMethodCallbacks.java:71) [spring-test-4.1.1.RELEASE.jar:4.1.1.RELEASE]
	at org.springframework.test.context.junit4.statements.RunAfterTestMethodCallbacks.evaluate(RunAfterTestMethodCallbacks.java:81) [spring-test-4.1.1.RELEASE.jar:4.1.1.RELEASE]
	at org.springframework.test.context.junit4.statements.SpringRepeat.evaluate(SpringRepeat.java:72) [spring-test-4.1.1.RELEASE.jar:4.1.1.RELEASE]
	at org.junit.runners.ParentRunner.runLeaf(ParentRunner.java:271) [junit-4.11.jar:na]
	at org.springframework.test.context.junit4.SpringJUnit4ClassRunner.runChild(SpringJUnit4ClassRunner.java:216) [spring-test-4.1.1.RELEASE.jar:4.1.1.RELEASE]
	at org.springframework.test.context.junit4.SpringJUnit4ClassRunner.runChild(SpringJUnit4ClassRunner.java:82) [spring-test-4.1.1.RELEASE.jar:4.1.1.RELEASE]
	at org.junit.runners.ParentRunner$3.run(ParentRunner.java:238) [junit-4.11.jar:na]
	at org.junit.runners.ParentRunner$1.schedule(ParentRunner.java:63) [junit-4.11.jar:na]
	at org.junit.runners.ParentRunner.runChildren(ParentRunner.java:236) [junit-4.11.jar:na]
	at org.junit.runners.ParentRunner.access$000(ParentRunner.java:53) [junit-4.11.jar:na]
	at org.junit.runners.ParentRunner$2.evaluate(ParentRunner.java:229) [junit-4.11.jar:na]
	at org.springframework.test.context.junit4.statements.RunBeforeTestClassCallbacks.evaluate(RunBeforeTestClassCallbacks.java:60) [spring-test-4.1.1.RELEASE.jar:4.1.1.RELEASE]
	at org.springframework.test.context.junit4.statements.RunAfterTestClassCallbacks.evaluate(RunAfterTestClassCallbacks.java:67) [spring-test-4.1.1.RELEASE.jar:4.1.1.RELEASE]
	at org.junit.runners.ParentRunner.run(ParentRunner.java:309) [junit-4.11.jar:na]
	at org.springframework.test.context.junit4.SpringJUnit4ClassRunner.run(SpringJUnit4ClassRunner.java:162) [spring-test-4.1.1.RELEASE.jar:4.1.1.RELEASE]
	at org.apache.maven.surefire.junit4.JUnit4Provider.execute(JUnit4Provider.java:367) [surefire-junit4-2.19.1.jar:2.19.1]
	at org.apache.maven.surefire.junit4.JUnit4Provider.executeWithRerun(JUnit4Provider.java:274) [surefire-junit4-2.19.1.jar:2.19.1]
	at org.apache.maven.surefire.junit4.JUnit4Provider.executeTestSet(JUnit4Provider.java:238) [surefire-junit4-2.19.1.jar:2.19.1]
	at org.apache.maven.surefire.junit4.JUnit4Provider.invoke(JUnit4Provider.java:161) [surefire-junit4-2.19.1.jar:2.19.1]
	at org.apache.maven.surefire.booter.ForkedBooter.invokeProviderInSameClassLoader(ForkedBooter.java:290) [surefire-booter-2.19.1.jar:2.19.1]
	at org.apache.maven.surefire.booter.ForkedBooter.runSuitesInProcess(ForkedBooter.java:242) [surefire-booter-2.19.1.jar:2.19.1]
	at org.apache.maven.surefire.booter.ForkedBooter.main(ForkedBooter.java:121) [surefire-booter-2.19.1.jar:2.19.1]
]]></system-out>
  </testcase>
  <testcase name="shouldReturnEmptyListWhenDatabaseEmpty" classname="com.nurkiewicz.jdbcrepository.postgresql.JdbcRepositoryManualKeyPostgresqlTest" time="0">
    <skipped/>
    <system-out><![CDATA[22:42:08:610 | ERROR | main | o.s.t.c.t.TransactionalTestExecutionListener | Exception encountered while executing @BeforeTransaction methods for test context [DefaultTestContext@7a7ae0e1 testClass = JdbcRepositoryManualKeyPostgresqlTest, testInstance = com.nurkiewicz.jdbcrepository.postgresql.JdbcRepositoryManualKeyPostgresqlTest@104b145b, testMethod = shouldReturnEmptyListWhenDatabaseEmpty@JdbcRepositoryManualKeyTest, testException = [null], mergedContextConfiguration = [MergedContextConfiguration@5f9b21a1 testClass = JdbcRepositoryManualKeyPostgresqlTest, locations = '{}', classes = '{class com.nurkiewicz.jdbcrepository.postgresql.JdbcRepositoryTestPostgresqlConfig}', contextInitializerClasses = '[]', activeProfiles = '{}', propertySourceLocations = '{}', propertySourceProperties = '{}', contextLoader = 'org.springframework.test.context.support.AnnotationConfigContextLoader', parent = [null]]].
java.net.ConnectException: Connection refused (Connection refused)
	at java.net.PlainSocketImpl.socketConnect(Native Method) ~[na:1.8.0_262]
	at java.net.AbstractPlainSocketImpl.doConnect(AbstractPlainSocketImpl.java:350) ~[na:1.8.0_262]
	at java.net.AbstractPlainSocketImpl.connectToAddress(AbstractPlainSocketImpl.java:206) ~[na:1.8.0_262]
	at java.net.AbstractPlainSocketImpl.connect(AbstractPlainSocketImpl.java:188) ~[na:1.8.0_262]
	at java.net.SocksSocketImpl.connect(SocksSocketImpl.java:392) ~[na:1.8.0_262]
	at java.net.Socket.connect(Socket.java:607) ~[na:1.8.0_262]
	at java.net.Socket.connect(Socket.java:556) ~[na:1.8.0_262]
	at com.nurkiewicz.jdbcrepository.AbstractIntegrationTest.ignoreIfDatabaseNotAvailable(AbstractIntegrationTest.java:36) ~[test-classes/:na]
	... 28 common frames omitted
Wrapped by: org.junit.internal.AssumptionViolatedException: got: <java.net.ConnectException: Connection refused (Connection refused)>, expected: null
	at org.junit.Assume.assumeThat(Assume.java:95) ~[junit-4.11.jar:na]
	at org.junit.Assume.assumeNoException(Assume.java:142) ~[junit-4.11.jar:na]
	at com.nurkiewicz.jdbcrepository.AbstractIntegrationTest.ignoreIfDatabaseNotAvailable(AbstractIntegrationTest.java:39) ~[test-classes/:na]
	at sun.reflect.GeneratedMethodAccessor21.invoke(Unknown Source) ~[na:na]
	at sun.reflect.DelegatingMethodAccessorImpl.invoke(DelegatingMethodAccessorImpl.java:43) ~[na:1.8.0_262]
	at java.lang.reflect.Method.invoke(Method.java:498) ~[na:1.8.0_262]
	at org.springframework.test.context.transaction.TransactionalTestExecutionListener.runBeforeTransactionMethods(TransactionalTestExecutionListener.java:248) [spring-test-4.1.1.RELEASE.jar:4.1.1.RELEASE]
	at org.springframework.test.context.transaction.TransactionalTestExecutionListener.beforeTestMethod(TransactionalTestExecutionListener.java:198) [spring-test-4.1.1.RELEASE.jar:4.1.1.RELEASE]
	at org.springframework.test.context.TestContextManager.beforeTestMethod(TestContextManager.java:249) [spring-test-4.1.1.RELEASE.jar:4.1.1.RELEASE]
	at org.springframework.test.context.junit4.statements.RunBeforeTestMethodCallbacks.evaluate(RunBeforeTestMethodCallbacks.java:71) [spring-test-4.1.1.RELEASE.jar:4.1.1.RELEASE]
	at org.springframework.test.context.junit4.statements.RunAfterTestMethodCallbacks.evaluate(RunAfterTestMethodCallbacks.java:81) [spring-test-4.1.1.RELEASE.jar:4.1.1.RELEASE]
	at org.springframework.test.context.junit4.statements.SpringRepeat.evaluate(SpringRepeat.java:72) [spring-test-4.1.1.RELEASE.jar:4.1.1.RELEASE]
	at org.junit.runners.ParentRunner.runLeaf(ParentRunner.java:271) [junit-4.11.jar:na]
	at org.springframework.test.context.junit4.SpringJUnit4ClassRunner.runChild(SpringJUnit4ClassRunner.java:216) [spring-test-4.1.1.RELEASE.jar:4.1.1.RELEASE]
	at org.springframework.test.context.junit4.SpringJUnit4ClassRunner.runChild(SpringJUnit4ClassRunner.java:82) [spring-test-4.1.1.RELEASE.jar:4.1.1.RELEASE]
	at org.junit.runners.ParentRunner$3.run(ParentRunner.java:238) [junit-4.11.jar:na]
	at org.junit.runners.ParentRunner$1.schedule(ParentRunner.java:63) [junit-4.11.jar:na]
	at org.junit.runners.ParentRunner.runChildren(ParentRunner.java:236) [junit-4.11.jar:na]
	at org.junit.runners.ParentRunner.access$000(ParentRunner.java:53) [junit-4.11.jar:na]
	at org.junit.runners.ParentRunner$2.evaluate(ParentRunner.java:229) [junit-4.11.jar:na]
	at org.springframework.test.context.junit4.statements.RunBeforeTestClassCallbacks.evaluate(RunBeforeTestClassCallbacks.java:60) [spring-test-4.1.1.RELEASE.jar:4.1.1.RELEASE]
	at org.springframework.test.context.junit4.statements.RunAfterTestClassCallbacks.evaluate(RunAfterTestClassCallbacks.java:67) [spring-test-4.1.1.RELEASE.jar:4.1.1.RELEASE]
	at org.junit.runners.ParentRunner.run(ParentRunner.java:309) [junit-4.11.jar:na]
	at org.springframework.test.context.junit4.SpringJUnit4ClassRunner.run(SpringJUnit4ClassRunner.java:162) [spring-test-4.1.1.RELEASE.jar:4.1.1.RELEASE]
	at org.apache.maven.surefire.junit4.JUnit4Provider.execute(JUnit4Provider.java:367) [surefire-junit4-2.19.1.jar:2.19.1]
	at org.apache.maven.surefire.junit4.JUnit4Provider.executeWithRerun(JUnit4Provider.java:274) [surefire-junit4-2.19.1.jar:2.19.1]
	at org.apache.maven.surefire.junit4.JUnit4Provider.executeTestSet(JUnit4Provider.java:238) [surefire-junit4-2.19.1.jar:2.19.1]
	at org.apache.maven.surefire.junit4.JUnit4Provider.invoke(JUnit4Provider.java:161) [surefire-junit4-2.19.1.jar:2.19.1]
	at org.apache.maven.surefire.booter.ForkedBooter.invokeProviderInSameClassLoader(ForkedBooter.java:290) [surefire-booter-2.19.1.jar:2.19.1]
	at org.apache.maven.surefire.booter.ForkedBooter.runSuitesInProcess(ForkedBooter.java:242) [surefire-booter-2.19.1.jar:2.19.1]
	at org.apache.maven.surefire.booter.ForkedBooter.main(ForkedBooter.java:121) [surefire-booter-2.19.1.jar:2.19.1]
22:42:08:612 | WARN  | main | o.s.t.c.TestContextManager | Caught exception while allowing TestExecutionListener [org.springframework.test.context.transaction.TransactionalTestExecutionListener@47742aae] to process 'before' execution of test method [public void com.nurkiewicz.jdbcrepository.JdbcRepositoryManualKeyTest.shouldReturnEmptyListWhenDatabaseEmpty()] for test instance [com.nurkiewicz.jdbcrepository.postgresql.JdbcRepositoryManualKeyPostgresqlTest@104b145b]
java.net.ConnectException: Connection refused (Connection refused)
	at java.net.PlainSocketImpl.socketConnect(Native Method) ~[na:1.8.0_262]
	at java.net.AbstractPlainSocketImpl.doConnect(AbstractPlainSocketImpl.java:350) ~[na:1.8.0_262]
	at java.net.AbstractPlainSocketImpl.connectToAddress(AbstractPlainSocketImpl.java:206) ~[na:1.8.0_262]
	at java.net.AbstractPlainSocketImpl.connect(AbstractPlainSocketImpl.java:188) ~[na:1.8.0_262]
	at java.net.SocksSocketImpl.connect(SocksSocketImpl.java:392) ~[na:1.8.0_262]
	at java.net.Socket.connect(Socket.java:607) ~[na:1.8.0_262]
	at java.net.Socket.connect(Socket.java:556) ~[na:1.8.0_262]
	at com.nurkiewicz.jdbcrepository.AbstractIntegrationTest.ignoreIfDatabaseNotAvailable(AbstractIntegrationTest.java:36) ~[test-classes/:na]
	... 28 common frames omitted
Wrapped by: org.junit.internal.AssumptionViolatedException: got: <java.net.ConnectException: Connection refused (Connection refused)>, expected: null
	at org.junit.Assume.assumeThat(Assume.java:95) ~[junit-4.11.jar:na]
	at org.junit.Assume.assumeNoException(Assume.java:142) ~[junit-4.11.jar:na]
	at com.nurkiewicz.jdbcrepository.AbstractIntegrationTest.ignoreIfDatabaseNotAvailable(AbstractIntegrationTest.java:39) ~[test-classes/:na]
	at sun.reflect.GeneratedMethodAccessor21.invoke(Unknown Source) ~[na:na]
	at sun.reflect.DelegatingMethodAccessorImpl.invoke(DelegatingMethodAccessorImpl.java:43) ~[na:1.8.0_262]
	at java.lang.reflect.Method.invoke(Method.java:498) ~[na:1.8.0_262]
	at org.springframework.test.context.transaction.TransactionalTestExecutionListener.runBeforeTransactionMethods(TransactionalTestExecutionListener.java:248) ~[spring-test-4.1.1.RELEASE.jar:4.1.1.RELEASE]
	at org.springframework.test.context.transaction.TransactionalTestExecutionListener.beforeTestMethod(TransactionalTestExecutionListener.java:198) ~[spring-test-4.1.1.RELEASE.jar:4.1.1.RELEASE]
	at org.springframework.test.context.TestContextManager.beforeTestMethod(TestContextManager.java:249) ~[spring-test-4.1.1.RELEASE.jar:4.1.1.RELEASE]
	at org.springframework.test.context.junit4.statements.RunBeforeTestMethodCallbacks.evaluate(RunBeforeTestMethodCallbacks.java:71) [spring-test-4.1.1.RELEASE.jar:4.1.1.RELEASE]
	at org.springframework.test.context.junit4.statements.RunAfterTestMethodCallbacks.evaluate(RunAfterTestMethodCallbacks.java:81) [spring-test-4.1.1.RELEASE.jar:4.1.1.RELEASE]
	at org.springframework.test.context.junit4.statements.SpringRepeat.evaluate(SpringRepeat.java:72) [spring-test-4.1.1.RELEASE.jar:4.1.1.RELEASE]
	at org.junit.runners.ParentRunner.runLeaf(ParentRunner.java:271) [junit-4.11.jar:na]
	at org.springframework.test.context.junit4.SpringJUnit4ClassRunner.runChild(SpringJUnit4ClassRunner.java:216) [spring-test-4.1.1.RELEASE.jar:4.1.1.RELEASE]
	at org.springframework.test.context.junit4.SpringJUnit4ClassRunner.runChild(SpringJUnit4ClassRunner.java:82) [spring-test-4.1.1.RELEASE.jar:4.1.1.RELEASE]
	at org.junit.runners.ParentRunner$3.run(ParentRunner.java:238) [junit-4.11.jar:na]
	at org.junit.runners.ParentRunner$1.schedule(ParentRunner.java:63) [junit-4.11.jar:na]
	at org.junit.runners.ParentRunner.runChildren(ParentRunner.java:236) [junit-4.11.jar:na]
	at org.junit.runners.ParentRunner.access$000(ParentRunner.java:53) [junit-4.11.jar:na]
	at org.junit.runners.ParentRunner$2.evaluate(ParentRunner.java:229) [junit-4.11.jar:na]
	at org.springframework.test.context.junit4.statements.RunBeforeTestClassCallbacks.evaluate(RunBeforeTestClassCallbacks.java:60) [spring-test-4.1.1.RELEASE.jar:4.1.1.RELEASE]
	at org.springframework.test.context.junit4.statements.RunAfterTestClassCallbacks.evaluate(RunAfterTestClassCallbacks.java:67) [spring-test-4.1.1.RELEASE.jar:4.1.1.RELEASE]
	at org.junit.runners.ParentRunner.run(ParentRunner.java:309) [junit-4.11.jar:na]
	at org.springframework.test.context.junit4.SpringJUnit4ClassRunner.run(SpringJUnit4ClassRunner.java:162) [spring-test-4.1.1.RELEASE.jar:4.1.1.RELEASE]
	at org.apache.maven.surefire.junit4.JUnit4Provider.execute(JUnit4Provider.java:367) [surefire-junit4-2.19.1.jar:2.19.1]
	at org.apache.maven.surefire.junit4.JUnit4Provider.executeWithRerun(JUnit4Provider.java:274) [surefire-junit4-2.19.1.jar:2.19.1]
	at org.apache.maven.surefire.junit4.JUnit4Provider.executeTestSet(JUnit4Provider.java:238) [surefire-junit4-2.19.1.jar:2.19.1]
	at org.apache.maven.surefire.junit4.JUnit4Provider.invoke(JUnit4Provider.java:161) [surefire-junit4-2.19.1.jar:2.19.1]
	at org.apache.maven.surefire.booter.ForkedBooter.invokeProviderInSameClassLoader(ForkedBooter.java:290) [surefire-booter-2.19.1.jar:2.19.1]
	at org.apache.maven.surefire.booter.ForkedBooter.runSuitesInProcess(ForkedBooter.java:242) [surefire-booter-2.19.1.jar:2.19.1]
	at org.apache.maven.surefire.booter.ForkedBooter.main(ForkedBooter.java:121) [surefire-booter-2.19.1.jar:2.19.1]
]]></system-out>
  </testcase>
  <testcase name="shouldReturnNullWhenEntityForGivenIdDoesNotExist" classname="com.nurkiewicz.jdbcrepository.postgresql.JdbcRepositoryManualKeyPostgresqlTest" time="0">
    <skipped/>
    <system-out><![CDATA[22:42:08:614 | ERROR | main | o.s.t.c.t.TransactionalTestExecutionListener | Exception encountered while executing @BeforeTransaction methods for test context [DefaultTestContext@7a7ae0e1 testClass = JdbcRepositoryManualKeyPostgresqlTest, testInstance = com.nurkiewicz.jdbcrepository.postgresql.JdbcRepositoryManualKeyPostgresqlTest@33b8f619, testMethod = shouldReturnNullWhenEntityForGivenIdDoesNotExist@JdbcRepositoryManualKeyTest, testException = [null], mergedContextConfiguration = [MergedContextConfiguration@5f9b21a1 testClass = JdbcRepositoryManualKeyPostgresqlTest, locations = '{}', classes = '{class com.nurkiewicz.jdbcrepository.postgresql.JdbcRepositoryTestPostgresqlConfig}', contextInitializerClasses = '[]', activeProfiles = '{}', propertySourceLocations = '{}', propertySourceProperties = '{}', contextLoader = 'org.springframework.test.context.support.AnnotationConfigContextLoader', parent = [null]]].
java.net.ConnectException: Connection refused (Connection refused)
	at java.net.PlainSocketImpl.socketConnect(Native Method) ~[na:1.8.0_262]
	at java.net.AbstractPlainSocketImpl.doConnect(AbstractPlainSocketImpl.java:350) ~[na:1.8.0_262]
	at java.net.AbstractPlainSocketImpl.connectToAddress(AbstractPlainSocketImpl.java:206) ~[na:1.8.0_262]
	at java.net.AbstractPlainSocketImpl.connect(AbstractPlainSocketImpl.java:188) ~[na:1.8.0_262]
	at java.net.SocksSocketImpl.connect(SocksSocketImpl.java:392) ~[na:1.8.0_262]
	at java.net.Socket.connect(Socket.java:607) ~[na:1.8.0_262]
	at java.net.Socket.connect(Socket.java:556) ~[na:1.8.0_262]
	at com.nurkiewicz.jdbcrepository.AbstractIntegrationTest.ignoreIfDatabaseNotAvailable(AbstractIntegrationTest.java:36) ~[test-classes/:na]
	... 28 common frames omitted
Wrapped by: org.junit.internal.AssumptionViolatedException: got: <java.net.ConnectException: Connection refused (Connection refused)>, expected: null
	at org.junit.Assume.assumeThat(Assume.java:95) ~[junit-4.11.jar:na]
	at org.junit.Assume.assumeNoException(Assume.java:142) ~[junit-4.11.jar:na]
	at com.nurkiewicz.jdbcrepository.AbstractIntegrationTest.ignoreIfDatabaseNotAvailable(AbstractIntegrationTest.java:39) ~[test-classes/:na]
	at sun.reflect.GeneratedMethodAccessor21.invoke(Unknown Source) ~[na:na]
	at sun.reflect.DelegatingMethodAccessorImpl.invoke(DelegatingMethodAccessorImpl.java:43) ~[na:1.8.0_262]
	at java.lang.reflect.Method.invoke(Method.java:498) ~[na:1.8.0_262]
	at org.springframework.test.context.transaction.TransactionalTestExecutionListener.runBeforeTransactionMethods(TransactionalTestExecutionListener.java:248) [spring-test-4.1.1.RELEASE.jar:4.1.1.RELEASE]
	at org.springframework.test.context.transaction.TransactionalTestExecutionListener.beforeTestMethod(TransactionalTestExecutionListener.java:198) [spring-test-4.1.1.RELEASE.jar:4.1.1.RELEASE]
	at org.springframework.test.context.TestContextManager.beforeTestMethod(TestContextManager.java:249) [spring-test-4.1.1.RELEASE.jar:4.1.1.RELEASE]
	at org.springframework.test.context.junit4.statements.RunBeforeTestMethodCallbacks.evaluate(RunBeforeTestMethodCallbacks.java:71) [spring-test-4.1.1.RELEASE.jar:4.1.1.RELEASE]
	at org.springframework.test.context.junit4.statements.RunAfterTestMethodCallbacks.evaluate(RunAfterTestMethodCallbacks.java:81) [spring-test-4.1.1.RELEASE.jar:4.1.1.RELEASE]
	at org.springframework.test.context.junit4.statements.SpringRepeat.evaluate(SpringRepeat.java:72) [spring-test-4.1.1.RELEASE.jar:4.1.1.RELEASE]
	at org.junit.runners.ParentRunner.runLeaf(ParentRunner.java:271) [junit-4.11.jar:na]
	at org.springframework.test.context.junit4.SpringJUnit4ClassRunner.runChild(SpringJUnit4ClassRunner.java:216) [spring-test-4.1.1.RELEASE.jar:4.1.1.RELEASE]
	at org.springframework.test.context.junit4.SpringJUnit4ClassRunner.runChild(SpringJUnit4ClassRunner.java:82) [spring-test-4.1.1.RELEASE.jar:4.1.1.RELEASE]
	at org.junit.runners.ParentRunner$3.run(ParentRunner.java:238) [junit-4.11.jar:na]
	at org.junit.runners.ParentRunner$1.schedule(ParentRunner.java:63) [junit-4.11.jar:na]
	at org.junit.runners.ParentRunner.runChildren(ParentRunner.java:236) [junit-4.11.jar:na]
	at org.junit.runners.ParentRunner.access$000(ParentRunner.java:53) [junit-4.11.jar:na]
	at org.junit.runners.ParentRunner$2.evaluate(ParentRunner.java:229) [junit-4.11.jar:na]
	at org.springframework.test.context.junit4.statements.RunBeforeTestClassCallbacks.evaluate(RunBeforeTestClassCallbacks.java:60) [spring-test-4.1.1.RELEASE.jar:4.1.1.RELEASE]
	at org.springframework.test.context.junit4.statements.RunAfterTestClassCallbacks.evaluate(RunAfterTestClassCallbacks.java:67) [spring-test-4.1.1.RELEASE.jar:4.1.1.RELEASE]
	at org.junit.runners.ParentRunner.run(ParentRunner.java:309) [junit-4.11.jar:na]
	at org.springframework.test.context.junit4.SpringJUnit4ClassRunner.run(SpringJUnit4ClassRunner.java:162) [spring-test-4.1.1.RELEASE.jar:4.1.1.RELEASE]
	at org.apache.maven.surefire.junit4.JUnit4Provider.execute(JUnit4Provider.java:367) [surefire-junit4-2.19.1.jar:2.19.1]
	at org.apache.maven.surefire.junit4.JUnit4Provider.executeWithRerun(JUnit4Provider.java:274) [surefire-junit4-2.19.1.jar:2.19.1]
	at org.apache.maven.surefire.junit4.JUnit4Provider.executeTestSet(JUnit4Provider.java:238) [surefire-junit4-2.19.1.jar:2.19.1]
	at org.apache.maven.surefire.junit4.JUnit4Provider.invoke(JUnit4Provider.java:161) [surefire-junit4-2.19.1.jar:2.19.1]
	at org.apache.maven.surefire.booter.ForkedBooter.invokeProviderInSameClassLoader(ForkedBooter.java:290) [surefire-booter-2.19.1.jar:2.19.1]
	at org.apache.maven.surefire.booter.ForkedBooter.runSuitesInProcess(ForkedBooter.java:242) [surefire-booter-2.19.1.jar:2.19.1]
	at org.apache.maven.surefire.booter.ForkedBooter.main(ForkedBooter.java:121) [surefire-booter-2.19.1.jar:2.19.1]
22:42:08:615 | WARN  | main | o.s.t.c.TestContextManager | Caught exception while allowing TestExecutionListener [org.springframework.test.context.transaction.TransactionalTestExecutionListener@47742aae] to process 'before' execution of test method [public void com.nurkiewicz.jdbcrepository.JdbcRepositoryManualKeyTest.shouldReturnNullWhenEntityForGivenIdDoesNotExist() throws java.lang.Exception] for test instance [com.nurkiewicz.jdbcrepository.postgresql.JdbcRepositoryManualKeyPostgresqlTest@33b8f619]
java.net.ConnectException: Connection refused (Connection refused)
	at java.net.PlainSocketImpl.socketConnect(Native Method) ~[na:1.8.0_262]
	at java.net.AbstractPlainSocketImpl.doConnect(AbstractPlainSocketImpl.java:350) ~[na:1.8.0_262]
	at java.net.AbstractPlainSocketImpl.connectToAddress(AbstractPlainSocketImpl.java:206) ~[na:1.8.0_262]
	at java.net.AbstractPlainSocketImpl.connect(AbstractPlainSocketImpl.java:188) ~[na:1.8.0_262]
	at java.net.SocksSocketImpl.connect(SocksSocketImpl.java:392) ~[na:1.8.0_262]
	at java.net.Socket.connect(Socket.java:607) ~[na:1.8.0_262]
	at java.net.Socket.connect(Socket.java:556) ~[na:1.8.0_262]
	at com.nurkiewicz.jdbcrepository.AbstractIntegrationTest.ignoreIfDatabaseNotAvailable(AbstractIntegrationTest.java:36) ~[test-classes/:na]
	... 28 common frames omitted
Wrapped by: org.junit.internal.AssumptionViolatedException: got: <java.net.ConnectException: Connection refused (Connection refused)>, expected: null
	at org.junit.Assume.assumeThat(Assume.java:95) ~[junit-4.11.jar:na]
	at org.junit.Assume.assumeNoException(Assume.java:142) ~[junit-4.11.jar:na]
	at com.nurkiewicz.jdbcrepository.AbstractIntegrationTest.ignoreIfDatabaseNotAvailable(AbstractIntegrationTest.java:39) ~[test-classes/:na]
	at sun.reflect.GeneratedMethodAccessor21.invoke(Unknown Source) ~[na:na]
	at sun.reflect.DelegatingMethodAccessorImpl.invoke(DelegatingMethodAccessorImpl.java:43) ~[na:1.8.0_262]
	at java.lang.reflect.Method.invoke(Method.java:498) ~[na:1.8.0_262]
	at org.springframework.test.context.transaction.TransactionalTestExecutionListener.runBeforeTransactionMethods(TransactionalTestExecutionListener.java:248) ~[spring-test-4.1.1.RELEASE.jar:4.1.1.RELEASE]
	at org.springframework.test.context.transaction.TransactionalTestExecutionListener.beforeTestMethod(TransactionalTestExecutionListener.java:198) ~[spring-test-4.1.1.RELEASE.jar:4.1.1.RELEASE]
	at org.springframework.test.context.TestContextManager.beforeTestMethod(TestContextManager.java:249) ~[spring-test-4.1.1.RELEASE.jar:4.1.1.RELEASE]
	at org.springframework.test.context.junit4.statements.RunBeforeTestMethodCallbacks.evaluate(RunBeforeTestMethodCallbacks.java:71) [spring-test-4.1.1.RELEASE.jar:4.1.1.RELEASE]
	at org.springframework.test.context.junit4.statements.RunAfterTestMethodCallbacks.evaluate(RunAfterTestMethodCallbacks.java:81) [spring-test-4.1.1.RELEASE.jar:4.1.1.RELEASE]
	at org.springframework.test.context.junit4.statements.SpringRepeat.evaluate(SpringRepeat.java:72) [spring-test-4.1.1.RELEASE.jar:4.1.1.RELEASE]
	at org.junit.runners.ParentRunner.runLeaf(ParentRunner.java:271) [junit-4.11.jar:na]
	at org.springframework.test.context.junit4.SpringJUnit4ClassRunner.runChild(SpringJUnit4ClassRunner.java:216) [spring-test-4.1.1.RELEASE.jar:4.1.1.RELEASE]
	at org.springframework.test.context.junit4.SpringJUnit4ClassRunner.runChild(SpringJUnit4ClassRunner.java:82) [spring-test-4.1.1.RELEASE.jar:4.1.1.RELEASE]
	at org.junit.runners.ParentRunner$3.run(ParentRunner.java:238) [junit-4.11.jar:na]
	at org.junit.runners.ParentRunner$1.schedule(ParentRunner.java:63) [junit-4.11.jar:na]
	at org.junit.runners.ParentRunner.runChildren(ParentRunner.java:236) [junit-4.11.jar:na]
	at org.junit.runners.ParentRunner.access$000(ParentRunner.java:53) [junit-4.11.jar:na]
	at org.junit.runners.ParentRunner$2.evaluate(ParentRunner.java:229) [junit-4.11.jar:na]
	at org.springframework.test.context.junit4.statements.RunBeforeTestClassCallbacks.evaluate(RunBeforeTestClassCallbacks.java:60) [spring-test-4.1.1.RELEASE.jar:4.1.1.RELEASE]
	at org.springframework.test.context.junit4.statements.RunAfterTestClassCallbacks.evaluate(RunAfterTestClassCallbacks.java:67) [spring-test-4.1.1.RELEASE.jar:4.1.1.RELEASE]
	at org.junit.runners.ParentRunner.run(ParentRunner.java:309) [junit-4.11.jar:na]
	at org.springframework.test.context.junit4.SpringJUnit4ClassRunner.run(SpringJUnit4ClassRunner.java:162) [spring-test-4.1.1.RELEASE.jar:4.1.1.RELEASE]
	at org.apache.maven.surefire.junit4.JUnit4Provider.execute(JUnit4Provider.java:367) [surefire-junit4-2.19.1.jar:2.19.1]
	at org.apache.maven.surefire.junit4.JUnit4Provider.executeWithRerun(JUnit4Provider.java:274) [surefire-junit4-2.19.1.jar:2.19.1]
	at org.apache.maven.surefire.junit4.JUnit4Provider.executeTestSet(JUnit4Provider.java:238) [surefire-junit4-2.19.1.jar:2.19.1]
	at org.apache.maven.surefire.junit4.JUnit4Provider.invoke(JUnit4Provider.java:161) [surefire-junit4-2.19.1.jar:2.19.1]
	at org.apache.maven.surefire.booter.ForkedBooter.invokeProviderInSameClassLoader(ForkedBooter.java:290) [surefire-booter-2.19.1.jar:2.19.1]
	at org.apache.maven.surefire.booter.ForkedBooter.runSuitesInProcess(ForkedBooter.java:242) [surefire-booter-2.19.1.jar:2.19.1]
	at org.apache.maven.surefire.booter.ForkedBooter.main(ForkedBooter.java:121) [surefire-booter-2.19.1.jar:2.19.1]
]]></system-out>
  </testcase>
  <testcase name="shouldNotDeleteEntityWithDifferentId" classname="com.nurkiewicz.jdbcrepository.postgresql.JdbcRepositoryManualKeyPostgresqlTest" time="0">
    <skipped/>
    <system-out><![CDATA[22:42:08:617 | ERROR | main | o.s.t.c.t.TransactionalTestExecutionListener | Exception encountered while executing @BeforeTransaction methods for test context [DefaultTestContext@7a7ae0e1 testClass = JdbcRepositoryManualKeyPostgresqlTest, testInstance = com.nurkiewicz.jdbcrepository.postgresql.JdbcRepositoryManualKeyPostgresqlTest@2f975804, testMethod = shouldNotDeleteEntityWithDifferentId@JdbcRepositoryManualKeyTest, testException = [null], mergedContextConfiguration = [MergedContextConfiguration@5f9b21a1 testClass = JdbcRepositoryManualKeyPostgresqlTest, locations = '{}', classes = '{class com.nurkiewicz.jdbcrepository.postgresql.JdbcRepositoryTestPostgresqlConfig}', contextInitializerClasses = '[]', activeProfiles = '{}', propertySourceLocations = '{}', propertySourceProperties = '{}', contextLoader = 'org.springframework.test.context.support.AnnotationConfigContextLoader', parent = [null]]].
java.net.ConnectException: Connection refused (Connection refused)
	at java.net.PlainSocketImpl.socketConnect(Native Method) ~[na:1.8.0_262]
	at java.net.AbstractPlainSocketImpl.doConnect(AbstractPlainSocketImpl.java:350) ~[na:1.8.0_262]
	at java.net.AbstractPlainSocketImpl.connectToAddress(AbstractPlainSocketImpl.java:206) ~[na:1.8.0_262]
	at java.net.AbstractPlainSocketImpl.connect(AbstractPlainSocketImpl.java:188) ~[na:1.8.0_262]
	at java.net.SocksSocketImpl.connect(SocksSocketImpl.java:392) ~[na:1.8.0_262]
	at java.net.Socket.connect(Socket.java:607) ~[na:1.8.0_262]
	at java.net.Socket.connect(Socket.java:556) ~[na:1.8.0_262]
	at com.nurkiewicz.jdbcrepository.AbstractIntegrationTest.ignoreIfDatabaseNotAvailable(AbstractIntegrationTest.java:36) ~[test-classes/:na]
	... 28 common frames omitted
Wrapped by: org.junit.internal.AssumptionViolatedException: got: <java.net.ConnectException: Connection refused (Connection refused)>, expected: null
	at org.junit.Assume.assumeThat(Assume.java:95) ~[junit-4.11.jar:na]
	at org.junit.Assume.assumeNoException(Assume.java:142) ~[junit-4.11.jar:na]
	at com.nurkiewicz.jdbcrepository.AbstractIntegrationTest.ignoreIfDatabaseNotAvailable(AbstractIntegrationTest.java:39) ~[test-classes/:na]
	at sun.reflect.GeneratedMethodAccessor21.invoke(Unknown Source) ~[na:na]
	at sun.reflect.DelegatingMethodAccessorImpl.invoke(DelegatingMethodAccessorImpl.java:43) ~[na:1.8.0_262]
	at java.lang.reflect.Method.invoke(Method.java:498) ~[na:1.8.0_262]
	at org.springframework.test.context.transaction.TransactionalTestExecutionListener.runBeforeTransactionMethods(TransactionalTestExecutionListener.java:248) [spring-test-4.1.1.RELEASE.jar:4.1.1.RELEASE]
	at org.springframework.test.context.transaction.TransactionalTestExecutionListener.beforeTestMethod(TransactionalTestExecutionListener.java:198) [spring-test-4.1.1.RELEASE.jar:4.1.1.RELEASE]
	at org.springframework.test.context.TestContextManager.beforeTestMethod(TestContextManager.java:249) [spring-test-4.1.1.RELEASE.jar:4.1.1.RELEASE]
	at org.springframework.test.context.junit4.statements.RunBeforeTestMethodCallbacks.evaluate(RunBeforeTestMethodCallbacks.java:71) [spring-test-4.1.1.RELEASE.jar:4.1.1.RELEASE]
	at org.springframework.test.context.junit4.statements.RunAfterTestMethodCallbacks.evaluate(RunAfterTestMethodCallbacks.java:81) [spring-test-4.1.1.RELEASE.jar:4.1.1.RELEASE]
	at org.springframework.test.context.junit4.statements.SpringRepeat.evaluate(SpringRepeat.java:72) [spring-test-4.1.1.RELEASE.jar:4.1.1.RELEASE]
	at org.junit.runners.ParentRunner.runLeaf(ParentRunner.java:271) [junit-4.11.jar:na]
	at org.springframework.test.context.junit4.SpringJUnit4ClassRunner.runChild(SpringJUnit4ClassRunner.java:216) [spring-test-4.1.1.RELEASE.jar:4.1.1.RELEASE]
	at org.springframework.test.context.junit4.SpringJUnit4ClassRunner.runChild(SpringJUnit4ClassRunner.java:82) [spring-test-4.1.1.RELEASE.jar:4.1.1.RELEASE]
	at org.junit.runners.ParentRunner$3.run(ParentRunner.java:238) [junit-4.11.jar:na]
	at org.junit.runners.ParentRunner$1.schedule(ParentRunner.java:63) [junit-4.11.jar:na]
	at org.junit.runners.ParentRunner.runChildren(ParentRunner.java:236) [junit-4.11.jar:na]
	at org.junit.runners.ParentRunner.access$000(ParentRunner.java:53) [junit-4.11.jar:na]
	at org.junit.runners.ParentRunner$2.evaluate(ParentRunner.java:229) [junit-4.11.jar:na]
	at org.springframework.test.context.junit4.statements.RunBeforeTestClassCallbacks.evaluate(RunBeforeTestClassCallbacks.java:60) [spring-test-4.1.1.RELEASE.jar:4.1.1.RELEASE]
	at org.springframework.test.context.junit4.statements.RunAfterTestClassCallbacks.evaluate(RunAfterTestClassCallbacks.java:67) [spring-test-4.1.1.RELEASE.jar:4.1.1.RELEASE]
	at org.junit.runners.ParentRunner.run(ParentRunner.java:309) [junit-4.11.jar:na]
	at org.springframework.test.context.junit4.SpringJUnit4ClassRunner.run(SpringJUnit4ClassRunner.java:162) [spring-test-4.1.1.RELEASE.jar:4.1.1.RELEASE]
	at org.apache.maven.surefire.junit4.JUnit4Provider.execute(JUnit4Provider.java:367) [surefire-junit4-2.19.1.jar:2.19.1]
	at org.apache.maven.surefire.junit4.JUnit4Provider.executeWithRerun(JUnit4Provider.java:274) [surefire-junit4-2.19.1.jar:2.19.1]
	at org.apache.maven.surefire.junit4.JUnit4Provider.executeTestSet(JUnit4Provider.java:238) [surefire-junit4-2.19.1.jar:2.19.1]
	at org.apache.maven.surefire.junit4.JUnit4Provider.invoke(JUnit4Provider.java:161) [surefire-junit4-2.19.1.jar:2.19.1]
	at org.apache.maven.surefire.booter.ForkedBooter.invokeProviderInSameClassLoader(ForkedBooter.java:290) [surefire-booter-2.19.1.jar:2.19.1]
	at org.apache.maven.surefire.booter.ForkedBooter.runSuitesInProcess(ForkedBooter.java:242) [surefire-booter-2.19.1.jar:2.19.1]
	at org.apache.maven.surefire.booter.ForkedBooter.main(ForkedBooter.java:121) [surefire-booter-2.19.1.jar:2.19.1]
22:42:08:618 | WARN  | main | o.s.t.c.TestContextManager | Caught exception while allowing TestExecutionListener [org.springframework.test.context.transaction.TransactionalTestExecutionListener@47742aae] to process 'before' execution of test method [public void com.nurkiewicz.jdbcrepository.JdbcRepositoryManualKeyTest.shouldNotDeleteEntityWithDifferentId() throws java.lang.Exception] for test instance [com.nurkiewicz.jdbcrepository.postgresql.JdbcRepositoryManualKeyPostgresqlTest@2f975804]
java.net.ConnectException: Connection refused (Connection refused)
	at java.net.PlainSocketImpl.socketConnect(Native Method) ~[na:1.8.0_262]
	at java.net.AbstractPlainSocketImpl.doConnect(AbstractPlainSocketImpl.java:350) ~[na:1.8.0_262]
	at java.net.AbstractPlainSocketImpl.connectToAddress(AbstractPlainSocketImpl.java:206) ~[na:1.8.0_262]
	at java.net.AbstractPlainSocketImpl.connect(AbstractPlainSocketImpl.java:188) ~[na:1.8.0_262]
	at java.net.SocksSocketImpl.connect(SocksSocketImpl.java:392) ~[na:1.8.0_262]
	at java.net.Socket.connect(Socket.java:607) ~[na:1.8.0_262]
	at java.net.Socket.connect(Socket.java:556) ~[na:1.8.0_262]
	at com.nurkiewicz.jdbcrepository.AbstractIntegrationTest.ignoreIfDatabaseNotAvailable(AbstractIntegrationTest.java:36) ~[test-classes/:na]
	... 28 common frames omitted
Wrapped by: org.junit.internal.AssumptionViolatedException: got: <java.net.ConnectException: Connection refused (Connection refused)>, expected: null
	at org.junit.Assume.assumeThat(Assume.java:95) ~[junit-4.11.jar:na]
	at org.junit.Assume.assumeNoException(Assume.java:142) ~[junit-4.11.jar:na]
	at com.nurkiewicz.jdbcrepository.AbstractIntegrationTest.ignoreIfDatabaseNotAvailable(AbstractIntegrationTest.java:39) ~[test-classes/:na]
	at sun.reflect.GeneratedMethodAccessor21.invoke(Unknown Source) ~[na:na]
	at sun.reflect.DelegatingMethodAccessorImpl.invoke(DelegatingMethodAccessorImpl.java:43) ~[na:1.8.0_262]
	at java.lang.reflect.Method.invoke(Method.java:498) ~[na:1.8.0_262]
	at org.springframework.test.context.transaction.TransactionalTestExecutionListener.runBeforeTransactionMethods(TransactionalTestExecutionListener.java:248) ~[spring-test-4.1.1.RELEASE.jar:4.1.1.RELEASE]
	at org.springframework.test.context.transaction.TransactionalTestExecutionListener.beforeTestMethod(TransactionalTestExecutionListener.java:198) ~[spring-test-4.1.1.RELEASE.jar:4.1.1.RELEASE]
	at org.springframework.test.context.TestContextManager.beforeTestMethod(TestContextManager.java:249) ~[spring-test-4.1.1.RELEASE.jar:4.1.1.RELEASE]
	at org.springframework.test.context.junit4.statements.RunBeforeTestMethodCallbacks.evaluate(RunBeforeTestMethodCallbacks.java:71) [spring-test-4.1.1.RELEASE.jar:4.1.1.RELEASE]
	at org.springframework.test.context.junit4.statements.RunAfterTestMethodCallbacks.evaluate(RunAfterTestMethodCallbacks.java:81) [spring-test-4.1.1.RELEASE.jar:4.1.1.RELEASE]
	at org.springframework.test.context.junit4.statements.SpringRepeat.evaluate(SpringRepeat.java:72) [spring-test-4.1.1.RELEASE.jar:4.1.1.RELEASE]
	at org.junit.runners.ParentRunner.runLeaf(ParentRunner.java:271) [junit-4.11.jar:na]
	at org.springframework.test.context.junit4.SpringJUnit4ClassRunner.runChild(SpringJUnit4ClassRunner.java:216) [spring-test-4.1.1.RELEASE.jar:4.1.1.RELEASE]
	at org.springframework.test.context.junit4.SpringJUnit4ClassRunner.runChild(SpringJUnit4ClassRunner.java:82) [spring-test-4.1.1.RELEASE.jar:4.1.1.RELEASE]
	at org.junit.runners.ParentRunner$3.run(ParentRunner.java:238) [junit-4.11.jar:na]
	at org.junit.runners.ParentRunner$1.schedule(ParentRunner.java:63) [junit-4.11.jar:na]
	at org.junit.runners.ParentRunner.runChildren(ParentRunner.java:236) [junit-4.11.jar:na]
	at org.junit.runners.ParentRunner.access$000(ParentRunner.java:53) [junit-4.11.jar:na]
	at org.junit.runners.ParentRunner$2.evaluate(ParentRunner.java:229) [junit-4.11.jar:na]
	at org.springframework.test.context.junit4.statements.RunBeforeTestClassCallbacks.evaluate(RunBeforeTestClassCallbacks.java:60) [spring-test-4.1.1.RELEASE.jar:4.1.1.RELEASE]
	at org.springframework.test.context.junit4.statements.RunAfterTestClassCallbacks.evaluate(RunAfterTestClassCallbacks.java:67) [spring-test-4.1.1.RELEASE.jar:4.1.1.RELEASE]
	at org.junit.runners.ParentRunner.run(ParentRunner.java:309) [junit-4.11.jar:na]
	at org.springframework.test.context.junit4.SpringJUnit4ClassRunner.run(SpringJUnit4ClassRunner.java:162) [spring-test-4.1.1.RELEASE.jar:4.1.1.RELEASE]
	at org.apache.maven.surefire.junit4.JUnit4Provider.execute(JUnit4Provider.java:367) [surefire-junit4-2.19.1.jar:2.19.1]
	at org.apache.maven.surefire.junit4.JUnit4Provider.executeWithRerun(JUnit4Provider.java:274) [surefire-junit4-2.19.1.jar:2.19.1]
	at org.apache.maven.surefire.junit4.JUnit4Provider.executeTestSet(JUnit4Provider.java:238) [surefire-junit4-2.19.1.jar:2.19.1]
	at org.apache.maven.surefire.junit4.JUnit4Provider.invoke(JUnit4Provider.java:161) [surefire-junit4-2.19.1.jar:2.19.1]
	at org.apache.maven.surefire.booter.ForkedBooter.invokeProviderInSameClassLoader(ForkedBooter.java:290) [surefire-booter-2.19.1.jar:2.19.1]
	at org.apache.maven.surefire.booter.ForkedBooter.runSuitesInProcess(ForkedBooter.java:242) [surefire-booter-2.19.1.jar:2.19.1]
	at org.apache.maven.surefire.booter.ForkedBooter.main(ForkedBooter.java:121) [surefire-booter-2.19.1.jar:2.19.1]
]]></system-out>
  </testcase>
  <testcase name="shouldDoNothingWhenDeletingAllButEmptyTable" classname="com.nurkiewicz.jdbcrepository.postgresql.JdbcRepositoryManualKeyPostgresqlTest" time="0">
    <skipped/>
    <system-out><![CDATA[22:42:08:621 | ERROR | main | o.s.t.c.t.TransactionalTestExecutionListener | Exception encountered while executing @BeforeTransaction methods for test context [DefaultTestContext@7a7ae0e1 testClass = JdbcRepositoryManualKeyPostgresqlTest, testInstance = com.nurkiewicz.jdbcrepository.postgresql.JdbcRepositoryManualKeyPostgresqlTest@17319443, testMethod = shouldDoNothingWhenDeletingAllButEmptyTable@JdbcRepositoryManualKeyTest, testException = [null], mergedContextConfiguration = [MergedContextConfiguration@5f9b21a1 testClass = JdbcRepositoryManualKeyPostgresqlTest, locations = '{}', classes = '{class com.nurkiewicz.jdbcrepository.postgresql.JdbcRepositoryTestPostgresqlConfig}', contextInitializerClasses = '[]', activeProfiles = '{}', propertySourceLocations = '{}', propertySourceProperties = '{}', contextLoader = 'org.springframework.test.context.support.AnnotationConfigContextLoader', parent = [null]]].
java.net.ConnectException: Connection refused (Connection refused)
	at java.net.PlainSocketImpl.socketConnect(Native Method) ~[na:1.8.0_262]
	at java.net.AbstractPlainSocketImpl.doConnect(AbstractPlainSocketImpl.java:350) ~[na:1.8.0_262]
	at java.net.AbstractPlainSocketImpl.connectToAddress(AbstractPlainSocketImpl.java:206) ~[na:1.8.0_262]
	at java.net.AbstractPlainSocketImpl.connect(AbstractPlainSocketImpl.java:188) ~[na:1.8.0_262]
	at java.net.SocksSocketImpl.connect(SocksSocketImpl.java:392) ~[na:1.8.0_262]
	at java.net.Socket.connect(Socket.java:607) ~[na:1.8.0_262]
	at java.net.Socket.connect(Socket.java:556) ~[na:1.8.0_262]
	at com.nurkiewicz.jdbcrepository.AbstractIntegrationTest.ignoreIfDatabaseNotAvailable(AbstractIntegrationTest.java:36) ~[test-classes/:na]
	... 28 common frames omitted
Wrapped by: org.junit.internal.AssumptionViolatedException: got: <java.net.ConnectException: Connection refused (Connection refused)>, expected: null
	at org.junit.Assume.assumeThat(Assume.java:95) ~[junit-4.11.jar:na]
	at org.junit.Assume.assumeNoException(Assume.java:142) ~[junit-4.11.jar:na]
	at com.nurkiewicz.jdbcrepository.AbstractIntegrationTest.ignoreIfDatabaseNotAvailable(AbstractIntegrationTest.java:39) ~[test-classes/:na]
	at sun.reflect.GeneratedMethodAccessor21.invoke(Unknown Source) ~[na:na]
	at sun.reflect.DelegatingMethodAccessorImpl.invoke(DelegatingMethodAccessorImpl.java:43) ~[na:1.8.0_262]
	at java.lang.reflect.Method.invoke(Method.java:498) ~[na:1.8.0_262]
	at org.springframework.test.context.transaction.TransactionalTestExecutionListener.runBeforeTransactionMethods(TransactionalTestExecutionListener.java:248) [spring-test-4.1.1.RELEASE.jar:4.1.1.RELEASE]
	at org.springframework.test.context.transaction.TransactionalTestExecutionListener.beforeTestMethod(TransactionalTestExecutionListener.java:198) [spring-test-4.1.1.RELEASE.jar:4.1.1.RELEASE]
	at org.springframework.test.context.TestContextManager.beforeTestMethod(TestContextManager.java:249) [spring-test-4.1.1.RELEASE.jar:4.1.1.RELEASE]
	at org.springframework.test.context.junit4.statements.RunBeforeTestMethodCallbacks.evaluate(RunBeforeTestMethodCallbacks.java:71) [spring-test-4.1.1.RELEASE.jar:4.1.1.RELEASE]
	at org.springframework.test.context.junit4.statements.RunAfterTestMethodCallbacks.evaluate(RunAfterTestMethodCallbacks.java:81) [spring-test-4.1.1.RELEASE.jar:4.1.1.RELEASE]
	at org.springframework.test.context.junit4.statements.SpringRepeat.evaluate(SpringRepeat.java:72) [spring-test-4.1.1.RELEASE.jar:4.1.1.RELEASE]
	at org.junit.runners.ParentRunner.runLeaf(ParentRunner.java:271) [junit-4.11.jar:na]
	at org.springframework.test.context.junit4.SpringJUnit4ClassRunner.runChild(SpringJUnit4ClassRunner.java:216) [spring-test-4.1.1.RELEASE.jar:4.1.1.RELEASE]
	at org.springframework.test.context.junit4.SpringJUnit4ClassRunner.runChild(SpringJUnit4ClassRunner.java:82) [spring-test-4.1.1.RELEASE.jar:4.1.1.RELEASE]
	at org.junit.runners.ParentRunner$3.run(ParentRunner.java:238) [junit-4.11.jar:na]
	at org.junit.runners.ParentRunner$1.schedule(ParentRunner.java:63) [junit-4.11.jar:na]
	at org.junit.runners.ParentRunner.runChildren(ParentRunner.java:236) [junit-4.11.jar:na]
	at org.junit.runners.ParentRunner.access$000(ParentRunner.java:53) [junit-4.11.jar:na]
	at org.junit.runners.ParentRunner$2.evaluate(ParentRunner.java:229) [junit-4.11.jar:na]
	at org.springframework.test.context.junit4.statements.RunBeforeTestClassCallbacks.evaluate(RunBeforeTestClassCallbacks.java:60) [spring-test-4.1.1.RELEASE.jar:4.1.1.RELEASE]
	at org.springframework.test.context.junit4.statements.RunAfterTestClassCallbacks.evaluate(RunAfterTestClassCallbacks.java:67) [spring-test-4.1.1.RELEASE.jar:4.1.1.RELEASE]
	at org.junit.runners.ParentRunner.run(ParentRunner.java:309) [junit-4.11.jar:na]
	at org.springframework.test.context.junit4.SpringJUnit4ClassRunner.run(SpringJUnit4ClassRunner.java:162) [spring-test-4.1.1.RELEASE.jar:4.1.1.RELEASE]
	at org.apache.maven.surefire.junit4.JUnit4Provider.execute(JUnit4Provider.java:367) [surefire-junit4-2.19.1.jar:2.19.1]
	at org.apache.maven.surefire.junit4.JUnit4Provider.executeWithRerun(JUnit4Provider.java:274) [surefire-junit4-2.19.1.jar:2.19.1]
	at org.apache.maven.surefire.junit4.JUnit4Provider.executeTestSet(JUnit4Provider.java:238) [surefire-junit4-2.19.1.jar:2.19.1]
	at org.apache.maven.surefire.junit4.JUnit4Provider.invoke(JUnit4Provider.java:161) [surefire-junit4-2.19.1.jar:2.19.1]
	at org.apache.maven.surefire.booter.ForkedBooter.invokeProviderInSameClassLoader(ForkedBooter.java:290) [surefire-booter-2.19.1.jar:2.19.1]
	at org.apache.maven.surefire.booter.ForkedBooter.runSuitesInProcess(ForkedBooter.java:242) [surefire-booter-2.19.1.jar:2.19.1]
	at org.apache.maven.surefire.booter.ForkedBooter.main(ForkedBooter.java:121) [surefire-booter-2.19.1.jar:2.19.1]
22:42:08:622 | WARN  | main | o.s.t.c.TestContextManager | Caught exception while allowing TestExecutionListener [org.springframework.test.context.transaction.TransactionalTestExecutionListener@47742aae] to process 'before' execution of test method [public void com.nurkiewicz.jdbcrepository.JdbcRepositoryManualKeyTest.shouldDoNothingWhenDeletingAllButEmptyTable() throws java.lang.Exception] for test instance [com.nurkiewicz.jdbcrepository.postgresql.JdbcRepositoryManualKeyPostgresqlTest@17319443]
java.net.ConnectException: Connection refused (Connection refused)
	at java.net.PlainSocketImpl.socketConnect(Native Method) ~[na:1.8.0_262]
	at java.net.AbstractPlainSocketImpl.doConnect(AbstractPlainSocketImpl.java:350) ~[na:1.8.0_262]
	at java.net.AbstractPlainSocketImpl.connectToAddress(AbstractPlainSocketImpl.java:206) ~[na:1.8.0_262]
	at java.net.AbstractPlainSocketImpl.connect(AbstractPlainSocketImpl.java:188) ~[na:1.8.0_262]
	at java.net.SocksSocketImpl.connect(SocksSocketImpl.java:392) ~[na:1.8.0_262]
	at java.net.Socket.connect(Socket.java:607) ~[na:1.8.0_262]
	at java.net.Socket.connect(Socket.java:556) ~[na:1.8.0_262]
	at com.nurkiewicz.jdbcrepository.AbstractIntegrationTest.ignoreIfDatabaseNotAvailable(AbstractIntegrationTest.java:36) ~[test-classes/:na]
	... 28 common frames omitted
Wrapped by: org.junit.internal.AssumptionViolatedException: got: <java.net.ConnectException: Connection refused (Connection refused)>, expected: null
	at org.junit.Assume.assumeThat(Assume.java:95) ~[junit-4.11.jar:na]
	at org.junit.Assume.assumeNoException(Assume.java:142) ~[junit-4.11.jar:na]
	at com.nurkiewicz.jdbcrepository.AbstractIntegrationTest.ignoreIfDatabaseNotAvailable(AbstractIntegrationTest.java:39) ~[test-classes/:na]
	at sun.reflect.GeneratedMethodAccessor21.invoke(Unknown Source) ~[na:na]
	at sun.reflect.DelegatingMethodAccessorImpl.invoke(DelegatingMethodAccessorImpl.java:43) ~[na:1.8.0_262]
	at java.lang.reflect.Method.invoke(Method.java:498) ~[na:1.8.0_262]
	at org.springframework.test.context.transaction.TransactionalTestExecutionListener.runBeforeTransactionMethods(TransactionalTestExecutionListener.java:248) ~[spring-test-4.1.1.RELEASE.jar:4.1.1.RELEASE]
	at org.springframework.test.context.transaction.TransactionalTestExecutionListener.beforeTestMethod(TransactionalTestExecutionListener.java:198) ~[spring-test-4.1.1.RELEASE.jar:4.1.1.RELEASE]
	at org.springframework.test.context.TestContextManager.beforeTestMethod(TestContextManager.java:249) ~[spring-test-4.1.1.RELEASE.jar:4.1.1.RELEASE]
	at org.springframework.test.context.junit4.statements.RunBeforeTestMethodCallbacks.evaluate(RunBeforeTestMethodCallbacks.java:71) [spring-test-4.1.1.RELEASE.jar:4.1.1.RELEASE]
	at org.springframework.test.context.junit4.statements.RunAfterTestMethodCallbacks.evaluate(RunAfterTestMethodCallbacks.java:81) [spring-test-4.1.1.RELEASE.jar:4.1.1.RELEASE]
	at org.springframework.test.context.junit4.statements.SpringRepeat.evaluate(SpringRepeat.java:72) [spring-test-4.1.1.RELEASE.jar:4.1.1.RELEASE]
	at org.junit.runners.ParentRunner.runLeaf(ParentRunner.java:271) [junit-4.11.jar:na]
	at org.springframework.test.context.junit4.SpringJUnit4ClassRunner.runChild(SpringJUnit4ClassRunner.java:216) [spring-test-4.1.1.RELEASE.jar:4.1.1.RELEASE]
	at org.springframework.test.context.junit4.SpringJUnit4ClassRunner.runChild(SpringJUnit4ClassRunner.java:82) [spring-test-4.1.1.RELEASE.jar:4.1.1.RELEASE]
	at org.junit.runners.ParentRunner$3.run(ParentRunner.java:238) [junit-4.11.jar:na]
	at org.junit.runners.ParentRunner$1.schedule(ParentRunner.java:63) [junit-4.11.jar:na]
	at org.junit.runners.ParentRunner.runChildren(ParentRunner.java:236) [junit-4.11.jar:na]
	at org.junit.runners.ParentRunner.access$000(ParentRunner.java:53) [junit-4.11.jar:na]
	at org.junit.runners.ParentRunner$2.evaluate(ParentRunner.java:229) [junit-4.11.jar:na]
	at org.springframework.test.context.junit4.statements.RunBeforeTestClassCallbacks.evaluate(RunBeforeTestClassCallbacks.java:60) [spring-test-4.1.1.RELEASE.jar:4.1.1.RELEASE]
	at org.springframework.test.context.junit4.statements.RunAfterTestClassCallbacks.evaluate(RunAfterTestClassCallbacks.java:67) [spring-test-4.1.1.RELEASE.jar:4.1.1.RELEASE]
	at org.junit.runners.ParentRunner.run(ParentRunner.java:309) [junit-4.11.jar:na]
	at org.springframework.test.context.junit4.SpringJUnit4ClassRunner.run(SpringJUnit4ClassRunner.java:162) [spring-test-4.1.1.RELEASE.jar:4.1.1.RELEASE]
	at org.apache.maven.surefire.junit4.JUnit4Provider.execute(JUnit4Provider.java:367) [surefire-junit4-2.19.1.jar:2.19.1]
	at org.apache.maven.surefire.junit4.JUnit4Provider.executeWithRerun(JUnit4Provider.java:274) [surefire-junit4-2.19.1.jar:2.19.1]
	at org.apache.maven.surefire.junit4.JUnit4Provider.executeTestSet(JUnit4Provider.java:238) [surefire-junit4-2.19.1.jar:2.19.1]
	at org.apache.maven.surefire.junit4.JUnit4Provider.invoke(JUnit4Provider.java:161) [surefire-junit4-2.19.1.jar:2.19.1]
	at org.apache.maven.surefire.booter.ForkedBooter.invokeProviderInSameClassLoader(ForkedBooter.java:290) [surefire-booter-2.19.1.jar:2.19.1]
	at org.apache.maven.surefire.booter.ForkedBooter.runSuitesInProcess(ForkedBooter.java:242) [surefire-booter-2.19.1.jar:2.19.1]
	at org.apache.maven.surefire.booter.ForkedBooter.main(ForkedBooter.java:121) [surefire-booter-2.19.1.jar:2.19.1]
]]></system-out>
  </testcase>
  <testcase name="shouldSelectMultipleRecordsById" classname="com.nurkiewicz.jdbcrepository.postgresql.JdbcRepositoryManualKeyPostgresqlTest" time="0">
    <skipped/>
    <system-out><![CDATA[22:42:08:625 | ERROR | main | o.s.t.c.t.TransactionalTestExecutionListener | Exception encountered while executing @BeforeTransaction methods for test context [DefaultTestContext@7a7ae0e1 testClass = JdbcRepositoryManualKeyPostgresqlTest, testInstance = com.nurkiewicz.jdbcrepository.postgresql.JdbcRepositoryManualKeyPostgresqlTest@569ac51e, testMethod = shouldSelectMultipleRecordsById@JdbcRepositoryManualKeyTest, testException = [null], mergedContextConfiguration = [MergedContextConfiguration@5f9b21a1 testClass = JdbcRepositoryManualKeyPostgresqlTest, locations = '{}', classes = '{class com.nurkiewicz.jdbcrepository.postgresql.JdbcRepositoryTestPostgresqlConfig}', contextInitializerClasses = '[]', activeProfiles = '{}', propertySourceLocations = '{}', propertySourceProperties = '{}', contextLoader = 'org.springframework.test.context.support.AnnotationConfigContextLoader', parent = [null]]].
java.net.ConnectException: Connection refused (Connection refused)
	at java.net.PlainSocketImpl.socketConnect(Native Method) ~[na:1.8.0_262]
	at java.net.AbstractPlainSocketImpl.doConnect(AbstractPlainSocketImpl.java:350) ~[na:1.8.0_262]
	at java.net.AbstractPlainSocketImpl.connectToAddress(AbstractPlainSocketImpl.java:206) ~[na:1.8.0_262]
	at java.net.AbstractPlainSocketImpl.connect(AbstractPlainSocketImpl.java:188) ~[na:1.8.0_262]
	at java.net.SocksSocketImpl.connect(SocksSocketImpl.java:392) ~[na:1.8.0_262]
	at java.net.Socket.connect(Socket.java:607) ~[na:1.8.0_262]
	at java.net.Socket.connect(Socket.java:556) ~[na:1.8.0_262]
	at com.nurkiewicz.jdbcrepository.AbstractIntegrationTest.ignoreIfDatabaseNotAvailable(AbstractIntegrationTest.java:36) ~[test-classes/:na]
	... 28 common frames omitted
Wrapped by: org.junit.internal.AssumptionViolatedException: got: <java.net.ConnectException: Connection refused (Connection refused)>, expected: null
	at org.junit.Assume.assumeThat(Assume.java:95) ~[junit-4.11.jar:na]
	at org.junit.Assume.assumeNoException(Assume.java:142) ~[junit-4.11.jar:na]
	at com.nurkiewicz.jdbcrepository.AbstractIntegrationTest.ignoreIfDatabaseNotAvailable(AbstractIntegrationTest.java:39) ~[test-classes/:na]
	at sun.reflect.GeneratedMethodAccessor21.invoke(Unknown Source) ~[na:na]
	at sun.reflect.DelegatingMethodAccessorImpl.invoke(DelegatingMethodAccessorImpl.java:43) ~[na:1.8.0_262]
	at java.lang.reflect.Method.invoke(Method.java:498) ~[na:1.8.0_262]
	at org.springframework.test.context.transaction.TransactionalTestExecutionListener.runBeforeTransactionMethods(TransactionalTestExecutionListener.java:248) [spring-test-4.1.1.RELEASE.jar:4.1.1.RELEASE]
	at org.springframework.test.context.transaction.TransactionalTestExecutionListener.beforeTestMethod(TransactionalTestExecutionListener.java:198) [spring-test-4.1.1.RELEASE.jar:4.1.1.RELEASE]
	at org.springframework.test.context.TestContextManager.beforeTestMethod(TestContextManager.java:249) [spring-test-4.1.1.RELEASE.jar:4.1.1.RELEASE]
	at org.springframework.test.context.junit4.statements.RunBeforeTestMethodCallbacks.evaluate(RunBeforeTestMethodCallbacks.java:71) [spring-test-4.1.1.RELEASE.jar:4.1.1.RELEASE]
	at org.springframework.test.context.junit4.statements.RunAfterTestMethodCallbacks.evaluate(RunAfterTestMethodCallbacks.java:81) [spring-test-4.1.1.RELEASE.jar:4.1.1.RELEASE]
	at org.springframework.test.context.junit4.statements.SpringRepeat.evaluate(SpringRepeat.java:72) [spring-test-4.1.1.RELEASE.jar:4.1.1.RELEASE]
	at org.junit.runners.ParentRunner.runLeaf(ParentRunner.java:271) [junit-4.11.jar:na]
	at org.springframework.test.context.junit4.SpringJUnit4ClassRunner.runChild(SpringJUnit4ClassRunner.java:216) [spring-test-4.1.1.RELEASE.jar:4.1.1.RELEASE]
	at org.springframework.test.context.junit4.SpringJUnit4ClassRunner.runChild(SpringJUnit4ClassRunner.java:82) [spring-test-4.1.1.RELEASE.jar:4.1.1.RELEASE]
	at org.junit.runners.ParentRunner$3.run(ParentRunner.java:238) [junit-4.11.jar:na]
	at org.junit.runners.ParentRunner$1.schedule(ParentRunner.java:63) [junit-4.11.jar:na]
	at org.junit.runners.ParentRunner.runChildren(ParentRunner.java:236) [junit-4.11.jar:na]
	at org.junit.runners.ParentRunner.access$000(ParentRunner.java:53) [junit-4.11.jar:na]
	at org.junit.runners.ParentRunner$2.evaluate(ParentRunner.java:229) [junit-4.11.jar:na]
	at org.springframework.test.context.junit4.statements.RunBeforeTestClassCallbacks.evaluate(RunBeforeTestClassCallbacks.java:60) [spring-test-4.1.1.RELEASE.jar:4.1.1.RELEASE]
	at org.springframework.test.context.junit4.statements.RunAfterTestClassCallbacks.evaluate(RunAfterTestClassCallbacks.java:67) [spring-test-4.1.1.RELEASE.jar:4.1.1.RELEASE]
	at org.junit.runners.ParentRunner.run(ParentRunner.java:309) [junit-4.11.jar:na]
	at org.springframework.test.context.junit4.SpringJUnit4ClassRunner.run(SpringJUnit4ClassRunner.java:162) [spring-test-4.1.1.RELEASE.jar:4.1.1.RELEASE]
	at org.apache.maven.surefire.junit4.JUnit4Provider.execute(JUnit4Provider.java:367) [surefire-junit4-2.19.1.jar:2.19.1]
	at org.apache.maven.surefire.junit4.JUnit4Provider.executeWithRerun(JUnit4Provider.java:274) [surefire-junit4-2.19.1.jar:2.19.1]
	at org.apache.maven.surefire.junit4.JUnit4Provider.executeTestSet(JUnit4Provider.java:238) [surefire-junit4-2.19.1.jar:2.19.1]
	at org.apache.maven.surefire.junit4.JUnit4Provider.invoke(JUnit4Provider.java:161) [surefire-junit4-2.19.1.jar:2.19.1]
	at org.apache.maven.surefire.booter.ForkedBooter.invokeProviderInSameClassLoader(ForkedBooter.java:290) [surefire-booter-2.19.1.jar:2.19.1]
	at org.apache.maven.surefire.booter.ForkedBooter.runSuitesInProcess(ForkedBooter.java:242) [surefire-booter-2.19.1.jar:2.19.1]
	at org.apache.maven.surefire.booter.ForkedBooter.main(ForkedBooter.java:121) [surefire-booter-2.19.1.jar:2.19.1]
22:42:08:625 | WARN  | main | o.s.t.c.TestContextManager | Caught exception while allowing TestExecutionListener [org.springframework.test.context.transaction.TransactionalTestExecutionListener@47742aae] to process 'before' execution of test method [public void com.nurkiewicz.jdbcrepository.JdbcRepositoryManualKeyTest.shouldSelectMultipleRecordsById() throws java.lang.Exception] for test instance [com.nurkiewicz.jdbcrepository.postgresql.JdbcRepositoryManualKeyPostgresqlTest@569ac51e]
java.net.ConnectException: Connection refused (Connection refused)
	at java.net.PlainSocketImpl.socketConnect(Native Method) ~[na:1.8.0_262]
	at java.net.AbstractPlainSocketImpl.doConnect(AbstractPlainSocketImpl.java:350) ~[na:1.8.0_262]
	at java.net.AbstractPlainSocketImpl.connectToAddress(AbstractPlainSocketImpl.java:206) ~[na:1.8.0_262]
	at java.net.AbstractPlainSocketImpl.connect(AbstractPlainSocketImpl.java:188) ~[na:1.8.0_262]
	at java.net.SocksSocketImpl.connect(SocksSocketImpl.java:392) ~[na:1.8.0_262]
	at java.net.Socket.connect(Socket.java:607) ~[na:1.8.0_262]
	at java.net.Socket.connect(Socket.java:556) ~[na:1.8.0_262]
	at com.nurkiewicz.jdbcrepository.AbstractIntegrationTest.ignoreIfDatabaseNotAvailable(AbstractIntegrationTest.java:36) ~[test-classes/:na]
	... 28 common frames omitted
Wrapped by: org.junit.internal.AssumptionViolatedException: got: <java.net.ConnectException: Connection refused (Connection refused)>, expected: null
	at org.junit.Assume.assumeThat(Assume.java:95) ~[junit-4.11.jar:na]
	at org.junit.Assume.assumeNoException(Assume.java:142) ~[junit-4.11.jar:na]
	at com.nurkiewicz.jdbcrepository.AbstractIntegrationTest.ignoreIfDatabaseNotAvailable(AbstractIntegrationTest.java:39) ~[test-classes/:na]
	at sun.reflect.GeneratedMethodAccessor21.invoke(Unknown Source) ~[na:na]
	at sun.reflect.DelegatingMethodAccessorImpl.invoke(DelegatingMethodAccessorImpl.java:43) ~[na:1.8.0_262]
	at java.lang.reflect.Method.invoke(Method.java:498) ~[na:1.8.0_262]
	at org.springframework.test.context.transaction.TransactionalTestExecutionListener.runBeforeTransactionMethods(TransactionalTestExecutionListener.java:248) ~[spring-test-4.1.1.RELEASE.jar:4.1.1.RELEASE]
	at org.springframework.test.context.transaction.TransactionalTestExecutionListener.beforeTestMethod(TransactionalTestExecutionListener.java:198) ~[spring-test-4.1.1.RELEASE.jar:4.1.1.RELEASE]
	at org.springframework.test.context.TestContextManager.beforeTestMethod(TestContextManager.java:249) ~[spring-test-4.1.1.RELEASE.jar:4.1.1.RELEASE]
	at org.springframework.test.context.junit4.statements.RunBeforeTestMethodCallbacks.evaluate(RunBeforeTestMethodCallbacks.java:71) [spring-test-4.1.1.RELEASE.jar:4.1.1.RELEASE]
	at org.springframework.test.context.junit4.statements.RunAfterTestMethodCallbacks.evaluate(RunAfterTestMethodCallbacks.java:81) [spring-test-4.1.1.RELEASE.jar:4.1.1.RELEASE]
	at org.springframework.test.context.junit4.statements.SpringRepeat.evaluate(SpringRepeat.java:72) [spring-test-4.1.1.RELEASE.jar:4.1.1.RELEASE]
	at org.junit.runners.ParentRunner.runLeaf(ParentRunner.java:271) [junit-4.11.jar:na]
	at org.springframework.test.context.junit4.SpringJUnit4ClassRunner.runChild(SpringJUnit4ClassRunner.java:216) [spring-test-4.1.1.RELEASE.jar:4.1.1.RELEASE]
	at org.springframework.test.context.junit4.SpringJUnit4ClassRunner.runChild(SpringJUnit4ClassRunner.java:82) [spring-test-4.1.1.RELEASE.jar:4.1.1.RELEASE]
	at org.junit.runners.ParentRunner$3.run(ParentRunner.java:238) [junit-4.11.jar:na]
	at org.junit.runners.ParentRunner$1.schedule(ParentRunner.java:63) [junit-4.11.jar:na]
	at org.junit.runners.ParentRunner.runChildren(ParentRunner.java:236) [junit-4.11.jar:na]
	at org.junit.runners.ParentRunner.access$000(ParentRunner.java:53) [junit-4.11.jar:na]
	at org.junit.runners.ParentRunner$2.evaluate(ParentRunner.java:229) [junit-4.11.jar:na]
	at org.springframework.test.context.junit4.statements.RunBeforeTestClassCallbacks.evaluate(RunBeforeTestClassCallbacks.java:60) [spring-test-4.1.1.RELEASE.jar:4.1.1.RELEASE]
	at org.springframework.test.context.junit4.statements.RunAfterTestClassCallbacks.evaluate(RunAfterTestClassCallbacks.java:67) [spring-test-4.1.1.RELEASE.jar:4.1.1.RELEASE]
	at org.junit.runners.ParentRunner.run(ParentRunner.java:309) [junit-4.11.jar:na]
	at org.springframework.test.context.junit4.SpringJUnit4ClassRunner.run(SpringJUnit4ClassRunner.java:162) [spring-test-4.1.1.RELEASE.jar:4.1.1.RELEASE]
	at org.apache.maven.surefire.junit4.JUnit4Provider.execute(JUnit4Provider.java:367) [surefire-junit4-2.19.1.jar:2.19.1]
	at org.apache.maven.surefire.junit4.JUnit4Provider.executeWithRerun(JUnit4Provider.java:274) [surefire-junit4-2.19.1.jar:2.19.1]
	at org.apache.maven.surefire.junit4.JUnit4Provider.executeTestSet(JUnit4Provider.java:238) [surefire-junit4-2.19.1.jar:2.19.1]
	at org.apache.maven.surefire.junit4.JUnit4Provider.invoke(JUnit4Provider.java:161) [surefire-junit4-2.19.1.jar:2.19.1]
	at org.apache.maven.surefire.booter.ForkedBooter.invokeProviderInSameClassLoader(ForkedBooter.java:290) [surefire-booter-2.19.1.jar:2.19.1]
	at org.apache.maven.surefire.booter.ForkedBooter.runSuitesInProcess(ForkedBooter.java:242) [surefire-booter-2.19.1.jar:2.19.1]
	at org.apache.maven.surefire.booter.ForkedBooter.main(ForkedBooter.java:121) [surefire-booter-2.19.1.jar:2.19.1]
]]></system-out>
  </testcase>
  <testcase name="shouldReturnZeroForCountWhenEmptyTable" classname="com.nurkiewicz.jdbcrepository.postgresql.JdbcRepositoryManualKeyPostgresqlTest" time="0">
    <skipped/>
    <system-out><![CDATA[22:42:08:628 | ERROR | main | o.s.t.c.t.TransactionalTestExecutionListener | Exception encountered while executing @BeforeTransaction methods for test context [DefaultTestContext@7a7ae0e1 testClass = JdbcRepositoryManualKeyPostgresqlTest, testInstance = com.nurkiewicz.jdbcrepository.postgresql.JdbcRepositoryManualKeyPostgresqlTest@43a1205c, testMethod = shouldReturnZeroForCountWhenEmptyTable@JdbcRepositoryManualKeyTest, testException = [null], mergedContextConfiguration = [MergedContextConfiguration@5f9b21a1 testClass = JdbcRepositoryManualKeyPostgresqlTest, locations = '{}', classes = '{class com.nurkiewicz.jdbcrepository.postgresql.JdbcRepositoryTestPostgresqlConfig}', contextInitializerClasses = '[]', activeProfiles = '{}', propertySourceLocations = '{}', propertySourceProperties = '{}', contextLoader = 'org.springframework.test.context.support.AnnotationConfigContextLoader', parent = [null]]].
java.net.ConnectException: Connection refused (Connection refused)
	at java.net.PlainSocketImpl.socketConnect(Native Method) ~[na:1.8.0_262]
	at java.net.AbstractPlainSocketImpl.doConnect(AbstractPlainSocketImpl.java:350) ~[na:1.8.0_262]
	at java.net.AbstractPlainSocketImpl.connectToAddress(AbstractPlainSocketImpl.java:206) ~[na:1.8.0_262]
	at java.net.AbstractPlainSocketImpl.connect(AbstractPlainSocketImpl.java:188) ~[na:1.8.0_262]
	at java.net.SocksSocketImpl.connect(SocksSocketImpl.java:392) ~[na:1.8.0_262]
	at java.net.Socket.connect(Socket.java:607) ~[na:1.8.0_262]
	at java.net.Socket.connect(Socket.java:556) ~[na:1.8.0_262]
	at com.nurkiewicz.jdbcrepository.AbstractIntegrationTest.ignoreIfDatabaseNotAvailable(AbstractIntegrationTest.java:36) ~[test-classes/:na]
	... 28 common frames omitted
Wrapped by: org.junit.internal.AssumptionViolatedException: got: <java.net.ConnectException: Connection refused (Connection refused)>, expected: null
	at org.junit.Assume.assumeThat(Assume.java:95) ~[junit-4.11.jar:na]
	at org.junit.Assume.assumeNoException(Assume.java:142) ~[junit-4.11.jar:na]
	at com.nurkiewicz.jdbcrepository.AbstractIntegrationTest.ignoreIfDatabaseNotAvailable(AbstractIntegrationTest.java:39) ~[test-classes/:na]
	at sun.reflect.GeneratedMethodAccessor21.invoke(Unknown Source) ~[na:na]
	at sun.reflect.DelegatingMethodAccessorImpl.invoke(DelegatingMethodAccessorImpl.java:43) ~[na:1.8.0_262]
	at java.lang.reflect.Method.invoke(Method.java:498) ~[na:1.8.0_262]
	at org.springframework.test.context.transaction.TransactionalTestExecutionListener.runBeforeTransactionMethods(TransactionalTestExecutionListener.java:248) [spring-test-4.1.1.RELEASE.jar:4.1.1.RELEASE]
	at org.springframework.test.context.transaction.TransactionalTestExecutionListener.beforeTestMethod(TransactionalTestExecutionListener.java:198) [spring-test-4.1.1.RELEASE.jar:4.1.1.RELEASE]
	at org.springframework.test.context.TestContextManager.beforeTestMethod(TestContextManager.java:249) [spring-test-4.1.1.RELEASE.jar:4.1.1.RELEASE]
	at org.springframework.test.context.junit4.statements.RunBeforeTestMethodCallbacks.evaluate(RunBeforeTestMethodCallbacks.java:71) [spring-test-4.1.1.RELEASE.jar:4.1.1.RELEASE]
	at org.springframework.test.context.junit4.statements.RunAfterTestMethodCallbacks.evaluate(RunAfterTestMethodCallbacks.java:81) [spring-test-4.1.1.RELEASE.jar:4.1.1.RELEASE]
	at org.springframework.test.context.junit4.statements.SpringRepeat.evaluate(SpringRepeat.java:72) [spring-test-4.1.1.RELEASE.jar:4.1.1.RELEASE]
	at org.junit.runners.ParentRunner.runLeaf(ParentRunner.java:271) [junit-4.11.jar:na]
	at org.springframework.test.context.junit4.SpringJUnit4ClassRunner.runChild(SpringJUnit4ClassRunner.java:216) [spring-test-4.1.1.RELEASE.jar:4.1.1.RELEASE]
	at org.springframework.test.context.junit4.SpringJUnit4ClassRunner.runChild(SpringJUnit4ClassRunner.java:82) [spring-test-4.1.1.RELEASE.jar:4.1.1.RELEASE]
	at org.junit.runners.ParentRunner$3.run(ParentRunner.java:238) [junit-4.11.jar:na]
	at org.junit.runners.ParentRunner$1.schedule(ParentRunner.java:63) [junit-4.11.jar:na]
	at org.junit.runners.ParentRunner.runChildren(ParentRunner.java:236) [junit-4.11.jar:na]
	at org.junit.runners.ParentRunner.access$000(ParentRunner.java:53) [junit-4.11.jar:na]
	at org.junit.runners.ParentRunner$2.evaluate(ParentRunner.java:229) [junit-4.11.jar:na]
	at org.springframework.test.context.junit4.statements.RunBeforeTestClassCallbacks.evaluate(RunBeforeTestClassCallbacks.java:60) [spring-test-4.1.1.RELEASE.jar:4.1.1.RELEASE]
	at org.springframework.test.context.junit4.statements.RunAfterTestClassCallbacks.evaluate(RunAfterTestClassCallbacks.java:67) [spring-test-4.1.1.RELEASE.jar:4.1.1.RELEASE]
	at org.junit.runners.ParentRunner.run(ParentRunner.java:309) [junit-4.11.jar:na]
	at org.springframework.test.context.junit4.SpringJUnit4ClassRunner.run(SpringJUnit4ClassRunner.java:162) [spring-test-4.1.1.RELEASE.jar:4.1.1.RELEASE]
	at org.apache.maven.surefire.junit4.JUnit4Provider.execute(JUnit4Provider.java:367) [surefire-junit4-2.19.1.jar:2.19.1]
	at org.apache.maven.surefire.junit4.JUnit4Provider.executeWithRerun(JUnit4Provider.java:274) [surefire-junit4-2.19.1.jar:2.19.1]
	at org.apache.maven.surefire.junit4.JUnit4Provider.executeTestSet(JUnit4Provider.java:238) [surefire-junit4-2.19.1.jar:2.19.1]
	at org.apache.maven.surefire.junit4.JUnit4Provider.invoke(JUnit4Provider.java:161) [surefire-junit4-2.19.1.jar:2.19.1]
	at org.apache.maven.surefire.booter.ForkedBooter.invokeProviderInSameClassLoader(ForkedBooter.java:290) [surefire-booter-2.19.1.jar:2.19.1]
	at org.apache.maven.surefire.booter.ForkedBooter.runSuitesInProcess(ForkedBooter.java:242) [surefire-booter-2.19.1.jar:2.19.1]
	at org.apache.maven.surefire.booter.ForkedBooter.main(ForkedBooter.java:121) [surefire-booter-2.19.1.jar:2.19.1]
22:42:08:629 | WARN  | main | o.s.t.c.TestContextManager | Caught exception while allowing TestExecutionListener [org.springframework.test.context.transaction.TransactionalTestExecutionListener@47742aae] to process 'before' execution of test method [public void com.nurkiewicz.jdbcrepository.JdbcRepositoryManualKeyTest.shouldReturnZeroForCountWhenEmptyTable() throws java.lang.Exception] for test instance [com.nurkiewicz.jdbcrepository.postgresql.JdbcRepositoryManualKeyPostgresqlTest@43a1205c]
java.net.ConnectException: Connection refused (Connection refused)
	at java.net.PlainSocketImpl.socketConnect(Native Method) ~[na:1.8.0_262]
	at java.net.AbstractPlainSocketImpl.doConnect(AbstractPlainSocketImpl.java:350) ~[na:1.8.0_262]
	at java.net.AbstractPlainSocketImpl.connectToAddress(AbstractPlainSocketImpl.java:206) ~[na:1.8.0_262]
	at java.net.AbstractPlainSocketImpl.connect(AbstractPlainSocketImpl.java:188) ~[na:1.8.0_262]
	at java.net.SocksSocketImpl.connect(SocksSocketImpl.java:392) ~[na:1.8.0_262]
	at java.net.Socket.connect(Socket.java:607) ~[na:1.8.0_262]
	at java.net.Socket.connect(Socket.java:556) ~[na:1.8.0_262]
	at com.nurkiewicz.jdbcrepository.AbstractIntegrationTest.ignoreIfDatabaseNotAvailable(AbstractIntegrationTest.java:36) ~[test-classes/:na]
	... 28 common frames omitted
Wrapped by: org.junit.internal.AssumptionViolatedException: got: <java.net.ConnectException: Connection refused (Connection refused)>, expected: null
	at org.junit.Assume.assumeThat(Assume.java:95) ~[junit-4.11.jar:na]
	at org.junit.Assume.assumeNoException(Assume.java:142) ~[junit-4.11.jar:na]
	at com.nurkiewicz.jdbcrepository.AbstractIntegrationTest.ignoreIfDatabaseNotAvailable(AbstractIntegrationTest.java:39) ~[test-classes/:na]
	at sun.reflect.GeneratedMethodAccessor21.invoke(Unknown Source) ~[na:na]
	at sun.reflect.DelegatingMethodAccessorImpl.invoke(DelegatingMethodAccessorImpl.java:43) ~[na:1.8.0_262]
	at java.lang.reflect.Method.invoke(Method.java:498) ~[na:1.8.0_262]
	at org.springframework.test.context.transaction.TransactionalTestExecutionListener.runBeforeTransactionMethods(TransactionalTestExecutionListener.java:248) ~[spring-test-4.1.1.RELEASE.jar:4.1.1.RELEASE]
	at org.springframework.test.context.transaction.TransactionalTestExecutionListener.beforeTestMethod(TransactionalTestExecutionListener.java:198) ~[spring-test-4.1.1.RELEASE.jar:4.1.1.RELEASE]
	at org.springframework.test.context.TestContextManager.beforeTestMethod(TestContextManager.java:249) ~[spring-test-4.1.1.RELEASE.jar:4.1.1.RELEASE]
	at org.springframework.test.context.junit4.statements.RunBeforeTestMethodCallbacks.evaluate(RunBeforeTestMethodCallbacks.java:71) [spring-test-4.1.1.RELEASE.jar:4.1.1.RELEASE]
	at org.springframework.test.context.junit4.statements.RunAfterTestMethodCallbacks.evaluate(RunAfterTestMethodCallbacks.java:81) [spring-test-4.1.1.RELEASE.jar:4.1.1.RELEASE]
	at org.springframework.test.context.junit4.statements.SpringRepeat.evaluate(SpringRepeat.java:72) [spring-test-4.1.1.RELEASE.jar:4.1.1.RELEASE]
	at org.junit.runners.ParentRunner.runLeaf(ParentRunner.java:271) [junit-4.11.jar:na]
	at org.springframework.test.context.junit4.SpringJUnit4ClassRunner.runChild(SpringJUnit4ClassRunner.java:216) [spring-test-4.1.1.RELEASE.jar:4.1.1.RELEASE]
	at org.springframework.test.context.junit4.SpringJUnit4ClassRunner.runChild(SpringJUnit4ClassRunner.java:82) [spring-test-4.1.1.RELEASE.jar:4.1.1.RELEASE]
	at org.junit.runners.ParentRunner$3.run(ParentRunner.java:238) [junit-4.11.jar:na]
	at org.junit.runners.ParentRunner$1.schedule(ParentRunner.java:63) [junit-4.11.jar:na]
	at org.junit.runners.ParentRunner.runChildren(ParentRunner.java:236) [junit-4.11.jar:na]
	at org.junit.runners.ParentRunner.access$000(ParentRunner.java:53) [junit-4.11.jar:na]
	at org.junit.runners.ParentRunner$2.evaluate(ParentRunner.java:229) [junit-4.11.jar:na]
	at org.springframework.test.context.junit4.statements.RunBeforeTestClassCallbacks.evaluate(RunBeforeTestClassCallbacks.java:60) [spring-test-4.1.1.RELEASE.jar:4.1.1.RELEASE]
	at org.springframework.test.context.junit4.statements.RunAfterTestClassCallbacks.evaluate(RunAfterTestClassCallbacks.java:67) [spring-test-4.1.1.RELEASE.jar:4.1.1.RELEASE]
	at org.junit.runners.ParentRunner.run(ParentRunner.java:309) [junit-4.11.jar:na]
	at org.springframework.test.context.junit4.SpringJUnit4ClassRunner.run(SpringJUnit4ClassRunner.java:162) [spring-test-4.1.1.RELEASE.jar:4.1.1.RELEASE]
	at org.apache.maven.surefire.junit4.JUnit4Provider.execute(JUnit4Provider.java:367) [surefire-junit4-2.19.1.jar:2.19.1]
	at org.apache.maven.surefire.junit4.JUnit4Provider.executeWithRerun(JUnit4Provider.java:274) [surefire-junit4-2.19.1.jar:2.19.1]
	at org.apache.maven.surefire.junit4.JUnit4Provider.executeTestSet(JUnit4Provider.java:238) [surefire-junit4-2.19.1.jar:2.19.1]
	at org.apache.maven.surefire.junit4.JUnit4Provider.invoke(JUnit4Provider.java:161) [surefire-junit4-2.19.1.jar:2.19.1]
	at org.apache.maven.surefire.booter.ForkedBooter.invokeProviderInSameClassLoader(ForkedBooter.java:290) [surefire-booter-2.19.1.jar:2.19.1]
	at org.apache.maven.surefire.booter.ForkedBooter.runSuitesInProcess(ForkedBooter.java:242) [surefire-booter-2.19.1.jar:2.19.1]
	at org.apache.maven.surefire.booter.ForkedBooter.main(ForkedBooter.java:121) [surefire-booter-2.19.1.jar:2.19.1]
]]></system-out>
  </testcase>
  <testcase name="shouldReturnEmptyPageWhenNoEntitiesInDatabase" classname="com.nurkiewicz.jdbcrepository.postgresql.JdbcRepositoryManualKeyPostgresqlTest" time="0">
    <skipped/>
    <system-out><![CDATA[22:42:08:716 | ERROR | main | o.s.t.c.t.TransactionalTestExecutionListener | Exception encountered while executing @BeforeTransaction methods for test context [DefaultTestContext@7a7ae0e1 testClass = JdbcRepositoryManualKeyPostgresqlTest, testInstance = com.nurkiewicz.jdbcrepository.postgresql.JdbcRepositoryManualKeyPostgresqlTest@47df554d, testMethod = shouldReturnEmptyPageWhenNoEntitiesInDatabase@JdbcRepositoryManualKeyTest, testException = [null], mergedContextConfiguration = [MergedContextConfiguration@5f9b21a1 testClass = JdbcRepositoryManualKeyPostgresqlTest, locations = '{}', classes = '{class com.nurkiewicz.jdbcrepository.postgresql.JdbcRepositoryTestPostgresqlConfig}', contextInitializerClasses = '[]', activeProfiles = '{}', propertySourceLocations = '{}', propertySourceProperties = '{}', contextLoader = 'org.springframework.test.context.support.AnnotationConfigContextLoader', parent = [null]]].
java.net.ConnectException: Connection refused (Connection refused)
	at java.net.PlainSocketImpl.socketConnect(Native Method) ~[na:1.8.0_262]
	at java.net.AbstractPlainSocketImpl.doConnect(AbstractPlainSocketImpl.java:350) ~[na:1.8.0_262]
	at java.net.AbstractPlainSocketImpl.connectToAddress(AbstractPlainSocketImpl.java:206) ~[na:1.8.0_262]
	at java.net.AbstractPlainSocketImpl.connect(AbstractPlainSocketImpl.java:188) ~[na:1.8.0_262]
	at java.net.SocksSocketImpl.connect(SocksSocketImpl.java:392) ~[na:1.8.0_262]
	at java.net.Socket.connect(Socket.java:607) ~[na:1.8.0_262]
	at java.net.Socket.connect(Socket.java:556) ~[na:1.8.0_262]
	at com.nurkiewicz.jdbcrepository.AbstractIntegrationTest.ignoreIfDatabaseNotAvailable(AbstractIntegrationTest.java:36) ~[test-classes/:na]
	... 28 common frames omitted
Wrapped by: org.junit.internal.AssumptionViolatedException: got: <java.net.ConnectException: Connection refused (Connection refused)>, expected: null
	at org.junit.Assume.assumeThat(Assume.java:95) ~[junit-4.11.jar:na]
	at org.junit.Assume.assumeNoException(Assume.java:142) ~[junit-4.11.jar:na]
	at com.nurkiewicz.jdbcrepository.AbstractIntegrationTest.ignoreIfDatabaseNotAvailable(AbstractIntegrationTest.java:39) ~[test-classes/:na]
	at sun.reflect.GeneratedMethodAccessor21.invoke(Unknown Source) ~[na:na]
	at sun.reflect.DelegatingMethodAccessorImpl.invoke(DelegatingMethodAccessorImpl.java:43) ~[na:1.8.0_262]
	at java.lang.reflect.Method.invoke(Method.java:498) ~[na:1.8.0_262]
	at org.springframework.test.context.transaction.TransactionalTestExecutionListener.runBeforeTransactionMethods(TransactionalTestExecutionListener.java:248) [spring-test-4.1.1.RELEASE.jar:4.1.1.RELEASE]
	at org.springframework.test.context.transaction.TransactionalTestExecutionListener.beforeTestMethod(TransactionalTestExecutionListener.java:198) [spring-test-4.1.1.RELEASE.jar:4.1.1.RELEASE]
	at org.springframework.test.context.TestContextManager.beforeTestMethod(TestContextManager.java:249) [spring-test-4.1.1.RELEASE.jar:4.1.1.RELEASE]
	at org.springframework.test.context.junit4.statements.RunBeforeTestMethodCallbacks.evaluate(RunBeforeTestMethodCallbacks.java:71) [spring-test-4.1.1.RELEASE.jar:4.1.1.RELEASE]
	at org.springframework.test.context.junit4.statements.RunAfterTestMethodCallbacks.evaluate(RunAfterTestMethodCallbacks.java:81) [spring-test-4.1.1.RELEASE.jar:4.1.1.RELEASE]
	at org.springframework.test.context.junit4.statements.SpringRepeat.evaluate(SpringRepeat.java:72) [spring-test-4.1.1.RELEASE.jar:4.1.1.RELEASE]
	at org.junit.runners.ParentRunner.runLeaf(ParentRunner.java:271) [junit-4.11.jar:na]
	at org.springframework.test.context.junit4.SpringJUnit4ClassRunner.runChild(SpringJUnit4ClassRunner.java:216) [spring-test-4.1.1.RELEASE.jar:4.1.1.RELEASE]
	at org.springframework.test.context.junit4.SpringJUnit4ClassRunner.runChild(SpringJUnit4ClassRunner.java:82) [spring-test-4.1.1.RELEASE.jar:4.1.1.RELEASE]
	at org.junit.runners.ParentRunner$3.run(ParentRunner.java:238) [junit-4.11.jar:na]
	at org.junit.runners.ParentRunner$1.schedule(ParentRunner.java:63) [junit-4.11.jar:na]
	at org.junit.runners.ParentRunner.runChildren(ParentRunner.java:236) [junit-4.11.jar:na]
	at org.junit.runners.ParentRunner.access$000(ParentRunner.java:53) [junit-4.11.jar:na]
	at org.junit.runners.ParentRunner$2.evaluate(ParentRunner.java:229) [junit-4.11.jar:na]
	at org.springframework.test.context.junit4.statements.RunBeforeTestClassCallbacks.evaluate(RunBeforeTestClassCallbacks.java:60) [spring-test-4.1.1.RELEASE.jar:4.1.1.RELEASE]
	at org.springframework.test.context.junit4.statements.RunAfterTestClassCallbacks.evaluate(RunAfterTestClassCallbacks.java:67) [spring-test-4.1.1.RELEASE.jar:4.1.1.RELEASE]
	at org.junit.runners.ParentRunner.run(ParentRunner.java:309) [junit-4.11.jar:na]
	at org.springframework.test.context.junit4.SpringJUnit4ClassRunner.run(SpringJUnit4ClassRunner.java:162) [spring-test-4.1.1.RELEASE.jar:4.1.1.RELEASE]
	at org.apache.maven.surefire.junit4.JUnit4Provider.execute(JUnit4Provider.java:367) [surefire-junit4-2.19.1.jar:2.19.1]
	at org.apache.maven.surefire.junit4.JUnit4Provider.executeWithRerun(JUnit4Provider.java:274) [surefire-junit4-2.19.1.jar:2.19.1]
	at org.apache.maven.surefire.junit4.JUnit4Provider.executeTestSet(JUnit4Provider.java:238) [surefire-junit4-2.19.1.jar:2.19.1]
	at org.apache.maven.surefire.junit4.JUnit4Provider.invoke(JUnit4Provider.java:161) [surefire-junit4-2.19.1.jar:2.19.1]
	at org.apache.maven.surefire.booter.ForkedBooter.invokeProviderInSameClassLoader(ForkedBooter.java:290) [surefire-booter-2.19.1.jar:2.19.1]
	at org.apache.maven.surefire.booter.ForkedBooter.runSuitesInProcess(ForkedBooter.java:242) [surefire-booter-2.19.1.jar:2.19.1]
	at org.apache.maven.surefire.booter.ForkedBooter.main(ForkedBooter.java:121) [surefire-booter-2.19.1.jar:2.19.1]
22:42:08:717 | WARN  | main | o.s.t.c.TestContextManager | Caught exception while allowing TestExecutionListener [org.springframework.test.context.transaction.TransactionalTestExecutionListener@47742aae] to process 'before' execution of test method [public void com.nurkiewicz.jdbcrepository.JdbcRepositoryManualKeyTest.shouldReturnEmptyPageWhenNoEntitiesInDatabase()] for test instance [com.nurkiewicz.jdbcrepository.postgresql.JdbcRepositoryManualKeyPostgresqlTest@47df554d]
java.net.ConnectException: Connection refused (Connection refused)
	at java.net.PlainSocketImpl.socketConnect(Native Method) ~[na:1.8.0_262]
	at java.net.AbstractPlainSocketImpl.doConnect(AbstractPlainSocketImpl.java:350) ~[na:1.8.0_262]
	at java.net.AbstractPlainSocketImpl.connectToAddress(AbstractPlainSocketImpl.java:206) ~[na:1.8.0_262]
	at java.net.AbstractPlainSocketImpl.connect(AbstractPlainSocketImpl.java:188) ~[na:1.8.0_262]
	at java.net.SocksSocketImpl.connect(SocksSocketImpl.java:392) ~[na:1.8.0_262]
	at java.net.Socket.connect(Socket.java:607) ~[na:1.8.0_262]
	at java.net.Socket.connect(Socket.java:556) ~[na:1.8.0_262]
	at com.nurkiewicz.jdbcrepository.AbstractIntegrationTest.ignoreIfDatabaseNotAvailable(AbstractIntegrationTest.java:36) ~[test-classes/:na]
	... 28 common frames omitted
Wrapped by: org.junit.internal.AssumptionViolatedException: got: <java.net.ConnectException: Connection refused (Connection refused)>, expected: null
	at org.junit.Assume.assumeThat(Assume.java:95) ~[junit-4.11.jar:na]
	at org.junit.Assume.assumeNoException(Assume.java:142) ~[junit-4.11.jar:na]
	at com.nurkiewicz.jdbcrepository.AbstractIntegrationTest.ignoreIfDatabaseNotAvailable(AbstractIntegrationTest.java:39) ~[test-classes/:na]
	at sun.reflect.GeneratedMethodAccessor21.invoke(Unknown Source) ~[na:na]
	at sun.reflect.DelegatingMethodAccessorImpl.invoke(DelegatingMethodAccessorImpl.java:43) ~[na:1.8.0_262]
	at java.lang.reflect.Method.invoke(Method.java:498) ~[na:1.8.0_262]
	at org.springframework.test.context.transaction.TransactionalTestExecutionListener.runBeforeTransactionMethods(TransactionalTestExecutionListener.java:248) ~[spring-test-4.1.1.RELEASE.jar:4.1.1.RELEASE]
	at org.springframework.test.context.transaction.TransactionalTestExecutionListener.beforeTestMethod(TransactionalTestExecutionListener.java:198) ~[spring-test-4.1.1.RELEASE.jar:4.1.1.RELEASE]
	at org.springframework.test.context.TestContextManager.beforeTestMethod(TestContextManager.java:249) ~[spring-test-4.1.1.RELEASE.jar:4.1.1.RELEASE]
	at org.springframework.test.context.junit4.statements.RunBeforeTestMethodCallbacks.evaluate(RunBeforeTestMethodCallbacks.java:71) [spring-test-4.1.1.RELEASE.jar:4.1.1.RELEASE]
	at org.springframework.test.context.junit4.statements.RunAfterTestMethodCallbacks.evaluate(RunAfterTestMethodCallbacks.java:81) [spring-test-4.1.1.RELEASE.jar:4.1.1.RELEASE]
	at org.springframework.test.context.junit4.statements.SpringRepeat.evaluate(SpringRepeat.java:72) [spring-test-4.1.1.RELEASE.jar:4.1.1.RELEASE]
	at org.junit.runners.ParentRunner.runLeaf(ParentRunner.java:271) [junit-4.11.jar:na]
	at org.springframework.test.context.junit4.SpringJUnit4ClassRunner.runChild(SpringJUnit4ClassRunner.java:216) [spring-test-4.1.1.RELEASE.jar:4.1.1.RELEASE]
	at org.springframework.test.context.junit4.SpringJUnit4ClassRunner.runChild(SpringJUnit4ClassRunner.java:82) [spring-test-4.1.1.RELEASE.jar:4.1.1.RELEASE]
	at org.junit.runners.ParentRunner$3.run(ParentRunner.java:238) [junit-4.11.jar:na]
	at org.junit.runners.ParentRunner$1.schedule(ParentRunner.java:63) [junit-4.11.jar:na]
	at org.junit.runners.ParentRunner.runChildren(ParentRunner.java:236) [junit-4.11.jar:na]
	at org.junit.runners.ParentRunner.access$000(ParentRunner.java:53) [junit-4.11.jar:na]
	at org.junit.runners.ParentRunner$2.evaluate(ParentRunner.java:229) [junit-4.11.jar:na]
	at org.springframework.test.context.junit4.statements.RunBeforeTestClassCallbacks.evaluate(RunBeforeTestClassCallbacks.java:60) [spring-test-4.1.1.RELEASE.jar:4.1.1.RELEASE]
	at org.springframework.test.context.junit4.statements.RunAfterTestClassCallbacks.evaluate(RunAfterTestClassCallbacks.java:67) [spring-test-4.1.1.RELEASE.jar:4.1.1.RELEASE]
	at org.junit.runners.ParentRunner.run(ParentRunner.java:309) [junit-4.11.jar:na]
	at org.springframework.test.context.junit4.SpringJUnit4ClassRunner.run(SpringJUnit4ClassRunner.java:162) [spring-test-4.1.1.RELEASE.jar:4.1.1.RELEASE]
	at org.apache.maven.surefire.junit4.JUnit4Provider.execute(JUnit4Provider.java:367) [surefire-junit4-2.19.1.jar:2.19.1]
	at org.apache.maven.surefire.junit4.JUnit4Provider.executeWithRerun(JUnit4Provider.java:274) [surefire-junit4-2.19.1.jar:2.19.1]
	at org.apache.maven.surefire.junit4.JUnit4Provider.executeTestSet(JUnit4Provider.java:238) [surefire-junit4-2.19.1.jar:2.19.1]
	at org.apache.maven.surefire.junit4.JUnit4Provider.invoke(JUnit4Provider.java:161) [surefire-junit4-2.19.1.jar:2.19.1]
	at org.apache.maven.surefire.booter.ForkedBooter.invokeProviderInSameClassLoader(ForkedBooter.java:290) [surefire-booter-2.19.1.jar:2.19.1]
	at org.apache.maven.surefire.booter.ForkedBooter.runSuitesInProcess(ForkedBooter.java:242) [surefire-booter-2.19.1.jar:2.19.1]
	at org.apache.maven.surefire.booter.ForkedBooter.main(ForkedBooter.java:121) [surefire-booter-2.19.1.jar:2.19.1]
]]></system-out>
  </testcase>
  <testcase name="shouldReturnCountOfRecordsInTable" classname="com.nurkiewicz.jdbcrepository.postgresql.JdbcRepositoryManualKeyPostgresqlTest" time="0">
    <skipped/>
    <system-out><![CDATA[22:42:08:720 | ERROR | main | o.s.t.c.t.TransactionalTestExecutionListener | Exception encountered while executing @BeforeTransaction methods for test context [DefaultTestContext@7a7ae0e1 testClass = JdbcRepositoryManualKeyPostgresqlTest, testInstance = com.nurkiewicz.jdbcrepository.postgresql.JdbcRepositoryManualKeyPostgresqlTest@1c2abde0, testMethod = shouldReturnCountOfRecordsInTable@JdbcRepositoryManualKeyTest, testException = [null], mergedContextConfiguration = [MergedContextConfiguration@5f9b21a1 testClass = JdbcRepositoryManualKeyPostgresqlTest, locations = '{}', classes = '{class com.nurkiewicz.jdbcrepository.postgresql.JdbcRepositoryTestPostgresqlConfig}', contextInitializerClasses = '[]', activeProfiles = '{}', propertySourceLocations = '{}', propertySourceProperties = '{}', contextLoader = 'org.springframework.test.context.support.AnnotationConfigContextLoader', parent = [null]]].
java.net.ConnectException: Connection refused (Connection refused)
	at java.net.PlainSocketImpl.socketConnect(Native Method) ~[na:1.8.0_262]
	at java.net.AbstractPlainSocketImpl.doConnect(AbstractPlainSocketImpl.java:350) ~[na:1.8.0_262]
	at java.net.AbstractPlainSocketImpl.connectToAddress(AbstractPlainSocketImpl.java:206) ~[na:1.8.0_262]
	at java.net.AbstractPlainSocketImpl.connect(AbstractPlainSocketImpl.java:188) ~[na:1.8.0_262]
	at java.net.SocksSocketImpl.connect(SocksSocketImpl.java:392) ~[na:1.8.0_262]
	at java.net.Socket.connect(Socket.java:607) ~[na:1.8.0_262]
	at java.net.Socket.connect(Socket.java:556) ~[na:1.8.0_262]
	at com.nurkiewicz.jdbcrepository.AbstractIntegrationTest.ignoreIfDatabaseNotAvailable(AbstractIntegrationTest.java:36) ~[test-classes/:na]
	... 28 common frames omitted
Wrapped by: org.junit.internal.AssumptionViolatedException: got: <java.net.ConnectException: Connection refused (Connection refused)>, expected: null
	at org.junit.Assume.assumeThat(Assume.java:95) ~[junit-4.11.jar:na]
	at org.junit.Assume.assumeNoException(Assume.java:142) ~[junit-4.11.jar:na]
	at com.nurkiewicz.jdbcrepository.AbstractIntegrationTest.ignoreIfDatabaseNotAvailable(AbstractIntegrationTest.java:39) ~[test-classes/:na]
	at sun.reflect.GeneratedMethodAccessor21.invoke(Unknown Source) ~[na:na]
	at sun.reflect.DelegatingMethodAccessorImpl.invoke(DelegatingMethodAccessorImpl.java:43) ~[na:1.8.0_262]
	at java.lang.reflect.Method.invoke(Method.java:498) ~[na:1.8.0_262]
	at org.springframework.test.context.transaction.TransactionalTestExecutionListener.runBeforeTransactionMethods(TransactionalTestExecutionListener.java:248) [spring-test-4.1.1.RELEASE.jar:4.1.1.RELEASE]
	at org.springframework.test.context.transaction.TransactionalTestExecutionListener.beforeTestMethod(TransactionalTestExecutionListener.java:198) [spring-test-4.1.1.RELEASE.jar:4.1.1.RELEASE]
	at org.springframework.test.context.TestContextManager.beforeTestMethod(TestContextManager.java:249) [spring-test-4.1.1.RELEASE.jar:4.1.1.RELEASE]
	at org.springframework.test.context.junit4.statements.RunBeforeTestMethodCallbacks.evaluate(RunBeforeTestMethodCallbacks.java:71) [spring-test-4.1.1.RELEASE.jar:4.1.1.RELEASE]
	at org.springframework.test.context.junit4.statements.RunAfterTestMethodCallbacks.evaluate(RunAfterTestMethodCallbacks.java:81) [spring-test-4.1.1.RELEASE.jar:4.1.1.RELEASE]
	at org.springframework.test.context.junit4.statements.SpringRepeat.evaluate(SpringRepeat.java:72) [spring-test-4.1.1.RELEASE.jar:4.1.1.RELEASE]
	at org.junit.runners.ParentRunner.runLeaf(ParentRunner.java:271) [junit-4.11.jar:na]
	at org.springframework.test.context.junit4.SpringJUnit4ClassRunner.runChild(SpringJUnit4ClassRunner.java:216) [spring-test-4.1.1.RELEASE.jar:4.1.1.RELEASE]
	at org.springframework.test.context.junit4.SpringJUnit4ClassRunner.runChild(SpringJUnit4ClassRunner.java:82) [spring-test-4.1.1.RELEASE.jar:4.1.1.RELEASE]
	at org.junit.runners.ParentRunner$3.run(ParentRunner.java:238) [junit-4.11.jar:na]
	at org.junit.runners.ParentRunner$1.schedule(ParentRunner.java:63) [junit-4.11.jar:na]
	at org.junit.runners.ParentRunner.runChildren(ParentRunner.java:236) [junit-4.11.jar:na]
	at org.junit.runners.ParentRunner.access$000(ParentRunner.java:53) [junit-4.11.jar:na]
	at org.junit.runners.ParentRunner$2.evaluate(ParentRunner.java:229) [junit-4.11.jar:na]
	at org.springframework.test.context.junit4.statements.RunBeforeTestClassCallbacks.evaluate(RunBeforeTestClassCallbacks.java:60) [spring-test-4.1.1.RELEASE.jar:4.1.1.RELEASE]
	at org.springframework.test.context.junit4.statements.RunAfterTestClassCallbacks.evaluate(RunAfterTestClassCallbacks.java:67) [spring-test-4.1.1.RELEASE.jar:4.1.1.RELEASE]
	at org.junit.runners.ParentRunner.run(ParentRunner.java:309) [junit-4.11.jar:na]
	at org.springframework.test.context.junit4.SpringJUnit4ClassRunner.run(SpringJUnit4ClassRunner.java:162) [spring-test-4.1.1.RELEASE.jar:4.1.1.RELEASE]
	at org.apache.maven.surefire.junit4.JUnit4Provider.execute(JUnit4Provider.java:367) [surefire-junit4-2.19.1.jar:2.19.1]
	at org.apache.maven.surefire.junit4.JUnit4Provider.executeWithRerun(JUnit4Provider.java:274) [surefire-junit4-2.19.1.jar:2.19.1]
	at org.apache.maven.surefire.junit4.JUnit4Provider.executeTestSet(JUnit4Provider.java:238) [surefire-junit4-2.19.1.jar:2.19.1]
	at org.apache.maven.surefire.junit4.JUnit4Provider.invoke(JUnit4Provider.java:161) [surefire-junit4-2.19.1.jar:2.19.1]
	at org.apache.maven.surefire.booter.ForkedBooter.invokeProviderInSameClassLoader(ForkedBooter.java:290) [surefire-booter-2.19.1.jar:2.19.1]
	at org.apache.maven.surefire.booter.ForkedBooter.runSuitesInProcess(ForkedBooter.java:242) [surefire-booter-2.19.1.jar:2.19.1]
	at org.apache.maven.surefire.booter.ForkedBooter.main(ForkedBooter.java:121) [surefire-booter-2.19.1.jar:2.19.1]
22:42:08:721 | WARN  | main | o.s.t.c.TestContextManager | Caught exception while allowing TestExecutionListener [org.springframework.test.context.transaction.TransactionalTestExecutionListener@47742aae] to process 'before' execution of test method [public void com.nurkiewicz.jdbcrepository.JdbcRepositoryManualKeyTest.shouldReturnCountOfRecordsInTable() throws java.lang.Exception] for test instance [com.nurkiewicz.jdbcrepository.postgresql.JdbcRepositoryManualKeyPostgresqlTest@1c2abde0]
java.net.ConnectException: Connection refused (Connection refused)
	at java.net.PlainSocketImpl.socketConnect(Native Method) ~[na:1.8.0_262]
	at java.net.AbstractPlainSocketImpl.doConnect(AbstractPlainSocketImpl.java:350) ~[na:1.8.0_262]
	at java.net.AbstractPlainSocketImpl.connectToAddress(AbstractPlainSocketImpl.java:206) ~[na:1.8.0_262]
	at java.net.AbstractPlainSocketImpl.connect(AbstractPlainSocketImpl.java:188) ~[na:1.8.0_262]
	at java.net.SocksSocketImpl.connect(SocksSocketImpl.java:392) ~[na:1.8.0_262]
	at java.net.Socket.connect(Socket.java:607) ~[na:1.8.0_262]
	at java.net.Socket.connect(Socket.java:556) ~[na:1.8.0_262]
	at com.nurkiewicz.jdbcrepository.AbstractIntegrationTest.ignoreIfDatabaseNotAvailable(AbstractIntegrationTest.java:36) ~[test-classes/:na]
	... 28 common frames omitted
Wrapped by: org.junit.internal.AssumptionViolatedException: got: <java.net.ConnectException: Connection refused (Connection refused)>, expected: null
	at org.junit.Assume.assumeThat(Assume.java:95) ~[junit-4.11.jar:na]
	at org.junit.Assume.assumeNoException(Assume.java:142) ~[junit-4.11.jar:na]
	at com.nurkiewicz.jdbcrepository.AbstractIntegrationTest.ignoreIfDatabaseNotAvailable(AbstractIntegrationTest.java:39) ~[test-classes/:na]
	at sun.reflect.GeneratedMethodAccessor21.invoke(Unknown Source) ~[na:na]
	at sun.reflect.DelegatingMethodAccessorImpl.invoke(DelegatingMethodAccessorImpl.java:43) ~[na:1.8.0_262]
	at java.lang.reflect.Method.invoke(Method.java:498) ~[na:1.8.0_262]
	at org.springframework.test.context.transaction.TransactionalTestExecutionListener.runBeforeTransactionMethods(TransactionalTestExecutionListener.java:248) ~[spring-test-4.1.1.RELEASE.jar:4.1.1.RELEASE]
	at org.springframework.test.context.transaction.TransactionalTestExecutionListener.beforeTestMethod(TransactionalTestExecutionListener.java:198) ~[spring-test-4.1.1.RELEASE.jar:4.1.1.RELEASE]
	at org.springframework.test.context.TestContextManager.beforeTestMethod(TestContextManager.java:249) ~[spring-test-4.1.1.RELEASE.jar:4.1.1.RELEASE]
	at org.springframework.test.context.junit4.statements.RunBeforeTestMethodCallbacks.evaluate(RunBeforeTestMethodCallbacks.java:71) [spring-test-4.1.1.RELEASE.jar:4.1.1.RELEASE]
	at org.springframework.test.context.junit4.statements.RunAfterTestMethodCallbacks.evaluate(RunAfterTestMethodCallbacks.java:81) [spring-test-4.1.1.RELEASE.jar:4.1.1.RELEASE]
	at org.springframework.test.context.junit4.statements.SpringRepeat.evaluate(SpringRepeat.java:72) [spring-test-4.1.1.RELEASE.jar:4.1.1.RELEASE]
	at org.junit.runners.ParentRunner.runLeaf(ParentRunner.java:271) [junit-4.11.jar:na]
	at org.springframework.test.context.junit4.SpringJUnit4ClassRunner.runChild(SpringJUnit4ClassRunner.java:216) [spring-test-4.1.1.RELEASE.jar:4.1.1.RELEASE]
	at org.springframework.test.context.junit4.SpringJUnit4ClassRunner.runChild(SpringJUnit4ClassRunner.java:82) [spring-test-4.1.1.RELEASE.jar:4.1.1.RELEASE]
	at org.junit.runners.ParentRunner$3.run(ParentRunner.java:238) [junit-4.11.jar:na]
	at org.junit.runners.ParentRunner$1.schedule(ParentRunner.java:63) [junit-4.11.jar:na]
	at org.junit.runners.ParentRunner.runChildren(ParentRunner.java:236) [junit-4.11.jar:na]
	at org.junit.runners.ParentRunner.access$000(ParentRunner.java:53) [junit-4.11.jar:na]
	at org.junit.runners.ParentRunner$2.evaluate(ParentRunner.java:229) [junit-4.11.jar:na]
	at org.springframework.test.context.junit4.statements.RunBeforeTestClassCallbacks.evaluate(RunBeforeTestClassCallbacks.java:60) [spring-test-4.1.1.RELEASE.jar:4.1.1.RELEASE]
	at org.springframework.test.context.junit4.statements.RunAfterTestClassCallbacks.evaluate(RunAfterTestClassCallbacks.java:67) [spring-test-4.1.1.RELEASE.jar:4.1.1.RELEASE]
	at org.junit.runners.ParentRunner.run(ParentRunner.java:309) [junit-4.11.jar:na]
	at org.springframework.test.context.junit4.SpringJUnit4ClassRunner.run(SpringJUnit4ClassRunner.java:162) [spring-test-4.1.1.RELEASE.jar:4.1.1.RELEASE]
	at org.apache.maven.surefire.junit4.JUnit4Provider.execute(JUnit4Provider.java:367) [surefire-junit4-2.19.1.jar:2.19.1]
	at org.apache.maven.surefire.junit4.JUnit4Provider.executeWithRerun(JUnit4Provider.java:274) [surefire-junit4-2.19.1.jar:2.19.1]
	at org.apache.maven.surefire.junit4.JUnit4Provider.executeTestSet(JUnit4Provider.java:238) [surefire-junit4-2.19.1.jar:2.19.1]
	at org.apache.maven.surefire.junit4.JUnit4Provider.invoke(JUnit4Provider.java:161) [surefire-junit4-2.19.1.jar:2.19.1]
	at org.apache.maven.surefire.booter.ForkedBooter.invokeProviderInSameClassLoader(ForkedBooter.java:290) [surefire-booter-2.19.1.jar:2.19.1]
	at org.apache.maven.surefire.booter.ForkedBooter.runSuitesInProcess(ForkedBooter.java:242) [surefire-booter-2.19.1.jar:2.19.1]
	at org.apache.maven.surefire.booter.ForkedBooter.main(ForkedBooter.java:121) [surefire-booter-2.19.1.jar:2.19.1]
]]></system-out>
  </testcase>
  <testcase name="shouldReturnNothingWhenOnlyOneRecordInDatabaseButSecondPageRequested" classname="com.nurkiewicz.jdbcrepository.postgresql.JdbcRepositoryManualKeyPostgresqlTest" time="0">
    <skipped/>
    <system-out><![CDATA[22:42:08:725 | ERROR | main | o.s.t.c.t.TransactionalTestExecutionListener | Exception encountered while executing @BeforeTransaction methods for test context [DefaultTestContext@7a7ae0e1 testClass = JdbcRepositoryManualKeyPostgresqlTest, testInstance = com.nurkiewicz.jdbcrepository.postgresql.JdbcRepositoryManualKeyPostgresqlTest@872cbab, testMethod = shouldReturnNothingWhenOnlyOneRecordInDatabaseButSecondPageRequested@JdbcRepositoryManualKeyTest, testException = [null], mergedContextConfiguration = [MergedContextConfiguration@5f9b21a1 testClass = JdbcRepositoryManualKeyPostgresqlTest, locations = '{}', classes = '{class com.nurkiewicz.jdbcrepository.postgresql.JdbcRepositoryTestPostgresqlConfig}', contextInitializerClasses = '[]', activeProfiles = '{}', propertySourceLocations = '{}', propertySourceProperties = '{}', contextLoader = 'org.springframework.test.context.support.AnnotationConfigContextLoader', parent = [null]]].
java.net.ConnectException: Connection refused (Connection refused)
	at java.net.PlainSocketImpl.socketConnect(Native Method) ~[na:1.8.0_262]
	at java.net.AbstractPlainSocketImpl.doConnect(AbstractPlainSocketImpl.java:350) ~[na:1.8.0_262]
	at java.net.AbstractPlainSocketImpl.connectToAddress(AbstractPlainSocketImpl.java:206) ~[na:1.8.0_262]
	at java.net.AbstractPlainSocketImpl.connect(AbstractPlainSocketImpl.java:188) ~[na:1.8.0_262]
	at java.net.SocksSocketImpl.connect(SocksSocketImpl.java:392) ~[na:1.8.0_262]
	at java.net.Socket.connect(Socket.java:607) ~[na:1.8.0_262]
	at java.net.Socket.connect(Socket.java:556) ~[na:1.8.0_262]
	at com.nurkiewicz.jdbcrepository.AbstractIntegrationTest.ignoreIfDatabaseNotAvailable(AbstractIntegrationTest.java:36) ~[test-classes/:na]
	... 28 common frames omitted
Wrapped by: org.junit.internal.AssumptionViolatedException: got: <java.net.ConnectException: Connection refused (Connection refused)>, expected: null
	at org.junit.Assume.assumeThat(Assume.java:95) ~[junit-4.11.jar:na]
	at org.junit.Assume.assumeNoException(Assume.java:142) ~[junit-4.11.jar:na]
	at com.nurkiewicz.jdbcrepository.AbstractIntegrationTest.ignoreIfDatabaseNotAvailable(AbstractIntegrationTest.java:39) ~[test-classes/:na]
	at sun.reflect.GeneratedMethodAccessor21.invoke(Unknown Source) ~[na:na]
	at sun.reflect.DelegatingMethodAccessorImpl.invoke(DelegatingMethodAccessorImpl.java:43) ~[na:1.8.0_262]
	at java.lang.reflect.Method.invoke(Method.java:498) ~[na:1.8.0_262]
	at org.springframework.test.context.transaction.TransactionalTestExecutionListener.runBeforeTransactionMethods(TransactionalTestExecutionListener.java:248) [spring-test-4.1.1.RELEASE.jar:4.1.1.RELEASE]
	at org.springframework.test.context.transaction.TransactionalTestExecutionListener.beforeTestMethod(TransactionalTestExecutionListener.java:198) [spring-test-4.1.1.RELEASE.jar:4.1.1.RELEASE]
	at org.springframework.test.context.TestContextManager.beforeTestMethod(TestContextManager.java:249) [spring-test-4.1.1.RELEASE.jar:4.1.1.RELEASE]
	at org.springframework.test.context.junit4.statements.RunBeforeTestMethodCallbacks.evaluate(RunBeforeTestMethodCallbacks.java:71) [spring-test-4.1.1.RELEASE.jar:4.1.1.RELEASE]
	at org.springframework.test.context.junit4.statements.RunAfterTestMethodCallbacks.evaluate(RunAfterTestMethodCallbacks.java:81) [spring-test-4.1.1.RELEASE.jar:4.1.1.RELEASE]
	at org.springframework.test.context.junit4.statements.SpringRepeat.evaluate(SpringRepeat.java:72) [spring-test-4.1.1.RELEASE.jar:4.1.1.RELEASE]
	at org.junit.runners.ParentRunner.runLeaf(ParentRunner.java:271) [junit-4.11.jar:na]
	at org.springframework.test.context.junit4.SpringJUnit4ClassRunner.runChild(SpringJUnit4ClassRunner.java:216) [spring-test-4.1.1.RELEASE.jar:4.1.1.RELEASE]
	at org.springframework.test.context.junit4.SpringJUnit4ClassRunner.runChild(SpringJUnit4ClassRunner.java:82) [spring-test-4.1.1.RELEASE.jar:4.1.1.RELEASE]
	at org.junit.runners.ParentRunner$3.run(ParentRunner.java:238) [junit-4.11.jar:na]
	at org.junit.runners.ParentRunner$1.schedule(ParentRunner.java:63) [junit-4.11.jar:na]
	at org.junit.runners.ParentRunner.runChildren(ParentRunner.java:236) [junit-4.11.jar:na]
	at org.junit.runners.ParentRunner.access$000(ParentRunner.java:53) [junit-4.11.jar:na]
	at org.junit.runners.ParentRunner$2.evaluate(ParentRunner.java:229) [junit-4.11.jar:na]
	at org.springframework.test.context.junit4.statements.RunBeforeTestClassCallbacks.evaluate(RunBeforeTestClassCallbacks.java:60) [spring-test-4.1.1.RELEASE.jar:4.1.1.RELEASE]
	at org.springframework.test.context.junit4.statements.RunAfterTestClassCallbacks.evaluate(RunAfterTestClassCallbacks.java:67) [spring-test-4.1.1.RELEASE.jar:4.1.1.RELEASE]
	at org.junit.runners.ParentRunner.run(ParentRunner.java:309) [junit-4.11.jar:na]
	at org.springframework.test.context.junit4.SpringJUnit4ClassRunner.run(SpringJUnit4ClassRunner.java:162) [spring-test-4.1.1.RELEASE.jar:4.1.1.RELEASE]
	at org.apache.maven.surefire.junit4.JUnit4Provider.execute(JUnit4Provider.java:367) [surefire-junit4-2.19.1.jar:2.19.1]
	at org.apache.maven.surefire.junit4.JUnit4Provider.executeWithRerun(JUnit4Provider.java:274) [surefire-junit4-2.19.1.jar:2.19.1]
	at org.apache.maven.surefire.junit4.JUnit4Provider.executeTestSet(JUnit4Provider.java:238) [surefire-junit4-2.19.1.jar:2.19.1]
	at org.apache.maven.surefire.junit4.JUnit4Provider.invoke(JUnit4Provider.java:161) [surefire-junit4-2.19.1.jar:2.19.1]
	at org.apache.maven.surefire.booter.ForkedBooter.invokeProviderInSameClassLoader(ForkedBooter.java:290) [surefire-booter-2.19.1.jar:2.19.1]
	at org.apache.maven.surefire.booter.ForkedBooter.runSuitesInProcess(ForkedBooter.java:242) [surefire-booter-2.19.1.jar:2.19.1]
	at org.apache.maven.surefire.booter.ForkedBooter.main(ForkedBooter.java:121) [surefire-booter-2.19.1.jar:2.19.1]
22:42:08:725 | WARN  | main | o.s.t.c.TestContextManager | Caught exception while allowing TestExecutionListener [org.springframework.test.context.transaction.TransactionalTestExecutionListener@47742aae] to process 'before' execution of test method [public void com.nurkiewicz.jdbcrepository.JdbcRepositoryManualKeyTest.shouldReturnNothingWhenOnlyOneRecordInDatabaseButSecondPageRequested()] for test instance [com.nurkiewicz.jdbcrepository.postgresql.JdbcRepositoryManualKeyPostgresqlTest@872cbab]
java.net.ConnectException: Connection refused (Connection refused)
	at java.net.PlainSocketImpl.socketConnect(Native Method) ~[na:1.8.0_262]
	at java.net.AbstractPlainSocketImpl.doConnect(AbstractPlainSocketImpl.java:350) ~[na:1.8.0_262]
	at java.net.AbstractPlainSocketImpl.connectToAddress(AbstractPlainSocketImpl.java:206) ~[na:1.8.0_262]
	at java.net.AbstractPlainSocketImpl.connect(AbstractPlainSocketImpl.java:188) ~[na:1.8.0_262]
	at java.net.SocksSocketImpl.connect(SocksSocketImpl.java:392) ~[na:1.8.0_262]
	at java.net.Socket.connect(Socket.java:607) ~[na:1.8.0_262]
	at java.net.Socket.connect(Socket.java:556) ~[na:1.8.0_262]
	at com.nurkiewicz.jdbcrepository.AbstractIntegrationTest.ignoreIfDatabaseNotAvailable(AbstractIntegrationTest.java:36) ~[test-classes/:na]
	... 28 common frames omitted
Wrapped by: org.junit.internal.AssumptionViolatedException: got: <java.net.ConnectException: Connection refused (Connection refused)>, expected: null
	at org.junit.Assume.assumeThat(Assume.java:95) ~[junit-4.11.jar:na]
	at org.junit.Assume.assumeNoException(Assume.java:142) ~[junit-4.11.jar:na]
	at com.nurkiewicz.jdbcrepository.AbstractIntegrationTest.ignoreIfDatabaseNotAvailable(AbstractIntegrationTest.java:39) ~[test-classes/:na]
	at sun.reflect.GeneratedMethodAccessor21.invoke(Unknown Source) ~[na:na]
	at sun.reflect.DelegatingMethodAccessorImpl.invoke(DelegatingMethodAccessorImpl.java:43) ~[na:1.8.0_262]
	at java.lang.reflect.Method.invoke(Method.java:498) ~[na:1.8.0_262]
	at org.springframework.test.context.transaction.TransactionalTestExecutionListener.runBeforeTransactionMethods(TransactionalTestExecutionListener.java:248) ~[spring-test-4.1.1.RELEASE.jar:4.1.1.RELEASE]
	at org.springframework.test.context.transaction.TransactionalTestExecutionListener.beforeTestMethod(TransactionalTestExecutionListener.java:198) ~[spring-test-4.1.1.RELEASE.jar:4.1.1.RELEASE]
	at org.springframework.test.context.TestContextManager.beforeTestMethod(TestContextManager.java:249) ~[spring-test-4.1.1.RELEASE.jar:4.1.1.RELEASE]
	at org.springframework.test.context.junit4.statements.RunBeforeTestMethodCallbacks.evaluate(RunBeforeTestMethodCallbacks.java:71) [spring-test-4.1.1.RELEASE.jar:4.1.1.RELEASE]
	at org.springframework.test.context.junit4.statements.RunAfterTestMethodCallbacks.evaluate(RunAfterTestMethodCallbacks.java:81) [spring-test-4.1.1.RELEASE.jar:4.1.1.RELEASE]
	at org.springframework.test.context.junit4.statements.SpringRepeat.evaluate(SpringRepeat.java:72) [spring-test-4.1.1.RELEASE.jar:4.1.1.RELEASE]
	at org.junit.runners.ParentRunner.runLeaf(ParentRunner.java:271) [junit-4.11.jar:na]
	at org.springframework.test.context.junit4.SpringJUnit4ClassRunner.runChild(SpringJUnit4ClassRunner.java:216) [spring-test-4.1.1.RELEASE.jar:4.1.1.RELEASE]
	at org.springframework.test.context.junit4.SpringJUnit4ClassRunner.runChild(SpringJUnit4ClassRunner.java:82) [spring-test-4.1.1.RELEASE.jar:4.1.1.RELEASE]
	at org.junit.runners.ParentRunner$3.run(ParentRunner.java:238) [junit-4.11.jar:na]
	at org.junit.runners.ParentRunner$1.schedule(ParentRunner.java:63) [junit-4.11.jar:na]
	at org.junit.runners.ParentRunner.runChildren(ParentRunner.java:236) [junit-4.11.jar:na]
	at org.junit.runners.ParentRunner.access$000(ParentRunner.java:53) [junit-4.11.jar:na]
	at org.junit.runners.ParentRunner$2.evaluate(ParentRunner.java:229) [junit-4.11.jar:na]
	at org.springframework.test.context.junit4.statements.RunBeforeTestClassCallbacks.evaluate(RunBeforeTestClassCallbacks.java:60) [spring-test-4.1.1.RELEASE.jar:4.1.1.RELEASE]
	at org.springframework.test.context.junit4.statements.RunAfterTestClassCallbacks.evaluate(RunAfterTestClassCallbacks.java:67) [spring-test-4.1.1.RELEASE.jar:4.1.1.RELEASE]
	at org.junit.runners.ParentRunner.run(ParentRunner.java:309) [junit-4.11.jar:na]
	at org.springframework.test.context.junit4.SpringJUnit4ClassRunner.run(SpringJUnit4ClassRunner.java:162) [spring-test-4.1.1.RELEASE.jar:4.1.1.RELEASE]
	at org.apache.maven.surefire.junit4.JUnit4Provider.execute(JUnit4Provider.java:367) [surefire-junit4-2.19.1.jar:2.19.1]
	at org.apache.maven.surefire.junit4.JUnit4Provider.executeWithRerun(JUnit4Provider.java:274) [surefire-junit4-2.19.1.jar:2.19.1]
	at org.apache.maven.surefire.junit4.JUnit4Provider.executeTestSet(JUnit4Provider.java:238) [surefire-junit4-2.19.1.jar:2.19.1]
	at org.apache.maven.surefire.junit4.JUnit4Provider.invoke(JUnit4Provider.java:161) [surefire-junit4-2.19.1.jar:2.19.1]
	at org.apache.maven.surefire.booter.ForkedBooter.invokeProviderInSameClassLoader(ForkedBooter.java:290) [surefire-booter-2.19.1.jar:2.19.1]
	at org.apache.maven.surefire.booter.ForkedBooter.runSuitesInProcess(ForkedBooter.java:242) [surefire-booter-2.19.1.jar:2.19.1]
	at org.apache.maven.surefire.booter.ForkedBooter.main(ForkedBooter.java:121) [surefire-booter-2.19.1.jar:2.19.1]
]]></system-out>
  </testcase>
  <testcase name="shouldDeleteMultipleEntities" classname="com.nurkiewicz.jdbcrepository.postgresql.JdbcRepositoryManualKeyPostgresqlTest" time="0">
    <skipped/>
    <system-out><![CDATA[22:42:08:730 | ERROR | main | o.s.t.c.t.TransactionalTestExecutionListener | Exception encountered while executing @BeforeTransaction methods for test context [DefaultTestContext@7a7ae0e1 testClass = JdbcRepositoryManualKeyPostgresqlTest, testInstance = com.nurkiewicz.jdbcrepository.postgresql.JdbcRepositoryManualKeyPostgresqlTest@950a833, testMethod = shouldDeleteMultipleEntities@JdbcRepositoryManualKeyTest, testException = [null], mergedContextConfiguration = [MergedContextConfiguration@5f9b21a1 testClass = JdbcRepositoryManualKeyPostgresqlTest, locations = '{}', classes = '{class com.nurkiewicz.jdbcrepository.postgresql.JdbcRepositoryTestPostgresqlConfig}', contextInitializerClasses = '[]', activeProfiles = '{}', propertySourceLocations = '{}', propertySourceProperties = '{}', contextLoader = 'org.springframework.test.context.support.AnnotationConfigContextLoader', parent = [null]]].
java.net.ConnectException: Connection refused (Connection refused)
	at java.net.PlainSocketImpl.socketConnect(Native Method) ~[na:1.8.0_262]
	at java.net.AbstractPlainSocketImpl.doConnect(AbstractPlainSocketImpl.java:350) ~[na:1.8.0_262]
	at java.net.AbstractPlainSocketImpl.connectToAddress(AbstractPlainSocketImpl.java:206) ~[na:1.8.0_262]
	at java.net.AbstractPlainSocketImpl.connect(AbstractPlainSocketImpl.java:188) ~[na:1.8.0_262]
	at java.net.SocksSocketImpl.connect(SocksSocketImpl.java:392) ~[na:1.8.0_262]
	at java.net.Socket.connect(Socket.java:607) ~[na:1.8.0_262]
	at java.net.Socket.connect(Socket.java:556) ~[na:1.8.0_262]
	at com.nurkiewicz.jdbcrepository.AbstractIntegrationTest.ignoreIfDatabaseNotAvailable(AbstractIntegrationTest.java:36) ~[test-classes/:na]
	... 28 common frames omitted
Wrapped by: org.junit.internal.AssumptionViolatedException: got: <java.net.ConnectException: Connection refused (Connection refused)>, expected: null
	at org.junit.Assume.assumeThat(Assume.java:95) ~[junit-4.11.jar:na]
	at org.junit.Assume.assumeNoException(Assume.java:142) ~[junit-4.11.jar:na]
	at com.nurkiewicz.jdbcrepository.AbstractIntegrationTest.ignoreIfDatabaseNotAvailable(AbstractIntegrationTest.java:39) ~[test-classes/:na]
	at sun.reflect.GeneratedMethodAccessor21.invoke(Unknown Source) ~[na:na]
	at sun.reflect.DelegatingMethodAccessorImpl.invoke(DelegatingMethodAccessorImpl.java:43) ~[na:1.8.0_262]
	at java.lang.reflect.Method.invoke(Method.java:498) ~[na:1.8.0_262]
	at org.springframework.test.context.transaction.TransactionalTestExecutionListener.runBeforeTransactionMethods(TransactionalTestExecutionListener.java:248) [spring-test-4.1.1.RELEASE.jar:4.1.1.RELEASE]
	at org.springframework.test.context.transaction.TransactionalTestExecutionListener.beforeTestMethod(TransactionalTestExecutionListener.java:198) [spring-test-4.1.1.RELEASE.jar:4.1.1.RELEASE]
	at org.springframework.test.context.TestContextManager.beforeTestMethod(TestContextManager.java:249) [spring-test-4.1.1.RELEASE.jar:4.1.1.RELEASE]
	at org.springframework.test.context.junit4.statements.RunBeforeTestMethodCallbacks.evaluate(RunBeforeTestMethodCallbacks.java:71) [spring-test-4.1.1.RELEASE.jar:4.1.1.RELEASE]
	at org.springframework.test.context.junit4.statements.RunAfterTestMethodCallbacks.evaluate(RunAfterTestMethodCallbacks.java:81) [spring-test-4.1.1.RELEASE.jar:4.1.1.RELEASE]
	at org.springframework.test.context.junit4.statements.SpringRepeat.evaluate(SpringRepeat.java:72) [spring-test-4.1.1.RELEASE.jar:4.1.1.RELEASE]
	at org.junit.runners.ParentRunner.runLeaf(ParentRunner.java:271) [junit-4.11.jar:na]
	at org.springframework.test.context.junit4.SpringJUnit4ClassRunner.runChild(SpringJUnit4ClassRunner.java:216) [spring-test-4.1.1.RELEASE.jar:4.1.1.RELEASE]
	at org.springframework.test.context.junit4.SpringJUnit4ClassRunner.runChild(SpringJUnit4ClassRunner.java:82) [spring-test-4.1.1.RELEASE.jar:4.1.1.RELEASE]
	at org.junit.runners.ParentRunner$3.run(ParentRunner.java:238) [junit-4.11.jar:na]
	at org.junit.runners.ParentRunner$1.schedule(ParentRunner.java:63) [junit-4.11.jar:na]
	at org.junit.runners.ParentRunner.runChildren(ParentRunner.java:236) [junit-4.11.jar:na]
	at org.junit.runners.ParentRunner.access$000(ParentRunner.java:53) [junit-4.11.jar:na]
	at org.junit.runners.ParentRunner$2.evaluate(ParentRunner.java:229) [junit-4.11.jar:na]
	at org.springframework.test.context.junit4.statements.RunBeforeTestClassCallbacks.evaluate(RunBeforeTestClassCallbacks.java:60) [spring-test-4.1.1.RELEASE.jar:4.1.1.RELEASE]
	at org.springframework.test.context.junit4.statements.RunAfterTestClassCallbacks.evaluate(RunAfterTestClassCallbacks.java:67) [spring-test-4.1.1.RELEASE.jar:4.1.1.RELEASE]
	at org.junit.runners.ParentRunner.run(ParentRunner.java:309) [junit-4.11.jar:na]
	at org.springframework.test.context.junit4.SpringJUnit4ClassRunner.run(SpringJUnit4ClassRunner.java:162) [spring-test-4.1.1.RELEASE.jar:4.1.1.RELEASE]
	at org.apache.maven.surefire.junit4.JUnit4Provider.execute(JUnit4Provider.java:367) [surefire-junit4-2.19.1.jar:2.19.1]
	at org.apache.maven.surefire.junit4.JUnit4Provider.executeWithRerun(JUnit4Provider.java:274) [surefire-junit4-2.19.1.jar:2.19.1]
	at org.apache.maven.surefire.junit4.JUnit4Provider.executeTestSet(JUnit4Provider.java:238) [surefire-junit4-2.19.1.jar:2.19.1]
	at org.apache.maven.surefire.junit4.JUnit4Provider.invoke(JUnit4Provider.java:161) [surefire-junit4-2.19.1.jar:2.19.1]
	at org.apache.maven.surefire.booter.ForkedBooter.invokeProviderInSameClassLoader(ForkedBooter.java:290) [surefire-booter-2.19.1.jar:2.19.1]
	at org.apache.maven.surefire.booter.ForkedBooter.runSuitesInProcess(ForkedBooter.java:242) [surefire-booter-2.19.1.jar:2.19.1]
	at org.apache.maven.surefire.booter.ForkedBooter.main(ForkedBooter.java:121) [surefire-booter-2.19.1.jar:2.19.1]
22:42:08:731 | WARN  | main | o.s.t.c.TestContextManager | Caught exception while allowing TestExecutionListener [org.springframework.test.context.transaction.TransactionalTestExecutionListener@47742aae] to process 'before' execution of test method [public void com.nurkiewicz.jdbcrepository.JdbcRepositoryManualKeyTest.shouldDeleteMultipleEntities() throws java.lang.Exception] for test instance [com.nurkiewicz.jdbcrepository.postgresql.JdbcRepositoryManualKeyPostgresqlTest@950a833]
java.net.ConnectException: Connection refused (Connection refused)
	at java.net.PlainSocketImpl.socketConnect(Native Method) ~[na:1.8.0_262]
	at java.net.AbstractPlainSocketImpl.doConnect(AbstractPlainSocketImpl.java:350) ~[na:1.8.0_262]
	at java.net.AbstractPlainSocketImpl.connectToAddress(AbstractPlainSocketImpl.java:206) ~[na:1.8.0_262]
	at java.net.AbstractPlainSocketImpl.connect(AbstractPlainSocketImpl.java:188) ~[na:1.8.0_262]
	at java.net.SocksSocketImpl.connect(SocksSocketImpl.java:392) ~[na:1.8.0_262]
	at java.net.Socket.connect(Socket.java:607) ~[na:1.8.0_262]
	at java.net.Socket.connect(Socket.java:556) ~[na:1.8.0_262]
	at com.nurkiewicz.jdbcrepository.AbstractIntegrationTest.ignoreIfDatabaseNotAvailable(AbstractIntegrationTest.java:36) ~[test-classes/:na]
	... 28 common frames omitted
Wrapped by: org.junit.internal.AssumptionViolatedException: got: <java.net.ConnectException: Connection refused (Connection refused)>, expected: null
	at org.junit.Assume.assumeThat(Assume.java:95) ~[junit-4.11.jar:na]
	at org.junit.Assume.assumeNoException(Assume.java:142) ~[junit-4.11.jar:na]
	at com.nurkiewicz.jdbcrepository.AbstractIntegrationTest.ignoreIfDatabaseNotAvailable(AbstractIntegrationTest.java:39) ~[test-classes/:na]
	at sun.reflect.GeneratedMethodAccessor21.invoke(Unknown Source) ~[na:na]
	at sun.reflect.DelegatingMethodAccessorImpl.invoke(DelegatingMethodAccessorImpl.java:43) ~[na:1.8.0_262]
	at java.lang.reflect.Method.invoke(Method.java:498) ~[na:1.8.0_262]
	at org.springframework.test.context.transaction.TransactionalTestExecutionListener.runBeforeTransactionMethods(TransactionalTestExecutionListener.java:248) ~[spring-test-4.1.1.RELEASE.jar:4.1.1.RELEASE]
	at org.springframework.test.context.transaction.TransactionalTestExecutionListener.beforeTestMethod(TransactionalTestExecutionListener.java:198) ~[spring-test-4.1.1.RELEASE.jar:4.1.1.RELEASE]
	at org.springframework.test.context.TestContextManager.beforeTestMethod(TestContextManager.java:249) ~[spring-test-4.1.1.RELEASE.jar:4.1.1.RELEASE]
	at org.springframework.test.context.junit4.statements.RunBeforeTestMethodCallbacks.evaluate(RunBeforeTestMethodCallbacks.java:71) [spring-test-4.1.1.RELEASE.jar:4.1.1.RELEASE]
	at org.springframework.test.context.junit4.statements.RunAfterTestMethodCallbacks.evaluate(RunAfterTestMethodCallbacks.java:81) [spring-test-4.1.1.RELEASE.jar:4.1.1.RELEASE]
	at org.springframework.test.context.junit4.statements.SpringRepeat.evaluate(SpringRepeat.java:72) [spring-test-4.1.1.RELEASE.jar:4.1.1.RELEASE]
	at org.junit.runners.ParentRunner.runLeaf(ParentRunner.java:271) [junit-4.11.jar:na]
	at org.springframework.test.context.junit4.SpringJUnit4ClassRunner.runChild(SpringJUnit4ClassRunner.java:216) [spring-test-4.1.1.RELEASE.jar:4.1.1.RELEASE]
	at org.springframework.test.context.junit4.SpringJUnit4ClassRunner.runChild(SpringJUnit4ClassRunner.java:82) [spring-test-4.1.1.RELEASE.jar:4.1.1.RELEASE]
	at org.junit.runners.ParentRunner$3.run(ParentRunner.java:238) [junit-4.11.jar:na]
	at org.junit.runners.ParentRunner$1.schedule(ParentRunner.java:63) [junit-4.11.jar:na]
	at org.junit.runners.ParentRunner.runChildren(ParentRunner.java:236) [junit-4.11.jar:na]
	at org.junit.runners.ParentRunner.access$000(ParentRunner.java:53) [junit-4.11.jar:na]
	at org.junit.runners.ParentRunner$2.evaluate(ParentRunner.java:229) [junit-4.11.jar:na]
	at org.springframework.test.context.junit4.statements.RunBeforeTestClassCallbacks.evaluate(RunBeforeTestClassCallbacks.java:60) [spring-test-4.1.1.RELEASE.jar:4.1.1.RELEASE]
	at org.springframework.test.context.junit4.statements.RunAfterTestClassCallbacks.evaluate(RunAfterTestClassCallbacks.java:67) [spring-test-4.1.1.RELEASE.jar:4.1.1.RELEASE]
	at org.junit.runners.ParentRunner.run(ParentRunner.java:309) [junit-4.11.jar:na]
	at org.springframework.test.context.junit4.SpringJUnit4ClassRunner.run(SpringJUnit4ClassRunner.java:162) [spring-test-4.1.1.RELEASE.jar:4.1.1.RELEASE]
	at org.apache.maven.surefire.junit4.JUnit4Provider.execute(JUnit4Provider.java:367) [surefire-junit4-2.19.1.jar:2.19.1]
	at org.apache.maven.surefire.junit4.JUnit4Provider.executeWithRerun(JUnit4Provider.java:274) [surefire-junit4-2.19.1.jar:2.19.1]
	at org.apache.maven.surefire.junit4.JUnit4Provider.executeTestSet(JUnit4Provider.java:238) [surefire-junit4-2.19.1.jar:2.19.1]
	at org.apache.maven.surefire.junit4.JUnit4Provider.invoke(JUnit4Provider.java:161) [surefire-junit4-2.19.1.jar:2.19.1]
	at org.apache.maven.surefire.booter.ForkedBooter.invokeProviderInSameClassLoader(ForkedBooter.java:290) [surefire-booter-2.19.1.jar:2.19.1]
	at org.apache.maven.surefire.booter.ForkedBooter.runSuitesInProcess(ForkedBooter.java:242) [surefire-booter-2.19.1.jar:2.19.1]
	at org.apache.maven.surefire.booter.ForkedBooter.main(ForkedBooter.java:121) [surefire-booter-2.19.1.jar:2.19.1]
]]></system-out>
  </testcase>
  <testcase name="shouldReturnNothingWhenFindingByListOfIdsButListEmpty" classname="com.nurkiewicz.jdbcrepository.postgresql.JdbcRepositoryManualKeyPostgresqlTest" time="0">
    <skipped/>
    <system-out><![CDATA[22:42:08:733 | ERROR | main | o.s.t.c.t.TransactionalTestExecutionListener | Exception encountered while executing @BeforeTransaction methods for test context [DefaultTestContext@7a7ae0e1 testClass = JdbcRepositoryManualKeyPostgresqlTest, testInstance = com.nurkiewicz.jdbcrepository.postgresql.JdbcRepositoryManualKeyPostgresqlTest@76117cac, testMethod = shouldReturnNothingWhenFindingByListOfIdsButListEmpty@JdbcRepositoryManualKeyTest, testException = [null], mergedContextConfiguration = [MergedContextConfiguration@5f9b21a1 testClass = JdbcRepositoryManualKeyPostgresqlTest, locations = '{}', classes = '{class com.nurkiewicz.jdbcrepository.postgresql.JdbcRepositoryTestPostgresqlConfig}', contextInitializerClasses = '[]', activeProfiles = '{}', propertySourceLocations = '{}', propertySourceProperties = '{}', contextLoader = 'org.springframework.test.context.support.AnnotationConfigContextLoader', parent = [null]]].
java.net.ConnectException: Connection refused (Connection refused)
	at java.net.PlainSocketImpl.socketConnect(Native Method) ~[na:1.8.0_262]
	at java.net.AbstractPlainSocketImpl.doConnect(AbstractPlainSocketImpl.java:350) ~[na:1.8.0_262]
	at java.net.AbstractPlainSocketImpl.connectToAddress(AbstractPlainSocketImpl.java:206) ~[na:1.8.0_262]
	at java.net.AbstractPlainSocketImpl.connect(AbstractPlainSocketImpl.java:188) ~[na:1.8.0_262]
	at java.net.SocksSocketImpl.connect(SocksSocketImpl.java:392) ~[na:1.8.0_262]
	at java.net.Socket.connect(Socket.java:607) ~[na:1.8.0_262]
	at java.net.Socket.connect(Socket.java:556) ~[na:1.8.0_262]
	at com.nurkiewicz.jdbcrepository.AbstractIntegrationTest.ignoreIfDatabaseNotAvailable(AbstractIntegrationTest.java:36) ~[test-classes/:na]
	... 28 common frames omitted
Wrapped by: org.junit.internal.AssumptionViolatedException: got: <java.net.ConnectException: Connection refused (Connection refused)>, expected: null
	at org.junit.Assume.assumeThat(Assume.java:95) ~[junit-4.11.jar:na]
	at org.junit.Assume.assumeNoException(Assume.java:142) ~[junit-4.11.jar:na]
	at com.nurkiewicz.jdbcrepository.AbstractIntegrationTest.ignoreIfDatabaseNotAvailable(AbstractIntegrationTest.java:39) ~[test-classes/:na]
	at sun.reflect.GeneratedMethodAccessor21.invoke(Unknown Source) ~[na:na]
	at sun.reflect.DelegatingMethodAccessorImpl.invoke(DelegatingMethodAccessorImpl.java:43) ~[na:1.8.0_262]
	at java.lang.reflect.Method.invoke(Method.java:498) ~[na:1.8.0_262]
	at org.springframework.test.context.transaction.TransactionalTestExecutionListener.runBeforeTransactionMethods(TransactionalTestExecutionListener.java:248) [spring-test-4.1.1.RELEASE.jar:4.1.1.RELEASE]
	at org.springframework.test.context.transaction.TransactionalTestExecutionListener.beforeTestMethod(TransactionalTestExecutionListener.java:198) [spring-test-4.1.1.RELEASE.jar:4.1.1.RELEASE]
	at org.springframework.test.context.TestContextManager.beforeTestMethod(TestContextManager.java:249) [spring-test-4.1.1.RELEASE.jar:4.1.1.RELEASE]
	at org.springframework.test.context.junit4.statements.RunBeforeTestMethodCallbacks.evaluate(RunBeforeTestMethodCallbacks.java:71) [spring-test-4.1.1.RELEASE.jar:4.1.1.RELEASE]
	at org.springframework.test.context.junit4.statements.RunAfterTestMethodCallbacks.evaluate(RunAfterTestMethodCallbacks.java:81) [spring-test-4.1.1.RELEASE.jar:4.1.1.RELEASE]
	at org.springframework.test.context.junit4.statements.SpringRepeat.evaluate(SpringRepeat.java:72) [spring-test-4.1.1.RELEASE.jar:4.1.1.RELEASE]
	at org.junit.runners.ParentRunner.runLeaf(ParentRunner.java:271) [junit-4.11.jar:na]
	at org.springframework.test.context.junit4.SpringJUnit4ClassRunner.runChild(SpringJUnit4ClassRunner.java:216) [spring-test-4.1.1.RELEASE.jar:4.1.1.RELEASE]
	at org.springframework.test.context.junit4.SpringJUnit4ClassRunner.runChild(SpringJUnit4ClassRunner.java:82) [spring-test-4.1.1.RELEASE.jar:4.1.1.RELEASE]
	at org.junit.runners.ParentRunner$3.run(ParentRunner.java:238) [junit-4.11.jar:na]
	at org.junit.runners.ParentRunner$1.schedule(ParentRunner.java:63) [junit-4.11.jar:na]
	at org.junit.runners.ParentRunner.runChildren(ParentRunner.java:236) [junit-4.11.jar:na]
	at org.junit.runners.ParentRunner.access$000(ParentRunner.java:53) [junit-4.11.jar:na]
	at org.junit.runners.ParentRunner$2.evaluate(ParentRunner.java:229) [junit-4.11.jar:na]
	at org.springframework.test.context.junit4.statements.RunBeforeTestClassCallbacks.evaluate(RunBeforeTestClassCallbacks.java:60) [spring-test-4.1.1.RELEASE.jar:4.1.1.RELEASE]
	at org.springframework.test.context.junit4.statements.RunAfterTestClassCallbacks.evaluate(RunAfterTestClassCallbacks.java:67) [spring-test-4.1.1.RELEASE.jar:4.1.1.RELEASE]
	at org.junit.runners.ParentRunner.run(ParentRunner.java:309) [junit-4.11.jar:na]
	at org.springframework.test.context.junit4.SpringJUnit4ClassRunner.run(SpringJUnit4ClassRunner.java:162) [spring-test-4.1.1.RELEASE.jar:4.1.1.RELEASE]
	at org.apache.maven.surefire.junit4.JUnit4Provider.execute(JUnit4Provider.java:367) [surefire-junit4-2.19.1.jar:2.19.1]
	at org.apache.maven.surefire.junit4.JUnit4Provider.executeWithRerun(JUnit4Provider.java:274) [surefire-junit4-2.19.1.jar:2.19.1]
	at org.apache.maven.surefire.junit4.JUnit4Provider.executeTestSet(JUnit4Provider.java:238) [surefire-junit4-2.19.1.jar:2.19.1]
	at org.apache.maven.surefire.junit4.JUnit4Provider.invoke(JUnit4Provider.java:161) [surefire-junit4-2.19.1.jar:2.19.1]
	at org.apache.maven.surefire.booter.ForkedBooter.invokeProviderInSameClassLoader(ForkedBooter.java:290) [surefire-booter-2.19.1.jar:2.19.1]
	at org.apache.maven.surefire.booter.ForkedBooter.runSuitesInProcess(ForkedBooter.java:242) [surefire-booter-2.19.1.jar:2.19.1]
	at org.apache.maven.surefire.booter.ForkedBooter.main(ForkedBooter.java:121) [surefire-booter-2.19.1.jar:2.19.1]
22:42:08:733 | WARN  | main | o.s.t.c.TestContextManager | Caught exception while allowing TestExecutionListener [org.springframework.test.context.transaction.TransactionalTestExecutionListener@47742aae] to process 'before' execution of test method [public void com.nurkiewicz.jdbcrepository.JdbcRepositoryManualKeyTest.shouldReturnNothingWhenFindingByListOfIdsButListEmpty() throws java.lang.Exception] for test instance [com.nurkiewicz.jdbcrepository.postgresql.JdbcRepositoryManualKeyPostgresqlTest@76117cac]
java.net.ConnectException: Connection refused (Connection refused)
	at java.net.PlainSocketImpl.socketConnect(Native Method) ~[na:1.8.0_262]
	at java.net.AbstractPlainSocketImpl.doConnect(AbstractPlainSocketImpl.java:350) ~[na:1.8.0_262]
	at java.net.AbstractPlainSocketImpl.connectToAddress(AbstractPlainSocketImpl.java:206) ~[na:1.8.0_262]
	at java.net.AbstractPlainSocketImpl.connect(AbstractPlainSocketImpl.java:188) ~[na:1.8.0_262]
	at java.net.SocksSocketImpl.connect(SocksSocketImpl.java:392) ~[na:1.8.0_262]
	at java.net.Socket.connect(Socket.java:607) ~[na:1.8.0_262]
	at java.net.Socket.connect(Socket.java:556) ~[na:1.8.0_262]
	at com.nurkiewicz.jdbcrepository.AbstractIntegrationTest.ignoreIfDatabaseNotAvailable(AbstractIntegrationTest.java:36) ~[test-classes/:na]
	... 28 common frames omitted
Wrapped by: org.junit.internal.AssumptionViolatedException: got: <java.net.ConnectException: Connection refused (Connection refused)>, expected: null
	at org.junit.Assume.assumeThat(Assume.java:95) ~[junit-4.11.jar:na]
	at org.junit.Assume.assumeNoException(Assume.java:142) ~[junit-4.11.jar:na]
	at com.nurkiewicz.jdbcrepository.AbstractIntegrationTest.ignoreIfDatabaseNotAvailable(AbstractIntegrationTest.java:39) ~[test-classes/:na]
	at sun.reflect.GeneratedMethodAccessor21.invoke(Unknown Source) ~[na:na]
	at sun.reflect.DelegatingMethodAccessorImpl.invoke(DelegatingMethodAccessorImpl.java:43) ~[na:1.8.0_262]
	at java.lang.reflect.Method.invoke(Method.java:498) ~[na:1.8.0_262]
	at org.springframework.test.context.transaction.TransactionalTestExecutionListener.runBeforeTransactionMethods(TransactionalTestExecutionListener.java:248) ~[spring-test-4.1.1.RELEASE.jar:4.1.1.RELEASE]
	at org.springframework.test.context.transaction.TransactionalTestExecutionListener.beforeTestMethod(TransactionalTestExecutionListener.java:198) ~[spring-test-4.1.1.RELEASE.jar:4.1.1.RELEASE]
	at org.springframework.test.context.TestContextManager.beforeTestMethod(TestContextManager.java:249) ~[spring-test-4.1.1.RELEASE.jar:4.1.1.RELEASE]
	at org.springframework.test.context.junit4.statements.RunBeforeTestMethodCallbacks.evaluate(RunBeforeTestMethodCallbacks.java:71) [spring-test-4.1.1.RELEASE.jar:4.1.1.RELEASE]
	at org.springframework.test.context.junit4.statements.RunAfterTestMethodCallbacks.evaluate(RunAfterTestMethodCallbacks.java:81) [spring-test-4.1.1.RELEASE.jar:4.1.1.RELEASE]
	at org.springframework.test.context.junit4.statements.SpringRepeat.evaluate(SpringRepeat.java:72) [spring-test-4.1.1.RELEASE.jar:4.1.1.RELEASE]
	at org.junit.runners.ParentRunner.runLeaf(ParentRunner.java:271) [junit-4.11.jar:na]
	at org.springframework.test.context.junit4.SpringJUnit4ClassRunner.runChild(SpringJUnit4ClassRunner.java:216) [spring-test-4.1.1.RELEASE.jar:4.1.1.RELEASE]
	at org.springframework.test.context.junit4.SpringJUnit4ClassRunner.runChild(SpringJUnit4ClassRunner.java:82) [spring-test-4.1.1.RELEASE.jar:4.1.1.RELEASE]
	at org.junit.runners.ParentRunner$3.run(ParentRunner.java:238) [junit-4.11.jar:na]
	at org.junit.runners.ParentRunner$1.schedule(ParentRunner.java:63) [junit-4.11.jar:na]
	at org.junit.runners.ParentRunner.runChildren(ParentRunner.java:236) [junit-4.11.jar:na]
	at org.junit.runners.ParentRunner.access$000(ParentRunner.java:53) [junit-4.11.jar:na]
	at org.junit.runners.ParentRunner$2.evaluate(ParentRunner.java:229) [junit-4.11.jar:na]
	at org.springframework.test.context.junit4.statements.RunBeforeTestClassCallbacks.evaluate(RunBeforeTestClassCallbacks.java:60) [spring-test-4.1.1.RELEASE.jar:4.1.1.RELEASE]
	at org.springframework.test.context.junit4.statements.RunAfterTestClassCallbacks.evaluate(RunAfterTestClassCallbacks.java:67) [spring-test-4.1.1.RELEASE.jar:4.1.1.RELEASE]
	at org.junit.runners.ParentRunner.run(ParentRunner.java:309) [junit-4.11.jar:na]
	at org.springframework.test.context.junit4.SpringJUnit4ClassRunner.run(SpringJUnit4ClassRunner.java:162) [spring-test-4.1.1.RELEASE.jar:4.1.1.RELEASE]
	at org.apache.maven.surefire.junit4.JUnit4Provider.execute(JUnit4Provider.java:367) [surefire-junit4-2.19.1.jar:2.19.1]
	at org.apache.maven.surefire.junit4.JUnit4Provider.executeWithRerun(JUnit4Provider.java:274) [surefire-junit4-2.19.1.jar:2.19.1]
	at org.apache.maven.surefire.junit4.JUnit4Provider.executeTestSet(JUnit4Provider.java:238) [surefire-junit4-2.19.1.jar:2.19.1]
	at org.apache.maven.surefire.junit4.JUnit4Provider.invoke(JUnit4Provider.java:161) [surefire-junit4-2.19.1.jar:2.19.1]
	at org.apache.maven.surefire.booter.ForkedBooter.invokeProviderInSameClassLoader(ForkedBooter.java:290) [surefire-booter-2.19.1.jar:2.19.1]
	at org.apache.maven.surefire.booter.ForkedBooter.runSuitesInProcess(ForkedBooter.java:242) [surefire-booter-2.19.1.jar:2.19.1]
	at org.apache.maven.surefire.booter.ForkedBooter.main(ForkedBooter.java:121) [surefire-booter-2.19.1.jar:2.19.1]
]]></system-out>
  </testcase>
  <testcase name="shouldReturnPageWithOneItemWithSortingApplied" classname="com.nurkiewicz.jdbcrepository.postgresql.JdbcRepositoryManualKeyPostgresqlTest" time="0">
    <skipped/>
    <system-out><![CDATA[22:42:08:736 | ERROR | main | o.s.t.c.t.TransactionalTestExecutionListener | Exception encountered while executing @BeforeTransaction methods for test context [DefaultTestContext@7a7ae0e1 testClass = JdbcRepositoryManualKeyPostgresqlTest, testInstance = com.nurkiewicz.jdbcrepository.postgresql.JdbcRepositoryManualKeyPostgresqlTest@5c35267d, testMethod = shouldReturnPageWithOneItemWithSortingApplied@JdbcRepositoryManualKeyTest, testException = [null], mergedContextConfiguration = [MergedContextConfiguration@5f9b21a1 testClass = JdbcRepositoryManualKeyPostgresqlTest, locations = '{}', classes = '{class com.nurkiewicz.jdbcrepository.postgresql.JdbcRepositoryTestPostgresqlConfig}', contextInitializerClasses = '[]', activeProfiles = '{}', propertySourceLocations = '{}', propertySourceProperties = '{}', contextLoader = 'org.springframework.test.context.support.AnnotationConfigContextLoader', parent = [null]]].
java.net.ConnectException: Connection refused (Connection refused)
	at java.net.PlainSocketImpl.socketConnect(Native Method) ~[na:1.8.0_262]
	at java.net.AbstractPlainSocketImpl.doConnect(AbstractPlainSocketImpl.java:350) ~[na:1.8.0_262]
	at java.net.AbstractPlainSocketImpl.connectToAddress(AbstractPlainSocketImpl.java:206) ~[na:1.8.0_262]
	at java.net.AbstractPlainSocketImpl.connect(AbstractPlainSocketImpl.java:188) ~[na:1.8.0_262]
	at java.net.SocksSocketImpl.connect(SocksSocketImpl.java:392) ~[na:1.8.0_262]
	at java.net.Socket.connect(Socket.java:607) ~[na:1.8.0_262]
	at java.net.Socket.connect(Socket.java:556) ~[na:1.8.0_262]
	at com.nurkiewicz.jdbcrepository.AbstractIntegrationTest.ignoreIfDatabaseNotAvailable(AbstractIntegrationTest.java:36) ~[test-classes/:na]
	... 28 common frames omitted
Wrapped by: org.junit.internal.AssumptionViolatedException: got: <java.net.ConnectException: Connection refused (Connection refused)>, expected: null
	at org.junit.Assume.assumeThat(Assume.java:95) ~[junit-4.11.jar:na]
	at org.junit.Assume.assumeNoException(Assume.java:142) ~[junit-4.11.jar:na]
	at com.nurkiewicz.jdbcrepository.AbstractIntegrationTest.ignoreIfDatabaseNotAvailable(AbstractIntegrationTest.java:39) ~[test-classes/:na]
	at sun.reflect.GeneratedMethodAccessor21.invoke(Unknown Source) ~[na:na]
	at sun.reflect.DelegatingMethodAccessorImpl.invoke(DelegatingMethodAccessorImpl.java:43) ~[na:1.8.0_262]
	at java.lang.reflect.Method.invoke(Method.java:498) ~[na:1.8.0_262]
	at org.springframework.test.context.transaction.TransactionalTestExecutionListener.runBeforeTransactionMethods(TransactionalTestExecutionListener.java:248) [spring-test-4.1.1.RELEASE.jar:4.1.1.RELEASE]
	at org.springframework.test.context.transaction.TransactionalTestExecutionListener.beforeTestMethod(TransactionalTestExecutionListener.java:198) [spring-test-4.1.1.RELEASE.jar:4.1.1.RELEASE]
	at org.springframework.test.context.TestContextManager.beforeTestMethod(TestContextManager.java:249) [spring-test-4.1.1.RELEASE.jar:4.1.1.RELEASE]
	at org.springframework.test.context.junit4.statements.RunBeforeTestMethodCallbacks.evaluate(RunBeforeTestMethodCallbacks.java:71) [spring-test-4.1.1.RELEASE.jar:4.1.1.RELEASE]
	at org.springframework.test.context.junit4.statements.RunAfterTestMethodCallbacks.evaluate(RunAfterTestMethodCallbacks.java:81) [spring-test-4.1.1.RELEASE.jar:4.1.1.RELEASE]
	at org.springframework.test.context.junit4.statements.SpringRepeat.evaluate(SpringRepeat.java:72) [spring-test-4.1.1.RELEASE.jar:4.1.1.RELEASE]
	at org.junit.runners.ParentRunner.runLeaf(ParentRunner.java:271) [junit-4.11.jar:na]
	at org.springframework.test.context.junit4.SpringJUnit4ClassRunner.runChild(SpringJUnit4ClassRunner.java:216) [spring-test-4.1.1.RELEASE.jar:4.1.1.RELEASE]
	at org.springframework.test.context.junit4.SpringJUnit4ClassRunner.runChild(SpringJUnit4ClassRunner.java:82) [spring-test-4.1.1.RELEASE.jar:4.1.1.RELEASE]
	at org.junit.runners.ParentRunner$3.run(ParentRunner.java:238) [junit-4.11.jar:na]
	at org.junit.runners.ParentRunner$1.schedule(ParentRunner.java:63) [junit-4.11.jar:na]
	at org.junit.runners.ParentRunner.runChildren(ParentRunner.java:236) [junit-4.11.jar:na]
	at org.junit.runners.ParentRunner.access$000(ParentRunner.java:53) [junit-4.11.jar:na]
	at org.junit.runners.ParentRunner$2.evaluate(ParentRunner.java:229) [junit-4.11.jar:na]
	at org.springframework.test.context.junit4.statements.RunBeforeTestClassCallbacks.evaluate(RunBeforeTestClassCallbacks.java:60) [spring-test-4.1.1.RELEASE.jar:4.1.1.RELEASE]
	at org.springframework.test.context.junit4.statements.RunAfterTestClassCallbacks.evaluate(RunAfterTestClassCallbacks.java:67) [spring-test-4.1.1.RELEASE.jar:4.1.1.RELEASE]
	at org.junit.runners.ParentRunner.run(ParentRunner.java:309) [junit-4.11.jar:na]
	at org.springframework.test.context.junit4.SpringJUnit4ClassRunner.run(SpringJUnit4ClassRunner.java:162) [spring-test-4.1.1.RELEASE.jar:4.1.1.RELEASE]
	at org.apache.maven.surefire.junit4.JUnit4Provider.execute(JUnit4Provider.java:367) [surefire-junit4-2.19.1.jar:2.19.1]
	at org.apache.maven.surefire.junit4.JUnit4Provider.executeWithRerun(JUnit4Provider.java:274) [surefire-junit4-2.19.1.jar:2.19.1]
	at org.apache.maven.surefire.junit4.JUnit4Provider.executeTestSet(JUnit4Provider.java:238) [surefire-junit4-2.19.1.jar:2.19.1]
	at org.apache.maven.surefire.junit4.JUnit4Provider.invoke(JUnit4Provider.java:161) [surefire-junit4-2.19.1.jar:2.19.1]
	at org.apache.maven.surefire.booter.ForkedBooter.invokeProviderInSameClassLoader(ForkedBooter.java:290) [surefire-booter-2.19.1.jar:2.19.1]
	at org.apache.maven.surefire.booter.ForkedBooter.runSuitesInProcess(ForkedBooter.java:242) [surefire-booter-2.19.1.jar:2.19.1]
	at org.apache.maven.surefire.booter.ForkedBooter.main(ForkedBooter.java:121) [surefire-booter-2.19.1.jar:2.19.1]
22:42:08:736 | WARN  | main | o.s.t.c.TestContextManager | Caught exception while allowing TestExecutionListener [org.springframework.test.context.transaction.TransactionalTestExecutionListener@47742aae] to process 'before' execution of test method [public void com.nurkiewicz.jdbcrepository.JdbcRepositoryManualKeyTest.shouldReturnPageWithOneItemWithSortingApplied()] for test instance [com.nurkiewicz.jdbcrepository.postgresql.JdbcRepositoryManualKeyPostgresqlTest@5c35267d]
java.net.ConnectException: Connection refused (Connection refused)
	at java.net.PlainSocketImpl.socketConnect(Native Method) ~[na:1.8.0_262]
	at java.net.AbstractPlainSocketImpl.doConnect(AbstractPlainSocketImpl.java:350) ~[na:1.8.0_262]
	at java.net.AbstractPlainSocketImpl.connectToAddress(AbstractPlainSocketImpl.java:206) ~[na:1.8.0_262]
	at java.net.AbstractPlainSocketImpl.connect(AbstractPlainSocketImpl.java:188) ~[na:1.8.0_262]
	at java.net.SocksSocketImpl.connect(SocksSocketImpl.java:392) ~[na:1.8.0_262]
	at java.net.Socket.connect(Socket.java:607) ~[na:1.8.0_262]
	at java.net.Socket.connect(Socket.java:556) ~[na:1.8.0_262]
	at com.nurkiewicz.jdbcrepository.AbstractIntegrationTest.ignoreIfDatabaseNotAvailable(AbstractIntegrationTest.java:36) ~[test-classes/:na]
	... 28 common frames omitted
Wrapped by: org.junit.internal.AssumptionViolatedException: got: <java.net.ConnectException: Connection refused (Connection refused)>, expected: null
	at org.junit.Assume.assumeThat(Assume.java:95) ~[junit-4.11.jar:na]
	at org.junit.Assume.assumeNoException(Assume.java:142) ~[junit-4.11.jar:na]
	at com.nurkiewicz.jdbcrepository.AbstractIntegrationTest.ignoreIfDatabaseNotAvailable(AbstractIntegrationTest.java:39) ~[test-classes/:na]
	at sun.reflect.GeneratedMethodAccessor21.invoke(Unknown Source) ~[na:na]
	at sun.reflect.DelegatingMethodAccessorImpl.invoke(DelegatingMethodAccessorImpl.java:43) ~[na:1.8.0_262]
	at java.lang.reflect.Method.invoke(Method.java:498) ~[na:1.8.0_262]
	at org.springframework.test.context.transaction.TransactionalTestExecutionListener.runBeforeTransactionMethods(TransactionalTestExecutionListener.java:248) ~[spring-test-4.1.1.RELEASE.jar:4.1.1.RELEASE]
	at org.springframework.test.context.transaction.TransactionalTestExecutionListener.beforeTestMethod(TransactionalTestExecutionListener.java:198) ~[spring-test-4.1.1.RELEASE.jar:4.1.1.RELEASE]
	at org.springframework.test.context.TestContextManager.beforeTestMethod(TestContextManager.java:249) ~[spring-test-4.1.1.RELEASE.jar:4.1.1.RELEASE]
	at org.springframework.test.context.junit4.statements.RunBeforeTestMethodCallbacks.evaluate(RunBeforeTestMethodCallbacks.java:71) [spring-test-4.1.1.RELEASE.jar:4.1.1.RELEASE]
	at org.springframework.test.context.junit4.statements.RunAfterTestMethodCallbacks.evaluate(RunAfterTestMethodCallbacks.java:81) [spring-test-4.1.1.RELEASE.jar:4.1.1.RELEASE]
	at org.springframework.test.context.junit4.statements.SpringRepeat.evaluate(SpringRepeat.java:72) [spring-test-4.1.1.RELEASE.jar:4.1.1.RELEASE]
	at org.junit.runners.ParentRunner.runLeaf(ParentRunner.java:271) [junit-4.11.jar:na]
	at org.springframework.test.context.junit4.SpringJUnit4ClassRunner.runChild(SpringJUnit4ClassRunner.java:216) [spring-test-4.1.1.RELEASE.jar:4.1.1.RELEASE]
	at org.springframework.test.context.junit4.SpringJUnit4ClassRunner.runChild(SpringJUnit4ClassRunner.java:82) [spring-test-4.1.1.RELEASE.jar:4.1.1.RELEASE]
	at org.junit.runners.ParentRunner$3.run(ParentRunner.java:238) [junit-4.11.jar:na]
	at org.junit.runners.ParentRunner$1.schedule(ParentRunner.java:63) [junit-4.11.jar:na]
	at org.junit.runners.ParentRunner.runChildren(ParentRunner.java:236) [junit-4.11.jar:na]
	at org.junit.runners.ParentRunner.access$000(ParentRunner.java:53) [junit-4.11.jar:na]
	at org.junit.runners.ParentRunner$2.evaluate(ParentRunner.java:229) [junit-4.11.jar:na]
	at org.springframework.test.context.junit4.statements.RunBeforeTestClassCallbacks.evaluate(RunBeforeTestClassCallbacks.java:60) [spring-test-4.1.1.RELEASE.jar:4.1.1.RELEASE]
	at org.springframework.test.context.junit4.statements.RunAfterTestClassCallbacks.evaluate(RunAfterTestClassCallbacks.java:67) [spring-test-4.1.1.RELEASE.jar:4.1.1.RELEASE]
	at org.junit.runners.ParentRunner.run(ParentRunner.java:309) [junit-4.11.jar:na]
	at org.springframework.test.context.junit4.SpringJUnit4ClassRunner.run(SpringJUnit4ClassRunner.java:162) [spring-test-4.1.1.RELEASE.jar:4.1.1.RELEASE]
	at org.apache.maven.surefire.junit4.JUnit4Provider.execute(JUnit4Provider.java:367) [surefire-junit4-2.19.1.jar:2.19.1]
	at org.apache.maven.surefire.junit4.JUnit4Provider.executeWithRerun(JUnit4Provider.java:274) [surefire-junit4-2.19.1.jar:2.19.1]
	at org.apache.maven.surefire.junit4.JUnit4Provider.executeTestSet(JUnit4Provider.java:238) [surefire-junit4-2.19.1.jar:2.19.1]
	at org.apache.maven.surefire.junit4.JUnit4Provider.invoke(JUnit4Provider.java:161) [surefire-junit4-2.19.1.jar:2.19.1]
	at org.apache.maven.surefire.booter.ForkedBooter.invokeProviderInSameClassLoader(ForkedBooter.java:290) [surefire-booter-2.19.1.jar:2.19.1]
	at org.apache.maven.surefire.booter.ForkedBooter.runSuitesInProcess(ForkedBooter.java:242) [surefire-booter-2.19.1.jar:2.19.1]
	at org.apache.maven.surefire.booter.ForkedBooter.main(ForkedBooter.java:121) [surefire-booter-2.19.1.jar:2.19.1]
]]></system-out>
  </testcase>
  <testcase name="shouldDeleteAllRecordsInTable" classname="com.nurkiewicz.jdbcrepository.postgresql.JdbcRepositoryManualKeyPostgresqlTest" time="0">
    <skipped/>
    <system-out><![CDATA[22:42:08:742 | ERROR | main | o.s.t.c.t.TransactionalTestExecutionListener | Exception encountered while executing @BeforeTransaction methods for test context [DefaultTestContext@7a7ae0e1 testClass = JdbcRepositoryManualKeyPostgresqlTest, testInstance = com.nurkiewicz.jdbcrepository.postgresql.JdbcRepositoryManualKeyPostgresqlTest@4f9e42c4, testMethod = shouldDeleteAllRecordsInTable@JdbcRepositoryManualKeyTest, testException = [null], mergedContextConfiguration = [MergedContextConfiguration@5f9b21a1 testClass = JdbcRepositoryManualKeyPostgresqlTest, locations = '{}', classes = '{class com.nurkiewicz.jdbcrepository.postgresql.JdbcRepositoryTestPostgresqlConfig}', contextInitializerClasses = '[]', activeProfiles = '{}', propertySourceLocations = '{}', propertySourceProperties = '{}', contextLoader = 'org.springframework.test.context.support.AnnotationConfigContextLoader', parent = [null]]].
java.net.ConnectException: Connection refused (Connection refused)
	at java.net.PlainSocketImpl.socketConnect(Native Method) ~[na:1.8.0_262]
	at java.net.AbstractPlainSocketImpl.doConnect(AbstractPlainSocketImpl.java:350) ~[na:1.8.0_262]
	at java.net.AbstractPlainSocketImpl.connectToAddress(AbstractPlainSocketImpl.java:206) ~[na:1.8.0_262]
	at java.net.AbstractPlainSocketImpl.connect(AbstractPlainSocketImpl.java:188) ~[na:1.8.0_262]
	at java.net.SocksSocketImpl.connect(SocksSocketImpl.java:392) ~[na:1.8.0_262]
	at java.net.Socket.connect(Socket.java:607) ~[na:1.8.0_262]
	at java.net.Socket.connect(Socket.java:556) ~[na:1.8.0_262]
	at com.nurkiewicz.jdbcrepository.AbstractIntegrationTest.ignoreIfDatabaseNotAvailable(AbstractIntegrationTest.java:36) ~[test-classes/:na]
	... 28 common frames omitted
Wrapped by: org.junit.internal.AssumptionViolatedException: got: <java.net.ConnectException: Connection refused (Connection refused)>, expected: null
	at org.junit.Assume.assumeThat(Assume.java:95) ~[junit-4.11.jar:na]
	at org.junit.Assume.assumeNoException(Assume.java:142) ~[junit-4.11.jar:na]
	at com.nurkiewicz.jdbcrepository.AbstractIntegrationTest.ignoreIfDatabaseNotAvailable(AbstractIntegrationTest.java:39) ~[test-classes/:na]
	at sun.reflect.GeneratedMethodAccessor21.invoke(Unknown Source) ~[na:na]
	at sun.reflect.DelegatingMethodAccessorImpl.invoke(DelegatingMethodAccessorImpl.java:43) ~[na:1.8.0_262]
	at java.lang.reflect.Method.invoke(Method.java:498) ~[na:1.8.0_262]
	at org.springframework.test.context.transaction.TransactionalTestExecutionListener.runBeforeTransactionMethods(TransactionalTestExecutionListener.java:248) [spring-test-4.1.1.RELEASE.jar:4.1.1.RELEASE]
	at org.springframework.test.context.transaction.TransactionalTestExecutionListener.beforeTestMethod(TransactionalTestExecutionListener.java:198) [spring-test-4.1.1.RELEASE.jar:4.1.1.RELEASE]
	at org.springframework.test.context.TestContextManager.beforeTestMethod(TestContextManager.java:249) [spring-test-4.1.1.RELEASE.jar:4.1.1.RELEASE]
	at org.springframework.test.context.junit4.statements.RunBeforeTestMethodCallbacks.evaluate(RunBeforeTestMethodCallbacks.java:71) [spring-test-4.1.1.RELEASE.jar:4.1.1.RELEASE]
	at org.springframework.test.context.junit4.statements.RunAfterTestMethodCallbacks.evaluate(RunAfterTestMethodCallbacks.java:81) [spring-test-4.1.1.RELEASE.jar:4.1.1.RELEASE]
	at org.springframework.test.context.junit4.statements.SpringRepeat.evaluate(SpringRepeat.java:72) [spring-test-4.1.1.RELEASE.jar:4.1.1.RELEASE]
	at org.junit.runners.ParentRunner.runLeaf(ParentRunner.java:271) [junit-4.11.jar:na]
	at org.springframework.test.context.junit4.SpringJUnit4ClassRunner.runChild(SpringJUnit4ClassRunner.java:216) [spring-test-4.1.1.RELEASE.jar:4.1.1.RELEASE]
	at org.springframework.test.context.junit4.SpringJUnit4ClassRunner.runChild(SpringJUnit4ClassRunner.java:82) [spring-test-4.1.1.RELEASE.jar:4.1.1.RELEASE]
	at org.junit.runners.ParentRunner$3.run(ParentRunner.java:238) [junit-4.11.jar:na]
	at org.junit.runners.ParentRunner$1.schedule(ParentRunner.java:63) [junit-4.11.jar:na]
	at org.junit.runners.ParentRunner.runChildren(ParentRunner.java:236) [junit-4.11.jar:na]
	at org.junit.runners.ParentRunner.access$000(ParentRunner.java:53) [junit-4.11.jar:na]
	at org.junit.runners.ParentRunner$2.evaluate(ParentRunner.java:229) [junit-4.11.jar:na]
	at org.springframework.test.context.junit4.statements.RunBeforeTestClassCallbacks.evaluate(RunBeforeTestClassCallbacks.java:60) [spring-test-4.1.1.RELEASE.jar:4.1.1.RELEASE]
	at org.springframework.test.context.junit4.statements.RunAfterTestClassCallbacks.evaluate(RunAfterTestClassCallbacks.java:67) [spring-test-4.1.1.RELEASE.jar:4.1.1.RELEASE]
	at org.junit.runners.ParentRunner.run(ParentRunner.java:309) [junit-4.11.jar:na]
	at org.springframework.test.context.junit4.SpringJUnit4ClassRunner.run(SpringJUnit4ClassRunner.java:162) [spring-test-4.1.1.RELEASE.jar:4.1.1.RELEASE]
	at org.apache.maven.surefire.junit4.JUnit4Provider.execute(JUnit4Provider.java:367) [surefire-junit4-2.19.1.jar:2.19.1]
	at org.apache.maven.surefire.junit4.JUnit4Provider.executeWithRerun(JUnit4Provider.java:274) [surefire-junit4-2.19.1.jar:2.19.1]
	at org.apache.maven.surefire.junit4.JUnit4Provider.executeTestSet(JUnit4Provider.java:238) [surefire-junit4-2.19.1.jar:2.19.1]
	at org.apache.maven.surefire.junit4.JUnit4Provider.invoke(JUnit4Provider.java:161) [surefire-junit4-2.19.1.jar:2.19.1]
	at org.apache.maven.surefire.booter.ForkedBooter.invokeProviderInSameClassLoader(ForkedBooter.java:290) [surefire-booter-2.19.1.jar:2.19.1]
	at org.apache.maven.surefire.booter.ForkedBooter.runSuitesInProcess(ForkedBooter.java:242) [surefire-booter-2.19.1.jar:2.19.1]
	at org.apache.maven.surefire.booter.ForkedBooter.main(ForkedBooter.java:121) [surefire-booter-2.19.1.jar:2.19.1]
22:42:08:743 | WARN  | main | o.s.t.c.TestContextManager | Caught exception while allowing TestExecutionListener [org.springframework.test.context.transaction.TransactionalTestExecutionListener@47742aae] to process 'before' execution of test method [public void com.nurkiewicz.jdbcrepository.JdbcRepositoryManualKeyTest.shouldDeleteAllRecordsInTable() throws java.lang.Exception] for test instance [com.nurkiewicz.jdbcrepository.postgresql.JdbcRepositoryManualKeyPostgresqlTest@4f9e42c4]
java.net.ConnectException: Connection refused (Connection refused)
	at java.net.PlainSocketImpl.socketConnect(Native Method) ~[na:1.8.0_262]
	at java.net.AbstractPlainSocketImpl.doConnect(AbstractPlainSocketImpl.java:350) ~[na:1.8.0_262]
	at java.net.AbstractPlainSocketImpl.connectToAddress(AbstractPlainSocketImpl.java:206) ~[na:1.8.0_262]
	at java.net.AbstractPlainSocketImpl.connect(AbstractPlainSocketImpl.java:188) ~[na:1.8.0_262]
	at java.net.SocksSocketImpl.connect(SocksSocketImpl.java:392) ~[na:1.8.0_262]
	at java.net.Socket.connect(Socket.java:607) ~[na:1.8.0_262]
	at java.net.Socket.connect(Socket.java:556) ~[na:1.8.0_262]
	at com.nurkiewicz.jdbcrepository.AbstractIntegrationTest.ignoreIfDatabaseNotAvailable(AbstractIntegrationTest.java:36) ~[test-classes/:na]
	... 28 common frames omitted
Wrapped by: org.junit.internal.AssumptionViolatedException: got: <java.net.ConnectException: Connection refused (Connection refused)>, expected: null
	at org.junit.Assume.assumeThat(Assume.java:95) ~[junit-4.11.jar:na]
	at org.junit.Assume.assumeNoException(Assume.java:142) ~[junit-4.11.jar:na]
	at com.nurkiewicz.jdbcrepository.AbstractIntegrationTest.ignoreIfDatabaseNotAvailable(AbstractIntegrationTest.java:39) ~[test-classes/:na]
	at sun.reflect.GeneratedMethodAccessor21.invoke(Unknown Source) ~[na:na]
	at sun.reflect.DelegatingMethodAccessorImpl.invoke(DelegatingMethodAccessorImpl.java:43) ~[na:1.8.0_262]
	at java.lang.reflect.Method.invoke(Method.java:498) ~[na:1.8.0_262]
	at org.springframework.test.context.transaction.TransactionalTestExecutionListener.runBeforeTransactionMethods(TransactionalTestExecutionListener.java:248) ~[spring-test-4.1.1.RELEASE.jar:4.1.1.RELEASE]
	at org.springframework.test.context.transaction.TransactionalTestExecutionListener.beforeTestMethod(TransactionalTestExecutionListener.java:198) ~[spring-test-4.1.1.RELEASE.jar:4.1.1.RELEASE]
	at org.springframework.test.context.TestContextManager.beforeTestMethod(TestContextManager.java:249) ~[spring-test-4.1.1.RELEASE.jar:4.1.1.RELEASE]
	at org.springframework.test.context.junit4.statements.RunBeforeTestMethodCallbacks.evaluate(RunBeforeTestMethodCallbacks.java:71) [spring-test-4.1.1.RELEASE.jar:4.1.1.RELEASE]
	at org.springframework.test.context.junit4.statements.RunAfterTestMethodCallbacks.evaluate(RunAfterTestMethodCallbacks.java:81) [spring-test-4.1.1.RELEASE.jar:4.1.1.RELEASE]
	at org.springframework.test.context.junit4.statements.SpringRepeat.evaluate(SpringRepeat.java:72) [spring-test-4.1.1.RELEASE.jar:4.1.1.RELEASE]
	at org.junit.runners.ParentRunner.runLeaf(ParentRunner.java:271) [junit-4.11.jar:na]
	at org.springframework.test.context.junit4.SpringJUnit4ClassRunner.runChild(SpringJUnit4ClassRunner.java:216) [spring-test-4.1.1.RELEASE.jar:4.1.1.RELEASE]
	at org.springframework.test.context.junit4.SpringJUnit4ClassRunner.runChild(SpringJUnit4ClassRunner.java:82) [spring-test-4.1.1.RELEASE.jar:4.1.1.RELEASE]
	at org.junit.runners.ParentRunner$3.run(ParentRunner.java:238) [junit-4.11.jar:na]
	at org.junit.runners.ParentRunner$1.schedule(ParentRunner.java:63) [junit-4.11.jar:na]
	at org.junit.runners.ParentRunner.runChildren(ParentRunner.java:236) [junit-4.11.jar:na]
	at org.junit.runners.ParentRunner.access$000(ParentRunner.java:53) [junit-4.11.jar:na]
	at org.junit.runners.ParentRunner$2.evaluate(ParentRunner.java:229) [junit-4.11.jar:na]
	at org.springframework.test.context.junit4.statements.RunBeforeTestClassCallbacks.evaluate(RunBeforeTestClassCallbacks.java:60) [spring-test-4.1.1.RELEASE.jar:4.1.1.RELEASE]
	at org.springframework.test.context.junit4.statements.RunAfterTestClassCallbacks.evaluate(RunAfterTestClassCallbacks.java:67) [spring-test-4.1.1.RELEASE.jar:4.1.1.RELEASE]
	at org.junit.runners.ParentRunner.run(ParentRunner.java:309) [junit-4.11.jar:na]
	at org.springframework.test.context.junit4.SpringJUnit4ClassRunner.run(SpringJUnit4ClassRunner.java:162) [spring-test-4.1.1.RELEASE.jar:4.1.1.RELEASE]
	at org.apache.maven.surefire.junit4.JUnit4Provider.execute(JUnit4Provider.java:367) [surefire-junit4-2.19.1.jar:2.19.1]
	at org.apache.maven.surefire.junit4.JUnit4Provider.executeWithRerun(JUnit4Provider.java:274) [surefire-junit4-2.19.1.jar:2.19.1]
	at org.apache.maven.surefire.junit4.JUnit4Provider.executeTestSet(JUnit4Provider.java:238) [surefire-junit4-2.19.1.jar:2.19.1]
	at org.apache.maven.surefire.junit4.JUnit4Provider.invoke(JUnit4Provider.java:161) [surefire-junit4-2.19.1.jar:2.19.1]
	at org.apache.maven.surefire.booter.ForkedBooter.invokeProviderInSameClassLoader(ForkedBooter.java:290) [surefire-booter-2.19.1.jar:2.19.1]
	at org.apache.maven.surefire.booter.ForkedBooter.runSuitesInProcess(ForkedBooter.java:242) [surefire-booter-2.19.1.jar:2.19.1]
	at org.apache.maven.surefire.booter.ForkedBooter.main(ForkedBooter.java:121) [surefire-booter-2.19.1.jar:2.19.1]
]]></system-out>
  </testcase>
  <testcase name="shouldReturnOneWhenSingleElementInTable" classname="com.nurkiewicz.jdbcrepository.postgresql.JdbcRepositoryManualKeyPostgresqlTest" time="0">
    <skipped/>
    <system-out><![CDATA[22:42:08:745 | ERROR | main | o.s.t.c.t.TransactionalTestExecutionListener | Exception encountered while executing @BeforeTransaction methods for test context [DefaultTestContext@7a7ae0e1 testClass = JdbcRepositoryManualKeyPostgresqlTest, testInstance = com.nurkiewicz.jdbcrepository.postgresql.JdbcRepositoryManualKeyPostgresqlTest@2a3e1e53, testMethod = shouldReturnOneWhenSingleElementInTable@JdbcRepositoryManualKeyTest, testException = [null], mergedContextConfiguration = [MergedContextConfiguration@5f9b21a1 testClass = JdbcRepositoryManualKeyPostgresqlTest, locations = '{}', classes = '{class com.nurkiewicz.jdbcrepository.postgresql.JdbcRepositoryTestPostgresqlConfig}', contextInitializerClasses = '[]', activeProfiles = '{}', propertySourceLocations = '{}', propertySourceProperties = '{}', contextLoader = 'org.springframework.test.context.support.AnnotationConfigContextLoader', parent = [null]]].
java.net.ConnectException: Connection refused (Connection refused)
	at java.net.PlainSocketImpl.socketConnect(Native Method) ~[na:1.8.0_262]
	at java.net.AbstractPlainSocketImpl.doConnect(AbstractPlainSocketImpl.java:350) ~[na:1.8.0_262]
	at java.net.AbstractPlainSocketImpl.connectToAddress(AbstractPlainSocketImpl.java:206) ~[na:1.8.0_262]
	at java.net.AbstractPlainSocketImpl.connect(AbstractPlainSocketImpl.java:188) ~[na:1.8.0_262]
	at java.net.SocksSocketImpl.connect(SocksSocketImpl.java:392) ~[na:1.8.0_262]
	at java.net.Socket.connect(Socket.java:607) ~[na:1.8.0_262]
	at java.net.Socket.connect(Socket.java:556) ~[na:1.8.0_262]
	at com.nurkiewicz.jdbcrepository.AbstractIntegrationTest.ignoreIfDatabaseNotAvailable(AbstractIntegrationTest.java:36) ~[test-classes/:na]
	... 28 common frames omitted
Wrapped by: org.junit.internal.AssumptionViolatedException: got: <java.net.ConnectException: Connection refused (Connection refused)>, expected: null
	at org.junit.Assume.assumeThat(Assume.java:95) ~[junit-4.11.jar:na]
	at org.junit.Assume.assumeNoException(Assume.java:142) ~[junit-4.11.jar:na]
	at com.nurkiewicz.jdbcrepository.AbstractIntegrationTest.ignoreIfDatabaseNotAvailable(AbstractIntegrationTest.java:39) ~[test-classes/:na]
	at sun.reflect.GeneratedMethodAccessor21.invoke(Unknown Source) ~[na:na]
	at sun.reflect.DelegatingMethodAccessorImpl.invoke(DelegatingMethodAccessorImpl.java:43) ~[na:1.8.0_262]
	at java.lang.reflect.Method.invoke(Method.java:498) ~[na:1.8.0_262]
	at org.springframework.test.context.transaction.TransactionalTestExecutionListener.runBeforeTransactionMethods(TransactionalTestExecutionListener.java:248) [spring-test-4.1.1.RELEASE.jar:4.1.1.RELEASE]
	at org.springframework.test.context.transaction.TransactionalTestExecutionListener.beforeTestMethod(TransactionalTestExecutionListener.java:198) [spring-test-4.1.1.RELEASE.jar:4.1.1.RELEASE]
	at org.springframework.test.context.TestContextManager.beforeTestMethod(TestContextManager.java:249) [spring-test-4.1.1.RELEASE.jar:4.1.1.RELEASE]
	at org.springframework.test.context.junit4.statements.RunBeforeTestMethodCallbacks.evaluate(RunBeforeTestMethodCallbacks.java:71) [spring-test-4.1.1.RELEASE.jar:4.1.1.RELEASE]
	at org.springframework.test.context.junit4.statements.RunAfterTestMethodCallbacks.evaluate(RunAfterTestMethodCallbacks.java:81) [spring-test-4.1.1.RELEASE.jar:4.1.1.RELEASE]
	at org.springframework.test.context.junit4.statements.SpringRepeat.evaluate(SpringRepeat.java:72) [spring-test-4.1.1.RELEASE.jar:4.1.1.RELEASE]
	at org.junit.runners.ParentRunner.runLeaf(ParentRunner.java:271) [junit-4.11.jar:na]
	at org.springframework.test.context.junit4.SpringJUnit4ClassRunner.runChild(SpringJUnit4ClassRunner.java:216) [spring-test-4.1.1.RELEASE.jar:4.1.1.RELEASE]
	at org.springframework.test.context.junit4.SpringJUnit4ClassRunner.runChild(SpringJUnit4ClassRunner.java:82) [spring-test-4.1.1.RELEASE.jar:4.1.1.RELEASE]
	at org.junit.runners.ParentRunner$3.run(ParentRunner.java:238) [junit-4.11.jar:na]
	at org.junit.runners.ParentRunner$1.schedule(ParentRunner.java:63) [junit-4.11.jar:na]
	at org.junit.runners.ParentRunner.runChildren(ParentRunner.java:236) [junit-4.11.jar:na]
	at org.junit.runners.ParentRunner.access$000(ParentRunner.java:53) [junit-4.11.jar:na]
	at org.junit.runners.ParentRunner$2.evaluate(ParentRunner.java:229) [junit-4.11.jar:na]
	at org.springframework.test.context.junit4.statements.RunBeforeTestClassCallbacks.evaluate(RunBeforeTestClassCallbacks.java:60) [spring-test-4.1.1.RELEASE.jar:4.1.1.RELEASE]
	at org.springframework.test.context.junit4.statements.RunAfterTestClassCallbacks.evaluate(RunAfterTestClassCallbacks.java:67) [spring-test-4.1.1.RELEASE.jar:4.1.1.RELEASE]
	at org.junit.runners.ParentRunner.run(ParentRunner.java:309) [junit-4.11.jar:na]
	at org.springframework.test.context.junit4.SpringJUnit4ClassRunner.run(SpringJUnit4ClassRunner.java:162) [spring-test-4.1.1.RELEASE.jar:4.1.1.RELEASE]
	at org.apache.maven.surefire.junit4.JUnit4Provider.execute(JUnit4Provider.java:367) [surefire-junit4-2.19.1.jar:2.19.1]
	at org.apache.maven.surefire.junit4.JUnit4Provider.executeWithRerun(JUnit4Provider.java:274) [surefire-junit4-2.19.1.jar:2.19.1]
	at org.apache.maven.surefire.junit4.JUnit4Provider.executeTestSet(JUnit4Provider.java:238) [surefire-junit4-2.19.1.jar:2.19.1]
	at org.apache.maven.surefire.junit4.JUnit4Provider.invoke(JUnit4Provider.java:161) [surefire-junit4-2.19.1.jar:2.19.1]
	at org.apache.maven.surefire.booter.ForkedBooter.invokeProviderInSameClassLoader(ForkedBooter.java:290) [surefire-booter-2.19.1.jar:2.19.1]
	at org.apache.maven.surefire.booter.ForkedBooter.runSuitesInProcess(ForkedBooter.java:242) [surefire-booter-2.19.1.jar:2.19.1]
	at org.apache.maven.surefire.booter.ForkedBooter.main(ForkedBooter.java:121) [surefire-booter-2.19.1.jar:2.19.1]
22:42:08:746 | WARN  | main | o.s.t.c.TestContextManager | Caught exception while allowing TestExecutionListener [org.springframework.test.context.transaction.TransactionalTestExecutionListener@47742aae] to process 'before' execution of test method [public void com.nurkiewicz.jdbcrepository.JdbcRepositoryManualKeyTest.shouldReturnOneWhenSingleElementInTable() throws java.lang.Exception] for test instance [com.nurkiewicz.jdbcrepository.postgresql.JdbcRepositoryManualKeyPostgresqlTest@2a3e1e53]
java.net.ConnectException: Connection refused (Connection refused)
	at java.net.PlainSocketImpl.socketConnect(Native Method) ~[na:1.8.0_262]
	at java.net.AbstractPlainSocketImpl.doConnect(AbstractPlainSocketImpl.java:350) ~[na:1.8.0_262]
	at java.net.AbstractPlainSocketImpl.connectToAddress(AbstractPlainSocketImpl.java:206) ~[na:1.8.0_262]
	at java.net.AbstractPlainSocketImpl.connect(AbstractPlainSocketImpl.java:188) ~[na:1.8.0_262]
	at java.net.SocksSocketImpl.connect(SocksSocketImpl.java:392) ~[na:1.8.0_262]
	at java.net.Socket.connect(Socket.java:607) ~[na:1.8.0_262]
	at java.net.Socket.connect(Socket.java:556) ~[na:1.8.0_262]
	at com.nurkiewicz.jdbcrepository.AbstractIntegrationTest.ignoreIfDatabaseNotAvailable(AbstractIntegrationTest.java:36) ~[test-classes/:na]
	... 28 common frames omitted
Wrapped by: org.junit.internal.AssumptionViolatedException: got: <java.net.ConnectException: Connection refused (Connection refused)>, expected: null
	at org.junit.Assume.assumeThat(Assume.java:95) ~[junit-4.11.jar:na]
	at org.junit.Assume.assumeNoException(Assume.java:142) ~[junit-4.11.jar:na]
	at com.nurkiewicz.jdbcrepository.AbstractIntegrationTest.ignoreIfDatabaseNotAvailable(AbstractIntegrationTest.java:39) ~[test-classes/:na]
	at sun.reflect.GeneratedMethodAccessor21.invoke(Unknown Source) ~[na:na]
	at sun.reflect.DelegatingMethodAccessorImpl.invoke(DelegatingMethodAccessorImpl.java:43) ~[na:1.8.0_262]
	at java.lang.reflect.Method.invoke(Method.java:498) ~[na:1.8.0_262]
	at org.springframework.test.context.transaction.TransactionalTestExecutionListener.runBeforeTransactionMethods(TransactionalTestExecutionListener.java:248) ~[spring-test-4.1.1.RELEASE.jar:4.1.1.RELEASE]
	at org.springframework.test.context.transaction.TransactionalTestExecutionListener.beforeTestMethod(TransactionalTestExecutionListener.java:198) ~[spring-test-4.1.1.RELEASE.jar:4.1.1.RELEASE]
	at org.springframework.test.context.TestContextManager.beforeTestMethod(TestContextManager.java:249) ~[spring-test-4.1.1.RELEASE.jar:4.1.1.RELEASE]
	at org.springframework.test.context.junit4.statements.RunBeforeTestMethodCallbacks.evaluate(RunBeforeTestMethodCallbacks.java:71) [spring-test-4.1.1.RELEASE.jar:4.1.1.RELEASE]
	at org.springframework.test.context.junit4.statements.RunAfterTestMethodCallbacks.evaluate(RunAfterTestMethodCallbacks.java:81) [spring-test-4.1.1.RELEASE.jar:4.1.1.RELEASE]
	at org.springframework.test.context.junit4.statements.SpringRepeat.evaluate(SpringRepeat.java:72) [spring-test-4.1.1.RELEASE.jar:4.1.1.RELEASE]
	at org.junit.runners.ParentRunner.runLeaf(ParentRunner.java:271) [junit-4.11.jar:na]
	at org.springframework.test.context.junit4.SpringJUnit4ClassRunner.runChild(SpringJUnit4ClassRunner.java:216) [spring-test-4.1.1.RELEASE.jar:4.1.1.RELEASE]
	at org.springframework.test.context.junit4.SpringJUnit4ClassRunner.runChild(SpringJUnit4ClassRunner.java:82) [spring-test-4.1.1.RELEASE.jar:4.1.1.RELEASE]
	at org.junit.runners.ParentRunner$3.run(ParentRunner.java:238) [junit-4.11.jar:na]
	at org.junit.runners.ParentRunner$1.schedule(ParentRunner.java:63) [junit-4.11.jar:na]
	at org.junit.runners.ParentRunner.runChildren(ParentRunner.java:236) [junit-4.11.jar:na]
	at org.junit.runners.ParentRunner.access$000(ParentRunner.java:53) [junit-4.11.jar:na]
	at org.junit.runners.ParentRunner$2.evaluate(ParentRunner.java:229) [junit-4.11.jar:na]
	at org.springframework.test.context.junit4.statements.RunBeforeTestClassCallbacks.evaluate(RunBeforeTestClassCallbacks.java:60) [spring-test-4.1.1.RELEASE.jar:4.1.1.RELEASE]
	at org.springframework.test.context.junit4.statements.RunAfterTestClassCallbacks.evaluate(RunAfterTestClassCallbacks.java:67) [spring-test-4.1.1.RELEASE.jar:4.1.1.RELEASE]
	at org.junit.runners.ParentRunner.run(ParentRunner.java:309) [junit-4.11.jar:na]
	at org.springframework.test.context.junit4.SpringJUnit4ClassRunner.run(SpringJUnit4ClassRunner.java:162) [spring-test-4.1.1.RELEASE.jar:4.1.1.RELEASE]
	at org.apache.maven.surefire.junit4.JUnit4Provider.execute(JUnit4Provider.java:367) [surefire-junit4-2.19.1.jar:2.19.1]
	at org.apache.maven.surefire.junit4.JUnit4Provider.executeWithRerun(JUnit4Provider.java:274) [surefire-junit4-2.19.1.jar:2.19.1]
	at org.apache.maven.surefire.junit4.JUnit4Provider.executeTestSet(JUnit4Provider.java:238) [surefire-junit4-2.19.1.jar:2.19.1]
	at org.apache.maven.surefire.junit4.JUnit4Provider.invoke(JUnit4Provider.java:161) [surefire-junit4-2.19.1.jar:2.19.1]
	at org.apache.maven.surefire.booter.ForkedBooter.invokeProviderInSameClassLoader(ForkedBooter.java:290) [surefire-booter-2.19.1.jar:2.19.1]
	at org.apache.maven.surefire.booter.ForkedBooter.runSuitesInProcess(ForkedBooter.java:242) [surefire-booter-2.19.1.jar:2.19.1]
	at org.apache.maven.surefire.booter.ForkedBooter.main(ForkedBooter.java:121) [surefire-booter-2.19.1.jar:2.19.1]
]]></system-out>
  </testcase>
  <testcase name="shouldSkipNonListedEntitiesWhenDeletingInBatch" classname="com.nurkiewicz.jdbcrepository.postgresql.JdbcRepositoryManualKeyPostgresqlTest" time="0">
    <skipped/>
    <system-out><![CDATA[22:42:08:761 | ERROR | main | o.s.t.c.t.TransactionalTestExecutionListener | Exception encountered while executing @BeforeTransaction methods for test context [DefaultTestContext@7a7ae0e1 testClass = JdbcRepositoryManualKeyPostgresqlTest, testInstance = com.nurkiewicz.jdbcrepository.postgresql.JdbcRepositoryManualKeyPostgresqlTest@18f28f20, testMethod = shouldSkipNonListedEntitiesWhenDeletingInBatch@JdbcRepositoryManualKeyTest, testException = [null], mergedContextConfiguration = [MergedContextConfiguration@5f9b21a1 testClass = JdbcRepositoryManualKeyPostgresqlTest, locations = '{}', classes = '{class com.nurkiewicz.jdbcrepository.postgresql.JdbcRepositoryTestPostgresqlConfig}', contextInitializerClasses = '[]', activeProfiles = '{}', propertySourceLocations = '{}', propertySourceProperties = '{}', contextLoader = 'org.springframework.test.context.support.AnnotationConfigContextLoader', parent = [null]]].
java.net.ConnectException: Connection refused (Connection refused)
	at java.net.PlainSocketImpl.socketConnect(Native Method) ~[na:1.8.0_262]
	at java.net.AbstractPlainSocketImpl.doConnect(AbstractPlainSocketImpl.java:350) ~[na:1.8.0_262]
	at java.net.AbstractPlainSocketImpl.connectToAddress(AbstractPlainSocketImpl.java:206) ~[na:1.8.0_262]
	at java.net.AbstractPlainSocketImpl.connect(AbstractPlainSocketImpl.java:188) ~[na:1.8.0_262]
	at java.net.SocksSocketImpl.connect(SocksSocketImpl.java:392) ~[na:1.8.0_262]
	at java.net.Socket.connect(Socket.java:607) ~[na:1.8.0_262]
	at java.net.Socket.connect(Socket.java:556) ~[na:1.8.0_262]
	at com.nurkiewicz.jdbcrepository.AbstractIntegrationTest.ignoreIfDatabaseNotAvailable(AbstractIntegrationTest.java:36) ~[test-classes/:na]
	... 28 common frames omitted
Wrapped by: org.junit.internal.AssumptionViolatedException: got: <java.net.ConnectException: Connection refused (Connection refused)>, expected: null
	at org.junit.Assume.assumeThat(Assume.java:95) ~[junit-4.11.jar:na]
	at org.junit.Assume.assumeNoException(Assume.java:142) ~[junit-4.11.jar:na]
	at com.nurkiewicz.jdbcrepository.AbstractIntegrationTest.ignoreIfDatabaseNotAvailable(AbstractIntegrationTest.java:39) ~[test-classes/:na]
	at sun.reflect.GeneratedMethodAccessor21.invoke(Unknown Source) ~[na:na]
	at sun.reflect.DelegatingMethodAccessorImpl.invoke(DelegatingMethodAccessorImpl.java:43) ~[na:1.8.0_262]
	at java.lang.reflect.Method.invoke(Method.java:498) ~[na:1.8.0_262]
	at org.springframework.test.context.transaction.TransactionalTestExecutionListener.runBeforeTransactionMethods(TransactionalTestExecutionListener.java:248) [spring-test-4.1.1.RELEASE.jar:4.1.1.RELEASE]
	at org.springframework.test.context.transaction.TransactionalTestExecutionListener.beforeTestMethod(TransactionalTestExecutionListener.java:198) [spring-test-4.1.1.RELEASE.jar:4.1.1.RELEASE]
	at org.springframework.test.context.TestContextManager.beforeTestMethod(TestContextManager.java:249) [spring-test-4.1.1.RELEASE.jar:4.1.1.RELEASE]
	at org.springframework.test.context.junit4.statements.RunBeforeTestMethodCallbacks.evaluate(RunBeforeTestMethodCallbacks.java:71) [spring-test-4.1.1.RELEASE.jar:4.1.1.RELEASE]
	at org.springframework.test.context.junit4.statements.RunAfterTestMethodCallbacks.evaluate(RunAfterTestMethodCallbacks.java:81) [spring-test-4.1.1.RELEASE.jar:4.1.1.RELEASE]
	at org.springframework.test.context.junit4.statements.SpringRepeat.evaluate(SpringRepeat.java:72) [spring-test-4.1.1.RELEASE.jar:4.1.1.RELEASE]
	at org.junit.runners.ParentRunner.runLeaf(ParentRunner.java:271) [junit-4.11.jar:na]
	at org.springframework.test.context.junit4.SpringJUnit4ClassRunner.runChild(SpringJUnit4ClassRunner.java:216) [spring-test-4.1.1.RELEASE.jar:4.1.1.RELEASE]
	at org.springframework.test.context.junit4.SpringJUnit4ClassRunner.runChild(SpringJUnit4ClassRunner.java:82) [spring-test-4.1.1.RELEASE.jar:4.1.1.RELEASE]
	at org.junit.runners.ParentRunner$3.run(ParentRunner.java:238) [junit-4.11.jar:na]
	at org.junit.runners.ParentRunner$1.schedule(ParentRunner.java:63) [junit-4.11.jar:na]
	at org.junit.runners.ParentRunner.runChildren(ParentRunner.java:236) [junit-4.11.jar:na]
	at org.junit.runners.ParentRunner.access$000(ParentRunner.java:53) [junit-4.11.jar:na]
	at org.junit.runners.ParentRunner$2.evaluate(ParentRunner.java:229) [junit-4.11.jar:na]
	at org.springframework.test.context.junit4.statements.RunBeforeTestClassCallbacks.evaluate(RunBeforeTestClassCallbacks.java:60) [spring-test-4.1.1.RELEASE.jar:4.1.1.RELEASE]
	at org.springframework.test.context.junit4.statements.RunAfterTestClassCallbacks.evaluate(RunAfterTestClassCallbacks.java:67) [spring-test-4.1.1.RELEASE.jar:4.1.1.RELEASE]
	at org.junit.runners.ParentRunner.run(ParentRunner.java:309) [junit-4.11.jar:na]
	at org.springframework.test.context.junit4.SpringJUnit4ClassRunner.run(SpringJUnit4ClassRunner.java:162) [spring-test-4.1.1.RELEASE.jar:4.1.1.RELEASE]
	at org.apache.maven.surefire.junit4.JUnit4Provider.execute(JUnit4Provider.java:367) [surefire-junit4-2.19.1.jar:2.19.1]
	at org.apache.maven.surefire.junit4.JUnit4Provider.executeWithRerun(JUnit4Provider.java:274) [surefire-junit4-2.19.1.jar:2.19.1]
	at org.apache.maven.surefire.junit4.JUnit4Provider.executeTestSet(JUnit4Provider.java:238) [surefire-junit4-2.19.1.jar:2.19.1]
	at org.apache.maven.surefire.junit4.JUnit4Provider.invoke(JUnit4Provider.java:161) [surefire-junit4-2.19.1.jar:2.19.1]
	at org.apache.maven.surefire.booter.ForkedBooter.invokeProviderInSameClassLoader(ForkedBooter.java:290) [surefire-booter-2.19.1.jar:2.19.1]
	at org.apache.maven.surefire.booter.ForkedBooter.runSuitesInProcess(ForkedBooter.java:242) [surefire-booter-2.19.1.jar:2.19.1]
	at org.apache.maven.surefire.booter.ForkedBooter.main(ForkedBooter.java:121) [surefire-booter-2.19.1.jar:2.19.1]
22:42:08:763 | WARN  | main | o.s.t.c.TestContextManager | Caught exception while allowing TestExecutionListener [org.springframework.test.context.transaction.TransactionalTestExecutionListener@47742aae] to process 'before' execution of test method [public void com.nurkiewicz.jdbcrepository.JdbcRepositoryManualKeyTest.shouldSkipNonListedEntitiesWhenDeletingInBatch() throws java.lang.Exception] for test instance [com.nurkiewicz.jdbcrepository.postgresql.JdbcRepositoryManualKeyPostgresqlTest@18f28f20]
java.net.ConnectException: Connection refused (Connection refused)
	at java.net.PlainSocketImpl.socketConnect(Native Method) ~[na:1.8.0_262]
	at java.net.AbstractPlainSocketImpl.doConnect(AbstractPlainSocketImpl.java:350) ~[na:1.8.0_262]
	at java.net.AbstractPlainSocketImpl.connectToAddress(AbstractPlainSocketImpl.java:206) ~[na:1.8.0_262]
	at java.net.AbstractPlainSocketImpl.connect(AbstractPlainSocketImpl.java:188) ~[na:1.8.0_262]
	at java.net.SocksSocketImpl.connect(SocksSocketImpl.java:392) ~[na:1.8.0_262]
	at java.net.Socket.connect(Socket.java:607) ~[na:1.8.0_262]
	at java.net.Socket.connect(Socket.java:556) ~[na:1.8.0_262]
	at com.nurkiewicz.jdbcrepository.AbstractIntegrationTest.ignoreIfDatabaseNotAvailable(AbstractIntegrationTest.java:36) ~[test-classes/:na]
	... 28 common frames omitted
Wrapped by: org.junit.internal.AssumptionViolatedException: got: <java.net.ConnectException: Connection refused (Connection refused)>, expected: null
	at org.junit.Assume.assumeThat(Assume.java:95) ~[junit-4.11.jar:na]
	at org.junit.Assume.assumeNoException(Assume.java:142) ~[junit-4.11.jar:na]
	at com.nurkiewicz.jdbcrepository.AbstractIntegrationTest.ignoreIfDatabaseNotAvailable(AbstractIntegrationTest.java:39) ~[test-classes/:na]
	at sun.reflect.GeneratedMethodAccessor21.invoke(Unknown Source) ~[na:na]
	at sun.reflect.DelegatingMethodAccessorImpl.invoke(DelegatingMethodAccessorImpl.java:43) ~[na:1.8.0_262]
	at java.lang.reflect.Method.invoke(Method.java:498) ~[na:1.8.0_262]
	at org.springframework.test.context.transaction.TransactionalTestExecutionListener.runBeforeTransactionMethods(TransactionalTestExecutionListener.java:248) ~[spring-test-4.1.1.RELEASE.jar:4.1.1.RELEASE]
	at org.springframework.test.context.transaction.TransactionalTestExecutionListener.beforeTestMethod(TransactionalTestExecutionListener.java:198) ~[spring-test-4.1.1.RELEASE.jar:4.1.1.RELEASE]
	at org.springframework.test.context.TestContextManager.beforeTestMethod(TestContextManager.java:249) ~[spring-test-4.1.1.RELEASE.jar:4.1.1.RELEASE]
	at org.springframework.test.context.junit4.statements.RunBeforeTestMethodCallbacks.evaluate(RunBeforeTestMethodCallbacks.java:71) [spring-test-4.1.1.RELEASE.jar:4.1.1.RELEASE]
	at org.springframework.test.context.junit4.statements.RunAfterTestMethodCallbacks.evaluate(RunAfterTestMethodCallbacks.java:81) [spring-test-4.1.1.RELEASE.jar:4.1.1.RELEASE]
	at org.springframework.test.context.junit4.statements.SpringRepeat.evaluate(SpringRepeat.java:72) [spring-test-4.1.1.RELEASE.jar:4.1.1.RELEASE]
	at org.junit.runners.ParentRunner.runLeaf(ParentRunner.java:271) [junit-4.11.jar:na]
	at org.springframework.test.context.junit4.SpringJUnit4ClassRunner.runChild(SpringJUnit4ClassRunner.java:216) [spring-test-4.1.1.RELEASE.jar:4.1.1.RELEASE]
	at org.springframework.test.context.junit4.SpringJUnit4ClassRunner.runChild(SpringJUnit4ClassRunner.java:82) [spring-test-4.1.1.RELEASE.jar:4.1.1.RELEASE]
	at org.junit.runners.ParentRunner$3.run(ParentRunner.java:238) [junit-4.11.jar:na]
	at org.junit.runners.ParentRunner$1.schedule(ParentRunner.java:63) [junit-4.11.jar:na]
	at org.junit.runners.ParentRunner.runChildren(ParentRunner.java:236) [junit-4.11.jar:na]
	at org.junit.runners.ParentRunner.access$000(ParentRunner.java:53) [junit-4.11.jar:na]
	at org.junit.runners.ParentRunner$2.evaluate(ParentRunner.java:229) [junit-4.11.jar:na]
	at org.springframework.test.context.junit4.statements.RunBeforeTestClassCallbacks.evaluate(RunBeforeTestClassCallbacks.java:60) [spring-test-4.1.1.RELEASE.jar:4.1.1.RELEASE]
	at org.springframework.test.context.junit4.statements.RunAfterTestClassCallbacks.evaluate(RunAfterTestClassCallbacks.java:67) [spring-test-4.1.1.RELEASE.jar:4.1.1.RELEASE]
	at org.junit.runners.ParentRunner.run(ParentRunner.java:309) [junit-4.11.jar:na]
	at org.springframework.test.context.junit4.SpringJUnit4ClassRunner.run(SpringJUnit4ClassRunner.java:162) [spring-test-4.1.1.RELEASE.jar:4.1.1.RELEASE]
	at org.apache.maven.surefire.junit4.JUnit4Provider.execute(JUnit4Provider.java:367) [surefire-junit4-2.19.1.jar:2.19.1]
	at org.apache.maven.surefire.junit4.JUnit4Provider.executeWithRerun(JUnit4Provider.java:274) [surefire-junit4-2.19.1.jar:2.19.1]
	at org.apache.maven.surefire.junit4.JUnit4Provider.executeTestSet(JUnit4Provider.java:238) [surefire-junit4-2.19.1.jar:2.19.1]
	at org.apache.maven.surefire.junit4.JUnit4Provider.invoke(JUnit4Provider.java:161) [surefire-junit4-2.19.1.jar:2.19.1]
	at org.apache.maven.surefire.booter.ForkedBooter.invokeProviderInSameClassLoader(ForkedBooter.java:290) [surefire-booter-2.19.1.jar:2.19.1]
	at org.apache.maven.surefire.booter.ForkedBooter.runSuitesInProcess(ForkedBooter.java:242) [surefire-booter-2.19.1.jar:2.19.1]
	at org.apache.maven.surefire.booter.ForkedBooter.main(ForkedBooter.java:121) [surefire-booter-2.19.1.jar:2.19.1]
]]></system-out>
  </testcase>
  <testcase name="shouldUpdatePreviouslySavedRecord" classname="com.nurkiewicz.jdbcrepository.postgresql.JdbcRepositoryManualKeyPostgresqlTest" time="0">
    <skipped/>
    <system-out><![CDATA[22:42:08:767 | ERROR | main | o.s.t.c.t.TransactionalTestExecutionListener | Exception encountered while executing @BeforeTransaction methods for test context [DefaultTestContext@7a7ae0e1 testClass = JdbcRepositoryManualKeyPostgresqlTest, testInstance = com.nurkiewicz.jdbcrepository.postgresql.JdbcRepositoryManualKeyPostgresqlTest@7370f35b, testMethod = shouldUpdatePreviouslySavedRecord@JdbcRepositoryManualKeyTest, testException = [null], mergedContextConfiguration = [MergedContextConfiguration@5f9b21a1 testClass = JdbcRepositoryManualKeyPostgresqlTest, locations = '{}', classes = '{class com.nurkiewicz.jdbcrepository.postgresql.JdbcRepositoryTestPostgresqlConfig}', contextInitializerClasses = '[]', activeProfiles = '{}', propertySourceLocations = '{}', propertySourceProperties = '{}', contextLoader = 'org.springframework.test.context.support.AnnotationConfigContextLoader', parent = [null]]].
java.net.ConnectException: Connection refused (Connection refused)
	at java.net.PlainSocketImpl.socketConnect(Native Method) ~[na:1.8.0_262]
	at java.net.AbstractPlainSocketImpl.doConnect(AbstractPlainSocketImpl.java:350) ~[na:1.8.0_262]
	at java.net.AbstractPlainSocketImpl.connectToAddress(AbstractPlainSocketImpl.java:206) ~[na:1.8.0_262]
	at java.net.AbstractPlainSocketImpl.connect(AbstractPlainSocketImpl.java:188) ~[na:1.8.0_262]
	at java.net.SocksSocketImpl.connect(SocksSocketImpl.java:392) ~[na:1.8.0_262]
	at java.net.Socket.connect(Socket.java:607) ~[na:1.8.0_262]
	at java.net.Socket.connect(Socket.java:556) ~[na:1.8.0_262]
	at com.nurkiewicz.jdbcrepository.AbstractIntegrationTest.ignoreIfDatabaseNotAvailable(AbstractIntegrationTest.java:36) ~[test-classes/:na]
	... 28 common frames omitted
Wrapped by: org.junit.internal.AssumptionViolatedException: got: <java.net.ConnectException: Connection refused (Connection refused)>, expected: null
	at org.junit.Assume.assumeThat(Assume.java:95) ~[junit-4.11.jar:na]
	at org.junit.Assume.assumeNoException(Assume.java:142) ~[junit-4.11.jar:na]
	at com.nurkiewicz.jdbcrepository.AbstractIntegrationTest.ignoreIfDatabaseNotAvailable(AbstractIntegrationTest.java:39) ~[test-classes/:na]
	at sun.reflect.GeneratedMethodAccessor21.invoke(Unknown Source) ~[na:na]
	at sun.reflect.DelegatingMethodAccessorImpl.invoke(DelegatingMethodAccessorImpl.java:43) ~[na:1.8.0_262]
	at java.lang.reflect.Method.invoke(Method.java:498) ~[na:1.8.0_262]
	at org.springframework.test.context.transaction.TransactionalTestExecutionListener.runBeforeTransactionMethods(TransactionalTestExecutionListener.java:248) [spring-test-4.1.1.RELEASE.jar:4.1.1.RELEASE]
	at org.springframework.test.context.transaction.TransactionalTestExecutionListener.beforeTestMethod(TransactionalTestExecutionListener.java:198) [spring-test-4.1.1.RELEASE.jar:4.1.1.RELEASE]
	at org.springframework.test.context.TestContextManager.beforeTestMethod(TestContextManager.java:249) [spring-test-4.1.1.RELEASE.jar:4.1.1.RELEASE]
	at org.springframework.test.context.junit4.statements.RunBeforeTestMethodCallbacks.evaluate(RunBeforeTestMethodCallbacks.java:71) [spring-test-4.1.1.RELEASE.jar:4.1.1.RELEASE]
	at org.springframework.test.context.junit4.statements.RunAfterTestMethodCallbacks.evaluate(RunAfterTestMethodCallbacks.java:81) [spring-test-4.1.1.RELEASE.jar:4.1.1.RELEASE]
	at org.springframework.test.context.junit4.statements.SpringRepeat.evaluate(SpringRepeat.java:72) [spring-test-4.1.1.RELEASE.jar:4.1.1.RELEASE]
	at org.junit.runners.ParentRunner.runLeaf(ParentRunner.java:271) [junit-4.11.jar:na]
	at org.springframework.test.context.junit4.SpringJUnit4ClassRunner.runChild(SpringJUnit4ClassRunner.java:216) [spring-test-4.1.1.RELEASE.jar:4.1.1.RELEASE]
	at org.springframework.test.context.junit4.SpringJUnit4ClassRunner.runChild(SpringJUnit4ClassRunner.java:82) [spring-test-4.1.1.RELEASE.jar:4.1.1.RELEASE]
	at org.junit.runners.ParentRunner$3.run(ParentRunner.java:238) [junit-4.11.jar:na]
	at org.junit.runners.ParentRunner$1.schedule(ParentRunner.java:63) [junit-4.11.jar:na]
	at org.junit.runners.ParentRunner.runChildren(ParentRunner.java:236) [junit-4.11.jar:na]
	at org.junit.runners.ParentRunner.access$000(ParentRunner.java:53) [junit-4.11.jar:na]
	at org.junit.runners.ParentRunner$2.evaluate(ParentRunner.java:229) [junit-4.11.jar:na]
	at org.springframework.test.context.junit4.statements.RunBeforeTestClassCallbacks.evaluate(RunBeforeTestClassCallbacks.java:60) [spring-test-4.1.1.RELEASE.jar:4.1.1.RELEASE]
	at org.springframework.test.context.junit4.statements.RunAfterTestClassCallbacks.evaluate(RunAfterTestClassCallbacks.java:67) [spring-test-4.1.1.RELEASE.jar:4.1.1.RELEASE]
	at org.junit.runners.ParentRunner.run(ParentRunner.java:309) [junit-4.11.jar:na]
	at org.springframework.test.context.junit4.SpringJUnit4ClassRunner.run(SpringJUnit4ClassRunner.java:162) [spring-test-4.1.1.RELEASE.jar:4.1.1.RELEASE]
	at org.apache.maven.surefire.junit4.JUnit4Provider.execute(JUnit4Provider.java:367) [surefire-junit4-2.19.1.jar:2.19.1]
	at org.apache.maven.surefire.junit4.JUnit4Provider.executeWithRerun(JUnit4Provider.java:274) [surefire-junit4-2.19.1.jar:2.19.1]
	at org.apache.maven.surefire.junit4.JUnit4Provider.executeTestSet(JUnit4Provider.java:238) [surefire-junit4-2.19.1.jar:2.19.1]
	at org.apache.maven.surefire.junit4.JUnit4Provider.invoke(JUnit4Provider.java:161) [surefire-junit4-2.19.1.jar:2.19.1]
	at org.apache.maven.surefire.booter.ForkedBooter.invokeProviderInSameClassLoader(ForkedBooter.java:290) [surefire-booter-2.19.1.jar:2.19.1]
	at org.apache.maven.surefire.booter.ForkedBooter.runSuitesInProcess(ForkedBooter.java:242) [surefire-booter-2.19.1.jar:2.19.1]
	at org.apache.maven.surefire.booter.ForkedBooter.main(ForkedBooter.java:121) [surefire-booter-2.19.1.jar:2.19.1]
22:42:08:768 | WARN  | main | o.s.t.c.TestContextManager | Caught exception while allowing TestExecutionListener [org.springframework.test.context.transaction.TransactionalTestExecutionListener@47742aae] to process 'before' execution of test method [public void com.nurkiewicz.jdbcrepository.JdbcRepositoryManualKeyTest.shouldUpdatePreviouslySavedRecord() throws java.lang.Exception] for test instance [com.nurkiewicz.jdbcrepository.postgresql.JdbcRepositoryManualKeyPostgresqlTest@7370f35b]
java.net.ConnectException: Connection refused (Connection refused)
	at java.net.PlainSocketImpl.socketConnect(Native Method) ~[na:1.8.0_262]
	at java.net.AbstractPlainSocketImpl.doConnect(AbstractPlainSocketImpl.java:350) ~[na:1.8.0_262]
	at java.net.AbstractPlainSocketImpl.connectToAddress(AbstractPlainSocketImpl.java:206) ~[na:1.8.0_262]
	at java.net.AbstractPlainSocketImpl.connect(AbstractPlainSocketImpl.java:188) ~[na:1.8.0_262]
	at java.net.SocksSocketImpl.connect(SocksSocketImpl.java:392) ~[na:1.8.0_262]
	at java.net.Socket.connect(Socket.java:607) ~[na:1.8.0_262]
	at java.net.Socket.connect(Socket.java:556) ~[na:1.8.0_262]
	at com.nurkiewicz.jdbcrepository.AbstractIntegrationTest.ignoreIfDatabaseNotAvailable(AbstractIntegrationTest.java:36) ~[test-classes/:na]
	... 28 common frames omitted
Wrapped by: org.junit.internal.AssumptionViolatedException: got: <java.net.ConnectException: Connection refused (Connection refused)>, expected: null
	at org.junit.Assume.assumeThat(Assume.java:95) ~[junit-4.11.jar:na]
	at org.junit.Assume.assumeNoException(Assume.java:142) ~[junit-4.11.jar:na]
	at com.nurkiewicz.jdbcrepository.AbstractIntegrationTest.ignoreIfDatabaseNotAvailable(AbstractIntegrationTest.java:39) ~[test-classes/:na]
	at sun.reflect.GeneratedMethodAccessor21.invoke(Unknown Source) ~[na:na]
	at sun.reflect.DelegatingMethodAccessorImpl.invoke(DelegatingMethodAccessorImpl.java:43) ~[na:1.8.0_262]
	at java.lang.reflect.Method.invoke(Method.java:498) ~[na:1.8.0_262]
	at org.springframework.test.context.transaction.TransactionalTestExecutionListener.runBeforeTransactionMethods(TransactionalTestExecutionListener.java:248) ~[spring-test-4.1.1.RELEASE.jar:4.1.1.RELEASE]
	at org.springframework.test.context.transaction.TransactionalTestExecutionListener.beforeTestMethod(TransactionalTestExecutionListener.java:198) ~[spring-test-4.1.1.RELEASE.jar:4.1.1.RELEASE]
	at org.springframework.test.context.TestContextManager.beforeTestMethod(TestContextManager.java:249) ~[spring-test-4.1.1.RELEASE.jar:4.1.1.RELEASE]
	at org.springframework.test.context.junit4.statements.RunBeforeTestMethodCallbacks.evaluate(RunBeforeTestMethodCallbacks.java:71) [spring-test-4.1.1.RELEASE.jar:4.1.1.RELEASE]
	at org.springframework.test.context.junit4.statements.RunAfterTestMethodCallbacks.evaluate(RunAfterTestMethodCallbacks.java:81) [spring-test-4.1.1.RELEASE.jar:4.1.1.RELEASE]
	at org.springframework.test.context.junit4.statements.SpringRepeat.evaluate(SpringRepeat.java:72) [spring-test-4.1.1.RELEASE.jar:4.1.1.RELEASE]
	at org.junit.runners.ParentRunner.runLeaf(ParentRunner.java:271) [junit-4.11.jar:na]
	at org.springframework.test.context.junit4.SpringJUnit4ClassRunner.runChild(SpringJUnit4ClassRunner.java:216) [spring-test-4.1.1.RELEASE.jar:4.1.1.RELEASE]
	at org.springframework.test.context.junit4.SpringJUnit4ClassRunner.runChild(SpringJUnit4ClassRunner.java:82) [spring-test-4.1.1.RELEASE.jar:4.1.1.RELEASE]
	at org.junit.runners.ParentRunner$3.run(ParentRunner.java:238) [junit-4.11.jar:na]
	at org.junit.runners.ParentRunner$1.schedule(ParentRunner.java:63) [junit-4.11.jar:na]
	at org.junit.runners.ParentRunner.runChildren(ParentRunner.java:236) [junit-4.11.jar:na]
	at org.junit.runners.ParentRunner.access$000(ParentRunner.java:53) [junit-4.11.jar:na]
	at org.junit.runners.ParentRunner$2.evaluate(ParentRunner.java:229) [junit-4.11.jar:na]
	at org.springframework.test.context.junit4.statements.RunBeforeTestClassCallbacks.evaluate(RunBeforeTestClassCallbacks.java:60) [spring-test-4.1.1.RELEASE.jar:4.1.1.RELEASE]
	at org.springframework.test.context.junit4.statements.RunAfterTestClassCallbacks.evaluate(RunAfterTestClassCallbacks.java:67) [spring-test-4.1.1.RELEASE.jar:4.1.1.RELEASE]
	at org.junit.runners.ParentRunner.run(ParentRunner.java:309) [junit-4.11.jar:na]
	at org.springframework.test.context.junit4.SpringJUnit4ClassRunner.run(SpringJUnit4ClassRunner.java:162) [spring-test-4.1.1.RELEASE.jar:4.1.1.RELEASE]
	at org.apache.maven.surefire.junit4.JUnit4Provider.execute(JUnit4Provider.java:367) [surefire-junit4-2.19.1.jar:2.19.1]
	at org.apache.maven.surefire.junit4.JUnit4Provider.executeWithRerun(JUnit4Provider.java:274) [surefire-junit4-2.19.1.jar:2.19.1]
	at org.apache.maven.surefire.junit4.JUnit4Provider.executeTestSet(JUnit4Provider.java:238) [surefire-junit4-2.19.1.jar:2.19.1]
	at org.apache.maven.surefire.junit4.JUnit4Provider.invoke(JUnit4Provider.java:161) [surefire-junit4-2.19.1.jar:2.19.1]
	at org.apache.maven.surefire.booter.ForkedBooter.invokeProviderInSameClassLoader(ForkedBooter.java:290) [surefire-booter-2.19.1.jar:2.19.1]
	at org.apache.maven.surefire.booter.ForkedBooter.runSuitesInProcess(ForkedBooter.java:242) [surefire-booter-2.19.1.jar:2.19.1]
	at org.apache.maven.surefire.booter.ForkedBooter.main(ForkedBooter.java:121) [surefire-booter-2.19.1.jar:2.19.1]
]]></system-out>
  </testcase>
  <testcase name="shouldReturnSingleRecordWhenFindAllWithoutPagingButWithSorting" classname="com.nurkiewicz.jdbcrepository.postgresql.JdbcRepositoryManualKeyPostgresqlTest" time="0">
    <skipped/>
    <system-out><![CDATA[22:42:08:776 | ERROR | main | o.s.t.c.t.TransactionalTestExecutionListener | Exception encountered while executing @BeforeTransaction methods for test context [DefaultTestContext@7a7ae0e1 testClass = JdbcRepositoryManualKeyPostgresqlTest, testInstance = com.nurkiewicz.jdbcrepository.postgresql.JdbcRepositoryManualKeyPostgresqlTest@61a72b91, testMethod = shouldReturnSingleRecordWhenFindAllWithoutPagingButWithSorting@JdbcRepositoryManualKeyTest, testException = [null], mergedContextConfiguration = [MergedContextConfiguration@5f9b21a1 testClass = JdbcRepositoryManualKeyPostgresqlTest, locations = '{}', classes = '{class com.nurkiewicz.jdbcrepository.postgresql.JdbcRepositoryTestPostgresqlConfig}', contextInitializerClasses = '[]', activeProfiles = '{}', propertySourceLocations = '{}', propertySourceProperties = '{}', contextLoader = 'org.springframework.test.context.support.AnnotationConfigContextLoader', parent = [null]]].
java.net.ConnectException: Connection refused (Connection refused)
	at java.net.PlainSocketImpl.socketConnect(Native Method) ~[na:1.8.0_262]
	at java.net.AbstractPlainSocketImpl.doConnect(AbstractPlainSocketImpl.java:350) ~[na:1.8.0_262]
	at java.net.AbstractPlainSocketImpl.connectToAddress(AbstractPlainSocketImpl.java:206) ~[na:1.8.0_262]
	at java.net.AbstractPlainSocketImpl.connect(AbstractPlainSocketImpl.java:188) ~[na:1.8.0_262]
	at java.net.SocksSocketImpl.connect(SocksSocketImpl.java:392) ~[na:1.8.0_262]
	at java.net.Socket.connect(Socket.java:607) ~[na:1.8.0_262]
	at java.net.Socket.connect(Socket.java:556) ~[na:1.8.0_262]
	at com.nurkiewicz.jdbcrepository.AbstractIntegrationTest.ignoreIfDatabaseNotAvailable(AbstractIntegrationTest.java:36) ~[test-classes/:na]
	... 28 common frames omitted
Wrapped by: org.junit.internal.AssumptionViolatedException: got: <java.net.ConnectException: Connection refused (Connection refused)>, expected: null
	at org.junit.Assume.assumeThat(Assume.java:95) ~[junit-4.11.jar:na]
	at org.junit.Assume.assumeNoException(Assume.java:142) ~[junit-4.11.jar:na]
	at com.nurkiewicz.jdbcrepository.AbstractIntegrationTest.ignoreIfDatabaseNotAvailable(AbstractIntegrationTest.java:39) ~[test-classes/:na]
	at sun.reflect.GeneratedMethodAccessor21.invoke(Unknown Source) ~[na:na]
	at sun.reflect.DelegatingMethodAccessorImpl.invoke(DelegatingMethodAccessorImpl.java:43) ~[na:1.8.0_262]
	at java.lang.reflect.Method.invoke(Method.java:498) ~[na:1.8.0_262]
	at org.springframework.test.context.transaction.TransactionalTestExecutionListener.runBeforeTransactionMethods(TransactionalTestExecutionListener.java:248) [spring-test-4.1.1.RELEASE.jar:4.1.1.RELEASE]
	at org.springframework.test.context.transaction.TransactionalTestExecutionListener.beforeTestMethod(TransactionalTestExecutionListener.java:198) [spring-test-4.1.1.RELEASE.jar:4.1.1.RELEASE]
	at org.springframework.test.context.TestContextManager.beforeTestMethod(TestContextManager.java:249) [spring-test-4.1.1.RELEASE.jar:4.1.1.RELEASE]
	at org.springframework.test.context.junit4.statements.RunBeforeTestMethodCallbacks.evaluate(RunBeforeTestMethodCallbacks.java:71) [spring-test-4.1.1.RELEASE.jar:4.1.1.RELEASE]
	at org.springframework.test.context.junit4.statements.RunAfterTestMethodCallbacks.evaluate(RunAfterTestMethodCallbacks.java:81) [spring-test-4.1.1.RELEASE.jar:4.1.1.RELEASE]
	at org.springframework.test.context.junit4.statements.SpringRepeat.evaluate(SpringRepeat.java:72) [spring-test-4.1.1.RELEASE.jar:4.1.1.RELEASE]
	at org.junit.runners.ParentRunner.runLeaf(ParentRunner.java:271) [junit-4.11.jar:na]
	at org.springframework.test.context.junit4.SpringJUnit4ClassRunner.runChild(SpringJUnit4ClassRunner.java:216) [spring-test-4.1.1.RELEASE.jar:4.1.1.RELEASE]
	at org.springframework.test.context.junit4.SpringJUnit4ClassRunner.runChild(SpringJUnit4ClassRunner.java:82) [spring-test-4.1.1.RELEASE.jar:4.1.1.RELEASE]
	at org.junit.runners.ParentRunner$3.run(ParentRunner.java:238) [junit-4.11.jar:na]
	at org.junit.runners.ParentRunner$1.schedule(ParentRunner.java:63) [junit-4.11.jar:na]
	at org.junit.runners.ParentRunner.runChildren(ParentRunner.java:236) [junit-4.11.jar:na]
	at org.junit.runners.ParentRunner.access$000(ParentRunner.java:53) [junit-4.11.jar:na]
	at org.junit.runners.ParentRunner$2.evaluate(ParentRunner.java:229) [junit-4.11.jar:na]
	at org.springframework.test.context.junit4.statements.RunBeforeTestClassCallbacks.evaluate(RunBeforeTestClassCallbacks.java:60) [spring-test-4.1.1.RELEASE.jar:4.1.1.RELEASE]
	at org.springframework.test.context.junit4.statements.RunAfterTestClassCallbacks.evaluate(RunAfterTestClassCallbacks.java:67) [spring-test-4.1.1.RELEASE.jar:4.1.1.RELEASE]
	at org.junit.runners.ParentRunner.run(ParentRunner.java:309) [junit-4.11.jar:na]
	at org.springframework.test.context.junit4.SpringJUnit4ClassRunner.run(SpringJUnit4ClassRunner.java:162) [spring-test-4.1.1.RELEASE.jar:4.1.1.RELEASE]
	at org.apache.maven.surefire.junit4.JUnit4Provider.execute(JUnit4Provider.java:367) [surefire-junit4-2.19.1.jar:2.19.1]
	at org.apache.maven.surefire.junit4.JUnit4Provider.executeWithRerun(JUnit4Provider.java:274) [surefire-junit4-2.19.1.jar:2.19.1]
	at org.apache.maven.surefire.junit4.JUnit4Provider.executeTestSet(JUnit4Provider.java:238) [surefire-junit4-2.19.1.jar:2.19.1]
	at org.apache.maven.surefire.junit4.JUnit4Provider.invoke(JUnit4Provider.java:161) [surefire-junit4-2.19.1.jar:2.19.1]
	at org.apache.maven.surefire.booter.ForkedBooter.invokeProviderInSameClassLoader(ForkedBooter.java:290) [surefire-booter-2.19.1.jar:2.19.1]
	at org.apache.maven.surefire.booter.ForkedBooter.runSuitesInProcess(ForkedBooter.java:242) [surefire-booter-2.19.1.jar:2.19.1]
	at org.apache.maven.surefire.booter.ForkedBooter.main(ForkedBooter.java:121) [surefire-booter-2.19.1.jar:2.19.1]
22:42:08:777 | WARN  | main | o.s.t.c.TestContextManager | Caught exception while allowing TestExecutionListener [org.springframework.test.context.transaction.TransactionalTestExecutionListener@47742aae] to process 'before' execution of test method [public void com.nurkiewicz.jdbcrepository.JdbcRepositoryManualKeyTest.shouldReturnSingleRecordWhenFindAllWithoutPagingButWithSorting() throws java.lang.Exception] for test instance [com.nurkiewicz.jdbcrepository.postgresql.JdbcRepositoryManualKeyPostgresqlTest@61a72b91]
java.net.ConnectException: Connection refused (Connection refused)
	at java.net.PlainSocketImpl.socketConnect(Native Method) ~[na:1.8.0_262]
	at java.net.AbstractPlainSocketImpl.doConnect(AbstractPlainSocketImpl.java:350) ~[na:1.8.0_262]
	at java.net.AbstractPlainSocketImpl.connectToAddress(AbstractPlainSocketImpl.java:206) ~[na:1.8.0_262]
	at java.net.AbstractPlainSocketImpl.connect(AbstractPlainSocketImpl.java:188) ~[na:1.8.0_262]
	at java.net.SocksSocketImpl.connect(SocksSocketImpl.java:392) ~[na:1.8.0_262]
	at java.net.Socket.connect(Socket.java:607) ~[na:1.8.0_262]
	at java.net.Socket.connect(Socket.java:556) ~[na:1.8.0_262]
	at com.nurkiewicz.jdbcrepository.AbstractIntegrationTest.ignoreIfDatabaseNotAvailable(AbstractIntegrationTest.java:36) ~[test-classes/:na]
	... 28 common frames omitted
Wrapped by: org.junit.internal.AssumptionViolatedException: got: <java.net.ConnectException: Connection refused (Connection refused)>, expected: null
	at org.junit.Assume.assumeThat(Assume.java:95) ~[junit-4.11.jar:na]
	at org.junit.Assume.assumeNoException(Assume.java:142) ~[junit-4.11.jar:na]
	at com.nurkiewicz.jdbcrepository.AbstractIntegrationTest.ignoreIfDatabaseNotAvailable(AbstractIntegrationTest.java:39) ~[test-classes/:na]
	at sun.reflect.GeneratedMethodAccessor21.invoke(Unknown Source) ~[na:na]
	at sun.reflect.DelegatingMethodAccessorImpl.invoke(DelegatingMethodAccessorImpl.java:43) ~[na:1.8.0_262]
	at java.lang.reflect.Method.invoke(Method.java:498) ~[na:1.8.0_262]
	at org.springframework.test.context.transaction.TransactionalTestExecutionListener.runBeforeTransactionMethods(TransactionalTestExecutionListener.java:248) ~[spring-test-4.1.1.RELEASE.jar:4.1.1.RELEASE]
	at org.springframework.test.context.transaction.TransactionalTestExecutionListener.beforeTestMethod(TransactionalTestExecutionListener.java:198) ~[spring-test-4.1.1.RELEASE.jar:4.1.1.RELEASE]
	at org.springframework.test.context.TestContextManager.beforeTestMethod(TestContextManager.java:249) ~[spring-test-4.1.1.RELEASE.jar:4.1.1.RELEASE]
	at org.springframework.test.context.junit4.statements.RunBeforeTestMethodCallbacks.evaluate(RunBeforeTestMethodCallbacks.java:71) [spring-test-4.1.1.RELEASE.jar:4.1.1.RELEASE]
	at org.springframework.test.context.junit4.statements.RunAfterTestMethodCallbacks.evaluate(RunAfterTestMethodCallbacks.java:81) [spring-test-4.1.1.RELEASE.jar:4.1.1.RELEASE]
	at org.springframework.test.context.junit4.statements.SpringRepeat.evaluate(SpringRepeat.java:72) [spring-test-4.1.1.RELEASE.jar:4.1.1.RELEASE]
	at org.junit.runners.ParentRunner.runLeaf(ParentRunner.java:271) [junit-4.11.jar:na]
	at org.springframework.test.context.junit4.SpringJUnit4ClassRunner.runChild(SpringJUnit4ClassRunner.java:216) [spring-test-4.1.1.RELEASE.jar:4.1.1.RELEASE]
	at org.springframework.test.context.junit4.SpringJUnit4ClassRunner.runChild(SpringJUnit4ClassRunner.java:82) [spring-test-4.1.1.RELEASE.jar:4.1.1.RELEASE]
	at org.junit.runners.ParentRunner$3.run(ParentRunner.java:238) [junit-4.11.jar:na]
	at org.junit.runners.ParentRunner$1.schedule(ParentRunner.java:63) [junit-4.11.jar:na]
	at org.junit.runners.ParentRunner.runChildren(ParentRunner.java:236) [junit-4.11.jar:na]
	at org.junit.runners.ParentRunner.access$000(ParentRunner.java:53) [junit-4.11.jar:na]
	at org.junit.runners.ParentRunner$2.evaluate(ParentRunner.java:229) [junit-4.11.jar:na]
	at org.springframework.test.context.junit4.statements.RunBeforeTestClassCallbacks.evaluate(RunBeforeTestClassCallbacks.java:60) [spring-test-4.1.1.RELEASE.jar:4.1.1.RELEASE]
	at org.springframework.test.context.junit4.statements.RunAfterTestClassCallbacks.evaluate(RunAfterTestClassCallbacks.java:67) [spring-test-4.1.1.RELEASE.jar:4.1.1.RELEASE]
	at org.junit.runners.ParentRunner.run(ParentRunner.java:309) [junit-4.11.jar:na]
	at org.springframework.test.context.junit4.SpringJUnit4ClassRunner.run(SpringJUnit4ClassRunner.java:162) [spring-test-4.1.1.RELEASE.jar:4.1.1.RELEASE]
	at org.apache.maven.surefire.junit4.JUnit4Provider.execute(JUnit4Provider.java:367) [surefire-junit4-2.19.1.jar:2.19.1]
	at org.apache.maven.surefire.junit4.JUnit4Provider.executeWithRerun(JUnit4Provider.java:274) [surefire-junit4-2.19.1.jar:2.19.1]
	at org.apache.maven.surefire.junit4.JUnit4Provider.executeTestSet(JUnit4Provider.java:238) [surefire-junit4-2.19.1.jar:2.19.1]
	at org.apache.maven.surefire.junit4.JUnit4Provider.invoke(JUnit4Provider.java:161) [surefire-junit4-2.19.1.jar:2.19.1]
	at org.apache.maven.surefire.booter.ForkedBooter.invokeProviderInSameClassLoader(ForkedBooter.java:290) [surefire-booter-2.19.1.jar:2.19.1]
	at org.apache.maven.surefire.booter.ForkedBooter.runSuitesInProcess(ForkedBooter.java:242) [surefire-booter-2.19.1.jar:2.19.1]
	at org.apache.maven.surefire.booter.ForkedBooter.main(ForkedBooter.java:121) [surefire-booter-2.19.1.jar:2.19.1]
]]></system-out>
  </testcase>
  <testcase name="shouldReturnListWithOneItemWhenOneRecordInDatabase" classname="com.nurkiewicz.jdbcrepository.postgresql.JdbcRepositoryManualKeyPostgresqlTest" time="0">
    <skipped/>
    <system-out><![CDATA[22:42:08:781 | ERROR | main | o.s.t.c.t.TransactionalTestExecutionListener | Exception encountered while executing @BeforeTransaction methods for test context [DefaultTestContext@7a7ae0e1 testClass = JdbcRepositoryManualKeyPostgresqlTest, testInstance = com.nurkiewicz.jdbcrepository.postgresql.JdbcRepositoryManualKeyPostgresqlTest@9a6c67c, testMethod = shouldReturnListWithOneItemWhenOneRecordInDatabase@JdbcRepositoryManualKeyTest, testException = [null], mergedContextConfiguration = [MergedContextConfiguration@5f9b21a1 testClass = JdbcRepositoryManualKeyPostgresqlTest, locations = '{}', classes = '{class com.nurkiewicz.jdbcrepository.postgresql.JdbcRepositoryTestPostgresqlConfig}', contextInitializerClasses = '[]', activeProfiles = '{}', propertySourceLocations = '{}', propertySourceProperties = '{}', contextLoader = 'org.springframework.test.context.support.AnnotationConfigContextLoader', parent = [null]]].
java.net.ConnectException: Connection refused (Connection refused)
	at java.net.PlainSocketImpl.socketConnect(Native Method) ~[na:1.8.0_262]
	at java.net.AbstractPlainSocketImpl.doConnect(AbstractPlainSocketImpl.java:350) ~[na:1.8.0_262]
	at java.net.AbstractPlainSocketImpl.connectToAddress(AbstractPlainSocketImpl.java:206) ~[na:1.8.0_262]
	at java.net.AbstractPlainSocketImpl.connect(AbstractPlainSocketImpl.java:188) ~[na:1.8.0_262]
	at java.net.SocksSocketImpl.connect(SocksSocketImpl.java:392) ~[na:1.8.0_262]
	at java.net.Socket.connect(Socket.java:607) ~[na:1.8.0_262]
	at java.net.Socket.connect(Socket.java:556) ~[na:1.8.0_262]
	at com.nurkiewicz.jdbcrepository.AbstractIntegrationTest.ignoreIfDatabaseNotAvailable(AbstractIntegrationTest.java:36) ~[test-classes/:na]
	... 28 common frames omitted
Wrapped by: org.junit.internal.AssumptionViolatedException: got: <java.net.ConnectException: Connection refused (Connection refused)>, expected: null
	at org.junit.Assume.assumeThat(Assume.java:95) ~[junit-4.11.jar:na]
	at org.junit.Assume.assumeNoException(Assume.java:142) ~[junit-4.11.jar:na]
	at com.nurkiewicz.jdbcrepository.AbstractIntegrationTest.ignoreIfDatabaseNotAvailable(AbstractIntegrationTest.java:39) ~[test-classes/:na]
	at sun.reflect.GeneratedMethodAccessor21.invoke(Unknown Source) ~[na:na]
	at sun.reflect.DelegatingMethodAccessorImpl.invoke(DelegatingMethodAccessorImpl.java:43) ~[na:1.8.0_262]
	at java.lang.reflect.Method.invoke(Method.java:498) ~[na:1.8.0_262]
	at org.springframework.test.context.transaction.TransactionalTestExecutionListener.runBeforeTransactionMethods(TransactionalTestExecutionListener.java:248) [spring-test-4.1.1.RELEASE.jar:4.1.1.RELEASE]
	at org.springframework.test.context.transaction.TransactionalTestExecutionListener.beforeTestMethod(TransactionalTestExecutionListener.java:198) [spring-test-4.1.1.RELEASE.jar:4.1.1.RELEASE]
	at org.springframework.test.context.TestContextManager.beforeTestMethod(TestContextManager.java:249) [spring-test-4.1.1.RELEASE.jar:4.1.1.RELEASE]
	at org.springframework.test.context.junit4.statements.RunBeforeTestMethodCallbacks.evaluate(RunBeforeTestMethodCallbacks.java:71) [spring-test-4.1.1.RELEASE.jar:4.1.1.RELEASE]
	at org.springframework.test.context.junit4.statements.RunAfterTestMethodCallbacks.evaluate(RunAfterTestMethodCallbacks.java:81) [spring-test-4.1.1.RELEASE.jar:4.1.1.RELEASE]
	at org.springframework.test.context.junit4.statements.SpringRepeat.evaluate(SpringRepeat.java:72) [spring-test-4.1.1.RELEASE.jar:4.1.1.RELEASE]
	at org.junit.runners.ParentRunner.runLeaf(ParentRunner.java:271) [junit-4.11.jar:na]
	at org.springframework.test.context.junit4.SpringJUnit4ClassRunner.runChild(SpringJUnit4ClassRunner.java:216) [spring-test-4.1.1.RELEASE.jar:4.1.1.RELEASE]
	at org.springframework.test.context.junit4.SpringJUnit4ClassRunner.runChild(SpringJUnit4ClassRunner.java:82) [spring-test-4.1.1.RELEASE.jar:4.1.1.RELEASE]
	at org.junit.runners.ParentRunner$3.run(ParentRunner.java:238) [junit-4.11.jar:na]
	at org.junit.runners.ParentRunner$1.schedule(ParentRunner.java:63) [junit-4.11.jar:na]
	at org.junit.runners.ParentRunner.runChildren(ParentRunner.java:236) [junit-4.11.jar:na]
	at org.junit.runners.ParentRunner.access$000(ParentRunner.java:53) [junit-4.11.jar:na]
	at org.junit.runners.ParentRunner$2.evaluate(ParentRunner.java:229) [junit-4.11.jar:na]
	at org.springframework.test.context.junit4.statements.RunBeforeTestClassCallbacks.evaluate(RunBeforeTestClassCallbacks.java:60) [spring-test-4.1.1.RELEASE.jar:4.1.1.RELEASE]
	at org.springframework.test.context.junit4.statements.RunAfterTestClassCallbacks.evaluate(RunAfterTestClassCallbacks.java:67) [spring-test-4.1.1.RELEASE.jar:4.1.1.RELEASE]
	at org.junit.runners.ParentRunner.run(ParentRunner.java:309) [junit-4.11.jar:na]
	at org.springframework.test.context.junit4.SpringJUnit4ClassRunner.run(SpringJUnit4ClassRunner.java:162) [spring-test-4.1.1.RELEASE.jar:4.1.1.RELEASE]
	at org.apache.maven.surefire.junit4.JUnit4Provider.execute(JUnit4Provider.java:367) [surefire-junit4-2.19.1.jar:2.19.1]
	at org.apache.maven.surefire.junit4.JUnit4Provider.executeWithRerun(JUnit4Provider.java:274) [surefire-junit4-2.19.1.jar:2.19.1]
	at org.apache.maven.surefire.junit4.JUnit4Provider.executeTestSet(JUnit4Provider.java:238) [surefire-junit4-2.19.1.jar:2.19.1]
	at org.apache.maven.surefire.junit4.JUnit4Provider.invoke(JUnit4Provider.java:161) [surefire-junit4-2.19.1.jar:2.19.1]
	at org.apache.maven.surefire.booter.ForkedBooter.invokeProviderInSameClassLoader(ForkedBooter.java:290) [surefire-booter-2.19.1.jar:2.19.1]
	at org.apache.maven.surefire.booter.ForkedBooter.runSuitesInProcess(ForkedBooter.java:242) [surefire-booter-2.19.1.jar:2.19.1]
	at org.apache.maven.surefire.booter.ForkedBooter.main(ForkedBooter.java:121) [surefire-booter-2.19.1.jar:2.19.1]
22:42:08:781 | WARN  | main | o.s.t.c.TestContextManager | Caught exception while allowing TestExecutionListener [org.springframework.test.context.transaction.TransactionalTestExecutionListener@47742aae] to process 'before' execution of test method [public void com.nurkiewicz.jdbcrepository.JdbcRepositoryManualKeyTest.shouldReturnListWithOneItemWhenOneRecordInDatabase()] for test instance [com.nurkiewicz.jdbcrepository.postgresql.JdbcRepositoryManualKeyPostgresqlTest@9a6c67c]
java.net.ConnectException: Connection refused (Connection refused)
	at java.net.PlainSocketImpl.socketConnect(Native Method) ~[na:1.8.0_262]
	at java.net.AbstractPlainSocketImpl.doConnect(AbstractPlainSocketImpl.java:350) ~[na:1.8.0_262]
	at java.net.AbstractPlainSocketImpl.connectToAddress(AbstractPlainSocketImpl.java:206) ~[na:1.8.0_262]
	at java.net.AbstractPlainSocketImpl.connect(AbstractPlainSocketImpl.java:188) ~[na:1.8.0_262]
	at java.net.SocksSocketImpl.connect(SocksSocketImpl.java:392) ~[na:1.8.0_262]
	at java.net.Socket.connect(Socket.java:607) ~[na:1.8.0_262]
	at java.net.Socket.connect(Socket.java:556) ~[na:1.8.0_262]
	at com.nurkiewicz.jdbcrepository.AbstractIntegrationTest.ignoreIfDatabaseNotAvailable(AbstractIntegrationTest.java:36) ~[test-classes/:na]
	... 28 common frames omitted
Wrapped by: org.junit.internal.AssumptionViolatedException: got: <java.net.ConnectException: Connection refused (Connection refused)>, expected: null
	at org.junit.Assume.assumeThat(Assume.java:95) ~[junit-4.11.jar:na]
	at org.junit.Assume.assumeNoException(Assume.java:142) ~[junit-4.11.jar:na]
	at com.nurkiewicz.jdbcrepository.AbstractIntegrationTest.ignoreIfDatabaseNotAvailable(AbstractIntegrationTest.java:39) ~[test-classes/:na]
	at sun.reflect.GeneratedMethodAccessor21.invoke(Unknown Source) ~[na:na]
	at sun.reflect.DelegatingMethodAccessorImpl.invoke(DelegatingMethodAccessorImpl.java:43) ~[na:1.8.0_262]
	at java.lang.reflect.Method.invoke(Method.java:498) ~[na:1.8.0_262]
	at org.springframework.test.context.transaction.TransactionalTestExecutionListener.runBeforeTransactionMethods(TransactionalTestExecutionListener.java:248) ~[spring-test-4.1.1.RELEASE.jar:4.1.1.RELEASE]
	at org.springframework.test.context.transaction.TransactionalTestExecutionListener.beforeTestMethod(TransactionalTestExecutionListener.java:198) ~[spring-test-4.1.1.RELEASE.jar:4.1.1.RELEASE]
	at org.springframework.test.context.TestContextManager.beforeTestMethod(TestContextManager.java:249) ~[spring-test-4.1.1.RELEASE.jar:4.1.1.RELEASE]
	at org.springframework.test.context.junit4.statements.RunBeforeTestMethodCallbacks.evaluate(RunBeforeTestMethodCallbacks.java:71) [spring-test-4.1.1.RELEASE.jar:4.1.1.RELEASE]
	at org.springframework.test.context.junit4.statements.RunAfterTestMethodCallbacks.evaluate(RunAfterTestMethodCallbacks.java:81) [spring-test-4.1.1.RELEASE.jar:4.1.1.RELEASE]
	at org.springframework.test.context.junit4.statements.SpringRepeat.evaluate(SpringRepeat.java:72) [spring-test-4.1.1.RELEASE.jar:4.1.1.RELEASE]
	at org.junit.runners.ParentRunner.runLeaf(ParentRunner.java:271) [junit-4.11.jar:na]
	at org.springframework.test.context.junit4.SpringJUnit4ClassRunner.runChild(SpringJUnit4ClassRunner.java:216) [spring-test-4.1.1.RELEASE.jar:4.1.1.RELEASE]
	at org.springframework.test.context.junit4.SpringJUnit4ClassRunner.runChild(SpringJUnit4ClassRunner.java:82) [spring-test-4.1.1.RELEASE.jar:4.1.1.RELEASE]
	at org.junit.runners.ParentRunner$3.run(ParentRunner.java:238) [junit-4.11.jar:na]
	at org.junit.runners.ParentRunner$1.schedule(ParentRunner.java:63) [junit-4.11.jar:na]
	at org.junit.runners.ParentRunner.runChildren(ParentRunner.java:236) [junit-4.11.jar:na]
	at org.junit.runners.ParentRunner.access$000(ParentRunner.java:53) [junit-4.11.jar:na]
	at org.junit.runners.ParentRunner$2.evaluate(ParentRunner.java:229) [junit-4.11.jar:na]
	at org.springframework.test.context.junit4.statements.RunBeforeTestClassCallbacks.evaluate(RunBeforeTestClassCallbacks.java:60) [spring-test-4.1.1.RELEASE.jar:4.1.1.RELEASE]
	at org.springframework.test.context.junit4.statements.RunAfterTestClassCallbacks.evaluate(RunAfterTestClassCallbacks.java:67) [spring-test-4.1.1.RELEASE.jar:4.1.1.RELEASE]
	at org.junit.runners.ParentRunner.run(ParentRunner.java:309) [junit-4.11.jar:na]
	at org.springframework.test.context.junit4.SpringJUnit4ClassRunner.run(SpringJUnit4ClassRunner.java:162) [spring-test-4.1.1.RELEASE.jar:4.1.1.RELEASE]
	at org.apache.maven.surefire.junit4.JUnit4Provider.execute(JUnit4Provider.java:367) [surefire-junit4-2.19.1.jar:2.19.1]
	at org.apache.maven.surefire.junit4.JUnit4Provider.executeWithRerun(JUnit4Provider.java:274) [surefire-junit4-2.19.1.jar:2.19.1]
	at org.apache.maven.surefire.junit4.JUnit4Provider.executeTestSet(JUnit4Provider.java:238) [surefire-junit4-2.19.1.jar:2.19.1]
	at org.apache.maven.surefire.junit4.JUnit4Provider.invoke(JUnit4Provider.java:161) [surefire-junit4-2.19.1.jar:2.19.1]
	at org.apache.maven.surefire.booter.ForkedBooter.invokeProviderInSameClassLoader(ForkedBooter.java:290) [surefire-booter-2.19.1.jar:2.19.1]
	at org.apache.maven.surefire.booter.ForkedBooter.runSuitesInProcess(ForkedBooter.java:242) [surefire-booter-2.19.1.jar:2.19.1]
	at org.apache.maven.surefire.booter.ForkedBooter.main(ForkedBooter.java:121) [surefire-booter-2.19.1.jar:2.19.1]
]]></system-out>
  </testcase>
  <testcase name="shouldReturnFirstPageSortedByReputation" classname="com.nurkiewicz.jdbcrepository.postgresql.JdbcRepositoryManualKeyPostgresqlTest" time="0">
    <skipped/>
    <system-out><![CDATA[22:42:08:785 | ERROR | main | o.s.t.c.t.TransactionalTestExecutionListener | Exception encountered while executing @BeforeTransaction methods for test context [DefaultTestContext@7a7ae0e1 testClass = JdbcRepositoryManualKeyPostgresqlTest, testInstance = com.nurkiewicz.jdbcrepository.postgresql.JdbcRepositoryManualKeyPostgresqlTest@3d5d552d, testMethod = shouldReturnFirstPageSortedByReputation@JdbcRepositoryManualKeyTest, testException = [null], mergedContextConfiguration = [MergedContextConfiguration@5f9b21a1 testClass = JdbcRepositoryManualKeyPostgresqlTest, locations = '{}', classes = '{class com.nurkiewicz.jdbcrepository.postgresql.JdbcRepositoryTestPostgresqlConfig}', contextInitializerClasses = '[]', activeProfiles = '{}', propertySourceLocations = '{}', propertySourceProperties = '{}', contextLoader = 'org.springframework.test.context.support.AnnotationConfigContextLoader', parent = [null]]].
java.net.ConnectException: Connection refused (Connection refused)
	at java.net.PlainSocketImpl.socketConnect(Native Method) ~[na:1.8.0_262]
	at java.net.AbstractPlainSocketImpl.doConnect(AbstractPlainSocketImpl.java:350) ~[na:1.8.0_262]
	at java.net.AbstractPlainSocketImpl.connectToAddress(AbstractPlainSocketImpl.java:206) ~[na:1.8.0_262]
	at java.net.AbstractPlainSocketImpl.connect(AbstractPlainSocketImpl.java:188) ~[na:1.8.0_262]
	at java.net.SocksSocketImpl.connect(SocksSocketImpl.java:392) ~[na:1.8.0_262]
	at java.net.Socket.connect(Socket.java:607) ~[na:1.8.0_262]
	at java.net.Socket.connect(Socket.java:556) ~[na:1.8.0_262]
	at com.nurkiewicz.jdbcrepository.AbstractIntegrationTest.ignoreIfDatabaseNotAvailable(AbstractIntegrationTest.java:36) ~[test-classes/:na]
	... 28 common frames omitted
Wrapped by: org.junit.internal.AssumptionViolatedException: got: <java.net.ConnectException: Connection refused (Connection refused)>, expected: null
	at org.junit.Assume.assumeThat(Assume.java:95) ~[junit-4.11.jar:na]
	at org.junit.Assume.assumeNoException(Assume.java:142) ~[junit-4.11.jar:na]
	at com.nurkiewicz.jdbcrepository.AbstractIntegrationTest.ignoreIfDatabaseNotAvailable(AbstractIntegrationTest.java:39) ~[test-classes/:na]
	at sun.reflect.GeneratedMethodAccessor21.invoke(Unknown Source) ~[na:na]
	at sun.reflect.DelegatingMethodAccessorImpl.invoke(DelegatingMethodAccessorImpl.java:43) ~[na:1.8.0_262]
	at java.lang.reflect.Method.invoke(Method.java:498) ~[na:1.8.0_262]
	at org.springframework.test.context.transaction.TransactionalTestExecutionListener.runBeforeTransactionMethods(TransactionalTestExecutionListener.java:248) [spring-test-4.1.1.RELEASE.jar:4.1.1.RELEASE]
	at org.springframework.test.context.transaction.TransactionalTestExecutionListener.beforeTestMethod(TransactionalTestExecutionListener.java:198) [spring-test-4.1.1.RELEASE.jar:4.1.1.RELEASE]
	at org.springframework.test.context.TestContextManager.beforeTestMethod(TestContextManager.java:249) [spring-test-4.1.1.RELEASE.jar:4.1.1.RELEASE]
	at org.springframework.test.context.junit4.statements.RunBeforeTestMethodCallbacks.evaluate(RunBeforeTestMethodCallbacks.java:71) [spring-test-4.1.1.RELEASE.jar:4.1.1.RELEASE]
	at org.springframework.test.context.junit4.statements.RunAfterTestMethodCallbacks.evaluate(RunAfterTestMethodCallbacks.java:81) [spring-test-4.1.1.RELEASE.jar:4.1.1.RELEASE]
	at org.springframework.test.context.junit4.statements.SpringRepeat.evaluate(SpringRepeat.java:72) [spring-test-4.1.1.RELEASE.jar:4.1.1.RELEASE]
	at org.junit.runners.ParentRunner.runLeaf(ParentRunner.java:271) [junit-4.11.jar:na]
	at org.springframework.test.context.junit4.SpringJUnit4ClassRunner.runChild(SpringJUnit4ClassRunner.java:216) [spring-test-4.1.1.RELEASE.jar:4.1.1.RELEASE]
	at org.springframework.test.context.junit4.SpringJUnit4ClassRunner.runChild(SpringJUnit4ClassRunner.java:82) [spring-test-4.1.1.RELEASE.jar:4.1.1.RELEASE]
	at org.junit.runners.ParentRunner$3.run(ParentRunner.java:238) [junit-4.11.jar:na]
	at org.junit.runners.ParentRunner$1.schedule(ParentRunner.java:63) [junit-4.11.jar:na]
	at org.junit.runners.ParentRunner.runChildren(ParentRunner.java:236) [junit-4.11.jar:na]
	at org.junit.runners.ParentRunner.access$000(ParentRunner.java:53) [junit-4.11.jar:na]
	at org.junit.runners.ParentRunner$2.evaluate(ParentRunner.java:229) [junit-4.11.jar:na]
	at org.springframework.test.context.junit4.statements.RunBeforeTestClassCallbacks.evaluate(RunBeforeTestClassCallbacks.java:60) [spring-test-4.1.1.RELEASE.jar:4.1.1.RELEASE]
	at org.springframework.test.context.junit4.statements.RunAfterTestClassCallbacks.evaluate(RunAfterTestClassCallbacks.java:67) [spring-test-4.1.1.RELEASE.jar:4.1.1.RELEASE]
	at org.junit.runners.ParentRunner.run(ParentRunner.java:309) [junit-4.11.jar:na]
	at org.springframework.test.context.junit4.SpringJUnit4ClassRunner.run(SpringJUnit4ClassRunner.java:162) [spring-test-4.1.1.RELEASE.jar:4.1.1.RELEASE]
	at org.apache.maven.surefire.junit4.JUnit4Provider.execute(JUnit4Provider.java:367) [surefire-junit4-2.19.1.jar:2.19.1]
	at org.apache.maven.surefire.junit4.JUnit4Provider.executeWithRerun(JUnit4Provider.java:274) [surefire-junit4-2.19.1.jar:2.19.1]
	at org.apache.maven.surefire.junit4.JUnit4Provider.executeTestSet(JUnit4Provider.java:238) [surefire-junit4-2.19.1.jar:2.19.1]
	at org.apache.maven.surefire.junit4.JUnit4Provider.invoke(JUnit4Provider.java:161) [surefire-junit4-2.19.1.jar:2.19.1]
	at org.apache.maven.surefire.booter.ForkedBooter.invokeProviderInSameClassLoader(ForkedBooter.java:290) [surefire-booter-2.19.1.jar:2.19.1]
	at org.apache.maven.surefire.booter.ForkedBooter.runSuitesInProcess(ForkedBooter.java:242) [surefire-booter-2.19.1.jar:2.19.1]
	at org.apache.maven.surefire.booter.ForkedBooter.main(ForkedBooter.java:121) [surefire-booter-2.19.1.jar:2.19.1]
22:42:08:785 | WARN  | main | o.s.t.c.TestContextManager | Caught exception while allowing TestExecutionListener [org.springframework.test.context.transaction.TransactionalTestExecutionListener@47742aae] to process 'before' execution of test method [public void com.nurkiewicz.jdbcrepository.JdbcRepositoryManualKeyTest.shouldReturnFirstPageSortedByReputation()] for test instance [com.nurkiewicz.jdbcrepository.postgresql.JdbcRepositoryManualKeyPostgresqlTest@3d5d552d]
java.net.ConnectException: Connection refused (Connection refused)
	at java.net.PlainSocketImpl.socketConnect(Native Method) ~[na:1.8.0_262]
	at java.net.AbstractPlainSocketImpl.doConnect(AbstractPlainSocketImpl.java:350) ~[na:1.8.0_262]
	at java.net.AbstractPlainSocketImpl.connectToAddress(AbstractPlainSocketImpl.java:206) ~[na:1.8.0_262]
	at java.net.AbstractPlainSocketImpl.connect(AbstractPlainSocketImpl.java:188) ~[na:1.8.0_262]
	at java.net.SocksSocketImpl.connect(SocksSocketImpl.java:392) ~[na:1.8.0_262]
	at java.net.Socket.connect(Socket.java:607) ~[na:1.8.0_262]
	at java.net.Socket.connect(Socket.java:556) ~[na:1.8.0_262]
	at com.nurkiewicz.jdbcrepository.AbstractIntegrationTest.ignoreIfDatabaseNotAvailable(AbstractIntegrationTest.java:36) ~[test-classes/:na]
	... 28 common frames omitted
Wrapped by: org.junit.internal.AssumptionViolatedException: got: <java.net.ConnectException: Connection refused (Connection refused)>, expected: null
	at org.junit.Assume.assumeThat(Assume.java:95) ~[junit-4.11.jar:na]
	at org.junit.Assume.assumeNoException(Assume.java:142) ~[junit-4.11.jar:na]
	at com.nurkiewicz.jdbcrepository.AbstractIntegrationTest.ignoreIfDatabaseNotAvailable(AbstractIntegrationTest.java:39) ~[test-classes/:na]
	at sun.reflect.GeneratedMethodAccessor21.invoke(Unknown Source) ~[na:na]
	at sun.reflect.DelegatingMethodAccessorImpl.invoke(DelegatingMethodAccessorImpl.java:43) ~[na:1.8.0_262]
	at java.lang.reflect.Method.invoke(Method.java:498) ~[na:1.8.0_262]
	at org.springframework.test.context.transaction.TransactionalTestExecutionListener.runBeforeTransactionMethods(TransactionalTestExecutionListener.java:248) ~[spring-test-4.1.1.RELEASE.jar:4.1.1.RELEASE]
	at org.springframework.test.context.transaction.TransactionalTestExecutionListener.beforeTestMethod(TransactionalTestExecutionListener.java:198) ~[spring-test-4.1.1.RELEASE.jar:4.1.1.RELEASE]
	at org.springframework.test.context.TestContextManager.beforeTestMethod(TestContextManager.java:249) ~[spring-test-4.1.1.RELEASE.jar:4.1.1.RELEASE]
	at org.springframework.test.context.junit4.statements.RunBeforeTestMethodCallbacks.evaluate(RunBeforeTestMethodCallbacks.java:71) [spring-test-4.1.1.RELEASE.jar:4.1.1.RELEASE]
	at org.springframework.test.context.junit4.statements.RunAfterTestMethodCallbacks.evaluate(RunAfterTestMethodCallbacks.java:81) [spring-test-4.1.1.RELEASE.jar:4.1.1.RELEASE]
	at org.springframework.test.context.junit4.statements.SpringRepeat.evaluate(SpringRepeat.java:72) [spring-test-4.1.1.RELEASE.jar:4.1.1.RELEASE]
	at org.junit.runners.ParentRunner.runLeaf(ParentRunner.java:271) [junit-4.11.jar:na]
	at org.springframework.test.context.junit4.SpringJUnit4ClassRunner.runChild(SpringJUnit4ClassRunner.java:216) [spring-test-4.1.1.RELEASE.jar:4.1.1.RELEASE]
	at org.springframework.test.context.junit4.SpringJUnit4ClassRunner.runChild(SpringJUnit4ClassRunner.java:82) [spring-test-4.1.1.RELEASE.jar:4.1.1.RELEASE]
	at org.junit.runners.ParentRunner$3.run(ParentRunner.java:238) [junit-4.11.jar:na]
	at org.junit.runners.ParentRunner$1.schedule(ParentRunner.java:63) [junit-4.11.jar:na]
	at org.junit.runners.ParentRunner.runChildren(ParentRunner.java:236) [junit-4.11.jar:na]
	at org.junit.runners.ParentRunner.access$000(ParentRunner.java:53) [junit-4.11.jar:na]
	at org.junit.runners.ParentRunner$2.evaluate(ParentRunner.java:229) [junit-4.11.jar:na]
	at org.springframework.test.context.junit4.statements.RunBeforeTestClassCallbacks.evaluate(RunBeforeTestClassCallbacks.java:60) [spring-test-4.1.1.RELEASE.jar:4.1.1.RELEASE]
	at org.springframework.test.context.junit4.statements.RunAfterTestClassCallbacks.evaluate(RunAfterTestClassCallbacks.java:67) [spring-test-4.1.1.RELEASE.jar:4.1.1.RELEASE]
	at org.junit.runners.ParentRunner.run(ParentRunner.java:309) [junit-4.11.jar:na]
	at org.springframework.test.context.junit4.SpringJUnit4ClassRunner.run(SpringJUnit4ClassRunner.java:162) [spring-test-4.1.1.RELEASE.jar:4.1.1.RELEASE]
	at org.apache.maven.surefire.junit4.JUnit4Provider.execute(JUnit4Provider.java:367) [surefire-junit4-2.19.1.jar:2.19.1]
	at org.apache.maven.surefire.junit4.JUnit4Provider.executeWithRerun(JUnit4Provider.java:274) [surefire-junit4-2.19.1.jar:2.19.1]
	at org.apache.maven.surefire.junit4.JUnit4Provider.executeTestSet(JUnit4Provider.java:238) [surefire-junit4-2.19.1.jar:2.19.1]
	at org.apache.maven.surefire.junit4.JUnit4Provider.invoke(JUnit4Provider.java:161) [surefire-junit4-2.19.1.jar:2.19.1]
	at org.apache.maven.surefire.booter.ForkedBooter.invokeProviderInSameClassLoader(ForkedBooter.java:290) [surefire-booter-2.19.1.jar:2.19.1]
	at org.apache.maven.surefire.booter.ForkedBooter.runSuitesInProcess(ForkedBooter.java:242) [surefire-booter-2.19.1.jar:2.19.1]
	at org.apache.maven.surefire.booter.ForkedBooter.main(ForkedBooter.java:121) [surefire-booter-2.19.1.jar:2.19.1]
]]></system-out>
  </testcase>
  <testcase name="shouldReturnFalseWhenEntityWithSuchIdDoesNotExist" classname="com.nurkiewicz.jdbcrepository.postgresql.JdbcRepositoryManualKeyPostgresqlTest" time="0">
    <skipped/>
    <system-out><![CDATA[22:42:08:787 | ERROR | main | o.s.t.c.t.TransactionalTestExecutionListener | Exception encountered while executing @BeforeTransaction methods for test context [DefaultTestContext@7a7ae0e1 testClass = JdbcRepositoryManualKeyPostgresqlTest, testInstance = com.nurkiewicz.jdbcrepository.postgresql.JdbcRepositoryManualKeyPostgresqlTest@3fb75c24, testMethod = shouldReturnFalseWhenEntityWithSuchIdDoesNotExist@JdbcRepositoryManualKeyTest, testException = [null], mergedContextConfiguration = [MergedContextConfiguration@5f9b21a1 testClass = JdbcRepositoryManualKeyPostgresqlTest, locations = '{}', classes = '{class com.nurkiewicz.jdbcrepository.postgresql.JdbcRepositoryTestPostgresqlConfig}', contextInitializerClasses = '[]', activeProfiles = '{}', propertySourceLocations = '{}', propertySourceProperties = '{}', contextLoader = 'org.springframework.test.context.support.AnnotationConfigContextLoader', parent = [null]]].
java.net.ConnectException: Connection refused (Connection refused)
	at java.net.PlainSocketImpl.socketConnect(Native Method) ~[na:1.8.0_262]
	at java.net.AbstractPlainSocketImpl.doConnect(AbstractPlainSocketImpl.java:350) ~[na:1.8.0_262]
	at java.net.AbstractPlainSocketImpl.connectToAddress(AbstractPlainSocketImpl.java:206) ~[na:1.8.0_262]
	at java.net.AbstractPlainSocketImpl.connect(AbstractPlainSocketImpl.java:188) ~[na:1.8.0_262]
	at java.net.SocksSocketImpl.connect(SocksSocketImpl.java:392) ~[na:1.8.0_262]
	at java.net.Socket.connect(Socket.java:607) ~[na:1.8.0_262]
	at java.net.Socket.connect(Socket.java:556) ~[na:1.8.0_262]
	at com.nurkiewicz.jdbcrepository.AbstractIntegrationTest.ignoreIfDatabaseNotAvailable(AbstractIntegrationTest.java:36) ~[test-classes/:na]
	... 28 common frames omitted
Wrapped by: org.junit.internal.AssumptionViolatedException: got: <java.net.ConnectException: Connection refused (Connection refused)>, expected: null
	at org.junit.Assume.assumeThat(Assume.java:95) ~[junit-4.11.jar:na]
	at org.junit.Assume.assumeNoException(Assume.java:142) ~[junit-4.11.jar:na]
	at com.nurkiewicz.jdbcrepository.AbstractIntegrationTest.ignoreIfDatabaseNotAvailable(AbstractIntegrationTest.java:39) ~[test-classes/:na]
	at sun.reflect.GeneratedMethodAccessor21.invoke(Unknown Source) ~[na:na]
	at sun.reflect.DelegatingMethodAccessorImpl.invoke(DelegatingMethodAccessorImpl.java:43) ~[na:1.8.0_262]
	at java.lang.reflect.Method.invoke(Method.java:498) ~[na:1.8.0_262]
	at org.springframework.test.context.transaction.TransactionalTestExecutionListener.runBeforeTransactionMethods(TransactionalTestExecutionListener.java:248) [spring-test-4.1.1.RELEASE.jar:4.1.1.RELEASE]
	at org.springframework.test.context.transaction.TransactionalTestExecutionListener.beforeTestMethod(TransactionalTestExecutionListener.java:198) [spring-test-4.1.1.RELEASE.jar:4.1.1.RELEASE]
	at org.springframework.test.context.TestContextManager.beforeTestMethod(TestContextManager.java:249) [spring-test-4.1.1.RELEASE.jar:4.1.1.RELEASE]
	at org.springframework.test.context.junit4.statements.RunBeforeTestMethodCallbacks.evaluate(RunBeforeTestMethodCallbacks.java:71) [spring-test-4.1.1.RELEASE.jar:4.1.1.RELEASE]
	at org.springframework.test.context.junit4.statements.RunAfterTestMethodCallbacks.evaluate(RunAfterTestMethodCallbacks.java:81) [spring-test-4.1.1.RELEASE.jar:4.1.1.RELEASE]
	at org.springframework.test.context.junit4.statements.SpringRepeat.evaluate(SpringRepeat.java:72) [spring-test-4.1.1.RELEASE.jar:4.1.1.RELEASE]
	at org.junit.runners.ParentRunner.runLeaf(ParentRunner.java:271) [junit-4.11.jar:na]
	at org.springframework.test.context.junit4.SpringJUnit4ClassRunner.runChild(SpringJUnit4ClassRunner.java:216) [spring-test-4.1.1.RELEASE.jar:4.1.1.RELEASE]
	at org.springframework.test.context.junit4.SpringJUnit4ClassRunner.runChild(SpringJUnit4ClassRunner.java:82) [spring-test-4.1.1.RELEASE.jar:4.1.1.RELEASE]
	at org.junit.runners.ParentRunner$3.run(ParentRunner.java:238) [junit-4.11.jar:na]
	at org.junit.runners.ParentRunner$1.schedule(ParentRunner.java:63) [junit-4.11.jar:na]
	at org.junit.runners.ParentRunner.runChildren(ParentRunner.java:236) [junit-4.11.jar:na]
	at org.junit.runners.ParentRunner.access$000(ParentRunner.java:53) [junit-4.11.jar:na]
	at org.junit.runners.ParentRunner$2.evaluate(ParentRunner.java:229) [junit-4.11.jar:na]
	at org.springframework.test.context.junit4.statements.RunBeforeTestClassCallbacks.evaluate(RunBeforeTestClassCallbacks.java:60) [spring-test-4.1.1.RELEASE.jar:4.1.1.RELEASE]
	at org.springframework.test.context.junit4.statements.RunAfterTestClassCallbacks.evaluate(RunAfterTestClassCallbacks.java:67) [spring-test-4.1.1.RELEASE.jar:4.1.1.RELEASE]
	at org.junit.runners.ParentRunner.run(ParentRunner.java:309) [junit-4.11.jar:na]
	at org.springframework.test.context.junit4.SpringJUnit4ClassRunner.run(SpringJUnit4ClassRunner.java:162) [spring-test-4.1.1.RELEASE.jar:4.1.1.RELEASE]
	at org.apache.maven.surefire.junit4.JUnit4Provider.execute(JUnit4Provider.java:367) [surefire-junit4-2.19.1.jar:2.19.1]
	at org.apache.maven.surefire.junit4.JUnit4Provider.executeWithRerun(JUnit4Provider.java:274) [surefire-junit4-2.19.1.jar:2.19.1]
	at org.apache.maven.surefire.junit4.JUnit4Provider.executeTestSet(JUnit4Provider.java:238) [surefire-junit4-2.19.1.jar:2.19.1]
	at org.apache.maven.surefire.junit4.JUnit4Provider.invoke(JUnit4Provider.java:161) [surefire-junit4-2.19.1.jar:2.19.1]
	at org.apache.maven.surefire.booter.ForkedBooter.invokeProviderInSameClassLoader(ForkedBooter.java:290) [surefire-booter-2.19.1.jar:2.19.1]
	at org.apache.maven.surefire.booter.ForkedBooter.runSuitesInProcess(ForkedBooter.java:242) [surefire-booter-2.19.1.jar:2.19.1]
	at org.apache.maven.surefire.booter.ForkedBooter.main(ForkedBooter.java:121) [surefire-booter-2.19.1.jar:2.19.1]
22:42:08:788 | WARN  | main | o.s.t.c.TestContextManager | Caught exception while allowing TestExecutionListener [org.springframework.test.context.transaction.TransactionalTestExecutionListener@47742aae] to process 'before' execution of test method [public void com.nurkiewicz.jdbcrepository.JdbcRepositoryManualKeyTest.shouldReturnFalseWhenEntityWithSuchIdDoesNotExist()] for test instance [com.nurkiewicz.jdbcrepository.postgresql.JdbcRepositoryManualKeyPostgresqlTest@3fb75c24]
java.net.ConnectException: Connection refused (Connection refused)
	at java.net.PlainSocketImpl.socketConnect(Native Method) ~[na:1.8.0_262]
	at java.net.AbstractPlainSocketImpl.doConnect(AbstractPlainSocketImpl.java:350) ~[na:1.8.0_262]
	at java.net.AbstractPlainSocketImpl.connectToAddress(AbstractPlainSocketImpl.java:206) ~[na:1.8.0_262]
	at java.net.AbstractPlainSocketImpl.connect(AbstractPlainSocketImpl.java:188) ~[na:1.8.0_262]
	at java.net.SocksSocketImpl.connect(SocksSocketImpl.java:392) ~[na:1.8.0_262]
	at java.net.Socket.connect(Socket.java:607) ~[na:1.8.0_262]
	at java.net.Socket.connect(Socket.java:556) ~[na:1.8.0_262]
	at com.nurkiewicz.jdbcrepository.AbstractIntegrationTest.ignoreIfDatabaseNotAvailable(AbstractIntegrationTest.java:36) ~[test-classes/:na]
	... 28 common frames omitted
Wrapped by: org.junit.internal.AssumptionViolatedException: got: <java.net.ConnectException: Connection refused (Connection refused)>, expected: null
	at org.junit.Assume.assumeThat(Assume.java:95) ~[junit-4.11.jar:na]
	at org.junit.Assume.assumeNoException(Assume.java:142) ~[junit-4.11.jar:na]
	at com.nurkiewicz.jdbcrepository.AbstractIntegrationTest.ignoreIfDatabaseNotAvailable(AbstractIntegrationTest.java:39) ~[test-classes/:na]
	at sun.reflect.GeneratedMethodAccessor21.invoke(Unknown Source) ~[na:na]
	at sun.reflect.DelegatingMethodAccessorImpl.invoke(DelegatingMethodAccessorImpl.java:43) ~[na:1.8.0_262]
	at java.lang.reflect.Method.invoke(Method.java:498) ~[na:1.8.0_262]
	at org.springframework.test.context.transaction.TransactionalTestExecutionListener.runBeforeTransactionMethods(TransactionalTestExecutionListener.java:248) ~[spring-test-4.1.1.RELEASE.jar:4.1.1.RELEASE]
	at org.springframework.test.context.transaction.TransactionalTestExecutionListener.beforeTestMethod(TransactionalTestExecutionListener.java:198) ~[spring-test-4.1.1.RELEASE.jar:4.1.1.RELEASE]
	at org.springframework.test.context.TestContextManager.beforeTestMethod(TestContextManager.java:249) ~[spring-test-4.1.1.RELEASE.jar:4.1.1.RELEASE]
	at org.springframework.test.context.junit4.statements.RunBeforeTestMethodCallbacks.evaluate(RunBeforeTestMethodCallbacks.java:71) [spring-test-4.1.1.RELEASE.jar:4.1.1.RELEASE]
	at org.springframework.test.context.junit4.statements.RunAfterTestMethodCallbacks.evaluate(RunAfterTestMethodCallbacks.java:81) [spring-test-4.1.1.RELEASE.jar:4.1.1.RELEASE]
	at org.springframework.test.context.junit4.statements.SpringRepeat.evaluate(SpringRepeat.java:72) [spring-test-4.1.1.RELEASE.jar:4.1.1.RELEASE]
	at org.junit.runners.ParentRunner.runLeaf(ParentRunner.java:271) [junit-4.11.jar:na]
	at org.springframework.test.context.junit4.SpringJUnit4ClassRunner.runChild(SpringJUnit4ClassRunner.java:216) [spring-test-4.1.1.RELEASE.jar:4.1.1.RELEASE]
	at org.springframework.test.context.junit4.SpringJUnit4ClassRunner.runChild(SpringJUnit4ClassRunner.java:82) [spring-test-4.1.1.RELEASE.jar:4.1.1.RELEASE]
	at org.junit.runners.ParentRunner$3.run(ParentRunner.java:238) [junit-4.11.jar:na]
	at org.junit.runners.ParentRunner$1.schedule(ParentRunner.java:63) [junit-4.11.jar:na]
	at org.junit.runners.ParentRunner.runChildren(ParentRunner.java:236) [junit-4.11.jar:na]
	at org.junit.runners.ParentRunner.access$000(ParentRunner.java:53) [junit-4.11.jar:na]
	at org.junit.runners.ParentRunner$2.evaluate(ParentRunner.java:229) [junit-4.11.jar:na]
	at org.springframework.test.context.junit4.statements.RunBeforeTestClassCallbacks.evaluate(RunBeforeTestClassCallbacks.java:60) [spring-test-4.1.1.RELEASE.jar:4.1.1.RELEASE]
	at org.springframework.test.context.junit4.statements.RunAfterTestClassCallbacks.evaluate(RunAfterTestClassCallbacks.java:67) [spring-test-4.1.1.RELEASE.jar:4.1.1.RELEASE]
	at org.junit.runners.ParentRunner.run(ParentRunner.java:309) [junit-4.11.jar:na]
	at org.springframework.test.context.junit4.SpringJUnit4ClassRunner.run(SpringJUnit4ClassRunner.java:162) [spring-test-4.1.1.RELEASE.jar:4.1.1.RELEASE]
	at org.apache.maven.surefire.junit4.JUnit4Provider.execute(JUnit4Provider.java:367) [surefire-junit4-2.19.1.jar:2.19.1]
	at org.apache.maven.surefire.junit4.JUnit4Provider.executeWithRerun(JUnit4Provider.java:274) [surefire-junit4-2.19.1.jar:2.19.1]
	at org.apache.maven.surefire.junit4.JUnit4Provider.executeTestSet(JUnit4Provider.java:238) [surefire-junit4-2.19.1.jar:2.19.1]
	at org.apache.maven.surefire.junit4.JUnit4Provider.invoke(JUnit4Provider.java:161) [surefire-junit4-2.19.1.jar:2.19.1]
	at org.apache.maven.surefire.booter.ForkedBooter.invokeProviderInSameClassLoader(ForkedBooter.java:290) [surefire-booter-2.19.1.jar:2.19.1]
	at org.apache.maven.surefire.booter.ForkedBooter.runSuitesInProcess(ForkedBooter.java:242) [surefire-booter-2.19.1.jar:2.19.1]
	at org.apache.maven.surefire.booter.ForkedBooter.main(ForkedBooter.java:121) [surefire-booter-2.19.1.jar:2.19.1]
]]></system-out>
  </testcase>
  <testcase name="shouldSaveMultipleEntities" classname="com.nurkiewicz.jdbcrepository.postgresql.JdbcRepositoryManualKeyPostgresqlTest" time="0">
    <skipped/>
    <system-out><![CDATA[22:42:08:803 | ERROR | main | o.s.t.c.t.TransactionalTestExecutionListener | Exception encountered while executing @BeforeTransaction methods for test context [DefaultTestContext@7a7ae0e1 testClass = JdbcRepositoryManualKeyPostgresqlTest, testInstance = com.nurkiewicz.jdbcrepository.postgresql.JdbcRepositoryManualKeyPostgresqlTest@7d72f5a9, testMethod = shouldSaveMultipleEntities@JdbcRepositoryManualKeyTest, testException = [null], mergedContextConfiguration = [MergedContextConfiguration@5f9b21a1 testClass = JdbcRepositoryManualKeyPostgresqlTest, locations = '{}', classes = '{class com.nurkiewicz.jdbcrepository.postgresql.JdbcRepositoryTestPostgresqlConfig}', contextInitializerClasses = '[]', activeProfiles = '{}', propertySourceLocations = '{}', propertySourceProperties = '{}', contextLoader = 'org.springframework.test.context.support.AnnotationConfigContextLoader', parent = [null]]].
java.net.ConnectException: Connection refused (Connection refused)
	at java.net.PlainSocketImpl.socketConnect(Native Method) ~[na:1.8.0_262]
	at java.net.AbstractPlainSocketImpl.doConnect(AbstractPlainSocketImpl.java:350) ~[na:1.8.0_262]
	at java.net.AbstractPlainSocketImpl.connectToAddress(AbstractPlainSocketImpl.java:206) ~[na:1.8.0_262]
	at java.net.AbstractPlainSocketImpl.connect(AbstractPlainSocketImpl.java:188) ~[na:1.8.0_262]
	at java.net.SocksSocketImpl.connect(SocksSocketImpl.java:392) ~[na:1.8.0_262]
	at java.net.Socket.connect(Socket.java:607) ~[na:1.8.0_262]
	at java.net.Socket.connect(Socket.java:556) ~[na:1.8.0_262]
	at com.nurkiewicz.jdbcrepository.AbstractIntegrationTest.ignoreIfDatabaseNotAvailable(AbstractIntegrationTest.java:36) ~[test-classes/:na]
	... 28 common frames omitted
Wrapped by: org.junit.internal.AssumptionViolatedException: got: <java.net.ConnectException: Connection refused (Connection refused)>, expected: null
	at org.junit.Assume.assumeThat(Assume.java:95) ~[junit-4.11.jar:na]
	at org.junit.Assume.assumeNoException(Assume.java:142) ~[junit-4.11.jar:na]
	at com.nurkiewicz.jdbcrepository.AbstractIntegrationTest.ignoreIfDatabaseNotAvailable(AbstractIntegrationTest.java:39) ~[test-classes/:na]
	at sun.reflect.GeneratedMethodAccessor21.invoke(Unknown Source) ~[na:na]
	at sun.reflect.DelegatingMethodAccessorImpl.invoke(DelegatingMethodAccessorImpl.java:43) ~[na:1.8.0_262]
	at java.lang.reflect.Method.invoke(Method.java:498) ~[na:1.8.0_262]
	at org.springframework.test.context.transaction.TransactionalTestExecutionListener.runBeforeTransactionMethods(TransactionalTestExecutionListener.java:248) [spring-test-4.1.1.RELEASE.jar:4.1.1.RELEASE]
	at org.springframework.test.context.transaction.TransactionalTestExecutionListener.beforeTestMethod(TransactionalTestExecutionListener.java:198) [spring-test-4.1.1.RELEASE.jar:4.1.1.RELEASE]
	at org.springframework.test.context.TestContextManager.beforeTestMethod(TestContextManager.java:249) [spring-test-4.1.1.RELEASE.jar:4.1.1.RELEASE]
	at org.springframework.test.context.junit4.statements.RunBeforeTestMethodCallbacks.evaluate(RunBeforeTestMethodCallbacks.java:71) [spring-test-4.1.1.RELEASE.jar:4.1.1.RELEASE]
	at org.springframework.test.context.junit4.statements.RunAfterTestMethodCallbacks.evaluate(RunAfterTestMethodCallbacks.java:81) [spring-test-4.1.1.RELEASE.jar:4.1.1.RELEASE]
	at org.springframework.test.context.junit4.statements.SpringRepeat.evaluate(SpringRepeat.java:72) [spring-test-4.1.1.RELEASE.jar:4.1.1.RELEASE]
	at org.junit.runners.ParentRunner.runLeaf(ParentRunner.java:271) [junit-4.11.jar:na]
	at org.springframework.test.context.junit4.SpringJUnit4ClassRunner.runChild(SpringJUnit4ClassRunner.java:216) [spring-test-4.1.1.RELEASE.jar:4.1.1.RELEASE]
	at org.springframework.test.context.junit4.SpringJUnit4ClassRunner.runChild(SpringJUnit4ClassRunner.java:82) [spring-test-4.1.1.RELEASE.jar:4.1.1.RELEASE]
	at org.junit.runners.ParentRunner$3.run(ParentRunner.java:238) [junit-4.11.jar:na]
	at org.junit.runners.ParentRunner$1.schedule(ParentRunner.java:63) [junit-4.11.jar:na]
	at org.junit.runners.ParentRunner.runChildren(ParentRunner.java:236) [junit-4.11.jar:na]
	at org.junit.runners.ParentRunner.access$000(ParentRunner.java:53) [junit-4.11.jar:na]
	at org.junit.runners.ParentRunner$2.evaluate(ParentRunner.java:229) [junit-4.11.jar:na]
	at org.springframework.test.context.junit4.statements.RunBeforeTestClassCallbacks.evaluate(RunBeforeTestClassCallbacks.java:60) [spring-test-4.1.1.RELEASE.jar:4.1.1.RELEASE]
	at org.springframework.test.context.junit4.statements.RunAfterTestClassCallbacks.evaluate(RunAfterTestClassCallbacks.java:67) [spring-test-4.1.1.RELEASE.jar:4.1.1.RELEASE]
	at org.junit.runners.ParentRunner.run(ParentRunner.java:309) [junit-4.11.jar:na]
	at org.springframework.test.context.junit4.SpringJUnit4ClassRunner.run(SpringJUnit4ClassRunner.java:162) [spring-test-4.1.1.RELEASE.jar:4.1.1.RELEASE]
	at org.apache.maven.surefire.junit4.JUnit4Provider.execute(JUnit4Provider.java:367) [surefire-junit4-2.19.1.jar:2.19.1]
	at org.apache.maven.surefire.junit4.JUnit4Provider.executeWithRerun(JUnit4Provider.java:274) [surefire-junit4-2.19.1.jar:2.19.1]
	at org.apache.maven.surefire.junit4.JUnit4Provider.executeTestSet(JUnit4Provider.java:238) [surefire-junit4-2.19.1.jar:2.19.1]
	at org.apache.maven.surefire.junit4.JUnit4Provider.invoke(JUnit4Provider.java:161) [surefire-junit4-2.19.1.jar:2.19.1]
	at org.apache.maven.surefire.booter.ForkedBooter.invokeProviderInSameClassLoader(ForkedBooter.java:290) [surefire-booter-2.19.1.jar:2.19.1]
	at org.apache.maven.surefire.booter.ForkedBooter.runSuitesInProcess(ForkedBooter.java:242) [surefire-booter-2.19.1.jar:2.19.1]
	at org.apache.maven.surefire.booter.ForkedBooter.main(ForkedBooter.java:121) [surefire-booter-2.19.1.jar:2.19.1]
22:42:08:803 | WARN  | main | o.s.t.c.TestContextManager | Caught exception while allowing TestExecutionListener [org.springframework.test.context.transaction.TransactionalTestExecutionListener@47742aae] to process 'before' execution of test method [public void com.nurkiewicz.jdbcrepository.JdbcRepositoryManualKeyTest.shouldSaveMultipleEntities() throws java.lang.Exception] for test instance [com.nurkiewicz.jdbcrepository.postgresql.JdbcRepositoryManualKeyPostgresqlTest@7d72f5a9]
java.net.ConnectException: Connection refused (Connection refused)
	at java.net.PlainSocketImpl.socketConnect(Native Method) ~[na:1.8.0_262]
	at java.net.AbstractPlainSocketImpl.doConnect(AbstractPlainSocketImpl.java:350) ~[na:1.8.0_262]
	at java.net.AbstractPlainSocketImpl.connectToAddress(AbstractPlainSocketImpl.java:206) ~[na:1.8.0_262]
	at java.net.AbstractPlainSocketImpl.connect(AbstractPlainSocketImpl.java:188) ~[na:1.8.0_262]
	at java.net.SocksSocketImpl.connect(SocksSocketImpl.java:392) ~[na:1.8.0_262]
	at java.net.Socket.connect(Socket.java:607) ~[na:1.8.0_262]
	at java.net.Socket.connect(Socket.java:556) ~[na:1.8.0_262]
	at com.nurkiewicz.jdbcrepository.AbstractIntegrationTest.ignoreIfDatabaseNotAvailable(AbstractIntegrationTest.java:36) ~[test-classes/:na]
	... 28 common frames omitted
Wrapped by: org.junit.internal.AssumptionViolatedException: got: <java.net.ConnectException: Connection refused (Connection refused)>, expected: null
	at org.junit.Assume.assumeThat(Assume.java:95) ~[junit-4.11.jar:na]
	at org.junit.Assume.assumeNoException(Assume.java:142) ~[junit-4.11.jar:na]
	at com.nurkiewicz.jdbcrepository.AbstractIntegrationTest.ignoreIfDatabaseNotAvailable(AbstractIntegrationTest.java:39) ~[test-classes/:na]
	at sun.reflect.GeneratedMethodAccessor21.invoke(Unknown Source) ~[na:na]
	at sun.reflect.DelegatingMethodAccessorImpl.invoke(DelegatingMethodAccessorImpl.java:43) ~[na:1.8.0_262]
	at java.lang.reflect.Method.invoke(Method.java:498) ~[na:1.8.0_262]
	at org.springframework.test.context.transaction.TransactionalTestExecutionListener.runBeforeTransactionMethods(TransactionalTestExecutionListener.java:248) ~[spring-test-4.1.1.RELEASE.jar:4.1.1.RELEASE]
	at org.springframework.test.context.transaction.TransactionalTestExecutionListener.beforeTestMethod(TransactionalTestExecutionListener.java:198) ~[spring-test-4.1.1.RELEASE.jar:4.1.1.RELEASE]
	at org.springframework.test.context.TestContextManager.beforeTestMethod(TestContextManager.java:249) ~[spring-test-4.1.1.RELEASE.jar:4.1.1.RELEASE]
	at org.springframework.test.context.junit4.statements.RunBeforeTestMethodCallbacks.evaluate(RunBeforeTestMethodCallbacks.java:71) [spring-test-4.1.1.RELEASE.jar:4.1.1.RELEASE]
	at org.springframework.test.context.junit4.statements.RunAfterTestMethodCallbacks.evaluate(RunAfterTestMethodCallbacks.java:81) [spring-test-4.1.1.RELEASE.jar:4.1.1.RELEASE]
	at org.springframework.test.context.junit4.statements.SpringRepeat.evaluate(SpringRepeat.java:72) [spring-test-4.1.1.RELEASE.jar:4.1.1.RELEASE]
	at org.junit.runners.ParentRunner.runLeaf(ParentRunner.java:271) [junit-4.11.jar:na]
	at org.springframework.test.context.junit4.SpringJUnit4ClassRunner.runChild(SpringJUnit4ClassRunner.java:216) [spring-test-4.1.1.RELEASE.jar:4.1.1.RELEASE]
	at org.springframework.test.context.junit4.SpringJUnit4ClassRunner.runChild(SpringJUnit4ClassRunner.java:82) [spring-test-4.1.1.RELEASE.jar:4.1.1.RELEASE]
	at org.junit.runners.ParentRunner$3.run(ParentRunner.java:238) [junit-4.11.jar:na]
	at org.junit.runners.ParentRunner$1.schedule(ParentRunner.java:63) [junit-4.11.jar:na]
	at org.junit.runners.ParentRunner.runChildren(ParentRunner.java:236) [junit-4.11.jar:na]
	at org.junit.runners.ParentRunner.access$000(ParentRunner.java:53) [junit-4.11.jar:na]
	at org.junit.runners.ParentRunner$2.evaluate(ParentRunner.java:229) [junit-4.11.jar:na]
	at org.springframework.test.context.junit4.statements.RunBeforeTestClassCallbacks.evaluate(RunBeforeTestClassCallbacks.java:60) [spring-test-4.1.1.RELEASE.jar:4.1.1.RELEASE]
	at org.springframework.test.context.junit4.statements.RunAfterTestClassCallbacks.evaluate(RunAfterTestClassCallbacks.java:67) [spring-test-4.1.1.RELEASE.jar:4.1.1.RELEASE]
	at org.junit.runners.ParentRunner.run(ParentRunner.java:309) [junit-4.11.jar:na]
	at org.springframework.test.context.junit4.SpringJUnit4ClassRunner.run(SpringJUnit4ClassRunner.java:162) [spring-test-4.1.1.RELEASE.jar:4.1.1.RELEASE]
	at org.apache.maven.surefire.junit4.JUnit4Provider.execute(JUnit4Provider.java:367) [surefire-junit4-2.19.1.jar:2.19.1]
	at org.apache.maven.surefire.junit4.JUnit4Provider.executeWithRerun(JUnit4Provider.java:274) [surefire-junit4-2.19.1.jar:2.19.1]
	at org.apache.maven.surefire.junit4.JUnit4Provider.executeTestSet(JUnit4Provider.java:238) [surefire-junit4-2.19.1.jar:2.19.1]
	at org.apache.maven.surefire.junit4.JUnit4Provider.invoke(JUnit4Provider.java:161) [surefire-junit4-2.19.1.jar:2.19.1]
	at org.apache.maven.surefire.booter.ForkedBooter.invokeProviderInSameClassLoader(ForkedBooter.java:290) [surefire-booter-2.19.1.jar:2.19.1]
	at org.apache.maven.surefire.booter.ForkedBooter.runSuitesInProcess(ForkedBooter.java:242) [surefire-booter-2.19.1.jar:2.19.1]
	at org.apache.maven.surefire.booter.ForkedBooter.main(ForkedBooter.java:121) [surefire-booter-2.19.1.jar:2.19.1]
]]></system-out>
  </testcase>
</testsuite>