<?xml version="1.0" encoding="UTF-8"?>
<testsuite xmlns:xsi="http://www.w3.org/2001/XMLSchema-instance" xsi:schemaLocation="https://maven.apache.org/surefire/maven-surefire-plugin/xsd/surefire-test-report.xsd" name="com.nurkiewicz.jdbcrepository.mysql.JdbcRepositoryManualKeyMysqlTest" time="0.904" tests="37" errors="0" skipped="37" failures="0">
  <properties>
    <property name="java.runtime.name" value="OpenJDK Runtime Environment"/>
    <property name="sun.boot.library.path" value="/usr/local/openjdk-8/jre/lib/amd64"/>
    <property name="java.vm.version" value="25.262-b10"/>
    <property name="animal.sniffer.skip" value="true"/>
    <property name="java.vm.vendor" value="Oracle Corporation"/>
    <property name="maven.multiModuleProjectDirectory" value="/tmp/tmpuh08eql5/spring-data-jdbc-repository"/>
    <property name="maven.javadoc.skip" value="true"/>
    <property name="java.vendor.url" value="http://java.oracle.com/"/>
    <property name="path.separator" value=":"/>
    <property name="guice.disable.misplaced.annotation.check" value="true"/>
    <property name="java.vm.name" value="OpenJDK 64-Bit Server VM"/>
    <property name="file.encoding.pkg" value="sun.io"/>
    <property name="sun.java.launcher" value="SUN_STANDARD"/>
    <property name="sun.os.patch.level" value="unknown"/>
    <property name="source.skip" value="true"/>
    <property name="java.vm.specification.name" value="Java Virtual Machine Specification"/>
    <property name="user.dir" value="/tmp/tmpuh08eql5/spring-data-jdbc-repository"/>
    <property name="java.runtime.version" value="1.8.0_262-b10"/>
    <property name="java.awt.graphicsenv" value="sun.awt.X11GraphicsEnvironment"/>
    <property name="java.endorsed.dirs" value="/usr/local/openjdk-8/jre/lib/endorsed"/>
    <property name="os.arch" value="amd64"/>
    <property name="java.io.tmpdir" value="/tmp"/>
    <property name="line.separator" value="&#10;"/>
    <property name="java.vm.specification.vendor" value="Oracle Corporation"/>
    <property name="os.name" value="Linux"/>
    <property name="classworlds.conf" value="/usr/share/maven/bin/m2.conf"/>
    <property name="sun.jnu.encoding" value="UTF-8"/>
    <property name="java.library.path" value="/usr/java/packages/lib/amd64:/usr/lib64:/lib64:/lib:/usr/lib"/>
    <property name="license.skip" value="true"/>
    <property name="maven.conf" value="/usr/share/maven/conf"/>
    <property name="java.specification.name" value="Java Platform API Specification"/>
    <property name="java.class.version" value="52.0"/>
    <property name="sun.management.compiler" value="HotSpot 64-Bit Tiered Compilers"/>
    <property name="maven.test.failure.ignore" value="true"/>
    <property name="os.version" value="4.15.0-109-generic"/>
    <property name="library.jansi.path" value="/usr/share/maven/lib/jansi-native"/>
    <property name="user.home" value="/home/jdbl"/>
    <property name="user.timezone" value="Etc/UTC"/>
    <property name="java.awt.printerjob" value="sun.print.PSPrinterJob"/>
    <property name="java.specification.version" value="1.8"/>
    <property name="file.encoding" value="UTF-8"/>
    <property name="user.name" value="jdbl"/>
    <property name="java.class.path" value="/usr/share/maven/boot/plexus-classworlds-2.6.0.jar"/>
    <property name="java.vm.specification.version" value="1.8"/>
    <property name="sun.arch.data.model" value="64"/>
    <property name="java.home" value="/usr/local/openjdk-8/jre"/>
    <property name="sun.java.command" value="org.codehaus.plexus.classworlds.launcher.Launcher test -e --fail-never -ntp -Dmaven.test.failure.ignore=true -B -Dmaven.javadoc.skip=true -Drat.skip=true -Danimal.sniffer.skip=true -Dmaven.javadoc.skip=true -Dlicense.skip=true -Dsource.skip=true"/>
    <property name="java.specification.vendor" value="Oracle Corporation"/>
    <property name="user.language" value="en"/>
    <property name="awt.toolkit" value="sun.awt.X11.XToolkit"/>
    <property name="java.vm.info" value="mixed mode"/>
    <property name="java.version" value="1.8.0_262"/>
    <property name="java.ext.dirs" value="/usr/local/openjdk-8/jre/lib/ext:/usr/java/packages/lib/ext"/>
    <property name="securerandom.source" value="file:/dev/./urandom"/>
    <property name="sun.boot.class.path" value="/usr/local/openjdk-8/jre/lib/resources.jar:/usr/local/openjdk-8/jre/lib/rt.jar:/usr/local/openjdk-8/jre/lib/sunrsasign.jar:/usr/local/openjdk-8/jre/lib/jsse.jar:/usr/local/openjdk-8/jre/lib/jce.jar:/usr/local/openjdk-8/jre/lib/charsets.jar:/usr/local/openjdk-8/jre/lib/jfr.jar:/usr/local/openjdk-8/jre/classes"/>
    <property name="java.vendor" value="Oracle Corporation"/>
    <property name="rat.skip" value="true"/>
    <property name="maven.home" value="/usr/share/maven"/>
    <property name="file.separator" value="/"/>
    <property name="java.vendor.url.bug" value="http://bugreport.sun.com/bugreport/"/>
    <property name="sun.cpu.endian" value="little"/>
    <property name="sun.io.unicode.encoding" value="UnicodeLittle"/>
    <property name="sun.cpu.isalist" value=""/>
  </properties>
  <testcase name="shouldDeleteByEntity" classname="com.nurkiewicz.jdbcrepository.mysql.JdbcRepositoryManualKeyMysqlTest" time="0">
    <skipped/>
    <system-out><![CDATA[22:42:09:119 | ERROR | main | o.s.t.c.t.TransactionalTestExecutionListener | Exception encountered while executing @BeforeTransaction methods for test context [DefaultTestContext@633c9699 testClass = JdbcRepositoryManualKeyMysqlTest, testInstance = com.nurkiewicz.jdbcrepository.mysql.JdbcRepositoryManualKeyMysqlTest@56dc6b33, testMethod = shouldDeleteByEntity@JdbcRepositoryManualKeyTest, testException = [null], mergedContextConfiguration = [MergedContextConfiguration@31373fc1 testClass = JdbcRepositoryManualKeyMysqlTest, locations = '{}', classes = '{class com.nurkiewicz.jdbcrepository.mysql.JdbcRepositoryTestMysqlConfig}', contextInitializerClasses = '[]', activeProfiles = '{}', propertySourceLocations = '{}', propertySourceProperties = '{}', contextLoader = 'org.springframework.test.context.support.AnnotationConfigContextLoader', parent = [null]]].
java.net.ConnectException: Connection refused (Connection refused)
	at java.net.PlainSocketImpl.socketConnect(Native Method) ~[na:1.8.0_262]
	at java.net.AbstractPlainSocketImpl.doConnect(AbstractPlainSocketImpl.java:350) ~[na:1.8.0_262]
	at java.net.AbstractPlainSocketImpl.connectToAddress(AbstractPlainSocketImpl.java:206) ~[na:1.8.0_262]
	at java.net.AbstractPlainSocketImpl.connect(AbstractPlainSocketImpl.java:188) ~[na:1.8.0_262]
	at java.net.SocksSocketImpl.connect(SocksSocketImpl.java:392) ~[na:1.8.0_262]
	at java.net.Socket.connect(Socket.java:607) ~[na:1.8.0_262]
	at java.net.Socket.connect(Socket.java:556) ~[na:1.8.0_262]
	at com.nurkiewicz.jdbcrepository.AbstractIntegrationTest.ignoreIfDatabaseNotAvailable(AbstractIntegrationTest.java:36) ~[test-classes/:na]
	... 28 common frames omitted
Wrapped by: org.junit.internal.AssumptionViolatedException: got: <java.net.ConnectException: Connection refused (Connection refused)>, expected: null
	at org.junit.Assume.assumeThat(Assume.java:95) ~[junit-4.11.jar:na]
	at org.junit.Assume.assumeNoException(Assume.java:142) ~[junit-4.11.jar:na]
	at com.nurkiewicz.jdbcrepository.AbstractIntegrationTest.ignoreIfDatabaseNotAvailable(AbstractIntegrationTest.java:39) ~[test-classes/:na]
	at sun.reflect.GeneratedMethodAccessor21.invoke(Unknown Source) ~[na:na]
	at sun.reflect.DelegatingMethodAccessorImpl.invoke(DelegatingMethodAccessorImpl.java:43) ~[na:1.8.0_262]
	at java.lang.reflect.Method.invoke(Method.java:498) ~[na:1.8.0_262]
	at org.springframework.test.context.transaction.TransactionalTestExecutionListener.runBeforeTransactionMethods(TransactionalTestExecutionListener.java:248) [spring-test-4.1.1.RELEASE.jar:4.1.1.RELEASE]
	at org.springframework.test.context.transaction.TransactionalTestExecutionListener.beforeTestMethod(TransactionalTestExecutionListener.java:198) [spring-test-4.1.1.RELEASE.jar:4.1.1.RELEASE]
	at org.springframework.test.context.TestContextManager.beforeTestMethod(TestContextManager.java:249) [spring-test-4.1.1.RELEASE.jar:4.1.1.RELEASE]
	at org.springframework.test.context.junit4.statements.RunBeforeTestMethodCallbacks.evaluate(RunBeforeTestMethodCallbacks.java:71) [spring-test-4.1.1.RELEASE.jar:4.1.1.RELEASE]
	at org.springframework.test.context.junit4.statements.RunAfterTestMethodCallbacks.evaluate(RunAfterTestMethodCallbacks.java:81) [spring-test-4.1.1.RELEASE.jar:4.1.1.RELEASE]
	at org.springframework.test.context.junit4.statements.SpringRepeat.evaluate(SpringRepeat.java:72) [spring-test-4.1.1.RELEASE.jar:4.1.1.RELEASE]
	at org.junit.runners.ParentRunner.runLeaf(ParentRunner.java:271) [junit-4.11.jar:na]
	at org.springframework.test.context.junit4.SpringJUnit4ClassRunner.runChild(SpringJUnit4ClassRunner.java:216) [spring-test-4.1.1.RELEASE.jar:4.1.1.RELEASE]
	at org.springframework.test.context.junit4.SpringJUnit4ClassRunner.runChild(SpringJUnit4ClassRunner.java:82) [spring-test-4.1.1.RELEASE.jar:4.1.1.RELEASE]
	at org.junit.runners.ParentRunner$3.run(ParentRunner.java:238) [junit-4.11.jar:na]
	at org.junit.runners.ParentRunner$1.schedule(ParentRunner.java:63) [junit-4.11.jar:na]
	at org.junit.runners.ParentRunner.runChildren(ParentRunner.java:236) [junit-4.11.jar:na]
	at org.junit.runners.ParentRunner.access$000(ParentRunner.java:53) [junit-4.11.jar:na]
	at org.junit.runners.ParentRunner$2.evaluate(ParentRunner.java:229) [junit-4.11.jar:na]
	at org.springframework.test.context.junit4.statements.RunBeforeTestClassCallbacks.evaluate(RunBeforeTestClassCallbacks.java:60) [spring-test-4.1.1.RELEASE.jar:4.1.1.RELEASE]
	at org.springframework.test.context.junit4.statements.RunAfterTestClassCallbacks.evaluate(RunAfterTestClassCallbacks.java:67) [spring-test-4.1.1.RELEASE.jar:4.1.1.RELEASE]
	at org.junit.runners.ParentRunner.run(ParentRunner.java:309) [junit-4.11.jar:na]
	at org.springframework.test.context.junit4.SpringJUnit4ClassRunner.run(SpringJUnit4ClassRunner.java:162) [spring-test-4.1.1.RELEASE.jar:4.1.1.RELEASE]
	at org.apache.maven.surefire.junit4.JUnit4Provider.execute(JUnit4Provider.java:367) [surefire-junit4-2.19.1.jar:2.19.1]
	at org.apache.maven.surefire.junit4.JUnit4Provider.executeWithRerun(JUnit4Provider.java:274) [surefire-junit4-2.19.1.jar:2.19.1]
	at org.apache.maven.surefire.junit4.JUnit4Provider.executeTestSet(JUnit4Provider.java:238) [surefire-junit4-2.19.1.jar:2.19.1]
	at org.apache.maven.surefire.junit4.JUnit4Provider.invoke(JUnit4Provider.java:161) [surefire-junit4-2.19.1.jar:2.19.1]
	at org.apache.maven.surefire.booter.ForkedBooter.invokeProviderInSameClassLoader(ForkedBooter.java:290) [surefire-booter-2.19.1.jar:2.19.1]
	at org.apache.maven.surefire.booter.ForkedBooter.runSuitesInProcess(ForkedBooter.java:242) [surefire-booter-2.19.1.jar:2.19.1]
	at org.apache.maven.surefire.booter.ForkedBooter.main(ForkedBooter.java:121) [surefire-booter-2.19.1.jar:2.19.1]
22:42:09:121 | WARN  | main | o.s.t.c.TestContextManager | Caught exception while allowing TestExecutionListener [org.springframework.test.context.transaction.TransactionalTestExecutionListener@44b3d336] to process 'before' execution of test method [public void com.nurkiewicz.jdbcrepository.JdbcRepositoryManualKeyTest.shouldDeleteByEntity() throws java.lang.Exception] for test instance [com.nurkiewicz.jdbcrepository.mysql.JdbcRepositoryManualKeyMysqlTest@56dc6b33]
java.net.ConnectException: Connection refused (Connection refused)
	at java.net.PlainSocketImpl.socketConnect(Native Method) ~[na:1.8.0_262]
	at java.net.AbstractPlainSocketImpl.doConnect(AbstractPlainSocketImpl.java:350) ~[na:1.8.0_262]
	at java.net.AbstractPlainSocketImpl.connectToAddress(AbstractPlainSocketImpl.java:206) ~[na:1.8.0_262]
	at java.net.AbstractPlainSocketImpl.connect(AbstractPlainSocketImpl.java:188) ~[na:1.8.0_262]
	at java.net.SocksSocketImpl.connect(SocksSocketImpl.java:392) ~[na:1.8.0_262]
	at java.net.Socket.connect(Socket.java:607) ~[na:1.8.0_262]
	at java.net.Socket.connect(Socket.java:556) ~[na:1.8.0_262]
	at com.nurkiewicz.jdbcrepository.AbstractIntegrationTest.ignoreIfDatabaseNotAvailable(AbstractIntegrationTest.java:36) ~[test-classes/:na]
	... 28 common frames omitted
Wrapped by: org.junit.internal.AssumptionViolatedException: got: <java.net.ConnectException: Connection refused (Connection refused)>, expected: null
	at org.junit.Assume.assumeThat(Assume.java:95) ~[junit-4.11.jar:na]
	at org.junit.Assume.assumeNoException(Assume.java:142) ~[junit-4.11.jar:na]
	at com.nurkiewicz.jdbcrepository.AbstractIntegrationTest.ignoreIfDatabaseNotAvailable(AbstractIntegrationTest.java:39) ~[test-classes/:na]
	at sun.reflect.GeneratedMethodAccessor21.invoke(Unknown Source) ~[na:na]
	at sun.reflect.DelegatingMethodAccessorImpl.invoke(DelegatingMethodAccessorImpl.java:43) ~[na:1.8.0_262]
	at java.lang.reflect.Method.invoke(Method.java:498) ~[na:1.8.0_262]
	at org.springframework.test.context.transaction.TransactionalTestExecutionListener.runBeforeTransactionMethods(TransactionalTestExecutionListener.java:248) ~[spring-test-4.1.1.RELEASE.jar:4.1.1.RELEASE]
	at org.springframework.test.context.transaction.TransactionalTestExecutionListener.beforeTestMethod(TransactionalTestExecutionListener.java:198) ~[spring-test-4.1.1.RELEASE.jar:4.1.1.RELEASE]
	at org.springframework.test.context.TestContextManager.beforeTestMethod(TestContextManager.java:249) ~[spring-test-4.1.1.RELEASE.jar:4.1.1.RELEASE]
	at org.springframework.test.context.junit4.statements.RunBeforeTestMethodCallbacks.evaluate(RunBeforeTestMethodCallbacks.java:71) [spring-test-4.1.1.RELEASE.jar:4.1.1.RELEASE]
	at org.springframework.test.context.junit4.statements.RunAfterTestMethodCallbacks.evaluate(RunAfterTestMethodCallbacks.java:81) [spring-test-4.1.1.RELEASE.jar:4.1.1.RELEASE]
	at org.springframework.test.context.junit4.statements.SpringRepeat.evaluate(SpringRepeat.java:72) [spring-test-4.1.1.RELEASE.jar:4.1.1.RELEASE]
	at org.junit.runners.ParentRunner.runLeaf(ParentRunner.java:271) [junit-4.11.jar:na]
	at org.springframework.test.context.junit4.SpringJUnit4ClassRunner.runChild(SpringJUnit4ClassRunner.java:216) [spring-test-4.1.1.RELEASE.jar:4.1.1.RELEASE]
	at org.springframework.test.context.junit4.SpringJUnit4ClassRunner.runChild(SpringJUnit4ClassRunner.java:82) [spring-test-4.1.1.RELEASE.jar:4.1.1.RELEASE]
	at org.junit.runners.ParentRunner$3.run(ParentRunner.java:238) [junit-4.11.jar:na]
	at org.junit.runners.ParentRunner$1.schedule(ParentRunner.java:63) [junit-4.11.jar:na]
	at org.junit.runners.ParentRunner.runChildren(ParentRunner.java:236) [junit-4.11.jar:na]
	at org.junit.runners.ParentRunner.access$000(ParentRunner.java:53) [junit-4.11.jar:na]
	at org.junit.runners.ParentRunner$2.evaluate(ParentRunner.java:229) [junit-4.11.jar:na]
	at org.springframework.test.context.junit4.statements.RunBeforeTestClassCallbacks.evaluate(RunBeforeTestClassCallbacks.java:60) [spring-test-4.1.1.RELEASE.jar:4.1.1.RELEASE]
	at org.springframework.test.context.junit4.statements.RunAfterTestClassCallbacks.evaluate(RunAfterTestClassCallbacks.java:67) [spring-test-4.1.1.RELEASE.jar:4.1.1.RELEASE]
	at org.junit.runners.ParentRunner.run(ParentRunner.java:309) [junit-4.11.jar:na]
	at org.springframework.test.context.junit4.SpringJUnit4ClassRunner.run(SpringJUnit4ClassRunner.java:162) [spring-test-4.1.1.RELEASE.jar:4.1.1.RELEASE]
	at org.apache.maven.surefire.junit4.JUnit4Provider.execute(JUnit4Provider.java:367) [surefire-junit4-2.19.1.jar:2.19.1]
	at org.apache.maven.surefire.junit4.JUnit4Provider.executeWithRerun(JUnit4Provider.java:274) [surefire-junit4-2.19.1.jar:2.19.1]
	at org.apache.maven.surefire.junit4.JUnit4Provider.executeTestSet(JUnit4Provider.java:238) [surefire-junit4-2.19.1.jar:2.19.1]
	at org.apache.maven.surefire.junit4.JUnit4Provider.invoke(JUnit4Provider.java:161) [surefire-junit4-2.19.1.jar:2.19.1]
	at org.apache.maven.surefire.booter.ForkedBooter.invokeProviderInSameClassLoader(ForkedBooter.java:290) [surefire-booter-2.19.1.jar:2.19.1]
	at org.apache.maven.surefire.booter.ForkedBooter.runSuitesInProcess(ForkedBooter.java:242) [surefire-booter-2.19.1.jar:2.19.1]
	at org.apache.maven.surefire.booter.ForkedBooter.main(ForkedBooter.java:121) [surefire-booter-2.19.1.jar:2.19.1]
]]></system-out>
  </testcase>
  <testcase name="shouldDeleteEntityById" classname="com.nurkiewicz.jdbcrepository.mysql.JdbcRepositoryManualKeyMysqlTest" time="0">
    <skipped/>
    <system-out><![CDATA[22:42:09:124 | ERROR | main | o.s.t.c.t.TransactionalTestExecutionListener | Exception encountered while executing @BeforeTransaction methods for test context [DefaultTestContext@633c9699 testClass = JdbcRepositoryManualKeyMysqlTest, testInstance = com.nurkiewicz.jdbcrepository.mysql.JdbcRepositoryManualKeyMysqlTest@760c63d0, testMethod = shouldDeleteEntityById@JdbcRepositoryManualKeyTest, testException = [null], mergedContextConfiguration = [MergedContextConfiguration@31373fc1 testClass = JdbcRepositoryManualKeyMysqlTest, locations = '{}', classes = '{class com.nurkiewicz.jdbcrepository.mysql.JdbcRepositoryTestMysqlConfig}', contextInitializerClasses = '[]', activeProfiles = '{}', propertySourceLocations = '{}', propertySourceProperties = '{}', contextLoader = 'org.springframework.test.context.support.AnnotationConfigContextLoader', parent = [null]]].
java.net.ConnectException: Connection refused (Connection refused)
	at java.net.PlainSocketImpl.socketConnect(Native Method) ~[na:1.8.0_262]
	at java.net.AbstractPlainSocketImpl.doConnect(AbstractPlainSocketImpl.java:350) ~[na:1.8.0_262]
	at java.net.AbstractPlainSocketImpl.connectToAddress(AbstractPlainSocketImpl.java:206) ~[na:1.8.0_262]
	at java.net.AbstractPlainSocketImpl.connect(AbstractPlainSocketImpl.java:188) ~[na:1.8.0_262]
	at java.net.SocksSocketImpl.connect(SocksSocketImpl.java:392) ~[na:1.8.0_262]
	at java.net.Socket.connect(Socket.java:607) ~[na:1.8.0_262]
	at java.net.Socket.connect(Socket.java:556) ~[na:1.8.0_262]
	at com.nurkiewicz.jdbcrepository.AbstractIntegrationTest.ignoreIfDatabaseNotAvailable(AbstractIntegrationTest.java:36) ~[test-classes/:na]
	... 28 common frames omitted
Wrapped by: org.junit.internal.AssumptionViolatedException: got: <java.net.ConnectException: Connection refused (Connection refused)>, expected: null
	at org.junit.Assume.assumeThat(Assume.java:95) ~[junit-4.11.jar:na]
	at org.junit.Assume.assumeNoException(Assume.java:142) ~[junit-4.11.jar:na]
	at com.nurkiewicz.jdbcrepository.AbstractIntegrationTest.ignoreIfDatabaseNotAvailable(AbstractIntegrationTest.java:39) ~[test-classes/:na]
	at sun.reflect.GeneratedMethodAccessor21.invoke(Unknown Source) ~[na:na]
	at sun.reflect.DelegatingMethodAccessorImpl.invoke(DelegatingMethodAccessorImpl.java:43) ~[na:1.8.0_262]
	at java.lang.reflect.Method.invoke(Method.java:498) ~[na:1.8.0_262]
	at org.springframework.test.context.transaction.TransactionalTestExecutionListener.runBeforeTransactionMethods(TransactionalTestExecutionListener.java:248) [spring-test-4.1.1.RELEASE.jar:4.1.1.RELEASE]
	at org.springframework.test.context.transaction.TransactionalTestExecutionListener.beforeTestMethod(TransactionalTestExecutionListener.java:198) [spring-test-4.1.1.RELEASE.jar:4.1.1.RELEASE]
	at org.springframework.test.context.TestContextManager.beforeTestMethod(TestContextManager.java:249) [spring-test-4.1.1.RELEASE.jar:4.1.1.RELEASE]
	at org.springframework.test.context.junit4.statements.RunBeforeTestMethodCallbacks.evaluate(RunBeforeTestMethodCallbacks.java:71) [spring-test-4.1.1.RELEASE.jar:4.1.1.RELEASE]
	at org.springframework.test.context.junit4.statements.RunAfterTestMethodCallbacks.evaluate(RunAfterTestMethodCallbacks.java:81) [spring-test-4.1.1.RELEASE.jar:4.1.1.RELEASE]
	at org.springframework.test.context.junit4.statements.SpringRepeat.evaluate(SpringRepeat.java:72) [spring-test-4.1.1.RELEASE.jar:4.1.1.RELEASE]
	at org.junit.runners.ParentRunner.runLeaf(ParentRunner.java:271) [junit-4.11.jar:na]
	at org.springframework.test.context.junit4.SpringJUnit4ClassRunner.runChild(SpringJUnit4ClassRunner.java:216) [spring-test-4.1.1.RELEASE.jar:4.1.1.RELEASE]
	at org.springframework.test.context.junit4.SpringJUnit4ClassRunner.runChild(SpringJUnit4ClassRunner.java:82) [spring-test-4.1.1.RELEASE.jar:4.1.1.RELEASE]
	at org.junit.runners.ParentRunner$3.run(ParentRunner.java:238) [junit-4.11.jar:na]
	at org.junit.runners.ParentRunner$1.schedule(ParentRunner.java:63) [junit-4.11.jar:na]
	at org.junit.runners.ParentRunner.runChildren(ParentRunner.java:236) [junit-4.11.jar:na]
	at org.junit.runners.ParentRunner.access$000(ParentRunner.java:53) [junit-4.11.jar:na]
	at org.junit.runners.ParentRunner$2.evaluate(ParentRunner.java:229) [junit-4.11.jar:na]
	at org.springframework.test.context.junit4.statements.RunBeforeTestClassCallbacks.evaluate(RunBeforeTestClassCallbacks.java:60) [spring-test-4.1.1.RELEASE.jar:4.1.1.RELEASE]
	at org.springframework.test.context.junit4.statements.RunAfterTestClassCallbacks.evaluate(RunAfterTestClassCallbacks.java:67) [spring-test-4.1.1.RELEASE.jar:4.1.1.RELEASE]
	at org.junit.runners.ParentRunner.run(ParentRunner.java:309) [junit-4.11.jar:na]
	at org.springframework.test.context.junit4.SpringJUnit4ClassRunner.run(SpringJUnit4ClassRunner.java:162) [spring-test-4.1.1.RELEASE.jar:4.1.1.RELEASE]
	at org.apache.maven.surefire.junit4.JUnit4Provider.execute(JUnit4Provider.java:367) [surefire-junit4-2.19.1.jar:2.19.1]
	at org.apache.maven.surefire.junit4.JUnit4Provider.executeWithRerun(JUnit4Provider.java:274) [surefire-junit4-2.19.1.jar:2.19.1]
	at org.apache.maven.surefire.junit4.JUnit4Provider.executeTestSet(JUnit4Provider.java:238) [surefire-junit4-2.19.1.jar:2.19.1]
	at org.apache.maven.surefire.junit4.JUnit4Provider.invoke(JUnit4Provider.java:161) [surefire-junit4-2.19.1.jar:2.19.1]
	at org.apache.maven.surefire.booter.ForkedBooter.invokeProviderInSameClassLoader(ForkedBooter.java:290) [surefire-booter-2.19.1.jar:2.19.1]
	at org.apache.maven.surefire.booter.ForkedBooter.runSuitesInProcess(ForkedBooter.java:242) [surefire-booter-2.19.1.jar:2.19.1]
	at org.apache.maven.surefire.booter.ForkedBooter.main(ForkedBooter.java:121) [surefire-booter-2.19.1.jar:2.19.1]
22:42:09:128 | WARN  | main | o.s.t.c.TestContextManager | Caught exception while allowing TestExecutionListener [org.springframework.test.context.transaction.TransactionalTestExecutionListener@44b3d336] to process 'before' execution of test method [public void com.nurkiewicz.jdbcrepository.JdbcRepositoryManualKeyTest.shouldDeleteEntityById() throws java.lang.Exception] for test instance [com.nurkiewicz.jdbcrepository.mysql.JdbcRepositoryManualKeyMysqlTest@760c63d0]
java.net.ConnectException: Connection refused (Connection refused)
	at java.net.PlainSocketImpl.socketConnect(Native Method) ~[na:1.8.0_262]
	at java.net.AbstractPlainSocketImpl.doConnect(AbstractPlainSocketImpl.java:350) ~[na:1.8.0_262]
	at java.net.AbstractPlainSocketImpl.connectToAddress(AbstractPlainSocketImpl.java:206) ~[na:1.8.0_262]
	at java.net.AbstractPlainSocketImpl.connect(AbstractPlainSocketImpl.java:188) ~[na:1.8.0_262]
	at java.net.SocksSocketImpl.connect(SocksSocketImpl.java:392) ~[na:1.8.0_262]
	at java.net.Socket.connect(Socket.java:607) ~[na:1.8.0_262]
	at java.net.Socket.connect(Socket.java:556) ~[na:1.8.0_262]
	at com.nurkiewicz.jdbcrepository.AbstractIntegrationTest.ignoreIfDatabaseNotAvailable(AbstractIntegrationTest.java:36) ~[test-classes/:na]
	... 28 common frames omitted
Wrapped by: org.junit.internal.AssumptionViolatedException: got: <java.net.ConnectException: Connection refused (Connection refused)>, expected: null
	at org.junit.Assume.assumeThat(Assume.java:95) ~[junit-4.11.jar:na]
	at org.junit.Assume.assumeNoException(Assume.java:142) ~[junit-4.11.jar:na]
	at com.nurkiewicz.jdbcrepository.AbstractIntegrationTest.ignoreIfDatabaseNotAvailable(AbstractIntegrationTest.java:39) ~[test-classes/:na]
	at sun.reflect.GeneratedMethodAccessor21.invoke(Unknown Source) ~[na:na]
	at sun.reflect.DelegatingMethodAccessorImpl.invoke(DelegatingMethodAccessorImpl.java:43) ~[na:1.8.0_262]
	at java.lang.reflect.Method.invoke(Method.java:498) ~[na:1.8.0_262]
	at org.springframework.test.context.transaction.TransactionalTestExecutionListener.runBeforeTransactionMethods(TransactionalTestExecutionListener.java:248) ~[spring-test-4.1.1.RELEASE.jar:4.1.1.RELEASE]
	at org.springframework.test.context.transaction.TransactionalTestExecutionListener.beforeTestMethod(TransactionalTestExecutionListener.java:198) ~[spring-test-4.1.1.RELEASE.jar:4.1.1.RELEASE]
	at org.springframework.test.context.TestContextManager.beforeTestMethod(TestContextManager.java:249) ~[spring-test-4.1.1.RELEASE.jar:4.1.1.RELEASE]
	at org.springframework.test.context.junit4.statements.RunBeforeTestMethodCallbacks.evaluate(RunBeforeTestMethodCallbacks.java:71) [spring-test-4.1.1.RELEASE.jar:4.1.1.RELEASE]
	at org.springframework.test.context.junit4.statements.RunAfterTestMethodCallbacks.evaluate(RunAfterTestMethodCallbacks.java:81) [spring-test-4.1.1.RELEASE.jar:4.1.1.RELEASE]
	at org.springframework.test.context.junit4.statements.SpringRepeat.evaluate(SpringRepeat.java:72) [spring-test-4.1.1.RELEASE.jar:4.1.1.RELEASE]
	at org.junit.runners.ParentRunner.runLeaf(ParentRunner.java:271) [junit-4.11.jar:na]
	at org.springframework.test.context.junit4.SpringJUnit4ClassRunner.runChild(SpringJUnit4ClassRunner.java:216) [spring-test-4.1.1.RELEASE.jar:4.1.1.RELEASE]
	at org.springframework.test.context.junit4.SpringJUnit4ClassRunner.runChild(SpringJUnit4ClassRunner.java:82) [spring-test-4.1.1.RELEASE.jar:4.1.1.RELEASE]
	at org.junit.runners.ParentRunner$3.run(ParentRunner.java:238) [junit-4.11.jar:na]
	at org.junit.runners.ParentRunner$1.schedule(ParentRunner.java:63) [junit-4.11.jar:na]
	at org.junit.runners.ParentRunner.runChildren(ParentRunner.java:236) [junit-4.11.jar:na]
	at org.junit.runners.ParentRunner.access$000(ParentRunner.java:53) [junit-4.11.jar:na]
	at org.junit.runners.ParentRunner$2.evaluate(ParentRunner.java:229) [junit-4.11.jar:na]
	at org.springframework.test.context.junit4.statements.RunBeforeTestClassCallbacks.evaluate(RunBeforeTestClassCallbacks.java:60) [spring-test-4.1.1.RELEASE.jar:4.1.1.RELEASE]
	at org.springframework.test.context.junit4.statements.RunAfterTestClassCallbacks.evaluate(RunAfterTestClassCallbacks.java:67) [spring-test-4.1.1.RELEASE.jar:4.1.1.RELEASE]
	at org.junit.runners.ParentRunner.run(ParentRunner.java:309) [junit-4.11.jar:na]
	at org.springframework.test.context.junit4.SpringJUnit4ClassRunner.run(SpringJUnit4ClassRunner.java:162) [spring-test-4.1.1.RELEASE.jar:4.1.1.RELEASE]
	at org.apache.maven.surefire.junit4.JUnit4Provider.execute(JUnit4Provider.java:367) [surefire-junit4-2.19.1.jar:2.19.1]
	at org.apache.maven.surefire.junit4.JUnit4Provider.executeWithRerun(JUnit4Provider.java:274) [surefire-junit4-2.19.1.jar:2.19.1]
	at org.apache.maven.surefire.junit4.JUnit4Provider.executeTestSet(JUnit4Provider.java:238) [surefire-junit4-2.19.1.jar:2.19.1]
	at org.apache.maven.surefire.junit4.JUnit4Provider.invoke(JUnit4Provider.java:161) [surefire-junit4-2.19.1.jar:2.19.1]
	at org.apache.maven.surefire.booter.ForkedBooter.invokeProviderInSameClassLoader(ForkedBooter.java:290) [surefire-booter-2.19.1.jar:2.19.1]
	at org.apache.maven.surefire.booter.ForkedBooter.runSuitesInProcess(ForkedBooter.java:242) [surefire-booter-2.19.1.jar:2.19.1]
	at org.apache.maven.surefire.booter.ForkedBooter.main(ForkedBooter.java:121) [surefire-booter-2.19.1.jar:2.19.1]
]]></system-out>
  </testcase>
  <testcase name="shouldSaveOneRecord" classname="com.nurkiewicz.jdbcrepository.mysql.JdbcRepositoryManualKeyMysqlTest" time="0">
    <skipped/>
    <system-out><![CDATA[22:42:09:130 | ERROR | main | o.s.t.c.t.TransactionalTestExecutionListener | Exception encountered while executing @BeforeTransaction methods for test context [DefaultTestContext@633c9699 testClass = JdbcRepositoryManualKeyMysqlTest, testInstance = com.nurkiewicz.jdbcrepository.mysql.JdbcRepositoryManualKeyMysqlTest@243dc57b, testMethod = shouldSaveOneRecord@JdbcRepositoryManualKeyTest, testException = [null], mergedContextConfiguration = [MergedContextConfiguration@31373fc1 testClass = JdbcRepositoryManualKeyMysqlTest, locations = '{}', classes = '{class com.nurkiewicz.jdbcrepository.mysql.JdbcRepositoryTestMysqlConfig}', contextInitializerClasses = '[]', activeProfiles = '{}', propertySourceLocations = '{}', propertySourceProperties = '{}', contextLoader = 'org.springframework.test.context.support.AnnotationConfigContextLoader', parent = [null]]].
java.net.ConnectException: Connection refused (Connection refused)
	at java.net.PlainSocketImpl.socketConnect(Native Method) ~[na:1.8.0_262]
	at java.net.AbstractPlainSocketImpl.doConnect(AbstractPlainSocketImpl.java:350) ~[na:1.8.0_262]
	at java.net.AbstractPlainSocketImpl.connectToAddress(AbstractPlainSocketImpl.java:206) ~[na:1.8.0_262]
	at java.net.AbstractPlainSocketImpl.connect(AbstractPlainSocketImpl.java:188) ~[na:1.8.0_262]
	at java.net.SocksSocketImpl.connect(SocksSocketImpl.java:392) ~[na:1.8.0_262]
	at java.net.Socket.connect(Socket.java:607) ~[na:1.8.0_262]
	at java.net.Socket.connect(Socket.java:556) ~[na:1.8.0_262]
	at com.nurkiewicz.jdbcrepository.AbstractIntegrationTest.ignoreIfDatabaseNotAvailable(AbstractIntegrationTest.java:36) ~[test-classes/:na]
	... 28 common frames omitted
Wrapped by: org.junit.internal.AssumptionViolatedException: got: <java.net.ConnectException: Connection refused (Connection refused)>, expected: null
	at org.junit.Assume.assumeThat(Assume.java:95) ~[junit-4.11.jar:na]
	at org.junit.Assume.assumeNoException(Assume.java:142) ~[junit-4.11.jar:na]
	at com.nurkiewicz.jdbcrepository.AbstractIntegrationTest.ignoreIfDatabaseNotAvailable(AbstractIntegrationTest.java:39) ~[test-classes/:na]
	at sun.reflect.GeneratedMethodAccessor21.invoke(Unknown Source) ~[na:na]
	at sun.reflect.DelegatingMethodAccessorImpl.invoke(DelegatingMethodAccessorImpl.java:43) ~[na:1.8.0_262]
	at java.lang.reflect.Method.invoke(Method.java:498) ~[na:1.8.0_262]
	at org.springframework.test.context.transaction.TransactionalTestExecutionListener.runBeforeTransactionMethods(TransactionalTestExecutionListener.java:248) [spring-test-4.1.1.RELEASE.jar:4.1.1.RELEASE]
	at org.springframework.test.context.transaction.TransactionalTestExecutionListener.beforeTestMethod(TransactionalTestExecutionListener.java:198) [spring-test-4.1.1.RELEASE.jar:4.1.1.RELEASE]
	at org.springframework.test.context.TestContextManager.beforeTestMethod(TestContextManager.java:249) [spring-test-4.1.1.RELEASE.jar:4.1.1.RELEASE]
	at org.springframework.test.context.junit4.statements.RunBeforeTestMethodCallbacks.evaluate(RunBeforeTestMethodCallbacks.java:71) [spring-test-4.1.1.RELEASE.jar:4.1.1.RELEASE]
	at org.springframework.test.context.junit4.statements.RunAfterTestMethodCallbacks.evaluate(RunAfterTestMethodCallbacks.java:81) [spring-test-4.1.1.RELEASE.jar:4.1.1.RELEASE]
	at org.springframework.test.context.junit4.statements.SpringRepeat.evaluate(SpringRepeat.java:72) [spring-test-4.1.1.RELEASE.jar:4.1.1.RELEASE]
	at org.junit.runners.ParentRunner.runLeaf(ParentRunner.java:271) [junit-4.11.jar:na]
	at org.springframework.test.context.junit4.SpringJUnit4ClassRunner.runChild(SpringJUnit4ClassRunner.java:216) [spring-test-4.1.1.RELEASE.jar:4.1.1.RELEASE]
	at org.springframework.test.context.junit4.SpringJUnit4ClassRunner.runChild(SpringJUnit4ClassRunner.java:82) [spring-test-4.1.1.RELEASE.jar:4.1.1.RELEASE]
	at org.junit.runners.ParentRunner$3.run(ParentRunner.java:238) [junit-4.11.jar:na]
	at org.junit.runners.ParentRunner$1.schedule(ParentRunner.java:63) [junit-4.11.jar:na]
	at org.junit.runners.ParentRunner.runChildren(ParentRunner.java:236) [junit-4.11.jar:na]
	at org.junit.runners.ParentRunner.access$000(ParentRunner.java:53) [junit-4.11.jar:na]
	at org.junit.runners.ParentRunner$2.evaluate(ParentRunner.java:229) [junit-4.11.jar:na]
	at org.springframework.test.context.junit4.statements.RunBeforeTestClassCallbacks.evaluate(RunBeforeTestClassCallbacks.java:60) [spring-test-4.1.1.RELEASE.jar:4.1.1.RELEASE]
	at org.springframework.test.context.junit4.statements.RunAfterTestClassCallbacks.evaluate(RunAfterTestClassCallbacks.java:67) [spring-test-4.1.1.RELEASE.jar:4.1.1.RELEASE]
	at org.junit.runners.ParentRunner.run(ParentRunner.java:309) [junit-4.11.jar:na]
	at org.springframework.test.context.junit4.SpringJUnit4ClassRunner.run(SpringJUnit4ClassRunner.java:162) [spring-test-4.1.1.RELEASE.jar:4.1.1.RELEASE]
	at org.apache.maven.surefire.junit4.JUnit4Provider.execute(JUnit4Provider.java:367) [surefire-junit4-2.19.1.jar:2.19.1]
	at org.apache.maven.surefire.junit4.JUnit4Provider.executeWithRerun(JUnit4Provider.java:274) [surefire-junit4-2.19.1.jar:2.19.1]
	at org.apache.maven.surefire.junit4.JUnit4Provider.executeTestSet(JUnit4Provider.java:238) [surefire-junit4-2.19.1.jar:2.19.1]
	at org.apache.maven.surefire.junit4.JUnit4Provider.invoke(JUnit4Provider.java:161) [surefire-junit4-2.19.1.jar:2.19.1]
	at org.apache.maven.surefire.booter.ForkedBooter.invokeProviderInSameClassLoader(ForkedBooter.java:290) [surefire-booter-2.19.1.jar:2.19.1]
	at org.apache.maven.surefire.booter.ForkedBooter.runSuitesInProcess(ForkedBooter.java:242) [surefire-booter-2.19.1.jar:2.19.1]
	at org.apache.maven.surefire.booter.ForkedBooter.main(ForkedBooter.java:121) [surefire-booter-2.19.1.jar:2.19.1]
22:42:09:131 | WARN  | main | o.s.t.c.TestContextManager | Caught exception while allowing TestExecutionListener [org.springframework.test.context.transaction.TransactionalTestExecutionListener@44b3d336] to process 'before' execution of test method [public void com.nurkiewicz.jdbcrepository.JdbcRepositoryManualKeyTest.shouldSaveOneRecord()] for test instance [com.nurkiewicz.jdbcrepository.mysql.JdbcRepositoryManualKeyMysqlTest@243dc57b]
java.net.ConnectException: Connection refused (Connection refused)
	at java.net.PlainSocketImpl.socketConnect(Native Method) ~[na:1.8.0_262]
	at java.net.AbstractPlainSocketImpl.doConnect(AbstractPlainSocketImpl.java:350) ~[na:1.8.0_262]
	at java.net.AbstractPlainSocketImpl.connectToAddress(AbstractPlainSocketImpl.java:206) ~[na:1.8.0_262]
	at java.net.AbstractPlainSocketImpl.connect(AbstractPlainSocketImpl.java:188) ~[na:1.8.0_262]
	at java.net.SocksSocketImpl.connect(SocksSocketImpl.java:392) ~[na:1.8.0_262]
	at java.net.Socket.connect(Socket.java:607) ~[na:1.8.0_262]
	at java.net.Socket.connect(Socket.java:556) ~[na:1.8.0_262]
	at com.nurkiewicz.jdbcrepository.AbstractIntegrationTest.ignoreIfDatabaseNotAvailable(AbstractIntegrationTest.java:36) ~[test-classes/:na]
	... 28 common frames omitted
Wrapped by: org.junit.internal.AssumptionViolatedException: got: <java.net.ConnectException: Connection refused (Connection refused)>, expected: null
	at org.junit.Assume.assumeThat(Assume.java:95) ~[junit-4.11.jar:na]
	at org.junit.Assume.assumeNoException(Assume.java:142) ~[junit-4.11.jar:na]
	at com.nurkiewicz.jdbcrepository.AbstractIntegrationTest.ignoreIfDatabaseNotAvailable(AbstractIntegrationTest.java:39) ~[test-classes/:na]
	at sun.reflect.GeneratedMethodAccessor21.invoke(Unknown Source) ~[na:na]
	at sun.reflect.DelegatingMethodAccessorImpl.invoke(DelegatingMethodAccessorImpl.java:43) ~[na:1.8.0_262]
	at java.lang.reflect.Method.invoke(Method.java:498) ~[na:1.8.0_262]
	at org.springframework.test.context.transaction.TransactionalTestExecutionListener.runBeforeTransactionMethods(TransactionalTestExecutionListener.java:248) ~[spring-test-4.1.1.RELEASE.jar:4.1.1.RELEASE]
	at org.springframework.test.context.transaction.TransactionalTestExecutionListener.beforeTestMethod(TransactionalTestExecutionListener.java:198) ~[spring-test-4.1.1.RELEASE.jar:4.1.1.RELEASE]
	at org.springframework.test.context.TestContextManager.beforeTestMethod(TestContextManager.java:249) ~[spring-test-4.1.1.RELEASE.jar:4.1.1.RELEASE]
	at org.springframework.test.context.junit4.statements.RunBeforeTestMethodCallbacks.evaluate(RunBeforeTestMethodCallbacks.java:71) [spring-test-4.1.1.RELEASE.jar:4.1.1.RELEASE]
	at org.springframework.test.context.junit4.statements.RunAfterTestMethodCallbacks.evaluate(RunAfterTestMethodCallbacks.java:81) [spring-test-4.1.1.RELEASE.jar:4.1.1.RELEASE]
	at org.springframework.test.context.junit4.statements.SpringRepeat.evaluate(SpringRepeat.java:72) [spring-test-4.1.1.RELEASE.jar:4.1.1.RELEASE]
	at org.junit.runners.ParentRunner.runLeaf(ParentRunner.java:271) [junit-4.11.jar:na]
	at org.springframework.test.context.junit4.SpringJUnit4ClassRunner.runChild(SpringJUnit4ClassRunner.java:216) [spring-test-4.1.1.RELEASE.jar:4.1.1.RELEASE]
	at org.springframework.test.context.junit4.SpringJUnit4ClassRunner.runChild(SpringJUnit4ClassRunner.java:82) [spring-test-4.1.1.RELEASE.jar:4.1.1.RELEASE]
	at org.junit.runners.ParentRunner$3.run(ParentRunner.java:238) [junit-4.11.jar:na]
	at org.junit.runners.ParentRunner$1.schedule(ParentRunner.java:63) [junit-4.11.jar:na]
	at org.junit.runners.ParentRunner.runChildren(ParentRunner.java:236) [junit-4.11.jar:na]
	at org.junit.runners.ParentRunner.access$000(ParentRunner.java:53) [junit-4.11.jar:na]
	at org.junit.runners.ParentRunner$2.evaluate(ParentRunner.java:229) [junit-4.11.jar:na]
	at org.springframework.test.context.junit4.statements.RunBeforeTestClassCallbacks.evaluate(RunBeforeTestClassCallbacks.java:60) [spring-test-4.1.1.RELEASE.jar:4.1.1.RELEASE]
	at org.springframework.test.context.junit4.statements.RunAfterTestClassCallbacks.evaluate(RunAfterTestClassCallbacks.java:67) [spring-test-4.1.1.RELEASE.jar:4.1.1.RELEASE]
	at org.junit.runners.ParentRunner.run(ParentRunner.java:309) [junit-4.11.jar:na]
	at org.springframework.test.context.junit4.SpringJUnit4ClassRunner.run(SpringJUnit4ClassRunner.java:162) [spring-test-4.1.1.RELEASE.jar:4.1.1.RELEASE]
	at org.apache.maven.surefire.junit4.JUnit4Provider.execute(JUnit4Provider.java:367) [surefire-junit4-2.19.1.jar:2.19.1]
	at org.apache.maven.surefire.junit4.JUnit4Provider.executeWithRerun(JUnit4Provider.java:274) [surefire-junit4-2.19.1.jar:2.19.1]
	at org.apache.maven.surefire.junit4.JUnit4Provider.executeTestSet(JUnit4Provider.java:238) [surefire-junit4-2.19.1.jar:2.19.1]
	at org.apache.maven.surefire.junit4.JUnit4Provider.invoke(JUnit4Provider.java:161) [surefire-junit4-2.19.1.jar:2.19.1]
	at org.apache.maven.surefire.booter.ForkedBooter.invokeProviderInSameClassLoader(ForkedBooter.java:290) [surefire-booter-2.19.1.jar:2.19.1]
	at org.apache.maven.surefire.booter.ForkedBooter.runSuitesInProcess(ForkedBooter.java:242) [surefire-booter-2.19.1.jar:2.19.1]
	at org.apache.maven.surefire.booter.ForkedBooter.main(ForkedBooter.java:121) [surefire-booter-2.19.1.jar:2.19.1]
]]></system-out>
  </testcase>
  <testcase name="shouldReturnSecondPageSortedByReputation" classname="com.nurkiewicz.jdbcrepository.mysql.JdbcRepositoryManualKeyMysqlTest" time="0">
    <skipped/>
    <system-out><![CDATA[22:42:09:133 | ERROR | main | o.s.t.c.t.TransactionalTestExecutionListener | Exception encountered while executing @BeforeTransaction methods for test context [DefaultTestContext@633c9699 testClass = JdbcRepositoryManualKeyMysqlTest, testInstance = com.nurkiewicz.jdbcrepository.mysql.JdbcRepositoryManualKeyMysqlTest@12ce5274, testMethod = shouldReturnSecondPageSortedByReputation@JdbcRepositoryManualKeyTest, testException = [null], mergedContextConfiguration = [MergedContextConfiguration@31373fc1 testClass = JdbcRepositoryManualKeyMysqlTest, locations = '{}', classes = '{class com.nurkiewicz.jdbcrepository.mysql.JdbcRepositoryTestMysqlConfig}', contextInitializerClasses = '[]', activeProfiles = '{}', propertySourceLocations = '{}', propertySourceProperties = '{}', contextLoader = 'org.springframework.test.context.support.AnnotationConfigContextLoader', parent = [null]]].
java.net.ConnectException: Connection refused (Connection refused)
	at java.net.PlainSocketImpl.socketConnect(Native Method) ~[na:1.8.0_262]
	at java.net.AbstractPlainSocketImpl.doConnect(AbstractPlainSocketImpl.java:350) ~[na:1.8.0_262]
	at java.net.AbstractPlainSocketImpl.connectToAddress(AbstractPlainSocketImpl.java:206) ~[na:1.8.0_262]
	at java.net.AbstractPlainSocketImpl.connect(AbstractPlainSocketImpl.java:188) ~[na:1.8.0_262]
	at java.net.SocksSocketImpl.connect(SocksSocketImpl.java:392) ~[na:1.8.0_262]
	at java.net.Socket.connect(Socket.java:607) ~[na:1.8.0_262]
	at java.net.Socket.connect(Socket.java:556) ~[na:1.8.0_262]
	at com.nurkiewicz.jdbcrepository.AbstractIntegrationTest.ignoreIfDatabaseNotAvailable(AbstractIntegrationTest.java:36) ~[test-classes/:na]
	... 28 common frames omitted
Wrapped by: org.junit.internal.AssumptionViolatedException: got: <java.net.ConnectException: Connection refused (Connection refused)>, expected: null
	at org.junit.Assume.assumeThat(Assume.java:95) ~[junit-4.11.jar:na]
	at org.junit.Assume.assumeNoException(Assume.java:142) ~[junit-4.11.jar:na]
	at com.nurkiewicz.jdbcrepository.AbstractIntegrationTest.ignoreIfDatabaseNotAvailable(AbstractIntegrationTest.java:39) ~[test-classes/:na]
	at sun.reflect.GeneratedMethodAccessor21.invoke(Unknown Source) ~[na:na]
	at sun.reflect.DelegatingMethodAccessorImpl.invoke(DelegatingMethodAccessorImpl.java:43) ~[na:1.8.0_262]
	at java.lang.reflect.Method.invoke(Method.java:498) ~[na:1.8.0_262]
	at org.springframework.test.context.transaction.TransactionalTestExecutionListener.runBeforeTransactionMethods(TransactionalTestExecutionListener.java:248) [spring-test-4.1.1.RELEASE.jar:4.1.1.RELEASE]
	at org.springframework.test.context.transaction.TransactionalTestExecutionListener.beforeTestMethod(TransactionalTestExecutionListener.java:198) [spring-test-4.1.1.RELEASE.jar:4.1.1.RELEASE]
	at org.springframework.test.context.TestContextManager.beforeTestMethod(TestContextManager.java:249) [spring-test-4.1.1.RELEASE.jar:4.1.1.RELEASE]
	at org.springframework.test.context.junit4.statements.RunBeforeTestMethodCallbacks.evaluate(RunBeforeTestMethodCallbacks.java:71) [spring-test-4.1.1.RELEASE.jar:4.1.1.RELEASE]
	at org.springframework.test.context.junit4.statements.RunAfterTestMethodCallbacks.evaluate(RunAfterTestMethodCallbacks.java:81) [spring-test-4.1.1.RELEASE.jar:4.1.1.RELEASE]
	at org.springframework.test.context.junit4.statements.SpringRepeat.evaluate(SpringRepeat.java:72) [spring-test-4.1.1.RELEASE.jar:4.1.1.RELEASE]
	at org.junit.runners.ParentRunner.runLeaf(ParentRunner.java:271) [junit-4.11.jar:na]
	at org.springframework.test.context.junit4.SpringJUnit4ClassRunner.runChild(SpringJUnit4ClassRunner.java:216) [spring-test-4.1.1.RELEASE.jar:4.1.1.RELEASE]
	at org.springframework.test.context.junit4.SpringJUnit4ClassRunner.runChild(SpringJUnit4ClassRunner.java:82) [spring-test-4.1.1.RELEASE.jar:4.1.1.RELEASE]
	at org.junit.runners.ParentRunner$3.run(ParentRunner.java:238) [junit-4.11.jar:na]
	at org.junit.runners.ParentRunner$1.schedule(ParentRunner.java:63) [junit-4.11.jar:na]
	at org.junit.runners.ParentRunner.runChildren(ParentRunner.java:236) [junit-4.11.jar:na]
	at org.junit.runners.ParentRunner.access$000(ParentRunner.java:53) [junit-4.11.jar:na]
	at org.junit.runners.ParentRunner$2.evaluate(ParentRunner.java:229) [junit-4.11.jar:na]
	at org.springframework.test.context.junit4.statements.RunBeforeTestClassCallbacks.evaluate(RunBeforeTestClassCallbacks.java:60) [spring-test-4.1.1.RELEASE.jar:4.1.1.RELEASE]
	at org.springframework.test.context.junit4.statements.RunAfterTestClassCallbacks.evaluate(RunAfterTestClassCallbacks.java:67) [spring-test-4.1.1.RELEASE.jar:4.1.1.RELEASE]
	at org.junit.runners.ParentRunner.run(ParentRunner.java:309) [junit-4.11.jar:na]
	at org.springframework.test.context.junit4.SpringJUnit4ClassRunner.run(SpringJUnit4ClassRunner.java:162) [spring-test-4.1.1.RELEASE.jar:4.1.1.RELEASE]
	at org.apache.maven.surefire.junit4.JUnit4Provider.execute(JUnit4Provider.java:367) [surefire-junit4-2.19.1.jar:2.19.1]
	at org.apache.maven.surefire.junit4.JUnit4Provider.executeWithRerun(JUnit4Provider.java:274) [surefire-junit4-2.19.1.jar:2.19.1]
	at org.apache.maven.surefire.junit4.JUnit4Provider.executeTestSet(JUnit4Provider.java:238) [surefire-junit4-2.19.1.jar:2.19.1]
	at org.apache.maven.surefire.junit4.JUnit4Provider.invoke(JUnit4Provider.java:161) [surefire-junit4-2.19.1.jar:2.19.1]
	at org.apache.maven.surefire.booter.ForkedBooter.invokeProviderInSameClassLoader(ForkedBooter.java:290) [surefire-booter-2.19.1.jar:2.19.1]
	at org.apache.maven.surefire.booter.ForkedBooter.runSuitesInProcess(ForkedBooter.java:242) [surefire-booter-2.19.1.jar:2.19.1]
	at org.apache.maven.surefire.booter.ForkedBooter.main(ForkedBooter.java:121) [surefire-booter-2.19.1.jar:2.19.1]
22:42:09:136 | WARN  | main | o.s.t.c.TestContextManager | Caught exception while allowing TestExecutionListener [org.springframework.test.context.transaction.TransactionalTestExecutionListener@44b3d336] to process 'before' execution of test method [public void com.nurkiewicz.jdbcrepository.JdbcRepositoryManualKeyTest.shouldReturnSecondPageSortedByReputation()] for test instance [com.nurkiewicz.jdbcrepository.mysql.JdbcRepositoryManualKeyMysqlTest@12ce5274]
java.net.ConnectException: Connection refused (Connection refused)
	at java.net.PlainSocketImpl.socketConnect(Native Method) ~[na:1.8.0_262]
	at java.net.AbstractPlainSocketImpl.doConnect(AbstractPlainSocketImpl.java:350) ~[na:1.8.0_262]
	at java.net.AbstractPlainSocketImpl.connectToAddress(AbstractPlainSocketImpl.java:206) ~[na:1.8.0_262]
	at java.net.AbstractPlainSocketImpl.connect(AbstractPlainSocketImpl.java:188) ~[na:1.8.0_262]
	at java.net.SocksSocketImpl.connect(SocksSocketImpl.java:392) ~[na:1.8.0_262]
	at java.net.Socket.connect(Socket.java:607) ~[na:1.8.0_262]
	at java.net.Socket.connect(Socket.java:556) ~[na:1.8.0_262]
	at com.nurkiewicz.jdbcrepository.AbstractIntegrationTest.ignoreIfDatabaseNotAvailable(AbstractIntegrationTest.java:36) ~[test-classes/:na]
	... 28 common frames omitted
Wrapped by: org.junit.internal.AssumptionViolatedException: got: <java.net.ConnectException: Connection refused (Connection refused)>, expected: null
	at org.junit.Assume.assumeThat(Assume.java:95) ~[junit-4.11.jar:na]
	at org.junit.Assume.assumeNoException(Assume.java:142) ~[junit-4.11.jar:na]
	at com.nurkiewicz.jdbcrepository.AbstractIntegrationTest.ignoreIfDatabaseNotAvailable(AbstractIntegrationTest.java:39) ~[test-classes/:na]
	at sun.reflect.GeneratedMethodAccessor21.invoke(Unknown Source) ~[na:na]
	at sun.reflect.DelegatingMethodAccessorImpl.invoke(DelegatingMethodAccessorImpl.java:43) ~[na:1.8.0_262]
	at java.lang.reflect.Method.invoke(Method.java:498) ~[na:1.8.0_262]
	at org.springframework.test.context.transaction.TransactionalTestExecutionListener.runBeforeTransactionMethods(TransactionalTestExecutionListener.java:248) ~[spring-test-4.1.1.RELEASE.jar:4.1.1.RELEASE]
	at org.springframework.test.context.transaction.TransactionalTestExecutionListener.beforeTestMethod(TransactionalTestExecutionListener.java:198) ~[spring-test-4.1.1.RELEASE.jar:4.1.1.RELEASE]
	at org.springframework.test.context.TestContextManager.beforeTestMethod(TestContextManager.java:249) ~[spring-test-4.1.1.RELEASE.jar:4.1.1.RELEASE]
	at org.springframework.test.context.junit4.statements.RunBeforeTestMethodCallbacks.evaluate(RunBeforeTestMethodCallbacks.java:71) [spring-test-4.1.1.RELEASE.jar:4.1.1.RELEASE]
	at org.springframework.test.context.junit4.statements.RunAfterTestMethodCallbacks.evaluate(RunAfterTestMethodCallbacks.java:81) [spring-test-4.1.1.RELEASE.jar:4.1.1.RELEASE]
	at org.springframework.test.context.junit4.statements.SpringRepeat.evaluate(SpringRepeat.java:72) [spring-test-4.1.1.RELEASE.jar:4.1.1.RELEASE]
	at org.junit.runners.ParentRunner.runLeaf(ParentRunner.java:271) [junit-4.11.jar:na]
	at org.springframework.test.context.junit4.SpringJUnit4ClassRunner.runChild(SpringJUnit4ClassRunner.java:216) [spring-test-4.1.1.RELEASE.jar:4.1.1.RELEASE]
	at org.springframework.test.context.junit4.SpringJUnit4ClassRunner.runChild(SpringJUnit4ClassRunner.java:82) [spring-test-4.1.1.RELEASE.jar:4.1.1.RELEASE]
	at org.junit.runners.ParentRunner$3.run(ParentRunner.java:238) [junit-4.11.jar:na]
	at org.junit.runners.ParentRunner$1.schedule(ParentRunner.java:63) [junit-4.11.jar:na]
	at org.junit.runners.ParentRunner.runChildren(ParentRunner.java:236) [junit-4.11.jar:na]
	at org.junit.runners.ParentRunner.access$000(ParentRunner.java:53) [junit-4.11.jar:na]
	at org.junit.runners.ParentRunner$2.evaluate(ParentRunner.java:229) [junit-4.11.jar:na]
	at org.springframework.test.context.junit4.statements.RunBeforeTestClassCallbacks.evaluate(RunBeforeTestClassCallbacks.java:60) [spring-test-4.1.1.RELEASE.jar:4.1.1.RELEASE]
	at org.springframework.test.context.junit4.statements.RunAfterTestClassCallbacks.evaluate(RunAfterTestClassCallbacks.java:67) [spring-test-4.1.1.RELEASE.jar:4.1.1.RELEASE]
	at org.junit.runners.ParentRunner.run(ParentRunner.java:309) [junit-4.11.jar:na]
	at org.springframework.test.context.junit4.SpringJUnit4ClassRunner.run(SpringJUnit4ClassRunner.java:162) [spring-test-4.1.1.RELEASE.jar:4.1.1.RELEASE]
	at org.apache.maven.surefire.junit4.JUnit4Provider.execute(JUnit4Provider.java:367) [surefire-junit4-2.19.1.jar:2.19.1]
	at org.apache.maven.surefire.junit4.JUnit4Provider.executeWithRerun(JUnit4Provider.java:274) [surefire-junit4-2.19.1.jar:2.19.1]
	at org.apache.maven.surefire.junit4.JUnit4Provider.executeTestSet(JUnit4Provider.java:238) [surefire-junit4-2.19.1.jar:2.19.1]
	at org.apache.maven.surefire.junit4.JUnit4Provider.invoke(JUnit4Provider.java:161) [surefire-junit4-2.19.1.jar:2.19.1]
	at org.apache.maven.surefire.booter.ForkedBooter.invokeProviderInSameClassLoader(ForkedBooter.java:290) [surefire-booter-2.19.1.jar:2.19.1]
	at org.apache.maven.surefire.booter.ForkedBooter.runSuitesInProcess(ForkedBooter.java:242) [surefire-booter-2.19.1.jar:2.19.1]
	at org.apache.maven.surefire.booter.ForkedBooter.main(ForkedBooter.java:121) [surefire-booter-2.19.1.jar:2.19.1]
]]></system-out>
  </testcase>
  <testcase name="shouldSkipNonExistingEntitiesWhenDeletingInBatch" classname="com.nurkiewicz.jdbcrepository.mysql.JdbcRepositoryManualKeyMysqlTest" time="0">
    <skipped/>
    <system-out><![CDATA[22:42:09:139 | ERROR | main | o.s.t.c.t.TransactionalTestExecutionListener | Exception encountered while executing @BeforeTransaction methods for test context [DefaultTestContext@633c9699 testClass = JdbcRepositoryManualKeyMysqlTest, testInstance = com.nurkiewicz.jdbcrepository.mysql.JdbcRepositoryManualKeyMysqlTest@4ad23216, testMethod = shouldSkipNonExistingEntitiesWhenDeletingInBatch@JdbcRepositoryManualKeyTest, testException = [null], mergedContextConfiguration = [MergedContextConfiguration@31373fc1 testClass = JdbcRepositoryManualKeyMysqlTest, locations = '{}', classes = '{class com.nurkiewicz.jdbcrepository.mysql.JdbcRepositoryTestMysqlConfig}', contextInitializerClasses = '[]', activeProfiles = '{}', propertySourceLocations = '{}', propertySourceProperties = '{}', contextLoader = 'org.springframework.test.context.support.AnnotationConfigContextLoader', parent = [null]]].
java.net.ConnectException: Connection refused (Connection refused)
	at java.net.PlainSocketImpl.socketConnect(Native Method) ~[na:1.8.0_262]
	at java.net.AbstractPlainSocketImpl.doConnect(AbstractPlainSocketImpl.java:350) ~[na:1.8.0_262]
	at java.net.AbstractPlainSocketImpl.connectToAddress(AbstractPlainSocketImpl.java:206) ~[na:1.8.0_262]
	at java.net.AbstractPlainSocketImpl.connect(AbstractPlainSocketImpl.java:188) ~[na:1.8.0_262]
	at java.net.SocksSocketImpl.connect(SocksSocketImpl.java:392) ~[na:1.8.0_262]
	at java.net.Socket.connect(Socket.java:607) ~[na:1.8.0_262]
	at java.net.Socket.connect(Socket.java:556) ~[na:1.8.0_262]
	at com.nurkiewicz.jdbcrepository.AbstractIntegrationTest.ignoreIfDatabaseNotAvailable(AbstractIntegrationTest.java:36) ~[test-classes/:na]
	... 28 common frames omitted
Wrapped by: org.junit.internal.AssumptionViolatedException: got: <java.net.ConnectException: Connection refused (Connection refused)>, expected: null
	at org.junit.Assume.assumeThat(Assume.java:95) ~[junit-4.11.jar:na]
	at org.junit.Assume.assumeNoException(Assume.java:142) ~[junit-4.11.jar:na]
	at com.nurkiewicz.jdbcrepository.AbstractIntegrationTest.ignoreIfDatabaseNotAvailable(AbstractIntegrationTest.java:39) ~[test-classes/:na]
	at sun.reflect.GeneratedMethodAccessor21.invoke(Unknown Source) ~[na:na]
	at sun.reflect.DelegatingMethodAccessorImpl.invoke(DelegatingMethodAccessorImpl.java:43) ~[na:1.8.0_262]
	at java.lang.reflect.Method.invoke(Method.java:498) ~[na:1.8.0_262]
	at org.springframework.test.context.transaction.TransactionalTestExecutionListener.runBeforeTransactionMethods(TransactionalTestExecutionListener.java:248) [spring-test-4.1.1.RELEASE.jar:4.1.1.RELEASE]
	at org.springframework.test.context.transaction.TransactionalTestExecutionListener.beforeTestMethod(TransactionalTestExecutionListener.java:198) [spring-test-4.1.1.RELEASE.jar:4.1.1.RELEASE]
	at org.springframework.test.context.TestContextManager.beforeTestMethod(TestContextManager.java:249) [spring-test-4.1.1.RELEASE.jar:4.1.1.RELEASE]
	at org.springframework.test.context.junit4.statements.RunBeforeTestMethodCallbacks.evaluate(RunBeforeTestMethodCallbacks.java:71) [spring-test-4.1.1.RELEASE.jar:4.1.1.RELEASE]
	at org.springframework.test.context.junit4.statements.RunAfterTestMethodCallbacks.evaluate(RunAfterTestMethodCallbacks.java:81) [spring-test-4.1.1.RELEASE.jar:4.1.1.RELEASE]
	at org.springframework.test.context.junit4.statements.SpringRepeat.evaluate(SpringRepeat.java:72) [spring-test-4.1.1.RELEASE.jar:4.1.1.RELEASE]
	at org.junit.runners.ParentRunner.runLeaf(ParentRunner.java:271) [junit-4.11.jar:na]
	at org.springframework.test.context.junit4.SpringJUnit4ClassRunner.runChild(SpringJUnit4ClassRunner.java:216) [spring-test-4.1.1.RELEASE.jar:4.1.1.RELEASE]
	at org.springframework.test.context.junit4.SpringJUnit4ClassRunner.runChild(SpringJUnit4ClassRunner.java:82) [spring-test-4.1.1.RELEASE.jar:4.1.1.RELEASE]
	at org.junit.runners.ParentRunner$3.run(ParentRunner.java:238) [junit-4.11.jar:na]
	at org.junit.runners.ParentRunner$1.schedule(ParentRunner.java:63) [junit-4.11.jar:na]
	at org.junit.runners.ParentRunner.runChildren(ParentRunner.java:236) [junit-4.11.jar:na]
	at org.junit.runners.ParentRunner.access$000(ParentRunner.java:53) [junit-4.11.jar:na]
	at org.junit.runners.ParentRunner$2.evaluate(ParentRunner.java:229) [junit-4.11.jar:na]
	at org.springframework.test.context.junit4.statements.RunBeforeTestClassCallbacks.evaluate(RunBeforeTestClassCallbacks.java:60) [spring-test-4.1.1.RELEASE.jar:4.1.1.RELEASE]
	at org.springframework.test.context.junit4.statements.RunAfterTestClassCallbacks.evaluate(RunAfterTestClassCallbacks.java:67) [spring-test-4.1.1.RELEASE.jar:4.1.1.RELEASE]
	at org.junit.runners.ParentRunner.run(ParentRunner.java:309) [junit-4.11.jar:na]
	at org.springframework.test.context.junit4.SpringJUnit4ClassRunner.run(SpringJUnit4ClassRunner.java:162) [spring-test-4.1.1.RELEASE.jar:4.1.1.RELEASE]
	at org.apache.maven.surefire.junit4.JUnit4Provider.execute(JUnit4Provider.java:367) [surefire-junit4-2.19.1.jar:2.19.1]
	at org.apache.maven.surefire.junit4.JUnit4Provider.executeWithRerun(JUnit4Provider.java:274) [surefire-junit4-2.19.1.jar:2.19.1]
	at org.apache.maven.surefire.junit4.JUnit4Provider.executeTestSet(JUnit4Provider.java:238) [surefire-junit4-2.19.1.jar:2.19.1]
	at org.apache.maven.surefire.junit4.JUnit4Provider.invoke(JUnit4Provider.java:161) [surefire-junit4-2.19.1.jar:2.19.1]
	at org.apache.maven.surefire.booter.ForkedBooter.invokeProviderInSameClassLoader(ForkedBooter.java:290) [surefire-booter-2.19.1.jar:2.19.1]
	at org.apache.maven.surefire.booter.ForkedBooter.runSuitesInProcess(ForkedBooter.java:242) [surefire-booter-2.19.1.jar:2.19.1]
	at org.apache.maven.surefire.booter.ForkedBooter.main(ForkedBooter.java:121) [surefire-booter-2.19.1.jar:2.19.1]
22:42:09:139 | WARN  | main | o.s.t.c.TestContextManager | Caught exception while allowing TestExecutionListener [org.springframework.test.context.transaction.TransactionalTestExecutionListener@44b3d336] to process 'before' execution of test method [public void com.nurkiewicz.jdbcrepository.JdbcRepositoryManualKeyTest.shouldSkipNonExistingEntitiesWhenDeletingInBatch() throws java.lang.Exception] for test instance [com.nurkiewicz.jdbcrepository.mysql.JdbcRepositoryManualKeyMysqlTest@4ad23216]
java.net.ConnectException: Connection refused (Connection refused)
	at java.net.PlainSocketImpl.socketConnect(Native Method) ~[na:1.8.0_262]
	at java.net.AbstractPlainSocketImpl.doConnect(AbstractPlainSocketImpl.java:350) ~[na:1.8.0_262]
	at java.net.AbstractPlainSocketImpl.connectToAddress(AbstractPlainSocketImpl.java:206) ~[na:1.8.0_262]
	at java.net.AbstractPlainSocketImpl.connect(AbstractPlainSocketImpl.java:188) ~[na:1.8.0_262]
	at java.net.SocksSocketImpl.connect(SocksSocketImpl.java:392) ~[na:1.8.0_262]
	at java.net.Socket.connect(Socket.java:607) ~[na:1.8.0_262]
	at java.net.Socket.connect(Socket.java:556) ~[na:1.8.0_262]
	at com.nurkiewicz.jdbcrepository.AbstractIntegrationTest.ignoreIfDatabaseNotAvailable(AbstractIntegrationTest.java:36) ~[test-classes/:na]
	... 28 common frames omitted
Wrapped by: org.junit.internal.AssumptionViolatedException: got: <java.net.ConnectException: Connection refused (Connection refused)>, expected: null
	at org.junit.Assume.assumeThat(Assume.java:95) ~[junit-4.11.jar:na]
	at org.junit.Assume.assumeNoException(Assume.java:142) ~[junit-4.11.jar:na]
	at com.nurkiewicz.jdbcrepository.AbstractIntegrationTest.ignoreIfDatabaseNotAvailable(AbstractIntegrationTest.java:39) ~[test-classes/:na]
	at sun.reflect.GeneratedMethodAccessor21.invoke(Unknown Source) ~[na:na]
	at sun.reflect.DelegatingMethodAccessorImpl.invoke(DelegatingMethodAccessorImpl.java:43) ~[na:1.8.0_262]
	at java.lang.reflect.Method.invoke(Method.java:498) ~[na:1.8.0_262]
	at org.springframework.test.context.transaction.TransactionalTestExecutionListener.runBeforeTransactionMethods(TransactionalTestExecutionListener.java:248) ~[spring-test-4.1.1.RELEASE.jar:4.1.1.RELEASE]
	at org.springframework.test.context.transaction.TransactionalTestExecutionListener.beforeTestMethod(TransactionalTestExecutionListener.java:198) ~[spring-test-4.1.1.RELEASE.jar:4.1.1.RELEASE]
	at org.springframework.test.context.TestContextManager.beforeTestMethod(TestContextManager.java:249) ~[spring-test-4.1.1.RELEASE.jar:4.1.1.RELEASE]
	at org.springframework.test.context.junit4.statements.RunBeforeTestMethodCallbacks.evaluate(RunBeforeTestMethodCallbacks.java:71) [spring-test-4.1.1.RELEASE.jar:4.1.1.RELEASE]
	at org.springframework.test.context.junit4.statements.RunAfterTestMethodCallbacks.evaluate(RunAfterTestMethodCallbacks.java:81) [spring-test-4.1.1.RELEASE.jar:4.1.1.RELEASE]
	at org.springframework.test.context.junit4.statements.SpringRepeat.evaluate(SpringRepeat.java:72) [spring-test-4.1.1.RELEASE.jar:4.1.1.RELEASE]
	at org.junit.runners.ParentRunner.runLeaf(ParentRunner.java:271) [junit-4.11.jar:na]
	at org.springframework.test.context.junit4.SpringJUnit4ClassRunner.runChild(SpringJUnit4ClassRunner.java:216) [spring-test-4.1.1.RELEASE.jar:4.1.1.RELEASE]
	at org.springframework.test.context.junit4.SpringJUnit4ClassRunner.runChild(SpringJUnit4ClassRunner.java:82) [spring-test-4.1.1.RELEASE.jar:4.1.1.RELEASE]
	at org.junit.runners.ParentRunner$3.run(ParentRunner.java:238) [junit-4.11.jar:na]
	at org.junit.runners.ParentRunner$1.schedule(ParentRunner.java:63) [junit-4.11.jar:na]
	at org.junit.runners.ParentRunner.runChildren(ParentRunner.java:236) [junit-4.11.jar:na]
	at org.junit.runners.ParentRunner.access$000(ParentRunner.java:53) [junit-4.11.jar:na]
	at org.junit.runners.ParentRunner$2.evaluate(ParentRunner.java:229) [junit-4.11.jar:na]
	at org.springframework.test.context.junit4.statements.RunBeforeTestClassCallbacks.evaluate(RunBeforeTestClassCallbacks.java:60) [spring-test-4.1.1.RELEASE.jar:4.1.1.RELEASE]
	at org.springframework.test.context.junit4.statements.RunAfterTestClassCallbacks.evaluate(RunAfterTestClassCallbacks.java:67) [spring-test-4.1.1.RELEASE.jar:4.1.1.RELEASE]
	at org.junit.runners.ParentRunner.run(ParentRunner.java:309) [junit-4.11.jar:na]
	at org.springframework.test.context.junit4.SpringJUnit4ClassRunner.run(SpringJUnit4ClassRunner.java:162) [spring-test-4.1.1.RELEASE.jar:4.1.1.RELEASE]
	at org.apache.maven.surefire.junit4.JUnit4Provider.execute(JUnit4Provider.java:367) [surefire-junit4-2.19.1.jar:2.19.1]
	at org.apache.maven.surefire.junit4.JUnit4Provider.executeWithRerun(JUnit4Provider.java:274) [surefire-junit4-2.19.1.jar:2.19.1]
	at org.apache.maven.surefire.junit4.JUnit4Provider.executeTestSet(JUnit4Provider.java:238) [surefire-junit4-2.19.1.jar:2.19.1]
	at org.apache.maven.surefire.junit4.JUnit4Provider.invoke(JUnit4Provider.java:161) [surefire-junit4-2.19.1.jar:2.19.1]
	at org.apache.maven.surefire.booter.ForkedBooter.invokeProviderInSameClassLoader(ForkedBooter.java:290) [surefire-booter-2.19.1.jar:2.19.1]
	at org.apache.maven.surefire.booter.ForkedBooter.runSuitesInProcess(ForkedBooter.java:242) [surefire-booter-2.19.1.jar:2.19.1]
	at org.apache.maven.surefire.booter.ForkedBooter.main(ForkedBooter.java:121) [surefire-booter-2.19.1.jar:2.19.1]
]]></system-out>
  </testcase>
  <testcase name="shouldReturnTrueWhenEntityForGivenIdExists" classname="com.nurkiewicz.jdbcrepository.mysql.JdbcRepositoryManualKeyMysqlTest" time="0">
    <skipped/>
    <system-out><![CDATA[22:42:09:142 | ERROR | main | o.s.t.c.t.TransactionalTestExecutionListener | Exception encountered while executing @BeforeTransaction methods for test context [DefaultTestContext@633c9699 testClass = JdbcRepositoryManualKeyMysqlTest, testInstance = com.nurkiewicz.jdbcrepository.mysql.JdbcRepositoryManualKeyMysqlTest@6071132e, testMethod = shouldReturnTrueWhenEntityForGivenIdExists@JdbcRepositoryManualKeyTest, testException = [null], mergedContextConfiguration = [MergedContextConfiguration@31373fc1 testClass = JdbcRepositoryManualKeyMysqlTest, locations = '{}', classes = '{class com.nurkiewicz.jdbcrepository.mysql.JdbcRepositoryTestMysqlConfig}', contextInitializerClasses = '[]', activeProfiles = '{}', propertySourceLocations = '{}', propertySourceProperties = '{}', contextLoader = 'org.springframework.test.context.support.AnnotationConfigContextLoader', parent = [null]]].
java.net.ConnectException: Connection refused (Connection refused)
	at java.net.PlainSocketImpl.socketConnect(Native Method) ~[na:1.8.0_262]
	at java.net.AbstractPlainSocketImpl.doConnect(AbstractPlainSocketImpl.java:350) ~[na:1.8.0_262]
	at java.net.AbstractPlainSocketImpl.connectToAddress(AbstractPlainSocketImpl.java:206) ~[na:1.8.0_262]
	at java.net.AbstractPlainSocketImpl.connect(AbstractPlainSocketImpl.java:188) ~[na:1.8.0_262]
	at java.net.SocksSocketImpl.connect(SocksSocketImpl.java:392) ~[na:1.8.0_262]
	at java.net.Socket.connect(Socket.java:607) ~[na:1.8.0_262]
	at java.net.Socket.connect(Socket.java:556) ~[na:1.8.0_262]
	at com.nurkiewicz.jdbcrepository.AbstractIntegrationTest.ignoreIfDatabaseNotAvailable(AbstractIntegrationTest.java:36) ~[test-classes/:na]
	... 28 common frames omitted
Wrapped by: org.junit.internal.AssumptionViolatedException: got: <java.net.ConnectException: Connection refused (Connection refused)>, expected: null
	at org.junit.Assume.assumeThat(Assume.java:95) ~[junit-4.11.jar:na]
	at org.junit.Assume.assumeNoException(Assume.java:142) ~[junit-4.11.jar:na]
	at com.nurkiewicz.jdbcrepository.AbstractIntegrationTest.ignoreIfDatabaseNotAvailable(AbstractIntegrationTest.java:39) ~[test-classes/:na]
	at sun.reflect.GeneratedMethodAccessor21.invoke(Unknown Source) ~[na:na]
	at sun.reflect.DelegatingMethodAccessorImpl.invoke(DelegatingMethodAccessorImpl.java:43) ~[na:1.8.0_262]
	at java.lang.reflect.Method.invoke(Method.java:498) ~[na:1.8.0_262]
	at org.springframework.test.context.transaction.TransactionalTestExecutionListener.runBeforeTransactionMethods(TransactionalTestExecutionListener.java:248) [spring-test-4.1.1.RELEASE.jar:4.1.1.RELEASE]
	at org.springframework.test.context.transaction.TransactionalTestExecutionListener.beforeTestMethod(TransactionalTestExecutionListener.java:198) [spring-test-4.1.1.RELEASE.jar:4.1.1.RELEASE]
	at org.springframework.test.context.TestContextManager.beforeTestMethod(TestContextManager.java:249) [spring-test-4.1.1.RELEASE.jar:4.1.1.RELEASE]
	at org.springframework.test.context.junit4.statements.RunBeforeTestMethodCallbacks.evaluate(RunBeforeTestMethodCallbacks.java:71) [spring-test-4.1.1.RELEASE.jar:4.1.1.RELEASE]
	at org.springframework.test.context.junit4.statements.RunAfterTestMethodCallbacks.evaluate(RunAfterTestMethodCallbacks.java:81) [spring-test-4.1.1.RELEASE.jar:4.1.1.RELEASE]
	at org.springframework.test.context.junit4.statements.SpringRepeat.evaluate(SpringRepeat.java:72) [spring-test-4.1.1.RELEASE.jar:4.1.1.RELEASE]
	at org.junit.runners.ParentRunner.runLeaf(ParentRunner.java:271) [junit-4.11.jar:na]
	at org.springframework.test.context.junit4.SpringJUnit4ClassRunner.runChild(SpringJUnit4ClassRunner.java:216) [spring-test-4.1.1.RELEASE.jar:4.1.1.RELEASE]
	at org.springframework.test.context.junit4.SpringJUnit4ClassRunner.runChild(SpringJUnit4ClassRunner.java:82) [spring-test-4.1.1.RELEASE.jar:4.1.1.RELEASE]
	at org.junit.runners.ParentRunner$3.run(ParentRunner.java:238) [junit-4.11.jar:na]
	at org.junit.runners.ParentRunner$1.schedule(ParentRunner.java:63) [junit-4.11.jar:na]
	at org.junit.runners.ParentRunner.runChildren(ParentRunner.java:236) [junit-4.11.jar:na]
	at org.junit.runners.ParentRunner.access$000(ParentRunner.java:53) [junit-4.11.jar:na]
	at org.junit.runners.ParentRunner$2.evaluate(ParentRunner.java:229) [junit-4.11.jar:na]
	at org.springframework.test.context.junit4.statements.RunBeforeTestClassCallbacks.evaluate(RunBeforeTestClassCallbacks.java:60) [spring-test-4.1.1.RELEASE.jar:4.1.1.RELEASE]
	at org.springframework.test.context.junit4.statements.RunAfterTestClassCallbacks.evaluate(RunAfterTestClassCallbacks.java:67) [spring-test-4.1.1.RELEASE.jar:4.1.1.RELEASE]
	at org.junit.runners.ParentRunner.run(ParentRunner.java:309) [junit-4.11.jar:na]
	at org.springframework.test.context.junit4.SpringJUnit4ClassRunner.run(SpringJUnit4ClassRunner.java:162) [spring-test-4.1.1.RELEASE.jar:4.1.1.RELEASE]
	at org.apache.maven.surefire.junit4.JUnit4Provider.execute(JUnit4Provider.java:367) [surefire-junit4-2.19.1.jar:2.19.1]
	at org.apache.maven.surefire.junit4.JUnit4Provider.executeWithRerun(JUnit4Provider.java:274) [surefire-junit4-2.19.1.jar:2.19.1]
	at org.apache.maven.surefire.junit4.JUnit4Provider.executeTestSet(JUnit4Provider.java:238) [surefire-junit4-2.19.1.jar:2.19.1]
	at org.apache.maven.surefire.junit4.JUnit4Provider.invoke(JUnit4Provider.java:161) [surefire-junit4-2.19.1.jar:2.19.1]
	at org.apache.maven.surefire.booter.ForkedBooter.invokeProviderInSameClassLoader(ForkedBooter.java:290) [surefire-booter-2.19.1.jar:2.19.1]
	at org.apache.maven.surefire.booter.ForkedBooter.runSuitesInProcess(ForkedBooter.java:242) [surefire-booter-2.19.1.jar:2.19.1]
	at org.apache.maven.surefire.booter.ForkedBooter.main(ForkedBooter.java:121) [surefire-booter-2.19.1.jar:2.19.1]
22:42:09:143 | WARN  | main | o.s.t.c.TestContextManager | Caught exception while allowing TestExecutionListener [org.springframework.test.context.transaction.TransactionalTestExecutionListener@44b3d336] to process 'before' execution of test method [public void com.nurkiewicz.jdbcrepository.JdbcRepositoryManualKeyTest.shouldReturnTrueWhenEntityForGivenIdExists()] for test instance [com.nurkiewicz.jdbcrepository.mysql.JdbcRepositoryManualKeyMysqlTest@6071132e]
java.net.ConnectException: Connection refused (Connection refused)
	at java.net.PlainSocketImpl.socketConnect(Native Method) ~[na:1.8.0_262]
	at java.net.AbstractPlainSocketImpl.doConnect(AbstractPlainSocketImpl.java:350) ~[na:1.8.0_262]
	at java.net.AbstractPlainSocketImpl.connectToAddress(AbstractPlainSocketImpl.java:206) ~[na:1.8.0_262]
	at java.net.AbstractPlainSocketImpl.connect(AbstractPlainSocketImpl.java:188) ~[na:1.8.0_262]
	at java.net.SocksSocketImpl.connect(SocksSocketImpl.java:392) ~[na:1.8.0_262]
	at java.net.Socket.connect(Socket.java:607) ~[na:1.8.0_262]
	at java.net.Socket.connect(Socket.java:556) ~[na:1.8.0_262]
	at com.nurkiewicz.jdbcrepository.AbstractIntegrationTest.ignoreIfDatabaseNotAvailable(AbstractIntegrationTest.java:36) ~[test-classes/:na]
	... 28 common frames omitted
Wrapped by: org.junit.internal.AssumptionViolatedException: got: <java.net.ConnectException: Connection refused (Connection refused)>, expected: null
	at org.junit.Assume.assumeThat(Assume.java:95) ~[junit-4.11.jar:na]
	at org.junit.Assume.assumeNoException(Assume.java:142) ~[junit-4.11.jar:na]
	at com.nurkiewicz.jdbcrepository.AbstractIntegrationTest.ignoreIfDatabaseNotAvailable(AbstractIntegrationTest.java:39) ~[test-classes/:na]
	at sun.reflect.GeneratedMethodAccessor21.invoke(Unknown Source) ~[na:na]
	at sun.reflect.DelegatingMethodAccessorImpl.invoke(DelegatingMethodAccessorImpl.java:43) ~[na:1.8.0_262]
	at java.lang.reflect.Method.invoke(Method.java:498) ~[na:1.8.0_262]
	at org.springframework.test.context.transaction.TransactionalTestExecutionListener.runBeforeTransactionMethods(TransactionalTestExecutionListener.java:248) ~[spring-test-4.1.1.RELEASE.jar:4.1.1.RELEASE]
	at org.springframework.test.context.transaction.TransactionalTestExecutionListener.beforeTestMethod(TransactionalTestExecutionListener.java:198) ~[spring-test-4.1.1.RELEASE.jar:4.1.1.RELEASE]
	at org.springframework.test.context.TestContextManager.beforeTestMethod(TestContextManager.java:249) ~[spring-test-4.1.1.RELEASE.jar:4.1.1.RELEASE]
	at org.springframework.test.context.junit4.statements.RunBeforeTestMethodCallbacks.evaluate(RunBeforeTestMethodCallbacks.java:71) [spring-test-4.1.1.RELEASE.jar:4.1.1.RELEASE]
	at org.springframework.test.context.junit4.statements.RunAfterTestMethodCallbacks.evaluate(RunAfterTestMethodCallbacks.java:81) [spring-test-4.1.1.RELEASE.jar:4.1.1.RELEASE]
	at org.springframework.test.context.junit4.statements.SpringRepeat.evaluate(SpringRepeat.java:72) [spring-test-4.1.1.RELEASE.jar:4.1.1.RELEASE]
	at org.junit.runners.ParentRunner.runLeaf(ParentRunner.java:271) [junit-4.11.jar:na]
	at org.springframework.test.context.junit4.SpringJUnit4ClassRunner.runChild(SpringJUnit4ClassRunner.java:216) [spring-test-4.1.1.RELEASE.jar:4.1.1.RELEASE]
	at org.springframework.test.context.junit4.SpringJUnit4ClassRunner.runChild(SpringJUnit4ClassRunner.java:82) [spring-test-4.1.1.RELEASE.jar:4.1.1.RELEASE]
	at org.junit.runners.ParentRunner$3.run(ParentRunner.java:238) [junit-4.11.jar:na]
	at org.junit.runners.ParentRunner$1.schedule(ParentRunner.java:63) [junit-4.11.jar:na]
	at org.junit.runners.ParentRunner.runChildren(ParentRunner.java:236) [junit-4.11.jar:na]
	at org.junit.runners.ParentRunner.access$000(ParentRunner.java:53) [junit-4.11.jar:na]
	at org.junit.runners.ParentRunner$2.evaluate(ParentRunner.java:229) [junit-4.11.jar:na]
	at org.springframework.test.context.junit4.statements.RunBeforeTestClassCallbacks.evaluate(RunBeforeTestClassCallbacks.java:60) [spring-test-4.1.1.RELEASE.jar:4.1.1.RELEASE]
	at org.springframework.test.context.junit4.statements.RunAfterTestClassCallbacks.evaluate(RunAfterTestClassCallbacks.java:67) [spring-test-4.1.1.RELEASE.jar:4.1.1.RELEASE]
	at org.junit.runners.ParentRunner.run(ParentRunner.java:309) [junit-4.11.jar:na]
	at org.springframework.test.context.junit4.SpringJUnit4ClassRunner.run(SpringJUnit4ClassRunner.java:162) [spring-test-4.1.1.RELEASE.jar:4.1.1.RELEASE]
	at org.apache.maven.surefire.junit4.JUnit4Provider.execute(JUnit4Provider.java:367) [surefire-junit4-2.19.1.jar:2.19.1]
	at org.apache.maven.surefire.junit4.JUnit4Provider.executeWithRerun(JUnit4Provider.java:274) [surefire-junit4-2.19.1.jar:2.19.1]
	at org.apache.maven.surefire.junit4.JUnit4Provider.executeTestSet(JUnit4Provider.java:238) [surefire-junit4-2.19.1.jar:2.19.1]
	at org.apache.maven.surefire.junit4.JUnit4Provider.invoke(JUnit4Provider.java:161) [surefire-junit4-2.19.1.jar:2.19.1]
	at org.apache.maven.surefire.booter.ForkedBooter.invokeProviderInSameClassLoader(ForkedBooter.java:290) [surefire-booter-2.19.1.jar:2.19.1]
	at org.apache.maven.surefire.booter.ForkedBooter.runSuitesInProcess(ForkedBooter.java:242) [surefire-booter-2.19.1.jar:2.19.1]
	at org.apache.maven.surefire.booter.ForkedBooter.main(ForkedBooter.java:121) [surefire-booter-2.19.1.jar:2.19.1]
]]></system-out>
  </testcase>
  <testcase name="shouldReturnEmptyListWhenFindAllCalledWithoutPaging" classname="com.nurkiewicz.jdbcrepository.mysql.JdbcRepositoryManualKeyMysqlTest" time="0">
    <skipped/>
    <system-out><![CDATA[22:42:09:145 | ERROR | main | o.s.t.c.t.TransactionalTestExecutionListener | Exception encountered while executing @BeforeTransaction methods for test context [DefaultTestContext@633c9699 testClass = JdbcRepositoryManualKeyMysqlTest, testInstance = com.nurkiewicz.jdbcrepository.mysql.JdbcRepositoryManualKeyMysqlTest@4a5c29dc, testMethod = shouldReturnEmptyListWhenFindAllCalledWithoutPaging@JdbcRepositoryManualKeyTest, testException = [null], mergedContextConfiguration = [MergedContextConfiguration@31373fc1 testClass = JdbcRepositoryManualKeyMysqlTest, locations = '{}', classes = '{class com.nurkiewicz.jdbcrepository.mysql.JdbcRepositoryTestMysqlConfig}', contextInitializerClasses = '[]', activeProfiles = '{}', propertySourceLocations = '{}', propertySourceProperties = '{}', contextLoader = 'org.springframework.test.context.support.AnnotationConfigContextLoader', parent = [null]]].
java.net.ConnectException: Connection refused (Connection refused)
	at java.net.PlainSocketImpl.socketConnect(Native Method) ~[na:1.8.0_262]
	at java.net.AbstractPlainSocketImpl.doConnect(AbstractPlainSocketImpl.java:350) ~[na:1.8.0_262]
	at java.net.AbstractPlainSocketImpl.connectToAddress(AbstractPlainSocketImpl.java:206) ~[na:1.8.0_262]
	at java.net.AbstractPlainSocketImpl.connect(AbstractPlainSocketImpl.java:188) ~[na:1.8.0_262]
	at java.net.SocksSocketImpl.connect(SocksSocketImpl.java:392) ~[na:1.8.0_262]
	at java.net.Socket.connect(Socket.java:607) ~[na:1.8.0_262]
	at java.net.Socket.connect(Socket.java:556) ~[na:1.8.0_262]
	at com.nurkiewicz.jdbcrepository.AbstractIntegrationTest.ignoreIfDatabaseNotAvailable(AbstractIntegrationTest.java:36) ~[test-classes/:na]
	... 28 common frames omitted
Wrapped by: org.junit.internal.AssumptionViolatedException: got: <java.net.ConnectException: Connection refused (Connection refused)>, expected: null
	at org.junit.Assume.assumeThat(Assume.java:95) ~[junit-4.11.jar:na]
	at org.junit.Assume.assumeNoException(Assume.java:142) ~[junit-4.11.jar:na]
	at com.nurkiewicz.jdbcrepository.AbstractIntegrationTest.ignoreIfDatabaseNotAvailable(AbstractIntegrationTest.java:39) ~[test-classes/:na]
	at sun.reflect.GeneratedMethodAccessor21.invoke(Unknown Source) ~[na:na]
	at sun.reflect.DelegatingMethodAccessorImpl.invoke(DelegatingMethodAccessorImpl.java:43) ~[na:1.8.0_262]
	at java.lang.reflect.Method.invoke(Method.java:498) ~[na:1.8.0_262]
	at org.springframework.test.context.transaction.TransactionalTestExecutionListener.runBeforeTransactionMethods(TransactionalTestExecutionListener.java:248) [spring-test-4.1.1.RELEASE.jar:4.1.1.RELEASE]
	at org.springframework.test.context.transaction.TransactionalTestExecutionListener.beforeTestMethod(TransactionalTestExecutionListener.java:198) [spring-test-4.1.1.RELEASE.jar:4.1.1.RELEASE]
	at org.springframework.test.context.TestContextManager.beforeTestMethod(TestContextManager.java:249) [spring-test-4.1.1.RELEASE.jar:4.1.1.RELEASE]
	at org.springframework.test.context.junit4.statements.RunBeforeTestMethodCallbacks.evaluate(RunBeforeTestMethodCallbacks.java:71) [spring-test-4.1.1.RELEASE.jar:4.1.1.RELEASE]
	at org.springframework.test.context.junit4.statements.RunAfterTestMethodCallbacks.evaluate(RunAfterTestMethodCallbacks.java:81) [spring-test-4.1.1.RELEASE.jar:4.1.1.RELEASE]
	at org.springframework.test.context.junit4.statements.SpringRepeat.evaluate(SpringRepeat.java:72) [spring-test-4.1.1.RELEASE.jar:4.1.1.RELEASE]
	at org.junit.runners.ParentRunner.runLeaf(ParentRunner.java:271) [junit-4.11.jar:na]
	at org.springframework.test.context.junit4.SpringJUnit4ClassRunner.runChild(SpringJUnit4ClassRunner.java:216) [spring-test-4.1.1.RELEASE.jar:4.1.1.RELEASE]
	at org.springframework.test.context.junit4.SpringJUnit4ClassRunner.runChild(SpringJUnit4ClassRunner.java:82) [spring-test-4.1.1.RELEASE.jar:4.1.1.RELEASE]
	at org.junit.runners.ParentRunner$3.run(ParentRunner.java:238) [junit-4.11.jar:na]
	at org.junit.runners.ParentRunner$1.schedule(ParentRunner.java:63) [junit-4.11.jar:na]
	at org.junit.runners.ParentRunner.runChildren(ParentRunner.java:236) [junit-4.11.jar:na]
	at org.junit.runners.ParentRunner.access$000(ParentRunner.java:53) [junit-4.11.jar:na]
	at org.junit.runners.ParentRunner$2.evaluate(ParentRunner.java:229) [junit-4.11.jar:na]
	at org.springframework.test.context.junit4.statements.RunBeforeTestClassCallbacks.evaluate(RunBeforeTestClassCallbacks.java:60) [spring-test-4.1.1.RELEASE.jar:4.1.1.RELEASE]
	at org.springframework.test.context.junit4.statements.RunAfterTestClassCallbacks.evaluate(RunAfterTestClassCallbacks.java:67) [spring-test-4.1.1.RELEASE.jar:4.1.1.RELEASE]
	at org.junit.runners.ParentRunner.run(ParentRunner.java:309) [junit-4.11.jar:na]
	at org.springframework.test.context.junit4.SpringJUnit4ClassRunner.run(SpringJUnit4ClassRunner.java:162) [spring-test-4.1.1.RELEASE.jar:4.1.1.RELEASE]
	at org.apache.maven.surefire.junit4.JUnit4Provider.execute(JUnit4Provider.java:367) [surefire-junit4-2.19.1.jar:2.19.1]
	at org.apache.maven.surefire.junit4.JUnit4Provider.executeWithRerun(JUnit4Provider.java:274) [surefire-junit4-2.19.1.jar:2.19.1]
	at org.apache.maven.surefire.junit4.JUnit4Provider.executeTestSet(JUnit4Provider.java:238) [surefire-junit4-2.19.1.jar:2.19.1]
	at org.apache.maven.surefire.junit4.JUnit4Provider.invoke(JUnit4Provider.java:161) [surefire-junit4-2.19.1.jar:2.19.1]
	at org.apache.maven.surefire.booter.ForkedBooter.invokeProviderInSameClassLoader(ForkedBooter.java:290) [surefire-booter-2.19.1.jar:2.19.1]
	at org.apache.maven.surefire.booter.ForkedBooter.runSuitesInProcess(ForkedBooter.java:242) [surefire-booter-2.19.1.jar:2.19.1]
	at org.apache.maven.surefire.booter.ForkedBooter.main(ForkedBooter.java:121) [surefire-booter-2.19.1.jar:2.19.1]
22:42:09:145 | WARN  | main | o.s.t.c.TestContextManager | Caught exception while allowing TestExecutionListener [org.springframework.test.context.transaction.TransactionalTestExecutionListener@44b3d336] to process 'before' execution of test method [public void com.nurkiewicz.jdbcrepository.JdbcRepositoryManualKeyTest.shouldReturnEmptyListWhenFindAllCalledWithoutPaging() throws java.lang.Exception] for test instance [com.nurkiewicz.jdbcrepository.mysql.JdbcRepositoryManualKeyMysqlTest@4a5c29dc]
java.net.ConnectException: Connection refused (Connection refused)
	at java.net.PlainSocketImpl.socketConnect(Native Method) ~[na:1.8.0_262]
	at java.net.AbstractPlainSocketImpl.doConnect(AbstractPlainSocketImpl.java:350) ~[na:1.8.0_262]
	at java.net.AbstractPlainSocketImpl.connectToAddress(AbstractPlainSocketImpl.java:206) ~[na:1.8.0_262]
	at java.net.AbstractPlainSocketImpl.connect(AbstractPlainSocketImpl.java:188) ~[na:1.8.0_262]
	at java.net.SocksSocketImpl.connect(SocksSocketImpl.java:392) ~[na:1.8.0_262]
	at java.net.Socket.connect(Socket.java:607) ~[na:1.8.0_262]
	at java.net.Socket.connect(Socket.java:556) ~[na:1.8.0_262]
	at com.nurkiewicz.jdbcrepository.AbstractIntegrationTest.ignoreIfDatabaseNotAvailable(AbstractIntegrationTest.java:36) ~[test-classes/:na]
	... 28 common frames omitted
Wrapped by: org.junit.internal.AssumptionViolatedException: got: <java.net.ConnectException: Connection refused (Connection refused)>, expected: null
	at org.junit.Assume.assumeThat(Assume.java:95) ~[junit-4.11.jar:na]
	at org.junit.Assume.assumeNoException(Assume.java:142) ~[junit-4.11.jar:na]
	at com.nurkiewicz.jdbcrepository.AbstractIntegrationTest.ignoreIfDatabaseNotAvailable(AbstractIntegrationTest.java:39) ~[test-classes/:na]
	at sun.reflect.GeneratedMethodAccessor21.invoke(Unknown Source) ~[na:na]
	at sun.reflect.DelegatingMethodAccessorImpl.invoke(DelegatingMethodAccessorImpl.java:43) ~[na:1.8.0_262]
	at java.lang.reflect.Method.invoke(Method.java:498) ~[na:1.8.0_262]
	at org.springframework.test.context.transaction.TransactionalTestExecutionListener.runBeforeTransactionMethods(TransactionalTestExecutionListener.java:248) ~[spring-test-4.1.1.RELEASE.jar:4.1.1.RELEASE]
	at org.springframework.test.context.transaction.TransactionalTestExecutionListener.beforeTestMethod(TransactionalTestExecutionListener.java:198) ~[spring-test-4.1.1.RELEASE.jar:4.1.1.RELEASE]
	at org.springframework.test.context.TestContextManager.beforeTestMethod(TestContextManager.java:249) ~[spring-test-4.1.1.RELEASE.jar:4.1.1.RELEASE]
	at org.springframework.test.context.junit4.statements.RunBeforeTestMethodCallbacks.evaluate(RunBeforeTestMethodCallbacks.java:71) [spring-test-4.1.1.RELEASE.jar:4.1.1.RELEASE]
	at org.springframework.test.context.junit4.statements.RunAfterTestMethodCallbacks.evaluate(RunAfterTestMethodCallbacks.java:81) [spring-test-4.1.1.RELEASE.jar:4.1.1.RELEASE]
	at org.springframework.test.context.junit4.statements.SpringRepeat.evaluate(SpringRepeat.java:72) [spring-test-4.1.1.RELEASE.jar:4.1.1.RELEASE]
	at org.junit.runners.ParentRunner.runLeaf(ParentRunner.java:271) [junit-4.11.jar:na]
	at org.springframework.test.context.junit4.SpringJUnit4ClassRunner.runChild(SpringJUnit4ClassRunner.java:216) [spring-test-4.1.1.RELEASE.jar:4.1.1.RELEASE]
	at org.springframework.test.context.junit4.SpringJUnit4ClassRunner.runChild(SpringJUnit4ClassRunner.java:82) [spring-test-4.1.1.RELEASE.jar:4.1.1.RELEASE]
	at org.junit.runners.ParentRunner$3.run(ParentRunner.java:238) [junit-4.11.jar:na]
	at org.junit.runners.ParentRunner$1.schedule(ParentRunner.java:63) [junit-4.11.jar:na]
	at org.junit.runners.ParentRunner.runChildren(ParentRunner.java:236) [junit-4.11.jar:na]
	at org.junit.runners.ParentRunner.access$000(ParentRunner.java:53) [junit-4.11.jar:na]
	at org.junit.runners.ParentRunner$2.evaluate(ParentRunner.java:229) [junit-4.11.jar:na]
	at org.springframework.test.context.junit4.statements.RunBeforeTestClassCallbacks.evaluate(RunBeforeTestClassCallbacks.java:60) [spring-test-4.1.1.RELEASE.jar:4.1.1.RELEASE]
	at org.springframework.test.context.junit4.statements.RunAfterTestClassCallbacks.evaluate(RunAfterTestClassCallbacks.java:67) [spring-test-4.1.1.RELEASE.jar:4.1.1.RELEASE]
	at org.junit.runners.ParentRunner.run(ParentRunner.java:309) [junit-4.11.jar:na]
	at org.springframework.test.context.junit4.SpringJUnit4ClassRunner.run(SpringJUnit4ClassRunner.java:162) [spring-test-4.1.1.RELEASE.jar:4.1.1.RELEASE]
	at org.apache.maven.surefire.junit4.JUnit4Provider.execute(JUnit4Provider.java:367) [surefire-junit4-2.19.1.jar:2.19.1]
	at org.apache.maven.surefire.junit4.JUnit4Provider.executeWithRerun(JUnit4Provider.java:274) [surefire-junit4-2.19.1.jar:2.19.1]
	at org.apache.maven.surefire.junit4.JUnit4Provider.executeTestSet(JUnit4Provider.java:238) [surefire-junit4-2.19.1.jar:2.19.1]
	at org.apache.maven.surefire.junit4.JUnit4Provider.invoke(JUnit4Provider.java:161) [surefire-junit4-2.19.1.jar:2.19.1]
	at org.apache.maven.surefire.booter.ForkedBooter.invokeProviderInSameClassLoader(ForkedBooter.java:290) [surefire-booter-2.19.1.jar:2.19.1]
	at org.apache.maven.surefire.booter.ForkedBooter.runSuitesInProcess(ForkedBooter.java:242) [surefire-booter-2.19.1.jar:2.19.1]
	at org.apache.maven.surefire.booter.ForkedBooter.main(ForkedBooter.java:121) [surefire-booter-2.19.1.jar:2.19.1]
]]></system-out>
  </testcase>
  <testcase name="shouldReturnOneRecordById" classname="com.nurkiewicz.jdbcrepository.mysql.JdbcRepositoryManualKeyMysqlTest" time="0">
    <skipped/>
    <system-out><![CDATA[22:42:09:148 | ERROR | main | o.s.t.c.t.TransactionalTestExecutionListener | Exception encountered while executing @BeforeTransaction methods for test context [DefaultTestContext@633c9699 testClass = JdbcRepositoryManualKeyMysqlTest, testInstance = com.nurkiewicz.jdbcrepository.mysql.JdbcRepositoryManualKeyMysqlTest@4710332d, testMethod = shouldReturnOneRecordById@JdbcRepositoryManualKeyTest, testException = [null], mergedContextConfiguration = [MergedContextConfiguration@31373fc1 testClass = JdbcRepositoryManualKeyMysqlTest, locations = '{}', classes = '{class com.nurkiewicz.jdbcrepository.mysql.JdbcRepositoryTestMysqlConfig}', contextInitializerClasses = '[]', activeProfiles = '{}', propertySourceLocations = '{}', propertySourceProperties = '{}', contextLoader = 'org.springframework.test.context.support.AnnotationConfigContextLoader', parent = [null]]].
java.net.ConnectException: Connection refused (Connection refused)
	at java.net.PlainSocketImpl.socketConnect(Native Method) ~[na:1.8.0_262]
	at java.net.AbstractPlainSocketImpl.doConnect(AbstractPlainSocketImpl.java:350) ~[na:1.8.0_262]
	at java.net.AbstractPlainSocketImpl.connectToAddress(AbstractPlainSocketImpl.java:206) ~[na:1.8.0_262]
	at java.net.AbstractPlainSocketImpl.connect(AbstractPlainSocketImpl.java:188) ~[na:1.8.0_262]
	at java.net.SocksSocketImpl.connect(SocksSocketImpl.java:392) ~[na:1.8.0_262]
	at java.net.Socket.connect(Socket.java:607) ~[na:1.8.0_262]
	at java.net.Socket.connect(Socket.java:556) ~[na:1.8.0_262]
	at com.nurkiewicz.jdbcrepository.AbstractIntegrationTest.ignoreIfDatabaseNotAvailable(AbstractIntegrationTest.java:36) ~[test-classes/:na]
	... 28 common frames omitted
Wrapped by: org.junit.internal.AssumptionViolatedException: got: <java.net.ConnectException: Connection refused (Connection refused)>, expected: null
	at org.junit.Assume.assumeThat(Assume.java:95) ~[junit-4.11.jar:na]
	at org.junit.Assume.assumeNoException(Assume.java:142) ~[junit-4.11.jar:na]
	at com.nurkiewicz.jdbcrepository.AbstractIntegrationTest.ignoreIfDatabaseNotAvailable(AbstractIntegrationTest.java:39) ~[test-classes/:na]
	at sun.reflect.GeneratedMethodAccessor21.invoke(Unknown Source) ~[na:na]
	at sun.reflect.DelegatingMethodAccessorImpl.invoke(DelegatingMethodAccessorImpl.java:43) ~[na:1.8.0_262]
	at java.lang.reflect.Method.invoke(Method.java:498) ~[na:1.8.0_262]
	at org.springframework.test.context.transaction.TransactionalTestExecutionListener.runBeforeTransactionMethods(TransactionalTestExecutionListener.java:248) [spring-test-4.1.1.RELEASE.jar:4.1.1.RELEASE]
	at org.springframework.test.context.transaction.TransactionalTestExecutionListener.beforeTestMethod(TransactionalTestExecutionListener.java:198) [spring-test-4.1.1.RELEASE.jar:4.1.1.RELEASE]
	at org.springframework.test.context.TestContextManager.beforeTestMethod(TestContextManager.java:249) [spring-test-4.1.1.RELEASE.jar:4.1.1.RELEASE]
	at org.springframework.test.context.junit4.statements.RunBeforeTestMethodCallbacks.evaluate(RunBeforeTestMethodCallbacks.java:71) [spring-test-4.1.1.RELEASE.jar:4.1.1.RELEASE]
	at org.springframework.test.context.junit4.statements.RunAfterTestMethodCallbacks.evaluate(RunAfterTestMethodCallbacks.java:81) [spring-test-4.1.1.RELEASE.jar:4.1.1.RELEASE]
	at org.springframework.test.context.junit4.statements.SpringRepeat.evaluate(SpringRepeat.java:72) [spring-test-4.1.1.RELEASE.jar:4.1.1.RELEASE]
	at org.junit.runners.ParentRunner.runLeaf(ParentRunner.java:271) [junit-4.11.jar:na]
	at org.springframework.test.context.junit4.SpringJUnit4ClassRunner.runChild(SpringJUnit4ClassRunner.java:216) [spring-test-4.1.1.RELEASE.jar:4.1.1.RELEASE]
	at org.springframework.test.context.junit4.SpringJUnit4ClassRunner.runChild(SpringJUnit4ClassRunner.java:82) [spring-test-4.1.1.RELEASE.jar:4.1.1.RELEASE]
	at org.junit.runners.ParentRunner$3.run(ParentRunner.java:238) [junit-4.11.jar:na]
	at org.junit.runners.ParentRunner$1.schedule(ParentRunner.java:63) [junit-4.11.jar:na]
	at org.junit.runners.ParentRunner.runChildren(ParentRunner.java:236) [junit-4.11.jar:na]
	at org.junit.runners.ParentRunner.access$000(ParentRunner.java:53) [junit-4.11.jar:na]
	at org.junit.runners.ParentRunner$2.evaluate(ParentRunner.java:229) [junit-4.11.jar:na]
	at org.springframework.test.context.junit4.statements.RunBeforeTestClassCallbacks.evaluate(RunBeforeTestClassCallbacks.java:60) [spring-test-4.1.1.RELEASE.jar:4.1.1.RELEASE]
	at org.springframework.test.context.junit4.statements.RunAfterTestClassCallbacks.evaluate(RunAfterTestClassCallbacks.java:67) [spring-test-4.1.1.RELEASE.jar:4.1.1.RELEASE]
	at org.junit.runners.ParentRunner.run(ParentRunner.java:309) [junit-4.11.jar:na]
	at org.springframework.test.context.junit4.SpringJUnit4ClassRunner.run(SpringJUnit4ClassRunner.java:162) [spring-test-4.1.1.RELEASE.jar:4.1.1.RELEASE]
	at org.apache.maven.surefire.junit4.JUnit4Provider.execute(JUnit4Provider.java:367) [surefire-junit4-2.19.1.jar:2.19.1]
	at org.apache.maven.surefire.junit4.JUnit4Provider.executeWithRerun(JUnit4Provider.java:274) [surefire-junit4-2.19.1.jar:2.19.1]
	at org.apache.maven.surefire.junit4.JUnit4Provider.executeTestSet(JUnit4Provider.java:238) [surefire-junit4-2.19.1.jar:2.19.1]
	at org.apache.maven.surefire.junit4.JUnit4Provider.invoke(JUnit4Provider.java:161) [surefire-junit4-2.19.1.jar:2.19.1]
	at org.apache.maven.surefire.booter.ForkedBooter.invokeProviderInSameClassLoader(ForkedBooter.java:290) [surefire-booter-2.19.1.jar:2.19.1]
	at org.apache.maven.surefire.booter.ForkedBooter.runSuitesInProcess(ForkedBooter.java:242) [surefire-booter-2.19.1.jar:2.19.1]
	at org.apache.maven.surefire.booter.ForkedBooter.main(ForkedBooter.java:121) [surefire-booter-2.19.1.jar:2.19.1]
22:42:09:148 | WARN  | main | o.s.t.c.TestContextManager | Caught exception while allowing TestExecutionListener [org.springframework.test.context.transaction.TransactionalTestExecutionListener@44b3d336] to process 'before' execution of test method [public void com.nurkiewicz.jdbcrepository.JdbcRepositoryManualKeyTest.shouldReturnOneRecordById()] for test instance [com.nurkiewicz.jdbcrepository.mysql.JdbcRepositoryManualKeyMysqlTest@4710332d]
java.net.ConnectException: Connection refused (Connection refused)
	at java.net.PlainSocketImpl.socketConnect(Native Method) ~[na:1.8.0_262]
	at java.net.AbstractPlainSocketImpl.doConnect(AbstractPlainSocketImpl.java:350) ~[na:1.8.0_262]
	at java.net.AbstractPlainSocketImpl.connectToAddress(AbstractPlainSocketImpl.java:206) ~[na:1.8.0_262]
	at java.net.AbstractPlainSocketImpl.connect(AbstractPlainSocketImpl.java:188) ~[na:1.8.0_262]
	at java.net.SocksSocketImpl.connect(SocksSocketImpl.java:392) ~[na:1.8.0_262]
	at java.net.Socket.connect(Socket.java:607) ~[na:1.8.0_262]
	at java.net.Socket.connect(Socket.java:556) ~[na:1.8.0_262]
	at com.nurkiewicz.jdbcrepository.AbstractIntegrationTest.ignoreIfDatabaseNotAvailable(AbstractIntegrationTest.java:36) ~[test-classes/:na]
	... 28 common frames omitted
Wrapped by: org.junit.internal.AssumptionViolatedException: got: <java.net.ConnectException: Connection refused (Connection refused)>, expected: null
	at org.junit.Assume.assumeThat(Assume.java:95) ~[junit-4.11.jar:na]
	at org.junit.Assume.assumeNoException(Assume.java:142) ~[junit-4.11.jar:na]
	at com.nurkiewicz.jdbcrepository.AbstractIntegrationTest.ignoreIfDatabaseNotAvailable(AbstractIntegrationTest.java:39) ~[test-classes/:na]
	at sun.reflect.GeneratedMethodAccessor21.invoke(Unknown Source) ~[na:na]
	at sun.reflect.DelegatingMethodAccessorImpl.invoke(DelegatingMethodAccessorImpl.java:43) ~[na:1.8.0_262]
	at java.lang.reflect.Method.invoke(Method.java:498) ~[na:1.8.0_262]
	at org.springframework.test.context.transaction.TransactionalTestExecutionListener.runBeforeTransactionMethods(TransactionalTestExecutionListener.java:248) ~[spring-test-4.1.1.RELEASE.jar:4.1.1.RELEASE]
	at org.springframework.test.context.transaction.TransactionalTestExecutionListener.beforeTestMethod(TransactionalTestExecutionListener.java:198) ~[spring-test-4.1.1.RELEASE.jar:4.1.1.RELEASE]
	at org.springframework.test.context.TestContextManager.beforeTestMethod(TestContextManager.java:249) ~[spring-test-4.1.1.RELEASE.jar:4.1.1.RELEASE]
	at org.springframework.test.context.junit4.statements.RunBeforeTestMethodCallbacks.evaluate(RunBeforeTestMethodCallbacks.java:71) [spring-test-4.1.1.RELEASE.jar:4.1.1.RELEASE]
	at org.springframework.test.context.junit4.statements.RunAfterTestMethodCallbacks.evaluate(RunAfterTestMethodCallbacks.java:81) [spring-test-4.1.1.RELEASE.jar:4.1.1.RELEASE]
	at org.springframework.test.context.junit4.statements.SpringRepeat.evaluate(SpringRepeat.java:72) [spring-test-4.1.1.RELEASE.jar:4.1.1.RELEASE]
	at org.junit.runners.ParentRunner.runLeaf(ParentRunner.java:271) [junit-4.11.jar:na]
	at org.springframework.test.context.junit4.SpringJUnit4ClassRunner.runChild(SpringJUnit4ClassRunner.java:216) [spring-test-4.1.1.RELEASE.jar:4.1.1.RELEASE]
	at org.springframework.test.context.junit4.SpringJUnit4ClassRunner.runChild(SpringJUnit4ClassRunner.java:82) [spring-test-4.1.1.RELEASE.jar:4.1.1.RELEASE]
	at org.junit.runners.ParentRunner$3.run(ParentRunner.java:238) [junit-4.11.jar:na]
	at org.junit.runners.ParentRunner$1.schedule(ParentRunner.java:63) [junit-4.11.jar:na]
	at org.junit.runners.ParentRunner.runChildren(ParentRunner.java:236) [junit-4.11.jar:na]
	at org.junit.runners.ParentRunner.access$000(ParentRunner.java:53) [junit-4.11.jar:na]
	at org.junit.runners.ParentRunner$2.evaluate(ParentRunner.java:229) [junit-4.11.jar:na]
	at org.springframework.test.context.junit4.statements.RunBeforeTestClassCallbacks.evaluate(RunBeforeTestClassCallbacks.java:60) [spring-test-4.1.1.RELEASE.jar:4.1.1.RELEASE]
	at org.springframework.test.context.junit4.statements.RunAfterTestClassCallbacks.evaluate(RunAfterTestClassCallbacks.java:67) [spring-test-4.1.1.RELEASE.jar:4.1.1.RELEASE]
	at org.junit.runners.ParentRunner.run(ParentRunner.java:309) [junit-4.11.jar:na]
	at org.springframework.test.context.junit4.SpringJUnit4ClassRunner.run(SpringJUnit4ClassRunner.java:162) [spring-test-4.1.1.RELEASE.jar:4.1.1.RELEASE]
	at org.apache.maven.surefire.junit4.JUnit4Provider.execute(JUnit4Provider.java:367) [surefire-junit4-2.19.1.jar:2.19.1]
	at org.apache.maven.surefire.junit4.JUnit4Provider.executeWithRerun(JUnit4Provider.java:274) [surefire-junit4-2.19.1.jar:2.19.1]
	at org.apache.maven.surefire.junit4.JUnit4Provider.executeTestSet(JUnit4Provider.java:238) [surefire-junit4-2.19.1.jar:2.19.1]
	at org.apache.maven.surefire.junit4.JUnit4Provider.invoke(JUnit4Provider.java:161) [surefire-junit4-2.19.1.jar:2.19.1]
	at org.apache.maven.surefire.booter.ForkedBooter.invokeProviderInSameClassLoader(ForkedBooter.java:290) [surefire-booter-2.19.1.jar:2.19.1]
	at org.apache.maven.surefire.booter.ForkedBooter.runSuitesInProcess(ForkedBooter.java:242) [surefire-booter-2.19.1.jar:2.19.1]
	at org.apache.maven.surefire.booter.ForkedBooter.main(ForkedBooter.java:121) [surefire-booter-2.19.1.jar:2.19.1]
]]></system-out>
  </testcase>
  <testcase name="shouldReturnEmptyListWhenFindAllCalledWithoutPagingButWithSortingOnMultipleProperties" classname="com.nurkiewicz.jdbcrepository.mysql.JdbcRepositoryManualKeyMysqlTest" time="0">
    <skipped/>
    <system-out><![CDATA[22:42:09:150 | ERROR | main | o.s.t.c.t.TransactionalTestExecutionListener | Exception encountered while executing @BeforeTransaction methods for test context [DefaultTestContext@633c9699 testClass = JdbcRepositoryManualKeyMysqlTest, testInstance = com.nurkiewicz.jdbcrepository.mysql.JdbcRepositoryManualKeyMysqlTest@52891a77, testMethod = shouldReturnEmptyListWhenFindAllCalledWithoutPagingButWithSortingOnMultipleProperties@JdbcRepositoryManualKeyTest, testException = [null], mergedContextConfiguration = [MergedContextConfiguration@31373fc1 testClass = JdbcRepositoryManualKeyMysqlTest, locations = '{}', classes = '{class com.nurkiewicz.jdbcrepository.mysql.JdbcRepositoryTestMysqlConfig}', contextInitializerClasses = '[]', activeProfiles = '{}', propertySourceLocations = '{}', propertySourceProperties = '{}', contextLoader = 'org.springframework.test.context.support.AnnotationConfigContextLoader', parent = [null]]].
java.net.ConnectException: Connection refused (Connection refused)
	at java.net.PlainSocketImpl.socketConnect(Native Method) ~[na:1.8.0_262]
	at java.net.AbstractPlainSocketImpl.doConnect(AbstractPlainSocketImpl.java:350) ~[na:1.8.0_262]
	at java.net.AbstractPlainSocketImpl.connectToAddress(AbstractPlainSocketImpl.java:206) ~[na:1.8.0_262]
	at java.net.AbstractPlainSocketImpl.connect(AbstractPlainSocketImpl.java:188) ~[na:1.8.0_262]
	at java.net.SocksSocketImpl.connect(SocksSocketImpl.java:392) ~[na:1.8.0_262]
	at java.net.Socket.connect(Socket.java:607) ~[na:1.8.0_262]
	at java.net.Socket.connect(Socket.java:556) ~[na:1.8.0_262]
	at com.nurkiewicz.jdbcrepository.AbstractIntegrationTest.ignoreIfDatabaseNotAvailable(AbstractIntegrationTest.java:36) ~[test-classes/:na]
	... 28 common frames omitted
Wrapped by: org.junit.internal.AssumptionViolatedException: got: <java.net.ConnectException: Connection refused (Connection refused)>, expected: null
	at org.junit.Assume.assumeThat(Assume.java:95) ~[junit-4.11.jar:na]
	at org.junit.Assume.assumeNoException(Assume.java:142) ~[junit-4.11.jar:na]
	at com.nurkiewicz.jdbcrepository.AbstractIntegrationTest.ignoreIfDatabaseNotAvailable(AbstractIntegrationTest.java:39) ~[test-classes/:na]
	at sun.reflect.GeneratedMethodAccessor21.invoke(Unknown Source) ~[na:na]
	at sun.reflect.DelegatingMethodAccessorImpl.invoke(DelegatingMethodAccessorImpl.java:43) ~[na:1.8.0_262]
	at java.lang.reflect.Method.invoke(Method.java:498) ~[na:1.8.0_262]
	at org.springframework.test.context.transaction.TransactionalTestExecutionListener.runBeforeTransactionMethods(TransactionalTestExecutionListener.java:248) [spring-test-4.1.1.RELEASE.jar:4.1.1.RELEASE]
	at org.springframework.test.context.transaction.TransactionalTestExecutionListener.beforeTestMethod(TransactionalTestExecutionListener.java:198) [spring-test-4.1.1.RELEASE.jar:4.1.1.RELEASE]
	at org.springframework.test.context.TestContextManager.beforeTestMethod(TestContextManager.java:249) [spring-test-4.1.1.RELEASE.jar:4.1.1.RELEASE]
	at org.springframework.test.context.junit4.statements.RunBeforeTestMethodCallbacks.evaluate(RunBeforeTestMethodCallbacks.java:71) [spring-test-4.1.1.RELEASE.jar:4.1.1.RELEASE]
	at org.springframework.test.context.junit4.statements.RunAfterTestMethodCallbacks.evaluate(RunAfterTestMethodCallbacks.java:81) [spring-test-4.1.1.RELEASE.jar:4.1.1.RELEASE]
	at org.springframework.test.context.junit4.statements.SpringRepeat.evaluate(SpringRepeat.java:72) [spring-test-4.1.1.RELEASE.jar:4.1.1.RELEASE]
	at org.junit.runners.ParentRunner.runLeaf(ParentRunner.java:271) [junit-4.11.jar:na]
	at org.springframework.test.context.junit4.SpringJUnit4ClassRunner.runChild(SpringJUnit4ClassRunner.java:216) [spring-test-4.1.1.RELEASE.jar:4.1.1.RELEASE]
	at org.springframework.test.context.junit4.SpringJUnit4ClassRunner.runChild(SpringJUnit4ClassRunner.java:82) [spring-test-4.1.1.RELEASE.jar:4.1.1.RELEASE]
	at org.junit.runners.ParentRunner$3.run(ParentRunner.java:238) [junit-4.11.jar:na]
	at org.junit.runners.ParentRunner$1.schedule(ParentRunner.java:63) [junit-4.11.jar:na]
	at org.junit.runners.ParentRunner.runChildren(ParentRunner.java:236) [junit-4.11.jar:na]
	at org.junit.runners.ParentRunner.access$000(ParentRunner.java:53) [junit-4.11.jar:na]
	at org.junit.runners.ParentRunner$2.evaluate(ParentRunner.java:229) [junit-4.11.jar:na]
	at org.springframework.test.context.junit4.statements.RunBeforeTestClassCallbacks.evaluate(RunBeforeTestClassCallbacks.java:60) [spring-test-4.1.1.RELEASE.jar:4.1.1.RELEASE]
	at org.springframework.test.context.junit4.statements.RunAfterTestClassCallbacks.evaluate(RunAfterTestClassCallbacks.java:67) [spring-test-4.1.1.RELEASE.jar:4.1.1.RELEASE]
	at org.junit.runners.ParentRunner.run(ParentRunner.java:309) [junit-4.11.jar:na]
	at org.springframework.test.context.junit4.SpringJUnit4ClassRunner.run(SpringJUnit4ClassRunner.java:162) [spring-test-4.1.1.RELEASE.jar:4.1.1.RELEASE]
	at org.apache.maven.surefire.junit4.JUnit4Provider.execute(JUnit4Provider.java:367) [surefire-junit4-2.19.1.jar:2.19.1]
	at org.apache.maven.surefire.junit4.JUnit4Provider.executeWithRerun(JUnit4Provider.java:274) [surefire-junit4-2.19.1.jar:2.19.1]
	at org.apache.maven.surefire.junit4.JUnit4Provider.executeTestSet(JUnit4Provider.java:238) [surefire-junit4-2.19.1.jar:2.19.1]
	at org.apache.maven.surefire.junit4.JUnit4Provider.invoke(JUnit4Provider.java:161) [surefire-junit4-2.19.1.jar:2.19.1]
	at org.apache.maven.surefire.booter.ForkedBooter.invokeProviderInSameClassLoader(ForkedBooter.java:290) [surefire-booter-2.19.1.jar:2.19.1]
	at org.apache.maven.surefire.booter.ForkedBooter.runSuitesInProcess(ForkedBooter.java:242) [surefire-booter-2.19.1.jar:2.19.1]
	at org.apache.maven.surefire.booter.ForkedBooter.main(ForkedBooter.java:121) [surefire-booter-2.19.1.jar:2.19.1]
22:42:09:151 | WARN  | main | o.s.t.c.TestContextManager | Caught exception while allowing TestExecutionListener [org.springframework.test.context.transaction.TransactionalTestExecutionListener@44b3d336] to process 'before' execution of test method [public void com.nurkiewicz.jdbcrepository.JdbcRepositoryManualKeyTest.shouldReturnEmptyListWhenFindAllCalledWithoutPagingButWithSortingOnMultipleProperties() throws java.lang.Exception] for test instance [com.nurkiewicz.jdbcrepository.mysql.JdbcRepositoryManualKeyMysqlTest@52891a77]
java.net.ConnectException: Connection refused (Connection refused)
	at java.net.PlainSocketImpl.socketConnect(Native Method) ~[na:1.8.0_262]
	at java.net.AbstractPlainSocketImpl.doConnect(AbstractPlainSocketImpl.java:350) ~[na:1.8.0_262]
	at java.net.AbstractPlainSocketImpl.connectToAddress(AbstractPlainSocketImpl.java:206) ~[na:1.8.0_262]
	at java.net.AbstractPlainSocketImpl.connect(AbstractPlainSocketImpl.java:188) ~[na:1.8.0_262]
	at java.net.SocksSocketImpl.connect(SocksSocketImpl.java:392) ~[na:1.8.0_262]
	at java.net.Socket.connect(Socket.java:607) ~[na:1.8.0_262]
	at java.net.Socket.connect(Socket.java:556) ~[na:1.8.0_262]
	at com.nurkiewicz.jdbcrepository.AbstractIntegrationTest.ignoreIfDatabaseNotAvailable(AbstractIntegrationTest.java:36) ~[test-classes/:na]
	... 28 common frames omitted
Wrapped by: org.junit.internal.AssumptionViolatedException: got: <java.net.ConnectException: Connection refused (Connection refused)>, expected: null
	at org.junit.Assume.assumeThat(Assume.java:95) ~[junit-4.11.jar:na]
	at org.junit.Assume.assumeNoException(Assume.java:142) ~[junit-4.11.jar:na]
	at com.nurkiewicz.jdbcrepository.AbstractIntegrationTest.ignoreIfDatabaseNotAvailable(AbstractIntegrationTest.java:39) ~[test-classes/:na]
	at sun.reflect.GeneratedMethodAccessor21.invoke(Unknown Source) ~[na:na]
	at sun.reflect.DelegatingMethodAccessorImpl.invoke(DelegatingMethodAccessorImpl.java:43) ~[na:1.8.0_262]
	at java.lang.reflect.Method.invoke(Method.java:498) ~[na:1.8.0_262]
	at org.springframework.test.context.transaction.TransactionalTestExecutionListener.runBeforeTransactionMethods(TransactionalTestExecutionListener.java:248) ~[spring-test-4.1.1.RELEASE.jar:4.1.1.RELEASE]
	at org.springframework.test.context.transaction.TransactionalTestExecutionListener.beforeTestMethod(TransactionalTestExecutionListener.java:198) ~[spring-test-4.1.1.RELEASE.jar:4.1.1.RELEASE]
	at org.springframework.test.context.TestContextManager.beforeTestMethod(TestContextManager.java:249) ~[spring-test-4.1.1.RELEASE.jar:4.1.1.RELEASE]
	at org.springframework.test.context.junit4.statements.RunBeforeTestMethodCallbacks.evaluate(RunBeforeTestMethodCallbacks.java:71) [spring-test-4.1.1.RELEASE.jar:4.1.1.RELEASE]
	at org.springframework.test.context.junit4.statements.RunAfterTestMethodCallbacks.evaluate(RunAfterTestMethodCallbacks.java:81) [spring-test-4.1.1.RELEASE.jar:4.1.1.RELEASE]
	at org.springframework.test.context.junit4.statements.SpringRepeat.evaluate(SpringRepeat.java:72) [spring-test-4.1.1.RELEASE.jar:4.1.1.RELEASE]
	at org.junit.runners.ParentRunner.runLeaf(ParentRunner.java:271) [junit-4.11.jar:na]
	at org.springframework.test.context.junit4.SpringJUnit4ClassRunner.runChild(SpringJUnit4ClassRunner.java:216) [spring-test-4.1.1.RELEASE.jar:4.1.1.RELEASE]
	at org.springframework.test.context.junit4.SpringJUnit4ClassRunner.runChild(SpringJUnit4ClassRunner.java:82) [spring-test-4.1.1.RELEASE.jar:4.1.1.RELEASE]
	at org.junit.runners.ParentRunner$3.run(ParentRunner.java:238) [junit-4.11.jar:na]
	at org.junit.runners.ParentRunner$1.schedule(ParentRunner.java:63) [junit-4.11.jar:na]
	at org.junit.runners.ParentRunner.runChildren(ParentRunner.java:236) [junit-4.11.jar:na]
	at org.junit.runners.ParentRunner.access$000(ParentRunner.java:53) [junit-4.11.jar:na]
	at org.junit.runners.ParentRunner$2.evaluate(ParentRunner.java:229) [junit-4.11.jar:na]
	at org.springframework.test.context.junit4.statements.RunBeforeTestClassCallbacks.evaluate(RunBeforeTestClassCallbacks.java:60) [spring-test-4.1.1.RELEASE.jar:4.1.1.RELEASE]
	at org.springframework.test.context.junit4.statements.RunAfterTestClassCallbacks.evaluate(RunAfterTestClassCallbacks.java:67) [spring-test-4.1.1.RELEASE.jar:4.1.1.RELEASE]
	at org.junit.runners.ParentRunner.run(ParentRunner.java:309) [junit-4.11.jar:na]
	at org.springframework.test.context.junit4.SpringJUnit4ClassRunner.run(SpringJUnit4ClassRunner.java:162) [spring-test-4.1.1.RELEASE.jar:4.1.1.RELEASE]
	at org.apache.maven.surefire.junit4.JUnit4Provider.execute(JUnit4Provider.java:367) [surefire-junit4-2.19.1.jar:2.19.1]
	at org.apache.maven.surefire.junit4.JUnit4Provider.executeWithRerun(JUnit4Provider.java:274) [surefire-junit4-2.19.1.jar:2.19.1]
	at org.apache.maven.surefire.junit4.JUnit4Provider.executeTestSet(JUnit4Provider.java:238) [surefire-junit4-2.19.1.jar:2.19.1]
	at org.apache.maven.surefire.junit4.JUnit4Provider.invoke(JUnit4Provider.java:161) [surefire-junit4-2.19.1.jar:2.19.1]
	at org.apache.maven.surefire.booter.ForkedBooter.invokeProviderInSameClassLoader(ForkedBooter.java:290) [surefire-booter-2.19.1.jar:2.19.1]
	at org.apache.maven.surefire.booter.ForkedBooter.runSuitesInProcess(ForkedBooter.java:242) [surefire-booter-2.19.1.jar:2.19.1]
	at org.apache.maven.surefire.booter.ForkedBooter.main(ForkedBooter.java:121) [surefire-booter-2.19.1.jar:2.19.1]
]]></system-out>
  </testcase>
  <testcase name="shouldReturnFalseWhenExistsCalledOnEmptyDatabase" classname="com.nurkiewicz.jdbcrepository.mysql.JdbcRepositoryManualKeyMysqlTest" time="0">
    <skipped/>
    <system-out><![CDATA[22:42:09:154 | ERROR | main | o.s.t.c.t.TransactionalTestExecutionListener | Exception encountered while executing @BeforeTransaction methods for test context [DefaultTestContext@633c9699 testClass = JdbcRepositoryManualKeyMysqlTest, testInstance = com.nurkiewicz.jdbcrepository.mysql.JdbcRepositoryManualKeyMysqlTest@3e900cf4, testMethod = shouldReturnFalseWhenExistsCalledOnEmptyDatabase@JdbcRepositoryManualKeyTest, testException = [null], mergedContextConfiguration = [MergedContextConfiguration@31373fc1 testClass = JdbcRepositoryManualKeyMysqlTest, locations = '{}', classes = '{class com.nurkiewicz.jdbcrepository.mysql.JdbcRepositoryTestMysqlConfig}', contextInitializerClasses = '[]', activeProfiles = '{}', propertySourceLocations = '{}', propertySourceProperties = '{}', contextLoader = 'org.springframework.test.context.support.AnnotationConfigContextLoader', parent = [null]]].
java.net.ConnectException: Connection refused (Connection refused)
	at java.net.PlainSocketImpl.socketConnect(Native Method) ~[na:1.8.0_262]
	at java.net.AbstractPlainSocketImpl.doConnect(AbstractPlainSocketImpl.java:350) ~[na:1.8.0_262]
	at java.net.AbstractPlainSocketImpl.connectToAddress(AbstractPlainSocketImpl.java:206) ~[na:1.8.0_262]
	at java.net.AbstractPlainSocketImpl.connect(AbstractPlainSocketImpl.java:188) ~[na:1.8.0_262]
	at java.net.SocksSocketImpl.connect(SocksSocketImpl.java:392) ~[na:1.8.0_262]
	at java.net.Socket.connect(Socket.java:607) ~[na:1.8.0_262]
	at java.net.Socket.connect(Socket.java:556) ~[na:1.8.0_262]
	at com.nurkiewicz.jdbcrepository.AbstractIntegrationTest.ignoreIfDatabaseNotAvailable(AbstractIntegrationTest.java:36) ~[test-classes/:na]
	... 28 common frames omitted
Wrapped by: org.junit.internal.AssumptionViolatedException: got: <java.net.ConnectException: Connection refused (Connection refused)>, expected: null
	at org.junit.Assume.assumeThat(Assume.java:95) ~[junit-4.11.jar:na]
	at org.junit.Assume.assumeNoException(Assume.java:142) ~[junit-4.11.jar:na]
	at com.nurkiewicz.jdbcrepository.AbstractIntegrationTest.ignoreIfDatabaseNotAvailable(AbstractIntegrationTest.java:39) ~[test-classes/:na]
	at sun.reflect.GeneratedMethodAccessor21.invoke(Unknown Source) ~[na:na]
	at sun.reflect.DelegatingMethodAccessorImpl.invoke(DelegatingMethodAccessorImpl.java:43) ~[na:1.8.0_262]
	at java.lang.reflect.Method.invoke(Method.java:498) ~[na:1.8.0_262]
	at org.springframework.test.context.transaction.TransactionalTestExecutionListener.runBeforeTransactionMethods(TransactionalTestExecutionListener.java:248) [spring-test-4.1.1.RELEASE.jar:4.1.1.RELEASE]
	at org.springframework.test.context.transaction.TransactionalTestExecutionListener.beforeTestMethod(TransactionalTestExecutionListener.java:198) [spring-test-4.1.1.RELEASE.jar:4.1.1.RELEASE]
	at org.springframework.test.context.TestContextManager.beforeTestMethod(TestContextManager.java:249) [spring-test-4.1.1.RELEASE.jar:4.1.1.RELEASE]
	at org.springframework.test.context.junit4.statements.RunBeforeTestMethodCallbacks.evaluate(RunBeforeTestMethodCallbacks.java:71) [spring-test-4.1.1.RELEASE.jar:4.1.1.RELEASE]
	at org.springframework.test.context.junit4.statements.RunAfterTestMethodCallbacks.evaluate(RunAfterTestMethodCallbacks.java:81) [spring-test-4.1.1.RELEASE.jar:4.1.1.RELEASE]
	at org.springframework.test.context.junit4.statements.SpringRepeat.evaluate(SpringRepeat.java:72) [spring-test-4.1.1.RELEASE.jar:4.1.1.RELEASE]
	at org.junit.runners.ParentRunner.runLeaf(ParentRunner.java:271) [junit-4.11.jar:na]
	at org.springframework.test.context.junit4.SpringJUnit4ClassRunner.runChild(SpringJUnit4ClassRunner.java:216) [spring-test-4.1.1.RELEASE.jar:4.1.1.RELEASE]
	at org.springframework.test.context.junit4.SpringJUnit4ClassRunner.runChild(SpringJUnit4ClassRunner.java:82) [spring-test-4.1.1.RELEASE.jar:4.1.1.RELEASE]
	at org.junit.runners.ParentRunner$3.run(ParentRunner.java:238) [junit-4.11.jar:na]
	at org.junit.runners.ParentRunner$1.schedule(ParentRunner.java:63) [junit-4.11.jar:na]
	at org.junit.runners.ParentRunner.runChildren(ParentRunner.java:236) [junit-4.11.jar:na]
	at org.junit.runners.ParentRunner.access$000(ParentRunner.java:53) [junit-4.11.jar:na]
	at org.junit.runners.ParentRunner$2.evaluate(ParentRunner.java:229) [junit-4.11.jar:na]
	at org.springframework.test.context.junit4.statements.RunBeforeTestClassCallbacks.evaluate(RunBeforeTestClassCallbacks.java:60) [spring-test-4.1.1.RELEASE.jar:4.1.1.RELEASE]
	at org.springframework.test.context.junit4.statements.RunAfterTestClassCallbacks.evaluate(RunAfterTestClassCallbacks.java:67) [spring-test-4.1.1.RELEASE.jar:4.1.1.RELEASE]
	at org.junit.runners.ParentRunner.run(ParentRunner.java:309) [junit-4.11.jar:na]
	at org.springframework.test.context.junit4.SpringJUnit4ClassRunner.run(SpringJUnit4ClassRunner.java:162) [spring-test-4.1.1.RELEASE.jar:4.1.1.RELEASE]
	at org.apache.maven.surefire.junit4.JUnit4Provider.execute(JUnit4Provider.java:367) [surefire-junit4-2.19.1.jar:2.19.1]
	at org.apache.maven.surefire.junit4.JUnit4Provider.executeWithRerun(JUnit4Provider.java:274) [surefire-junit4-2.19.1.jar:2.19.1]
	at org.apache.maven.surefire.junit4.JUnit4Provider.executeTestSet(JUnit4Provider.java:238) [surefire-junit4-2.19.1.jar:2.19.1]
	at org.apache.maven.surefire.junit4.JUnit4Provider.invoke(JUnit4Provider.java:161) [surefire-junit4-2.19.1.jar:2.19.1]
	at org.apache.maven.surefire.booter.ForkedBooter.invokeProviderInSameClassLoader(ForkedBooter.java:290) [surefire-booter-2.19.1.jar:2.19.1]
	at org.apache.maven.surefire.booter.ForkedBooter.runSuitesInProcess(ForkedBooter.java:242) [surefire-booter-2.19.1.jar:2.19.1]
	at org.apache.maven.surefire.booter.ForkedBooter.main(ForkedBooter.java:121) [surefire-booter-2.19.1.jar:2.19.1]
22:42:09:154 | WARN  | main | o.s.t.c.TestContextManager | Caught exception while allowing TestExecutionListener [org.springframework.test.context.transaction.TransactionalTestExecutionListener@44b3d336] to process 'before' execution of test method [public void com.nurkiewicz.jdbcrepository.JdbcRepositoryManualKeyTest.shouldReturnFalseWhenExistsCalledOnEmptyDatabase()] for test instance [com.nurkiewicz.jdbcrepository.mysql.JdbcRepositoryManualKeyMysqlTest@3e900cf4]
java.net.ConnectException: Connection refused (Connection refused)
	at java.net.PlainSocketImpl.socketConnect(Native Method) ~[na:1.8.0_262]
	at java.net.AbstractPlainSocketImpl.doConnect(AbstractPlainSocketImpl.java:350) ~[na:1.8.0_262]
	at java.net.AbstractPlainSocketImpl.connectToAddress(AbstractPlainSocketImpl.java:206) ~[na:1.8.0_262]
	at java.net.AbstractPlainSocketImpl.connect(AbstractPlainSocketImpl.java:188) ~[na:1.8.0_262]
	at java.net.SocksSocketImpl.connect(SocksSocketImpl.java:392) ~[na:1.8.0_262]
	at java.net.Socket.connect(Socket.java:607) ~[na:1.8.0_262]
	at java.net.Socket.connect(Socket.java:556) ~[na:1.8.0_262]
	at com.nurkiewicz.jdbcrepository.AbstractIntegrationTest.ignoreIfDatabaseNotAvailable(AbstractIntegrationTest.java:36) ~[test-classes/:na]
	... 28 common frames omitted
Wrapped by: org.junit.internal.AssumptionViolatedException: got: <java.net.ConnectException: Connection refused (Connection refused)>, expected: null
	at org.junit.Assume.assumeThat(Assume.java:95) ~[junit-4.11.jar:na]
	at org.junit.Assume.assumeNoException(Assume.java:142) ~[junit-4.11.jar:na]
	at com.nurkiewicz.jdbcrepository.AbstractIntegrationTest.ignoreIfDatabaseNotAvailable(AbstractIntegrationTest.java:39) ~[test-classes/:na]
	at sun.reflect.GeneratedMethodAccessor21.invoke(Unknown Source) ~[na:na]
	at sun.reflect.DelegatingMethodAccessorImpl.invoke(DelegatingMethodAccessorImpl.java:43) ~[na:1.8.0_262]
	at java.lang.reflect.Method.invoke(Method.java:498) ~[na:1.8.0_262]
	at org.springframework.test.context.transaction.TransactionalTestExecutionListener.runBeforeTransactionMethods(TransactionalTestExecutionListener.java:248) ~[spring-test-4.1.1.RELEASE.jar:4.1.1.RELEASE]
	at org.springframework.test.context.transaction.TransactionalTestExecutionListener.beforeTestMethod(TransactionalTestExecutionListener.java:198) ~[spring-test-4.1.1.RELEASE.jar:4.1.1.RELEASE]
	at org.springframework.test.context.TestContextManager.beforeTestMethod(TestContextManager.java:249) ~[spring-test-4.1.1.RELEASE.jar:4.1.1.RELEASE]
	at org.springframework.test.context.junit4.statements.RunBeforeTestMethodCallbacks.evaluate(RunBeforeTestMethodCallbacks.java:71) [spring-test-4.1.1.RELEASE.jar:4.1.1.RELEASE]
	at org.springframework.test.context.junit4.statements.RunAfterTestMethodCallbacks.evaluate(RunAfterTestMethodCallbacks.java:81) [spring-test-4.1.1.RELEASE.jar:4.1.1.RELEASE]
	at org.springframework.test.context.junit4.statements.SpringRepeat.evaluate(SpringRepeat.java:72) [spring-test-4.1.1.RELEASE.jar:4.1.1.RELEASE]
	at org.junit.runners.ParentRunner.runLeaf(ParentRunner.java:271) [junit-4.11.jar:na]
	at org.springframework.test.context.junit4.SpringJUnit4ClassRunner.runChild(SpringJUnit4ClassRunner.java:216) [spring-test-4.1.1.RELEASE.jar:4.1.1.RELEASE]
	at org.springframework.test.context.junit4.SpringJUnit4ClassRunner.runChild(SpringJUnit4ClassRunner.java:82) [spring-test-4.1.1.RELEASE.jar:4.1.1.RELEASE]
	at org.junit.runners.ParentRunner$3.run(ParentRunner.java:238) [junit-4.11.jar:na]
	at org.junit.runners.ParentRunner$1.schedule(ParentRunner.java:63) [junit-4.11.jar:na]
	at org.junit.runners.ParentRunner.runChildren(ParentRunner.java:236) [junit-4.11.jar:na]
	at org.junit.runners.ParentRunner.access$000(ParentRunner.java:53) [junit-4.11.jar:na]
	at org.junit.runners.ParentRunner$2.evaluate(ParentRunner.java:229) [junit-4.11.jar:na]
	at org.springframework.test.context.junit4.statements.RunBeforeTestClassCallbacks.evaluate(RunBeforeTestClassCallbacks.java:60) [spring-test-4.1.1.RELEASE.jar:4.1.1.RELEASE]
	at org.springframework.test.context.junit4.statements.RunAfterTestClassCallbacks.evaluate(RunAfterTestClassCallbacks.java:67) [spring-test-4.1.1.RELEASE.jar:4.1.1.RELEASE]
	at org.junit.runners.ParentRunner.run(ParentRunner.java:309) [junit-4.11.jar:na]
	at org.springframework.test.context.junit4.SpringJUnit4ClassRunner.run(SpringJUnit4ClassRunner.java:162) [spring-test-4.1.1.RELEASE.jar:4.1.1.RELEASE]
	at org.apache.maven.surefire.junit4.JUnit4Provider.execute(JUnit4Provider.java:367) [surefire-junit4-2.19.1.jar:2.19.1]
	at org.apache.maven.surefire.junit4.JUnit4Provider.executeWithRerun(JUnit4Provider.java:274) [surefire-junit4-2.19.1.jar:2.19.1]
	at org.apache.maven.surefire.junit4.JUnit4Provider.executeTestSet(JUnit4Provider.java:238) [surefire-junit4-2.19.1.jar:2.19.1]
	at org.apache.maven.surefire.junit4.JUnit4Provider.invoke(JUnit4Provider.java:161) [surefire-junit4-2.19.1.jar:2.19.1]
	at org.apache.maven.surefire.booter.ForkedBooter.invokeProviderInSameClassLoader(ForkedBooter.java:290) [surefire-booter-2.19.1.jar:2.19.1]
	at org.apache.maven.surefire.booter.ForkedBooter.runSuitesInProcess(ForkedBooter.java:242) [surefire-booter-2.19.1.jar:2.19.1]
	at org.apache.maven.surefire.booter.ForkedBooter.main(ForkedBooter.java:121) [surefire-booter-2.19.1.jar:2.19.1]
]]></system-out>
  </testcase>
  <testcase name="shouldDoNothingWhenEntityForGivenIdDoesNotExist" classname="com.nurkiewicz.jdbcrepository.mysql.JdbcRepositoryManualKeyMysqlTest" time="0">
    <skipped/>
    <system-out><![CDATA[22:42:09:157 | ERROR | main | o.s.t.c.t.TransactionalTestExecutionListener | Exception encountered while executing @BeforeTransaction methods for test context [DefaultTestContext@633c9699 testClass = JdbcRepositoryManualKeyMysqlTest, testInstance = com.nurkiewicz.jdbcrepository.mysql.JdbcRepositoryManualKeyMysqlTest@5b6dc76c, testMethod = shouldDoNothingWhenEntityForGivenIdDoesNotExist@JdbcRepositoryManualKeyTest, testException = [null], mergedContextConfiguration = [MergedContextConfiguration@31373fc1 testClass = JdbcRepositoryManualKeyMysqlTest, locations = '{}', classes = '{class com.nurkiewicz.jdbcrepository.mysql.JdbcRepositoryTestMysqlConfig}', contextInitializerClasses = '[]', activeProfiles = '{}', propertySourceLocations = '{}', propertySourceProperties = '{}', contextLoader = 'org.springframework.test.context.support.AnnotationConfigContextLoader', parent = [null]]].
java.net.ConnectException: Connection refused (Connection refused)
	at java.net.PlainSocketImpl.socketConnect(Native Method) ~[na:1.8.0_262]
	at java.net.AbstractPlainSocketImpl.doConnect(AbstractPlainSocketImpl.java:350) ~[na:1.8.0_262]
	at java.net.AbstractPlainSocketImpl.connectToAddress(AbstractPlainSocketImpl.java:206) ~[na:1.8.0_262]
	at java.net.AbstractPlainSocketImpl.connect(AbstractPlainSocketImpl.java:188) ~[na:1.8.0_262]
	at java.net.SocksSocketImpl.connect(SocksSocketImpl.java:392) ~[na:1.8.0_262]
	at java.net.Socket.connect(Socket.java:607) ~[na:1.8.0_262]
	at java.net.Socket.connect(Socket.java:556) ~[na:1.8.0_262]
	at com.nurkiewicz.jdbcrepository.AbstractIntegrationTest.ignoreIfDatabaseNotAvailable(AbstractIntegrationTest.java:36) ~[test-classes/:na]
	... 28 common frames omitted
Wrapped by: org.junit.internal.AssumptionViolatedException: got: <java.net.ConnectException: Connection refused (Connection refused)>, expected: null
	at org.junit.Assume.assumeThat(Assume.java:95) ~[junit-4.11.jar:na]
	at org.junit.Assume.assumeNoException(Assume.java:142) ~[junit-4.11.jar:na]
	at com.nurkiewicz.jdbcrepository.AbstractIntegrationTest.ignoreIfDatabaseNotAvailable(AbstractIntegrationTest.java:39) ~[test-classes/:na]
	at sun.reflect.GeneratedMethodAccessor21.invoke(Unknown Source) ~[na:na]
	at sun.reflect.DelegatingMethodAccessorImpl.invoke(DelegatingMethodAccessorImpl.java:43) ~[na:1.8.0_262]
	at java.lang.reflect.Method.invoke(Method.java:498) ~[na:1.8.0_262]
	at org.springframework.test.context.transaction.TransactionalTestExecutionListener.runBeforeTransactionMethods(TransactionalTestExecutionListener.java:248) [spring-test-4.1.1.RELEASE.jar:4.1.1.RELEASE]
	at org.springframework.test.context.transaction.TransactionalTestExecutionListener.beforeTestMethod(TransactionalTestExecutionListener.java:198) [spring-test-4.1.1.RELEASE.jar:4.1.1.RELEASE]
	at org.springframework.test.context.TestContextManager.beforeTestMethod(TestContextManager.java:249) [spring-test-4.1.1.RELEASE.jar:4.1.1.RELEASE]
	at org.springframework.test.context.junit4.statements.RunBeforeTestMethodCallbacks.evaluate(RunBeforeTestMethodCallbacks.java:71) [spring-test-4.1.1.RELEASE.jar:4.1.1.RELEASE]
	at org.springframework.test.context.junit4.statements.RunAfterTestMethodCallbacks.evaluate(RunAfterTestMethodCallbacks.java:81) [spring-test-4.1.1.RELEASE.jar:4.1.1.RELEASE]
	at org.springframework.test.context.junit4.statements.SpringRepeat.evaluate(SpringRepeat.java:72) [spring-test-4.1.1.RELEASE.jar:4.1.1.RELEASE]
	at org.junit.runners.ParentRunner.runLeaf(ParentRunner.java:271) [junit-4.11.jar:na]
	at org.springframework.test.context.junit4.SpringJUnit4ClassRunner.runChild(SpringJUnit4ClassRunner.java:216) [spring-test-4.1.1.RELEASE.jar:4.1.1.RELEASE]
	at org.springframework.test.context.junit4.SpringJUnit4ClassRunner.runChild(SpringJUnit4ClassRunner.java:82) [spring-test-4.1.1.RELEASE.jar:4.1.1.RELEASE]
	at org.junit.runners.ParentRunner$3.run(ParentRunner.java:238) [junit-4.11.jar:na]
	at org.junit.runners.ParentRunner$1.schedule(ParentRunner.java:63) [junit-4.11.jar:na]
	at org.junit.runners.ParentRunner.runChildren(ParentRunner.java:236) [junit-4.11.jar:na]
	at org.junit.runners.ParentRunner.access$000(ParentRunner.java:53) [junit-4.11.jar:na]
	at org.junit.runners.ParentRunner$2.evaluate(ParentRunner.java:229) [junit-4.11.jar:na]
	at org.springframework.test.context.junit4.statements.RunBeforeTestClassCallbacks.evaluate(RunBeforeTestClassCallbacks.java:60) [spring-test-4.1.1.RELEASE.jar:4.1.1.RELEASE]
	at org.springframework.test.context.junit4.statements.RunAfterTestClassCallbacks.evaluate(RunAfterTestClassCallbacks.java:67) [spring-test-4.1.1.RELEASE.jar:4.1.1.RELEASE]
	at org.junit.runners.ParentRunner.run(ParentRunner.java:309) [junit-4.11.jar:na]
	at org.springframework.test.context.junit4.SpringJUnit4ClassRunner.run(SpringJUnit4ClassRunner.java:162) [spring-test-4.1.1.RELEASE.jar:4.1.1.RELEASE]
	at org.apache.maven.surefire.junit4.JUnit4Provider.execute(JUnit4Provider.java:367) [surefire-junit4-2.19.1.jar:2.19.1]
	at org.apache.maven.surefire.junit4.JUnit4Provider.executeWithRerun(JUnit4Provider.java:274) [surefire-junit4-2.19.1.jar:2.19.1]
	at org.apache.maven.surefire.junit4.JUnit4Provider.executeTestSet(JUnit4Provider.java:238) [surefire-junit4-2.19.1.jar:2.19.1]
	at org.apache.maven.surefire.junit4.JUnit4Provider.invoke(JUnit4Provider.java:161) [surefire-junit4-2.19.1.jar:2.19.1]
	at org.apache.maven.surefire.booter.ForkedBooter.invokeProviderInSameClassLoader(ForkedBooter.java:290) [surefire-booter-2.19.1.jar:2.19.1]
	at org.apache.maven.surefire.booter.ForkedBooter.runSuitesInProcess(ForkedBooter.java:242) [surefire-booter-2.19.1.jar:2.19.1]
	at org.apache.maven.surefire.booter.ForkedBooter.main(ForkedBooter.java:121) [surefire-booter-2.19.1.jar:2.19.1]
22:42:09:157 | WARN  | main | o.s.t.c.TestContextManager | Caught exception while allowing TestExecutionListener [org.springframework.test.context.transaction.TransactionalTestExecutionListener@44b3d336] to process 'before' execution of test method [public void com.nurkiewicz.jdbcrepository.JdbcRepositoryManualKeyTest.shouldDoNothingWhenEntityForGivenIdDoesNotExist() throws java.lang.Exception] for test instance [com.nurkiewicz.jdbcrepository.mysql.JdbcRepositoryManualKeyMysqlTest@5b6dc76c]
java.net.ConnectException: Connection refused (Connection refused)
	at java.net.PlainSocketImpl.socketConnect(Native Method) ~[na:1.8.0_262]
	at java.net.AbstractPlainSocketImpl.doConnect(AbstractPlainSocketImpl.java:350) ~[na:1.8.0_262]
	at java.net.AbstractPlainSocketImpl.connectToAddress(AbstractPlainSocketImpl.java:206) ~[na:1.8.0_262]
	at java.net.AbstractPlainSocketImpl.connect(AbstractPlainSocketImpl.java:188) ~[na:1.8.0_262]
	at java.net.SocksSocketImpl.connect(SocksSocketImpl.java:392) ~[na:1.8.0_262]
	at java.net.Socket.connect(Socket.java:607) ~[na:1.8.0_262]
	at java.net.Socket.connect(Socket.java:556) ~[na:1.8.0_262]
	at com.nurkiewicz.jdbcrepository.AbstractIntegrationTest.ignoreIfDatabaseNotAvailable(AbstractIntegrationTest.java:36) ~[test-classes/:na]
	... 28 common frames omitted
Wrapped by: org.junit.internal.AssumptionViolatedException: got: <java.net.ConnectException: Connection refused (Connection refused)>, expected: null
	at org.junit.Assume.assumeThat(Assume.java:95) ~[junit-4.11.jar:na]
	at org.junit.Assume.assumeNoException(Assume.java:142) ~[junit-4.11.jar:na]
	at com.nurkiewicz.jdbcrepository.AbstractIntegrationTest.ignoreIfDatabaseNotAvailable(AbstractIntegrationTest.java:39) ~[test-classes/:na]
	at sun.reflect.GeneratedMethodAccessor21.invoke(Unknown Source) ~[na:na]
	at sun.reflect.DelegatingMethodAccessorImpl.invoke(DelegatingMethodAccessorImpl.java:43) ~[na:1.8.0_262]
	at java.lang.reflect.Method.invoke(Method.java:498) ~[na:1.8.0_262]
	at org.springframework.test.context.transaction.TransactionalTestExecutionListener.runBeforeTransactionMethods(TransactionalTestExecutionListener.java:248) ~[spring-test-4.1.1.RELEASE.jar:4.1.1.RELEASE]
	at org.springframework.test.context.transaction.TransactionalTestExecutionListener.beforeTestMethod(TransactionalTestExecutionListener.java:198) ~[spring-test-4.1.1.RELEASE.jar:4.1.1.RELEASE]
	at org.springframework.test.context.TestContextManager.beforeTestMethod(TestContextManager.java:249) ~[spring-test-4.1.1.RELEASE.jar:4.1.1.RELEASE]
	at org.springframework.test.context.junit4.statements.RunBeforeTestMethodCallbacks.evaluate(RunBeforeTestMethodCallbacks.java:71) [spring-test-4.1.1.RELEASE.jar:4.1.1.RELEASE]
	at org.springframework.test.context.junit4.statements.RunAfterTestMethodCallbacks.evaluate(RunAfterTestMethodCallbacks.java:81) [spring-test-4.1.1.RELEASE.jar:4.1.1.RELEASE]
	at org.springframework.test.context.junit4.statements.SpringRepeat.evaluate(SpringRepeat.java:72) [spring-test-4.1.1.RELEASE.jar:4.1.1.RELEASE]
	at org.junit.runners.ParentRunner.runLeaf(ParentRunner.java:271) [junit-4.11.jar:na]
	at org.springframework.test.context.junit4.SpringJUnit4ClassRunner.runChild(SpringJUnit4ClassRunner.java:216) [spring-test-4.1.1.RELEASE.jar:4.1.1.RELEASE]
	at org.springframework.test.context.junit4.SpringJUnit4ClassRunner.runChild(SpringJUnit4ClassRunner.java:82) [spring-test-4.1.1.RELEASE.jar:4.1.1.RELEASE]
	at org.junit.runners.ParentRunner$3.run(ParentRunner.java:238) [junit-4.11.jar:na]
	at org.junit.runners.ParentRunner$1.schedule(ParentRunner.java:63) [junit-4.11.jar:na]
	at org.junit.runners.ParentRunner.runChildren(ParentRunner.java:236) [junit-4.11.jar:na]
	at org.junit.runners.ParentRunner.access$000(ParentRunner.java:53) [junit-4.11.jar:na]
	at org.junit.runners.ParentRunner$2.evaluate(ParentRunner.java:229) [junit-4.11.jar:na]
	at org.springframework.test.context.junit4.statements.RunBeforeTestClassCallbacks.evaluate(RunBeforeTestClassCallbacks.java:60) [spring-test-4.1.1.RELEASE.jar:4.1.1.RELEASE]
	at org.springframework.test.context.junit4.statements.RunAfterTestClassCallbacks.evaluate(RunAfterTestClassCallbacks.java:67) [spring-test-4.1.1.RELEASE.jar:4.1.1.RELEASE]
	at org.junit.runners.ParentRunner.run(ParentRunner.java:309) [junit-4.11.jar:na]
	at org.springframework.test.context.junit4.SpringJUnit4ClassRunner.run(SpringJUnit4ClassRunner.java:162) [spring-test-4.1.1.RELEASE.jar:4.1.1.RELEASE]
	at org.apache.maven.surefire.junit4.JUnit4Provider.execute(JUnit4Provider.java:367) [surefire-junit4-2.19.1.jar:2.19.1]
	at org.apache.maven.surefire.junit4.JUnit4Provider.executeWithRerun(JUnit4Provider.java:274) [surefire-junit4-2.19.1.jar:2.19.1]
	at org.apache.maven.surefire.junit4.JUnit4Provider.executeTestSet(JUnit4Provider.java:238) [surefire-junit4-2.19.1.jar:2.19.1]
	at org.apache.maven.surefire.junit4.JUnit4Provider.invoke(JUnit4Provider.java:161) [surefire-junit4-2.19.1.jar:2.19.1]
	at org.apache.maven.surefire.booter.ForkedBooter.invokeProviderInSameClassLoader(ForkedBooter.java:290) [surefire-booter-2.19.1.jar:2.19.1]
	at org.apache.maven.surefire.booter.ForkedBooter.runSuitesInProcess(ForkedBooter.java:242) [surefire-booter-2.19.1.jar:2.19.1]
	at org.apache.maven.surefire.booter.ForkedBooter.main(ForkedBooter.java:121) [surefire-booter-2.19.1.jar:2.19.1]
]]></system-out>
  </testcase>
  <testcase name="shouldReturnPageWithOneItemWithSortingAppliedOnTwoProperties" classname="com.nurkiewicz.jdbcrepository.mysql.JdbcRepositoryManualKeyMysqlTest" time="0">
    <skipped/>
    <system-out><![CDATA[22:42:09:161 | ERROR | main | o.s.t.c.t.TransactionalTestExecutionListener | Exception encountered while executing @BeforeTransaction methods for test context [DefaultTestContext@633c9699 testClass = JdbcRepositoryManualKeyMysqlTest, testInstance = com.nurkiewicz.jdbcrepository.mysql.JdbcRepositoryManualKeyMysqlTest@6371c6ee, testMethod = shouldReturnPageWithOneItemWithSortingAppliedOnTwoProperties@JdbcRepositoryManualKeyTest, testException = [null], mergedContextConfiguration = [MergedContextConfiguration@31373fc1 testClass = JdbcRepositoryManualKeyMysqlTest, locations = '{}', classes = '{class com.nurkiewicz.jdbcrepository.mysql.JdbcRepositoryTestMysqlConfig}', contextInitializerClasses = '[]', activeProfiles = '{}', propertySourceLocations = '{}', propertySourceProperties = '{}', contextLoader = 'org.springframework.test.context.support.AnnotationConfigContextLoader', parent = [null]]].
java.net.ConnectException: Connection refused (Connection refused)
	at java.net.PlainSocketImpl.socketConnect(Native Method) ~[na:1.8.0_262]
	at java.net.AbstractPlainSocketImpl.doConnect(AbstractPlainSocketImpl.java:350) ~[na:1.8.0_262]
	at java.net.AbstractPlainSocketImpl.connectToAddress(AbstractPlainSocketImpl.java:206) ~[na:1.8.0_262]
	at java.net.AbstractPlainSocketImpl.connect(AbstractPlainSocketImpl.java:188) ~[na:1.8.0_262]
	at java.net.SocksSocketImpl.connect(SocksSocketImpl.java:392) ~[na:1.8.0_262]
	at java.net.Socket.connect(Socket.java:607) ~[na:1.8.0_262]
	at java.net.Socket.connect(Socket.java:556) ~[na:1.8.0_262]
	at com.nurkiewicz.jdbcrepository.AbstractIntegrationTest.ignoreIfDatabaseNotAvailable(AbstractIntegrationTest.java:36) ~[test-classes/:na]
	... 28 common frames omitted
Wrapped by: org.junit.internal.AssumptionViolatedException: got: <java.net.ConnectException: Connection refused (Connection refused)>, expected: null
	at org.junit.Assume.assumeThat(Assume.java:95) ~[junit-4.11.jar:na]
	at org.junit.Assume.assumeNoException(Assume.java:142) ~[junit-4.11.jar:na]
	at com.nurkiewicz.jdbcrepository.AbstractIntegrationTest.ignoreIfDatabaseNotAvailable(AbstractIntegrationTest.java:39) ~[test-classes/:na]
	at sun.reflect.GeneratedMethodAccessor21.invoke(Unknown Source) ~[na:na]
	at sun.reflect.DelegatingMethodAccessorImpl.invoke(DelegatingMethodAccessorImpl.java:43) ~[na:1.8.0_262]
	at java.lang.reflect.Method.invoke(Method.java:498) ~[na:1.8.0_262]
	at org.springframework.test.context.transaction.TransactionalTestExecutionListener.runBeforeTransactionMethods(TransactionalTestExecutionListener.java:248) [spring-test-4.1.1.RELEASE.jar:4.1.1.RELEASE]
	at org.springframework.test.context.transaction.TransactionalTestExecutionListener.beforeTestMethod(TransactionalTestExecutionListener.java:198) [spring-test-4.1.1.RELEASE.jar:4.1.1.RELEASE]
	at org.springframework.test.context.TestContextManager.beforeTestMethod(TestContextManager.java:249) [spring-test-4.1.1.RELEASE.jar:4.1.1.RELEASE]
	at org.springframework.test.context.junit4.statements.RunBeforeTestMethodCallbacks.evaluate(RunBeforeTestMethodCallbacks.java:71) [spring-test-4.1.1.RELEASE.jar:4.1.1.RELEASE]
	at org.springframework.test.context.junit4.statements.RunAfterTestMethodCallbacks.evaluate(RunAfterTestMethodCallbacks.java:81) [spring-test-4.1.1.RELEASE.jar:4.1.1.RELEASE]
	at org.springframework.test.context.junit4.statements.SpringRepeat.evaluate(SpringRepeat.java:72) [spring-test-4.1.1.RELEASE.jar:4.1.1.RELEASE]
	at org.junit.runners.ParentRunner.runLeaf(ParentRunner.java:271) [junit-4.11.jar:na]
	at org.springframework.test.context.junit4.SpringJUnit4ClassRunner.runChild(SpringJUnit4ClassRunner.java:216) [spring-test-4.1.1.RELEASE.jar:4.1.1.RELEASE]
	at org.springframework.test.context.junit4.SpringJUnit4ClassRunner.runChild(SpringJUnit4ClassRunner.java:82) [spring-test-4.1.1.RELEASE.jar:4.1.1.RELEASE]
	at org.junit.runners.ParentRunner$3.run(ParentRunner.java:238) [junit-4.11.jar:na]
	at org.junit.runners.ParentRunner$1.schedule(ParentRunner.java:63) [junit-4.11.jar:na]
	at org.junit.runners.ParentRunner.runChildren(ParentRunner.java:236) [junit-4.11.jar:na]
	at org.junit.runners.ParentRunner.access$000(ParentRunner.java:53) [junit-4.11.jar:na]
	at org.junit.runners.ParentRunner$2.evaluate(ParentRunner.java:229) [junit-4.11.jar:na]
	at org.springframework.test.context.junit4.statements.RunBeforeTestClassCallbacks.evaluate(RunBeforeTestClassCallbacks.java:60) [spring-test-4.1.1.RELEASE.jar:4.1.1.RELEASE]
	at org.springframework.test.context.junit4.statements.RunAfterTestClassCallbacks.evaluate(RunAfterTestClassCallbacks.java:67) [spring-test-4.1.1.RELEASE.jar:4.1.1.RELEASE]
	at org.junit.runners.ParentRunner.run(ParentRunner.java:309) [junit-4.11.jar:na]
	at org.springframework.test.context.junit4.SpringJUnit4ClassRunner.run(SpringJUnit4ClassRunner.java:162) [spring-test-4.1.1.RELEASE.jar:4.1.1.RELEASE]
	at org.apache.maven.surefire.junit4.JUnit4Provider.execute(JUnit4Provider.java:367) [surefire-junit4-2.19.1.jar:2.19.1]
	at org.apache.maven.surefire.junit4.JUnit4Provider.executeWithRerun(JUnit4Provider.java:274) [surefire-junit4-2.19.1.jar:2.19.1]
	at org.apache.maven.surefire.junit4.JUnit4Provider.executeTestSet(JUnit4Provider.java:238) [surefire-junit4-2.19.1.jar:2.19.1]
	at org.apache.maven.surefire.junit4.JUnit4Provider.invoke(JUnit4Provider.java:161) [surefire-junit4-2.19.1.jar:2.19.1]
	at org.apache.maven.surefire.booter.ForkedBooter.invokeProviderInSameClassLoader(ForkedBooter.java:290) [surefire-booter-2.19.1.jar:2.19.1]
	at org.apache.maven.surefire.booter.ForkedBooter.runSuitesInProcess(ForkedBooter.java:242) [surefire-booter-2.19.1.jar:2.19.1]
	at org.apache.maven.surefire.booter.ForkedBooter.main(ForkedBooter.java:121) [surefire-booter-2.19.1.jar:2.19.1]
22:42:09:161 | WARN  | main | o.s.t.c.TestContextManager | Caught exception while allowing TestExecutionListener [org.springframework.test.context.transaction.TransactionalTestExecutionListener@44b3d336] to process 'before' execution of test method [public void com.nurkiewicz.jdbcrepository.JdbcRepositoryManualKeyTest.shouldReturnPageWithOneItemWithSortingAppliedOnTwoProperties()] for test instance [com.nurkiewicz.jdbcrepository.mysql.JdbcRepositoryManualKeyMysqlTest@6371c6ee]
java.net.ConnectException: Connection refused (Connection refused)
	at java.net.PlainSocketImpl.socketConnect(Native Method) ~[na:1.8.0_262]
	at java.net.AbstractPlainSocketImpl.doConnect(AbstractPlainSocketImpl.java:350) ~[na:1.8.0_262]
	at java.net.AbstractPlainSocketImpl.connectToAddress(AbstractPlainSocketImpl.java:206) ~[na:1.8.0_262]
	at java.net.AbstractPlainSocketImpl.connect(AbstractPlainSocketImpl.java:188) ~[na:1.8.0_262]
	at java.net.SocksSocketImpl.connect(SocksSocketImpl.java:392) ~[na:1.8.0_262]
	at java.net.Socket.connect(Socket.java:607) ~[na:1.8.0_262]
	at java.net.Socket.connect(Socket.java:556) ~[na:1.8.0_262]
	at com.nurkiewicz.jdbcrepository.AbstractIntegrationTest.ignoreIfDatabaseNotAvailable(AbstractIntegrationTest.java:36) ~[test-classes/:na]
	... 28 common frames omitted
Wrapped by: org.junit.internal.AssumptionViolatedException: got: <java.net.ConnectException: Connection refused (Connection refused)>, expected: null
	at org.junit.Assume.assumeThat(Assume.java:95) ~[junit-4.11.jar:na]
	at org.junit.Assume.assumeNoException(Assume.java:142) ~[junit-4.11.jar:na]
	at com.nurkiewicz.jdbcrepository.AbstractIntegrationTest.ignoreIfDatabaseNotAvailable(AbstractIntegrationTest.java:39) ~[test-classes/:na]
	at sun.reflect.GeneratedMethodAccessor21.invoke(Unknown Source) ~[na:na]
	at sun.reflect.DelegatingMethodAccessorImpl.invoke(DelegatingMethodAccessorImpl.java:43) ~[na:1.8.0_262]
	at java.lang.reflect.Method.invoke(Method.java:498) ~[na:1.8.0_262]
	at org.springframework.test.context.transaction.TransactionalTestExecutionListener.runBeforeTransactionMethods(TransactionalTestExecutionListener.java:248) ~[spring-test-4.1.1.RELEASE.jar:4.1.1.RELEASE]
	at org.springframework.test.context.transaction.TransactionalTestExecutionListener.beforeTestMethod(TransactionalTestExecutionListener.java:198) ~[spring-test-4.1.1.RELEASE.jar:4.1.1.RELEASE]
	at org.springframework.test.context.TestContextManager.beforeTestMethod(TestContextManager.java:249) ~[spring-test-4.1.1.RELEASE.jar:4.1.1.RELEASE]
	at org.springframework.test.context.junit4.statements.RunBeforeTestMethodCallbacks.evaluate(RunBeforeTestMethodCallbacks.java:71) [spring-test-4.1.1.RELEASE.jar:4.1.1.RELEASE]
	at org.springframework.test.context.junit4.statements.RunAfterTestMethodCallbacks.evaluate(RunAfterTestMethodCallbacks.java:81) [spring-test-4.1.1.RELEASE.jar:4.1.1.RELEASE]
	at org.springframework.test.context.junit4.statements.SpringRepeat.evaluate(SpringRepeat.java:72) [spring-test-4.1.1.RELEASE.jar:4.1.1.RELEASE]
	at org.junit.runners.ParentRunner.runLeaf(ParentRunner.java:271) [junit-4.11.jar:na]
	at org.springframework.test.context.junit4.SpringJUnit4ClassRunner.runChild(SpringJUnit4ClassRunner.java:216) [spring-test-4.1.1.RELEASE.jar:4.1.1.RELEASE]
	at org.springframework.test.context.junit4.SpringJUnit4ClassRunner.runChild(SpringJUnit4ClassRunner.java:82) [spring-test-4.1.1.RELEASE.jar:4.1.1.RELEASE]
	at org.junit.runners.ParentRunner$3.run(ParentRunner.java:238) [junit-4.11.jar:na]
	at org.junit.runners.ParentRunner$1.schedule(ParentRunner.java:63) [junit-4.11.jar:na]
	at org.junit.runners.ParentRunner.runChildren(ParentRunner.java:236) [junit-4.11.jar:na]
	at org.junit.runners.ParentRunner.access$000(ParentRunner.java:53) [junit-4.11.jar:na]
	at org.junit.runners.ParentRunner$2.evaluate(ParentRunner.java:229) [junit-4.11.jar:na]
	at org.springframework.test.context.junit4.statements.RunBeforeTestClassCallbacks.evaluate(RunBeforeTestClassCallbacks.java:60) [spring-test-4.1.1.RELEASE.jar:4.1.1.RELEASE]
	at org.springframework.test.context.junit4.statements.RunAfterTestClassCallbacks.evaluate(RunAfterTestClassCallbacks.java:67) [spring-test-4.1.1.RELEASE.jar:4.1.1.RELEASE]
	at org.junit.runners.ParentRunner.run(ParentRunner.java:309) [junit-4.11.jar:na]
	at org.springframework.test.context.junit4.SpringJUnit4ClassRunner.run(SpringJUnit4ClassRunner.java:162) [spring-test-4.1.1.RELEASE.jar:4.1.1.RELEASE]
	at org.apache.maven.surefire.junit4.JUnit4Provider.execute(JUnit4Provider.java:367) [surefire-junit4-2.19.1.jar:2.19.1]
	at org.apache.maven.surefire.junit4.JUnit4Provider.executeWithRerun(JUnit4Provider.java:274) [surefire-junit4-2.19.1.jar:2.19.1]
	at org.apache.maven.surefire.junit4.JUnit4Provider.executeTestSet(JUnit4Provider.java:238) [surefire-junit4-2.19.1.jar:2.19.1]
	at org.apache.maven.surefire.junit4.JUnit4Provider.invoke(JUnit4Provider.java:161) [surefire-junit4-2.19.1.jar:2.19.1]
	at org.apache.maven.surefire.booter.ForkedBooter.invokeProviderInSameClassLoader(ForkedBooter.java:290) [surefire-booter-2.19.1.jar:2.19.1]
	at org.apache.maven.surefire.booter.ForkedBooter.runSuitesInProcess(ForkedBooter.java:242) [surefire-booter-2.19.1.jar:2.19.1]
	at org.apache.maven.surefire.booter.ForkedBooter.main(ForkedBooter.java:121) [surefire-booter-2.19.1.jar:2.19.1]
]]></system-out>
  </testcase>
  <testcase name="shouldReturnNullWhenDatabaseEmptyAndSearchingById" classname="com.nurkiewicz.jdbcrepository.mysql.JdbcRepositoryManualKeyMysqlTest" time="0">
    <skipped/>
    <system-out><![CDATA[22:42:09:164 | ERROR | main | o.s.t.c.t.TransactionalTestExecutionListener | Exception encountered while executing @BeforeTransaction methods for test context [DefaultTestContext@633c9699 testClass = JdbcRepositoryManualKeyMysqlTest, testInstance = com.nurkiewicz.jdbcrepository.mysql.JdbcRepositoryManualKeyMysqlTest@7eab7479, testMethod = shouldReturnNullWhenDatabaseEmptyAndSearchingById@JdbcRepositoryManualKeyTest, testException = [null], mergedContextConfiguration = [MergedContextConfiguration@31373fc1 testClass = JdbcRepositoryManualKeyMysqlTest, locations = '{}', classes = '{class com.nurkiewicz.jdbcrepository.mysql.JdbcRepositoryTestMysqlConfig}', contextInitializerClasses = '[]', activeProfiles = '{}', propertySourceLocations = '{}', propertySourceProperties = '{}', contextLoader = 'org.springframework.test.context.support.AnnotationConfigContextLoader', parent = [null]]].
java.net.ConnectException: Connection refused (Connection refused)
	at java.net.PlainSocketImpl.socketConnect(Native Method) ~[na:1.8.0_262]
	at java.net.AbstractPlainSocketImpl.doConnect(AbstractPlainSocketImpl.java:350) ~[na:1.8.0_262]
	at java.net.AbstractPlainSocketImpl.connectToAddress(AbstractPlainSocketImpl.java:206) ~[na:1.8.0_262]
	at java.net.AbstractPlainSocketImpl.connect(AbstractPlainSocketImpl.java:188) ~[na:1.8.0_262]
	at java.net.SocksSocketImpl.connect(SocksSocketImpl.java:392) ~[na:1.8.0_262]
	at java.net.Socket.connect(Socket.java:607) ~[na:1.8.0_262]
	at java.net.Socket.connect(Socket.java:556) ~[na:1.8.0_262]
	at com.nurkiewicz.jdbcrepository.AbstractIntegrationTest.ignoreIfDatabaseNotAvailable(AbstractIntegrationTest.java:36) ~[test-classes/:na]
	... 28 common frames omitted
Wrapped by: org.junit.internal.AssumptionViolatedException: got: <java.net.ConnectException: Connection refused (Connection refused)>, expected: null
	at org.junit.Assume.assumeThat(Assume.java:95) ~[junit-4.11.jar:na]
	at org.junit.Assume.assumeNoException(Assume.java:142) ~[junit-4.11.jar:na]
	at com.nurkiewicz.jdbcrepository.AbstractIntegrationTest.ignoreIfDatabaseNotAvailable(AbstractIntegrationTest.java:39) ~[test-classes/:na]
	at sun.reflect.GeneratedMethodAccessor21.invoke(Unknown Source) ~[na:na]
	at sun.reflect.DelegatingMethodAccessorImpl.invoke(DelegatingMethodAccessorImpl.java:43) ~[na:1.8.0_262]
	at java.lang.reflect.Method.invoke(Method.java:498) ~[na:1.8.0_262]
	at org.springframework.test.context.transaction.TransactionalTestExecutionListener.runBeforeTransactionMethods(TransactionalTestExecutionListener.java:248) [spring-test-4.1.1.RELEASE.jar:4.1.1.RELEASE]
	at org.springframework.test.context.transaction.TransactionalTestExecutionListener.beforeTestMethod(TransactionalTestExecutionListener.java:198) [spring-test-4.1.1.RELEASE.jar:4.1.1.RELEASE]
	at org.springframework.test.context.TestContextManager.beforeTestMethod(TestContextManager.java:249) [spring-test-4.1.1.RELEASE.jar:4.1.1.RELEASE]
	at org.springframework.test.context.junit4.statements.RunBeforeTestMethodCallbacks.evaluate(RunBeforeTestMethodCallbacks.java:71) [spring-test-4.1.1.RELEASE.jar:4.1.1.RELEASE]
	at org.springframework.test.context.junit4.statements.RunAfterTestMethodCallbacks.evaluate(RunAfterTestMethodCallbacks.java:81) [spring-test-4.1.1.RELEASE.jar:4.1.1.RELEASE]
	at org.springframework.test.context.junit4.statements.SpringRepeat.evaluate(SpringRepeat.java:72) [spring-test-4.1.1.RELEASE.jar:4.1.1.RELEASE]
	at org.junit.runners.ParentRunner.runLeaf(ParentRunner.java:271) [junit-4.11.jar:na]
	at org.springframework.test.context.junit4.SpringJUnit4ClassRunner.runChild(SpringJUnit4ClassRunner.java:216) [spring-test-4.1.1.RELEASE.jar:4.1.1.RELEASE]
	at org.springframework.test.context.junit4.SpringJUnit4ClassRunner.runChild(SpringJUnit4ClassRunner.java:82) [spring-test-4.1.1.RELEASE.jar:4.1.1.RELEASE]
	at org.junit.runners.ParentRunner$3.run(ParentRunner.java:238) [junit-4.11.jar:na]
	at org.junit.runners.ParentRunner$1.schedule(ParentRunner.java:63) [junit-4.11.jar:na]
	at org.junit.runners.ParentRunner.runChildren(ParentRunner.java:236) [junit-4.11.jar:na]
	at org.junit.runners.ParentRunner.access$000(ParentRunner.java:53) [junit-4.11.jar:na]
	at org.junit.runners.ParentRunner$2.evaluate(ParentRunner.java:229) [junit-4.11.jar:na]
	at org.springframework.test.context.junit4.statements.RunBeforeTestClassCallbacks.evaluate(RunBeforeTestClassCallbacks.java:60) [spring-test-4.1.1.RELEASE.jar:4.1.1.RELEASE]
	at org.springframework.test.context.junit4.statements.RunAfterTestClassCallbacks.evaluate(RunAfterTestClassCallbacks.java:67) [spring-test-4.1.1.RELEASE.jar:4.1.1.RELEASE]
	at org.junit.runners.ParentRunner.run(ParentRunner.java:309) [junit-4.11.jar:na]
	at org.springframework.test.context.junit4.SpringJUnit4ClassRunner.run(SpringJUnit4ClassRunner.java:162) [spring-test-4.1.1.RELEASE.jar:4.1.1.RELEASE]
	at org.apache.maven.surefire.junit4.JUnit4Provider.execute(JUnit4Provider.java:367) [surefire-junit4-2.19.1.jar:2.19.1]
	at org.apache.maven.surefire.junit4.JUnit4Provider.executeWithRerun(JUnit4Provider.java:274) [surefire-junit4-2.19.1.jar:2.19.1]
	at org.apache.maven.surefire.junit4.JUnit4Provider.executeTestSet(JUnit4Provider.java:238) [surefire-junit4-2.19.1.jar:2.19.1]
	at org.apache.maven.surefire.junit4.JUnit4Provider.invoke(JUnit4Provider.java:161) [surefire-junit4-2.19.1.jar:2.19.1]
	at org.apache.maven.surefire.booter.ForkedBooter.invokeProviderInSameClassLoader(ForkedBooter.java:290) [surefire-booter-2.19.1.jar:2.19.1]
	at org.apache.maven.surefire.booter.ForkedBooter.runSuitesInProcess(ForkedBooter.java:242) [surefire-booter-2.19.1.jar:2.19.1]
	at org.apache.maven.surefire.booter.ForkedBooter.main(ForkedBooter.java:121) [surefire-booter-2.19.1.jar:2.19.1]
22:42:09:164 | WARN  | main | o.s.t.c.TestContextManager | Caught exception while allowing TestExecutionListener [org.springframework.test.context.transaction.TransactionalTestExecutionListener@44b3d336] to process 'before' execution of test method [public void com.nurkiewicz.jdbcrepository.JdbcRepositoryManualKeyTest.shouldReturnNullWhenDatabaseEmptyAndSearchingById()] for test instance [com.nurkiewicz.jdbcrepository.mysql.JdbcRepositoryManualKeyMysqlTest@7eab7479]
java.net.ConnectException: Connection refused (Connection refused)
	at java.net.PlainSocketImpl.socketConnect(Native Method) ~[na:1.8.0_262]
	at java.net.AbstractPlainSocketImpl.doConnect(AbstractPlainSocketImpl.java:350) ~[na:1.8.0_262]
	at java.net.AbstractPlainSocketImpl.connectToAddress(AbstractPlainSocketImpl.java:206) ~[na:1.8.0_262]
	at java.net.AbstractPlainSocketImpl.connect(AbstractPlainSocketImpl.java:188) ~[na:1.8.0_262]
	at java.net.SocksSocketImpl.connect(SocksSocketImpl.java:392) ~[na:1.8.0_262]
	at java.net.Socket.connect(Socket.java:607) ~[na:1.8.0_262]
	at java.net.Socket.connect(Socket.java:556) ~[na:1.8.0_262]
	at com.nurkiewicz.jdbcrepository.AbstractIntegrationTest.ignoreIfDatabaseNotAvailable(AbstractIntegrationTest.java:36) ~[test-classes/:na]
	... 28 common frames omitted
Wrapped by: org.junit.internal.AssumptionViolatedException: got: <java.net.ConnectException: Connection refused (Connection refused)>, expected: null
	at org.junit.Assume.assumeThat(Assume.java:95) ~[junit-4.11.jar:na]
	at org.junit.Assume.assumeNoException(Assume.java:142) ~[junit-4.11.jar:na]
	at com.nurkiewicz.jdbcrepository.AbstractIntegrationTest.ignoreIfDatabaseNotAvailable(AbstractIntegrationTest.java:39) ~[test-classes/:na]
	at sun.reflect.GeneratedMethodAccessor21.invoke(Unknown Source) ~[na:na]
	at sun.reflect.DelegatingMethodAccessorImpl.invoke(DelegatingMethodAccessorImpl.java:43) ~[na:1.8.0_262]
	at java.lang.reflect.Method.invoke(Method.java:498) ~[na:1.8.0_262]
	at org.springframework.test.context.transaction.TransactionalTestExecutionListener.runBeforeTransactionMethods(TransactionalTestExecutionListener.java:248) ~[spring-test-4.1.1.RELEASE.jar:4.1.1.RELEASE]
	at org.springframework.test.context.transaction.TransactionalTestExecutionListener.beforeTestMethod(TransactionalTestExecutionListener.java:198) ~[spring-test-4.1.1.RELEASE.jar:4.1.1.RELEASE]
	at org.springframework.test.context.TestContextManager.beforeTestMethod(TestContextManager.java:249) ~[spring-test-4.1.1.RELEASE.jar:4.1.1.RELEASE]
	at org.springframework.test.context.junit4.statements.RunBeforeTestMethodCallbacks.evaluate(RunBeforeTestMethodCallbacks.java:71) [spring-test-4.1.1.RELEASE.jar:4.1.1.RELEASE]
	at org.springframework.test.context.junit4.statements.RunAfterTestMethodCallbacks.evaluate(RunAfterTestMethodCallbacks.java:81) [spring-test-4.1.1.RELEASE.jar:4.1.1.RELEASE]
	at org.springframework.test.context.junit4.statements.SpringRepeat.evaluate(SpringRepeat.java:72) [spring-test-4.1.1.RELEASE.jar:4.1.1.RELEASE]
	at org.junit.runners.ParentRunner.runLeaf(ParentRunner.java:271) [junit-4.11.jar:na]
	at org.springframework.test.context.junit4.SpringJUnit4ClassRunner.runChild(SpringJUnit4ClassRunner.java:216) [spring-test-4.1.1.RELEASE.jar:4.1.1.RELEASE]
	at org.springframework.test.context.junit4.SpringJUnit4ClassRunner.runChild(SpringJUnit4ClassRunner.java:82) [spring-test-4.1.1.RELEASE.jar:4.1.1.RELEASE]
	at org.junit.runners.ParentRunner$3.run(ParentRunner.java:238) [junit-4.11.jar:na]
	at org.junit.runners.ParentRunner$1.schedule(ParentRunner.java:63) [junit-4.11.jar:na]
	at org.junit.runners.ParentRunner.runChildren(ParentRunner.java:236) [junit-4.11.jar:na]
	at org.junit.runners.ParentRunner.access$000(ParentRunner.java:53) [junit-4.11.jar:na]
	at org.junit.runners.ParentRunner$2.evaluate(ParentRunner.java:229) [junit-4.11.jar:na]
	at org.springframework.test.context.junit4.statements.RunBeforeTestClassCallbacks.evaluate(RunBeforeTestClassCallbacks.java:60) [spring-test-4.1.1.RELEASE.jar:4.1.1.RELEASE]
	at org.springframework.test.context.junit4.statements.RunAfterTestClassCallbacks.evaluate(RunAfterTestClassCallbacks.java:67) [spring-test-4.1.1.RELEASE.jar:4.1.1.RELEASE]
	at org.junit.runners.ParentRunner.run(ParentRunner.java:309) [junit-4.11.jar:na]
	at org.springframework.test.context.junit4.SpringJUnit4ClassRunner.run(SpringJUnit4ClassRunner.java:162) [spring-test-4.1.1.RELEASE.jar:4.1.1.RELEASE]
	at org.apache.maven.surefire.junit4.JUnit4Provider.execute(JUnit4Provider.java:367) [surefire-junit4-2.19.1.jar:2.19.1]
	at org.apache.maven.surefire.junit4.JUnit4Provider.executeWithRerun(JUnit4Provider.java:274) [surefire-junit4-2.19.1.jar:2.19.1]
	at org.apache.maven.surefire.junit4.JUnit4Provider.executeTestSet(JUnit4Provider.java:238) [surefire-junit4-2.19.1.jar:2.19.1]
	at org.apache.maven.surefire.junit4.JUnit4Provider.invoke(JUnit4Provider.java:161) [surefire-junit4-2.19.1.jar:2.19.1]
	at org.apache.maven.surefire.booter.ForkedBooter.invokeProviderInSameClassLoader(ForkedBooter.java:290) [surefire-booter-2.19.1.jar:2.19.1]
	at org.apache.maven.surefire.booter.ForkedBooter.runSuitesInProcess(ForkedBooter.java:242) [surefire-booter-2.19.1.jar:2.19.1]
	at org.apache.maven.surefire.booter.ForkedBooter.main(ForkedBooter.java:121) [surefire-booter-2.19.1.jar:2.19.1]
]]></system-out>
  </testcase>
  <testcase name="shouldSortMultipleRecordsByTwoDifferentOrderingProperties" classname="com.nurkiewicz.jdbcrepository.mysql.JdbcRepositoryManualKeyMysqlTest" time="0">
    <skipped/>
    <system-out><![CDATA[22:42:09:167 | ERROR | main | o.s.t.c.t.TransactionalTestExecutionListener | Exception encountered while executing @BeforeTransaction methods for test context [DefaultTestContext@633c9699 testClass = JdbcRepositoryManualKeyMysqlTest, testInstance = com.nurkiewicz.jdbcrepository.mysql.JdbcRepositoryManualKeyMysqlTest@a11811c, testMethod = shouldSortMultipleRecordsByTwoDifferentOrderingProperties@JdbcRepositoryManualKeyTest, testException = [null], mergedContextConfiguration = [MergedContextConfiguration@31373fc1 testClass = JdbcRepositoryManualKeyMysqlTest, locations = '{}', classes = '{class com.nurkiewicz.jdbcrepository.mysql.JdbcRepositoryTestMysqlConfig}', contextInitializerClasses = '[]', activeProfiles = '{}', propertySourceLocations = '{}', propertySourceProperties = '{}', contextLoader = 'org.springframework.test.context.support.AnnotationConfigContextLoader', parent = [null]]].
java.net.ConnectException: Connection refused (Connection refused)
	at java.net.PlainSocketImpl.socketConnect(Native Method) ~[na:1.8.0_262]
	at java.net.AbstractPlainSocketImpl.doConnect(AbstractPlainSocketImpl.java:350) ~[na:1.8.0_262]
	at java.net.AbstractPlainSocketImpl.connectToAddress(AbstractPlainSocketImpl.java:206) ~[na:1.8.0_262]
	at java.net.AbstractPlainSocketImpl.connect(AbstractPlainSocketImpl.java:188) ~[na:1.8.0_262]
	at java.net.SocksSocketImpl.connect(SocksSocketImpl.java:392) ~[na:1.8.0_262]
	at java.net.Socket.connect(Socket.java:607) ~[na:1.8.0_262]
	at java.net.Socket.connect(Socket.java:556) ~[na:1.8.0_262]
	at com.nurkiewicz.jdbcrepository.AbstractIntegrationTest.ignoreIfDatabaseNotAvailable(AbstractIntegrationTest.java:36) ~[test-classes/:na]
	... 28 common frames omitted
Wrapped by: org.junit.internal.AssumptionViolatedException: got: <java.net.ConnectException: Connection refused (Connection refused)>, expected: null
	at org.junit.Assume.assumeThat(Assume.java:95) ~[junit-4.11.jar:na]
	at org.junit.Assume.assumeNoException(Assume.java:142) ~[junit-4.11.jar:na]
	at com.nurkiewicz.jdbcrepository.AbstractIntegrationTest.ignoreIfDatabaseNotAvailable(AbstractIntegrationTest.java:39) ~[test-classes/:na]
	at sun.reflect.GeneratedMethodAccessor21.invoke(Unknown Source) ~[na:na]
	at sun.reflect.DelegatingMethodAccessorImpl.invoke(DelegatingMethodAccessorImpl.java:43) ~[na:1.8.0_262]
	at java.lang.reflect.Method.invoke(Method.java:498) ~[na:1.8.0_262]
	at org.springframework.test.context.transaction.TransactionalTestExecutionListener.runBeforeTransactionMethods(TransactionalTestExecutionListener.java:248) [spring-test-4.1.1.RELEASE.jar:4.1.1.RELEASE]
	at org.springframework.test.context.transaction.TransactionalTestExecutionListener.beforeTestMethod(TransactionalTestExecutionListener.java:198) [spring-test-4.1.1.RELEASE.jar:4.1.1.RELEASE]
	at org.springframework.test.context.TestContextManager.beforeTestMethod(TestContextManager.java:249) [spring-test-4.1.1.RELEASE.jar:4.1.1.RELEASE]
	at org.springframework.test.context.junit4.statements.RunBeforeTestMethodCallbacks.evaluate(RunBeforeTestMethodCallbacks.java:71) [spring-test-4.1.1.RELEASE.jar:4.1.1.RELEASE]
	at org.springframework.test.context.junit4.statements.RunAfterTestMethodCallbacks.evaluate(RunAfterTestMethodCallbacks.java:81) [spring-test-4.1.1.RELEASE.jar:4.1.1.RELEASE]
	at org.springframework.test.context.junit4.statements.SpringRepeat.evaluate(SpringRepeat.java:72) [spring-test-4.1.1.RELEASE.jar:4.1.1.RELEASE]
	at org.junit.runners.ParentRunner.runLeaf(ParentRunner.java:271) [junit-4.11.jar:na]
	at org.springframework.test.context.junit4.SpringJUnit4ClassRunner.runChild(SpringJUnit4ClassRunner.java:216) [spring-test-4.1.1.RELEASE.jar:4.1.1.RELEASE]
	at org.springframework.test.context.junit4.SpringJUnit4ClassRunner.runChild(SpringJUnit4ClassRunner.java:82) [spring-test-4.1.1.RELEASE.jar:4.1.1.RELEASE]
	at org.junit.runners.ParentRunner$3.run(ParentRunner.java:238) [junit-4.11.jar:na]
	at org.junit.runners.ParentRunner$1.schedule(ParentRunner.java:63) [junit-4.11.jar:na]
	at org.junit.runners.ParentRunner.runChildren(ParentRunner.java:236) [junit-4.11.jar:na]
	at org.junit.runners.ParentRunner.access$000(ParentRunner.java:53) [junit-4.11.jar:na]
	at org.junit.runners.ParentRunner$2.evaluate(ParentRunner.java:229) [junit-4.11.jar:na]
	at org.springframework.test.context.junit4.statements.RunBeforeTestClassCallbacks.evaluate(RunBeforeTestClassCallbacks.java:60) [spring-test-4.1.1.RELEASE.jar:4.1.1.RELEASE]
	at org.springframework.test.context.junit4.statements.RunAfterTestClassCallbacks.evaluate(RunAfterTestClassCallbacks.java:67) [spring-test-4.1.1.RELEASE.jar:4.1.1.RELEASE]
	at org.junit.runners.ParentRunner.run(ParentRunner.java:309) [junit-4.11.jar:na]
	at org.springframework.test.context.junit4.SpringJUnit4ClassRunner.run(SpringJUnit4ClassRunner.java:162) [spring-test-4.1.1.RELEASE.jar:4.1.1.RELEASE]
	at org.apache.maven.surefire.junit4.JUnit4Provider.execute(JUnit4Provider.java:367) [surefire-junit4-2.19.1.jar:2.19.1]
	at org.apache.maven.surefire.junit4.JUnit4Provider.executeWithRerun(JUnit4Provider.java:274) [surefire-junit4-2.19.1.jar:2.19.1]
	at org.apache.maven.surefire.junit4.JUnit4Provider.executeTestSet(JUnit4Provider.java:238) [surefire-junit4-2.19.1.jar:2.19.1]
	at org.apache.maven.surefire.junit4.JUnit4Provider.invoke(JUnit4Provider.java:161) [surefire-junit4-2.19.1.jar:2.19.1]
	at org.apache.maven.surefire.booter.ForkedBooter.invokeProviderInSameClassLoader(ForkedBooter.java:290) [surefire-booter-2.19.1.jar:2.19.1]
	at org.apache.maven.surefire.booter.ForkedBooter.runSuitesInProcess(ForkedBooter.java:242) [surefire-booter-2.19.1.jar:2.19.1]
	at org.apache.maven.surefire.booter.ForkedBooter.main(ForkedBooter.java:121) [surefire-booter-2.19.1.jar:2.19.1]
22:42:09:167 | WARN  | main | o.s.t.c.TestContextManager | Caught exception while allowing TestExecutionListener [org.springframework.test.context.transaction.TransactionalTestExecutionListener@44b3d336] to process 'before' execution of test method [public void com.nurkiewicz.jdbcrepository.JdbcRepositoryManualKeyTest.shouldSortMultipleRecordsByTwoDifferentOrderingProperties() throws java.lang.Exception] for test instance [com.nurkiewicz.jdbcrepository.mysql.JdbcRepositoryManualKeyMysqlTest@a11811c]
java.net.ConnectException: Connection refused (Connection refused)
	at java.net.PlainSocketImpl.socketConnect(Native Method) ~[na:1.8.0_262]
	at java.net.AbstractPlainSocketImpl.doConnect(AbstractPlainSocketImpl.java:350) ~[na:1.8.0_262]
	at java.net.AbstractPlainSocketImpl.connectToAddress(AbstractPlainSocketImpl.java:206) ~[na:1.8.0_262]
	at java.net.AbstractPlainSocketImpl.connect(AbstractPlainSocketImpl.java:188) ~[na:1.8.0_262]
	at java.net.SocksSocketImpl.connect(SocksSocketImpl.java:392) ~[na:1.8.0_262]
	at java.net.Socket.connect(Socket.java:607) ~[na:1.8.0_262]
	at java.net.Socket.connect(Socket.java:556) ~[na:1.8.0_262]
	at com.nurkiewicz.jdbcrepository.AbstractIntegrationTest.ignoreIfDatabaseNotAvailable(AbstractIntegrationTest.java:36) ~[test-classes/:na]
	... 28 common frames omitted
Wrapped by: org.junit.internal.AssumptionViolatedException: got: <java.net.ConnectException: Connection refused (Connection refused)>, expected: null
	at org.junit.Assume.assumeThat(Assume.java:95) ~[junit-4.11.jar:na]
	at org.junit.Assume.assumeNoException(Assume.java:142) ~[junit-4.11.jar:na]
	at com.nurkiewicz.jdbcrepository.AbstractIntegrationTest.ignoreIfDatabaseNotAvailable(AbstractIntegrationTest.java:39) ~[test-classes/:na]
	at sun.reflect.GeneratedMethodAccessor21.invoke(Unknown Source) ~[na:na]
	at sun.reflect.DelegatingMethodAccessorImpl.invoke(DelegatingMethodAccessorImpl.java:43) ~[na:1.8.0_262]
	at java.lang.reflect.Method.invoke(Method.java:498) ~[na:1.8.0_262]
	at org.springframework.test.context.transaction.TransactionalTestExecutionListener.runBeforeTransactionMethods(TransactionalTestExecutionListener.java:248) ~[spring-test-4.1.1.RELEASE.jar:4.1.1.RELEASE]
	at org.springframework.test.context.transaction.TransactionalTestExecutionListener.beforeTestMethod(TransactionalTestExecutionListener.java:198) ~[spring-test-4.1.1.RELEASE.jar:4.1.1.RELEASE]
	at org.springframework.test.context.TestContextManager.beforeTestMethod(TestContextManager.java:249) ~[spring-test-4.1.1.RELEASE.jar:4.1.1.RELEASE]
	at org.springframework.test.context.junit4.statements.RunBeforeTestMethodCallbacks.evaluate(RunBeforeTestMethodCallbacks.java:71) [spring-test-4.1.1.RELEASE.jar:4.1.1.RELEASE]
	at org.springframework.test.context.junit4.statements.RunAfterTestMethodCallbacks.evaluate(RunAfterTestMethodCallbacks.java:81) [spring-test-4.1.1.RELEASE.jar:4.1.1.RELEASE]
	at org.springframework.test.context.junit4.statements.SpringRepeat.evaluate(SpringRepeat.java:72) [spring-test-4.1.1.RELEASE.jar:4.1.1.RELEASE]
	at org.junit.runners.ParentRunner.runLeaf(ParentRunner.java:271) [junit-4.11.jar:na]
	at org.springframework.test.context.junit4.SpringJUnit4ClassRunner.runChild(SpringJUnit4ClassRunner.java:216) [spring-test-4.1.1.RELEASE.jar:4.1.1.RELEASE]
	at org.springframework.test.context.junit4.SpringJUnit4ClassRunner.runChild(SpringJUnit4ClassRunner.java:82) [spring-test-4.1.1.RELEASE.jar:4.1.1.RELEASE]
	at org.junit.runners.ParentRunner$3.run(ParentRunner.java:238) [junit-4.11.jar:na]
	at org.junit.runners.ParentRunner$1.schedule(ParentRunner.java:63) [junit-4.11.jar:na]
	at org.junit.runners.ParentRunner.runChildren(ParentRunner.java:236) [junit-4.11.jar:na]
	at org.junit.runners.ParentRunner.access$000(ParentRunner.java:53) [junit-4.11.jar:na]
	at org.junit.runners.ParentRunner$2.evaluate(ParentRunner.java:229) [junit-4.11.jar:na]
	at org.springframework.test.context.junit4.statements.RunBeforeTestClassCallbacks.evaluate(RunBeforeTestClassCallbacks.java:60) [spring-test-4.1.1.RELEASE.jar:4.1.1.RELEASE]
	at org.springframework.test.context.junit4.statements.RunAfterTestClassCallbacks.evaluate(RunAfterTestClassCallbacks.java:67) [spring-test-4.1.1.RELEASE.jar:4.1.1.RELEASE]
	at org.junit.runners.ParentRunner.run(ParentRunner.java:309) [junit-4.11.jar:na]
	at org.springframework.test.context.junit4.SpringJUnit4ClassRunner.run(SpringJUnit4ClassRunner.java:162) [spring-test-4.1.1.RELEASE.jar:4.1.1.RELEASE]
	at org.apache.maven.surefire.junit4.JUnit4Provider.execute(JUnit4Provider.java:367) [surefire-junit4-2.19.1.jar:2.19.1]
	at org.apache.maven.surefire.junit4.JUnit4Provider.executeWithRerun(JUnit4Provider.java:274) [surefire-junit4-2.19.1.jar:2.19.1]
	at org.apache.maven.surefire.junit4.JUnit4Provider.executeTestSet(JUnit4Provider.java:238) [surefire-junit4-2.19.1.jar:2.19.1]
	at org.apache.maven.surefire.junit4.JUnit4Provider.invoke(JUnit4Provider.java:161) [surefire-junit4-2.19.1.jar:2.19.1]
	at org.apache.maven.surefire.booter.ForkedBooter.invokeProviderInSameClassLoader(ForkedBooter.java:290) [surefire-booter-2.19.1.jar:2.19.1]
	at org.apache.maven.surefire.booter.ForkedBooter.runSuitesInProcess(ForkedBooter.java:242) [surefire-booter-2.19.1.jar:2.19.1]
	at org.apache.maven.surefire.booter.ForkedBooter.main(ForkedBooter.java:121) [surefire-booter-2.19.1.jar:2.19.1]
]]></system-out>
  </testcase>
  <testcase name="shouldReturnPageWithOneItemWhenOneRecordInDatabase" classname="com.nurkiewicz.jdbcrepository.mysql.JdbcRepositoryManualKeyMysqlTest" time="0">
    <skipped/>
    <system-out><![CDATA[22:42:09:169 | ERROR | main | o.s.t.c.t.TransactionalTestExecutionListener | Exception encountered while executing @BeforeTransaction methods for test context [DefaultTestContext@633c9699 testClass = JdbcRepositoryManualKeyMysqlTest, testInstance = com.nurkiewicz.jdbcrepository.mysql.JdbcRepositoryManualKeyMysqlTest@209d4e32, testMethod = shouldReturnPageWithOneItemWhenOneRecordInDatabase@JdbcRepositoryManualKeyTest, testException = [null], mergedContextConfiguration = [MergedContextConfiguration@31373fc1 testClass = JdbcRepositoryManualKeyMysqlTest, locations = '{}', classes = '{class com.nurkiewicz.jdbcrepository.mysql.JdbcRepositoryTestMysqlConfig}', contextInitializerClasses = '[]', activeProfiles = '{}', propertySourceLocations = '{}', propertySourceProperties = '{}', contextLoader = 'org.springframework.test.context.support.AnnotationConfigContextLoader', parent = [null]]].
java.net.ConnectException: Connection refused (Connection refused)
	at java.net.PlainSocketImpl.socketConnect(Native Method) ~[na:1.8.0_262]
	at java.net.AbstractPlainSocketImpl.doConnect(AbstractPlainSocketImpl.java:350) ~[na:1.8.0_262]
	at java.net.AbstractPlainSocketImpl.connectToAddress(AbstractPlainSocketImpl.java:206) ~[na:1.8.0_262]
	at java.net.AbstractPlainSocketImpl.connect(AbstractPlainSocketImpl.java:188) ~[na:1.8.0_262]
	at java.net.SocksSocketImpl.connect(SocksSocketImpl.java:392) ~[na:1.8.0_262]
	at java.net.Socket.connect(Socket.java:607) ~[na:1.8.0_262]
	at java.net.Socket.connect(Socket.java:556) ~[na:1.8.0_262]
	at com.nurkiewicz.jdbcrepository.AbstractIntegrationTest.ignoreIfDatabaseNotAvailable(AbstractIntegrationTest.java:36) ~[test-classes/:na]
	... 28 common frames omitted
Wrapped by: org.junit.internal.AssumptionViolatedException: got: <java.net.ConnectException: Connection refused (Connection refused)>, expected: null
	at org.junit.Assume.assumeThat(Assume.java:95) ~[junit-4.11.jar:na]
	at org.junit.Assume.assumeNoException(Assume.java:142) ~[junit-4.11.jar:na]
	at com.nurkiewicz.jdbcrepository.AbstractIntegrationTest.ignoreIfDatabaseNotAvailable(AbstractIntegrationTest.java:39) ~[test-classes/:na]
	at sun.reflect.GeneratedMethodAccessor21.invoke(Unknown Source) ~[na:na]
	at sun.reflect.DelegatingMethodAccessorImpl.invoke(DelegatingMethodAccessorImpl.java:43) ~[na:1.8.0_262]
	at java.lang.reflect.Method.invoke(Method.java:498) ~[na:1.8.0_262]
	at org.springframework.test.context.transaction.TransactionalTestExecutionListener.runBeforeTransactionMethods(TransactionalTestExecutionListener.java:248) [spring-test-4.1.1.RELEASE.jar:4.1.1.RELEASE]
	at org.springframework.test.context.transaction.TransactionalTestExecutionListener.beforeTestMethod(TransactionalTestExecutionListener.java:198) [spring-test-4.1.1.RELEASE.jar:4.1.1.RELEASE]
	at org.springframework.test.context.TestContextManager.beforeTestMethod(TestContextManager.java:249) [spring-test-4.1.1.RELEASE.jar:4.1.1.RELEASE]
	at org.springframework.test.context.junit4.statements.RunBeforeTestMethodCallbacks.evaluate(RunBeforeTestMethodCallbacks.java:71) [spring-test-4.1.1.RELEASE.jar:4.1.1.RELEASE]
	at org.springframework.test.context.junit4.statements.RunAfterTestMethodCallbacks.evaluate(RunAfterTestMethodCallbacks.java:81) [spring-test-4.1.1.RELEASE.jar:4.1.1.RELEASE]
	at org.springframework.test.context.junit4.statements.SpringRepeat.evaluate(SpringRepeat.java:72) [spring-test-4.1.1.RELEASE.jar:4.1.1.RELEASE]
	at org.junit.runners.ParentRunner.runLeaf(ParentRunner.java:271) [junit-4.11.jar:na]
	at org.springframework.test.context.junit4.SpringJUnit4ClassRunner.runChild(SpringJUnit4ClassRunner.java:216) [spring-test-4.1.1.RELEASE.jar:4.1.1.RELEASE]
	at org.springframework.test.context.junit4.SpringJUnit4ClassRunner.runChild(SpringJUnit4ClassRunner.java:82) [spring-test-4.1.1.RELEASE.jar:4.1.1.RELEASE]
	at org.junit.runners.ParentRunner$3.run(ParentRunner.java:238) [junit-4.11.jar:na]
	at org.junit.runners.ParentRunner$1.schedule(ParentRunner.java:63) [junit-4.11.jar:na]
	at org.junit.runners.ParentRunner.runChildren(ParentRunner.java:236) [junit-4.11.jar:na]
	at org.junit.runners.ParentRunner.access$000(ParentRunner.java:53) [junit-4.11.jar:na]
	at org.junit.runners.ParentRunner$2.evaluate(ParentRunner.java:229) [junit-4.11.jar:na]
	at org.springframework.test.context.junit4.statements.RunBeforeTestClassCallbacks.evaluate(RunBeforeTestClassCallbacks.java:60) [spring-test-4.1.1.RELEASE.jar:4.1.1.RELEASE]
	at org.springframework.test.context.junit4.statements.RunAfterTestClassCallbacks.evaluate(RunAfterTestClassCallbacks.java:67) [spring-test-4.1.1.RELEASE.jar:4.1.1.RELEASE]
	at org.junit.runners.ParentRunner.run(ParentRunner.java:309) [junit-4.11.jar:na]
	at org.springframework.test.context.junit4.SpringJUnit4ClassRunner.run(SpringJUnit4ClassRunner.java:162) [spring-test-4.1.1.RELEASE.jar:4.1.1.RELEASE]
	at org.apache.maven.surefire.junit4.JUnit4Provider.execute(JUnit4Provider.java:367) [surefire-junit4-2.19.1.jar:2.19.1]
	at org.apache.maven.surefire.junit4.JUnit4Provider.executeWithRerun(JUnit4Provider.java:274) [surefire-junit4-2.19.1.jar:2.19.1]
	at org.apache.maven.surefire.junit4.JUnit4Provider.executeTestSet(JUnit4Provider.java:238) [surefire-junit4-2.19.1.jar:2.19.1]
	at org.apache.maven.surefire.junit4.JUnit4Provider.invoke(JUnit4Provider.java:161) [surefire-junit4-2.19.1.jar:2.19.1]
	at org.apache.maven.surefire.booter.ForkedBooter.invokeProviderInSameClassLoader(ForkedBooter.java:290) [surefire-booter-2.19.1.jar:2.19.1]
	at org.apache.maven.surefire.booter.ForkedBooter.runSuitesInProcess(ForkedBooter.java:242) [surefire-booter-2.19.1.jar:2.19.1]
	at org.apache.maven.surefire.booter.ForkedBooter.main(ForkedBooter.java:121) [surefire-booter-2.19.1.jar:2.19.1]
22:42:09:170 | WARN  | main | o.s.t.c.TestContextManager | Caught exception while allowing TestExecutionListener [org.springframework.test.context.transaction.TransactionalTestExecutionListener@44b3d336] to process 'before' execution of test method [public void com.nurkiewicz.jdbcrepository.JdbcRepositoryManualKeyTest.shouldReturnPageWithOneItemWhenOneRecordInDatabase()] for test instance [com.nurkiewicz.jdbcrepository.mysql.JdbcRepositoryManualKeyMysqlTest@209d4e32]
java.net.ConnectException: Connection refused (Connection refused)
	at java.net.PlainSocketImpl.socketConnect(Native Method) ~[na:1.8.0_262]
	at java.net.AbstractPlainSocketImpl.doConnect(AbstractPlainSocketImpl.java:350) ~[na:1.8.0_262]
	at java.net.AbstractPlainSocketImpl.connectToAddress(AbstractPlainSocketImpl.java:206) ~[na:1.8.0_262]
	at java.net.AbstractPlainSocketImpl.connect(AbstractPlainSocketImpl.java:188) ~[na:1.8.0_262]
	at java.net.SocksSocketImpl.connect(SocksSocketImpl.java:392) ~[na:1.8.0_262]
	at java.net.Socket.connect(Socket.java:607) ~[na:1.8.0_262]
	at java.net.Socket.connect(Socket.java:556) ~[na:1.8.0_262]
	at com.nurkiewicz.jdbcrepository.AbstractIntegrationTest.ignoreIfDatabaseNotAvailable(AbstractIntegrationTest.java:36) ~[test-classes/:na]
	... 28 common frames omitted
Wrapped by: org.junit.internal.AssumptionViolatedException: got: <java.net.ConnectException: Connection refused (Connection refused)>, expected: null
	at org.junit.Assume.assumeThat(Assume.java:95) ~[junit-4.11.jar:na]
	at org.junit.Assume.assumeNoException(Assume.java:142) ~[junit-4.11.jar:na]
	at com.nurkiewicz.jdbcrepository.AbstractIntegrationTest.ignoreIfDatabaseNotAvailable(AbstractIntegrationTest.java:39) ~[test-classes/:na]
	at sun.reflect.GeneratedMethodAccessor21.invoke(Unknown Source) ~[na:na]
	at sun.reflect.DelegatingMethodAccessorImpl.invoke(DelegatingMethodAccessorImpl.java:43) ~[na:1.8.0_262]
	at java.lang.reflect.Method.invoke(Method.java:498) ~[na:1.8.0_262]
	at org.springframework.test.context.transaction.TransactionalTestExecutionListener.runBeforeTransactionMethods(TransactionalTestExecutionListener.java:248) ~[spring-test-4.1.1.RELEASE.jar:4.1.1.RELEASE]
	at org.springframework.test.context.transaction.TransactionalTestExecutionListener.beforeTestMethod(TransactionalTestExecutionListener.java:198) ~[spring-test-4.1.1.RELEASE.jar:4.1.1.RELEASE]
	at org.springframework.test.context.TestContextManager.beforeTestMethod(TestContextManager.java:249) ~[spring-test-4.1.1.RELEASE.jar:4.1.1.RELEASE]
	at org.springframework.test.context.junit4.statements.RunBeforeTestMethodCallbacks.evaluate(RunBeforeTestMethodCallbacks.java:71) [spring-test-4.1.1.RELEASE.jar:4.1.1.RELEASE]
	at org.springframework.test.context.junit4.statements.RunAfterTestMethodCallbacks.evaluate(RunAfterTestMethodCallbacks.java:81) [spring-test-4.1.1.RELEASE.jar:4.1.1.RELEASE]
	at org.springframework.test.context.junit4.statements.SpringRepeat.evaluate(SpringRepeat.java:72) [spring-test-4.1.1.RELEASE.jar:4.1.1.RELEASE]
	at org.junit.runners.ParentRunner.runLeaf(ParentRunner.java:271) [junit-4.11.jar:na]
	at org.springframework.test.context.junit4.SpringJUnit4ClassRunner.runChild(SpringJUnit4ClassRunner.java:216) [spring-test-4.1.1.RELEASE.jar:4.1.1.RELEASE]
	at org.springframework.test.context.junit4.SpringJUnit4ClassRunner.runChild(SpringJUnit4ClassRunner.java:82) [spring-test-4.1.1.RELEASE.jar:4.1.1.RELEASE]
	at org.junit.runners.ParentRunner$3.run(ParentRunner.java:238) [junit-4.11.jar:na]
	at org.junit.runners.ParentRunner$1.schedule(ParentRunner.java:63) [junit-4.11.jar:na]
	at org.junit.runners.ParentRunner.runChildren(ParentRunner.java:236) [junit-4.11.jar:na]
	at org.junit.runners.ParentRunner.access$000(ParentRunner.java:53) [junit-4.11.jar:na]
	at org.junit.runners.ParentRunner$2.evaluate(ParentRunner.java:229) [junit-4.11.jar:na]
	at org.springframework.test.context.junit4.statements.RunBeforeTestClassCallbacks.evaluate(RunBeforeTestClassCallbacks.java:60) [spring-test-4.1.1.RELEASE.jar:4.1.1.RELEASE]
	at org.springframework.test.context.junit4.statements.RunAfterTestClassCallbacks.evaluate(RunAfterTestClassCallbacks.java:67) [spring-test-4.1.1.RELEASE.jar:4.1.1.RELEASE]
	at org.junit.runners.ParentRunner.run(ParentRunner.java:309) [junit-4.11.jar:na]
	at org.springframework.test.context.junit4.SpringJUnit4ClassRunner.run(SpringJUnit4ClassRunner.java:162) [spring-test-4.1.1.RELEASE.jar:4.1.1.RELEASE]
	at org.apache.maven.surefire.junit4.JUnit4Provider.execute(JUnit4Provider.java:367) [surefire-junit4-2.19.1.jar:2.19.1]
	at org.apache.maven.surefire.junit4.JUnit4Provider.executeWithRerun(JUnit4Provider.java:274) [surefire-junit4-2.19.1.jar:2.19.1]
	at org.apache.maven.surefire.junit4.JUnit4Provider.executeTestSet(JUnit4Provider.java:238) [surefire-junit4-2.19.1.jar:2.19.1]
	at org.apache.maven.surefire.junit4.JUnit4Provider.invoke(JUnit4Provider.java:161) [surefire-junit4-2.19.1.jar:2.19.1]
	at org.apache.maven.surefire.booter.ForkedBooter.invokeProviderInSameClassLoader(ForkedBooter.java:290) [surefire-booter-2.19.1.jar:2.19.1]
	at org.apache.maven.surefire.booter.ForkedBooter.runSuitesInProcess(ForkedBooter.java:242) [surefire-booter-2.19.1.jar:2.19.1]
	at org.apache.maven.surefire.booter.ForkedBooter.main(ForkedBooter.java:121) [surefire-booter-2.19.1.jar:2.19.1]
]]></system-out>
  </testcase>
  <testcase name="shouldSelectOneRecordById" classname="com.nurkiewicz.jdbcrepository.mysql.JdbcRepositoryManualKeyMysqlTest" time="0">
    <skipped/>
    <system-out><![CDATA[22:42:09:172 | ERROR | main | o.s.t.c.t.TransactionalTestExecutionListener | Exception encountered while executing @BeforeTransaction methods for test context [DefaultTestContext@633c9699 testClass = JdbcRepositoryManualKeyMysqlTest, testInstance = com.nurkiewicz.jdbcrepository.mysql.JdbcRepositoryManualKeyMysqlTest@1081906a, testMethod = shouldSelectOneRecordById@JdbcRepositoryManualKeyTest, testException = [null], mergedContextConfiguration = [MergedContextConfiguration@31373fc1 testClass = JdbcRepositoryManualKeyMysqlTest, locations = '{}', classes = '{class com.nurkiewicz.jdbcrepository.mysql.JdbcRepositoryTestMysqlConfig}', contextInitializerClasses = '[]', activeProfiles = '{}', propertySourceLocations = '{}', propertySourceProperties = '{}', contextLoader = 'org.springframework.test.context.support.AnnotationConfigContextLoader', parent = [null]]].
java.net.ConnectException: Connection refused (Connection refused)
	at java.net.PlainSocketImpl.socketConnect(Native Method) ~[na:1.8.0_262]
	at java.net.AbstractPlainSocketImpl.doConnect(AbstractPlainSocketImpl.java:350) ~[na:1.8.0_262]
	at java.net.AbstractPlainSocketImpl.connectToAddress(AbstractPlainSocketImpl.java:206) ~[na:1.8.0_262]
	at java.net.AbstractPlainSocketImpl.connect(AbstractPlainSocketImpl.java:188) ~[na:1.8.0_262]
	at java.net.SocksSocketImpl.connect(SocksSocketImpl.java:392) ~[na:1.8.0_262]
	at java.net.Socket.connect(Socket.java:607) ~[na:1.8.0_262]
	at java.net.Socket.connect(Socket.java:556) ~[na:1.8.0_262]
	at com.nurkiewicz.jdbcrepository.AbstractIntegrationTest.ignoreIfDatabaseNotAvailable(AbstractIntegrationTest.java:36) ~[test-classes/:na]
	... 28 common frames omitted
Wrapped by: org.junit.internal.AssumptionViolatedException: got: <java.net.ConnectException: Connection refused (Connection refused)>, expected: null
	at org.junit.Assume.assumeThat(Assume.java:95) ~[junit-4.11.jar:na]
	at org.junit.Assume.assumeNoException(Assume.java:142) ~[junit-4.11.jar:na]
	at com.nurkiewicz.jdbcrepository.AbstractIntegrationTest.ignoreIfDatabaseNotAvailable(AbstractIntegrationTest.java:39) ~[test-classes/:na]
	at sun.reflect.GeneratedMethodAccessor21.invoke(Unknown Source) ~[na:na]
	at sun.reflect.DelegatingMethodAccessorImpl.invoke(DelegatingMethodAccessorImpl.java:43) ~[na:1.8.0_262]
	at java.lang.reflect.Method.invoke(Method.java:498) ~[na:1.8.0_262]
	at org.springframework.test.context.transaction.TransactionalTestExecutionListener.runBeforeTransactionMethods(TransactionalTestExecutionListener.java:248) [spring-test-4.1.1.RELEASE.jar:4.1.1.RELEASE]
	at org.springframework.test.context.transaction.TransactionalTestExecutionListener.beforeTestMethod(TransactionalTestExecutionListener.java:198) [spring-test-4.1.1.RELEASE.jar:4.1.1.RELEASE]
	at org.springframework.test.context.TestContextManager.beforeTestMethod(TestContextManager.java:249) [spring-test-4.1.1.RELEASE.jar:4.1.1.RELEASE]
	at org.springframework.test.context.junit4.statements.RunBeforeTestMethodCallbacks.evaluate(RunBeforeTestMethodCallbacks.java:71) [spring-test-4.1.1.RELEASE.jar:4.1.1.RELEASE]
	at org.springframework.test.context.junit4.statements.RunAfterTestMethodCallbacks.evaluate(RunAfterTestMethodCallbacks.java:81) [spring-test-4.1.1.RELEASE.jar:4.1.1.RELEASE]
	at org.springframework.test.context.junit4.statements.SpringRepeat.evaluate(SpringRepeat.java:72) [spring-test-4.1.1.RELEASE.jar:4.1.1.RELEASE]
	at org.junit.runners.ParentRunner.runLeaf(ParentRunner.java:271) [junit-4.11.jar:na]
	at org.springframework.test.context.junit4.SpringJUnit4ClassRunner.runChild(SpringJUnit4ClassRunner.java:216) [spring-test-4.1.1.RELEASE.jar:4.1.1.RELEASE]
	at org.springframework.test.context.junit4.SpringJUnit4ClassRunner.runChild(SpringJUnit4ClassRunner.java:82) [spring-test-4.1.1.RELEASE.jar:4.1.1.RELEASE]
	at org.junit.runners.ParentRunner$3.run(ParentRunner.java:238) [junit-4.11.jar:na]
	at org.junit.runners.ParentRunner$1.schedule(ParentRunner.java:63) [junit-4.11.jar:na]
	at org.junit.runners.ParentRunner.runChildren(ParentRunner.java:236) [junit-4.11.jar:na]
	at org.junit.runners.ParentRunner.access$000(ParentRunner.java:53) [junit-4.11.jar:na]
	at org.junit.runners.ParentRunner$2.evaluate(ParentRunner.java:229) [junit-4.11.jar:na]
	at org.springframework.test.context.junit4.statements.RunBeforeTestClassCallbacks.evaluate(RunBeforeTestClassCallbacks.java:60) [spring-test-4.1.1.RELEASE.jar:4.1.1.RELEASE]
	at org.springframework.test.context.junit4.statements.RunAfterTestClassCallbacks.evaluate(RunAfterTestClassCallbacks.java:67) [spring-test-4.1.1.RELEASE.jar:4.1.1.RELEASE]
	at org.junit.runners.ParentRunner.run(ParentRunner.java:309) [junit-4.11.jar:na]
	at org.springframework.test.context.junit4.SpringJUnit4ClassRunner.run(SpringJUnit4ClassRunner.java:162) [spring-test-4.1.1.RELEASE.jar:4.1.1.RELEASE]
	at org.apache.maven.surefire.junit4.JUnit4Provider.execute(JUnit4Provider.java:367) [surefire-junit4-2.19.1.jar:2.19.1]
	at org.apache.maven.surefire.junit4.JUnit4Provider.executeWithRerun(JUnit4Provider.java:274) [surefire-junit4-2.19.1.jar:2.19.1]
	at org.apache.maven.surefire.junit4.JUnit4Provider.executeTestSet(JUnit4Provider.java:238) [surefire-junit4-2.19.1.jar:2.19.1]
	at org.apache.maven.surefire.junit4.JUnit4Provider.invoke(JUnit4Provider.java:161) [surefire-junit4-2.19.1.jar:2.19.1]
	at org.apache.maven.surefire.booter.ForkedBooter.invokeProviderInSameClassLoader(ForkedBooter.java:290) [surefire-booter-2.19.1.jar:2.19.1]
	at org.apache.maven.surefire.booter.ForkedBooter.runSuitesInProcess(ForkedBooter.java:242) [surefire-booter-2.19.1.jar:2.19.1]
	at org.apache.maven.surefire.booter.ForkedBooter.main(ForkedBooter.java:121) [surefire-booter-2.19.1.jar:2.19.1]
22:42:09:173 | WARN  | main | o.s.t.c.TestContextManager | Caught exception while allowing TestExecutionListener [org.springframework.test.context.transaction.TransactionalTestExecutionListener@44b3d336] to process 'before' execution of test method [public void com.nurkiewicz.jdbcrepository.JdbcRepositoryManualKeyTest.shouldSelectOneRecordById() throws java.lang.Exception] for test instance [com.nurkiewicz.jdbcrepository.mysql.JdbcRepositoryManualKeyMysqlTest@1081906a]
java.net.ConnectException: Connection refused (Connection refused)
	at java.net.PlainSocketImpl.socketConnect(Native Method) ~[na:1.8.0_262]
	at java.net.AbstractPlainSocketImpl.doConnect(AbstractPlainSocketImpl.java:350) ~[na:1.8.0_262]
	at java.net.AbstractPlainSocketImpl.connectToAddress(AbstractPlainSocketImpl.java:206) ~[na:1.8.0_262]
	at java.net.AbstractPlainSocketImpl.connect(AbstractPlainSocketImpl.java:188) ~[na:1.8.0_262]
	at java.net.SocksSocketImpl.connect(SocksSocketImpl.java:392) ~[na:1.8.0_262]
	at java.net.Socket.connect(Socket.java:607) ~[na:1.8.0_262]
	at java.net.Socket.connect(Socket.java:556) ~[na:1.8.0_262]
	at com.nurkiewicz.jdbcrepository.AbstractIntegrationTest.ignoreIfDatabaseNotAvailable(AbstractIntegrationTest.java:36) ~[test-classes/:na]
	... 28 common frames omitted
Wrapped by: org.junit.internal.AssumptionViolatedException: got: <java.net.ConnectException: Connection refused (Connection refused)>, expected: null
	at org.junit.Assume.assumeThat(Assume.java:95) ~[junit-4.11.jar:na]
	at org.junit.Assume.assumeNoException(Assume.java:142) ~[junit-4.11.jar:na]
	at com.nurkiewicz.jdbcrepository.AbstractIntegrationTest.ignoreIfDatabaseNotAvailable(AbstractIntegrationTest.java:39) ~[test-classes/:na]
	at sun.reflect.GeneratedMethodAccessor21.invoke(Unknown Source) ~[na:na]
	at sun.reflect.DelegatingMethodAccessorImpl.invoke(DelegatingMethodAccessorImpl.java:43) ~[na:1.8.0_262]
	at java.lang.reflect.Method.invoke(Method.java:498) ~[na:1.8.0_262]
	at org.springframework.test.context.transaction.TransactionalTestExecutionListener.runBeforeTransactionMethods(TransactionalTestExecutionListener.java:248) ~[spring-test-4.1.1.RELEASE.jar:4.1.1.RELEASE]
	at org.springframework.test.context.transaction.TransactionalTestExecutionListener.beforeTestMethod(TransactionalTestExecutionListener.java:198) ~[spring-test-4.1.1.RELEASE.jar:4.1.1.RELEASE]
	at org.springframework.test.context.TestContextManager.beforeTestMethod(TestContextManager.java:249) ~[spring-test-4.1.1.RELEASE.jar:4.1.1.RELEASE]
	at org.springframework.test.context.junit4.statements.RunBeforeTestMethodCallbacks.evaluate(RunBeforeTestMethodCallbacks.java:71) [spring-test-4.1.1.RELEASE.jar:4.1.1.RELEASE]
	at org.springframework.test.context.junit4.statements.RunAfterTestMethodCallbacks.evaluate(RunAfterTestMethodCallbacks.java:81) [spring-test-4.1.1.RELEASE.jar:4.1.1.RELEASE]
	at org.springframework.test.context.junit4.statements.SpringRepeat.evaluate(SpringRepeat.java:72) [spring-test-4.1.1.RELEASE.jar:4.1.1.RELEASE]
	at org.junit.runners.ParentRunner.runLeaf(ParentRunner.java:271) [junit-4.11.jar:na]
	at org.springframework.test.context.junit4.SpringJUnit4ClassRunner.runChild(SpringJUnit4ClassRunner.java:216) [spring-test-4.1.1.RELEASE.jar:4.1.1.RELEASE]
	at org.springframework.test.context.junit4.SpringJUnit4ClassRunner.runChild(SpringJUnit4ClassRunner.java:82) [spring-test-4.1.1.RELEASE.jar:4.1.1.RELEASE]
	at org.junit.runners.ParentRunner$3.run(ParentRunner.java:238) [junit-4.11.jar:na]
	at org.junit.runners.ParentRunner$1.schedule(ParentRunner.java:63) [junit-4.11.jar:na]
	at org.junit.runners.ParentRunner.runChildren(ParentRunner.java:236) [junit-4.11.jar:na]
	at org.junit.runners.ParentRunner.access$000(ParentRunner.java:53) [junit-4.11.jar:na]
	at org.junit.runners.ParentRunner$2.evaluate(ParentRunner.java:229) [junit-4.11.jar:na]
	at org.springframework.test.context.junit4.statements.RunBeforeTestClassCallbacks.evaluate(RunBeforeTestClassCallbacks.java:60) [spring-test-4.1.1.RELEASE.jar:4.1.1.RELEASE]
	at org.springframework.test.context.junit4.statements.RunAfterTestClassCallbacks.evaluate(RunAfterTestClassCallbacks.java:67) [spring-test-4.1.1.RELEASE.jar:4.1.1.RELEASE]
	at org.junit.runners.ParentRunner.run(ParentRunner.java:309) [junit-4.11.jar:na]
	at org.springframework.test.context.junit4.SpringJUnit4ClassRunner.run(SpringJUnit4ClassRunner.java:162) [spring-test-4.1.1.RELEASE.jar:4.1.1.RELEASE]
	at org.apache.maven.surefire.junit4.JUnit4Provider.execute(JUnit4Provider.java:367) [surefire-junit4-2.19.1.jar:2.19.1]
	at org.apache.maven.surefire.junit4.JUnit4Provider.executeWithRerun(JUnit4Provider.java:274) [surefire-junit4-2.19.1.jar:2.19.1]
	at org.apache.maven.surefire.junit4.JUnit4Provider.executeTestSet(JUnit4Provider.java:238) [surefire-junit4-2.19.1.jar:2.19.1]
	at org.apache.maven.surefire.junit4.JUnit4Provider.invoke(JUnit4Provider.java:161) [surefire-junit4-2.19.1.jar:2.19.1]
	at org.apache.maven.surefire.booter.ForkedBooter.invokeProviderInSameClassLoader(ForkedBooter.java:290) [surefire-booter-2.19.1.jar:2.19.1]
	at org.apache.maven.surefire.booter.ForkedBooter.runSuitesInProcess(ForkedBooter.java:242) [surefire-booter-2.19.1.jar:2.19.1]
	at org.apache.maven.surefire.booter.ForkedBooter.main(ForkedBooter.java:121) [surefire-booter-2.19.1.jar:2.19.1]
]]></system-out>
  </testcase>
  <testcase name="shouldReturnEmptyListWhenDatabaseEmpty" classname="com.nurkiewicz.jdbcrepository.mysql.JdbcRepositoryManualKeyMysqlTest" time="0">
    <skipped/>
    <system-out><![CDATA[22:42:09:175 | ERROR | main | o.s.t.c.t.TransactionalTestExecutionListener | Exception encountered while executing @BeforeTransaction methods for test context [DefaultTestContext@633c9699 testClass = JdbcRepositoryManualKeyMysqlTest, testInstance = com.nurkiewicz.jdbcrepository.mysql.JdbcRepositoryManualKeyMysqlTest@39f9c6f5, testMethod = shouldReturnEmptyListWhenDatabaseEmpty@JdbcRepositoryManualKeyTest, testException = [null], mergedContextConfiguration = [MergedContextConfiguration@31373fc1 testClass = JdbcRepositoryManualKeyMysqlTest, locations = '{}', classes = '{class com.nurkiewicz.jdbcrepository.mysql.JdbcRepositoryTestMysqlConfig}', contextInitializerClasses = '[]', activeProfiles = '{}', propertySourceLocations = '{}', propertySourceProperties = '{}', contextLoader = 'org.springframework.test.context.support.AnnotationConfigContextLoader', parent = [null]]].
java.net.ConnectException: Connection refused (Connection refused)
	at java.net.PlainSocketImpl.socketConnect(Native Method) ~[na:1.8.0_262]
	at java.net.AbstractPlainSocketImpl.doConnect(AbstractPlainSocketImpl.java:350) ~[na:1.8.0_262]
	at java.net.AbstractPlainSocketImpl.connectToAddress(AbstractPlainSocketImpl.java:206) ~[na:1.8.0_262]
	at java.net.AbstractPlainSocketImpl.connect(AbstractPlainSocketImpl.java:188) ~[na:1.8.0_262]
	at java.net.SocksSocketImpl.connect(SocksSocketImpl.java:392) ~[na:1.8.0_262]
	at java.net.Socket.connect(Socket.java:607) ~[na:1.8.0_262]
	at java.net.Socket.connect(Socket.java:556) ~[na:1.8.0_262]
	at com.nurkiewicz.jdbcrepository.AbstractIntegrationTest.ignoreIfDatabaseNotAvailable(AbstractIntegrationTest.java:36) ~[test-classes/:na]
	... 28 common frames omitted
Wrapped by: org.junit.internal.AssumptionViolatedException: got: <java.net.ConnectException: Connection refused (Connection refused)>, expected: null
	at org.junit.Assume.assumeThat(Assume.java:95) ~[junit-4.11.jar:na]
	at org.junit.Assume.assumeNoException(Assume.java:142) ~[junit-4.11.jar:na]
	at com.nurkiewicz.jdbcrepository.AbstractIntegrationTest.ignoreIfDatabaseNotAvailable(AbstractIntegrationTest.java:39) ~[test-classes/:na]
	at sun.reflect.GeneratedMethodAccessor21.invoke(Unknown Source) ~[na:na]
	at sun.reflect.DelegatingMethodAccessorImpl.invoke(DelegatingMethodAccessorImpl.java:43) ~[na:1.8.0_262]
	at java.lang.reflect.Method.invoke(Method.java:498) ~[na:1.8.0_262]
	at org.springframework.test.context.transaction.TransactionalTestExecutionListener.runBeforeTransactionMethods(TransactionalTestExecutionListener.java:248) [spring-test-4.1.1.RELEASE.jar:4.1.1.RELEASE]
	at org.springframework.test.context.transaction.TransactionalTestExecutionListener.beforeTestMethod(TransactionalTestExecutionListener.java:198) [spring-test-4.1.1.RELEASE.jar:4.1.1.RELEASE]
	at org.springframework.test.context.TestContextManager.beforeTestMethod(TestContextManager.java:249) [spring-test-4.1.1.RELEASE.jar:4.1.1.RELEASE]
	at org.springframework.test.context.junit4.statements.RunBeforeTestMethodCallbacks.evaluate(RunBeforeTestMethodCallbacks.java:71) [spring-test-4.1.1.RELEASE.jar:4.1.1.RELEASE]
	at org.springframework.test.context.junit4.statements.RunAfterTestMethodCallbacks.evaluate(RunAfterTestMethodCallbacks.java:81) [spring-test-4.1.1.RELEASE.jar:4.1.1.RELEASE]
	at org.springframework.test.context.junit4.statements.SpringRepeat.evaluate(SpringRepeat.java:72) [spring-test-4.1.1.RELEASE.jar:4.1.1.RELEASE]
	at org.junit.runners.ParentRunner.runLeaf(ParentRunner.java:271) [junit-4.11.jar:na]
	at org.springframework.test.context.junit4.SpringJUnit4ClassRunner.runChild(SpringJUnit4ClassRunner.java:216) [spring-test-4.1.1.RELEASE.jar:4.1.1.RELEASE]
	at org.springframework.test.context.junit4.SpringJUnit4ClassRunner.runChild(SpringJUnit4ClassRunner.java:82) [spring-test-4.1.1.RELEASE.jar:4.1.1.RELEASE]
	at org.junit.runners.ParentRunner$3.run(ParentRunner.java:238) [junit-4.11.jar:na]
	at org.junit.runners.ParentRunner$1.schedule(ParentRunner.java:63) [junit-4.11.jar:na]
	at org.junit.runners.ParentRunner.runChildren(ParentRunner.java:236) [junit-4.11.jar:na]
	at org.junit.runners.ParentRunner.access$000(ParentRunner.java:53) [junit-4.11.jar:na]
	at org.junit.runners.ParentRunner$2.evaluate(ParentRunner.java:229) [junit-4.11.jar:na]
	at org.springframework.test.context.junit4.statements.RunBeforeTestClassCallbacks.evaluate(RunBeforeTestClassCallbacks.java:60) [spring-test-4.1.1.RELEASE.jar:4.1.1.RELEASE]
	at org.springframework.test.context.junit4.statements.RunAfterTestClassCallbacks.evaluate(RunAfterTestClassCallbacks.java:67) [spring-test-4.1.1.RELEASE.jar:4.1.1.RELEASE]
	at org.junit.runners.ParentRunner.run(ParentRunner.java:309) [junit-4.11.jar:na]
	at org.springframework.test.context.junit4.SpringJUnit4ClassRunner.run(SpringJUnit4ClassRunner.java:162) [spring-test-4.1.1.RELEASE.jar:4.1.1.RELEASE]
	at org.apache.maven.surefire.junit4.JUnit4Provider.execute(JUnit4Provider.java:367) [surefire-junit4-2.19.1.jar:2.19.1]
	at org.apache.maven.surefire.junit4.JUnit4Provider.executeWithRerun(JUnit4Provider.java:274) [surefire-junit4-2.19.1.jar:2.19.1]
	at org.apache.maven.surefire.junit4.JUnit4Provider.executeTestSet(JUnit4Provider.java:238) [surefire-junit4-2.19.1.jar:2.19.1]
	at org.apache.maven.surefire.junit4.JUnit4Provider.invoke(JUnit4Provider.java:161) [surefire-junit4-2.19.1.jar:2.19.1]
	at org.apache.maven.surefire.booter.ForkedBooter.invokeProviderInSameClassLoader(ForkedBooter.java:290) [surefire-booter-2.19.1.jar:2.19.1]
	at org.apache.maven.surefire.booter.ForkedBooter.runSuitesInProcess(ForkedBooter.java:242) [surefire-booter-2.19.1.jar:2.19.1]
	at org.apache.maven.surefire.booter.ForkedBooter.main(ForkedBooter.java:121) [surefire-booter-2.19.1.jar:2.19.1]
22:42:09:175 | WARN  | main | o.s.t.c.TestContextManager | Caught exception while allowing TestExecutionListener [org.springframework.test.context.transaction.TransactionalTestExecutionListener@44b3d336] to process 'before' execution of test method [public void com.nurkiewicz.jdbcrepository.JdbcRepositoryManualKeyTest.shouldReturnEmptyListWhenDatabaseEmpty()] for test instance [com.nurkiewicz.jdbcrepository.mysql.JdbcRepositoryManualKeyMysqlTest@39f9c6f5]
java.net.ConnectException: Connection refused (Connection refused)
	at java.net.PlainSocketImpl.socketConnect(Native Method) ~[na:1.8.0_262]
	at java.net.AbstractPlainSocketImpl.doConnect(AbstractPlainSocketImpl.java:350) ~[na:1.8.0_262]
	at java.net.AbstractPlainSocketImpl.connectToAddress(AbstractPlainSocketImpl.java:206) ~[na:1.8.0_262]
	at java.net.AbstractPlainSocketImpl.connect(AbstractPlainSocketImpl.java:188) ~[na:1.8.0_262]
	at java.net.SocksSocketImpl.connect(SocksSocketImpl.java:392) ~[na:1.8.0_262]
	at java.net.Socket.connect(Socket.java:607) ~[na:1.8.0_262]
	at java.net.Socket.connect(Socket.java:556) ~[na:1.8.0_262]
	at com.nurkiewicz.jdbcrepository.AbstractIntegrationTest.ignoreIfDatabaseNotAvailable(AbstractIntegrationTest.java:36) ~[test-classes/:na]
	... 28 common frames omitted
Wrapped by: org.junit.internal.AssumptionViolatedException: got: <java.net.ConnectException: Connection refused (Connection refused)>, expected: null
	at org.junit.Assume.assumeThat(Assume.java:95) ~[junit-4.11.jar:na]
	at org.junit.Assume.assumeNoException(Assume.java:142) ~[junit-4.11.jar:na]
	at com.nurkiewicz.jdbcrepository.AbstractIntegrationTest.ignoreIfDatabaseNotAvailable(AbstractIntegrationTest.java:39) ~[test-classes/:na]
	at sun.reflect.GeneratedMethodAccessor21.invoke(Unknown Source) ~[na:na]
	at sun.reflect.DelegatingMethodAccessorImpl.invoke(DelegatingMethodAccessorImpl.java:43) ~[na:1.8.0_262]
	at java.lang.reflect.Method.invoke(Method.java:498) ~[na:1.8.0_262]
	at org.springframework.test.context.transaction.TransactionalTestExecutionListener.runBeforeTransactionMethods(TransactionalTestExecutionListener.java:248) ~[spring-test-4.1.1.RELEASE.jar:4.1.1.RELEASE]
	at org.springframework.test.context.transaction.TransactionalTestExecutionListener.beforeTestMethod(TransactionalTestExecutionListener.java:198) ~[spring-test-4.1.1.RELEASE.jar:4.1.1.RELEASE]
	at org.springframework.test.context.TestContextManager.beforeTestMethod(TestContextManager.java:249) ~[spring-test-4.1.1.RELEASE.jar:4.1.1.RELEASE]
	at org.springframework.test.context.junit4.statements.RunBeforeTestMethodCallbacks.evaluate(RunBeforeTestMethodCallbacks.java:71) [spring-test-4.1.1.RELEASE.jar:4.1.1.RELEASE]
	at org.springframework.test.context.junit4.statements.RunAfterTestMethodCallbacks.evaluate(RunAfterTestMethodCallbacks.java:81) [spring-test-4.1.1.RELEASE.jar:4.1.1.RELEASE]
	at org.springframework.test.context.junit4.statements.SpringRepeat.evaluate(SpringRepeat.java:72) [spring-test-4.1.1.RELEASE.jar:4.1.1.RELEASE]
	at org.junit.runners.ParentRunner.runLeaf(ParentRunner.java:271) [junit-4.11.jar:na]
	at org.springframework.test.context.junit4.SpringJUnit4ClassRunner.runChild(SpringJUnit4ClassRunner.java:216) [spring-test-4.1.1.RELEASE.jar:4.1.1.RELEASE]
	at org.springframework.test.context.junit4.SpringJUnit4ClassRunner.runChild(SpringJUnit4ClassRunner.java:82) [spring-test-4.1.1.RELEASE.jar:4.1.1.RELEASE]
	at org.junit.runners.ParentRunner$3.run(ParentRunner.java:238) [junit-4.11.jar:na]
	at org.junit.runners.ParentRunner$1.schedule(ParentRunner.java:63) [junit-4.11.jar:na]
	at org.junit.runners.ParentRunner.runChildren(ParentRunner.java:236) [junit-4.11.jar:na]
	at org.junit.runners.ParentRunner.access$000(ParentRunner.java:53) [junit-4.11.jar:na]
	at org.junit.runners.ParentRunner$2.evaluate(ParentRunner.java:229) [junit-4.11.jar:na]
	at org.springframework.test.context.junit4.statements.RunBeforeTestClassCallbacks.evaluate(RunBeforeTestClassCallbacks.java:60) [spring-test-4.1.1.RELEASE.jar:4.1.1.RELEASE]
	at org.springframework.test.context.junit4.statements.RunAfterTestClassCallbacks.evaluate(RunAfterTestClassCallbacks.java:67) [spring-test-4.1.1.RELEASE.jar:4.1.1.RELEASE]
	at org.junit.runners.ParentRunner.run(ParentRunner.java:309) [junit-4.11.jar:na]
	at org.springframework.test.context.junit4.SpringJUnit4ClassRunner.run(SpringJUnit4ClassRunner.java:162) [spring-test-4.1.1.RELEASE.jar:4.1.1.RELEASE]
	at org.apache.maven.surefire.junit4.JUnit4Provider.execute(JUnit4Provider.java:367) [surefire-junit4-2.19.1.jar:2.19.1]
	at org.apache.maven.surefire.junit4.JUnit4Provider.executeWithRerun(JUnit4Provider.java:274) [surefire-junit4-2.19.1.jar:2.19.1]
	at org.apache.maven.surefire.junit4.JUnit4Provider.executeTestSet(JUnit4Provider.java:238) [surefire-junit4-2.19.1.jar:2.19.1]
	at org.apache.maven.surefire.junit4.JUnit4Provider.invoke(JUnit4Provider.java:161) [surefire-junit4-2.19.1.jar:2.19.1]
	at org.apache.maven.surefire.booter.ForkedBooter.invokeProviderInSameClassLoader(ForkedBooter.java:290) [surefire-booter-2.19.1.jar:2.19.1]
	at org.apache.maven.surefire.booter.ForkedBooter.runSuitesInProcess(ForkedBooter.java:242) [surefire-booter-2.19.1.jar:2.19.1]
	at org.apache.maven.surefire.booter.ForkedBooter.main(ForkedBooter.java:121) [surefire-booter-2.19.1.jar:2.19.1]
]]></system-out>
  </testcase>
  <testcase name="shouldReturnNullWhenEntityForGivenIdDoesNotExist" classname="com.nurkiewicz.jdbcrepository.mysql.JdbcRepositoryManualKeyMysqlTest" time="0">
    <skipped/>
    <system-out><![CDATA[22:42:09:177 | ERROR | main | o.s.t.c.t.TransactionalTestExecutionListener | Exception encountered while executing @BeforeTransaction methods for test context [DefaultTestContext@633c9699 testClass = JdbcRepositoryManualKeyMysqlTest, testInstance = com.nurkiewicz.jdbcrepository.mysql.JdbcRepositoryManualKeyMysqlTest@3b0c48bd, testMethod = shouldReturnNullWhenEntityForGivenIdDoesNotExist@JdbcRepositoryManualKeyTest, testException = [null], mergedContextConfiguration = [MergedContextConfiguration@31373fc1 testClass = JdbcRepositoryManualKeyMysqlTest, locations = '{}', classes = '{class com.nurkiewicz.jdbcrepository.mysql.JdbcRepositoryTestMysqlConfig}', contextInitializerClasses = '[]', activeProfiles = '{}', propertySourceLocations = '{}', propertySourceProperties = '{}', contextLoader = 'org.springframework.test.context.support.AnnotationConfigContextLoader', parent = [null]]].
java.net.ConnectException: Connection refused (Connection refused)
	at java.net.PlainSocketImpl.socketConnect(Native Method) ~[na:1.8.0_262]
	at java.net.AbstractPlainSocketImpl.doConnect(AbstractPlainSocketImpl.java:350) ~[na:1.8.0_262]
	at java.net.AbstractPlainSocketImpl.connectToAddress(AbstractPlainSocketImpl.java:206) ~[na:1.8.0_262]
	at java.net.AbstractPlainSocketImpl.connect(AbstractPlainSocketImpl.java:188) ~[na:1.8.0_262]
	at java.net.SocksSocketImpl.connect(SocksSocketImpl.java:392) ~[na:1.8.0_262]
	at java.net.Socket.connect(Socket.java:607) ~[na:1.8.0_262]
	at java.net.Socket.connect(Socket.java:556) ~[na:1.8.0_262]
	at com.nurkiewicz.jdbcrepository.AbstractIntegrationTest.ignoreIfDatabaseNotAvailable(AbstractIntegrationTest.java:36) ~[test-classes/:na]
	... 28 common frames omitted
Wrapped by: org.junit.internal.AssumptionViolatedException: got: <java.net.ConnectException: Connection refused (Connection refused)>, expected: null
	at org.junit.Assume.assumeThat(Assume.java:95) ~[junit-4.11.jar:na]
	at org.junit.Assume.assumeNoException(Assume.java:142) ~[junit-4.11.jar:na]
	at com.nurkiewicz.jdbcrepository.AbstractIntegrationTest.ignoreIfDatabaseNotAvailable(AbstractIntegrationTest.java:39) ~[test-classes/:na]
	at sun.reflect.GeneratedMethodAccessor21.invoke(Unknown Source) ~[na:na]
	at sun.reflect.DelegatingMethodAccessorImpl.invoke(DelegatingMethodAccessorImpl.java:43) ~[na:1.8.0_262]
	at java.lang.reflect.Method.invoke(Method.java:498) ~[na:1.8.0_262]
	at org.springframework.test.context.transaction.TransactionalTestExecutionListener.runBeforeTransactionMethods(TransactionalTestExecutionListener.java:248) [spring-test-4.1.1.RELEASE.jar:4.1.1.RELEASE]
	at org.springframework.test.context.transaction.TransactionalTestExecutionListener.beforeTestMethod(TransactionalTestExecutionListener.java:198) [spring-test-4.1.1.RELEASE.jar:4.1.1.RELEASE]
	at org.springframework.test.context.TestContextManager.beforeTestMethod(TestContextManager.java:249) [spring-test-4.1.1.RELEASE.jar:4.1.1.RELEASE]
	at org.springframework.test.context.junit4.statements.RunBeforeTestMethodCallbacks.evaluate(RunBeforeTestMethodCallbacks.java:71) [spring-test-4.1.1.RELEASE.jar:4.1.1.RELEASE]
	at org.springframework.test.context.junit4.statements.RunAfterTestMethodCallbacks.evaluate(RunAfterTestMethodCallbacks.java:81) [spring-test-4.1.1.RELEASE.jar:4.1.1.RELEASE]
	at org.springframework.test.context.junit4.statements.SpringRepeat.evaluate(SpringRepeat.java:72) [spring-test-4.1.1.RELEASE.jar:4.1.1.RELEASE]
	at org.junit.runners.ParentRunner.runLeaf(ParentRunner.java:271) [junit-4.11.jar:na]
	at org.springframework.test.context.junit4.SpringJUnit4ClassRunner.runChild(SpringJUnit4ClassRunner.java:216) [spring-test-4.1.1.RELEASE.jar:4.1.1.RELEASE]
	at org.springframework.test.context.junit4.SpringJUnit4ClassRunner.runChild(SpringJUnit4ClassRunner.java:82) [spring-test-4.1.1.RELEASE.jar:4.1.1.RELEASE]
	at org.junit.runners.ParentRunner$3.run(ParentRunner.java:238) [junit-4.11.jar:na]
	at org.junit.runners.ParentRunner$1.schedule(ParentRunner.java:63) [junit-4.11.jar:na]
	at org.junit.runners.ParentRunner.runChildren(ParentRunner.java:236) [junit-4.11.jar:na]
	at org.junit.runners.ParentRunner.access$000(ParentRunner.java:53) [junit-4.11.jar:na]
	at org.junit.runners.ParentRunner$2.evaluate(ParentRunner.java:229) [junit-4.11.jar:na]
	at org.springframework.test.context.junit4.statements.RunBeforeTestClassCallbacks.evaluate(RunBeforeTestClassCallbacks.java:60) [spring-test-4.1.1.RELEASE.jar:4.1.1.RELEASE]
	at org.springframework.test.context.junit4.statements.RunAfterTestClassCallbacks.evaluate(RunAfterTestClassCallbacks.java:67) [spring-test-4.1.1.RELEASE.jar:4.1.1.RELEASE]
	at org.junit.runners.ParentRunner.run(ParentRunner.java:309) [junit-4.11.jar:na]
	at org.springframework.test.context.junit4.SpringJUnit4ClassRunner.run(SpringJUnit4ClassRunner.java:162) [spring-test-4.1.1.RELEASE.jar:4.1.1.RELEASE]
	at org.apache.maven.surefire.junit4.JUnit4Provider.execute(JUnit4Provider.java:367) [surefire-junit4-2.19.1.jar:2.19.1]
	at org.apache.maven.surefire.junit4.JUnit4Provider.executeWithRerun(JUnit4Provider.java:274) [surefire-junit4-2.19.1.jar:2.19.1]
	at org.apache.maven.surefire.junit4.JUnit4Provider.executeTestSet(JUnit4Provider.java:238) [surefire-junit4-2.19.1.jar:2.19.1]
	at org.apache.maven.surefire.junit4.JUnit4Provider.invoke(JUnit4Provider.java:161) [surefire-junit4-2.19.1.jar:2.19.1]
	at org.apache.maven.surefire.booter.ForkedBooter.invokeProviderInSameClassLoader(ForkedBooter.java:290) [surefire-booter-2.19.1.jar:2.19.1]
	at org.apache.maven.surefire.booter.ForkedBooter.runSuitesInProcess(ForkedBooter.java:242) [surefire-booter-2.19.1.jar:2.19.1]
	at org.apache.maven.surefire.booter.ForkedBooter.main(ForkedBooter.java:121) [surefire-booter-2.19.1.jar:2.19.1]
22:42:09:178 | WARN  | main | o.s.t.c.TestContextManager | Caught exception while allowing TestExecutionListener [org.springframework.test.context.transaction.TransactionalTestExecutionListener@44b3d336] to process 'before' execution of test method [public void com.nurkiewicz.jdbcrepository.JdbcRepositoryManualKeyTest.shouldReturnNullWhenEntityForGivenIdDoesNotExist() throws java.lang.Exception] for test instance [com.nurkiewicz.jdbcrepository.mysql.JdbcRepositoryManualKeyMysqlTest@3b0c48bd]
java.net.ConnectException: Connection refused (Connection refused)
	at java.net.PlainSocketImpl.socketConnect(Native Method) ~[na:1.8.0_262]
	at java.net.AbstractPlainSocketImpl.doConnect(AbstractPlainSocketImpl.java:350) ~[na:1.8.0_262]
	at java.net.AbstractPlainSocketImpl.connectToAddress(AbstractPlainSocketImpl.java:206) ~[na:1.8.0_262]
	at java.net.AbstractPlainSocketImpl.connect(AbstractPlainSocketImpl.java:188) ~[na:1.8.0_262]
	at java.net.SocksSocketImpl.connect(SocksSocketImpl.java:392) ~[na:1.8.0_262]
	at java.net.Socket.connect(Socket.java:607) ~[na:1.8.0_262]
	at java.net.Socket.connect(Socket.java:556) ~[na:1.8.0_262]
	at com.nurkiewicz.jdbcrepository.AbstractIntegrationTest.ignoreIfDatabaseNotAvailable(AbstractIntegrationTest.java:36) ~[test-classes/:na]
	... 28 common frames omitted
Wrapped by: org.junit.internal.AssumptionViolatedException: got: <java.net.ConnectException: Connection refused (Connection refused)>, expected: null
	at org.junit.Assume.assumeThat(Assume.java:95) ~[junit-4.11.jar:na]
	at org.junit.Assume.assumeNoException(Assume.java:142) ~[junit-4.11.jar:na]
	at com.nurkiewicz.jdbcrepository.AbstractIntegrationTest.ignoreIfDatabaseNotAvailable(AbstractIntegrationTest.java:39) ~[test-classes/:na]
	at sun.reflect.GeneratedMethodAccessor21.invoke(Unknown Source) ~[na:na]
	at sun.reflect.DelegatingMethodAccessorImpl.invoke(DelegatingMethodAccessorImpl.java:43) ~[na:1.8.0_262]
	at java.lang.reflect.Method.invoke(Method.java:498) ~[na:1.8.0_262]
	at org.springframework.test.context.transaction.TransactionalTestExecutionListener.runBeforeTransactionMethods(TransactionalTestExecutionListener.java:248) ~[spring-test-4.1.1.RELEASE.jar:4.1.1.RELEASE]
	at org.springframework.test.context.transaction.TransactionalTestExecutionListener.beforeTestMethod(TransactionalTestExecutionListener.java:198) ~[spring-test-4.1.1.RELEASE.jar:4.1.1.RELEASE]
	at org.springframework.test.context.TestContextManager.beforeTestMethod(TestContextManager.java:249) ~[spring-test-4.1.1.RELEASE.jar:4.1.1.RELEASE]
	at org.springframework.test.context.junit4.statements.RunBeforeTestMethodCallbacks.evaluate(RunBeforeTestMethodCallbacks.java:71) [spring-test-4.1.1.RELEASE.jar:4.1.1.RELEASE]
	at org.springframework.test.context.junit4.statements.RunAfterTestMethodCallbacks.evaluate(RunAfterTestMethodCallbacks.java:81) [spring-test-4.1.1.RELEASE.jar:4.1.1.RELEASE]
	at org.springframework.test.context.junit4.statements.SpringRepeat.evaluate(SpringRepeat.java:72) [spring-test-4.1.1.RELEASE.jar:4.1.1.RELEASE]
	at org.junit.runners.ParentRunner.runLeaf(ParentRunner.java:271) [junit-4.11.jar:na]
	at org.springframework.test.context.junit4.SpringJUnit4ClassRunner.runChild(SpringJUnit4ClassRunner.java:216) [spring-test-4.1.1.RELEASE.jar:4.1.1.RELEASE]
	at org.springframework.test.context.junit4.SpringJUnit4ClassRunner.runChild(SpringJUnit4ClassRunner.java:82) [spring-test-4.1.1.RELEASE.jar:4.1.1.RELEASE]
	at org.junit.runners.ParentRunner$3.run(ParentRunner.java:238) [junit-4.11.jar:na]
	at org.junit.runners.ParentRunner$1.schedule(ParentRunner.java:63) [junit-4.11.jar:na]
	at org.junit.runners.ParentRunner.runChildren(ParentRunner.java:236) [junit-4.11.jar:na]
	at org.junit.runners.ParentRunner.access$000(ParentRunner.java:53) [junit-4.11.jar:na]
	at org.junit.runners.ParentRunner$2.evaluate(ParentRunner.java:229) [junit-4.11.jar:na]
	at org.springframework.test.context.junit4.statements.RunBeforeTestClassCallbacks.evaluate(RunBeforeTestClassCallbacks.java:60) [spring-test-4.1.1.RELEASE.jar:4.1.1.RELEASE]
	at org.springframework.test.context.junit4.statements.RunAfterTestClassCallbacks.evaluate(RunAfterTestClassCallbacks.java:67) [spring-test-4.1.1.RELEASE.jar:4.1.1.RELEASE]
	at org.junit.runners.ParentRunner.run(ParentRunner.java:309) [junit-4.11.jar:na]
	at org.springframework.test.context.junit4.SpringJUnit4ClassRunner.run(SpringJUnit4ClassRunner.java:162) [spring-test-4.1.1.RELEASE.jar:4.1.1.RELEASE]
	at org.apache.maven.surefire.junit4.JUnit4Provider.execute(JUnit4Provider.java:367) [surefire-junit4-2.19.1.jar:2.19.1]
	at org.apache.maven.surefire.junit4.JUnit4Provider.executeWithRerun(JUnit4Provider.java:274) [surefire-junit4-2.19.1.jar:2.19.1]
	at org.apache.maven.surefire.junit4.JUnit4Provider.executeTestSet(JUnit4Provider.java:238) [surefire-junit4-2.19.1.jar:2.19.1]
	at org.apache.maven.surefire.junit4.JUnit4Provider.invoke(JUnit4Provider.java:161) [surefire-junit4-2.19.1.jar:2.19.1]
	at org.apache.maven.surefire.booter.ForkedBooter.invokeProviderInSameClassLoader(ForkedBooter.java:290) [surefire-booter-2.19.1.jar:2.19.1]
	at org.apache.maven.surefire.booter.ForkedBooter.runSuitesInProcess(ForkedBooter.java:242) [surefire-booter-2.19.1.jar:2.19.1]
	at org.apache.maven.surefire.booter.ForkedBooter.main(ForkedBooter.java:121) [surefire-booter-2.19.1.jar:2.19.1]
]]></system-out>
  </testcase>
  <testcase name="shouldNotDeleteEntityWithDifferentId" classname="com.nurkiewicz.jdbcrepository.mysql.JdbcRepositoryManualKeyMysqlTest" time="0">
    <skipped/>
    <system-out><![CDATA[22:42:09:180 | ERROR | main | o.s.t.c.t.TransactionalTestExecutionListener | Exception encountered while executing @BeforeTransaction methods for test context [DefaultTestContext@633c9699 testClass = JdbcRepositoryManualKeyMysqlTest, testInstance = com.nurkiewicz.jdbcrepository.mysql.JdbcRepositoryManualKeyMysqlTest@2bf1d748, testMethod = shouldNotDeleteEntityWithDifferentId@JdbcRepositoryManualKeyTest, testException = [null], mergedContextConfiguration = [MergedContextConfiguration@31373fc1 testClass = JdbcRepositoryManualKeyMysqlTest, locations = '{}', classes = '{class com.nurkiewicz.jdbcrepository.mysql.JdbcRepositoryTestMysqlConfig}', contextInitializerClasses = '[]', activeProfiles = '{}', propertySourceLocations = '{}', propertySourceProperties = '{}', contextLoader = 'org.springframework.test.context.support.AnnotationConfigContextLoader', parent = [null]]].
java.net.ConnectException: Connection refused (Connection refused)
	at java.net.PlainSocketImpl.socketConnect(Native Method) ~[na:1.8.0_262]
	at java.net.AbstractPlainSocketImpl.doConnect(AbstractPlainSocketImpl.java:350) ~[na:1.8.0_262]
	at java.net.AbstractPlainSocketImpl.connectToAddress(AbstractPlainSocketImpl.java:206) ~[na:1.8.0_262]
	at java.net.AbstractPlainSocketImpl.connect(AbstractPlainSocketImpl.java:188) ~[na:1.8.0_262]
	at java.net.SocksSocketImpl.connect(SocksSocketImpl.java:392) ~[na:1.8.0_262]
	at java.net.Socket.connect(Socket.java:607) ~[na:1.8.0_262]
	at java.net.Socket.connect(Socket.java:556) ~[na:1.8.0_262]
	at com.nurkiewicz.jdbcrepository.AbstractIntegrationTest.ignoreIfDatabaseNotAvailable(AbstractIntegrationTest.java:36) ~[test-classes/:na]
	... 28 common frames omitted
Wrapped by: org.junit.internal.AssumptionViolatedException: got: <java.net.ConnectException: Connection refused (Connection refused)>, expected: null
	at org.junit.Assume.assumeThat(Assume.java:95) ~[junit-4.11.jar:na]
	at org.junit.Assume.assumeNoException(Assume.java:142) ~[junit-4.11.jar:na]
	at com.nurkiewicz.jdbcrepository.AbstractIntegrationTest.ignoreIfDatabaseNotAvailable(AbstractIntegrationTest.java:39) ~[test-classes/:na]
	at sun.reflect.GeneratedMethodAccessor21.invoke(Unknown Source) ~[na:na]
	at sun.reflect.DelegatingMethodAccessorImpl.invoke(DelegatingMethodAccessorImpl.java:43) ~[na:1.8.0_262]
	at java.lang.reflect.Method.invoke(Method.java:498) ~[na:1.8.0_262]
	at org.springframework.test.context.transaction.TransactionalTestExecutionListener.runBeforeTransactionMethods(TransactionalTestExecutionListener.java:248) [spring-test-4.1.1.RELEASE.jar:4.1.1.RELEASE]
	at org.springframework.test.context.transaction.TransactionalTestExecutionListener.beforeTestMethod(TransactionalTestExecutionListener.java:198) [spring-test-4.1.1.RELEASE.jar:4.1.1.RELEASE]
	at org.springframework.test.context.TestContextManager.beforeTestMethod(TestContextManager.java:249) [spring-test-4.1.1.RELEASE.jar:4.1.1.RELEASE]
	at org.springframework.test.context.junit4.statements.RunBeforeTestMethodCallbacks.evaluate(RunBeforeTestMethodCallbacks.java:71) [spring-test-4.1.1.RELEASE.jar:4.1.1.RELEASE]
	at org.springframework.test.context.junit4.statements.RunAfterTestMethodCallbacks.evaluate(RunAfterTestMethodCallbacks.java:81) [spring-test-4.1.1.RELEASE.jar:4.1.1.RELEASE]
	at org.springframework.test.context.junit4.statements.SpringRepeat.evaluate(SpringRepeat.java:72) [spring-test-4.1.1.RELEASE.jar:4.1.1.RELEASE]
	at org.junit.runners.ParentRunner.runLeaf(ParentRunner.java:271) [junit-4.11.jar:na]
	at org.springframework.test.context.junit4.SpringJUnit4ClassRunner.runChild(SpringJUnit4ClassRunner.java:216) [spring-test-4.1.1.RELEASE.jar:4.1.1.RELEASE]
	at org.springframework.test.context.junit4.SpringJUnit4ClassRunner.runChild(SpringJUnit4ClassRunner.java:82) [spring-test-4.1.1.RELEASE.jar:4.1.1.RELEASE]
	at org.junit.runners.ParentRunner$3.run(ParentRunner.java:238) [junit-4.11.jar:na]
	at org.junit.runners.ParentRunner$1.schedule(ParentRunner.java:63) [junit-4.11.jar:na]
	at org.junit.runners.ParentRunner.runChildren(ParentRunner.java:236) [junit-4.11.jar:na]
	at org.junit.runners.ParentRunner.access$000(ParentRunner.java:53) [junit-4.11.jar:na]
	at org.junit.runners.ParentRunner$2.evaluate(ParentRunner.java:229) [junit-4.11.jar:na]
	at org.springframework.test.context.junit4.statements.RunBeforeTestClassCallbacks.evaluate(RunBeforeTestClassCallbacks.java:60) [spring-test-4.1.1.RELEASE.jar:4.1.1.RELEASE]
	at org.springframework.test.context.junit4.statements.RunAfterTestClassCallbacks.evaluate(RunAfterTestClassCallbacks.java:67) [spring-test-4.1.1.RELEASE.jar:4.1.1.RELEASE]
	at org.junit.runners.ParentRunner.run(ParentRunner.java:309) [junit-4.11.jar:na]
	at org.springframework.test.context.junit4.SpringJUnit4ClassRunner.run(SpringJUnit4ClassRunner.java:162) [spring-test-4.1.1.RELEASE.jar:4.1.1.RELEASE]
	at org.apache.maven.surefire.junit4.JUnit4Provider.execute(JUnit4Provider.java:367) [surefire-junit4-2.19.1.jar:2.19.1]
	at org.apache.maven.surefire.junit4.JUnit4Provider.executeWithRerun(JUnit4Provider.java:274) [surefire-junit4-2.19.1.jar:2.19.1]
	at org.apache.maven.surefire.junit4.JUnit4Provider.executeTestSet(JUnit4Provider.java:238) [surefire-junit4-2.19.1.jar:2.19.1]
	at org.apache.maven.surefire.junit4.JUnit4Provider.invoke(JUnit4Provider.java:161) [surefire-junit4-2.19.1.jar:2.19.1]
	at org.apache.maven.surefire.booter.ForkedBooter.invokeProviderInSameClassLoader(ForkedBooter.java:290) [surefire-booter-2.19.1.jar:2.19.1]
	at org.apache.maven.surefire.booter.ForkedBooter.runSuitesInProcess(ForkedBooter.java:242) [surefire-booter-2.19.1.jar:2.19.1]
	at org.apache.maven.surefire.booter.ForkedBooter.main(ForkedBooter.java:121) [surefire-booter-2.19.1.jar:2.19.1]
22:42:09:180 | WARN  | main | o.s.t.c.TestContextManager | Caught exception while allowing TestExecutionListener [org.springframework.test.context.transaction.TransactionalTestExecutionListener@44b3d336] to process 'before' execution of test method [public void com.nurkiewicz.jdbcrepository.JdbcRepositoryManualKeyTest.shouldNotDeleteEntityWithDifferentId() throws java.lang.Exception] for test instance [com.nurkiewicz.jdbcrepository.mysql.JdbcRepositoryManualKeyMysqlTest@2bf1d748]
java.net.ConnectException: Connection refused (Connection refused)
	at java.net.PlainSocketImpl.socketConnect(Native Method) ~[na:1.8.0_262]
	at java.net.AbstractPlainSocketImpl.doConnect(AbstractPlainSocketImpl.java:350) ~[na:1.8.0_262]
	at java.net.AbstractPlainSocketImpl.connectToAddress(AbstractPlainSocketImpl.java:206) ~[na:1.8.0_262]
	at java.net.AbstractPlainSocketImpl.connect(AbstractPlainSocketImpl.java:188) ~[na:1.8.0_262]
	at java.net.SocksSocketImpl.connect(SocksSocketImpl.java:392) ~[na:1.8.0_262]
	at java.net.Socket.connect(Socket.java:607) ~[na:1.8.0_262]
	at java.net.Socket.connect(Socket.java:556) ~[na:1.8.0_262]
	at com.nurkiewicz.jdbcrepository.AbstractIntegrationTest.ignoreIfDatabaseNotAvailable(AbstractIntegrationTest.java:36) ~[test-classes/:na]
	... 28 common frames omitted
Wrapped by: org.junit.internal.AssumptionViolatedException: got: <java.net.ConnectException: Connection refused (Connection refused)>, expected: null
	at org.junit.Assume.assumeThat(Assume.java:95) ~[junit-4.11.jar:na]
	at org.junit.Assume.assumeNoException(Assume.java:142) ~[junit-4.11.jar:na]
	at com.nurkiewicz.jdbcrepository.AbstractIntegrationTest.ignoreIfDatabaseNotAvailable(AbstractIntegrationTest.java:39) ~[test-classes/:na]
	at sun.reflect.GeneratedMethodAccessor21.invoke(Unknown Source) ~[na:na]
	at sun.reflect.DelegatingMethodAccessorImpl.invoke(DelegatingMethodAccessorImpl.java:43) ~[na:1.8.0_262]
	at java.lang.reflect.Method.invoke(Method.java:498) ~[na:1.8.0_262]
	at org.springframework.test.context.transaction.TransactionalTestExecutionListener.runBeforeTransactionMethods(TransactionalTestExecutionListener.java:248) ~[spring-test-4.1.1.RELEASE.jar:4.1.1.RELEASE]
	at org.springframework.test.context.transaction.TransactionalTestExecutionListener.beforeTestMethod(TransactionalTestExecutionListener.java:198) ~[spring-test-4.1.1.RELEASE.jar:4.1.1.RELEASE]
	at org.springframework.test.context.TestContextManager.beforeTestMethod(TestContextManager.java:249) ~[spring-test-4.1.1.RELEASE.jar:4.1.1.RELEASE]
	at org.springframework.test.context.junit4.statements.RunBeforeTestMethodCallbacks.evaluate(RunBeforeTestMethodCallbacks.java:71) [spring-test-4.1.1.RELEASE.jar:4.1.1.RELEASE]
	at org.springframework.test.context.junit4.statements.RunAfterTestMethodCallbacks.evaluate(RunAfterTestMethodCallbacks.java:81) [spring-test-4.1.1.RELEASE.jar:4.1.1.RELEASE]
	at org.springframework.test.context.junit4.statements.SpringRepeat.evaluate(SpringRepeat.java:72) [spring-test-4.1.1.RELEASE.jar:4.1.1.RELEASE]
	at org.junit.runners.ParentRunner.runLeaf(ParentRunner.java:271) [junit-4.11.jar:na]
	at org.springframework.test.context.junit4.SpringJUnit4ClassRunner.runChild(SpringJUnit4ClassRunner.java:216) [spring-test-4.1.1.RELEASE.jar:4.1.1.RELEASE]
	at org.springframework.test.context.junit4.SpringJUnit4ClassRunner.runChild(SpringJUnit4ClassRunner.java:82) [spring-test-4.1.1.RELEASE.jar:4.1.1.RELEASE]
	at org.junit.runners.ParentRunner$3.run(ParentRunner.java:238) [junit-4.11.jar:na]
	at org.junit.runners.ParentRunner$1.schedule(ParentRunner.java:63) [junit-4.11.jar:na]
	at org.junit.runners.ParentRunner.runChildren(ParentRunner.java:236) [junit-4.11.jar:na]
	at org.junit.runners.ParentRunner.access$000(ParentRunner.java:53) [junit-4.11.jar:na]
	at org.junit.runners.ParentRunner$2.evaluate(ParentRunner.java:229) [junit-4.11.jar:na]
	at org.springframework.test.context.junit4.statements.RunBeforeTestClassCallbacks.evaluate(RunBeforeTestClassCallbacks.java:60) [spring-test-4.1.1.RELEASE.jar:4.1.1.RELEASE]
	at org.springframework.test.context.junit4.statements.RunAfterTestClassCallbacks.evaluate(RunAfterTestClassCallbacks.java:67) [spring-test-4.1.1.RELEASE.jar:4.1.1.RELEASE]
	at org.junit.runners.ParentRunner.run(ParentRunner.java:309) [junit-4.11.jar:na]
	at org.springframework.test.context.junit4.SpringJUnit4ClassRunner.run(SpringJUnit4ClassRunner.java:162) [spring-test-4.1.1.RELEASE.jar:4.1.1.RELEASE]
	at org.apache.maven.surefire.junit4.JUnit4Provider.execute(JUnit4Provider.java:367) [surefire-junit4-2.19.1.jar:2.19.1]
	at org.apache.maven.surefire.junit4.JUnit4Provider.executeWithRerun(JUnit4Provider.java:274) [surefire-junit4-2.19.1.jar:2.19.1]
	at org.apache.maven.surefire.junit4.JUnit4Provider.executeTestSet(JUnit4Provider.java:238) [surefire-junit4-2.19.1.jar:2.19.1]
	at org.apache.maven.surefire.junit4.JUnit4Provider.invoke(JUnit4Provider.java:161) [surefire-junit4-2.19.1.jar:2.19.1]
	at org.apache.maven.surefire.booter.ForkedBooter.invokeProviderInSameClassLoader(ForkedBooter.java:290) [surefire-booter-2.19.1.jar:2.19.1]
	at org.apache.maven.surefire.booter.ForkedBooter.runSuitesInProcess(ForkedBooter.java:242) [surefire-booter-2.19.1.jar:2.19.1]
	at org.apache.maven.surefire.booter.ForkedBooter.main(ForkedBooter.java:121) [surefire-booter-2.19.1.jar:2.19.1]
]]></system-out>
  </testcase>
  <testcase name="shouldDoNothingWhenDeletingAllButEmptyTable" classname="com.nurkiewicz.jdbcrepository.mysql.JdbcRepositoryManualKeyMysqlTest" time="0">
    <skipped/>
    <system-out><![CDATA[22:42:09:182 | ERROR | main | o.s.t.c.t.TransactionalTestExecutionListener | Exception encountered while executing @BeforeTransaction methods for test context [DefaultTestContext@633c9699 testClass = JdbcRepositoryManualKeyMysqlTest, testInstance = com.nurkiewicz.jdbcrepository.mysql.JdbcRepositoryManualKeyMysqlTest@41b7ebec, testMethod = shouldDoNothingWhenDeletingAllButEmptyTable@JdbcRepositoryManualKeyTest, testException = [null], mergedContextConfiguration = [MergedContextConfiguration@31373fc1 testClass = JdbcRepositoryManualKeyMysqlTest, locations = '{}', classes = '{class com.nurkiewicz.jdbcrepository.mysql.JdbcRepositoryTestMysqlConfig}', contextInitializerClasses = '[]', activeProfiles = '{}', propertySourceLocations = '{}', propertySourceProperties = '{}', contextLoader = 'org.springframework.test.context.support.AnnotationConfigContextLoader', parent = [null]]].
java.net.ConnectException: Connection refused (Connection refused)
	at java.net.PlainSocketImpl.socketConnect(Native Method) ~[na:1.8.0_262]
	at java.net.AbstractPlainSocketImpl.doConnect(AbstractPlainSocketImpl.java:350) ~[na:1.8.0_262]
	at java.net.AbstractPlainSocketImpl.connectToAddress(AbstractPlainSocketImpl.java:206) ~[na:1.8.0_262]
	at java.net.AbstractPlainSocketImpl.connect(AbstractPlainSocketImpl.java:188) ~[na:1.8.0_262]
	at java.net.SocksSocketImpl.connect(SocksSocketImpl.java:392) ~[na:1.8.0_262]
	at java.net.Socket.connect(Socket.java:607) ~[na:1.8.0_262]
	at java.net.Socket.connect(Socket.java:556) ~[na:1.8.0_262]
	at com.nurkiewicz.jdbcrepository.AbstractIntegrationTest.ignoreIfDatabaseNotAvailable(AbstractIntegrationTest.java:36) ~[test-classes/:na]
	... 28 common frames omitted
Wrapped by: org.junit.internal.AssumptionViolatedException: got: <java.net.ConnectException: Connection refused (Connection refused)>, expected: null
	at org.junit.Assume.assumeThat(Assume.java:95) ~[junit-4.11.jar:na]
	at org.junit.Assume.assumeNoException(Assume.java:142) ~[junit-4.11.jar:na]
	at com.nurkiewicz.jdbcrepository.AbstractIntegrationTest.ignoreIfDatabaseNotAvailable(AbstractIntegrationTest.java:39) ~[test-classes/:na]
	at sun.reflect.GeneratedMethodAccessor21.invoke(Unknown Source) ~[na:na]
	at sun.reflect.DelegatingMethodAccessorImpl.invoke(DelegatingMethodAccessorImpl.java:43) ~[na:1.8.0_262]
	at java.lang.reflect.Method.invoke(Method.java:498) ~[na:1.8.0_262]
	at org.springframework.test.context.transaction.TransactionalTestExecutionListener.runBeforeTransactionMethods(TransactionalTestExecutionListener.java:248) [spring-test-4.1.1.RELEASE.jar:4.1.1.RELEASE]
	at org.springframework.test.context.transaction.TransactionalTestExecutionListener.beforeTestMethod(TransactionalTestExecutionListener.java:198) [spring-test-4.1.1.RELEASE.jar:4.1.1.RELEASE]
	at org.springframework.test.context.TestContextManager.beforeTestMethod(TestContextManager.java:249) [spring-test-4.1.1.RELEASE.jar:4.1.1.RELEASE]
	at org.springframework.test.context.junit4.statements.RunBeforeTestMethodCallbacks.evaluate(RunBeforeTestMethodCallbacks.java:71) [spring-test-4.1.1.RELEASE.jar:4.1.1.RELEASE]
	at org.springframework.test.context.junit4.statements.RunAfterTestMethodCallbacks.evaluate(RunAfterTestMethodCallbacks.java:81) [spring-test-4.1.1.RELEASE.jar:4.1.1.RELEASE]
	at org.springframework.test.context.junit4.statements.SpringRepeat.evaluate(SpringRepeat.java:72) [spring-test-4.1.1.RELEASE.jar:4.1.1.RELEASE]
	at org.junit.runners.ParentRunner.runLeaf(ParentRunner.java:271) [junit-4.11.jar:na]
	at org.springframework.test.context.junit4.SpringJUnit4ClassRunner.runChild(SpringJUnit4ClassRunner.java:216) [spring-test-4.1.1.RELEASE.jar:4.1.1.RELEASE]
	at org.springframework.test.context.junit4.SpringJUnit4ClassRunner.runChild(SpringJUnit4ClassRunner.java:82) [spring-test-4.1.1.RELEASE.jar:4.1.1.RELEASE]
	at org.junit.runners.ParentRunner$3.run(ParentRunner.java:238) [junit-4.11.jar:na]
	at org.junit.runners.ParentRunner$1.schedule(ParentRunner.java:63) [junit-4.11.jar:na]
	at org.junit.runners.ParentRunner.runChildren(ParentRunner.java:236) [junit-4.11.jar:na]
	at org.junit.runners.ParentRunner.access$000(ParentRunner.java:53) [junit-4.11.jar:na]
	at org.junit.runners.ParentRunner$2.evaluate(ParentRunner.java:229) [junit-4.11.jar:na]
	at org.springframework.test.context.junit4.statements.RunBeforeTestClassCallbacks.evaluate(RunBeforeTestClassCallbacks.java:60) [spring-test-4.1.1.RELEASE.jar:4.1.1.RELEASE]
	at org.springframework.test.context.junit4.statements.RunAfterTestClassCallbacks.evaluate(RunAfterTestClassCallbacks.java:67) [spring-test-4.1.1.RELEASE.jar:4.1.1.RELEASE]
	at org.junit.runners.ParentRunner.run(ParentRunner.java:309) [junit-4.11.jar:na]
	at org.springframework.test.context.junit4.SpringJUnit4ClassRunner.run(SpringJUnit4ClassRunner.java:162) [spring-test-4.1.1.RELEASE.jar:4.1.1.RELEASE]
	at org.apache.maven.surefire.junit4.JUnit4Provider.execute(JUnit4Provider.java:367) [surefire-junit4-2.19.1.jar:2.19.1]
	at org.apache.maven.surefire.junit4.JUnit4Provider.executeWithRerun(JUnit4Provider.java:274) [surefire-junit4-2.19.1.jar:2.19.1]
	at org.apache.maven.surefire.junit4.JUnit4Provider.executeTestSet(JUnit4Provider.java:238) [surefire-junit4-2.19.1.jar:2.19.1]
	at org.apache.maven.surefire.junit4.JUnit4Provider.invoke(JUnit4Provider.java:161) [surefire-junit4-2.19.1.jar:2.19.1]
	at org.apache.maven.surefire.booter.ForkedBooter.invokeProviderInSameClassLoader(ForkedBooter.java:290) [surefire-booter-2.19.1.jar:2.19.1]
	at org.apache.maven.surefire.booter.ForkedBooter.runSuitesInProcess(ForkedBooter.java:242) [surefire-booter-2.19.1.jar:2.19.1]
	at org.apache.maven.surefire.booter.ForkedBooter.main(ForkedBooter.java:121) [surefire-booter-2.19.1.jar:2.19.1]
22:42:09:183 | WARN  | main | o.s.t.c.TestContextManager | Caught exception while allowing TestExecutionListener [org.springframework.test.context.transaction.TransactionalTestExecutionListener@44b3d336] to process 'before' execution of test method [public void com.nurkiewicz.jdbcrepository.JdbcRepositoryManualKeyTest.shouldDoNothingWhenDeletingAllButEmptyTable() throws java.lang.Exception] for test instance [com.nurkiewicz.jdbcrepository.mysql.JdbcRepositoryManualKeyMysqlTest@41b7ebec]
java.net.ConnectException: Connection refused (Connection refused)
	at java.net.PlainSocketImpl.socketConnect(Native Method) ~[na:1.8.0_262]
	at java.net.AbstractPlainSocketImpl.doConnect(AbstractPlainSocketImpl.java:350) ~[na:1.8.0_262]
	at java.net.AbstractPlainSocketImpl.connectToAddress(AbstractPlainSocketImpl.java:206) ~[na:1.8.0_262]
	at java.net.AbstractPlainSocketImpl.connect(AbstractPlainSocketImpl.java:188) ~[na:1.8.0_262]
	at java.net.SocksSocketImpl.connect(SocksSocketImpl.java:392) ~[na:1.8.0_262]
	at java.net.Socket.connect(Socket.java:607) ~[na:1.8.0_262]
	at java.net.Socket.connect(Socket.java:556) ~[na:1.8.0_262]
	at com.nurkiewicz.jdbcrepository.AbstractIntegrationTest.ignoreIfDatabaseNotAvailable(AbstractIntegrationTest.java:36) ~[test-classes/:na]
	... 28 common frames omitted
Wrapped by: org.junit.internal.AssumptionViolatedException: got: <java.net.ConnectException: Connection refused (Connection refused)>, expected: null
	at org.junit.Assume.assumeThat(Assume.java:95) ~[junit-4.11.jar:na]
	at org.junit.Assume.assumeNoException(Assume.java:142) ~[junit-4.11.jar:na]
	at com.nurkiewicz.jdbcrepository.AbstractIntegrationTest.ignoreIfDatabaseNotAvailable(AbstractIntegrationTest.java:39) ~[test-classes/:na]
	at sun.reflect.GeneratedMethodAccessor21.invoke(Unknown Source) ~[na:na]
	at sun.reflect.DelegatingMethodAccessorImpl.invoke(DelegatingMethodAccessorImpl.java:43) ~[na:1.8.0_262]
	at java.lang.reflect.Method.invoke(Method.java:498) ~[na:1.8.0_262]
	at org.springframework.test.context.transaction.TransactionalTestExecutionListener.runBeforeTransactionMethods(TransactionalTestExecutionListener.java:248) ~[spring-test-4.1.1.RELEASE.jar:4.1.1.RELEASE]
	at org.springframework.test.context.transaction.TransactionalTestExecutionListener.beforeTestMethod(TransactionalTestExecutionListener.java:198) ~[spring-test-4.1.1.RELEASE.jar:4.1.1.RELEASE]
	at org.springframework.test.context.TestContextManager.beforeTestMethod(TestContextManager.java:249) ~[spring-test-4.1.1.RELEASE.jar:4.1.1.RELEASE]
	at org.springframework.test.context.junit4.statements.RunBeforeTestMethodCallbacks.evaluate(RunBeforeTestMethodCallbacks.java:71) [spring-test-4.1.1.RELEASE.jar:4.1.1.RELEASE]
	at org.springframework.test.context.junit4.statements.RunAfterTestMethodCallbacks.evaluate(RunAfterTestMethodCallbacks.java:81) [spring-test-4.1.1.RELEASE.jar:4.1.1.RELEASE]
	at org.springframework.test.context.junit4.statements.SpringRepeat.evaluate(SpringRepeat.java:72) [spring-test-4.1.1.RELEASE.jar:4.1.1.RELEASE]
	at org.junit.runners.ParentRunner.runLeaf(ParentRunner.java:271) [junit-4.11.jar:na]
	at org.springframework.test.context.junit4.SpringJUnit4ClassRunner.runChild(SpringJUnit4ClassRunner.java:216) [spring-test-4.1.1.RELEASE.jar:4.1.1.RELEASE]
	at org.springframework.test.context.junit4.SpringJUnit4ClassRunner.runChild(SpringJUnit4ClassRunner.java:82) [spring-test-4.1.1.RELEASE.jar:4.1.1.RELEASE]
	at org.junit.runners.ParentRunner$3.run(ParentRunner.java:238) [junit-4.11.jar:na]
	at org.junit.runners.ParentRunner$1.schedule(ParentRunner.java:63) [junit-4.11.jar:na]
	at org.junit.runners.ParentRunner.runChildren(ParentRunner.java:236) [junit-4.11.jar:na]
	at org.junit.runners.ParentRunner.access$000(ParentRunner.java:53) [junit-4.11.jar:na]
	at org.junit.runners.ParentRunner$2.evaluate(ParentRunner.java:229) [junit-4.11.jar:na]
	at org.springframework.test.context.junit4.statements.RunBeforeTestClassCallbacks.evaluate(RunBeforeTestClassCallbacks.java:60) [spring-test-4.1.1.RELEASE.jar:4.1.1.RELEASE]
	at org.springframework.test.context.junit4.statements.RunAfterTestClassCallbacks.evaluate(RunAfterTestClassCallbacks.java:67) [spring-test-4.1.1.RELEASE.jar:4.1.1.RELEASE]
	at org.junit.runners.ParentRunner.run(ParentRunner.java:309) [junit-4.11.jar:na]
	at org.springframework.test.context.junit4.SpringJUnit4ClassRunner.run(SpringJUnit4ClassRunner.java:162) [spring-test-4.1.1.RELEASE.jar:4.1.1.RELEASE]
	at org.apache.maven.surefire.junit4.JUnit4Provider.execute(JUnit4Provider.java:367) [surefire-junit4-2.19.1.jar:2.19.1]
	at org.apache.maven.surefire.junit4.JUnit4Provider.executeWithRerun(JUnit4Provider.java:274) [surefire-junit4-2.19.1.jar:2.19.1]
	at org.apache.maven.surefire.junit4.JUnit4Provider.executeTestSet(JUnit4Provider.java:238) [surefire-junit4-2.19.1.jar:2.19.1]
	at org.apache.maven.surefire.junit4.JUnit4Provider.invoke(JUnit4Provider.java:161) [surefire-junit4-2.19.1.jar:2.19.1]
	at org.apache.maven.surefire.booter.ForkedBooter.invokeProviderInSameClassLoader(ForkedBooter.java:290) [surefire-booter-2.19.1.jar:2.19.1]
	at org.apache.maven.surefire.booter.ForkedBooter.runSuitesInProcess(ForkedBooter.java:242) [surefire-booter-2.19.1.jar:2.19.1]
	at org.apache.maven.surefire.booter.ForkedBooter.main(ForkedBooter.java:121) [surefire-booter-2.19.1.jar:2.19.1]
]]></system-out>
  </testcase>
  <testcase name="shouldSelectMultipleRecordsById" classname="com.nurkiewicz.jdbcrepository.mysql.JdbcRepositoryManualKeyMysqlTest" time="0">
    <skipped/>
    <system-out><![CDATA[22:42:09:187 | ERROR | main | o.s.t.c.t.TransactionalTestExecutionListener | Exception encountered while executing @BeforeTransaction methods for test context [DefaultTestContext@633c9699 testClass = JdbcRepositoryManualKeyMysqlTest, testInstance = com.nurkiewicz.jdbcrepository.mysql.JdbcRepositoryManualKeyMysqlTest@7b6cb223, testMethod = shouldSelectMultipleRecordsById@JdbcRepositoryManualKeyTest, testException = [null], mergedContextConfiguration = [MergedContextConfiguration@31373fc1 testClass = JdbcRepositoryManualKeyMysqlTest, locations = '{}', classes = '{class com.nurkiewicz.jdbcrepository.mysql.JdbcRepositoryTestMysqlConfig}', contextInitializerClasses = '[]', activeProfiles = '{}', propertySourceLocations = '{}', propertySourceProperties = '{}', contextLoader = 'org.springframework.test.context.support.AnnotationConfigContextLoader', parent = [null]]].
java.net.ConnectException: Connection refused (Connection refused)
	at java.net.PlainSocketImpl.socketConnect(Native Method) ~[na:1.8.0_262]
	at java.net.AbstractPlainSocketImpl.doConnect(AbstractPlainSocketImpl.java:350) ~[na:1.8.0_262]
	at java.net.AbstractPlainSocketImpl.connectToAddress(AbstractPlainSocketImpl.java:206) ~[na:1.8.0_262]
	at java.net.AbstractPlainSocketImpl.connect(AbstractPlainSocketImpl.java:188) ~[na:1.8.0_262]
	at java.net.SocksSocketImpl.connect(SocksSocketImpl.java:392) ~[na:1.8.0_262]
	at java.net.Socket.connect(Socket.java:607) ~[na:1.8.0_262]
	at java.net.Socket.connect(Socket.java:556) ~[na:1.8.0_262]
	at com.nurkiewicz.jdbcrepository.AbstractIntegrationTest.ignoreIfDatabaseNotAvailable(AbstractIntegrationTest.java:36) ~[test-classes/:na]
	... 28 common frames omitted
Wrapped by: org.junit.internal.AssumptionViolatedException: got: <java.net.ConnectException: Connection refused (Connection refused)>, expected: null
	at org.junit.Assume.assumeThat(Assume.java:95) ~[junit-4.11.jar:na]
	at org.junit.Assume.assumeNoException(Assume.java:142) ~[junit-4.11.jar:na]
	at com.nurkiewicz.jdbcrepository.AbstractIntegrationTest.ignoreIfDatabaseNotAvailable(AbstractIntegrationTest.java:39) ~[test-classes/:na]
	at sun.reflect.GeneratedMethodAccessor21.invoke(Unknown Source) ~[na:na]
	at sun.reflect.DelegatingMethodAccessorImpl.invoke(DelegatingMethodAccessorImpl.java:43) ~[na:1.8.0_262]
	at java.lang.reflect.Method.invoke(Method.java:498) ~[na:1.8.0_262]
	at org.springframework.test.context.transaction.TransactionalTestExecutionListener.runBeforeTransactionMethods(TransactionalTestExecutionListener.java:248) [spring-test-4.1.1.RELEASE.jar:4.1.1.RELEASE]
	at org.springframework.test.context.transaction.TransactionalTestExecutionListener.beforeTestMethod(TransactionalTestExecutionListener.java:198) [spring-test-4.1.1.RELEASE.jar:4.1.1.RELEASE]
	at org.springframework.test.context.TestContextManager.beforeTestMethod(TestContextManager.java:249) [spring-test-4.1.1.RELEASE.jar:4.1.1.RELEASE]
	at org.springframework.test.context.junit4.statements.RunBeforeTestMethodCallbacks.evaluate(RunBeforeTestMethodCallbacks.java:71) [spring-test-4.1.1.RELEASE.jar:4.1.1.RELEASE]
	at org.springframework.test.context.junit4.statements.RunAfterTestMethodCallbacks.evaluate(RunAfterTestMethodCallbacks.java:81) [spring-test-4.1.1.RELEASE.jar:4.1.1.RELEASE]
	at org.springframework.test.context.junit4.statements.SpringRepeat.evaluate(SpringRepeat.java:72) [spring-test-4.1.1.RELEASE.jar:4.1.1.RELEASE]
	at org.junit.runners.ParentRunner.runLeaf(ParentRunner.java:271) [junit-4.11.jar:na]
	at org.springframework.test.context.junit4.SpringJUnit4ClassRunner.runChild(SpringJUnit4ClassRunner.java:216) [spring-test-4.1.1.RELEASE.jar:4.1.1.RELEASE]
	at org.springframework.test.context.junit4.SpringJUnit4ClassRunner.runChild(SpringJUnit4ClassRunner.java:82) [spring-test-4.1.1.RELEASE.jar:4.1.1.RELEASE]
	at org.junit.runners.ParentRunner$3.run(ParentRunner.java:238) [junit-4.11.jar:na]
	at org.junit.runners.ParentRunner$1.schedule(ParentRunner.java:63) [junit-4.11.jar:na]
	at org.junit.runners.ParentRunner.runChildren(ParentRunner.java:236) [junit-4.11.jar:na]
	at org.junit.runners.ParentRunner.access$000(ParentRunner.java:53) [junit-4.11.jar:na]
	at org.junit.runners.ParentRunner$2.evaluate(ParentRunner.java:229) [junit-4.11.jar:na]
	at org.springframework.test.context.junit4.statements.RunBeforeTestClassCallbacks.evaluate(RunBeforeTestClassCallbacks.java:60) [spring-test-4.1.1.RELEASE.jar:4.1.1.RELEASE]
	at org.springframework.test.context.junit4.statements.RunAfterTestClassCallbacks.evaluate(RunAfterTestClassCallbacks.java:67) [spring-test-4.1.1.RELEASE.jar:4.1.1.RELEASE]
	at org.junit.runners.ParentRunner.run(ParentRunner.java:309) [junit-4.11.jar:na]
	at org.springframework.test.context.junit4.SpringJUnit4ClassRunner.run(SpringJUnit4ClassRunner.java:162) [spring-test-4.1.1.RELEASE.jar:4.1.1.RELEASE]
	at org.apache.maven.surefire.junit4.JUnit4Provider.execute(JUnit4Provider.java:367) [surefire-junit4-2.19.1.jar:2.19.1]
	at org.apache.maven.surefire.junit4.JUnit4Provider.executeWithRerun(JUnit4Provider.java:274) [surefire-junit4-2.19.1.jar:2.19.1]
	at org.apache.maven.surefire.junit4.JUnit4Provider.executeTestSet(JUnit4Provider.java:238) [surefire-junit4-2.19.1.jar:2.19.1]
	at org.apache.maven.surefire.junit4.JUnit4Provider.invoke(JUnit4Provider.java:161) [surefire-junit4-2.19.1.jar:2.19.1]
	at org.apache.maven.surefire.booter.ForkedBooter.invokeProviderInSameClassLoader(ForkedBooter.java:290) [surefire-booter-2.19.1.jar:2.19.1]
	at org.apache.maven.surefire.booter.ForkedBooter.runSuitesInProcess(ForkedBooter.java:242) [surefire-booter-2.19.1.jar:2.19.1]
	at org.apache.maven.surefire.booter.ForkedBooter.main(ForkedBooter.java:121) [surefire-booter-2.19.1.jar:2.19.1]
22:42:09:188 | WARN  | main | o.s.t.c.TestContextManager | Caught exception while allowing TestExecutionListener [org.springframework.test.context.transaction.TransactionalTestExecutionListener@44b3d336] to process 'before' execution of test method [public void com.nurkiewicz.jdbcrepository.JdbcRepositoryManualKeyTest.shouldSelectMultipleRecordsById() throws java.lang.Exception] for test instance [com.nurkiewicz.jdbcrepository.mysql.JdbcRepositoryManualKeyMysqlTest@7b6cb223]
java.net.ConnectException: Connection refused (Connection refused)
	at java.net.PlainSocketImpl.socketConnect(Native Method) ~[na:1.8.0_262]
	at java.net.AbstractPlainSocketImpl.doConnect(AbstractPlainSocketImpl.java:350) ~[na:1.8.0_262]
	at java.net.AbstractPlainSocketImpl.connectToAddress(AbstractPlainSocketImpl.java:206) ~[na:1.8.0_262]
	at java.net.AbstractPlainSocketImpl.connect(AbstractPlainSocketImpl.java:188) ~[na:1.8.0_262]
	at java.net.SocksSocketImpl.connect(SocksSocketImpl.java:392) ~[na:1.8.0_262]
	at java.net.Socket.connect(Socket.java:607) ~[na:1.8.0_262]
	at java.net.Socket.connect(Socket.java:556) ~[na:1.8.0_262]
	at com.nurkiewicz.jdbcrepository.AbstractIntegrationTest.ignoreIfDatabaseNotAvailable(AbstractIntegrationTest.java:36) ~[test-classes/:na]
	... 28 common frames omitted
Wrapped by: org.junit.internal.AssumptionViolatedException: got: <java.net.ConnectException: Connection refused (Connection refused)>, expected: null
	at org.junit.Assume.assumeThat(Assume.java:95) ~[junit-4.11.jar:na]
	at org.junit.Assume.assumeNoException(Assume.java:142) ~[junit-4.11.jar:na]
	at com.nurkiewicz.jdbcrepository.AbstractIntegrationTest.ignoreIfDatabaseNotAvailable(AbstractIntegrationTest.java:39) ~[test-classes/:na]
	at sun.reflect.GeneratedMethodAccessor21.invoke(Unknown Source) ~[na:na]
	at sun.reflect.DelegatingMethodAccessorImpl.invoke(DelegatingMethodAccessorImpl.java:43) ~[na:1.8.0_262]
	at java.lang.reflect.Method.invoke(Method.java:498) ~[na:1.8.0_262]
	at org.springframework.test.context.transaction.TransactionalTestExecutionListener.runBeforeTransactionMethods(TransactionalTestExecutionListener.java:248) ~[spring-test-4.1.1.RELEASE.jar:4.1.1.RELEASE]
	at org.springframework.test.context.transaction.TransactionalTestExecutionListener.beforeTestMethod(TransactionalTestExecutionListener.java:198) ~[spring-test-4.1.1.RELEASE.jar:4.1.1.RELEASE]
	at org.springframework.test.context.TestContextManager.beforeTestMethod(TestContextManager.java:249) ~[spring-test-4.1.1.RELEASE.jar:4.1.1.RELEASE]
	at org.springframework.test.context.junit4.statements.RunBeforeTestMethodCallbacks.evaluate(RunBeforeTestMethodCallbacks.java:71) [spring-test-4.1.1.RELEASE.jar:4.1.1.RELEASE]
	at org.springframework.test.context.junit4.statements.RunAfterTestMethodCallbacks.evaluate(RunAfterTestMethodCallbacks.java:81) [spring-test-4.1.1.RELEASE.jar:4.1.1.RELEASE]
	at org.springframework.test.context.junit4.statements.SpringRepeat.evaluate(SpringRepeat.java:72) [spring-test-4.1.1.RELEASE.jar:4.1.1.RELEASE]
	at org.junit.runners.ParentRunner.runLeaf(ParentRunner.java:271) [junit-4.11.jar:na]
	at org.springframework.test.context.junit4.SpringJUnit4ClassRunner.runChild(SpringJUnit4ClassRunner.java:216) [spring-test-4.1.1.RELEASE.jar:4.1.1.RELEASE]
	at org.springframework.test.context.junit4.SpringJUnit4ClassRunner.runChild(SpringJUnit4ClassRunner.java:82) [spring-test-4.1.1.RELEASE.jar:4.1.1.RELEASE]
	at org.junit.runners.ParentRunner$3.run(ParentRunner.java:238) [junit-4.11.jar:na]
	at org.junit.runners.ParentRunner$1.schedule(ParentRunner.java:63) [junit-4.11.jar:na]
	at org.junit.runners.ParentRunner.runChildren(ParentRunner.java:236) [junit-4.11.jar:na]
	at org.junit.runners.ParentRunner.access$000(ParentRunner.java:53) [junit-4.11.jar:na]
	at org.junit.runners.ParentRunner$2.evaluate(ParentRunner.java:229) [junit-4.11.jar:na]
	at org.springframework.test.context.junit4.statements.RunBeforeTestClassCallbacks.evaluate(RunBeforeTestClassCallbacks.java:60) [spring-test-4.1.1.RELEASE.jar:4.1.1.RELEASE]
	at org.springframework.test.context.junit4.statements.RunAfterTestClassCallbacks.evaluate(RunAfterTestClassCallbacks.java:67) [spring-test-4.1.1.RELEASE.jar:4.1.1.RELEASE]
	at org.junit.runners.ParentRunner.run(ParentRunner.java:309) [junit-4.11.jar:na]
	at org.springframework.test.context.junit4.SpringJUnit4ClassRunner.run(SpringJUnit4ClassRunner.java:162) [spring-test-4.1.1.RELEASE.jar:4.1.1.RELEASE]
	at org.apache.maven.surefire.junit4.JUnit4Provider.execute(JUnit4Provider.java:367) [surefire-junit4-2.19.1.jar:2.19.1]
	at org.apache.maven.surefire.junit4.JUnit4Provider.executeWithRerun(JUnit4Provider.java:274) [surefire-junit4-2.19.1.jar:2.19.1]
	at org.apache.maven.surefire.junit4.JUnit4Provider.executeTestSet(JUnit4Provider.java:238) [surefire-junit4-2.19.1.jar:2.19.1]
	at org.apache.maven.surefire.junit4.JUnit4Provider.invoke(JUnit4Provider.java:161) [surefire-junit4-2.19.1.jar:2.19.1]
	at org.apache.maven.surefire.booter.ForkedBooter.invokeProviderInSameClassLoader(ForkedBooter.java:290) [surefire-booter-2.19.1.jar:2.19.1]
	at org.apache.maven.surefire.booter.ForkedBooter.runSuitesInProcess(ForkedBooter.java:242) [surefire-booter-2.19.1.jar:2.19.1]
	at org.apache.maven.surefire.booter.ForkedBooter.main(ForkedBooter.java:121) [surefire-booter-2.19.1.jar:2.19.1]
]]></system-out>
  </testcase>
  <testcase name="shouldReturnZeroForCountWhenEmptyTable" classname="com.nurkiewicz.jdbcrepository.mysql.JdbcRepositoryManualKeyMysqlTest" time="0">
    <skipped/>
    <system-out><![CDATA[22:42:09:190 | ERROR | main | o.s.t.c.t.TransactionalTestExecutionListener | Exception encountered while executing @BeforeTransaction methods for test context [DefaultTestContext@633c9699 testClass = JdbcRepositoryManualKeyMysqlTest, testInstance = com.nurkiewicz.jdbcrepository.mysql.JdbcRepositoryManualKeyMysqlTest@2572d409, testMethod = shouldReturnZeroForCountWhenEmptyTable@JdbcRepositoryManualKeyTest, testException = [null], mergedContextConfiguration = [MergedContextConfiguration@31373fc1 testClass = JdbcRepositoryManualKeyMysqlTest, locations = '{}', classes = '{class com.nurkiewicz.jdbcrepository.mysql.JdbcRepositoryTestMysqlConfig}', contextInitializerClasses = '[]', activeProfiles = '{}', propertySourceLocations = '{}', propertySourceProperties = '{}', contextLoader = 'org.springframework.test.context.support.AnnotationConfigContextLoader', parent = [null]]].
java.net.ConnectException: Connection refused (Connection refused)
	at java.net.PlainSocketImpl.socketConnect(Native Method) ~[na:1.8.0_262]
	at java.net.AbstractPlainSocketImpl.doConnect(AbstractPlainSocketImpl.java:350) ~[na:1.8.0_262]
	at java.net.AbstractPlainSocketImpl.connectToAddress(AbstractPlainSocketImpl.java:206) ~[na:1.8.0_262]
	at java.net.AbstractPlainSocketImpl.connect(AbstractPlainSocketImpl.java:188) ~[na:1.8.0_262]
	at java.net.SocksSocketImpl.connect(SocksSocketImpl.java:392) ~[na:1.8.0_262]
	at java.net.Socket.connect(Socket.java:607) ~[na:1.8.0_262]
	at java.net.Socket.connect(Socket.java:556) ~[na:1.8.0_262]
	at com.nurkiewicz.jdbcrepository.AbstractIntegrationTest.ignoreIfDatabaseNotAvailable(AbstractIntegrationTest.java:36) ~[test-classes/:na]
	... 28 common frames omitted
Wrapped by: org.junit.internal.AssumptionViolatedException: got: <java.net.ConnectException: Connection refused (Connection refused)>, expected: null
	at org.junit.Assume.assumeThat(Assume.java:95) ~[junit-4.11.jar:na]
	at org.junit.Assume.assumeNoException(Assume.java:142) ~[junit-4.11.jar:na]
	at com.nurkiewicz.jdbcrepository.AbstractIntegrationTest.ignoreIfDatabaseNotAvailable(AbstractIntegrationTest.java:39) ~[test-classes/:na]
	at sun.reflect.GeneratedMethodAccessor21.invoke(Unknown Source) ~[na:na]
	at sun.reflect.DelegatingMethodAccessorImpl.invoke(DelegatingMethodAccessorImpl.java:43) ~[na:1.8.0_262]
	at java.lang.reflect.Method.invoke(Method.java:498) ~[na:1.8.0_262]
	at org.springframework.test.context.transaction.TransactionalTestExecutionListener.runBeforeTransactionMethods(TransactionalTestExecutionListener.java:248) [spring-test-4.1.1.RELEASE.jar:4.1.1.RELEASE]
	at org.springframework.test.context.transaction.TransactionalTestExecutionListener.beforeTestMethod(TransactionalTestExecutionListener.java:198) [spring-test-4.1.1.RELEASE.jar:4.1.1.RELEASE]
	at org.springframework.test.context.TestContextManager.beforeTestMethod(TestContextManager.java:249) [spring-test-4.1.1.RELEASE.jar:4.1.1.RELEASE]
	at org.springframework.test.context.junit4.statements.RunBeforeTestMethodCallbacks.evaluate(RunBeforeTestMethodCallbacks.java:71) [spring-test-4.1.1.RELEASE.jar:4.1.1.RELEASE]
	at org.springframework.test.context.junit4.statements.RunAfterTestMethodCallbacks.evaluate(RunAfterTestMethodCallbacks.java:81) [spring-test-4.1.1.RELEASE.jar:4.1.1.RELEASE]
	at org.springframework.test.context.junit4.statements.SpringRepeat.evaluate(SpringRepeat.java:72) [spring-test-4.1.1.RELEASE.jar:4.1.1.RELEASE]
	at org.junit.runners.ParentRunner.runLeaf(ParentRunner.java:271) [junit-4.11.jar:na]
	at org.springframework.test.context.junit4.SpringJUnit4ClassRunner.runChild(SpringJUnit4ClassRunner.java:216) [spring-test-4.1.1.RELEASE.jar:4.1.1.RELEASE]
	at org.springframework.test.context.junit4.SpringJUnit4ClassRunner.runChild(SpringJUnit4ClassRunner.java:82) [spring-test-4.1.1.RELEASE.jar:4.1.1.RELEASE]
	at org.junit.runners.ParentRunner$3.run(ParentRunner.java:238) [junit-4.11.jar:na]
	at org.junit.runners.ParentRunner$1.schedule(ParentRunner.java:63) [junit-4.11.jar:na]
	at org.junit.runners.ParentRunner.runChildren(ParentRunner.java:236) [junit-4.11.jar:na]
	at org.junit.runners.ParentRunner.access$000(ParentRunner.java:53) [junit-4.11.jar:na]
	at org.junit.runners.ParentRunner$2.evaluate(ParentRunner.java:229) [junit-4.11.jar:na]
	at org.springframework.test.context.junit4.statements.RunBeforeTestClassCallbacks.evaluate(RunBeforeTestClassCallbacks.java:60) [spring-test-4.1.1.RELEASE.jar:4.1.1.RELEASE]
	at org.springframework.test.context.junit4.statements.RunAfterTestClassCallbacks.evaluate(RunAfterTestClassCallbacks.java:67) [spring-test-4.1.1.RELEASE.jar:4.1.1.RELEASE]
	at org.junit.runners.ParentRunner.run(ParentRunner.java:309) [junit-4.11.jar:na]
	at org.springframework.test.context.junit4.SpringJUnit4ClassRunner.run(SpringJUnit4ClassRunner.java:162) [spring-test-4.1.1.RELEASE.jar:4.1.1.RELEASE]
	at org.apache.maven.surefire.junit4.JUnit4Provider.execute(JUnit4Provider.java:367) [surefire-junit4-2.19.1.jar:2.19.1]
	at org.apache.maven.surefire.junit4.JUnit4Provider.executeWithRerun(JUnit4Provider.java:274) [surefire-junit4-2.19.1.jar:2.19.1]
	at org.apache.maven.surefire.junit4.JUnit4Provider.executeTestSet(JUnit4Provider.java:238) [surefire-junit4-2.19.1.jar:2.19.1]
	at org.apache.maven.surefire.junit4.JUnit4Provider.invoke(JUnit4Provider.java:161) [surefire-junit4-2.19.1.jar:2.19.1]
	at org.apache.maven.surefire.booter.ForkedBooter.invokeProviderInSameClassLoader(ForkedBooter.java:290) [surefire-booter-2.19.1.jar:2.19.1]
	at org.apache.maven.surefire.booter.ForkedBooter.runSuitesInProcess(ForkedBooter.java:242) [surefire-booter-2.19.1.jar:2.19.1]
	at org.apache.maven.surefire.booter.ForkedBooter.main(ForkedBooter.java:121) [surefire-booter-2.19.1.jar:2.19.1]
22:42:09:191 | WARN  | main | o.s.t.c.TestContextManager | Caught exception while allowing TestExecutionListener [org.springframework.test.context.transaction.TransactionalTestExecutionListener@44b3d336] to process 'before' execution of test method [public void com.nurkiewicz.jdbcrepository.JdbcRepositoryManualKeyTest.shouldReturnZeroForCountWhenEmptyTable() throws java.lang.Exception] for test instance [com.nurkiewicz.jdbcrepository.mysql.JdbcRepositoryManualKeyMysqlTest@2572d409]
java.net.ConnectException: Connection refused (Connection refused)
	at java.net.PlainSocketImpl.socketConnect(Native Method) ~[na:1.8.0_262]
	at java.net.AbstractPlainSocketImpl.doConnect(AbstractPlainSocketImpl.java:350) ~[na:1.8.0_262]
	at java.net.AbstractPlainSocketImpl.connectToAddress(AbstractPlainSocketImpl.java:206) ~[na:1.8.0_262]
	at java.net.AbstractPlainSocketImpl.connect(AbstractPlainSocketImpl.java:188) ~[na:1.8.0_262]
	at java.net.SocksSocketImpl.connect(SocksSocketImpl.java:392) ~[na:1.8.0_262]
	at java.net.Socket.connect(Socket.java:607) ~[na:1.8.0_262]
	at java.net.Socket.connect(Socket.java:556) ~[na:1.8.0_262]
	at com.nurkiewicz.jdbcrepository.AbstractIntegrationTest.ignoreIfDatabaseNotAvailable(AbstractIntegrationTest.java:36) ~[test-classes/:na]
	... 28 common frames omitted
Wrapped by: org.junit.internal.AssumptionViolatedException: got: <java.net.ConnectException: Connection refused (Connection refused)>, expected: null
	at org.junit.Assume.assumeThat(Assume.java:95) ~[junit-4.11.jar:na]
	at org.junit.Assume.assumeNoException(Assume.java:142) ~[junit-4.11.jar:na]
	at com.nurkiewicz.jdbcrepository.AbstractIntegrationTest.ignoreIfDatabaseNotAvailable(AbstractIntegrationTest.java:39) ~[test-classes/:na]
	at sun.reflect.GeneratedMethodAccessor21.invoke(Unknown Source) ~[na:na]
	at sun.reflect.DelegatingMethodAccessorImpl.invoke(DelegatingMethodAccessorImpl.java:43) ~[na:1.8.0_262]
	at java.lang.reflect.Method.invoke(Method.java:498) ~[na:1.8.0_262]
	at org.springframework.test.context.transaction.TransactionalTestExecutionListener.runBeforeTransactionMethods(TransactionalTestExecutionListener.java:248) ~[spring-test-4.1.1.RELEASE.jar:4.1.1.RELEASE]
	at org.springframework.test.context.transaction.TransactionalTestExecutionListener.beforeTestMethod(TransactionalTestExecutionListener.java:198) ~[spring-test-4.1.1.RELEASE.jar:4.1.1.RELEASE]
	at org.springframework.test.context.TestContextManager.beforeTestMethod(TestContextManager.java:249) ~[spring-test-4.1.1.RELEASE.jar:4.1.1.RELEASE]
	at org.springframework.test.context.junit4.statements.RunBeforeTestMethodCallbacks.evaluate(RunBeforeTestMethodCallbacks.java:71) [spring-test-4.1.1.RELEASE.jar:4.1.1.RELEASE]
	at org.springframework.test.context.junit4.statements.RunAfterTestMethodCallbacks.evaluate(RunAfterTestMethodCallbacks.java:81) [spring-test-4.1.1.RELEASE.jar:4.1.1.RELEASE]
	at org.springframework.test.context.junit4.statements.SpringRepeat.evaluate(SpringRepeat.java:72) [spring-test-4.1.1.RELEASE.jar:4.1.1.RELEASE]
	at org.junit.runners.ParentRunner.runLeaf(ParentRunner.java:271) [junit-4.11.jar:na]
	at org.springframework.test.context.junit4.SpringJUnit4ClassRunner.runChild(SpringJUnit4ClassRunner.java:216) [spring-test-4.1.1.RELEASE.jar:4.1.1.RELEASE]
	at org.springframework.test.context.junit4.SpringJUnit4ClassRunner.runChild(SpringJUnit4ClassRunner.java:82) [spring-test-4.1.1.RELEASE.jar:4.1.1.RELEASE]
	at org.junit.runners.ParentRunner$3.run(ParentRunner.java:238) [junit-4.11.jar:na]
	at org.junit.runners.ParentRunner$1.schedule(ParentRunner.java:63) [junit-4.11.jar:na]
	at org.junit.runners.ParentRunner.runChildren(ParentRunner.java:236) [junit-4.11.jar:na]
	at org.junit.runners.ParentRunner.access$000(ParentRunner.java:53) [junit-4.11.jar:na]
	at org.junit.runners.ParentRunner$2.evaluate(ParentRunner.java:229) [junit-4.11.jar:na]
	at org.springframework.test.context.junit4.statements.RunBeforeTestClassCallbacks.evaluate(RunBeforeTestClassCallbacks.java:60) [spring-test-4.1.1.RELEASE.jar:4.1.1.RELEASE]
	at org.springframework.test.context.junit4.statements.RunAfterTestClassCallbacks.evaluate(RunAfterTestClassCallbacks.java:67) [spring-test-4.1.1.RELEASE.jar:4.1.1.RELEASE]
	at org.junit.runners.ParentRunner.run(ParentRunner.java:309) [junit-4.11.jar:na]
	at org.springframework.test.context.junit4.SpringJUnit4ClassRunner.run(SpringJUnit4ClassRunner.java:162) [spring-test-4.1.1.RELEASE.jar:4.1.1.RELEASE]
	at org.apache.maven.surefire.junit4.JUnit4Provider.execute(JUnit4Provider.java:367) [surefire-junit4-2.19.1.jar:2.19.1]
	at org.apache.maven.surefire.junit4.JUnit4Provider.executeWithRerun(JUnit4Provider.java:274) [surefire-junit4-2.19.1.jar:2.19.1]
	at org.apache.maven.surefire.junit4.JUnit4Provider.executeTestSet(JUnit4Provider.java:238) [surefire-junit4-2.19.1.jar:2.19.1]
	at org.apache.maven.surefire.junit4.JUnit4Provider.invoke(JUnit4Provider.java:161) [surefire-junit4-2.19.1.jar:2.19.1]
	at org.apache.maven.surefire.booter.ForkedBooter.invokeProviderInSameClassLoader(ForkedBooter.java:290) [surefire-booter-2.19.1.jar:2.19.1]
	at org.apache.maven.surefire.booter.ForkedBooter.runSuitesInProcess(ForkedBooter.java:242) [surefire-booter-2.19.1.jar:2.19.1]
	at org.apache.maven.surefire.booter.ForkedBooter.main(ForkedBooter.java:121) [surefire-booter-2.19.1.jar:2.19.1]
]]></system-out>
  </testcase>
  <testcase name="shouldReturnEmptyPageWhenNoEntitiesInDatabase" classname="com.nurkiewicz.jdbcrepository.mysql.JdbcRepositoryManualKeyMysqlTest" time="0">
    <skipped/>
    <system-out><![CDATA[22:42:09:193 | ERROR | main | o.s.t.c.t.TransactionalTestExecutionListener | Exception encountered while executing @BeforeTransaction methods for test context [DefaultTestContext@633c9699 testClass = JdbcRepositoryManualKeyMysqlTest, testInstance = com.nurkiewicz.jdbcrepository.mysql.JdbcRepositoryManualKeyMysqlTest@7677a485, testMethod = shouldReturnEmptyPageWhenNoEntitiesInDatabase@JdbcRepositoryManualKeyTest, testException = [null], mergedContextConfiguration = [MergedContextConfiguration@31373fc1 testClass = JdbcRepositoryManualKeyMysqlTest, locations = '{}', classes = '{class com.nurkiewicz.jdbcrepository.mysql.JdbcRepositoryTestMysqlConfig}', contextInitializerClasses = '[]', activeProfiles = '{}', propertySourceLocations = '{}', propertySourceProperties = '{}', contextLoader = 'org.springframework.test.context.support.AnnotationConfigContextLoader', parent = [null]]].
java.net.ConnectException: Connection refused (Connection refused)
	at java.net.PlainSocketImpl.socketConnect(Native Method) ~[na:1.8.0_262]
	at java.net.AbstractPlainSocketImpl.doConnect(AbstractPlainSocketImpl.java:350) ~[na:1.8.0_262]
	at java.net.AbstractPlainSocketImpl.connectToAddress(AbstractPlainSocketImpl.java:206) ~[na:1.8.0_262]
	at java.net.AbstractPlainSocketImpl.connect(AbstractPlainSocketImpl.java:188) ~[na:1.8.0_262]
	at java.net.SocksSocketImpl.connect(SocksSocketImpl.java:392) ~[na:1.8.0_262]
	at java.net.Socket.connect(Socket.java:607) ~[na:1.8.0_262]
	at java.net.Socket.connect(Socket.java:556) ~[na:1.8.0_262]
	at com.nurkiewicz.jdbcrepository.AbstractIntegrationTest.ignoreIfDatabaseNotAvailable(AbstractIntegrationTest.java:36) ~[test-classes/:na]
	... 28 common frames omitted
Wrapped by: org.junit.internal.AssumptionViolatedException: got: <java.net.ConnectException: Connection refused (Connection refused)>, expected: null
	at org.junit.Assume.assumeThat(Assume.java:95) ~[junit-4.11.jar:na]
	at org.junit.Assume.assumeNoException(Assume.java:142) ~[junit-4.11.jar:na]
	at com.nurkiewicz.jdbcrepository.AbstractIntegrationTest.ignoreIfDatabaseNotAvailable(AbstractIntegrationTest.java:39) ~[test-classes/:na]
	at sun.reflect.GeneratedMethodAccessor21.invoke(Unknown Source) ~[na:na]
	at sun.reflect.DelegatingMethodAccessorImpl.invoke(DelegatingMethodAccessorImpl.java:43) ~[na:1.8.0_262]
	at java.lang.reflect.Method.invoke(Method.java:498) ~[na:1.8.0_262]
	at org.springframework.test.context.transaction.TransactionalTestExecutionListener.runBeforeTransactionMethods(TransactionalTestExecutionListener.java:248) [spring-test-4.1.1.RELEASE.jar:4.1.1.RELEASE]
	at org.springframework.test.context.transaction.TransactionalTestExecutionListener.beforeTestMethod(TransactionalTestExecutionListener.java:198) [spring-test-4.1.1.RELEASE.jar:4.1.1.RELEASE]
	at org.springframework.test.context.TestContextManager.beforeTestMethod(TestContextManager.java:249) [spring-test-4.1.1.RELEASE.jar:4.1.1.RELEASE]
	at org.springframework.test.context.junit4.statements.RunBeforeTestMethodCallbacks.evaluate(RunBeforeTestMethodCallbacks.java:71) [spring-test-4.1.1.RELEASE.jar:4.1.1.RELEASE]
	at org.springframework.test.context.junit4.statements.RunAfterTestMethodCallbacks.evaluate(RunAfterTestMethodCallbacks.java:81) [spring-test-4.1.1.RELEASE.jar:4.1.1.RELEASE]
	at org.springframework.test.context.junit4.statements.SpringRepeat.evaluate(SpringRepeat.java:72) [spring-test-4.1.1.RELEASE.jar:4.1.1.RELEASE]
	at org.junit.runners.ParentRunner.runLeaf(ParentRunner.java:271) [junit-4.11.jar:na]
	at org.springframework.test.context.junit4.SpringJUnit4ClassRunner.runChild(SpringJUnit4ClassRunner.java:216) [spring-test-4.1.1.RELEASE.jar:4.1.1.RELEASE]
	at org.springframework.test.context.junit4.SpringJUnit4ClassRunner.runChild(SpringJUnit4ClassRunner.java:82) [spring-test-4.1.1.RELEASE.jar:4.1.1.RELEASE]
	at org.junit.runners.ParentRunner$3.run(ParentRunner.java:238) [junit-4.11.jar:na]
	at org.junit.runners.ParentRunner$1.schedule(ParentRunner.java:63) [junit-4.11.jar:na]
	at org.junit.runners.ParentRunner.runChildren(ParentRunner.java:236) [junit-4.11.jar:na]
	at org.junit.runners.ParentRunner.access$000(ParentRunner.java:53) [junit-4.11.jar:na]
	at org.junit.runners.ParentRunner$2.evaluate(ParentRunner.java:229) [junit-4.11.jar:na]
	at org.springframework.test.context.junit4.statements.RunBeforeTestClassCallbacks.evaluate(RunBeforeTestClassCallbacks.java:60) [spring-test-4.1.1.RELEASE.jar:4.1.1.RELEASE]
	at org.springframework.test.context.junit4.statements.RunAfterTestClassCallbacks.evaluate(RunAfterTestClassCallbacks.java:67) [spring-test-4.1.1.RELEASE.jar:4.1.1.RELEASE]
	at org.junit.runners.ParentRunner.run(ParentRunner.java:309) [junit-4.11.jar:na]
	at org.springframework.test.context.junit4.SpringJUnit4ClassRunner.run(SpringJUnit4ClassRunner.java:162) [spring-test-4.1.1.RELEASE.jar:4.1.1.RELEASE]
	at org.apache.maven.surefire.junit4.JUnit4Provider.execute(JUnit4Provider.java:367) [surefire-junit4-2.19.1.jar:2.19.1]
	at org.apache.maven.surefire.junit4.JUnit4Provider.executeWithRerun(JUnit4Provider.java:274) [surefire-junit4-2.19.1.jar:2.19.1]
	at org.apache.maven.surefire.junit4.JUnit4Provider.executeTestSet(JUnit4Provider.java:238) [surefire-junit4-2.19.1.jar:2.19.1]
	at org.apache.maven.surefire.junit4.JUnit4Provider.invoke(JUnit4Provider.java:161) [surefire-junit4-2.19.1.jar:2.19.1]
	at org.apache.maven.surefire.booter.ForkedBooter.invokeProviderInSameClassLoader(ForkedBooter.java:290) [surefire-booter-2.19.1.jar:2.19.1]
	at org.apache.maven.surefire.booter.ForkedBooter.runSuitesInProcess(ForkedBooter.java:242) [surefire-booter-2.19.1.jar:2.19.1]
	at org.apache.maven.surefire.booter.ForkedBooter.main(ForkedBooter.java:121) [surefire-booter-2.19.1.jar:2.19.1]
22:42:09:193 | WARN  | main | o.s.t.c.TestContextManager | Caught exception while allowing TestExecutionListener [org.springframework.test.context.transaction.TransactionalTestExecutionListener@44b3d336] to process 'before' execution of test method [public void com.nurkiewicz.jdbcrepository.JdbcRepositoryManualKeyTest.shouldReturnEmptyPageWhenNoEntitiesInDatabase()] for test instance [com.nurkiewicz.jdbcrepository.mysql.JdbcRepositoryManualKeyMysqlTest@7677a485]
java.net.ConnectException: Connection refused (Connection refused)
	at java.net.PlainSocketImpl.socketConnect(Native Method) ~[na:1.8.0_262]
	at java.net.AbstractPlainSocketImpl.doConnect(AbstractPlainSocketImpl.java:350) ~[na:1.8.0_262]
	at java.net.AbstractPlainSocketImpl.connectToAddress(AbstractPlainSocketImpl.java:206) ~[na:1.8.0_262]
	at java.net.AbstractPlainSocketImpl.connect(AbstractPlainSocketImpl.java:188) ~[na:1.8.0_262]
	at java.net.SocksSocketImpl.connect(SocksSocketImpl.java:392) ~[na:1.8.0_262]
	at java.net.Socket.connect(Socket.java:607) ~[na:1.8.0_262]
	at java.net.Socket.connect(Socket.java:556) ~[na:1.8.0_262]
	at com.nurkiewicz.jdbcrepository.AbstractIntegrationTest.ignoreIfDatabaseNotAvailable(AbstractIntegrationTest.java:36) ~[test-classes/:na]
	... 28 common frames omitted
Wrapped by: org.junit.internal.AssumptionViolatedException: got: <java.net.ConnectException: Connection refused (Connection refused)>, expected: null
	at org.junit.Assume.assumeThat(Assume.java:95) ~[junit-4.11.jar:na]
	at org.junit.Assume.assumeNoException(Assume.java:142) ~[junit-4.11.jar:na]
	at com.nurkiewicz.jdbcrepository.AbstractIntegrationTest.ignoreIfDatabaseNotAvailable(AbstractIntegrationTest.java:39) ~[test-classes/:na]
	at sun.reflect.GeneratedMethodAccessor21.invoke(Unknown Source) ~[na:na]
	at sun.reflect.DelegatingMethodAccessorImpl.invoke(DelegatingMethodAccessorImpl.java:43) ~[na:1.8.0_262]
	at java.lang.reflect.Method.invoke(Method.java:498) ~[na:1.8.0_262]
	at org.springframework.test.context.transaction.TransactionalTestExecutionListener.runBeforeTransactionMethods(TransactionalTestExecutionListener.java:248) ~[spring-test-4.1.1.RELEASE.jar:4.1.1.RELEASE]
	at org.springframework.test.context.transaction.TransactionalTestExecutionListener.beforeTestMethod(TransactionalTestExecutionListener.java:198) ~[spring-test-4.1.1.RELEASE.jar:4.1.1.RELEASE]
	at org.springframework.test.context.TestContextManager.beforeTestMethod(TestContextManager.java:249) ~[spring-test-4.1.1.RELEASE.jar:4.1.1.RELEASE]
	at org.springframework.test.context.junit4.statements.RunBeforeTestMethodCallbacks.evaluate(RunBeforeTestMethodCallbacks.java:71) [spring-test-4.1.1.RELEASE.jar:4.1.1.RELEASE]
	at org.springframework.test.context.junit4.statements.RunAfterTestMethodCallbacks.evaluate(RunAfterTestMethodCallbacks.java:81) [spring-test-4.1.1.RELEASE.jar:4.1.1.RELEASE]
	at org.springframework.test.context.junit4.statements.SpringRepeat.evaluate(SpringRepeat.java:72) [spring-test-4.1.1.RELEASE.jar:4.1.1.RELEASE]
	at org.junit.runners.ParentRunner.runLeaf(ParentRunner.java:271) [junit-4.11.jar:na]
	at org.springframework.test.context.junit4.SpringJUnit4ClassRunner.runChild(SpringJUnit4ClassRunner.java:216) [spring-test-4.1.1.RELEASE.jar:4.1.1.RELEASE]
	at org.springframework.test.context.junit4.SpringJUnit4ClassRunner.runChild(SpringJUnit4ClassRunner.java:82) [spring-test-4.1.1.RELEASE.jar:4.1.1.RELEASE]
	at org.junit.runners.ParentRunner$3.run(ParentRunner.java:238) [junit-4.11.jar:na]
	at org.junit.runners.ParentRunner$1.schedule(ParentRunner.java:63) [junit-4.11.jar:na]
	at org.junit.runners.ParentRunner.runChildren(ParentRunner.java:236) [junit-4.11.jar:na]
	at org.junit.runners.ParentRunner.access$000(ParentRunner.java:53) [junit-4.11.jar:na]
	at org.junit.runners.ParentRunner$2.evaluate(ParentRunner.java:229) [junit-4.11.jar:na]
	at org.springframework.test.context.junit4.statements.RunBeforeTestClassCallbacks.evaluate(RunBeforeTestClassCallbacks.java:60) [spring-test-4.1.1.RELEASE.jar:4.1.1.RELEASE]
	at org.springframework.test.context.junit4.statements.RunAfterTestClassCallbacks.evaluate(RunAfterTestClassCallbacks.java:67) [spring-test-4.1.1.RELEASE.jar:4.1.1.RELEASE]
	at org.junit.runners.ParentRunner.run(ParentRunner.java:309) [junit-4.11.jar:na]
	at org.springframework.test.context.junit4.SpringJUnit4ClassRunner.run(SpringJUnit4ClassRunner.java:162) [spring-test-4.1.1.RELEASE.jar:4.1.1.RELEASE]
	at org.apache.maven.surefire.junit4.JUnit4Provider.execute(JUnit4Provider.java:367) [surefire-junit4-2.19.1.jar:2.19.1]
	at org.apache.maven.surefire.junit4.JUnit4Provider.executeWithRerun(JUnit4Provider.java:274) [surefire-junit4-2.19.1.jar:2.19.1]
	at org.apache.maven.surefire.junit4.JUnit4Provider.executeTestSet(JUnit4Provider.java:238) [surefire-junit4-2.19.1.jar:2.19.1]
	at org.apache.maven.surefire.junit4.JUnit4Provider.invoke(JUnit4Provider.java:161) [surefire-junit4-2.19.1.jar:2.19.1]
	at org.apache.maven.surefire.booter.ForkedBooter.invokeProviderInSameClassLoader(ForkedBooter.java:290) [surefire-booter-2.19.1.jar:2.19.1]
	at org.apache.maven.surefire.booter.ForkedBooter.runSuitesInProcess(ForkedBooter.java:242) [surefire-booter-2.19.1.jar:2.19.1]
	at org.apache.maven.surefire.booter.ForkedBooter.main(ForkedBooter.java:121) [surefire-booter-2.19.1.jar:2.19.1]
]]></system-out>
  </testcase>
  <testcase name="shouldReturnCountOfRecordsInTable" classname="com.nurkiewicz.jdbcrepository.mysql.JdbcRepositoryManualKeyMysqlTest" time="0">
    <skipped/>
    <system-out><![CDATA[22:42:09:195 | ERROR | main | o.s.t.c.t.TransactionalTestExecutionListener | Exception encountered while executing @BeforeTransaction methods for test context [DefaultTestContext@633c9699 testClass = JdbcRepositoryManualKeyMysqlTest, testInstance = com.nurkiewicz.jdbcrepository.mysql.JdbcRepositoryManualKeyMysqlTest@3b6ccd61, testMethod = shouldReturnCountOfRecordsInTable@JdbcRepositoryManualKeyTest, testException = [null], mergedContextConfiguration = [MergedContextConfiguration@31373fc1 testClass = JdbcRepositoryManualKeyMysqlTest, locations = '{}', classes = '{class com.nurkiewicz.jdbcrepository.mysql.JdbcRepositoryTestMysqlConfig}', contextInitializerClasses = '[]', activeProfiles = '{}', propertySourceLocations = '{}', propertySourceProperties = '{}', contextLoader = 'org.springframework.test.context.support.AnnotationConfigContextLoader', parent = [null]]].
java.net.ConnectException: Connection refused (Connection refused)
	at java.net.PlainSocketImpl.socketConnect(Native Method) ~[na:1.8.0_262]
	at java.net.AbstractPlainSocketImpl.doConnect(AbstractPlainSocketImpl.java:350) ~[na:1.8.0_262]
	at java.net.AbstractPlainSocketImpl.connectToAddress(AbstractPlainSocketImpl.java:206) ~[na:1.8.0_262]
	at java.net.AbstractPlainSocketImpl.connect(AbstractPlainSocketImpl.java:188) ~[na:1.8.0_262]
	at java.net.SocksSocketImpl.connect(SocksSocketImpl.java:392) ~[na:1.8.0_262]
	at java.net.Socket.connect(Socket.java:607) ~[na:1.8.0_262]
	at java.net.Socket.connect(Socket.java:556) ~[na:1.8.0_262]
	at com.nurkiewicz.jdbcrepository.AbstractIntegrationTest.ignoreIfDatabaseNotAvailable(AbstractIntegrationTest.java:36) ~[test-classes/:na]
	... 28 common frames omitted
Wrapped by: org.junit.internal.AssumptionViolatedException: got: <java.net.ConnectException: Connection refused (Connection refused)>, expected: null
	at org.junit.Assume.assumeThat(Assume.java:95) ~[junit-4.11.jar:na]
	at org.junit.Assume.assumeNoException(Assume.java:142) ~[junit-4.11.jar:na]
	at com.nurkiewicz.jdbcrepository.AbstractIntegrationTest.ignoreIfDatabaseNotAvailable(AbstractIntegrationTest.java:39) ~[test-classes/:na]
	at sun.reflect.GeneratedMethodAccessor21.invoke(Unknown Source) ~[na:na]
	at sun.reflect.DelegatingMethodAccessorImpl.invoke(DelegatingMethodAccessorImpl.java:43) ~[na:1.8.0_262]
	at java.lang.reflect.Method.invoke(Method.java:498) ~[na:1.8.0_262]
	at org.springframework.test.context.transaction.TransactionalTestExecutionListener.runBeforeTransactionMethods(TransactionalTestExecutionListener.java:248) [spring-test-4.1.1.RELEASE.jar:4.1.1.RELEASE]
	at org.springframework.test.context.transaction.TransactionalTestExecutionListener.beforeTestMethod(TransactionalTestExecutionListener.java:198) [spring-test-4.1.1.RELEASE.jar:4.1.1.RELEASE]
	at org.springframework.test.context.TestContextManager.beforeTestMethod(TestContextManager.java:249) [spring-test-4.1.1.RELEASE.jar:4.1.1.RELEASE]
	at org.springframework.test.context.junit4.statements.RunBeforeTestMethodCallbacks.evaluate(RunBeforeTestMethodCallbacks.java:71) [spring-test-4.1.1.RELEASE.jar:4.1.1.RELEASE]
	at org.springframework.test.context.junit4.statements.RunAfterTestMethodCallbacks.evaluate(RunAfterTestMethodCallbacks.java:81) [spring-test-4.1.1.RELEASE.jar:4.1.1.RELEASE]
	at org.springframework.test.context.junit4.statements.SpringRepeat.evaluate(SpringRepeat.java:72) [spring-test-4.1.1.RELEASE.jar:4.1.1.RELEASE]
	at org.junit.runners.ParentRunner.runLeaf(ParentRunner.java:271) [junit-4.11.jar:na]
	at org.springframework.test.context.junit4.SpringJUnit4ClassRunner.runChild(SpringJUnit4ClassRunner.java:216) [spring-test-4.1.1.RELEASE.jar:4.1.1.RELEASE]
	at org.springframework.test.context.junit4.SpringJUnit4ClassRunner.runChild(SpringJUnit4ClassRunner.java:82) [spring-test-4.1.1.RELEASE.jar:4.1.1.RELEASE]
	at org.junit.runners.ParentRunner$3.run(ParentRunner.java:238) [junit-4.11.jar:na]
	at org.junit.runners.ParentRunner$1.schedule(ParentRunner.java:63) [junit-4.11.jar:na]
	at org.junit.runners.ParentRunner.runChildren(ParentRunner.java:236) [junit-4.11.jar:na]
	at org.junit.runners.ParentRunner.access$000(ParentRunner.java:53) [junit-4.11.jar:na]
	at org.junit.runners.ParentRunner$2.evaluate(ParentRunner.java:229) [junit-4.11.jar:na]
	at org.springframework.test.context.junit4.statements.RunBeforeTestClassCallbacks.evaluate(RunBeforeTestClassCallbacks.java:60) [spring-test-4.1.1.RELEASE.jar:4.1.1.RELEASE]
	at org.springframework.test.context.junit4.statements.RunAfterTestClassCallbacks.evaluate(RunAfterTestClassCallbacks.java:67) [spring-test-4.1.1.RELEASE.jar:4.1.1.RELEASE]
	at org.junit.runners.ParentRunner.run(ParentRunner.java:309) [junit-4.11.jar:na]
	at org.springframework.test.context.junit4.SpringJUnit4ClassRunner.run(SpringJUnit4ClassRunner.java:162) [spring-test-4.1.1.RELEASE.jar:4.1.1.RELEASE]
	at org.apache.maven.surefire.junit4.JUnit4Provider.execute(JUnit4Provider.java:367) [surefire-junit4-2.19.1.jar:2.19.1]
	at org.apache.maven.surefire.junit4.JUnit4Provider.executeWithRerun(JUnit4Provider.java:274) [surefire-junit4-2.19.1.jar:2.19.1]
	at org.apache.maven.surefire.junit4.JUnit4Provider.executeTestSet(JUnit4Provider.java:238) [surefire-junit4-2.19.1.jar:2.19.1]
	at org.apache.maven.surefire.junit4.JUnit4Provider.invoke(JUnit4Provider.java:161) [surefire-junit4-2.19.1.jar:2.19.1]
	at org.apache.maven.surefire.booter.ForkedBooter.invokeProviderInSameClassLoader(ForkedBooter.java:290) [surefire-booter-2.19.1.jar:2.19.1]
	at org.apache.maven.surefire.booter.ForkedBooter.runSuitesInProcess(ForkedBooter.java:242) [surefire-booter-2.19.1.jar:2.19.1]
	at org.apache.maven.surefire.booter.ForkedBooter.main(ForkedBooter.java:121) [surefire-booter-2.19.1.jar:2.19.1]
22:42:09:196 | WARN  | main | o.s.t.c.TestContextManager | Caught exception while allowing TestExecutionListener [org.springframework.test.context.transaction.TransactionalTestExecutionListener@44b3d336] to process 'before' execution of test method [public void com.nurkiewicz.jdbcrepository.JdbcRepositoryManualKeyTest.shouldReturnCountOfRecordsInTable() throws java.lang.Exception] for test instance [com.nurkiewicz.jdbcrepository.mysql.JdbcRepositoryManualKeyMysqlTest@3b6ccd61]
java.net.ConnectException: Connection refused (Connection refused)
	at java.net.PlainSocketImpl.socketConnect(Native Method) ~[na:1.8.0_262]
	at java.net.AbstractPlainSocketImpl.doConnect(AbstractPlainSocketImpl.java:350) ~[na:1.8.0_262]
	at java.net.AbstractPlainSocketImpl.connectToAddress(AbstractPlainSocketImpl.java:206) ~[na:1.8.0_262]
	at java.net.AbstractPlainSocketImpl.connect(AbstractPlainSocketImpl.java:188) ~[na:1.8.0_262]
	at java.net.SocksSocketImpl.connect(SocksSocketImpl.java:392) ~[na:1.8.0_262]
	at java.net.Socket.connect(Socket.java:607) ~[na:1.8.0_262]
	at java.net.Socket.connect(Socket.java:556) ~[na:1.8.0_262]
	at com.nurkiewicz.jdbcrepository.AbstractIntegrationTest.ignoreIfDatabaseNotAvailable(AbstractIntegrationTest.java:36) ~[test-classes/:na]
	... 28 common frames omitted
Wrapped by: org.junit.internal.AssumptionViolatedException: got: <java.net.ConnectException: Connection refused (Connection refused)>, expected: null
	at org.junit.Assume.assumeThat(Assume.java:95) ~[junit-4.11.jar:na]
	at org.junit.Assume.assumeNoException(Assume.java:142) ~[junit-4.11.jar:na]
	at com.nurkiewicz.jdbcrepository.AbstractIntegrationTest.ignoreIfDatabaseNotAvailable(AbstractIntegrationTest.java:39) ~[test-classes/:na]
	at sun.reflect.GeneratedMethodAccessor21.invoke(Unknown Source) ~[na:na]
	at sun.reflect.DelegatingMethodAccessorImpl.invoke(DelegatingMethodAccessorImpl.java:43) ~[na:1.8.0_262]
	at java.lang.reflect.Method.invoke(Method.java:498) ~[na:1.8.0_262]
	at org.springframework.test.context.transaction.TransactionalTestExecutionListener.runBeforeTransactionMethods(TransactionalTestExecutionListener.java:248) ~[spring-test-4.1.1.RELEASE.jar:4.1.1.RELEASE]
	at org.springframework.test.context.transaction.TransactionalTestExecutionListener.beforeTestMethod(TransactionalTestExecutionListener.java:198) ~[spring-test-4.1.1.RELEASE.jar:4.1.1.RELEASE]
	at org.springframework.test.context.TestContextManager.beforeTestMethod(TestContextManager.java:249) ~[spring-test-4.1.1.RELEASE.jar:4.1.1.RELEASE]
	at org.springframework.test.context.junit4.statements.RunBeforeTestMethodCallbacks.evaluate(RunBeforeTestMethodCallbacks.java:71) [spring-test-4.1.1.RELEASE.jar:4.1.1.RELEASE]
	at org.springframework.test.context.junit4.statements.RunAfterTestMethodCallbacks.evaluate(RunAfterTestMethodCallbacks.java:81) [spring-test-4.1.1.RELEASE.jar:4.1.1.RELEASE]
	at org.springframework.test.context.junit4.statements.SpringRepeat.evaluate(SpringRepeat.java:72) [spring-test-4.1.1.RELEASE.jar:4.1.1.RELEASE]
	at org.junit.runners.ParentRunner.runLeaf(ParentRunner.java:271) [junit-4.11.jar:na]
	at org.springframework.test.context.junit4.SpringJUnit4ClassRunner.runChild(SpringJUnit4ClassRunner.java:216) [spring-test-4.1.1.RELEASE.jar:4.1.1.RELEASE]
	at org.springframework.test.context.junit4.SpringJUnit4ClassRunner.runChild(SpringJUnit4ClassRunner.java:82) [spring-test-4.1.1.RELEASE.jar:4.1.1.RELEASE]
	at org.junit.runners.ParentRunner$3.run(ParentRunner.java:238) [junit-4.11.jar:na]
	at org.junit.runners.ParentRunner$1.schedule(ParentRunner.java:63) [junit-4.11.jar:na]
	at org.junit.runners.ParentRunner.runChildren(ParentRunner.java:236) [junit-4.11.jar:na]
	at org.junit.runners.ParentRunner.access$000(ParentRunner.java:53) [junit-4.11.jar:na]
	at org.junit.runners.ParentRunner$2.evaluate(ParentRunner.java:229) [junit-4.11.jar:na]
	at org.springframework.test.context.junit4.statements.RunBeforeTestClassCallbacks.evaluate(RunBeforeTestClassCallbacks.java:60) [spring-test-4.1.1.RELEASE.jar:4.1.1.RELEASE]
	at org.springframework.test.context.junit4.statements.RunAfterTestClassCallbacks.evaluate(RunAfterTestClassCallbacks.java:67) [spring-test-4.1.1.RELEASE.jar:4.1.1.RELEASE]
	at org.junit.runners.ParentRunner.run(ParentRunner.java:309) [junit-4.11.jar:na]
	at org.springframework.test.context.junit4.SpringJUnit4ClassRunner.run(SpringJUnit4ClassRunner.java:162) [spring-test-4.1.1.RELEASE.jar:4.1.1.RELEASE]
	at org.apache.maven.surefire.junit4.JUnit4Provider.execute(JUnit4Provider.java:367) [surefire-junit4-2.19.1.jar:2.19.1]
	at org.apache.maven.surefire.junit4.JUnit4Provider.executeWithRerun(JUnit4Provider.java:274) [surefire-junit4-2.19.1.jar:2.19.1]
	at org.apache.maven.surefire.junit4.JUnit4Provider.executeTestSet(JUnit4Provider.java:238) [surefire-junit4-2.19.1.jar:2.19.1]
	at org.apache.maven.surefire.junit4.JUnit4Provider.invoke(JUnit4Provider.java:161) [surefire-junit4-2.19.1.jar:2.19.1]
	at org.apache.maven.surefire.booter.ForkedBooter.invokeProviderInSameClassLoader(ForkedBooter.java:290) [surefire-booter-2.19.1.jar:2.19.1]
	at org.apache.maven.surefire.booter.ForkedBooter.runSuitesInProcess(ForkedBooter.java:242) [surefire-booter-2.19.1.jar:2.19.1]
	at org.apache.maven.surefire.booter.ForkedBooter.main(ForkedBooter.java:121) [surefire-booter-2.19.1.jar:2.19.1]
]]></system-out>
  </testcase>
  <testcase name="shouldReturnNothingWhenOnlyOneRecordInDatabaseButSecondPageRequested" classname="com.nurkiewicz.jdbcrepository.mysql.JdbcRepositoryManualKeyMysqlTest" time="0">
    <skipped/>
    <system-out><![CDATA[22:42:09:198 | ERROR | main | o.s.t.c.t.TransactionalTestExecutionListener | Exception encountered while executing @BeforeTransaction methods for test context [DefaultTestContext@633c9699 testClass = JdbcRepositoryManualKeyMysqlTest, testInstance = com.nurkiewicz.jdbcrepository.mysql.JdbcRepositoryManualKeyMysqlTest@3f5f610d, testMethod = shouldReturnNothingWhenOnlyOneRecordInDatabaseButSecondPageRequested@JdbcRepositoryManualKeyTest, testException = [null], mergedContextConfiguration = [MergedContextConfiguration@31373fc1 testClass = JdbcRepositoryManualKeyMysqlTest, locations = '{}', classes = '{class com.nurkiewicz.jdbcrepository.mysql.JdbcRepositoryTestMysqlConfig}', contextInitializerClasses = '[]', activeProfiles = '{}', propertySourceLocations = '{}', propertySourceProperties = '{}', contextLoader = 'org.springframework.test.context.support.AnnotationConfigContextLoader', parent = [null]]].
java.net.ConnectException: Connection refused (Connection refused)
	at java.net.PlainSocketImpl.socketConnect(Native Method) ~[na:1.8.0_262]
	at java.net.AbstractPlainSocketImpl.doConnect(AbstractPlainSocketImpl.java:350) ~[na:1.8.0_262]
	at java.net.AbstractPlainSocketImpl.connectToAddress(AbstractPlainSocketImpl.java:206) ~[na:1.8.0_262]
	at java.net.AbstractPlainSocketImpl.connect(AbstractPlainSocketImpl.java:188) ~[na:1.8.0_262]
	at java.net.SocksSocketImpl.connect(SocksSocketImpl.java:392) ~[na:1.8.0_262]
	at java.net.Socket.connect(Socket.java:607) ~[na:1.8.0_262]
	at java.net.Socket.connect(Socket.java:556) ~[na:1.8.0_262]
	at com.nurkiewicz.jdbcrepository.AbstractIntegrationTest.ignoreIfDatabaseNotAvailable(AbstractIntegrationTest.java:36) ~[test-classes/:na]
	... 28 common frames omitted
Wrapped by: org.junit.internal.AssumptionViolatedException: got: <java.net.ConnectException: Connection refused (Connection refused)>, expected: null
	at org.junit.Assume.assumeThat(Assume.java:95) ~[junit-4.11.jar:na]
	at org.junit.Assume.assumeNoException(Assume.java:142) ~[junit-4.11.jar:na]
	at com.nurkiewicz.jdbcrepository.AbstractIntegrationTest.ignoreIfDatabaseNotAvailable(AbstractIntegrationTest.java:39) ~[test-classes/:na]
	at sun.reflect.GeneratedMethodAccessor21.invoke(Unknown Source) ~[na:na]
	at sun.reflect.DelegatingMethodAccessorImpl.invoke(DelegatingMethodAccessorImpl.java:43) ~[na:1.8.0_262]
	at java.lang.reflect.Method.invoke(Method.java:498) ~[na:1.8.0_262]
	at org.springframework.test.context.transaction.TransactionalTestExecutionListener.runBeforeTransactionMethods(TransactionalTestExecutionListener.java:248) [spring-test-4.1.1.RELEASE.jar:4.1.1.RELEASE]
	at org.springframework.test.context.transaction.TransactionalTestExecutionListener.beforeTestMethod(TransactionalTestExecutionListener.java:198) [spring-test-4.1.1.RELEASE.jar:4.1.1.RELEASE]
	at org.springframework.test.context.TestContextManager.beforeTestMethod(TestContextManager.java:249) [spring-test-4.1.1.RELEASE.jar:4.1.1.RELEASE]
	at org.springframework.test.context.junit4.statements.RunBeforeTestMethodCallbacks.evaluate(RunBeforeTestMethodCallbacks.java:71) [spring-test-4.1.1.RELEASE.jar:4.1.1.RELEASE]
	at org.springframework.test.context.junit4.statements.RunAfterTestMethodCallbacks.evaluate(RunAfterTestMethodCallbacks.java:81) [spring-test-4.1.1.RELEASE.jar:4.1.1.RELEASE]
	at org.springframework.test.context.junit4.statements.SpringRepeat.evaluate(SpringRepeat.java:72) [spring-test-4.1.1.RELEASE.jar:4.1.1.RELEASE]
	at org.junit.runners.ParentRunner.runLeaf(ParentRunner.java:271) [junit-4.11.jar:na]
	at org.springframework.test.context.junit4.SpringJUnit4ClassRunner.runChild(SpringJUnit4ClassRunner.java:216) [spring-test-4.1.1.RELEASE.jar:4.1.1.RELEASE]
	at org.springframework.test.context.junit4.SpringJUnit4ClassRunner.runChild(SpringJUnit4ClassRunner.java:82) [spring-test-4.1.1.RELEASE.jar:4.1.1.RELEASE]
	at org.junit.runners.ParentRunner$3.run(ParentRunner.java:238) [junit-4.11.jar:na]
	at org.junit.runners.ParentRunner$1.schedule(ParentRunner.java:63) [junit-4.11.jar:na]
	at org.junit.runners.ParentRunner.runChildren(ParentRunner.java:236) [junit-4.11.jar:na]
	at org.junit.runners.ParentRunner.access$000(ParentRunner.java:53) [junit-4.11.jar:na]
	at org.junit.runners.ParentRunner$2.evaluate(ParentRunner.java:229) [junit-4.11.jar:na]
	at org.springframework.test.context.junit4.statements.RunBeforeTestClassCallbacks.evaluate(RunBeforeTestClassCallbacks.java:60) [spring-test-4.1.1.RELEASE.jar:4.1.1.RELEASE]
	at org.springframework.test.context.junit4.statements.RunAfterTestClassCallbacks.evaluate(RunAfterTestClassCallbacks.java:67) [spring-test-4.1.1.RELEASE.jar:4.1.1.RELEASE]
	at org.junit.runners.ParentRunner.run(ParentRunner.java:309) [junit-4.11.jar:na]
	at org.springframework.test.context.junit4.SpringJUnit4ClassRunner.run(SpringJUnit4ClassRunner.java:162) [spring-test-4.1.1.RELEASE.jar:4.1.1.RELEASE]
	at org.apache.maven.surefire.junit4.JUnit4Provider.execute(JUnit4Provider.java:367) [surefire-junit4-2.19.1.jar:2.19.1]
	at org.apache.maven.surefire.junit4.JUnit4Provider.executeWithRerun(JUnit4Provider.java:274) [surefire-junit4-2.19.1.jar:2.19.1]
	at org.apache.maven.surefire.junit4.JUnit4Provider.executeTestSet(JUnit4Provider.java:238) [surefire-junit4-2.19.1.jar:2.19.1]
	at org.apache.maven.surefire.junit4.JUnit4Provider.invoke(JUnit4Provider.java:161) [surefire-junit4-2.19.1.jar:2.19.1]
	at org.apache.maven.surefire.booter.ForkedBooter.invokeProviderInSameClassLoader(ForkedBooter.java:290) [surefire-booter-2.19.1.jar:2.19.1]
	at org.apache.maven.surefire.booter.ForkedBooter.runSuitesInProcess(ForkedBooter.java:242) [surefire-booter-2.19.1.jar:2.19.1]
	at org.apache.maven.surefire.booter.ForkedBooter.main(ForkedBooter.java:121) [surefire-booter-2.19.1.jar:2.19.1]
22:42:09:198 | WARN  | main | o.s.t.c.TestContextManager | Caught exception while allowing TestExecutionListener [org.springframework.test.context.transaction.TransactionalTestExecutionListener@44b3d336] to process 'before' execution of test method [public void com.nurkiewicz.jdbcrepository.JdbcRepositoryManualKeyTest.shouldReturnNothingWhenOnlyOneRecordInDatabaseButSecondPageRequested()] for test instance [com.nurkiewicz.jdbcrepository.mysql.JdbcRepositoryManualKeyMysqlTest@3f5f610d]
java.net.ConnectException: Connection refused (Connection refused)
	at java.net.PlainSocketImpl.socketConnect(Native Method) ~[na:1.8.0_262]
	at java.net.AbstractPlainSocketImpl.doConnect(AbstractPlainSocketImpl.java:350) ~[na:1.8.0_262]
	at java.net.AbstractPlainSocketImpl.connectToAddress(AbstractPlainSocketImpl.java:206) ~[na:1.8.0_262]
	at java.net.AbstractPlainSocketImpl.connect(AbstractPlainSocketImpl.java:188) ~[na:1.8.0_262]
	at java.net.SocksSocketImpl.connect(SocksSocketImpl.java:392) ~[na:1.8.0_262]
	at java.net.Socket.connect(Socket.java:607) ~[na:1.8.0_262]
	at java.net.Socket.connect(Socket.java:556) ~[na:1.8.0_262]
	at com.nurkiewicz.jdbcrepository.AbstractIntegrationTest.ignoreIfDatabaseNotAvailable(AbstractIntegrationTest.java:36) ~[test-classes/:na]
	... 28 common frames omitted
Wrapped by: org.junit.internal.AssumptionViolatedException: got: <java.net.ConnectException: Connection refused (Connection refused)>, expected: null
	at org.junit.Assume.assumeThat(Assume.java:95) ~[junit-4.11.jar:na]
	at org.junit.Assume.assumeNoException(Assume.java:142) ~[junit-4.11.jar:na]
	at com.nurkiewicz.jdbcrepository.AbstractIntegrationTest.ignoreIfDatabaseNotAvailable(AbstractIntegrationTest.java:39) ~[test-classes/:na]
	at sun.reflect.GeneratedMethodAccessor21.invoke(Unknown Source) ~[na:na]
	at sun.reflect.DelegatingMethodAccessorImpl.invoke(DelegatingMethodAccessorImpl.java:43) ~[na:1.8.0_262]
	at java.lang.reflect.Method.invoke(Method.java:498) ~[na:1.8.0_262]
	at org.springframework.test.context.transaction.TransactionalTestExecutionListener.runBeforeTransactionMethods(TransactionalTestExecutionListener.java:248) ~[spring-test-4.1.1.RELEASE.jar:4.1.1.RELEASE]
	at org.springframework.test.context.transaction.TransactionalTestExecutionListener.beforeTestMethod(TransactionalTestExecutionListener.java:198) ~[spring-test-4.1.1.RELEASE.jar:4.1.1.RELEASE]
	at org.springframework.test.context.TestContextManager.beforeTestMethod(TestContextManager.java:249) ~[spring-test-4.1.1.RELEASE.jar:4.1.1.RELEASE]
	at org.springframework.test.context.junit4.statements.RunBeforeTestMethodCallbacks.evaluate(RunBeforeTestMethodCallbacks.java:71) [spring-test-4.1.1.RELEASE.jar:4.1.1.RELEASE]
	at org.springframework.test.context.junit4.statements.RunAfterTestMethodCallbacks.evaluate(RunAfterTestMethodCallbacks.java:81) [spring-test-4.1.1.RELEASE.jar:4.1.1.RELEASE]
	at org.springframework.test.context.junit4.statements.SpringRepeat.evaluate(SpringRepeat.java:72) [spring-test-4.1.1.RELEASE.jar:4.1.1.RELEASE]
	at org.junit.runners.ParentRunner.runLeaf(ParentRunner.java:271) [junit-4.11.jar:na]
	at org.springframework.test.context.junit4.SpringJUnit4ClassRunner.runChild(SpringJUnit4ClassRunner.java:216) [spring-test-4.1.1.RELEASE.jar:4.1.1.RELEASE]
	at org.springframework.test.context.junit4.SpringJUnit4ClassRunner.runChild(SpringJUnit4ClassRunner.java:82) [spring-test-4.1.1.RELEASE.jar:4.1.1.RELEASE]
	at org.junit.runners.ParentRunner$3.run(ParentRunner.java:238) [junit-4.11.jar:na]
	at org.junit.runners.ParentRunner$1.schedule(ParentRunner.java:63) [junit-4.11.jar:na]
	at org.junit.runners.ParentRunner.runChildren(ParentRunner.java:236) [junit-4.11.jar:na]
	at org.junit.runners.ParentRunner.access$000(ParentRunner.java:53) [junit-4.11.jar:na]
	at org.junit.runners.ParentRunner$2.evaluate(ParentRunner.java:229) [junit-4.11.jar:na]
	at org.springframework.test.context.junit4.statements.RunBeforeTestClassCallbacks.evaluate(RunBeforeTestClassCallbacks.java:60) [spring-test-4.1.1.RELEASE.jar:4.1.1.RELEASE]
	at org.springframework.test.context.junit4.statements.RunAfterTestClassCallbacks.evaluate(RunAfterTestClassCallbacks.java:67) [spring-test-4.1.1.RELEASE.jar:4.1.1.RELEASE]
	at org.junit.runners.ParentRunner.run(ParentRunner.java:309) [junit-4.11.jar:na]
	at org.springframework.test.context.junit4.SpringJUnit4ClassRunner.run(SpringJUnit4ClassRunner.java:162) [spring-test-4.1.1.RELEASE.jar:4.1.1.RELEASE]
	at org.apache.maven.surefire.junit4.JUnit4Provider.execute(JUnit4Provider.java:367) [surefire-junit4-2.19.1.jar:2.19.1]
	at org.apache.maven.surefire.junit4.JUnit4Provider.executeWithRerun(JUnit4Provider.java:274) [surefire-junit4-2.19.1.jar:2.19.1]
	at org.apache.maven.surefire.junit4.JUnit4Provider.executeTestSet(JUnit4Provider.java:238) [surefire-junit4-2.19.1.jar:2.19.1]
	at org.apache.maven.surefire.junit4.JUnit4Provider.invoke(JUnit4Provider.java:161) [surefire-junit4-2.19.1.jar:2.19.1]
	at org.apache.maven.surefire.booter.ForkedBooter.invokeProviderInSameClassLoader(ForkedBooter.java:290) [surefire-booter-2.19.1.jar:2.19.1]
	at org.apache.maven.surefire.booter.ForkedBooter.runSuitesInProcess(ForkedBooter.java:242) [surefire-booter-2.19.1.jar:2.19.1]
	at org.apache.maven.surefire.booter.ForkedBooter.main(ForkedBooter.java:121) [surefire-booter-2.19.1.jar:2.19.1]
]]></system-out>
  </testcase>
  <testcase name="shouldDeleteMultipleEntities" classname="com.nurkiewicz.jdbcrepository.mysql.JdbcRepositoryManualKeyMysqlTest" time="0">
    <skipped/>
    <system-out><![CDATA[22:42:09:201 | ERROR | main | o.s.t.c.t.TransactionalTestExecutionListener | Exception encountered while executing @BeforeTransaction methods for test context [DefaultTestContext@633c9699 testClass = JdbcRepositoryManualKeyMysqlTest, testInstance = com.nurkiewicz.jdbcrepository.mysql.JdbcRepositoryManualKeyMysqlTest@67b1f69, testMethod = shouldDeleteMultipleEntities@JdbcRepositoryManualKeyTest, testException = [null], mergedContextConfiguration = [MergedContextConfiguration@31373fc1 testClass = JdbcRepositoryManualKeyMysqlTest, locations = '{}', classes = '{class com.nurkiewicz.jdbcrepository.mysql.JdbcRepositoryTestMysqlConfig}', contextInitializerClasses = '[]', activeProfiles = '{}', propertySourceLocations = '{}', propertySourceProperties = '{}', contextLoader = 'org.springframework.test.context.support.AnnotationConfigContextLoader', parent = [null]]].
java.net.ConnectException: Connection refused (Connection refused)
	at java.net.PlainSocketImpl.socketConnect(Native Method) ~[na:1.8.0_262]
	at java.net.AbstractPlainSocketImpl.doConnect(AbstractPlainSocketImpl.java:350) ~[na:1.8.0_262]
	at java.net.AbstractPlainSocketImpl.connectToAddress(AbstractPlainSocketImpl.java:206) ~[na:1.8.0_262]
	at java.net.AbstractPlainSocketImpl.connect(AbstractPlainSocketImpl.java:188) ~[na:1.8.0_262]
	at java.net.SocksSocketImpl.connect(SocksSocketImpl.java:392) ~[na:1.8.0_262]
	at java.net.Socket.connect(Socket.java:607) ~[na:1.8.0_262]
	at java.net.Socket.connect(Socket.java:556) ~[na:1.8.0_262]
	at com.nurkiewicz.jdbcrepository.AbstractIntegrationTest.ignoreIfDatabaseNotAvailable(AbstractIntegrationTest.java:36) ~[test-classes/:na]
	... 28 common frames omitted
Wrapped by: org.junit.internal.AssumptionViolatedException: got: <java.net.ConnectException: Connection refused (Connection refused)>, expected: null
	at org.junit.Assume.assumeThat(Assume.java:95) ~[junit-4.11.jar:na]
	at org.junit.Assume.assumeNoException(Assume.java:142) ~[junit-4.11.jar:na]
	at com.nurkiewicz.jdbcrepository.AbstractIntegrationTest.ignoreIfDatabaseNotAvailable(AbstractIntegrationTest.java:39) ~[test-classes/:na]
	at sun.reflect.GeneratedMethodAccessor21.invoke(Unknown Source) ~[na:na]
	at sun.reflect.DelegatingMethodAccessorImpl.invoke(DelegatingMethodAccessorImpl.java:43) ~[na:1.8.0_262]
	at java.lang.reflect.Method.invoke(Method.java:498) ~[na:1.8.0_262]
	at org.springframework.test.context.transaction.TransactionalTestExecutionListener.runBeforeTransactionMethods(TransactionalTestExecutionListener.java:248) [spring-test-4.1.1.RELEASE.jar:4.1.1.RELEASE]
	at org.springframework.test.context.transaction.TransactionalTestExecutionListener.beforeTestMethod(TransactionalTestExecutionListener.java:198) [spring-test-4.1.1.RELEASE.jar:4.1.1.RELEASE]
	at org.springframework.test.context.TestContextManager.beforeTestMethod(TestContextManager.java:249) [spring-test-4.1.1.RELEASE.jar:4.1.1.RELEASE]
	at org.springframework.test.context.junit4.statements.RunBeforeTestMethodCallbacks.evaluate(RunBeforeTestMethodCallbacks.java:71) [spring-test-4.1.1.RELEASE.jar:4.1.1.RELEASE]
	at org.springframework.test.context.junit4.statements.RunAfterTestMethodCallbacks.evaluate(RunAfterTestMethodCallbacks.java:81) [spring-test-4.1.1.RELEASE.jar:4.1.1.RELEASE]
	at org.springframework.test.context.junit4.statements.SpringRepeat.evaluate(SpringRepeat.java:72) [spring-test-4.1.1.RELEASE.jar:4.1.1.RELEASE]
	at org.junit.runners.ParentRunner.runLeaf(ParentRunner.java:271) [junit-4.11.jar:na]
	at org.springframework.test.context.junit4.SpringJUnit4ClassRunner.runChild(SpringJUnit4ClassRunner.java:216) [spring-test-4.1.1.RELEASE.jar:4.1.1.RELEASE]
	at org.springframework.test.context.junit4.SpringJUnit4ClassRunner.runChild(SpringJUnit4ClassRunner.java:82) [spring-test-4.1.1.RELEASE.jar:4.1.1.RELEASE]
	at org.junit.runners.ParentRunner$3.run(ParentRunner.java:238) [junit-4.11.jar:na]
	at org.junit.runners.ParentRunner$1.schedule(ParentRunner.java:63) [junit-4.11.jar:na]
	at org.junit.runners.ParentRunner.runChildren(ParentRunner.java:236) [junit-4.11.jar:na]
	at org.junit.runners.ParentRunner.access$000(ParentRunner.java:53) [junit-4.11.jar:na]
	at org.junit.runners.ParentRunner$2.evaluate(ParentRunner.java:229) [junit-4.11.jar:na]
	at org.springframework.test.context.junit4.statements.RunBeforeTestClassCallbacks.evaluate(RunBeforeTestClassCallbacks.java:60) [spring-test-4.1.1.RELEASE.jar:4.1.1.RELEASE]
	at org.springframework.test.context.junit4.statements.RunAfterTestClassCallbacks.evaluate(RunAfterTestClassCallbacks.java:67) [spring-test-4.1.1.RELEASE.jar:4.1.1.RELEASE]
	at org.junit.runners.ParentRunner.run(ParentRunner.java:309) [junit-4.11.jar:na]
	at org.springframework.test.context.junit4.SpringJUnit4ClassRunner.run(SpringJUnit4ClassRunner.java:162) [spring-test-4.1.1.RELEASE.jar:4.1.1.RELEASE]
	at org.apache.maven.surefire.junit4.JUnit4Provider.execute(JUnit4Provider.java:367) [surefire-junit4-2.19.1.jar:2.19.1]
	at org.apache.maven.surefire.junit4.JUnit4Provider.executeWithRerun(JUnit4Provider.java:274) [surefire-junit4-2.19.1.jar:2.19.1]
	at org.apache.maven.surefire.junit4.JUnit4Provider.executeTestSet(JUnit4Provider.java:238) [surefire-junit4-2.19.1.jar:2.19.1]
	at org.apache.maven.surefire.junit4.JUnit4Provider.invoke(JUnit4Provider.java:161) [surefire-junit4-2.19.1.jar:2.19.1]
	at org.apache.maven.surefire.booter.ForkedBooter.invokeProviderInSameClassLoader(ForkedBooter.java:290) [surefire-booter-2.19.1.jar:2.19.1]
	at org.apache.maven.surefire.booter.ForkedBooter.runSuitesInProcess(ForkedBooter.java:242) [surefire-booter-2.19.1.jar:2.19.1]
	at org.apache.maven.surefire.booter.ForkedBooter.main(ForkedBooter.java:121) [surefire-booter-2.19.1.jar:2.19.1]
22:42:09:201 | WARN  | main | o.s.t.c.TestContextManager | Caught exception while allowing TestExecutionListener [org.springframework.test.context.transaction.TransactionalTestExecutionListener@44b3d336] to process 'before' execution of test method [public void com.nurkiewicz.jdbcrepository.JdbcRepositoryManualKeyTest.shouldDeleteMultipleEntities() throws java.lang.Exception] for test instance [com.nurkiewicz.jdbcrepository.mysql.JdbcRepositoryManualKeyMysqlTest@67b1f69]
java.net.ConnectException: Connection refused (Connection refused)
	at java.net.PlainSocketImpl.socketConnect(Native Method) ~[na:1.8.0_262]
	at java.net.AbstractPlainSocketImpl.doConnect(AbstractPlainSocketImpl.java:350) ~[na:1.8.0_262]
	at java.net.AbstractPlainSocketImpl.connectToAddress(AbstractPlainSocketImpl.java:206) ~[na:1.8.0_262]
	at java.net.AbstractPlainSocketImpl.connect(AbstractPlainSocketImpl.java:188) ~[na:1.8.0_262]
	at java.net.SocksSocketImpl.connect(SocksSocketImpl.java:392) ~[na:1.8.0_262]
	at java.net.Socket.connect(Socket.java:607) ~[na:1.8.0_262]
	at java.net.Socket.connect(Socket.java:556) ~[na:1.8.0_262]
	at com.nurkiewicz.jdbcrepository.AbstractIntegrationTest.ignoreIfDatabaseNotAvailable(AbstractIntegrationTest.java:36) ~[test-classes/:na]
	... 28 common frames omitted
Wrapped by: org.junit.internal.AssumptionViolatedException: got: <java.net.ConnectException: Connection refused (Connection refused)>, expected: null
	at org.junit.Assume.assumeThat(Assume.java:95) ~[junit-4.11.jar:na]
	at org.junit.Assume.assumeNoException(Assume.java:142) ~[junit-4.11.jar:na]
	at com.nurkiewicz.jdbcrepository.AbstractIntegrationTest.ignoreIfDatabaseNotAvailable(AbstractIntegrationTest.java:39) ~[test-classes/:na]
	at sun.reflect.GeneratedMethodAccessor21.invoke(Unknown Source) ~[na:na]
	at sun.reflect.DelegatingMethodAccessorImpl.invoke(DelegatingMethodAccessorImpl.java:43) ~[na:1.8.0_262]
	at java.lang.reflect.Method.invoke(Method.java:498) ~[na:1.8.0_262]
	at org.springframework.test.context.transaction.TransactionalTestExecutionListener.runBeforeTransactionMethods(TransactionalTestExecutionListener.java:248) ~[spring-test-4.1.1.RELEASE.jar:4.1.1.RELEASE]
	at org.springframework.test.context.transaction.TransactionalTestExecutionListener.beforeTestMethod(TransactionalTestExecutionListener.java:198) ~[spring-test-4.1.1.RELEASE.jar:4.1.1.RELEASE]
	at org.springframework.test.context.TestContextManager.beforeTestMethod(TestContextManager.java:249) ~[spring-test-4.1.1.RELEASE.jar:4.1.1.RELEASE]
	at org.springframework.test.context.junit4.statements.RunBeforeTestMethodCallbacks.evaluate(RunBeforeTestMethodCallbacks.java:71) [spring-test-4.1.1.RELEASE.jar:4.1.1.RELEASE]
	at org.springframework.test.context.junit4.statements.RunAfterTestMethodCallbacks.evaluate(RunAfterTestMethodCallbacks.java:81) [spring-test-4.1.1.RELEASE.jar:4.1.1.RELEASE]
	at org.springframework.test.context.junit4.statements.SpringRepeat.evaluate(SpringRepeat.java:72) [spring-test-4.1.1.RELEASE.jar:4.1.1.RELEASE]
	at org.junit.runners.ParentRunner.runLeaf(ParentRunner.java:271) [junit-4.11.jar:na]
	at org.springframework.test.context.junit4.SpringJUnit4ClassRunner.runChild(SpringJUnit4ClassRunner.java:216) [spring-test-4.1.1.RELEASE.jar:4.1.1.RELEASE]
	at org.springframework.test.context.junit4.SpringJUnit4ClassRunner.runChild(SpringJUnit4ClassRunner.java:82) [spring-test-4.1.1.RELEASE.jar:4.1.1.RELEASE]
	at org.junit.runners.ParentRunner$3.run(ParentRunner.java:238) [junit-4.11.jar:na]
	at org.junit.runners.ParentRunner$1.schedule(ParentRunner.java:63) [junit-4.11.jar:na]
	at org.junit.runners.ParentRunner.runChildren(ParentRunner.java:236) [junit-4.11.jar:na]
	at org.junit.runners.ParentRunner.access$000(ParentRunner.java:53) [junit-4.11.jar:na]
	at org.junit.runners.ParentRunner$2.evaluate(ParentRunner.java:229) [junit-4.11.jar:na]
	at org.springframework.test.context.junit4.statements.RunBeforeTestClassCallbacks.evaluate(RunBeforeTestClassCallbacks.java:60) [spring-test-4.1.1.RELEASE.jar:4.1.1.RELEASE]
	at org.springframework.test.context.junit4.statements.RunAfterTestClassCallbacks.evaluate(RunAfterTestClassCallbacks.java:67) [spring-test-4.1.1.RELEASE.jar:4.1.1.RELEASE]
	at org.junit.runners.ParentRunner.run(ParentRunner.java:309) [junit-4.11.jar:na]
	at org.springframework.test.context.junit4.SpringJUnit4ClassRunner.run(SpringJUnit4ClassRunner.java:162) [spring-test-4.1.1.RELEASE.jar:4.1.1.RELEASE]
	at org.apache.maven.surefire.junit4.JUnit4Provider.execute(JUnit4Provider.java:367) [surefire-junit4-2.19.1.jar:2.19.1]
	at org.apache.maven.surefire.junit4.JUnit4Provider.executeWithRerun(JUnit4Provider.java:274) [surefire-junit4-2.19.1.jar:2.19.1]
	at org.apache.maven.surefire.junit4.JUnit4Provider.executeTestSet(JUnit4Provider.java:238) [surefire-junit4-2.19.1.jar:2.19.1]
	at org.apache.maven.surefire.junit4.JUnit4Provider.invoke(JUnit4Provider.java:161) [surefire-junit4-2.19.1.jar:2.19.1]
	at org.apache.maven.surefire.booter.ForkedBooter.invokeProviderInSameClassLoader(ForkedBooter.java:290) [surefire-booter-2.19.1.jar:2.19.1]
	at org.apache.maven.surefire.booter.ForkedBooter.runSuitesInProcess(ForkedBooter.java:242) [surefire-booter-2.19.1.jar:2.19.1]
	at org.apache.maven.surefire.booter.ForkedBooter.main(ForkedBooter.java:121) [surefire-booter-2.19.1.jar:2.19.1]
]]></system-out>
  </testcase>
  <testcase name="shouldReturnNothingWhenFindingByListOfIdsButListEmpty" classname="com.nurkiewicz.jdbcrepository.mysql.JdbcRepositoryManualKeyMysqlTest" time="0">
    <skipped/>
    <system-out><![CDATA[22:42:09:203 | ERROR | main | o.s.t.c.t.TransactionalTestExecutionListener | Exception encountered while executing @BeforeTransaction methods for test context [DefaultTestContext@633c9699 testClass = JdbcRepositoryManualKeyMysqlTest, testInstance = com.nurkiewicz.jdbcrepository.mysql.JdbcRepositoryManualKeyMysqlTest@b625b00, testMethod = shouldReturnNothingWhenFindingByListOfIdsButListEmpty@JdbcRepositoryManualKeyTest, testException = [null], mergedContextConfiguration = [MergedContextConfiguration@31373fc1 testClass = JdbcRepositoryManualKeyMysqlTest, locations = '{}', classes = '{class com.nurkiewicz.jdbcrepository.mysql.JdbcRepositoryTestMysqlConfig}', contextInitializerClasses = '[]', activeProfiles = '{}', propertySourceLocations = '{}', propertySourceProperties = '{}', contextLoader = 'org.springframework.test.context.support.AnnotationConfigContextLoader', parent = [null]]].
java.net.ConnectException: Connection refused (Connection refused)
	at java.net.PlainSocketImpl.socketConnect(Native Method) ~[na:1.8.0_262]
	at java.net.AbstractPlainSocketImpl.doConnect(AbstractPlainSocketImpl.java:350) ~[na:1.8.0_262]
	at java.net.AbstractPlainSocketImpl.connectToAddress(AbstractPlainSocketImpl.java:206) ~[na:1.8.0_262]
	at java.net.AbstractPlainSocketImpl.connect(AbstractPlainSocketImpl.java:188) ~[na:1.8.0_262]
	at java.net.SocksSocketImpl.connect(SocksSocketImpl.java:392) ~[na:1.8.0_262]
	at java.net.Socket.connect(Socket.java:607) ~[na:1.8.0_262]
	at java.net.Socket.connect(Socket.java:556) ~[na:1.8.0_262]
	at com.nurkiewicz.jdbcrepository.AbstractIntegrationTest.ignoreIfDatabaseNotAvailable(AbstractIntegrationTest.java:36) ~[test-classes/:na]
	... 28 common frames omitted
Wrapped by: org.junit.internal.AssumptionViolatedException: got: <java.net.ConnectException: Connection refused (Connection refused)>, expected: null
	at org.junit.Assume.assumeThat(Assume.java:95) ~[junit-4.11.jar:na]
	at org.junit.Assume.assumeNoException(Assume.java:142) ~[junit-4.11.jar:na]
	at com.nurkiewicz.jdbcrepository.AbstractIntegrationTest.ignoreIfDatabaseNotAvailable(AbstractIntegrationTest.java:39) ~[test-classes/:na]
	at sun.reflect.GeneratedMethodAccessor21.invoke(Unknown Source) ~[na:na]
	at sun.reflect.DelegatingMethodAccessorImpl.invoke(DelegatingMethodAccessorImpl.java:43) ~[na:1.8.0_262]
	at java.lang.reflect.Method.invoke(Method.java:498) ~[na:1.8.0_262]
	at org.springframework.test.context.transaction.TransactionalTestExecutionListener.runBeforeTransactionMethods(TransactionalTestExecutionListener.java:248) [spring-test-4.1.1.RELEASE.jar:4.1.1.RELEASE]
	at org.springframework.test.context.transaction.TransactionalTestExecutionListener.beforeTestMethod(TransactionalTestExecutionListener.java:198) [spring-test-4.1.1.RELEASE.jar:4.1.1.RELEASE]
	at org.springframework.test.context.TestContextManager.beforeTestMethod(TestContextManager.java:249) [spring-test-4.1.1.RELEASE.jar:4.1.1.RELEASE]
	at org.springframework.test.context.junit4.statements.RunBeforeTestMethodCallbacks.evaluate(RunBeforeTestMethodCallbacks.java:71) [spring-test-4.1.1.RELEASE.jar:4.1.1.RELEASE]
	at org.springframework.test.context.junit4.statements.RunAfterTestMethodCallbacks.evaluate(RunAfterTestMethodCallbacks.java:81) [spring-test-4.1.1.RELEASE.jar:4.1.1.RELEASE]
	at org.springframework.test.context.junit4.statements.SpringRepeat.evaluate(SpringRepeat.java:72) [spring-test-4.1.1.RELEASE.jar:4.1.1.RELEASE]
	at org.junit.runners.ParentRunner.runLeaf(ParentRunner.java:271) [junit-4.11.jar:na]
	at org.springframework.test.context.junit4.SpringJUnit4ClassRunner.runChild(SpringJUnit4ClassRunner.java:216) [spring-test-4.1.1.RELEASE.jar:4.1.1.RELEASE]
	at org.springframework.test.context.junit4.SpringJUnit4ClassRunner.runChild(SpringJUnit4ClassRunner.java:82) [spring-test-4.1.1.RELEASE.jar:4.1.1.RELEASE]
	at org.junit.runners.ParentRunner$3.run(ParentRunner.java:238) [junit-4.11.jar:na]
	at org.junit.runners.ParentRunner$1.schedule(ParentRunner.java:63) [junit-4.11.jar:na]
	at org.junit.runners.ParentRunner.runChildren(ParentRunner.java:236) [junit-4.11.jar:na]
	at org.junit.runners.ParentRunner.access$000(ParentRunner.java:53) [junit-4.11.jar:na]
	at org.junit.runners.ParentRunner$2.evaluate(ParentRunner.java:229) [junit-4.11.jar:na]
	at org.springframework.test.context.junit4.statements.RunBeforeTestClassCallbacks.evaluate(RunBeforeTestClassCallbacks.java:60) [spring-test-4.1.1.RELEASE.jar:4.1.1.RELEASE]
	at org.springframework.test.context.junit4.statements.RunAfterTestClassCallbacks.evaluate(RunAfterTestClassCallbacks.java:67) [spring-test-4.1.1.RELEASE.jar:4.1.1.RELEASE]
	at org.junit.runners.ParentRunner.run(ParentRunner.java:309) [junit-4.11.jar:na]
	at org.springframework.test.context.junit4.SpringJUnit4ClassRunner.run(SpringJUnit4ClassRunner.java:162) [spring-test-4.1.1.RELEASE.jar:4.1.1.RELEASE]
	at org.apache.maven.surefire.junit4.JUnit4Provider.execute(JUnit4Provider.java:367) [surefire-junit4-2.19.1.jar:2.19.1]
	at org.apache.maven.surefire.junit4.JUnit4Provider.executeWithRerun(JUnit4Provider.java:274) [surefire-junit4-2.19.1.jar:2.19.1]
	at org.apache.maven.surefire.junit4.JUnit4Provider.executeTestSet(JUnit4Provider.java:238) [surefire-junit4-2.19.1.jar:2.19.1]
	at org.apache.maven.surefire.junit4.JUnit4Provider.invoke(JUnit4Provider.java:161) [surefire-junit4-2.19.1.jar:2.19.1]
	at org.apache.maven.surefire.booter.ForkedBooter.invokeProviderInSameClassLoader(ForkedBooter.java:290) [surefire-booter-2.19.1.jar:2.19.1]
	at org.apache.maven.surefire.booter.ForkedBooter.runSuitesInProcess(ForkedBooter.java:242) [surefire-booter-2.19.1.jar:2.19.1]
	at org.apache.maven.surefire.booter.ForkedBooter.main(ForkedBooter.java:121) [surefire-booter-2.19.1.jar:2.19.1]
22:42:09:204 | WARN  | main | o.s.t.c.TestContextManager | Caught exception while allowing TestExecutionListener [org.springframework.test.context.transaction.TransactionalTestExecutionListener@44b3d336] to process 'before' execution of test method [public void com.nurkiewicz.jdbcrepository.JdbcRepositoryManualKeyTest.shouldReturnNothingWhenFindingByListOfIdsButListEmpty() throws java.lang.Exception] for test instance [com.nurkiewicz.jdbcrepository.mysql.JdbcRepositoryManualKeyMysqlTest@b625b00]
java.net.ConnectException: Connection refused (Connection refused)
	at java.net.PlainSocketImpl.socketConnect(Native Method) ~[na:1.8.0_262]
	at java.net.AbstractPlainSocketImpl.doConnect(AbstractPlainSocketImpl.java:350) ~[na:1.8.0_262]
	at java.net.AbstractPlainSocketImpl.connectToAddress(AbstractPlainSocketImpl.java:206) ~[na:1.8.0_262]
	at java.net.AbstractPlainSocketImpl.connect(AbstractPlainSocketImpl.java:188) ~[na:1.8.0_262]
	at java.net.SocksSocketImpl.connect(SocksSocketImpl.java:392) ~[na:1.8.0_262]
	at java.net.Socket.connect(Socket.java:607) ~[na:1.8.0_262]
	at java.net.Socket.connect(Socket.java:556) ~[na:1.8.0_262]
	at com.nurkiewicz.jdbcrepository.AbstractIntegrationTest.ignoreIfDatabaseNotAvailable(AbstractIntegrationTest.java:36) ~[test-classes/:na]
	... 28 common frames omitted
Wrapped by: org.junit.internal.AssumptionViolatedException: got: <java.net.ConnectException: Connection refused (Connection refused)>, expected: null
	at org.junit.Assume.assumeThat(Assume.java:95) ~[junit-4.11.jar:na]
	at org.junit.Assume.assumeNoException(Assume.java:142) ~[junit-4.11.jar:na]
	at com.nurkiewicz.jdbcrepository.AbstractIntegrationTest.ignoreIfDatabaseNotAvailable(AbstractIntegrationTest.java:39) ~[test-classes/:na]
	at sun.reflect.GeneratedMethodAccessor21.invoke(Unknown Source) ~[na:na]
	at sun.reflect.DelegatingMethodAccessorImpl.invoke(DelegatingMethodAccessorImpl.java:43) ~[na:1.8.0_262]
	at java.lang.reflect.Method.invoke(Method.java:498) ~[na:1.8.0_262]
	at org.springframework.test.context.transaction.TransactionalTestExecutionListener.runBeforeTransactionMethods(TransactionalTestExecutionListener.java:248) ~[spring-test-4.1.1.RELEASE.jar:4.1.1.RELEASE]
	at org.springframework.test.context.transaction.TransactionalTestExecutionListener.beforeTestMethod(TransactionalTestExecutionListener.java:198) ~[spring-test-4.1.1.RELEASE.jar:4.1.1.RELEASE]
	at org.springframework.test.context.TestContextManager.beforeTestMethod(TestContextManager.java:249) ~[spring-test-4.1.1.RELEASE.jar:4.1.1.RELEASE]
	at org.springframework.test.context.junit4.statements.RunBeforeTestMethodCallbacks.evaluate(RunBeforeTestMethodCallbacks.java:71) [spring-test-4.1.1.RELEASE.jar:4.1.1.RELEASE]
	at org.springframework.test.context.junit4.statements.RunAfterTestMethodCallbacks.evaluate(RunAfterTestMethodCallbacks.java:81) [spring-test-4.1.1.RELEASE.jar:4.1.1.RELEASE]
	at org.springframework.test.context.junit4.statements.SpringRepeat.evaluate(SpringRepeat.java:72) [spring-test-4.1.1.RELEASE.jar:4.1.1.RELEASE]
	at org.junit.runners.ParentRunner.runLeaf(ParentRunner.java:271) [junit-4.11.jar:na]
	at org.springframework.test.context.junit4.SpringJUnit4ClassRunner.runChild(SpringJUnit4ClassRunner.java:216) [spring-test-4.1.1.RELEASE.jar:4.1.1.RELEASE]
	at org.springframework.test.context.junit4.SpringJUnit4ClassRunner.runChild(SpringJUnit4ClassRunner.java:82) [spring-test-4.1.1.RELEASE.jar:4.1.1.RELEASE]
	at org.junit.runners.ParentRunner$3.run(ParentRunner.java:238) [junit-4.11.jar:na]
	at org.junit.runners.ParentRunner$1.schedule(ParentRunner.java:63) [junit-4.11.jar:na]
	at org.junit.runners.ParentRunner.runChildren(ParentRunner.java:236) [junit-4.11.jar:na]
	at org.junit.runners.ParentRunner.access$000(ParentRunner.java:53) [junit-4.11.jar:na]
	at org.junit.runners.ParentRunner$2.evaluate(ParentRunner.java:229) [junit-4.11.jar:na]
	at org.springframework.test.context.junit4.statements.RunBeforeTestClassCallbacks.evaluate(RunBeforeTestClassCallbacks.java:60) [spring-test-4.1.1.RELEASE.jar:4.1.1.RELEASE]
	at org.springframework.test.context.junit4.statements.RunAfterTestClassCallbacks.evaluate(RunAfterTestClassCallbacks.java:67) [spring-test-4.1.1.RELEASE.jar:4.1.1.RELEASE]
	at org.junit.runners.ParentRunner.run(ParentRunner.java:309) [junit-4.11.jar:na]
	at org.springframework.test.context.junit4.SpringJUnit4ClassRunner.run(SpringJUnit4ClassRunner.java:162) [spring-test-4.1.1.RELEASE.jar:4.1.1.RELEASE]
	at org.apache.maven.surefire.junit4.JUnit4Provider.execute(JUnit4Provider.java:367) [surefire-junit4-2.19.1.jar:2.19.1]
	at org.apache.maven.surefire.junit4.JUnit4Provider.executeWithRerun(JUnit4Provider.java:274) [surefire-junit4-2.19.1.jar:2.19.1]
	at org.apache.maven.surefire.junit4.JUnit4Provider.executeTestSet(JUnit4Provider.java:238) [surefire-junit4-2.19.1.jar:2.19.1]
	at org.apache.maven.surefire.junit4.JUnit4Provider.invoke(JUnit4Provider.java:161) [surefire-junit4-2.19.1.jar:2.19.1]
	at org.apache.maven.surefire.booter.ForkedBooter.invokeProviderInSameClassLoader(ForkedBooter.java:290) [surefire-booter-2.19.1.jar:2.19.1]
	at org.apache.maven.surefire.booter.ForkedBooter.runSuitesInProcess(ForkedBooter.java:242) [surefire-booter-2.19.1.jar:2.19.1]
	at org.apache.maven.surefire.booter.ForkedBooter.main(ForkedBooter.java:121) [surefire-booter-2.19.1.jar:2.19.1]
]]></system-out>
  </testcase>
  <testcase name="shouldReturnPageWithOneItemWithSortingApplied" classname="com.nurkiewicz.jdbcrepository.mysql.JdbcRepositoryManualKeyMysqlTest" time="0">
    <skipped/>
    <system-out><![CDATA[22:42:09:207 | ERROR | main | o.s.t.c.t.TransactionalTestExecutionListener | Exception encountered while executing @BeforeTransaction methods for test context [DefaultTestContext@633c9699 testClass = JdbcRepositoryManualKeyMysqlTest, testInstance = com.nurkiewicz.jdbcrepository.mysql.JdbcRepositoryManualKeyMysqlTest@7d0c21, testMethod = shouldReturnPageWithOneItemWithSortingApplied@JdbcRepositoryManualKeyTest, testException = [null], mergedContextConfiguration = [MergedContextConfiguration@31373fc1 testClass = JdbcRepositoryManualKeyMysqlTest, locations = '{}', classes = '{class com.nurkiewicz.jdbcrepository.mysql.JdbcRepositoryTestMysqlConfig}', contextInitializerClasses = '[]', activeProfiles = '{}', propertySourceLocations = '{}', propertySourceProperties = '{}', contextLoader = 'org.springframework.test.context.support.AnnotationConfigContextLoader', parent = [null]]].
java.net.ConnectException: Connection refused (Connection refused)
	at java.net.PlainSocketImpl.socketConnect(Native Method) ~[na:1.8.0_262]
	at java.net.AbstractPlainSocketImpl.doConnect(AbstractPlainSocketImpl.java:350) ~[na:1.8.0_262]
	at java.net.AbstractPlainSocketImpl.connectToAddress(AbstractPlainSocketImpl.java:206) ~[na:1.8.0_262]
	at java.net.AbstractPlainSocketImpl.connect(AbstractPlainSocketImpl.java:188) ~[na:1.8.0_262]
	at java.net.SocksSocketImpl.connect(SocksSocketImpl.java:392) ~[na:1.8.0_262]
	at java.net.Socket.connect(Socket.java:607) ~[na:1.8.0_262]
	at java.net.Socket.connect(Socket.java:556) ~[na:1.8.0_262]
	at com.nurkiewicz.jdbcrepository.AbstractIntegrationTest.ignoreIfDatabaseNotAvailable(AbstractIntegrationTest.java:36) ~[test-classes/:na]
	... 28 common frames omitted
Wrapped by: org.junit.internal.AssumptionViolatedException: got: <java.net.ConnectException: Connection refused (Connection refused)>, expected: null
	at org.junit.Assume.assumeThat(Assume.java:95) ~[junit-4.11.jar:na]
	at org.junit.Assume.assumeNoException(Assume.java:142) ~[junit-4.11.jar:na]
	at com.nurkiewicz.jdbcrepository.AbstractIntegrationTest.ignoreIfDatabaseNotAvailable(AbstractIntegrationTest.java:39) ~[test-classes/:na]
	at sun.reflect.GeneratedMethodAccessor21.invoke(Unknown Source) ~[na:na]
	at sun.reflect.DelegatingMethodAccessorImpl.invoke(DelegatingMethodAccessorImpl.java:43) ~[na:1.8.0_262]
	at java.lang.reflect.Method.invoke(Method.java:498) ~[na:1.8.0_262]
	at org.springframework.test.context.transaction.TransactionalTestExecutionListener.runBeforeTransactionMethods(TransactionalTestExecutionListener.java:248) [spring-test-4.1.1.RELEASE.jar:4.1.1.RELEASE]
	at org.springframework.test.context.transaction.TransactionalTestExecutionListener.beforeTestMethod(TransactionalTestExecutionListener.java:198) [spring-test-4.1.1.RELEASE.jar:4.1.1.RELEASE]
	at org.springframework.test.context.TestContextManager.beforeTestMethod(TestContextManager.java:249) [spring-test-4.1.1.RELEASE.jar:4.1.1.RELEASE]
	at org.springframework.test.context.junit4.statements.RunBeforeTestMethodCallbacks.evaluate(RunBeforeTestMethodCallbacks.java:71) [spring-test-4.1.1.RELEASE.jar:4.1.1.RELEASE]
	at org.springframework.test.context.junit4.statements.RunAfterTestMethodCallbacks.evaluate(RunAfterTestMethodCallbacks.java:81) [spring-test-4.1.1.RELEASE.jar:4.1.1.RELEASE]
	at org.springframework.test.context.junit4.statements.SpringRepeat.evaluate(SpringRepeat.java:72) [spring-test-4.1.1.RELEASE.jar:4.1.1.RELEASE]
	at org.junit.runners.ParentRunner.runLeaf(ParentRunner.java:271) [junit-4.11.jar:na]
	at org.springframework.test.context.junit4.SpringJUnit4ClassRunner.runChild(SpringJUnit4ClassRunner.java:216) [spring-test-4.1.1.RELEASE.jar:4.1.1.RELEASE]
	at org.springframework.test.context.junit4.SpringJUnit4ClassRunner.runChild(SpringJUnit4ClassRunner.java:82) [spring-test-4.1.1.RELEASE.jar:4.1.1.RELEASE]
	at org.junit.runners.ParentRunner$3.run(ParentRunner.java:238) [junit-4.11.jar:na]
	at org.junit.runners.ParentRunner$1.schedule(ParentRunner.java:63) [junit-4.11.jar:na]
	at org.junit.runners.ParentRunner.runChildren(ParentRunner.java:236) [junit-4.11.jar:na]
	at org.junit.runners.ParentRunner.access$000(ParentRunner.java:53) [junit-4.11.jar:na]
	at org.junit.runners.ParentRunner$2.evaluate(ParentRunner.java:229) [junit-4.11.jar:na]
	at org.springframework.test.context.junit4.statements.RunBeforeTestClassCallbacks.evaluate(RunBeforeTestClassCallbacks.java:60) [spring-test-4.1.1.RELEASE.jar:4.1.1.RELEASE]
	at org.springframework.test.context.junit4.statements.RunAfterTestClassCallbacks.evaluate(RunAfterTestClassCallbacks.java:67) [spring-test-4.1.1.RELEASE.jar:4.1.1.RELEASE]
	at org.junit.runners.ParentRunner.run(ParentRunner.java:309) [junit-4.11.jar:na]
	at org.springframework.test.context.junit4.SpringJUnit4ClassRunner.run(SpringJUnit4ClassRunner.java:162) [spring-test-4.1.1.RELEASE.jar:4.1.1.RELEASE]
	at org.apache.maven.surefire.junit4.JUnit4Provider.execute(JUnit4Provider.java:367) [surefire-junit4-2.19.1.jar:2.19.1]
	at org.apache.maven.surefire.junit4.JUnit4Provider.executeWithRerun(JUnit4Provider.java:274) [surefire-junit4-2.19.1.jar:2.19.1]
	at org.apache.maven.surefire.junit4.JUnit4Provider.executeTestSet(JUnit4Provider.java:238) [surefire-junit4-2.19.1.jar:2.19.1]
	at org.apache.maven.surefire.junit4.JUnit4Provider.invoke(JUnit4Provider.java:161) [surefire-junit4-2.19.1.jar:2.19.1]
	at org.apache.maven.surefire.booter.ForkedBooter.invokeProviderInSameClassLoader(ForkedBooter.java:290) [surefire-booter-2.19.1.jar:2.19.1]
	at org.apache.maven.surefire.booter.ForkedBooter.runSuitesInProcess(ForkedBooter.java:242) [surefire-booter-2.19.1.jar:2.19.1]
	at org.apache.maven.surefire.booter.ForkedBooter.main(ForkedBooter.java:121) [surefire-booter-2.19.1.jar:2.19.1]
22:42:09:207 | WARN  | main | o.s.t.c.TestContextManager | Caught exception while allowing TestExecutionListener [org.springframework.test.context.transaction.TransactionalTestExecutionListener@44b3d336] to process 'before' execution of test method [public void com.nurkiewicz.jdbcrepository.JdbcRepositoryManualKeyTest.shouldReturnPageWithOneItemWithSortingApplied()] for test instance [com.nurkiewicz.jdbcrepository.mysql.JdbcRepositoryManualKeyMysqlTest@7d0c21]
java.net.ConnectException: Connection refused (Connection refused)
	at java.net.PlainSocketImpl.socketConnect(Native Method) ~[na:1.8.0_262]
	at java.net.AbstractPlainSocketImpl.doConnect(AbstractPlainSocketImpl.java:350) ~[na:1.8.0_262]
	at java.net.AbstractPlainSocketImpl.connectToAddress(AbstractPlainSocketImpl.java:206) ~[na:1.8.0_262]
	at java.net.AbstractPlainSocketImpl.connect(AbstractPlainSocketImpl.java:188) ~[na:1.8.0_262]
	at java.net.SocksSocketImpl.connect(SocksSocketImpl.java:392) ~[na:1.8.0_262]
	at java.net.Socket.connect(Socket.java:607) ~[na:1.8.0_262]
	at java.net.Socket.connect(Socket.java:556) ~[na:1.8.0_262]
	at com.nurkiewicz.jdbcrepository.AbstractIntegrationTest.ignoreIfDatabaseNotAvailable(AbstractIntegrationTest.java:36) ~[test-classes/:na]
	... 28 common frames omitted
Wrapped by: org.junit.internal.AssumptionViolatedException: got: <java.net.ConnectException: Connection refused (Connection refused)>, expected: null
	at org.junit.Assume.assumeThat(Assume.java:95) ~[junit-4.11.jar:na]
	at org.junit.Assume.assumeNoException(Assume.java:142) ~[junit-4.11.jar:na]
	at com.nurkiewicz.jdbcrepository.AbstractIntegrationTest.ignoreIfDatabaseNotAvailable(AbstractIntegrationTest.java:39) ~[test-classes/:na]
	at sun.reflect.GeneratedMethodAccessor21.invoke(Unknown Source) ~[na:na]
	at sun.reflect.DelegatingMethodAccessorImpl.invoke(DelegatingMethodAccessorImpl.java:43) ~[na:1.8.0_262]
	at java.lang.reflect.Method.invoke(Method.java:498) ~[na:1.8.0_262]
	at org.springframework.test.context.transaction.TransactionalTestExecutionListener.runBeforeTransactionMethods(TransactionalTestExecutionListener.java:248) ~[spring-test-4.1.1.RELEASE.jar:4.1.1.RELEASE]
	at org.springframework.test.context.transaction.TransactionalTestExecutionListener.beforeTestMethod(TransactionalTestExecutionListener.java:198) ~[spring-test-4.1.1.RELEASE.jar:4.1.1.RELEASE]
	at org.springframework.test.context.TestContextManager.beforeTestMethod(TestContextManager.java:249) ~[spring-test-4.1.1.RELEASE.jar:4.1.1.RELEASE]
	at org.springframework.test.context.junit4.statements.RunBeforeTestMethodCallbacks.evaluate(RunBeforeTestMethodCallbacks.java:71) [spring-test-4.1.1.RELEASE.jar:4.1.1.RELEASE]
	at org.springframework.test.context.junit4.statements.RunAfterTestMethodCallbacks.evaluate(RunAfterTestMethodCallbacks.java:81) [spring-test-4.1.1.RELEASE.jar:4.1.1.RELEASE]
	at org.springframework.test.context.junit4.statements.SpringRepeat.evaluate(SpringRepeat.java:72) [spring-test-4.1.1.RELEASE.jar:4.1.1.RELEASE]
	at org.junit.runners.ParentRunner.runLeaf(ParentRunner.java:271) [junit-4.11.jar:na]
	at org.springframework.test.context.junit4.SpringJUnit4ClassRunner.runChild(SpringJUnit4ClassRunner.java:216) [spring-test-4.1.1.RELEASE.jar:4.1.1.RELEASE]
	at org.springframework.test.context.junit4.SpringJUnit4ClassRunner.runChild(SpringJUnit4ClassRunner.java:82) [spring-test-4.1.1.RELEASE.jar:4.1.1.RELEASE]
	at org.junit.runners.ParentRunner$3.run(ParentRunner.java:238) [junit-4.11.jar:na]
	at org.junit.runners.ParentRunner$1.schedule(ParentRunner.java:63) [junit-4.11.jar:na]
	at org.junit.runners.ParentRunner.runChildren(ParentRunner.java:236) [junit-4.11.jar:na]
	at org.junit.runners.ParentRunner.access$000(ParentRunner.java:53) [junit-4.11.jar:na]
	at org.junit.runners.ParentRunner$2.evaluate(ParentRunner.java:229) [junit-4.11.jar:na]
	at org.springframework.test.context.junit4.statements.RunBeforeTestClassCallbacks.evaluate(RunBeforeTestClassCallbacks.java:60) [spring-test-4.1.1.RELEASE.jar:4.1.1.RELEASE]
	at org.springframework.test.context.junit4.statements.RunAfterTestClassCallbacks.evaluate(RunAfterTestClassCallbacks.java:67) [spring-test-4.1.1.RELEASE.jar:4.1.1.RELEASE]
	at org.junit.runners.ParentRunner.run(ParentRunner.java:309) [junit-4.11.jar:na]
	at org.springframework.test.context.junit4.SpringJUnit4ClassRunner.run(SpringJUnit4ClassRunner.java:162) [spring-test-4.1.1.RELEASE.jar:4.1.1.RELEASE]
	at org.apache.maven.surefire.junit4.JUnit4Provider.execute(JUnit4Provider.java:367) [surefire-junit4-2.19.1.jar:2.19.1]
	at org.apache.maven.surefire.junit4.JUnit4Provider.executeWithRerun(JUnit4Provider.java:274) [surefire-junit4-2.19.1.jar:2.19.1]
	at org.apache.maven.surefire.junit4.JUnit4Provider.executeTestSet(JUnit4Provider.java:238) [surefire-junit4-2.19.1.jar:2.19.1]
	at org.apache.maven.surefire.junit4.JUnit4Provider.invoke(JUnit4Provider.java:161) [surefire-junit4-2.19.1.jar:2.19.1]
	at org.apache.maven.surefire.booter.ForkedBooter.invokeProviderInSameClassLoader(ForkedBooter.java:290) [surefire-booter-2.19.1.jar:2.19.1]
	at org.apache.maven.surefire.booter.ForkedBooter.runSuitesInProcess(ForkedBooter.java:242) [surefire-booter-2.19.1.jar:2.19.1]
	at org.apache.maven.surefire.booter.ForkedBooter.main(ForkedBooter.java:121) [surefire-booter-2.19.1.jar:2.19.1]
]]></system-out>
  </testcase>
  <testcase name="shouldDeleteAllRecordsInTable" classname="com.nurkiewicz.jdbcrepository.mysql.JdbcRepositoryManualKeyMysqlTest" time="0">
    <skipped/>
    <system-out><![CDATA[22:42:09:209 | ERROR | main | o.s.t.c.t.TransactionalTestExecutionListener | Exception encountered while executing @BeforeTransaction methods for test context [DefaultTestContext@633c9699 testClass = JdbcRepositoryManualKeyMysqlTest, testInstance = com.nurkiewicz.jdbcrepository.mysql.JdbcRepositoryManualKeyMysqlTest@5e0fbfb6, testMethod = shouldDeleteAllRecordsInTable@JdbcRepositoryManualKeyTest, testException = [null], mergedContextConfiguration = [MergedContextConfiguration@31373fc1 testClass = JdbcRepositoryManualKeyMysqlTest, locations = '{}', classes = '{class com.nurkiewicz.jdbcrepository.mysql.JdbcRepositoryTestMysqlConfig}', contextInitializerClasses = '[]', activeProfiles = '{}', propertySourceLocations = '{}', propertySourceProperties = '{}', contextLoader = 'org.springframework.test.context.support.AnnotationConfigContextLoader', parent = [null]]].
java.net.ConnectException: Connection refused (Connection refused)
	at java.net.PlainSocketImpl.socketConnect(Native Method) ~[na:1.8.0_262]
	at java.net.AbstractPlainSocketImpl.doConnect(AbstractPlainSocketImpl.java:350) ~[na:1.8.0_262]
	at java.net.AbstractPlainSocketImpl.connectToAddress(AbstractPlainSocketImpl.java:206) ~[na:1.8.0_262]
	at java.net.AbstractPlainSocketImpl.connect(AbstractPlainSocketImpl.java:188) ~[na:1.8.0_262]
	at java.net.SocksSocketImpl.connect(SocksSocketImpl.java:392) ~[na:1.8.0_262]
	at java.net.Socket.connect(Socket.java:607) ~[na:1.8.0_262]
	at java.net.Socket.connect(Socket.java:556) ~[na:1.8.0_262]
	at com.nurkiewicz.jdbcrepository.AbstractIntegrationTest.ignoreIfDatabaseNotAvailable(AbstractIntegrationTest.java:36) ~[test-classes/:na]
	... 28 common frames omitted
Wrapped by: org.junit.internal.AssumptionViolatedException: got: <java.net.ConnectException: Connection refused (Connection refused)>, expected: null
	at org.junit.Assume.assumeThat(Assume.java:95) ~[junit-4.11.jar:na]
	at org.junit.Assume.assumeNoException(Assume.java:142) ~[junit-4.11.jar:na]
	at com.nurkiewicz.jdbcrepository.AbstractIntegrationTest.ignoreIfDatabaseNotAvailable(AbstractIntegrationTest.java:39) ~[test-classes/:na]
	at sun.reflect.GeneratedMethodAccessor21.invoke(Unknown Source) ~[na:na]
	at sun.reflect.DelegatingMethodAccessorImpl.invoke(DelegatingMethodAccessorImpl.java:43) ~[na:1.8.0_262]
	at java.lang.reflect.Method.invoke(Method.java:498) ~[na:1.8.0_262]
	at org.springframework.test.context.transaction.TransactionalTestExecutionListener.runBeforeTransactionMethods(TransactionalTestExecutionListener.java:248) [spring-test-4.1.1.RELEASE.jar:4.1.1.RELEASE]
	at org.springframework.test.context.transaction.TransactionalTestExecutionListener.beforeTestMethod(TransactionalTestExecutionListener.java:198) [spring-test-4.1.1.RELEASE.jar:4.1.1.RELEASE]
	at org.springframework.test.context.TestContextManager.beforeTestMethod(TestContextManager.java:249) [spring-test-4.1.1.RELEASE.jar:4.1.1.RELEASE]
	at org.springframework.test.context.junit4.statements.RunBeforeTestMethodCallbacks.evaluate(RunBeforeTestMethodCallbacks.java:71) [spring-test-4.1.1.RELEASE.jar:4.1.1.RELEASE]
	at org.springframework.test.context.junit4.statements.RunAfterTestMethodCallbacks.evaluate(RunAfterTestMethodCallbacks.java:81) [spring-test-4.1.1.RELEASE.jar:4.1.1.RELEASE]
	at org.springframework.test.context.junit4.statements.SpringRepeat.evaluate(SpringRepeat.java:72) [spring-test-4.1.1.RELEASE.jar:4.1.1.RELEASE]
	at org.junit.runners.ParentRunner.runLeaf(ParentRunner.java:271) [junit-4.11.jar:na]
	at org.springframework.test.context.junit4.SpringJUnit4ClassRunner.runChild(SpringJUnit4ClassRunner.java:216) [spring-test-4.1.1.RELEASE.jar:4.1.1.RELEASE]
	at org.springframework.test.context.junit4.SpringJUnit4ClassRunner.runChild(SpringJUnit4ClassRunner.java:82) [spring-test-4.1.1.RELEASE.jar:4.1.1.RELEASE]
	at org.junit.runners.ParentRunner$3.run(ParentRunner.java:238) [junit-4.11.jar:na]
	at org.junit.runners.ParentRunner$1.schedule(ParentRunner.java:63) [junit-4.11.jar:na]
	at org.junit.runners.ParentRunner.runChildren(ParentRunner.java:236) [junit-4.11.jar:na]
	at org.junit.runners.ParentRunner.access$000(ParentRunner.java:53) [junit-4.11.jar:na]
	at org.junit.runners.ParentRunner$2.evaluate(ParentRunner.java:229) [junit-4.11.jar:na]
	at org.springframework.test.context.junit4.statements.RunBeforeTestClassCallbacks.evaluate(RunBeforeTestClassCallbacks.java:60) [spring-test-4.1.1.RELEASE.jar:4.1.1.RELEASE]
	at org.springframework.test.context.junit4.statements.RunAfterTestClassCallbacks.evaluate(RunAfterTestClassCallbacks.java:67) [spring-test-4.1.1.RELEASE.jar:4.1.1.RELEASE]
	at org.junit.runners.ParentRunner.run(ParentRunner.java:309) [junit-4.11.jar:na]
	at org.springframework.test.context.junit4.SpringJUnit4ClassRunner.run(SpringJUnit4ClassRunner.java:162) [spring-test-4.1.1.RELEASE.jar:4.1.1.RELEASE]
	at org.apache.maven.surefire.junit4.JUnit4Provider.execute(JUnit4Provider.java:367) [surefire-junit4-2.19.1.jar:2.19.1]
	at org.apache.maven.surefire.junit4.JUnit4Provider.executeWithRerun(JUnit4Provider.java:274) [surefire-junit4-2.19.1.jar:2.19.1]
	at org.apache.maven.surefire.junit4.JUnit4Provider.executeTestSet(JUnit4Provider.java:238) [surefire-junit4-2.19.1.jar:2.19.1]
	at org.apache.maven.surefire.junit4.JUnit4Provider.invoke(JUnit4Provider.java:161) [surefire-junit4-2.19.1.jar:2.19.1]
	at org.apache.maven.surefire.booter.ForkedBooter.invokeProviderInSameClassLoader(ForkedBooter.java:290) [surefire-booter-2.19.1.jar:2.19.1]
	at org.apache.maven.surefire.booter.ForkedBooter.runSuitesInProcess(ForkedBooter.java:242) [surefire-booter-2.19.1.jar:2.19.1]
	at org.apache.maven.surefire.booter.ForkedBooter.main(ForkedBooter.java:121) [surefire-booter-2.19.1.jar:2.19.1]
22:42:09:210 | WARN  | main | o.s.t.c.TestContextManager | Caught exception while allowing TestExecutionListener [org.springframework.test.context.transaction.TransactionalTestExecutionListener@44b3d336] to process 'before' execution of test method [public void com.nurkiewicz.jdbcrepository.JdbcRepositoryManualKeyTest.shouldDeleteAllRecordsInTable() throws java.lang.Exception] for test instance [com.nurkiewicz.jdbcrepository.mysql.JdbcRepositoryManualKeyMysqlTest@5e0fbfb6]
java.net.ConnectException: Connection refused (Connection refused)
	at java.net.PlainSocketImpl.socketConnect(Native Method) ~[na:1.8.0_262]
	at java.net.AbstractPlainSocketImpl.doConnect(AbstractPlainSocketImpl.java:350) ~[na:1.8.0_262]
	at java.net.AbstractPlainSocketImpl.connectToAddress(AbstractPlainSocketImpl.java:206) ~[na:1.8.0_262]
	at java.net.AbstractPlainSocketImpl.connect(AbstractPlainSocketImpl.java:188) ~[na:1.8.0_262]
	at java.net.SocksSocketImpl.connect(SocksSocketImpl.java:392) ~[na:1.8.0_262]
	at java.net.Socket.connect(Socket.java:607) ~[na:1.8.0_262]
	at java.net.Socket.connect(Socket.java:556) ~[na:1.8.0_262]
	at com.nurkiewicz.jdbcrepository.AbstractIntegrationTest.ignoreIfDatabaseNotAvailable(AbstractIntegrationTest.java:36) ~[test-classes/:na]
	... 28 common frames omitted
Wrapped by: org.junit.internal.AssumptionViolatedException: got: <java.net.ConnectException: Connection refused (Connection refused)>, expected: null
	at org.junit.Assume.assumeThat(Assume.java:95) ~[junit-4.11.jar:na]
	at org.junit.Assume.assumeNoException(Assume.java:142) ~[junit-4.11.jar:na]
	at com.nurkiewicz.jdbcrepository.AbstractIntegrationTest.ignoreIfDatabaseNotAvailable(AbstractIntegrationTest.java:39) ~[test-classes/:na]
	at sun.reflect.GeneratedMethodAccessor21.invoke(Unknown Source) ~[na:na]
	at sun.reflect.DelegatingMethodAccessorImpl.invoke(DelegatingMethodAccessorImpl.java:43) ~[na:1.8.0_262]
	at java.lang.reflect.Method.invoke(Method.java:498) ~[na:1.8.0_262]
	at org.springframework.test.context.transaction.TransactionalTestExecutionListener.runBeforeTransactionMethods(TransactionalTestExecutionListener.java:248) ~[spring-test-4.1.1.RELEASE.jar:4.1.1.RELEASE]
	at org.springframework.test.context.transaction.TransactionalTestExecutionListener.beforeTestMethod(TransactionalTestExecutionListener.java:198) ~[spring-test-4.1.1.RELEASE.jar:4.1.1.RELEASE]
	at org.springframework.test.context.TestContextManager.beforeTestMethod(TestContextManager.java:249) ~[spring-test-4.1.1.RELEASE.jar:4.1.1.RELEASE]
	at org.springframework.test.context.junit4.statements.RunBeforeTestMethodCallbacks.evaluate(RunBeforeTestMethodCallbacks.java:71) [spring-test-4.1.1.RELEASE.jar:4.1.1.RELEASE]
	at org.springframework.test.context.junit4.statements.RunAfterTestMethodCallbacks.evaluate(RunAfterTestMethodCallbacks.java:81) [spring-test-4.1.1.RELEASE.jar:4.1.1.RELEASE]
	at org.springframework.test.context.junit4.statements.SpringRepeat.evaluate(SpringRepeat.java:72) [spring-test-4.1.1.RELEASE.jar:4.1.1.RELEASE]
	at org.junit.runners.ParentRunner.runLeaf(ParentRunner.java:271) [junit-4.11.jar:na]
	at org.springframework.test.context.junit4.SpringJUnit4ClassRunner.runChild(SpringJUnit4ClassRunner.java:216) [spring-test-4.1.1.RELEASE.jar:4.1.1.RELEASE]
	at org.springframework.test.context.junit4.SpringJUnit4ClassRunner.runChild(SpringJUnit4ClassRunner.java:82) [spring-test-4.1.1.RELEASE.jar:4.1.1.RELEASE]
	at org.junit.runners.ParentRunner$3.run(ParentRunner.java:238) [junit-4.11.jar:na]
	at org.junit.runners.ParentRunner$1.schedule(ParentRunner.java:63) [junit-4.11.jar:na]
	at org.junit.runners.ParentRunner.runChildren(ParentRunner.java:236) [junit-4.11.jar:na]
	at org.junit.runners.ParentRunner.access$000(ParentRunner.java:53) [junit-4.11.jar:na]
	at org.junit.runners.ParentRunner$2.evaluate(ParentRunner.java:229) [junit-4.11.jar:na]
	at org.springframework.test.context.junit4.statements.RunBeforeTestClassCallbacks.evaluate(RunBeforeTestClassCallbacks.java:60) [spring-test-4.1.1.RELEASE.jar:4.1.1.RELEASE]
	at org.springframework.test.context.junit4.statements.RunAfterTestClassCallbacks.evaluate(RunAfterTestClassCallbacks.java:67) [spring-test-4.1.1.RELEASE.jar:4.1.1.RELEASE]
	at org.junit.runners.ParentRunner.run(ParentRunner.java:309) [junit-4.11.jar:na]
	at org.springframework.test.context.junit4.SpringJUnit4ClassRunner.run(SpringJUnit4ClassRunner.java:162) [spring-test-4.1.1.RELEASE.jar:4.1.1.RELEASE]
	at org.apache.maven.surefire.junit4.JUnit4Provider.execute(JUnit4Provider.java:367) [surefire-junit4-2.19.1.jar:2.19.1]
	at org.apache.maven.surefire.junit4.JUnit4Provider.executeWithRerun(JUnit4Provider.java:274) [surefire-junit4-2.19.1.jar:2.19.1]
	at org.apache.maven.surefire.junit4.JUnit4Provider.executeTestSet(JUnit4Provider.java:238) [surefire-junit4-2.19.1.jar:2.19.1]
	at org.apache.maven.surefire.junit4.JUnit4Provider.invoke(JUnit4Provider.java:161) [surefire-junit4-2.19.1.jar:2.19.1]
	at org.apache.maven.surefire.booter.ForkedBooter.invokeProviderInSameClassLoader(ForkedBooter.java:290) [surefire-booter-2.19.1.jar:2.19.1]
	at org.apache.maven.surefire.booter.ForkedBooter.runSuitesInProcess(ForkedBooter.java:242) [surefire-booter-2.19.1.jar:2.19.1]
	at org.apache.maven.surefire.booter.ForkedBooter.main(ForkedBooter.java:121) [surefire-booter-2.19.1.jar:2.19.1]
]]></system-out>
  </testcase>
  <testcase name="shouldReturnOneWhenSingleElementInTable" classname="com.nurkiewicz.jdbcrepository.mysql.JdbcRepositoryManualKeyMysqlTest" time="0">
    <skipped/>
    <system-out><![CDATA[22:42:09:212 | ERROR | main | o.s.t.c.t.TransactionalTestExecutionListener | Exception encountered while executing @BeforeTransaction methods for test context [DefaultTestContext@633c9699 testClass = JdbcRepositoryManualKeyMysqlTest, testInstance = com.nurkiewicz.jdbcrepository.mysql.JdbcRepositoryManualKeyMysqlTest@769e025c, testMethod = shouldReturnOneWhenSingleElementInTable@JdbcRepositoryManualKeyTest, testException = [null], mergedContextConfiguration = [MergedContextConfiguration@31373fc1 testClass = JdbcRepositoryManualKeyMysqlTest, locations = '{}', classes = '{class com.nurkiewicz.jdbcrepository.mysql.JdbcRepositoryTestMysqlConfig}', contextInitializerClasses = '[]', activeProfiles = '{}', propertySourceLocations = '{}', propertySourceProperties = '{}', contextLoader = 'org.springframework.test.context.support.AnnotationConfigContextLoader', parent = [null]]].
java.net.ConnectException: Connection refused (Connection refused)
	at java.net.PlainSocketImpl.socketConnect(Native Method) ~[na:1.8.0_262]
	at java.net.AbstractPlainSocketImpl.doConnect(AbstractPlainSocketImpl.java:350) ~[na:1.8.0_262]
	at java.net.AbstractPlainSocketImpl.connectToAddress(AbstractPlainSocketImpl.java:206) ~[na:1.8.0_262]
	at java.net.AbstractPlainSocketImpl.connect(AbstractPlainSocketImpl.java:188) ~[na:1.8.0_262]
	at java.net.SocksSocketImpl.connect(SocksSocketImpl.java:392) ~[na:1.8.0_262]
	at java.net.Socket.connect(Socket.java:607) ~[na:1.8.0_262]
	at java.net.Socket.connect(Socket.java:556) ~[na:1.8.0_262]
	at com.nurkiewicz.jdbcrepository.AbstractIntegrationTest.ignoreIfDatabaseNotAvailable(AbstractIntegrationTest.java:36) ~[test-classes/:na]
	... 28 common frames omitted
Wrapped by: org.junit.internal.AssumptionViolatedException: got: <java.net.ConnectException: Connection refused (Connection refused)>, expected: null
	at org.junit.Assume.assumeThat(Assume.java:95) ~[junit-4.11.jar:na]
	at org.junit.Assume.assumeNoException(Assume.java:142) ~[junit-4.11.jar:na]
	at com.nurkiewicz.jdbcrepository.AbstractIntegrationTest.ignoreIfDatabaseNotAvailable(AbstractIntegrationTest.java:39) ~[test-classes/:na]
	at sun.reflect.GeneratedMethodAccessor21.invoke(Unknown Source) ~[na:na]
	at sun.reflect.DelegatingMethodAccessorImpl.invoke(DelegatingMethodAccessorImpl.java:43) ~[na:1.8.0_262]
	at java.lang.reflect.Method.invoke(Method.java:498) ~[na:1.8.0_262]
	at org.springframework.test.context.transaction.TransactionalTestExecutionListener.runBeforeTransactionMethods(TransactionalTestExecutionListener.java:248) [spring-test-4.1.1.RELEASE.jar:4.1.1.RELEASE]
	at org.springframework.test.context.transaction.TransactionalTestExecutionListener.beforeTestMethod(TransactionalTestExecutionListener.java:198) [spring-test-4.1.1.RELEASE.jar:4.1.1.RELEASE]
	at org.springframework.test.context.TestContextManager.beforeTestMethod(TestContextManager.java:249) [spring-test-4.1.1.RELEASE.jar:4.1.1.RELEASE]
	at org.springframework.test.context.junit4.statements.RunBeforeTestMethodCallbacks.evaluate(RunBeforeTestMethodCallbacks.java:71) [spring-test-4.1.1.RELEASE.jar:4.1.1.RELEASE]
	at org.springframework.test.context.junit4.statements.RunAfterTestMethodCallbacks.evaluate(RunAfterTestMethodCallbacks.java:81) [spring-test-4.1.1.RELEASE.jar:4.1.1.RELEASE]
	at org.springframework.test.context.junit4.statements.SpringRepeat.evaluate(SpringRepeat.java:72) [spring-test-4.1.1.RELEASE.jar:4.1.1.RELEASE]
	at org.junit.runners.ParentRunner.runLeaf(ParentRunner.java:271) [junit-4.11.jar:na]
	at org.springframework.test.context.junit4.SpringJUnit4ClassRunner.runChild(SpringJUnit4ClassRunner.java:216) [spring-test-4.1.1.RELEASE.jar:4.1.1.RELEASE]
	at org.springframework.test.context.junit4.SpringJUnit4ClassRunner.runChild(SpringJUnit4ClassRunner.java:82) [spring-test-4.1.1.RELEASE.jar:4.1.1.RELEASE]
	at org.junit.runners.ParentRunner$3.run(ParentRunner.java:238) [junit-4.11.jar:na]
	at org.junit.runners.ParentRunner$1.schedule(ParentRunner.java:63) [junit-4.11.jar:na]
	at org.junit.runners.ParentRunner.runChildren(ParentRunner.java:236) [junit-4.11.jar:na]
	at org.junit.runners.ParentRunner.access$000(ParentRunner.java:53) [junit-4.11.jar:na]
	at org.junit.runners.ParentRunner$2.evaluate(ParentRunner.java:229) [junit-4.11.jar:na]
	at org.springframework.test.context.junit4.statements.RunBeforeTestClassCallbacks.evaluate(RunBeforeTestClassCallbacks.java:60) [spring-test-4.1.1.RELEASE.jar:4.1.1.RELEASE]
	at org.springframework.test.context.junit4.statements.RunAfterTestClassCallbacks.evaluate(RunAfterTestClassCallbacks.java:67) [spring-test-4.1.1.RELEASE.jar:4.1.1.RELEASE]
	at org.junit.runners.ParentRunner.run(ParentRunner.java:309) [junit-4.11.jar:na]
	at org.springframework.test.context.junit4.SpringJUnit4ClassRunner.run(SpringJUnit4ClassRunner.java:162) [spring-test-4.1.1.RELEASE.jar:4.1.1.RELEASE]
	at org.apache.maven.surefire.junit4.JUnit4Provider.execute(JUnit4Provider.java:367) [surefire-junit4-2.19.1.jar:2.19.1]
	at org.apache.maven.surefire.junit4.JUnit4Provider.executeWithRerun(JUnit4Provider.java:274) [surefire-junit4-2.19.1.jar:2.19.1]
	at org.apache.maven.surefire.junit4.JUnit4Provider.executeTestSet(JUnit4Provider.java:238) [surefire-junit4-2.19.1.jar:2.19.1]
	at org.apache.maven.surefire.junit4.JUnit4Provider.invoke(JUnit4Provider.java:161) [surefire-junit4-2.19.1.jar:2.19.1]
	at org.apache.maven.surefire.booter.ForkedBooter.invokeProviderInSameClassLoader(ForkedBooter.java:290) [surefire-booter-2.19.1.jar:2.19.1]
	at org.apache.maven.surefire.booter.ForkedBooter.runSuitesInProcess(ForkedBooter.java:242) [surefire-booter-2.19.1.jar:2.19.1]
	at org.apache.maven.surefire.booter.ForkedBooter.main(ForkedBooter.java:121) [surefire-booter-2.19.1.jar:2.19.1]
22:42:09:213 | WARN  | main | o.s.t.c.TestContextManager | Caught exception while allowing TestExecutionListener [org.springframework.test.context.transaction.TransactionalTestExecutionListener@44b3d336] to process 'before' execution of test method [public void com.nurkiewicz.jdbcrepository.JdbcRepositoryManualKeyTest.shouldReturnOneWhenSingleElementInTable() throws java.lang.Exception] for test instance [com.nurkiewicz.jdbcrepository.mysql.JdbcRepositoryManualKeyMysqlTest@769e025c]
java.net.ConnectException: Connection refused (Connection refused)
	at java.net.PlainSocketImpl.socketConnect(Native Method) ~[na:1.8.0_262]
	at java.net.AbstractPlainSocketImpl.doConnect(AbstractPlainSocketImpl.java:350) ~[na:1.8.0_262]
	at java.net.AbstractPlainSocketImpl.connectToAddress(AbstractPlainSocketImpl.java:206) ~[na:1.8.0_262]
	at java.net.AbstractPlainSocketImpl.connect(AbstractPlainSocketImpl.java:188) ~[na:1.8.0_262]
	at java.net.SocksSocketImpl.connect(SocksSocketImpl.java:392) ~[na:1.8.0_262]
	at java.net.Socket.connect(Socket.java:607) ~[na:1.8.0_262]
	at java.net.Socket.connect(Socket.java:556) ~[na:1.8.0_262]
	at com.nurkiewicz.jdbcrepository.AbstractIntegrationTest.ignoreIfDatabaseNotAvailable(AbstractIntegrationTest.java:36) ~[test-classes/:na]
	... 28 common frames omitted
Wrapped by: org.junit.internal.AssumptionViolatedException: got: <java.net.ConnectException: Connection refused (Connection refused)>, expected: null
	at org.junit.Assume.assumeThat(Assume.java:95) ~[junit-4.11.jar:na]
	at org.junit.Assume.assumeNoException(Assume.java:142) ~[junit-4.11.jar:na]
	at com.nurkiewicz.jdbcrepository.AbstractIntegrationTest.ignoreIfDatabaseNotAvailable(AbstractIntegrationTest.java:39) ~[test-classes/:na]
	at sun.reflect.GeneratedMethodAccessor21.invoke(Unknown Source) ~[na:na]
	at sun.reflect.DelegatingMethodAccessorImpl.invoke(DelegatingMethodAccessorImpl.java:43) ~[na:1.8.0_262]
	at java.lang.reflect.Method.invoke(Method.java:498) ~[na:1.8.0_262]
	at org.springframework.test.context.transaction.TransactionalTestExecutionListener.runBeforeTransactionMethods(TransactionalTestExecutionListener.java:248) ~[spring-test-4.1.1.RELEASE.jar:4.1.1.RELEASE]
	at org.springframework.test.context.transaction.TransactionalTestExecutionListener.beforeTestMethod(TransactionalTestExecutionListener.java:198) ~[spring-test-4.1.1.RELEASE.jar:4.1.1.RELEASE]
	at org.springframework.test.context.TestContextManager.beforeTestMethod(TestContextManager.java:249) ~[spring-test-4.1.1.RELEASE.jar:4.1.1.RELEASE]
	at org.springframework.test.context.junit4.statements.RunBeforeTestMethodCallbacks.evaluate(RunBeforeTestMethodCallbacks.java:71) [spring-test-4.1.1.RELEASE.jar:4.1.1.RELEASE]
	at org.springframework.test.context.junit4.statements.RunAfterTestMethodCallbacks.evaluate(RunAfterTestMethodCallbacks.java:81) [spring-test-4.1.1.RELEASE.jar:4.1.1.RELEASE]
	at org.springframework.test.context.junit4.statements.SpringRepeat.evaluate(SpringRepeat.java:72) [spring-test-4.1.1.RELEASE.jar:4.1.1.RELEASE]
	at org.junit.runners.ParentRunner.runLeaf(ParentRunner.java:271) [junit-4.11.jar:na]
	at org.springframework.test.context.junit4.SpringJUnit4ClassRunner.runChild(SpringJUnit4ClassRunner.java:216) [spring-test-4.1.1.RELEASE.jar:4.1.1.RELEASE]
	at org.springframework.test.context.junit4.SpringJUnit4ClassRunner.runChild(SpringJUnit4ClassRunner.java:82) [spring-test-4.1.1.RELEASE.jar:4.1.1.RELEASE]
	at org.junit.runners.ParentRunner$3.run(ParentRunner.java:238) [junit-4.11.jar:na]
	at org.junit.runners.ParentRunner$1.schedule(ParentRunner.java:63) [junit-4.11.jar:na]
	at org.junit.runners.ParentRunner.runChildren(ParentRunner.java:236) [junit-4.11.jar:na]
	at org.junit.runners.ParentRunner.access$000(ParentRunner.java:53) [junit-4.11.jar:na]
	at org.junit.runners.ParentRunner$2.evaluate(ParentRunner.java:229) [junit-4.11.jar:na]
	at org.springframework.test.context.junit4.statements.RunBeforeTestClassCallbacks.evaluate(RunBeforeTestClassCallbacks.java:60) [spring-test-4.1.1.RELEASE.jar:4.1.1.RELEASE]
	at org.springframework.test.context.junit4.statements.RunAfterTestClassCallbacks.evaluate(RunAfterTestClassCallbacks.java:67) [spring-test-4.1.1.RELEASE.jar:4.1.1.RELEASE]
	at org.junit.runners.ParentRunner.run(ParentRunner.java:309) [junit-4.11.jar:na]
	at org.springframework.test.context.junit4.SpringJUnit4ClassRunner.run(SpringJUnit4ClassRunner.java:162) [spring-test-4.1.1.RELEASE.jar:4.1.1.RELEASE]
	at org.apache.maven.surefire.junit4.JUnit4Provider.execute(JUnit4Provider.java:367) [surefire-junit4-2.19.1.jar:2.19.1]
	at org.apache.maven.surefire.junit4.JUnit4Provider.executeWithRerun(JUnit4Provider.java:274) [surefire-junit4-2.19.1.jar:2.19.1]
	at org.apache.maven.surefire.junit4.JUnit4Provider.executeTestSet(JUnit4Provider.java:238) [surefire-junit4-2.19.1.jar:2.19.1]
	at org.apache.maven.surefire.junit4.JUnit4Provider.invoke(JUnit4Provider.java:161) [surefire-junit4-2.19.1.jar:2.19.1]
	at org.apache.maven.surefire.booter.ForkedBooter.invokeProviderInSameClassLoader(ForkedBooter.java:290) [surefire-booter-2.19.1.jar:2.19.1]
	at org.apache.maven.surefire.booter.ForkedBooter.runSuitesInProcess(ForkedBooter.java:242) [surefire-booter-2.19.1.jar:2.19.1]
	at org.apache.maven.surefire.booter.ForkedBooter.main(ForkedBooter.java:121) [surefire-booter-2.19.1.jar:2.19.1]
]]></system-out>
  </testcase>
  <testcase name="shouldSkipNonListedEntitiesWhenDeletingInBatch" classname="com.nurkiewicz.jdbcrepository.mysql.JdbcRepositoryManualKeyMysqlTest" time="0">
    <skipped/>
    <system-out><![CDATA[22:42:09:215 | ERROR | main | o.s.t.c.t.TransactionalTestExecutionListener | Exception encountered while executing @BeforeTransaction methods for test context [DefaultTestContext@633c9699 testClass = JdbcRepositoryManualKeyMysqlTest, testInstance = com.nurkiewicz.jdbcrepository.mysql.JdbcRepositoryManualKeyMysqlTest@7076714c, testMethod = shouldSkipNonListedEntitiesWhenDeletingInBatch@JdbcRepositoryManualKeyTest, testException = [null], mergedContextConfiguration = [MergedContextConfiguration@31373fc1 testClass = JdbcRepositoryManualKeyMysqlTest, locations = '{}', classes = '{class com.nurkiewicz.jdbcrepository.mysql.JdbcRepositoryTestMysqlConfig}', contextInitializerClasses = '[]', activeProfiles = '{}', propertySourceLocations = '{}', propertySourceProperties = '{}', contextLoader = 'org.springframework.test.context.support.AnnotationConfigContextLoader', parent = [null]]].
java.net.ConnectException: Connection refused (Connection refused)
	at java.net.PlainSocketImpl.socketConnect(Native Method) ~[na:1.8.0_262]
	at java.net.AbstractPlainSocketImpl.doConnect(AbstractPlainSocketImpl.java:350) ~[na:1.8.0_262]
	at java.net.AbstractPlainSocketImpl.connectToAddress(AbstractPlainSocketImpl.java:206) ~[na:1.8.0_262]
	at java.net.AbstractPlainSocketImpl.connect(AbstractPlainSocketImpl.java:188) ~[na:1.8.0_262]
	at java.net.SocksSocketImpl.connect(SocksSocketImpl.java:392) ~[na:1.8.0_262]
	at java.net.Socket.connect(Socket.java:607) ~[na:1.8.0_262]
	at java.net.Socket.connect(Socket.java:556) ~[na:1.8.0_262]
	at com.nurkiewicz.jdbcrepository.AbstractIntegrationTest.ignoreIfDatabaseNotAvailable(AbstractIntegrationTest.java:36) ~[test-classes/:na]
	... 28 common frames omitted
Wrapped by: org.junit.internal.AssumptionViolatedException: got: <java.net.ConnectException: Connection refused (Connection refused)>, expected: null
	at org.junit.Assume.assumeThat(Assume.java:95) ~[junit-4.11.jar:na]
	at org.junit.Assume.assumeNoException(Assume.java:142) ~[junit-4.11.jar:na]
	at com.nurkiewicz.jdbcrepository.AbstractIntegrationTest.ignoreIfDatabaseNotAvailable(AbstractIntegrationTest.java:39) ~[test-classes/:na]
	at sun.reflect.GeneratedMethodAccessor21.invoke(Unknown Source) ~[na:na]
	at sun.reflect.DelegatingMethodAccessorImpl.invoke(DelegatingMethodAccessorImpl.java:43) ~[na:1.8.0_262]
	at java.lang.reflect.Method.invoke(Method.java:498) ~[na:1.8.0_262]
	at org.springframework.test.context.transaction.TransactionalTestExecutionListener.runBeforeTransactionMethods(TransactionalTestExecutionListener.java:248) [spring-test-4.1.1.RELEASE.jar:4.1.1.RELEASE]
	at org.springframework.test.context.transaction.TransactionalTestExecutionListener.beforeTestMethod(TransactionalTestExecutionListener.java:198) [spring-test-4.1.1.RELEASE.jar:4.1.1.RELEASE]
	at org.springframework.test.context.TestContextManager.beforeTestMethod(TestContextManager.java:249) [spring-test-4.1.1.RELEASE.jar:4.1.1.RELEASE]
	at org.springframework.test.context.junit4.statements.RunBeforeTestMethodCallbacks.evaluate(RunBeforeTestMethodCallbacks.java:71) [spring-test-4.1.1.RELEASE.jar:4.1.1.RELEASE]
	at org.springframework.test.context.junit4.statements.RunAfterTestMethodCallbacks.evaluate(RunAfterTestMethodCallbacks.java:81) [spring-test-4.1.1.RELEASE.jar:4.1.1.RELEASE]
	at org.springframework.test.context.junit4.statements.SpringRepeat.evaluate(SpringRepeat.java:72) [spring-test-4.1.1.RELEASE.jar:4.1.1.RELEASE]
	at org.junit.runners.ParentRunner.runLeaf(ParentRunner.java:271) [junit-4.11.jar:na]
	at org.springframework.test.context.junit4.SpringJUnit4ClassRunner.runChild(SpringJUnit4ClassRunner.java:216) [spring-test-4.1.1.RELEASE.jar:4.1.1.RELEASE]
	at org.springframework.test.context.junit4.SpringJUnit4ClassRunner.runChild(SpringJUnit4ClassRunner.java:82) [spring-test-4.1.1.RELEASE.jar:4.1.1.RELEASE]
	at org.junit.runners.ParentRunner$3.run(ParentRunner.java:238) [junit-4.11.jar:na]
	at org.junit.runners.ParentRunner$1.schedule(ParentRunner.java:63) [junit-4.11.jar:na]
	at org.junit.runners.ParentRunner.runChildren(ParentRunner.java:236) [junit-4.11.jar:na]
	at org.junit.runners.ParentRunner.access$000(ParentRunner.java:53) [junit-4.11.jar:na]
	at org.junit.runners.ParentRunner$2.evaluate(ParentRunner.java:229) [junit-4.11.jar:na]
	at org.springframework.test.context.junit4.statements.RunBeforeTestClassCallbacks.evaluate(RunBeforeTestClassCallbacks.java:60) [spring-test-4.1.1.RELEASE.jar:4.1.1.RELEASE]
	at org.springframework.test.context.junit4.statements.RunAfterTestClassCallbacks.evaluate(RunAfterTestClassCallbacks.java:67) [spring-test-4.1.1.RELEASE.jar:4.1.1.RELEASE]
	at org.junit.runners.ParentRunner.run(ParentRunner.java:309) [junit-4.11.jar:na]
	at org.springframework.test.context.junit4.SpringJUnit4ClassRunner.run(SpringJUnit4ClassRunner.java:162) [spring-test-4.1.1.RELEASE.jar:4.1.1.RELEASE]
	at org.apache.maven.surefire.junit4.JUnit4Provider.execute(JUnit4Provider.java:367) [surefire-junit4-2.19.1.jar:2.19.1]
	at org.apache.maven.surefire.junit4.JUnit4Provider.executeWithRerun(JUnit4Provider.java:274) [surefire-junit4-2.19.1.jar:2.19.1]
	at org.apache.maven.surefire.junit4.JUnit4Provider.executeTestSet(JUnit4Provider.java:238) [surefire-junit4-2.19.1.jar:2.19.1]
	at org.apache.maven.surefire.junit4.JUnit4Provider.invoke(JUnit4Provider.java:161) [surefire-junit4-2.19.1.jar:2.19.1]
	at org.apache.maven.surefire.booter.ForkedBooter.invokeProviderInSameClassLoader(ForkedBooter.java:290) [surefire-booter-2.19.1.jar:2.19.1]
	at org.apache.maven.surefire.booter.ForkedBooter.runSuitesInProcess(ForkedBooter.java:242) [surefire-booter-2.19.1.jar:2.19.1]
	at org.apache.maven.surefire.booter.ForkedBooter.main(ForkedBooter.java:121) [surefire-booter-2.19.1.jar:2.19.1]
22:42:09:216 | WARN  | main | o.s.t.c.TestContextManager | Caught exception while allowing TestExecutionListener [org.springframework.test.context.transaction.TransactionalTestExecutionListener@44b3d336] to process 'before' execution of test method [public void com.nurkiewicz.jdbcrepository.JdbcRepositoryManualKeyTest.shouldSkipNonListedEntitiesWhenDeletingInBatch() throws java.lang.Exception] for test instance [com.nurkiewicz.jdbcrepository.mysql.JdbcRepositoryManualKeyMysqlTest@7076714c]
java.net.ConnectException: Connection refused (Connection refused)
	at java.net.PlainSocketImpl.socketConnect(Native Method) ~[na:1.8.0_262]
	at java.net.AbstractPlainSocketImpl.doConnect(AbstractPlainSocketImpl.java:350) ~[na:1.8.0_262]
	at java.net.AbstractPlainSocketImpl.connectToAddress(AbstractPlainSocketImpl.java:206) ~[na:1.8.0_262]
	at java.net.AbstractPlainSocketImpl.connect(AbstractPlainSocketImpl.java:188) ~[na:1.8.0_262]
	at java.net.SocksSocketImpl.connect(SocksSocketImpl.java:392) ~[na:1.8.0_262]
	at java.net.Socket.connect(Socket.java:607) ~[na:1.8.0_262]
	at java.net.Socket.connect(Socket.java:556) ~[na:1.8.0_262]
	at com.nurkiewicz.jdbcrepository.AbstractIntegrationTest.ignoreIfDatabaseNotAvailable(AbstractIntegrationTest.java:36) ~[test-classes/:na]
	... 28 common frames omitted
Wrapped by: org.junit.internal.AssumptionViolatedException: got: <java.net.ConnectException: Connection refused (Connection refused)>, expected: null
	at org.junit.Assume.assumeThat(Assume.java:95) ~[junit-4.11.jar:na]
	at org.junit.Assume.assumeNoException(Assume.java:142) ~[junit-4.11.jar:na]
	at com.nurkiewicz.jdbcrepository.AbstractIntegrationTest.ignoreIfDatabaseNotAvailable(AbstractIntegrationTest.java:39) ~[test-classes/:na]
	at sun.reflect.GeneratedMethodAccessor21.invoke(Unknown Source) ~[na:na]
	at sun.reflect.DelegatingMethodAccessorImpl.invoke(DelegatingMethodAccessorImpl.java:43) ~[na:1.8.0_262]
	at java.lang.reflect.Method.invoke(Method.java:498) ~[na:1.8.0_262]
	at org.springframework.test.context.transaction.TransactionalTestExecutionListener.runBeforeTransactionMethods(TransactionalTestExecutionListener.java:248) ~[spring-test-4.1.1.RELEASE.jar:4.1.1.RELEASE]
	at org.springframework.test.context.transaction.TransactionalTestExecutionListener.beforeTestMethod(TransactionalTestExecutionListener.java:198) ~[spring-test-4.1.1.RELEASE.jar:4.1.1.RELEASE]
	at org.springframework.test.context.TestContextManager.beforeTestMethod(TestContextManager.java:249) ~[spring-test-4.1.1.RELEASE.jar:4.1.1.RELEASE]
	at org.springframework.test.context.junit4.statements.RunBeforeTestMethodCallbacks.evaluate(RunBeforeTestMethodCallbacks.java:71) [spring-test-4.1.1.RELEASE.jar:4.1.1.RELEASE]
	at org.springframework.test.context.junit4.statements.RunAfterTestMethodCallbacks.evaluate(RunAfterTestMethodCallbacks.java:81) [spring-test-4.1.1.RELEASE.jar:4.1.1.RELEASE]
	at org.springframework.test.context.junit4.statements.SpringRepeat.evaluate(SpringRepeat.java:72) [spring-test-4.1.1.RELEASE.jar:4.1.1.RELEASE]
	at org.junit.runners.ParentRunner.runLeaf(ParentRunner.java:271) [junit-4.11.jar:na]
	at org.springframework.test.context.junit4.SpringJUnit4ClassRunner.runChild(SpringJUnit4ClassRunner.java:216) [spring-test-4.1.1.RELEASE.jar:4.1.1.RELEASE]
	at org.springframework.test.context.junit4.SpringJUnit4ClassRunner.runChild(SpringJUnit4ClassRunner.java:82) [spring-test-4.1.1.RELEASE.jar:4.1.1.RELEASE]
	at org.junit.runners.ParentRunner$3.run(ParentRunner.java:238) [junit-4.11.jar:na]
	at org.junit.runners.ParentRunner$1.schedule(ParentRunner.java:63) [junit-4.11.jar:na]
	at org.junit.runners.ParentRunner.runChildren(ParentRunner.java:236) [junit-4.11.jar:na]
	at org.junit.runners.ParentRunner.access$000(ParentRunner.java:53) [junit-4.11.jar:na]
	at org.junit.runners.ParentRunner$2.evaluate(ParentRunner.java:229) [junit-4.11.jar:na]
	at org.springframework.test.context.junit4.statements.RunBeforeTestClassCallbacks.evaluate(RunBeforeTestClassCallbacks.java:60) [spring-test-4.1.1.RELEASE.jar:4.1.1.RELEASE]
	at org.springframework.test.context.junit4.statements.RunAfterTestClassCallbacks.evaluate(RunAfterTestClassCallbacks.java:67) [spring-test-4.1.1.RELEASE.jar:4.1.1.RELEASE]
	at org.junit.runners.ParentRunner.run(ParentRunner.java:309) [junit-4.11.jar:na]
	at org.springframework.test.context.junit4.SpringJUnit4ClassRunner.run(SpringJUnit4ClassRunner.java:162) [spring-test-4.1.1.RELEASE.jar:4.1.1.RELEASE]
	at org.apache.maven.surefire.junit4.JUnit4Provider.execute(JUnit4Provider.java:367) [surefire-junit4-2.19.1.jar:2.19.1]
	at org.apache.maven.surefire.junit4.JUnit4Provider.executeWithRerun(JUnit4Provider.java:274) [surefire-junit4-2.19.1.jar:2.19.1]
	at org.apache.maven.surefire.junit4.JUnit4Provider.executeTestSet(JUnit4Provider.java:238) [surefire-junit4-2.19.1.jar:2.19.1]
	at org.apache.maven.surefire.junit4.JUnit4Provider.invoke(JUnit4Provider.java:161) [surefire-junit4-2.19.1.jar:2.19.1]
	at org.apache.maven.surefire.booter.ForkedBooter.invokeProviderInSameClassLoader(ForkedBooter.java:290) [surefire-booter-2.19.1.jar:2.19.1]
	at org.apache.maven.surefire.booter.ForkedBooter.runSuitesInProcess(ForkedBooter.java:242) [surefire-booter-2.19.1.jar:2.19.1]
	at org.apache.maven.surefire.booter.ForkedBooter.main(ForkedBooter.java:121) [surefire-booter-2.19.1.jar:2.19.1]
]]></system-out>
  </testcase>
  <testcase name="shouldUpdatePreviouslySavedRecord" classname="com.nurkiewicz.jdbcrepository.mysql.JdbcRepositoryManualKeyMysqlTest" time="0">
    <skipped/>
    <system-out><![CDATA[22:42:09:218 | ERROR | main | o.s.t.c.t.TransactionalTestExecutionListener | Exception encountered while executing @BeforeTransaction methods for test context [DefaultTestContext@633c9699 testClass = JdbcRepositoryManualKeyMysqlTest, testInstance = com.nurkiewicz.jdbcrepository.mysql.JdbcRepositoryManualKeyMysqlTest@389588b2, testMethod = shouldUpdatePreviouslySavedRecord@JdbcRepositoryManualKeyTest, testException = [null], mergedContextConfiguration = [MergedContextConfiguration@31373fc1 testClass = JdbcRepositoryManualKeyMysqlTest, locations = '{}', classes = '{class com.nurkiewicz.jdbcrepository.mysql.JdbcRepositoryTestMysqlConfig}', contextInitializerClasses = '[]', activeProfiles = '{}', propertySourceLocations = '{}', propertySourceProperties = '{}', contextLoader = 'org.springframework.test.context.support.AnnotationConfigContextLoader', parent = [null]]].
java.net.ConnectException: Connection refused (Connection refused)
	at java.net.PlainSocketImpl.socketConnect(Native Method) ~[na:1.8.0_262]
	at java.net.AbstractPlainSocketImpl.doConnect(AbstractPlainSocketImpl.java:350) ~[na:1.8.0_262]
	at java.net.AbstractPlainSocketImpl.connectToAddress(AbstractPlainSocketImpl.java:206) ~[na:1.8.0_262]
	at java.net.AbstractPlainSocketImpl.connect(AbstractPlainSocketImpl.java:188) ~[na:1.8.0_262]
	at java.net.SocksSocketImpl.connect(SocksSocketImpl.java:392) ~[na:1.8.0_262]
	at java.net.Socket.connect(Socket.java:607) ~[na:1.8.0_262]
	at java.net.Socket.connect(Socket.java:556) ~[na:1.8.0_262]
	at com.nurkiewicz.jdbcrepository.AbstractIntegrationTest.ignoreIfDatabaseNotAvailable(AbstractIntegrationTest.java:36) ~[test-classes/:na]
	... 28 common frames omitted
Wrapped by: org.junit.internal.AssumptionViolatedException: got: <java.net.ConnectException: Connection refused (Connection refused)>, expected: null
	at org.junit.Assume.assumeThat(Assume.java:95) ~[junit-4.11.jar:na]
	at org.junit.Assume.assumeNoException(Assume.java:142) ~[junit-4.11.jar:na]
	at com.nurkiewicz.jdbcrepository.AbstractIntegrationTest.ignoreIfDatabaseNotAvailable(AbstractIntegrationTest.java:39) ~[test-classes/:na]
	at sun.reflect.GeneratedMethodAccessor21.invoke(Unknown Source) ~[na:na]
	at sun.reflect.DelegatingMethodAccessorImpl.invoke(DelegatingMethodAccessorImpl.java:43) ~[na:1.8.0_262]
	at java.lang.reflect.Method.invoke(Method.java:498) ~[na:1.8.0_262]
	at org.springframework.test.context.transaction.TransactionalTestExecutionListener.runBeforeTransactionMethods(TransactionalTestExecutionListener.java:248) [spring-test-4.1.1.RELEASE.jar:4.1.1.RELEASE]
	at org.springframework.test.context.transaction.TransactionalTestExecutionListener.beforeTestMethod(TransactionalTestExecutionListener.java:198) [spring-test-4.1.1.RELEASE.jar:4.1.1.RELEASE]
	at org.springframework.test.context.TestContextManager.beforeTestMethod(TestContextManager.java:249) [spring-test-4.1.1.RELEASE.jar:4.1.1.RELEASE]
	at org.springframework.test.context.junit4.statements.RunBeforeTestMethodCallbacks.evaluate(RunBeforeTestMethodCallbacks.java:71) [spring-test-4.1.1.RELEASE.jar:4.1.1.RELEASE]
	at org.springframework.test.context.junit4.statements.RunAfterTestMethodCallbacks.evaluate(RunAfterTestMethodCallbacks.java:81) [spring-test-4.1.1.RELEASE.jar:4.1.1.RELEASE]
	at org.springframework.test.context.junit4.statements.SpringRepeat.evaluate(SpringRepeat.java:72) [spring-test-4.1.1.RELEASE.jar:4.1.1.RELEASE]
	at org.junit.runners.ParentRunner.runLeaf(ParentRunner.java:271) [junit-4.11.jar:na]
	at org.springframework.test.context.junit4.SpringJUnit4ClassRunner.runChild(SpringJUnit4ClassRunner.java:216) [spring-test-4.1.1.RELEASE.jar:4.1.1.RELEASE]
	at org.springframework.test.context.junit4.SpringJUnit4ClassRunner.runChild(SpringJUnit4ClassRunner.java:82) [spring-test-4.1.1.RELEASE.jar:4.1.1.RELEASE]
	at org.junit.runners.ParentRunner$3.run(ParentRunner.java:238) [junit-4.11.jar:na]
	at org.junit.runners.ParentRunner$1.schedule(ParentRunner.java:63) [junit-4.11.jar:na]
	at org.junit.runners.ParentRunner.runChildren(ParentRunner.java:236) [junit-4.11.jar:na]
	at org.junit.runners.ParentRunner.access$000(ParentRunner.java:53) [junit-4.11.jar:na]
	at org.junit.runners.ParentRunner$2.evaluate(ParentRunner.java:229) [junit-4.11.jar:na]
	at org.springframework.test.context.junit4.statements.RunBeforeTestClassCallbacks.evaluate(RunBeforeTestClassCallbacks.java:60) [spring-test-4.1.1.RELEASE.jar:4.1.1.RELEASE]
	at org.springframework.test.context.junit4.statements.RunAfterTestClassCallbacks.evaluate(RunAfterTestClassCallbacks.java:67) [spring-test-4.1.1.RELEASE.jar:4.1.1.RELEASE]
	at org.junit.runners.ParentRunner.run(ParentRunner.java:309) [junit-4.11.jar:na]
	at org.springframework.test.context.junit4.SpringJUnit4ClassRunner.run(SpringJUnit4ClassRunner.java:162) [spring-test-4.1.1.RELEASE.jar:4.1.1.RELEASE]
	at org.apache.maven.surefire.junit4.JUnit4Provider.execute(JUnit4Provider.java:367) [surefire-junit4-2.19.1.jar:2.19.1]
	at org.apache.maven.surefire.junit4.JUnit4Provider.executeWithRerun(JUnit4Provider.java:274) [surefire-junit4-2.19.1.jar:2.19.1]
	at org.apache.maven.surefire.junit4.JUnit4Provider.executeTestSet(JUnit4Provider.java:238) [surefire-junit4-2.19.1.jar:2.19.1]
	at org.apache.maven.surefire.junit4.JUnit4Provider.invoke(JUnit4Provider.java:161) [surefire-junit4-2.19.1.jar:2.19.1]
	at org.apache.maven.surefire.booter.ForkedBooter.invokeProviderInSameClassLoader(ForkedBooter.java:290) [surefire-booter-2.19.1.jar:2.19.1]
	at org.apache.maven.surefire.booter.ForkedBooter.runSuitesInProcess(ForkedBooter.java:242) [surefire-booter-2.19.1.jar:2.19.1]
	at org.apache.maven.surefire.booter.ForkedBooter.main(ForkedBooter.java:121) [surefire-booter-2.19.1.jar:2.19.1]
22:42:09:219 | WARN  | main | o.s.t.c.TestContextManager | Caught exception while allowing TestExecutionListener [org.springframework.test.context.transaction.TransactionalTestExecutionListener@44b3d336] to process 'before' execution of test method [public void com.nurkiewicz.jdbcrepository.JdbcRepositoryManualKeyTest.shouldUpdatePreviouslySavedRecord() throws java.lang.Exception] for test instance [com.nurkiewicz.jdbcrepository.mysql.JdbcRepositoryManualKeyMysqlTest@389588b2]
java.net.ConnectException: Connection refused (Connection refused)
	at java.net.PlainSocketImpl.socketConnect(Native Method) ~[na:1.8.0_262]
	at java.net.AbstractPlainSocketImpl.doConnect(AbstractPlainSocketImpl.java:350) ~[na:1.8.0_262]
	at java.net.AbstractPlainSocketImpl.connectToAddress(AbstractPlainSocketImpl.java:206) ~[na:1.8.0_262]
	at java.net.AbstractPlainSocketImpl.connect(AbstractPlainSocketImpl.java:188) ~[na:1.8.0_262]
	at java.net.SocksSocketImpl.connect(SocksSocketImpl.java:392) ~[na:1.8.0_262]
	at java.net.Socket.connect(Socket.java:607) ~[na:1.8.0_262]
	at java.net.Socket.connect(Socket.java:556) ~[na:1.8.0_262]
	at com.nurkiewicz.jdbcrepository.AbstractIntegrationTest.ignoreIfDatabaseNotAvailable(AbstractIntegrationTest.java:36) ~[test-classes/:na]
	... 28 common frames omitted
Wrapped by: org.junit.internal.AssumptionViolatedException: got: <java.net.ConnectException: Connection refused (Connection refused)>, expected: null
	at org.junit.Assume.assumeThat(Assume.java:95) ~[junit-4.11.jar:na]
	at org.junit.Assume.assumeNoException(Assume.java:142) ~[junit-4.11.jar:na]
	at com.nurkiewicz.jdbcrepository.AbstractIntegrationTest.ignoreIfDatabaseNotAvailable(AbstractIntegrationTest.java:39) ~[test-classes/:na]
	at sun.reflect.GeneratedMethodAccessor21.invoke(Unknown Source) ~[na:na]
	at sun.reflect.DelegatingMethodAccessorImpl.invoke(DelegatingMethodAccessorImpl.java:43) ~[na:1.8.0_262]
	at java.lang.reflect.Method.invoke(Method.java:498) ~[na:1.8.0_262]
	at org.springframework.test.context.transaction.TransactionalTestExecutionListener.runBeforeTransactionMethods(TransactionalTestExecutionListener.java:248) ~[spring-test-4.1.1.RELEASE.jar:4.1.1.RELEASE]
	at org.springframework.test.context.transaction.TransactionalTestExecutionListener.beforeTestMethod(TransactionalTestExecutionListener.java:198) ~[spring-test-4.1.1.RELEASE.jar:4.1.1.RELEASE]
	at org.springframework.test.context.TestContextManager.beforeTestMethod(TestContextManager.java:249) ~[spring-test-4.1.1.RELEASE.jar:4.1.1.RELEASE]
	at org.springframework.test.context.junit4.statements.RunBeforeTestMethodCallbacks.evaluate(RunBeforeTestMethodCallbacks.java:71) [spring-test-4.1.1.RELEASE.jar:4.1.1.RELEASE]
	at org.springframework.test.context.junit4.statements.RunAfterTestMethodCallbacks.evaluate(RunAfterTestMethodCallbacks.java:81) [spring-test-4.1.1.RELEASE.jar:4.1.1.RELEASE]
	at org.springframework.test.context.junit4.statements.SpringRepeat.evaluate(SpringRepeat.java:72) [spring-test-4.1.1.RELEASE.jar:4.1.1.RELEASE]
	at org.junit.runners.ParentRunner.runLeaf(ParentRunner.java:271) [junit-4.11.jar:na]
	at org.springframework.test.context.junit4.SpringJUnit4ClassRunner.runChild(SpringJUnit4ClassRunner.java:216) [spring-test-4.1.1.RELEASE.jar:4.1.1.RELEASE]
	at org.springframework.test.context.junit4.SpringJUnit4ClassRunner.runChild(SpringJUnit4ClassRunner.java:82) [spring-test-4.1.1.RELEASE.jar:4.1.1.RELEASE]
	at org.junit.runners.ParentRunner$3.run(ParentRunner.java:238) [junit-4.11.jar:na]
	at org.junit.runners.ParentRunner$1.schedule(ParentRunner.java:63) [junit-4.11.jar:na]
	at org.junit.runners.ParentRunner.runChildren(ParentRunner.java:236) [junit-4.11.jar:na]
	at org.junit.runners.ParentRunner.access$000(ParentRunner.java:53) [junit-4.11.jar:na]
	at org.junit.runners.ParentRunner$2.evaluate(ParentRunner.java:229) [junit-4.11.jar:na]
	at org.springframework.test.context.junit4.statements.RunBeforeTestClassCallbacks.evaluate(RunBeforeTestClassCallbacks.java:60) [spring-test-4.1.1.RELEASE.jar:4.1.1.RELEASE]
	at org.springframework.test.context.junit4.statements.RunAfterTestClassCallbacks.evaluate(RunAfterTestClassCallbacks.java:67) [spring-test-4.1.1.RELEASE.jar:4.1.1.RELEASE]
	at org.junit.runners.ParentRunner.run(ParentRunner.java:309) [junit-4.11.jar:na]
	at org.springframework.test.context.junit4.SpringJUnit4ClassRunner.run(SpringJUnit4ClassRunner.java:162) [spring-test-4.1.1.RELEASE.jar:4.1.1.RELEASE]
	at org.apache.maven.surefire.junit4.JUnit4Provider.execute(JUnit4Provider.java:367) [surefire-junit4-2.19.1.jar:2.19.1]
	at org.apache.maven.surefire.junit4.JUnit4Provider.executeWithRerun(JUnit4Provider.java:274) [surefire-junit4-2.19.1.jar:2.19.1]
	at org.apache.maven.surefire.junit4.JUnit4Provider.executeTestSet(JUnit4Provider.java:238) [surefire-junit4-2.19.1.jar:2.19.1]
	at org.apache.maven.surefire.junit4.JUnit4Provider.invoke(JUnit4Provider.java:161) [surefire-junit4-2.19.1.jar:2.19.1]
	at org.apache.maven.surefire.booter.ForkedBooter.invokeProviderInSameClassLoader(ForkedBooter.java:290) [surefire-booter-2.19.1.jar:2.19.1]
	at org.apache.maven.surefire.booter.ForkedBooter.runSuitesInProcess(ForkedBooter.java:242) [surefire-booter-2.19.1.jar:2.19.1]
	at org.apache.maven.surefire.booter.ForkedBooter.main(ForkedBooter.java:121) [surefire-booter-2.19.1.jar:2.19.1]
]]></system-out>
  </testcase>
  <testcase name="shouldReturnSingleRecordWhenFindAllWithoutPagingButWithSorting" classname="com.nurkiewicz.jdbcrepository.mysql.JdbcRepositoryManualKeyMysqlTest" time="0">
    <skipped/>
    <system-out><![CDATA[22:42:09:221 | ERROR | main | o.s.t.c.t.TransactionalTestExecutionListener | Exception encountered while executing @BeforeTransaction methods for test context [DefaultTestContext@633c9699 testClass = JdbcRepositoryManualKeyMysqlTest, testInstance = com.nurkiewicz.jdbcrepository.mysql.JdbcRepositoryManualKeyMysqlTest@14d6f58f, testMethod = shouldReturnSingleRecordWhenFindAllWithoutPagingButWithSorting@JdbcRepositoryManualKeyTest, testException = [null], mergedContextConfiguration = [MergedContextConfiguration@31373fc1 testClass = JdbcRepositoryManualKeyMysqlTest, locations = '{}', classes = '{class com.nurkiewicz.jdbcrepository.mysql.JdbcRepositoryTestMysqlConfig}', contextInitializerClasses = '[]', activeProfiles = '{}', propertySourceLocations = '{}', propertySourceProperties = '{}', contextLoader = 'org.springframework.test.context.support.AnnotationConfigContextLoader', parent = [null]]].
java.net.ConnectException: Connection refused (Connection refused)
	at java.net.PlainSocketImpl.socketConnect(Native Method) ~[na:1.8.0_262]
	at java.net.AbstractPlainSocketImpl.doConnect(AbstractPlainSocketImpl.java:350) ~[na:1.8.0_262]
	at java.net.AbstractPlainSocketImpl.connectToAddress(AbstractPlainSocketImpl.java:206) ~[na:1.8.0_262]
	at java.net.AbstractPlainSocketImpl.connect(AbstractPlainSocketImpl.java:188) ~[na:1.8.0_262]
	at java.net.SocksSocketImpl.connect(SocksSocketImpl.java:392) ~[na:1.8.0_262]
	at java.net.Socket.connect(Socket.java:607) ~[na:1.8.0_262]
	at java.net.Socket.connect(Socket.java:556) ~[na:1.8.0_262]
	at com.nurkiewicz.jdbcrepository.AbstractIntegrationTest.ignoreIfDatabaseNotAvailable(AbstractIntegrationTest.java:36) ~[test-classes/:na]
	... 28 common frames omitted
Wrapped by: org.junit.internal.AssumptionViolatedException: got: <java.net.ConnectException: Connection refused (Connection refused)>, expected: null
	at org.junit.Assume.assumeThat(Assume.java:95) ~[junit-4.11.jar:na]
	at org.junit.Assume.assumeNoException(Assume.java:142) ~[junit-4.11.jar:na]
	at com.nurkiewicz.jdbcrepository.AbstractIntegrationTest.ignoreIfDatabaseNotAvailable(AbstractIntegrationTest.java:39) ~[test-classes/:na]
	at sun.reflect.GeneratedMethodAccessor21.invoke(Unknown Source) ~[na:na]
	at sun.reflect.DelegatingMethodAccessorImpl.invoke(DelegatingMethodAccessorImpl.java:43) ~[na:1.8.0_262]
	at java.lang.reflect.Method.invoke(Method.java:498) ~[na:1.8.0_262]
	at org.springframework.test.context.transaction.TransactionalTestExecutionListener.runBeforeTransactionMethods(TransactionalTestExecutionListener.java:248) [spring-test-4.1.1.RELEASE.jar:4.1.1.RELEASE]
	at org.springframework.test.context.transaction.TransactionalTestExecutionListener.beforeTestMethod(TransactionalTestExecutionListener.java:198) [spring-test-4.1.1.RELEASE.jar:4.1.1.RELEASE]
	at org.springframework.test.context.TestContextManager.beforeTestMethod(TestContextManager.java:249) [spring-test-4.1.1.RELEASE.jar:4.1.1.RELEASE]
	at org.springframework.test.context.junit4.statements.RunBeforeTestMethodCallbacks.evaluate(RunBeforeTestMethodCallbacks.java:71) [spring-test-4.1.1.RELEASE.jar:4.1.1.RELEASE]
	at org.springframework.test.context.junit4.statements.RunAfterTestMethodCallbacks.evaluate(RunAfterTestMethodCallbacks.java:81) [spring-test-4.1.1.RELEASE.jar:4.1.1.RELEASE]
	at org.springframework.test.context.junit4.statements.SpringRepeat.evaluate(SpringRepeat.java:72) [spring-test-4.1.1.RELEASE.jar:4.1.1.RELEASE]
	at org.junit.runners.ParentRunner.runLeaf(ParentRunner.java:271) [junit-4.11.jar:na]
	at org.springframework.test.context.junit4.SpringJUnit4ClassRunner.runChild(SpringJUnit4ClassRunner.java:216) [spring-test-4.1.1.RELEASE.jar:4.1.1.RELEASE]
	at org.springframework.test.context.junit4.SpringJUnit4ClassRunner.runChild(SpringJUnit4ClassRunner.java:82) [spring-test-4.1.1.RELEASE.jar:4.1.1.RELEASE]
	at org.junit.runners.ParentRunner$3.run(ParentRunner.java:238) [junit-4.11.jar:na]
	at org.junit.runners.ParentRunner$1.schedule(ParentRunner.java:63) [junit-4.11.jar:na]
	at org.junit.runners.ParentRunner.runChildren(ParentRunner.java:236) [junit-4.11.jar:na]
	at org.junit.runners.ParentRunner.access$000(ParentRunner.java:53) [junit-4.11.jar:na]
	at org.junit.runners.ParentRunner$2.evaluate(ParentRunner.java:229) [junit-4.11.jar:na]
	at org.springframework.test.context.junit4.statements.RunBeforeTestClassCallbacks.evaluate(RunBeforeTestClassCallbacks.java:60) [spring-test-4.1.1.RELEASE.jar:4.1.1.RELEASE]
	at org.springframework.test.context.junit4.statements.RunAfterTestClassCallbacks.evaluate(RunAfterTestClassCallbacks.java:67) [spring-test-4.1.1.RELEASE.jar:4.1.1.RELEASE]
	at org.junit.runners.ParentRunner.run(ParentRunner.java:309) [junit-4.11.jar:na]
	at org.springframework.test.context.junit4.SpringJUnit4ClassRunner.run(SpringJUnit4ClassRunner.java:162) [spring-test-4.1.1.RELEASE.jar:4.1.1.RELEASE]
	at org.apache.maven.surefire.junit4.JUnit4Provider.execute(JUnit4Provider.java:367) [surefire-junit4-2.19.1.jar:2.19.1]
	at org.apache.maven.surefire.junit4.JUnit4Provider.executeWithRerun(JUnit4Provider.java:274) [surefire-junit4-2.19.1.jar:2.19.1]
	at org.apache.maven.surefire.junit4.JUnit4Provider.executeTestSet(JUnit4Provider.java:238) [surefire-junit4-2.19.1.jar:2.19.1]
	at org.apache.maven.surefire.junit4.JUnit4Provider.invoke(JUnit4Provider.java:161) [surefire-junit4-2.19.1.jar:2.19.1]
	at org.apache.maven.surefire.booter.ForkedBooter.invokeProviderInSameClassLoader(ForkedBooter.java:290) [surefire-booter-2.19.1.jar:2.19.1]
	at org.apache.maven.surefire.booter.ForkedBooter.runSuitesInProcess(ForkedBooter.java:242) [surefire-booter-2.19.1.jar:2.19.1]
	at org.apache.maven.surefire.booter.ForkedBooter.main(ForkedBooter.java:121) [surefire-booter-2.19.1.jar:2.19.1]
22:42:09:222 | WARN  | main | o.s.t.c.TestContextManager | Caught exception while allowing TestExecutionListener [org.springframework.test.context.transaction.TransactionalTestExecutionListener@44b3d336] to process 'before' execution of test method [public void com.nurkiewicz.jdbcrepository.JdbcRepositoryManualKeyTest.shouldReturnSingleRecordWhenFindAllWithoutPagingButWithSorting() throws java.lang.Exception] for test instance [com.nurkiewicz.jdbcrepository.mysql.JdbcRepositoryManualKeyMysqlTest@14d6f58f]
java.net.ConnectException: Connection refused (Connection refused)
	at java.net.PlainSocketImpl.socketConnect(Native Method) ~[na:1.8.0_262]
	at java.net.AbstractPlainSocketImpl.doConnect(AbstractPlainSocketImpl.java:350) ~[na:1.8.0_262]
	at java.net.AbstractPlainSocketImpl.connectToAddress(AbstractPlainSocketImpl.java:206) ~[na:1.8.0_262]
	at java.net.AbstractPlainSocketImpl.connect(AbstractPlainSocketImpl.java:188) ~[na:1.8.0_262]
	at java.net.SocksSocketImpl.connect(SocksSocketImpl.java:392) ~[na:1.8.0_262]
	at java.net.Socket.connect(Socket.java:607) ~[na:1.8.0_262]
	at java.net.Socket.connect(Socket.java:556) ~[na:1.8.0_262]
	at com.nurkiewicz.jdbcrepository.AbstractIntegrationTest.ignoreIfDatabaseNotAvailable(AbstractIntegrationTest.java:36) ~[test-classes/:na]
	... 28 common frames omitted
Wrapped by: org.junit.internal.AssumptionViolatedException: got: <java.net.ConnectException: Connection refused (Connection refused)>, expected: null
	at org.junit.Assume.assumeThat(Assume.java:95) ~[junit-4.11.jar:na]
	at org.junit.Assume.assumeNoException(Assume.java:142) ~[junit-4.11.jar:na]
	at com.nurkiewicz.jdbcrepository.AbstractIntegrationTest.ignoreIfDatabaseNotAvailable(AbstractIntegrationTest.java:39) ~[test-classes/:na]
	at sun.reflect.GeneratedMethodAccessor21.invoke(Unknown Source) ~[na:na]
	at sun.reflect.DelegatingMethodAccessorImpl.invoke(DelegatingMethodAccessorImpl.java:43) ~[na:1.8.0_262]
	at java.lang.reflect.Method.invoke(Method.java:498) ~[na:1.8.0_262]
	at org.springframework.test.context.transaction.TransactionalTestExecutionListener.runBeforeTransactionMethods(TransactionalTestExecutionListener.java:248) ~[spring-test-4.1.1.RELEASE.jar:4.1.1.RELEASE]
	at org.springframework.test.context.transaction.TransactionalTestExecutionListener.beforeTestMethod(TransactionalTestExecutionListener.java:198) ~[spring-test-4.1.1.RELEASE.jar:4.1.1.RELEASE]
	at org.springframework.test.context.TestContextManager.beforeTestMethod(TestContextManager.java:249) ~[spring-test-4.1.1.RELEASE.jar:4.1.1.RELEASE]
	at org.springframework.test.context.junit4.statements.RunBeforeTestMethodCallbacks.evaluate(RunBeforeTestMethodCallbacks.java:71) [spring-test-4.1.1.RELEASE.jar:4.1.1.RELEASE]
	at org.springframework.test.context.junit4.statements.RunAfterTestMethodCallbacks.evaluate(RunAfterTestMethodCallbacks.java:81) [spring-test-4.1.1.RELEASE.jar:4.1.1.RELEASE]
	at org.springframework.test.context.junit4.statements.SpringRepeat.evaluate(SpringRepeat.java:72) [spring-test-4.1.1.RELEASE.jar:4.1.1.RELEASE]
	at org.junit.runners.ParentRunner.runLeaf(ParentRunner.java:271) [junit-4.11.jar:na]
	at org.springframework.test.context.junit4.SpringJUnit4ClassRunner.runChild(SpringJUnit4ClassRunner.java:216) [spring-test-4.1.1.RELEASE.jar:4.1.1.RELEASE]
	at org.springframework.test.context.junit4.SpringJUnit4ClassRunner.runChild(SpringJUnit4ClassRunner.java:82) [spring-test-4.1.1.RELEASE.jar:4.1.1.RELEASE]
	at org.junit.runners.ParentRunner$3.run(ParentRunner.java:238) [junit-4.11.jar:na]
	at org.junit.runners.ParentRunner$1.schedule(ParentRunner.java:63) [junit-4.11.jar:na]
	at org.junit.runners.ParentRunner.runChildren(ParentRunner.java:236) [junit-4.11.jar:na]
	at org.junit.runners.ParentRunner.access$000(ParentRunner.java:53) [junit-4.11.jar:na]
	at org.junit.runners.ParentRunner$2.evaluate(ParentRunner.java:229) [junit-4.11.jar:na]
	at org.springframework.test.context.junit4.statements.RunBeforeTestClassCallbacks.evaluate(RunBeforeTestClassCallbacks.java:60) [spring-test-4.1.1.RELEASE.jar:4.1.1.RELEASE]
	at org.springframework.test.context.junit4.statements.RunAfterTestClassCallbacks.evaluate(RunAfterTestClassCallbacks.java:67) [spring-test-4.1.1.RELEASE.jar:4.1.1.RELEASE]
	at org.junit.runners.ParentRunner.run(ParentRunner.java:309) [junit-4.11.jar:na]
	at org.springframework.test.context.junit4.SpringJUnit4ClassRunner.run(SpringJUnit4ClassRunner.java:162) [spring-test-4.1.1.RELEASE.jar:4.1.1.RELEASE]
	at org.apache.maven.surefire.junit4.JUnit4Provider.execute(JUnit4Provider.java:367) [surefire-junit4-2.19.1.jar:2.19.1]
	at org.apache.maven.surefire.junit4.JUnit4Provider.executeWithRerun(JUnit4Provider.java:274) [surefire-junit4-2.19.1.jar:2.19.1]
	at org.apache.maven.surefire.junit4.JUnit4Provider.executeTestSet(JUnit4Provider.java:238) [surefire-junit4-2.19.1.jar:2.19.1]
	at org.apache.maven.surefire.junit4.JUnit4Provider.invoke(JUnit4Provider.java:161) [surefire-junit4-2.19.1.jar:2.19.1]
	at org.apache.maven.surefire.booter.ForkedBooter.invokeProviderInSameClassLoader(ForkedBooter.java:290) [surefire-booter-2.19.1.jar:2.19.1]
	at org.apache.maven.surefire.booter.ForkedBooter.runSuitesInProcess(ForkedBooter.java:242) [surefire-booter-2.19.1.jar:2.19.1]
	at org.apache.maven.surefire.booter.ForkedBooter.main(ForkedBooter.java:121) [surefire-booter-2.19.1.jar:2.19.1]
]]></system-out>
  </testcase>
  <testcase name="shouldReturnListWithOneItemWhenOneRecordInDatabase" classname="com.nurkiewicz.jdbcrepository.mysql.JdbcRepositoryManualKeyMysqlTest" time="0">
    <skipped/>
    <system-out><![CDATA[22:42:09:224 | ERROR | main | o.s.t.c.t.TransactionalTestExecutionListener | Exception encountered while executing @BeforeTransaction methods for test context [DefaultTestContext@633c9699 testClass = JdbcRepositoryManualKeyMysqlTest, testInstance = com.nurkiewicz.jdbcrepository.mysql.JdbcRepositoryManualKeyMysqlTest@41c22d59, testMethod = shouldReturnListWithOneItemWhenOneRecordInDatabase@JdbcRepositoryManualKeyTest, testException = [null], mergedContextConfiguration = [MergedContextConfiguration@31373fc1 testClass = JdbcRepositoryManualKeyMysqlTest, locations = '{}', classes = '{class com.nurkiewicz.jdbcrepository.mysql.JdbcRepositoryTestMysqlConfig}', contextInitializerClasses = '[]', activeProfiles = '{}', propertySourceLocations = '{}', propertySourceProperties = '{}', contextLoader = 'org.springframework.test.context.support.AnnotationConfigContextLoader', parent = [null]]].
java.net.ConnectException: Connection refused (Connection refused)
	at java.net.PlainSocketImpl.socketConnect(Native Method) ~[na:1.8.0_262]
	at java.net.AbstractPlainSocketImpl.doConnect(AbstractPlainSocketImpl.java:350) ~[na:1.8.0_262]
	at java.net.AbstractPlainSocketImpl.connectToAddress(AbstractPlainSocketImpl.java:206) ~[na:1.8.0_262]
	at java.net.AbstractPlainSocketImpl.connect(AbstractPlainSocketImpl.java:188) ~[na:1.8.0_262]
	at java.net.SocksSocketImpl.connect(SocksSocketImpl.java:392) ~[na:1.8.0_262]
	at java.net.Socket.connect(Socket.java:607) ~[na:1.8.0_262]
	at java.net.Socket.connect(Socket.java:556) ~[na:1.8.0_262]
	at com.nurkiewicz.jdbcrepository.AbstractIntegrationTest.ignoreIfDatabaseNotAvailable(AbstractIntegrationTest.java:36) ~[test-classes/:na]
	... 28 common frames omitted
Wrapped by: org.junit.internal.AssumptionViolatedException: got: <java.net.ConnectException: Connection refused (Connection refused)>, expected: null
	at org.junit.Assume.assumeThat(Assume.java:95) ~[junit-4.11.jar:na]
	at org.junit.Assume.assumeNoException(Assume.java:142) ~[junit-4.11.jar:na]
	at com.nurkiewicz.jdbcrepository.AbstractIntegrationTest.ignoreIfDatabaseNotAvailable(AbstractIntegrationTest.java:39) ~[test-classes/:na]
	at sun.reflect.GeneratedMethodAccessor21.invoke(Unknown Source) ~[na:na]
	at sun.reflect.DelegatingMethodAccessorImpl.invoke(DelegatingMethodAccessorImpl.java:43) ~[na:1.8.0_262]
	at java.lang.reflect.Method.invoke(Method.java:498) ~[na:1.8.0_262]
	at org.springframework.test.context.transaction.TransactionalTestExecutionListener.runBeforeTransactionMethods(TransactionalTestExecutionListener.java:248) [spring-test-4.1.1.RELEASE.jar:4.1.1.RELEASE]
	at org.springframework.test.context.transaction.TransactionalTestExecutionListener.beforeTestMethod(TransactionalTestExecutionListener.java:198) [spring-test-4.1.1.RELEASE.jar:4.1.1.RELEASE]
	at org.springframework.test.context.TestContextManager.beforeTestMethod(TestContextManager.java:249) [spring-test-4.1.1.RELEASE.jar:4.1.1.RELEASE]
	at org.springframework.test.context.junit4.statements.RunBeforeTestMethodCallbacks.evaluate(RunBeforeTestMethodCallbacks.java:71) [spring-test-4.1.1.RELEASE.jar:4.1.1.RELEASE]
	at org.springframework.test.context.junit4.statements.RunAfterTestMethodCallbacks.evaluate(RunAfterTestMethodCallbacks.java:81) [spring-test-4.1.1.RELEASE.jar:4.1.1.RELEASE]
	at org.springframework.test.context.junit4.statements.SpringRepeat.evaluate(SpringRepeat.java:72) [spring-test-4.1.1.RELEASE.jar:4.1.1.RELEASE]
	at org.junit.runners.ParentRunner.runLeaf(ParentRunner.java:271) [junit-4.11.jar:na]
	at org.springframework.test.context.junit4.SpringJUnit4ClassRunner.runChild(SpringJUnit4ClassRunner.java:216) [spring-test-4.1.1.RELEASE.jar:4.1.1.RELEASE]
	at org.springframework.test.context.junit4.SpringJUnit4ClassRunner.runChild(SpringJUnit4ClassRunner.java:82) [spring-test-4.1.1.RELEASE.jar:4.1.1.RELEASE]
	at org.junit.runners.ParentRunner$3.run(ParentRunner.java:238) [junit-4.11.jar:na]
	at org.junit.runners.ParentRunner$1.schedule(ParentRunner.java:63) [junit-4.11.jar:na]
	at org.junit.runners.ParentRunner.runChildren(ParentRunner.java:236) [junit-4.11.jar:na]
	at org.junit.runners.ParentRunner.access$000(ParentRunner.java:53) [junit-4.11.jar:na]
	at org.junit.runners.ParentRunner$2.evaluate(ParentRunner.java:229) [junit-4.11.jar:na]
	at org.springframework.test.context.junit4.statements.RunBeforeTestClassCallbacks.evaluate(RunBeforeTestClassCallbacks.java:60) [spring-test-4.1.1.RELEASE.jar:4.1.1.RELEASE]
	at org.springframework.test.context.junit4.statements.RunAfterTestClassCallbacks.evaluate(RunAfterTestClassCallbacks.java:67) [spring-test-4.1.1.RELEASE.jar:4.1.1.RELEASE]
	at org.junit.runners.ParentRunner.run(ParentRunner.java:309) [junit-4.11.jar:na]
	at org.springframework.test.context.junit4.SpringJUnit4ClassRunner.run(SpringJUnit4ClassRunner.java:162) [spring-test-4.1.1.RELEASE.jar:4.1.1.RELEASE]
	at org.apache.maven.surefire.junit4.JUnit4Provider.execute(JUnit4Provider.java:367) [surefire-junit4-2.19.1.jar:2.19.1]
	at org.apache.maven.surefire.junit4.JUnit4Provider.executeWithRerun(JUnit4Provider.java:274) [surefire-junit4-2.19.1.jar:2.19.1]
	at org.apache.maven.surefire.junit4.JUnit4Provider.executeTestSet(JUnit4Provider.java:238) [surefire-junit4-2.19.1.jar:2.19.1]
	at org.apache.maven.surefire.junit4.JUnit4Provider.invoke(JUnit4Provider.java:161) [surefire-junit4-2.19.1.jar:2.19.1]
	at org.apache.maven.surefire.booter.ForkedBooter.invokeProviderInSameClassLoader(ForkedBooter.java:290) [surefire-booter-2.19.1.jar:2.19.1]
	at org.apache.maven.surefire.booter.ForkedBooter.runSuitesInProcess(ForkedBooter.java:242) [surefire-booter-2.19.1.jar:2.19.1]
	at org.apache.maven.surefire.booter.ForkedBooter.main(ForkedBooter.java:121) [surefire-booter-2.19.1.jar:2.19.1]
22:42:09:225 | WARN  | main | o.s.t.c.TestContextManager | Caught exception while allowing TestExecutionListener [org.springframework.test.context.transaction.TransactionalTestExecutionListener@44b3d336] to process 'before' execution of test method [public void com.nurkiewicz.jdbcrepository.JdbcRepositoryManualKeyTest.shouldReturnListWithOneItemWhenOneRecordInDatabase()] for test instance [com.nurkiewicz.jdbcrepository.mysql.JdbcRepositoryManualKeyMysqlTest@41c22d59]
java.net.ConnectException: Connection refused (Connection refused)
	at java.net.PlainSocketImpl.socketConnect(Native Method) ~[na:1.8.0_262]
	at java.net.AbstractPlainSocketImpl.doConnect(AbstractPlainSocketImpl.java:350) ~[na:1.8.0_262]
	at java.net.AbstractPlainSocketImpl.connectToAddress(AbstractPlainSocketImpl.java:206) ~[na:1.8.0_262]
	at java.net.AbstractPlainSocketImpl.connect(AbstractPlainSocketImpl.java:188) ~[na:1.8.0_262]
	at java.net.SocksSocketImpl.connect(SocksSocketImpl.java:392) ~[na:1.8.0_262]
	at java.net.Socket.connect(Socket.java:607) ~[na:1.8.0_262]
	at java.net.Socket.connect(Socket.java:556) ~[na:1.8.0_262]
	at com.nurkiewicz.jdbcrepository.AbstractIntegrationTest.ignoreIfDatabaseNotAvailable(AbstractIntegrationTest.java:36) ~[test-classes/:na]
	... 28 common frames omitted
Wrapped by: org.junit.internal.AssumptionViolatedException: got: <java.net.ConnectException: Connection refused (Connection refused)>, expected: null
	at org.junit.Assume.assumeThat(Assume.java:95) ~[junit-4.11.jar:na]
	at org.junit.Assume.assumeNoException(Assume.java:142) ~[junit-4.11.jar:na]
	at com.nurkiewicz.jdbcrepository.AbstractIntegrationTest.ignoreIfDatabaseNotAvailable(AbstractIntegrationTest.java:39) ~[test-classes/:na]
	at sun.reflect.GeneratedMethodAccessor21.invoke(Unknown Source) ~[na:na]
	at sun.reflect.DelegatingMethodAccessorImpl.invoke(DelegatingMethodAccessorImpl.java:43) ~[na:1.8.0_262]
	at java.lang.reflect.Method.invoke(Method.java:498) ~[na:1.8.0_262]
	at org.springframework.test.context.transaction.TransactionalTestExecutionListener.runBeforeTransactionMethods(TransactionalTestExecutionListener.java:248) ~[spring-test-4.1.1.RELEASE.jar:4.1.1.RELEASE]
	at org.springframework.test.context.transaction.TransactionalTestExecutionListener.beforeTestMethod(TransactionalTestExecutionListener.java:198) ~[spring-test-4.1.1.RELEASE.jar:4.1.1.RELEASE]
	at org.springframework.test.context.TestContextManager.beforeTestMethod(TestContextManager.java:249) ~[spring-test-4.1.1.RELEASE.jar:4.1.1.RELEASE]
	at org.springframework.test.context.junit4.statements.RunBeforeTestMethodCallbacks.evaluate(RunBeforeTestMethodCallbacks.java:71) [spring-test-4.1.1.RELEASE.jar:4.1.1.RELEASE]
	at org.springframework.test.context.junit4.statements.RunAfterTestMethodCallbacks.evaluate(RunAfterTestMethodCallbacks.java:81) [spring-test-4.1.1.RELEASE.jar:4.1.1.RELEASE]
	at org.springframework.test.context.junit4.statements.SpringRepeat.evaluate(SpringRepeat.java:72) [spring-test-4.1.1.RELEASE.jar:4.1.1.RELEASE]
	at org.junit.runners.ParentRunner.runLeaf(ParentRunner.java:271) [junit-4.11.jar:na]
	at org.springframework.test.context.junit4.SpringJUnit4ClassRunner.runChild(SpringJUnit4ClassRunner.java:216) [spring-test-4.1.1.RELEASE.jar:4.1.1.RELEASE]
	at org.springframework.test.context.junit4.SpringJUnit4ClassRunner.runChild(SpringJUnit4ClassRunner.java:82) [spring-test-4.1.1.RELEASE.jar:4.1.1.RELEASE]
	at org.junit.runners.ParentRunner$3.run(ParentRunner.java:238) [junit-4.11.jar:na]
	at org.junit.runners.ParentRunner$1.schedule(ParentRunner.java:63) [junit-4.11.jar:na]
	at org.junit.runners.ParentRunner.runChildren(ParentRunner.java:236) [junit-4.11.jar:na]
	at org.junit.runners.ParentRunner.access$000(ParentRunner.java:53) [junit-4.11.jar:na]
	at org.junit.runners.ParentRunner$2.evaluate(ParentRunner.java:229) [junit-4.11.jar:na]
	at org.springframework.test.context.junit4.statements.RunBeforeTestClassCallbacks.evaluate(RunBeforeTestClassCallbacks.java:60) [spring-test-4.1.1.RELEASE.jar:4.1.1.RELEASE]
	at org.springframework.test.context.junit4.statements.RunAfterTestClassCallbacks.evaluate(RunAfterTestClassCallbacks.java:67) [spring-test-4.1.1.RELEASE.jar:4.1.1.RELEASE]
	at org.junit.runners.ParentRunner.run(ParentRunner.java:309) [junit-4.11.jar:na]
	at org.springframework.test.context.junit4.SpringJUnit4ClassRunner.run(SpringJUnit4ClassRunner.java:162) [spring-test-4.1.1.RELEASE.jar:4.1.1.RELEASE]
	at org.apache.maven.surefire.junit4.JUnit4Provider.execute(JUnit4Provider.java:367) [surefire-junit4-2.19.1.jar:2.19.1]
	at org.apache.maven.surefire.junit4.JUnit4Provider.executeWithRerun(JUnit4Provider.java:274) [surefire-junit4-2.19.1.jar:2.19.1]
	at org.apache.maven.surefire.junit4.JUnit4Provider.executeTestSet(JUnit4Provider.java:238) [surefire-junit4-2.19.1.jar:2.19.1]
	at org.apache.maven.surefire.junit4.JUnit4Provider.invoke(JUnit4Provider.java:161) [surefire-junit4-2.19.1.jar:2.19.1]
	at org.apache.maven.surefire.booter.ForkedBooter.invokeProviderInSameClassLoader(ForkedBooter.java:290) [surefire-booter-2.19.1.jar:2.19.1]
	at org.apache.maven.surefire.booter.ForkedBooter.runSuitesInProcess(ForkedBooter.java:242) [surefire-booter-2.19.1.jar:2.19.1]
	at org.apache.maven.surefire.booter.ForkedBooter.main(ForkedBooter.java:121) [surefire-booter-2.19.1.jar:2.19.1]
]]></system-out>
  </testcase>
  <testcase name="shouldReturnFirstPageSortedByReputation" classname="com.nurkiewicz.jdbcrepository.mysql.JdbcRepositoryManualKeyMysqlTest" time="0">
    <skipped/>
    <system-out><![CDATA[22:42:09:237 | ERROR | main | o.s.t.c.t.TransactionalTestExecutionListener | Exception encountered while executing @BeforeTransaction methods for test context [DefaultTestContext@633c9699 testClass = JdbcRepositoryManualKeyMysqlTest, testInstance = com.nurkiewicz.jdbcrepository.mysql.JdbcRepositoryManualKeyMysqlTest@7dfccbf2, testMethod = shouldReturnFirstPageSortedByReputation@JdbcRepositoryManualKeyTest, testException = [null], mergedContextConfiguration = [MergedContextConfiguration@31373fc1 testClass = JdbcRepositoryManualKeyMysqlTest, locations = '{}', classes = '{class com.nurkiewicz.jdbcrepository.mysql.JdbcRepositoryTestMysqlConfig}', contextInitializerClasses = '[]', activeProfiles = '{}', propertySourceLocations = '{}', propertySourceProperties = '{}', contextLoader = 'org.springframework.test.context.support.AnnotationConfigContextLoader', parent = [null]]].
java.net.ConnectException: Connection refused (Connection refused)
	at java.net.PlainSocketImpl.socketConnect(Native Method) ~[na:1.8.0_262]
	at java.net.AbstractPlainSocketImpl.doConnect(AbstractPlainSocketImpl.java:350) ~[na:1.8.0_262]
	at java.net.AbstractPlainSocketImpl.connectToAddress(AbstractPlainSocketImpl.java:206) ~[na:1.8.0_262]
	at java.net.AbstractPlainSocketImpl.connect(AbstractPlainSocketImpl.java:188) ~[na:1.8.0_262]
	at java.net.SocksSocketImpl.connect(SocksSocketImpl.java:392) ~[na:1.8.0_262]
	at java.net.Socket.connect(Socket.java:607) ~[na:1.8.0_262]
	at java.net.Socket.connect(Socket.java:556) ~[na:1.8.0_262]
	at com.nurkiewicz.jdbcrepository.AbstractIntegrationTest.ignoreIfDatabaseNotAvailable(AbstractIntegrationTest.java:36) ~[test-classes/:na]
	... 28 common frames omitted
Wrapped by: org.junit.internal.AssumptionViolatedException: got: <java.net.ConnectException: Connection refused (Connection refused)>, expected: null
	at org.junit.Assume.assumeThat(Assume.java:95) ~[junit-4.11.jar:na]
	at org.junit.Assume.assumeNoException(Assume.java:142) ~[junit-4.11.jar:na]
	at com.nurkiewicz.jdbcrepository.AbstractIntegrationTest.ignoreIfDatabaseNotAvailable(AbstractIntegrationTest.java:39) ~[test-classes/:na]
	at sun.reflect.GeneratedMethodAccessor21.invoke(Unknown Source) ~[na:na]
	at sun.reflect.DelegatingMethodAccessorImpl.invoke(DelegatingMethodAccessorImpl.java:43) ~[na:1.8.0_262]
	at java.lang.reflect.Method.invoke(Method.java:498) ~[na:1.8.0_262]
	at org.springframework.test.context.transaction.TransactionalTestExecutionListener.runBeforeTransactionMethods(TransactionalTestExecutionListener.java:248) [spring-test-4.1.1.RELEASE.jar:4.1.1.RELEASE]
	at org.springframework.test.context.transaction.TransactionalTestExecutionListener.beforeTestMethod(TransactionalTestExecutionListener.java:198) [spring-test-4.1.1.RELEASE.jar:4.1.1.RELEASE]
	at org.springframework.test.context.TestContextManager.beforeTestMethod(TestContextManager.java:249) [spring-test-4.1.1.RELEASE.jar:4.1.1.RELEASE]
	at org.springframework.test.context.junit4.statements.RunBeforeTestMethodCallbacks.evaluate(RunBeforeTestMethodCallbacks.java:71) [spring-test-4.1.1.RELEASE.jar:4.1.1.RELEASE]
	at org.springframework.test.context.junit4.statements.RunAfterTestMethodCallbacks.evaluate(RunAfterTestMethodCallbacks.java:81) [spring-test-4.1.1.RELEASE.jar:4.1.1.RELEASE]
	at org.springframework.test.context.junit4.statements.SpringRepeat.evaluate(SpringRepeat.java:72) [spring-test-4.1.1.RELEASE.jar:4.1.1.RELEASE]
	at org.junit.runners.ParentRunner.runLeaf(ParentRunner.java:271) [junit-4.11.jar:na]
	at org.springframework.test.context.junit4.SpringJUnit4ClassRunner.runChild(SpringJUnit4ClassRunner.java:216) [spring-test-4.1.1.RELEASE.jar:4.1.1.RELEASE]
	at org.springframework.test.context.junit4.SpringJUnit4ClassRunner.runChild(SpringJUnit4ClassRunner.java:82) [spring-test-4.1.1.RELEASE.jar:4.1.1.RELEASE]
	at org.junit.runners.ParentRunner$3.run(ParentRunner.java:238) [junit-4.11.jar:na]
	at org.junit.runners.ParentRunner$1.schedule(ParentRunner.java:63) [junit-4.11.jar:na]
	at org.junit.runners.ParentRunner.runChildren(ParentRunner.java:236) [junit-4.11.jar:na]
	at org.junit.runners.ParentRunner.access$000(ParentRunner.java:53) [junit-4.11.jar:na]
	at org.junit.runners.ParentRunner$2.evaluate(ParentRunner.java:229) [junit-4.11.jar:na]
	at org.springframework.test.context.junit4.statements.RunBeforeTestClassCallbacks.evaluate(RunBeforeTestClassCallbacks.java:60) [spring-test-4.1.1.RELEASE.jar:4.1.1.RELEASE]
	at org.springframework.test.context.junit4.statements.RunAfterTestClassCallbacks.evaluate(RunAfterTestClassCallbacks.java:67) [spring-test-4.1.1.RELEASE.jar:4.1.1.RELEASE]
	at org.junit.runners.ParentRunner.run(ParentRunner.java:309) [junit-4.11.jar:na]
	at org.springframework.test.context.junit4.SpringJUnit4ClassRunner.run(SpringJUnit4ClassRunner.java:162) [spring-test-4.1.1.RELEASE.jar:4.1.1.RELEASE]
	at org.apache.maven.surefire.junit4.JUnit4Provider.execute(JUnit4Provider.java:367) [surefire-junit4-2.19.1.jar:2.19.1]
	at org.apache.maven.surefire.junit4.JUnit4Provider.executeWithRerun(JUnit4Provider.java:274) [surefire-junit4-2.19.1.jar:2.19.1]
	at org.apache.maven.surefire.junit4.JUnit4Provider.executeTestSet(JUnit4Provider.java:238) [surefire-junit4-2.19.1.jar:2.19.1]
	at org.apache.maven.surefire.junit4.JUnit4Provider.invoke(JUnit4Provider.java:161) [surefire-junit4-2.19.1.jar:2.19.1]
	at org.apache.maven.surefire.booter.ForkedBooter.invokeProviderInSameClassLoader(ForkedBooter.java:290) [surefire-booter-2.19.1.jar:2.19.1]
	at org.apache.maven.surefire.booter.ForkedBooter.runSuitesInProcess(ForkedBooter.java:242) [surefire-booter-2.19.1.jar:2.19.1]
	at org.apache.maven.surefire.booter.ForkedBooter.main(ForkedBooter.java:121) [surefire-booter-2.19.1.jar:2.19.1]
22:42:09:238 | WARN  | main | o.s.t.c.TestContextManager | Caught exception while allowing TestExecutionListener [org.springframework.test.context.transaction.TransactionalTestExecutionListener@44b3d336] to process 'before' execution of test method [public void com.nurkiewicz.jdbcrepository.JdbcRepositoryManualKeyTest.shouldReturnFirstPageSortedByReputation()] for test instance [com.nurkiewicz.jdbcrepository.mysql.JdbcRepositoryManualKeyMysqlTest@7dfccbf2]
java.net.ConnectException: Connection refused (Connection refused)
	at java.net.PlainSocketImpl.socketConnect(Native Method) ~[na:1.8.0_262]
	at java.net.AbstractPlainSocketImpl.doConnect(AbstractPlainSocketImpl.java:350) ~[na:1.8.0_262]
	at java.net.AbstractPlainSocketImpl.connectToAddress(AbstractPlainSocketImpl.java:206) ~[na:1.8.0_262]
	at java.net.AbstractPlainSocketImpl.connect(AbstractPlainSocketImpl.java:188) ~[na:1.8.0_262]
	at java.net.SocksSocketImpl.connect(SocksSocketImpl.java:392) ~[na:1.8.0_262]
	at java.net.Socket.connect(Socket.java:607) ~[na:1.8.0_262]
	at java.net.Socket.connect(Socket.java:556) ~[na:1.8.0_262]
	at com.nurkiewicz.jdbcrepository.AbstractIntegrationTest.ignoreIfDatabaseNotAvailable(AbstractIntegrationTest.java:36) ~[test-classes/:na]
	... 28 common frames omitted
Wrapped by: org.junit.internal.AssumptionViolatedException: got: <java.net.ConnectException: Connection refused (Connection refused)>, expected: null
	at org.junit.Assume.assumeThat(Assume.java:95) ~[junit-4.11.jar:na]
	at org.junit.Assume.assumeNoException(Assume.java:142) ~[junit-4.11.jar:na]
	at com.nurkiewicz.jdbcrepository.AbstractIntegrationTest.ignoreIfDatabaseNotAvailable(AbstractIntegrationTest.java:39) ~[test-classes/:na]
	at sun.reflect.GeneratedMethodAccessor21.invoke(Unknown Source) ~[na:na]
	at sun.reflect.DelegatingMethodAccessorImpl.invoke(DelegatingMethodAccessorImpl.java:43) ~[na:1.8.0_262]
	at java.lang.reflect.Method.invoke(Method.java:498) ~[na:1.8.0_262]
	at org.springframework.test.context.transaction.TransactionalTestExecutionListener.runBeforeTransactionMethods(TransactionalTestExecutionListener.java:248) ~[spring-test-4.1.1.RELEASE.jar:4.1.1.RELEASE]
	at org.springframework.test.context.transaction.TransactionalTestExecutionListener.beforeTestMethod(TransactionalTestExecutionListener.java:198) ~[spring-test-4.1.1.RELEASE.jar:4.1.1.RELEASE]
	at org.springframework.test.context.TestContextManager.beforeTestMethod(TestContextManager.java:249) ~[spring-test-4.1.1.RELEASE.jar:4.1.1.RELEASE]
	at org.springframework.test.context.junit4.statements.RunBeforeTestMethodCallbacks.evaluate(RunBeforeTestMethodCallbacks.java:71) [spring-test-4.1.1.RELEASE.jar:4.1.1.RELEASE]
	at org.springframework.test.context.junit4.statements.RunAfterTestMethodCallbacks.evaluate(RunAfterTestMethodCallbacks.java:81) [spring-test-4.1.1.RELEASE.jar:4.1.1.RELEASE]
	at org.springframework.test.context.junit4.statements.SpringRepeat.evaluate(SpringRepeat.java:72) [spring-test-4.1.1.RELEASE.jar:4.1.1.RELEASE]
	at org.junit.runners.ParentRunner.runLeaf(ParentRunner.java:271) [junit-4.11.jar:na]
	at org.springframework.test.context.junit4.SpringJUnit4ClassRunner.runChild(SpringJUnit4ClassRunner.java:216) [spring-test-4.1.1.RELEASE.jar:4.1.1.RELEASE]
	at org.springframework.test.context.junit4.SpringJUnit4ClassRunner.runChild(SpringJUnit4ClassRunner.java:82) [spring-test-4.1.1.RELEASE.jar:4.1.1.RELEASE]
	at org.junit.runners.ParentRunner$3.run(ParentRunner.java:238) [junit-4.11.jar:na]
	at org.junit.runners.ParentRunner$1.schedule(ParentRunner.java:63) [junit-4.11.jar:na]
	at org.junit.runners.ParentRunner.runChildren(ParentRunner.java:236) [junit-4.11.jar:na]
	at org.junit.runners.ParentRunner.access$000(ParentRunner.java:53) [junit-4.11.jar:na]
	at org.junit.runners.ParentRunner$2.evaluate(ParentRunner.java:229) [junit-4.11.jar:na]
	at org.springframework.test.context.junit4.statements.RunBeforeTestClassCallbacks.evaluate(RunBeforeTestClassCallbacks.java:60) [spring-test-4.1.1.RELEASE.jar:4.1.1.RELEASE]
	at org.springframework.test.context.junit4.statements.RunAfterTestClassCallbacks.evaluate(RunAfterTestClassCallbacks.java:67) [spring-test-4.1.1.RELEASE.jar:4.1.1.RELEASE]
	at org.junit.runners.ParentRunner.run(ParentRunner.java:309) [junit-4.11.jar:na]
	at org.springframework.test.context.junit4.SpringJUnit4ClassRunner.run(SpringJUnit4ClassRunner.java:162) [spring-test-4.1.1.RELEASE.jar:4.1.1.RELEASE]
	at org.apache.maven.surefire.junit4.JUnit4Provider.execute(JUnit4Provider.java:367) [surefire-junit4-2.19.1.jar:2.19.1]
	at org.apache.maven.surefire.junit4.JUnit4Provider.executeWithRerun(JUnit4Provider.java:274) [surefire-junit4-2.19.1.jar:2.19.1]
	at org.apache.maven.surefire.junit4.JUnit4Provider.executeTestSet(JUnit4Provider.java:238) [surefire-junit4-2.19.1.jar:2.19.1]
	at org.apache.maven.surefire.junit4.JUnit4Provider.invoke(JUnit4Provider.java:161) [surefire-junit4-2.19.1.jar:2.19.1]
	at org.apache.maven.surefire.booter.ForkedBooter.invokeProviderInSameClassLoader(ForkedBooter.java:290) [surefire-booter-2.19.1.jar:2.19.1]
	at org.apache.maven.surefire.booter.ForkedBooter.runSuitesInProcess(ForkedBooter.java:242) [surefire-booter-2.19.1.jar:2.19.1]
	at org.apache.maven.surefire.booter.ForkedBooter.main(ForkedBooter.java:121) [surefire-booter-2.19.1.jar:2.19.1]
]]></system-out>
  </testcase>
  <testcase name="shouldReturnFalseWhenEntityWithSuchIdDoesNotExist" classname="com.nurkiewicz.jdbcrepository.mysql.JdbcRepositoryManualKeyMysqlTest" time="0">
    <skipped/>
    <system-out><![CDATA[22:42:09:245 | ERROR | main | o.s.t.c.t.TransactionalTestExecutionListener | Exception encountered while executing @BeforeTransaction methods for test context [DefaultTestContext@633c9699 testClass = JdbcRepositoryManualKeyMysqlTest, testInstance = com.nurkiewicz.jdbcrepository.mysql.JdbcRepositoryManualKeyMysqlTest@4f9a0139, testMethod = shouldReturnFalseWhenEntityWithSuchIdDoesNotExist@JdbcRepositoryManualKeyTest, testException = [null], mergedContextConfiguration = [MergedContextConfiguration@31373fc1 testClass = JdbcRepositoryManualKeyMysqlTest, locations = '{}', classes = '{class com.nurkiewicz.jdbcrepository.mysql.JdbcRepositoryTestMysqlConfig}', contextInitializerClasses = '[]', activeProfiles = '{}', propertySourceLocations = '{}', propertySourceProperties = '{}', contextLoader = 'org.springframework.test.context.support.AnnotationConfigContextLoader', parent = [null]]].
java.net.ConnectException: Connection refused (Connection refused)
	at java.net.PlainSocketImpl.socketConnect(Native Method) ~[na:1.8.0_262]
	at java.net.AbstractPlainSocketImpl.doConnect(AbstractPlainSocketImpl.java:350) ~[na:1.8.0_262]
	at java.net.AbstractPlainSocketImpl.connectToAddress(AbstractPlainSocketImpl.java:206) ~[na:1.8.0_262]
	at java.net.AbstractPlainSocketImpl.connect(AbstractPlainSocketImpl.java:188) ~[na:1.8.0_262]
	at java.net.SocksSocketImpl.connect(SocksSocketImpl.java:392) ~[na:1.8.0_262]
	at java.net.Socket.connect(Socket.java:607) ~[na:1.8.0_262]
	at java.net.Socket.connect(Socket.java:556) ~[na:1.8.0_262]
	at com.nurkiewicz.jdbcrepository.AbstractIntegrationTest.ignoreIfDatabaseNotAvailable(AbstractIntegrationTest.java:36) ~[test-classes/:na]
	... 28 common frames omitted
Wrapped by: org.junit.internal.AssumptionViolatedException: got: <java.net.ConnectException: Connection refused (Connection refused)>, expected: null
	at org.junit.Assume.assumeThat(Assume.java:95) ~[junit-4.11.jar:na]
	at org.junit.Assume.assumeNoException(Assume.java:142) ~[junit-4.11.jar:na]
	at com.nurkiewicz.jdbcrepository.AbstractIntegrationTest.ignoreIfDatabaseNotAvailable(AbstractIntegrationTest.java:39) ~[test-classes/:na]
	at sun.reflect.GeneratedMethodAccessor21.invoke(Unknown Source) ~[na:na]
	at sun.reflect.DelegatingMethodAccessorImpl.invoke(DelegatingMethodAccessorImpl.java:43) ~[na:1.8.0_262]
	at java.lang.reflect.Method.invoke(Method.java:498) ~[na:1.8.0_262]
	at org.springframework.test.context.transaction.TransactionalTestExecutionListener.runBeforeTransactionMethods(TransactionalTestExecutionListener.java:248) [spring-test-4.1.1.RELEASE.jar:4.1.1.RELEASE]
	at org.springframework.test.context.transaction.TransactionalTestExecutionListener.beforeTestMethod(TransactionalTestExecutionListener.java:198) [spring-test-4.1.1.RELEASE.jar:4.1.1.RELEASE]
	at org.springframework.test.context.TestContextManager.beforeTestMethod(TestContextManager.java:249) [spring-test-4.1.1.RELEASE.jar:4.1.1.RELEASE]
	at org.springframework.test.context.junit4.statements.RunBeforeTestMethodCallbacks.evaluate(RunBeforeTestMethodCallbacks.java:71) [spring-test-4.1.1.RELEASE.jar:4.1.1.RELEASE]
	at org.springframework.test.context.junit4.statements.RunAfterTestMethodCallbacks.evaluate(RunAfterTestMethodCallbacks.java:81) [spring-test-4.1.1.RELEASE.jar:4.1.1.RELEASE]
	at org.springframework.test.context.junit4.statements.SpringRepeat.evaluate(SpringRepeat.java:72) [spring-test-4.1.1.RELEASE.jar:4.1.1.RELEASE]
	at org.junit.runners.ParentRunner.runLeaf(ParentRunner.java:271) [junit-4.11.jar:na]
	at org.springframework.test.context.junit4.SpringJUnit4ClassRunner.runChild(SpringJUnit4ClassRunner.java:216) [spring-test-4.1.1.RELEASE.jar:4.1.1.RELEASE]
	at org.springframework.test.context.junit4.SpringJUnit4ClassRunner.runChild(SpringJUnit4ClassRunner.java:82) [spring-test-4.1.1.RELEASE.jar:4.1.1.RELEASE]
	at org.junit.runners.ParentRunner$3.run(ParentRunner.java:238) [junit-4.11.jar:na]
	at org.junit.runners.ParentRunner$1.schedule(ParentRunner.java:63) [junit-4.11.jar:na]
	at org.junit.runners.ParentRunner.runChildren(ParentRunner.java:236) [junit-4.11.jar:na]
	at org.junit.runners.ParentRunner.access$000(ParentRunner.java:53) [junit-4.11.jar:na]
	at org.junit.runners.ParentRunner$2.evaluate(ParentRunner.java:229) [junit-4.11.jar:na]
	at org.springframework.test.context.junit4.statements.RunBeforeTestClassCallbacks.evaluate(RunBeforeTestClassCallbacks.java:60) [spring-test-4.1.1.RELEASE.jar:4.1.1.RELEASE]
	at org.springframework.test.context.junit4.statements.RunAfterTestClassCallbacks.evaluate(RunAfterTestClassCallbacks.java:67) [spring-test-4.1.1.RELEASE.jar:4.1.1.RELEASE]
	at org.junit.runners.ParentRunner.run(ParentRunner.java:309) [junit-4.11.jar:na]
	at org.springframework.test.context.junit4.SpringJUnit4ClassRunner.run(SpringJUnit4ClassRunner.java:162) [spring-test-4.1.1.RELEASE.jar:4.1.1.RELEASE]
	at org.apache.maven.surefire.junit4.JUnit4Provider.execute(JUnit4Provider.java:367) [surefire-junit4-2.19.1.jar:2.19.1]
	at org.apache.maven.surefire.junit4.JUnit4Provider.executeWithRerun(JUnit4Provider.java:274) [surefire-junit4-2.19.1.jar:2.19.1]
	at org.apache.maven.surefire.junit4.JUnit4Provider.executeTestSet(JUnit4Provider.java:238) [surefire-junit4-2.19.1.jar:2.19.1]
	at org.apache.maven.surefire.junit4.JUnit4Provider.invoke(JUnit4Provider.java:161) [surefire-junit4-2.19.1.jar:2.19.1]
	at org.apache.maven.surefire.booter.ForkedBooter.invokeProviderInSameClassLoader(ForkedBooter.java:290) [surefire-booter-2.19.1.jar:2.19.1]
	at org.apache.maven.surefire.booter.ForkedBooter.runSuitesInProcess(ForkedBooter.java:242) [surefire-booter-2.19.1.jar:2.19.1]
	at org.apache.maven.surefire.booter.ForkedBooter.main(ForkedBooter.java:121) [surefire-booter-2.19.1.jar:2.19.1]
22:42:09:245 | WARN  | main | o.s.t.c.TestContextManager | Caught exception while allowing TestExecutionListener [org.springframework.test.context.transaction.TransactionalTestExecutionListener@44b3d336] to process 'before' execution of test method [public void com.nurkiewicz.jdbcrepository.JdbcRepositoryManualKeyTest.shouldReturnFalseWhenEntityWithSuchIdDoesNotExist()] for test instance [com.nurkiewicz.jdbcrepository.mysql.JdbcRepositoryManualKeyMysqlTest@4f9a0139]
java.net.ConnectException: Connection refused (Connection refused)
	at java.net.PlainSocketImpl.socketConnect(Native Method) ~[na:1.8.0_262]
	at java.net.AbstractPlainSocketImpl.doConnect(AbstractPlainSocketImpl.java:350) ~[na:1.8.0_262]
	at java.net.AbstractPlainSocketImpl.connectToAddress(AbstractPlainSocketImpl.java:206) ~[na:1.8.0_262]
	at java.net.AbstractPlainSocketImpl.connect(AbstractPlainSocketImpl.java:188) ~[na:1.8.0_262]
	at java.net.SocksSocketImpl.connect(SocksSocketImpl.java:392) ~[na:1.8.0_262]
	at java.net.Socket.connect(Socket.java:607) ~[na:1.8.0_262]
	at java.net.Socket.connect(Socket.java:556) ~[na:1.8.0_262]
	at com.nurkiewicz.jdbcrepository.AbstractIntegrationTest.ignoreIfDatabaseNotAvailable(AbstractIntegrationTest.java:36) ~[test-classes/:na]
	... 28 common frames omitted
Wrapped by: org.junit.internal.AssumptionViolatedException: got: <java.net.ConnectException: Connection refused (Connection refused)>, expected: null
	at org.junit.Assume.assumeThat(Assume.java:95) ~[junit-4.11.jar:na]
	at org.junit.Assume.assumeNoException(Assume.java:142) ~[junit-4.11.jar:na]
	at com.nurkiewicz.jdbcrepository.AbstractIntegrationTest.ignoreIfDatabaseNotAvailable(AbstractIntegrationTest.java:39) ~[test-classes/:na]
	at sun.reflect.GeneratedMethodAccessor21.invoke(Unknown Source) ~[na:na]
	at sun.reflect.DelegatingMethodAccessorImpl.invoke(DelegatingMethodAccessorImpl.java:43) ~[na:1.8.0_262]
	at java.lang.reflect.Method.invoke(Method.java:498) ~[na:1.8.0_262]
	at org.springframework.test.context.transaction.TransactionalTestExecutionListener.runBeforeTransactionMethods(TransactionalTestExecutionListener.java:248) ~[spring-test-4.1.1.RELEASE.jar:4.1.1.RELEASE]
	at org.springframework.test.context.transaction.TransactionalTestExecutionListener.beforeTestMethod(TransactionalTestExecutionListener.java:198) ~[spring-test-4.1.1.RELEASE.jar:4.1.1.RELEASE]
	at org.springframework.test.context.TestContextManager.beforeTestMethod(TestContextManager.java:249) ~[spring-test-4.1.1.RELEASE.jar:4.1.1.RELEASE]
	at org.springframework.test.context.junit4.statements.RunBeforeTestMethodCallbacks.evaluate(RunBeforeTestMethodCallbacks.java:71) [spring-test-4.1.1.RELEASE.jar:4.1.1.RELEASE]
	at org.springframework.test.context.junit4.statements.RunAfterTestMethodCallbacks.evaluate(RunAfterTestMethodCallbacks.java:81) [spring-test-4.1.1.RELEASE.jar:4.1.1.RELEASE]
	at org.springframework.test.context.junit4.statements.SpringRepeat.evaluate(SpringRepeat.java:72) [spring-test-4.1.1.RELEASE.jar:4.1.1.RELEASE]
	at org.junit.runners.ParentRunner.runLeaf(ParentRunner.java:271) [junit-4.11.jar:na]
	at org.springframework.test.context.junit4.SpringJUnit4ClassRunner.runChild(SpringJUnit4ClassRunner.java:216) [spring-test-4.1.1.RELEASE.jar:4.1.1.RELEASE]
	at org.springframework.test.context.junit4.SpringJUnit4ClassRunner.runChild(SpringJUnit4ClassRunner.java:82) [spring-test-4.1.1.RELEASE.jar:4.1.1.RELEASE]
	at org.junit.runners.ParentRunner$3.run(ParentRunner.java:238) [junit-4.11.jar:na]
	at org.junit.runners.ParentRunner$1.schedule(ParentRunner.java:63) [junit-4.11.jar:na]
	at org.junit.runners.ParentRunner.runChildren(ParentRunner.java:236) [junit-4.11.jar:na]
	at org.junit.runners.ParentRunner.access$000(ParentRunner.java:53) [junit-4.11.jar:na]
	at org.junit.runners.ParentRunner$2.evaluate(ParentRunner.java:229) [junit-4.11.jar:na]
	at org.springframework.test.context.junit4.statements.RunBeforeTestClassCallbacks.evaluate(RunBeforeTestClassCallbacks.java:60) [spring-test-4.1.1.RELEASE.jar:4.1.1.RELEASE]
	at org.springframework.test.context.junit4.statements.RunAfterTestClassCallbacks.evaluate(RunAfterTestClassCallbacks.java:67) [spring-test-4.1.1.RELEASE.jar:4.1.1.RELEASE]
	at org.junit.runners.ParentRunner.run(ParentRunner.java:309) [junit-4.11.jar:na]
	at org.springframework.test.context.junit4.SpringJUnit4ClassRunner.run(SpringJUnit4ClassRunner.java:162) [spring-test-4.1.1.RELEASE.jar:4.1.1.RELEASE]
	at org.apache.maven.surefire.junit4.JUnit4Provider.execute(JUnit4Provider.java:367) [surefire-junit4-2.19.1.jar:2.19.1]
	at org.apache.maven.surefire.junit4.JUnit4Provider.executeWithRerun(JUnit4Provider.java:274) [surefire-junit4-2.19.1.jar:2.19.1]
	at org.apache.maven.surefire.junit4.JUnit4Provider.executeTestSet(JUnit4Provider.java:238) [surefire-junit4-2.19.1.jar:2.19.1]
	at org.apache.maven.surefire.junit4.JUnit4Provider.invoke(JUnit4Provider.java:161) [surefire-junit4-2.19.1.jar:2.19.1]
	at org.apache.maven.surefire.booter.ForkedBooter.invokeProviderInSameClassLoader(ForkedBooter.java:290) [surefire-booter-2.19.1.jar:2.19.1]
	at org.apache.maven.surefire.booter.ForkedBooter.runSuitesInProcess(ForkedBooter.java:242) [surefire-booter-2.19.1.jar:2.19.1]
	at org.apache.maven.surefire.booter.ForkedBooter.main(ForkedBooter.java:121) [surefire-booter-2.19.1.jar:2.19.1]
]]></system-out>
  </testcase>
  <testcase name="shouldSaveMultipleEntities" classname="com.nurkiewicz.jdbcrepository.mysql.JdbcRepositoryManualKeyMysqlTest" time="0">
    <skipped/>
    <system-out><![CDATA[22:42:09:248 | ERROR | main | o.s.t.c.t.TransactionalTestExecutionListener | Exception encountered while executing @BeforeTransaction methods for test context [DefaultTestContext@633c9699 testClass = JdbcRepositoryManualKeyMysqlTest, testInstance = com.nurkiewicz.jdbcrepository.mysql.JdbcRepositoryManualKeyMysqlTest@23497c5e, testMethod = shouldSaveMultipleEntities@JdbcRepositoryManualKeyTest, testException = [null], mergedContextConfiguration = [MergedContextConfiguration@31373fc1 testClass = JdbcRepositoryManualKeyMysqlTest, locations = '{}', classes = '{class com.nurkiewicz.jdbcrepository.mysql.JdbcRepositoryTestMysqlConfig}', contextInitializerClasses = '[]', activeProfiles = '{}', propertySourceLocations = '{}', propertySourceProperties = '{}', contextLoader = 'org.springframework.test.context.support.AnnotationConfigContextLoader', parent = [null]]].
java.net.ConnectException: Connection refused (Connection refused)
	at java.net.PlainSocketImpl.socketConnect(Native Method) ~[na:1.8.0_262]
	at java.net.AbstractPlainSocketImpl.doConnect(AbstractPlainSocketImpl.java:350) ~[na:1.8.0_262]
	at java.net.AbstractPlainSocketImpl.connectToAddress(AbstractPlainSocketImpl.java:206) ~[na:1.8.0_262]
	at java.net.AbstractPlainSocketImpl.connect(AbstractPlainSocketImpl.java:188) ~[na:1.8.0_262]
	at java.net.SocksSocketImpl.connect(SocksSocketImpl.java:392) ~[na:1.8.0_262]
	at java.net.Socket.connect(Socket.java:607) ~[na:1.8.0_262]
	at java.net.Socket.connect(Socket.java:556) ~[na:1.8.0_262]
	at com.nurkiewicz.jdbcrepository.AbstractIntegrationTest.ignoreIfDatabaseNotAvailable(AbstractIntegrationTest.java:36) ~[test-classes/:na]
	... 28 common frames omitted
Wrapped by: org.junit.internal.AssumptionViolatedException: got: <java.net.ConnectException: Connection refused (Connection refused)>, expected: null
	at org.junit.Assume.assumeThat(Assume.java:95) ~[junit-4.11.jar:na]
	at org.junit.Assume.assumeNoException(Assume.java:142) ~[junit-4.11.jar:na]
	at com.nurkiewicz.jdbcrepository.AbstractIntegrationTest.ignoreIfDatabaseNotAvailable(AbstractIntegrationTest.java:39) ~[test-classes/:na]
	at sun.reflect.GeneratedMethodAccessor21.invoke(Unknown Source) ~[na:na]
	at sun.reflect.DelegatingMethodAccessorImpl.invoke(DelegatingMethodAccessorImpl.java:43) ~[na:1.8.0_262]
	at java.lang.reflect.Method.invoke(Method.java:498) ~[na:1.8.0_262]
	at org.springframework.test.context.transaction.TransactionalTestExecutionListener.runBeforeTransactionMethods(TransactionalTestExecutionListener.java:248) [spring-test-4.1.1.RELEASE.jar:4.1.1.RELEASE]
	at org.springframework.test.context.transaction.TransactionalTestExecutionListener.beforeTestMethod(TransactionalTestExecutionListener.java:198) [spring-test-4.1.1.RELEASE.jar:4.1.1.RELEASE]
	at org.springframework.test.context.TestContextManager.beforeTestMethod(TestContextManager.java:249) [spring-test-4.1.1.RELEASE.jar:4.1.1.RELEASE]
	at org.springframework.test.context.junit4.statements.RunBeforeTestMethodCallbacks.evaluate(RunBeforeTestMethodCallbacks.java:71) [spring-test-4.1.1.RELEASE.jar:4.1.1.RELEASE]
	at org.springframework.test.context.junit4.statements.RunAfterTestMethodCallbacks.evaluate(RunAfterTestMethodCallbacks.java:81) [spring-test-4.1.1.RELEASE.jar:4.1.1.RELEASE]
	at org.springframework.test.context.junit4.statements.SpringRepeat.evaluate(SpringRepeat.java:72) [spring-test-4.1.1.RELEASE.jar:4.1.1.RELEASE]
	at org.junit.runners.ParentRunner.runLeaf(ParentRunner.java:271) [junit-4.11.jar:na]
	at org.springframework.test.context.junit4.SpringJUnit4ClassRunner.runChild(SpringJUnit4ClassRunner.java:216) [spring-test-4.1.1.RELEASE.jar:4.1.1.RELEASE]
	at org.springframework.test.context.junit4.SpringJUnit4ClassRunner.runChild(SpringJUnit4ClassRunner.java:82) [spring-test-4.1.1.RELEASE.jar:4.1.1.RELEASE]
	at org.junit.runners.ParentRunner$3.run(ParentRunner.java:238) [junit-4.11.jar:na]
	at org.junit.runners.ParentRunner$1.schedule(ParentRunner.java:63) [junit-4.11.jar:na]
	at org.junit.runners.ParentRunner.runChildren(ParentRunner.java:236) [junit-4.11.jar:na]
	at org.junit.runners.ParentRunner.access$000(ParentRunner.java:53) [junit-4.11.jar:na]
	at org.junit.runners.ParentRunner$2.evaluate(ParentRunner.java:229) [junit-4.11.jar:na]
	at org.springframework.test.context.junit4.statements.RunBeforeTestClassCallbacks.evaluate(RunBeforeTestClassCallbacks.java:60) [spring-test-4.1.1.RELEASE.jar:4.1.1.RELEASE]
	at org.springframework.test.context.junit4.statements.RunAfterTestClassCallbacks.evaluate(RunAfterTestClassCallbacks.java:67) [spring-test-4.1.1.RELEASE.jar:4.1.1.RELEASE]
	at org.junit.runners.ParentRunner.run(ParentRunner.java:309) [junit-4.11.jar:na]
	at org.springframework.test.context.junit4.SpringJUnit4ClassRunner.run(SpringJUnit4ClassRunner.java:162) [spring-test-4.1.1.RELEASE.jar:4.1.1.RELEASE]
	at org.apache.maven.surefire.junit4.JUnit4Provider.execute(JUnit4Provider.java:367) [surefire-junit4-2.19.1.jar:2.19.1]
	at org.apache.maven.surefire.junit4.JUnit4Provider.executeWithRerun(JUnit4Provider.java:274) [surefire-junit4-2.19.1.jar:2.19.1]
	at org.apache.maven.surefire.junit4.JUnit4Provider.executeTestSet(JUnit4Provider.java:238) [surefire-junit4-2.19.1.jar:2.19.1]
	at org.apache.maven.surefire.junit4.JUnit4Provider.invoke(JUnit4Provider.java:161) [surefire-junit4-2.19.1.jar:2.19.1]
	at org.apache.maven.surefire.booter.ForkedBooter.invokeProviderInSameClassLoader(ForkedBooter.java:290) [surefire-booter-2.19.1.jar:2.19.1]
	at org.apache.maven.surefire.booter.ForkedBooter.runSuitesInProcess(ForkedBooter.java:242) [surefire-booter-2.19.1.jar:2.19.1]
	at org.apache.maven.surefire.booter.ForkedBooter.main(ForkedBooter.java:121) [surefire-booter-2.19.1.jar:2.19.1]
22:42:09:248 | WARN  | main | o.s.t.c.TestContextManager | Caught exception while allowing TestExecutionListener [org.springframework.test.context.transaction.TransactionalTestExecutionListener@44b3d336] to process 'before' execution of test method [public void com.nurkiewicz.jdbcrepository.JdbcRepositoryManualKeyTest.shouldSaveMultipleEntities() throws java.lang.Exception] for test instance [com.nurkiewicz.jdbcrepository.mysql.JdbcRepositoryManualKeyMysqlTest@23497c5e]
java.net.ConnectException: Connection refused (Connection refused)
	at java.net.PlainSocketImpl.socketConnect(Native Method) ~[na:1.8.0_262]
	at java.net.AbstractPlainSocketImpl.doConnect(AbstractPlainSocketImpl.java:350) ~[na:1.8.0_262]
	at java.net.AbstractPlainSocketImpl.connectToAddress(AbstractPlainSocketImpl.java:206) ~[na:1.8.0_262]
	at java.net.AbstractPlainSocketImpl.connect(AbstractPlainSocketImpl.java:188) ~[na:1.8.0_262]
	at java.net.SocksSocketImpl.connect(SocksSocketImpl.java:392) ~[na:1.8.0_262]
	at java.net.Socket.connect(Socket.java:607) ~[na:1.8.0_262]
	at java.net.Socket.connect(Socket.java:556) ~[na:1.8.0_262]
	at com.nurkiewicz.jdbcrepository.AbstractIntegrationTest.ignoreIfDatabaseNotAvailable(AbstractIntegrationTest.java:36) ~[test-classes/:na]
	... 28 common frames omitted
Wrapped by: org.junit.internal.AssumptionViolatedException: got: <java.net.ConnectException: Connection refused (Connection refused)>, expected: null
	at org.junit.Assume.assumeThat(Assume.java:95) ~[junit-4.11.jar:na]
	at org.junit.Assume.assumeNoException(Assume.java:142) ~[junit-4.11.jar:na]
	at com.nurkiewicz.jdbcrepository.AbstractIntegrationTest.ignoreIfDatabaseNotAvailable(AbstractIntegrationTest.java:39) ~[test-classes/:na]
	at sun.reflect.GeneratedMethodAccessor21.invoke(Unknown Source) ~[na:na]
	at sun.reflect.DelegatingMethodAccessorImpl.invoke(DelegatingMethodAccessorImpl.java:43) ~[na:1.8.0_262]
	at java.lang.reflect.Method.invoke(Method.java:498) ~[na:1.8.0_262]
	at org.springframework.test.context.transaction.TransactionalTestExecutionListener.runBeforeTransactionMethods(TransactionalTestExecutionListener.java:248) ~[spring-test-4.1.1.RELEASE.jar:4.1.1.RELEASE]
	at org.springframework.test.context.transaction.TransactionalTestExecutionListener.beforeTestMethod(TransactionalTestExecutionListener.java:198) ~[spring-test-4.1.1.RELEASE.jar:4.1.1.RELEASE]
	at org.springframework.test.context.TestContextManager.beforeTestMethod(TestContextManager.java:249) ~[spring-test-4.1.1.RELEASE.jar:4.1.1.RELEASE]
	at org.springframework.test.context.junit4.statements.RunBeforeTestMethodCallbacks.evaluate(RunBeforeTestMethodCallbacks.java:71) [spring-test-4.1.1.RELEASE.jar:4.1.1.RELEASE]
	at org.springframework.test.context.junit4.statements.RunAfterTestMethodCallbacks.evaluate(RunAfterTestMethodCallbacks.java:81) [spring-test-4.1.1.RELEASE.jar:4.1.1.RELEASE]
	at org.springframework.test.context.junit4.statements.SpringRepeat.evaluate(SpringRepeat.java:72) [spring-test-4.1.1.RELEASE.jar:4.1.1.RELEASE]
	at org.junit.runners.ParentRunner.runLeaf(ParentRunner.java:271) [junit-4.11.jar:na]
	at org.springframework.test.context.junit4.SpringJUnit4ClassRunner.runChild(SpringJUnit4ClassRunner.java:216) [spring-test-4.1.1.RELEASE.jar:4.1.1.RELEASE]
	at org.springframework.test.context.junit4.SpringJUnit4ClassRunner.runChild(SpringJUnit4ClassRunner.java:82) [spring-test-4.1.1.RELEASE.jar:4.1.1.RELEASE]
	at org.junit.runners.ParentRunner$3.run(ParentRunner.java:238) [junit-4.11.jar:na]
	at org.junit.runners.ParentRunner$1.schedule(ParentRunner.java:63) [junit-4.11.jar:na]
	at org.junit.runners.ParentRunner.runChildren(ParentRunner.java:236) [junit-4.11.jar:na]
	at org.junit.runners.ParentRunner.access$000(ParentRunner.java:53) [junit-4.11.jar:na]
	at org.junit.runners.ParentRunner$2.evaluate(ParentRunner.java:229) [junit-4.11.jar:na]
	at org.springframework.test.context.junit4.statements.RunBeforeTestClassCallbacks.evaluate(RunBeforeTestClassCallbacks.java:60) [spring-test-4.1.1.RELEASE.jar:4.1.1.RELEASE]
	at org.springframework.test.context.junit4.statements.RunAfterTestClassCallbacks.evaluate(RunAfterTestClassCallbacks.java:67) [spring-test-4.1.1.RELEASE.jar:4.1.1.RELEASE]
	at org.junit.runners.ParentRunner.run(ParentRunner.java:309) [junit-4.11.jar:na]
	at org.springframework.test.context.junit4.SpringJUnit4ClassRunner.run(SpringJUnit4ClassRunner.java:162) [spring-test-4.1.1.RELEASE.jar:4.1.1.RELEASE]
	at org.apache.maven.surefire.junit4.JUnit4Provider.execute(JUnit4Provider.java:367) [surefire-junit4-2.19.1.jar:2.19.1]
	at org.apache.maven.surefire.junit4.JUnit4Provider.executeWithRerun(JUnit4Provider.java:274) [surefire-junit4-2.19.1.jar:2.19.1]
	at org.apache.maven.surefire.junit4.JUnit4Provider.executeTestSet(JUnit4Provider.java:238) [surefire-junit4-2.19.1.jar:2.19.1]
	at org.apache.maven.surefire.junit4.JUnit4Provider.invoke(JUnit4Provider.java:161) [surefire-junit4-2.19.1.jar:2.19.1]
	at org.apache.maven.surefire.booter.ForkedBooter.invokeProviderInSameClassLoader(ForkedBooter.java:290) [surefire-booter-2.19.1.jar:2.19.1]
	at org.apache.maven.surefire.booter.ForkedBooter.runSuitesInProcess(ForkedBooter.java:242) [surefire-booter-2.19.1.jar:2.19.1]
	at org.apache.maven.surefire.booter.ForkedBooter.main(ForkedBooter.java:121) [surefire-booter-2.19.1.jar:2.19.1]
]]></system-out>
  </testcase>
</testsuite>