<?xml version="1.0" encoding="UTF-8" ?>
<testsuite tests="2" failures="0" name="org.apache.sling.api.request.RequestUtilTest" time="0.03" errors="0" skipped="0">
  <properties>
    <property name="java.runtime.name" value="OpenJDK Runtime Environment"/>
    <property name="sun.boot.library.path" value="/usr/local/openjdk-8/jre/lib/amd64"/>
    <property name="java.vm.version" value="25.262-b10"/>
    <property name="animal.sniffer.skip" value="true"/>
    <property name="java.vm.vendor" value="Oracle Corporation"/>
    <property name="maven.javadoc.skip" value="true"/>
    <property name="java.vendor.url" value="http://java.oracle.com/"/>
    <property name="path.separator" value=":"/>
    <property name="java.vm.name" value="OpenJDK 64-Bit Server VM"/>
    <property name="file.encoding.pkg" value="sun.io"/>
    <property name="sun.java.launcher" value="SUN_STANDARD"/>
    <property name="sun.os.patch.level" value="unknown"/>
    <property name="source.skip" value="true"/>
    <property name="java.vm.specification.name" value="Java Virtual Machine Specification"/>
    <property name="user.dir" value="/tmp/tmpqmt1pdpr/sling-org-apache-sling-api"/>
    <property name="java.runtime.version" value="1.8.0_262-b10"/>
    <property name="java.awt.graphicsenv" value="sun.awt.X11GraphicsEnvironment"/>
    <property name="basedir" value="/tmp/tmpqmt1pdpr/sling-org-apache-sling-api"/>
    <property name="java.endorsed.dirs" value="/usr/local/openjdk-8/jre/lib/endorsed"/>
    <property name="os.arch" value="amd64"/>
    <property name="surefire.real.class.path" value="/tmp/tmpqmt1pdpr/sling-org-apache-sling-api/target/surefire/surefirebooter8488602314196534862.jar"/>
    <property name="java.io.tmpdir" value="/tmp"/>
    <property name="line.separator" value="
"/>
    <property name="java.vm.specification.vendor" value="Oracle Corporation"/>
    <property name="os.name" value="Linux"/>
    <property name="maven.test.error.ignore" value="true"/>
    <property name="sun.jnu.encoding" value="UTF-8"/>
    <property name="java.library.path" value="/usr/java/packages/lib/amd64:/usr/lib64:/lib64:/lib:/usr/lib"/>
    <property name="license.skip" value="true"/>
    <property name="surefire.test.class.path" value="/tmp/tmpqmt1pdpr/sling-org-apache-sling-api/target/test-classes:/tmp/tmpqmt1pdpr/sling-org-apache-sling-api/target/classes:/home/jdbl/.m2/repository/javax/servlet/servlet-api/2.4/servlet-api-2.4.jar:/home/jdbl/.m2/repository/org/slf4j/slf4j-api/1.5.2/slf4j-api-1.5.2.jar:/home/jdbl/.m2/repository/junit/junit/4.8.2/junit-4.8.2.jar:/home/jdbl/.m2/repository/org/jmock/jmock-junit4/2.5.1/jmock-junit4-2.5.1.jar:/home/jdbl/.m2/repository/org/jmock/jmock/2.5.1/jmock-2.5.1.jar:/home/jdbl/.m2/repository/org/hamcrest/hamcrest-core/1.1/hamcrest-core-1.1.jar:/home/jdbl/.m2/repository/org/hamcrest/hamcrest-library/1.1/hamcrest-library-1.1.jar:/home/jdbl/.m2/repository/junit/junit-dep/4.4/junit-dep-4.4.jar:/home/jdbl/.m2/repository/org/apache/sling/org.apache.sling.commons.testing/2.0.6/org.apache.sling.commons.testing-2.0.6.jar:/home/jdbl/.m2/repository/org/apache/sling/org.apache.sling.api/2.1.0/org.apache.sling.api-2.1.0.jar:/home/jdbl/.m2/repository/org/apache/sling/org.apache.sling.jcr.api/2.0.6/org.apache.sling.jcr.api-2.0.6.jar:/home/jdbl/.m2/repository/javax/jcr/jcr/1.0/jcr-1.0.jar:/home/jdbl/.m2/repository/org/apache/jackrabbit/jackrabbit-api/2.1.1/jackrabbit-api-2.1.1.jar:/home/jdbl/.m2/repository/org/apache/jackrabbit/jackrabbit-jcr-commons/2.1.1/jackrabbit-jcr-commons-2.1.1.jar:/home/jdbl/.m2/repository/org/apache/jackrabbit/jackrabbit-core/2.1.1/jackrabbit-core-2.1.1.jar:/home/jdbl/.m2/repository/concurrent/concurrent/1.3.4/concurrent-1.3.4.jar:/home/jdbl/.m2/repository/commons-collections/commons-collections/3.2.1/commons-collections-3.2.1.jar:/home/jdbl/.m2/repository/commons-dbcp/commons-dbcp/1.2.2/commons-dbcp-1.2.2.jar:/home/jdbl/.m2/repository/commons-pool/commons-pool/1.3/commons-pool-1.3.jar:/home/jdbl/.m2/repository/org/apache/jackrabbit/jackrabbit-spi-commons/2.1.1/jackrabbit-spi-commons-2.1.1.jar:/home/jdbl/.m2/repository/org/apache/jackrabbit/jackrabbit-spi/2.1.1/jackrabbit-spi-2.1.1.jar:/home/jdbl/.m2/repository/org/apache/tika/tika-parsers/0.6/tika-parsers-0.6.jar:/home/jdbl/.m2/repository/org/apache/tika/tika-core/0.6/tika-core-0.6.jar:/home/jdbl/.m2/repository/org/apache/commons/commons-compress/1.0/commons-compress-1.0.jar:/home/jdbl/.m2/repository/org/apache/poi/poi/3.6/poi-3.6.jar:/home/jdbl/.m2/repository/org/apache/poi/poi-scratchpad/3.6/poi-scratchpad-3.6.jar:/home/jdbl/.m2/repository/org/apache/poi/poi-ooxml/3.6/poi-ooxml-3.6.jar:/home/jdbl/.m2/repository/org/apache/poi/poi-ooxml-schemas/3.6/poi-ooxml-schemas-3.6.jar:/home/jdbl/.m2/repository/org/apache/xmlbeans/xmlbeans/2.3.0/xmlbeans-2.3.0.jar:/home/jdbl/.m2/repository/dom4j/dom4j/1.6.1/dom4j-1.6.1.jar:/home/jdbl/.m2/repository/xml-apis/xml-apis/1.0.b2/xml-apis-1.0.b2.jar:/home/jdbl/.m2/repository/org/apache/geronimo/specs/geronimo-stax-api_1.0_spec/1.0.1/geronimo-stax-api_1.0_spec-1.0.1.jar:/home/jdbl/.m2/repository/org/ccil/cowan/tagsoup/tagsoup/1.2/tagsoup-1.2.jar:/home/jdbl/.m2/repository/asm/asm/3.1/asm-3.1.jar:/home/jdbl/.m2/repository/log4j/log4j/1.2.14/log4j-1.2.14.jar:/home/jdbl/.m2/repository/com/drewnoakes/metadata-extractor/2.4.0-beta-1/metadata-extractor-2.4.0-beta-1.jar:/home/jdbl/.m2/repository/org/apache/pdfbox/pdfbox/1.0.0/pdfbox-1.0.0.jar:/home/jdbl/.m2/repository/org/apache/pdfbox/fontbox/1.0.0/fontbox-1.0.0.jar:/home/jdbl/.m2/repository/org/apache/pdfbox/jempbox/1.0.0/jempbox-1.0.0.jar:/home/jdbl/.m2/repository/org/slf4j/jcl-over-slf4j/1.5.8/jcl-over-slf4j-1.5.8.jar:/home/jdbl/.m2/repository/org/apache/lucene/lucene-core/2.4.1/lucene-core-2.4.1.jar:/home/jdbl/.m2/repository/org/apache/derby/derby/10.5.3.0_1/derby-10.5.3.0_1.jar:/home/jdbl/.m2/repository/commons-io/commons-io/1.4/commons-io-1.4.jar:/home/jdbl/.m2/repository/org/apache/sling/org.apache.sling.adapter/2.0.4/org.apache.sling.adapter-2.0.4.jar:/home/jdbl/.m2/repository/org/apache/sling/org.apache.sling.commons.osgi/2.0.2-incubator/org.apache.sling.commons.osgi-2.0.2-incubator.jar:/home/jdbl/.m2/repository/rhino/js/1.6R6/js-1.6R6.jar:/home/jdbl/.m2/repository/commons-httpclient/commons-httpclient/3.1/commons-httpclient-3.1.jar:/home/jdbl/.m2/repository/commons-codec/commons-codec/1.2/commons-codec-1.2.jar:/home/jdbl/.m2/repository/org/slf4j/slf4j-simple/1.5.2/slf4j-simple-1.5.2.jar:"/>
    <property name="java.specification.name" value="Java Platform API Specification"/>
    <property name="java.class.version" value="52.0"/>
    <property name="sun.management.compiler" value="HotSpot 64-Bit Tiered Compilers"/>
    <property name="maven.test.failure.ignore" value="true"/>
    <property name="os.version" value="4.15.0-109-generic"/>
    <property name="user.home" value="/home/jdbl"/>
    <property name="user.timezone" value=""/>
    <property name="java.awt.printerjob" value="sun.print.PSPrinterJob"/>
    <property name="java.specification.version" value="1.8"/>
    <property name="file.encoding" value="UTF-8"/>
    <property name="user.name" value="jdbl"/>
    <property name="java.class.path" value="/tmp/tmpqmt1pdpr/sling-org-apache-sling-api/target/test-classes:/tmp/tmpqmt1pdpr/sling-org-apache-sling-api/target/classes:/home/jdbl/.m2/repository/javax/servlet/servlet-api/2.4/servlet-api-2.4.jar:/home/jdbl/.m2/repository/org/slf4j/slf4j-api/1.5.2/slf4j-api-1.5.2.jar:/home/jdbl/.m2/repository/junit/junit/4.8.2/junit-4.8.2.jar:/home/jdbl/.m2/repository/org/jmock/jmock-junit4/2.5.1/jmock-junit4-2.5.1.jar:/home/jdbl/.m2/repository/org/jmock/jmock/2.5.1/jmock-2.5.1.jar:/home/jdbl/.m2/repository/org/hamcrest/hamcrest-core/1.1/hamcrest-core-1.1.jar:/home/jdbl/.m2/repository/org/hamcrest/hamcrest-library/1.1/hamcrest-library-1.1.jar:/home/jdbl/.m2/repository/junit/junit-dep/4.4/junit-dep-4.4.jar:/home/jdbl/.m2/repository/org/apache/sling/org.apache.sling.commons.testing/2.0.6/org.apache.sling.commons.testing-2.0.6.jar:/home/jdbl/.m2/repository/org/apache/sling/org.apache.sling.api/2.1.0/org.apache.sling.api-2.1.0.jar:/home/jdbl/.m2/repository/org/apache/sling/org.apache.sling.jcr.api/2.0.6/org.apache.sling.jcr.api-2.0.6.jar:/home/jdbl/.m2/repository/javax/jcr/jcr/1.0/jcr-1.0.jar:/home/jdbl/.m2/repository/org/apache/jackrabbit/jackrabbit-api/2.1.1/jackrabbit-api-2.1.1.jar:/home/jdbl/.m2/repository/org/apache/jackrabbit/jackrabbit-jcr-commons/2.1.1/jackrabbit-jcr-commons-2.1.1.jar:/home/jdbl/.m2/repository/org/apache/jackrabbit/jackrabbit-core/2.1.1/jackrabbit-core-2.1.1.jar:/home/jdbl/.m2/repository/concurrent/concurrent/1.3.4/concurrent-1.3.4.jar:/home/jdbl/.m2/repository/commons-collections/commons-collections/3.2.1/commons-collections-3.2.1.jar:/home/jdbl/.m2/repository/commons-dbcp/commons-dbcp/1.2.2/commons-dbcp-1.2.2.jar:/home/jdbl/.m2/repository/commons-pool/commons-pool/1.3/commons-pool-1.3.jar:/home/jdbl/.m2/repository/org/apache/jackrabbit/jackrabbit-spi-commons/2.1.1/jackrabbit-spi-commons-2.1.1.jar:/home/jdbl/.m2/repository/org/apache/jackrabbit/jackrabbit-spi/2.1.1/jackrabbit-spi-2.1.1.jar:/home/jdbl/.m2/repository/org/apache/tika/tika-parsers/0.6/tika-parsers-0.6.jar:/home/jdbl/.m2/repository/org/apache/tika/tika-core/0.6/tika-core-0.6.jar:/home/jdbl/.m2/repository/org/apache/commons/commons-compress/1.0/commons-compress-1.0.jar:/home/jdbl/.m2/repository/org/apache/poi/poi/3.6/poi-3.6.jar:/home/jdbl/.m2/repository/org/apache/poi/poi-scratchpad/3.6/poi-scratchpad-3.6.jar:/home/jdbl/.m2/repository/org/apache/poi/poi-ooxml/3.6/poi-ooxml-3.6.jar:/home/jdbl/.m2/repository/org/apache/poi/poi-ooxml-schemas/3.6/poi-ooxml-schemas-3.6.jar:/home/jdbl/.m2/repository/org/apache/xmlbeans/xmlbeans/2.3.0/xmlbeans-2.3.0.jar:/home/jdbl/.m2/repository/dom4j/dom4j/1.6.1/dom4j-1.6.1.jar:/home/jdbl/.m2/repository/xml-apis/xml-apis/1.0.b2/xml-apis-1.0.b2.jar:/home/jdbl/.m2/repository/org/apache/geronimo/specs/geronimo-stax-api_1.0_spec/1.0.1/geronimo-stax-api_1.0_spec-1.0.1.jar:/home/jdbl/.m2/repository/org/ccil/cowan/tagsoup/tagsoup/1.2/tagsoup-1.2.jar:/home/jdbl/.m2/repository/asm/asm/3.1/asm-3.1.jar:/home/jdbl/.m2/repository/log4j/log4j/1.2.14/log4j-1.2.14.jar:/home/jdbl/.m2/repository/com/drewnoakes/metadata-extractor/2.4.0-beta-1/metadata-extractor-2.4.0-beta-1.jar:/home/jdbl/.m2/repository/org/apache/pdfbox/pdfbox/1.0.0/pdfbox-1.0.0.jar:/home/jdbl/.m2/repository/org/apache/pdfbox/fontbox/1.0.0/fontbox-1.0.0.jar:/home/jdbl/.m2/repository/org/apache/pdfbox/jempbox/1.0.0/jempbox-1.0.0.jar:/home/jdbl/.m2/repository/org/slf4j/jcl-over-slf4j/1.5.8/jcl-over-slf4j-1.5.8.jar:/home/jdbl/.m2/repository/org/apache/lucene/lucene-core/2.4.1/lucene-core-2.4.1.jar:/home/jdbl/.m2/repository/org/apache/derby/derby/10.5.3.0_1/derby-10.5.3.0_1.jar:/home/jdbl/.m2/repository/commons-io/commons-io/1.4/commons-io-1.4.jar:/home/jdbl/.m2/repository/org/apache/sling/org.apache.sling.adapter/2.0.4/org.apache.sling.adapter-2.0.4.jar:/home/jdbl/.m2/repository/org/apache/sling/org.apache.sling.commons.osgi/2.0.2-incubator/org.apache.sling.commons.osgi-2.0.2-incubator.jar:/home/jdbl/.m2/repository/rhino/js/1.6R6/js-1.6R6.jar:/home/jdbl/.m2/repository/commons-httpclient/commons-httpclient/3.1/commons-httpclient-3.1.jar:/home/jdbl/.m2/repository/commons-codec/commons-codec/1.2/commons-codec-1.2.jar:/home/jdbl/.m2/repository/org/slf4j/slf4j-simple/1.5.2/slf4j-simple-1.5.2.jar:"/>
    <property name="java.vm.specification.version" value="1.8"/>
    <property name="sun.arch.data.model" value="64"/>
    <property name="java.home" value="/usr/local/openjdk-8/jre"/>
    <property name="sun.java.command" value="/tmp/tmpqmt1pdpr/sling-org-apache-sling-api/target/surefire/surefirebooter8488602314196534862.jar /tmp/tmpqmt1pdpr/sling-org-apache-sling-api/target/surefire/surefire2361298643954788194tmp /tmp/tmpqmt1pdpr/sling-org-apache-sling-api/target/surefire/surefire1071462013900872414tmp"/>
    <property name="java.specification.vendor" value="Oracle Corporation"/>
    <property name="user.language" value="en"/>
    <property name="awt.toolkit" value="sun.awt.X11.XToolkit"/>
    <property name="java.vm.info" value="mixed mode"/>
    <property name="java.version" value="1.8.0_262"/>
    <property name="java.ext.dirs" value="/usr/local/openjdk-8/jre/lib/ext:/usr/java/packages/lib/ext"/>
    <property name="sun.boot.class.path" value="/usr/local/openjdk-8/jre/lib/resources.jar:/usr/local/openjdk-8/jre/lib/rt.jar:/usr/local/openjdk-8/jre/lib/sunrsasign.jar:/usr/local/openjdk-8/jre/lib/jsse.jar:/usr/local/openjdk-8/jre/lib/jce.jar:/usr/local/openjdk-8/jre/lib/charsets.jar:/usr/local/openjdk-8/jre/lib/jfr.jar:/usr/local/openjdk-8/jre/classes"/>
    <property name="java.vendor" value="Oracle Corporation"/>
    <property name="rat.skip" value="true"/>
    <property name="localRepository" value="/home/jdbl/.m2/repository"/>
    <property name="file.separator" value="/"/>
    <property name="java.vendor.url.bug" value="http://bugreport.sun.com/bugreport/"/>
    <property name="sun.cpu.endian" value="little"/>
    <property name="sun.io.unicode.encoding" value="UnicodeLittle"/>
    <property name="sun.cpu.isalist" value=""/>
  </properties>
  <testcase classname="org.apache.sling.api.request.RequestUtilTest" name="testHandleIfModifiedSince" time="0.002"/>
  <testcase classname="org.apache.sling.api.request.RequestUtilTest" name="testParserAcceptHeader" time="0.009"/>
</testsuite>