<?xml version="1.0" encoding="UTF-8"?>
<testsuite xmlns:xsi="http://www.w3.org/2001/XMLSchema-instance" xsi:schemaLocation="https://maven.apache.org/surefire/maven-surefire-plugin/xsd/surefire-test-report.xsd" name="com.urbanairship.api.client.UrbanAirshipClientTest" time="8.198" tests="73" errors="0" skipped="0" failures="0">
  <properties>
    <property name="java.runtime.name" value="OpenJDK Runtime Environment"/>
    <property name="sun.boot.library.path" value="/usr/local/openjdk-8/jre/lib/amd64"/>
    <property name="java.vm.version" value="25.262-b10"/>
    <property name="animal.sniffer.skip" value="true"/>
    <property name="java.vm.vendor" value="Oracle Corporation"/>
    <property name="maven.multiModuleProjectDirectory" value="/tmp/tmphr5ybwr1/java-library"/>
    <property name="maven.javadoc.skip" value="true"/>
    <property name="java.vendor.url" value="http://java.oracle.com/"/>
    <property name="path.separator" value=":"/>
    <property name="guice.disable.misplaced.annotation.check" value="true"/>
    <property name="java.vm.name" value="OpenJDK 64-Bit Server VM"/>
    <property name="file.encoding.pkg" value="sun.io"/>
    <property name="sun.java.launcher" value="SUN_STANDARD"/>
    <property name="sun.os.patch.level" value="unknown"/>
    <property name="source.skip" value="true"/>
    <property name="java.vm.specification.name" value="Java Virtual Machine Specification"/>
    <property name="user.dir" value="/tmp/tmphr5ybwr1/java-library"/>
    <property name="java.runtime.version" value="1.8.0_262-b10"/>
    <property name="java.awt.graphicsenv" value="sun.awt.X11GraphicsEnvironment"/>
    <property name="java.endorsed.dirs" value="/usr/local/openjdk-8/jre/lib/endorsed"/>
    <property name="os.arch" value="amd64"/>
    <property name="java.io.tmpdir" value="/tmp"/>
    <property name="line.separator" value="&#10;"/>
    <property name="java.vm.specification.vendor" value="Oracle Corporation"/>
    <property name="os.name" value="Linux"/>
    <property name="classworlds.conf" value="/usr/share/maven/bin/m2.conf"/>
    <property name="sun.jnu.encoding" value="UTF-8"/>
    <property name="java.library.path" value="/usr/java/packages/lib/amd64:/usr/lib64:/lib64:/lib:/usr/lib"/>
    <property name="license.skip" value="true"/>
    <property name="maven.conf" value="/usr/share/maven/conf"/>
    <property name="java.specification.name" value="Java Platform API Specification"/>
    <property name="java.class.version" value="52.0"/>
    <property name="sun.management.compiler" value="HotSpot 64-Bit Tiered Compilers"/>
    <property name="maven.test.failure.ignore" value="true"/>
    <property name="os.version" value="4.15.0-109-generic"/>
    <property name="library.jansi.path" value="/usr/share/maven/lib/jansi-native"/>
    <property name="user.home" value="/home/jdbl"/>
    <property name="user.timezone" value="Etc/UTC"/>
    <property name="java.awt.printerjob" value="sun.print.PSPrinterJob"/>
    <property name="java.specification.version" value="1.8"/>
    <property name="file.encoding" value="UTF-8"/>
    <property name="user.name" value="jdbl"/>
    <property name="java.class.path" value="/usr/share/maven/boot/plexus-classworlds-2.6.0.jar"/>
    <property name="java.vm.specification.version" value="1.8"/>
    <property name="sun.arch.data.model" value="64"/>
    <property name="java.home" value="/usr/local/openjdk-8/jre"/>
    <property name="sun.java.command" value="org.codehaus.plexus.classworlds.launcher.Launcher test -e --fail-never -ntp -Dmaven.test.failure.ignore=true -B -Dmaven.javadoc.skip=true -Drat.skip=true -Danimal.sniffer.skip=true -Dmaven.javadoc.skip=true -Dlicense.skip=true -Dsource.skip=true"/>
    <property name="java.specification.vendor" value="Oracle Corporation"/>
    <property name="user.language" value="en"/>
    <property name="awt.toolkit" value="sun.awt.X11.XToolkit"/>
    <property name="java.vm.info" value="mixed mode"/>
    <property name="java.version" value="1.8.0_262"/>
    <property name="java.ext.dirs" value="/usr/local/openjdk-8/jre/lib/ext:/usr/java/packages/lib/ext"/>
    <property name="securerandom.source" value="file:/dev/./urandom"/>
    <property name="sun.boot.class.path" value="/usr/local/openjdk-8/jre/lib/resources.jar:/usr/local/openjdk-8/jre/lib/rt.jar:/usr/local/openjdk-8/jre/lib/sunrsasign.jar:/usr/local/openjdk-8/jre/lib/jsse.jar:/usr/local/openjdk-8/jre/lib/jce.jar:/usr/local/openjdk-8/jre/lib/charsets.jar:/usr/local/openjdk-8/jre/lib/jfr.jar:/usr/local/openjdk-8/jre/classes"/>
    <property name="java.vendor" value="Oracle Corporation"/>
    <property name="rat.skip" value="true"/>
    <property name="maven.home" value="/usr/share/maven"/>
    <property name="file.separator" value="/"/>
    <property name="java.vendor.url.bug" value="http://bugreport.sun.com/bugreport/"/>
    <property name="sun.cpu.endian" value="little"/>
    <property name="sun.io.unicode.encoding" value="UnicodeLittle"/>
    <property name="sun.cpu.isalist" value=""/>
  </properties>
  <testcase name="testAPIClientBuilder" classname="com.urbanairship.api.client.UrbanAirshipClientTest" time="0.393"/>
  <testcase name="testDefaultBaseUri" classname="com.urbanairship.api.client.UrbanAirshipClientTest" time="0.035"/>
  <testcase name="testBaseUriResolutionWithPathWithoutSlash" classname="com.urbanairship.api.client.UrbanAirshipClientTest" time="0.054"/>
  <testcase name="testCreateSegment" classname="com.urbanairship.api.client.UrbanAirshipClientTest" time="1.081"/>
  <testcase name="testUpdateSegment" classname="com.urbanairship.api.client.UrbanAirshipClientTest" time="0.082"/>
  <testcase name="testDeleteSegment" classname="com.urbanairship.api.client.UrbanAirshipClientTest" time="0.049"/>
  <testcase name="testGetLocationBoundaryInformationQuery" classname="com.urbanairship.api.client.UrbanAirshipClientTest" time="0.321"/>
  <testcase name="testGetLocationBoundaryInformationPointType" classname="com.urbanairship.api.client.UrbanAirshipClientTest" time="0.054"/>
  <testcase name="testGetLocationBoundaryInformationPoint" classname="com.urbanairship.api.client.UrbanAirshipClientTest" time="0.056"/>
  <testcase name="testGetLocationBoundaryInformationBoxType" classname="com.urbanairship.api.client.UrbanAirshipClientTest" time="0.05"/>
  <testcase name="testGetLocationBoundaryInformationBox" classname="com.urbanairship.api.client.UrbanAirshipClientTest" time="0.04"/>
  <testcase name="testLookupStaticList" classname="com.urbanairship.api.client.UrbanAirshipClientTest" time="0.088"/>
  <testcase name="testListingStaticList" classname="com.urbanairship.api.client.UrbanAirshipClientTest" time="0.047"/>
  <testcase name="testUploadStaticList" classname="com.urbanairship.api.client.UrbanAirshipClientTest" time="0.043"/>
  <testcase name="testAPIClientBuilderWithOptionalProxyInfo" classname="com.urbanairship.api.client.UrbanAirshipClientTest" time="0.023"/>
  <testcase name="testPushRetry" classname="com.urbanairship.api.client.UrbanAirshipClientTest" time="0.104"/>
  <testcase name="testRetryResponse" classname="com.urbanairship.api.client.UrbanAirshipClientTest" time="0.466"/>
  <testcase name="testRetryIsNonBlocking" classname="com.urbanairship.api.client.UrbanAirshipClientTest" time="0.211"/>
  <testcase name="testClose" classname="com.urbanairship.api.client.UrbanAirshipClientTest" time="0.046"/>
  <testcase name="testClientException" classname="com.urbanairship.api.client.UrbanAirshipClientTest" time="0.069"/>
  <testcase name="testServerExceptionJSONfor503" classname="com.urbanairship.api.client.UrbanAirshipClientTest" time="0.286"/>
  <testcase name="testServerExceptionJSONfor500" classname="com.urbanairship.api.client.UrbanAirshipClientTest" time="0.309"/>
  <testcase name="testServerExceptionNonJSONfor500" classname="com.urbanairship.api.client.UrbanAirshipClientTest" time="0.233"/>
  <testcase name="testServerExceptionNonJSONfor503" classname="com.urbanairship.api.client.UrbanAirshipClientTest" time="0.339"/>
  <testcase name="testPushWithProxyClient" classname="com.urbanairship.api.client.UrbanAirshipClientTest" time="0.076"/>
  <testcase name="testValidate" classname="com.urbanairship.api.client.UrbanAirshipClientTest" time="0.056"/>
  <testcase name="testListAllSchedules" classname="com.urbanairship.api.client.UrbanAirshipClientTest" time="0.095"/>
  <testcase name="testListSpecificSchedule" classname="com.urbanairship.api.client.UrbanAirshipClientTest" time="0.043"/>
  <testcase name="testListAllSchedulesWithParameters" classname="com.urbanairship.api.client.UrbanAirshipClientTest" time="0.05"/>
  <testcase name="testListAllSchedulesNextPage" classname="com.urbanairship.api.client.UrbanAirshipClientTest" time="0.07"/>
  <testcase name="testSchedule" classname="com.urbanairship.api.client.UrbanAirshipClientTest" time="0.087"/>
  <testcase name="testAPIClientThrowsForNoAppSecret" classname="com.urbanairship.api.client.UrbanAirshipClientTest" time="0.013"/>
  <testcase name="testAPIClientThrowsForNoAppKey" classname="com.urbanairship.api.client.UrbanAirshipClientTest" time="0.007"/>
  <testcase name="testGetUserAgent" classname="com.urbanairship.api.client.UrbanAirshipClientTest" time="0.012"/>
  <testcase name="testAPIClientBuilderWithParams" classname="com.urbanairship.api.client.UrbanAirshipClientTest" time="0.112"/>
  <testcase name="testBaseUriResolutionWithPath" classname="com.urbanairship.api.client.UrbanAirshipClientTest" time="0.012"/>
  <testcase name="testBaseUriResolutionWithoutPath" classname="com.urbanairship.api.client.UrbanAirshipClientTest" time="0.012"/>
  <testcase name="testBaseUriResolutionWithoutSlash" classname="com.urbanairship.api.client.UrbanAirshipClientTest" time="0.012"/>
  <testcase name="testPush" classname="com.urbanairship.api.client.UrbanAirshipClientTest" time="0.041"/>
  <testcase name="testListNamedUser" classname="com.urbanairship.api.client.UrbanAirshipClientTest" time="0.068"/>
  <testcase name="testListAllNamedUsers" classname="com.urbanairship.api.client.UrbanAirshipClientTest" time="0.042"/>
  <testcase name="testSinglePushInfo" classname="com.urbanairship.api.client.UrbanAirshipClientTest" time="0.182"/>
  <testcase name="testPushListing" classname="com.urbanairship.api.client.UrbanAirshipClientTest" time="0.07"/>
  <testcase name="testPushListingWithOptionalParams" classname="com.urbanairship.api.client.UrbanAirshipClientTest" time="0.043"/>
  <testcase name="testStatisticsCsv" classname="com.urbanairship.api.client.UrbanAirshipClientTest" time="0.051"/>
  <testcase name="testStatistics" classname="com.urbanairship.api.client.UrbanAirshipClientTest" time="0.08"/>
  <testcase name="testAppOpensReport" classname="com.urbanairship.api.client.UrbanAirshipClientTest" time="0.064"/>
  <testcase name="testTimeInAppReport" classname="com.urbanairship.api.client.UrbanAirshipClientTest" time="0.06"/>
  <testcase name="testOptInsReport" classname="com.urbanairship.api.client.UrbanAirshipClientTest" time="0.052"/>
  <testcase name="testOptOutsReport" classname="com.urbanairship.api.client.UrbanAirshipClientTest" time="0.053"/>
  <testcase name="testPushSendsReport" classname="com.urbanairship.api.client.UrbanAirshipClientTest" time="0.051"/>
  <testcase name="testLookupSegment" classname="com.urbanairship.api.client.UrbanAirshipClientTest" time="0.058"/>
  <testcase name="testListSegments" classname="com.urbanairship.api.client.UrbanAirshipClientTest" time="0.048"/>
  <testcase name="testSetEUBaseUri" classname="com.urbanairship.api.client.UrbanAirshipClientTest" time="0.129"/>
  <testcase name="testCreateStaticList" classname="com.urbanairship.api.client.UrbanAirshipClientTest" time="0.04"/>
  <testcase name="testUpdateStaticList" classname="com.urbanairship.api.client.UrbanAirshipClientTest" time="0.049"/>
  <testcase name="testDownloadStaticList" classname="com.urbanairship.api.client.UrbanAirshipClientTest" time="0.056"/>
  <testcase name="testDeleteStaticList" classname="com.urbanairship.api.client.UrbanAirshipClientTest" time="0.049"/>
  <testcase name="testCreateTemplate" classname="com.urbanairship.api.client.UrbanAirshipClientTest" time="0.111"/>
  <testcase name="testUpdateTemplate" classname="com.urbanairship.api.client.UrbanAirshipClientTest" time="0.061"/>
  <testcase name="testTemplatePush" classname="com.urbanairship.api.client.UrbanAirshipClientTest" time="0.056"/>
  <testcase name="testDeleteTemplate" classname="com.urbanairship.api.client.UrbanAirshipClientTest" time="0.031"/>
  <testcase name="testLookupTemplate" classname="com.urbanairship.api.client.UrbanAirshipClientTest" time="0.046"/>
  <testcase name="testListingTemplate" classname="com.urbanairship.api.client.UrbanAirshipClientTest" time="0.037"/>
  <testcase name="testCreateExperiment" classname="com.urbanairship.api.client.UrbanAirshipClientTest" time="0.072"/>
  <testcase name="testExperimentValidate" classname="com.urbanairship.api.client.UrbanAirshipClientTest" time="0.033"/>
  <testcase name="testUpdateSchedule" classname="com.urbanairship.api.client.UrbanAirshipClientTest" time="0.027"/>
  <testcase name="testDeleteSpecificSchedule" classname="com.urbanairship.api.client.UrbanAirshipClientTest" time="0.061"/>
  <testcase name="testChannelTagMutations" classname="com.urbanairship.api.client.UrbanAirshipClientTest" time="0.074"/>
  <testcase name="testListChannels" classname="com.urbanairship.api.client.UrbanAirshipClientTest" time="0.062"/>
  <testcase name="testNamedUserAssociation" classname="com.urbanairship.api.client.UrbanAirshipClientTest" time="0.035"/>
  <testcase name="testNamedUserDisassociation" classname="com.urbanairship.api.client.UrbanAirshipClientTest" time="0.038"/>
  <testcase name="testNamedUsersTagMutations" classname="com.urbanairship.api.client.UrbanAirshipClientTest" time="0.066"/>
</testsuite>