<?xml version="1.0" encoding="UTF-8"?>
<testsuite xmlns:xsi="http://www.w3.org/2001/XMLSchema-instance" xsi:schemaLocation="https://maven.apache.org/surefire/maven-surefire-plugin/xsd/surefire-test-report.xsd" name="org.reactome.server.graph.service.SchemaServiceTest" time="0.056" tests="28" errors="0" skipped="28" failures="0">
  <properties>
    <property name="java.runtime.name" value="OpenJDK Runtime Environment"/>
    <property name="sun.boot.library.path" value="/usr/local/openjdk-8/jre/lib/amd64"/>
    <property name="java.vm.version" value="25.262-b10"/>
    <property name="animal.sniffer.skip" value="true"/>
    <property name="java.vm.vendor" value="Oracle Corporation"/>
    <property name="maven.multiModuleProjectDirectory" value="/tmp/tmp7e4hj0ys/graph-core"/>
    <property name="maven.javadoc.skip" value="true"/>
    <property name="java.vendor.url" value="http://java.oracle.com/"/>
    <property name="path.separator" value=":"/>
    <property name="guice.disable.misplaced.annotation.check" value="true"/>
    <property name="java.vm.name" value="OpenJDK 64-Bit Server VM"/>
    <property name="file.encoding.pkg" value="sun.io"/>
    <property name="sun.java.launcher" value="SUN_STANDARD"/>
    <property name="sun.os.patch.level" value="unknown"/>
    <property name="source.skip" value="true"/>
    <property name="java.vm.specification.name" value="Java Virtual Machine Specification"/>
    <property name="user.dir" value="/tmp/tmp7e4hj0ys/graph-core"/>
    <property name="java.runtime.version" value="1.8.0_262-b10"/>
    <property name="java.awt.graphicsenv" value="sun.awt.X11GraphicsEnvironment"/>
    <property name="java.endorsed.dirs" value="/usr/local/openjdk-8/jre/lib/endorsed"/>
    <property name="os.arch" value="amd64"/>
    <property name="java.io.tmpdir" value="/tmp"/>
    <property name="line.separator" value="&#10;"/>
    <property name="java.vm.specification.vendor" value="Oracle Corporation"/>
    <property name="os.name" value="Linux"/>
    <property name="classworlds.conf" value="/usr/share/maven/bin/m2.conf"/>
    <property name="sun.jnu.encoding" value="UTF-8"/>
    <property name="java.library.path" value="/usr/java/packages/lib/amd64:/usr/lib64:/lib64:/lib:/usr/lib"/>
    <property name="license.skip" value="true"/>
    <property name="maven.conf" value="/usr/share/maven/conf"/>
    <property name="java.specification.name" value="Java Platform API Specification"/>
    <property name="java.class.version" value="52.0"/>
    <property name="sun.management.compiler" value="HotSpot 64-Bit Tiered Compilers"/>
    <property name="maven.test.failure.ignore" value="true"/>
    <property name="os.version" value="4.15.0-109-generic"/>
    <property name="library.jansi.path" value="/usr/share/maven/lib/jansi-native"/>
    <property name="user.home" value="/home/jdbl"/>
    <property name="user.timezone" value="Etc/UTC"/>
    <property name="java.awt.printerjob" value="sun.print.PSPrinterJob"/>
    <property name="java.specification.version" value="1.8"/>
    <property name="file.encoding" value="UTF-8"/>
    <property name="user.name" value="jdbl"/>
    <property name="java.class.path" value="/usr/share/maven/boot/plexus-classworlds-2.6.0.jar"/>
    <property name="java.vm.specification.version" value="1.8"/>
    <property name="sun.arch.data.model" value="64"/>
    <property name="java.home" value="/usr/local/openjdk-8/jre"/>
    <property name="sun.java.command" value="org.codehaus.plexus.classworlds.launcher.Launcher test -e --fail-never -ntp -Dmaven.test.failure.ignore=true -B -Dmaven.javadoc.skip=true -Drat.skip=true -Danimal.sniffer.skip=true -Dmaven.javadoc.skip=true -Dlicense.skip=true -Dsource.skip=true"/>
    <property name="java.specification.vendor" value="Oracle Corporation"/>
    <property name="user.language" value="en"/>
    <property name="awt.toolkit" value="sun.awt.X11.XToolkit"/>
    <property name="java.vm.info" value="mixed mode"/>
    <property name="java.version" value="1.8.0_262"/>
    <property name="java.ext.dirs" value="/usr/local/openjdk-8/jre/lib/ext:/usr/java/packages/lib/ext"/>
    <property name="securerandom.source" value="file:/dev/./urandom"/>
    <property name="sun.boot.class.path" value="/usr/local/openjdk-8/jre/lib/resources.jar:/usr/local/openjdk-8/jre/lib/rt.jar:/usr/local/openjdk-8/jre/lib/sunrsasign.jar:/usr/local/openjdk-8/jre/lib/jsse.jar:/usr/local/openjdk-8/jre/lib/jce.jar:/usr/local/openjdk-8/jre/lib/charsets.jar:/usr/local/openjdk-8/jre/lib/jfr.jar:/usr/local/openjdk-8/jre/classes"/>
    <property name="java.vendor" value="Oracle Corporation"/>
    <property name="rat.skip" value="true"/>
    <property name="maven.home" value="/usr/share/maven"/>
    <property name="file.separator" value="/"/>
    <property name="java.vendor.url.bug" value="http://bugreport.sun.com/bugreport/"/>
    <property name="sun.cpu.endian" value="little"/>
    <property name="sun.io.unicode.encoding" value="UnicodeLittle"/>
    <property name="sun.cpu.isalist" value=""/>
  </properties>
  <testcase name="getDbIdsByClassTest" classname="org.reactome.server.graph.service.SchemaServiceTest" time="0">
    <skipped/>
    <system-err><![CDATA[10697 [main] INFO testLogger - 


10747 [main] INFO org.springframework.test.context.support.DefaultTestContextBootstrapper - Loaded default TestExecutionListener class names from location [META-INF/spring.factories]: [org.springframework.test.context.web.ServletTestExecutionListener, org.springframework.test.context.support.DirtiesContextBeforeModesTestExecutionListener, org.springframework.test.context.support.DependencyInjectionTestExecutionListener, org.springframework.test.context.support.DirtiesContextTestExecutionListener, org.springframework.test.context.transaction.TransactionalTestExecutionListener, org.springframework.test.context.jdbc.SqlScriptsTestExecutionListener]
10748 [main] INFO org.springframework.test.context.support.DefaultTestContextBootstrapper - Could not instantiate TestExecutionListener [org.springframework.test.context.web.ServletTestExecutionListener]. Specify custom listener classes or make the default listener classes (and their required dependencies) available. Offending class: [javax/servlet/ServletContext]
10757 [main] INFO org.springframework.test.context.support.DefaultTestContextBootstrapper - Using TestExecutionListeners: [org.springframework.test.context.support.DirtiesContextBeforeModesTestExecutionListener@353b5d86, org.springframework.test.context.support.DependencyInjectionTestExecutionListener@6d17cd8b, org.springframework.test.context.support.DirtiesContextTestExecutionListener@4ff7de80, org.springframework.test.context.transaction.TransactionalTestExecutionListener@43eea3bd, org.springframework.test.context.jdbc.SqlScriptsTestExecutionListener@2cd6112b]
10769 [main] INFO testLogger -  --- !!! Running org.reactome.server.graph.service.SchemaServiceTest !!! --- 

]]></system-err>
  </testcase>
  <testcase name="getDbIdsByClassNameTest" classname="org.reactome.server.graph.service.SchemaServiceTest" time="0">
    <skipped/>
  </testcase>
  <testcase name="getSimpleReferencesObjectsByClassNameTest" classname="org.reactome.server.graph.service.SchemaServiceTest" time="0">
    <skipped/>
  </testcase>
  <testcase name="getStIdsByClassNameTest" classname="org.reactome.server.graph.service.SchemaServiceTest" time="0">
    <skipped/>
  </testcase>
  <testcase name="getSimpleReferencesObjectsByClassTest" classname="org.reactome.server.graph.service.SchemaServiceTest" time="0">
    <skipped/>
  </testcase>
  <testcase name="getSimpleDatabaseObjectByClassNameAndSpeciesTest" classname="org.reactome.server.graph.service.SchemaServiceTest" time="0">
    <skipped/>
  </testcase>
  <testcase name="getByClassWithPagingTest" classname="org.reactome.server.graph.service.SchemaServiceTest" time="0">
    <skipped/>
  </testcase>
  <testcase name="getByClassAndSpeciesWithPagingTest" classname="org.reactome.server.graph.service.SchemaServiceTest" time="0">
    <skipped/>
  </testcase>
  <testcase name="getByClassTest" classname="org.reactome.server.graph.service.SchemaServiceTest" time="0">
    <skipped/>
  </testcase>
  <testcase name="getSimpleDatabaseObjectByClassAndSpeciesTest" classname="org.reactome.server.graph.service.SchemaServiceTest" time="0">
    <skipped/>
  </testcase>
  <testcase name="countEntriesWithSpeciesTest" classname="org.reactome.server.graph.service.SchemaServiceTest" time="0">
    <skipped/>
  </testcase>
  <testcase name="getByClassNameTest" classname="org.reactome.server.graph.service.SchemaServiceTest" time="0">
    <skipped/>
  </testcase>
  <testcase name="getByClassNameAndSpeciesTest" classname="org.reactome.server.graph.service.SchemaServiceTest" time="0">
    <skipped/>
  </testcase>
  <testcase name="getSimpleReferencesObjectsByClassPagingTest" classname="org.reactome.server.graph.service.SchemaServiceTest" time="0">
    <skipped/>
  </testcase>
  <testcase name="getByClassNameAndSpeciesWithPagingTest" classname="org.reactome.server.graph.service.SchemaServiceTest" time="0">
    <skipped/>
  </testcase>
  <testcase name="getSimpleDatabaseObjectByClassNameWithPagingTest" classname="org.reactome.server.graph.service.SchemaServiceTest" time="0">
    <skipped/>
  </testcase>
  <testcase name="getSimpleReferencesObjectsByClassNamePagingTest" classname="org.reactome.server.graph.service.SchemaServiceTest" time="0">
    <skipped/>
  </testcase>
  <testcase name="getStIdsByClassTest" classname="org.reactome.server.graph.service.SchemaServiceTest" time="0">
    <skipped/>
  </testcase>
  <testcase name="countEntriesByClassNameWithSpeciesTest" classname="org.reactome.server.graph.service.SchemaServiceTest" time="0">
    <skipped/>
  </testcase>
  <testcase name="countEntriesByClassNameTest" classname="org.reactome.server.graph.service.SchemaServiceTest" time="0">
    <skipped/>
  </testcase>
  <testcase name="getSimpleDatabaseObjectByClassWithPagingTest" classname="org.reactome.server.graph.service.SchemaServiceTest" time="0">
    <skipped/>
  </testcase>
  <testcase name="getSimpleDatabaseObjectByClassNameTest" classname="org.reactome.server.graph.service.SchemaServiceTest" time="0">
    <skipped/>
  </testcase>
  <testcase name="getSimpleDatabaseObjectByClassTest" classname="org.reactome.server.graph.service.SchemaServiceTest" time="0">
    <skipped/>
  </testcase>
  <testcase name="getByClassNameWithPagingTest" classname="org.reactome.server.graph.service.SchemaServiceTest" time="0">
    <skipped/>
  </testcase>
  <testcase name="countEntriesTest" classname="org.reactome.server.graph.service.SchemaServiceTest" time="0">
    <skipped/>
  </testcase>
  <testcase name="getByClassAndSpeciesTest" classname="org.reactome.server.graph.service.SchemaServiceTest" time="0">
    <skipped/>
  </testcase>
  <testcase name="getSimpleDatabaseObjectByClassAndSpeciesWithPagingTest" classname="org.reactome.server.graph.service.SchemaServiceTest" time="0">
    <skipped/>
  </testcase>
  <testcase name="getSimpleDatabaseObjectByClassNameAndSpeciesWithPagingTest" classname="org.reactome.server.graph.service.SchemaServiceTest" time="0">
    <skipped/>
  </testcase>
</testsuite>