<?xml version="1.0" encoding="UTF-8"?>
<testsuite xmlns:xsi="http://www.w3.org/2001/XMLSchema-instance" xsi:schemaLocation="https://maven.apache.org/surefire/maven-surefire-plugin/xsd/surefire-test-report.xsd" name="org.reactome.server.graph.service.StabilityAndConsistencyTest" time="10.828" tests="2" errors="0" skipped="2" failures="0">
  <properties>
    <property name="java.runtime.name" value="OpenJDK Runtime Environment"/>
    <property name="sun.boot.library.path" value="/usr/local/openjdk-8/jre/lib/amd64"/>
    <property name="java.vm.version" value="25.262-b10"/>
    <property name="animal.sniffer.skip" value="true"/>
    <property name="java.vm.vendor" value="Oracle Corporation"/>
    <property name="maven.multiModuleProjectDirectory" value="/tmp/tmp7e4hj0ys/graph-core"/>
    <property name="maven.javadoc.skip" value="true"/>
    <property name="java.vendor.url" value="http://java.oracle.com/"/>
    <property name="path.separator" value=":"/>
    <property name="guice.disable.misplaced.annotation.check" value="true"/>
    <property name="java.vm.name" value="OpenJDK 64-Bit Server VM"/>
    <property name="file.encoding.pkg" value="sun.io"/>
    <property name="sun.java.launcher" value="SUN_STANDARD"/>
    <property name="sun.os.patch.level" value="unknown"/>
    <property name="source.skip" value="true"/>
    <property name="java.vm.specification.name" value="Java Virtual Machine Specification"/>
    <property name="user.dir" value="/tmp/tmp7e4hj0ys/graph-core"/>
    <property name="java.runtime.version" value="1.8.0_262-b10"/>
    <property name="java.awt.graphicsenv" value="sun.awt.X11GraphicsEnvironment"/>
    <property name="java.endorsed.dirs" value="/usr/local/openjdk-8/jre/lib/endorsed"/>
    <property name="os.arch" value="amd64"/>
    <property name="java.io.tmpdir" value="/tmp"/>
    <property name="line.separator" value="&#10;"/>
    <property name="java.vm.specification.vendor" value="Oracle Corporation"/>
    <property name="os.name" value="Linux"/>
    <property name="classworlds.conf" value="/usr/share/maven/bin/m2.conf"/>
    <property name="sun.jnu.encoding" value="UTF-8"/>
    <property name="java.library.path" value="/usr/java/packages/lib/amd64:/usr/lib64:/lib64:/lib:/usr/lib"/>
    <property name="license.skip" value="true"/>
    <property name="maven.conf" value="/usr/share/maven/conf"/>
    <property name="java.specification.name" value="Java Platform API Specification"/>
    <property name="java.class.version" value="52.0"/>
    <property name="sun.management.compiler" value="HotSpot 64-Bit Tiered Compilers"/>
    <property name="maven.test.failure.ignore" value="true"/>
    <property name="os.version" value="4.15.0-109-generic"/>
    <property name="library.jansi.path" value="/usr/share/maven/lib/jansi-native"/>
    <property name="user.home" value="/home/jdbl"/>
    <property name="user.timezone" value="Etc/UTC"/>
    <property name="java.awt.printerjob" value="sun.print.PSPrinterJob"/>
    <property name="java.specification.version" value="1.8"/>
    <property name="file.encoding" value="UTF-8"/>
    <property name="user.name" value="jdbl"/>
    <property name="java.class.path" value="/usr/share/maven/boot/plexus-classworlds-2.6.0.jar"/>
    <property name="java.vm.specification.version" value="1.8"/>
    <property name="sun.arch.data.model" value="64"/>
    <property name="java.home" value="/usr/local/openjdk-8/jre"/>
    <property name="sun.java.command" value="org.codehaus.plexus.classworlds.launcher.Launcher test -e --fail-never -ntp -Dmaven.test.failure.ignore=true -B -Dmaven.javadoc.skip=true -Drat.skip=true -Danimal.sniffer.skip=true -Dmaven.javadoc.skip=true -Dlicense.skip=true -Dsource.skip=true"/>
    <property name="java.specification.vendor" value="Oracle Corporation"/>
    <property name="user.language" value="en"/>
    <property name="awt.toolkit" value="sun.awt.X11.XToolkit"/>
    <property name="java.vm.info" value="mixed mode"/>
    <property name="java.version" value="1.8.0_262"/>
    <property name="java.ext.dirs" value="/usr/local/openjdk-8/jre/lib/ext:/usr/java/packages/lib/ext"/>
    <property name="securerandom.source" value="file:/dev/./urandom"/>
    <property name="sun.boot.class.path" value="/usr/local/openjdk-8/jre/lib/resources.jar:/usr/local/openjdk-8/jre/lib/rt.jar:/usr/local/openjdk-8/jre/lib/sunrsasign.jar:/usr/local/openjdk-8/jre/lib/jsse.jar:/usr/local/openjdk-8/jre/lib/jce.jar:/usr/local/openjdk-8/jre/lib/charsets.jar:/usr/local/openjdk-8/jre/lib/jfr.jar:/usr/local/openjdk-8/jre/classes"/>
    <property name="java.vendor" value="Oracle Corporation"/>
    <property name="rat.skip" value="true"/>
    <property name="maven.home" value="/usr/share/maven"/>
    <property name="file.separator" value="/"/>
    <property name="java.vendor.url.bug" value="http://bugreport.sun.com/bugreport/"/>
    <property name="sun.cpu.endian" value="little"/>
    <property name="sun.io.unicode.encoding" value="UnicodeLittle"/>
    <property name="sun.cpu.isalist" value=""/>
  </properties>
  <testcase name="lazyLoadingStoichiometryTest" classname="org.reactome.server.graph.service.StabilityAndConsistencyTest" time="0">
    <skipped/>
    <system-err><![CDATA[SLF4J: Class path contains multiple SLF4J bindings.
SLF4J: Found binding in [file:/tmp/tmp7e4hj0ys/graph-core/target/classes/org/slf4j/impl/StaticLoggerBinder.class]
SLF4J: Found binding in [jar:file:/home/jdbl/.m2/repository/ch/qos/logback/logback-classic/1.2.3/logback-classic-1.2.3.jar!/org/slf4j/impl/StaticLoggerBinder.class]
SLF4J: See http://www.slf4j.org/codes.html#multiple_bindings for an explanation.
439 [main] INFO org.springframework.test.context.support.DefaultTestContextBootstrapper - Loaded default TestExecutionListener class names from location [META-INF/spring.factories]: [org.springframework.test.context.web.ServletTestExecutionListener, org.springframework.test.context.support.DirtiesContextBeforeModesTestExecutionListener, org.springframework.test.context.support.DependencyInjectionTestExecutionListener, org.springframework.test.context.support.DirtiesContextTestExecutionListener, org.springframework.test.context.transaction.TransactionalTestExecutionListener, org.springframework.test.context.jdbc.SqlScriptsTestExecutionListener]
475 [main] INFO org.springframework.test.context.support.DefaultTestContextBootstrapper - Could not instantiate TestExecutionListener [org.springframework.test.context.web.ServletTestExecutionListener]. Specify custom listener classes or make the default listener classes (and their required dependencies) available. Offending class: [javax/servlet/ServletContext]
478 [main] INFO org.springframework.test.context.support.DefaultTestContextBootstrapper - Using TestExecutionListeners: [org.springframework.test.context.support.DirtiesContextBeforeModesTestExecutionListener@64524dd, org.springframework.test.context.support.DependencyInjectionTestExecutionListener@79d06bbd, org.springframework.test.context.support.DirtiesContextTestExecutionListener@47a7a101, org.springframework.test.context.transaction.TransactionalTestExecutionListener@5bb51241, org.springframework.test.context.jdbc.SqlScriptsTestExecutionListener@7479b626]
517 [main] INFO testLogger -  --- !!! Running org.reactome.server.graph.service.StabilityAndConsistencyTest!!! --- 

1097 [main] INFO org.springframework.context.support.GenericApplicationContext - Refreshing org.springframework.context.support.GenericApplicationContext@5d43409a: startup date [Thu Jul 30 20:33:11 UTC 2020]; root of context hierarchy
2495 [main] INFO org.springframework.beans.factory.support.DefaultListableBeanFactory - Overriding bean definition for bean 'lazyFetchAspect' with a different definition: replacing [Generic bean: class [org.reactome.server.graph.aop.LazyFetchAspect]; scope=singleton; abstract=false; lazyInit=false; autowireMode=0; dependencyCheck=0; autowireCandidate=true; primary=false; factoryBeanName=null; factoryMethodName=null; initMethodName=null; destroyMethodName=null; defined in file [/tmp/tmp7e4hj0ys/graph-core/target/test-classes/org/reactome/server/graph/aop/LazyFetchAspect.class]] with [Root bean: class [null]; scope=; abstract=false; lazyInit=false; autowireMode=3; dependencyCheck=0; autowireCandidate=true; primary=false; factoryBeanName=neo4jConfig; factoryMethodName=lazyFetchAspect; initMethodName=null; destroyMethodName=(inferred); defined in org.reactome.server.graph.config.Neo4jConfig]
3550 [main] INFO org.springframework.context.support.PostProcessorRegistrationDelegate$BeanPostProcessorChecker - Bean 'neo4jConfig' of type [class org.reactome.server.graph.config.Neo4jConfig$$EnhancerBySpringCGLIB$$7e90b9b9] is not eligible for getting processed by all BeanPostProcessors (for example: not eligible for auto-proxying)
3552 [main] INFO org.springframework.data.neo4j.config.Neo4jConfiguration - Initialising PersistenceExceptionTranslationPostProcessor
4569 [main] INFO org.neo4j.ogm.metadata.ClassFileProcessor - Starting Post-processing phase
4569 [main] INFO org.neo4j.ogm.metadata.ClassFileProcessor - Building annotation class map
4571 [main] INFO org.neo4j.ogm.metadata.ClassFileProcessor - Building interface class map for 363 classes
4943 [main] INFO org.neo4j.ogm.metadata.ClassFileProcessor - Post-processing complete
4943 [main] INFO org.neo4j.ogm.metadata.ClassFileProcessor - 363 classes loaded in 618106623 nanoseconds
8822 [main] INFO org.springframework.data.neo4j.mapping.Neo4jMappingContext - Neo4jMappingContext initialisation completed
10057 [main] INFO org.springframework.data.neo4j.config.Neo4jConfiguration - Initialising PersistenceExceptionTranslator
10065 [main] INFO org.springframework.data.neo4j.config.Neo4jConfiguration - Initialising PersistenceExceptionTranslationInterceptor
10230 [main] INFO org.springframework.data.neo4j.config.Neo4jConfiguration - Initialising Neo4jTransactionManager
10457 [main] INFO org.springframework.data.neo4j.config.Neo4jConfiguration - Initialising Neo4jSession
10527 [main] INFO org.springframework.data.neo4j.config.Neo4jConfiguration - Intercepted exception
10543 [main] ERROR org.reactome.server.graph.repository.GeneralTemplateRepository - A connection with the Neo4j Graph could not be established. Tests will be skipped
org.springframework.beans.factory.BeanCreationException: Error creating bean with name 'scopedTarget.getSession' defined in org.reactome.server.graph.config.Neo4jConfig: Bean instantiation via factory method failed; nested exception is org.springframework.beans.BeanInstantiationException: Failed to instantiate [org.neo4j.ogm.session.Session]: Factory method 'getSession' threw exception; nested exception is java.lang.RuntimeException: java.net.URISyntaxException: Illegal character in authority at index 7: http://${neo4j.user}:${neo4j.password}@${neo4j.host}:${neo4j.port}
	at org.springframework.beans.factory.support.ConstructorResolver.instantiateUsingFactoryMethod(ConstructorResolver.java:599)
	at org.springframework.beans.factory.support.AbstractAutowireCapableBeanFactory.instantiateUsingFactoryMethod(AbstractAutowireCapableBeanFactory.java:1128)
	at org.springframework.beans.factory.support.AbstractAutowireCapableBeanFactory.createBeanInstance(AbstractAutowireCapableBeanFactory.java:1022)
	at org.springframework.beans.factory.support.AbstractAutowireCapableBeanFactory.doCreateBean(AbstractAutowireCapableBeanFactory.java:512)
	at org.springframework.beans.factory.support.AbstractAutowireCapableBeanFactory.createBean(AbstractAutowireCapableBeanFactory.java:482)
	at org.springframework.beans.factory.support.AbstractBeanFactory.doGetBean(AbstractBeanFactory.java:325)
	at org.springframework.beans.factory.support.AbstractBeanFactory.getBean(AbstractBeanFactory.java:197)
	at org.springframework.aop.target.SimpleBeanTargetSource.getTarget(SimpleBeanTargetSource.java:35)
	at org.springframework.aop.framework.JdkDynamicAopProxy.invoke(JdkDynamicAopProxy.java:187)
	at com.sun.proxy.$Proxy33.query(Unknown Source)
	at org.springframework.data.neo4j.template.Neo4jTemplate.query(Neo4jTemplate.java:217)
	at sun.reflect.NativeMethodAccessorImpl.invoke0(Native Method)
	at sun.reflect.NativeMethodAccessorImpl.invoke(NativeMethodAccessorImpl.java:62)
	at sun.reflect.DelegatingMethodAccessorImpl.invoke(DelegatingMethodAccessorImpl.java:43)
	at java.lang.reflect.Method.invoke(Method.java:498)
	at org.springframework.aop.support.AopUtils.invokeJoinpointUsingReflection(AopUtils.java:302)
	at org.springframework.aop.framework.ReflectiveMethodInvocation.invokeJoinpoint(ReflectiveMethodInvocation.java:190)
	at org.springframework.aop.framework.ReflectiveMethodInvocation.proceed(ReflectiveMethodInvocation.java:157)
	at org.springframework.dao.support.PersistenceExceptionTranslationInterceptor.invoke(PersistenceExceptionTranslationInterceptor.java:136)
	at org.springframework.aop.framework.ReflectiveMethodInvocation.proceed(ReflectiveMethodInvocation.java:179)
	at org.springframework.aop.framework.JdkDynamicAopProxy.invoke(JdkDynamicAopProxy.java:208)
	at com.sun.proxy.$Proxy35.query(Unknown Source)
	at org.reactome.server.graph.repository.GeneralTemplateRepository.fitForService(GeneralTemplateRepository.java:69)
	at org.reactome.server.graph.repository.GeneralTemplateRepository$$FastClassBySpringCGLIB$$61963217.invoke(<generated>)
	at org.springframework.cglib.proxy.MethodProxy.invoke(MethodProxy.java:204)
	at org.springframework.aop.framework.CglibAopProxy$CglibMethodInvocation.invokeJoinpoint(CglibAopProxy.java:720)
	at org.springframework.aop.framework.ReflectiveMethodInvocation.proceed(ReflectiveMethodInvocation.java:157)
	at org.springframework.dao.support.PersistenceExceptionTranslationInterceptor.invoke(PersistenceExceptionTranslationInterceptor.java:136)
	at org.springframework.aop.framework.ReflectiveMethodInvocation.proceed(ReflectiveMethodInvocation.java:179)
	at org.springframework.aop.framework.CglibAopProxy$DynamicAdvisedInterceptor.intercept(CglibAopProxy.java:655)
	at org.reactome.server.graph.repository.GeneralTemplateRepository$$EnhancerBySpringCGLIB$$9f8e894e.fitForService(<generated>)
	at org.reactome.server.graph.service.GeneralService.fitForService_aroundBody18(GeneralService.java:81)
	at org.reactome.server.graph.service.GeneralService.fitForService_aroundBody19$advice(GeneralService.java:33)
	at org.reactome.server.graph.service.GeneralService.fitForService(GeneralService.java:1)
	at org.reactome.server.graph.service.StabilityAndConsistencyTest.setUp_aroundBody2(StabilityAndConsistencyTest.java:42)
	at org.reactome.server.graph.service.StabilityAndConsistencyTest.setUp_aroundBody3$advice(StabilityAndConsistencyTest.java:33)
	at org.reactome.server.graph.service.StabilityAndConsistencyTest.setUp(StabilityAndConsistencyTest.java:1)
	at sun.reflect.NativeMethodAccessorImpl.invoke0(Native Method)
	at sun.reflect.NativeMethodAccessorImpl.invoke(NativeMethodAccessorImpl.java:62)
	at sun.reflect.DelegatingMethodAccessorImpl.invoke(DelegatingMethodAccessorImpl.java:43)
	at java.lang.reflect.Method.invoke(Method.java:498)
	at org.junit.runners.model.FrameworkMethod$1.runReflectiveCall(FrameworkMethod.java:50)
	at org.junit.internal.runners.model.ReflectiveCallable.run(ReflectiveCallable.java:12)
	at org.junit.runners.model.FrameworkMethod.invokeExplosively(FrameworkMethod.java:47)
	at org.junit.internal.runners.statements.RunBefores.evaluate(RunBefores.java:24)
	at org.springframework.test.context.junit4.statements.RunBeforeTestMethodCallbacks.evaluate(RunBeforeTestMethodCallbacks.java:75)
	at org.springframework.test.context.junit4.statements.RunAfterTestMethodCallbacks.evaluate(RunAfterTestMethodCallbacks.java:86)
	at org.springframework.test.context.junit4.statements.SpringRepeat.evaluate(SpringRepeat.java:84)
	at org.junit.runners.ParentRunner.runLeaf(ParentRunner.java:325)
	at org.springframework.test.context.junit4.SpringJUnit4ClassRunner.runChild(SpringJUnit4ClassRunner.java:252)
	at org.springframework.test.context.junit4.SpringJUnit4ClassRunner.runChild(SpringJUnit4ClassRunner.java:94)
	at org.junit.runners.ParentRunner$3.run(ParentRunner.java:290)
	at org.junit.runners.ParentRunner$1.schedule(ParentRunner.java:71)
	at org.junit.runners.ParentRunner.runChildren(ParentRunner.java:288)
	at org.junit.runners.ParentRunner.access$000(ParentRunner.java:58)
	at org.junit.runners.ParentRunner$2.evaluate(ParentRunner.java:268)
	at org.junit.internal.runners.statements.RunBefores.evaluate(RunBefores.java:26)
	at org.springframework.test.context.junit4.statements.RunBeforeTestClassCallbacks.evaluate(RunBeforeTestClassCallbacks.java:61)
	at org.junit.internal.runners.statements.RunAfters.evaluate(RunAfters.java:27)
	at org.springframework.test.context.junit4.statements.RunAfterTestClassCallbacks.evaluate(RunAfterTestClassCallbacks.java:70)
	at org.junit.runners.ParentRunner.run(ParentRunner.java:363)
	at org.springframework.test.context.junit4.SpringJUnit4ClassRunner.run(SpringJUnit4ClassRunner.java:191)
	at org.apache.maven.surefire.junit4.JUnit4Provider.execute(JUnit4Provider.java:367)
	at org.apache.maven.surefire.junit4.JUnit4Provider.executeWithRerun(JUnit4Provider.java:274)
	at org.apache.maven.surefire.junit4.JUnit4Provider.executeTestSet(JUnit4Provider.java:238)
	at org.apache.maven.surefire.junit4.JUnit4Provider.invoke(JUnit4Provider.java:161)
	at org.apache.maven.surefire.booter.ForkedBooter.invokeProviderInSameClassLoader(ForkedBooter.java:290)
	at org.apache.maven.surefire.booter.ForkedBooter.runSuitesInProcess(ForkedBooter.java:242)
	at org.apache.maven.surefire.booter.ForkedBooter.main(ForkedBooter.java:121)
Caused by: org.springframework.beans.BeanInstantiationException: Failed to instantiate [org.neo4j.ogm.session.Session]: Factory method 'getSession' threw exception; nested exception is java.lang.RuntimeException: java.net.URISyntaxException: Illegal character in authority at index 7: http://${neo4j.user}:${neo4j.password}@${neo4j.host}:${neo4j.port}
	at org.springframework.beans.factory.support.SimpleInstantiationStrategy.instantiate(SimpleInstantiationStrategy.java:189)
	at org.springframework.beans.factory.support.ConstructorResolver.instantiateUsingFactoryMethod(ConstructorResolver.java:588)
	... 68 more
Caused by: java.lang.RuntimeException: java.net.URISyntaxException: Illegal character in authority at index 7: http://${neo4j.user}:${neo4j.password}@${neo4j.host}:${neo4j.port}
	at org.neo4j.ogm.driver.AbstractConfigurableDriver.setCredentials(AbstractConfigurableDriver.java:78)
	at org.neo4j.ogm.driver.AbstractConfigurableDriver.configure(AbstractConfigurableDriver.java:53)
	at org.neo4j.ogm.service.DriverService.load(DriverService.java:64)
	at org.neo4j.ogm.service.Components.loadDriver(Components.java:157)
	at org.neo4j.ogm.service.Components.driver(Components.java:103)
	at org.neo4j.ogm.session.SessionFactory.openSession(SessionFactory.java:81)
	at org.springframework.data.neo4j.config.Neo4jConfiguration.getSession(Neo4jConfiguration.java:56)
	at org.reactome.server.graph.config.Neo4jConfig.getSession(Neo4jConfig.java:31)
	at org.reactome.server.graph.config.Neo4jConfig$$EnhancerBySpringCGLIB$$7e90b9b9.CGLIB$getSession$1(<generated>)
	at org.reactome.server.graph.config.Neo4jConfig$$EnhancerBySpringCGLIB$$7e90b9b9$$FastClassBySpringCGLIB$$52267f99.invoke(<generated>)
	at org.springframework.cglib.proxy.MethodProxy.invokeSuper(MethodProxy.java:228)
	at org.springframework.context.annotation.ConfigurationClassEnhancer$BeanMethodInterceptor.intercept(ConfigurationClassEnhancer.java:356)
	at org.reactome.server.graph.config.Neo4jConfig$$EnhancerBySpringCGLIB$$7e90b9b9.getSession(<generated>)
	at sun.reflect.NativeMethodAccessorImpl.invoke0(Native Method)
	at sun.reflect.NativeMethodAccessorImpl.invoke(NativeMethodAccessorImpl.java:62)
	at sun.reflect.DelegatingMethodAccessorImpl.invoke(DelegatingMethodAccessorImpl.java:43)
	at java.lang.reflect.Method.invoke(Method.java:498)
	at org.springframework.beans.factory.support.SimpleInstantiationStrategy.instantiate(SimpleInstantiationStrategy.java:162)
	... 69 more
Caused by: java.net.URISyntaxException: Illegal character in authority at index 7: http://${neo4j.user}:${neo4j.password}@${neo4j.host}:${neo4j.port}
	at java.net.URI$Parser.fail(URI.java:2848)
	at java.net.URI$Parser.parseAuthority(URI.java:3186)
	at java.net.URI$Parser.parseHierarchical(URI.java:3097)
	at java.net.URI$Parser.parse(URI.java:3053)
	at java.net.URI.<init>(URI.java:588)
	at org.neo4j.ogm.driver.AbstractConfigurableDriver.setCredentials(AbstractConfigurableDriver.java:71)
	... 86 more
]]></system-err>
  </testcase>
  <testcase name="libraryStabilityTest" classname="org.reactome.server.graph.service.StabilityAndConsistencyTest" time="0">
    <skipped/>
  </testcase>
</testsuite>