<?xml version="1.0" encoding="UTF-8"?>
<testsuite xmlns:xsi="http://www.w3.org/2001/XMLSchema-instance" xsi:schemaLocation="https://maven.apache.org/surefire/maven-surefire-plugin/xsd/surefire-test-report.xsd" name="TestSuite" time="3.439" tests="65" errors="0" skipped="0" failures="0">
  <properties>
    <property name="java.runtime.name" value="OpenJDK Runtime Environment"/>
    <property name="sun.boot.library.path" value="/usr/local/openjdk-8/jre/lib/amd64"/>
    <property name="java.vm.version" value="25.262-b10"/>
    <property name="animal.sniffer.skip" value="true"/>
    <property name="java.vm.vendor" value="Oracle Corporation"/>
    <property name="maven.multiModuleProjectDirectory" value="/tmp/tmpev7fc89g/SmartSimulator"/>
    <property name="maven.javadoc.skip" value="true"/>
    <property name="java.vendor.url" value="http://java.oracle.com/"/>
    <property name="path.separator" value=":"/>
    <property name="guice.disable.misplaced.annotation.check" value="true"/>
    <property name="java.vm.name" value="OpenJDK 64-Bit Server VM"/>
    <property name="file.encoding.pkg" value="sun.io"/>
    <property name="sun.java.launcher" value="SUN_STANDARD"/>
    <property name="sun.os.patch.level" value="unknown"/>
    <property name="source.skip" value="true"/>
    <property name="java.vm.specification.name" value="Java Virtual Machine Specification"/>
    <property name="user.dir" value="/tmp/tmpev7fc89g/SmartSimulator"/>
    <property name="java.runtime.version" value="1.8.0_262-b10"/>
    <property name="java.awt.graphicsenv" value="sun.awt.X11GraphicsEnvironment"/>
    <property name="java.endorsed.dirs" value="/usr/local/openjdk-8/jre/lib/endorsed"/>
    <property name="os.arch" value="amd64"/>
    <property name="java.io.tmpdir" value="/tmp"/>
    <property name="line.separator" value="&#10;"/>
    <property name="java.vm.specification.vendor" value="Oracle Corporation"/>
    <property name="os.name" value="Linux"/>
    <property name="classworlds.conf" value="/usr/share/maven/bin/m2.conf"/>
    <property name="sun.jnu.encoding" value="UTF-8"/>
    <property name="java.library.path" value="/usr/java/packages/lib/amd64:/usr/lib64:/lib64:/lib:/usr/lib"/>
    <property name="license.skip" value="true"/>
    <property name="maven.conf" value="/usr/share/maven/conf"/>
    <property name="java.specification.name" value="Java Platform API Specification"/>
    <property name="java.class.version" value="52.0"/>
    <property name="sun.management.compiler" value="HotSpot 64-Bit Tiered Compilers"/>
    <property name="maven.test.failure.ignore" value="true"/>
    <property name="os.version" value="4.15.0-109-generic"/>
    <property name="library.jansi.path" value="/usr/share/maven/lib/jansi-native"/>
    <property name="user.home" value="/home/jdbl"/>
    <property name="user.timezone" value="Etc/UTC"/>
    <property name="java.awt.printerjob" value="sun.print.PSPrinterJob"/>
    <property name="java.specification.version" value="1.8"/>
    <property name="file.encoding" value="UTF-8"/>
    <property name="user.name" value="jdbl"/>
    <property name="java.class.path" value="/usr/share/maven/boot/plexus-classworlds-2.6.0.jar"/>
    <property name="java.vm.specification.version" value="1.8"/>
    <property name="sun.arch.data.model" value="64"/>
    <property name="java.home" value="/usr/local/openjdk-8/jre"/>
    <property name="sun.java.command" value="org.codehaus.plexus.classworlds.launcher.Launcher test -e --fail-never -ntp -Dmaven.test.failure.ignore=true -B -Dmaven.javadoc.skip=true -Drat.skip=true -Danimal.sniffer.skip=true -Dmaven.javadoc.skip=true -Dlicense.skip=true -Dsource.skip=true"/>
    <property name="java.specification.vendor" value="Oracle Corporation"/>
    <property name="user.language" value="en"/>
    <property name="awt.toolkit" value="sun.awt.X11.XToolkit"/>
    <property name="java.vm.info" value="mixed mode"/>
    <property name="java.version" value="1.8.0_262"/>
    <property name="java.ext.dirs" value="/usr/local/openjdk-8/jre/lib/ext:/usr/java/packages/lib/ext"/>
    <property name="securerandom.source" value="file:/dev/./urandom"/>
    <property name="sun.boot.class.path" value="/usr/local/openjdk-8/jre/lib/resources.jar:/usr/local/openjdk-8/jre/lib/rt.jar:/usr/local/openjdk-8/jre/lib/sunrsasign.jar:/usr/local/openjdk-8/jre/lib/jsse.jar:/usr/local/openjdk-8/jre/lib/jce.jar:/usr/local/openjdk-8/jre/lib/charsets.jar:/usr/local/openjdk-8/jre/lib/jfr.jar:/usr/local/openjdk-8/jre/classes"/>
    <property name="java.vendor" value="Oracle Corporation"/>
    <property name="rat.skip" value="true"/>
    <property name="maven.home" value="/usr/share/maven"/>
    <property name="file.separator" value="/"/>
    <property name="java.vendor.url.bug" value="http://bugreport.sun.com/bugreport/"/>
    <property name="sun.cpu.endian" value="little"/>
    <property name="sun.io.unicode.encoding" value="UnicodeLittle"/>
    <property name="sun.cpu.isalist" value=""/>
  </properties>
  <testcase name="test on test(io.github.lujian213.simulator.SimulatorFolderTest)" classname="io.github.lujian213.simulator.SimulatorFolderTest" time="1.167"/>
  <testcase name="test2 on test2(io.github.lujian213.simulator.SimulatorFolderTest)" classname="io.github.lujian213.simulator.SimulatorFolderTest" time="0.119"/>
  <testcase name="test3 on test3(io.github.lujian213.simulator.SimulatorFolderTest)" classname="io.github.lujian213.simulator.SimulatorFolderTest" time="0.095"/>
  <testcase name="test4 on test4(io.github.lujian213.simulator.SimulatorFolderTest)" classname="io.github.lujian213.simulator.SimulatorFolderTest" time="0.007"/>
  <testcase name="test5 on test5(io.github.lujian213.simulator.SimulatorFolderTest)" classname="io.github.lujian213.simulator.SimulatorFolderTest" time="0.001"/>
  <testcase name="test on test(io.github.lujian213.simulator.SimulatorRepositoryTest)" classname="io.github.lujian213.simulator.SimulatorRepositoryTest" time="0.083"/>
  <testcase name="test2 on test2(io.github.lujian213.simulator.SimulatorRepositoryTest)" classname="io.github.lujian213.simulator.SimulatorRepositoryTest" time="0.073"/>
  <testcase name="test3 on test3(io.github.lujian213.simulator.SimulatorRepositoryTest)" classname="io.github.lujian213.simulator.SimulatorRepositoryTest" time="0.068"/>
  <testcase name="test4 on test4(io.github.lujian213.simulator.SimulatorRepositoryTest)" classname="io.github.lujian213.simulator.SimulatorRepositoryTest" time="0.052"/>
  <testcase name="test on test(io.github.lujian213.simulator.SimRequestTemplateTest)" classname="io.github.lujian213.simulator.SimRequestTemplateTest" time="0.001"/>
  <testcase name="test2 on test2(io.github.lujian213.simulator.SimRequestTemplateTest)" classname="io.github.lujian213.simulator.SimRequestTemplateTest" time="0"/>
  <testcase name="test3 on test3(io.github.lujian213.simulator.SimRequestTemplateTest)" classname="io.github.lujian213.simulator.SimRequestTemplateTest" time="0.004"/>
  <testcase name="test4 on test4(io.github.lujian213.simulator.SimRequestTemplateTest)" classname="io.github.lujian213.simulator.SimRequestTemplateTest" time="0.001"/>
  <testcase name="test5 on test5(io.github.lujian213.simulator.SimRequestTemplateTest)" classname="io.github.lujian213.simulator.SimRequestTemplateTest" time="0.001"/>
  <testcase name="test6 on test6(io.github.lujian213.simulator.SimRequestTemplateTest)" classname="io.github.lujian213.simulator.SimRequestTemplateTest" time="0"/>
  <testcase name="test7 on test7(io.github.lujian213.simulator.SimRequestTemplateTest)" classname="io.github.lujian213.simulator.SimRequestTemplateTest" time="0.001"/>
  <testcase name="test8 on test8(io.github.lujian213.simulator.SimRequestTemplateTest)" classname="io.github.lujian213.simulator.SimRequestTemplateTest" time="0.001"/>
  <testcase name="test on test(io.github.lujian213.simulator.SimRegexTemplateTest)" classname="io.github.lujian213.simulator.SimRegexTemplateTest" time="0.001"/>
  <testcase name="test2 on test2(io.github.lujian213.simulator.SimRegexTemplateTest)" classname="io.github.lujian213.simulator.SimRegexTemplateTest" time="0"/>
  <testcase name="test10 on test10(io.github.lujian213.simulator.SimScriptTest)" classname="io.github.lujian213.simulator.SimScriptTest" time="0.006"/>
  <testcase name="test11 on test11(io.github.lujian213.simulator.SimScriptTest)" classname="io.github.lujian213.simulator.SimScriptTest" time="0.002"/>
  <testcase name="test12 on test12(io.github.lujian213.simulator.SimScriptTest)" classname="io.github.lujian213.simulator.SimScriptTest" time="0.006"/>
  <testcase name="test13 on test13(io.github.lujian213.simulator.SimScriptTest)" classname="io.github.lujian213.simulator.SimScriptTest" time="0.001"/>
  <testcase name="test14 on test14(io.github.lujian213.simulator.SimScriptTest)" classname="io.github.lujian213.simulator.SimScriptTest" time="0.005"/>
  <testcase name="test on test(io.github.lujian213.simulator.SimScriptTest)" classname="io.github.lujian213.simulator.SimScriptTest" time="0"/>
  <testcase name="test2 on test2(io.github.lujian213.simulator.SimScriptTest)" classname="io.github.lujian213.simulator.SimScriptTest" time="0"/>
  <testcase name="test3 on test3(io.github.lujian213.simulator.SimScriptTest)" classname="io.github.lujian213.simulator.SimScriptTest" time="0"/>
  <testcase name="test4 on test4(io.github.lujian213.simulator.SimScriptTest)" classname="io.github.lujian213.simulator.SimScriptTest" time="0"/>
  <testcase name="test5 on test5(io.github.lujian213.simulator.SimScriptTest)" classname="io.github.lujian213.simulator.SimScriptTest" time="0"/>
  <testcase name="test7 on test7(io.github.lujian213.simulator.SimScriptTest)" classname="io.github.lujian213.simulator.SimScriptTest" time="0.007"/>
  <testcase name="test8 on test8(io.github.lujian213.simulator.SimScriptTest)" classname="io.github.lujian213.simulator.SimScriptTest" time="0.003"/>
  <testcase name="test9 on test9(io.github.lujian213.simulator.SimScriptTest)" classname="io.github.lujian213.simulator.SimScriptTest" time="0.005"/>
  <testcase name="test on test(io.github.lujian213.simulator.util.JSonPathRequestHandlerTest)" classname="io.github.lujian213.simulator.util.JSonPathRequestHandlerTest" time="0.083"/>
  <testcase name="test2 on test2(io.github.lujian213.simulator.util.JSonPathRequestHandlerTest)" classname="io.github.lujian213.simulator.util.JSonPathRequestHandlerTest" time="0"/>
  <testcase name="test3 on test3(io.github.lujian213.simulator.util.JSonPathRequestHandlerTest)" classname="io.github.lujian213.simulator.util.JSonPathRequestHandlerTest" time="0"/>
  <testcase name="test4 on test4(io.github.lujian213.simulator.util.JSonPathRequestHandlerTest)" classname="io.github.lujian213.simulator.util.JSonPathRequestHandlerTest" time="0.001"/>
  <testcase name="test1 on test1(io.github.lujian213.simulator.util.ListenerHubTest)" classname="io.github.lujian213.simulator.util.ListenerHubTest" time="0.001"/>
  <testcase name="test on test(io.github.lujian213.simulator.util.XPathRequestHandlerTest)" classname="io.github.lujian213.simulator.util.XPathRequestHandlerTest" time="0.07"/>
  <testcase name="test2 on test2(io.github.lujian213.simulator.util.XPathRequestHandlerTest)" classname="io.github.lujian213.simulator.util.XPathRequestHandlerTest" time="0.002"/>
  <testcase name="test3 on test3(io.github.lujian213.simulator.util.XPathRequestHandlerTest)" classname="io.github.lujian213.simulator.util.XPathRequestHandlerTest" time="0.008"/>
  <testcase name="test4 on test4(io.github.lujian213.simulator.util.XPathRequestHandlerTest)" classname="io.github.lujian213.simulator.util.XPathRequestHandlerTest" time="0.007"/>
  <testcase name="test on test(io.github.lujian213.simulator.util.GroovyRequestHandlerTest)" classname="io.github.lujian213.simulator.util.GroovyRequestHandlerTest" time="0.928"/>
  <testcase name="testCreateInstance on testCreateInstance(io.github.lujian213.simulator.util.BeanRepositoryTest)" classname="io.github.lujian213.simulator.util.BeanRepositoryTest" time="0.002"/>
  <testcase name="testRemoveSimulatorBeans on testRemoveSimulatorBeans(io.github.lujian213.simulator.util.BeanRepositoryTest)" classname="io.github.lujian213.simulator.util.BeanRepositoryTest" time="0.001"/>
  <testcase name="testEncodeURL on testEncodeURL(io.github.lujian213.simulator.util.SimUtilsTest)" classname="io.github.lujian213.simulator.util.SimUtilsTest" time="0.001"/>
  <testcase name="testStr2File on testStr2File(io.github.lujian213.simulator.util.SimUtilsTest)" classname="io.github.lujian213.simulator.util.SimUtilsTest" time="0"/>
  <testcase name="testParseDelimitersAsString on testParseDelimitersAsString(io.github.lujian213.simulator.util.SimUtilsTest)" classname="io.github.lujian213.simulator.util.SimUtilsTest" time="0.001"/>
  <testcase name="testMergeResult on testMergeResult(io.github.lujian213.simulator.util.SimUtilsTest)" classname="io.github.lujian213.simulator.util.SimUtilsTest" time="0.007"/>
  <testcase name="testParseDelimiters on testParseDelimiters(io.github.lujian213.simulator.util.SimUtilsTest)" classname="io.github.lujian213.simulator.util.SimUtilsTest" time="0.011"/>
  <testcase name="testContext2Properties on testContext2Properties(io.github.lujian213.simulator.util.SimUtilsTest)" classname="io.github.lujian213.simulator.util.SimUtilsTest" time="0"/>
  <testcase name="test on test(io.github.lujian213.simulator.util.SimUtilsTest)" classname="io.github.lujian213.simulator.util.SimUtilsTest" time="0"/>
  <testcase name="testTransformTime on testTransformTime(io.github.lujian213.simulator.util.SimUtilsTest)" classname="io.github.lujian213.simulator.util.SimUtilsTest" time="0"/>
  <testcase name="testParseURL on testParseURL(io.github.lujian213.simulator.util.SimUtilsTest)" classname="io.github.lujian213.simulator.util.SimUtilsTest" time="0"/>
  <testcase name="test on test(io.github.lujian213.simulator.webbit.WebbitSimulatorTest)" classname="io.github.lujian213.simulator.webbit.WebbitSimulatorTest" time="0"/>
  <testcase name="test1 on test1(io.github.lujian213.simulator.mem.MemSimulatorTest)" classname="io.github.lujian213.simulator.mem.MemSimulatorTest" time="0.03"/>
  <testcase name="testTryParse on testTryParse(io.github.lujian213.simulator.SimTemplateTest)" classname="io.github.lujian213.simulator.SimTemplateTest" time="0"/>
  <testcase name="testParse on testParse(io.github.lujian213.simulator.SimTemplateTest)" classname="io.github.lujian213.simulator.SimTemplateTest" time="0"/>
  <testcase name="testParseTemplateLinet2 on testParseTemplateLinet2(io.github.lujian213.simulator.SimTemplateTest)" classname="io.github.lujian213.simulator.SimTemplateTest" time="0"/>
  <testcase name="testParseTemplateLinet on testParseTemplateLinet(io.github.lujian213.simulator.SimTemplateTest)" classname="io.github.lujian213.simulator.SimTemplateTest" time="0"/>
  <testcase name="testParse3 on testParse3(io.github.lujian213.simulator.SimTemplateTest)" classname="io.github.lujian213.simulator.SimTemplateTest" time="0"/>
  <testcase name="testParse4 on testParse4(io.github.lujian213.simulator.SimTemplateTest)" classname="io.github.lujian213.simulator.SimTemplateTest" time="0.001"/>
  <testcase name="testParse5 on testParse5(io.github.lujian213.simulator.SimTemplateTest)" classname="io.github.lujian213.simulator.SimTemplateTest" time="0"/>
  <testcase name="testParse6 on testParse6(io.github.lujian213.simulator.SimTemplateTest)" classname="io.github.lujian213.simulator.SimTemplateTest" time="0"/>
  <testcase name="testParse7 on testParse7(io.github.lujian213.simulator.SimTemplateTest)" classname="io.github.lujian213.simulator.SimTemplateTest" time="0"/>
  <testcase name="test on test(io.github.lujian213.simulator.SimResponseTemplateTest)" classname="io.github.lujian213.simulator.SimResponseTemplateTest" time="0"/>
</testsuite>