<?xml version="1.0" encoding="UTF-8"?>
<testsuite name="org.apache.commons.math3.analysis.differentiation.SparseGradientTest" time="0.302" tests="120" errors="0" skipped="0" failures="0">
  <properties>
    <property name="java.runtime.name" value="OpenJDK Runtime Environment"/>
    <property name="sun.boot.library.path" value="/usr/local/openjdk-8/jre/lib/amd64"/>
    <property name="java.vm.version" value="25.262-b10"/>
    <property name="animal.sniffer.skip" value="true"/>
    <property name="java.vm.vendor" value="Oracle Corporation"/>
    <property name="maven.multiModuleProjectDirectory" value="/tmp/tmp97y953ji/commons-math"/>
    <property name="maven.javadoc.skip" value="true"/>
    <property name="java.vendor.url" value="http://java.oracle.com/"/>
    <property name="path.separator" value=":"/>
    <property name="guice.disable.misplaced.annotation.check" value="true"/>
    <property name="java.vm.name" value="OpenJDK 64-Bit Server VM"/>
    <property name="file.encoding.pkg" value="sun.io"/>
    <property name="sun.java.launcher" value="SUN_STANDARD"/>
    <property name="sun.os.patch.level" value="unknown"/>
    <property name="source.skip" value="true"/>
    <property name="java.vm.specification.name" value="Java Virtual Machine Specification"/>
    <property name="user.dir" value="/tmp/tmp97y953ji/commons-math"/>
    <property name="java.runtime.version" value="1.8.0_262-b10"/>
    <property name="java.awt.graphicsenv" value="sun.awt.X11GraphicsEnvironment"/>
    <property name="java.endorsed.dirs" value="/usr/local/openjdk-8/jre/lib/endorsed"/>
    <property name="os.arch" value="amd64"/>
    <property name="java.io.tmpdir" value="/tmp"/>
    <property name="line.separator" value="&#10;"/>
    <property name="java.vm.specification.vendor" value="Oracle Corporation"/>
    <property name="os.name" value="Linux"/>
    <property name="classworlds.conf" value="/usr/share/maven/bin/m2.conf"/>
    <property name="maven.test.error.ignore" value="true"/>
    <property name="sun.jnu.encoding" value="UTF-8"/>
    <property name="java.library.path" value="/usr/java/packages/lib/amd64:/usr/lib64:/lib64:/lib:/usr/lib"/>
    <property name="license.skip" value="true"/>
    <property name="maven.conf" value="/usr/share/maven/conf"/>
    <property name="java.specification.name" value="Java Platform API Specification"/>
    <property name="java.class.version" value="52.0"/>
    <property name="sun.management.compiler" value="HotSpot 64-Bit Tiered Compilers"/>
    <property name="maven.test.failure.ignore" value="true"/>
    <property name="os.version" value="4.15.0-109-generic"/>
    <property name="library.jansi.path" value="/usr/share/maven/lib/jansi-native"/>
    <property name="user.home" value="/home/jdbl"/>
    <property name="user.timezone" value="Etc/UTC"/>
    <property name="java.awt.printerjob" value="sun.print.PSPrinterJob"/>
    <property name="java.specification.version" value="1.8"/>
    <property name="file.encoding" value="UTF-8"/>
    <property name="user.name" value="jdbl"/>
    <property name="java.class.path" value="/usr/share/maven/boot/plexus-classworlds-2.6.0.jar"/>
    <property name="java.vm.specification.version" value="1.8"/>
    <property name="sun.arch.data.model" value="64"/>
    <property name="java.home" value="/usr/local/openjdk-8/jre"/>
    <property name="sun.java.command" value="org.codehaus.plexus.classworlds.launcher.Launcher package -e --fail-never -ntp -Dmaven.test.error.ignore=true -Dmaven.test.failure.ignore=true -B -Dmaven.javadoc.skip=true -Drat.skip=true -Danimal.sniffer.skip=true -Dmaven.javadoc.skip=true -Dlicense.skip=true -Dsource.skip=true"/>
    <property name="java.specification.vendor" value="Oracle Corporation"/>
    <property name="user.language" value="en"/>
    <property name="awt.toolkit" value="sun.awt.X11.XToolkit"/>
    <property name="java.vm.info" value="mixed mode"/>
    <property name="java.version" value="1.8.0_262"/>
    <property name="java.ext.dirs" value="/usr/local/openjdk-8/jre/lib/ext:/usr/java/packages/lib/ext"/>
    <property name="securerandom.source" value="file:/dev/./urandom"/>
    <property name="sun.boot.class.path" value="/usr/local/openjdk-8/jre/lib/resources.jar:/usr/local/openjdk-8/jre/lib/rt.jar:/usr/local/openjdk-8/jre/lib/sunrsasign.jar:/usr/local/openjdk-8/jre/lib/jsse.jar:/usr/local/openjdk-8/jre/lib/jce.jar:/usr/local/openjdk-8/jre/lib/charsets.jar:/usr/local/openjdk-8/jre/lib/jfr.jar:/usr/local/openjdk-8/jre/classes"/>
    <property name="java.vendor" value="Oracle Corporation"/>
    <property name="rat.skip" value="true"/>
    <property name="maven.home" value="/usr/share/maven"/>
    <property name="file.separator" value="/"/>
    <property name="java.vendor.url.bug" value="http://bugreport.sun.com/bugreport/"/>
    <property name="sun.cpu.endian" value="little"/>
    <property name="sun.io.unicode.encoding" value="UnicodeLittle"/>
    <property name="sun.cpu.isalist" value=""/>
  </properties>
  <testcase name="testCeilFloorRintLong" classname="org.apache.commons.math3.analysis.differentiation.SparseGradientTest" time="0.002"/>
  <testcase name="testVarMultInPlace" classname="org.apache.commons.math3.analysis.differentiation.SparseGradientTest" time="0"/>
  <testcase name="testPrimitiveAdd" classname="org.apache.commons.math3.analysis.differentiation.SparseGradientTest" time="0"/>
  <testcase name="testTanAtan" classname="org.apache.commons.math3.analysis.differentiation.SparseGradientTest" time="0.005"/>
  <testcase name="testSqrtDefinition" classname="org.apache.commons.math3.analysis.differentiation.SparseGradientTest" time="0.003"/>
  <testcase name="testHypotDefinition" classname="org.apache.commons.math3.analysis.differentiation.SparseGradientTest" time="0.004"/>
  <testcase name="testLog1pDefinition" classname="org.apache.commons.math3.analysis.differentiation.SparseGradientTest" time="0.003"/>
  <testcase name="testLinearCombination1DSDS" classname="org.apache.commons.math3.analysis.differentiation.SparseGradientTest" time="0"/>
  <testcase name="testLinearCombination2DSDS" classname="org.apache.commons.math3.analysis.differentiation.SparseGradientTest" time="0.087"/>
  <testcase name="testExpm1Definition" classname="org.apache.commons.math3.analysis.differentiation.SparseGradientTest" time="0.002"/>
  <testcase name="testCoshDefinition" classname="org.apache.commons.math3.analysis.differentiation.SparseGradientTest" time="0.003"/>
  <testcase name="testSerialization" classname="org.apache.commons.math3.analysis.differentiation.SparseGradientTest" time="0.002"/>
  <testcase name="testAtan2SpecialCases" classname="org.apache.commons.math3.analysis.differentiation.SparseGradientTest" time="0"/>
  <testcase name="testAbs" classname="org.apache.commons.math3.analysis.differentiation.SparseGradientTest" time="0.001"/>
  <testcase name="testAdd" classname="org.apache.commons.math3.analysis.differentiation.SparseGradientTest" time="0"/>
  <testcase name="testExp" classname="org.apache.commons.math3.analysis.differentiation.SparseGradientTest" time="0.001"/>
  <testcase name="testLog" classname="org.apache.commons.math3.analysis.differentiation.SparseGradientTest" time="0"/>
  <testcase name="testPow" classname="org.apache.commons.math3.analysis.differentiation.SparseGradientTest" time="0.001"/>
  <testcase name="testSubtract" classname="org.apache.commons.math3.analysis.differentiation.SparseGradientTest" time="0"/>
  <testcase name="testAtan2" classname="org.apache.commons.math3.analysis.differentiation.SparseGradientTest" time="0.002"/>
  <testcase name="testField" classname="org.apache.commons.math3.analysis.differentiation.SparseGradientTest" time="0"/>
  <testcase name="testTrigo" classname="org.apache.commons.math3.analysis.differentiation.SparseGradientTest" time="0.005"/>
  <testcase name="testMult" classname="org.apache.commons.math3.analysis.differentiation.SparseGradientTest" time="0"/>
  <testcase name="testReciprocal" classname="org.apache.commons.math3.analysis.differentiation.SparseGradientTest" time="0"/>
  <testcase name="testLinearCombination2DoubleDS" classname="org.apache.commons.math3.analysis.differentiation.SparseGradientTest" time="0.079"/>
  <testcase name="testVarAddition" classname="org.apache.commons.math3.analysis.differentiation.SparseGradientTest" time="0"/>
  <testcase name="testSinhAsinh" classname="org.apache.commons.math3.analysis.differentiation.SparseGradientTest" time="0.001"/>
  <testcase name="testPrimitiveRemainder" classname="org.apache.commons.math3.analysis.differentiation.SparseGradientTest" time="0.001"/>
  <testcase name="testLog1pExpm1" classname="org.apache.commons.math3.analysis.differentiation.SparseGradientTest" time="0.001"/>
  <testcase name="testToRadiansDefinition" classname="org.apache.commons.math3.analysis.differentiation.SparseGradientTest" time="0.004"/>
  <testcase name="testVariable" classname="org.apache.commons.math3.analysis.differentiation.SparseGradientTest" time="0"/>
  <testcase name="testPrimitiveMultiply" classname="org.apache.commons.math3.analysis.differentiation.SparseGradientTest" time="0"/>
  <testcase name="testHypotSpecial" classname="org.apache.commons.math3.analysis.differentiation.SparseGradientTest" time="0.001"/>
  <testcase name="testCompositionOneVariableX" classname="org.apache.commons.math3.analysis.differentiation.SparseGradientTest" time="0"/>
  <testcase name="testCompositionOneVariableY" classname="org.apache.commons.math3.analysis.differentiation.SparseGradientTest" time="0"/>
  <testcase name="testSqrtPow2" classname="org.apache.commons.math3.analysis.differentiation.SparseGradientTest" time="0.001"/>
  <testcase name="testCoshAcosh" classname="org.apache.commons.math3.analysis.differentiation.SparseGradientTest" time="0.001"/>
  <testcase name="testSinhDefinition" classname="org.apache.commons.math3.analysis.differentiation.SparseGradientTest" time="0.002"/>
  <testcase name="testConstant" classname="org.apache.commons.math3.analysis.differentiation.SparseGradientTest" time="0"/>
  <testcase name="testCopySign" classname="org.apache.commons.math3.analysis.differentiation.SparseGradientTest" time="0.001"/>
  <testcase name="testTangentDefinition" classname="org.apache.commons.math3.analysis.differentiation.SparseGradientTest" time="0.001"/>
  <testcase name="testCompose" classname="org.apache.commons.math3.analysis.differentiation.SparseGradientTest" time="0.005"/>
  <testcase name="testCosAcos" classname="org.apache.commons.math3.analysis.differentiation.SparseGradientTest" time="0.001"/>
  <testcase name="testTanhAtanh" classname="org.apache.commons.math3.analysis.differentiation.SparseGradientTest" time="0.002"/>
  <testcase name="testPowDoubleDS" classname="org.apache.commons.math3.analysis.differentiation.SparseGradientTest" time="0"/>
  <testcase name="testLinearCombination1DoubleDS" classname="org.apache.commons.math3.analysis.differentiation.SparseGradientTest" time="0"/>
  <testcase name="testHypotNoOverflow" classname="org.apache.commons.math3.analysis.differentiation.SparseGradientTest" time="0"/>
  <testcase name="testTaylorPolynomial" classname="org.apache.commons.math3.analysis.differentiation.SparseGradientTest" time="0.005"/>
  <testcase name="testPrimitiveSubtract" classname="org.apache.commons.math3.analysis.differentiation.SparseGradientTest" time="0"/>
  <testcase name="testDivision" classname="org.apache.commons.math3.analysis.differentiation.SparseGradientTest" time="0"/>
  <testcase name="testDegRad" classname="org.apache.commons.math3.analysis.differentiation.SparseGradientTest" time="0.001"/>
  <testcase name="testMultiply" classname="org.apache.commons.math3.analysis.differentiation.SparseGradientTest" time="0"/>
  <testcase name="testPowReciprocalPow" classname="org.apache.commons.math3.analysis.differentiation.SparseGradientTest" time="0.023"/>
  <testcase name="testLogExp" classname="org.apache.commons.math3.analysis.differentiation.SparseGradientTest" time="0.001"/>
  <testcase name="testRemainder" classname="org.apache.commons.math3.analysis.differentiation.SparseGradientTest" time="0.002"/>
  <testcase name="testNegate" classname="org.apache.commons.math3.analysis.differentiation.SparseGradientTest" time="0"/>
  <testcase name="testHypotNeglectible" classname="org.apache.commons.math3.analysis.differentiation.SparseGradientTest" time="0"/>
  <testcase name="testCbrtPow3" classname="org.apache.commons.math3.analysis.differentiation.SparseGradientTest" time="0.002"/>
  <testcase name="testLog10Definition" classname="org.apache.commons.math3.analysis.differentiation.SparseGradientTest" time="0.003"/>
  <testcase name="testSinAsin" classname="org.apache.commons.math3.analysis.differentiation.SparseGradientTest" time="0.002"/>
  <testcase name="testSignum" classname="org.apache.commons.math3.analysis.differentiation.SparseGradientTest" time="0"/>
  <testcase name="testSinCos" classname="org.apache.commons.math3.analysis.differentiation.SparseGradientTest" time="0.001"/>
  <testcase name="testRootNSingularity" classname="org.apache.commons.math3.analysis.differentiation.SparseGradientTest" time="0"/>
  <testcase name="testExpression" classname="org.apache.commons.math3.analysis.differentiation.SparseGradientTest" time="0.004"/>
  <testcase name="testToDegreesDefinition" classname="org.apache.commons.math3.analysis.differentiation.SparseGradientTest" time="0.005"/>
  <testcase name="testSubtraction" classname="org.apache.commons.math3.analysis.differentiation.SparseGradientTest" time="0"/>
  <testcase name="testLog10Power" classname="org.apache.commons.math3.analysis.differentiation.SparseGradientTest" time="0.002"/>
  <testcase name="testTanhDefinition" classname="org.apache.commons.math3.analysis.differentiation.SparseGradientTest" time="0.004"/>
  <testcase name="testCbrtDefinition" classname="org.apache.commons.math3.analysis.differentiation.SparseGradientTest" time="0.002"/>
  <testcase name="testTaylorAtan2" classname="org.apache.commons.math3.analysis.differentiation.SparseGradientTest" time="0.003"/>
  <testcase name="testDivideField" classname="org.apache.commons.math3.analysis.differentiation.SparseGradientTest" time="0.002"/>
  <testcase name="testRemainderDouble" classname="org.apache.commons.math3.analysis.differentiation.SparseGradientTest" time="0"/>
  <testcase name="testGetField" classname="org.apache.commons.math3.analysis.differentiation.SparseGradientTest" time="0"/>
  <testcase name="testDivideDouble" classname="org.apache.commons.math3.analysis.differentiation.SparseGradientTest" time="0.001"/>
  <testcase name="testCos" classname="org.apache.commons.math3.analysis.differentiation.SparseGradientTest" time="0"/>
  <testcase name="testSin" classname="org.apache.commons.math3.analysis.differentiation.SparseGradientTest" time="0"/>
  <testcase name="testTan" classname="org.apache.commons.math3.analysis.differentiation.SparseGradientTest" time="0"/>
  <testcase name="testAcosh" classname="org.apache.commons.math3.analysis.differentiation.SparseGradientTest" time="0"/>
  <testcase name="testAsinh" classname="org.apache.commons.math3.analysis.differentiation.SparseGradientTest" time="0"/>
  <testcase name="testAtanh" classname="org.apache.commons.math3.analysis.differentiation.SparseGradientTest" time="0"/>
  <testcase name="testExpm1" classname="org.apache.commons.math3.analysis.differentiation.SparseGradientTest" time="0"/>
  <testcase name="testFloor" classname="org.apache.commons.math3.analysis.differentiation.SparseGradientTest" time="0"/>
  <testcase name="testHypot" classname="org.apache.commons.math3.analysis.differentiation.SparseGradientTest" time="0.002"/>
  <testcase name="testLog1p" classname="org.apache.commons.math3.analysis.differentiation.SparseGradientTest" time="0"/>
  <testcase name="testRootN" classname="org.apache.commons.math3.analysis.differentiation.SparseGradientTest" time="0"/>
  <testcase name="testRound" classname="org.apache.commons.math3.analysis.differentiation.SparseGradientTest" time="0"/>
  <testcase name="testScalb" classname="org.apache.commons.math3.analysis.differentiation.SparseGradientTest" time="0.004"/>
  <testcase name="testAcos" classname="org.apache.commons.math3.analysis.differentiation.SparseGradientTest" time="0"/>
  <testcase name="testAsin" classname="org.apache.commons.math3.analysis.differentiation.SparseGradientTest" time="0"/>
  <testcase name="testAtan" classname="org.apache.commons.math3.analysis.differentiation.SparseGradientTest" time="0"/>
  <testcase name="testCbrt" classname="org.apache.commons.math3.analysis.differentiation.SparseGradientTest" time="0"/>
  <testcase name="testCeil" classname="org.apache.commons.math3.analysis.differentiation.SparseGradientTest" time="0"/>
  <testcase name="testCosh" classname="org.apache.commons.math3.analysis.differentiation.SparseGradientTest" time="0"/>
  <testcase name="testHash" classname="org.apache.commons.math3.analysis.differentiation.SparseGradientTest" time="0.001"/>
  <testcase name="testRint" classname="org.apache.commons.math3.analysis.differentiation.SparseGradientTest" time="0"/>
  <testcase name="testSinh" classname="org.apache.commons.math3.analysis.differentiation.SparseGradientTest" time="0"/>
  <testcase name="testSqrt" classname="org.apache.commons.math3.analysis.differentiation.SparseGradientTest" time="0"/>
  <testcase name="testTanh" classname="org.apache.commons.math3.analysis.differentiation.SparseGradientTest" time="0"/>
  <testcase name="testAddField" classname="org.apache.commons.math3.analysis.differentiation.SparseGradientTest" time="0"/>
  <testcase name="testMultiplyDouble" classname="org.apache.commons.math3.analysis.differentiation.SparseGradientTest" time="0.001"/>
  <testcase name="testMultiplyInt" classname="org.apache.commons.math3.analysis.differentiation.SparseGradientTest" time="0"/>
  <testcase name="testLinearCombinationDaFa" classname="org.apache.commons.math3.analysis.differentiation.SparseGradientTest" time="0.001"/>
  <testcase name="testLinearCombinationFaFa" classname="org.apache.commons.math3.analysis.differentiation.SparseGradientTest" time="0"/>
  <testcase name="testAddDouble" classname="org.apache.commons.math3.analysis.differentiation.SparseGradientTest" time="0.001"/>
  <testcase name="testPowDouble" classname="org.apache.commons.math3.analysis.differentiation.SparseGradientTest" time="0"/>
  <testcase name="testSubtractDouble" classname="org.apache.commons.math3.analysis.differentiation.SparseGradientTest" time="0.001"/>
  <testcase name="testRemainderField" classname="org.apache.commons.math3.analysis.differentiation.SparseGradientTest" time="0.001"/>
  <testcase name="testCopySignDouble" classname="org.apache.commons.math3.analysis.differentiation.SparseGradientTest" time="0.001"/>
  <testcase name="testLinearCombinationDF2" classname="org.apache.commons.math3.analysis.differentiation.SparseGradientTest" time="0"/>
  <testcase name="testLinearCombinationDF3" classname="org.apache.commons.math3.analysis.differentiation.SparseGradientTest" time="0"/>
  <testcase name="testLinearCombinationDF4" classname="org.apache.commons.math3.analysis.differentiation.SparseGradientTest" time="0"/>
  <testcase name="testLinearCombinationFF2" classname="org.apache.commons.math3.analysis.differentiation.SparseGradientTest" time="0"/>
  <testcase name="testLinearCombinationFF3" classname="org.apache.commons.math3.analysis.differentiation.SparseGradientTest" time="0.001"/>
  <testcase name="testLinearCombinationFF4" classname="org.apache.commons.math3.analysis.differentiation.SparseGradientTest" time="0"/>
  <testcase name="testEquals" classname="org.apache.commons.math3.analysis.differentiation.SparseGradientTest" time="0"/>
  <testcase name="testCopySignField" classname="org.apache.commons.math3.analysis.differentiation.SparseGradientTest" time="0.001"/>
  <testcase name="testPowField" classname="org.apache.commons.math3.analysis.differentiation.SparseGradientTest" time="0"/>
  <testcase name="testPowInt" classname="org.apache.commons.math3.analysis.differentiation.SparseGradientTest" time="0.001"/>
  <testcase name="testMultiplyField" classname="org.apache.commons.math3.analysis.differentiation.SparseGradientTest" time="0"/>
  <testcase name="testSubtractField" classname="org.apache.commons.math3.analysis.differentiation.SparseGradientTest" time="0.001"/>
</testsuite>