<?xml version="1.0" encoding="UTF-8"?>
<testsuite xmlns:xsi="http://www.w3.org/2001/XMLSchema-instance" xsi:noNamespaceSchemaLocation="https://maven.apache.org/surefire/maven-surefire-plugin/xsd/surefire-test-report-3.0.xsd" version="3.0" name="org.apache.commons.lang3.time.FastDateParserSDFTest" time="0.059" tests="276" errors="0" skipped="0" failures="0">
  <properties>
    <property name="awt.toolkit" value="sun.awt.X11.XToolkit"/>
    <property name="maven.test.error.ignore" value="true"/>
    <property name="file.encoding.pkg" value="sun.io"/>
    <property name="java.specification.version" value="1.8"/>
    <property name="sun.cpu.isalist" value=""/>
    <property name="sun.jnu.encoding" value="UTF-8"/>
    <property name="java.class.path" value="/tmp/tmpten4yovi/commons-lang/target/test-classes:/tmp/tmpten4yovi/commons-lang/target/classes:/home/jdbl/.m2/repository/org/junit/jupiter/junit-jupiter/5.4.0/junit-jupiter-5.4.0.jar:/home/jdbl/.m2/repository/org/junit/jupiter/junit-jupiter-api/5.4.0/junit-jupiter-api-5.4.0.jar:/home/jdbl/.m2/repository/org/apiguardian/apiguardian-api/1.0.0/apiguardian-api-1.0.0.jar:/home/jdbl/.m2/repository/org/opentest4j/opentest4j/1.1.1/opentest4j-1.1.1.jar:/home/jdbl/.m2/repository/org/junit/platform/junit-platform-commons/1.4.0/junit-platform-commons-1.4.0.jar:/home/jdbl/.m2/repository/org/junit/jupiter/junit-jupiter-params/5.4.0/junit-jupiter-params-5.4.0.jar:/home/jdbl/.m2/repository/org/junit/jupiter/junit-jupiter-engine/5.4.0/junit-jupiter-engine-5.4.0.jar:/home/jdbl/.m2/repository/org/junit/platform/junit-platform-engine/1.4.0/junit-platform-engine-1.4.0.jar:/home/jdbl/.m2/repository/org/junit-pioneer/junit-pioneer/0.3.0/junit-pioneer-0.3.0.jar:/home/jdbl/.m2/repository/org/hamcrest/hamcrest/2.1/hamcrest-2.1.jar:/home/jdbl/.m2/repository/org/easymock/easymock/4.0.2/easymock-4.0.2.jar:/home/jdbl/.m2/repository/org/objenesis/objenesis/3.0.1/objenesis-3.0.1.jar:/home/jdbl/.m2/repository/org/openjdk/jmh/jmh-core/1.21/jmh-core-1.21.jar:/home/jdbl/.m2/repository/net/sf/jopt-simple/jopt-simple/4.6/jopt-simple-4.6.jar:/home/jdbl/.m2/repository/org/apache/commons/commons-math3/3.2/commons-math3-3.2.jar:/home/jdbl/.m2/repository/org/openjdk/jmh/jmh-generator-annprocess/1.21/jmh-generator-annprocess-1.21.jar:"/>
    <property name="java.vm.vendor" value="Oracle Corporation"/>
    <property name="maven.javadoc.skip" value="true"/>
    <property name="sun.arch.data.model" value="64"/>
    <property name="java.vendor.url" value="http://java.oracle.com/"/>
    <property name="user.timezone" value=""/>
    <property name="java.vm.specification.version" value="1.8"/>
    <property name="os.name" value="Linux"/>
    <property name="rat.skip" value="true"/>
    <property name="sun.java.launcher" value="SUN_STANDARD"/>
    <property name="sun.boot.library.path" value="/usr/local/openjdk-8/jre/lib/amd64"/>
    <property name="sun.java.command" value="/tmp/tmpten4yovi/commons-lang/target/surefire/surefirebooter4787139733667255984.jar /tmp/tmpten4yovi/commons-lang/target/surefire 2020-07-30T16-22-06_072-jvmRun1 surefire7503121307497760333tmp surefire_07447103984973603193tmp"/>
    <property name="surefire.test.class.path" value="/tmp/tmpten4yovi/commons-lang/target/test-classes:/tmp/tmpten4yovi/commons-lang/target/classes:/home/jdbl/.m2/repository/org/junit/jupiter/junit-jupiter/5.4.0/junit-jupiter-5.4.0.jar:/home/jdbl/.m2/repository/org/junit/jupiter/junit-jupiter-api/5.4.0/junit-jupiter-api-5.4.0.jar:/home/jdbl/.m2/repository/org/apiguardian/apiguardian-api/1.0.0/apiguardian-api-1.0.0.jar:/home/jdbl/.m2/repository/org/opentest4j/opentest4j/1.1.1/opentest4j-1.1.1.jar:/home/jdbl/.m2/repository/org/junit/platform/junit-platform-commons/1.4.0/junit-platform-commons-1.4.0.jar:/home/jdbl/.m2/repository/org/junit/jupiter/junit-jupiter-params/5.4.0/junit-jupiter-params-5.4.0.jar:/home/jdbl/.m2/repository/org/junit/jupiter/junit-jupiter-engine/5.4.0/junit-jupiter-engine-5.4.0.jar:/home/jdbl/.m2/repository/org/junit/platform/junit-platform-engine/1.4.0/junit-platform-engine-1.4.0.jar:/home/jdbl/.m2/repository/org/junit-pioneer/junit-pioneer/0.3.0/junit-pioneer-0.3.0.jar:/home/jdbl/.m2/repository/org/hamcrest/hamcrest/2.1/hamcrest-2.1.jar:/home/jdbl/.m2/repository/org/easymock/easymock/4.0.2/easymock-4.0.2.jar:/home/jdbl/.m2/repository/org/objenesis/objenesis/3.0.1/objenesis-3.0.1.jar:/home/jdbl/.m2/repository/org/openjdk/jmh/jmh-core/1.21/jmh-core-1.21.jar:/home/jdbl/.m2/repository/net/sf/jopt-simple/jopt-simple/4.6/jopt-simple-4.6.jar:/home/jdbl/.m2/repository/org/apache/commons/commons-math3/3.2/commons-math3-3.2.jar:/home/jdbl/.m2/repository/org/openjdk/jmh/jmh-generator-annprocess/1.21/jmh-generator-annprocess-1.21.jar:"/>
    <property name="sun.cpu.endian" value="little"/>
    <property name="user.home" value="/home/jdbl"/>
    <property name="user.language" value="en"/>
    <property name="java.specification.vendor" value="Oracle Corporation"/>
    <property name="java.home" value="/usr/local/openjdk-8/jre"/>
    <property name="basedir" value="/tmp/tmpten4yovi/commons-lang"/>
    <property name="file.separator" value="/"/>
    <property name="line.separator" value="&#10;"/>
    <property name="source.skip" value="true"/>
    <property name="java.vm.specification.vendor" value="Oracle Corporation"/>
    <property name="java.specification.name" value="Java Platform API Specification"/>
    <property name="java.awt.graphicsenv" value="sun.awt.X11GraphicsEnvironment"/>
    <property name="surefire.real.class.path" value="/tmp/tmpten4yovi/commons-lang/target/surefire/surefirebooter4787139733667255984.jar:/home/jdbl/.m2/repository/org/jacoco/org.jacoco.agent/0.8.3/org.jacoco.agent-0.8.3-runtime.jar"/>
    <property name="sun.boot.class.path" value="/usr/local/openjdk-8/jre/lib/resources.jar:/usr/local/openjdk-8/jre/lib/rt.jar:/usr/local/openjdk-8/jre/lib/sunrsasign.jar:/usr/local/openjdk-8/jre/lib/jsse.jar:/usr/local/openjdk-8/jre/lib/jce.jar:/usr/local/openjdk-8/jre/lib/charsets.jar:/usr/local/openjdk-8/jre/lib/jfr.jar:/usr/local/openjdk-8/jre/classes"/>
    <property name="sun.management.compiler" value="HotSpot 64-Bit Tiered Compilers"/>
    <property name="java.runtime.version" value="1.8.0_262-b10"/>
    <property name="user.name" value="jdbl"/>
    <property name="path.separator" value=":"/>
    <property name="os.version" value="4.15.0-109-generic"/>
    <property name="java.endorsed.dirs" value="/usr/local/openjdk-8/jre/lib/endorsed"/>
    <property name="java.runtime.name" value="OpenJDK Runtime Environment"/>
    <property name="file.encoding" value="UTF-8"/>
    <property name="java.vm.name" value="OpenJDK 64-Bit Server VM"/>
    <property name="localRepository" value="/home/jdbl/.m2/repository"/>
    <property name="java.vendor.url.bug" value="http://bugreport.sun.com/bugreport/"/>
    <property name="java.io.tmpdir" value="/tmp"/>
    <property name="java.version" value="1.8.0_262"/>
    <property name="user.dir" value="/tmp/tmpten4yovi/commons-lang"/>
    <property name="os.arch" value="amd64"/>
    <property name="license.skip" value="true"/>
    <property name="animal.sniffer.skip" value="true"/>
    <property name="java.vm.specification.name" value="Java Virtual Machine Specification"/>
    <property name="java.awt.printerjob" value="sun.print.PSPrinterJob"/>
    <property name="sun.os.patch.level" value="unknown"/>
    <property name="java.library.path" value="/usr/java/packages/lib/amd64:/usr/lib64:/lib64:/lib:/usr/lib"/>
    <property name="java.vm.info" value="mixed mode"/>
    <property name="java.vendor" value="Oracle Corporation"/>
    <property name="java.vm.version" value="25.262-b10"/>
    <property name="java.ext.dirs" value="/usr/local/openjdk-8/jre/lib/ext:/usr/java/packages/lib/ext"/>
    <property name="sun.io.unicode.encoding" value="UnicodeLittle"/>
    <property name="java.class.version" value="52.0"/>
    <property name="maven.test.failure.ignore" value="true"/>
  </properties>
  <testcase name="testLowerCasePP{String, String, Locale, boolean}[1]" classname="org.apache.commons.lang3.time.FastDateParserSDFTest" time="0"/>
  <testcase name="testLowerCasePP{String, String, Locale, boolean}[2]" classname="org.apache.commons.lang3.time.FastDateParserSDFTest" time="0"/>
  <testcase name="testLowerCasePP{String, String, Locale, boolean}[3]" classname="org.apache.commons.lang3.time.FastDateParserSDFTest" time="0"/>
  <testcase name="testLowerCasePP{String, String, Locale, boolean}[4]" classname="org.apache.commons.lang3.time.FastDateParserSDFTest" time="0"/>
  <testcase name="testLowerCasePP{String, String, Locale, boolean}[5]" classname="org.apache.commons.lang3.time.FastDateParserSDFTest" time="0"/>
  <testcase name="testLowerCasePP{String, String, Locale, boolean}[6]" classname="org.apache.commons.lang3.time.FastDateParserSDFTest" time="0"/>
  <testcase name="testLowerCasePP{String, String, Locale, boolean}[7]" classname="org.apache.commons.lang3.time.FastDateParserSDFTest" time="0"/>
  <testcase name="testLowerCasePP{String, String, Locale, boolean}[8]" classname="org.apache.commons.lang3.time.FastDateParserSDFTest" time="0"/>
  <testcase name="testLowerCasePP{String, String, Locale, boolean}[9]" classname="org.apache.commons.lang3.time.FastDateParserSDFTest" time="0"/>
  <testcase name="testLowerCasePP{String, String, Locale, boolean}[10]" classname="org.apache.commons.lang3.time.FastDateParserSDFTest" time="0"/>
  <testcase name="testLowerCasePP{String, String, Locale, boolean}[11]" classname="org.apache.commons.lang3.time.FastDateParserSDFTest" time="0"/>
  <testcase name="testLowerCasePP{String, String, Locale, boolean}[12]" classname="org.apache.commons.lang3.time.FastDateParserSDFTest" time="0.001"/>
  <testcase name="testLowerCasePP{String, String, Locale, boolean}[13]" classname="org.apache.commons.lang3.time.FastDateParserSDFTest" time="0"/>
  <testcase name="testLowerCasePP{String, String, Locale, boolean}[14]" classname="org.apache.commons.lang3.time.FastDateParserSDFTest" time="0"/>
  <testcase name="testLowerCasePP{String, String, Locale, boolean}[15]" classname="org.apache.commons.lang3.time.FastDateParserSDFTest" time="0"/>
  <testcase name="testLowerCasePP{String, String, Locale, boolean}[16]" classname="org.apache.commons.lang3.time.FastDateParserSDFTest" time="0"/>
  <testcase name="testLowerCasePP{String, String, Locale, boolean}[17]" classname="org.apache.commons.lang3.time.FastDateParserSDFTest" time="0"/>
  <testcase name="testLowerCasePP{String, String, Locale, boolean}[18]" classname="org.apache.commons.lang3.time.FastDateParserSDFTest" time="0"/>
  <testcase name="testLowerCasePP{String, String, Locale, boolean}[19]" classname="org.apache.commons.lang3.time.FastDateParserSDFTest" time="0.001"/>
  <testcase name="testLowerCasePP{String, String, Locale, boolean}[20]" classname="org.apache.commons.lang3.time.FastDateParserSDFTest" time="0"/>
  <testcase name="testLowerCasePP{String, String, Locale, boolean}[21]" classname="org.apache.commons.lang3.time.FastDateParserSDFTest" time="0"/>
  <testcase name="testLowerCasePP{String, String, Locale, boolean}[22]" classname="org.apache.commons.lang3.time.FastDateParserSDFTest" time="0"/>
  <testcase name="testLowerCasePP{String, String, Locale, boolean}[23]" classname="org.apache.commons.lang3.time.FastDateParserSDFTest" time="0"/>
  <testcase name="testLowerCasePP{String, String, Locale, boolean}[24]" classname="org.apache.commons.lang3.time.FastDateParserSDFTest" time="0"/>
  <testcase name="testLowerCasePP{String, String, Locale, boolean}[25]" classname="org.apache.commons.lang3.time.FastDateParserSDFTest" time="0"/>
  <testcase name="testLowerCasePP{String, String, Locale, boolean}[26]" classname="org.apache.commons.lang3.time.FastDateParserSDFTest" time="0"/>
  <testcase name="testLowerCasePP{String, String, Locale, boolean}[27]" classname="org.apache.commons.lang3.time.FastDateParserSDFTest" time="0"/>
  <testcase name="testLowerCasePP{String, String, Locale, boolean}[28]" classname="org.apache.commons.lang3.time.FastDateParserSDFTest" time="0"/>
  <testcase name="testLowerCasePP{String, String, Locale, boolean}[29]" classname="org.apache.commons.lang3.time.FastDateParserSDFTest" time="0"/>
  <testcase name="testLowerCasePP{String, String, Locale, boolean}[30]" classname="org.apache.commons.lang3.time.FastDateParserSDFTest" time="0"/>
  <testcase name="testLowerCasePP{String, String, Locale, boolean}[31]" classname="org.apache.commons.lang3.time.FastDateParserSDFTest" time="0"/>
  <testcase name="testLowerCasePP{String, String, Locale, boolean}[32]" classname="org.apache.commons.lang3.time.FastDateParserSDFTest" time="0"/>
  <testcase name="testLowerCasePP{String, String, Locale, boolean}[33]" classname="org.apache.commons.lang3.time.FastDateParserSDFTest" time="0"/>
  <testcase name="testLowerCasePP{String, String, Locale, boolean}[34]" classname="org.apache.commons.lang3.time.FastDateParserSDFTest" time="0"/>
  <testcase name="testLowerCasePP{String, String, Locale, boolean}[35]" classname="org.apache.commons.lang3.time.FastDateParserSDFTest" time="0"/>
  <testcase name="testLowerCasePP{String, String, Locale, boolean}[36]" classname="org.apache.commons.lang3.time.FastDateParserSDFTest" time="0"/>
  <testcase name="testLowerCasePP{String, String, Locale, boolean}[37]" classname="org.apache.commons.lang3.time.FastDateParserSDFTest" time="0"/>
  <testcase name="testLowerCasePP{String, String, Locale, boolean}[38]" classname="org.apache.commons.lang3.time.FastDateParserSDFTest" time="0"/>
  <testcase name="testLowerCasePP{String, String, Locale, boolean}[39]" classname="org.apache.commons.lang3.time.FastDateParserSDFTest" time="0"/>
  <testcase name="testLowerCasePP{String, String, Locale, boolean}[40]" classname="org.apache.commons.lang3.time.FastDateParserSDFTest" time="0"/>
  <testcase name="testLowerCasePP{String, String, Locale, boolean}[41]" classname="org.apache.commons.lang3.time.FastDateParserSDFTest" time="0"/>
  <testcase name="testLowerCasePP{String, String, Locale, boolean}[42]" classname="org.apache.commons.lang3.time.FastDateParserSDFTest" time="0"/>
  <testcase name="testLowerCasePP{String, String, Locale, boolean}[43]" classname="org.apache.commons.lang3.time.FastDateParserSDFTest" time="0"/>
  <testcase name="testLowerCasePP{String, String, Locale, boolean}[44]" classname="org.apache.commons.lang3.time.FastDateParserSDFTest" time="0"/>
  <testcase name="testLowerCasePP{String, String, Locale, boolean}[45]" classname="org.apache.commons.lang3.time.FastDateParserSDFTest" time="0"/>
  <testcase name="testLowerCasePP{String, String, Locale, boolean}[46]" classname="org.apache.commons.lang3.time.FastDateParserSDFTest" time="0"/>
  <testcase name="testUpperCasePP{String, String, Locale, boolean}[1]" classname="org.apache.commons.lang3.time.FastDateParserSDFTest" time="0"/>
  <testcase name="testUpperCasePP{String, String, Locale, boolean}[2]" classname="org.apache.commons.lang3.time.FastDateParserSDFTest" time="0"/>
  <testcase name="testUpperCasePP{String, String, Locale, boolean}[3]" classname="org.apache.commons.lang3.time.FastDateParserSDFTest" time="0"/>
  <testcase name="testUpperCasePP{String, String, Locale, boolean}[4]" classname="org.apache.commons.lang3.time.FastDateParserSDFTest" time="0"/>
  <testcase name="testUpperCasePP{String, String, Locale, boolean}[5]" classname="org.apache.commons.lang3.time.FastDateParserSDFTest" time="0"/>
  <testcase name="testUpperCasePP{String, String, Locale, boolean}[6]" classname="org.apache.commons.lang3.time.FastDateParserSDFTest" time="0"/>
  <testcase name="testUpperCasePP{String, String, Locale, boolean}[7]" classname="org.apache.commons.lang3.time.FastDateParserSDFTest" time="0"/>
  <testcase name="testUpperCasePP{String, String, Locale, boolean}[8]" classname="org.apache.commons.lang3.time.FastDateParserSDFTest" time="0"/>
  <testcase name="testUpperCasePP{String, String, Locale, boolean}[9]" classname="org.apache.commons.lang3.time.FastDateParserSDFTest" time="0"/>
  <testcase name="testUpperCasePP{String, String, Locale, boolean}[10]" classname="org.apache.commons.lang3.time.FastDateParserSDFTest" time="0"/>
  <testcase name="testUpperCasePP{String, String, Locale, boolean}[11]" classname="org.apache.commons.lang3.time.FastDateParserSDFTest" time="0"/>
  <testcase name="testUpperCasePP{String, String, Locale, boolean}[12]" classname="org.apache.commons.lang3.time.FastDateParserSDFTest" time="0"/>
  <testcase name="testUpperCasePP{String, String, Locale, boolean}[13]" classname="org.apache.commons.lang3.time.FastDateParserSDFTest" time="0"/>
  <testcase name="testUpperCasePP{String, String, Locale, boolean}[14]" classname="org.apache.commons.lang3.time.FastDateParserSDFTest" time="0"/>
  <testcase name="testUpperCasePP{String, String, Locale, boolean}[15]" classname="org.apache.commons.lang3.time.FastDateParserSDFTest" time="0"/>
  <testcase name="testUpperCasePP{String, String, Locale, boolean}[16]" classname="org.apache.commons.lang3.time.FastDateParserSDFTest" time="0"/>
  <testcase name="testUpperCasePP{String, String, Locale, boolean}[17]" classname="org.apache.commons.lang3.time.FastDateParserSDFTest" time="0"/>
  <testcase name="testUpperCasePP{String, String, Locale, boolean}[18]" classname="org.apache.commons.lang3.time.FastDateParserSDFTest" time="0"/>
  <testcase name="testUpperCasePP{String, String, Locale, boolean}[19]" classname="org.apache.commons.lang3.time.FastDateParserSDFTest" time="0"/>
  <testcase name="testUpperCasePP{String, String, Locale, boolean}[20]" classname="org.apache.commons.lang3.time.FastDateParserSDFTest" time="0"/>
  <testcase name="testUpperCasePP{String, String, Locale, boolean}[21]" classname="org.apache.commons.lang3.time.FastDateParserSDFTest" time="0"/>
  <testcase name="testUpperCasePP{String, String, Locale, boolean}[22]" classname="org.apache.commons.lang3.time.FastDateParserSDFTest" time="0"/>
  <testcase name="testUpperCasePP{String, String, Locale, boolean}[23]" classname="org.apache.commons.lang3.time.FastDateParserSDFTest" time="0"/>
  <testcase name="testUpperCasePP{String, String, Locale, boolean}[24]" classname="org.apache.commons.lang3.time.FastDateParserSDFTest" time="0"/>
  <testcase name="testUpperCasePP{String, String, Locale, boolean}[25]" classname="org.apache.commons.lang3.time.FastDateParserSDFTest" time="0"/>
  <testcase name="testUpperCasePP{String, String, Locale, boolean}[26]" classname="org.apache.commons.lang3.time.FastDateParserSDFTest" time="0"/>
  <testcase name="testUpperCasePP{String, String, Locale, boolean}[27]" classname="org.apache.commons.lang3.time.FastDateParserSDFTest" time="0"/>
  <testcase name="testUpperCasePP{String, String, Locale, boolean}[28]" classname="org.apache.commons.lang3.time.FastDateParserSDFTest" time="0"/>
  <testcase name="testUpperCasePP{String, String, Locale, boolean}[29]" classname="org.apache.commons.lang3.time.FastDateParserSDFTest" time="0"/>
  <testcase name="testUpperCasePP{String, String, Locale, boolean}[30]" classname="org.apache.commons.lang3.time.FastDateParserSDFTest" time="0"/>
  <testcase name="testUpperCasePP{String, String, Locale, boolean}[31]" classname="org.apache.commons.lang3.time.FastDateParserSDFTest" time="0"/>
  <testcase name="testUpperCasePP{String, String, Locale, boolean}[32]" classname="org.apache.commons.lang3.time.FastDateParserSDFTest" time="0.001"/>
  <testcase name="testUpperCasePP{String, String, Locale, boolean}[33]" classname="org.apache.commons.lang3.time.FastDateParserSDFTest" time="0"/>
  <testcase name="testUpperCasePP{String, String, Locale, boolean}[34]" classname="org.apache.commons.lang3.time.FastDateParserSDFTest" time="0"/>
  <testcase name="testUpperCasePP{String, String, Locale, boolean}[35]" classname="org.apache.commons.lang3.time.FastDateParserSDFTest" time="0"/>
  <testcase name="testUpperCasePP{String, String, Locale, boolean}[36]" classname="org.apache.commons.lang3.time.FastDateParserSDFTest" time="0"/>
  <testcase name="testUpperCasePP{String, String, Locale, boolean}[37]" classname="org.apache.commons.lang3.time.FastDateParserSDFTest" time="0"/>
  <testcase name="testUpperCasePP{String, String, Locale, boolean}[38]" classname="org.apache.commons.lang3.time.FastDateParserSDFTest" time="0"/>
  <testcase name="testUpperCasePP{String, String, Locale, boolean}[39]" classname="org.apache.commons.lang3.time.FastDateParserSDFTest" time="0"/>
  <testcase name="testUpperCasePP{String, String, Locale, boolean}[40]" classname="org.apache.commons.lang3.time.FastDateParserSDFTest" time="0"/>
  <testcase name="testUpperCasePP{String, String, Locale, boolean}[41]" classname="org.apache.commons.lang3.time.FastDateParserSDFTest" time="0"/>
  <testcase name="testUpperCasePP{String, String, Locale, boolean}[42]" classname="org.apache.commons.lang3.time.FastDateParserSDFTest" time="0"/>
  <testcase name="testUpperCasePP{String, String, Locale, boolean}[43]" classname="org.apache.commons.lang3.time.FastDateParserSDFTest" time="0"/>
  <testcase name="testUpperCasePP{String, String, Locale, boolean}[44]" classname="org.apache.commons.lang3.time.FastDateParserSDFTest" time="0"/>
  <testcase name="testUpperCasePP{String, String, Locale, boolean}[45]" classname="org.apache.commons.lang3.time.FastDateParserSDFTest" time="0"/>
  <testcase name="testUpperCasePP{String, String, Locale, boolean}[46]" classname="org.apache.commons.lang3.time.FastDateParserSDFTest" time="0"/>
  <testcase name="testLowerCase{String, String, Locale, boolean}[1]" classname="org.apache.commons.lang3.time.FastDateParserSDFTest" time="0"/>
  <testcase name="testLowerCase{String, String, Locale, boolean}[2]" classname="org.apache.commons.lang3.time.FastDateParserSDFTest" time="0"/>
  <testcase name="testLowerCase{String, String, Locale, boolean}[3]" classname="org.apache.commons.lang3.time.FastDateParserSDFTest" time="0"/>
  <testcase name="testLowerCase{String, String, Locale, boolean}[4]" classname="org.apache.commons.lang3.time.FastDateParserSDFTest" time="0"/>
  <testcase name="testLowerCase{String, String, Locale, boolean}[5]" classname="org.apache.commons.lang3.time.FastDateParserSDFTest" time="0"/>
  <testcase name="testLowerCase{String, String, Locale, boolean}[6]" classname="org.apache.commons.lang3.time.FastDateParserSDFTest" time="0"/>
  <testcase name="testLowerCase{String, String, Locale, boolean}[7]" classname="org.apache.commons.lang3.time.FastDateParserSDFTest" time="0"/>
  <testcase name="testLowerCase{String, String, Locale, boolean}[8]" classname="org.apache.commons.lang3.time.FastDateParserSDFTest" time="0.001"/>
  <testcase name="testLowerCase{String, String, Locale, boolean}[9]" classname="org.apache.commons.lang3.time.FastDateParserSDFTest" time="0"/>
  <testcase name="testLowerCase{String, String, Locale, boolean}[10]" classname="org.apache.commons.lang3.time.FastDateParserSDFTest" time="0"/>
  <testcase name="testLowerCase{String, String, Locale, boolean}[11]" classname="org.apache.commons.lang3.time.FastDateParserSDFTest" time="0"/>
  <testcase name="testLowerCase{String, String, Locale, boolean}[12]" classname="org.apache.commons.lang3.time.FastDateParserSDFTest" time="0"/>
  <testcase name="testLowerCase{String, String, Locale, boolean}[13]" classname="org.apache.commons.lang3.time.FastDateParserSDFTest" time="0"/>
  <testcase name="testLowerCase{String, String, Locale, boolean}[14]" classname="org.apache.commons.lang3.time.FastDateParserSDFTest" time="0"/>
  <testcase name="testLowerCase{String, String, Locale, boolean}[15]" classname="org.apache.commons.lang3.time.FastDateParserSDFTest" time="0"/>
  <testcase name="testLowerCase{String, String, Locale, boolean}[16]" classname="org.apache.commons.lang3.time.FastDateParserSDFTest" time="0.001"/>
  <testcase name="testLowerCase{String, String, Locale, boolean}[17]" classname="org.apache.commons.lang3.time.FastDateParserSDFTest" time="0"/>
  <testcase name="testLowerCase{String, String, Locale, boolean}[18]" classname="org.apache.commons.lang3.time.FastDateParserSDFTest" time="0"/>
  <testcase name="testLowerCase{String, String, Locale, boolean}[19]" classname="org.apache.commons.lang3.time.FastDateParserSDFTest" time="0"/>
  <testcase name="testLowerCase{String, String, Locale, boolean}[20]" classname="org.apache.commons.lang3.time.FastDateParserSDFTest" time="0"/>
  <testcase name="testLowerCase{String, String, Locale, boolean}[21]" classname="org.apache.commons.lang3.time.FastDateParserSDFTest" time="0"/>
  <testcase name="testLowerCase{String, String, Locale, boolean}[22]" classname="org.apache.commons.lang3.time.FastDateParserSDFTest" time="0"/>
  <testcase name="testLowerCase{String, String, Locale, boolean}[23]" classname="org.apache.commons.lang3.time.FastDateParserSDFTest" time="0"/>
  <testcase name="testLowerCase{String, String, Locale, boolean}[24]" classname="org.apache.commons.lang3.time.FastDateParserSDFTest" time="0"/>
  <testcase name="testLowerCase{String, String, Locale, boolean}[25]" classname="org.apache.commons.lang3.time.FastDateParserSDFTest" time="0"/>
  <testcase name="testLowerCase{String, String, Locale, boolean}[26]" classname="org.apache.commons.lang3.time.FastDateParserSDFTest" time="0.001"/>
  <testcase name="testLowerCase{String, String, Locale, boolean}[27]" classname="org.apache.commons.lang3.time.FastDateParserSDFTest" time="0"/>
  <testcase name="testLowerCase{String, String, Locale, boolean}[28]" classname="org.apache.commons.lang3.time.FastDateParserSDFTest" time="0"/>
  <testcase name="testLowerCase{String, String, Locale, boolean}[29]" classname="org.apache.commons.lang3.time.FastDateParserSDFTest" time="0"/>
  <testcase name="testLowerCase{String, String, Locale, boolean}[30]" classname="org.apache.commons.lang3.time.FastDateParserSDFTest" time="0"/>
  <testcase name="testLowerCase{String, String, Locale, boolean}[31]" classname="org.apache.commons.lang3.time.FastDateParserSDFTest" time="0.001"/>
  <testcase name="testLowerCase{String, String, Locale, boolean}[32]" classname="org.apache.commons.lang3.time.FastDateParserSDFTest" time="0"/>
  <testcase name="testLowerCase{String, String, Locale, boolean}[33]" classname="org.apache.commons.lang3.time.FastDateParserSDFTest" time="0"/>
  <testcase name="testLowerCase{String, String, Locale, boolean}[34]" classname="org.apache.commons.lang3.time.FastDateParserSDFTest" time="0"/>
  <testcase name="testLowerCase{String, String, Locale, boolean}[35]" classname="org.apache.commons.lang3.time.FastDateParserSDFTest" time="0"/>
  <testcase name="testLowerCase{String, String, Locale, boolean}[36]" classname="org.apache.commons.lang3.time.FastDateParserSDFTest" time="0"/>
  <testcase name="testLowerCase{String, String, Locale, boolean}[37]" classname="org.apache.commons.lang3.time.FastDateParserSDFTest" time="0"/>
  <testcase name="testLowerCase{String, String, Locale, boolean}[38]" classname="org.apache.commons.lang3.time.FastDateParserSDFTest" time="0"/>
  <testcase name="testLowerCase{String, String, Locale, boolean}[39]" classname="org.apache.commons.lang3.time.FastDateParserSDFTest" time="0"/>
  <testcase name="testLowerCase{String, String, Locale, boolean}[40]" classname="org.apache.commons.lang3.time.FastDateParserSDFTest" time="0"/>
  <testcase name="testLowerCase{String, String, Locale, boolean}[41]" classname="org.apache.commons.lang3.time.FastDateParserSDFTest" time="0"/>
  <testcase name="testLowerCase{String, String, Locale, boolean}[42]" classname="org.apache.commons.lang3.time.FastDateParserSDFTest" time="0"/>
  <testcase name="testLowerCase{String, String, Locale, boolean}[43]" classname="org.apache.commons.lang3.time.FastDateParserSDFTest" time="0"/>
  <testcase name="testLowerCase{String, String, Locale, boolean}[44]" classname="org.apache.commons.lang3.time.FastDateParserSDFTest" time="0"/>
  <testcase name="testLowerCase{String, String, Locale, boolean}[45]" classname="org.apache.commons.lang3.time.FastDateParserSDFTest" time="0"/>
  <testcase name="testLowerCase{String, String, Locale, boolean}[46]" classname="org.apache.commons.lang3.time.FastDateParserSDFTest" time="0"/>
  <testcase name="testUpperCase{String, String, Locale, boolean}[1]" classname="org.apache.commons.lang3.time.FastDateParserSDFTest" time="0"/>
  <testcase name="testUpperCase{String, String, Locale, boolean}[2]" classname="org.apache.commons.lang3.time.FastDateParserSDFTest" time="0"/>
  <testcase name="testUpperCase{String, String, Locale, boolean}[3]" classname="org.apache.commons.lang3.time.FastDateParserSDFTest" time="0.001"/>
  <testcase name="testUpperCase{String, String, Locale, boolean}[4]" classname="org.apache.commons.lang3.time.FastDateParserSDFTest" time="0"/>
  <testcase name="testUpperCase{String, String, Locale, boolean}[5]" classname="org.apache.commons.lang3.time.FastDateParserSDFTest" time="0"/>
  <testcase name="testUpperCase{String, String, Locale, boolean}[6]" classname="org.apache.commons.lang3.time.FastDateParserSDFTest" time="0"/>
  <testcase name="testUpperCase{String, String, Locale, boolean}[7]" classname="org.apache.commons.lang3.time.FastDateParserSDFTest" time="0"/>
  <testcase name="testUpperCase{String, String, Locale, boolean}[8]" classname="org.apache.commons.lang3.time.FastDateParserSDFTest" time="0"/>
  <testcase name="testUpperCase{String, String, Locale, boolean}[9]" classname="org.apache.commons.lang3.time.FastDateParserSDFTest" time="0"/>
  <testcase name="testUpperCase{String, String, Locale, boolean}[10]" classname="org.apache.commons.lang3.time.FastDateParserSDFTest" time="0"/>
  <testcase name="testUpperCase{String, String, Locale, boolean}[11]" classname="org.apache.commons.lang3.time.FastDateParserSDFTest" time="0"/>
  <testcase name="testUpperCase{String, String, Locale, boolean}[12]" classname="org.apache.commons.lang3.time.FastDateParserSDFTest" time="0"/>
  <testcase name="testUpperCase{String, String, Locale, boolean}[13]" classname="org.apache.commons.lang3.time.FastDateParserSDFTest" time="0"/>
  <testcase name="testUpperCase{String, String, Locale, boolean}[14]" classname="org.apache.commons.lang3.time.FastDateParserSDFTest" time="0"/>
  <testcase name="testUpperCase{String, String, Locale, boolean}[15]" classname="org.apache.commons.lang3.time.FastDateParserSDFTest" time="0"/>
  <testcase name="testUpperCase{String, String, Locale, boolean}[16]" classname="org.apache.commons.lang3.time.FastDateParserSDFTest" time="0.001"/>
  <testcase name="testUpperCase{String, String, Locale, boolean}[17]" classname="org.apache.commons.lang3.time.FastDateParserSDFTest" time="0"/>
  <testcase name="testUpperCase{String, String, Locale, boolean}[18]" classname="org.apache.commons.lang3.time.FastDateParserSDFTest" time="0"/>
  <testcase name="testUpperCase{String, String, Locale, boolean}[19]" classname="org.apache.commons.lang3.time.FastDateParserSDFTest" time="0"/>
  <testcase name="testUpperCase{String, String, Locale, boolean}[20]" classname="org.apache.commons.lang3.time.FastDateParserSDFTest" time="0"/>
  <testcase name="testUpperCase{String, String, Locale, boolean}[21]" classname="org.apache.commons.lang3.time.FastDateParserSDFTest" time="0.001"/>
  <testcase name="testUpperCase{String, String, Locale, boolean}[22]" classname="org.apache.commons.lang3.time.FastDateParserSDFTest" time="0"/>
  <testcase name="testUpperCase{String, String, Locale, boolean}[23]" classname="org.apache.commons.lang3.time.FastDateParserSDFTest" time="0"/>
  <testcase name="testUpperCase{String, String, Locale, boolean}[24]" classname="org.apache.commons.lang3.time.FastDateParserSDFTest" time="0"/>
  <testcase name="testUpperCase{String, String, Locale, boolean}[25]" classname="org.apache.commons.lang3.time.FastDateParserSDFTest" time="0"/>
  <testcase name="testUpperCase{String, String, Locale, boolean}[26]" classname="org.apache.commons.lang3.time.FastDateParserSDFTest" time="0"/>
  <testcase name="testUpperCase{String, String, Locale, boolean}[27]" classname="org.apache.commons.lang3.time.FastDateParserSDFTest" time="0"/>
  <testcase name="testUpperCase{String, String, Locale, boolean}[28]" classname="org.apache.commons.lang3.time.FastDateParserSDFTest" time="0"/>
  <testcase name="testUpperCase{String, String, Locale, boolean}[29]" classname="org.apache.commons.lang3.time.FastDateParserSDFTest" time="0"/>
  <testcase name="testUpperCase{String, String, Locale, boolean}[30]" classname="org.apache.commons.lang3.time.FastDateParserSDFTest" time="0"/>
  <testcase name="testUpperCase{String, String, Locale, boolean}[31]" classname="org.apache.commons.lang3.time.FastDateParserSDFTest" time="0"/>
  <testcase name="testUpperCase{String, String, Locale, boolean}[32]" classname="org.apache.commons.lang3.time.FastDateParserSDFTest" time="0"/>
  <testcase name="testUpperCase{String, String, Locale, boolean}[33]" classname="org.apache.commons.lang3.time.FastDateParserSDFTest" time="0"/>
  <testcase name="testUpperCase{String, String, Locale, boolean}[34]" classname="org.apache.commons.lang3.time.FastDateParserSDFTest" time="0"/>
  <testcase name="testUpperCase{String, String, Locale, boolean}[35]" classname="org.apache.commons.lang3.time.FastDateParserSDFTest" time="0"/>
  <testcase name="testUpperCase{String, String, Locale, boolean}[36]" classname="org.apache.commons.lang3.time.FastDateParserSDFTest" time="0"/>
  <testcase name="testUpperCase{String, String, Locale, boolean}[37]" classname="org.apache.commons.lang3.time.FastDateParserSDFTest" time="0.001"/>
  <testcase name="testUpperCase{String, String, Locale, boolean}[38]" classname="org.apache.commons.lang3.time.FastDateParserSDFTest" time="0"/>
  <testcase name="testUpperCase{String, String, Locale, boolean}[39]" classname="org.apache.commons.lang3.time.FastDateParserSDFTest" time="0"/>
  <testcase name="testUpperCase{String, String, Locale, boolean}[40]" classname="org.apache.commons.lang3.time.FastDateParserSDFTest" time="0"/>
  <testcase name="testUpperCase{String, String, Locale, boolean}[41]" classname="org.apache.commons.lang3.time.FastDateParserSDFTest" time="0"/>
  <testcase name="testUpperCase{String, String, Locale, boolean}[42]" classname="org.apache.commons.lang3.time.FastDateParserSDFTest" time="0"/>
  <testcase name="testUpperCase{String, String, Locale, boolean}[43]" classname="org.apache.commons.lang3.time.FastDateParserSDFTest" time="0"/>
  <testcase name="testUpperCase{String, String, Locale, boolean}[44]" classname="org.apache.commons.lang3.time.FastDateParserSDFTest" time="0"/>
  <testcase name="testUpperCase{String, String, Locale, boolean}[45]" classname="org.apache.commons.lang3.time.FastDateParserSDFTest" time="0"/>
  <testcase name="testUpperCase{String, String, Locale, boolean}[46]" classname="org.apache.commons.lang3.time.FastDateParserSDFTest" time="0"/>
  <testcase name="testOriginalPP{String, String, Locale, boolean}[1]" classname="org.apache.commons.lang3.time.FastDateParserSDFTest" time="0"/>
  <testcase name="testOriginalPP{String, String, Locale, boolean}[2]" classname="org.apache.commons.lang3.time.FastDateParserSDFTest" time="0"/>
  <testcase name="testOriginalPP{String, String, Locale, boolean}[3]" classname="org.apache.commons.lang3.time.FastDateParserSDFTest" time="0"/>
  <testcase name="testOriginalPP{String, String, Locale, boolean}[4]" classname="org.apache.commons.lang3.time.FastDateParserSDFTest" time="0.001"/>
  <testcase name="testOriginalPP{String, String, Locale, boolean}[5]" classname="org.apache.commons.lang3.time.FastDateParserSDFTest" time="0"/>
  <testcase name="testOriginalPP{String, String, Locale, boolean}[6]" classname="org.apache.commons.lang3.time.FastDateParserSDFTest" time="0"/>
  <testcase name="testOriginalPP{String, String, Locale, boolean}[7]" classname="org.apache.commons.lang3.time.FastDateParserSDFTest" time="0"/>
  <testcase name="testOriginalPP{String, String, Locale, boolean}[8]" classname="org.apache.commons.lang3.time.FastDateParserSDFTest" time="0"/>
  <testcase name="testOriginalPP{String, String, Locale, boolean}[9]" classname="org.apache.commons.lang3.time.FastDateParserSDFTest" time="0"/>
  <testcase name="testOriginalPP{String, String, Locale, boolean}[10]" classname="org.apache.commons.lang3.time.FastDateParserSDFTest" time="0"/>
  <testcase name="testOriginalPP{String, String, Locale, boolean}[11]" classname="org.apache.commons.lang3.time.FastDateParserSDFTest" time="0"/>
  <testcase name="testOriginalPP{String, String, Locale, boolean}[12]" classname="org.apache.commons.lang3.time.FastDateParserSDFTest" time="0"/>
  <testcase name="testOriginalPP{String, String, Locale, boolean}[13]" classname="org.apache.commons.lang3.time.FastDateParserSDFTest" time="0"/>
  <testcase name="testOriginalPP{String, String, Locale, boolean}[14]" classname="org.apache.commons.lang3.time.FastDateParserSDFTest" time="0.001"/>
  <testcase name="testOriginalPP{String, String, Locale, boolean}[15]" classname="org.apache.commons.lang3.time.FastDateParserSDFTest" time="0"/>
  <testcase name="testOriginalPP{String, String, Locale, boolean}[16]" classname="org.apache.commons.lang3.time.FastDateParserSDFTest" time="0"/>
  <testcase name="testOriginalPP{String, String, Locale, boolean}[17]" classname="org.apache.commons.lang3.time.FastDateParserSDFTest" time="0.001"/>
  <testcase name="testOriginalPP{String, String, Locale, boolean}[18]" classname="org.apache.commons.lang3.time.FastDateParserSDFTest" time="0"/>
  <testcase name="testOriginalPP{String, String, Locale, boolean}[19]" classname="org.apache.commons.lang3.time.FastDateParserSDFTest" time="0"/>
  <testcase name="testOriginalPP{String, String, Locale, boolean}[20]" classname="org.apache.commons.lang3.time.FastDateParserSDFTest" time="0"/>
  <testcase name="testOriginalPP{String, String, Locale, boolean}[21]" classname="org.apache.commons.lang3.time.FastDateParserSDFTest" time="0"/>
  <testcase name="testOriginalPP{String, String, Locale, boolean}[22]" classname="org.apache.commons.lang3.time.FastDateParserSDFTest" time="0"/>
  <testcase name="testOriginalPP{String, String, Locale, boolean}[23]" classname="org.apache.commons.lang3.time.FastDateParserSDFTest" time="0"/>
  <testcase name="testOriginalPP{String, String, Locale, boolean}[24]" classname="org.apache.commons.lang3.time.FastDateParserSDFTest" time="0"/>
  <testcase name="testOriginalPP{String, String, Locale, boolean}[25]" classname="org.apache.commons.lang3.time.FastDateParserSDFTest" time="0"/>
  <testcase name="testOriginalPP{String, String, Locale, boolean}[26]" classname="org.apache.commons.lang3.time.FastDateParserSDFTest" time="0"/>
  <testcase name="testOriginalPP{String, String, Locale, boolean}[27]" classname="org.apache.commons.lang3.time.FastDateParserSDFTest" time="0"/>
  <testcase name="testOriginalPP{String, String, Locale, boolean}[28]" classname="org.apache.commons.lang3.time.FastDateParserSDFTest" time="0.001"/>
  <testcase name="testOriginalPP{String, String, Locale, boolean}[29]" classname="org.apache.commons.lang3.time.FastDateParserSDFTest" time="0"/>
  <testcase name="testOriginalPP{String, String, Locale, boolean}[30]" classname="org.apache.commons.lang3.time.FastDateParserSDFTest" time="0"/>
  <testcase name="testOriginalPP{String, String, Locale, boolean}[31]" classname="org.apache.commons.lang3.time.FastDateParserSDFTest" time="0"/>
  <testcase name="testOriginalPP{String, String, Locale, boolean}[32]" classname="org.apache.commons.lang3.time.FastDateParserSDFTest" time="0"/>
  <testcase name="testOriginalPP{String, String, Locale, boolean}[33]" classname="org.apache.commons.lang3.time.FastDateParserSDFTest" time="0"/>
  <testcase name="testOriginalPP{String, String, Locale, boolean}[34]" classname="org.apache.commons.lang3.time.FastDateParserSDFTest" time="0"/>
  <testcase name="testOriginalPP{String, String, Locale, boolean}[35]" classname="org.apache.commons.lang3.time.FastDateParserSDFTest" time="0"/>
  <testcase name="testOriginalPP{String, String, Locale, boolean}[36]" classname="org.apache.commons.lang3.time.FastDateParserSDFTest" time="0"/>
  <testcase name="testOriginalPP{String, String, Locale, boolean}[37]" classname="org.apache.commons.lang3.time.FastDateParserSDFTest" time="0"/>
  <testcase name="testOriginalPP{String, String, Locale, boolean}[38]" classname="org.apache.commons.lang3.time.FastDateParserSDFTest" time="0"/>
  <testcase name="testOriginalPP{String, String, Locale, boolean}[39]" classname="org.apache.commons.lang3.time.FastDateParserSDFTest" time="0.001"/>
  <testcase name="testOriginalPP{String, String, Locale, boolean}[40]" classname="org.apache.commons.lang3.time.FastDateParserSDFTest" time="0"/>
  <testcase name="testOriginalPP{String, String, Locale, boolean}[41]" classname="org.apache.commons.lang3.time.FastDateParserSDFTest" time="0"/>
  <testcase name="testOriginalPP{String, String, Locale, boolean}[42]" classname="org.apache.commons.lang3.time.FastDateParserSDFTest" time="0"/>
  <testcase name="testOriginalPP{String, String, Locale, boolean}[43]" classname="org.apache.commons.lang3.time.FastDateParserSDFTest" time="0"/>
  <testcase name="testOriginalPP{String, String, Locale, boolean}[44]" classname="org.apache.commons.lang3.time.FastDateParserSDFTest" time="0"/>
  <testcase name="testOriginalPP{String, String, Locale, boolean}[45]" classname="org.apache.commons.lang3.time.FastDateParserSDFTest" time="0"/>
  <testcase name="testOriginalPP{String, String, Locale, boolean}[46]" classname="org.apache.commons.lang3.time.FastDateParserSDFTest" time="0"/>
  <testcase name="testOriginal{String, String, Locale, boolean}[1]" classname="org.apache.commons.lang3.time.FastDateParserSDFTest" time="0.001"/>
  <testcase name="testOriginal{String, String, Locale, boolean}[2]" classname="org.apache.commons.lang3.time.FastDateParserSDFTest" time="0"/>
  <testcase name="testOriginal{String, String, Locale, boolean}[3]" classname="org.apache.commons.lang3.time.FastDateParserSDFTest" time="0"/>
  <testcase name="testOriginal{String, String, Locale, boolean}[4]" classname="org.apache.commons.lang3.time.FastDateParserSDFTest" time="0"/>
  <testcase name="testOriginal{String, String, Locale, boolean}[5]" classname="org.apache.commons.lang3.time.FastDateParserSDFTest" time="0.001"/>
  <testcase name="testOriginal{String, String, Locale, boolean}[6]" classname="org.apache.commons.lang3.time.FastDateParserSDFTest" time="0"/>
  <testcase name="testOriginal{String, String, Locale, boolean}[7]" classname="org.apache.commons.lang3.time.FastDateParserSDFTest" time="0"/>
  <testcase name="testOriginal{String, String, Locale, boolean}[8]" classname="org.apache.commons.lang3.time.FastDateParserSDFTest" time="0"/>
  <testcase name="testOriginal{String, String, Locale, boolean}[9]" classname="org.apache.commons.lang3.time.FastDateParserSDFTest" time="0"/>
  <testcase name="testOriginal{String, String, Locale, boolean}[10]" classname="org.apache.commons.lang3.time.FastDateParserSDFTest" time="0"/>
  <testcase name="testOriginal{String, String, Locale, boolean}[11]" classname="org.apache.commons.lang3.time.FastDateParserSDFTest" time="0"/>
  <testcase name="testOriginal{String, String, Locale, boolean}[12]" classname="org.apache.commons.lang3.time.FastDateParserSDFTest" time="0"/>
  <testcase name="testOriginal{String, String, Locale, boolean}[13]" classname="org.apache.commons.lang3.time.FastDateParserSDFTest" time="0"/>
  <testcase name="testOriginal{String, String, Locale, boolean}[14]" classname="org.apache.commons.lang3.time.FastDateParserSDFTest" time="0"/>
  <testcase name="testOriginal{String, String, Locale, boolean}[15]" classname="org.apache.commons.lang3.time.FastDateParserSDFTest" time="0"/>
  <testcase name="testOriginal{String, String, Locale, boolean}[16]" classname="org.apache.commons.lang3.time.FastDateParserSDFTest" time="0"/>
  <testcase name="testOriginal{String, String, Locale, boolean}[17]" classname="org.apache.commons.lang3.time.FastDateParserSDFTest" time="0"/>
  <testcase name="testOriginal{String, String, Locale, boolean}[18]" classname="org.apache.commons.lang3.time.FastDateParserSDFTest" time="0.001"/>
  <testcase name="testOriginal{String, String, Locale, boolean}[19]" classname="org.apache.commons.lang3.time.FastDateParserSDFTest" time="0"/>
  <testcase name="testOriginal{String, String, Locale, boolean}[20]" classname="org.apache.commons.lang3.time.FastDateParserSDFTest" time="0"/>
  <testcase name="testOriginal{String, String, Locale, boolean}[21]" classname="org.apache.commons.lang3.time.FastDateParserSDFTest" time="0"/>
  <testcase name="testOriginal{String, String, Locale, boolean}[22]" classname="org.apache.commons.lang3.time.FastDateParserSDFTest" time="0"/>
  <testcase name="testOriginal{String, String, Locale, boolean}[23]" classname="org.apache.commons.lang3.time.FastDateParserSDFTest" time="0"/>
  <testcase name="testOriginal{String, String, Locale, boolean}[24]" classname="org.apache.commons.lang3.time.FastDateParserSDFTest" time="0"/>
  <testcase name="testOriginal{String, String, Locale, boolean}[25]" classname="org.apache.commons.lang3.time.FastDateParserSDFTest" time="0"/>
  <testcase name="testOriginal{String, String, Locale, boolean}[26]" classname="org.apache.commons.lang3.time.FastDateParserSDFTest" time="0"/>
  <testcase name="testOriginal{String, String, Locale, boolean}[27]" classname="org.apache.commons.lang3.time.FastDateParserSDFTest" time="0"/>
  <testcase name="testOriginal{String, String, Locale, boolean}[28]" classname="org.apache.commons.lang3.time.FastDateParserSDFTest" time="0.001"/>
  <testcase name="testOriginal{String, String, Locale, boolean}[29]" classname="org.apache.commons.lang3.time.FastDateParserSDFTest" time="0"/>
  <testcase name="testOriginal{String, String, Locale, boolean}[30]" classname="org.apache.commons.lang3.time.FastDateParserSDFTest" time="0"/>
  <testcase name="testOriginal{String, String, Locale, boolean}[31]" classname="org.apache.commons.lang3.time.FastDateParserSDFTest" time="0"/>
  <testcase name="testOriginal{String, String, Locale, boolean}[32]" classname="org.apache.commons.lang3.time.FastDateParserSDFTest" time="0"/>
  <testcase name="testOriginal{String, String, Locale, boolean}[33]" classname="org.apache.commons.lang3.time.FastDateParserSDFTest" time="0"/>
  <testcase name="testOriginal{String, String, Locale, boolean}[34]" classname="org.apache.commons.lang3.time.FastDateParserSDFTest" time="0"/>
  <testcase name="testOriginal{String, String, Locale, boolean}[35]" classname="org.apache.commons.lang3.time.FastDateParserSDFTest" time="0"/>
  <testcase name="testOriginal{String, String, Locale, boolean}[36]" classname="org.apache.commons.lang3.time.FastDateParserSDFTest" time="0"/>
  <testcase name="testOriginal{String, String, Locale, boolean}[37]" classname="org.apache.commons.lang3.time.FastDateParserSDFTest" time="0"/>
  <testcase name="testOriginal{String, String, Locale, boolean}[38]" classname="org.apache.commons.lang3.time.FastDateParserSDFTest" time="0"/>
  <testcase name="testOriginal{String, String, Locale, boolean}[39]" classname="org.apache.commons.lang3.time.FastDateParserSDFTest" time="0"/>
  <testcase name="testOriginal{String, String, Locale, boolean}[40]" classname="org.apache.commons.lang3.time.FastDateParserSDFTest" time="0"/>
  <testcase name="testOriginal{String, String, Locale, boolean}[41]" classname="org.apache.commons.lang3.time.FastDateParserSDFTest" time="0"/>
  <testcase name="testOriginal{String, String, Locale, boolean}[42]" classname="org.apache.commons.lang3.time.FastDateParserSDFTest" time="0"/>
  <testcase name="testOriginal{String, String, Locale, boolean}[43]" classname="org.apache.commons.lang3.time.FastDateParserSDFTest" time="0"/>
  <testcase name="testOriginal{String, String, Locale, boolean}[44]" classname="org.apache.commons.lang3.time.FastDateParserSDFTest" time="0"/>
  <testcase name="testOriginal{String, String, Locale, boolean}[45]" classname="org.apache.commons.lang3.time.FastDateParserSDFTest" time="0"/>
  <testcase name="testOriginal{String, String, Locale, boolean}[46]" classname="org.apache.commons.lang3.time.FastDateParserSDFTest" time="0"/>
</testsuite>