<?xml version="1.0" encoding="UTF-8"?>
<testsuite xmlns:xsi="http://www.w3.org/2001/XMLSchema-instance" xsi:noNamespaceSchemaLocation="https://maven.apache.org/surefire/maven-surefire-plugin/xsd/surefire-test-report-3.0.xsd" version="3.0" name="org.apache.commons.lang3.ValidateTest" time="0.063" tests="204" errors="0" skipped="0" failures="0">
  <properties>
    <property name="awt.toolkit" value="sun.awt.X11.XToolkit"/>
    <property name="maven.test.error.ignore" value="true"/>
    <property name="file.encoding.pkg" value="sun.io"/>
    <property name="java.specification.version" value="1.8"/>
    <property name="sun.cpu.isalist" value=""/>
    <property name="sun.jnu.encoding" value="UTF-8"/>
    <property name="java.class.path" value="/tmp/tmpten4yovi/commons-lang/target/test-classes:/tmp/tmpten4yovi/commons-lang/target/classes:/home/jdbl/.m2/repository/org/junit/jupiter/junit-jupiter/5.4.0/junit-jupiter-5.4.0.jar:/home/jdbl/.m2/repository/org/junit/jupiter/junit-jupiter-api/5.4.0/junit-jupiter-api-5.4.0.jar:/home/jdbl/.m2/repository/org/apiguardian/apiguardian-api/1.0.0/apiguardian-api-1.0.0.jar:/home/jdbl/.m2/repository/org/opentest4j/opentest4j/1.1.1/opentest4j-1.1.1.jar:/home/jdbl/.m2/repository/org/junit/platform/junit-platform-commons/1.4.0/junit-platform-commons-1.4.0.jar:/home/jdbl/.m2/repository/org/junit/jupiter/junit-jupiter-params/5.4.0/junit-jupiter-params-5.4.0.jar:/home/jdbl/.m2/repository/org/junit/jupiter/junit-jupiter-engine/5.4.0/junit-jupiter-engine-5.4.0.jar:/home/jdbl/.m2/repository/org/junit/platform/junit-platform-engine/1.4.0/junit-platform-engine-1.4.0.jar:/home/jdbl/.m2/repository/org/junit-pioneer/junit-pioneer/0.3.0/junit-pioneer-0.3.0.jar:/home/jdbl/.m2/repository/org/hamcrest/hamcrest/2.1/hamcrest-2.1.jar:/home/jdbl/.m2/repository/org/easymock/easymock/4.0.2/easymock-4.0.2.jar:/home/jdbl/.m2/repository/org/objenesis/objenesis/3.0.1/objenesis-3.0.1.jar:/home/jdbl/.m2/repository/org/openjdk/jmh/jmh-core/1.21/jmh-core-1.21.jar:/home/jdbl/.m2/repository/net/sf/jopt-simple/jopt-simple/4.6/jopt-simple-4.6.jar:/home/jdbl/.m2/repository/org/apache/commons/commons-math3/3.2/commons-math3-3.2.jar:/home/jdbl/.m2/repository/org/openjdk/jmh/jmh-generator-annprocess/1.21/jmh-generator-annprocess-1.21.jar:"/>
    <property name="java.vm.vendor" value="Oracle Corporation"/>
    <property name="maven.javadoc.skip" value="true"/>
    <property name="sun.arch.data.model" value="64"/>
    <property name="java.vendor.url" value="http://java.oracle.com/"/>
    <property name="user.timezone" value=""/>
    <property name="java.vm.specification.version" value="1.8"/>
    <property name="os.name" value="Linux"/>
    <property name="rat.skip" value="true"/>
    <property name="sun.java.launcher" value="SUN_STANDARD"/>
    <property name="sun.boot.library.path" value="/usr/local/openjdk-8/jre/lib/amd64"/>
    <property name="sun.java.command" value="/tmp/tmpten4yovi/commons-lang/target/surefire/surefirebooter4787139733667255984.jar /tmp/tmpten4yovi/commons-lang/target/surefire 2020-07-30T16-22-06_072-jvmRun1 surefire7503121307497760333tmp surefire_07447103984973603193tmp"/>
    <property name="surefire.test.class.path" value="/tmp/tmpten4yovi/commons-lang/target/test-classes:/tmp/tmpten4yovi/commons-lang/target/classes:/home/jdbl/.m2/repository/org/junit/jupiter/junit-jupiter/5.4.0/junit-jupiter-5.4.0.jar:/home/jdbl/.m2/repository/org/junit/jupiter/junit-jupiter-api/5.4.0/junit-jupiter-api-5.4.0.jar:/home/jdbl/.m2/repository/org/apiguardian/apiguardian-api/1.0.0/apiguardian-api-1.0.0.jar:/home/jdbl/.m2/repository/org/opentest4j/opentest4j/1.1.1/opentest4j-1.1.1.jar:/home/jdbl/.m2/repository/org/junit/platform/junit-platform-commons/1.4.0/junit-platform-commons-1.4.0.jar:/home/jdbl/.m2/repository/org/junit/jupiter/junit-jupiter-params/5.4.0/junit-jupiter-params-5.4.0.jar:/home/jdbl/.m2/repository/org/junit/jupiter/junit-jupiter-engine/5.4.0/junit-jupiter-engine-5.4.0.jar:/home/jdbl/.m2/repository/org/junit/platform/junit-platform-engine/1.4.0/junit-platform-engine-1.4.0.jar:/home/jdbl/.m2/repository/org/junit-pioneer/junit-pioneer/0.3.0/junit-pioneer-0.3.0.jar:/home/jdbl/.m2/repository/org/hamcrest/hamcrest/2.1/hamcrest-2.1.jar:/home/jdbl/.m2/repository/org/easymock/easymock/4.0.2/easymock-4.0.2.jar:/home/jdbl/.m2/repository/org/objenesis/objenesis/3.0.1/objenesis-3.0.1.jar:/home/jdbl/.m2/repository/org/openjdk/jmh/jmh-core/1.21/jmh-core-1.21.jar:/home/jdbl/.m2/repository/net/sf/jopt-simple/jopt-simple/4.6/jopt-simple-4.6.jar:/home/jdbl/.m2/repository/org/apache/commons/commons-math3/3.2/commons-math3-3.2.jar:/home/jdbl/.m2/repository/org/openjdk/jmh/jmh-generator-annprocess/1.21/jmh-generator-annprocess-1.21.jar:"/>
    <property name="sun.cpu.endian" value="little"/>
    <property name="user.home" value="/home/jdbl"/>
    <property name="user.language" value="en"/>
    <property name="java.specification.vendor" value="Oracle Corporation"/>
    <property name="java.home" value="/usr/local/openjdk-8/jre"/>
    <property name="basedir" value="/tmp/tmpten4yovi/commons-lang"/>
    <property name="file.separator" value="/"/>
    <property name="line.separator" value="&#10;"/>
    <property name="source.skip" value="true"/>
    <property name="java.vm.specification.vendor" value="Oracle Corporation"/>
    <property name="java.specification.name" value="Java Platform API Specification"/>
    <property name="java.awt.graphicsenv" value="sun.awt.X11GraphicsEnvironment"/>
    <property name="surefire.real.class.path" value="/tmp/tmpten4yovi/commons-lang/target/surefire/surefirebooter4787139733667255984.jar:/home/jdbl/.m2/repository/org/jacoco/org.jacoco.agent/0.8.3/org.jacoco.agent-0.8.3-runtime.jar"/>
    <property name="sun.boot.class.path" value="/usr/local/openjdk-8/jre/lib/resources.jar:/usr/local/openjdk-8/jre/lib/rt.jar:/usr/local/openjdk-8/jre/lib/sunrsasign.jar:/usr/local/openjdk-8/jre/lib/jsse.jar:/usr/local/openjdk-8/jre/lib/jce.jar:/usr/local/openjdk-8/jre/lib/charsets.jar:/usr/local/openjdk-8/jre/lib/jfr.jar:/usr/local/openjdk-8/jre/classes"/>
    <property name="sun.management.compiler" value="HotSpot 64-Bit Tiered Compilers"/>
    <property name="java.runtime.version" value="1.8.0_262-b10"/>
    <property name="user.name" value="jdbl"/>
    <property name="path.separator" value=":"/>
    <property name="os.version" value="4.15.0-109-generic"/>
    <property name="java.endorsed.dirs" value="/usr/local/openjdk-8/jre/lib/endorsed"/>
    <property name="java.runtime.name" value="OpenJDK Runtime Environment"/>
    <property name="file.encoding" value="UTF-8"/>
    <property name="java.vm.name" value="OpenJDK 64-Bit Server VM"/>
    <property name="localRepository" value="/home/jdbl/.m2/repository"/>
    <property name="java.vendor.url.bug" value="http://bugreport.sun.com/bugreport/"/>
    <property name="java.io.tmpdir" value="/tmp"/>
    <property name="java.version" value="1.8.0_262"/>
    <property name="user.dir" value="/tmp/tmpten4yovi/commons-lang"/>
    <property name="os.arch" value="amd64"/>
    <property name="license.skip" value="true"/>
    <property name="animal.sniffer.skip" value="true"/>
    <property name="java.vm.specification.name" value="Java Virtual Machine Specification"/>
    <property name="java.awt.printerjob" value="sun.print.PSPrinterJob"/>
    <property name="sun.os.patch.level" value="unknown"/>
    <property name="java.library.path" value="/usr/java/packages/lib/amd64:/usr/lib64:/lib64:/lib:/usr/lib"/>
    <property name="java.vm.info" value="mixed mode"/>
    <property name="java.vendor" value="Oracle Corporation"/>
    <property name="java.vm.version" value="25.262-b10"/>
    <property name="java.ext.dirs" value="/usr/local/openjdk-8/jre/lib/ext:/usr/java/packages/lib/ext"/>
    <property name="sun.io.unicode.encoding" value="UnicodeLittle"/>
    <property name="java.class.version" value="52.0"/>
    <property name="maven.test.failure.ignore" value="true"/>
  </properties>
  <testcase name="hasOnlyOnePublicConstructor" classname="org.apache.commons.lang3.ValidateTest$UtilClassConventions" time="0"/>
  <testcase name="instancesCanBeConstrcuted" classname="org.apache.commons.lang3.ValidateTest$UtilClassConventions" time="0"/>
  <testcase name="isNonFinalClass" classname="org.apache.commons.lang3.ValidateTest$UtilClassConventions" time="0"/>
  <testcase name="isPublicClass" classname="org.apache.commons.lang3.ValidateTest$UtilClassConventions" time="0"/>
  <testcase name="shouldNotThrowExceptionWhenClassIsAssignable" classname="org.apache.commons.lang3.ValidateTest$IsAssignable$WithMessage" time="0"/>
  <testcase name="shouldNotThrowExceptionWhenClassIsAssignable" classname="org.apache.commons.lang3.ValidateTest$IsAssignable$WithoutMessage" time="0"/>
  <testcase name="shouldThrowIllegalArgumentExceptionWithGiventMessageWhenClassIsNotAssignable" classname="org.apache.commons.lang3.ValidateTest$IsAssignable$WithMessage" time="0"/>
  <testcase name="shouldThrowIllegalArgumentExceptionWithDefaultMessageWhenClassIsNotAssignable" classname="org.apache.commons.lang3.ValidateTest$IsAssignable$WithoutMessage" time="0.001"/>
  <testcase name="shouldNotThrowExceptionWhenValueIsInstanceOfClass" classname="org.apache.commons.lang3.ValidateTest$IsInstanceOf$WithMessageTemplate" time="0"/>
  <testcase name="shouldNotThrowExceptionWhenValueIsInstanceOfClass" classname="org.apache.commons.lang3.ValidateTest$IsInstanceOf$WithMessage" time="0.001"/>
  <testcase name="shouldNotThrowExceptionWhenValueIsInstanceOfClass" classname="org.apache.commons.lang3.ValidateTest$IsInstanceOf$WithoutMessage" time="0"/>
  <testcase name="shouldThrowIllegalArgumentExceptionWithGivenMessageWhenValueIsNotInstanceOfClass" classname="org.apache.commons.lang3.ValidateTest$IsInstanceOf$WithMessageTemplate" time="0"/>
  <testcase name="shouldThrowIllegalArgumentExceptionWithGivenMessageWhenValueIsNotInstanceOfClass" classname="org.apache.commons.lang3.ValidateTest$IsInstanceOf$WithMessage" time="0"/>
  <testcase name="shouldThrowIllegalArgumentExceptionWithDefaultMessageWhenValueIsNotInstanceOfClass" classname="org.apache.commons.lang3.ValidateTest$IsInstanceOf$WithoutMessage" time="0"/>
  <testcase name="shouldThrowIllegalArgumentExceptionWithGivenMessageWhenValueIsBelowLowerBound" classname="org.apache.commons.lang3.ValidateTest$ExclusiveBetween$WithDouble$WithMessage" time="0"/>
  <testcase name="shouldThrowIllegalArgumentExceptionWithGivenMessageWhenValueIsBelowLowerBound" classname="org.apache.commons.lang3.ValidateTest$ExclusiveBetween$WithLong$WithMessage" time="0"/>
  <testcase name="shouldThrowIllegalArgumentExceptionWithGivenMessageWhenValueIsBelowLowerBound" classname="org.apache.commons.lang3.ValidateTest$ExclusiveBetween$WithComparable$WithMessage" time="0.001"/>
  <testcase name="shouldThrowIllegalArgumentExceptionWithGivenMessageWhenValueIsBelowLowerBound" classname="org.apache.commons.lang3.ValidateTest$InclusiveBetween$WithDouble$WithMessage" time="0"/>
  <testcase name="shouldThrowIllegalArgumentExceptionWithGivenMessageWhenValueIsBelowLowerBound" classname="org.apache.commons.lang3.ValidateTest$InclusiveBetween$WithLong$WithMessage" time="0"/>
  <testcase name="shouldThrowIllegalArgumentExceptionWithGivenMessageWhenValueIsBelowLowerBound" classname="org.apache.commons.lang3.ValidateTest$InclusiveBetween$WithComparable$WithMessage" time="0.001"/>
  <testcase name="shouldThrowIllegalArgumentExcdeptionWhenValueIsLowerBound" classname="org.apache.commons.lang3.ValidateTest$ExclusiveBetween$WithDouble$WithMessage" time="0.001"/>
  <testcase name="shouldThrowIllegalArgumentExcdeptionWhenValueIsLowerBound" classname="org.apache.commons.lang3.ValidateTest$ExclusiveBetween$WithDouble$WithoutMessage" time="0"/>
  <testcase name="shouldNotThrowExceptionWhenValueIsBetweenBounds" classname="org.apache.commons.lang3.ValidateTest$ExclusiveBetween$WithDouble$WithMessage" time="0"/>
  <testcase name="shouldNotThrowExceptionWhenValueIsBetweenBounds" classname="org.apache.commons.lang3.ValidateTest$ExclusiveBetween$WithDouble$WithoutMessage" time="0"/>
  <testcase name="shouldNotThrowExceptionWhenValueIsBetweenBounds" classname="org.apache.commons.lang3.ValidateTest$ExclusiveBetween$WithLong$WithMessage" time="0"/>
  <testcase name="shouldNotThrowExceptionWhenValueIsBetweenBounds" classname="org.apache.commons.lang3.ValidateTest$ExclusiveBetween$WithLong$WithoutMessage" time="0"/>
  <testcase name="shouldNotThrowExceptionWhenValueIsBetweenBounds" classname="org.apache.commons.lang3.ValidateTest$ExclusiveBetween$WithComparable$WithMessage" time="0"/>
  <testcase name="shouldNotThrowExceptionWhenValueIsBetweenBounds" classname="org.apache.commons.lang3.ValidateTest$ExclusiveBetween$WithComparable$WithoutMessage" time="0"/>
  <testcase name="shouldNotThrowExceptionWhenValueIsBetweenBounds" classname="org.apache.commons.lang3.ValidateTest$InclusiveBetween$WithDouble$WithMessage" time="0"/>
  <testcase name="shouldNotThrowExceptionWhenValueIsBetweenBounds" classname="org.apache.commons.lang3.ValidateTest$InclusiveBetween$WithDouble$WithoutMessage" time="0"/>
  <testcase name="shouldNotThrowExceptionWhenValueIsBetweenBounds" classname="org.apache.commons.lang3.ValidateTest$InclusiveBetween$WithLong$WithMessage" time="0"/>
  <testcase name="shouldNotThrowExceptionWhenValueIsBetweenBounds" classname="org.apache.commons.lang3.ValidateTest$InclusiveBetween$WithLong$WithoutMessage" time="0"/>
  <testcase name="shouldNotThrowExceptionWhenValueIsBetweenBounds" classname="org.apache.commons.lang3.ValidateTest$InclusiveBetween$WithComparable$WithMessage" time="0"/>
  <testcase name="shouldNotThrowExceptionWhenValueIsBetweenBounds" classname="org.apache.commons.lang3.ValidateTest$InclusiveBetween$WithComparable$WithoutMessage" time="0"/>
  <testcase name="shouldThrowIllegalArgumentExcdeptionWhenValueIsUpperBound" classname="org.apache.commons.lang3.ValidateTest$ExclusiveBetween$WithDouble$WithMessage" time="0"/>
  <testcase name="shouldThrowIllegalArgumentExcdeptionWhenValueIsUpperBound" classname="org.apache.commons.lang3.ValidateTest$ExclusiveBetween$WithDouble$WithoutMessage" time="0"/>
  <testcase name="shouldThrowIllegalArgumentExceptionWithGivenMessageWhenValueIsAboveUpperBound" classname="org.apache.commons.lang3.ValidateTest$ExclusiveBetween$WithDouble$WithMessage" time="0"/>
  <testcase name="shouldThrowIllegalArgumentExceptionWithGivenMessageWhenValueIsAboveUpperBound" classname="org.apache.commons.lang3.ValidateTest$InclusiveBetween$WithDouble$WithMessage" time="0"/>
  <testcase name="shouldThrowIllegalArgumentExceptionWithGivenMessageWhenValueIsAboveUpperBound" classname="org.apache.commons.lang3.ValidateTest$InclusiveBetween$WithLong$WithMessage" time="0"/>
  <testcase name="shouldThrowIllegalArgumentExceptionWithGivenMessageWhenValueIsAboveUpperBound" classname="org.apache.commons.lang3.ValidateTest$InclusiveBetween$WithComparable$WithMessage" time="0"/>
  <testcase name="shouldThrowIllegalArgumentExceptionWithDefaultMessageWhenValueIsAboveUpperBound" classname="org.apache.commons.lang3.ValidateTest$ExclusiveBetween$WithDouble$WithoutMessage" time="0.001"/>
  <testcase name="shouldThrowIllegalArgumentExceptionWithDefaultMessageWhenValueIsAboveUpperBound" classname="org.apache.commons.lang3.ValidateTest$ExclusiveBetween$WithLong$WithMessage" time="0"/>
  <testcase name="shouldThrowIllegalArgumentExceptionWithDefaultMessageWhenValueIsAboveUpperBound" classname="org.apache.commons.lang3.ValidateTest$ExclusiveBetween$WithLong$WithoutMessage" time="0"/>
  <testcase name="shouldThrowIllegalArgumentExceptionWithDefaultMessageWhenValueIsAboveUpperBound" classname="org.apache.commons.lang3.ValidateTest$ExclusiveBetween$WithComparable$WithMessage" time="0"/>
  <testcase name="shouldThrowIllegalArgumentExceptionWithDefaultMessageWhenValueIsAboveUpperBound" classname="org.apache.commons.lang3.ValidateTest$ExclusiveBetween$WithComparable$WithoutMessage" time="0"/>
  <testcase name="shouldThrowIllegalArgumentExceptionWithDefaultMessageWhenValueIsAboveUpperBound" classname="org.apache.commons.lang3.ValidateTest$InclusiveBetween$WithDouble$WithoutMessage" time="0"/>
  <testcase name="shouldThrowIllegalArgumentExceptionWithDefaultMessageWhenValueIsAboveUpperBound" classname="org.apache.commons.lang3.ValidateTest$InclusiveBetween$WithLong$WithoutMessage" time="0"/>
  <testcase name="shouldThrowIllegalArgumentExceptionWithDefaultMessageWhenValueIsAboveUpperBound" classname="org.apache.commons.lang3.ValidateTest$InclusiveBetween$WithComparable$WithoutMessage" time="0.001"/>
  <testcase name="shouldThrowIllegalArgumentExceptionWithDefaultMessageWhenValueIsBelowLowerBound" classname="org.apache.commons.lang3.ValidateTest$ExclusiveBetween$WithDouble$WithoutMessage" time="0"/>
  <testcase name="shouldThrowIllegalArgumentExceptionWithDefaultMessageWhenValueIsBelowLowerBound" classname="org.apache.commons.lang3.ValidateTest$ExclusiveBetween$WithLong$WithoutMessage" time="0"/>
  <testcase name="shouldThrowIllegalArgumentExceptionWithDefaultMessageWhenValueIsBelowLowerBound" classname="org.apache.commons.lang3.ValidateTest$ExclusiveBetween$WithComparable$WithoutMessage" time="0"/>
  <testcase name="shouldThrowIllegalArgumentExceptionWithDefaultMessageWhenValueIsBelowLowerBound" classname="org.apache.commons.lang3.ValidateTest$InclusiveBetween$WithDouble$WithoutMessage" time="0"/>
  <testcase name="shouldThrowIllegalArgumentExceptionWithDefaultMessageWhenValueIsBelowLowerBound" classname="org.apache.commons.lang3.ValidateTest$InclusiveBetween$WithLong$WithoutMessage" time="0"/>
  <testcase name="shouldThrowIllegalArgumentExceptionWithDefaultMessageWhenValueIsBelowLowerBound" classname="org.apache.commons.lang3.ValidateTest$InclusiveBetween$WithComparable$WithoutMessage" time="0"/>
  <testcase name="shouldThrowIllegalArgumentExceptionWithGivenMessageWhenValueIsUpperBound" classname="org.apache.commons.lang3.ValidateTest$ExclusiveBetween$WithLong$WithMessage" time="0.001"/>
  <testcase name="shouldThrowIllegalArgumentExceptionWithGivenMessageWhenValueIsUpperBound" classname="org.apache.commons.lang3.ValidateTest$ExclusiveBetween$WithComparable$WithMessage" time="0"/>
  <testcase name="shouldThrowIllegalArgumentExceptionWithGivenMessageWhenValueIsLowerBound" classname="org.apache.commons.lang3.ValidateTest$ExclusiveBetween$WithLong$WithMessage" time="0.001"/>
  <testcase name="shouldThrowIllegalArgumentExceptionWithGivenMessageWhenValueIsLowerBound" classname="org.apache.commons.lang3.ValidateTest$ExclusiveBetween$WithComparable$WithMessage" time="0"/>
  <testcase name="shouldThrowIllegalArgumentExceptionWithDefaultMessageWhenValueIsLowerBound" classname="org.apache.commons.lang3.ValidateTest$ExclusiveBetween$WithLong$WithoutMessage" time="0.001"/>
  <testcase name="shouldThrowIllegalArgumentExceptionWithDefaultMessageWhenValueIsLowerBound" classname="org.apache.commons.lang3.ValidateTest$ExclusiveBetween$WithComparable$WithoutMessage" time="0"/>
  <testcase name="shouldThrowIllegalArgumentExceptionWithDefaultMessageWhenValueIsUpperBound" classname="org.apache.commons.lang3.ValidateTest$ExclusiveBetween$WithLong$WithoutMessage" time="0"/>
  <testcase name="shouldThrowIllegalArgumentExceptionWithDefaultMessageWhenValueIsUpperBound" classname="org.apache.commons.lang3.ValidateTest$ExclusiveBetween$WithComparable$WithoutMessage" time="0"/>
  <testcase name="shouldNotThrowExceptionWhenValueIsLowerBound" classname="org.apache.commons.lang3.ValidateTest$InclusiveBetween$WithDouble$WithMessage" time="0"/>
  <testcase name="shouldNotThrowExceptionWhenValueIsLowerBound" classname="org.apache.commons.lang3.ValidateTest$InclusiveBetween$WithDouble$WithoutMessage" time="0"/>
  <testcase name="shouldNotThrowExceptionWhenValueIsLowerBound" classname="org.apache.commons.lang3.ValidateTest$InclusiveBetween$WithLong$WithMessage" time="0"/>
  <testcase name="shouldNotThrowExceptionWhenValueIsLowerBound" classname="org.apache.commons.lang3.ValidateTest$InclusiveBetween$WithLong$WithoutMessage" time="0"/>
  <testcase name="shouldNotThrowExceptionWhenValueIsLowerBound" classname="org.apache.commons.lang3.ValidateTest$InclusiveBetween$WithComparable$WithMessage" time="0"/>
  <testcase name="shouldNotThrowExceptionWhenValueIsLowerBound" classname="org.apache.commons.lang3.ValidateTest$InclusiveBetween$WithComparable$WithoutMessage" time="0"/>
  <testcase name="shouldNotThrowExceptionWhenValueIsUpperBound" classname="org.apache.commons.lang3.ValidateTest$InclusiveBetween$WithDouble$WithMessage" time="0"/>
  <testcase name="shouldNotThrowExceptionWhenValueIsUpperBound" classname="org.apache.commons.lang3.ValidateTest$InclusiveBetween$WithDouble$WithoutMessage" time="0"/>
  <testcase name="shouldNotThrowExceptionWhenValueIsUpperBound" classname="org.apache.commons.lang3.ValidateTest$InclusiveBetween$WithLong$WithMessage" time="0"/>
  <testcase name="shouldNotThrowExceptionWhenValueIsUpperBound" classname="org.apache.commons.lang3.ValidateTest$InclusiveBetween$WithLong$WithoutMessage" time="0"/>
  <testcase name="shouldNotThrowExceptionWhenValueIsUpperBound" classname="org.apache.commons.lang3.ValidateTest$InclusiveBetween$WithComparable$WithMessage" time="0"/>
  <testcase name="shouldNotThrowExceptionWhenValueIsUpperBound" classname="org.apache.commons.lang3.ValidateTest$InclusiveBetween$WithComparable$WithoutMessage" time="0"/>
  <testcase name="shouldThrowIllegalArgumentExceptionWithDefaultMessageForNaN" classname="org.apache.commons.lang3.ValidateTest$Finite$WithMessage" time="0"/>
  <testcase name="shouldThrowIllegalArgumentExceptionWithDefaultMessageForNaN" classname="org.apache.commons.lang3.ValidateTest$Finite$WithoutMessage" time="0"/>
  <testcase name="shouldThrowIllegalArgumentExceptionWithDefaultMessageForNaN" classname="org.apache.commons.lang3.ValidateTest$NotNaN$WithoutMessage" time="0"/>
  <testcase name="shouldThrowIllegalArgumentExceptionWithDefaultMessageForNegativeInfinity" classname="org.apache.commons.lang3.ValidateTest$Finite$WithMessage" time="0"/>
  <testcase name="shouldThrowIllegalArgumentExceptionWithDefaultMessageForNegativeInfinity" classname="org.apache.commons.lang3.ValidateTest$Finite$WithoutMessage" time="0"/>
  <testcase name="shouldNotThrowExceptionForFiniteValue" classname="org.apache.commons.lang3.ValidateTest$Finite$WithMessage" time="0"/>
  <testcase name="shouldNotThrowExceptionForFiniteValue" classname="org.apache.commons.lang3.ValidateTest$Finite$WithoutMessage" time="0"/>
  <testcase name="shouldThrowIllegalArgumentExceptionWithDefaultMessageForPositiveInfinity" classname="org.apache.commons.lang3.ValidateTest$Finite$WithMessage" time="0"/>
  <testcase name="shouldThrowIllegalArgumentExceptionWithDefaultMessageForPositiveInfinity" classname="org.apache.commons.lang3.ValidateTest$Finite$WithoutMessage" time="0"/>
  <testcase name="shouldThrowIllegalArgumentExceptionWithGivenMessageForNaN" classname="org.apache.commons.lang3.ValidateTest$NotNaN$WithMessage" time="0"/>
  <testcase name="shouldNotThrowExceptionForNegativeInfinity" classname="org.apache.commons.lang3.ValidateTest$NotNaN$WithMessage" time="0"/>
  <testcase name="shouldNotThrowExceptionForNegativeInfinity" classname="org.apache.commons.lang3.ValidateTest$NotNaN$WithoutMessage" time="0.001"/>
  <testcase name="shouldNotThrowExceptionForNumber" classname="org.apache.commons.lang3.ValidateTest$NotNaN$WithMessage" time="0.001"/>
  <testcase name="shouldNotThrowExceptionForNumber" classname="org.apache.commons.lang3.ValidateTest$NotNaN$WithoutMessage" time="0"/>
  <testcase name="shouldNotThrowExceptionForPositiveInfinity" classname="org.apache.commons.lang3.ValidateTest$NotNaN$WithMessage" time="0"/>
  <testcase name="shouldNotThrowExceptionForPositiveInfinity" classname="org.apache.commons.lang3.ValidateTest$NotNaN$WithoutMessage" time="0"/>
  <testcase name="shouldNotThrowExceptionWhenStringMatchesPattern" classname="org.apache.commons.lang3.ValidateTest$MatchesPattern$WithMessage" time="0"/>
  <testcase name="shouldNotThrowExceptionWhenStringMatchesPattern" classname="org.apache.commons.lang3.ValidateTest$MatchesPattern$WithoutMessage" time="0"/>
  <testcase name="shouldThrowIllegalArgumentExceptionWhenStringDoesNotMatchPattern" classname="org.apache.commons.lang3.ValidateTest$MatchesPattern$WithMessage" time="0.001"/>
  <testcase name="shouldThrowIllegalArgumentExceptionWithDefaultMessageWhenStringDoesNotMatchPattern" classname="org.apache.commons.lang3.ValidateTest$MatchesPattern$WithoutMessage" time="0"/>
  <testcase name="shouldThrowIndexOutOfBoundsExceptionWithGivenMessageForIndexOutOfBounds" classname="org.apache.commons.lang3.ValidateTest$ValidIndex$WithCharSequence$WithMessage" time="0"/>
  <testcase name="shouldThrowIndexOutOfBoundsExceptionWithGivenMessageForIndexOutOfBounds" classname="org.apache.commons.lang3.ValidateTest$ValidIndex$WithCollection$WithMessage" time="0.001"/>
  <testcase name="shouldThrowIndexOutOfBoundsExceptionWithGivenMessageForIndexOutOfBounds" classname="org.apache.commons.lang3.ValidateTest$ValidIndex$WithArray$WithMessage" time="0.001"/>
  <testcase name="shouldReturnSameInstance" classname="org.apache.commons.lang3.ValidateTest$ValidIndex$WithCharSequence$WithMessage" time="0"/>
  <testcase name="shouldReturnSameInstance" classname="org.apache.commons.lang3.ValidateTest$ValidIndex$WithCharSequence$WithoutMessage" time="0"/>
  <testcase name="shouldReturnSameInstance" classname="org.apache.commons.lang3.ValidateTest$ValidIndex$WithCollection$WithMessage" time="0"/>
  <testcase name="shouldReturnSameInstance" classname="org.apache.commons.lang3.ValidateTest$ValidIndex$WithCollection$WithoutMessage" time="0"/>
  <testcase name="shouldReturnSameInstance" classname="org.apache.commons.lang3.ValidateTest$ValidIndex$WithArray$WithMessage" time="0"/>
  <testcase name="shouldReturnSameInstance" classname="org.apache.commons.lang3.ValidateTest$ValidIndex$WithArray$WithoutMessage" time="0"/>
  <testcase name="shouldReturnSameInstance" classname="org.apache.commons.lang3.ValidateTest$NoNullElements$WithCollection$WithMessage" time="0"/>
  <testcase name="shouldReturnSameInstance" classname="org.apache.commons.lang3.ValidateTest$NoNullElements$WithCollection$WithoutMessage" time="0"/>
  <testcase name="shouldReturnSameInstance" classname="org.apache.commons.lang3.ValidateTest$NoNullElements$WithArray$WithMessage" time="0.001"/>
  <testcase name="shouldReturnSameInstance" classname="org.apache.commons.lang3.ValidateTest$NoNullElements$WithArray$WithoutMessage" time="0"/>
  <testcase name="shouldThrowNullPointerExceptionWithDefaultMessageForNullStr" classname="org.apache.commons.lang3.ValidateTest$ValidIndex$WithCharSequence$WithMessage" time="0"/>
  <testcase name="shouldNotThrowExceptionForValidIndex" classname="org.apache.commons.lang3.ValidateTest$ValidIndex$WithCharSequence$WithMessage" time="0.001"/>
  <testcase name="shouldNotThrowExceptionForValidIndex" classname="org.apache.commons.lang3.ValidateTest$ValidIndex$WithCharSequence$WithoutMessage" time="0"/>
  <testcase name="shouldNotThrowExceptionForValidIndex" classname="org.apache.commons.lang3.ValidateTest$ValidIndex$WithCollection$WithMessage" time="0"/>
  <testcase name="shouldNotThrowExceptionForValidIndex" classname="org.apache.commons.lang3.ValidateTest$ValidIndex$WithCollection$WithoutMessage" time="0"/>
  <testcase name="shouldNotThrowExceptionForValidIndex" classname="org.apache.commons.lang3.ValidateTest$ValidIndex$WithArray$WithMessage" time="0"/>
  <testcase name="shouldNotThrowExceptionForValidIndex" classname="org.apache.commons.lang3.ValidateTest$ValidIndex$WithArray$WithoutMessage" time="0"/>
  <testcase name="shouldThrowIndexOutOfBoundsExceptionWithGivenMessageForNegativeIndex" classname="org.apache.commons.lang3.ValidateTest$ValidIndex$WithCharSequence$WithMessage" time="0"/>
  <testcase name="shouldThrowIndexOutOfBoundsExceptionWithGivenMessageForNegativeIndex" classname="org.apache.commons.lang3.ValidateTest$ValidIndex$WithCollection$WithMessage" time="0.001"/>
  <testcase name="shouldThrowIndexOutOfBoundsExceptionWithGivenMessageForNegativeIndex" classname="org.apache.commons.lang3.ValidateTest$ValidIndex$WithArray$WithMessage" time="0"/>
  <testcase name="shouldThrowIndexOutOfBoundsExceptionWithDefaultMessageForIndexOutOfBounds" classname="org.apache.commons.lang3.ValidateTest$ValidIndex$WithCharSequence$WithoutMessage" time="0"/>
  <testcase name="shouldThrowIndexOutOfBoundsExceptionWithDefaultMessageForIndexOutOfBounds" classname="org.apache.commons.lang3.ValidateTest$ValidIndex$WithCollection$WithoutMessage" time="0"/>
  <testcase name="shouldThrowIndexOutOfBoundsExceptionWithDefaultMessageForIndexOutOfBounds" classname="org.apache.commons.lang3.ValidateTest$ValidIndex$WithArray$WithoutMessage" time="0"/>
  <testcase name="shouldThrowIndexOutOfBoundsExceptionWithDefaultMessageForNegativeIndex" classname="org.apache.commons.lang3.ValidateTest$ValidIndex$WithCharSequence$WithoutMessage" time="0.001"/>
  <testcase name="shouldThrowIndexOutOfBoundsExceptionWithDefaultMessageForNegativeIndex" classname="org.apache.commons.lang3.ValidateTest$ValidIndex$WithCollection$WithoutMessage" time="0"/>
  <testcase name="shouldThrowIndexOutOfBoundsExceptionWithDefaultMessageForNegativeIndex" classname="org.apache.commons.lang3.ValidateTest$ValidIndex$WithArray$WithoutMessage" time="0"/>
  <testcase name="shouldThrowNullPointerExceptionWithDefaultForNullString" classname="org.apache.commons.lang3.ValidateTest$ValidIndex$WithCharSequence$WithoutMessage" time="0"/>
  <testcase name="shouldThrowNullPointerExceptionWithDefaultMessageForNullCollection" classname="org.apache.commons.lang3.ValidateTest$ValidIndex$WithCollection$WithMessage" time="0"/>
  <testcase name="shouldThrowNullPointerExceptionWithDefaultMessageForNullCollection" classname="org.apache.commons.lang3.ValidateTest$NoNullElements$WithCollection$WithMessage" time="0.001"/>
  <testcase name="shouldThrowNullPointerExceptionWithDefaultMessageForNullCollection" classname="org.apache.commons.lang3.ValidateTest$NoNullElements$WithCollection$WithoutMessage" time="0"/>
  <testcase name="shouldThrowNullPointerExceptionWithDefaultMessageForNullCollection" classname="org.apache.commons.lang3.ValidateTest$NotEmpty$WithCollection$WithoutMessage" time="0"/>
  <testcase name="shouldThrowNullPointerExceptionWithDefaultForNullCollection" classname="org.apache.commons.lang3.ValidateTest$ValidIndex$WithCollection$WithoutMessage" time="0"/>
  <testcase name="shouldThrowNullPointerExceptionWithDefaultMessageForNullArray" classname="org.apache.commons.lang3.ValidateTest$ValidIndex$WithArray$WithMessage" time="0"/>
  <testcase name="shouldThrowNullPointerExceptionWithDefaultMessageForNullArray" classname="org.apache.commons.lang3.ValidateTest$NoNullElements$WithArray$WithMessage" time="0"/>
  <testcase name="shouldThrowNullPointerExceptionWithDefaultMessageForNullArray" classname="org.apache.commons.lang3.ValidateTest$NoNullElements$WithArray$WithoutMessage" time="0"/>
  <testcase name="shouldThrowNullPointerExceptionWithDefaultMessageForNullArray" classname="org.apache.commons.lang3.ValidateTest$NotEmpty$WithArray$WithoutMessage" time="0.001"/>
  <testcase name="shouldThrowNullPointerExceptionWithDefaultForNullArray" classname="org.apache.commons.lang3.ValidateTest$ValidIndex$WithArray$WithoutMessage" time="0"/>
  <testcase name="shouldThrowIllegalArgumentExceptionWithGivenMessageForCollectionWithNullElement" classname="org.apache.commons.lang3.ValidateTest$NoNullElements$WithCollection$WithMessage" time="0"/>
  <testcase name="shouldNotThrowExceptionForNonEmptyCollection" classname="org.apache.commons.lang3.ValidateTest$NoNullElements$WithCollection$WithMessage" time="0"/>
  <testcase name="shouldNotThrowExceptionForNonEmptyCollection" classname="org.apache.commons.lang3.ValidateTest$NoNullElements$WithCollection$WithoutMessage" time="0"/>
  <testcase name="shouldThrowIllegalArgumentExceptionWithDefaultMessageForCollectionWithNullElement" classname="org.apache.commons.lang3.ValidateTest$NoNullElements$WithCollection$WithoutMessage" time="0"/>
  <testcase name="shouldThrowIllegalArgumentExceptionWithGivenMessageForArrayWithNullElement" classname="org.apache.commons.lang3.ValidateTest$NoNullElements$WithArray$WithMessage" time="0"/>
  <testcase name="shouldNotThrowExceptionForNonEmptyArray" classname="org.apache.commons.lang3.ValidateTest$NoNullElements$WithArray$WithMessage" time="0"/>
  <testcase name="shouldNotThrowExceptionForNonEmptyArray" classname="org.apache.commons.lang3.ValidateTest$NoNullElements$WithArray$WithoutMessage" time="0"/>
  <testcase name="shouldThrowIllegalArgumentExceptionWithDefaultMessageForArrayWithNullElement" classname="org.apache.commons.lang3.ValidateTest$NoNullElements$WithArray$WithoutMessage" time="0"/>
  <testcase name="shouldReturnNonBlankValue" classname="org.apache.commons.lang3.ValidateTest$NotBlank$WithMessage" time="0"/>
  <testcase name="shouldReturnNonBlankValue" classname="org.apache.commons.lang3.ValidateTest$NotBlank$WithoutMessage" time="0"/>
  <testcase name="shouldThrowIllegalArgumentExceptionWithGivenMessageForBlankString" classname="org.apache.commons.lang3.ValidateTest$NotBlank$WithMessage" time="0"/>
  <testcase name="shouldNotThrowExceptionForNonEmptyStringContainingWhitespaceChars" classname="org.apache.commons.lang3.ValidateTest$NotBlank$WithMessage" time="0"/>
  <testcase name="shouldNotThrowExceptionForNonEmptyStringContainingWhitespaceChars" classname="org.apache.commons.lang3.ValidateTest$NotBlank$WithoutMessage" time="0"/>
  <testcase name="shouldNotThrowExceptionForNonEmptyStringContainingSpaces" classname="org.apache.commons.lang3.ValidateTest$NotBlank$WithMessage" time="0"/>
  <testcase name="shouldNotThrowExceptionForNonEmptyStringContainingSpaces" classname="org.apache.commons.lang3.ValidateTest$NotBlank$WithoutMessage" time="0"/>
  <testcase name="shouldNotThrowExceptionForNonEmptyString" classname="org.apache.commons.lang3.ValidateTest$NotBlank$WithMessage" time="0"/>
  <testcase name="shouldNotThrowExceptionForNonEmptyString" classname="org.apache.commons.lang3.ValidateTest$NotBlank$WithoutMessage" time="0"/>
  <testcase name="shouldNotThrowExceptionForNonEmptyString" classname="org.apache.commons.lang3.ValidateTest$NotEmpty$WithCharSequence$WithMessage" time="0"/>
  <testcase name="shouldNotThrowExceptionForNonEmptyString" classname="org.apache.commons.lang3.ValidateTest$NotEmpty$WithCharSequence$WithoutMessage" time="0"/>
  <testcase name="shouldThrowNullPointerExceptionWithGivenMessageForNullString" classname="org.apache.commons.lang3.ValidateTest$NotBlank$WithMessage" time="0"/>
  <testcase name="shouldThrowIllegalArgumentExceptionWithGivenMessageForStringContainingOnlyWhitespaceChars" classname="org.apache.commons.lang3.ValidateTest$NotBlank$WithMessage" time="0"/>
  <testcase name="shouldThrowIllegalArgumentExceptionWithGivenMessageForEmptyString" classname="org.apache.commons.lang3.ValidateTest$NotBlank$WithMessage" time="0"/>
  <testcase name="shouldThrowIllegalArgumentExceptionWithGivenMessageForEmptyString" classname="org.apache.commons.lang3.ValidateTest$NotEmpty$WithCharSequence$WithMessage" time="0"/>
  <testcase name="shouldThrowIllegalArgumentExceptionWithDefaultMessageForStringContainingOnlyWhitespaceChars" classname="org.apache.commons.lang3.ValidateTest$NotBlank$WithoutMessage" time="0"/>
  <testcase name="shouldThrowIllegalArgumentExceptionWithDefaultMessageForEmptyString" classname="org.apache.commons.lang3.ValidateTest$NotBlank$WithoutMessage" time="0.001"/>
  <testcase name="shouldThrowIllegalArgumentExceptionWithDefaultMessageForEmptyString" classname="org.apache.commons.lang3.ValidateTest$NotEmpty$WithCharSequence$WithoutMessage" time="0"/>
  <testcase name="shouldThrowNullPointerExceptionWithDefaultMessageForNullString" classname="org.apache.commons.lang3.ValidateTest$NotBlank$WithoutMessage" time="0"/>
  <testcase name="shouldThrowIllegalArgumentExceptionWithDefaultMessageForBlankString" classname="org.apache.commons.lang3.ValidateTest$NotBlank$WithoutMessage" time="0.001"/>
  <testcase name="shouldThrowNullPointerExceptionWithGivenMessageForNullCharSequence" classname="org.apache.commons.lang3.ValidateTest$NotEmpty$WithCharSequence$WithMessage" time="0.001"/>
  <testcase name="shouldReturnTheSameInstance" classname="org.apache.commons.lang3.ValidateTest$NotEmpty$WithCharSequence$WithMessage" time="0"/>
  <testcase name="shouldReturnTheSameInstance" classname="org.apache.commons.lang3.ValidateTest$NotEmpty$WithCharSequence$WithoutMessage" time="0"/>
  <testcase name="shouldReturnTheSameInstance" classname="org.apache.commons.lang3.ValidateTest$NotEmpty$WithMap$WithMessage" time="0"/>
  <testcase name="shouldReturnTheSameInstance" classname="org.apache.commons.lang3.ValidateTest$NotEmpty$WithMap$WithoutMessage" time="0"/>
  <testcase name="shouldReturnTheSameInstance" classname="org.apache.commons.lang3.ValidateTest$NotEmpty$WithCollection$WithMessage" time="0"/>
  <testcase name="shouldReturnTheSameInstance" classname="org.apache.commons.lang3.ValidateTest$NotEmpty$WithCollection$WithoutMessage" time="0"/>
  <testcase name="shouldReturnTheSameInstance" classname="org.apache.commons.lang3.ValidateTest$NotEmpty$WithArray$WithMessage" time="0.001"/>
  <testcase name="shouldReturnTheSameInstance" classname="org.apache.commons.lang3.ValidateTest$NotEmpty$WithArray$WithoutMessage" time="0"/>
  <testcase name="shouldReturnTheSameInstance" classname="org.apache.commons.lang3.ValidateTest$NotNull$WithMessage" time="0"/>
  <testcase name="shouldReturnTheSameInstance" classname="org.apache.commons.lang3.ValidateTest$NotNull$WithoutMessage" time="0"/>
  <testcase name="shouldThrowNullPointerExceptionWithDefaultMessageForNullCharSequence" classname="org.apache.commons.lang3.ValidateTest$NotEmpty$WithCharSequence$WithoutMessage" time="0.001"/>
  <testcase name="shouldNotThrowExceptionForMapContainingNullMapping" classname="org.apache.commons.lang3.ValidateTest$NotEmpty$WithMap$WithMessage" time="0"/>
  <testcase name="shouldNotThrowExceptionForMapContainingNullMapping" classname="org.apache.commons.lang3.ValidateTest$NotEmpty$WithMap$WithoutMessage" time="0"/>
  <testcase name="shouldThrowIllegalArgumentExceptionWithGivenMessageForEmptyMap" classname="org.apache.commons.lang3.ValidateTest$NotEmpty$WithMap$WithMessage" time="0"/>
  <testcase name="shouldThrowNullPointerExceptionWithGivenMessageForNullMap" classname="org.apache.commons.lang3.ValidateTest$NotEmpty$WithMap$WithMessage" time="0"/>
  <testcase name="shouldThrowIllegalArgumentExceptionWithDefaultMessageForEmptyMap" classname="org.apache.commons.lang3.ValidateTest$NotEmpty$WithMap$WithoutMessage" time="0"/>
  <testcase name="shouldThrowNullPointerExceptionWithDefaultMessageForNullMap" classname="org.apache.commons.lang3.ValidateTest$NotEmpty$WithMap$WithoutMessage" time="0"/>
  <testcase name="shouldNotThrowExceptionForCollectionContainingNullReference" classname="org.apache.commons.lang3.ValidateTest$NotEmpty$WithCollection$WithMessage" time="0"/>
  <testcase name="shouldNotThrowExceptionForCollectionContainingNullReference" classname="org.apache.commons.lang3.ValidateTest$NotEmpty$WithCollection$WithoutMessage" time="0"/>
  <testcase name="shouldThrowNullPointerExceptionWithGivenMessageForNullCollection" classname="org.apache.commons.lang3.ValidateTest$NotEmpty$WithCollection$WithMessage" time="0"/>
  <testcase name="shouldThrowIllegalArgumentExceptionWithGivenMessageForEmptyCollection" classname="org.apache.commons.lang3.ValidateTest$NotEmpty$WithCollection$WithMessage" time="0"/>
  <testcase name="shouldThrowIllegalArgumentExceptionWithDefaultMessageForEmptyCollection" classname="org.apache.commons.lang3.ValidateTest$NotEmpty$WithCollection$WithoutMessage" time="0"/>
  <testcase name="shouldThrowIllegalArgumentExceptionWithDefaultMessageForEmptyArray" classname="org.apache.commons.lang3.ValidateTest$NotEmpty$WithArray$WithMessage" time="0"/>
  <testcase name="shouldThrowIllegalArgumentExceptionWithDefaultMessageForEmptyArray" classname="org.apache.commons.lang3.ValidateTest$NotEmpty$WithArray$WithoutMessage" time="0"/>
  <testcase name="shouldNotThrowExceptionForArrayContainingNullReference" classname="org.apache.commons.lang3.ValidateTest$NotEmpty$WithArray$WithMessage" time="0"/>
  <testcase name="shouldNotThrowExceptionForArrayContainingNullReference" classname="org.apache.commons.lang3.ValidateTest$NotEmpty$WithArray$WithoutMessage" time="0"/>
  <testcase name="shouldThrowNullPointerExceptionWithGivenMessageForNullArray" classname="org.apache.commons.lang3.ValidateTest$NotEmpty$WithArray$WithMessage" time="0"/>
  <testcase name="shouldThrowExceptionWithGivenMessageForNullReference" classname="org.apache.commons.lang3.ValidateTest$NotNull$WithMessage" time="0.001"/>
  <testcase name="shouldNotThrowForNonNullReference" classname="org.apache.commons.lang3.ValidateTest$NotNull$WithMessage" time="0"/>
  <testcase name="shouldNotThrowForNonNullReference" classname="org.apache.commons.lang3.ValidateTest$NotNull$WithoutMessage" time="0"/>
  <testcase name="shouldThrowExceptionWithDefaultMessageForNullReference" classname="org.apache.commons.lang3.ValidateTest$NotNull$WithoutMessage" time="0.001"/>
  <testcase name="shouldThrowExceptionWithDoubleInsertedIntoTemplateMessageForFalseExpression" classname="org.apache.commons.lang3.ValidateTest$IsTrue$WithObjectTemplate" time="0"/>
  <testcase name="shouldThrowExceptionWithDoubleInsertedIntoTemplateMessageForFalseExpression" classname="org.apache.commons.lang3.ValidateTest$IsTrue$WithDoubleTemplate" time="0"/>
  <testcase name="shouldNotThrowForTrueExpression" classname="org.apache.commons.lang3.ValidateTest$IsTrue$WithObjectTemplate" time="0"/>
  <testcase name="shouldNotThrowForTrueExpression" classname="org.apache.commons.lang3.ValidateTest$IsTrue$WithDoubleTemplate" time="0"/>
  <testcase name="shouldNotThrowForTrueExpression" classname="org.apache.commons.lang3.ValidateTest$IsTrue$WithLongTemplate" time="0"/>
  <testcase name="shouldNotThrowForTrueExpression" classname="org.apache.commons.lang3.ValidateTest$IsTrue$WithMessage" time="0"/>
  <testcase name="shouldNotThrowForTrueExpression" classname="org.apache.commons.lang3.ValidateTest$IsTrue$WithoutMessage" time="0"/>
  <testcase name="shouldThrowExceptionWithLongInsertedIntoTemplateMessageForFalseExpression" classname="org.apache.commons.lang3.ValidateTest$IsTrue$WithLongTemplate" time="0"/>
  <testcase name="shouldThrowExceptionWithGivenMessageForFalseExpression" classname="org.apache.commons.lang3.ValidateTest$IsTrue$WithMessage" time="0.001"/>
  <testcase name="shouldThrowExceptionWithDefaultMessageForFalseExpression" classname="org.apache.commons.lang3.ValidateTest$IsTrue$WithoutMessage" time="0"/>
</testsuite>