<?xml version="1.0" encoding="UTF-8"?>
<testsuite xmlns:xsi="http://www.w3.org/2001/XMLSchema-instance" xsi:noNamespaceSchemaLocation="https://maven.apache.org/surefire/maven-surefire-plugin/xsd/surefire-test-report-3.0.xsd" version="3.0" name="org.apache.commons.lang3.time.FastDatePrinterTimeZonesTest" time="0.182" tests="629" errors="0" skipped="0" failures="0">
  <properties>
    <property name="awt.toolkit" value="sun.awt.X11.XToolkit"/>
    <property name="maven.test.error.ignore" value="true"/>
    <property name="file.encoding.pkg" value="sun.io"/>
    <property name="java.specification.version" value="1.8"/>
    <property name="sun.cpu.isalist" value=""/>
    <property name="sun.jnu.encoding" value="UTF-8"/>
    <property name="java.class.path" value="/tmp/tmpten4yovi/commons-lang/target/test-classes:/tmp/tmpten4yovi/commons-lang/target/classes:/home/jdbl/.m2/repository/org/junit/jupiter/junit-jupiter/5.4.0/junit-jupiter-5.4.0.jar:/home/jdbl/.m2/repository/org/junit/jupiter/junit-jupiter-api/5.4.0/junit-jupiter-api-5.4.0.jar:/home/jdbl/.m2/repository/org/apiguardian/apiguardian-api/1.0.0/apiguardian-api-1.0.0.jar:/home/jdbl/.m2/repository/org/opentest4j/opentest4j/1.1.1/opentest4j-1.1.1.jar:/home/jdbl/.m2/repository/org/junit/platform/junit-platform-commons/1.4.0/junit-platform-commons-1.4.0.jar:/home/jdbl/.m2/repository/org/junit/jupiter/junit-jupiter-params/5.4.0/junit-jupiter-params-5.4.0.jar:/home/jdbl/.m2/repository/org/junit/jupiter/junit-jupiter-engine/5.4.0/junit-jupiter-engine-5.4.0.jar:/home/jdbl/.m2/repository/org/junit/platform/junit-platform-engine/1.4.0/junit-platform-engine-1.4.0.jar:/home/jdbl/.m2/repository/org/junit-pioneer/junit-pioneer/0.3.0/junit-pioneer-0.3.0.jar:/home/jdbl/.m2/repository/org/hamcrest/hamcrest/2.1/hamcrest-2.1.jar:/home/jdbl/.m2/repository/org/easymock/easymock/4.0.2/easymock-4.0.2.jar:/home/jdbl/.m2/repository/org/objenesis/objenesis/3.0.1/objenesis-3.0.1.jar:/home/jdbl/.m2/repository/org/openjdk/jmh/jmh-core/1.21/jmh-core-1.21.jar:/home/jdbl/.m2/repository/net/sf/jopt-simple/jopt-simple/4.6/jopt-simple-4.6.jar:/home/jdbl/.m2/repository/org/apache/commons/commons-math3/3.2/commons-math3-3.2.jar:/home/jdbl/.m2/repository/org/openjdk/jmh/jmh-generator-annprocess/1.21/jmh-generator-annprocess-1.21.jar:"/>
    <property name="java.vm.vendor" value="Oracle Corporation"/>
    <property name="maven.javadoc.skip" value="true"/>
    <property name="sun.arch.data.model" value="64"/>
    <property name="java.vendor.url" value="http://java.oracle.com/"/>
    <property name="user.timezone" value=""/>
    <property name="java.vm.specification.version" value="1.8"/>
    <property name="os.name" value="Linux"/>
    <property name="rat.skip" value="true"/>
    <property name="sun.java.launcher" value="SUN_STANDARD"/>
    <property name="sun.boot.library.path" value="/usr/local/openjdk-8/jre/lib/amd64"/>
    <property name="sun.java.command" value="/tmp/tmpten4yovi/commons-lang/target/surefire/surefirebooter4787139733667255984.jar /tmp/tmpten4yovi/commons-lang/target/surefire 2020-07-30T16-22-06_072-jvmRun1 surefire7503121307497760333tmp surefire_07447103984973603193tmp"/>
    <property name="surefire.test.class.path" value="/tmp/tmpten4yovi/commons-lang/target/test-classes:/tmp/tmpten4yovi/commons-lang/target/classes:/home/jdbl/.m2/repository/org/junit/jupiter/junit-jupiter/5.4.0/junit-jupiter-5.4.0.jar:/home/jdbl/.m2/repository/org/junit/jupiter/junit-jupiter-api/5.4.0/junit-jupiter-api-5.4.0.jar:/home/jdbl/.m2/repository/org/apiguardian/apiguardian-api/1.0.0/apiguardian-api-1.0.0.jar:/home/jdbl/.m2/repository/org/opentest4j/opentest4j/1.1.1/opentest4j-1.1.1.jar:/home/jdbl/.m2/repository/org/junit/platform/junit-platform-commons/1.4.0/junit-platform-commons-1.4.0.jar:/home/jdbl/.m2/repository/org/junit/jupiter/junit-jupiter-params/5.4.0/junit-jupiter-params-5.4.0.jar:/home/jdbl/.m2/repository/org/junit/jupiter/junit-jupiter-engine/5.4.0/junit-jupiter-engine-5.4.0.jar:/home/jdbl/.m2/repository/org/junit/platform/junit-platform-engine/1.4.0/junit-platform-engine-1.4.0.jar:/home/jdbl/.m2/repository/org/junit-pioneer/junit-pioneer/0.3.0/junit-pioneer-0.3.0.jar:/home/jdbl/.m2/repository/org/hamcrest/hamcrest/2.1/hamcrest-2.1.jar:/home/jdbl/.m2/repository/org/easymock/easymock/4.0.2/easymock-4.0.2.jar:/home/jdbl/.m2/repository/org/objenesis/objenesis/3.0.1/objenesis-3.0.1.jar:/home/jdbl/.m2/repository/org/openjdk/jmh/jmh-core/1.21/jmh-core-1.21.jar:/home/jdbl/.m2/repository/net/sf/jopt-simple/jopt-simple/4.6/jopt-simple-4.6.jar:/home/jdbl/.m2/repository/org/apache/commons/commons-math3/3.2/commons-math3-3.2.jar:/home/jdbl/.m2/repository/org/openjdk/jmh/jmh-generator-annprocess/1.21/jmh-generator-annprocess-1.21.jar:"/>
    <property name="sun.cpu.endian" value="little"/>
    <property name="user.home" value="/home/jdbl"/>
    <property name="user.language" value="en"/>
    <property name="java.specification.vendor" value="Oracle Corporation"/>
    <property name="java.home" value="/usr/local/openjdk-8/jre"/>
    <property name="basedir" value="/tmp/tmpten4yovi/commons-lang"/>
    <property name="file.separator" value="/"/>
    <property name="line.separator" value="&#10;"/>
    <property name="source.skip" value="true"/>
    <property name="java.vm.specification.vendor" value="Oracle Corporation"/>
    <property name="java.specification.name" value="Java Platform API Specification"/>
    <property name="java.awt.graphicsenv" value="sun.awt.X11GraphicsEnvironment"/>
    <property name="surefire.real.class.path" value="/tmp/tmpten4yovi/commons-lang/target/surefire/surefirebooter4787139733667255984.jar:/home/jdbl/.m2/repository/org/jacoco/org.jacoco.agent/0.8.3/org.jacoco.agent-0.8.3-runtime.jar"/>
    <property name="sun.boot.class.path" value="/usr/local/openjdk-8/jre/lib/resources.jar:/usr/local/openjdk-8/jre/lib/rt.jar:/usr/local/openjdk-8/jre/lib/sunrsasign.jar:/usr/local/openjdk-8/jre/lib/jsse.jar:/usr/local/openjdk-8/jre/lib/jce.jar:/usr/local/openjdk-8/jre/lib/charsets.jar:/usr/local/openjdk-8/jre/lib/jfr.jar:/usr/local/openjdk-8/jre/classes"/>
    <property name="sun.management.compiler" value="HotSpot 64-Bit Tiered Compilers"/>
    <property name="java.runtime.version" value="1.8.0_262-b10"/>
    <property name="user.name" value="jdbl"/>
    <property name="path.separator" value=":"/>
    <property name="os.version" value="4.15.0-109-generic"/>
    <property name="java.endorsed.dirs" value="/usr/local/openjdk-8/jre/lib/endorsed"/>
    <property name="java.runtime.name" value="OpenJDK Runtime Environment"/>
    <property name="file.encoding" value="UTF-8"/>
    <property name="java.vm.name" value="OpenJDK 64-Bit Server VM"/>
    <property name="localRepository" value="/home/jdbl/.m2/repository"/>
    <property name="java.vendor.url.bug" value="http://bugreport.sun.com/bugreport/"/>
    <property name="java.io.tmpdir" value="/tmp"/>
    <property name="java.version" value="1.8.0_262"/>
    <property name="user.dir" value="/tmp/tmpten4yovi/commons-lang"/>
    <property name="os.arch" value="amd64"/>
    <property name="license.skip" value="true"/>
    <property name="animal.sniffer.skip" value="true"/>
    <property name="java.vm.specification.name" value="Java Virtual Machine Specification"/>
    <property name="java.awt.printerjob" value="sun.print.PSPrinterJob"/>
    <property name="sun.os.patch.level" value="unknown"/>
    <property name="java.library.path" value="/usr/java/packages/lib/amd64:/usr/lib64:/lib64:/lib:/usr/lib"/>
    <property name="java.vm.info" value="mixed mode"/>
    <property name="java.vendor" value="Oracle Corporation"/>
    <property name="java.vm.version" value="25.262-b10"/>
    <property name="java.ext.dirs" value="/usr/local/openjdk-8/jre/lib/ext:/usr/java/packages/lib/ext"/>
    <property name="sun.io.unicode.encoding" value="UnicodeLittle"/>
    <property name="java.class.version" value="52.0"/>
    <property name="maven.test.failure.ignore" value="true"/>
  </properties>
  <testcase name="testCalendarTimezoneRespected{TimeZone}[1]" classname="org.apache.commons.lang3.time.FastDatePrinterTimeZonesTest" time="0"/>
  <testcase name="testCalendarTimezoneRespected{TimeZone}[2]" classname="org.apache.commons.lang3.time.FastDatePrinterTimeZonesTest" time="0.001"/>
  <testcase name="testCalendarTimezoneRespected{TimeZone}[3]" classname="org.apache.commons.lang3.time.FastDatePrinterTimeZonesTest" time="0"/>
  <testcase name="testCalendarTimezoneRespected{TimeZone}[4]" classname="org.apache.commons.lang3.time.FastDatePrinterTimeZonesTest" time="0"/>
  <testcase name="testCalendarTimezoneRespected{TimeZone}[5]" classname="org.apache.commons.lang3.time.FastDatePrinterTimeZonesTest" time="0"/>
  <testcase name="testCalendarTimezoneRespected{TimeZone}[6]" classname="org.apache.commons.lang3.time.FastDatePrinterTimeZonesTest" time="0"/>
  <testcase name="testCalendarTimezoneRespected{TimeZone}[7]" classname="org.apache.commons.lang3.time.FastDatePrinterTimeZonesTest" time="0.001"/>
  <testcase name="testCalendarTimezoneRespected{TimeZone}[8]" classname="org.apache.commons.lang3.time.FastDatePrinterTimeZonesTest" time="0"/>
  <testcase name="testCalendarTimezoneRespected{TimeZone}[9]" classname="org.apache.commons.lang3.time.FastDatePrinterTimeZonesTest" time="0"/>
  <testcase name="testCalendarTimezoneRespected{TimeZone}[10]" classname="org.apache.commons.lang3.time.FastDatePrinterTimeZonesTest" time="0"/>
  <testcase name="testCalendarTimezoneRespected{TimeZone}[11]" classname="org.apache.commons.lang3.time.FastDatePrinterTimeZonesTest" time="0.001"/>
  <testcase name="testCalendarTimezoneRespected{TimeZone}[12]" classname="org.apache.commons.lang3.time.FastDatePrinterTimeZonesTest" time="0"/>
  <testcase name="testCalendarTimezoneRespected{TimeZone}[13]" classname="org.apache.commons.lang3.time.FastDatePrinterTimeZonesTest" time="0"/>
  <testcase name="testCalendarTimezoneRespected{TimeZone}[14]" classname="org.apache.commons.lang3.time.FastDatePrinterTimeZonesTest" time="0"/>
  <testcase name="testCalendarTimezoneRespected{TimeZone}[15]" classname="org.apache.commons.lang3.time.FastDatePrinterTimeZonesTest" time="0"/>
  <testcase name="testCalendarTimezoneRespected{TimeZone}[16]" classname="org.apache.commons.lang3.time.FastDatePrinterTimeZonesTest" time="0"/>
  <testcase name="testCalendarTimezoneRespected{TimeZone}[17]" classname="org.apache.commons.lang3.time.FastDatePrinterTimeZonesTest" time="0.001"/>
  <testcase name="testCalendarTimezoneRespected{TimeZone}[18]" classname="org.apache.commons.lang3.time.FastDatePrinterTimeZonesTest" time="0"/>
  <testcase name="testCalendarTimezoneRespected{TimeZone}[19]" classname="org.apache.commons.lang3.time.FastDatePrinterTimeZonesTest" time="0"/>
  <testcase name="testCalendarTimezoneRespected{TimeZone}[20]" classname="org.apache.commons.lang3.time.FastDatePrinterTimeZonesTest" time="0"/>
  <testcase name="testCalendarTimezoneRespected{TimeZone}[21]" classname="org.apache.commons.lang3.time.FastDatePrinterTimeZonesTest" time="0"/>
  <testcase name="testCalendarTimezoneRespected{TimeZone}[22]" classname="org.apache.commons.lang3.time.FastDatePrinterTimeZonesTest" time="0"/>
  <testcase name="testCalendarTimezoneRespected{TimeZone}[23]" classname="org.apache.commons.lang3.time.FastDatePrinterTimeZonesTest" time="0"/>
  <testcase name="testCalendarTimezoneRespected{TimeZone}[24]" classname="org.apache.commons.lang3.time.FastDatePrinterTimeZonesTest" time="0.001"/>
  <testcase name="testCalendarTimezoneRespected{TimeZone}[25]" classname="org.apache.commons.lang3.time.FastDatePrinterTimeZonesTest" time="0"/>
  <testcase name="testCalendarTimezoneRespected{TimeZone}[26]" classname="org.apache.commons.lang3.time.FastDatePrinterTimeZonesTest" time="0"/>
  <testcase name="testCalendarTimezoneRespected{TimeZone}[27]" classname="org.apache.commons.lang3.time.FastDatePrinterTimeZonesTest" time="0.001"/>
  <testcase name="testCalendarTimezoneRespected{TimeZone}[28]" classname="org.apache.commons.lang3.time.FastDatePrinterTimeZonesTest" time="0"/>
  <testcase name="testCalendarTimezoneRespected{TimeZone}[29]" classname="org.apache.commons.lang3.time.FastDatePrinterTimeZonesTest" time="0"/>
  <testcase name="testCalendarTimezoneRespected{TimeZone}[30]" classname="org.apache.commons.lang3.time.FastDatePrinterTimeZonesTest" time="0"/>
  <testcase name="testCalendarTimezoneRespected{TimeZone}[31]" classname="org.apache.commons.lang3.time.FastDatePrinterTimeZonesTest" time="0"/>
  <testcase name="testCalendarTimezoneRespected{TimeZone}[32]" classname="org.apache.commons.lang3.time.FastDatePrinterTimeZonesTest" time="0"/>
  <testcase name="testCalendarTimezoneRespected{TimeZone}[33]" classname="org.apache.commons.lang3.time.FastDatePrinterTimeZonesTest" time="0"/>
  <testcase name="testCalendarTimezoneRespected{TimeZone}[34]" classname="org.apache.commons.lang3.time.FastDatePrinterTimeZonesTest" time="0.001"/>
  <testcase name="testCalendarTimezoneRespected{TimeZone}[35]" classname="org.apache.commons.lang3.time.FastDatePrinterTimeZonesTest" time="0"/>
  <testcase name="testCalendarTimezoneRespected{TimeZone}[36]" classname="org.apache.commons.lang3.time.FastDatePrinterTimeZonesTest" time="0"/>
  <testcase name="testCalendarTimezoneRespected{TimeZone}[37]" classname="org.apache.commons.lang3.time.FastDatePrinterTimeZonesTest" time="0"/>
  <testcase name="testCalendarTimezoneRespected{TimeZone}[38]" classname="org.apache.commons.lang3.time.FastDatePrinterTimeZonesTest" time="0"/>
  <testcase name="testCalendarTimezoneRespected{TimeZone}[39]" classname="org.apache.commons.lang3.time.FastDatePrinterTimeZonesTest" time="0.001"/>
  <testcase name="testCalendarTimezoneRespected{TimeZone}[40]" classname="org.apache.commons.lang3.time.FastDatePrinterTimeZonesTest" time="0"/>
  <testcase name="testCalendarTimezoneRespected{TimeZone}[41]" classname="org.apache.commons.lang3.time.FastDatePrinterTimeZonesTest" time="0"/>
  <testcase name="testCalendarTimezoneRespected{TimeZone}[42]" classname="org.apache.commons.lang3.time.FastDatePrinterTimeZonesTest" time="0"/>
  <testcase name="testCalendarTimezoneRespected{TimeZone}[43]" classname="org.apache.commons.lang3.time.FastDatePrinterTimeZonesTest" time="0"/>
  <testcase name="testCalendarTimezoneRespected{TimeZone}[44]" classname="org.apache.commons.lang3.time.FastDatePrinterTimeZonesTest" time="0"/>
  <testcase name="testCalendarTimezoneRespected{TimeZone}[45]" classname="org.apache.commons.lang3.time.FastDatePrinterTimeZonesTest" time="0"/>
  <testcase name="testCalendarTimezoneRespected{TimeZone}[46]" classname="org.apache.commons.lang3.time.FastDatePrinterTimeZonesTest" time="0.001"/>
  <testcase name="testCalendarTimezoneRespected{TimeZone}[47]" classname="org.apache.commons.lang3.time.FastDatePrinterTimeZonesTest" time="0"/>
  <testcase name="testCalendarTimezoneRespected{TimeZone}[48]" classname="org.apache.commons.lang3.time.FastDatePrinterTimeZonesTest" time="0"/>
  <testcase name="testCalendarTimezoneRespected{TimeZone}[49]" classname="org.apache.commons.lang3.time.FastDatePrinterTimeZonesTest" time="0"/>
  <testcase name="testCalendarTimezoneRespected{TimeZone}[50]" classname="org.apache.commons.lang3.time.FastDatePrinterTimeZonesTest" time="0"/>
  <testcase name="testCalendarTimezoneRespected{TimeZone}[51]" classname="org.apache.commons.lang3.time.FastDatePrinterTimeZonesTest" time="0.001"/>
  <testcase name="testCalendarTimezoneRespected{TimeZone}[52]" classname="org.apache.commons.lang3.time.FastDatePrinterTimeZonesTest" time="0"/>
  <testcase name="testCalendarTimezoneRespected{TimeZone}[53]" classname="org.apache.commons.lang3.time.FastDatePrinterTimeZonesTest" time="0"/>
  <testcase name="testCalendarTimezoneRespected{TimeZone}[54]" classname="org.apache.commons.lang3.time.FastDatePrinterTimeZonesTest" time="0.001"/>
  <testcase name="testCalendarTimezoneRespected{TimeZone}[55]" classname="org.apache.commons.lang3.time.FastDatePrinterTimeZonesTest" time="0"/>
  <testcase name="testCalendarTimezoneRespected{TimeZone}[56]" classname="org.apache.commons.lang3.time.FastDatePrinterTimeZonesTest" time="0"/>
  <testcase name="testCalendarTimezoneRespected{TimeZone}[57]" classname="org.apache.commons.lang3.time.FastDatePrinterTimeZonesTest" time="0"/>
  <testcase name="testCalendarTimezoneRespected{TimeZone}[58]" classname="org.apache.commons.lang3.time.FastDatePrinterTimeZonesTest" time="0"/>
  <testcase name="testCalendarTimezoneRespected{TimeZone}[59]" classname="org.apache.commons.lang3.time.FastDatePrinterTimeZonesTest" time="0.001"/>
  <testcase name="testCalendarTimezoneRespected{TimeZone}[60]" classname="org.apache.commons.lang3.time.FastDatePrinterTimeZonesTest" time="0"/>
  <testcase name="testCalendarTimezoneRespected{TimeZone}[61]" classname="org.apache.commons.lang3.time.FastDatePrinterTimeZonesTest" time="0"/>
  <testcase name="testCalendarTimezoneRespected{TimeZone}[62]" classname="org.apache.commons.lang3.time.FastDatePrinterTimeZonesTest" time="0"/>
  <testcase name="testCalendarTimezoneRespected{TimeZone}[63]" classname="org.apache.commons.lang3.time.FastDatePrinterTimeZonesTest" time="0"/>
  <testcase name="testCalendarTimezoneRespected{TimeZone}[64]" classname="org.apache.commons.lang3.time.FastDatePrinterTimeZonesTest" time="0.001"/>
  <testcase name="testCalendarTimezoneRespected{TimeZone}[65]" classname="org.apache.commons.lang3.time.FastDatePrinterTimeZonesTest" time="0"/>
  <testcase name="testCalendarTimezoneRespected{TimeZone}[66]" classname="org.apache.commons.lang3.time.FastDatePrinterTimeZonesTest" time="0"/>
  <testcase name="testCalendarTimezoneRespected{TimeZone}[67]" classname="org.apache.commons.lang3.time.FastDatePrinterTimeZonesTest" time="0.001"/>
  <testcase name="testCalendarTimezoneRespected{TimeZone}[68]" classname="org.apache.commons.lang3.time.FastDatePrinterTimeZonesTest" time="0"/>
  <testcase name="testCalendarTimezoneRespected{TimeZone}[69]" classname="org.apache.commons.lang3.time.FastDatePrinterTimeZonesTest" time="0"/>
  <testcase name="testCalendarTimezoneRespected{TimeZone}[70]" classname="org.apache.commons.lang3.time.FastDatePrinterTimeZonesTest" time="0"/>
  <testcase name="testCalendarTimezoneRespected{TimeZone}[71]" classname="org.apache.commons.lang3.time.FastDatePrinterTimeZonesTest" time="0"/>
  <testcase name="testCalendarTimezoneRespected{TimeZone}[72]" classname="org.apache.commons.lang3.time.FastDatePrinterTimeZonesTest" time="0.001"/>
  <testcase name="testCalendarTimezoneRespected{TimeZone}[73]" classname="org.apache.commons.lang3.time.FastDatePrinterTimeZonesTest" time="0"/>
  <testcase name="testCalendarTimezoneRespected{TimeZone}[74]" classname="org.apache.commons.lang3.time.FastDatePrinterTimeZonesTest" time="0"/>
  <testcase name="testCalendarTimezoneRespected{TimeZone}[75]" classname="org.apache.commons.lang3.time.FastDatePrinterTimeZonesTest" time="0.001"/>
  <testcase name="testCalendarTimezoneRespected{TimeZone}[76]" classname="org.apache.commons.lang3.time.FastDatePrinterTimeZonesTest" time="0"/>
  <testcase name="testCalendarTimezoneRespected{TimeZone}[77]" classname="org.apache.commons.lang3.time.FastDatePrinterTimeZonesTest" time="0"/>
  <testcase name="testCalendarTimezoneRespected{TimeZone}[78]" classname="org.apache.commons.lang3.time.FastDatePrinterTimeZonesTest" time="0.001"/>
  <testcase name="testCalendarTimezoneRespected{TimeZone}[79]" classname="org.apache.commons.lang3.time.FastDatePrinterTimeZonesTest" time="0"/>
  <testcase name="testCalendarTimezoneRespected{TimeZone}[80]" classname="org.apache.commons.lang3.time.FastDatePrinterTimeZonesTest" time="0"/>
  <testcase name="testCalendarTimezoneRespected{TimeZone}[81]" classname="org.apache.commons.lang3.time.FastDatePrinterTimeZonesTest" time="0.001"/>
  <testcase name="testCalendarTimezoneRespected{TimeZone}[82]" classname="org.apache.commons.lang3.time.FastDatePrinterTimeZonesTest" time="0"/>
  <testcase name="testCalendarTimezoneRespected{TimeZone}[83]" classname="org.apache.commons.lang3.time.FastDatePrinterTimeZonesTest" time="0"/>
  <testcase name="testCalendarTimezoneRespected{TimeZone}[84]" classname="org.apache.commons.lang3.time.FastDatePrinterTimeZonesTest" time="0"/>
  <testcase name="testCalendarTimezoneRespected{TimeZone}[85]" classname="org.apache.commons.lang3.time.FastDatePrinterTimeZonesTest" time="0"/>
  <testcase name="testCalendarTimezoneRespected{TimeZone}[86]" classname="org.apache.commons.lang3.time.FastDatePrinterTimeZonesTest" time="0"/>
  <testcase name="testCalendarTimezoneRespected{TimeZone}[87]" classname="org.apache.commons.lang3.time.FastDatePrinterTimeZonesTest" time="0"/>
  <testcase name="testCalendarTimezoneRespected{TimeZone}[88]" classname="org.apache.commons.lang3.time.FastDatePrinterTimeZonesTest" time="0"/>
  <testcase name="testCalendarTimezoneRespected{TimeZone}[89]" classname="org.apache.commons.lang3.time.FastDatePrinterTimeZonesTest" time="0"/>
  <testcase name="testCalendarTimezoneRespected{TimeZone}[90]" classname="org.apache.commons.lang3.time.FastDatePrinterTimeZonesTest" time="0"/>
  <testcase name="testCalendarTimezoneRespected{TimeZone}[91]" classname="org.apache.commons.lang3.time.FastDatePrinterTimeZonesTest" time="0"/>
  <testcase name="testCalendarTimezoneRespected{TimeZone}[92]" classname="org.apache.commons.lang3.time.FastDatePrinterTimeZonesTest" time="0"/>
  <testcase name="testCalendarTimezoneRespected{TimeZone}[93]" classname="org.apache.commons.lang3.time.FastDatePrinterTimeZonesTest" time="0"/>
  <testcase name="testCalendarTimezoneRespected{TimeZone}[94]" classname="org.apache.commons.lang3.time.FastDatePrinterTimeZonesTest" time="0"/>
  <testcase name="testCalendarTimezoneRespected{TimeZone}[95]" classname="org.apache.commons.lang3.time.FastDatePrinterTimeZonesTest" time="0"/>
  <testcase name="testCalendarTimezoneRespected{TimeZone}[96]" classname="org.apache.commons.lang3.time.FastDatePrinterTimeZonesTest" time="0"/>
  <testcase name="testCalendarTimezoneRespected{TimeZone}[97]" classname="org.apache.commons.lang3.time.FastDatePrinterTimeZonesTest" time="0.001"/>
  <testcase name="testCalendarTimezoneRespected{TimeZone}[98]" classname="org.apache.commons.lang3.time.FastDatePrinterTimeZonesTest" time="0"/>
  <testcase name="testCalendarTimezoneRespected{TimeZone}[99]" classname="org.apache.commons.lang3.time.FastDatePrinterTimeZonesTest" time="0"/>
  <testcase name="testCalendarTimezoneRespected{TimeZone}[100]" classname="org.apache.commons.lang3.time.FastDatePrinterTimeZonesTest" time="0"/>
  <testcase name="testCalendarTimezoneRespected{TimeZone}[101]" classname="org.apache.commons.lang3.time.FastDatePrinterTimeZonesTest" time="0"/>
  <testcase name="testCalendarTimezoneRespected{TimeZone}[102]" classname="org.apache.commons.lang3.time.FastDatePrinterTimeZonesTest" time="0"/>
  <testcase name="testCalendarTimezoneRespected{TimeZone}[103]" classname="org.apache.commons.lang3.time.FastDatePrinterTimeZonesTest" time="0"/>
  <testcase name="testCalendarTimezoneRespected{TimeZone}[104]" classname="org.apache.commons.lang3.time.FastDatePrinterTimeZonesTest" time="0"/>
  <testcase name="testCalendarTimezoneRespected{TimeZone}[105]" classname="org.apache.commons.lang3.time.FastDatePrinterTimeZonesTest" time="0"/>
  <testcase name="testCalendarTimezoneRespected{TimeZone}[106]" classname="org.apache.commons.lang3.time.FastDatePrinterTimeZonesTest" time="0"/>
  <testcase name="testCalendarTimezoneRespected{TimeZone}[107]" classname="org.apache.commons.lang3.time.FastDatePrinterTimeZonesTest" time="0"/>
  <testcase name="testCalendarTimezoneRespected{TimeZone}[108]" classname="org.apache.commons.lang3.time.FastDatePrinterTimeZonesTest" time="0.001"/>
  <testcase name="testCalendarTimezoneRespected{TimeZone}[109]" classname="org.apache.commons.lang3.time.FastDatePrinterTimeZonesTest" time="0"/>
  <testcase name="testCalendarTimezoneRespected{TimeZone}[110]" classname="org.apache.commons.lang3.time.FastDatePrinterTimeZonesTest" time="0"/>
  <testcase name="testCalendarTimezoneRespected{TimeZone}[111]" classname="org.apache.commons.lang3.time.FastDatePrinterTimeZonesTest" time="0.001"/>
  <testcase name="testCalendarTimezoneRespected{TimeZone}[112]" classname="org.apache.commons.lang3.time.FastDatePrinterTimeZonesTest" time="0"/>
  <testcase name="testCalendarTimezoneRespected{TimeZone}[113]" classname="org.apache.commons.lang3.time.FastDatePrinterTimeZonesTest" time="0"/>
  <testcase name="testCalendarTimezoneRespected{TimeZone}[114]" classname="org.apache.commons.lang3.time.FastDatePrinterTimeZonesTest" time="0.001"/>
  <testcase name="testCalendarTimezoneRespected{TimeZone}[115]" classname="org.apache.commons.lang3.time.FastDatePrinterTimeZonesTest" time="0"/>
  <testcase name="testCalendarTimezoneRespected{TimeZone}[116]" classname="org.apache.commons.lang3.time.FastDatePrinterTimeZonesTest" time="0"/>
  <testcase name="testCalendarTimezoneRespected{TimeZone}[117]" classname="org.apache.commons.lang3.time.FastDatePrinterTimeZonesTest" time="0"/>
  <testcase name="testCalendarTimezoneRespected{TimeZone}[118]" classname="org.apache.commons.lang3.time.FastDatePrinterTimeZonesTest" time="0"/>
  <testcase name="testCalendarTimezoneRespected{TimeZone}[119]" classname="org.apache.commons.lang3.time.FastDatePrinterTimeZonesTest" time="0"/>
  <testcase name="testCalendarTimezoneRespected{TimeZone}[120]" classname="org.apache.commons.lang3.time.FastDatePrinterTimeZonesTest" time="0"/>
  <testcase name="testCalendarTimezoneRespected{TimeZone}[121]" classname="org.apache.commons.lang3.time.FastDatePrinterTimeZonesTest" time="0"/>
  <testcase name="testCalendarTimezoneRespected{TimeZone}[122]" classname="org.apache.commons.lang3.time.FastDatePrinterTimeZonesTest" time="0.001"/>
  <testcase name="testCalendarTimezoneRespected{TimeZone}[123]" classname="org.apache.commons.lang3.time.FastDatePrinterTimeZonesTest" time="0"/>
  <testcase name="testCalendarTimezoneRespected{TimeZone}[124]" classname="org.apache.commons.lang3.time.FastDatePrinterTimeZonesTest" time="0"/>
  <testcase name="testCalendarTimezoneRespected{TimeZone}[125]" classname="org.apache.commons.lang3.time.FastDatePrinterTimeZonesTest" time="0"/>
  <testcase name="testCalendarTimezoneRespected{TimeZone}[126]" classname="org.apache.commons.lang3.time.FastDatePrinterTimeZonesTest" time="0"/>
  <testcase name="testCalendarTimezoneRespected{TimeZone}[127]" classname="org.apache.commons.lang3.time.FastDatePrinterTimeZonesTest" time="0"/>
  <testcase name="testCalendarTimezoneRespected{TimeZone}[128]" classname="org.apache.commons.lang3.time.FastDatePrinterTimeZonesTest" time="0.001"/>
  <testcase name="testCalendarTimezoneRespected{TimeZone}[129]" classname="org.apache.commons.lang3.time.FastDatePrinterTimeZonesTest" time="0"/>
  <testcase name="testCalendarTimezoneRespected{TimeZone}[130]" classname="org.apache.commons.lang3.time.FastDatePrinterTimeZonesTest" time="0"/>
  <testcase name="testCalendarTimezoneRespected{TimeZone}[131]" classname="org.apache.commons.lang3.time.FastDatePrinterTimeZonesTest" time="0.001"/>
  <testcase name="testCalendarTimezoneRespected{TimeZone}[132]" classname="org.apache.commons.lang3.time.FastDatePrinterTimeZonesTest" time="0"/>
  <testcase name="testCalendarTimezoneRespected{TimeZone}[133]" classname="org.apache.commons.lang3.time.FastDatePrinterTimeZonesTest" time="0"/>
  <testcase name="testCalendarTimezoneRespected{TimeZone}[134]" classname="org.apache.commons.lang3.time.FastDatePrinterTimeZonesTest" time="0"/>
  <testcase name="testCalendarTimezoneRespected{TimeZone}[135]" classname="org.apache.commons.lang3.time.FastDatePrinterTimeZonesTest" time="0"/>
  <testcase name="testCalendarTimezoneRespected{TimeZone}[136]" classname="org.apache.commons.lang3.time.FastDatePrinterTimeZonesTest" time="0"/>
  <testcase name="testCalendarTimezoneRespected{TimeZone}[137]" classname="org.apache.commons.lang3.time.FastDatePrinterTimeZonesTest" time="0.001"/>
  <testcase name="testCalendarTimezoneRespected{TimeZone}[138]" classname="org.apache.commons.lang3.time.FastDatePrinterTimeZonesTest" time="0"/>
  <testcase name="testCalendarTimezoneRespected{TimeZone}[139]" classname="org.apache.commons.lang3.time.FastDatePrinterTimeZonesTest" time="0"/>
  <testcase name="testCalendarTimezoneRespected{TimeZone}[140]" classname="org.apache.commons.lang3.time.FastDatePrinterTimeZonesTest" time="0.001"/>
  <testcase name="testCalendarTimezoneRespected{TimeZone}[141]" classname="org.apache.commons.lang3.time.FastDatePrinterTimeZonesTest" time="0"/>
  <testcase name="testCalendarTimezoneRespected{TimeZone}[142]" classname="org.apache.commons.lang3.time.FastDatePrinterTimeZonesTest" time="0"/>
  <testcase name="testCalendarTimezoneRespected{TimeZone}[143]" classname="org.apache.commons.lang3.time.FastDatePrinterTimeZonesTest" time="0"/>
  <testcase name="testCalendarTimezoneRespected{TimeZone}[144]" classname="org.apache.commons.lang3.time.FastDatePrinterTimeZonesTest" time="0"/>
  <testcase name="testCalendarTimezoneRespected{TimeZone}[145]" classname="org.apache.commons.lang3.time.FastDatePrinterTimeZonesTest" time="0"/>
  <testcase name="testCalendarTimezoneRespected{TimeZone}[146]" classname="org.apache.commons.lang3.time.FastDatePrinterTimeZonesTest" time="0"/>
  <testcase name="testCalendarTimezoneRespected{TimeZone}[147]" classname="org.apache.commons.lang3.time.FastDatePrinterTimeZonesTest" time="0"/>
  <testcase name="testCalendarTimezoneRespected{TimeZone}[148]" classname="org.apache.commons.lang3.time.FastDatePrinterTimeZonesTest" time="0"/>
  <testcase name="testCalendarTimezoneRespected{TimeZone}[149]" classname="org.apache.commons.lang3.time.FastDatePrinterTimeZonesTest" time="0"/>
  <testcase name="testCalendarTimezoneRespected{TimeZone}[150]" classname="org.apache.commons.lang3.time.FastDatePrinterTimeZonesTest" time="0.001"/>
  <testcase name="testCalendarTimezoneRespected{TimeZone}[151]" classname="org.apache.commons.lang3.time.FastDatePrinterTimeZonesTest" time="0"/>
  <testcase name="testCalendarTimezoneRespected{TimeZone}[152]" classname="org.apache.commons.lang3.time.FastDatePrinterTimeZonesTest" time="0"/>
  <testcase name="testCalendarTimezoneRespected{TimeZone}[153]" classname="org.apache.commons.lang3.time.FastDatePrinterTimeZonesTest" time="0"/>
  <testcase name="testCalendarTimezoneRespected{TimeZone}[154]" classname="org.apache.commons.lang3.time.FastDatePrinterTimeZonesTest" time="0"/>
  <testcase name="testCalendarTimezoneRespected{TimeZone}[155]" classname="org.apache.commons.lang3.time.FastDatePrinterTimeZonesTest" time="0"/>
  <testcase name="testCalendarTimezoneRespected{TimeZone}[156]" classname="org.apache.commons.lang3.time.FastDatePrinterTimeZonesTest" time="0"/>
  <testcase name="testCalendarTimezoneRespected{TimeZone}[157]" classname="org.apache.commons.lang3.time.FastDatePrinterTimeZonesTest" time="0.001"/>
  <testcase name="testCalendarTimezoneRespected{TimeZone}[158]" classname="org.apache.commons.lang3.time.FastDatePrinterTimeZonesTest" time="0"/>
  <testcase name="testCalendarTimezoneRespected{TimeZone}[159]" classname="org.apache.commons.lang3.time.FastDatePrinterTimeZonesTest" time="0"/>
  <testcase name="testCalendarTimezoneRespected{TimeZone}[160]" classname="org.apache.commons.lang3.time.FastDatePrinterTimeZonesTest" time="0"/>
  <testcase name="testCalendarTimezoneRespected{TimeZone}[161]" classname="org.apache.commons.lang3.time.FastDatePrinterTimeZonesTest" time="0"/>
  <testcase name="testCalendarTimezoneRespected{TimeZone}[162]" classname="org.apache.commons.lang3.time.FastDatePrinterTimeZonesTest" time="0"/>
  <testcase name="testCalendarTimezoneRespected{TimeZone}[163]" classname="org.apache.commons.lang3.time.FastDatePrinterTimeZonesTest" time="0"/>
  <testcase name="testCalendarTimezoneRespected{TimeZone}[164]" classname="org.apache.commons.lang3.time.FastDatePrinterTimeZonesTest" time="0"/>
  <testcase name="testCalendarTimezoneRespected{TimeZone}[165]" classname="org.apache.commons.lang3.time.FastDatePrinterTimeZonesTest" time="0"/>
  <testcase name="testCalendarTimezoneRespected{TimeZone}[166]" classname="org.apache.commons.lang3.time.FastDatePrinterTimeZonesTest" time="0"/>
  <testcase name="testCalendarTimezoneRespected{TimeZone}[167]" classname="org.apache.commons.lang3.time.FastDatePrinterTimeZonesTest" time="0.001"/>
  <testcase name="testCalendarTimezoneRespected{TimeZone}[168]" classname="org.apache.commons.lang3.time.FastDatePrinterTimeZonesTest" time="0"/>
  <testcase name="testCalendarTimezoneRespected{TimeZone}[169]" classname="org.apache.commons.lang3.time.FastDatePrinterTimeZonesTest" time="0"/>
  <testcase name="testCalendarTimezoneRespected{TimeZone}[170]" classname="org.apache.commons.lang3.time.FastDatePrinterTimeZonesTest" time="0"/>
  <testcase name="testCalendarTimezoneRespected{TimeZone}[171]" classname="org.apache.commons.lang3.time.FastDatePrinterTimeZonesTest" time="0"/>
  <testcase name="testCalendarTimezoneRespected{TimeZone}[172]" classname="org.apache.commons.lang3.time.FastDatePrinterTimeZonesTest" time="0"/>
  <testcase name="testCalendarTimezoneRespected{TimeZone}[173]" classname="org.apache.commons.lang3.time.FastDatePrinterTimeZonesTest" time="0"/>
  <testcase name="testCalendarTimezoneRespected{TimeZone}[174]" classname="org.apache.commons.lang3.time.FastDatePrinterTimeZonesTest" time="0"/>
  <testcase name="testCalendarTimezoneRespected{TimeZone}[175]" classname="org.apache.commons.lang3.time.FastDatePrinterTimeZonesTest" time="0"/>
  <testcase name="testCalendarTimezoneRespected{TimeZone}[176]" classname="org.apache.commons.lang3.time.FastDatePrinterTimeZonesTest" time="0"/>
  <testcase name="testCalendarTimezoneRespected{TimeZone}[177]" classname="org.apache.commons.lang3.time.FastDatePrinterTimeZonesTest" time="0.001"/>
  <testcase name="testCalendarTimezoneRespected{TimeZone}[178]" classname="org.apache.commons.lang3.time.FastDatePrinterTimeZonesTest" time="0"/>
  <testcase name="testCalendarTimezoneRespected{TimeZone}[179]" classname="org.apache.commons.lang3.time.FastDatePrinterTimeZonesTest" time="0"/>
  <testcase name="testCalendarTimezoneRespected{TimeZone}[180]" classname="org.apache.commons.lang3.time.FastDatePrinterTimeZonesTest" time="0.001"/>
  <testcase name="testCalendarTimezoneRespected{TimeZone}[181]" classname="org.apache.commons.lang3.time.FastDatePrinterTimeZonesTest" time="0"/>
  <testcase name="testCalendarTimezoneRespected{TimeZone}[182]" classname="org.apache.commons.lang3.time.FastDatePrinterTimeZonesTest" time="0"/>
  <testcase name="testCalendarTimezoneRespected{TimeZone}[183]" classname="org.apache.commons.lang3.time.FastDatePrinterTimeZonesTest" time="0"/>
  <testcase name="testCalendarTimezoneRespected{TimeZone}[184]" classname="org.apache.commons.lang3.time.FastDatePrinterTimeZonesTest" time="0"/>
  <testcase name="testCalendarTimezoneRespected{TimeZone}[185]" classname="org.apache.commons.lang3.time.FastDatePrinterTimeZonesTest" time="0"/>
  <testcase name="testCalendarTimezoneRespected{TimeZone}[186]" classname="org.apache.commons.lang3.time.FastDatePrinterTimeZonesTest" time="0"/>
  <testcase name="testCalendarTimezoneRespected{TimeZone}[187]" classname="org.apache.commons.lang3.time.FastDatePrinterTimeZonesTest" time="0.002"/>
  <testcase name="testCalendarTimezoneRespected{TimeZone}[188]" classname="org.apache.commons.lang3.time.FastDatePrinterTimeZonesTest" time="0"/>
  <testcase name="testCalendarTimezoneRespected{TimeZone}[189]" classname="org.apache.commons.lang3.time.FastDatePrinterTimeZonesTest" time="0"/>
  <testcase name="testCalendarTimezoneRespected{TimeZone}[190]" classname="org.apache.commons.lang3.time.FastDatePrinterTimeZonesTest" time="0.001"/>
  <testcase name="testCalendarTimezoneRespected{TimeZone}[191]" classname="org.apache.commons.lang3.time.FastDatePrinterTimeZonesTest" time="0"/>
  <testcase name="testCalendarTimezoneRespected{TimeZone}[192]" classname="org.apache.commons.lang3.time.FastDatePrinterTimeZonesTest" time="0.001"/>
  <testcase name="testCalendarTimezoneRespected{TimeZone}[193]" classname="org.apache.commons.lang3.time.FastDatePrinterTimeZonesTest" time="0"/>
  <testcase name="testCalendarTimezoneRespected{TimeZone}[194]" classname="org.apache.commons.lang3.time.FastDatePrinterTimeZonesTest" time="0"/>
  <testcase name="testCalendarTimezoneRespected{TimeZone}[195]" classname="org.apache.commons.lang3.time.FastDatePrinterTimeZonesTest" time="0"/>
  <testcase name="testCalendarTimezoneRespected{TimeZone}[196]" classname="org.apache.commons.lang3.time.FastDatePrinterTimeZonesTest" time="0"/>
  <testcase name="testCalendarTimezoneRespected{TimeZone}[197]" classname="org.apache.commons.lang3.time.FastDatePrinterTimeZonesTest" time="0"/>
  <testcase name="testCalendarTimezoneRespected{TimeZone}[198]" classname="org.apache.commons.lang3.time.FastDatePrinterTimeZonesTest" time="0.001"/>
  <testcase name="testCalendarTimezoneRespected{TimeZone}[199]" classname="org.apache.commons.lang3.time.FastDatePrinterTimeZonesTest" time="0"/>
  <testcase name="testCalendarTimezoneRespected{TimeZone}[200]" classname="org.apache.commons.lang3.time.FastDatePrinterTimeZonesTest" time="0"/>
  <testcase name="testCalendarTimezoneRespected{TimeZone}[201]" classname="org.apache.commons.lang3.time.FastDatePrinterTimeZonesTest" time="0"/>
  <testcase name="testCalendarTimezoneRespected{TimeZone}[202]" classname="org.apache.commons.lang3.time.FastDatePrinterTimeZonesTest" time="0"/>
  <testcase name="testCalendarTimezoneRespected{TimeZone}[203]" classname="org.apache.commons.lang3.time.FastDatePrinterTimeZonesTest" time="0"/>
  <testcase name="testCalendarTimezoneRespected{TimeZone}[204]" classname="org.apache.commons.lang3.time.FastDatePrinterTimeZonesTest" time="0"/>
  <testcase name="testCalendarTimezoneRespected{TimeZone}[205]" classname="org.apache.commons.lang3.time.FastDatePrinterTimeZonesTest" time="0.001"/>
  <testcase name="testCalendarTimezoneRespected{TimeZone}[206]" classname="org.apache.commons.lang3.time.FastDatePrinterTimeZonesTest" time="0"/>
  <testcase name="testCalendarTimezoneRespected{TimeZone}[207]" classname="org.apache.commons.lang3.time.FastDatePrinterTimeZonesTest" time="0"/>
  <testcase name="testCalendarTimezoneRespected{TimeZone}[208]" classname="org.apache.commons.lang3.time.FastDatePrinterTimeZonesTest" time="0"/>
  <testcase name="testCalendarTimezoneRespected{TimeZone}[209]" classname="org.apache.commons.lang3.time.FastDatePrinterTimeZonesTest" time="0"/>
  <testcase name="testCalendarTimezoneRespected{TimeZone}[210]" classname="org.apache.commons.lang3.time.FastDatePrinterTimeZonesTest" time="0"/>
  <testcase name="testCalendarTimezoneRespected{TimeZone}[211]" classname="org.apache.commons.lang3.time.FastDatePrinterTimeZonesTest" time="0"/>
  <testcase name="testCalendarTimezoneRespected{TimeZone}[212]" classname="org.apache.commons.lang3.time.FastDatePrinterTimeZonesTest" time="0"/>
  <testcase name="testCalendarTimezoneRespected{TimeZone}[213]" classname="org.apache.commons.lang3.time.FastDatePrinterTimeZonesTest" time="0"/>
  <testcase name="testCalendarTimezoneRespected{TimeZone}[214]" classname="org.apache.commons.lang3.time.FastDatePrinterTimeZonesTest" time="0"/>
  <testcase name="testCalendarTimezoneRespected{TimeZone}[215]" classname="org.apache.commons.lang3.time.FastDatePrinterTimeZonesTest" time="0"/>
  <testcase name="testCalendarTimezoneRespected{TimeZone}[216]" classname="org.apache.commons.lang3.time.FastDatePrinterTimeZonesTest" time="0.001"/>
  <testcase name="testCalendarTimezoneRespected{TimeZone}[217]" classname="org.apache.commons.lang3.time.FastDatePrinterTimeZonesTest" time="0"/>
  <testcase name="testCalendarTimezoneRespected{TimeZone}[218]" classname="org.apache.commons.lang3.time.FastDatePrinterTimeZonesTest" time="0"/>
  <testcase name="testCalendarTimezoneRespected{TimeZone}[219]" classname="org.apache.commons.lang3.time.FastDatePrinterTimeZonesTest" time="0"/>
  <testcase name="testCalendarTimezoneRespected{TimeZone}[220]" classname="org.apache.commons.lang3.time.FastDatePrinterTimeZonesTest" time="0"/>
  <testcase name="testCalendarTimezoneRespected{TimeZone}[221]" classname="org.apache.commons.lang3.time.FastDatePrinterTimeZonesTest" time="0"/>
  <testcase name="testCalendarTimezoneRespected{TimeZone}[222]" classname="org.apache.commons.lang3.time.FastDatePrinterTimeZonesTest" time="0"/>
  <testcase name="testCalendarTimezoneRespected{TimeZone}[223]" classname="org.apache.commons.lang3.time.FastDatePrinterTimeZonesTest" time="0"/>
  <testcase name="testCalendarTimezoneRespected{TimeZone}[224]" classname="org.apache.commons.lang3.time.FastDatePrinterTimeZonesTest" time="0"/>
  <testcase name="testCalendarTimezoneRespected{TimeZone}[225]" classname="org.apache.commons.lang3.time.FastDatePrinterTimeZonesTest" time="0"/>
  <testcase name="testCalendarTimezoneRespected{TimeZone}[226]" classname="org.apache.commons.lang3.time.FastDatePrinterTimeZonesTest" time="0"/>
  <testcase name="testCalendarTimezoneRespected{TimeZone}[227]" classname="org.apache.commons.lang3.time.FastDatePrinterTimeZonesTest" time="0"/>
  <testcase name="testCalendarTimezoneRespected{TimeZone}[228]" classname="org.apache.commons.lang3.time.FastDatePrinterTimeZonesTest" time="0"/>
  <testcase name="testCalendarTimezoneRespected{TimeZone}[229]" classname="org.apache.commons.lang3.time.FastDatePrinterTimeZonesTest" time="0"/>
  <testcase name="testCalendarTimezoneRespected{TimeZone}[230]" classname="org.apache.commons.lang3.time.FastDatePrinterTimeZonesTest" time="0"/>
  <testcase name="testCalendarTimezoneRespected{TimeZone}[231]" classname="org.apache.commons.lang3.time.FastDatePrinterTimeZonesTest" time="0.001"/>
  <testcase name="testCalendarTimezoneRespected{TimeZone}[232]" classname="org.apache.commons.lang3.time.FastDatePrinterTimeZonesTest" time="0"/>
  <testcase name="testCalendarTimezoneRespected{TimeZone}[233]" classname="org.apache.commons.lang3.time.FastDatePrinterTimeZonesTest" time="0"/>
  <testcase name="testCalendarTimezoneRespected{TimeZone}[234]" classname="org.apache.commons.lang3.time.FastDatePrinterTimeZonesTest" time="0"/>
  <testcase name="testCalendarTimezoneRespected{TimeZone}[235]" classname="org.apache.commons.lang3.time.FastDatePrinterTimeZonesTest" time="0"/>
  <testcase name="testCalendarTimezoneRespected{TimeZone}[236]" classname="org.apache.commons.lang3.time.FastDatePrinterTimeZonesTest" time="0"/>
  <testcase name="testCalendarTimezoneRespected{TimeZone}[237]" classname="org.apache.commons.lang3.time.FastDatePrinterTimeZonesTest" time="0"/>
  <testcase name="testCalendarTimezoneRespected{TimeZone}[238]" classname="org.apache.commons.lang3.time.FastDatePrinterTimeZonesTest" time="0"/>
  <testcase name="testCalendarTimezoneRespected{TimeZone}[239]" classname="org.apache.commons.lang3.time.FastDatePrinterTimeZonesTest" time="0"/>
  <testcase name="testCalendarTimezoneRespected{TimeZone}[240]" classname="org.apache.commons.lang3.time.FastDatePrinterTimeZonesTest" time="0"/>
  <testcase name="testCalendarTimezoneRespected{TimeZone}[241]" classname="org.apache.commons.lang3.time.FastDatePrinterTimeZonesTest" time="0"/>
  <testcase name="testCalendarTimezoneRespected{TimeZone}[242]" classname="org.apache.commons.lang3.time.FastDatePrinterTimeZonesTest" time="0"/>
  <testcase name="testCalendarTimezoneRespected{TimeZone}[243]" classname="org.apache.commons.lang3.time.FastDatePrinterTimeZonesTest" time="0"/>
  <testcase name="testCalendarTimezoneRespected{TimeZone}[244]" classname="org.apache.commons.lang3.time.FastDatePrinterTimeZonesTest" time="0"/>
  <testcase name="testCalendarTimezoneRespected{TimeZone}[245]" classname="org.apache.commons.lang3.time.FastDatePrinterTimeZonesTest" time="0"/>
  <testcase name="testCalendarTimezoneRespected{TimeZone}[246]" classname="org.apache.commons.lang3.time.FastDatePrinterTimeZonesTest" time="0"/>
  <testcase name="testCalendarTimezoneRespected{TimeZone}[247]" classname="org.apache.commons.lang3.time.FastDatePrinterTimeZonesTest" time="0"/>
  <testcase name="testCalendarTimezoneRespected{TimeZone}[248]" classname="org.apache.commons.lang3.time.FastDatePrinterTimeZonesTest" time="0.001"/>
  <testcase name="testCalendarTimezoneRespected{TimeZone}[249]" classname="org.apache.commons.lang3.time.FastDatePrinterTimeZonesTest" time="0"/>
  <testcase name="testCalendarTimezoneRespected{TimeZone}[250]" classname="org.apache.commons.lang3.time.FastDatePrinterTimeZonesTest" time="0"/>
  <testcase name="testCalendarTimezoneRespected{TimeZone}[251]" classname="org.apache.commons.lang3.time.FastDatePrinterTimeZonesTest" time="0"/>
  <testcase name="testCalendarTimezoneRespected{TimeZone}[252]" classname="org.apache.commons.lang3.time.FastDatePrinterTimeZonesTest" time="0"/>
  <testcase name="testCalendarTimezoneRespected{TimeZone}[253]" classname="org.apache.commons.lang3.time.FastDatePrinterTimeZonesTest" time="0.001"/>
  <testcase name="testCalendarTimezoneRespected{TimeZone}[254]" classname="org.apache.commons.lang3.time.FastDatePrinterTimeZonesTest" time="0"/>
  <testcase name="testCalendarTimezoneRespected{TimeZone}[255]" classname="org.apache.commons.lang3.time.FastDatePrinterTimeZonesTest" time="0"/>
  <testcase name="testCalendarTimezoneRespected{TimeZone}[256]" classname="org.apache.commons.lang3.time.FastDatePrinterTimeZonesTest" time="0"/>
  <testcase name="testCalendarTimezoneRespected{TimeZone}[257]" classname="org.apache.commons.lang3.time.FastDatePrinterTimeZonesTest" time="0"/>
  <testcase name="testCalendarTimezoneRespected{TimeZone}[258]" classname="org.apache.commons.lang3.time.FastDatePrinterTimeZonesTest" time="0"/>
  <testcase name="testCalendarTimezoneRespected{TimeZone}[259]" classname="org.apache.commons.lang3.time.FastDatePrinterTimeZonesTest" time="0"/>
  <testcase name="testCalendarTimezoneRespected{TimeZone}[260]" classname="org.apache.commons.lang3.time.FastDatePrinterTimeZonesTest" time="0"/>
  <testcase name="testCalendarTimezoneRespected{TimeZone}[261]" classname="org.apache.commons.lang3.time.FastDatePrinterTimeZonesTest" time="0"/>
  <testcase name="testCalendarTimezoneRespected{TimeZone}[262]" classname="org.apache.commons.lang3.time.FastDatePrinterTimeZonesTest" time="0"/>
  <testcase name="testCalendarTimezoneRespected{TimeZone}[263]" classname="org.apache.commons.lang3.time.FastDatePrinterTimeZonesTest" time="0"/>
  <testcase name="testCalendarTimezoneRespected{TimeZone}[264]" classname="org.apache.commons.lang3.time.FastDatePrinterTimeZonesTest" time="0"/>
  <testcase name="testCalendarTimezoneRespected{TimeZone}[265]" classname="org.apache.commons.lang3.time.FastDatePrinterTimeZonesTest" time="0"/>
  <testcase name="testCalendarTimezoneRespected{TimeZone}[266]" classname="org.apache.commons.lang3.time.FastDatePrinterTimeZonesTest" time="0"/>
  <testcase name="testCalendarTimezoneRespected{TimeZone}[267]" classname="org.apache.commons.lang3.time.FastDatePrinterTimeZonesTest" time="0"/>
  <testcase name="testCalendarTimezoneRespected{TimeZone}[268]" classname="org.apache.commons.lang3.time.FastDatePrinterTimeZonesTest" time="0"/>
  <testcase name="testCalendarTimezoneRespected{TimeZone}[269]" classname="org.apache.commons.lang3.time.FastDatePrinterTimeZonesTest" time="0.001"/>
  <testcase name="testCalendarTimezoneRespected{TimeZone}[270]" classname="org.apache.commons.lang3.time.FastDatePrinterTimeZonesTest" time="0"/>
  <testcase name="testCalendarTimezoneRespected{TimeZone}[271]" classname="org.apache.commons.lang3.time.FastDatePrinterTimeZonesTest" time="0"/>
  <testcase name="testCalendarTimezoneRespected{TimeZone}[272]" classname="org.apache.commons.lang3.time.FastDatePrinterTimeZonesTest" time="0"/>
  <testcase name="testCalendarTimezoneRespected{TimeZone}[273]" classname="org.apache.commons.lang3.time.FastDatePrinterTimeZonesTest" time="0.001"/>
  <testcase name="testCalendarTimezoneRespected{TimeZone}[274]" classname="org.apache.commons.lang3.time.FastDatePrinterTimeZonesTest" time="0"/>
  <testcase name="testCalendarTimezoneRespected{TimeZone}[275]" classname="org.apache.commons.lang3.time.FastDatePrinterTimeZonesTest" time="0"/>
  <testcase name="testCalendarTimezoneRespected{TimeZone}[276]" classname="org.apache.commons.lang3.time.FastDatePrinterTimeZonesTest" time="0"/>
  <testcase name="testCalendarTimezoneRespected{TimeZone}[277]" classname="org.apache.commons.lang3.time.FastDatePrinterTimeZonesTest" time="0.001"/>
  <testcase name="testCalendarTimezoneRespected{TimeZone}[278]" classname="org.apache.commons.lang3.time.FastDatePrinterTimeZonesTest" time="0"/>
  <testcase name="testCalendarTimezoneRespected{TimeZone}[279]" classname="org.apache.commons.lang3.time.FastDatePrinterTimeZonesTest" time="0"/>
  <testcase name="testCalendarTimezoneRespected{TimeZone}[280]" classname="org.apache.commons.lang3.time.FastDatePrinterTimeZonesTest" time="0"/>
  <testcase name="testCalendarTimezoneRespected{TimeZone}[281]" classname="org.apache.commons.lang3.time.FastDatePrinterTimeZonesTest" time="0.001"/>
  <testcase name="testCalendarTimezoneRespected{TimeZone}[282]" classname="org.apache.commons.lang3.time.FastDatePrinterTimeZonesTest" time="0"/>
  <testcase name="testCalendarTimezoneRespected{TimeZone}[283]" classname="org.apache.commons.lang3.time.FastDatePrinterTimeZonesTest" time="0"/>
  <testcase name="testCalendarTimezoneRespected{TimeZone}[284]" classname="org.apache.commons.lang3.time.FastDatePrinterTimeZonesTest" time="0"/>
  <testcase name="testCalendarTimezoneRespected{TimeZone}[285]" classname="org.apache.commons.lang3.time.FastDatePrinterTimeZonesTest" time="0.001"/>
  <testcase name="testCalendarTimezoneRespected{TimeZone}[286]" classname="org.apache.commons.lang3.time.FastDatePrinterTimeZonesTest" time="0"/>
  <testcase name="testCalendarTimezoneRespected{TimeZone}[287]" classname="org.apache.commons.lang3.time.FastDatePrinterTimeZonesTest" time="0"/>
  <testcase name="testCalendarTimezoneRespected{TimeZone}[288]" classname="org.apache.commons.lang3.time.FastDatePrinterTimeZonesTest" time="0"/>
  <testcase name="testCalendarTimezoneRespected{TimeZone}[289]" classname="org.apache.commons.lang3.time.FastDatePrinterTimeZonesTest" time="0.001"/>
  <testcase name="testCalendarTimezoneRespected{TimeZone}[290]" classname="org.apache.commons.lang3.time.FastDatePrinterTimeZonesTest" time="0"/>
  <testcase name="testCalendarTimezoneRespected{TimeZone}[291]" classname="org.apache.commons.lang3.time.FastDatePrinterTimeZonesTest" time="0"/>
  <testcase name="testCalendarTimezoneRespected{TimeZone}[292]" classname="org.apache.commons.lang3.time.FastDatePrinterTimeZonesTest" time="0"/>
  <testcase name="testCalendarTimezoneRespected{TimeZone}[293]" classname="org.apache.commons.lang3.time.FastDatePrinterTimeZonesTest" time="0"/>
  <testcase name="testCalendarTimezoneRespected{TimeZone}[294]" classname="org.apache.commons.lang3.time.FastDatePrinterTimeZonesTest" time="0"/>
  <testcase name="testCalendarTimezoneRespected{TimeZone}[295]" classname="org.apache.commons.lang3.time.FastDatePrinterTimeZonesTest" time="0"/>
  <testcase name="testCalendarTimezoneRespected{TimeZone}[296]" classname="org.apache.commons.lang3.time.FastDatePrinterTimeZonesTest" time="0"/>
  <testcase name="testCalendarTimezoneRespected{TimeZone}[297]" classname="org.apache.commons.lang3.time.FastDatePrinterTimeZonesTest" time="0"/>
  <testcase name="testCalendarTimezoneRespected{TimeZone}[298]" classname="org.apache.commons.lang3.time.FastDatePrinterTimeZonesTest" time="0"/>
  <testcase name="testCalendarTimezoneRespected{TimeZone}[299]" classname="org.apache.commons.lang3.time.FastDatePrinterTimeZonesTest" time="0"/>
  <testcase name="testCalendarTimezoneRespected{TimeZone}[300]" classname="org.apache.commons.lang3.time.FastDatePrinterTimeZonesTest" time="0"/>
  <testcase name="testCalendarTimezoneRespected{TimeZone}[301]" classname="org.apache.commons.lang3.time.FastDatePrinterTimeZonesTest" time="0"/>
  <testcase name="testCalendarTimezoneRespected{TimeZone}[302]" classname="org.apache.commons.lang3.time.FastDatePrinterTimeZonesTest" time="0"/>
  <testcase name="testCalendarTimezoneRespected{TimeZone}[303]" classname="org.apache.commons.lang3.time.FastDatePrinterTimeZonesTest" time="0"/>
  <testcase name="testCalendarTimezoneRespected{TimeZone}[304]" classname="org.apache.commons.lang3.time.FastDatePrinterTimeZonesTest" time="0"/>
  <testcase name="testCalendarTimezoneRespected{TimeZone}[305]" classname="org.apache.commons.lang3.time.FastDatePrinterTimeZonesTest" time="0"/>
  <testcase name="testCalendarTimezoneRespected{TimeZone}[306]" classname="org.apache.commons.lang3.time.FastDatePrinterTimeZonesTest" time="0"/>
  <testcase name="testCalendarTimezoneRespected{TimeZone}[307]" classname="org.apache.commons.lang3.time.FastDatePrinterTimeZonesTest" time="0"/>
  <testcase name="testCalendarTimezoneRespected{TimeZone}[308]" classname="org.apache.commons.lang3.time.FastDatePrinterTimeZonesTest" time="0"/>
  <testcase name="testCalendarTimezoneRespected{TimeZone}[309]" classname="org.apache.commons.lang3.time.FastDatePrinterTimeZonesTest" time="0"/>
  <testcase name="testCalendarTimezoneRespected{TimeZone}[310]" classname="org.apache.commons.lang3.time.FastDatePrinterTimeZonesTest" time="0"/>
  <testcase name="testCalendarTimezoneRespected{TimeZone}[311]" classname="org.apache.commons.lang3.time.FastDatePrinterTimeZonesTest" time="0"/>
  <testcase name="testCalendarTimezoneRespected{TimeZone}[312]" classname="org.apache.commons.lang3.time.FastDatePrinterTimeZonesTest" time="0"/>
  <testcase name="testCalendarTimezoneRespected{TimeZone}[313]" classname="org.apache.commons.lang3.time.FastDatePrinterTimeZonesTest" time="0"/>
  <testcase name="testCalendarTimezoneRespected{TimeZone}[314]" classname="org.apache.commons.lang3.time.FastDatePrinterTimeZonesTest" time="0"/>
  <testcase name="testCalendarTimezoneRespected{TimeZone}[315]" classname="org.apache.commons.lang3.time.FastDatePrinterTimeZonesTest" time="0"/>
  <testcase name="testCalendarTimezoneRespected{TimeZone}[316]" classname="org.apache.commons.lang3.time.FastDatePrinterTimeZonesTest" time="0"/>
  <testcase name="testCalendarTimezoneRespected{TimeZone}[317]" classname="org.apache.commons.lang3.time.FastDatePrinterTimeZonesTest" time="0.001"/>
  <testcase name="testCalendarTimezoneRespected{TimeZone}[318]" classname="org.apache.commons.lang3.time.FastDatePrinterTimeZonesTest" time="0"/>
  <testcase name="testCalendarTimezoneRespected{TimeZone}[319]" classname="org.apache.commons.lang3.time.FastDatePrinterTimeZonesTest" time="0"/>
  <testcase name="testCalendarTimezoneRespected{TimeZone}[320]" classname="org.apache.commons.lang3.time.FastDatePrinterTimeZonesTest" time="0"/>
  <testcase name="testCalendarTimezoneRespected{TimeZone}[321]" classname="org.apache.commons.lang3.time.FastDatePrinterTimeZonesTest" time="0"/>
  <testcase name="testCalendarTimezoneRespected{TimeZone}[322]" classname="org.apache.commons.lang3.time.FastDatePrinterTimeZonesTest" time="0"/>
  <testcase name="testCalendarTimezoneRespected{TimeZone}[323]" classname="org.apache.commons.lang3.time.FastDatePrinterTimeZonesTest" time="0"/>
  <testcase name="testCalendarTimezoneRespected{TimeZone}[324]" classname="org.apache.commons.lang3.time.FastDatePrinterTimeZonesTest" time="0"/>
  <testcase name="testCalendarTimezoneRespected{TimeZone}[325]" classname="org.apache.commons.lang3.time.FastDatePrinterTimeZonesTest" time="0"/>
  <testcase name="testCalendarTimezoneRespected{TimeZone}[326]" classname="org.apache.commons.lang3.time.FastDatePrinterTimeZonesTest" time="0"/>
  <testcase name="testCalendarTimezoneRespected{TimeZone}[327]" classname="org.apache.commons.lang3.time.FastDatePrinterTimeZonesTest" time="0"/>
  <testcase name="testCalendarTimezoneRespected{TimeZone}[328]" classname="org.apache.commons.lang3.time.FastDatePrinterTimeZonesTest" time="0"/>
  <testcase name="testCalendarTimezoneRespected{TimeZone}[329]" classname="org.apache.commons.lang3.time.FastDatePrinterTimeZonesTest" time="0"/>
  <testcase name="testCalendarTimezoneRespected{TimeZone}[330]" classname="org.apache.commons.lang3.time.FastDatePrinterTimeZonesTest" time="0"/>
  <testcase name="testCalendarTimezoneRespected{TimeZone}[331]" classname="org.apache.commons.lang3.time.FastDatePrinterTimeZonesTest" time="0.001"/>
  <testcase name="testCalendarTimezoneRespected{TimeZone}[332]" classname="org.apache.commons.lang3.time.FastDatePrinterTimeZonesTest" time="0"/>
  <testcase name="testCalendarTimezoneRespected{TimeZone}[333]" classname="org.apache.commons.lang3.time.FastDatePrinterTimeZonesTest" time="0"/>
  <testcase name="testCalendarTimezoneRespected{TimeZone}[334]" classname="org.apache.commons.lang3.time.FastDatePrinterTimeZonesTest" time="0"/>
  <testcase name="testCalendarTimezoneRespected{TimeZone}[335]" classname="org.apache.commons.lang3.time.FastDatePrinterTimeZonesTest" time="0.001"/>
  <testcase name="testCalendarTimezoneRespected{TimeZone}[336]" classname="org.apache.commons.lang3.time.FastDatePrinterTimeZonesTest" time="0"/>
  <testcase name="testCalendarTimezoneRespected{TimeZone}[337]" classname="org.apache.commons.lang3.time.FastDatePrinterTimeZonesTest" time="0"/>
  <testcase name="testCalendarTimezoneRespected{TimeZone}[338]" classname="org.apache.commons.lang3.time.FastDatePrinterTimeZonesTest" time="0"/>
  <testcase name="testCalendarTimezoneRespected{TimeZone}[339]" classname="org.apache.commons.lang3.time.FastDatePrinterTimeZonesTest" time="0.001"/>
  <testcase name="testCalendarTimezoneRespected{TimeZone}[340]" classname="org.apache.commons.lang3.time.FastDatePrinterTimeZonesTest" time="0"/>
  <testcase name="testCalendarTimezoneRespected{TimeZone}[341]" classname="org.apache.commons.lang3.time.FastDatePrinterTimeZonesTest" time="0"/>
  <testcase name="testCalendarTimezoneRespected{TimeZone}[342]" classname="org.apache.commons.lang3.time.FastDatePrinterTimeZonesTest" time="0"/>
  <testcase name="testCalendarTimezoneRespected{TimeZone}[343]" classname="org.apache.commons.lang3.time.FastDatePrinterTimeZonesTest" time="0.001"/>
  <testcase name="testCalendarTimezoneRespected{TimeZone}[344]" classname="org.apache.commons.lang3.time.FastDatePrinterTimeZonesTest" time="0"/>
  <testcase name="testCalendarTimezoneRespected{TimeZone}[345]" classname="org.apache.commons.lang3.time.FastDatePrinterTimeZonesTest" time="0"/>
  <testcase name="testCalendarTimezoneRespected{TimeZone}[346]" classname="org.apache.commons.lang3.time.FastDatePrinterTimeZonesTest" time="0"/>
  <testcase name="testCalendarTimezoneRespected{TimeZone}[347]" classname="org.apache.commons.lang3.time.FastDatePrinterTimeZonesTest" time="0"/>
  <testcase name="testCalendarTimezoneRespected{TimeZone}[348]" classname="org.apache.commons.lang3.time.FastDatePrinterTimeZonesTest" time="0"/>
  <testcase name="testCalendarTimezoneRespected{TimeZone}[349]" classname="org.apache.commons.lang3.time.FastDatePrinterTimeZonesTest" time="0"/>
  <testcase name="testCalendarTimezoneRespected{TimeZone}[350]" classname="org.apache.commons.lang3.time.FastDatePrinterTimeZonesTest" time="0"/>
  <testcase name="testCalendarTimezoneRespected{TimeZone}[351]" classname="org.apache.commons.lang3.time.FastDatePrinterTimeZonesTest" time="0.001"/>
  <testcase name="testCalendarTimezoneRespected{TimeZone}[352]" classname="org.apache.commons.lang3.time.FastDatePrinterTimeZonesTest" time="0"/>
  <testcase name="testCalendarTimezoneRespected{TimeZone}[353]" classname="org.apache.commons.lang3.time.FastDatePrinterTimeZonesTest" time="0"/>
  <testcase name="testCalendarTimezoneRespected{TimeZone}[354]" classname="org.apache.commons.lang3.time.FastDatePrinterTimeZonesTest" time="0"/>
  <testcase name="testCalendarTimezoneRespected{TimeZone}[355]" classname="org.apache.commons.lang3.time.FastDatePrinterTimeZonesTest" time="0"/>
  <testcase name="testCalendarTimezoneRespected{TimeZone}[356]" classname="org.apache.commons.lang3.time.FastDatePrinterTimeZonesTest" time="0"/>
  <testcase name="testCalendarTimezoneRespected{TimeZone}[357]" classname="org.apache.commons.lang3.time.FastDatePrinterTimeZonesTest" time="0"/>
  <testcase name="testCalendarTimezoneRespected{TimeZone}[358]" classname="org.apache.commons.lang3.time.FastDatePrinterTimeZonesTest" time="0"/>
  <testcase name="testCalendarTimezoneRespected{TimeZone}[359]" classname="org.apache.commons.lang3.time.FastDatePrinterTimeZonesTest" time="0"/>
  <testcase name="testCalendarTimezoneRespected{TimeZone}[360]" classname="org.apache.commons.lang3.time.FastDatePrinterTimeZonesTest" time="0"/>
  <testcase name="testCalendarTimezoneRespected{TimeZone}[361]" classname="org.apache.commons.lang3.time.FastDatePrinterTimeZonesTest" time="0"/>
  <testcase name="testCalendarTimezoneRespected{TimeZone}[362]" classname="org.apache.commons.lang3.time.FastDatePrinterTimeZonesTest" time="0"/>
  <testcase name="testCalendarTimezoneRespected{TimeZone}[363]" classname="org.apache.commons.lang3.time.FastDatePrinterTimeZonesTest" time="0"/>
  <testcase name="testCalendarTimezoneRespected{TimeZone}[364]" classname="org.apache.commons.lang3.time.FastDatePrinterTimeZonesTest" time="0"/>
  <testcase name="testCalendarTimezoneRespected{TimeZone}[365]" classname="org.apache.commons.lang3.time.FastDatePrinterTimeZonesTest" time="0"/>
  <testcase name="testCalendarTimezoneRespected{TimeZone}[366]" classname="org.apache.commons.lang3.time.FastDatePrinterTimeZonesTest" time="0"/>
  <testcase name="testCalendarTimezoneRespected{TimeZone}[367]" classname="org.apache.commons.lang3.time.FastDatePrinterTimeZonesTest" time="0"/>
  <testcase name="testCalendarTimezoneRespected{TimeZone}[368]" classname="org.apache.commons.lang3.time.FastDatePrinterTimeZonesTest" time="0"/>
  <testcase name="testCalendarTimezoneRespected{TimeZone}[369]" classname="org.apache.commons.lang3.time.FastDatePrinterTimeZonesTest" time="0"/>
  <testcase name="testCalendarTimezoneRespected{TimeZone}[370]" classname="org.apache.commons.lang3.time.FastDatePrinterTimeZonesTest" time="0"/>
  <testcase name="testCalendarTimezoneRespected{TimeZone}[371]" classname="org.apache.commons.lang3.time.FastDatePrinterTimeZonesTest" time="0"/>
  <testcase name="testCalendarTimezoneRespected{TimeZone}[372]" classname="org.apache.commons.lang3.time.FastDatePrinterTimeZonesTest" time="0.001"/>
  <testcase name="testCalendarTimezoneRespected{TimeZone}[373]" classname="org.apache.commons.lang3.time.FastDatePrinterTimeZonesTest" time="0"/>
  <testcase name="testCalendarTimezoneRespected{TimeZone}[374]" classname="org.apache.commons.lang3.time.FastDatePrinterTimeZonesTest" time="0"/>
  <testcase name="testCalendarTimezoneRespected{TimeZone}[375]" classname="org.apache.commons.lang3.time.FastDatePrinterTimeZonesTest" time="0"/>
  <testcase name="testCalendarTimezoneRespected{TimeZone}[376]" classname="org.apache.commons.lang3.time.FastDatePrinterTimeZonesTest" time="0.001"/>
  <testcase name="testCalendarTimezoneRespected{TimeZone}[377]" classname="org.apache.commons.lang3.time.FastDatePrinterTimeZonesTest" time="0"/>
  <testcase name="testCalendarTimezoneRespected{TimeZone}[378]" classname="org.apache.commons.lang3.time.FastDatePrinterTimeZonesTest" time="0"/>
  <testcase name="testCalendarTimezoneRespected{TimeZone}[379]" classname="org.apache.commons.lang3.time.FastDatePrinterTimeZonesTest" time="0"/>
  <testcase name="testCalendarTimezoneRespected{TimeZone}[380]" classname="org.apache.commons.lang3.time.FastDatePrinterTimeZonesTest" time="0"/>
  <testcase name="testCalendarTimezoneRespected{TimeZone}[381]" classname="org.apache.commons.lang3.time.FastDatePrinterTimeZonesTest" time="0"/>
  <testcase name="testCalendarTimezoneRespected{TimeZone}[382]" classname="org.apache.commons.lang3.time.FastDatePrinterTimeZonesTest" time="0"/>
  <testcase name="testCalendarTimezoneRespected{TimeZone}[383]" classname="org.apache.commons.lang3.time.FastDatePrinterTimeZonesTest" time="0"/>
  <testcase name="testCalendarTimezoneRespected{TimeZone}[384]" classname="org.apache.commons.lang3.time.FastDatePrinterTimeZonesTest" time="0"/>
  <testcase name="testCalendarTimezoneRespected{TimeZone}[385]" classname="org.apache.commons.lang3.time.FastDatePrinterTimeZonesTest" time="0"/>
  <testcase name="testCalendarTimezoneRespected{TimeZone}[386]" classname="org.apache.commons.lang3.time.FastDatePrinterTimeZonesTest" time="0"/>
  <testcase name="testCalendarTimezoneRespected{TimeZone}[387]" classname="org.apache.commons.lang3.time.FastDatePrinterTimeZonesTest" time="0.001"/>
  <testcase name="testCalendarTimezoneRespected{TimeZone}[388]" classname="org.apache.commons.lang3.time.FastDatePrinterTimeZonesTest" time="0"/>
  <testcase name="testCalendarTimezoneRespected{TimeZone}[389]" classname="org.apache.commons.lang3.time.FastDatePrinterTimeZonesTest" time="0"/>
  <testcase name="testCalendarTimezoneRespected{TimeZone}[390]" classname="org.apache.commons.lang3.time.FastDatePrinterTimeZonesTest" time="0"/>
  <testcase name="testCalendarTimezoneRespected{TimeZone}[391]" classname="org.apache.commons.lang3.time.FastDatePrinterTimeZonesTest" time="0.001"/>
  <testcase name="testCalendarTimezoneRespected{TimeZone}[392]" classname="org.apache.commons.lang3.time.FastDatePrinterTimeZonesTest" time="0"/>
  <testcase name="testCalendarTimezoneRespected{TimeZone}[393]" classname="org.apache.commons.lang3.time.FastDatePrinterTimeZonesTest" time="0.001"/>
  <testcase name="testCalendarTimezoneRespected{TimeZone}[394]" classname="org.apache.commons.lang3.time.FastDatePrinterTimeZonesTest" time="0"/>
  <testcase name="testCalendarTimezoneRespected{TimeZone}[395]" classname="org.apache.commons.lang3.time.FastDatePrinterTimeZonesTest" time="0.001"/>
  <testcase name="testCalendarTimezoneRespected{TimeZone}[396]" classname="org.apache.commons.lang3.time.FastDatePrinterTimeZonesTest" time="0"/>
  <testcase name="testCalendarTimezoneRespected{TimeZone}[397]" classname="org.apache.commons.lang3.time.FastDatePrinterTimeZonesTest" time="0.001"/>
  <testcase name="testCalendarTimezoneRespected{TimeZone}[398]" classname="org.apache.commons.lang3.time.FastDatePrinterTimeZonesTest" time="0"/>
  <testcase name="testCalendarTimezoneRespected{TimeZone}[399]" classname="org.apache.commons.lang3.time.FastDatePrinterTimeZonesTest" time="0"/>
  <testcase name="testCalendarTimezoneRespected{TimeZone}[400]" classname="org.apache.commons.lang3.time.FastDatePrinterTimeZonesTest" time="0.001"/>
  <testcase name="testCalendarTimezoneRespected{TimeZone}[401]" classname="org.apache.commons.lang3.time.FastDatePrinterTimeZonesTest" time="0"/>
  <testcase name="testCalendarTimezoneRespected{TimeZone}[402]" classname="org.apache.commons.lang3.time.FastDatePrinterTimeZonesTest" time="0"/>
  <testcase name="testCalendarTimezoneRespected{TimeZone}[403]" classname="org.apache.commons.lang3.time.FastDatePrinterTimeZonesTest" time="0.001"/>
  <testcase name="testCalendarTimezoneRespected{TimeZone}[404]" classname="org.apache.commons.lang3.time.FastDatePrinterTimeZonesTest" time="0"/>
  <testcase name="testCalendarTimezoneRespected{TimeZone}[405]" classname="org.apache.commons.lang3.time.FastDatePrinterTimeZonesTest" time="0"/>
  <testcase name="testCalendarTimezoneRespected{TimeZone}[406]" classname="org.apache.commons.lang3.time.FastDatePrinterTimeZonesTest" time="0"/>
  <testcase name="testCalendarTimezoneRespected{TimeZone}[407]" classname="org.apache.commons.lang3.time.FastDatePrinterTimeZonesTest" time="0"/>
  <testcase name="testCalendarTimezoneRespected{TimeZone}[408]" classname="org.apache.commons.lang3.time.FastDatePrinterTimeZonesTest" time="0"/>
  <testcase name="testCalendarTimezoneRespected{TimeZone}[409]" classname="org.apache.commons.lang3.time.FastDatePrinterTimeZonesTest" time="0"/>
  <testcase name="testCalendarTimezoneRespected{TimeZone}[410]" classname="org.apache.commons.lang3.time.FastDatePrinterTimeZonesTest" time="0"/>
  <testcase name="testCalendarTimezoneRespected{TimeZone}[411]" classname="org.apache.commons.lang3.time.FastDatePrinterTimeZonesTest" time="0"/>
  <testcase name="testCalendarTimezoneRespected{TimeZone}[412]" classname="org.apache.commons.lang3.time.FastDatePrinterTimeZonesTest" time="0"/>
  <testcase name="testCalendarTimezoneRespected{TimeZone}[413]" classname="org.apache.commons.lang3.time.FastDatePrinterTimeZonesTest" time="0"/>
  <testcase name="testCalendarTimezoneRespected{TimeZone}[414]" classname="org.apache.commons.lang3.time.FastDatePrinterTimeZonesTest" time="0"/>
  <testcase name="testCalendarTimezoneRespected{TimeZone}[415]" classname="org.apache.commons.lang3.time.FastDatePrinterTimeZonesTest" time="0"/>
  <testcase name="testCalendarTimezoneRespected{TimeZone}[416]" classname="org.apache.commons.lang3.time.FastDatePrinterTimeZonesTest" time="0.001"/>
  <testcase name="testCalendarTimezoneRespected{TimeZone}[417]" classname="org.apache.commons.lang3.time.FastDatePrinterTimeZonesTest" time="0"/>
  <testcase name="testCalendarTimezoneRespected{TimeZone}[418]" classname="org.apache.commons.lang3.time.FastDatePrinterTimeZonesTest" time="0"/>
  <testcase name="testCalendarTimezoneRespected{TimeZone}[419]" classname="org.apache.commons.lang3.time.FastDatePrinterTimeZonesTest" time="0"/>
  <testcase name="testCalendarTimezoneRespected{TimeZone}[420]" classname="org.apache.commons.lang3.time.FastDatePrinterTimeZonesTest" time="0"/>
  <testcase name="testCalendarTimezoneRespected{TimeZone}[421]" classname="org.apache.commons.lang3.time.FastDatePrinterTimeZonesTest" time="0"/>
  <testcase name="testCalendarTimezoneRespected{TimeZone}[422]" classname="org.apache.commons.lang3.time.FastDatePrinterTimeZonesTest" time="0"/>
  <testcase name="testCalendarTimezoneRespected{TimeZone}[423]" classname="org.apache.commons.lang3.time.FastDatePrinterTimeZonesTest" time="0"/>
  <testcase name="testCalendarTimezoneRespected{TimeZone}[424]" classname="org.apache.commons.lang3.time.FastDatePrinterTimeZonesTest" time="0"/>
  <testcase name="testCalendarTimezoneRespected{TimeZone}[425]" classname="org.apache.commons.lang3.time.FastDatePrinterTimeZonesTest" time="0"/>
  <testcase name="testCalendarTimezoneRespected{TimeZone}[426]" classname="org.apache.commons.lang3.time.FastDatePrinterTimeZonesTest" time="0"/>
  <testcase name="testCalendarTimezoneRespected{TimeZone}[427]" classname="org.apache.commons.lang3.time.FastDatePrinterTimeZonesTest" time="0.001"/>
  <testcase name="testCalendarTimezoneRespected{TimeZone}[428]" classname="org.apache.commons.lang3.time.FastDatePrinterTimeZonesTest" time="0"/>
  <testcase name="testCalendarTimezoneRespected{TimeZone}[429]" classname="org.apache.commons.lang3.time.FastDatePrinterTimeZonesTest" time="0"/>
  <testcase name="testCalendarTimezoneRespected{TimeZone}[430]" classname="org.apache.commons.lang3.time.FastDatePrinterTimeZonesTest" time="0"/>
  <testcase name="testCalendarTimezoneRespected{TimeZone}[431]" classname="org.apache.commons.lang3.time.FastDatePrinterTimeZonesTest" time="0"/>
  <testcase name="testCalendarTimezoneRespected{TimeZone}[432]" classname="org.apache.commons.lang3.time.FastDatePrinterTimeZonesTest" time="0"/>
  <testcase name="testCalendarTimezoneRespected{TimeZone}[433]" classname="org.apache.commons.lang3.time.FastDatePrinterTimeZonesTest" time="0"/>
  <testcase name="testCalendarTimezoneRespected{TimeZone}[434]" classname="org.apache.commons.lang3.time.FastDatePrinterTimeZonesTest" time="0"/>
  <testcase name="testCalendarTimezoneRespected{TimeZone}[435]" classname="org.apache.commons.lang3.time.FastDatePrinterTimeZonesTest" time="0"/>
  <testcase name="testCalendarTimezoneRespected{TimeZone}[436]" classname="org.apache.commons.lang3.time.FastDatePrinterTimeZonesTest" time="0"/>
  <testcase name="testCalendarTimezoneRespected{TimeZone}[437]" classname="org.apache.commons.lang3.time.FastDatePrinterTimeZonesTest" time="0"/>
  <testcase name="testCalendarTimezoneRespected{TimeZone}[438]" classname="org.apache.commons.lang3.time.FastDatePrinterTimeZonesTest" time="0"/>
  <testcase name="testCalendarTimezoneRespected{TimeZone}[439]" classname="org.apache.commons.lang3.time.FastDatePrinterTimeZonesTest" time="0"/>
  <testcase name="testCalendarTimezoneRespected{TimeZone}[440]" classname="org.apache.commons.lang3.time.FastDatePrinterTimeZonesTest" time="0"/>
  <testcase name="testCalendarTimezoneRespected{TimeZone}[441]" classname="org.apache.commons.lang3.time.FastDatePrinterTimeZonesTest" time="0.001"/>
  <testcase name="testCalendarTimezoneRespected{TimeZone}[442]" classname="org.apache.commons.lang3.time.FastDatePrinterTimeZonesTest" time="0"/>
  <testcase name="testCalendarTimezoneRespected{TimeZone}[443]" classname="org.apache.commons.lang3.time.FastDatePrinterTimeZonesTest" time="0"/>
  <testcase name="testCalendarTimezoneRespected{TimeZone}[444]" classname="org.apache.commons.lang3.time.FastDatePrinterTimeZonesTest" time="0"/>
  <testcase name="testCalendarTimezoneRespected{TimeZone}[445]" classname="org.apache.commons.lang3.time.FastDatePrinterTimeZonesTest" time="0"/>
  <testcase name="testCalendarTimezoneRespected{TimeZone}[446]" classname="org.apache.commons.lang3.time.FastDatePrinterTimeZonesTest" time="0"/>
  <testcase name="testCalendarTimezoneRespected{TimeZone}[447]" classname="org.apache.commons.lang3.time.FastDatePrinterTimeZonesTest" time="0"/>
  <testcase name="testCalendarTimezoneRespected{TimeZone}[448]" classname="org.apache.commons.lang3.time.FastDatePrinterTimeZonesTest" time="0"/>
  <testcase name="testCalendarTimezoneRespected{TimeZone}[449]" classname="org.apache.commons.lang3.time.FastDatePrinterTimeZonesTest" time="0"/>
  <testcase name="testCalendarTimezoneRespected{TimeZone}[450]" classname="org.apache.commons.lang3.time.FastDatePrinterTimeZonesTest" time="0"/>
  <testcase name="testCalendarTimezoneRespected{TimeZone}[451]" classname="org.apache.commons.lang3.time.FastDatePrinterTimeZonesTest" time="0"/>
  <testcase name="testCalendarTimezoneRespected{TimeZone}[452]" classname="org.apache.commons.lang3.time.FastDatePrinterTimeZonesTest" time="0"/>
  <testcase name="testCalendarTimezoneRespected{TimeZone}[453]" classname="org.apache.commons.lang3.time.FastDatePrinterTimeZonesTest" time="0"/>
  <testcase name="testCalendarTimezoneRespected{TimeZone}[454]" classname="org.apache.commons.lang3.time.FastDatePrinterTimeZonesTest" time="0"/>
  <testcase name="testCalendarTimezoneRespected{TimeZone}[455]" classname="org.apache.commons.lang3.time.FastDatePrinterTimeZonesTest" time="0"/>
  <testcase name="testCalendarTimezoneRespected{TimeZone}[456]" classname="org.apache.commons.lang3.time.FastDatePrinterTimeZonesTest" time="0"/>
  <testcase name="testCalendarTimezoneRespected{TimeZone}[457]" classname="org.apache.commons.lang3.time.FastDatePrinterTimeZonesTest" time="0"/>
  <testcase name="testCalendarTimezoneRespected{TimeZone}[458]" classname="org.apache.commons.lang3.time.FastDatePrinterTimeZonesTest" time="0"/>
  <testcase name="testCalendarTimezoneRespected{TimeZone}[459]" classname="org.apache.commons.lang3.time.FastDatePrinterTimeZonesTest" time="0"/>
  <testcase name="testCalendarTimezoneRespected{TimeZone}[460]" classname="org.apache.commons.lang3.time.FastDatePrinterTimeZonesTest" time="0"/>
  <testcase name="testCalendarTimezoneRespected{TimeZone}[461]" classname="org.apache.commons.lang3.time.FastDatePrinterTimeZonesTest" time="0"/>
  <testcase name="testCalendarTimezoneRespected{TimeZone}[462]" classname="org.apache.commons.lang3.time.FastDatePrinterTimeZonesTest" time="0"/>
  <testcase name="testCalendarTimezoneRespected{TimeZone}[463]" classname="org.apache.commons.lang3.time.FastDatePrinterTimeZonesTest" time="0.001"/>
  <testcase name="testCalendarTimezoneRespected{TimeZone}[464]" classname="org.apache.commons.lang3.time.FastDatePrinterTimeZonesTest" time="0"/>
  <testcase name="testCalendarTimezoneRespected{TimeZone}[465]" classname="org.apache.commons.lang3.time.FastDatePrinterTimeZonesTest" time="0"/>
  <testcase name="testCalendarTimezoneRespected{TimeZone}[466]" classname="org.apache.commons.lang3.time.FastDatePrinterTimeZonesTest" time="0"/>
  <testcase name="testCalendarTimezoneRespected{TimeZone}[467]" classname="org.apache.commons.lang3.time.FastDatePrinterTimeZonesTest" time="0"/>
  <testcase name="testCalendarTimezoneRespected{TimeZone}[468]" classname="org.apache.commons.lang3.time.FastDatePrinterTimeZonesTest" time="0.001"/>
  <testcase name="testCalendarTimezoneRespected{TimeZone}[469]" classname="org.apache.commons.lang3.time.FastDatePrinterTimeZonesTest" time="0"/>
  <testcase name="testCalendarTimezoneRespected{TimeZone}[470]" classname="org.apache.commons.lang3.time.FastDatePrinterTimeZonesTest" time="0"/>
  <testcase name="testCalendarTimezoneRespected{TimeZone}[471]" classname="org.apache.commons.lang3.time.FastDatePrinterTimeZonesTest" time="0"/>
  <testcase name="testCalendarTimezoneRespected{TimeZone}[472]" classname="org.apache.commons.lang3.time.FastDatePrinterTimeZonesTest" time="0"/>
  <testcase name="testCalendarTimezoneRespected{TimeZone}[473]" classname="org.apache.commons.lang3.time.FastDatePrinterTimeZonesTest" time="0"/>
  <testcase name="testCalendarTimezoneRespected{TimeZone}[474]" classname="org.apache.commons.lang3.time.FastDatePrinterTimeZonesTest" time="0"/>
  <testcase name="testCalendarTimezoneRespected{TimeZone}[475]" classname="org.apache.commons.lang3.time.FastDatePrinterTimeZonesTest" time="0"/>
  <testcase name="testCalendarTimezoneRespected{TimeZone}[476]" classname="org.apache.commons.lang3.time.FastDatePrinterTimeZonesTest" time="0.001"/>
  <testcase name="testCalendarTimezoneRespected{TimeZone}[477]" classname="org.apache.commons.lang3.time.FastDatePrinterTimeZonesTest" time="0"/>
  <testcase name="testCalendarTimezoneRespected{TimeZone}[478]" classname="org.apache.commons.lang3.time.FastDatePrinterTimeZonesTest" time="0"/>
  <testcase name="testCalendarTimezoneRespected{TimeZone}[479]" classname="org.apache.commons.lang3.time.FastDatePrinterTimeZonesTest" time="0"/>
  <testcase name="testCalendarTimezoneRespected{TimeZone}[480]" classname="org.apache.commons.lang3.time.FastDatePrinterTimeZonesTest" time="0.001"/>
  <testcase name="testCalendarTimezoneRespected{TimeZone}[481]" classname="org.apache.commons.lang3.time.FastDatePrinterTimeZonesTest" time="0"/>
  <testcase name="testCalendarTimezoneRespected{TimeZone}[482]" classname="org.apache.commons.lang3.time.FastDatePrinterTimeZonesTest" time="0"/>
  <testcase name="testCalendarTimezoneRespected{TimeZone}[483]" classname="org.apache.commons.lang3.time.FastDatePrinterTimeZonesTest" time="0"/>
  <testcase name="testCalendarTimezoneRespected{TimeZone}[484]" classname="org.apache.commons.lang3.time.FastDatePrinterTimeZonesTest" time="0"/>
  <testcase name="testCalendarTimezoneRespected{TimeZone}[485]" classname="org.apache.commons.lang3.time.FastDatePrinterTimeZonesTest" time="0.001"/>
  <testcase name="testCalendarTimezoneRespected{TimeZone}[486]" classname="org.apache.commons.lang3.time.FastDatePrinterTimeZonesTest" time="0"/>
  <testcase name="testCalendarTimezoneRespected{TimeZone}[487]" classname="org.apache.commons.lang3.time.FastDatePrinterTimeZonesTest" time="0"/>
  <testcase name="testCalendarTimezoneRespected{TimeZone}[488]" classname="org.apache.commons.lang3.time.FastDatePrinterTimeZonesTest" time="0"/>
  <testcase name="testCalendarTimezoneRespected{TimeZone}[489]" classname="org.apache.commons.lang3.time.FastDatePrinterTimeZonesTest" time="0"/>
  <testcase name="testCalendarTimezoneRespected{TimeZone}[490]" classname="org.apache.commons.lang3.time.FastDatePrinterTimeZonesTest" time="0"/>
  <testcase name="testCalendarTimezoneRespected{TimeZone}[491]" classname="org.apache.commons.lang3.time.FastDatePrinterTimeZonesTest" time="0"/>
  <testcase name="testCalendarTimezoneRespected{TimeZone}[492]" classname="org.apache.commons.lang3.time.FastDatePrinterTimeZonesTest" time="0"/>
  <testcase name="testCalendarTimezoneRespected{TimeZone}[493]" classname="org.apache.commons.lang3.time.FastDatePrinterTimeZonesTest" time="0"/>
  <testcase name="testCalendarTimezoneRespected{TimeZone}[494]" classname="org.apache.commons.lang3.time.FastDatePrinterTimeZonesTest" time="0"/>
  <testcase name="testCalendarTimezoneRespected{TimeZone}[495]" classname="org.apache.commons.lang3.time.FastDatePrinterTimeZonesTest" time="0"/>
  <testcase name="testCalendarTimezoneRespected{TimeZone}[496]" classname="org.apache.commons.lang3.time.FastDatePrinterTimeZonesTest" time="0"/>
  <testcase name="testCalendarTimezoneRespected{TimeZone}[497]" classname="org.apache.commons.lang3.time.FastDatePrinterTimeZonesTest" time="0"/>
  <testcase name="testCalendarTimezoneRespected{TimeZone}[498]" classname="org.apache.commons.lang3.time.FastDatePrinterTimeZonesTest" time="0"/>
  <testcase name="testCalendarTimezoneRespected{TimeZone}[499]" classname="org.apache.commons.lang3.time.FastDatePrinterTimeZonesTest" time="0"/>
  <testcase name="testCalendarTimezoneRespected{TimeZone}[500]" classname="org.apache.commons.lang3.time.FastDatePrinterTimeZonesTest" time="0"/>
  <testcase name="testCalendarTimezoneRespected{TimeZone}[501]" classname="org.apache.commons.lang3.time.FastDatePrinterTimeZonesTest" time="0"/>
  <testcase name="testCalendarTimezoneRespected{TimeZone}[502]" classname="org.apache.commons.lang3.time.FastDatePrinterTimeZonesTest" time="0"/>
  <testcase name="testCalendarTimezoneRespected{TimeZone}[503]" classname="org.apache.commons.lang3.time.FastDatePrinterTimeZonesTest" time="0.001"/>
  <testcase name="testCalendarTimezoneRespected{TimeZone}[504]" classname="org.apache.commons.lang3.time.FastDatePrinterTimeZonesTest" time="0"/>
  <testcase name="testCalendarTimezoneRespected{TimeZone}[505]" classname="org.apache.commons.lang3.time.FastDatePrinterTimeZonesTest" time="0"/>
  <testcase name="testCalendarTimezoneRespected{TimeZone}[506]" classname="org.apache.commons.lang3.time.FastDatePrinterTimeZonesTest" time="0"/>
  <testcase name="testCalendarTimezoneRespected{TimeZone}[507]" classname="org.apache.commons.lang3.time.FastDatePrinterTimeZonesTest" time="0"/>
  <testcase name="testCalendarTimezoneRespected{TimeZone}[508]" classname="org.apache.commons.lang3.time.FastDatePrinterTimeZonesTest" time="0"/>
  <testcase name="testCalendarTimezoneRespected{TimeZone}[509]" classname="org.apache.commons.lang3.time.FastDatePrinterTimeZonesTest" time="0"/>
  <testcase name="testCalendarTimezoneRespected{TimeZone}[510]" classname="org.apache.commons.lang3.time.FastDatePrinterTimeZonesTest" time="0"/>
  <testcase name="testCalendarTimezoneRespected{TimeZone}[511]" classname="org.apache.commons.lang3.time.FastDatePrinterTimeZonesTest" time="0"/>
  <testcase name="testCalendarTimezoneRespected{TimeZone}[512]" classname="org.apache.commons.lang3.time.FastDatePrinterTimeZonesTest" time="0"/>
  <testcase name="testCalendarTimezoneRespected{TimeZone}[513]" classname="org.apache.commons.lang3.time.FastDatePrinterTimeZonesTest" time="0"/>
  <testcase name="testCalendarTimezoneRespected{TimeZone}[514]" classname="org.apache.commons.lang3.time.FastDatePrinterTimeZonesTest" time="0"/>
  <testcase name="testCalendarTimezoneRespected{TimeZone}[515]" classname="org.apache.commons.lang3.time.FastDatePrinterTimeZonesTest" time="0"/>
  <testcase name="testCalendarTimezoneRespected{TimeZone}[516]" classname="org.apache.commons.lang3.time.FastDatePrinterTimeZonesTest" time="0"/>
  <testcase name="testCalendarTimezoneRespected{TimeZone}[517]" classname="org.apache.commons.lang3.time.FastDatePrinterTimeZonesTest" time="0"/>
  <testcase name="testCalendarTimezoneRespected{TimeZone}[518]" classname="org.apache.commons.lang3.time.FastDatePrinterTimeZonesTest" time="0"/>
  <testcase name="testCalendarTimezoneRespected{TimeZone}[519]" classname="org.apache.commons.lang3.time.FastDatePrinterTimeZonesTest" time="0"/>
  <testcase name="testCalendarTimezoneRespected{TimeZone}[520]" classname="org.apache.commons.lang3.time.FastDatePrinterTimeZonesTest" time="0"/>
  <testcase name="testCalendarTimezoneRespected{TimeZone}[521]" classname="org.apache.commons.lang3.time.FastDatePrinterTimeZonesTest" time="0"/>
  <testcase name="testCalendarTimezoneRespected{TimeZone}[522]" classname="org.apache.commons.lang3.time.FastDatePrinterTimeZonesTest" time="0"/>
  <testcase name="testCalendarTimezoneRespected{TimeZone}[523]" classname="org.apache.commons.lang3.time.FastDatePrinterTimeZonesTest" time="0"/>
  <testcase name="testCalendarTimezoneRespected{TimeZone}[524]" classname="org.apache.commons.lang3.time.FastDatePrinterTimeZonesTest" time="0"/>
  <testcase name="testCalendarTimezoneRespected{TimeZone}[525]" classname="org.apache.commons.lang3.time.FastDatePrinterTimeZonesTest" time="0"/>
  <testcase name="testCalendarTimezoneRespected{TimeZone}[526]" classname="org.apache.commons.lang3.time.FastDatePrinterTimeZonesTest" time="0"/>
  <testcase name="testCalendarTimezoneRespected{TimeZone}[527]" classname="org.apache.commons.lang3.time.FastDatePrinterTimeZonesTest" time="0.001"/>
  <testcase name="testCalendarTimezoneRespected{TimeZone}[528]" classname="org.apache.commons.lang3.time.FastDatePrinterTimeZonesTest" time="0"/>
  <testcase name="testCalendarTimezoneRespected{TimeZone}[529]" classname="org.apache.commons.lang3.time.FastDatePrinterTimeZonesTest" time="0"/>
  <testcase name="testCalendarTimezoneRespected{TimeZone}[530]" classname="org.apache.commons.lang3.time.FastDatePrinterTimeZonesTest" time="0"/>
  <testcase name="testCalendarTimezoneRespected{TimeZone}[531]" classname="org.apache.commons.lang3.time.FastDatePrinterTimeZonesTest" time="0"/>
  <testcase name="testCalendarTimezoneRespected{TimeZone}[532]" classname="org.apache.commons.lang3.time.FastDatePrinterTimeZonesTest" time="0.001"/>
  <testcase name="testCalendarTimezoneRespected{TimeZone}[533]" classname="org.apache.commons.lang3.time.FastDatePrinterTimeZonesTest" time="0"/>
  <testcase name="testCalendarTimezoneRespected{TimeZone}[534]" classname="org.apache.commons.lang3.time.FastDatePrinterTimeZonesTest" time="0"/>
  <testcase name="testCalendarTimezoneRespected{TimeZone}[535]" classname="org.apache.commons.lang3.time.FastDatePrinterTimeZonesTest" time="0"/>
  <testcase name="testCalendarTimezoneRespected{TimeZone}[536]" classname="org.apache.commons.lang3.time.FastDatePrinterTimeZonesTest" time="0"/>
  <testcase name="testCalendarTimezoneRespected{TimeZone}[537]" classname="org.apache.commons.lang3.time.FastDatePrinterTimeZonesTest" time="0.001"/>
  <testcase name="testCalendarTimezoneRespected{TimeZone}[538]" classname="org.apache.commons.lang3.time.FastDatePrinterTimeZonesTest" time="0"/>
  <testcase name="testCalendarTimezoneRespected{TimeZone}[539]" classname="org.apache.commons.lang3.time.FastDatePrinterTimeZonesTest" time="0"/>
  <testcase name="testCalendarTimezoneRespected{TimeZone}[540]" classname="org.apache.commons.lang3.time.FastDatePrinterTimeZonesTest" time="0"/>
  <testcase name="testCalendarTimezoneRespected{TimeZone}[541]" classname="org.apache.commons.lang3.time.FastDatePrinterTimeZonesTest" time="0"/>
  <testcase name="testCalendarTimezoneRespected{TimeZone}[542]" classname="org.apache.commons.lang3.time.FastDatePrinterTimeZonesTest" time="0"/>
  <testcase name="testCalendarTimezoneRespected{TimeZone}[543]" classname="org.apache.commons.lang3.time.FastDatePrinterTimeZonesTest" time="0"/>
  <testcase name="testCalendarTimezoneRespected{TimeZone}[544]" classname="org.apache.commons.lang3.time.FastDatePrinterTimeZonesTest" time="0"/>
  <testcase name="testCalendarTimezoneRespected{TimeZone}[545]" classname="org.apache.commons.lang3.time.FastDatePrinterTimeZonesTest" time="0"/>
  <testcase name="testCalendarTimezoneRespected{TimeZone}[546]" classname="org.apache.commons.lang3.time.FastDatePrinterTimeZonesTest" time="0"/>
  <testcase name="testCalendarTimezoneRespected{TimeZone}[547]" classname="org.apache.commons.lang3.time.FastDatePrinterTimeZonesTest" time="0"/>
  <testcase name="testCalendarTimezoneRespected{TimeZone}[548]" classname="org.apache.commons.lang3.time.FastDatePrinterTimeZonesTest" time="0"/>
  <testcase name="testCalendarTimezoneRespected{TimeZone}[549]" classname="org.apache.commons.lang3.time.FastDatePrinterTimeZonesTest" time="0"/>
  <testcase name="testCalendarTimezoneRespected{TimeZone}[550]" classname="org.apache.commons.lang3.time.FastDatePrinterTimeZonesTest" time="0"/>
  <testcase name="testCalendarTimezoneRespected{TimeZone}[551]" classname="org.apache.commons.lang3.time.FastDatePrinterTimeZonesTest" time="0"/>
  <testcase name="testCalendarTimezoneRespected{TimeZone}[552]" classname="org.apache.commons.lang3.time.FastDatePrinterTimeZonesTest" time="0"/>
  <testcase name="testCalendarTimezoneRespected{TimeZone}[553]" classname="org.apache.commons.lang3.time.FastDatePrinterTimeZonesTest" time="0.001"/>
  <testcase name="testCalendarTimezoneRespected{TimeZone}[554]" classname="org.apache.commons.lang3.time.FastDatePrinterTimeZonesTest" time="0"/>
  <testcase name="testCalendarTimezoneRespected{TimeZone}[555]" classname="org.apache.commons.lang3.time.FastDatePrinterTimeZonesTest" time="0"/>
  <testcase name="testCalendarTimezoneRespected{TimeZone}[556]" classname="org.apache.commons.lang3.time.FastDatePrinterTimeZonesTest" time="0"/>
  <testcase name="testCalendarTimezoneRespected{TimeZone}[557]" classname="org.apache.commons.lang3.time.FastDatePrinterTimeZonesTest" time="0"/>
  <testcase name="testCalendarTimezoneRespected{TimeZone}[558]" classname="org.apache.commons.lang3.time.FastDatePrinterTimeZonesTest" time="0.001"/>
  <testcase name="testCalendarTimezoneRespected{TimeZone}[559]" classname="org.apache.commons.lang3.time.FastDatePrinterTimeZonesTest" time="0"/>
  <testcase name="testCalendarTimezoneRespected{TimeZone}[560]" classname="org.apache.commons.lang3.time.FastDatePrinterTimeZonesTest" time="0"/>
  <testcase name="testCalendarTimezoneRespected{TimeZone}[561]" classname="org.apache.commons.lang3.time.FastDatePrinterTimeZonesTest" time="0"/>
  <testcase name="testCalendarTimezoneRespected{TimeZone}[562]" classname="org.apache.commons.lang3.time.FastDatePrinterTimeZonesTest" time="0"/>
  <testcase name="testCalendarTimezoneRespected{TimeZone}[563]" classname="org.apache.commons.lang3.time.FastDatePrinterTimeZonesTest" time="0"/>
  <testcase name="testCalendarTimezoneRespected{TimeZone}[564]" classname="org.apache.commons.lang3.time.FastDatePrinterTimeZonesTest" time="0"/>
  <testcase name="testCalendarTimezoneRespected{TimeZone}[565]" classname="org.apache.commons.lang3.time.FastDatePrinterTimeZonesTest" time="0"/>
  <testcase name="testCalendarTimezoneRespected{TimeZone}[566]" classname="org.apache.commons.lang3.time.FastDatePrinterTimeZonesTest" time="0"/>
  <testcase name="testCalendarTimezoneRespected{TimeZone}[567]" classname="org.apache.commons.lang3.time.FastDatePrinterTimeZonesTest" time="0"/>
  <testcase name="testCalendarTimezoneRespected{TimeZone}[568]" classname="org.apache.commons.lang3.time.FastDatePrinterTimeZonesTest" time="0.001"/>
  <testcase name="testCalendarTimezoneRespected{TimeZone}[569]" classname="org.apache.commons.lang3.time.FastDatePrinterTimeZonesTest" time="0"/>
  <testcase name="testCalendarTimezoneRespected{TimeZone}[570]" classname="org.apache.commons.lang3.time.FastDatePrinterTimeZonesTest" time="0"/>
  <testcase name="testCalendarTimezoneRespected{TimeZone}[571]" classname="org.apache.commons.lang3.time.FastDatePrinterTimeZonesTest" time="0"/>
  <testcase name="testCalendarTimezoneRespected{TimeZone}[572]" classname="org.apache.commons.lang3.time.FastDatePrinterTimeZonesTest" time="0"/>
  <testcase name="testCalendarTimezoneRespected{TimeZone}[573]" classname="org.apache.commons.lang3.time.FastDatePrinterTimeZonesTest" time="0.001"/>
  <testcase name="testCalendarTimezoneRespected{TimeZone}[574]" classname="org.apache.commons.lang3.time.FastDatePrinterTimeZonesTest" time="0"/>
  <testcase name="testCalendarTimezoneRespected{TimeZone}[575]" classname="org.apache.commons.lang3.time.FastDatePrinterTimeZonesTest" time="0"/>
  <testcase name="testCalendarTimezoneRespected{TimeZone}[576]" classname="org.apache.commons.lang3.time.FastDatePrinterTimeZonesTest" time="0"/>
  <testcase name="testCalendarTimezoneRespected{TimeZone}[577]" classname="org.apache.commons.lang3.time.FastDatePrinterTimeZonesTest" time="0"/>
  <testcase name="testCalendarTimezoneRespected{TimeZone}[578]" classname="org.apache.commons.lang3.time.FastDatePrinterTimeZonesTest" time="0"/>
  <testcase name="testCalendarTimezoneRespected{TimeZone}[579]" classname="org.apache.commons.lang3.time.FastDatePrinterTimeZonesTest" time="0"/>
  <testcase name="testCalendarTimezoneRespected{TimeZone}[580]" classname="org.apache.commons.lang3.time.FastDatePrinterTimeZonesTest" time="0"/>
  <testcase name="testCalendarTimezoneRespected{TimeZone}[581]" classname="org.apache.commons.lang3.time.FastDatePrinterTimeZonesTest" time="0"/>
  <testcase name="testCalendarTimezoneRespected{TimeZone}[582]" classname="org.apache.commons.lang3.time.FastDatePrinterTimeZonesTest" time="0"/>
  <testcase name="testCalendarTimezoneRespected{TimeZone}[583]" classname="org.apache.commons.lang3.time.FastDatePrinterTimeZonesTest" time="0"/>
  <testcase name="testCalendarTimezoneRespected{TimeZone}[584]" classname="org.apache.commons.lang3.time.FastDatePrinterTimeZonesTest" time="0"/>
  <testcase name="testCalendarTimezoneRespected{TimeZone}[585]" classname="org.apache.commons.lang3.time.FastDatePrinterTimeZonesTest" time="0"/>
  <testcase name="testCalendarTimezoneRespected{TimeZone}[586]" classname="org.apache.commons.lang3.time.FastDatePrinterTimeZonesTest" time="0"/>
  <testcase name="testCalendarTimezoneRespected{TimeZone}[587]" classname="org.apache.commons.lang3.time.FastDatePrinterTimeZonesTest" time="0"/>
  <testcase name="testCalendarTimezoneRespected{TimeZone}[588]" classname="org.apache.commons.lang3.time.FastDatePrinterTimeZonesTest" time="0"/>
  <testcase name="testCalendarTimezoneRespected{TimeZone}[589]" classname="org.apache.commons.lang3.time.FastDatePrinterTimeZonesTest" time="0"/>
  <testcase name="testCalendarTimezoneRespected{TimeZone}[590]" classname="org.apache.commons.lang3.time.FastDatePrinterTimeZonesTest" time="0"/>
  <testcase name="testCalendarTimezoneRespected{TimeZone}[591]" classname="org.apache.commons.lang3.time.FastDatePrinterTimeZonesTest" time="0"/>
  <testcase name="testCalendarTimezoneRespected{TimeZone}[592]" classname="org.apache.commons.lang3.time.FastDatePrinterTimeZonesTest" time="0"/>
  <testcase name="testCalendarTimezoneRespected{TimeZone}[593]" classname="org.apache.commons.lang3.time.FastDatePrinterTimeZonesTest" time="0"/>
  <testcase name="testCalendarTimezoneRespected{TimeZone}[594]" classname="org.apache.commons.lang3.time.FastDatePrinterTimeZonesTest" time="0"/>
  <testcase name="testCalendarTimezoneRespected{TimeZone}[595]" classname="org.apache.commons.lang3.time.FastDatePrinterTimeZonesTest" time="0"/>
  <testcase name="testCalendarTimezoneRespected{TimeZone}[596]" classname="org.apache.commons.lang3.time.FastDatePrinterTimeZonesTest" time="0.001"/>
  <testcase name="testCalendarTimezoneRespected{TimeZone}[597]" classname="org.apache.commons.lang3.time.FastDatePrinterTimeZonesTest" time="0"/>
  <testcase name="testCalendarTimezoneRespected{TimeZone}[598]" classname="org.apache.commons.lang3.time.FastDatePrinterTimeZonesTest" time="0"/>
  <testcase name="testCalendarTimezoneRespected{TimeZone}[599]" classname="org.apache.commons.lang3.time.FastDatePrinterTimeZonesTest" time="0"/>
  <testcase name="testCalendarTimezoneRespected{TimeZone}[600]" classname="org.apache.commons.lang3.time.FastDatePrinterTimeZonesTest" time="0"/>
  <testcase name="testCalendarTimezoneRespected{TimeZone}[601]" classname="org.apache.commons.lang3.time.FastDatePrinterTimeZonesTest" time="0"/>
  <testcase name="testCalendarTimezoneRespected{TimeZone}[602]" classname="org.apache.commons.lang3.time.FastDatePrinterTimeZonesTest" time="0"/>
  <testcase name="testCalendarTimezoneRespected{TimeZone}[603]" classname="org.apache.commons.lang3.time.FastDatePrinterTimeZonesTest" time="0"/>
  <testcase name="testCalendarTimezoneRespected{TimeZone}[604]" classname="org.apache.commons.lang3.time.FastDatePrinterTimeZonesTest" time="0"/>
  <testcase name="testCalendarTimezoneRespected{TimeZone}[605]" classname="org.apache.commons.lang3.time.FastDatePrinterTimeZonesTest" time="0"/>
  <testcase name="testCalendarTimezoneRespected{TimeZone}[606]" classname="org.apache.commons.lang3.time.FastDatePrinterTimeZonesTest" time="0"/>
  <testcase name="testCalendarTimezoneRespected{TimeZone}[607]" classname="org.apache.commons.lang3.time.FastDatePrinterTimeZonesTest" time="0"/>
  <testcase name="testCalendarTimezoneRespected{TimeZone}[608]" classname="org.apache.commons.lang3.time.FastDatePrinterTimeZonesTest" time="0"/>
  <testcase name="testCalendarTimezoneRespected{TimeZone}[609]" classname="org.apache.commons.lang3.time.FastDatePrinterTimeZonesTest" time="0"/>
  <testcase name="testCalendarTimezoneRespected{TimeZone}[610]" classname="org.apache.commons.lang3.time.FastDatePrinterTimeZonesTest" time="0"/>
  <testcase name="testCalendarTimezoneRespected{TimeZone}[611]" classname="org.apache.commons.lang3.time.FastDatePrinterTimeZonesTest" time="0"/>
  <testcase name="testCalendarTimezoneRespected{TimeZone}[612]" classname="org.apache.commons.lang3.time.FastDatePrinterTimeZonesTest" time="0"/>
  <testcase name="testCalendarTimezoneRespected{TimeZone}[613]" classname="org.apache.commons.lang3.time.FastDatePrinterTimeZonesTest" time="0"/>
  <testcase name="testCalendarTimezoneRespected{TimeZone}[614]" classname="org.apache.commons.lang3.time.FastDatePrinterTimeZonesTest" time="0"/>
  <testcase name="testCalendarTimezoneRespected{TimeZone}[615]" classname="org.apache.commons.lang3.time.FastDatePrinterTimeZonesTest" time="0.001"/>
  <testcase name="testCalendarTimezoneRespected{TimeZone}[616]" classname="org.apache.commons.lang3.time.FastDatePrinterTimeZonesTest" time="0"/>
  <testcase name="testCalendarTimezoneRespected{TimeZone}[617]" classname="org.apache.commons.lang3.time.FastDatePrinterTimeZonesTest" time="0"/>
  <testcase name="testCalendarTimezoneRespected{TimeZone}[618]" classname="org.apache.commons.lang3.time.FastDatePrinterTimeZonesTest" time="0"/>
  <testcase name="testCalendarTimezoneRespected{TimeZone}[619]" classname="org.apache.commons.lang3.time.FastDatePrinterTimeZonesTest" time="0"/>
  <testcase name="testCalendarTimezoneRespected{TimeZone}[620]" classname="org.apache.commons.lang3.time.FastDatePrinterTimeZonesTest" time="0"/>
  <testcase name="testCalendarTimezoneRespected{TimeZone}[621]" classname="org.apache.commons.lang3.time.FastDatePrinterTimeZonesTest" time="0"/>
  <testcase name="testCalendarTimezoneRespected{TimeZone}[622]" classname="org.apache.commons.lang3.time.FastDatePrinterTimeZonesTest" time="0"/>
  <testcase name="testCalendarTimezoneRespected{TimeZone}[623]" classname="org.apache.commons.lang3.time.FastDatePrinterTimeZonesTest" time="0"/>
  <testcase name="testCalendarTimezoneRespected{TimeZone}[624]" classname="org.apache.commons.lang3.time.FastDatePrinterTimeZonesTest" time="0.001"/>
  <testcase name="testCalendarTimezoneRespected{TimeZone}[625]" classname="org.apache.commons.lang3.time.FastDatePrinterTimeZonesTest" time="0"/>
  <testcase name="testCalendarTimezoneRespected{TimeZone}[626]" classname="org.apache.commons.lang3.time.FastDatePrinterTimeZonesTest" time="0"/>
  <testcase name="testCalendarTimezoneRespected{TimeZone}[627]" classname="org.apache.commons.lang3.time.FastDatePrinterTimeZonesTest" time="0"/>
  <testcase name="testCalendarTimezoneRespected{TimeZone}[628]" classname="org.apache.commons.lang3.time.FastDatePrinterTimeZonesTest" time="0"/>
  <testcase name="testCalendarTimezoneRespected{TimeZone}[629]" classname="org.apache.commons.lang3.time.FastDatePrinterTimeZonesTest" time="0.001"/>
</testsuite>