<?xml version="1.0" encoding="UTF-8"?>
<testsuite xmlns:xsi="http://www.w3.org/2001/XMLSchema-instance" xsi:noNamespaceSchemaLocation="https://maven.apache.org/surefire/maven-surefire-plugin/xsd/surefire-test-report.xsd" name="org.joda.convert.TestStringConvert" time="0.176" tests="90" errors="0" skipped="0" failures="0">
  <properties>
    <property name="awt.toolkit" value="sun.awt.X11.XToolkit"/>
    <property name="maven.test.error.ignore" value="true"/>
    <property name="file.encoding.pkg" value="sun.io"/>
    <property name="java.specification.version" value="1.8"/>
    <property name="sun.cpu.isalist" value=""/>
    <property name="sun.jnu.encoding" value="UTF-8"/>
    <property name="java.class.path" value="/tmp/tmp0hjbmbcv/joda-convert/target/test-classes:/tmp/tmp0hjbmbcv/joda-convert/target/classes:/home/jdbl/.m2/repository/junit/junit/4.12/junit-4.12.jar:/home/jdbl/.m2/repository/org/hamcrest/hamcrest-core/1.3/hamcrest-core-1.3.jar:"/>
    <property name="java.vm.vendor" value="Oracle Corporation"/>
    <property name="maven.javadoc.skip" value="true"/>
    <property name="sun.arch.data.model" value="64"/>
    <property name="java.vendor.url" value="http://java.oracle.com/"/>
    <property name="user.timezone" value=""/>
    <property name="java.vm.specification.version" value="1.8"/>
    <property name="os.name" value="Linux"/>
    <property name="rat.skip" value="true"/>
    <property name="sun.java.launcher" value="SUN_STANDARD"/>
    <property name="sun.boot.library.path" value="/usr/local/openjdk-8/jre/lib/amd64"/>
    <property name="sun.java.command" value="/tmp/tmp0hjbmbcv/joda-convert/target/surefire/surefirebooter6901638434222926880.jar /tmp/tmp0hjbmbcv/joda-convert/target/surefire 2020-07-30T15-18-50_356-jvmRun1 surefire2760412887571198776tmp surefire_15550543091249934443tmp"/>
    <property name="surefire.test.class.path" value="/tmp/tmp0hjbmbcv/joda-convert/target/test-classes:/tmp/tmp0hjbmbcv/joda-convert/target/classes:/home/jdbl/.m2/repository/junit/junit/4.12/junit-4.12.jar:/home/jdbl/.m2/repository/org/hamcrest/hamcrest-core/1.3/hamcrest-core-1.3.jar:"/>
    <property name="sun.cpu.endian" value="little"/>
    <property name="user.home" value="/home/jdbl"/>
    <property name="user.language" value="en"/>
    <property name="java.specification.vendor" value="Oracle Corporation"/>
    <property name="java.home" value="/usr/local/openjdk-8/jre"/>
    <property name="basedir" value="/tmp/tmp0hjbmbcv/joda-convert"/>
    <property name="file.separator" value="/"/>
    <property name="line.separator" value="&#10;"/>
    <property name="source.skip" value="true"/>
    <property name="java.vm.specification.vendor" value="Oracle Corporation"/>
    <property name="java.specification.name" value="Java Platform API Specification"/>
    <property name="java.awt.graphicsenv" value="sun.awt.X11GraphicsEnvironment"/>
    <property name="surefire.real.class.path" value="/tmp/tmp0hjbmbcv/joda-convert/target/surefire/surefirebooter6901638434222926880.jar:/home/jdbl/.m2/repository/org/jacoco/org.jacoco.agent/0.8.2/org.jacoco.agent-0.8.2-runtime.jar"/>
    <property name="sun.boot.class.path" value="/usr/local/openjdk-8/jre/lib/resources.jar:/usr/local/openjdk-8/jre/lib/rt.jar:/usr/local/openjdk-8/jre/lib/sunrsasign.jar:/usr/local/openjdk-8/jre/lib/jsse.jar:/usr/local/openjdk-8/jre/lib/jce.jar:/usr/local/openjdk-8/jre/lib/charsets.jar:/usr/local/openjdk-8/jre/lib/jfr.jar:/usr/local/openjdk-8/jre/classes"/>
    <property name="sun.management.compiler" value="HotSpot 64-Bit Tiered Compilers"/>
    <property name="java.runtime.version" value="1.8.0_262-b10"/>
    <property name="user.name" value="jdbl"/>
    <property name="path.separator" value=":"/>
    <property name="os.version" value="4.15.0-109-generic"/>
    <property name="java.endorsed.dirs" value="/usr/local/openjdk-8/jre/lib/endorsed"/>
    <property name="java.runtime.name" value="OpenJDK Runtime Environment"/>
    <property name="file.encoding" value="UTF-8"/>
    <property name="java.vm.name" value="OpenJDK 64-Bit Server VM"/>
    <property name="localRepository" value="/home/jdbl/.m2/repository"/>
    <property name="java.vendor.url.bug" value="http://bugreport.sun.com/bugreport/"/>
    <property name="java.io.tmpdir" value="/tmp"/>
    <property name="java.version" value="1.8.0_262"/>
    <property name="user.dir" value="/tmp/tmp0hjbmbcv/joda-convert"/>
    <property name="os.arch" value="amd64"/>
    <property name="license.skip" value="true"/>
    <property name="animal.sniffer.skip" value="true"/>
    <property name="java.vm.specification.name" value="Java Virtual Machine Specification"/>
    <property name="java.awt.printerjob" value="sun.print.PSPrinterJob"/>
    <property name="sun.os.patch.level" value="unknown"/>
    <property name="java.library.path" value="/usr/java/packages/lib/amd64:/usr/lib64:/lib64:/lib:/usr/lib"/>
    <property name="java.vm.info" value="mixed mode"/>
    <property name="java.vendor" value="Oracle Corporation"/>
    <property name="java.vm.version" value="25.262-b10"/>
    <property name="java.ext.dirs" value="/usr/local/openjdk-8/jre/lib/ext:/usr/java/packages/lib/ext"/>
    <property name="sun.io.unicode.encoding" value="UnicodeLittle"/>
    <property name="java.class.version" value="52.0"/>
    <property name="maven.test.failure.ignore" value="true"/>
  </properties>
  <testcase name="test_convert_annotation_FactoryAndToStringOnInterface" classname="org.joda.convert.TestStringConvert" time="0.01"/>
  <testcase name="test_convert_annotatedMethodAndConstructor" classname="org.joda.convert.TestStringConvert" time="0"/>
  <testcase name="test_convert_annotationMethodMethod" classname="org.joda.convert.TestStringConvert" time="0"/>
  <testcase name="test_convert_annotationSuperFactorySubViaSub1" classname="org.joda.convert.TestStringConvert" time="0.004"/>
  <testcase name="test_convert_annotationSuperFactorySubViaSub2" classname="org.joda.convert.TestStringConvert" time="0"/>
  <testcase name="test_convert_annotation_ToStringOnInterface" classname="org.joda.convert.TestStringConvert" time="0.004"/>
  <testcase name="test_registerMethodConstructor_nullClass" classname="org.joda.convert.TestStringConvert" time="0"/>
  <testcase name="test_convert_annotatedToStringInvalidParameters" classname="org.joda.convert.TestStringConvert" time="0.004"/>
  <testcase name="test_register_classNotNull" classname="org.joda.convert.TestStringConvert" time="0"/>
  <testcase name="test_convert_annotatedFromStringInvalidParameterCount" classname="org.joda.convert.TestStringConvert" time="0.004"/>
  <testcase name="test_convert_annotatedFromStringInvalidParameter" classname="org.joda.convert.TestStringConvert" time="0"/>
  <testcase name="test_constructor_false" classname="org.joda.convert.TestStringConvert" time="0"/>
  <testcase name="test_findConverter_null" classname="org.joda.convert.TestStringConvert" time="0.001"/>
  <testcase name="test_convertToString_null" classname="org.joda.convert.TestStringConvert" time="0"/>
  <testcase name="test_constructor" classname="org.joda.convert.TestStringConvert" time="0.001"/>
  <testcase name="test_convertToString" classname="org.joda.convert.TestStringConvert" time="0.001"/>
  <testcase name="test_register_FunctionalInterfaces_nullToString" classname="org.joda.convert.TestStringConvert" time="0.001"/>
  <testcase name="test_registerMethodConstructor_classAlreadyRegistered" classname="org.joda.convert.TestStringConvert" time="0.001"/>
  <testcase name="test_register_FunctionalInterfaces_nullFromString" classname="org.joda.convert.TestStringConvert" time="0.001"/>
  <testcase name="test_findConverter" classname="org.joda.convert.TestStringConvert" time="0"/>
  <testcase name="test_convert_annotatedToStringNoFromString" classname="org.joda.convert.TestStringConvert" time="0.001"/>
  <testcase name="test_convertToString_withType_noGenerics" classname="org.joda.convert.TestStringConvert" time="0"/>
  <testcase name="test_convert_annotatedToStringInvalidReturnType" classname="org.joda.convert.TestStringConvert" time="0.002"/>
  <testcase name="test_convertFromString" classname="org.joda.convert.TestStringConvert" time="0"/>
  <testcase name="test_convertToString_inherit" classname="org.joda.convert.TestStringConvert" time="0.022"/>
  <testcase name="test_convertToString_withType_primitive1" classname="org.joda.convert.TestStringConvert" time="0.001"/>
  <testcase name="test_convertToString_withType_primitive2" classname="org.joda.convert.TestStringConvert" time="0"/>
  <testcase name="test_convertToString_withType" classname="org.joda.convert.TestStringConvert" time="0.001"/>
  <testcase name="test_registerMethodConstructor_noSuchConstructor" classname="org.joda.convert.TestStringConvert" time="0"/>
  <testcase name="test_register_converterNotNull" classname="org.joda.convert.TestStringConvert" time="0"/>
  <testcase name="test_convert_Enum_overrideDefaultWithConverter" classname="org.joda.convert.TestStringConvert" time="0"/>
  <testcase name="test_convertToString_withType_null" classname="org.joda.convert.TestStringConvert" time="0"/>
  <testcase name="test_registerMethods" classname="org.joda.convert.TestStringConvert" time="0"/>
  <testcase name="test_findConverter_Object" classname="org.joda.convert.TestStringConvert" time="0"/>
  <testcase name="test_convert_annotationNoMethods" classname="org.joda.convert.TestStringConvert" time="0"/>
  <testcase name="test_convert_annotationMethodBridgeMethod" classname="org.joda.convert.TestStringConvert" time="0.001"/>
  <testcase name="test_convertFromString_primitiveBoolean" classname="org.joda.convert.TestStringConvert" time="0"/>
  <testcase name="test_findConverterNoGenerics" classname="org.joda.convert.TestStringConvert" time="0"/>
  <testcase name="test_registerMethodsCharSequence" classname="org.joda.convert.TestStringConvert" time="0.001"/>
  <testcase name="test_convert_annotationToStringInvokeException" classname="org.joda.convert.TestStringConvert" time="0.005"/>
  <testcase name="test_convert_annotatedFromStringConstructorInvalidParameter" classname="org.joda.convert.TestStringConvert" time="0.003"/>
  <testcase name="test_registerMethodConstructor_nullToString" classname="org.joda.convert.TestStringConvert" time="0"/>
  <testcase name="test_registerMethods_nullClass" classname="org.joda.convert.TestStringConvert" time="0"/>
  <testcase name="test_register_FunctionalInterfaces_nullClass" classname="org.joda.convert.TestStringConvert" time="0.003"/>
  <testcase name="test_convert_annotationMethodConstructor" classname="org.joda.convert.TestStringConvert" time="0"/>
  <testcase name="test_convert_annotatedTwoFromStringMethod" classname="org.joda.convert.TestStringConvert" time="0.002"/>
  <testcase name="test_findConverterNoGenerics_Object" classname="org.joda.convert.TestStringConvert" time="0"/>
  <testcase name="test_convertFromString_nullClass" classname="org.joda.convert.TestStringConvert" time="0"/>
  <testcase name="test_convert_annotatedFromStringConstructorInvalidParameterCount" classname="org.joda.convert.TestStringConvert" time="0.005"/>
  <testcase name="test_registerMethods_noSuchFromStringMethod" classname="org.joda.convert.TestStringConvert" time="0.004"/>
  <testcase name="test_registerMethods_classAlreadyRegistered" classname="org.joda.convert.TestStringConvert" time="0.002"/>
  <testcase name="test_convert_annotatedFromStringInvalidReturnType" classname="org.joda.convert.TestStringConvert" time="0.002"/>
  <testcase name="test_register_classAlreadyRegistered" classname="org.joda.convert.TestStringConvert" time="0"/>
  <testcase name="ttest_registerMethods_cannotChangeSingleton" classname="org.joda.convert.TestStringConvert" time="0.001"/>
  <testcase name="test_convertToString_withType_nullClass" classname="org.joda.convert.TestStringConvert" time="0"/>
  <testcase name="test_registerFactory_cannotChangeSingleton" classname="org.joda.convert.TestStringConvert" time="0"/>
  <testcase name="test_registerMethods_noSuchToStringMethod" classname="org.joda.convert.TestStringConvert" time="0"/>
  <testcase name="test_convert_annotatedTwoToString" classname="org.joda.convert.TestStringConvert" time="0.001"/>
  <testcase name="test_isConvertible" classname="org.joda.convert.TestStringConvert" time="0"/>
  <testcase name="test_convertFromString_null" classname="org.joda.convert.TestStringConvert" time="0"/>
  <testcase name="test_convertFromString_inherit" classname="org.joda.convert.TestStringConvert" time="0"/>
  <testcase name="test_register_FunctionalInterfaces" classname="org.joda.convert.TestStringConvert" time="0.02"/>
  <testcase name="test_convertToString_primitive" classname="org.joda.convert.TestStringConvert" time="0"/>
  <testcase name="test_registerMethods_nullToString" classname="org.joda.convert.TestStringConvert" time="0"/>
  <testcase name="test_convert_annotationSuperFactorySubViaSuper" classname="org.joda.convert.TestStringConvert" time="0"/>
  <testcase name="test_convert_annotationMethodConstructorCharSequence" classname="org.joda.convert.TestStringConvert" time="0"/>
  <testcase name="ttest_registerMethodConstructor_cannotChangeSingleton" classname="org.joda.convert.TestStringConvert" time="0"/>
  <testcase name="test_registerMethodConstructor" classname="org.joda.convert.TestStringConvert" time="0"/>
  <testcase name="test_convert_annotationSubMethodMethod" classname="org.joda.convert.TestStringConvert" time="0"/>
  <testcase name="test_convert_annotation_ToStringFromStringOnSuperClassBeatsInterface" classname="org.joda.convert.TestStringConvert" time="0"/>
  <testcase name="test_registerMethodConstructorCharSequence" classname="org.joda.convert.TestStringConvert" time="0"/>
  <testcase name="test_convert_annotationFactoryMethod" classname="org.joda.convert.TestStringConvert" time="0"/>
  <testcase name="test_convert_annotationMethodMethodCharSequence" classname="org.joda.convert.TestStringConvert" time="0"/>
  <testcase name="test_convert_annotationSuperFactorySuper" classname="org.joda.convert.TestStringConvert" time="0"/>
  <testcase name="test_convert_toString" classname="org.joda.convert.TestStringConvert" time="0"/>
  <testcase name="test_convert_annotationSubMethodConstructor" classname="org.joda.convert.TestStringConvert" time="0"/>
  <testcase name="test_convertFromString_primitiveInt" classname="org.joda.convert.TestStringConvert" time="0"/>
  <testcase name="test_registerMethods_invalidToStringMethod" classname="org.joda.convert.TestStringConvert" time="0"/>
  <testcase name="test_registerMethods_nullFromString" classname="org.joda.convert.TestStringConvert" time="0"/>
  <testcase name="test_convertFromString_enumSubclass" classname="org.joda.convert.TestStringConvert" time="0"/>
  <testcase name="test_convert_annotation_FromStringFactoryClashingMethods_fromInterface" classname="org.joda.convert.TestStringConvert" time="0"/>
  <testcase name="test_convert_annotatedFromStringNoToString" classname="org.joda.convert.TestStringConvert" time="0"/>
  <testcase name="test_convertToString_withType_inherit1" classname="org.joda.convert.TestStringConvert" time="0"/>
  <testcase name="test_convert_annotation_FactoryAndToStringOnInterface_usingInterface" classname="org.joda.convert.TestStringConvert" time="0"/>
  <testcase name="test_register_notOnShared" classname="org.joda.convert.TestStringConvert" time="0"/>
  <testcase name="test_constructor_true" classname="org.joda.convert.TestStringConvert" time="0"/>
  <testcase name="test_convertFromString_inheritNotSearchedFor" classname="org.joda.convert.TestStringConvert" time="0.001"/>
  <testcase name="test_findConverterNoGenerics_null" classname="org.joda.convert.TestStringConvert" time="0"/>
  <testcase name="test_convert_annotationFromStringInvokeException" classname="org.joda.convert.TestStringConvert" time="0.002"/>
  <testcase name="test_convert_annotation_FromStringFactoryClashingMethods_fromClass" classname="org.joda.convert.TestStringConvert" time="0"/>
</testsuite>