<?xml version="1.0" encoding="UTF-8"?>
<testsuite xmlns:xsi="http://www.w3.org/2001/XMLSchema-instance" xsi:schemaLocation="https://maven.apache.org/surefire/maven-surefire-plugin/xsd/surefire-test-report.xsd" name="org.biacode.jcronofy.api.impl.CronofyClientImplTest" time="0.613" tests="76" errors="0" skipped="0" failures="0">
  <properties>
    <property name="java.runtime.name" value="OpenJDK Runtime Environment"/>
    <property name="sun.boot.library.path" value="/usr/local/openjdk-8/jre/lib/amd64"/>
    <property name="java.vm.version" value="25.262-b10"/>
    <property name="animal.sniffer.skip" value="true"/>
    <property name="java.vm.vendor" value="Oracle Corporation"/>
    <property name="maven.multiModuleProjectDirectory" value="/tmp/tmpqp0bvt0q/jcronofy"/>
    <property name="maven.javadoc.skip" value="true"/>
    <property name="java.vendor.url" value="http://java.oracle.com/"/>
    <property name="path.separator" value=":"/>
    <property name="guice.disable.misplaced.annotation.check" value="true"/>
    <property name="java.vm.name" value="OpenJDK 64-Bit Server VM"/>
    <property name="file.encoding.pkg" value="sun.io"/>
    <property name="sun.java.launcher" value="SUN_STANDARD"/>
    <property name="sun.os.patch.level" value="unknown"/>
    <property name="source.skip" value="true"/>
    <property name="java.vm.specification.name" value="Java Virtual Machine Specification"/>
    <property name="user.dir" value="/tmp/tmpqp0bvt0q/jcronofy"/>
    <property name="java.runtime.version" value="1.8.0_262-b10"/>
    <property name="java.awt.graphicsenv" value="sun.awt.X11GraphicsEnvironment"/>
    <property name="java.endorsed.dirs" value="/usr/local/openjdk-8/jre/lib/endorsed"/>
    <property name="os.arch" value="amd64"/>
    <property name="java.io.tmpdir" value="/tmp"/>
    <property name="line.separator" value="&#10;"/>
    <property name="java.vm.specification.vendor" value="Oracle Corporation"/>
    <property name="os.name" value="Linux"/>
    <property name="classworlds.conf" value="/usr/share/maven/bin/m2.conf"/>
    <property name="sun.jnu.encoding" value="UTF-8"/>
    <property name="java.library.path" value="/usr/java/packages/lib/amd64:/usr/lib64:/lib64:/lib:/usr/lib"/>
    <property name="license.skip" value="true"/>
    <property name="maven.conf" value="/usr/share/maven/conf"/>
    <property name="java.specification.name" value="Java Platform API Specification"/>
    <property name="java.class.version" value="52.0"/>
    <property name="sun.management.compiler" value="HotSpot 64-Bit Tiered Compilers"/>
    <property name="maven.test.failure.ignore" value="true"/>
    <property name="os.version" value="4.15.0-109-generic"/>
    <property name="library.jansi.path" value="/usr/share/maven/lib/jansi-native"/>
    <property name="user.home" value="/home/jdbl"/>
    <property name="user.timezone" value="Etc/UTC"/>
    <property name="java.awt.printerjob" value="sun.print.PSPrinterJob"/>
    <property name="java.specification.version" value="1.8"/>
    <property name="file.encoding" value="UTF-8"/>
    <property name="user.name" value="jdbl"/>
    <property name="java.class.path" value="/usr/share/maven/boot/plexus-classworlds-2.6.0.jar"/>
    <property name="java.vm.specification.version" value="1.8"/>
    <property name="sun.arch.data.model" value="64"/>
    <property name="java.home" value="/usr/local/openjdk-8/jre"/>
    <property name="sun.java.command" value="org.codehaus.plexus.classworlds.launcher.Launcher test -e --fail-never -ntp -Dmaven.test.failure.ignore=true -B -Dmaven.javadoc.skip=true -Drat.skip=true -Danimal.sniffer.skip=true -Dmaven.javadoc.skip=true -Dlicense.skip=true -Dsource.skip=true"/>
    <property name="java.specification.vendor" value="Oracle Corporation"/>
    <property name="user.language" value="en"/>
    <property name="awt.toolkit" value="sun.awt.X11.XToolkit"/>
    <property name="java.vm.info" value="mixed mode"/>
    <property name="java.version" value="1.8.0_262"/>
    <property name="java.ext.dirs" value="/usr/local/openjdk-8/jre/lib/ext:/usr/java/packages/lib/ext"/>
    <property name="securerandom.source" value="file:/dev/./urandom"/>
    <property name="sun.boot.class.path" value="/usr/local/openjdk-8/jre/lib/resources.jar:/usr/local/openjdk-8/jre/lib/rt.jar:/usr/local/openjdk-8/jre/lib/sunrsasign.jar:/usr/local/openjdk-8/jre/lib/jsse.jar:/usr/local/openjdk-8/jre/lib/jce.jar:/usr/local/openjdk-8/jre/lib/charsets.jar:/usr/local/openjdk-8/jre/lib/jfr.jar:/usr/local/openjdk-8/jre/classes"/>
    <property name="java.vendor" value="Oracle Corporation"/>
    <property name="rat.skip" value="true"/>
    <property name="maven.home" value="/usr/share/maven"/>
    <property name="file.separator" value="/"/>
    <property name="java.vendor.url.bug" value="http://bugreport.sun.com/bugreport/"/>
    <property name="sun.cpu.endian" value="little"/>
    <property name="sun.io.unicode.encoding" value="UnicodeLittle"/>
    <property name="sun.cpu.isalist" value=""/>
  </properties>
  <testcase name="testBulkDeleteEventsScenario1" classname="org.biacode.jcronofy.api.impl.CronofyClientImplTest" time="0.015"/>
  <testcase name="testBulkDeleteEventsScenario2" classname="org.biacode.jcronofy.api.impl.CronofyClientImplTest" time="0.044"/>
  <testcase name="testBulkDeleteEventsScenario3" classname="org.biacode.jcronofy.api.impl.CronofyClientImplTest" time="0.002"/>
  <testcase name="testBulkDeleteEventsScenario4" classname="org.biacode.jcronofy.api.impl.CronofyClientImplTest" time="0.001"/>
  <testcase name="testBulkDeleteEventsScenario6" classname="org.biacode.jcronofy.api.impl.CronofyClientImplTest" time="0.001"/>
  <testcase name="testBulkDeleteEventsScenario7" classname="org.biacode.jcronofy.api.impl.CronofyClientImplTest" time="0.001"/>
  <testcase name="testCreateNotificationChannelScenario1" classname="org.biacode.jcronofy.api.impl.CronofyClientImplTest" time="0"/>
  <testcase name="testCreateNotificationChannelScenario2" classname="org.biacode.jcronofy.api.impl.CronofyClientImplTest" time="0.004"/>
  <testcase name="testCreateNotificationChannelScenario3" classname="org.biacode.jcronofy.api.impl.CronofyClientImplTest" time="0.004"/>
  <testcase name="testCreateNotificationChannelScenario4" classname="org.biacode.jcronofy.api.impl.CronofyClientImplTest" time="0"/>
  <testcase name="testListCalendarsScenario1" classname="org.biacode.jcronofy.api.impl.CronofyClientImplTest" time="0"/>
  <testcase name="testListCalendarsScenario2" classname="org.biacode.jcronofy.api.impl.CronofyClientImplTest" time="0.003"/>
  <testcase name="testListCalendarsScenario3" classname="org.biacode.jcronofy.api.impl.CronofyClientImplTest" time="0"/>
  <testcase name="testListCalendarsScenario5" classname="org.biacode.jcronofy.api.impl.CronofyClientImplTest" time="0"/>
  <testcase name="testGetAccessTokenScenario1" classname="org.biacode.jcronofy.api.impl.CronofyClientImplTest" time="0"/>
  <testcase name="testGetAccessTokenScenario2" classname="org.biacode.jcronofy.api.impl.CronofyClientImplTest" time="0.002"/>
  <testcase name="testGetAccessTokenScenario3" classname="org.biacode.jcronofy.api.impl.CronofyClientImplTest" time="0"/>
  <testcase name="testFreeBusyScenario1" classname="org.biacode.jcronofy.api.impl.CronofyClientImplTest" time="0.001"/>
  <testcase name="testFreeBusyScenario2" classname="org.biacode.jcronofy.api.impl.CronofyClientImplTest" time="0.006"/>
  <testcase name="testFreeBusyScenario3" classname="org.biacode.jcronofy.api.impl.CronofyClientImplTest" time="0.001"/>
  <testcase name="testFreeBusyScenario4" classname="org.biacode.jcronofy.api.impl.CronofyClientImplTest" time="0"/>
  <testcase name="testFreeBusyScenario5" classname="org.biacode.jcronofy.api.impl.CronofyClientImplTest" time="0.001"/>
  <testcase name="testFreeBusyScenario6" classname="org.biacode.jcronofy.api.impl.CronofyClientImplTest" time="0.001"/>
  <testcase name="testUpdateAccessTokenScenario1" classname="org.biacode.jcronofy.api.impl.CronofyClientImplTest" time="0"/>
  <testcase name="testUpdateAccessTokenScenario2" classname="org.biacode.jcronofy.api.impl.CronofyClientImplTest" time="0.001"/>
  <testcase name="testUpdateAccessTokenScenario3" classname="org.biacode.jcronofy.api.impl.CronofyClientImplTest" time="0.001"/>
  <testcase name="testProfileInfoScenario1" classname="org.biacode.jcronofy.api.impl.CronofyClientImplTest" time="0"/>
  <testcase name="testProfileInfoScenario2" classname="org.biacode.jcronofy.api.impl.CronofyClientImplTest" time="0.002"/>
  <testcase name="testProfileInfoScenario3" classname="org.biacode.jcronofy.api.impl.CronofyClientImplTest" time="0"/>
  <testcase name="testDeleteEventScenario1" classname="org.biacode.jcronofy.api.impl.CronofyClientImplTest" time="0"/>
  <testcase name="testDeleteEventScenario2" classname="org.biacode.jcronofy.api.impl.CronofyClientImplTest" time="0"/>
  <testcase name="testDeleteEventScenario3" classname="org.biacode.jcronofy.api.impl.CronofyClientImplTest" time="0.001"/>
  <testcase name="testDeleteEventScenario4" classname="org.biacode.jcronofy.api.impl.CronofyClientImplTest" time="0"/>
  <testcase name="testDeleteEventScenario6" classname="org.biacode.jcronofy.api.impl.CronofyClientImplTest" time="0.001"/>
  <testcase name="testDeleteEventScenario7" classname="org.biacode.jcronofy.api.impl.CronofyClientImplTest" time="0"/>
  <testcase name="testUserInfoScenario1" classname="org.biacode.jcronofy.api.impl.CronofyClientImplTest" time="0.001"/>
  <testcase name="testUserInfoScenario2" classname="org.biacode.jcronofy.api.impl.CronofyClientImplTest" time="0.001"/>
  <testcase name="testUserInfoScenario3" classname="org.biacode.jcronofy.api.impl.CronofyClientImplTest" time="0"/>
  <testcase name="testListNotificationChannelsScenario1" classname="org.biacode.jcronofy.api.impl.CronofyClientImplTest" time="0"/>
  <testcase name="testListNotificationChannelsScenario2" classname="org.biacode.jcronofy.api.impl.CronofyClientImplTest" time="0.001"/>
  <testcase name="testListNotificationChannelsScenario3" classname="org.biacode.jcronofy.api.impl.CronofyClientImplTest" time="0"/>
  <testcase name="testCreateCalendarScenario" classname="org.biacode.jcronofy.api.impl.CronofyClientImplTest" time="0.001"/>
  <testcase name="testCreateOrUpdateEventScenario1" classname="org.biacode.jcronofy.api.impl.CronofyClientImplTest" time="0"/>
  <testcase name="testCreateOrUpdateEventScenario2" classname="org.biacode.jcronofy.api.impl.CronofyClientImplTest" time="0.002"/>
  <testcase name="testCreateOrUpdateEventScenario3" classname="org.biacode.jcronofy.api.impl.CronofyClientImplTest" time="0"/>
  <testcase name="testCreateOrUpdateEventScenario4" classname="org.biacode.jcronofy.api.impl.CronofyClientImplTest" time="0.001"/>
  <testcase name="testCreateOrUpdateEventScenario6" classname="org.biacode.jcronofy.api.impl.CronofyClientImplTest" time="0.001"/>
  <testcase name="testCreateOrUpdateEventScenario7" classname="org.biacode.jcronofy.api.impl.CronofyClientImplTest" time="0.001"/>
  <testcase name="testReadEventsScenario1" classname="org.biacode.jcronofy.api.impl.CronofyClientImplTest" time="0"/>
  <testcase name="testReadEventsScenario2" classname="org.biacode.jcronofy.api.impl.CronofyClientImplTest" time="0.014"/>
  <testcase name="testReadEventsScenario3" classname="org.biacode.jcronofy.api.impl.CronofyClientImplTest" time="0.003"/>
  <testcase name="testReadEventsScenario4" classname="org.biacode.jcronofy.api.impl.CronofyClientImplTest" time="0.001"/>
  <testcase name="testReadEventsScenario5" classname="org.biacode.jcronofy.api.impl.CronofyClientImplTest" time="0"/>
  <testcase name="testReadEventsScenario6" classname="org.biacode.jcronofy.api.impl.CronofyClientImplTest" time="0"/>
  <testcase name="testReadEventsScenario7" classname="org.biacode.jcronofy.api.impl.CronofyClientImplTest" time="0.002"/>
  <testcase name="testRevokeAccessTokenScenario1" classname="org.biacode.jcronofy.api.impl.CronofyClientImplTest" time="0"/>
  <testcase name="testRevokeAccessTokenScenario2" classname="org.biacode.jcronofy.api.impl.CronofyClientImplTest" time="0"/>
  <testcase name="testRevokeAccessTokenScenario3" classname="org.biacode.jcronofy.api.impl.CronofyClientImplTest" time="0.001"/>
  <testcase name="testRevokeAccessTokenScenario4" classname="org.biacode.jcronofy.api.impl.CronofyClientImplTest" time="0.001"/>
  <testcase name="testCreateCalendarScenario1" classname="org.biacode.jcronofy.api.impl.CronofyClientImplTest" time="0"/>
  <testcase name="testCreateCalendarScenario3" classname="org.biacode.jcronofy.api.impl.CronofyClientImplTest" time="0"/>
  <testcase name="testCreateCalendarScenario4" classname="org.biacode.jcronofy.api.impl.CronofyClientImplTest" time="0.001"/>
  <testcase name="testCreateCalendarScenario5" classname="org.biacode.jcronofy.api.impl.CronofyClientImplTest" time="0"/>
  <testcase name="testCreateCalendarScenario6" classname="org.biacode.jcronofy.api.impl.CronofyClientImplTest" time="0.001"/>
  <testcase name="testCalendarIdParameterEncoding" classname="org.biacode.jcronofy.api.impl.CronofyClientImplTest" time="0.091"/>
  <testcase name="testAvailabilityScenario1" classname="org.biacode.jcronofy.api.impl.CronofyClientImplTest" time="0"/>
  <testcase name="testAvailabilityScenario2" classname="org.biacode.jcronofy.api.impl.CronofyClientImplTest" time="0.009"/>
  <testcase name="testAvailabilityScenario3" classname="org.biacode.jcronofy.api.impl.CronofyClientImplTest" time="0"/>
  <testcase name="testAvailabilityScenario4" classname="org.biacode.jcronofy.api.impl.CronofyClientImplTest" time="0"/>
  <testcase name="testAccountInfoScenario1" classname="org.biacode.jcronofy.api.impl.CronofyClientImplTest" time="0"/>
  <testcase name="testAccountInfoScenario2" classname="org.biacode.jcronofy.api.impl.CronofyClientImplTest" time="0.002"/>
  <testcase name="testAccountInfoScenario3" classname="org.biacode.jcronofy.api.impl.CronofyClientImplTest" time="0"/>
  <testcase name="testCloseNotificationChannelScenario1" classname="org.biacode.jcronofy.api.impl.CronofyClientImplTest" time="0"/>
  <testcase name="testCloseNotificationChannelScenario2" classname="org.biacode.jcronofy.api.impl.CronofyClientImplTest" time="0"/>
  <testcase name="testCloseNotificationChannelScenario3" classname="org.biacode.jcronofy.api.impl.CronofyClientImplTest" time="0"/>
  <testcase name="testCloseNotificationChannelScenario4" classname="org.biacode.jcronofy.api.impl.CronofyClientImplTest" time="0"/>
</testsuite>