<?xml version="1.0" encoding="UTF-8"?>
<testsuite xmlns:xsi="http://www.w3.org/2001/XMLSchema-instance" xsi:schemaLocation="https://maven.apache.org/surefire/maven-surefire-plugin/xsd/surefire-test-report.xsd" name="com.cosyan.db.lang.sql.TableReaderTest" time="0.216" tests="75" errors="0" skipped="0" failures="0">
  <properties>
    <property name="java.runtime.name" value="OpenJDK Runtime Environment"/>
    <property name="sun.boot.library.path" value="/usr/local/openjdk-8/jre/lib/amd64"/>
    <property name="java.vm.version" value="25.262-b10"/>
    <property name="animal.sniffer.skip" value="true"/>
    <property name="java.vm.vendor" value="Oracle Corporation"/>
    <property name="maven.multiModuleProjectDirectory" value="/tmp/tmpld3_6xfb/cosyan"/>
    <property name="maven.javadoc.skip" value="true"/>
    <property name="java.vendor.url" value="http://java.oracle.com/"/>
    <property name="path.separator" value=":"/>
    <property name="guice.disable.misplaced.annotation.check" value="true"/>
    <property name="java.vm.name" value="OpenJDK 64-Bit Server VM"/>
    <property name="file.encoding.pkg" value="sun.io"/>
    <property name="sun.java.launcher" value="SUN_STANDARD"/>
    <property name="sun.os.patch.level" value="unknown"/>
    <property name="source.skip" value="true"/>
    <property name="java.vm.specification.name" value="Java Virtual Machine Specification"/>
    <property name="user.dir" value="/tmp/tmpld3_6xfb/cosyan"/>
    <property name="java.runtime.version" value="1.8.0_262-b10"/>
    <property name="java.awt.graphicsenv" value="sun.awt.X11GraphicsEnvironment"/>
    <property name="java.endorsed.dirs" value="/usr/local/openjdk-8/jre/lib/endorsed"/>
    <property name="os.arch" value="amd64"/>
    <property name="java.io.tmpdir" value="/tmp"/>
    <property name="line.separator" value="&#10;"/>
    <property name="java.vm.specification.vendor" value="Oracle Corporation"/>
    <property name="os.name" value="Linux"/>
    <property name="classworlds.conf" value="/usr/share/maven/bin/m2.conf"/>
    <property name="sun.jnu.encoding" value="UTF-8"/>
    <property name="java.library.path" value="/usr/java/packages/lib/amd64:/usr/lib64:/lib64:/lib:/usr/lib"/>
    <property name="license.skip" value="true"/>
    <property name="maven.conf" value="/usr/share/maven/conf"/>
    <property name="java.specification.name" value="Java Platform API Specification"/>
    <property name="java.class.version" value="52.0"/>
    <property name="sun.management.compiler" value="HotSpot 64-Bit Tiered Compilers"/>
    <property name="maven.test.failure.ignore" value="true"/>
    <property name="os.version" value="4.15.0-109-generic"/>
    <property name="library.jansi.path" value="/usr/share/maven/lib/jansi-native"/>
    <property name="user.home" value="/home/jdbl"/>
    <property name="user.timezone" value="Etc/UTC"/>
    <property name="java.awt.printerjob" value="sun.print.PSPrinterJob"/>
    <property name="java.specification.version" value="1.8"/>
    <property name="file.encoding" value="UTF-8"/>
    <property name="user.name" value="jdbl"/>
    <property name="java.class.path" value="/usr/share/maven/boot/plexus-classworlds-2.6.0.jar"/>
    <property name="java.vm.specification.version" value="1.8"/>
    <property name="sun.arch.data.model" value="64"/>
    <property name="java.home" value="/usr/local/openjdk-8/jre"/>
    <property name="sun.java.command" value="org.codehaus.plexus.classworlds.launcher.Launcher test -e --fail-never -ntp -Dmaven.test.failure.ignore=true -B -Dmaven.javadoc.skip=true -Drat.skip=true -Danimal.sniffer.skip=true -Dmaven.javadoc.skip=true -Dlicense.skip=true -Dsource.skip=true"/>
    <property name="java.specification.vendor" value="Oracle Corporation"/>
    <property name="user.language" value="en"/>
    <property name="awt.toolkit" value="sun.awt.X11.XToolkit"/>
    <property name="java.vm.info" value="mixed mode"/>
    <property name="java.version" value="1.8.0_262"/>
    <property name="java.ext.dirs" value="/usr/local/openjdk-8/jre/lib/ext:/usr/java/packages/lib/ext"/>
    <property name="securerandom.source" value="file:/dev/./urandom"/>
    <property name="sun.boot.class.path" value="/usr/local/openjdk-8/jre/lib/resources.jar:/usr/local/openjdk-8/jre/lib/rt.jar:/usr/local/openjdk-8/jre/lib/sunrsasign.jar:/usr/local/openjdk-8/jre/lib/jsse.jar:/usr/local/openjdk-8/jre/lib/jce.jar:/usr/local/openjdk-8/jre/lib/charsets.jar:/usr/local/openjdk-8/jre/lib/jfr.jar:/usr/local/openjdk-8/jre/classes"/>
    <property name="java.vendor" value="Oracle Corporation"/>
    <property name="rat.skip" value="true"/>
    <property name="maven.home" value="/usr/share/maven"/>
    <property name="file.separator" value="/"/>
    <property name="java.vendor.url.bug" value="http://bugreport.sun.com/bugreport/"/>
    <property name="sun.cpu.endian" value="little"/>
    <property name="sun.io.unicode.encoding" value="UnicodeLittle"/>
    <property name="sun.cpu.isalist" value=""/>
  </properties>
  <testcase name="testRightJoinDuplication" classname="com.cosyan.db.lang.sql.TableReaderTest" time="0.018"/>
  <testcase name="testNullInFuncCall" classname="com.cosyan.db.lang.sql.TableReaderTest" time="0.001"/>
  <testcase name="testAggregatorsCount" classname="com.cosyan.db.lang.sql.TableReaderTest" time="0.001"/>
  <testcase name="testLeftJoin" classname="com.cosyan.db.lang.sql.TableReaderTest" time="0.002"/>
  <testcase name="testNullAsAggregationKey" classname="com.cosyan.db.lang.sql.TableReaderTest" time="0.001"/>
  <testcase name="testEnumInBinaryExpr" classname="com.cosyan.db.lang.sql.TableReaderTest" time="0.001"/>
  <testcase name="testLeftJoinDuplication" classname="com.cosyan.db.lang.sql.TableReaderTest" time="0.003"/>
  <testcase name="testLeftJoinTableAliasAsterisk" classname="com.cosyan.db.lang.sql.TableReaderTest" time="0.002"/>
  <testcase name="testGroupByAndWhere" classname="com.cosyan.db.lang.sql.TableReaderTest" time="0.003"/>
  <testcase name="testOrderBy" classname="com.cosyan.db.lang.sql.TableReaderTest" time="0.005"/>
  <testcase name="testInnerSelect" classname="com.cosyan.db.lang.sql.TableReaderTest" time="0.001"/>
  <testcase name="testDates" classname="com.cosyan.db.lang.sql.TableReaderTest" time="0.001"/>
  <testcase name="testLimit" classname="com.cosyan.db.lang.sql.TableReaderTest" time="0.001"/>
  <testcase name="testWhere" classname="com.cosyan.db.lang.sql.TableReaderTest" time="0.001"/>
  <testcase name="testCase" classname="com.cosyan.db.lang.sql.TableReaderTest" time="0.011"/>
  <testcase name="testExpressionInGroupByNotNamed" classname="com.cosyan.db.lang.sql.TableReaderTest" time="0.001"/>
  <testcase name="testExpressionInGroupBy" classname="com.cosyan.db.lang.sql.TableReaderTest" time="0.001"/>
  <testcase name="testGlobalAggregate" classname="com.cosyan.db.lang.sql.TableReaderTest" time="0"/>
  <testcase name="testAggregatorsMax" classname="com.cosyan.db.lang.sql.TableReaderTest" time="0.002"/>
  <testcase name="testAggregatorsMin" classname="com.cosyan.db.lang.sql.TableReaderTest" time="0.002"/>
  <testcase name="testAggregatorsSum" classname="com.cosyan.db.lang.sql.TableReaderTest" time="0.001"/>
  <testcase name="testRightJoin" classname="com.cosyan.db.lang.sql.TableReaderTest" time="0.001"/>
  <testcase name="testReadLogicExpressions1" classname="com.cosyan.db.lang.sql.TableReaderTest" time="0.001"/>
  <testcase name="testReadLogicExpressions2" classname="com.cosyan.db.lang.sql.TableReaderTest" time="0.001"/>
  <testcase name="testOrderByMultipleKeys" classname="com.cosyan.db.lang.sql.TableReaderTest" time="0.001"/>
  <testcase name="testColumnAliasing" classname="com.cosyan.db.lang.sql.TableReaderTest" time="0"/>
  <testcase name="testAggrInAggr" classname="com.cosyan.db.lang.sql.TableReaderTest" time="0"/>
  <testcase name="testGroupByMultipleKey" classname="com.cosyan.db.lang.sql.TableReaderTest" time="0.004"/>
  <testcase name="testDateFunctions_Add" classname="com.cosyan.db.lang.sql.TableReaderTest" time="0.003"/>
  <testcase name="testGroupBy" classname="com.cosyan.db.lang.sql.TableReaderTest" time="0.005"/>
  <testcase name="testDateFunctions1" classname="com.cosyan.db.lang.sql.TableReaderTest" time="0.005"/>
  <testcase name="testInnerJoin1" classname="com.cosyan.db.lang.sql.TableReaderTest" time="0.001"/>
  <testcase name="testInnerJoin2" classname="com.cosyan.db.lang.sql.TableReaderTest" time="0.002"/>
  <testcase name="testReadArithmeticExpressions1" classname="com.cosyan.db.lang.sql.TableReaderTest" time="0.001"/>
  <testcase name="testReadArithmeticExpressions2" classname="com.cosyan.db.lang.sql.TableReaderTest" time="0"/>
  <testcase name="testReadFirstLine" classname="com.cosyan.db.lang.sql.TableReaderTest" time="0.001"/>
  <testcase name="testInnerJoinTableAlias" classname="com.cosyan.db.lang.sql.TableReaderTest" time="0.011"/>
  <testcase name="testNullInBinaryExpression" classname="com.cosyan.db.lang.sql.TableReaderTest" time="0.001"/>
  <testcase name="testLimitInSubSelect" classname="com.cosyan.db.lang.sql.TableReaderTest" time="0.001"/>
  <testcase name="testInvalidJoinOn" classname="com.cosyan.db.lang.sql.TableReaderTest" time="0"/>
  <testcase name="testOrderByNull" classname="com.cosyan.db.lang.sql.TableReaderTest" time="0.001"/>
  <testcase name="testInnerJoinDuplication1" classname="com.cosyan.db.lang.sql.TableReaderTest" time="0.001"/>
  <testcase name="testInnerJoinDuplication2" classname="com.cosyan.db.lang.sql.TableReaderTest" time="0.001"/>
  <testcase name="testInnerJoinAliasSolvesNameCollision" classname="com.cosyan.db.lang.sql.TableReaderTest" time="0.001"/>
  <testcase name="testWhereIsNotNull" classname="com.cosyan.db.lang.sql.TableReaderTest" time="0.001"/>
  <testcase name="testCountDistinctGroupBy" classname="com.cosyan.db.lang.sql.TableReaderTest" time="0.001"/>
  <testcase name="testGroupByAttrOrder" classname="com.cosyan.db.lang.sql.TableReaderTest" time="0.001"/>
  <testcase name="testInnerJoinSubSelectAlias" classname="com.cosyan.db.lang.sql.TableReaderTest" time="0.001"/>
  <testcase name="testCountDistinctGlobal" classname="com.cosyan.db.lang.sql.TableReaderTest" time="0"/>
  <testcase name="testAsteriskExclude" classname="com.cosyan.db.lang.sql.TableReaderTest" time="0.002"/>
  <testcase name="testNullEquals" classname="com.cosyan.db.lang.sql.TableReaderTest" time="0"/>
  <testcase name="testFuncallOfFuncall" classname="com.cosyan.db.lang.sql.TableReaderTest" time="0"/>
  <testcase name="testSkewnessAndKurtosis" classname="com.cosyan.db.lang.sql.TableReaderTest" time="0.005"/>
  <testcase name="testWrongArgNumber" classname="com.cosyan.db.lang.sql.TableReaderTest" time="0"/>
  <testcase name="testGroupByInconsistentAggr" classname="com.cosyan.db.lang.sql.TableReaderTest" time="0"/>
  <testcase name="testDistinctSame" classname="com.cosyan.db.lang.sql.TableReaderTest" time="0.004"/>
  <testcase name="testReadStringFunction" classname="com.cosyan.db.lang.sql.TableReaderTest" time="0.001"/>
  <testcase name="testNonKeyOutsideOfAggr" classname="com.cosyan.db.lang.sql.TableReaderTest" time="0"/>
  <testcase name="testDuplicateColumnNames" classname="com.cosyan.db.lang.sql.TableReaderTest" time="0.001"/>
  <testcase name="testNullInAggregation" classname="com.cosyan.db.lang.sql.TableReaderTest" time="0.001"/>
  <testcase name="testHaving" classname="com.cosyan.db.lang.sql.TableReaderTest" time="0.001"/>
  <testcase name="testInconsistentAggr" classname="com.cosyan.db.lang.sql.TableReaderTest" time="0"/>
  <testcase name="testSetAggr" classname="com.cosyan.db.lang.sql.TableReaderTest" time="0.002"/>
  <testcase name="testReadLinesWithNull" classname="com.cosyan.db.lang.sql.TableReaderTest" time="0.001"/>
  <testcase name="testDistinctDifferent" classname="com.cosyan.db.lang.sql.TableReaderTest" time="0"/>
  <testcase name="testInvalidAggrArg" classname="com.cosyan.db.lang.sql.TableReaderTest" time="0.001"/>
  <testcase name="testTableAliasing" classname="com.cosyan.db.lang.sql.TableReaderTest" time="0"/>
  <testcase name="testStdDev" classname="com.cosyan.db.lang.sql.TableReaderTest" time="0.004"/>
  <testcase name="testEnumInAggr" classname="com.cosyan.db.lang.sql.TableReaderTest" time="0.001"/>
  <testcase name="testEnumInFunc" classname="com.cosyan.db.lang.sql.TableReaderTest" time="0"/>
  <testcase name="testWhereIsNull" classname="com.cosyan.db.lang.sql.TableReaderTest" time="0.001"/>
  <testcase name="testExpressionFromGroupBy" classname="com.cosyan.db.lang.sql.TableReaderTest" time="0.001"/>
  <testcase name="testTableAlias" classname="com.cosyan.db.lang.sql.TableReaderTest" time="0"/>
  <testcase name="testListAggr" classname="com.cosyan.db.lang.sql.TableReaderTest" time="0.001"/>
  <testcase name="testInnerJoinOnExpr" classname="com.cosyan.db.lang.sql.TableReaderTest" time="0.001"/>
</testsuite>