<?xml version="1.0" encoding="UTF-8"?>
<testsuite xmlns:xsi="http://www.w3.org/2001/XMLSchema-instance" xsi:schemaLocation="https://maven.apache.org/surefire/maven-surefire-plugin/xsd/surefire-test-report.xsd" name="org.disq_bio.disq.HtsjdkReadsRddHdfsTest" time="93.596" tests="44" errors="0" skipped="2" failures="0">
  <properties>
    <property name="java.runtime.name" value="OpenJDK Runtime Environment"/>
    <property name="sun.boot.library.path" value="/usr/local/openjdk-8/jre/lib/amd64"/>
    <property name="java.vm.version" value="25.262-b10"/>
    <property name="animal.sniffer.skip" value="true"/>
    <property name="java.vm.vendor" value="Oracle Corporation"/>
    <property name="maven.multiModuleProjectDirectory" value="/tmp/tmpj7n1vdlv/disq"/>
    <property name="maven.javadoc.skip" value="true"/>
    <property name="java.vendor.url" value="http://java.oracle.com/"/>
    <property name="path.separator" value=":"/>
    <property name="guice.disable.misplaced.annotation.check" value="true"/>
    <property name="java.vm.name" value="OpenJDK 64-Bit Server VM"/>
    <property name="file.encoding.pkg" value="sun.io"/>
    <property name="sun.java.launcher" value="SUN_STANDARD"/>
    <property name="sun.os.patch.level" value="unknown"/>
    <property name="source.skip" value="true"/>
    <property name="java.vm.specification.name" value="Java Virtual Machine Specification"/>
    <property name="user.dir" value="/tmp/tmpj7n1vdlv/disq"/>
    <property name="java.runtime.version" value="1.8.0_262-b10"/>
    <property name="java.awt.graphicsenv" value="sun.awt.X11GraphicsEnvironment"/>
    <property name="java.endorsed.dirs" value="/usr/local/openjdk-8/jre/lib/endorsed"/>
    <property name="os.arch" value="amd64"/>
    <property name="java.io.tmpdir" value="/tmp"/>
    <property name="line.separator" value="&#10;"/>
    <property name="java.vm.specification.vendor" value="Oracle Corporation"/>
    <property name="os.name" value="Linux"/>
    <property name="classworlds.conf" value="/usr/share/maven/bin/m2.conf"/>
    <property name="sun.jnu.encoding" value="UTF-8"/>
    <property name="java.library.path" value="/usr/java/packages/lib/amd64:/usr/lib64:/lib64:/lib:/usr/lib"/>
    <property name="license.skip" value="true"/>
    <property name="maven.conf" value="/usr/share/maven/conf"/>
    <property name="java.specification.name" value="Java Platform API Specification"/>
    <property name="java.class.version" value="52.0"/>
    <property name="sun.management.compiler" value="HotSpot 64-Bit Tiered Compilers"/>
    <property name="maven.test.failure.ignore" value="true"/>
    <property name="os.version" value="4.15.0-109-generic"/>
    <property name="library.jansi.path" value="/usr/share/maven/lib/jansi-native"/>
    <property name="user.home" value="/home/jdbl"/>
    <property name="user.timezone" value="Etc/UTC"/>
    <property name="java.awt.printerjob" value="sun.print.PSPrinterJob"/>
    <property name="java.specification.version" value="1.8"/>
    <property name="file.encoding" value="UTF-8"/>
    <property name="user.name" value="jdbl"/>
    <property name="java.class.path" value="/usr/share/maven/boot/plexus-classworlds-2.6.0.jar"/>
    <property name="java.vm.specification.version" value="1.8"/>
    <property name="sun.arch.data.model" value="64"/>
    <property name="java.home" value="/usr/local/openjdk-8/jre"/>
    <property name="sun.java.command" value="org.codehaus.plexus.classworlds.launcher.Launcher test -e --fail-never -ntp -Dmaven.test.failure.ignore=true -B -Dmaven.javadoc.skip=true -Drat.skip=true -Danimal.sniffer.skip=true -Dmaven.javadoc.skip=true -Dlicense.skip=true -Dsource.skip=true"/>
    <property name="java.specification.vendor" value="Oracle Corporation"/>
    <property name="user.language" value="en"/>
    <property name="awt.toolkit" value="sun.awt.X11.XToolkit"/>
    <property name="java.vm.info" value="mixed mode"/>
    <property name="java.version" value="1.8.0_262"/>
    <property name="java.ext.dirs" value="/usr/local/openjdk-8/jre/lib/ext:/usr/java/packages/lib/ext"/>
    <property name="securerandom.source" value="file:/dev/./urandom"/>
    <property name="sun.boot.class.path" value="/usr/local/openjdk-8/jre/lib/resources.jar:/usr/local/openjdk-8/jre/lib/rt.jar:/usr/local/openjdk-8/jre/lib/sunrsasign.jar:/usr/local/openjdk-8/jre/lib/jsse.jar:/usr/local/openjdk-8/jre/lib/jce.jar:/usr/local/openjdk-8/jre/lib/charsets.jar:/usr/local/openjdk-8/jre/lib/jfr.jar:/usr/local/openjdk-8/jre/classes"/>
    <property name="java.vendor" value="Oracle Corporation"/>
    <property name="rat.skip" value="true"/>
    <property name="maven.home" value="/usr/share/maven"/>
    <property name="file.separator" value="/"/>
    <property name="java.vendor.url.bug" value="http://bugreport.sun.com/bugreport/"/>
    <property name="sun.cpu.endian" value="little"/>
    <property name="sun.io.unicode.encoding" value="UnicodeLittle"/>
    <property name="sun.cpu.isalist" value=""/>
  </properties>
  <testcase name="testReadAndWrite(1.bam, null, BAM, 131072, false) [0]" classname="org.disq_bio.disq.HtsjdkReadsRddHdfsTest" time="4.319"/>
  <testcase name="testReadAndWrite(1.bam, null, BAM, 131072, true) [1]" classname="org.disq_bio.disq.HtsjdkReadsRddHdfsTest" time="5.927"/>
  <testcase name="testReadAndWrite(1-with-splitting-index.bam, null, BAM, 131072, false) [2]" classname="org.disq_bio.disq.HtsjdkReadsRddHdfsTest" time="3.059"/>
  <testcase name="testReadAndWrite(1-with-splitting-index.bam, null, BAM, 131072, true) [3]" classname="org.disq_bio.disq.HtsjdkReadsRddHdfsTest" time="4.303"/>
  <testcase name="testReadAndWrite(zero-length-secondary-alignment.bam, null, BAM, 131072, false) [4]" classname="org.disq_bio.disq.HtsjdkReadsRddHdfsTest" time="2.152"/>
  <testcase name="testReadAndWrite(valid.cram, valid.fasta, CRAM, 131072, false) [5]" classname="org.disq_bio.disq.HtsjdkReadsRddHdfsTest" time="2.328"/>
  <testcase name="testReadAndWrite(valid.cram, valid.fasta, CRAM, 131072, true) [6]" classname="org.disq_bio.disq.HtsjdkReadsRddHdfsTest" time="2.711"/>
  <testcase name="testReadAndWrite(valid.cram, valid.fasta.gz, CRAM, 131072, false) [7]" classname="org.disq_bio.disq.HtsjdkReadsRddHdfsTest" time="2.103"/>
  <testcase name="testReadAndWrite(valid.cram, valid.fasta.gz, CRAM, 131072, true) [8]" classname="org.disq_bio.disq.HtsjdkReadsRddHdfsTest" time="2.808"/>
  <testcase name="testReadAndWrite(valid_no_index.cram, valid.fasta, CRAM, 131072, false) [9]" classname="org.disq_bio.disq.HtsjdkReadsRddHdfsTest" time="1.971"/>
  <testcase name="testReadAndWrite(test.sam, null, SAM, 131072, false) [10]" classname="org.disq_bio.disq.HtsjdkReadsRddHdfsTest" time="1.255"/>
  <testcase name="testReadAndWrite(gs://genomics-public-data/NA12878.chr20.sample.bam, null, BAM, 131072, true) [11]" classname="org.disq_bio.disq.HtsjdkReadsRddHdfsTest" time="0">
    <skipped/>
  </testcase>
  <testcase name="testReadAndWrite(gs://genomics-public-data/NA12878.chr20.sample.bam, null, BAM, 0, true) [12]" classname="org.disq_bio.disq.HtsjdkReadsRddHdfsTest" time="0">
    <skipped/>
  </testcase>
  <testcase name="testReadAndWrite(HiSeq.1mb.1RG.2k_lines.alternate.recalibrated.DIQ.sharded.bam/part-r-00000.bam, null, BAM, 76458, false) [13]" classname="org.disq_bio.disq.HtsjdkReadsRddHdfsTest" time="2.315"/>
  <testcase name="testReadAndWrite(HiSeq.1mb.1RG.2k_lines.alternate.recalibrated.DIQ.sharded.bam/part-r-00000.bam, null, BAM, 76458, true) [14]" classname="org.disq_bio.disq.HtsjdkReadsRddHdfsTest" time="3.162"/>
  <testcase name="testCorruptedHeaderSAM" classname="org.disq_bio.disq.HtsjdkReadsRddHdfsTest" time="0.089"/>
  <testcase name="testWriteSBIIndex(1.bam, 131072, false) [0]" classname="org.disq_bio.disq.HtsjdkReadsRddHdfsTest" time="3.457"/>
  <testcase name="testWriteSBIIndex(1.bam, 131072, true) [1]" classname="org.disq_bio.disq.HtsjdkReadsRddHdfsTest" time="4.006"/>
  <testcase name="testReadAndWriteMultiple(null, false, BAM) [0]" classname="org.disq_bio.disq.HtsjdkReadsRddHdfsTest" time="1.513"/>
  <testcase name="testReadAndWriteMultiple(test.fa, false, CRAM) [1]" classname="org.disq_bio.disq.HtsjdkReadsRddHdfsTest" time="2.068"/>
  <testcase name="testReadAndWriteMultiple(null, false, SAM) [2]" classname="org.disq_bio.disq.HtsjdkReadsRddHdfsTest" time="1.902"/>
  <testcase name="testOverwrite" classname="org.disq_bio.disq.HtsjdkReadsRddHdfsTest" time="2.255"/>
  <testcase name="testReadAndWriteSubset(1.bam, null, BAM, 131072, false) [0]" classname="org.disq_bio.disq.HtsjdkReadsRddHdfsTest" time="2.054"/>
  <testcase name="testReadAndWriteSubset(1.bam, null, BAM, 131072, true) [1]" classname="org.disq_bio.disq.HtsjdkReadsRddHdfsTest" time="2.902"/>
  <testcase name="testReadIntervals(null, HtsjdkReadsTraversalParameters, BAM) [0]" classname="org.disq_bio.disq.HtsjdkReadsRddHdfsTest" time="0.309"/>
  <testcase name="testReadIntervals(null, HtsjdkReadsTraversalParameters, BAM) [1]" classname="org.disq_bio.disq.HtsjdkReadsRddHdfsTest" time="0.29"/>
  <testcase name="testReadIntervals(null, HtsjdkReadsTraversalParameters, BAM) [2]" classname="org.disq_bio.disq.HtsjdkReadsRddHdfsTest" time="0.899"/>
  <testcase name="testReadIntervals(null, HtsjdkReadsTraversalParameters, BAM) [3]" classname="org.disq_bio.disq.HtsjdkReadsRddHdfsTest" time="0.307"/>
  <testcase name="testReadIntervals(null, HtsjdkReadsTraversalParameters, BAM) [4]" classname="org.disq_bio.disq.HtsjdkReadsRddHdfsTest" time="0.318"/>
  <testcase name="testReadIntervals(test.fa, HtsjdkReadsTraversalParameters, CRAM) [5]" classname="org.disq_bio.disq.HtsjdkReadsRddHdfsTest" time="0.486"/>
  <testcase name="testReadIntervals(test.fa, HtsjdkReadsTraversalParameters, CRAM) [6]" classname="org.disq_bio.disq.HtsjdkReadsRddHdfsTest" time="0.401"/>
  <testcase name="testReadIntervals(test.fa, HtsjdkReadsTraversalParameters, CRAM) [7]" classname="org.disq_bio.disq.HtsjdkReadsRddHdfsTest" time="0.51"/>
  <testcase name="testReadIntervals(test.fa, HtsjdkReadsTraversalParameters, CRAM) [8]" classname="org.disq_bio.disq.HtsjdkReadsRddHdfsTest" time="0.461"/>
  <testcase name="testReadIntervals(test.fa, HtsjdkReadsTraversalParameters, CRAM) [9]" classname="org.disq_bio.disq.HtsjdkReadsRddHdfsTest" time="0.549"/>
  <testcase name="testReadIntervals(null, HtsjdkReadsTraversalParameters, SAM) [10]" classname="org.disq_bio.disq.HtsjdkReadsRddHdfsTest" time="0.144"/>
  <testcase name="testReadIntervals(null, HtsjdkReadsTraversalParameters, SAM) [11]" classname="org.disq_bio.disq.HtsjdkReadsRddHdfsTest" time="0.113"/>
  <testcase name="testReadIntervals(null, HtsjdkReadsTraversalParameters, SAM) [12]" classname="org.disq_bio.disq.HtsjdkReadsRddHdfsTest" time="0.111"/>
  <testcase name="testReadIntervals(null, HtsjdkReadsTraversalParameters, SAM) [13]" classname="org.disq_bio.disq.HtsjdkReadsRddHdfsTest" time="0.177"/>
  <testcase name="testReadIntervals(null, HtsjdkReadsTraversalParameters, SAM) [14]" classname="org.disq_bio.disq.HtsjdkReadsRddHdfsTest" time="0.124"/>
  <testcase name="testEnableBAIAndSBI" classname="org.disq_bio.disq.HtsjdkReadsRddHdfsTest" time="9.475"/>
  <testcase name="testMappedOnlyFails" classname="org.disq_bio.disq.HtsjdkReadsRddHdfsTest" time="0.036"/>
  <testcase name="testCorruptedReadNameSAM" classname="org.disq_bio.disq.HtsjdkReadsRddHdfsTest" time="0.087"/>
  <testcase name="testWritingToADirectoryWithoutAFormatFails" classname="org.disq_bio.disq.HtsjdkReadsRddHdfsTest" time="0.004"/>
  <testcase name="testSBIIndexWrittenWhenNotCoordinateSorted" classname="org.disq_bio.disq.HtsjdkReadsRddHdfsTest" time="2.395"/>
</testsuite>