<?xml version="1.0" encoding="UTF-8"?>
<testsuite name="org.apache.commons.lang3.ObjectUtilsTest" time="0.008" tests="36" errors="0" skipped="0" failures="0">
  <properties>
    <property name="java.runtime.name" value="OpenJDK Runtime Environment"/>
    <property name="sun.boot.library.path" value="/usr/local/openjdk-8/jre/lib/amd64"/>
    <property name="java.vm.version" value="25.262-b10"/>
    <property name="animal.sniffer.skip" value="true"/>
    <property name="java.vm.vendor" value="Oracle Corporation"/>
    <property name="maven.multiModuleProjectDirectory" value="/tmp/tmp_56sdlee/commons-lang"/>
    <property name="maven.javadoc.skip" value="true"/>
    <property name="java.vendor.url" value="http://java.oracle.com/"/>
    <property name="path.separator" value=":"/>
    <property name="guice.disable.misplaced.annotation.check" value="true"/>
    <property name="java.vm.name" value="OpenJDK 64-Bit Server VM"/>
    <property name="file.encoding.pkg" value="sun.io"/>
    <property name="sun.java.launcher" value="SUN_STANDARD"/>
    <property name="sun.os.patch.level" value="unknown"/>
    <property name="source.skip" value="true"/>
    <property name="java.vm.specification.name" value="Java Virtual Machine Specification"/>
    <property name="user.dir" value="/tmp/tmp_56sdlee/commons-lang"/>
    <property name="java.runtime.version" value="1.8.0_262-b10"/>
    <property name="java.awt.graphicsenv" value="sun.awt.X11GraphicsEnvironment"/>
    <property name="java.endorsed.dirs" value="/usr/local/openjdk-8/jre/lib/endorsed"/>
    <property name="os.arch" value="amd64"/>
    <property name="java.io.tmpdir" value="/tmp"/>
    <property name="line.separator" value="&#10;"/>
    <property name="java.vm.specification.vendor" value="Oracle Corporation"/>
    <property name="os.name" value="Linux"/>
    <property name="classworlds.conf" value="/usr/share/maven/bin/m2.conf"/>
    <property name="maven.test.error.ignore" value="true"/>
    <property name="sun.jnu.encoding" value="UTF-8"/>
    <property name="java.library.path" value="/usr/java/packages/lib/amd64:/usr/lib64:/lib64:/lib:/usr/lib"/>
    <property name="license.skip" value="true"/>
    <property name="maven.conf" value="/usr/share/maven/conf"/>
    <property name="java.specification.name" value="Java Platform API Specification"/>
    <property name="java.class.version" value="52.0"/>
    <property name="sun.management.compiler" value="HotSpot 64-Bit Tiered Compilers"/>
    <property name="maven.test.failure.ignore" value="true"/>
    <property name="os.version" value="4.15.0-109-generic"/>
    <property name="library.jansi.path" value="/usr/share/maven/lib/jansi-native"/>
    <property name="user.home" value="/home/jdbl"/>
    <property name="user.timezone" value="Etc/UTC"/>
    <property name="java.awt.printerjob" value="sun.print.PSPrinterJob"/>
    <property name="java.specification.version" value="1.8"/>
    <property name="file.encoding" value="UTF-8"/>
    <property name="user.name" value="jdbl"/>
    <property name="java.class.path" value="/usr/share/maven/boot/plexus-classworlds-2.6.0.jar"/>
    <property name="java.vm.specification.version" value="1.8"/>
    <property name="sun.arch.data.model" value="64"/>
    <property name="java.home" value="/usr/local/openjdk-8/jre"/>
    <property name="sun.java.command" value="org.codehaus.plexus.classworlds.launcher.Launcher package -e --fail-never -ntp -Dmaven.test.error.ignore=true -Dmaven.test.failure.ignore=true -B -Dmaven.javadoc.skip=true -Drat.skip=true -Danimal.sniffer.skip=true -Dmaven.javadoc.skip=true -Dlicense.skip=true -Dsource.skip=true"/>
    <property name="java.specification.vendor" value="Oracle Corporation"/>
    <property name="user.language" value="en"/>
    <property name="awt.toolkit" value="sun.awt.X11.XToolkit"/>
    <property name="java.vm.info" value="mixed mode"/>
    <property name="java.version" value="1.8.0_262"/>
    <property name="java.ext.dirs" value="/usr/local/openjdk-8/jre/lib/ext:/usr/java/packages/lib/ext"/>
    <property name="securerandom.source" value="file:/dev/./urandom"/>
    <property name="sun.boot.class.path" value="/usr/local/openjdk-8/jre/lib/resources.jar:/usr/local/openjdk-8/jre/lib/rt.jar:/usr/local/openjdk-8/jre/lib/sunrsasign.jar:/usr/local/openjdk-8/jre/lib/jsse.jar:/usr/local/openjdk-8/jre/lib/jce.jar:/usr/local/openjdk-8/jre/lib/charsets.jar:/usr/local/openjdk-8/jre/lib/jfr.jar:/usr/local/openjdk-8/jre/classes"/>
    <property name="java.vendor" value="Oracle Corporation"/>
    <property name="rat.skip" value="true"/>
    <property name="maven.home" value="/usr/share/maven"/>
    <property name="file.separator" value="/"/>
    <property name="java.vendor.url.bug" value="http://bugreport.sun.com/bugreport/"/>
    <property name="sun.cpu.endian" value="little"/>
    <property name="sun.io.unicode.encoding" value="UnicodeLittle"/>
    <property name="sun.cpu.isalist" value=""/>
  </properties>
  <testcase name="testNotEqual" classname="org.apache.commons.lang3.ObjectUtilsTest" time="0.001"/>
  <testcase name="testIdentityToStringStrBuilder" classname="org.apache.commons.lang3.ObjectUtilsTest" time="0.002"/>
  <testcase name="testComparatorMedian" classname="org.apache.commons.lang3.ObjectUtilsTest" time="0.001"/>
  <testcase name="testHashCodeMulti_multiple_nullArray" classname="org.apache.commons.lang3.ObjectUtilsTest" time="0"/>
  <testcase name="testToString_Object" classname="org.apache.commons.lang3.ObjectUtilsTest" time="0"/>
  <testcase name="testMax" classname="org.apache.commons.lang3.ObjectUtilsTest" time="0"/>
  <testcase name="testMin" classname="org.apache.commons.lang3.ObjectUtilsTest" time="0"/>
  <testcase name="testIdentityToStringStringBuilder" classname="org.apache.commons.lang3.ObjectUtilsTest" time="0"/>
  <testcase name="testFirstNonNull" classname="org.apache.commons.lang3.ObjectUtilsTest" time="0"/>
  <testcase name="testMode" classname="org.apache.commons.lang3.ObjectUtilsTest" time="0"/>
  <testcase name="testNull" classname="org.apache.commons.lang3.ObjectUtilsTest" time="0.001"/>
  <testcase name="testIdentityToStringStringBuffer" classname="org.apache.commons.lang3.ObjectUtilsTest" time="0"/>
  <testcase name="testCloneOfStringArray" classname="org.apache.commons.lang3.ObjectUtilsTest" time="0.001"/>
  <testcase name="testComparatorMedian_emptyItems" classname="org.apache.commons.lang3.ObjectUtilsTest" time="0"/>
  <testcase name="testCloneOfPrimitiveArray" classname="org.apache.commons.lang3.ObjectUtilsTest" time="0"/>
  <testcase name="testComparatorMedian_nullComparator" classname="org.apache.commons.lang3.ObjectUtilsTest" time="0"/>
  <testcase name="testCloneOfCloneable" classname="org.apache.commons.lang3.ObjectUtilsTest" time="0.001"/>
  <testcase name="testPossibleCloneOfCloneable" classname="org.apache.commons.lang3.ObjectUtilsTest" time="0"/>
  <testcase name="testHashCodeMulti_multiple_emptyArray" classname="org.apache.commons.lang3.ObjectUtilsTest" time="0"/>
  <testcase name="testPossibleCloneOfUncloneable" classname="org.apache.commons.lang3.ObjectUtilsTest" time="0"/>
  <testcase name="testConstMethods" classname="org.apache.commons.lang3.ObjectUtilsTest" time="0"/>
  <testcase name="testCloneOfNotCloneable" classname="org.apache.commons.lang3.ObjectUtilsTest" time="0.001"/>
  <testcase name="testHashCodeMulti_multiple_likeList" classname="org.apache.commons.lang3.ObjectUtilsTest" time="0"/>
  <testcase name="testMedian_nullItems" classname="org.apache.commons.lang3.ObjectUtilsTest" time="0"/>
  <testcase name="testToString_ObjectString" classname="org.apache.commons.lang3.ObjectUtilsTest" time="0"/>
  <testcase name="testCloneOfUncloneable" classname="org.apache.commons.lang3.ObjectUtilsTest" time="0"/>
  <testcase name="testPossibleCloneOfNotCloneable" classname="org.apache.commons.lang3.ObjectUtilsTest" time="0"/>
  <testcase name="testCompare" classname="org.apache.commons.lang3.ObjectUtilsTest" time="0"/>
  <testcase name="testComparatorMedian_nullItems" classname="org.apache.commons.lang3.ObjectUtilsTest" time="0"/>
  <testcase name="testHashCode" classname="org.apache.commons.lang3.ObjectUtilsTest" time="0"/>
  <testcase name="testMedian_emptyItems" classname="org.apache.commons.lang3.ObjectUtilsTest" time="0"/>
  <testcase name="testEquals" classname="org.apache.commons.lang3.ObjectUtilsTest" time="0"/>
  <testcase name="testIsNull" classname="org.apache.commons.lang3.ObjectUtilsTest" time="0"/>
  <testcase name="testMedian" classname="org.apache.commons.lang3.ObjectUtilsTest" time="0"/>
  <testcase name="testIdentityToStringAppendable" classname="org.apache.commons.lang3.ObjectUtilsTest" time="0"/>
  <testcase name="testConstructor" classname="org.apache.commons.lang3.ObjectUtilsTest" time="0"/>
</testsuite>