<?xml version="1.0" encoding="UTF-8"?>
<testsuite xmlns:xsi="http://www.w3.org/2001/XMLSchema-instance" xsi:schemaLocation="https://maven.apache.org/surefire/maven-surefire-plugin/xsd/surefire-test-report.xsd" name="uk.co.lucasweb.aws.v4.signer.AWSTestSuite" time="0.117" tests="93" errors="0" skipped="3" failures="0">
  <properties>
    <property name="java.runtime.name" value="OpenJDK Runtime Environment"/>
    <property name="sun.boot.library.path" value="/usr/local/openjdk-8/jre/lib/amd64"/>
    <property name="java.vm.version" value="25.262-b10"/>
    <property name="animal.sniffer.skip" value="true"/>
    <property name="java.vm.vendor" value="Oracle Corporation"/>
    <property name="maven.multiModuleProjectDirectory" value="/tmp/tmplhss5e7n/aws-v4-signer-java"/>
    <property name="maven.javadoc.skip" value="true"/>
    <property name="java.vendor.url" value="http://java.oracle.com/"/>
    <property name="path.separator" value=":"/>
    <property name="guice.disable.misplaced.annotation.check" value="true"/>
    <property name="java.vm.name" value="OpenJDK 64-Bit Server VM"/>
    <property name="file.encoding.pkg" value="sun.io"/>
    <property name="sun.java.launcher" value="SUN_STANDARD"/>
    <property name="sun.os.patch.level" value="unknown"/>
    <property name="source.skip" value="true"/>
    <property name="java.vm.specification.name" value="Java Virtual Machine Specification"/>
    <property name="user.dir" value="/tmp/tmplhss5e7n/aws-v4-signer-java"/>
    <property name="java.runtime.version" value="1.8.0_262-b10"/>
    <property name="java.awt.graphicsenv" value="sun.awt.X11GraphicsEnvironment"/>
    <property name="java.endorsed.dirs" value="/usr/local/openjdk-8/jre/lib/endorsed"/>
    <property name="os.arch" value="amd64"/>
    <property name="java.io.tmpdir" value="/tmp"/>
    <property name="line.separator" value="&#10;"/>
    <property name="java.vm.specification.vendor" value="Oracle Corporation"/>
    <property name="os.name" value="Linux"/>
    <property name="classworlds.conf" value="/usr/share/maven/bin/m2.conf"/>
    <property name="sun.jnu.encoding" value="UTF-8"/>
    <property name="java.library.path" value="/usr/java/packages/lib/amd64:/usr/lib64:/lib64:/lib:/usr/lib"/>
    <property name="license.skip" value="true"/>
    <property name="maven.conf" value="/usr/share/maven/conf"/>
    <property name="java.specification.name" value="Java Platform API Specification"/>
    <property name="java.class.version" value="52.0"/>
    <property name="sun.management.compiler" value="HotSpot 64-Bit Tiered Compilers"/>
    <property name="maven.test.failure.ignore" value="true"/>
    <property name="os.version" value="4.15.0-109-generic"/>
    <property name="library.jansi.path" value="/usr/share/maven/lib/jansi-native"/>
    <property name="user.home" value="/home/jdbl"/>
    <property name="user.timezone" value="Etc/UTC"/>
    <property name="java.awt.printerjob" value="sun.print.PSPrinterJob"/>
    <property name="java.specification.version" value="1.8"/>
    <property name="file.encoding" value="UTF-8"/>
    <property name="user.name" value="jdbl"/>
    <property name="java.class.path" value="/usr/share/maven/boot/plexus-classworlds-2.6.0.jar"/>
    <property name="java.vm.specification.version" value="1.8"/>
    <property name="sun.arch.data.model" value="64"/>
    <property name="java.home" value="/usr/local/openjdk-8/jre"/>
    <property name="sun.java.command" value="org.codehaus.plexus.classworlds.launcher.Launcher test -e --fail-never -ntp -Dmaven.test.failure.ignore=true -B -Dmaven.javadoc.skip=true -Drat.skip=true -Danimal.sniffer.skip=true -Dmaven.javadoc.skip=true -Dlicense.skip=true -Dsource.skip=true"/>
    <property name="java.specification.vendor" value="Oracle Corporation"/>
    <property name="user.language" value="en"/>
    <property name="awt.toolkit" value="sun.awt.X11.XToolkit"/>
    <property name="java.vm.info" value="mixed mode"/>
    <property name="java.version" value="1.8.0_262"/>
    <property name="java.ext.dirs" value="/usr/local/openjdk-8/jre/lib/ext:/usr/java/packages/lib/ext"/>
    <property name="securerandom.source" value="file:/dev/./urandom"/>
    <property name="sun.boot.class.path" value="/usr/local/openjdk-8/jre/lib/resources.jar:/usr/local/openjdk-8/jre/lib/rt.jar:/usr/local/openjdk-8/jre/lib/sunrsasign.jar:/usr/local/openjdk-8/jre/lib/jsse.jar:/usr/local/openjdk-8/jre/lib/jce.jar:/usr/local/openjdk-8/jre/lib/charsets.jar:/usr/local/openjdk-8/jre/lib/jfr.jar:/usr/local/openjdk-8/jre/classes"/>
    <property name="java.vendor" value="Oracle Corporation"/>
    <property name="rat.skip" value="true"/>
    <property name="maven.home" value="/usr/share/maven"/>
    <property name="file.separator" value="/"/>
    <property name="java.vendor.url.bug" value="http://bugreport.sun.com/bugreport/"/>
    <property name="sun.cpu.endian" value="little"/>
    <property name="sun.io.unicode.encoding" value="UnicodeLittle"/>
    <property name="sun.cpu.isalist" value=""/>
  </properties>
  <testcase name="stringToSign[get-utf8]" classname="uk.co.lucasweb.aws.v4.signer.AWSTestSuite" time="0.001"/>
  <testcase name="canonicalRequest[get-utf8]" classname="uk.co.lucasweb.aws.v4.signer.AWSTestSuite" time="0"/>
  <testcase name="signature[get-utf8]" classname="uk.co.lucasweb.aws.v4.signer.AWSTestSuite" time="0.001"/>
  <testcase name="stringToSign[post-sts-header-after]" classname="uk.co.lucasweb.aws.v4.signer.AWSTestSuite" time="0"/>
  <testcase name="canonicalRequest[post-sts-header-after]" classname="uk.co.lucasweb.aws.v4.signer.AWSTestSuite" time="0"/>
  <testcase name="signature[post-sts-header-after]" classname="uk.co.lucasweb.aws.v4.signer.AWSTestSuite" time="0"/>
  <testcase name="stringToSign[post-sts-header-before]" classname="uk.co.lucasweb.aws.v4.signer.AWSTestSuite" time="0.001"/>
  <testcase name="canonicalRequest[post-sts-header-before]" classname="uk.co.lucasweb.aws.v4.signer.AWSTestSuite" time="0"/>
  <testcase name="signature[post-sts-header-before]" classname="uk.co.lucasweb.aws.v4.signer.AWSTestSuite" time="0"/>
  <testcase name="stringToSign[get-vanilla]" classname="uk.co.lucasweb.aws.v4.signer.AWSTestSuite" time="0"/>
  <testcase name="canonicalRequest[get-vanilla]" classname="uk.co.lucasweb.aws.v4.signer.AWSTestSuite" time="0"/>
  <testcase name="signature[get-vanilla]" classname="uk.co.lucasweb.aws.v4.signer.AWSTestSuite" time="0.001"/>
  <testcase name="stringToSign[post-vanilla]" classname="uk.co.lucasweb.aws.v4.signer.AWSTestSuite" time="0"/>
  <testcase name="canonicalRequest[post-vanilla]" classname="uk.co.lucasweb.aws.v4.signer.AWSTestSuite" time="0"/>
  <testcase name="signature[post-vanilla]" classname="uk.co.lucasweb.aws.v4.signer.AWSTestSuite" time="0.001"/>
  <testcase name="stringToSign[get-header-value-multiline]" classname="uk.co.lucasweb.aws.v4.signer.AWSTestSuite" time="0"/>
  <testcase name="canonicalRequest[get-header-value-multiline]" classname="uk.co.lucasweb.aws.v4.signer.AWSTestSuite" time="0.001"/>
  <testcase name="signature[get-header-value-multiline]" classname="uk.co.lucasweb.aws.v4.signer.AWSTestSuite" time="0"/>
  <testcase name="stringToSign[post-x-www-form-urlencoded]" classname="uk.co.lucasweb.aws.v4.signer.AWSTestSuite" time="0.001"/>
  <testcase name="canonicalRequest[post-x-www-form-urlencoded]" classname="uk.co.lucasweb.aws.v4.signer.AWSTestSuite" time="0"/>
  <testcase name="signature[post-x-www-form-urlencoded]" classname="uk.co.lucasweb.aws.v4.signer.AWSTestSuite" time="0"/>
  <testcase name="stringToSign[post-header-key-sort]" classname="uk.co.lucasweb.aws.v4.signer.AWSTestSuite" time="0"/>
  <testcase name="canonicalRequest[post-header-key-sort]" classname="uk.co.lucasweb.aws.v4.signer.AWSTestSuite" time="0"/>
  <testcase name="signature[post-header-key-sort]" classname="uk.co.lucasweb.aws.v4.signer.AWSTestSuite" time="0.001"/>
  <testcase name="stringToSign[get-vanilla-query]" classname="uk.co.lucasweb.aws.v4.signer.AWSTestSuite" time="0"/>
  <testcase name="canonicalRequest[get-vanilla-query]" classname="uk.co.lucasweb.aws.v4.signer.AWSTestSuite" time="0"/>
  <testcase name="signature[get-vanilla-query]" classname="uk.co.lucasweb.aws.v4.signer.AWSTestSuite" time="0.001"/>
  <testcase name="stringToSign[post-x-www-form-urlencoded-parameters]" classname="uk.co.lucasweb.aws.v4.signer.AWSTestSuite" time="0"/>
  <testcase name="canonicalRequest[post-x-www-form-urlencoded-parameters]" classname="uk.co.lucasweb.aws.v4.signer.AWSTestSuite" time="0"/>
  <testcase name="signature[post-x-www-form-urlencoded-parameters]" classname="uk.co.lucasweb.aws.v4.signer.AWSTestSuite" time="0.001"/>
  <testcase name="stringToSign[get-header-key-duplicate]" classname="uk.co.lucasweb.aws.v4.signer.AWSTestSuite" time="0"/>
  <testcase name="canonicalRequest[get-header-key-duplicate]" classname="uk.co.lucasweb.aws.v4.signer.AWSTestSuite" time="0"/>
  <testcase name="signature[get-header-key-duplicate]" classname="uk.co.lucasweb.aws.v4.signer.AWSTestSuite" time="0"/>
  <testcase name="stringToSign[post-header-value-case]" classname="uk.co.lucasweb.aws.v4.signer.AWSTestSuite" time="0"/>
  <testcase name="canonicalRequest[post-header-value-case]" classname="uk.co.lucasweb.aws.v4.signer.AWSTestSuite" time="0"/>
  <testcase name="signature[post-header-value-case]" classname="uk.co.lucasweb.aws.v4.signer.AWSTestSuite" time="0"/>
  <testcase name="stringToSign[post-vanilla-query-space]" classname="uk.co.lucasweb.aws.v4.signer.AWSTestSuite" time="0">
    <skipped/>
  </testcase>
  <testcase name="canonicalRequest[post-vanilla-query-space]" classname="uk.co.lucasweb.aws.v4.signer.AWSTestSuite" time="0">
    <skipped/>
  </testcase>
  <testcase name="signature[post-vanilla-query-space]" classname="uk.co.lucasweb.aws.v4.signer.AWSTestSuite" time="0">
    <skipped/>
  </testcase>
  <testcase name="stringToSign[get-header-value-trim]" classname="uk.co.lucasweb.aws.v4.signer.AWSTestSuite" time="0"/>
  <testcase name="canonicalRequest[get-header-value-trim]" classname="uk.co.lucasweb.aws.v4.signer.AWSTestSuite" time="0"/>
  <testcase name="signature[get-header-value-trim]" classname="uk.co.lucasweb.aws.v4.signer.AWSTestSuite" time="0.001"/>
  <testcase name="stringToSign[get-vanilla-empty-query-key]" classname="uk.co.lucasweb.aws.v4.signer.AWSTestSuite" time="0"/>
  <testcase name="canonicalRequest[get-vanilla-empty-query-key]" classname="uk.co.lucasweb.aws.v4.signer.AWSTestSuite" time="0"/>
  <testcase name="signature[get-vanilla-empty-query-key]" classname="uk.co.lucasweb.aws.v4.signer.AWSTestSuite" time="0.001"/>
  <testcase name="stringToSign[get-header-value-order]" classname="uk.co.lucasweb.aws.v4.signer.AWSTestSuite" time="0"/>
  <testcase name="canonicalRequest[get-header-value-order]" classname="uk.co.lucasweb.aws.v4.signer.AWSTestSuite" time="0"/>
  <testcase name="signature[get-header-value-order]" classname="uk.co.lucasweb.aws.v4.signer.AWSTestSuite" time="0"/>
  <testcase name="stringToSign[get-unreserved]" classname="uk.co.lucasweb.aws.v4.signer.AWSTestSuite" time="0.001"/>
  <testcase name="canonicalRequest[get-unreserved]" classname="uk.co.lucasweb.aws.v4.signer.AWSTestSuite" time="0"/>
  <testcase name="signature[get-unreserved]" classname="uk.co.lucasweb.aws.v4.signer.AWSTestSuite" time="0.001"/>
  <testcase name="stringToSign[post-vanilla-query]" classname="uk.co.lucasweb.aws.v4.signer.AWSTestSuite" time="0"/>
  <testcase name="canonicalRequest[post-vanilla-query]" classname="uk.co.lucasweb.aws.v4.signer.AWSTestSuite" time="0"/>
  <testcase name="signature[post-vanilla-query]" classname="uk.co.lucasweb.aws.v4.signer.AWSTestSuite" time="0.001"/>
  <testcase name="stringToSign[get-vanilla-query-order-key-case]" classname="uk.co.lucasweb.aws.v4.signer.AWSTestSuite" time="0"/>
  <testcase name="canonicalRequest[get-vanilla-query-order-key-case]" classname="uk.co.lucasweb.aws.v4.signer.AWSTestSuite" time="0"/>
  <testcase name="signature[get-vanilla-query-order-key-case]" classname="uk.co.lucasweb.aws.v4.signer.AWSTestSuite" time="0.001"/>
  <testcase name="stringToSign[post-header-key-case]" classname="uk.co.lucasweb.aws.v4.signer.AWSTestSuite" time="0"/>
  <testcase name="canonicalRequest[post-header-key-case]" classname="uk.co.lucasweb.aws.v4.signer.AWSTestSuite" time="0"/>
  <testcase name="signature[post-header-key-case]" classname="uk.co.lucasweb.aws.v4.signer.AWSTestSuite" time="0.001"/>
  <testcase name="stringToSign[post-vanilla-query-nonunreserved]" classname="uk.co.lucasweb.aws.v4.signer.AWSTestSuite" time="0"/>
  <testcase name="canonicalRequest[post-vanilla-query-nonunreserved]" classname="uk.co.lucasweb.aws.v4.signer.AWSTestSuite" time="0"/>
  <testcase name="signature[post-vanilla-query-nonunreserved]" classname="uk.co.lucasweb.aws.v4.signer.AWSTestSuite" time="0.001"/>
  <testcase name="stringToSign[post-vanilla-empty-query-value]" classname="uk.co.lucasweb.aws.v4.signer.AWSTestSuite" time="0"/>
  <testcase name="canonicalRequest[post-vanilla-empty-query-value]" classname="uk.co.lucasweb.aws.v4.signer.AWSTestSuite" time="0"/>
  <testcase name="signature[post-vanilla-empty-query-value]" classname="uk.co.lucasweb.aws.v4.signer.AWSTestSuite" time="0.001"/>
  <testcase name="stringToSign[get-vanilla-utf8-query]" classname="uk.co.lucasweb.aws.v4.signer.AWSTestSuite" time="0"/>
  <testcase name="canonicalRequest[get-vanilla-utf8-query]" classname="uk.co.lucasweb.aws.v4.signer.AWSTestSuite" time="0"/>
  <testcase name="signature[get-vanilla-utf8-query]" classname="uk.co.lucasweb.aws.v4.signer.AWSTestSuite" time="0"/>
  <testcase name="stringToSign[get-relative]" classname="uk.co.lucasweb.aws.v4.signer.AWSTestSuite" time="0"/>
  <testcase name="canonicalRequest[get-relative]" classname="uk.co.lucasweb.aws.v4.signer.AWSTestSuite" time="0"/>
  <testcase name="signature[get-relative]" classname="uk.co.lucasweb.aws.v4.signer.AWSTestSuite" time="0"/>
  <testcase name="stringToSign[get-slash-dot-slash]" classname="uk.co.lucasweb.aws.v4.signer.AWSTestSuite" time="0"/>
  <testcase name="canonicalRequest[get-slash-dot-slash]" classname="uk.co.lucasweb.aws.v4.signer.AWSTestSuite" time="0"/>
  <testcase name="signature[get-slash-dot-slash]" classname="uk.co.lucasweb.aws.v4.signer.AWSTestSuite" time="0"/>
  <testcase name="stringToSign[get-relative-relative]" classname="uk.co.lucasweb.aws.v4.signer.AWSTestSuite" time="0"/>
  <testcase name="canonicalRequest[get-relative-relative]" classname="uk.co.lucasweb.aws.v4.signer.AWSTestSuite" time="0"/>
  <testcase name="signature[get-relative-relative]" classname="uk.co.lucasweb.aws.v4.signer.AWSTestSuite" time="0"/>
  <testcase name="stringToSign[get-slashes]" classname="uk.co.lucasweb.aws.v4.signer.AWSTestSuite" time="0"/>
  <testcase name="canonicalRequest[get-slashes]" classname="uk.co.lucasweb.aws.v4.signer.AWSTestSuite" time="0"/>
  <testcase name="signature[get-slashes]" classname="uk.co.lucasweb.aws.v4.signer.AWSTestSuite" time="0"/>
  <testcase name="stringToSign[get-space]" classname="uk.co.lucasweb.aws.v4.signer.AWSTestSuite" time="0"/>
  <testcase name="canonicalRequest[get-space]" classname="uk.co.lucasweb.aws.v4.signer.AWSTestSuite" time="0"/>
  <testcase name="signature[get-space]" classname="uk.co.lucasweb.aws.v4.signer.AWSTestSuite" time="0.001"/>
  <testcase name="stringToSign[get-slash-pointless-dot]" classname="uk.co.lucasweb.aws.v4.signer.AWSTestSuite" time="0"/>
  <testcase name="canonicalRequest[get-slash-pointless-dot]" classname="uk.co.lucasweb.aws.v4.signer.AWSTestSuite" time="0"/>
  <testcase name="signature[get-slash-pointless-dot]" classname="uk.co.lucasweb.aws.v4.signer.AWSTestSuite" time="0"/>
  <testcase name="stringToSign[get-slash]" classname="uk.co.lucasweb.aws.v4.signer.AWSTestSuite" time="0"/>
  <testcase name="canonicalRequest[get-slash]" classname="uk.co.lucasweb.aws.v4.signer.AWSTestSuite" time="0"/>
  <testcase name="signature[get-slash]" classname="uk.co.lucasweb.aws.v4.signer.AWSTestSuite" time="0"/>
  <testcase name="stringToSign[get-vanilla-query-unreserved]" classname="uk.co.lucasweb.aws.v4.signer.AWSTestSuite" time="0"/>
  <testcase name="canonicalRequest[get-vanilla-query-unreserved]" classname="uk.co.lucasweb.aws.v4.signer.AWSTestSuite" time="0"/>
  <testcase name="signature[get-vanilla-query-unreserved]" classname="uk.co.lucasweb.aws.v4.signer.AWSTestSuite" time="0"/>
</testsuite>