<?xml version="1.0" encoding="UTF-8"?>
<testsuite xmlns:xsi="http://www.w3.org/2001/XMLSchema-instance" xsi:schemaLocation="https://maven.apache.org/surefire/maven-surefire-plugin/xsd/surefire-test-report.xsd" name="acceptance.RunCukesTest" time="2.837" tests="56" errors="0" skipped="0" failures="0">
  <properties>
    <property name="java.runtime.name" value="OpenJDK Runtime Environment"/>
    <property name="sun.boot.library.path" value="/usr/local/openjdk-8/jre/lib/amd64"/>
    <property name="java.vm.version" value="25.262-b10"/>
    <property name="animal.sniffer.skip" value="true"/>
    <property name="java.vm.vendor" value="Oracle Corporation"/>
    <property name="maven.multiModuleProjectDirectory" value="/tmp/tmp60nwt2rm/salaryslipkata"/>
    <property name="maven.javadoc.skip" value="true"/>
    <property name="java.vendor.url" value="http://java.oracle.com/"/>
    <property name="path.separator" value=":"/>
    <property name="guice.disable.misplaced.annotation.check" value="true"/>
    <property name="java.vm.name" value="OpenJDK 64-Bit Server VM"/>
    <property name="file.encoding.pkg" value="sun.io"/>
    <property name="sun.java.launcher" value="SUN_STANDARD"/>
    <property name="sun.os.patch.level" value="unknown"/>
    <property name="source.skip" value="true"/>
    <property name="java.vm.specification.name" value="Java Virtual Machine Specification"/>
    <property name="user.dir" value="/tmp/tmp60nwt2rm/salaryslipkata"/>
    <property name="java.runtime.version" value="1.8.0_262-b10"/>
    <property name="java.awt.graphicsenv" value="sun.awt.X11GraphicsEnvironment"/>
    <property name="java.endorsed.dirs" value="/usr/local/openjdk-8/jre/lib/endorsed"/>
    <property name="os.arch" value="amd64"/>
    <property name="java.io.tmpdir" value="/tmp"/>
    <property name="line.separator" value="&#10;"/>
    <property name="java.vm.specification.vendor" value="Oracle Corporation"/>
    <property name="os.name" value="Linux"/>
    <property name="classworlds.conf" value="/usr/share/maven/bin/m2.conf"/>
    <property name="sun.jnu.encoding" value="UTF-8"/>
    <property name="java.library.path" value="/usr/java/packages/lib/amd64:/usr/lib64:/lib64:/lib:/usr/lib"/>
    <property name="license.skip" value="true"/>
    <property name="maven.conf" value="/usr/share/maven/conf"/>
    <property name="java.specification.name" value="Java Platform API Specification"/>
    <property name="java.class.version" value="52.0"/>
    <property name="sun.management.compiler" value="HotSpot 64-Bit Tiered Compilers"/>
    <property name="maven.test.failure.ignore" value="true"/>
    <property name="os.version" value="4.15.0-109-generic"/>
    <property name="library.jansi.path" value="/usr/share/maven/lib/jansi-native"/>
    <property name="user.home" value="/home/jdbl"/>
    <property name="user.timezone" value="Etc/UTC"/>
    <property name="java.awt.printerjob" value="sun.print.PSPrinterJob"/>
    <property name="java.specification.version" value="1.8"/>
    <property name="file.encoding" value="UTF-8"/>
    <property name="user.name" value="jdbl"/>
    <property name="java.class.path" value="/usr/share/maven/boot/plexus-classworlds-2.6.0.jar"/>
    <property name="java.vm.specification.version" value="1.8"/>
    <property name="sun.arch.data.model" value="64"/>
    <property name="java.home" value="/usr/local/openjdk-8/jre"/>
    <property name="sun.java.command" value="org.codehaus.plexus.classworlds.launcher.Launcher test -e --fail-never -ntp -Dmaven.test.failure.ignore=true -B -Dmaven.javadoc.skip=true -Drat.skip=true -Danimal.sniffer.skip=true -Dmaven.javadoc.skip=true -Dlicense.skip=true -Dsource.skip=true"/>
    <property name="java.specification.vendor" value="Oracle Corporation"/>
    <property name="user.language" value="en"/>
    <property name="awt.toolkit" value="sun.awt.X11.XToolkit"/>
    <property name="java.vm.info" value="mixed mode"/>
    <property name="java.version" value="1.8.0_262"/>
    <property name="java.ext.dirs" value="/usr/local/openjdk-8/jre/lib/ext:/usr/java/packages/lib/ext"/>
    <property name="securerandom.source" value="file:/dev/./urandom"/>
    <property name="sun.boot.class.path" value="/usr/local/openjdk-8/jre/lib/resources.jar:/usr/local/openjdk-8/jre/lib/rt.jar:/usr/local/openjdk-8/jre/lib/sunrsasign.jar:/usr/local/openjdk-8/jre/lib/jsse.jar:/usr/local/openjdk-8/jre/lib/jce.jar:/usr/local/openjdk-8/jre/lib/charsets.jar:/usr/local/openjdk-8/jre/lib/jfr.jar:/usr/local/openjdk-8/jre/classes"/>
    <property name="java.vendor" value="Oracle Corporation"/>
    <property name="rat.skip" value="true"/>
    <property name="maven.home" value="/usr/share/maven"/>
    <property name="file.separator" value="/"/>
    <property name="java.vendor.url.bug" value="http://bugreport.sun.com/bugreport/"/>
    <property name="sun.cpu.endian" value="little"/>
    <property name="sun.io.unicode.encoding" value="UnicodeLittle"/>
    <property name="sun.cpu.isalist" value=""/>
  </properties>
  <testcase name="Given an employee with an annual gross salary of £ 6000" classname="| 6000 | 500.00 | 0.00 | 500.00 | 0.00 | 0.0 |" time="0.001"/>
  <testcase name="When we generate the salary slip" classname="| 6000 | 500.00 | 0.00 | 500.00 | 0.00 | 0.0 |" time="0"/>
  <testcase name="Then the salary slip should contain monthly gross salary of £ 500.00" classname="| 6000 | 500.00 | 0.00 | 500.00 | 0.00 | 0.0 |" time="0"/>
  <testcase name="And national insurance contribution of £ 0.00" classname="| 6000 | 500.00 | 0.00 | 500.00 | 0.00 | 0.0 |" time="0"/>
  <testcase name="And tax-free allowance of £ 500.00" classname="| 6000 | 500.00 | 0.00 | 500.00 | 0.00 | 0.0 |" time="0.001"/>
  <testcase name="And taxable income of £ 0.00" classname="| 6000 | 500.00 | 0.00 | 500.00 | 0.00 | 0.0 |" time="0"/>
  <testcase name="And tax payable of £ 0.0" classname="| 6000 | 500.00 | 0.00 | 500.00 | 0.00 | 0.0 |" time="0"/>
  <testcase name="| 6000 | 500.00 | 0.00 | 500.00 | 0.00 | 0.0 |" classname="| 6000 | 500.00 | 0.00 | 500.00 | 0.00 | 0.0 |" time="0"/>
  <testcase name="Given an employee with an annual gross salary of £ 11000" classname="| 11000 | 916.67 | 29.40 | 916.67 | 0.00 | 0.0 |" time="0"/>
  <testcase name="When we generate the salary slip" classname="| 11000 | 916.67 | 29.40 | 916.67 | 0.00 | 0.0 |" time="0"/>
  <testcase name="Then the salary slip should contain monthly gross salary of £ 916.67" classname="| 11000 | 916.67 | 29.40 | 916.67 | 0.00 | 0.0 |" time="0.001"/>
  <testcase name="And national insurance contribution of £ 29.40" classname="| 11000 | 916.67 | 29.40 | 916.67 | 0.00 | 0.0 |" time="0"/>
  <testcase name="And tax-free allowance of £ 916.67" classname="| 11000 | 916.67 | 29.40 | 916.67 | 0.00 | 0.0 |" time="0"/>
  <testcase name="And taxable income of £ 0.00" classname="| 11000 | 916.67 | 29.40 | 916.67 | 0.00 | 0.0 |" time="0"/>
  <testcase name="And tax payable of £ 0.0" classname="| 11000 | 916.67 | 29.40 | 916.67 | 0.00 | 0.0 |" time="0"/>
  <testcase name="| 11000 | 916.67 | 29.40 | 916.67 | 0.00 | 0.0 |" classname="| 11000 | 916.67 | 29.40 | 916.67 | 0.00 | 0.0 |" time="0"/>
  <testcase name="Given an employee with an annual gross salary of £ 12000" classname="| 12000 | 1000.00 | 39.40 | 916.67 | 83.33 | 16.67 |" time="0"/>
  <testcase name="When we generate the salary slip" classname="| 12000 | 1000.00 | 39.40 | 916.67 | 83.33 | 16.67 |" time="0"/>
  <testcase name="Then the salary slip should contain monthly gross salary of £ 1000.00" classname="| 12000 | 1000.00 | 39.40 | 916.67 | 83.33 | 16.67 |" time="0"/>
  <testcase name="And national insurance contribution of £ 39.40" classname="| 12000 | 1000.00 | 39.40 | 916.67 | 83.33 | 16.67 |" time="0"/>
  <testcase name="And tax-free allowance of £ 916.67" classname="| 12000 | 1000.00 | 39.40 | 916.67 | 83.33 | 16.67 |" time="0"/>
  <testcase name="And taxable income of £ 83.33" classname="| 12000 | 1000.00 | 39.40 | 916.67 | 83.33 | 16.67 |" time="0.001"/>
  <testcase name="And tax payable of £ 16.67" classname="| 12000 | 1000.00 | 39.40 | 916.67 | 83.33 | 16.67 |" time="0"/>
  <testcase name="| 12000 | 1000.00 | 39.40 | 916.67 | 83.33 | 16.67 |" classname="| 12000 | 1000.00 | 39.40 | 916.67 | 83.33 | 16.67 |" time="0.001"/>
  <testcase name="Given an employee with an annual gross salary of £ 30000" classname="| 30000 | 2500.00 | 219.40 | 916.67 | 1583.33 | 316.67 |" time="0"/>
  <testcase name="When we generate the salary slip" classname="| 30000 | 2500.00 | 219.40 | 916.67 | 1583.33 | 316.67 |" time="0"/>
  <testcase name="Then the salary slip should contain monthly gross salary of £ 2500.00" classname="| 30000 | 2500.00 | 219.40 | 916.67 | 1583.33 | 316.67 |" time="0"/>
  <testcase name="And national insurance contribution of £ 219.40" classname="| 30000 | 2500.00 | 219.40 | 916.67 | 1583.33 | 316.67 |" time="0"/>
  <testcase name="And tax-free allowance of £ 916.67" classname="| 30000 | 2500.00 | 219.40 | 916.67 | 1583.33 | 316.67 |" time="0"/>
  <testcase name="And taxable income of £ 1583.33" classname="| 30000 | 2500.00 | 219.40 | 916.67 | 1583.33 | 316.67 |" time="0"/>
  <testcase name="And tax payable of £ 316.67" classname="| 30000 | 2500.00 | 219.40 | 916.67 | 1583.33 | 316.67 |" time="0"/>
  <testcase name="| 30000 | 2500.00 | 219.40 | 916.67 | 1583.33 | 316.67 |" classname="| 30000 | 2500.00 | 219.40 | 916.67 | 1583.33 | 316.67 |" time="0"/>
  <testcase name="Given an employee with an annual gross salary of £ 45000" classname="| 45000 | 3750.00 | 352.73 | 916.67 | 2833.33 | 600.00 |" time="0"/>
  <testcase name="When we generate the salary slip" classname="| 45000 | 3750.00 | 352.73 | 916.67 | 2833.33 | 600.00 |" time="0"/>
  <testcase name="Then the salary slip should contain monthly gross salary of £ 3750.00" classname="| 45000 | 3750.00 | 352.73 | 916.67 | 2833.33 | 600.00 |" time="0"/>
  <testcase name="And national insurance contribution of £ 352.73" classname="| 45000 | 3750.00 | 352.73 | 916.67 | 2833.33 | 600.00 |" time="0"/>
  <testcase name="And tax-free allowance of £ 916.67" classname="| 45000 | 3750.00 | 352.73 | 916.67 | 2833.33 | 600.00 |" time="0"/>
  <testcase name="And taxable income of £ 2833.33" classname="| 45000 | 3750.00 | 352.73 | 916.67 | 2833.33 | 600.00 |" time="0"/>
  <testcase name="And tax payable of £ 600.00" classname="| 45000 | 3750.00 | 352.73 | 916.67 | 2833.33 | 600.00 |" time="0.001"/>
  <testcase name="| 45000 | 3750.00 | 352.73 | 916.67 | 2833.33 | 600.00 |" classname="| 45000 | 3750.00 | 352.73 | 916.67 | 2833.33 | 600.00 |" time="0.001"/>
  <testcase name="Given an employee with an annual gross salary of £ 111000" classname="| 111000 | 9250.00 | 462.73 | 458.33 | 8791.67 | 2983.33 |" time="0"/>
  <testcase name="When we generate the salary slip" classname="| 111000 | 9250.00 | 462.73 | 458.33 | 8791.67 | 2983.33 |" time="0"/>
  <testcase name="Then the salary slip should contain monthly gross salary of £ 9250.00" classname="| 111000 | 9250.00 | 462.73 | 458.33 | 8791.67 | 2983.33 |" time="0"/>
  <testcase name="And national insurance contribution of £ 462.73" classname="| 111000 | 9250.00 | 462.73 | 458.33 | 8791.67 | 2983.33 |" time="0"/>
  <testcase name="And tax-free allowance of £ 458.33" classname="| 111000 | 9250.00 | 462.73 | 458.33 | 8791.67 | 2983.33 |" time="0"/>
  <testcase name="And taxable income of £ 8791.67" classname="| 111000 | 9250.00 | 462.73 | 458.33 | 8791.67 | 2983.33 |" time="0"/>
  <testcase name="And tax payable of £ 2983.33" classname="| 111000 | 9250.00 | 462.73 | 458.33 | 8791.67 | 2983.33 |" time="0"/>
  <testcase name="| 111000 | 9250.00 | 462.73 | 458.33 | 8791.67 | 2983.33 |" classname="| 111000 | 9250.00 | 462.73 | 458.33 | 8791.67 | 2983.33 |" time="0"/>
  <testcase name="Given an employee with an annual gross salary of £ 160000" classname="| 160000 | 13333.33 | 544.40 | 0.00 | 13333.33 | 4841.67 |" time="0"/>
  <testcase name="When we generate the salary slip" classname="| 160000 | 13333.33 | 544.40 | 0.00 | 13333.33 | 4841.67 |" time="0"/>
  <testcase name="Then the salary slip should contain monthly gross salary of £ 13333.33" classname="| 160000 | 13333.33 | 544.40 | 0.00 | 13333.33 | 4841.67 |" time="0"/>
  <testcase name="And national insurance contribution of £ 544.40" classname="| 160000 | 13333.33 | 544.40 | 0.00 | 13333.33 | 4841.67 |" time="0"/>
  <testcase name="And tax-free allowance of £ 0.00" classname="| 160000 | 13333.33 | 544.40 | 0.00 | 13333.33 | 4841.67 |" time="0"/>
  <testcase name="And taxable income of £ 13333.33" classname="| 160000 | 13333.33 | 544.40 | 0.00 | 13333.33 | 4841.67 |" time="0.001"/>
  <testcase name="And tax payable of £ 4841.67" classname="| 160000 | 13333.33 | 544.40 | 0.00 | 13333.33 | 4841.67 |" time="0"/>
  <testcase name="| 160000 | 13333.33 | 544.40 | 0.00 | 13333.33 | 4841.67 |" classname="| 160000 | 13333.33 | 544.40 | 0.00 | 13333.33 | 4841.67 |" time="0"/>
</testsuite>