<?xml version="1.0" encoding="UTF-8"?>
<testsuite name="org.apache.commons.math3.dfp.DfpTest" time="0.632" tests="78" errors="0" skipped="0" failures="0">
  <properties>
    <property name="java.runtime.name" value="OpenJDK Runtime Environment"/>
    <property name="sun.boot.library.path" value="/usr/local/openjdk-8/jre/lib/amd64"/>
    <property name="java.vm.version" value="25.262-b10"/>
    <property name="animal.sniffer.skip" value="true"/>
    <property name="java.vm.vendor" value="Oracle Corporation"/>
    <property name="maven.multiModuleProjectDirectory" value="/tmp/tmp_mwplfd_/commons-math"/>
    <property name="maven.javadoc.skip" value="true"/>
    <property name="java.vendor.url" value="http://java.oracle.com/"/>
    <property name="path.separator" value=":"/>
    <property name="guice.disable.misplaced.annotation.check" value="true"/>
    <property name="java.vm.name" value="OpenJDK 64-Bit Server VM"/>
    <property name="file.encoding.pkg" value="sun.io"/>
    <property name="sun.java.launcher" value="SUN_STANDARD"/>
    <property name="sun.os.patch.level" value="unknown"/>
    <property name="source.skip" value="true"/>
    <property name="java.vm.specification.name" value="Java Virtual Machine Specification"/>
    <property name="user.dir" value="/tmp/tmp_mwplfd_/commons-math"/>
    <property name="java.runtime.version" value="1.8.0_262-b10"/>
    <property name="java.awt.graphicsenv" value="sun.awt.X11GraphicsEnvironment"/>
    <property name="java.endorsed.dirs" value="/usr/local/openjdk-8/jre/lib/endorsed"/>
    <property name="os.arch" value="amd64"/>
    <property name="java.io.tmpdir" value="/tmp"/>
    <property name="line.separator" value="&#10;"/>
    <property name="java.vm.specification.vendor" value="Oracle Corporation"/>
    <property name="os.name" value="Linux"/>
    <property name="classworlds.conf" value="/usr/share/maven/bin/m2.conf"/>
    <property name="maven.test.error.ignore" value="true"/>
    <property name="sun.jnu.encoding" value="UTF-8"/>
    <property name="java.library.path" value="/usr/java/packages/lib/amd64:/usr/lib64:/lib64:/lib:/usr/lib"/>
    <property name="license.skip" value="true"/>
    <property name="maven.conf" value="/usr/share/maven/conf"/>
    <property name="java.specification.name" value="Java Platform API Specification"/>
    <property name="java.class.version" value="52.0"/>
    <property name="sun.management.compiler" value="HotSpot 64-Bit Tiered Compilers"/>
    <property name="maven.test.failure.ignore" value="true"/>
    <property name="os.version" value="4.15.0-109-generic"/>
    <property name="library.jansi.path" value="/usr/share/maven/lib/jansi-native"/>
    <property name="user.home" value="/home/jdbl"/>
    <property name="user.timezone" value="Etc/UTC"/>
    <property name="java.awt.printerjob" value="sun.print.PSPrinterJob"/>
    <property name="java.specification.version" value="1.8"/>
    <property name="file.encoding" value="UTF-8"/>
    <property name="user.name" value="jdbl"/>
    <property name="java.class.path" value="/usr/share/maven/boot/plexus-classworlds-2.6.0.jar"/>
    <property name="java.vm.specification.version" value="1.8"/>
    <property name="sun.arch.data.model" value="64"/>
    <property name="java.home" value="/usr/local/openjdk-8/jre"/>
    <property name="sun.java.command" value="org.codehaus.plexus.classworlds.launcher.Launcher package -e --fail-never -ntp -Dmaven.test.error.ignore=true -Dmaven.test.failure.ignore=true -B -Dmaven.javadoc.skip=true -Drat.skip=true -Danimal.sniffer.skip=true -Dmaven.javadoc.skip=true -Dlicense.skip=true -Dsource.skip=true"/>
    <property name="java.specification.vendor" value="Oracle Corporation"/>
    <property name="user.language" value="en"/>
    <property name="awt.toolkit" value="sun.awt.X11.XToolkit"/>
    <property name="java.vm.info" value="mixed mode"/>
    <property name="java.version" value="1.8.0_262"/>
    <property name="java.ext.dirs" value="/usr/local/openjdk-8/jre/lib/ext:/usr/java/packages/lib/ext"/>
    <property name="securerandom.source" value="file:/dev/./urandom"/>
    <property name="sun.boot.class.path" value="/usr/local/openjdk-8/jre/lib/resources.jar:/usr/local/openjdk-8/jre/lib/rt.jar:/usr/local/openjdk-8/jre/lib/sunrsasign.jar:/usr/local/openjdk-8/jre/lib/jsse.jar:/usr/local/openjdk-8/jre/lib/jce.jar:/usr/local/openjdk-8/jre/lib/charsets.jar:/usr/local/openjdk-8/jre/lib/jfr.jar:/usr/local/openjdk-8/jre/classes"/>
    <property name="java.vendor" value="Oracle Corporation"/>
    <property name="rat.skip" value="true"/>
    <property name="maven.home" value="/usr/share/maven"/>
    <property name="file.separator" value="/"/>
    <property name="java.vendor.url.bug" value="http://bugreport.sun.com/bugreport/"/>
    <property name="sun.cpu.endian" value="little"/>
    <property name="sun.io.unicode.encoding" value="UnicodeLittle"/>
    <property name="sun.cpu.isalist" value=""/>
  </properties>
  <testcase name="testAdd" classname="org.apache.commons.math3.dfp.DfpTest" time="0"/>
  <testcase name="testSpecialConstructors" classname="org.apache.commons.math3.dfp.DfpTest" time="0"/>
  <testcase name="testFloor" classname="org.apache.commons.math3.dfp.DfpTest" time="0.001"/>
  <testcase name="testLog10" classname="org.apache.commons.math3.dfp.DfpTest" time="0"/>
  <testcase name="testRound" classname="org.apache.commons.math3.dfp.DfpTest" time="0.001"/>
  <testcase name="testCeil" classname="org.apache.commons.math3.dfp.DfpTest" time="0"/>
  <testcase name="testRint" classname="org.apache.commons.math3.dfp.DfpTest" time="0"/>
  <testcase name="testSqrt" classname="org.apache.commons.math3.dfp.DfpTest" time="0.001"/>
  <testcase name="testToString" classname="org.apache.commons.math3.dfp.DfpTest" time="0"/>
  <testcase name="testReciprocal" classname="org.apache.commons.math3.dfp.DfpTest" time="0"/>
  <testcase name="testEqualsHashcodeContract" classname="org.apache.commons.math3.dfp.DfpTest" time="0.001"/>
  <testcase name="testDivideInt" classname="org.apache.commons.math3.dfp.DfpTest" time="0"/>
  <testcase name="testSignPredicates" classname="org.apache.commons.math3.dfp.DfpTest" time="0"/>
  <testcase name="testPower10" classname="org.apache.commons.math3.dfp.DfpTest" time="0"/>
  <testcase name="testCopySign" classname="org.apache.commons.math3.dfp.DfpTest" time="0"/>
  <testcase name="testCompare" classname="org.apache.commons.math3.dfp.DfpTest" time="0.001"/>
  <testcase name="testByteConstructor" classname="org.apache.commons.math3.dfp.DfpTest" time="0"/>
  <testcase name="testIntValue" classname="org.apache.commons.math3.dfp.DfpTest" time="0.001"/>
  <testcase name="testDivide" classname="org.apache.commons.math3.dfp.DfpTest" time="0.001"/>
  <testcase name="testMultiply" classname="org.apache.commons.math3.dfp.DfpTest" time="0"/>
  <testcase name="testIssue567" classname="org.apache.commons.math3.dfp.DfpTest" time="0.198"/>
  <testcase name="testIsZero" classname="org.apache.commons.math3.dfp.DfpTest" time="0"/>
  <testcase name="testIntConstructor" classname="org.apache.commons.math3.dfp.DfpTest" time="0"/>
  <testcase name="testLog10K" classname="org.apache.commons.math3.dfp.DfpTest" time="0"/>
  <testcase name="testRemainder" classname="org.apache.commons.math3.dfp.DfpTest" time="0"/>
  <testcase name="testPower10K" classname="org.apache.commons.math3.dfp.DfpTest" time="0"/>
  <testcase name="testLongConstructor" classname="org.apache.commons.math3.dfp.DfpTest" time="0"/>
  <testcase name="testNextAfter" classname="org.apache.commons.math3.dfp.DfpTest" time="0"/>
  <testcase name="testDivideField" classname="org.apache.commons.math3.dfp.DfpTest" time="0.014"/>
  <testcase name="testRemainderDouble" classname="org.apache.commons.math3.dfp.DfpTest" time="0.013"/>
  <testcase name="testGetField" classname="org.apache.commons.math3.dfp.DfpTest" time="0"/>
  <testcase name="testDivideDouble" classname="org.apache.commons.math3.dfp.DfpTest" time="0.011"/>
  <testcase name="testAbs" classname="org.apache.commons.math3.dfp.DfpTest" time="0.001"/>
  <testcase name="testCos" classname="org.apache.commons.math3.dfp.DfpTest" time="0.001"/>
  <testcase name="testExp" classname="org.apache.commons.math3.dfp.DfpTest" time="0"/>
  <testcase name="testLog" classname="org.apache.commons.math3.dfp.DfpTest" time="0.001"/>
  <testcase name="testSin" classname="org.apache.commons.math3.dfp.DfpTest" time="0.001"/>
  <testcase name="testTan" classname="org.apache.commons.math3.dfp.DfpTest" time="0.002"/>
  <testcase name="testAcosh" classname="org.apache.commons.math3.dfp.DfpTest" time="0.004"/>
  <testcase name="testAsinh" classname="org.apache.commons.math3.dfp.DfpTest" time="0.002"/>
  <testcase name="testAtan2" classname="org.apache.commons.math3.dfp.DfpTest" time="0.047"/>
  <testcase name="testAtanh" classname="org.apache.commons.math3.dfp.DfpTest" time="0.002"/>
  <testcase name="testExpm1" classname="org.apache.commons.math3.dfp.DfpTest" time="0.001"/>
  <testcase name="testHypot" classname="org.apache.commons.math3.dfp.DfpTest" time="0.025"/>
  <testcase name="testLog1p" classname="org.apache.commons.math3.dfp.DfpTest" time="0.001"/>
  <testcase name="testRootN" classname="org.apache.commons.math3.dfp.DfpTest" time="0.004"/>
  <testcase name="testScalb" classname="org.apache.commons.math3.dfp.DfpTest" time="0.143"/>
  <testcase name="testAcos" classname="org.apache.commons.math3.dfp.DfpTest" time="0.002"/>
  <testcase name="testAsin" classname="org.apache.commons.math3.dfp.DfpTest" time="0.001"/>
  <testcase name="testAtan" classname="org.apache.commons.math3.dfp.DfpTest" time="0.001"/>
  <testcase name="testCbrt" classname="org.apache.commons.math3.dfp.DfpTest" time="0.002"/>
  <testcase name="testCosh" classname="org.apache.commons.math3.dfp.DfpTest" time="0.001"/>
  <testcase name="testHash" classname="org.apache.commons.math3.dfp.DfpTest" time="0"/>
  <testcase name="testSinh" classname="org.apache.commons.math3.dfp.DfpTest" time="0.002"/>
  <testcase name="testTanh" classname="org.apache.commons.math3.dfp.DfpTest" time="0.001"/>
  <testcase name="testAddField" classname="org.apache.commons.math3.dfp.DfpTest" time="0.008"/>
  <testcase name="testMultiplyDouble" classname="org.apache.commons.math3.dfp.DfpTest" time="0.009"/>
  <testcase name="testMultiplyInt" classname="org.apache.commons.math3.dfp.DfpTest" time="0.003"/>
  <testcase name="testLinearCombinationDaFa" classname="org.apache.commons.math3.dfp.DfpTest" time="0.004"/>
  <testcase name="testLinearCombinationFaFa" classname="org.apache.commons.math3.dfp.DfpTest" time="0.004"/>
  <testcase name="testAddDouble" classname="org.apache.commons.math3.dfp.DfpTest" time="0.008"/>
  <testcase name="testPowDouble" classname="org.apache.commons.math3.dfp.DfpTest" time="0.022"/>
  <testcase name="testSubtractDouble" classname="org.apache.commons.math3.dfp.DfpTest" time="0.009"/>
  <testcase name="testRemainderField" classname="org.apache.commons.math3.dfp.DfpTest" time="0.014"/>
  <testcase name="testCopySignDouble" classname="org.apache.commons.math3.dfp.DfpTest" time="0.007"/>
  <testcase name="testLinearCombinationDF2" classname="org.apache.commons.math3.dfp.DfpTest" time="0.001"/>
  <testcase name="testLinearCombinationDF3" classname="org.apache.commons.math3.dfp.DfpTest" time="0.001"/>
  <testcase name="testLinearCombinationDF4" classname="org.apache.commons.math3.dfp.DfpTest" time="0.002"/>
  <testcase name="testLinearCombinationFF2" classname="org.apache.commons.math3.dfp.DfpTest" time="0.001"/>
  <testcase name="testLinearCombinationFF3" classname="org.apache.commons.math3.dfp.DfpTest" time="0.002"/>
  <testcase name="testLinearCombinationFF4" classname="org.apache.commons.math3.dfp.DfpTest" time="0.001"/>
  <testcase name="testEquals" classname="org.apache.commons.math3.dfp.DfpTest" time="0"/>
  <testcase name="testCopySignField" classname="org.apache.commons.math3.dfp.DfpTest" time="0.008"/>
  <testcase name="testPowField" classname="org.apache.commons.math3.dfp.DfpTest" time="0.022"/>
  <testcase name="testPowInt" classname="org.apache.commons.math3.dfp.DfpTest" time="0.002"/>
  <testcase name="testSignum" classname="org.apache.commons.math3.dfp.DfpTest" time="0"/>
  <testcase name="testMultiplyField" classname="org.apache.commons.math3.dfp.DfpTest" time="0.009"/>
  <testcase name="testSubtractField" classname="org.apache.commons.math3.dfp.DfpTest" time="0.007"/>
</testsuite>