<?xml version="1.0" encoding="UTF-8"?>
<testsuite xmlns:xsi="http://www.w3.org/2001/XMLSchema-instance" xsi:schemaLocation="https://maven.apache.org/surefire/maven-surefire-plugin/xsd/surefire-test-report.xsd" name="org.apache.sling.testing.AbstractSlingClientGetUrlTest" time="0.133" tests="53" errors="0" skipped="0" failures="0">
  <properties>
    <property name="java.runtime.name" value="OpenJDK Runtime Environment"/>
    <property name="sun.boot.library.path" value="/usr/local/openjdk-8/jre/lib/amd64"/>
    <property name="java.vm.version" value="25.262-b10"/>
    <property name="animal.sniffer.skip" value="true"/>
    <property name="java.vm.vendor" value="Oracle Corporation"/>
    <property name="maven.multiModuleProjectDirectory" value="/tmp/tmpofabmr07/sling-org-apache-sling-testing-clients"/>
    <property name="maven.javadoc.skip" value="true"/>
    <property name="java.vendor.url" value="http://java.oracle.com/"/>
    <property name="path.separator" value=":"/>
    <property name="guice.disable.misplaced.annotation.check" value="true"/>
    <property name="java.vm.name" value="OpenJDK 64-Bit Server VM"/>
    <property name="file.encoding.pkg" value="sun.io"/>
    <property name="sun.java.launcher" value="SUN_STANDARD"/>
    <property name="sun.os.patch.level" value="unknown"/>
    <property name="source.skip" value="true"/>
    <property name="java.vm.specification.name" value="Java Virtual Machine Specification"/>
    <property name="user.dir" value="/tmp/tmpofabmr07/sling-org-apache-sling-testing-clients"/>
    <property name="java.runtime.version" value="1.8.0_262-b10"/>
    <property name="java.awt.graphicsenv" value="sun.awt.X11GraphicsEnvironment"/>
    <property name="java.endorsed.dirs" value="/usr/local/openjdk-8/jre/lib/endorsed"/>
    <property name="os.arch" value="amd64"/>
    <property name="java.io.tmpdir" value="/tmp"/>
    <property name="line.separator" value="&#10;"/>
    <property name="java.vm.specification.vendor" value="Oracle Corporation"/>
    <property name="os.name" value="Linux"/>
    <property name="classworlds.conf" value="/usr/share/maven/bin/m2.conf"/>
    <property name="sun.jnu.encoding" value="UTF-8"/>
    <property name="java.library.path" value="/usr/java/packages/lib/amd64:/usr/lib64:/lib64:/lib:/usr/lib"/>
    <property name="license.skip" value="true"/>
    <property name="maven.conf" value="/usr/share/maven/conf"/>
    <property name="java.specification.name" value="Java Platform API Specification"/>
    <property name="java.class.version" value="52.0"/>
    <property name="sun.management.compiler" value="HotSpot 64-Bit Tiered Compilers"/>
    <property name="maven.test.failure.ignore" value="true"/>
    <property name="os.version" value="4.15.0-109-generic"/>
    <property name="library.jansi.path" value="/usr/share/maven/lib/jansi-native"/>
    <property name="user.home" value="/home/jdbl"/>
    <property name="user.timezone" value="Etc/UTC"/>
    <property name="java.awt.printerjob" value="sun.print.PSPrinterJob"/>
    <property name="java.specification.version" value="1.8"/>
    <property name="file.encoding" value="UTF-8"/>
    <property name="user.name" value="jdbl"/>
    <property name="java.class.path" value="/usr/share/maven/boot/plexus-classworlds-2.6.0.jar"/>
    <property name="java.vm.specification.version" value="1.8"/>
    <property name="sun.arch.data.model" value="64"/>
    <property name="java.home" value="/usr/local/openjdk-8/jre"/>
    <property name="sun.java.command" value="org.codehaus.plexus.classworlds.launcher.Launcher test -e --fail-never -ntp -Dmaven.test.failure.ignore=true -B -Dmaven.javadoc.skip=true -Drat.skip=true -Danimal.sniffer.skip=true -Dmaven.javadoc.skip=true -Dlicense.skip=true -Dsource.skip=true"/>
    <property name="java.specification.vendor" value="Oracle Corporation"/>
    <property name="user.language" value="en"/>
    <property name="awt.toolkit" value="sun.awt.X11.XToolkit"/>
    <property name="java.vm.info" value="mixed mode"/>
    <property name="java.version" value="1.8.0_262"/>
    <property name="java.ext.dirs" value="/usr/local/openjdk-8/jre/lib/ext:/usr/java/packages/lib/ext"/>
    <property name="securerandom.source" value="file:/dev/./urandom"/>
    <property name="sun.boot.class.path" value="/usr/local/openjdk-8/jre/lib/resources.jar:/usr/local/openjdk-8/jre/lib/rt.jar:/usr/local/openjdk-8/jre/lib/sunrsasign.jar:/usr/local/openjdk-8/jre/lib/jsse.jar:/usr/local/openjdk-8/jre/lib/jce.jar:/usr/local/openjdk-8/jre/lib/charsets.jar:/usr/local/openjdk-8/jre/lib/jfr.jar:/usr/local/openjdk-8/jre/classes"/>
    <property name="java.vendor" value="Oracle Corporation"/>
    <property name="rat.skip" value="true"/>
    <property name="maven.home" value="/usr/share/maven"/>
    <property name="file.separator" value="/"/>
    <property name="java.vendor.url.bug" value="http://bugreport.sun.com/bugreport/"/>
    <property name="sun.cpu.endian" value="little"/>
    <property name="sun.io.unicode.encoding" value="UnicodeLittle"/>
    <property name="sun.cpu.isalist" value=""/>
  </properties>
  <testcase name="testGetUrlWithParam[0 - serverUrl: http://HOST, path: /page.html, expected: http://HOST/page.html]" classname="org.apache.sling.testing.AbstractSlingClientGetUrlTest" time="0.004"/>
  <testcase name="testGetUrlWithParam[1 - serverUrl: http://HOST, path: /my/page.html, expected: http://HOST/my/page.html]" classname="org.apache.sling.testing.AbstractSlingClientGetUrlTest" time="0.001"/>
  <testcase name="testGetUrlWithParam[2 - serverUrl: http://HOST, path: /my/, expected: http://HOST/my/]" classname="org.apache.sling.testing.AbstractSlingClientGetUrlTest" time="0.001"/>
  <testcase name="testGetUrlWithParam[3 - serverUrl: http://HOST, path: /my, expected: http://HOST/my]" classname="org.apache.sling.testing.AbstractSlingClientGetUrlTest" time="0"/>
  <testcase name="testGetUrlWithParam[4 - serverUrl: http://HOST, path: /, expected: http://HOST/]" classname="org.apache.sling.testing.AbstractSlingClientGetUrlTest" time="0"/>
  <testcase name="testGetUrlWithParam[5 - serverUrl: http://HOST, path: page.html, expected: http://HOST/page.html]" classname="org.apache.sling.testing.AbstractSlingClientGetUrlTest" time="0"/>
  <testcase name="testGetUrlWithParam[6 - serverUrl: http://HOST, path: my/page.html, expected: http://HOST/my/page.html]" classname="org.apache.sling.testing.AbstractSlingClientGetUrlTest" time="0.001"/>
  <testcase name="testGetUrlWithParam[7 - serverUrl: http://HOST, path: my/, expected: http://HOST/my/]" classname="org.apache.sling.testing.AbstractSlingClientGetUrlTest" time="0.011"/>
  <testcase name="testGetUrlWithParam[8 - serverUrl: http://HOST, path: my, expected: http://HOST/my]" classname="org.apache.sling.testing.AbstractSlingClientGetUrlTest" time="0.001"/>
  <testcase name="testGetUrlWithParam[9 - serverUrl: http://HOST, path: , expected: http://HOST/]" classname="org.apache.sling.testing.AbstractSlingClientGetUrlTest" time="0.001"/>
  <testcase name="testGetUrlWithParam[10 - serverUrl: http://HOST:4502, path: /page.html, expected: http://HOST:4502/page.html]" classname="org.apache.sling.testing.AbstractSlingClientGetUrlTest" time="0"/>
  <testcase name="testGetUrlWithParam[11 - serverUrl: http://HOST:4502, path: /my/page.html, expected: http://HOST:4502/my/page.html]" classname="org.apache.sling.testing.AbstractSlingClientGetUrlTest" time="0"/>
  <testcase name="testGetUrlWithParam[12 - serverUrl: http://HOST:4502, path: /my/, expected: http://HOST:4502/my/]" classname="org.apache.sling.testing.AbstractSlingClientGetUrlTest" time="0.001"/>
  <testcase name="testGetUrlWithParam[13 - serverUrl: http://HOST:4502, path: /my, expected: http://HOST:4502/my]" classname="org.apache.sling.testing.AbstractSlingClientGetUrlTest" time="0"/>
  <testcase name="testGetUrlWithParam[14 - serverUrl: http://HOST:4502, path: /, expected: http://HOST:4502/]" classname="org.apache.sling.testing.AbstractSlingClientGetUrlTest" time="0"/>
  <testcase name="testGetUrlWithParam[15 - serverUrl: http://HOST:4502, path: page.html, expected: http://HOST:4502/page.html]" classname="org.apache.sling.testing.AbstractSlingClientGetUrlTest" time="0"/>
  <testcase name="testGetUrlWithParam[16 - serverUrl: http://HOST:4502, path: my/page.html, expected: http://HOST:4502/my/page.html]" classname="org.apache.sling.testing.AbstractSlingClientGetUrlTest" time="0"/>
  <testcase name="testGetUrlWithParam[17 - serverUrl: http://HOST:4502, path: my/, expected: http://HOST:4502/my/]" classname="org.apache.sling.testing.AbstractSlingClientGetUrlTest" time="0.001"/>
  <testcase name="testGetUrlWithParam[18 - serverUrl: http://HOST:4502, path: my, expected: http://HOST:4502/my]" classname="org.apache.sling.testing.AbstractSlingClientGetUrlTest" time="0.018"/>
  <testcase name="testGetUrlWithParam[19 - serverUrl: http://HOST:4502, path: , expected: http://HOST:4502/]" classname="org.apache.sling.testing.AbstractSlingClientGetUrlTest" time="0.001"/>
  <testcase name="testGetUrlWithParam[20 - serverUrl: http://HOST:4502/, path: /page.html, expected: http://HOST:4502/page.html]" classname="org.apache.sling.testing.AbstractSlingClientGetUrlTest" time="0.001"/>
  <testcase name="testGetUrlWithParam[21 - serverUrl: http://HOST:4502/, path: /my/page.html, expected: http://HOST:4502/my/page.html]" classname="org.apache.sling.testing.AbstractSlingClientGetUrlTest" time="0.005"/>
  <testcase name="testGetUrlWithParam[22 - serverUrl: http://HOST:4502/, path: /my/, expected: http://HOST:4502/my/]" classname="org.apache.sling.testing.AbstractSlingClientGetUrlTest" time="0.009"/>
  <testcase name="testGetUrlWithParam[23 - serverUrl: http://HOST:4502/, path: /my, expected: http://HOST:4502/my]" classname="org.apache.sling.testing.AbstractSlingClientGetUrlTest" time="0.001"/>
  <testcase name="testGetUrlWithParam[24 - serverUrl: http://HOST:4502/, path: /, expected: http://HOST:4502/]" classname="org.apache.sling.testing.AbstractSlingClientGetUrlTest" time="0.001"/>
  <testcase name="testGetUrlWithParam[25 - serverUrl: http://HOST:4502/, path: page.html, expected: http://HOST:4502/page.html]" classname="org.apache.sling.testing.AbstractSlingClientGetUrlTest" time="0.005"/>
  <testcase name="testGetUrlWithParam[26 - serverUrl: http://HOST:4502/, path: my/page.html, expected: http://HOST:4502/my/page.html]" classname="org.apache.sling.testing.AbstractSlingClientGetUrlTest" time="0.001"/>
  <testcase name="testGetUrlWithParam[27 - serverUrl: http://HOST:4502/, path: my/, expected: http://HOST:4502/my/]" classname="org.apache.sling.testing.AbstractSlingClientGetUrlTest" time="0"/>
  <testcase name="testGetUrlWithParam[28 - serverUrl: http://HOST:4502/, path: my, expected: http://HOST:4502/my]" classname="org.apache.sling.testing.AbstractSlingClientGetUrlTest" time="0"/>
  <testcase name="testGetUrlWithParam[29 - serverUrl: http://HOST:4502/, path: , expected: http://HOST:4502/]" classname="org.apache.sling.testing.AbstractSlingClientGetUrlTest" time="0"/>
  <testcase name="testGetUrlWithParam[30 - serverUrl: http://HOST:4502/CTX, path: /page.html, expected: http://HOST:4502/CTX/page.html]" classname="org.apache.sling.testing.AbstractSlingClientGetUrlTest" time="0.001"/>
  <testcase name="testGetUrlWithParam[31 - serverUrl: http://HOST:4502/CTX, path: /my/page.html, expected: http://HOST:4502/CTX/my/page.html]" classname="org.apache.sling.testing.AbstractSlingClientGetUrlTest" time="0"/>
  <testcase name="testGetUrlWithParam[32 - serverUrl: http://HOST:4502/CTX, path: /my/, expected: http://HOST:4502/CTX/my/]" classname="org.apache.sling.testing.AbstractSlingClientGetUrlTest" time="0"/>
  <testcase name="testGetUrlWithParam[33 - serverUrl: http://HOST:4502/CTX, path: /my, expected: http://HOST:4502/CTX/my]" classname="org.apache.sling.testing.AbstractSlingClientGetUrlTest" time="0"/>
  <testcase name="testGetUrlWithParam[34 - serverUrl: http://HOST:4502/CTX, path: /, expected: http://HOST:4502/CTX/]" classname="org.apache.sling.testing.AbstractSlingClientGetUrlTest" time="0"/>
  <testcase name="testGetUrlWithParam[35 - serverUrl: http://HOST:4502/CTX, path: page.html, expected: http://HOST:4502/CTX/page.html]" classname="org.apache.sling.testing.AbstractSlingClientGetUrlTest" time="0.001"/>
  <testcase name="testGetUrlWithParam[36 - serverUrl: http://HOST:4502/CTX, path: my/page.html, expected: http://HOST:4502/CTX/my/page.html]" classname="org.apache.sling.testing.AbstractSlingClientGetUrlTest" time="0"/>
  <testcase name="testGetUrlWithParam[37 - serverUrl: http://HOST:4502/CTX, path: my/, expected: http://HOST:4502/CTX/my/]" classname="org.apache.sling.testing.AbstractSlingClientGetUrlTest" time="0"/>
  <testcase name="testGetUrlWithParam[38 - serverUrl: http://HOST:4502/CTX, path: my, expected: http://HOST:4502/CTX/my]" classname="org.apache.sling.testing.AbstractSlingClientGetUrlTest" time="0"/>
  <testcase name="testGetUrlWithParam[39 - serverUrl: http://HOST:4502/CTX, path: , expected: http://HOST:4502/CTX/]" classname="org.apache.sling.testing.AbstractSlingClientGetUrlTest" time="0"/>
  <testcase name="testGetUrlWithParam[40 - serverUrl: http://HOST:4502/CTX/, path: /page.html, expected: http://HOST:4502/CTX/page.html]" classname="org.apache.sling.testing.AbstractSlingClientGetUrlTest" time="0"/>
  <testcase name="testGetUrlWithParam[41 - serverUrl: http://HOST:4502/CTX/, path: /my/page.html, expected: http://HOST:4502/CTX/my/page.html]" classname="org.apache.sling.testing.AbstractSlingClientGetUrlTest" time="0"/>
  <testcase name="testGetUrlWithParam[42 - serverUrl: http://HOST:4502/CTX/, path: /my/, expected: http://HOST:4502/CTX/my/]" classname="org.apache.sling.testing.AbstractSlingClientGetUrlTest" time="0.001"/>
  <testcase name="testGetUrlWithParam[43 - serverUrl: http://HOST:4502/CTX/, path: /my, expected: http://HOST:4502/CTX/my]" classname="org.apache.sling.testing.AbstractSlingClientGetUrlTest" time="0"/>
  <testcase name="testGetUrlWithParam[44 - serverUrl: http://HOST:4502/CTX/, path: /, expected: http://HOST:4502/CTX/]" classname="org.apache.sling.testing.AbstractSlingClientGetUrlTest" time="0.001"/>
  <testcase name="testGetUrlWithParam[45 - serverUrl: http://HOST:4502/CTX/, path: page.html, expected: http://HOST:4502/CTX/page.html]" classname="org.apache.sling.testing.AbstractSlingClientGetUrlTest" time="0.001"/>
  <testcase name="testGetUrlWithParam[46 - serverUrl: http://HOST:4502/CTX/, path: my/page.html, expected: http://HOST:4502/CTX/my/page.html]" classname="org.apache.sling.testing.AbstractSlingClientGetUrlTest" time="0"/>
  <testcase name="testGetUrlWithParam[47 - serverUrl: http://HOST:4502/CTX/, path: my/, expected: http://HOST:4502/CTX/my/]" classname="org.apache.sling.testing.AbstractSlingClientGetUrlTest" time="0.001"/>
  <testcase name="testGetUrlWithParam[48 - serverUrl: http://HOST:4502/CTX/, path: my, expected: http://HOST:4502/CTX/my]" classname="org.apache.sling.testing.AbstractSlingClientGetUrlTest" time="0.004"/>
  <testcase name="testGetUrlWithParam[49 - serverUrl: http://HOST:4502/CTX/, path: , expected: http://HOST:4502/CTX/]" classname="org.apache.sling.testing.AbstractSlingClientGetUrlTest" time="0"/>
  <testcase name="testGetUrlWithParam[50 - serverUrl: http://HOST:4502/CTX/, path: http://www.google.com, expected: http://www.google.com]" classname="org.apache.sling.testing.AbstractSlingClientGetUrlTest" time="0"/>
  <testcase name="testGetUrlWithParam[51 - serverUrl: http://HOST:4502/CTX/, path: http://HOST:4502/CTX/my/page.html, expected: http://HOST:4502/CTX/my/page.html]" classname="org.apache.sling.testing.AbstractSlingClientGetUrlTest" time="0.001"/>
  <testcase name="testGetUrlWithParam[52 - serverUrl: http://HOST:4502/CTX/, path: !@*()&apos;~ #$%^&amp;{}[]|\&lt;&gt;?&quot;`, expected: http://host:4502/CTX/!@*()&apos;~%20%23$%25%5E&amp;%7B%7D%5B%5D%7C%5C%3C%3E%3F%22%60]" classname="org.apache.sling.testing.AbstractSlingClientGetUrlTest" time="0.001"/>
</testsuite>