<?xml version="1.0" encoding="UTF-8"?>
<testsuite xmlns:xsi="http://www.w3.org/2001/XMLSchema-instance" xsi:schemaLocation="https://maven.apache.org/surefire/maven-surefire-plugin/xsd/surefire-test-report.xsd" name="org.apache.sling.testing.AbstractSlingClientGetPathTest" time="0.921" tests="103" errors="0" skipped="0" failures="0">
  <properties>
    <property name="java.runtime.name" value="OpenJDK Runtime Environment"/>
    <property name="sun.boot.library.path" value="/usr/local/openjdk-8/jre/lib/amd64"/>
    <property name="java.vm.version" value="25.262-b10"/>
    <property name="animal.sniffer.skip" value="true"/>
    <property name="java.vm.vendor" value="Oracle Corporation"/>
    <property name="maven.multiModuleProjectDirectory" value="/tmp/tmpofabmr07/sling-org-apache-sling-testing-clients"/>
    <property name="maven.javadoc.skip" value="true"/>
    <property name="java.vendor.url" value="http://java.oracle.com/"/>
    <property name="path.separator" value=":"/>
    <property name="guice.disable.misplaced.annotation.check" value="true"/>
    <property name="java.vm.name" value="OpenJDK 64-Bit Server VM"/>
    <property name="file.encoding.pkg" value="sun.io"/>
    <property name="sun.java.launcher" value="SUN_STANDARD"/>
    <property name="sun.os.patch.level" value="unknown"/>
    <property name="source.skip" value="true"/>
    <property name="java.vm.specification.name" value="Java Virtual Machine Specification"/>
    <property name="user.dir" value="/tmp/tmpofabmr07/sling-org-apache-sling-testing-clients"/>
    <property name="java.runtime.version" value="1.8.0_262-b10"/>
    <property name="java.awt.graphicsenv" value="sun.awt.X11GraphicsEnvironment"/>
    <property name="java.endorsed.dirs" value="/usr/local/openjdk-8/jre/lib/endorsed"/>
    <property name="os.arch" value="amd64"/>
    <property name="java.io.tmpdir" value="/tmp"/>
    <property name="line.separator" value="&#10;"/>
    <property name="java.vm.specification.vendor" value="Oracle Corporation"/>
    <property name="os.name" value="Linux"/>
    <property name="classworlds.conf" value="/usr/share/maven/bin/m2.conf"/>
    <property name="sun.jnu.encoding" value="UTF-8"/>
    <property name="java.library.path" value="/usr/java/packages/lib/amd64:/usr/lib64:/lib64:/lib:/usr/lib"/>
    <property name="license.skip" value="true"/>
    <property name="maven.conf" value="/usr/share/maven/conf"/>
    <property name="java.specification.name" value="Java Platform API Specification"/>
    <property name="java.class.version" value="52.0"/>
    <property name="sun.management.compiler" value="HotSpot 64-Bit Tiered Compilers"/>
    <property name="maven.test.failure.ignore" value="true"/>
    <property name="os.version" value="4.15.0-109-generic"/>
    <property name="library.jansi.path" value="/usr/share/maven/lib/jansi-native"/>
    <property name="user.home" value="/home/jdbl"/>
    <property name="user.timezone" value="Etc/UTC"/>
    <property name="java.awt.printerjob" value="sun.print.PSPrinterJob"/>
    <property name="java.specification.version" value="1.8"/>
    <property name="file.encoding" value="UTF-8"/>
    <property name="user.name" value="jdbl"/>
    <property name="java.class.path" value="/usr/share/maven/boot/plexus-classworlds-2.6.0.jar"/>
    <property name="java.vm.specification.version" value="1.8"/>
    <property name="sun.arch.data.model" value="64"/>
    <property name="java.home" value="/usr/local/openjdk-8/jre"/>
    <property name="sun.java.command" value="org.codehaus.plexus.classworlds.launcher.Launcher test -e --fail-never -ntp -Dmaven.test.failure.ignore=true -B -Dmaven.javadoc.skip=true -Drat.skip=true -Danimal.sniffer.skip=true -Dmaven.javadoc.skip=true -Dlicense.skip=true -Dsource.skip=true"/>
    <property name="java.specification.vendor" value="Oracle Corporation"/>
    <property name="user.language" value="en"/>
    <property name="awt.toolkit" value="sun.awt.X11.XToolkit"/>
    <property name="java.vm.info" value="mixed mode"/>
    <property name="java.version" value="1.8.0_262"/>
    <property name="java.ext.dirs" value="/usr/local/openjdk-8/jre/lib/ext:/usr/java/packages/lib/ext"/>
    <property name="securerandom.source" value="file:/dev/./urandom"/>
    <property name="sun.boot.class.path" value="/usr/local/openjdk-8/jre/lib/resources.jar:/usr/local/openjdk-8/jre/lib/rt.jar:/usr/local/openjdk-8/jre/lib/sunrsasign.jar:/usr/local/openjdk-8/jre/lib/jsse.jar:/usr/local/openjdk-8/jre/lib/jce.jar:/usr/local/openjdk-8/jre/lib/charsets.jar:/usr/local/openjdk-8/jre/lib/jfr.jar:/usr/local/openjdk-8/jre/classes"/>
    <property name="java.vendor" value="Oracle Corporation"/>
    <property name="rat.skip" value="true"/>
    <property name="maven.home" value="/usr/share/maven"/>
    <property name="file.separator" value="/"/>
    <property name="java.vendor.url.bug" value="http://bugreport.sun.com/bugreport/"/>
    <property name="sun.cpu.endian" value="little"/>
    <property name="sun.io.unicode.encoding" value="UnicodeLittle"/>
    <property name="sun.cpu.isalist" value=""/>
  </properties>
  <testcase name="testGetPath[0 - serverUrl: http://HOST, input: http://HOST/page.html, expected: /page.html]" classname="org.apache.sling.testing.AbstractSlingClientGetPathTest" time="0.662"/>
  <testcase name="testGetPath[1 - serverUrl: http://HOST, input: http://HOST/my/page.html, expected: /my/page.html]" classname="org.apache.sling.testing.AbstractSlingClientGetPathTest" time="0.001"/>
  <testcase name="testGetPath[2 - serverUrl: http://HOST, input: http://HOST/my/, expected: /my/]" classname="org.apache.sling.testing.AbstractSlingClientGetPathTest" time="0.001"/>
  <testcase name="testGetPath[3 - serverUrl: http://HOST, input: http://HOST/my, expected: /my]" classname="org.apache.sling.testing.AbstractSlingClientGetPathTest" time="0.001"/>
  <testcase name="testGetPath[4 - serverUrl: http://HOST, input: http://HOST/, expected: /]" classname="org.apache.sling.testing.AbstractSlingClientGetPathTest" time="0.001"/>
  <testcase name="testGetPath[5 - serverUrl: http://HOST, input: http://HOST, expected: /]" classname="org.apache.sling.testing.AbstractSlingClientGetPathTest" time="0.002"/>
  <testcase name="testGetPath[6 - serverUrl: http://HOST, input: /page.html, expected: /page.html]" classname="org.apache.sling.testing.AbstractSlingClientGetPathTest" time="0.001"/>
  <testcase name="testGetPath[7 - serverUrl: http://HOST, input: /my/page.html, expected: /my/page.html]" classname="org.apache.sling.testing.AbstractSlingClientGetPathTest" time="0"/>
  <testcase name="testGetPath[8 - serverUrl: http://HOST, input: /my/, expected: /my/]" classname="org.apache.sling.testing.AbstractSlingClientGetPathTest" time="0"/>
  <testcase name="testGetPath[9 - serverUrl: http://HOST, input: /, expected: /]" classname="org.apache.sling.testing.AbstractSlingClientGetPathTest" time="0.001"/>
  <testcase name="testGetPath[10 - serverUrl: http://HOST, input: page.html, expected: /page.html]" classname="org.apache.sling.testing.AbstractSlingClientGetPathTest" time="0.001"/>
  <testcase name="testGetPath[11 - serverUrl: http://HOST, input: my/page.html, expected: /my/page.html]" classname="org.apache.sling.testing.AbstractSlingClientGetPathTest" time="0.001"/>
  <testcase name="testGetPath[12 - serverUrl: http://HOST, input: my, expected: /my]" classname="org.apache.sling.testing.AbstractSlingClientGetPathTest" time="0.004"/>
  <testcase name="testGetPath[13 - serverUrl: http://HOST, input: , expected: /]" classname="org.apache.sling.testing.AbstractSlingClientGetPathTest" time="0.001"/>
  <testcase name="testGetPath[14 - serverUrl: http://HOST:4502, input: http://HOST:4502/page.html, expected: /page.html]" classname="org.apache.sling.testing.AbstractSlingClientGetPathTest" time="0.001"/>
  <testcase name="testGetPath[15 - serverUrl: http://HOST:4502, input: http://HOST:4502/my/page.html, expected: /my/page.html]" classname="org.apache.sling.testing.AbstractSlingClientGetPathTest" time="0.001"/>
  <testcase name="testGetPath[16 - serverUrl: http://HOST:4502, input: http://HOST:4502/my/, expected: /my/]" classname="org.apache.sling.testing.AbstractSlingClientGetPathTest" time="0"/>
  <testcase name="testGetPath[17 - serverUrl: http://HOST:4502, input: http://HOST:4502/my, expected: /my]" classname="org.apache.sling.testing.AbstractSlingClientGetPathTest" time="0.001"/>
  <testcase name="testGetPath[18 - serverUrl: http://HOST:4502, input: http://HOST:4502/, expected: /]" classname="org.apache.sling.testing.AbstractSlingClientGetPathTest" time="0"/>
  <testcase name="testGetPath[19 - serverUrl: http://HOST:4502, input: http://HOST:4502, expected: /]" classname="org.apache.sling.testing.AbstractSlingClientGetPathTest" time="0.004"/>
  <testcase name="testGetPath[20 - serverUrl: http://HOST:4502, input: /page.html, expected: /page.html]" classname="org.apache.sling.testing.AbstractSlingClientGetPathTest" time="0"/>
  <testcase name="testGetPath[21 - serverUrl: http://HOST:4502, input: /my/page.html, expected: /my/page.html]" classname="org.apache.sling.testing.AbstractSlingClientGetPathTest" time="0.003"/>
  <testcase name="testGetPath[22 - serverUrl: http://HOST:4502, input: /my/, expected: /my/]" classname="org.apache.sling.testing.AbstractSlingClientGetPathTest" time="0.001"/>
  <testcase name="testGetPath[23 - serverUrl: http://HOST:4502, input: /my, expected: /my]" classname="org.apache.sling.testing.AbstractSlingClientGetPathTest" time="0.002"/>
  <testcase name="testGetPath[24 - serverUrl: http://HOST:4502, input: /, expected: /]" classname="org.apache.sling.testing.AbstractSlingClientGetPathTest" time="0.001"/>
  <testcase name="testGetPath[25 - serverUrl: http://HOST:4502, input: page.html, expected: /page.html]" classname="org.apache.sling.testing.AbstractSlingClientGetPathTest" time="0.001"/>
  <testcase name="testGetPath[26 - serverUrl: http://HOST:4502, input: my/page.html, expected: /my/page.html]" classname="org.apache.sling.testing.AbstractSlingClientGetPathTest" time="0.001"/>
  <testcase name="testGetPath[27 - serverUrl: http://HOST:4502, input: my/, expected: /my/]" classname="org.apache.sling.testing.AbstractSlingClientGetPathTest" time="0.002"/>
  <testcase name="testGetPath[28 - serverUrl: http://HOST:4502, input: my, expected: /my]" classname="org.apache.sling.testing.AbstractSlingClientGetPathTest" time="0"/>
  <testcase name="testGetPath[29 - serverUrl: http://HOST:4502, input: , expected: /]" classname="org.apache.sling.testing.AbstractSlingClientGetPathTest" time="0"/>
  <testcase name="testGetPath[30 - serverUrl: http://HOST:4502/, input: http://HOST:4502/page.html, expected: /page.html]" classname="org.apache.sling.testing.AbstractSlingClientGetPathTest" time="0"/>
  <testcase name="testGetPath[31 - serverUrl: http://HOST:4502/, input: http://HOST:4502/my/page.html, expected: /my/page.html]" classname="org.apache.sling.testing.AbstractSlingClientGetPathTest" time="0.004"/>
  <testcase name="testGetPath[32 - serverUrl: http://HOST:4502/, input: http://HOST:4502/my/, expected: /my/]" classname="org.apache.sling.testing.AbstractSlingClientGetPathTest" time="0"/>
  <testcase name="testGetPath[33 - serverUrl: http://HOST:4502/, input: http://HOST:4502/my, expected: /my]" classname="org.apache.sling.testing.AbstractSlingClientGetPathTest" time="0"/>
  <testcase name="testGetPath[34 - serverUrl: http://HOST:4502/, input: http://HOST:4502/, expected: /]" classname="org.apache.sling.testing.AbstractSlingClientGetPathTest" time="0.005"/>
  <testcase name="testGetPath[35 - serverUrl: http://HOST:4502/, input: http://HOST:4502, expected: /]" classname="org.apache.sling.testing.AbstractSlingClientGetPathTest" time="0"/>
  <testcase name="testGetPath[36 - serverUrl: http://HOST:4502/, input: /page.html, expected: /page.html]" classname="org.apache.sling.testing.AbstractSlingClientGetPathTest" time="0.001"/>
  <testcase name="testGetPath[37 - serverUrl: http://HOST:4502/, input: /my/page.html, expected: /my/page.html]" classname="org.apache.sling.testing.AbstractSlingClientGetPathTest" time="0.001"/>
  <testcase name="testGetPath[38 - serverUrl: http://HOST:4502/, input: /my/, expected: /my/]" classname="org.apache.sling.testing.AbstractSlingClientGetPathTest" time="0.001"/>
  <testcase name="testGetPath[39 - serverUrl: http://HOST:4502/, input: /my, expected: /my]" classname="org.apache.sling.testing.AbstractSlingClientGetPathTest" time="0.001"/>
  <testcase name="testGetPath[40 - serverUrl: http://HOST:4502/, input: /, expected: /]" classname="org.apache.sling.testing.AbstractSlingClientGetPathTest" time="0.001"/>
  <testcase name="testGetPath[41 - serverUrl: http://HOST:4502/, input: page.html, expected: /page.html]" classname="org.apache.sling.testing.AbstractSlingClientGetPathTest" time="0"/>
  <testcase name="testGetPath[42 - serverUrl: http://HOST:4502/, input: my/page.html, expected: /my/page.html]" classname="org.apache.sling.testing.AbstractSlingClientGetPathTest" time="0.001"/>
  <testcase name="testGetPath[43 - serverUrl: http://HOST:4502/, input: my/, expected: /my/]" classname="org.apache.sling.testing.AbstractSlingClientGetPathTest" time="0.003"/>
  <testcase name="testGetPath[44 - serverUrl: http://HOST:4502/, input: my, expected: /my]" classname="org.apache.sling.testing.AbstractSlingClientGetPathTest" time="0"/>
  <testcase name="testGetPath[45 - serverUrl: http://HOST:4502/, input: , expected: /]" classname="org.apache.sling.testing.AbstractSlingClientGetPathTest" time="0"/>
  <testcase name="testGetPath[46 - serverUrl: http://HOST:4502/CTX, input: http://HOST:4502/CTX/page.html, expected: /page.html]" classname="org.apache.sling.testing.AbstractSlingClientGetPathTest" time="0.001"/>
  <testcase name="testGetPath[47 - serverUrl: http://HOST:4502/CTX, input: http://HOST:4502/CTX/my/page.html, expected: /my/page.html]" classname="org.apache.sling.testing.AbstractSlingClientGetPathTest" time="0.001"/>
  <testcase name="testGetPath[48 - serverUrl: http://HOST:4502/CTX, input: http://HOST:4502/CTX/my/, expected: /my/]" classname="org.apache.sling.testing.AbstractSlingClientGetPathTest" time="0"/>
  <testcase name="testGetPath[49 - serverUrl: http://HOST:4502/CTX, input: http://HOST:4502/CTX/my, expected: /my]" classname="org.apache.sling.testing.AbstractSlingClientGetPathTest" time="0.001"/>
  <testcase name="testGetPath[50 - serverUrl: http://HOST:4502/CTX, input: http://HOST:4502/CTX/, expected: /]" classname="org.apache.sling.testing.AbstractSlingClientGetPathTest" time="0.001"/>
  <testcase name="testGetPath[51 - serverUrl: http://HOST:4502/CTX, input: http://HOST:4502/CTX, expected: /]" classname="org.apache.sling.testing.AbstractSlingClientGetPathTest" time="0.001"/>
  <testcase name="testGetPath[52 - serverUrl: http://HOST:4502/CTX, input: /CTX, expected: /]" classname="org.apache.sling.testing.AbstractSlingClientGetPathTest" time="0"/>
  <testcase name="testGetPath[53 - serverUrl: http://HOST:4502/CTX, input: /CTX/, expected: /]" classname="org.apache.sling.testing.AbstractSlingClientGetPathTest" time="0"/>
  <testcase name="testGetPath[54 - serverUrl: http://HOST:4502/CTX, input: /CTX/page.html, expected: /page.html]" classname="org.apache.sling.testing.AbstractSlingClientGetPathTest" time="0.001"/>
  <testcase name="testGetPath[55 - serverUrl: http://HOST:4502/CTX, input: /page.html, expected: /page.html]" classname="org.apache.sling.testing.AbstractSlingClientGetPathTest" time="0"/>
  <testcase name="testGetPath[56 - serverUrl: http://HOST:4502/CTX, input: /my/page.html, expected: /my/page.html]" classname="org.apache.sling.testing.AbstractSlingClientGetPathTest" time="0.005"/>
  <testcase name="testGetPath[57 - serverUrl: http://HOST:4502/CTX, input: /my/, expected: /my/]" classname="org.apache.sling.testing.AbstractSlingClientGetPathTest" time="0"/>
  <testcase name="testGetPath[58 - serverUrl: http://HOST:4502/CTX, input: /my, expected: /my]" classname="org.apache.sling.testing.AbstractSlingClientGetPathTest" time="0"/>
  <testcase name="testGetPath[59 - serverUrl: http://HOST:4502/CTX, input: /, expected: /]" classname="org.apache.sling.testing.AbstractSlingClientGetPathTest" time="0"/>
  <testcase name="testGetPath[60 - serverUrl: http://HOST:4502/CTX, input: CTX, expected: /]" classname="org.apache.sling.testing.AbstractSlingClientGetPathTest" time="0.001"/>
  <testcase name="testGetPath[61 - serverUrl: http://HOST:4502/CTX, input: CTX/, expected: /]" classname="org.apache.sling.testing.AbstractSlingClientGetPathTest" time="0"/>
  <testcase name="testGetPath[62 - serverUrl: http://HOST:4502/CTX, input: CTX/page.html, expected: /page.html]" classname="org.apache.sling.testing.AbstractSlingClientGetPathTest" time="0"/>
  <testcase name="testGetPath[63 - serverUrl: http://HOST:4502/CTX, input: page.html, expected: /page.html]" classname="org.apache.sling.testing.AbstractSlingClientGetPathTest" time="0.003"/>
  <testcase name="testGetPath[64 - serverUrl: http://HOST:4502/CTX, input: my/page.html, expected: /my/page.html]" classname="org.apache.sling.testing.AbstractSlingClientGetPathTest" time="0"/>
  <testcase name="testGetPath[65 - serverUrl: http://HOST:4502/CTX, input: my/, expected: /my/]" classname="org.apache.sling.testing.AbstractSlingClientGetPathTest" time="0"/>
  <testcase name="testGetPath[66 - serverUrl: http://HOST:4502/CTX, input: my, expected: /my]" classname="org.apache.sling.testing.AbstractSlingClientGetPathTest" time="0.001"/>
  <testcase name="testGetPath[67 - serverUrl: http://HOST:4502/CTX, input: , expected: /]" classname="org.apache.sling.testing.AbstractSlingClientGetPathTest" time="0"/>
  <testcase name="testGetPath[68 - serverUrl: http://HOST:4502/CTX/, input: http://HOST:4502/CTX/page.html, expected: /page.html]" classname="org.apache.sling.testing.AbstractSlingClientGetPathTest" time="0.001"/>
  <testcase name="testGetPath[69 - serverUrl: http://HOST:4502/CTX/, input: http://HOST:4502/CTX/my/page.html, expected: /my/page.html]" classname="org.apache.sling.testing.AbstractSlingClientGetPathTest" time="0.055"/>
  <testcase name="testGetPath[70 - serverUrl: http://HOST:4502/CTX/, input: http://HOST:4502/CTX/my/, expected: /my/]" classname="org.apache.sling.testing.AbstractSlingClientGetPathTest" time="0.001"/>
  <testcase name="testGetPath[71 - serverUrl: http://HOST:4502/CTX/, input: http://HOST:4502/CTX/my, expected: /my]" classname="org.apache.sling.testing.AbstractSlingClientGetPathTest" time="0"/>
  <testcase name="testGetPath[72 - serverUrl: http://HOST:4502/CTX/, input: http://HOST:4502/CTX/, expected: /]" classname="org.apache.sling.testing.AbstractSlingClientGetPathTest" time="0.001"/>
  <testcase name="testGetPath[73 - serverUrl: http://HOST:4502/CTX/, input: http://HOST:4502/CTX, expected: /]" classname="org.apache.sling.testing.AbstractSlingClientGetPathTest" time="0"/>
  <testcase name="testGetPath[74 - serverUrl: http://HOST:4502/CTX/, input: /CTX, expected: /]" classname="org.apache.sling.testing.AbstractSlingClientGetPathTest" time="0.001"/>
  <testcase name="testGetPath[75 - serverUrl: http://HOST:4502/CTX/, input: /CTX/, expected: /]" classname="org.apache.sling.testing.AbstractSlingClientGetPathTest" time="0"/>
  <testcase name="testGetPath[76 - serverUrl: http://HOST:4502/CTX/, input: /CTX/page.html, expected: /page.html]" classname="org.apache.sling.testing.AbstractSlingClientGetPathTest" time="0.001"/>
  <testcase name="testGetPath[77 - serverUrl: http://HOST:4502/CTX/, input: /page.html, expected: /page.html]" classname="org.apache.sling.testing.AbstractSlingClientGetPathTest" time="0"/>
  <testcase name="testGetPath[78 - serverUrl: http://HOST:4502/CTX/, input: /my/page.html, expected: /my/page.html]" classname="org.apache.sling.testing.AbstractSlingClientGetPathTest" time="0"/>
  <testcase name="testGetPath[79 - serverUrl: http://HOST:4502/CTX/, input: /my/, expected: /my/]" classname="org.apache.sling.testing.AbstractSlingClientGetPathTest" time="0.001"/>
  <testcase name="testGetPath[80 - serverUrl: http://HOST:4502/CTX/, input: /my, expected: /my]" classname="org.apache.sling.testing.AbstractSlingClientGetPathTest" time="0"/>
  <testcase name="testGetPath[81 - serverUrl: http://HOST:4502/CTX/, input: /, expected: /]" classname="org.apache.sling.testing.AbstractSlingClientGetPathTest" time="0.001"/>
  <testcase name="testGetPath[82 - serverUrl: http://HOST:4502/CTX/, input: CTX, expected: /]" classname="org.apache.sling.testing.AbstractSlingClientGetPathTest" time="0.001"/>
  <testcase name="testGetPath[83 - serverUrl: http://HOST:4502/CTX/, input: CTX/, expected: /]" classname="org.apache.sling.testing.AbstractSlingClientGetPathTest" time="0.001"/>
  <testcase name="testGetPath[84 - serverUrl: http://HOST:4502/CTX/, input: CTX/page.html, expected: /page.html]" classname="org.apache.sling.testing.AbstractSlingClientGetPathTest" time="0"/>
  <testcase name="testGetPath[85 - serverUrl: http://HOST:4502/CTX/, input: page.html, expected: /page.html]" classname="org.apache.sling.testing.AbstractSlingClientGetPathTest" time="0"/>
  <testcase name="testGetPath[86 - serverUrl: http://HOST:4502/CTX/, input: my/page.html, expected: /my/page.html]" classname="org.apache.sling.testing.AbstractSlingClientGetPathTest" time="0.001"/>
  <testcase name="testGetPath[87 - serverUrl: http://HOST:4502/CTX/, input: my/, expected: /my/]" classname="org.apache.sling.testing.AbstractSlingClientGetPathTest" time="0"/>
  <testcase name="testGetPath[88 - serverUrl: http://HOST:4502/CTX/, input: my, expected: /my]" classname="org.apache.sling.testing.AbstractSlingClientGetPathTest" time="0.001"/>
  <testcase name="testGetPath[89 - serverUrl: http://HOST:4502/CTX/, input: , expected: /]" classname="org.apache.sling.testing.AbstractSlingClientGetPathTest" time="0"/>
  <testcase name="testGetPath[90 - serverUrl: http://HOST:4502/CTX/, input: /CTX/?param=value, expected: /?param=value]" classname="org.apache.sling.testing.AbstractSlingClientGetPathTest" time="0.001"/>
  <testcase name="testGetPath[91 - serverUrl: http://HOST:4502/CTX/, input: /CTX/page.html?param=value, expected: /page.html?param=value]" classname="org.apache.sling.testing.AbstractSlingClientGetPathTest" time="0"/>
  <testcase name="testGetPath[92 - serverUrl: http://HOST:4502/CTX/, input: /page.html?param=value, expected: /page.html?param=value]" classname="org.apache.sling.testing.AbstractSlingClientGetPathTest" time="0"/>
  <testcase name="testGetPath[93 - serverUrl: http://HOST:4502/CTX/, input: /my/page.html?param=value, expected: /my/page.html?param=value]" classname="org.apache.sling.testing.AbstractSlingClientGetPathTest" time="0"/>
  <testcase name="testGetPath[94 - serverUrl: http://HOST:4502/CTX/, input: /my/?param=value, expected: /my/?param=value]" classname="org.apache.sling.testing.AbstractSlingClientGetPathTest" time="0"/>
  <testcase name="testGetPath[95 - serverUrl: http://HOST:4502/CTX/, input: /my?param=value, expected: /my?param=value]" classname="org.apache.sling.testing.AbstractSlingClientGetPathTest" time="0"/>
  <testcase name="testGetPath[96 - serverUrl: http://HOST:4502/CTX/, input: CTX/?param=value, expected: /?param=value]" classname="org.apache.sling.testing.AbstractSlingClientGetPathTest" time="0"/>
  <testcase name="testGetPath[97 - serverUrl: http://HOST:4502/CTX/, input: CTX/page.html?param=value, expected: /page.html?param=value]" classname="org.apache.sling.testing.AbstractSlingClientGetPathTest" time="0"/>
  <testcase name="testGetPath[98 - serverUrl: http://HOST:4502/CTX/, input: page.html?param=value, expected: /page.html?param=value]" classname="org.apache.sling.testing.AbstractSlingClientGetPathTest" time="0"/>
  <testcase name="testGetPath[99 - serverUrl: http://HOST:4502/CTX/, input: my/page.html?param=value, expected: /my/page.html?param=value]" classname="org.apache.sling.testing.AbstractSlingClientGetPathTest" time="0"/>
  <testcase name="testGetPath[100 - serverUrl: http://HOST:4502/CTX/, input: my/?param=value, expected: /my/?param=value]" classname="org.apache.sling.testing.AbstractSlingClientGetPathTest" time="0"/>
  <testcase name="testGetPath[101 - serverUrl: http://HOST:4502/CTX/, input: my?param=value, expected: /my?param=value]" classname="org.apache.sling.testing.AbstractSlingClientGetPathTest" time="0"/>
  <testcase name="testGetPath[102 - serverUrl: http://HOST:4502/CTX/, input: http://www.google.com, expected: http://www.google.com]" classname="org.apache.sling.testing.AbstractSlingClientGetPathTest" time="0.005"/>
</testsuite>