<?xml version="1.0" encoding="UTF-8" ?>
<testsuite tests="252" failures="0" name="net.sf.jsqlparser.test.select.SelectTest" time="0.178" errors="0" skipped="0">
  <properties>
    <property name="java.runtime.name" value="OpenJDK Runtime Environment"/>
    <property name="sun.boot.library.path" value="/usr/local/openjdk-8/jre/lib/amd64"/>
    <property name="java.vm.version" value="25.262-b10"/>
    <property name="animal.sniffer.skip" value="true"/>
    <property name="java.vm.vendor" value="Oracle Corporation"/>
    <property name="maven.multiModuleProjectDirectory" value="/tmp/tmpnzo1pvrk/JSqlParser"/>
    <property name="maven.javadoc.skip" value="true"/>
    <property name="java.vendor.url" value="http://java.oracle.com/"/>
    <property name="path.separator" value=":"/>
    <property name="guice.disable.misplaced.annotation.check" value="true"/>
    <property name="java.vm.name" value="OpenJDK 64-Bit Server VM"/>
    <property name="file.encoding.pkg" value="sun.io"/>
    <property name="sun.java.launcher" value="SUN_STANDARD"/>
    <property name="sun.os.patch.level" value="unknown"/>
    <property name="source.skip" value="true"/>
    <property name="java.vm.specification.name" value="Java Virtual Machine Specification"/>
    <property name="user.dir" value="/tmp/tmpnzo1pvrk/JSqlParser"/>
    <property name="java.runtime.version" value="1.8.0_262-b10"/>
    <property name="java.awt.graphicsenv" value="sun.awt.X11GraphicsEnvironment"/>
    <property name="java.endorsed.dirs" value="/usr/local/openjdk-8/jre/lib/endorsed"/>
    <property name="os.arch" value="amd64"/>
    <property name="java.io.tmpdir" value="/tmp"/>
    <property name="line.separator" value="
"/>
    <property name="java.vm.specification.vendor" value="Oracle Corporation"/>
    <property name="os.name" value="Linux"/>
    <property name="classworlds.conf" value="/usr/share/maven/bin/m2.conf"/>
    <property name="maven.test.error.ignore" value="true"/>
    <property name="sun.jnu.encoding" value="UTF-8"/>
    <property name="java.library.path" value="/usr/java/packages/lib/amd64:/usr/lib64:/lib64:/lib:/usr/lib"/>
    <property name="license.skip" value="true"/>
    <property name="maven.conf" value="/usr/share/maven/conf"/>
    <property name="java.specification.name" value="Java Platform API Specification"/>
    <property name="java.class.version" value="52.0"/>
    <property name="sun.management.compiler" value="HotSpot 64-Bit Tiered Compilers"/>
    <property name="maven.test.failure.ignore" value="true"/>
    <property name="os.version" value="4.15.0-109-generic"/>
    <property name="library.jansi.path" value="/usr/share/maven/lib/jansi-native"/>
    <property name="user.home" value="/home/jdbl"/>
    <property name="user.timezone" value="Etc/UTC"/>
    <property name="java.awt.printerjob" value="sun.print.PSPrinterJob"/>
    <property name="java.specification.version" value="1.8"/>
    <property name="file.encoding" value="UTF-8"/>
    <property name="user.name" value="jdbl"/>
    <property name="java.class.path" value="/usr/share/maven/boot/plexus-classworlds-2.6.0.jar"/>
    <property name="java.vm.specification.version" value="1.8"/>
    <property name="sun.arch.data.model" value="64"/>
    <property name="java.home" value="/usr/local/openjdk-8/jre"/>
    <property name="sun.java.command" value="org.codehaus.plexus.classworlds.launcher.Launcher package -e --fail-never -ntp -Dmaven.test.error.ignore=true -Dmaven.test.failure.ignore=true -B -Dmaven.javadoc.skip=true -Drat.skip=true -Danimal.sniffer.skip=true -Dmaven.javadoc.skip=true -Dlicense.skip=true -Dsource.skip=true"/>
    <property name="java.specification.vendor" value="Oracle Corporation"/>
    <property name="user.language" value="en"/>
    <property name="awt.toolkit" value="sun.awt.X11.XToolkit"/>
    <property name="java.vm.info" value="mixed mode"/>
    <property name="java.version" value="1.8.0_262"/>
    <property name="java.ext.dirs" value="/usr/local/openjdk-8/jre/lib/ext:/usr/java/packages/lib/ext"/>
    <property name="securerandom.source" value="file:/dev/./urandom"/>
    <property name="sun.boot.class.path" value="/usr/local/openjdk-8/jre/lib/resources.jar:/usr/local/openjdk-8/jre/lib/rt.jar:/usr/local/openjdk-8/jre/lib/sunrsasign.jar:/usr/local/openjdk-8/jre/lib/jsse.jar:/usr/local/openjdk-8/jre/lib/jce.jar:/usr/local/openjdk-8/jre/lib/charsets.jar:/usr/local/openjdk-8/jre/lib/jfr.jar:/usr/local/openjdk-8/jre/classes"/>
    <property name="java.vendor" value="Oracle Corporation"/>
    <property name="rat.skip" value="true"/>
    <property name="maven.home" value="/usr/share/maven"/>
    <property name="file.separator" value="/"/>
    <property name="java.vendor.url.bug" value="http://bugreport.sun.com/bugreport/"/>
    <property name="sun.cpu.endian" value="little"/>
    <property name="sun.io.unicode.encoding" value="UnicodeLittle"/>
    <property name="sun.cpu.isalist" value=""/>
  </properties>
  <testcase classname="net.sf.jsqlparser.test.select.SelectTest" name="testSelectAliasWithoutAs" time="0"/>
  <testcase classname="net.sf.jsqlparser.test.select.SelectTest" name="testAllConditionSubSelect" time="0.001"/>
  <testcase classname="net.sf.jsqlparser.test.select.SelectTest" name="testSimpleSigns" time="0"/>
  <testcase classname="net.sf.jsqlparser.test.select.SelectTest" name="testMultiValueIn2" time="0"/>
  <testcase classname="net.sf.jsqlparser.test.select.SelectTest" name="testSelectForUpdateOfTable" time="0.001"/>
  <testcase classname="net.sf.jsqlparser.test.select.SelectTest" name="testPostgreSQLRegExpCaseSensitiveMatch" time="0"/>
  <testcase classname="net.sf.jsqlparser.test.select.SelectTest" name="testTableFunctionWithNoParams" time="0"/>
  <testcase classname="net.sf.jsqlparser.test.select.SelectTest" name="testOracleJoin2" time="0"/>
  <testcase classname="net.sf.jsqlparser.test.select.SelectTest" name="testOracleJoin3" time="0"/>
  <testcase classname="net.sf.jsqlparser.test.select.SelectTest" name="testOracleJoin4" time="0.001"/>
  <testcase classname="net.sf.jsqlparser.test.select.SelectTest" name="testMultiPartTableNameWithSchemaName" time="0"/>
  <testcase classname="net.sf.jsqlparser.test.select.SelectTest" name="testSelectBrackets2" time="0"/>
  <testcase classname="net.sf.jsqlparser.test.select.SelectTest" name="testSelectBrackets3" time="0"/>
  <testcase classname="net.sf.jsqlparser.test.select.SelectTest" name="testSelectBrackets4" time="0.001"/>
  <testcase classname="net.sf.jsqlparser.test.select.SelectTest" name="testSimpleAdditionsAndSubtractionsWithSigns" time="0"/>
  <testcase classname="net.sf.jsqlparser.test.select.SelectTest" name="testSelectAliasInQuotes" time="0"/>
  <testcase classname="net.sf.jsqlparser.test.select.SelectTest" name="testIssue167_singleQuoteEscape" time="0"/>
  <testcase classname="net.sf.jsqlparser.test.select.SelectTest" name="testOrderBy" time="0.001"/>
  <testcase classname="net.sf.jsqlparser.test.select.SelectTest" name="testCastTypeProblem2" time="0"/>
  <testcase classname="net.sf.jsqlparser.test.select.SelectTest" name="testCastTypeProblem3" time="0"/>
  <testcase classname="net.sf.jsqlparser.test.select.SelectTest" name="testCastTypeProblem4" time="0"/>
  <testcase classname="net.sf.jsqlparser.test.select.SelectTest" name="testCastTypeProblem5" time="0"/>
  <testcase classname="net.sf.jsqlparser.test.select.SelectTest" name="testCastTypeProblem6" time="0"/>
  <testcase classname="net.sf.jsqlparser.test.select.SelectTest" name="testCastTypeProblem7" time="0"/>
  <testcase classname="net.sf.jsqlparser.test.select.SelectTest" name="testCastInCast" time="0"/>
  <testcase classname="net.sf.jsqlparser.test.select.SelectTest" name="testSkipFirst" time="0.001"/>
  <testcase classname="net.sf.jsqlparser.test.select.SelectTest" name="testMultiPartTableNameWithDatabaseNameAndSchemaName" time="0"/>
  <testcase classname="net.sf.jsqlparser.test.select.SelectTest" name="testSelectJoinWithComma" time="0"/>
  <testcase classname="net.sf.jsqlparser.test.select.SelectTest" name="testAdditionalLettersGerman" time="0.001"/>
  <testcase classname="net.sf.jsqlparser.test.select.SelectTest" name="testTop" time="0"/>
  <testcase classname="net.sf.jsqlparser.test.select.SelectTest" name="testWithUnionProblem" time="0.001"/>
  <testcase classname="net.sf.jsqlparser.test.select.SelectTest" name="testMysqlQuote" time="0"/>
  <testcase classname="net.sf.jsqlparser.test.select.SelectTest" name="testSelectInnerWith" time="0"/>
  <testcase classname="net.sf.jsqlparser.test.select.SelectTest" name="testReservedKeyword2" time="0"/>
  <testcase classname="net.sf.jsqlparser.test.select.SelectTest" name="testReservedKeyword3" time="0.001"/>
  <testcase classname="net.sf.jsqlparser.test.select.SelectTest" name="testFirst" time="0"/>
  <testcase classname="net.sf.jsqlparser.test.select.SelectTest" name="testIlike" time="0"/>
  <testcase classname="net.sf.jsqlparser.test.select.SelectTest" name="testIsNot" time="0"/>
  <testcase classname="net.sf.jsqlparser.test.select.SelectTest" name="testLimit" time="0.001"/>
  <testcase classname="net.sf.jsqlparser.test.select.SelectTest" name="testSigns" time="0.001"/>
  <testcase classname="net.sf.jsqlparser.test.select.SelectTest" name="testUnion" time="0"/>
  <testcase classname="net.sf.jsqlparser.test.select.SelectTest" name="testWhere" time="0.002"/>
  <testcase classname="net.sf.jsqlparser.test.select.SelectTest" name="testMultiPartColumnNameWithDatabaseName" time="0.001"/>
  <testcase classname="net.sf.jsqlparser.test.select.SelectTest" name="testRegexpLike1" time="0"/>
  <testcase classname="net.sf.jsqlparser.test.select.SelectTest" name="testRegexpLike2" time="0.001"/>
  <testcase classname="net.sf.jsqlparser.test.select.SelectTest" name="testRegexpMySQL" time="0.001"/>
  <testcase classname="net.sf.jsqlparser.test.select.SelectTest" name="testCase" time="0.002"/>
  <testcase classname="net.sf.jsqlparser.test.select.SelectTest" name="testCast" time="0.001"/>
  <testcase classname="net.sf.jsqlparser.test.select.SelectTest" name="testFrom" time="0"/>
  <testcase classname="net.sf.jsqlparser.test.select.SelectTest" name="testJoin" time="0.001"/>
  <testcase classname="net.sf.jsqlparser.test.select.SelectTest" name="testLike" time="0.001"/>
  <testcase classname="net.sf.jsqlparser.test.select.SelectTest" name="testSkip" time="0"/>
  <testcase classname="net.sf.jsqlparser.test.select.SelectTest" name="testTime" time="0.001"/>
  <testcase classname="net.sf.jsqlparser.test.select.SelectTest" name="testWith" time="0.001"/>
  <testcase classname="net.sf.jsqlparser.test.select.SelectTest" name="testIssue215_possibleEndlessParsing" time="0.043"/>
  <testcase classname="net.sf.jsqlparser.test.select.SelectTest" name="testJsonExpression" time="0.001"/>
  <testcase classname="net.sf.jsqlparser.test.select.SelectTest" name="testConcatProblem2_5_1" time="0"/>
  <testcase classname="net.sf.jsqlparser.test.select.SelectTest" name="testConcatProblem2_5_2" time="0"/>
  <testcase classname="net.sf.jsqlparser.test.select.SelectTest" name="testWeirdSelect" time="0.001"/>
  <testcase classname="net.sf.jsqlparser.test.select.SelectTest" name="testProblemSqlAnalytic8Complex" time="0"/>
  <testcase classname="net.sf.jsqlparser.test.select.SelectTest" name="testWithUnionAllProblem" time="0.001"/>
  <testcase classname="net.sf.jsqlparser.test.select.SelectTest" name="testOracleJoin2_1" time="0.001"/>
  <testcase classname="net.sf.jsqlparser.test.select.SelectTest" name="testOracleJoin2_2" time="0.001"/>
  <testcase classname="net.sf.jsqlparser.test.select.SelectTest" name="testOracleJoin3_1" time="0"/>
  <testcase classname="net.sf.jsqlparser.test.select.SelectTest" name="testAnyConditionSubSelect" time="0.001"/>
  <testcase classname="net.sf.jsqlparser.test.select.SelectTest" name="testIssue215_possibleEndlessParsing2" time="0"/>
  <testcase classname="net.sf.jsqlparser.test.select.SelectTest" name="testIssue215_possibleEndlessParsing3" time="0.023"/>
  <testcase classname="net.sf.jsqlparser.test.select.SelectTest" name="testIssue215_possibleEndlessParsing4" time="0"/>
  <testcase classname="net.sf.jsqlparser.test.select.SelectTest" name="testIssue215_possibleEndlessParsing5" time="0.002"/>
  <testcase classname="net.sf.jsqlparser.test.select.SelectTest" name="testIssue215_possibleEndlessParsing6" time="0.005"/>
  <testcase classname="net.sf.jsqlparser.test.select.SelectTest" name="testIssue215_possibleEndlessParsing7" time="0.012"/>
  <testcase classname="net.sf.jsqlparser.test.select.SelectTest" name="testPivotXml1" time="0.001"/>
  <testcase classname="net.sf.jsqlparser.test.select.SelectTest" name="testPivotXml2" time="0"/>
  <testcase classname="net.sf.jsqlparser.test.select.SelectTest" name="testPivotXml3" time="0"/>
  <testcase classname="net.sf.jsqlparser.test.select.SelectTest" name="testIssue162_doubleUserVar" time="0.001"/>
  <testcase classname="net.sf.jsqlparser.test.select.SelectTest" name="testSelectWithBrackets2" time="0"/>
  <testcase classname="net.sf.jsqlparser.test.select.SelectTest" name="testOrderByNullsFirst" time="0"/>
  <testcase classname="net.sf.jsqlparser.test.select.SelectTest" name="testMultiTableJoin" time="0"/>
  <testcase classname="net.sf.jsqlparser.test.select.SelectTest" name="testProblemSqlServer_Modulo_mod" time="0.001"/>
  <testcase classname="net.sf.jsqlparser.test.select.SelectTest" name="testProblemSqlAnalytic" time="0"/>
  <testcase classname="net.sf.jsqlparser.test.select.SelectTest" name="testIssue160_signedParameter2" time="0"/>
  <testcase classname="net.sf.jsqlparser.test.select.SelectTest" name="testAdditionalLettersSpanish" time="0.001"/>
  <testcase classname="net.sf.jsqlparser.test.select.SelectTest" name="testLateral1" time="0"/>
  <testcase classname="net.sf.jsqlparser.test.select.SelectTest" name="testIssue223_singleQuoteEscape" time="0"/>
  <testcase classname="net.sf.jsqlparser.test.select.SelectTest" name="testSelectNumericBind" time="0.001"/>
  <testcase classname="net.sf.jsqlparser.test.select.SelectTest" name="testRegexpBinaryMySQL" time="0"/>
  <testcase classname="net.sf.jsqlparser.test.select.SelectTest" name="testOracleHierarchicalQueryIssue196" time="0"/>
  <testcase classname="net.sf.jsqlparser.test.select.SelectTest" name="testLateralComplex1" time="0.001"/>
  <testcase classname="net.sf.jsqlparser.test.select.SelectTest" name="testMultiValueIn" time="0"/>
  <testcase classname="net.sf.jsqlparser.test.select.SelectTest" name="testProblemSqlIntersect" time="0.001"/>
  <testcase classname="net.sf.jsqlparser.test.select.SelectTest" name="testProblemFunction" time="0"/>
  <testcase classname="net.sf.jsqlparser.test.select.SelectTest" name="testBooleanValue2" time="0"/>
  <testcase classname="net.sf.jsqlparser.test.select.SelectTest" name="testConcatProblem2" time="0.002"/>
  <testcase classname="net.sf.jsqlparser.test.select.SelectTest" name="testBitwise" time="0"/>
  <testcase classname="net.sf.jsqlparser.test.select.SelectTest" name="testSelectInto1" time="0.001"/>
  <testcase classname="net.sf.jsqlparser.test.select.SelectTest" name="testSelectItems" time="0.001"/>
  <testcase classname="net.sf.jsqlparser.test.select.SelectTest" name="testSelectJoin2" time="0"/>
  <testcase classname="net.sf.jsqlparser.test.select.SelectTest" name="testBrackets2" time="0"/>
  <testcase classname="net.sf.jsqlparser.test.select.SelectTest" name="testProblemSqlServer_Modulo_Proz" time="0"/>
  <testcase classname="net.sf.jsqlparser.test.select.SelectTest" name="testFirstWithKeywordLimit" time="0"/>
  <testcase classname="net.sf.jsqlparser.test.select.SelectTest" name="testGroupConcat" time="0.001"/>
  <testcase classname="net.sf.jsqlparser.test.select.SelectTest" name="testWithRecursive" time="0.001"/>
  <testcase classname="net.sf.jsqlparser.test.select.SelectTest" name="testSelectKeepOver" time="0"/>
  <testcase classname="net.sf.jsqlparser.test.select.SelectTest" name="testFunctionRight" time="0.001"/>
  <testcase classname="net.sf.jsqlparser.test.select.SelectTest" name="testSelectBrackets" time="0"/>
  <testcase classname="net.sf.jsqlparser.test.select.SelectTest" name="testMultiPartColumnName" time="0"/>
  <testcase classname="net.sf.jsqlparser.test.select.SelectTest" name="testWithUnionProblem3" time="0.001"/>
  <testcase classname="net.sf.jsqlparser.test.select.SelectTest" name="testWithUnionProblem4" time="0.003"/>
  <testcase classname="net.sf.jsqlparser.test.select.SelectTest" name="testWithUnionProblem5" time="0.001"/>
  <testcase classname="net.sf.jsqlparser.test.select.SelectTest" name="testValues2" time="0.001"/>
  <testcase classname="net.sf.jsqlparser.test.select.SelectTest" name="testValues3" time="0"/>
  <testcase classname="net.sf.jsqlparser.test.select.SelectTest" name="testValues4" time="0"/>
  <testcase classname="net.sf.jsqlparser.test.select.SelectTest" name="testValues5" time="0.001"/>
  <testcase classname="net.sf.jsqlparser.test.select.SelectTest" name="testGroupBy" time="0"/>
  <testcase classname="net.sf.jsqlparser.test.select.SelectTest" name="testMultiPartColumnNameWithTableName" time="0"/>
  <testcase classname="net.sf.jsqlparser.test.select.SelectTest" name="testMultiPartTableNameWithDatabaseName" time="0.001"/>
  <testcase classname="net.sf.jsqlparser.test.select.SelectTest" name="testBooleanValue" time="0"/>
  <testcase classname="net.sf.jsqlparser.test.select.SelectTest" name="testTableFunctionWithParams" time="0"/>
  <testcase classname="net.sf.jsqlparser.test.select.SelectTest" name="testOperationsWithSigns" time="0.001"/>
  <testcase classname="net.sf.jsqlparser.test.select.SelectTest" name="testLimitSqlServer1" time="0"/>
  <testcase classname="net.sf.jsqlparser.test.select.SelectTest" name="testLimitSqlServer2" time="0"/>
  <testcase classname="net.sf.jsqlparser.test.select.SelectTest" name="testLimitSqlServer3" time="0"/>
  <testcase classname="net.sf.jsqlparser.test.select.SelectTest" name="testLimitSqlServer4" time="0"/>
  <testcase classname="net.sf.jsqlparser.test.select.SelectTest" name="testPivotFunction" time="0.001"/>
  <testcase classname="net.sf.jsqlparser.test.select.SelectTest" name="testMultiPartTableNameWithServerNameAndDatabaseName" time="0.001"/>
  <testcase classname="net.sf.jsqlparser.test.select.SelectTest" name="testConcatProblem2_1" time="0.001"/>
  <testcase classname="net.sf.jsqlparser.test.select.SelectTest" name="testConcatProblem2_2" time="0"/>
  <testcase classname="net.sf.jsqlparser.test.select.SelectTest" name="testConcatProblem2_3" time="0"/>
  <testcase classname="net.sf.jsqlparser.test.select.SelectTest" name="testConcatProblem2_4" time="0.001"/>
  <testcase classname="net.sf.jsqlparser.test.select.SelectTest" name="testConcatProblem2_5" time="0"/>
  <testcase classname="net.sf.jsqlparser.test.select.SelectTest" name="testConcatProblem2_6" time="0"/>
  <testcase classname="net.sf.jsqlparser.test.select.SelectTest" name="testMultiPartColumnNameWithDatabaseNameAndSchemaNameAndTableName" time="0"/>
  <testcase classname="net.sf.jsqlparser.test.select.SelectTest" name="testMultiPartColumnNameWithDatabaseNameAndTableName" time="0"/>
  <testcase classname="net.sf.jsqlparser.test.select.SelectTest" name="testMultiPartColumnNameWithSchemaName" time="0"/>
  <testcase classname="net.sf.jsqlparser.test.select.SelectTest" name="testIssue230_cascadeKeyword" time="0.001"/>
  <testcase classname="net.sf.jsqlparser.test.select.SelectTest" name="testReplaceAsFunction" time="0"/>
  <testcase classname="net.sf.jsqlparser.test.select.SelectTest" name="testSelectJPQLPositionalParameter" time="0.001"/>
  <testcase classname="net.sf.jsqlparser.test.select.SelectTest" name="testIssue217_keywordSeparator" time="0"/>
  <testcase classname="net.sf.jsqlparser.test.select.SelectTest" name="testSelectWithinGroup" time="0.001"/>
  <testcase classname="net.sf.jsqlparser.test.select.SelectTest" name="testNotEqualsTo" time="0"/>
  <testcase classname="net.sf.jsqlparser.test.select.SelectTest" name="testSelectForUpdate" time="0"/>
  <testcase classname="net.sf.jsqlparser.test.select.SelectTest" name="testMultiPartColumnNameWithDatabaseNameAndSchemaName" time="0.001"/>
  <testcase classname="net.sf.jsqlparser.test.select.SelectTest" name="testProblemSqlAnalytic10Lag" time="0"/>
  <testcase classname="net.sf.jsqlparser.test.select.SelectTest" name="testProblemSqlAnalytic11Lag" time="0"/>
  <testcase classname="net.sf.jsqlparser.test.select.SelectTest" name="testMatches" time="0.001"/>
  <testcase classname="net.sf.jsqlparser.test.select.SelectTest" name="testAnalyticFunctionProblem1" time="0"/>
  <testcase classname="net.sf.jsqlparser.test.select.SelectTest" name="testIssue77_singleQuoteEscape2" time="0"/>
  <testcase classname="net.sf.jsqlparser.test.select.SelectTest" name="testFunctions" time="0.001"/>
  <testcase classname="net.sf.jsqlparser.test.select.SelectTest" name="testOracleHintExpression" time="0"/>
  <testcase classname="net.sf.jsqlparser.test.select.SelectTest" name="testProblemFunction2" time="0"/>
  <testcase classname="net.sf.jsqlparser.test.select.SelectTest" name="testProblemFunction3" time="0"/>
  <testcase classname="net.sf.jsqlparser.test.select.SelectTest" name="testSelectOrderHaving" time="0"/>
  <testcase classname="net.sf.jsqlparser.test.select.SelectTest" name="testAnalyticFunction12" time="0"/>
  <testcase classname="net.sf.jsqlparser.test.select.SelectTest" name="testAnalyticFunction13" time="0"/>
  <testcase classname="net.sf.jsqlparser.test.select.SelectTest" name="testAnalyticFunction14" time="0"/>
  <testcase classname="net.sf.jsqlparser.test.select.SelectTest" name="testAnalyticFunction15" time="0"/>
  <testcase classname="net.sf.jsqlparser.test.select.SelectTest" name="testAnalyticFunction16" time="0"/>
  <testcase classname="net.sf.jsqlparser.test.select.SelectTest" name="testAnalyticFunction17" time="0"/>
  <testcase classname="net.sf.jsqlparser.test.select.SelectTest" name="testAnalyticFunction18" time="0.001"/>
  <testcase classname="net.sf.jsqlparser.test.select.SelectTest" name="testMultiPartTableNameWithServerNameAndDatabaseNameAndSchemaName" time="0.001"/>
  <testcase classname="net.sf.jsqlparser.test.select.SelectTest" name="testBrackets" time="0"/>
  <testcase classname="net.sf.jsqlparser.test.select.SelectTest" name="testWithStatement" time="0"/>
  <testcase classname="net.sf.jsqlparser.test.select.SelectTest" name="testIssue154_2" time="0"/>
  <testcase classname="net.sf.jsqlparser.test.select.SelectTest" name="testTimestamp" time="0.001"/>
  <testcase classname="net.sf.jsqlparser.test.select.SelectTest" name="testProblemSqlAnalytic5AggregateColumnValue" time="0"/>
  <testcase classname="net.sf.jsqlparser.test.select.SelectTest" name="testMultiPartTableNameWithColumnName" time="0"/>
  <testcase classname="net.sf.jsqlparser.test.select.SelectTest" name="testFunctionLeft" time="0"/>
  <testcase classname="net.sf.jsqlparser.test.select.SelectTest" name="testCharacterSetClause" time="0.001"/>
  <testcase classname="net.sf.jsqlparser.test.select.SelectTest" name="testComplexUnion1" time="0"/>
  <testcase classname="net.sf.jsqlparser.test.select.SelectTest" name="testProblemSqlAnalytic6AggregateColumnValue" time="0"/>
  <testcase classname="net.sf.jsqlparser.test.select.SelectTest" name="testDistinct" time="0"/>
  <testcase classname="net.sf.jsqlparser.test.select.SelectTest" name="testMultiPartColumnNameWithSchemaNameAndTableName" time="0"/>
  <testcase classname="net.sf.jsqlparser.test.select.SelectTest" name="testMultiPartTableNameWithServerName" time="0"/>
  <testcase classname="net.sf.jsqlparser.test.select.SelectTest" name="testProblemSqlAnalytic7Count" time="0"/>
  <testcase classname="net.sf.jsqlparser.test.select.SelectTest" name="testSelectFunction" time="0"/>
  <testcase classname="net.sf.jsqlparser.test.select.SelectTest" name="testIssue160_signedParameter" time="0.001"/>
  <testcase classname="net.sf.jsqlparser.test.select.SelectTest" name="testAllColumnsFromTable" time="0"/>
  <testcase classname="net.sf.jsqlparser.test.select.SelectTest" name="testTableFunctionWithAlias" time="0"/>
  <testcase classname="net.sf.jsqlparser.test.select.SelectTest" name="testProblemSqlCombinedSets" time="0"/>
  <testcase classname="net.sf.jsqlparser.test.select.SelectTest" name="testDistinctTop2" time="0.001"/>
  <testcase classname="net.sf.jsqlparser.test.select.SelectTest" name="testBetweenDate" time="0.006"/>
  <testcase classname="net.sf.jsqlparser.test.select.SelectTest" name="testInterval1" time="0"/>
  <testcase classname="net.sf.jsqlparser.test.select.SelectTest" name="testInterval2" time="0"/>
  <testcase classname="net.sf.jsqlparser.test.select.SelectTest" name="testInterval3" time="0"/>
  <testcase classname="net.sf.jsqlparser.test.select.SelectTest" name="testInterval4" time="0"/>
  <testcase classname="net.sf.jsqlparser.test.select.SelectTest" name="testConcat" time="0"/>
  <testcase classname="net.sf.jsqlparser.test.select.SelectTest" name="testCount2" time="0"/>
  <testcase classname="net.sf.jsqlparser.test.select.SelectTest" name="testSignedColumns" time="0"/>
  <testcase classname="net.sf.jsqlparser.test.select.SelectTest" name="testDouble" time="0"/>
  <testcase classname="net.sf.jsqlparser.test.select.SelectTest" name="testProblemSqlMinus" time="0"/>
  <testcase classname="net.sf.jsqlparser.test.select.SelectTest" name="testExists" time="0"/>
  <testcase classname="net.sf.jsqlparser.test.select.SelectTest" name="testMultiPartTableNameWithServerProblem" time="0"/>
  <testcase classname="net.sf.jsqlparser.test.select.SelectTest" name="testGroupByExpression" time="0"/>
  <testcase classname="net.sf.jsqlparser.test.select.SelectTest" name="testHaving" time="0"/>
  <testcase classname="net.sf.jsqlparser.test.select.SelectTest" name="testIssue154" time="0"/>
  <testcase classname="net.sf.jsqlparser.test.select.SelectTest" name="testDistinctTop" time="0"/>
  <testcase classname="net.sf.jsqlparser.test.select.SelectTest" name="testSelectUserVariable" time="0"/>
  <testcase classname="net.sf.jsqlparser.test.select.SelectTest" name="testIsNot2" time="0"/>
  <testcase classname="net.sf.jsqlparser.test.select.SelectTest" name="testDouble2" time="0"/>
  <testcase classname="net.sf.jsqlparser.test.select.SelectTest" name="testDouble3" time="0"/>
  <testcase classname="net.sf.jsqlparser.test.select.SelectTest" name="testDouble4" time="0"/>
  <testcase classname="net.sf.jsqlparser.test.select.SelectTest" name="testTopWithParenthesis" time="0"/>
  <testcase classname="net.sf.jsqlparser.test.select.SelectTest" name="testSelectOracleColl" time="0"/>
  <testcase classname="net.sf.jsqlparser.test.select.SelectTest" name="testOracleHint" time="0.004"/>
  <testcase classname="net.sf.jsqlparser.test.select.SelectTest" name="testOracleJoin" time="0"/>
  <testcase classname="net.sf.jsqlparser.test.select.SelectTest" name="testPostgreSQLRegExpCaseSensitiveMatch2" time="0.001"/>
  <testcase classname="net.sf.jsqlparser.test.select.SelectTest" name="testPostgreSQLRegExpCaseSensitiveMatch3" time="0"/>
  <testcase classname="net.sf.jsqlparser.test.select.SelectTest" name="testPostgreSQLRegExpCaseSensitiveMatch4" time="0"/>
  <testcase classname="net.sf.jsqlparser.test.select.SelectTest" name="testRowConstructor1" time="0.001"/>
  <testcase classname="net.sf.jsqlparser.test.select.SelectTest" name="testRowConstructor2" time="0"/>
  <testcase classname="net.sf.jsqlparser.test.select.SelectTest" name="testLimit2" time="0.002"/>
  <testcase classname="net.sf.jsqlparser.test.select.SelectTest" name="testTableCrossJoin" time="0"/>
  <testcase classname="net.sf.jsqlparser.test.select.SelectTest" name="testProblemSqlAnalytic2" time="0"/>
  <testcase classname="net.sf.jsqlparser.test.select.SelectTest" name="testProblemSqlAnalytic3" time="0"/>
  <testcase classname="net.sf.jsqlparser.test.select.SelectTest" name="testProblemSqlAnalytic9CommaListPartition" time="0"/>
  <testcase classname="net.sf.jsqlparser.test.select.SelectTest" name="testSelectWithoutFrom" time="0.001"/>
  <testcase classname="net.sf.jsqlparser.test.select.SelectTest" name="testOracleHierarchicalQuery" time="0"/>
  <testcase classname="net.sf.jsqlparser.test.select.SelectTest" name="testPivot1" time="0"/>
  <testcase classname="net.sf.jsqlparser.test.select.SelectTest" name="testPivot2" time="0"/>
  <testcase classname="net.sf.jsqlparser.test.select.SelectTest" name="testPivot3" time="0"/>
  <testcase classname="net.sf.jsqlparser.test.select.SelectTest" name="testPivot4" time="0"/>
  <testcase classname="net.sf.jsqlparser.test.select.SelectTest" name="testPivot5" time="0"/>
  <testcase classname="net.sf.jsqlparser.test.select.SelectTest" name="testSelectWithBrackets" time="0"/>
  <testcase classname="net.sf.jsqlparser.test.select.SelectTest" name="testAnalyticFunctionProblem1b" time="0"/>
  <testcase classname="net.sf.jsqlparser.test.select.SelectTest" name="testDeparser" time="0.001"/>
  <testcase classname="net.sf.jsqlparser.test.select.SelectTest" name="testPivotXmlSubquery1" time="0"/>
  <testcase classname="net.sf.jsqlparser.test.select.SelectTest" name="testIssue167_singleQuoteEscape2" time="0"/>
  <testcase classname="net.sf.jsqlparser.test.select.SelectTest" name="testOracleHierarchicalQuery2" time="0.001"/>
  <testcase classname="net.sf.jsqlparser.test.select.SelectTest" name="testOracleHierarchicalQuery3" time="0"/>
  <testcase classname="net.sf.jsqlparser.test.select.SelectTest" name="testOracleHierarchicalQuery4" time="0"/>
  <testcase classname="net.sf.jsqlparser.test.select.SelectTest" name="testExtractFrom1" time="0"/>
  <testcase classname="net.sf.jsqlparser.test.select.SelectTest" name="testExtractFrom2" time="0.001"/>
  <testcase classname="net.sf.jsqlparser.test.select.SelectTest" name="testExtractFrom3" time="0"/>
  <testcase classname="net.sf.jsqlparser.test.select.SelectTest" name="testExtractFrom4" time="0"/>
  <testcase classname="net.sf.jsqlparser.test.select.SelectTest" name="testProblemSqlAnalytic4EmptyOver" time="0"/>
  <testcase classname="net.sf.jsqlparser.test.select.SelectTest" name="testCastTypeProblem" time="0"/>
  <testcase classname="net.sf.jsqlparser.test.select.SelectTest" name="testSelectKeywordPercent" time="0.001"/>
  <testcase classname="net.sf.jsqlparser.test.select.SelectTest" name="testValues" time="0"/>
  <testcase classname="net.sf.jsqlparser.test.select.SelectTest" name="testValues6BothVariants" time="0"/>
  <testcase classname="net.sf.jsqlparser.test.select.SelectTest" name="testProblemSqlExcept" time="0.001"/>
  <testcase classname="net.sf.jsqlparser.test.select.SelectTest" name="testMultiPartTableNameWithServerNameAndSchemaName" time="0"/>
  <testcase classname="net.sf.jsqlparser.test.select.SelectTest" name="testProblemSqlServer_Modulo" time="0.001"/>
  <testcase classname="net.sf.jsqlparser.test.select.SelectTest" name="testReservedKeyword" time="0.001"/>
  <testcase classname="net.sf.jsqlparser.test.select.SelectTest" name="testLimitSqlServerJdbcParameters" time="0"/>
  <testcase classname="net.sf.jsqlparser.test.select.SelectTest" name="testSelectJoin" time="0.001"/>
  <testcase classname="net.sf.jsqlparser.test.select.SelectTest" name="testSelectKeep" time="0"/>
  <testcase classname="net.sf.jsqlparser.test.select.SelectTest" name="testCaseElseAddition" time="0"/>
  <testcase classname="net.sf.jsqlparser.test.select.SelectTest" name="testIssue151_tableFunction" time="0.001"/>
  <testcase classname="net.sf.jsqlparser.test.select.SelectTest" name="testNamedParameter2" time="0"/>
  <testcase classname="net.sf.jsqlparser.test.select.SelectTest" name="testBooleanFunction1" time="0"/>
  <testcase classname="net.sf.jsqlparser.test.select.SelectTest" name="testCastInCast2" time="0.001"/>
  <testcase classname="net.sf.jsqlparser.test.select.SelectTest" name="testNamedParameter" time="0"/>
</testsuite>