<?xml version="1.0" encoding="UTF-8"?>
<testsuite xmlns:xsi="http://www.w3.org/2001/XMLSchema-instance" xsi:schemaLocation="https://maven.apache.org/surefire/maven-surefire-plugin/xsd/surefire-test-report.xsd" name="com.dotweblabs.twirl.object.ObjectStoreTest" time="0.709" tests="42" errors="34" skipped="0" failures="0">
  <properties>
    <property name="java.runtime.name" value="OpenJDK Runtime Environment"/>
    <property name="sun.boot.library.path" value="/usr/local/openjdk-8/jre/lib/amd64"/>
    <property name="java.vm.version" value="25.262-b10"/>
    <property name="animal.sniffer.skip" value="true"/>
    <property name="java.vm.vendor" value="Oracle Corporation"/>
    <property name="maven.multiModuleProjectDirectory" value="/tmp/tmp0mlqukd2/twirl"/>
    <property name="maven.javadoc.skip" value="true"/>
    <property name="java.vendor.url" value="http://java.oracle.com/"/>
    <property name="path.separator" value=":"/>
    <property name="guice.disable.misplaced.annotation.check" value="true"/>
    <property name="java.vm.name" value="OpenJDK 64-Bit Server VM"/>
    <property name="file.encoding.pkg" value="sun.io"/>
    <property name="sun.java.launcher" value="SUN_STANDARD"/>
    <property name="sun.os.patch.level" value="unknown"/>
    <property name="source.skip" value="true"/>
    <property name="java.vm.specification.name" value="Java Virtual Machine Specification"/>
    <property name="user.dir" value="/tmp/tmp0mlqukd2/twirl"/>
    <property name="java.runtime.version" value="1.8.0_262-b10"/>
    <property name="java.awt.graphicsenv" value="sun.awt.X11GraphicsEnvironment"/>
    <property name="java.endorsed.dirs" value="/usr/local/openjdk-8/jre/lib/endorsed"/>
    <property name="os.arch" value="amd64"/>
    <property name="java.io.tmpdir" value="/tmp"/>
    <property name="line.separator" value="&#10;"/>
    <property name="java.vm.specification.vendor" value="Oracle Corporation"/>
    <property name="os.name" value="Linux"/>
    <property name="classworlds.conf" value="/usr/share/maven/bin/m2.conf"/>
    <property name="sun.jnu.encoding" value="UTF-8"/>
    <property name="java.library.path" value="/usr/java/packages/lib/amd64:/usr/lib64:/lib64:/lib:/usr/lib"/>
    <property name="license.skip" value="true"/>
    <property name="maven.conf" value="/usr/share/maven/conf"/>
    <property name="java.specification.name" value="Java Platform API Specification"/>
    <property name="java.class.version" value="52.0"/>
    <property name="sun.management.compiler" value="HotSpot 64-Bit Tiered Compilers"/>
    <property name="maven.test.failure.ignore" value="true"/>
    <property name="os.version" value="4.15.0-109-generic"/>
    <property name="library.jansi.path" value="/usr/share/maven/lib/jansi-native"/>
    <property name="user.home" value="/home/jdbl"/>
    <property name="user.timezone" value="Etc/UTC"/>
    <property name="java.awt.printerjob" value="sun.print.PSPrinterJob"/>
    <property name="java.specification.version" value="1.8"/>
    <property name="file.encoding" value="UTF-8"/>
    <property name="user.name" value="jdbl"/>
    <property name="java.class.path" value="/usr/share/maven/boot/plexus-classworlds-2.6.0.jar"/>
    <property name="java.vm.specification.version" value="1.8"/>
    <property name="sun.arch.data.model" value="64"/>
    <property name="java.home" value="/usr/local/openjdk-8/jre"/>
    <property name="sun.java.command" value="org.codehaus.plexus.classworlds.launcher.Launcher test -e --fail-never -ntp -Dmaven.test.failure.ignore=true -B -Dmaven.javadoc.skip=true -Drat.skip=true -Danimal.sniffer.skip=true -Dmaven.javadoc.skip=true -Dlicense.skip=true -Dsource.skip=true"/>
    <property name="java.specification.vendor" value="Oracle Corporation"/>
    <property name="user.language" value="en"/>
    <property name="awt.toolkit" value="sun.awt.X11.XToolkit"/>
    <property name="java.vm.info" value="mixed mode"/>
    <property name="java.version" value="1.8.0_262"/>
    <property name="java.ext.dirs" value="/usr/local/openjdk-8/jre/lib/ext:/usr/java/packages/lib/ext"/>
    <property name="securerandom.source" value="file:/dev/./urandom"/>
    <property name="sun.boot.class.path" value="/usr/local/openjdk-8/jre/lib/resources.jar:/usr/local/openjdk-8/jre/lib/rt.jar:/usr/local/openjdk-8/jre/lib/sunrsasign.jar:/usr/local/openjdk-8/jre/lib/jsse.jar:/usr/local/openjdk-8/jre/lib/jce.jar:/usr/local/openjdk-8/jre/lib/charsets.jar:/usr/local/openjdk-8/jre/lib/jfr.jar:/usr/local/openjdk-8/jre/classes"/>
    <property name="java.vendor" value="Oracle Corporation"/>
    <property name="rat.skip" value="true"/>
    <property name="maven.home" value="/usr/share/maven"/>
    <property name="file.separator" value="/"/>
    <property name="java.vendor.url.bug" value="http://bugreport.sun.com/bugreport/"/>
    <property name="sun.cpu.endian" value="little"/>
    <property name="sun.io.unicode.encoding" value="UnicodeLittle"/>
    <property name="sun.cpu.isalist" value=""/>
  </properties>
  <testcase name="testGetByKey" classname="com.dotweblabs.twirl.object.ObjectStoreTest" time="0.01">
    <error message="POJO&apos;s must be annotated with @Embedded, @Parent or @Child annotations for field $jacocoData" type="java.lang.RuntimeException">java.lang.RuntimeException: POJO's must be annotated with @Embedded, @Parent or @Child annotations for field $jacocoData
	at com.dotweblabs.twirl.object.ObjectStoreTest.testGetByKey(ObjectStoreTest.java:431)
</error>
    <system-out><![CDATA[DEBUG GaeObjectStore - Create a new DatastoreService instance
]]></system-out>
    <system-err><![CDATA[Jul 30, 2020 10:21:20 PM com.google.appengine.api.datastore.dev.LocalDatastoreService init
INFO: Local Datastore initialized: 
	Type: High Replication
	Storage: In-memory
]]></system-err>
  </testcase>
  <testcase name="testPut_noIdwithParentKeyAncestor" classname="com.dotweblabs.twirl.object.ObjectStoreTest" time="0.006">
    <error message="POJO&apos;s must be annotated with @Embedded, @Parent or @Child annotations for field $jacocoData" type="java.lang.RuntimeException">java.lang.RuntimeException: POJO's must be annotated with @Embedded, @Parent or @Child annotations for field $jacocoData
	at com.dotweblabs.twirl.object.ObjectStoreTest.testPut_noIdwithParentKeyAncestor(ObjectStoreTest.java:244)
</error>
    <system-out><![CDATA[DEBUG GaeObjectStore - Create a new DatastoreService instance
]]></system-out>
    <system-err><![CDATA[Jul 30, 2020 10:21:20 PM com.google.appengine.api.datastore.dev.LocalDatastoreService init
INFO: Local Datastore initialized: 
	Type: High Replication
	Storage: In-memory
]]></system-err>
  </testcase>
  <testcase name="testPut_objectId" classname="com.dotweblabs.twirl.object.ObjectStoreTest" time="0.016">
    <error message="POJO&apos;s must be annotated with @Embedded, @Parent or @Child annotations for field $jacocoData" type="java.lang.RuntimeException">java.lang.RuntimeException: POJO's must be annotated with @Embedded, @Parent or @Child annotations for field $jacocoData
	at com.dotweblabs.twirl.object.ObjectStoreTest.testPut_objectId(ObjectStoreTest.java:280)
</error>
    <system-out><![CDATA[DEBUG GaeObjectStore - Create a new DatastoreService instance
]]></system-out>
    <system-err><![CDATA[Jul 30, 2020 10:21:20 PM com.google.appengine.api.datastore.dev.LocalDatastoreService init
INFO: Local Datastore initialized: 
	Type: High Replication
	Storage: In-memory
]]></system-err>
  </testcase>
  <testcase name="testPut_map" classname="com.dotweblabs.twirl.object.ObjectStoreTest" time="0.005"/>
  <testcase name="testPut_innerMap" classname="com.dotweblabs.twirl.object.ObjectStoreTest" time="0.006"/>
  <testcase name="testPut_map_noKey" classname="com.dotweblabs.twirl.object.ObjectStoreTest" time="0.013"/>
  <testcase name="testPut_map_noKeyNoKind" classname="com.dotweblabs.twirl.object.ObjectStoreTest" time="0.006"/>
  <testcase name="testPut_map_getAsPOJO" classname="com.dotweblabs.twirl.object.ObjectStoreTest" time="0.091"/>
  <testcase name="testPut_cached" classname="com.dotweblabs.twirl.object.ObjectStoreTest" time="0.003">
    <error message="POJO&apos;s must be annotated with @Embedded, @Parent or @Child annotations for field $jacocoData" type="java.lang.RuntimeException">java.lang.RuntimeException: POJO's must be annotated with @Embedded, @Parent or @Child annotations for field $jacocoData
	at com.dotweblabs.twirl.object.ObjectStoreTest.testPut_cached(ObjectStoreTest.java:368)
</error>
    <system-out><![CDATA[DEBUG GaeObjectStore - Create a new DatastoreService instance
]]></system-out>
    <system-err><![CDATA[Jul 30, 2020 10:21:21 PM com.google.appengine.api.datastore.dev.LocalDatastoreService init
INFO: Local Datastore initialized: 
	Type: High Replication
	Storage: In-memory
]]></system-err>
  </testcase>
  <testcase name="testPut_long_String" classname="com.dotweblabs.twirl.object.ObjectStoreTest" time="0.011">
    <error message="POJO&apos;s must be annotated with @Embedded, @Parent or @Child annotations for field $jacocoData" type="java.lang.RuntimeException">java.lang.RuntimeException: POJO's must be annotated with @Embedded, @Parent or @Child annotations for field $jacocoData
	at com.dotweblabs.twirl.object.ObjectStoreTest.testPut_long_String(ObjectStoreTest.java:382)
</error>
    <system-out><![CDATA[DEBUG GaeObjectStore - Create a new DatastoreService instance
]]></system-out>
    <system-err><![CDATA[Jul 30, 2020 10:21:21 PM com.google.appengine.api.datastore.dev.LocalDatastoreService init
INFO: Local Datastore initialized: 
	Type: High Replication
	Storage: In-memory
]]></system-err>
  </testcase>
  <testcase name="testPut_entityWithBytes" classname="com.dotweblabs.twirl.object.ObjectStoreTest" time="0.011">
    <error message="POJO&apos;s must be annotated with @Embedded, @Parent or @Child annotations for field $jacocoData" type="java.lang.RuntimeException">java.lang.RuntimeException: POJO's must be annotated with @Embedded, @Parent or @Child annotations for field $jacocoData
	at com.dotweblabs.twirl.object.ObjectStoreTest.testPut_entityWithBytes(ObjectStoreTest.java:394)
</error>
    <system-out><![CDATA[DEBUG GaeObjectStore - Create a new DatastoreService instance
]]></system-out>
    <system-err><![CDATA[Jul 30, 2020 10:21:21 PM com.google.appengine.api.datastore.dev.LocalDatastoreService init
INFO: Local Datastore initialized: 
	Type: High Replication
	Storage: In-memory
]]></system-err>
  </testcase>
  <testcase name="testPut_child" classname="com.dotweblabs.twirl.object.ObjectStoreTest" time="0.006">
    <error message="POJO&apos;s must be annotated with @Embedded, @Parent or @Child annotations for field $jacocoData" type="java.lang.RuntimeException">java.lang.RuntimeException: POJO's must be annotated with @Embedded, @Parent or @Child annotations for field $jacocoData
	at com.dotweblabs.twirl.object.ObjectStoreTest.testPut_child(ObjectStoreTest.java:134)
</error>
    <system-out><![CDATA[DEBUG GaeObjectStore - Create a new DatastoreService instance
]]></system-out>
    <system-err><![CDATA[Jul 30, 2020 10:21:21 PM com.google.appengine.api.datastore.dev.LocalDatastoreService init
INFO: Local Datastore initialized: 
	Type: High Replication
	Storage: In-memory
]]></system-err>
  </testcase>
  <testcase name="testPutParentInTranscation" classname="com.dotweblabs.twirl.object.ObjectStoreTest" time="0.025">
    <error message="key cannot be null" type="java.lang.NullPointerException">java.lang.NullPointerException: key cannot be null
	at com.dotweblabs.twirl.object.ObjectStoreTest.testPutParentInTranscation(ObjectStoreTest.java:201)
</error>
    <system-out><![CDATA[DEBUG GaeObjectStore - Create a new DatastoreService instance
]]></system-out>
    <system-err><![CDATA[Jul 30, 2020 10:21:21 PM com.google.appengine.api.datastore.dev.LocalDatastoreService init
INFO: Local Datastore initialized: 
	Type: High Replication
	Storage: In-memory
java.lang.RuntimeException: POJO's must be annotated with @Embedded, @Parent or @Child annotations for field $jacocoData
	at com.dotweblabs.twirl.gae.GaeMarshaller.marshall(GaeMarshaller.java:321)
	at com.dotweblabs.twirl.gae.GaeMarshaller.marshall(GaeMarshaller.java:314)
	at com.dotweblabs.twirl.GaeObjectStore.marshall(GaeObjectStore.java:540)
	at com.dotweblabs.twirl.GaeObjectStore.put(GaeObjectStore.java:433)
	at com.dotweblabs.twirl.GaeObjectStore.putInTransaction(GaeObjectStore.java:479)
	at com.dotweblabs.twirl.object.ObjectStoreTest.testPutParentInTranscation(ObjectStoreTest.java:199)
	at sun.reflect.NativeMethodAccessorImpl.invoke0(Native Method)
	at sun.reflect.NativeMethodAccessorImpl.invoke(NativeMethodAccessorImpl.java:62)
	at sun.reflect.DelegatingMethodAccessorImpl.invoke(DelegatingMethodAccessorImpl.java:43)
	at java.lang.reflect.Method.invoke(Method.java:498)
	at org.junit.runners.model.FrameworkMethod$1.runReflectiveCall(FrameworkMethod.java:45)
	at org.junit.internal.runners.model.ReflectiveCallable.run(ReflectiveCallable.java:15)
	at org.junit.runners.model.FrameworkMethod.invokeExplosively(FrameworkMethod.java:42)
	at org.junit.internal.runners.statements.InvokeMethod.evaluate(InvokeMethod.java:20)
	at org.junit.internal.runners.statements.RunBefores.evaluate(RunBefores.java:28)
	at org.junit.internal.runners.statements.RunAfters.evaluate(RunAfters.java:30)
	at org.junit.rules.ExpectedException$ExpectedExceptionStatement.evaluate(ExpectedException.java:110)
	at org.junit.rules.RunRules.evaluate(RunRules.java:18)
	at org.junit.runners.ParentRunner.runLeaf(ParentRunner.java:263)
	at org.junit.runners.BlockJUnit4ClassRunner.runChild(BlockJUnit4ClassRunner.java:68)
	at org.junit.runners.BlockJUnit4ClassRunner.runChild(BlockJUnit4ClassRunner.java:47)
	at org.junit.runners.ParentRunner$3.run(ParentRunner.java:231)
	at org.junit.runners.ParentRunner$1.schedule(ParentRunner.java:60)
	at org.junit.runners.ParentRunner.runChildren(ParentRunner.java:229)
	at org.junit.runners.ParentRunner.access$000(ParentRunner.java:50)
	at org.junit.runners.ParentRunner$2.evaluate(ParentRunner.java:222)
	at org.junit.runners.ParentRunner.run(ParentRunner.java:300)
	at org.apache.maven.surefire.junit4.JUnit4Provider.execute(JUnit4Provider.java:367)
	at org.apache.maven.surefire.junit4.JUnit4Provider.executeWithRerun(JUnit4Provider.java:274)
	at org.apache.maven.surefire.junit4.JUnit4Provider.executeTestSet(JUnit4Provider.java:238)
	at org.apache.maven.surefire.junit4.JUnit4Provider.invoke(JUnit4Provider.java:161)
	at org.apache.maven.surefire.booter.ForkedBooter.invokeProviderInSameClassLoader(ForkedBooter.java:290)
	at org.apache.maven.surefire.booter.ForkedBooter.runSuitesInProcess(ForkedBooter.java:242)
	at org.apache.maven.surefire.booter.ForkedBooter.main(ForkedBooter.java:121)
]]></system-err>
  </testcase>
  <testcase name="testPut_aliasedField" classname="com.dotweblabs.twirl.object.ObjectStoreTest" time="0.004">
    <error message="POJO&apos;s must be annotated with @Embedded, @Parent or @Child annotations for field $jacocoData" type="java.lang.RuntimeException">java.lang.RuntimeException: POJO's must be annotated with @Embedded, @Parent or @Child annotations for field $jacocoData
	at com.dotweblabs.twirl.object.ObjectStoreTest.testPut_aliasedField(ObjectStoreTest.java:108)
</error>
    <system-out><![CDATA[DEBUG GaeObjectStore - Create a new DatastoreService instance
]]></system-out>
    <system-err><![CDATA[Jul 30, 2020 10:21:21 PM com.google.appengine.api.datastore.dev.LocalDatastoreService init
INFO: Local Datastore initialized: 
	Type: High Replication
	Storage: In-memory
]]></system-err>
  </testcase>
  <testcase name="testPut_withEnumField" classname="com.dotweblabs.twirl.object.ObjectStoreTest" time="0.009">
    <error message="POJO&apos;s must be annotated with @Embedded, @Parent or @Child annotations for field $jacocoData" type="java.lang.RuntimeException">java.lang.RuntimeException: POJO's must be annotated with @Embedded, @Parent or @Child annotations for field $jacocoData
	at com.dotweblabs.twirl.object.ObjectStoreTest.testPut_withEnumField(ObjectStoreTest.java:99)
</error>
    <system-out><![CDATA[DEBUG GaeObjectStore - Create a new DatastoreService instance
INFO  GaeMarshaller - Enum marshalled as "ONE"
]]></system-out>
    <system-err><![CDATA[Jul 30, 2020 10:21:21 PM com.google.appengine.api.datastore.dev.LocalDatastoreService init
INFO: Local Datastore initialized: 
	Type: High Replication
	Storage: In-memory
]]></system-err>
  </testcase>
  <testcase name="testPut_noIdGiven" classname="com.dotweblabs.twirl.object.ObjectStoreTest" time="0.01">
    <error message="POJO&apos;s must be annotated with @Embedded, @Parent or @Child annotations for field $jacocoData" type="java.lang.RuntimeException">java.lang.RuntimeException: POJO's must be annotated with @Embedded, @Parent or @Child annotations for field $jacocoData
	at com.dotweblabs.twirl.object.ObjectStoreTest.testPut_noIdGiven(ObjectStoreTest.java:70)
</error>
    <system-out><![CDATA[DEBUG GaeObjectStore - Create a new DatastoreService instance
]]></system-out>
    <system-err><![CDATA[Jul 30, 2020 10:21:21 PM com.google.appengine.api.datastore.dev.LocalDatastoreService init
INFO: Local Datastore initialized: 
	Type: High Replication
	Storage: In-memory
]]></system-err>
  </testcase>
  <testcase name="testPut_aliasedField_NULL_reference" classname="com.dotweblabs.twirl.object.ObjectStoreTest" time="0.004">
    <error message="POJO&apos;s must be annotated with @Embedded, @Parent or @Child annotations for field $jacocoData" type="java.lang.RuntimeException">java.lang.RuntimeException: POJO's must be annotated with @Embedded, @Parent or @Child annotations for field $jacocoData
	at com.dotweblabs.twirl.object.ObjectStoreTest.testPut_aliasedField_NULL_reference(ObjectStoreTest.java:118)
</error>
    <system-out><![CDATA[DEBUG GaeObjectStore - Create a new DatastoreService instance
]]></system-out>
    <system-err><![CDATA[Jul 30, 2020 10:21:21 PM com.google.appengine.api.datastore.dev.LocalDatastoreService init
INFO: Local Datastore initialized: 
	Type: High Replication
	Storage: In-memory
]]></system-err>
  </testcase>
  <testcase name="testPut_parent" classname="com.dotweblabs.twirl.object.ObjectStoreTest" time="0.003">
    <error message="POJO&apos;s must be annotated with @Embedded, @Parent or @Child annotations for field $jacocoData" type="java.lang.RuntimeException">java.lang.RuntimeException: POJO's must be annotated with @Embedded, @Parent or @Child annotations for field $jacocoData
	at com.dotweblabs.twirl.object.ObjectStoreTest.testPut_parent(ObjectStoreTest.java:154)
</error>
    <system-out><![CDATA[DEBUG GaeObjectStore - Create a new DatastoreService instance
]]></system-out>
    <system-err><![CDATA[Jul 30, 2020 10:21:21 PM com.google.appengine.api.datastore.dev.LocalDatastoreService init
INFO: Local Datastore initialized: 
	Type: High Replication
	Storage: In-memory
]]></system-err>
  </testcase>
  <testcase name="testPut_noIdwithParentKey" classname="com.dotweblabs.twirl.object.ObjectStoreTest" time="0.006">
    <error message="POJO&apos;s must be annotated with @Embedded, @Parent or @Child annotations for field $jacocoData" type="java.lang.RuntimeException">java.lang.RuntimeException: POJO's must be annotated with @Embedded, @Parent or @Child annotations for field $jacocoData
	at com.dotweblabs.twirl.object.ObjectStoreTest.testPut_noIdwithParentKey(ObjectStoreTest.java:230)
</error>
    <system-out><![CDATA[DEBUG GaeObjectStore - Create a new DatastoreService instance
]]></system-out>
    <system-err><![CDATA[Jul 30, 2020 10:21:21 PM com.google.appengine.api.datastore.dev.LocalDatastoreService init
INFO: Local Datastore initialized: 
	Type: High Replication
	Storage: In-memory
]]></system-err>
  </testcase>
  <testcase name="testPut_notRegistered" classname="com.dotweblabs.twirl.object.ObjectStoreTest" time="0.001">
    <error message="POJO&apos;s must be annotated with @Embedded, @Parent or @Child annotations for field $jacocoData" type="java.lang.RuntimeException">java.lang.RuntimeException: POJO's must be annotated with @Embedded, @Parent or @Child annotations for field $jacocoData
	at com.dotweblabs.twirl.object.ObjectStoreTest.testPut_notRegistered(ObjectStoreTest.java:89)
</error>
    <system-out><![CDATA[DEBUG GaeObjectStore - Create a new DatastoreService instance
]]></system-out>
    <system-err><![CDATA[Jul 30, 2020 10:21:21 PM com.google.appengine.api.datastore.dev.LocalDatastoreService init
INFO: Local Datastore initialized: 
	Type: High Replication
	Storage: In-memory
]]></system-err>
  </testcase>
  <testcase name="testGetById" classname="com.dotweblabs.twirl.object.ObjectStoreTest" time="0">
    <error message="POJO&apos;s must be annotated with @Embedded, @Parent or @Child annotations for field $jacocoData" type="java.lang.RuntimeException">java.lang.RuntimeException: POJO's must be annotated with @Embedded, @Parent or @Child annotations for field $jacocoData
	at com.dotweblabs.twirl.object.ObjectStoreTest.testGetById(ObjectStoreTest.java:551)
</error>
    <system-out><![CDATA[DEBUG GaeObjectStore - Create a new DatastoreService instance
]]></system-out>
    <system-err><![CDATA[Jul 30, 2020 10:21:21 PM com.google.appengine.api.datastore.dev.LocalDatastoreService init
INFO: Local Datastore initialized: 
	Type: High Replication
	Storage: In-memory
]]></system-err>
  </testcase>
  <testcase name="testDelete" classname="com.dotweblabs.twirl.object.ObjectStoreTest" time="0.013">
    <error message="POJO&apos;s must be annotated with @Embedded, @Parent or @Child annotations for field $jacocoData" type="java.lang.RuntimeException">java.lang.RuntimeException: POJO's must be annotated with @Embedded, @Parent or @Child annotations for field $jacocoData
	at com.dotweblabs.twirl.object.ObjectStoreTest.testDelete(ObjectStoreTest.java:581)
</error>
    <system-out><![CDATA[DEBUG GaeObjectStore - Create a new DatastoreService instance
]]></system-out>
    <system-err><![CDATA[Jul 30, 2020 10:21:21 PM com.google.appengine.api.datastore.dev.LocalDatastoreService init
INFO: Local Datastore initialized: 
	Type: High Replication
	Storage: In-memory
]]></system-err>
  </testcase>
  <testcase name="testFind" classname="com.dotweblabs.twirl.object.ObjectStoreTest" time="0.001">
    <error message="POJO&apos;s must be annotated with @Embedded, @Parent or @Child annotations for field $jacocoData" type="java.lang.RuntimeException">java.lang.RuntimeException: POJO's must be annotated with @Embedded, @Parent or @Child annotations for field $jacocoData
	at com.dotweblabs.twirl.object.ObjectStoreTest.testFind(ObjectStoreTest.java:606)
</error>
    <system-out><![CDATA[DEBUG GaeObjectStore - Create a new DatastoreService instance
]]></system-out>
    <system-err><![CDATA[Jul 30, 2020 10:21:21 PM com.google.appengine.api.datastore.dev.LocalDatastoreService init
INFO: Local Datastore initialized: 
	Type: High Replication
	Storage: In-memory
]]></system-err>
  </testcase>
  <testcase name="testFindOne" classname="com.dotweblabs.twirl.object.ObjectStoreTest" time="0.002"/>
  <testcase name="testUpdate" classname="com.dotweblabs.twirl.object.ObjectStoreTest" time="0.002">
    <error message="POJO&apos;s must be annotated with @Embedded, @Parent or @Child annotations for field $jacocoData" type="java.lang.RuntimeException">java.lang.RuntimeException: POJO's must be annotated with @Embedded, @Parent or @Child annotations for field $jacocoData
	at com.dotweblabs.twirl.object.ObjectStoreTest.testUpdate(ObjectStoreTest.java:881)
</error>
    <system-out><![CDATA[DEBUG GaeObjectStore - Create a new DatastoreService instance
]]></system-out>
    <system-err><![CDATA[Jul 30, 2020 10:21:21 PM com.google.appengine.api.datastore.dev.LocalDatastoreService init
INFO: Local Datastore initialized: 
	Type: High Replication
	Storage: In-memory
]]></system-err>
  </testcase>
  <testcase name="testPut_GetJSONEntityWithMap" classname="com.dotweblabs.twirl.object.ObjectStoreTest" time="0.014">
    <error message="POJO&apos;s must be annotated with @Embedded, @Parent or @Child annotations for field $jacocoData" type="java.lang.RuntimeException">java.lang.RuntimeException: POJO's must be annotated with @Embedded, @Parent or @Child annotations for field $jacocoData
	at com.dotweblabs.twirl.object.ObjectStoreTest.testPut_GetJSONEntityWithMap(ObjectStoreTest.java:913)
</error>
    <system-out><![CDATA[DEBUG GaeObjectStore - Create a new DatastoreService instance
DEBUG GaeMarshaller - Processing Map valueType
DEBUG GaeMarshaller - Warning method is returning null valueType
DEBUG GaeMarshaller - Warning method is returning null valueType
]]></system-out>
    <system-err><![CDATA[Jul 30, 2020 10:21:21 PM com.google.appengine.api.datastore.dev.LocalDatastoreService init
INFO: Local Datastore initialized: 
	Type: High Replication
	Storage: In-memory
]]></system-err>
  </testcase>
  <testcase name="testPut_entityWithBlob" classname="com.dotweblabs.twirl.object.ObjectStoreTest" time="0.011">
    <error message="POJO&apos;s must be annotated with @Embedded, @Parent or @Child annotations for field $jacocoData" type="java.lang.RuntimeException">java.lang.RuntimeException: POJO's must be annotated with @Embedded, @Parent or @Child annotations for field $jacocoData
	at com.dotweblabs.twirl.object.ObjectStoreTest.testPut_entityWithBlob(ObjectStoreTest.java:408)
</error>
    <system-out><![CDATA[DEBUG GaeObjectStore - Create a new DatastoreService instance
]]></system-out>
    <system-err><![CDATA[Jul 30, 2020 10:21:21 PM com.google.appengine.api.datastore.dev.LocalDatastoreService init
INFO: Local Datastore initialized: 
	Type: High Replication
	Storage: In-memory
]]></system-err>
  </testcase>
  <testcase name="testPut_entityWithGeoPoint" classname="com.dotweblabs.twirl.object.ObjectStoreTest" time="0.011">
    <error message="POJO&apos;s must be annotated with @Embedded, @Parent or @Child annotations for field $jacocoData" type="java.lang.RuntimeException">java.lang.RuntimeException: POJO's must be annotated with @Embedded, @Parent or @Child annotations for field $jacocoData
	at com.dotweblabs.twirl.object.ObjectStoreTest.testPut_entityWithGeoPoint(ObjectStoreTest.java:421)
</error>
    <system-out><![CDATA[DEBUG GaeObjectStore - Create a new DatastoreService instance
]]></system-out>
    <system-err><![CDATA[Jul 30, 2020 10:21:21 PM com.google.appengine.api.datastore.dev.LocalDatastoreService init
INFO: Local Datastore initialized: 
	Type: High Replication
	Storage: In-memory
]]></system-err>
  </testcase>
  <testcase name="testPut_List" classname="com.dotweblabs.twirl.object.ObjectStoreTest" time="0.007">
    <error message="POJO&apos;s must be annotated with @Embedded, @Parent or @Child annotations for field $jacocoData" type="java.lang.RuntimeException">java.lang.RuntimeException: POJO's must be annotated with @Embedded, @Parent or @Child annotations for field $jacocoData
	at com.dotweblabs.twirl.object.ObjectStoreTest.testPut_List(ObjectStoreTest.java:451)
</error>
    <system-out><![CDATA[DEBUG GaeObjectStore - Create a new DatastoreService instance
DEBUG GaeMarshaller - Processing List valueType
]]></system-out>
    <system-err><![CDATA[Jul 30, 2020 10:21:21 PM com.google.appengine.api.datastore.dev.LocalDatastoreService init
INFO: Local Datastore initialized: 
	Type: High Replication
	Storage: In-memory
]]></system-err>
  </testcase>
  <testcase name="testFind_List" classname="com.dotweblabs.twirl.object.ObjectStoreTest" time="0.004">
    <error message="POJO&apos;s must be annotated with @Embedded, @Parent or @Child annotations for field $jacocoData" type="java.lang.RuntimeException">java.lang.RuntimeException: POJO's must be annotated with @Embedded, @Parent or @Child annotations for field $jacocoData
	at com.dotweblabs.twirl.object.ObjectStoreTest.testFind_List(ObjectStoreTest.java:463)
</error>
    <system-out><![CDATA[DEBUG GaeObjectStore - Create a new DatastoreService instance
DEBUG GaeMarshaller - Processing List valueType
]]></system-out>
    <system-err><![CDATA[Jul 30, 2020 10:21:21 PM com.google.appengine.api.datastore.dev.LocalDatastoreService init
INFO: Local Datastore initialized: 
	Type: High Replication
	Storage: In-memory
]]></system-err>
  </testcase>
  <testcase name="testFindOrderByStringDate" classname="com.dotweblabs.twirl.object.ObjectStoreTest" time="0.31"/>
  <testcase name="tesdFindByPropertyKeysOnly" classname="com.dotweblabs.twirl.object.ObjectStoreTest" time="0.001">
    <error message="POJO&apos;s must be annotated with @Embedded, @Parent or @Child annotations for field $jacocoData" type="java.lang.RuntimeException">java.lang.RuntimeException: POJO's must be annotated with @Embedded, @Parent or @Child annotations for field $jacocoData
	at com.dotweblabs.twirl.object.ObjectStoreTest.tesdFindByPropertyKeysOnly(ObjectStoreTest.java:530)
</error>
    <system-out><![CDATA[DEBUG GaeObjectStore - Create a new DatastoreService instance
]]></system-out>
    <system-err><![CDATA[Jul 30, 2020 10:21:21 PM com.google.appengine.api.datastore.dev.LocalDatastoreService init
INFO: Local Datastore initialized: 
	Type: High Replication
	Storage: In-memory
]]></system-err>
  </testcase>
  <testcase name="testGetByLongId" classname="com.dotweblabs.twirl.object.ObjectStoreTest" time="0.046">
    <error message="POJO&apos;s must be annotated with @Embedded, @Parent or @Child annotations for field $jacocoData" type="java.lang.RuntimeException">java.lang.RuntimeException: POJO's must be annotated with @Embedded, @Parent or @Child annotations for field $jacocoData
	at com.dotweblabs.twirl.object.ObjectStoreTest.testGetByLongId(ObjectStoreTest.java:569)
</error>
    <system-out><![CDATA[DEBUG GaeObjectStore - Create a new DatastoreService instance
]]></system-out>
    <system-err><![CDATA[Jul 30, 2020 10:21:21 PM com.google.appengine.api.datastore.dev.LocalDatastoreService init
INFO: Local Datastore initialized: 
	Type: High Replication
	Storage: In-memory
]]></system-err>
  </testcase>
  <testcase name="testDeletebyId" classname="com.dotweblabs.twirl.object.ObjectStoreTest" time="0.001"/>
  <testcase name="testFindFirst" classname="com.dotweblabs.twirl.object.ObjectStoreTest" time="0.001">
    <error message="POJO&apos;s must be annotated with @Embedded, @Parent or @Child annotations for field $jacocoData" type="java.lang.RuntimeException">java.lang.RuntimeException: POJO's must be annotated with @Embedded, @Parent or @Child annotations for field $jacocoData
	at com.dotweblabs.twirl.object.ObjectStoreTest.testFindFirst(ObjectStoreTest.java:661)
</error>
    <system-out><![CDATA[DEBUG GaeObjectStore - Create a new DatastoreService instance
]]></system-out>
    <system-err><![CDATA[Jul 30, 2020 10:21:21 PM com.google.appengine.api.datastore.dev.LocalDatastoreService init
INFO: Local Datastore initialized: 
	Type: High Replication
	Storage: In-memory
]]></system-err>
  </testcase>
  <testcase name="testFindMultiFilter" classname="com.dotweblabs.twirl.object.ObjectStoreTest" time="0.002">
    <error message="POJO&apos;s must be annotated with @Embedded, @Parent or @Child annotations for field $jacocoData" type="java.lang.RuntimeException">java.lang.RuntimeException: POJO's must be annotated with @Embedded, @Parent or @Child annotations for field $jacocoData
	at com.dotweblabs.twirl.object.ObjectStoreTest.testFindMultiFilter(ObjectStoreTest.java:670)
</error>
    <system-out><![CDATA[DEBUG GaeObjectStore - Create a new DatastoreService instance
]]></system-out>
    <system-err><![CDATA[Jul 30, 2020 10:21:21 PM com.google.appengine.api.datastore.dev.LocalDatastoreService init
INFO: Local Datastore initialized: 
	Type: High Replication
	Storage: In-memory
]]></system-err>
  </testcase>
  <testcase name="testFind_withSort" classname="com.dotweblabs.twirl.object.ObjectStoreTest" time="0.005">
    <error message="POJO&apos;s must be annotated with @Embedded, @Parent or @Child annotations for field $jacocoData" type="java.lang.RuntimeException">java.lang.RuntimeException: POJO's must be annotated with @Embedded, @Parent or @Child annotations for field $jacocoData
	at com.dotweblabs.twirl.object.ObjectStoreTest.testFind_withSort(ObjectStoreTest.java:691)
</error>
    <system-out><![CDATA[DEBUG GaeObjectStore - Create a new DatastoreService instance
]]></system-out>
    <system-err><![CDATA[Jul 30, 2020 10:21:21 PM com.google.appengine.api.datastore.dev.LocalDatastoreService init
INFO: Local Datastore initialized: 
	Type: High Replication
	Storage: In-memory
]]></system-err>
  </testcase>
  <testcase name="testFindKind" classname="com.dotweblabs.twirl.object.ObjectStoreTest" time="0.002">
    <error message="POJO&apos;s must be annotated with @Embedded, @Parent or @Child annotations for field $jacocoData" type="java.lang.RuntimeException">java.lang.RuntimeException: POJO's must be annotated with @Embedded, @Parent or @Child annotations for field $jacocoData
	at com.dotweblabs.twirl.object.ObjectStoreTest.testFindKind(ObjectStoreTest.java:712)
</error>
    <system-out><![CDATA[DEBUG GaeObjectStore - Create a new DatastoreService instance
DEBUG GaeMarshaller - Processing Map valueType
]]></system-out>
    <system-err><![CDATA[Jul 30, 2020 10:21:21 PM com.google.appengine.api.datastore.dev.LocalDatastoreService init
INFO: Local Datastore initialized: 
	Type: High Replication
	Storage: In-memory
]]></system-err>
  </testcase>
  <testcase name="testFind_asList" classname="com.dotweblabs.twirl.object.ObjectStoreTest" time="0.001">
    <error message="POJO&apos;s must be annotated with @Embedded, @Parent or @Child annotations for field $jacocoData" type="java.lang.RuntimeException">java.lang.RuntimeException: POJO's must be annotated with @Embedded, @Parent or @Child annotations for field $jacocoData
	at com.dotweblabs.twirl.object.ObjectStoreTest.testFind_asList(ObjectStoreTest.java:733)
</error>
    <system-out><![CDATA[DEBUG GaeObjectStore - Create a new DatastoreService instance
]]></system-out>
    <system-err><![CDATA[Jul 30, 2020 10:21:21 PM com.google.appengine.api.datastore.dev.LocalDatastoreService init
INFO: Local Datastore initialized: 
	Type: High Replication
	Storage: In-memory
]]></system-err>
  </testcase>
  <testcase name="testFind_asIterable" classname="com.dotweblabs.twirl.object.ObjectStoreTest" time="0.001">
    <error message="POJO&apos;s must be annotated with @Embedded, @Parent or @Child annotations for field $jacocoData" type="java.lang.RuntimeException">java.lang.RuntimeException: POJO's must be annotated with @Embedded, @Parent or @Child annotations for field $jacocoData
	at com.dotweblabs.twirl.object.ObjectStoreTest.testFind_asIterable(ObjectStoreTest.java:750)
</error>
    <system-out><![CDATA[DEBUG GaeObjectStore - Create a new DatastoreService instance
]]></system-out>
    <system-err><![CDATA[Jul 30, 2020 10:21:21 PM com.google.appengine.api.datastore.dev.LocalDatastoreService init
INFO: Local Datastore initialized: 
	Type: High Replication
	Storage: In-memory
]]></system-err>
  </testcase>
  <testcase name="testFind_asList_withCursor" classname="com.dotweblabs.twirl.object.ObjectStoreTest" time="0.002">
    <error message="POJO&apos;s must be annotated with @Embedded, @Parent or @Child annotations for field $jacocoData" type="java.lang.RuntimeException">java.lang.RuntimeException: POJO's must be annotated with @Embedded, @Parent or @Child annotations for field $jacocoData
	at com.dotweblabs.twirl.object.ObjectStoreTest.testFind_asList_withCursor(ObjectStoreTest.java:778)
</error>
    <system-out><![CDATA[DEBUG GaeObjectStore - Create a new DatastoreService instance
]]></system-out>
    <system-err><![CDATA[Jul 30, 2020 10:21:21 PM com.google.appengine.api.datastore.dev.LocalDatastoreService init
INFO: Local Datastore initialized: 
	Type: High Replication
	Storage: In-memory
]]></system-err>
  </testcase>
  <testcase name="testFindSkipKeys" classname="com.dotweblabs.twirl.object.ObjectStoreTest" time="0.002">
    <error message="POJO&apos;s must be annotated with @Embedded, @Parent or @Child annotations for field $jacocoData" type="java.lang.RuntimeException">java.lang.RuntimeException: POJO's must be annotated with @Embedded, @Parent or @Child annotations for field $jacocoData
	at com.dotweblabs.twirl.object.ObjectStoreTest.testFindSkipKeys(ObjectStoreTest.java:858)
</error>
    <system-out><![CDATA[DEBUG GaeObjectStore - Create a new DatastoreService instance
]]></system-out>
    <system-err><![CDATA[Jul 30, 2020 10:21:21 PM com.google.appengine.api.datastore.dev.LocalDatastoreService init
INFO: Local Datastore initialized: 
	Type: High Replication
	Storage: In-memory
]]></system-err>
  </testcase>
</testsuite>