<?xml version="1.0" encoding="UTF-8"?>
<testsuite xmlns:xsi="http://www.w3.org/2001/XMLSchema-instance" xsi:schemaLocation="https://maven.apache.org/surefire/maven-surefire-plugin/xsd/surefire-test-report.xsd" name="net.lldp.checksims.algorithm.similaritymatrix.SimilarityMatrixTest" time="0.016" tests="47" errors="0" skipped="0" failures="0">
  <properties>
    <property name="java.runtime.name" value="OpenJDK Runtime Environment"/>
    <property name="sun.boot.library.path" value="/usr/local/openjdk-8/jre/lib/amd64"/>
    <property name="java.vm.version" value="25.262-b10"/>
    <property name="animal.sniffer.skip" value="true"/>
    <property name="java.vm.vendor" value="Oracle Corporation"/>
    <property name="maven.multiModuleProjectDirectory" value="/tmp/tmpbl84nyap/checksims"/>
    <property name="maven.javadoc.skip" value="true"/>
    <property name="java.vendor.url" value="http://java.oracle.com/"/>
    <property name="path.separator" value=":"/>
    <property name="guice.disable.misplaced.annotation.check" value="true"/>
    <property name="java.vm.name" value="OpenJDK 64-Bit Server VM"/>
    <property name="file.encoding.pkg" value="sun.io"/>
    <property name="sun.java.launcher" value="SUN_STANDARD"/>
    <property name="sun.os.patch.level" value="unknown"/>
    <property name="source.skip" value="true"/>
    <property name="java.vm.specification.name" value="Java Virtual Machine Specification"/>
    <property name="user.dir" value="/tmp/tmpbl84nyap/checksims"/>
    <property name="java.runtime.version" value="1.8.0_262-b10"/>
    <property name="java.awt.graphicsenv" value="sun.awt.X11GraphicsEnvironment"/>
    <property name="java.endorsed.dirs" value="/usr/local/openjdk-8/jre/lib/endorsed"/>
    <property name="os.arch" value="amd64"/>
    <property name="java.io.tmpdir" value="/tmp"/>
    <property name="line.separator" value="&#10;"/>
    <property name="java.vm.specification.vendor" value="Oracle Corporation"/>
    <property name="os.name" value="Linux"/>
    <property name="classworlds.conf" value="/usr/share/maven/bin/m2.conf"/>
    <property name="sun.jnu.encoding" value="UTF-8"/>
    <property name="java.library.path" value="/usr/java/packages/lib/amd64:/usr/lib64:/lib64:/lib:/usr/lib"/>
    <property name="license.skip" value="true"/>
    <property name="maven.conf" value="/usr/share/maven/conf"/>
    <property name="java.specification.name" value="Java Platform API Specification"/>
    <property name="java.class.version" value="52.0"/>
    <property name="sun.management.compiler" value="HotSpot 64-Bit Tiered Compilers"/>
    <property name="maven.test.failure.ignore" value="true"/>
    <property name="os.version" value="4.15.0-109-generic"/>
    <property name="library.jansi.path" value="/usr/share/maven/lib/jansi-native"/>
    <property name="user.home" value="/home/jdbl"/>
    <property name="user.timezone" value="Etc/UTC"/>
    <property name="java.awt.printerjob" value="sun.print.PSPrinterJob"/>
    <property name="java.specification.version" value="1.8"/>
    <property name="file.encoding" value="UTF-8"/>
    <property name="user.name" value="jdbl"/>
    <property name="java.class.path" value="/usr/share/maven/boot/plexus-classworlds-2.6.0.jar"/>
    <property name="java.vm.specification.version" value="1.8"/>
    <property name="sun.arch.data.model" value="64"/>
    <property name="java.home" value="/usr/local/openjdk-8/jre"/>
    <property name="sun.java.command" value="org.codehaus.plexus.classworlds.launcher.Launcher test -e --fail-never -ntp -Dmaven.test.failure.ignore=true -B -Dmaven.javadoc.skip=true -Drat.skip=true -Danimal.sniffer.skip=true -Dmaven.javadoc.skip=true -Dlicense.skip=true -Dsource.skip=true"/>
    <property name="java.specification.vendor" value="Oracle Corporation"/>
    <property name="user.language" value="en"/>
    <property name="awt.toolkit" value="sun.awt.X11.XToolkit"/>
    <property name="java.vm.info" value="mixed mode"/>
    <property name="java.version" value="1.8.0_262"/>
    <property name="java.ext.dirs" value="/usr/local/openjdk-8/jre/lib/ext:/usr/java/packages/lib/ext"/>
    <property name="securerandom.source" value="file:/dev/./urandom"/>
    <property name="sun.boot.class.path" value="/usr/local/openjdk-8/jre/lib/resources.jar:/usr/local/openjdk-8/jre/lib/rt.jar:/usr/local/openjdk-8/jre/lib/sunrsasign.jar:/usr/local/openjdk-8/jre/lib/jsse.jar:/usr/local/openjdk-8/jre/lib/jce.jar:/usr/local/openjdk-8/jre/lib/charsets.jar:/usr/local/openjdk-8/jre/lib/jfr.jar:/usr/local/openjdk-8/jre/classes"/>
    <property name="java.vendor" value="Oracle Corporation"/>
    <property name="rat.skip" value="true"/>
    <property name="maven.home" value="/usr/share/maven"/>
    <property name="file.separator" value="/"/>
    <property name="java.vendor.url.bug" value="http://bugreport.sun.com/bugreport/"/>
    <property name="sun.cpu.endian" value="little"/>
    <property name="sun.io.unicode.encoding" value="UnicodeLittle"/>
    <property name="sun.cpu.isalist" value=""/>
  </properties>
  <testcase name="TestGenerateMatrixEmptySubmissions" classname="net.lldp.checksims.algorithm.similaritymatrix.SimilarityMatrixTest" time="0.001"/>
  <testcase name="TestGetEntryBySubmissionInvalYSubmission" classname="net.lldp.checksims.algorithm.similaritymatrix.SimilarityMatrixTest" time="0.001"/>
  <testcase name="TestGenerateMatrixNullSubmissions" classname="net.lldp.checksims.algorithm.similaritymatrix.SimilarityMatrixTest" time="0"/>
  <testcase name="TestGetEntryBySubmission" classname="net.lldp.checksims.algorithm.similaritymatrix.SimilarityMatrixTest" time="0"/>
  <testcase name="TestConstructSimilarityMatrixNullListX" classname="net.lldp.checksims.algorithm.similaritymatrix.SimilarityMatrixTest" time="0.001"/>
  <testcase name="TestConstructSimilarityMatrixNullListY" classname="net.lldp.checksims.algorithm.similaritymatrix.SimilarityMatrixTest" time="0"/>
  <testcase name="TestBasicInequality" classname="net.lldp.checksims.algorithm.similaritymatrix.SimilarityMatrixTest" time="0"/>
  <testcase name="TestGenerateMatrixArchiveSubmission" classname="net.lldp.checksims.algorithm.similaritymatrix.SimilarityMatrixTest" time="0.001"/>
  <testcase name="TestGetEntry" classname="net.lldp.checksims.algorithm.similaritymatrix.SimilarityMatrixTest" time="0"/>
  <testcase name="TestConstructSimilarityMatrixArraySizeMismatchX" classname="net.lldp.checksims.algorithm.similaritymatrix.SimilarityMatrixTest" time="0.001"/>
  <testcase name="TestConstructSimilarityMatrixArraySizeMismatchY" classname="net.lldp.checksims.algorithm.similaritymatrix.SimilarityMatrixTest" time="0.001"/>
  <testcase name="TestConstructSimilarityMatrixNoResults" classname="net.lldp.checksims.algorithm.similaritymatrix.SimilarityMatrixTest" time="0"/>
  <testcase name="TestGetXSubmission" classname="net.lldp.checksims.algorithm.similaritymatrix.SimilarityMatrixTest" time="0"/>
  <testcase name="TestGetBaseResults" classname="net.lldp.checksims.algorithm.similaritymatrix.SimilarityMatrixTest" time="0.001"/>
  <testcase name="TestGenerateMatrixNullResults" classname="net.lldp.checksims.algorithm.similaritymatrix.SimilarityMatrixTest" time="0"/>
  <testcase name="TestSimilarityMatrixGetBounds" classname="net.lldp.checksims.algorithm.similaritymatrix.SimilarityMatrixTest" time="0.001"/>
  <testcase name="TestSimilarityMatrixGetSubmissions" classname="net.lldp.checksims.algorithm.similaritymatrix.SimilarityMatrixTest" time="0"/>
  <testcase name="TestGenerateMatrixArchiveNullResults" classname="net.lldp.checksims.algorithm.similaritymatrix.SimilarityMatrixTest" time="0.002"/>
  <testcase name="TestGetEntryBySubmissionNullXSubmission" classname="net.lldp.checksims.algorithm.similaritymatrix.SimilarityMatrixTest" time="0"/>
  <testcase name="TestGenerateMatrixArchiveEmptyResults" classname="net.lldp.checksims.algorithm.similaritymatrix.SimilarityMatrixTest" time="0"/>
  <testcase name="TestGetEntryBySubmissionInvalXSubmission" classname="net.lldp.checksims.algorithm.similaritymatrix.SimilarityMatrixTest" time="0"/>
  <testcase name="TestGenerateMatrixArchiveNullSubmissions" classname="net.lldp.checksims.algorithm.similaritymatrix.SimilarityMatrixTest" time="0"/>
  <testcase name="TestConstructSimilarityMatrixEmptyX" classname="net.lldp.checksims.algorithm.similaritymatrix.SimilarityMatrixTest" time="0"/>
  <testcase name="TestConstructSimilarityMatrixEmptyY" classname="net.lldp.checksims.algorithm.similaritymatrix.SimilarityMatrixTest" time="0"/>
  <testcase name="TestGetEntryTooLargeXIndex" classname="net.lldp.checksims.algorithm.similaritymatrix.SimilarityMatrixTest" time="0.001"/>
  <testcase name="TestGetEntryTooLargeYIndex" classname="net.lldp.checksims.algorithm.similaritymatrix.SimilarityMatrixTest" time="0"/>
  <testcase name="TestGenerateMatrixArchiveSubmissionInResultsNotNotInput" classname="net.lldp.checksims.algorithm.similaritymatrix.SimilarityMatrixTest" time="0"/>
  <testcase name="TestBasicEquality" classname="net.lldp.checksims.algorithm.similaritymatrix.SimilarityMatrixTest" time="0"/>
  <testcase name="TestGenerateMatrixOtherSubmissionNotGiven" classname="net.lldp.checksims.algorithm.similaritymatrix.SimilarityMatrixTest" time="0"/>
  <testcase name="TestGenerateMatrixArchiveEmptySubmissions" classname="net.lldp.checksims.algorithm.similaritymatrix.SimilarityMatrixTest" time="0"/>
  <testcase name="TestGenerateMatrixTooFewResults" classname="net.lldp.checksims.algorithm.similaritymatrix.SimilarityMatrixTest" time="0"/>
  <testcase name="TestConstructSimilarityMatrixNullResults" classname="net.lldp.checksims.algorithm.similaritymatrix.SimilarityMatrixTest" time="0.001"/>
  <testcase name="TestGenerate2D2ElementMatrix" classname="net.lldp.checksims.algorithm.similaritymatrix.SimilarityMatrixTest" time="0"/>
  <testcase name="TestGenerateMatrixEmptyResults" classname="net.lldp.checksims.algorithm.similaritymatrix.SimilarityMatrixTest" time="0"/>
  <testcase name="TestGenerateMatrixSubmissionNotInGiven" classname="net.lldp.checksims.algorithm.similaritymatrix.SimilarityMatrixTest" time="0.001"/>
  <testcase name="TestConstructSimilarityMatrixNullMatrix" classname="net.lldp.checksims.algorithm.similaritymatrix.SimilarityMatrixTest" time="0"/>
  <testcase name="TestGetYSubmission" classname="net.lldp.checksims.algorithm.similaritymatrix.SimilarityMatrixTest" time="0"/>
  <testcase name="TestGenerateMatrixArchiveSubmissionPairMissing" classname="net.lldp.checksims.algorithm.similaritymatrix.SimilarityMatrixTest" time="0"/>
  <testcase name="TestGetYSubmissionNegativeIndex" classname="net.lldp.checksims.algorithm.similaritymatrix.SimilarityMatrixTest" time="0"/>
  <testcase name="TestGetXSubmissionNegativeIndex" classname="net.lldp.checksims.algorithm.similaritymatrix.SimilarityMatrixTest" time="0.001"/>
  <testcase name="TestGenerateMatrixArchiveNullArchive" classname="net.lldp.checksims.algorithm.similaritymatrix.SimilarityMatrixTest" time="0"/>
  <testcase name="TestGetYSubmissionTooLargeIndex" classname="net.lldp.checksims.algorithm.similaritymatrix.SimilarityMatrixTest" time="0"/>
  <testcase name="TestGenerateMatrixArchiveEmptyArchive" classname="net.lldp.checksims.algorithm.similaritymatrix.SimilarityMatrixTest" time="0"/>
  <testcase name="TestGetEntryBySubmissionNullYSubmission" classname="net.lldp.checksims.algorithm.similaritymatrix.SimilarityMatrixTest" time="0.001"/>
  <testcase name="TestGetXSubmissionTooLargeIndex" classname="net.lldp.checksims.algorithm.similaritymatrix.SimilarityMatrixTest" time="0"/>
  <testcase name="TestGetEntryNegativeXIndex" classname="net.lldp.checksims.algorithm.similaritymatrix.SimilarityMatrixTest" time="0"/>
  <testcase name="TestGetEntryNegativeYIndex" classname="net.lldp.checksims.algorithm.similaritymatrix.SimilarityMatrixTest" time="0"/>
</testsuite>