<?xml version="1.0" encoding="UTF-8" ?>
<testsuite tests="40" failures="0" name="com.ibatis.sqlmap.StatementTest" time="5.41" errors="0" skipped="0">
  <properties>
    <property name="java.runtime.name" value="OpenJDK Runtime Environment"/>
    <property name="sun.boot.library.path" value="/usr/local/openjdk-8/jre/lib/amd64"/>
    <property name="java.vm.version" value="25.262-b10"/>
    <property name="animal.sniffer.skip" value="true"/>
    <property name="java.vm.vendor" value="Oracle Corporation"/>
    <property name="maven.multiModuleProjectDirectory" value="/tmp/tmpv5sapgij/mybatis-3"/>
    <property name="maven.javadoc.skip" value="true"/>
    <property name="java.vendor.url" value="http://java.oracle.com/"/>
    <property name="path.separator" value=":"/>
    <property name="guice.disable.misplaced.annotation.check" value="true"/>
    <property name="java.vm.name" value="OpenJDK 64-Bit Server VM"/>
    <property name="file.encoding.pkg" value="sun.io"/>
    <property name="sun.java.launcher" value="SUN_STANDARD"/>
    <property name="sun.os.patch.level" value="unknown"/>
    <property name="source.skip" value="true"/>
    <property name="java.vm.specification.name" value="Java Virtual Machine Specification"/>
    <property name="user.dir" value="/tmp/tmpv5sapgij/mybatis-3"/>
    <property name="java.runtime.version" value="1.8.0_262-b10"/>
    <property name="java.awt.graphicsenv" value="sun.awt.X11GraphicsEnvironment"/>
    <property name="java.endorsed.dirs" value="/usr/local/openjdk-8/jre/lib/endorsed"/>
    <property name="os.arch" value="amd64"/>
    <property name="java.io.tmpdir" value="/tmp"/>
    <property name="line.separator" value="
"/>
    <property name="java.vm.specification.vendor" value="Oracle Corporation"/>
    <property name="os.name" value="Linux"/>
    <property name="classworlds.conf" value="/usr/share/maven/bin/m2.conf"/>
    <property name="maven.test.error.ignore" value="true"/>
    <property name="sun.jnu.encoding" value="UTF-8"/>
    <property name="java.library.path" value="/usr/java/packages/lib/amd64:/usr/lib64:/lib64:/lib:/usr/lib"/>
    <property name="license.skip" value="true"/>
    <property name="maven.conf" value="/usr/share/maven/conf"/>
    <property name="java.specification.name" value="Java Platform API Specification"/>
    <property name="java.class.version" value="52.0"/>
    <property name="sun.management.compiler" value="HotSpot 64-Bit Tiered Compilers"/>
    <property name="maven.test.failure.ignore" value="true"/>
    <property name="os.version" value="4.15.0-109-generic"/>
    <property name="library.jansi.path" value="/usr/share/maven/lib/jansi-native"/>
    <property name="user.home" value="/home/jdbl"/>
    <property name="user.timezone" value="Etc/UTC"/>
    <property name="java.awt.printerjob" value="sun.print.PSPrinterJob"/>
    <property name="java.specification.version" value="1.8"/>
    <property name="file.encoding" value="UTF-8"/>
    <property name="user.name" value="jdbl"/>
    <property name="java.class.path" value="/usr/share/maven/boot/plexus-classworlds-2.6.0.jar"/>
    <property name="java.vm.specification.version" value="1.8"/>
    <property name="sun.arch.data.model" value="64"/>
    <property name="java.home" value="/usr/local/openjdk-8/jre"/>
    <property name="sun.java.command" value="org.codehaus.plexus.classworlds.launcher.Launcher package -e --fail-never -ntp -Dmaven.test.error.ignore=true -Dmaven.test.failure.ignore=true -B -Dmaven.javadoc.skip=true -Drat.skip=true -Danimal.sniffer.skip=true -Dmaven.javadoc.skip=true -Dlicense.skip=true -Dsource.skip=true"/>
    <property name="java.specification.vendor" value="Oracle Corporation"/>
    <property name="user.language" value="en"/>
    <property name="awt.toolkit" value="sun.awt.X11.XToolkit"/>
    <property name="java.vm.info" value="mixed mode"/>
    <property name="java.version" value="1.8.0_262"/>
    <property name="java.ext.dirs" value="/usr/local/openjdk-8/jre/lib/ext:/usr/java/packages/lib/ext"/>
    <property name="securerandom.source" value="file:/dev/./urandom"/>
    <property name="sun.boot.class.path" value="/usr/local/openjdk-8/jre/lib/resources.jar:/usr/local/openjdk-8/jre/lib/rt.jar:/usr/local/openjdk-8/jre/lib/sunrsasign.jar:/usr/local/openjdk-8/jre/lib/jsse.jar:/usr/local/openjdk-8/jre/lib/jce.jar:/usr/local/openjdk-8/jre/lib/charsets.jar:/usr/local/openjdk-8/jre/lib/jfr.jar:/usr/local/openjdk-8/jre/classes"/>
    <property name="java.vendor" value="Oracle Corporation"/>
    <property name="rat.skip" value="true"/>
    <property name="maven.home" value="/usr/share/maven"/>
    <property name="file.separator" value="/"/>
    <property name="java.vendor.url.bug" value="http://bugreport.sun.com/bugreport/"/>
    <property name="sun.cpu.endian" value="little"/>
    <property name="sun.io.unicode.encoding" value="UnicodeLittle"/>
    <property name="sun.cpu.isalist" value=""/>
  </properties>
  <testcase classname="com.ibatis.sqlmap.StatementTest" name="testExecuteQueryForObjectWithSimpleResultMap" time="1.182"/>
  <testcase classname="com.ibatis.sqlmap.StatementTest" name="testExecuteQueryForListResultClass" time="0.279"/>
  <testcase classname="com.ibatis.sqlmap.StatementTest" name="testExecuteQueryForListWithResultMap" time="0.23"/>
  <testcase classname="com.ibatis.sqlmap.StatementTest" name="testExecuteQueryForListWithHashMapResultMap" time="0.355"/>
  <testcase classname="com.ibatis.sqlmap.StatementTest" name="testExecuteUpdateWithParameterMap" time="0.868"/>
  <testcase classname="com.ibatis.sqlmap.StatementTest" name="testExecuteQueryForObjectViaResultClassPlusOne" time="0.367"/>
  <testcase classname="com.ibatis.sqlmap.StatementTest" name="testExecuteQueryForPaginatedList" time="0.181"/>
  <testcase classname="com.ibatis.sqlmap.StatementTest" name="testExecuteQueryForPaginatedList2" time="0.124"/>
  <testcase classname="com.ibatis.sqlmap.StatementTest" name="testExecuteQueryForObjectWithResultObject" time="0.072"/>
  <testcase classname="com.ibatis.sqlmap.StatementTest" name="testInsertGeneratedKeyFailure" time="0.043"/>
  <testcase classname="com.ibatis.sqlmap.StatementTest" name="testExecuteQueryForObjectViaColumnName" time="0.072"/>
  <testcase classname="com.ibatis.sqlmap.StatementTest" name="testUserConnection" time="0.065"/>
  <testcase classname="com.ibatis.sqlmap.StatementTest" name="testExecuteUpdateWithParameterClass" time="0.117"/>
  <testcase classname="com.ibatis.sqlmap.StatementTest" name="testSessionUserConnectionFailures" time="0.032"/>
  <testcase classname="com.ibatis.sqlmap.StatementTest" name="testInsertGeneratedKey" time="0.09"/>
  <testcase classname="com.ibatis.sqlmap.StatementTest" name="testInsertNoKey" time="0.087"/>
  <testcase classname="com.ibatis.sqlmap.StatementTest" name="testExecuteQueryForObjectViaResultClassIgnoreCaseTypeAliasCase" time="0.057"/>
  <testcase classname="com.ibatis.sqlmap.StatementTest" name="testGetSubclass" time="0.034"/>
  <testcase classname="com.ibatis.sqlmap.StatementTest" name="testExecuteQueryForListWithSimpleResultMap" time="0.034"/>
  <testcase classname="com.ibatis.sqlmap.StatementTest" name="testExecuteQueryForListWithRowHandler2" time="0.053"/>
  <testcase classname="com.ibatis.sqlmap.StatementTest" name="testExecuteQueryForListWithSimpleResultClass" time="0.042"/>
  <testcase classname="com.ibatis.sqlmap.StatementTest" name="testExecuteQueryForMapWithValueProperty" time="0.033"/>
  <testcase classname="com.ibatis.sqlmap.StatementTest" name="testExecuteQueryForObjectWithSimpleResultClass" time="0.03"/>
  <testcase classname="com.ibatis.sqlmap.StatementTest" name="testLegacyExecuteQueryForListWithRowHandler" time="0.144"/>
  <testcase classname="com.ibatis.sqlmap.StatementTest" name="testExecuteQueryForListWithResultMapWithDynamicElement" time="0.116"/>
  <testcase classname="com.ibatis.sqlmap.StatementTest" name="testExecuteQueryForObjectAsHashMapResultClass" time="0.054"/>
  <testcase classname="com.ibatis.sqlmap.StatementTest" name="testQueryDynamicSqlElement" time="0.063"/>
  <testcase classname="com.ibatis.sqlmap.StatementTest" name="testSessionUserConnection" time="0.032"/>
  <testcase classname="com.ibatis.sqlmap.StatementTest" name="testExecuteQueryForMap" time="0.028"/>
  <testcase classname="com.ibatis.sqlmap.StatementTest" name="testExecuteUpdateWithInlineParameters" time="0.053"/>
  <testcase classname="com.ibatis.sqlmap.StatementTest" name="testNestedResultMaps" time="0.046"/>
  <testcase classname="com.ibatis.sqlmap.StatementTest" name="testExecuteQueryWithCustomTypeHandler" time="0.038"/>
  <testcase classname="com.ibatis.sqlmap.StatementTest" name="testExecuteQueryForListWithHashMapResultClass" time="0.026"/>
  <testcase classname="com.ibatis.sqlmap.StatementTest" name="testExecuteQueryForObjectViaColumnIndex" time="0.045"/>
  <testcase classname="com.ibatis.sqlmap.StatementTest" name="testInsertPreKey" time="0.148"/>
  <testcase classname="com.ibatis.sqlmap.StatementTest" name="testExecuteQueryForObjectViaResultClass" time="0.055"/>
  <testcase classname="com.ibatis.sqlmap.StatementTest" name="testExecuteQueryForObjectAsHashMap" time="0.032"/>
  <testcase classname="com.ibatis.sqlmap.StatementTest" name="testExecuteQueryForListWithRowHandler" time="0.024"/>
  <testcase classname="com.ibatis.sqlmap.StatementTest" name="testExecuteQueryForListWithSkipAndMax" time="0.03"/>
  <testcase classname="com.ibatis.sqlmap.StatementTest" name="testDummy" time="0.029"/>
</testsuite>