<?xml version="1.0" encoding="UTF-8"?>
<testsuite xmlns:xsi="http://www.w3.org/2001/XMLSchema-instance" xsi:schemaLocation="https://maven.apache.org/surefire/maven-surefire-plugin/xsd/surefire-test-report.xsd" name="net.pms.configuration.FormatConfigurationRegressionTest" time="0.013" tests="115" errors="0" skipped="0" failures="0">
  <properties>
    <property name="java.runtime.name" value="OpenJDK Runtime Environment"/>
    <property name="sun.boot.library.path" value="/usr/local/openjdk-8/jre/lib/amd64"/>
    <property name="java.vm.version" value="25.262-b10"/>
    <property name="animal.sniffer.skip" value="true"/>
    <property name="java.vm.vendor" value="Oracle Corporation"/>
    <property name="maven.multiModuleProjectDirectory" value="/tmp/tmpgi0m23ki/DigitalMediaServer"/>
    <property name="maven.javadoc.skip" value="true"/>
    <property name="java.vendor.url" value="http://java.oracle.com/"/>
    <property name="path.separator" value=":"/>
    <property name="guice.disable.misplaced.annotation.check" value="true"/>
    <property name="java.vm.name" value="OpenJDK 64-Bit Server VM"/>
    <property name="file.encoding.pkg" value="sun.io"/>
    <property name="sun.java.launcher" value="SUN_STANDARD"/>
    <property name="sun.os.patch.level" value="unknown"/>
    <property name="source.skip" value="true"/>
    <property name="java.vm.specification.name" value="Java Virtual Machine Specification"/>
    <property name="user.dir" value="/tmp/tmpgi0m23ki/DigitalMediaServer"/>
    <property name="java.runtime.version" value="1.8.0_262-b10"/>
    <property name="java.awt.graphicsenv" value="sun.awt.X11GraphicsEnvironment"/>
    <property name="java.endorsed.dirs" value="/usr/local/openjdk-8/jre/lib/endorsed"/>
    <property name="os.arch" value="amd64"/>
    <property name="java.io.tmpdir" value="/tmp"/>
    <property name="line.separator" value="&#10;"/>
    <property name="java.vm.specification.vendor" value="Oracle Corporation"/>
    <property name="os.name" value="Linux"/>
    <property name="classworlds.conf" value="/usr/share/maven/bin/m2.conf"/>
    <property name="sun.jnu.encoding" value="UTF-8"/>
    <property name="java.library.path" value="/usr/java/packages/lib/amd64:/usr/lib64:/lib64:/lib:/usr/lib"/>
    <property name="license.skip" value="true"/>
    <property name="maven.conf" value="/usr/share/maven/conf"/>
    <property name="java.specification.name" value="Java Platform API Specification"/>
    <property name="java.class.version" value="52.0"/>
    <property name="sun.management.compiler" value="HotSpot 64-Bit Tiered Compilers"/>
    <property name="maven.test.failure.ignore" value="true"/>
    <property name="os.version" value="4.15.0-109-generic"/>
    <property name="library.jansi.path" value="/usr/share/maven/lib/jansi-native"/>
    <property name="user.home" value="/home/jdbl"/>
    <property name="user.timezone" value="Etc/UTC"/>
    <property name="java.awt.printerjob" value="sun.print.PSPrinterJob"/>
    <property name="java.specification.version" value="1.8"/>
    <property name="file.encoding" value="UTF-8"/>
    <property name="user.name" value="jdbl"/>
    <property name="java.class.path" value="/usr/share/maven/boot/plexus-classworlds-2.6.0.jar"/>
    <property name="java.vm.specification.version" value="1.8"/>
    <property name="sun.arch.data.model" value="64"/>
    <property name="java.home" value="/usr/local/openjdk-8/jre"/>
    <property name="sun.java.command" value="org.codehaus.plexus.classworlds.launcher.Launcher test -e --fail-never -ntp -Dmaven.test.failure.ignore=true -B -Dmaven.javadoc.skip=true -Drat.skip=true -Danimal.sniffer.skip=true -Dmaven.javadoc.skip=true -Dlicense.skip=true -Dsource.skip=true"/>
    <property name="java.specification.vendor" value="Oracle Corporation"/>
    <property name="user.language" value="en"/>
    <property name="awt.toolkit" value="sun.awt.X11.XToolkit"/>
    <property name="java.vm.info" value="mixed mode"/>
    <property name="java.version" value="1.8.0_262"/>
    <property name="java.ext.dirs" value="/usr/local/openjdk-8/jre/lib/ext:/usr/java/packages/lib/ext"/>
    <property name="securerandom.source" value="file:/dev/./urandom"/>
    <property name="sun.boot.class.path" value="/usr/local/openjdk-8/jre/lib/resources.jar:/usr/local/openjdk-8/jre/lib/rt.jar:/usr/local/openjdk-8/jre/lib/sunrsasign.jar:/usr/local/openjdk-8/jre/lib/jsse.jar:/usr/local/openjdk-8/jre/lib/jce.jar:/usr/local/openjdk-8/jre/lib/charsets.jar:/usr/local/openjdk-8/jre/lib/jfr.jar:/usr/local/openjdk-8/jre/classes"/>
    <property name="java.vendor" value="Oracle Corporation"/>
    <property name="rat.skip" value="true"/>
    <property name="maven.home" value="/usr/share/maven"/>
    <property name="file.separator" value="/"/>
    <property name="java.vendor.url.bug" value="http://bugreport.sun.com/bugreport/"/>
    <property name="sun.cpu.endian" value="little"/>
    <property name="sun.io.unicode.encoding" value="UnicodeLittle"/>
    <property name="sun.cpu.isalist" value=""/>
  </properties>
  <testcase name="test33" classname="net.pms.configuration.FormatConfigurationRegressionTest0" time="0"/>
  <testcase name="test59" classname="net.pms.configuration.FormatConfigurationRegressionTest0" time="0"/>
  <testcase name="test66" classname="net.pms.configuration.FormatConfigurationRegressionTest0" time="0"/>
  <testcase name="testAACLC" classname="net.pms.configuration.FormatConfigurationRegressionTest0" time="0"/>
  <testcase name="testAAC_LTP" classname="net.pms.configuration.FormatConfigurationRegressionTest0" time="0"/>
  <testcase name="testAAC_MAIN" classname="net.pms.configuration.FormatConfigurationRegressionTest0" time="0"/>
  <testcase name="testAAC_SSR" classname="net.pms.configuration.FormatConfigurationRegressionTest0" time="0"/>
  <testcase name="testAC3" classname="net.pms.configuration.FormatConfigurationRegressionTest0" time="0"/>
  <testcase name="testACELP" classname="net.pms.configuration.FormatConfigurationRegressionTest0" time="0"/>
  <testcase name="testADPCM" classname="net.pms.configuration.FormatConfigurationRegressionTest0" time="0"/>
  <testcase name="testADTS" classname="net.pms.configuration.FormatConfigurationRegressionTest0" time="0"/>
  <testcase name="testAIFC" classname="net.pms.configuration.FormatConfigurationRegressionTest0" time="0"/>
  <testcase name="testAIFF" classname="net.pms.configuration.FormatConfigurationRegressionTest0" time="0"/>
  <testcase name="testALAC" classname="net.pms.configuration.FormatConfigurationRegressionTest0" time="0"/>
  <testcase name="testALS" classname="net.pms.configuration.FormatConfigurationRegressionTest0" time="0"/>
  <testcase name="testAMR" classname="net.pms.configuration.FormatConfigurationRegressionTest0" time="0"/>
  <testcase name="testATMOS" classname="net.pms.configuration.FormatConfigurationRegressionTest0" time="0"/>
  <testcase name="testATRAC" classname="net.pms.configuration.FormatConfigurationRegressionTest0" time="0"/>
  <testcase name="testAU" classname="net.pms.configuration.FormatConfigurationRegressionTest0" time="0"/>
  <testcase name="testAV1" classname="net.pms.configuration.FormatConfigurationRegressionTest0" time="0"/>
  <testcase name="testAVI" classname="net.pms.configuration.FormatConfigurationRegressionTest0" time="0"/>
  <testcase name="testBMP" classname="net.pms.configuration.FormatConfigurationRegressionTest0" time="0"/>
  <testcase name="testCAF" classname="net.pms.configuration.FormatConfigurationRegressionTest0" time="0"/>
  <testcase name="testCELP" classname="net.pms.configuration.FormatConfigurationRegressionTest0" time="0"/>
  <testcase name="testCINEPAK" classname="net.pms.configuration.FormatConfigurationRegressionTest0" time="0"/>
  <testcase name="testCOOK" classname="net.pms.configuration.FormatConfigurationRegressionTest0" time="0"/>
  <testcase name="testDFF" classname="net.pms.configuration.FormatConfigurationRegressionTest0" time="0"/>
  <testcase name="testDIVX" classname="net.pms.configuration.FormatConfigurationRegressionTest0" time="0"/>
  <testcase name="testDOLBYE" classname="net.pms.configuration.FormatConfigurationRegressionTest0" time="0"/>
  <testcase name="testDSF" classname="net.pms.configuration.FormatConfigurationRegressionTest0" time="0"/>
  <testcase name="testDTS" classname="net.pms.configuration.FormatConfigurationRegressionTest0" time="0"/>
  <testcase name="testDTSHD" classname="net.pms.configuration.FormatConfigurationRegressionTest0" time="0"/>
  <testcase name="testDV" classname="net.pms.configuration.FormatConfigurationRegressionTest0" time="0"/>
  <testcase name="testEAC3" classname="net.pms.configuration.FormatConfigurationRegressionTest0" time="0"/>
  <testcase name="testFFV1" classname="net.pms.configuration.FormatConfigurationRegressionTest0" time="0"/>
  <testcase name="testFLAC" classname="net.pms.configuration.FormatConfigurationRegressionTest0" time="0"/>
  <testcase name="testFLV" classname="net.pms.configuration.FormatConfigurationRegressionTest0" time="0"/>
  <testcase name="testG729" classname="net.pms.configuration.FormatConfigurationRegressionTest0" time="0"/>
  <testcase name="testGIF" classname="net.pms.configuration.FormatConfigurationRegressionTest0" time="0"/>
  <testcase name="testH261" classname="net.pms.configuration.FormatConfigurationRegressionTest0" time="0"/>
  <testcase name="testH263" classname="net.pms.configuration.FormatConfigurationRegressionTest0" time="0"/>
  <testcase name="testH264" classname="net.pms.configuration.FormatConfigurationRegressionTest0" time="0"/>
  <testcase name="testH265" classname="net.pms.configuration.FormatConfigurationRegressionTest0" time="0"/>
  <testcase name="testHEAAC" classname="net.pms.configuration.FormatConfigurationRegressionTest0" time="0"/>
  <testcase name="testINDEO" classname="net.pms.configuration.FormatConfigurationRegressionTest0" time="0"/>
  <testcase name="testJPG" classname="net.pms.configuration.FormatConfigurationRegressionTest0" time="0"/>
  <testcase name="testLPCM" classname="net.pms.configuration.FormatConfigurationRegressionTest0" time="0"/>
  <testcase name="testM4A" classname="net.pms.configuration.FormatConfigurationRegressionTest0" time="0"/>
  <testcase name="testMACE3" classname="net.pms.configuration.FormatConfigurationRegressionTest0" time="0"/>
  <testcase name="testMACE6" classname="net.pms.configuration.FormatConfigurationRegressionTest0" time="0"/>
  <testcase name="testMIMETYPE_AUTO" classname="net.pms.configuration.FormatConfigurationRegressionTest0" time="0"/>
  <testcase name="testMJP2" classname="net.pms.configuration.FormatConfigurationRegressionTest0" time="0"/>
  <testcase name="testMJPEG" classname="net.pms.configuration.FormatConfigurationRegressionTest0" time="0"/>
  <testcase name="testMKA" classname="net.pms.configuration.FormatConfigurationRegressionTest0" time="0"/>
  <testcase name="testMKV" classname="net.pms.configuration.FormatConfigurationRegressionTest0" time="0"/>
  <testcase name="testMLP" classname="net.pms.configuration.FormatConfigurationRegressionTest0" time="0"/>
  <testcase name="testMONKEYS_AUDIO" classname="net.pms.configuration.FormatConfigurationRegressionTest0" time="0"/>
  <testcase name="testMOV" classname="net.pms.configuration.FormatConfigurationRegressionTest0" time="0"/>
  <testcase name="testMP2" classname="net.pms.configuration.FormatConfigurationRegressionTest0" time="0"/>
  <testcase name="testMP3" classname="net.pms.configuration.FormatConfigurationRegressionTest0" time="0"/>
  <testcase name="testMP4" classname="net.pms.configuration.FormatConfigurationRegressionTest0" time="0"/>
  <testcase name="testMPA" classname="net.pms.configuration.FormatConfigurationRegressionTest0" time="0"/>
  <testcase name="testMPC" classname="net.pms.configuration.FormatConfigurationRegressionTest0" time="0"/>
  <testcase name="testMPEG1" classname="net.pms.configuration.FormatConfigurationRegressionTest0" time="0"/>
  <testcase name="testMPEG2" classname="net.pms.configuration.FormatConfigurationRegressionTest0" time="0"/>
  <testcase name="testMPEG4ASP" classname="net.pms.configuration.FormatConfigurationRegressionTest0" time="0"/>
  <testcase name="testMPEG4SP" classname="net.pms.configuration.FormatConfigurationRegressionTest0" time="0"/>
  <testcase name="testMPEGPS" classname="net.pms.configuration.FormatConfigurationRegressionTest0" time="0"/>
  <testcase name="testMPEGTS" classname="net.pms.configuration.FormatConfigurationRegressionTest0" time="0"/>
  <testcase name="testMXF" classname="net.pms.configuration.FormatConfigurationRegressionTest0" time="0"/>
  <testcase name="testNELLYMOSER" classname="net.pms.configuration.FormatConfigurationRegressionTest0" time="0"/>
  <testcase name="testOGA" classname="net.pms.configuration.FormatConfigurationRegressionTest0" time="0"/>
  <testcase name="testOGG" classname="net.pms.configuration.FormatConfigurationRegressionTest0" time="0"/>
  <testcase name="testOPUS" classname="net.pms.configuration.FormatConfigurationRegressionTest0" time="0"/>
  <testcase name="testPNG" classname="net.pms.configuration.FormatConfigurationRegressionTest0" time="0"/>
  <testcase name="testPRORES" classname="net.pms.configuration.FormatConfigurationRegressionTest0" time="0"/>
  <testcase name="testQCELP" classname="net.pms.configuration.FormatConfigurationRegressionTest0" time="0"/>
  <testcase name="testQDESIGN" classname="net.pms.configuration.FormatConfigurationRegressionTest0" time="0"/>
  <testcase name="testRA" classname="net.pms.configuration.FormatConfigurationRegressionTest0" time="0"/>
  <testcase name="testRALF" classname="net.pms.configuration.FormatConfigurationRegressionTest0" time="0"/>
  <testcase name="testRGB" classname="net.pms.configuration.FormatConfigurationRegressionTest0" time="0"/>
  <testcase name="testRLE" classname="net.pms.configuration.FormatConfigurationRegressionTest0" time="0"/>
  <testcase name="testRM" classname="net.pms.configuration.FormatConfigurationRegressionTest0" time="0"/>
  <testcase name="testRealAudio_14_4" classname="net.pms.configuration.FormatConfigurationRegressionTest0" time="0"/>
  <testcase name="testRealAudio_28_8" classname="net.pms.configuration.FormatConfigurationRegressionTest0" time="0"/>
  <testcase name="testSHORTEN" classname="net.pms.configuration.FormatConfigurationRegressionTest0" time="0"/>
  <testcase name="testSOR" classname="net.pms.configuration.FormatConfigurationRegressionTest0" time="0"/>
  <testcase name="testSUDS" classname="net.pms.configuration.FormatConfigurationRegressionTest0" time="0"/>
  <testcase name="testSipro" classname="net.pms.configuration.FormatConfigurationRegressionTest0" time="0"/>
  <testcase name="testTGA" classname="net.pms.configuration.FormatConfigurationRegressionTest0" time="0"/>
  <testcase name="testTHEORA" classname="net.pms.configuration.FormatConfigurationRegressionTest0" time="0"/>
  <testcase name="testTHREEGA" classname="net.pms.configuration.FormatConfigurationRegressionTest0" time="0"/>
  <testcase name="testTHREEGPP" classname="net.pms.configuration.FormatConfigurationRegressionTest0" time="0"/>
  <testcase name="testTHREEGPP2" classname="net.pms.configuration.FormatConfigurationRegressionTest0" time="0"/>
  <testcase name="testTIFF" classname="net.pms.configuration.FormatConfigurationRegressionTest0" time="0"/>
  <testcase name="testTRUEHD" classname="net.pms.configuration.FormatConfigurationRegressionTest0" time="0"/>
  <testcase name="testTTA" classname="net.pms.configuration.FormatConfigurationRegressionTest0" time="0"/>
  <testcase name="testUnd" classname="net.pms.configuration.FormatConfigurationRegressionTest0" time="0"/>
  <testcase name="testVC1" classname="net.pms.configuration.FormatConfigurationRegressionTest0" time="0"/>
  <testcase name="testVC3" classname="net.pms.configuration.FormatConfigurationRegressionTest0" time="0"/>
  <testcase name="testVORBIS" classname="net.pms.configuration.FormatConfigurationRegressionTest0" time="0"/>
  <testcase name="testVP6" classname="net.pms.configuration.FormatConfigurationRegressionTest0" time="0"/>
  <testcase name="testVP7" classname="net.pms.configuration.FormatConfigurationRegressionTest0" time="0"/>
  <testcase name="testVP8" classname="net.pms.configuration.FormatConfigurationRegressionTest0" time="0"/>
  <testcase name="testVP9" classname="net.pms.configuration.FormatConfigurationRegressionTest0" time="0"/>
  <testcase name="testWAV" classname="net.pms.configuration.FormatConfigurationRegressionTest0" time="0.001"/>
  <testcase name="testWAVPACK" classname="net.pms.configuration.FormatConfigurationRegressionTest0" time="0"/>
  <testcase name="testWEBM" classname="net.pms.configuration.FormatConfigurationRegressionTest0" time="0"/>
  <testcase name="testWMA" classname="net.pms.configuration.FormatConfigurationRegressionTest0" time="0"/>
  <testcase name="testWMA10" classname="net.pms.configuration.FormatConfigurationRegressionTest0" time="0"/>
  <testcase name="testWMALOSSLESS" classname="net.pms.configuration.FormatConfigurationRegressionTest0" time="0"/>
  <testcase name="testWMAPRO" classname="net.pms.configuration.FormatConfigurationRegressionTest0" time="0"/>
  <testcase name="testWMAVOICE" classname="net.pms.configuration.FormatConfigurationRegressionTest0" time="0"/>
  <testcase name="testWMV" classname="net.pms.configuration.FormatConfigurationRegressionTest0" time="0"/>
  <testcase name="testYUV" classname="net.pms.configuration.FormatConfigurationRegressionTest0" time="0"/>
</testsuite>