<?xml version="1.0" encoding="UTF-8"?>
<testsuite name="org.apache.commons.collections4.map.Flat3MapTest" time="0.033" tests="167" errors="0" skipped="0" failures="0">
  <properties>
    <property name="java.runtime.name" value="OpenJDK Runtime Environment"/>
    <property name="sun.boot.library.path" value="/usr/local/openjdk-8/jre/lib/amd64"/>
    <property name="java.vm.version" value="25.262-b10"/>
    <property name="animal.sniffer.skip" value="true"/>
    <property name="java.vm.vendor" value="Oracle Corporation"/>
    <property name="maven.multiModuleProjectDirectory" value="/tmp/tmp41fw76z5/commons-collections"/>
    <property name="maven.javadoc.skip" value="true"/>
    <property name="java.vendor.url" value="http://java.oracle.com/"/>
    <property name="path.separator" value=":"/>
    <property name="guice.disable.misplaced.annotation.check" value="true"/>
    <property name="java.vm.name" value="OpenJDK 64-Bit Server VM"/>
    <property name="file.encoding.pkg" value="sun.io"/>
    <property name="sun.java.launcher" value="SUN_STANDARD"/>
    <property name="sun.os.patch.level" value="unknown"/>
    <property name="source.skip" value="true"/>
    <property name="java.vm.specification.name" value="Java Virtual Machine Specification"/>
    <property name="user.dir" value="/tmp/tmp41fw76z5/commons-collections"/>
    <property name="java.runtime.version" value="1.8.0_262-b10"/>
    <property name="java.awt.graphicsenv" value="sun.awt.X11GraphicsEnvironment"/>
    <property name="java.endorsed.dirs" value="/usr/local/openjdk-8/jre/lib/endorsed"/>
    <property name="os.arch" value="amd64"/>
    <property name="java.io.tmpdir" value="/tmp"/>
    <property name="line.separator" value="&#10;"/>
    <property name="java.vm.specification.vendor" value="Oracle Corporation"/>
    <property name="os.name" value="Linux"/>
    <property name="classworlds.conf" value="/usr/share/maven/bin/m2.conf"/>
    <property name="maven.test.error.ignore" value="true"/>
    <property name="sun.jnu.encoding" value="UTF-8"/>
    <property name="java.library.path" value="/usr/java/packages/lib/amd64:/usr/lib64:/lib64:/lib:/usr/lib"/>
    <property name="license.skip" value="true"/>
    <property name="maven.conf" value="/usr/share/maven/conf"/>
    <property name="java.specification.name" value="Java Platform API Specification"/>
    <property name="java.class.version" value="52.0"/>
    <property name="sun.management.compiler" value="HotSpot 64-Bit Tiered Compilers"/>
    <property name="maven.test.failure.ignore" value="true"/>
    <property name="os.version" value="4.15.0-109-generic"/>
    <property name="library.jansi.path" value="/usr/share/maven/lib/jansi-native"/>
    <property name="user.home" value="/home/jdbl"/>
    <property name="user.timezone" value="Etc/UTC"/>
    <property name="java.awt.printerjob" value="sun.print.PSPrinterJob"/>
    <property name="java.specification.version" value="1.8"/>
    <property name="file.encoding" value="UTF-8"/>
    <property name="user.name" value="jdbl"/>
    <property name="java.class.path" value="/usr/share/maven/boot/plexus-classworlds-2.6.0.jar"/>
    <property name="java.vm.specification.version" value="1.8"/>
    <property name="sun.arch.data.model" value="64"/>
    <property name="java.home" value="/usr/local/openjdk-8/jre"/>
    <property name="sun.java.command" value="org.codehaus.plexus.classworlds.launcher.Launcher package -e --fail-never -ntp -Dmaven.test.error.ignore=true -Dmaven.test.failure.ignore=true -B -Dmaven.javadoc.skip=true -Drat.skip=true -Danimal.sniffer.skip=true -Dmaven.javadoc.skip=true -Dlicense.skip=true -Dsource.skip=true"/>
    <property name="java.specification.vendor" value="Oracle Corporation"/>
    <property name="user.language" value="en"/>
    <property name="awt.toolkit" value="sun.awt.X11.XToolkit"/>
    <property name="java.vm.info" value="mixed mode"/>
    <property name="java.version" value="1.8.0_262"/>
    <property name="java.ext.dirs" value="/usr/local/openjdk-8/jre/lib/ext:/usr/java/packages/lib/ext"/>
    <property name="securerandom.source" value="file:/dev/./urandom"/>
    <property name="sun.boot.class.path" value="/usr/local/openjdk-8/jre/lib/resources.jar:/usr/local/openjdk-8/jre/lib/rt.jar:/usr/local/openjdk-8/jre/lib/sunrsasign.jar:/usr/local/openjdk-8/jre/lib/jsse.jar:/usr/local/openjdk-8/jre/lib/jce.jar:/usr/local/openjdk-8/jre/lib/charsets.jar:/usr/local/openjdk-8/jre/lib/jfr.jar:/usr/local/openjdk-8/jre/classes"/>
    <property name="java.vendor" value="Oracle Corporation"/>
    <property name="rat.skip" value="true"/>
    <property name="maven.home" value="/usr/share/maven"/>
    <property name="file.separator" value="/"/>
    <property name="java.vendor.url.bug" value="http://bugreport.sun.com/bugreport/"/>
    <property name="sun.cpu.endian" value="little"/>
    <property name="sun.io.unicode.encoding" value="UnicodeLittle"/>
    <property name="sun.cpu.isalist" value=""/>
  </properties>
  <testcase name="testFullMapIterator" classname="org.apache.commons.collections4.map.Flat3MapTest$TestFlatMapIterator" time="0.002"/>
  <testcase name="testMapIteratorSet" classname="org.apache.commons.collections4.map.Flat3MapTest$TestFlatMapIterator" time="0.001"/>
  <testcase name="testMapIteratorSetRemoveSet" classname="org.apache.commons.collections4.map.Flat3MapTest$TestFlatMapIterator" time="0"/>
  <testcase name="testMapIteratorRemoveGetKey" classname="org.apache.commons.collections4.map.Flat3MapTest$TestFlatMapIterator" time="0"/>
  <testcase name="testMapIteratorRemoveGetValue" classname="org.apache.commons.collections4.map.Flat3MapTest$TestFlatMapIterator" time="0.001"/>
  <testcase name="testEmptyMapIterator" classname="org.apache.commons.collections4.map.Flat3MapTest$TestFlatMapIterator" time="0.001"/>
  <testcase name="testRemove" classname="org.apache.commons.collections4.map.Flat3MapTest$TestFlatMapIterator" time="0"/>
  <testcase name="testEmptyIterator" classname="org.apache.commons.collections4.map.Flat3MapTest$TestFlatMapIterator" time="0"/>
  <testcase name="testFullIterator" classname="org.apache.commons.collections4.map.Flat3MapTest$TestFlatMapIterator" time="0.002"/>
  <testcase name="testSerializeDeserializeThenCompare" classname="org.apache.commons.collections4.map.Flat3MapTest$TestFlatMapIterator" time="0"/>
  <testcase name="testEqualsNull" classname="org.apache.commons.collections4.map.Flat3MapTest$TestFlatMapIterator" time="0"/>
  <testcase name="testObjectEqualsSelf" classname="org.apache.commons.collections4.map.Flat3MapTest$TestFlatMapIterator" time="0"/>
  <testcase name="testObjectHashCodeEqualsSelfHashCode" classname="org.apache.commons.collections4.map.Flat3MapTest$TestFlatMapIterator" time="0"/>
  <testcase name="testObjectHashCodeEqualsContract" classname="org.apache.commons.collections4.map.Flat3MapTest$TestFlatMapIterator" time="0"/>
  <testcase name="testSimpleSerialization" classname="org.apache.commons.collections4.map.Flat3MapTest$TestFlatMapIterator" time="0"/>
  <testcase name="testCanonicalEmptyCollectionExists" classname="org.apache.commons.collections4.map.Flat3MapTest$TestFlatMapIterator" time="0"/>
  <testcase name="testCanonicalFullCollectionExists" classname="org.apache.commons.collections4.map.Flat3MapTest$TestFlatMapIterator" time="0"/>
  <testcase name="testClone4" classname="org.apache.commons.collections4.map.Flat3MapTest" time="0"/>
  <testcase name="testSerialisation0" classname="org.apache.commons.collections4.map.Flat3MapTest" time="0.001"/>
  <testcase name="testSerialisation2" classname="org.apache.commons.collections4.map.Flat3MapTest" time="0.001"/>
  <testcase name="testSerialisation4" classname="org.apache.commons.collections4.map.Flat3MapTest" time="0"/>
  <testcase name="testEntryIteratorSetValue1" classname="org.apache.commons.collections4.map.Flat3MapTest" time="0.001"/>
  <testcase name="testEntryIteratorSetValue2" classname="org.apache.commons.collections4.map.Flat3MapTest" time="0"/>
  <testcase name="testEntryIteratorSetValue3" classname="org.apache.commons.collections4.map.Flat3MapTest" time="0.001"/>
  <testcase name="testMapIteratorSetValue1" classname="org.apache.commons.collections4.map.Flat3MapTest" time="0"/>
  <testcase name="testMapIteratorSetValue2" classname="org.apache.commons.collections4.map.Flat3MapTest" time="0"/>
  <testcase name="testMapIteratorSetValue3" classname="org.apache.commons.collections4.map.Flat3MapTest" time="0"/>
  <testcase name="testCollections261" classname="org.apache.commons.collections4.map.Flat3MapTest" time="0"/>
  <testcase name="testToString" classname="org.apache.commons.collections4.map.Flat3MapTest" time="0"/>
  <testcase name="testEquals2" classname="org.apache.commons.collections4.map.Flat3MapTest" time="0"/>
  <testcase name="testEquals1" classname="org.apache.commons.collections4.map.Flat3MapTest" time="0"/>
  <testcase name="testClone2" classname="org.apache.commons.collections4.map.Flat3MapTest" time="0"/>
  <testcase name="testFailFastEntrySet" classname="org.apache.commons.collections4.map.Flat3MapTest" time="0"/>
  <testcase name="testFailFastKeySet" classname="org.apache.commons.collections4.map.Flat3MapTest" time="0"/>
  <testcase name="testFailFastValues" classname="org.apache.commons.collections4.map.Flat3MapTest" time="0"/>
  <testcase name="testMapClear" classname="org.apache.commons.collections4.map.Flat3MapTest" time="0"/>
  <testcase name="testMapContainsKey" classname="org.apache.commons.collections4.map.Flat3MapTest" time="0"/>
  <testcase name="testMapContainsValue" classname="org.apache.commons.collections4.map.Flat3MapTest" time="0"/>
  <testcase name="testMapEquals" classname="org.apache.commons.collections4.map.Flat3MapTest" time="0.001"/>
  <testcase name="testMapGet" classname="org.apache.commons.collections4.map.Flat3MapTest" time="0"/>
  <testcase name="testMapHashCode" classname="org.apache.commons.collections4.map.Flat3MapTest" time="0"/>
  <testcase name="testMapToString" classname="org.apache.commons.collections4.map.Flat3MapTest" time="0"/>
  <testcase name="testEmptyMapCompatibility" classname="org.apache.commons.collections4.map.Flat3MapTest" time="0"/>
  <testcase name="testFullMapCompatibility" classname="org.apache.commons.collections4.map.Flat3MapTest" time="0"/>
  <testcase name="testMapPut" classname="org.apache.commons.collections4.map.Flat3MapTest" time="0.005"/>
  <testcase name="testMapPutNullKey" classname="org.apache.commons.collections4.map.Flat3MapTest" time="0"/>
  <testcase name="testMapPutNullValue" classname="org.apache.commons.collections4.map.Flat3MapTest" time="0"/>
  <testcase name="testMapPutAll" classname="org.apache.commons.collections4.map.Flat3MapTest" time="0"/>
  <testcase name="testMapRemove" classname="org.apache.commons.collections4.map.Flat3MapTest" time="0.001"/>
  <testcase name="testValuesClearChangesMap" classname="org.apache.commons.collections4.map.Flat3MapTest" time="0"/>
  <testcase name="testKeySetClearChangesMap" classname="org.apache.commons.collections4.map.Flat3MapTest" time="0"/>
  <testcase name="testEntrySetClearChangesMap" classname="org.apache.commons.collections4.map.Flat3MapTest" time="0"/>
  <testcase name="testEntrySetContains1" classname="org.apache.commons.collections4.map.Flat3MapTest" time="0"/>
  <testcase name="testEntrySetContains2" classname="org.apache.commons.collections4.map.Flat3MapTest" time="0"/>
  <testcase name="testEntrySetContains3" classname="org.apache.commons.collections4.map.Flat3MapTest" time="0"/>
  <testcase name="testEntrySetRemove1" classname="org.apache.commons.collections4.map.Flat3MapTest" time="0"/>
  <testcase name="testEntrySetRemove2" classname="org.apache.commons.collections4.map.Flat3MapTest" time="0"/>
  <testcase name="testEntrySetRemove3" classname="org.apache.commons.collections4.map.Flat3MapTest" time="0"/>
  <testcase name="testValuesRemoveChangesMap" classname="org.apache.commons.collections4.map.Flat3MapTest" time="0"/>
  <testcase name="testValuesRemoveAll" classname="org.apache.commons.collections4.map.Flat3MapTest" time="0"/>
  <testcase name="testValuesRetainAll" classname="org.apache.commons.collections4.map.Flat3MapTest" time="0"/>
  <testcase name="testValuesIteratorRemoveChangesMap" classname="org.apache.commons.collections4.map.Flat3MapTest" time="0.001"/>
  <testcase name="testKeySetRemoveChangesMap" classname="org.apache.commons.collections4.map.Flat3MapTest" time="0"/>
  <testcase name="testKeySetRemoveAll" classname="org.apache.commons.collections4.map.Flat3MapTest" time="0"/>
  <testcase name="testKeySetRetainAll" classname="org.apache.commons.collections4.map.Flat3MapTest" time="0"/>
  <testcase name="testKeySetIteratorRemoveChangesMap" classname="org.apache.commons.collections4.map.Flat3MapTest" time="0"/>
  <testcase name="testEntrySetRemoveChangesMap" classname="org.apache.commons.collections4.map.Flat3MapTest" time="0"/>
  <testcase name="testEntrySetRemoveAll" classname="org.apache.commons.collections4.map.Flat3MapTest" time="0"/>
  <testcase name="testEntrySetRetainAll" classname="org.apache.commons.collections4.map.Flat3MapTest" time="0"/>
  <testcase name="testEntrySetIteratorRemoveChangesMap" classname="org.apache.commons.collections4.map.Flat3MapTest" time="0"/>
  <testcase name="testMapEntrySetIteratorEntry" classname="org.apache.commons.collections4.map.AbstractMapTest$TestMapEntrySet" time="0"/>
  <testcase name="testMapEntrySetIteratorEntrySetValue" classname="org.apache.commons.collections4.map.AbstractMapTest$TestMapEntrySet" time="0.001"/>
  <testcase name="testMapEntrySetRemoveNonMapEntry" classname="org.apache.commons.collections4.map.AbstractMapTest$TestMapEntrySet" time="0"/>
  <testcase name="testSetHashCode" classname="org.apache.commons.collections4.map.AbstractMapTest$TestMapEntrySet" time="0"/>
  <testcase name="testSetEquals" classname="org.apache.commons.collections4.map.AbstractMapTest$TestMapEntrySet" time="0"/>
  <testcase name="testCollectionAdd" classname="org.apache.commons.collections4.map.AbstractMapTest$TestMapEntrySet" time="0"/>
  <testcase name="testCollectionAddAll" classname="org.apache.commons.collections4.map.AbstractMapTest$TestMapEntrySet" time="0"/>
  <testcase name="testUnsupportedAdd" classname="org.apache.commons.collections4.map.AbstractMapTest$TestMapEntrySet" time="0"/>
  <testcase name="testCollectionClear" classname="org.apache.commons.collections4.map.AbstractMapTest$TestMapEntrySet" time="0.001"/>
  <testcase name="testCollectionContains" classname="org.apache.commons.collections4.map.AbstractMapTest$TestMapEntrySet" time="0"/>
  <testcase name="testCollectionContainsAll" classname="org.apache.commons.collections4.map.AbstractMapTest$TestMapEntrySet" time="0"/>
  <testcase name="testCollectionIsEmpty" classname="org.apache.commons.collections4.map.AbstractMapTest$TestMapEntrySet" time="0"/>
  <testcase name="testCollectionIterator" classname="org.apache.commons.collections4.map.AbstractMapTest$TestMapEntrySet" time="0.001"/>
  <testcase name="testCollectionIteratorRemove" classname="org.apache.commons.collections4.map.AbstractMapTest$TestMapEntrySet" time="0.001"/>
  <testcase name="testCollectionRemove" classname="org.apache.commons.collections4.map.AbstractMapTest$TestMapEntrySet" time="0.002"/>
  <testcase name="testCollectionRemoveAll" classname="org.apache.commons.collections4.map.AbstractMapTest$TestMapEntrySet" time="0.001"/>
  <testcase name="testCollectionRetainAll" classname="org.apache.commons.collections4.map.AbstractMapTest$TestMapEntrySet" time="0"/>
  <testcase name="testCollectionSize" classname="org.apache.commons.collections4.map.AbstractMapTest$TestMapEntrySet" time="0"/>
  <testcase name="testCollectionToArray" classname="org.apache.commons.collections4.map.AbstractMapTest$TestMapEntrySet" time="0"/>
  <testcase name="testCollectionToArray2" classname="org.apache.commons.collections4.map.AbstractMapTest$TestMapEntrySet" time="0.001"/>
  <testcase name="testCollectionToString" classname="org.apache.commons.collections4.map.AbstractMapTest$TestMapEntrySet" time="0"/>
  <testcase name="testUnsupportedRemove" classname="org.apache.commons.collections4.map.AbstractMapTest$TestMapEntrySet" time="0"/>
  <testcase name="testCollectionIteratorFailFast" classname="org.apache.commons.collections4.map.AbstractMapTest$TestMapEntrySet" time="0"/>
  <testcase name="testSerializeDeserializeThenCompare" classname="org.apache.commons.collections4.map.AbstractMapTest$TestMapEntrySet" time="0"/>
  <testcase name="testEqualsNull" classname="org.apache.commons.collections4.map.AbstractMapTest$TestMapEntrySet" time="0"/>
  <testcase name="testObjectEqualsSelf" classname="org.apache.commons.collections4.map.AbstractMapTest$TestMapEntrySet" time="0"/>
  <testcase name="testObjectHashCodeEqualsSelfHashCode" classname="org.apache.commons.collections4.map.AbstractMapTest$TestMapEntrySet" time="0"/>
  <testcase name="testObjectHashCodeEqualsContract" classname="org.apache.commons.collections4.map.AbstractMapTest$TestMapEntrySet" time="0"/>
  <testcase name="testSimpleSerialization" classname="org.apache.commons.collections4.map.AbstractMapTest$TestMapEntrySet" time="0"/>
  <testcase name="testCanonicalEmptyCollectionExists" classname="org.apache.commons.collections4.map.AbstractMapTest$TestMapEntrySet" time="0"/>
  <testcase name="testCanonicalFullCollectionExists" classname="org.apache.commons.collections4.map.AbstractMapTest$TestMapEntrySet" time="0"/>
  <testcase name="testSetHashCode" classname="org.apache.commons.collections4.map.AbstractMapTest$TestMapKeySet" time="0"/>
  <testcase name="testSetEquals" classname="org.apache.commons.collections4.map.AbstractMapTest$TestMapKeySet" time="0"/>
  <testcase name="testCollectionAdd" classname="org.apache.commons.collections4.map.AbstractMapTest$TestMapKeySet" time="0"/>
  <testcase name="testCollectionAddAll" classname="org.apache.commons.collections4.map.AbstractMapTest$TestMapKeySet" time="0"/>
  <testcase name="testUnsupportedAdd" classname="org.apache.commons.collections4.map.AbstractMapTest$TestMapKeySet" time="0"/>
  <testcase name="testCollectionClear" classname="org.apache.commons.collections4.map.AbstractMapTest$TestMapKeySet" time="0"/>
  <testcase name="testCollectionContains" classname="org.apache.commons.collections4.map.AbstractMapTest$TestMapKeySet" time="0"/>
  <testcase name="testCollectionContainsAll" classname="org.apache.commons.collections4.map.AbstractMapTest$TestMapKeySet" time="0.001"/>
  <testcase name="testCollectionIsEmpty" classname="org.apache.commons.collections4.map.AbstractMapTest$TestMapKeySet" time="0"/>
  <testcase name="testCollectionIterator" classname="org.apache.commons.collections4.map.AbstractMapTest$TestMapKeySet" time="0"/>
  <testcase name="testCollectionIteratorRemove" classname="org.apache.commons.collections4.map.AbstractMapTest$TestMapKeySet" time="0"/>
  <testcase name="testCollectionRemove" classname="org.apache.commons.collections4.map.AbstractMapTest$TestMapKeySet" time="0.002"/>
  <testcase name="testCollectionRemoveAll" classname="org.apache.commons.collections4.map.AbstractMapTest$TestMapKeySet" time="0"/>
  <testcase name="testCollectionRetainAll" classname="org.apache.commons.collections4.map.AbstractMapTest$TestMapKeySet" time="0.001"/>
  <testcase name="testCollectionSize" classname="org.apache.commons.collections4.map.AbstractMapTest$TestMapKeySet" time="0"/>
  <testcase name="testCollectionToArray" classname="org.apache.commons.collections4.map.AbstractMapTest$TestMapKeySet" time="0"/>
  <testcase name="testCollectionToArray2" classname="org.apache.commons.collections4.map.AbstractMapTest$TestMapKeySet" time="0"/>
  <testcase name="testCollectionToString" classname="org.apache.commons.collections4.map.AbstractMapTest$TestMapKeySet" time="0"/>
  <testcase name="testUnsupportedRemove" classname="org.apache.commons.collections4.map.AbstractMapTest$TestMapKeySet" time="0"/>
  <testcase name="testCollectionIteratorFailFast" classname="org.apache.commons.collections4.map.AbstractMapTest$TestMapKeySet" time="0"/>
  <testcase name="testSerializeDeserializeThenCompare" classname="org.apache.commons.collections4.map.AbstractMapTest$TestMapKeySet" time="0"/>
  <testcase name="testEqualsNull" classname="org.apache.commons.collections4.map.AbstractMapTest$TestMapKeySet" time="0"/>
  <testcase name="testObjectEqualsSelf" classname="org.apache.commons.collections4.map.AbstractMapTest$TestMapKeySet" time="0"/>
  <testcase name="testObjectHashCodeEqualsSelfHashCode" classname="org.apache.commons.collections4.map.AbstractMapTest$TestMapKeySet" time="0"/>
  <testcase name="testObjectHashCodeEqualsContract" classname="org.apache.commons.collections4.map.AbstractMapTest$TestMapKeySet" time="0"/>
  <testcase name="testSimpleSerialization" classname="org.apache.commons.collections4.map.AbstractMapTest$TestMapKeySet" time="0"/>
  <testcase name="testCanonicalEmptyCollectionExists" classname="org.apache.commons.collections4.map.AbstractMapTest$TestMapKeySet" time="0"/>
  <testcase name="testCanonicalFullCollectionExists" classname="org.apache.commons.collections4.map.AbstractMapTest$TestMapKeySet" time="0"/>
  <testcase name="testCollectionAdd" classname="org.apache.commons.collections4.map.AbstractMapTest$TestMapValues" time="0"/>
  <testcase name="testCollectionAddAll" classname="org.apache.commons.collections4.map.AbstractMapTest$TestMapValues" time="0"/>
  <testcase name="testUnsupportedAdd" classname="org.apache.commons.collections4.map.AbstractMapTest$TestMapValues" time="0"/>
  <testcase name="testCollectionClear" classname="org.apache.commons.collections4.map.AbstractMapTest$TestMapValues" time="0"/>
  <testcase name="testCollectionContains" classname="org.apache.commons.collections4.map.AbstractMapTest$TestMapValues" time="0.001"/>
  <testcase name="testCollectionContainsAll" classname="org.apache.commons.collections4.map.AbstractMapTest$TestMapValues" time="0"/>
  <testcase name="testCollectionIsEmpty" classname="org.apache.commons.collections4.map.AbstractMapTest$TestMapValues" time="0"/>
  <testcase name="testCollectionIterator" classname="org.apache.commons.collections4.map.AbstractMapTest$TestMapValues" time="0"/>
  <testcase name="testCollectionIteratorRemove" classname="org.apache.commons.collections4.map.AbstractMapTest$TestMapValues" time="0"/>
  <testcase name="testCollectionRemove" classname="org.apache.commons.collections4.map.AbstractMapTest$TestMapValues" time="0.001"/>
  <testcase name="testCollectionRemoveAll" classname="org.apache.commons.collections4.map.AbstractMapTest$TestMapValues" time="0"/>
  <testcase name="testCollectionRetainAll" classname="org.apache.commons.collections4.map.AbstractMapTest$TestMapValues" time="0"/>
  <testcase name="testCollectionSize" classname="org.apache.commons.collections4.map.AbstractMapTest$TestMapValues" time="0"/>
  <testcase name="testCollectionToArray" classname="org.apache.commons.collections4.map.AbstractMapTest$TestMapValues" time="0"/>
  <testcase name="testCollectionToArray2" classname="org.apache.commons.collections4.map.AbstractMapTest$TestMapValues" time="0"/>
  <testcase name="testCollectionToString" classname="org.apache.commons.collections4.map.AbstractMapTest$TestMapValues" time="0"/>
  <testcase name="testUnsupportedRemove" classname="org.apache.commons.collections4.map.AbstractMapTest$TestMapValues" time="0"/>
  <testcase name="testCollectionIteratorFailFast" classname="org.apache.commons.collections4.map.AbstractMapTest$TestMapValues" time="0"/>
  <testcase name="testSerializeDeserializeThenCompare" classname="org.apache.commons.collections4.map.AbstractMapTest$TestMapValues" time="0"/>
  <testcase name="testEqualsNull" classname="org.apache.commons.collections4.map.AbstractMapTest$TestMapValues" time="0"/>
  <testcase name="testObjectEqualsSelf" classname="org.apache.commons.collections4.map.AbstractMapTest$TestMapValues" time="0"/>
  <testcase name="testObjectHashCodeEqualsSelfHashCode" classname="org.apache.commons.collections4.map.AbstractMapTest$TestMapValues" time="0"/>
  <testcase name="testObjectHashCodeEqualsContract" classname="org.apache.commons.collections4.map.AbstractMapTest$TestMapValues" time="0"/>
  <testcase name="testSimpleSerialization" classname="org.apache.commons.collections4.map.AbstractMapTest$TestMapValues" time="0"/>
  <testcase name="testCanonicalEmptyCollectionExists" classname="org.apache.commons.collections4.map.AbstractMapTest$TestMapValues" time="0"/>
  <testcase name="testCanonicalFullCollectionExists" classname="org.apache.commons.collections4.map.AbstractMapTest$TestMapValues" time="0"/>
  <testcase name="testSampleMappings" classname="org.apache.commons.collections4.map.Flat3MapTest" time="0"/>
  <testcase name="testMakeMap" classname="org.apache.commons.collections4.map.Flat3MapTest" time="0"/>
  <testcase name="testMapIsEmpty" classname="org.apache.commons.collections4.map.Flat3MapTest" time="0"/>
  <testcase name="testMapSize" classname="org.apache.commons.collections4.map.Flat3MapTest" time="0"/>
  <testcase name="testSerializeDeserializeThenCompare" classname="org.apache.commons.collections4.map.Flat3MapTest" time="0"/>
  <testcase name="testEqualsNull" classname="org.apache.commons.collections4.map.Flat3MapTest" time="0"/>
  <testcase name="testObjectEqualsSelf" classname="org.apache.commons.collections4.map.Flat3MapTest" time="0"/>
  <testcase name="testObjectHashCodeEqualsSelfHashCode" classname="org.apache.commons.collections4.map.Flat3MapTest" time="0"/>
  <testcase name="testObjectHashCodeEqualsContract" classname="org.apache.commons.collections4.map.Flat3MapTest" time="0"/>
  <testcase name="testSimpleSerialization" classname="org.apache.commons.collections4.map.Flat3MapTest" time="0"/>
  <testcase name="testCanonicalEmptyCollectionExists" classname="org.apache.commons.collections4.map.Flat3MapTest" time="0"/>
  <testcase name="testCanonicalFullCollectionExists" classname="org.apache.commons.collections4.map.Flat3MapTest" time="0"/>
</testsuite>