<?xml version="1.0" encoding="UTF-8"?>
<testsuite xmlns:xsi="http://www.w3.org/2001/XMLSchema-instance" xsi:noNamespaceSchemaLocation="https://maven.apache.org/surefire/maven-surefire-plugin/xsd/surefire-test-report.xsd" name="org.apache.commons.pool2.impl.TestGenericObjectPool" time="80.016" tests="81" errors="0" skipped="0" failures="0">
  <properties>
    <property name="awt.toolkit" value="sun.awt.X11.XToolkit"/>
    <property name="maven.test.error.ignore" value="true"/>
    <property name="file.encoding.pkg" value="sun.io"/>
    <property name="java.specification.version" value="1.8"/>
    <property name="sun.cpu.isalist" value=""/>
    <property name="sun.jnu.encoding" value="UTF-8"/>
    <property name="java.class.path" value="/tmp/tmpxmsg3_2j/commons-pool/target/test-classes:/tmp/tmpxmsg3_2j/commons-pool/target/classes:/home/jdbl/.m2/repository/junit/junit/4.12/junit-4.12.jar:/home/jdbl/.m2/repository/org/hamcrest/hamcrest-core/1.3/hamcrest-core-1.3.jar:/home/jdbl/.m2/repository/cglib/cglib/3.2.6/cglib-3.2.6.jar:/home/jdbl/.m2/repository/org/ow2/asm/asm/6.0/asm-6.0.jar:/home/jdbl/.m2/repository/org/apache/ant/ant/1.9.6/ant-1.9.6.jar:/home/jdbl/.m2/repository/org/apache/ant/ant-launcher/1.9.6/ant-launcher-1.9.6.jar:/home/jdbl/.m2/repository/org/ow2/asm/asm-util/6.2/asm-util-6.2.jar:/home/jdbl/.m2/repository/org/ow2/asm/asm-tree/6.2/asm-tree-6.2.jar:/home/jdbl/.m2/repository/org/ow2/asm/asm-analysis/6.2/asm-analysis-6.2.jar:"/>
    <property name="java.vm.vendor" value="Oracle Corporation"/>
    <property name="maven.javadoc.skip" value="true"/>
    <property name="sun.arch.data.model" value="64"/>
    <property name="java.vendor.url" value="http://java.oracle.com/"/>
    <property name="user.timezone" value=""/>
    <property name="java.vm.specification.version" value="1.8"/>
    <property name="os.name" value="Linux"/>
    <property name="rat.skip" value="true"/>
    <property name="sun.java.launcher" value="SUN_STANDARD"/>
    <property name="sun.boot.library.path" value="/usr/local/openjdk-8/jre/lib/amd64"/>
    <property name="sun.java.command" value="/tmp/tmpxmsg3_2j/commons-pool/target/surefire/surefirebooter7623738246263232967.jar /tmp/tmpxmsg3_2j/commons-pool/target/surefire 2020-07-30T15-54-09_443-jvmRun1 surefire8768700965809609293tmp surefire_0345023286130512697tmp"/>
    <property name="surefire.test.class.path" value="/tmp/tmpxmsg3_2j/commons-pool/target/test-classes:/tmp/tmpxmsg3_2j/commons-pool/target/classes:/home/jdbl/.m2/repository/junit/junit/4.12/junit-4.12.jar:/home/jdbl/.m2/repository/org/hamcrest/hamcrest-core/1.3/hamcrest-core-1.3.jar:/home/jdbl/.m2/repository/cglib/cglib/3.2.6/cglib-3.2.6.jar:/home/jdbl/.m2/repository/org/ow2/asm/asm/6.0/asm-6.0.jar:/home/jdbl/.m2/repository/org/apache/ant/ant/1.9.6/ant-1.9.6.jar:/home/jdbl/.m2/repository/org/apache/ant/ant-launcher/1.9.6/ant-launcher-1.9.6.jar:/home/jdbl/.m2/repository/org/ow2/asm/asm-util/6.2/asm-util-6.2.jar:/home/jdbl/.m2/repository/org/ow2/asm/asm-tree/6.2/asm-tree-6.2.jar:/home/jdbl/.m2/repository/org/ow2/asm/asm-analysis/6.2/asm-analysis-6.2.jar:"/>
    <property name="sun.cpu.endian" value="little"/>
    <property name="user.home" value="/home/jdbl"/>
    <property name="user.language" value="en"/>
    <property name="java.specification.vendor" value="Oracle Corporation"/>
    <property name="java.home" value="/usr/local/openjdk-8/jre"/>
    <property name="basedir" value="/tmp/tmpxmsg3_2j/commons-pool"/>
    <property name="file.separator" value="/"/>
    <property name="line.separator" value="&#10;"/>
    <property name="source.skip" value="true"/>
    <property name="java.vm.specification.vendor" value="Oracle Corporation"/>
    <property name="java.specification.name" value="Java Platform API Specification"/>
    <property name="java.awt.graphicsenv" value="sun.awt.X11GraphicsEnvironment"/>
    <property name="surefire.real.class.path" value="/tmp/tmpxmsg3_2j/commons-pool/target/surefire/surefirebooter7623738246263232967.jar"/>
    <property name="sun.boot.class.path" value="/usr/local/openjdk-8/jre/lib/resources.jar:/usr/local/openjdk-8/jre/lib/rt.jar:/usr/local/openjdk-8/jre/lib/sunrsasign.jar:/usr/local/openjdk-8/jre/lib/jsse.jar:/usr/local/openjdk-8/jre/lib/jce.jar:/usr/local/openjdk-8/jre/lib/charsets.jar:/usr/local/openjdk-8/jre/lib/jfr.jar:/usr/local/openjdk-8/jre/classes"/>
    <property name="sun.management.compiler" value="HotSpot 64-Bit Tiered Compilers"/>
    <property name="java.runtime.version" value="1.8.0_262-b10"/>
    <property name="user.name" value="jdbl"/>
    <property name="path.separator" value=":"/>
    <property name="os.version" value="4.15.0-109-generic"/>
    <property name="java.endorsed.dirs" value="/usr/local/openjdk-8/jre/lib/endorsed"/>
    <property name="java.runtime.name" value="OpenJDK Runtime Environment"/>
    <property name="file.encoding" value="UTF-8"/>
    <property name="java.vm.name" value="OpenJDK 64-Bit Server VM"/>
    <property name="localRepository" value="/home/jdbl/.m2/repository"/>
    <property name="java.vendor.url.bug" value="http://bugreport.sun.com/bugreport/"/>
    <property name="java.io.tmpdir" value="/tmp"/>
    <property name="java.version" value="1.8.0_262"/>
    <property name="user.dir" value="/tmp/tmpxmsg3_2j/commons-pool"/>
    <property name="os.arch" value="amd64"/>
    <property name="license.skip" value="true"/>
    <property name="animal.sniffer.skip" value="true"/>
    <property name="java.vm.specification.name" value="Java Virtual Machine Specification"/>
    <property name="java.awt.printerjob" value="sun.print.PSPrinterJob"/>
    <property name="sun.os.patch.level" value="unknown"/>
    <property name="java.library.path" value="/usr/java/packages/lib/amd64:/usr/lib64:/lib64:/lib:/usr/lib"/>
    <property name="java.vm.info" value="mixed mode"/>
    <property name="java.vendor" value="Oracle Corporation"/>
    <property name="java.vm.version" value="25.262-b10"/>
    <property name="java.ext.dirs" value="/usr/local/openjdk-8/jre/lib/ext:/usr/java/packages/lib/ext"/>
    <property name="sun.io.unicode.encoding" value="UnicodeLittle"/>
    <property name="java.class.version" value="52.0"/>
    <property name="maven.test.failure.ignore" value="true"/>
  </properties>
  <testcase name="testMakeConcurrentWithReturn" classname="org.apache.commons.pool2.impl.TestGenericObjectPool" time="0.46"/>
  <testcase name="testSwallowedExceptionListener" classname="org.apache.commons.pool2.impl.TestGenericObjectPool" time="0.002"/>
  <testcase name="testValidationFailureOnReturnFreesCapacity" classname="org.apache.commons.pool2.impl.TestGenericObjectPool" time="0.507"/>
  <testcase name="testConcurrentInvalidate" classname="org.apache.commons.pool2.impl.TestGenericObjectPool" time="13.586"/>
  <testcase name="testEvictWhileEmpty" classname="org.apache.commons.pool2.impl.TestGenericObjectPool" time="0.001"/>
  <testcase name="testConcurrentBorrowAndEvict" classname="org.apache.commons.pool2.impl.TestGenericObjectPool" time="3.323"/>
  <testcase name="testEvictionSoftMinIdle" classname="org.apache.commons.pool2.impl.TestGenericObjectPool" time="3.502"/>
  <testcase name="testTimeoutNoLeak" classname="org.apache.commons.pool2.impl.TestGenericObjectPool" time="0.012"/>
  <testcase name="testFIFO" classname="org.apache.commons.pool2.impl.TestGenericObjectPool" time="0.001"/>
  <testcase name="testLIFO" classname="org.apache.commons.pool2.impl.TestGenericObjectPool" time="0.001"/>
  <testcase name="testEvictionInvalid" classname="org.apache.commons.pool2.impl.TestGenericObjectPool" time="1.306"/>
  <testcase name="testClientWaitStats" classname="org.apache.commons.pool2.impl.TestGenericObjectPool" time="0.202"/>
  <testcase name="testMaxTotalZero" classname="org.apache.commons.pool2.impl.TestGenericObjectPool" time="0.004"/>
  <testcase name="testConstructors" classname="org.apache.commons.pool2.impl.TestGenericObjectPool" time="0.004"/>
  <testcase name="testThreaded1" classname="org.apache.commons.pool2.impl.TestGenericObjectPool" time="5.58"/>
  <testcase name="testBrokenFactoryShouldNotBlockPool" classname="org.apache.commons.pool2.impl.TestGenericObjectPool" time="0.002"/>
  <testcase name="testValidationOnCreateOnly" classname="org.apache.commons.pool2.impl.TestGenericObjectPool" time="3.002"/>
  <testcase name="testSettersAndGetters" classname="org.apache.commons.pool2.impl.TestGenericObjectPool" time="0.002"/>
  <testcase name="testJmxRegistration" classname="org.apache.commons.pool2.impl.TestGenericObjectPool" time="0.002"/>
  <testcase name="testMaxTotalInvariant" classname="org.apache.commons.pool2.impl.TestGenericObjectPool" time="1.603"/>
  <testcase name="testEvictFIFO" classname="org.apache.commons.pool2.impl.TestGenericObjectPool" time="0.127"/>
  <testcase name="testEvictLIFO" classname="org.apache.commons.pool2.impl.TestGenericObjectPool" time="0.127"/>
  <testcase name="testMultipleReturn" classname="org.apache.commons.pool2.impl.TestGenericObjectPool" time="0.002"/>
  <testcase name="testConstructorNullFactory" classname="org.apache.commons.pool2.impl.TestGenericObjectPool" time="0.002"/>
  <testcase name="testGetFactoryType_SynchronizedDefaultPooledObjectFactory" classname="org.apache.commons.pool2.impl.TestGenericObjectPool" time="0.002"/>
  <testcase name="testFailingFactoryDoesNotBlockThreads" classname="org.apache.commons.pool2.impl.TestGenericObjectPool" time="1.602"/>
  <testcase name="testMultipleReturnOfSameObject" classname="org.apache.commons.pool2.impl.TestGenericObjectPool" time="0.001"/>
  <testcase name="testNoInstanceOverlap" classname="org.apache.commons.pool2.impl.TestGenericObjectPool" time="1.199"/>
  <testcase name="testMaxIdle" classname="org.apache.commons.pool2.impl.TestGenericObjectPool" time="0.003"/>
  <testcase name="testEvictionOrder" classname="org.apache.commons.pool2.impl.TestGenericObjectPool" time="2.004"/>
  <testcase name="testEvictionWithNegativeNumTests" classname="org.apache.commons.pool2.impl.TestGenericObjectPool" time="0.403"/>
  <testcase name="testEvictorVisiting" classname="org.apache.commons.pool2.impl.TestGenericObjectPool" time="0.025"/>
  <testcase name="testMaxTotalUnderLoad" classname="org.apache.commons.pool2.impl.TestGenericObjectPool" time="20.107"/>
  <testcase name="testAddObject" classname="org.apache.commons.pool2.impl.TestGenericObjectPool" time="0.003"/>
  <testcase name="testExceptionOnDestroyDuringBorrow" classname="org.apache.commons.pool2.impl.TestGenericObjectPool" time="0"/>
  <testcase name="testDefaultConfiguration" classname="org.apache.commons.pool2.impl.TestGenericObjectPool" time="0.013"/>
  <testcase name="testNegativeMaxTotal" classname="org.apache.commons.pool2.impl.TestGenericObjectPool" time="0"/>
  <testcase name="testWhenExhaustedFail" classname="org.apache.commons.pool2.impl.TestGenericObjectPool" time="0.002"/>
  <testcase name="testExceptionOnActivateDuringBorrow" classname="org.apache.commons.pool2.impl.TestGenericObjectPool" time="0.002"/>
  <testcase name="testMinIdle" classname="org.apache.commons.pool2.impl.TestGenericObjectPool" time="0.602"/>
  <testcase name="testGetFactoryType_NullPooledObjectFactory" classname="org.apache.commons.pool2.impl.TestGenericObjectPool" time="0.001"/>
  <testcase name="testGetFactoryType_DefaultPooledObjectFactory" classname="org.apache.commons.pool2.impl.TestGenericObjectPool" time="0.001"/>
  <testcase name="testSetConfig" classname="org.apache.commons.pool2.impl.TestGenericObjectPool" time="0.001"/>
  <testcase name="testWhenExhaustedBlockClosePool" classname="org.apache.commons.pool2.impl.TestGenericObjectPool" time="0.405"/>
  <testcase name="testGetFactoryType_SynchronizedNullPooledObjectFactory" classname="org.apache.commons.pool2.impl.TestGenericObjectPool" time="0.001"/>
  <testcase name="testExceptionOnDestroyDuringReturn" classname="org.apache.commons.pool2.impl.TestGenericObjectPool" time="0.001"/>
  <testcase name="testMutable" classname="org.apache.commons.pool2.impl.TestGenericObjectPool" time="0.002"/>
  <testcase name="testEviction" classname="org.apache.commons.pool2.impl.TestGenericObjectPool" time="8.031"/>
  <testcase name="testMaxTotal" classname="org.apache.commons.pool2.impl.TestGenericObjectPool" time="0.001"/>
  <testcase name="testErrorFactoryDoesNotBlockThreads" classname="org.apache.commons.pool2.impl.TestGenericObjectPool" time="1.602"/>
  <testcase name="testBorrowObjectFairness" classname="org.apache.commons.pool2.impl.TestGenericObjectPool" time="3.096"/>
  <testcase name="testExceptionOnPassivateDuringReturn" classname="org.apache.commons.pool2.impl.TestGenericObjectPool" time="0.014"/>
  <testcase name="testEvictAddObjects" classname="org.apache.commons.pool2.impl.TestGenericObjectPool" time="0.845"/>
  <testcase name="testEqualsIndiscernible" classname="org.apache.commons.pool2.impl.TestGenericObjectPool" time="0.001"/>
  <testcase name="testEvictionPolicy" classname="org.apache.commons.pool2.impl.TestGenericObjectPool" time="3.028"/>
  <testcase name="testMaxIdleZero" classname="org.apache.commons.pool2.impl.TestGenericObjectPool" time="0.001"/>
  <testcase name="testMaxWaitMultiThreaded" classname="org.apache.commons.pool2.impl.TestGenericObjectPool" time="1.027"/>
  <testcase name="testMinIdleMaxTotal" classname="org.apache.commons.pool2.impl.TestGenericObjectPool" time="0.902"/>
  <testcase name="testInvalidateFreesCapacity" classname="org.apache.commons.pool2.impl.TestGenericObjectPool" time="0.622"/>
  <testcase name="testGetFactoryType_PoolUtilsSynchronizedNullPooledFactory" classname="org.apache.commons.pool2.impl.TestGenericObjectPool" time="0.001"/>
  <testcase name="testStartAndStopEvictor" classname="org.apache.commons.pool2.impl.TestGenericObjectPool" time="0.402"/>
  <testcase name="testGetFactoryType_PoolUtilsSynchronizedDefaultPooledFactory" classname="org.apache.commons.pool2.impl.TestGenericObjectPool" time="0.001"/>
  <testcase name="testWhenExhaustedBlockInterupt" classname="org.apache.commons.pool2.impl.TestGenericObjectPool" time="0.401"/>
  <testcase name="testWhenExhaustedBlock" classname="org.apache.commons.pool2.impl.TestGenericObjectPool" time="0.011"/>
  <testcase name="testBaseBorrow" classname="org.apache.commons.pool2.impl.TestGenericObjectPool" time="0.004"/>
  <testcase name="testClose" classname="org.apache.commons.pool2.impl.TestGenericObjectPool" time="0.001"/>
  <testcase name="testBaseClear" classname="org.apache.commons.pool2.impl.TestGenericObjectPool" time="0"/>
  <testcase name="testBaseNumActiveNumIdle" classname="org.apache.commons.pool2.impl.TestGenericObjectPool" time="0.001"/>
  <testcase name="testUnsupportedOperations" classname="org.apache.commons.pool2.impl.TestGenericObjectPool" time="0"/>
  <testcase name="testBaseInvalidateObject" classname="org.apache.commons.pool2.impl.TestGenericObjectPool" time="0.001"/>
  <testcase name="testBaseBorrowReturn" classname="org.apache.commons.pool2.impl.TestGenericObjectPool" time="0"/>
  <testcase name="testBaseClosePool" classname="org.apache.commons.pool2.impl.TestGenericObjectPool" time="0.001"/>
  <testcase name="testBaseAddObject" classname="org.apache.commons.pool2.impl.TestGenericObjectPool" time="0.001"/>
  <testcase name="testPOFInvalidateObjectUsages" classname="org.apache.commons.pool2.impl.TestGenericObjectPool" time="0.254"/>
  <testcase name="testPOFAddObjectUsage" classname="org.apache.commons.pool2.impl.TestGenericObjectPool" time="0.002"/>
  <testcase name="testPOFCloseUsages" classname="org.apache.commons.pool2.impl.TestGenericObjectPool" time="0.001"/>
  <testcase name="testToString" classname="org.apache.commons.pool2.impl.TestGenericObjectPool" time="0.001"/>
  <testcase name="testClosedPoolBehavior" classname="org.apache.commons.pool2.impl.TestGenericObjectPool" time="0.001"/>
  <testcase name="testPOFBorrowObjectUsages" classname="org.apache.commons.pool2.impl.TestGenericObjectPool" time="0.001"/>
  <testcase name="testPOFReturnObjectUsages" classname="org.apache.commons.pool2.impl.TestGenericObjectPool" time="0.001"/>
  <testcase name="testPOFClearUsages" classname="org.apache.commons.pool2.impl.TestGenericObjectPool" time="0.001"/>
</testsuite>