<?xml version="1.0" encoding="UTF-8"?>
<testsuite xmlns:xsi="http://www.w3.org/2001/XMLSchema-instance" xsi:schemaLocation="https://maven.apache.org/surefire/maven-surefire-plugin/xsd/surefire-test-report.xsd" name="org.hyperledger.fabric.sdk.helper.UtilsTest" time="1.475" tests="30" errors="0" skipped="1" failures="0">
  <properties>
    <property name="java.vendor" value="Oracle Corporation"/>
    <property name="sun.java.launcher" value="SUN_STANDARD"/>
    <property name="sun.management.compiler" value="HotSpot 64-Bit Tiered Compilers"/>
    <property name="os.name" value="Linux"/>
    <property name="sun.boot.class.path" value="/usr/local/openjdk-8/jre/lib/resources.jar:/usr/local/openjdk-8/jre/lib/rt.jar:/usr/local/openjdk-8/jre/lib/sunrsasign.jar:/usr/local/openjdk-8/jre/lib/jsse.jar:/usr/local/openjdk-8/jre/lib/jce.jar:/usr/local/openjdk-8/jre/lib/charsets.jar:/usr/local/openjdk-8/jre/lib/jfr.jar:/usr/local/openjdk-8/jre/classes"/>
    <property name="java.vm.specification.vendor" value="Oracle Corporation"/>
    <property name="java.runtime.version" value="1.8.0_262-b10"/>
    <property name="user.name" value="jdbl"/>
    <property name="maven.javadoc.skip" value="true"/>
    <property name="guice.disable.misplaced.annotation.check" value="true"/>
    <property name="user.language" value="en"/>
    <property name="sun.boot.library.path" value="/usr/local/openjdk-8/jre/lib/amd64"/>
    <property name="classworlds.conf" value="/usr/share/maven/bin/m2.conf"/>
    <property name="java.version" value="1.8.0_262"/>
    <property name="user.timezone" value="Etc/UTC"/>
    <property name="rat.skip" value="true"/>
    <property name="sun.arch.data.model" value="64"/>
    <property name="java.endorsed.dirs" value="/usr/local/openjdk-8/jre/lib/endorsed"/>
    <property name="sun.cpu.isalist" value=""/>
    <property name="sun.jnu.encoding" value="UTF-8"/>
    <property name="file.encoding.pkg" value="sun.io"/>
    <property name="file.separator" value="/"/>
    <property name="java.specification.name" value="Java Platform API Specification"/>
    <property name="maven.conf" value="/usr/share/maven/conf"/>
    <property name="java.class.version" value="52.0"/>
    <property name="securerandom.source" value="file:/dev/./urandom"/>
    <property name="java.home" value="/usr/local/openjdk-8/jre"/>
    <property name="java.vm.info" value="mixed mode"/>
    <property name="os.version" value="4.15.0-109-generic"/>
    <property name="path.separator" value=":"/>
    <property name="java.vm.version" value="25.262-b10"/>
    <property name="java.awt.printerjob" value="sun.print.PSPrinterJob"/>
    <property name="sun.io.unicode.encoding" value="UnicodeLittle"/>
    <property name="os.detected.version" value="4.15"/>
    <property name="awt.toolkit" value="sun.awt.X11.XToolkit"/>
    <property name="os.detected.release" value="debian"/>
    <property name="user.home" value="/home/jdbl"/>
    <property name="java.specification.vendor" value="Oracle Corporation"/>
    <property name="library.jansi.path" value="/usr/share/maven/lib/jansi-native"/>
    <property name="java.library.path" value="/usr/java/packages/lib/amd64:/usr/lib64:/lib64:/lib:/usr/lib"/>
    <property name="java.vendor.url" value="http://java.oracle.com/"/>
    <property name="java.vm.vendor" value="Oracle Corporation"/>
    <property name="os.detected.release.like.debian" value="true"/>
    <property name="source.skip" value="true"/>
    <property name="maven.home" value="/usr/share/maven"/>
    <property name="java.runtime.name" value="OpenJDK Runtime Environment"/>
    <property name="sun.java.command" value="org.codehaus.plexus.classworlds.launcher.Launcher test -e --fail-never -ntp -Dmaven.test.failure.ignore=true -B -Dmaven.javadoc.skip=true -Drat.skip=true -Danimal.sniffer.skip=true -Dmaven.javadoc.skip=true -Dlicense.skip=true -Dsource.skip=true"/>
    <property name="java.class.path" value="/usr/share/maven/boot/plexus-classworlds-2.6.0.jar"/>
    <property name="os.detected.arch" value="x86_64"/>
    <property name="animal.sniffer.skip" value="true"/>
    <property name="java.vm.specification.name" value="Java Virtual Machine Specification"/>
    <property name="java.vm.specification.version" value="1.8"/>
    <property name="sun.cpu.endian" value="little"/>
    <property name="sun.os.patch.level" value="unknown"/>
    <property name="os.detected.classifier" value="linux-x86_64"/>
    <property name="java.io.tmpdir" value="/tmp"/>
    <property name="java.vendor.url.bug" value="http://bugreport.sun.com/bugreport/"/>
    <property name="maven.multiModuleProjectDirectory" value="/tmp/tmpqk3kjotq/fabric-sdk-java"/>
    <property name="os.arch" value="amd64"/>
    <property name="java.awt.graphicsenv" value="sun.awt.X11GraphicsEnvironment"/>
    <property name="java.ext.dirs" value="/usr/local/openjdk-8/jre/lib/ext:/usr/java/packages/lib/ext"/>
    <property name="os.detected.release.version" value="10"/>
    <property name="user.dir" value="/tmp/tmpqk3kjotq/fabric-sdk-java"/>
    <property name="line.separator" value="&#10;"/>
    <property name="java.vm.name" value="OpenJDK 64-Bit Server VM"/>
    <property name="maven.test.failure.ignore" value="true"/>
    <property name="os.detected.version.major" value="4"/>
    <property name="file.encoding" value="UTF-8"/>
    <property name="os.detected.name" value="linux"/>
    <property name="license.skip" value="true"/>
    <property name="os.detected.version.minor" value="15"/>
    <property name="java.specification.version" value="1.8"/>
  </properties>
  <testcase name="testCombinePaths" classname="org.hyperledger.fabric.sdk.helper.UtilsTest" time="0.001"/>
  <testcase name="testLogString" classname="org.hyperledger.fabric.sdk.helper.UtilsTest" time="0"/>
  <testcase name="testGenerateTarGzEmptyDirectory" classname="org.hyperledger.fabric.sdk.helper.UtilsTest" time="0"/>
  <testcase name="testToHexStringNull" classname="org.hyperledger.fabric.sdk.helper.UtilsTest" time="0"/>
  <testcase name="testGenerateUUID" classname="org.hyperledger.fabric.sdk.helper.UtilsTest" time="0"/>
  <testcase name="testReadFileFromClasspathNoFile" classname="org.hyperledger.fabric.sdk.helper.UtilsTest" time="0">
    <skipped/>
  </testcase>
  <testcase name="testGenerateDirectoryHashNoDirectory" classname="org.hyperledger.fabric.sdk.helper.UtilsTest" time="0"/>
  <testcase name="testGenerateParameterHash" classname="org.hyperledger.fabric.sdk.helper.UtilsTest" time="0"/>
  <testcase name="testHash" classname="org.hyperledger.fabric.sdk.helper.UtilsTest" time="0.004"/>
  <testcase name="testDeleteFileOrDirectoryDirectory" classname="org.hyperledger.fabric.sdk.helper.UtilsTest" time="0.004"/>
  <testcase name="testGenerateTarGzNOMETAINF" classname="org.hyperledger.fabric.sdk.helper.UtilsTest" time="0.711"/>
  <testcase name="testDeleteFileOrDirectoryFile" classname="org.hyperledger.fabric.sdk.helper.UtilsTest" time="0"/>
  <testcase name="testGenerateDirectoryHashWithFile" classname="org.hyperledger.fabric.sdk.helper.UtilsTest" time="0.001"/>
  <testcase name="testGenerateNonce" classname="org.hyperledger.fabric.sdk.helper.UtilsTest" time="0"/>
  <testcase name="testGenerateTarGz" classname="org.hyperledger.fabric.sdk.helper.UtilsTest" time="0.001"/>
  <testcase name="testParseGrpcUrl" classname="org.hyperledger.fabric.sdk.helper.UtilsTest" time="0.001"/>
  <testcase name="testGenerateDirectoryHash" classname="org.hyperledger.fabric.sdk.helper.UtilsTest" time="0.002"/>
  <testcase name="testGenerateTarGzMETAINF" classname="org.hyperledger.fabric.sdk.helper.UtilsTest" time="0.72"/>
  <testcase name="testReadFile" classname="org.hyperledger.fabric.sdk.helper.UtilsTest" time="0.009"/>
  <testcase name="testReadFileFromClasspath" classname="org.hyperledger.fabric.sdk.helper.UtilsTest" time="0.004"/>
  <testcase name="testGenerateDirectoryHashWithRootDir" classname="org.hyperledger.fabric.sdk.helper.UtilsTest" time="0.001"/>
  <testcase name="testGenerateTimestamp" classname="org.hyperledger.fabric.sdk.helper.UtilsTest" time="0.001"/>
  <testcase name="testGenerateDirectoryHashEmptyDirectory" classname="org.hyperledger.fabric.sdk.helper.UtilsTest" time="0"/>
  <testcase name="testCheckGrpcUrlInvalid" classname="org.hyperledger.fabric.sdk.helper.UtilsTest" time="0.001"/>
  <testcase name="testIsNullOrEmpty" classname="org.hyperledger.fabric.sdk.helper.UtilsTest" time="0"/>
  <testcase name="testCheckGrpcUrlValid" classname="org.hyperledger.fabric.sdk.helper.UtilsTest" time="0"/>
  <testcase name="testToHexString" classname="org.hyperledger.fabric.sdk.helper.UtilsTest" time="0.001"/>
  <testcase name="testReadFileNoFile" classname="org.hyperledger.fabric.sdk.helper.UtilsTest" time="0"/>
  <testcase name="testGenerateDirectoryHashWithPrevHash" classname="org.hyperledger.fabric.sdk.helper.UtilsTest" time="0.001"/>
  <testcase name="testGenerateTarGzNoDirectory" classname="org.hyperledger.fabric.sdk.helper.UtilsTest" time="0.001"/>
</testsuite>