<?xml version="1.0" encoding="UTF-8"?>
<testsuite xmlns:xsi="http://www.w3.org/2001/XMLSchema-instance" xsi:schemaLocation="https://maven.apache.org/surefire/maven-surefire-plugin/xsd/surefire-test-report.xsd" name="org.grouplens.grapht.TckTest" time="0.215" tests="50" errors="0" skipped="0" failures="0">
  <properties>
    <property name="java.runtime.name" value="OpenJDK Runtime Environment"/>
    <property name="sun.boot.library.path" value="/usr/local/openjdk-8/jre/lib/amd64"/>
    <property name="java.vm.version" value="25.262-b10"/>
    <property name="animal.sniffer.skip" value="true"/>
    <property name="java.vm.vendor" value="Oracle Corporation"/>
    <property name="maven.multiModuleProjectDirectory" value="/tmp/tmpuxxbtxd_/grapht"/>
    <property name="maven.javadoc.skip" value="true"/>
    <property name="java.vendor.url" value="http://java.oracle.com/"/>
    <property name="path.separator" value=":"/>
    <property name="guice.disable.misplaced.annotation.check" value="true"/>
    <property name="java.vm.name" value="OpenJDK 64-Bit Server VM"/>
    <property name="file.encoding.pkg" value="sun.io"/>
    <property name="sun.java.launcher" value="SUN_STANDARD"/>
    <property name="sun.os.patch.level" value="unknown"/>
    <property name="source.skip" value="true"/>
    <property name="java.vm.specification.name" value="Java Virtual Machine Specification"/>
    <property name="user.dir" value="/tmp/tmpuxxbtxd_/grapht"/>
    <property name="java.runtime.version" value="1.8.0_262-b10"/>
    <property name="java.awt.graphicsenv" value="sun.awt.X11GraphicsEnvironment"/>
    <property name="java.endorsed.dirs" value="/usr/local/openjdk-8/jre/lib/endorsed"/>
    <property name="os.arch" value="amd64"/>
    <property name="java.io.tmpdir" value="/tmp"/>
    <property name="line.separator" value="&#10;"/>
    <property name="java.vm.specification.vendor" value="Oracle Corporation"/>
    <property name="os.name" value="Linux"/>
    <property name="classworlds.conf" value="/usr/share/maven/bin/m2.conf"/>
    <property name="sun.jnu.encoding" value="UTF-8"/>
    <property name="java.library.path" value="/usr/java/packages/lib/amd64:/usr/lib64:/lib64:/lib:/usr/lib"/>
    <property name="license.skip" value="true"/>
    <property name="maven.conf" value="/usr/share/maven/conf"/>
    <property name="java.specification.name" value="Java Platform API Specification"/>
    <property name="java.class.version" value="52.0"/>
    <property name="sun.management.compiler" value="HotSpot 64-Bit Tiered Compilers"/>
    <property name="maven.test.failure.ignore" value="true"/>
    <property name="os.version" value="4.15.0-109-generic"/>
    <property name="library.jansi.path" value="/usr/share/maven/lib/jansi-native"/>
    <property name="user.home" value="/home/jdbl"/>
    <property name="user.timezone" value="Etc/UTC"/>
    <property name="java.awt.printerjob" value="sun.print.PSPrinterJob"/>
    <property name="java.specification.version" value="1.8"/>
    <property name="file.encoding" value="UTF-8"/>
    <property name="user.name" value="jdbl"/>
    <property name="java.class.path" value="/usr/share/maven/boot/plexus-classworlds-2.6.0.jar"/>
    <property name="java.vm.specification.version" value="1.8"/>
    <property name="sun.arch.data.model" value="64"/>
    <property name="java.home" value="/usr/local/openjdk-8/jre"/>
    <property name="sun.java.command" value="org.codehaus.plexus.classworlds.launcher.Launcher test -e --fail-never -ntp -Dmaven.test.failure.ignore=true -B -Dmaven.javadoc.skip=true -Drat.skip=true -Danimal.sniffer.skip=true -Dmaven.javadoc.skip=true -Dlicense.skip=true -Dsource.skip=true"/>
    <property name="java.specification.vendor" value="Oracle Corporation"/>
    <property name="user.language" value="en"/>
    <property name="awt.toolkit" value="sun.awt.X11.XToolkit"/>
    <property name="java.vm.info" value="mixed mode"/>
    <property name="java.version" value="1.8.0_262"/>
    <property name="java.ext.dirs" value="/usr/local/openjdk-8/jre/lib/ext:/usr/java/packages/lib/ext"/>
    <property name="securerandom.source" value="file:/dev/./urandom"/>
    <property name="sun.boot.class.path" value="/usr/local/openjdk-8/jre/lib/resources.jar:/usr/local/openjdk-8/jre/lib/rt.jar:/usr/local/openjdk-8/jre/lib/sunrsasign.jar:/usr/local/openjdk-8/jre/lib/jsse.jar:/usr/local/openjdk-8/jre/lib/jce.jar:/usr/local/openjdk-8/jre/lib/charsets.jar:/usr/local/openjdk-8/jre/lib/jfr.jar:/usr/local/openjdk-8/jre/classes"/>
    <property name="java.vendor" value="Oracle Corporation"/>
    <property name="rat.skip" value="true"/>
    <property name="maven.home" value="/usr/share/maven"/>
    <property name="file.separator" value="/"/>
    <property name="java.vendor.url.bug" value="http://bugreport.sun.com/bugreport/"/>
    <property name="sun.cpu.endian" value="little"/>
    <property name="sun.io.unicode.encoding" value="UnicodeLittle"/>
    <property name="sun.cpu.isalist" value=""/>
  </properties>
  <testcase name="testOverriddenPublicMethodInjectedOnlyOnce" classname="org.atinject.tck.auto.Convertible$Tests" time="0"/>
  <testcase name="testPackagePrivateMethodNotInjectedWhenOverrideLacksAnnotation" classname="org.atinject.tck.auto.Convertible$Tests" time="0"/>
  <testcase name="testProviderReturnedValues" classname="org.atinject.tck.auto.Convertible$Tests" time="0"/>
  <testcase name="testQualifiersNotInheritedFromOverriddenMethod" classname="org.atinject.tck.auto.Convertible$Tests" time="0"/>
  <testcase name="testPublicNoArgsConstructorInjected" classname="org.atinject.tck.auto.Convertible$Tests" time="0"/>
  <testcase name="testCircularlyDependentSingletons" classname="org.atinject.tck.auto.Convertible$Tests" time="0"/>
  <testcase name="testPublicMethodNotInjectedWhenOverrideNotAnnotated" classname="org.atinject.tck.auto.Convertible$Tests" time="0"/>
  <testcase name="testPackagePrivateMethodInjectedDifferentPackages" classname="org.atinject.tck.auto.Convertible$Tests" time="0"/>
  <testcase name="testSupertypeMethodInjectedBeforeSubtypeMethods" classname="org.atinject.tck.auto.Convertible$Tests" time="0"/>
  <testcase name="testFieldInjectedProviderYieldsSingleton" classname="org.atinject.tck.auto.Convertible$Tests" time="0"/>
  <testcase name="testConstructorInjectedProviderYieldsSingleton" classname="org.atinject.tck.auto.Convertible$Tests" time="0"/>
  <testcase name="testPackagePrivateMethodInjectedEvenWhenSimilarMethodLacksAnnotation" classname="org.atinject.tck.auto.Convertible$Tests" time="0"/>
  <testcase name="testOverriddenPackagePrivateMethodInjectedOnlyOnce" classname="org.atinject.tck.auto.Convertible$Tests" time="0"/>
  <testcase name="testNonVoidMethodInjected" classname="org.atinject.tck.auto.Convertible$Tests" time="0"/>
  <testcase name="testOverriddenPublicMethodNotInjected" classname="org.atinject.tck.auto.Convertible$Tests" time="0"/>
  <testcase name="testMethodInjectedProviderYieldsDistinctValues" classname="org.atinject.tck.auto.Convertible$Tests" time="0.005"/>
  <testcase name="testProtectedMethodNotInjectedWhenOverrideNotAnnotated" classname="org.atinject.tck.auto.Convertible$Tests" time="0"/>
  <testcase name="testSimilarPackagePrivateMethodInjectedOnlyOnce" classname="org.atinject.tck.auto.Convertible$Tests" time="0"/>
  <testcase name="testConstructorInjectedProviderYieldsDistinctValues" classname="org.atinject.tck.auto.Convertible$Tests" time="0.005"/>
  <testcase name="testOverriddingMixedWithPackagePrivate2" classname="org.atinject.tck.auto.Convertible$Tests" time="0"/>
  <testcase name="testOverriddingMixedWithPackagePrivate3" classname="org.atinject.tck.auto.Convertible$Tests" time="0"/>
  <testcase name="testOverriddingMixedWithPackagePrivate4" classname="org.atinject.tck.auto.Convertible$Tests" time="0"/>
  <testcase name="testMethodInjectionWithProviders" classname="org.atinject.tck.auto.Convertible$Tests" time="0.002"/>
  <testcase name="testFieldsInjectedBeforeMethods" classname="org.atinject.tck.auto.Convertible$Tests" time="0"/>
  <testcase name="testMethodWithZeroParametersInjected" classname="org.atinject.tck.auto.Convertible$Tests" time="0"/>
  <testcase name="testOverriddenProtectedMethodInjectedOnlyOnce" classname="org.atinject.tck.auto.Convertible$Tests" time="0"/>
  <testcase name="testSubtypeFieldsInjected" classname="org.atinject.tck.auto.Convertible$Tests" time="0"/>
  <testcase name="testSupertypeFieldsInjected" classname="org.atinject.tck.auto.Convertible$Tests" time="0"/>
  <testcase name="testConstructorInjectionWithValues" classname="org.atinject.tck.auto.Convertible$Tests" time="0"/>
  <testcase name="testSingletonAnnotationNotInheritedFromSupertype" classname="org.atinject.tck.auto.Convertible$Tests" time="0"/>
  <testcase name="testConstructorInjectionWithProviders" classname="org.atinject.tck.auto.Convertible$Tests" time="0.003"/>
  <testcase name="testFieldInjectedProviderYieldsDistinctValues" classname="org.atinject.tck.auto.Convertible$Tests" time="0.007"/>
  <testcase name="testPackagePrivateMethodNotInjectedWhenSupertypeHasAnnotatedSimilarMethod" classname="org.atinject.tck.auto.Convertible$Tests" time="0"/>
  <testcase name="testSubtypeMethodsInjected" classname="org.atinject.tck.auto.Convertible$Tests" time="0"/>
  <testcase name="testTwiceOverriddenMethodInjectedWhenMiddleLacksAnnotation" classname="org.atinject.tck.auto.Convertible$Tests" time="0"/>
  <testcase name="testPrivateMethodNotInjectedWhenSupertypeHasAnnotatedSimilarMethod" classname="org.atinject.tck.auto.Convertible$Tests" time="0"/>
  <testcase name="testTwiceOverriddenMethodNotInjectedWhenOverrideLacksAnnotation" classname="org.atinject.tck.auto.Convertible$Tests" time="0"/>
  <testcase name="testFieldInjectionWithValues" classname="org.atinject.tck.auto.Convertible$Tests" time="0"/>
  <testcase name="testMethodInjectedProviderYieldsSingleton" classname="org.atinject.tck.auto.Convertible$Tests" time="0"/>
  <testcase name="testOverriddenProtectedMethodInjection" classname="org.atinject.tck.auto.Convertible$Tests" time="0"/>
  <testcase name="testMethodInjectionWithValues" classname="org.atinject.tck.auto.Convertible$Tests" time="0"/>
  <testcase name="testSupertypeMethodsInjectedBeforeSubtypeFields" classname="org.atinject.tck.auto.Convertible$Tests" time="0"/>
  <testcase name="testSupertypeMethodsInjected" classname="org.atinject.tck.auto.Convertible$Tests" time="0"/>
  <testcase name="testMethodWithMultipleParametersInjected" classname="org.atinject.tck.auto.Convertible$Tests" time="0"/>
  <testcase name="testFieldInjectionWithProviders" classname="org.atinject.tck.auto.Convertible$Tests" time="0.003"/>
  <testcase name="testFieldsInjected" classname="org.atinject.tck.auto.Convertible$Tests" time="0"/>
  <testcase name="testSupertypePrivateMethodInjected" classname="org.atinject.tck.auto.Convertible$PrivateTests" time="0"/>
  <testcase name="testPrivateMethodInjectedEvenWhenSimilarMethodLacksAnnotation" classname="org.atinject.tck.auto.Convertible$PrivateTests" time="0"/>
  <testcase name="testPackagePrivateMethodInjectedSamePackage" classname="org.atinject.tck.auto.Convertible$PrivateTests" time="0"/>
  <testcase name="testSimilarPrivateMethodInjectedOnlyOnce" classname="org.atinject.tck.auto.Convertible$PrivateTests" time="0"/>
</testsuite>