<?xml version="1.0" encoding="UTF-8" ?>
<testsuite tests="130" failures="0" name="org.mvel2.tests.templates.TemplateTests" time="0.095" errors="0" skipped="0">
  <properties>
    <property name="java.runtime.name" value="OpenJDK Runtime Environment"/>
    <property name="sun.boot.library.path" value="/usr/local/openjdk-8/jre/lib/amd64"/>
    <property name="java.vm.version" value="25.262-b10"/>
    <property name="animal.sniffer.skip" value="true"/>
    <property name="java.vm.vendor" value="Oracle Corporation"/>
    <property name="maven.javadoc.skip" value="true"/>
    <property name="java.vendor.url" value="http://java.oracle.com/"/>
    <property name="path.separator" value=":"/>
    <property name="java.vm.name" value="OpenJDK 64-Bit Server VM"/>
    <property name="file.encoding.pkg" value="sun.io"/>
    <property name="sun.java.launcher" value="SUN_STANDARD"/>
    <property name="sun.os.patch.level" value="unknown"/>
    <property name="source.skip" value="true"/>
    <property name="java.vm.specification.name" value="Java Virtual Machine Specification"/>
    <property name="user.dir" value="/tmp/tmph4xkf2pp/mvel"/>
    <property name="java.runtime.version" value="1.8.0_262-b10"/>
    <property name="java.awt.graphicsenv" value="sun.awt.X11GraphicsEnvironment"/>
    <property name="basedir" value="/tmp/tmph4xkf2pp/mvel"/>
    <property name="java.endorsed.dirs" value="/usr/local/openjdk-8/jre/lib/endorsed"/>
    <property name="os.arch" value="amd64"/>
    <property name="surefire.real.class.path" value="/tmp/tmph4xkf2pp/mvel/target/surefire/surefirebooter833159026969386087.jar"/>
    <property name="java.io.tmpdir" value="/tmp"/>
    <property name="line.separator" value="
"/>
    <property name="java.vm.specification.vendor" value="Oracle Corporation"/>
    <property name="mvel.tests.quick" value="true"/>
    <property name="os.name" value="Linux"/>
    <property name="maven.test.error.ignore" value="true"/>
    <property name="sun.jnu.encoding" value="UTF-8"/>
    <property name="java.library.path" value="/usr/java/packages/lib/amd64:/usr/lib64:/lib64:/lib:/usr/lib"/>
    <property name="license.skip" value="true"/>
    <property name="surefire.test.class.path" value="/tmp/tmph4xkf2pp/mvel/target/test-classes:/tmp/tmph4xkf2pp/mvel/target/classes:/home/jdbl/.m2/repository/junit/junit/4.8.2/junit-4.8.2.jar:/home/jdbl/.m2/repository/com/thoughtworks/xstream/xstream/1.3.1/xstream-1.3.1.jar:/home/jdbl/.m2/repository/xpp3/xpp3_min/1.1.4c/xpp3_min-1.1.4c.jar:"/>
    <property name="java.specification.name" value="Java Platform API Specification"/>
    <property name="java.class.version" value="52.0"/>
    <property name="sun.management.compiler" value="HotSpot 64-Bit Tiered Compilers"/>
    <property name="maven.test.failure.ignore" value="true"/>
    <property name="os.version" value="4.15.0-109-generic"/>
    <property name="user.home" value="/home/jdbl"/>
    <property name="user.timezone" value="Etc/UTC"/>
    <property name="java.awt.printerjob" value="sun.print.PSPrinterJob"/>
    <property name="mvel.disable.jit" value="true"/>
    <property name="java.specification.version" value="1.8"/>
    <property name="file.encoding" value="UTF-8"/>
    <property name="user.name" value="jdbl"/>
    <property name="java.class.path" value="/tmp/tmph4xkf2pp/mvel/target/test-classes:/tmp/tmph4xkf2pp/mvel/target/classes:/home/jdbl/.m2/repository/junit/junit/4.8.2/junit-4.8.2.jar:/home/jdbl/.m2/repository/com/thoughtworks/xstream/xstream/1.3.1/xstream-1.3.1.jar:/home/jdbl/.m2/repository/xpp3/xpp3_min/1.1.4c/xpp3_min-1.1.4c.jar:"/>
    <property name="java.vm.specification.version" value="1.8"/>
    <property name="sun.arch.data.model" value="64"/>
    <property name="java.home" value="/usr/local/openjdk-8/jre"/>
    <property name="sun.java.command" value="/tmp/tmph4xkf2pp/mvel/target/surefire/surefirebooter833159026969386087.jar /tmp/tmph4xkf2pp/mvel/target/surefire/surefire2144936957826034880tmp /tmp/tmph4xkf2pp/mvel/target/surefire/surefire450148387869551472tmp"/>
    <property name="java.specification.vendor" value="Oracle Corporation"/>
    <property name="user.language" value="en"/>
    <property name="awt.toolkit" value="sun.awt.X11.XToolkit"/>
    <property name="java.vm.info" value="mixed mode"/>
    <property name="java.version" value="1.8.0_262"/>
    <property name="java.ext.dirs" value="/usr/local/openjdk-8/jre/lib/ext:/usr/java/packages/lib/ext"/>
    <property name="sun.boot.class.path" value="/usr/local/openjdk-8/jre/lib/resources.jar:/usr/local/openjdk-8/jre/lib/rt.jar:/usr/local/openjdk-8/jre/lib/sunrsasign.jar:/usr/local/openjdk-8/jre/lib/jsse.jar:/usr/local/openjdk-8/jre/lib/jce.jar:/usr/local/openjdk-8/jre/lib/charsets.jar:/usr/local/openjdk-8/jre/lib/jfr.jar:/usr/local/openjdk-8/jre/classes"/>
    <property name="java.vendor" value="Oracle Corporation"/>
    <property name="rat.skip" value="true"/>
    <property name="localRepository" value="/home/jdbl/.m2/repository"/>
    <property name="file.separator" value="/"/>
    <property name="java.vendor.url.bug" value="http://bugreport.sun.com/bugreport/"/>
    <property name="sun.cpu.endian" value="little"/>
    <property name="sun.io.unicode.encoding" value="UnicodeLittle"/>
    <property name="sun.cpu.isalist" value=""/>
  </properties>
  <testcase classname="org.mvel2.tests.templates.TemplateTests" name="testNullCompare" time="0.022"/>
  <testcase classname="org.mvel2.tests.templates.TemplateTests" name="testChor" time="0"/>
  <testcase classname="org.mvel2.tests.templates.TemplateTests" name="testContains3" time="0.001"/>
  <testcase classname="org.mvel2.tests.templates.TemplateTests" name="testContains4" time="0"/>
  <testcase classname="org.mvel2.tests.templates.TemplateTests" name="testContains5" time="0"/>
  <testcase classname="org.mvel2.tests.templates.TemplateTests" name="testSoundex" time="0"/>
  <testcase classname="org.mvel2.tests.templates.TemplateTests" name="testSoundex2" time="0"/>
  <testcase classname="org.mvel2.tests.templates.TemplateTests" name="testBooleanOperator2" time="0.001"/>
  <testcase classname="org.mvel2.tests.templates.TemplateTests" name="testTernary" time="0"/>
  <testcase classname="org.mvel2.tests.templates.TemplateTests" name="testTextComparison" time="0.001"/>
  <testcase classname="org.mvel2.tests.templates.TemplateTests" name="testNETextComparison" time="0.001"/>
  <testcase classname="org.mvel2.tests.templates.TemplateTests" name="testChorWithLiteral" time="0.001"/>
  <testcase classname="org.mvel2.tests.templates.TemplateTests" name="testLessThan" time="0"/>
  <testcase classname="org.mvel2.tests.templates.TemplateTests" name="testNegation" time="0"/>
  <testcase classname="org.mvel2.tests.templates.TemplateTests" name="testNegation2" time="0"/>
  <testcase classname="org.mvel2.tests.templates.TemplateTests" name="testNegation3" time="0"/>
  <testcase classname="org.mvel2.tests.templates.TemplateTests" name="testNegation4" time="0"/>
  <testcase classname="org.mvel2.tests.templates.TemplateTests" name="testRegEx" time="0.001"/>
  <testcase classname="org.mvel2.tests.templates.TemplateTests" name="testRegExNegate" time="0.002"/>
  <testcase classname="org.mvel2.tests.templates.TemplateTests" name="testRegEx2" time="0.001"/>
  <testcase classname="org.mvel2.tests.templates.TemplateTests" name="testBlank" time="0"/>
  <testcase classname="org.mvel2.tests.templates.TemplateTests" name="testBlank2" time="0.001"/>
  <testcase classname="org.mvel2.tests.templates.TemplateTests" name="testInstanceCheck1" time="0"/>
  <testcase classname="org.mvel2.tests.templates.TemplateTests" name="testInstanceCheck2" time="0"/>
  <testcase classname="org.mvel2.tests.templates.TemplateTests" name="testContains1" time="0"/>
  <testcase classname="org.mvel2.tests.templates.TemplateTests" name="testContains2" time="0"/>
  <testcase classname="org.mvel2.tests.templates.TemplateTests" name="testBooleanOperator" time="0.001"/>
  <testcase classname="org.mvel2.tests.templates.TemplateTests" name="testMethodOnValue" time="0.001"/>
  <testcase classname="org.mvel2.tests.templates.TemplateTests" name="testSimpleProperty" time="0.001"/>
  <testcase classname="org.mvel2.tests.templates.TemplateTests" name="testMethodAccess" time="0"/>
  <testcase classname="org.mvel2.tests.templates.TemplateTests" name="testMethodAccess2" time="0"/>
  <testcase classname="org.mvel2.tests.templates.TemplateTests" name="testMethodAccess3" time="0"/>
  <testcase classname="org.mvel2.tests.templates.TemplateTests" name="testMethodAccess4" time="0.001"/>
  <testcase classname="org.mvel2.tests.templates.TemplateTests" name="testMethodAccess5" time="0"/>
  <testcase classname="org.mvel2.tests.templates.TemplateTests" name="testMethodAccess6" time="0"/>
  <testcase classname="org.mvel2.tests.templates.TemplateTests" name="testLiteralPassThrough" time="0"/>
  <testcase classname="org.mvel2.tests.templates.TemplateTests" name="testLiteralPassThrough2" time="0"/>
  <testcase classname="org.mvel2.tests.templates.TemplateTests" name="testLiteralPassThrough3" time="0"/>
  <testcase classname="org.mvel2.tests.templates.TemplateTests" name="testStrAppend" time="0.001"/>
  <testcase classname="org.mvel2.tests.templates.TemplateTests" name="testStrAppend2" time="0"/>
  <testcase classname="org.mvel2.tests.templates.TemplateTests" name="testMapAccess" time="0"/>
  <testcase classname="org.mvel2.tests.templates.TemplateTests" name="testMapAccess2" time="0.003"/>
  <testcase classname="org.mvel2.tests.templates.TemplateTests" name="testObjectInstantiation" time="0"/>
  <testcase classname="org.mvel2.tests.templates.TemplateTests" name="testObjectInstantiationWithMethodCall" time="0"/>
  <testcase classname="org.mvel2.tests.templates.TemplateTests" name="testObjectInstantiation2" time="0"/>
  <testcase classname="org.mvel2.tests.templates.TemplateTests" name="testThisReference" time="0.001"/>
  <testcase classname="org.mvel2.tests.templates.TemplateTests" name="testStringEscaping" time="0"/>
  <testcase classname="org.mvel2.tests.templates.TemplateTests" name="testStringEscaping2" time="0"/>
  <testcase classname="org.mvel2.tests.templates.TemplateTests" name="testArrayCreationWithLength" time="0"/>
  <testcase classname="org.mvel2.tests.templates.TemplateTests" name="testMapCreation" time="0"/>
  <testcase classname="org.mvel2.tests.templates.TemplateTests" name="testArrayCoercion" time="0"/>
  <testcase classname="org.mvel2.tests.templates.TemplateTests" name="testComments" time="0.001"/>
  <testcase classname="org.mvel2.tests.templates.TemplateTests" name="testMath" time="0"/>
  <testcase classname="org.mvel2.tests.templates.TemplateTests" name="testModulus" time="0"/>
  <testcase classname="org.mvel2.tests.templates.TemplateTests" name="testBitwiseOr1" time="0"/>
  <testcase classname="org.mvel2.tests.templates.TemplateTests" name="testBitwiseOr2" time="0"/>
  <testcase classname="org.mvel2.tests.templates.TemplateTests" name="testBitwiseOr3" time="0"/>
  <testcase classname="org.mvel2.tests.templates.TemplateTests" name="testBitwiseAnd1" time="0"/>
  <testcase classname="org.mvel2.tests.templates.TemplateTests" name="testShiftLeft" time="0"/>
  <testcase classname="org.mvel2.tests.templates.TemplateTests" name="testUnsignedShiftLeft" time="0"/>
  <testcase classname="org.mvel2.tests.templates.TemplateTests" name="testShiftRight" time="0"/>
  <testcase classname="org.mvel2.tests.templates.TemplateTests" name="testXOR" time="0"/>
  <testcase classname="org.mvel2.tests.templates.TemplateTests" name="testAssignment2" time="0"/>
  <testcase classname="org.mvel2.tests.templates.TemplateTests" name="testProjectionSupport" time="0.001"/>
  <testcase classname="org.mvel2.tests.templates.TemplateTests" name="testProjectionSupport2" time="0"/>
  <testcase classname="org.mvel2.tests.templates.TemplateTests" name="testAnd" time="0.003"/>
  <testcase classname="org.mvel2.tests.templates.TemplateTests" name="testComplexAnd" time="0"/>
  <testcase classname="org.mvel2.tests.templates.TemplateTests" name="testOr" time="0"/>
  <testcase classname="org.mvel2.tests.templates.TemplateTests" name="testMultiStatement" time="0"/>
  <testcase classname="org.mvel2.tests.templates.TemplateTests" name="testTernary2" time="0"/>
  <testcase classname="org.mvel2.tests.templates.TemplateTests" name="testTernary3" time="0.001"/>
  <testcase classname="org.mvel2.tests.templates.TemplateTests" name="testTernary4" time="0"/>
  <testcase classname="org.mvel2.tests.templates.TemplateTests" name="testIteration3" time="0.001"/>
  <testcase classname="org.mvel2.tests.templates.TemplateTests" name="testIteration4" time="0.001"/>
  <testcase classname="org.mvel2.tests.templates.TemplateTests" name="testMVEL197" time="0.001"/>
  <testcase classname="org.mvel2.tests.templates.TemplateTests" name="testEscaping" time="0"/>
  <testcase classname="org.mvel2.tests.templates.TemplateTests" name="testMVEL229" time="0"/>
  <testcase classname="org.mvel2.tests.templates.TemplateTests" name="testOutputStream1" time="0.001"/>
  <testcase classname="org.mvel2.tests.templates.TemplateTests" name="testEvalMVEL220" time="0"/>
  <testcase classname="org.mvel2.tests.templates.TemplateTests" name="testCompiledMVEL220" time="0.001"/>
  <testcase classname="org.mvel2.tests.templates.TemplateTests" name="testTemplateMVEL220" time="0.001"/>
  <testcase classname="org.mvel2.tests.templates.TemplateTests" name="testEvalMVEL219" time="0"/>
  <testcase classname="org.mvel2.tests.templates.TemplateTests" name="testCompiledMVEL219" time="0.001"/>
  <testcase classname="org.mvel2.tests.templates.TemplateTests" name="testTemplateMVEL219" time="0.001"/>
  <testcase classname="org.mvel2.tests.templates.TemplateTests" name="testStringCoercion" time="0.001"/>
  <testcase classname="org.mvel2.tests.templates.TemplateTests" name="testTemplateStringCoercion" time="0.001"/>
  <testcase classname="org.mvel2.tests.templates.TemplateTests" name="testMVEL244" time="0"/>
  <testcase classname="org.mvel2.tests.templates.TemplateTests" name="testImportsInTemplate" time="0.001"/>
  <testcase classname="org.mvel2.tests.templates.TemplateTests" name="testDRLTemplate" time="0.008"/>
  <testcase classname="org.mvel2.tests.templates.TemplateTests" name="testBasicParsing" time="0"/>
  <testcase classname="org.mvel2.tests.templates.TemplateTests" name="testIfStatement" time="0"/>
  <testcase classname="org.mvel2.tests.templates.TemplateTests" name="testIfStatement2" time="0"/>
  <testcase classname="org.mvel2.tests.templates.TemplateTests" name="testIfStatement3" time="0.001"/>
  <testcase classname="org.mvel2.tests.templates.TemplateTests" name="testIfStatement4" time="0"/>
  <testcase classname="org.mvel2.tests.templates.TemplateTests" name="testIfStatement5" time="0"/>
  <testcase classname="org.mvel2.tests.templates.TemplateTests" name="testIfNesting" time="0"/>
  <testcase classname="org.mvel2.tests.templates.TemplateTests" name="testForEach" time="0"/>
  <testcase classname="org.mvel2.tests.templates.TemplateTests" name="testForEachMulti" time="0"/>
  <testcase classname="org.mvel2.tests.templates.TemplateTests" name="testComplexTemplate" time="0"/>
  <testcase classname="org.mvel2.tests.templates.TemplateTests" name="testFileBasedEval" time="0"/>
  <testcase classname="org.mvel2.tests.templates.TemplateTests" name="testInclusionOfTemplateFile" time="0"/>
  <testcase classname="org.mvel2.tests.templates.TemplateTests" name="testInclusionOfTemplateFile2" time="0.001"/>
  <testcase classname="org.mvel2.tests.templates.TemplateTests" name="testForEachException1" time="0"/>
  <testcase classname="org.mvel2.tests.templates.TemplateTests" name="testForEachException2" time="0"/>
  <testcase classname="org.mvel2.tests.templates.TemplateTests" name="testTemplateFile" time="0"/>
  <testcase classname="org.mvel2.tests.templates.TemplateTests" name="testInclusionOfNamedTemplate" time="0"/>
  <testcase classname="org.mvel2.tests.templates.TemplateTests" name="testExpressions" time="0"/>
  <testcase classname="org.mvel2.tests.templates.TemplateTests" name="testCode" time="0.001"/>
  <testcase classname="org.mvel2.tests.templates.TemplateTests" name="testInlineDeclarations" time="0"/>
  <testcase classname="org.mvel2.tests.templates.TemplateTests" name="testInlineDeclarations2" time="0"/>
  <testcase classname="org.mvel2.tests.templates.TemplateTests" name="testPluginNode" time="0"/>
  <testcase classname="org.mvel2.tests.templates.TemplateTests" name="testPassThru2" time="0"/>
  <testcase classname="org.mvel2.tests.templates.TemplateTests" name="testTemplating" time="0.001"/>
  <testcase classname="org.mvel2.tests.templates.TemplateTests" name="testControlLoopList" time="0"/>
  <testcase classname="org.mvel2.tests.templates.TemplateTests" name="testControlLoopArray" time="0.001"/>
  <testcase classname="org.mvel2.tests.templates.TemplateTests" name="testMultiCollectionControlLoop" time="0"/>
  <testcase classname="org.mvel2.tests.templates.TemplateTests" name="testControlLoopListMultiple" time="0.006"/>
  <testcase classname="org.mvel2.tests.templates.TemplateTests" name="testControlLoopArrayMultiple" time="0.009"/>
  <testcase classname="org.mvel2.tests.templates.TemplateTests" name="testControlLoop2" time="0"/>
  <testcase classname="org.mvel2.tests.templates.TemplateTests" name="testControlLoop3" time="0"/>
  <testcase classname="org.mvel2.tests.templates.TemplateTests" name="testIfStatement6" time="0"/>
  <testcase classname="org.mvel2.tests.templates.TemplateTests" name="testIfStatement7" time="0"/>
  <testcase classname="org.mvel2.tests.templates.TemplateTests" name="testTokenMethodAccess" time="0"/>
  <testcase classname="org.mvel2.tests.templates.TemplateTests" name="testIfLoopInTemplate" time="0.003"/>
  <testcase classname="org.mvel2.tests.templates.TemplateTests" name="testNestedAtSymbol" time="0"/>
  <testcase classname="org.mvel2.tests.templates.TemplateTests" name="testEscape" time="0"/>
  <testcase classname="org.mvel2.tests.templates.TemplateTests" name="testEvalNodes" time="0.001"/>
  <testcase classname="org.mvel2.tests.templates.TemplateTests" name="testIteration1" time="0"/>
  <testcase classname="org.mvel2.tests.templates.TemplateTests" name="testIteration2" time="0"/>
  <testcase classname="org.mvel2.tests.templates.TemplateTests" name="testPassThru" time="0"/>
</testsuite>