<?xml version="1.0" encoding="UTF-8" ?>
<testsuite tests="287" failures="0" name="org.mvel2.tests.core.CoreConfidenceTests" time="0.455" errors="0" skipped="0">
  <properties>
    <property name="java.runtime.name" value="OpenJDK Runtime Environment"/>
    <property name="sun.boot.library.path" value="/usr/local/openjdk-8/jre/lib/amd64"/>
    <property name="java.vm.version" value="25.262-b10"/>
    <property name="animal.sniffer.skip" value="true"/>
    <property name="java.vm.vendor" value="Oracle Corporation"/>
    <property name="maven.javadoc.skip" value="true"/>
    <property name="java.vendor.url" value="http://java.oracle.com/"/>
    <property name="path.separator" value=":"/>
    <property name="java.vm.name" value="OpenJDK 64-Bit Server VM"/>
    <property name="file.encoding.pkg" value="sun.io"/>
    <property name="sun.java.launcher" value="SUN_STANDARD"/>
    <property name="sun.os.patch.level" value="unknown"/>
    <property name="source.skip" value="true"/>
    <property name="java.vm.specification.name" value="Java Virtual Machine Specification"/>
    <property name="user.dir" value="/tmp/tmph4xkf2pp/mvel"/>
    <property name="java.runtime.version" value="1.8.0_262-b10"/>
    <property name="java.awt.graphicsenv" value="sun.awt.X11GraphicsEnvironment"/>
    <property name="basedir" value="/tmp/tmph4xkf2pp/mvel"/>
    <property name="java.endorsed.dirs" value="/usr/local/openjdk-8/jre/lib/endorsed"/>
    <property name="os.arch" value="amd64"/>
    <property name="surefire.real.class.path" value="/tmp/tmph4xkf2pp/mvel/target/surefire/surefirebooter833159026969386087.jar"/>
    <property name="java.io.tmpdir" value="/tmp"/>
    <property name="line.separator" value="
"/>
    <property name="java.vm.specification.vendor" value="Oracle Corporation"/>
    <property name="mvel.tests.quick" value="true"/>
    <property name="os.name" value="Linux"/>
    <property name="maven.test.error.ignore" value="true"/>
    <property name="sun.jnu.encoding" value="UTF-8"/>
    <property name="java.library.path" value="/usr/java/packages/lib/amd64:/usr/lib64:/lib64:/lib:/usr/lib"/>
    <property name="license.skip" value="true"/>
    <property name="surefire.test.class.path" value="/tmp/tmph4xkf2pp/mvel/target/test-classes:/tmp/tmph4xkf2pp/mvel/target/classes:/home/jdbl/.m2/repository/junit/junit/4.8.2/junit-4.8.2.jar:/home/jdbl/.m2/repository/com/thoughtworks/xstream/xstream/1.3.1/xstream-1.3.1.jar:/home/jdbl/.m2/repository/xpp3/xpp3_min/1.1.4c/xpp3_min-1.1.4c.jar:"/>
    <property name="java.specification.name" value="Java Platform API Specification"/>
    <property name="java.class.version" value="52.0"/>
    <property name="sun.management.compiler" value="HotSpot 64-Bit Tiered Compilers"/>
    <property name="maven.test.failure.ignore" value="true"/>
    <property name="os.version" value="4.15.0-109-generic"/>
    <property name="user.home" value="/home/jdbl"/>
    <property name="user.timezone" value="Etc/UTC"/>
    <property name="java.awt.printerjob" value="sun.print.PSPrinterJob"/>
    <property name="mvel.disable.jit" value="true"/>
    <property name="java.specification.version" value="1.8"/>
    <property name="file.encoding" value="UTF-8"/>
    <property name="user.name" value="jdbl"/>
    <property name="java.class.path" value="/tmp/tmph4xkf2pp/mvel/target/test-classes:/tmp/tmph4xkf2pp/mvel/target/classes:/home/jdbl/.m2/repository/junit/junit/4.8.2/junit-4.8.2.jar:/home/jdbl/.m2/repository/com/thoughtworks/xstream/xstream/1.3.1/xstream-1.3.1.jar:/home/jdbl/.m2/repository/xpp3/xpp3_min/1.1.4c/xpp3_min-1.1.4c.jar:"/>
    <property name="java.vm.specification.version" value="1.8"/>
    <property name="sun.arch.data.model" value="64"/>
    <property name="java.home" value="/usr/local/openjdk-8/jre"/>
    <property name="sun.java.command" value="/tmp/tmph4xkf2pp/mvel/target/surefire/surefirebooter833159026969386087.jar /tmp/tmph4xkf2pp/mvel/target/surefire/surefire2144936957826034880tmp /tmp/tmph4xkf2pp/mvel/target/surefire/surefire450148387869551472tmp"/>
    <property name="java.specification.vendor" value="Oracle Corporation"/>
    <property name="user.language" value="en"/>
    <property name="awt.toolkit" value="sun.awt.X11.XToolkit"/>
    <property name="java.vm.info" value="mixed mode"/>
    <property name="java.version" value="1.8.0_262"/>
    <property name="java.ext.dirs" value="/usr/local/openjdk-8/jre/lib/ext:/usr/java/packages/lib/ext"/>
    <property name="sun.boot.class.path" value="/usr/local/openjdk-8/jre/lib/resources.jar:/usr/local/openjdk-8/jre/lib/rt.jar:/usr/local/openjdk-8/jre/lib/sunrsasign.jar:/usr/local/openjdk-8/jre/lib/jsse.jar:/usr/local/openjdk-8/jre/lib/jce.jar:/usr/local/openjdk-8/jre/lib/charsets.jar:/usr/local/openjdk-8/jre/lib/jfr.jar:/usr/local/openjdk-8/jre/classes"/>
    <property name="java.vendor" value="Oracle Corporation"/>
    <property name="rat.skip" value="true"/>
    <property name="localRepository" value="/home/jdbl/.m2/repository"/>
    <property name="file.separator" value="/"/>
    <property name="java.vendor.url.bug" value="http://bugreport.sun.com/bugreport/"/>
    <property name="sun.cpu.endian" value="little"/>
    <property name="sun.io.unicode.encoding" value="UnicodeLittle"/>
    <property name="sun.cpu.isalist" value=""/>
  </properties>
  <testcase classname="org.mvel2.tests.core.CoreConfidenceTests" name="testJIRA100b" time="0.001"/>
  <testcase classname="org.mvel2.tests.core.CoreConfidenceTests" name="testNullSafe" time="0.002"/>
  <testcase classname="org.mvel2.tests.core.CoreConfidenceTests" name="testArrayCreation" time="0.009"/>
  <testcase classname="org.mvel2.tests.core.CoreConfidenceTests" name="testClassLiteral" time="0.001"/>
  <testcase classname="org.mvel2.tests.core.CoreConfidenceTests" name="testOperatorPrecedence" time="0"/>
  <testcase classname="org.mvel2.tests.core.CoreConfidenceTests" name="testConstructor" time="0.002"/>
  <testcase classname="org.mvel2.tests.core.CoreConfidenceTests" name="testCompileParserContextShouldNotLoopIndefinitelyOnValidJavaExpression" time="0.001"/>
  <testcase classname="org.mvel2.tests.core.CoreConfidenceTests" name="testCreationOfSet" time="0.008"/>
  <testcase classname="org.mvel2.tests.core.CoreConfidenceTests" name="testCreationOfList" time="0.008"/>
  <testcase classname="org.mvel2.tests.core.CoreConfidenceTests" name="testMapOperations" time="0.013"/>
  <testcase classname="org.mvel2.tests.core.CoreConfidenceTests" name="testStackOperations" time="0.007"/>
  <testcase classname="org.mvel2.tests.core.CoreConfidenceTests" name="testSystemOutPrint" time="0.004"/>
  <testcase classname="org.mvel2.tests.core.CoreConfidenceTests" name="testCheeseConstructor" time="0"/>
  <testcase classname="org.mvel2.tests.core.CoreConfidenceTests" name="testSubtractNoSpace1" time="0.002"/>
  <testcase classname="org.mvel2.tests.core.CoreConfidenceTests" name="testStrictTypingCompilation" time="0"/>
  <testcase classname="org.mvel2.tests.core.CoreConfidenceTests" name="testEqualityRegression" time="0.001"/>
  <testcase classname="org.mvel2.tests.core.CoreConfidenceTests" name="testEvaluationRegression" time="0"/>
  <testcase classname="org.mvel2.tests.core.CoreConfidenceTests" name="testIncrementAndAssignWithInputs" time="0"/>
  <testcase classname="org.mvel2.tests.core.CoreConfidenceTests" name="testAssignmentRegression" time="0.001"/>
  <testcase classname="org.mvel2.tests.core.CoreConfidenceTests" name="testTypeRegression" time="0"/>
  <testcase classname="org.mvel2.tests.core.CoreConfidenceTests" name="testTestIntToLong" time="0"/>
  <testcase classname="org.mvel2.tests.core.CoreConfidenceTests" name="testMapPropertyCreateCondensed" time="0.003"/>
  <testcase classname="org.mvel2.tests.core.CoreConfidenceTests" name="testDeepMethod" time="0.01"/>
  <testcase classname="org.mvel2.tests.core.CoreConfidenceTests" name="testListAccessorAssign" time="0.009"/>
  <testcase classname="org.mvel2.tests.core.CoreConfidenceTests" name="testBracketInString" time="0.002"/>
  <testcase classname="org.mvel2.tests.core.CoreConfidenceTests" name="testNesting" time="0.004"/>
  <testcase classname="org.mvel2.tests.core.CoreConfidenceTests" name="testTypeCast" time="0.002"/>
  <testcase classname="org.mvel2.tests.core.CoreConfidenceTests" name="testTypeCast2" time="0.005"/>
  <testcase classname="org.mvel2.tests.core.CoreConfidenceTests" name="testMapAccessSemantics" time="0"/>
  <testcase classname="org.mvel2.tests.core.CoreConfidenceTests" name="testMapBindingSemantics" time="0"/>
  <testcase classname="org.mvel2.tests.core.CoreConfidenceTests" name="testMapNestedInsideList" time="0.001"/>
  <testcase classname="org.mvel2.tests.core.CoreConfidenceTests" name="testListNestedInsideList" time="0"/>
  <testcase classname="org.mvel2.tests.core.CoreConfidenceTests" name="testSetSemantics" time="0"/>
  <testcase classname="org.mvel2.tests.core.CoreConfidenceTests" name="testMapBindingSemantics2" time="0.001"/>
  <testcase classname="org.mvel2.tests.core.CoreConfidenceTests" name="testDynamicImports" time="0.001"/>
  <testcase classname="org.mvel2.tests.core.CoreConfidenceTests" name="testDynamicImports3" time="0.001"/>
  <testcase classname="org.mvel2.tests.core.CoreConfidenceTests" name="testDynamicImportsInList" time="0.001"/>
  <testcase classname="org.mvel2.tests.core.CoreConfidenceTests" name="testDynamicImportsInMap" time="0.001"/>
  <testcase classname="org.mvel2.tests.core.CoreConfidenceTests" name="testDynamicImportsOnNestedExpressions" time="0.003"/>
  <testcase classname="org.mvel2.tests.core.CoreConfidenceTests" name="testDynamicImportsWithNullConstructorParam" time="0.001"/>
  <testcase classname="org.mvel2.tests.core.CoreConfidenceTests" name="testDynamicImportsWithNullConstructorParamWithStrongType" time="0.002"/>
  <testcase classname="org.mvel2.tests.core.CoreConfidenceTests" name="testDynamicImportsWithIdentifierSameAsClassWithDiffCase" time="0"/>
  <testcase classname="org.mvel2.tests.core.CoreConfidenceTests" name="testTypedAssignment" time="0.004"/>
  <testcase classname="org.mvel2.tests.core.CoreConfidenceTests" name="testFQCNwithStaticInList" time="0.005"/>
  <testcase classname="org.mvel2.tests.core.CoreConfidenceTests" name="testPrecedenceOrder" time="0"/>
  <testcase classname="org.mvel2.tests.core.CoreConfidenceTests" name="testDifferentImplSameCompile" time="0.001"/>
  <testcase classname="org.mvel2.tests.core.CoreConfidenceTests" name="testInterfaceMethodCallWithSpace" time="0.001"/>
  <testcase classname="org.mvel2.tests.core.CoreConfidenceTests" name="testInterfaceMethodCallWithMacro" time="0"/>
  <testcase classname="org.mvel2.tests.core.CoreConfidenceTests" name="testParsingStability1" time="0.01"/>
  <testcase classname="org.mvel2.tests.core.CoreConfidenceTests" name="testParsingStability2" time="0.002"/>
  <testcase classname="org.mvel2.tests.core.CoreConfidenceTests" name="testConcatWithLineBreaks" time="0"/>
  <testcase classname="org.mvel2.tests.core.CoreConfidenceTests" name="testMethodResolutionWithNullParameter" time="0.004"/>
  <testcase classname="org.mvel2.tests.core.CoreConfidenceTests" name="testStaticNested" time="0"/>
  <testcase classname="org.mvel2.tests.core.CoreConfidenceTests" name="testStaticNestedWithImport" time="0"/>
  <testcase classname="org.mvel2.tests.core.CoreConfidenceTests" name="testStaticNestedWithMethodCall" time="0.001"/>
  <testcase classname="org.mvel2.tests.core.CoreConfidenceTests" name="testsequentialAccessorsThenMethodCall" time="0"/>
  <testcase classname="org.mvel2.tests.core.CoreConfidenceTests" name="testWhileUsingImports" time="0.001"/>
  <testcase classname="org.mvel2.tests.core.CoreConfidenceTests" name="testBooleanModeOnly2" time="0"/>
  <testcase classname="org.mvel2.tests.core.CoreConfidenceTests" name="testBooleanModeOnly4" time="0.001"/>
  <testcase classname="org.mvel2.tests.core.CoreConfidenceTests" name="testThisReferenceMapVirtualObjects" time="0"/>
  <testcase classname="org.mvel2.tests.core.CoreConfidenceTests" name="testThisReferenceMapVirtualObjects1" time="0.001"/>
  <testcase classname="org.mvel2.tests.core.CoreConfidenceTests" name="testThisReferenceMapVirtualObjects2" time="0"/>
  <testcase classname="org.mvel2.tests.core.CoreConfidenceTests" name="testEvalToBoolean" time="0"/>
  <testcase classname="org.mvel2.tests.core.CoreConfidenceTests" name="testImport" time="0.001"/>
  <testcase classname="org.mvel2.tests.core.CoreConfidenceTests" name="testImport2" time="0"/>
  <testcase classname="org.mvel2.tests.core.CoreConfidenceTests" name="testUnusedPackageImport" time="0.001"/>
  <testcase classname="org.mvel2.tests.core.CoreConfidenceTests" name="testStaticImport" time="0.002"/>
  <testcase classname="org.mvel2.tests.core.CoreConfidenceTests" name="testInterceptors" time="0.001"/>
  <testcase classname="org.mvel2.tests.core.CoreConfidenceTests" name="testPropertyVerfierShoudldNotLoopIndefinately" time="0"/>
  <testcase classname="org.mvel2.tests.core.CoreConfidenceTests" name="testCompileWithNewInsideMethodCall" time="0.001"/>
  <testcase classname="org.mvel2.tests.core.CoreConfidenceTests" name="testBug4" time="0"/>
  <testcase classname="org.mvel2.tests.core.CoreConfidenceTests" name="testIndexer" time="0.001"/>
  <testcase classname="org.mvel2.tests.core.CoreConfidenceTests" name="testLateResolveOfClass" time="0"/>
  <testcase classname="org.mvel2.tests.core.CoreConfidenceTests" name="testClassAliasing" time="0.003"/>
  <testcase classname="org.mvel2.tests.core.CoreConfidenceTests" name="testRandomExpression1" time="0.005"/>
  <testcase classname="org.mvel2.tests.core.CoreConfidenceTests" name="testRandomExpression4" time="0.003"/>
  <testcase classname="org.mvel2.tests.core.CoreConfidenceTests" name="testRandomExpression5" time="0.004"/>
  <testcase classname="org.mvel2.tests.core.CoreConfidenceTests" name="testRandomExpression6" time="0.004"/>
  <testcase classname="org.mvel2.tests.core.CoreConfidenceTests" name="testRandomExpression7" time="0.002"/>
  <testcase classname="org.mvel2.tests.core.CoreConfidenceTests" name="testRandomExpression8" time="0.004"/>
  <testcase classname="org.mvel2.tests.core.CoreConfidenceTests" name="testRandomExpression9" time="0.002"/>
  <testcase classname="org.mvel2.tests.core.CoreConfidenceTests" name="testRandomExpression10" time="0.002"/>
  <testcase classname="org.mvel2.tests.core.CoreConfidenceTests" name="testAddIntToMapWithMapSyntax" time="0"/>
  <testcase classname="org.mvel2.tests.core.CoreConfidenceTests" name="testUpdateIntInMapWithMapSyntax" time="0"/>
  <testcase classname="org.mvel2.tests.core.CoreConfidenceTests" name="testDeepProperty" time="0.001"/>
  <testcase classname="org.mvel2.tests.core.CoreConfidenceTests" name="testDeepProperty2" time="0"/>
  <testcase classname="org.mvel2.tests.core.CoreConfidenceTests" name="testBooleanEvaluation" time="0.002"/>
  <testcase classname="org.mvel2.tests.core.CoreConfidenceTests" name="testBooleanEvaluation2" time="0.002"/>
  <testcase classname="org.mvel2.tests.core.CoreConfidenceTests" name="testStaticWithExplicitParam" time="0.001"/>
  <testcase classname="org.mvel2.tests.core.CoreConfidenceTests" name="testSimpleExpression" time="0"/>
  <testcase classname="org.mvel2.tests.core.CoreConfidenceTests" name="testStaticWithExpressionParam" time="0.001"/>
  <testcase classname="org.mvel2.tests.core.CoreConfidenceTests" name="testStringIndex" time="0.001"/>
  <testcase classname="org.mvel2.tests.core.CoreConfidenceTests" name="testAssertKeyword" time="0.001"/>
  <testcase classname="org.mvel2.tests.core.CoreConfidenceTests" name="testMethodInvocationWithCollectionElement" time="0.001"/>
  <testcase classname="org.mvel2.tests.core.CoreConfidenceTests" name="testNestedMethod1" time="0"/>
  <testcase classname="org.mvel2.tests.core.CoreConfidenceTests" name="testDynamicImports2" time="0.002"/>
  <testcase classname="org.mvel2.tests.core.CoreConfidenceTests" name="testUseOfVarKeyword" time="0.001"/>
  <testcase classname="org.mvel2.tests.core.CoreConfidenceTests" name="testAssignment5" time="0.001"/>
  <testcase classname="org.mvel2.tests.core.CoreConfidenceTests" name="testSetExpressions1" time="0"/>
  <testcase classname="org.mvel2.tests.core.CoreConfidenceTests" name="testDuplicateVariableDeclaration" time="0"/>
  <testcase classname="org.mvel2.tests.core.CoreConfidenceTests" name="testFullyQualifiedTypeAndCast" time="0.002"/>
  <testcase classname="org.mvel2.tests.core.CoreConfidenceTests" name="testThreadSafetyInterpreter1" time="0.006"/>
  <testcase classname="org.mvel2.tests.core.CoreConfidenceTests" name="testArrayList" time="0.001"/>
  <testcase classname="org.mvel2.tests.core.CoreConfidenceTests" name="testUnmodifiableCollection" time="0"/>
  <testcase classname="org.mvel2.tests.core.CoreConfidenceTests" name="testSingleton" time="0.001"/>
  <testcase classname="org.mvel2.tests.core.CoreConfidenceTests" name="testJIRA93" time="0.001"/>
  <testcase classname="org.mvel2.tests.core.CoreConfidenceTests" name="testJIRA96" time="0"/>
  <testcase classname="org.mvel2.tests.core.CoreConfidenceTests" name="testStringToArrayCast" time="0.001"/>
  <testcase classname="org.mvel2.tests.core.CoreConfidenceTests" name="testStringToArrayCast2" time="0.002"/>
  <testcase classname="org.mvel2.tests.core.CoreConfidenceTests" name="testStaticallyTypedArrayVar" time="0.003"/>
  <testcase classname="org.mvel2.tests.core.CoreConfidenceTests" name="testParserErrorHandling" time="0"/>
  <testcase classname="org.mvel2.tests.core.CoreConfidenceTests" name="testJIRA100" time="0.004"/>
  <testcase classname="org.mvel2.tests.core.CoreConfidenceTests" name="testAssignToBean" time="0.001"/>
  <testcase classname="org.mvel2.tests.core.CoreConfidenceTests" name="testMapAssignmentNestedExpression" time="0.001"/>
  <testcase classname="org.mvel2.tests.core.CoreConfidenceTests" name="testMapAssignmentNestedExpression2" time="0.001"/>
  <testcase classname="org.mvel2.tests.core.CoreConfidenceTests" name="testMethodResolutionOrder" time="0"/>
  <testcase classname="org.mvel2.tests.core.CoreConfidenceTests" name="testCustomPropertyHandler" time="0.006"/>
  <testcase classname="org.mvel2.tests.core.CoreConfidenceTests" name="testSetAccessorOverloadedEqualsStrictMode" time="0"/>
  <testcase classname="org.mvel2.tests.core.CoreConfidenceTests" name="testAdd__Handle__Simple" time="0"/>
  <testcase classname="org.mvel2.tests.core.CoreConfidenceTests" name="testAdd__Handle__withNewLines" time="0.014"/>
  <testcase classname="org.mvel2.tests.core.CoreConfidenceTests" name="testAdd__Handle__rComplex" time="0"/>
  <testcase classname="org.mvel2.tests.core.CoreConfidenceTests" name="testMultipleMatches" time="0"/>
  <testcase classname="org.mvel2.tests.core.CoreConfidenceTests" name="testAssert1" time="0"/>
  <testcase classname="org.mvel2.tests.core.CoreConfidenceTests" name="testAssert2" time="0"/>
  <testcase classname="org.mvel2.tests.core.CoreConfidenceTests" name="testAssertLogical" time="0"/>
  <testcase classname="org.mvel2.tests.core.CoreConfidenceTests" name="testModifyRetractModifyInsert" time="0.001"/>
  <testcase classname="org.mvel2.tests.core.CoreConfidenceTests" name="testAllActionsMushedTogether" time="0"/>
  <testcase classname="org.mvel2.tests.core.CoreConfidenceTests" name="testLeaveLargeAlone" time="0"/>
  <testcase classname="org.mvel2.tests.core.CoreConfidenceTests" name="testWithNull" time="0"/>
  <testcase classname="org.mvel2.tests.core.CoreConfidenceTests" name="testLeaveAssertAlone" time="0"/>
  <testcase classname="org.mvel2.tests.core.CoreConfidenceTests" name="testLeaveAssertLogicalAlone" time="0"/>
  <testcase classname="org.mvel2.tests.core.CoreConfidenceTests" name="testWackyAssert" time="0"/>
  <testcase classname="org.mvel2.tests.core.CoreConfidenceTests" name="testMoreAssertCraziness" time="0"/>
  <testcase classname="org.mvel2.tests.core.CoreConfidenceTests" name="testRetract" time="0"/>
  <testcase classname="org.mvel2.tests.core.CoreConfidenceTests" name="testIncrementInBooleanStatement" time="0.002"/>
  <testcase classname="org.mvel2.tests.core.CoreConfidenceTests" name="testIncrementInBooleanStatement2" time="0"/>
  <testcase classname="org.mvel2.tests.core.CoreConfidenceTests" name="testStaticallyTypedLong" time="0.006"/>
  <testcase classname="org.mvel2.tests.core.CoreConfidenceTests" name="testNakedMethodCall" time="0.002"/>
  <testcase classname="org.mvel2.tests.core.CoreConfidenceTests" name="testDecl" time="0.006"/>
  <testcase classname="org.mvel2.tests.core.CoreConfidenceTests" name="testInlineUnion" time="0.002"/>
  <testcase classname="org.mvel2.tests.core.CoreConfidenceTests" name="testJIRA113" time="0.002"/>
  <testcase classname="org.mvel2.tests.core.CoreConfidenceTests" name="testChainedMethodCallsWithParams" time="0.001"/>
  <testcase classname="org.mvel2.tests.core.CoreConfidenceTests" name="testIsUsedInIf" time="0.001"/>
  <testcase classname="org.mvel2.tests.core.CoreConfidenceTests" name="testJIRA122" time="0.007"/>
  <testcase classname="org.mvel2.tests.core.CoreConfidenceTests" name="testJIRA122b" time="0.001"/>
  <testcase classname="org.mvel2.tests.core.CoreConfidenceTests" name="testJIRA103" time="0"/>
  <testcase classname="org.mvel2.tests.core.CoreConfidenceTests" name="testJIRA103b" time="0"/>
  <testcase classname="org.mvel2.tests.core.CoreConfidenceTests" name="testMethodCaching" time="0.002"/>
  <testcase classname="org.mvel2.tests.core.CoreConfidenceTests" name="testSetExpressions2" time="0"/>
  <testcase classname="org.mvel2.tests.core.CoreConfidenceTests" name="testInnerClassReference" time="0.008"/>
  <testcase classname="org.mvel2.tests.core.CoreConfidenceTests" name="testEdson" time="0.006"/>
  <testcase classname="org.mvel2.tests.core.CoreConfidenceTests" name="testEnumSupport" time="0.002"/>
  <testcase classname="org.mvel2.tests.core.CoreConfidenceTests" name="testOperatorPrecedenceOrder" time="0.001"/>
  <testcase classname="org.mvel2.tests.core.CoreConfidenceTests" name="testJIRA139" time="0"/>
  <testcase classname="org.mvel2.tests.core.CoreConfidenceTests" name="testJIRA140" time="0.004"/>
  <testcase classname="org.mvel2.tests.core.CoreConfidenceTests" name="testVerifierWithIndexedProperties" time="0"/>
  <testcase classname="org.mvel2.tests.core.CoreConfidenceTests" name="testEmpty" time="0"/>
  <testcase classname="org.mvel2.tests.core.CoreConfidenceTests" name="testMapsAndLists" time="0.003"/>
  <testcase classname="org.mvel2.tests.core.CoreConfidenceTests" name="testMapsAndLists2" time="0.001"/>
  <testcase classname="org.mvel2.tests.core.CoreConfidenceTests" name="testReturnBoolean" time="0"/>
  <testcase classname="org.mvel2.tests.core.CoreConfidenceTests" name="testComaProblemStrikesBack" time="0.001"/>
  <testcase classname="org.mvel2.tests.core.CoreConfidenceTests" name="testStringConcatenation" time="0"/>
  <testcase classname="org.mvel2.tests.core.CoreConfidenceTests" name="testStringConcatenation2" time="0.001"/>
  <testcase classname="org.mvel2.tests.core.CoreConfidenceTests" name="testStringConcatenation3" time="0"/>
  <testcase classname="org.mvel2.tests.core.CoreConfidenceTests" name="testMapsWithVariableAsKey" time="0"/>
  <testcase classname="org.mvel2.tests.core.CoreConfidenceTests" name="testMapsWithVariableAsKey2" time="0"/>
  <testcase classname="org.mvel2.tests.core.CoreConfidenceTests" name="testProjectionUsingThis" time="0.001"/>
  <testcase classname="org.mvel2.tests.core.CoreConfidenceTests" name="testUnaryOpNegation1" time="0.001"/>
  <testcase classname="org.mvel2.tests.core.CoreConfidenceTests" name="testUnaryOpNegation2" time="0.001"/>
  <testcase classname="org.mvel2.tests.core.CoreConfidenceTests" name="testJIRA151" time="0.001"/>
  <testcase classname="org.mvel2.tests.core.CoreConfidenceTests" name="testJIRA151b" time="0.001"/>
  <testcase classname="org.mvel2.tests.core.CoreConfidenceTests" name="testJIRA153" time="0"/>
  <testcase classname="org.mvel2.tests.core.CoreConfidenceTests" name="testMultipleNegations" time="0"/>
  <testcase classname="org.mvel2.tests.core.CoreConfidenceTests" name="testJIRA154" time="0"/>
  <testcase classname="org.mvel2.tests.core.CoreConfidenceTests" name="testJIRA154b" time="0"/>
  <testcase classname="org.mvel2.tests.core.CoreConfidenceTests" name="testJIRA155" time="0"/>
  <testcase classname="org.mvel2.tests.core.CoreConfidenceTests" name="testJIRA155b" time="0.001"/>
  <testcase classname="org.mvel2.tests.core.CoreConfidenceTests" name="testJIRA156" time="0.001"/>
  <testcase classname="org.mvel2.tests.core.CoreConfidenceTests" name="testJIRA156b" time="0"/>
  <testcase classname="org.mvel2.tests.core.CoreConfidenceTests" name="testJIRA156c" time="0"/>
  <testcase classname="org.mvel2.tests.core.CoreConfidenceTests" name="testArray" time="0.006"/>
  <testcase classname="org.mvel2.tests.core.CoreConfidenceTests" name="testArray2" time="0.005"/>
  <testcase classname="org.mvel2.tests.core.CoreConfidenceTests" name="testJIRA166" time="0"/>
  <testcase classname="org.mvel2.tests.core.CoreConfidenceTests" name="testJIRA167" time="0.001"/>
  <testcase classname="org.mvel2.tests.core.CoreConfidenceTests" name="testJIRA168" time="0"/>
  <testcase classname="org.mvel2.tests.core.CoreConfidenceTests" name="testJIRA170" time="0"/>
  <testcase classname="org.mvel2.tests.core.CoreConfidenceTests" name="testJIRA170b" time="0.001"/>
  <testcase classname="org.mvel2.tests.core.CoreConfidenceTests" name="testJIRA167b" time="0"/>
  <testcase classname="org.mvel2.tests.core.CoreConfidenceTests" name="testJIRA167c" time="0"/>
  <testcase classname="org.mvel2.tests.core.CoreConfidenceTests" name="testJIRA176" time="0"/>
  <testcase classname="org.mvel2.tests.core.CoreConfidenceTests" name="testJIRA176b" time="0.001"/>
  <testcase classname="org.mvel2.tests.core.CoreConfidenceTests" name="testRandomSomething" time="0"/>
  <testcase classname="org.mvel2.tests.core.CoreConfidenceTests" name="testDeepMethodNameResolution" time="0.001"/>
  <testcase classname="org.mvel2.tests.core.CoreConfidenceTests" name="testJIRA183" time="0.001"/>
  <testcase classname="org.mvel2.tests.core.CoreConfidenceTests" name="testContextAssignments" time="0"/>
  <testcase classname="org.mvel2.tests.core.CoreConfidenceTests" name="testMVEL187" time="0"/>
  <testcase classname="org.mvel2.tests.core.CoreConfidenceTests" name="testMVEL190" time="0.001"/>
  <testcase classname="org.mvel2.tests.core.CoreConfidenceTests" name="testMethodScoring" time="0.001"/>
  <testcase classname="org.mvel2.tests.core.CoreConfidenceTests" name="testMethodWithNegativeIntParamMVEL313" time="0.002"/>
  <testcase classname="org.mvel2.tests.core.CoreConfidenceTests" name="testSetterViaDotNotation" time="0"/>
  <testcase classname="org.mvel2.tests.core.CoreConfidenceTests" name="testSetterViaMapNotation" time="0.001"/>
  <testcase classname="org.mvel2.tests.core.CoreConfidenceTests" name="testGetterViaDotNotation" time="0"/>
  <testcase classname="org.mvel2.tests.core.CoreConfidenceTests" name="testGetterViaMapNotation" time="0"/>
  <testcase classname="org.mvel2.tests.core.CoreConfidenceTests" name="testGetterViaMapGetter" time="0"/>
  <testcase classname="org.mvel2.tests.core.CoreConfidenceTests" name="testJIRA209" time="0.001"/>
  <testcase classname="org.mvel2.tests.core.CoreConfidenceTests" name="testBigDecimalOutput" time="0.001"/>
  <testcase classname="org.mvel2.tests.core.CoreConfidenceTests" name="testAmbiguousGetName" time="0.001"/>
  <testcase classname="org.mvel2.tests.core.CoreConfidenceTests" name="testBindingNullToPrimitiveTypes" time="0"/>
  <testcase classname="org.mvel2.tests.core.CoreConfidenceTests" name="testBindingNullToPrimitiveTypes2" time="0.001"/>
  <testcase classname="org.mvel2.tests.core.CoreConfidenceTests" name="testBindingNullToPrimitiveTypes3" time="0"/>
  <testcase classname="org.mvel2.tests.core.CoreConfidenceTests" name="testBindingNullToPrimitiveTypes4" time="0.001"/>
  <testcase classname="org.mvel2.tests.core.CoreConfidenceTests" name="testBindListToArray" time="0"/>
  <testcase classname="org.mvel2.tests.core.CoreConfidenceTests" name="testBindListToMultiArray" time="0"/>
  <testcase classname="org.mvel2.tests.core.CoreConfidenceTests" name="testMVEL224" time="0.001"/>
  <testcase classname="org.mvel2.tests.core.CoreConfidenceTests" name="testMVEL221" time="0.001"/>
  <testcase classname="org.mvel2.tests.core.CoreConfidenceTests" name="testMVEL222" time="0.001"/>
  <testcase classname="org.mvel2.tests.core.CoreConfidenceTests" name="testMVEL238" time="0.001"/>
  <testcase classname="org.mvel2.tests.core.CoreConfidenceTests" name="testParsingRegression" time="0.001"/>
  <testcase classname="org.mvel2.tests.core.CoreConfidenceTests" name="testArrayLength" time="0"/>
  <testcase classname="org.mvel2.tests.core.CoreConfidenceTests" name="testEmptyConstructorWithSpace" time="0"/>
  <testcase classname="org.mvel2.tests.core.CoreConfidenceTests" name="testVarArgs" time="0"/>
  <testcase classname="org.mvel2.tests.core.CoreConfidenceTests" name="testJavaLangImport" time="0"/>
  <testcase classname="org.mvel2.tests.core.CoreConfidenceTests" name="testContextFieldNotFound" time="0"/>
  <testcase classname="org.mvel2.tests.core.CoreConfidenceTests" name="testNestedEnum" time="0.001"/>
  <testcase classname="org.mvel2.tests.core.CoreConfidenceTests" name="testNestedNumInMapKey" time="0.001"/>
  <testcase classname="org.mvel2.tests.core.CoreConfidenceTests" name="testNestedClassWithNestedGenericsOnNakedMethod" time="0"/>
  <testcase classname="org.mvel2.tests.core.CoreConfidenceTests" name="testStrictModeAddAll" time="0"/>
  <testcase classname="org.mvel2.tests.core.CoreConfidenceTests" name="testNestedEnumFromJar" time="0.003"/>
  <testcase classname="org.mvel2.tests.core.CoreConfidenceTests" name="testContextObjMethodCall" time="0"/>
  <testcase classname="org.mvel2.tests.core.CoreConfidenceTests" name="testMapAccessWithNestedMethodCall" time="0"/>
  <testcase classname="org.mvel2.tests.core.CoreConfidenceTests" name="testMapAccessWithNestedProperty" time="0.001"/>
  <testcase classname="org.mvel2.tests.core.CoreConfidenceTests" name="testArrays" time="0"/>
  <testcase classname="org.mvel2.tests.core.CoreConfidenceTests" name="testFullyQualifiedEnums" time="0.003"/>
  <testcase classname="org.mvel2.tests.core.CoreConfidenceTests" name="testGenericsMap" time="0"/>
  <testcase classname="org.mvel2.tests.core.CoreConfidenceTests" name="testWithInsideBlock" time="0.001"/>
  <testcase classname="org.mvel2.tests.core.CoreConfidenceTests" name="testMethodCallWithSpaces" time="0.002"/>
  <testcase classname="org.mvel2.tests.core.CoreConfidenceTests" name="testInlineConstructor" time="0"/>
  <testcase classname="org.mvel2.tests.core.CoreConfidenceTests" name="testStrTriangleEqualsEquals" time="0"/>
  <testcase classname="org.mvel2.tests.core.CoreConfidenceTests" name="testPackageImportEnum" time="0.003"/>
  <testcase classname="org.mvel2.tests.core.CoreConfidenceTests" name="testNarrowToWideCompare" time="0"/>
  <testcase classname="org.mvel2.tests.core.CoreConfidenceTests" name="testPrimitiveArray" time="0"/>
  <testcase classname="org.mvel2.tests.core.CoreConfidenceTests" name="testPrimitiveArrayWithStrongTyping" time="0"/>
  <testcase classname="org.mvel2.tests.core.CoreConfidenceTests" name="testVarArgsParams" time="0.03"/>
  <testcase classname="org.mvel2.tests.core.CoreConfidenceTests" name="testTypedVarArgsParams" time="0.022"/>
  <testcase classname="org.mvel2.tests.core.CoreConfidenceTests" name="testTypedVarArgsConstructor" time="0"/>
  <testcase classname="org.mvel2.tests.core.CoreConfidenceTests" name="testUppercaseField" time="0.001"/>
  <testcase classname="org.mvel2.tests.core.CoreConfidenceTests" name="testExpressionReturnType" time="0"/>
  <testcase classname="org.mvel2.tests.core.CoreConfidenceTests" name="testConstantOnLeftExpression" time="0.001"/>
  <testcase classname="org.mvel2.tests.core.CoreConfidenceTests" name="testExpressionReturnTypeWithGenerics" time="0"/>
  <testcase classname="org.mvel2.tests.core.CoreConfidenceTests" name="testWrongExpressions" time="0.002"/>
  <testcase classname="org.mvel2.tests.core.CoreConfidenceTests" name="testExponentialNotation" time="0.003"/>
  <testcase classname="org.mvel2.tests.core.CoreConfidenceTests" name="testShiftOperator" time="0.001"/>
  <testcase classname="org.mvel2.tests.core.CoreConfidenceTests" name="testSystemOutOnPrivateClass" time="0.002"/>
  <testcase classname="org.mvel2.tests.core.CoreConfidenceTests" name="testSystemOutWithActualInstanceMethod" time="0.002"/>
  <testcase classname="org.mvel2.tests.core.CoreConfidenceTests" name="testMinusOperatorWithoutSpace" time="0.001"/>
  <testcase classname="org.mvel2.tests.core.CoreConfidenceTests" name="testDhanji2" time="0"/>
  <testcase classname="org.mvel2.tests.core.CoreConfidenceTests" name="testPrimitiveNumberCoercion" time="0"/>
  <testcase classname="org.mvel2.tests.core.CoreConfidenceTests" name="testBigIntegerWithZeroValue" time="0.001"/>
  <testcase classname="org.mvel2.tests.core.CoreConfidenceTests" name="testBigDecimalWithZeroValue" time="0"/>
  <testcase classname="org.mvel2.tests.core.CoreConfidenceTests" name="testMethodReturningPrimitiveTypeAnalysis" time="0.001"/>
  <testcase classname="org.mvel2.tests.core.CoreConfidenceTests" name="testStaticMethodsInvocationWithNullArg" time="0.005"/>
  <testcase classname="org.mvel2.tests.core.CoreConfidenceTests" name="testCovariance" time="0"/>
  <testcase classname="org.mvel2.tests.core.CoreConfidenceTests" name="testDivisionType" time="0.002"/>
  <testcase classname="org.mvel2.tests.core.CoreConfidenceTests" name="testUntypedClone" time="0"/>
  <testcase classname="org.mvel2.tests.core.CoreConfidenceTests" name="testOverloading" time="0"/>
  <testcase classname="org.mvel2.tests.core.CoreConfidenceTests" name="testPippo" time="0"/>
  <testcase classname="org.mvel2.tests.core.CoreConfidenceTests" name="testReturnTypeExtendingGeneric" time="0.001"/>
  <testcase classname="org.mvel2.tests.core.CoreConfidenceTests" name="testNullCollection" time="0"/>
  <testcase classname="org.mvel2.tests.core.CoreConfidenceTests" name="testRegExWithCast" time="0"/>
  <testcase classname="org.mvel2.tests.core.CoreConfidenceTests" name="testUnwantedImport" time="0.003"/>
  <testcase classname="org.mvel2.tests.core.CoreConfidenceTests" name="testUnaryNegative" time="0"/>
  <testcase classname="org.mvel2.tests.core.CoreConfidenceTests" name="testUnaryNegativeWithSpace" time="0.001"/>
  <testcase classname="org.mvel2.tests.core.CoreConfidenceTests" name="testStaticMethodInvocation" time="0.001"/>
  <testcase classname="org.mvel2.tests.core.CoreConfidenceTests" name="testMultiplyIntByDouble" time="0"/>
  <testcase classname="org.mvel2.tests.core.CoreConfidenceTests" name="testCharToStringCoercionForComparison" time="0.001"/>
  <testcase classname="org.mvel2.tests.core.CoreConfidenceTests" name="testFieldNameWithUnderscore" time="0"/>
  <testcase classname="org.mvel2.tests.core.CoreConfidenceTests" name="testEmptyOperatorOnStrings" time="0"/>
  <testcase classname="org.mvel2.tests.core.CoreConfidenceTests" name="testEmptyOperatorOnBoolean" time="0.001"/>
  <testcase classname="org.mvel2.tests.core.CoreConfidenceTests" name="testEmptyOperatorOnInteger" time="0"/>
  <testcase classname="org.mvel2.tests.core.CoreConfidenceTests" name="testInstanceofOnInnerClass" time="0.001"/>
  <testcase classname="org.mvel2.tests.core.CoreConfidenceTests" name="testInstanceofWithPackageImport" time="0.001"/>
  <testcase classname="org.mvel2.tests.core.CoreConfidenceTests" name="testInstanceofWithPackageImportAndInnerClass" time="0.002"/>
  <testcase classname="org.mvel2.tests.core.CoreConfidenceTests" name="testCompilerExceptionFormatting" time="0.007"/>
  <testcase classname="org.mvel2.tests.core.CoreConfidenceTests" name="testHandleNumericConversionBug" time="0.001"/>
  <testcase classname="org.mvel2.tests.core.CoreConfidenceTests" name="testNoArgMethodInheritance" time="0"/>
  <testcase classname="org.mvel2.tests.core.CoreConfidenceTests" name="testMethodOverloadMatch" time="0"/>
  <testcase classname="org.mvel2.tests.core.CoreConfidenceTests" name="testNothing" time="0"/>
</testsuite>