<?xml version="1.0" encoding="UTF-8" ?>
<testsuite tests="119" failures="0" name="org.mvel2.tests.core.ArithmeticTests" time="0.196" errors="0" skipped="0">
  <properties>
    <property name="java.runtime.name" value="OpenJDK Runtime Environment"/>
    <property name="sun.boot.library.path" value="/usr/local/openjdk-8/jre/lib/amd64"/>
    <property name="java.vm.version" value="25.262-b10"/>
    <property name="animal.sniffer.skip" value="true"/>
    <property name="java.vm.vendor" value="Oracle Corporation"/>
    <property name="maven.javadoc.skip" value="true"/>
    <property name="java.vendor.url" value="http://java.oracle.com/"/>
    <property name="path.separator" value=":"/>
    <property name="java.vm.name" value="OpenJDK 64-Bit Server VM"/>
    <property name="file.encoding.pkg" value="sun.io"/>
    <property name="sun.java.launcher" value="SUN_STANDARD"/>
    <property name="sun.os.patch.level" value="unknown"/>
    <property name="source.skip" value="true"/>
    <property name="java.vm.specification.name" value="Java Virtual Machine Specification"/>
    <property name="user.dir" value="/tmp/tmph4xkf2pp/mvel"/>
    <property name="java.runtime.version" value="1.8.0_262-b10"/>
    <property name="java.awt.graphicsenv" value="sun.awt.X11GraphicsEnvironment"/>
    <property name="basedir" value="/tmp/tmph4xkf2pp/mvel"/>
    <property name="java.endorsed.dirs" value="/usr/local/openjdk-8/jre/lib/endorsed"/>
    <property name="os.arch" value="amd64"/>
    <property name="surefire.real.class.path" value="/tmp/tmph4xkf2pp/mvel/target/surefire/surefirebooter833159026969386087.jar"/>
    <property name="java.io.tmpdir" value="/tmp"/>
    <property name="line.separator" value="
"/>
    <property name="java.vm.specification.vendor" value="Oracle Corporation"/>
    <property name="mvel.tests.quick" value="true"/>
    <property name="os.name" value="Linux"/>
    <property name="maven.test.error.ignore" value="true"/>
    <property name="sun.jnu.encoding" value="UTF-8"/>
    <property name="java.library.path" value="/usr/java/packages/lib/amd64:/usr/lib64:/lib64:/lib:/usr/lib"/>
    <property name="license.skip" value="true"/>
    <property name="surefire.test.class.path" value="/tmp/tmph4xkf2pp/mvel/target/test-classes:/tmp/tmph4xkf2pp/mvel/target/classes:/home/jdbl/.m2/repository/junit/junit/4.8.2/junit-4.8.2.jar:/home/jdbl/.m2/repository/com/thoughtworks/xstream/xstream/1.3.1/xstream-1.3.1.jar:/home/jdbl/.m2/repository/xpp3/xpp3_min/1.1.4c/xpp3_min-1.1.4c.jar:"/>
    <property name="java.specification.name" value="Java Platform API Specification"/>
    <property name="java.class.version" value="52.0"/>
    <property name="sun.management.compiler" value="HotSpot 64-Bit Tiered Compilers"/>
    <property name="maven.test.failure.ignore" value="true"/>
    <property name="os.version" value="4.15.0-109-generic"/>
    <property name="user.home" value="/home/jdbl"/>
    <property name="user.timezone" value="Etc/UTC"/>
    <property name="java.awt.printerjob" value="sun.print.PSPrinterJob"/>
    <property name="mvel.disable.jit" value="true"/>
    <property name="java.specification.version" value="1.8"/>
    <property name="file.encoding" value="UTF-8"/>
    <property name="user.name" value="jdbl"/>
    <property name="java.class.path" value="/tmp/tmph4xkf2pp/mvel/target/test-classes:/tmp/tmph4xkf2pp/mvel/target/classes:/home/jdbl/.m2/repository/junit/junit/4.8.2/junit-4.8.2.jar:/home/jdbl/.m2/repository/com/thoughtworks/xstream/xstream/1.3.1/xstream-1.3.1.jar:/home/jdbl/.m2/repository/xpp3/xpp3_min/1.1.4c/xpp3_min-1.1.4c.jar:"/>
    <property name="java.vm.specification.version" value="1.8"/>
    <property name="sun.arch.data.model" value="64"/>
    <property name="java.home" value="/usr/local/openjdk-8/jre"/>
    <property name="sun.java.command" value="/tmp/tmph4xkf2pp/mvel/target/surefire/surefirebooter833159026969386087.jar /tmp/tmph4xkf2pp/mvel/target/surefire/surefire2144936957826034880tmp /tmp/tmph4xkf2pp/mvel/target/surefire/surefire450148387869551472tmp"/>
    <property name="java.specification.vendor" value="Oracle Corporation"/>
    <property name="user.language" value="en"/>
    <property name="awt.toolkit" value="sun.awt.X11.XToolkit"/>
    <property name="java.vm.info" value="mixed mode"/>
    <property name="java.version" value="1.8.0_262"/>
    <property name="java.ext.dirs" value="/usr/local/openjdk-8/jre/lib/ext:/usr/java/packages/lib/ext"/>
    <property name="sun.boot.class.path" value="/usr/local/openjdk-8/jre/lib/resources.jar:/usr/local/openjdk-8/jre/lib/rt.jar:/usr/local/openjdk-8/jre/lib/sunrsasign.jar:/usr/local/openjdk-8/jre/lib/jsse.jar:/usr/local/openjdk-8/jre/lib/jce.jar:/usr/local/openjdk-8/jre/lib/charsets.jar:/usr/local/openjdk-8/jre/lib/jfr.jar:/usr/local/openjdk-8/jre/classes"/>
    <property name="java.vendor" value="Oracle Corporation"/>
    <property name="rat.skip" value="true"/>
    <property name="localRepository" value="/home/jdbl/.m2/repository"/>
    <property name="file.separator" value="/"/>
    <property name="java.vendor.url.bug" value="http://bugreport.sun.com/bugreport/"/>
    <property name="sun.cpu.endian" value="little"/>
    <property name="sun.io.unicode.encoding" value="UnicodeLittle"/>
    <property name="sun.cpu.isalist" value=""/>
  </properties>
  <testcase classname="org.mvel2.tests.core.ArithmeticTests" name="testNegation" time="0.002"/>
  <testcase classname="org.mvel2.tests.core.ArithmeticTests" name="testMath4a" time="0"/>
  <testcase classname="org.mvel2.tests.core.ArithmeticTests" name="testMath2" time="0.003"/>
  <testcase classname="org.mvel2.tests.core.ArithmeticTests" name="testMath3" time="0.002"/>
  <testcase classname="org.mvel2.tests.core.ArithmeticTests" name="testMath4" time="0.001"/>
  <testcase classname="org.mvel2.tests.core.ArithmeticTests" name="testMath" time="0"/>
  <testcase classname="org.mvel2.tests.core.ArithmeticTests" name="testMath5" time="0.001"/>
  <testcase classname="org.mvel2.tests.core.ArithmeticTests" name="testMath5a" time="0"/>
  <testcase classname="org.mvel2.tests.core.ArithmeticTests" name="testMath6" time="0"/>
  <testcase classname="org.mvel2.tests.core.ArithmeticTests" name="testMath7" time="0.001"/>
  <testcase classname="org.mvel2.tests.core.ArithmeticTests" name="testMath8" time="0.001"/>
  <testcase classname="org.mvel2.tests.core.ArithmeticTests" name="testPowerOf" time="0.02"/>
  <testcase classname="org.mvel2.tests.core.ArithmeticTests" name="testSignOperator" time="0"/>
  <testcase classname="org.mvel2.tests.core.ArithmeticTests" name="testMath14" time="0.001"/>
  <testcase classname="org.mvel2.tests.core.ArithmeticTests" name="testMath15" time="0.001"/>
  <testcase classname="org.mvel2.tests.core.ArithmeticTests" name="testMath16" time="0"/>
  <testcase classname="org.mvel2.tests.core.ArithmeticTests" name="testMath17" time="0.001"/>
  <testcase classname="org.mvel2.tests.core.ArithmeticTests" name="testMath18" time="0"/>
  <testcase classname="org.mvel2.tests.core.ArithmeticTests" name="testMath19" time="0.001"/>
  <testcase classname="org.mvel2.tests.core.ArithmeticTests" name="testMath32" time="0.001"/>
  <testcase classname="org.mvel2.tests.core.ArithmeticTests" name="testMath33" time="0"/>
  <testcase classname="org.mvel2.tests.core.ArithmeticTests" name="testMath20" time="0.002"/>
  <testcase classname="org.mvel2.tests.core.ArithmeticTests" name="testMath21" time="0.001"/>
  <testcase classname="org.mvel2.tests.core.ArithmeticTests" name="testMath22" time="0.001"/>
  <testcase classname="org.mvel2.tests.core.ArithmeticTests" name="testMath22b" time="0"/>
  <testcase classname="org.mvel2.tests.core.ArithmeticTests" name="testMath23" time="0.001"/>
  <testcase classname="org.mvel2.tests.core.ArithmeticTests" name="testMath24" time="0.001"/>
  <testcase classname="org.mvel2.tests.core.ArithmeticTests" name="testMath25" time="0.001"/>
  <testcase classname="org.mvel2.tests.core.ArithmeticTests" name="testMath26" time="0.001"/>
  <testcase classname="org.mvel2.tests.core.ArithmeticTests" name="testMath27" time="0.001"/>
  <testcase classname="org.mvel2.tests.core.ArithmeticTests" name="testMath28" time="0.002"/>
  <testcase classname="org.mvel2.tests.core.ArithmeticTests" name="testMath29" time="0"/>
  <testcase classname="org.mvel2.tests.core.ArithmeticTests" name="testMath30" time="0.001"/>
  <testcase classname="org.mvel2.tests.core.ArithmeticTests" name="testMath31" time="0"/>
  <testcase classname="org.mvel2.tests.core.ArithmeticTests" name="testMath34" time="0"/>
  <testcase classname="org.mvel2.tests.core.ArithmeticTests" name="testMath34_Interpreted" time="0"/>
  <testcase classname="org.mvel2.tests.core.ArithmeticTests" name="testMath35" time="0"/>
  <testcase classname="org.mvel2.tests.core.ArithmeticTests" name="testMath35_Interpreted" time="0"/>
  <testcase classname="org.mvel2.tests.core.ArithmeticTests" name="testMath36" time="0"/>
  <testcase classname="org.mvel2.tests.core.ArithmeticTests" name="testMath37" time="0"/>
  <testcase classname="org.mvel2.tests.core.ArithmeticTests" name="testMath38" time="0"/>
  <testcase classname="org.mvel2.tests.core.ArithmeticTests" name="testMath39" time="0"/>
  <testcase classname="org.mvel2.tests.core.ArithmeticTests" name="testMath40" time="0.001"/>
  <testcase classname="org.mvel2.tests.core.ArithmeticTests" name="testMath41" time="0"/>
  <testcase classname="org.mvel2.tests.core.ArithmeticTests" name="testMath42" time="0"/>
  <testcase classname="org.mvel2.tests.core.ArithmeticTests" name="testMath43" time="0"/>
  <testcase classname="org.mvel2.tests.core.ArithmeticTests" name="testMath44" time="0"/>
  <testcase classname="org.mvel2.tests.core.ArithmeticTests" name="testMath44b" time="0"/>
  <testcase classname="org.mvel2.tests.core.ArithmeticTests" name="testOperatorPrecedence" time="0.006"/>
  <testcase classname="org.mvel2.tests.core.ArithmeticTests" name="testOperatorPrecedence2" time="0.002"/>
  <testcase classname="org.mvel2.tests.core.ArithmeticTests" name="testOperatorPrecedence3" time="0.007"/>
  <testcase classname="org.mvel2.tests.core.ArithmeticTests" name="testOperatorPrecedence4" time="0.002"/>
  <testcase classname="org.mvel2.tests.core.ArithmeticTests" name="testOperatorPrecedence5" time="0.001"/>
  <testcase classname="org.mvel2.tests.core.ArithmeticTests" name="testModulus" time="0.001"/>
  <testcase classname="org.mvel2.tests.core.ArithmeticTests" name="testBitwiseOr1" time="0"/>
  <testcase classname="org.mvel2.tests.core.ArithmeticTests" name="testBitwiseOr2" time="0.001"/>
  <testcase classname="org.mvel2.tests.core.ArithmeticTests" name="testBitwiseOr3" time="0.003"/>
  <testcase classname="org.mvel2.tests.core.ArithmeticTests" name="testBitwiseOr4" time="0.001"/>
  <testcase classname="org.mvel2.tests.core.ArithmeticTests" name="testBitwiseAnd1" time="0.001"/>
  <testcase classname="org.mvel2.tests.core.ArithmeticTests" name="testBitwiseAnd2" time="0.001"/>
  <testcase classname="org.mvel2.tests.core.ArithmeticTests" name="testShiftLeft" time="0.001"/>
  <testcase classname="org.mvel2.tests.core.ArithmeticTests" name="testShiftLeft2" time="0.001"/>
  <testcase classname="org.mvel2.tests.core.ArithmeticTests" name="testUnsignedShiftLeft" time="0.001"/>
  <testcase classname="org.mvel2.tests.core.ArithmeticTests" name="testShiftRight" time="0.001"/>
  <testcase classname="org.mvel2.tests.core.ArithmeticTests" name="testShiftRight2" time="0.001"/>
  <testcase classname="org.mvel2.tests.core.ArithmeticTests" name="testUnsignedShiftRight" time="0.001"/>
  <testcase classname="org.mvel2.tests.core.ArithmeticTests" name="testUnsignedShiftRight2" time="0.001"/>
  <testcase classname="org.mvel2.tests.core.ArithmeticTests" name="testShiftRightAssign" time="0.002"/>
  <testcase classname="org.mvel2.tests.core.ArithmeticTests" name="testShiftLeftAssign" time="0.002"/>
  <testcase classname="org.mvel2.tests.core.ArithmeticTests" name="testUnsignedShiftRightAssign" time="0"/>
  <testcase classname="org.mvel2.tests.core.ArithmeticTests" name="testXOR" time="0.001"/>
  <testcase classname="org.mvel2.tests.core.ArithmeticTests" name="testXOR2" time="0.002"/>
  <testcase classname="org.mvel2.tests.core.ArithmeticTests" name="testInvert" time="0.017"/>
  <testcase classname="org.mvel2.tests.core.ArithmeticTests" name="testInvert2" time="0.001"/>
  <testcase classname="org.mvel2.tests.core.ArithmeticTests" name="testInvert3" time="0.001"/>
  <testcase classname="org.mvel2.tests.core.ArithmeticTests" name="testDeepPropertyAdd" time="0.002"/>
  <testcase classname="org.mvel2.tests.core.ArithmeticTests" name="testDeepAssignmentIncrement" time="0.009"/>
  <testcase classname="org.mvel2.tests.core.ArithmeticTests" name="testDeepAssignmentWithBlock" time="0.015"/>
  <testcase classname="org.mvel2.tests.core.ArithmeticTests" name="testOperativeAssignMod" time="0.003"/>
  <testcase classname="org.mvel2.tests.core.ArithmeticTests" name="testOperativeAssignDiv" time="0.007"/>
  <testcase classname="org.mvel2.tests.core.ArithmeticTests" name="testOperativeAssignShift1" time="0.001"/>
  <testcase classname="org.mvel2.tests.core.ArithmeticTests" name="testOperativeAssignShift2" time="0.001"/>
  <testcase classname="org.mvel2.tests.core.ArithmeticTests" name="testOperativeAssignShift3" time="0.002"/>
  <testcase classname="org.mvel2.tests.core.ArithmeticTests" name="testAssignPlus" time="0.016"/>
  <testcase classname="org.mvel2.tests.core.ArithmeticTests" name="testAssignPlus2" time="0.003"/>
  <testcase classname="org.mvel2.tests.core.ArithmeticTests" name="testAssignDiv" time="0.001"/>
  <testcase classname="org.mvel2.tests.core.ArithmeticTests" name="testAssignMult" time="0.001"/>
  <testcase classname="org.mvel2.tests.core.ArithmeticTests" name="testAssignSub" time="0.001"/>
  <testcase classname="org.mvel2.tests.core.ArithmeticTests" name="testAssignSub2" time="0.001"/>
  <testcase classname="org.mvel2.tests.core.ArithmeticTests" name="testBooleanStrAppend" time="0.001"/>
  <testcase classname="org.mvel2.tests.core.ArithmeticTests" name="testStringAppend" time="0"/>
  <testcase classname="org.mvel2.tests.core.ArithmeticTests" name="testStrongTypingModeComparison" time="0"/>
  <testcase classname="org.mvel2.tests.core.ArithmeticTests" name="testJIRA158" time="0.001"/>
  <testcase classname="org.mvel2.tests.core.ArithmeticTests" name="testJIRA162" time="0"/>
  <testcase classname="org.mvel2.tests.core.ArithmeticTests" name="testJIRA161" time="0"/>
  <testcase classname="org.mvel2.tests.core.ArithmeticTests" name="testJIRA163" time="0"/>
  <testcase classname="org.mvel2.tests.core.ArithmeticTests" name="testJIRA164" time="0"/>
  <testcase classname="org.mvel2.tests.core.ArithmeticTests" name="testJIRA164b" time="0"/>
  <testcase classname="org.mvel2.tests.core.ArithmeticTests" name="testJIRA164c" time="0"/>
  <testcase classname="org.mvel2.tests.core.ArithmeticTests" name="testJIRA164d" time="0.001"/>
  <testcase classname="org.mvel2.tests.core.ArithmeticTests" name="testJIRA164e" time="0"/>
  <testcase classname="org.mvel2.tests.core.ArithmeticTests" name="testJIRA164f" time="0"/>
  <testcase classname="org.mvel2.tests.core.ArithmeticTests" name="testJIRA164g" time="0"/>
  <testcase classname="org.mvel2.tests.core.ArithmeticTests" name="testJIRA164h" time="0"/>
  <testcase classname="org.mvel2.tests.core.ArithmeticTests" name="testJIRA180" time="0"/>
  <testcase classname="org.mvel2.tests.core.ArithmeticTests" name="testJIRA208" time="0.001"/>
  <testcase classname="org.mvel2.tests.core.ArithmeticTests" name="testJIRA1208a" time="0"/>
  <testcase classname="org.mvel2.tests.core.ArithmeticTests" name="testJIRA208b" time="0"/>
  <testcase classname="org.mvel2.tests.core.ArithmeticTests" name="testJIRA210" time="0.001"/>
  <testcase classname="org.mvel2.tests.core.ArithmeticTests" name="testMathDec30" time="0"/>
  <testcase classname="org.mvel2.tests.core.ArithmeticTests" name="testJIRA99_Interpreted" time="0"/>
  <testcase classname="org.mvel2.tests.core.ArithmeticTests" name="testJIRA99_Compiled" time="0"/>
  <testcase classname="org.mvel2.tests.core.ArithmeticTests" name="testModExpr" time="0.012"/>
  <testcase classname="org.mvel2.tests.core.ArithmeticTests" name="testIntsWithDivision" time="0"/>
  <testcase classname="org.mvel2.tests.core.ArithmeticTests" name="testMathCeil" time="0.001"/>
  <testcase classname="org.mvel2.tests.core.ArithmeticTests" name="testStaticMathCeil" time="0.001"/>
  <testcase classname="org.mvel2.tests.core.ArithmeticTests" name="testStaticMathCeilWithJavaClassStyleLiterals" time="0.001"/>
  <testcase classname="org.mvel2.tests.core.ArithmeticTests" name="testMathCeilWithDoubleCast" time="0"/>
  <testcase classname="org.mvel2.tests.core.ArithmeticTests" name="testNothing" time="0"/>
</testsuite>