<?xml version="1.0" encoding="UTF-8" ?>
<testsuite tests="66" failures="0" name="org.mvel2.tests.core.PropertyAccessTests" time="0.21" errors="0" skipped="0">
  <properties>
    <property name="java.runtime.name" value="OpenJDK Runtime Environment"/>
    <property name="sun.boot.library.path" value="/usr/local/openjdk-8/jre/lib/amd64"/>
    <property name="java.vm.version" value="25.262-b10"/>
    <property name="animal.sniffer.skip" value="true"/>
    <property name="java.vm.vendor" value="Oracle Corporation"/>
    <property name="maven.javadoc.skip" value="true"/>
    <property name="java.vendor.url" value="http://java.oracle.com/"/>
    <property name="path.separator" value=":"/>
    <property name="java.vm.name" value="OpenJDK 64-Bit Server VM"/>
    <property name="file.encoding.pkg" value="sun.io"/>
    <property name="sun.java.launcher" value="SUN_STANDARD"/>
    <property name="sun.os.patch.level" value="unknown"/>
    <property name="source.skip" value="true"/>
    <property name="java.vm.specification.name" value="Java Virtual Machine Specification"/>
    <property name="user.dir" value="/tmp/tmph4xkf2pp/mvel"/>
    <property name="java.runtime.version" value="1.8.0_262-b10"/>
    <property name="java.awt.graphicsenv" value="sun.awt.X11GraphicsEnvironment"/>
    <property name="basedir" value="/tmp/tmph4xkf2pp/mvel"/>
    <property name="java.endorsed.dirs" value="/usr/local/openjdk-8/jre/lib/endorsed"/>
    <property name="os.arch" value="amd64"/>
    <property name="surefire.real.class.path" value="/tmp/tmph4xkf2pp/mvel/target/surefire/surefirebooter833159026969386087.jar"/>
    <property name="java.io.tmpdir" value="/tmp"/>
    <property name="line.separator" value="
"/>
    <property name="java.vm.specification.vendor" value="Oracle Corporation"/>
    <property name="mvel.tests.quick" value="true"/>
    <property name="os.name" value="Linux"/>
    <property name="maven.test.error.ignore" value="true"/>
    <property name="sun.jnu.encoding" value="UTF-8"/>
    <property name="java.library.path" value="/usr/java/packages/lib/amd64:/usr/lib64:/lib64:/lib:/usr/lib"/>
    <property name="license.skip" value="true"/>
    <property name="surefire.test.class.path" value="/tmp/tmph4xkf2pp/mvel/target/test-classes:/tmp/tmph4xkf2pp/mvel/target/classes:/home/jdbl/.m2/repository/junit/junit/4.8.2/junit-4.8.2.jar:/home/jdbl/.m2/repository/com/thoughtworks/xstream/xstream/1.3.1/xstream-1.3.1.jar:/home/jdbl/.m2/repository/xpp3/xpp3_min/1.1.4c/xpp3_min-1.1.4c.jar:"/>
    <property name="java.specification.name" value="Java Platform API Specification"/>
    <property name="java.class.version" value="52.0"/>
    <property name="sun.management.compiler" value="HotSpot 64-Bit Tiered Compilers"/>
    <property name="maven.test.failure.ignore" value="true"/>
    <property name="os.version" value="4.15.0-109-generic"/>
    <property name="user.home" value="/home/jdbl"/>
    <property name="user.timezone" value="Etc/UTC"/>
    <property name="java.awt.printerjob" value="sun.print.PSPrinterJob"/>
    <property name="mvel.disable.jit" value="true"/>
    <property name="java.specification.version" value="1.8"/>
    <property name="file.encoding" value="UTF-8"/>
    <property name="user.name" value="jdbl"/>
    <property name="java.class.path" value="/tmp/tmph4xkf2pp/mvel/target/test-classes:/tmp/tmph4xkf2pp/mvel/target/classes:/home/jdbl/.m2/repository/junit/junit/4.8.2/junit-4.8.2.jar:/home/jdbl/.m2/repository/com/thoughtworks/xstream/xstream/1.3.1/xstream-1.3.1.jar:/home/jdbl/.m2/repository/xpp3/xpp3_min/1.1.4c/xpp3_min-1.1.4c.jar:"/>
    <property name="java.vm.specification.version" value="1.8"/>
    <property name="sun.arch.data.model" value="64"/>
    <property name="java.home" value="/usr/local/openjdk-8/jre"/>
    <property name="sun.java.command" value="/tmp/tmph4xkf2pp/mvel/target/surefire/surefirebooter833159026969386087.jar /tmp/tmph4xkf2pp/mvel/target/surefire/surefire2144936957826034880tmp /tmp/tmph4xkf2pp/mvel/target/surefire/surefire450148387869551472tmp"/>
    <property name="java.specification.vendor" value="Oracle Corporation"/>
    <property name="user.language" value="en"/>
    <property name="awt.toolkit" value="sun.awt.X11.XToolkit"/>
    <property name="java.vm.info" value="mixed mode"/>
    <property name="java.version" value="1.8.0_262"/>
    <property name="java.ext.dirs" value="/usr/local/openjdk-8/jre/lib/ext:/usr/java/packages/lib/ext"/>
    <property name="sun.boot.class.path" value="/usr/local/openjdk-8/jre/lib/resources.jar:/usr/local/openjdk-8/jre/lib/rt.jar:/usr/local/openjdk-8/jre/lib/sunrsasign.jar:/usr/local/openjdk-8/jre/lib/jsse.jar:/usr/local/openjdk-8/jre/lib/jce.jar:/usr/local/openjdk-8/jre/lib/charsets.jar:/usr/local/openjdk-8/jre/lib/jfr.jar:/usr/local/openjdk-8/jre/classes"/>
    <property name="java.vendor" value="Oracle Corporation"/>
    <property name="rat.skip" value="true"/>
    <property name="localRepository" value="/home/jdbl/.m2/repository"/>
    <property name="file.separator" value="/"/>
    <property name="java.vendor.url.bug" value="http://bugreport.sun.com/bugreport/"/>
    <property name="sun.cpu.endian" value="little"/>
    <property name="sun.io.unicode.encoding" value="UnicodeLittle"/>
    <property name="sun.cpu.isalist" value=""/>
  </properties>
  <testcase classname="org.mvel2.tests.core.PropertyAccessTests" name="testSingleProperty" time="0.011"/>
  <testcase classname="org.mvel2.tests.core.PropertyAccessTests" name="testMethodOnValue" time="0.005"/>
  <testcase classname="org.mvel2.tests.core.PropertyAccessTests" name="testMethodOnValue2" time="0.004"/>
  <testcase classname="org.mvel2.tests.core.PropertyAccessTests" name="testSimpleProperty" time="0.005"/>
  <testcase classname="org.mvel2.tests.core.PropertyAccessTests" name="testSimpleProperty2" time="0.001"/>
  <testcase classname="org.mvel2.tests.core.PropertyAccessTests" name="testPropertyViaDerivedClass" time="0.002"/>
  <testcase classname="org.mvel2.tests.core.PropertyAccessTests" name="testThroughInterface" time="0.004"/>
  <testcase classname="org.mvel2.tests.core.PropertyAccessTests" name="testThroughInterface2" time="0.002"/>
  <testcase classname="org.mvel2.tests.core.PropertyAccessTests" name="testMapAccessWithMethodCall" time="0.002"/>
  <testcase classname="org.mvel2.tests.core.PropertyAccessTests" name="testUninitializedInt" time="0.002"/>
  <testcase classname="org.mvel2.tests.core.PropertyAccessTests" name="testMethodAccess" time="0.002"/>
  <testcase classname="org.mvel2.tests.core.PropertyAccessTests" name="testMethodAccess2" time="0.001"/>
  <testcase classname="org.mvel2.tests.core.PropertyAccessTests" name="testMethodAccess3" time="0.002"/>
  <testcase classname="org.mvel2.tests.core.PropertyAccessTests" name="testMethodAccess4" time="0.003"/>
  <testcase classname="org.mvel2.tests.core.PropertyAccessTests" name="testMethodAccess5" time="0.003"/>
  <testcase classname="org.mvel2.tests.core.PropertyAccessTests" name="testMethodAccess6" time="0.003"/>
  <testcase classname="org.mvel2.tests.core.PropertyAccessTests" name="testLiteralPassThrough" time="0.001"/>
  <testcase classname="org.mvel2.tests.core.PropertyAccessTests" name="testLiteralPassThrough2" time="0.001"/>
  <testcase classname="org.mvel2.tests.core.PropertyAccessTests" name="testLiteralPassThrough3" time="0.001"/>
  <testcase classname="org.mvel2.tests.core.PropertyAccessTests" name="testLiteralReduction1" time="0.001"/>
  <testcase classname="org.mvel2.tests.core.PropertyAccessTests" name="testStrAppend" time="0.001"/>
  <testcase classname="org.mvel2.tests.core.PropertyAccessTests" name="testStrAppend2" time="0.001"/>
  <testcase classname="org.mvel2.tests.core.PropertyAccessTests" name="testMapAccess" time="0.003"/>
  <testcase classname="org.mvel2.tests.core.PropertyAccessTests" name="testMapAccess2" time="0.007"/>
  <testcase classname="org.mvel2.tests.core.PropertyAccessTests" name="testStaticMethodFromLiteral" time="0.005"/>
  <testcase classname="org.mvel2.tests.core.PropertyAccessTests" name="testObjectInstantiation" time="0.004"/>
  <testcase classname="org.mvel2.tests.core.PropertyAccessTests" name="testObjectInstantiationWithMethodCall" time="0.003"/>
  <testcase classname="org.mvel2.tests.core.PropertyAccessTests" name="testObjectInstantiation2" time="0.002"/>
  <testcase classname="org.mvel2.tests.core.PropertyAccessTests" name="testObjectInstantiation3" time="0.008"/>
  <testcase classname="org.mvel2.tests.core.PropertyAccessTests" name="testThisReference" time="0.002"/>
  <testcase classname="org.mvel2.tests.core.PropertyAccessTests" name="testThisReference2" time="0.002"/>
  <testcase classname="org.mvel2.tests.core.PropertyAccessTests" name="testThisReferenceInMethodCall" time="0.005"/>
  <testcase classname="org.mvel2.tests.core.PropertyAccessTests" name="testThisReferenceInConstructor" time="0.004"/>
  <testcase classname="org.mvel2.tests.core.PropertyAccessTests" name="testStringEscaping" time="0.001"/>
  <testcase classname="org.mvel2.tests.core.PropertyAccessTests" name="testStringEscaping2" time="0.001"/>
  <testcase classname="org.mvel2.tests.core.PropertyAccessTests" name="testCompiledMethodCall" time="0"/>
  <testcase classname="org.mvel2.tests.core.PropertyAccessTests" name="testStaticNamespaceCall" time="0.001"/>
  <testcase classname="org.mvel2.tests.core.PropertyAccessTests" name="testStaticNamespaceClassWithMethod" time="0.002"/>
  <testcase classname="org.mvel2.tests.core.PropertyAccessTests" name="testStaticNamespaceClassWithField" time="0.003"/>
  <testcase classname="org.mvel2.tests.core.PropertyAccessTests" name="testStaticNamespaceClassWithField2" time="0.001"/>
  <testcase classname="org.mvel2.tests.core.PropertyAccessTests" name="testStaticFieldAsMethodParm" time="0.003"/>
  <testcase classname="org.mvel2.tests.core.PropertyAccessTests" name="testMagicArraySize" time="0.002"/>
  <testcase classname="org.mvel2.tests.core.PropertyAccessTests" name="testMagicArraySize2" time="0.001"/>
  <testcase classname="org.mvel2.tests.core.PropertyAccessTests" name="testObjectCreation" time="0.003"/>
  <testcase classname="org.mvel2.tests.core.PropertyAccessTests" name="testCompileTimeLiteralReduction" time="0.001"/>
  <testcase classname="org.mvel2.tests.core.PropertyAccessTests" name="testStringAsCollection" time="0.005"/>
  <testcase classname="org.mvel2.tests.core.PropertyAccessTests" name="testInterfaceResolution" time="0.001"/>
  <testcase classname="org.mvel2.tests.core.PropertyAccessTests" name="testReflectionCache" time="0.003"/>
  <testcase classname="org.mvel2.tests.core.PropertyAccessTests" name="testDynamicDeop" time="0.001"/>
  <testcase classname="org.mvel2.tests.core.PropertyAccessTests" name="testVirtProperty" time="0.001"/>
  <testcase classname="org.mvel2.tests.core.PropertyAccessTests" name="testBindingCoercion" time="0.001"/>
  <testcase classname="org.mvel2.tests.core.PropertyAccessTests" name="testMVELCompilerBoth" time="0.002"/>
  <testcase classname="org.mvel2.tests.core.PropertyAccessTests" name="testMVELCompilerBoth2" time="0.001"/>
  <testcase classname="org.mvel2.tests.core.PropertyAccessTests" name="testNullSafe" time="0"/>
  <testcase classname="org.mvel2.tests.core.PropertyAccessTests" name="testMVEL226" time="0.002"/>
  <testcase classname="org.mvel2.tests.core.PropertyAccessTests" name="testInfiniteLoopWithASMOptimizer" time="0.001"/>
  <testcase classname="org.mvel2.tests.core.PropertyAccessTests" name="testInfiniteLoopWithASMOptimizerAO" time="0"/>
  <testcase classname="org.mvel2.tests.core.PropertyAccessTests" name="testInfiniteLoop" time="0"/>
  <testcase classname="org.mvel2.tests.core.PropertyAccessTests" name="testInfiniteLoopAO" time="0"/>
  <testcase classname="org.mvel2.tests.core.PropertyAccessTests" name="testNonHashMapImplMapPutMVEL302" time="0.007"/>
  <testcase classname="org.mvel2.tests.core.PropertyAccessTests" name="testNullSafeWithDynamicOptimizerMVEL305" time="0.001"/>
  <testcase classname="org.mvel2.tests.core.PropertyAccessTests" name="testStaleReflectiveCollectionAccessor" time="0"/>
  <testcase classname="org.mvel2.tests.core.PropertyAccessTests" name="testMVEL308" time="0.005"/>
  <testcase classname="org.mvel2.tests.core.PropertyAccessTests" name="testNullListMapArrayValueMVEL312" time="0.046"/>
  <testcase classname="org.mvel2.tests.core.PropertyAccessTests" name="testPublicStaticFieldMVEL314" time="0.003"/>
  <testcase classname="org.mvel2.tests.core.PropertyAccessTests" name="testNothing" time="0"/>
</testsuite>