<?xml version="1.0" encoding="UTF-8"?>
<testsuite xmlns:xsi="http://www.w3.org/2001/XMLSchema-instance" xsi:schemaLocation="https://maven.apache.org/surefire/maven-surefire-plugin/xsd/surefire-test-report.xsd" name="ysoserial.test.payloads.PayloadsTest" time="15.892" tests="32" errors="0" skipped="12" failures="0">
  <properties>
    <property name="java.runtime.name" value="OpenJDK Runtime Environment"/>
    <property name="sun.boot.library.path" value="/usr/local/openjdk-8/jre/lib/amd64"/>
    <property name="java.vm.version" value="25.262-b10"/>
    <property name="animal.sniffer.skip" value="true"/>
    <property name="java.vm.vendor" value="Oracle Corporation"/>
    <property name="maven.multiModuleProjectDirectory" value="/tmp/tmp86tuvtvv/ysoserial"/>
    <property name="maven.javadoc.skip" value="true"/>
    <property name="java.vendor.url" value="http://java.oracle.com/"/>
    <property name="path.separator" value=":"/>
    <property name="guice.disable.misplaced.annotation.check" value="true"/>
    <property name="java.vm.name" value="OpenJDK 64-Bit Server VM"/>
    <property name="file.encoding.pkg" value="sun.io"/>
    <property name="sun.java.launcher" value="SUN_STANDARD"/>
    <property name="sun.os.patch.level" value="unknown"/>
    <property name="source.skip" value="true"/>
    <property name="java.vm.specification.name" value="Java Virtual Machine Specification"/>
    <property name="user.dir" value="/tmp/tmp86tuvtvv/ysoserial"/>
    <property name="java.runtime.version" value="1.8.0_262-b10"/>
    <property name="java.awt.graphicsenv" value="sun.awt.X11GraphicsEnvironment"/>
    <property name="java.endorsed.dirs" value="/usr/local/openjdk-8/jre/lib/endorsed"/>
    <property name="os.arch" value="amd64"/>
    <property name="java.io.tmpdir" value="/tmp"/>
    <property name="line.separator" value="&#10;"/>
    <property name="java.vm.specification.vendor" value="Oracle Corporation"/>
    <property name="os.name" value="Linux"/>
    <property name="classworlds.conf" value="/usr/share/maven/bin/m2.conf"/>
    <property name="sun.jnu.encoding" value="UTF-8"/>
    <property name="java.library.path" value="/usr/java/packages/lib/amd64:/usr/lib64:/lib64:/lib:/usr/lib"/>
    <property name="license.skip" value="true"/>
    <property name="maven.conf" value="/usr/share/maven/conf"/>
    <property name="java.specification.name" value="Java Platform API Specification"/>
    <property name="java.class.version" value="52.0"/>
    <property name="sun.management.compiler" value="HotSpot 64-Bit Tiered Compilers"/>
    <property name="maven.test.failure.ignore" value="true"/>
    <property name="os.version" value="4.15.0-109-generic"/>
    <property name="library.jansi.path" value="/usr/share/maven/lib/jansi-native"/>
    <property name="user.home" value="/home/jdbl"/>
    <property name="user.timezone" value="Etc/UTC"/>
    <property name="java.awt.printerjob" value="sun.print.PSPrinterJob"/>
    <property name="java.specification.version" value="1.8"/>
    <property name="file.encoding" value="UTF-8"/>
    <property name="user.name" value="jdbl"/>
    <property name="java.class.path" value="/usr/share/maven/boot/plexus-classworlds-2.6.0.jar"/>
    <property name="java.vm.specification.version" value="1.8"/>
    <property name="sun.arch.data.model" value="64"/>
    <property name="java.home" value="/usr/local/openjdk-8/jre"/>
    <property name="sun.java.command" value="org.codehaus.plexus.classworlds.launcher.Launcher test -e --fail-never -ntp -Dmaven.test.failure.ignore=true -B -Dmaven.javadoc.skip=true -Drat.skip=true -Danimal.sniffer.skip=true -Dmaven.javadoc.skip=true -Dlicense.skip=true -Dsource.skip=true"/>
    <property name="java.specification.vendor" value="Oracle Corporation"/>
    <property name="user.language" value="en"/>
    <property name="awt.toolkit" value="sun.awt.X11.XToolkit"/>
    <property name="java.vm.info" value="mixed mode"/>
    <property name="java.version" value="1.8.0_262"/>
    <property name="java.ext.dirs" value="/usr/local/openjdk-8/jre/lib/ext:/usr/java/packages/lib/ext"/>
    <property name="securerandom.source" value="file:/dev/./urandom"/>
    <property name="sun.boot.class.path" value="/usr/local/openjdk-8/jre/lib/resources.jar:/usr/local/openjdk-8/jre/lib/rt.jar:/usr/local/openjdk-8/jre/lib/sunrsasign.jar:/usr/local/openjdk-8/jre/lib/jsse.jar:/usr/local/openjdk-8/jre/lib/jce.jar:/usr/local/openjdk-8/jre/lib/charsets.jar:/usr/local/openjdk-8/jre/lib/jfr.jar:/usr/local/openjdk-8/jre/classes"/>
    <property name="java.vendor" value="Oracle Corporation"/>
    <property name="rat.skip" value="true"/>
    <property name="maven.home" value="/usr/share/maven"/>
    <property name="file.separator" value="/"/>
    <property name="java.vendor.url.bug" value="http://bugreport.sun.com/bugreport/"/>
    <property name="sun.cpu.endian" value="little"/>
    <property name="sun.io.unicode.encoding" value="UnicodeLittle"/>
    <property name="sun.cpu.isalist" value=""/>
  </properties>
  <testcase name="testPayload[payloadClass: class ysoserial.payloads.Hibernate1]" classname="ysoserial.test.payloads.PayloadsTest" time="3.068"/>
  <testcase name="testPayload[payloadClass: class ysoserial.payloads.CommonsCollections2]" classname="ysoserial.test.payloads.PayloadsTest" time="0.138"/>
  <testcase name="testPayload[payloadClass: class ysoserial.payloads.MozillaRhino1]" classname="ysoserial.test.payloads.PayloadsTest" time="0">
    <skipped/>
    <system-out><![CDATA[Testing payload: ysoserial.payloads.MozillaRhino1
]]></system-out>
  </testcase>
  <testcase name="testPayload[payloadClass: class ysoserial.payloads.Spring1]" classname="ysoserial.test.payloads.PayloadsTest" time="0">
    <skipped/>
    <system-out><![CDATA[Testing payload: ysoserial.payloads.Spring1
]]></system-out>
  </testcase>
  <testcase name="testPayload[payloadClass: class ysoserial.payloads.Myfaces2]" classname="ysoserial.test.payloads.PayloadsTest" time="0.18"/>
  <testcase name="testPayload[payloadClass: class ysoserial.payloads.ROME]" classname="ysoserial.test.payloads.PayloadsTest" time="0.332"/>
  <testcase name="testPayload[payloadClass: class ysoserial.payloads.CommonsCollections4]" classname="ysoserial.test.payloads.PayloadsTest" time="0.129"/>
  <testcase name="testPayload[payloadClass: class ysoserial.payloads.URLDNS]" classname="ysoserial.test.payloads.PayloadsTest" time="0">
    <skipped/>
    <system-out><![CDATA[Testing payload: ysoserial.payloads.URLDNS
]]></system-out>
  </testcase>
  <testcase name="testPayload[payloadClass: class ysoserial.payloads.Jython1]" classname="ysoserial.test.payloads.PayloadsTest" time="0">
    <skipped/>
    <system-out><![CDATA[Testing payload: ysoserial.payloads.Jython1
]]></system-out>
  </testcase>
  <testcase name="testPayload[payloadClass: class ysoserial.payloads.Wicket1]" classname="ysoserial.test.payloads.PayloadsTest" time="0.486"/>
  <testcase name="testPayload[payloadClass: class ysoserial.payloads.JavassistWeld1]" classname="ysoserial.test.payloads.PayloadsTest" time="1.939"/>
  <testcase name="testPayload[payloadClass: class ysoserial.payloads.MozillaRhino2]" classname="ysoserial.test.payloads.PayloadsTest" time="0.371"/>
  <testcase name="testPayload[payloadClass: class ysoserial.payloads.Hibernate2]" classname="ysoserial.test.payloads.PayloadsTest" time="0.367"/>
  <testcase name="testPayload[payloadClass: class ysoserial.payloads.JRMPClient]" classname="ysoserial.test.payloads.PayloadsTest" time="0.013"/>
  <testcase name="testPayload[payloadClass: class ysoserial.payloads.CommonsCollections5]" classname="ysoserial.test.payloads.PayloadsTest" time="0">
    <skipped/>
    <system-out><![CDATA[Testing payload: ysoserial.payloads.CommonsCollections5
]]></system-out>
  </testcase>
  <testcase name="testPayload[payloadClass: class ysoserial.payloads.CommonsCollections7]" classname="ysoserial.test.payloads.PayloadsTest" time="0.065"/>
  <testcase name="testPayload[payloadClass: class ysoserial.payloads.CommonsBeanutils1]" classname="ysoserial.test.payloads.PayloadsTest" time="0.85"/>
  <testcase name="testPayload[payloadClass: class ysoserial.payloads.Jdk7u21]" classname="ysoserial.test.payloads.PayloadsTest" time="0">
    <skipped/>
    <system-out><![CDATA[Testing payload: ysoserial.payloads.Jdk7u21
]]></system-out>
  </testcase>
  <testcase name="testPayload[payloadClass: class ysoserial.payloads.Clojure]" classname="ysoserial.test.payloads.PayloadsTest" time="4.014"/>
  <testcase name="testPayload[payloadClass: class ysoserial.payloads.BeanShell1]" classname="ysoserial.test.payloads.PayloadsTest" time="0.243"/>
  <testcase name="testPayload[payloadClass: class ysoserial.payloads.CommonsCollections6]" classname="ysoserial.test.payloads.PayloadsTest" time="0.056"/>
  <testcase name="testPayload[payloadClass: class ysoserial.payloads.Myfaces1]" classname="ysoserial.test.payloads.PayloadsTest" time="0">
    <skipped/>
    <system-out><![CDATA[Testing payload: ysoserial.payloads.Myfaces1
]]></system-out>
  </testcase>
  <testcase name="testPayload[payloadClass: class ysoserial.payloads.C3P0]" classname="ysoserial.test.payloads.PayloadsTest" time="0.064"/>
  <testcase name="testPayload[payloadClass: class ysoserial.payloads.JRMPListener]" classname="ysoserial.test.payloads.PayloadsTest" time="0">
    <skipped/>
    <system-out><![CDATA[Testing payload: ysoserial.payloads.JRMPListener
]]></system-out>
  </testcase>
  <testcase name="testPayload[payloadClass: class ysoserial.payloads.FileUpload1]" classname="ysoserial.test.payloads.PayloadsTest" time="0.952"/>
  <testcase name="testPayload[payloadClass: class ysoserial.payloads.JBossInterceptors1]" classname="ysoserial.test.payloads.PayloadsTest" time="0.32"/>
  <testcase name="testPayload[payloadClass: class ysoserial.payloads.Vaadin1]" classname="ysoserial.test.payloads.PayloadsTest" time="0">
    <skipped/>
    <system-out><![CDATA[Testing payload: ysoserial.payloads.Vaadin1
]]></system-out>
  </testcase>
  <testcase name="testPayload[payloadClass: class ysoserial.payloads.Spring2]" classname="ysoserial.test.payloads.PayloadsTest" time="0">
    <skipped/>
    <system-out><![CDATA[Testing payload: ysoserial.payloads.Spring2
]]></system-out>
  </testcase>
  <testcase name="testPayload[payloadClass: class ysoserial.payloads.CommonsCollections1]" classname="ysoserial.test.payloads.PayloadsTest" time="0">
    <skipped/>
    <system-out><![CDATA[Testing payload: ysoserial.payloads.CommonsCollections1
]]></system-out>
  </testcase>
  <testcase name="testPayload[payloadClass: class ysoserial.payloads.JSON1]" classname="ysoserial.test.payloads.PayloadsTest" time="0.959"/>
  <testcase name="testPayload[payloadClass: class ysoserial.payloads.CommonsCollections3]" classname="ysoserial.test.payloads.PayloadsTest" time="0">
    <skipped/>
    <system-out><![CDATA[Testing payload: ysoserial.payloads.CommonsCollections3
]]></system-out>
  </testcase>
  <testcase name="testPayload[payloadClass: class ysoserial.payloads.Groovy1]" classname="ysoserial.test.payloads.PayloadsTest" time="0.676"/>
</testsuite>