<?xml version="1.0" encoding="UTF-8"?>
<testsuite xmlns:xsi="http://www.w3.org/2001/XMLSchema-instance" xsi:schemaLocation="https://maven.apache.org/surefire/maven-surefire-plugin/xsd/surefire-test-report.xsd" name="r.simple.TestSimpleBuiltins" time="2.183" tests="75" errors="0" skipped="0" failures="0">
  <properties>
    <property name="java.runtime.name" value="OpenJDK Runtime Environment"/>
    <property name="sun.boot.library.path" value="/usr/local/openjdk-8/jre/lib/amd64"/>
    <property name="java.vm.version" value="25.262-b10"/>
    <property name="animal.sniffer.skip" value="true"/>
    <property name="java.vm.vendor" value="Oracle Corporation"/>
    <property name="maven.multiModuleProjectDirectory" value="/tmp/tmpywmtjmg1/purdue-fastr"/>
    <property name="maven.javadoc.skip" value="true"/>
    <property name="java.vendor.url" value="http://java.oracle.com/"/>
    <property name="path.separator" value=":"/>
    <property name="guice.disable.misplaced.annotation.check" value="true"/>
    <property name="java.vm.name" value="OpenJDK 64-Bit Server VM"/>
    <property name="file.encoding.pkg" value="sun.io"/>
    <property name="sun.java.launcher" value="SUN_STANDARD"/>
    <property name="sun.os.patch.level" value="unknown"/>
    <property name="source.skip" value="true"/>
    <property name="java.vm.specification.name" value="Java Virtual Machine Specification"/>
    <property name="user.dir" value="/tmp/tmpywmtjmg1/purdue-fastr"/>
    <property name="java.runtime.version" value="1.8.0_262-b10"/>
    <property name="java.awt.graphicsenv" value="sun.awt.X11GraphicsEnvironment"/>
    <property name="java.endorsed.dirs" value="/usr/local/openjdk-8/jre/lib/endorsed"/>
    <property name="os.arch" value="amd64"/>
    <property name="java.io.tmpdir" value="/tmp"/>
    <property name="line.separator" value="&#10;"/>
    <property name="java.vm.specification.vendor" value="Oracle Corporation"/>
    <property name="os.name" value="Linux"/>
    <property name="classworlds.conf" value="/usr/share/maven/bin/m2.conf"/>
    <property name="sun.jnu.encoding" value="UTF-8"/>
    <property name="java.library.path" value="/usr/java/packages/lib/amd64:/usr/lib64:/lib64:/lib:/usr/lib"/>
    <property name="license.skip" value="true"/>
    <property name="maven.conf" value="/usr/share/maven/conf"/>
    <property name="java.specification.name" value="Java Platform API Specification"/>
    <property name="java.class.version" value="52.0"/>
    <property name="sun.management.compiler" value="HotSpot 64-Bit Tiered Compilers"/>
    <property name="maven.test.failure.ignore" value="true"/>
    <property name="os.version" value="4.15.0-109-generic"/>
    <property name="library.jansi.path" value="/usr/share/maven/lib/jansi-native"/>
    <property name="user.home" value="/home/jdbl"/>
    <property name="user.timezone" value="Etc/UTC"/>
    <property name="java.awt.printerjob" value="sun.print.PSPrinterJob"/>
    <property name="java.specification.version" value="1.8"/>
    <property name="file.encoding" value="UTF-8"/>
    <property name="user.name" value="jdbl"/>
    <property name="java.class.path" value="/usr/share/maven/boot/plexus-classworlds-2.6.0.jar"/>
    <property name="java.vm.specification.version" value="1.8"/>
    <property name="sun.arch.data.model" value="64"/>
    <property name="java.home" value="/usr/local/openjdk-8/jre"/>
    <property name="sun.java.command" value="org.codehaus.plexus.classworlds.launcher.Launcher test -e --fail-never -ntp -Dmaven.test.failure.ignore=true -B -Dmaven.javadoc.skip=true -Drat.skip=true -Danimal.sniffer.skip=true -Dmaven.javadoc.skip=true -Dlicense.skip=true -Dsource.skip=true"/>
    <property name="java.specification.vendor" value="Oracle Corporation"/>
    <property name="user.language" value="en"/>
    <property name="awt.toolkit" value="sun.awt.X11.XToolkit"/>
    <property name="java.vm.info" value="mixed mode"/>
    <property name="java.version" value="1.8.0_262"/>
    <property name="java.ext.dirs" value="/usr/local/openjdk-8/jre/lib/ext:/usr/java/packages/lib/ext"/>
    <property name="securerandom.source" value="file:/dev/./urandom"/>
    <property name="sun.boot.class.path" value="/usr/local/openjdk-8/jre/lib/resources.jar:/usr/local/openjdk-8/jre/lib/rt.jar:/usr/local/openjdk-8/jre/lib/sunrsasign.jar:/usr/local/openjdk-8/jre/lib/jsse.jar:/usr/local/openjdk-8/jre/lib/jce.jar:/usr/local/openjdk-8/jre/lib/charsets.jar:/usr/local/openjdk-8/jre/lib/jfr.jar:/usr/local/openjdk-8/jre/classes"/>
    <property name="java.vendor" value="Oracle Corporation"/>
    <property name="rat.skip" value="true"/>
    <property name="maven.home" value="/usr/share/maven"/>
    <property name="file.separator" value="/"/>
    <property name="java.vendor.url.bug" value="http://bugreport.sun.com/bugreport/"/>
    <property name="sun.cpu.endian" value="little"/>
    <property name="sun.io.unicode.encoding" value="UnicodeLittle"/>
    <property name="sun.cpu.isalist" value=""/>
  </properties>
  <testcase name="testArrayConstructors" classname="r.simple.TestSimpleBuiltins" time="0.001"/>
  <testcase name="testMinimum" classname="r.simple.TestSimpleBuiltins" time="0.002"/>
  <testcase name="testRep" classname="r.simple.TestSimpleBuiltins" time="0.002"/>
  <testcase name="testCombine" classname="r.simple.TestSimpleBuiltins" time="0.002"/>
  <testcase name="testIsNA" classname="r.simple.TestSimpleBuiltins" time="0"/>
  <testcase name="testSum" classname="r.simple.TestSimpleBuiltins" time="0.001"/>
  <testcase name="testApply" classname="r.simple.TestSimpleBuiltins" time="0.024"/>
  <testcase name="testCat" classname="r.simple.TestSimpleBuiltins" time="0.001"/>
  <testcase name="testOuter" classname="r.simple.TestSimpleBuiltins" time="0.003"/>
  <testcase name="testOperators" classname="r.simple.TestSimpleBuiltins" time="0.002"/>
  <testcase name="testTriangular" classname="r.simple.TestSimpleBuiltins" time="0.001"/>
  <testcase name="testDiagonal" classname="r.simple.TestSimpleBuiltins" time="0.001"/>
  <testcase name="testDimensions" classname="r.simple.TestSimpleBuiltins" time="0.002"/>
  <testcase name="testCumulativeSum" classname="r.simple.TestSimpleBuiltins" time="0.002"/>
  <testcase name="testWhich" classname="r.simple.TestSimpleBuiltins" time="0.001"/>
  <testcase name="testColumnsRowsStat" classname="r.simple.TestSimpleBuiltins" time="0.003"/>
  <testcase name="testNChar" classname="r.simple.TestSimpleBuiltins" time="0"/>
  <testcase name="testStrSplit" classname="r.simple.TestSimpleBuiltins" time="0.001"/>
  <testcase name="testPaste" classname="r.simple.TestSimpleBuiltins" time="0.002"/>
  <testcase name="testSubstring" classname="r.simple.TestSimpleBuiltins" time="0"/>
  <testcase name="testOrder" classname="r.simple.TestSimpleBuiltins" time="0.002"/>
  <testcase name="testMathFunctions" classname="r.simple.TestSimpleBuiltins" time="0.005"/>
  <testcase name="testCharUtils" classname="r.simple.TestSimpleBuiltins" time="0.001"/>
  <testcase name="testTypeOf" classname="r.simple.TestSimpleBuiltins" time="0"/>
  <testcase name="testSub" classname="r.simple.TestSimpleBuiltins" time="0.002"/>
  <testcase name="testRegExpr" classname="r.simple.TestSimpleBuiltins" time="0"/>
  <testcase name="testLength" classname="r.simple.TestSimpleBuiltins" time="0.001"/>
  <testcase name="testNames" classname="r.simple.TestSimpleBuiltins" time="0.003"/>
  <testcase name="testRev" classname="r.simple.TestSimpleBuiltins" time="0"/>
  <testcase name="testEnvironment" classname="r.simple.TestSimpleBuiltins" time="0.034"/>
  <testcase name="testTranspose" classname="r.simple.TestSimpleBuiltins" time="1.89"/>
  <testcase name="testTypeCheck" classname="r.simple.TestSimpleBuiltins" time="0.002"/>
  <testcase name="testOverride" classname="r.simple.TestSimpleBuiltins" time="0"/>
  <testcase name="testEigen" classname="r.simple.TestSimpleBuiltins" time="0.027"/>
  <testcase name="testAttributes" classname="r.simple.TestSimpleBuiltins" time="0.003"/>
  <testcase name="testUnlist" classname="r.simple.TestSimpleBuiltins" time="0.001"/>
  <testcase name="testOther" classname="r.simple.TestSimpleBuiltins" time="0.002"/>
  <testcase name="testAperm" classname="r.simple.TestSimpleBuiltins" time="0.003"/>
  <testcase name="testColStatsMatrix" classname="r.simple.TestSimpleBuiltins" time="0.001"/>
  <testcase name="testColStatsArray" classname="r.simple.TestSimpleBuiltins" time="0"/>
  <testcase name="testRowStats" classname="r.simple.TestSimpleBuiltins" time="0"/>
  <testcase name="testRowStatsArray" classname="r.simple.TestSimpleBuiltins" time="0.001"/>
  <testcase name="testRecall" classname="r.simple.TestSimpleBuiltins" time="0.003"/>
  <testcase name="testCrossprod" classname="r.simple.TestSimpleBuiltins" time="0.006"/>
  <testcase name="testSort" classname="r.simple.TestSimpleBuiltins" time="0.005"/>
  <testcase name="testCbind" classname="r.simple.TestSimpleBuiltins" time="0.001"/>
  <testcase name="testRank" classname="r.simple.TestSimpleBuiltins" time="0.002"/>
  <testcase name="testCor" classname="r.simple.TestSimpleBuiltins" time="0.002"/>
  <testcase name="testDet" classname="r.simple.TestSimpleBuiltins" time="0.002"/>
  <testcase name="testFFT" classname="r.simple.TestSimpleBuiltins" time="0"/>
  <testcase name="testChol" classname="r.simple.TestSimpleBuiltins" time="0"/>
  <testcase name="testQr" classname="r.simple.TestSimpleBuiltins" time="0"/>
  <testcase name="testComplex" classname="r.simple.TestSimpleBuiltins" time="0.002"/>
  <testcase name="testRound" classname="r.simple.TestSimpleBuiltins" time="0.001"/>
  <testcase name="testRandom" classname="r.simple.TestSimpleBuiltins" time="0"/>
  <testcase name="testDelayedAssign" classname="r.simple.TestSimpleBuiltins" time="0.003"/>
  <testcase name="testMissing" classname="r.simple.TestSimpleBuiltins" time="0.004"/>
  <testcase name="testQuote" classname="r.simple.TestSimpleBuiltins" time="0.001"/>
  <testcase name="testSubstitute" classname="r.simple.TestSimpleBuiltins" time="0.013"/>
  <testcase name="testInvocation" classname="r.simple.TestSimpleBuiltins" time="0.023"/>
  <testcase name="testDeparse" classname="r.simple.TestSimpleBuiltins" time="0.001"/>
  <testcase name="testDiagnostics" classname="r.simple.TestSimpleBuiltins" time="0.001"/>
  <testcase name="testSprintf" classname="r.simple.TestSimpleBuiltins" time="0.008"/>
  <testcase name="testIdentical" classname="r.simple.TestSimpleBuiltins" time="0.01"/>
  <testcase name="testWorkingDirectory" classname="r.simple.TestSimpleBuiltins" time="0.001"/>
  <testcase name="testFileListing" classname="r.simple.TestSimpleBuiltins" time="0.001"/>
  <testcase name="testEval" classname="r.simple.TestSimpleBuiltins" time="0.001"/>
  <testcase name="testCasts" classname="r.simple.TestSimpleBuiltins" time="0.011"/>
  <testcase name="testLogical" classname="r.simple.TestSimpleBuiltins" time="0"/>
  <testcase name="testSource" classname="r.simple.TestSimpleBuiltins" time="0.011"/>
  <testcase name="testCall" classname="r.simple.TestSimpleBuiltins" time="0.001"/>
  <testcase name="testTime" classname="r.simple.TestSimpleBuiltins" time="0.006"/>
  <testcase name="testScan" classname="r.simple.TestSimpleBuiltins" time="0.014"/>
  <testcase name="testSequence" classname="r.simple.TestSimpleBuiltins" time="0.007"/>
  <testcase name="testMaximum" classname="r.simple.TestSimpleBuiltins" time="0.001"/>
</testsuite>