<?xml version="1.0" encoding="UTF-8"?>
<testsuite xmlns:xsi="http://www.w3.org/2001/XMLSchema-instance" xsi:noNamespaceSchemaLocation="https://maven.apache.org/surefire/maven-surefire-plugin/xsd/surefire-test-report.xsd" name="org.apache.commons.text.TextStringBuilderTest" time="0.022" tests="99" errors="0" skipped="0" failures="0">
  <properties>
    <property name="awt.toolkit" value="sun.awt.X11.XToolkit"/>
    <property name="maven.test.error.ignore" value="true"/>
    <property name="file.encoding.pkg" value="sun.io"/>
    <property name="java.specification.version" value="1.8"/>
    <property name="sun.cpu.isalist" value=""/>
    <property name="sun.jnu.encoding" value="UTF-8"/>
    <property name="java.class.path" value="/tmp/tmp9zbtm081/commons-text/target/test-classes:/tmp/tmp9zbtm081/commons-text/target/classes:/home/jdbl/.m2/repository/org/apache/commons/commons-lang3/3.9/commons-lang3-3.9.jar:/home/jdbl/.m2/repository/org/junit/jupiter/junit-jupiter/5.5.1/junit-jupiter-5.5.1.jar:/home/jdbl/.m2/repository/org/junit/jupiter/junit-jupiter-api/5.5.1/junit-jupiter-api-5.5.1.jar:/home/jdbl/.m2/repository/org/apiguardian/apiguardian-api/1.1.0/apiguardian-api-1.1.0.jar:/home/jdbl/.m2/repository/org/opentest4j/opentest4j/1.2.0/opentest4j-1.2.0.jar:/home/jdbl/.m2/repository/org/junit/platform/junit-platform-commons/1.5.1/junit-platform-commons-1.5.1.jar:/home/jdbl/.m2/repository/org/junit/jupiter/junit-jupiter-params/5.5.1/junit-jupiter-params-5.5.1.jar:/home/jdbl/.m2/repository/org/junit/jupiter/junit-jupiter-engine/5.5.1/junit-jupiter-engine-5.5.1.jar:/home/jdbl/.m2/repository/org/junit/platform/junit-platform-engine/1.5.1/junit-platform-engine-1.5.1.jar:/home/jdbl/.m2/repository/org/assertj/assertj-core/3.13.2/assertj-core-3.13.2.jar:"/>
    <property name="java.vm.vendor" value="Oracle Corporation"/>
    <property name="maven.javadoc.skip" value="true"/>
    <property name="sun.arch.data.model" value="64"/>
    <property name="java.vendor.url" value="http://java.oracle.com/"/>
    <property name="user.timezone" value=""/>
    <property name="java.vm.specification.version" value="1.8"/>
    <property name="os.name" value="Linux"/>
    <property name="rat.skip" value="true"/>
    <property name="sun.java.launcher" value="SUN_STANDARD"/>
    <property name="sun.boot.library.path" value="/usr/local/openjdk-8/jre/lib/amd64"/>
    <property name="sun.java.command" value="/tmp/tmp9zbtm081/commons-text/target/surefire/surefirebooter800933377719932958.jar /tmp/tmp9zbtm081/commons-text/target/surefire 2020-07-30T18-11-57_739-jvmRun1 surefire1894960095965182346tmp surefire_04568996868853729819tmp"/>
    <property name="surefire.test.class.path" value="/tmp/tmp9zbtm081/commons-text/target/test-classes:/tmp/tmp9zbtm081/commons-text/target/classes:/home/jdbl/.m2/repository/org/apache/commons/commons-lang3/3.9/commons-lang3-3.9.jar:/home/jdbl/.m2/repository/org/junit/jupiter/junit-jupiter/5.5.1/junit-jupiter-5.5.1.jar:/home/jdbl/.m2/repository/org/junit/jupiter/junit-jupiter-api/5.5.1/junit-jupiter-api-5.5.1.jar:/home/jdbl/.m2/repository/org/apiguardian/apiguardian-api/1.1.0/apiguardian-api-1.1.0.jar:/home/jdbl/.m2/repository/org/opentest4j/opentest4j/1.2.0/opentest4j-1.2.0.jar:/home/jdbl/.m2/repository/org/junit/platform/junit-platform-commons/1.5.1/junit-platform-commons-1.5.1.jar:/home/jdbl/.m2/repository/org/junit/jupiter/junit-jupiter-params/5.5.1/junit-jupiter-params-5.5.1.jar:/home/jdbl/.m2/repository/org/junit/jupiter/junit-jupiter-engine/5.5.1/junit-jupiter-engine-5.5.1.jar:/home/jdbl/.m2/repository/org/junit/platform/junit-platform-engine/1.5.1/junit-platform-engine-1.5.1.jar:/home/jdbl/.m2/repository/org/assertj/assertj-core/3.13.2/assertj-core-3.13.2.jar:"/>
    <property name="sun.cpu.endian" value="little"/>
    <property name="user.home" value="/home/jdbl"/>
    <property name="user.language" value="en"/>
    <property name="java.specification.vendor" value="Oracle Corporation"/>
    <property name="java.home" value="/usr/local/openjdk-8/jre"/>
    <property name="basedir" value="/tmp/tmp9zbtm081/commons-text"/>
    <property name="file.separator" value="/"/>
    <property name="line.separator" value="&#10;"/>
    <property name="source.skip" value="true"/>
    <property name="java.vm.specification.vendor" value="Oracle Corporation"/>
    <property name="java.specification.name" value="Java Platform API Specification"/>
    <property name="java.awt.graphicsenv" value="sun.awt.X11GraphicsEnvironment"/>
    <property name="surefire.real.class.path" value="/tmp/tmp9zbtm081/commons-text/target/surefire/surefirebooter800933377719932958.jar:/home/jdbl/.m2/repository/org/jacoco/org.jacoco.agent/0.8.4/org.jacoco.agent-0.8.4-runtime.jar"/>
    <property name="sun.boot.class.path" value="/usr/local/openjdk-8/jre/lib/resources.jar:/usr/local/openjdk-8/jre/lib/rt.jar:/usr/local/openjdk-8/jre/lib/sunrsasign.jar:/usr/local/openjdk-8/jre/lib/jsse.jar:/usr/local/openjdk-8/jre/lib/jce.jar:/usr/local/openjdk-8/jre/lib/charsets.jar:/usr/local/openjdk-8/jre/lib/jfr.jar:/usr/local/openjdk-8/jre/classes"/>
    <property name="sun.management.compiler" value="HotSpot 64-Bit Tiered Compilers"/>
    <property name="java.runtime.version" value="1.8.0_262-b10"/>
    <property name="user.name" value="jdbl"/>
    <property name="path.separator" value=":"/>
    <property name="os.version" value="4.15.0-109-generic"/>
    <property name="java.endorsed.dirs" value="/usr/local/openjdk-8/jre/lib/endorsed"/>
    <property name="java.runtime.name" value="OpenJDK Runtime Environment"/>
    <property name="file.encoding" value="UTF-8"/>
    <property name="java.vm.name" value="OpenJDK 64-Bit Server VM"/>
    <property name="localRepository" value="/home/jdbl/.m2/repository"/>
    <property name="java.vendor.url.bug" value="http://bugreport.sun.com/bugreport/"/>
    <property name="java.io.tmpdir" value="/tmp"/>
    <property name="java.version" value="1.8.0_262"/>
    <property name="user.dir" value="/tmp/tmp9zbtm081/commons-text"/>
    <property name="os.arch" value="amd64"/>
    <property name="license.skip" value="true"/>
    <property name="animal.sniffer.skip" value="true"/>
    <property name="java.vm.specification.name" value="Java Virtual Machine Specification"/>
    <property name="java.awt.printerjob" value="sun.print.PSPrinterJob"/>
    <property name="sun.os.patch.level" value="unknown"/>
    <property name="java.library.path" value="/usr/java/packages/lib/amd64:/usr/lib64:/lib64:/lib:/usr/lib"/>
    <property name="java.vm.info" value="mixed mode"/>
    <property name="java.vendor" value="Oracle Corporation"/>
    <property name="java.vm.version" value="25.262-b10"/>
    <property name="java.ext.dirs" value="/usr/local/openjdk-8/jre/lib/ext:/usr/java/packages/lib/ext"/>
    <property name="sun.io.unicode.encoding" value="UnicodeLittle"/>
    <property name="java.class.version" value="52.0"/>
    <property name="maven.test.failure.ignore" value="true"/>
  </properties>
  <testcase name="testAsTokenizer" classname="org.apache.commons.text.TextStringBuilderTest" time="0"/>
  <testcase name="testDeleteAll_String" classname="org.apache.commons.text.TextStringBuilderTest" time="0.001"/>
  <testcase name="testEndsWith" classname="org.apache.commons.text.TextStringBuilderTest" time="0"/>
  <testcase name="testGetSetNullText" classname="org.apache.commons.text.TextStringBuilderTest" time="0"/>
  <testcase name="test_LANG_1131_EqualsWithNullTextStringBuilder" classname="org.apache.commons.text.TextStringBuilderTest" time="0"/>
  <testcase name="testReadFromReaderAppendsToEnd" classname="org.apache.commons.text.TextStringBuilderTest" time="0"/>
  <testcase name="testIndexOfLang294" classname="org.apache.commons.text.TextStringBuilderTest" time="0"/>
  <testcase name="testSubSequenceIntInt" classname="org.apache.commons.text.TextStringBuilderTest" time="0.001"/>
  <testcase name="testGetChars" classname="org.apache.commons.text.TextStringBuilderTest" time="0"/>
  <testcase name="testLastIndexOf_String" classname="org.apache.commons.text.TextStringBuilderTest" time="0"/>
  <testcase name="testDeleteAll_char" classname="org.apache.commons.text.TextStringBuilderTest" time="0.001"/>
  <testcase name="testAppendStringBuilderNull" classname="org.apache.commons.text.TextStringBuilderTest" time="0"/>
  <testcase name="testLastIndexOf_char_int" classname="org.apache.commons.text.TextStringBuilderTest" time="0"/>
  <testcase name="testReadFromReadable" classname="org.apache.commons.text.TextStringBuilderTest" time="0.001"/>
  <testcase name="testAppendTakingTwoIntsWithZeroThrowsStringIndexOutOfBoundsException" classname="org.apache.commons.text.TextStringBuilderTest" time="0"/>
  <testcase name="testAppendToStringBuffer" classname="org.apache.commons.text.TextStringBuilderTest" time="0"/>
  <testcase name="testClear" classname="org.apache.commons.text.TextStringBuilderTest" time="0.001"/>
  <testcase name="testSize" classname="org.apache.commons.text.TextStringBuilderTest" time="0"/>
  <testcase name="testTrim" classname="org.apache.commons.text.TextStringBuilderTest" time="0"/>
  <testcase name="testRightString" classname="org.apache.commons.text.TextStringBuilderTest" time="0"/>
  <testcase name="testToString" classname="org.apache.commons.text.TextStringBuilderTest" time="0"/>
  <testcase name="testConstructors" classname="org.apache.commons.text.TextStringBuilderTest" time="0"/>
  <testcase name="testReplace_StringMatcher_String_int_int_int_VaryCount" classname="org.apache.commons.text.TextStringBuilderTest" time="0"/>
  <testcase name="testReadFromCharBuffer" classname="org.apache.commons.text.TextStringBuilderTest" time="0.001"/>
  <testcase name="testLastIndexOf_StringMatcher" classname="org.apache.commons.text.TextStringBuilderTest" time="0"/>
  <testcase name="testMinimizeCapacity" classname="org.apache.commons.text.TextStringBuilderTest" time="0"/>
  <testcase name="testSubstringIntInt" classname="org.apache.commons.text.TextStringBuilderTest" time="0.001"/>
  <testcase name="testLang412Left" classname="org.apache.commons.text.TextStringBuilderTest" time="0"/>
  <testcase name="testContains_String" classname="org.apache.commons.text.TextStringBuilderTest" time="0"/>
  <testcase name="testEqualsIgnoreCase" classname="org.apache.commons.text.TextStringBuilderTest" time="0"/>
  <testcase name="testCapacityAndLength" classname="org.apache.commons.text.TextStringBuilderTest" time="0.001"/>
  <testcase name="testReadFromReadableAppendsToEnd" classname="org.apache.commons.text.TextStringBuilderTest" time="0"/>
  <testcase name="testAsReader" classname="org.apache.commons.text.TextStringBuilderTest" time="0"/>
  <testcase name="testToStringBuilder" classname="org.apache.commons.text.TextStringBuilderTest" time="0"/>
  <testcase name="testReplaceAll_String_String" classname="org.apache.commons.text.TextStringBuilderTest" time="0"/>
  <testcase name="testAsWriter" classname="org.apache.commons.text.TextStringBuilderTest" time="0.001"/>
  <testcase name="testLang294" classname="org.apache.commons.text.TextStringBuilderTest" time="0"/>
  <testcase name="testLang295" classname="org.apache.commons.text.TextStringBuilderTest" time="0"/>
  <testcase name="testReplaceAll_char_char" classname="org.apache.commons.text.TextStringBuilderTest" time="0"/>
  <testcase name="testLastIndexOf_String_int" classname="org.apache.commons.text.TextStringBuilderTest" time="0"/>
  <testcase name="testDeleteCharAt" classname="org.apache.commons.text.TextStringBuilderTest" time="0.001"/>
  <testcase name="testReplaceFirst_String_String" classname="org.apache.commons.text.TextStringBuilderTest" time="0"/>
  <testcase name="testContains_char" classname="org.apache.commons.text.TextStringBuilderTest" time="0"/>
  <testcase name="testDeleteIntInt" classname="org.apache.commons.text.TextStringBuilderTest" time="0.001"/>
  <testcase name="testReplace_StringMatcher_String_int_int_int_VaryEndIndex" classname="org.apache.commons.text.TextStringBuilderTest" time="0"/>
  <testcase name="testReplaceFirst_StringMatcher_String" classname="org.apache.commons.text.TextStringBuilderTest" time="0"/>
  <testcase name="testReplaceFirst_char_char" classname="org.apache.commons.text.TextStringBuilderTest" time="0"/>
  <testcase name="testIndexOf_char" classname="org.apache.commons.text.TextStringBuilderTest" time="0"/>
  <testcase name="testReplace_StringMatcher_String_int_int_int_VaryMatcher" classname="org.apache.commons.text.TextStringBuilderTest" time="0"/>
  <testcase name="testReplace_int_int_String" classname="org.apache.commons.text.TextStringBuilderTest" time="0"/>
  <testcase name="testToCharArray" classname="org.apache.commons.text.TextStringBuilderTest" time="0"/>
  <testcase name="testIndexOf_StringMatcher" classname="org.apache.commons.text.TextStringBuilderTest" time="0"/>
  <testcase name="testReplace_StringMatcher_String_int_int_int_VaryReplace" classname="org.apache.commons.text.TextStringBuilderTest" time="0"/>
  <testcase name="testAppendCharBufferException" classname="org.apache.commons.text.TextStringBuilderTest" time="0.001"/>
  <testcase name="testEnsureCapacity" classname="org.apache.commons.text.TextStringBuilderTest" time="0"/>
  <testcase name="testLang412Right" classname="org.apache.commons.text.TextStringBuilderTest" time="0"/>
  <testcase name="testDeleteFirst_String" classname="org.apache.commons.text.TextStringBuilderTest" time="0"/>
  <testcase name="testIndexOf_StringMatcher_int" classname="org.apache.commons.text.TextStringBuilderTest" time="0"/>
  <testcase name="testAppendToStringBuilder" classname="org.apache.commons.text.TextStringBuilderTest" time="0"/>
  <testcase name="testMidString" classname="org.apache.commons.text.TextStringBuilderTest" time="0"/>
  <testcase name="testAppendCharSequence" classname="org.apache.commons.text.TextStringBuilderTest" time="0"/>
  <testcase name="testCapacity" classname="org.apache.commons.text.TextStringBuilderTest" time="0.001"/>
  <testcase name="testReadFromCharBufferAppendsToEnd" classname="org.apache.commons.text.TextStringBuilderTest" time="0"/>
  <testcase name="testReverse" classname="org.apache.commons.text.TextStringBuilderTest" time="0"/>
  <testcase name="testSetCharAt" classname="org.apache.commons.text.TextStringBuilderTest" time="0"/>
  <testcase name="testHashCode" classname="org.apache.commons.text.TextStringBuilderTest" time="0.001"/>
  <testcase name="testSubstringInt" classname="org.apache.commons.text.TextStringBuilderTest" time="0"/>
  <testcase name="testSetLength" classname="org.apache.commons.text.TextStringBuilderTest" time="0"/>
  <testcase name="testAppendToWriter" classname="org.apache.commons.text.TextStringBuilderTest" time="0.001"/>
  <testcase name="testDeleteAll_StringMatcher" classname="org.apache.commons.text.TextStringBuilderTest" time="0"/>
  <testcase name="testContains_StringMatcher" classname="org.apache.commons.text.TextStringBuilderTest" time="0"/>
  <testcase name="testCharAt" classname="org.apache.commons.text.TextStringBuilderTest" time="0"/>
  <testcase name="testEquals" classname="org.apache.commons.text.TextStringBuilderTest" time="0"/>
  <testcase name="testLastIndexOf_char" classname="org.apache.commons.text.TextStringBuilderTest" time="0"/>
  <testcase name="testLeftString" classname="org.apache.commons.text.TextStringBuilderTest" time="0"/>
  <testcase name="testIndexOf_String_int" classname="org.apache.commons.text.TextStringBuilderTest" time="0"/>
  <testcase name="testLastIndexOf_StringMatcher_int" classname="org.apache.commons.text.TextStringBuilderTest" time="0"/>
  <testcase name="testLength" classname="org.apache.commons.text.TextStringBuilderTest" time="0"/>
  <testcase name="testDeleteFirst_char" classname="org.apache.commons.text.TextStringBuilderTest" time="0"/>
  <testcase name="testAppendToCharBuffer" classname="org.apache.commons.text.TextStringBuilderTest" time="0"/>
  <testcase name="testDeleteFirst_StringMatcher" classname="org.apache.commons.text.TextStringBuilderTest" time="0.001"/>
  <testcase name="testAppendCharBufferNull" classname="org.apache.commons.text.TextStringBuilderTest" time="0"/>
  <testcase name="testIsEmpty" classname="org.apache.commons.text.TextStringBuilderTest" time="0"/>
  <testcase name="testToCharArrayIntInt" classname="org.apache.commons.text.TextStringBuilderTest" time="0"/>
  <testcase name="testGetSetNewLineText" classname="org.apache.commons.text.TextStringBuilderTest" time="0"/>
  <testcase name="testToStringBuffer" classname="org.apache.commons.text.TextStringBuilderTest" time="0.001"/>
  <testcase name="testReadFromReader" classname="org.apache.commons.text.TextStringBuilderTest" time="0"/>
  <testcase name="testAppendln" classname="org.apache.commons.text.TextStringBuilderTest" time="0"/>
  <testcase name="testAsBuilder" classname="org.apache.commons.text.TextStringBuilderTest" time="0"/>
  <testcase name="testAppendTakingTwoIntsWithIndexOutOfBoundsThrowsStringIndexOutOfBoundsExceptionTwo" classname="org.apache.commons.text.TextStringBuilderTest" time="0.001"/>
  <testcase name="testIndexOf_String" classname="org.apache.commons.text.TextStringBuilderTest" time="0"/>
  <testcase name="testIndexOf_char_int" classname="org.apache.commons.text.TextStringBuilderTest" time="0"/>
  <testcase name="testDeleteCharAtWithNegative" classname="org.apache.commons.text.TextStringBuilderTest" time="0.001"/>
  <testcase name="testReplaceAll_StringMatcher_String" classname="org.apache.commons.text.TextStringBuilderTest" time="0"/>
  <testcase name="testGetCharsIntIntCharArrayInt" classname="org.apache.commons.text.TextStringBuilderTest" time="0"/>
  <testcase name="testStartsWith" classname="org.apache.commons.text.TextStringBuilderTest" time="0"/>
  <testcase name="testAppendCharBuffer" classname="org.apache.commons.text.TextStringBuilderTest" time="0"/>
  <testcase name="testChaining" classname="org.apache.commons.text.TextStringBuilderTest" time="0"/>
  <testcase name="testReplace_StringMatcher_String_int_int_int_VaryStartIndex" classname="org.apache.commons.text.TextStringBuilderTest" time="0"/>
</testsuite>