<?xml version="1.0" encoding="UTF-8"?>
<testsuite xmlns:xsi="http://www.w3.org/2001/XMLSchema-instance" xsi:noNamespaceSchemaLocation="https://maven.apache.org/surefire/maven-surefire-plugin/xsd/surefire-test-report.xsd" name="org.apache.commons.text.StrTokenizerTest" time="0.012" tests="62" errors="0" skipped="0" failures="0">
  <properties>
    <property name="awt.toolkit" value="sun.awt.X11.XToolkit"/>
    <property name="maven.test.error.ignore" value="true"/>
    <property name="file.encoding.pkg" value="sun.io"/>
    <property name="java.specification.version" value="1.8"/>
    <property name="sun.cpu.isalist" value=""/>
    <property name="sun.jnu.encoding" value="UTF-8"/>
    <property name="java.class.path" value="/tmp/tmp9zbtm081/commons-text/target/test-classes:/tmp/tmp9zbtm081/commons-text/target/classes:/home/jdbl/.m2/repository/org/apache/commons/commons-lang3/3.9/commons-lang3-3.9.jar:/home/jdbl/.m2/repository/org/junit/jupiter/junit-jupiter/5.5.1/junit-jupiter-5.5.1.jar:/home/jdbl/.m2/repository/org/junit/jupiter/junit-jupiter-api/5.5.1/junit-jupiter-api-5.5.1.jar:/home/jdbl/.m2/repository/org/apiguardian/apiguardian-api/1.1.0/apiguardian-api-1.1.0.jar:/home/jdbl/.m2/repository/org/opentest4j/opentest4j/1.2.0/opentest4j-1.2.0.jar:/home/jdbl/.m2/repository/org/junit/platform/junit-platform-commons/1.5.1/junit-platform-commons-1.5.1.jar:/home/jdbl/.m2/repository/org/junit/jupiter/junit-jupiter-params/5.5.1/junit-jupiter-params-5.5.1.jar:/home/jdbl/.m2/repository/org/junit/jupiter/junit-jupiter-engine/5.5.1/junit-jupiter-engine-5.5.1.jar:/home/jdbl/.m2/repository/org/junit/platform/junit-platform-engine/1.5.1/junit-platform-engine-1.5.1.jar:/home/jdbl/.m2/repository/org/assertj/assertj-core/3.13.2/assertj-core-3.13.2.jar:"/>
    <property name="java.vm.vendor" value="Oracle Corporation"/>
    <property name="maven.javadoc.skip" value="true"/>
    <property name="sun.arch.data.model" value="64"/>
    <property name="java.vendor.url" value="http://java.oracle.com/"/>
    <property name="user.timezone" value=""/>
    <property name="java.vm.specification.version" value="1.8"/>
    <property name="os.name" value="Linux"/>
    <property name="rat.skip" value="true"/>
    <property name="sun.java.launcher" value="SUN_STANDARD"/>
    <property name="sun.boot.library.path" value="/usr/local/openjdk-8/jre/lib/amd64"/>
    <property name="sun.java.command" value="/tmp/tmp9zbtm081/commons-text/target/surefire/surefirebooter800933377719932958.jar /tmp/tmp9zbtm081/commons-text/target/surefire 2020-07-30T18-11-57_739-jvmRun1 surefire1894960095965182346tmp surefire_04568996868853729819tmp"/>
    <property name="surefire.test.class.path" value="/tmp/tmp9zbtm081/commons-text/target/test-classes:/tmp/tmp9zbtm081/commons-text/target/classes:/home/jdbl/.m2/repository/org/apache/commons/commons-lang3/3.9/commons-lang3-3.9.jar:/home/jdbl/.m2/repository/org/junit/jupiter/junit-jupiter/5.5.1/junit-jupiter-5.5.1.jar:/home/jdbl/.m2/repository/org/junit/jupiter/junit-jupiter-api/5.5.1/junit-jupiter-api-5.5.1.jar:/home/jdbl/.m2/repository/org/apiguardian/apiguardian-api/1.1.0/apiguardian-api-1.1.0.jar:/home/jdbl/.m2/repository/org/opentest4j/opentest4j/1.2.0/opentest4j-1.2.0.jar:/home/jdbl/.m2/repository/org/junit/platform/junit-platform-commons/1.5.1/junit-platform-commons-1.5.1.jar:/home/jdbl/.m2/repository/org/junit/jupiter/junit-jupiter-params/5.5.1/junit-jupiter-params-5.5.1.jar:/home/jdbl/.m2/repository/org/junit/jupiter/junit-jupiter-engine/5.5.1/junit-jupiter-engine-5.5.1.jar:/home/jdbl/.m2/repository/org/junit/platform/junit-platform-engine/1.5.1/junit-platform-engine-1.5.1.jar:/home/jdbl/.m2/repository/org/assertj/assertj-core/3.13.2/assertj-core-3.13.2.jar:"/>
    <property name="sun.cpu.endian" value="little"/>
    <property name="user.home" value="/home/jdbl"/>
    <property name="user.language" value="en"/>
    <property name="java.specification.vendor" value="Oracle Corporation"/>
    <property name="java.home" value="/usr/local/openjdk-8/jre"/>
    <property name="basedir" value="/tmp/tmp9zbtm081/commons-text"/>
    <property name="file.separator" value="/"/>
    <property name="line.separator" value="&#10;"/>
    <property name="source.skip" value="true"/>
    <property name="java.vm.specification.vendor" value="Oracle Corporation"/>
    <property name="java.specification.name" value="Java Platform API Specification"/>
    <property name="java.awt.graphicsenv" value="sun.awt.X11GraphicsEnvironment"/>
    <property name="surefire.real.class.path" value="/tmp/tmp9zbtm081/commons-text/target/surefire/surefirebooter800933377719932958.jar:/home/jdbl/.m2/repository/org/jacoco/org.jacoco.agent/0.8.4/org.jacoco.agent-0.8.4-runtime.jar"/>
    <property name="sun.boot.class.path" value="/usr/local/openjdk-8/jre/lib/resources.jar:/usr/local/openjdk-8/jre/lib/rt.jar:/usr/local/openjdk-8/jre/lib/sunrsasign.jar:/usr/local/openjdk-8/jre/lib/jsse.jar:/usr/local/openjdk-8/jre/lib/jce.jar:/usr/local/openjdk-8/jre/lib/charsets.jar:/usr/local/openjdk-8/jre/lib/jfr.jar:/usr/local/openjdk-8/jre/classes"/>
    <property name="sun.management.compiler" value="HotSpot 64-Bit Tiered Compilers"/>
    <property name="java.runtime.version" value="1.8.0_262-b10"/>
    <property name="user.name" value="jdbl"/>
    <property name="path.separator" value=":"/>
    <property name="os.version" value="4.15.0-109-generic"/>
    <property name="java.endorsed.dirs" value="/usr/local/openjdk-8/jre/lib/endorsed"/>
    <property name="java.runtime.name" value="OpenJDK Runtime Environment"/>
    <property name="file.encoding" value="UTF-8"/>
    <property name="java.vm.name" value="OpenJDK 64-Bit Server VM"/>
    <property name="localRepository" value="/home/jdbl/.m2/repository"/>
    <property name="java.vendor.url.bug" value="http://bugreport.sun.com/bugreport/"/>
    <property name="java.io.tmpdir" value="/tmp"/>
    <property name="java.version" value="1.8.0_262"/>
    <property name="user.dir" value="/tmp/tmp9zbtm081/commons-text"/>
    <property name="os.arch" value="amd64"/>
    <property name="license.skip" value="true"/>
    <property name="animal.sniffer.skip" value="true"/>
    <property name="java.vm.specification.name" value="Java Virtual Machine Specification"/>
    <property name="java.awt.printerjob" value="sun.print.PSPrinterJob"/>
    <property name="sun.os.patch.level" value="unknown"/>
    <property name="java.library.path" value="/usr/java/packages/lib/amd64:/usr/lib64:/lib64:/lib:/usr/lib"/>
    <property name="java.vm.info" value="mixed mode"/>
    <property name="java.vendor" value="Oracle Corporation"/>
    <property name="java.vm.version" value="25.262-b10"/>
    <property name="java.ext.dirs" value="/usr/local/openjdk-8/jre/lib/ext:/usr/java/packages/lib/ext"/>
    <property name="sun.io.unicode.encoding" value="UnicodeLittle"/>
    <property name="java.class.version" value="52.0"/>
    <property name="maven.test.failure.ignore" value="true"/>
  </properties>
  <testcase name="testCSVSimple" classname="org.apache.commons.text.StrTokenizerTest" time="0"/>
  <testcase name="testBasicDelim1" classname="org.apache.commons.text.StrTokenizerTest" time="0"/>
  <testcase name="testBasicDelim2" classname="org.apache.commons.text.StrTokenizerTest" time="0"/>
  <testcase name="testBasicEmpty1" classname="org.apache.commons.text.StrTokenizerTest" time="0"/>
  <testcase name="testBasicEmpty2" classname="org.apache.commons.text.StrTokenizerTest" time="0"/>
  <testcase name="testConstructor_charArray_char" classname="org.apache.commons.text.StrTokenizerTest" time="0"/>
  <testcase name="testStringTokenizerQuoteMatcher" classname="org.apache.commons.text.StrTokenizerTest" time="0"/>
  <testcase name="testDelimString" classname="org.apache.commons.text.StrTokenizerTest" time="0"/>
  <testcase name="testTSV" classname="org.apache.commons.text.StrTokenizerTest" time="0"/>
  <testcase name="testDelimMatcher" classname="org.apache.commons.text.StrTokenizerTest" time="0"/>
  <testcase name="testIteration" classname="org.apache.commons.text.StrTokenizerTest" time="0"/>
  <testcase name="testConstructor_String_char_char" classname="org.apache.commons.text.StrTokenizerTest" time="0"/>
  <testcase name="testReset" classname="org.apache.commons.text.StrTokenizerTest" time="0"/>
  <testcase name="testReset_charArray" classname="org.apache.commons.text.StrTokenizerTest" time="0"/>
  <testcase name="testToString" classname="org.apache.commons.text.StrTokenizerTest" time="0"/>
  <testcase name="testTokenizeSubclassOutputChange" classname="org.apache.commons.text.StrTokenizerTest" time="0"/>
  <testcase name="testListArray" classname="org.apache.commons.text.StrTokenizerTest" time="0"/>
  <testcase name="testBasicQuoted1" classname="org.apache.commons.text.StrTokenizerTest" time="0"/>
  <testcase name="testBasicQuoted2" classname="org.apache.commons.text.StrTokenizerTest" time="0"/>
  <testcase name="testBasicQuoted3" classname="org.apache.commons.text.StrTokenizerTest" time="0"/>
  <testcase name="testBasicQuoted4" classname="org.apache.commons.text.StrTokenizerTest" time="0"/>
  <testcase name="testBasicQuoted5" classname="org.apache.commons.text.StrTokenizerTest" time="0"/>
  <testcase name="testBasicQuoted6" classname="org.apache.commons.text.StrTokenizerTest" time="0"/>
  <testcase name="testBasicQuoted7" classname="org.apache.commons.text.StrTokenizerTest" time="0"/>
  <testcase name="testCloneNotSupportedException" classname="org.apache.commons.text.StrTokenizerTest" time="0.001"/>
  <testcase name="testReset_String" classname="org.apache.commons.text.StrTokenizerTest" time="0"/>
  <testcase name="testTSVEmpty" classname="org.apache.commons.text.StrTokenizerTest" time="0"/>
  <testcase name="testConstructor_String" classname="org.apache.commons.text.StrTokenizerTest" time="0"/>
  <testcase name="testCloneNull" classname="org.apache.commons.text.StrTokenizerTest" time="0"/>
  <testcase name="test1" classname="org.apache.commons.text.StrTokenizerTest" time="0.001"/>
  <testcase name="test2" classname="org.apache.commons.text.StrTokenizerTest" time="0"/>
  <testcase name="test3" classname="org.apache.commons.text.StrTokenizerTest" time="0"/>
  <testcase name="test4" classname="org.apache.commons.text.StrTokenizerTest" time="0"/>
  <testcase name="test5" classname="org.apache.commons.text.StrTokenizerTest" time="0"/>
  <testcase name="test6" classname="org.apache.commons.text.StrTokenizerTest" time="0"/>
  <testcase name="test7" classname="org.apache.commons.text.StrTokenizerTest" time="0"/>
  <testcase name="test8" classname="org.apache.commons.text.StrTokenizerTest" time="0"/>
  <testcase name="testConstructor_String_char" classname="org.apache.commons.text.StrTokenizerTest" time="0"/>
  <testcase name="testTokenizeSubclassInputChange" classname="org.apache.commons.text.StrTokenizerTest" time="0.001"/>
  <testcase name="testCSVEmpty" classname="org.apache.commons.text.StrTokenizerTest" time="0"/>
  <testcase name="testStringTokenizerStrMatcher" classname="org.apache.commons.text.StrTokenizerTest" time="0"/>
  <testcase name="testConstructor_charArray" classname="org.apache.commons.text.StrTokenizerTest" time="0"/>
  <testcase name="testConstructor_charArray_char_char" classname="org.apache.commons.text.StrTokenizerTest" time="0"/>
  <testcase name="testCSVSimpleNeedsTrim" classname="org.apache.commons.text.StrTokenizerTest" time="0.001"/>
  <testcase name="testPreviousTokenAndSetEmptyTokenAsNull" classname="org.apache.commons.text.StrTokenizerTest" time="0"/>
  <testcase name="testBasicIgnoreTrimmed1" classname="org.apache.commons.text.StrTokenizerTest" time="0"/>
  <testcase name="testBasicIgnoreTrimmed2" classname="org.apache.commons.text.StrTokenizerTest" time="0"/>
  <testcase name="testBasicIgnoreTrimmed3" classname="org.apache.commons.text.StrTokenizerTest" time="0"/>
  <testcase name="testBasicIgnoreTrimmed4" classname="org.apache.commons.text.StrTokenizerTest" time="0"/>
  <testcase name="testStringTokenizerStringMatcher" classname="org.apache.commons.text.StrTokenizerTest" time="0"/>
  <testcase name="testBasicQuotedTrimmed1" classname="org.apache.commons.text.StrTokenizerTest" time="0.001"/>
  <testcase name="testBasic1" classname="org.apache.commons.text.StrTokenizerTest" time="0"/>
  <testcase name="testBasic2" classname="org.apache.commons.text.StrTokenizerTest" time="0"/>
  <testcase name="testBasic3" classname="org.apache.commons.text.StrTokenizerTest" time="0"/>
  <testcase name="testBasic4" classname="org.apache.commons.text.StrTokenizerTest" time="0"/>
  <testcase name="testBasic5" classname="org.apache.commons.text.StrTokenizerTest" time="0"/>
  <testcase name="testGetContent" classname="org.apache.commons.text.StrTokenizerTest" time="0"/>
  <testcase name="testCloneReset" classname="org.apache.commons.text.StrTokenizerTest" time="0"/>
  <testcase name="testDelimMatcherQuoteMatcher" classname="org.apache.commons.text.StrTokenizerTest" time="0"/>
  <testcase name="testBasicTrimmed1" classname="org.apache.commons.text.StrTokenizerTest" time="0"/>
  <testcase name="testBasicTrimmed2" classname="org.apache.commons.text.StrTokenizerTest" time="0"/>
  <testcase name="testChaining" classname="org.apache.commons.text.StrTokenizerTest" time="0"/>
</testsuite>