<?xml version="1.0" encoding="UTF-8"?>
<testsuite xmlns:xsi="http://www.w3.org/2001/XMLSchema-instance" xsi:schemaLocation="https://maven.apache.org/surefire/maven-surefire-plugin/xsd/surefire-test-report.xsd" name="com.github.rkumsher.date.RandomDateUtilsTest" time="0.104" tests="185" errors="0" skipped="0" failures="0">
  <properties>
    <property name="java.runtime.name" value="OpenJDK Runtime Environment"/>
    <property name="sun.boot.library.path" value="/usr/local/openjdk-8/jre/lib/amd64"/>
    <property name="java.vm.version" value="25.262-b10"/>
    <property name="animal.sniffer.skip" value="true"/>
    <property name="java.vm.vendor" value="Oracle Corporation"/>
    <property name="maven.multiModuleProjectDirectory" value="/tmp/tmpoz0ww262/utils"/>
    <property name="maven.javadoc.skip" value="true"/>
    <property name="java.vendor.url" value="http://java.oracle.com/"/>
    <property name="path.separator" value=":"/>
    <property name="guice.disable.misplaced.annotation.check" value="true"/>
    <property name="java.vm.name" value="OpenJDK 64-Bit Server VM"/>
    <property name="file.encoding.pkg" value="sun.io"/>
    <property name="sun.java.launcher" value="SUN_STANDARD"/>
    <property name="sun.os.patch.level" value="unknown"/>
    <property name="source.skip" value="true"/>
    <property name="java.vm.specification.name" value="Java Virtual Machine Specification"/>
    <property name="user.dir" value="/tmp/tmpoz0ww262/utils"/>
    <property name="java.runtime.version" value="1.8.0_262-b10"/>
    <property name="java.awt.graphicsenv" value="sun.awt.X11GraphicsEnvironment"/>
    <property name="java.endorsed.dirs" value="/usr/local/openjdk-8/jre/lib/endorsed"/>
    <property name="os.arch" value="amd64"/>
    <property name="java.io.tmpdir" value="/tmp"/>
    <property name="line.separator" value="&#10;"/>
    <property name="java.vm.specification.vendor" value="Oracle Corporation"/>
    <property name="os.name" value="Linux"/>
    <property name="classworlds.conf" value="/usr/share/maven/bin/m2.conf"/>
    <property name="sun.jnu.encoding" value="UTF-8"/>
    <property name="java.library.path" value="/usr/java/packages/lib/amd64:/usr/lib64:/lib64:/lib:/usr/lib"/>
    <property name="license.skip" value="true"/>
    <property name="maven.conf" value="/usr/share/maven/conf"/>
    <property name="java.specification.name" value="Java Platform API Specification"/>
    <property name="java.class.version" value="52.0"/>
    <property name="sun.management.compiler" value="HotSpot 64-Bit Tiered Compilers"/>
    <property name="maven.test.failure.ignore" value="true"/>
    <property name="os.version" value="4.15.0-109-generic"/>
    <property name="library.jansi.path" value="/usr/share/maven/lib/jansi-native"/>
    <property name="user.home" value="/home/jdbl"/>
    <property name="user.timezone" value="Etc/UTC"/>
    <property name="java.awt.printerjob" value="sun.print.PSPrinterJob"/>
    <property name="java.specification.version" value="1.8"/>
    <property name="file.encoding" value="UTF-8"/>
    <property name="user.name" value="jdbl"/>
    <property name="java.class.path" value="/usr/share/maven/boot/plexus-classworlds-2.6.0.jar"/>
    <property name="java.vm.specification.version" value="1.8"/>
    <property name="sun.arch.data.model" value="64"/>
    <property name="java.home" value="/usr/local/openjdk-8/jre"/>
    <property name="sun.java.command" value="org.codehaus.plexus.classworlds.launcher.Launcher test -e --fail-never -ntp -Dmaven.test.failure.ignore=true -B -Dmaven.javadoc.skip=true -Drat.skip=true -Danimal.sniffer.skip=true -Dmaven.javadoc.skip=true -Dlicense.skip=true -Dsource.skip=true"/>
    <property name="java.specification.vendor" value="Oracle Corporation"/>
    <property name="user.language" value="en"/>
    <property name="awt.toolkit" value="sun.awt.X11.XToolkit"/>
    <property name="java.vm.info" value="mixed mode"/>
    <property name="java.version" value="1.8.0_262"/>
    <property name="java.ext.dirs" value="/usr/local/openjdk-8/jre/lib/ext:/usr/java/packages/lib/ext"/>
    <property name="securerandom.source" value="file:/dev/./urandom"/>
    <property name="sun.boot.class.path" value="/usr/local/openjdk-8/jre/lib/resources.jar:/usr/local/openjdk-8/jre/lib/rt.jar:/usr/local/openjdk-8/jre/lib/sunrsasign.jar:/usr/local/openjdk-8/jre/lib/jsse.jar:/usr/local/openjdk-8/jre/lib/jce.jar:/usr/local/openjdk-8/jre/lib/charsets.jar:/usr/local/openjdk-8/jre/lib/jfr.jar:/usr/local/openjdk-8/jre/classes"/>
    <property name="java.vendor" value="Oracle Corporation"/>
    <property name="rat.skip" value="true"/>
    <property name="maven.home" value="/usr/share/maven"/>
    <property name="file.separator" value="/"/>
    <property name="java.vendor.url.bug" value="http://bugreport.sun.com/bugreport/"/>
    <property name="sun.cpu.endian" value="little"/>
    <property name="sun.io.unicode.encoding" value="UnicodeLittle"/>
    <property name="sun.cpu.isalist" value=""/>
  </properties>
  <testcase name="randomYearBefore_ReturnsYearBeforeGiven" classname="com.github.rkumsher.date.RandomDateUtilsTest" time="0.003"/>
  <testcase name="randomOffsetDateTime_WithStartAfterEndOffsetDateTime_ThrowsIllegalArgumentException" classname="com.github.rkumsher.date.RandomDateUtilsTest" time="0.001"/>
  <testcase name="randomOffsetDateTimeBefore_WithNullOffsetDateTime_ThrowsIllegalArgumentException" classname="com.github.rkumsher.date.RandomDateUtilsTest" time="0"/>
  <testcase name="randomLocalDateTimeAfter_ReturnsLocalDateTimeAfterGiven" classname="com.github.rkumsher.date.RandomDateUtilsTest" time="0"/>
  <testcase name="randomInstant_WithEqualInstants_ReturnsStart" classname="com.github.rkumsher.date.RandomDateUtilsTest" time="0"/>
  <testcase name="randomZonedDateTime_WithNullStartZonedDateTime_ThrowsIllegalArgumentException" classname="com.github.rkumsher.date.RandomDateUtilsTest" time="0.001"/>
  <testcase name="randomInstant_ReturnsInstantBetweenGivenInstants" classname="com.github.rkumsher.date.RandomDateUtilsTest" time="0"/>
  <testcase name="randomYearMonthBefore_ReturnsYearMonthBeforeGiven" classname="com.github.rkumsher.date.RandomDateUtilsTest" time="0"/>
  <testcase name="randomPastOffsetDateTime_ReturnsOffsetDateTimeBeforeCurrentSystemClock" classname="com.github.rkumsher.date.RandomDateUtilsTest" time="0.007"/>
  <testcase name="randomLocalDateAfter_WithNullLocalDate_ThrowsIllegalArgumentException" classname="com.github.rkumsher.date.RandomDateUtilsTest" time="0"/>
  <testcase name="randomYear_WithNullEndYear_ThrowsIllegalArgumentException" classname="com.github.rkumsher.date.RandomDateUtilsTest" time="0.001"/>
  <testcase name="randomZonedDateTime_WithZonedDateTimesOneMillisecondApart_ReturnsStart" classname="com.github.rkumsher.date.RandomDateUtilsTest" time="0"/>
  <testcase name="randomZonedDateTimeBefore_WithNullZonedDateTime_ThrowsIllegalArgumentException" classname="com.github.rkumsher.date.RandomDateUtilsTest" time="0"/>
  <testcase name="randomBefore_WithMinValue_ThrowsIllegalArgumentException" classname="com.github.rkumsher.date.RandomDateUtilsTest" time="0"/>
  <testcase name="randomMonthDay_WithEqualMonthDays_ReturnsStartMonthDay" classname="com.github.rkumsher.date.RandomDateUtilsTest" time="0.001"/>
  <testcase name="randomDateAfter_WithNullDate_ThrowsIllegalArgumentException" classname="com.github.rkumsher.date.RandomDateUtilsTest" time="0"/>
  <testcase name="randomPositivePeriod_ReturnsPeriodWhichIsNotZero" classname="com.github.rkumsher.date.RandomDateUtilsTest" time="0.001"/>
  <testcase name="randomYear_WithStartBeforeMinYear_ThrowsIllegalArgumentException" classname="com.github.rkumsher.date.RandomDateUtilsTest" time="0"/>
  <testcase name="randomDateAfter_ReturnsDateAfterGiven" classname="com.github.rkumsher.date.RandomDateUtilsTest" time="0"/>
  <testcase name="randomYearAfter_WithMaxYear_ThrowsIllegalArgumentException" classname="com.github.rkumsher.date.RandomDateUtilsTest" time="0"/>
  <testcase name="randomLocalDate_ReturnsLocalDateBetweenMinAndMaxInstants" classname="com.github.rkumsher.date.RandomDateUtilsTest" time="0"/>
  <testcase name="randomYearMonthBefore_WithMinYearMonth_ThrowsIllegalArgumentException" classname="com.github.rkumsher.date.RandomDateUtilsTest" time="0.001"/>
  <testcase name="randomLocalDate_ReturnsLocalDateBetweenGivenLocalDates" classname="com.github.rkumsher.date.RandomDateUtilsTest" time="0"/>
  <testcase name="randomAfter_WithMaxValue_ThrowsIllegalArgumentException" classname="com.github.rkumsher.date.RandomDateUtilsTest" time="0"/>
  <testcase name="randomMonthDay_ReturnsMonthDayBetweenGivenMonthDays" classname="com.github.rkumsher.date.RandomDateUtilsTest" time="0"/>
  <testcase name="randomOffsetDateTime_WithNullEndOffsetDateTime_ThrowsIllegalArgumentException" classname="com.github.rkumsher.date.RandomDateUtilsTest" time="0"/>
  <testcase name="randomInstantAfter_WithNullInstant_ThrowsIllegalArgumentException" classname="com.github.rkumsher.date.RandomDateUtilsTest" time="0"/>
  <testcase name="randomLocalDateTimeBefore_WithNullLocalDateTime_ThrowsIllegalArgumentException" classname="com.github.rkumsher.date.RandomDateUtilsTest" time="0"/>
  <testcase name="randomNegativePeriod_ReturnsPeriodWhichIsNotZero" classname="com.github.rkumsher.date.RandomDateUtilsTest" time="0"/>
  <testcase name="randomInstant_WithNullStartInstant_ThrowsIllegalArgumentException" classname="com.github.rkumsher.date.RandomDateUtilsTest" time="0"/>
  <testcase name="randomLocalDateTime_WithLocalDateTimesOneMillisecondApart_ReturnsStart" classname="com.github.rkumsher.date.RandomDateUtilsTest" time="0"/>
  <testcase name="randomLocalDateTime_ReturnsLocalDateTimeBetweenGivenLocalDateTimes" classname="com.github.rkumsher.date.RandomDateUtilsTest" time="0"/>
  <testcase name="random_WithStartBeforeMin_ThrowsIllegalArgumentException" classname="com.github.rkumsher.date.RandomDateUtilsTest" time="0"/>
  <testcase name="randomLocalDateTime_WithNullStartLocalDateTime_ThrowsIllegalArgumentException" classname="com.github.rkumsher.date.RandomDateUtilsTest" time="0"/>
  <testcase name="randomZonedDateTime_WithStartAfterEndZonedDateTime_ThrowsIllegalArgumentException" classname="com.github.rkumsher.date.RandomDateUtilsTest" time="0"/>
  <testcase name="randomLocalTimeBefore_WithNullLocalTime_ThrowsIllegalArgumentException" classname="com.github.rkumsher.date.RandomDateUtilsTest" time="0"/>
  <testcase name="randomLocalTime_WithStartAfterEndLocalTime_ThrowsIllegalArgumentException" classname="com.github.rkumsher.date.RandomDateUtilsTest" time="0"/>
  <testcase name="randomZonedDateTimeAfter_WithMaxZonedDateTime_ThrowsIllegalArgumentException" classname="com.github.rkumsher.date.RandomDateUtilsTest" time="0.001"/>
  <testcase name="randomLocalTime_ReturnsLocalTimeBetweenGivenLocalTimes" classname="com.github.rkumsher.date.RandomDateUtilsTest" time="0"/>
  <testcase name="randomMonthDay_DoesNotReturnLeapDayIfCurrentYearIsNotLeapYear" classname="com.github.rkumsher.date.RandomDateUtilsTest" time="0.007"/>
  <testcase name="randomYear_WithEqualYears_ReturnsStartYear" classname="com.github.rkumsher.date.RandomDateUtilsTest" time="0"/>
  <testcase name="randomPastInstant_ReturnsInstantBeforeCurrentSystemClock" classname="com.github.rkumsher.date.RandomDateUtilsTest" time="0"/>
  <testcase name="randomFutureDate_ReturnsDateAfterCurrentSystemClock" classname="com.github.rkumsher.date.RandomDateUtilsTest" time="0"/>
  <testcase name="randomInstantBefore_WithMinInstant_ThrowsIllegalArgumentException" classname="com.github.rkumsher.date.RandomDateUtilsTest" time="0.001"/>
  <testcase name="randomInstant_WithStartAfterEndInstant_ThrowsIllegalArgumentException" classname="com.github.rkumsher.date.RandomDateUtilsTest" time="0"/>
  <testcase name="randomDate_WithNullStartDate_ThrowsIllegalArgumentException" classname="com.github.rkumsher.date.RandomDateUtilsTest" time="0"/>
  <testcase name="randomFutureZonedDateTime_ReturnsZonedDateTimeAfterCurrentSystemClock" classname="com.github.rkumsher.date.RandomDateUtilsTest" time="0"/>
  <testcase name="randomDate_WithStartAfterEndDate_ThrowsIllegalArgumentException" classname="com.github.rkumsher.date.RandomDateUtilsTest" time="0.016"/>
  <testcase name="randomYearAfter_ReturnsYearAfterGiven" classname="com.github.rkumsher.date.RandomDateUtilsTest" time="0"/>
  <testcase name="random_WithEndAfterMax_ThrowsIllegalArgumentException" classname="com.github.rkumsher.date.RandomDateUtilsTest" time="0"/>
  <testcase name="randomMonth_ReturnsRandomEnumFromMonth" classname="com.github.rkumsher.date.RandomDateUtilsTest" time="0"/>
  <testcase name="randomYearMonth_WithNullEndYearMonth_ThrowsIllegalArgumentException" classname="com.github.rkumsher.date.RandomDateUtilsTest" time="0"/>
  <testcase name="randomLocalDateTimeBefore_ReturnsLocalDateTimeBeforeGiven" classname="com.github.rkumsher.date.RandomDateUtilsTest" time="0"/>
  <testcase name="randomYearMonth_WithNullStartYearMonth_ThrowsIllegalArgumentException" classname="com.github.rkumsher.date.RandomDateUtilsTest" time="0"/>
  <testcase name="randomYearMonth_WithStartAfterEndYearMonth_ThrowsIllegalArgumentException" classname="com.github.rkumsher.date.RandomDateUtilsTest" time="0"/>
  <testcase name="randomZonedDateTime_WithNullEndZonedDateTime_ThrowsIllegalArgumentException" classname="com.github.rkumsher.date.RandomDateUtilsTest" time="0.001"/>
  <testcase name="randomYearMonth_WithEqualYearMonths_ReturnsStartYearMonth" classname="com.github.rkumsher.date.RandomDateUtilsTest" time="0"/>
  <testcase name="randomYearMonthBefore_WithNullYearMonth_ThrowsIllegalArgumentException" classname="com.github.rkumsher.date.RandomDateUtilsTest" time="0"/>
  <testcase name="randomDateAfter_WithMaxDate_ThrowsIllegalArgumentException" classname="com.github.rkumsher.date.RandomDateUtilsTest" time="0"/>
  <testcase name="randomDuration_ReturnsDurationWhichMayBePositiveOrNegativeOrZero" classname="com.github.rkumsher.date.RandomDateUtilsTest" time="0"/>
  <testcase name="randomYearMonth_ReturnsYearMonthWithYear" classname="com.github.rkumsher.date.RandomDateUtilsTest" time="0"/>
  <testcase name="randomMonthDayBefore_WithMinMonthDay_ThrowsIllegalArgumentException" classname="com.github.rkumsher.date.RandomDateUtilsTest" time="0"/>
  <testcase name="randomBefore_WithBeforeGreaterThanMaxValue_ThrowsIllegalArgumentException" classname="com.github.rkumsher.date.RandomDateUtilsTest" time="0"/>
  <testcase name="randomYearMonthAfter_WithMaxYearMonth_ThrowsIllegalArgumentException" classname="com.github.rkumsher.date.RandomDateUtilsTest" time="0"/>
  <testcase name="randomOffsetDateTime_WithOffsetDateTimesOneMillisecondApart_ReturnsStart" classname="com.github.rkumsher.date.RandomDateUtilsTest" time="0"/>
  <testcase name="randomMonthDay_WithBothLeapDayAndIncludeLeapDay_ReturnsLeapDay" classname="com.github.rkumsher.date.RandomDateUtilsTest" time="0.001"/>
  <testcase name="randomPastYearMonth_ReturnsYearMonthBeforeCurrentSystemClock" classname="com.github.rkumsher.date.RandomDateUtilsTest" time="0"/>
  <testcase name="randomPastLocalDate_ReturnsLocalDateBeforeCurrentSystemClock" classname="com.github.rkumsher.date.RandomDateUtilsTest" time="0"/>
  <testcase name="randomFutureOffsetDateTime_ReturnsOffsetDateTimeAfterCurrentSystemClock" classname="com.github.rkumsher.date.RandomDateUtilsTest" time="0"/>
  <testcase name="randomZoneId_ReturnsZoneIdFromAvailableZoneIds" classname="com.github.rkumsher.date.RandomDateUtilsTest" time="0.004"/>
  <testcase name="randomYearBefore_WithMinYear_ThrowsIllegalArgumentException" classname="com.github.rkumsher.date.RandomDateUtilsTest" time="0"/>
  <testcase name="randomLocalDateAfter_ReturnsLocalDateAfterGiven" classname="com.github.rkumsher.date.RandomDateUtilsTest" time="0"/>
  <testcase name="randomBefore_ReturnsValueBeforeGiven" classname="com.github.rkumsher.date.RandomDateUtilsTest" time="0"/>
  <testcase name="randomAfter_WithAfterLessThanMinValue_ThrowsIllegalArgumentException" classname="com.github.rkumsher.date.RandomDateUtilsTest" time="0"/>
  <testcase name="randomFixedUtcClock_ReturnsClockWithUtcZoneId" classname="com.github.rkumsher.date.RandomDateUtilsTest" time="0"/>
  <testcase name="randomInstant_WithNullEndInstant_ThrowsIllegalArgumentException" classname="com.github.rkumsher.date.RandomDateUtilsTest" time="0"/>
  <testcase name="randomLocalDate_WithNullEndLocalDate_ThrowsIllegalArgumentException" classname="com.github.rkumsher.date.RandomDateUtilsTest" time="0"/>
  <testcase name="randomInstant_WithInstantsOneMillisecondApart_ReturnsStart" classname="com.github.rkumsher.date.RandomDateUtilsTest" time="0"/>
  <testcase name="randomYearMonth_ReturnsYearMonthBetweenGivenYearMonths" classname="com.github.rkumsher.date.RandomDateUtilsTest" time="0"/>
  <testcase name="randomInstantBefore_WithNullInstant_ThrowsIllegalArgumentException" classname="com.github.rkumsher.date.RandomDateUtilsTest" time="0"/>
  <testcase name="randomLocalDate_WithStartAfterEndLocalDate_ThrowsIllegalArgumentException" classname="com.github.rkumsher.date.RandomDateUtilsTest" time="0"/>
  <testcase name="randomLocalTimeBefore_WithMinLocalTime_ThrowsIllegalArgumentException" classname="com.github.rkumsher.date.RandomDateUtilsTest" time="0"/>
  <testcase name="randomLocalDateAfter_WithMaxLocalDate_ThrowsIllegalArgumentException" classname="com.github.rkumsher.date.RandomDateUtilsTest" time="0"/>
  <testcase name="randomFutureYear_ReturnsYearAfterCurrentSystemClock" classname="com.github.rkumsher.date.RandomDateUtilsTest" time="0"/>
  <testcase name="randomMonthDayAfter_ReturnsMonthDayAfterGiven" classname="com.github.rkumsher.date.RandomDateUtilsTest" time="0"/>
  <testcase name="randomPositiveDuration_ReturnsDurationWhichIsPositive" classname="com.github.rkumsher.date.RandomDateUtilsTest" time="0"/>
  <testcase name="randomInstant_WithEndAfterMax_ThrowsIllegalArgumentException" classname="com.github.rkumsher.date.RandomDateUtilsTest" time="0"/>
  <testcase name="randomMonthDay_WithNullStartMonthDay_ThrowsIllegalArgumentException" classname="com.github.rkumsher.date.RandomDateUtilsTest" time="0"/>
  <testcase name="randomLocalDateTime_WithStartAfterEndLocalDateTime_ThrowsIllegalArgumentException" classname="com.github.rkumsher.date.RandomDateUtilsTest" time="0"/>
  <testcase name="randomMonthDayBefore_WithNullMonthDay_ThrowsIllegalArgumentException" classname="com.github.rkumsher.date.RandomDateUtilsTest" time="0"/>
  <testcase name="randomPeriod_ReturnsPeriodWhichMayBePositiveOrNegativeOrZero" classname="com.github.rkumsher.date.RandomDateUtilsTest" time="0"/>
  <testcase name="randomYear_ReturnsRandomYear" classname="com.github.rkumsher.date.RandomDateUtilsTest" time="0"/>
  <testcase name="randomLocalTime_ReturnsRandomLocalTime" classname="com.github.rkumsher.date.RandomDateUtilsTest" time="0"/>
  <testcase name="randomLocalDate_WithEqualLocalDates_ReturnsStartLocalDate" classname="com.github.rkumsher.date.RandomDateUtilsTest" time="0.001"/>
  <testcase name="randomMonthDay_WithNullEndMonthDay_ThrowsIllegalArgumentException" classname="com.github.rkumsher.date.RandomDateUtilsTest" time="0"/>
  <testcase name="randomDateBefore_ReturnsDateBeforeGiven" classname="com.github.rkumsher.date.RandomDateUtilsTest" time="0"/>
  <testcase name="randomYear_WithYearsOneYearApart_ReturnsStart" classname="com.github.rkumsher.date.RandomDateUtilsTest" time="0"/>
  <testcase name="randomNegativePeriod_ReturnsPeriodWhichIsNegative" classname="com.github.rkumsher.date.RandomDateUtilsTest" time="0"/>
  <testcase name="randomInstantBefore_ReturnsInstantBeforeGiven" classname="com.github.rkumsher.date.RandomDateUtilsTest" time="0"/>
  <testcase name="randomDateBefore_WithNullDate_ThrowsIllegalArgumentException" classname="com.github.rkumsher.date.RandomDateUtilsTest" time="0"/>
  <testcase name="randomZonedDateTimeAfter_WithNullZonedDateTime_ThrowsIllegalArgumentException" classname="com.github.rkumsher.date.RandomDateUtilsTest" time="0"/>
  <testcase name="random_WithStartAndEndOneApart_ReturnsStart" classname="com.github.rkumsher.date.RandomDateUtilsTest" time="0"/>
  <testcase name="randomLocalTimeAfter_ReturnsLocalTimeAfterGiven" classname="com.github.rkumsher.date.RandomDateUtilsTest" time="0"/>
  <testcase name="randomLocalTime_WithNullStartLocalTime_ThrowsIllegalArgumentException" classname="com.github.rkumsher.date.RandomDateUtilsTest" time="0"/>
  <testcase name="randomDate_ReturnsDateBetweenGivenDates" classname="com.github.rkumsher.date.RandomDateUtilsTest" time="0"/>
  <testcase name="randomLocalDateBefore_WithMinLocalDate_ThrowsIllegalArgumentException" classname="com.github.rkumsher.date.RandomDateUtilsTest" time="0"/>
  <testcase name="randomFixedUtcClock_ReturnsClockWithInstantBetweenMinAndMaxInstants" classname="com.github.rkumsher.date.RandomDateUtilsTest" time="0"/>
  <testcase name="randomLocalTimeAfter_WithMaxLocalTime_ThrowsIllegalArgumentException" classname="com.github.rkumsher.date.RandomDateUtilsTest" time="0"/>
  <testcase name="randomMonthDayAfter_WithNullMonthDay_ThrowsIllegalArgumentException" classname="com.github.rkumsher.date.RandomDateUtilsTest" time="0"/>
  <testcase name="randomFutureInstant_ReturnsInstantAfterCurrentSystemClock" classname="com.github.rkumsher.date.RandomDateUtilsTest" time="0"/>
  <testcase name="randomFutureYearMonth_ReturnsYearMonthAfterCurrentSystemClock" classname="com.github.rkumsher.date.RandomDateUtilsTest" time="0.001"/>
  <testcase name="randomYear_WithStartAfterEndYear_ThrowsIllegalArgumentException" classname="com.github.rkumsher.date.RandomDateUtilsTest" time="0"/>
  <testcase name="randomLocalTimeBefore_ReturnsLocalTimeBeforeGiven" classname="com.github.rkumsher.date.RandomDateUtilsTest" time="0"/>
  <testcase name="randomLocalTime_WithEqualLocalTimes_ReturnsStartLocalTime" classname="com.github.rkumsher.date.RandomDateUtilsTest" time="0"/>
  <testcase name="randomOffsetDateTime_WithEqualOffsetDateTimes_ReturnsStartOffsetDateTime" classname="com.github.rkumsher.date.RandomDateUtilsTest" time="0"/>
  <testcase name="randomZonedDateTimeBefore_WithMinZonedDateTime_ThrowsIllegalArgumentException" classname="com.github.rkumsher.date.RandomDateUtilsTest" time="0"/>
  <testcase name="random_WithStartAfterEnd_ThrowsIllegalArgumentException" classname="com.github.rkumsher.date.RandomDateUtilsTest" time="0"/>
  <testcase name="randomFixedClock_ReturnsClockWithZoneIdFromAvailableZoneIds" classname="com.github.rkumsher.date.RandomDateUtilsTest" time="0.008"/>
  <testcase name="randomLocalDateTime_WithEqualLocalDateTimes_ReturnsStartLocalDateTime" classname="com.github.rkumsher.date.RandomDateUtilsTest" time="0"/>
  <testcase name="randomYearAfter_WithNullYear_ThrowsIllegalArgumentException" classname="com.github.rkumsher.date.RandomDateUtilsTest" time="0"/>
  <testcase name="randomYear_WithEndBeforeMinYear_ThrowsIllegalArgumentException" classname="com.github.rkumsher.date.RandomDateUtilsTest" time="0"/>
  <testcase name="randomOffsetDateTimeBefore_WithMinOffsetDateTime_ThrowsIllegalArgumentException" classname="com.github.rkumsher.date.RandomDateUtilsTest" time="0"/>
  <testcase name="randomPositiveDuration_ReturnsDurationWhichIsNotZero" classname="com.github.rkumsher.date.RandomDateUtilsTest" time="0"/>
  <testcase name="randomYearMonthAfter_WithNullYearMonth_ThrowsIllegalArgumentException" classname="com.github.rkumsher.date.RandomDateUtilsTest" time="0"/>
  <testcase name="randomLocalDateTime_ReturnsLocalDateTimeBetweenMinAndMaxInstants" classname="com.github.rkumsher.date.RandomDateUtilsTest" time="0.001"/>
  <testcase name="random_ReturnsValidValueForGivenTemporalField" classname="com.github.rkumsher.date.RandomDateUtilsTest" time="0"/>
  <testcase name="randomPastDate_ReturnsDateBeforeCurrentSystemClock" classname="com.github.rkumsher.date.RandomDateUtilsTest" time="0"/>
  <testcase name="randomLocalDate_WithNullStartLocalDate_ThrowsIllegalArgumentException" classname="com.github.rkumsher.date.RandomDateUtilsTest" time="0"/>
  <testcase name="randomZonedDateTimeBefore_ReturnsZonedDateTimeBeforeGiven" classname="com.github.rkumsher.date.RandomDateUtilsTest" time="0"/>
  <testcase name="randomYear_WithMaxAfterMaxYear_ThrowsIllegalArgumentException" classname="com.github.rkumsher.date.RandomDateUtilsTest" time="0"/>
  <testcase name="randomLocalDateTimeAfter_WithNullLocalDateTime_ThrowsIllegalArgumentException" classname="com.github.rkumsher.date.RandomDateUtilsTest" time="0"/>
  <testcase name="randomYear_WithStartAfterMaxYear_ThrowsIllegalArgumentException" classname="com.github.rkumsher.date.RandomDateUtilsTest" time="0"/>
  <testcase name="randomOffsetDateTime_ReturnsOffsetDateTimeBetweenGivenOffsetDateTimes" classname="com.github.rkumsher.date.RandomDateUtilsTest" time="0.001"/>
  <testcase name="randomAfter_ReturnsValueAfterGiven" classname="com.github.rkumsher.date.RandomDateUtilsTest" time="0"/>
  <testcase name="randomPastLocalDateTime_ReturnsLocalDateTimeBeforeCurrentSystemClock" classname="com.github.rkumsher.date.RandomDateUtilsTest" time="0"/>
  <testcase name="randomFutureLocalDateTime_ReturnsLocalDateTimeAfterCurrentSystemClock" classname="com.github.rkumsher.date.RandomDateUtilsTest" time="0"/>
  <testcase name="randomOffsetDateTimeBefore_ReturnsOffsetDateTimeBeforeGiven" classname="com.github.rkumsher.date.RandomDateUtilsTest" time="0"/>
  <testcase name="randomOffsetDateTimeAfter_ReturnsOffsetDateTimeAfterGiven" classname="com.github.rkumsher.date.RandomDateUtilsTest" time="0"/>
  <testcase name="randomZoneOffset_ReturnsRandomOffset" classname="com.github.rkumsher.date.RandomDateUtilsTest" time="0"/>
  <testcase name="randomDayOfWeek_ReturnsRandomEnumFromDayOfWeek" classname="com.github.rkumsher.date.RandomDateUtilsTest" time="0.001"/>
  <testcase name="randomInstantAfter_WithMaxInstant_ThrowsIllegalArgumentException" classname="com.github.rkumsher.date.RandomDateUtilsTest" time="0"/>
  <testcase name="randomDate_WithDatesOneMillisecondApart_ReturnsStart" classname="com.github.rkumsher.date.RandomDateUtilsTest" time="0"/>
  <testcase name="randomDate_WithEqualDates_ReturnsStartDate" classname="com.github.rkumsher.date.RandomDateUtilsTest" time="0"/>
  <testcase name="randomZonedDateTime_ReturnsZonedDateTimeBetweenMinAndMaxInstants" classname="com.github.rkumsher.date.RandomDateUtilsTest" time="0"/>
  <testcase name="randomYear_WithNullStartYear_ThrowsIllegalArgumentException" classname="com.github.rkumsher.date.RandomDateUtilsTest" time="0"/>
  <testcase name="randomZonedDateTime_WithEqualZonedDateTimes_ReturnsStartZonedDateTime" classname="com.github.rkumsher.date.RandomDateUtilsTest" time="0"/>
  <testcase name="randomLocalDateTimeBefore_WithMinLocalDateTime_ThrowsIllegalArgumentException" classname="com.github.rkumsher.date.RandomDateUtilsTest" time="0"/>
  <testcase name="randomInstant_WithStartBeforeMin_ThrowsIllegalArgumentException" classname="com.github.rkumsher.date.RandomDateUtilsTest" time="0.001"/>
  <testcase name="randomMonthDayBefore_ReturnsMonthDayBeforeGiven" classname="com.github.rkumsher.date.RandomDateUtilsTest" time="0"/>
  <testcase name="randomOffsetDateTimeAfter_WithMaxOffsetDateTime_ThrowsIllegalArgumentException" classname="com.github.rkumsher.date.RandomDateUtilsTest" time="0"/>
  <testcase name="randomFutureLocalDate_ReturnsLocalDateAfterCurrentSystemClock" classname="com.github.rkumsher.date.RandomDateUtilsTest" time="0"/>
  <testcase name="randomDate_ReturnsDateBetweenMinAndMaxInstants" classname="com.github.rkumsher.date.RandomDateUtilsTest" time="0"/>
  <testcase name="randomLocalTime_WithLocalTimesOneNanoApart_ReturnsStart" classname="com.github.rkumsher.date.RandomDateUtilsTest" time="0"/>
  <testcase name="randomPastZonedDateTime_ReturnsZonedDateTimeBeforeCurrentSystemClock" classname="com.github.rkumsher.date.RandomDateUtilsTest" time="0"/>
  <testcase name="randomLocalDateTimeAfter_WithMaxLocalDateTime_ThrowsIllegalArgumentException" classname="com.github.rkumsher.date.RandomDateUtilsTest" time="0"/>
  <testcase name="randomDate_WithNullEndDate_ThrowsIllegalArgumentException" classname="com.github.rkumsher.date.RandomDateUtilsTest" time="0"/>
  <testcase name="randomOffsetDateTime_WithNullStartOffsetDateTime_ThrowsIllegalArgumentException" classname="com.github.rkumsher.date.RandomDateUtilsTest" time="0"/>
  <testcase name="randomDateBefore_WithMinDate_ThrowsIllegalArgumentException" classname="com.github.rkumsher.date.RandomDateUtilsTest" time="0"/>
  <testcase name="randomMonthDay_WithStartAfterEndMonthDay_ThrowsIllegalArgumentException" classname="com.github.rkumsher.date.RandomDateUtilsTest" time="0"/>
  <testcase name="randomMonthDayAfter_WithMaxMonthDay_ThrowsIllegalArgumentException" classname="com.github.rkumsher.date.RandomDateUtilsTest" time="0"/>
  <testcase name="randomLocalDate_WithLocalDatesOneDayApart_ReturnsStart" classname="com.github.rkumsher.date.RandomDateUtilsTest" time="0"/>
  <testcase name="randomPositivePeriod_ReturnsPeriodWhichIsPositive" classname="com.github.rkumsher.date.RandomDateUtilsTest" time="0"/>
  <testcase name="randomYear_ReturnsYearBetweenGivenYears" classname="com.github.rkumsher.date.RandomDateUtilsTest" time="0.001"/>
  <testcase name="randomNegativeDuration_ReturnsDurationWhichIsNotZero" classname="com.github.rkumsher.date.RandomDateUtilsTest" time="0"/>
  <testcase name="randomYearBefore_WithNullYear_ThrowsIllegalArgumentException" classname="com.github.rkumsher.date.RandomDateUtilsTest" time="0"/>
  <testcase name="randomYearMonthAfter_ReturnsYearMonthAfterGiven" classname="com.github.rkumsher.date.RandomDateUtilsTest" time="0"/>
  <testcase name="randomOffsetDateTime_ReturnsOffsetDateTimeBetweenMinAndMaxInstants" classname="com.github.rkumsher.date.RandomDateUtilsTest" time="0"/>
  <testcase name="randomZonedDateTimeAfter_ReturnsZonedDateTimeAfterGiven" classname="com.github.rkumsher.date.RandomDateUtilsTest" time="0"/>
  <testcase name="randomLocalDateBefore_WithNullLocalDate_ThrowsIllegalArgumentException" classname="com.github.rkumsher.date.RandomDateUtilsTest" time="0"/>
  <testcase name="randomMonthDay_WithBothLeapDayAndNotIncludeLeapDay_ThrowsIllegalArgumentException" classname="com.github.rkumsher.date.RandomDateUtilsTest" time="0"/>
  <testcase name="randomOffsetDateTimeAfter_WithNullOffsetDateTime_ThrowsIllegalArgumentException" classname="com.github.rkumsher.date.RandomDateUtilsTest" time="0"/>
  <testcase name="randomLocalDateBefore_ReturnsLocalDateBeforeGiven" classname="com.github.rkumsher.date.RandomDateUtilsTest" time="0"/>
  <testcase name="randomLocalTimeAfter_WithNullLocalTime_ThrowsIllegalArgumentException" classname="com.github.rkumsher.date.RandomDateUtilsTest" time="0"/>
  <testcase name="randomYearMonth_WithYearMonthsOneDayApart_ReturnsStart" classname="com.github.rkumsher.date.RandomDateUtilsTest" time="0"/>
  <testcase name="randomLocalTime_WithNullEndLocalTime_ThrowsIllegalArgumentException" classname="com.github.rkumsher.date.RandomDateUtilsTest" time="0"/>
  <testcase name="randomMonthDay_WithMonthDaysOneDayApart_ReturnsStart" classname="com.github.rkumsher.date.RandomDateUtilsTest" time="0"/>
  <testcase name="randomNegativeDuration_ReturnsDurationWhichIsNegative" classname="com.github.rkumsher.date.RandomDateUtilsTest" time="0"/>
  <testcase name="random_WithEqualStartAndEnd_ReturnsStart" classname="com.github.rkumsher.date.RandomDateUtilsTest" time="0"/>
  <testcase name="randomInstantAfter_ReturnsInstantAfterGiven" classname="com.github.rkumsher.date.RandomDateUtilsTest" time="0"/>
  <testcase name="randomZonedDateTime_ReturnsZonedDateTimeBetweenGivenZonedDateTimes" classname="com.github.rkumsher.date.RandomDateUtilsTest" time="0.001"/>
  <testcase name="randomLocalDateTime_WithNullEndLocalDateTime_ThrowsIllegalArgumentException" classname="com.github.rkumsher.date.RandomDateUtilsTest" time="0"/>
  <testcase name="randomPastYear_ReturnsYearBeforeCurrentSystemClock" classname="com.github.rkumsher.date.RandomDateUtilsTest" time="0"/>
  <testcase name="random_ReturnsValidValueBetweenGiven" classname="com.github.rkumsher.date.RandomDateUtilsTest" time="0"/>
  <testcase name="randomInstant_ReturnsInstantBetweenMinAndMaxInstants" classname="com.github.rkumsher.date.RandomDateUtilsTest" time="0"/>
  <testcase name="randomFixedClock_ReturnsClockWithInstantBetweenMinAndMaxInstants" classname="com.github.rkumsher.date.RandomDateUtilsTest" time="0.001"/>
</testsuite>