<?xml version="1.0" encoding="UTF-8"?>
<testsuite xmlns:xsi="http://www.w3.org/2001/XMLSchema-instance" xsi:schemaLocation="https://maven.apache.org/surefire/maven-surefire-plugin/xsd/surefire-test-report.xsd" name="net.sf.jett.test.AttributeUtilTest" time="0.12" tests="48" errors="0" skipped="0" failures="0">
  <properties>
    <property name="java.runtime.name" value="OpenJDK Runtime Environment"/>
    <property name="sun.boot.library.path" value="/usr/local/openjdk-8/jre/lib/amd64"/>
    <property name="java.vm.version" value="25.262-b10"/>
    <property name="animal.sniffer.skip" value="true"/>
    <property name="java.vm.vendor" value="Oracle Corporation"/>
    <property name="maven.multiModuleProjectDirectory" value="/tmp/tmpnotfi09r/jett-poi4"/>
    <property name="maven.javadoc.skip" value="true"/>
    <property name="java.vendor.url" value="http://java.oracle.com/"/>
    <property name="path.separator" value=":"/>
    <property name="guice.disable.misplaced.annotation.check" value="true"/>
    <property name="java.vm.name" value="OpenJDK 64-Bit Server VM"/>
    <property name="file.encoding.pkg" value="sun.io"/>
    <property name="sun.java.launcher" value="SUN_STANDARD"/>
    <property name="sun.os.patch.level" value="unknown"/>
    <property name="source.skip" value="true"/>
    <property name="java.vm.specification.name" value="Java Virtual Machine Specification"/>
    <property name="user.dir" value="/tmp/tmpnotfi09r/jett-poi4"/>
    <property name="java.runtime.version" value="1.8.0_262-b10"/>
    <property name="java.awt.graphicsenv" value="sun.awt.X11GraphicsEnvironment"/>
    <property name="java.endorsed.dirs" value="/usr/local/openjdk-8/jre/lib/endorsed"/>
    <property name="os.arch" value="amd64"/>
    <property name="java.io.tmpdir" value="/tmp"/>
    <property name="line.separator" value="&#10;"/>
    <property name="java.vm.specification.vendor" value="Oracle Corporation"/>
    <property name="os.name" value="Linux"/>
    <property name="classworlds.conf" value="/usr/share/maven/bin/m2.conf"/>
    <property name="sun.jnu.encoding" value="UTF-8"/>
    <property name="java.library.path" value="/usr/java/packages/lib/amd64:/usr/lib64:/lib64:/lib:/usr/lib"/>
    <property name="license.skip" value="true"/>
    <property name="maven.conf" value="/usr/share/maven/conf"/>
    <property name="java.specification.name" value="Java Platform API Specification"/>
    <property name="java.class.version" value="52.0"/>
    <property name="sun.management.compiler" value="HotSpot 64-Bit Tiered Compilers"/>
    <property name="maven.test.failure.ignore" value="true"/>
    <property name="os.version" value="4.15.0-109-generic"/>
    <property name="library.jansi.path" value="/usr/share/maven/lib/jansi-native"/>
    <property name="user.home" value="/home/jdbl"/>
    <property name="user.timezone" value="Etc/UTC"/>
    <property name="java.awt.printerjob" value="sun.print.PSPrinterJob"/>
    <property name="java.specification.version" value="1.8"/>
    <property name="file.encoding" value="UTF-8"/>
    <property name="user.name" value="jdbl"/>
    <property name="java.class.path" value="/usr/share/maven/boot/plexus-classworlds-2.6.0.jar"/>
    <property name="java.vm.specification.version" value="1.8"/>
    <property name="sun.arch.data.model" value="64"/>
    <property name="java.home" value="/usr/local/openjdk-8/jre"/>
    <property name="sun.java.command" value="org.codehaus.plexus.classworlds.launcher.Launcher test -e --fail-never -ntp -Dmaven.test.failure.ignore=true -B -Dmaven.javadoc.skip=true -Drat.skip=true -Danimal.sniffer.skip=true -Dmaven.javadoc.skip=true -Dlicense.skip=true -Dsource.skip=true"/>
    <property name="java.specification.vendor" value="Oracle Corporation"/>
    <property name="user.language" value="en"/>
    <property name="awt.toolkit" value="sun.awt.X11.XToolkit"/>
    <property name="java.vm.info" value="mixed mode"/>
    <property name="java.version" value="1.8.0_262"/>
    <property name="java.ext.dirs" value="/usr/local/openjdk-8/jre/lib/ext:/usr/java/packages/lib/ext"/>
    <property name="securerandom.source" value="file:/dev/./urandom"/>
    <property name="sun.boot.class.path" value="/usr/local/openjdk-8/jre/lib/resources.jar:/usr/local/openjdk-8/jre/lib/rt.jar:/usr/local/openjdk-8/jre/lib/sunrsasign.jar:/usr/local/openjdk-8/jre/lib/jsse.jar:/usr/local/openjdk-8/jre/lib/jce.jar:/usr/local/openjdk-8/jre/lib/charsets.jar:/usr/local/openjdk-8/jre/lib/jfr.jar:/usr/local/openjdk-8/jre/classes"/>
    <property name="java.vendor" value="Oracle Corporation"/>
    <property name="rat.skip" value="true"/>
    <property name="maven.home" value="/usr/share/maven"/>
    <property name="file.separator" value="/"/>
    <property name="java.vendor.url.bug" value="http://bugreport.sun.com/bugreport/"/>
    <property name="sun.cpu.endian" value="little"/>
    <property name="sun.io.unicode.encoding" value="UnicodeLittle"/>
    <property name="sun.cpu.isalist" value=""/>
  </properties>
  <testcase name="testBooleanDNE" classname="net.sf.jett.test.AttributeUtilTest" time="0.023"/>
  <testcase name="testEvaluateInt" classname="net.sf.jett.test.AttributeUtilTest" time="0"/>
  <testcase name="testEvaluateIntBad" classname="net.sf.jett.test.AttributeUtilTest" time="0"/>
  <testcase name="testEvaluateIntDNE" classname="net.sf.jett.test.AttributeUtilTest" time="0.002"/>
  <testcase name="testEvaluateNonNegativeIntPositive" classname="net.sf.jett.test.AttributeUtilTest" time="0"/>
  <testcase name="testEvaluateNonNegativeIntZero" classname="net.sf.jett.test.AttributeUtilTest" time="0.005"/>
  <testcase name="testEvaluateNonNegativeNegative" classname="net.sf.jett.test.AttributeUtilTest" time="0"/>
  <testcase name="testEvaluatePositiveIntPositive" classname="net.sf.jett.test.AttributeUtilTest" time="0.001"/>
  <testcase name="testEvaluatePositiveIntZero" classname="net.sf.jett.test.AttributeUtilTest" time="0.003"/>
  <testcase name="testEvaluatePositiveIntNegative" classname="net.sf.jett.test.AttributeUtilTest" time="0"/>
  <testcase name="testEvaluateNonZeroIntPositive" classname="net.sf.jett.test.AttributeUtilTest" time="0.002"/>
  <testcase name="testEvaluateNonZeroIntZero" classname="net.sf.jett.test.AttributeUtilTest" time="0"/>
  <testcase name="testEvaluateNonZeroIntNegative" classname="net.sf.jett.test.AttributeUtilTest" time="0"/>
  <testcase name="testEvaluateDouble" classname="net.sf.jett.test.AttributeUtilTest" time="0"/>
  <testcase name="testEvaluateDoubleBad" classname="net.sf.jett.test.AttributeUtilTest" time="0.001"/>
  <testcase name="testEvaluateDoubleDNE" classname="net.sf.jett.test.AttributeUtilTest" time="0.001"/>
  <testcase name="testEvaluatePositiveDoubleNegative" classname="net.sf.jett.test.AttributeUtilTest" time="0.001"/>
  <testcase name="testEvaluatePositiveDoubleZero" classname="net.sf.jett.test.AttributeUtilTest" time="0"/>
  <testcase name="testEvaluateNonNegativeDoubleNegative" classname="net.sf.jett.test.AttributeUtilTest" time="0.002"/>
  <testcase name="testEvaluateRichTextStringNotNull" classname="net.sf.jett.test.AttributeUtilTest" time="0"/>
  <testcase name="testEvaluateRichTextStringNull" classname="net.sf.jett.test.AttributeUtilTest" time="0.001"/>
  <testcase name="testEvaluateString" classname="net.sf.jett.test.AttributeUtilTest" time="0"/>
  <testcase name="testEvaluateStringNull" classname="net.sf.jett.test.AttributeUtilTest" time="0"/>
  <testcase name="testEvaluateStringNotNull" classname="net.sf.jett.test.AttributeUtilTest" time="0"/>
  <testcase name="testEvaluateStringSpecificValues" classname="net.sf.jett.test.AttributeUtilTest" time="0"/>
  <testcase name="testEvaluateStringSpecificValuesNotFound" classname="net.sf.jett.test.AttributeUtilTest" time="0"/>
  <testcase name="testEvaluateObjectDNE" classname="net.sf.jett.test.AttributeUtilTest" time="0.005"/>
  <testcase name="testEvaluateObject" classname="net.sf.jett.test.AttributeUtilTest" time="0.001"/>
  <testcase name="testEvaluateObjectWrongClass" classname="net.sf.jett.test.AttributeUtilTest" time="0"/>
  <testcase name="testEvaluateObjectInstantiate" classname="net.sf.jett.test.AttributeUtilTest" time="0"/>
  <testcase name="testEvaluateObjectInstantiateWrongClass" classname="net.sf.jett.test.AttributeUtilTest" time="0.001"/>
  <testcase name="testEvaluateListDNE" classname="net.sf.jett.test.AttributeUtilTest" time="0.001"/>
  <testcase name="testEvaluateList" classname="net.sf.jett.test.AttributeUtilTest" time="0"/>
  <testcase name="testEvaluateListSemicolonSeparated" classname="net.sf.jett.test.AttributeUtilTest" time="0.001"/>
  <testcase name="testEvaluateIntegerArrayDNE" classname="net.sf.jett.test.AttributeUtilTest" time="0.001"/>
  <testcase name="testEvaluateIntegerArray" classname="net.sf.jett.test.AttributeUtilTest" time="0.001"/>
  <testcase name="testEvaluateIntegerArrayIntegerArray" classname="net.sf.jett.test.AttributeUtilTest" time="0"/>
  <testcase name="testEvaluateIntegerArrayParse" classname="net.sf.jett.test.AttributeUtilTest" time="0.001"/>
  <testcase name="testEvaluateIntegerArrayArrayDNE" classname="net.sf.jett.test.AttributeUtilTest" time="0.008"/>
  <testcase name="testEvaluateIntegerArrayArray" classname="net.sf.jett.test.AttributeUtilTest" time="0"/>
  <testcase name="testEvaluateIntegerArrayArrayIntegerArrayArray" classname="net.sf.jett.test.AttributeUtilTest" time="0"/>
  <testcase name="testEvaluateIntegerArrayArrayParse" classname="net.sf.jett.test.AttributeUtilTest" time="0"/>
  <testcase name="testEvaluateStringVarName" classname="net.sf.jett.test.AttributeUtilTest" time="0"/>
  <testcase name="testEvaluateStringVarNameStartNumber" classname="net.sf.jett.test.AttributeUtilTest" time="0"/>
  <testcase name="testEvaluateStringVarNamePunctInName" classname="net.sf.jett.test.AttributeUtilTest" time="0"/>
  <testcase name="testEvaluateStringVarNameReservedWord" classname="net.sf.jett.test.AttributeUtilTest" time="0.001"/>
  <testcase name="testBooleanTrue" classname="net.sf.jett.test.AttributeUtilTest" time="0"/>
  <testcase name="testBooleanFalse" classname="net.sf.jett.test.AttributeUtilTest" time="0"/>
</testsuite>