<?xml version="1.0" encoding="UTF-8"?>
<testsuite xmlns:xsi="http://www.w3.org/2001/XMLSchema-instance" xsi:noNamespaceSchemaLocation="https://maven.apache.org/surefire/maven-surefire-plugin/xsd/surefire-test-report-3.0.xsd" version="3.0" name="org.codehaus.jettison.mapped.MappedXMLStreamWriterTest" time="0.016" tests="43" errors="0" skipped="0" failures="0">
  <properties>
    <property name="awt.toolkit" value="sun.awt.X11.XToolkit"/>
    <property name="maven.test.error.ignore" value="true"/>
    <property name="file.encoding.pkg" value="sun.io"/>
    <property name="java.specification.version" value="1.8"/>
    <property name="sun.cpu.isalist" value=""/>
    <property name="sun.jnu.encoding" value="UTF-8"/>
    <property name="java.class.path" value="/tmp/tmpjus4ju22/jettison/target/test-classes:/tmp/tmpjus4ju22/jettison/target/classes:/home/jdbl/.m2/repository/junit/junit/3.8.1/junit-3.8.1.jar:/home/jdbl/.m2/repository/stax/stax-api/1.0.1/stax-api-1.0.1.jar:/home/jdbl/.m2/repository/woodstox/wstx-asl/3.2.2/wstx-asl-3.2.2.jar:"/>
    <property name="java.vm.vendor" value="Oracle Corporation"/>
    <property name="maven.javadoc.skip" value="true"/>
    <property name="sun.arch.data.model" value="64"/>
    <property name="java.vendor.url" value="http://java.oracle.com/"/>
    <property name="user.timezone" value=""/>
    <property name="java.vm.specification.version" value="1.8"/>
    <property name="os.name" value="Linux"/>
    <property name="rat.skip" value="true"/>
    <property name="sun.java.launcher" value="SUN_STANDARD"/>
    <property name="sun.boot.library.path" value="/usr/local/openjdk-8/jre/lib/amd64"/>
    <property name="sun.java.command" value="/tmp/tmpjus4ju22/jettison/target/surefire/surefirebooter6234408228706846121.jar /tmp/tmpjus4ju22/jettison/target/surefire 2020-07-30T18-57-46_015-jvmRun1 surefire5232551696176774468tmp surefire_08924644256273231041tmp"/>
    <property name="surefire.test.class.path" value="/tmp/tmpjus4ju22/jettison/target/test-classes:/tmp/tmpjus4ju22/jettison/target/classes:/home/jdbl/.m2/repository/junit/junit/3.8.1/junit-3.8.1.jar:/home/jdbl/.m2/repository/stax/stax-api/1.0.1/stax-api-1.0.1.jar:/home/jdbl/.m2/repository/woodstox/wstx-asl/3.2.2/wstx-asl-3.2.2.jar:"/>
    <property name="sun.cpu.endian" value="little"/>
    <property name="user.home" value="/home/jdbl"/>
    <property name="user.language" value="en"/>
    <property name="java.specification.vendor" value="Oracle Corporation"/>
    <property name="java.home" value="/usr/local/openjdk-8/jre"/>
    <property name="basedir" value="/tmp/tmpjus4ju22/jettison"/>
    <property name="file.separator" value="/"/>
    <property name="line.separator" value="&#10;"/>
    <property name="source.skip" value="true"/>
    <property name="java.vm.specification.vendor" value="Oracle Corporation"/>
    <property name="java.specification.name" value="Java Platform API Specification"/>
    <property name="java.awt.graphicsenv" value="sun.awt.X11GraphicsEnvironment"/>
    <property name="surefire.real.class.path" value="/tmp/tmpjus4ju22/jettison/target/surefire/surefirebooter6234408228706846121.jar"/>
    <property name="sun.boot.class.path" value="/usr/local/openjdk-8/jre/lib/resources.jar:/usr/local/openjdk-8/jre/lib/rt.jar:/usr/local/openjdk-8/jre/lib/sunrsasign.jar:/usr/local/openjdk-8/jre/lib/jsse.jar:/usr/local/openjdk-8/jre/lib/jce.jar:/usr/local/openjdk-8/jre/lib/charsets.jar:/usr/local/openjdk-8/jre/lib/jfr.jar:/usr/local/openjdk-8/jre/classes"/>
    <property name="sun.management.compiler" value="HotSpot 64-Bit Tiered Compilers"/>
    <property name="java.runtime.version" value="1.8.0_262-b10"/>
    <property name="user.name" value="jdbl"/>
    <property name="path.separator" value=":"/>
    <property name="os.version" value="4.15.0-109-generic"/>
    <property name="java.endorsed.dirs" value="/usr/local/openjdk-8/jre/lib/endorsed"/>
    <property name="java.runtime.name" value="OpenJDK Runtime Environment"/>
    <property name="file.encoding" value="UTF-8"/>
    <property name="java.vm.name" value="OpenJDK 64-Bit Server VM"/>
    <property name="localRepository" value="/home/jdbl/.m2/repository"/>
    <property name="java.vendor.url.bug" value="http://bugreport.sun.com/bugreport/"/>
    <property name="java.io.tmpdir" value="/tmp"/>
    <property name="java.version" value="1.8.0_262"/>
    <property name="user.dir" value="/tmp/tmpjus4ju22/jettison"/>
    <property name="os.arch" value="amd64"/>
    <property name="license.skip" value="true"/>
    <property name="animal.sniffer.skip" value="true"/>
    <property name="java.vm.specification.name" value="Java Virtual Machine Specification"/>
    <property name="java.awt.printerjob" value="sun.print.PSPrinterJob"/>
    <property name="sun.os.patch.level" value="unknown"/>
    <property name="java.library.path" value="/usr/java/packages/lib/amd64:/usr/lib64:/lib64:/lib:/usr/lib"/>
    <property name="java.vm.info" value="mixed mode"/>
    <property name="java.vendor" value="Oracle Corporation"/>
    <property name="java.vm.version" value="25.262-b10"/>
    <property name="java.ext.dirs" value="/usr/local/openjdk-8/jre/lib/ext:/usr/java/packages/lib/ext"/>
    <property name="sun.io.unicode.encoding" value="UnicodeLittle"/>
    <property name="java.class.version" value="52.0"/>
    <property name="maven.test.failure.ignore" value="true"/>
  </properties>
  <testcase name="testChild" classname="org.codehaus.jettison.mapped.MappedXMLStreamWriterTest" time="0"/>
  <testcase name="testIssue18Enh" classname="org.codehaus.jettison.mapped.MappedXMLStreamWriterTest" time="0"/>
  <testcase name="testIntAttribute" classname="org.codehaus.jettison.mapped.MappedXMLStreamWriterTest" time="0"/>
  <testcase name="testTwoChildren" classname="org.codehaus.jettison.mapped.MappedXMLStreamWriterTest" time="0"/>
  <testcase name="testConverter" classname="org.codehaus.jettison.mapped.MappedXMLStreamWriterTest" time="0"/>
  <testcase name="testText" classname="org.codehaus.jettison.mapped.MappedXMLStreamWriterTest" time="0.002"/>
  <testcase name="testRoot" classname="org.codehaus.jettison.mapped.MappedXMLStreamWriterTest" time="0"/>
  <testcase name="testChildDropElement4" classname="org.codehaus.jettison.mapped.MappedXMLStreamWriterTest" time="0"/>
  <testcase name="testTextEscapeForwardSlash" classname="org.codehaus.jettison.mapped.MappedXMLStreamWriterTest" time="0"/>
  <testcase name="testTextForwardSlash" classname="org.codehaus.jettison.mapped.MappedXMLStreamWriterTest" time="0.001"/>
  <testcase name="testTextForwardSlashWithLeftAngle" classname="org.codehaus.jettison.mapped.MappedXMLStreamWriterTest" time="0"/>
  <testcase name="testTextForwardSlashFirstChar" classname="org.codehaus.jettison.mapped.MappedXMLStreamWriterTest" time="0"/>
  <testcase name="testTextNullAsString" classname="org.codehaus.jettison.mapped.MappedXMLStreamWriterTest" time="0"/>
  <testcase name="testTextNullAsNull" classname="org.codehaus.jettison.mapped.MappedXMLStreamWriterTest" time="0.001"/>
  <testcase name="testIntAttributeAsString" classname="org.codehaus.jettison.mapped.MappedXMLStreamWriterTest" time="0"/>
  <testcase name="testAttributesWithAtSupressed" classname="org.codehaus.jettison.mapped.MappedXMLStreamWriterTest" time="0"/>
  <testcase name="testTwoChildrenWithSubChild" classname="org.codehaus.jettison.mapped.MappedXMLStreamWriterTest" time="0"/>
  <testcase name="testTwoChildrenWithSubChildWithText" classname="org.codehaus.jettison.mapped.MappedXMLStreamWriterTest" time="0"/>
  <testcase name="testNestedArrayOfChildrenWithComplexElements" classname="org.codehaus.jettison.mapped.MappedXMLStreamWriterTest" time="0"/>
  <testcase name="testArrayOfChildren" classname="org.codehaus.jettison.mapped.MappedXMLStreamWriterTest" time="0"/>
  <testcase name="testMixedArrayAndJSONObject" classname="org.codehaus.jettison.mapped.MappedXMLStreamWriterTest" time="0"/>
  <testcase name="testMixedArrayAndJSONObject2" classname="org.codehaus.jettison.mapped.MappedXMLStreamWriterTest" time="0.001"/>
  <testcase name="testComplexArrayOfChildren" classname="org.codehaus.jettison.mapped.MappedXMLStreamWriterTest" time="0"/>
  <testcase name="testNamespacedElements" classname="org.codehaus.jettison.mapped.MappedXMLStreamWriterTest" time="0"/>
  <testcase name="testPrimitiveTypes" classname="org.codehaus.jettison.mapped.MappedXMLStreamWriterTest" time="0"/>
  <testcase name="testPrimitiveInfinityNaN" classname="org.codehaus.jettison.mapped.MappedXMLStreamWriterTest" time="0.001"/>
  <testcase name="testSingleArrayElement" classname="org.codehaus.jettison.mapped.MappedXMLStreamWriterTest" time="0"/>
  <testcase name="testEmptySerializedArrayElement" classname="org.codehaus.jettison.mapped.MappedXMLStreamWriterTest" time="0.001"/>
  <testcase name="testNestedSerializedArrayElement" classname="org.codehaus.jettison.mapped.MappedXMLStreamWriterTest" time="0"/>
  <testcase name="testSingleArrayElementIgnore" classname="org.codehaus.jettison.mapped.MappedXMLStreamWriterTest" time="0"/>
  <testcase name="testArraysAndAttributes" classname="org.codehaus.jettison.mapped.MappedXMLStreamWriterTest" time="0"/>
  <testcase name="testArrayAsFirstInAnArray" classname="org.codehaus.jettison.mapped.MappedXMLStreamWriterTest" time="0"/>
  <testcase name="testChildClassPropertyNameSameAsParentObject" classname="org.codehaus.jettison.mapped.MappedXMLStreamWriterTest" time="0"/>
  <testcase name="testChildDropElement" classname="org.codehaus.jettison.mapped.MappedXMLStreamWriterTest" time="0"/>
  <testcase name="testChildDropElement2" classname="org.codehaus.jettison.mapped.MappedXMLStreamWriterTest" time="0"/>
  <testcase name="testChildDropElement3" classname="org.codehaus.jettison.mapped.MappedXMLStreamWriterTest" time="0"/>
  <testcase name="testMap" classname="org.codehaus.jettison.mapped.MappedXMLStreamWriterTest" time="0"/>
  <testcase name="testAttributes" classname="org.codehaus.jettison.mapped.MappedXMLStreamWriterTest" time="0"/>
  <testcase name="testNestedArrayOfChildren" classname="org.codehaus.jettison.mapped.MappedXMLStreamWriterTest" time="0.001"/>
  <testcase name="testAttributesAsElements" classname="org.codehaus.jettison.mapped.MappedXMLStreamWriterTest" time="0"/>
  <testcase name="testComplexElements" classname="org.codehaus.jettison.mapped.MappedXMLStreamWriterTest" time="0"/>
  <testcase name="testIgnoreComplexElements" classname="org.codehaus.jettison.mapped.MappedXMLStreamWriterTest" time="0"/>
  <testcase name="testAttributeKey" classname="org.codehaus.jettison.mapped.MappedXMLStreamWriterTest" time="0"/>
</testsuite>