<?xml version="1.0" encoding="UTF-8"?>
<testsuite name="org.apache.commons.cli.PosixParserTest" time="0.007" tests="58" errors="0" skipped="0" failures="0">
  <properties>
    <property name="java.runtime.name" value="OpenJDK Runtime Environment"/>
    <property name="sun.boot.library.path" value="/usr/local/openjdk-8/jre/lib/amd64"/>
    <property name="java.vm.version" value="25.262-b10"/>
    <property name="animal.sniffer.skip" value="true"/>
    <property name="java.vm.vendor" value="Oracle Corporation"/>
    <property name="maven.multiModuleProjectDirectory" value="/tmp/tmp83u5kwht/commons-cli"/>
    <property name="maven.javadoc.skip" value="true"/>
    <property name="java.vendor.url" value="http://java.oracle.com/"/>
    <property name="path.separator" value=":"/>
    <property name="guice.disable.misplaced.annotation.check" value="true"/>
    <property name="java.vm.name" value="OpenJDK 64-Bit Server VM"/>
    <property name="file.encoding.pkg" value="sun.io"/>
    <property name="sun.java.launcher" value="SUN_STANDARD"/>
    <property name="sun.os.patch.level" value="unknown"/>
    <property name="source.skip" value="true"/>
    <property name="java.vm.specification.name" value="Java Virtual Machine Specification"/>
    <property name="user.dir" value="/tmp/tmp83u5kwht/commons-cli"/>
    <property name="java.runtime.version" value="1.8.0_262-b10"/>
    <property name="java.awt.graphicsenv" value="sun.awt.X11GraphicsEnvironment"/>
    <property name="java.endorsed.dirs" value="/usr/local/openjdk-8/jre/lib/endorsed"/>
    <property name="os.arch" value="amd64"/>
    <property name="java.io.tmpdir" value="/tmp"/>
    <property name="line.separator" value="&#10;"/>
    <property name="java.vm.specification.vendor" value="Oracle Corporation"/>
    <property name="os.name" value="Linux"/>
    <property name="classworlds.conf" value="/usr/share/maven/bin/m2.conf"/>
    <property name="maven.test.error.ignore" value="true"/>
    <property name="sun.jnu.encoding" value="UTF-8"/>
    <property name="java.library.path" value="/usr/java/packages/lib/amd64:/usr/lib64:/lib64:/lib:/usr/lib"/>
    <property name="license.skip" value="true"/>
    <property name="maven.conf" value="/usr/share/maven/conf"/>
    <property name="java.specification.name" value="Java Platform API Specification"/>
    <property name="java.class.version" value="52.0"/>
    <property name="sun.management.compiler" value="HotSpot 64-Bit Tiered Compilers"/>
    <property name="maven.test.failure.ignore" value="true"/>
    <property name="os.version" value="4.15.0-109-generic"/>
    <property name="library.jansi.path" value="/usr/share/maven/lib/jansi-native"/>
    <property name="user.home" value="/home/jdbl"/>
    <property name="user.timezone" value="Etc/UTC"/>
    <property name="java.awt.printerjob" value="sun.print.PSPrinterJob"/>
    <property name="java.specification.version" value="1.8"/>
    <property name="file.encoding" value="UTF-8"/>
    <property name="user.name" value="jdbl"/>
    <property name="java.class.path" value="/usr/share/maven/boot/plexus-classworlds-2.6.0.jar"/>
    <property name="java.vm.specification.version" value="1.8"/>
    <property name="sun.arch.data.model" value="64"/>
    <property name="java.home" value="/usr/local/openjdk-8/jre"/>
    <property name="sun.java.command" value="org.codehaus.plexus.classworlds.launcher.Launcher package -e --fail-never -ntp -Dmaven.test.error.ignore=true -Dmaven.test.failure.ignore=true -B -Dmaven.javadoc.skip=true -Drat.skip=true -Danimal.sniffer.skip=true -Dmaven.javadoc.skip=true -Dlicense.skip=true -Dsource.skip=true"/>
    <property name="java.specification.vendor" value="Oracle Corporation"/>
    <property name="user.language" value="en"/>
    <property name="awt.toolkit" value="sun.awt.X11.XToolkit"/>
    <property name="java.vm.info" value="mixed mode"/>
    <property name="java.version" value="1.8.0_262"/>
    <property name="java.ext.dirs" value="/usr/local/openjdk-8/jre/lib/ext:/usr/java/packages/lib/ext"/>
    <property name="securerandom.source" value="file:/dev/./urandom"/>
    <property name="sun.boot.class.path" value="/usr/local/openjdk-8/jre/lib/resources.jar:/usr/local/openjdk-8/jre/lib/rt.jar:/usr/local/openjdk-8/jre/lib/sunrsasign.jar:/usr/local/openjdk-8/jre/lib/jsse.jar:/usr/local/openjdk-8/jre/lib/jce.jar:/usr/local/openjdk-8/jre/lib/charsets.jar:/usr/local/openjdk-8/jre/lib/jfr.jar:/usr/local/openjdk-8/jre/classes"/>
    <property name="java.vendor" value="Oracle Corporation"/>
    <property name="rat.skip" value="true"/>
    <property name="maven.home" value="/usr/share/maven"/>
    <property name="file.separator" value="/"/>
    <property name="java.vendor.url.bug" value="http://bugreport.sun.com/bugreport/"/>
    <property name="sun.cpu.endian" value="little"/>
    <property name="sun.io.unicode.encoding" value="UnicodeLittle"/>
    <property name="sun.cpu.isalist" value=""/>
  </properties>
  <testcase name="testSimpleLong" classname="org.apache.commons.cli.PosixParserTest" time="0"/>
  <testcase name="testSimpleShort" classname="org.apache.commons.cli.PosixParserTest" time="0.001"/>
  <testcase name="testStopBursting2" classname="org.apache.commons.cli.PosixParserTest" time="0"/>
  <testcase name="testMissingRequiredOption" classname="org.apache.commons.cli.PosixParserTest" time="0"/>
  <testcase name="testShortWithoutEqual" classname="org.apache.commons.cli.PosixParserTest" time="0"/>
  <testcase name="testReuseOptionsTwice" classname="org.apache.commons.cli.PosixParserTest" time="0"/>
  <testcase name="testMissingRequiredGroup" classname="org.apache.commons.cli.PosixParserTest" time="0"/>
  <testcase name="testOptionGroupLong" classname="org.apache.commons.cli.PosixParserTest" time="0"/>
  <testcase name="testAmbiguousLongWithoutEqualSingleDash" classname="org.apache.commons.cli.PosixParserTest" time="0"/>
  <testcase name="testMissingArgWithBursting" classname="org.apache.commons.cli.PosixParserTest" time="0"/>
  <testcase name="testMissingRequiredOptions" classname="org.apache.commons.cli.PosixParserTest" time="0"/>
  <testcase name="testShortWithUnexpectedArgument" classname="org.apache.commons.cli.PosixParserTest" time="0"/>
  <testcase name="testPropertyOverrideValues" classname="org.apache.commons.cli.PosixParserTest" time="0"/>
  <testcase name="testStopAtNonOptionLong" classname="org.apache.commons.cli.PosixParserTest" time="0"/>
  <testcase name="testNegativeArgument" classname="org.apache.commons.cli.PosixParserTest" time="0"/>
  <testcase name="testStopBursting" classname="org.apache.commons.cli.PosixParserTest" time="0"/>
  <testcase name="testStopAtUnexpectedArg" classname="org.apache.commons.cli.PosixParserTest" time="0"/>
  <testcase name="testPartialLongOptionSingleDash" classname="org.apache.commons.cli.PosixParserTest" time="0"/>
  <testcase name="testOptionGroup" classname="org.apache.commons.cli.PosixParserTest" time="0"/>
  <testcase name="testLongWithoutEqualDoubleDash" classname="org.apache.commons.cli.PosixParserTest" time="0"/>
  <testcase name="testLongWithoutEqualSingleDash" classname="org.apache.commons.cli.PosixParserTest" time="0"/>
  <testcase name="testPropertyOptionSingularValue" classname="org.apache.commons.cli.PosixParserTest" time="0.001"/>
  <testcase name="testPropertyOptionMultipleValues" classname="org.apache.commons.cli.PosixParserTest" time="0"/>
  <testcase name="testMissingArg" classname="org.apache.commons.cli.PosixParserTest" time="0"/>
  <testcase name="testPropertyOptionFlags" classname="org.apache.commons.cli.PosixParserTest" time="0"/>
  <testcase name="testPropertyOptionGroup" classname="org.apache.commons.cli.PosixParserTest" time="0.001"/>
  <testcase name="testUnrecognizedOptionWithBursting" classname="org.apache.commons.cli.PosixParserTest" time="0"/>
  <testcase name="testMultipleWithLong" classname="org.apache.commons.cli.PosixParserTest" time="0"/>
  <testcase name="testUnrecognizedOption" classname="org.apache.commons.cli.PosixParserTest" time="0"/>
  <testcase name="testBursting" classname="org.apache.commons.cli.PosixParserTest" time="0"/>
  <testcase name="testAmbiguousPartialLongOption1" classname="org.apache.commons.cli.PosixParserTest" time="0.001"/>
  <testcase name="testAmbiguousPartialLongOption2" classname="org.apache.commons.cli.PosixParserTest" time="0"/>
  <testcase name="testAmbiguousPartialLongOption3" classname="org.apache.commons.cli.PosixParserTest" time="0"/>
  <testcase name="testAmbiguousPartialLongOption4" classname="org.apache.commons.cli.PosixParserTest" time="0"/>
  <testcase name="testPropertyOptionUnexpected" classname="org.apache.commons.cli.PosixParserTest" time="0.001"/>
  <testcase name="testSingleDash" classname="org.apache.commons.cli.PosixParserTest" time="0"/>
  <testcase name="testShortWithEqual" classname="org.apache.commons.cli.PosixParserTest" time="0"/>
  <testcase name="testWithRequiredOption" classname="org.apache.commons.cli.PosixParserTest" time="0"/>
  <testcase name="testUnlimitedArgs" classname="org.apache.commons.cli.PosixParserTest" time="0.001"/>
  <testcase name="testNegativeOption" classname="org.apache.commons.cli.PosixParserTest" time="0"/>
  <testcase name="testPropertyOptionRequired" classname="org.apache.commons.cli.PosixParserTest" time="0"/>
  <testcase name="testOptionAndRequiredOption" classname="org.apache.commons.cli.PosixParserTest" time="0"/>
  <testcase name="testLongWithEqualDoubleDash" classname="org.apache.commons.cli.PosixParserTest" time="0"/>
  <testcase name="testLongWithUnexpectedArgument1" classname="org.apache.commons.cli.PosixParserTest" time="0"/>
  <testcase name="testLongWithUnexpectedArgument2" classname="org.apache.commons.cli.PosixParserTest" time="0"/>
  <testcase name="testStopAtNonOptionShort" classname="org.apache.commons.cli.PosixParserTest" time="0"/>
  <testcase name="testLongWithEqualSingleDash" classname="org.apache.commons.cli.PosixParserTest" time="0"/>
  <testcase name="testUnambiguousPartialLongOption1" classname="org.apache.commons.cli.PosixParserTest" time="0"/>
  <testcase name="testUnambiguousPartialLongOption2" classname="org.apache.commons.cli.PosixParserTest" time="0"/>
  <testcase name="testUnambiguousPartialLongOption3" classname="org.apache.commons.cli.PosixParserTest" time="0"/>
  <testcase name="testUnambiguousPartialLongOption4" classname="org.apache.commons.cli.PosixParserTest" time="0"/>
  <testcase name="testMultiple" classname="org.apache.commons.cli.PosixParserTest" time="0"/>
  <testcase name="testArgumentStartingWithHyphen" classname="org.apache.commons.cli.PosixParserTest" time="0"/>
  <testcase name="testPropertiesOption1" classname="org.apache.commons.cli.PosixParserTest" time="0.001"/>
  <testcase name="testPropertiesOption2" classname="org.apache.commons.cli.PosixParserTest" time="0"/>
  <testcase name="testDoubleDash1" classname="org.apache.commons.cli.PosixParserTest" time="0"/>
  <testcase name="testDoubleDash2" classname="org.apache.commons.cli.PosixParserTest" time="0"/>
  <testcase name="testStopAtExpectedArg" classname="org.apache.commons.cli.PosixParserTest" time="0"/>
</testsuite>