<?xml version="1.0" encoding="UTF-8"?>
<testsuite xmlns:xsi="http://www.w3.org/2001/XMLSchema-instance" xsi:schemaLocation="https://maven.apache.org/surefire/maven-surefire-plugin/xsd/surefire-test-report.xsd" name="com.cflint.TestCFBugs_VarScoper_TagAttr" time="12.999" tests="60" errors="0" skipped="0" failures="0">
  <properties>
    <property name="java.runtime.name" value="OpenJDK Runtime Environment"/>
    <property name="sun.boot.library.path" value="/usr/local/openjdk-8/jre/lib/amd64"/>
    <property name="java.vm.version" value="25.262-b10"/>
    <property name="animal.sniffer.skip" value="true"/>
    <property name="java.vm.vendor" value="Oracle Corporation"/>
    <property name="maven.multiModuleProjectDirectory" value="/tmp/tmpk09ou64p/CFLint"/>
    <property name="maven.javadoc.skip" value="true"/>
    <property name="java.vendor.url" value="http://java.oracle.com/"/>
    <property name="path.separator" value=":"/>
    <property name="guice.disable.misplaced.annotation.check" value="true"/>
    <property name="java.vm.name" value="OpenJDK 64-Bit Server VM"/>
    <property name="file.encoding.pkg" value="sun.io"/>
    <property name="sun.java.launcher" value="SUN_STANDARD"/>
    <property name="sun.os.patch.level" value="unknown"/>
    <property name="source.skip" value="true"/>
    <property name="java.vm.specification.name" value="Java Virtual Machine Specification"/>
    <property name="user.dir" value="/tmp/tmpk09ou64p/CFLint"/>
    <property name="java.runtime.version" value="1.8.0_262-b10"/>
    <property name="java.awt.graphicsenv" value="sun.awt.X11GraphicsEnvironment"/>
    <property name="java.endorsed.dirs" value="/usr/local/openjdk-8/jre/lib/endorsed"/>
    <property name="os.arch" value="amd64"/>
    <property name="java.io.tmpdir" value="/tmp"/>
    <property name="line.separator" value="&#10;"/>
    <property name="java.vm.specification.vendor" value="Oracle Corporation"/>
    <property name="os.name" value="Linux"/>
    <property name="classworlds.conf" value="/usr/share/maven/bin/m2.conf"/>
    <property name="sun.jnu.encoding" value="UTF-8"/>
    <property name="java.library.path" value="/usr/java/packages/lib/amd64:/usr/lib64:/lib64:/lib:/usr/lib"/>
    <property name="license.skip" value="true"/>
    <property name="maven.conf" value="/usr/share/maven/conf"/>
    <property name="java.specification.name" value="Java Platform API Specification"/>
    <property name="java.class.version" value="52.0"/>
    <property name="sun.management.compiler" value="HotSpot 64-Bit Tiered Compilers"/>
    <property name="maven.test.failure.ignore" value="true"/>
    <property name="os.version" value="4.15.0-109-generic"/>
    <property name="library.jansi.path" value="/usr/share/maven/lib/jansi-native"/>
    <property name="user.home" value="/home/jdbl"/>
    <property name="user.timezone" value="Etc/UTC"/>
    <property name="java.awt.printerjob" value="sun.print.PSPrinterJob"/>
    <property name="java.specification.version" value="1.8"/>
    <property name="file.encoding" value="UTF-8"/>
    <property name="user.name" value="jdbl"/>
    <property name="java.class.path" value="/usr/share/maven/boot/plexus-classworlds-2.6.0.jar"/>
    <property name="java.vm.specification.version" value="1.8"/>
    <property name="sun.arch.data.model" value="64"/>
    <property name="java.home" value="/usr/local/openjdk-8/jre"/>
    <property name="sun.java.command" value="org.codehaus.plexus.classworlds.launcher.Launcher test -e --fail-never -ntp -Dmaven.test.failure.ignore=true -B -Dmaven.javadoc.skip=true -Drat.skip=true -Danimal.sniffer.skip=true -Dmaven.javadoc.skip=true -Dlicense.skip=true -Dsource.skip=true"/>
    <property name="java.specification.vendor" value="Oracle Corporation"/>
    <property name="user.language" value="en"/>
    <property name="awt.toolkit" value="sun.awt.X11.XToolkit"/>
    <property name="java.vm.info" value="mixed mode"/>
    <property name="java.version" value="1.8.0_262"/>
    <property name="java.ext.dirs" value="/usr/local/openjdk-8/jre/lib/ext:/usr/java/packages/lib/ext"/>
    <property name="securerandom.source" value="file:/dev/./urandom"/>
    <property name="sun.boot.class.path" value="/usr/local/openjdk-8/jre/lib/resources.jar:/usr/local/openjdk-8/jre/lib/rt.jar:/usr/local/openjdk-8/jre/lib/sunrsasign.jar:/usr/local/openjdk-8/jre/lib/jsse.jar:/usr/local/openjdk-8/jre/lib/jce.jar:/usr/local/openjdk-8/jre/lib/charsets.jar:/usr/local/openjdk-8/jre/lib/jfr.jar:/usr/local/openjdk-8/jre/classes"/>
    <property name="java.vendor" value="Oracle Corporation"/>
    <property name="rat.skip" value="true"/>
    <property name="maven.home" value="/usr/share/maven"/>
    <property name="file.separator" value="/"/>
    <property name="java.vendor.url.bug" value="http://bugreport.sun.com/bugreport/"/>
    <property name="sun.cpu.endian" value="little"/>
    <property name="sun.io.unicode.encoding" value="UnicodeLittle"/>
    <property name="sun.cpu.isalist" value=""/>
  </properties>
  <testcase name="testVarrd[CFExecute]" classname="com.cflint.TestCFBugs_VarScoper_TagAttr" time="0.185"/>
  <testcase name="testUnvarrd[CFExecute]" classname="com.cflint.TestCFBugs_VarScoper_TagAttr" time="0.147"/>
  <testcase name="testDotVarrd[CFExecute]" classname="com.cflint.TestCFBugs_VarScoper_TagAttr" time="0.263"/>
  <testcase name="testVarrd[CFFeed]" classname="com.cflint.TestCFBugs_VarScoper_TagAttr" time="0.151"/>
  <testcase name="testUnvarrd[CFFeed]" classname="com.cflint.TestCFBugs_VarScoper_TagAttr" time="0.21"/>
  <testcase name="testDotVarrd[CFFeed]" classname="com.cflint.TestCFBugs_VarScoper_TagAttr" time="0.233"/>
  <testcase name="testVarrd[CFFile]" classname="com.cflint.TestCFBugs_VarScoper_TagAttr" time="0.129"/>
  <testcase name="testVarrd[CFFile]" classname="com.cflint.TestCFBugs_VarScoper_TagAttr" time="0.183"/>
  <testcase name="testUnvarrd[CFFile]" classname="com.cflint.TestCFBugs_VarScoper_TagAttr" time="0.152"/>
  <testcase name="testUnvarrd[CFFile]" classname="com.cflint.TestCFBugs_VarScoper_TagAttr" time="0.156"/>
  <testcase name="testDotVarrd[CFFile]" classname="com.cflint.TestCFBugs_VarScoper_TagAttr" time="0.221"/>
  <testcase name="testDotVarrd[CFFile]" classname="com.cflint.TestCFBugs_VarScoper_TagAttr" time="0.36"/>
  <testcase name="testVarrd[CFFtp]" classname="com.cflint.TestCFBugs_VarScoper_TagAttr" time="0.148"/>
  <testcase name="testUnvarrd[CFFtp]" classname="com.cflint.TestCFBugs_VarScoper_TagAttr" time="0.193"/>
  <testcase name="testDotVarrd[CFFtp]" classname="com.cflint.TestCFBugs_VarScoper_TagAttr" time="0.289"/>
  <testcase name="testVarrd[CFHttp]" classname="com.cflint.TestCFBugs_VarScoper_TagAttr" time="0.152"/>
  <testcase name="testUnvarrd[CFHttp]" classname="com.cflint.TestCFBugs_VarScoper_TagAttr" time="0.222"/>
  <testcase name="testDotVarrd[CFHttp]" classname="com.cflint.TestCFBugs_VarScoper_TagAttr" time="0.211"/>
  <testcase name="testVarrd[CFImage]" classname="com.cflint.TestCFBugs_VarScoper_TagAttr" time="0.19"/>
  <testcase name="testUnvarrd[CFImage]" classname="com.cflint.TestCFBugs_VarScoper_TagAttr" time="0.148"/>
  <testcase name="testDotVarrd[CFImage]" classname="com.cflint.TestCFBugs_VarScoper_TagAttr" time="0.244"/>
  <testcase name="testVarrd[CFInvoke]" classname="com.cflint.TestCFBugs_VarScoper_TagAttr" time="0.187"/>
  <testcase name="testUnvarrd[CFInvoke]" classname="com.cflint.TestCFBugs_VarScoper_TagAttr" time="0.157"/>
  <testcase name="testDotVarrd[CFInvoke]" classname="com.cflint.TestCFBugs_VarScoper_TagAttr" time="0.283"/>
  <testcase name="testVarrd[CFLoop]" classname="com.cflint.TestCFBugs_VarScoper_TagAttr" time="0.146"/>
  <testcase name="testVarrd[CFLoop]" classname="com.cflint.TestCFBugs_VarScoper_TagAttr" time="0.142"/>
  <testcase name="testUnvarrd[CFLoop]" classname="com.cflint.TestCFBugs_VarScoper_TagAttr" time="0.265"/>
  <testcase name="testUnvarrd[CFLoop]" classname="com.cflint.TestCFBugs_VarScoper_TagAttr" time="0.388"/>
  <testcase name="testDotVarrd[CFLoop]" classname="com.cflint.TestCFBugs_VarScoper_TagAttr" time="0.249"/>
  <testcase name="testDotVarrd[CFLoop]" classname="com.cflint.TestCFBugs_VarScoper_TagAttr" time="0.251"/>
  <testcase name="testVarrd[CFNtAuthenticate]" classname="com.cflint.TestCFBugs_VarScoper_TagAttr" time="0.201"/>
  <testcase name="testUnvarrd[CFNtAuthenticate]" classname="com.cflint.TestCFBugs_VarScoper_TagAttr" time="0.192"/>
  <testcase name="testDotVarrd[CFNtAuthenticate]" classname="com.cflint.TestCFBugs_VarScoper_TagAttr" time="0.351"/>
  <testcase name="testVarrd[CFProcParam]" classname="com.cflint.TestCFBugs_VarScoper_TagAttr" time="0.17"/>
  <testcase name="testUnvarrd[CFProcParam]" classname="com.cflint.TestCFBugs_VarScoper_TagAttr" time="0.187"/>
  <testcase name="testDotVarrd[CFProcParam]" classname="com.cflint.TestCFBugs_VarScoper_TagAttr" time="0.349"/>
  <testcase name="testVarrd[CFQuery]" classname="com.cflint.TestCFBugs_VarScoper_TagAttr" time="0.152"/>
  <testcase name="testUnvarrd[CFQuery]" classname="com.cflint.TestCFBugs_VarScoper_TagAttr" time="0.219"/>
  <testcase name="testDotVarrd[CFQuery]" classname="com.cflint.TestCFBugs_VarScoper_TagAttr" time="0.263"/>
  <testcase name="testVarrd[CFRegistry]" classname="com.cflint.TestCFBugs_VarScoper_TagAttr" time="0.185"/>
  <testcase name="testUnvarrd[CFRegistry]" classname="com.cflint.TestCFBugs_VarScoper_TagAttr" time="0.363"/>
  <testcase name="testDotVarrd[CFRegistry]" classname="com.cflint.TestCFBugs_VarScoper_TagAttr" time="0.249"/>
  <testcase name="testVarrd[CFSavecontent]" classname="com.cflint.TestCFBugs_VarScoper_TagAttr" time="0.243"/>
  <testcase name="testUnvarrd[CFSavecontent]" classname="com.cflint.TestCFBugs_VarScoper_TagAttr" time="0.154"/>
  <testcase name="testDotVarrd[CFSavecontent]" classname="com.cflint.TestCFBugs_VarScoper_TagAttr" time="0.294"/>
  <testcase name="testVarrd[CFSpreadsheet]" classname="com.cflint.TestCFBugs_VarScoper_TagAttr" time="0.218"/>
  <testcase name="testUnvarrd[CFSpreadsheet]" classname="com.cflint.TestCFBugs_VarScoper_TagAttr" time="0.146"/>
  <testcase name="testDotVarrd[CFSpreadsheet]" classname="com.cflint.TestCFBugs_VarScoper_TagAttr" time="0.371"/>
  <testcase name="testVarrd[CFStoredProc]" classname="com.cflint.TestCFBugs_VarScoper_TagAttr" time="0.165"/>
  <testcase name="testUnvarrd[CFStoredProc]" classname="com.cflint.TestCFBugs_VarScoper_TagAttr" time="0.204"/>
  <testcase name="testDotVarrd[CFStoredProc]" classname="com.cflint.TestCFBugs_VarScoper_TagAttr" time="0.272"/>
  <testcase name="testVarrd[CFWddx]" classname="com.cflint.TestCFBugs_VarScoper_TagAttr" time="0.167"/>
  <testcase name="testUnvarrd[CFWddx]" classname="com.cflint.TestCFBugs_VarScoper_TagAttr" time="0.187"/>
  <testcase name="testDotVarrd[CFWddx]" classname="com.cflint.TestCFBugs_VarScoper_TagAttr" time="0.202"/>
  <testcase name="testVarrd[CFXml]" classname="com.cflint.TestCFBugs_VarScoper_TagAttr" time="0.181"/>
  <testcase name="testUnvarrd[CFXml]" classname="com.cflint.TestCFBugs_VarScoper_TagAttr" time="0.159"/>
  <testcase name="testDotVarrd[CFXml]" classname="com.cflint.TestCFBugs_VarScoper_TagAttr" time="0.239"/>
  <testcase name="testVarrd[CFZip]" classname="com.cflint.TestCFBugs_VarScoper_TagAttr" time="0.183"/>
  <testcase name="testUnvarrd[CFZip]" classname="com.cflint.TestCFBugs_VarScoper_TagAttr" time="0.146"/>
  <testcase name="testDotVarrd[CFZip]" classname="com.cflint.TestCFBugs_VarScoper_TagAttr" time="0.291"/>
</testsuite>