<?xml version="1.0" encoding="UTF-8"?>
<testsuite xmlns:xsi="http://www.w3.org/2001/XMLSchema-instance" xsi:schemaLocation="https://maven.apache.org/surefire/maven-surefire-plugin/xsd/surefire-test-report.xsd" name="com.cflint.TestCFBugs_VarScoper_Names" time="18.252" tests="48" errors="0" skipped="0" failures="0">
  <properties>
    <property name="java.runtime.name" value="OpenJDK Runtime Environment"/>
    <property name="sun.boot.library.path" value="/usr/local/openjdk-8/jre/lib/amd64"/>
    <property name="java.vm.version" value="25.262-b10"/>
    <property name="animal.sniffer.skip" value="true"/>
    <property name="java.vm.vendor" value="Oracle Corporation"/>
    <property name="maven.multiModuleProjectDirectory" value="/tmp/tmpk09ou64p/CFLint"/>
    <property name="maven.javadoc.skip" value="true"/>
    <property name="java.vendor.url" value="http://java.oracle.com/"/>
    <property name="path.separator" value=":"/>
    <property name="guice.disable.misplaced.annotation.check" value="true"/>
    <property name="java.vm.name" value="OpenJDK 64-Bit Server VM"/>
    <property name="file.encoding.pkg" value="sun.io"/>
    <property name="sun.java.launcher" value="SUN_STANDARD"/>
    <property name="sun.os.patch.level" value="unknown"/>
    <property name="source.skip" value="true"/>
    <property name="java.vm.specification.name" value="Java Virtual Machine Specification"/>
    <property name="user.dir" value="/tmp/tmpk09ou64p/CFLint"/>
    <property name="java.runtime.version" value="1.8.0_262-b10"/>
    <property name="java.awt.graphicsenv" value="sun.awt.X11GraphicsEnvironment"/>
    <property name="java.endorsed.dirs" value="/usr/local/openjdk-8/jre/lib/endorsed"/>
    <property name="os.arch" value="amd64"/>
    <property name="java.io.tmpdir" value="/tmp"/>
    <property name="line.separator" value="&#10;"/>
    <property name="java.vm.specification.vendor" value="Oracle Corporation"/>
    <property name="os.name" value="Linux"/>
    <property name="classworlds.conf" value="/usr/share/maven/bin/m2.conf"/>
    <property name="sun.jnu.encoding" value="UTF-8"/>
    <property name="java.library.path" value="/usr/java/packages/lib/amd64:/usr/lib64:/lib64:/lib:/usr/lib"/>
    <property name="license.skip" value="true"/>
    <property name="maven.conf" value="/usr/share/maven/conf"/>
    <property name="java.specification.name" value="Java Platform API Specification"/>
    <property name="java.class.version" value="52.0"/>
    <property name="sun.management.compiler" value="HotSpot 64-Bit Tiered Compilers"/>
    <property name="maven.test.failure.ignore" value="true"/>
    <property name="os.version" value="4.15.0-109-generic"/>
    <property name="library.jansi.path" value="/usr/share/maven/lib/jansi-native"/>
    <property name="user.home" value="/home/jdbl"/>
    <property name="user.timezone" value="Etc/UTC"/>
    <property name="java.awt.printerjob" value="sun.print.PSPrinterJob"/>
    <property name="java.specification.version" value="1.8"/>
    <property name="file.encoding" value="UTF-8"/>
    <property name="user.name" value="jdbl"/>
    <property name="java.class.path" value="/usr/share/maven/boot/plexus-classworlds-2.6.0.jar"/>
    <property name="java.vm.specification.version" value="1.8"/>
    <property name="sun.arch.data.model" value="64"/>
    <property name="java.home" value="/usr/local/openjdk-8/jre"/>
    <property name="sun.java.command" value="org.codehaus.plexus.classworlds.launcher.Launcher test -e --fail-never -ntp -Dmaven.test.failure.ignore=true -B -Dmaven.javadoc.skip=true -Drat.skip=true -Danimal.sniffer.skip=true -Dmaven.javadoc.skip=true -Dlicense.skip=true -Dsource.skip=true"/>
    <property name="java.specification.vendor" value="Oracle Corporation"/>
    <property name="user.language" value="en"/>
    <property name="awt.toolkit" value="sun.awt.X11.XToolkit"/>
    <property name="java.vm.info" value="mixed mode"/>
    <property name="java.version" value="1.8.0_262"/>
    <property name="java.ext.dirs" value="/usr/local/openjdk-8/jre/lib/ext:/usr/java/packages/lib/ext"/>
    <property name="securerandom.source" value="file:/dev/./urandom"/>
    <property name="sun.boot.class.path" value="/usr/local/openjdk-8/jre/lib/resources.jar:/usr/local/openjdk-8/jre/lib/rt.jar:/usr/local/openjdk-8/jre/lib/sunrsasign.jar:/usr/local/openjdk-8/jre/lib/jsse.jar:/usr/local/openjdk-8/jre/lib/jce.jar:/usr/local/openjdk-8/jre/lib/charsets.jar:/usr/local/openjdk-8/jre/lib/jfr.jar:/usr/local/openjdk-8/jre/classes"/>
    <property name="java.vendor" value="Oracle Corporation"/>
    <property name="rat.skip" value="true"/>
    <property name="maven.home" value="/usr/share/maven"/>
    <property name="file.separator" value="/"/>
    <property name="java.vendor.url.bug" value="http://bugreport.sun.com/bugreport/"/>
    <property name="sun.cpu.endian" value="little"/>
    <property name="sun.io.unicode.encoding" value="UnicodeLittle"/>
    <property name="sun.cpu.isalist" value=""/>
  </properties>
  <testcase name="testScope_Name_Vard[CFQuery]" classname="com.cflint.TestCFBugs_VarScoper_Names" time="5.771"/>
  <testcase name="testScope_Name[CFQuery]" classname="com.cflint.TestCFBugs_VarScoper_Names" time="0.582"/>
  <testcase name="testScope_Name_Vard[CFFeed]" classname="com.cflint.TestCFBugs_VarScoper_Names" time="0.606"/>
  <testcase name="testScope_Name[CFFeed]" classname="com.cflint.TestCFBugs_VarScoper_Names" time="0.236"/>
  <testcase name="testScope_Name_Vard[CFHttp]" classname="com.cflint.TestCFBugs_VarScoper_Names" time="0.316"/>
  <testcase name="testScope_Name[CFHttp]" classname="com.cflint.TestCFBugs_VarScoper_Names" time="0.337"/>
  <testcase name="testScope_Name_Vard[CFDirectory]" classname="com.cflint.TestCFBugs_VarScoper_Names" time="0.439"/>
  <testcase name="testScope_Name[CFDirectory]" classname="com.cflint.TestCFBugs_VarScoper_Names" time="0.336"/>
  <testcase name="testScope_Name_Vard[CFForm]" classname="com.cflint.TestCFBugs_VarScoper_Names" time="0.297"/>
  <testcase name="testScope_Name[CFForm]" classname="com.cflint.TestCFBugs_VarScoper_Names" time="0.16"/>
  <testcase name="testScope_Name_Vard[CFFtp]" classname="com.cflint.TestCFBugs_VarScoper_Names" time="0.253"/>
  <testcase name="testScope_Name[CFFtp]" classname="com.cflint.TestCFBugs_VarScoper_Names" time="0.247"/>
  <testcase name="testScope_Name_Vard[CFObject]" classname="com.cflint.TestCFBugs_VarScoper_Names" time="0.27"/>
  <testcase name="testScope_Name[CFObject]" classname="com.cflint.TestCFBugs_VarScoper_Names" time="0.169"/>
  <testcase name="testScope_Name_Vard[CFSearch]" classname="com.cflint.TestCFBugs_VarScoper_Names" time="0.249"/>
  <testcase name="testScope_Name[CFSearch]" classname="com.cflint.TestCFBugs_VarScoper_Names" time="0.19"/>
  <testcase name="testScope_Name_Vard[CFProcResult]" classname="com.cflint.TestCFBugs_VarScoper_Names" time="0.276"/>
  <testcase name="testScope_Name[CFProcResult]" classname="com.cflint.TestCFBugs_VarScoper_Names" time="0.196"/>
  <testcase name="testScope_Name_Vard[CFPop]" classname="com.cflint.TestCFBugs_VarScoper_Names" time="0.32"/>
  <testcase name="testScope_Name[CFPop]" classname="com.cflint.TestCFBugs_VarScoper_Names" time="0.221"/>
  <testcase name="testScope_Name_Vard[CFRegistry]" classname="com.cflint.TestCFBugs_VarScoper_Names" time="0.295"/>
  <testcase name="testScope_Name[CFRegistry]" classname="com.cflint.TestCFBugs_VarScoper_Names" time="0.18"/>
  <testcase name="testScope_Name_Vard[CFReport]" classname="com.cflint.TestCFBugs_VarScoper_Names" time="0.269"/>
  <testcase name="testScope_Name[CFReport]" classname="com.cflint.TestCFBugs_VarScoper_Names" time="0.166"/>
  <testcase name="testScope_Name_Vard[CFDBInfo]" classname="com.cflint.TestCFBugs_VarScoper_Names" time="0.307"/>
  <testcase name="testScope_Name[CFDBInfo]" classname="com.cflint.TestCFBugs_VarScoper_Names" time="0.175"/>
  <testcase name="testScope_Name_Vard[CFDocument]" classname="com.cflint.TestCFBugs_VarScoper_Names" time="0.349"/>
  <testcase name="testScope_Name[CFDocument]" classname="com.cflint.TestCFBugs_VarScoper_Names" time="0.151"/>
  <testcase name="testScope_Name_Vard[CFCollection]" classname="com.cflint.TestCFBugs_VarScoper_Names" time="0.229"/>
  <testcase name="testScope_Name[CFCollection]" classname="com.cflint.TestCFBugs_VarScoper_Names" time="0.155"/>
  <testcase name="testScope_Name_Vard[CFPdf]" classname="com.cflint.TestCFBugs_VarScoper_Names" time="0.278"/>
  <testcase name="testScope_Name[CFPdf]" classname="com.cflint.TestCFBugs_VarScoper_Names" time="0.225"/>
  <testcase name="testScope_Name_Vard[CFZip]" classname="com.cflint.TestCFBugs_VarScoper_Names" time="0.269"/>
  <testcase name="testScope_Name[CFZip]" classname="com.cflint.TestCFBugs_VarScoper_Names" time="0.141"/>
  <testcase name="testScope_Name_Vard[CFLdap]" classname="com.cflint.TestCFBugs_VarScoper_Names" time="0.223"/>
  <testcase name="testScope_Name[CFLdap]" classname="com.cflint.TestCFBugs_VarScoper_Names" time="0.194"/>
  <testcase name="testScope_Name_Vard[CFChart]" classname="com.cflint.TestCFBugs_VarScoper_Names" time="0.35"/>
  <testcase name="testScope_Name[CFChart]" classname="com.cflint.TestCFBugs_VarScoper_Names" time="0.205"/>
  <testcase name="testScope_Name_Vard[CFHtmlToPdf]" classname="com.cflint.TestCFBugs_VarScoper_Names" time="0.309"/>
  <testcase name="testScope_Name[CFHtmlToPdf]" classname="com.cflint.TestCFBugs_VarScoper_Names" time="0.172"/>
  <testcase name="testScope_Name_Vard[CFImage]" classname="com.cflint.TestCFBugs_VarScoper_Names" time="0.237"/>
  <testcase name="testScope_Name[CFImage]" classname="com.cflint.TestCFBugs_VarScoper_Names" time="0.189"/>
  <testcase name="testScope_Name_Vard[CFImap]" classname="com.cflint.TestCFBugs_VarScoper_Names" time="0.24"/>
  <testcase name="testScope_Name[CFImap]" classname="com.cflint.TestCFBugs_VarScoper_Names" time="0.164"/>
  <testcase name="testScope_Name_Vard[CFSharepoint]" classname="com.cflint.TestCFBugs_VarScoper_Names" time="0.336"/>
  <testcase name="testScope_Name[CFSharepoint]" classname="com.cflint.TestCFBugs_VarScoper_Names" time="0.2"/>
  <testcase name="testScope_Name_Vard[CFSpreadsheet]" classname="com.cflint.TestCFBugs_VarScoper_Names" time="0.385"/>
  <testcase name="testScope_Name[CFSpreadsheet]" classname="com.cflint.TestCFBugs_VarScoper_Names" time="0.195"/>
</testsuite>