<?xml version="1.0" encoding="UTF-8"?>
<testsuite xmlns:xsi="http://www.w3.org/2001/XMLSchema-instance" xsi:schemaLocation="https://maven.apache.org/surefire/maven-surefire-plugin/xsd/surefire-test-report.xsd" name="net.openhft.chronicle.map.CHMUseCasesTest" time="12.495" tests="90" errors="0" skipped="0" failures="0">
  <properties>
    <property name="java.runtime.name" value="OpenJDK Runtime Environment"/>
    <property name="sun.boot.library.path" value="/usr/local/openjdk-8/jre/lib/amd64"/>
    <property name="java.vm.version" value="25.262-b10"/>
    <property name="animal.sniffer.skip" value="true"/>
    <property name="java.vm.vendor" value="Oracle Corporation"/>
    <property name="maven.multiModuleProjectDirectory" value="/tmp/tmp__caqqno/Chronicle-Map"/>
    <property name="maven.javadoc.skip" value="true"/>
    <property name="java.vendor.url" value="http://java.oracle.com/"/>
    <property name="path.separator" value=":"/>
    <property name="guice.disable.misplaced.annotation.check" value="true"/>
    <property name="java.vm.name" value="OpenJDK 64-Bit Server VM"/>
    <property name="file.encoding.pkg" value="sun.io"/>
    <property name="sun.java.launcher" value="SUN_STANDARD"/>
    <property name="sun.os.patch.level" value="unknown"/>
    <property name="source.skip" value="true"/>
    <property name="java.vm.specification.name" value="Java Virtual Machine Specification"/>
    <property name="user.dir" value="/tmp/tmp__caqqno/Chronicle-Map"/>
    <property name="java.runtime.version" value="1.8.0_262-b10"/>
    <property name="java.awt.graphicsenv" value="sun.awt.X11GraphicsEnvironment"/>
    <property name="java.endorsed.dirs" value="/usr/local/openjdk-8/jre/lib/endorsed"/>
    <property name="os.arch" value="amd64"/>
    <property name="java.io.tmpdir" value="/tmp"/>
    <property name="line.separator" value="&#10;"/>
    <property name="java.vm.specification.vendor" value="Oracle Corporation"/>
    <property name="os.name" value="Linux"/>
    <property name="classworlds.conf" value="/usr/share/maven/bin/m2.conf"/>
    <property name="sun.jnu.encoding" value="UTF-8"/>
    <property name="java.library.path" value="/usr/java/packages/lib/amd64:/usr/lib64:/lib64:/lib:/usr/lib"/>
    <property name="license.skip" value="true"/>
    <property name="maven.conf" value="/usr/share/maven/conf"/>
    <property name="java.specification.name" value="Java Platform API Specification"/>
    <property name="java.class.version" value="52.0"/>
    <property name="sun.management.compiler" value="HotSpot 64-Bit Tiered Compilers"/>
    <property name="maven.test.failure.ignore" value="true"/>
    <property name="os.version" value="4.15.0-109-generic"/>
    <property name="library.jansi.path" value="/usr/share/maven/lib/jansi-native"/>
    <property name="user.home" value="/home/jdbl"/>
    <property name="user.timezone" value="Etc/UTC"/>
    <property name="java.awt.printerjob" value="sun.print.PSPrinterJob"/>
    <property name="java.specification.version" value="1.8"/>
    <property name="file.encoding" value="UTF-8"/>
    <property name="user.name" value="jdbl"/>
    <property name="java.class.path" value="/usr/share/maven/boot/plexus-classworlds-2.6.0.jar"/>
    <property name="java.vm.specification.version" value="1.8"/>
    <property name="sun.arch.data.model" value="64"/>
    <property name="java.home" value="/usr/local/openjdk-8/jre"/>
    <property name="sun.java.command" value="org.codehaus.plexus.classworlds.launcher.Launcher test -e --fail-never -ntp -Dmaven.test.failure.ignore=true -B -Dmaven.javadoc.skip=true -Drat.skip=true -Danimal.sniffer.skip=true -Dmaven.javadoc.skip=true -Dlicense.skip=true -Dsource.skip=true"/>
    <property name="java.specification.vendor" value="Oracle Corporation"/>
    <property name="user.language" value="en"/>
    <property name="awt.toolkit" value="sun.awt.X11.XToolkit"/>
    <property name="java.vm.info" value="mixed mode"/>
    <property name="java.version" value="1.8.0_262"/>
    <property name="java.ext.dirs" value="/usr/local/openjdk-8/jre/lib/ext:/usr/java/packages/lib/ext"/>
    <property name="securerandom.source" value="file:/dev/./urandom"/>
    <property name="sun.boot.class.path" value="/usr/local/openjdk-8/jre/lib/resources.jar:/usr/local/openjdk-8/jre/lib/rt.jar:/usr/local/openjdk-8/jre/lib/sunrsasign.jar:/usr/local/openjdk-8/jre/lib/jsse.jar:/usr/local/openjdk-8/jre/lib/jce.jar:/usr/local/openjdk-8/jre/lib/charsets.jar:/usr/local/openjdk-8/jre/lib/jfr.jar:/usr/local/openjdk-8/jre/classes"/>
    <property name="java.vendor" value="Oracle Corporation"/>
    <property name="rat.skip" value="true"/>
    <property name="maven.home" value="/usr/share/maven"/>
    <property name="file.separator" value="/"/>
    <property name="java.vendor.url.bug" value="http://bugreport.sun.com/bugreport/"/>
    <property name="sun.cpu.endian" value="little"/>
    <property name="sun.io.unicode.encoding" value="UnicodeLittle"/>
    <property name="sun.cpu.isalist" value=""/>
  </properties>
  <testcase name="testAcquireUsingWithIntValueKeyStringBuilderValue[0]" classname="net.openhft.chronicle.map.CHMUseCasesTest" time="0.28"/>
  <testcase name="testAcquireUsingWithIntValueKey[0]" classname="net.openhft.chronicle.map.CHMUseCasesTest" time="0.012"/>
  <testcase name="testIntValueShortValueMap[0]" classname="net.openhft.chronicle.map.CHMUseCasesTest" time="0.458"/>
  <testcase name="testMapStringIntegerValue[0]" classname="net.openhft.chronicle.map.CHMUseCasesTest" time="0.019"/>
  <testcase name="testLongLongMap[0]" classname="net.openhft.chronicle.map.CHMUseCasesTest" time="0.041"/>
  <testcase name="testByteArrayByteArrayMap[0]" classname="net.openhft.chronicle.map.CHMUseCasesTest" time="0.002"/>
  <testcase name="testIntegerIntegerMap[0]" classname="net.openhft.chronicle.map.CHMUseCasesTest" time="0.063"/>
  <testcase name="testUnsignedIntValueUnsignedIntValueMap[0]" classname="net.openhft.chronicle.map.CHMUseCasesTest" time="0.671"/>
  <testcase name="testIntValueCharValueMap[0]" classname="net.openhft.chronicle.map.CHMUseCasesTest" time="0.57"/>
  <testcase name="testAcquireUsingWithCharSequence[0]" classname="net.openhft.chronicle.map.CHMUseCasesTest" time="0.008"/>
  <testcase name="testStringStringMapMutableValue[0]" classname="net.openhft.chronicle.map.CHMUseCasesTest" time="0.007"/>
  <testcase name="testStringStringMap[0]" classname="net.openhft.chronicle.map.CHMUseCasesTest" time="0.007"/>
  <testcase name="testMapStringIntegerValueWithoutListMarshallers[0]" classname="net.openhft.chronicle.map.CHMUseCasesTest" time="0.016"/>
  <testcase name="testLargeCharSequenceValueWriteOnly[0]" classname="net.openhft.chronicle.map.CHMUseCasesTest" time="0.23"/>
  <testcase name="testMapStringStringValue[0]" classname="net.openhft.chronicle.map.CHMUseCasesTest" time="0.012"/>
  <testcase name="testByteArrayArrayValue[0]" classname="net.openhft.chronicle.map.CHMUseCasesTest" time="0.013"/>
  <testcase name="testListValue[0]" classname="net.openhft.chronicle.map.CHMUseCasesTest" time="0.002"/>
  <testcase name="testGetUsingWithIntValueNoValue[0]" classname="net.openhft.chronicle.map.CHMUseCasesTest" time="0.01"/>
  <testcase name="testGeneratedDataValue[0]" classname="net.openhft.chronicle.map.CHMUseCasesTest" time="1.81"/>
  <testcase name="testByteBufferDirectByteBufferMap[0]" classname="net.openhft.chronicle.map.CHMUseCasesTest" time="0.078"/>
  <testcase name="testEntrySpanningSeveralChunks[0]" classname="net.openhft.chronicle.map.CHMUseCasesTest" time="0.006"/>
  <testcase name="testArrayOfString[0]" classname="net.openhft.chronicle.map.CHMUseCasesTest" time="0.463"/>
  <testcase name="testIntValueBooleanValueMap[0]" classname="net.openhft.chronicle.map.CHMUseCasesTest" time="0.705"/>
  <testcase name="testBytesMarshallable[0]" classname="net.openhft.chronicle.map.CHMUseCasesTest" time="0.78"/>
  <testcase name="testIntValueUnsignedByteMap[0]" classname="net.openhft.chronicle.map.CHMUseCasesTest" time="0.732"/>
  <testcase name="testCharSequenceCharSequenceMap[0]" classname="net.openhft.chronicle.map.CHMUseCasesTest" time="0.012"/>
  <testcase name="testDoubleValueDoubleValueMap[0]" classname="net.openhft.chronicle.map.CHMUseCasesTest" time="1.061"/>
  <testcase name="testCharSequenceMixingValueTypes[0]" classname="net.openhft.chronicle.map.CHMUseCasesTest" time="0.012"/>
  <testcase name="testFloatValueFloatValueMap[0]" classname="net.openhft.chronicle.map.CHMUseCasesTest" time="0.79"/>
  <testcase name="testIntValueUnsignedShortValueMap[0]" classname="net.openhft.chronicle.map.CHMUseCasesTest" time="0.866"/>
  <testcase name="testKeyValueSizeBySample[0]" classname="net.openhft.chronicle.map.CHMUseCasesTest" time="0.016"/>
  <testcase name="testByteBufferByteBufferDefaultKeyValueMarshaller[0]" classname="net.openhft.chronicle.map.CHMUseCasesTest" time="0.006"/>
  <testcase name="testLongValueLongValueMap[0]" classname="net.openhft.chronicle.map.CHMUseCasesTest" time="0.019"/>
  <testcase name="bondExample[0]" classname="net.openhft.chronicle.map.CHMUseCasesTest" time="0.019"/>
  <testcase name="testAcquireUsingImmutableUsing[0]" classname="net.openhft.chronicle.map.CHMUseCasesTest" time="0.002"/>
  <testcase name="testCharArrayValue[0]" classname="net.openhft.chronicle.map.CHMUseCasesTest" time="0.015"/>
  <testcase name="testLargeCharSequenceValue[0]" classname="net.openhft.chronicle.map.CHMUseCasesTest" time="0.216"/>
  <testcase name="testCharSequenceMixingKeyTypes[0]" classname="net.openhft.chronicle.map.CHMUseCasesTest" time="0.016"/>
  <testcase name="testDoubleDoubleMap[0]" classname="net.openhft.chronicle.map.CHMUseCasesTest" time="0.011"/>
  <testcase name="testIntValueIntValueMap[0]" classname="net.openhft.chronicle.map.CHMUseCasesTest" time="0.008"/>
  <testcase name="testStringValueStringValueMap[0]" classname="net.openhft.chronicle.map.CHMUseCasesTest" time="0.992"/>
  <testcase name="testByteBufferByteBufferMap[0]" classname="net.openhft.chronicle.map.CHMUseCasesTest" time="0.02"/>
  <testcase name="testBytesMarshallable2[0]" classname="net.openhft.chronicle.map.CHMUseCasesTest" time="0.06"/>
  <testcase name="testBytesMarshallable3[0]" classname="net.openhft.chronicle.map.CHMUseCasesTest" time="0.082"/>
  <testcase name="testSetValue[0]" classname="net.openhft.chronicle.map.CHMUseCasesTest" time="0.02"/>
  <testcase name="testAcquireUsingWithIntValueKeyStringBuilderValue[1]" classname="net.openhft.chronicle.map.CHMUseCasesTest" time="0.015"/>
  <testcase name="testAcquireUsingWithIntValueKey[1]" classname="net.openhft.chronicle.map.CHMUseCasesTest" time="0.016"/>
  <testcase name="testIntValueShortValueMap[1]" classname="net.openhft.chronicle.map.CHMUseCasesTest" time="0.021"/>
  <testcase name="testMapStringIntegerValue[1]" classname="net.openhft.chronicle.map.CHMUseCasesTest" time="0.023"/>
  <testcase name="testLongLongMap[1]" classname="net.openhft.chronicle.map.CHMUseCasesTest" time="0.016"/>
  <testcase name="testByteArrayByteArrayMap[1]" classname="net.openhft.chronicle.map.CHMUseCasesTest" time="0.015"/>
  <testcase name="testIntegerIntegerMap[1]" classname="net.openhft.chronicle.map.CHMUseCasesTest" time="0.016"/>
  <testcase name="testUnsignedIntValueUnsignedIntValueMap[1]" classname="net.openhft.chronicle.map.CHMUseCasesTest" time="0.018"/>
  <testcase name="testIntValueCharValueMap[1]" classname="net.openhft.chronicle.map.CHMUseCasesTest" time="0.032"/>
  <testcase name="testAcquireUsingWithCharSequence[1]" classname="net.openhft.chronicle.map.CHMUseCasesTest" time="0.016"/>
  <testcase name="testStringStringMapMutableValue[1]" classname="net.openhft.chronicle.map.CHMUseCasesTest" time="0.016"/>
  <testcase name="testStringStringMap[1]" classname="net.openhft.chronicle.map.CHMUseCasesTest" time="0.019"/>
  <testcase name="testMapStringIntegerValueWithoutListMarshallers[1]" classname="net.openhft.chronicle.map.CHMUseCasesTest" time="0.016"/>
  <testcase name="testLargeCharSequenceValueWriteOnly[1]" classname="net.openhft.chronicle.map.CHMUseCasesTest" time="0.045"/>
  <testcase name="testMapStringStringValue[1]" classname="net.openhft.chronicle.map.CHMUseCasesTest" time="0.037"/>
  <testcase name="testByteArrayArrayValue[1]" classname="net.openhft.chronicle.map.CHMUseCasesTest" time="0.015"/>
  <testcase name="testListValue[1]" classname="net.openhft.chronicle.map.CHMUseCasesTest" time="0.02"/>
  <testcase name="testGetUsingWithIntValueNoValue[1]" classname="net.openhft.chronicle.map.CHMUseCasesTest" time="0.006"/>
  <testcase name="testGeneratedDataValue[1]" classname="net.openhft.chronicle.map.CHMUseCasesTest" time="0.02"/>
  <testcase name="testByteBufferDirectByteBufferMap[1]" classname="net.openhft.chronicle.map.CHMUseCasesTest" time="0.016"/>
  <testcase name="testEntrySpanningSeveralChunks[1]" classname="net.openhft.chronicle.map.CHMUseCasesTest" time="0.015"/>
  <testcase name="testArrayOfString[1]" classname="net.openhft.chronicle.map.CHMUseCasesTest" time="0.011"/>
  <testcase name="testIntValueBooleanValueMap[1]" classname="net.openhft.chronicle.map.CHMUseCasesTest" time="0.017"/>
  <testcase name="testBytesMarshallable[1]" classname="net.openhft.chronicle.map.CHMUseCasesTest" time="0.03"/>
  <testcase name="testIntValueUnsignedByteMap[1]" classname="net.openhft.chronicle.map.CHMUseCasesTest" time="0.015"/>
  <testcase name="testCharSequenceCharSequenceMap[1]" classname="net.openhft.chronicle.map.CHMUseCasesTest" time="0.011"/>
  <testcase name="testDoubleValueDoubleValueMap[1]" classname="net.openhft.chronicle.map.CHMUseCasesTest" time="0.016"/>
  <testcase name="testCharSequenceMixingValueTypes[1]" classname="net.openhft.chronicle.map.CHMUseCasesTest" time="0.018"/>
  <testcase name="testFloatValueFloatValueMap[1]" classname="net.openhft.chronicle.map.CHMUseCasesTest" time="0.018"/>
  <testcase name="testIntValueUnsignedShortValueMap[1]" classname="net.openhft.chronicle.map.CHMUseCasesTest" time="0.016"/>
  <testcase name="testKeyValueSizeBySample[1]" classname="net.openhft.chronicle.map.CHMUseCasesTest" time="0.023"/>
  <testcase name="testByteBufferByteBufferDefaultKeyValueMarshaller[1]" classname="net.openhft.chronicle.map.CHMUseCasesTest" time="0.011"/>
  <testcase name="testLongValueLongValueMap[1]" classname="net.openhft.chronicle.map.CHMUseCasesTest" time="0.015"/>
  <testcase name="bondExample[1]" classname="net.openhft.chronicle.map.CHMUseCasesTest" time="0.016"/>
  <testcase name="testAcquireUsingImmutableUsing[1]" classname="net.openhft.chronicle.map.CHMUseCasesTest" time="0.018"/>
  <testcase name="testCharArrayValue[1]" classname="net.openhft.chronicle.map.CHMUseCasesTest" time="0.018"/>
  <testcase name="testLargeCharSequenceValue[1]" classname="net.openhft.chronicle.map.CHMUseCasesTest" time="0.362"/>
  <testcase name="testCharSequenceMixingKeyTypes[1]" classname="net.openhft.chronicle.map.CHMUseCasesTest" time="0.019"/>
  <testcase name="testDoubleDoubleMap[1]" classname="net.openhft.chronicle.map.CHMUseCasesTest" time="0.014"/>
  <testcase name="testIntValueIntValueMap[1]" classname="net.openhft.chronicle.map.CHMUseCasesTest" time="0.01"/>
  <testcase name="testStringValueStringValueMap[1]" classname="net.openhft.chronicle.map.CHMUseCasesTest" time="0.015"/>
  <testcase name="testByteBufferByteBufferMap[1]" classname="net.openhft.chronicle.map.CHMUseCasesTest" time="0.015"/>
  <testcase name="testBytesMarshallable2[1]" classname="net.openhft.chronicle.map.CHMUseCasesTest" time="0.055"/>
  <testcase name="testBytesMarshallable3[1]" classname="net.openhft.chronicle.map.CHMUseCasesTest" time="0.049"/>
  <testcase name="testSetValue[1]" classname="net.openhft.chronicle.map.CHMUseCasesTest" time="0.014"/>
</testsuite>