<?xml version="1.0" encoding="UTF-8"?>
<testsuite xmlns:xsi="http://www.w3.org/2001/XMLSchema-instance" xsi:schemaLocation="https://maven.apache.org/surefire/maven-surefire-plugin/xsd/surefire-test-report.xsd" name="net.openhft.chronicle.map.GuavaTest" time="3.908" tests="655" errors="0" skipped="0" failures="0">
  <properties>
    <property name="java.runtime.name" value="OpenJDK Runtime Environment"/>
    <property name="sun.boot.library.path" value="/usr/local/openjdk-8/jre/lib/amd64"/>
    <property name="java.vm.version" value="25.262-b10"/>
    <property name="animal.sniffer.skip" value="true"/>
    <property name="java.vm.vendor" value="Oracle Corporation"/>
    <property name="maven.multiModuleProjectDirectory" value="/tmp/tmp__caqqno/Chronicle-Map"/>
    <property name="maven.javadoc.skip" value="true"/>
    <property name="java.vendor.url" value="http://java.oracle.com/"/>
    <property name="path.separator" value=":"/>
    <property name="guice.disable.misplaced.annotation.check" value="true"/>
    <property name="java.vm.name" value="OpenJDK 64-Bit Server VM"/>
    <property name="file.encoding.pkg" value="sun.io"/>
    <property name="sun.java.launcher" value="SUN_STANDARD"/>
    <property name="sun.os.patch.level" value="unknown"/>
    <property name="source.skip" value="true"/>
    <property name="java.vm.specification.name" value="Java Virtual Machine Specification"/>
    <property name="user.dir" value="/tmp/tmp__caqqno/Chronicle-Map"/>
    <property name="java.runtime.version" value="1.8.0_262-b10"/>
    <property name="java.awt.graphicsenv" value="sun.awt.X11GraphicsEnvironment"/>
    <property name="java.endorsed.dirs" value="/usr/local/openjdk-8/jre/lib/endorsed"/>
    <property name="os.arch" value="amd64"/>
    <property name="java.io.tmpdir" value="/tmp"/>
    <property name="line.separator" value="&#10;"/>
    <property name="java.vm.specification.vendor" value="Oracle Corporation"/>
    <property name="os.name" value="Linux"/>
    <property name="classworlds.conf" value="/usr/share/maven/bin/m2.conf"/>
    <property name="sun.jnu.encoding" value="UTF-8"/>
    <property name="java.library.path" value="/usr/java/packages/lib/amd64:/usr/lib64:/lib64:/lib:/usr/lib"/>
    <property name="license.skip" value="true"/>
    <property name="maven.conf" value="/usr/share/maven/conf"/>
    <property name="java.specification.name" value="Java Platform API Specification"/>
    <property name="java.class.version" value="52.0"/>
    <property name="sun.management.compiler" value="HotSpot 64-Bit Tiered Compilers"/>
    <property name="maven.test.failure.ignore" value="true"/>
    <property name="os.version" value="4.15.0-109-generic"/>
    <property name="library.jansi.path" value="/usr/share/maven/lib/jansi-native"/>
    <property name="user.home" value="/home/jdbl"/>
    <property name="user.timezone" value="Etc/UTC"/>
    <property name="java.awt.printerjob" value="sun.print.PSPrinterJob"/>
    <property name="java.specification.version" value="1.8"/>
    <property name="file.encoding" value="UTF-8"/>
    <property name="user.name" value="jdbl"/>
    <property name="java.class.path" value="/usr/share/maven/boot/plexus-classworlds-2.6.0.jar"/>
    <property name="java.vm.specification.version" value="1.8"/>
    <property name="sun.arch.data.model" value="64"/>
    <property name="java.home" value="/usr/local/openjdk-8/jre"/>
    <property name="sun.java.command" value="org.codehaus.plexus.classworlds.launcher.Launcher test -e --fail-never -ntp -Dmaven.test.failure.ignore=true -B -Dmaven.javadoc.skip=true -Drat.skip=true -Danimal.sniffer.skip=true -Dmaven.javadoc.skip=true -Dlicense.skip=true -Dsource.skip=true"/>
    <property name="java.specification.vendor" value="Oracle Corporation"/>
    <property name="user.language" value="en"/>
    <property name="awt.toolkit" value="sun.awt.X11.XToolkit"/>
    <property name="java.vm.info" value="mixed mode"/>
    <property name="java.version" value="1.8.0_262"/>
    <property name="java.ext.dirs" value="/usr/local/openjdk-8/jre/lib/ext:/usr/java/packages/lib/ext"/>
    <property name="securerandom.source" value="file:/dev/./urandom"/>
    <property name="sun.boot.class.path" value="/usr/local/openjdk-8/jre/lib/resources.jar:/usr/local/openjdk-8/jre/lib/rt.jar:/usr/local/openjdk-8/jre/lib/sunrsasign.jar:/usr/local/openjdk-8/jre/lib/jsse.jar:/usr/local/openjdk-8/jre/lib/jce.jar:/usr/local/openjdk-8/jre/lib/charsets.jar:/usr/local/openjdk-8/jre/lib/jfr.jar:/usr/local/openjdk-8/jre/classes"/>
    <property name="java.vendor" value="Oracle Corporation"/>
    <property name="rat.skip" value="true"/>
    <property name="maven.home" value="/usr/share/maven"/>
    <property name="file.separator" value="/"/>
    <property name="java.vendor.url.bug" value="http://bugreport.sun.com/bugreport/"/>
    <property name="sun.cpu.endian" value="little"/>
    <property name="sun.io.unicode.encoding" value="UnicodeLittle"/>
    <property name="sun.cpu.isalist" value=""/>
  </properties>
  <testcase name="testClear[Guava tests of Chronicle Map [collection size: zero]]" classname="com.google.common.collect.testing.testers.MapClearTester" time="0.006"/>
  <testcase name="testContains_no[Guava tests of Chronicle Map [collection size: zero]]" classname="com.google.common.collect.testing.testers.MapContainsKeyTester" time="0.002"/>
  <testcase name="testContains_nullNotContainedAndUnsupported[Guava tests of Chronicle Map [collection size: zero]]" classname="com.google.common.collect.testing.testers.MapContainsKeyTester" time="0.002"/>
  <testcase name="testContains_wrongType[Guava tests of Chronicle Map [collection size: zero]]" classname="com.google.common.collect.testing.testers.MapContainsKeyTester" time="0.001"/>
  <testcase name="testContains_no[Guava tests of Chronicle Map [collection size: zero]]" classname="com.google.common.collect.testing.testers.MapContainsValueTester" time="0.003"/>
  <testcase name="testContains_nullNotContainedAndUnsupported[Guava tests of Chronicle Map [collection size: zero]]" classname="com.google.common.collect.testing.testers.MapContainsValueTester" time="0.001"/>
  <testcase name="testContains_wrongType[Guava tests of Chronicle Map [collection size: zero]]" classname="com.google.common.collect.testing.testers.MapContainsValueTester" time="0.002"/>
  <testcase name="testContainsEntryWithIncomparableKey[Guava tests of Chronicle Map [collection size: zero]]" classname="com.google.common.collect.testing.testers.MapEntrySetTester" time="0.003"/>
  <testcase name="testContainsEntryWithIncomparableValue[Guava tests of Chronicle Map [collection size: zero]]" classname="com.google.common.collect.testing.testers.MapEntrySetTester" time="0.002"/>
  <testcase name="testEquals_list[Guava tests of Chronicle Map [collection size: zero]]" classname="com.google.common.collect.testing.testers.MapEqualsTester" time="0.003"/>
  <testcase name="testEquals_otherMapWithSameEntries[Guava tests of Chronicle Map [collection size: zero]]" classname="com.google.common.collect.testing.testers.MapEqualsTester" time="0.003"/>
  <testcase name="testEquals_largerMap[Guava tests of Chronicle Map [collection size: zero]]" classname="com.google.common.collect.testing.testers.MapEqualsTester" time="0.002"/>
  <testcase name="testGet_no[Guava tests of Chronicle Map [collection size: zero]]" classname="com.google.common.collect.testing.testers.MapGetTester" time="0.002"/>
  <testcase name="testGet_nullNotContainedAndUnsupported[Guava tests of Chronicle Map [collection size: zero]]" classname="com.google.common.collect.testing.testers.MapGetTester" time="0.001"/>
  <testcase name="testGet_wrongType[Guava tests of Chronicle Map [collection size: zero]]" classname="com.google.common.collect.testing.testers.MapGetTester" time="0.006"/>
  <testcase name="testHashCode[Guava tests of Chronicle Map [collection size: zero]]" classname="com.google.common.collect.testing.testers.MapHashCodeTester" time="0.005"/>
  <testcase name="testIsEmpty_yes[Guava tests of Chronicle Map [collection size: zero]]" classname="com.google.common.collect.testing.testers.MapIsEmptyTester" time="0.003"/>
  <testcase name="testPut_nullKeyUnsupported[Guava tests of Chronicle Map [collection size: zero]]" classname="com.google.common.collect.testing.testers.MapPutTester" time="0.011"/>
  <testcase name="testPut_supportedNotPresent[Guava tests of Chronicle Map [collection size: zero]]" classname="com.google.common.collect.testing.testers.MapPutTester" time="0.002"/>
  <testcase name="testPut_nullValueUnsupported[Guava tests of Chronicle Map [collection size: zero]]" classname="com.google.common.collect.testing.testers.MapPutTester" time="0.004"/>
  <testcase name="testPutAll_nullKeyUnsupported[Guava tests of Chronicle Map [collection size: zero]]" classname="com.google.common.collect.testing.testers.MapPutAllTester" time="0.002"/>
  <testcase name="testPutAll_supportedNonePresent[Guava tests of Chronicle Map [collection size: zero]]" classname="com.google.common.collect.testing.testers.MapPutAllTester" time="0.002"/>
  <testcase name="testPutAll_nullValueUnsupported[Guava tests of Chronicle Map [collection size: zero]]" classname="com.google.common.collect.testing.testers.MapPutAllTester" time="0.002"/>
  <testcase name="testPutAll_supportedNothing[Guava tests of Chronicle Map [collection size: zero]]" classname="com.google.common.collect.testing.testers.MapPutAllTester" time="0.001"/>
  <testcase name="testPutAll_nullCollectionReference[Guava tests of Chronicle Map [collection size: zero]]" classname="com.google.common.collect.testing.testers.MapPutAllTester" time="0.001"/>
  <testcase name="testRemove_wrongType[Guava tests of Chronicle Map [collection size: zero]]" classname="com.google.common.collect.testing.testers.MapRemoveTester" time="0.001"/>
  <testcase name="testRemove_nullQueriesNotSupported[Guava tests of Chronicle Map [collection size: zero]]" classname="com.google.common.collect.testing.testers.MapRemoveTester" time="0.002"/>
  <testcase name="testRemove_notPresent[Guava tests of Chronicle Map [collection size: zero]]" classname="com.google.common.collect.testing.testers.MapRemoveTester" time="0.002"/>
  <testcase name="testSize[Guava tests of Chronicle Map [collection size: zero]]" classname="com.google.common.collect.testing.testers.MapSizeTester" time="0.001"/>
  <testcase name="testToString_size0[Guava tests of Chronicle Map [collection size: zero]]" classname="com.google.common.collect.testing.testers.MapToStringTester" time="0.002"/>
  <testcase name="testToString_formatting[Guava tests of Chronicle Map [collection size: zero]]" classname="com.google.common.collect.testing.testers.MapToStringTester" time="0.002"/>
  <testcase name="testToString_minimal[Guava tests of Chronicle Map [collection size: zero]]" classname="com.google.common.collect.testing.testers.MapToStringTester" time="0.002"/>
  <testcase name="testAddAll_unsupportedNothing[Guava tests of Chronicle Map [collection size: zero] entrySet [collection size: zero]]" classname="com.google.common.collect.testing.testers.CollectionAddAllTester" time="0.001"/>
  <testcase name="testAddAll_unsupportedNonePresent[Guava tests of Chronicle Map [collection size: zero] entrySet [collection size: zero]]" classname="com.google.common.collect.testing.testers.CollectionAddAllTester" time="0.002"/>
  <testcase name="testAdd_unsupportedNotPresent[Guava tests of Chronicle Map [collection size: zero] entrySet [collection size: zero]]" classname="com.google.common.collect.testing.testers.CollectionAddTester" time="0.001"/>
  <testcase name="testClear[Guava tests of Chronicle Map [collection size: zero] entrySet [collection size: zero]]" classname="com.google.common.collect.testing.testers.CollectionClearTester" time="0.001"/>
  <testcase name="testContainsAll_disjoint[Guava tests of Chronicle Map [collection size: zero] entrySet [collection size: zero]]" classname="com.google.common.collect.testing.testers.CollectionContainsAllTester" time="0.001"/>
  <testcase name="testContainsAll_nullNotAllowed[Guava tests of Chronicle Map [collection size: zero] entrySet [collection size: zero]]" classname="com.google.common.collect.testing.testers.CollectionContainsAllTester" time="0.001"/>
  <testcase name="testContainsAll_self[Guava tests of Chronicle Map [collection size: zero] entrySet [collection size: zero]]" classname="com.google.common.collect.testing.testers.CollectionContainsAllTester" time="0.001"/>
  <testcase name="testContainsAll_wrongType[Guava tests of Chronicle Map [collection size: zero] entrySet [collection size: zero]]" classname="com.google.common.collect.testing.testers.CollectionContainsAllTester" time="0.001"/>
  <testcase name="testContainsAll_empty[Guava tests of Chronicle Map [collection size: zero] entrySet [collection size: zero]]" classname="com.google.common.collect.testing.testers.CollectionContainsAllTester" time="0.001"/>
  <testcase name="testContainsAll_sameElements[Guava tests of Chronicle Map [collection size: zero] entrySet [collection size: zero]]" classname="com.google.common.collect.testing.testers.CollectionContainsAllTester" time="0.001"/>
  <testcase name="testContainsAll_partialOverlap[Guava tests of Chronicle Map [collection size: zero] entrySet [collection size: zero]]" classname="com.google.common.collect.testing.testers.CollectionContainsAllTester" time="0.001"/>
  <testcase name="testContains_no[Guava tests of Chronicle Map [collection size: zero] entrySet [collection size: zero]]" classname="com.google.common.collect.testing.testers.CollectionContainsTester" time="0.001"/>
  <testcase name="testContains_nullNotContainedAndUnsupported[Guava tests of Chronicle Map [collection size: zero] entrySet [collection size: zero]]" classname="com.google.common.collect.testing.testers.CollectionContainsTester" time="0.001"/>
  <testcase name="testContains_wrongType[Guava tests of Chronicle Map [collection size: zero] entrySet [collection size: zero]]" classname="com.google.common.collect.testing.testers.CollectionContainsTester" time="0.001"/>
  <testcase name="testEquals_null[Guava tests of Chronicle Map [collection size: zero] entrySet [collection size: zero]]" classname="com.google.common.collect.testing.testers.CollectionEqualsTester" time="0.001"/>
  <testcase name="testEquals_self[Guava tests of Chronicle Map [collection size: zero] entrySet [collection size: zero]]" classname="com.google.common.collect.testing.testers.CollectionEqualsTester" time="0.001"/>
  <testcase name="testEquals_notACollection[Guava tests of Chronicle Map [collection size: zero] entrySet [collection size: zero]]" classname="com.google.common.collect.testing.testers.CollectionEqualsTester" time="0"/>
  <testcase name="testIsEmpty_yes[Guava tests of Chronicle Map [collection size: zero] entrySet [collection size: zero]]" classname="com.google.common.collect.testing.testers.CollectionIsEmptyTester" time="0"/>
  <testcase name="testIteratorNoSuchElementException[Guava tests of Chronicle Map [collection size: zero] entrySet [collection size: zero]]" classname="com.google.common.collect.testing.testers.CollectionIteratorTester" time="0.001"/>
  <testcase name="testIterator[Guava tests of Chronicle Map [collection size: zero] entrySet [collection size: zero]]" classname="com.google.common.collect.testing.testers.CollectionIteratorTester" time="0.001"/>
  <testcase name="testIterator_unknownOrderRemoveSupported[Guava tests of Chronicle Map [collection size: zero] entrySet [collection size: zero]]" classname="com.google.common.collect.testing.testers.CollectionIteratorTester" time="0.306"/>
  <testcase name="testRemoveAll_containsWrongType[Guava tests of Chronicle Map [collection size: zero] entrySet [collection size: zero]]" classname="com.google.common.collect.testing.testers.CollectionRemoveAllTester" time="0.001"/>
  <testcase name="testRemoveAll_nullCollectionReferenceEmptySubject[Guava tests of Chronicle Map [collection size: zero] entrySet [collection size: zero]]" classname="com.google.common.collect.testing.testers.CollectionRemoveAllTester" time="0.001"/>
  <testcase name="testRemoveAll_emptyCollection[Guava tests of Chronicle Map [collection size: zero] entrySet [collection size: zero]]" classname="com.google.common.collect.testing.testers.CollectionRemoveAllTester" time="0.001"/>
  <testcase name="testRemoveAll_containsNullNo[Guava tests of Chronicle Map [collection size: zero] entrySet [collection size: zero]]" classname="com.google.common.collect.testing.testers.CollectionRemoveAllTester" time="0.001"/>
  <testcase name="testRemoveAll_nonePresent[Guava tests of Chronicle Map [collection size: zero] entrySet [collection size: zero]]" classname="com.google.common.collect.testing.testers.CollectionRemoveAllTester" time="0.001"/>
  <testcase name="testRemove_wrongType[Guava tests of Chronicle Map [collection size: zero] entrySet [collection size: zero]]" classname="com.google.common.collect.testing.testers.CollectionRemoveTester" time="0.001"/>
  <testcase name="testRemove_nullNotSupported[Guava tests of Chronicle Map [collection size: zero] entrySet [collection size: zero]]" classname="com.google.common.collect.testing.testers.CollectionRemoveTester" time="0.001"/>
  <testcase name="testRemove_notPresent[Guava tests of Chronicle Map [collection size: zero] entrySet [collection size: zero]]" classname="com.google.common.collect.testing.testers.CollectionRemoveTester" time="0.001"/>
  <testcase name="testRetainAll_emptyPreviouslyEmpty[Guava tests of Chronicle Map [collection size: zero] entrySet [collection size: zero]]" classname="com.google.common.collect.testing.testers.CollectionRetainAllTester" time="0.001"/>
  <testcase name="testRetainAll_nullCollectionReferenceEmptySubject[Guava tests of Chronicle Map [collection size: zero] entrySet [collection size: zero]]" classname="com.google.common.collect.testing.testers.CollectionRetainAllTester" time="0.001"/>
  <testcase name="testRetainAll_nullSingletonPreviouslyEmpty[Guava tests of Chronicle Map [collection size: zero] entrySet [collection size: zero]]" classname="com.google.common.collect.testing.testers.CollectionRetainAllTester" time="0.001"/>
  <testcase name="testRetainAll_disjointPreviouslyEmpty[Guava tests of Chronicle Map [collection size: zero] entrySet [collection size: zero]]" classname="com.google.common.collect.testing.testers.CollectionRetainAllTester" time="0.001"/>
  <testcase name="testRetainAll_superset[Guava tests of Chronicle Map [collection size: zero] entrySet [collection size: zero]]" classname="com.google.common.collect.testing.testers.CollectionRetainAllTester" time="0.001"/>
  <testcase name="testRetainAll_sameElements[Guava tests of Chronicle Map [collection size: zero] entrySet [collection size: zero]]" classname="com.google.common.collect.testing.testers.CollectionRetainAllTester" time="0"/>
  <testcase name="testSize[Guava tests of Chronicle Map [collection size: zero] entrySet [collection size: zero]]" classname="com.google.common.collect.testing.testers.CollectionSizeTester" time="0.001"/>
  <testcase name="testToArray_emptyArray[Guava tests of Chronicle Map [collection size: zero] entrySet [collection size: zero]]" classname="com.google.common.collect.testing.testers.CollectionToArrayTester" time="0.001"/>
  <testcase name="testToArray_emptyArrayOfWrongTypeForEmptyCollection[Guava tests of Chronicle Map [collection size: zero] entrySet [collection size: zero]]" classname="com.google.common.collect.testing.testers.CollectionToArrayTester" time="0.001"/>
  <testcase name="testToArray_oversizedArray[Guava tests of Chronicle Map [collection size: zero] entrySet [collection size: zero]]" classname="com.google.common.collect.testing.testers.CollectionToArrayTester" time="0.001"/>
  <testcase name="testToArray_emptyArrayOfObject[Guava tests of Chronicle Map [collection size: zero] entrySet [collection size: zero]]" classname="com.google.common.collect.testing.testers.CollectionToArrayTester" time="0.001"/>
  <testcase name="testToArray_noArgs[Guava tests of Chronicle Map [collection size: zero] entrySet [collection size: zero]]" classname="com.google.common.collect.testing.testers.CollectionToArrayTester" time="0.002"/>
  <testcase name="testToArray_isPlainObjectArray[Guava tests of Chronicle Map [collection size: zero] entrySet [collection size: zero]]" classname="com.google.common.collect.testing.testers.CollectionToArrayTester" time="0"/>
  <testcase name="testToArray_rightSizedArrayOfObject[Guava tests of Chronicle Map [collection size: zero] entrySet [collection size: zero]]" classname="com.google.common.collect.testing.testers.CollectionToArrayTester" time="0.001"/>
  <testcase name="testToArray_rightSizedArray[Guava tests of Chronicle Map [collection size: zero] entrySet [collection size: zero]]" classname="com.google.common.collect.testing.testers.CollectionToArrayTester" time="0.003"/>
  <testcase name="testToString_size0[Guava tests of Chronicle Map [collection size: zero] entrySet [collection size: zero]]" classname="com.google.common.collect.testing.testers.CollectionToStringTester" time="0"/>
  <testcase name="testToString_minimal[Guava tests of Chronicle Map [collection size: zero] entrySet [collection size: zero]]" classname="com.google.common.collect.testing.testers.CollectionToStringTester" time="0"/>
  <testcase name="testHashCode[Guava tests of Chronicle Map [collection size: zero] entrySet [collection size: zero]]" classname="com.google.common.collect.testing.testers.SetHashCodeTester" time="0"/>
  <testcase name="testEquals_list[Guava tests of Chronicle Map [collection size: zero] entrySet [collection size: zero]]" classname="com.google.common.collect.testing.testers.SetEqualsTester" time="0.004"/>
  <testcase name="testEquals_otherSetWithSameElements[Guava tests of Chronicle Map [collection size: zero] entrySet [collection size: zero]]" classname="com.google.common.collect.testing.testers.SetEqualsTester" time="0"/>
  <testcase name="testEquals_largerSet[Guava tests of Chronicle Map [collection size: zero] entrySet [collection size: zero]]" classname="com.google.common.collect.testing.testers.SetEqualsTester" time="0.015"/>
  <testcase name="testSomethingAboutIterators[Guava tests of Chronicle Map [collection size: zero] entrySet [collection size: zero] iterator]" classname="com.google.common.collect.testing.ExampleIteratorTester" time="0"/>
  <testcase name="testAddAll_unsupportedNothing[Guava tests of Chronicle Map [collection size: zero] keys [collection size: zero]]" classname="com.google.common.collect.testing.testers.CollectionAddAllTester" time="0.001"/>
  <testcase name="testAddAll_unsupportedNonePresent[Guava tests of Chronicle Map [collection size: zero] keys [collection size: zero]]" classname="com.google.common.collect.testing.testers.CollectionAddAllTester" time="0.001"/>
  <testcase name="testAdd_unsupportedNotPresent[Guava tests of Chronicle Map [collection size: zero] keys [collection size: zero]]" classname="com.google.common.collect.testing.testers.CollectionAddTester" time="0.002"/>
  <testcase name="testClear[Guava tests of Chronicle Map [collection size: zero] keys [collection size: zero]]" classname="com.google.common.collect.testing.testers.CollectionClearTester" time="0.003"/>
  <testcase name="testContainsAll_disjoint[Guava tests of Chronicle Map [collection size: zero] keys [collection size: zero]]" classname="com.google.common.collect.testing.testers.CollectionContainsAllTester" time="0.001"/>
  <testcase name="testContainsAll_nullNotAllowed[Guava tests of Chronicle Map [collection size: zero] keys [collection size: zero]]" classname="com.google.common.collect.testing.testers.CollectionContainsAllTester" time="0.006"/>
  <testcase name="testContainsAll_self[Guava tests of Chronicle Map [collection size: zero] keys [collection size: zero]]" classname="com.google.common.collect.testing.testers.CollectionContainsAllTester" time="0.001"/>
  <testcase name="testContainsAll_wrongType[Guava tests of Chronicle Map [collection size: zero] keys [collection size: zero]]" classname="com.google.common.collect.testing.testers.CollectionContainsAllTester" time="0"/>
  <testcase name="testContainsAll_empty[Guava tests of Chronicle Map [collection size: zero] keys [collection size: zero]]" classname="com.google.common.collect.testing.testers.CollectionContainsAllTester" time="0.001"/>
  <testcase name="testContainsAll_sameElements[Guava tests of Chronicle Map [collection size: zero] keys [collection size: zero]]" classname="com.google.common.collect.testing.testers.CollectionContainsAllTester" time="0.001"/>
  <testcase name="testContainsAll_partialOverlap[Guava tests of Chronicle Map [collection size: zero] keys [collection size: zero]]" classname="com.google.common.collect.testing.testers.CollectionContainsAllTester" time="0.001"/>
  <testcase name="testContains_no[Guava tests of Chronicle Map [collection size: zero] keys [collection size: zero]]" classname="com.google.common.collect.testing.testers.CollectionContainsTester" time="0.004"/>
  <testcase name="testContains_nullNotContainedAndUnsupported[Guava tests of Chronicle Map [collection size: zero] keys [collection size: zero]]" classname="com.google.common.collect.testing.testers.CollectionContainsTester" time="0"/>
  <testcase name="testContains_wrongType[Guava tests of Chronicle Map [collection size: zero] keys [collection size: zero]]" classname="com.google.common.collect.testing.testers.CollectionContainsTester" time="0"/>
  <testcase name="testEquals_null[Guava tests of Chronicle Map [collection size: zero] keys [collection size: zero]]" classname="com.google.common.collect.testing.testers.CollectionEqualsTester" time="0"/>
  <testcase name="testEquals_self[Guava tests of Chronicle Map [collection size: zero] keys [collection size: zero]]" classname="com.google.common.collect.testing.testers.CollectionEqualsTester" time="0"/>
  <testcase name="testEquals_notACollection[Guava tests of Chronicle Map [collection size: zero] keys [collection size: zero]]" classname="com.google.common.collect.testing.testers.CollectionEqualsTester" time="0"/>
  <testcase name="testIsEmpty_yes[Guava tests of Chronicle Map [collection size: zero] keys [collection size: zero]]" classname="com.google.common.collect.testing.testers.CollectionIsEmptyTester" time="0.001"/>
  <testcase name="testIteratorNoSuchElementException[Guava tests of Chronicle Map [collection size: zero] keys [collection size: zero]]" classname="com.google.common.collect.testing.testers.CollectionIteratorTester" time="0.001"/>
  <testcase name="testIterator[Guava tests of Chronicle Map [collection size: zero] keys [collection size: zero]]" classname="com.google.common.collect.testing.testers.CollectionIteratorTester" time="0.001"/>
  <testcase name="testIterator_unknownOrderRemoveSupported[Guava tests of Chronicle Map [collection size: zero] keys [collection size: zero]]" classname="com.google.common.collect.testing.testers.CollectionIteratorTester" time="0.287"/>
  <testcase name="testRemoveAll_containsWrongType[Guava tests of Chronicle Map [collection size: zero] keys [collection size: zero]]" classname="com.google.common.collect.testing.testers.CollectionRemoveAllTester" time="0.001"/>
  <testcase name="testRemoveAll_nullCollectionReferenceEmptySubject[Guava tests of Chronicle Map [collection size: zero] keys [collection size: zero]]" classname="com.google.common.collect.testing.testers.CollectionRemoveAllTester" time="0.001"/>
  <testcase name="testRemoveAll_emptyCollection[Guava tests of Chronicle Map [collection size: zero] keys [collection size: zero]]" classname="com.google.common.collect.testing.testers.CollectionRemoveAllTester" time="0.001"/>
  <testcase name="testRemoveAll_containsNullNo[Guava tests of Chronicle Map [collection size: zero] keys [collection size: zero]]" classname="com.google.common.collect.testing.testers.CollectionRemoveAllTester" time="0.001"/>
  <testcase name="testRemoveAll_nonePresent[Guava tests of Chronicle Map [collection size: zero] keys [collection size: zero]]" classname="com.google.common.collect.testing.testers.CollectionRemoveAllTester" time="0.001"/>
  <testcase name="testRemove_wrongType[Guava tests of Chronicle Map [collection size: zero] keys [collection size: zero]]" classname="com.google.common.collect.testing.testers.CollectionRemoveTester" time="0.001"/>
  <testcase name="testRemove_nullNotSupported[Guava tests of Chronicle Map [collection size: zero] keys [collection size: zero]]" classname="com.google.common.collect.testing.testers.CollectionRemoveTester" time="0.001"/>
  <testcase name="testRemove_notPresent[Guava tests of Chronicle Map [collection size: zero] keys [collection size: zero]]" classname="com.google.common.collect.testing.testers.CollectionRemoveTester" time="0.001"/>
  <testcase name="testRetainAll_emptyPreviouslyEmpty[Guava tests of Chronicle Map [collection size: zero] keys [collection size: zero]]" classname="com.google.common.collect.testing.testers.CollectionRetainAllTester" time="0.001"/>
  <testcase name="testRetainAll_nullCollectionReferenceEmptySubject[Guava tests of Chronicle Map [collection size: zero] keys [collection size: zero]]" classname="com.google.common.collect.testing.testers.CollectionRetainAllTester" time="0.001"/>
  <testcase name="testRetainAll_nullSingletonPreviouslyEmpty[Guava tests of Chronicle Map [collection size: zero] keys [collection size: zero]]" classname="com.google.common.collect.testing.testers.CollectionRetainAllTester" time="0"/>
  <testcase name="testRetainAll_disjointPreviouslyEmpty[Guava tests of Chronicle Map [collection size: zero] keys [collection size: zero]]" classname="com.google.common.collect.testing.testers.CollectionRetainAllTester" time="0.001"/>
  <testcase name="testRetainAll_superset[Guava tests of Chronicle Map [collection size: zero] keys [collection size: zero]]" classname="com.google.common.collect.testing.testers.CollectionRetainAllTester" time="0.001"/>
  <testcase name="testRetainAll_sameElements[Guava tests of Chronicle Map [collection size: zero] keys [collection size: zero]]" classname="com.google.common.collect.testing.testers.CollectionRetainAllTester" time="0.001"/>
  <testcase name="testSize[Guava tests of Chronicle Map [collection size: zero] keys [collection size: zero]]" classname="com.google.common.collect.testing.testers.CollectionSizeTester" time="0.001"/>
  <testcase name="testToArray_emptyArray[Guava tests of Chronicle Map [collection size: zero] keys [collection size: zero]]" classname="com.google.common.collect.testing.testers.CollectionToArrayTester" time="0.001"/>
  <testcase name="testToArray_emptyArrayOfWrongTypeForEmptyCollection[Guava tests of Chronicle Map [collection size: zero] keys [collection size: zero]]" classname="com.google.common.collect.testing.testers.CollectionToArrayTester" time="0.001"/>
  <testcase name="testToArray_oversizedArray[Guava tests of Chronicle Map [collection size: zero] keys [collection size: zero]]" classname="com.google.common.collect.testing.testers.CollectionToArrayTester" time="0.001"/>
  <testcase name="testToArray_emptyArrayOfObject[Guava tests of Chronicle Map [collection size: zero] keys [collection size: zero]]" classname="com.google.common.collect.testing.testers.CollectionToArrayTester" time="0"/>
  <testcase name="testToArray_noArgs[Guava tests of Chronicle Map [collection size: zero] keys [collection size: zero]]" classname="com.google.common.collect.testing.testers.CollectionToArrayTester" time="0.002"/>
  <testcase name="testToArray_isPlainObjectArray[Guava tests of Chronicle Map [collection size: zero] keys [collection size: zero]]" classname="com.google.common.collect.testing.testers.CollectionToArrayTester" time="0.001"/>
  <testcase name="testToArray_rightSizedArrayOfObject[Guava tests of Chronicle Map [collection size: zero] keys [collection size: zero]]" classname="com.google.common.collect.testing.testers.CollectionToArrayTester" time="0.001"/>
  <testcase name="testToArray_rightSizedArray[Guava tests of Chronicle Map [collection size: zero] keys [collection size: zero]]" classname="com.google.common.collect.testing.testers.CollectionToArrayTester" time="0.001"/>
  <testcase name="testToString_size0[Guava tests of Chronicle Map [collection size: zero] keys [collection size: zero]]" classname="com.google.common.collect.testing.testers.CollectionToStringTester" time="0"/>
  <testcase name="testToString_minimal[Guava tests of Chronicle Map [collection size: zero] keys [collection size: zero]]" classname="com.google.common.collect.testing.testers.CollectionToStringTester" time="0"/>
  <testcase name="testHashCode[Guava tests of Chronicle Map [collection size: zero] keys [collection size: zero]]" classname="com.google.common.collect.testing.testers.SetHashCodeTester" time="0.001"/>
  <testcase name="testEquals_list[Guava tests of Chronicle Map [collection size: zero] keys [collection size: zero]]" classname="com.google.common.collect.testing.testers.SetEqualsTester" time="0.001"/>
  <testcase name="testEquals_otherSetWithSameElements[Guava tests of Chronicle Map [collection size: zero] keys [collection size: zero]]" classname="com.google.common.collect.testing.testers.SetEqualsTester" time="0.001"/>
  <testcase name="testEquals_largerSet[Guava tests of Chronicle Map [collection size: zero] keys [collection size: zero]]" classname="com.google.common.collect.testing.testers.SetEqualsTester" time="0.001"/>
  <testcase name="testSomethingAboutIterators[Guava tests of Chronicle Map [collection size: zero] keys [collection size: zero] iterator]" classname="com.google.common.collect.testing.ExampleIteratorTester" time="0"/>
  <testcase name="testAddAll_unsupportedNothing[Guava tests of Chronicle Map [collection size: zero] values [collection size: zero]]" classname="com.google.common.collect.testing.testers.CollectionAddAllTester" time="0.002"/>
  <testcase name="testAddAll_unsupportedNonePresent[Guava tests of Chronicle Map [collection size: zero] values [collection size: zero]]" classname="com.google.common.collect.testing.testers.CollectionAddAllTester" time="0.001"/>
  <testcase name="testAdd_unsupportedNotPresent[Guava tests of Chronicle Map [collection size: zero] values [collection size: zero]]" classname="com.google.common.collect.testing.testers.CollectionAddTester" time="0.001"/>
  <testcase name="testClear[Guava tests of Chronicle Map [collection size: zero] values [collection size: zero]]" classname="com.google.common.collect.testing.testers.CollectionClearTester" time="0.001"/>
  <testcase name="testContainsAll_disjoint[Guava tests of Chronicle Map [collection size: zero] values [collection size: zero]]" classname="com.google.common.collect.testing.testers.CollectionContainsAllTester" time="0.001"/>
  <testcase name="testContainsAll_nullNotAllowed[Guava tests of Chronicle Map [collection size: zero] values [collection size: zero]]" classname="com.google.common.collect.testing.testers.CollectionContainsAllTester" time="0.001"/>
  <testcase name="testContainsAll_self[Guava tests of Chronicle Map [collection size: zero] values [collection size: zero]]" classname="com.google.common.collect.testing.testers.CollectionContainsAllTester" time="0.001"/>
  <testcase name="testContainsAll_wrongType[Guava tests of Chronicle Map [collection size: zero] values [collection size: zero]]" classname="com.google.common.collect.testing.testers.CollectionContainsAllTester" time="0"/>
  <testcase name="testContainsAll_empty[Guava tests of Chronicle Map [collection size: zero] values [collection size: zero]]" classname="com.google.common.collect.testing.testers.CollectionContainsAllTester" time="0"/>
  <testcase name="testContainsAll_sameElements[Guava tests of Chronicle Map [collection size: zero] values [collection size: zero]]" classname="com.google.common.collect.testing.testers.CollectionContainsAllTester" time="0.001"/>
  <testcase name="testContainsAll_partialOverlap[Guava tests of Chronicle Map [collection size: zero] values [collection size: zero]]" classname="com.google.common.collect.testing.testers.CollectionContainsAllTester" time="0.001"/>
  <testcase name="testContains_no[Guava tests of Chronicle Map [collection size: zero] values [collection size: zero]]" classname="com.google.common.collect.testing.testers.CollectionContainsTester" time="0.001"/>
  <testcase name="testContains_nullNotContainedAndUnsupported[Guava tests of Chronicle Map [collection size: zero] values [collection size: zero]]" classname="com.google.common.collect.testing.testers.CollectionContainsTester" time="0.001"/>
  <testcase name="testContains_wrongType[Guava tests of Chronicle Map [collection size: zero] values [collection size: zero]]" classname="com.google.common.collect.testing.testers.CollectionContainsTester" time="0.001"/>
  <testcase name="testEquals_null[Guava tests of Chronicle Map [collection size: zero] values [collection size: zero]]" classname="com.google.common.collect.testing.testers.CollectionEqualsTester" time="0"/>
  <testcase name="testEquals_self[Guava tests of Chronicle Map [collection size: zero] values [collection size: zero]]" classname="com.google.common.collect.testing.testers.CollectionEqualsTester" time="0.001"/>
  <testcase name="testEquals_notACollection[Guava tests of Chronicle Map [collection size: zero] values [collection size: zero]]" classname="com.google.common.collect.testing.testers.CollectionEqualsTester" time="0.001"/>
  <testcase name="testIsEmpty_yes[Guava tests of Chronicle Map [collection size: zero] values [collection size: zero]]" classname="com.google.common.collect.testing.testers.CollectionIsEmptyTester" time="0.001"/>
  <testcase name="testIteratorNoSuchElementException[Guava tests of Chronicle Map [collection size: zero] values [collection size: zero]]" classname="com.google.common.collect.testing.testers.CollectionIteratorTester" time="0.001"/>
  <testcase name="testIterator[Guava tests of Chronicle Map [collection size: zero] values [collection size: zero]]" classname="com.google.common.collect.testing.testers.CollectionIteratorTester" time="0.001"/>
  <testcase name="testIterator_unknownOrderRemoveSupported[Guava tests of Chronicle Map [collection size: zero] values [collection size: zero]]" classname="com.google.common.collect.testing.testers.CollectionIteratorTester" time="0.44"/>
  <testcase name="testRemoveAll_containsWrongType[Guava tests of Chronicle Map [collection size: zero] values [collection size: zero]]" classname="com.google.common.collect.testing.testers.CollectionRemoveAllTester" time="0"/>
  <testcase name="testRemoveAll_nullCollectionReferenceEmptySubject[Guava tests of Chronicle Map [collection size: zero] values [collection size: zero]]" classname="com.google.common.collect.testing.testers.CollectionRemoveAllTester" time="0"/>
  <testcase name="testRemoveAll_emptyCollection[Guava tests of Chronicle Map [collection size: zero] values [collection size: zero]]" classname="com.google.common.collect.testing.testers.CollectionRemoveAllTester" time="0"/>
  <testcase name="testRemoveAll_containsNullNo[Guava tests of Chronicle Map [collection size: zero] values [collection size: zero]]" classname="com.google.common.collect.testing.testers.CollectionRemoveAllTester" time="0"/>
  <testcase name="testRemoveAll_nonePresent[Guava tests of Chronicle Map [collection size: zero] values [collection size: zero]]" classname="com.google.common.collect.testing.testers.CollectionRemoveAllTester" time="0"/>
  <testcase name="testRemove_wrongType[Guava tests of Chronicle Map [collection size: zero] values [collection size: zero]]" classname="com.google.common.collect.testing.testers.CollectionRemoveTester" time="0"/>
  <testcase name="testRemove_nullNotSupported[Guava tests of Chronicle Map [collection size: zero] values [collection size: zero]]" classname="com.google.common.collect.testing.testers.CollectionRemoveTester" time="0"/>
  <testcase name="testRemove_notPresent[Guava tests of Chronicle Map [collection size: zero] values [collection size: zero]]" classname="com.google.common.collect.testing.testers.CollectionRemoveTester" time="0"/>
  <testcase name="testRetainAll_emptyPreviouslyEmpty[Guava tests of Chronicle Map [collection size: zero] values [collection size: zero]]" classname="com.google.common.collect.testing.testers.CollectionRetainAllTester" time="0"/>
  <testcase name="testRetainAll_nullCollectionReferenceEmptySubject[Guava tests of Chronicle Map [collection size: zero] values [collection size: zero]]" classname="com.google.common.collect.testing.testers.CollectionRetainAllTester" time="0"/>
  <testcase name="testRetainAll_nullSingletonPreviouslyEmpty[Guava tests of Chronicle Map [collection size: zero] values [collection size: zero]]" classname="com.google.common.collect.testing.testers.CollectionRetainAllTester" time="0"/>
  <testcase name="testRetainAll_disjointPreviouslyEmpty[Guava tests of Chronicle Map [collection size: zero] values [collection size: zero]]" classname="com.google.common.collect.testing.testers.CollectionRetainAllTester" time="0"/>
  <testcase name="testRetainAll_superset[Guava tests of Chronicle Map [collection size: zero] values [collection size: zero]]" classname="com.google.common.collect.testing.testers.CollectionRetainAllTester" time="0"/>
  <testcase name="testRetainAll_sameElements[Guava tests of Chronicle Map [collection size: zero] values [collection size: zero]]" classname="com.google.common.collect.testing.testers.CollectionRetainAllTester" time="0"/>
  <testcase name="testSize[Guava tests of Chronicle Map [collection size: zero] values [collection size: zero]]" classname="com.google.common.collect.testing.testers.CollectionSizeTester" time="0"/>
  <testcase name="testToArray_emptyArray[Guava tests of Chronicle Map [collection size: zero] values [collection size: zero]]" classname="com.google.common.collect.testing.testers.CollectionToArrayTester" time="0"/>
  <testcase name="testToArray_emptyArrayOfWrongTypeForEmptyCollection[Guava tests of Chronicle Map [collection size: zero] values [collection size: zero]]" classname="com.google.common.collect.testing.testers.CollectionToArrayTester" time="0"/>
  <testcase name="testToArray_oversizedArray[Guava tests of Chronicle Map [collection size: zero] values [collection size: zero]]" classname="com.google.common.collect.testing.testers.CollectionToArrayTester" time="0"/>
  <testcase name="testToArray_emptyArrayOfObject[Guava tests of Chronicle Map [collection size: zero] values [collection size: zero]]" classname="com.google.common.collect.testing.testers.CollectionToArrayTester" time="0"/>
  <testcase name="testToArray_noArgs[Guava tests of Chronicle Map [collection size: zero] values [collection size: zero]]" classname="com.google.common.collect.testing.testers.CollectionToArrayTester" time="0"/>
  <testcase name="testToArray_isPlainObjectArray[Guava tests of Chronicle Map [collection size: zero] values [collection size: zero]]" classname="com.google.common.collect.testing.testers.CollectionToArrayTester" time="0"/>
  <testcase name="testToArray_rightSizedArrayOfObject[Guava tests of Chronicle Map [collection size: zero] values [collection size: zero]]" classname="com.google.common.collect.testing.testers.CollectionToArrayTester" time="0"/>
  <testcase name="testToArray_rightSizedArray[Guava tests of Chronicle Map [collection size: zero] values [collection size: zero]]" classname="com.google.common.collect.testing.testers.CollectionToArrayTester" time="0"/>
  <testcase name="testToString_size0[Guava tests of Chronicle Map [collection size: zero] values [collection size: zero]]" classname="com.google.common.collect.testing.testers.CollectionToStringTester" time="0"/>
  <testcase name="testToString_minimal[Guava tests of Chronicle Map [collection size: zero] values [collection size: zero]]" classname="com.google.common.collect.testing.testers.CollectionToStringTester" time="0"/>
  <testcase name="testSomethingAboutIterators[Guava tests of Chronicle Map [collection size: zero] values [collection size: zero] iterator]" classname="com.google.common.collect.testing.ExampleIteratorTester" time="0"/>
  <testcase name="testClear[Guava tests of Chronicle Map [collection size: one]]" classname="com.google.common.collect.testing.testers.MapClearTester" time="0"/>
  <testcase name="testContains_yes[Guava tests of Chronicle Map [collection size: one]]" classname="com.google.common.collect.testing.testers.MapContainsKeyTester" time="0"/>
  <testcase name="testContains_no[Guava tests of Chronicle Map [collection size: one]]" classname="com.google.common.collect.testing.testers.MapContainsKeyTester" time="0"/>
  <testcase name="testContains_nullNotContainedAndUnsupported[Guava tests of Chronicle Map [collection size: one]]" classname="com.google.common.collect.testing.testers.MapContainsKeyTester" time="0"/>
  <testcase name="testContains_wrongType[Guava tests of Chronicle Map [collection size: one]]" classname="com.google.common.collect.testing.testers.MapContainsKeyTester" time="0"/>
  <testcase name="testContains_yes[Guava tests of Chronicle Map [collection size: one]]" classname="com.google.common.collect.testing.testers.MapContainsValueTester" time="0"/>
  <testcase name="testContains_no[Guava tests of Chronicle Map [collection size: one]]" classname="com.google.common.collect.testing.testers.MapContainsValueTester" time="0"/>
  <testcase name="testContains_nullNotContainedAndUnsupported[Guava tests of Chronicle Map [collection size: one]]" classname="com.google.common.collect.testing.testers.MapContainsValueTester" time="0"/>
  <testcase name="testContains_wrongType[Guava tests of Chronicle Map [collection size: one]]" classname="com.google.common.collect.testing.testers.MapContainsValueTester" time="0"/>
  <testcase name="testCreateWithNullValueUnsupported[Guava tests of Chronicle Map [collection size: one]]" classname="com.google.common.collect.testing.testers.MapCreationTester" time="0"/>
  <testcase name="testCreateWithNullKeyUnsupported[Guava tests of Chronicle Map [collection size: one]]" classname="com.google.common.collect.testing.testers.MapCreationTester" time="0"/>
  <testcase name="testEntrySetIteratorRemove[Guava tests of Chronicle Map [collection size: one]]" classname="com.google.common.collect.testing.testers.MapEntrySetTester" time="0"/>
  <testcase name="testContainsEntryWithIncomparableKey[Guava tests of Chronicle Map [collection size: one]]" classname="com.google.common.collect.testing.testers.MapEntrySetTester" time="0"/>
  <testcase name="testContainsEntryWithIncomparableValue[Guava tests of Chronicle Map [collection size: one]]" classname="com.google.common.collect.testing.testers.MapEntrySetTester" time="0"/>
  <testcase name="testEquals_list[Guava tests of Chronicle Map [collection size: one]]" classname="com.google.common.collect.testing.testers.MapEqualsTester" time="0"/>
  <testcase name="testEquals_otherMapWithDifferentEntries[Guava tests of Chronicle Map [collection size: one]]" classname="com.google.common.collect.testing.testers.MapEqualsTester" time="0"/>
  <testcase name="testEquals_otherMapWithSameEntries[Guava tests of Chronicle Map [collection size: one]]" classname="com.google.common.collect.testing.testers.MapEqualsTester" time="0"/>
  <testcase name="testEquals_otherContainsNullValue[Guava tests of Chronicle Map [collection size: one]]" classname="com.google.common.collect.testing.testers.MapEqualsTester" time="0"/>
  <testcase name="testEquals_largerMap[Guava tests of Chronicle Map [collection size: one]]" classname="com.google.common.collect.testing.testers.MapEqualsTester" time="0"/>
  <testcase name="testEquals_otherContainsNullKey[Guava tests of Chronicle Map [collection size: one]]" classname="com.google.common.collect.testing.testers.MapEqualsTester" time="0"/>
  <testcase name="testEquals_smallerMap[Guava tests of Chronicle Map [collection size: one]]" classname="com.google.common.collect.testing.testers.MapEqualsTester" time="0"/>
  <testcase name="testGet_yes[Guava tests of Chronicle Map [collection size: one]]" classname="com.google.common.collect.testing.testers.MapGetTester" time="0"/>
  <testcase name="testGet_no[Guava tests of Chronicle Map [collection size: one]]" classname="com.google.common.collect.testing.testers.MapGetTester" time="0"/>
  <testcase name="testGet_nullNotContainedAndUnsupported[Guava tests of Chronicle Map [collection size: one]]" classname="com.google.common.collect.testing.testers.MapGetTester" time="0"/>
  <testcase name="testGet_wrongType[Guava tests of Chronicle Map [collection size: one]]" classname="com.google.common.collect.testing.testers.MapGetTester" time="0"/>
  <testcase name="testHashCode[Guava tests of Chronicle Map [collection size: one]]" classname="com.google.common.collect.testing.testers.MapHashCodeTester" time="0"/>
  <testcase name="testIsEmpty_no[Guava tests of Chronicle Map [collection size: one]]" classname="com.google.common.collect.testing.testers.MapIsEmptyTester" time="0"/>
  <testcase name="testPut_nullKeyUnsupported[Guava tests of Chronicle Map [collection size: one]]" classname="com.google.common.collect.testing.testers.MapPutTester" time="0"/>
  <testcase name="testPut_replaceWithNullValueUnsupported[Guava tests of Chronicle Map [collection size: one]]" classname="com.google.common.collect.testing.testers.MapPutTester" time="0"/>
  <testcase name="testPut_supportedNotPresent[Guava tests of Chronicle Map [collection size: one]]" classname="com.google.common.collect.testing.testers.MapPutTester" time="0"/>
  <testcase name="testPut_nullValueUnsupported[Guava tests of Chronicle Map [collection size: one]]" classname="com.google.common.collect.testing.testers.MapPutTester" time="0"/>
  <testcase name="testPutAll_nullKeyUnsupported[Guava tests of Chronicle Map [collection size: one]]" classname="com.google.common.collect.testing.testers.MapPutAllTester" time="0"/>
  <testcase name="testPutAll_supportedNonePresent[Guava tests of Chronicle Map [collection size: one]]" classname="com.google.common.collect.testing.testers.MapPutAllTester" time="0"/>
  <testcase name="testPutAll_nullValueUnsupported[Guava tests of Chronicle Map [collection size: one]]" classname="com.google.common.collect.testing.testers.MapPutAllTester" time="0"/>
  <testcase name="testPutAll_supportedNothing[Guava tests of Chronicle Map [collection size: one]]" classname="com.google.common.collect.testing.testers.MapPutAllTester" time="0"/>
  <testcase name="testPutAll_supportedSomePresent[Guava tests of Chronicle Map [collection size: one]]" classname="com.google.common.collect.testing.testers.MapPutAllTester" time="0"/>
  <testcase name="testPutAll_nullCollectionReference[Guava tests of Chronicle Map [collection size: one]]" classname="com.google.common.collect.testing.testers.MapPutAllTester" time="0"/>
  <testcase name="testRemove_present[Guava tests of Chronicle Map [collection size: one]]" classname="com.google.common.collect.testing.testers.MapRemoveTester" time="0"/>
  <testcase name="testRemove_wrongType[Guava tests of Chronicle Map [collection size: one]]" classname="com.google.common.collect.testing.testers.MapRemoveTester" time="0"/>
  <testcase name="testRemove_nullQueriesNotSupported[Guava tests of Chronicle Map [collection size: one]]" classname="com.google.common.collect.testing.testers.MapRemoveTester" time="0"/>
  <testcase name="testRemove_notPresent[Guava tests of Chronicle Map [collection size: one]]" classname="com.google.common.collect.testing.testers.MapRemoveTester" time="0"/>
  <testcase name="testSize[Guava tests of Chronicle Map [collection size: one]]" classname="com.google.common.collect.testing.testers.MapSizeTester" time="0"/>
  <testcase name="testToString_size1[Guava tests of Chronicle Map [collection size: one]]" classname="com.google.common.collect.testing.testers.MapToStringTester" time="0"/>
  <testcase name="testToString_formatting[Guava tests of Chronicle Map [collection size: one]]" classname="com.google.common.collect.testing.testers.MapToStringTester" time="0"/>
  <testcase name="testToString_minimal[Guava tests of Chronicle Map [collection size: one]]" classname="com.google.common.collect.testing.testers.MapToStringTester" time="0"/>
  <testcase name="testAddAll_unsupportedSomePresent[Guava tests of Chronicle Map [collection size: one] entrySet [collection size: one]]" classname="com.google.common.collect.testing.testers.CollectionAddAllTester" time="0"/>
  <testcase name="testAddAll_unsupportedNothing[Guava tests of Chronicle Map [collection size: one] entrySet [collection size: one]]" classname="com.google.common.collect.testing.testers.CollectionAddAllTester" time="0"/>
  <testcase name="testAddAll_unsupportedNonePresent[Guava tests of Chronicle Map [collection size: one] entrySet [collection size: one]]" classname="com.google.common.collect.testing.testers.CollectionAddAllTester" time="0"/>
  <testcase name="testAddAll_unsupportedAllPresent[Guava tests of Chronicle Map [collection size: one] entrySet [collection size: one]]" classname="com.google.common.collect.testing.testers.CollectionAddAllTester" time="0"/>
  <testcase name="testAdd_unsupportedNotPresent[Guava tests of Chronicle Map [collection size: one] entrySet [collection size: one]]" classname="com.google.common.collect.testing.testers.CollectionAddTester" time="0"/>
  <testcase name="testAdd_unsupportedPresent[Guava tests of Chronicle Map [collection size: one] entrySet [collection size: one]]" classname="com.google.common.collect.testing.testers.CollectionAddTester" time="0"/>
  <testcase name="testClear[Guava tests of Chronicle Map [collection size: one] entrySet [collection size: one]]" classname="com.google.common.collect.testing.testers.CollectionClearTester" time="0"/>
  <testcase name="testContainsAll_subset[Guava tests of Chronicle Map [collection size: one] entrySet [collection size: one]]" classname="com.google.common.collect.testing.testers.CollectionContainsAllTester" time="0"/>
  <testcase name="testContainsAll_disjoint[Guava tests of Chronicle Map [collection size: one] entrySet [collection size: one]]" classname="com.google.common.collect.testing.testers.CollectionContainsAllTester" time="0"/>
  <testcase name="testContainsAll_nullNotAllowed[Guava tests of Chronicle Map [collection size: one] entrySet [collection size: one]]" classname="com.google.common.collect.testing.testers.CollectionContainsAllTester" time="0"/>
  <testcase name="testContainsAll_self[Guava tests of Chronicle Map [collection size: one] entrySet [collection size: one]]" classname="com.google.common.collect.testing.testers.CollectionContainsAllTester" time="0"/>
  <testcase name="testContainsAll_wrongType[Guava tests of Chronicle Map [collection size: one] entrySet [collection size: one]]" classname="com.google.common.collect.testing.testers.CollectionContainsAllTester" time="0"/>
  <testcase name="testContainsAll_empty[Guava tests of Chronicle Map [collection size: one] entrySet [collection size: one]]" classname="com.google.common.collect.testing.testers.CollectionContainsAllTester" time="0"/>
  <testcase name="testContainsAll_sameElements[Guava tests of Chronicle Map [collection size: one] entrySet [collection size: one]]" classname="com.google.common.collect.testing.testers.CollectionContainsAllTester" time="0"/>
  <testcase name="testContainsAll_partialOverlap[Guava tests of Chronicle Map [collection size: one] entrySet [collection size: one]]" classname="com.google.common.collect.testing.testers.CollectionContainsAllTester" time="0"/>
  <testcase name="testContains_yes[Guava tests of Chronicle Map [collection size: one] entrySet [collection size: one]]" classname="com.google.common.collect.testing.testers.CollectionContainsTester" time="0"/>
  <testcase name="testContains_no[Guava tests of Chronicle Map [collection size: one] entrySet [collection size: one]]" classname="com.google.common.collect.testing.testers.CollectionContainsTester" time="0"/>
  <testcase name="testContains_nullNotContainedAndUnsupported[Guava tests of Chronicle Map [collection size: one] entrySet [collection size: one]]" classname="com.google.common.collect.testing.testers.CollectionContainsTester" time="0"/>
  <testcase name="testContains_wrongType[Guava tests of Chronicle Map [collection size: one] entrySet [collection size: one]]" classname="com.google.common.collect.testing.testers.CollectionContainsTester" time="0"/>
  <testcase name="testCreateWithNull_unsupported[Guava tests of Chronicle Map [collection size: one] entrySet [collection size: one]]" classname="com.google.common.collect.testing.testers.CollectionCreationTester" time="0.001"/>
  <testcase name="testEquals_null[Guava tests of Chronicle Map [collection size: one] entrySet [collection size: one]]" classname="com.google.common.collect.testing.testers.CollectionEqualsTester" time="0.001"/>
  <testcase name="testEquals_self[Guava tests of Chronicle Map [collection size: one] entrySet [collection size: one]]" classname="com.google.common.collect.testing.testers.CollectionEqualsTester" time="0.001"/>
  <testcase name="testEquals_notACollection[Guava tests of Chronicle Map [collection size: one] entrySet [collection size: one]]" classname="com.google.common.collect.testing.testers.CollectionEqualsTester" time="0"/>
  <testcase name="testIsEmpty_no[Guava tests of Chronicle Map [collection size: one] entrySet [collection size: one]]" classname="com.google.common.collect.testing.testers.CollectionIsEmptyTester" time="0"/>
  <testcase name="testIteratorNoSuchElementException[Guava tests of Chronicle Map [collection size: one] entrySet [collection size: one]]" classname="com.google.common.collect.testing.testers.CollectionIteratorTester" time="0.001"/>
  <testcase name="testIterator[Guava tests of Chronicle Map [collection size: one] entrySet [collection size: one]]" classname="com.google.common.collect.testing.testers.CollectionIteratorTester" time="0.001"/>
  <testcase name="testIterator_unknownOrderRemoveSupported[Guava tests of Chronicle Map [collection size: one] entrySet [collection size: one]]" classname="com.google.common.collect.testing.testers.CollectionIteratorTester" time="0.258"/>
  <testcase name="testRemoveAll_containsWrongType[Guava tests of Chronicle Map [collection size: one] entrySet [collection size: one]]" classname="com.google.common.collect.testing.testers.CollectionRemoveAllTester" time="0.001"/>
  <testcase name="testRemoveAll_allPresent[Guava tests of Chronicle Map [collection size: one] entrySet [collection size: one]]" classname="com.google.common.collect.testing.testers.CollectionRemoveAllTester" time="0.003"/>
  <testcase name="testRemoveAll_somePresent[Guava tests of Chronicle Map [collection size: one] entrySet [collection size: one]]" classname="com.google.common.collect.testing.testers.CollectionRemoveAllTester" time="0"/>
  <testcase name="testRemoveAll_nullCollectionReferenceNonEmptySubject[Guava tests of Chronicle Map [collection size: one] entrySet [collection size: one]]" classname="com.google.common.collect.testing.testers.CollectionRemoveAllTester" time="0"/>
  <testcase name="testRemoveAll_emptyCollection[Guava tests of Chronicle Map [collection size: one] entrySet [collection size: one]]" classname="com.google.common.collect.testing.testers.CollectionRemoveAllTester" time="0.001"/>
  <testcase name="testRemoveAll_containsNullNo[Guava tests of Chronicle Map [collection size: one] entrySet [collection size: one]]" classname="com.google.common.collect.testing.testers.CollectionRemoveAllTester" time="0.001"/>
  <testcase name="testRemoveAll_nonePresent[Guava tests of Chronicle Map [collection size: one] entrySet [collection size: one]]" classname="com.google.common.collect.testing.testers.CollectionRemoveAllTester" time="0.001"/>
  <testcase name="testRemoveAll_somePresentLargeCollectionToRemove[Guava tests of Chronicle Map [collection size: one] entrySet [collection size: one]]" classname="com.google.common.collect.testing.testers.CollectionRemoveAllTester" time="0"/>
  <testcase name="testRemove_present[Guava tests of Chronicle Map [collection size: one] entrySet [collection size: one]]" classname="com.google.common.collect.testing.testers.CollectionRemoveTester" time="0.001"/>
  <testcase name="testRemove_wrongType[Guava tests of Chronicle Map [collection size: one] entrySet [collection size: one]]" classname="com.google.common.collect.testing.testers.CollectionRemoveTester" time="0.001"/>
  <testcase name="testRemove_nullNotSupported[Guava tests of Chronicle Map [collection size: one] entrySet [collection size: one]]" classname="com.google.common.collect.testing.testers.CollectionRemoveTester" time="0.001"/>
  <testcase name="testRemove_notPresent[Guava tests of Chronicle Map [collection size: one] entrySet [collection size: one]]" classname="com.google.common.collect.testing.testers.CollectionRemoveTester" time="0"/>
  <testcase name="testRetainAll_nullSingletonPreviouslyNonEmpty[Guava tests of Chronicle Map [collection size: one] entrySet [collection size: one]]" classname="com.google.common.collect.testing.testers.CollectionRetainAllTester" time="0.001"/>
  <testcase name="testRetainAll_disjointPreviouslyNonEmpty[Guava tests of Chronicle Map [collection size: one] entrySet [collection size: one]]" classname="com.google.common.collect.testing.testers.CollectionRetainAllTester" time="0.002"/>
  <testcase name="testRetainAll_nullCollectionReferenceNonEmptySubject[Guava tests of Chronicle Map [collection size: one] entrySet [collection size: one]]" classname="com.google.common.collect.testing.testers.CollectionRetainAllTester" time="0"/>
  <testcase name="testRetainAll_superset[Guava tests of Chronicle Map [collection size: one] entrySet [collection size: one]]" classname="com.google.common.collect.testing.testers.CollectionRetainAllTester" time="0.002"/>
  <testcase name="testRetainAll_containsDuplicatesSizeOne[Guava tests of Chronicle Map [collection size: one] entrySet [collection size: one]]" classname="com.google.common.collect.testing.testers.CollectionRetainAllTester" time="0"/>
  <testcase name="testRetainAll_emptyPreviouslyNonEmpty[Guava tests of Chronicle Map [collection size: one] entrySet [collection size: one]]" classname="com.google.common.collect.testing.testers.CollectionRetainAllTester" time="0.001"/>
  <testcase name="testRetainAll_sameElements[Guava tests of Chronicle Map [collection size: one] entrySet [collection size: one]]" classname="com.google.common.collect.testing.testers.CollectionRetainAllTester" time="0.001"/>
  <testcase name="testSize[Guava tests of Chronicle Map [collection size: one] entrySet [collection size: one]]" classname="com.google.common.collect.testing.testers.CollectionSizeTester" time="0.001"/>
  <testcase name="testToArray_emptyArray[Guava tests of Chronicle Map [collection size: one] entrySet [collection size: one]]" classname="com.google.common.collect.testing.testers.CollectionToArrayTester" time="0.001"/>
  <testcase name="testToArray_oversizedArray[Guava tests of Chronicle Map [collection size: one] entrySet [collection size: one]]" classname="com.google.common.collect.testing.testers.CollectionToArrayTester" time="0.001"/>
  <testcase name="testToArray_emptyArrayOfObject[Guava tests of Chronicle Map [collection size: one] entrySet [collection size: one]]" classname="com.google.common.collect.testing.testers.CollectionToArrayTester" time="0.002"/>
  <testcase name="testToArray_emptyArrayOfWrongTypeForNonEmptyCollection[Guava tests of Chronicle Map [collection size: one] entrySet [collection size: one]]" classname="com.google.common.collect.testing.testers.CollectionToArrayTester" time="0.001"/>
  <testcase name="testToArray_noArgs[Guava tests of Chronicle Map [collection size: one] entrySet [collection size: one]]" classname="com.google.common.collect.testing.testers.CollectionToArrayTester" time="0.001"/>
  <testcase name="testToArray_isPlainObjectArray[Guava tests of Chronicle Map [collection size: one] entrySet [collection size: one]]" classname="com.google.common.collect.testing.testers.CollectionToArrayTester" time="0.001"/>
  <testcase name="testToArray_rightSizedArrayOfObject[Guava tests of Chronicle Map [collection size: one] entrySet [collection size: one]]" classname="com.google.common.collect.testing.testers.CollectionToArrayTester" time="0.001"/>
  <testcase name="testToArray_rightSizedArray[Guava tests of Chronicle Map [collection size: one] entrySet [collection size: one]]" classname="com.google.common.collect.testing.testers.CollectionToArrayTester" time="0.001"/>
  <testcase name="testToString_size1[Guava tests of Chronicle Map [collection size: one] entrySet [collection size: one]]" classname="com.google.common.collect.testing.testers.CollectionToStringTester" time="0.001"/>
  <testcase name="testToString_minimal[Guava tests of Chronicle Map [collection size: one] entrySet [collection size: one]]" classname="com.google.common.collect.testing.testers.CollectionToStringTester" time="0.001"/>
  <testcase name="testHashCode[Guava tests of Chronicle Map [collection size: one] entrySet [collection size: one]]" classname="com.google.common.collect.testing.testers.SetHashCodeTester" time="0.001"/>
  <testcase name="testEquals_list[Guava tests of Chronicle Map [collection size: one] entrySet [collection size: one]]" classname="com.google.common.collect.testing.testers.SetEqualsTester" time="0.001"/>
  <testcase name="testEquals_otherSetWithSameElements[Guava tests of Chronicle Map [collection size: one] entrySet [collection size: one]]" classname="com.google.common.collect.testing.testers.SetEqualsTester" time="0.001"/>
  <testcase name="testEquals_largerSet[Guava tests of Chronicle Map [collection size: one] entrySet [collection size: one]]" classname="com.google.common.collect.testing.testers.SetEqualsTester" time="0.001"/>
  <testcase name="testEquals_otherContainsNull[Guava tests of Chronicle Map [collection size: one] entrySet [collection size: one]]" classname="com.google.common.collect.testing.testers.SetEqualsTester" time="0.001"/>
  <testcase name="testEquals_smallerSet[Guava tests of Chronicle Map [collection size: one] entrySet [collection size: one]]" classname="com.google.common.collect.testing.testers.SetEqualsTester" time="0.001"/>
  <testcase name="testEquals_otherSetWithDifferentElements[Guava tests of Chronicle Map [collection size: one] entrySet [collection size: one]]" classname="com.google.common.collect.testing.testers.SetEqualsTester" time="0.001"/>
  <testcase name="testRemove_present[Guava tests of Chronicle Map [collection size: one] entrySet [collection size: one]]" classname="com.google.common.collect.testing.testers.SetRemoveTester" time="0"/>
  <testcase name="testSomethingAboutIterators[Guava tests of Chronicle Map [collection size: one] entrySet [collection size: one] iterator]" classname="com.google.common.collect.testing.ExampleIteratorTester" time="0"/>
  <testcase name="testAddAll_unsupportedSomePresent[Guava tests of Chronicle Map [collection size: one] keys [collection size: one]]" classname="com.google.common.collect.testing.testers.CollectionAddAllTester" time="0.001"/>
  <testcase name="testAddAll_unsupportedNothing[Guava tests of Chronicle Map [collection size: one] keys [collection size: one]]" classname="com.google.common.collect.testing.testers.CollectionAddAllTester" time="0.001"/>
  <testcase name="testAddAll_unsupportedNonePresent[Guava tests of Chronicle Map [collection size: one] keys [collection size: one]]" classname="com.google.common.collect.testing.testers.CollectionAddAllTester" time="0.001"/>
  <testcase name="testAddAll_unsupportedAllPresent[Guava tests of Chronicle Map [collection size: one] keys [collection size: one]]" classname="com.google.common.collect.testing.testers.CollectionAddAllTester" time="0.001"/>
  <testcase name="testAdd_unsupportedNotPresent[Guava tests of Chronicle Map [collection size: one] keys [collection size: one]]" classname="com.google.common.collect.testing.testers.CollectionAddTester" time="0.001"/>
  <testcase name="testAdd_unsupportedPresent[Guava tests of Chronicle Map [collection size: one] keys [collection size: one]]" classname="com.google.common.collect.testing.testers.CollectionAddTester" time="0.001"/>
  <testcase name="testClear[Guava tests of Chronicle Map [collection size: one] keys [collection size: one]]" classname="com.google.common.collect.testing.testers.CollectionClearTester" time="0.001"/>
  <testcase name="testContainsAll_subset[Guava tests of Chronicle Map [collection size: one] keys [collection size: one]]" classname="com.google.common.collect.testing.testers.CollectionContainsAllTester" time="0.001"/>
  <testcase name="testContainsAll_disjoint[Guava tests of Chronicle Map [collection size: one] keys [collection size: one]]" classname="com.google.common.collect.testing.testers.CollectionContainsAllTester" time="0"/>
  <testcase name="testContainsAll_nullNotAllowed[Guava tests of Chronicle Map [collection size: one] keys [collection size: one]]" classname="com.google.common.collect.testing.testers.CollectionContainsAllTester" time="0.001"/>
  <testcase name="testContainsAll_self[Guava tests of Chronicle Map [collection size: one] keys [collection size: one]]" classname="com.google.common.collect.testing.testers.CollectionContainsAllTester" time="0.001"/>
  <testcase name="testContainsAll_wrongType[Guava tests of Chronicle Map [collection size: one] keys [collection size: one]]" classname="com.google.common.collect.testing.testers.CollectionContainsAllTester" time="0.001"/>
  <testcase name="testContainsAll_empty[Guava tests of Chronicle Map [collection size: one] keys [collection size: one]]" classname="com.google.common.collect.testing.testers.CollectionContainsAllTester" time="0"/>
  <testcase name="testContainsAll_sameElements[Guava tests of Chronicle Map [collection size: one] keys [collection size: one]]" classname="com.google.common.collect.testing.testers.CollectionContainsAllTester" time="0.001"/>
  <testcase name="testContainsAll_partialOverlap[Guava tests of Chronicle Map [collection size: one] keys [collection size: one]]" classname="com.google.common.collect.testing.testers.CollectionContainsAllTester" time="0.001"/>
  <testcase name="testContains_yes[Guava tests of Chronicle Map [collection size: one] keys [collection size: one]]" classname="com.google.common.collect.testing.testers.CollectionContainsTester" time="0"/>
  <testcase name="testContains_no[Guava tests of Chronicle Map [collection size: one] keys [collection size: one]]" classname="com.google.common.collect.testing.testers.CollectionContainsTester" time="0.001"/>
  <testcase name="testContains_nullNotContainedAndUnsupported[Guava tests of Chronicle Map [collection size: one] keys [collection size: one]]" classname="com.google.common.collect.testing.testers.CollectionContainsTester" time="0.001"/>
  <testcase name="testContains_wrongType[Guava tests of Chronicle Map [collection size: one] keys [collection size: one]]" classname="com.google.common.collect.testing.testers.CollectionContainsTester" time="0.004"/>
  <testcase name="testCreateWithNull_unsupported[Guava tests of Chronicle Map [collection size: one] keys [collection size: one]]" classname="com.google.common.collect.testing.testers.CollectionCreationTester" time="0.002"/>
  <testcase name="testEquals_null[Guava tests of Chronicle Map [collection size: one] keys [collection size: one]]" classname="com.google.common.collect.testing.testers.CollectionEqualsTester" time="0.001"/>
  <testcase name="testEquals_self[Guava tests of Chronicle Map [collection size: one] keys [collection size: one]]" classname="com.google.common.collect.testing.testers.CollectionEqualsTester" time="0.001"/>
  <testcase name="testEquals_notACollection[Guava tests of Chronicle Map [collection size: one] keys [collection size: one]]" classname="com.google.common.collect.testing.testers.CollectionEqualsTester" time="0"/>
  <testcase name="testIsEmpty_no[Guava tests of Chronicle Map [collection size: one] keys [collection size: one]]" classname="com.google.common.collect.testing.testers.CollectionIsEmptyTester" time="0.001"/>
  <testcase name="testIteratorNoSuchElementException[Guava tests of Chronicle Map [collection size: one] keys [collection size: one]]" classname="com.google.common.collect.testing.testers.CollectionIteratorTester" time="0.001"/>
  <testcase name="testIterator[Guava tests of Chronicle Map [collection size: one] keys [collection size: one]]" classname="com.google.common.collect.testing.testers.CollectionIteratorTester" time="0.001"/>
  <testcase name="testIterator_unknownOrderRemoveSupported[Guava tests of Chronicle Map [collection size: one] keys [collection size: one]]" classname="com.google.common.collect.testing.testers.CollectionIteratorTester" time="0.244"/>
  <testcase name="testRemoveAll_containsWrongType[Guava tests of Chronicle Map [collection size: one] keys [collection size: one]]" classname="com.google.common.collect.testing.testers.CollectionRemoveAllTester" time="0.001"/>
  <testcase name="testRemoveAll_allPresent[Guava tests of Chronicle Map [collection size: one] keys [collection size: one]]" classname="com.google.common.collect.testing.testers.CollectionRemoveAllTester" time="0.001"/>
  <testcase name="testRemoveAll_somePresent[Guava tests of Chronicle Map [collection size: one] keys [collection size: one]]" classname="com.google.common.collect.testing.testers.CollectionRemoveAllTester" time="0.001"/>
  <testcase name="testRemoveAll_nullCollectionReferenceNonEmptySubject[Guava tests of Chronicle Map [collection size: one] keys [collection size: one]]" classname="com.google.common.collect.testing.testers.CollectionRemoveAllTester" time="0.001"/>
  <testcase name="testRemoveAll_emptyCollection[Guava tests of Chronicle Map [collection size: one] keys [collection size: one]]" classname="com.google.common.collect.testing.testers.CollectionRemoveAllTester" time="0.001"/>
  <testcase name="testRemoveAll_containsNullNo[Guava tests of Chronicle Map [collection size: one] keys [collection size: one]]" classname="com.google.common.collect.testing.testers.CollectionRemoveAllTester" time="0.001"/>
  <testcase name="testRemoveAll_nonePresent[Guava tests of Chronicle Map [collection size: one] keys [collection size: one]]" classname="com.google.common.collect.testing.testers.CollectionRemoveAllTester" time="0"/>
  <testcase name="testRemoveAll_somePresentLargeCollectionToRemove[Guava tests of Chronicle Map [collection size: one] keys [collection size: one]]" classname="com.google.common.collect.testing.testers.CollectionRemoveAllTester" time="0.001"/>
  <testcase name="testRemove_present[Guava tests of Chronicle Map [collection size: one] keys [collection size: one]]" classname="com.google.common.collect.testing.testers.CollectionRemoveTester" time="0.001"/>
  <testcase name="testRemove_wrongType[Guava tests of Chronicle Map [collection size: one] keys [collection size: one]]" classname="com.google.common.collect.testing.testers.CollectionRemoveTester" time="0.001"/>
  <testcase name="testRemove_nullNotSupported[Guava tests of Chronicle Map [collection size: one] keys [collection size: one]]" classname="com.google.common.collect.testing.testers.CollectionRemoveTester" time="0.001"/>
  <testcase name="testRemove_notPresent[Guava tests of Chronicle Map [collection size: one] keys [collection size: one]]" classname="com.google.common.collect.testing.testers.CollectionRemoveTester" time="0.001"/>
  <testcase name="testRetainAll_nullSingletonPreviouslyNonEmpty[Guava tests of Chronicle Map [collection size: one] keys [collection size: one]]" classname="com.google.common.collect.testing.testers.CollectionRetainAllTester" time="0.001"/>
  <testcase name="testRetainAll_disjointPreviouslyNonEmpty[Guava tests of Chronicle Map [collection size: one] keys [collection size: one]]" classname="com.google.common.collect.testing.testers.CollectionRetainAllTester" time="0.001"/>
  <testcase name="testRetainAll_nullCollectionReferenceNonEmptySubject[Guava tests of Chronicle Map [collection size: one] keys [collection size: one]]" classname="com.google.common.collect.testing.testers.CollectionRetainAllTester" time="0.001"/>
  <testcase name="testRetainAll_superset[Guava tests of Chronicle Map [collection size: one] keys [collection size: one]]" classname="com.google.common.collect.testing.testers.CollectionRetainAllTester" time="0.001"/>
  <testcase name="testRetainAll_containsDuplicatesSizeOne[Guava tests of Chronicle Map [collection size: one] keys [collection size: one]]" classname="com.google.common.collect.testing.testers.CollectionRetainAllTester" time="0.001"/>
  <testcase name="testRetainAll_emptyPreviouslyNonEmpty[Guava tests of Chronicle Map [collection size: one] keys [collection size: one]]" classname="com.google.common.collect.testing.testers.CollectionRetainAllTester" time="0.001"/>
  <testcase name="testRetainAll_sameElements[Guava tests of Chronicle Map [collection size: one] keys [collection size: one]]" classname="com.google.common.collect.testing.testers.CollectionRetainAllTester" time="0.003"/>
  <testcase name="testSize[Guava tests of Chronicle Map [collection size: one] keys [collection size: one]]" classname="com.google.common.collect.testing.testers.CollectionSizeTester" time="0"/>
  <testcase name="testToArray_emptyArray[Guava tests of Chronicle Map [collection size: one] keys [collection size: one]]" classname="com.google.common.collect.testing.testers.CollectionToArrayTester" time="0"/>
  <testcase name="testToArray_oversizedArray[Guava tests of Chronicle Map [collection size: one] keys [collection size: one]]" classname="com.google.common.collect.testing.testers.CollectionToArrayTester" time="0.001"/>
  <testcase name="testToArray_emptyArrayOfObject[Guava tests of Chronicle Map [collection size: one] keys [collection size: one]]" classname="com.google.common.collect.testing.testers.CollectionToArrayTester" time="0.001"/>
  <testcase name="testToArray_emptyArrayOfWrongTypeForNonEmptyCollection[Guava tests of Chronicle Map [collection size: one] keys [collection size: one]]" classname="com.google.common.collect.testing.testers.CollectionToArrayTester" time="0.001"/>
  <testcase name="testToArray_noArgs[Guava tests of Chronicle Map [collection size: one] keys [collection size: one]]" classname="com.google.common.collect.testing.testers.CollectionToArrayTester" time="0.001"/>
  <testcase name="testToArray_isPlainObjectArray[Guava tests of Chronicle Map [collection size: one] keys [collection size: one]]" classname="com.google.common.collect.testing.testers.CollectionToArrayTester" time="0.001"/>
  <testcase name="testToArray_rightSizedArrayOfObject[Guava tests of Chronicle Map [collection size: one] keys [collection size: one]]" classname="com.google.common.collect.testing.testers.CollectionToArrayTester" time="0.002"/>
  <testcase name="testToArray_rightSizedArray[Guava tests of Chronicle Map [collection size: one] keys [collection size: one]]" classname="com.google.common.collect.testing.testers.CollectionToArrayTester" time="0.001"/>
  <testcase name="testToString_size1[Guava tests of Chronicle Map [collection size: one] keys [collection size: one]]" classname="com.google.common.collect.testing.testers.CollectionToStringTester" time="0.001"/>
  <testcase name="testToString_minimal[Guava tests of Chronicle Map [collection size: one] keys [collection size: one]]" classname="com.google.common.collect.testing.testers.CollectionToStringTester" time="0.001"/>
  <testcase name="testHashCode[Guava tests of Chronicle Map [collection size: one] keys [collection size: one]]" classname="com.google.common.collect.testing.testers.SetHashCodeTester" time="0.001"/>
  <testcase name="testEquals_list[Guava tests of Chronicle Map [collection size: one] keys [collection size: one]]" classname="com.google.common.collect.testing.testers.SetEqualsTester" time="0.001"/>
  <testcase name="testEquals_otherSetWithSameElements[Guava tests of Chronicle Map [collection size: one] keys [collection size: one]]" classname="com.google.common.collect.testing.testers.SetEqualsTester" time="0.001"/>
  <testcase name="testEquals_largerSet[Guava tests of Chronicle Map [collection size: one] keys [collection size: one]]" classname="com.google.common.collect.testing.testers.SetEqualsTester" time="0.001"/>
  <testcase name="testEquals_otherContainsNull[Guava tests of Chronicle Map [collection size: one] keys [collection size: one]]" classname="com.google.common.collect.testing.testers.SetEqualsTester" time="0.001"/>
  <testcase name="testEquals_smallerSet[Guava tests of Chronicle Map [collection size: one] keys [collection size: one]]" classname="com.google.common.collect.testing.testers.SetEqualsTester" time="0.001"/>
  <testcase name="testEquals_otherSetWithDifferentElements[Guava tests of Chronicle Map [collection size: one] keys [collection size: one]]" classname="com.google.common.collect.testing.testers.SetEqualsTester" time="0.002"/>
  <testcase name="testRemove_present[Guava tests of Chronicle Map [collection size: one] keys [collection size: one]]" classname="com.google.common.collect.testing.testers.SetRemoveTester" time="0.001"/>
  <testcase name="testSomethingAboutIterators[Guava tests of Chronicle Map [collection size: one] keys [collection size: one] iterator]" classname="com.google.common.collect.testing.ExampleIteratorTester" time="0"/>
  <testcase name="testAddAll_unsupportedSomePresent[Guava tests of Chronicle Map [collection size: one] values [collection size: one]]" classname="com.google.common.collect.testing.testers.CollectionAddAllTester" time="0.001"/>
  <testcase name="testAddAll_unsupportedNothing[Guava tests of Chronicle Map [collection size: one] values [collection size: one]]" classname="com.google.common.collect.testing.testers.CollectionAddAllTester" time="0.001"/>
  <testcase name="testAddAll_unsupportedNonePresent[Guava tests of Chronicle Map [collection size: one] values [collection size: one]]" classname="com.google.common.collect.testing.testers.CollectionAddAllTester" time="0.001"/>
  <testcase name="testAddAll_unsupportedAllPresent[Guava tests of Chronicle Map [collection size: one] values [collection size: one]]" classname="com.google.common.collect.testing.testers.CollectionAddAllTester" time="0.002"/>
  <testcase name="testAdd_unsupportedNotPresent[Guava tests of Chronicle Map [collection size: one] values [collection size: one]]" classname="com.google.common.collect.testing.testers.CollectionAddTester" time="0.001"/>
  <testcase name="testAdd_unsupportedPresent[Guava tests of Chronicle Map [collection size: one] values [collection size: one]]" classname="com.google.common.collect.testing.testers.CollectionAddTester" time="0.001"/>
  <testcase name="testClear[Guava tests of Chronicle Map [collection size: one] values [collection size: one]]" classname="com.google.common.collect.testing.testers.CollectionClearTester" time="0.001"/>
  <testcase name="testContainsAll_subset[Guava tests of Chronicle Map [collection size: one] values [collection size: one]]" classname="com.google.common.collect.testing.testers.CollectionContainsAllTester" time="0.001"/>
  <testcase name="testContainsAll_disjoint[Guava tests of Chronicle Map [collection size: one] values [collection size: one]]" classname="com.google.common.collect.testing.testers.CollectionContainsAllTester" time="0.001"/>
  <testcase name="testContainsAll_nullNotAllowed[Guava tests of Chronicle Map [collection size: one] values [collection size: one]]" classname="com.google.common.collect.testing.testers.CollectionContainsAllTester" time="0.001"/>
  <testcase name="testContainsAll_self[Guava tests of Chronicle Map [collection size: one] values [collection size: one]]" classname="com.google.common.collect.testing.testers.CollectionContainsAllTester" time="0.001"/>
  <testcase name="testContainsAll_wrongType[Guava tests of Chronicle Map [collection size: one] values [collection size: one]]" classname="com.google.common.collect.testing.testers.CollectionContainsAllTester" time="0.001"/>
  <testcase name="testContainsAll_empty[Guava tests of Chronicle Map [collection size: one] values [collection size: one]]" classname="com.google.common.collect.testing.testers.CollectionContainsAllTester" time="0.001"/>
  <testcase name="testContainsAll_sameElements[Guava tests of Chronicle Map [collection size: one] values [collection size: one]]" classname="com.google.common.collect.testing.testers.CollectionContainsAllTester" time="0.001"/>
  <testcase name="testContainsAll_partialOverlap[Guava tests of Chronicle Map [collection size: one] values [collection size: one]]" classname="com.google.common.collect.testing.testers.CollectionContainsAllTester" time="0.001"/>
  <testcase name="testContains_yes[Guava tests of Chronicle Map [collection size: one] values [collection size: one]]" classname="com.google.common.collect.testing.testers.CollectionContainsTester" time="0.001"/>
  <testcase name="testContains_no[Guava tests of Chronicle Map [collection size: one] values [collection size: one]]" classname="com.google.common.collect.testing.testers.CollectionContainsTester" time="0.001"/>
  <testcase name="testContains_nullNotContainedAndUnsupported[Guava tests of Chronicle Map [collection size: one] values [collection size: one]]" classname="com.google.common.collect.testing.testers.CollectionContainsTester" time="0.001"/>
  <testcase name="testContains_wrongType[Guava tests of Chronicle Map [collection size: one] values [collection size: one]]" classname="com.google.common.collect.testing.testers.CollectionContainsTester" time="0.001"/>
  <testcase name="testCreateWithNull_unsupported[Guava tests of Chronicle Map [collection size: one] values [collection size: one]]" classname="com.google.common.collect.testing.testers.CollectionCreationTester" time="0.005"/>
  <testcase name="testEquals_null[Guava tests of Chronicle Map [collection size: one] values [collection size: one]]" classname="com.google.common.collect.testing.testers.CollectionEqualsTester" time="0"/>
  <testcase name="testEquals_self[Guava tests of Chronicle Map [collection size: one] values [collection size: one]]" classname="com.google.common.collect.testing.testers.CollectionEqualsTester" time="0"/>
  <testcase name="testEquals_notACollection[Guava tests of Chronicle Map [collection size: one] values [collection size: one]]" classname="com.google.common.collect.testing.testers.CollectionEqualsTester" time="0"/>
  <testcase name="testIsEmpty_no[Guava tests of Chronicle Map [collection size: one] values [collection size: one]]" classname="com.google.common.collect.testing.testers.CollectionIsEmptyTester" time="0.001"/>
  <testcase name="testIteratorNoSuchElementException[Guava tests of Chronicle Map [collection size: one] values [collection size: one]]" classname="com.google.common.collect.testing.testers.CollectionIteratorTester" time="0"/>
  <testcase name="testIterator[Guava tests of Chronicle Map [collection size: one] values [collection size: one]]" classname="com.google.common.collect.testing.testers.CollectionIteratorTester" time="0.002"/>
  <testcase name="testIterator_unknownOrderRemoveSupported[Guava tests of Chronicle Map [collection size: one] values [collection size: one]]" classname="com.google.common.collect.testing.testers.CollectionIteratorTester" time="0.294"/>
  <testcase name="testRemoveAll_containsWrongType[Guava tests of Chronicle Map [collection size: one] values [collection size: one]]" classname="com.google.common.collect.testing.testers.CollectionRemoveAllTester" time="0.001"/>
  <testcase name="testRemoveAll_allPresent[Guava tests of Chronicle Map [collection size: one] values [collection size: one]]" classname="com.google.common.collect.testing.testers.CollectionRemoveAllTester" time="0.001"/>
  <testcase name="testRemoveAll_somePresent[Guava tests of Chronicle Map [collection size: one] values [collection size: one]]" classname="com.google.common.collect.testing.testers.CollectionRemoveAllTester" time="0.001"/>
  <testcase name="testRemoveAll_nullCollectionReferenceNonEmptySubject[Guava tests of Chronicle Map [collection size: one] values [collection size: one]]" classname="com.google.common.collect.testing.testers.CollectionRemoveAllTester" time="0.001"/>
  <testcase name="testRemoveAll_emptyCollection[Guava tests of Chronicle Map [collection size: one] values [collection size: one]]" classname="com.google.common.collect.testing.testers.CollectionRemoveAllTester" time="0.001"/>
  <testcase name="testRemoveAll_containsNullNo[Guava tests of Chronicle Map [collection size: one] values [collection size: one]]" classname="com.google.common.collect.testing.testers.CollectionRemoveAllTester" time="0.001"/>
  <testcase name="testRemoveAll_nonePresent[Guava tests of Chronicle Map [collection size: one] values [collection size: one]]" classname="com.google.common.collect.testing.testers.CollectionRemoveAllTester" time="0.001"/>
  <testcase name="testRemoveAll_somePresentLargeCollectionToRemove[Guava tests of Chronicle Map [collection size: one] values [collection size: one]]" classname="com.google.common.collect.testing.testers.CollectionRemoveAllTester" time="0.001"/>
  <testcase name="testRemove_present[Guava tests of Chronicle Map [collection size: one] values [collection size: one]]" classname="com.google.common.collect.testing.testers.CollectionRemoveTester" time="0.001"/>
  <testcase name="testRemove_wrongType[Guava tests of Chronicle Map [collection size: one] values [collection size: one]]" classname="com.google.common.collect.testing.testers.CollectionRemoveTester" time="0.002"/>
  <testcase name="testRemove_nullNotSupported[Guava tests of Chronicle Map [collection size: one] values [collection size: one]]" classname="com.google.common.collect.testing.testers.CollectionRemoveTester" time="0"/>
  <testcase name="testRemove_notPresent[Guava tests of Chronicle Map [collection size: one] values [collection size: one]]" classname="com.google.common.collect.testing.testers.CollectionRemoveTester" time="0.001"/>
  <testcase name="testRetainAll_nullSingletonPreviouslyNonEmpty[Guava tests of Chronicle Map [collection size: one] values [collection size: one]]" classname="com.google.common.collect.testing.testers.CollectionRetainAllTester" time="0.003"/>
  <testcase name="testRetainAll_disjointPreviouslyNonEmpty[Guava tests of Chronicle Map [collection size: one] values [collection size: one]]" classname="com.google.common.collect.testing.testers.CollectionRetainAllTester" time="0"/>
  <testcase name="testRetainAll_nullCollectionReferenceNonEmptySubject[Guava tests of Chronicle Map [collection size: one] values [collection size: one]]" classname="com.google.common.collect.testing.testers.CollectionRetainAllTester" time="0.001"/>
  <testcase name="testRetainAll_superset[Guava tests of Chronicle Map [collection size: one] values [collection size: one]]" classname="com.google.common.collect.testing.testers.CollectionRetainAllTester" time="0.001"/>
  <testcase name="testRetainAll_containsDuplicatesSizeOne[Guava tests of Chronicle Map [collection size: one] values [collection size: one]]" classname="com.google.common.collect.testing.testers.CollectionRetainAllTester" time="0.001"/>
  <testcase name="testRetainAll_emptyPreviouslyNonEmpty[Guava tests of Chronicle Map [collection size: one] values [collection size: one]]" classname="com.google.common.collect.testing.testers.CollectionRetainAllTester" time="0.001"/>
  <testcase name="testRetainAll_sameElements[Guava tests of Chronicle Map [collection size: one] values [collection size: one]]" classname="com.google.common.collect.testing.testers.CollectionRetainAllTester" time="0.001"/>
  <testcase name="testSize[Guava tests of Chronicle Map [collection size: one] values [collection size: one]]" classname="com.google.common.collect.testing.testers.CollectionSizeTester" time="0.001"/>
  <testcase name="testToArray_emptyArray[Guava tests of Chronicle Map [collection size: one] values [collection size: one]]" classname="com.google.common.collect.testing.testers.CollectionToArrayTester" time="0.001"/>
  <testcase name="testToArray_oversizedArray[Guava tests of Chronicle Map [collection size: one] values [collection size: one]]" classname="com.google.common.collect.testing.testers.CollectionToArrayTester" time="0.001"/>
  <testcase name="testToArray_emptyArrayOfObject[Guava tests of Chronicle Map [collection size: one] values [collection size: one]]" classname="com.google.common.collect.testing.testers.CollectionToArrayTester" time="0.001"/>
  <testcase name="testToArray_emptyArrayOfWrongTypeForNonEmptyCollection[Guava tests of Chronicle Map [collection size: one] values [collection size: one]]" classname="com.google.common.collect.testing.testers.CollectionToArrayTester" time="0.001"/>
  <testcase name="testToArray_noArgs[Guava tests of Chronicle Map [collection size: one] values [collection size: one]]" classname="com.google.common.collect.testing.testers.CollectionToArrayTester" time="0.001"/>
  <testcase name="testToArray_isPlainObjectArray[Guava tests of Chronicle Map [collection size: one] values [collection size: one]]" classname="com.google.common.collect.testing.testers.CollectionToArrayTester" time="0.001"/>
  <testcase name="testToArray_rightSizedArrayOfObject[Guava tests of Chronicle Map [collection size: one] values [collection size: one]]" classname="com.google.common.collect.testing.testers.CollectionToArrayTester" time="0.001"/>
  <testcase name="testToArray_rightSizedArray[Guava tests of Chronicle Map [collection size: one] values [collection size: one]]" classname="com.google.common.collect.testing.testers.CollectionToArrayTester" time="0.001"/>
  <testcase name="testToString_size1[Guava tests of Chronicle Map [collection size: one] values [collection size: one]]" classname="com.google.common.collect.testing.testers.CollectionToStringTester" time="0.001"/>
  <testcase name="testToString_minimal[Guava tests of Chronicle Map [collection size: one] values [collection size: one]]" classname="com.google.common.collect.testing.testers.CollectionToStringTester" time="0.001"/>
  <testcase name="testSomethingAboutIterators[Guava tests of Chronicle Map [collection size: one] values [collection size: one] iterator]" classname="com.google.common.collect.testing.ExampleIteratorTester" time="0"/>
  <testcase name="testClear[Guava tests of Chronicle Map [collection size: several]]" classname="com.google.common.collect.testing.testers.MapClearTester" time="0.002"/>
  <testcase name="testContains_yes[Guava tests of Chronicle Map [collection size: several]]" classname="com.google.common.collect.testing.testers.MapContainsKeyTester" time="0.001"/>
  <testcase name="testContains_no[Guava tests of Chronicle Map [collection size: several]]" classname="com.google.common.collect.testing.testers.MapContainsKeyTester" time="0.005"/>
  <testcase name="testContains_nullNotContainedAndUnsupported[Guava tests of Chronicle Map [collection size: several]]" classname="com.google.common.collect.testing.testers.MapContainsKeyTester" time="0"/>
  <testcase name="testContains_wrongType[Guava tests of Chronicle Map [collection size: several]]" classname="com.google.common.collect.testing.testers.MapContainsKeyTester" time="0.001"/>
  <testcase name="testContains_yes[Guava tests of Chronicle Map [collection size: several]]" classname="com.google.common.collect.testing.testers.MapContainsValueTester" time="0.001"/>
  <testcase name="testContains_no[Guava tests of Chronicle Map [collection size: several]]" classname="com.google.common.collect.testing.testers.MapContainsValueTester" time="0.002"/>
  <testcase name="testContains_nullNotContainedAndUnsupported[Guava tests of Chronicle Map [collection size: several]]" classname="com.google.common.collect.testing.testers.MapContainsValueTester" time="0.002"/>
  <testcase name="testContains_wrongType[Guava tests of Chronicle Map [collection size: several]]" classname="com.google.common.collect.testing.testers.MapContainsValueTester" time="0.001"/>
  <testcase name="testCreateWithNullValueUnsupported[Guava tests of Chronicle Map [collection size: several]]" classname="com.google.common.collect.testing.testers.MapCreationTester" time="0.003"/>
  <testcase name="testCreateWithDuplicates_nonNullDuplicatesNotRejected[Guava tests of Chronicle Map [collection size: several]]" classname="com.google.common.collect.testing.testers.MapCreationTester" time="0.003"/>
  <testcase name="testCreateWithNullKeyUnsupported[Guava tests of Chronicle Map [collection size: several]]" classname="com.google.common.collect.testing.testers.MapCreationTester" time="0.002"/>
  <testcase name="testContainsEntryWithIncomparableKey[Guava tests of Chronicle Map [collection size: several]]" classname="com.google.common.collect.testing.testers.MapEntrySetTester" time="0.002"/>
  <testcase name="testContainsEntryWithIncomparableValue[Guava tests of Chronicle Map [collection size: several]]" classname="com.google.common.collect.testing.testers.MapEntrySetTester" time="0.001"/>
  <testcase name="testEquals_list[Guava tests of Chronicle Map [collection size: several]]" classname="com.google.common.collect.testing.testers.MapEqualsTester" time="0.002"/>
  <testcase name="testEquals_otherMapWithDifferentEntries[Guava tests of Chronicle Map [collection size: several]]" classname="com.google.common.collect.testing.testers.MapEqualsTester" time="0.002"/>
  <testcase name="testEquals_otherMapWithSameEntries[Guava tests of Chronicle Map [collection size: several]]" classname="com.google.common.collect.testing.testers.MapEqualsTester" time="0.001"/>
  <testcase name="testEquals_otherContainsNullValue[Guava tests of Chronicle Map [collection size: several]]" classname="com.google.common.collect.testing.testers.MapEqualsTester" time="0.001"/>
  <testcase name="testEquals_largerMap[Guava tests of Chronicle Map [collection size: several]]" classname="com.google.common.collect.testing.testers.MapEqualsTester" time="0.002"/>
  <testcase name="testEquals_otherContainsNullKey[Guava tests of Chronicle Map [collection size: several]]" classname="com.google.common.collect.testing.testers.MapEqualsTester" time="0.002"/>
  <testcase name="testEquals_smallerMap[Guava tests of Chronicle Map [collection size: several]]" classname="com.google.common.collect.testing.testers.MapEqualsTester" time="0.001"/>
  <testcase name="testGet_yes[Guava tests of Chronicle Map [collection size: several]]" classname="com.google.common.collect.testing.testers.MapGetTester" time="0.001"/>
  <testcase name="testGet_no[Guava tests of Chronicle Map [collection size: several]]" classname="com.google.common.collect.testing.testers.MapGetTester" time="0.001"/>
  <testcase name="testGet_nullNotContainedAndUnsupported[Guava tests of Chronicle Map [collection size: several]]" classname="com.google.common.collect.testing.testers.MapGetTester" time="0.002"/>
  <testcase name="testGet_wrongType[Guava tests of Chronicle Map [collection size: several]]" classname="com.google.common.collect.testing.testers.MapGetTester" time="0.001"/>
  <testcase name="testHashCode[Guava tests of Chronicle Map [collection size: several]]" classname="com.google.common.collect.testing.testers.MapHashCodeTester" time="0.002"/>
  <testcase name="testIsEmpty_no[Guava tests of Chronicle Map [collection size: several]]" classname="com.google.common.collect.testing.testers.MapIsEmptyTester" time="0.002"/>
  <testcase name="testPut_nullKeyUnsupported[Guava tests of Chronicle Map [collection size: several]]" classname="com.google.common.collect.testing.testers.MapPutTester" time="0.002"/>
  <testcase name="testPut_replaceWithNullValueUnsupported[Guava tests of Chronicle Map [collection size: several]]" classname="com.google.common.collect.testing.testers.MapPutTester" time="0.002"/>
  <testcase name="testPut_supportedNotPresent[Guava tests of Chronicle Map [collection size: several]]" classname="com.google.common.collect.testing.testers.MapPutTester" time="0.002"/>
  <testcase name="testPut_nullValueUnsupported[Guava tests of Chronicle Map [collection size: several]]" classname="com.google.common.collect.testing.testers.MapPutTester" time="0.002"/>
  <testcase name="testPutAll_nullKeyUnsupported[Guava tests of Chronicle Map [collection size: several]]" classname="com.google.common.collect.testing.testers.MapPutAllTester" time="0.002"/>
  <testcase name="testPutAll_supportedNonePresent[Guava tests of Chronicle Map [collection size: several]]" classname="com.google.common.collect.testing.testers.MapPutAllTester" time="0.002"/>
  <testcase name="testPutAll_nullValueUnsupported[Guava tests of Chronicle Map [collection size: several]]" classname="com.google.common.collect.testing.testers.MapPutAllTester" time="0.001"/>
  <testcase name="testPutAll_supportedNothing[Guava tests of Chronicle Map [collection size: several]]" classname="com.google.common.collect.testing.testers.MapPutAllTester" time="0.002"/>
  <testcase name="testPutAll_supportedSomePresent[Guava tests of Chronicle Map [collection size: several]]" classname="com.google.common.collect.testing.testers.MapPutAllTester" time="0.001"/>
  <testcase name="testPutAll_nullCollectionReference[Guava tests of Chronicle Map [collection size: several]]" classname="com.google.common.collect.testing.testers.MapPutAllTester" time="0.001"/>
  <testcase name="testRemove_present[Guava tests of Chronicle Map [collection size: several]]" classname="com.google.common.collect.testing.testers.MapRemoveTester" time="0.002"/>
  <testcase name="testRemove_wrongType[Guava tests of Chronicle Map [collection size: several]]" classname="com.google.common.collect.testing.testers.MapRemoveTester" time="0.001"/>
  <testcase name="testRemove_nullQueriesNotSupported[Guava tests of Chronicle Map [collection size: several]]" classname="com.google.common.collect.testing.testers.MapRemoveTester" time="0.003"/>
  <testcase name="testRemove_notPresent[Guava tests of Chronicle Map [collection size: several]]" classname="com.google.common.collect.testing.testers.MapRemoveTester" time="0"/>
  <testcase name="testSize[Guava tests of Chronicle Map [collection size: several]]" classname="com.google.common.collect.testing.testers.MapSizeTester" time="0.006"/>
  <testcase name="testToString_formatting[Guava tests of Chronicle Map [collection size: several]]" classname="com.google.common.collect.testing.testers.MapToStringTester" time="0"/>
  <testcase name="testToString_minimal[Guava tests of Chronicle Map [collection size: several]]" classname="com.google.common.collect.testing.testers.MapToStringTester" time="0"/>
  <testcase name="testAddAll_unsupportedSomePresent[Guava tests of Chronicle Map [collection size: several] entrySet [collection size: several]]" classname="com.google.common.collect.testing.testers.CollectionAddAllTester" time="0.001"/>
  <testcase name="testAddAll_unsupportedNothing[Guava tests of Chronicle Map [collection size: several] entrySet [collection size: several]]" classname="com.google.common.collect.testing.testers.CollectionAddAllTester" time="0.001"/>
  <testcase name="testAddAll_unsupportedNonePresent[Guava tests of Chronicle Map [collection size: several] entrySet [collection size: several]]" classname="com.google.common.collect.testing.testers.CollectionAddAllTester" time="0.001"/>
  <testcase name="testAddAll_unsupportedAllPresent[Guava tests of Chronicle Map [collection size: several] entrySet [collection size: several]]" classname="com.google.common.collect.testing.testers.CollectionAddAllTester" time="0.002"/>
  <testcase name="testAdd_unsupportedNotPresent[Guava tests of Chronicle Map [collection size: several] entrySet [collection size: several]]" classname="com.google.common.collect.testing.testers.CollectionAddTester" time="0"/>
  <testcase name="testAdd_unsupportedPresent[Guava tests of Chronicle Map [collection size: several] entrySet [collection size: several]]" classname="com.google.common.collect.testing.testers.CollectionAddTester" time="0.002"/>
  <testcase name="testClear[Guava tests of Chronicle Map [collection size: several] entrySet [collection size: several]]" classname="com.google.common.collect.testing.testers.CollectionClearTester" time="0"/>
  <testcase name="testContainsAll_subset[Guava tests of Chronicle Map [collection size: several] entrySet [collection size: several]]" classname="com.google.common.collect.testing.testers.CollectionContainsAllTester" time="0.001"/>
  <testcase name="testContainsAll_disjoint[Guava tests of Chronicle Map [collection size: several] entrySet [collection size: several]]" classname="com.google.common.collect.testing.testers.CollectionContainsAllTester" time="0.005"/>
  <testcase name="testContainsAll_nullNotAllowed[Guava tests of Chronicle Map [collection size: several] entrySet [collection size: several]]" classname="com.google.common.collect.testing.testers.CollectionContainsAllTester" time="0"/>
  <testcase name="testContainsAll_self[Guava tests of Chronicle Map [collection size: several] entrySet [collection size: several]]" classname="com.google.common.collect.testing.testers.CollectionContainsAllTester" time="0"/>
  <testcase name="testContainsAll_wrongType[Guava tests of Chronicle Map [collection size: several] entrySet [collection size: several]]" classname="com.google.common.collect.testing.testers.CollectionContainsAllTester" time="0"/>
  <testcase name="testContainsAll_empty[Guava tests of Chronicle Map [collection size: several] entrySet [collection size: several]]" classname="com.google.common.collect.testing.testers.CollectionContainsAllTester" time="0"/>
  <testcase name="testContainsAll_sameElements[Guava tests of Chronicle Map [collection size: several] entrySet [collection size: several]]" classname="com.google.common.collect.testing.testers.CollectionContainsAllTester" time="0"/>
  <testcase name="testContainsAll_partialOverlap[Guava tests of Chronicle Map [collection size: several] entrySet [collection size: several]]" classname="com.google.common.collect.testing.testers.CollectionContainsAllTester" time="0.001"/>
  <testcase name="testContains_yes[Guava tests of Chronicle Map [collection size: several] entrySet [collection size: several]]" classname="com.google.common.collect.testing.testers.CollectionContainsTester" time="0"/>
  <testcase name="testContains_no[Guava tests of Chronicle Map [collection size: several] entrySet [collection size: several]]" classname="com.google.common.collect.testing.testers.CollectionContainsTester" time="0.001"/>
  <testcase name="testContains_nullNotContainedAndUnsupported[Guava tests of Chronicle Map [collection size: several] entrySet [collection size: several]]" classname="com.google.common.collect.testing.testers.CollectionContainsTester" time="0"/>
  <testcase name="testContains_wrongType[Guava tests of Chronicle Map [collection size: several] entrySet [collection size: several]]" classname="com.google.common.collect.testing.testers.CollectionContainsTester" time="0.001"/>
  <testcase name="testCreateWithNull_unsupported[Guava tests of Chronicle Map [collection size: several] entrySet [collection size: several]]" classname="com.google.common.collect.testing.testers.CollectionCreationTester" time="0.002"/>
  <testcase name="testEquals_null[Guava tests of Chronicle Map [collection size: several] entrySet [collection size: several]]" classname="com.google.common.collect.testing.testers.CollectionEqualsTester" time="0.002"/>
  <testcase name="testEquals_self[Guava tests of Chronicle Map [collection size: several] entrySet [collection size: several]]" classname="com.google.common.collect.testing.testers.CollectionEqualsTester" time="0"/>
  <testcase name="testEquals_notACollection[Guava tests of Chronicle Map [collection size: several] entrySet [collection size: several]]" classname="com.google.common.collect.testing.testers.CollectionEqualsTester" time="0.001"/>
  <testcase name="testIsEmpty_no[Guava tests of Chronicle Map [collection size: several] entrySet [collection size: several]]" classname="com.google.common.collect.testing.testers.CollectionIsEmptyTester" time="0.001"/>
  <testcase name="testIteratorNoSuchElementException[Guava tests of Chronicle Map [collection size: several] entrySet [collection size: several]]" classname="com.google.common.collect.testing.testers.CollectionIteratorTester" time="0.001"/>
  <testcase name="testIterator[Guava tests of Chronicle Map [collection size: several] entrySet [collection size: several]]" classname="com.google.common.collect.testing.testers.CollectionIteratorTester" time="0"/>
  <testcase name="testIterator_unknownOrderRemoveSupported[Guava tests of Chronicle Map [collection size: several] entrySet [collection size: several]]" classname="com.google.common.collect.testing.testers.CollectionIteratorTester" time="0.274"/>
  <testcase name="testRemoveAll_containsWrongType[Guava tests of Chronicle Map [collection size: several] entrySet [collection size: several]]" classname="com.google.common.collect.testing.testers.CollectionRemoveAllTester" time="0.001"/>
  <testcase name="testRemoveAll_allPresent[Guava tests of Chronicle Map [collection size: several] entrySet [collection size: several]]" classname="com.google.common.collect.testing.testers.CollectionRemoveAllTester" time="0.001"/>
  <testcase name="testRemoveAll_somePresent[Guava tests of Chronicle Map [collection size: several] entrySet [collection size: several]]" classname="com.google.common.collect.testing.testers.CollectionRemoveAllTester" time="0.001"/>
  <testcase name="testRemoveAll_nullCollectionReferenceNonEmptySubject[Guava tests of Chronicle Map [collection size: several] entrySet [collection size: several]]" classname="com.google.common.collect.testing.testers.CollectionRemoveAllTester" time="0.001"/>
  <testcase name="testRemoveAll_emptyCollection[Guava tests of Chronicle Map [collection size: several] entrySet [collection size: several]]" classname="com.google.common.collect.testing.testers.CollectionRemoveAllTester" time="0.001"/>
  <testcase name="testRemoveAll_containsNullNo[Guava tests of Chronicle Map [collection size: several] entrySet [collection size: several]]" classname="com.google.common.collect.testing.testers.CollectionRemoveAllTester" time="0.001"/>
  <testcase name="testRemoveAll_nonePresent[Guava tests of Chronicle Map [collection size: several] entrySet [collection size: several]]" classname="com.google.common.collect.testing.testers.CollectionRemoveAllTester" time="0.001"/>
  <testcase name="testRemoveAll_somePresentLargeCollectionToRemove[Guava tests of Chronicle Map [collection size: several] entrySet [collection size: several]]" classname="com.google.common.collect.testing.testers.CollectionRemoveAllTester" time="0.001"/>
  <testcase name="testRemove_present[Guava tests of Chronicle Map [collection size: several] entrySet [collection size: several]]" classname="com.google.common.collect.testing.testers.CollectionRemoveTester" time="0.001"/>
  <testcase name="testRemove_wrongType[Guava tests of Chronicle Map [collection size: several] entrySet [collection size: several]]" classname="com.google.common.collect.testing.testers.CollectionRemoveTester" time="0.001"/>
  <testcase name="testRemove_nullNotSupported[Guava tests of Chronicle Map [collection size: several] entrySet [collection size: several]]" classname="com.google.common.collect.testing.testers.CollectionRemoveTester" time="0.001"/>
  <testcase name="testRemove_notPresent[Guava tests of Chronicle Map [collection size: several] entrySet [collection size: several]]" classname="com.google.common.collect.testing.testers.CollectionRemoveTester" time="0.001"/>
  <testcase name="testRetainAll_nullSingletonPreviouslyNonEmpty[Guava tests of Chronicle Map [collection size: several] entrySet [collection size: several]]" classname="com.google.common.collect.testing.testers.CollectionRetainAllTester" time="0.001"/>
  <testcase name="testRetainAll_disjointPreviouslyNonEmpty[Guava tests of Chronicle Map [collection size: several] entrySet [collection size: several]]" classname="com.google.common.collect.testing.testers.CollectionRetainAllTester" time="0.001"/>
  <testcase name="testRetainAll_nullCollectionReferenceNonEmptySubject[Guava tests of Chronicle Map [collection size: several] entrySet [collection size: several]]" classname="com.google.common.collect.testing.testers.CollectionRetainAllTester" time="0.005"/>
  <testcase name="testRetainAll_superset[Guava tests of Chronicle Map [collection size: several] entrySet [collection size: several]]" classname="com.google.common.collect.testing.testers.CollectionRetainAllTester" time="0"/>
  <testcase name="testRetainAll_containsDuplicatesSizeSeveral[Guava tests of Chronicle Map [collection size: several] entrySet [collection size: several]]" classname="com.google.common.collect.testing.testers.CollectionRetainAllTester" time="0"/>
  <testcase name="testRetainAll_subset[Guava tests of Chronicle Map [collection size: several] entrySet [collection size: several]]" classname="com.google.common.collect.testing.testers.CollectionRetainAllTester" time="0"/>
  <testcase name="testRetainAll_emptyPreviouslyNonEmpty[Guava tests of Chronicle Map [collection size: several] entrySet [collection size: several]]" classname="com.google.common.collect.testing.testers.CollectionRetainAllTester" time="0"/>
  <testcase name="testRetainAll_sameElements[Guava tests of Chronicle Map [collection size: several] entrySet [collection size: several]]" classname="com.google.common.collect.testing.testers.CollectionRetainAllTester" time="0.001"/>
  <testcase name="testRetainAll_partialOverlap[Guava tests of Chronicle Map [collection size: several] entrySet [collection size: several]]" classname="com.google.common.collect.testing.testers.CollectionRetainAllTester" time="0"/>
  <testcase name="testSize[Guava tests of Chronicle Map [collection size: several] entrySet [collection size: several]]" classname="com.google.common.collect.testing.testers.CollectionSizeTester" time="0.001"/>
  <testcase name="testToArray_emptyArray[Guava tests of Chronicle Map [collection size: several] entrySet [collection size: several]]" classname="com.google.common.collect.testing.testers.CollectionToArrayTester" time="0.001"/>
  <testcase name="testToArray_oversizedArray[Guava tests of Chronicle Map [collection size: several] entrySet [collection size: several]]" classname="com.google.common.collect.testing.testers.CollectionToArrayTester" time="0.001"/>
  <testcase name="testToArray_emptyArrayOfObject[Guava tests of Chronicle Map [collection size: several] entrySet [collection size: several]]" classname="com.google.common.collect.testing.testers.CollectionToArrayTester" time="0.001"/>
  <testcase name="testToArray_emptyArrayOfWrongTypeForNonEmptyCollection[Guava tests of Chronicle Map [collection size: several] entrySet [collection size: several]]" classname="com.google.common.collect.testing.testers.CollectionToArrayTester" time="0.001"/>
  <testcase name="testToArray_noArgs[Guava tests of Chronicle Map [collection size: several] entrySet [collection size: several]]" classname="com.google.common.collect.testing.testers.CollectionToArrayTester" time="0.008"/>
  <testcase name="testToArray_isPlainObjectArray[Guava tests of Chronicle Map [collection size: several] entrySet [collection size: several]]" classname="com.google.common.collect.testing.testers.CollectionToArrayTester" time="0.001"/>
  <testcase name="testToArray_rightSizedArrayOfObject[Guava tests of Chronicle Map [collection size: several] entrySet [collection size: several]]" classname="com.google.common.collect.testing.testers.CollectionToArrayTester" time="0.001"/>
  <testcase name="testToArray_rightSizedArray[Guava tests of Chronicle Map [collection size: several] entrySet [collection size: several]]" classname="com.google.common.collect.testing.testers.CollectionToArrayTester" time="0.001"/>
  <testcase name="testToString_minimal[Guava tests of Chronicle Map [collection size: several] entrySet [collection size: several]]" classname="com.google.common.collect.testing.testers.CollectionToStringTester" time="0.001"/>
  <testcase name="testCreateWithDuplicates_nonNullDuplicatesNotRejected[Guava tests of Chronicle Map [collection size: several] entrySet [collection size: several]]" classname="com.google.common.collect.testing.testers.SetCreationTester" time="0.002"/>
  <testcase name="testHashCode[Guava tests of Chronicle Map [collection size: several] entrySet [collection size: several]]" classname="com.google.common.collect.testing.testers.SetHashCodeTester" time="0.001"/>
  <testcase name="testEquals_list[Guava tests of Chronicle Map [collection size: several] entrySet [collection size: several]]" classname="com.google.common.collect.testing.testers.SetEqualsTester" time="0.001"/>
  <testcase name="testEquals_otherSetWithSameElements[Guava tests of Chronicle Map [collection size: several] entrySet [collection size: several]]" classname="com.google.common.collect.testing.testers.SetEqualsTester" time="0.002"/>
  <testcase name="testEquals_largerSet[Guava tests of Chronicle Map [collection size: several] entrySet [collection size: several]]" classname="com.google.common.collect.testing.testers.SetEqualsTester" time="0.001"/>
  <testcase name="testEquals_otherContainsNull[Guava tests of Chronicle Map [collection size: several] entrySet [collection size: several]]" classname="com.google.common.collect.testing.testers.SetEqualsTester" time="0.002"/>
  <testcase name="testEquals_smallerSet[Guava tests of Chronicle Map [collection size: several] entrySet [collection size: several]]" classname="com.google.common.collect.testing.testers.SetEqualsTester" time="0.001"/>
  <testcase name="testEquals_otherSetWithDifferentElements[Guava tests of Chronicle Map [collection size: several] entrySet [collection size: several]]" classname="com.google.common.collect.testing.testers.SetEqualsTester" time="0.001"/>
  <testcase name="testRemove_present[Guava tests of Chronicle Map [collection size: several] entrySet [collection size: several]]" classname="com.google.common.collect.testing.testers.SetRemoveTester" time="0.001"/>
  <testcase name="testSomethingAboutIterators[Guava tests of Chronicle Map [collection size: several] entrySet [collection size: several] iterator]" classname="com.google.common.collect.testing.ExampleIteratorTester" time="0"/>
  <testcase name="testAddAll_unsupportedSomePresent[Guava tests of Chronicle Map [collection size: several] keys [collection size: several]]" classname="com.google.common.collect.testing.testers.CollectionAddAllTester" time="0.001"/>
  <testcase name="testAddAll_unsupportedNothing[Guava tests of Chronicle Map [collection size: several] keys [collection size: several]]" classname="com.google.common.collect.testing.testers.CollectionAddAllTester" time="0.001"/>
  <testcase name="testAddAll_unsupportedNonePresent[Guava tests of Chronicle Map [collection size: several] keys [collection size: several]]" classname="com.google.common.collect.testing.testers.CollectionAddAllTester" time="0.001"/>
  <testcase name="testAddAll_unsupportedAllPresent[Guava tests of Chronicle Map [collection size: several] keys [collection size: several]]" classname="com.google.common.collect.testing.testers.CollectionAddAllTester" time="0.001"/>
  <testcase name="testAdd_unsupportedNotPresent[Guava tests of Chronicle Map [collection size: several] keys [collection size: several]]" classname="com.google.common.collect.testing.testers.CollectionAddTester" time="0.001"/>
  <testcase name="testAdd_unsupportedPresent[Guava tests of Chronicle Map [collection size: several] keys [collection size: several]]" classname="com.google.common.collect.testing.testers.CollectionAddTester" time="0.001"/>
  <testcase name="testClear[Guava tests of Chronicle Map [collection size: several] keys [collection size: several]]" classname="com.google.common.collect.testing.testers.CollectionClearTester" time="0.001"/>
  <testcase name="testContainsAll_subset[Guava tests of Chronicle Map [collection size: several] keys [collection size: several]]" classname="com.google.common.collect.testing.testers.CollectionContainsAllTester" time="0"/>
  <testcase name="testContainsAll_disjoint[Guava tests of Chronicle Map [collection size: several] keys [collection size: several]]" classname="com.google.common.collect.testing.testers.CollectionContainsAllTester" time="0.001"/>
  <testcase name="testContainsAll_nullNotAllowed[Guava tests of Chronicle Map [collection size: several] keys [collection size: several]]" classname="com.google.common.collect.testing.testers.CollectionContainsAllTester" time="0.001"/>
  <testcase name="testContainsAll_self[Guava tests of Chronicle Map [collection size: several] keys [collection size: several]]" classname="com.google.common.collect.testing.testers.CollectionContainsAllTester" time="0.001"/>
  <testcase name="testContainsAll_wrongType[Guava tests of Chronicle Map [collection size: several] keys [collection size: several]]" classname="com.google.common.collect.testing.testers.CollectionContainsAllTester" time="0.002"/>
  <testcase name="testContainsAll_empty[Guava tests of Chronicle Map [collection size: several] keys [collection size: several]]" classname="com.google.common.collect.testing.testers.CollectionContainsAllTester" time="0.001"/>
  <testcase name="testContainsAll_sameElements[Guava tests of Chronicle Map [collection size: several] keys [collection size: several]]" classname="com.google.common.collect.testing.testers.CollectionContainsAllTester" time="0.001"/>
  <testcase name="testContainsAll_partialOverlap[Guava tests of Chronicle Map [collection size: several] keys [collection size: several]]" classname="com.google.common.collect.testing.testers.CollectionContainsAllTester" time="0.001"/>
  <testcase name="testContains_yes[Guava tests of Chronicle Map [collection size: several] keys [collection size: several]]" classname="com.google.common.collect.testing.testers.CollectionContainsTester" time="0.001"/>
  <testcase name="testContains_no[Guava tests of Chronicle Map [collection size: several] keys [collection size: several]]" classname="com.google.common.collect.testing.testers.CollectionContainsTester" time="0.001"/>
  <testcase name="testContains_nullNotContainedAndUnsupported[Guava tests of Chronicle Map [collection size: several] keys [collection size: several]]" classname="com.google.common.collect.testing.testers.CollectionContainsTester" time="0.001"/>
  <testcase name="testContains_wrongType[Guava tests of Chronicle Map [collection size: several] keys [collection size: several]]" classname="com.google.common.collect.testing.testers.CollectionContainsTester" time="0.001"/>
  <testcase name="testCreateWithNull_unsupported[Guava tests of Chronicle Map [collection size: several] keys [collection size: several]]" classname="com.google.common.collect.testing.testers.CollectionCreationTester" time="0.002"/>
  <testcase name="testEquals_null[Guava tests of Chronicle Map [collection size: several] keys [collection size: several]]" classname="com.google.common.collect.testing.testers.CollectionEqualsTester" time="0.001"/>
  <testcase name="testEquals_self[Guava tests of Chronicle Map [collection size: several] keys [collection size: several]]" classname="com.google.common.collect.testing.testers.CollectionEqualsTester" time="0"/>
  <testcase name="testEquals_notACollection[Guava tests of Chronicle Map [collection size: several] keys [collection size: several]]" classname="com.google.common.collect.testing.testers.CollectionEqualsTester" time="0"/>
  <testcase name="testIsEmpty_no[Guava tests of Chronicle Map [collection size: several] keys [collection size: several]]" classname="com.google.common.collect.testing.testers.CollectionIsEmptyTester" time="0.001"/>
  <testcase name="testIteratorNoSuchElementException[Guava tests of Chronicle Map [collection size: several] keys [collection size: several]]" classname="com.google.common.collect.testing.testers.CollectionIteratorTester" time="0.001"/>
  <testcase name="testIterator[Guava tests of Chronicle Map [collection size: several] keys [collection size: several]]" classname="com.google.common.collect.testing.testers.CollectionIteratorTester" time="0.001"/>
  <testcase name="testIterator_unknownOrderRemoveSupported[Guava tests of Chronicle Map [collection size: several] keys [collection size: several]]" classname="com.google.common.collect.testing.testers.CollectionIteratorTester" time="0.255"/>
  <testcase name="testRemoveAll_containsWrongType[Guava tests of Chronicle Map [collection size: several] keys [collection size: several]]" classname="com.google.common.collect.testing.testers.CollectionRemoveAllTester" time="0"/>
  <testcase name="testRemoveAll_allPresent[Guava tests of Chronicle Map [collection size: several] keys [collection size: several]]" classname="com.google.common.collect.testing.testers.CollectionRemoveAllTester" time="0.001"/>
  <testcase name="testRemoveAll_somePresent[Guava tests of Chronicle Map [collection size: several] keys [collection size: several]]" classname="com.google.common.collect.testing.testers.CollectionRemoveAllTester" time="0.001"/>
  <testcase name="testRemoveAll_nullCollectionReferenceNonEmptySubject[Guava tests of Chronicle Map [collection size: several] keys [collection size: several]]" classname="com.google.common.collect.testing.testers.CollectionRemoveAllTester" time="0.001"/>
  <testcase name="testRemoveAll_emptyCollection[Guava tests of Chronicle Map [collection size: several] keys [collection size: several]]" classname="com.google.common.collect.testing.testers.CollectionRemoveAllTester" time="0.001"/>
  <testcase name="testRemoveAll_containsNullNo[Guava tests of Chronicle Map [collection size: several] keys [collection size: several]]" classname="com.google.common.collect.testing.testers.CollectionRemoveAllTester" time="0.002"/>
  <testcase name="testRemoveAll_nonePresent[Guava tests of Chronicle Map [collection size: several] keys [collection size: several]]" classname="com.google.common.collect.testing.testers.CollectionRemoveAllTester" time="0"/>
  <testcase name="testRemoveAll_somePresentLargeCollectionToRemove[Guava tests of Chronicle Map [collection size: several] keys [collection size: several]]" classname="com.google.common.collect.testing.testers.CollectionRemoveAllTester" time="0.001"/>
  <testcase name="testRemove_present[Guava tests of Chronicle Map [collection size: several] keys [collection size: several]]" classname="com.google.common.collect.testing.testers.CollectionRemoveTester" time="0.001"/>
  <testcase name="testRemove_wrongType[Guava tests of Chronicle Map [collection size: several] keys [collection size: several]]" classname="com.google.common.collect.testing.testers.CollectionRemoveTester" time="0.001"/>
  <testcase name="testRemove_nullNotSupported[Guava tests of Chronicle Map [collection size: several] keys [collection size: several]]" classname="com.google.common.collect.testing.testers.CollectionRemoveTester" time="0.001"/>
  <testcase name="testRemove_notPresent[Guava tests of Chronicle Map [collection size: several] keys [collection size: several]]" classname="com.google.common.collect.testing.testers.CollectionRemoveTester" time="0.001"/>
  <testcase name="testRetainAll_nullSingletonPreviouslyNonEmpty[Guava tests of Chronicle Map [collection size: several] keys [collection size: several]]" classname="com.google.common.collect.testing.testers.CollectionRetainAllTester" time="0.001"/>
  <testcase name="testRetainAll_disjointPreviouslyNonEmpty[Guava tests of Chronicle Map [collection size: several] keys [collection size: several]]" classname="com.google.common.collect.testing.testers.CollectionRetainAllTester" time="0.001"/>
  <testcase name="testRetainAll_nullCollectionReferenceNonEmptySubject[Guava tests of Chronicle Map [collection size: several] keys [collection size: several]]" classname="com.google.common.collect.testing.testers.CollectionRetainAllTester" time="0"/>
  <testcase name="testRetainAll_superset[Guava tests of Chronicle Map [collection size: several] keys [collection size: several]]" classname="com.google.common.collect.testing.testers.CollectionRetainAllTester" time="0.001"/>
  <testcase name="testRetainAll_containsDuplicatesSizeSeveral[Guava tests of Chronicle Map [collection size: several] keys [collection size: several]]" classname="com.google.common.collect.testing.testers.CollectionRetainAllTester" time="0.001"/>
  <testcase name="testRetainAll_subset[Guava tests of Chronicle Map [collection size: several] keys [collection size: several]]" classname="com.google.common.collect.testing.testers.CollectionRetainAllTester" time="0.001"/>
  <testcase name="testRetainAll_emptyPreviouslyNonEmpty[Guava tests of Chronicle Map [collection size: several] keys [collection size: several]]" classname="com.google.common.collect.testing.testers.CollectionRetainAllTester" time="0.001"/>
  <testcase name="testRetainAll_sameElements[Guava tests of Chronicle Map [collection size: several] keys [collection size: several]]" classname="com.google.common.collect.testing.testers.CollectionRetainAllTester" time="0.001"/>
  <testcase name="testRetainAll_partialOverlap[Guava tests of Chronicle Map [collection size: several] keys [collection size: several]]" classname="com.google.common.collect.testing.testers.CollectionRetainAllTester" time="0.001"/>
  <testcase name="testSize[Guava tests of Chronicle Map [collection size: several] keys [collection size: several]]" classname="com.google.common.collect.testing.testers.CollectionSizeTester" time="0.001"/>
  <testcase name="testToArray_emptyArray[Guava tests of Chronicle Map [collection size: several] keys [collection size: several]]" classname="com.google.common.collect.testing.testers.CollectionToArrayTester" time="0.001"/>
  <testcase name="testToArray_oversizedArray[Guava tests of Chronicle Map [collection size: several] keys [collection size: several]]" classname="com.google.common.collect.testing.testers.CollectionToArrayTester" time="0.001"/>
  <testcase name="testToArray_emptyArrayOfObject[Guava tests of Chronicle Map [collection size: several] keys [collection size: several]]" classname="com.google.common.collect.testing.testers.CollectionToArrayTester" time="0.001"/>
  <testcase name="testToArray_emptyArrayOfWrongTypeForNonEmptyCollection[Guava tests of Chronicle Map [collection size: several] keys [collection size: several]]" classname="com.google.common.collect.testing.testers.CollectionToArrayTester" time="0.001"/>
  <testcase name="testToArray_noArgs[Guava tests of Chronicle Map [collection size: several] keys [collection size: several]]" classname="com.google.common.collect.testing.testers.CollectionToArrayTester" time="0"/>
  <testcase name="testToArray_isPlainObjectArray[Guava tests of Chronicle Map [collection size: several] keys [collection size: several]]" classname="com.google.common.collect.testing.testers.CollectionToArrayTester" time="0.001"/>
  <testcase name="testToArray_rightSizedArrayOfObject[Guava tests of Chronicle Map [collection size: several] keys [collection size: several]]" classname="com.google.common.collect.testing.testers.CollectionToArrayTester" time="0.001"/>
  <testcase name="testToArray_rightSizedArray[Guava tests of Chronicle Map [collection size: several] keys [collection size: several]]" classname="com.google.common.collect.testing.testers.CollectionToArrayTester" time="0.008"/>
  <testcase name="testToString_minimal[Guava tests of Chronicle Map [collection size: several] keys [collection size: several]]" classname="com.google.common.collect.testing.testers.CollectionToStringTester" time="0"/>
  <testcase name="testCreateWithDuplicates_nonNullDuplicatesNotRejected[Guava tests of Chronicle Map [collection size: several] keys [collection size: several]]" classname="com.google.common.collect.testing.testers.SetCreationTester" time="0"/>
  <testcase name="testHashCode[Guava tests of Chronicle Map [collection size: several] keys [collection size: several]]" classname="com.google.common.collect.testing.testers.SetHashCodeTester" time="0"/>
  <testcase name="testEquals_list[Guava tests of Chronicle Map [collection size: several] keys [collection size: several]]" classname="com.google.common.collect.testing.testers.SetEqualsTester" time="0"/>
  <testcase name="testEquals_otherSetWithSameElements[Guava tests of Chronicle Map [collection size: several] keys [collection size: several]]" classname="com.google.common.collect.testing.testers.SetEqualsTester" time="0"/>
  <testcase name="testEquals_largerSet[Guava tests of Chronicle Map [collection size: several] keys [collection size: several]]" classname="com.google.common.collect.testing.testers.SetEqualsTester" time="0"/>
  <testcase name="testEquals_otherContainsNull[Guava tests of Chronicle Map [collection size: several] keys [collection size: several]]" classname="com.google.common.collect.testing.testers.SetEqualsTester" time="0"/>
  <testcase name="testEquals_smallerSet[Guava tests of Chronicle Map [collection size: several] keys [collection size: several]]" classname="com.google.common.collect.testing.testers.SetEqualsTester" time="0.001"/>
  <testcase name="testEquals_otherSetWithDifferentElements[Guava tests of Chronicle Map [collection size: several] keys [collection size: several]]" classname="com.google.common.collect.testing.testers.SetEqualsTester" time="0.001"/>
  <testcase name="testRemove_present[Guava tests of Chronicle Map [collection size: several] keys [collection size: several]]" classname="com.google.common.collect.testing.testers.SetRemoveTester" time="0"/>
  <testcase name="testSomethingAboutIterators[Guava tests of Chronicle Map [collection size: several] keys [collection size: several] iterator]" classname="com.google.common.collect.testing.ExampleIteratorTester" time="0"/>
  <testcase name="testAddAll_unsupportedSomePresent[Guava tests of Chronicle Map [collection size: several] values [collection size: several]]" classname="com.google.common.collect.testing.testers.CollectionAddAllTester" time="0.001"/>
  <testcase name="testAddAll_unsupportedNothing[Guava tests of Chronicle Map [collection size: several] values [collection size: several]]" classname="com.google.common.collect.testing.testers.CollectionAddAllTester" time="0.001"/>
  <testcase name="testAddAll_unsupportedNonePresent[Guava tests of Chronicle Map [collection size: several] values [collection size: several]]" classname="com.google.common.collect.testing.testers.CollectionAddAllTester" time="0.001"/>
  <testcase name="testAddAll_unsupportedAllPresent[Guava tests of Chronicle Map [collection size: several] values [collection size: several]]" classname="com.google.common.collect.testing.testers.CollectionAddAllTester" time="0.001"/>
  <testcase name="testAdd_unsupportedNotPresent[Guava tests of Chronicle Map [collection size: several] values [collection size: several]]" classname="com.google.common.collect.testing.testers.CollectionAddTester" time="0.002"/>
  <testcase name="testAdd_unsupportedPresent[Guava tests of Chronicle Map [collection size: several] values [collection size: several]]" classname="com.google.common.collect.testing.testers.CollectionAddTester" time="0.001"/>
  <testcase name="testClear[Guava tests of Chronicle Map [collection size: several] values [collection size: several]]" classname="com.google.common.collect.testing.testers.CollectionClearTester" time="0.001"/>
  <testcase name="testContainsAll_subset[Guava tests of Chronicle Map [collection size: several] values [collection size: several]]" classname="com.google.common.collect.testing.testers.CollectionContainsAllTester" time="0"/>
  <testcase name="testContainsAll_disjoint[Guava tests of Chronicle Map [collection size: several] values [collection size: several]]" classname="com.google.common.collect.testing.testers.CollectionContainsAllTester" time="0.001"/>
  <testcase name="testContainsAll_nullNotAllowed[Guava tests of Chronicle Map [collection size: several] values [collection size: several]]" classname="com.google.common.collect.testing.testers.CollectionContainsAllTester" time="0.001"/>
  <testcase name="testContainsAll_self[Guava tests of Chronicle Map [collection size: several] values [collection size: several]]" classname="com.google.common.collect.testing.testers.CollectionContainsAllTester" time="0.001"/>
  <testcase name="testContainsAll_wrongType[Guava tests of Chronicle Map [collection size: several] values [collection size: several]]" classname="com.google.common.collect.testing.testers.CollectionContainsAllTester" time="0.001"/>
  <testcase name="testContainsAll_empty[Guava tests of Chronicle Map [collection size: several] values [collection size: several]]" classname="com.google.common.collect.testing.testers.CollectionContainsAllTester" time="0"/>
  <testcase name="testContainsAll_sameElements[Guava tests of Chronicle Map [collection size: several] values [collection size: several]]" classname="com.google.common.collect.testing.testers.CollectionContainsAllTester" time="0.001"/>
  <testcase name="testContainsAll_partialOverlap[Guava tests of Chronicle Map [collection size: several] values [collection size: several]]" classname="com.google.common.collect.testing.testers.CollectionContainsAllTester" time="0.001"/>
  <testcase name="testContains_yes[Guava tests of Chronicle Map [collection size: several] values [collection size: several]]" classname="com.google.common.collect.testing.testers.CollectionContainsTester" time="0.001"/>
  <testcase name="testContains_no[Guava tests of Chronicle Map [collection size: several] values [collection size: several]]" classname="com.google.common.collect.testing.testers.CollectionContainsTester" time="0.001"/>
  <testcase name="testContains_nullNotContainedAndUnsupported[Guava tests of Chronicle Map [collection size: several] values [collection size: several]]" classname="com.google.common.collect.testing.testers.CollectionContainsTester" time="0.001"/>
  <testcase name="testContains_wrongType[Guava tests of Chronicle Map [collection size: several] values [collection size: several]]" classname="com.google.common.collect.testing.testers.CollectionContainsTester" time="0.001"/>
  <testcase name="testCreateWithNull_unsupported[Guava tests of Chronicle Map [collection size: several] values [collection size: several]]" classname="com.google.common.collect.testing.testers.CollectionCreationTester" time="0.002"/>
  <testcase name="testEquals_null[Guava tests of Chronicle Map [collection size: several] values [collection size: several]]" classname="com.google.common.collect.testing.testers.CollectionEqualsTester" time="0.001"/>
  <testcase name="testEquals_self[Guava tests of Chronicle Map [collection size: several] values [collection size: several]]" classname="com.google.common.collect.testing.testers.CollectionEqualsTester" time="0.001"/>
  <testcase name="testEquals_notACollection[Guava tests of Chronicle Map [collection size: several] values [collection size: several]]" classname="com.google.common.collect.testing.testers.CollectionEqualsTester" time="0.001"/>
  <testcase name="testIsEmpty_no[Guava tests of Chronicle Map [collection size: several] values [collection size: several]]" classname="com.google.common.collect.testing.testers.CollectionIsEmptyTester" time="0.001"/>
  <testcase name="testIteratorNoSuchElementException[Guava tests of Chronicle Map [collection size: several] values [collection size: several]]" classname="com.google.common.collect.testing.testers.CollectionIteratorTester" time="0.001"/>
  <testcase name="testIterator[Guava tests of Chronicle Map [collection size: several] values [collection size: several]]" classname="com.google.common.collect.testing.testers.CollectionIteratorTester" time="0.001"/>
  <testcase name="testIterator_unknownOrderRemoveSupported[Guava tests of Chronicle Map [collection size: several] values [collection size: several]]" classname="com.google.common.collect.testing.testers.CollectionIteratorTester" time="0.267"/>
  <testcase name="testRemoveAll_containsWrongType[Guava tests of Chronicle Map [collection size: several] values [collection size: several]]" classname="com.google.common.collect.testing.testers.CollectionRemoveAllTester" time="0.002"/>
  <testcase name="testRemoveAll_allPresent[Guava tests of Chronicle Map [collection size: several] values [collection size: several]]" classname="com.google.common.collect.testing.testers.CollectionRemoveAllTester" time="0.001"/>
  <testcase name="testRemoveAll_somePresent[Guava tests of Chronicle Map [collection size: several] values [collection size: several]]" classname="com.google.common.collect.testing.testers.CollectionRemoveAllTester" time="0.001"/>
  <testcase name="testRemoveAll_nullCollectionReferenceNonEmptySubject[Guava tests of Chronicle Map [collection size: several] values [collection size: several]]" classname="com.google.common.collect.testing.testers.CollectionRemoveAllTester" time="0.001"/>
  <testcase name="testRemoveAll_emptyCollection[Guava tests of Chronicle Map [collection size: several] values [collection size: several]]" classname="com.google.common.collect.testing.testers.CollectionRemoveAllTester" time="0.001"/>
  <testcase name="testRemoveAll_containsNullNo[Guava tests of Chronicle Map [collection size: several] values [collection size: several]]" classname="com.google.common.collect.testing.testers.CollectionRemoveAllTester" time="0.001"/>
  <testcase name="testRemoveAll_nonePresent[Guava tests of Chronicle Map [collection size: several] values [collection size: several]]" classname="com.google.common.collect.testing.testers.CollectionRemoveAllTester" time="0.001"/>
  <testcase name="testRemoveAll_somePresentLargeCollectionToRemove[Guava tests of Chronicle Map [collection size: several] values [collection size: several]]" classname="com.google.common.collect.testing.testers.CollectionRemoveAllTester" time="0.001"/>
  <testcase name="testRemove_present[Guava tests of Chronicle Map [collection size: several] values [collection size: several]]" classname="com.google.common.collect.testing.testers.CollectionRemoveTester" time="0.001"/>
  <testcase name="testRemove_wrongType[Guava tests of Chronicle Map [collection size: several] values [collection size: several]]" classname="com.google.common.collect.testing.testers.CollectionRemoveTester" time="0.001"/>
  <testcase name="testRemove_nullNotSupported[Guava tests of Chronicle Map [collection size: several] values [collection size: several]]" classname="com.google.common.collect.testing.testers.CollectionRemoveTester" time="0.001"/>
  <testcase name="testRemove_notPresent[Guava tests of Chronicle Map [collection size: several] values [collection size: several]]" classname="com.google.common.collect.testing.testers.CollectionRemoveTester" time="0.001"/>
  <testcase name="testRetainAll_nullSingletonPreviouslyNonEmpty[Guava tests of Chronicle Map [collection size: several] values [collection size: several]]" classname="com.google.common.collect.testing.testers.CollectionRetainAllTester" time="0.001"/>
  <testcase name="testRetainAll_disjointPreviouslyNonEmpty[Guava tests of Chronicle Map [collection size: several] values [collection size: several]]" classname="com.google.common.collect.testing.testers.CollectionRetainAllTester" time="0.001"/>
  <testcase name="testRetainAll_nullCollectionReferenceNonEmptySubject[Guava tests of Chronicle Map [collection size: several] values [collection size: several]]" classname="com.google.common.collect.testing.testers.CollectionRetainAllTester" time="0.001"/>
  <testcase name="testRetainAll_superset[Guava tests of Chronicle Map [collection size: several] values [collection size: several]]" classname="com.google.common.collect.testing.testers.CollectionRetainAllTester" time="0.001"/>
  <testcase name="testRetainAll_containsDuplicatesSizeSeveral[Guava tests of Chronicle Map [collection size: several] values [collection size: several]]" classname="com.google.common.collect.testing.testers.CollectionRetainAllTester" time="0.001"/>
  <testcase name="testRetainAll_subset[Guava tests of Chronicle Map [collection size: several] values [collection size: several]]" classname="com.google.common.collect.testing.testers.CollectionRetainAllTester" time="0.001"/>
  <testcase name="testRetainAll_emptyPreviouslyNonEmpty[Guava tests of Chronicle Map [collection size: several] values [collection size: several]]" classname="com.google.common.collect.testing.testers.CollectionRetainAllTester" time="0.001"/>
  <testcase name="testRetainAll_sameElements[Guava tests of Chronicle Map [collection size: several] values [collection size: several]]" classname="com.google.common.collect.testing.testers.CollectionRetainAllTester" time="0.001"/>
  <testcase name="testRetainAll_partialOverlap[Guava tests of Chronicle Map [collection size: several] values [collection size: several]]" classname="com.google.common.collect.testing.testers.CollectionRetainAllTester" time="0.001"/>
  <testcase name="testSize[Guava tests of Chronicle Map [collection size: several] values [collection size: several]]" classname="com.google.common.collect.testing.testers.CollectionSizeTester" time="0.001"/>
  <testcase name="testToArray_emptyArray[Guava tests of Chronicle Map [collection size: several] values [collection size: several]]" classname="com.google.common.collect.testing.testers.CollectionToArrayTester" time="0.001"/>
  <testcase name="testToArray_oversizedArray[Guava tests of Chronicle Map [collection size: several] values [collection size: several]]" classname="com.google.common.collect.testing.testers.CollectionToArrayTester" time="0.001"/>
  <testcase name="testToArray_emptyArrayOfObject[Guava tests of Chronicle Map [collection size: several] values [collection size: several]]" classname="com.google.common.collect.testing.testers.CollectionToArrayTester" time="0.001"/>
  <testcase name="testToArray_emptyArrayOfWrongTypeForNonEmptyCollection[Guava tests of Chronicle Map [collection size: several] values [collection size: several]]" classname="com.google.common.collect.testing.testers.CollectionToArrayTester" time="0.001"/>
  <testcase name="testToArray_noArgs[Guava tests of Chronicle Map [collection size: several] values [collection size: several]]" classname="com.google.common.collect.testing.testers.CollectionToArrayTester" time="0.002"/>
  <testcase name="testToArray_isPlainObjectArray[Guava tests of Chronicle Map [collection size: several] values [collection size: several]]" classname="com.google.common.collect.testing.testers.CollectionToArrayTester" time="0"/>
  <testcase name="testToArray_rightSizedArrayOfObject[Guava tests of Chronicle Map [collection size: several] values [collection size: several]]" classname="com.google.common.collect.testing.testers.CollectionToArrayTester" time="0.001"/>
  <testcase name="testToArray_rightSizedArray[Guava tests of Chronicle Map [collection size: several] values [collection size: several]]" classname="com.google.common.collect.testing.testers.CollectionToArrayTester" time="0.001"/>
  <testcase name="testToString_minimal[Guava tests of Chronicle Map [collection size: several] values [collection size: several]]" classname="com.google.common.collect.testing.testers.CollectionToStringTester" time="0.001"/>
  <testcase name="testSomethingAboutIterators[Guava tests of Chronicle Map [collection size: several] values [collection size: several] iterator]" classname="com.google.common.collect.testing.ExampleIteratorTester" time="0"/>
</testsuite>