<?xml version="1.0" encoding="UTF-8" ?>
<testsuite tests="4" failures="0" name="org.apache.hadoop.mrunit.internal.io.TestSerialization" time="0.018" errors="0" skipped="0">
  <properties>
    <property name="java.runtime.name" value="OpenJDK Runtime Environment"/>
    <property name="sun.boot.library.path" value="/usr/local/openjdk-8/jre/lib/amd64"/>
    <property name="java.vm.version" value="25.262-b10"/>
    <property name="animal.sniffer.skip" value="true"/>
    <property name="java.vm.vendor" value="Oracle Corporation"/>
    <property name="maven.javadoc.skip" value="true"/>
    <property name="java.vendor.url" value="http://java.oracle.com/"/>
    <property name="path.separator" value=":"/>
    <property name="java.vm.name" value="OpenJDK 64-Bit Server VM"/>
    <property name="file.encoding.pkg" value="sun.io"/>
    <property name="sun.java.launcher" value="SUN_STANDARD"/>
    <property name="sun.os.patch.level" value="unknown"/>
    <property name="source.skip" value="true"/>
    <property name="java.vm.specification.name" value="Java Virtual Machine Specification"/>
    <property name="user.dir" value="/tmp/tmp6g5w0cx0/attic-mrunit"/>
    <property name="java.runtime.version" value="1.8.0_262-b10"/>
    <property name="java.awt.graphicsenv" value="sun.awt.X11GraphicsEnvironment"/>
    <property name="basedir" value="/tmp/tmp6g5w0cx0/attic-mrunit"/>
    <property name="java.endorsed.dirs" value="/usr/local/openjdk-8/jre/lib/endorsed"/>
    <property name="os.arch" value="amd64"/>
    <property name="surefire.real.class.path" value="/tmp/tmp6g5w0cx0/attic-mrunit/target/surefire/surefirebooter7043162336003731253.jar"/>
    <property name="java.io.tmpdir" value="/tmp"/>
    <property name="line.separator" value="
"/>
    <property name="java.vm.specification.vendor" value="Oracle Corporation"/>
    <property name="os.name" value="Linux"/>
    <property name="maven.test.error.ignore" value="true"/>
    <property name="sun.jnu.encoding" value="UTF-8"/>
    <property name="java.library.path" value="/usr/java/packages/lib/amd64:/usr/lib64:/lib64:/lib:/usr/lib"/>
    <property name="license.skip" value="true"/>
    <property name="surefire.test.class.path" value="/tmp/tmp6g5w0cx0/attic-mrunit/target/test-classes:/tmp/tmp6g5w0cx0/attic-mrunit/target/classes:/home/jdbl/.m2/repository/junit/junit/4.10/junit-4.10.jar:/home/jdbl/.m2/repository/commons-logging/commons-logging/1.1.1/commons-logging-1.1.1.jar:/home/jdbl/.m2/repository/org/mockito/mockito-core/1.9.5/mockito-core-1.9.5.jar:/home/jdbl/.m2/repository/org/objenesis/objenesis/1.0/objenesis-1.0.jar:/home/jdbl/.m2/repository/org/hamcrest/hamcrest-core/1.3/hamcrest-core-1.3.jar:/home/jdbl/.m2/repository/com/google/guava/guava/11.0.2/guava-11.0.2.jar:/home/jdbl/.m2/repository/com/google/code/findbugs/jsr305/1.3.9/jsr305-1.3.9.jar:/home/jdbl/.m2/repository/org/apache/hadoop/hadoop-common/2.3.0/hadoop-common-2.3.0.jar:/home/jdbl/.m2/repository/org/apache/hadoop/hadoop-annotations/2.3.0/hadoop-annotations-2.3.0.jar:/usr/local/openjdk-8/jre/../lib/tools.jar:/home/jdbl/.m2/repository/commons-cli/commons-cli/1.2/commons-cli-1.2.jar:/home/jdbl/.m2/repository/org/apache/commons/commons-math3/3.1.1/commons-math3-3.1.1.jar:/home/jdbl/.m2/repository/xmlenc/xmlenc/0.52/xmlenc-0.52.jar:/home/jdbl/.m2/repository/commons-httpclient/commons-httpclient/3.1/commons-httpclient-3.1.jar:/home/jdbl/.m2/repository/commons-codec/commons-codec/1.4/commons-codec-1.4.jar:/home/jdbl/.m2/repository/commons-io/commons-io/2.4/commons-io-2.4.jar:/home/jdbl/.m2/repository/commons-net/commons-net/3.1/commons-net-3.1.jar:/home/jdbl/.m2/repository/commons-collections/commons-collections/3.2.1/commons-collections-3.2.1.jar:/home/jdbl/.m2/repository/javax/servlet/servlet-api/2.5/servlet-api-2.5.jar:/home/jdbl/.m2/repository/org/mortbay/jetty/jetty/6.1.26/jetty-6.1.26.jar:/home/jdbl/.m2/repository/org/mortbay/jetty/jetty-util/6.1.26/jetty-util-6.1.26.jar:/home/jdbl/.m2/repository/com/sun/jersey/jersey-core/1.9/jersey-core-1.9.jar:/home/jdbl/.m2/repository/com/sun/jersey/jersey-json/1.9/jersey-json-1.9.jar:/home/jdbl/.m2/repository/org/codehaus/jettison/jettison/1.1/jettison-1.1.jar:/home/jdbl/.m2/repository/com/sun/xml/bind/jaxb-impl/2.2.3-1/jaxb-impl-2.2.3-1.jar:/home/jdbl/.m2/repository/org/codehaus/jackson/jackson-jaxrs/1.8.3/jackson-jaxrs-1.8.3.jar:/home/jdbl/.m2/repository/org/codehaus/jackson/jackson-xc/1.8.3/jackson-xc-1.8.3.jar:/home/jdbl/.m2/repository/com/sun/jersey/jersey-server/1.9/jersey-server-1.9.jar:/home/jdbl/.m2/repository/asm/asm/3.1/asm-3.1.jar:/home/jdbl/.m2/repository/tomcat/jasper-compiler/5.5.23/jasper-compiler-5.5.23.jar:/home/jdbl/.m2/repository/tomcat/jasper-runtime/5.5.23/jasper-runtime-5.5.23.jar:/home/jdbl/.m2/repository/javax/servlet/jsp/jsp-api/2.1/jsp-api-2.1.jar:/home/jdbl/.m2/repository/commons-el/commons-el/1.0/commons-el-1.0.jar:/home/jdbl/.m2/repository/log4j/log4j/1.2.17/log4j-1.2.17.jar:/home/jdbl/.m2/repository/net/java/dev/jets3t/jets3t/0.9.0/jets3t-0.9.0.jar:/home/jdbl/.m2/repository/org/apache/httpcomponents/httpclient/4.1.2/httpclient-4.1.2.jar:/home/jdbl/.m2/repository/org/apache/httpcomponents/httpcore/4.1.2/httpcore-4.1.2.jar:/home/jdbl/.m2/repository/com/jamesmurty/utils/java-xmlbuilder/0.4/java-xmlbuilder-0.4.jar:/home/jdbl/.m2/repository/commons-lang/commons-lang/2.6/commons-lang-2.6.jar:/home/jdbl/.m2/repository/commons-configuration/commons-configuration/1.6/commons-configuration-1.6.jar:/home/jdbl/.m2/repository/commons-digester/commons-digester/1.8/commons-digester-1.8.jar:/home/jdbl/.m2/repository/commons-beanutils/commons-beanutils/1.7.0/commons-beanutils-1.7.0.jar:/home/jdbl/.m2/repository/commons-beanutils/commons-beanutils-core/1.8.0/commons-beanutils-core-1.8.0.jar:/home/jdbl/.m2/repository/org/slf4j/slf4j-api/1.7.5/slf4j-api-1.7.5.jar:/home/jdbl/.m2/repository/org/slf4j/slf4j-log4j12/1.7.5/slf4j-log4j12-1.7.5.jar:/home/jdbl/.m2/repository/org/codehaus/jackson/jackson-core-asl/1.8.8/jackson-core-asl-1.8.8.jar:/home/jdbl/.m2/repository/org/codehaus/jackson/jackson-mapper-asl/1.8.8/jackson-mapper-asl-1.8.8.jar:/home/jdbl/.m2/repository/org/apache/avro/avro/1.7.4/avro-1.7.4.jar:/home/jdbl/.m2/repository/com/thoughtworks/paranamer/paranamer/2.3/paranamer-2.3.jar:/home/jdbl/.m2/repository/org/xerial/snappy/snappy-java/1.0.4.1/snappy-java-1.0.4.1.jar:/home/jdbl/.m2/repository/com/google/protobuf/protobuf-java/2.5.0/protobuf-java-2.5.0.jar:/home/jdbl/.m2/repository/org/apache/hadoop/hadoop-auth/2.3.0/hadoop-auth-2.3.0.jar:/home/jdbl/.m2/repository/com/jcraft/jsch/0.1.42/jsch-0.1.42.jar:/home/jdbl/.m2/repository/org/apache/zookeeper/zookeeper/3.4.5/zookeeper-3.4.5.jar:/home/jdbl/.m2/repository/org/apache/commons/commons-compress/1.4.1/commons-compress-1.4.1.jar:/home/jdbl/.m2/repository/org/tukaani/xz/1.0/xz-1.0.jar:/home/jdbl/.m2/repository/org/apache/hadoop/hadoop-mapreduce-client-core/2.3.0/hadoop-mapreduce-client-core-2.3.0.jar:/home/jdbl/.m2/repository/org/apache/hadoop/hadoop-yarn-common/2.3.0/hadoop-yarn-common-2.3.0.jar:/home/jdbl/.m2/repository/org/apache/hadoop/hadoop-yarn-api/2.3.0/hadoop-yarn-api-2.3.0.jar:/home/jdbl/.m2/repository/javax/xml/bind/jaxb-api/2.2.2/jaxb-api-2.2.2.jar:/home/jdbl/.m2/repository/javax/xml/stream/stax-api/1.0-2/stax-api-1.0-2.jar:/home/jdbl/.m2/repository/javax/activation/activation/1.1/activation-1.1.jar:/home/jdbl/.m2/repository/com/google/inject/guice/3.0/guice-3.0.jar:/home/jdbl/.m2/repository/javax/inject/javax.inject/1/javax.inject-1.jar:/home/jdbl/.m2/repository/aopalliance/aopalliance/1.0/aopalliance-1.0.jar:/home/jdbl/.m2/repository/com/sun/jersey/contribs/jersey-guice/1.9/jersey-guice-1.9.jar:/home/jdbl/.m2/repository/com/google/inject/extensions/guice-servlet/3.0/guice-servlet-3.0.jar:/home/jdbl/.m2/repository/io/netty/netty/3.6.2.Final/netty-3.6.2.Final.jar:/home/jdbl/.m2/repository/org/powermock/powermock-core/1.5.1/powermock-core-1.5.1.jar:/home/jdbl/.m2/repository/org/powermock/powermock-reflect/1.5.1/powermock-reflect-1.5.1.jar:/home/jdbl/.m2/repository/org/javassist/javassist/3.18.0-GA/javassist-3.18.0-GA.jar:/home/jdbl/.m2/repository/org/powermock/powermock-api-mockito/1.5.1/powermock-api-mockito-1.5.1.jar:/home/jdbl/.m2/repository/org/powermock/powermock-api-support/1.5.1/powermock-api-support-1.5.1.jar:/home/jdbl/.m2/repository/org/powermock/powermock-module-junit4/1.5.1/powermock-module-junit4-1.5.1.jar:/home/jdbl/.m2/repository/org/powermock/powermock-module-junit4-common/1.5.1/powermock-module-junit4-common-1.5.1.jar:"/>
    <property name="java.specification.name" value="Java Platform API Specification"/>
    <property name="java.class.version" value="52.0"/>
    <property name="sun.management.compiler" value="HotSpot 64-Bit Tiered Compilers"/>
    <property name="maven.test.failure.ignore" value="true"/>
    <property name="os.version" value="4.15.0-109-generic"/>
    <property name="user.home" value="/home/jdbl"/>
    <property name="user.timezone" value="Etc/UTC"/>
    <property name="java.awt.printerjob" value="sun.print.PSPrinterJob"/>
    <property name="java.specification.version" value="1.8"/>
    <property name="file.encoding" value="UTF-8"/>
    <property name="user.name" value="jdbl"/>
    <property name="java.class.path" value="/tmp/tmp6g5w0cx0/attic-mrunit/target/test-classes:/tmp/tmp6g5w0cx0/attic-mrunit/target/classes:/home/jdbl/.m2/repository/junit/junit/4.10/junit-4.10.jar:/home/jdbl/.m2/repository/commons-logging/commons-logging/1.1.1/commons-logging-1.1.1.jar:/home/jdbl/.m2/repository/org/mockito/mockito-core/1.9.5/mockito-core-1.9.5.jar:/home/jdbl/.m2/repository/org/objenesis/objenesis/1.0/objenesis-1.0.jar:/home/jdbl/.m2/repository/org/hamcrest/hamcrest-core/1.3/hamcrest-core-1.3.jar:/home/jdbl/.m2/repository/com/google/guava/guava/11.0.2/guava-11.0.2.jar:/home/jdbl/.m2/repository/com/google/code/findbugs/jsr305/1.3.9/jsr305-1.3.9.jar:/home/jdbl/.m2/repository/org/apache/hadoop/hadoop-common/2.3.0/hadoop-common-2.3.0.jar:/home/jdbl/.m2/repository/org/apache/hadoop/hadoop-annotations/2.3.0/hadoop-annotations-2.3.0.jar:/usr/local/openjdk-8/jre/../lib/tools.jar:/home/jdbl/.m2/repository/commons-cli/commons-cli/1.2/commons-cli-1.2.jar:/home/jdbl/.m2/repository/org/apache/commons/commons-math3/3.1.1/commons-math3-3.1.1.jar:/home/jdbl/.m2/repository/xmlenc/xmlenc/0.52/xmlenc-0.52.jar:/home/jdbl/.m2/repository/commons-httpclient/commons-httpclient/3.1/commons-httpclient-3.1.jar:/home/jdbl/.m2/repository/commons-codec/commons-codec/1.4/commons-codec-1.4.jar:/home/jdbl/.m2/repository/commons-io/commons-io/2.4/commons-io-2.4.jar:/home/jdbl/.m2/repository/commons-net/commons-net/3.1/commons-net-3.1.jar:/home/jdbl/.m2/repository/commons-collections/commons-collections/3.2.1/commons-collections-3.2.1.jar:/home/jdbl/.m2/repository/javax/servlet/servlet-api/2.5/servlet-api-2.5.jar:/home/jdbl/.m2/repository/org/mortbay/jetty/jetty/6.1.26/jetty-6.1.26.jar:/home/jdbl/.m2/repository/org/mortbay/jetty/jetty-util/6.1.26/jetty-util-6.1.26.jar:/home/jdbl/.m2/repository/com/sun/jersey/jersey-core/1.9/jersey-core-1.9.jar:/home/jdbl/.m2/repository/com/sun/jersey/jersey-json/1.9/jersey-json-1.9.jar:/home/jdbl/.m2/repository/org/codehaus/jettison/jettison/1.1/jettison-1.1.jar:/home/jdbl/.m2/repository/com/sun/xml/bind/jaxb-impl/2.2.3-1/jaxb-impl-2.2.3-1.jar:/home/jdbl/.m2/repository/org/codehaus/jackson/jackson-jaxrs/1.8.3/jackson-jaxrs-1.8.3.jar:/home/jdbl/.m2/repository/org/codehaus/jackson/jackson-xc/1.8.3/jackson-xc-1.8.3.jar:/home/jdbl/.m2/repository/com/sun/jersey/jersey-server/1.9/jersey-server-1.9.jar:/home/jdbl/.m2/repository/asm/asm/3.1/asm-3.1.jar:/home/jdbl/.m2/repository/tomcat/jasper-compiler/5.5.23/jasper-compiler-5.5.23.jar:/home/jdbl/.m2/repository/tomcat/jasper-runtime/5.5.23/jasper-runtime-5.5.23.jar:/home/jdbl/.m2/repository/javax/servlet/jsp/jsp-api/2.1/jsp-api-2.1.jar:/home/jdbl/.m2/repository/commons-el/commons-el/1.0/commons-el-1.0.jar:/home/jdbl/.m2/repository/log4j/log4j/1.2.17/log4j-1.2.17.jar:/home/jdbl/.m2/repository/net/java/dev/jets3t/jets3t/0.9.0/jets3t-0.9.0.jar:/home/jdbl/.m2/repository/org/apache/httpcomponents/httpclient/4.1.2/httpclient-4.1.2.jar:/home/jdbl/.m2/repository/org/apache/httpcomponents/httpcore/4.1.2/httpcore-4.1.2.jar:/home/jdbl/.m2/repository/com/jamesmurty/utils/java-xmlbuilder/0.4/java-xmlbuilder-0.4.jar:/home/jdbl/.m2/repository/commons-lang/commons-lang/2.6/commons-lang-2.6.jar:/home/jdbl/.m2/repository/commons-configuration/commons-configuration/1.6/commons-configuration-1.6.jar:/home/jdbl/.m2/repository/commons-digester/commons-digester/1.8/commons-digester-1.8.jar:/home/jdbl/.m2/repository/commons-beanutils/commons-beanutils/1.7.0/commons-beanutils-1.7.0.jar:/home/jdbl/.m2/repository/commons-beanutils/commons-beanutils-core/1.8.0/commons-beanutils-core-1.8.0.jar:/home/jdbl/.m2/repository/org/slf4j/slf4j-api/1.7.5/slf4j-api-1.7.5.jar:/home/jdbl/.m2/repository/org/slf4j/slf4j-log4j12/1.7.5/slf4j-log4j12-1.7.5.jar:/home/jdbl/.m2/repository/org/codehaus/jackson/jackson-core-asl/1.8.8/jackson-core-asl-1.8.8.jar:/home/jdbl/.m2/repository/org/codehaus/jackson/jackson-mapper-asl/1.8.8/jackson-mapper-asl-1.8.8.jar:/home/jdbl/.m2/repository/org/apache/avro/avro/1.7.4/avro-1.7.4.jar:/home/jdbl/.m2/repository/com/thoughtworks/paranamer/paranamer/2.3/paranamer-2.3.jar:/home/jdbl/.m2/repository/org/xerial/snappy/snappy-java/1.0.4.1/snappy-java-1.0.4.1.jar:/home/jdbl/.m2/repository/com/google/protobuf/protobuf-java/2.5.0/protobuf-java-2.5.0.jar:/home/jdbl/.m2/repository/org/apache/hadoop/hadoop-auth/2.3.0/hadoop-auth-2.3.0.jar:/home/jdbl/.m2/repository/com/jcraft/jsch/0.1.42/jsch-0.1.42.jar:/home/jdbl/.m2/repository/org/apache/zookeeper/zookeeper/3.4.5/zookeeper-3.4.5.jar:/home/jdbl/.m2/repository/org/apache/commons/commons-compress/1.4.1/commons-compress-1.4.1.jar:/home/jdbl/.m2/repository/org/tukaani/xz/1.0/xz-1.0.jar:/home/jdbl/.m2/repository/org/apache/hadoop/hadoop-mapreduce-client-core/2.3.0/hadoop-mapreduce-client-core-2.3.0.jar:/home/jdbl/.m2/repository/org/apache/hadoop/hadoop-yarn-common/2.3.0/hadoop-yarn-common-2.3.0.jar:/home/jdbl/.m2/repository/org/apache/hadoop/hadoop-yarn-api/2.3.0/hadoop-yarn-api-2.3.0.jar:/home/jdbl/.m2/repository/javax/xml/bind/jaxb-api/2.2.2/jaxb-api-2.2.2.jar:/home/jdbl/.m2/repository/javax/xml/stream/stax-api/1.0-2/stax-api-1.0-2.jar:/home/jdbl/.m2/repository/javax/activation/activation/1.1/activation-1.1.jar:/home/jdbl/.m2/repository/com/google/inject/guice/3.0/guice-3.0.jar:/home/jdbl/.m2/repository/javax/inject/javax.inject/1/javax.inject-1.jar:/home/jdbl/.m2/repository/aopalliance/aopalliance/1.0/aopalliance-1.0.jar:/home/jdbl/.m2/repository/com/sun/jersey/contribs/jersey-guice/1.9/jersey-guice-1.9.jar:/home/jdbl/.m2/repository/com/google/inject/extensions/guice-servlet/3.0/guice-servlet-3.0.jar:/home/jdbl/.m2/repository/io/netty/netty/3.6.2.Final/netty-3.6.2.Final.jar:/home/jdbl/.m2/repository/org/powermock/powermock-core/1.5.1/powermock-core-1.5.1.jar:/home/jdbl/.m2/repository/org/powermock/powermock-reflect/1.5.1/powermock-reflect-1.5.1.jar:/home/jdbl/.m2/repository/org/javassist/javassist/3.18.0-GA/javassist-3.18.0-GA.jar:/home/jdbl/.m2/repository/org/powermock/powermock-api-mockito/1.5.1/powermock-api-mockito-1.5.1.jar:/home/jdbl/.m2/repository/org/powermock/powermock-api-support/1.5.1/powermock-api-support-1.5.1.jar:/home/jdbl/.m2/repository/org/powermock/powermock-module-junit4/1.5.1/powermock-module-junit4-1.5.1.jar:/home/jdbl/.m2/repository/org/powermock/powermock-module-junit4-common/1.5.1/powermock-module-junit4-common-1.5.1.jar:"/>
    <property name="java.vm.specification.version" value="1.8"/>
    <property name="sun.arch.data.model" value="64"/>
    <property name="java.home" value="/usr/local/openjdk-8/jre"/>
    <property name="sun.java.command" value="/tmp/tmp6g5w0cx0/attic-mrunit/target/surefire/surefirebooter7043162336003731253.jar /tmp/tmp6g5w0cx0/attic-mrunit/target/surefire/surefire8487394065690260544tmp /tmp/tmp6g5w0cx0/attic-mrunit/target/surefire/surefire7226494687159069486tmp"/>
    <property name="java.specification.vendor" value="Oracle Corporation"/>
    <property name="user.language" value="en"/>
    <property name="awt.toolkit" value="sun.awt.X11.XToolkit"/>
    <property name="java.vm.info" value="mixed mode"/>
    <property name="java.version" value="1.8.0_262"/>
    <property name="java.ext.dirs" value="/usr/local/openjdk-8/jre/lib/ext:/usr/java/packages/lib/ext"/>
    <property name="sun.boot.class.path" value="/usr/local/openjdk-8/jre/lib/resources.jar:/usr/local/openjdk-8/jre/lib/rt.jar:/usr/local/openjdk-8/jre/lib/sunrsasign.jar:/usr/local/openjdk-8/jre/lib/jsse.jar:/usr/local/openjdk-8/jre/lib/jce.jar:/usr/local/openjdk-8/jre/lib/charsets.jar:/usr/local/openjdk-8/jre/lib/jfr.jar:/usr/local/openjdk-8/jre/classes"/>
    <property name="java.vendor" value="Oracle Corporation"/>
    <property name="rat.skip" value="true"/>
    <property name="localRepository" value="/home/jdbl/.m2/repository"/>
    <property name="file.separator" value="/"/>
    <property name="java.vendor.url.bug" value="http://bugreport.sun.com/bugreport/"/>
    <property name="sun.cpu.endian" value="little"/>
    <property name="sun.io.unicode.encoding" value="UnicodeLittle"/>
    <property name="sun.cpu.isalist" value=""/>
  </properties>
  <testcase classname="org.apache.hadoop.mrunit.internal.io.TestSerialization" name="testClassWithoutNoArgConstructor" time="0.005"/>
  <testcase classname="org.apache.hadoop.mrunit.internal.io.TestSerialization" name="testChangeStateOfCopyArgument" time="0.005"/>
  <testcase classname="org.apache.hadoop.mrunit.internal.io.TestSerialization" name="testDontChangeStateOfCopyArgument" time="0.004"/>
  <testcase classname="org.apache.hadoop.mrunit.internal.io.TestSerialization" name="testCopyExceptionIfNoSerializer" time="0.004"/>
</testsuite>