<?xml version="1.0" encoding="UTF-8"?>
<testsuite xmlns:xsi="http://www.w3.org/2001/XMLSchema-instance" xsi:noNamespaceSchemaLocation="https://maven.apache.org/surefire/maven-surefire-plugin/xsd/surefire-test-report.xsd" name="org.apache.commons.configuration2.TestXMLConfiguration" time="0.88" tests="94" errors="0" skipped="0" failures="0">
  <properties>
    <property name="awt.toolkit" value="sun.awt.X11.XToolkit"/>
    <property name="maven.test.error.ignore" value="true"/>
    <property name="file.encoding.pkg" value="sun.io"/>
    <property name="java.specification.version" value="1.8"/>
    <property name="sun.cpu.isalist" value=""/>
    <property name="sun.jnu.encoding" value="UTF-8"/>
    <property name="java.class.path" value="/tmp/tmpo18zcnhz/commons-configuration/target/test-classes:/tmp/tmpo18zcnhz/commons-configuration/target/classes:/home/jdbl/.m2/repository/org/apache/commons/commons-lang3/3.7/commons-lang3-3.7.jar:/home/jdbl/.m2/repository/commons-logging/commons-logging/1.2/commons-logging-1.2.jar:/home/jdbl/.m2/repository/commons-beanutils/commons-beanutils/1.9.3/commons-beanutils-1.9.3.jar:/home/jdbl/.m2/repository/commons-collections/commons-collections/3.2.2/commons-collections-3.2.2.jar:/home/jdbl/.m2/repository/commons-codec/commons-codec/1.11/commons-codec-1.11.jar:/home/jdbl/.m2/repository/org/apache/commons/commons-jexl/2.1.1/commons-jexl-2.1.1.jar:/home/jdbl/.m2/repository/org/apache/commons/commons-vfs2/2.2/commons-vfs2-2.2.jar:/home/jdbl/.m2/repository/commons-jxpath/commons-jxpath/1.3/commons-jxpath-1.3.jar:/home/jdbl/.m2/repository/xml-resolver/xml-resolver/1.2/xml-resolver-1.2.jar:/home/jdbl/.m2/repository/org/springframework/spring-core/4.3.18.RELEASE/spring-core-4.3.18.RELEASE.jar:/home/jdbl/.m2/repository/org/springframework/spring-beans/4.3.18.RELEASE/spring-beans-4.3.18.RELEASE.jar:/home/jdbl/.m2/repository/org/springframework/spring-context/4.3.18.RELEASE/spring-context-4.3.18.RELEASE.jar:/home/jdbl/.m2/repository/org/springframework/spring-aop/4.3.18.RELEASE/spring-aop-4.3.18.RELEASE.jar:/home/jdbl/.m2/repository/org/springframework/spring-expression/4.3.18.RELEASE/spring-expression-4.3.18.RELEASE.jar:/home/jdbl/.m2/repository/org/springframework/spring-test/4.3.18.RELEASE/spring-test-4.3.18.RELEASE.jar:/home/jdbl/.m2/repository/javax/servlet/servlet-api/2.4/servlet-api-2.4.jar:/home/jdbl/.m2/repository/xerces/xercesImpl/2.6.2/xercesImpl-2.6.2.jar:/home/jdbl/.m2/repository/xml-apis/xml-apis/1.0.b2/xml-apis-1.0.b2.jar:/home/jdbl/.m2/repository/org/yaml/snakeyaml/1.21/snakeyaml-1.21.jar:/home/jdbl/.m2/repository/com/fasterxml/jackson/core/jackson-databind/2.9.6/jackson-databind-2.9.6.jar:/home/jdbl/.m2/repository/com/fasterxml/jackson/core/jackson-annotations/2.9.0/jackson-annotations-2.9.0.jar:/home/jdbl/.m2/repository/com/fasterxml/jackson/core/jackson-core/2.9.6/jackson-core-2.9.6.jar:/home/jdbl/.m2/repository/org/apache/commons/commons-dbcp2/2.4.0/commons-dbcp2-2.4.0.jar:/home/jdbl/.m2/repository/org/apache/commons/commons-pool2/2.6.0/commons-pool2-2.6.0.jar:/home/jdbl/.m2/repository/org/hsqldb/hsqldb/2.3.5/hsqldb-2.3.5.jar:/home/jdbl/.m2/repository/org/dbunit/dbunit/2.5.4/dbunit-2.5.4.jar:/home/jdbl/.m2/repository/org/apache/poi/poi-ooxml/3.14/poi-ooxml-3.14.jar:/home/jdbl/.m2/repository/org/apache/poi/poi/3.14/poi-3.14.jar:/home/jdbl/.m2/repository/org/apache/poi/poi-ooxml-schemas/3.14/poi-ooxml-schemas-3.14.jar:/home/jdbl/.m2/repository/org/apache/xmlbeans/xmlbeans/2.6.0/xmlbeans-2.6.0.jar:/home/jdbl/.m2/repository/stax/stax-api/1.0.1/stax-api-1.0.1.jar:/home/jdbl/.m2/repository/com/github/virtuald/curvesapi/1.03/curvesapi-1.03.jar:/home/jdbl/.m2/repository/junit/junit/4.12/junit-4.12.jar:/home/jdbl/.m2/repository/org/hamcrest/hamcrest-core/1.3/hamcrest-core-1.3.jar:/home/jdbl/.m2/repository/junit-addons/junit-addons/1.4/junit-addons-1.4.jar:/home/jdbl/.m2/repository/mockobjects/mockobjects-core/0.09/mockobjects-core-0.09.jar:/home/jdbl/.m2/repository/mockobjects/mockobjects-jdk1.4-j2ee1.3/0.09/mockobjects-jdk1.4-j2ee1.3-0.09.jar:/home/jdbl/.m2/repository/org/easymock/easymock/3.6/easymock-3.6.jar:/home/jdbl/.m2/repository/org/objenesis/objenesis/2.6/objenesis-2.6.jar:/home/jdbl/.m2/repository/com/sun/mail/mailapi/1.6.1/mailapi-1.6.1.jar:/home/jdbl/.m2/repository/javax/activation/activation/1.1/activation-1.1.jar:/home/jdbl/.m2/repository/log4j/log4j/1.2.17/log4j-1.2.17.jar:/home/jdbl/.m2/repository/org/slf4j/slf4j-api/1.7.25/slf4j-api-1.7.25.jar:/home/jdbl/.m2/repository/org/slf4j/slf4j-ext/1.7.25/slf4j-ext-1.7.25.jar:/home/jdbl/.m2/repository/org/slf4j/slf4j-log4j12/1.7.25/slf4j-log4j12-1.7.25.jar:/home/jdbl/.m2/repository/org/slf4j/slf4j-nop/1.7.25/slf4j-nop-1.7.25.jar:"/>
    <property name="java.vm.vendor" value="Oracle Corporation"/>
    <property name="maven.javadoc.skip" value="true"/>
    <property name="sun.arch.data.model" value="64"/>
    <property name="java.vendor.url" value="http://java.oracle.com/"/>
    <property name="user.timezone" value=""/>
    <property name="java.vm.specification.version" value="1.8"/>
    <property name="os.name" value="Linux"/>
    <property name="rat.skip" value="true"/>
    <property name="sun.java.launcher" value="SUN_STANDARD"/>
    <property name="sun.boot.library.path" value="/usr/local/openjdk-8/jre/lib/amd64"/>
    <property name="sun.java.command" value="/tmp/tmpo18zcnhz/commons-configuration/target/surefire/surefirebooter9157700579085598324.jar /tmp/tmpo18zcnhz/commons-configuration/target/surefire 2020-07-30T15-12-41_919-jvmRun1 surefire669583097326310730tmp surefire_02209628486467387032tmp"/>
    <property name="surefire.test.class.path" value="/tmp/tmpo18zcnhz/commons-configuration/target/test-classes:/tmp/tmpo18zcnhz/commons-configuration/target/classes:/home/jdbl/.m2/repository/org/apache/commons/commons-lang3/3.7/commons-lang3-3.7.jar:/home/jdbl/.m2/repository/commons-logging/commons-logging/1.2/commons-logging-1.2.jar:/home/jdbl/.m2/repository/commons-beanutils/commons-beanutils/1.9.3/commons-beanutils-1.9.3.jar:/home/jdbl/.m2/repository/commons-collections/commons-collections/3.2.2/commons-collections-3.2.2.jar:/home/jdbl/.m2/repository/commons-codec/commons-codec/1.11/commons-codec-1.11.jar:/home/jdbl/.m2/repository/org/apache/commons/commons-jexl/2.1.1/commons-jexl-2.1.1.jar:/home/jdbl/.m2/repository/org/apache/commons/commons-vfs2/2.2/commons-vfs2-2.2.jar:/home/jdbl/.m2/repository/commons-jxpath/commons-jxpath/1.3/commons-jxpath-1.3.jar:/home/jdbl/.m2/repository/xml-resolver/xml-resolver/1.2/xml-resolver-1.2.jar:/home/jdbl/.m2/repository/org/springframework/spring-core/4.3.18.RELEASE/spring-core-4.3.18.RELEASE.jar:/home/jdbl/.m2/repository/org/springframework/spring-beans/4.3.18.RELEASE/spring-beans-4.3.18.RELEASE.jar:/home/jdbl/.m2/repository/org/springframework/spring-context/4.3.18.RELEASE/spring-context-4.3.18.RELEASE.jar:/home/jdbl/.m2/repository/org/springframework/spring-aop/4.3.18.RELEASE/spring-aop-4.3.18.RELEASE.jar:/home/jdbl/.m2/repository/org/springframework/spring-expression/4.3.18.RELEASE/spring-expression-4.3.18.RELEASE.jar:/home/jdbl/.m2/repository/org/springframework/spring-test/4.3.18.RELEASE/spring-test-4.3.18.RELEASE.jar:/home/jdbl/.m2/repository/javax/servlet/servlet-api/2.4/servlet-api-2.4.jar:/home/jdbl/.m2/repository/xerces/xercesImpl/2.6.2/xercesImpl-2.6.2.jar:/home/jdbl/.m2/repository/xml-apis/xml-apis/1.0.b2/xml-apis-1.0.b2.jar:/home/jdbl/.m2/repository/org/yaml/snakeyaml/1.21/snakeyaml-1.21.jar:/home/jdbl/.m2/repository/com/fasterxml/jackson/core/jackson-databind/2.9.6/jackson-databind-2.9.6.jar:/home/jdbl/.m2/repository/com/fasterxml/jackson/core/jackson-annotations/2.9.0/jackson-annotations-2.9.0.jar:/home/jdbl/.m2/repository/com/fasterxml/jackson/core/jackson-core/2.9.6/jackson-core-2.9.6.jar:/home/jdbl/.m2/repository/org/apache/commons/commons-dbcp2/2.4.0/commons-dbcp2-2.4.0.jar:/home/jdbl/.m2/repository/org/apache/commons/commons-pool2/2.6.0/commons-pool2-2.6.0.jar:/home/jdbl/.m2/repository/org/hsqldb/hsqldb/2.3.5/hsqldb-2.3.5.jar:/home/jdbl/.m2/repository/org/dbunit/dbunit/2.5.4/dbunit-2.5.4.jar:/home/jdbl/.m2/repository/org/apache/poi/poi-ooxml/3.14/poi-ooxml-3.14.jar:/home/jdbl/.m2/repository/org/apache/poi/poi/3.14/poi-3.14.jar:/home/jdbl/.m2/repository/org/apache/poi/poi-ooxml-schemas/3.14/poi-ooxml-schemas-3.14.jar:/home/jdbl/.m2/repository/org/apache/xmlbeans/xmlbeans/2.6.0/xmlbeans-2.6.0.jar:/home/jdbl/.m2/repository/stax/stax-api/1.0.1/stax-api-1.0.1.jar:/home/jdbl/.m2/repository/com/github/virtuald/curvesapi/1.03/curvesapi-1.03.jar:/home/jdbl/.m2/repository/junit/junit/4.12/junit-4.12.jar:/home/jdbl/.m2/repository/org/hamcrest/hamcrest-core/1.3/hamcrest-core-1.3.jar:/home/jdbl/.m2/repository/junit-addons/junit-addons/1.4/junit-addons-1.4.jar:/home/jdbl/.m2/repository/mockobjects/mockobjects-core/0.09/mockobjects-core-0.09.jar:/home/jdbl/.m2/repository/mockobjects/mockobjects-jdk1.4-j2ee1.3/0.09/mockobjects-jdk1.4-j2ee1.3-0.09.jar:/home/jdbl/.m2/repository/org/easymock/easymock/3.6/easymock-3.6.jar:/home/jdbl/.m2/repository/org/objenesis/objenesis/2.6/objenesis-2.6.jar:/home/jdbl/.m2/repository/com/sun/mail/mailapi/1.6.1/mailapi-1.6.1.jar:/home/jdbl/.m2/repository/javax/activation/activation/1.1/activation-1.1.jar:/home/jdbl/.m2/repository/log4j/log4j/1.2.17/log4j-1.2.17.jar:/home/jdbl/.m2/repository/org/slf4j/slf4j-api/1.7.25/slf4j-api-1.7.25.jar:/home/jdbl/.m2/repository/org/slf4j/slf4j-ext/1.7.25/slf4j-ext-1.7.25.jar:/home/jdbl/.m2/repository/org/slf4j/slf4j-log4j12/1.7.25/slf4j-log4j12-1.7.25.jar:/home/jdbl/.m2/repository/org/slf4j/slf4j-nop/1.7.25/slf4j-nop-1.7.25.jar:"/>
    <property name="sun.cpu.endian" value="little"/>
    <property name="user.home" value="/home/jdbl"/>
    <property name="user.language" value="en"/>
    <property name="java.specification.vendor" value="Oracle Corporation"/>
    <property name="java.home" value="/usr/local/openjdk-8/jre"/>
    <property name="basedir" value="/tmp/tmpo18zcnhz/commons-configuration"/>
    <property name="file.separator" value="/"/>
    <property name="line.separator" value="&#10;"/>
    <property name="source.skip" value="true"/>
    <property name="java.vm.specification.vendor" value="Oracle Corporation"/>
    <property name="java.specification.name" value="Java Platform API Specification"/>
    <property name="java.awt.graphicsenv" value="sun.awt.X11GraphicsEnvironment"/>
    <property name="java.awt.headless" value="true"/>
    <property name="surefire.real.class.path" value="/tmp/tmpo18zcnhz/commons-configuration/target/surefire/surefirebooter9157700579085598324.jar"/>
    <property name="sun.boot.class.path" value="/usr/local/openjdk-8/jre/lib/resources.jar:/usr/local/openjdk-8/jre/lib/rt.jar:/usr/local/openjdk-8/jre/lib/sunrsasign.jar:/usr/local/openjdk-8/jre/lib/jsse.jar:/usr/local/openjdk-8/jre/lib/jce.jar:/usr/local/openjdk-8/jre/lib/charsets.jar:/usr/local/openjdk-8/jre/lib/jfr.jar:/usr/local/openjdk-8/jre/classes"/>
    <property name="sun.management.compiler" value="HotSpot 64-Bit Tiered Compilers"/>
    <property name="java.runtime.version" value="1.8.0_262-b10"/>
    <property name="user.name" value="jdbl"/>
    <property name="path.separator" value=":"/>
    <property name="os.version" value="4.15.0-109-generic"/>
    <property name="java.endorsed.dirs" value="/usr/local/openjdk-8/jre/lib/endorsed"/>
    <property name="java.runtime.name" value="OpenJDK Runtime Environment"/>
    <property name="file.encoding" value="UTF-8"/>
    <property name="java.vm.name" value="OpenJDK 64-Bit Server VM"/>
    <property name="localRepository" value="/home/jdbl/.m2/repository"/>
    <property name="java.vendor.url.bug" value="http://bugreport.sun.com/bugreport/"/>
    <property name="java.io.tmpdir" value="/tmp"/>
    <property name="java.version" value="1.8.0_262"/>
    <property name="user.dir" value="/tmp/tmpo18zcnhz/commons-configuration"/>
    <property name="os.arch" value="amd64"/>
    <property name="license.skip" value="true"/>
    <property name="animal.sniffer.skip" value="true"/>
    <property name="java.vm.specification.name" value="Java Virtual Machine Specification"/>
    <property name="java.awt.printerjob" value="sun.print.PSPrinterJob"/>
    <property name="sun.os.patch.level" value="unknown"/>
    <property name="java.library.path" value="/usr/java/packages/lib/amd64:/usr/lib64:/lib64:/lib:/usr/lib"/>
    <property name="java.vm.info" value="mixed mode"/>
    <property name="java.vendor" value="Oracle Corporation"/>
    <property name="java.vm.version" value="25.262-b10"/>
    <property name="java.ext.dirs" value="/usr/local/openjdk-8/jre/lib/ext:/usr/java/packages/lib/ext"/>
    <property name="sun.io.unicode.encoding" value="UnicodeLittle"/>
    <property name="org.apache.commons.logging.Log" value="org.apache.commons.configuration2.Logging"/>
    <property name="java.class.version" value="52.0"/>
    <property name="maven.test.failure.ignore" value="true"/>
  </properties>
  <testcase name="testDelimiterParsingDisabledXPath" classname="org.apache.commons.configuration2.TestXMLConfiguration" time="0.008"/>
  <testcase name="testLoadInvalidXML" classname="org.apache.commons.configuration2.TestXMLConfiguration" time="0.003"/>
  <testcase name="testPreserveSpace" classname="org.apache.commons.configuration2.TestXMLConfiguration" time="0.003"/>
  <testcase name="testGetComplexProperty" classname="org.apache.commons.configuration2.TestXMLConfiguration" time="0.002"/>
  <testcase name="testSetAttribute" classname="org.apache.commons.configuration2.TestXMLConfiguration" time="0.002"/>
  <testcase name="testSaveWithDoctypeIDs" classname="org.apache.commons.configuration2.TestXMLConfiguration" time="0.005"/>
  <testcase name="testAddObjectProperty" classname="org.apache.commons.configuration2.TestXMLConfiguration" time="0.002"/>
  <testcase name="testSetRootNamespace" classname="org.apache.commons.configuration2.TestXMLConfiguration" time="0.016"/>
  <testcase name="testAutoSaveWithSubnodeConfig" classname="org.apache.commons.configuration2.TestXMLConfiguration" time="0.021"/>
  <testcase name="testCopyRootNameNoDocument" classname="org.apache.commons.configuration2.TestXMLConfiguration" time="0.007"/>
  <testcase name="testAddList" classname="org.apache.commons.configuration2.TestXMLConfiguration" time="0.002"/>
  <testcase name="testLoadWithRootNamespace" classname="org.apache.commons.configuration2.TestXMLConfiguration" time="0.009"/>
  <testcase name="testLoadWithEncoding" classname="org.apache.commons.configuration2.TestXMLConfiguration" time="0.011"/>
  <testcase name="testAttributeKeyWithMultipleValues" classname="org.apache.commons.configuration2.TestXMLConfiguration" time="0.005"/>
  <testcase name="testDtd" classname="org.apache.commons.configuration2.TestXMLConfiguration" time="0.012"/>
  <testcase name="testClearPropertyNonText" classname="org.apache.commons.configuration2.TestXMLConfiguration" time="0.002"/>
  <testcase name="testCopyRootName" classname="org.apache.commons.configuration2.TestXMLConfiguration" time="0.004"/>
  <testcase name="testSaveAfterCreateWithCopyConstructor" classname="org.apache.commons.configuration2.TestXMLConfiguration" time="0.009"/>
  <testcase name="testgetProperty" classname="org.apache.commons.configuration2.TestXMLConfiguration" time="0.003"/>
  <testcase name="testClone" classname="org.apache.commons.configuration2.TestXMLConfiguration" time="0.001"/>
  <testcase name="testSaveWindowsPath" classname="org.apache.commons.configuration2.TestXMLConfiguration" time="0.004"/>
  <testcase name="testSave" classname="org.apache.commons.configuration2.TestXMLConfiguration" time="0.008"/>
  <testcase name="testClearPropertySingleElement" classname="org.apache.commons.configuration2.TestXMLConfiguration" time="0.002"/>
  <testcase name="testCloneWithSave" classname="org.apache.commons.configuration2.TestXMLConfiguration" time="0.044"/>
  <testcase name="testEmptyElements" classname="org.apache.commons.configuration2.TestXMLConfiguration" time="0.003"/>
  <testcase name="testListWithAttributesMultiValue" classname="org.apache.commons.configuration2.TestXMLConfiguration" time="0.003"/>
  <testcase name="testSplitLists" classname="org.apache.commons.configuration2.TestXMLConfiguration" time="0.002"/>
  <testcase name="testXPathExpressionEngine" classname="org.apache.commons.configuration2.TestXMLConfiguration" time="0.011"/>
  <testcase name="testSaveToStreamWithEncoding" classname="org.apache.commons.configuration2.TestXMLConfiguration" time="0.02"/>
  <testcase name="testListWithAttributes" classname="org.apache.commons.configuration2.TestXMLConfiguration" time="0"/>
  <testcase name="testAutoSaveAddNodes" classname="org.apache.commons.configuration2.TestXMLConfiguration" time="0.014"/>
  <testcase name="testSetTextRootElement" classname="org.apache.commons.configuration2.TestXMLConfiguration" time="0.017"/>
  <testcase name="testPublicIdSynchronized" classname="org.apache.commons.configuration2.TestXMLConfiguration" time="0.001"/>
  <testcase name="testSaveToStream" classname="org.apache.commons.configuration2.TestXMLConfiguration" time="0.017"/>
  <testcase name="testValidating" classname="org.apache.commons.configuration2.TestXMLConfiguration" time="0.001"/>
  <testcase name="testOverrideAttribute" classname="org.apache.commons.configuration2.TestXMLConfiguration" time="0.002"/>
  <testcase name="testSaveWithRootAttributes" classname="org.apache.commons.configuration2.TestXMLConfiguration" time="0.004"/>
  <testcase name="testClearAttributeNonExisting" classname="org.apache.commons.configuration2.TestXMLConfiguration" time="0.002"/>
  <testcase name="testSaveWithInvalidTransformerFactory" classname="org.apache.commons.configuration2.TestXMLConfiguration" time="0.002"/>
  <testcase name="testSaveWithDelimiterParsingDisabled" classname="org.apache.commons.configuration2.TestXMLConfiguration" time="0.01"/>
  <testcase name="testAutoSaveWithSubSubnodeConfig" classname="org.apache.commons.configuration2.TestXMLConfiguration" time="0.006"/>
  <testcase name="testSaveWithDoctype" classname="org.apache.commons.configuration2.TestXMLConfiguration" time="0.004"/>
  <testcase name="testSaveWithValidation" classname="org.apache.commons.configuration2.TestXMLConfiguration" time="0.014"/>
  <testcase name="testGetPropertyWithXMLEntity" classname="org.apache.commons.configuration2.TestXMLConfiguration" time="0.002"/>
  <testcase name="testClearPropertyNotExisting" classname="org.apache.commons.configuration2.TestXMLConfiguration" time="0.002"/>
  <testcase name="testPreserveSpaceInvalid" classname="org.apache.commons.configuration2.TestXMLConfiguration" time="0.002"/>
  <testcase name="testNoDelimiterParsingInAttrValues" classname="org.apache.commons.configuration2.TestXMLConfiguration" time="0.004"/>
  <testcase name="testPreserveSpaceOnElement" classname="org.apache.commons.configuration2.TestXMLConfiguration" time="0.002"/>
  <testcase name="testSetPropertyListWithDelimiterParsingDisabled" classname="org.apache.commons.configuration2.TestXMLConfiguration" time="0.004"/>
  <testcase name="testDelimiterParsingDisabled" classname="org.apache.commons.configuration2.TestXMLConfiguration" time="0.003"/>
  <testcase name="testClearPropertyMultipleSiblings" classname="org.apache.commons.configuration2.TestXMLConfiguration" time="0.002"/>
  <testcase name="testClearPropertySingleElementWithAttribute" classname="org.apache.commons.configuration2.TestXMLConfiguration" time="0.005"/>
  <testcase name="testLoadAndSaveFromFile" classname="org.apache.commons.configuration2.TestXMLConfiguration" time="0.009"/>
  <testcase name="testCopyNull" classname="org.apache.commons.configuration2.TestXMLConfiguration" time="0.002"/>
  <testcase name="testAddPropertyListWithDelimiterParsingDisabled" classname="org.apache.commons.configuration2.TestXMLConfiguration" time="0.004"/>
  <testcase name="testSetProperty" classname="org.apache.commons.configuration2.TestXMLConfiguration" time="0"/>
  <testcase name="testValidatingInvalidFile" classname="org.apache.commons.configuration2.TestXMLConfiguration" time="0.001"/>
  <testcase name="testAddNodesAndSave" classname="org.apache.commons.configuration2.TestXMLConfiguration" time="0.016"/>
  <testcase name="testClearAttributeSingle" classname="org.apache.commons.configuration2.TestXMLConfiguration" time="0.002"/>
  <testcase name="testGetProperty" classname="org.apache.commons.configuration2.TestXMLConfiguration" time="0.002"/>
  <testcase name="testEmptyReload" classname="org.apache.commons.configuration2.TestXMLConfiguration" time="0.013"/>
  <testcase name="testCustomDocBuilder" classname="org.apache.commons.configuration2.TestXMLConfiguration" time="0.011"/>
  <testcase name="testEmptyAttribute" classname="org.apache.commons.configuration2.TestXMLConfiguration" time="0.003"/>
  <testcase name="testCustomDocBuilderValidationError" classname="org.apache.commons.configuration2.TestXMLConfiguration" time="0.017"/>
  <testcase name="testPreserveSpaceOverride" classname="org.apache.commons.configuration2.TestXMLConfiguration" time="0.003"/>
  <testcase name="testComplexNames" classname="org.apache.commons.configuration2.TestXMLConfiguration" time="0.007"/>
  <testcase name="testSaveWithValidationFailure" classname="org.apache.commons.configuration2.TestXMLConfiguration" time="0.032"/>
  <testcase name="testSaveToURL" classname="org.apache.commons.configuration2.TestXMLConfiguration" time="0.005"/>
  <testcase name="testClearPropertyCData" classname="org.apache.commons.configuration2.TestXMLConfiguration" time="0.002"/>
  <testcase name="testInitCopy" classname="org.apache.commons.configuration2.TestXMLConfiguration" time="0.01"/>
  <testcase name="testSaveWithNullEncoding" classname="org.apache.commons.configuration2.TestXMLConfiguration" time="0.019"/>
  <testcase name="testLoadChildNamespace" classname="org.apache.commons.configuration2.TestXMLConfiguration" time="0.003"/>
  <testcase name="testGetAttribute" classname="org.apache.commons.configuration2.TestXMLConfiguration" time="0.003"/>
  <testcase name="testListWithMultipleAttributesMultiValue" classname="org.apache.commons.configuration2.TestXMLConfiguration" time="0.002"/>
  <testcase name="testSaveWithRootAttributes_ByHand" classname="org.apache.commons.configuration2.TestXMLConfiguration" time="0.002"/>
  <testcase name="testAppend" classname="org.apache.commons.configuration2.TestXMLConfiguration" time="0.007"/>
  <testcase name="testSystemIdSynchronized" classname="org.apache.commons.configuration2.TestXMLConfiguration" time="0.002"/>
  <testcase name="testAddNodesToSubnodeConfiguration" classname="org.apache.commons.configuration2.TestXMLConfiguration" time="0.002"/>
  <testcase name="testAddNodesCopy" classname="org.apache.commons.configuration2.TestXMLConfiguration" time="0.018"/>
  <testcase name="testSaveDelimiterParsingDisabled" classname="org.apache.commons.configuration2.TestXMLConfiguration" time="0.023"/>
  <testcase name="testSetRootAttribute" classname="org.apache.commons.configuration2.TestXMLConfiguration" time="0.017"/>
  <testcase name="testGetCommentedProperty" classname="org.apache.commons.configuration2.TestXMLConfiguration" time="0.002"/>
  <testcase name="testSaveWithEncoding" classname="org.apache.commons.configuration2.TestXMLConfiguration" time="0.003"/>
  <testcase name="testAddProperty" classname="org.apache.commons.configuration2.TestXMLConfiguration" time="0.002"/>
  <testcase name="testSaveAttributes" classname="org.apache.commons.configuration2.TestXMLConfiguration" time="0.022"/>
  <testcase name="testSubset" classname="org.apache.commons.configuration2.TestXMLConfiguration" time="0.024"/>
  <testcase name="testCustomDocBuilderValidationSuccess" classname="org.apache.commons.configuration2.TestXMLConfiguration" time="0.008"/>
  <testcase name="testClearPropertyMultipleDisjoined" classname="org.apache.commons.configuration2.TestXMLConfiguration" time="0.002"/>
  <testcase name="testClearTextRootElement" classname="org.apache.commons.configuration2.TestXMLConfiguration" time="0.022"/>
  <testcase name="testConcurrentGetAndReload" classname="org.apache.commons.configuration2.TestXMLConfiguration" time="0.096"/>
  <testcase name="testAddObjectAttribute" classname="org.apache.commons.configuration2.TestXMLConfiguration" time="0"/>
  <testcase name="testReadCalledDirectly" classname="org.apache.commons.configuration2.TestXMLConfiguration" time="0"/>
  <testcase name="testLoadFromStream" classname="org.apache.commons.configuration2.TestXMLConfiguration" time="0.008"/>
  <testcase name="testClearAttributeMultipleDisjoined" classname="org.apache.commons.configuration2.TestXMLConfiguration" time="0"/>
</testsuite>