<?xml version="1.0" encoding="UTF-8"?>
<testsuite xmlns:xsi="http://www.w3.org/2001/XMLSchema-instance" xsi:schemaLocation="https://maven.apache.org/surefire/maven-surefire-plugin/xsd/surefire-test-report.xsd" name="org.apache.commons.io.IOUtilsTestCase" time="0.166" tests="107" errors="0" skipped="0" failures="0">
  <properties>
    <property name="java.runtime.name" value="OpenJDK Runtime Environment"/>
    <property name="sun.boot.library.path" value="/usr/local/openjdk-8/jre/lib/amd64"/>
    <property name="java.vm.version" value="25.262-b10"/>
    <property name="animal.sniffer.skip" value="true"/>
    <property name="java.vm.vendor" value="Oracle Corporation"/>
    <property name="maven.multiModuleProjectDirectory" value="/tmp/tmpqmng15hz/commons-io"/>
    <property name="maven.javadoc.skip" value="true"/>
    <property name="java.vendor.url" value="http://java.oracle.com/"/>
    <property name="path.separator" value=":"/>
    <property name="guice.disable.misplaced.annotation.check" value="true"/>
    <property name="java.vm.name" value="OpenJDK 64-Bit Server VM"/>
    <property name="file.encoding.pkg" value="sun.io"/>
    <property name="sun.java.launcher" value="SUN_STANDARD"/>
    <property name="sun.os.patch.level" value="unknown"/>
    <property name="source.skip" value="true"/>
    <property name="java.vm.specification.name" value="Java Virtual Machine Specification"/>
    <property name="user.dir" value="/tmp/tmpqmng15hz/commons-io"/>
    <property name="java.runtime.version" value="1.8.0_262-b10"/>
    <property name="java.awt.graphicsenv" value="sun.awt.X11GraphicsEnvironment"/>
    <property name="java.endorsed.dirs" value="/usr/local/openjdk-8/jre/lib/endorsed"/>
    <property name="os.arch" value="amd64"/>
    <property name="java.io.tmpdir" value="/tmp"/>
    <property name="line.separator" value="&#10;"/>
    <property name="java.vm.specification.vendor" value="Oracle Corporation"/>
    <property name="os.name" value="Linux"/>
    <property name="classworlds.conf" value="/usr/share/maven/bin/m2.conf"/>
    <property name="maven.test.error.ignore" value="true"/>
    <property name="sun.jnu.encoding" value="UTF-8"/>
    <property name="java.library.path" value="/usr/java/packages/lib/amd64:/usr/lib64:/lib64:/lib:/usr/lib"/>
    <property name="license.skip" value="true"/>
    <property name="maven.conf" value="/usr/share/maven/conf"/>
    <property name="java.specification.name" value="Java Platform API Specification"/>
    <property name="java.class.version" value="52.0"/>
    <property name="sun.management.compiler" value="HotSpot 64-Bit Tiered Compilers"/>
    <property name="maven.test.failure.ignore" value="true"/>
    <property name="os.version" value="4.15.0-109-generic"/>
    <property name="library.jansi.path" value="/usr/share/maven/lib/jansi-native"/>
    <property name="user.home" value="/home/jdbl"/>
    <property name="user.timezone" value="Etc/UTC"/>
    <property name="java.awt.printerjob" value="sun.print.PSPrinterJob"/>
    <property name="java.specification.version" value="1.8"/>
    <property name="file.encoding" value="UTF-8"/>
    <property name="user.name" value="jdbl"/>
    <property name="java.class.path" value="/usr/share/maven/boot/plexus-classworlds-2.6.0.jar"/>
    <property name="java.vm.specification.version" value="1.8"/>
    <property name="sun.arch.data.model" value="64"/>
    <property name="java.home" value="/usr/local/openjdk-8/jre"/>
    <property name="sun.java.command" value="org.codehaus.plexus.classworlds.launcher.Launcher package -e --fail-never -ntp -Dmaven.test.error.ignore=true -Dmaven.test.failure.ignore=true -B -Dmaven.javadoc.skip=true -Drat.skip=true -Danimal.sniffer.skip=true -Dmaven.javadoc.skip=true -Dlicense.skip=true -Dsource.skip=true"/>
    <property name="java.specification.vendor" value="Oracle Corporation"/>
    <property name="user.language" value="en"/>
    <property name="awt.toolkit" value="sun.awt.X11.XToolkit"/>
    <property name="java.vm.info" value="mixed mode"/>
    <property name="java.version" value="1.8.0_262"/>
    <property name="java.ext.dirs" value="/usr/local/openjdk-8/jre/lib/ext:/usr/java/packages/lib/ext"/>
    <property name="securerandom.source" value="file:/dev/./urandom"/>
    <property name="sun.boot.class.path" value="/usr/local/openjdk-8/jre/lib/resources.jar:/usr/local/openjdk-8/jre/lib/rt.jar:/usr/local/openjdk-8/jre/lib/sunrsasign.jar:/usr/local/openjdk-8/jre/lib/jsse.jar:/usr/local/openjdk-8/jre/lib/jce.jar:/usr/local/openjdk-8/jre/lib/charsets.jar:/usr/local/openjdk-8/jre/lib/jfr.jar:/usr/local/openjdk-8/jre/classes"/>
    <property name="java.vendor" value="Oracle Corporation"/>
    <property name="rat.skip" value="true"/>
    <property name="maven.home" value="/usr/share/maven"/>
    <property name="file.separator" value="/"/>
    <property name="java.vendor.url.bug" value="http://bugreport.sun.com/bugreport/"/>
    <property name="sun.cpu.endian" value="little"/>
    <property name="sun.io.unicode.encoding" value="UnicodeLittle"/>
    <property name="sun.cpu.isalist" value=""/>
  </properties>
  <testcase name="testToCharArray_Reader" classname="org.apache.commons.io.IOUtilsTestCase" time="0.013"/>
  <testcase name="testResourceToString_ExistingResourceAtSubPackage" classname="org.apache.commons.io.IOUtilsTestCase" time="0.001"/>
  <testcase name="testToString_InputStream" classname="org.apache.commons.io.IOUtilsTestCase" time="0.001"/>
  <testcase name="testResourceToString_NonExistingResource" classname="org.apache.commons.io.IOUtilsTestCase" time="0.001"/>
  <testcase name="testResourceToByteArray_ExistingResourceAtSubPackage" classname="org.apache.commons.io.IOUtilsTestCase" time="0.001"/>
  <testcase name="testContentEqualsIgnoreEOL" classname="org.apache.commons.io.IOUtilsTestCase" time="0"/>
  <testcase name="testResourceToString_NonExistingResource_WithClassLoader" classname="org.apache.commons.io.IOUtilsTestCase" time="0.001"/>
  <testcase name="testCopyLarge_FullLength" classname="org.apache.commons.io.IOUtilsTestCase" time="0"/>
  <testcase name="testCloseQuietly_SelectorNull" classname="org.apache.commons.io.IOUtilsTestCase" time="0.001"/>
  <testcase name="testCopy_String_Writer" classname="org.apache.commons.io.IOUtilsTestCase" time="0.001"/>
  <testcase name="testToByteArray_InputStream_NegativeSize" classname="org.apache.commons.io.IOUtilsTestCase" time="0"/>
  <testcase name="testToString_Reader" classname="org.apache.commons.io.IOUtilsTestCase" time="0"/>
  <testcase name="testReadFully_InputStream_Offset" classname="org.apache.commons.io.IOUtilsTestCase" time="0.001"/>
  <testcase name="testCopyLarge_CharExtraLength" classname="org.apache.commons.io.IOUtilsTestCase" time="0"/>
  <testcase name="testResourceToString_NullCharset" classname="org.apache.commons.io.IOUtilsTestCase" time="0.001"/>
  <testcase name="testSkip_ReadableByteChannel" classname="org.apache.commons.io.IOUtilsTestCase" time="0.004"/>
  <testcase name="testAsBufferedReaderWithBufferSize" classname="org.apache.commons.io.IOUtilsTestCase" time="0"/>
  <testcase name="testSkipFully_Reader" classname="org.apache.commons.io.IOUtilsTestCase" time="0.001"/>
  <testcase name="testToString_URL_CharsetNameNull" classname="org.apache.commons.io.IOUtilsTestCase" time="0"/>
  <testcase name="testResourceToString_ExistingResourceAtRootPackage" classname="org.apache.commons.io.IOUtilsTestCase" time="0.001"/>
  <testcase name="testToInputStream_String" classname="org.apache.commons.io.IOUtilsTestCase" time="0"/>
  <testcase name="testToByteArray_URI" classname="org.apache.commons.io.IOUtilsTestCase" time="0.001"/>
  <testcase name="testToByteArray_URL" classname="org.apache.commons.io.IOUtilsTestCase" time="0"/>
  <testcase name="testAsBufferedOutputStreamWithBufferSize" classname="org.apache.commons.io.IOUtilsTestCase" time="0.001"/>
  <testcase name="testToString_URL_CharsetName" classname="org.apache.commons.io.IOUtilsTestCase" time="0.001"/>
  <testcase name="testToByteArray_InputStream_SizeLong" classname="org.apache.commons.io.IOUtilsTestCase" time="0"/>
  <testcase name="testToByteArray_InputStream_SizeZero" classname="org.apache.commons.io.IOUtilsTestCase" time="0"/>
  <testcase name="testCloseQuietly_Socket" classname="org.apache.commons.io.IOUtilsTestCase" time="0.001"/>
  <testcase name="testToString_ByteArray" classname="org.apache.commons.io.IOUtilsTestCase" time="0.001"/>
  <testcase name="testToString_URI_CharsetNameNull" classname="org.apache.commons.io.IOUtilsTestCase" time="0"/>
  <testcase name="testCopy_ByteArray_Writer" classname="org.apache.commons.io.IOUtilsTestCase" time="0"/>
  <testcase name="testCopyLarge_NoSkip" classname="org.apache.commons.io.IOUtilsTestCase" time="0.001"/>
  <testcase name="testToInputStream_CharSequence" classname="org.apache.commons.io.IOUtilsTestCase" time="0"/>
  <testcase name="testSkip_InputStream" classname="org.apache.commons.io.IOUtilsTestCase" time="0"/>
  <testcase name="testCloseQuietly_SelectorIOException" classname="org.apache.commons.io.IOUtilsTestCase" time="0"/>
  <testcase name="testResourceToURL_Null" classname="org.apache.commons.io.IOUtilsTestCase" time="0"/>
  <testcase name="testAsBufferedWriterWithBufferSize" classname="org.apache.commons.io.IOUtilsTestCase" time="0.001"/>
  <testcase name="testResourceToURL_NonExistingResource" classname="org.apache.commons.io.IOUtilsTestCase" time="0"/>
  <testcase name="testAsBufferedReader" classname="org.apache.commons.io.IOUtilsTestCase" time="0.001"/>
  <testcase name="testToByteArray_InputStream" classname="org.apache.commons.io.IOUtilsTestCase" time="0.001"/>
  <testcase name="testCopyLarge_CharFullLength" classname="org.apache.commons.io.IOUtilsTestCase" time="0.001"/>
  <testcase name="testAsBufferedWriter" classname="org.apache.commons.io.IOUtilsTestCase" time="0"/>
  <testcase name="testResourceToURL_ExistingResourceAtRootPackage_WithClassLoader" classname="org.apache.commons.io.IOUtilsTestCase" time="0.001"/>
  <testcase name="testResourceToURL_NonExistingResource_WithClassLoader" classname="org.apache.commons.io.IOUtilsTestCase" time="0"/>
  <testcase name="testResourceToByteArray_NonExistingResource_WithClassLoader" classname="org.apache.commons.io.IOUtilsTestCase" time="0"/>
  <testcase name="testToString_URI_CharsetName" classname="org.apache.commons.io.IOUtilsTestCase" time="0.001"/>
  <testcase name="testCloseQuietly_SocketIOException" classname="org.apache.commons.io.IOUtilsTestCase" time="0.001"/>
  <testcase name="testSkipFully_ReadableByteChannel" classname="org.apache.commons.io.IOUtilsTestCase" time="0"/>
  <testcase name="testToByteArray_InputStream_Size" classname="org.apache.commons.io.IOUtilsTestCase" time="0.002"/>
  <testcase name="testCopyLarge_SkipInvalid" classname="org.apache.commons.io.IOUtilsTestCase" time="0"/>
  <testcase name="testResourceToByteArray_Null" classname="org.apache.commons.io.IOUtilsTestCase" time="0.001"/>
  <testcase name="testCopyLarge_CharNoSkip" classname="org.apache.commons.io.IOUtilsTestCase" time="0"/>
  <testcase name="testResourceToString_NullCharset_WithClassLoader" classname="org.apache.commons.io.IOUtilsTestCase" time="0"/>
  <testcase name="testResourceToByteArray_ExistingResourceAtRootPackage_WithClassLoader" classname="org.apache.commons.io.IOUtilsTestCase" time="0.001"/>
  <testcase name="testCopy_ByteArray_OutputStream" classname="org.apache.commons.io.IOUtilsTestCase" time="0"/>
  <testcase name="testResourceToByteArray_ExistingResourceAtSubPackage_WithClassLoader" classname="org.apache.commons.io.IOUtilsTestCase" time="0"/>
  <testcase name="testSkip_FileReader" classname="org.apache.commons.io.IOUtilsTestCase" time="0.001"/>
  <testcase name="testConstants" classname="org.apache.commons.io.IOUtilsTestCase" time="0"/>
  <testcase name="testReadFully_InputStream__ReturnByteArray" classname="org.apache.commons.io.IOUtilsTestCase" time="0.001"/>
  <testcase name="testReadLines_Reader" classname="org.apache.commons.io.IOUtilsTestCase" time="0.001"/>
  <testcase name="testAsBufferedOutputStream" classname="org.apache.commons.io.IOUtilsTestCase" time="0.001"/>
  <testcase name="testAsBufferedNull" classname="org.apache.commons.io.IOUtilsTestCase" time="0"/>
  <testcase name="testSkipFully_InputStream" classname="org.apache.commons.io.IOUtilsTestCase" time="0.001"/>
  <testcase name="testCloseQuietly_SelectorTwice" classname="org.apache.commons.io.IOUtilsTestCase" time="0.002"/>
  <testcase name="testStringToOutputStream" classname="org.apache.commons.io.IOUtilsTestCase" time="0.001"/>
  <testcase name="testReadFully_Reader_Offset" classname="org.apache.commons.io.IOUtilsTestCase" time="0.001"/>
  <testcase name="testCloseQuietly_ServerSocketIOException" classname="org.apache.commons.io.IOUtilsTestCase" time="0.001"/>
  <testcase name="testResourceToString_NullResource_WithClassLoader" classname="org.apache.commons.io.IOUtilsTestCase" time="0"/>
  <testcase name="testCopyLarge_ExtraLength" classname="org.apache.commons.io.IOUtilsTestCase" time="0.001"/>
  <testcase name="testCopyLarge_Skip" classname="org.apache.commons.io.IOUtilsTestCase" time="0"/>
  <testcase name="testRead_ReadableByteChannel" classname="org.apache.commons.io.IOUtilsTestCase" time="0.001"/>
  <testcase name="testToBufferedInputStream_InputStream" classname="org.apache.commons.io.IOUtilsTestCase" time="0.004"/>
  <testcase name="testCloseQuietly_Selector" classname="org.apache.commons.io.IOUtilsTestCase" time="0.001"/>
  <testcase name="testCloseQuietly_AllCloseableIOException" classname="org.apache.commons.io.IOUtilsTestCase" time="0"/>
  <testcase name="testContentEquals_Reader_Reader" classname="org.apache.commons.io.IOUtilsTestCase" time="0"/>
  <testcase name="testAsBufferedInputStreamWithBufferSize" classname="org.apache.commons.io.IOUtilsTestCase" time="0.001"/>
  <testcase name="testAsBufferedInputStream" classname="org.apache.commons.io.IOUtilsTestCase" time="0"/>
  <testcase name="testReadFully_InputStream_ByteArray" classname="org.apache.commons.io.IOUtilsTestCase" time="0"/>
  <testcase name="testToByteArray_Reader" classname="org.apache.commons.io.IOUtilsTestCase" time="0.001"/>
  <testcase name="testToCharArray_InputStream" classname="org.apache.commons.io.IOUtilsTestCase" time="0.001"/>
  <testcase name="testReadLines_InputStream" classname="org.apache.commons.io.IOUtilsTestCase" time="0.001"/>
  <testcase name="testToByteArray_String" classname="org.apache.commons.io.IOUtilsTestCase" time="0"/>
  <testcase name="testCopyLarge_CharSkip" classname="org.apache.commons.io.IOUtilsTestCase" time="0.001"/>
  <testcase name="testReadFully_ReadableByteChannel" classname="org.apache.commons.io.IOUtilsTestCase" time="0"/>
  <testcase name="testResourceToString_ExistingResourceAtSubPackage_WithClassLoader" classname="org.apache.commons.io.IOUtilsTestCase" time="0.001"/>
  <testcase name="testResourceToURL_ExistingResourceAtRootPackage" classname="org.apache.commons.io.IOUtilsTestCase" time="0"/>
  <testcase name="testCopyLarge_SkipWithInvalidOffset" classname="org.apache.commons.io.IOUtilsTestCase" time="0"/>
  <testcase name="testResourceToURL_ExistingResourceAtSubPackage_WithClassLoader" classname="org.apache.commons.io.IOUtilsTestCase" time="0.001"/>
  <testcase name="testResourceToString_NullResource" classname="org.apache.commons.io.IOUtilsTestCase" time="0"/>
  <testcase name="testToByteArray_URLConnection" classname="org.apache.commons.io.IOUtilsTestCase" time="0.001"/>
  <testcase name="testToBufferedInputStreamWithBufferSize_InputStream" classname="org.apache.commons.io.IOUtilsTestCase" time="0.001"/>
  <testcase name="testResourceToURL_Null_WithClassLoader" classname="org.apache.commons.io.IOUtilsTestCase" time="0.001"/>
  <testcase name="testResourceToByteArray_Null_WithClassLoader" classname="org.apache.commons.io.IOUtilsTestCase" time="0"/>
  <testcase name="testToByteArray_InputStream_SizeIllegal" classname="org.apache.commons.io.IOUtilsTestCase" time="0.001"/>
  <testcase name="testToString_URI" classname="org.apache.commons.io.IOUtilsTestCase" time="0.001"/>
  <testcase name="testToString_URL" classname="org.apache.commons.io.IOUtilsTestCase" time="0"/>
  <testcase name="testResourceToURL_ExistingResourceAtSubPackage" classname="org.apache.commons.io.IOUtilsTestCase" time="0"/>
  <testcase name="testReadLines_InputStream_String" classname="org.apache.commons.io.IOUtilsTestCase" time="0.001"/>
  <testcase name="testCloseQuietly_ServerSocket" classname="org.apache.commons.io.IOUtilsTestCase" time="0.002"/>
  <testcase name="testResourceToString_ExistingResourceAtRootPackage_WithClassLoader" classname="org.apache.commons.io.IOUtilsTestCase" time="0.001"/>
  <testcase name="testCloseQuietly_CloseableIOException" classname="org.apache.commons.io.IOUtilsTestCase" time="0.001"/>
  <testcase name="testContentEquals_InputStream_InputStream" classname="org.apache.commons.io.IOUtilsTestCase" time="0"/>
  <testcase name="testReadFully_Reader" classname="org.apache.commons.io.IOUtilsTestCase" time="0.001"/>
  <testcase name="testToCharArray_InputStream_CharsetName" classname="org.apache.commons.io.IOUtilsTestCase" time="0.002"/>
  <testcase name="testResourceToByteArray_NonExistingResource" classname="org.apache.commons.io.IOUtilsTestCase" time="0"/>
  <testcase name="testResourceToByteArray_ExistingResourceAtRootPackage" classname="org.apache.commons.io.IOUtilsTestCase" time="0.001"/>
  <testcase name="testCopyLarge_CharSkipInvalid" classname="org.apache.commons.io.IOUtilsTestCase" time="0.001"/>
</testsuite>