<?xml version="1.0" encoding="UTF-8"?>
<testsuite xmlns:xsi="http://www.w3.org/2001/XMLSchema-instance" xsi:schemaLocation="https://maven.apache.org/surefire/maven-surefire-plugin/xsd/surefire-test-report.xsd" name="com.studerw.activiti.IdentityServiceTest" time="0.087" tests="3" errors="1" skipped="0" failures="0">
  <properties>
    <property name="java.runtime.name" value="OpenJDK Runtime Environment"/>
    <property name="sun.boot.library.path" value="/usr/local/openjdk-8/jre/lib/amd64"/>
    <property name="java.vm.version" value="25.262-b10"/>
    <property name="animal.sniffer.skip" value="true"/>
    <property name="java.vm.vendor" value="Oracle Corporation"/>
    <property name="maven.multiModuleProjectDirectory" value="/tmp/tmpgr5wm09n/activiti-example"/>
    <property name="maven.javadoc.skip" value="true"/>
    <property name="java.vendor.url" value="http://java.oracle.com/"/>
    <property name="path.separator" value=":"/>
    <property name="guice.disable.misplaced.annotation.check" value="true"/>
    <property name="java.vm.name" value="OpenJDK 64-Bit Server VM"/>
    <property name="file.encoding.pkg" value="sun.io"/>
    <property name="sun.java.launcher" value="SUN_STANDARD"/>
    <property name="sun.os.patch.level" value="unknown"/>
    <property name="source.skip" value="true"/>
    <property name="java.vm.specification.name" value="Java Virtual Machine Specification"/>
    <property name="user.dir" value="/tmp/tmpgr5wm09n/activiti-example"/>
    <property name="java.runtime.version" value="1.8.0_262-b10"/>
    <property name="java.awt.graphicsenv" value="sun.awt.X11GraphicsEnvironment"/>
    <property name="java.endorsed.dirs" value="/usr/local/openjdk-8/jre/lib/endorsed"/>
    <property name="os.arch" value="amd64"/>
    <property name="java.io.tmpdir" value="/tmp"/>
    <property name="line.separator" value="&#10;"/>
    <property name="java.vm.specification.vendor" value="Oracle Corporation"/>
    <property name="os.name" value="Linux"/>
    <property name="classworlds.conf" value="/usr/share/maven/bin/m2.conf"/>
    <property name="sun.jnu.encoding" value="UTF-8"/>
    <property name="java.library.path" value="/usr/java/packages/lib/amd64:/usr/lib64:/lib64:/lib:/usr/lib"/>
    <property name="license.skip" value="true"/>
    <property name="maven.conf" value="/usr/share/maven/conf"/>
    <property name="java.specification.name" value="Java Platform API Specification"/>
    <property name="java.class.version" value="52.0"/>
    <property name="sun.management.compiler" value="HotSpot 64-Bit Tiered Compilers"/>
    <property name="maven.test.failure.ignore" value="true"/>
    <property name="os.version" value="4.15.0-109-generic"/>
    <property name="library.jansi.path" value="/usr/share/maven/lib/jansi-native"/>
    <property name="user.home" value="/home/jdbl"/>
    <property name="user.timezone" value="Etc/UTC"/>
    <property name="java.awt.printerjob" value="sun.print.PSPrinterJob"/>
    <property name="java.specification.version" value="1.8"/>
    <property name="file.encoding" value="UTF-8"/>
    <property name="user.name" value="jdbl"/>
    <property name="java.class.path" value="/usr/share/maven/boot/plexus-classworlds-2.6.0.jar"/>
    <property name="java.vm.specification.version" value="1.8"/>
    <property name="sun.arch.data.model" value="64"/>
    <property name="java.home" value="/usr/local/openjdk-8/jre"/>
    <property name="sun.java.command" value="org.codehaus.plexus.classworlds.launcher.Launcher test -e --fail-never -ntp -Dmaven.test.failure.ignore=true -B -Dmaven.javadoc.skip=true -Drat.skip=true -Danimal.sniffer.skip=true -Dmaven.javadoc.skip=true -Dlicense.skip=true -Dsource.skip=true"/>
    <property name="java.specification.vendor" value="Oracle Corporation"/>
    <property name="user.language" value="en"/>
    <property name="awt.toolkit" value="sun.awt.X11.XToolkit"/>
    <property name="java.vm.info" value="mixed mode"/>
    <property name="java.version" value="1.8.0_262"/>
    <property name="java.ext.dirs" value="/usr/local/openjdk-8/jre/lib/ext:/usr/java/packages/lib/ext"/>
    <property name="securerandom.source" value="file:/dev/./urandom"/>
    <property name="sun.boot.class.path" value="/usr/local/openjdk-8/jre/lib/resources.jar:/usr/local/openjdk-8/jre/lib/rt.jar:/usr/local/openjdk-8/jre/lib/sunrsasign.jar:/usr/local/openjdk-8/jre/lib/jsse.jar:/usr/local/openjdk-8/jre/lib/jce.jar:/usr/local/openjdk-8/jre/lib/charsets.jar:/usr/local/openjdk-8/jre/lib/jfr.jar:/usr/local/openjdk-8/jre/classes"/>
    <property name="java.vendor" value="Oracle Corporation"/>
    <property name="rat.skip" value="true"/>
    <property name="maven.home" value="/usr/share/maven"/>
    <property name="file.separator" value="/"/>
    <property name="java.vendor.url.bug" value="http://bugreport.sun.com/bugreport/"/>
    <property name="sun.cpu.endian" value="little"/>
    <property name="sun.io.unicode.encoding" value="UnicodeLittle"/>
    <property name="sun.cpu.isalist" value=""/>
  </properties>
  <testcase name="testSetup" classname="com.studerw.activiti.IdentityServiceTest" time="0"/>
  <testcase name="testUsers" classname="com.studerw.activiti.IdentityServiceTest" time="0.045">
    <error message="&#10;### Error updating database.  Cause: org.h2.jdbc.JdbcSQLIntegrityConstraintViolationException: Unique index or primary key violation: &quot;PUBLIC.PRIMARY_KEY_7F ON PUBLIC.ACT_ID_USER(ID_) VALUES 6&quot;; SQL statement:&#10;insert into ACT_ID_USER (ID_, REV_, FIRST_, LAST_, EMAIL_, PWD_)&#10;    values (&#10;      ?,&#10;      1,&#10;      ?,&#10;      ?,&#10;      ?,&#10;      ?&#10;    ) [23505-199]&#10;### The error may involve org.activiti.engine.impl.persistence.entity.UserEntity.insertUser-Inline&#10;### The error occurred while setting parameters&#10;### SQL: insert into ACT_ID_USER (ID_, REV_, FIRST_, LAST_, EMAIL_, PWD_)     values (       ?,       1,       ?,       ?,       ?,       ?     )&#10;### Cause: org.h2.jdbc.JdbcSQLIntegrityConstraintViolationException: Unique index or primary key violation: &quot;PUBLIC.PRIMARY_KEY_7F ON PUBLIC.ACT_ID_USER(ID_) VALUES 6&quot;; SQL statement:&#10;insert into ACT_ID_USER (ID_, REV_, FIRST_, LAST_, EMAIL_, PWD_)&#10;    values (&#10;      ?,&#10;      1,&#10;      ?,&#10;      ?,&#10;      ?,&#10;      ?&#10;    ) [23505-199]" type="org.apache.ibatis.exceptions.PersistenceException">org.apache.ibatis.exceptions.PersistenceException: 

### Error updating database.  Cause: org.h2.jdbc.JdbcSQLIntegrityConstraintViolationException: Unique index or primary key violation: "PUBLIC.PRIMARY_KEY_7F ON PUBLIC.ACT_ID_USER(ID_) VALUES 6"; SQL statement:
insert into ACT_ID_USER (ID_, REV_, FIRST_, LAST_, EMAIL_, PWD_)
    values (
      ?,
      1,
      ?,
      ?,
      ?,
      ?
    ) [23505-199]
### The error may involve org.activiti.engine.impl.persistence.entity.UserEntity.insertUser-Inline
### The error occurred while setting parameters
### SQL: insert into ACT_ID_USER (ID_, REV_, FIRST_, LAST_, EMAIL_, PWD_)     values (       ?,       1,       ?,       ?,       ?,       ?     )
### Cause: org.h2.jdbc.JdbcSQLIntegrityConstraintViolationException: Unique index or primary key violation: "PUBLIC.PRIMARY_KEY_7F ON PUBLIC.ACT_ID_USER(ID_) VALUES 6"; SQL statement:
insert into ACT_ID_USER (ID_, REV_, FIRST_, LAST_, EMAIL_, PWD_)
    values (
      ?,
      1,
      ?,
      ?,
      ?,
      ?
    ) [23505-199]
	at com.studerw.activiti.IdentityServiceTest.testUsers(IdentityServiceTest.java:46)
Caused by: org.h2.jdbc.JdbcSQLIntegrityConstraintViolationException: 
Unique index or primary key violation: "PUBLIC.PRIMARY_KEY_7F ON PUBLIC.ACT_ID_USER(ID_) VALUES 6"; SQL statement:
insert into ACT_ID_USER (ID_, REV_, FIRST_, LAST_, EMAIL_, PWD_)
    values (
      ?,
      1,
      ?,
      ?,
      ?,
      ?
    ) [23505-199]
	at com.studerw.activiti.IdentityServiceTest.testUsers(IdentityServiceTest.java:46)
</error>
    <system-out><![CDATA[INFO  [TransactionContext]  [] - Began transaction (1) for test context [DefaultTestContext@127df224 testClass = IdentityServiceTest, testInstance = com.studerw.activiti.IdentityServiceTest@5ace150, testMethod = testUsers@IdentityServiceTest, testException = [null], mergedContextConfiguration = [MergedContextConfiguration@2da473b4 testClass = IdentityServiceTest, locations = '{classpath:spring/testAppContext.xml}', classes = '{}', contextInitializerClasses = '[]', activeProfiles = '{}', propertySourceLocations = '{}', propertySourceProperties = '{}', contextCustomizers = set[[empty]], contextLoader = 'org.springframework.test.context.support.DelegatingSmartContextLoader', parent = [null]]]; transaction manager [org.springframework.jdbc.datasource.DataSourceTransactionManager@60f099f0]; rollback [true]
DEBUG [IdentityServiceTest]  [] - cookie-monster
DEBUG [IdentityServiceTest]  [] - fozzie
DEBUG [IdentityServiceTest]  [] - gonzo
DEBUG [IdentityServiceTest]  [] - kermit
DEBUG [IdentityServiceTest]  [] - miss-piggy
DEBUG [IdentityServiceTest]  [] - newUser
ERROR [CommandContext]  [] - Error while closing command context
org.apache.ibatis.exceptions.PersistenceException: 
### Error updating database.  Cause: org.h2.jdbc.JdbcSQLIntegrityConstraintViolationException: Unique index or primary key violation: "PUBLIC.PRIMARY_KEY_7F ON PUBLIC.ACT_ID_USER(ID_) VALUES 6"; SQL statement:
insert into ACT_ID_USER (ID_, REV_, FIRST_, LAST_, EMAIL_, PWD_)
    values (
      ?,
      1,
      ?,
      ?,
      ?,
      ?
    ) [23505-199]
### The error may involve org.activiti.engine.impl.persistence.entity.UserEntity.insertUser-Inline
### The error occurred while setting parameters
### SQL: insert into ACT_ID_USER (ID_, REV_, FIRST_, LAST_, EMAIL_, PWD_)     values (       ?,       1,       ?,       ?,       ?,       ?     )
### Cause: org.h2.jdbc.JdbcSQLIntegrityConstraintViolationException: Unique index or primary key violation: "PUBLIC.PRIMARY_KEY_7F ON PUBLIC.ACT_ID_USER(ID_) VALUES 6"; SQL statement:
insert into ACT_ID_USER (ID_, REV_, FIRST_, LAST_, EMAIL_, PWD_)
    values (
      ?,
      1,
      ?,
      ?,
      ?,
      ?
    ) [23505-199]
	at org.apache.ibatis.exceptions.ExceptionFactory.wrapException(ExceptionFactory.java:30)
	at org.apache.ibatis.session.defaults.DefaultSqlSession.update(DefaultSqlSession.java:172)
	at org.apache.ibatis.session.defaults.DefaultSqlSession.insert(DefaultSqlSession.java:157)
	at org.activiti.engine.impl.db.DbSqlSession.flushRegularInsert(DbSqlSession.java:830)
	at org.activiti.engine.impl.db.DbSqlSession.flushPersistentObjects(DbSqlSession.java:811)
	at org.activiti.engine.impl.db.DbSqlSession.flushInserts(DbSqlSession.java:794)
	at org.activiti.engine.impl.db.DbSqlSession.flush(DbSqlSession.java:615)
	at org.activiti.engine.impl.interceptor.CommandContext.flushSessions(CommandContext.java:212)
	at org.activiti.engine.impl.interceptor.CommandContext.close(CommandContext.java:138)
	at org.activiti.engine.impl.interceptor.CommandContextInterceptor.execute(CommandContextInterceptor.java:66)
	at org.activiti.spring.SpringTransactionInterceptor$1.doInTransaction(SpringTransactionInterceptor.java:47)
	at org.springframework.transaction.support.TransactionTemplate.execute(TransactionTemplate.java:133)
	at org.activiti.spring.SpringTransactionInterceptor.execute(SpringTransactionInterceptor.java:45)
	at org.activiti.engine.impl.interceptor.LogInterceptor.execute(LogInterceptor.java:31)
	at org.activiti.engine.impl.cfg.CommandExecutorImpl.execute(CommandExecutorImpl.java:40)
	at org.activiti.engine.impl.cfg.CommandExecutorImpl.execute(CommandExecutorImpl.java:35)
	at org.activiti.engine.impl.IdentityServiceImpl.saveUser(IdentityServiceImpl.java:65)
	at com.studerw.activiti.IdentityServiceTest.testUsers(IdentityServiceTest.java:46)
	at sun.reflect.NativeMethodAccessorImpl.invoke0(Native Method)
	at sun.reflect.NativeMethodAccessorImpl.invoke(NativeMethodAccessorImpl.java:62)
	at sun.reflect.DelegatingMethodAccessorImpl.invoke(DelegatingMethodAccessorImpl.java:43)
	at java.lang.reflect.Method.invoke(Method.java:498)
	at org.junit.runners.model.FrameworkMethod$1.runReflectiveCall(FrameworkMethod.java:50)
	at org.junit.internal.runners.model.ReflectiveCallable.run(ReflectiveCallable.java:12)
	at org.junit.runners.model.FrameworkMethod.invokeExplosively(FrameworkMethod.java:47)
	at org.junit.internal.runners.statements.InvokeMethod.evaluate(InvokeMethod.java:17)
	at org.springframework.test.context.junit4.statements.RunBeforeTestMethodCallbacks.evaluate(RunBeforeTestMethodCallbacks.java:75)
	at org.springframework.test.context.junit4.statements.RunAfterTestMethodCallbacks.evaluate(RunAfterTestMethodCallbacks.java:86)
	at org.springframework.test.context.junit4.statements.SpringRepeat.evaluate(SpringRepeat.java:84)
	at org.junit.runners.ParentRunner.runLeaf(ParentRunner.java:325)
	at org.springframework.test.context.junit4.SpringJUnit4ClassRunner.runChild(SpringJUnit4ClassRunner.java:252)
	at org.springframework.test.context.junit4.SpringJUnit4ClassRunner.runChild(SpringJUnit4ClassRunner.java:94)
	at org.junit.runners.ParentRunner$3.run(ParentRunner.java:290)
	at org.junit.runners.ParentRunner$1.schedule(ParentRunner.java:71)
	at org.junit.runners.ParentRunner.runChildren(ParentRunner.java:288)
	at org.junit.runners.ParentRunner.access$000(ParentRunner.java:58)
	at org.junit.runners.ParentRunner$2.evaluate(ParentRunner.java:268)
	at org.springframework.test.context.junit4.statements.RunBeforeTestClassCallbacks.evaluate(RunBeforeTestClassCallbacks.java:61)
	at org.springframework.test.context.junit4.statements.RunAfterTestClassCallbacks.evaluate(RunAfterTestClassCallbacks.java:70)
	at org.junit.runners.ParentRunner.run(ParentRunner.java:363)
	at org.springframework.test.context.junit4.SpringJUnit4ClassRunner.run(SpringJUnit4ClassRunner.java:191)
	at org.apache.maven.surefire.junit4.JUnit4Provider.execute(JUnit4Provider.java:367)
	at org.apache.maven.surefire.junit4.JUnit4Provider.executeWithRerun(JUnit4Provider.java:274)
	at org.apache.maven.surefire.junit4.JUnit4Provider.executeTestSet(JUnit4Provider.java:238)
	at org.apache.maven.surefire.junit4.JUnit4Provider.invoke(JUnit4Provider.java:161)
	at org.apache.maven.surefire.booter.ForkedBooter.invokeProviderInSameClassLoader(ForkedBooter.java:290)
	at org.apache.maven.surefire.booter.ForkedBooter.runSuitesInProcess(ForkedBooter.java:242)
	at org.apache.maven.surefire.booter.ForkedBooter.main(ForkedBooter.java:121)
Caused by: org.h2.jdbc.JdbcSQLIntegrityConstraintViolationException: Unique index or primary key violation: "PUBLIC.PRIMARY_KEY_7F ON PUBLIC.ACT_ID_USER(ID_) VALUES 6"; SQL statement:
insert into ACT_ID_USER (ID_, REV_, FIRST_, LAST_, EMAIL_, PWD_)
    values (
      ?,
      1,
      ?,
      ?,
      ?,
      ?
    ) [23505-199]
	at org.h2.message.DbException.getJdbcSQLException(DbException.java:457)
	at org.h2.message.DbException.getJdbcSQLException(DbException.java:427)
	at org.h2.message.DbException.get(DbException.java:205)
	at org.h2.message.DbException.get(DbException.java:181)
	at org.h2.index.BaseIndex.getDuplicateKeyException(BaseIndex.java:103)
	at org.h2.mvstore.db.MVSecondaryIndex.checkUnique(MVSecondaryIndex.java:220)
	at org.h2.mvstore.db.MVSecondaryIndex.add(MVSecondaryIndex.java:196)
	at org.h2.mvstore.db.MVTable.addRow(MVTable.java:546)
	at org.h2.command.dml.Insert.insertRows(Insert.java:180)
	at org.h2.command.dml.Insert.update(Insert.java:132)
	at org.h2.command.CommandContainer.update(CommandContainer.java:133)
	at org.h2.command.Command.executeUpdate(Command.java:267)
	at org.h2.jdbc.JdbcPreparedStatement.execute(JdbcPreparedStatement.java:250)
	at org.apache.ibatis.executor.statement.PreparedStatementHandler.update(PreparedStatementHandler.java:45)
	at org.apache.ibatis.executor.statement.RoutingStatementHandler.update(RoutingStatementHandler.java:73)
	at org.apache.ibatis.executor.SimpleExecutor.doUpdate(SimpleExecutor.java:49)
	at org.apache.ibatis.executor.BaseExecutor.update(BaseExecutor.java:115)
	at org.apache.ibatis.executor.CachingExecutor.update(CachingExecutor.java:75)
	at org.apache.ibatis.session.defaults.DefaultSqlSession.update(DefaultSqlSession.java:170)
	... 46 more
INFO  [TransactionContext]  [] - Rolled back transaction for test: [DefaultTestContext@127df224 testClass = IdentityServiceTest, testInstance = com.studerw.activiti.IdentityServiceTest@5ace150, testMethod = testUsers@IdentityServiceTest, testException = org.apache.ibatis.exceptions.PersistenceException: 
### Error updating database.  Cause: org.h2.jdbc.JdbcSQLIntegrityConstraintViolationException: Unique index or primary key violation: "PUBLIC.PRIMARY_KEY_7F ON PUBLIC.ACT_ID_USER(ID_) VALUES 6"; SQL statement:
insert into ACT_ID_USER (ID_, REV_, FIRST_, LAST_, EMAIL_, PWD_)
    values (
      ?,
      1,
      ?,
      ?,
      ?,
      ?
    ) [23505-199]
### The error may involve org.activiti.engine.impl.persistence.entity.UserEntity.insertUser-Inline
### The error occurred while setting parameters
### SQL: insert into ACT_ID_USER (ID_, REV_, FIRST_, LAST_, EMAIL_, PWD_)     values (       ?,       1,       ?,       ?,       ?,       ?     )
### Cause: org.h2.jdbc.JdbcSQLIntegrityConstraintViolationException: Unique index or primary key violation: "PUBLIC.PRIMARY_KEY_7F ON PUBLIC.ACT_ID_USER(ID_) VALUES 6"; SQL statement:
insert into ACT_ID_USER (ID_, REV_, FIRST_, LAST_, EMAIL_, PWD_)
    values (
      ?,
      1,
      ?,
      ?,
      ?,
      ?
    ) [23505-199], mergedContextConfiguration = [MergedContextConfiguration@2da473b4 testClass = IdentityServiceTest, locations = '{classpath:spring/testAppContext.xml}', classes = '{}', contextInitializerClasses = '[]', activeProfiles = '{}', propertySourceLocations = '{}', propertySourceProperties = '{}', contextCustomizers = set[[empty]], contextLoader = 'org.springframework.test.context.support.DelegatingSmartContextLoader', parent = [null]]]
]]></system-out>
  </testcase>
  <testcase name="testGroups" classname="com.studerw.activiti.IdentityServiceTest" time="0.015"/>
</testsuite>