<?xml version="1.0" encoding="UTF-8"?>
<testsuite xmlns:xsi="http://www.w3.org/2001/XMLSchema-instance" xsi:schemaLocation="https://maven.apache.org/surefire/maven-surefire-plugin/xsd/surefire-test-report.xsd" name="com.github.sbaudoin.yamllint.SpecExamplesTest" time="0.588" tests="94" errors="0" skipped="0" failures="0">
  <properties>
    <property name="java.runtime.name" value="OpenJDK Runtime Environment"/>
    <property name="sun.boot.library.path" value="/usr/local/openjdk-8/jre/lib/amd64"/>
    <property name="java.vm.version" value="25.262-b10"/>
    <property name="animal.sniffer.skip" value="true"/>
    <property name="java.vm.vendor" value="Oracle Corporation"/>
    <property name="maven.multiModuleProjectDirectory" value="/tmp/tmp3d3e7b_f/yamllint"/>
    <property name="maven.javadoc.skip" value="true"/>
    <property name="java.vendor.url" value="http://java.oracle.com/"/>
    <property name="path.separator" value=":"/>
    <property name="guice.disable.misplaced.annotation.check" value="true"/>
    <property name="java.vm.name" value="OpenJDK 64-Bit Server VM"/>
    <property name="file.encoding.pkg" value="sun.io"/>
    <property name="sun.java.launcher" value="SUN_STANDARD"/>
    <property name="sun.os.patch.level" value="unknown"/>
    <property name="source.skip" value="true"/>
    <property name="java.vm.specification.name" value="Java Virtual Machine Specification"/>
    <property name="user.dir" value="/tmp/tmp3d3e7b_f/yamllint"/>
    <property name="java.runtime.version" value="1.8.0_262-b10"/>
    <property name="java.awt.graphicsenv" value="sun.awt.X11GraphicsEnvironment"/>
    <property name="java.endorsed.dirs" value="/usr/local/openjdk-8/jre/lib/endorsed"/>
    <property name="os.arch" value="amd64"/>
    <property name="java.io.tmpdir" value="/tmp"/>
    <property name="line.separator" value="&#10;"/>
    <property name="java.vm.specification.vendor" value="Oracle Corporation"/>
    <property name="os.name" value="Linux"/>
    <property name="classworlds.conf" value="/usr/share/maven/bin/m2.conf"/>
    <property name="sun.jnu.encoding" value="UTF-8"/>
    <property name="java.library.path" value="/usr/java/packages/lib/amd64:/usr/lib64:/lib64:/lib:/usr/lib"/>
    <property name="license.skip" value="true"/>
    <property name="maven.conf" value="/usr/share/maven/conf"/>
    <property name="java.specification.name" value="Java Platform API Specification"/>
    <property name="java.class.version" value="52.0"/>
    <property name="sun.management.compiler" value="HotSpot 64-Bit Tiered Compilers"/>
    <property name="maven.test.failure.ignore" value="true"/>
    <property name="os.version" value="4.15.0-109-generic"/>
    <property name="library.jansi.path" value="/usr/share/maven/lib/jansi-native"/>
    <property name="user.home" value="/home/jdbl"/>
    <property name="user.timezone" value="Etc/UTC"/>
    <property name="java.awt.printerjob" value="sun.print.PSPrinterJob"/>
    <property name="java.specification.version" value="1.8"/>
    <property name="file.encoding" value="UTF-8"/>
    <property name="user.name" value="jdbl"/>
    <property name="java.class.path" value="/usr/share/maven/boot/plexus-classworlds-2.6.0.jar"/>
    <property name="java.vm.specification.version" value="1.8"/>
    <property name="sun.arch.data.model" value="64"/>
    <property name="java.home" value="/usr/local/openjdk-8/jre"/>
    <property name="sun.java.command" value="org.codehaus.plexus.classworlds.launcher.Launcher test -e --fail-never -ntp -Dmaven.test.failure.ignore=true -B -Dmaven.javadoc.skip=true -Drat.skip=true -Danimal.sniffer.skip=true -Dmaven.javadoc.skip=true -Dlicense.skip=true -Dsource.skip=true"/>
    <property name="java.specification.vendor" value="Oracle Corporation"/>
    <property name="user.language" value="en"/>
    <property name="awt.toolkit" value="sun.awt.X11.XToolkit"/>
    <property name="java.vm.info" value="mixed mode"/>
    <property name="java.version" value="1.8.0_262"/>
    <property name="java.ext.dirs" value="/usr/local/openjdk-8/jre/lib/ext:/usr/java/packages/lib/ext"/>
    <property name="securerandom.source" value="file:/dev/./urandom"/>
    <property name="sun.boot.class.path" value="/usr/local/openjdk-8/jre/lib/resources.jar:/usr/local/openjdk-8/jre/lib/rt.jar:/usr/local/openjdk-8/jre/lib/sunrsasign.jar:/usr/local/openjdk-8/jre/lib/jsse.jar:/usr/local/openjdk-8/jre/lib/jce.jar:/usr/local/openjdk-8/jre/lib/charsets.jar:/usr/local/openjdk-8/jre/lib/jfr.jar:/usr/local/openjdk-8/jre/classes"/>
    <property name="java.vendor" value="Oracle Corporation"/>
    <property name="rat.skip" value="true"/>
    <property name="maven.home" value="/usr/share/maven"/>
    <property name="file.separator" value="/"/>
    <property name="java.vendor.url.bug" value="http://bugreport.sun.com/bugreport/"/>
    <property name="sun.cpu.endian" value="little"/>
    <property name="sun.io.unicode.encoding" value="UnicodeLittle"/>
    <property name="sun.cpu.isalist" value=""/>
  </properties>
  <testcase name="testSpecExample[0]" classname="com.github.sbaudoin.yamllint.SpecExamplesTest" time="0.019"/>
  <testcase name="testSpecExample[1]" classname="com.github.sbaudoin.yamllint.SpecExamplesTest" time="0.005"/>
  <testcase name="testSpecExample[2]" classname="com.github.sbaudoin.yamllint.SpecExamplesTest" time="0.004"/>
  <testcase name="testSpecExample[3]" classname="com.github.sbaudoin.yamllint.SpecExamplesTest" time="0.005"/>
  <testcase name="testSpecExample[4]" classname="com.github.sbaudoin.yamllint.SpecExamplesTest" time="0.004"/>
  <testcase name="testSpecExample[5]" classname="com.github.sbaudoin.yamllint.SpecExamplesTest" time="0.002"/>
  <testcase name="testSpecExample[6]" classname="com.github.sbaudoin.yamllint.SpecExamplesTest" time="0.005"/>
  <testcase name="testSpecExample[7]" classname="com.github.sbaudoin.yamllint.SpecExamplesTest" time="0.004"/>
  <testcase name="testSpecExample[8]" classname="com.github.sbaudoin.yamllint.SpecExamplesTest" time="0.004"/>
  <testcase name="testSpecExample[9]" classname="com.github.sbaudoin.yamllint.SpecExamplesTest" time="0.003"/>
  <testcase name="testSpecExample[10]" classname="com.github.sbaudoin.yamllint.SpecExamplesTest" time="0.004"/>
  <testcase name="testSpecExample[11]" classname="com.github.sbaudoin.yamllint.SpecExamplesTest" time="0.004"/>
  <testcase name="testSpecExample[12]" classname="com.github.sbaudoin.yamllint.SpecExamplesTest" time="0.004"/>
  <testcase name="testSpecExample[13]" classname="com.github.sbaudoin.yamllint.SpecExamplesTest" time="0.005"/>
  <testcase name="testSpecExample[14]" classname="com.github.sbaudoin.yamllint.SpecExamplesTest" time="0.005"/>
  <testcase name="testSpecExample[15]" classname="com.github.sbaudoin.yamllint.SpecExamplesTest" time="0.007"/>
  <testcase name="testSpecExample[16]" classname="com.github.sbaudoin.yamllint.SpecExamplesTest" time="0.004"/>
  <testcase name="testSpecExample[17]" classname="com.github.sbaudoin.yamllint.SpecExamplesTest" time="0.003"/>
  <testcase name="testSpecExample[18]" classname="com.github.sbaudoin.yamllint.SpecExamplesTest" time="0.005"/>
  <testcase name="testSpecExample[19]" classname="com.github.sbaudoin.yamllint.SpecExamplesTest" time="0.003"/>
  <testcase name="testSpecExample[20]" classname="com.github.sbaudoin.yamllint.SpecExamplesTest" time="0.003"/>
  <testcase name="testSpecExample[21]" classname="com.github.sbaudoin.yamllint.SpecExamplesTest" time="0.011"/>
  <testcase name="testSpecExample[22]" classname="com.github.sbaudoin.yamllint.SpecExamplesTest" time="0.003"/>
  <testcase name="testSpecExample[23]" classname="com.github.sbaudoin.yamllint.SpecExamplesTest" time="0.011"/>
  <testcase name="testSpecExample[24]" classname="com.github.sbaudoin.yamllint.SpecExamplesTest" time="0.012"/>
  <testcase name="testSpecExample[25]" classname="com.github.sbaudoin.yamllint.SpecExamplesTest" time="0.006"/>
  <testcase name="testSpecExample[26]" classname="com.github.sbaudoin.yamllint.SpecExamplesTest" time="0.007"/>
  <testcase name="testSpecExample[27]" classname="com.github.sbaudoin.yamllint.SpecExamplesTest" time="0.002"/>
  <testcase name="testSpecExample[28]" classname="com.github.sbaudoin.yamllint.SpecExamplesTest" time="0.003"/>
  <testcase name="testSpecExample[29]" classname="com.github.sbaudoin.yamllint.SpecExamplesTest" time="0.003"/>
  <testcase name="testSpecExample[30]" classname="com.github.sbaudoin.yamllint.SpecExamplesTest" time="0.002"/>
  <testcase name="testSpecExample[31]" classname="com.github.sbaudoin.yamllint.SpecExamplesTest" time="0.003"/>
  <testcase name="testSpecExample[32]" classname="com.github.sbaudoin.yamllint.SpecExamplesTest" time="0.003"/>
  <testcase name="testSpecExample[33]" classname="com.github.sbaudoin.yamllint.SpecExamplesTest" time="0.003"/>
  <testcase name="testSpecExample[34]" classname="com.github.sbaudoin.yamllint.SpecExamplesTest" time="0.003"/>
  <testcase name="testSpecExample[35]" classname="com.github.sbaudoin.yamllint.SpecExamplesTest" time="0.003"/>
  <testcase name="testSpecExample[36]" classname="com.github.sbaudoin.yamllint.SpecExamplesTest" time="0.005"/>
  <testcase name="testSpecExample[37]" classname="com.github.sbaudoin.yamllint.SpecExamplesTest" time="0.006"/>
  <testcase name="testSpecExample[38]" classname="com.github.sbaudoin.yamllint.SpecExamplesTest" time="0.002"/>
  <testcase name="testSpecExample[39]" classname="com.github.sbaudoin.yamllint.SpecExamplesTest" time="0.003"/>
  <testcase name="testSpecExample[40]" classname="com.github.sbaudoin.yamllint.SpecExamplesTest" time="0.004"/>
  <testcase name="testSpecExample[41]" classname="com.github.sbaudoin.yamllint.SpecExamplesTest" time="0.007"/>
  <testcase name="testSpecExample[42]" classname="com.github.sbaudoin.yamllint.SpecExamplesTest" time="0.003"/>
  <testcase name="testSpecExample[43]" classname="com.github.sbaudoin.yamllint.SpecExamplesTest" time="0.003"/>
  <testcase name="testSpecExample[44]" classname="com.github.sbaudoin.yamllint.SpecExamplesTest" time="0.019"/>
  <testcase name="testSpecExample[45]" classname="com.github.sbaudoin.yamllint.SpecExamplesTest" time="0.004"/>
  <testcase name="testSpecExample[46]" classname="com.github.sbaudoin.yamllint.SpecExamplesTest" time="0.005"/>
  <testcase name="testSpecExample[47]" classname="com.github.sbaudoin.yamllint.SpecExamplesTest" time="0.003"/>
  <testcase name="testSpecExample[48]" classname="com.github.sbaudoin.yamllint.SpecExamplesTest" time="0.006"/>
  <testcase name="testSpecExample[49]" classname="com.github.sbaudoin.yamllint.SpecExamplesTest" time="0.006"/>
  <testcase name="testSpecExample[50]" classname="com.github.sbaudoin.yamllint.SpecExamplesTest" time="0.005"/>
  <testcase name="testSpecExample[51]" classname="com.github.sbaudoin.yamllint.SpecExamplesTest" time="0.003"/>
  <testcase name="testSpecExample[52]" classname="com.github.sbaudoin.yamllint.SpecExamplesTest" time="0.004"/>
  <testcase name="testSpecExample[53]" classname="com.github.sbaudoin.yamllint.SpecExamplesTest" time="0.005"/>
  <testcase name="testSpecExample[54]" classname="com.github.sbaudoin.yamllint.SpecExamplesTest" time="0.005"/>
  <testcase name="testSpecExample[55]" classname="com.github.sbaudoin.yamllint.SpecExamplesTest" time="0.005"/>
  <testcase name="testSpecExample[56]" classname="com.github.sbaudoin.yamllint.SpecExamplesTest" time="0.003"/>
  <testcase name="testSpecExample[57]" classname="com.github.sbaudoin.yamllint.SpecExamplesTest" time="0.004"/>
  <testcase name="testSpecExample[58]" classname="com.github.sbaudoin.yamllint.SpecExamplesTest" time="0.023"/>
  <testcase name="testSpecExample[59]" classname="com.github.sbaudoin.yamllint.SpecExamplesTest" time="0.005"/>
  <testcase name="testSpecExample[60]" classname="com.github.sbaudoin.yamllint.SpecExamplesTest" time="0.004"/>
  <testcase name="testSpecExample[61]" classname="com.github.sbaudoin.yamllint.SpecExamplesTest" time="0.004"/>
  <testcase name="testSpecExample[62]" classname="com.github.sbaudoin.yamllint.SpecExamplesTest" time="0.003"/>
  <testcase name="testSpecExample[63]" classname="com.github.sbaudoin.yamllint.SpecExamplesTest" time="0.006"/>
  <testcase name="testSpecExample[64]" classname="com.github.sbaudoin.yamllint.SpecExamplesTest" time="0.003"/>
  <testcase name="testSpecExample[65]" classname="com.github.sbaudoin.yamllint.SpecExamplesTest" time="0.003"/>
  <testcase name="testSpecExample[66]" classname="com.github.sbaudoin.yamllint.SpecExamplesTest" time="0.007"/>
  <testcase name="testSpecExample[67]" classname="com.github.sbaudoin.yamllint.SpecExamplesTest" time="0.004"/>
  <testcase name="testSpecExample[68]" classname="com.github.sbaudoin.yamllint.SpecExamplesTest" time="0.004"/>
  <testcase name="testSpecExample[69]" classname="com.github.sbaudoin.yamllint.SpecExamplesTest" time="0.004"/>
  <testcase name="testSpecExample[70]" classname="com.github.sbaudoin.yamllint.SpecExamplesTest" time="0.003"/>
  <testcase name="testSpecExample[71]" classname="com.github.sbaudoin.yamllint.SpecExamplesTest" time="0.008"/>
  <testcase name="testSpecExample[72]" classname="com.github.sbaudoin.yamllint.SpecExamplesTest" time="0.005"/>
  <testcase name="testSpecExample[73]" classname="com.github.sbaudoin.yamllint.SpecExamplesTest" time="0.003"/>
  <testcase name="testSpecExample[74]" classname="com.github.sbaudoin.yamllint.SpecExamplesTest" time="0.002"/>
  <testcase name="testSpecExample[75]" classname="com.github.sbaudoin.yamllint.SpecExamplesTest" time="0.004"/>
  <testcase name="testSpecExample[76]" classname="com.github.sbaudoin.yamllint.SpecExamplesTest" time="0.005"/>
  <testcase name="testSpecExample[77]" classname="com.github.sbaudoin.yamllint.SpecExamplesTest" time="0.003"/>
  <testcase name="testSpecExample[78]" classname="com.github.sbaudoin.yamllint.SpecExamplesTest" time="0.002"/>
  <testcase name="testSpecExample[79]" classname="com.github.sbaudoin.yamllint.SpecExamplesTest" time="0.006"/>
  <testcase name="testSpecExample[80]" classname="com.github.sbaudoin.yamllint.SpecExamplesTest" time="0.003"/>
  <testcase name="testSpecExample[81]" classname="com.github.sbaudoin.yamllint.SpecExamplesTest" time="0.009"/>
  <testcase name="testSpecExample[82]" classname="com.github.sbaudoin.yamllint.SpecExamplesTest" time="0.004"/>
  <testcase name="testSpecExample[83]" classname="com.github.sbaudoin.yamllint.SpecExamplesTest" time="0.01"/>
  <testcase name="testSpecExample[84]" classname="com.github.sbaudoin.yamllint.SpecExamplesTest" time="0.006"/>
  <testcase name="testSpecExample[85]" classname="com.github.sbaudoin.yamllint.SpecExamplesTest" time="0.003"/>
  <testcase name="testSpecExample[86]" classname="com.github.sbaudoin.yamllint.SpecExamplesTest" time="0.003"/>
  <testcase name="testSpecExample[87]" classname="com.github.sbaudoin.yamllint.SpecExamplesTest" time="0.004"/>
  <testcase name="testSpecExample[88]" classname="com.github.sbaudoin.yamllint.SpecExamplesTest" time="0.004"/>
  <testcase name="testSpecExample[89]" classname="com.github.sbaudoin.yamllint.SpecExamplesTest" time="0.004"/>
  <testcase name="testSpecExample[90]" classname="com.github.sbaudoin.yamllint.SpecExamplesTest" time="0.003"/>
  <testcase name="testSpecExample[91]" classname="com.github.sbaudoin.yamllint.SpecExamplesTest" time="0.004"/>
  <testcase name="testSpecExample[92]" classname="com.github.sbaudoin.yamllint.SpecExamplesTest" time="0.004"/>
  <testcase name="testSpecExample[93]" classname="com.github.sbaudoin.yamllint.SpecExamplesTest" time="0.011"/>
</testsuite>