<?xml version="1.0" encoding="UTF-8"?>
<testsuite xmlns:xsi="http://www.w3.org/2001/XMLSchema-instance" xsi:schemaLocation="https://maven.apache.org/surefire/maven-surefire-plugin/xsd/surefire-test-report.xsd" name="org.apache.commons.configuration2.TestINIConfiguration" time="0.044" tests="63" errors="0" skipped="0" failures="0">
  <properties>
    <property name="java.runtime.name" value="OpenJDK Runtime Environment"/>
    <property name="sun.boot.library.path" value="/usr/local/openjdk-8/jre/lib/amd64"/>
    <property name="java.vm.version" value="25.262-b10"/>
    <property name="animal.sniffer.skip" value="true"/>
    <property name="java.vm.vendor" value="Oracle Corporation"/>
    <property name="maven.multiModuleProjectDirectory" value="/tmp/tmpb2a869ge/commons-configuration"/>
    <property name="maven.javadoc.skip" value="true"/>
    <property name="java.vendor.url" value="http://java.oracle.com/"/>
    <property name="path.separator" value=":"/>
    <property name="guice.disable.misplaced.annotation.check" value="true"/>
    <property name="java.vm.name" value="OpenJDK 64-Bit Server VM"/>
    <property name="file.encoding.pkg" value="sun.io"/>
    <property name="sun.java.launcher" value="SUN_STANDARD"/>
    <property name="sun.os.patch.level" value="unknown"/>
    <property name="source.skip" value="true"/>
    <property name="java.vm.specification.name" value="Java Virtual Machine Specification"/>
    <property name="user.dir" value="/tmp/tmpb2a869ge/commons-configuration"/>
    <property name="java.runtime.version" value="1.8.0_262-b10"/>
    <property name="java.awt.graphicsenv" value="sun.awt.X11GraphicsEnvironment"/>
    <property name="java.endorsed.dirs" value="/usr/local/openjdk-8/jre/lib/endorsed"/>
    <property name="os.arch" value="amd64"/>
    <property name="java.io.tmpdir" value="/tmp"/>
    <property name="line.separator" value="&#10;"/>
    <property name="java.vm.specification.vendor" value="Oracle Corporation"/>
    <property name="os.name" value="Linux"/>
    <property name="classworlds.conf" value="/usr/share/maven/bin/m2.conf"/>
    <property name="maven.test.error.ignore" value="true"/>
    <property name="sun.jnu.encoding" value="UTF-8"/>
    <property name="java.library.path" value="/usr/java/packages/lib/amd64:/usr/lib64:/lib64:/lib:/usr/lib"/>
    <property name="license.skip" value="true"/>
    <property name="maven.conf" value="/usr/share/maven/conf"/>
    <property name="java.specification.name" value="Java Platform API Specification"/>
    <property name="java.class.version" value="52.0"/>
    <property name="sun.management.compiler" value="HotSpot 64-Bit Tiered Compilers"/>
    <property name="maven.test.failure.ignore" value="true"/>
    <property name="os.version" value="4.15.0-109-generic"/>
    <property name="library.jansi.path" value="/usr/share/maven/lib/jansi-native"/>
    <property name="user.home" value="/home/jdbl"/>
    <property name="user.timezone" value="Etc/UTC"/>
    <property name="java.awt.printerjob" value="sun.print.PSPrinterJob"/>
    <property name="java.specification.version" value="1.8"/>
    <property name="file.encoding" value="UTF-8"/>
    <property name="user.name" value="jdbl"/>
    <property name="java.class.path" value="/usr/share/maven/boot/plexus-classworlds-2.6.0.jar"/>
    <property name="java.vm.specification.version" value="1.8"/>
    <property name="sun.arch.data.model" value="64"/>
    <property name="java.home" value="/usr/local/openjdk-8/jre"/>
    <property name="sun.java.command" value="org.codehaus.plexus.classworlds.launcher.Launcher package -e --fail-never -ntp -Dmaven.test.error.ignore=true -Dmaven.test.failure.ignore=true -B -Dmaven.javadoc.skip=true -Drat.skip=true -Danimal.sniffer.skip=true -Dmaven.javadoc.skip=true -Dlicense.skip=true -Dsource.skip=true"/>
    <property name="java.specification.vendor" value="Oracle Corporation"/>
    <property name="user.language" value="en"/>
    <property name="awt.toolkit" value="sun.awt.X11.XToolkit"/>
    <property name="java.vm.info" value="mixed mode"/>
    <property name="java.version" value="1.8.0_262"/>
    <property name="java.ext.dirs" value="/usr/local/openjdk-8/jre/lib/ext:/usr/java/packages/lib/ext"/>
    <property name="securerandom.source" value="file:/dev/./urandom"/>
    <property name="sun.boot.class.path" value="/usr/local/openjdk-8/jre/lib/resources.jar:/usr/local/openjdk-8/jre/lib/rt.jar:/usr/local/openjdk-8/jre/lib/sunrsasign.jar:/usr/local/openjdk-8/jre/lib/jsse.jar:/usr/local/openjdk-8/jre/lib/jce.jar:/usr/local/openjdk-8/jre/lib/charsets.jar:/usr/local/openjdk-8/jre/lib/jfr.jar:/usr/local/openjdk-8/jre/classes"/>
    <property name="java.vendor" value="Oracle Corporation"/>
    <property name="rat.skip" value="true"/>
    <property name="maven.home" value="/usr/share/maven"/>
    <property name="file.separator" value="/"/>
    <property name="java.vendor.url.bug" value="http://bugreport.sun.com/bugreport/"/>
    <property name="sun.cpu.endian" value="little"/>
    <property name="sun.io.unicode.encoding" value="UnicodeLittle"/>
    <property name="sun.cpu.isalist" value=""/>
  </properties>
  <testcase name="testQuotedValueEmpty" classname="org.apache.commons.configuration2.TestINIConfiguration" time="0"/>
  <testcase name="testSaveWithGlobalSection" classname="org.apache.commons.configuration2.TestINIConfiguration" time="0.001"/>
  <testcase name="testListParsingDisabled" classname="org.apache.commons.configuration2.TestINIConfiguration" time="0"/>
  <testcase name="testGetSections" classname="org.apache.commons.configuration2.TestINIConfiguration" time="0.001"/>
  <testcase name="testMultipleSeparatorsQuoted" classname="org.apache.commons.configuration2.TestINIConfiguration" time="0"/>
  <testcase name="testLineContinuationQuoted" classname="org.apache.commons.configuration2.TestINIConfiguration" time="0"/>
  <testcase name="testLoadAlternativeSeparator" classname="org.apache.commons.configuration2.TestINIConfiguration" time="0.001"/>
  <testcase name="testLineContinuationEmptyLine" classname="org.apache.commons.configuration2.TestINIConfiguration" time="0"/>
  <testcase name="testWriteValueWithCommentChar" classname="org.apache.commons.configuration2.TestINIConfiguration" time="0"/>
  <testcase name="testIsCommentLine" classname="org.apache.commons.configuration2.TestINIConfiguration" time="0.001"/>
  <testcase name="testGlobalSectionNodeHandlerGetChildByIndex" classname="org.apache.commons.configuration2.TestINIConfiguration" time="0.001"/>
  <testcase name="testKeysOfGlobalSection" classname="org.apache.commons.configuration2.TestINIConfiguration" time="0"/>
  <testcase name="testLineContinuationNone" classname="org.apache.commons.configuration2.TestINIConfiguration" time="0"/>
  <testcase name="testLoadFromBuilder" classname="org.apache.commons.configuration2.TestINIConfiguration" time="0.001"/>
  <testcase name="testValueWithDelimiters" classname="org.apache.commons.configuration2.TestINIConfiguration" time="0.001"/>
  <testcase name="testGetSectionsGlobalOnly" classname="org.apache.commons.configuration2.TestINIConfiguration" time="0"/>
  <testcase name="testLineContinuationQuotedComment" classname="org.apache.commons.configuration2.TestINIConfiguration" time="0"/>
  <testcase name="testSaveKeysWithDelimiters" classname="org.apache.commons.configuration2.TestINIConfiguration" time="0.001"/>
  <testcase name="testLoad" classname="org.apache.commons.configuration2.TestINIConfiguration" time="0"/>
  <testcase name="testSave" classname="org.apache.commons.configuration2.TestINIConfiguration" time="0.001"/>
  <testcase name="testQuotedValueWithComment" classname="org.apache.commons.configuration2.TestINIConfiguration" time="0"/>
  <testcase name="testSaveClearedSection" classname="org.apache.commons.configuration2.TestINIConfiguration" time="0.001"/>
  <testcase name="testLineContinuation" classname="org.apache.commons.configuration2.TestINIConfiguration" time="0"/>
  <testcase name="testGetSectionsSynchronized" classname="org.apache.commons.configuration2.TestINIConfiguration" time="0"/>
  <testcase name="testGetSectionGloabalMultiThreaded" classname="org.apache.commons.configuration2.TestINIConfiguration" time="0.021"/>
  <testcase name="testGetSectionsNoGlobal" classname="org.apache.commons.configuration2.TestINIConfiguration" time="0.001"/>
  <testcase name="testGetSectionNonExistingManipulate" classname="org.apache.commons.configuration2.TestINIConfiguration" time="0.001"/>
  <testcase name="testGetPropertyNoValue" classname="org.apache.commons.configuration2.TestINIConfiguration" time="0"/>
  <testcase name="testSaveWithDelimiterParsingDisabled" classname="org.apache.commons.configuration2.TestINIConfiguration" time="0"/>
  <testcase name="testGetSectionDuplicate" classname="org.apache.commons.configuration2.TestINIConfiguration" time="0.001"/>
  <testcase name="testValueWithComment" classname="org.apache.commons.configuration2.TestINIConfiguration" time="0"/>
  <testcase name="testGetSectionExisting" classname="org.apache.commons.configuration2.TestINIConfiguration" time="0"/>
  <testcase name="testPropertyWithDelimiter" classname="org.apache.commons.configuration2.TestINIConfiguration" time="0.001"/>
  <testcase name="testMultipleSeparators" classname="org.apache.commons.configuration2.TestINIConfiguration" time="0"/>
  <testcase name="testMergeDuplicateSection" classname="org.apache.commons.configuration2.TestINIConfiguration" time="0"/>
  <testcase name="testGetSectionGlobal" classname="org.apache.commons.configuration2.TestINIConfiguration" time="0.001"/>
  <testcase name="testExpressionEngineIgnoringCase" classname="org.apache.commons.configuration2.TestINIConfiguration" time="0"/>
  <testcase name="testGetSectionNonExisting" classname="org.apache.commons.configuration2.TestINIConfiguration" time="0.001"/>
  <testcase name="testGetSectionMerged" classname="org.apache.commons.configuration2.TestINIConfiguration" time="0"/>
  <testcase name="testSaveWithOnlyGlobalSection" classname="org.apache.commons.configuration2.TestINIConfiguration" time="0"/>
  <testcase name="testQuotedValueWithWhitespace" classname="org.apache.commons.configuration2.TestINIConfiguration" time="0.001"/>
  <testcase name="testQuotedValue" classname="org.apache.commons.configuration2.TestINIConfiguration" time="0"/>
  <testcase name="testGlobalSectionConnected" classname="org.apache.commons.configuration2.TestINIConfiguration" time="0"/>
  <testcase name="testLineContinuationComment" classname="org.apache.commons.configuration2.TestINIConfiguration" time="0.001"/>
  <testcase name="testIsSectionLine" classname="org.apache.commons.configuration2.TestINIConfiguration" time="0"/>
  <testcase name="testQuotedValueWithQuotes" classname="org.apache.commons.configuration2.TestINIConfiguration" time="0"/>
  <testcase name="testGetPropertyNoKey" classname="org.apache.commons.configuration2.TestINIConfiguration" time="0"/>
  <testcase name="testListDelimiterHandlingInList" classname="org.apache.commons.configuration2.TestINIConfiguration" time="0"/>
  <testcase name="testGetSectionsAdded" classname="org.apache.commons.configuration2.TestINIConfiguration" time="0"/>
  <testcase name="testGlobalSectionNodeHandlerGetChildrenByName" classname="org.apache.commons.configuration2.TestINIConfiguration" time="0.001"/>
  <testcase name="testGetSectionsWithGlobal" classname="org.apache.commons.configuration2.TestINIConfiguration" time="0"/>
  <testcase name="testQuotedValueWithWhitespaceAndComment" classname="org.apache.commons.configuration2.TestINIConfiguration" time="0"/>
  <testcase name="testGlobalSectionNodeHandlerGetChildrenCount" classname="org.apache.commons.configuration2.TestINIConfiguration" time="0"/>
  <testcase name="testValueWithSemicolon" classname="org.apache.commons.configuration2.TestINIConfiguration" time="0.001"/>
  <testcase name="testSeparators" classname="org.apache.commons.configuration2.TestINIConfiguration" time="0"/>
  <testcase name="testQuotedValueWithSingleQuotes" classname="org.apache.commons.configuration2.TestINIConfiguration" time="0"/>
  <testcase name="testGetSectionsDottedVar" classname="org.apache.commons.configuration2.TestINIConfiguration" time="0.001"/>
  <testcase name="testLineContinuationAtEnd" classname="org.apache.commons.configuration2.TestINIConfiguration" time="0"/>
  <testcase name="testListDelimiterHandling" classname="org.apache.commons.configuration2.TestINIConfiguration" time="0"/>
  <testcase name="testGetSectionGlobalNonExisting" classname="org.apache.commons.configuration2.TestINIConfiguration" time="0.001"/>
  <testcase name="testGlobalProperty" classname="org.apache.commons.configuration2.TestINIConfiguration" time="0"/>
  <testcase name="testGetSectionConnected" classname="org.apache.commons.configuration2.TestINIConfiguration" time="0"/>
  <testcase name="testGlobalSectionNodeHandlerIndexOfChild" classname="org.apache.commons.configuration2.TestINIConfiguration" time="0"/>
</testsuite>