<?xml version="1.0" encoding="UTF-8"?>
<testsuite xmlns:xsi="http://www.w3.org/2001/XMLSchema-instance" xsi:schemaLocation="https://maven.apache.org/surefire/maven-surefire-plugin/xsd/surefire-test-report.xsd" name="org.apache.commons.configuration2.TestPropertiesConfiguration" time="0.114" tests="71" errors="0" skipped="0" failures="0">
  <properties>
    <property name="java.runtime.name" value="OpenJDK Runtime Environment"/>
    <property name="sun.boot.library.path" value="/usr/local/openjdk-8/jre/lib/amd64"/>
    <property name="java.vm.version" value="25.262-b10"/>
    <property name="animal.sniffer.skip" value="true"/>
    <property name="java.vm.vendor" value="Oracle Corporation"/>
    <property name="maven.multiModuleProjectDirectory" value="/tmp/tmpb2a869ge/commons-configuration"/>
    <property name="maven.javadoc.skip" value="true"/>
    <property name="java.vendor.url" value="http://java.oracle.com/"/>
    <property name="path.separator" value=":"/>
    <property name="guice.disable.misplaced.annotation.check" value="true"/>
    <property name="java.vm.name" value="OpenJDK 64-Bit Server VM"/>
    <property name="file.encoding.pkg" value="sun.io"/>
    <property name="sun.java.launcher" value="SUN_STANDARD"/>
    <property name="sun.os.patch.level" value="unknown"/>
    <property name="source.skip" value="true"/>
    <property name="java.vm.specification.name" value="Java Virtual Machine Specification"/>
    <property name="user.dir" value="/tmp/tmpb2a869ge/commons-configuration"/>
    <property name="java.runtime.version" value="1.8.0_262-b10"/>
    <property name="java.awt.graphicsenv" value="sun.awt.X11GraphicsEnvironment"/>
    <property name="java.endorsed.dirs" value="/usr/local/openjdk-8/jre/lib/endorsed"/>
    <property name="os.arch" value="amd64"/>
    <property name="java.io.tmpdir" value="/tmp"/>
    <property name="line.separator" value="&#10;"/>
    <property name="java.vm.specification.vendor" value="Oracle Corporation"/>
    <property name="os.name" value="Linux"/>
    <property name="classworlds.conf" value="/usr/share/maven/bin/m2.conf"/>
    <property name="maven.test.error.ignore" value="true"/>
    <property name="sun.jnu.encoding" value="UTF-8"/>
    <property name="java.library.path" value="/usr/java/packages/lib/amd64:/usr/lib64:/lib64:/lib:/usr/lib"/>
    <property name="license.skip" value="true"/>
    <property name="maven.conf" value="/usr/share/maven/conf"/>
    <property name="java.specification.name" value="Java Platform API Specification"/>
    <property name="java.class.version" value="52.0"/>
    <property name="sun.management.compiler" value="HotSpot 64-Bit Tiered Compilers"/>
    <property name="maven.test.failure.ignore" value="true"/>
    <property name="os.version" value="4.15.0-109-generic"/>
    <property name="library.jansi.path" value="/usr/share/maven/lib/jansi-native"/>
    <property name="user.home" value="/home/jdbl"/>
    <property name="user.timezone" value="Etc/UTC"/>
    <property name="java.awt.printerjob" value="sun.print.PSPrinterJob"/>
    <property name="java.specification.version" value="1.8"/>
    <property name="file.encoding" value="UTF-8"/>
    <property name="user.name" value="jdbl"/>
    <property name="java.class.path" value="/usr/share/maven/boot/plexus-classworlds-2.6.0.jar"/>
    <property name="java.vm.specification.version" value="1.8"/>
    <property name="sun.arch.data.model" value="64"/>
    <property name="java.home" value="/usr/local/openjdk-8/jre"/>
    <property name="sun.java.command" value="org.codehaus.plexus.classworlds.launcher.Launcher package -e --fail-never -ntp -Dmaven.test.error.ignore=true -Dmaven.test.failure.ignore=true -B -Dmaven.javadoc.skip=true -Drat.skip=true -Danimal.sniffer.skip=true -Dmaven.javadoc.skip=true -Dlicense.skip=true -Dsource.skip=true"/>
    <property name="java.specification.vendor" value="Oracle Corporation"/>
    <property name="user.language" value="en"/>
    <property name="awt.toolkit" value="sun.awt.X11.XToolkit"/>
    <property name="java.vm.info" value="mixed mode"/>
    <property name="java.version" value="1.8.0_262"/>
    <property name="java.ext.dirs" value="/usr/local/openjdk-8/jre/lib/ext:/usr/java/packages/lib/ext"/>
    <property name="securerandom.source" value="file:/dev/./urandom"/>
    <property name="sun.boot.class.path" value="/usr/local/openjdk-8/jre/lib/resources.jar:/usr/local/openjdk-8/jre/lib/rt.jar:/usr/local/openjdk-8/jre/lib/sunrsasign.jar:/usr/local/openjdk-8/jre/lib/jsse.jar:/usr/local/openjdk-8/jre/lib/jce.jar:/usr/local/openjdk-8/jre/lib/charsets.jar:/usr/local/openjdk-8/jre/lib/jfr.jar:/usr/local/openjdk-8/jre/classes"/>
    <property name="java.vendor" value="Oracle Corporation"/>
    <property name="rat.skip" value="true"/>
    <property name="maven.home" value="/usr/share/maven"/>
    <property name="file.separator" value="/"/>
    <property name="java.vendor.url.bug" value="http://bugreport.sun.com/bugreport/"/>
    <property name="sun.cpu.endian" value="little"/>
    <property name="sun.io.unicode.encoding" value="UnicodeLittle"/>
    <property name="sun.cpu.isalist" value=""/>
  </properties>
  <testcase name="testCopyAndSave" classname="org.apache.commons.configuration2.TestPropertiesConfiguration" time="0.003"/>
  <testcase name="testSaveToCustomURL" classname="org.apache.commons.configuration2.TestPropertiesConfiguration" time="0.003"/>
  <testcase name="testPropertyLoadedInclude" classname="org.apache.commons.configuration2.TestPropertiesConfiguration" time="0.001"/>
  <testcase name="testBackslashEscapingInLists" classname="org.apache.commons.configuration2.TestPropertiesConfiguration" time="0.001"/>
  <testcase name="testSetFooterSynchronized" classname="org.apache.commons.configuration2.TestPropertiesConfiguration" time="0.001"/>
  <testcase name="testLoadIncludeInterpol" classname="org.apache.commons.configuration2.TestPropertiesConfiguration" time="0.001"/>
  <testcase name="testSaveWithBasePath" classname="org.apache.commons.configuration2.TestPropertiesConfiguration" time="0.002"/>
  <testcase name="testIsCommentLine" classname="org.apache.commons.configuration2.TestPropertiesConfiguration" time="0.001"/>
  <testcase name="testSlashEscaping" classname="org.apache.commons.configuration2.TestPropertiesConfiguration" time="0.001"/>
  <testcase name="testEscapedKeyValueSeparator" classname="org.apache.commons.configuration2.TestPropertiesConfiguration" time="0.001"/>
  <testcase name="testDisableListDelimiter" classname="org.apache.commons.configuration2.TestPropertiesConfiguration" time="0.002"/>
  <testcase name="testLoadIncludeFileViaFileSystem" classname="org.apache.commons.configuration2.TestPropertiesConfiguration" time="0.003"/>
  <testcase name="testSetIOFactoryNull" classname="org.apache.commons.configuration2.TestPropertiesConfiguration" time="0.001"/>
  <testcase name="testLoadViaPropertyWithBasePath2" classname="org.apache.commons.configuration2.TestPropertiesConfiguration" time="0.002"/>
  <testcase name="testEmptyNoSeparator" classname="org.apache.commons.configuration2.TestPropertiesConfiguration" time="0.001"/>
  <testcase name="testUnescapeJava" classname="org.apache.commons.configuration2.TestPropertiesConfiguration" time="0.001"/>
  <testcase name="testLoadUnexistingFile" classname="org.apache.commons.configuration2.TestPropertiesConfiguration" time="0.001"/>
  <testcase name="testClone" classname="org.apache.commons.configuration2.TestPropertiesConfiguration" time="0.001"/>
  <testcase name="testEmpty" classname="org.apache.commons.configuration2.TestPropertiesConfiguration" time="0.002"/>
  <testcase name="testPropertyLoadedIncludeNotAllowed" classname="org.apache.commons.configuration2.TestPropertiesConfiguration" time="0"/>
  <testcase name="testList" classname="org.apache.commons.configuration2.TestPropertiesConfiguration" time="0.001"/>
  <testcase name="testLoad" classname="org.apache.commons.configuration2.TestPropertiesConfiguration" time="0.001"/>
  <testcase name="testSave" classname="org.apache.commons.configuration2.TestPropertiesConfiguration" time="0.002"/>
  <testcase name="testSetIOFactoryReader" classname="org.apache.commons.configuration2.TestPropertiesConfiguration" time="0.001"/>
  <testcase name="testLoadIncludeFromClassPath" classname="org.apache.commons.configuration2.TestPropertiesConfiguration" time="0.001"/>
  <testcase name="testEscapedKey" classname="org.apache.commons.configuration2.TestPropertiesConfiguration" time="0.001"/>
  <testcase name="testChangingListDelimiter" classname="org.apache.commons.configuration2.TestPropertiesConfiguration" time="0.002"/>
  <testcase name="testNewLineEscaping" classname="org.apache.commons.configuration2.TestPropertiesConfiguration" time="0.001"/>
  <testcase name="testKeyValueSeparators" classname="org.apache.commons.configuration2.TestPropertiesConfiguration" time="0"/>
  <testcase name="testSetIOFactoryWriter" classname="org.apache.commons.configuration2.TestPropertiesConfiguration" time="0.001"/>
  <testcase name="testReadFooterComment" classname="org.apache.commons.configuration2.TestPropertiesConfiguration" time="0.002"/>
  <testcase name="testUnEscapeCharacters" classname="org.apache.commons.configuration2.TestPropertiesConfiguration" time="0"/>
  <testcase name="testSaveWithDelimiterParsingDisabled" classname="org.apache.commons.configuration2.TestPropertiesConfiguration" time="0.002"/>
  <testcase name="testEscapeQuote" classname="org.apache.commons.configuration2.TestPropertiesConfiguration" time="0.001"/>
  <testcase name="testGetIOFactoryDefault" classname="org.apache.commons.configuration2.TestPropertiesConfiguration" time="0.001"/>
  <testcase name="testMixedArray" classname="org.apache.commons.configuration2.TestPropertiesConfiguration" time="0"/>
  <testcase name="testSaveToHTTPServerFail" classname="org.apache.commons.configuration2.TestPropertiesConfiguration" time="0.002"/>
  <testcase name="testReference" classname="org.apache.commons.configuration2.TestPropertiesConfiguration" time="0.001"/>
  <testcase name="testGetFooterSynchronized" classname="org.apache.commons.configuration2.TestPropertiesConfiguration" time="0.001"/>
  <testcase name="testSaveToHTTPServerSuccess" classname="org.apache.commons.configuration2.TestPropertiesConfiguration" time="0.002"/>
  <testcase name="testSetHeaderSynchronized" classname="org.apache.commons.configuration2.TestPropertiesConfiguration" time="0.001"/>
  <testcase name="testSetInclude" classname="org.apache.commons.configuration2.TestPropertiesConfiguration" time="0.001"/>
  <testcase name="testInMemoryCreatedSave" classname="org.apache.commons.configuration2.TestPropertiesConfiguration" time="0.001"/>
  <testcase name="testSetPropertyListWithDelimiterParsingDisabled" classname="org.apache.commons.configuration2.TestPropertiesConfiguration" time="0.002"/>
  <testcase name="testSaveEscapedEscapingCharacter" classname="org.apache.commons.configuration2.TestPropertiesConfiguration" time="0.018"/>
  <testcase name="testSaveWithDataConfig" classname="org.apache.commons.configuration2.TestPropertiesConfiguration" time="0.003"/>
  <testcase name="testMultilines" classname="org.apache.commons.configuration2.TestPropertiesConfiguration" time="0.001"/>
  <testcase name="testGetStringWithEscapedChars" classname="org.apache.commons.configuration2.TestPropertiesConfiguration" time="0.001"/>
  <testcase name="testGetStringWithEscapedComma" classname="org.apache.commons.configuration2.TestPropertiesConfiguration" time="0.001"/>
  <testcase name="testComment" classname="org.apache.commons.configuration2.TestPropertiesConfiguration" time="0.001"/>
  <testcase name="testInitFromNonExistingFile" classname="org.apache.commons.configuration2.TestPropertiesConfiguration" time="0.001"/>
  <testcase name="testLoadIncludeFromReader" classname="org.apache.commons.configuration2.TestPropertiesConfiguration" time="0.001"/>
  <testcase name="testAppendAndSave" classname="org.apache.commons.configuration2.TestPropertiesConfiguration" time="0.003"/>
  <testcase name="testLoadInclude" classname="org.apache.commons.configuration2.TestPropertiesConfiguration" time="0.001"/>
  <testcase name="testPropertyLoaded" classname="org.apache.commons.configuration2.TestPropertiesConfiguration" time="0"/>
  <testcase name="testLoadFromFile" classname="org.apache.commons.configuration2.TestPropertiesConfiguration" time="0.002"/>
  <testcase name="testIncludeInSubDir" classname="org.apache.commons.configuration2.TestPropertiesConfiguration" time="0.004"/>
  <testcase name="testFileWithSharpSymbol" classname="org.apache.commons.configuration2.TestPropertiesConfiguration" time="0.001"/>
  <testcase name="testAppend" classname="org.apache.commons.configuration2.TestPropertiesConfiguration" time="0.001"/>
  <testcase name="testGetLayout" classname="org.apache.commons.configuration2.TestPropertiesConfiguration" time="0.001"/>
  <testcase name="testCloneNullLayout" classname="org.apache.commons.configuration2.TestPropertiesConfiguration" time="0"/>
  <testcase name="testDisableIncludes" classname="org.apache.commons.configuration2.TestPropertiesConfiguration" time="0.001"/>
  <testcase name="testKeepSeparators" classname="org.apache.commons.configuration2.TestPropertiesConfiguration" time="0.001"/>
  <testcase name="testGetHeaderSynchronized" classname="org.apache.commons.configuration2.TestPropertiesConfiguration" time="0.001"/>
  <testcase name="testWriteFooterComment" classname="org.apache.commons.configuration2.TestPropertiesConfiguration" time="0.001"/>
  <testcase name="testSaveWithDefaultListDelimiterHandler" classname="org.apache.commons.configuration2.TestPropertiesConfiguration" time="0.001"/>
  <testcase name="testClearFooterComment" classname="org.apache.commons.configuration2.TestPropertiesConfiguration" time="0.001"/>
  <testcase name="testLoadViaPropertyWithBasePath" classname="org.apache.commons.configuration2.TestPropertiesConfiguration" time="0.002"/>
  <testcase name="testReadCalledDirectly" classname="org.apache.commons.configuration2.TestPropertiesConfiguration" time="0.003"/>
  <testcase name="testLineSeparator" classname="org.apache.commons.configuration2.TestPropertiesConfiguration" time="0.001"/>
  <testcase name="testSaveMissingFilename" classname="org.apache.commons.configuration2.TestPropertiesConfiguration" time="0.001"/>
</testsuite>