<?xml version="1.0" encoding="UTF-8"?>
<testsuite xmlns:xsi="http://www.w3.org/2001/XMLSchema-instance" xsi:schemaLocation="https://maven.apache.org/surefire/maven-surefire-plugin/xsd/surefire-test-report.xsd" name="org.sourcelab.kafka.connect.apiclient.KafkaConnectClientTest" time="0.24" tests="21" errors="21" skipped="0" failures="0">
  <properties>
    <property name="java.runtime.name" value="OpenJDK Runtime Environment"/>
    <property name="sun.boot.library.path" value="/usr/local/openjdk-8/jre/lib/amd64"/>
    <property name="java.vm.version" value="25.262-b10"/>
    <property name="animal.sniffer.skip" value="true"/>
    <property name="java.vm.vendor" value="Oracle Corporation"/>
    <property name="maven.multiModuleProjectDirectory" value="/tmp/tmprv0zebdn/kafka-connect-client"/>
    <property name="maven.javadoc.skip" value="true"/>
    <property name="java.vendor.url" value="http://java.oracle.com/"/>
    <property name="path.separator" value=":"/>
    <property name="guice.disable.misplaced.annotation.check" value="true"/>
    <property name="java.vm.name" value="OpenJDK 64-Bit Server VM"/>
    <property name="file.encoding.pkg" value="sun.io"/>
    <property name="sun.java.launcher" value="SUN_STANDARD"/>
    <property name="sun.os.patch.level" value="unknown"/>
    <property name="source.skip" value="true"/>
    <property name="java.vm.specification.name" value="Java Virtual Machine Specification"/>
    <property name="user.dir" value="/tmp/tmprv0zebdn/kafka-connect-client"/>
    <property name="java.runtime.version" value="1.8.0_262-b10"/>
    <property name="java.awt.graphicsenv" value="sun.awt.X11GraphicsEnvironment"/>
    <property name="java.endorsed.dirs" value="/usr/local/openjdk-8/jre/lib/endorsed"/>
    <property name="os.arch" value="amd64"/>
    <property name="java.io.tmpdir" value="/tmp"/>
    <property name="line.separator" value="&#10;"/>
    <property name="java.vm.specification.vendor" value="Oracle Corporation"/>
    <property name="os.name" value="Linux"/>
    <property name="classworlds.conf" value="/usr/share/maven/bin/m2.conf"/>
    <property name="sun.jnu.encoding" value="UTF-8"/>
    <property name="java.library.path" value="/usr/java/packages/lib/amd64:/usr/lib64:/lib64:/lib:/usr/lib"/>
    <property name="license.skip" value="true"/>
    <property name="maven.conf" value="/usr/share/maven/conf"/>
    <property name="java.specification.name" value="Java Platform API Specification"/>
    <property name="java.class.version" value="52.0"/>
    <property name="sun.management.compiler" value="HotSpot 64-Bit Tiered Compilers"/>
    <property name="maven.test.failure.ignore" value="true"/>
    <property name="os.version" value="4.15.0-109-generic"/>
    <property name="library.jansi.path" value="/usr/share/maven/lib/jansi-native"/>
    <property name="user.home" value="/home/jdbl"/>
    <property name="user.timezone" value="Etc/UTC"/>
    <property name="java.awt.printerjob" value="sun.print.PSPrinterJob"/>
    <property name="java.specification.version" value="1.8"/>
    <property name="file.encoding" value="UTF-8"/>
    <property name="user.name" value="jdbl"/>
    <property name="java.class.path" value="/usr/share/maven/boot/plexus-classworlds-2.6.0.jar"/>
    <property name="java.vm.specification.version" value="1.8"/>
    <property name="sun.arch.data.model" value="64"/>
    <property name="java.home" value="/usr/local/openjdk-8/jre"/>
    <property name="sun.java.command" value="org.codehaus.plexus.classworlds.launcher.Launcher test -e --fail-never -ntp -Dmaven.test.failure.ignore=true -B -Dmaven.javadoc.skip=true -Drat.skip=true -Danimal.sniffer.skip=true -Dmaven.javadoc.skip=true -Dlicense.skip=true -Dsource.skip=true"/>
    <property name="java.specification.vendor" value="Oracle Corporation"/>
    <property name="user.language" value="en"/>
    <property name="awt.toolkit" value="sun.awt.X11.XToolkit"/>
    <property name="java.vm.info" value="mixed mode"/>
    <property name="java.version" value="1.8.0_262"/>
    <property name="java.ext.dirs" value="/usr/local/openjdk-8/jre/lib/ext:/usr/java/packages/lib/ext"/>
    <property name="securerandom.source" value="file:/dev/./urandom"/>
    <property name="sun.boot.class.path" value="/usr/local/openjdk-8/jre/lib/resources.jar:/usr/local/openjdk-8/jre/lib/rt.jar:/usr/local/openjdk-8/jre/lib/sunrsasign.jar:/usr/local/openjdk-8/jre/lib/jsse.jar:/usr/local/openjdk-8/jre/lib/jce.jar:/usr/local/openjdk-8/jre/lib/charsets.jar:/usr/local/openjdk-8/jre/lib/jfr.jar:/usr/local/openjdk-8/jre/classes"/>
    <property name="java.vendor" value="Oracle Corporation"/>
    <property name="rat.skip" value="true"/>
    <property name="maven.home" value="/usr/share/maven"/>
    <property name="file.separator" value="/"/>
    <property name="java.vendor.url.bug" value="http://bugreport.sun.com/bugreport/"/>
    <property name="sun.cpu.endian" value="little"/>
    <property name="sun.io.unicode.encoding" value="UnicodeLittle"/>
    <property name="sun.cpu.isalist" value=""/>
  </properties>
  <testcase name="testGetConnectorStatus" classname="org.sourcelab.kafka.connect.apiclient.KafkaConnectClientTest" time="0.039">
    <error message="Connect to localhost:8083 [localhost/127.0.0.1] failed: Connection refused (Connection refused)" type="org.sourcelab.kafka.connect.apiclient.rest.exceptions.ConnectionException">org.sourcelab.kafka.connect.apiclient.rest.exceptions.ConnectionException: Connect to localhost:8083 [localhost/127.0.0.1] failed: Connection refused (Connection refused)
	at org.sourcelab.kafka.connect.apiclient.KafkaConnectClientTest.testGetConnectorStatus(KafkaConnectClientTest.java:147)
Caused by: org.apache.http.conn.HttpHostConnectException: Connect to localhost:8083 [localhost/127.0.0.1] failed: Connection refused (Connection refused)
	at org.sourcelab.kafka.connect.apiclient.KafkaConnectClientTest.testGetConnectorStatus(KafkaConnectClientTest.java:147)
Caused by: java.net.ConnectException: Connection refused (Connection refused)
	at org.sourcelab.kafka.connect.apiclient.KafkaConnectClientTest.testGetConnectorStatus(KafkaConnectClientTest.java:147)
</error>
  </testcase>
  <testcase name="testGetConnectorTopics" classname="org.sourcelab.kafka.connect.apiclient.KafkaConnectClientTest" time="0.001">
    <error message="Connect to localhost:8083 [localhost/127.0.0.1] failed: Connection refused (Connection refused)" type="org.sourcelab.kafka.connect.apiclient.rest.exceptions.ConnectionException">org.sourcelab.kafka.connect.apiclient.rest.exceptions.ConnectionException: Connect to localhost:8083 [localhost/127.0.0.1] failed: Connection refused (Connection refused)
	at org.sourcelab.kafka.connect.apiclient.KafkaConnectClientTest.testGetConnectorTopics(KafkaConnectClientTest.java:240)
Caused by: org.apache.http.conn.HttpHostConnectException: Connect to localhost:8083 [localhost/127.0.0.1] failed: Connection refused (Connection refused)
	at org.sourcelab.kafka.connect.apiclient.KafkaConnectClientTest.testGetConnectorTopics(KafkaConnectClientTest.java:240)
Caused by: java.net.ConnectException: Connection refused (Connection refused)
	at org.sourcelab.kafka.connect.apiclient.KafkaConnectClientTest.testGetConnectorTopics(KafkaConnectClientTest.java:240)
</error>
  </testcase>
  <testcase name="testRestartConnectorTask" classname="org.sourcelab.kafka.connect.apiclient.KafkaConnectClientTest" time="0.023">
    <error message="Connect to localhost:8083 [localhost/127.0.0.1] failed: Connection refused (Connection refused)" type="org.sourcelab.kafka.connect.apiclient.rest.exceptions.ConnectionException">org.sourcelab.kafka.connect.apiclient.rest.exceptions.ConnectionException: Connect to localhost:8083 [localhost/127.0.0.1] failed: Connection refused (Connection refused)
	at org.sourcelab.kafka.connect.apiclient.KafkaConnectClientTest.testRestartConnectorTask(KafkaConnectClientTest.java:232)
Caused by: org.apache.http.conn.HttpHostConnectException: Connect to localhost:8083 [localhost/127.0.0.1] failed: Connection refused (Connection refused)
	at org.sourcelab.kafka.connect.apiclient.KafkaConnectClientTest.testRestartConnectorTask(KafkaConnectClientTest.java:232)
Caused by: java.net.ConnectException: Connection refused (Connection refused)
	at org.sourcelab.kafka.connect.apiclient.KafkaConnectClientTest.testRestartConnectorTask(KafkaConnectClientTest.java:232)
</error>
  </testcase>
  <testcase name="getConnectorsWithAllExpandedMetadata" classname="org.sourcelab.kafka.connect.apiclient.KafkaConnectClientTest" time="0">
    <error message="Connect to localhost:8083 [localhost/127.0.0.1] failed: Connection refused (Connection refused)" type="org.sourcelab.kafka.connect.apiclient.rest.exceptions.ConnectionException">org.sourcelab.kafka.connect.apiclient.rest.exceptions.ConnectionException: Connect to localhost:8083 [localhost/127.0.0.1] failed: Connection refused (Connection refused)
	at org.sourcelab.kafka.connect.apiclient.KafkaConnectClientTest.getConnectorsWithAllExpandedMetadata(KafkaConnectClientTest.java:120)
Caused by: org.apache.http.conn.HttpHostConnectException: Connect to localhost:8083 [localhost/127.0.0.1] failed: Connection refused (Connection refused)
	at org.sourcelab.kafka.connect.apiclient.KafkaConnectClientTest.getConnectorsWithAllExpandedMetadata(KafkaConnectClientTest.java:120)
Caused by: java.net.ConnectException: Connection refused (Connection refused)
	at org.sourcelab.kafka.connect.apiclient.KafkaConnectClientTest.getConnectorsWithAllExpandedMetadata(KafkaConnectClientTest.java:120)
</error>
  </testcase>
  <testcase name="testResumeConnector" classname="org.sourcelab.kafka.connect.apiclient.KafkaConnectClientTest" time="0.008">
    <error message="Connect to localhost:8083 [localhost/127.0.0.1] failed: Connection refused (Connection refused)" type="org.sourcelab.kafka.connect.apiclient.rest.exceptions.ConnectionException">org.sourcelab.kafka.connect.apiclient.rest.exceptions.ConnectionException: Connect to localhost:8083 [localhost/127.0.0.1] failed: Connection refused (Connection refused)
	at org.sourcelab.kafka.connect.apiclient.KafkaConnectClientTest.testResumeConnector(KafkaConnectClientTest.java:200)
Caused by: org.apache.http.conn.HttpHostConnectException: Connect to localhost:8083 [localhost/127.0.0.1] failed: Connection refused (Connection refused)
	at org.sourcelab.kafka.connect.apiclient.KafkaConnectClientTest.testResumeConnector(KafkaConnectClientTest.java:200)
Caused by: java.net.ConnectException: Connection refused (Connection refused)
	at org.sourcelab.kafka.connect.apiclient.KafkaConnectClientTest.testResumeConnector(KafkaConnectClientTest.java:200)
</error>
  </testcase>
  <testcase name="testGetConnectorTaskStatus" classname="org.sourcelab.kafka.connect.apiclient.KafkaConnectClientTest" time="0">
    <error message="Connect to localhost:8083 [localhost/127.0.0.1] failed: Connection refused (Connection refused)" type="org.sourcelab.kafka.connect.apiclient.rest.exceptions.ConnectionException">org.sourcelab.kafka.connect.apiclient.rest.exceptions.ConnectionException: Connect to localhost:8083 [localhost/127.0.0.1] failed: Connection refused (Connection refused)
	at org.sourcelab.kafka.connect.apiclient.KafkaConnectClientTest.testGetConnectorTaskStatus(KafkaConnectClientTest.java:224)
Caused by: org.apache.http.conn.HttpHostConnectException: Connect to localhost:8083 [localhost/127.0.0.1] failed: Connection refused (Connection refused)
	at org.sourcelab.kafka.connect.apiclient.KafkaConnectClientTest.testGetConnectorTaskStatus(KafkaConnectClientTest.java:224)
Caused by: java.net.ConnectException: Connection refused (Connection refused)
	at org.sourcelab.kafka.connect.apiclient.KafkaConnectClientTest.testGetConnectorTaskStatus(KafkaConnectClientTest.java:224)
</error>
  </testcase>
  <testcase name="testGetConnectorTasks" classname="org.sourcelab.kafka.connect.apiclient.KafkaConnectClientTest" time="0.008">
    <error message="Connect to localhost:8083 [localhost/127.0.0.1] failed: Connection refused (Connection refused)" type="org.sourcelab.kafka.connect.apiclient.rest.exceptions.ConnectionException">org.sourcelab.kafka.connect.apiclient.rest.exceptions.ConnectionException: Connect to localhost:8083 [localhost/127.0.0.1] failed: Connection refused (Connection refused)
	at org.sourcelab.kafka.connect.apiclient.KafkaConnectClientTest.testGetConnectorTasks(KafkaConnectClientTest.java:216)
Caused by: org.apache.http.conn.HttpHostConnectException: Connect to localhost:8083 [localhost/127.0.0.1] failed: Connection refused (Connection refused)
	at org.sourcelab.kafka.connect.apiclient.KafkaConnectClientTest.testGetConnectorTasks(KafkaConnectClientTest.java:216)
Caused by: java.net.ConnectException: Connection refused (Connection refused)
	at org.sourcelab.kafka.connect.apiclient.KafkaConnectClientTest.testGetConnectorTasks(KafkaConnectClientTest.java:216)
</error>
  </testcase>
  <testcase name="testDeleteConnector" classname="org.sourcelab.kafka.connect.apiclient.KafkaConnectClientTest" time="0.012">
    <error message="Connect to localhost:8083 [localhost/127.0.0.1] failed: Connection refused (Connection refused)" type="org.sourcelab.kafka.connect.apiclient.rest.exceptions.ConnectionException">org.sourcelab.kafka.connect.apiclient.rest.exceptions.ConnectionException: Connect to localhost:8083 [localhost/127.0.0.1] failed: Connection refused (Connection refused)
	at org.sourcelab.kafka.connect.apiclient.KafkaConnectClientTest.testDeleteConnector(KafkaConnectClientTest.java:208)
Caused by: org.apache.http.conn.HttpHostConnectException: Connect to localhost:8083 [localhost/127.0.0.1] failed: Connection refused (Connection refused)
	at org.sourcelab.kafka.connect.apiclient.KafkaConnectClientTest.testDeleteConnector(KafkaConnectClientTest.java:208)
Caused by: java.net.ConnectException: Connection refused (Connection refused)
	at org.sourcelab.kafka.connect.apiclient.KafkaConnectClientTest.testDeleteConnector(KafkaConnectClientTest.java:208)
</error>
  </testcase>
  <testcase name="testPauseConnector" classname="org.sourcelab.kafka.connect.apiclient.KafkaConnectClientTest" time="0.004">
    <error message="Connect to localhost:8083 [localhost/127.0.0.1] failed: Connection refused (Connection refused)" type="org.sourcelab.kafka.connect.apiclient.rest.exceptions.ConnectionException">org.sourcelab.kafka.connect.apiclient.rest.exceptions.ConnectionException: Connect to localhost:8083 [localhost/127.0.0.1] failed: Connection refused (Connection refused)
	at org.sourcelab.kafka.connect.apiclient.KafkaConnectClientTest.testPauseConnector(KafkaConnectClientTest.java:192)
Caused by: org.apache.http.conn.HttpHostConnectException: Connect to localhost:8083 [localhost/127.0.0.1] failed: Connection refused (Connection refused)
	at org.sourcelab.kafka.connect.apiclient.KafkaConnectClientTest.testPauseConnector(KafkaConnectClientTest.java:192)
Caused by: java.net.ConnectException: Connection refused (Connection refused)
	at org.sourcelab.kafka.connect.apiclient.KafkaConnectClientTest.testPauseConnector(KafkaConnectClientTest.java:192)
</error>
  </testcase>
  <testcase name="testAddConnector" classname="org.sourcelab.kafka.connect.apiclient.KafkaConnectClientTest" time="0.044">
    <error message="Connect to localhost:8083 [localhost/127.0.0.1] failed: Connection refused (Connection refused)" type="org.sourcelab.kafka.connect.apiclient.rest.exceptions.ConnectionException">org.sourcelab.kafka.connect.apiclient.rest.exceptions.ConnectionException: Connect to localhost:8083 [localhost/127.0.0.1] failed: Connection refused (Connection refused)
	at org.sourcelab.kafka.connect.apiclient.KafkaConnectClientTest.testAddConnector(KafkaConnectClientTest.java:156)
Caused by: org.apache.http.conn.HttpHostConnectException: Connect to localhost:8083 [localhost/127.0.0.1] failed: Connection refused (Connection refused)
	at org.sourcelab.kafka.connect.apiclient.KafkaConnectClientTest.testAddConnector(KafkaConnectClientTest.java:156)
Caused by: java.net.ConnectException: Connection refused (Connection refused)
	at org.sourcelab.kafka.connect.apiclient.KafkaConnectClientTest.testAddConnector(KafkaConnectClientTest.java:156)
</error>
  </testcase>
  <testcase name="testResetConnectorTopics" classname="org.sourcelab.kafka.connect.apiclient.KafkaConnectClientTest" time="0.013">
    <error message="Connect to localhost:8083 [localhost/127.0.0.1] failed: Connection refused (Connection refused)" type="org.sourcelab.kafka.connect.apiclient.rest.exceptions.ConnectionException">org.sourcelab.kafka.connect.apiclient.rest.exceptions.ConnectionException: Connect to localhost:8083 [localhost/127.0.0.1] failed: Connection refused (Connection refused)
	at org.sourcelab.kafka.connect.apiclient.KafkaConnectClientTest.testResetConnectorTopics(KafkaConnectClientTest.java:248)
Caused by: org.apache.http.conn.HttpHostConnectException: Connect to localhost:8083 [localhost/127.0.0.1] failed: Connection refused (Connection refused)
	at org.sourcelab.kafka.connect.apiclient.KafkaConnectClientTest.testResetConnectorTopics(KafkaConnectClientTest.java:248)
Caused by: java.net.ConnectException: Connection refused (Connection refused)
	at org.sourcelab.kafka.connect.apiclient.KafkaConnectClientTest.testResetConnectorTopics(KafkaConnectClientTest.java:248)
</error>
  </testcase>
  <testcase name="testGetConnector" classname="org.sourcelab.kafka.connect.apiclient.KafkaConnectClientTest" time="0.006">
    <error message="Connect to localhost:8083 [localhost/127.0.0.1] failed: Connection refused (Connection refused)" type="org.sourcelab.kafka.connect.apiclient.rest.exceptions.ConnectionException">org.sourcelab.kafka.connect.apiclient.rest.exceptions.ConnectionException: Connect to localhost:8083 [localhost/127.0.0.1] failed: Connection refused (Connection refused)
	at org.sourcelab.kafka.connect.apiclient.KafkaConnectClientTest.testGetConnector(KafkaConnectClientTest.java:129)
Caused by: org.apache.http.conn.HttpHostConnectException: Connect to localhost:8083 [localhost/127.0.0.1] failed: Connection refused (Connection refused)
	at org.sourcelab.kafka.connect.apiclient.KafkaConnectClientTest.testGetConnector(KafkaConnectClientTest.java:129)
Caused by: java.net.ConnectException: Connection refused (Connection refused)
	at org.sourcelab.kafka.connect.apiclient.KafkaConnectClientTest.testGetConnector(KafkaConnectClientTest.java:129)
</error>
  </testcase>
  <testcase name="testGetConnectorPlugins" classname="org.sourcelab.kafka.connect.apiclient.KafkaConnectClientTest" time="0">
    <error message="Connect to localhost:8083 [localhost/127.0.0.1] failed: Connection refused (Connection refused)" type="org.sourcelab.kafka.connect.apiclient.rest.exceptions.ConnectionException">org.sourcelab.kafka.connect.apiclient.rest.exceptions.ConnectionException: Connect to localhost:8083 [localhost/127.0.0.1] failed: Connection refused (Connection refused)
	at org.sourcelab.kafka.connect.apiclient.KafkaConnectClientTest.testGetConnectorPlugins(KafkaConnectClientTest.java:256)
Caused by: org.apache.http.conn.HttpHostConnectException: Connect to localhost:8083 [localhost/127.0.0.1] failed: Connection refused (Connection refused)
	at org.sourcelab.kafka.connect.apiclient.KafkaConnectClientTest.testGetConnectorPlugins(KafkaConnectClientTest.java:256)
Caused by: java.net.ConnectException: Connection refused (Connection refused)
	at org.sourcelab.kafka.connect.apiclient.KafkaConnectClientTest.testGetConnectorPlugins(KafkaConnectClientTest.java:256)
</error>
  </testcase>
  <testcase name="testGetConnectServerVersion" classname="org.sourcelab.kafka.connect.apiclient.KafkaConnectClientTest" time="0.008">
    <error message="Connect to localhost:8083 [localhost/127.0.0.1] failed: Connection refused (Connection refused)" type="org.sourcelab.kafka.connect.apiclient.rest.exceptions.ConnectionException">org.sourcelab.kafka.connect.apiclient.rest.exceptions.ConnectionException: Connect to localhost:8083 [localhost/127.0.0.1] failed: Connection refused (Connection refused)
	at org.sourcelab.kafka.connect.apiclient.KafkaConnectClientTest.testGetConnectServerVersion(KafkaConnectClientTest.java:78)
Caused by: org.apache.http.conn.HttpHostConnectException: Connect to localhost:8083 [localhost/127.0.0.1] failed: Connection refused (Connection refused)
	at org.sourcelab.kafka.connect.apiclient.KafkaConnectClientTest.testGetConnectServerVersion(KafkaConnectClientTest.java:78)
Caused by: java.net.ConnectException: Connection refused (Connection refused)
	at org.sourcelab.kafka.connect.apiclient.KafkaConnectClientTest.testGetConnectServerVersion(KafkaConnectClientTest.java:78)
</error>
  </testcase>
  <testcase name="testValidateConnectorPluginConfig" classname="org.sourcelab.kafka.connect.apiclient.KafkaConnectClientTest" time="0.005">
    <error message="Connect to localhost:8083 [localhost/127.0.0.1] failed: Connection refused (Connection refused)" type="org.sourcelab.kafka.connect.apiclient.rest.exceptions.ConnectionException">org.sourcelab.kafka.connect.apiclient.rest.exceptions.ConnectionException: Connect to localhost:8083 [localhost/127.0.0.1] failed: Connection refused (Connection refused)
	at org.sourcelab.kafka.connect.apiclient.KafkaConnectClientTest.testValidateConnectorPluginConfig(KafkaConnectClientTest.java:264)
Caused by: org.apache.http.conn.HttpHostConnectException: Connect to localhost:8083 [localhost/127.0.0.1] failed: Connection refused (Connection refused)
	at org.sourcelab.kafka.connect.apiclient.KafkaConnectClientTest.testValidateConnectorPluginConfig(KafkaConnectClientTest.java:264)
Caused by: java.net.ConnectException: Connection refused (Connection refused)
	at org.sourcelab.kafka.connect.apiclient.KafkaConnectClientTest.testValidateConnectorPluginConfig(KafkaConnectClientTest.java:264)
</error>
  </testcase>
  <testcase name="testGetConnectors" classname="org.sourcelab.kafka.connect.apiclient.KafkaConnectClientTest" time="0.003">
    <error message="Connect to localhost:8083 [localhost/127.0.0.1] failed: Connection refused (Connection refused)" type="org.sourcelab.kafka.connect.apiclient.rest.exceptions.ConnectionException">org.sourcelab.kafka.connect.apiclient.rest.exceptions.ConnectionException: Connect to localhost:8083 [localhost/127.0.0.1] failed: Connection refused (Connection refused)
	at org.sourcelab.kafka.connect.apiclient.KafkaConnectClientTest.testGetConnectors(KafkaConnectClientTest.java:87)
Caused by: org.apache.http.conn.HttpHostConnectException: Connect to localhost:8083 [localhost/127.0.0.1] failed: Connection refused (Connection refused)
	at org.sourcelab.kafka.connect.apiclient.KafkaConnectClientTest.testGetConnectors(KafkaConnectClientTest.java:87)
Caused by: java.net.ConnectException: Connection refused (Connection refused)
	at org.sourcelab.kafka.connect.apiclient.KafkaConnectClientTest.testGetConnectors(KafkaConnectClientTest.java:87)
</error>
  </testcase>
  <testcase name="testUpdateConnectorConfig" classname="org.sourcelab.kafka.connect.apiclient.KafkaConnectClientTest" time="0.004">
    <error message="Connect to localhost:8083 [localhost/127.0.0.1] failed: Connection refused (Connection refused)" type="org.sourcelab.kafka.connect.apiclient.rest.exceptions.ConnectionException">org.sourcelab.kafka.connect.apiclient.rest.exceptions.ConnectionException: Connect to localhost:8083 [localhost/127.0.0.1] failed: Connection refused (Connection refused)
	at org.sourcelab.kafka.connect.apiclient.KafkaConnectClientTest.testUpdateConnectorConfig(KafkaConnectClientTest.java:176)
Caused by: org.apache.http.conn.HttpHostConnectException: Connect to localhost:8083 [localhost/127.0.0.1] failed: Connection refused (Connection refused)
	at org.sourcelab.kafka.connect.apiclient.KafkaConnectClientTest.testUpdateConnectorConfig(KafkaConnectClientTest.java:176)
Caused by: java.net.ConnectException: Connection refused (Connection refused)
	at org.sourcelab.kafka.connect.apiclient.KafkaConnectClientTest.testUpdateConnectorConfig(KafkaConnectClientTest.java:176)
</error>
  </testcase>
  <testcase name="testGetConnectorsWithExpandedInfo" classname="org.sourcelab.kafka.connect.apiclient.KafkaConnectClientTest" time="0.012">
    <error message="Connect to localhost:8083 [localhost/127.0.0.1] failed: Connection refused (Connection refused)" type="org.sourcelab.kafka.connect.apiclient.rest.exceptions.ConnectionException">org.sourcelab.kafka.connect.apiclient.rest.exceptions.ConnectionException: Connect to localhost:8083 [localhost/127.0.0.1] failed: Connection refused (Connection refused)
	at org.sourcelab.kafka.connect.apiclient.KafkaConnectClientTest.testGetConnectorsWithExpandedInfo(KafkaConnectClientTest.java:109)
Caused by: org.apache.http.conn.HttpHostConnectException: Connect to localhost:8083 [localhost/127.0.0.1] failed: Connection refused (Connection refused)
	at org.sourcelab.kafka.connect.apiclient.KafkaConnectClientTest.testGetConnectorsWithExpandedInfo(KafkaConnectClientTest.java:109)
Caused by: java.net.ConnectException: Connection refused (Connection refused)
	at org.sourcelab.kafka.connect.apiclient.KafkaConnectClientTest.testGetConnectorsWithExpandedInfo(KafkaConnectClientTest.java:109)
</error>
  </testcase>
  <testcase name="testGetConnectorConfig" classname="org.sourcelab.kafka.connect.apiclient.KafkaConnectClientTest" time="0.019">
    <error message="Connect to localhost:8083 [localhost/127.0.0.1] failed: Connection refused (Connection refused)" type="org.sourcelab.kafka.connect.apiclient.rest.exceptions.ConnectionException">org.sourcelab.kafka.connect.apiclient.rest.exceptions.ConnectionException: Connect to localhost:8083 [localhost/127.0.0.1] failed: Connection refused (Connection refused)
	at org.sourcelab.kafka.connect.apiclient.KafkaConnectClientTest.testGetConnectorConfig(KafkaConnectClientTest.java:138)
Caused by: org.apache.http.conn.HttpHostConnectException: Connect to localhost:8083 [localhost/127.0.0.1] failed: Connection refused (Connection refused)
	at org.sourcelab.kafka.connect.apiclient.KafkaConnectClientTest.testGetConnectorConfig(KafkaConnectClientTest.java:138)
Caused by: java.net.ConnectException: Connection refused (Connection refused)
	at org.sourcelab.kafka.connect.apiclient.KafkaConnectClientTest.testGetConnectorConfig(KafkaConnectClientTest.java:138)
</error>
  </testcase>
  <testcase name="testRestartConnector" classname="org.sourcelab.kafka.connect.apiclient.KafkaConnectClientTest" time="0.006">
    <error message="Connect to localhost:8083 [localhost/127.0.0.1] failed: Connection refused (Connection refused)" type="org.sourcelab.kafka.connect.apiclient.rest.exceptions.ConnectionException">org.sourcelab.kafka.connect.apiclient.rest.exceptions.ConnectionException: Connect to localhost:8083 [localhost/127.0.0.1] failed: Connection refused (Connection refused)
	at org.sourcelab.kafka.connect.apiclient.KafkaConnectClientTest.testRestartConnector(KafkaConnectClientTest.java:184)
Caused by: org.apache.http.conn.HttpHostConnectException: Connect to localhost:8083 [localhost/127.0.0.1] failed: Connection refused (Connection refused)
	at org.sourcelab.kafka.connect.apiclient.KafkaConnectClientTest.testRestartConnector(KafkaConnectClientTest.java:184)
Caused by: java.net.ConnectException: Connection refused (Connection refused)
	at org.sourcelab.kafka.connect.apiclient.KafkaConnectClientTest.testRestartConnector(KafkaConnectClientTest.java:184)
</error>
  </testcase>
  <testcase name="testGetConnectorsWithExpandedStatus" classname="org.sourcelab.kafka.connect.apiclient.KafkaConnectClientTest" time="0.004">
    <error message="Connect to localhost:8083 [localhost/127.0.0.1] failed: Connection refused (Connection refused)" type="org.sourcelab.kafka.connect.apiclient.rest.exceptions.ConnectionException">org.sourcelab.kafka.connect.apiclient.rest.exceptions.ConnectionException: Connect to localhost:8083 [localhost/127.0.0.1] failed: Connection refused (Connection refused)
	at org.sourcelab.kafka.connect.apiclient.KafkaConnectClientTest.testGetConnectorsWithExpandedStatus(KafkaConnectClientTest.java:98)
Caused by: org.apache.http.conn.HttpHostConnectException: Connect to localhost:8083 [localhost/127.0.0.1] failed: Connection refused (Connection refused)
	at org.sourcelab.kafka.connect.apiclient.KafkaConnectClientTest.testGetConnectorsWithExpandedStatus(KafkaConnectClientTest.java:98)
Caused by: java.net.ConnectException: Connection refused (Connection refused)
	at org.sourcelab.kafka.connect.apiclient.KafkaConnectClientTest.testGetConnectorsWithExpandedStatus(KafkaConnectClientTest.java:98)
</error>
  </testcase>
</testsuite>