<?xml version="1.0" encoding="UTF-8"?>
<testsuite xmlns:xsi="http://www.w3.org/2001/XMLSchema-instance" xsi:schemaLocation="https://maven.apache.org/surefire/maven-surefire-plugin/xsd/surefire-test-report.xsd" name="org.apache.commons.lang3.ValidateTest" time="0.002" tests="67" errors="0" skipped="0" failures="0">
  <properties>
    <property name="java.runtime.name" value="OpenJDK Runtime Environment"/>
    <property name="sun.boot.library.path" value="/usr/local/openjdk-8/jre/lib/amd64"/>
    <property name="java.vm.version" value="25.262-b10"/>
    <property name="animal.sniffer.skip" value="true"/>
    <property name="java.vm.vendor" value="Oracle Corporation"/>
    <property name="maven.multiModuleProjectDirectory" value="/tmp/tmptftfbpen/commons-lang"/>
    <property name="maven.javadoc.skip" value="true"/>
    <property name="java.vendor.url" value="http://java.oracle.com/"/>
    <property name="path.separator" value=":"/>
    <property name="guice.disable.misplaced.annotation.check" value="true"/>
    <property name="java.vm.name" value="OpenJDK 64-Bit Server VM"/>
    <property name="file.encoding.pkg" value="sun.io"/>
    <property name="sun.java.launcher" value="SUN_STANDARD"/>
    <property name="sun.os.patch.level" value="unknown"/>
    <property name="source.skip" value="true"/>
    <property name="java.vm.specification.name" value="Java Virtual Machine Specification"/>
    <property name="user.dir" value="/tmp/tmptftfbpen/commons-lang"/>
    <property name="java.runtime.version" value="1.8.0_262-b10"/>
    <property name="java.awt.graphicsenv" value="sun.awt.X11GraphicsEnvironment"/>
    <property name="java.endorsed.dirs" value="/usr/local/openjdk-8/jre/lib/endorsed"/>
    <property name="os.arch" value="amd64"/>
    <property name="java.io.tmpdir" value="/tmp"/>
    <property name="line.separator" value="&#10;"/>
    <property name="java.vm.specification.vendor" value="Oracle Corporation"/>
    <property name="os.name" value="Linux"/>
    <property name="classworlds.conf" value="/usr/share/maven/bin/m2.conf"/>
    <property name="maven.test.error.ignore" value="true"/>
    <property name="sun.jnu.encoding" value="UTF-8"/>
    <property name="java.library.path" value="/usr/java/packages/lib/amd64:/usr/lib64:/lib64:/lib:/usr/lib"/>
    <property name="license.skip" value="true"/>
    <property name="maven.conf" value="/usr/share/maven/conf"/>
    <property name="java.specification.name" value="Java Platform API Specification"/>
    <property name="java.class.version" value="52.0"/>
    <property name="sun.management.compiler" value="HotSpot 64-Bit Tiered Compilers"/>
    <property name="maven.test.failure.ignore" value="true"/>
    <property name="os.version" value="4.15.0-109-generic"/>
    <property name="library.jansi.path" value="/usr/share/maven/lib/jansi-native"/>
    <property name="user.home" value="/home/jdbl"/>
    <property name="user.timezone" value="Etc/UTC"/>
    <property name="java.awt.printerjob" value="sun.print.PSPrinterJob"/>
    <property name="java.specification.version" value="1.8"/>
    <property name="file.encoding" value="UTF-8"/>
    <property name="user.name" value="jdbl"/>
    <property name="java.class.path" value="/usr/share/maven/boot/plexus-classworlds-2.6.0.jar"/>
    <property name="java.vm.specification.version" value="1.8"/>
    <property name="sun.arch.data.model" value="64"/>
    <property name="java.home" value="/usr/local/openjdk-8/jre"/>
    <property name="sun.java.command" value="org.codehaus.plexus.classworlds.launcher.Launcher package -e --fail-never -ntp -Dmaven.test.error.ignore=true -Dmaven.test.failure.ignore=true -B -Dmaven.javadoc.skip=true -Drat.skip=true -Danimal.sniffer.skip=true -Dmaven.javadoc.skip=true -Dlicense.skip=true -Dsource.skip=true"/>
    <property name="java.specification.vendor" value="Oracle Corporation"/>
    <property name="user.language" value="en"/>
    <property name="awt.toolkit" value="sun.awt.X11.XToolkit"/>
    <property name="java.vm.info" value="mixed mode"/>
    <property name="java.version" value="1.8.0_262"/>
    <property name="java.ext.dirs" value="/usr/local/openjdk-8/jre/lib/ext:/usr/java/packages/lib/ext"/>
    <property name="securerandom.source" value="file:/dev/./urandom"/>
    <property name="sun.boot.class.path" value="/usr/local/openjdk-8/jre/lib/resources.jar:/usr/local/openjdk-8/jre/lib/rt.jar:/usr/local/openjdk-8/jre/lib/sunrsasign.jar:/usr/local/openjdk-8/jre/lib/jsse.jar:/usr/local/openjdk-8/jre/lib/jce.jar:/usr/local/openjdk-8/jre/lib/charsets.jar:/usr/local/openjdk-8/jre/lib/jfr.jar:/usr/local/openjdk-8/jre/classes"/>
    <property name="java.vendor" value="Oracle Corporation"/>
    <property name="rat.skip" value="true"/>
    <property name="maven.home" value="/usr/share/maven"/>
    <property name="file.separator" value="/"/>
    <property name="java.vendor.url.bug" value="http://bugreport.sun.com/bugreport/"/>
    <property name="sun.cpu.endian" value="little"/>
    <property name="sun.io.unicode.encoding" value="UnicodeLittle"/>
    <property name="sun.cpu.isalist" value=""/>
  </properties>
  <testcase name="testNotBlankNotBlankStringWithNewlinesShouldNotThrow" classname="org.apache.commons.lang3.ValidateTest" time="0"/>
  <testcase name="testNotNull1" classname="org.apache.commons.lang3.ValidateTest" time="0"/>
  <testcase name="testNotNull2" classname="org.apache.commons.lang3.ValidateTest" time="0"/>
  <testcase name="testNotBlankNullStringShouldThrow" classname="org.apache.commons.lang3.ValidateTest" time="0"/>
  <testcase name="testNotBlankMsgEmptyStringShouldThrow" classname="org.apache.commons.lang3.ValidateTest" time="0"/>
  <testcase name="testIsAssignableExceptionMessage" classname="org.apache.commons.lang3.ValidateTest" time="0"/>
  <testcase name="testValidIndex_array" classname="org.apache.commons.lang3.ValidateTest" time="0"/>
  <testcase name="testExclusiveBetweenDouble" classname="org.apache.commons.lang3.ValidateTest" time="0"/>
  <testcase name="testFinite1" classname="org.apache.commons.lang3.ValidateTest" time="0"/>
  <testcase name="testFinite2" classname="org.apache.commons.lang3.ValidateTest" time="0"/>
  <testcase name="testNotBlankMsgBlankStringShouldThrow" classname="org.apache.commons.lang3.ValidateTest" time="0"/>
  <testcase name="testValidIndex_charSequence" classname="org.apache.commons.lang3.ValidateTest" time="0"/>
  <testcase name="testValidIndex_withMessage_collection" classname="org.apache.commons.lang3.ValidateTest" time="0"/>
  <testcase name="testNotBlankReturnValues1" classname="org.apache.commons.lang3.ValidateTest" time="0"/>
  <testcase name="testNotBlankReturnValues2" classname="org.apache.commons.lang3.ValidateTest" time="0"/>
  <testcase name="testInclusiveBetween_withMessage" classname="org.apache.commons.lang3.ValidateTest" time="0"/>
  <testcase name="testMatchesPattern" classname="org.apache.commons.lang3.ValidateTest" time="0"/>
  <testcase name="testNotEmptyMap1" classname="org.apache.commons.lang3.ValidateTest" time="0"/>
  <testcase name="testNotEmptyMap2" classname="org.apache.commons.lang3.ValidateTest" time="0"/>
  <testcase name="testInclusiveBetweenLong" classname="org.apache.commons.lang3.ValidateTest" time="0"/>
  <testcase name="testIsInstanceOf" classname="org.apache.commons.lang3.ValidateTest" time="0"/>
  <testcase name="testIsInstanceOf_withMessageArgs" classname="org.apache.commons.lang3.ValidateTest" time="0"/>
  <testcase name="testValidIndex_withMessage_charSequence" classname="org.apache.commons.lang3.ValidateTest" time="0"/>
  <testcase name="testNotBlankBlankStringWithNewlinesShouldThrow" classname="org.apache.commons.lang3.ValidateTest" time="0"/>
  <testcase name="testNotBlankMsgNotBlankStringWithWhitespacesShouldNotThrow" classname="org.apache.commons.lang3.ValidateTest" time="0"/>
  <testcase name="testNotBlankNotBlankStringShouldNotThrow" classname="org.apache.commons.lang3.ValidateTest" time="0"/>
  <testcase name="testIsAssignable" classname="org.apache.commons.lang3.ValidateTest" time="0"/>
  <testcase name="testExclusiveBetweenLong_withMessage" classname="org.apache.commons.lang3.ValidateTest" time="0"/>
  <testcase name="testNotBlankMsgNotBlankStringShouldNotThrow" classname="org.apache.commons.lang3.ValidateTest" time="0"/>
  <testcase name="testValidIndex_withMessage_array" classname="org.apache.commons.lang3.ValidateTest" time="0"/>
  <testcase name="testNoNullElementsCollection1" classname="org.apache.commons.lang3.ValidateTest" time="0"/>
  <testcase name="testNoNullElementsCollection2" classname="org.apache.commons.lang3.ValidateTest" time="0"/>
  <testcase name="testExclusiveBetween" classname="org.apache.commons.lang3.ValidateTest" time="0"/>
  <testcase name="testInclusiveBetween" classname="org.apache.commons.lang3.ValidateTest" time="0"/>
  <testcase name="testNotBlankEmptyStringShouldThrow" classname="org.apache.commons.lang3.ValidateTest" time="0"/>
  <testcase name="testExclusiveBetweenDouble_withMessage" classname="org.apache.commons.lang3.ValidateTest" time="0"/>
  <testcase name="testNotBlankMsgNullStringShouldThrow" classname="org.apache.commons.lang3.ValidateTest" time="0"/>
  <testcase name="testNotBlankMsgNotBlankStringWithNewlinesShouldNotThrow" classname="org.apache.commons.lang3.ValidateTest" time="0"/>
  <testcase name="testIsAssignable_withMessage" classname="org.apache.commons.lang3.ValidateTest" time="0"/>
  <testcase name="testNotEmptyString1" classname="org.apache.commons.lang3.ValidateTest" time="0"/>
  <testcase name="testNotEmptyString2" classname="org.apache.commons.lang3.ValidateTest" time="0"/>
  <testcase name="testNotEmptyCollection1" classname="org.apache.commons.lang3.ValidateTest" time="0"/>
  <testcase name="testNotEmptyCollection2" classname="org.apache.commons.lang3.ValidateTest" time="0"/>
  <testcase name="testInclusiveBetweenDouble_withMessage" classname="org.apache.commons.lang3.ValidateTest" time="0"/>
  <testcase name="testNotBlankMsgBlankStringWithWhitespacesShouldThrow" classname="org.apache.commons.lang3.ValidateTest" time="0"/>
  <testcase name="testNotEmptyArray1" classname="org.apache.commons.lang3.ValidateTest" time="0"/>
  <testcase name="testNotEmptyArray2" classname="org.apache.commons.lang3.ValidateTest" time="0"/>
  <testcase name="testValidIndex_collection" classname="org.apache.commons.lang3.ValidateTest" time="0.001"/>
  <testcase name="testMatchesPattern_withMessage" classname="org.apache.commons.lang3.ValidateTest" time="0"/>
  <testcase name="testInclusiveBetweenDouble" classname="org.apache.commons.lang3.ValidateTest" time="0"/>
  <testcase name="testInclusiveBetweenLong_withMessage" classname="org.apache.commons.lang3.ValidateTest" time="0"/>
  <testcase name="testNotBlankNotBlankStringWithWhitespacesShouldNotThrow" classname="org.apache.commons.lang3.ValidateTest" time="0"/>
  <testcase name="testExclusiveBetweenLong" classname="org.apache.commons.lang3.ValidateTest" time="0"/>
  <testcase name="testIsInstanceOfExceptionMessage" classname="org.apache.commons.lang3.ValidateTest" time="0"/>
  <testcase name="testIsTrue1" classname="org.apache.commons.lang3.ValidateTest" time="0"/>
  <testcase name="testIsTrue2" classname="org.apache.commons.lang3.ValidateTest" time="0"/>
  <testcase name="testIsTrue3" classname="org.apache.commons.lang3.ValidateTest" time="0"/>
  <testcase name="testIsTrue4" classname="org.apache.commons.lang3.ValidateTest" time="0"/>
  <testcase name="testIsTrue5" classname="org.apache.commons.lang3.ValidateTest" time="0"/>
  <testcase name="testExclusiveBetween_withMessage" classname="org.apache.commons.lang3.ValidateTest" time="0"/>
  <testcase name="testNotNaN1" classname="org.apache.commons.lang3.ValidateTest" time="0"/>
  <testcase name="testNotNaN2" classname="org.apache.commons.lang3.ValidateTest" time="0"/>
  <testcase name="testNotBlankBlankStringWithWhitespacesShouldThrow" classname="org.apache.commons.lang3.ValidateTest" time="0"/>
  <testcase name="testConstructor" classname="org.apache.commons.lang3.ValidateTest" time="0"/>
  <testcase name="testIsInstanceOf_withMessage" classname="org.apache.commons.lang3.ValidateTest" time="0"/>
  <testcase name="testNoNullElementsArray1" classname="org.apache.commons.lang3.ValidateTest" time="0"/>
  <testcase name="testNoNullElementsArray2" classname="org.apache.commons.lang3.ValidateTest" time="0"/>
</testsuite>