<?xml version="1.0" encoding="UTF-8"?>
<testsuite xmlns:xsi="http://www.w3.org/2001/XMLSchema-instance" xsi:noNamespaceSchemaLocation="https://maven.apache.org/surefire/maven-surefire-plugin/xsd/surefire-test-report.xsd" name="org.apache.commons.configuration2.tree.xpath.TestXPathContextFactory" time="0.001" tests="1" errors="0" skipped="0" failures="0">
  <properties>
    <property name="awt.toolkit" value="sun.awt.X11.XToolkit"/>
    <property name="maven.test.error.ignore" value="true"/>
    <property name="file.encoding.pkg" value="sun.io"/>
    <property name="java.specification.version" value="1.8"/>
    <property name="sun.cpu.isalist" value=""/>
    <property name="sun.jnu.encoding" value="UTF-8"/>
    <property name="java.class.path" value="/tmp/tmpbu48gepj/commons-configuration/target/test-classes:/tmp/tmpbu48gepj/commons-configuration/target/classes:/home/jdbl/.m2/repository/org/apache/commons/commons-lang3/3.9/commons-lang3-3.9.jar:/home/jdbl/.m2/repository/org/apache/commons/commons-text/1.8/commons-text-1.8.jar:/home/jdbl/.m2/repository/commons-logging/commons-logging/1.2/commons-logging-1.2.jar:/home/jdbl/.m2/repository/commons-beanutils/commons-beanutils/1.9.4/commons-beanutils-1.9.4.jar:/home/jdbl/.m2/repository/commons-collections/commons-collections/3.2.2/commons-collections-3.2.2.jar:/home/jdbl/.m2/repository/commons-codec/commons-codec/1.14/commons-codec-1.14.jar:/home/jdbl/.m2/repository/org/apache/commons/commons-jexl/2.1.1/commons-jexl-2.1.1.jar:/home/jdbl/.m2/repository/org/apache/commons/commons-vfs2/2.6.0/commons-vfs2-2.6.0.jar:/home/jdbl/.m2/repository/org/apache/hadoop/hadoop-hdfs-client/3.2.1/hadoop-hdfs-client-3.2.1.jar:/home/jdbl/.m2/repository/com/squareup/okhttp/okhttp/2.7.5/okhttp-2.7.5.jar:/home/jdbl/.m2/repository/com/squareup/okio/okio/1.6.0/okio-1.6.0.jar:/home/jdbl/.m2/repository/commons-jxpath/commons-jxpath/1.3/commons-jxpath-1.3.jar:/home/jdbl/.m2/repository/xml-resolver/xml-resolver/1.2/xml-resolver-1.2.jar:/home/jdbl/.m2/repository/org/springframework/spring-core/4.3.26.RELEASE/spring-core-4.3.26.RELEASE.jar:/home/jdbl/.m2/repository/org/springframework/spring-beans/4.3.26.RELEASE/spring-beans-4.3.26.RELEASE.jar:/home/jdbl/.m2/repository/org/springframework/spring-context/4.3.26.RELEASE/spring-context-4.3.26.RELEASE.jar:/home/jdbl/.m2/repository/org/springframework/spring-aop/4.3.26.RELEASE/spring-aop-4.3.26.RELEASE.jar:/home/jdbl/.m2/repository/org/springframework/spring-expression/4.3.26.RELEASE/spring-expression-4.3.26.RELEASE.jar:/home/jdbl/.m2/repository/org/springframework/spring-test/4.3.26.RELEASE/spring-test-4.3.26.RELEASE.jar:/home/jdbl/.m2/repository/javax/servlet/servlet-api/2.4/servlet-api-2.4.jar:/home/jdbl/.m2/repository/org/yaml/snakeyaml/1.26/snakeyaml-1.26.jar:/home/jdbl/.m2/repository/com/fasterxml/jackson/core/jackson-databind/2.10.3/jackson-databind-2.10.3.jar:/home/jdbl/.m2/repository/com/fasterxml/jackson/core/jackson-annotations/2.10.3/jackson-annotations-2.10.3.jar:/home/jdbl/.m2/repository/com/fasterxml/jackson/core/jackson-core/2.10.3/jackson-core-2.10.3.jar:/home/jdbl/.m2/repository/org/apache/commons/commons-dbcp2/2.7.0/commons-dbcp2-2.7.0.jar:/home/jdbl/.m2/repository/org/apache/commons/commons-pool2/2.8.0/commons-pool2-2.8.0.jar:/home/jdbl/.m2/repository/org/hsqldb/hsqldb/2.5.0/hsqldb-2.5.0.jar:/home/jdbl/.m2/repository/org/dbunit/dbunit/2.7.0/dbunit-2.7.0.jar:/home/jdbl/.m2/repository/org/apache/poi/poi-ooxml/3.17/poi-ooxml-3.17.jar:/home/jdbl/.m2/repository/org/apache/poi/poi/3.17/poi-3.17.jar:/home/jdbl/.m2/repository/org/apache/commons/commons-collections4/4.1/commons-collections4-4.1.jar:/home/jdbl/.m2/repository/org/apache/poi/poi-ooxml-schemas/3.17/poi-ooxml-schemas-3.17.jar:/home/jdbl/.m2/repository/org/apache/xmlbeans/xmlbeans/2.6.0/xmlbeans-2.6.0.jar:/home/jdbl/.m2/repository/stax/stax-api/1.0.1/stax-api-1.0.1.jar:/home/jdbl/.m2/repository/com/github/virtuald/curvesapi/1.04/curvesapi-1.04.jar:/home/jdbl/.m2/repository/org/postgresql/postgresql/42.2.5/postgresql-42.2.5.jar:/home/jdbl/.m2/repository/junit/junit/4.13/junit-4.13.jar:/home/jdbl/.m2/repository/org/hamcrest/hamcrest-core/1.3/hamcrest-core-1.3.jar:/home/jdbl/.m2/repository/junit-addons/junit-addons/1.4/junit-addons-1.4.jar:/home/jdbl/.m2/repository/mockobjects/mockobjects-core/0.09/mockobjects-core-0.09.jar:/home/jdbl/.m2/repository/mockobjects/mockobjects-jdk1.4-j2ee1.3/0.09/mockobjects-jdk1.4-j2ee1.3-0.09.jar:/home/jdbl/.m2/repository/org/easymock/easymock/4.2/easymock-4.2.jar:/home/jdbl/.m2/repository/org/objenesis/objenesis/3.1/objenesis-3.1.jar:/home/jdbl/.m2/repository/com/sun/mail/mailapi/1.6.4/mailapi-1.6.4.jar:/home/jdbl/.m2/repository/com/sun/activation/jakarta.activation/1.2.1/jakarta.activation-1.2.1.jar:/home/jdbl/.m2/repository/log4j/log4j/1.2.17/log4j-1.2.17.jar:/home/jdbl/.m2/repository/org/slf4j/slf4j-api/1.7.26/slf4j-api-1.7.26.jar:/home/jdbl/.m2/repository/org/slf4j/slf4j-ext/1.7.26/slf4j-ext-1.7.26.jar:/home/jdbl/.m2/repository/org/slf4j/slf4j-log4j12/1.7.26/slf4j-log4j12-1.7.26.jar:/home/jdbl/.m2/repository/org/slf4j/slf4j-nop/1.7.26/slf4j-nop-1.7.26.jar:"/>
    <property name="java.vm.vendor" value="Oracle Corporation"/>
    <property name="maven.javadoc.skip" value="true"/>
    <property name="sun.arch.data.model" value="64"/>
    <property name="java.vendor.url" value="http://java.oracle.com/"/>
    <property name="user.timezone" value=""/>
    <property name="java.vm.specification.version" value="1.8"/>
    <property name="os.name" value="Linux"/>
    <property name="rat.skip" value="true"/>
    <property name="sun.java.launcher" value="SUN_STANDARD"/>
    <property name="sun.boot.library.path" value="/usr/local/openjdk-8/jre/lib/amd64"/>
    <property name="sun.java.command" value="/tmp/tmpbu48gepj/commons-configuration/target/surefire/surefirebooter249061572587149378.jar /tmp/tmpbu48gepj/commons-configuration/target/surefire 2020-07-30T17-12-23_620-jvmRun1 surefire4080103363602044052tmp surefire_01609774272144964253tmp"/>
    <property name="surefire.test.class.path" value="/tmp/tmpbu48gepj/commons-configuration/target/test-classes:/tmp/tmpbu48gepj/commons-configuration/target/classes:/home/jdbl/.m2/repository/org/apache/commons/commons-lang3/3.9/commons-lang3-3.9.jar:/home/jdbl/.m2/repository/org/apache/commons/commons-text/1.8/commons-text-1.8.jar:/home/jdbl/.m2/repository/commons-logging/commons-logging/1.2/commons-logging-1.2.jar:/home/jdbl/.m2/repository/commons-beanutils/commons-beanutils/1.9.4/commons-beanutils-1.9.4.jar:/home/jdbl/.m2/repository/commons-collections/commons-collections/3.2.2/commons-collections-3.2.2.jar:/home/jdbl/.m2/repository/commons-codec/commons-codec/1.14/commons-codec-1.14.jar:/home/jdbl/.m2/repository/org/apache/commons/commons-jexl/2.1.1/commons-jexl-2.1.1.jar:/home/jdbl/.m2/repository/org/apache/commons/commons-vfs2/2.6.0/commons-vfs2-2.6.0.jar:/home/jdbl/.m2/repository/org/apache/hadoop/hadoop-hdfs-client/3.2.1/hadoop-hdfs-client-3.2.1.jar:/home/jdbl/.m2/repository/com/squareup/okhttp/okhttp/2.7.5/okhttp-2.7.5.jar:/home/jdbl/.m2/repository/com/squareup/okio/okio/1.6.0/okio-1.6.0.jar:/home/jdbl/.m2/repository/commons-jxpath/commons-jxpath/1.3/commons-jxpath-1.3.jar:/home/jdbl/.m2/repository/xml-resolver/xml-resolver/1.2/xml-resolver-1.2.jar:/home/jdbl/.m2/repository/org/springframework/spring-core/4.3.26.RELEASE/spring-core-4.3.26.RELEASE.jar:/home/jdbl/.m2/repository/org/springframework/spring-beans/4.3.26.RELEASE/spring-beans-4.3.26.RELEASE.jar:/home/jdbl/.m2/repository/org/springframework/spring-context/4.3.26.RELEASE/spring-context-4.3.26.RELEASE.jar:/home/jdbl/.m2/repository/org/springframework/spring-aop/4.3.26.RELEASE/spring-aop-4.3.26.RELEASE.jar:/home/jdbl/.m2/repository/org/springframework/spring-expression/4.3.26.RELEASE/spring-expression-4.3.26.RELEASE.jar:/home/jdbl/.m2/repository/org/springframework/spring-test/4.3.26.RELEASE/spring-test-4.3.26.RELEASE.jar:/home/jdbl/.m2/repository/javax/servlet/servlet-api/2.4/servlet-api-2.4.jar:/home/jdbl/.m2/repository/org/yaml/snakeyaml/1.26/snakeyaml-1.26.jar:/home/jdbl/.m2/repository/com/fasterxml/jackson/core/jackson-databind/2.10.3/jackson-databind-2.10.3.jar:/home/jdbl/.m2/repository/com/fasterxml/jackson/core/jackson-annotations/2.10.3/jackson-annotations-2.10.3.jar:/home/jdbl/.m2/repository/com/fasterxml/jackson/core/jackson-core/2.10.3/jackson-core-2.10.3.jar:/home/jdbl/.m2/repository/org/apache/commons/commons-dbcp2/2.7.0/commons-dbcp2-2.7.0.jar:/home/jdbl/.m2/repository/org/apache/commons/commons-pool2/2.8.0/commons-pool2-2.8.0.jar:/home/jdbl/.m2/repository/org/hsqldb/hsqldb/2.5.0/hsqldb-2.5.0.jar:/home/jdbl/.m2/repository/org/dbunit/dbunit/2.7.0/dbunit-2.7.0.jar:/home/jdbl/.m2/repository/org/apache/poi/poi-ooxml/3.17/poi-ooxml-3.17.jar:/home/jdbl/.m2/repository/org/apache/poi/poi/3.17/poi-3.17.jar:/home/jdbl/.m2/repository/org/apache/commons/commons-collections4/4.1/commons-collections4-4.1.jar:/home/jdbl/.m2/repository/org/apache/poi/poi-ooxml-schemas/3.17/poi-ooxml-schemas-3.17.jar:/home/jdbl/.m2/repository/org/apache/xmlbeans/xmlbeans/2.6.0/xmlbeans-2.6.0.jar:/home/jdbl/.m2/repository/stax/stax-api/1.0.1/stax-api-1.0.1.jar:/home/jdbl/.m2/repository/com/github/virtuald/curvesapi/1.04/curvesapi-1.04.jar:/home/jdbl/.m2/repository/org/postgresql/postgresql/42.2.5/postgresql-42.2.5.jar:/home/jdbl/.m2/repository/junit/junit/4.13/junit-4.13.jar:/home/jdbl/.m2/repository/org/hamcrest/hamcrest-core/1.3/hamcrest-core-1.3.jar:/home/jdbl/.m2/repository/junit-addons/junit-addons/1.4/junit-addons-1.4.jar:/home/jdbl/.m2/repository/mockobjects/mockobjects-core/0.09/mockobjects-core-0.09.jar:/home/jdbl/.m2/repository/mockobjects/mockobjects-jdk1.4-j2ee1.3/0.09/mockobjects-jdk1.4-j2ee1.3-0.09.jar:/home/jdbl/.m2/repository/org/easymock/easymock/4.2/easymock-4.2.jar:/home/jdbl/.m2/repository/org/objenesis/objenesis/3.1/objenesis-3.1.jar:/home/jdbl/.m2/repository/com/sun/mail/mailapi/1.6.4/mailapi-1.6.4.jar:/home/jdbl/.m2/repository/com/sun/activation/jakarta.activation/1.2.1/jakarta.activation-1.2.1.jar:/home/jdbl/.m2/repository/log4j/log4j/1.2.17/log4j-1.2.17.jar:/home/jdbl/.m2/repository/org/slf4j/slf4j-api/1.7.26/slf4j-api-1.7.26.jar:/home/jdbl/.m2/repository/org/slf4j/slf4j-ext/1.7.26/slf4j-ext-1.7.26.jar:/home/jdbl/.m2/repository/org/slf4j/slf4j-log4j12/1.7.26/slf4j-log4j12-1.7.26.jar:/home/jdbl/.m2/repository/org/slf4j/slf4j-nop/1.7.26/slf4j-nop-1.7.26.jar:"/>
    <property name="sun.cpu.endian" value="little"/>
    <property name="user.home" value="/home/jdbl"/>
    <property name="user.language" value="en"/>
    <property name="java.specification.vendor" value="Oracle Corporation"/>
    <property name="java.home" value="/usr/local/openjdk-8/jre"/>
    <property name="basedir" value="/tmp/tmpbu48gepj/commons-configuration"/>
    <property name="file.separator" value="/"/>
    <property name="line.separator" value="&#10;"/>
    <property name="source.skip" value="true"/>
    <property name="java.vm.specification.vendor" value="Oracle Corporation"/>
    <property name="java.specification.name" value="Java Platform API Specification"/>
    <property name="java.awt.graphicsenv" value="sun.awt.X11GraphicsEnvironment"/>
    <property name="java.awt.headless" value="true"/>
    <property name="surefire.real.class.path" value="/tmp/tmpbu48gepj/commons-configuration/target/surefire/surefirebooter249061572587149378.jar"/>
    <property name="sun.boot.class.path" value="/usr/local/openjdk-8/jre/lib/resources.jar:/usr/local/openjdk-8/jre/lib/rt.jar:/usr/local/openjdk-8/jre/lib/sunrsasign.jar:/usr/local/openjdk-8/jre/lib/jsse.jar:/usr/local/openjdk-8/jre/lib/jce.jar:/usr/local/openjdk-8/jre/lib/charsets.jar:/usr/local/openjdk-8/jre/lib/jfr.jar:/usr/local/openjdk-8/jre/classes"/>
    <property name="sun.management.compiler" value="HotSpot 64-Bit Tiered Compilers"/>
    <property name="java.runtime.version" value="1.8.0_262-b10"/>
    <property name="user.name" value="jdbl"/>
    <property name="path.separator" value=":"/>
    <property name="os.version" value="4.15.0-109-generic"/>
    <property name="java.endorsed.dirs" value="/usr/local/openjdk-8/jre/lib/endorsed"/>
    <property name="java.runtime.name" value="OpenJDK Runtime Environment"/>
    <property name="file.encoding" value="UTF-8"/>
    <property name="java.vm.name" value="OpenJDK 64-Bit Server VM"/>
    <property name="localRepository" value="/home/jdbl/.m2/repository"/>
    <property name="java.vendor.url.bug" value="http://bugreport.sun.com/bugreport/"/>
    <property name="java.io.tmpdir" value="/tmp"/>
    <property name="java.version" value="1.8.0_262"/>
    <property name="user.dir" value="/tmp/tmpbu48gepj/commons-configuration"/>
    <property name="os.arch" value="amd64"/>
    <property name="license.skip" value="true"/>
    <property name="animal.sniffer.skip" value="true"/>
    <property name="java.vm.specification.name" value="Java Virtual Machine Specification"/>
    <property name="java.awt.printerjob" value="sun.print.PSPrinterJob"/>
    <property name="sun.os.patch.level" value="unknown"/>
    <property name="java.library.path" value="/usr/java/packages/lib/amd64:/usr/lib64:/lib64:/lib:/usr/lib"/>
    <property name="java.vm.info" value="mixed mode"/>
    <property name="java.vendor" value="Oracle Corporation"/>
    <property name="java.vm.version" value="25.262-b10"/>
    <property name="java.ext.dirs" value="/usr/local/openjdk-8/jre/lib/ext:/usr/java/packages/lib/ext"/>
    <property name="sun.io.unicode.encoding" value="UnicodeLittle"/>
    <property name="org.apache.commons.logging.Log" value="org.apache.commons.configuration2.Logging"/>
    <property name="java.class.version" value="52.0"/>
    <property name="maven.test.failure.ignore" value="true"/>
  </properties>
  <testcase name="testCreateContext" classname="org.apache.commons.configuration2.tree.xpath.TestXPathContextFactory" time="0"/>
</testsuite>