<?xml version="1.0" encoding="UTF-8"?>
<testsuite xmlns:xsi="http://www.w3.org/2001/XMLSchema-instance" xsi:schemaLocation="https://maven.apache.org/surefire/maven-surefire-plugin/xsd/surefire-test-report.xsd" name="org.kohsuke.github.AppTest" time="16.605" tests="62" errors="0" skipped="14" failures="0">
  <properties>
    <property name="java.runtime.name" value="OpenJDK Runtime Environment"/>
    <property name="sun.boot.library.path" value="/usr/local/openjdk-8/jre/lib/amd64"/>
    <property name="java.vm.version" value="25.262-b10"/>
    <property name="animal.sniffer.skip" value="true"/>
    <property name="java.vm.vendor" value="Oracle Corporation"/>
    <property name="maven.multiModuleProjectDirectory" value="/tmp/tmpystko4sc/github-api"/>
    <property name="maven.javadoc.skip" value="true"/>
    <property name="java.vendor.url" value="http://java.oracle.com/"/>
    <property name="path.separator" value=":"/>
    <property name="guice.disable.misplaced.annotation.check" value="true"/>
    <property name="java.vm.name" value="OpenJDK 64-Bit Server VM"/>
    <property name="file.encoding.pkg" value="sun.io"/>
    <property name="sun.java.launcher" value="SUN_STANDARD"/>
    <property name="sun.os.patch.level" value="unknown"/>
    <property name="source.skip" value="true"/>
    <property name="java.vm.specification.name" value="Java Virtual Machine Specification"/>
    <property name="user.dir" value="/tmp/tmpystko4sc/github-api"/>
    <property name="java.runtime.version" value="1.8.0_262-b10"/>
    <property name="java.awt.graphicsenv" value="sun.awt.X11GraphicsEnvironment"/>
    <property name="java.endorsed.dirs" value="/usr/local/openjdk-8/jre/lib/endorsed"/>
    <property name="os.arch" value="amd64"/>
    <property name="java.io.tmpdir" value="/tmp"/>
    <property name="line.separator" value="&#10;"/>
    <property name="java.vm.specification.vendor" value="Oracle Corporation"/>
    <property name="os.name" value="Linux"/>
    <property name="classworlds.conf" value="/usr/share/maven/bin/m2.conf"/>
    <property name="sun.jnu.encoding" value="UTF-8"/>
    <property name="java.library.path" value="/usr/java/packages/lib/amd64:/usr/lib64:/lib64:/lib:/usr/lib"/>
    <property name="license.skip" value="true"/>
    <property name="maven.conf" value="/usr/share/maven/conf"/>
    <property name="java.specification.name" value="Java Platform API Specification"/>
    <property name="java.class.version" value="52.0"/>
    <property name="sun.management.compiler" value="HotSpot 64-Bit Tiered Compilers"/>
    <property name="maven.test.failure.ignore" value="true"/>
    <property name="os.version" value="4.15.0-109-generic"/>
    <property name="library.jansi.path" value="/usr/share/maven/lib/jansi-native"/>
    <property name="user.home" value="/home/jdbl"/>
    <property name="user.timezone" value="Etc/UTC"/>
    <property name="java.awt.printerjob" value="sun.print.PSPrinterJob"/>
    <property name="java.specification.version" value="1.8"/>
    <property name="file.encoding" value="UTF-8"/>
    <property name="user.name" value="jdbl"/>
    <property name="java.class.path" value="/usr/share/maven/boot/plexus-classworlds-2.6.0.jar"/>
    <property name="java.vm.specification.version" value="1.8"/>
    <property name="sun.arch.data.model" value="64"/>
    <property name="java.home" value="/usr/local/openjdk-8/jre"/>
    <property name="sun.java.command" value="org.codehaus.plexus.classworlds.launcher.Launcher test -e --fail-never -ntp -Dmaven.test.failure.ignore=true -B -Dmaven.javadoc.skip=true -Drat.skip=true -Danimal.sniffer.skip=true -Dmaven.javadoc.skip=true -Dlicense.skip=true -Dsource.skip=true"/>
    <property name="java.specification.vendor" value="Oracle Corporation"/>
    <property name="user.language" value="en"/>
    <property name="awt.toolkit" value="sun.awt.X11.XToolkit"/>
    <property name="java.vm.info" value="mixed mode"/>
    <property name="java.version" value="1.8.0_262"/>
    <property name="java.ext.dirs" value="/usr/local/openjdk-8/jre/lib/ext:/usr/java/packages/lib/ext"/>
    <property name="securerandom.source" value="file:/dev/./urandom"/>
    <property name="sun.boot.class.path" value="/usr/local/openjdk-8/jre/lib/resources.jar:/usr/local/openjdk-8/jre/lib/rt.jar:/usr/local/openjdk-8/jre/lib/sunrsasign.jar:/usr/local/openjdk-8/jre/lib/jsse.jar:/usr/local/openjdk-8/jre/lib/jce.jar:/usr/local/openjdk-8/jre/lib/charsets.jar:/usr/local/openjdk-8/jre/lib/jfr.jar:/usr/local/openjdk-8/jre/classes"/>
    <property name="java.vendor" value="Oracle Corporation"/>
    <property name="rat.skip" value="true"/>
    <property name="maven.home" value="/usr/share/maven"/>
    <property name="file.separator" value="/"/>
    <property name="java.vendor.url.bug" value="http://bugreport.sun.com/bugreport/"/>
    <property name="sun.cpu.endian" value="little"/>
    <property name="sun.io.unicode.encoding" value="UnicodeLittle"/>
    <property name="sun.cpu.isalist" value=""/>
  </properties>
  <testcase name="testOrganization" classname="org.kohsuke.github.AppTest" time="4.785"/>
  <testcase name="testTreesRecursive" classname="org.kohsuke.github.AppTest" time="0.215"/>
  <testcase name="testMemberOrgs" classname="org.kohsuke.github.AppTest" time="0.348"/>
  <testcase name="testMembership" classname="org.kohsuke.github.AppTest" time="0.142"/>
  <testcase name="directoryListing" classname="org.kohsuke.github.AppTest" time="0.173"/>
  <testcase name="testMyTeamsShouldIncludeMyself" classname="org.kohsuke.github.AppTest" time="0.748"/>
  <testcase name="testOrgFork" classname="org.kohsuke.github.AppTest" time="0.24"/>
  <testcase name="testApp" classname="org.kohsuke.github.AppTest" time="0">
    <skipped message="Needs mocking check"/>
  </testcase>
  <testcase name="testRef" classname="org.kohsuke.github.AppTest" time="0.087"/>
  <testcase name="testMyOrganizations" classname="org.kohsuke.github.AppTest" time="0.028"/>
  <testcase name="testCredentialValid" classname="org.kohsuke.github.AppTest" time="0.131"/>
  <testcase name="testShouldFetchTeamFromOrganization" classname="org.kohsuke.github.AppTest" time="0.303"/>
  <testcase name="testIssueWithNoComment" classname="org.kohsuke.github.AppTest" time="0.165"/>
  <testcase name="testTrees" classname="org.kohsuke.github.AppTest" time="0">
    <skipped message="Needs mocking check"/>
  </testcase>
  <testcase name="testCreateIssue" classname="org.kohsuke.github.AppTest" time="0.164"/>
  <testcase name="reactions" classname="org.kohsuke.github.AppTest" time="0.304"/>
  <testcase name="tryHook" classname="org.kohsuke.github.AppTest" time="0.162"/>
  <testcase name="listOrgMemberships" classname="org.kohsuke.github.AppTest" time="0.139"/>
  <testcase name="testFetchPullRequestAsList" classname="org.kohsuke.github.AppTest" time="0">
    <skipped message="Needs mocking check"/>
  </testcase>
  <testcase name="testMyOrganizationsContainMyTeams" classname="org.kohsuke.github.AppTest" time="0.119"/>
  <testcase name="testListIssues" classname="org.kohsuke.github.AppTest" time="0.599"/>
  <testcase name="testCommitComment" classname="org.kohsuke.github.AppTest" time="0.135"/>
  <testcase name="testCommitStatusContext" classname="org.kohsuke.github.AppTest" time="0">
    <skipped message="Needs mocking check"/>
  </testcase>
  <testcase name="testCheckMembership" classname="org.kohsuke.github.AppTest" time="0.127"/>
  <testcase name="testCredentialValidEnterprise" classname="org.kohsuke.github.AppTest" time="0.044"/>
  <testcase name="testFetchPullRequest" classname="org.kohsuke.github.AppTest" time="0">
    <skipped message="Needs mocking check"/>
  </testcase>
  <testcase name="testOrgRepositories" classname="org.kohsuke.github.AppTest" time="1.436"/>
  <testcase name="testAddDeployKey" classname="org.kohsuke.github.AppTest" time="0">
    <skipped message="Needs mocking check"/>
  </testcase>
  <testcase name="blob" classname="org.kohsuke.github.AppTest" time="0.105"/>
  <testcase name="testMemberPagenation" classname="org.kohsuke.github.AppTest" time="0">
    <skipped message="Needs mocking check"/>
  </testcase>
  <testcase name="testSubscribers" classname="org.kohsuke.github.AppTest" time="0.241"/>
  <testcase name="testRepoLabel" classname="org.kohsuke.github.AppTest" time="0.234"/>
  <testcase name="testRepoCRUD" classname="org.kohsuke.github.AppTest" time="0.498"/>
  <testcase name="testCommitSearch" classname="org.kohsuke.github.AppTest" time="0.49"/>
  <testcase name="testCommitStatus" classname="org.kohsuke.github.AppTest" time="0.076"/>
  <testcase name="testPullRequestPopulate" classname="org.kohsuke.github.AppTest" time="0">
    <skipped message="Needs mocking check"/>
  </testcase>
  <testcase name="testListCommits" classname="org.kohsuke.github.AppTest" time="0.062"/>
  <testcase name="checkToString" classname="org.kohsuke.github.AppTest" time="0">
    <skipped message="Needs mocking check"/>
  </testcase>
  <testcase name="testGetTeamsForRepo" classname="org.kohsuke.github.AppTest" time="0.083"/>
  <testcase name="testBranches" classname="org.kohsuke.github.AppTest" time="0">
    <skipped message="Needs mocking check"/>
  </testcase>
  <testcase name="testUserPublicOrganizationsWhenThereAreNone" classname="org.kohsuke.github.AppTest" time="0.063"/>
  <testcase name="testUserPublicOrganizationsWhenThereAreSome" classname="org.kohsuke.github.AppTest" time="0.106"/>
  <testcase name="testIssueSearch" classname="org.kohsuke.github.AppTest" time="0.457"/>
  <testcase name="testOrgTeamByName" classname="org.kohsuke.github.AppTest" time="0.153"/>
  <testcase name="testOrgTeamBySlug" classname="org.kohsuke.github.AppTest" time="0.139"/>
  <testcase name="testRateLimit" classname="org.kohsuke.github.AppTest" time="0.094"/>
  <testcase name="testCreateRelease" classname="org.kohsuke.github.AppTest" time="0">
    <skipped message="Needs mocking check"/>
  </testcase>
  <testcase name="testCommitShortInfo" classname="org.kohsuke.github.AppTest" time="0.108"/>
  <testcase name="testEventApi" classname="org.kohsuke.github.AppTest" time="0.483"/>
  <testcase name="testGetIssues" classname="org.kohsuke.github.AppTest" time="0.509"/>
  <testcase name="testPublicKeys" classname="org.kohsuke.github.AppTest" time="0">
    <skipped message="Needs mocking check"/>
  </testcase>
  <testcase name="testCommit" classname="org.kohsuke.github.AppTest" time="0.137"/>
  <testcase name="notifications" classname="org.kohsuke.github.AppTest" time="1.021"/>
  <testcase name="testGetMyself" classname="org.kohsuke.github.AppTest" time="0.123"/>
  <testcase name="testReadme" classname="org.kohsuke.github.AppTest" time="0.097"/>
  <testcase name="testCreateAndListDeployments" classname="org.kohsuke.github.AppTest" time="0.111"/>
  <testcase name="testRepoPermissions" classname="org.kohsuke.github.AppTest" time="0">
    <skipped message="Needs mocking check"/>
  </testcase>
  <testcase name="testShouldFetchTeam" classname="org.kohsuke.github.AppTest" time="0.115"/>
  <testcase name="testCreateCommitComment" classname="org.kohsuke.github.AppTest" time="0.174"/>
  <testcase name="testRepositoryWithAutoInitializationCRUD" classname="org.kohsuke.github.AppTest" time="0.086"/>
  <testcase name="testOrgTeams" classname="org.kohsuke.github.AppTest" time="0.044"/>
  <testcase name="testGetDeploymentStatuses" classname="org.kohsuke.github.AppTest" time="0">
    <skipped message="Needs mocking check"/>
  </testcase>
</testsuite>