<?xml version="1.0" encoding="UTF-8"?>
<testsuite name="io.vertx.ext.unit.TestSuiteNoEventLoopAsyncTest" time="1.373" tests="40" errors="0" skipped="0" failures="0">
  <properties>
    <property name="java.runtime.name" value="OpenJDK Runtime Environment"/>
    <property name="sun.boot.library.path" value="/usr/local/openjdk-8/jre/lib/amd64"/>
    <property name="java.vm.version" value="25.262-b10"/>
    <property name="animal.sniffer.skip" value="true"/>
    <property name="java.vm.vendor" value="Oracle Corporation"/>
    <property name="maven.multiModuleProjectDirectory" value="/tmp/tmpgoqk01ef/vertx-unit"/>
    <property name="maven.javadoc.skip" value="true"/>
    <property name="java.vendor.url" value="http://java.oracle.com/"/>
    <property name="path.separator" value=":"/>
    <property name="guice.disable.misplaced.annotation.check" value="true"/>
    <property name="java.util.logging.SimpleFormatter.format" value="%4$s: %3$s - %5$s %6$s%n"/>
    <property name="java.vm.name" value="OpenJDK 64-Bit Server VM"/>
    <property name="file.encoding.pkg" value="sun.io"/>
    <property name="sun.java.launcher" value="SUN_STANDARD"/>
    <property name="sun.os.patch.level" value="unknown"/>
    <property name="source.skip" value="true"/>
    <property name="java.vm.specification.name" value="Java Virtual Machine Specification"/>
    <property name="user.dir" value="/tmp/tmpgoqk01ef/vertx-unit"/>
    <property name="java.runtime.version" value="1.8.0_262-b10"/>
    <property name="java.awt.graphicsenv" value="sun.awt.X11GraphicsEnvironment"/>
    <property name="java.endorsed.dirs" value="/usr/local/openjdk-8/jre/lib/endorsed"/>
    <property name="os.arch" value="amd64"/>
    <property name="java.io.tmpdir" value="/tmp"/>
    <property name="line.separator" value="&#10;"/>
    <property name="java.vm.specification.vendor" value="Oracle Corporation"/>
    <property name="os.name" value="Linux"/>
    <property name="classworlds.conf" value="/usr/share/maven/bin/m2.conf"/>
    <property name="maven.test.error.ignore" value="true"/>
    <property name="sun.jnu.encoding" value="UTF-8"/>
    <property name="java.library.path" value="/usr/java/packages/lib/amd64:/usr/lib64:/lib64:/lib:/usr/lib"/>
    <property name="license.skip" value="true"/>
    <property name="maven.conf" value="/usr/share/maven/conf"/>
    <property name="java.specification.name" value="Java Platform API Specification"/>
    <property name="java.class.version" value="52.0"/>
    <property name="sun.management.compiler" value="HotSpot 64-Bit Tiered Compilers"/>
    <property name="maven.test.failure.ignore" value="true"/>
    <property name="os.version" value="4.15.0-109-generic"/>
    <property name="library.jansi.path" value="/usr/share/maven/lib/jansi-native"/>
    <property name="user.home" value="/home/jdbl"/>
    <property name="user.timezone" value="Etc/UTC"/>
    <property name="java.awt.printerjob" value="sun.print.PSPrinterJob"/>
    <property name="java.specification.version" value="1.8"/>
    <property name="file.encoding" value="UTF-8"/>
    <property name="user.name" value="jdbl"/>
    <property name="java.class.path" value="/usr/share/maven/boot/plexus-classworlds-2.6.0.jar"/>
    <property name="java.vm.specification.version" value="1.8"/>
    <property name="sun.arch.data.model" value="64"/>
    <property name="java.home" value="/usr/local/openjdk-8/jre"/>
    <property name="sun.java.command" value="org.codehaus.plexus.classworlds.launcher.Launcher package -e --fail-never -ntp -Dmaven.test.error.ignore=true -Dmaven.test.failure.ignore=true -B -Dmaven.javadoc.skip=true -Drat.skip=true -Danimal.sniffer.skip=true -Dmaven.javadoc.skip=true -Dlicense.skip=true -Dsource.skip=true"/>
    <property name="java.specification.vendor" value="Oracle Corporation"/>
    <property name="user.language" value="en"/>
    <property name="awt.toolkit" value="sun.awt.X11.XToolkit"/>
    <property name="java.vm.info" value="mixed mode"/>
    <property name="java.version" value="1.8.0_262"/>
    <property name="java.ext.dirs" value="/usr/local/openjdk-8/jre/lib/ext:/usr/java/packages/lib/ext"/>
    <property name="securerandom.source" value="file:/dev/./urandom"/>
    <property name="sun.boot.class.path" value="/usr/local/openjdk-8/jre/lib/resources.jar:/usr/local/openjdk-8/jre/lib/rt.jar:/usr/local/openjdk-8/jre/lib/sunrsasign.jar:/usr/local/openjdk-8/jre/lib/jsse.jar:/usr/local/openjdk-8/jre/lib/jce.jar:/usr/local/openjdk-8/jre/lib/charsets.jar:/usr/local/openjdk-8/jre/lib/jfr.jar:/usr/local/openjdk-8/jre/classes"/>
    <property name="java.vendor" value="Oracle Corporation"/>
    <property name="rat.skip" value="true"/>
    <property name="maven.home" value="/usr/share/maven"/>
    <property name="file.separator" value="/"/>
    <property name="java.vendor.url.bug" value="http://bugreport.sun.com/bugreport/"/>
    <property name="sun.cpu.endian" value="little"/>
    <property name="sun.io.unicode.encoding" value="UnicodeLittle"/>
    <property name="sun.cpu.isalist" value=""/>
  </properties>
  <testcase name="runTestWithAsyncCompletion" classname="io.vertx.ext.unit.TestSuiteNoEventLoopAsyncTest" time="0.012"/>
  <testcase name="testAssertAsyncSuccessFailed" classname="io.vertx.ext.unit.TestSuiteNoEventLoopAsyncTest" time="0.003"/>
  <testcase name="runBeforeWithAsyncCompletion" classname="io.vertx.ext.unit.TestSuiteNoEventLoopAsyncTest" time="0.02"/>
  <testcase name="runTestWithEmptyRuntimeException" classname="io.vertx.ext.unit.TestSuiteNoEventLoopAsyncTest" time="0.016"/>
  <testcase name="reportFailureAfterTestCompleted" classname="io.vertx.ext.unit.TestSuiteNoEventLoopAsyncTest" time="0.01"/>
  <testcase name="testTimeout" classname="io.vertx.ext.unit.TestSuiteNoEventLoopAsyncTest" time="0.613"/>
  <testcase name="runTestWithFailBeforeAsync" classname="io.vertx.ext.unit.TestSuiteNoEventLoopAsyncTest" time="0.001"/>
  <testcase name="testRepeatAllPass" classname="io.vertx.ext.unit.TestSuiteNoEventLoopAsyncTest" time="0.002"/>
  <testcase name="runTestWithAsyncCountingdown" classname="io.vertx.ext.unit.TestSuiteNoEventLoopAsyncTest" time="0.005"/>
  <testcase name="runBefore" classname="io.vertx.ext.unit.TestSuiteNoEventLoopAsyncTest" time="0.011"/>
  <testcase name="runTestWithAsyncCompletionAfterFailureInTest" classname="io.vertx.ext.unit.TestSuiteNoEventLoopAsyncTest" time="0.026"/>
  <testcase name="runAfterWithAsyncCompletion" classname="io.vertx.ext.unit.TestSuiteNoEventLoopAsyncTest" time="0.02"/>
  <testcase name="testAssertAsyncSuccessHandlerThrowsFailure" classname="io.vertx.ext.unit.TestSuiteNoEventLoopAsyncTest" time="0"/>
  <testcase name="runTestWithAwaitAsyncAfterFailure" classname="io.vertx.ext.unit.TestSuiteNoEventLoopAsyncTest" time="0.006"/>
  <testcase name="runTestWithFailAfterAsync" classname="io.vertx.ext.unit.TestSuiteNoEventLoopAsyncTest" time="0.021"/>
  <testcase name="runTestWithStrictAsyncCountingDown" classname="io.vertx.ext.unit.TestSuiteNoEventLoopAsyncTest" time="0.015"/>
  <testcase name="runTestWithAssertionError" classname="io.vertx.ext.unit.TestSuiteNoEventLoopAsyncTest" time="0.018"/>
  <testcase name="testAssertAsyncFailureHandlerSucceeded" classname="io.vertx.ext.unit.TestSuiteNoEventLoopAsyncTest" time="0.008"/>
  <testcase name="failAfter" classname="io.vertx.ext.unit.TestSuiteNoEventLoopAsyncTest" time="0.032"/>
  <testcase name="testScopedAttributes" classname="io.vertx.ext.unit.TestSuiteNoEventLoopAsyncTest" time="0"/>
  <testcase name="testAssertAsyncFailureFailed" classname="io.vertx.ext.unit.TestSuiteNoEventLoopAsyncTest" time="0.002"/>
  <testcase name="failBefore" classname="io.vertx.ext.unit.TestSuiteNoEventLoopAsyncTest" time="0.017"/>
  <testcase name="testTimeoutThreadGarbaged" classname="io.vertx.ext.unit.TestSuiteNoEventLoopAsyncTest" time="0.027"/>
  <testcase name="runTestWithAsyncFailure" classname="io.vertx.ext.unit.TestSuiteNoEventLoopAsyncTest" time="0.005"/>
  <testcase name="testAssertAsyncSuccessHandlerSucceeded" classname="io.vertx.ext.unit.TestSuiteNoEventLoopAsyncTest" time="0.015"/>
  <testcase name="runTestWithAsyncCountingdownAndCompletion" classname="io.vertx.ext.unit.TestSuiteNoEventLoopAsyncTest" time="0.012"/>
  <testcase name="testAssertAsyncFailureHandlerThrowsFailure" classname="io.vertx.ext.unit.TestSuiteNoEventLoopAsyncTest" time="0.024"/>
  <testcase name="testRepeatOneFailure" classname="io.vertx.ext.unit.TestSuiteNoEventLoopAsyncTest" time="0"/>
  <testcase name="runAfter" classname="io.vertx.ext.unit.TestSuiteNoEventLoopAsyncTest" time="0.004"/>
  <testcase name="testAttributesOperations" classname="io.vertx.ext.unit.TestSuiteNoEventLoopAsyncTest" time="0.011"/>
  <testcase name="timeExecution" classname="io.vertx.ext.unit.TestSuiteNoEventLoopAsyncTest" time="0.028"/>
  <testcase name="testAssertAsyncSuccessHandlerSucceededAsync" classname="io.vertx.ext.unit.TestSuiteNoEventLoopAsyncTest" time="0.011"/>
  <testcase name="testConcurrentAsyncCompletions" classname="io.vertx.ext.unit.TestSuiteNoEventLoopAsyncTest" time="0.332"/>
  <testcase name="afterIsRunAfterFailure" classname="io.vertx.ext.unit.TestSuiteNoEventLoopAsyncTest" time="0.003"/>
  <testcase name="testAssertAsyncFailureHandlerSucceededAsync" classname="io.vertx.ext.unit.TestSuiteNoEventLoopAsyncTest" time="0.014"/>
  <testcase name="runTest" classname="io.vertx.ext.unit.TestSuiteNoEventLoopAsyncTest" time="0.008"/>
  <testcase name="testRepeatBeforeAfterEach" classname="io.vertx.ext.unit.TestSuiteNoEventLoopAsyncTest" time="0.011"/>
  <testcase name="runTestWithRuntimeException" classname="io.vertx.ext.unit.TestSuiteNoEventLoopAsyncTest" time="0.001"/>
  <testcase name="runTestWithAsyncCompletedTwice" classname="io.vertx.ext.unit.TestSuiteNoEventLoopAsyncTest" time="0.007"/>
  <testcase name="runTestWithAsyncCompletionCompletedInTest" classname="io.vertx.ext.unit.TestSuiteNoEventLoopAsyncTest" time="0.002"/>
</testsuite>