<?xml version="1.0" encoding="UTF-8"?>
<testsuite xmlns:xsi="http://www.w3.org/2001/XMLSchema-instance" xsi:schemaLocation="https://maven.apache.org/surefire/maven-surefire-plugin/xsd/surefire-test-report.xsd" name="org.gbif.api.util.SearchTypeValidatorTest" time="0.769" tests="101" errors="0" skipped="0" failures="0">
  <properties>
    <property name="java.runtime.name" value="OpenJDK Runtime Environment"/>
    <property name="sun.boot.library.path" value="/usr/local/openjdk-8/jre/lib/amd64"/>
    <property name="java.vm.version" value="25.262-b10"/>
    <property name="animal.sniffer.skip" value="true"/>
    <property name="java.vm.vendor" value="Oracle Corporation"/>
    <property name="maven.multiModuleProjectDirectory" value="/tmp/tmpdshd9qjj/gbif-api"/>
    <property name="maven.javadoc.skip" value="true"/>
    <property name="java.vendor.url" value="http://java.oracle.com/"/>
    <property name="path.separator" value=":"/>
    <property name="guice.disable.misplaced.annotation.check" value="true"/>
    <property name="java.vm.name" value="OpenJDK 64-Bit Server VM"/>
    <property name="file.encoding.pkg" value="sun.io"/>
    <property name="sun.java.launcher" value="SUN_STANDARD"/>
    <property name="sun.os.patch.level" value="unknown"/>
    <property name="source.skip" value="true"/>
    <property name="java.vm.specification.name" value="Java Virtual Machine Specification"/>
    <property name="user.dir" value="/tmp/tmpdshd9qjj/gbif-api"/>
    <property name="java.runtime.version" value="1.8.0_262-b10"/>
    <property name="java.awt.graphicsenv" value="sun.awt.X11GraphicsEnvironment"/>
    <property name="java.endorsed.dirs" value="/usr/local/openjdk-8/jre/lib/endorsed"/>
    <property name="os.arch" value="amd64"/>
    <property name="java.io.tmpdir" value="/tmp"/>
    <property name="line.separator" value="&#10;"/>
    <property name="java.vm.specification.vendor" value="Oracle Corporation"/>
    <property name="os.name" value="Linux"/>
    <property name="classworlds.conf" value="/usr/share/maven/bin/m2.conf"/>
    <property name="sun.jnu.encoding" value="UTF-8"/>
    <property name="java.library.path" value="/usr/java/packages/lib/amd64:/usr/lib64:/lib64:/lib:/usr/lib"/>
    <property name="license.skip" value="true"/>
    <property name="maven.conf" value="/usr/share/maven/conf"/>
    <property name="java.specification.name" value="Java Platform API Specification"/>
    <property name="java.class.version" value="52.0"/>
    <property name="sun.management.compiler" value="HotSpot 64-Bit Tiered Compilers"/>
    <property name="maven.test.failure.ignore" value="true"/>
    <property name="os.version" value="4.15.0-109-generic"/>
    <property name="library.jansi.path" value="/usr/share/maven/lib/jansi-native"/>
    <property name="user.home" value="/home/jdbl"/>
    <property name="user.timezone" value="Etc/UTC"/>
    <property name="java.awt.printerjob" value="sun.print.PSPrinterJob"/>
    <property name="java.specification.version" value="1.8"/>
    <property name="file.encoding" value="UTF-8"/>
    <property name="user.name" value="jdbl"/>
    <property name="java.class.path" value="/usr/share/maven/boot/plexus-classworlds-2.6.0.jar"/>
    <property name="java.vm.specification.version" value="1.8"/>
    <property name="sun.arch.data.model" value="64"/>
    <property name="java.home" value="/usr/local/openjdk-8/jre"/>
    <property name="sun.java.command" value="org.codehaus.plexus.classworlds.launcher.Launcher test -e --fail-never -ntp -Dmaven.test.failure.ignore=true -B -Dmaven.javadoc.skip=true -Drat.skip=true -Danimal.sniffer.skip=true -Dmaven.javadoc.skip=true -Dlicense.skip=true -Dsource.skip=true"/>
    <property name="java.specification.vendor" value="Oracle Corporation"/>
    <property name="user.language" value="en"/>
    <property name="awt.toolkit" value="sun.awt.X11.XToolkit"/>
    <property name="java.vm.info" value="mixed mode"/>
    <property name="java.version" value="1.8.0_262"/>
    <property name="java.ext.dirs" value="/usr/local/openjdk-8/jre/lib/ext:/usr/java/packages/lib/ext"/>
    <property name="securerandom.source" value="file:/dev/./urandom"/>
    <property name="sun.boot.class.path" value="/usr/local/openjdk-8/jre/lib/resources.jar:/usr/local/openjdk-8/jre/lib/rt.jar:/usr/local/openjdk-8/jre/lib/sunrsasign.jar:/usr/local/openjdk-8/jre/lib/jsse.jar:/usr/local/openjdk-8/jre/lib/jce.jar:/usr/local/openjdk-8/jre/lib/charsets.jar:/usr/local/openjdk-8/jre/lib/jfr.jar:/usr/local/openjdk-8/jre/classes"/>
    <property name="java.vendor" value="Oracle Corporation"/>
    <property name="rat.skip" value="true"/>
    <property name="maven.home" value="/usr/share/maven"/>
    <property name="file.separator" value="/"/>
    <property name="java.vendor.url.bug" value="http://bugreport.sun.com/bugreport/"/>
    <property name="sun.cpu.endian" value="little"/>
    <property name="sun.io.unicode.encoding" value="UnicodeLittle"/>
    <property name="sun.cpu.isalist" value=""/>
  </properties>
  <testcase name="testValidateFine[0]" classname="org.gbif.api.util.SearchTypeValidatorTest" time="0.129"/>
  <testcase name="testValidateFine[1]" classname="org.gbif.api.util.SearchTypeValidatorTest" time="0"/>
  <testcase name="testValidateFine[2]" classname="org.gbif.api.util.SearchTypeValidatorTest" time="0"/>
  <testcase name="testValidateFine[3]" classname="org.gbif.api.util.SearchTypeValidatorTest" time="0.001"/>
  <testcase name="testValidateFine[4]" classname="org.gbif.api.util.SearchTypeValidatorTest" time="0.008"/>
  <testcase name="testValidateFine[5]" classname="org.gbif.api.util.SearchTypeValidatorTest" time="0"/>
  <testcase name="testValidateFine[6]" classname="org.gbif.api.util.SearchTypeValidatorTest" time="0"/>
  <testcase name="testValidateFine[7]" classname="org.gbif.api.util.SearchTypeValidatorTest" time="0"/>
  <testcase name="testValidateFine[8]" classname="org.gbif.api.util.SearchTypeValidatorTest" time="0"/>
  <testcase name="testValidateFine[9]" classname="org.gbif.api.util.SearchTypeValidatorTest" time="0.001"/>
  <testcase name="testValidateFine[10]" classname="org.gbif.api.util.SearchTypeValidatorTest" time="0"/>
  <testcase name="testValidateFine[11]" classname="org.gbif.api.util.SearchTypeValidatorTest" time="0"/>
  <testcase name="testValidateFine[12]" classname="org.gbif.api.util.SearchTypeValidatorTest" time="0.001"/>
  <testcase name="testValidateFine[13]" classname="org.gbif.api.util.SearchTypeValidatorTest" time="0"/>
  <testcase name="testValidateFine[14]" classname="org.gbif.api.util.SearchTypeValidatorTest" time="0"/>
  <testcase name="testValidateFine[15]" classname="org.gbif.api.util.SearchTypeValidatorTest" time="0.007"/>
  <testcase name="testValidateFine[16]" classname="org.gbif.api.util.SearchTypeValidatorTest" time="0"/>
  <testcase name="testValidateFine[17]" classname="org.gbif.api.util.SearchTypeValidatorTest" time="0.001"/>
  <testcase name="testValidateFine[18]" classname="org.gbif.api.util.SearchTypeValidatorTest" time="0"/>
  <testcase name="testValidateFine[19]" classname="org.gbif.api.util.SearchTypeValidatorTest" time="0"/>
  <testcase name="testValidateFine[20]" classname="org.gbif.api.util.SearchTypeValidatorTest" time="0"/>
  <testcase name="testValidateFine[21]" classname="org.gbif.api.util.SearchTypeValidatorTest" time="0"/>
  <testcase name="testValidateFine[22]" classname="org.gbif.api.util.SearchTypeValidatorTest" time="0"/>
  <testcase name="testValidateFine[23]" classname="org.gbif.api.util.SearchTypeValidatorTest" time="0.001"/>
  <testcase name="testValidateFine[24]" classname="org.gbif.api.util.SearchTypeValidatorTest" time="0"/>
  <testcase name="testValidateFine[25]" classname="org.gbif.api.util.SearchTypeValidatorTest" time="0"/>
  <testcase name="testValidateFine[26]" classname="org.gbif.api.util.SearchTypeValidatorTest" time="0"/>
  <testcase name="testValidateFine[27]" classname="org.gbif.api.util.SearchTypeValidatorTest" time="0"/>
  <testcase name="testValidateFine[28]" classname="org.gbif.api.util.SearchTypeValidatorTest" time="0"/>
  <testcase name="testValidateFine[29]" classname="org.gbif.api.util.SearchTypeValidatorTest" time="0.158"/>
  <testcase name="testValidateFine[30]" classname="org.gbif.api.util.SearchTypeValidatorTest" time="0"/>
  <testcase name="testValidateFine[31]" classname="org.gbif.api.util.SearchTypeValidatorTest" time="0"/>
  <testcase name="testValidateFine[32]" classname="org.gbif.api.util.SearchTypeValidatorTest" time="0.034"/>
  <testcase name="testValidateFine[33]" classname="org.gbif.api.util.SearchTypeValidatorTest" time="0.01"/>
  <testcase name="testValidateFine[34]" classname="org.gbif.api.util.SearchTypeValidatorTest" time="0.002"/>
  <testcase name="testValidateFine[35]" classname="org.gbif.api.util.SearchTypeValidatorTest" time="0"/>
  <testcase name="testValidateFine[36]" classname="org.gbif.api.util.SearchTypeValidatorTest" time="0.001"/>
  <testcase name="testValidateFine[37]" classname="org.gbif.api.util.SearchTypeValidatorTest" time="0.001"/>
  <testcase name="testValidateFine[38]" classname="org.gbif.api.util.SearchTypeValidatorTest" time="0.001"/>
  <testcase name="testValidateFine[39]" classname="org.gbif.api.util.SearchTypeValidatorTest" time="0"/>
  <testcase name="testValidateFine[40]" classname="org.gbif.api.util.SearchTypeValidatorTest" time="0.057"/>
  <testcase name="testValidateFine[41]" classname="org.gbif.api.util.SearchTypeValidatorTest" time="0.006"/>
  <testcase name="testValidateFine[42]" classname="org.gbif.api.util.SearchTypeValidatorTest" time="0.017"/>
  <testcase name="testValidateFine[43]" classname="org.gbif.api.util.SearchTypeValidatorTest" time="0.009"/>
  <testcase name="testValidateFine[44]" classname="org.gbif.api.util.SearchTypeValidatorTest" time="0.002"/>
  <testcase name="testValidateFine[45]" classname="org.gbif.api.util.SearchTypeValidatorTest" time="0.001"/>
  <testcase name="testValidateFine[46]" classname="org.gbif.api.util.SearchTypeValidatorTest" time="0.001"/>
  <testcase name="testValidateFine[47]" classname="org.gbif.api.util.SearchTypeValidatorTest" time="0"/>
  <testcase name="testValidateFine[48]" classname="org.gbif.api.util.SearchTypeValidatorTest" time="0"/>
  <testcase name="testValidateFine[49]" classname="org.gbif.api.util.SearchTypeValidatorTest" time="0"/>
  <testcase name="testValidateFine[50]" classname="org.gbif.api.util.SearchTypeValidatorTest" time="0.001"/>
  <testcase name="testValidateFine[51]" classname="org.gbif.api.util.SearchTypeValidatorTest" time="0"/>
  <testcase name="testValidateFine[52]" classname="org.gbif.api.util.SearchTypeValidatorTest" time="0"/>
  <testcase name="testValidateFine[53]" classname="org.gbif.api.util.SearchTypeValidatorTest" time="0"/>
  <testcase name="testValidateFine[54]" classname="org.gbif.api.util.SearchTypeValidatorTest" time="0"/>
  <testcase name="testValidateFine[55]" classname="org.gbif.api.util.SearchTypeValidatorTest" time="0"/>
  <testcase name="testValidateFine[56]" classname="org.gbif.api.util.SearchTypeValidatorTest" time="0.001"/>
  <testcase name="testValidateFine[57]" classname="org.gbif.api.util.SearchTypeValidatorTest" time="0"/>
  <testcase name="testValidateFine[58]" classname="org.gbif.api.util.SearchTypeValidatorTest" time="0"/>
  <testcase name="testValidateFine[59]" classname="org.gbif.api.util.SearchTypeValidatorTest" time="0"/>
  <testcase name="testValidateFine[60]" classname="org.gbif.api.util.SearchTypeValidatorTest" time="0"/>
  <testcase name="testValidateFine[61]" classname="org.gbif.api.util.SearchTypeValidatorTest" time="0"/>
  <testcase name="testValidateFine[62]" classname="org.gbif.api.util.SearchTypeValidatorTest" time="0.001"/>
  <testcase name="testValidateFine[63]" classname="org.gbif.api.util.SearchTypeValidatorTest" time="0.004"/>
  <testcase name="testValidateFine[64]" classname="org.gbif.api.util.SearchTypeValidatorTest" time="0"/>
  <testcase name="testValidateFine[65]" classname="org.gbif.api.util.SearchTypeValidatorTest" time="0.001"/>
  <testcase name="testValidateFine[66]" classname="org.gbif.api.util.SearchTypeValidatorTest" time="0"/>
  <testcase name="testValidateFine[67]" classname="org.gbif.api.util.SearchTypeValidatorTest" time="0.001"/>
  <testcase name="testValidateFine[68]" classname="org.gbif.api.util.SearchTypeValidatorTest" time="0"/>
  <testcase name="testValidateFine[69]" classname="org.gbif.api.util.SearchTypeValidatorTest" time="0.001"/>
  <testcase name="testValidateFine[70]" classname="org.gbif.api.util.SearchTypeValidatorTest" time="0"/>
  <testcase name="testValidateFine[71]" classname="org.gbif.api.util.SearchTypeValidatorTest" time="0.001"/>
  <testcase name="testValidateFine[72]" classname="org.gbif.api.util.SearchTypeValidatorTest" time="0.001"/>
  <testcase name="testValidateFine[73]" classname="org.gbif.api.util.SearchTypeValidatorTest" time="0.001"/>
  <testcase name="testValidateFine[74]" classname="org.gbif.api.util.SearchTypeValidatorTest" time="0.001"/>
  <testcase name="testValidateFine[75]" classname="org.gbif.api.util.SearchTypeValidatorTest" time="0"/>
  <testcase name="testValidateFine[76]" classname="org.gbif.api.util.SearchTypeValidatorTest" time="0.001"/>
  <testcase name="testValidateFine[77]" classname="org.gbif.api.util.SearchTypeValidatorTest" time="0.005"/>
  <testcase name="testValidateFine[78]" classname="org.gbif.api.util.SearchTypeValidatorTest" time="0.001"/>
  <testcase name="testValidateFine[79]" classname="org.gbif.api.util.SearchTypeValidatorTest" time="0"/>
  <testcase name="testValidateFine[80]" classname="org.gbif.api.util.SearchTypeValidatorTest" time="0.001"/>
  <testcase name="testValidateFine[81]" classname="org.gbif.api.util.SearchTypeValidatorTest" time="0"/>
  <testcase name="testValidateFine[82]" classname="org.gbif.api.util.SearchTypeValidatorTest" time="0.001"/>
  <testcase name="testValidateFine[83]" classname="org.gbif.api.util.SearchTypeValidatorTest" time="0"/>
  <testcase name="testValidateFine[84]" classname="org.gbif.api.util.SearchTypeValidatorTest" time="0"/>
  <testcase name="testValidateFine[85]" classname="org.gbif.api.util.SearchTypeValidatorTest" time="0"/>
  <testcase name="testValidateFine[86]" classname="org.gbif.api.util.SearchTypeValidatorTest" time="0"/>
  <testcase name="testValidateFine[87]" classname="org.gbif.api.util.SearchTypeValidatorTest" time="0"/>
  <testcase name="testValidateFine[88]" classname="org.gbif.api.util.SearchTypeValidatorTest" time="0.001"/>
  <testcase name="testValidateFine[89]" classname="org.gbif.api.util.SearchTypeValidatorTest" time="0"/>
  <testcase name="testValidateFine[90]" classname="org.gbif.api.util.SearchTypeValidatorTest" time="0"/>
  <testcase name="testValidateFine[91]" classname="org.gbif.api.util.SearchTypeValidatorTest" time="0"/>
  <testcase name="testValidateFine[92]" classname="org.gbif.api.util.SearchTypeValidatorTest" time="0"/>
  <testcase name="testValidateFine[93]" classname="org.gbif.api.util.SearchTypeValidatorTest" time="0.025"/>
  <testcase name="testValidateFine[94]" classname="org.gbif.api.util.SearchTypeValidatorTest" time="0.001"/>
  <testcase name="testValidateFine[95]" classname="org.gbif.api.util.SearchTypeValidatorTest" time="0.055"/>
  <testcase name="testValidateFine[96]" classname="org.gbif.api.util.SearchTypeValidatorTest" time="0.004"/>
  <testcase name="testValidateFine[97]" classname="org.gbif.api.util.SearchTypeValidatorTest" time="0.001"/>
  <testcase name="testValidateFine[98]" classname="org.gbif.api.util.SearchTypeValidatorTest" time="0"/>
  <testcase name="testValidateFine[99]" classname="org.gbif.api.util.SearchTypeValidatorTest" time="0.001"/>
  <testcase name="testValidateFine[100]" classname="org.gbif.api.util.SearchTypeValidatorTest" time="0"/>
</testsuite>