<?xml version="1.0" encoding="UTF-8"?>
<testsuite name="org.apache.commons.dbutils.wrappers.SqlNullCheckedResultSetTest" time="0.074" tests="43" errors="0" skipped="0" failures="0">
  <properties>
    <property name="java.runtime.name" value="OpenJDK Runtime Environment"/>
    <property name="sun.boot.library.path" value="/usr/local/openjdk-8/jre/lib/amd64"/>
    <property name="java.vm.version" value="25.262-b10"/>
    <property name="animal.sniffer.skip" value="true"/>
    <property name="java.vm.vendor" value="Oracle Corporation"/>
    <property name="maven.multiModuleProjectDirectory" value="/tmp/tmpbng8tkx4/commons-dbutils"/>
    <property name="maven.javadoc.skip" value="true"/>
    <property name="java.vendor.url" value="http://java.oracle.com/"/>
    <property name="path.separator" value=":"/>
    <property name="guice.disable.misplaced.annotation.check" value="true"/>
    <property name="java.vm.name" value="OpenJDK 64-Bit Server VM"/>
    <property name="file.encoding.pkg" value="sun.io"/>
    <property name="sun.java.launcher" value="SUN_STANDARD"/>
    <property name="sun.os.patch.level" value="unknown"/>
    <property name="source.skip" value="true"/>
    <property name="java.vm.specification.name" value="Java Virtual Machine Specification"/>
    <property name="user.dir" value="/tmp/tmpbng8tkx4/commons-dbutils"/>
    <property name="java.runtime.version" value="1.8.0_262-b10"/>
    <property name="java.awt.graphicsenv" value="sun.awt.X11GraphicsEnvironment"/>
    <property name="java.endorsed.dirs" value="/usr/local/openjdk-8/jre/lib/endorsed"/>
    <property name="os.arch" value="amd64"/>
    <property name="java.io.tmpdir" value="/tmp"/>
    <property name="line.separator" value="&#10;"/>
    <property name="java.vm.specification.vendor" value="Oracle Corporation"/>
    <property name="os.name" value="Linux"/>
    <property name="classworlds.conf" value="/usr/share/maven/bin/m2.conf"/>
    <property name="maven.test.error.ignore" value="true"/>
    <property name="sun.jnu.encoding" value="UTF-8"/>
    <property name="java.library.path" value="/usr/java/packages/lib/amd64:/usr/lib64:/lib64:/lib:/usr/lib"/>
    <property name="license.skip" value="true"/>
    <property name="maven.conf" value="/usr/share/maven/conf"/>
    <property name="java.specification.name" value="Java Platform API Specification"/>
    <property name="java.class.version" value="52.0"/>
    <property name="sun.management.compiler" value="HotSpot 64-Bit Tiered Compilers"/>
    <property name="maven.test.failure.ignore" value="true"/>
    <property name="os.version" value="4.15.0-109-generic"/>
    <property name="library.jansi.path" value="/usr/share/maven/lib/jansi-native"/>
    <property name="user.home" value="/home/jdbl"/>
    <property name="user.timezone" value="Etc/UTC"/>
    <property name="java.awt.printerjob" value="sun.print.PSPrinterJob"/>
    <property name="java.specification.version" value="1.8"/>
    <property name="file.encoding" value="UTF-8"/>
    <property name="user.name" value="jdbl"/>
    <property name="java.class.path" value="/usr/share/maven/boot/plexus-classworlds-2.6.0.jar"/>
    <property name="java.vm.specification.version" value="1.8"/>
    <property name="sun.arch.data.model" value="64"/>
    <property name="java.home" value="/usr/local/openjdk-8/jre"/>
    <property name="sun.java.command" value="org.codehaus.plexus.classworlds.launcher.Launcher package -e --fail-never -ntp -Dmaven.test.error.ignore=true -Dmaven.test.failure.ignore=true -B -Dmaven.javadoc.skip=true -Drat.skip=true -Danimal.sniffer.skip=true -Dmaven.javadoc.skip=true -Dlicense.skip=true -Dsource.skip=true"/>
    <property name="java.specification.vendor" value="Oracle Corporation"/>
    <property name="user.language" value="en"/>
    <property name="awt.toolkit" value="sun.awt.X11.XToolkit"/>
    <property name="java.vm.info" value="mixed mode"/>
    <property name="java.version" value="1.8.0_262"/>
    <property name="java.ext.dirs" value="/usr/local/openjdk-8/jre/lib/ext:/usr/java/packages/lib/ext"/>
    <property name="securerandom.source" value="file:/dev/./urandom"/>
    <property name="sun.boot.class.path" value="/usr/local/openjdk-8/jre/lib/resources.jar:/usr/local/openjdk-8/jre/lib/rt.jar:/usr/local/openjdk-8/jre/lib/sunrsasign.jar:/usr/local/openjdk-8/jre/lib/jsse.jar:/usr/local/openjdk-8/jre/lib/jce.jar:/usr/local/openjdk-8/jre/lib/charsets.jar:/usr/local/openjdk-8/jre/lib/jfr.jar:/usr/local/openjdk-8/jre/classes"/>
    <property name="java.vendor" value="Oracle Corporation"/>
    <property name="rat.skip" value="true"/>
    <property name="maven.home" value="/usr/share/maven"/>
    <property name="file.separator" value="/"/>
    <property name="java.vendor.url.bug" value="http://bugreport.sun.com/bugreport/"/>
    <property name="sun.cpu.endian" value="little"/>
    <property name="sun.io.unicode.encoding" value="UnicodeLittle"/>
    <property name="sun.cpu.isalist" value=""/>
  </properties>
  <testcase name="testSetNullBoolean" classname="org.apache.commons.dbutils.wrappers.SqlNullCheckedResultSetTest" time="0.019"/>
  <testcase name="testGetBytes" classname="org.apache.commons.dbutils.wrappers.SqlNullCheckedResultSetTest" time="0.001"/>
  <testcase name="testGetFloat" classname="org.apache.commons.dbutils.wrappers.SqlNullCheckedResultSetTest" time="0"/>
  <testcase name="testGetShort" classname="org.apache.commons.dbutils.wrappers.SqlNullCheckedResultSetTest" time="0"/>
  <testcase name="testSetNullBigDecimal" classname="org.apache.commons.dbutils.wrappers.SqlNullCheckedResultSetTest" time="0"/>
  <testcase name="testURL" classname="org.apache.commons.dbutils.wrappers.SqlNullCheckedResultSetTest" time="0.04"/>
  <testcase name="testSetNullBytes" classname="org.apache.commons.dbutils.wrappers.SqlNullCheckedResultSetTest" time="0"/>
  <testcase name="testSetNullFloat" classname="org.apache.commons.dbutils.wrappers.SqlNullCheckedResultSetTest" time="0"/>
  <testcase name="testSetNullShort" classname="org.apache.commons.dbutils.wrappers.SqlNullCheckedResultSetTest" time="0"/>
  <testcase name="testSetNullBinaryStream" classname="org.apache.commons.dbutils.wrappers.SqlNullCheckedResultSetTest" time="0.001"/>
  <testcase name="testSetNullBlob" classname="org.apache.commons.dbutils.wrappers.SqlNullCheckedResultSetTest" time="0"/>
  <testcase name="testSetNullByte" classname="org.apache.commons.dbutils.wrappers.SqlNullCheckedResultSetTest" time="0"/>
  <testcase name="testSetNullClob" classname="org.apache.commons.dbutils.wrappers.SqlNullCheckedResultSetTest" time="0"/>
  <testcase name="testSetNullDate" classname="org.apache.commons.dbutils.wrappers.SqlNullCheckedResultSetTest" time="0.007"/>
  <testcase name="testSetNullLong" classname="org.apache.commons.dbutils.wrappers.SqlNullCheckedResultSetTest" time="0"/>
  <testcase name="testSetNullTime" classname="org.apache.commons.dbutils.wrappers.SqlNullCheckedResultSetTest" time="0.001"/>
  <testcase name="testGetBlob" classname="org.apache.commons.dbutils.wrappers.SqlNullCheckedResultSetTest" time="0"/>
  <testcase name="testGetByte" classname="org.apache.commons.dbutils.wrappers.SqlNullCheckedResultSetTest" time="0"/>
  <testcase name="testGetClob" classname="org.apache.commons.dbutils.wrappers.SqlNullCheckedResultSetTest" time="0"/>
  <testcase name="testGetDate" classname="org.apache.commons.dbutils.wrappers.SqlNullCheckedResultSetTest" time="0.001"/>
  <testcase name="testGetLong" classname="org.apache.commons.dbutils.wrappers.SqlNullCheckedResultSetTest" time="0"/>
  <testcase name="testGetTime" classname="org.apache.commons.dbutils.wrappers.SqlNullCheckedResultSetTest" time="0"/>
  <testcase name="testSetNullDouble" classname="org.apache.commons.dbutils.wrappers.SqlNullCheckedResultSetTest" time="0"/>
  <testcase name="testGetAsciiStream" classname="org.apache.commons.dbutils.wrappers.SqlNullCheckedResultSetTest" time="0.001"/>
  <testcase name="testSetNullObject" classname="org.apache.commons.dbutils.wrappers.SqlNullCheckedResultSetTest" time="0"/>
  <testcase name="testGetCharacterStream" classname="org.apache.commons.dbutils.wrappers.SqlNullCheckedResultSetTest" time="0"/>
  <testcase name="testSetNullString" classname="org.apache.commons.dbutils.wrappers.SqlNullCheckedResultSetTest" time="0"/>
  <testcase name="testSetNullInt" classname="org.apache.commons.dbutils.wrappers.SqlNullCheckedResultSetTest" time="0.001"/>
  <testcase name="testSetNullRef" classname="org.apache.commons.dbutils.wrappers.SqlNullCheckedResultSetTest" time="0.001"/>
  <testcase name="testGetBoolean" classname="org.apache.commons.dbutils.wrappers.SqlNullCheckedResultSetTest" time="0"/>
  <testcase name="testSetNullAsciiStream" classname="org.apache.commons.dbutils.wrappers.SqlNullCheckedResultSetTest" time="0"/>
  <testcase name="testGetDouble" classname="org.apache.commons.dbutils.wrappers.SqlNullCheckedResultSetTest" time="0"/>
  <testcase name="testGetBigDecimal" classname="org.apache.commons.dbutils.wrappers.SqlNullCheckedResultSetTest" time="0"/>
  <testcase name="testGetTimestamp" classname="org.apache.commons.dbutils.wrappers.SqlNullCheckedResultSetTest" time="0"/>
  <testcase name="testGetObject" classname="org.apache.commons.dbutils.wrappers.SqlNullCheckedResultSetTest" time="0"/>
  <testcase name="testSetNullCharacterStream" classname="org.apache.commons.dbutils.wrappers.SqlNullCheckedResultSetTest" time="0"/>
  <testcase name="testGetInt" classname="org.apache.commons.dbutils.wrappers.SqlNullCheckedResultSetTest" time="0"/>
  <testcase name="testGetRef" classname="org.apache.commons.dbutils.wrappers.SqlNullCheckedResultSetTest" time="0.001"/>
  <testcase name="testGetBinaryStream" classname="org.apache.commons.dbutils.wrappers.SqlNullCheckedResultSetTest" time="0"/>
  <testcase name="testGetString" classname="org.apache.commons.dbutils.wrappers.SqlNullCheckedResultSetTest" time="0"/>
  <testcase name="testSetNullTimestamp" classname="org.apache.commons.dbutils.wrappers.SqlNullCheckedResultSetTest" time="0"/>
  <testcase name="testResultSets" classname="org.apache.commons.dbutils.wrappers.SqlNullCheckedResultSetTest" time="0"/>
  <testcase name="testCheckDataSizes" classname="org.apache.commons.dbutils.wrappers.SqlNullCheckedResultSetTest" time="0"/>
</testsuite>