<?xml version="1.0" encoding="UTF-8"?>
<testsuite xmlns:xsi="http://www.w3.org/2001/XMLSchema-instance" xsi:schemaLocation="https://maven.apache.org/surefire/maven-surefire-plugin/xsd/surefire-test-report.xsd" name="com.api.jsonata4java.test.expressions.agnostic.AgnosticTestSuite" time="6.259" tests="1314" errors="0" skipped="415" failures="0">
  <properties>
    <property name="java.runtime.name" value="OpenJDK Runtime Environment"/>
    <property name="sun.boot.library.path" value="/usr/local/openjdk-8/jre/lib/amd64"/>
    <property name="java.vm.version" value="25.262-b10"/>
    <property name="animal.sniffer.skip" value="true"/>
    <property name="java.vm.vendor" value="Oracle Corporation"/>
    <property name="maven.multiModuleProjectDirectory" value="/tmp/tmphgvxavms/JSONata4Java"/>
    <property name="maven.javadoc.skip" value="true"/>
    <property name="java.vendor.url" value="http://java.oracle.com/"/>
    <property name="path.separator" value=":"/>
    <property name="guice.disable.misplaced.annotation.check" value="true"/>
    <property name="java.vm.name" value="OpenJDK 64-Bit Server VM"/>
    <property name="file.encoding.pkg" value="sun.io"/>
    <property name="sun.java.launcher" value="SUN_STANDARD"/>
    <property name="sun.os.patch.level" value="unknown"/>
    <property name="source.skip" value="true"/>
    <property name="java.vm.specification.name" value="Java Virtual Machine Specification"/>
    <property name="user.dir" value="/tmp/tmphgvxavms/JSONata4Java"/>
    <property name="java.runtime.version" value="1.8.0_262-b10"/>
    <property name="java.awt.graphicsenv" value="sun.awt.X11GraphicsEnvironment"/>
    <property name="java.endorsed.dirs" value="/usr/local/openjdk-8/jre/lib/endorsed"/>
    <property name="os.arch" value="amd64"/>
    <property name="java.io.tmpdir" value="/tmp"/>
    <property name="line.separator" value="&#10;"/>
    <property name="java.vm.specification.vendor" value="Oracle Corporation"/>
    <property name="os.name" value="Linux"/>
    <property name="classworlds.conf" value="/usr/share/maven/bin/m2.conf"/>
    <property name="sun.jnu.encoding" value="UTF-8"/>
    <property name="java.library.path" value="/usr/java/packages/lib/amd64:/usr/lib64:/lib64:/lib:/usr/lib"/>
    <property name="license.skip" value="true"/>
    <property name="maven.conf" value="/usr/share/maven/conf"/>
    <property name="java.specification.name" value="Java Platform API Specification"/>
    <property name="java.class.version" value="52.0"/>
    <property name="sun.management.compiler" value="HotSpot 64-Bit Tiered Compilers"/>
    <property name="maven.test.failure.ignore" value="true"/>
    <property name="os.version" value="4.15.0-109-generic"/>
    <property name="library.jansi.path" value="/usr/share/maven/lib/jansi-native"/>
    <property name="user.home" value="/home/jdbl"/>
    <property name="user.timezone" value="Etc/UTC"/>
    <property name="java.awt.printerjob" value="sun.print.PSPrinterJob"/>
    <property name="java.specification.version" value="1.8"/>
    <property name="file.encoding" value="UTF-8"/>
    <property name="user.name" value="jdbl"/>
    <property name="java.class.path" value="/usr/share/maven/boot/plexus-classworlds-2.6.0.jar"/>
    <property name="java.vm.specification.version" value="1.8"/>
    <property name="sun.arch.data.model" value="64"/>
    <property name="java.home" value="/usr/local/openjdk-8/jre"/>
    <property name="sun.java.command" value="org.codehaus.plexus.classworlds.launcher.Launcher test -e --fail-never -ntp -Dmaven.test.failure.ignore=true -B -Dmaven.javadoc.skip=true -Drat.skip=true -Danimal.sniffer.skip=true -Dmaven.javadoc.skip=true -Dlicense.skip=true -Dsource.skip=true"/>
    <property name="java.specification.vendor" value="Oracle Corporation"/>
    <property name="user.language" value="en"/>
    <property name="awt.toolkit" value="sun.awt.X11.XToolkit"/>
    <property name="java.vm.info" value="mixed mode"/>
    <property name="java.version" value="1.8.0_262"/>
    <property name="java.ext.dirs" value="/usr/local/openjdk-8/jre/lib/ext:/usr/java/packages/lib/ext"/>
    <property name="securerandom.source" value="file:/dev/./urandom"/>
    <property name="sun.boot.class.path" value="/usr/local/openjdk-8/jre/lib/resources.jar:/usr/local/openjdk-8/jre/lib/rt.jar:/usr/local/openjdk-8/jre/lib/sunrsasign.jar:/usr/local/openjdk-8/jre/lib/jsse.jar:/usr/local/openjdk-8/jre/lib/jce.jar:/usr/local/openjdk-8/jre/lib/charsets.jar:/usr/local/openjdk-8/jre/lib/jfr.jar:/usr/local/openjdk-8/jre/classes"/>
    <property name="java.vendor" value="Oracle Corporation"/>
    <property name="rat.skip" value="true"/>
    <property name="maven.home" value="/usr/share/maven"/>
    <property name="file.separator" value="/"/>
    <property name="java.vendor.url.bug" value="http://bugreport.sun.com/bugreport/"/>
    <property name="sun.cpu.endian" value="little"/>
    <property name="sun.io.unicode.encoding" value="UnicodeLittle"/>
    <property name="sun.cpu.isalist" value=""/>
  </properties>
  <testcase name="case005" classname="function-keys" time="0.002"/>
  <testcase name="case000" classname="function-keys" time="0"/>
  <testcase name="case001" classname="function-keys" time="0"/>
  <testcase name="case002" classname="function-keys" time="0"/>
  <testcase name="case006" classname="function-keys" time="0.001"/>
  <testcase name="case004" classname="function-keys" time="0"/>
  <testcase name="case003" classname="function-keys" time="0"/>
  <testcase name="function-keys" classname="function-keys" time="0"/>
  <testcase name="case000" classname="function-substringBefore" time="0"/>
  <testcase name="case001" classname="function-substringBefore" time="0.001"/>
  <testcase name="case002" classname="function-substringBefore" time="0"/>
  <testcase name="case004" classname="function-substringBefore" time="0.004"/>
  <testcase name="case003" classname="function-substringBefore" time="0"/>
  <testcase name="function-substringBefore" classname="function-substringBefore" time="0.003"/>
  <testcase name="case000" classname="function-encodeUrlComponent" time="0"/>
  <testcase name="case001" classname="function-encodeUrlComponent" time="0"/>
  <testcase name="case002" classname="function-encodeUrlComponent" time="0"/>
  <testcase name="function-encodeUrlComponent" classname="function-encodeUrlComponent" time="0.001"/>
  <testcase name="case009" classname="array-constructor" time="0"/>
  <testcase name="case016" classname="array-constructor" time="0.001"/>
  <testcase name="case011" classname="array-constructor" time="0.001"/>
  <testcase name="case005" classname="array-constructor" time="0"/>
  <testcase name="case000" classname="array-constructor" time="0"/>
  <testcase name="case019" classname="array-constructor" time="0.012"/>
  <testcase name="case001" classname="array-constructor" time="0"/>
  <testcase name="case018" classname="array-constructor" time="0"/>
  <testcase name="case002" classname="array-constructor" time="0"/>
  <testcase name="case007" classname="array-constructor" time="0"/>
  <testcase name="case006" classname="array-constructor" time="0"/>
  <testcase name="case013" classname="array-constructor" time="0"/>
  <testcase name="case010" classname="array-constructor" time="0"/>
  <testcase name="case020" classname="array-constructor" time="0.001"/>
  <testcase name="case017" classname="array-constructor" time="0"/>
  <testcase name="case012" classname="array-constructor" time="0.001"/>
  <testcase name="case008" classname="array-constructor" time="0"/>
  <testcase name="case004" classname="array-constructor" time="0"/>
  <testcase name="case014" classname="array-constructor" time="0.001"/>
  <testcase name="case015" classname="array-constructor" time="0"/>
  <testcase name="case003" classname="array-constructor" time="0"/>
  <testcase name="array-constructor" classname="array-constructor" time="0"/>
  <testcase name="case005" classname="blocks" time="0.01"/>
  <testcase name="case000" classname="blocks" time="0"/>
  <testcase name="case001" classname="blocks" time="0"/>
  <testcase name="case002" classname="blocks" time="0.001"/>
  <testcase name="case006" classname="blocks" time="0"/>
  <testcase name="case004" classname="blocks" time="0.001"/>
  <testcase name="case003" classname="blocks" time="0"/>
  <testcase name="blocks" classname="blocks" time="0"/>
  <testcase name="case000" classname="function-decodeUrl" time="0.001"/>
  <testcase name="case001" classname="function-decodeUrl" time="0.001"/>
  <testcase name="case002" classname="function-decodeUrl" time="0.001"/>
  <testcase name="function-decodeUrl" classname="function-decodeUrl" time="0.001"/>
  <testcase name="function-signatures" classname="function-signatures" time="0">
    <skipped/>
  </testcase>
  <testcase name="case009" classname="function-signatures" time="0">
    <skipped/>
  </testcase>
  <testcase name="case024" classname="function-signatures" time="0">
    <skipped/>
  </testcase>
  <testcase name="case030" classname="function-signatures" time="0">
    <skipped/>
  </testcase>
  <testcase name="case016" classname="function-signatures" time="0">
    <skipped/>
  </testcase>
  <testcase name="case011" classname="function-signatures" time="0">
    <skipped/>
  </testcase>
  <testcase name="case021" classname="function-signatures" time="0">
    <skipped/>
  </testcase>
  <testcase name="case005" classname="function-signatures" time="0">
    <skipped/>
  </testcase>
  <testcase name="case031" classname="function-signatures" time="0">
    <skipped/>
  </testcase>
  <testcase name="case023" classname="function-signatures" time="0">
    <skipped/>
  </testcase>
  <testcase name="case000" classname="function-signatures" time="0">
    <skipped/>
  </testcase>
  <testcase name="case019" classname="function-signatures" time="0">
    <skipped/>
  </testcase>
  <testcase name="case001" classname="function-signatures" time="0">
    <skipped/>
  </testcase>
  <testcase name="case025" classname="function-signatures" time="0">
    <skipped/>
  </testcase>
  <testcase name="case018" classname="function-signatures" time="0">
    <skipped/>
  </testcase>
  <testcase name="case002" classname="function-signatures" time="0">
    <skipped/>
  </testcase>
  <testcase name="case007" classname="function-signatures" time="0">
    <skipped/>
  </testcase>
  <testcase name="case027" classname="function-signatures" time="0">
    <skipped/>
  </testcase>
  <testcase name="case006" classname="function-signatures" time="0">
    <skipped/>
  </testcase>
  <testcase name="case013" classname="function-signatures" time="0">
    <skipped/>
  </testcase>
  <testcase name="case010" classname="function-signatures" time="0">
    <skipped/>
  </testcase>
  <testcase name="case020" classname="function-signatures" time="0">
    <skipped/>
  </testcase>
  <testcase name="case026" classname="function-signatures" time="0">
    <skipped/>
  </testcase>
  <testcase name="case029" classname="function-signatures" time="0">
    <skipped/>
  </testcase>
  <testcase name="case017" classname="function-signatures" time="0">
    <skipped/>
  </testcase>
  <testcase name="case033" classname="function-signatures" time="0">
    <skipped/>
  </testcase>
  <testcase name="case032" classname="function-signatures" time="0">
    <skipped/>
  </testcase>
  <testcase name="case034" classname="function-signatures" time="0">
    <skipped/>
  </testcase>
  <testcase name="case022" classname="function-signatures" time="0">
    <skipped/>
  </testcase>
  <testcase name="case028" classname="function-signatures" time="0">
    <skipped/>
  </testcase>
  <testcase name="case012" classname="function-signatures" time="0">
    <skipped/>
  </testcase>
  <testcase name="case008" classname="function-signatures" time="0">
    <skipped/>
  </testcase>
  <testcase name="case004" classname="function-signatures" time="0">
    <skipped/>
  </testcase>
  <testcase name="case014" classname="function-signatures" time="0">
    <skipped/>
  </testcase>
  <testcase name="case015" classname="function-signatures" time="0">
    <skipped/>
  </testcase>
  <testcase name="case003" classname="function-signatures" time="0">
    <skipped/>
  </testcase>
  <testcase name="case000" classname="context" time="0"/>
  <testcase name="case001" classname="context" time="0"/>
  <testcase name="case002" classname="context" time="0"/>
  <testcase name="case003" classname="context" time="0.001"/>
  <testcase name="context" classname="context" time="0.001"/>
  <testcase name="case009" classname="function-error" time="0"/>
  <testcase name="case005" classname="function-error" time="0.001"/>
  <testcase name="case000" classname="function-error" time="0.007"/>
  <testcase name="case001" classname="function-error" time="0.007"/>
  <testcase name="case002" classname="function-error" time="0.002"/>
  <testcase name="case007" classname="function-error" time="0"/>
  <testcase name="case006" classname="function-error" time="0"/>
  <testcase name="case010" classname="function-error" time="0"/>
  <testcase name="case008" classname="function-error" time="0"/>
  <testcase name="case004" classname="function-error" time="0.009"/>
  <testcase name="case003" classname="function-error" time="0.002"/>
  <testcase name="function-error" classname="function-error" time="0.002"/>
  <testcase name="case005" classname="conditionals" time="0"/>
  <testcase name="case000" classname="conditionals" time="0.001"/>
  <testcase name="case001" classname="conditionals" time="0.001"/>
  <testcase name="case002" classname="conditionals" time="0"/>
  <testcase name="case007" classname="conditionals" time="0.001"/>
  <testcase name="case006" classname="conditionals" time="0.007"/>
  <testcase name="case008" classname="conditionals" time="0.001"/>
  <testcase name="case004" classname="conditionals" time="0.001"/>
  <testcase name="case003" classname="conditionals" time="0"/>
  <testcase name="conditionals" classname="conditionals" time="0"/>
  <testcase name="case009" classname="descendent-operator" time="0.001"/>
  <testcase name="case016" classname="descendent-operator" time="0"/>
  <testcase name="case011" classname="descendent-operator" time="0"/>
  <testcase name="case005" classname="descendent-operator" time="0.001"/>
  <testcase name="case000" classname="descendent-operator" time="0"/>
  <testcase name="case001" classname="descendent-operator" time="0.001"/>
  <testcase name="case002" classname="descendent-operator" time="0"/>
  <testcase name="case007" classname="descendent-operator" time="0.001"/>
  <testcase name="case006" classname="descendent-operator" time="0"/>
  <testcase name="case013" classname="descendent-operator" time="0.001"/>
  <testcase name="case010" classname="descendent-operator" time="0"/>
  <testcase name="case012" classname="descendent-operator" time="0.009"/>
  <testcase name="case008" classname="descendent-operator" time="0.001"/>
  <testcase name="case004" classname="descendent-operator" time="0.001"/>
  <testcase name="case014" classname="descendent-operator" time="0"/>
  <testcase name="case015" classname="descendent-operator" time="0.001"/>
  <testcase name="case003" classname="descendent-operator" time="0"/>
  <testcase name="descendent-operator" classname="descendent-operator" time="0"/>
  <testcase name="case009" classname="function-applications" time="0">
    <skipped/>
  </testcase>
  <testcase name="case016" classname="function-applications" time="0">
    <skipped/>
  </testcase>
  <testcase name="case011" classname="function-applications" time="0"/>
  <testcase name="case021" classname="function-applications" time="0">
    <skipped/>
  </testcase>
  <testcase name="case005" classname="function-applications" time="0">
    <skipped/>
  </testcase>
  <testcase name="case000" classname="function-applications" time="0"/>
  <testcase name="case019" classname="function-applications" time="0">
    <skipped/>
  </testcase>
  <testcase name="case001" classname="function-applications" time="0.001"/>
  <testcase name="case018" classname="function-applications" time="0">
    <skipped/>
  </testcase>
  <testcase name="case002" classname="function-applications" time="0"/>
  <testcase name="case007" classname="function-applications" time="0.001"/>
  <testcase name="case006" classname="function-applications" time="0.002"/>
  <testcase name="case013" classname="function-applications" time="0">
    <skipped/>
  </testcase>
  <testcase name="case010" classname="function-applications" time="0"/>
  <testcase name="case020" classname="function-applications" time="0"/>
  <testcase name="case017" classname="function-applications" time="0">
    <skipped/>
  </testcase>
  <testcase name="case012" classname="function-applications" time="0">
    <skipped/>
  </testcase>
  <testcase name="case008" classname="function-applications" time="0"/>
  <testcase name="case004" classname="function-applications" time="0"/>
  <testcase name="case014" classname="function-applications" time="0">
    <skipped/>
  </testcase>
  <testcase name="case015" classname="function-applications" time="0">
    <skipped/>
  </testcase>
  <testcase name="case003" classname="function-applications" time="0.002"/>
  <testcase name="function-applications" classname="function-applications" time="0.002"/>
  <testcase name="formatInteger-64" classname="function-formatInteger" time="0"/>
  <testcase name="function-formatInteger" classname="function-formatInteger" time="0"/>
  <testcase name="function-distinct" classname="function-distinct" time="0">
    <skipped/>
  </testcase>
  <testcase name="distinct-7" classname="function-distinct" time="0">
    <skipped/>
  </testcase>
  <testcase name="case009" classname="function-boolean" time="0"/>
  <testcase name="case016" classname="function-boolean" time="0"/>
  <testcase name="case011" classname="function-boolean" time="0"/>
  <testcase name="case021" classname="function-boolean" time="0.001"/>
  <testcase name="case005" classname="function-boolean" time="0"/>
  <testcase name="case023" classname="function-boolean" time="0"/>
  <testcase name="case000" classname="function-boolean" time="0"/>
  <testcase name="case019" classname="function-boolean" time="0.001"/>
  <testcase name="case001" classname="function-boolean" time="0"/>
  <testcase name="case018" classname="function-boolean" time="0"/>
  <testcase name="case002" classname="function-boolean" time="0"/>
  <testcase name="case007" classname="function-boolean" time="0"/>
  <testcase name="case006" classname="function-boolean" time="0"/>
  <testcase name="case013" classname="function-boolean" time="0"/>
  <testcase name="case010" classname="function-boolean" time="0"/>
  <testcase name="case020" classname="function-boolean" time="0.001"/>
  <testcase name="case017" classname="function-boolean" time="0"/>
  <testcase name="case022" classname="function-boolean" time="0"/>
  <testcase name="case012" classname="function-boolean" time="0.001"/>
  <testcase name="case008" classname="function-boolean" time="0"/>
  <testcase name="case004" classname="function-boolean" time="0"/>
  <testcase name="case014" classname="function-boolean" time="0"/>
  <testcase name="case015" classname="function-boolean" time="0.001"/>
  <testcase name="case003" classname="function-boolean" time="0"/>
  <testcase name="function-boolean" classname="function-boolean" time="0"/>
  <testcase name="case009" classname="function-number" time="0"/>
  <testcase name="case024" classname="function-number" time="0"/>
  <testcase name="case030" classname="function-number" time="0.001"/>
  <testcase name="case016" classname="function-number" time="0"/>
  <testcase name="case011" classname="function-number" time="0"/>
  <testcase name="case021" classname="function-number" time="0"/>
  <testcase name="case005" classname="function-number" time="0"/>
  <testcase name="case023" classname="function-number" time="0"/>
  <testcase name="case000" classname="function-number" time="0.001"/>
  <testcase name="case019" classname="function-number" time="0"/>
  <testcase name="case001" classname="function-number" time="0"/>
  <testcase name="case025" classname="function-number" time="0"/>
  <testcase name="case018" classname="function-number" time="0"/>
  <testcase name="case002" classname="function-number" time="0"/>
  <testcase name="case007" classname="function-number" time="0"/>
  <testcase name="case027" classname="function-number" time="0.001"/>
  <testcase name="case006" classname="function-number" time="0"/>
  <testcase name="case013" classname="function-number" time="0"/>
  <testcase name="case010" classname="function-number" time="0.001"/>
  <testcase name="case020" classname="function-number" time="0"/>
  <testcase name="case026" classname="function-number" time="0"/>
  <testcase name="case029" classname="function-number" time="0"/>
  <testcase name="case017" classname="function-number" time="0"/>
  <testcase name="case022" classname="function-number" time="0"/>
  <testcase name="case028" classname="function-number" time="0"/>
  <testcase name="case012" classname="function-number" time="0.001"/>
  <testcase name="case008" classname="function-number" time="0"/>
  <testcase name="case004" classname="function-number" time="0"/>
  <testcase name="case014" classname="function-number" time="0"/>
  <testcase name="case015" classname="function-number" time="0"/>
  <testcase name="case003" classname="function-number" time="0"/>
  <testcase name="function-number" classname="function-number" time="0.001"/>
  <testcase name="parent-operator" classname="parent-operator" time="0">
    <skipped/>
  </testcase>
  <testcase name="parent-27" classname="parent-operator" time="0">
    <skipped/>
  </testcase>
  <testcase name="errors-15" classname="parent-operator" time="0">
    <skipped/>
  </testcase>
  <testcase name="case000" classname="function-shuffle" time="0"/>
  <testcase name="case001" classname="function-shuffle" time="0.001"/>
  <testcase name="case002" classname="function-shuffle" time="0"/>
  <testcase name="case003" classname="function-shuffle" time="0"/>
  <testcase name="function-shuffle" classname="function-shuffle" time="0"/>
  <testcase name="case000" classname="function-floor" time="0.001"/>
  <testcase name="case001" classname="function-floor" time="0"/>
  <testcase name="case002" classname="function-floor" time="0"/>
  <testcase name="case003" classname="function-floor" time="0"/>
  <testcase name="function-floor" classname="function-floor" time="0"/>
  <testcase name="function-formatNumber" classname="function-formatNumber" time="0">
    <skipped/>
  </testcase>
  <testcase name="case009" classname="function-formatNumber" time="0">
    <skipped/>
  </testcase>
  <testcase name="case024" classname="function-formatNumber" time="0">
    <skipped/>
  </testcase>
  <testcase name="case030" classname="function-formatNumber" time="0">
    <skipped/>
  </testcase>
  <testcase name="case016" classname="function-formatNumber" time="0">
    <skipped/>
  </testcase>
  <testcase name="case011" classname="function-formatNumber" time="0">
    <skipped/>
  </testcase>
  <testcase name="case021" classname="function-formatNumber" time="0">
    <skipped/>
  </testcase>
  <testcase name="case005" classname="function-formatNumber" time="0">
    <skipped/>
  </testcase>
  <testcase name="case031" classname="function-formatNumber" time="0">
    <skipped/>
  </testcase>
  <testcase name="case023" classname="function-formatNumber" time="0">
    <skipped/>
  </testcase>
  <testcase name="case000" classname="function-formatNumber" time="0">
    <skipped/>
  </testcase>
  <testcase name="case019" classname="function-formatNumber" time="0">
    <skipped/>
  </testcase>
  <testcase name="case001" classname="function-formatNumber" time="0">
    <skipped/>
  </testcase>
  <testcase name="case025" classname="function-formatNumber" time="0">
    <skipped/>
  </testcase>
  <testcase name="case018" classname="function-formatNumber" time="0">
    <skipped/>
  </testcase>
  <testcase name="case002" classname="function-formatNumber" time="0">
    <skipped/>
  </testcase>
  <testcase name="case007" classname="function-formatNumber" time="0">
    <skipped/>
  </testcase>
  <testcase name="case027" classname="function-formatNumber" time="0">
    <skipped/>
  </testcase>
  <testcase name="case006" classname="function-formatNumber" time="0">
    <skipped/>
  </testcase>
  <testcase name="case036" classname="function-formatNumber" time="0">
    <skipped/>
  </testcase>
  <testcase name="case013" classname="function-formatNumber" time="0">
    <skipped/>
  </testcase>
  <testcase name="case010" classname="function-formatNumber" time="0">
    <skipped/>
  </testcase>
  <testcase name="case020" classname="function-formatNumber" time="0">
    <skipped/>
  </testcase>
  <testcase name="case026" classname="function-formatNumber" time="0">
    <skipped/>
  </testcase>
  <testcase name="case029" classname="function-formatNumber" time="0">
    <skipped/>
  </testcase>
  <testcase name="case017" classname="function-formatNumber" time="0">
    <skipped/>
  </testcase>
  <testcase name="case033" classname="function-formatNumber" time="0">
    <skipped/>
  </testcase>
  <testcase name="case032" classname="function-formatNumber" time="0">
    <skipped/>
  </testcase>
  <testcase name="case034" classname="function-formatNumber" time="0">
    <skipped/>
  </testcase>
  <testcase name="case022" classname="function-formatNumber" time="0">
    <skipped/>
  </testcase>
  <testcase name="case028" classname="function-formatNumber" time="0">
    <skipped/>
  </testcase>
  <testcase name="case012" classname="function-formatNumber" time="0">
    <skipped/>
  </testcase>
  <testcase name="case008" classname="function-formatNumber" time="0">
    <skipped/>
  </testcase>
  <testcase name="case004" classname="function-formatNumber" time="0">
    <skipped/>
  </testcase>
  <testcase name="case014" classname="function-formatNumber" time="0">
    <skipped/>
  </testcase>
  <testcase name="case015" classname="function-formatNumber" time="0">
    <skipped/>
  </testcase>
  <testcase name="case003" classname="function-formatNumber" time="0">
    <skipped/>
  </testcase>
  <testcase name="case035" classname="function-formatNumber" time="0">
    <skipped/>
  </testcase>
  <testcase name="null" classname="null" time="0.003"/>
  <testcase name="case005" classname="wildcards" time="0.001"/>
  <testcase name="case000" classname="wildcards" time="0.001"/>
  <testcase name="case001" classname="wildcards" time="0"/>
  <testcase name="case002" classname="wildcards" time="0"/>
  <testcase name="case007" classname="wildcards" time="0.001"/>
  <testcase name="case006" classname="wildcards" time="0"/>
  <testcase name="case008" classname="wildcards" time="0.001"/>
  <testcase name="case004" classname="wildcards" time="0"/>
  <testcase name="case003" classname="wildcards" time="0.001"/>
  <testcase name="wildcards" classname="wildcards" time="0.001"/>
  <testcase name="case005" classname="function-sum" time="0"/>
  <testcase name="case000" classname="function-sum" time="0"/>
  <testcase name="case001" classname="function-sum" time="0.002"/>
  <testcase name="case002" classname="function-sum" time="0"/>
  <testcase name="case006" classname="function-sum" time="0"/>
  <testcase name="case004" classname="function-sum" time="0"/>
  <testcase name="case003" classname="function-sum" time="0"/>
  <testcase name="function-sum" classname="function-sum" time="0"/>
  <testcase name="matchers" classname="matchers" time="0">
    <skipped/>
  </testcase>
  <testcase name="case000" classname="matchers" time="0">
    <skipped/>
  </testcase>
  <testcase name="case001" classname="matchers" time="0">
    <skipped/>
  </testcase>
  <testcase name="case000" classname="function-reverse" time="0"/>
  <testcase name="case001" classname="function-reverse" time="0"/>
  <testcase name="case002" classname="function-reverse" time="0.001"/>
  <testcase name="case003" classname="function-reverse" time="0.004"/>
  <testcase name="function-reverse" classname="function-reverse" time="0.004"/>
  <testcase name="case000" classname="hof-filter" time="0">
    <skipped/>
  </testcase>
  <testcase name="case001" classname="hof-filter" time="0">
    <skipped/>
  </testcase>
  <testcase name="case002" classname="hof-filter" time="0.001"/>
  <testcase name="case003" classname="hof-filter" time="0.001"/>
  <testcase name="hof-filter" classname="hof-filter" time="0.001"/>
  <testcase name="case005" classname="function-power" time="0"/>
  <testcase name="case000" classname="function-power" time="0"/>
  <testcase name="case001" classname="function-power" time="0"/>
  <testcase name="case002" classname="function-power" time="0.001"/>
  <testcase name="case006" classname="function-power" time="0"/>
  <testcase name="case004" classname="function-power" time="0"/>
  <testcase name="case003" classname="function-power" time="0"/>
  <testcase name="function-power" classname="function-power" time="0"/>
  <testcase name="case009" classname="function-split" time="0"/>
  <testcase name="case016" classname="function-split" time="0"/>
  <testcase name="case011" classname="function-split" time="0"/>
  <testcase name="case005" classname="function-split" time="0"/>
  <testcase name="case000" classname="function-split" time="0.001"/>
  <testcase name="case001" classname="function-split" time="0"/>
  <testcase name="case018" classname="function-split" time="0.001"/>
  <testcase name="case002" classname="function-split" time="0"/>
  <testcase name="case007" classname="function-split" time="0"/>
  <testcase name="case006" classname="function-split" time="0"/>
  <testcase name="case013" classname="function-split" time="0"/>
  <testcase name="case010" classname="function-split" time="0.001"/>
  <testcase name="case017" classname="function-split" time="0"/>
  <testcase name="case012" classname="function-split" time="0"/>
  <testcase name="case008" classname="function-split" time="0"/>
  <testcase name="case004" classname="function-split" time="0.001"/>
  <testcase name="case014" classname="function-split" time="0"/>
  <testcase name="case015" classname="function-split" time="0"/>
  <testcase name="case003" classname="function-split" time="0"/>
  <testcase name="function-split" classname="function-split" time="0"/>
  <testcase name="tail-recursion" classname="tail-recursion" time="0">
    <skipped/>
  </testcase>
  <testcase name="case009" classname="tail-recursion" time="0">
    <skipped/>
  </testcase>
  <testcase name="case005" classname="tail-recursion" time="0">
    <skipped/>
  </testcase>
  <testcase name="case000" classname="tail-recursion" time="0">
    <skipped/>
  </testcase>
  <testcase name="case001" classname="tail-recursion" time="0">
    <skipped/>
  </testcase>
  <testcase name="case002" classname="tail-recursion" time="0">
    <skipped/>
  </testcase>
  <testcase name="case007" classname="tail-recursion" time="0">
    <skipped/>
  </testcase>
  <testcase name="case006" classname="tail-recursion" time="0">
    <skipped/>
  </testcase>
  <testcase name="case008" classname="tail-recursion" time="0">
    <skipped/>
  </testcase>
  <testcase name="case004" classname="tail-recursion" time="0">
    <skipped/>
  </testcase>
  <testcase name="case003" classname="tail-recursion" time="0">
    <skipped/>
  </testcase>
  <testcase name="case005" classname="function-append" time="0"/>
  <testcase name="case000" classname="function-append" time="0.001"/>
  <testcase name="case001" classname="function-append" time="0"/>
  <testcase name="case002" classname="function-append" time="0"/>
  <testcase name="case004" classname="function-append" time="0"/>
  <testcase name="case003" classname="function-append" time="0"/>
  <testcase name="function-append" classname="function-append" time="0.009"/>
  <testcase name="case000" classname="function-merge" time="0"/>
  <testcase name="case001" classname="function-merge" time="0"/>
  <testcase name="case002" classname="function-merge" time="0.001"/>
  <testcase name="case004" classname="function-merge" time="0"/>
  <testcase name="case003" classname="function-merge" time="0"/>
  <testcase name="function-merge" classname="function-merge" time="0"/>
  <testcase name="function-assert" classname="function-assert" time="0">
    <skipped/>
  </testcase>
  <testcase name="case005" classname="function-assert" time="0">
    <skipped/>
  </testcase>
  <testcase name="case000" classname="function-assert" time="0">
    <skipped/>
  </testcase>
  <testcase name="case001" classname="function-assert" time="0">
    <skipped/>
  </testcase>
  <testcase name="case002" classname="function-assert" time="0">
    <skipped/>
  </testcase>
  <testcase name="case007" classname="function-assert" time="0">
    <skipped/>
  </testcase>
  <testcase name="case006" classname="function-assert" time="0">
    <skipped/>
  </testcase>
  <testcase name="case004" classname="function-assert" time="0">
    <skipped/>
  </testcase>
  <testcase name="case003" classname="function-assert" time="0">
    <skipped/>
  </testcase>
  <testcase name="case009" classname="function-exists" time="0"/>
  <testcase name="case024" classname="function-exists" time="0"/>
  <testcase name="case016" classname="function-exists" time="0.007"/>
  <testcase name="case011" classname="function-exists" time="0"/>
  <testcase name="case021" classname="function-exists" time="0"/>
  <testcase name="case005" classname="function-exists" time="0"/>
  <testcase name="case023" classname="function-exists" time="0"/>
  <testcase name="case000" classname="function-exists" time="0"/>
  <testcase name="case019" classname="function-exists" time="0"/>
  <testcase name="case001" classname="function-exists" time="0"/>
  <testcase name="case018" classname="function-exists" time="0.001"/>
  <testcase name="case002" classname="function-exists" time="0"/>
  <testcase name="case007" classname="function-exists" time="0"/>
  <testcase name="case006" classname="function-exists" time="0"/>
  <testcase name="case013" classname="function-exists" time="0"/>
  <testcase name="case010" classname="function-exists" time="0"/>
  <testcase name="case020" classname="function-exists" time="0"/>
  <testcase name="case017" classname="function-exists" time="0.001"/>
  <testcase name="case022" classname="function-exists" time="0"/>
  <testcase name="case012" classname="function-exists" time="0"/>
  <testcase name="case008" classname="function-exists" time="0"/>
  <testcase name="case004" classname="function-exists" time="0"/>
  <testcase name="case014" classname="function-exists" time="0"/>
  <testcase name="case015" classname="function-exists" time="0.001"/>
  <testcase name="case003" classname="function-exists" time="0"/>
  <testcase name="function-exists" classname="function-exists" time="0"/>
  <testcase name="case000" classname="function-sift" time="0">
    <skipped/>
  </testcase>
  <testcase name="case001" classname="function-sift" time="0">
    <skipped/>
  </testcase>
  <testcase name="case002" classname="function-sift" time="0">
    <skipped/>
  </testcase>
  <testcase name="case004" classname="function-sift" time="0">
    <skipped/>
  </testcase>
  <testcase name="case003" classname="function-sift" time="0.001"/>
  <testcase name="function-sift" classname="function-sift" time="0.001"/>
  <testcase name="employee-map-reduce-11" classname="joins" time="0">
    <skipped/>
  </testcase>
  <testcase name="library-joins-10" classname="joins" time="0">
    <skipped/>
  </testcase>
  <testcase name="index-15" classname="joins" time="0">
    <skipped/>
  </testcase>
  <testcase name="errors-3" classname="joins" time="0"/>
  <testcase name="joins" classname="joins" time="0"/>
  <testcase name="case009" classname="function-sort" time="0"/>
  <testcase name="case005" classname="function-sort" time="0"/>
  <testcase name="case000" classname="function-sort" time="0"/>
  <testcase name="case001" classname="function-sort" time="0.001"/>
  <testcase name="case002" classname="function-sort" time="0"/>
  <testcase name="case007" classname="function-sort" time="0"/>
  <testcase name="case006" classname="function-sort" time="0"/>
  <testcase name="case010" classname="function-sort" time="0">
    <skipped/>
  </testcase>
  <testcase name="case008" classname="function-sort" time="0.004"/>
  <testcase name="case004" classname="function-sort" time="0"/>
  <testcase name="case003" classname="function-sort" time="0"/>
  <testcase name="function-sort" classname="function-sort" time="0"/>
  <testcase name="case005" classname="parentheses" time="0.001"/>
  <testcase name="case000" classname="parentheses" time="0"/>
  <testcase name="case001" classname="parentheses" time="0"/>
  <testcase name="case002" classname="parentheses" time="0.001"/>
  <testcase name="case007" classname="parentheses" time="0"/>
  <testcase name="case006" classname="parentheses" time="0"/>
  <testcase name="case004" classname="parentheses" time="0"/>
  <testcase name="case003" classname="parentheses" time="0.001"/>
  <testcase name="parentheses" classname="parentheses" time="0.001"/>
  <testcase name="case000" classname="function-spread" time="0"/>
  <testcase name="case001" classname="function-spread" time="0"/>
  <testcase name="case002" classname="function-spread" time="0.001"/>
  <testcase name="case003" classname="function-spread" time="0"/>
  <testcase name="function-spread" classname="function-spread" time="0"/>
  <testcase name="case009" classname="boolean-expresssions" time="0"/>
  <testcase name="case024" classname="boolean-expresssions" time="0"/>
  <testcase name="case016" classname="boolean-expresssions" time="0">
    <skipped/>
  </testcase>
  <testcase name="case011" classname="boolean-expresssions" time="0"/>
  <testcase name="case021" classname="boolean-expresssions" time="0.001"/>
  <testcase name="case005" classname="boolean-expresssions" time="0"/>
  <testcase name="case023" classname="boolean-expresssions" time="0"/>
  <testcase name="case000" classname="boolean-expresssions" time="0"/>
  <testcase name="case019" classname="boolean-expresssions" time="0"/>
  <testcase name="case001" classname="boolean-expresssions" time="0"/>
  <testcase name="case025" classname="boolean-expresssions" time="0"/>
  <testcase name="case018" classname="boolean-expresssions" time="0"/>
  <testcase name="case002" classname="boolean-expresssions" time="0.001"/>
  <testcase name="case007" classname="boolean-expresssions" time="0"/>
  <testcase name="case027" classname="boolean-expresssions" time="0"/>
  <testcase name="case006" classname="boolean-expresssions" time="0"/>
  <testcase name="case013" classname="boolean-expresssions" time="0">
    <skipped/>
  </testcase>
  <testcase name="case010" classname="boolean-expresssions" time="0"/>
  <testcase name="case020" classname="boolean-expresssions" time="0"/>
  <testcase name="case026" classname="boolean-expresssions" time="0"/>
  <testcase name="case017" classname="boolean-expresssions" time="0.001"/>
  <testcase name="case022" classname="boolean-expresssions" time="0"/>
  <testcase name="case012" classname="boolean-expresssions" time="0">
    <skipped/>
  </testcase>
  <testcase name="case008" classname="boolean-expresssions" time="0"/>
  <testcase name="case004" classname="boolean-expresssions" time="0"/>
  <testcase name="case014" classname="boolean-expresssions" time="0">
    <skipped/>
  </testcase>
  <testcase name="case015" classname="boolean-expresssions" time="0">
    <skipped/>
  </testcase>
  <testcase name="case003" classname="boolean-expresssions" time="0.003"/>
  <testcase name="boolean-expresssions" classname="boolean-expresssions" time="0.003"/>
  <testcase name="higher-order-functions" classname="higher-order-functions" time="0">
    <skipped/>
  </testcase>
  <testcase name="case000" classname="higher-order-functions" time="0">
    <skipped/>
  </testcase>
  <testcase name="case001" classname="higher-order-functions" time="0">
    <skipped/>
  </testcase>
  <testcase name="case002" classname="higher-order-functions" time="0">
    <skipped/>
  </testcase>
  <testcase name="hof-single" classname="hof-single" time="0">
    <skipped/>
  </testcase>
  <testcase name="case009" classname="hof-single" time="0">
    <skipped/>
  </testcase>
  <testcase name="case005" classname="hof-single" time="0">
    <skipped/>
  </testcase>
  <testcase name="case000" classname="hof-single" time="0">
    <skipped/>
  </testcase>
  <testcase name="case001" classname="hof-single" time="0">
    <skipped/>
  </testcase>
  <testcase name="case002" classname="hof-single" time="0">
    <skipped/>
  </testcase>
  <testcase name="case007" classname="hof-single" time="0">
    <skipped/>
  </testcase>
  <testcase name="case006" classname="hof-single" time="0">
    <skipped/>
  </testcase>
  <testcase name="case010" classname="hof-single" time="0">
    <skipped/>
  </testcase>
  <testcase name="case008" classname="hof-single" time="0">
    <skipped/>
  </testcase>
  <testcase name="case004" classname="hof-single" time="0">
    <skipped/>
  </testcase>
  <testcase name="case003" classname="hof-single" time="0">
    <skipped/>
  </testcase>
  <testcase name="case000" classname="function-sqrt" time="0"/>
  <testcase name="case001" classname="function-sqrt" time="0"/>
  <testcase name="case002" classname="function-sqrt" time="0"/>
  <testcase name="case003" classname="function-sqrt" time="0"/>
  <testcase name="function-sqrt" classname="function-sqrt" time="0"/>
  <testcase name="function-eval" classname="function-eval" time="0">
    <skipped/>
  </testcase>
  <testcase name="case005" classname="function-eval" time="0">
    <skipped/>
  </testcase>
  <testcase name="case000" classname="function-eval" time="0">
    <skipped/>
  </testcase>
  <testcase name="case001" classname="function-eval" time="0">
    <skipped/>
  </testcase>
  <testcase name="case002" classname="function-eval" time="0">
    <skipped/>
  </testcase>
  <testcase name="case007" classname="function-eval" time="0">
    <skipped/>
  </testcase>
  <testcase name="case006" classname="function-eval" time="0">
    <skipped/>
  </testcase>
  <testcase name="case004" classname="function-eval" time="0">
    <skipped/>
  </testcase>
  <testcase name="case003" classname="function-eval" time="0">
    <skipped/>
  </testcase>
  <testcase name="case009" classname="function-round" time="0"/>
  <testcase name="case016" classname="function-round" time="0"/>
  <testcase name="case011" classname="function-round" time="0"/>
  <testcase name="case005" classname="function-round" time="0"/>
  <testcase name="case000" classname="function-round" time="0"/>
  <testcase name="case001" classname="function-round" time="0"/>
  <testcase name="case002" classname="function-round" time="0"/>
  <testcase name="case007" classname="function-round" time="0"/>
  <testcase name="case006" classname="function-round" time="0"/>
  <testcase name="case013" classname="function-round" time="0"/>
  <testcase name="case010" classname="function-round" time="0"/>
  <testcase name="case017" classname="function-round" time="0"/>
  <testcase name="case012" classname="function-round" time="0"/>
  <testcase name="case008" classname="function-round" time="0"/>
  <testcase name="case004" classname="function-round" time="0.001"/>
  <testcase name="case014" classname="function-round" time="0"/>
  <testcase name="case015" classname="function-round" time="0"/>
  <testcase name="case003" classname="function-round" time="0"/>
  <testcase name="function-round" classname="function-round" time="0"/>
  <testcase name="case005" classname="function-zip" time="0.003"/>
  <testcase name="case000" classname="function-zip" time="0.001"/>
  <testcase name="case001" classname="function-zip" time="0"/>
  <testcase name="case002" classname="function-zip" time="0"/>
  <testcase name="case004" classname="function-zip" time="0"/>
  <testcase name="case003" classname="function-zip" time="0.001"/>
  <testcase name="function-zip" classname="function-zip" time="0.001"/>
  <testcase name="case009" classname="function-average" time="0"/>
  <testcase name="case011" classname="function-average" time="0"/>
  <testcase name="case005" classname="function-average" time="0"/>
  <testcase name="case000" classname="function-average" time="0"/>
  <testcase name="case001" classname="function-average" time="0.001"/>
  <testcase name="case002" classname="function-average" time="0.001"/>
  <testcase name="case007" classname="function-average" time="0"/>
  <testcase name="case006" classname="function-average" time="0"/>
  <testcase name="case010" classname="function-average" time="0"/>
  <testcase name="case012" classname="function-average" time="0"/>
  <testcase name="case008" classname="function-average" time="0"/>
  <testcase name="case004" classname="function-average" time="0"/>
  <testcase name="case003" classname="function-average" time="0.001"/>
  <testcase name="function-average" classname="function-average" time="0.001"/>
  <testcase name="sorting" classname="sorting" time="0">
    <skipped/>
  </testcase>
  <testcase name="case009" classname="sorting" time="0">
    <skipped/>
  </testcase>
  <testcase name="case016" classname="sorting" time="0">
    <skipped/>
  </testcase>
  <testcase name="case011" classname="sorting" time="0">
    <skipped/>
  </testcase>
  <testcase name="case005" classname="sorting" time="0">
    <skipped/>
  </testcase>
  <testcase name="case000" classname="sorting" time="0">
    <skipped/>
  </testcase>
  <testcase name="case019" classname="sorting" time="0">
    <skipped/>
  </testcase>
  <testcase name="case001" classname="sorting" time="0">
    <skipped/>
  </testcase>
  <testcase name="case018" classname="sorting" time="0">
    <skipped/>
  </testcase>
  <testcase name="case002" classname="sorting" time="0">
    <skipped/>
  </testcase>
  <testcase name="case007" classname="sorting" time="0">
    <skipped/>
  </testcase>
  <testcase name="case006" classname="sorting" time="0">
    <skipped/>
  </testcase>
  <testcase name="case013" classname="sorting" time="0">
    <skipped/>
  </testcase>
  <testcase name="case010" classname="sorting" time="0">
    <skipped/>
  </testcase>
  <testcase name="case020" classname="sorting" time="0">
    <skipped/>
  </testcase>
  <testcase name="case017" classname="sorting" time="0">
    <skipped/>
  </testcase>
  <testcase name="case012" classname="sorting" time="0">
    <skipped/>
  </testcase>
  <testcase name="case008" classname="sorting" time="0">
    <skipped/>
  </testcase>
  <testcase name="case004" classname="sorting" time="0">
    <skipped/>
  </testcase>
  <testcase name="case014" classname="sorting" time="0">
    <skipped/>
  </testcase>
  <testcase name="case015" classname="sorting" time="0">
    <skipped/>
  </testcase>
  <testcase name="case003" classname="sorting" time="0">
    <skipped/>
  </testcase>
  <testcase name="case000" classname="multiple-array-selectors" time="0.001"/>
  <testcase name="case001" classname="multiple-array-selectors" time="0"/>
  <testcase name="case002" classname="multiple-array-selectors" time="0"/>
  <testcase name="multiple-array-selectors" classname="multiple-array-selectors" time="0"/>
  <testcase name="case000" classname="function-ceil" time="0"/>
  <testcase name="case001" classname="function-ceil" time="0"/>
  <testcase name="case002" classname="function-ceil" time="0"/>
  <testcase name="case003" classname="function-ceil" time="0"/>
  <testcase name="function-ceil" classname="function-ceil" time="0"/>
  <testcase name="case009" classname="literals" time="0"/>
  <testcase name="case016" classname="literals" time="0.001"/>
  <testcase name="case011" classname="literals" time="0"/>
  <testcase name="case005" classname="literals" time="0"/>
  <testcase name="case000" classname="literals" time="0"/>
  <testcase name="case019" classname="literals" time="0"/>
  <testcase name="case001" classname="literals" time="0"/>
  <testcase name="case018" classname="literals" time="0"/>
  <testcase name="case002" classname="literals" time="0"/>
  <testcase name="case007" classname="literals" time="0"/>
  <testcase name="case006" classname="literals" time="0">
    <skipped/>
  </testcase>
  <testcase name="case013" classname="literals" time="0.001"/>
  <testcase name="case010" classname="literals" time="0.004"/>
  <testcase name="case017" classname="literals" time="0"/>
  <testcase name="case012" classname="literals" time="0"/>
  <testcase name="case008" classname="literals" time="0"/>
  <testcase name="case004" classname="literals" time="0"/>
  <testcase name="case014" classname="literals" time="0"/>
  <testcase name="case015" classname="literals" time="0"/>
  <testcase name="case003" classname="literals" time="0.001"/>
  <testcase name="literals" classname="literals" time="0.001"/>
  <testcase name="case009" classname="range-operator" time="0"/>
  <testcase name="case024" classname="range-operator" time="0">
    <skipped/>
  </testcase>
  <testcase name="case016" classname="range-operator" time="0"/>
  <testcase name="case011" classname="range-operator" time="0"/>
  <testcase name="case021" classname="range-operator" time="0">
    <skipped/>
  </testcase>
  <testcase name="case005" classname="range-operator" time="0"/>
  <testcase name="case023" classname="range-operator" time="0.001"/>
  <testcase name="case000" classname="range-operator" time="0"/>
  <testcase name="case019" classname="range-operator" time="0"/>
  <testcase name="case001" classname="range-operator" time="0"/>
  <testcase name="case018" classname="range-operator" time="0"/>
  <testcase name="case002" classname="range-operator" time="0"/>
  <testcase name="case007" classname="range-operator" time="0"/>
  <testcase name="case006" classname="range-operator" time="0.001"/>
  <testcase name="case013" classname="range-operator" time="0"/>
  <testcase name="case010" classname="range-operator" time="0"/>
  <testcase name="case020" classname="range-operator" time="0"/>
  <testcase name="case017" classname="range-operator" time="0"/>
  <testcase name="case022" classname="range-operator" time="0"/>
  <testcase name="case012" classname="range-operator" time="0"/>
  <testcase name="case008" classname="range-operator" time="0"/>
  <testcase name="case004" classname="range-operator" time="0.001"/>
  <testcase name="case014" classname="range-operator" time="0"/>
  <testcase name="case015" classname="range-operator" time="0"/>
  <testcase name="case003" classname="range-operator" time="0"/>
  <testcase name="range-operator" classname="range-operator" time="0"/>
  <testcase name="parseInteger-60" classname="function-parseInteger" time="0"/>
  <testcase name="function-parseInteger" classname="function-parseInteger" time="0"/>
  <testcase name="case009" classname="flattening" time="0.001"/>
  <testcase name="case024" classname="flattening" time="0"/>
  <testcase name="case030" classname="flattening" time="0"/>
  <testcase name="case016" classname="flattening" time="0.001"/>
  <testcase name="case011" classname="flattening" time="0"/>
  <testcase name="case037" classname="flattening" time="0">
    <skipped/>
  </testcase>
  <testcase name="case042" classname="flattening" time="0">
    <skipped/>
  </testcase>
  <testcase name="case021" classname="flattening" time="0.001"/>
  <testcase name="case005" classname="flattening" time="0"/>
  <testcase name="case031" classname="flattening" time="0"/>
  <testcase name="case023" classname="flattening" time="0"/>
  <testcase name="case000" classname="flattening" time="0.001"/>
  <testcase name="case043" classname="flattening" time="0">
    <skipped/>
  </testcase>
  <testcase name="case019" classname="flattening" time="0"/>
  <testcase name="case038" classname="flattening" time="0">
    <skipped/>
  </testcase>
  <testcase name="case001" classname="flattening" time="0.001"/>
  <testcase name="case025" classname="flattening" time="0"/>
  <testcase name="case018" classname="flattening" time="0"/>
  <testcase name="case002" classname="flattening" time="0"/>
  <testcase name="case007" classname="flattening" time="0.001"/>
  <testcase name="case027" classname="flattening" time="0"/>
  <testcase name="case006" classname="flattening" time="0"/>
  <testcase name="case036" classname="flattening" time="0.001"/>
  <testcase name="case013" classname="flattening" time="0"/>
  <testcase name="case040" classname="flattening" time="0">
    <skipped/>
  </testcase>
  <testcase name="case045" classname="flattening" time="0">
    <skipped/>
  </testcase>
  <testcase name="case010" classname="flattening" time="0.001"/>
  <testcase name="case020" classname="flattening" time="0"/>
  <testcase name="array-inputs-7" classname="flattening" time="0"/>
  <testcase name="case026" classname="flattening" time="0"/>
  <testcase name="case034a" classname="flattening" time="0"/>
  <testcase name="case041" classname="flattening" time="0">
    <skipped/>
  </testcase>
  <testcase name="case029" classname="flattening" time="0"/>
  <testcase name="case017" classname="flattening" time="0.003"/>
  <testcase name="case033" classname="flattening" time="0"/>
  <testcase name="case032" classname="flattening" time="0"/>
  <testcase name="case034" classname="flattening" time="0">
    <skipped/>
  </testcase>
  <testcase name="sequence-of-arrays-3" classname="flattening" time="0">
    <skipped/>
  </testcase>
  <testcase name="large-1" classname="flattening" time="1.27"/>
  <testcase name="case044" classname="flattening" time="0">
    <skipped/>
  </testcase>
  <testcase name="case022" classname="flattening" time="0.001"/>
  <testcase name="case028" classname="flattening" time="0"/>
  <testcase name="case012" classname="flattening" time="0"/>
  <testcase name="case008" classname="flattening" time="0.001"/>
  <testcase name="case039" classname="flattening" time="0"/>
  <testcase name="case004" classname="flattening" time="0.001"/>
  <testcase name="case014" classname="flattening" time="0"/>
  <testcase name="case015" classname="flattening" time="0"/>
  <testcase name="case003" classname="flattening" time="0"/>
  <testcase name="case035" classname="flattening" time="0.001"/>
  <testcase name="flattening" classname="flattening" time="0.001"/>
  <testcase name="case000" classname="function-substringAfter" time="0"/>
  <testcase name="case001" classname="function-substringAfter" time="0"/>
  <testcase name="case002" classname="function-substringAfter" time="0"/>
  <testcase name="case004" classname="function-substringAfter" time="0"/>
  <testcase name="case003" classname="function-substringAfter" time="0"/>
  <testcase name="function-substringAfter" classname="function-substringAfter" time="0"/>
  <testcase name="case000" classname="comments" time="0.003"/>
  <testcase name="case001" classname="comments" time="0"/>
  <testcase name="case002" classname="comments" time="0"/>
  <testcase name="case003" classname="comments" time="0.008"/>
  <testcase name="comments" classname="comments" time="0.008"/>
  <testcase name="case009" classname="errors" time="0.004"/>
  <testcase name="case024" classname="errors" time="0.001"/>
  <testcase name="case016" classname="errors" time="0"/>
  <testcase name="case011" classname="errors" time="0"/>
  <testcase name="case021" classname="errors" time="0"/>
  <testcase name="case005" classname="errors" time="0.001"/>
  <testcase name="case023" classname="errors" time="0">
    <skipped/>
  </testcase>
  <testcase name="case000" classname="errors" time="0"/>
  <testcase name="case019" classname="errors" time="0"/>
  <testcase name="case001" classname="errors" time="0"/>
  <testcase name="case025" classname="errors" time="0.001"/>
  <testcase name="case018" classname="errors" time="0">
    <skipped/>
  </testcase>
  <testcase name="case002" classname="errors" time="0"/>
  <testcase name="case007" classname="errors" time="0.001"/>
  <testcase name="case006" classname="errors" time="0"/>
  <testcase name="case013" classname="errors" time="0">
    <skipped/>
  </testcase>
  <testcase name="case010" classname="errors" time="0"/>
  <testcase name="case020" classname="errors" time="0">
    <skipped/>
  </testcase>
  <testcase name="case026" classname="errors" time="0.001"/>
  <testcase name="case017" classname="errors" time="0"/>
  <testcase name="case022" classname="errors" time="0">
    <skipped/>
  </testcase>
  <testcase name="case012" classname="errors" time="0">
    <skipped/>
  </testcase>
  <testcase name="case008" classname="errors" time="0"/>
  <testcase name="case004" classname="errors" time="0"/>
  <testcase name="case014" classname="errors" time="0">
    <skipped/>
  </testcase>
  <testcase name="case015" classname="errors" time="0">
    <skipped/>
  </testcase>
  <testcase name="case003" classname="errors" time="0"/>
  <testcase name="errors" classname="errors" time="0"/>
  <testcase name="regex" classname="regex" time="0">
    <skipped/>
  </testcase>
  <testcase name="case009" classname="regex" time="0">
    <skipped/>
  </testcase>
  <testcase name="case024" classname="regex" time="0">
    <skipped/>
  </testcase>
  <testcase name="case030" classname="regex" time="0">
    <skipped/>
  </testcase>
  <testcase name="case016" classname="regex" time="0">
    <skipped/>
  </testcase>
  <testcase name="case011" classname="regex" time="0">
    <skipped/>
  </testcase>
  <testcase name="case037" classname="regex" time="0">
    <skipped/>
  </testcase>
  <testcase name="case021" classname="regex" time="0">
    <skipped/>
  </testcase>
  <testcase name="case005" classname="regex" time="0">
    <skipped/>
  </testcase>
  <testcase name="case031" classname="regex" time="0">
    <skipped/>
  </testcase>
  <testcase name="case023" classname="regex" time="0">
    <skipped/>
  </testcase>
  <testcase name="case000" classname="regex" time="0">
    <skipped/>
  </testcase>
  <testcase name="case019" classname="regex" time="0">
    <skipped/>
  </testcase>
  <testcase name="case038" classname="regex" time="0">
    <skipped/>
  </testcase>
  <testcase name="case001" classname="regex" time="0">
    <skipped/>
  </testcase>
  <testcase name="case025" classname="regex" time="0">
    <skipped/>
  </testcase>
  <testcase name="case018" classname="regex" time="0">
    <skipped/>
  </testcase>
  <testcase name="case002" classname="regex" time="0">
    <skipped/>
  </testcase>
  <testcase name="case007" classname="regex" time="0">
    <skipped/>
  </testcase>
  <testcase name="case027" classname="regex" time="0">
    <skipped/>
  </testcase>
  <testcase name="case006" classname="regex" time="0">
    <skipped/>
  </testcase>
  <testcase name="case036" classname="regex" time="0">
    <skipped/>
  </testcase>
  <testcase name="case013" classname="regex" time="0">
    <skipped/>
  </testcase>
  <testcase name="case010" classname="regex" time="0">
    <skipped/>
  </testcase>
  <testcase name="case020" classname="regex" time="0">
    <skipped/>
  </testcase>
  <testcase name="case026" classname="regex" time="0">
    <skipped/>
  </testcase>
  <testcase name="case029" classname="regex" time="0">
    <skipped/>
  </testcase>
  <testcase name="case017" classname="regex" time="0">
    <skipped/>
  </testcase>
  <testcase name="case033" classname="regex" time="0">
    <skipped/>
  </testcase>
  <testcase name="case032" classname="regex" time="0">
    <skipped/>
  </testcase>
  <testcase name="case034" classname="regex" time="0">
    <skipped/>
  </testcase>
  <testcase name="case022" classname="regex" time="0">
    <skipped/>
  </testcase>
  <testcase name="case028" classname="regex" time="0">
    <skipped/>
  </testcase>
  <testcase name="case012" classname="regex" time="0">
    <skipped/>
  </testcase>
  <testcase name="case008" classname="regex" time="0">
    <skipped/>
  </testcase>
  <testcase name="case004" classname="regex" time="0">
    <skipped/>
  </testcase>
  <testcase name="case014" classname="regex" time="0">
    <skipped/>
  </testcase>
  <testcase name="case015" classname="regex" time="0">
    <skipped/>
  </testcase>
  <testcase name="case003" classname="regex" time="0">
    <skipped/>
  </testcase>
  <testcase name="case035" classname="regex" time="0">
    <skipped/>
  </testcase>
  <testcase name="case009" classname="function-substring" time="0"/>
  <testcase name="case016" classname="function-substring" time="0"/>
  <testcase name="case011" classname="function-substring" time="0"/>
  <testcase name="case005" classname="function-substring" time="0"/>
  <testcase name="case000" classname="function-substring" time="0"/>
  <testcase name="case001" classname="function-substring" time="0"/>
  <testcase name="case018" classname="function-substring" time="0.001"/>
  <testcase name="case002" classname="function-substring" time="0"/>
  <testcase name="case007" classname="function-substring" time="0"/>
  <testcase name="case006" classname="function-substring" time="0"/>
  <testcase name="case013" classname="function-substring" time="0"/>
  <testcase name="case010" classname="function-substring" time="0"/>
  <testcase name="case017" classname="function-substring" time="0"/>
  <testcase name="case012" classname="function-substring" time="0.001"/>
  <testcase name="case008" classname="function-substring" time="0"/>
  <testcase name="case004" classname="function-substring" time="0"/>
  <testcase name="case014" classname="function-substring" time="0"/>
  <testcase name="case015" classname="function-substring" time="0"/>
  <testcase name="case003" classname="function-substring" time="0"/>
  <testcase name="function-substring" classname="function-substring" time="0"/>
  <testcase name="case005" classname="function-contains" time="0"/>
  <testcase name="case000" classname="function-contains" time="0"/>
  <testcase name="case001" classname="function-contains" time="0.001"/>
  <testcase name="case002" classname="function-contains" time="0"/>
  <testcase name="case006" classname="function-contains" time="0"/>
  <testcase name="case004" classname="function-contains" time="0"/>
  <testcase name="case003" classname="function-contains" time="0"/>
  <testcase name="function-contains" classname="function-contains" time="0"/>
  <testcase name="case005" classname="quoted-selectors" time="0.001"/>
  <testcase name="case000" classname="quoted-selectors" time="0"/>
  <testcase name="case001" classname="quoted-selectors" time="0"/>
  <testcase name="case002" classname="quoted-selectors" time="0"/>
  <testcase name="case007" classname="quoted-selectors" time="0.001"/>
  <testcase name="case006" classname="quoted-selectors" time="0"/>
  <testcase name="case004" classname="quoted-selectors" time="0"/>
  <testcase name="case003" classname="quoted-selectors" time="0"/>
  <testcase name="quoted-selectors" classname="quoted-selectors" time="0"/>
  <testcase name="case000" classname="encoding" time="0"/>
  <testcase name="case001" classname="encoding" time="0">
    <skipped/>
  </testcase>
  <testcase name="case002" classname="encoding" time="0"/>
  <testcase name="case003" classname="encoding" time="0">
    <skipped/>
  </testcase>
  <testcase name="encoding" classname="encoding" time="0"/>
  <testcase name="partial-application" classname="partial-application" time="0">
    <skipped/>
  </testcase>
  <testcase name="case000" classname="partial-application" time="0">
    <skipped/>
  </testcase>
  <testcase name="case001" classname="partial-application" time="0">
    <skipped/>
  </testcase>
  <testcase name="case002" classname="partial-application" time="0">
    <skipped/>
  </testcase>
  <testcase name="case004" classname="partial-application" time="0">
    <skipped/>
  </testcase>
  <testcase name="case003" classname="partial-application" time="0">
    <skipped/>
  </testcase>
  <testcase name="case009" classname="hof-map" time="0"/>
  <testcase name="case005" classname="hof-map" time="0.002"/>
  <testcase name="case000" classname="hof-map" time="0.001"/>
  <testcase name="case001" classname="hof-map" time="0.01"/>
  <testcase name="case002" classname="hof-map" time="0"/>
  <testcase name="case007" classname="hof-map" time="0"/>
  <testcase name="case006" classname="hof-map" time="0"/>
  <testcase name="case008" classname="hof-map" time="0">
    <skipped/>
  </testcase>
  <testcase name="case004" classname="hof-map" time="0">
    <skipped/>
  </testcase>
  <testcase name="case003" classname="hof-map" time="0">
    <skipped/>
  </testcase>
  <testcase name="hof-map" classname="hof-map" time="0"/>
  <testcase name="case000" classname="function-abs" time="0"/>
  <testcase name="case001" classname="function-abs" time="0"/>
  <testcase name="case002" classname="function-abs" time="0"/>
  <testcase name="case003" classname="function-abs" time="0"/>
  <testcase name="function-abs" classname="function-abs" time="0"/>
  <testcase name="case005" classname="missing-paths" time="0"/>
  <testcase name="case000" classname="missing-paths" time="0"/>
  <testcase name="case001" classname="missing-paths" time="0"/>
  <testcase name="case002" classname="missing-paths" time="0"/>
  <testcase name="case004" classname="missing-paths" time="0"/>
  <testcase name="case003" classname="missing-paths" time="0"/>
  <testcase name="missing-paths" classname="missing-paths" time="0"/>
  <testcase name="case000" classname="function-lowercase" time="0"/>
  <testcase name="case001" classname="function-lowercase" time="0"/>
  <testcase name="function-lowercase" classname="function-lowercase" time="0"/>
  <testcase name="case005" classname="fields" time="0"/>
  <testcase name="case000" classname="fields" time="0"/>
  <testcase name="case001" classname="fields" time="0"/>
  <testcase name="case002" classname="fields" time="0"/>
  <testcase name="case007" classname="fields" time="0"/>
  <testcase name="case006" classname="fields" time="0"/>
  <testcase name="case004" classname="fields" time="0"/>
  <testcase name="case003" classname="fields" time="0"/>
  <testcase name="fields" classname="fields" time="0"/>
  <testcase name="case009" classname="function-max" time="0"/>
  <testcase name="case024" classname="function-max" time="0"/>
  <testcase name="case016" classname="function-max" time="0"/>
  <testcase name="case011" classname="function-max" time="0"/>
  <testcase name="case021" classname="function-max" time="0"/>
  <testcase name="case005" classname="function-max" time="0"/>
  <testcase name="case023" classname="function-max" time="0"/>
  <testcase name="case000" classname="function-max" time="0"/>
  <testcase name="case019" classname="function-max" time="0"/>
  <testcase name="case001" classname="function-max" time="0"/>
  <testcase name="case025" classname="function-max" time="0"/>
  <testcase name="case018" classname="function-max" time="0"/>
  <testcase name="case002" classname="function-max" time="0"/>
  <testcase name="case007" classname="function-max" time="0"/>
  <testcase name="case006" classname="function-max" time="0"/>
  <testcase name="case013" classname="function-max" time="0"/>
  <testcase name="case010" classname="function-max" time="0"/>
  <testcase name="case020" classname="function-max" time="0"/>
  <testcase name="case026" classname="function-max" time="0"/>
  <testcase name="case017" classname="function-max" time="0"/>
  <testcase name="case022" classname="function-max" time="0"/>
  <testcase name="case012" classname="function-max" time="0"/>
  <testcase name="case008" classname="function-max" time="0.001"/>
  <testcase name="case004" classname="function-max" time="0"/>
  <testcase name="case014" classname="function-max" time="0"/>
  <testcase name="case015" classname="function-max" time="0.001"/>
  <testcase name="case003" classname="function-max" time="0"/>
  <testcase name="function-max" classname="function-max" time="0"/>
  <testcase name="transform" classname="transform" time="0">
    <skipped/>
  </testcase>
  <testcase name="case009" classname="transform" time="0">
    <skipped/>
  </testcase>
  <testcase name="case024" classname="transform" time="0">
    <skipped/>
  </testcase>
  <testcase name="case030" classname="transform" time="0">
    <skipped/>
  </testcase>
  <testcase name="case050" classname="transform" time="0">
    <skipped/>
  </testcase>
  <testcase name="case103" classname="transform" time="0">
    <skipped/>
  </testcase>
  <testcase name="case075" classname="transform" time="0">
    <skipped/>
  </testcase>
  <testcase name="case016" classname="transform" time="0">
    <skipped/>
  </testcase>
  <testcase name="case098" classname="transform" time="0">
    <skipped/>
  </testcase>
  <testcase name="case011" classname="transform" time="0">
    <skipped/>
  </testcase>
  <testcase name="case037" classname="transform" time="0">
    <skipped/>
  </testcase>
  <testcase name="case077" classname="transform" time="0">
    <skipped/>
  </testcase>
  <testcase name="case042" classname="transform" time="0">
    <skipped/>
  </testcase>
  <testcase name="case021" classname="transform" time="0">
    <skipped/>
  </testcase>
  <testcase name="case067" classname="transform" time="0">
    <skipped/>
  </testcase>
  <testcase name="case097" classname="transform" time="0">
    <skipped/>
  </testcase>
  <testcase name="case069" classname="transform" time="0">
    <skipped/>
  </testcase>
  <testcase name="case052" classname="transform" time="0">
    <skipped/>
  </testcase>
  <testcase name="case065" classname="transform" time="0">
    <skipped/>
  </testcase>
  <testcase name="case005" classname="transform" time="0">
    <skipped/>
  </testcase>
  <testcase name="case031" classname="transform" time="0">
    <skipped/>
  </testcase>
  <testcase name="case023" classname="transform" time="0">
    <skipped/>
  </testcase>
  <testcase name="case000" classname="transform" time="0">
    <skipped/>
  </testcase>
  <testcase name="case088" classname="transform" time="0">
    <skipped/>
  </testcase>
  <testcase name="case043" classname="transform" time="0">
    <skipped/>
  </testcase>
  <testcase name="case059" classname="transform" time="0">
    <skipped/>
  </testcase>
  <testcase name="case019" classname="transform" time="0">
    <skipped/>
  </testcase>
  <testcase name="case038" classname="transform" time="0">
    <skipped/>
  </testcase>
  <testcase name="case001" classname="transform" time="0">
    <skipped/>
  </testcase>
  <testcase name="case025" classname="transform" time="0">
    <skipped/>
  </testcase>
  <testcase name="case018" classname="transform" time="0">
    <skipped/>
  </testcase>
  <testcase name="case002" classname="transform" time="0">
    <skipped/>
  </testcase>
  <testcase name="case007" classname="transform" time="0">
    <skipped/>
  </testcase>
  <testcase name="case061" classname="transform" time="0">
    <skipped/>
  </testcase>
  <testcase name="case054" classname="transform" time="0">
    <skipped/>
  </testcase>
  <testcase name="case027" classname="transform" time="0">
    <skipped/>
  </testcase>
  <testcase name="case006" classname="transform" time="0">
    <skipped/>
  </testcase>
  <testcase name="case062" classname="transform" time="0">
    <skipped/>
  </testcase>
  <testcase name="case072" classname="transform" time="0">
    <skipped/>
  </testcase>
  <testcase name="case093" classname="transform" time="0">
    <skipped/>
  </testcase>
  <testcase name="case049" classname="transform" time="0">
    <skipped/>
  </testcase>
  <testcase name="case096" classname="transform" time="0">
    <skipped/>
  </testcase>
  <testcase name="case058" classname="transform" time="0">
    <skipped/>
  </testcase>
  <testcase name="case036" classname="transform" time="0">
    <skipped/>
  </testcase>
  <testcase name="case055" classname="transform" time="0">
    <skipped/>
  </testcase>
  <testcase name="case073" classname="transform" time="0">
    <skipped/>
  </testcase>
  <testcase name="case013" classname="transform" time="0">
    <skipped/>
  </testcase>
  <testcase name="case040" classname="transform" time="0">
    <skipped/>
  </testcase>
  <testcase name="case045" classname="transform" time="0">
    <skipped/>
  </testcase>
  <testcase name="case068" classname="transform" time="0">
    <skipped/>
  </testcase>
  <testcase name="case080" classname="transform" time="0">
    <skipped/>
  </testcase>
  <testcase name="case091" classname="transform" time="0">
    <skipped/>
  </testcase>
  <testcase name="case076" classname="transform" time="0">
    <skipped/>
  </testcase>
  <testcase name="case010" classname="transform" time="0">
    <skipped/>
  </testcase>
  <testcase name="case020" classname="transform" time="0">
    <skipped/>
  </testcase>
  <testcase name="case082" classname="transform" time="0">
    <skipped/>
  </testcase>
  <testcase name="case051" classname="transform" time="0">
    <skipped/>
  </testcase>
  <testcase name="case026" classname="transform" time="0">
    <skipped/>
  </testcase>
  <testcase name="case070" classname="transform" time="0">
    <skipped/>
  </testcase>
  <testcase name="case079" classname="transform" time="0">
    <skipped/>
  </testcase>
  <testcase name="case089" classname="transform" time="0">
    <skipped/>
  </testcase>
  <testcase name="case066" classname="transform" time="0">
    <skipped/>
  </testcase>
  <testcase name="case099" classname="transform" time="0">
    <skipped/>
  </testcase>
  <testcase name="case071" classname="transform" time="0">
    <skipped/>
  </testcase>
  <testcase name="case041" classname="transform" time="0">
    <skipped/>
  </testcase>
  <testcase name="case101" classname="transform" time="0">
    <skipped/>
  </testcase>
  <testcase name="case029" classname="transform" time="0">
    <skipped/>
  </testcase>
  <testcase name="case047" classname="transform" time="0">
    <skipped/>
  </testcase>
  <testcase name="case017" classname="transform" time="0">
    <skipped/>
  </testcase>
  <testcase name="case033" classname="transform" time="0">
    <skipped/>
  </testcase>
  <testcase name="case032" classname="transform" time="0">
    <skipped/>
  </testcase>
  <testcase name="case102" classname="transform" time="0">
    <skipped/>
  </testcase>
  <testcase name="case034" classname="transform" time="0">
    <skipped/>
  </testcase>
  <testcase name="case100" classname="transform" time="0">
    <skipped/>
  </testcase>
  <testcase name="case056" classname="transform" time="0">
    <skipped/>
  </testcase>
  <testcase name="case084" classname="transform" time="0">
    <skipped/>
  </testcase>
  <testcase name="case083" classname="transform" time="0">
    <skipped/>
  </testcase>
  <testcase name="case048" classname="transform" time="0">
    <skipped/>
  </testcase>
  <testcase name="case044" classname="transform" time="0">
    <skipped/>
  </testcase>
  <testcase name="case022" classname="transform" time="0">
    <skipped/>
  </testcase>
  <testcase name="case028" classname="transform" time="0">
    <skipped/>
  </testcase>
  <testcase name="case064" classname="transform" time="0">
    <skipped/>
  </testcase>
  <testcase name="case012" classname="transform" time="0">
    <skipped/>
  </testcase>
  <testcase name="case095" classname="transform" time="0">
    <skipped/>
  </testcase>
  <testcase name="case008" classname="transform" time="0">
    <skipped/>
  </testcase>
  <testcase name="case090" classname="transform" time="0">
    <skipped/>
  </testcase>
  <testcase name="case039" classname="transform" time="0">
    <skipped/>
  </testcase>
  <testcase name="case074" classname="transform" time="0">
    <skipped/>
  </testcase>
  <testcase name="case046" classname="transform" time="0">
    <skipped/>
  </testcase>
  <testcase name="case004" classname="transform" time="0">
    <skipped/>
  </testcase>
  <testcase name="case086" classname="transform" time="0">
    <skipped/>
  </testcase>
  <testcase name="case081" classname="transform" time="0">
    <skipped/>
  </testcase>
  <testcase name="case078" classname="transform" time="0">
    <skipped/>
  </testcase>
  <testcase name="case057" classname="transform" time="0">
    <skipped/>
  </testcase>
  <testcase name="case063" classname="transform" time="0">
    <skipped/>
  </testcase>
  <testcase name="case060" classname="transform" time="0">
    <skipped/>
  </testcase>
  <testcase name="case014" classname="transform" time="0">
    <skipped/>
  </testcase>
  <testcase name="case015" classname="transform" time="0">
    <skipped/>
  </testcase>
  <testcase name="case094" classname="transform" time="0">
    <skipped/>
  </testcase>
  <testcase name="case087" classname="transform" time="0">
    <skipped/>
  </testcase>
  <testcase name="case053" classname="transform" time="0">
    <skipped/>
  </testcase>
  <testcase name="case003" classname="transform" time="0">
    <skipped/>
  </testcase>
  <testcase name="case092" classname="transform" time="0">
    <skipped/>
  </testcase>
  <testcase name="case035" classname="transform" time="0">
    <skipped/>
  </testcase>
  <testcase name="case085" classname="transform" time="0">
    <skipped/>
  </testcase>
  <testcase name="case009" classname="string-concat" time="0"/>
  <testcase name="case011" classname="string-concat" time="0.001"/>
  <testcase name="case005" classname="string-concat" time="0.003"/>
  <testcase name="case000" classname="string-concat" time="0"/>
  <testcase name="case001" classname="string-concat" time="0.001"/>
  <testcase name="case002" classname="string-concat" time="0.001"/>
  <testcase name="case007" classname="string-concat" time="0"/>
  <testcase name="case006" classname="string-concat" time="0.001"/>
  <testcase name="case010" classname="string-concat" time="0"/>
  <testcase name="case008" classname="string-concat" time="0"/>
  <testcase name="case004" classname="string-concat" time="0.001"/>
  <testcase name="case003" classname="string-concat" time="0.001"/>
  <testcase name="string-concat" classname="string-concat" time="0.001"/>
  <testcase name="case009" classname="function-join" time="0.001"/>
  <testcase name="case011" classname="function-join" time="0"/>
  <testcase name="case005" classname="function-join" time="0"/>
  <testcase name="case000" classname="function-join" time="0"/>
  <testcase name="case001" classname="function-join" time="0"/>
  <testcase name="case002" classname="function-join" time="0"/>
  <testcase name="case007" classname="function-join" time="0.002"/>
  <testcase name="case006" classname="function-join" time="0"/>
  <testcase name="case010" classname="function-join" time="0"/>
  <testcase name="case008" classname="function-join" time="0"/>
  <testcase name="case004" classname="function-join" time="0"/>
  <testcase name="case003" classname="function-join" time="0"/>
  <testcase name="function-join" classname="function-join" time="0"/>
  <testcase name="case009" classname="hof-reduce" time="0.006"/>
  <testcase name="case005" classname="hof-reduce" time="0"/>
  <testcase name="case000" classname="hof-reduce" time="0"/>
  <testcase name="case001" classname="hof-reduce" time="0">
    <skipped/>
  </testcase>
  <testcase name="case002" classname="hof-reduce" time="0"/>
  <testcase name="case007" classname="hof-reduce" time="0.002"/>
  <testcase name="case006" classname="hof-reduce" time="0"/>
  <testcase name="case010" classname="hof-reduce" time="0">
    <skipped/>
  </testcase>
  <testcase name="case008" classname="hof-reduce" time="0"/>
  <testcase name="case004" classname="hof-reduce" time="0.001"/>
  <testcase name="case003" classname="hof-reduce" time="0"/>
  <testcase name="hof-reduce" classname="hof-reduce" time="0"/>
  <testcase name="case009" classname="function-pad" time="0.001"/>
  <testcase name="case005" classname="function-pad" time="0"/>
  <testcase name="case000" classname="function-pad" time="0"/>
  <testcase name="case001" classname="function-pad" time="0"/>
  <testcase name="case002" classname="function-pad" time="0"/>
  <testcase name="case007" classname="function-pad" time="0.001"/>
  <testcase name="case006" classname="function-pad" time="0"/>
  <testcase name="case010" classname="function-pad" time="0"/>
  <testcase name="case008" classname="function-pad" time="0"/>
  <testcase name="case004" classname="function-pad" time="0"/>
  <testcase name="case003" classname="function-pad" time="0.003"/>
  <testcase name="function-pad" classname="function-pad" time="0.003"/>
  <testcase name="case009" classname="simple-array-selectors" time="0"/>
  <testcase name="case016" classname="simple-array-selectors" time="0"/>
  <testcase name="case011" classname="simple-array-selectors" time="0"/>
  <testcase name="case021" classname="simple-array-selectors" time="0"/>
  <testcase name="case005" classname="simple-array-selectors" time="0"/>
  <testcase name="case000" classname="simple-array-selectors" time="0"/>
  <testcase name="case019" classname="simple-array-selectors" time="0.003"/>
  <testcase name="case001" classname="simple-array-selectors" time="0"/>
  <testcase name="case018" classname="simple-array-selectors" time="0"/>
  <testcase name="case002" classname="simple-array-selectors" time="0"/>
  <testcase name="case007" classname="simple-array-selectors" time="0"/>
  <testcase name="case006" classname="simple-array-selectors" time="0"/>
  <testcase name="case013" classname="simple-array-selectors" time="0"/>
  <testcase name="case010" classname="simple-array-selectors" time="0"/>
  <testcase name="case020" classname="simple-array-selectors" time="0"/>
  <testcase name="case017" classname="simple-array-selectors" time="0"/>
  <testcase name="case022" classname="simple-array-selectors" time="0"/>
  <testcase name="case012" classname="simple-array-selectors" time="0.001"/>
  <testcase name="case008" classname="simple-array-selectors" time="0"/>
  <testcase name="case004" classname="simple-array-selectors" time="0"/>
  <testcase name="case014" classname="simple-array-selectors" time="0.001"/>
  <testcase name="case015" classname="simple-array-selectors" time="0"/>
  <testcase name="case003" classname="simple-array-selectors" time="0"/>
  <testcase name="simple-array-selectors" classname="simple-array-selectors" time="0"/>
  <testcase name="case000" classname="token-conversion" time="0"/>
  <testcase name="case001" classname="token-conversion" time="0"/>
  <testcase name="case002" classname="token-conversion" time="0.001"/>
  <testcase name="case003" classname="token-conversion" time="0"/>
  <testcase name="token-conversion" classname="token-conversion" time="0"/>
  <testcase name="case000" classname="function-lookup" time="0"/>
  <testcase name="case001" classname="function-lookup" time="0"/>
  <testcase name="case002" classname="function-lookup" time="0"/>
  <testcase name="case003" classname="function-lookup" time="0"/>
  <testcase name="function-lookup" classname="function-lookup" time="0"/>
  <testcase name="case000" classname="predicates" time="0"/>
  <testcase name="case001" classname="predicates" time="0"/>
  <testcase name="case002" classname="predicates" time="0.001"/>
  <testcase name="case003" classname="predicates" time="0">
    <skipped/>
  </testcase>
  <testcase name="predicates" classname="predicates" time="0.001"/>
  <testcase name="transforms" classname="transforms" time="0">
    <skipped/>
  </testcase>
  <testcase name="case009" classname="transforms" time="0">
    <skipped/>
  </testcase>
  <testcase name="case011" classname="transforms" time="0">
    <skipped/>
  </testcase>
  <testcase name="case005" classname="transforms" time="0">
    <skipped/>
  </testcase>
  <testcase name="case000" classname="transforms" time="0">
    <skipped/>
  </testcase>
  <testcase name="case001" classname="transforms" time="0">
    <skipped/>
  </testcase>
  <testcase name="case002" classname="transforms" time="0">
    <skipped/>
  </testcase>
  <testcase name="case007" classname="transforms" time="0">
    <skipped/>
  </testcase>
  <testcase name="case006" classname="transforms" time="0">
    <skipped/>
  </testcase>
  <testcase name="case013" classname="transforms" time="0">
    <skipped/>
  </testcase>
  <testcase name="case010" classname="transforms" time="0">
    <skipped/>
  </testcase>
  <testcase name="case012" classname="transforms" time="0">
    <skipped/>
  </testcase>
  <testcase name="case008" classname="transforms" time="0">
    <skipped/>
  </testcase>
  <testcase name="case004" classname="transforms" time="0">
    <skipped/>
  </testcase>
  <testcase name="case014" classname="transforms" time="0">
    <skipped/>
  </testcase>
  <testcase name="case003" classname="transforms" time="0">
    <skipped/>
  </testcase>
  <testcase name="case009" classname="function-replace" time="0"/>
  <testcase name="case011" classname="function-replace" time="0.001"/>
  <testcase name="case005" classname="function-replace" time="0"/>
  <testcase name="case000" classname="function-replace" time="0"/>
  <testcase name="case001" classname="function-replace" time="0"/>
  <testcase name="case002" classname="function-replace" time="0"/>
  <testcase name="case007" classname="function-replace" time="0"/>
  <testcase name="case006" classname="function-replace" time="0"/>
  <testcase name="case010" classname="function-replace" time="0.001"/>
  <testcase name="case008" classname="function-replace" time="0"/>
  <testcase name="case004" classname="function-replace" time="0"/>
  <testcase name="case003" classname="function-replace" time="0"/>
  <testcase name="function-replace" classname="function-replace" time="0"/>
  <testcase name="case000" classname="function-uppercase" time="0"/>
  <testcase name="case001" classname="function-uppercase" time="0"/>
  <testcase name="function-uppercase" classname="function-uppercase" time="0"/>
  <testcase name="case000" classname="function-decodeUrlComponent" time="0.001"/>
  <testcase name="case001" classname="function-decodeUrlComponent" time="0"/>
  <testcase name="case002" classname="function-decodeUrlComponent" time="0"/>
  <testcase name="function-decodeUrlComponent" classname="function-decodeUrlComponent" time="0"/>
  <testcase name="case009" classname="function-length" time="0"/>
  <testcase name="case016" classname="function-length" time="0"/>
  <testcase name="case011" classname="function-length" time="0"/>
  <testcase name="case005" classname="function-length" time="0"/>
  <testcase name="case000" classname="function-length" time="0"/>
  <testcase name="case001" classname="function-length" time="0"/>
  <testcase name="case002" classname="function-length" time="0"/>
  <testcase name="case007" classname="function-length" time="0.001"/>
  <testcase name="case006" classname="function-length" time="0"/>
  <testcase name="case013" classname="function-length" time="0"/>
  <testcase name="case010" classname="function-length" time="0"/>
  <testcase name="case012" classname="function-length" time="0"/>
  <testcase name="case008" classname="function-length" time="0"/>
  <testcase name="case004" classname="function-length" time="0"/>
  <testcase name="case014" classname="function-length" time="0"/>
  <testcase name="case015" classname="function-length" time="0"/>
  <testcase name="case003" classname="function-length" time="0"/>
  <testcase name="function-length" classname="function-length" time="0"/>
  <testcase name="case000" classname="function-encodeUrl" time="0.002"/>
  <testcase name="case001" classname="function-encodeUrl" time="0"/>
  <testcase name="case002" classname="function-encodeUrl" time="0.001"/>
  <testcase name="function-encodeUrl" classname="function-encodeUrl" time="0.001"/>
  <testcase name="case009" classname="variables" time="0"/>
  <testcase name="case011" classname="variables" time="0"/>
  <testcase name="case005" classname="variables" time="0.001"/>
  <testcase name="case000" classname="variables" time="0"/>
  <testcase name="case001" classname="variables" time="0"/>
  <testcase name="case002" classname="variables" time="0"/>
  <testcase name="case007" classname="variables" time="0"/>
  <testcase name="case006" classname="variables" time="0"/>
  <testcase name="case010" classname="variables" time="0"/>
  <testcase name="case012" classname="variables" time="0.001"/>
  <testcase name="case008" classname="variables" time="0"/>
  <testcase name="case004" classname="variables" time="0"/>
  <testcase name="case003" classname="variables" time="0.001"/>
  <testcase name="variables" classname="variables" time="0.001"/>
  <testcase name="case009" classname="numeric-operators" time="0"/>
  <testcase name="case016" classname="numeric-operators" time="0.001"/>
  <testcase name="case011" classname="numeric-operators" time="0.001"/>
  <testcase name="case005" classname="numeric-operators" time="0"/>
  <testcase name="case000" classname="numeric-operators" time="0"/>
  <testcase name="case001" classname="numeric-operators" time="0"/>
  <testcase name="case018" classname="numeric-operators" time="0"/>
  <testcase name="case002" classname="numeric-operators" time="0"/>
  <testcase name="case007" classname="numeric-operators" time="0.001"/>
  <testcase name="case006" classname="numeric-operators" time="0"/>
  <testcase name="case013" classname="numeric-operators" time="0"/>
  <testcase name="case010" classname="numeric-operators" time="0.001"/>
  <testcase name="case017" classname="numeric-operators" time="0"/>
  <testcase name="case012" classname="numeric-operators" time="0"/>
  <testcase name="case008" classname="numeric-operators" time="0"/>
  <testcase name="case004" classname="numeric-operators" time="0"/>
  <testcase name="case014" classname="numeric-operators" time="0.001"/>
  <testcase name="case015" classname="numeric-operators" time="0"/>
  <testcase name="case003" classname="numeric-operators" time="0"/>
  <testcase name="numeric-operators" classname="numeric-operators" time="0"/>
  <testcase name="case000" classname="function-trim" time="0"/>
  <testcase name="case001" classname="function-trim" time="0"/>
  <testcase name="case002" classname="function-trim" time="0"/>
  <testcase name="function-trim" classname="function-trim" time="0"/>
  <testcase name="closures" classname="closures" time="0">
    <skipped/>
  </testcase>
  <testcase name="case000" classname="closures" time="0">
    <skipped/>
  </testcase>
  <testcase name="case001" classname="closures" time="0">
    <skipped/>
  </testcase>
  <testcase name="case009" classname="function-count" time="0"/>
  <testcase name="case011" classname="function-count" time="0"/>
  <testcase name="case005" classname="function-count" time="0"/>
  <testcase name="case000" classname="function-count" time="0"/>
  <testcase name="case001" classname="function-count" time="0.007"/>
  <testcase name="case002" classname="function-count" time="0"/>
  <testcase name="case007" classname="function-count" time="0"/>
  <testcase name="case006" classname="function-count" time="0"/>
  <testcase name="case013" classname="function-count" time="0"/>
  <testcase name="case010" classname="function-count" time="0"/>
  <testcase name="case012" classname="function-count" time="0"/>
  <testcase name="case008" classname="function-count" time="0"/>
  <testcase name="case004" classname="function-count" time="0"/>
  <testcase name="case003" classname="function-count" time="0"/>
  <testcase name="function-count" classname="function-count" time="0"/>
  <testcase name="case009" classname="function-string" time="0"/>
  <testcase name="case024" classname="function-string" time="0.016"/>
  <testcase name="case016" classname="function-string" time="0"/>
  <testcase name="case011" classname="function-string" time="0"/>
  <testcase name="case021" classname="function-string" time="0"/>
  <testcase name="case005" classname="function-string" time="0"/>
  <testcase name="case023" classname="function-string" time="0"/>
  <testcase name="case000" classname="function-string" time="0"/>
  <testcase name="case019" classname="function-string" time="0"/>
  <testcase name="case001" classname="function-string" time="0"/>
  <testcase name="case025" classname="function-string" time="0"/>
  <testcase name="case018" classname="function-string" time="0"/>
  <testcase name="case002" classname="function-string" time="0"/>
  <testcase name="case007" classname="function-string" time="0"/>
  <testcase name="case027" classname="function-string" time="0"/>
  <testcase name="case006" classname="function-string" time="0"/>
  <testcase name="case013" classname="function-string" time="0"/>
  <testcase name="case010" classname="function-string" time="0"/>
  <testcase name="case020" classname="function-string" time="0"/>
  <testcase name="case026" classname="function-string" time="0"/>
  <testcase name="case029" classname="function-string" time="0"/>
  <testcase name="case017" classname="function-string" time="0.002"/>
  <testcase name="case022" classname="function-string" time="0"/>
  <testcase name="case028" classname="function-string" time="0"/>
  <testcase name="case012" classname="function-string" time="0"/>
  <testcase name="case008" classname="function-string" time="0"/>
  <testcase name="case004" classname="function-string" time="0"/>
  <testcase name="case014" classname="function-string" time="0"/>
  <testcase name="case015" classname="function-string" time="0"/>
  <testcase name="case003" classname="function-string" time="0.003"/>
  <testcase name="function-string" classname="function-string" time="0.003"/>
  <testcase name="function-tomillis" classname="function-tomillis" time="0">
    <skipped/>
  </testcase>
  <testcase name="case009" classname="function-tomillis" time="0">
    <skipped/>
  </testcase>
  <testcase name="case005" classname="function-tomillis" time="0">
    <skipped/>
  </testcase>
  <testcase name="case001" classname="function-tomillis" time="0">
    <skipped/>
  </testcase>
  <testcase name="case002" classname="function-tomillis" time="0">
    <skipped/>
  </testcase>
  <testcase name="case007" classname="function-tomillis" time="0">
    <skipped/>
  </testcase>
  <testcase name="case006" classname="function-tomillis" time="0">
    <skipped/>
  </testcase>
  <testcase name="parseDateTime-40" classname="function-tomillis" time="0">
    <skipped/>
  </testcase>
  <testcase name="case008" classname="function-tomillis" time="0">
    <skipped/>
  </testcase>
  <testcase name="case004" classname="function-tomillis" time="0">
    <skipped/>
  </testcase>
  <testcase name="case003" classname="function-tomillis" time="0">
    <skipped/>
  </testcase>
  <testcase name="case000" classname="function-fromMillis" time="0"/>
  <testcase name="case001" classname="function-fromMillis" time="0"/>
  <testcase name="case002" classname="function-fromMillis" time="0"/>
  <testcase name="isoWeekDate-18" classname="function-fromMillis" time="0">
    <skipped/>
  </testcase>
  <testcase name="formatDateTime-68" classname="function-fromMillis" time="0"/>
  <testcase name="function-fromMillis" classname="function-fromMillis" time="0"/>
  <testcase name="case005" classname="inclusion-operator" time="0">
    <skipped/>
  </testcase>
  <testcase name="case000" classname="inclusion-operator" time="0"/>
  <testcase name="case001" classname="inclusion-operator" time="0"/>
  <testcase name="case002" classname="inclusion-operator" time="0"/>
  <testcase name="case007" classname="inclusion-operator" time="0"/>
  <testcase name="case006" classname="inclusion-operator" time="0"/>
  <testcase name="case008" classname="inclusion-operator" time="0"/>
  <testcase name="case004" classname="inclusion-operator" time="0">
    <skipped/>
  </testcase>
  <testcase name="case003" classname="inclusion-operator" time="0"/>
  <testcase name="inclusion-operator" classname="inclusion-operator" time="0"/>
  <testcase name="case000" classname="function-each" time="0">
    <skipped/>
  </testcase>
  <testcase name="case001" classname="function-each" time="0"/>
  <testcase name="case002" classname="function-each" time="0.001"/>
  <testcase name="function-each" classname="function-each" time="0.001"/>
  <testcase name="case005" classname="function-formatBase" time="0"/>
  <testcase name="case000" classname="function-formatBase" time="0"/>
  <testcase name="case001" classname="function-formatBase" time="0"/>
  <testcase name="case002" classname="function-formatBase" time="0"/>
  <testcase name="case007" classname="function-formatBase" time="0"/>
  <testcase name="case006" classname="function-formatBase" time="0"/>
  <testcase name="case004" classname="function-formatBase" time="0.001"/>
  <testcase name="case003" classname="function-formatBase" time="0"/>
  <testcase name="function-formatBase" classname="function-formatBase" time="0"/>
  <testcase name="case009" classname="function-typeOf" time="0.001"/>
  <testcase name="case011" classname="function-typeOf" time="0">
    <skipped/>
  </testcase>
  <testcase name="case005" classname="function-typeOf" time="0"/>
  <testcase name="case001" classname="function-typeOf" time="0"/>
  <testcase name="case002" classname="function-typeOf" time="0"/>
  <testcase name="case007" classname="function-typeOf" time="0.001"/>
  <testcase name="case006" classname="function-typeOf" time="0"/>
  <testcase name="case013" classname="function-typeOf" time="0"/>
  <testcase name="case010" classname="function-typeOf" time="0"/>
  <testcase name="case012" classname="function-typeOf" time="0"/>
  <testcase name="case008" classname="function-typeOf" time="0"/>
  <testcase name="case004" classname="function-typeOf" time="0.001"/>
  <testcase name="case003" classname="function-typeOf" time="0"/>
  <testcase name="function-typeOf" classname="function-typeOf" time="0"/>
  <testcase name="case009" classname="lambdas" time="0">
    <skipped/>
  </testcase>
  <testcase name="case011" classname="lambdas" time="0.005"/>
  <testcase name="case005" classname="lambdas" time="0.001"/>
  <testcase name="case000" classname="lambdas" time="0"/>
  <testcase name="case001" classname="lambdas" time="0"/>
  <testcase name="case002" classname="lambdas" time="0"/>
  <testcase name="case007" classname="lambdas" time="0.002"/>
  <testcase name="case006" classname="lambdas" time="0.002"/>
  <testcase name="case010" classname="lambdas" time="0">
    <skipped/>
  </testcase>
  <testcase name="case012" classname="lambdas" time="0">
    <skipped/>
  </testcase>
  <testcase name="case008" classname="lambdas" time="0.002"/>
  <testcase name="case004" classname="lambdas" time="0">
    <skipped/>
  </testcase>
  <testcase name="case003" classname="lambdas" time="0.002"/>
  <testcase name="lambdas" classname="lambdas" time="0.002"/>
  <testcase name="case009" classname="comparison-operators" time="0.001"/>
  <testcase name="case024" classname="comparison-operators" time="0"/>
  <testcase name="case016" classname="comparison-operators" time="0.001"/>
  <testcase name="case011" classname="comparison-operators" time="0"/>
  <testcase name="case021" classname="comparison-operators" time="0"/>
  <testcase name="case005" classname="comparison-operators" time="0.001"/>
  <testcase name="case023" classname="comparison-operators" time="0"/>
  <testcase name="case000" classname="comparison-operators" time="0"/>
  <testcase name="case019" classname="comparison-operators" time="0.001"/>
  <testcase name="case001" classname="comparison-operators" time="0"/>
  <testcase name="case025" classname="comparison-operators" time="0"/>
  <testcase name="case018" classname="comparison-operators" time="0"/>
  <testcase name="case002" classname="comparison-operators" time="0"/>
  <testcase name="case007" classname="comparison-operators" time="0"/>
  <testcase name="case027" classname="comparison-operators" time="0.001"/>
  <testcase name="case006" classname="comparison-operators" time="0"/>
  <testcase name="case013" classname="comparison-operators" time="0"/>
  <testcase name="case010" classname="comparison-operators" time="0"/>
  <testcase name="case020" classname="comparison-operators" time="0"/>
  <testcase name="case026" classname="comparison-operators" time="0.001"/>
  <testcase name="case017" classname="comparison-operators" time="0"/>
  <testcase name="case022" classname="comparison-operators" time="0"/>
  <testcase name="case028" classname="comparison-operators" time="0"/>
  <testcase name="deep-equals-18" classname="comparison-operators" time="0.001"/>
  <testcase name="case012" classname="comparison-operators" time="0"/>
  <testcase name="case008" classname="comparison-operators" time="0.001"/>
  <testcase name="case004" classname="comparison-operators" time="0"/>
  <testcase name="case014" classname="comparison-operators" time="0"/>
  <testcase name="case015" classname="comparison-operators" time="0"/>
  <testcase name="case003" classname="comparison-operators" time="0.001"/>
  <testcase name="comparison-operators" classname="comparison-operators" time="0.001"/>
  <testcase name="case009" classname="object-constructor" time="0">
    <skipped/>
  </testcase>
  <testcase name="case024" classname="object-constructor" time="0"/>
  <testcase name="case016" classname="object-constructor" time="0">
    <skipped/>
  </testcase>
  <testcase name="case011" classname="object-constructor" time="0">
    <skipped/>
  </testcase>
  <testcase name="case021" classname="object-constructor" time="0.001"/>
  <testcase name="case005" classname="object-constructor" time="0"/>
  <testcase name="case023" classname="object-constructor" time="0">
    <skipped/>
  </testcase>
  <testcase name="case000" classname="object-constructor" time="0.001"/>
  <testcase name="case019" classname="object-constructor" time="0">
    <skipped/>
  </testcase>
  <testcase name="case001" classname="object-constructor" time="0"/>
  <testcase name="case025" classname="object-constructor" time="0">
    <skipped/>
  </testcase>
  <testcase name="case018" classname="object-constructor" time="0">
    <skipped/>
  </testcase>
  <testcase name="case002" classname="object-constructor" time="0"/>
  <testcase name="case007" classname="object-constructor" time="0"/>
  <testcase name="case006" classname="object-constructor" time="0"/>
  <testcase name="case013" classname="object-constructor" time="0">
    <skipped/>
  </testcase>
  <testcase name="case010" classname="object-constructor" time="0">
    <skipped/>
  </testcase>
  <testcase name="case020" classname="object-constructor" time="0">
    <skipped/>
  </testcase>
  <testcase name="case017" classname="object-constructor" time="0">
    <skipped/>
  </testcase>
  <testcase name="case022" classname="object-constructor" time="0">
    <skipped/>
  </testcase>
  <testcase name="case012" classname="object-constructor" time="0">
    <skipped/>
  </testcase>
  <testcase name="case008" classname="object-constructor" time="0">
    <skipped/>
  </testcase>
  <testcase name="case004" classname="object-constructor" time="0.001"/>
  <testcase name="case014" classname="object-constructor" time="0">
    <skipped/>
  </testcase>
  <testcase name="case015" classname="object-constructor" time="0">
    <skipped/>
  </testcase>
  <testcase name="case003" classname="object-constructor" time="0"/>
  <testcase name="object-constructor" classname="object-constructor" time="0"/>
  <testcase name="hof-zip-map" classname="hof-zip-map" time="0">
    <skipped/>
  </testcase>
  <testcase name="case000" classname="hof-zip-map" time="0">
    <skipped/>
  </testcase>
  <testcase name="case001" classname="hof-zip-map" time="0">
    <skipped/>
  </testcase>
  <testcase name="case002" classname="hof-zip-map" time="0">
    <skipped/>
  </testcase>
  <testcase name="case003" classname="hof-zip-map" time="0">
    <skipped/>
  </testcase>
</testsuite>