<?xml version="1.0" encoding="UTF-8"?>
<testsuite xmlns:xsi="http://www.w3.org/2001/XMLSchema-instance" xsi:noNamespaceSchemaLocation="https://maven.apache.org/surefire/maven-surefire-plugin/xsd/surefire-test-report.xsd" name="spark.RedirectTest" time="0.491" tests="16" errors="0" skipped="0" failures="0">
  <properties>
    <property name="awt.toolkit" value="sun.awt.X11.XToolkit"/>
    <property name="maven.test.error.ignore" value="true"/>
    <property name="file.encoding.pkg" value="sun.io"/>
    <property name="java.specification.version" value="1.8"/>
    <property name="sun.cpu.isalist" value=""/>
    <property name="sun.jnu.encoding" value="UTF-8"/>
    <property name="java.class.path" value="/tmp/tmpra5l6oua/spark/target/test-classes:/tmp/tmpra5l6oua/spark/target/classes:/home/jdbl/.m2/repository/org/slf4j/slf4j-api/1.7.25/slf4j-api-1.7.25.jar:/home/jdbl/.m2/repository/org/slf4j/slf4j-simple/1.7.25/slf4j-simple-1.7.25.jar:/home/jdbl/.m2/repository/org/eclipse/jetty/jetty-server/9.4.15.v20190215/jetty-server-9.4.15.v20190215.jar:/home/jdbl/.m2/repository/javax/servlet/javax.servlet-api/3.1.0/javax.servlet-api-3.1.0.jar:/home/jdbl/.m2/repository/org/eclipse/jetty/jetty-http/9.4.15.v20190215/jetty-http-9.4.15.v20190215.jar:/home/jdbl/.m2/repository/org/eclipse/jetty/jetty-io/9.4.15.v20190215/jetty-io-9.4.15.v20190215.jar:/home/jdbl/.m2/repository/org/eclipse/jetty/jetty-webapp/9.4.15.v20190215/jetty-webapp-9.4.15.v20190215.jar:/home/jdbl/.m2/repository/org/eclipse/jetty/jetty-xml/9.4.15.v20190215/jetty-xml-9.4.15.v20190215.jar:/home/jdbl/.m2/repository/org/eclipse/jetty/jetty-servlet/9.4.15.v20190215/jetty-servlet-9.4.15.v20190215.jar:/home/jdbl/.m2/repository/org/eclipse/jetty/jetty-security/9.4.15.v20190215/jetty-security-9.4.15.v20190215.jar:/home/jdbl/.m2/repository/org/eclipse/jetty/websocket/websocket-server/9.4.15.v20190215/websocket-server-9.4.15.v20190215.jar:/home/jdbl/.m2/repository/org/eclipse/jetty/websocket/websocket-common/9.4.15.v20190215/websocket-common-9.4.15.v20190215.jar:/home/jdbl/.m2/repository/org/eclipse/jetty/websocket/websocket-servlet/9.4.15.v20190215/websocket-servlet-9.4.15.v20190215.jar:/home/jdbl/.m2/repository/org/eclipse/jetty/websocket/websocket-api/9.4.15.v20190215/websocket-api-9.4.15.v20190215.jar:/home/jdbl/.m2/repository/junit/junit/4.12/junit-4.12.jar:/home/jdbl/.m2/repository/org/hamcrest/hamcrest-core/1.3/hamcrest-core-1.3.jar:/home/jdbl/.m2/repository/org/mockito/mockito-core/1.10.19/mockito-core-1.10.19.jar:/home/jdbl/.m2/repository/org/objenesis/objenesis/2.1/objenesis-2.1.jar:/home/jdbl/.m2/repository/org/powermock/powermock-module-junit4/1.7.4/powermock-module-junit4-1.7.4.jar:/home/jdbl/.m2/repository/org/powermock/powermock-module-junit4-common/1.7.4/powermock-module-junit4-common-1.7.4.jar:/home/jdbl/.m2/repository/org/powermock/powermock-reflect/1.7.4/powermock-reflect-1.7.4.jar:/home/jdbl/.m2/repository/org/powermock/powermock-core/1.7.4/powermock-core-1.7.4.jar:/home/jdbl/.m2/repository/org/javassist/javassist/3.21.0-GA/javassist-3.21.0-GA.jar:/home/jdbl/.m2/repository/org/powermock/powermock-api-mockito/1.7.4/powermock-api-mockito-1.7.4.jar:/home/jdbl/.m2/repository/org/powermock/powermock-api-mockito-common/1.7.4/powermock-api-mockito-common-1.7.4.jar:/home/jdbl/.m2/repository/org/powermock/powermock-api-support/1.7.4/powermock-api-support-1.7.4.jar:/home/jdbl/.m2/repository/org/apache/httpcomponents/httpclient/4.5.6/httpclient-4.5.6.jar:/home/jdbl/.m2/repository/org/apache/httpcomponents/httpcore/4.4.10/httpcore-4.4.10.jar:/home/jdbl/.m2/repository/commons-logging/commons-logging/1.2/commons-logging-1.2.jar:/home/jdbl/.m2/repository/commons-codec/commons-codec/1.10/commons-codec-1.10.jar:/home/jdbl/.m2/repository/org/freemarker/freemarker/2.3.28/freemarker-2.3.28.jar:/home/jdbl/.m2/repository/com/google/code/gson/gson/2.8.5/gson-2.8.5.jar:/home/jdbl/.m2/repository/org/eclipse/jetty/websocket/websocket-client/9.4.15.v20190215/websocket-client-9.4.15.v20190215.jar:/home/jdbl/.m2/repository/org/eclipse/jetty/jetty-client/9.4.15.v20190215/jetty-client-9.4.15.v20190215.jar:/home/jdbl/.m2/repository/org/eclipse/jetty/jetty-util/9.4.15.v20190215/jetty-util-9.4.15.v20190215.jar:"/>
    <property name="java.vm.vendor" value="Oracle Corporation"/>
    <property name="maven.javadoc.skip" value="true"/>
    <property name="sun.arch.data.model" value="64"/>
    <property name="java.vendor.url" value="http://java.oracle.com/"/>
    <property name="user.timezone" value=""/>
    <property name="java.vm.specification.version" value="1.8"/>
    <property name="os.name" value="Linux"/>
    <property name="rat.skip" value="true"/>
    <property name="sun.java.launcher" value="SUN_STANDARD"/>
    <property name="sun.boot.library.path" value="/usr/local/openjdk-8/jre/lib/amd64"/>
    <property name="sun.java.command" value="/tmp/tmpra5l6oua/spark/target/surefire/surefirebooter2449827824521648965.jar /tmp/tmpra5l6oua/spark/target/surefire 2020-07-30T17-13-11_325-jvmRun1 surefire8045389950095147139tmp surefire_346389608393616137011tmp"/>
    <property name="surefire.test.class.path" value="/tmp/tmpra5l6oua/spark/target/test-classes:/tmp/tmpra5l6oua/spark/target/classes:/home/jdbl/.m2/repository/org/slf4j/slf4j-api/1.7.25/slf4j-api-1.7.25.jar:/home/jdbl/.m2/repository/org/slf4j/slf4j-simple/1.7.25/slf4j-simple-1.7.25.jar:/home/jdbl/.m2/repository/org/eclipse/jetty/jetty-server/9.4.15.v20190215/jetty-server-9.4.15.v20190215.jar:/home/jdbl/.m2/repository/javax/servlet/javax.servlet-api/3.1.0/javax.servlet-api-3.1.0.jar:/home/jdbl/.m2/repository/org/eclipse/jetty/jetty-http/9.4.15.v20190215/jetty-http-9.4.15.v20190215.jar:/home/jdbl/.m2/repository/org/eclipse/jetty/jetty-io/9.4.15.v20190215/jetty-io-9.4.15.v20190215.jar:/home/jdbl/.m2/repository/org/eclipse/jetty/jetty-webapp/9.4.15.v20190215/jetty-webapp-9.4.15.v20190215.jar:/home/jdbl/.m2/repository/org/eclipse/jetty/jetty-xml/9.4.15.v20190215/jetty-xml-9.4.15.v20190215.jar:/home/jdbl/.m2/repository/org/eclipse/jetty/jetty-servlet/9.4.15.v20190215/jetty-servlet-9.4.15.v20190215.jar:/home/jdbl/.m2/repository/org/eclipse/jetty/jetty-security/9.4.15.v20190215/jetty-security-9.4.15.v20190215.jar:/home/jdbl/.m2/repository/org/eclipse/jetty/websocket/websocket-server/9.4.15.v20190215/websocket-server-9.4.15.v20190215.jar:/home/jdbl/.m2/repository/org/eclipse/jetty/websocket/websocket-common/9.4.15.v20190215/websocket-common-9.4.15.v20190215.jar:/home/jdbl/.m2/repository/org/eclipse/jetty/websocket/websocket-servlet/9.4.15.v20190215/websocket-servlet-9.4.15.v20190215.jar:/home/jdbl/.m2/repository/org/eclipse/jetty/websocket/websocket-api/9.4.15.v20190215/websocket-api-9.4.15.v20190215.jar:/home/jdbl/.m2/repository/junit/junit/4.12/junit-4.12.jar:/home/jdbl/.m2/repository/org/hamcrest/hamcrest-core/1.3/hamcrest-core-1.3.jar:/home/jdbl/.m2/repository/org/mockito/mockito-core/1.10.19/mockito-core-1.10.19.jar:/home/jdbl/.m2/repository/org/objenesis/objenesis/2.1/objenesis-2.1.jar:/home/jdbl/.m2/repository/org/powermock/powermock-module-junit4/1.7.4/powermock-module-junit4-1.7.4.jar:/home/jdbl/.m2/repository/org/powermock/powermock-module-junit4-common/1.7.4/powermock-module-junit4-common-1.7.4.jar:/home/jdbl/.m2/repository/org/powermock/powermock-reflect/1.7.4/powermock-reflect-1.7.4.jar:/home/jdbl/.m2/repository/org/powermock/powermock-core/1.7.4/powermock-core-1.7.4.jar:/home/jdbl/.m2/repository/org/javassist/javassist/3.21.0-GA/javassist-3.21.0-GA.jar:/home/jdbl/.m2/repository/org/powermock/powermock-api-mockito/1.7.4/powermock-api-mockito-1.7.4.jar:/home/jdbl/.m2/repository/org/powermock/powermock-api-mockito-common/1.7.4/powermock-api-mockito-common-1.7.4.jar:/home/jdbl/.m2/repository/org/powermock/powermock-api-support/1.7.4/powermock-api-support-1.7.4.jar:/home/jdbl/.m2/repository/org/apache/httpcomponents/httpclient/4.5.6/httpclient-4.5.6.jar:/home/jdbl/.m2/repository/org/apache/httpcomponents/httpcore/4.4.10/httpcore-4.4.10.jar:/home/jdbl/.m2/repository/commons-logging/commons-logging/1.2/commons-logging-1.2.jar:/home/jdbl/.m2/repository/commons-codec/commons-codec/1.10/commons-codec-1.10.jar:/home/jdbl/.m2/repository/org/freemarker/freemarker/2.3.28/freemarker-2.3.28.jar:/home/jdbl/.m2/repository/com/google/code/gson/gson/2.8.5/gson-2.8.5.jar:/home/jdbl/.m2/repository/org/eclipse/jetty/websocket/websocket-client/9.4.15.v20190215/websocket-client-9.4.15.v20190215.jar:/home/jdbl/.m2/repository/org/eclipse/jetty/jetty-client/9.4.15.v20190215/jetty-client-9.4.15.v20190215.jar:/home/jdbl/.m2/repository/org/eclipse/jetty/jetty-util/9.4.15.v20190215/jetty-util-9.4.15.v20190215.jar:"/>
    <property name="sun.cpu.endian" value="little"/>
    <property name="user.home" value="/home/jdbl"/>
    <property name="user.language" value="en"/>
    <property name="java.specification.vendor" value="Oracle Corporation"/>
    <property name="java.home" value="/usr/local/openjdk-8/jre"/>
    <property name="basedir" value="/tmp/tmpra5l6oua/spark"/>
    <property name="file.separator" value="/"/>
    <property name="line.separator" value="&#10;"/>
    <property name="source.skip" value="true"/>
    <property name="java.vm.specification.vendor" value="Oracle Corporation"/>
    <property name="java.specification.name" value="Java Platform API Specification"/>
    <property name="java.awt.graphicsenv" value="sun.awt.X11GraphicsEnvironment"/>
    <property name="surefire.real.class.path" value="/tmp/tmpra5l6oua/spark/target/surefire/surefirebooter2449827824521648965.jar"/>
    <property name="sun.boot.class.path" value="/usr/local/openjdk-8/jre/lib/resources.jar:/usr/local/openjdk-8/jre/lib/rt.jar:/usr/local/openjdk-8/jre/lib/sunrsasign.jar:/usr/local/openjdk-8/jre/lib/jsse.jar:/usr/local/openjdk-8/jre/lib/jce.jar:/usr/local/openjdk-8/jre/lib/charsets.jar:/usr/local/openjdk-8/jre/lib/jfr.jar:/usr/local/openjdk-8/jre/classes"/>
    <property name="sun.management.compiler" value="HotSpot 64-Bit Tiered Compilers"/>
    <property name="java.runtime.version" value="1.8.0_262-b10"/>
    <property name="user.name" value="jdbl"/>
    <property name="path.separator" value=":"/>
    <property name="os.version" value="4.15.0-109-generic"/>
    <property name="java.endorsed.dirs" value="/usr/local/openjdk-8/jre/lib/endorsed"/>
    <property name="java.runtime.name" value="OpenJDK Runtime Environment"/>
    <property name="file.encoding" value="UTF-8"/>
    <property name="java.vm.name" value="OpenJDK 64-Bit Server VM"/>
    <property name="localRepository" value="/home/jdbl/.m2/repository"/>
    <property name="java.vendor.url.bug" value="http://bugreport.sun.com/bugreport/"/>
    <property name="java.io.tmpdir" value="/tmp"/>
    <property name="java.version" value="1.8.0_262"/>
    <property name="user.dir" value="/tmp/tmpra5l6oua/spark"/>
    <property name="os.arch" value="amd64"/>
    <property name="license.skip" value="true"/>
    <property name="animal.sniffer.skip" value="true"/>
    <property name="java.vm.specification.name" value="Java Virtual Machine Specification"/>
    <property name="java.awt.printerjob" value="sun.print.PSPrinterJob"/>
    <property name="sun.os.patch.level" value="unknown"/>
    <property name="java.library.path" value="/usr/java/packages/lib/amd64:/usr/lib64:/lib64:/lib:/usr/lib"/>
    <property name="java.vm.info" value="mixed mode"/>
    <property name="java.vendor" value="Oracle Corporation"/>
    <property name="java.vm.version" value="25.262-b10"/>
    <property name="java.ext.dirs" value="/usr/local/openjdk-8/jre/lib/ext:/usr/java/packages/lib/ext"/>
    <property name="sun.io.unicode.encoding" value="UnicodeLittle"/>
    <property name="java.class.version" value="52.0"/>
    <property name="maven.test.failure.ignore" value="true"/>
  </properties>
  <testcase name="testRedirectPutWithSpecificCode" classname="spark.RedirectTest" time="0.101"/>
  <testcase name="testRedirectAnyPost" classname="spark.RedirectTest" time="0.023"/>
  <testcase name="testRedirectPostWithSpecificCode" classname="spark.RedirectTest" time="0.007"/>
  <testcase name="testRedirectAnyGetWithSpecificCode" classname="spark.RedirectTest" time="0.003"/>
  <testcase name="testRedirectAnyPostWithSpecificCode" classname="spark.RedirectTest" time="0.002"/>
  <testcase name="testRedirectGetWithSpecificCode" classname="spark.RedirectTest" time="0.002"/>
  <testcase name="testRedirectDeleteWithSpecificCode" classname="spark.RedirectTest" time="0.003"/>
  <testcase name="testRedirectGet" classname="spark.RedirectTest" time="0.002"/>
  <testcase name="testRedirectPut" classname="spark.RedirectTest" time="0.002"/>
  <testcase name="testRedirectAnyGet" classname="spark.RedirectTest" time="0.002"/>
  <testcase name="testRedirectAnyPut" classname="spark.RedirectTest" time="0.004"/>
  <testcase name="testRedirectDelete" classname="spark.RedirectTest" time="0.003"/>
  <testcase name="testRedirectAnyPutWithSpecificCode" classname="spark.RedirectTest" time="0.001"/>
  <testcase name="testRedirectAnyDelete" classname="spark.RedirectTest" time="0.002"/>
  <testcase name="testRedirectAnyDeleteWithSpecificCode" classname="spark.RedirectTest" time="0.001"/>
  <testcase name="testRedirectPost" classname="spark.RedirectTest" time="0.004"/>
</testsuite>