<?xml version="1.0" encoding="UTF-8"?>
<testsuite xmlns:xsi="http://www.w3.org/2001/XMLSchema-instance" xsi:schemaLocation="https://maven.apache.org/surefire/maven-surefire-plugin/xsd/surefire-test-report.xsd" name="eu.hadeco.crudapi.SqliteTest" time="3.603" tests="81" errors="0" skipped="0" failures="0">
  <properties>
    <property name="java.runtime.name" value="OpenJDK Runtime Environment"/>
    <property name="sun.boot.library.path" value="/usr/local/openjdk-8/jre/lib/amd64"/>
    <property name="java.vm.version" value="25.262-b10"/>
    <property name="animal.sniffer.skip" value="true"/>
    <property name="java.vm.vendor" value="Oracle Corporation"/>
    <property name="maven.multiModuleProjectDirectory" value="/tmp/tmpuexs_9cr/java-crud-api"/>
    <property name="maven.javadoc.skip" value="true"/>
    <property name="java.vendor.url" value="http://java.oracle.com/"/>
    <property name="path.separator" value=":"/>
    <property name="guice.disable.misplaced.annotation.check" value="true"/>
    <property name="java.vm.name" value="OpenJDK 64-Bit Server VM"/>
    <property name="file.encoding.pkg" value="sun.io"/>
    <property name="sun.java.launcher" value="SUN_STANDARD"/>
    <property name="sun.os.patch.level" value="unknown"/>
    <property name="source.skip" value="true"/>
    <property name="java.vm.specification.name" value="Java Virtual Machine Specification"/>
    <property name="user.dir" value="/tmp/tmpuexs_9cr/java-crud-api"/>
    <property name="java.runtime.version" value="1.8.0_262-b10"/>
    <property name="java.awt.graphicsenv" value="sun.awt.X11GraphicsEnvironment"/>
    <property name="java.endorsed.dirs" value="/usr/local/openjdk-8/jre/lib/endorsed"/>
    <property name="os.arch" value="amd64"/>
    <property name="java.io.tmpdir" value="/tmp"/>
    <property name="line.separator" value="&#10;"/>
    <property name="java.vm.specification.vendor" value="Oracle Corporation"/>
    <property name="os.name" value="Linux"/>
    <property name="classworlds.conf" value="/usr/share/maven/bin/m2.conf"/>
    <property name="sun.jnu.encoding" value="UTF-8"/>
    <property name="java.library.path" value="/usr/java/packages/lib/amd64:/usr/lib64:/lib64:/lib:/usr/lib"/>
    <property name="license.skip" value="true"/>
    <property name="maven.conf" value="/usr/share/maven/conf"/>
    <property name="java.specification.name" value="Java Platform API Specification"/>
    <property name="java.class.version" value="52.0"/>
    <property name="sun.management.compiler" value="HotSpot 64-Bit Tiered Compilers"/>
    <property name="maven.test.failure.ignore" value="true"/>
    <property name="os.version" value="4.15.0-109-generic"/>
    <property name="library.jansi.path" value="/usr/share/maven/lib/jansi-native"/>
    <property name="user.home" value="/home/jdbl"/>
    <property name="user.timezone" value="Etc/UTC"/>
    <property name="java.awt.printerjob" value="sun.print.PSPrinterJob"/>
    <property name="java.specification.version" value="1.8"/>
    <property name="file.encoding" value="UTF-8"/>
    <property name="user.name" value="jdbl"/>
    <property name="java.class.path" value="/usr/share/maven/boot/plexus-classworlds-2.6.0.jar"/>
    <property name="java.vm.specification.version" value="1.8"/>
    <property name="sun.arch.data.model" value="64"/>
    <property name="java.home" value="/usr/local/openjdk-8/jre"/>
    <property name="sun.java.command" value="org.codehaus.plexus.classworlds.launcher.Launcher test -e --fail-never -ntp -Dmaven.test.failure.ignore=true -B -Dmaven.javadoc.skip=true -Drat.skip=true -Danimal.sniffer.skip=true -Dmaven.javadoc.skip=true -Dlicense.skip=true -Dsource.skip=true"/>
    <property name="java.specification.vendor" value="Oracle Corporation"/>
    <property name="user.language" value="en"/>
    <property name="awt.toolkit" value="sun.awt.X11.XToolkit"/>
    <property name="java.vm.info" value="mixed mode"/>
    <property name="java.version" value="1.8.0_262"/>
    <property name="java.ext.dirs" value="/usr/local/openjdk-8/jre/lib/ext:/usr/java/packages/lib/ext"/>
    <property name="securerandom.source" value="file:/dev/./urandom"/>
    <property name="sun.boot.class.path" value="/usr/local/openjdk-8/jre/lib/resources.jar:/usr/local/openjdk-8/jre/lib/rt.jar:/usr/local/openjdk-8/jre/lib/sunrsasign.jar:/usr/local/openjdk-8/jre/lib/jsse.jar:/usr/local/openjdk-8/jre/lib/jce.jar:/usr/local/openjdk-8/jre/lib/charsets.jar:/usr/local/openjdk-8/jre/lib/jfr.jar:/usr/local/openjdk-8/jre/classes"/>
    <property name="java.vendor" value="Oracle Corporation"/>
    <property name="rat.skip" value="true"/>
    <property name="maven.home" value="/usr/share/maven"/>
    <property name="file.separator" value="/"/>
    <property name="java.vendor.url.bug" value="http://bugreport.sun.com/bugreport/"/>
    <property name="sun.cpu.endian" value="little"/>
    <property name="sun.io.unicode.encoding" value="UnicodeLittle"/>
    <property name="sun.cpu.isalist" value=""/>
  </properties>
  <testcase name="seedDatabase" classname="eu.hadeco.crudapi.SqliteTest" time="1.201"/>
  <testcase name="testMissingEntity" classname="eu.hadeco.crudapi.SqliteTest" time="0.186"/>
  <testcase name="testListPosts" classname="eu.hadeco.crudapi.SqliteTest" time="0.057"/>
  <testcase name="testListPostColumns" classname="eu.hadeco.crudapi.SqliteTest" time="0.009"/>
  <testcase name="testListPostsWithTransform" classname="eu.hadeco.crudapi.SqliteTest" time="0.007"/>
  <testcase name="testReadPost" classname="eu.hadeco.crudapi.SqliteTest" time="0.006"/>
  <testcase name="testReadPosts" classname="eu.hadeco.crudapi.SqliteTest" time="0.006"/>
  <testcase name="testReadPostColumns" classname="eu.hadeco.crudapi.SqliteTest" time="0.006"/>
  <testcase name="testAddPost" classname="eu.hadeco.crudapi.SqliteTest" time="0.076"/>
  <testcase name="testEditPost" classname="eu.hadeco.crudapi.SqliteTest" time="0.052"/>
  <testcase name="testEditPostColumnsMissingField" classname="eu.hadeco.crudapi.SqliteTest" time="0.062"/>
  <testcase name="testEditPostColumnsExtraField" classname="eu.hadeco.crudapi.SqliteTest" time="0.047"/>
  <testcase name="testEditPostWithUtf8Content" classname="eu.hadeco.crudapi.SqliteTest" time="0.055"/>
  <testcase name="testEditPostWithUtf8ContentWithPost" classname="eu.hadeco.crudapi.SqliteTest" time="0.042"/>
  <testcase name="testDeletePost" classname="eu.hadeco.crudapi.SqliteTest" time="0.045"/>
  <testcase name="testAddPostWithPost" classname="eu.hadeco.crudapi.SqliteTest" time="0.034"/>
  <testcase name="testEditPostWithPost" classname="eu.hadeco.crudapi.SqliteTest" time="0.041"/>
  <testcase name="testDeletePostWithPost" classname="eu.hadeco.crudapi.SqliteTest" time="0.038"/>
  <testcase name="testListWithPaginate" classname="eu.hadeco.crudapi.SqliteTest" time="0.348"/>
  <testcase name="testListWithPaginateInMultipleOrder" classname="eu.hadeco.crudapi.SqliteTest" time="0.01"/>
  <testcase name="testListWithPaginateInDescendingOrder" classname="eu.hadeco.crudapi.SqliteTest" time="0.007"/>
  <testcase name="testListWithPaginateLastPage" classname="eu.hadeco.crudapi.SqliteTest" time="0.004"/>
  <testcase name="testListExampleFromReadmeFullRecord" classname="eu.hadeco.crudapi.SqliteTest" time="0.006"/>
  <testcase name="testListExampleFromReadmeWithExclude" classname="eu.hadeco.crudapi.SqliteTest" time="0.006"/>
  <testcase name="testListExampleFromReadme" classname="eu.hadeco.crudapi.SqliteTest" time="0.016"/>
  <testcase name="testListExampleFromReadmeWithTransform" classname="eu.hadeco.crudapi.SqliteTest" time="0.009"/>
  <testcase name="testListExampleFromReadmeWithTransformWithExclude" classname="eu.hadeco.crudapi.SqliteTest" time="0.011"/>
  <testcase name="testEditCategoryWithBinaryContent" classname="eu.hadeco.crudapi.SqliteTest" time="0.065"/>
  <testcase name="testEditCategoryWithNull" classname="eu.hadeco.crudapi.SqliteTest" time="0.053"/>
  <testcase name="testEditCategoryWithBinaryContentWithPost" classname="eu.hadeco.crudapi.SqliteTest" time="0.034"/>
  <testcase name="testListCategoriesWithBinaryContent" classname="eu.hadeco.crudapi.SqliteTest" time="0.002"/>
  <testcase name="testEditCategoryWithNullWithPost" classname="eu.hadeco.crudapi.SqliteTest" time="0.035"/>
  <testcase name="testAddPostFailure" classname="eu.hadeco.crudapi.SqliteTest" time="0.018"/>
  <testcase name="testOptionsRequest" classname="eu.hadeco.crudapi.SqliteTest" time="0"/>
  <testcase name="testHidingPasswordColumn" classname="eu.hadeco.crudapi.SqliteTest" time="0"/>
  <testcase name="testValidatorErrorMessage" classname="eu.hadeco.crudapi.SqliteTest" time="0.005"/>
  <testcase name="testSanitizerToStripTags" classname="eu.hadeco.crudapi.SqliteTest" time="0.034"/>
  <testcase name="testErrorOnInvalidJson" classname="eu.hadeco.crudapi.SqliteTest" time="0.001"/>
  <testcase name="testErrorOnDuplicatePrimaryKey" classname="eu.hadeco.crudapi.SqliteTest" time="0.026"/>
  <testcase name="testErrorOnFailingForeignKeyConstraint" classname="eu.hadeco.crudapi.SqliteTest" time="0"/>
  <testcase name="testMissingIntermediateTable" classname="eu.hadeco.crudapi.SqliteTest" time="0"/>
  <testcase name="testEditUserPassword" classname="eu.hadeco.crudapi.SqliteTest" time="0.029"/>
  <testcase name="testEditUserLocation" classname="eu.hadeco.crudapi.SqliteTest" time="0.038"/>
  <testcase name="testListUserLocations" classname="eu.hadeco.crudapi.SqliteTest" time="0.001"/>
  <testcase name="testEditUserWithId" classname="eu.hadeco.crudapi.SqliteTest" time="0.033"/>
  <testcase name="testReadOtherUser" classname="eu.hadeco.crudapi.SqliteTest" time="0.002"/>
  <testcase name="testEditOtherUser" classname="eu.hadeco.crudapi.SqliteTest" time="0.002"/>
  <testcase name="testFilterCategoryOnNullIcon" classname="eu.hadeco.crudapi.SqliteTest" time="0.002"/>
  <testcase name="testFilterCategoryOnNotNullIcon" classname="eu.hadeco.crudapi.SqliteTest" time="0.002"/>
  <testcase name="testFilterPostsNotIn" classname="eu.hadeco.crudapi.SqliteTest" time="0.005"/>
  <testcase name="testFilterCommentsStringIn" classname="eu.hadeco.crudapi.SqliteTest" time="0"/>
  <testcase name="testFilterPostsBetween" classname="eu.hadeco.crudapi.SqliteTest" time="0.006"/>
  <testcase name="testFilterPostsNotBetween" classname="eu.hadeco.crudapi.SqliteTest" time="0.005"/>
  <testcase name="testColumnsWithTable" classname="eu.hadeco.crudapi.SqliteTest" time="0.006"/>
  <testcase name="testColumnsWithTableWildcard" classname="eu.hadeco.crudapi.SqliteTest" time="0.005"/>
  <testcase name="testColumnsOnInclude" classname="eu.hadeco.crudapi.SqliteTest" time="0.006"/>
  <testcase name="testFilterOnRelationAnd" classname="eu.hadeco.crudapi.SqliteTest" time="0.003"/>
  <testcase name="testFilterOnRelationOr" classname="eu.hadeco.crudapi.SqliteTest" time="0.003"/>
  <testcase name="testColumnsOnWrongInclude" classname="eu.hadeco.crudapi.SqliteTest" time="0.005"/>
  <testcase name="testColumnsOnImplicitJoin" classname="eu.hadeco.crudapi.SqliteTest" time="0.006"/>
  <testcase name="testSpatialFilterWithin" classname="eu.hadeco.crudapi.SqliteTest" time="0"/>
  <testcase name="testAddPostsWithNonExistingCategory" classname="eu.hadeco.crudapi.SqliteTest" time="0.001"/>
  <testcase name="testAddPosts" classname="eu.hadeco.crudapi.SqliteTest" time="0.043"/>
  <testcase name="testListEvents" classname="eu.hadeco.crudapi.SqliteTest" time="0.004"/>
  <testcase name="testIncrementEventVisitors" classname="eu.hadeco.crudapi.SqliteTest" time="0.033"/>
  <testcase name="testIncrementEventVisitorsWithZero" classname="eu.hadeco.crudapi.SqliteTest" time="0.043"/>
  <testcase name="testDecrementEventVisitors" classname="eu.hadeco.crudapi.SqliteTest" time="0.03"/>
  <testcase name="testListTagUsage" classname="eu.hadeco.crudapi.SqliteTest" time="0.003"/>
  <testcase name="testUpdateMultipleTags" classname="eu.hadeco.crudapi.SqliteTest" time="0.037"/>
  <testcase name="testUpdateMultipleTagsTooManyIds" classname="eu.hadeco.crudapi.SqliteTest" time="0.003"/>
  <testcase name="testUpdateMultipleTagsWithoutFields" classname="eu.hadeco.crudapi.SqliteTest" time="0.002"/>
  <testcase name="testDeleteMultipleTags" classname="eu.hadeco.crudapi.SqliteTest" time="0.061"/>
  <testcase name="testListProducts" classname="eu.hadeco.crudapi.SqliteTest" time="0.003"/>
  <testcase name="testListProductsProperties" classname="eu.hadeco.crudapi.SqliteTest" time="0.009"/>
  <testcase name="testReadProductProperties" classname="eu.hadeco.crudapi.SqliteTest" time="0.004"/>
  <testcase name="testWriteProductProperties" classname="eu.hadeco.crudapi.SqliteTest" time="0.033"/>
  <testcase name="testAddProducts" classname="eu.hadeco.crudapi.SqliteTest" time="0.031"/>
  <testcase name="testSoftDeleteProducts" classname="eu.hadeco.crudapi.SqliteTest" time="0.031"/>
  <testcase name="testVarBinaryBarcodes" classname="eu.hadeco.crudapi.SqliteTest" time="0.003"/>
  <testcase name="testEditPostWithApostrophe" classname="eu.hadeco.crudapi.SqliteTest" time="0.035"/>
  <testcase name="testIncludeNonRelatedTables" classname="eu.hadeco.crudapi.SqliteTest" time="0.002"/>
</testsuite>