<?xml version="1.0" encoding="UTF-8"?>
<testsuite xmlns:xsi="http://www.w3.org/2001/XMLSchema-instance" xsi:schemaLocation="https://maven.apache.org/surefire/maven-surefire-plugin/xsd/surefire-test-report.xsd" name="TestSuite" time="32.217" tests="59" errors="0" skipped="0" failures="0">
  <properties>
    <property name="java.runtime.name" value="OpenJDK Runtime Environment"/>
    <property name="sun.boot.library.path" value="/usr/local/openjdk-8/jre/lib/amd64"/>
    <property name="java.vm.version" value="25.262-b10"/>
    <property name="animal.sniffer.skip" value="true"/>
    <property name="java.vm.vendor" value="Oracle Corporation"/>
    <property name="maven.multiModuleProjectDirectory" value="/tmp/tmpsye4u81c/ApiTestingFramework"/>
    <property name="maven.javadoc.skip" value="true"/>
    <property name="java.vendor.url" value="http://java.oracle.com/"/>
    <property name="path.separator" value=":"/>
    <property name="guice.disable.misplaced.annotation.check" value="true"/>
    <property name="java.vm.name" value="OpenJDK 64-Bit Server VM"/>
    <property name="file.encoding.pkg" value="sun.io"/>
    <property name="sun.java.launcher" value="SUN_STANDARD"/>
    <property name="sun.os.patch.level" value="unknown"/>
    <property name="source.skip" value="true"/>
    <property name="java.vm.specification.name" value="Java Virtual Machine Specification"/>
    <property name="user.dir" value="/tmp/tmpsye4u81c/ApiTestingFramework"/>
    <property name="java.runtime.version" value="1.8.0_262-b10"/>
    <property name="java.awt.graphicsenv" value="sun.awt.X11GraphicsEnvironment"/>
    <property name="java.endorsed.dirs" value="/usr/local/openjdk-8/jre/lib/endorsed"/>
    <property name="os.arch" value="amd64"/>
    <property name="java.io.tmpdir" value="/tmp"/>
    <property name="line.separator" value="&#10;"/>
    <property name="java.vm.specification.vendor" value="Oracle Corporation"/>
    <property name="os.name" value="Linux"/>
    <property name="classworlds.conf" value="/usr/share/maven/bin/m2.conf"/>
    <property name="sun.jnu.encoding" value="UTF-8"/>
    <property name="java.library.path" value="/usr/java/packages/lib/amd64:/usr/lib64:/lib64:/lib:/usr/lib"/>
    <property name="license.skip" value="true"/>
    <property name="maven.conf" value="/usr/share/maven/conf"/>
    <property name="java.specification.name" value="Java Platform API Specification"/>
    <property name="java.class.version" value="52.0"/>
    <property name="sun.management.compiler" value="HotSpot 64-Bit Tiered Compilers"/>
    <property name="maven.test.failure.ignore" value="true"/>
    <property name="os.version" value="4.15.0-109-generic"/>
    <property name="library.jansi.path" value="/usr/share/maven/lib/jansi-native"/>
    <property name="user.home" value="/home/jdbl"/>
    <property name="user.timezone" value="Etc/UTC"/>
    <property name="java.awt.printerjob" value="sun.print.PSPrinterJob"/>
    <property name="java.specification.version" value="1.8"/>
    <property name="file.encoding" value="UTF-8"/>
    <property name="user.name" value="jdbl"/>
    <property name="java.class.path" value="/usr/share/maven/boot/plexus-classworlds-2.6.0.jar"/>
    <property name="java.vm.specification.version" value="1.8"/>
    <property name="sun.arch.data.model" value="64"/>
    <property name="java.home" value="/usr/local/openjdk-8/jre"/>
    <property name="sun.java.command" value="org.codehaus.plexus.classworlds.launcher.Launcher test -e --fail-never -ntp -Dmaven.test.failure.ignore=true -B -Dmaven.javadoc.skip=true -Drat.skip=true -Danimal.sniffer.skip=true -Dmaven.javadoc.skip=true -Dlicense.skip=true -Dsource.skip=true"/>
    <property name="java.specification.vendor" value="Oracle Corporation"/>
    <property name="user.language" value="en"/>
    <property name="awt.toolkit" value="sun.awt.X11.XToolkit"/>
    <property name="java.vm.info" value="mixed mode"/>
    <property name="java.version" value="1.8.0_262"/>
    <property name="java.ext.dirs" value="/usr/local/openjdk-8/jre/lib/ext:/usr/java/packages/lib/ext"/>
    <property name="securerandom.source" value="file:/dev/./urandom"/>
    <property name="sun.boot.class.path" value="/usr/local/openjdk-8/jre/lib/resources.jar:/usr/local/openjdk-8/jre/lib/rt.jar:/usr/local/openjdk-8/jre/lib/sunrsasign.jar:/usr/local/openjdk-8/jre/lib/jsse.jar:/usr/local/openjdk-8/jre/lib/jce.jar:/usr/local/openjdk-8/jre/lib/charsets.jar:/usr/local/openjdk-8/jre/lib/jfr.jar:/usr/local/openjdk-8/jre/classes"/>
    <property name="java.vendor" value="Oracle Corporation"/>
    <property name="rat.skip" value="true"/>
    <property name="maven.home" value="/usr/share/maven"/>
    <property name="file.separator" value="/"/>
    <property name="java.vendor.url.bug" value="http://bugreport.sun.com/bugreport/"/>
    <property name="sun.cpu.endian" value="little"/>
    <property name="sun.io.unicode.encoding" value="UnicodeLittle"/>
    <property name="sun.cpu.isalist" value=""/>
  </properties>
  <testcase name="testResponseCodeAndContentType" classname="com.abc.testcase.singleEndpoint.user.UsersTest" time="2.745"/>
  <testcase name="testResponseCodeAndContentType" classname="com.abc.testcase.singleEndpoint.user.UsersTest" time="0.118"/>
  <testcase name="testResponseCodeWithInvalidUsersId" classname="com.abc.testcase.singleEndpoint.user.UsersTest" time="0.472"/>
  <testcase name="testResponseCodeWithInvalidUsersId" classname="com.abc.testcase.singleEndpoint.user.UsersTest" time="0.427"/>
  <testcase name="testResponseStatusCode200AndContentTypeJSON" classname="com.abc.testcase.singleEndpoint.user.UsersTest" time="0.457"/>
  <testcase name="testResponseBodyWithIdTitleAndBody" classname="com.abc.testcase.singleEndpoint.user.UsersTest" time="0.704"/>
  <testcase name="testResponseBodyWithIdTitleAndBody" classname="com.abc.testcase.singleEndpoint.user.UsersTest" time="0.074"/>
  <testcase name="fetchListOfUsersAndAssertSize" classname="com.abc.testcase.singleEndpoint.user.UsersTest" time="0.065"/>
  <testcase name="testResponseCodeAndContentType" classname="com.abc.testcase.singleEndpoint.todo.TodosTest" time="0.045"/>
  <testcase name="testResponseCodeAndContentType" classname="com.abc.testcase.singleEndpoint.todo.TodosTest" time="0.079"/>
  <testcase name="testResponseCodeWithInvalidTodosId" classname="com.abc.testcase.singleEndpoint.todo.TodosTest" time="0.4"/>
  <testcase name="testResponseCodeWithInvalidTodosId" classname="com.abc.testcase.singleEndpoint.todo.TodosTest" time="0.408"/>
  <testcase name="testResponseStatusCode200AndContentTypeJSON" classname="com.abc.testcase.singleEndpoint.todo.TodosTest" time="0.045"/>
  <testcase name="testResponseBodyWithIdTitleAndStatus" classname="com.abc.testcase.singleEndpoint.todo.TodosTest" time="0.056"/>
  <testcase name="testResponseBodyWithIdTitleAndStatus" classname="com.abc.testcase.singleEndpoint.todo.TodosTest" time="0.06"/>
  <testcase name="fetchListOfTodosAndAssertSize" classname="com.abc.testcase.singleEndpoint.todo.TodosTest" time="0.109"/>
  <testcase name="testResponseCodeAndContentType" classname="com.abc.testcase.singleEndpoint.post.PostsTest" time="0.075"/>
  <testcase name="testResponseCodeAndContentType" classname="com.abc.testcase.singleEndpoint.post.PostsTest" time="0.442"/>
  <testcase name="testResponseCodeWithInvalidPostsId" classname="com.abc.testcase.singleEndpoint.post.PostsTest" time="0.396"/>
  <testcase name="testResponseCodeWithInvalidPostsId" classname="com.abc.testcase.singleEndpoint.post.PostsTest" time="0.402"/>
  <testcase name="testResponseStatusCode200AndContentTypeJSON" classname="com.abc.testcase.singleEndpoint.post.PostsTest" time="0.045"/>
  <testcase name="testResponseBodyWithIdTitleAndBody" classname="com.abc.testcase.singleEndpoint.post.PostsTest" time="0.068"/>
  <testcase name="testResponseBodyWithIdTitleAndBody" classname="com.abc.testcase.singleEndpoint.post.PostsTest" time="0.04"/>
  <testcase name="fetchListOfPostsAndAssertSize" classname="com.abc.testcase.singleEndpoint.post.PostsTest" time="0.076"/>
  <testcase name="testResponseCodeAndContentType" classname="com.abc.testcase.singleEndpoint.comment.CommentsTest" time="0.392"/>
  <testcase name="testResponseCodeAndContentType" classname="com.abc.testcase.singleEndpoint.comment.CommentsTest" time="0.412"/>
  <testcase name="testResponseCodeWithInvalidCommentsId" classname="com.abc.testcase.singleEndpoint.comment.CommentsTest" time="0.414"/>
  <testcase name="testResponseCodeWithInvalidCommentsId" classname="com.abc.testcase.singleEndpoint.comment.CommentsTest" time="0.407"/>
  <testcase name="testResponseStatusCode200AndContentTypeJSON" classname="com.abc.testcase.singleEndpoint.comment.CommentsTest" time="0.775"/>
  <testcase name="testResponseBodyWithIdNameAndEmail" classname="com.abc.testcase.singleEndpoint.comment.CommentsTest" time="0.032"/>
  <testcase name="testResponseBodyWithIdNameAndEmail" classname="com.abc.testcase.singleEndpoint.comment.CommentsTest" time="0.044"/>
  <testcase name="fetchListOfCommentsAndAssertSize" classname="com.abc.testcase.singleEndpoint.comment.CommentsTest" time="0.072"/>
  <testcase name="testResponseCodeAndContentType" classname="com.abc.testcase.singleEndpoint.album.AlbumsTest" time="0.051"/>
  <testcase name="testResponseCodeAndContentType" classname="com.abc.testcase.singleEndpoint.album.AlbumsTest" time="0.559"/>
  <testcase name="testResponseCodeWithInvalidAlbumsId" classname="com.abc.testcase.singleEndpoint.album.AlbumsTest" time="0.38"/>
  <testcase name="testResponseCodeWithInvalidAlbumsId" classname="com.abc.testcase.singleEndpoint.album.AlbumsTest" time="0.424"/>
  <testcase name="testResponseStatusCode200AndContentTypeJSON" classname="com.abc.testcase.singleEndpoint.album.AlbumsTest" time="0.384"/>
  <testcase name="testResponseBodyWithIdAndTitle" classname="com.abc.testcase.singleEndpoint.album.AlbumsTest" time="0.043"/>
  <testcase name="testResponseBodyWithIdAndTitle" classname="com.abc.testcase.singleEndpoint.album.AlbumsTest" time="0.048"/>
  <testcase name="fetchListOfAlbumsAndAssertSize" classname="com.abc.testcase.singleEndpoint.album.AlbumsTest" time="0.051"/>
  <testcase name="testResponseCodeAndContentType" classname="com.abc.testcase.singleEndpoint.photo.PhotosTest" time="0.43"/>
  <testcase name="testResponseCodeAndContentType" classname="com.abc.testcase.singleEndpoint.photo.PhotosTest" time="0.035"/>
  <testcase name="testResponseCodeWithInvalidPhotosId" classname="com.abc.testcase.singleEndpoint.photo.PhotosTest" time="0.414"/>
  <testcase name="testResponseCodeWithInvalidPhotosId" classname="com.abc.testcase.singleEndpoint.photo.PhotosTest" time="0.41"/>
  <testcase name="testResponseStatusCode200AndContentTypeJSON" classname="com.abc.testcase.singleEndpoint.photo.PhotosTest" time="0.972"/>
  <testcase name="testResponseBodyWithIdTitleUrlAndThumbnailUrl" classname="com.abc.testcase.singleEndpoint.photo.PhotosTest" time="0.045"/>
  <testcase name="testResponseBodyWithIdTitleUrlAndThumbnailUrl" classname="com.abc.testcase.singleEndpoint.photo.PhotosTest" time="0.035"/>
  <testcase name="fetchListOfPhotosAndAssertSize" classname="com.abc.testcase.singleEndpoint.photo.PhotosTest" time="0.121"/>
  <testcase name="testTotalCountOfPostsByUserAndValidateResponseBody" classname="com.abc.testcase.multipleEndpoints.posts.PostsByUserTest" time="0.492"/>
  <testcase name="testTotalCountOfPostsByUserAndValidateResponseBody" classname="com.abc.testcase.multipleEndpoints.posts.PostsByUserTest" time="0.461"/>
  <testcase name="testTotalCountOfPostsByUserAndValidateResponseBody" classname="com.abc.testcase.multipleEndpoints.posts.PostsByUserTest" time="0.409"/>
  <testcase name="testTotalCountOfAlbumsAssociatedWithUserAndValidateResponseBody" classname="com.abc.testcase.multipleEndpoints.albums.AlbumsOfUserTest" time="0.441"/>
  <testcase name="testTotalCountOfAlbumsAssociatedWithUserAndValidateResponseBody" classname="com.abc.testcase.multipleEndpoints.albums.AlbumsOfUserTest" time="0.427"/>
  <testcase name="testTotalCountOfAlbumsAssociatedWithUserAndValidateResponseBody" classname="com.abc.testcase.multipleEndpoints.albums.AlbumsOfUserTest" time="0.456"/>
  <testcase name="testTotalCountOfTodosAssociatedWithUserAndValidateResponseBody" classname="com.abc.testcase.multipleEndpoints.todos.TodosByUserTest" time="0.427"/>
  <testcase name="testTotalCountOfTodosAssociatedWithUserAndValidateResponseBody" classname="com.abc.testcase.multipleEndpoints.todos.TodosByUserTest" time="0.411"/>
  <testcase name="testTotalCountOfTodosAssociatedWithUserAndValidateResponseBody" classname="com.abc.testcase.multipleEndpoints.todos.TodosByUserTest" time="0.447"/>
  <testcase name="validateEmailFormatInCommentsForPostsByUser" classname="com.abc.testcase.multipleEndpoints.comments.CommentsOfPostsByUserTest" time="5.433"/>
  <testcase name="validateUrlFormatInPhotosForAlbumsAssociatedWithUser" classname="com.abc.testcase.multipleEndpoints.photos.PhotosInAlbumsByUserTest" time="4.181"/>
</testsuite>