<?xml version="1.0" encoding="UTF-8"?>
<testsuite name="org.mvel2.tests.core.CoreConfidenceTests" time="0.307" tests="295" errors="0" skipped="0" failures="0">
  <properties>
    <property name="java.runtime.name" value="OpenJDK Runtime Environment"/>
    <property name="sun.boot.library.path" value="/usr/local/openjdk-8/jre/lib/amd64"/>
    <property name="java.vm.version" value="25.262-b10"/>
    <property name="animal.sniffer.skip" value="true"/>
    <property name="java.vm.vendor" value="Oracle Corporation"/>
    <property name="maven.multiModuleProjectDirectory" value="/tmp/tmph5rk0py3/mvel"/>
    <property name="maven.javadoc.skip" value="true"/>
    <property name="java.vendor.url" value="http://java.oracle.com/"/>
    <property name="path.separator" value=":"/>
    <property name="guice.disable.misplaced.annotation.check" value="true"/>
    <property name="java.vm.name" value="OpenJDK 64-Bit Server VM"/>
    <property name="file.encoding.pkg" value="sun.io"/>
    <property name="sun.java.launcher" value="SUN_STANDARD"/>
    <property name="sun.os.patch.level" value="unknown"/>
    <property name="source.skip" value="true"/>
    <property name="java.vm.specification.name" value="Java Virtual Machine Specification"/>
    <property name="user.dir" value="/tmp/tmph5rk0py3/mvel"/>
    <property name="java.runtime.version" value="1.8.0_262-b10"/>
    <property name="java.awt.graphicsenv" value="sun.awt.X11GraphicsEnvironment"/>
    <property name="java.endorsed.dirs" value="/usr/local/openjdk-8/jre/lib/endorsed"/>
    <property name="os.arch" value="amd64"/>
    <property name="java.io.tmpdir" value="/tmp"/>
    <property name="line.separator" value="&#10;"/>
    <property name="java.vm.specification.vendor" value="Oracle Corporation"/>
    <property name="os.name" value="Linux"/>
    <property name="classworlds.conf" value="/usr/share/maven/bin/m2.conf"/>
    <property name="maven.test.error.ignore" value="true"/>
    <property name="sun.jnu.encoding" value="UTF-8"/>
    <property name="java.library.path" value="/usr/java/packages/lib/amd64:/usr/lib64:/lib64:/lib:/usr/lib"/>
    <property name="license.skip" value="true"/>
    <property name="maven.conf" value="/usr/share/maven/conf"/>
    <property name="java.specification.name" value="Java Platform API Specification"/>
    <property name="java.class.version" value="52.0"/>
    <property name="sun.management.compiler" value="HotSpot 64-Bit Tiered Compilers"/>
    <property name="maven.test.failure.ignore" value="true"/>
    <property name="os.version" value="4.15.0-109-generic"/>
    <property name="library.jansi.path" value="/usr/share/maven/lib/jansi-native"/>
    <property name="user.home" value="/home/jdbl"/>
    <property name="user.timezone" value="Etc/UTC"/>
    <property name="java.awt.printerjob" value="sun.print.PSPrinterJob"/>
    <property name="java.specification.version" value="1.8"/>
    <property name="file.encoding" value="UTF-8"/>
    <property name="user.name" value="jdbl"/>
    <property name="java.class.path" value="/usr/share/maven/boot/plexus-classworlds-2.6.0.jar"/>
    <property name="java.vm.specification.version" value="1.8"/>
    <property name="sun.arch.data.model" value="64"/>
    <property name="java.home" value="/usr/local/openjdk-8/jre"/>
    <property name="sun.java.command" value="org.codehaus.plexus.classworlds.launcher.Launcher package -e --fail-never -ntp -Dmaven.test.error.ignore=true -Dmaven.test.failure.ignore=true -B -Dmaven.javadoc.skip=true -Drat.skip=true -Danimal.sniffer.skip=true -Dmaven.javadoc.skip=true -Dlicense.skip=true -Dsource.skip=true"/>
    <property name="java.specification.vendor" value="Oracle Corporation"/>
    <property name="user.language" value="en"/>
    <property name="awt.toolkit" value="sun.awt.X11.XToolkit"/>
    <property name="java.vm.info" value="mixed mode"/>
    <property name="java.version" value="1.8.0_262"/>
    <property name="java.ext.dirs" value="/usr/local/openjdk-8/jre/lib/ext:/usr/java/packages/lib/ext"/>
    <property name="securerandom.source" value="file:/dev/./urandom"/>
    <property name="sun.boot.class.path" value="/usr/local/openjdk-8/jre/lib/resources.jar:/usr/local/openjdk-8/jre/lib/rt.jar:/usr/local/openjdk-8/jre/lib/sunrsasign.jar:/usr/local/openjdk-8/jre/lib/jsse.jar:/usr/local/openjdk-8/jre/lib/jce.jar:/usr/local/openjdk-8/jre/lib/charsets.jar:/usr/local/openjdk-8/jre/lib/jfr.jar:/usr/local/openjdk-8/jre/classes"/>
    <property name="java.vendor" value="Oracle Corporation"/>
    <property name="rat.skip" value="true"/>
    <property name="maven.home" value="/usr/share/maven"/>
    <property name="file.separator" value="/"/>
    <property name="java.vendor.url.bug" value="http://bugreport.sun.com/bugreport/"/>
    <property name="sun.cpu.endian" value="little"/>
    <property name="sun.io.unicode.encoding" value="UnicodeLittle"/>
    <property name="sun.cpu.isalist" value=""/>
  </properties>
  <testcase name="testJIRA100b" classname="org.mvel2.tests.core.CoreConfidenceTests" time="0.001"/>
  <testcase name="testNullSafe" classname="org.mvel2.tests.core.CoreConfidenceTests" time="0.002"/>
  <testcase name="testArrayCreation" classname="org.mvel2.tests.core.CoreConfidenceTests" time="0.008"/>
  <testcase name="testConstructor" classname="org.mvel2.tests.core.CoreConfidenceTests" time="0.003"/>
  <testcase name="testClassLiteral" classname="org.mvel2.tests.core.CoreConfidenceTests" time="0"/>
  <testcase name="testOperatorPrecedence" classname="org.mvel2.tests.core.CoreConfidenceTests" time="0.001"/>
  <testcase name="testCompileParserContextShouldNotLoopIndefinitelyOnValidJavaExpression" classname="org.mvel2.tests.core.CoreConfidenceTests" time="0"/>
  <testcase name="testCreationOfList" classname="org.mvel2.tests.core.CoreConfidenceTests" time="0.008"/>
  <testcase name="testMapOperations" classname="org.mvel2.tests.core.CoreConfidenceTests" time="0.007"/>
  <testcase name="testStackOperations" classname="org.mvel2.tests.core.CoreConfidenceTests" time="0.004"/>
  <testcase name="testSystemOutPrint" classname="org.mvel2.tests.core.CoreConfidenceTests" time="0.002"/>
  <testcase name="testCheeseConstructor" classname="org.mvel2.tests.core.CoreConfidenceTests" time="0"/>
  <testcase name="testInterceptors" classname="org.mvel2.tests.core.CoreConfidenceTests" time="0.001"/>
  <testcase name="testSubtractNoSpace1" classname="org.mvel2.tests.core.CoreConfidenceTests" time="0.001"/>
  <testcase name="testStrictTypingCompilation" classname="org.mvel2.tests.core.CoreConfidenceTests" time="0.001"/>
  <testcase name="testEqualityRegression" classname="org.mvel2.tests.core.CoreConfidenceTests" time="0"/>
  <testcase name="testEvaluationRegression" classname="org.mvel2.tests.core.CoreConfidenceTests" time="0"/>
  <testcase name="testIncrementAndAssignWithInputs" classname="org.mvel2.tests.core.CoreConfidenceTests" time="0"/>
  <testcase name="testAssignmentRegression" classname="org.mvel2.tests.core.CoreConfidenceTests" time="0"/>
  <testcase name="testTypeRegression" classname="org.mvel2.tests.core.CoreConfidenceTests" time="0"/>
  <testcase name="testTestIntToLong" classname="org.mvel2.tests.core.CoreConfidenceTests" time="0.001"/>
  <testcase name="testMapPropertyCreateCondensed" classname="org.mvel2.tests.core.CoreConfidenceTests" time="0.001"/>
  <testcase name="testDeepMethod" classname="org.mvel2.tests.core.CoreConfidenceTests" time="0.004"/>
  <testcase name="testListAccessorAssign" classname="org.mvel2.tests.core.CoreConfidenceTests" time="0.004"/>
  <testcase name="testBracketInString" classname="org.mvel2.tests.core.CoreConfidenceTests" time="0.001"/>
  <testcase name="testNesting" classname="org.mvel2.tests.core.CoreConfidenceTests" time="0.003"/>
  <testcase name="testTypeCast" classname="org.mvel2.tests.core.CoreConfidenceTests" time="0.001"/>
  <testcase name="testTypeCast2" classname="org.mvel2.tests.core.CoreConfidenceTests" time="0.004"/>
  <testcase name="testMapAccessSemantics" classname="org.mvel2.tests.core.CoreConfidenceTests" time="0"/>
  <testcase name="testMapBindingSemantics" classname="org.mvel2.tests.core.CoreConfidenceTests" time="0"/>
  <testcase name="testMapNestedInsideList" classname="org.mvel2.tests.core.CoreConfidenceTests" time="0.001"/>
  <testcase name="testListNestedInsideList" classname="org.mvel2.tests.core.CoreConfidenceTests" time="0"/>
  <testcase name="testSetSemantics" classname="org.mvel2.tests.core.CoreConfidenceTests" time="0"/>
  <testcase name="testMapBindingSemantics2" classname="org.mvel2.tests.core.CoreConfidenceTests" time="0"/>
  <testcase name="testDynamicImports" classname="org.mvel2.tests.core.CoreConfidenceTests" time="0.001"/>
  <testcase name="testDynamicImports3" classname="org.mvel2.tests.core.CoreConfidenceTests" time="0.001"/>
  <testcase name="testDynamicImportsInList" classname="org.mvel2.tests.core.CoreConfidenceTests" time="0.001"/>
  <testcase name="testDynamicImportsInMap" classname="org.mvel2.tests.core.CoreConfidenceTests" time="0.001"/>
  <testcase name="testDynamicImportsOnNestedExpressions" classname="org.mvel2.tests.core.CoreConfidenceTests" time="0.001"/>
  <testcase name="testDynamicImportsWithNullConstructorParam" classname="org.mvel2.tests.core.CoreConfidenceTests" time="0.001"/>
  <testcase name="testDynamicImportsWithNullConstructorParamWithStrongType" classname="org.mvel2.tests.core.CoreConfidenceTests" time="0.001"/>
  <testcase name="testDynamicImportsWithIdentifierSameAsClassWithDiffCase" classname="org.mvel2.tests.core.CoreConfidenceTests" time="0"/>
  <testcase name="testTypedAssignment" classname="org.mvel2.tests.core.CoreConfidenceTests" time="0.003"/>
  <testcase name="testFQCNwithStaticInList" classname="org.mvel2.tests.core.CoreConfidenceTests" time="0.003"/>
  <testcase name="testPrecedenceOrder" classname="org.mvel2.tests.core.CoreConfidenceTests" time="0.001"/>
  <testcase name="testDifferentImplSameCompile" classname="org.mvel2.tests.core.CoreConfidenceTests" time="0.001"/>
  <testcase name="testInterfaceMethodCallWithSpace" classname="org.mvel2.tests.core.CoreConfidenceTests" time="0"/>
  <testcase name="testInterfaceMethodCallWithMacro" classname="org.mvel2.tests.core.CoreConfidenceTests" time="0"/>
  <testcase name="testParsingStability1" classname="org.mvel2.tests.core.CoreConfidenceTests" time="0.005"/>
  <testcase name="testParsingStability2" classname="org.mvel2.tests.core.CoreConfidenceTests" time="0"/>
  <testcase name="testConcatWithLineBreaks" classname="org.mvel2.tests.core.CoreConfidenceTests" time="0"/>
  <testcase name="testMethodResolutionWithNullParameter" classname="org.mvel2.tests.core.CoreConfidenceTests" time="0.006"/>
  <testcase name="testStaticNested" classname="org.mvel2.tests.core.CoreConfidenceTests" time="0"/>
  <testcase name="testStaticNestedWithImport" classname="org.mvel2.tests.core.CoreConfidenceTests" time="0"/>
  <testcase name="testStaticNestedWithMethodCall" classname="org.mvel2.tests.core.CoreConfidenceTests" time="0"/>
  <testcase name="testsequentialAccessorsThenMethodCall" classname="org.mvel2.tests.core.CoreConfidenceTests" time="0.001"/>
  <testcase name="testWhileUsingImports" classname="org.mvel2.tests.core.CoreConfidenceTests" time="0"/>
  <testcase name="testBooleanModeOnly2" classname="org.mvel2.tests.core.CoreConfidenceTests" time="0.001"/>
  <testcase name="testBooleanModeOnly4" classname="org.mvel2.tests.core.CoreConfidenceTests" time="0.001"/>
  <testcase name="testThisReferenceMapVirtualObjects" classname="org.mvel2.tests.core.CoreConfidenceTests" time="0"/>
  <testcase name="testThisReferenceMapVirtualObjects1" classname="org.mvel2.tests.core.CoreConfidenceTests" time="0"/>
  <testcase name="testThisReferenceMapVirtualObjects2" classname="org.mvel2.tests.core.CoreConfidenceTests" time="0.001"/>
  <testcase name="testEvalToBoolean" classname="org.mvel2.tests.core.CoreConfidenceTests" time="0"/>
  <testcase name="testImport" classname="org.mvel2.tests.core.CoreConfidenceTests" time="0"/>
  <testcase name="testImport2" classname="org.mvel2.tests.core.CoreConfidenceTests" time="0.001"/>
  <testcase name="testUnusedPackageImport" classname="org.mvel2.tests.core.CoreConfidenceTests" time="0"/>
  <testcase name="testStaticImport" classname="org.mvel2.tests.core.CoreConfidenceTests" time="0.003"/>
  <testcase name="testCreationOfSet" classname="org.mvel2.tests.core.CoreConfidenceTests" time="0.004"/>
  <testcase name="testPropertyVerfierShoudldNotLoopIndefinately" classname="org.mvel2.tests.core.CoreConfidenceTests" time="0"/>
  <testcase name="testCompileWithNewInsideMethodCall" classname="org.mvel2.tests.core.CoreConfidenceTests" time="0.001"/>
  <testcase name="testBug4" classname="org.mvel2.tests.core.CoreConfidenceTests" time="0"/>
  <testcase name="testIndexer" classname="org.mvel2.tests.core.CoreConfidenceTests" time="0.001"/>
  <testcase name="testLateResolveOfClass" classname="org.mvel2.tests.core.CoreConfidenceTests" time="0"/>
  <testcase name="testClassAliasing" classname="org.mvel2.tests.core.CoreConfidenceTests" time="0.001"/>
  <testcase name="testRandomExpression1" classname="org.mvel2.tests.core.CoreConfidenceTests" time="0.004"/>
  <testcase name="testRandomExpression4" classname="org.mvel2.tests.core.CoreConfidenceTests" time="0.002"/>
  <testcase name="testRandomExpression5" classname="org.mvel2.tests.core.CoreConfidenceTests" time="0.003"/>
  <testcase name="testRandomExpression6" classname="org.mvel2.tests.core.CoreConfidenceTests" time="0.002"/>
  <testcase name="testRandomExpression7" classname="org.mvel2.tests.core.CoreConfidenceTests" time="0.001"/>
  <testcase name="testRandomExpression8" classname="org.mvel2.tests.core.CoreConfidenceTests" time="0.001"/>
  <testcase name="testRandomExpression9" classname="org.mvel2.tests.core.CoreConfidenceTests" time="0.002"/>
  <testcase name="testRandomExpression10" classname="org.mvel2.tests.core.CoreConfidenceTests" time="0.001"/>
  <testcase name="testAddIntToMapWithMapSyntax" classname="org.mvel2.tests.core.CoreConfidenceTests" time="0"/>
  <testcase name="testUpdateIntInMapWithMapSyntax" classname="org.mvel2.tests.core.CoreConfidenceTests" time="0"/>
  <testcase name="testDeepProperty" classname="org.mvel2.tests.core.CoreConfidenceTests" time="0.001"/>
  <testcase name="testDeepProperty2" classname="org.mvel2.tests.core.CoreConfidenceTests" time="0"/>
  <testcase name="testBooleanEvaluation" classname="org.mvel2.tests.core.CoreConfidenceTests" time="0.001"/>
  <testcase name="testBooleanEvaluation2" classname="org.mvel2.tests.core.CoreConfidenceTests" time="0.001"/>
  <testcase name="testStaticWithExplicitParam" classname="org.mvel2.tests.core.CoreConfidenceTests" time="0"/>
  <testcase name="testSimpleExpression" classname="org.mvel2.tests.core.CoreConfidenceTests" time="0.001"/>
  <testcase name="testStaticWithExpressionParam" classname="org.mvel2.tests.core.CoreConfidenceTests" time="0"/>
  <testcase name="testStringIndex" classname="org.mvel2.tests.core.CoreConfidenceTests" time="0.002"/>
  <testcase name="testAssertKeyword" classname="org.mvel2.tests.core.CoreConfidenceTests" time="0"/>
  <testcase name="testMethodInvocationWithCollectionElement" classname="org.mvel2.tests.core.CoreConfidenceTests" time="0.001"/>
  <testcase name="testNestedMethod1" classname="org.mvel2.tests.core.CoreConfidenceTests" time="0"/>
  <testcase name="testDynamicImports2" classname="org.mvel2.tests.core.CoreConfidenceTests" time="0.001"/>
  <testcase name="testUseOfVarKeyword" classname="org.mvel2.tests.core.CoreConfidenceTests" time="0.001"/>
  <testcase name="testAssignment5" classname="org.mvel2.tests.core.CoreConfidenceTests" time="0.001"/>
  <testcase name="testSetExpressions1" classname="org.mvel2.tests.core.CoreConfidenceTests" time="0"/>
  <testcase name="testDuplicateVariableDeclaration" classname="org.mvel2.tests.core.CoreConfidenceTests" time="0"/>
  <testcase name="testFullyQualifiedTypeAndCast" classname="org.mvel2.tests.core.CoreConfidenceTests" time="0.001"/>
  <testcase name="testThreadSafetyInterpreter1" classname="org.mvel2.tests.core.CoreConfidenceTests" time="0.001"/>
  <testcase name="testArrayList" classname="org.mvel2.tests.core.CoreConfidenceTests" time="0"/>
  <testcase name="testUnmodifiableCollection" classname="org.mvel2.tests.core.CoreConfidenceTests" time="0"/>
  <testcase name="testSingleton" classname="org.mvel2.tests.core.CoreConfidenceTests" time="0"/>
  <testcase name="testJIRA93" classname="org.mvel2.tests.core.CoreConfidenceTests" time="0"/>
  <testcase name="testJIRA96" classname="org.mvel2.tests.core.CoreConfidenceTests" time="0"/>
  <testcase name="testStringToArrayCast" classname="org.mvel2.tests.core.CoreConfidenceTests" time="0.001"/>
  <testcase name="testStringToArrayCast2" classname="org.mvel2.tests.core.CoreConfidenceTests" time="0.001"/>
  <testcase name="testStaticallyTypedArrayVar" classname="org.mvel2.tests.core.CoreConfidenceTests" time="0.001"/>
  <testcase name="testParserErrorHandling" classname="org.mvel2.tests.core.CoreConfidenceTests" time="0"/>
  <testcase name="testJIRA100" classname="org.mvel2.tests.core.CoreConfidenceTests" time="0.004"/>
  <testcase name="testAssignToBean" classname="org.mvel2.tests.core.CoreConfidenceTests" time="0.001"/>
  <testcase name="testMapAssignmentNestedExpression" classname="org.mvel2.tests.core.CoreConfidenceTests" time="0.001"/>
  <testcase name="testMapAssignmentNestedExpression2" classname="org.mvel2.tests.core.CoreConfidenceTests" time="0"/>
  <testcase name="testMethodResolutionOrder" classname="org.mvel2.tests.core.CoreConfidenceTests" time="0"/>
  <testcase name="testCustomPropertyHandler" classname="org.mvel2.tests.core.CoreConfidenceTests" time="0.004"/>
  <testcase name="testSetAccessorOverloadedEqualsStrictMode" classname="org.mvel2.tests.core.CoreConfidenceTests" time="0"/>
  <testcase name="testAdd__Handle__Simple" classname="org.mvel2.tests.core.CoreConfidenceTests" time="0"/>
  <testcase name="testAdd__Handle__withNewLines" classname="org.mvel2.tests.core.CoreConfidenceTests" time="0"/>
  <testcase name="testAdd__Handle__rComplex" classname="org.mvel2.tests.core.CoreConfidenceTests" time="0.001"/>
  <testcase name="testMultipleMatches" classname="org.mvel2.tests.core.CoreConfidenceTests" time="0"/>
  <testcase name="testAssert1" classname="org.mvel2.tests.core.CoreConfidenceTests" time="0"/>
  <testcase name="testAssert2" classname="org.mvel2.tests.core.CoreConfidenceTests" time="0"/>
  <testcase name="testAssertLogical" classname="org.mvel2.tests.core.CoreConfidenceTests" time="0"/>
  <testcase name="testModifyRetractModifyInsert" classname="org.mvel2.tests.core.CoreConfidenceTests" time="0"/>
  <testcase name="testAllActionsMushedTogether" classname="org.mvel2.tests.core.CoreConfidenceTests" time="0.001"/>
  <testcase name="testLeaveLargeAlone" classname="org.mvel2.tests.core.CoreConfidenceTests" time="0"/>
  <testcase name="testWithNull" classname="org.mvel2.tests.core.CoreConfidenceTests" time="0"/>
  <testcase name="testLeaveAssertAlone" classname="org.mvel2.tests.core.CoreConfidenceTests" time="0"/>
  <testcase name="testLeaveAssertLogicalAlone" classname="org.mvel2.tests.core.CoreConfidenceTests" time="0"/>
  <testcase name="testWackyAssert" classname="org.mvel2.tests.core.CoreConfidenceTests" time="0.001"/>
  <testcase name="testMoreAssertCraziness" classname="org.mvel2.tests.core.CoreConfidenceTests" time="0"/>
  <testcase name="testRetract" classname="org.mvel2.tests.core.CoreConfidenceTests" time="0"/>
  <testcase name="testIncrementInBooleanStatement" classname="org.mvel2.tests.core.CoreConfidenceTests" time="0.002"/>
  <testcase name="testIncrementInBooleanStatement2" classname="org.mvel2.tests.core.CoreConfidenceTests" time="0.001"/>
  <testcase name="testStaticallyTypedLong" classname="org.mvel2.tests.core.CoreConfidenceTests" time="0.002"/>
  <testcase name="testNakedMethodCall" classname="org.mvel2.tests.core.CoreConfidenceTests" time="0.002"/>
  <testcase name="testDecl" classname="org.mvel2.tests.core.CoreConfidenceTests" time="0.003"/>
  <testcase name="testInlineUnion" classname="org.mvel2.tests.core.CoreConfidenceTests" time="0.002"/>
  <testcase name="testJIRA113" classname="org.mvel2.tests.core.CoreConfidenceTests" time="0.004"/>
  <testcase name="testChainedMethodCallsWithParams" classname="org.mvel2.tests.core.CoreConfidenceTests" time="0.001"/>
  <testcase name="testIsUsedInIf" classname="org.mvel2.tests.core.CoreConfidenceTests" time="0.001"/>
  <testcase name="testJIRA122" classname="org.mvel2.tests.core.CoreConfidenceTests" time="0.003"/>
  <testcase name="testJIRA122b" classname="org.mvel2.tests.core.CoreConfidenceTests" time="0"/>
  <testcase name="testJIRA103" classname="org.mvel2.tests.core.CoreConfidenceTests" time="0"/>
  <testcase name="testJIRA103b" classname="org.mvel2.tests.core.CoreConfidenceTests" time="0.001"/>
  <testcase name="testMethodCaching" classname="org.mvel2.tests.core.CoreConfidenceTests" time="0"/>
  <testcase name="testSetExpressions2" classname="org.mvel2.tests.core.CoreConfidenceTests" time="0"/>
  <testcase name="testInnerClassReference" classname="org.mvel2.tests.core.CoreConfidenceTests" time="0.005"/>
  <testcase name="testEdson" classname="org.mvel2.tests.core.CoreConfidenceTests" time="0.004"/>
  <testcase name="testEnumSupport" classname="org.mvel2.tests.core.CoreConfidenceTests" time="0.008"/>
  <testcase name="testOperatorPrecedenceOrder" classname="org.mvel2.tests.core.CoreConfidenceTests" time="0.001"/>
  <testcase name="testJIRA139" classname="org.mvel2.tests.core.CoreConfidenceTests" time="0"/>
  <testcase name="testJIRA140" classname="org.mvel2.tests.core.CoreConfidenceTests" time="0.002"/>
  <testcase name="testVerifierWithIndexedProperties" classname="org.mvel2.tests.core.CoreConfidenceTests" time="0.001"/>
  <testcase name="testEmpty" classname="org.mvel2.tests.core.CoreConfidenceTests" time="0"/>
  <testcase name="testMapsAndLists" classname="org.mvel2.tests.core.CoreConfidenceTests" time="0.002"/>
  <testcase name="testMapsAndLists2" classname="org.mvel2.tests.core.CoreConfidenceTests" time="0"/>
  <testcase name="testReturnBoolean" classname="org.mvel2.tests.core.CoreConfidenceTests" time="0"/>
  <testcase name="testComaProblemStrikesBack" classname="org.mvel2.tests.core.CoreConfidenceTests" time="0"/>
  <testcase name="testStringConcatenation" classname="org.mvel2.tests.core.CoreConfidenceTests" time="0"/>
  <testcase name="testStringConcatenation2" classname="org.mvel2.tests.core.CoreConfidenceTests" time="0.001"/>
  <testcase name="testStringConcatenation3" classname="org.mvel2.tests.core.CoreConfidenceTests" time="0"/>
  <testcase name="testMapsWithVariableAsKey" classname="org.mvel2.tests.core.CoreConfidenceTests" time="0"/>
  <testcase name="testMapsWithVariableAsKey2" classname="org.mvel2.tests.core.CoreConfidenceTests" time="0"/>
  <testcase name="testProjectionUsingThis" classname="org.mvel2.tests.core.CoreConfidenceTests" time="0.001"/>
  <testcase name="testUnaryOpNegation1" classname="org.mvel2.tests.core.CoreConfidenceTests" time="0.001"/>
  <testcase name="testUnaryOpNegation2" classname="org.mvel2.tests.core.CoreConfidenceTests" time="0.001"/>
  <testcase name="testJIRA151" classname="org.mvel2.tests.core.CoreConfidenceTests" time="0.001"/>
  <testcase name="testJIRA151b" classname="org.mvel2.tests.core.CoreConfidenceTests" time="0.001"/>
  <testcase name="testJIRA153" classname="org.mvel2.tests.core.CoreConfidenceTests" time="0"/>
  <testcase name="testMultipleNegations" classname="org.mvel2.tests.core.CoreConfidenceTests" time="0"/>
  <testcase name="testJIRA154" classname="org.mvel2.tests.core.CoreConfidenceTests" time="0"/>
  <testcase name="testJIRA154b" classname="org.mvel2.tests.core.CoreConfidenceTests" time="0"/>
  <testcase name="testJIRA155" classname="org.mvel2.tests.core.CoreConfidenceTests" time="0"/>
  <testcase name="testJIRA155b" classname="org.mvel2.tests.core.CoreConfidenceTests" time="0"/>
  <testcase name="testJIRA156" classname="org.mvel2.tests.core.CoreConfidenceTests" time="0.001"/>
  <testcase name="testJIRA156b" classname="org.mvel2.tests.core.CoreConfidenceTests" time="0"/>
  <testcase name="testJIRA156c" classname="org.mvel2.tests.core.CoreConfidenceTests" time="0"/>
  <testcase name="testArray" classname="org.mvel2.tests.core.CoreConfidenceTests" time="0.005"/>
  <testcase name="testArray2" classname="org.mvel2.tests.core.CoreConfidenceTests" time="0.005"/>
  <testcase name="testJIRA166" classname="org.mvel2.tests.core.CoreConfidenceTests" time="0"/>
  <testcase name="testJIRA167" classname="org.mvel2.tests.core.CoreConfidenceTests" time="0"/>
  <testcase name="testJIRA168" classname="org.mvel2.tests.core.CoreConfidenceTests" time="0.001"/>
  <testcase name="testJIRA170" classname="org.mvel2.tests.core.CoreConfidenceTests" time="0"/>
  <testcase name="testJIRA170b" classname="org.mvel2.tests.core.CoreConfidenceTests" time="0.001"/>
  <testcase name="testJIRA167b" classname="org.mvel2.tests.core.CoreConfidenceTests" time="0"/>
  <testcase name="testJIRA167c" classname="org.mvel2.tests.core.CoreConfidenceTests" time="0"/>
  <testcase name="testJIRA176" classname="org.mvel2.tests.core.CoreConfidenceTests" time="0"/>
  <testcase name="testJIRA176b" classname="org.mvel2.tests.core.CoreConfidenceTests" time="0.001"/>
  <testcase name="testRandomSomething" classname="org.mvel2.tests.core.CoreConfidenceTests" time="0"/>
  <testcase name="testDeepMethodNameResolution" classname="org.mvel2.tests.core.CoreConfidenceTests" time="0.002"/>
  <testcase name="testJIRA183" classname="org.mvel2.tests.core.CoreConfidenceTests" time="0"/>
  <testcase name="testContextAssignments" classname="org.mvel2.tests.core.CoreConfidenceTests" time="0"/>
  <testcase name="testMVEL187" classname="org.mvel2.tests.core.CoreConfidenceTests" time="0.001"/>
  <testcase name="testMVEL190" classname="org.mvel2.tests.core.CoreConfidenceTests" time="0"/>
  <testcase name="testMethodScoring" classname="org.mvel2.tests.core.CoreConfidenceTests" time="0.002"/>
  <testcase name="testMethodWithNegativeIntParamMVEL313" classname="org.mvel2.tests.core.CoreConfidenceTests" time="0.001"/>
  <testcase name="testSetterViaDotNotation" classname="org.mvel2.tests.core.CoreConfidenceTests" time="0"/>
  <testcase name="testSetterViaMapNotation" classname="org.mvel2.tests.core.CoreConfidenceTests" time="0"/>
  <testcase name="testGetterViaDotNotation" classname="org.mvel2.tests.core.CoreConfidenceTests" time="0.001"/>
  <testcase name="testGetterViaMapNotation" classname="org.mvel2.tests.core.CoreConfidenceTests" time="0"/>
  <testcase name="testGetterViaMapGetter" classname="org.mvel2.tests.core.CoreConfidenceTests" time="0"/>
  <testcase name="testJIRA209" classname="org.mvel2.tests.core.CoreConfidenceTests" time="0.001"/>
  <testcase name="testBigDecimalOutput" classname="org.mvel2.tests.core.CoreConfidenceTests" time="0"/>
  <testcase name="testAmbiguousGetName" classname="org.mvel2.tests.core.CoreConfidenceTests" time="0.001"/>
  <testcase name="testBindingNullToPrimitiveTypes" classname="org.mvel2.tests.core.CoreConfidenceTests" time="0"/>
  <testcase name="testBindingNullToPrimitiveTypes2" classname="org.mvel2.tests.core.CoreConfidenceTests" time="0.001"/>
  <testcase name="testBindingNullToPrimitiveTypes3" classname="org.mvel2.tests.core.CoreConfidenceTests" time="0"/>
  <testcase name="testBindingNullToPrimitiveTypes4" classname="org.mvel2.tests.core.CoreConfidenceTests" time="0.001"/>
  <testcase name="testBindListToArray" classname="org.mvel2.tests.core.CoreConfidenceTests" time="0"/>
  <testcase name="testBindListToMultiArray" classname="org.mvel2.tests.core.CoreConfidenceTests" time="0"/>
  <testcase name="testMVEL224" classname="org.mvel2.tests.core.CoreConfidenceTests" time="0"/>
  <testcase name="testMVEL221" classname="org.mvel2.tests.core.CoreConfidenceTests" time="0.001"/>
  <testcase name="testMVEL222" classname="org.mvel2.tests.core.CoreConfidenceTests" time="0.001"/>
  <testcase name="testMVEL238" classname="org.mvel2.tests.core.CoreConfidenceTests" time="0.002"/>
  <testcase name="testParsingRegression" classname="org.mvel2.tests.core.CoreConfidenceTests" time="0"/>
  <testcase name="testArrayLength" classname="org.mvel2.tests.core.CoreConfidenceTests" time="0"/>
  <testcase name="testEmptyConstructorWithSpace" classname="org.mvel2.tests.core.CoreConfidenceTests" time="0"/>
  <testcase name="testJavaLangImport" classname="org.mvel2.tests.core.CoreConfidenceTests" time="0"/>
  <testcase name="testContextFieldNotFound" classname="org.mvel2.tests.core.CoreConfidenceTests" time="0"/>
  <testcase name="testVarArgs" classname="org.mvel2.tests.core.CoreConfidenceTests" time="0.001"/>
  <testcase name="testNestedEnum" classname="org.mvel2.tests.core.CoreConfidenceTests" time="0"/>
  <testcase name="testNestedNumInMapKey" classname="org.mvel2.tests.core.CoreConfidenceTests" time="0.001"/>
  <testcase name="testNestedClassWithNestedGenericsOnNakedMethod" classname="org.mvel2.tests.core.CoreConfidenceTests" time="0"/>
  <testcase name="testStrictModeAddAll" classname="org.mvel2.tests.core.CoreConfidenceTests" time="0.001"/>
  <testcase name="testNestedEnumFromJar" classname="org.mvel2.tests.core.CoreConfidenceTests" time="0.002"/>
  <testcase name="testContextObjMethodCall" classname="org.mvel2.tests.core.CoreConfidenceTests" time="0"/>
  <testcase name="testMapAccessWithNestedMethodCall" classname="org.mvel2.tests.core.CoreConfidenceTests" time="0"/>
  <testcase name="testMapAccessWithNestedProperty" classname="org.mvel2.tests.core.CoreConfidenceTests" time="0.001"/>
  <testcase name="testArrays" classname="org.mvel2.tests.core.CoreConfidenceTests" time="0"/>
  <testcase name="testFullyQualifiedEnums" classname="org.mvel2.tests.core.CoreConfidenceTests" time="0.002"/>
  <testcase name="testGenericsMap" classname="org.mvel2.tests.core.CoreConfidenceTests" time="0"/>
  <testcase name="testWithInsideBlock" classname="org.mvel2.tests.core.CoreConfidenceTests" time="0.001"/>
  <testcase name="testMethodCallWithSpaces" classname="org.mvel2.tests.core.CoreConfidenceTests" time="0.001"/>
  <testcase name="testInlineConstructor" classname="org.mvel2.tests.core.CoreConfidenceTests" time="0.001"/>
  <testcase name="testStrTriangleEqualsEquals" classname="org.mvel2.tests.core.CoreConfidenceTests" time="0"/>
  <testcase name="testPackageImportEnum" classname="org.mvel2.tests.core.CoreConfidenceTests" time="0.002"/>
  <testcase name="testNarrowToWideCompare" classname="org.mvel2.tests.core.CoreConfidenceTests" time="0"/>
  <testcase name="testPrimitiveArray" classname="org.mvel2.tests.core.CoreConfidenceTests" time="0"/>
  <testcase name="testPrimitiveArrayWithStrongTyping" classname="org.mvel2.tests.core.CoreConfidenceTests" time="0.001"/>
  <testcase name="testVarArgsParams" classname="org.mvel2.tests.core.CoreConfidenceTests" time="0.022"/>
  <testcase name="testTypedVarArgsParams" classname="org.mvel2.tests.core.CoreConfidenceTests" time="0.015"/>
  <testcase name="testTypedVarArgsConstructor" classname="org.mvel2.tests.core.CoreConfidenceTests" time="0"/>
  <testcase name="testUppercaseField" classname="org.mvel2.tests.core.CoreConfidenceTests" time="0"/>
  <testcase name="testExpressionReturnType" classname="org.mvel2.tests.core.CoreConfidenceTests" time="0.001"/>
  <testcase name="testConstantOnLeftExpression" classname="org.mvel2.tests.core.CoreConfidenceTests" time="0"/>
  <testcase name="testExpressionReturnTypeWithGenerics" classname="org.mvel2.tests.core.CoreConfidenceTests" time="0"/>
  <testcase name="testWrongExpressions" classname="org.mvel2.tests.core.CoreConfidenceTests" time="0.001"/>
  <testcase name="testExponentialNotation" classname="org.mvel2.tests.core.CoreConfidenceTests" time="0.002"/>
  <testcase name="testShiftOperator" classname="org.mvel2.tests.core.CoreConfidenceTests" time="0.001"/>
  <testcase name="testSystemOutOnPrivateClass" classname="org.mvel2.tests.core.CoreConfidenceTests" time="0.002"/>
  <testcase name="testSystemOutWithActualInstanceMethod" classname="org.mvel2.tests.core.CoreConfidenceTests" time="0.002"/>
  <testcase name="testMinusOperatorWithoutSpace" classname="org.mvel2.tests.core.CoreConfidenceTests" time="0"/>
  <testcase name="testPrimitiveNumberCoercion" classname="org.mvel2.tests.core.CoreConfidenceTests" time="0"/>
  <testcase name="testBigIntegerWithZeroValue" classname="org.mvel2.tests.core.CoreConfidenceTests" time="0.001"/>
  <testcase name="testBigDecimalWithZeroValue" classname="org.mvel2.tests.core.CoreConfidenceTests" time="0"/>
  <testcase name="testMethodReturningPrimitiveTypeAnalysis" classname="org.mvel2.tests.core.CoreConfidenceTests" time="0"/>
  <testcase name="testStaticMethodsInvocationWithNullArg" classname="org.mvel2.tests.core.CoreConfidenceTests" time="0"/>
  <testcase name="testCovariance" classname="org.mvel2.tests.core.CoreConfidenceTests" time="0"/>
  <testcase name="testDivisionType" classname="org.mvel2.tests.core.CoreConfidenceTests" time="0.002"/>
  <testcase name="testPrimitiveNumberCoercionDuringDivisionShouldWorkOnBothSide" classname="org.mvel2.tests.core.CoreConfidenceTests" time="0.001"/>
  <testcase name="testUntypedClone" classname="org.mvel2.tests.core.CoreConfidenceTests" time="0"/>
  <testcase name="testOverloading" classname="org.mvel2.tests.core.CoreConfidenceTests" time="0"/>
  <testcase name="testPippo" classname="org.mvel2.tests.core.CoreConfidenceTests" time="0.001"/>
  <testcase name="testReturnTypeExtendingGeneric" classname="org.mvel2.tests.core.CoreConfidenceTests" time="0"/>
  <testcase name="testNullCollection" classname="org.mvel2.tests.core.CoreConfidenceTests" time="0.001"/>
  <testcase name="testRegExWithCast" classname="org.mvel2.tests.core.CoreConfidenceTests" time="0"/>
  <testcase name="testUnwantedImport" classname="org.mvel2.tests.core.CoreConfidenceTests" time="0.002"/>
  <testcase name="testUnaryNegative" classname="org.mvel2.tests.core.CoreConfidenceTests" time="0"/>
  <testcase name="testUnaryNegativeWithSpace" classname="org.mvel2.tests.core.CoreConfidenceTests" time="0"/>
  <testcase name="testStaticMethodInvocation" classname="org.mvel2.tests.core.CoreConfidenceTests" time="0.001"/>
  <testcase name="testMultiplyIntByDouble" classname="org.mvel2.tests.core.CoreConfidenceTests" time="0"/>
  <testcase name="testCharToStringCoercionForComparison" classname="org.mvel2.tests.core.CoreConfidenceTests" time="0"/>
  <testcase name="testFieldNameWithUnderscore" classname="org.mvel2.tests.core.CoreConfidenceTests" time="0.001"/>
  <testcase name="testEmptyOperatorOnStrings" classname="org.mvel2.tests.core.CoreConfidenceTests" time="0"/>
  <testcase name="testEmptyOperatorOnBoolean" classname="org.mvel2.tests.core.CoreConfidenceTests" time="0"/>
  <testcase name="testEmptyOperatorOnInteger" classname="org.mvel2.tests.core.CoreConfidenceTests" time="0.001"/>
  <testcase name="testInstanceofOnInnerClass" classname="org.mvel2.tests.core.CoreConfidenceTests" time="0"/>
  <testcase name="testInstanceofWithPackageImport" classname="org.mvel2.tests.core.CoreConfidenceTests" time="0.001"/>
  <testcase name="testInstanceofWithPackageImportAndInnerClass" classname="org.mvel2.tests.core.CoreConfidenceTests" time="0.001"/>
  <testcase name="testCompilerExceptionFormatting" classname="org.mvel2.tests.core.CoreConfidenceTests" time="0.009"/>
  <testcase name="testHandleNumericConversionBug" classname="org.mvel2.tests.core.CoreConfidenceTests" time="0"/>
  <testcase name="testNoArgMethodInheritance" classname="org.mvel2.tests.core.CoreConfidenceTests" time="0"/>
  <testcase name="testMethodOverloadMatch" classname="org.mvel2.tests.core.CoreConfidenceTests" time="0"/>
  <testcase name="testInvokeMethodInAbstractClass" classname="org.mvel2.tests.core.CoreConfidenceTests" time="0"/>
  <testcase name="testParseGenericMap" classname="org.mvel2.tests.core.CoreConfidenceTests" time="0"/>
  <testcase name="testInvokeVarargConstructor" classname="org.mvel2.tests.core.CoreConfidenceTests" time="0"/>
  <testcase name="testGenericsWithOr" classname="org.mvel2.tests.core.CoreConfidenceTests" time="0"/>
  <testcase name="testAnalyzeTernary" classname="org.mvel2.tests.core.CoreConfidenceTests" time="0"/>
  <testcase name="testAnalyzeWrongTernary" classname="org.mvel2.tests.core.CoreConfidenceTests" time="0"/>
  <testcase name="testPrimitiveSubtyping" classname="org.mvel2.tests.core.CoreConfidenceTests" time="0"/>
  <testcase name="testUseVariableFactoryWithArithmeticOperation" classname="org.mvel2.tests.core.CoreConfidenceTests" time="0.001"/>
  <testcase name="testNothing" classname="org.mvel2.tests.core.CoreConfidenceTests" time="0"/>
</testsuite>