<?xml version="1.0" encoding="UTF-8"?>
<testsuite name="org.mvel2.tests.core.PropertyAccessTests" time="0.095" tests="67" errors="0" skipped="0" failures="0">
  <properties>
    <property name="java.runtime.name" value="OpenJDK Runtime Environment"/>
    <property name="sun.boot.library.path" value="/usr/local/openjdk-8/jre/lib/amd64"/>
    <property name="java.vm.version" value="25.262-b10"/>
    <property name="animal.sniffer.skip" value="true"/>
    <property name="java.vm.vendor" value="Oracle Corporation"/>
    <property name="maven.multiModuleProjectDirectory" value="/tmp/tmph5rk0py3/mvel"/>
    <property name="maven.javadoc.skip" value="true"/>
    <property name="java.vendor.url" value="http://java.oracle.com/"/>
    <property name="path.separator" value=":"/>
    <property name="guice.disable.misplaced.annotation.check" value="true"/>
    <property name="java.vm.name" value="OpenJDK 64-Bit Server VM"/>
    <property name="file.encoding.pkg" value="sun.io"/>
    <property name="sun.java.launcher" value="SUN_STANDARD"/>
    <property name="sun.os.patch.level" value="unknown"/>
    <property name="source.skip" value="true"/>
    <property name="java.vm.specification.name" value="Java Virtual Machine Specification"/>
    <property name="user.dir" value="/tmp/tmph5rk0py3/mvel"/>
    <property name="java.runtime.version" value="1.8.0_262-b10"/>
    <property name="java.awt.graphicsenv" value="sun.awt.X11GraphicsEnvironment"/>
    <property name="java.endorsed.dirs" value="/usr/local/openjdk-8/jre/lib/endorsed"/>
    <property name="os.arch" value="amd64"/>
    <property name="java.io.tmpdir" value="/tmp"/>
    <property name="line.separator" value="&#10;"/>
    <property name="java.vm.specification.vendor" value="Oracle Corporation"/>
    <property name="os.name" value="Linux"/>
    <property name="classworlds.conf" value="/usr/share/maven/bin/m2.conf"/>
    <property name="maven.test.error.ignore" value="true"/>
    <property name="sun.jnu.encoding" value="UTF-8"/>
    <property name="java.library.path" value="/usr/java/packages/lib/amd64:/usr/lib64:/lib64:/lib:/usr/lib"/>
    <property name="license.skip" value="true"/>
    <property name="maven.conf" value="/usr/share/maven/conf"/>
    <property name="java.specification.name" value="Java Platform API Specification"/>
    <property name="java.class.version" value="52.0"/>
    <property name="sun.management.compiler" value="HotSpot 64-Bit Tiered Compilers"/>
    <property name="maven.test.failure.ignore" value="true"/>
    <property name="os.version" value="4.15.0-109-generic"/>
    <property name="library.jansi.path" value="/usr/share/maven/lib/jansi-native"/>
    <property name="user.home" value="/home/jdbl"/>
    <property name="user.timezone" value="Etc/UTC"/>
    <property name="java.awt.printerjob" value="sun.print.PSPrinterJob"/>
    <property name="java.specification.version" value="1.8"/>
    <property name="file.encoding" value="UTF-8"/>
    <property name="user.name" value="jdbl"/>
    <property name="java.class.path" value="/usr/share/maven/boot/plexus-classworlds-2.6.0.jar"/>
    <property name="java.vm.specification.version" value="1.8"/>
    <property name="sun.arch.data.model" value="64"/>
    <property name="java.home" value="/usr/local/openjdk-8/jre"/>
    <property name="sun.java.command" value="org.codehaus.plexus.classworlds.launcher.Launcher package -e --fail-never -ntp -Dmaven.test.error.ignore=true -Dmaven.test.failure.ignore=true -B -Dmaven.javadoc.skip=true -Drat.skip=true -Danimal.sniffer.skip=true -Dmaven.javadoc.skip=true -Dlicense.skip=true -Dsource.skip=true"/>
    <property name="java.specification.vendor" value="Oracle Corporation"/>
    <property name="user.language" value="en"/>
    <property name="awt.toolkit" value="sun.awt.X11.XToolkit"/>
    <property name="java.vm.info" value="mixed mode"/>
    <property name="java.version" value="1.8.0_262"/>
    <property name="java.ext.dirs" value="/usr/local/openjdk-8/jre/lib/ext:/usr/java/packages/lib/ext"/>
    <property name="securerandom.source" value="file:/dev/./urandom"/>
    <property name="sun.boot.class.path" value="/usr/local/openjdk-8/jre/lib/resources.jar:/usr/local/openjdk-8/jre/lib/rt.jar:/usr/local/openjdk-8/jre/lib/sunrsasign.jar:/usr/local/openjdk-8/jre/lib/jsse.jar:/usr/local/openjdk-8/jre/lib/jce.jar:/usr/local/openjdk-8/jre/lib/charsets.jar:/usr/local/openjdk-8/jre/lib/jfr.jar:/usr/local/openjdk-8/jre/classes"/>
    <property name="java.vendor" value="Oracle Corporation"/>
    <property name="rat.skip" value="true"/>
    <property name="maven.home" value="/usr/share/maven"/>
    <property name="file.separator" value="/"/>
    <property name="java.vendor.url.bug" value="http://bugreport.sun.com/bugreport/"/>
    <property name="sun.cpu.endian" value="little"/>
    <property name="sun.io.unicode.encoding" value="UnicodeLittle"/>
    <property name="sun.cpu.isalist" value=""/>
  </properties>
  <testcase name="testSingleProperty" classname="org.mvel2.tests.core.PropertyAccessTests" time="0"/>
  <testcase name="testMethodOnValue" classname="org.mvel2.tests.core.PropertyAccessTests" time="0.003"/>
  <testcase name="testMethodOnValue2" classname="org.mvel2.tests.core.PropertyAccessTests" time="0.002"/>
  <testcase name="testSimpleProperty" classname="org.mvel2.tests.core.PropertyAccessTests" time="0.003"/>
  <testcase name="testSimpleProperty2" classname="org.mvel2.tests.core.PropertyAccessTests" time="0.001"/>
  <testcase name="testPropertyViaDerivedClass" classname="org.mvel2.tests.core.PropertyAccessTests" time="0.001"/>
  <testcase name="testThroughInterface" classname="org.mvel2.tests.core.PropertyAccessTests" time="0.002"/>
  <testcase name="testThroughInterface2" classname="org.mvel2.tests.core.PropertyAccessTests" time="0.002"/>
  <testcase name="testMapAccessWithMethodCall" classname="org.mvel2.tests.core.PropertyAccessTests" time="0.001"/>
  <testcase name="testUninitializedInt" classname="org.mvel2.tests.core.PropertyAccessTests" time="0.001"/>
  <testcase name="testMethodAccess" classname="org.mvel2.tests.core.PropertyAccessTests" time="0.001"/>
  <testcase name="testMethodAccess2" classname="org.mvel2.tests.core.PropertyAccessTests" time="0.001"/>
  <testcase name="testMethodAccess3" classname="org.mvel2.tests.core.PropertyAccessTests" time="0.001"/>
  <testcase name="testMethodAccess4" classname="org.mvel2.tests.core.PropertyAccessTests" time="0.001"/>
  <testcase name="testMethodAccess5" classname="org.mvel2.tests.core.PropertyAccessTests" time="0.001"/>
  <testcase name="testMethodAccess6" classname="org.mvel2.tests.core.PropertyAccessTests" time="0.001"/>
  <testcase name="testLiteralPassThrough" classname="org.mvel2.tests.core.PropertyAccessTests" time="0.001"/>
  <testcase name="testLiteralPassThrough2" classname="org.mvel2.tests.core.PropertyAccessTests" time="0.001"/>
  <testcase name="testLiteralPassThrough3" classname="org.mvel2.tests.core.PropertyAccessTests" time="0"/>
  <testcase name="testLiteralReduction1" classname="org.mvel2.tests.core.PropertyAccessTests" time="0.001"/>
  <testcase name="testStrAppend" classname="org.mvel2.tests.core.PropertyAccessTests" time="0"/>
  <testcase name="testStrAppend2" classname="org.mvel2.tests.core.PropertyAccessTests" time="0.001"/>
  <testcase name="testMapAccess" classname="org.mvel2.tests.core.PropertyAccessTests" time="0.003"/>
  <testcase name="testMapAccess2" classname="org.mvel2.tests.core.PropertyAccessTests" time="0.004"/>
  <testcase name="testStaticMethodFromLiteral" classname="org.mvel2.tests.core.PropertyAccessTests" time="0.002"/>
  <testcase name="testObjectInstantiation" classname="org.mvel2.tests.core.PropertyAccessTests" time="0.002"/>
  <testcase name="testObjectInstantiationWithMethodCall" classname="org.mvel2.tests.core.PropertyAccessTests" time="0.001"/>
  <testcase name="testObjectInstantiation2" classname="org.mvel2.tests.core.PropertyAccessTests" time="0.001"/>
  <testcase name="testObjectInstantiation3" classname="org.mvel2.tests.core.PropertyAccessTests" time="0.004"/>
  <testcase name="testThisReference" classname="org.mvel2.tests.core.PropertyAccessTests" time="0.001"/>
  <testcase name="testThisReference2" classname="org.mvel2.tests.core.PropertyAccessTests" time="0.002"/>
  <testcase name="testThisReferenceInMethodCall" classname="org.mvel2.tests.core.PropertyAccessTests" time="0.003"/>
  <testcase name="testThisReferenceInConstructor" classname="org.mvel2.tests.core.PropertyAccessTests" time="0.003"/>
  <testcase name="testStringEscaping" classname="org.mvel2.tests.core.PropertyAccessTests" time="0.001"/>
  <testcase name="testStringEscaping2" classname="org.mvel2.tests.core.PropertyAccessTests" time="0"/>
  <testcase name="testCompiledMethodCall" classname="org.mvel2.tests.core.PropertyAccessTests" time="0.001"/>
  <testcase name="testStaticNamespaceCall" classname="org.mvel2.tests.core.PropertyAccessTests" time="0"/>
  <testcase name="testStaticNamespaceClassWithMethod" classname="org.mvel2.tests.core.PropertyAccessTests" time="0.002"/>
  <testcase name="testStaticNamespaceClassWithField" classname="org.mvel2.tests.core.PropertyAccessTests" time="0.002"/>
  <testcase name="testStaticNamespaceClassWithField2" classname="org.mvel2.tests.core.PropertyAccessTests" time="0.001"/>
  <testcase name="testStaticFieldAsMethodParm" classname="org.mvel2.tests.core.PropertyAccessTests" time="0.001"/>
  <testcase name="testMagicArraySize" classname="org.mvel2.tests.core.PropertyAccessTests" time="0.001"/>
  <testcase name="testMagicArraySize2" classname="org.mvel2.tests.core.PropertyAccessTests" time="0.001"/>
  <testcase name="testObjectCreation" classname="org.mvel2.tests.core.PropertyAccessTests" time="0.001"/>
  <testcase name="testCompileTimeLiteralReduction" classname="org.mvel2.tests.core.PropertyAccessTests" time="0.001"/>
  <testcase name="testStringAsCollection" classname="org.mvel2.tests.core.PropertyAccessTests" time="0.001"/>
  <testcase name="testInterfaceResolution" classname="org.mvel2.tests.core.PropertyAccessTests" time="0"/>
  <testcase name="testReflectionCache" classname="org.mvel2.tests.core.PropertyAccessTests" time="0.002"/>
  <testcase name="testDynamicDeop" classname="org.mvel2.tests.core.PropertyAccessTests" time="0.001"/>
  <testcase name="testVirtProperty" classname="org.mvel2.tests.core.PropertyAccessTests" time="0"/>
  <testcase name="testBindingCoercion" classname="org.mvel2.tests.core.PropertyAccessTests" time="0.001"/>
  <testcase name="testMVELCompilerBoth" classname="org.mvel2.tests.core.PropertyAccessTests" time="0.001"/>
  <testcase name="testMVELCompilerBoth2" classname="org.mvel2.tests.core.PropertyAccessTests" time="0"/>
  <testcase name="testNullSafe" classname="org.mvel2.tests.core.PropertyAccessTests" time="0"/>
  <testcase name="testMVEL226" classname="org.mvel2.tests.core.PropertyAccessTests" time="0.001"/>
  <testcase name="testInfiniteLoopWithASMOptimizer" classname="org.mvel2.tests.core.PropertyAccessTests" time="0"/>
  <testcase name="testInfiniteLoopWithASMOptimizerAO" classname="org.mvel2.tests.core.PropertyAccessTests" time="0"/>
  <testcase name="testInfiniteLoop" classname="org.mvel2.tests.core.PropertyAccessTests" time="0"/>
  <testcase name="testInfiniteLoopAO" classname="org.mvel2.tests.core.PropertyAccessTests" time="0"/>
  <testcase name="testNonHashMapImplMapPutMVEL302" classname="org.mvel2.tests.core.PropertyAccessTests" time="0.003"/>
  <testcase name="testNullSafeWithDynamicOptimizerMVEL305" classname="org.mvel2.tests.core.PropertyAccessTests" time="0.001"/>
  <testcase name="testStaleReflectiveCollectionAccessor" classname="org.mvel2.tests.core.PropertyAccessTests" time="0"/>
  <testcase name="testStaleReflectiveCollectionIsEmptyAccessor" classname="org.mvel2.tests.core.PropertyAccessTests" time="0.002"/>
  <testcase name="testMVEL308" classname="org.mvel2.tests.core.PropertyAccessTests" time="0.004"/>
  <testcase name="testNullListMapArrayValueMVEL312" classname="org.mvel2.tests.core.PropertyAccessTests" time="0.012"/>
  <testcase name="testPublicStaticFieldMVEL314" classname="org.mvel2.tests.core.PropertyAccessTests" time="0.002"/>
  <testcase name="testNothing" classname="org.mvel2.tests.core.PropertyAccessTests" time="0"/>
</testsuite>