<?xml version="1.0" encoding="UTF-8"?>
<testsuite name="org.mvel2.tests.templates.TemplateTests" time="0.054" tests="130" errors="0" skipped="0" failures="0">
  <properties>
    <property name="java.runtime.name" value="OpenJDK Runtime Environment"/>
    <property name="sun.boot.library.path" value="/usr/local/openjdk-8/jre/lib/amd64"/>
    <property name="java.vm.version" value="25.262-b10"/>
    <property name="animal.sniffer.skip" value="true"/>
    <property name="java.vm.vendor" value="Oracle Corporation"/>
    <property name="maven.multiModuleProjectDirectory" value="/tmp/tmph5rk0py3/mvel"/>
    <property name="maven.javadoc.skip" value="true"/>
    <property name="java.vendor.url" value="http://java.oracle.com/"/>
    <property name="path.separator" value=":"/>
    <property name="guice.disable.misplaced.annotation.check" value="true"/>
    <property name="java.vm.name" value="OpenJDK 64-Bit Server VM"/>
    <property name="file.encoding.pkg" value="sun.io"/>
    <property name="sun.java.launcher" value="SUN_STANDARD"/>
    <property name="sun.os.patch.level" value="unknown"/>
    <property name="source.skip" value="true"/>
    <property name="java.vm.specification.name" value="Java Virtual Machine Specification"/>
    <property name="user.dir" value="/tmp/tmph5rk0py3/mvel"/>
    <property name="java.runtime.version" value="1.8.0_262-b10"/>
    <property name="java.awt.graphicsenv" value="sun.awt.X11GraphicsEnvironment"/>
    <property name="java.endorsed.dirs" value="/usr/local/openjdk-8/jre/lib/endorsed"/>
    <property name="os.arch" value="amd64"/>
    <property name="java.io.tmpdir" value="/tmp"/>
    <property name="line.separator" value="&#10;"/>
    <property name="java.vm.specification.vendor" value="Oracle Corporation"/>
    <property name="os.name" value="Linux"/>
    <property name="classworlds.conf" value="/usr/share/maven/bin/m2.conf"/>
    <property name="maven.test.error.ignore" value="true"/>
    <property name="sun.jnu.encoding" value="UTF-8"/>
    <property name="java.library.path" value="/usr/java/packages/lib/amd64:/usr/lib64:/lib64:/lib:/usr/lib"/>
    <property name="license.skip" value="true"/>
    <property name="maven.conf" value="/usr/share/maven/conf"/>
    <property name="java.specification.name" value="Java Platform API Specification"/>
    <property name="java.class.version" value="52.0"/>
    <property name="sun.management.compiler" value="HotSpot 64-Bit Tiered Compilers"/>
    <property name="maven.test.failure.ignore" value="true"/>
    <property name="os.version" value="4.15.0-109-generic"/>
    <property name="library.jansi.path" value="/usr/share/maven/lib/jansi-native"/>
    <property name="user.home" value="/home/jdbl"/>
    <property name="user.timezone" value="Etc/UTC"/>
    <property name="java.awt.printerjob" value="sun.print.PSPrinterJob"/>
    <property name="java.specification.version" value="1.8"/>
    <property name="file.encoding" value="UTF-8"/>
    <property name="user.name" value="jdbl"/>
    <property name="java.class.path" value="/usr/share/maven/boot/plexus-classworlds-2.6.0.jar"/>
    <property name="java.vm.specification.version" value="1.8"/>
    <property name="sun.arch.data.model" value="64"/>
    <property name="java.home" value="/usr/local/openjdk-8/jre"/>
    <property name="sun.java.command" value="org.codehaus.plexus.classworlds.launcher.Launcher package -e --fail-never -ntp -Dmaven.test.error.ignore=true -Dmaven.test.failure.ignore=true -B -Dmaven.javadoc.skip=true -Drat.skip=true -Danimal.sniffer.skip=true -Dmaven.javadoc.skip=true -Dlicense.skip=true -Dsource.skip=true"/>
    <property name="java.specification.vendor" value="Oracle Corporation"/>
    <property name="user.language" value="en"/>
    <property name="awt.toolkit" value="sun.awt.X11.XToolkit"/>
    <property name="java.vm.info" value="mixed mode"/>
    <property name="java.version" value="1.8.0_262"/>
    <property name="java.ext.dirs" value="/usr/local/openjdk-8/jre/lib/ext:/usr/java/packages/lib/ext"/>
    <property name="securerandom.source" value="file:/dev/./urandom"/>
    <property name="sun.boot.class.path" value="/usr/local/openjdk-8/jre/lib/resources.jar:/usr/local/openjdk-8/jre/lib/rt.jar:/usr/local/openjdk-8/jre/lib/sunrsasign.jar:/usr/local/openjdk-8/jre/lib/jsse.jar:/usr/local/openjdk-8/jre/lib/jce.jar:/usr/local/openjdk-8/jre/lib/charsets.jar:/usr/local/openjdk-8/jre/lib/jfr.jar:/usr/local/openjdk-8/jre/classes"/>
    <property name="java.vendor" value="Oracle Corporation"/>
    <property name="rat.skip" value="true"/>
    <property name="maven.home" value="/usr/share/maven"/>
    <property name="file.separator" value="/"/>
    <property name="java.vendor.url.bug" value="http://bugreport.sun.com/bugreport/"/>
    <property name="sun.cpu.endian" value="little"/>
    <property name="sun.io.unicode.encoding" value="UnicodeLittle"/>
    <property name="sun.cpu.isalist" value=""/>
  </properties>
  <testcase name="testBooleanOperator" classname="org.mvel2.tests.templates.TemplateTests" time="0.003"/>
  <testcase name="testTernary" classname="org.mvel2.tests.templates.TemplateTests" time="0"/>
  <testcase name="testBooleanOperator2" classname="org.mvel2.tests.templates.TemplateTests" time="0.002"/>
  <testcase name="testTextComparison" classname="org.mvel2.tests.templates.TemplateTests" time="0.002"/>
  <testcase name="testNETextComparison" classname="org.mvel2.tests.templates.TemplateTests" time="0.002"/>
  <testcase name="testChorWithLiteral" classname="org.mvel2.tests.templates.TemplateTests" time="0"/>
  <testcase name="testLessThan" classname="org.mvel2.tests.templates.TemplateTests" time="0.001"/>
  <testcase name="testNegation" classname="org.mvel2.tests.templates.TemplateTests" time="0"/>
  <testcase name="testNegation2" classname="org.mvel2.tests.templates.TemplateTests" time="0"/>
  <testcase name="testNegation3" classname="org.mvel2.tests.templates.TemplateTests" time="0.001"/>
  <testcase name="testNegation4" classname="org.mvel2.tests.templates.TemplateTests" time="0"/>
  <testcase name="testRegEx" classname="org.mvel2.tests.templates.TemplateTests" time="0.002"/>
  <testcase name="testRegExNegate" classname="org.mvel2.tests.templates.TemplateTests" time="0.002"/>
  <testcase name="testRegEx2" classname="org.mvel2.tests.templates.TemplateTests" time="0.002"/>
  <testcase name="testBlank" classname="org.mvel2.tests.templates.TemplateTests" time="0"/>
  <testcase name="testBlank2" classname="org.mvel2.tests.templates.TemplateTests" time="0"/>
  <testcase name="testNullCompare" classname="org.mvel2.tests.templates.TemplateTests" time="0"/>
  <testcase name="testChor" classname="org.mvel2.tests.templates.TemplateTests" time="0.001"/>
  <testcase name="testInstanceCheck1" classname="org.mvel2.tests.templates.TemplateTests" time="0"/>
  <testcase name="testInstanceCheck2" classname="org.mvel2.tests.templates.TemplateTests" time="0"/>
  <testcase name="testContains1" classname="org.mvel2.tests.templates.TemplateTests" time="0"/>
  <testcase name="testContains2" classname="org.mvel2.tests.templates.TemplateTests" time="0"/>
  <testcase name="testContains3" classname="org.mvel2.tests.templates.TemplateTests" time="0"/>
  <testcase name="testContains4" classname="org.mvel2.tests.templates.TemplateTests" time="0"/>
  <testcase name="testContains5" classname="org.mvel2.tests.templates.TemplateTests" time="0"/>
  <testcase name="testSoundex" classname="org.mvel2.tests.templates.TemplateTests" time="0.001"/>
  <testcase name="testSoundex2" classname="org.mvel2.tests.templates.TemplateTests" time="0"/>
  <testcase name="testMethodOnValue" classname="org.mvel2.tests.templates.TemplateTests" time="0.001"/>
  <testcase name="testSimpleProperty" classname="org.mvel2.tests.templates.TemplateTests" time="0.001"/>
  <testcase name="testMethodAccess" classname="org.mvel2.tests.templates.TemplateTests" time="0"/>
  <testcase name="testMethodAccess2" classname="org.mvel2.tests.templates.TemplateTests" time="0"/>
  <testcase name="testMethodAccess3" classname="org.mvel2.tests.templates.TemplateTests" time="0.001"/>
  <testcase name="testMethodAccess4" classname="org.mvel2.tests.templates.TemplateTests" time="0"/>
  <testcase name="testMethodAccess5" classname="org.mvel2.tests.templates.TemplateTests" time="0"/>
  <testcase name="testMethodAccess6" classname="org.mvel2.tests.templates.TemplateTests" time="0"/>
  <testcase name="testLiteralPassThrough" classname="org.mvel2.tests.templates.TemplateTests" time="0"/>
  <testcase name="testLiteralPassThrough2" classname="org.mvel2.tests.templates.TemplateTests" time="0"/>
  <testcase name="testLiteralPassThrough3" classname="org.mvel2.tests.templates.TemplateTests" time="0"/>
  <testcase name="testStrAppend" classname="org.mvel2.tests.templates.TemplateTests" time="0.001"/>
  <testcase name="testStrAppend2" classname="org.mvel2.tests.templates.TemplateTests" time="0"/>
  <testcase name="testMapAccess" classname="org.mvel2.tests.templates.TemplateTests" time="0"/>
  <testcase name="testMapAccess2" classname="org.mvel2.tests.templates.TemplateTests" time="0.002"/>
  <testcase name="testObjectInstantiation" classname="org.mvel2.tests.templates.TemplateTests" time="0"/>
  <testcase name="testObjectInstantiationWithMethodCall" classname="org.mvel2.tests.templates.TemplateTests" time="0"/>
  <testcase name="testObjectInstantiation2" classname="org.mvel2.tests.templates.TemplateTests" time="0"/>
  <testcase name="testThisReference" classname="org.mvel2.tests.templates.TemplateTests" time="0"/>
  <testcase name="testStringEscaping" classname="org.mvel2.tests.templates.TemplateTests" time="0"/>
  <testcase name="testStringEscaping2" classname="org.mvel2.tests.templates.TemplateTests" time="0"/>
  <testcase name="testArrayCreationWithLength" classname="org.mvel2.tests.templates.TemplateTests" time="0"/>
  <testcase name="testMapCreation" classname="org.mvel2.tests.templates.TemplateTests" time="0"/>
  <testcase name="testArrayCoercion" classname="org.mvel2.tests.templates.TemplateTests" time="0"/>
  <testcase name="testComments" classname="org.mvel2.tests.templates.TemplateTests" time="0"/>
  <testcase name="testAssignment2" classname="org.mvel2.tests.templates.TemplateTests" time="0"/>
  <testcase name="testMath" classname="org.mvel2.tests.templates.TemplateTests" time="0"/>
  <testcase name="testModulus" classname="org.mvel2.tests.templates.TemplateTests" time="0"/>
  <testcase name="testBitwiseOr1" classname="org.mvel2.tests.templates.TemplateTests" time="0"/>
  <testcase name="testBitwiseOr2" classname="org.mvel2.tests.templates.TemplateTests" time="0"/>
  <testcase name="testBitwiseOr3" classname="org.mvel2.tests.templates.TemplateTests" time="0"/>
  <testcase name="testBitwiseAnd1" classname="org.mvel2.tests.templates.TemplateTests" time="0"/>
  <testcase name="testShiftLeft" classname="org.mvel2.tests.templates.TemplateTests" time="0"/>
  <testcase name="testUnsignedShiftLeft" classname="org.mvel2.tests.templates.TemplateTests" time="0"/>
  <testcase name="testShiftRight" classname="org.mvel2.tests.templates.TemplateTests" time="0"/>
  <testcase name="testXOR" classname="org.mvel2.tests.templates.TemplateTests" time="0"/>
  <testcase name="testProjectionSupport" classname="org.mvel2.tests.templates.TemplateTests" time="0.001"/>
  <testcase name="testProjectionSupport2" classname="org.mvel2.tests.templates.TemplateTests" time="0.001"/>
  <testcase name="testAnd" classname="org.mvel2.tests.templates.TemplateTests" time="0.002"/>
  <testcase name="testComplexAnd" classname="org.mvel2.tests.templates.TemplateTests" time="0"/>
  <testcase name="testOr" classname="org.mvel2.tests.templates.TemplateTests" time="0"/>
  <testcase name="testMultiStatement" classname="org.mvel2.tests.templates.TemplateTests" time="0"/>
  <testcase name="testTernary2" classname="org.mvel2.tests.templates.TemplateTests" time="0"/>
  <testcase name="testTernary3" classname="org.mvel2.tests.templates.TemplateTests" time="0"/>
  <testcase name="testTernary4" classname="org.mvel2.tests.templates.TemplateTests" time="0"/>
  <testcase name="testControlLoopListMultiple" classname="org.mvel2.tests.templates.TemplateTests" time="0.005"/>
  <testcase name="testControlLoopArrayMultiple" classname="org.mvel2.tests.templates.TemplateTests" time="0.006"/>
  <testcase name="testControlLoop2" classname="org.mvel2.tests.templates.TemplateTests" time="0"/>
  <testcase name="testControlLoop3" classname="org.mvel2.tests.templates.TemplateTests" time="0"/>
  <testcase name="testIfStatement6" classname="org.mvel2.tests.templates.TemplateTests" time="0"/>
  <testcase name="testIfStatement7" classname="org.mvel2.tests.templates.TemplateTests" time="0.001"/>
  <testcase name="testTokenMethodAccess" classname="org.mvel2.tests.templates.TemplateTests" time="0"/>
  <testcase name="testIfLoopInTemplate" classname="org.mvel2.tests.templates.TemplateTests" time="0.001"/>
  <testcase name="testNestedAtSymbol" classname="org.mvel2.tests.templates.TemplateTests" time="0"/>
  <testcase name="testEscape" classname="org.mvel2.tests.templates.TemplateTests" time="0"/>
  <testcase name="testEvalNodes" classname="org.mvel2.tests.templates.TemplateTests" time="0"/>
  <testcase name="testIteration1" classname="org.mvel2.tests.templates.TemplateTests" time="0"/>
  <testcase name="testIteration2" classname="org.mvel2.tests.templates.TemplateTests" time="0.001"/>
  <testcase name="testIteration3" classname="org.mvel2.tests.templates.TemplateTests" time="0"/>
  <testcase name="testIteration4" classname="org.mvel2.tests.templates.TemplateTests" time="0"/>
  <testcase name="testMVEL197" classname="org.mvel2.tests.templates.TemplateTests" time="0.001"/>
  <testcase name="testEscaping" classname="org.mvel2.tests.templates.TemplateTests" time="0"/>
  <testcase name="testMVEL229" classname="org.mvel2.tests.templates.TemplateTests" time="0"/>
  <testcase name="testOutputStream1" classname="org.mvel2.tests.templates.TemplateTests" time="0"/>
  <testcase name="testEvalMVEL220" classname="org.mvel2.tests.templates.TemplateTests" time="0"/>
  <testcase name="testCompiledMVEL220" classname="org.mvel2.tests.templates.TemplateTests" time="0.001"/>
  <testcase name="testTemplateMVEL220" classname="org.mvel2.tests.templates.TemplateTests" time="0"/>
  <testcase name="testEvalMVEL219" classname="org.mvel2.tests.templates.TemplateTests" time="0.001"/>
  <testcase name="testCompiledMVEL219" classname="org.mvel2.tests.templates.TemplateTests" time="0"/>
  <testcase name="testTemplateMVEL219" classname="org.mvel2.tests.templates.TemplateTests" time="0"/>
  <testcase name="testStringCoercion" classname="org.mvel2.tests.templates.TemplateTests" time="0.001"/>
  <testcase name="testTemplateStringCoercion" classname="org.mvel2.tests.templates.TemplateTests" time="0"/>
  <testcase name="testMVEL244" classname="org.mvel2.tests.templates.TemplateTests" time="0.001"/>
  <testcase name="testImportsInTemplate" classname="org.mvel2.tests.templates.TemplateTests" time="0"/>
  <testcase name="testDRLTemplate" classname="org.mvel2.tests.templates.TemplateTests" time="0.003"/>
  <testcase name="testPassThru" classname="org.mvel2.tests.templates.TemplateTests" time="0"/>
  <testcase name="testBasicParsing" classname="org.mvel2.tests.templates.TemplateTests" time="0"/>
  <testcase name="testIfStatement" classname="org.mvel2.tests.templates.TemplateTests" time="0"/>
  <testcase name="testIfStatement2" classname="org.mvel2.tests.templates.TemplateTests" time="0"/>
  <testcase name="testIfStatement3" classname="org.mvel2.tests.templates.TemplateTests" time="0"/>
  <testcase name="testIfStatement4" classname="org.mvel2.tests.templates.TemplateTests" time="0"/>
  <testcase name="testIfStatement5" classname="org.mvel2.tests.templates.TemplateTests" time="0"/>
  <testcase name="testIfNesting" classname="org.mvel2.tests.templates.TemplateTests" time="0"/>
  <testcase name="testForEach" classname="org.mvel2.tests.templates.TemplateTests" time="0"/>
  <testcase name="testForEachMulti" classname="org.mvel2.tests.templates.TemplateTests" time="0"/>
  <testcase name="testComplexTemplate" classname="org.mvel2.tests.templates.TemplateTests" time="0.001"/>
  <testcase name="testFileBasedEval" classname="org.mvel2.tests.templates.TemplateTests" time="0"/>
  <testcase name="testInclusionOfTemplateFile" classname="org.mvel2.tests.templates.TemplateTests" time="0"/>
  <testcase name="testInclusionOfTemplateFile2" classname="org.mvel2.tests.templates.TemplateTests" time="0"/>
  <testcase name="testForEachException1" classname="org.mvel2.tests.templates.TemplateTests" time="0"/>
  <testcase name="testForEachException2" classname="org.mvel2.tests.templates.TemplateTests" time="0"/>
  <testcase name="testTemplateFile" classname="org.mvel2.tests.templates.TemplateTests" time="0"/>
  <testcase name="testInclusionOfNamedTemplate" classname="org.mvel2.tests.templates.TemplateTests" time="0"/>
  <testcase name="testExpressions" classname="org.mvel2.tests.templates.TemplateTests" time="0"/>
  <testcase name="testCode" classname="org.mvel2.tests.templates.TemplateTests" time="0"/>
  <testcase name="testInlineDeclarations" classname="org.mvel2.tests.templates.TemplateTests" time="0"/>
  <testcase name="testInlineDeclarations2" classname="org.mvel2.tests.templates.TemplateTests" time="0"/>
  <testcase name="testPluginNode" classname="org.mvel2.tests.templates.TemplateTests" time="0.001"/>
  <testcase name="testPassThru2" classname="org.mvel2.tests.templates.TemplateTests" time="0"/>
  <testcase name="testTemplating" classname="org.mvel2.tests.templates.TemplateTests" time="0"/>
  <testcase name="testControlLoopList" classname="org.mvel2.tests.templates.TemplateTests" time="0"/>
  <testcase name="testControlLoopArray" classname="org.mvel2.tests.templates.TemplateTests" time="0.001"/>
  <testcase name="testMultiCollectionControlLoop" classname="org.mvel2.tests.templates.TemplateTests" time="0"/>
</testsuite>