<?xml version="1.0" encoding="UTF-8"?>
<testsuite name="org.mvel2.tests.core.ArithmeticTests" time="0.227" tests="119" errors="0" skipped="0" failures="0">
  <properties>
    <property name="java.runtime.name" value="OpenJDK Runtime Environment"/>
    <property name="sun.boot.library.path" value="/usr/local/openjdk-8/jre/lib/amd64"/>
    <property name="java.vm.version" value="25.262-b10"/>
    <property name="animal.sniffer.skip" value="true"/>
    <property name="java.vm.vendor" value="Oracle Corporation"/>
    <property name="maven.multiModuleProjectDirectory" value="/tmp/tmph5rk0py3/mvel"/>
    <property name="maven.javadoc.skip" value="true"/>
    <property name="java.vendor.url" value="http://java.oracle.com/"/>
    <property name="path.separator" value=":"/>
    <property name="guice.disable.misplaced.annotation.check" value="true"/>
    <property name="java.vm.name" value="OpenJDK 64-Bit Server VM"/>
    <property name="file.encoding.pkg" value="sun.io"/>
    <property name="sun.java.launcher" value="SUN_STANDARD"/>
    <property name="sun.os.patch.level" value="unknown"/>
    <property name="source.skip" value="true"/>
    <property name="java.vm.specification.name" value="Java Virtual Machine Specification"/>
    <property name="user.dir" value="/tmp/tmph5rk0py3/mvel"/>
    <property name="java.runtime.version" value="1.8.0_262-b10"/>
    <property name="java.awt.graphicsenv" value="sun.awt.X11GraphicsEnvironment"/>
    <property name="java.endorsed.dirs" value="/usr/local/openjdk-8/jre/lib/endorsed"/>
    <property name="os.arch" value="amd64"/>
    <property name="java.io.tmpdir" value="/tmp"/>
    <property name="line.separator" value="&#10;"/>
    <property name="java.vm.specification.vendor" value="Oracle Corporation"/>
    <property name="os.name" value="Linux"/>
    <property name="classworlds.conf" value="/usr/share/maven/bin/m2.conf"/>
    <property name="maven.test.error.ignore" value="true"/>
    <property name="sun.jnu.encoding" value="UTF-8"/>
    <property name="java.library.path" value="/usr/java/packages/lib/amd64:/usr/lib64:/lib64:/lib:/usr/lib"/>
    <property name="license.skip" value="true"/>
    <property name="maven.conf" value="/usr/share/maven/conf"/>
    <property name="java.specification.name" value="Java Platform API Specification"/>
    <property name="java.class.version" value="52.0"/>
    <property name="sun.management.compiler" value="HotSpot 64-Bit Tiered Compilers"/>
    <property name="maven.test.failure.ignore" value="true"/>
    <property name="os.version" value="4.15.0-109-generic"/>
    <property name="library.jansi.path" value="/usr/share/maven/lib/jansi-native"/>
    <property name="user.home" value="/home/jdbl"/>
    <property name="user.timezone" value="Etc/UTC"/>
    <property name="java.awt.printerjob" value="sun.print.PSPrinterJob"/>
    <property name="java.specification.version" value="1.8"/>
    <property name="file.encoding" value="UTF-8"/>
    <property name="user.name" value="jdbl"/>
    <property name="java.class.path" value="/usr/share/maven/boot/plexus-classworlds-2.6.0.jar"/>
    <property name="java.vm.specification.version" value="1.8"/>
    <property name="sun.arch.data.model" value="64"/>
    <property name="java.home" value="/usr/local/openjdk-8/jre"/>
    <property name="sun.java.command" value="org.codehaus.plexus.classworlds.launcher.Launcher package -e --fail-never -ntp -Dmaven.test.error.ignore=true -Dmaven.test.failure.ignore=true -B -Dmaven.javadoc.skip=true -Drat.skip=true -Danimal.sniffer.skip=true -Dmaven.javadoc.skip=true -Dlicense.skip=true -Dsource.skip=true"/>
    <property name="java.specification.vendor" value="Oracle Corporation"/>
    <property name="user.language" value="en"/>
    <property name="awt.toolkit" value="sun.awt.X11.XToolkit"/>
    <property name="java.vm.info" value="mixed mode"/>
    <property name="java.version" value="1.8.0_262"/>
    <property name="java.ext.dirs" value="/usr/local/openjdk-8/jre/lib/ext:/usr/java/packages/lib/ext"/>
    <property name="securerandom.source" value="file:/dev/./urandom"/>
    <property name="sun.boot.class.path" value="/usr/local/openjdk-8/jre/lib/resources.jar:/usr/local/openjdk-8/jre/lib/rt.jar:/usr/local/openjdk-8/jre/lib/sunrsasign.jar:/usr/local/openjdk-8/jre/lib/jsse.jar:/usr/local/openjdk-8/jre/lib/jce.jar:/usr/local/openjdk-8/jre/lib/charsets.jar:/usr/local/openjdk-8/jre/lib/jfr.jar:/usr/local/openjdk-8/jre/classes"/>
    <property name="java.vendor" value="Oracle Corporation"/>
    <property name="rat.skip" value="true"/>
    <property name="maven.home" value="/usr/share/maven"/>
    <property name="file.separator" value="/"/>
    <property name="java.vendor.url.bug" value="http://bugreport.sun.com/bugreport/"/>
    <property name="sun.cpu.endian" value="little"/>
    <property name="sun.io.unicode.encoding" value="UnicodeLittle"/>
    <property name="sun.cpu.isalist" value=""/>
  </properties>
  <testcase name="testNegation" classname="org.mvel2.tests.core.ArithmeticTests" time="0.068"/>
  <testcase name="testMath4a" classname="org.mvel2.tests.core.ArithmeticTests" time="0"/>
  <testcase name="testMath2" classname="org.mvel2.tests.core.ArithmeticTests" time="0.006"/>
  <testcase name="testMath3" classname="org.mvel2.tests.core.ArithmeticTests" time="0.003"/>
  <testcase name="testMath4" classname="org.mvel2.tests.core.ArithmeticTests" time="0.002"/>
  <testcase name="testMath" classname="org.mvel2.tests.core.ArithmeticTests" time="0"/>
  <testcase name="testMath5" classname="org.mvel2.tests.core.ArithmeticTests" time="0.002"/>
  <testcase name="testMath5a" classname="org.mvel2.tests.core.ArithmeticTests" time="0"/>
  <testcase name="testMath6" classname="org.mvel2.tests.core.ArithmeticTests" time="0.001"/>
  <testcase name="testMath7" classname="org.mvel2.tests.core.ArithmeticTests" time="0.002"/>
  <testcase name="testMath8" classname="org.mvel2.tests.core.ArithmeticTests" time="0.002"/>
  <testcase name="testPowerOf" classname="org.mvel2.tests.core.ArithmeticTests" time="0.004"/>
  <testcase name="testSignOperator" classname="org.mvel2.tests.core.ArithmeticTests" time="0"/>
  <testcase name="testMath14" classname="org.mvel2.tests.core.ArithmeticTests" time="0.002"/>
  <testcase name="testMath15" classname="org.mvel2.tests.core.ArithmeticTests" time="0.002"/>
  <testcase name="testMath16" classname="org.mvel2.tests.core.ArithmeticTests" time="0.002"/>
  <testcase name="testMath17" classname="org.mvel2.tests.core.ArithmeticTests" time="0.001"/>
  <testcase name="testMath18" classname="org.mvel2.tests.core.ArithmeticTests" time="0"/>
  <testcase name="testMath19" classname="org.mvel2.tests.core.ArithmeticTests" time="0.001"/>
  <testcase name="testMath32" classname="org.mvel2.tests.core.ArithmeticTests" time="0"/>
  <testcase name="testMath33" classname="org.mvel2.tests.core.ArithmeticTests" time="0.001"/>
  <testcase name="testMath20" classname="org.mvel2.tests.core.ArithmeticTests" time="0.002"/>
  <testcase name="testMath21" classname="org.mvel2.tests.core.ArithmeticTests" time="0.002"/>
  <testcase name="testMath22" classname="org.mvel2.tests.core.ArithmeticTests" time="0.002"/>
  <testcase name="testMath22b" classname="org.mvel2.tests.core.ArithmeticTests" time="0"/>
  <testcase name="testMath23" classname="org.mvel2.tests.core.ArithmeticTests" time="0.003"/>
  <testcase name="testMath24" classname="org.mvel2.tests.core.ArithmeticTests" time="0.002"/>
  <testcase name="testMath25" classname="org.mvel2.tests.core.ArithmeticTests" time="0.002"/>
  <testcase name="testMath26" classname="org.mvel2.tests.core.ArithmeticTests" time="0.001"/>
  <testcase name="testMath27" classname="org.mvel2.tests.core.ArithmeticTests" time="0.002"/>
  <testcase name="testMath28" classname="org.mvel2.tests.core.ArithmeticTests" time="0.001"/>
  <testcase name="testMath29" classname="org.mvel2.tests.core.ArithmeticTests" time="0.001"/>
  <testcase name="testMath30" classname="org.mvel2.tests.core.ArithmeticTests" time="0"/>
  <testcase name="testMath31" classname="org.mvel2.tests.core.ArithmeticTests" time="0"/>
  <testcase name="testMath34" classname="org.mvel2.tests.core.ArithmeticTests" time="0"/>
  <testcase name="testMath34_Interpreted" classname="org.mvel2.tests.core.ArithmeticTests" time="0.001"/>
  <testcase name="testMath35" classname="org.mvel2.tests.core.ArithmeticTests" time="0"/>
  <testcase name="testMath35_Interpreted" classname="org.mvel2.tests.core.ArithmeticTests" time="0"/>
  <testcase name="testMath36" classname="org.mvel2.tests.core.ArithmeticTests" time="0"/>
  <testcase name="testMath37" classname="org.mvel2.tests.core.ArithmeticTests" time="0"/>
  <testcase name="testMath38" classname="org.mvel2.tests.core.ArithmeticTests" time="0.001"/>
  <testcase name="testMath39" classname="org.mvel2.tests.core.ArithmeticTests" time="0"/>
  <testcase name="testMath40" classname="org.mvel2.tests.core.ArithmeticTests" time="0"/>
  <testcase name="testMath41" classname="org.mvel2.tests.core.ArithmeticTests" time="0"/>
  <testcase name="testMath42" classname="org.mvel2.tests.core.ArithmeticTests" time="0"/>
  <testcase name="testMath43" classname="org.mvel2.tests.core.ArithmeticTests" time="0.001"/>
  <testcase name="testMath44" classname="org.mvel2.tests.core.ArithmeticTests" time="0"/>
  <testcase name="testMath44b" classname="org.mvel2.tests.core.ArithmeticTests" time="0"/>
  <testcase name="testOperatorPrecedence" classname="org.mvel2.tests.core.ArithmeticTests" time="0.006"/>
  <testcase name="testOperatorPrecedence2" classname="org.mvel2.tests.core.ArithmeticTests" time="0.003"/>
  <testcase name="testOperatorPrecedence3" classname="org.mvel2.tests.core.ArithmeticTests" time="0.002"/>
  <testcase name="testOperatorPrecedence4" classname="org.mvel2.tests.core.ArithmeticTests" time="0.003"/>
  <testcase name="testOperatorPrecedence5" classname="org.mvel2.tests.core.ArithmeticTests" time="0"/>
  <testcase name="testModulus" classname="org.mvel2.tests.core.ArithmeticTests" time="0.001"/>
  <testcase name="testBitwiseOr1" classname="org.mvel2.tests.core.ArithmeticTests" time="0.002"/>
  <testcase name="testBitwiseOr2" classname="org.mvel2.tests.core.ArithmeticTests" time="0.001"/>
  <testcase name="testBitwiseOr3" classname="org.mvel2.tests.core.ArithmeticTests" time="0.001"/>
  <testcase name="testBitwiseOr4" classname="org.mvel2.tests.core.ArithmeticTests" time="0.001"/>
  <testcase name="testBitwiseAnd1" classname="org.mvel2.tests.core.ArithmeticTests" time="0.001"/>
  <testcase name="testBitwiseAnd2" classname="org.mvel2.tests.core.ArithmeticTests" time="0.002"/>
  <testcase name="testShiftLeft" classname="org.mvel2.tests.core.ArithmeticTests" time="0.001"/>
  <testcase name="testShiftLeft2" classname="org.mvel2.tests.core.ArithmeticTests" time="0.001"/>
  <testcase name="testUnsignedShiftLeft" classname="org.mvel2.tests.core.ArithmeticTests" time="0.001"/>
  <testcase name="testShiftRight" classname="org.mvel2.tests.core.ArithmeticTests" time="0.001"/>
  <testcase name="testShiftRight2" classname="org.mvel2.tests.core.ArithmeticTests" time="0.001"/>
  <testcase name="testUnsignedShiftRight" classname="org.mvel2.tests.core.ArithmeticTests" time="0.001"/>
  <testcase name="testUnsignedShiftRight2" classname="org.mvel2.tests.core.ArithmeticTests" time="0.002"/>
  <testcase name="testShiftRightAssign" classname="org.mvel2.tests.core.ArithmeticTests" time="0.001"/>
  <testcase name="testShiftLeftAssign" classname="org.mvel2.tests.core.ArithmeticTests" time="0.001"/>
  <testcase name="testUnsignedShiftRightAssign" classname="org.mvel2.tests.core.ArithmeticTests" time="0"/>
  <testcase name="testXOR" classname="org.mvel2.tests.core.ArithmeticTests" time="0"/>
  <testcase name="testXOR2" classname="org.mvel2.tests.core.ArithmeticTests" time="0.001"/>
  <testcase name="testInvert" classname="org.mvel2.tests.core.ArithmeticTests" time="0.001"/>
  <testcase name="testInvert2" classname="org.mvel2.tests.core.ArithmeticTests" time="0.001"/>
  <testcase name="testInvert3" classname="org.mvel2.tests.core.ArithmeticTests" time="0.001"/>
  <testcase name="testDeepPropertyAdd" classname="org.mvel2.tests.core.ArithmeticTests" time="0.003"/>
  <testcase name="testDeepAssignmentIncrement" classname="org.mvel2.tests.core.ArithmeticTests" time="0.009"/>
  <testcase name="testDeepAssignmentWithBlock" classname="org.mvel2.tests.core.ArithmeticTests" time="0.024"/>
  <testcase name="testOperativeAssignMod" classname="org.mvel2.tests.core.ArithmeticTests" time="0.001"/>
  <testcase name="testOperativeAssignDiv" classname="org.mvel2.tests.core.ArithmeticTests" time="0.001"/>
  <testcase name="testOperativeAssignShift1" classname="org.mvel2.tests.core.ArithmeticTests" time="0.001"/>
  <testcase name="testOperativeAssignShift2" classname="org.mvel2.tests.core.ArithmeticTests" time="0.002"/>
  <testcase name="testOperativeAssignShift3" classname="org.mvel2.tests.core.ArithmeticTests" time="0.001"/>
  <testcase name="testAssignPlus" classname="org.mvel2.tests.core.ArithmeticTests" time="0.002"/>
  <testcase name="testAssignPlus2" classname="org.mvel2.tests.core.ArithmeticTests" time="0.001"/>
  <testcase name="testAssignDiv" classname="org.mvel2.tests.core.ArithmeticTests" time="0.001"/>
  <testcase name="testAssignMult" classname="org.mvel2.tests.core.ArithmeticTests" time="0.001"/>
  <testcase name="testAssignSub" classname="org.mvel2.tests.core.ArithmeticTests" time="0.001"/>
  <testcase name="testAssignSub2" classname="org.mvel2.tests.core.ArithmeticTests" time="0.001"/>
  <testcase name="testBooleanStrAppend" classname="org.mvel2.tests.core.ArithmeticTests" time="0"/>
  <testcase name="testStringAppend" classname="org.mvel2.tests.core.ArithmeticTests" time="0.001"/>
  <testcase name="testStrongTypingModeComparison" classname="org.mvel2.tests.core.ArithmeticTests" time="0"/>
  <testcase name="testJIRA158" classname="org.mvel2.tests.core.ArithmeticTests" time="0.001"/>
  <testcase name="testJIRA162" classname="org.mvel2.tests.core.ArithmeticTests" time="0"/>
  <testcase name="testJIRA161" classname="org.mvel2.tests.core.ArithmeticTests" time="0"/>
  <testcase name="testJIRA163" classname="org.mvel2.tests.core.ArithmeticTests" time="0"/>
  <testcase name="testJIRA164" classname="org.mvel2.tests.core.ArithmeticTests" time="0"/>
  <testcase name="testJIRA164b" classname="org.mvel2.tests.core.ArithmeticTests" time="0"/>
  <testcase name="testJIRA164c" classname="org.mvel2.tests.core.ArithmeticTests" time="0.001"/>
  <testcase name="testJIRA164d" classname="org.mvel2.tests.core.ArithmeticTests" time="0"/>
  <testcase name="testJIRA164e" classname="org.mvel2.tests.core.ArithmeticTests" time="0"/>
  <testcase name="testJIRA164f" classname="org.mvel2.tests.core.ArithmeticTests" time="0"/>
  <testcase name="testJIRA164g" classname="org.mvel2.tests.core.ArithmeticTests" time="0"/>
  <testcase name="testJIRA164h" classname="org.mvel2.tests.core.ArithmeticTests" time="0.001"/>
  <testcase name="testJIRA180" classname="org.mvel2.tests.core.ArithmeticTests" time="0"/>
  <testcase name="testJIRA208" classname="org.mvel2.tests.core.ArithmeticTests" time="0.001"/>
  <testcase name="testJIRA1208a" classname="org.mvel2.tests.core.ArithmeticTests" time="0"/>
  <testcase name="testJIRA208b" classname="org.mvel2.tests.core.ArithmeticTests" time="0"/>
  <testcase name="testJIRA210" classname="org.mvel2.tests.core.ArithmeticTests" time="0.001"/>
  <testcase name="testMathDec30" classname="org.mvel2.tests.core.ArithmeticTests" time="0.001"/>
  <testcase name="testJIRA99_Interpreted" classname="org.mvel2.tests.core.ArithmeticTests" time="0"/>
  <testcase name="testJIRA99_Compiled" classname="org.mvel2.tests.core.ArithmeticTests" time="0"/>
  <testcase name="testModExpr" classname="org.mvel2.tests.core.ArithmeticTests" time="0.011"/>
  <testcase name="testIntsWithDivision" classname="org.mvel2.tests.core.ArithmeticTests" time="0"/>
  <testcase name="testMathCeil" classname="org.mvel2.tests.core.ArithmeticTests" time="0.002"/>
  <testcase name="testStaticMathCeil" classname="org.mvel2.tests.core.ArithmeticTests" time="0.001"/>
  <testcase name="testStaticMathCeilWithJavaClassStyleLiterals" classname="org.mvel2.tests.core.ArithmeticTests" time="0"/>
  <testcase name="testMathCeilWithDoubleCast" classname="org.mvel2.tests.core.ArithmeticTests" time="0"/>
  <testcase name="testNothing" classname="org.mvel2.tests.core.ArithmeticTests" time="0"/>
</testsuite>