<?xml version="1.0" encoding="UTF-8"?>
<testsuite name="org.mvel2.tests.core.TypesAndInferenceTests" time="0.047" tests="77" errors="0" skipped="0" failures="0">
  <properties>
    <property name="java.runtime.name" value="OpenJDK Runtime Environment"/>
    <property name="sun.boot.library.path" value="/usr/local/openjdk-8/jre/lib/amd64"/>
    <property name="java.vm.version" value="25.262-b10"/>
    <property name="animal.sniffer.skip" value="true"/>
    <property name="java.vm.vendor" value="Oracle Corporation"/>
    <property name="maven.multiModuleProjectDirectory" value="/tmp/tmph5rk0py3/mvel"/>
    <property name="maven.javadoc.skip" value="true"/>
    <property name="java.vendor.url" value="http://java.oracle.com/"/>
    <property name="path.separator" value=":"/>
    <property name="guice.disable.misplaced.annotation.check" value="true"/>
    <property name="java.vm.name" value="OpenJDK 64-Bit Server VM"/>
    <property name="file.encoding.pkg" value="sun.io"/>
    <property name="sun.java.launcher" value="SUN_STANDARD"/>
    <property name="sun.os.patch.level" value="unknown"/>
    <property name="source.skip" value="true"/>
    <property name="java.vm.specification.name" value="Java Virtual Machine Specification"/>
    <property name="user.dir" value="/tmp/tmph5rk0py3/mvel"/>
    <property name="java.runtime.version" value="1.8.0_262-b10"/>
    <property name="java.awt.graphicsenv" value="sun.awt.X11GraphicsEnvironment"/>
    <property name="java.endorsed.dirs" value="/usr/local/openjdk-8/jre/lib/endorsed"/>
    <property name="os.arch" value="amd64"/>
    <property name="java.io.tmpdir" value="/tmp"/>
    <property name="line.separator" value="&#10;"/>
    <property name="java.vm.specification.vendor" value="Oracle Corporation"/>
    <property name="os.name" value="Linux"/>
    <property name="classworlds.conf" value="/usr/share/maven/bin/m2.conf"/>
    <property name="maven.test.error.ignore" value="true"/>
    <property name="sun.jnu.encoding" value="UTF-8"/>
    <property name="java.library.path" value="/usr/java/packages/lib/amd64:/usr/lib64:/lib64:/lib:/usr/lib"/>
    <property name="license.skip" value="true"/>
    <property name="maven.conf" value="/usr/share/maven/conf"/>
    <property name="java.specification.name" value="Java Platform API Specification"/>
    <property name="java.class.version" value="52.0"/>
    <property name="sun.management.compiler" value="HotSpot 64-Bit Tiered Compilers"/>
    <property name="maven.test.failure.ignore" value="true"/>
    <property name="os.version" value="4.15.0-109-generic"/>
    <property name="library.jansi.path" value="/usr/share/maven/lib/jansi-native"/>
    <property name="user.home" value="/home/jdbl"/>
    <property name="user.timezone" value="Etc/UTC"/>
    <property name="java.awt.printerjob" value="sun.print.PSPrinterJob"/>
    <property name="java.specification.version" value="1.8"/>
    <property name="file.encoding" value="UTF-8"/>
    <property name="user.name" value="jdbl"/>
    <property name="java.class.path" value="/usr/share/maven/boot/plexus-classworlds-2.6.0.jar"/>
    <property name="java.vm.specification.version" value="1.8"/>
    <property name="sun.arch.data.model" value="64"/>
    <property name="java.home" value="/usr/local/openjdk-8/jre"/>
    <property name="sun.java.command" value="org.codehaus.plexus.classworlds.launcher.Launcher package -e --fail-never -ntp -Dmaven.test.error.ignore=true -Dmaven.test.failure.ignore=true -B -Dmaven.javadoc.skip=true -Drat.skip=true -Danimal.sniffer.skip=true -Dmaven.javadoc.skip=true -Dlicense.skip=true -Dsource.skip=true"/>
    <property name="java.specification.vendor" value="Oracle Corporation"/>
    <property name="user.language" value="en"/>
    <property name="awt.toolkit" value="sun.awt.X11.XToolkit"/>
    <property name="java.vm.info" value="mixed mode"/>
    <property name="java.version" value="1.8.0_262"/>
    <property name="java.ext.dirs" value="/usr/local/openjdk-8/jre/lib/ext:/usr/java/packages/lib/ext"/>
    <property name="securerandom.source" value="file:/dev/./urandom"/>
    <property name="sun.boot.class.path" value="/usr/local/openjdk-8/jre/lib/resources.jar:/usr/local/openjdk-8/jre/lib/rt.jar:/usr/local/openjdk-8/jre/lib/sunrsasign.jar:/usr/local/openjdk-8/jre/lib/jsse.jar:/usr/local/openjdk-8/jre/lib/jce.jar:/usr/local/openjdk-8/jre/lib/charsets.jar:/usr/local/openjdk-8/jre/lib/jfr.jar:/usr/local/openjdk-8/jre/classes"/>
    <property name="java.vendor" value="Oracle Corporation"/>
    <property name="rat.skip" value="true"/>
    <property name="maven.home" value="/usr/share/maven"/>
    <property name="file.separator" value="/"/>
    <property name="java.vendor.url.bug" value="http://bugreport.sun.com/bugreport/"/>
    <property name="sun.cpu.endian" value="little"/>
    <property name="sun.io.unicode.encoding" value="UnicodeLittle"/>
    <property name="sun.cpu.isalist" value=""/>
  </properties>
  <testcase name="testGenericInference" classname="org.mvel2.tests.core.TypesAndInferenceTests" time="0"/>
  <testcase name="testGenericInference2" classname="org.mvel2.tests.core.TypesAndInferenceTests" time="0"/>
  <testcase name="testVarInputs2" classname="org.mvel2.tests.core.TypesAndInferenceTests" time="0"/>
  <testcase name="testVarInputs3" classname="org.mvel2.tests.core.TypesAndInferenceTests" time="0.001"/>
  <testcase name="testVarInputs4" classname="org.mvel2.tests.core.TypesAndInferenceTests" time="0"/>
  <testcase name="testVarInputs5" classname="org.mvel2.tests.core.TypesAndInferenceTests" time="0"/>
  <testcase name="testDetermineRequiredInputsInConstructor" classname="org.mvel2.tests.core.TypesAndInferenceTests" time="0"/>
  <testcase name="testAnalyzer" classname="org.mvel2.tests.core.TypesAndInferenceTests" time="0.001"/>
  <testcase name="testAnalysisCompile" classname="org.mvel2.tests.core.TypesAndInferenceTests" time="0"/>
  <testcase name="testVarDeclr" classname="org.mvel2.tests.core.TypesAndInferenceTests" time="0"/>
  <testcase name="testVarInputs" classname="org.mvel2.tests.core.TypesAndInferenceTests" time="0"/>
  <testcase name="testMultiVarDeclr" classname="org.mvel2.tests.core.TypesAndInferenceTests" time="0"/>
  <testcase name="testMultiTypeVarDeclr" classname="org.mvel2.tests.core.TypesAndInferenceTests" time="0"/>
  <testcase name="testMultiTypeVarDeclr2" classname="org.mvel2.tests.core.TypesAndInferenceTests" time="0.001"/>
  <testcase name="testMultiTypeVarDeclr3" classname="org.mvel2.tests.core.TypesAndInferenceTests" time="0"/>
  <testcase name="testTypeVarDeclr" classname="org.mvel2.tests.core.TypesAndInferenceTests" time="0"/>
  <testcase name="testStrictTypingCompilation4" classname="org.mvel2.tests.core.TypesAndInferenceTests" time="0"/>
  <testcase name="testEgressType" classname="org.mvel2.tests.core.TypesAndInferenceTests" time="0"/>
  <testcase name="testEgressTypeCorrect" classname="org.mvel2.tests.core.TypesAndInferenceTests" time="0"/>
  <testcase name="testEgressTypeCorrect2" classname="org.mvel2.tests.core.TypesAndInferenceTests" time="0.001"/>
  <testcase name="testDetermineEgressParametricType" classname="org.mvel2.tests.core.TypesAndInferenceTests" time="0"/>
  <testcase name="testDetermineEgressParametricType2" classname="org.mvel2.tests.core.TypesAndInferenceTests" time="0"/>
  <testcase name="testJIRA151c" classname="org.mvel2.tests.core.TypesAndInferenceTests" time="0.001"/>
  <testcase name="testJIRA151d" classname="org.mvel2.tests.core.TypesAndInferenceTests" time="0.002"/>
  <testcase name="testJIRA165b" classname="org.mvel2.tests.core.TypesAndInferenceTests" time="0.001"/>
  <testcase name="testJIRA165" classname="org.mvel2.tests.core.TypesAndInferenceTests" time="0.004"/>
  <testcase name="testStrictTypingCompilationWithVarInsideConstructor" classname="org.mvel2.tests.core.TypesAndInferenceTests" time="0"/>
  <testcase name="testParameterizedTypeInStrictMode2" classname="org.mvel2.tests.core.TypesAndInferenceTests" time="0"/>
  <testcase name="testParameterizedTypeInStrictMode3" classname="org.mvel2.tests.core.TypesAndInferenceTests" time="0"/>
  <testcase name="testParameterizedTypeInStrictMode4" classname="org.mvel2.tests.core.TypesAndInferenceTests" time="0"/>
  <testcase name="testReturnType1" classname="org.mvel2.tests.core.TypesAndInferenceTests" time="0.001"/>
  <testcase name="testReturnType2" classname="org.mvel2.tests.core.TypesAndInferenceTests" time="0"/>
  <testcase name="testStrongTyping3" classname="org.mvel2.tests.core.TypesAndInferenceTests" time="0"/>
  <testcase name="testEgressType1" classname="org.mvel2.tests.core.TypesAndInferenceTests" time="0"/>
  <testcase name="testStrictStaticMethodCall" classname="org.mvel2.tests.core.TypesAndInferenceTests" time="0"/>
  <testcase name="testStrictTypingCompilation2" classname="org.mvel2.tests.core.TypesAndInferenceTests" time="0.003"/>
  <testcase name="testStrictTypingCompilation3" classname="org.mvel2.tests.core.TypesAndInferenceTests" time="0"/>
  <testcase name="testStrictStrongTypingCompilationErrors1" classname="org.mvel2.tests.core.TypesAndInferenceTests" time="0"/>
  <testcase name="testStrictStrongTypingCompilationErrors2" classname="org.mvel2.tests.core.TypesAndInferenceTests" time="0.001"/>
  <testcase name="testProvidedExternalTypes" classname="org.mvel2.tests.core.TypesAndInferenceTests" time="0"/>
  <testcase name="testMVEL228" classname="org.mvel2.tests.core.TypesAndInferenceTests" time="0"/>
  <testcase name="testMVEL232" classname="org.mvel2.tests.core.TypesAndInferenceTests" time="0"/>
  <testcase name="testMVEL234" classname="org.mvel2.tests.core.TypesAndInferenceTests" time="0"/>
  <testcase name="testMVEL235" classname="org.mvel2.tests.core.TypesAndInferenceTests" time="0.001"/>
  <testcase name="testMVEL236" classname="org.mvel2.tests.core.TypesAndInferenceTests" time="0"/>
  <testcase name="testMapPropertyAccess" classname="org.mvel2.tests.core.TypesAndInferenceTests" time="0.002"/>
  <testcase name="testTypeCast3" classname="org.mvel2.tests.core.TypesAndInferenceTests" time="0"/>
  <testcase name="testMapWithStrictTyping" classname="org.mvel2.tests.core.TypesAndInferenceTests" time="0.001"/>
  <testcase name="testMapAsContextWithStrictTyping" classname="org.mvel2.tests.core.TypesAndInferenceTests" time="0"/>
  <testcase name="testStrongTyping" classname="org.mvel2.tests.core.TypesAndInferenceTests" time="0"/>
  <testcase name="testStrongTyping2" classname="org.mvel2.tests.core.TypesAndInferenceTests" time="0.001"/>
  <testcase name="testParameterizedTypeInStrictMode" classname="org.mvel2.tests.core.TypesAndInferenceTests" time="0.001"/>
  <testcase name="testSetAccessorOverloadedEqualsStrictMode2" classname="org.mvel2.tests.core.TypesAndInferenceTests" time="0"/>
  <testcase name="testDataConverterStrictMode" classname="org.mvel2.tests.core.TypesAndInferenceTests" time="0.006"/>
  <testcase name="testCompileTimeCoercion" classname="org.mvel2.tests.core.TypesAndInferenceTests" time="0.008"/>
  <testcase name="testSetCoercion" classname="org.mvel2.tests.core.TypesAndInferenceTests" time="0.001"/>
  <testcase name="testSetCoercion2" classname="org.mvel2.tests.core.TypesAndInferenceTests" time="0"/>
  <testcase name="testListCoercion" classname="org.mvel2.tests.core.TypesAndInferenceTests" time="0.001"/>
  <testcase name="testFieldCoercion1" classname="org.mvel2.tests.core.TypesAndInferenceTests" time="0.001"/>
  <testcase name="testStaticTyping2" classname="org.mvel2.tests.core.TypesAndInferenceTests" time="0"/>
  <testcase name="testMVEL190a" classname="org.mvel2.tests.core.TypesAndInferenceTests" time="0"/>
  <testcase name="testPrimitiveTypes" classname="org.mvel2.tests.core.TypesAndInferenceTests" time="0"/>
  <testcase name="testAutoBoxing" classname="org.mvel2.tests.core.TypesAndInferenceTests" time="0.001"/>
  <testcase name="testAutoBoxing2" classname="org.mvel2.tests.core.TypesAndInferenceTests" time="0.002"/>
  <testcase name="testTypeCoercion" classname="org.mvel2.tests.core.TypesAndInferenceTests" time="0.001"/>
  <testcase name="testTypeCoercion2" classname="org.mvel2.tests.core.TypesAndInferenceTests" time="0"/>
  <testcase name="testStaticFieldAccessForInputs" classname="org.mvel2.tests.core.TypesAndInferenceTests" time="0"/>
  <testcase name="testStaticFieldAccessForInputsWithStrictStrong" classname="org.mvel2.tests.core.TypesAndInferenceTests" time="0.001"/>
  <testcase name="testStaticMethodsInInputsBug" classname="org.mvel2.tests.core.TypesAndInferenceTests" time="0"/>
  <testcase name="testStaticMethodCallThrowsException" classname="org.mvel2.tests.core.TypesAndInferenceTests" time="0.001"/>
  <testcase name="testContextMethodCallsInStrongMode" classname="org.mvel2.tests.core.TypesAndInferenceTests" time="0"/>
  <testcase name="testForLoopTypeCoercion" classname="org.mvel2.tests.core.TypesAndInferenceTests" time="0"/>
  <testcase name="testGetCorrectInputs" classname="org.mvel2.tests.core.TypesAndInferenceTests" time="0"/>
  <testcase name="testTypeCalculation" classname="org.mvel2.tests.core.TypesAndInferenceTests" time="0"/>
  <testcase name="testGenericMethods" classname="org.mvel2.tests.core.TypesAndInferenceTests" time="0.001"/>
  <testcase name="testGenerics1" classname="org.mvel2.tests.core.TypesAndInferenceTests" time="0"/>
  <testcase name="testNothing" classname="org.mvel2.tests.core.TypesAndInferenceTests" time="0"/>
</testsuite>