<?xml version="1.0" encoding="UTF-8"?>
<testsuite xmlns:xsi="http://www.w3.org/2001/XMLSchema-instance" xsi:schemaLocation="https://maven.apache.org/surefire/maven-surefire-plugin/xsd/surefire-test-report.xsd" name="com.github.webdriverextensions.RepositoryTest" time="226.72" tests="453" errors="0" skipped="0" failures="0">
  <properties>
    <property name="java.runtime.name" value="OpenJDK Runtime Environment"/>
    <property name="sun.boot.library.path" value="/usr/local/openjdk-8/jre/lib/amd64"/>
    <property name="java.vm.version" value="25.262-b10"/>
    <property name="animal.sniffer.skip" value="true"/>
    <property name="java.vm.vendor" value="Oracle Corporation"/>
    <property name="maven.multiModuleProjectDirectory" value="/tmp/tmplag5zat_/webdriverextensions-maven-plugin-repository"/>
    <property name="maven.javadoc.skip" value="true"/>
    <property name="java.vendor.url" value="http://java.oracle.com/"/>
    <property name="path.separator" value=":"/>
    <property name="guice.disable.misplaced.annotation.check" value="true"/>
    <property name="java.vm.name" value="OpenJDK 64-Bit Server VM"/>
    <property name="file.encoding.pkg" value="sun.io"/>
    <property name="sun.java.launcher" value="SUN_STANDARD"/>
    <property name="sun.os.patch.level" value="unknown"/>
    <property name="source.skip" value="true"/>
    <property name="java.vm.specification.name" value="Java Virtual Machine Specification"/>
    <property name="user.dir" value="/tmp/tmplag5zat_/webdriverextensions-maven-plugin-repository"/>
    <property name="java.runtime.version" value="1.8.0_262-b10"/>
    <property name="java.awt.graphicsenv" value="sun.awt.X11GraphicsEnvironment"/>
    <property name="java.endorsed.dirs" value="/usr/local/openjdk-8/jre/lib/endorsed"/>
    <property name="os.arch" value="amd64"/>
    <property name="java.io.tmpdir" value="/tmp"/>
    <property name="line.separator" value="&#10;"/>
    <property name="java.vm.specification.vendor" value="Oracle Corporation"/>
    <property name="os.name" value="Linux"/>
    <property name="classworlds.conf" value="/usr/share/maven/bin/m2.conf"/>
    <property name="sun.jnu.encoding" value="UTF-8"/>
    <property name="java.library.path" value="/usr/java/packages/lib/amd64:/usr/lib64:/lib64:/lib:/usr/lib"/>
    <property name="license.skip" value="true"/>
    <property name="maven.conf" value="/usr/share/maven/conf"/>
    <property name="java.specification.name" value="Java Platform API Specification"/>
    <property name="java.class.version" value="52.0"/>
    <property name="sun.management.compiler" value="HotSpot 64-Bit Tiered Compilers"/>
    <property name="maven.test.failure.ignore" value="true"/>
    <property name="os.version" value="4.15.0-109-generic"/>
    <property name="library.jansi.path" value="/usr/share/maven/lib/jansi-native"/>
    <property name="user.home" value="/home/jdbl"/>
    <property name="user.timezone" value="Etc/UTC"/>
    <property name="java.awt.printerjob" value="sun.print.PSPrinterJob"/>
    <property name="java.specification.version" value="1.8"/>
    <property name="file.encoding" value="UTF-8"/>
    <property name="user.name" value="jdbl"/>
    <property name="java.class.path" value="/usr/share/maven/boot/plexus-classworlds-2.6.0.jar"/>
    <property name="java.vm.specification.version" value="1.8"/>
    <property name="sun.arch.data.model" value="64"/>
    <property name="java.home" value="/usr/local/openjdk-8/jre"/>
    <property name="sun.java.command" value="org.codehaus.plexus.classworlds.launcher.Launcher test -e --fail-never -ntp -Dmaven.test.failure.ignore=true -B -Dmaven.javadoc.skip=true -Drat.skip=true -Danimal.sniffer.skip=true -Dmaven.javadoc.skip=true -Dlicense.skip=true -Dsource.skip=true"/>
    <property name="java.specification.vendor" value="Oracle Corporation"/>
    <property name="user.language" value="en"/>
    <property name="awt.toolkit" value="sun.awt.X11.XToolkit"/>
    <property name="java.vm.info" value="mixed mode"/>
    <property name="java.version" value="1.8.0_262"/>
    <property name="java.ext.dirs" value="/usr/local/openjdk-8/jre/lib/ext:/usr/java/packages/lib/ext"/>
    <property name="securerandom.source" value="file:/dev/./urandom"/>
    <property name="sun.boot.class.path" value="/usr/local/openjdk-8/jre/lib/resources.jar:/usr/local/openjdk-8/jre/lib/rt.jar:/usr/local/openjdk-8/jre/lib/sunrsasign.jar:/usr/local/openjdk-8/jre/lib/jsse.jar:/usr/local/openjdk-8/jre/lib/jce.jar:/usr/local/openjdk-8/jre/lib/charsets.jar:/usr/local/openjdk-8/jre/lib/jfr.jar:/usr/local/openjdk-8/jre/classes"/>
    <property name="java.vendor" value="Oracle Corporation"/>
    <property name="rat.skip" value="true"/>
    <property name="maven.home" value="/usr/share/maven"/>
    <property name="file.separator" value="/"/>
    <property name="java.vendor.url.bug" value="http://bugreport.sun.com/bugreport/"/>
    <property name="sun.cpu.endian" value="little"/>
    <property name="sun.io.unicode.encoding" value="UnicodeLittle"/>
    <property name="sun.cpu.isalist" value=""/>
  </properties>
  <testcase name="test[chromedriver 32bit windows version83.0.4103.39]" classname="com.github.webdriverextensions.RepositoryTest" time="0.829"/>
  <testcase name="test[chromedriver 64bit mac version83.0.4103.39]" classname="com.github.webdriverextensions.RepositoryTest" time="0.385"/>
  <testcase name="test[chromedriver 64bit linux version83.0.4103.39]" classname="com.github.webdriverextensions.RepositoryTest" time="0.076"/>
  <testcase name="test[chromedriver 32bit windows version81.0.4044.69]" classname="com.github.webdriverextensions.RepositoryTest" time="0.204"/>
  <testcase name="test[chromedriver 64bit mac version81.0.4044.69]" classname="com.github.webdriverextensions.RepositoryTest" time="0.214"/>
  <testcase name="test[chromedriver 64bit linux version81.0.4044.69]" classname="com.github.webdriverextensions.RepositoryTest" time="0.211"/>
  <testcase name="test[chromedriver 32bit windows version80.0.3987.106]" classname="com.github.webdriverextensions.RepositoryTest" time="0.201"/>
  <testcase name="test[chromedriver 64bit mac version80.0.3987.106]" classname="com.github.webdriverextensions.RepositoryTest" time="0.198"/>
  <testcase name="test[chromedriver 64bit linux version80.0.3987.106]" classname="com.github.webdriverextensions.RepositoryTest" time="0.039"/>
  <testcase name="test[chromedriver 32bit windows version80.0.3987.16]" classname="com.github.webdriverextensions.RepositoryTest" time="0.186"/>
  <testcase name="test[chromedriver 64bit mac version80.0.3987.16]" classname="com.github.webdriverextensions.RepositoryTest" time="0.213"/>
  <testcase name="test[chromedriver 64bit linux version80.0.3987.16]" classname="com.github.webdriverextensions.RepositoryTest" time="0.208"/>
  <testcase name="test[chromedriver 32bit windows version79.0.3945.36]" classname="com.github.webdriverextensions.RepositoryTest" time="0.195"/>
  <testcase name="test[chromedriver 64bit mac version79.0.3945.36]" classname="com.github.webdriverextensions.RepositoryTest" time="0.189"/>
  <testcase name="test[chromedriver 64bit linux version79.0.3945.36]" classname="com.github.webdriverextensions.RepositoryTest" time="0.043"/>
  <testcase name="test[chromedriver 32bit windows version78.0.3904.105]" classname="com.github.webdriverextensions.RepositoryTest" time="0.162"/>
  <testcase name="test[chromedriver 64bit mac version78.0.3904.105]" classname="com.github.webdriverextensions.RepositoryTest" time="0.156"/>
  <testcase name="test[chromedriver 64bit linux version78.0.3904.105]" classname="com.github.webdriverextensions.RepositoryTest" time="0.154"/>
  <testcase name="test[chromedriver 32bit windows version78.0.3904.70]" classname="com.github.webdriverextensions.RepositoryTest" time="0.159"/>
  <testcase name="test[chromedriver 64bit mac version78.0.3904.70]" classname="com.github.webdriverextensions.RepositoryTest" time="0.16"/>
  <testcase name="test[chromedriver 64bit linux version78.0.3904.70]" classname="com.github.webdriverextensions.RepositoryTest" time="0.165"/>
  <testcase name="test[chromedriver 32bit windows version77.0.3865.40]" classname="com.github.webdriverextensions.RepositoryTest" time="0.159"/>
  <testcase name="test[chromedriver 64bit mac version77.0.3865.40]" classname="com.github.webdriverextensions.RepositoryTest" time="0.173"/>
  <testcase name="test[chromedriver 64bit linux version77.0.3865.40]" classname="com.github.webdriverextensions.RepositoryTest" time="0.463"/>
  <testcase name="test[chromedriver 32bit windows version77.0.3865.10]" classname="com.github.webdriverextensions.RepositoryTest" time="0.162"/>
  <testcase name="test[chromedriver 64bit mac version77.0.3865.10]" classname="com.github.webdriverextensions.RepositoryTest" time="0.162"/>
  <testcase name="test[chromedriver 64bit linux version77.0.3865.10]" classname="com.github.webdriverextensions.RepositoryTest" time="0.158"/>
  <testcase name="test[chromedriver 32bit windows version76.0.3809.126]" classname="com.github.webdriverextensions.RepositoryTest" time="0.163"/>
  <testcase name="test[chromedriver 64bit mac version76.0.3809.126]" classname="com.github.webdriverextensions.RepositoryTest" time="0.167"/>
  <testcase name="test[chromedriver 64bit linux version76.0.3809.126]" classname="com.github.webdriverextensions.RepositoryTest" time="0.167"/>
  <testcase name="test[chromedriver 64bit linux version76.0.3809.68]" classname="com.github.webdriverextensions.RepositoryTest" time="0.384"/>
  <testcase name="test[chromedriver 64bit mac version76.0.3809.68]" classname="com.github.webdriverextensions.RepositoryTest" time="0.177"/>
  <testcase name="test[chromedriver 32bit windows version76.0.3809.68]" classname="com.github.webdriverextensions.RepositoryTest" time="0.16"/>
  <testcase name="test[chromedriver 64bit linux version76.0.3809.25]" classname="com.github.webdriverextensions.RepositoryTest" time="0.155"/>
  <testcase name="test[chromedriver 64bit mac version76.0.3809.25]" classname="com.github.webdriverextensions.RepositoryTest" time="0.204"/>
  <testcase name="test[chromedriver 32bit windows version76.0.3809.25]" classname="com.github.webdriverextensions.RepositoryTest" time="0.16"/>
  <testcase name="test[chromedriver 64bit linux version75.0.3770.90]" classname="com.github.webdriverextensions.RepositoryTest" time="0.158"/>
  <testcase name="test[chromedriver 64bit mac version75.0.3770.90]" classname="com.github.webdriverextensions.RepositoryTest" time="0.163"/>
  <testcase name="test[chromedriver 32bit windows version75.0.3770.90]" classname="com.github.webdriverextensions.RepositoryTest" time="0.162"/>
  <testcase name="test[chromedriver 64bit linux version74.0.3729.6]" classname="com.github.webdriverextensions.RepositoryTest" time="0.161"/>
  <testcase name="test[chromedriver 64bit mac version74.0.3729.6]" classname="com.github.webdriverextensions.RepositoryTest" time="0.161"/>
  <testcase name="test[chromedriver 32bit windows version74.0.3729.6]" classname="com.github.webdriverextensions.RepositoryTest" time="0.379"/>
  <testcase name="test[chromedriver 64bit linux version73.0.3683.68]" classname="com.github.webdriverextensions.RepositoryTest" time="0.163"/>
  <testcase name="test[chromedriver 64bit mac version73.0.3683.68]" classname="com.github.webdriverextensions.RepositoryTest" time="0.155"/>
  <testcase name="test[chromedriver 32bit windows version73.0.3683.68]" classname="com.github.webdriverextensions.RepositoryTest" time="0.467"/>
  <testcase name="test[chromedriver 64bit linux version73.0.3683.20]" classname="com.github.webdriverextensions.RepositoryTest" time="0.157"/>
  <testcase name="test[chromedriver 64bit mac version73.0.3683.20]" classname="com.github.webdriverextensions.RepositoryTest" time="0.162"/>
  <testcase name="test[chromedriver 32bit windows version73.0.3683.20]" classname="com.github.webdriverextensions.RepositoryTest" time="0.158"/>
  <testcase name="test[chromedriver 64bit linux version72.0.3626.7]" classname="com.github.webdriverextensions.RepositoryTest" time="0.165"/>
  <testcase name="test[chromedriver 64bit mac version72.0.3626.7]" classname="com.github.webdriverextensions.RepositoryTest" time="0.16"/>
  <testcase name="test[chromedriver 32bit windows version72.0.3626.7]" classname="com.github.webdriverextensions.RepositoryTest" time="0.162"/>
  <testcase name="test[chromedriver 64bit linux version72.0.3626.69]" classname="com.github.webdriverextensions.RepositoryTest" time="0.159"/>
  <testcase name="test[chromedriver 64bit mac version72.0.3626.69]" classname="com.github.webdriverextensions.RepositoryTest" time="0.166"/>
  <testcase name="test[chromedriver 32bit windows version72.0.3626.69]" classname="com.github.webdriverextensions.RepositoryTest" time="0.371"/>
  <testcase name="test[chromedriver 64bit linux version71.0.3578.80]" classname="com.github.webdriverextensions.RepositoryTest" time="0.161"/>
  <testcase name="test[chromedriver 64bit mac version71.0.3578.80]" classname="com.github.webdriverextensions.RepositoryTest" time="0.167"/>
  <testcase name="test[chromedriver 32bit windows version71.0.3578.80]" classname="com.github.webdriverextensions.RepositoryTest" time="0.373"/>
  <testcase name="test[chromedriver 64bit linux version71.0.3578.33]" classname="com.github.webdriverextensions.RepositoryTest" time="0.16"/>
  <testcase name="test[chromedriver 64bit mac version71.0.3578.33]" classname="com.github.webdriverextensions.RepositoryTest" time="0.159"/>
  <testcase name="test[chromedriver 32bit windows version71.0.3578.33]" classname="com.github.webdriverextensions.RepositoryTest" time="0.161"/>
  <testcase name="test[chromedriver 64bit linux version71.0.3578.30]" classname="com.github.webdriverextensions.RepositoryTest" time="0.456"/>
  <testcase name="test[chromedriver 64bit mac version71.0.3578.30]" classname="com.github.webdriverextensions.RepositoryTest" time="0.159"/>
  <testcase name="test[chromedriver 32bit windows version71.0.3578.30]" classname="com.github.webdriverextensions.RepositoryTest" time="0.465"/>
  <testcase name="test[chromedriver 64bit linux version71.0.3578.137]" classname="com.github.webdriverextensions.RepositoryTest" time="0.159"/>
  <testcase name="test[chromedriver 64bit mac version71.0.3578.137]" classname="com.github.webdriverextensions.RepositoryTest" time="0.16"/>
  <testcase name="test[chromedriver 32bit windows version71.0.3578.137]" classname="com.github.webdriverextensions.RepositoryTest" time="0.368"/>
  <testcase name="test[chromedriver 64bit linux version70.0.3538.97]" classname="com.github.webdriverextensions.RepositoryTest" time="0.159"/>
  <testcase name="test[chromedriver 64bit mac version70.0.3538.97]" classname="com.github.webdriverextensions.RepositoryTest" time="0.167"/>
  <testcase name="test[chromedriver 32bit windows version70.0.3538.97]" classname="com.github.webdriverextensions.RepositoryTest" time="0.16"/>
  <testcase name="test[chromedriver 64bit linux version70.0.3538.67]" classname="com.github.webdriverextensions.RepositoryTest" time="0.157"/>
  <testcase name="test[chromedriver 64bit mac version70.0.3538.67]" classname="com.github.webdriverextensions.RepositoryTest" time="0.16"/>
  <testcase name="test[chromedriver 32bit windows version70.0.3538.67]" classname="com.github.webdriverextensions.RepositoryTest" time="0.161"/>
  <testcase name="test[chromedriver 64bit linux version70.0.3538.16]" classname="com.github.webdriverextensions.RepositoryTest" time="0.165"/>
  <testcase name="test[chromedriver 64bit mac version70.0.3538.16]" classname="com.github.webdriverextensions.RepositoryTest" time="0.158"/>
  <testcase name="test[chromedriver 32bit windows version70.0.3538.16]" classname="com.github.webdriverextensions.RepositoryTest" time="0.156"/>
  <testcase name="test[chromedriver 64bit linux version2.46.0]" classname="com.github.webdriverextensions.RepositoryTest" time="0.157"/>
  <testcase name="test[chromedriver 64bit mac version2.46.0]" classname="com.github.webdriverextensions.RepositoryTest" time="0.157"/>
  <testcase name="test[chromedriver 32bit windows version2.46.0]" classname="com.github.webdriverextensions.RepositoryTest" time="0.163"/>
  <testcase name="test[chromedriver 64bit linux version2.45.0]" classname="com.github.webdriverextensions.RepositoryTest" time="0.162"/>
  <testcase name="test[chromedriver 64bit mac version2.45.0]" classname="com.github.webdriverextensions.RepositoryTest" time="0.164"/>
  <testcase name="test[chromedriver 32bit windows version2.45.0]" classname="com.github.webdriverextensions.RepositoryTest" time="0.16"/>
  <testcase name="test[chromedriver 64bit linux version2.44.0]" classname="com.github.webdriverextensions.RepositoryTest" time="0.157"/>
  <testcase name="test[chromedriver 64bit mac version2.44.0]" classname="com.github.webdriverextensions.RepositoryTest" time="0.165"/>
  <testcase name="test[chromedriver 32bit windows version2.44.0]" classname="com.github.webdriverextensions.RepositoryTest" time="0.168"/>
  <testcase name="test[chromedriver 64bit linux version2.43.0]" classname="com.github.webdriverextensions.RepositoryTest" time="0.011"/>
  <testcase name="test[chromedriver 64bit mac version2.43.0]" classname="com.github.webdriverextensions.RepositoryTest" time="0.167"/>
  <testcase name="test[chromedriver 32bit windows version2.43.0]" classname="com.github.webdriverextensions.RepositoryTest" time="0.464"/>
  <testcase name="test[chromedriver 64bit linux version2.42.0]" classname="com.github.webdriverextensions.RepositoryTest" time="0.162"/>
  <testcase name="test[chromedriver 64bit mac version2.42.0]" classname="com.github.webdriverextensions.RepositoryTest" time="0.159"/>
  <testcase name="test[chromedriver 32bit windows version2.42.0]" classname="com.github.webdriverextensions.RepositoryTest" time="0.167"/>
  <testcase name="test[chromedriver 64bit linux version2.41.0]" classname="com.github.webdriverextensions.RepositoryTest" time="0.155"/>
  <testcase name="test[chromedriver 64bit mac version2.41.0]" classname="com.github.webdriverextensions.RepositoryTest" time="0.159"/>
  <testcase name="test[chromedriver 32bit windows version2.41.0]" classname="com.github.webdriverextensions.RepositoryTest" time="0.155"/>
  <testcase name="test[chromedriver 64bit linux version2.40.0]" classname="com.github.webdriverextensions.RepositoryTest" time="0.158"/>
  <testcase name="test[chromedriver 64bit mac version2.40.0]" classname="com.github.webdriverextensions.RepositoryTest" time="0.164"/>
  <testcase name="test[chromedriver 32bit windows version2.40.0]" classname="com.github.webdriverextensions.RepositoryTest" time="0.225"/>
  <testcase name="test[chromedriver 64bit linux version2.39.0]" classname="com.github.webdriverextensions.RepositoryTest" time="0.164"/>
  <testcase name="test[chromedriver 64bit mac version2.39.0]" classname="com.github.webdriverextensions.RepositoryTest" time="0.159"/>
  <testcase name="test[chromedriver 32bit windows version2.39.0]" classname="com.github.webdriverextensions.RepositoryTest" time="0.185"/>
  <testcase name="test[chromedriver 64bit linux version2.38.0]" classname="com.github.webdriverextensions.RepositoryTest" time="0.16"/>
  <testcase name="test[chromedriver 64bit mac version2.38.0]" classname="com.github.webdriverextensions.RepositoryTest" time="0.161"/>
  <testcase name="test[chromedriver 32bit windows version2.38.0]" classname="com.github.webdriverextensions.RepositoryTest" time="0.15"/>
  <testcase name="test[chromedriver 64bit linux version2.37.0]" classname="com.github.webdriverextensions.RepositoryTest" time="0.007"/>
  <testcase name="test[chromedriver 64bit mac version2.37.0]" classname="com.github.webdriverextensions.RepositoryTest" time="0.178"/>
  <testcase name="test[chromedriver 32bit windows version2.37.0]" classname="com.github.webdriverextensions.RepositoryTest" time="0.156"/>
  <testcase name="test[chromedriver 64bit linux version2.36.0]" classname="com.github.webdriverextensions.RepositoryTest" time="0.156"/>
  <testcase name="test[chromedriver 64bit mac version2.36.0]" classname="com.github.webdriverextensions.RepositoryTest" time="0.16"/>
  <testcase name="test[chromedriver 32bit windows version2.36.0]" classname="com.github.webdriverextensions.RepositoryTest" time="0.156"/>
  <testcase name="test[chromedriver 64bit linux version2.35.0]" classname="com.github.webdriverextensions.RepositoryTest" time="0.158"/>
  <testcase name="test[chromedriver 64bit mac version2.35.0]" classname="com.github.webdriverextensions.RepositoryTest" time="0.159"/>
  <testcase name="test[chromedriver 32bit windows version2.35.0]" classname="com.github.webdriverextensions.RepositoryTest" time="0.156"/>
  <testcase name="test[chromedriver 64bit linux version2.34.0]" classname="com.github.webdriverextensions.RepositoryTest" time="0.156"/>
  <testcase name="test[chromedriver 64bit mac version2.34.0]" classname="com.github.webdriverextensions.RepositoryTest" time="1.167"/>
  <testcase name="test[chromedriver 32bit windows version2.34.0]" classname="com.github.webdriverextensions.RepositoryTest" time="0.158"/>
  <testcase name="test[chromedriver 32bit linux version2.33.0]" classname="com.github.webdriverextensions.RepositoryTest" time="0.154"/>
  <testcase name="test[chromedriver 64bit linux version2.33.0]" classname="com.github.webdriverextensions.RepositoryTest" time="0.157"/>
  <testcase name="test[chromedriver 64bit mac version2.33.0]" classname="com.github.webdriverextensions.RepositoryTest" time="0.152"/>
  <testcase name="test[chromedriver 32bit windows version2.33.0]" classname="com.github.webdriverextensions.RepositoryTest" time="0.163"/>
  <testcase name="test[chromedriver 32bit linux version2.32.0]" classname="com.github.webdriverextensions.RepositoryTest" time="0.155"/>
  <testcase name="test[chromedriver 64bit linux version2.32.0]" classname="com.github.webdriverextensions.RepositoryTest" time="0.164"/>
  <testcase name="test[chromedriver 64bit mac version2.32.0]" classname="com.github.webdriverextensions.RepositoryTest" time="0.154"/>
  <testcase name="test[chromedriver 32bit windows version2.32.0]" classname="com.github.webdriverextensions.RepositoryTest" time="0.152"/>
  <testcase name="test[chromedriver 32bit linux version2.31.0]" classname="com.github.webdriverextensions.RepositoryTest" time="0.149"/>
  <testcase name="test[chromedriver 64bit linux version2.31.0]" classname="com.github.webdriverextensions.RepositoryTest" time="0.156"/>
  <testcase name="test[chromedriver 64bit mac version2.31.0]" classname="com.github.webdriverextensions.RepositoryTest" time="0.167"/>
  <testcase name="test[chromedriver 32bit windows version2.31.0]" classname="com.github.webdriverextensions.RepositoryTest" time="0.158"/>
  <testcase name="test[chromedriver 32bit linux version2.30.0]" classname="com.github.webdriverextensions.RepositoryTest" time="0.166"/>
  <testcase name="test[chromedriver 64bit linux version2.30.0]" classname="com.github.webdriverextensions.RepositoryTest" time="0.161"/>
  <testcase name="test[chromedriver 64bit mac version2.30.0]" classname="com.github.webdriverextensions.RepositoryTest" time="0.157"/>
  <testcase name="test[chromedriver 32bit windows version2.30.0]" classname="com.github.webdriverextensions.RepositoryTest" time="0.156"/>
  <testcase name="test[chromedriver 32bit linux version2.29.0]" classname="com.github.webdriverextensions.RepositoryTest" time="0.156"/>
  <testcase name="test[chromedriver 64bit linux version2.29.0]" classname="com.github.webdriverextensions.RepositoryTest" time="0.154"/>
  <testcase name="test[chromedriver 64bit mac version2.29.0]" classname="com.github.webdriverextensions.RepositoryTest" time="0.156"/>
  <testcase name="test[chromedriver 32bit windows version2.29.0]" classname="com.github.webdriverextensions.RepositoryTest" time="0.159"/>
  <testcase name="test[chromedriver 32bit linux version2.28.0]" classname="com.github.webdriverextensions.RepositoryTest" time="0.155"/>
  <testcase name="test[chromedriver 64bit linux version2.28.0]" classname="com.github.webdriverextensions.RepositoryTest" time="0.153"/>
  <testcase name="test[chromedriver 64bit mac version2.28.0]" classname="com.github.webdriverextensions.RepositoryTest" time="0.153"/>
  <testcase name="test[chromedriver 32bit windows version2.28.0]" classname="com.github.webdriverextensions.RepositoryTest" time="0.16"/>
  <testcase name="test[chromedriver 32bit linux version2.27.0]" classname="com.github.webdriverextensions.RepositoryTest" time="0.15"/>
  <testcase name="test[chromedriver 64bit linux version2.27.0]" classname="com.github.webdriverextensions.RepositoryTest" time="0.16"/>
  <testcase name="test[chromedriver 64bit mac version2.27.0]" classname="com.github.webdriverextensions.RepositoryTest" time="0.155"/>
  <testcase name="test[chromedriver 32bit windows version2.27.0]" classname="com.github.webdriverextensions.RepositoryTest" time="0.154"/>
  <testcase name="test[chromedriver 32bit linux version2.26.0]" classname="com.github.webdriverextensions.RepositoryTest" time="0.156"/>
  <testcase name="test[chromedriver 64bit linux version2.26.0]" classname="com.github.webdriverextensions.RepositoryTest" time="0.161"/>
  <testcase name="test[chromedriver 64bit mac version2.26.0]" classname="com.github.webdriverextensions.RepositoryTest" time="0.16"/>
  <testcase name="test[chromedriver 32bit windows version2.26.0]" classname="com.github.webdriverextensions.RepositoryTest" time="0.158"/>
  <testcase name="test[chromedriver 32bit linux version2.25.0]" classname="com.github.webdriverextensions.RepositoryTest" time="0.158"/>
  <testcase name="test[chromedriver 64bit linux version2.25.0]" classname="com.github.webdriverextensions.RepositoryTest" time="0.162"/>
  <testcase name="test[chromedriver 64bit mac version2.25.0]" classname="com.github.webdriverextensions.RepositoryTest" time="0.17"/>
  <testcase name="test[chromedriver 32bit windows version2.25.0]" classname="com.github.webdriverextensions.RepositoryTest" time="0.153"/>
  <testcase name="test[chromedriver 32bit linux version2.24.0]" classname="com.github.webdriverextensions.RepositoryTest" time="0.154"/>
  <testcase name="test[chromedriver 64bit linux version2.24.0]" classname="com.github.webdriverextensions.RepositoryTest" time="0.163"/>
  <testcase name="test[chromedriver 64bit mac version2.24.0]" classname="com.github.webdriverextensions.RepositoryTest" time="0.156"/>
  <testcase name="test[chromedriver 32bit windows version2.24.0]" classname="com.github.webdriverextensions.RepositoryTest" time="0.154"/>
  <testcase name="test[chromedriver 32bit linux version2.23.0]" classname="com.github.webdriverextensions.RepositoryTest" time="0.154"/>
  <testcase name="test[chromedriver 64bit linux version2.23.0]" classname="com.github.webdriverextensions.RepositoryTest" time="0.16"/>
  <testcase name="test[chromedriver 64bit mac version2.23.0]" classname="com.github.webdriverextensions.RepositoryTest" time="0.174"/>
  <testcase name="test[chromedriver 32bit windows version2.23.0]" classname="com.github.webdriverextensions.RepositoryTest" time="0.157"/>
  <testcase name="test[chromedriver 32bit linux version2.22.0]" classname="com.github.webdriverextensions.RepositoryTest" time="0.466"/>
  <testcase name="test[chromedriver 64bit linux version2.22.0]" classname="com.github.webdriverextensions.RepositoryTest" time="0.154"/>
  <testcase name="test[chromedriver 32bit mac version2.22.0]" classname="com.github.webdriverextensions.RepositoryTest" time="0.156"/>
  <testcase name="test[chromedriver 32bit windows version2.22.0]" classname="com.github.webdriverextensions.RepositoryTest" time="0.155"/>
  <testcase name="test[chromedriver 32bit linux version2.21.0]" classname="com.github.webdriverextensions.RepositoryTest" time="0.152"/>
  <testcase name="test[chromedriver 64bit linux version2.21.0]" classname="com.github.webdriverextensions.RepositoryTest" time="0.158"/>
  <testcase name="test[chromedriver 32bit mac version2.21.0]" classname="com.github.webdriverextensions.RepositoryTest" time="0.17"/>
  <testcase name="test[chromedriver 32bit windows version2.21.0]" classname="com.github.webdriverextensions.RepositoryTest" time="0.152"/>
  <testcase name="test[chromedriver 32bit linux version2.20.0]" classname="com.github.webdriverextensions.RepositoryTest" time="0.164"/>
  <testcase name="test[chromedriver 64bit linux version2.20.0]" classname="com.github.webdriverextensions.RepositoryTest" time="0.152"/>
  <testcase name="test[chromedriver 32bit mac version2.20.0]" classname="com.github.webdriverextensions.RepositoryTest" time="0.154"/>
  <testcase name="test[chromedriver 32bit windows version2.20.0]" classname="com.github.webdriverextensions.RepositoryTest" time="0.154"/>
  <testcase name="test[chromedriver 32bit linux version2.19.0]" classname="com.github.webdriverextensions.RepositoryTest" time="0.16"/>
  <testcase name="test[chromedriver 64bit linux version2.19.0]" classname="com.github.webdriverextensions.RepositoryTest" time="0.153"/>
  <testcase name="test[chromedriver 32bit mac version2.19.0]" classname="com.github.webdriverextensions.RepositoryTest" time="0.153"/>
  <testcase name="test[chromedriver 32bit windows version2.19.0]" classname="com.github.webdriverextensions.RepositoryTest" time="0.153"/>
  <testcase name="test[chromedriver 32bit linux version2.18.0]" classname="com.github.webdriverextensions.RepositoryTest" time="0.159"/>
  <testcase name="test[chromedriver 64bit linux version2.18.0]" classname="com.github.webdriverextensions.RepositoryTest" time="0.156"/>
  <testcase name="test[chromedriver 32bit mac version2.18.0]" classname="com.github.webdriverextensions.RepositoryTest" time="0.164"/>
  <testcase name="test[chromedriver 32bit windows version2.18.0]" classname="com.github.webdriverextensions.RepositoryTest" time="0.159"/>
  <testcase name="test[chromedriver 64bit linux version2.17.0]" classname="com.github.webdriverextensions.RepositoryTest" time="0.173"/>
  <testcase name="test[chromedriver 32bit mac version2.17.0]" classname="com.github.webdriverextensions.RepositoryTest" time="0.365"/>
  <testcase name="test[chromedriver 32bit windows version2.17.0]" classname="com.github.webdriverextensions.RepositoryTest" time="0.157"/>
  <testcase name="test[chromedriver 32bit linux version2.16.0]" classname="com.github.webdriverextensions.RepositoryTest" time="0.157"/>
  <testcase name="test[chromedriver 64bit linux version2.16.0]" classname="com.github.webdriverextensions.RepositoryTest" time="0.157"/>
  <testcase name="test[chromedriver 32bit mac version2.16.0]" classname="com.github.webdriverextensions.RepositoryTest" time="0.157"/>
  <testcase name="test[chromedriver 32bit windows version2.16.0]" classname="com.github.webdriverextensions.RepositoryTest" time="0.16"/>
  <testcase name="test[chromedriver 32bit linux version2.15.0]" classname="com.github.webdriverextensions.RepositoryTest" time="0.162"/>
  <testcase name="test[chromedriver 64bit linux version2.15.0]" classname="com.github.webdriverextensions.RepositoryTest" time="0.222"/>
  <testcase name="test[chromedriver 32bit mac version2.15.0]" classname="com.github.webdriverextensions.RepositoryTest" time="0.16"/>
  <testcase name="test[chromedriver 32bit windows version2.15.0]" classname="com.github.webdriverextensions.RepositoryTest" time="0.16"/>
  <testcase name="test[chromedriver 32bit linux version2.14.0]" classname="com.github.webdriverextensions.RepositoryTest" time="0.153"/>
  <testcase name="test[chromedriver 64bit linux version2.14.0]" classname="com.github.webdriverextensions.RepositoryTest" time="0.158"/>
  <testcase name="test[chromedriver 32bit mac version2.14.0]" classname="com.github.webdriverextensions.RepositoryTest" time="0.161"/>
  <testcase name="test[chromedriver 32bit windows version2.14.0]" classname="com.github.webdriverextensions.RepositoryTest" time="0.158"/>
  <testcase name="test[chromedriver 32bit linux version2.13.0]" classname="com.github.webdriverextensions.RepositoryTest" time="0.156"/>
  <testcase name="test[chromedriver 64bit linux version2.13.0]" classname="com.github.webdriverextensions.RepositoryTest" time="0.158"/>
  <testcase name="test[chromedriver 32bit mac version2.13.0]" classname="com.github.webdriverextensions.RepositoryTest" time="0.151"/>
  <testcase name="test[chromedriver 32bit windows version2.13.0]" classname="com.github.webdriverextensions.RepositoryTest" time="0.161"/>
  <testcase name="test[chromedriver 32bit linux version2.12.0]" classname="com.github.webdriverextensions.RepositoryTest" time="0.156"/>
  <testcase name="test[chromedriver 64bit linux version2.12.0]" classname="com.github.webdriverextensions.RepositoryTest" time="0.16"/>
  <testcase name="test[chromedriver 32bit mac version2.12.0]" classname="com.github.webdriverextensions.RepositoryTest" time="0.163"/>
  <testcase name="test[chromedriver 32bit windows version2.12.0]" classname="com.github.webdriverextensions.RepositoryTest" time="0.154"/>
  <testcase name="test[chromedriver 32bit linux version2.11.0]" classname="com.github.webdriverextensions.RepositoryTest" time="0.157"/>
  <testcase name="test[chromedriver 64bit linux version2.11.0]" classname="com.github.webdriverextensions.RepositoryTest" time="0.19"/>
  <testcase name="test[chromedriver 32bit mac version2.11.0]" classname="com.github.webdriverextensions.RepositoryTest" time="0.155"/>
  <testcase name="test[chromedriver 32bit windows version2.11.0]" classname="com.github.webdriverextensions.RepositoryTest" time="0.152"/>
  <testcase name="test[chromedriver 32bit linux version2.10.0]" classname="com.github.webdriverextensions.RepositoryTest" time="0.16"/>
  <testcase name="test[chromedriver 64bit linux version2.10.0]" classname="com.github.webdriverextensions.RepositoryTest" time="0.162"/>
  <testcase name="test[chromedriver 32bit mac version2.10.0]" classname="com.github.webdriverextensions.RepositoryTest" time="0.156"/>
  <testcase name="test[chromedriver 32bit windows version2.10.0]" classname="com.github.webdriverextensions.RepositoryTest" time="0.157"/>
  <testcase name="test[chromedriver 32bit linux version2.9.0]" classname="com.github.webdriverextensions.RepositoryTest" time="0.165"/>
  <testcase name="test[chromedriver 64bit linux version2.9.0]" classname="com.github.webdriverextensions.RepositoryTest" time="0.472"/>
  <testcase name="test[chromedriver 32bit mac version2.9.0]" classname="com.github.webdriverextensions.RepositoryTest" time="0.166"/>
  <testcase name="test[chromedriver 32bit windows version2.9.0]" classname="com.github.webdriverextensions.RepositoryTest" time="0.154"/>
  <testcase name="test[internetexplorerdriver 32bit windows version3.141.59]" classname="com.github.webdriverextensions.RepositoryTest" time="0.188"/>
  <testcase name="test[internetexplorerdriver 64bit windows version3.141.59]" classname="com.github.webdriverextensions.RepositoryTest" time="0.166"/>
  <testcase name="test[internetexplorerdriver 32bit windows version3.141.5]" classname="com.github.webdriverextensions.RepositoryTest" time="0.158"/>
  <testcase name="test[internetexplorerdriver 64bit windows version3.141.5]" classname="com.github.webdriverextensions.RepositoryTest" time="0.161"/>
  <testcase name="test[internetexplorerdriver 32bit windows version3.141.0]" classname="com.github.webdriverextensions.RepositoryTest" time="0.159"/>
  <testcase name="test[internetexplorerdriver 64bit windows version3.141.0]" classname="com.github.webdriverextensions.RepositoryTest" time="0.156"/>
  <testcase name="test[internetexplorerdriver 32bit windows version3.14.0]" classname="com.github.webdriverextensions.RepositoryTest" time="0.158"/>
  <testcase name="test[internetexplorerdriver 64bit windows version3.14.0]" classname="com.github.webdriverextensions.RepositoryTest" time="0.175"/>
  <testcase name="test[internetexplorerdriver 32bit windows version3.13.0]" classname="com.github.webdriverextensions.RepositoryTest" time="0.157"/>
  <testcase name="test[internetexplorerdriver 64bit windows version3.13.0]" classname="com.github.webdriverextensions.RepositoryTest" time="0.159"/>
  <testcase name="test[internetexplorerdriver 32bit windows version3.12.0]" classname="com.github.webdriverextensions.RepositoryTest" time="0.156"/>
  <testcase name="test[internetexplorerdriver 64bit windows version3.12.0]" classname="com.github.webdriverextensions.RepositoryTest" time="0.159"/>
  <testcase name="test[internetexplorerdriver 32bit windows version3.11.1]" classname="com.github.webdriverextensions.RepositoryTest" time="0.155"/>
  <testcase name="test[internetexplorerdriver 64bit windows version3.11.1]" classname="com.github.webdriverextensions.RepositoryTest" time="0.191"/>
  <testcase name="test[internetexplorerdriver 32bit windows version3.11.0]" classname="com.github.webdriverextensions.RepositoryTest" time="0.164"/>
  <testcase name="test[internetexplorerdriver 64bit windows version3.11.0]" classname="com.github.webdriverextensions.RepositoryTest" time="0.162"/>
  <testcase name="test[internetexplorerdriver 32bit windows version3.10.0]" classname="com.github.webdriverextensions.RepositoryTest" time="0.168"/>
  <testcase name="test[internetexplorerdriver 64bit windows version3.10.0]" classname="com.github.webdriverextensions.RepositoryTest" time="0.155"/>
  <testcase name="test[internetexplorerdriver 32bit windows version3.9.0]" classname="com.github.webdriverextensions.RepositoryTest" time="0.156"/>
  <testcase name="test[internetexplorerdriver 64bit windows version3.9.0]" classname="com.github.webdriverextensions.RepositoryTest" time="0.153"/>
  <testcase name="test[internetexplorerdriver 32bit windows version3.8.0]" classname="com.github.webdriverextensions.RepositoryTest" time="0.164"/>
  <testcase name="test[internetexplorerdriver 64bit windows version3.8.0]" classname="com.github.webdriverextensions.RepositoryTest" time="0.165"/>
  <testcase name="test[internetexplorerdriver 32bit windows version3.7.0]" classname="com.github.webdriverextensions.RepositoryTest" time="0.158"/>
  <testcase name="test[internetexplorerdriver 64bit windows version3.7.0]" classname="com.github.webdriverextensions.RepositoryTest" time="0.168"/>
  <testcase name="test[internetexplorerdriver 32bit windows version3.6.0]" classname="com.github.webdriverextensions.RepositoryTest" time="0.154"/>
  <testcase name="test[internetexplorerdriver 64bit windows version3.6.0]" classname="com.github.webdriverextensions.RepositoryTest" time="0.155"/>
  <testcase name="test[internetexplorerdriver 32bit windows version3.5.1]" classname="com.github.webdriverextensions.RepositoryTest" time="0.158"/>
  <testcase name="test[internetexplorerdriver 64bit windows version3.5.1]" classname="com.github.webdriverextensions.RepositoryTest" time="0.16"/>
  <testcase name="test[internetexplorerdriver 32bit windows version3.5.0]" classname="com.github.webdriverextensions.RepositoryTest" time="0.16"/>
  <testcase name="test[internetexplorerdriver 64bit windows version3.5.0]" classname="com.github.webdriverextensions.RepositoryTest" time="0.167"/>
  <testcase name="test[internetexplorerdriver 32bit windows version3.4.0]" classname="com.github.webdriverextensions.RepositoryTest" time="0.155"/>
  <testcase name="test[internetexplorerdriver 64bit windows version3.4.0]" classname="com.github.webdriverextensions.RepositoryTest" time="0.156"/>
  <testcase name="test[internetexplorerdriver 32bit windows version3.3.0]" classname="com.github.webdriverextensions.RepositoryTest" time="0.173"/>
  <testcase name="test[internetexplorerdriver 64bit windows version3.3.0]" classname="com.github.webdriverextensions.RepositoryTest" time="0.172"/>
  <testcase name="test[internetexplorerdriver 32bit windows version3.2.0]" classname="com.github.webdriverextensions.RepositoryTest" time="0.164"/>
  <testcase name="test[internetexplorerdriver 64bit windows version3.2.0]" classname="com.github.webdriverextensions.RepositoryTest" time="0.218"/>
  <testcase name="test[internetexplorerdriver 32bit windows version3.1.0]" classname="com.github.webdriverextensions.RepositoryTest" time="0.171"/>
  <testcase name="test[internetexplorerdriver 64bit windows version3.1.0]" classname="com.github.webdriverextensions.RepositoryTest" time="0.156"/>
  <testcase name="test[internetexplorerdriver 32bit windows version3.0.0]" classname="com.github.webdriverextensions.RepositoryTest" time="0.161"/>
  <testcase name="test[internetexplorerdriver 64bit windows version3.0.0]" classname="com.github.webdriverextensions.RepositoryTest" time="0.16"/>
  <testcase name="test[internetexplorerdriver 32bit windows version2.53.1]" classname="com.github.webdriverextensions.RepositoryTest" time="0.172"/>
  <testcase name="test[internetexplorerdriver 64bit windows version2.53.1]" classname="com.github.webdriverextensions.RepositoryTest" time="0.157"/>
  <testcase name="test[internetexplorerdriver 32bit windows version2.53.0]" classname="com.github.webdriverextensions.RepositoryTest" time="0.159"/>
  <testcase name="test[internetexplorerdriver 64bit windows version2.53.0]" classname="com.github.webdriverextensions.RepositoryTest" time="0.156"/>
  <testcase name="test[internetexplorerdriver 32bit windows version2.52.0]" classname="com.github.webdriverextensions.RepositoryTest" time="0.153"/>
  <testcase name="test[internetexplorerdriver 64bit windows version2.52.0]" classname="com.github.webdriverextensions.RepositoryTest" time="0.156"/>
  <testcase name="test[internetexplorerdriver 32bit windows version2.51.0]" classname="com.github.webdriverextensions.RepositoryTest" time="0.163"/>
  <testcase name="test[internetexplorerdriver 64bit windows version2.51.0]" classname="com.github.webdriverextensions.RepositoryTest" time="0.157"/>
  <testcase name="test[internetexplorerdriver 32bit windows version2.50.0]" classname="com.github.webdriverextensions.RepositoryTest" time="0.16"/>
  <testcase name="test[internetexplorerdriver 64bit windows version2.50.0]" classname="com.github.webdriverextensions.RepositoryTest" time="0.158"/>
  <testcase name="test[internetexplorerdriver 32bit windows version2.49.0]" classname="com.github.webdriverextensions.RepositoryTest" time="0.157"/>
  <testcase name="test[internetexplorerdriver 64bit windows version2.49.0]" classname="com.github.webdriverextensions.RepositoryTest" time="0.158"/>
  <testcase name="test[internetexplorerdriver 32bit windows version2.48.0]" classname="com.github.webdriverextensions.RepositoryTest" time="0.158"/>
  <testcase name="test[internetexplorerdriver 64bit windows version2.48.0]" classname="com.github.webdriverextensions.RepositoryTest" time="0.158"/>
  <testcase name="test[internetexplorerdriver 32bit windows version2.47.0]" classname="com.github.webdriverextensions.RepositoryTest" time="0.155"/>
  <testcase name="test[internetexplorerdriver 64bit windows version2.47.0]" classname="com.github.webdriverextensions.RepositoryTest" time="0.155"/>
  <testcase name="test[internetexplorerdriver 32bit windows version2.46.0]" classname="com.github.webdriverextensions.RepositoryTest" time="0.16"/>
  <testcase name="test[internetexplorerdriver 64bit windows version2.46.0]" classname="com.github.webdriverextensions.RepositoryTest" time="0.157"/>
  <testcase name="test[internetexplorerdriver 32bit windows version2.45.0]" classname="com.github.webdriverextensions.RepositoryTest" time="0.159"/>
  <testcase name="test[internetexplorerdriver 64bit windows version2.45.0]" classname="com.github.webdriverextensions.RepositoryTest" time="0.162"/>
  <testcase name="test[internetexplorerdriver 32bit windows version2.44.0]" classname="com.github.webdriverextensions.RepositoryTest" time="0.158"/>
  <testcase name="test[internetexplorerdriver 64bit windows version2.44.0]" classname="com.github.webdriverextensions.RepositoryTest" time="0.155"/>
  <testcase name="test[internetexplorerdriver 32bit windows version2.43.0]" classname="com.github.webdriverextensions.RepositoryTest" time="0.164"/>
  <testcase name="test[internetexplorerdriver 64bit windows version2.43.0]" classname="com.github.webdriverextensions.RepositoryTest" time="0.2"/>
  <testcase name="test[internetexplorerdriver 32bit windows version2.42.0]" classname="com.github.webdriverextensions.RepositoryTest" time="0.156"/>
  <testcase name="test[internetexplorerdriver 64bit windows version2.42.0]" classname="com.github.webdriverextensions.RepositoryTest" time="0.161"/>
  <testcase name="test[internetexplorerdriver 32bit windows version2.41.0]" classname="com.github.webdriverextensions.RepositoryTest" time="0.162"/>
  <testcase name="test[internetexplorerdriver 64bit windows version2.41.0]" classname="com.github.webdriverextensions.RepositoryTest" time="0.16"/>
  <testcase name="test[internetexplorerdriver 32bit windows version2.40.0]" classname="com.github.webdriverextensions.RepositoryTest" time="0.169"/>
  <testcase name="test[internetexplorerdriver 64bit windows version2.40.0]" classname="com.github.webdriverextensions.RepositoryTest" time="0.182"/>
  <testcase name="test[internetexplorerdriver 32bit windows version2.39.0]" classname="com.github.webdriverextensions.RepositoryTest" time="0.161"/>
  <testcase name="test[internetexplorerdriver 64bit windows version2.39.0]" classname="com.github.webdriverextensions.RepositoryTest" time="0.159"/>
  <testcase name="test[phantomjs 64bit mac version2.1.1]" classname="com.github.webdriverextensions.RepositoryTest" time="1.489"/>
  <testcase name="test[phantomjs 64bit windows version2.1.1]" classname="com.github.webdriverextensions.RepositoryTest" time="1.945"/>
  <testcase name="test[phantomjs 64bit linux version2.1.1]" classname="com.github.webdriverextensions.RepositoryTest" time="1.373"/>
  <testcase name="test[phantomjs 32bit linux version2.1.1]" classname="com.github.webdriverextensions.RepositoryTest" time="1.402"/>
  <testcase name="test[phantomjs 64bit mac version2.0.0]" classname="com.github.webdriverextensions.RepositoryTest" time="1.448"/>
  <testcase name="test[phantomjs 64bit windows version2.0.0]" classname="com.github.webdriverextensions.RepositoryTest" time="1.441"/>
  <testcase name="test[phantomjs 64bit mac version1.9.8]" classname="com.github.webdriverextensions.RepositoryTest" time="1.428"/>
  <testcase name="test[phantomjs 64bit linux version1.9.8]" classname="com.github.webdriverextensions.RepositoryTest" time="1.369"/>
  <testcase name="test[phantomjs 32bit linux version1.9.8]" classname="com.github.webdriverextensions.RepositoryTest" time="1.44"/>
  <testcase name="test[phantomjs 64bit windows version1.9.8]" classname="com.github.webdriverextensions.RepositoryTest" time="1.361"/>
  <testcase name="test[phantomjs 64bit mac version1.9.7]" classname="com.github.webdriverextensions.RepositoryTest" time="1.43"/>
  <testcase name="test[phantomjs 64bit linux version1.9.7]" classname="com.github.webdriverextensions.RepositoryTest" time="1.46"/>
  <testcase name="test[phantomjs 32bit linux version1.9.7]" classname="com.github.webdriverextensions.RepositoryTest" time="1.429"/>
  <testcase name="test[phantomjs 64bit windows version1.9.7]" classname="com.github.webdriverextensions.RepositoryTest" time="1.404"/>
  <testcase name="test[geckodriver 64bit windows version0.26.0]" classname="com.github.webdriverextensions.RepositoryTest" time="0.732"/>
  <testcase name="test[geckodriver 32bit windows version0.26.0]" classname="com.github.webdriverextensions.RepositoryTest" time="0.916"/>
  <testcase name="test[geckodriver 64bit linux version0.26.0]" classname="com.github.webdriverextensions.RepositoryTest" time="0.728"/>
  <testcase name="test[geckodriver 32bit linux version0.26.0]" classname="com.github.webdriverextensions.RepositoryTest" time="1.072"/>
  <testcase name="test[geckodriver 64bit mac version0.26.0]" classname="com.github.webdriverextensions.RepositoryTest" time="1.217"/>
  <testcase name="test[geckodriver 64bit windows version0.25.0]" classname="com.github.webdriverextensions.RepositoryTest" time="0.937"/>
  <testcase name="test[geckodriver 32bit windows version0.25.0]" classname="com.github.webdriverextensions.RepositoryTest" time="0.938"/>
  <testcase name="test[geckodriver 64bit linux version0.25.0]" classname="com.github.webdriverextensions.RepositoryTest" time="2.227"/>
  <testcase name="test[geckodriver 32bit linux version0.25.0]" classname="com.github.webdriverextensions.RepositoryTest" time="0.921"/>
  <testcase name="test[geckodriver 64bit mac version0.25.0]" classname="com.github.webdriverextensions.RepositoryTest" time="0.92"/>
  <testcase name="test[geckodriver 64bit windows version0.24.0]" classname="com.github.webdriverextensions.RepositoryTest" time="0.924"/>
  <testcase name="test[geckodriver 32bit windows version0.24.0]" classname="com.github.webdriverextensions.RepositoryTest" time="0.911"/>
  <testcase name="test[geckodriver 64bit linux version0.24.0]" classname="com.github.webdriverextensions.RepositoryTest" time="0.725"/>
  <testcase name="test[geckodriver 32bit linux version0.24.0]" classname="com.github.webdriverextensions.RepositoryTest" time="0.903"/>
  <testcase name="test[geckodriver 64bit mac version0.24.0]" classname="com.github.webdriverextensions.RepositoryTest" time="0.911"/>
  <testcase name="test[geckodriver 64bit windows version0.23.0]" classname="com.github.webdriverextensions.RepositoryTest" time="0.727"/>
  <testcase name="test[geckodriver 32bit windows version0.23.0]" classname="com.github.webdriverextensions.RepositoryTest" time="0.953"/>
  <testcase name="test[geckodriver 64bit linux version0.23.0]" classname="com.github.webdriverextensions.RepositoryTest" time="0.907"/>
  <testcase name="test[geckodriver 32bit linux version0.23.0]" classname="com.github.webdriverextensions.RepositoryTest" time="1.385"/>
  <testcase name="test[geckodriver 64bit mac version0.23.0]" classname="com.github.webdriverextensions.RepositoryTest" time="0.726"/>
  <testcase name="test[geckodriver 64bit windows version0.22.0]" classname="com.github.webdriverextensions.RepositoryTest" time="0.913"/>
  <testcase name="test[geckodriver 32bit windows version0.22.0]" classname="com.github.webdriverextensions.RepositoryTest" time="0.941"/>
  <testcase name="test[geckodriver 64bit linux version0.22.0]" classname="com.github.webdriverextensions.RepositoryTest" time="0.963"/>
  <testcase name="test[geckodriver 32bit linux version0.22.0]" classname="com.github.webdriverextensions.RepositoryTest" time="1.244"/>
  <testcase name="test[geckodriver 64bit mac version0.22.0]" classname="com.github.webdriverextensions.RepositoryTest" time="0.942"/>
  <testcase name="test[geckodriver 64bit windows version0.21.0]" classname="com.github.webdriverextensions.RepositoryTest" time="1.109"/>
  <testcase name="test[geckodriver 32bit windows version0.21.0]" classname="com.github.webdriverextensions.RepositoryTest" time="1.053"/>
  <testcase name="test[geckodriver 64bit linux version0.21.0]" classname="com.github.webdriverextensions.RepositoryTest" time="0.865"/>
  <testcase name="test[geckodriver 32bit linux version0.21.0]" classname="com.github.webdriverextensions.RepositoryTest" time="0.916"/>
  <testcase name="test[geckodriver 64bit mac version0.21.0]" classname="com.github.webdriverextensions.RepositoryTest" time="1.221"/>
  <testcase name="test[geckodriver 64bit windows version0.20.1]" classname="com.github.webdriverextensions.RepositoryTest" time="1.002"/>
  <testcase name="test[geckodriver 32bit windows version0.20.1]" classname="com.github.webdriverextensions.RepositoryTest" time="1.194"/>
  <testcase name="test[geckodriver 64bit linux version0.20.1]" classname="com.github.webdriverextensions.RepositoryTest" time="0.931"/>
  <testcase name="test[geckodriver 32bit linux version0.20.1]" classname="com.github.webdriverextensions.RepositoryTest" time="0.968"/>
  <testcase name="test[geckodriver 64bit mac version0.20.1]" classname="com.github.webdriverextensions.RepositoryTest" time="0.952"/>
  <testcase name="test[geckodriver 64bit windows version0.20.0]" classname="com.github.webdriverextensions.RepositoryTest" time="1.241"/>
  <testcase name="test[geckodriver 32bit windows version0.20.0]" classname="com.github.webdriverextensions.RepositoryTest" time="0.914"/>
  <testcase name="test[geckodriver 64bit linux version0.20.0]" classname="com.github.webdriverextensions.RepositoryTest" time="0.932"/>
  <testcase name="test[geckodriver 32bit linux version0.20.0]" classname="com.github.webdriverextensions.RepositoryTest" time="0.927"/>
  <testcase name="test[geckodriver 64bit mac version0.20.0]" classname="com.github.webdriverextensions.RepositoryTest" time="0.943"/>
  <testcase name="test[geckodriver 64bit windows version0.19.1]" classname="com.github.webdriverextensions.RepositoryTest" time="0.981"/>
  <testcase name="test[geckodriver 32bit windows version0.19.1]" classname="com.github.webdriverextensions.RepositoryTest" time="1.121"/>
  <testcase name="test[geckodriver 64bit linux version0.19.1]" classname="com.github.webdriverextensions.RepositoryTest" time="0.949"/>
  <testcase name="test[geckodriver 32bit linux version0.19.1]" classname="com.github.webdriverextensions.RepositoryTest" time="1.193"/>
  <testcase name="test[geckodriver 64bit mac version0.19.1]" classname="com.github.webdriverextensions.RepositoryTest" time="0.94"/>
  <testcase name="test[geckodriver 64bit windows version0.19.0]" classname="com.github.webdriverextensions.RepositoryTest" time="3.926"/>
  <testcase name="test[geckodriver 64bit linux version0.19.0]" classname="com.github.webdriverextensions.RepositoryTest" time="0.905"/>
  <testcase name="test[geckodriver 32bit linux version0.19.0]" classname="com.github.webdriverextensions.RepositoryTest" time="1.054"/>
  <testcase name="test[geckodriver 64bit mac version0.19.0]" classname="com.github.webdriverextensions.RepositoryTest" time="1.177"/>
  <testcase name="test[geckodriver 64bit windows version0.18.0]" classname="com.github.webdriverextensions.RepositoryTest" time="1.94"/>
  <testcase name="test[geckodriver 32bit windows version0.18.0]" classname="com.github.webdriverextensions.RepositoryTest" time="1.1"/>
  <testcase name="test[geckodriver 64bit linux version0.18.0]" classname="com.github.webdriverextensions.RepositoryTest" time="0.914"/>
  <testcase name="test[geckodriver 32bit linux version0.18.0]" classname="com.github.webdriverextensions.RepositoryTest" time="0.937"/>
  <testcase name="test[geckodriver 64bit mac version0.18.0]" classname="com.github.webdriverextensions.RepositoryTest" time="0.951"/>
  <testcase name="test[geckodriver 64bit windows version0.17.0]" classname="com.github.webdriverextensions.RepositoryTest" time="1.212"/>
  <testcase name="test[geckodriver 32bit windows version0.17.0]" classname="com.github.webdriverextensions.RepositoryTest" time="0.922"/>
  <testcase name="test[geckodriver 64bit linux version0.17.0]" classname="com.github.webdriverextensions.RepositoryTest" time="0.957"/>
  <testcase name="test[geckodriver 32bit linux version0.17.0]" classname="com.github.webdriverextensions.RepositoryTest" time="0.898"/>
  <testcase name="test[geckodriver 64bit mac version0.17.0]" classname="com.github.webdriverextensions.RepositoryTest" time="0.898"/>
  <testcase name="test[geckodriver 64bit windows version0.16.1]" classname="com.github.webdriverextensions.RepositoryTest" time="0.912"/>
  <testcase name="test[geckodriver 32bit windows version0.16.1]" classname="com.github.webdriverextensions.RepositoryTest" time="0.908"/>
  <testcase name="test[geckodriver 64bit linux version0.16.1]" classname="com.github.webdriverextensions.RepositoryTest" time="1.184"/>
  <testcase name="test[geckodriver 64bit mac version0.16.1]" classname="com.github.webdriverextensions.RepositoryTest" time="0.893"/>
  <testcase name="test[geckodriver 64bit windows version0.16.0]" classname="com.github.webdriverextensions.RepositoryTest" time="0.951"/>
  <testcase name="test[geckodriver 32bit windows version0.16.0]" classname="com.github.webdriverextensions.RepositoryTest" time="0.918"/>
  <testcase name="test[geckodriver 64bit linux version0.16.0]" classname="com.github.webdriverextensions.RepositoryTest" time="0.904"/>
  <testcase name="test[geckodriver 64bit mac version0.16.0]" classname="com.github.webdriverextensions.RepositoryTest" time="0.905"/>
  <testcase name="test[geckodriver 64bit windows version0.15.0]" classname="com.github.webdriverextensions.RepositoryTest" time="1.106"/>
  <testcase name="test[geckodriver 32bit windows version0.15.0]" classname="com.github.webdriverextensions.RepositoryTest" time="0.93"/>
  <testcase name="test[geckodriver 64bit linux version0.15.0]" classname="com.github.webdriverextensions.RepositoryTest" time="0.936"/>
  <testcase name="test[geckodriver 64bit mac version0.15.0]" classname="com.github.webdriverextensions.RepositoryTest" time="0.888"/>
  <testcase name="test[geckodriver 64bit windows version0.14.0]" classname="com.github.webdriverextensions.RepositoryTest" time="0.968"/>
  <testcase name="test[geckodriver 32bit windows version0.14.0]" classname="com.github.webdriverextensions.RepositoryTest" time="0.896"/>
  <testcase name="test[geckodriver 64bit linux version0.14.0]" classname="com.github.webdriverextensions.RepositoryTest" time="0.924"/>
  <testcase name="test[geckodriver 32bit linux version0.14.0]" classname="com.github.webdriverextensions.RepositoryTest" time="0.907"/>
  <testcase name="test[geckodriver 64bit mac version0.14.0]" classname="com.github.webdriverextensions.RepositoryTest" time="1.153"/>
  <testcase name="test[geckodriver 64bit windows version0.13.0]" classname="com.github.webdriverextensions.RepositoryTest" time="0.901"/>
  <testcase name="test[geckodriver 32bit windows version0.13.0]" classname="com.github.webdriverextensions.RepositoryTest" time="0.92"/>
  <testcase name="test[geckodriver 64bit linux version0.13.0]" classname="com.github.webdriverextensions.RepositoryTest" time="0.734"/>
  <testcase name="test[geckodriver 32bit linux version0.13.0]" classname="com.github.webdriverextensions.RepositoryTest" time="0.952"/>
  <testcase name="test[geckodriver 64bit mac version0.13.0]" classname="com.github.webdriverextensions.RepositoryTest" time="0.911"/>
  <testcase name="test[geckodriver 64bit windows version0.12.0]" classname="com.github.webdriverextensions.RepositoryTest" time="1.149"/>
  <testcase name="test[geckodriver 32bit windows version0.12.0]" classname="com.github.webdriverextensions.RepositoryTest" time="0.931"/>
  <testcase name="test[geckodriver 64bit linux version0.12.0]" classname="com.github.webdriverextensions.RepositoryTest" time="0.909"/>
  <testcase name="test[geckodriver 32bit linux version0.12.0]" classname="com.github.webdriverextensions.RepositoryTest" time="0.932"/>
  <testcase name="test[geckodriver 64bit mac version0.12.0]" classname="com.github.webdriverextensions.RepositoryTest" time="0.899"/>
  <testcase name="test[geckodriver 64bit windows version0.11.1]" classname="com.github.webdriverextensions.RepositoryTest" time="0.959"/>
  <testcase name="test[geckodriver 32bit windows version0.11.1]" classname="com.github.webdriverextensions.RepositoryTest" time="0.919"/>
  <testcase name="test[geckodriver 64bit linux version0.11.1]" classname="com.github.webdriverextensions.RepositoryTest" time="0.924"/>
  <testcase name="test[geckodriver 32bit linux version0.11.1]" classname="com.github.webdriverextensions.RepositoryTest" time="0.931"/>
  <testcase name="test[geckodriver 64bit mac version0.11.1]" classname="com.github.webdriverextensions.RepositoryTest" time="0.917"/>
  <testcase name="test[geckodriver 64bit windows version0.11.0]" classname="com.github.webdriverextensions.RepositoryTest" time="0.944"/>
  <testcase name="test[geckodriver 32bit windows version0.11.0]" classname="com.github.webdriverextensions.RepositoryTest" time="0.925"/>
  <testcase name="test[geckodriver 64bit linux version0.11.0]" classname="com.github.webdriverextensions.RepositoryTest" time="0.922"/>
  <testcase name="test[geckodriver 32bit linux version0.11.0]" classname="com.github.webdriverextensions.RepositoryTest" time="1.005"/>
  <testcase name="test[geckodriver 64bit mac version0.11.0]" classname="com.github.webdriverextensions.RepositoryTest" time="0.913"/>
  <testcase name="test[geckodriver 64bit windows version0.10.0]" classname="com.github.webdriverextensions.RepositoryTest" time="0.93"/>
  <testcase name="test[geckodriver 64bit linux version0.10.0]" classname="com.github.webdriverextensions.RepositoryTest" time="0.923"/>
  <testcase name="test[geckodriver 64bit mac version0.10.0]" classname="com.github.webdriverextensions.RepositoryTest" time="1.004"/>
  <testcase name="test[geckodriver 64bit windows version0.9.0]" classname="com.github.webdriverextensions.RepositoryTest" time="0.917"/>
  <testcase name="test[geckodriver 64bit linux version0.9.0]" classname="com.github.webdriverextensions.RepositoryTest" time="0.898"/>
  <testcase name="test[geckodriver 64bit mac version0.9.0]" classname="com.github.webdriverextensions.RepositoryTest" time="0.907"/>
  <testcase name="test[geckodriver 32bit windows version0.8.0]" classname="com.github.webdriverextensions.RepositoryTest" time="0.886"/>
  <testcase name="test[geckodriver 64bit linux version0.8.0]" classname="com.github.webdriverextensions.RepositoryTest" time="0.889"/>
  <testcase name="test[geckodriver 64bit mac version0.8.0]" classname="com.github.webdriverextensions.RepositoryTest" time="0.936"/>
  <testcase name="test[edgedriver 64bit windows version6.17134]" classname="com.github.webdriverextensions.RepositoryTest" time="0.084"/>
  <testcase name="test[edgedriver 64bit windows version5.16299]" classname="com.github.webdriverextensions.RepositoryTest" time="0.141"/>
  <testcase name="test[edgedriver 64bit windows version4.15063]" classname="com.github.webdriverextensions.RepositoryTest" time="0.133"/>
  <testcase name="test[edgedriver 64bit windows version3.14393]" classname="com.github.webdriverextensions.RepositoryTest" time="0.243"/>
  <testcase name="test[edgedriver 32bit windows version80.0.361.47]" classname="com.github.webdriverextensions.RepositoryTest" time="1.47"/>
  <testcase name="test[edgedriver 64bit windows version80.0.361.47]" classname="com.github.webdriverextensions.RepositoryTest" time="1.238"/>
  <testcase name="test[edgedriver 64bit mac version80.0.361.47]" classname="com.github.webdriverextensions.RepositoryTest" time="1.214"/>
  <testcase name="test[edgedriver 32bit windows version80.0.361.48]" classname="com.github.webdriverextensions.RepositoryTest" time="1.405"/>
  <testcase name="test[edgedriver 64bit windows version80.0.361.48]" classname="com.github.webdriverextensions.RepositoryTest" time="1.261"/>
  <testcase name="test[edgedriver 64bit mac version80.0.361.48]" classname="com.github.webdriverextensions.RepositoryTest" time="1.322"/>
  <testcase name="test[edgedriver 32bit windows version80.0.361.50]" classname="com.github.webdriverextensions.RepositoryTest" time="1.293"/>
  <testcase name="test[edgedriver 64bit windows version80.0.361.50]" classname="com.github.webdriverextensions.RepositoryTest" time="1.238"/>
  <testcase name="test[edgedriver 64bit mac version80.0.361.50]" classname="com.github.webdriverextensions.RepositoryTest" time="1.327"/>
  <testcase name="test[edgedriver 32bit windows version81.0.415.0]" classname="com.github.webdriverextensions.RepositoryTest" time="1.404"/>
  <testcase name="test[edgedriver 64bit windows version81.0.415.0]" classname="com.github.webdriverextensions.RepositoryTest" time="1.311"/>
  <testcase name="test[edgedriver 64bit mac version81.0.415.0]" classname="com.github.webdriverextensions.RepositoryTest" time="1.351"/>
  <testcase name="test[edgedriver 32bit windows version81.0.416.0]" classname="com.github.webdriverextensions.RepositoryTest" time="0.811"/>
  <testcase name="test[edgedriver 64bit windows version81.0.416.0]" classname="com.github.webdriverextensions.RepositoryTest" time="1.218"/>
  <testcase name="test[edgedriver 64bit mac version81.0.416.0]" classname="com.github.webdriverextensions.RepositoryTest" time="1.298"/>
  <testcase name="test[edgedriver 32bit windows version81.0.416.3]" classname="com.github.webdriverextensions.RepositoryTest" time="1.258"/>
  <testcase name="test[edgedriver 64bit windows version81.0.416.3]" classname="com.github.webdriverextensions.RepositoryTest" time="0.277"/>
  <testcase name="test[edgedriver 64bit mac version81.0.416.3]" classname="com.github.webdriverextensions.RepositoryTest" time="1.358"/>
  <testcase name="test[edgedriver 32bit windows version82.0.418.0]" classname="com.github.webdriverextensions.RepositoryTest" time="1.268"/>
  <testcase name="test[edgedriver 64bit windows version82.0.418.0]" classname="com.github.webdriverextensions.RepositoryTest" time="0.296"/>
  <testcase name="test[edgedriver 64bit mac version82.0.418.0]" classname="com.github.webdriverextensions.RepositoryTest" time="1.217"/>
  <testcase name="test[edgedriver 32bit windows version82.0.421.0]" classname="com.github.webdriverextensions.RepositoryTest" time="0.421"/>
  <testcase name="test[edgedriver 64bit windows version82.0.421.0]" classname="com.github.webdriverextensions.RepositoryTest" time="1.166"/>
  <testcase name="test[edgedriver 64bit mac version82.0.421.0]" classname="com.github.webdriverextensions.RepositoryTest" time="1.19"/>
  <testcase name="test[edgedriver 32bit windows version82.0.422.0]" classname="com.github.webdriverextensions.RepositoryTest" time="1.233"/>
  <testcase name="test[edgedriver 64bit windows version82.0.422.0]" classname="com.github.webdriverextensions.RepositoryTest" time="0.291"/>
  <testcase name="test[edgedriver 64bit mac version82.0.422.0]" classname="com.github.webdriverextensions.RepositoryTest" time="1.192"/>
  <testcase name="test[operadriver 64bit windows version2.30]" classname="com.github.webdriverextensions.RepositoryTest" time="0.918"/>
  <testcase name="test[operadriver 32bit windows version2.30]" classname="com.github.webdriverextensions.RepositoryTest" time="0.934"/>
  <testcase name="test[operadriver 64bit linux version2.30]" classname="com.github.webdriverextensions.RepositoryTest" time="0.986"/>
  <testcase name="test[operadriver 64bit mac version2.30]" classname="com.github.webdriverextensions.RepositoryTest" time="0.951"/>
  <testcase name="test[operadriver 64bit windows version2.29]" classname="com.github.webdriverextensions.RepositoryTest" time="0.941"/>
  <testcase name="test[operadriver 32bit windows version2.29]" classname="com.github.webdriverextensions.RepositoryTest" time="1.65"/>
  <testcase name="test[operadriver 64bit linux version2.29]" classname="com.github.webdriverextensions.RepositoryTest" time="1.055"/>
  <testcase name="test[operadriver 64bit mac version2.29]" classname="com.github.webdriverextensions.RepositoryTest" time="1.175"/>
  <testcase name="test[operadriver 64bit windows version2.27]" classname="com.github.webdriverextensions.RepositoryTest" time="0.886"/>
  <testcase name="test[operadriver 32bit windows version2.27]" classname="com.github.webdriverextensions.RepositoryTest" time="0.929"/>
  <testcase name="test[operadriver 64bit linux version2.27]" classname="com.github.webdriverextensions.RepositoryTest" time="0.92"/>
  <testcase name="test[operadriver 32bit linux version2.27]" classname="com.github.webdriverextensions.RepositoryTest" time="0.938"/>
  <testcase name="test[operadriver 64bit mac version2.27]" classname="com.github.webdriverextensions.RepositoryTest" time="0.962"/>
  <testcase name="test[operadriver 32bit windows version0.2.2]" classname="com.github.webdriverextensions.RepositoryTest" time="0.898"/>
  <testcase name="test[operadriver 64bit windows version0.2.2]" classname="com.github.webdriverextensions.RepositoryTest" time="1.029"/>
  <testcase name="test[operadriver 64bit mac version0.2.2]" classname="com.github.webdriverextensions.RepositoryTest" time="0.923"/>
  <testcase name="test[operadriver 32bit linux version0.2.2]" classname="com.github.webdriverextensions.RepositoryTest" time="0.922"/>
  <testcase name="test[operadriver 64bit linux version0.2.2]" classname="com.github.webdriverextensions.RepositoryTest" time="0.89"/>
</testsuite>