<?xml version="1.0" encoding="UTF-8"?>
<testsuite xmlns:xsi="http://www.w3.org/2001/XMLSchema-instance" xsi:schemaLocation="https://maven.apache.org/surefire/maven-surefire-plugin/xsd/surefire-test-report.xsd" name="org.javarosa.core.model.TriggerableDagTest" time="0.465" tests="45" errors="0" skipped="8" failures="0">
  <properties>
    <property name="java.runtime.name" value="OpenJDK Runtime Environment"/>
    <property name="sun.boot.library.path" value="/usr/local/openjdk-8/jre/lib/amd64"/>
    <property name="java.vm.version" value="25.262-b10"/>
    <property name="animal.sniffer.skip" value="true"/>
    <property name="java.vm.vendor" value="Oracle Corporation"/>
    <property name="maven.multiModuleProjectDirectory" value="/tmp/tmp_us680l_/javarosa"/>
    <property name="maven.javadoc.skip" value="true"/>
    <property name="java.vendor.url" value="http://java.oracle.com/"/>
    <property name="path.separator" value=":"/>
    <property name="guice.disable.misplaced.annotation.check" value="true"/>
    <property name="java.vm.name" value="OpenJDK 64-Bit Server VM"/>
    <property name="file.encoding.pkg" value="sun.io"/>
    <property name="sun.java.launcher" value="SUN_STANDARD"/>
    <property name="sun.os.patch.level" value="unknown"/>
    <property name="source.skip" value="true"/>
    <property name="java.vm.specification.name" value="Java Virtual Machine Specification"/>
    <property name="user.dir" value="/tmp/tmp_us680l_/javarosa"/>
    <property name="java.runtime.version" value="1.8.0_262-b10"/>
    <property name="java.awt.graphicsenv" value="sun.awt.X11GraphicsEnvironment"/>
    <property name="java.endorsed.dirs" value="/usr/local/openjdk-8/jre/lib/endorsed"/>
    <property name="os.arch" value="amd64"/>
    <property name="java.io.tmpdir" value="/tmp"/>
    <property name="line.separator" value="&#10;"/>
    <property name="java.vm.specification.vendor" value="Oracle Corporation"/>
    <property name="os.name" value="Linux"/>
    <property name="classworlds.conf" value="/usr/share/maven/bin/m2.conf"/>
    <property name="sun.jnu.encoding" value="UTF-8"/>
    <property name="java.library.path" value="/usr/java/packages/lib/amd64:/usr/lib64:/lib64:/lib:/usr/lib"/>
    <property name="license.skip" value="true"/>
    <property name="maven.conf" value="/usr/share/maven/conf"/>
    <property name="java.specification.name" value="Java Platform API Specification"/>
    <property name="java.class.version" value="52.0"/>
    <property name="sun.management.compiler" value="HotSpot 64-Bit Tiered Compilers"/>
    <property name="maven.test.failure.ignore" value="true"/>
    <property name="os.version" value="4.15.0-109-generic"/>
    <property name="library.jansi.path" value="/usr/share/maven/lib/jansi-native"/>
    <property name="user.home" value="/home/jdbl"/>
    <property name="user.timezone" value="Etc/UTC"/>
    <property name="java.awt.printerjob" value="sun.print.PSPrinterJob"/>
    <property name="java.specification.version" value="1.8"/>
    <property name="file.encoding" value="UTF-8"/>
    <property name="user.name" value="jdbl"/>
    <property name="java.class.path" value="/usr/share/maven/boot/plexus-classworlds-2.6.0.jar"/>
    <property name="java.vm.specification.version" value="1.8"/>
    <property name="sun.arch.data.model" value="64"/>
    <property name="java.home" value="/usr/local/openjdk-8/jre"/>
    <property name="sun.java.command" value="org.codehaus.plexus.classworlds.launcher.Launcher test -e --fail-never -ntp -Dmaven.test.failure.ignore=true -B -Dmaven.javadoc.skip=true -Drat.skip=true -Danimal.sniffer.skip=true -Dmaven.javadoc.skip=true -Dlicense.skip=true -Dsource.skip=true"/>
    <property name="java.specification.vendor" value="Oracle Corporation"/>
    <property name="user.language" value="en"/>
    <property name="awt.toolkit" value="sun.awt.X11.XToolkit"/>
    <property name="java.vm.info" value="mixed mode"/>
    <property name="java.version" value="1.8.0_262"/>
    <property name="java.ext.dirs" value="/usr/local/openjdk-8/jre/lib/ext:/usr/java/packages/lib/ext"/>
    <property name="securerandom.source" value="file:/dev/./urandom"/>
    <property name="sun.boot.class.path" value="/usr/local/openjdk-8/jre/lib/resources.jar:/usr/local/openjdk-8/jre/lib/rt.jar:/usr/local/openjdk-8/jre/lib/sunrsasign.jar:/usr/local/openjdk-8/jre/lib/jsse.jar:/usr/local/openjdk-8/jre/lib/jce.jar:/usr/local/openjdk-8/jre/lib/charsets.jar:/usr/local/openjdk-8/jre/lib/jfr.jar:/usr/local/openjdk-8/jre/classes"/>
    <property name="java.vendor" value="Oracle Corporation"/>
    <property name="rat.skip" value="true"/>
    <property name="maven.home" value="/usr/share/maven"/>
    <property name="file.separator" value="/"/>
    <property name="java.vendor.url.bug" value="http://bugreport.sun.com/bugreport/"/>
    <property name="sun.cpu.endian" value="little"/>
    <property name="sun.io.unicode.encoding" value="UnicodeLittle"/>
    <property name="sun.cpu.isalist" value=""/>
  </properties>
  <testcase name="verify_relation_between_calculate_expressions_and_relevancy_conditions" classname="org.javarosa.core.model.TriggerableDagTest" time="0.038"/>
  <testcase name="supports_self_reference_dependency_when_targeting_different_repeat_instance_siblings" classname="org.javarosa.core.model.TriggerableDagTest" time="0">
    <skipped/>
  </testcase>
  <testcase name="parsing_forms_with_self_reference_cycles_in_fields_of_repeat_groups_should_fail" classname="org.javarosa.core.model.TriggerableDagTest" time="0.019"/>
  <testcase name="parsing_forms_with_cycles_between_fields_of_the_same_repeat_instance_should_fail" classname="org.javarosa.core.model.TriggerableDagTest" time="0.011"/>
  <testcase name="addingNestedRepeatInstance_updatesExpressionTriggeredByGenericRef_forAllRepeatInstances" classname="org.javarosa.core.model.TriggerableDagTest" time="0.017"/>
  <testcase name="deleteSecondRepeatGroup_evaluatesTriggerables_dependentOnTheParentPosition" classname="org.javarosa.core.model.TriggerableDagTest" time="0.042"/>
  <testcase name="addingOrRemovingRepeatInstance_updatesRelativeRepeatCount_insideRepeat" classname="org.javarosa.core.model.TriggerableDagTest" time="0.015"/>
  <testcase name="addingOrRemovingRepeatInstance_withReferenceToPreviousInstance_updatesThatReference" classname="org.javarosa.core.model.TriggerableDagTest" time="0.027"/>
  <testcase name="supports_codependant_required_conditions" classname="org.javarosa.core.model.TriggerableDagTest" time="0">
    <skipped/>
  </testcase>
  <testcase name="deleteThirdRepeatGroup_evaluatesTriggerables_indirectlyDependentOnTheRepeatGroupsNumber" classname="org.javarosa.core.model.TriggerableDagTest" time="0.006"/>
  <testcase name="deleteRepeatGroupWithCalculationsTimingTest" classname="org.javarosa.core.model.TriggerableDagTest" time="0">
    <skipped message="Replace by benchmark"/>
  </testcase>
  <testcase name="adding_repeat_instance_triggers_descendant_node_triggerables" classname="org.javarosa.core.model.TriggerableDagTest" time="0.005"/>
  <testcase name="issue_119_target_question_should_be_relevant" classname="org.javarosa.core.model.TriggerableDagTest" time="0.005"/>
  <testcase name="addingRepeatInstance_updatesReferenceToLastInstance_usingPositionPredicate" classname="org.javarosa.core.model.TriggerableDagTest" time="0.013"/>
  <testcase name="order_of_the_DAG_is_ensured" classname="org.javarosa.core.model.TriggerableDagTest" time="0.002"/>
  <testcase name="deleteLastRepeat_evaluatesTriggerables" classname="org.javarosa.core.model.TriggerableDagTest" time="0.002"/>
  <testcase name="constraints_of_fields_that_are_empty_are_always_satisfied" classname="org.javarosa.core.model.TriggerableDagTest" time="0.008"/>
  <testcase name="addingOrRemovingRepeatInstance_withReferenceToRepeatInRepeat_andOuterSum_updates" classname="org.javarosa.core.model.TriggerableDagTest" time="0.009"/>
  <testcase name="non_relevance_is_inherited_from_ancestors" classname="org.javarosa.core.model.TriggerableDagTest" time="0.023"/>
  <testcase name="non_relevant_node_values_are_always_null_regardless_of_their_actual_value" classname="org.javarosa.core.model.TriggerableDagTest" time="0.006"/>
  <testcase name="repeatInstanceDeletion_withoutReferencesToRepeat_evaluatesNoTriggersInInstances" classname="org.javarosa.core.model.TriggerableDagTest" time="0.02"/>
  <testcase name="deleteThirdRepeatGroup_evaluatesTriggerables_dependentOnTheRepeatGroupsNumber" classname="org.javarosa.core.model.TriggerableDagTest" time="0.009"/>
  <testcase name="addingOrRemovingRepeatInstance_updatesRepeatCount_insideAndOutsideRepeat" classname="org.javarosa.core.model.TriggerableDagTest" time="0.018"/>
  <testcase name="repeatInstanceDeletion_triggersCalculationsOutsideTheRepeat_exactlyOnce" classname="org.javarosa.core.model.TriggerableDagTest" time="0.01"/>
  <testcase name="supports_self_references_in_constraints" classname="org.javarosa.core.model.TriggerableDagTest" time="0.008"/>
  <testcase name="deleteSecondRepeatGroup_doesNotEvaluateTriggerables_notDependentOnTheParentPosition" classname="org.javarosa.core.model.TriggerableDagTest" time="0.023"/>
  <testcase name="non_relevant_nodes_are_excluded_from_nodeset_evaluation" classname="org.javarosa.core.model.TriggerableDagTest" time="0.01"/>
  <testcase name="parsing_forms_with_cycles_by_self_reference_in_read_only_condition_should_fail" classname="org.javarosa.core.model.TriggerableDagTest" time="0.003"/>
  <testcase name="empty_required_fields_make_form_validation_fail" classname="org.javarosa.core.model.TriggerableDagTest" time="0.009"/>
  <testcase name="addingOrRemovingRepeatInstance_updatesRepeatCount_insideRepeat" classname="org.javarosa.core.model.TriggerableDagTest" time="0">
    <skipped message="Highlights issue with de-duplicating refs and different contexts"/>
  </testcase>
  <testcase name="parsing_forms_with_cycles_involving_fields_inside_and_outside_of_repeat_groups_should_fail" classname="org.javarosa.core.model.TriggerableDagTest" time="0.009"/>
  <testcase name="parsing_forms_with_cycles_by_self_reference_in_calculate_should_fail" classname="org.javarosa.core.model.TriggerableDagTest" time="0.001"/>
  <testcase name="parsing_forms_with_cycles_in_calculate_should_fail" classname="org.javarosa.core.model.TriggerableDagTest" time="0.002"/>
  <testcase name="constraint_violations_and_form_finalization" classname="org.javarosa.core.model.TriggerableDagTest" time="0.005"/>
  <testcase name="supports_codependant_relevant_expressions" classname="org.javarosa.core.model.TriggerableDagTest" time="0">
    <skipped/>
  </testcase>
  <testcase name="changingValueInRepeat_withReferenceToNextInstance_updatesPreviousInstance" classname="org.javarosa.core.model.TriggerableDagTest" time="0">
    <skipped message="Failed on v2.17.0 and prior."/>
  </testcase>
  <testcase name="adding_repeat_instance_triggers_triggerables_outside_repeat_that_reference_repeat_nodeset" classname="org.javarosa.core.model.TriggerableDagTest" time="0.002"/>
  <testcase name="issue_135_verify_that_counts_in_inner_repeats_work_as_expected" classname="org.javarosa.core.model.TriggerableDagTest" time="0.019"/>
  <testcase name="parsing_forms_with_cycles_by_self_reference_in_relevance_should_fail" classname="org.javarosa.core.model.TriggerableDagTest" time="0.001"/>
  <testcase name="addingRepeatInstance_withInnerCalculateDependentOnOuterSum_updatesInnerSumForAllInstances" classname="org.javarosa.core.model.TriggerableDagTest" time="0">
    <skipped message="Fails on v2.17.0. Need to trigger all cascades that end inside repeat."/>
  </testcase>
  <testcase name="deleteSecondRepeatGroup_evaluatesTriggerables_dependentOnPrecedingRepeatGroupSiblings" classname="org.javarosa.core.model.TriggerableDagTest" time="0.018"/>
  <testcase name="addingOrRemovingRepeatInstance_withCalculatedCountOutsideRepeat_updatesReferenceToCountInside" classname="org.javarosa.core.model.TriggerableDagTest" time="0.022"/>
  <testcase name="deleteLastRepeat_evaluatesTriggerables_indirectlyDependentOnTheDeletedRepeat" classname="org.javarosa.core.model.TriggerableDagTest" time="0.005"/>
  <testcase name="supports_codependant_readonly_conditions" classname="org.javarosa.core.model.TriggerableDagTest" time="0">
    <skipped/>
  </testcase>
  <testcase name="parsing_forms_with_cycles_by_self_reference_in_required_condition_should_fail" classname="org.javarosa.core.model.TriggerableDagTest" time="0.01"/>
</testsuite>