<?xml version="1.0" encoding="UTF-8"?>
<testsuite xmlns:xsi="http://www.w3.org/2001/XMLSchema-instance" xsi:schemaLocation="https://maven.apache.org/surefire/maven-surefire-plugin/xsd/surefire-test-report.xsd" name="org.apache.commons.dbcp2.TestBasicDataSource" time="5.572" tests="56" errors="0" skipped="0" failures="0">
  <properties>
    <property name="java.runtime.name" value="OpenJDK Runtime Environment"/>
    <property name="sun.boot.library.path" value="/usr/local/openjdk-8/jre/lib/amd64"/>
    <property name="java.vm.version" value="25.262-b10"/>
    <property name="animal.sniffer.skip" value="true"/>
    <property name="java.vm.vendor" value="Oracle Corporation"/>
    <property name="maven.multiModuleProjectDirectory" value="/tmp/tmpxdbihj_h/commons-dbcp"/>
    <property name="maven.javadoc.skip" value="true"/>
    <property name="java.vendor.url" value="http://java.oracle.com/"/>
    <property name="path.separator" value=":"/>
    <property name="guice.disable.misplaced.annotation.check" value="true"/>
    <property name="java.vm.name" value="OpenJDK 64-Bit Server VM"/>
    <property name="file.encoding.pkg" value="sun.io"/>
    <property name="sun.java.launcher" value="SUN_STANDARD"/>
    <property name="sun.os.patch.level" value="unknown"/>
    <property name="source.skip" value="true"/>
    <property name="java.vm.specification.name" value="Java Virtual Machine Specification"/>
    <property name="user.dir" value="/tmp/tmpxdbihj_h/commons-dbcp"/>
    <property name="java.runtime.version" value="1.8.0_262-b10"/>
    <property name="java.awt.graphicsenv" value="sun.awt.X11GraphicsEnvironment"/>
    <property name="java.endorsed.dirs" value="/usr/local/openjdk-8/jre/lib/endorsed"/>
    <property name="os.arch" value="amd64"/>
    <property name="java.io.tmpdir" value="/tmp"/>
    <property name="line.separator" value="&#10;"/>
    <property name="java.vm.specification.vendor" value="Oracle Corporation"/>
    <property name="os.name" value="Linux"/>
    <property name="classworlds.conf" value="/usr/share/maven/bin/m2.conf"/>
    <property name="maven.test.error.ignore" value="true"/>
    <property name="sun.jnu.encoding" value="UTF-8"/>
    <property name="java.library.path" value="/usr/java/packages/lib/amd64:/usr/lib64:/lib64:/lib:/usr/lib"/>
    <property name="license.skip" value="true"/>
    <property name="maven.conf" value="/usr/share/maven/conf"/>
    <property name="java.specification.name" value="Java Platform API Specification"/>
    <property name="java.class.version" value="52.0"/>
    <property name="sun.management.compiler" value="HotSpot 64-Bit Tiered Compilers"/>
    <property name="maven.test.failure.ignore" value="true"/>
    <property name="os.version" value="4.15.0-109-generic"/>
    <property name="library.jansi.path" value="/usr/share/maven/lib/jansi-native"/>
    <property name="user.home" value="/home/jdbl"/>
    <property name="user.timezone" value="Etc/UTC"/>
    <property name="java.awt.printerjob" value="sun.print.PSPrinterJob"/>
    <property name="java.specification.version" value="1.8"/>
    <property name="file.encoding" value="UTF-8"/>
    <property name="user.name" value="jdbl"/>
    <property name="java.class.path" value="/usr/share/maven/boot/plexus-classworlds-2.6.0.jar"/>
    <property name="java.vm.specification.version" value="1.8"/>
    <property name="sun.arch.data.model" value="64"/>
    <property name="java.home" value="/usr/local/openjdk-8/jre"/>
    <property name="sun.java.command" value="org.codehaus.plexus.classworlds.launcher.Launcher package -e --fail-never -ntp -Dmaven.test.error.ignore=true -Dmaven.test.failure.ignore=true -B -Dmaven.javadoc.skip=true -Drat.skip=true -Danimal.sniffer.skip=true -Dmaven.javadoc.skip=true -Dlicense.skip=true -Dsource.skip=true"/>
    <property name="java.specification.vendor" value="Oracle Corporation"/>
    <property name="user.language" value="en"/>
    <property name="awt.toolkit" value="sun.awt.X11.XToolkit"/>
    <property name="java.vm.info" value="mixed mode"/>
    <property name="java.version" value="1.8.0_262"/>
    <property name="java.ext.dirs" value="/usr/local/openjdk-8/jre/lib/ext:/usr/java/packages/lib/ext"/>
    <property name="securerandom.source" value="file:/dev/./urandom"/>
    <property name="sun.boot.class.path" value="/usr/local/openjdk-8/jre/lib/resources.jar:/usr/local/openjdk-8/jre/lib/rt.jar:/usr/local/openjdk-8/jre/lib/sunrsasign.jar:/usr/local/openjdk-8/jre/lib/jsse.jar:/usr/local/openjdk-8/jre/lib/jce.jar:/usr/local/openjdk-8/jre/lib/charsets.jar:/usr/local/openjdk-8/jre/lib/jfr.jar:/usr/local/openjdk-8/jre/classes"/>
    <property name="java.vendor" value="Oracle Corporation"/>
    <property name="rat.skip" value="true"/>
    <property name="maven.home" value="/usr/share/maven"/>
    <property name="file.separator" value="/"/>
    <property name="java.vendor.url.bug" value="http://bugreport.sun.com/bugreport/"/>
    <property name="sun.cpu.endian" value="little"/>
    <property name="sun.io.unicode.encoding" value="UnicodeLittle"/>
    <property name="sun.cpu.isalist" value=""/>
  </properties>
  <testcase name="testEmptyValidationQuery" classname="org.apache.commons.dbcp2.TestBasicDataSource" time="0.001"/>
  <testcase name="testValidationQueryTimoutFail" classname="org.apache.commons.dbcp2.TestBasicDataSource" time="0.005"/>
  <testcase name="testConcurrentInvalidateBorrow" classname="org.apache.commons.dbcp2.TestBasicDataSource" time="0.04"/>
  <testcase name="testSetValidationTestProperties" classname="org.apache.commons.dbcp2.TestBasicDataSource" time="0"/>
  <testcase name="testRollbackReadOnly" classname="org.apache.commons.dbcp2.TestBasicDataSource" time="0.001"/>
  <testcase name="testClose" classname="org.apache.commons.dbcp2.TestBasicDataSource" time="0"/>
  <testcase name="testPropertyTestOnReturn" classname="org.apache.commons.dbcp2.TestBasicDataSource" time="0.001"/>
  <testcase name="testValidationQueryTimeoutSucceed" classname="org.apache.commons.dbcp2.TestBasicDataSource" time="0"/>
  <testcase name="testMaxTotalZero" classname="org.apache.commons.dbcp2.TestBasicDataSource" time="0.101"/>
  <testcase name="testPooling" classname="org.apache.commons.dbcp2.TestBasicDataSource" time="0.002"/>
  <testcase name="testMaxConnLifetimeExceeded" classname="org.apache.commons.dbcp2.TestBasicDataSource" time="0.507"/>
  <testcase name="testValidationQueryTimeoutNegative" classname="org.apache.commons.dbcp2.TestBasicDataSource" time="0.001"/>
  <testcase name="testPoolCloseRTE" classname="org.apache.commons.dbcp2.TestBasicDataSource" time="0.002"/>
  <testcase name="testInvalidConnectionInitSql" classname="org.apache.commons.dbcp2.TestBasicDataSource" time="0"/>
  <testcase name="testSetAutoCommitTrueOnClose" classname="org.apache.commons.dbcp2.TestBasicDataSource" time="0.002"/>
  <testcase name="testConcurrentInitBorrow" classname="org.apache.commons.dbcp2.TestBasicDataSource" time="0.456"/>
  <testcase name="testValidationQueryTimeoutZero" classname="org.apache.commons.dbcp2.TestBasicDataSource" time="0.001"/>
  <testcase name="testMaxConnLifetimeExceededMutedLog" classname="org.apache.commons.dbcp2.TestBasicDataSource" time="0.502"/>
  <testcase name="testEmptyInitConnectionSql" classname="org.apache.commons.dbcp2.TestBasicDataSource" time="0"/>
  <testcase name="testDriverClassLoader" classname="org.apache.commons.dbcp2.TestBasicDataSource" time="0.001"/>
  <testcase name="testJmxDisabled" classname="org.apache.commons.dbcp2.TestBasicDataSource" time="0.004"/>
  <testcase name="testInitialSize" classname="org.apache.commons.dbcp2.TestBasicDataSource" time="0.002"/>
  <testcase name="testInvalidValidationQuery" classname="org.apache.commons.dbcp2.TestBasicDataSource" time="0.001"/>
  <testcase name="testNoAccessToUnderlyingConnectionAllowed" classname="org.apache.commons.dbcp2.TestBasicDataSource" time="0.001"/>
  <testcase name="testPoolCloseCheckedException" classname="org.apache.commons.dbcp2.TestBasicDataSource" time="0.001"/>
  <testcase name="testCreateDataSourceCleanupEvictor" classname="org.apache.commons.dbcp2.TestBasicDataSource" time="1.002"/>
  <testcase name="testTransactionIsolationBehavior" classname="org.apache.commons.dbcp2.TestBasicDataSource" time="0.001"/>
  <testcase name="testCreateDataSourceCleanupThreads" classname="org.apache.commons.dbcp2.TestBasicDataSource" time="0"/>
  <testcase name="testDefaultCatalog" classname="org.apache.commons.dbcp2.TestBasicDataSource" time="0.001"/>
  <testcase name="testAccessToUnderlyingConnectionAllowed" classname="org.apache.commons.dbcp2.TestBasicDataSource" time="0.001"/>
  <testcase name="testInvalidateConnection" classname="org.apache.commons.dbcp2.TestBasicDataSource" time="0.001"/>
  <testcase name="testSetProperties" classname="org.apache.commons.dbcp2.TestBasicDataSource" time="0"/>
  <testcase name="testMutateAbandonedConfig" classname="org.apache.commons.dbcp2.TestBasicDataSource" time="0.003"/>
  <testcase name="testDisconnectSqlCodes" classname="org.apache.commons.dbcp2.TestBasicDataSource" time="0"/>
  <testcase name="testIsClosedFailure" classname="org.apache.commons.dbcp2.TestBasicDataSource" time="0.001"/>
  <testcase name="testThreaded" classname="org.apache.commons.dbcp2.TestBasicDataSource" time="2.805"/>
  <testcase name="testCanCloseStatementTwice" classname="org.apache.commons.dbcp2.TestBasicDataSource" time="0.001"/>
  <testcase name="testNoRsetClose" classname="org.apache.commons.dbcp2.TestBasicDataSource" time="0.001"/>
  <testcase name="testOpening" classname="org.apache.commons.dbcp2.TestBasicDataSource" time="0.001"/>
  <testcase name="testCanCloseConnectionTwice" classname="org.apache.commons.dbcp2.TestBasicDataSource" time="0.001"/>
  <testcase name="testIsClosed" classname="org.apache.commons.dbcp2.TestBasicDataSource" time="0"/>
  <testcase name="testCanCloseCallableStatementTwice" classname="org.apache.commons.dbcp2.TestBasicDataSource" time="0.001"/>
  <testcase name="testAutoCommitBehavior" classname="org.apache.commons.dbcp2.TestBasicDataSource" time="0"/>
  <testcase name="testHashing" classname="org.apache.commons.dbcp2.TestBasicDataSource" time="0"/>
  <testcase name="testCanClosePreparedStatementTwice" classname="org.apache.commons.dbcp2.TestBasicDataSource" time="0.001"/>
  <testcase name="testClosing" classname="org.apache.commons.dbcp2.TestBasicDataSource" time="0.001"/>
  <testcase name="testPrepareStatementOptions" classname="org.apache.commons.dbcp2.TestBasicDataSource" time="0"/>
  <testcase name="testBackPointers" classname="org.apache.commons.dbcp2.TestBasicDataSource" time="0.002"/>
  <testcase name="testHashCode" classname="org.apache.commons.dbcp2.TestBasicDataSource" time="0.001"/>
  <testcase name="testConnectionsAreDistinct" classname="org.apache.commons.dbcp2.TestBasicDataSource" time="0.001"/>
  <testcase name="testMaxTotal" classname="org.apache.commons.dbcp2.TestBasicDataSource" time="0.102"/>
  <testcase name="testRepeatedBorrowAndReturn" classname="org.apache.commons.dbcp2.TestBasicDataSource" time="0.001"/>
  <testcase name="testCanCloseResultSetTwice" classname="org.apache.commons.dbcp2.TestBasicDataSource" time="0"/>
  <testcase name="testClearWarnings" classname="org.apache.commons.dbcp2.TestBasicDataSource" time="0.001"/>
  <testcase name="testSimple2" classname="org.apache.commons.dbcp2.TestBasicDataSource" time="0"/>
  <testcase name="testSimple" classname="org.apache.commons.dbcp2.TestBasicDataSource" time="0.001"/>
</testsuite>