<?xml version="1.0" encoding="UTF-8"?>
<testsuite xmlns:xsi="http://www.w3.org/2001/XMLSchema-instance" xsi:schemaLocation="https://maven.apache.org/surefire/maven-surefire-plugin/xsd/surefire-test-report.xsd" name="org.apache.commons.configuration2.io.TestFileHandler" time="1.132" tests="85" errors="0" skipped="0" failures="0">
  <properties>
    <property name="java.runtime.name" value="OpenJDK Runtime Environment"/>
    <property name="sun.boot.library.path" value="/usr/local/openjdk-8/jre/lib/amd64"/>
    <property name="java.vm.version" value="25.262-b10"/>
    <property name="animal.sniffer.skip" value="true"/>
    <property name="java.vm.vendor" value="Oracle Corporation"/>
    <property name="maven.multiModuleProjectDirectory" value="/tmp/tmpi5kr6grf/commons-configuration"/>
    <property name="maven.javadoc.skip" value="true"/>
    <property name="java.vendor.url" value="http://java.oracle.com/"/>
    <property name="path.separator" value=":"/>
    <property name="guice.disable.misplaced.annotation.check" value="true"/>
    <property name="java.vm.name" value="OpenJDK 64-Bit Server VM"/>
    <property name="file.encoding.pkg" value="sun.io"/>
    <property name="sun.java.launcher" value="SUN_STANDARD"/>
    <property name="sun.os.patch.level" value="unknown"/>
    <property name="source.skip" value="true"/>
    <property name="java.vm.specification.name" value="Java Virtual Machine Specification"/>
    <property name="user.dir" value="/tmp/tmpi5kr6grf/commons-configuration"/>
    <property name="java.runtime.version" value="1.8.0_262-b10"/>
    <property name="java.awt.graphicsenv" value="sun.awt.X11GraphicsEnvironment"/>
    <property name="java.endorsed.dirs" value="/usr/local/openjdk-8/jre/lib/endorsed"/>
    <property name="os.arch" value="amd64"/>
    <property name="java.io.tmpdir" value="/tmp"/>
    <property name="line.separator" value="&#10;"/>
    <property name="java.vm.specification.vendor" value="Oracle Corporation"/>
    <property name="os.name" value="Linux"/>
    <property name="classworlds.conf" value="/usr/share/maven/bin/m2.conf"/>
    <property name="maven.test.error.ignore" value="true"/>
    <property name="sun.jnu.encoding" value="UTF-8"/>
    <property name="java.library.path" value="/usr/java/packages/lib/amd64:/usr/lib64:/lib64:/lib:/usr/lib"/>
    <property name="license.skip" value="true"/>
    <property name="maven.conf" value="/usr/share/maven/conf"/>
    <property name="java.specification.name" value="Java Platform API Specification"/>
    <property name="java.class.version" value="52.0"/>
    <property name="sun.management.compiler" value="HotSpot 64-Bit Tiered Compilers"/>
    <property name="maven.test.failure.ignore" value="true"/>
    <property name="os.version" value="4.15.0-109-generic"/>
    <property name="library.jansi.path" value="/usr/share/maven/lib/jansi-native"/>
    <property name="user.home" value="/home/jdbl"/>
    <property name="user.timezone" value="Etc/UTC"/>
    <property name="java.awt.printerjob" value="sun.print.PSPrinterJob"/>
    <property name="java.specification.version" value="1.8"/>
    <property name="file.encoding" value="UTF-8"/>
    <property name="user.name" value="jdbl"/>
    <property name="java.class.path" value="/usr/share/maven/boot/plexus-classworlds-2.6.0.jar"/>
    <property name="java.vm.specification.version" value="1.8"/>
    <property name="sun.arch.data.model" value="64"/>
    <property name="java.home" value="/usr/local/openjdk-8/jre"/>
    <property name="sun.java.command" value="org.codehaus.plexus.classworlds.launcher.Launcher package -e --fail-never -ntp -Dmaven.test.error.ignore=true -Dmaven.test.failure.ignore=true -B -Dmaven.javadoc.skip=true -Drat.skip=true -Danimal.sniffer.skip=true -Dmaven.javadoc.skip=true -Dlicense.skip=true -Dsource.skip=true"/>
    <property name="java.specification.vendor" value="Oracle Corporation"/>
    <property name="user.language" value="en"/>
    <property name="awt.toolkit" value="sun.awt.X11.XToolkit"/>
    <property name="java.vm.info" value="mixed mode"/>
    <property name="java.version" value="1.8.0_262"/>
    <property name="java.ext.dirs" value="/usr/local/openjdk-8/jre/lib/ext:/usr/java/packages/lib/ext"/>
    <property name="securerandom.source" value="file:/dev/./urandom"/>
    <property name="sun.boot.class.path" value="/usr/local/openjdk-8/jre/lib/resources.jar:/usr/local/openjdk-8/jre/lib/rt.jar:/usr/local/openjdk-8/jre/lib/sunrsasign.jar:/usr/local/openjdk-8/jre/lib/jsse.jar:/usr/local/openjdk-8/jre/lib/jce.jar:/usr/local/openjdk-8/jre/lib/charsets.jar:/usr/local/openjdk-8/jre/lib/jfr.jar:/usr/local/openjdk-8/jre/classes"/>
    <property name="java.vendor" value="Oracle Corporation"/>
    <property name="rat.skip" value="true"/>
    <property name="maven.home" value="/usr/share/maven"/>
    <property name="file.separator" value="/"/>
    <property name="java.vendor.url.bug" value="http://bugreport.sun.com/bugreport/"/>
    <property name="sun.cpu.endian" value="little"/>
    <property name="sun.io.unicode.encoding" value="UnicodeLittle"/>
    <property name="sun.cpu.isalist" value=""/>
  </properties>
  <testcase name="testLocateUnknownFile" classname="org.apache.commons.configuration2.io.TestFileHandler" time="0.001"/>
  <testcase name="testLoadFromFileNoContent" classname="org.apache.commons.configuration2.io.TestFileHandler" time="0.125"/>
  <testcase name="testSettingFileNames" classname="org.apache.commons.configuration2.io.TestFileHandler" time="0"/>
  <testcase name="testSaveToFileNameURLException" classname="org.apache.commons.configuration2.io.TestFileHandler" time="0.001"/>
  <testcase name="testLocationChangedEncoding" classname="org.apache.commons.configuration2.io.TestFileHandler" time="0"/>
  <testcase name="testSaveFileLocatorAwareToStream" classname="org.apache.commons.configuration2.io.TestFileHandler" time="0"/>
  <testcase name="testAssignNullHandler" classname="org.apache.commons.configuration2.io.TestFileHandler" time="0.001"/>
  <testcase name="testSaveFileLocatorAwareToWriter" classname="org.apache.commons.configuration2.io.TestFileHandler" time="0"/>
  <testcase name="testLoadFromURL" classname="org.apache.commons.configuration2.io.TestFileHandler" time="0.036"/>
  <testcase name="testSetFileSystemNull" classname="org.apache.commons.configuration2.io.TestFileHandler" time="0"/>
  <testcase name="testResetFileSystem" classname="org.apache.commons.configuration2.io.TestFileHandler" time="0.001"/>
  <testcase name="testSetURLFileScheme" classname="org.apache.commons.configuration2.io.TestFileHandler" time="0"/>
  <testcase name="testLocateSuccess" classname="org.apache.commons.configuration2.io.TestFileHandler" time="0.002"/>
  <testcase name="testLoadNoLocation" classname="org.apache.commons.configuration2.io.TestFileHandler" time="0.001"/>
  <testcase name="testGetFileSystemDefault" classname="org.apache.commons.configuration2.io.TestFileHandler" time="0"/>
  <testcase name="testSetFileLocator" classname="org.apache.commons.configuration2.io.TestFileHandler" time="0"/>
  <testcase name="testLoadEvents" classname="org.apache.commons.configuration2.io.TestFileHandler" time="0.036"/>
  <testcase name="testSetURLWithParams" classname="org.apache.commons.configuration2.io.TestFileHandler" time="0.002"/>
  <testcase name="testClearLocation" classname="org.apache.commons.configuration2.io.TestFileHandler" time="0.051"/>
  <testcase name="testLoadFileLocatorAware" classname="org.apache.commons.configuration2.io.TestFileHandler" time="0.052"/>
  <testcase name="testLocationChangedFileSystem" classname="org.apache.commons.configuration2.io.TestFileHandler" time="0"/>
  <testcase name="testPathWithPlus" classname="org.apache.commons.configuration2.io.TestFileHandler" time="0.097"/>
  <testcase name="testLocationChangedBasePath" classname="org.apache.commons.configuration2.io.TestFileHandler" time="0"/>
  <testcase name="testLoadInputStreamSupportIOException" classname="org.apache.commons.configuration2.io.TestFileHandler" time="0.003"/>
  <testcase name="testSetFileNameFileScheme" classname="org.apache.commons.configuration2.io.TestFileHandler" time="0"/>
  <testcase name="testSaveToStream" classname="org.apache.commons.configuration2.io.TestFileHandler" time="0.047"/>
  <testcase name="testSaveToWriter" classname="org.apache.commons.configuration2.io.TestFileHandler" time="0"/>
  <testcase name="testPathWithSpaces" classname="org.apache.commons.configuration2.io.TestFileHandler" time="0.002"/>
  <testcase name="testAssignWithFileBased" classname="org.apache.commons.configuration2.io.TestFileHandler" time="0"/>
  <testcase name="testSaveToWriterNoContent" classname="org.apache.commons.configuration2.io.TestFileHandler" time="0.001"/>
  <testcase name="testLoadDirectoryFile" classname="org.apache.commons.configuration2.io.TestFileHandler" time="0"/>
  <testcase name="testSetBasePath" classname="org.apache.commons.configuration2.io.TestFileHandler" time="0.001"/>
  <testcase name="testLoadFromFilePath" classname="org.apache.commons.configuration2.io.TestFileHandler" time="0.031"/>
  <testcase name="testLoadFileLocatorAwareReader" classname="org.apache.commons.configuration2.io.TestFileHandler" time="0"/>
  <testcase name="testLoadFileLocatorAwareStream" classname="org.apache.commons.configuration2.io.TestFileHandler" time="0.001"/>
  <testcase name="testIsLocationDefinedFalse" classname="org.apache.commons.configuration2.io.TestFileHandler" time="0"/>
  <testcase name="testLocationChangedFileName" classname="org.apache.commons.configuration2.io.TestFileHandler" time="0"/>
  <testcase name="testSaveEvents" classname="org.apache.commons.configuration2.io.TestFileHandler" time="0.048"/>
  <testcase name="testLoadInputStreamSupport" classname="org.apache.commons.configuration2.io.TestFileHandler" time="0.001"/>
  <testcase name="testSaveNoLocation" classname="org.apache.commons.configuration2.io.TestFileHandler" time="0.001"/>
  <testcase name="testInitFromMap" classname="org.apache.commons.configuration2.io.TestFileHandler" time="0"/>
  <testcase name="testLocationChangedLocator" classname="org.apache.commons.configuration2.io.TestFileHandler" time="0"/>
  <testcase name="testSaveSynchronized" classname="org.apache.commons.configuration2.io.TestFileHandler" time="0.053"/>
  <testcase name="testLoadNoContent" classname="org.apache.commons.configuration2.io.TestFileHandler" time="0.001"/>
  <testcase name="testSaveToFile" classname="org.apache.commons.configuration2.io.TestFileHandler" time="0.033"/>
  <testcase name="testLocateUndefinedLocator" classname="org.apache.commons.configuration2.io.TestFileHandler" time="0.001"/>
  <testcase name="testSetBasePathFileScheme" classname="org.apache.commons.configuration2.io.TestFileHandler" time="0"/>
  <testcase name="testLocatorAwareEncoding" classname="org.apache.commons.configuration2.io.TestFileHandler" time="0"/>
  <testcase name="testSaveToFileName" classname="org.apache.commons.configuration2.io.TestFileHandler" time="0.097"/>
  <testcase name="testSetFileName" classname="org.apache.commons.configuration2.io.TestFileHandler" time="0"/>
  <testcase name="testGetBasePathUndefined" classname="org.apache.commons.configuration2.io.TestFileHandler" time="0.001"/>
  <testcase name="testSaveToURL" classname="org.apache.commons.configuration2.io.TestFileHandler" time="0.033"/>
  <testcase name="testIsLocationDefinedFileName" classname="org.apache.commons.configuration2.io.TestFileHandler" time="0.085"/>
  <testcase name="testGetFileNameUndefined" classname="org.apache.commons.configuration2.io.TestFileHandler" time="0.001"/>
  <testcase name="testLocationChangedURL" classname="org.apache.commons.configuration2.io.TestFileHandler" time="0.001"/>
  <testcase name="testSaveToFileNameLocation" classname="org.apache.commons.configuration2.io.TestFileHandler" time="0.067"/>
  <testcase name="testLoadFromReaderIOException" classname="org.apache.commons.configuration2.io.TestFileHandler" time="0.001"/>
  <testcase name="testLoadFromFilePathWithURLDefined" classname="org.apache.commons.configuration2.io.TestFileHandler" time="0.053"/>
  <testcase name="testLoadFromFile" classname="org.apache.commons.configuration2.io.TestFileHandler" time="0.026"/>
  <testcase name="testSaveFileLocatorAware" classname="org.apache.commons.configuration2.io.TestFileHandler" time="0.035"/>
  <testcase name="testLoadFromClassPath" classname="org.apache.commons.configuration2.io.TestFileHandler" time="0.004"/>
  <testcase name="testSetURLNull" classname="org.apache.commons.configuration2.io.TestFileHandler" time="0"/>
  <testcase name="testGetLocationStrategyDefault" classname="org.apache.commons.configuration2.io.TestFileHandler" time="0"/>
  <testcase name="testLoadFromURLLocation" classname="org.apache.commons.configuration2.io.TestFileHandler" time="0"/>
  <testcase name="testIsLocationDefinedBasePathOnly" classname="org.apache.commons.configuration2.io.TestFileHandler" time="0.002"/>
  <testcase name="testIsLocationDefinedFile" classname="org.apache.commons.configuration2.io.TestFileHandler" time="0.025"/>
  <testcase name="testIsLocationDefinedPath" classname="org.apache.commons.configuration2.io.TestFileHandler" time="0.001"/>
  <testcase name="testLoadSynchronized" classname="org.apache.commons.configuration2.io.TestFileHandler" time="0.001"/>
  <testcase name="testLocationChangedFile" classname="org.apache.commons.configuration2.io.TestFileHandler" time="0.001"/>
  <testcase name="testLocationChangedPath" classname="org.apache.commons.configuration2.io.TestFileHandler" time="0"/>
  <testcase name="testSetLocationStrategy" classname="org.apache.commons.configuration2.io.TestFileHandler" time="0"/>
  <testcase name="testSetFileLocatorNull" classname="org.apache.commons.configuration2.io.TestFileHandler" time="0"/>
  <testcase name="testIsLocationDefinedURL" classname="org.apache.commons.configuration2.io.TestFileHandler" time="0.006"/>
  <testcase name="testSetFile" classname="org.apache.commons.configuration2.io.TestFileHandler" time="0"/>
  <testcase name="testSetPath" classname="org.apache.commons.configuration2.io.TestFileHandler" time="0.001"/>
  <testcase name="testSetURL" classname="org.apache.commons.configuration2.io.TestFileHandler" time="0"/>
  <testcase name="testLoadDirectoryString" classname="org.apache.commons.configuration2.io.TestFileHandler" time="0"/>
  <testcase name="testLoadFromReader" classname="org.apache.commons.configuration2.io.TestFileHandler" time="0.003"/>
  <testcase name="testInitPropertiesMultiThreaded" classname="org.apache.commons.configuration2.io.TestFileHandler" time="0.024"/>
  <testcase name="testSaveToWriterIOException" classname="org.apache.commons.configuration2.io.TestFileHandler" time="0.001"/>
  <testcase name="testLoadFromStream" classname="org.apache.commons.configuration2.io.TestFileHandler" time="0.012"/>
  <testcase name="testSaveToURLLocation" classname="org.apache.commons.configuration2.io.TestFileHandler" time="0.011"/>
  <testcase name="testAddFileHandlerListenerNull" classname="org.apache.commons.configuration2.io.TestFileHandler" time="0"/>
  <testcase name="testLoadFromFileNameLocation" classname="org.apache.commons.configuration2.io.TestFileHandler" time="0.008"/>
  <testcase name="testSaveToFileNameURLNotResolved" classname="org.apache.commons.configuration2.io.TestFileHandler" time="0"/>
</testsuite>