<?xml version="1.0" encoding="UTF-8"?>
<testsuite xmlns:xsi="http://www.w3.org/2001/XMLSchema-instance" xsi:schemaLocation="https://maven.apache.org/surefire/maven-surefire-plugin/xsd/surefire-test-report.xsd" name="org.apache.commons.configuration2.TestCombinedConfiguration" time="0.289" tests="58" errors="0" skipped="0" failures="0">
  <properties>
    <property name="java.runtime.name" value="OpenJDK Runtime Environment"/>
    <property name="sun.boot.library.path" value="/usr/local/openjdk-8/jre/lib/amd64"/>
    <property name="java.vm.version" value="25.262-b10"/>
    <property name="animal.sniffer.skip" value="true"/>
    <property name="java.vm.vendor" value="Oracle Corporation"/>
    <property name="maven.multiModuleProjectDirectory" value="/tmp/tmpi5kr6grf/commons-configuration"/>
    <property name="maven.javadoc.skip" value="true"/>
    <property name="java.vendor.url" value="http://java.oracle.com/"/>
    <property name="path.separator" value=":"/>
    <property name="guice.disable.misplaced.annotation.check" value="true"/>
    <property name="java.vm.name" value="OpenJDK 64-Bit Server VM"/>
    <property name="file.encoding.pkg" value="sun.io"/>
    <property name="sun.java.launcher" value="SUN_STANDARD"/>
    <property name="sun.os.patch.level" value="unknown"/>
    <property name="source.skip" value="true"/>
    <property name="java.vm.specification.name" value="Java Virtual Machine Specification"/>
    <property name="user.dir" value="/tmp/tmpi5kr6grf/commons-configuration"/>
    <property name="java.runtime.version" value="1.8.0_262-b10"/>
    <property name="java.awt.graphicsenv" value="sun.awt.X11GraphicsEnvironment"/>
    <property name="java.endorsed.dirs" value="/usr/local/openjdk-8/jre/lib/endorsed"/>
    <property name="os.arch" value="amd64"/>
    <property name="java.io.tmpdir" value="/tmp"/>
    <property name="line.separator" value="&#10;"/>
    <property name="java.vm.specification.vendor" value="Oracle Corporation"/>
    <property name="os.name" value="Linux"/>
    <property name="classworlds.conf" value="/usr/share/maven/bin/m2.conf"/>
    <property name="maven.test.error.ignore" value="true"/>
    <property name="sun.jnu.encoding" value="UTF-8"/>
    <property name="java.library.path" value="/usr/java/packages/lib/amd64:/usr/lib64:/lib64:/lib:/usr/lib"/>
    <property name="license.skip" value="true"/>
    <property name="maven.conf" value="/usr/share/maven/conf"/>
    <property name="java.specification.name" value="Java Platform API Specification"/>
    <property name="java.class.version" value="52.0"/>
    <property name="sun.management.compiler" value="HotSpot 64-Bit Tiered Compilers"/>
    <property name="maven.test.failure.ignore" value="true"/>
    <property name="os.version" value="4.15.0-109-generic"/>
    <property name="library.jansi.path" value="/usr/share/maven/lib/jansi-native"/>
    <property name="user.home" value="/home/jdbl"/>
    <property name="user.timezone" value="Etc/UTC"/>
    <property name="java.awt.printerjob" value="sun.print.PSPrinterJob"/>
    <property name="java.specification.version" value="1.8"/>
    <property name="file.encoding" value="UTF-8"/>
    <property name="user.name" value="jdbl"/>
    <property name="java.class.path" value="/usr/share/maven/boot/plexus-classworlds-2.6.0.jar"/>
    <property name="java.vm.specification.version" value="1.8"/>
    <property name="sun.arch.data.model" value="64"/>
    <property name="java.home" value="/usr/local/openjdk-8/jre"/>
    <property name="sun.java.command" value="org.codehaus.plexus.classworlds.launcher.Launcher package -e --fail-never -ntp -Dmaven.test.error.ignore=true -Dmaven.test.failure.ignore=true -B -Dmaven.javadoc.skip=true -Drat.skip=true -Danimal.sniffer.skip=true -Dmaven.javadoc.skip=true -Dlicense.skip=true -Dsource.skip=true"/>
    <property name="java.specification.vendor" value="Oracle Corporation"/>
    <property name="user.language" value="en"/>
    <property name="awt.toolkit" value="sun.awt.X11.XToolkit"/>
    <property name="java.vm.info" value="mixed mode"/>
    <property name="java.version" value="1.8.0_262"/>
    <property name="java.ext.dirs" value="/usr/local/openjdk-8/jre/lib/ext:/usr/java/packages/lib/ext"/>
    <property name="securerandom.source" value="file:/dev/./urandom"/>
    <property name="sun.boot.class.path" value="/usr/local/openjdk-8/jre/lib/resources.jar:/usr/local/openjdk-8/jre/lib/rt.jar:/usr/local/openjdk-8/jre/lib/sunrsasign.jar:/usr/local/openjdk-8/jre/lib/jsse.jar:/usr/local/openjdk-8/jre/lib/jce.jar:/usr/local/openjdk-8/jre/lib/charsets.jar:/usr/local/openjdk-8/jre/lib/jfr.jar:/usr/local/openjdk-8/jre/classes"/>
    <property name="java.vendor" value="Oracle Corporation"/>
    <property name="rat.skip" value="true"/>
    <property name="maven.home" value="/usr/share/maven"/>
    <property name="file.separator" value="/"/>
    <property name="java.vendor.url.bug" value="http://bugreport.sun.com/bugreport/"/>
    <property name="sun.cpu.endian" value="little"/>
    <property name="sun.io.unicode.encoding" value="UnicodeLittle"/>
    <property name="sun.cpu.isalist" value=""/>
  </properties>
  <testcase name="testAccessPropertyEmpty" classname="org.apache.commons.configuration2.TestCombinedConfiguration" time="0"/>
  <testcase name="testAccessPropertyMulti" classname="org.apache.commons.configuration2.TestCombinedConfiguration" time="0.001"/>
  <testcase name="testGetSourceMulti" classname="org.apache.commons.configuration2.TestCombinedConfiguration" time="0.001"/>
  <testcase name="testGetConfigurationNameListSynchronized" classname="org.apache.commons.configuration2.TestCombinedConfiguration" time="0"/>
  <testcase name="testGetSourcesUnknownKey" classname="org.apache.commons.configuration2.TestCombinedConfiguration" time="0.001"/>
  <testcase name="testGetSourceWithCombinedChildConfiguration" classname="org.apache.commons.configuration2.TestCombinedConfiguration" time="0"/>
  <testcase name="testInvalidateSynchronized" classname="org.apache.commons.configuration2.TestCombinedConfiguration" time="0"/>
  <testcase name="testEscapeListDelimiters" classname="org.apache.commons.configuration2.TestCombinedConfiguration" time="0"/>
  <testcase name="testSetNodeCombinerSynchronized" classname="org.apache.commons.configuration2.TestCombinedConfiguration" time="0"/>
  <testcase name="testGetConfigurationsSynchronized" classname="org.apache.commons.configuration2.TestCombinedConfiguration" time="0.001"/>
  <testcase name="testGetSourceSynchronized" classname="org.apache.commons.configuration2.TestCombinedConfiguration" time="0"/>
  <testcase name="testCloneSynchronized" classname="org.apache.commons.configuration2.TestCombinedConfiguration" time="0"/>
  <testcase name="testConversionExpressionEngine" classname="org.apache.commons.configuration2.TestCombinedConfiguration" time="0"/>
  <testcase name="testRemoveNonContainedConfiguration" classname="org.apache.commons.configuration2.TestCombinedConfiguration" time="0.001"/>
  <testcase name="testClear" classname="org.apache.commons.configuration2.TestCombinedConfiguration" time="0"/>
  <testcase name="testClone" classname="org.apache.commons.configuration2.TestCombinedConfiguration" time="0.001"/>
  <testcase name="testInit" classname="org.apache.commons.configuration2.TestCombinedConfiguration" time="0"/>
  <testcase name="testClearRemoveChildListener" classname="org.apache.commons.configuration2.TestCombinedConfiguration" time="0.001"/>
  <testcase name="testGetConversionExpressionEngineSynchronized" classname="org.apache.commons.configuration2.TestCombinedConfiguration" time="0"/>
  <testcase name="testCloneModify" classname="org.apache.commons.configuration2.TestCombinedConfiguration" time="0"/>
  <testcase name="testConfigurationsAt" classname="org.apache.commons.configuration2.TestCombinedConfiguration" time="0.001"/>
  <testcase name="testGetSourceNonHierarchical" classname="org.apache.commons.configuration2.TestCombinedConfiguration" time="0"/>
  <testcase name="testGetConfigurationNamesSynchronized" classname="org.apache.commons.configuration2.TestCombinedConfiguration" time="0"/>
  <testcase name="testRemoveNamedConfiguration" classname="org.apache.commons.configuration2.TestCombinedConfiguration" time="0"/>
  <testcase name="testAddConfigurationAt" classname="org.apache.commons.configuration2.TestCombinedConfiguration" time="0"/>
  <testcase name="testGetConfigurationByNameSynchronized" classname="org.apache.commons.configuration2.TestCombinedConfiguration" time="0.001"/>
  <testcase name="testGetNodeCombinerSynchronized" classname="org.apache.commons.configuration2.TestCombinedConfiguration" time="0"/>
  <testcase name="testGetSourceCombined" classname="org.apache.commons.configuration2.TestCombinedConfiguration" time="0"/>
  <testcase name="testLockHandlingWithExceptionWhenConstructingRootNode" classname="org.apache.commons.configuration2.TestCombinedConfiguration" time="0"/>
  <testcase name="testSubConfigurationWithUpdates" classname="org.apache.commons.configuration2.TestCombinedConfiguration" time="0.001"/>
  <testcase name="testAddConfigurationWithNameTwice" classname="org.apache.commons.configuration2.TestCombinedConfiguration" time="0"/>
  <testcase name="testAddNullConfiguration" classname="org.apache.commons.configuration2.TestCombinedConfiguration" time="0"/>
  <testcase name="testRemoveConfiguration" classname="org.apache.commons.configuration2.TestCombinedConfiguration" time="0"/>
  <testcase name="testGetSourceMultiSources" classname="org.apache.commons.configuration2.TestCombinedConfiguration" time="0.001"/>
  <testcase name="testGetNumberOfConfigurationsSynchronized" classname="org.apache.commons.configuration2.TestCombinedConfiguration" time="0"/>
  <testcase name="testAddConfigurationComplexAt" classname="org.apache.commons.configuration2.TestCombinedConfiguration" time="0"/>
  <testcase name="testRemoveConfigurationByName" classname="org.apache.commons.configuration2.TestCombinedConfiguration" time="0.001"/>
  <testcase name="testGetSourceNull" classname="org.apache.commons.configuration2.TestCombinedConfiguration" time="0"/>
  <testcase name="testInvalidateEventBeforeAndAfterChange" classname="org.apache.commons.configuration2.TestCombinedConfiguration" time="0"/>
  <testcase name="testGetSourceHierarchical" classname="org.apache.commons.configuration2.TestCombinedConfiguration" time="0"/>
  <testcase name="testAddConfiguration" classname="org.apache.commons.configuration2.TestCombinedConfiguration" time="0.001"/>
  <testcase name="testSetNodeCombiner" classname="org.apache.commons.configuration2.TestCombinedConfiguration" time="0"/>
  <testcase name="testRemoveConfigurationByUnknownName" classname="org.apache.commons.configuration2.TestCombinedConfiguration" time="0"/>
  <testcase name="testAddConfigurationSynchronized" classname="org.apache.commons.configuration2.TestCombinedConfiguration" time="0"/>
  <testcase name="testRemoveConfigurationAt" classname="org.apache.commons.configuration2.TestCombinedConfiguration" time="0"/>
  <testcase name="testAddConfigurationWithName" classname="org.apache.commons.configuration2.TestCombinedConfiguration" time="0"/>
  <testcase name="testRemoveNamedConfigurationAt" classname="org.apache.commons.configuration2.TestCombinedConfiguration" time="0"/>
  <testcase name="testCombinedCopyToXML" classname="org.apache.commons.configuration2.TestCombinedConfiguration" time="0"/>
  <testcase name="testGetConfigurations" classname="org.apache.commons.configuration2.TestCombinedConfiguration" time="0"/>
  <testcase name="testSetConversionExpressionEngineSynchronized" classname="org.apache.commons.configuration2.TestCombinedConfiguration" time="0"/>
  <testcase name="testConcurrentAccess" classname="org.apache.commons.configuration2.TestCombinedConfiguration" time="0.249"/>
  <testcase name="testGetSourcesMultiSources" classname="org.apache.commons.configuration2.TestCombinedConfiguration" time="0"/>
  <testcase name="testConfigurationsAtWithUpdates" classname="org.apache.commons.configuration2.TestCombinedConfiguration" time="0.001"/>
  <testcase name="testGetConfigurationByIdxSynchronized" classname="org.apache.commons.configuration2.TestCombinedConfiguration" time="0"/>
  <testcase name="testGetSourceUnknown" classname="org.apache.commons.configuration2.TestCombinedConfiguration" time="0"/>
  <testcase name="testUpdateContainedConfiguration" classname="org.apache.commons.configuration2.TestCombinedConfiguration" time="0"/>
  <testcase name="testSetNullNodeCombiner" classname="org.apache.commons.configuration2.TestCombinedConfiguration" time="0.001"/>
  <testcase name="testGetConfigurationNameList" classname="org.apache.commons.configuration2.TestCombinedConfiguration" time="0"/>
</testsuite>