<?xml version="1.0" encoding="UTF-8"?>
<testsuite xmlns:xsi="http://www.w3.org/2001/XMLSchema-instance" xsi:schemaLocation="https://maven.apache.org/surefire/maven-surefire-plugin/xsd/surefire-test-report.xsd" name="com.bargenson.urlshortener.generator.Base62TimestampUrlIdentifierGeneratorTest" time="0.262" tests="1" errors="0" skipped="0" failures="1">
  <properties>
    <property name="java.runtime.name" value="OpenJDK Runtime Environment"/>
    <property name="sun.boot.library.path" value="/usr/local/openjdk-8/jre/lib/amd64"/>
    <property name="java.vm.version" value="25.262-b10"/>
    <property name="animal.sniffer.skip" value="true"/>
    <property name="java.vm.vendor" value="Oracle Corporation"/>
    <property name="maven.multiModuleProjectDirectory" value="/tmp/tmp68fciij5/url-shortener"/>
    <property name="maven.javadoc.skip" value="true"/>
    <property name="java.vendor.url" value="http://java.oracle.com/"/>
    <property name="path.separator" value=":"/>
    <property name="guice.disable.misplaced.annotation.check" value="true"/>
    <property name="java.vm.name" value="OpenJDK 64-Bit Server VM"/>
    <property name="file.encoding.pkg" value="sun.io"/>
    <property name="sun.java.launcher" value="SUN_STANDARD"/>
    <property name="sun.os.patch.level" value="unknown"/>
    <property name="source.skip" value="true"/>
    <property name="java.vm.specification.name" value="Java Virtual Machine Specification"/>
    <property name="user.dir" value="/tmp/tmp68fciij5/url-shortener"/>
    <property name="java.runtime.version" value="1.8.0_262-b10"/>
    <property name="java.awt.graphicsenv" value="sun.awt.X11GraphicsEnvironment"/>
    <property name="java.endorsed.dirs" value="/usr/local/openjdk-8/jre/lib/endorsed"/>
    <property name="os.arch" value="amd64"/>
    <property name="java.io.tmpdir" value="/tmp"/>
    <property name="line.separator" value="&#10;"/>
    <property name="java.vm.specification.vendor" value="Oracle Corporation"/>
    <property name="os.name" value="Linux"/>
    <property name="classworlds.conf" value="/usr/share/maven/bin/m2.conf"/>
    <property name="sun.jnu.encoding" value="UTF-8"/>
    <property name="java.library.path" value="/usr/java/packages/lib/amd64:/usr/lib64:/lib64:/lib:/usr/lib"/>
    <property name="license.skip" value="true"/>
    <property name="maven.conf" value="/usr/share/maven/conf"/>
    <property name="java.specification.name" value="Java Platform API Specification"/>
    <property name="java.class.version" value="52.0"/>
    <property name="sun.management.compiler" value="HotSpot 64-Bit Tiered Compilers"/>
    <property name="maven.test.failure.ignore" value="true"/>
    <property name="os.version" value="4.15.0-109-generic"/>
    <property name="library.jansi.path" value="/usr/share/maven/lib/jansi-native"/>
    <property name="user.home" value="/home/jdbl"/>
    <property name="user.timezone" value="Etc/UTC"/>
    <property name="java.awt.printerjob" value="sun.print.PSPrinterJob"/>
    <property name="java.specification.version" value="1.8"/>
    <property name="file.encoding" value="UTF-8"/>
    <property name="user.name" value="jdbl"/>
    <property name="java.class.path" value="/usr/share/maven/boot/plexus-classworlds-2.6.0.jar"/>
    <property name="java.vm.specification.version" value="1.8"/>
    <property name="sun.arch.data.model" value="64"/>
    <property name="java.home" value="/usr/local/openjdk-8/jre"/>
    <property name="sun.java.command" value="org.codehaus.plexus.classworlds.launcher.Launcher test -e --fail-never -ntp -Dmaven.test.failure.ignore=true -B -Dmaven.javadoc.skip=true -Drat.skip=true -Danimal.sniffer.skip=true -Dmaven.javadoc.skip=true -Dlicense.skip=true -Dsource.skip=true"/>
    <property name="java.specification.vendor" value="Oracle Corporation"/>
    <property name="user.language" value="en"/>
    <property name="awt.toolkit" value="sun.awt.X11.XToolkit"/>
    <property name="java.vm.info" value="mixed mode"/>
    <property name="java.version" value="1.8.0_262"/>
    <property name="java.ext.dirs" value="/usr/local/openjdk-8/jre/lib/ext:/usr/java/packages/lib/ext"/>
    <property name="securerandom.source" value="file:/dev/./urandom"/>
    <property name="sun.boot.class.path" value="/usr/local/openjdk-8/jre/lib/resources.jar:/usr/local/openjdk-8/jre/lib/rt.jar:/usr/local/openjdk-8/jre/lib/sunrsasign.jar:/usr/local/openjdk-8/jre/lib/jsse.jar:/usr/local/openjdk-8/jre/lib/jce.jar:/usr/local/openjdk-8/jre/lib/charsets.jar:/usr/local/openjdk-8/jre/lib/jfr.jar:/usr/local/openjdk-8/jre/classes"/>
    <property name="java.vendor" value="Oracle Corporation"/>
    <property name="rat.skip" value="true"/>
    <property name="maven.home" value="/usr/share/maven"/>
    <property name="file.separator" value="/"/>
    <property name="java.vendor.url.bug" value="http://bugreport.sun.com/bugreport/"/>
    <property name="sun.cpu.endian" value="little"/>
    <property name="sun.io.unicode.encoding" value="UnicodeLittle"/>
    <property name="sun.cpu.isalist" value=""/>
  </properties>
  <testcase name="should_generateShorterThan10AlphanumericCharactersUniqueIds" classname="com.bargenson.urlshortener.generator.Base62TimestampUrlIdentifierGeneratorTest" time="0.217">
    <failure message="&#10;Expected size:&lt;10000&gt; but was:&lt;9993&gt; in:&#10;&lt;[&quot;wERzhI5F0&quot;, &quot;AMqzzN7b4&quot;, &quot;fZfkknokT&quot;, &quot;fZfkknok9&quot;, &quot;fZfkknok8&quot;, &quot;AMqzzN7bP&quot;, &quot;wERzhI5FR&quot;, &quot;AMqzzN7bY&quot;, &quot;AMqzzN7bX&quot;, &quot;wERzhI5FP&quot;, &quot;AMqzzN7bZ&quot;, &quot;AMqzzN7bU&quot;, &quot;wERzhI5FV&quot;, &quot;wERzhI5FT&quot;, &quot;AMqzzN7bV&quot;, &quot;wERzhI5FU&quot;, &quot;wERzhI5FL&quot;, &quot;wHHCJtZuC&quot;, &quot;SMoqv5VdC&quot;, &quot;wHHCJtZuD&quot;, &quot;SMoqv5VdA&quot;, &quot;wHHCJtZuB&quot;, &quot;SMoqv5VdB&quot;, &quot;fZfkknokZ&quot;, &quot;FQSoCXAa&quot;, &quot;AmR4xZ0P9&quot;, &quot;wHHCJtZuE&quot;, &quot;FQSoCXAc&quot;, &quot;AmR4xZ0P7&quot;, &quot;wERzhI5FZ&quot;, &quot;AmR4xZ0P6&quot;, &quot;wERzhI5FX&quot;, &quot;wERzhI5FY&quot;, &quot;AmR4xZ0P1&quot;, &quot;gghE0UNeL&quot;, &quot;gghE0UNeU&quot;, &quot;gghE0UNeW&quot;, &quot;gghE0UNeX&quot;, &quot;gghE0UNeR&quot;, &quot;gghE0UNeT&quot;, &quot;LDpKF5tMV&quot;, &quot;LDpKF5tMS&quot;, &quot;LDpKF5tMT&quot;, &quot;LDpKF5tMY&quot;, &quot;LDpKF5tMW&quot;, &quot;LDpKF5tMX&quot;, &quot;LDpKF5tMM&quot;, &quot;LDpKF5tMQ&quot;, &quot;wHHCJtZup&quot;, &quot;LDpKF5tMR&quot;, &quot;LDpKF5tMO&quot;, &quot;SMoqv5Vds&quot;, &quot;eibgLn460&quot;, &quot;wHHCJtZut&quot;, &quot;SMoqv5Vdq&quot;, &quot;gghE0UNe0&quot;, &quot;SMoqv5Vdw&quot;, &quot;wHHCJtZux&quot;, &quot;SMoqv5Vdx&quot;, &quot;SMoqv5Vdu&quot;, &quot;wHHCJtZuv&quot;, &quot;eibgLn467&quot;, &quot;eibgLn468&quot;, &quot;fZfkknok6&quot;, &quot;wHHCJtZuy&quot;, &quot;fZfkknok5&quot;, &quot;fZfkknok4&quot;, &quot;wHHCJtZuz&quot;, &quot;gghE0UNe1&quot;, &quot;fZfkknok2&quot;, &quot;gghE0UNe2&quot;, &quot;fZfkknok1&quot;, &quot;rIbyV1Rr9&quot;, &quot;rIbyV1Rr4&quot;, &quot;AMqzzN7b1&quot;, &quot;SMoqv5Vdy&quot;, &quot;AMqzzN7b3&quot;, &quot;SMoqv5Vdz&quot;, &quot;AMqzzN7b2&quot;, &quot;kcurvYduf&quot;, &quot;s2xaUXX80&quot;, &quot;s2xaUXX82&quot;, &quot;s2xaUXX81&quot;, &quot;buXSsfahE&quot;, &quot;rIbyV1Rsi&quot;, &quot;rIbyV1Rsh&quot;, &quot;s2xaUXX8N&quot;, &quot;hXlIzT6sJ&quot;, &quot;rIbyV1Rsf&quot;, &quot;rIbyV1Rse&quot;, &quot;hXlIzT6sD&quot;, &quot;rIbyV1Rsd&quot;, &quot;s2xaUXX8R&quot;, &quot;rIbyV1Rsb&quot;, &quot;s2xaUXX8T&quot;, &quot;hXlIzT6sQ&quot;, &quot;hXlIzT6sP&quot;, &quot;s2xaUXX8V&quot;, &quot;hXlIzT6sS&quot;, &quot;s2xaUXX8X&quot;, &quot;THbxtdVyl&quot;, &quot;hXlIzT6sL&quot;, &quot;s2xaUXX8W&quot;, &quot;hXlIzT6sO&quot;, &quot;s2xaUXX8Z&quot;, &quot;NMSmIDNa8&quot;, &quot;hXlIzT6sN&quot;, &quot;THbxtdVyo&quot;, &quot;kcurvYdur&quot;, &quot;NMSmIDNa6&quot;, &quot;kcurvYduq&quot;, &quot;THbxtdVym&quot;, &quot;kcurvYdut&quot;, &quot;THbxtdVys&quot;, &quot;gghE0UNeY&quot;, &quot;kcurvYduv&quot;, &quot;hXlIzT6sU&quot;, &quot;THbxtdVyt&quot;, &quot;kcurvYduu&quot;, &quot;hXlIzT6sT&quot;, &quot;THbxtdVyq&quot;, &quot;THbxtdVyr&quot;, &quot;kcurvYduw&quot;, &quot;THbxtdVyw&quot;, &quot;kcurvYdul&quot;, &quot;THbxtdVyu&quot;, &quot;THbxtdVyv&quot;, &quot;kcurvYdun&quot;, &quot;kcurvYdup&quot;, &quot;E2vKc9P92&quot;, &quot;E2vKc9P91&quot;, &quot;E2vKc9P94&quot;, &quot;E2vKc9P93&quot;, &quot;FQSoCXAf&quot;, &quot;TsZgerqs8&quot;, &quot;FQSoCXAe&quot;, &quot;FQSoCXAh&quot;, &quot;FQSoCXAg&quot;, &quot;DCt1kHVP1&quot;, &quot;FQSoCXAj&quot;, &quot;DCt1kHVP2&quot;, &quot;FQSoCXAi&quot;, &quot;TsZgerqs6&quot;, &quot;rIbyV1Rsk&quot;, &quot;rIbyV1Rsj&quot;, &quot;E2vKc9P9V&quot;, &quot;E2vKc9P9U&quot;, &quot;E2vKc9P9X&quot;, &quot;E2vKc9P9Q&quot;, &quot;AmR4xZ0Qg&quot;, &quot;AmR4xZ0Qf&quot;, &quot;AmR4xZ0Qe&quot;, &quot;DCt1kHVPQ&quot;, &quot;E2vKc9P9Z&quot;, &quot;AmR4xZ0Qd&quot;, &quot;uR7oPdYOP&quot;, &quot;E2vKc9P9Y&quot;, &quot;uR7oPdYOO&quot;, &quot;AmR4xZ0Qb&quot;, &quot;AmR4xZ0Qa&quot;, &quot;uR7oPdYOQ&quot;, &quot;uR7oPdYOL&quot;, &quot;uR7oPdYOK&quot;, &quot;uR7oPdYON&quot;, &quot;DCt1kHVP3&quot;, &quot;DCt1kHVP4&quot;, &quot;uR7oPdYOH&quot;, &quot;uR7oPdYOJ&quot;, &quot;uR7oPdYOF&quot;, &quot;uR7oPdYOB&quot;, &quot;NEmcnm5Jc&quot;, &quot;MXLmE1AtE&quot;, &quot;MXLmE1AtF&quot;, &quot;NEmcnm5Ja&quot;, &quot;MXLmE1AtD&quot;, &quot;NEmcnm5Jg&quot;, &quot;NEmcnm5Je&quot;, &quot;MXLmE1AtG&quot;, &quot;NEmcnm5Jf&quot;, &quot;NEmcnm5Jk&quot;, &quot;RdQxinjry&quot;, &quot;NEmcnm5Jl&quot;, &quot;NEmcnm5Ji&quot;, &quot;RdQxinjrw&quot;, &quot;NEmcnm5Jj&quot;, &quot;MXLmE1AtA&quot;, &quot;MXLmE1AtB&quot;, &quot;NEmcnm5Jm&quot;, &quot;DCt1kHVPU&quot;, &quot;DCt1kHVPV&quot;, &quot;WTc5amub&quot;, &quot;DCt1kHVPY&quot;, &quot;RdQxinjru&quot;, &quot;DCt1kHVPZ&quot;, &quot;Fmn8lr8SA&quot;, &quot;DCt1kHVPX&quot;, &quot;WTc5amua&quot;, &quot;NMSmIDNbh&quot;, &quot;NMSmIDNbi&quot;, &quot;xtYzllinz&quot;, &quot;rcWW0HXs3&quot;, &quot;xtYzllint&quot;, &quot;xtYzllinr&quot;, &quot;xtYzllinx&quot;, &quot;xtYzllinv&quot;, &quot;xtYzllinw&quot;, &quot;xtYzllinn&quot;, &quot;rcWW0HXs5&quot;, &quot;RdQxinjrF&quot;, &quot;rcWW0HXs7&quot;, &quot;RdQxinjrG&quot;, &quot;rcWW0HXs8&quot;, &quot;rcWW0HXs9&quot;, &quot;mT1IVBkGA&quot;, &quot;RdQxinjrA&quot;, &quot;iA6uQuHTL&quot;, &quot;RdQxinjrD&quot;, &quot;RdQxinjrE&quot;, &quot;QdnjrJvtu&quot;, &quot;iA6uQuHTN&quot;, &quot;RdQxinjrB&quot;, &quot;RdQxinjrC&quot;, &quot;iA6uQuHTP&quot;, &quot;p6NCgylRz&quot;, &quot;iA6uQuHTR&quot;, &quot;k97BUQ7DN&quot;, &quot;iA6uQuHTQ&quot;, &quot;p6NCgylRu&quot;, &quot;iA6uQuHTT&quot;, &quot;iA6uQuHTV&quot;, &quot;iA6uQuHTU&quot;, &quot;MXLmE1Atu&quot;, &quot;k97BUQ7DY&quot;, &quot;QdnjrJvti&quot;, &quot;k97BUQ7DX&quot;, &quot;Fmn8lr8Sz&quot;, &quot;iA6uQuHTW&quot;, &quot;flux3MMT0&quot;, &quot;QdnjrJvtk&quot;, &quot;k97BUQ7DV&quot;, &quot;MXLmE1Aty&quot;, &quot;k97BUQ7DT&quot;, &quot;MXLmE1Atz&quot;, &quot;MXLmE1Atw&quot;, &quot;QdnjrJvtr&quot;, &quot;flux3MMT6&quot;, &quot;Fmn8lr8Sr&quot;, &quot;QdnjrJvtq&quot;, &quot;flux3MMT7&quot;, &quot;Fmn8lr8Su&quot;, &quot;xtYzllinB&quot;, &quot;QdnjrJvtt&quot;, &quot;flux3MMT8&quot;, &quot;Fmn8lr8St&quot;, &quot;QdnjrJvts&quot;, &quot;xtYzllinC&quot;, &quot;flux3MMT2&quot;, &quot;rcWW0HXsY&quot;, &quot;QdnjrJvtm&quot;, &quot;flux3MMT3&quot;, &quot;Fmn8lr8Sv&quot;, &quot;QdnjrJvtp&quot;, &quot;flux3MMT4&quot;, &quot;Fmn8lr8Sy&quot;, &quot;QdnjrJvto&quot;, &quot;k97BUQ7DZ&quot;, &quot;Fmn8lr8Sx&quot;, &quot;mT1IVBkGk&quot;, &quot;NMSmIDNbf&quot;, &quot;NMSmIDNbg&quot;, &quot;Fmn8lr8Sm&quot;, &quot;NMSmIDNbe&quot;, &quot;NMSmIDNbb&quot;, &quot;tUueqk4Fc&quot;, &quot;NMSmIDNbc&quot;, &quot;tUueqk4Fd&quot;, &quot;xtYzllinA&quot;, &quot;Fmn8lr8Sq&quot;, &quot;NMSmIDNba&quot;, &quot;tUueqk4Fb&quot;, &quot;k97BUQ7D1&quot;, &quot;tUueqk4Fg&quot;, &quot;mT1IVBkGt&quot;, &quot;tUueqk4Fh&quot;, &quot;mT1IVBkGu&quot;, &quot;mT1IVBkGv&quot;, &quot;tUueqk4Ff&quot;, &quot;mT1IVBkGp&quot;, &quot;tUueqk4Fi&quot;, &quot;mT1IVBkGr&quot;, &quot;ipKg3s6Dm&quot;, &quot;ipKg3s6Dl&quot;, &quot;mT1IVBkGx&quot;, &quot;rcWW0HXtb&quot;, &quot;ipKg3s6Dk&quot;, &quot;k97BUQ7D4&quot;, &quot;ipKg3s6Dj&quot;, &quot;mT1IVBkGy&quot;, &quot;rcWW0HXtc&quot;, &quot;k97BUQ7D3&quot;, &quot;k97BUQ7D2&quot;, &quot;mT1IVBkGz&quot;, &quot;rcWW0HXtd&quot;, &quot;ipKg3s6Dh&quot;, &quot;ipKg3s6Dg&quot;, &quot;ipKg3s6Df&quot;, &quot;ipKg3s6Dd&quot;, &quot;iA6uQuHTF&quot;, &quot;ipKg3s6Db&quot;, &quot;p6NCgylRB&quot;, &quot;rcWW0HXte&quot;, &quot;kQfdMyOVy&quot;, &quot;HBwRhwfT0&quot;, &quot;kQfdMyOVx&quot;, &quot;kQfdMyOVw&quot;, &quot;tUueqk4E3&quot;, &quot;p6NCgylRK&quot;, &quot;MDSYwJhK4&quot;, &quot;p6NCgylRI&quot;, &quot;tUueqk4E7&quot;, &quot;MDSYwJhK3&quot;, &quot;p6NCgylRJ&quot;, &quot;MDSYwJhK5&quot;, &quot;p6NCgylRH&quot;, &quot;p6NCgylRE&quot;, &quot;MDSYwJhK8&quot;, &quot;p6NCgylRF&quot;, &quot;MDSYwJhK7&quot;, &quot;tUueqk4E9&quot;, &quot;p6NCgylRD&quot;, &quot;MDSYwJhK9&quot;, &quot;wtvluHupq&quot;, &quot;ipKg3s6C5&quot;, &quot;wtvluHupf&quot;, &quot;kQfdMyOVv&quot;, &quot;eibgLn47a&quot;, &quot;wtvluHuph&quot;, &quot;kQfdMyOVt&quot;, &quot;flux3MMTQ&quot;, &quot;kQfdMyOVs&quot;, &quot;wtvluHupb&quot;, &quot;kQfdMyOVr&quot;, &quot;eibgLn47d&quot;, &quot;eibgLn47e&quot;, &quot;kQfdMyOVp&quot;, &quot;eibgLn47c&quot;, &quot;kQfdMyOVn&quot;, &quot;wtvluHupn&quot;, &quot;PwMtJn0dE&quot;, &quot;eibgLn47i&quot;, &quot;flux3MMTX&quot;, &quot;eibgLn47f&quot;, &quot;wtvluHupp&quot;, &quot;PwMtJn0dC&quot;, &quot;flux3MMTY&quot;, &quot;wtvluHupo&quot;, &quot;eibgLn47g&quot;, &quot;wtvluHupj&quot;, &quot;kQfdMyOVh&quot;, &quot;wtvluHupl&quot;, &quot;MDSYwJhKY&quot;, &quot;wtvluHupk&quot;, &quot;PwMtJn0dL&quot;, &quot;sIEMMFFqg&quot;, &quot;jqduT6UBr&quot;, &quot;l4UIRY7YR&quot;, &quot;PwMtJn0dM&quot;, &quot;l4UIRY7YS&quot;, &quot;PwMtJn0dJ&quot;, &quot;jqduT6UBp&quot;, &quot;l4UIRY7YT&quot;, &quot;PwMtJn0dK&quot;, &quot;JKZtj4zik&quot;, &quot;l4UIRY7YN&quot;, &quot;PwMtJn0dI&quot;, &quot;jqduT6UBv&quot;, &quot;jqduT6UBs&quot;, &quot;l4UIRY7YP&quot;, &quot;PwMtJn0dG&quot;, &quot;jqduT6UBt&quot;, &quot;l4UIRY7YI&quot;, &quot;sIEMMFFqn&quot;, &quot;JKZtj4zio&quot;, &quot;sIEMMFFqp&quot;, &quot;jqduT6UBh&quot;, &quot;JKZtj4zim&quot;, &quot;sIEMMFFqq&quot;, &quot;JKZtj4zir&quot;, &quot;jqduT6UBn&quot;, &quot;sIEMMFFql&quot;, &quot;JKZtj4zip&quot;, &quot;PwMtJn0dN&quot;, &quot;JKZtj4ziq&quot;, &quot;PwMtJn0dO&quot;, &quot;sIEMMFFqv&quot;, &quot;sIEMMFFqw&quot;, &quot;LpdtriYHy&quot;, &quot;sIEMMFFqr&quot;, &quot;MDSYwJhLa&quot;, &quot;sIEMMFFqt&quot;, &quot;sIEMMFFqu&quot;, &quot;jqduT6UBy&quot;, &quot;l4UIRY7YY&quot;, &quot;jqduT6UBw&quot;, &quot;jqduT6UBx&quot;, &quot;l4UIRY7YV&quot;, &quot;l4UIRY7YW&quot;, &quot;l4UIRY7YX&quot;, &quot;fZfkknola&quot;, &quot;LpdtriYHF&quot;, &quot;LpdtriYHI&quot;, &quot;LpdtriYHH&quot;, &quot;LpdtriYHC&quot;, &quot;LpdtriYHE&quot;, &quot;LpdtriYHD&quot;, &quot;LpdtriYHA&quot;, &quot;HBwRhwfT2&quot;, &quot;JKZtj4ziv&quot;, &quot;JKZtj4ziw&quot;, &quot;HBwRhwfT4&quot;, &quot;JKZtj4zit&quot;, &quot;HBwRhwfT5&quot;, &quot;JKZtj4ziu&quot;, &quot;HBwRhwfT6&quot;, &quot;HBwRhwfT7&quot;, &quot;HBwRhwfT9&quot;, &quot;LpdtriYHK&quot;, &quot;LpdtriYHJ&quot;, &quot;ps2PZXKqx&quot;, &quot;ps2PZXKqz&quot;, &quot;oszB9jWsg&quot;, &quot;oszB9jWsl&quot;, &quot;oszB9jWsn&quot;, &quot;oszB9jWsp&quot;, &quot;oszB9jWsq&quot;, &quot;oszB9jWsr&quot;, &quot;oszB9jWst&quot;, &quot;oszB9jWsu&quot;, &quot;oszB9jWsv&quot;, &quot;ps2PZXKqs&quot;, &quot;oszB9jWsw&quot;, &quot;HBwRhwfUc&quot;, &quot;zmoQHmcRY&quot;, &quot;zmoQHmcRZ&quot;, &quot;d9E6p7nE4&quot;, &quot;b0cuny4gK&quot;, &quot;ps2PZXKqF&quot;, &quot;ps2PZXKqG&quot;, &quot;ps2PZXKqH&quot;, &quot;b0cuny4gR&quot;, &quot;ps2PZXKqI&quot;, &quot;zmoQHmcRP&quot;, &quot;b0cuny4gS&quot;, &quot;b0cuny4gU&quot;, &quot;b0cuny4gW&quot;, &quot;b0cuny4gX&quot;, &quot;b0cuny4gY&quot;, &quot;b0cuny4gZ&quot;, &quot;zmoQHmcRX&quot;, &quot;zmoQHmcRU&quot;, &quot;HBwRhwfUa&quot;, &quot;zmoQHmcRV&quot;, &quot;HBwRhwfUb&quot;, &quot;mIFu8zJp0&quot;, &quot;BHdGwV7wO&quot;, &quot;BHdGwV7wJ&quot;, &quot;BHdGwV7wT&quot;, &quot;BHdGwV7wW&quot;, &quot;BHdGwV7wV&quot;, &quot;BHdGwV7wP&quot;, &quot;BHdGwV7wS&quot;, &quot;BHdGwV7wR&quot;, &quot;b0cuny4g0&quot;, &quot;b0cuny4g2&quot;, &quot;BHdGwV7wY&quot;, &quot;BHdGwV7wX&quot;, &quot;qHIk5n3tX&quot;, &quot;qHIk5n3tZ&quot;, &quot;qHIk5n3tS&quot;, &quot;qHIk5n3t7&quot;, &quot;qHIk5n3t8&quot;, &quot;lq9WBowxG&quot;, &quot;qHIk5n3t3&quot;, &quot;qHIk5n3t5&quot;, &quot;qHIk5n3t6&quot;, &quot;zXjzwbUud&quot;, &quot;lq9WBowxL&quot;, &quot;lq9WBowxP&quot;, &quot;lq9WBowxN&quot;, &quot;d9E6p7nFk&quot;, &quot;zXjzwbUul&quot;, &quot;TbWVxT1zk&quot;, &quot;zXjzwbUui&quot;, &quot;TbWVxT1zl&quot;, &quot;d9E6p7nFi&quot;, &quot;zXjzwbUuj&quot;, &quot;TbWVxT1zm&quot;, &quot;d9E6p7nFj&quot;, &quot;d9E6p7nFg&quot;, &quot;TbWVxT1zn&quot;, &quot;d9E6p7nFh&quot;, &quot;zXjzwbUup&quot;, &quot;TbWVxT1zo&quot;, &quot;d9E6p7nFe&quot;, &quot;zXjzwbUum&quot;, &quot;TbWVxT1zp&quot;, &quot;zXjzwbUun&quot;, &quot;TbWVxT1zq&quot;, &quot;wB1vPYbRl&quot;, &quot;zXjzwbUus&quot;, &quot;wB1vPYbRk&quot;, &quot;wB1vPYbRj&quot;, &quot;zXjzwbUuq&quot;, &quot;TbWVxT1ze&quot;, &quot;zXjzwbUur&quot;, &quot;TbWVxT1zg&quot;, &quot;d9E6p7nFm&quot;, &quot;TbWVxT1zi&quot;, &quot;wB1vPYbRm&quot;, &quot;TMREmJJbO&quot;, &quot;TMREmJJbN&quot;, &quot;TMREmJJbM&quot;, &quot;TMREmJJbL&quot;, &quot;TMREmJJbK&quot;, &quot;TMREmJJbJ&quot;, &quot;TMREmJJbI&quot;, &quot;TMREmJJbG&quot;, &quot;TMREmJJbE&quot;, &quot;TMREmJJbD&quot;, &quot;lq9WBowxT&quot;, &quot;lq9WBowxQ&quot;, &quot;lq9WBowxR&quot;, &quot;lq9WBowxW&quot;, &quot;lq9WBowxU&quot;, &quot;lq9WBowxV&quot;, &quot;qHIk5n3t1&quot;, &quot;qHIk5n3t2&quot;, &quot;MhawWF5d0&quot;, &quot;ps2PZXKqB&quot;, &quot;ps2PZXKqC&quot;, &quot;ps2PZXKqD&quot;, &quot;zmoQHmcR3&quot;, &quot;zmoQHmcR4&quot;, &quot;mIFu8zJpK&quot;, &quot;zmoQHmcR1&quot;, &quot;zmoQHmcR2&quot;, &quot;mIFu8zJpR&quot;, &quot;mIFu8zJpP&quot;, &quot;wB1vPYbRd&quot;, &quot;mIFu8zJpU&quot;, &quot;MhawWF5dV&quot;, &quot;MhawWF5dU&quot;, &quot;mIFu8zJpV&quot;, &quot;wB1vPYbRb&quot;, &quot;MhawWF5dT&quot;, &quot;MhawWF5dS&quot;, &quot;mIFu8zJpT&quot;, &quot;wB1vPYbRh&quot;, &quot;mIFu8zJpY&quot;, &quot;MhawWF5dQ&quot;, &quot;wB1vPYbRg&quot;, &quot;mIFu8zJpZ&quot;, &quot;wB1vPYbRf&quot;, &quot;MhawWF5dO&quot;, &quot;mIFu8zJpX&quot;, &quot;d9E6p7nFc&quot;, &quot;d9E6p7nFb&quot;, &quot;MhawWF5dZ&quot;, &quot;MhawWF5dY&quot;, &quot;MhawWF5dX&quot;, &quot;SjZR2wU2Y&quot;, &quot;tr5FWL4uB&quot;, &quot;QLrYOOjg4&quot;, &quot;RpcK5oUH6&quot;, &quot;RpcK5oUH4&quot;, &quot;QLrYOOjg6&quot;, &quot;xiClyjG6Z&quot;, &quot;QLrYOOjg2&quot;, &quot;RpcK5oUH8&quot;, &quot;QLrYOOjg8&quot;, &quot;QLrYOOjg9&quot;, &quot;FZ8UB2KjB&quot;, &quot;FZ8UB2KjC&quot;, &quot;FZ8UB2KjA&quot;, &quot;oMr0hCfaZ&quot;, &quot;ndT63TDo0&quot;, &quot;uUXsgYSDf&quot;, &quot;ndT63TDo1&quot;, &quot;oMr0hCfaX&quot;, &quot;oMr0hCfaW&quot;, &quot;oMr0hCfaV&quot;, &quot;ndT63TDo3&quot;, &quot;uUXsgYSDj&quot;, &quot;oMr0hCfaT&quot;, &quot;SjZR2wU3a&quot;, &quot;oMr0hCfaR&quot;, &quot;uUXsgYSDl&quot;, &quot;tr5FWL4uH&quot;, &quot;uUXsgYSDo&quot;, &quot;uUXsgYSDn&quot;, &quot;tr5FWL4uF&quot;, &quot;uUXsgYSDp&quot;, &quot;wB1vPYbQ7&quot;, &quot;tr5FWL4uL&quot;, &quot;ndT63TDo4&quot;, &quot;uUXsgYSDs&quot;, &quot;tr5FWL4uK&quot;, &quot;uUXsgYSDr&quot;, &quot;ndT63TDo5&quot;, &quot;tr5FWL4uJ&quot;, &quot;ndT63TDo6&quot;, &quot;uUXsgYSDu&quot;, &quot;uUXsgYSDt&quot;, &quot;tr5FWL4uP&quot;, &quot;tr5FWL4uO&quot;, &quot;gFP92ITAz&quot;, &quot;tr5FWL4uN&quot;, &quot;tr5FWL4uQ&quot;, &quot;xiClyjG60&quot;, &quot;RpcK5oUIf&quot;, &quot;xiClyjG61&quot;, &quot;RpcK5oUIg&quot;, &quot;RpcK5oUId&quot;, &quot;RpcK5oUIe&quot;, &quot;ndT63TDoQ&quot;, &quot;FZ8UB2Kjo&quot;, &quot;xiClyjG62&quot;, &quot;xIaQz7NsB&quot;, &quot;ndT63TDoX&quot;, &quot;FZ8UB2Kjs&quot;, &quot;ndT63TDoZ&quot;, &quot;FZ8UB2Kjv&quot;, &quot;FZ8UB2Kjw&quot;, &quot;ndT63TDoV&quot;, &quot;FZ8UB2Kjt&quot;, &quot;pvSTrIEe6&quot;, &quot;FZ8UB2Kjz&quot;, &quot;FZ8UB2Kjx&quot;, &quot;RpcK5oUIb&quot;, &quot;SjZR2wU20&quot;, &quot;RpcK5oUIc&quot;, &quot;RpcK5oUIa&quot;, &quot;SjZR2wU24&quot;, &quot;xiClyjG6N&quot;, &quot;SjZR2wU22&quot;, &quot;SjZR2wU27&quot;, &quot;SjZR2wU28&quot;, &quot;SjZR2wU25&quot;, &quot;SjZR2wU26&quot;, &quot;xiClyjG6X&quot;, &quot;xiClyjG6V&quot;, &quot;SjZR2wU29&quot;, &quot;xiClyjG6W&quot;, &quot;xiClyjG6T&quot;, &quot;xiClyjG6R&quot;, &quot;xIaQz7NsF&quot;, &quot;xIaQz7NsH&quot;, &quot;xIaQz7NsJ&quot;, &quot;xIaQz7NsK&quot;, &quot;xIaQz7NsL&quot;, &quot;xIaQz7NsN&quot;, &quot;xIaQz7NsO&quot;, &quot;xIaQz7NsP&quot;, &quot;xIaQz7NsQ&quot;, &quot;kzcS51p1p&quot;, &quot;kzcS51p1z&quot;, &quot;kzcS51p1x&quot;, &quot;kzcS51p1v&quot;, &quot;z8FNjdvKV&quot;, &quot;z8FNjdvKX&quot;, &quot;z8FNjdvKW&quot;, &quot;z8FNjdvKZ&quot;, &quot;QLrYOOjhd&quot;, &quot;QLrYOOjhe&quot;, &quot;mLvyAkDeE&quot;, &quot;QLrYOOjha&quot;, &quot;QLrYOOjhb&quot;, &quot;QLrYOOjhc&quot;, &quot;z8FNjdvKN&quot;, &quot;h21PtpT6b&quot;, &quot;h21PtpT6a&quot;, &quot;mLvyAkDeD&quot;, &quot;mLvyAkDeC&quot;, &quot;z8FNjdvKT&quot;, &quot;mLvyAkDeB&quot;, &quot;z8FNjdvKS&quot;, &quot;h21PtpT6c&quot;, &quot;BYf1dtwqP&quot;, &quot;BYf1dtwqQ&quot;, &quot;BYf1dtwqN&quot;, &quot;BYf1dtwqO&quot;, &quot;BYf1dtwqL&quot;, &quot;BYf1dtwqJ&quot;, &quot;BYf1dtwqK&quot;, &quot;JfKRoKFje&quot;, &quot;BYf1dtwqH&quot;, &quot;h21PtpT5V&quot;, &quot;JfKRoKFjg&quot;, &quot;BYf1dtwqG&quot;, &quot;JfKRoKFji&quot;, &quot;JfKRoKFjj&quot;, &quot;BYf1dtwqB&quot;, &quot;JfKRoKFjk&quot;, &quot;CNm1g5I8r&quot;, &quot;JfKRoKFjl&quot;, &quot;CNm1g5I8s&quot;, &quot;CNm1g5I8p&quot;, &quot;z8FNjdvK0&quot;, &quot;JfKRoKFjn&quot;, &quot;CNm1g5I8q&quot;, &quot;CNm1g5I8n&quot;, &quot;JfKRoKFjo&quot;, &quot;z8FNjdvK2&quot;, &quot;z8FNjdvK1&quot;, &quot;JfKRoKFjp&quot;, &quot;CNm1g5I8l&quot;, &quot;JfKRoKFjq&quot;, &quot;CNm1g5I8m&quot;, &quot;oMr0hCfa2&quot;, &quot;oMr0hCfaM&quot;, &quot;h21PtpT59&quot;, &quot;h21PtpT57&quot;, &quot;pvSTrIEfb&quot;, &quot;h21PtpT56&quot;, &quot;pvSTrIEfd&quot;, &quot;pvSTrIEff&quot;, &quot;pvSTrIEfg&quot;, &quot;pvSTrIEfh&quot;, &quot;pvSTrIEfj&quot;, &quot;pvSTrIEfk&quot;, &quot;pvSTrIEfl&quot;, &quot;pvSTrIEfm&quot;, &quot;CNm1g5I8j&quot;, &quot;oMr0hCfa1&quot;, &quot;oMr0hCfa0&quot;, &quot;CNm1g5I8i&quot;, &quot;CNm1g5I8d&quot;, &quot;h21PtpT51&quot;, &quot;h21PtpT55&quot;, &quot;h21PtpT53&quot;, &quot;h5RSVaNUQ&quot;, &quot;h5RSVaNUP&quot;, &quot;Np9U8AAD0&quot;, &quot;Np9U8AAD1&quot;, &quot;Np9U8AAD2&quot;, &quot;Np9U8AAD4&quot;, &quot;LxJDMzF9F&quot;, &quot;Np9U8AAD5&quot;, &quot;LxJDMzF9G&quot;, &quot;Np9U8AAD6&quot;, &quot;Np9U8AAD7&quot;, &quot;pPLhz0WXS&quot;, &quot;Np9U8AAD8&quot;, &quot;BvRsJUwgf&quot;, &quot;h5RSVaNUF&quot;, &quot;BvRsJUwge&quot;, &quot;BvRsJUwgn&quot;, &quot;h5RSVaNUL&quot;, &quot;BvRsJUwgo&quot;, &quot;BvRsJUwgl&quot;, &quot;h5RSVaNUO&quot;, &quot;h5RSVaNUN&quot;, &quot;BvRsJUwgm&quot;, &quot;BvRsJUwgj&quot;, &quot;h5RSVaNUH&quot;, &quot;BvRsJUwgh&quot;, &quot;h5RSVaNUK&quot;, &quot;h5RSVaNUJ&quot;, &quot;BvRsJUwgi&quot;, &quot;pPLhz0WXQ&quot;, &quot;LxJDMzF9A&quot;, &quot;pPLhz0WXR&quot;, &quot;pPLhz0WXP&quot;, &quot;pPLhz0WXM&quot;, &quot;LxJDMzF9D&quot;, &quot;pPLhz0WXN&quot;, &quot;LxJDMzF9E&quot;, &quot;LxJDMzF9B&quot;, &quot;pPLhz0WXL&quot;, &quot;pPLhz0WXJ&quot;, &quot;pPLhz0WXH&quot;, &quot;pPLhz0WXC&quot;, &quot;NJ2jgSTmE&quot;, &quot;NJ2jgSTmA&quot;, &quot;NJ2jgSTmB&quot;, &quot;NJ2jgSTmC&quot;, &quot;NJ2jgSTmD&quot;, &quot;NJ2jgSTmu&quot;, &quot;nOOPSJk1j&quot;, &quot;NJ2jgSTmw&quot;, &quot;NJ2jgSTmx&quot;, &quot;nOOPSJk1l&quot;, &quot;NJ2jgSTms&quot;, &quot;nOOPSJk1n&quot;, &quot;h5RSVaNUz&quot;, &quot;nOOPSJk1e&quot;, &quot;kzcS51p1B&quot;, &quot;b8IEIPLIG&quot;, &quot;kzcS51p1A&quot;, &quot;b8IEIPLIQ&quot;, &quot;nOOPSJk1p&quot;, &quot;nOOPSJk1o&quot;, &quot;b8IEIPLIO&quot;, &quot;nOOPSJk1r&quot;, &quot;b8IEIPLIN&quot;, &quot;b8IEIPLIU&quot;, &quot;nOOPSJk1t&quot;, &quot;kzcS51p1G&quot;, &quot;b8IEIPLIT&quot;, &quot;nOOPSJk1s&quot;, &quot;kzcS51p1F&quot;, &quot;b8IEIPLIS&quot;, &quot;kzcS51p1E&quot;, &quot;kzcS51p1D&quot;, &quot;nOOPSJk1u&quot;, &quot;b8IEIPLIY&quot;, &quot;b8IEIPLIW&quot;, &quot;x7JlBVTOE&quot;, &quot;b8IEIPLIV&quot;, &quot;x7JlBVTOD&quot;, &quot;x7JlBVTOC&quot;, &quot;SpFYV2IGi&quot;, &quot;x7JlBVTOB&quot;, &quot;SpFYV2IGg&quot;, &quot;ovpFA4Qg7&quot;, &quot;ovpFA4Qg8&quot;, &quot;ovpFA4Qg9&quot;, &quot;x13eIp6bk&quot;, &quot;x13eIp6bj&quot;, &quot;SpFYV2IGr&quot;, &quot;x13eIp6bm&quot;, &quot;x13eIp6bl&quot;, &quot;SpFYV2IGs&quot;, &quot;x13eIp6bg&quot;, &quot;x13eIp6bf&quot;, &quot;CKwXPkPjz&quot;, &quot;x13eIp6bh&quot;, &quot;x13eIp6bb&quot;, &quot;SpFYV2IGm&quot;, &quot;ovpFA4Qg1&quot;, &quot;x13eIp6bd&quot;, &quot;SpFYV2IGk&quot;, &quot;SpFYV2IGp&quot;, &quot;ovpFA4Qg3&quot;, &quot;SpFYV2IGq&quot;, &quot;ovpFA4Qg4&quot;, &quot;SpFYV2IGn&quot;, &quot;ovpFA4Qg5&quot;, &quot;SpFYV2IGo&quot;, &quot;cGNj5UzwA&quot;, &quot;jnnrsl0MP&quot;, &quot;jnnrsl0MO&quot;, &quot;cGNj5UzwD&quot;, &quot;jnnrsl0MN&quot;, &quot;cGNj5UzwC&quot;, &quot;jnnrsl0MU&quot;, &quot;jnnrsl0MT&quot;, &quot;jnnrsl0MS&quot;, &quot;jnnrsl0MR&quot;, &quot;cGNj5UzwI&quot;, &quot;Ez7bJAPZo&quot;, &quot;BvRsJUwf9&quot;, &quot;cGNj5UzwF&quot;, &quot;cGNj5UzwE&quot;, &quot;cGNj5UzwG&quot;, &quot;x7JlBVTOv&quot;, &quot;Ez7bJAPZv&quot;, &quot;Ez7bJAPZw&quot;, &quot;x7JlBVTOt&quot;, &quot;Ez7bJAPZx&quot;, &quot;jnnrsl0MD&quot;, &quot;Ez7bJAPZs&quot;, &quot;x7JlBVTOp&quot;, &quot;Ez7bJAPZt&quot;, &quot;FOMGO0821&quot;, &quot;FOMGO0820&quot;, &quot;jnnrsl0ML&quot;, &quot;x7JlBVTOz&quot;, &quot;Ez7bJAPZz&quot;, &quot;x7JlBVTOy&quot;, &quot;jnnrsl0MJ&quot;, &quot;x7JlBVTOx&quot;, &quot;FOMGO0822&quot;, &quot;s8dhOtLMd&quot;, &quot;s8dhOtLMf&quot;, &quot;s8dhOtLMe&quot;, &quot;Ez7bJAPZA&quot;, &quot;Ez7bJAPZB&quot;, &quot;s8dhOtLMb&quot;, &quot;Ez7bJAPZC&quot;, &quot;s8dhOtLMk&quot;, &quot;s8dhOtLMh&quot;, &quot;s8dhOtLMj&quot;, &quot;s8dhOtLMi&quot;, &quot;cGNj5Uzwq&quot;, &quot;FOMGO082X&quot;, &quot;FOMGO082W&quot;, &quot;FOMGO082V&quot;, &quot;FOMGO082Z&quot;, &quot;cGNj5Uzwy&quot;, &quot;FOMGO082O&quot;, &quot;FOMGO082T&quot;, &quot;cGNj5Uzwx&quot;, &quot;FOMGO082S&quot;, &quot;eHJLNcbs6&quot;, &quot;xQG0VouUB&quot;, &quot;hDtkrBNKm&quot;, &quot;eHJLNcbs5&quot;, &quot;eHJLNcbs4&quot;, &quot;hDtkrBNKn&quot;, &quot;hDtkrBNKo&quot;, &quot;hDtkrBNKi&quot;, &quot;hDtkrBNKj&quot;, &quot;hDtkrBNKk&quot;, &quot;hDtkrBNKd&quot;, &quot;xQG0VouUJ&quot;, &quot;hDtkrBNKf&quot;, &quot;xQG0VouUG&quot;, &quot;hDtkrBNKg&quot;, &quot;xQG0VouUH&quot;, &quot;eHJLNcbs2&quot;, &quot;xQG0VouUF&quot;, &quot;eHJLNcbs1&quot;, &quot;eHJLNcbs0&quot;, &quot;xQG0VouUD&quot;, &quot;s8dhOtLL5&quot;, &quot;xCuJGBZPj&quot;, &quot;xQG0VouUM&quot;, &quot;xCuJGBZPp&quot;, &quot;xQG0VouUK&quot;, &quot;xCuJGBZPn&quot;, &quot;xQG0VouUL&quot;, &quot;s8dhOtLL9&quot;, &quot;eHJLNcbsV&quot;, &quot;uvoXfaMhz&quot;, &quot;jkxn0A6Yb&quot;, &quot;jkxn0A6Ya&quot;, &quot;uvoXfaMhx&quot;, &quot;xCuJGBZPy&quot;, &quot;eHJLNcbsY&quot;, &quot;eHJLNcbsW&quot;, &quot;uvoXfaMhr&quot;, &quot;xCuJGBZPs&quot;, &quot;xCuJGBZPt&quot;, &quot;xCuJGBZPr&quot;, &quot;jkxn0A6Yg&quot;, &quot;uvoXfaMhv&quot;, &quot;xCuJGBZPw&quot;, &quot;jkxn0A6Yf&quot;, &quot;jkxn0A6Ye&quot;, &quot;xCuJGBZPx&quot;, &quot;jkxn0A6Yd&quot;, &quot;eHJLNcbsO&quot;, &quot;xCuJGBZPv&quot;, &quot;b22xPjX5D&quot;, &quot;b22xPjX5C&quot;, &quot;b22xPjX5B&quot;, &quot;b22xPjX5A&quot;, &quot;b22xPjX5G&quot;, &quot;xQG0VouUx&quot;, &quot;b22xPjX5E&quot;, &quot;AvoeTgIhX&quot;, &quot;bmrH6YsPZ&quot;, &quot;bmrH6YsPY&quot;, &quot;pVrotwKA9&quot;, &quot;pVrotwKA8&quot;, &quot;pVrotwKA7&quot;, &quot;pVrotwKA5&quot;, &quot;pVrotwKA4&quot;, &quot;pVrotwKA3&quot;, &quot;bmrH6YsPQ&quot;, &quot;pVrotwKA1&quot;, &quot;bmrH6YsPS&quot;, &quot;bmrH6YsPV&quot;, &quot;bmrH6YsPU&quot;, &quot;bmrH6YsPX&quot;, &quot;bmrH6YsPW&quot;, &quot;bmrH6YsPI&quot;, &quot;AvoeTgIh3&quot;, &quot;AvoeTgIh2&quot;, &quot;bmrH6YsPP&quot;, &quot;AvoeTgIh9&quot;, &quot;AvoeTgIh7&quot;, &quot;AvoeTgIh6&quot;, &quot;AvoeTgIh5&quot;, &quot;pVrotwKAZ&quot;, &quot;AvoeTgIic&quot;, &quot;AvoeTgIib&quot;, &quot;AvoeTgIia&quot;, &quot;pVrotwKAU&quot;, &quot;KxgpVVSbu&quot;, &quot;KxgpVVSbs&quot;, &quot;KxgpVVSbt&quot;, &quot;KxgpVVSbr&quot;, &quot;hDtkrBNJ7&quot;, &quot;KxgpVVSbo&quot;, &quot;KxgpVVSbp&quot;, &quot;KxgpVVSbm&quot;, &quot;KxgpVVSbn&quot;, &quot;KxgpVVSbk&quot;, &quot;jkxn0A6X9&quot;, &quot;KxgpVVSbi&quot;, &quot;jkxn0A6X7&quot;, &quot;jkxn0A6X5&quot;, &quot;jkxn0A6XZ&quot;, &quot;fraEXiAw9&quot;, &quot;uvoXfaMhB&quot;, &quot;uvoXfaMhA&quot;, &quot;uvoXfaMhF&quot;, &quot;uvoXfaMhG&quot;, &quot;uvoXfaMhD&quot;, &quot;uvoXfaMhE&quot;, &quot;cUZBkG4BT&quot;, &quot;cUZBkG4BU&quot;, &quot;IQcmmWyXq&quot;, &quot;cUZBkG4BW&quot;, &quot;n0a3FKWhO&quot;, &quot;KZEYpuSlM&quot;, &quot;IQcmmWyXx&quot;, &quot;IQcmmWyXw&quot;, &quot;KZEYpuSlO&quot;, &quot;IQcmmWyXz&quot;, &quot;n0a3FKWhT&quot;, &quot;KZEYpuSlP&quot;, &quot;IQcmmWyXs&quot;, &quot;n0a3FKWhV&quot;, &quot;KZEYpuSlK&quot;, &quot;IQcmmWyXv&quot;, &quot;n0a3FKWhY&quot;, &quot;IQcmmWyXu&quot;, &quot;n0a3FKWhX&quot;, &quot;KZEYpuSlU&quot;, &quot;cUZBkG4BE&quot;, &quot;n0a3FKWhZ&quot;, &quot;KZEYpuSlV&quot;, &quot;KZEYpuSlW&quot;, &quot;KZEYpuSlQ&quot;, &quot;KZEYpuSlR&quot;, &quot;KZEYpuSlT&quot;, &quot;cUZBkG4BL&quot;, &quot;cUZBkG4BM&quot;, &quot;cUZBkG4BO&quot;, &quot;pVrotwKBa&quot;, &quot;cUZBkG4BQ&quot;, &quot;cUZBkG4BR&quot;, &quot;cUZBkG4BS&quot;, &quot;fraEXiAxg&quot;, &quot;fraEXiAxf&quot;, &quot;LxJDMzF9u&quot;, &quot;n0a3FKWh1&quot;, &quot;n0a3FKWh3&quot;, &quot;n0a3FKWh2&quot;, &quot;n0a3FKWh4&quot;, &quot;Np9U8AADW&quot;, &quot;Np9U8AADY&quot;, &quot;mZHPO68jC&quot;, &quot;IQcmmWyXB&quot;, &quot;IQcmmWyXA&quot;, &quot;fraEXiAxq&quot;, &quot;fraEXiAxp&quot;, &quot;mZHPO68jJ&quot;, &quot;fraEXiAxm&quot;, &quot;LxJDMzF9y&quot;, &quot;fraEXiAxl&quot;, &quot;mZHPO68jL&quot;, &quot;fraEXiAxo&quot;, &quot;LxJDMzF9w&quot;, &quot;mZHPO68jM&quot;, &quot;fraEXiAxi&quot;, &quot;IQcmmWyXC&quot;, &quot;mZHPO68jH&quot;, &quot;LxJDMzF9z&quot;, &quot;fraEXiAxk&quot;, &quot;F2YX3ND72&quot;, &quot;TPHHOuC0n&quot;, &quot;N04DXqigu&quot;, &quot;mZHPO68jR&quot;, &quot;TPHHOuC0m&quot;, &quot;N04DXqigv&quot;, &quot;mZHPO68jS&quot;, &quot;N04DXqigw&quot;, &quot;TPHHOuC0k&quot;, &quot;F2YX3ND76&quot;, &quot;N04DXqigq&quot;, &quot;mZHPO68jN&quot;, &quot;TPHHOuC0i&quot;, &quot;TPHHOuC0h&quot;, &quot;N04DXqigs&quot;, &quot;mZHPO68jP&quot;, &quot;F2YX3ND77&quot;, &quot;N04DXqigt&quot;, &quot;mZHPO68jQ&quot;, &quot;N04DXqigm&quot;, &quot;N04DXqigo&quot;, &quot;N04DXqigp&quot;, &quot;N04DXqigk&quot;, &quot;H05mjkmfT&quot;, &quot;H05mjkmfU&quot;, &quot;H05mjkmfS&quot;, &quot;H05mjkmfX&quot;, &quot;H05mjkmfY&quot;, &quot;H05mjkmfV&quot;, &quot;H05mjkmfQ&quot;, &quot;H05mjkmfO&quot;, &quot;R5NANKpXT&quot;, &quot;R5NANKpXS&quot;, &quot;R5NANKpXV&quot;, &quot;R5NANKpXU&quot;, &quot;R5NANKpXW&quot;, &quot;R5NANKpXK&quot;, &quot;F2YX3ND79&quot;, &quot;R5NANKpXM&quot;, &quot;H05mjkmf0&quot;, &quot;R5NANKpXO&quot;, &quot;R5NANKpXR&quot;, &quot;R5NANKpXQ&quot;, &quot;LI5RzBhqb&quot;, &quot;LI5RzBhqa&quot;, &quot;ft0Io3ulZ&quot;, &quot;ft0Io3ulY&quot;, &quot;LI5RzBhqg&quot;, &quot;ft0Io3ulW&quot;, &quot;ft0Io3ulT&quot;, &quot;LI5RzBhqd&quot;, &quot;ft0Io3ulU&quot;, &quot;LI5RzBhqf&quot;, &quot;LI5RzBhqe&quot;, &quot;xcWeENTtB&quot;, &quot;ft0Io3ulN&quot;, &quot;xcWeENTtE&quot;, &quot;xcWeENTtD&quot;, &quot;xcWeENTtF&quot;, &quot;xcWeENTtI&quot;, &quot;xcWeENTtH&quot;, &quot;xcWeENTtK&quot;, &quot;xcWeENTtJ&quot;, &quot;w7f7Lh5Qh&quot;, &quot;w7f7Lh5Qd&quot;, &quot;MDSYwJhK0&quot;, &quot;MDSYwJhK2&quot;, &quot;H05mjkmfZ&quot;, &quot;ft0Io3ul4&quot;, &quot;ft0Io3ul2&quot;, &quot;ft0Io3ul3&quot;, &quot;ft0Io3ul0&quot;, &quot;j6OkCspRd&quot;, &quot;j6OkCspRe&quot;, &quot;j6OkCspRb&quot;, &quot;j6OkCspRc&quot;, &quot;t5QsdmFVD&quot;, &quot;t5QsdmFVJ&quot;, &quot;t5QsdmFVH&quot;, &quot;Ei4Q23q5A&quot;, &quot;t5QsdmFVN&quot;, &quot;LI5RzBhp6&quot;, &quot;t5QsdmFVL&quot;, &quot;LI5RzBhp9&quot;, &quot;LI5RzBhp8&quot;, &quot;t5QsdmFVM&quot;, &quot;Ei4Q23q5E&quot;, &quot;t5QsdmFVR&quot;, &quot;Ei4Q23q5D&quot;, &quot;t5QsdmFVS&quot;, &quot;t5QsdmFVP&quot;, &quot;LI5RzBhp4&quot;, &quot;Ei4Q23q5B&quot;, &quot;t5QsdmFVQ&quot;, &quot;w7f7Lh5Qn&quot;, &quot;WTc5amt4&quot;, &quot;w7f7Lh5Qm&quot;, &quot;jEpL8TpGv&quot;, &quot;WTc5amt1&quot;, &quot;w7f7Lh5Qp&quot;, &quot;WTc5amt2&quot;, &quot;w7f7Lh5Qj&quot;, &quot;WTc5amt7&quot;, &quot;WTc5amt8&quot;, &quot;w7f7Lh5Ql&quot;, &quot;WTc5amt6&quot;, &quot;w7f7Lh5Qr&quot;, &quot;w7f7Lh5Qq&quot;, &quot;w7f7Lh5Qs&quot;, &quot;tREaYAaQz&quot;, &quot;tREaYAaQt&quot;, &quot;tREaYAaQy&quot;, &quot;tREaYAaQx&quot;, &quot;tREaYAaQv&quot;, &quot;phGCcV89X&quot;, &quot;WTc5amtU&quot;, &quot;phGCcV89Z&quot;, &quot;Ei4Q23q5w&quot;, &quot;WTc5amt9&quot;, &quot;phGCcV89S&quot;, &quot;Ei4Q23q5I&quot;, &quot;Ei4Q23q5H&quot;, &quot;FLWDngfea&quot;, &quot;Ei4Q23q5F&quot;, &quot;phGCcV898&quot;, &quot;Ei4Q23q5K&quot;, &quot;Ei4Q23q5J&quot;, &quot;FLWDngfeh&quot;, &quot;FLWDngfej&quot;, &quot;FLWDngfei&quot;, &quot;FLWDngfef&quot;, &quot;FLWDngfee&quot;, &quot;phGCcV895&quot;, &quot;phGCcV896&quot;, &quot;phGCcV897&quot;, &quot;phGCcV891&quot;, &quot;phGCcV892&quot;, &quot;phGCcV893&quot;, &quot;BBxzDqjTz&quot;, &quot;k7hys6dPp&quot;, &quot;k7hys6dPq&quot;, &quot;cDXgD9FH4&quot;, &quot;k7hys6dPl&quot;, &quot;cDXgD9FH2&quot;, &quot;cDXgD9FH1&quot;, &quot;cDXgD9FH0&quot;, &quot;k7hys6dPn&quot;, &quot;k7hys6dPo&quot;, &quot;FLWDngfeo&quot;, &quot;ECXfblJN2&quot;, &quot;FLWDngfel&quot;, &quot;ECXfblJN9&quot;, &quot;ECXfblJN6&quot;, &quot;FLWDngfen&quot;, &quot;ECXfblJN7&quot;, &quot;FLWDngfem&quot;, &quot;cDXgD9FHM&quot;, &quot;cDXgD9FHU&quot;, &quot;cDXgD9FHT&quot;, &quot;k7hys6dPh&quot;, &quot;k7hys6dPj&quot;, &quot;k7hys6dPk&quot;, &quot;cDXgD9FHZ&quot;, &quot;cDXgD9FHY&quot;, &quot;k7hys6dPf&quot;, &quot;cDXgD9FHW&quot;, &quot;CKwXPkPjH&quot;, &quot;CKwXPkPjI&quot;, &quot;CKwXPkPjF&quot;, &quot;CKwXPkPjL&quot;, &quot;tREaYAaQp&quot;, &quot;CKwXPkPjM&quot;, &quot;CKwXPkPjJ&quot;, &quot;BBxzDqjTA&quot;, &quot;BBxzDqjTB&quot;, &quot;BBxzDqjTD&quot;, &quot;BBxzDqjTE&quot;, &quot;jEpL8TpGL&quot;, &quot;CKwXPkPjE&quot;, &quot;BBxzDqjTF&quot;, &quot;jEpL8TpGM&quot;, &quot;jEpL8TpGJ&quot;, &quot;BBxzDqjTG&quot;, &quot;jEpL8TpGK&quot;, &quot;CKwXPkPjN&quot;, &quot;CKwXPkPjO&quot;, &quot;k7hys6dO9&quot;, &quot;tREaYAaQE&quot;, &quot;tREaYAaQD&quot;, &quot;tREaYAaQC&quot;, &quot;tREaYAaQB&quot;, &quot;jEpL8TpGH&quot;, &quot;FQSoCXz9&quot;, &quot;jEpL8TpGF&quot;, &quot;jEpL8TpGG&quot;, &quot;jEpL8TpGD&quot;, &quot;jEpL8TpGB&quot;, &quot;BBxzDqjTr&quot;, &quot;FQSoCXz1&quot;, &quot;BBxzDqjTw&quot;, &quot;BBxzDqjTx&quot;, &quot;j6OkCspQ7&quot;, &quot;OQbD02uX0&quot;, &quot;j6OkCspQ8&quot;, &quot;j6OkCspQ5&quot;, &quot;j6OkCspQ3&quot;, &quot;OQbD02uX7&quot;, &quot;OQbD02uX8&quot;, &quot;OQbD02uX5&quot;, &quot;OQbD02uX6&quot;, &quot;OQbD02uX4&quot;, &quot;OQbD02uX2&quot;, &quot;ECXfblJOe&quot;, &quot;j6OkCspQX&quot;, &quot;ECXfblJOf&quot;, &quot;ECXfblJOd&quot;, &quot;xcWeENTtv&quot;, &quot;ECXfblJOg&quot;, &quot;OQbD02uXW&quot;, &quot;xcWeENTtz&quot;, &quot;ECXfblJOa&quot;, &quot;ECXfblJOb&quot;, &quot;OQbD02uXY&quot;, &quot;j6OkCspQ9&quot;, &quot;NHcfO7ZxT&quot;, &quot;NHcfO7ZxS&quot;, &quot;NHcfO7ZxU&quot;, &quot;NHcfO7ZxX&quot;, &quot;NHcfO7ZxW&quot;, &quot;NHcfO7ZxZ&quot;, &quot;NHcfO7ZxY&quot;, &quot;ElUUuOkUa&quot;, &quot;NHcfO7ZxO&quot;, &quot;NHcfO7ZxQ&quot;, &quot;ElUUuOkUh&quot;, &quot;ElUUuOkUi&quot;, &quot;ElUUuOkUj&quot;, &quot;ElUUuOkUe&quot;, &quot;ElUUuOkUf&quot;, &quot;ElUUuOkUo&quot;, &quot;ElUUuOkUl&quot;, &quot;ElUUuOkUm&quot;, &quot;ElUUuOkUn&quot;, &quot;GUV1zaKEr&quot;, &quot;GUV1zaKEt&quot;, &quot;GUV1zaKEu&quot;, &quot;GUV1zaKEv&quot;, &quot;NHcfO7Zx0&quot;, &quot;GUV1zaKEw&quot;, &quot;GUV1zaKEk&quot;, &quot;GUV1zaKEm&quot;, &quot;TPHHOuC0s&quot;, &quot;GUV1zaKEn&quot;, &quot;TPHHOuC0r&quot;, &quot;TPHHOuC0q&quot;, &quot;GUV1zaKEp&quot;, &quot;TPHHOuC0p&quot;, &quot;GUV1zaKEq&quot;, &quot;TPHHOuC0o&quot;, &quot;yT0idNcHt&quot;, &quot;yT0idNcHs&quot;, &quot;yT0idNcHv&quot;, &quot;yT0idNcHx&quot;, &quot;yT0idNcHw&quot;, &quot;yT0idNcHz&quot;, &quot;PtWqhC6o7&quot;, &quot;wfi4fUZka&quot;, &quot;PtWqhC6o6&quot;, &quot;yT0idNcHn&quot;, &quot;PtWqhC6o9&quot;, &quot;PtWqhC6o8&quot;, &quot;PtWqhC6o2&quot;, &quot;PtWqhC6o5&quot;, &quot;PtWqhC6o4&quot;, &quot;wfi4fUZkc&quot;, &quot;wfi4fUZkb&quot;, &quot;nDsB5HJKJ&quot;, &quot;S0AHKSqiG&quot;, &quot;ltZZ29qmt&quot;, &quot;ltZZ29qmu&quot;, &quot;rQHJhiyUg&quot;, &quot;S0AHKSqiE&quot;, &quot;nDsB5HJKL&quot;, &quot;ltZZ29qmv&quot;, &quot;rQHJhiyUf&quot;, &quot;nDsB5HJKN&quot;, &quot;S0AHKSqiK&quot;, &quot;ltZZ29qmx&quot;, &quot;nDsB5HJKO&quot;, &quot;ltZZ29qmy&quot;, &quot;S0AHKSqiI&quot;, &quot;nDsB5HJKP&quot;, &quot;ltZZ29qmz&quot;, &quot;ltZZ29qmk&quot;, &quot;rQHJhiyUa&quot;, &quot;S0AHKSqiN&quot;, &quot;nDsB5HJKR&quot;, &quot;S0AHKSqiO&quot;, &quot;S0AHKSqiL&quot;, &quot;nDsB5HJKS&quot;, &quot;S0AHKSqiM&quot;, &quot;nDsB5HJKT&quot;, &quot;rQHJhiyUe&quot;, &quot;nDsB5HJKU&quot;, &quot;ltZZ29qmp&quot;, &quot;rQHJhiyUd&quot;, &quot;S0AHKSqiP&quot;, &quot;ltZZ29qmr&quot;, &quot;rQHJhiyUb&quot;, &quot;S0AHKSqiQ&quot;, &quot;PtWqhC6oY&quot;, &quot;uye0GVF6e&quot;, &quot;uye0GVF6d&quot;, &quot;uye0GVF6b&quot;, &quot;uye0GVF6i&quot;, &quot;uye0GVF6h&quot;, &quot;yT0idNcHC&quot;, &quot;Om2JTE15&quot;, &quot;uye0GVF6f&quot;, &quot;nDsB5HJKE&quot;, &quot;Om2JTE16&quot;, &quot;Om2JTE18&quot;, &quot;uye0GVF6k&quot;, &quot;DH98edJs8&quot;, &quot;uye0GVF6j&quot;, &quot;CQc4IQCW1&quot;, &quot;iMsIDwjaf&quot;, &quot;CQc4IQCW0&quot;, &quot;wfi4fUZjX&quot;, &quot;iMsIDwjal&quot;, &quot;iMsIDwjan&quot;, &quot;iMsIDwjap&quot;, &quot;CQc4IQCW6&quot;, &quot;iMsIDwjaq&quot;, &quot;CQc4IQCW5&quot;, &quot;iMsIDwjar&quot;, &quot;CQc4IQCW4&quot;, &quot;CQc4IQCW3&quot;, &quot;iMsIDwjat&quot;, &quot;iMsIDwjau&quot;, &quot;iMsIDwjav&quot;, &quot;iMsIDwjaw&quot;, &quot;wfi4fUZj9&quot;, &quot;Om2JTE1Y&quot;, &quot;CQc4IQCWR&quot;, &quot;OKvw7wHkE&quot;, &quot;OKvw7wHkG&quot;, &quot;DH98edJtc&quot;, &quot;bjBEFdy04&quot;, &quot;Om2JTE2a&quot;, &quot;Om2JTE2b&quot;, &quot;CQc4IQCWZ&quot;, &quot;DH98edJtf&quot;, &quot;Om2JTE2c&quot;, &quot;DH98edJtg&quot;, &quot;wfi4fUZj7&quot;, &quot;OKvw7wHkM&quot;, &quot;Om2JTE2d&quot;, &quot;CQc4IQCWX&quot;, &quot;DH98edJtd&quot;, &quot;wfi4fUZj6&quot;, &quot;OKvw7wHkN&quot;, &quot;Om2JTE2e&quot;, &quot;CQc4IQCWW&quot;, &quot;PtWqhC6o0&quot;, &quot;wfi4fUZj5&quot;, &quot;OKvw7wHkO&quot;, &quot;Om2JTE2f&quot;, &quot;DH98edJtj&quot;, &quot;wfi4fUZj3&quot;, &quot;OKvw7wHkI&quot;, &quot;DH98edJtk&quot;, &quot;OKvw7wHkJ&quot;, &quot;DH98edJth&quot;, &quot;wfi4fUZj1&quot;, &quot;OKvw7wHkK&quot;, &quot;OKvw7wHkP&quot;, &quot;OKvw7wHkQ&quot;, &quot;ltZZ29qmA&quot;, &quot;rQHJhiyT7&quot;, &quot;DH98edJtl&quot;, &quot;rQHJhiyT5&quot;, &quot;DH98edJtm&quot;, &quot;rQHJhiyT9&quot;, &quot;rQHJhiyT0&quot;, &quot;OwjfSKcfq&quot;, &quot;OwjfSKcfu&quot;, &quot;OwjfSKcfv&quot;, &quot;OwjfSKcfs&quot;, &quot;OwjfSKcfy&quot;, &quot;OwjfSKcfz&quot;, &quot;OwjfSKcfw&quot;, &quot;OwjfSKcfA&quot;, &quot;hOPyeDo0W&quot;, &quot;OwjfSKcfB&quot;, &quot;A3sUglv5H&quot;, &quot;hOPyeDo0T&quot;, &quot;hOPyeDo0U&quot;, &quot;A3sUglv5N&quot;, &quot;hOPyeDo0S&quot;, &quot;hOPyeDo0P&quot;, &quot;OwjfSKcfC&quot;, &quot;A3sUglv5M&quot;, &quot;hOPyeDo0Q&quot;, &quot;A3sUglv5R&quot;, &quot;A3sUglv5P&quot;, &quot;A3sUglv5Q&quot;, &quot;A3sUglv5V&quot;, &quot;A3sUglv5W&quot;, &quot;A3sUglv5T&quot;, &quot;hOPyeDo0X&quot;, &quot;A3sUglv5U&quot;, &quot;hOPyeDo0Y&quot;, &quot;SDSgaPdLy&quot;, &quot;PtWqhC6pa&quot;, &quot;SDSgaPdLu&quot;, &quot;SDSgaPdLw&quot;, &quot;SDSgaPdLA&quot;, &quot;SDSgaPdLC&quot;, &quot;SDSgaPdLB&quot;, &quot;sRaW7WmSc&quot;, &quot;uye0GVF55&quot;, &quot;SDSgaPdLE&quot;, &quot;sRaW7WmSh&quot;, &quot;SDSgaPdLD&quot;, &quot;SDSgaPdLG&quot;, &quot;uye0GVF59&quot;, &quot;sRaW7WmSj&quot;, &quot;SDSgaPdLF&quot;, &quot;sRaW7WmSl&quot;, &quot;sRaW7WmSm&quot;, &quot;sRaW7WmSn&quot;, &quot;sRaW7WmSp&quot;, &quot;sRaW7WmSq&quot;, &quot;sRaW7WmSr&quot;, &quot;hOPyeDo0N&quot;, &quot;sRaW7WmSs&quot;, &quot;hOPyeDo0H&quot;, &quot;vJ4skA5k4&quot;, &quot;vJ4skA5k3&quot;, &quot;vJ4skA5k6&quot;, &quot;vJ4skA5k5&quot;, &quot;vJ4skA5k0&quot;, &quot;dVsPbkSzQ&quot;, &quot;vJ4skA5k1&quot;, &quot;dVsPbkSzY&quot;, &quot;dVsPbkSzX&quot;, &quot;dVsPbkSz6&quot;, &quot;dVsPbkSz5&quot;, &quot;dVsPbkSz4&quot;, &quot;dVsPbkSz3&quot;, &quot;dVsPbkSz2&quot;, &quot;dVsPbkSz0&quot;, &quot;dVsPbkSz8&quot;, &quot;KFMAhczDe&quot;, &quot;SGIjCz7Aj&quot;, &quot;SGIjCz7Ak&quot;, &quot;KFMAhczDg&quot;, &quot;KFMAhczDi&quot;, &quot;SGIjCz7Af&quot;, &quot;SGIjCz7Ag&quot;, &quot;KFMAhczDk&quot;, &quot;SGIjCz7Ah&quot;, &quot;KFMAhczDj&quot;, &quot;SGIjCz7Ai&quot;, &quot;KFMAhczDl&quot;, &quot;KFMAhczDo&quot;, &quot;KFMAhczDn&quot;, &quot;KFMAhczDq&quot;, &quot;KFMAhczDp&quot;, &quot;e4sdnfnZ8&quot;, &quot;SGIjCz7Ac&quot;, &quot;SGIjCz7Ae&quot;, &quot;e4sdnfnZ5&quot;, &quot;e4sdnfnZ6&quot;, &quot;SGIjCz7Aa&quot;, &quot;GmRmb5WQF&quot;, &quot;GmRmb5WQG&quot;, &quot;GmRmb5WQH&quot;, &quot;GmRmb5WQJ&quot;, &quot;GmRmb5WQK&quot;, &quot;GmRmb5WQL&quot;, &quot;GmRmb5WQM&quot;, &quot;GmRmb5WQA&quot;, &quot;GmRmb5WQC&quot;, &quot;GmRmb5WQD&quot;, &quot;vJ4skA5kV&quot;, &quot;vJ4skA5kR&quot;, &quot;e4sdnfnZY&quot;, &quot;vJ4skA5kX&quot;, &quot;vJ4skA5kZ&quot;, &quot;oj3rN3e0z&quot;, &quot;oj3rN3e0k&quot;, &quot;oj3rN3e0p&quot;, &quot;oj3rN3e0t&quot;, &quot;oj3rN3e0u&quot;, &quot;oj3rN3e0r&quot;, &quot;oj3rN3e0x&quot;, &quot;oj3rN3e0y&quot;, &quot;oj3rN3e0v&quot;, &quot;vyIexzt4n&quot;, &quot;vyIexzt4p&quot;, &quot;vyIexzt4l&quot;, &quot;vyIexzt4h&quot;, &quot;bjBEFdy1c&quot;, &quot;bjBEFdy1b&quot;, &quot;bjBEFdy1g&quot;, &quot;bjBEFdy1h&quot;, &quot;bjBEFdy1e&quot;, &quot;bjBEFdy1k&quot;, &quot;vyIexzt4v&quot;, &quot;vyIexzt4u&quot;, &quot;bjBEFdy1l&quot;, &quot;bjBEFdy1i&quot;, &quot;bjBEFdy1j&quot;, &quot;vyIexzt4w&quot;, &quot;vyIexzt4r&quot;, &quot;vyIexzt4q&quot;, &quot;vyIexzt4t&quot;, &quot;IBZ4793So&quot;, &quot;IBZ4793Sn&quot;, &quot;IBZ4793Sm&quot;, &quot;IBZ4793Sl&quot;, &quot;IBZ4793Sj&quot;, &quot;IBZ4793Si&quot;, &quot;IBZ4793Sh&quot;, &quot;IBZ4793Sg&quot;, &quot;IBZ4793Se&quot;, &quot;IBZ4793Sc&quot;, &quot;F2YX3ND8b&quot;, &quot;F2YX3ND8e&quot;, &quot;F2YX3ND8d&quot;, &quot;F2YX3ND8g&quot;, &quot;F2YX3ND8f&quot;, &quot;F2YX3ND8a&quot;, &quot;umSMTT4PE&quot;, &quot;umSMTT4PD&quot;, &quot;Jog1J1mLj&quot;, &quot;Jog1J1mLk&quot;, &quot;umSMTT4PB&quot;, &quot;Jog1J1mLl&quot;, &quot;zAA7V8HW9&quot;, &quot;Jog1J1mLe&quot;, &quot;zAA7V8HW8&quot;, &quot;Jog1J1mLf&quot;, &quot;Jog1J1mLg&quot;, &quot;Jog1J1mLh&quot;, &quot;zAA7V8HW3&quot;, &quot;umSMTT4PK&quot;, &quot;umSMTT4PJ&quot;, &quot;umSMTT4PI&quot;, &quot;i0EZSiOfK&quot;, &quot;Jog1J1mLm&quot;, &quot;MPfcjKS1y&quot;, &quot;umSMTT4PH&quot;, &quot;i0EZSiOfI&quot;, &quot;umSMTT4PF&quot;, &quot;i0EZSiOfJ&quot;, &quot;JlqYigsWy&quot;, &quot;JlqYigsWw&quot;, &quot;Jog1J1mLa&quot;, &quot;Jog1J1mLc&quot;, &quot;CS28aBwLv&quot;, &quot;r4T0v43Ze&quot;, &quot;njAdXpq2f&quot;, &quot;njAdXpq2d&quot;, &quot;r4T0v43Zj&quot;, &quot;r4T0v43Zl&quot;, &quot;r4T0v43Zn&quot;, &quot;r4T0v43Zp&quot;, &quot;r4T0v43Zo&quot;, &quot;r4T0v43Zr&quot;, &quot;r4T0v43Zt&quot;, &quot;i0EZSiOfH&quot;, &quot;r4T0v43Zs&quot;, &quot;i0EZSiOfE&quot;, &quot;i0EZSiOfF&quot;, &quot;r4T0v43Zu&quot;, &quot;i0EZSiOfD&quot;, &quot;i0EZSiOfB&quot;, &quot;njAdXpq2j&quot;, &quot;NVow3UuDc&quot;, &quot;NVow3UuDd&quot;, &quot;njAdXpq2h&quot;, &quot;NVow3UuDa&quot;, &quot;njAdXpq2i&quot;, &quot;NVow3UuDb&quot;, &quot;njAdXpq2n&quot;, &quot;njAdXpq2o&quot;, &quot;njAdXpq2l&quot;, &quot;NVow3UuDe&quot;, &quot;njAdXpq2m&quot;, &quot;tuVJowYjj&quot;, &quot;NVow3UuC8&quot;, &quot;tuVJowYjl&quot;, &quot;tuVJowYjf&quot;, &quot;NVow3UuC2&quot;, &quot;NVow3UuC6&quot;, &quot;zZ9CXWOi6&quot;, &quot;NVow3UuC7&quot;, &quot;zZ9CXWOi5&quot;, &quot;NVow3UuC4&quot;, &quot;zZ9CXWOi4&quot;, &quot;zZ9CXWOi3&quot;, &quot;zZ9CXWOi1&quot;, &quot;zZ9CXWOi0&quot;, &quot;wqFh2WAAJ&quot;, &quot;eYL6tJAmN&quot;, &quot;wqFh2WAAL&quot;, &quot;eYL6tJAmO&quot;, &quot;wqFh2WAAK&quot;, &quot;i0EZSiOft&quot;, &quot;wqFh2WAAM&quot;, &quot;wqFh2WAAB&quot;, &quot;zZ9CXWOiZ&quot;, &quot;wqFh2WAAD&quot;, &quot;zZ9CXWOiX&quot;, &quot;eYL6tJAmG&quot;, &quot;njAdXpq18&quot;, &quot;zZ9CXWOiW&quot;, &quot;wqFh2WAAF&quot;, &quot;wqFh2WAAH&quot;, &quot;wqFh2WAAG&quot;, &quot;zZ9CXWOiR&quot;, &quot;CS28aBwLD&quot;, &quot;CS28aBwLE&quot;, &quot;CS28aBwLF&quot;, &quot;CS28aBwLH&quot;, &quot;eYL6tJAmX&quot;, &quot;CS28aBwLI&quot;, &quot;eYL6tJAmY&quot;, &quot;CS28aBwLJ&quot;, &quot;CS28aBwLK&quot;, &quot;eYL6tJAmT&quot;, &quot;tuVJowYjs&quot;, &quot;eYL6tJAmU&quot;, &quot;tuVJowYjr&quot;, &quot;tuVJowYju&quot;, &quot;eYL6tJAmW&quot;, &quot;tuVJowYjt&quot;, &quot;tuVJowYjo&quot;, &quot;CS28aBwLA&quot;, &quot;eYL6tJAmQ&quot;, &quot;tuVJowYjn&quot;, &quot;CS28aBwLB&quot;, &quot;i0EZSiOfz&quot;, &quot;eYL6tJAmS&quot;, &quot;tuVJowYjp&quot;, &quot;b22xPjX5o&quot;, &quot;b22xPjX5w&quot;, &quot;b22xPjX5v&quot;, &quot;RmmHDD0Tz&quot;, &quot;b22xPjX5y&quot;, &quot;NktOe4M0E&quot;, &quot;NktOe4M0G&quot;, &quot;NktOe4M0I&quot;, &quot;NktOe4M0K&quot;, &quot;NktOe4M0J&quot;, &quot;NktOe4M0M&quot;, &quot;NktOe4M0O&quot;, &quot;wnPeBbGLZ&quot;, &quot;NktOe4M0N&quot;, &quot;NktOe4M0Q&quot;, &quot;NktOe4M0P&quot;, &quot;wnPeBbGLX&quot;, &quot;qYKFLVsnX&quot;, &quot;qYKFLVsnY&quot;, &quot;qYKFLVsnZ&quot;, &quot;wnPeBbGLT&quot;, &quot;qYKFLVsnT&quot;, &quot;fwQLQOoaA&quot;, &quot;qYKFLVsnU&quot;, &quot;qYKFLVsnV&quot;, &quot;fwQLQOoaC&quot;, &quot;qYKFLVsnP&quot;, &quot;qYKFLVsnR&quot;, &quot;fwQLQOoaH&quot;, &quot;fwQLQOoaI&quot;, &quot;fwQLQOoaD&quot;, &quot;fwQLQOoaE&quot;, &quot;qYKFLVsnK&quot;, &quot;fwQLQOoaG&quot;, &quot;fwQLQOoar&quot;, &quot;fwQLQOoax&quot;, &quot;fwQLQOoay&quot;, &quot;MPfcjKS1F&quot;, &quot;MPfcjKS1E&quot;, &quot;MPfcjKS1D&quot;, &quot;MPfcjKS1C&quot;, &quot;MPfcjKS1A&quot;, &quot;MPfcjKS1K&quot;, &quot;MPfcjKS1J&quot;, &quot;MPfcjKS1I&quot;, &quot;MPfcjKS1H&quot;, &quot;Q8aqoRvOo&quot;, &quot;Q8aqoRvOk&quot;, &quot;Q8aqoRvOl&quot;, &quot;Q8aqoRvOm&quot;, &quot;Q8aqoRvOn&quot;, &quot;Q8aqoRvOg&quot;, &quot;Q8aqoRvOi&quot;, &quot;Q8aqoRvOj&quot;, &quot;Q8aqoRvOc&quot;, &quot;Q8aqoRvOe&quot;, &quot;ien3grvmL&quot;, &quot;ien3grvmK&quot;, &quot;ien3grvmM&quot;, &quot;ien3grvmH&quot;, &quot;ien3grvmG&quot;, &quot;ien3grvmJ&quot;, &quot;ien3grvmD&quot;, &quot;ien3grvmF&quot;, &quot;ien3grvmB&quot;, &quot;nxMvcbV7t&quot;, &quot;eQfV8sSU0&quot;, &quot;nxMvcbV7v&quot;, &quot;nxMvcbV7x&quot;, &quot;nxMvcbV7w&quot;, &quot;nxMvcbV7z&quot;, &quot;eQfV8sSU1&quot;, &quot;eQfV8sSU2&quot;, &quot;MA2U4YnWq&quot;, &quot;MA2U4YnWr&quot;, &quot;Mj0AoqY2B&quot;, &quot;Mj0AoqY2C&quot;, &quot;MA2U4YnWt&quot;, &quot;Mj0AoqY2D&quot;, &quot;lzF6WFdZS&quot;, &quot;MA2U4YnWm&quot;, &quot;Mj0AoqY2E&quot;, &quot;RmmHDD0TC&quot;, &quot;RmmHDD0TB&quot;, &quot;MA2U4YnWo&quot;, &quot;x13eIp6a7&quot;, &quot;MA2U4YnWp&quot;, &quot;MA2U4YnWk&quot;, &quot;RmmHDD0TA&quot;, &quot;lzF6WFdZC&quot;, &quot;eQfV8sSUK&quot;, &quot;lzF6WFdZJ&quot;, &quot;grDSNWovC&quot;, &quot;grDSNWovB&quot;, &quot;lzF6WFdZH&quot;, &quot;eQfV8sSUW&quot;, &quot;lzF6WFdZN&quot;, &quot;lzF6WFdZM&quot;, &quot;eQfV8sSUX&quot;, &quot;eQfV8sSUU&quot;, &quot;lzF6WFdZL&quot;, &quot;grDSNWovA&quot;, &quot;eQfV8sSUS&quot;, &quot;MA2U4YnWu&quot;, &quot;lzF6WFdZR&quot;, &quot;lzF6WFdZQ&quot;, &quot;MA2U4YnWv&quot;, &quot;lzF6WFdZP&quot;, &quot;MA2U4YnWw&quot;, &quot;eQfV8sSUR&quot;, &quot;eQfV8sSUY&quot;, &quot;ien3grvmv&quot;, &quot;RmmHDD0Tw&quot;, &quot;RmmHDD0Ty&quot;, &quot;RmmHDD0Tx&quot;, &quot;RmmHDD0Ts&quot;, &quot;zUtv4q0FE&quot;, &quot;zUtv4q0FF&quot;, &quot;RmmHDD0Tu&quot;, &quot;zUtv4q0FH&quot;, &quot;zUtv4q0FI&quot;, &quot;RmmHDD0Tq&quot;, &quot;zUtv4q0FJ&quot;, &quot;zUtv4q0FL&quot;, &quot;zUtv4q0FM&quot;, &quot;zUtv4q0FN&quot;, &quot;zUtv4q0FO&quot;, &quot;grDSNWovw&quot;, &quot;yCXXxfNNz&quot;, &quot;grDSNWovy&quot;, &quot;grDSNWovx&quot;, &quot;grDSNWovr&quot;, &quot;grDSNWovu&quot;, &quot;grDSNWovt&quot;, &quot;Mj0AoqY2y&quot;, &quot;Mj0AoqY2z&quot;, &quot;grDSNWovl&quot;, &quot;Mj0AoqY2s&quot;, &quot;Mj0AoqY2u&quot;, &quot;Mj0AoqY2w&quot;, &quot;Mj0AoqY2x&quot;, &quot;NJ2jgSTmy&quot;, &quot;zUtv4q0Fz&quot;, &quot;yCXXxfNNv&quot;, &quot;yT0idNcHB&quot;, &quot;yT0idNcHA&quot;, &quot;yCXXxfNNB&quot;, &quot;yCXXxfNND&quot;, &quot;yCXXxfNNE&quot;, &quot;yCXXxfNNF&quot;, &quot;yCXXxfNNH&quot;, &quot;yCXXxfNNI&quot;, &quot;yCXXxfNNJ&quot;, &quot;yCXXxfNNK&quot;, &quot;umSMTT4Pz&quot;, &quot;umSMTT4Pv&quot;, &quot;cPjurbgYm&quot;, &quot;cPjurbgYw&quot;, &quot;za2CUkBBp&quot;, &quot;NeNHlyZnw&quot;, &quot;NeNHlyZnv&quot;, &quot;za2CUkBBn&quot;, &quot;cPjurbgYy&quot;, &quot;NeNHlyZny&quot;, &quot;za2CUkBBo&quot;, &quot;NeNHlyZnx&quot;, &quot;NeNHlyZns&quot;, &quot;za2CUkBBt&quot;, &quot;NeNHlyZnr&quot;, &quot;za2CUkBBu&quot;, &quot;cPjurbgYu&quot;, &quot;NeNHlyZnu&quot;, &quot;za2CUkBBr&quot;, &quot;cPjurbgYt&quot;, &quot;za2CUkBBs&quot;, &quot;cPjurbgYz&quot;, &quot;Mbup3ahAG&quot;, &quot;Mbup3ahAH&quot;, &quot;Mbup3ahAI&quot;, &quot;Mbup3ahAC&quot;, &quot;Mbup3ahAD&quot;, &quot;Mbup3ahAF&quot;, &quot;fcYnIv5sc&quot;, &quot;Mbup3ahAA&quot;, &quot;fcYnIv5sb&quot;, &quot;Mbup3ahAB&quot;, &quot;fcYnIv5sa&quot;, &quot;rwPk80gbu&quot;, &quot;rwPk80gbz&quot;, &quot;fcYnIv5r2&quot;, &quot;fcYnIv5r1&quot;, &quot;fcYnIv5r7&quot;, &quot;fcYnIv5r6&quot;, &quot;fcYnIv5r4&quot;, &quot;fcYnIv5r8&quot;, &quot;NeNHlyZno&quot;, &quot;NeNHlyZnq&quot;, &quot;cPjurbgYA&quot;, &quot;rwPk80gbK&quot;, &quot;NeNHlyZnm&quot;, &quot;rwPk80gbE&quot;, &quot;rwPk80gbF&quot;, &quot;fcYnIv5rU&quot;, &quot;rwPk80gbD&quot;, &quot;rwPk80gbI&quot;, &quot;cPjurbgYC&quot;, &quot;cPjurbgYB&quot;, &quot;rwPk80gbJ&quot;, &quot;cPjurbgYE&quot;, &quot;rwPk80gbH&quot;, &quot;yFN0Y0HCh&quot;, &quot;yFN0Y0HCf&quot;, &quot;yFN0Y0HCd&quot;, &quot;rwPk80gbB&quot;, &quot;yFN0Y0HCo&quot;, &quot;yFN0Y0HCm&quot;, &quot;yFN0Y0HCn&quot;, &quot;Mbup3ahAw&quot;, &quot;yFN0Y0HCl&quot;, &quot;Mbup3ahAy&quot;, &quot;yFN0Y0HCi&quot;, &quot;yFN0Y0HCj&quot;, &quot;KICDIXtrW&quot;, &quot;KICDIXtrU&quot;, &quot;KICDIXtrZ&quot;, &quot;KICDIXtrY&quot;, &quot;GvnwxmEiw&quot;, &quot;KICDIXtrX&quot;, &quot;GvnwxmEiz&quot;, &quot;GvnwxmEiy&quot;, &quot;zpeT866Gt&quot;, &quot;KICDIXtrS&quot;, &quot;zpeT866Gz&quot;, &quot;zpeT866Gy&quot;, &quot;KICDIXtr4&quot;, &quot;KICDIXtr3&quot;, &quot;KICDIXtr2&quot;, &quot;KICDIXtr1&quot;, &quot;I4oDBI32I&quot;, &quot;ONlAzhA9i&quot;, &quot;I4oDBI32G&quot;, &quot;I4oDBI32L&quot;, &quot;I4oDBI32J&quot;, &quot;I4oDBI32K&quot;, &quot;zpeT866GG&quot;, &quot;I4oDBI32P&quot;, &quot;zpeT866GF&quot;, &quot;I4oDBI32Q&quot;, &quot;I4oDBI32N&quot;, &quot;nxMvcbV7m&quot;, &quot;zpeT866GD&quot;, &quot;I4oDBI32O&quot;, &quot;nxMvcbV7r&quot;, &quot;zpeT866GI&quot;, &quot;yFN0Y0HB9&quot;, &quot;zpeT866GH&quot;, &quot;gFP92ITAP&quot;, &quot;zuU02CUjL&quot;, &quot;gFP92ITAQ&quot;, &quot;zuU02CUjQ&quot;, &quot;zpeT866GC&quot;, &quot;gFP92ITAL&quot;, &quot;ONlAzhA9s&quot;, &quot;zpeT866GB&quot;, &quot;gFP92ITAM&quot;, &quot;ONlAzhA9r&quot;, &quot;J7HUT7LPz&quot;, &quot;ONlAzhA9u&quot;, &quot;zuU02CUjR&quot;, &quot;J7HUT7LPy&quot;, &quot;gFP92ITAO&quot;, &quot;ONlAzhA9t&quot;, &quot;zuU02CUjU&quot;, &quot;ONlAzhA9o&quot;, &quot;J7HUT7LPw&quot;, &quot;zuU02CUjT&quot;, &quot;ONlAzhA9n&quot;, &quot;ONlAzhA9q&quot;, &quot;J7HUT7LPu&quot;, &quot;zuU02CUjV&quot;, &quot;ONlAzhA9k&quot;, &quot;zuU02CUjY&quot;, &quot;zuU02CUjX&quot;, &quot;ONlAzhA9m&quot;, &quot;zuU02CUjZ&quot;, &quot;nxMvcbV7C&quot;, &quot;gFP92ITAH&quot;, &quot;gFP92ITAI&quot;, &quot;J7HUT7LPG&quot;, &quot;J7HUT7LPF&quot;, &quot;uJBetXhmU&quot;, &quot;gFP92ITAK&quot;, &quot;J7HUT7LPE&quot;, &quot;J7HUT7LPD&quot;, &quot;uJBetXhmS&quot;, &quot;uJBetXhmT&quot;, &quot;gFP92ITAF&quot;, &quot;J7HUT7LPB&quot;, &quot;J7HUT7LPA&quot;, &quot;uJBetXhmR&quot;, &quot;uJBetXhmO&quot;, &quot;uJBetXhmP&quot;, &quot;uJBetXhmN&quot;, &quot;uJBetXhmL&quot;, &quot;uJBetXhmJ&quot;, &quot;uJBetXhmF&quot;, &quot;I4oDBI32E&quot;, &quot;nxMvcbV7B&quot;, &quot;nxMvcbV7A&quot;, &quot;EZFGLoWlh&quot;, &quot;EZFGLoWlg&quot;, &quot;oJBWPRll8&quot;, &quot;EZFGLoWll&quot;, &quot;zxK4unN8C&quot;, &quot;sOkTGbs3F&quot;, &quot;zxK4unN8B&quot;, &quot;EZFGLoWlj&quot;, &quot;zxK4unN8E&quot;, &quot;sOkTGbs3D&quot;, &quot;EZFGLoWlk&quot;, &quot;zxK4unN8D&quot;, &quot;sOkTGbs3J&quot;, &quot;sOkTGbs3I&quot;, &quot;maAPLuVB0&quot;, &quot;sOkTGbs3H&quot;, &quot;maAPLuVB7&quot;, &quot;sOkTGbs3O&quot;, &quot;sOkTGbs3N&quot;, &quot;maAPLuVB5&quot;, &quot;sOkTGbs3M&quot;, &quot;EZFGLoWlc&quot;, &quot;sOkTGbs3L&quot;, &quot;iDWyifBIA&quot;, &quot;iDWyifBIr&quot;, &quot;iDWyifBIt&quot;, &quot;iDWyifBIu&quot;, &quot;iDWyifBIv&quot;, &quot;iDWyifBIx&quot;, &quot;iDWyifBIy&quot;, &quot;iDWyifBIz&quot;, &quot;MmQDQbSQ8&quot;, &quot;MmQDQbSQ6&quot;, &quot;maAPLuVB9&quot;, &quot;zuU02CUj0&quot;, &quot;EZFGLoWlp&quot;, &quot;iDWyifBIj&quot;, &quot;EZFGLoWlq&quot;, &quot;EZFGLoWln&quot;, &quot;EZFGLoWlo&quot;, &quot;iDWyifBIp&quot;, &quot;GvnwxmEiB&quot;, &quot;GvnwxmEiD&quot;, &quot;GvnwxmEiC&quot;, &quot;GvnwxmEiF&quot;, &quot;GvnwxmEiH&quot;, &quot;GvnwxmEiG&quot;, &quot;wnPeBbGL5&quot;, &quot;wnPeBbGL6&quot;, &quot;GvnwxmEiI&quot;, &quot;wnPeBbGL7&quot;, &quot;JwNb5h4di&quot;, &quot;JwNb5h4dh&quot;, &quot;wnPeBbGL8&quot;, &quot;wnPeBbGL1&quot;, &quot;JwNb5h4dg&quot;, &quot;wnPeBbGL2&quot;, &quot;JwNb5h4df&quot;, &quot;wnPeBbGL3&quot;, &quot;JwNb5h4dd&quot;, &quot;oJBWPRlmf&quot;, &quot;Svl5PywjE&quot;, &quot;Svl5PywjF&quot;, &quot;oJBWPRlmd&quot;, &quot;Svl5PywjG&quot;, &quot;oJBWPRlmi&quot;, &quot;Svl5PywjA&quot;, &quot;oJBWPRlmj&quot;, &quot;Svl5PywjC&quot;, &quot;oJBWPRlmh&quot;, &quot;oJBWPRlmm&quot;, &quot;OfgVccNlG&quot;, &quot;oJBWPRlmn&quot;, &quot;OfgVccNlD&quot;, &quot;OfgVccNlE&quot;, &quot;oJBWPRlml&quot;, &quot;OfgVccNlJ&quot;, &quot;OfgVccNlK&quot;, &quot;OfgVccNlH&quot;, &quot;oJBWPRlmo&quot;, &quot;OfgVccNlI&quot;, &quot;OfgVccNly&quot;, &quot;JwNb5h4dc&quot;, &quot;JwNb5h4db&quot;, &quot;JwNb5h4da&quot;, &quot;I7eG3tXRr&quot;, &quot;I7eG3tXRo&quot;, &quot;I7eG3tXRp&quot;, &quot;I7eG3tXRm&quot;, &quot;I7eG3tXRn&quot;, &quot;I7eG3tXRk&quot;, &quot;JFjmqyLE9&quot;, &quot;JFjmqyLE8&quot;, &quot;JFjmqyLE7&quot;, &quot;JFjmqyLE6&quot;, &quot;JFjmqyLE4&quot;, &quot;I7eG3tXRu&quot;, &quot;JFjmqyLE2&quot;, &quot;I7eG3tXRs&quot;, &quot;I7eG3tXRt&quot;, &quot;C1zivSedx&quot;, &quot;C1zivSedw&quot;, &quot;IttUMTmqs&quot;, &quot;C1zivSedr&quot;, &quot;IttUMTmqr&quot;, &quot;IttUMTmqq&quot;, &quot;IttUMTmqp&quot;, &quot;IttUMTmqn&quot;, &quot;IttUMTmqm&quot;, &quot;IttUMTmql&quot;, &quot;IttUMTmqk&quot;, &quot;Svl5Pywjy&quot;, &quot;IttUMTmqi&quot;, &quot;wqFh2WAAx&quot;, &quot;IttUMTmqg&quot;, &quot;dMWEP4a8c&quot;, &quot;OfgVccNlC&quot;, &quot;OfgVccNlA&quot;, &quot;C1zivSedz&quot;, &quot;Svl5PywjH&quot;, &quot;Svl5PywjI&quot;, &quot;Svl5PywjJ&quot;, &quot;Svl5PywjK&quot;, &quot;I7eG3tXRi&quot;, &quot;JwNb5h4c8&quot;, &quot;JwNb5h4c6&quot;, &quot;dMWEP4a8a&quot;, &quot;Ih7GZRK9L&quot;, &quot;w96bc2ZE1&quot;, &quot;Ih7GZRK9K&quot;, &quot;w96bc2ZE0&quot;, &quot;s5nemIRXB&quot;, &quot;w96bc2ZE3&quot;, &quot;JlqYigsWH&quot;, &quot;Ih7GZRK9I&quot;, &quot;s5nemIRXA&quot;, &quot;JlqYigsWI&quot;, &quot;JlqYigsWF&quot;, &quot;w96bc2ZE5&quot;, &quot;Ih7GZRK9G&quot;, &quot;w96bc2ZE4&quot;, &quot;JlqYigsWG&quot;, &quot;JlqYigsWD&quot;, &quot;w96bc2ZE6&quot;, &quot;JlqYigsWB&quot;, &quot;JlqYigsWC&quot;, &quot;s5nemIRXG&quot;, &quot;Ih7GZRK9S&quot;, &quot;Ih7GZRK9R&quot;, &quot;JlqYigsWA&quot;, &quot;Ih7GZRK9Q&quot;, &quot;s5nemIRXD&quot;, &quot;Ih7GZRK9P&quot;, &quot;Ih7GZRK9N&quot;, &quot;s5nemIRXF&quot;, &quot;Ih7GZRK9M&quot;, &quot;s5nemIRXE&quot;, &quot;JcUNWZLuJ&quot;, &quot;JcUNWZLuK&quot;, &quot;JcUNWZLuL&quot;, &quot;JcUNWZLuM&quot;, &quot;JcUNWZLuF&quot;, &quot;JcUNWZLuG&quot;, &quot;zAA7V8HXi&quot;, &quot;dMWEP4a7U&quot;, &quot;JcUNWZLuH&quot;, &quot;zAA7V8HXh&quot;, &quot;zAA7V8HXg&quot;, &quot;zAA7V8HXf&quot;, &quot;JcUNWZLuC&quot;, &quot;zAA7V8HXd&quot;, &quot;JcUNWZLuE&quot;, &quot;zAA7V8HXc&quot;, &quot;zAA7V8HXb&quot;, &quot;JcUNWZLuA&quot;, &quot;za2CUkBBf&quot;, &quot;w96bc2ZER&quot;, &quot;za2CUkBBl&quot;, &quot;w96bc2ZEV&quot;, &quot;za2CUkBBk&quot;, &quot;dMWEP4a74&quot;, &quot;s5nemIRXr&quot;, &quot;dMWEP4a71&quot;, &quot;dMWEP4a72&quot;, &quot;dMWEP4a77&quot;, &quot;dMWEP4a78&quot;, &quot;dMWEP4a76&quot;, &quot;s5nemIRXx&quot;, &quot;w96bc2ZEX&quot;, &quot;s5nemIRXz&quot;, &quot;dMWEP4a79&quot;, &quot;w96bc2ZEZ&quot;, &quot;JFjmqyLFe&quot;, &quot;JFjmqyLFd&quot;, &quot;JFjmqyLFc&quot;, &quot;s5nemIRXv&quot;, &quot;JFjmqyLFb&quot;, &quot;gIGdutNpd&quot;, &quot;yurNbY6lz&quot;, &quot;gIGdutNpl&quot;, &quot;gIGdutNpm&quot;, &quot;gIGdutNpo&quot;, &quot;gIGdutNpj&quot;, &quot;gIGdutNpt&quot;, &quot;gIGdutNpu&quot;, &quot;gIGdutNpp&quot;, &quot;gIGdutNpq&quot;, &quot;gIGdutNps&quot;, &quot;hI9rk7BnA&quot;, &quot;RI49dHdqJ&quot;, &quot;yurNbY6lF&quot;, &quot;RI49dHdqI&quot;, &quot;I94KveRF0&quot;, &quot;RI49dHdqL&quot;, &quot;yurNbY6lH&quot;, &quot;I94KveRF1&quot;, &quot;RI49dHdqK&quot;, &quot;yurNbY6lI&quot;, &quot;RI49dHdqE&quot;, &quot;yurNbY6lJ&quot;, &quot;RI49dHdqH&quot;, &quot;RI49dHdqG&quot;, &quot;yurNbY6lL&quot;, &quot;yurNbY6lM&quot;, &quot;I94KveRF6&quot;, &quot;hI9rk7BnF&quot;, &quot;RI49dHdqA&quot;, &quot;yurNbY6lN&quot;, &quot;I94KveRF7&quot;, &quot;hI9rk7BnG&quot;, &quot;yurNbY6lO&quot;, &quot;I94KveRF8&quot;, &quot;RI49dHdqC&quot;, &quot;I94KveRF2&quot;, &quot;hI9rk7BnB&quot;, &quot;I94KveRF3&quot;, &quot;hI9rk7BnC&quot;, &quot;I94KveRF5&quot;, &quot;hI9rk7BnE&quot;, &quot;TSxLgfwOW&quot;, &quot;TSxLgfwOV&quot;, &quot;TSxLgfwOY&quot;, &quot;oj3rN3e0A&quot;, &quot;yurNbY6lD&quot;, &quot;bXmqVOask&quot;, &quot;bXmqVOasl&quot;, &quot;bXmqVOasi&quot;, &quot;bXmqVOasj&quot;, &quot;bXmqVOasg&quot;, &quot;bXmqVOase&quot;, &quot;oPh3Jm8Zz&quot;, &quot;I94KveRFW&quot;, &quot;oPh3Jm8Zx&quot;, &quot;oPh3Jm8Zv&quot;, &quot;I94KveRFY&quot;, &quot;bXmqVOaso&quot;, &quot;oPh3Jm8Zq&quot;, &quot;bXmqVOasm&quot;, &quot;C1zivSedF&quot;, &quot;C1zivSedE&quot;, &quot;TSxLgfwO6&quot;, &quot;C1zivSedG&quot;, &quot;C1zivSedB&quot;, &quot;TSxLgfwO3&quot;, &quot;C1zivSedA&quot;, &quot;TSxLgfwO2&quot;, &quot;C1zivSedD&quot;, &quot;TSxLgfwO5&quot;, &quot;TSxLgfwO4&quot;, &quot;IS2pOHsL9&quot;, &quot;IS2pOHsL8&quot;, &quot;TSxLgfwO1&quot;, &quot;IS2pOHsL6&quot;, &quot;TSxLgfwO0&quot;, &quot;IS2pOHsL4&quot;, &quot;O1xRN36ew&quot;, &quot;O1xRN36ey&quot;, &quot;sz8CroXYk&quot;, &quot;b5SBg4RUk&quot;, &quot;oPh3Jm8ZG&quot;, &quot;b5SBg4RUe&quot;, &quot;oPh3Jm8ZE&quot;, &quot;b5SBg4RUc&quot;, &quot;oPh3Jm8ZF&quot;, &quot;b5SBg4RUh&quot;, &quot;oPh3Jm8ZD&quot;, &quot;b5SBg4RUi&quot;, &quot;oPh3Jm8ZA&quot;, &quot;b5SBg4RUf&quot;, &quot;oPh3Jm8ZB&quot;, &quot;b5SBg4RUg&quot;, &quot;b5SBg4RUa&quot;, &quot;sz8CroXYA&quot;, &quot;M3rtyxn6Y&quot;, &quot;M3rtyxn6X&quot;, &quot;M3rtyxn6W&quot;, &quot;INmiVbE8X&quot;, &quot;INmiVbE8Y&quot;, &quot;M3rtyxn6R&quot;, &quot;INmiVbE8T&quot;, &quot;M3rtyxn6Q&quot;, &quot;INmiVbE8V&quot;, &quot;M3rtyxn6O&quot;, &quot;INmiVbE8W&quot;, &quot;M3rtyxn6V&quot;, &quot;INmiVbE8Q&quot;, &quot;zxK4unN8z&quot;, &quot;ibxZOGBxZ&quot;, &quot;INmiVbE8R&quot;, &quot;M3rtyxn6T&quot;, &quot;INmiVbE8S&quot;, &quot;M3rtyxn6S&quot;, &quot;ibxZOGBxX&quot;, &quot;IS2pOHsMb&quot;, &quot;INmiVbE8M&quot;, &quot;zxK4unN8v&quot;, &quot;IS2pOHsMa&quot;, &quot;b5SBg4RT9&quot;, &quot;zxK4unN8y&quot;, &quot;INmiVbE8O&quot;, &quot;zxK4unN8x&quot;, &quot;ibxZOGBxR&quot;, &quot;zxK4unN8u&quot;, &quot;MmQDQbSRf&quot;, &quot;MmQDQbSRd&quot;, &quot;b5SBg4RT2&quot;, &quot;zxK4unN8p&quot;, &quot;MmQDQbSRc&quot;, &quot;IS2pOHsMg&quot;, &quot;IS2pOHsMf&quot;, &quot;IS2pOHsMe&quot;, &quot;MmQDQbSRi&quot;, &quot;IS2pOHsMd&quot;, &quot;MmQDQbSRh&quot;, &quot;MmQDQbSRg&quot;, &quot;MmQDQbSRb&quot;, &quot;MmQDQbSRa&quot;, &quot;sz8CroXYy&quot;, &quot;ibxZOGBx8&quot;, &quot;sz8CroXYx&quot;, &quot;ibxZOGBx7&quot;, &quot;ibxZOGBx6&quot;, &quot;ibxZOGBx5&quot;, &quot;sz8CroXYz&quot;, &quot;ibxZOGBx3&quot;, &quot;ibxZOGBx2&quot;, &quot;ibxZOGBx1&quot;, &quot;maAPLuVCd&quot;, &quot;sz8CroXYp&quot;, &quot;sOkTGbs3y&quot;, &quot;maAPLuVCb&quot;, &quot;sz8CroXYr&quot;, &quot;maAPLuVCa&quot;, &quot;sz8CroXYu&quot;, &quot;sz8CroXYt&quot;, &quot;maAPLuVCg&quot;, &quot;maAPLuVCf&quot;, &quot;sz8CroXYv&quot;, &quot;maAPLuVCe&quot;, &quot;efldjDbim&quot;, &quot;efldjDbiu&quot;, &quot;efldjDbit&quot;, &quot;efldjDbiy&quot;, &quot;efldjDbiw&quot;, &quot;uuEBBmjr&quot;, &quot;uuEBBmjz&quot;, &quot;uuEBBmjE&quot;, &quot;BMTNqrVad&quot;, &quot;BMTNqrVaa&quot;, &quot;uuEBBmjC&quot;, &quot;BMTNqrVab&quot;, &quot;uuEBBmjH&quot;, &quot;BMTNqrVag&quot;, &quot;uuEBBmjI&quot;, &quot;uuEBBmjF&quot;, &quot;BMTNqrVae&quot;, &quot;uuEBBmjG&quot;, &quot;BMTNqrVaf&quot;, &quot;uuEBBmjJ&quot;, &quot;RjwEbS64Y&quot;, &quot;efldjDbiA&quot;, &quot;kHI3rh7tA&quot;, &quot;RjwEbS64X&quot;, &quot;M3rtyxn6M&quot;, &quot;RjwEbS64W&quot;, &quot;RjwEbS64V&quot;, &quot;RjwEbS64U&quot;, &quot;efldjDbiE&quot;, &quot;efldjDbiC&quot;, &quot;kHI3rh7tC&quot;, &quot;efldjDbiB&quot;, &quot;kHI3rh7tB&quot;, &quot;srCr58gwt&quot;, &quot;KoKfAFaJr&quot;, &quot;kHI3rh7tl&quot;, &quot;KoKfAFaJq&quot;, &quot;KoKfAFaJt&quot;, &quot;KoKfAFaJs&quot;, &quot;srCr58gwx&quot;, &quot;KoKfAFaJm&quot;, &quot;srCr58gwv&quot;, &quot;KoKfAFaJo&quot;, &quot;RjwEbS64T&quot;, &quot;kHI3rh7tt&quot;, &quot;RjwEbS64S&quot;, &quot;KoKfAFaJy&quot;, &quot;srCr58gwz&quot;, &quot;kHI3rh7tr&quot;, &quot;RjwEbS64Q&quot;, &quot;srCr58gwy&quot;, &quot;KoKfAFaJv&quot;, &quot;RjwEbS64O&quot;, &quot;kHI3rh7tx&quot;, &quot;kHI3rh7tw&quot;, &quot;KoKfAFaJx&quot;, &quot;RjwEbS64M&quot;, &quot;kHI3rh7tv&quot;, &quot;KoKfAFaJw&quot;, &quot;cXPEMrYqA&quot;, &quot;srCr58gwo&quot;, &quot;Tni9kVCPV&quot;, &quot;Tni9kVCPW&quot;, &quot;Tni9kVCPX&quot;, &quot;Tni9kVCPY&quot;, &quot;Tni9kVCPS&quot;, &quot;Tni9kVCPU&quot;, &quot;Tni9kVCPZ&quot;, &quot;kHI3rh7tz&quot;, &quot;Tni9kVCPO&quot;, &quot;Tni9kVCPQ&quot;, &quot;f15nL8h9G&quot;, &quot;f15nL8h9F&quot;, &quot;cXPEMrYqi&quot;, &quot;f15nL8h9D&quot;, &quot;cXPEMrYqp&quot;, &quot;f15nL8h9O&quot;, &quot;f15nL8h9N&quot;, &quot;cXPEMrYqq&quot;, &quot;f15nL8h9M&quot;, &quot;OEPqd0THx&quot;, &quot;cXPEMrYqs&quot;, &quot;f15nL8h9K&quot;, &quot;OEPqd0THw&quot;, &quot;cXPEMrYqv&quot;, &quot;f15nL8h9J&quot;, &quot;cXPEMrYqu&quot;, &quot;f15nL8h9I&quot;, &quot;OEPqd0THy&quot;, &quot;cXPEMrYqx&quot;, &quot;tgJr9Ktef&quot;, &quot;cXPEMrYqw&quot;, &quot;tgJr9Kteg&quot;, &quot;cXPEMrYqy&quot;, &quot;Tni9kVCP0&quot;, &quot;tgJr9Ktea&quot;, &quot;tgJr9Kteb&quot;, &quot;tgJr9Kted&quot;, &quot;tgJr9Ktee&quot;, &quot;O1xRN36eE&quot;, &quot;O1xRN36eF&quot;, &quot;O1xRN36eG&quot;, &quot;O1xRN36eA&quot;, &quot;O1xRN36eC&quot;, &quot;bXmqVOasd&quot;, &quot;O1xRN36eH&quot;, &quot;O1xRN36eI&quot;, &quot;f15nL8h9x&quot;, &quot;OBZmMfZSQ&quot;, &quot;srCr58gwD&quot;, &quot;OEPqd0THs&quot;, &quot;srCr58gwC&quot;, &quot;srCr58gwB&quot;, &quot;OEPqd0THv&quot;, &quot;OBZmMfZSS&quot;, &quot;OEPqd0THu&quot;, &quot;OBZmMfZSR&quot;, &quot;OBZmMfZSU&quot;, &quot;OEPqd0THo&quot;, &quot;OBZmMfZST&quot;, &quot;OEPqd0THr&quot;, &quot;OEPqd0THq&quot;, &quot;srCr58gwE&quot;, &quot;OBZmMfZSI&quot;, &quot;OBZmMfZSK&quot;, &quot;OEPqd0THm&quot;, &quot;OBZmMfZSM&quot;, &quot;OBZmMfZSO&quot;, &quot;OBZmMfZSN&quot;, &quot;RI49dHdqM&quot;, &quot;hI9rk7Bnp&quot;, &quot;uuEBBmjA&quot;, &quot;tgJr9Ktd5&quot;, &quot;tXkhR5YtW&quot;, &quot;tgJr9Ktd7&quot;, &quot;bXmqVOar6&quot;, &quot;tgJr9Ktd9&quot;, &quot;hI9rk7Bnv&quot;, &quot;tXkhR5YtP&quot;, &quot;hI9rk7Bnx&quot;, &quot;tXkhR5YtR&quot;, &quot;hI9rk7Bny&quot;, &quot;tXkhR5YtQ&quot;, &quot;tgJr9Ktd1&quot;, &quot;tXkhR5YtT&quot;, &quot;tXkhR5YtV&quot;, &quot;tXkhR5YtU&quot;, &quot;tXkhR5YtH&quot;, &quot;efldjDbiz&quot;, &quot;tXkhR5YtL&quot;, &quot;tXkhR5YtN&quot;, &quot;usyTNpSs1&quot;, &quot;usyTNpSs2&quot;, &quot;usyTNpSs0&quot;, &quot;o3ukX9D4E&quot;, &quot;NBv8VCbUw&quot;, &quot;m2xTgR18u&quot;, &quot;m2xTgR18v&quot;, &quot;NBv8VCbUy&quot;, &quot;m2xTgR18t&quot;, &quot;o3ukX9D4J&quot;, &quot;m2xTgR18w&quot;, &quot;BkveWSUZE&quot;, &quot;o3ukX9D4U&quot;, &quot;usyTNpSsR&quot;, &quot;BkveWSUZF&quot;, &quot;o3ukX9D4S&quot;, &quot;BkveWSUZH&quot;, &quot;o3ukX9D4T&quot;, &quot;usyTNpSsN&quot;, &quot;m2xTgR18g&quot;, &quot;m2xTgR18n&quot;, &quot;o3ukX9D4N&quot;, &quot;usyTNpSsZ&quot;, &quot;usyTNpSsW&quot;, &quot;m2xTgR18l&quot;, &quot;o3ukX9D4L&quot;, &quot;usyTNpSsX&quot;, &quot;m2xTgR18q&quot;, &quot;usyTNpSsV&quot;, &quot;m2xTgR18r&quot;, &quot;o3ukX9D4R&quot;, &quot;o3ukX9D4O&quot;, &quot;usyTNpSsT&quot;, &quot;m2xTgR18p&quot;, &quot;o3ukX9D4P&quot;, &quot;IGVQnRoS&quot;, &quot;BkveWSUZM&quot;, &quot;BkveWSUZN&quot;, &quot;IGVQnRoU&quot;, &quot;BkveWSUZO&quot;, &quot;IGVQnRoT&quot;, &quot;BkveWSUZI&quot;, &quot;IGVQnRoW&quot;, &quot;BkveWSUZJ&quot;, &quot;IGVQnRoV&quot;, &quot;qVUCkayy6&quot;, &quot;BkveWSUZL&quot;, &quot;IGVQnRoX&quot;, &quot;NBv8VCbUG&quot;, &quot;NBv8VCbUF&quot;, &quot;NyF5tRh5Y&quot;, &quot;NBv8VCbUI&quot;, &quot;NBv8VCbUH&quot;, &quot;IGVQnRoO&quot;, &quot;NyF5tRh5W&quot;, &quot;IGVQnRoN&quot;, &quot;NyF5tRh5X&quot;, &quot;NyF5tRh5U&quot;, &quot;IGVQnRoQ&quot;, &quot;IGVQnRoF&quot;, &quot;qVUCkayzl&quot;, &quot;qVUCkayzm&quot;, &quot;qVUCkayzj&quot;, &quot;qVUCkayzk&quot;, &quot;bADZlKXUW&quot;, &quot;NyF5tRh5S&quot;, &quot;NBv8VCbUA&quot;, &quot;NBv8VCbUC&quot;, &quot;NBv8VCbUB&quot;, &quot;NBv8VCbUE&quot;, &quot;liDMf7O5Y&quot;, &quot;liDMf7O5Z&quot;, &quot;liDMf7O5X&quot;, &quot;liDMf7O5U&quot;, &quot;liDMf7O5V&quot;, &quot;qVUCkayzd&quot;, &quot;liDMf7O5T&quot;, &quot;qVUCkayzb&quot;, &quot;liDMf7O5R&quot;, &quot;qVUCkayzh&quot;, &quot;BkveWSUZz&quot;, &quot;liDMf7O5P&quot;, &quot;qVUCkayzf&quot;, &quot;qVUCkayzg&quot;, &quot;liDMf7O5K&quot;, &quot;bADZlKXU3&quot;, &quot;bADZlKXU4&quot;, &quot;bADZlKXU6&quot;, &quot;bADZlKXU8&quot;, &quot;bADZlKXU9&quot;, &quot;NyF5tRh53&quot;, &quot;NyF5tRh54&quot;, &quot;NyF5tRh51&quot;, &quot;NyF5tRh52&quot;, &quot;NyF5tRh50&quot;, &quot;fFmWb45Cz&quot;, &quot;fFmWb45Cn&quot;, &quot;Gbu8o4lz0&quot;, &quot;uPhlns4ZX&quot;, &quot;fFmWb45Ct&quot;, &quot;lNSobrI4Q&quot;, &quot;tON7wPg10&quot;, &quot;fFmWb45Cv&quot;, &quot;lNSobrI4X&quot;, &quot;fFmWb45Cw&quot;, &quot;lNSobrI4V&quot;, &quot;fFmWb45Cy&quot;, &quot;bADZlKXVb&quot;, &quot;bADZlKXVc&quot;, &quot;bADZlKXVd&quot;, &quot;uPhlns4Z5&quot;, &quot;uPhlns4Z3&quot;, &quot;lNSobrI40&quot;, &quot;uPhlns4Z9&quot;, &quot;uPhlns4Z7&quot;, &quot;uPhlns4Z6&quot;, &quot;lNSobrI44&quot;, &quot;lNSobrI43&quot;, &quot;lNSobrI41&quot;, &quot;uPhlns4Z1&quot;, &quot;lNSobrI46&quot;, &quot;bADZlKXVa&quot;, &quot;lNSobrI45&quot;, &quot;D4SzOgV0q&quot;, &quot;G6ifmclU0&quot;, &quot;D4SzOgV0r&quot;, &quot;G6ifmclU1&quot;, &quot;D4SzOgV0t&quot;, &quot;D4SzOgV0u&quot;, &quot;D4SzOgV0v&quot;, &quot;D4SzOgV0w&quot;, &quot;fFmWb45CA&quot;, &quot;D4SzOgV0i&quot;, &quot;fFmWb45CC&quot;, &quot;fFmWb45CD&quot;, &quot;fFmWb45CE&quot;, &quot;D4SzOgV0m&quot;, &quot;G6ifmclU4&quot;, &quot;D4SzOgV0n&quot;, &quot;G6ifmclU3&quot;, &quot;G6ifmclU6&quot;, &quot;D4SzOgV0p&quot;, &quot;G6ifmclU5&quot;, &quot;hgKSRyBc6&quot;, &quot;hgKSRyBc5&quot;, &quot;hgKSRyBc3&quot;, &quot;hgKSRyBc9&quot;, &quot;hgKSRyBc8&quot;, &quot;tON7wPg1Y&quot;, &quot;tON7wPg1Z&quot;, &quot;lNSobrI4Z&quot;, &quot;tON7wPg1X&quot;, &quot;Gbu8o4lz9&quot;, &quot;NhDKNjTcc&quot;, &quot;NhDKNjTcb&quot;, &quot;NhDKNjTca&quot;, &quot;Gbu8o4lz3&quot;, &quot;Gbu8o4lz2&quot;, &quot;Gbu8o4lz7&quot;, &quot;Gbu8o4lz6&quot;, &quot;Gbu8o4lz5&quot;, &quot;fIcZDPZri&quot;, &quot;fIcZDPZrh&quot;, &quot;fIcZDPZrg&quot;, &quot;tON7wPg1L&quot;, &quot;fIcZDPZra&quot;, &quot;tON7wPg1R&quot;, &quot;tON7wPg1P&quot;, &quot;tON7wPg1U&quot;, &quot;fIcZDPZre&quot;, &quot;fIcZDPZrd&quot;, &quot;tON7wPg1V&quot;, &quot;fIcZDPZrc&quot;, &quot;tON7wPg1T&quot;, &quot;Gsxs5BKt2&quot;, &quot;Gsxs5BKt1&quot;, &quot;Gsxs5BKt4&quot;, &quot;Gsxs5BKt3&quot;, &quot;JH9pSjFtG&quot;, &quot;c6lO7IFSw&quot;, &quot;JH9pSjFtI&quot;, &quot;c6lO7IFSu&quot;, &quot;JH9pSjFtK&quot;, &quot;JH9pSjFtM&quot;, &quot;JH9pSjFtL&quot;, &quot;JH9pSjFtN&quot;, &quot;JH9pSjFtQ&quot;, &quot;JH9pSjFtP&quot;, &quot;JH9pSjFtS&quot;, &quot;JH9pSjFtR&quot;, &quot;qctI939u0&quot;, &quot;qctI939u2&quot;, &quot;qctI939u1&quot;, &quot;Gsxs5BKtS&quot;, &quot;fNS6xlM4v&quot;, &quot;Gsxs5BKtZ&quot;, &quot;wkZa9qMXr&quot;, &quot;Gsxs5BKtY&quot;, &quot;fNS6xlM4w&quot;, &quot;wkZa9qMXs&quot;, &quot;wkZa9qMXt&quot;, &quot;fNS6xlM4y&quot;, &quot;wkZa9qMXu&quot;, &quot;Gsxs5BKtV&quot;, &quot;wkZa9qMXn&quot;, &quot;fNS6xlM4z&quot;, &quot;Gsxs5BKtU&quot;, &quot;wkZa9qMXo&quot;, &quot;Gsxs5BKtX&quot;, &quot;wkZa9qMXp&quot;, &quot;wkZa9qMXj&quot;, &quot;fNS6xlM4p&quot;, &quot;wkZa9qMXl&quot;, &quot;GPfUFEW09&quot;, &quot;GPfUFEW08&quot;, &quot;wkZa9qMXf&quot;, &quot;NhDKNjTb2&quot;, &quot;fNS6xlM4r&quot;, &quot;fNS6xlM4s&quot;, &quot;NhDKNjTb0&quot;, &quot;fNS6xlM4u&quot;, &quot;NhDKNjTb6&quot;, &quot;GPfUFEW02&quot;, &quot;NhDKNjTb5&quot;, &quot;NhDKNjTb4&quot;, &quot;fNS6xlM4j&quot;, &quot;GPfUFEW07&quot;, &quot;NhDKNjTb9&quot;, &quot;GPfUFEW05&quot;, &quot;NhDKNjTb8&quot;, &quot;GPfUFEW04&quot;, &quot;ba5ujWRzi&quot;, &quot;ba5ujWRzk&quot;, &quot;fNS6xlM4A&quot;, &quot;ba5ujWRzf&quot;, &quot;ba5ujWRzg&quot;, &quot;GPfUFEW1d&quot;, &quot;ba5ujWRzp&quot;, &quot;GPfUFEW1c&quot;, &quot;GPfUFEW1b&quot;, &quot;ba5ujWRzl&quot;, &quot;ba5ujWRzm&quot;, &quot;ba5ujWRzn&quot;, &quot;ba5ujWRzo&quot;, &quot;GPfUFEW1e&quot;, &quot;BbY4BCdxP&quot;, &quot;o6kopUxTn&quot;, &quot;BbY4BCdxQ&quot;, &quot;qkZTvkQWY&quot;, &quot;qkZTvkQWX&quot;, &quot;BbY4BCdxR&quot;, &quot;qkZTvkQWW&quot;, &quot;BbY4BCdxS&quot;, &quot;o6kopUxTs&quot;, &quot;o6kopUxTr&quot;, &quot;o6kopUxTp&quot;, &quot;qkZTvkQWR&quot;, &quot;o6kopUxTw&quot;, &quot;o6kopUxTv&quot;, &quot;qkZTvkQWP&quot;, &quot;o6kopUxTt&quot;, &quot;C4plXC72a&quot;, &quot;qkZTvkQWV&quot;, &quot;C4plXC72b&quot;, &quot;qkZTvkQWT&quot;, &quot;o6kopUxTy&quot;, &quot;qkZTvkQWS&quot;, &quot;o6kopUxTx&quot;, &quot;C4plXC72e&quot;, &quot;qtv3QByoP&quot;, &quot;qtv3QByoO&quot;, &quot;C4plXC72f&quot;, &quot;qtv3QByoR&quot;, &quot;C4plXC72d&quot;, &quot;C4plXC72i&quot;, &quot;qtv3QByoT&quot;, &quot;qtv3QByoS&quot;, &quot;C4plXC72j&quot;, &quot;C4plXC72h&quot;, &quot;qtv3QByoU&quot;, &quot;gCZ6AXZL4&quot;, &quot;gCZ6AXZL3&quot;, &quot;qtv3QByoJ&quot;, &quot;C4plXC72k&quot;, &quot;gCZ6AXZL1&quot;, &quot;qtv3QByoL&quot;, &quot;gCZ6AXZL8&quot;, &quot;gCZ6AXZL7&quot;, &quot;qtv3QByoN&quot;, &quot;gCZ6AXZL6&quot;, &quot;fWpgSCuws&quot;, &quot;fWpgSCuwr&quot;, &quot;fWpgSCuwu&quot;, &quot;fWpgSCuww&quot;, &quot;fWpgSCuwv&quot;, &quot;qtv3QByoE&quot;, &quot;fWpgSCuwl&quot;, &quot;fWpgSCuwo&quot;, &quot;fWpgSCuwn&quot;, &quot;fWpgSCuwq&quot;, &quot;ba5ujWRy8&quot;, &quot;BbY4BCdxD&quot;, &quot;fWpgSCuwf&quot;, &quot;BbY4BCdxI&quot;, &quot;BbY4BCdxJ&quot;, &quot;OHFtFLNwc&quot;, &quot;OHFtFLNwb&quot;, &quot;BbY4BCdxL&quot;, &quot;OHFtFLNwa&quot;, &quot;BbY4BCdxM&quot;, &quot;gCZ6AXZLV&quot;, &quot;o6kopUxTi&quot;, &quot;BbY4BCdxN&quot;, &quot;OHFtFLNv4&quot;, &quot;OHFtFLNv2&quot;, &quot;OHFtFLNv0&quot;, &quot;qctI939uV&quot;, &quot;qkZTvkQWI&quot;, &quot;qctI939uX&quot;, &quot;qctI939uW&quot;, &quot;OHFtFLNv9&quot;, &quot;qkZTvkQWN&quot;, &quot;OHFtFLNv8&quot;, &quot;qctI939uZ&quot;, &quot;OHFtFLNv6&quot;, &quot;OHFtFLNv5&quot;, &quot;qctI939uM&quot;, &quot;qctI939uR&quot;, &quot;ygfvXcBgA&quot;, &quot;qctI939uT&quot;, &quot;gz929c5Xw&quot;, &quot;gz929c5Xx&quot;, &quot;gz929c5Xu&quot;, &quot;gz929c5Xs&quot;, &quot;gz929c5Xt&quot;, &quot;gz929c5Xq&quot;, &quot;gz929c5Xp&quot;, &quot;gz929c5Xn&quot;, &quot;gz929c5Xh&quot;, &quot;t20oLBL63&quot;, &quot;t20oLBL65&quot;, &quot;t20oLBL67&quot;, &quot;t20oLBL68&quot;, &quot;t20oLBL69&quot;, &quot;qfjMBO3jx&quot;, &quot;qfjMBO3jz&quot;, &quot;OqC8ZeoB8&quot;, &quot;qfjMBO3jv&quot;, &quot;qfjMBO3jq&quot;, &quot;oenkUxrnf&quot;, &quot;oenkUxrng&quot;, &quot;oenkUxrnh&quot;, &quot;oenkUxrni&quot;, &quot;oenkUxrnb&quot;, &quot;oenkUxrnc&quot;, &quot;oenkUxrnd&quot;, &quot;qfjMBO3jE&quot;, &quot;qfjMBO3jD&quot;, &quot;qfjMBO3jG&quot;, &quot;qfjMBO3jF&quot;, &quot;qfjMBO3jA&quot;, &quot;qfjMBO3jB&quot;, &quot;rZdTCzglW&quot;, &quot;gCZ6AXZMa&quot;, &quot;oenkUxrm9&quot;, &quot;oenkUxrm7&quot;, &quot;gCZ6AXZMc&quot;, &quot;gCZ6AXZMb&quot;, &quot;oenkUxrm2&quot;, &quot;rZdTCzgmc&quot;, &quot;rZdTCzgma&quot;, &quot;gz929c5Xy&quot;, &quot;rZdTCzgmb&quot;, &quot;vePQphblY&quot;, &quot;nr6oiF8uh&quot;, &quot;vePQphblX&quot;, &quot;SPetXQO18&quot;, &quot;nr6oiF8ui&quot;, &quot;vePQphblV&quot;, &quot;nr6oiF8uj&quot;, &quot;pHe7eKfvL&quot;, &quot;vePQphblU&quot;, &quot;nr6oiF8uk&quot;, &quot;vePQphblT&quot;, &quot;pHe7eKfvN&quot;, &quot;vePQphblR&quot;, &quot;rZdTCzgl3&quot;, &quot;pHe7eKfvG&quot;, &quot;rZdTCzgl1&quot;, &quot;vePQphblZ&quot;, &quot;kk0BReUWl&quot;, &quot;kk0BReUWn&quot;, &quot;kk0BReUWm&quot;, &quot;kk0BReUWh&quot;, &quot;kk0BReUWj&quot;, &quot;h8HWmVHJd&quot;, &quot;pHe7eKfvP&quot;, &quot;SbtHHgdBa&quot;, &quot;pHe7eKfvQ&quot;, &quot;kk0BReUWs&quot;, &quot;pHe7eKfvR&quot;, &quot;SbtHHgdBc&quot;, &quot;nr6oiF8ub&quot;, &quot;SbtHHgdBb&quot;, &quot;SPetXQO16&quot;, &quot;kk0BReUWp&quot;, &quot;pHe7eKfvT&quot;, &quot;SbtHHgdBe&quot;, &quot;nr6oiF8ud&quot;, &quot;pHe7eKfvU&quot;, &quot;SbtHHgdBd&quot;, &quot;SPetXQO14&quot;, &quot;nr6oiF8ue&quot;, &quot;kk0BReUWr&quot;, &quot;pHe7eKfvV&quot;, &quot;nr6oiF8uf&quot;, &quot;kk0BReUWq&quot;, &quot;pHe7eKfvW&quot;, &quot;kk0BReUWb&quot;, &quot;rZdTCzgl6&quot;, &quot;c0FIecSfc&quot;, &quot;rZdTCzgl7&quot;, &quot;c0FIecSfa&quot;, &quot;rZdTCzgl5&quot;, &quot;c0FIecSfb&quot;, &quot;AR6GtjUPl&quot;, &quot;AR6GtjUPk&quot;, &quot;c0FIecSfe&quot;, &quot;rZdTCzgl9&quot;, &quot;AR6GtjUPm&quot;, &quot;AR6GtjUPh&quot;, &quot;vePQphblP&quot;, &quot;AR6GtjUPg&quot;, &quot;AR6GtjUPj&quot;, &quot;AR6GtjUPd&quot;, &quot;vePQphblL&quot;, &quot;AR6GtjUPc&quot;, &quot;AR6GtjUPf&quot;, &quot;wh87HFS8L&quot;, &quot;wh87HFS8K&quot;, &quot;wh87HFS8N&quot;, &quot;wh87HFS8P&quot;, &quot;wh87HFS8O&quot;, &quot;wh87HFS8Q&quot;, &quot;wh87HFS8F&quot;, &quot;wh87HFS8H&quot;, &quot;wh87HFS8J&quot;, &quot;fiEuB1S5c&quot;, &quot;wh87HFS8B&quot;, &quot;vePQphbl0&quot;, &quot;fiEuB1S5s&quot;, &quot;fiEuB1S5p&quot;, &quot;OqC8ZeoCk&quot;, &quot;fiEuB1S5q&quot;, &quot;OqC8ZeoCj&quot;, &quot;OqC8ZeoCi&quot;, &quot;c0FIecSeW&quot;, &quot;fiEuB1S5o&quot;, &quot;OqC8ZeoCh&quot;, &quot;OqC8ZeoCg&quot;, &quot;fiEuB1S5m&quot;, &quot;AR6GtjUO7&quot;, &quot;fiEuB1S5j&quot;, &quot;fiEuB1S5k&quot;, &quot;c6lO7IFSt&quot;, &quot;c6lO7IFSs&quot;, &quot;CVTbCmqz9&quot;, &quot;c6lO7IFSr&quot;, &quot;c6lO7IFSq&quot;, &quot;c6lO7IFSo&quot;, &quot;c6lO7IFSm&quot;, &quot;c6lO7IFSl&quot;, &quot;OqC8ZeoCe&quot;, &quot;OqC8ZeoCd&quot;, &quot;OqC8ZeoCc&quot;, &quot;OqC8ZeoCa&quot;, &quot;fiEuB1S5t&quot;, &quot;c6lO7IFSe&quot;, &quot;fiEuB1S5u&quot;, &quot;c0FIecSe3&quot;, &quot;hgKSRyBde&quot;, &quot;hgKSRyBdd&quot;, &quot;c0FIecSe6&quot;, &quot;hgKSRyBdc&quot;, &quot;c0FIecSe4&quot;, &quot;hgKSRyBda&quot;, &quot;g5oE4wZWn&quot;, &quot;c0FIecSe8&quot;, &quot;c0FIecSe9&quot;, &quot;y8czszHMQ&quot;, &quot;y8czszHMP&quot;, &quot;y8czszHMO&quot;, &quot;y8czszHMN&quot;, &quot;y8czszHML&quot;, &quot;y8czszHMK&quot;, &quot;y8czszHMJ&quot;, &quot;g5oE4wZWy&quot;, &quot;y8czszHMH&quot;, &quot;y8czszHMG&quot;, &quot;g5oE4wZWz&quot;, &quot;g5oE4wZWt&quot;, &quot;g5oE4wZWw&quot;, &quot;y8czszHMB&quot;, &quot;g5oE4wZWv&quot;, &quot;nr6oiF8t4&quot;, &quot;lFmdQa1Da&quot;, &quot;hgKSRyBcX&quot;, &quot;peQyLbflp&quot;, &quot;peQyLbflo&quot;, &quot;peQyLbfln&quot;, &quot;peQyLbfll&quot;, &quot;peQyLbflj&quot;, &quot;SPetXQO2c&quot;, &quot;SPetXQO2b&quot;, &quot;SPetXQO2a&quot;, &quot;peQyLbflu&quot;, &quot;peQyLbflt&quot;, &quot;SPetXQO2g&quot;, &quot;peQyLbfls&quot;, &quot;SPetXQO2f&quot;, &quot;peQyLbflr&quot;, &quot;SPetXQO2e&quot;, &quot;SPetXQO2d&quot;, &quot;JWlG66ayZ&quot;, &quot;g5oE4wZWA&quot;, &quot;Ki38G9m6g&quot;, &quot;Ki38G9m6f&quot;, &quot;g5oE4wZWC&quot;, &quot;nr6oiF8t9&quot;, &quot;JWlG66ayY&quot;, &quot;Ki38G9m6a&quot;, &quot;q96TyW3EA&quot;, &quot;peQyLbfle&quot;, &quot;JWlG66ayW&quot;, &quot;Ki38G9m6b&quot;, &quot;Ki38G9m6e&quot;, &quot;JWlG66ayU&quot;, &quot;Ki38G9m6d&quot;, &quot;SbtHHgdA8&quot;, &quot;O9319kNGD&quot;, &quot;O9319kNGC&quot;, &quot;SbtHHgdA9&quot;, &quot;O9319kNGE&quot;, &quot;q96TyW3Ek&quot;, &quot;h8HWmVHJs&quot;, &quot;h8HWmVHJr&quot;, &quot;h8HWmVHJu&quot;, &quot;h8HWmVHJt&quot;, &quot;h8HWmVHJo&quot;, &quot;h8HWmVHJn&quot;, &quot;SbtHHgdA2&quot;, &quot;q96TyW3Ep&quot;, &quot;h8HWmVHJp&quot;, &quot;SbtHHgdA4&quot;, &quot;g5oE4wZWE&quot;, &quot;h8HWmVHJj&quot;, &quot;q96TyW3Er&quot;, &quot;g5oE4wZWD&quot;, &quot;SbtHHgdA6&quot;, &quot;q96TyW3Eu&quot;, &quot;h8HWmVHJl&quot;, &quot;q96TyW3Et&quot;, &quot;JWlG66ay3&quot;, &quot;JWlG66ay0&quot;, &quot;JWlG66ay1&quot;, &quot;JWlG66ay6&quot;, &quot;O9319kNGB&quot;, &quot;JWlG66ay4&quot;, &quot;O9319kNGA&quot;, &quot;JWlG66ay5&quot;, &quot;fCwSKkbNR&quot;, &quot;lFmdQa1C1&quot;, &quot;La1ccwtCv&quot;, &quot;fCwSKkbNS&quot;, &quot;La1ccwtCw&quot;, &quot;La1ccwtCt&quot;, &quot;hpg3cPiE4&quot;, &quot;La1ccwtCu&quot;, &quot;fCwSKkbNP&quot;, &quot;hpg3cPiE1&quot;, &quot;La1ccwtCr&quot;, &quot;hpg3cPiE2&quot;, &quot;fCwSKkbNJ&quot;, &quot;La1ccwtCp&quot;, &quot;mxjhlx79f&quot;, &quot;La1ccwtCq&quot;, &quot;hpg3cPiE8&quot;, &quot;hpg3cPiE5&quot;, &quot;La1ccwtCo&quot;, &quot;hpg3cPiE6&quot;, &quot;mxjhlx79a&quot;, &quot;La1ccwtCm&quot;, &quot;liDMf7O50&quot;, &quot;hpg3cPiE9&quot;, &quot;La1ccwtCk&quot;, &quot;q96TyW3Ev&quot;, &quot;mxjhlx79n&quot;, &quot;mxjhlx79k&quot;, &quot;q96TyW3Ey&quot;, &quot;mxjhlx79l&quot;, &quot;q96TyW3Ex&quot;, &quot;mxjhlx79j&quot;, &quot;q96TyW3Ez&quot;, &quot;mxjhlx79h&quot;, &quot;fCwSKkbNZ&quot;, &quot;fCwSKkbNY&quot;, &quot;fCwSKkbNV&quot;, &quot;mxjhlx79q&quot;, &quot;fCwSKkbNU&quot;, &quot;mxjhlx79o&quot;, &quot;fCwSKkbNW&quot;, &quot;mxjhlx79p&quot;, &quot;hpg3cPiET&quot;, &quot;fCwSKkbN0&quot;, &quot;hpg3cPiEZ&quot;, &quot;O9319kNGs&quot;, &quot;O9319kNGu&quot;, &quot;O9319kNGw&quot;, &quot;O9319kNGz&quot;, &quot;O9319kNGy&quot;, &quot;Icrz6lXwx&quot;, &quot;Icrz6lXwz&quot;, &quot;Icrz6lXwy&quot;, &quot;Icrz6lXwo&quot;, &quot;Icrz6lXwq&quot;, &quot;Icrz6lXwt&quot;, &quot;Icrz6lXws&quot;, &quot;Icrz6lXwv&quot;, &quot;Icrz6lXwu&quot;, &quot;lFmdQa1CZ&quot;, &quot;lFmdQa1CU&quot;, &quot;Ki38G9m56&quot;, &quot;Ki38G9m58&quot;, &quot;Ki38G9m59&quot;, &quot;Ki38G9m54&quot;, &quot;hpg3cPiFa&quot;, &quot;Icrz6lXwA&quot;, &quot;lFmdQa1C9&quot;, &quot;lFmdQa1C8&quot;, &quot;lFmdQa1C7&quot;, &quot;lFmdQa1C5&quot;, &quot;lFmdQa1C4&quot;, &quot;lFmdQa1C3&quot;, &quot;Dq7NxGkzu&quot;, &quot;Dq7NxGkzt&quot;, &quot;Dq7NxGkzs&quot;, &quot;Dq7NxGkzr&quot;, &quot;GA3DqSrVO&quot;, &quot;IKwftqLkc&quot;, &quot;IKwftqLkd&quot;, &quot;Dq7NxGkzp&quot;, &quot;IKwftqLka&quot;, &quot;Dq7NxGkzo&quot;, &quot;Dq7NxGkzn&quot;, &quot;Dq7NxGkzl&quot;, &quot;Dq7NxGkzk&quot;, &quot;IKwftqLkk&quot;, &quot;Dq7NxGkzg&quot;, &quot;IKwftqLki&quot;, &quot;IKwftqLkj&quot;, &quot;IKwftqLkh&quot;, &quot;IKwftqLke&quot;, &quot;IKwftqLkf&quot;, &quot;j3YhaHv2j&quot;, &quot;QFLRVivDK&quot;, &quot;j3YhaHv2x&quot;, &quot;GA3DqSrV0&quot;, &quot;j3YhaHv2z&quot;, &quot;j3YhaHv2y&quot;, &quot;j3YhaHv2t&quot;, &quot;QFLRVivDU&quot;, &quot;QFLRVivDT&quot;, &quot;j3YhaHv2v&quot;, &quot;QFLRVivDW&quot;, &quot;j3YhaHv2u&quot;, &quot;QFLRVivDV&quot;, &quot;j3YhaHv2p&quot;, &quot;QFLRVivDQ&quot;, &quot;j3YhaHv2r&quot;, &quot;QFLRVivDS&quot;, &quot;QFLRVivDR&quot;, &quot;QFLRVivDM&quot;, &quot;QFLRVivDO&quot;, &quot;ezdBrVt0Z&quot;, &quot;ezdBrVt0S&quot;, &quot;mi6Z6LC3W&quot;, &quot;ezdBrVt1a&quot;, &quot;GelbQPfoE&quot;, &quot;GelbQPfoG&quot;, &quot;GelbQPfoH&quot;, &quot;GelbQPfoJ&quot;, &quot;GelbQPfoK&quot;, &quot;mi6Z6LC39&quot;, &quot;mi6Z6LC37&quot;, &quot;mi6Z6LC36&quot;, &quot;mi6Z6LC35&quot;, &quot;mi6Z6LC33&quot;, &quot;mi6Z6LC31&quot;, &quot;GelbQPfoL&quot;, &quot;GelbQPfoN&quot;, &quot;DwNUrb8cy&quot;, &quot;GelbQPfoO&quot;, &quot;GelbQPfoP&quot;, &quot;GelbQPfoQ&quot;, &quot;MpGHhWMFO&quot;, &quot;MpGHhWMFM&quot;, &quot;MpGHhWMFR&quot;, &quot;MpGHhWMFP&quot;, &quot;MpGHhWMFQ&quot;, &quot;MpGHhWMFV&quot;, &quot;j9En4djFB&quot;, &quot;MpGHhWMFW&quot;, &quot;MpGHhWMFT&quot;, &quot;MpGHhWMFU&quot;, &quot;ek1kc8YVE&quot;, &quot;j9En4djFJ&quot;, &quot;j9En4djFH&quot;, &quot;ek1kc8YVM&quot;, &quot;j9En4djFS&quot;, &quot;ek1kc8YVL&quot;, &quot;j9En4djFR&quot;, &quot;j9En4djFQ&quot;, &quot;j9En4djFP&quot;, &quot;ek1kc8YVQ&quot;, &quot;MpGHhWMFK&quot;, &quot;j9En4djFN&quot;, &quot;ek1kc8YVO&quot;, &quot;j9En4djFM&quot;, &quot;j9En4djFL&quot;, &quot;EOjsYnk4K&quot;, &quot;EOjsYnk4L&quot;, &quot;EOjsYnk4J&quot;, &quot;EOjsYnk4O&quot;, &quot;EOjsYnk4P&quot;, &quot;EOjsYnk4N&quot;, &quot;EOjsYnk4C&quot;, &quot;EOjsYnk4G&quot;, &quot;EOjsYnk4H&quot;, &quot;GA3DqSrVY&quot;, &quot;GA3DqSrVZ&quot;, &quot;GA3DqSrVX&quot;, &quot;GA3DqSrVU&quot;, &quot;GA3DqSrVV&quot;, &quot;GA3DqSrVT&quot;, &quot;GA3DqSrVQ&quot;, &quot;GA3DqSrVR&quot;, &quot;EOjsYnk4Q&quot;, &quot;GMpRdT3cA&quot;, &quot;IfhDx6Rlb&quot;, &quot;kKy6S21h5&quot;, &quot;IfhDx6Rld&quot;, &quot;IfhDx6Rlc&quot;, &quot;kKy6S21h9&quot;, &quot;IfhDx6Rle&quot;, &quot;kKy6S21h7&quot;, &quot;qzcaJ7l11&quot;, &quot;qzcaJ7l13&quot;, &quot;qzcaJ7l15&quot;, &quot;qzcaJ7l16&quot;, &quot;qzcaJ7l17&quot;, &quot;qzcaJ7l19&quot;, &quot;GMpRdT3co&quot;, &quot;GMpRdT3ct&quot;, &quot;GMpRdT3cu&quot;, &quot;GMpRdT3cv&quot;, &quot;GMpRdT3cq&quot;, &quot;GMpRdT3cr&quot;, &quot;GMpRdT3cx&quot;, &quot;GMpRdT3cy&quot;, &quot;GMpRdT3cz&quot;, &quot;qzcaJ7l1W&quot;, &quot;kKy6S21ig&quot;, &quot;kKy6S21if&quot;, &quot;kKy6S21ie&quot;, &quot;zONpaVc2w&quot;, &quot;kKy6S21id&quot;, &quot;zONpaVc2u&quot;, &quot;zONpaVc2v&quot;, &quot;zONpaVc2t&quot;, &quot;zONpaVc2q&quot;, &quot;zONpaVc2r&quot;, &quot;zONpaVc2p&quot;, &quot;zONpaVc2m&quot;, &quot;zONpaVc2n&quot;, &quot;ek1kc8YVU&quot;, &quot;ek1kc8YVT&quot;, &quot;ek1kc8YVS&quot;, &quot;zONpaVc2h&quot;, &quot;ek1kc8YVR&quot;, &quot;ek1kc8YVW&quot;, &quot;kKy6S21ib&quot;, &quot;kKy6S21ia&quot;, &quot;IqDRk8sBN&quot;, &quot;IqDRk8sBO&quot;, &quot;IqDRk8sBJ&quot;, &quot;IqDRk8sBL&quot;, &quot;IqDRk8sBM&quot;, &quot;pMVd8f29c&quot;, &quot;IqDRk8sBG&quot;, &quot;pMVd8f29b&quot;, &quot;IqDRk8sBH&quot;, &quot;IqDRk8sBI&quot;, &quot;IqDRk8sBC&quot;, &quot;pMVd8f29e&quot;, &quot;IqDRk8sBE&quot;, &quot;pMVd8f29d&quot;, &quot;kKy6S21hZ&quot;, &quot;ezdBrVt00&quot;, &quot;ezdBrVt02&quot;, &quot;uPhlns40c&quot;, &quot;uPhlns40b&quot;, &quot;uPhlns40a&quot;, &quot;DwNUrb8cM&quot;, &quot;ezdBrVt08&quot;, &quot;DwNUrb8cL&quot;, &quot;DwNUrb8cK&quot;, &quot;DwNUrb8cJ&quot;, &quot;ezdBrVt09&quot;, &quot;ezdBrVt04&quot;, &quot;DwNUrb8cH&quot;, &quot;DwNUrb8cG&quot;, &quot;DwNUrb8cF&quot;, &quot;ezdBrVt06&quot;, &quot;ezdBrVt05&quot;, &quot;DwNUrb8cD&quot;, &quot;AGKsGijyM&quot;, &quot;pMVd8f28Y&quot;, &quot;DwNUrb8cC&quot;, &quot;AGKsGijyK&quot;, &quot;AGKsGijyL&quot;, &quot;AGKsGijyJ&quot;, &quot;AGKsGijyG&quot;, &quot;AGKsGijyH&quot;, &quot;AGKsGijyF&quot;, &quot;AGKsGijyC&quot;, &quot;AGKsGijyD&quot;, &quot;IfhDx6Rk2&quot;, &quot;IfhDx6Rk4&quot;, &quot;IfhDx6Rk7&quot;, &quot;AGKsGijyx&quot;, &quot;IfhDx6Rk6&quot;, &quot;IfhDx6Rk9&quot;, &quot;IfhDx6Rk8&quot;, &quot;j3YhaHv2A&quot;, &quot;BeO73m7mh&quot;, &quot;BeO73m7mn&quot;, &quot;BeO73m7mm&quot;, &quot;pMVd8f289&quot;, &quot;pMVd8f288&quot;, &quot;pMVd8f287&quot;, &quot;BeO73m7mr&quot;, &quot;BeO73m7mq&quot;, &quot;BeO73m7mp&quot;, &quot;BeO73m7mv&quot;, &quot;BeO73m7mu&quot;, &quot;BeO73m7mt&quot;, &quot;pMVd8f285&quot;, &quot;pMVd8f283&quot;, &quot;BeO73m7mw&quot;, &quot;qzcaJ7l2a&quot;, &quot;qzcaJ7l2b&quot;, &quot;qzcaJ7l2c&quot;, &quot;MJy5qe5om&quot;, &quot;MJy5qe5on&quot;, &quot;MJy5qe5ok&quot;, &quot;MJy5qe5ol&quot;, &quot;MJy5qe5oi&quot;, &quot;MJy5qe5og&quot;, &quot;MJy5qe5os&quot;, &quot;MJy5qe5oq&quot;, &quot;MJy5qe5or&quot;, &quot;MJy5qe5op&quot;, &quot;CfilT0VkH&quot;, &quot;kS5hejIKa&quot;, &quot;CfilT0VkG&quot;, &quot;LgHi52hfO&quot;, &quot;CfilT0VkI&quot;, &quot;LgHi52hfI&quot;, &quot;LgHi52hfJ&quot;, &quot;LgHi52hfG&quot;, &quot;LgHi52hfH&quot;, &quot;LgHi52hfM&quot;, &quot;LgHi52hfN&quot;, &quot;LgHi52hfL&quot;, &quot;ygfvXcBgl&quot;, &quot;LgHi52hfE&quot;, &quot;LgHi52hfC&quot;, &quot;InNNTnyM3&quot;, &quot;InNNTnyM4&quot;, &quot;CfilT0VkB&quot;, &quot;InNNTnyM5&quot;, &quot;CfilT0VkD&quot;, &quot;InNNTnyM7&quot;, &quot;CfilT0VkC&quot;, &quot;InNNTnyM8&quot;, &quot;CfilT0VkF&quot;, &quot;InNNTnyM9&quot;, &quot;Gbu8o4lAc&quot;, &quot;e1B9Vuuby&quot;, &quot;Gbu8o4lAb&quot;, &quot;e1B9Vuubx&quot;, &quot;Gbu8o4lAa&quot;, &quot;e1B9Vuubw&quot;, &quot;ygfvXcBgz&quot;, &quot;ygfvXcBgy&quot;, &quot;ygfvXcBgx&quot;, &quot;ygfvXcBgv&quot;, &quot;e1B9Vuubr&quot;, &quot;ygfvXcBgu&quot;, &quot;ygfvXcBgt&quot;, &quot;kS5hejIJV&quot;, &quot;ygfvXcBgr&quot;, &quot;CfilT0Vkt&quot;, &quot;ygfvXcBgp&quot;, &quot;e1B9Vuubu&quot;, &quot;e1B9Vuubs&quot;, &quot;InNNTnyMY&quot;, &quot;kiaypt07M&quot;, &quot;kiaypt07N&quot;, &quot;kiaypt07O&quot;, &quot;kiaypt07I&quot;, &quot;kiaypt07J&quot;, &quot;kS5hejIJ9&quot;, &quot;kiaypt07L&quot;, &quot;kS5hejIJ7&quot;, &quot;kiaypt07F&quot;, &quot;kS5hejIJ5&quot;, &quot;kiaypt07H&quot;, &quot;kS5hejIJ6&quot;, &quot;DFj4MsPEu&quot;, &quot;kS5hejIJ3&quot;, &quot;kS5hejIJ1&quot;, &quot;kiaypt07D&quot;, &quot;DFj4MsPEy&quot;, &quot;DFj4MsPEz&quot;, &quot;LmnpZx4SY&quot;, &quot;CfilT0Vkz&quot;, &quot;LmnpZx4SZ&quot;, &quot;CfilT0Vky&quot;, &quot;LmnpZx4SU&quot;, &quot;LmnpZx4SW&quot;, &quot;z5PJRsBV9&quot;, &quot;InNNTnyM0&quot;, &quot;InNNTnyM2&quot;, &quot;DTwl1fkJI&quot;, &quot;DTwl1fkJP&quot;, &quot;DTwl1fkJN&quot;, &quot;DTwl1fkJM&quot;, &quot;LmnpZx4S0&quot;, &quot;DTwl1fkJT&quot;, &quot;LmnpZx4S1&quot;, &quot;DTwl1fkJR&quot;, &quot;kiaypt07x&quot;, &quot;DTwl1fkJQ&quot;, &quot;LmnpZx4S3&quot;, &quot;LmnpZx4S4&quot;, &quot;LmnpZx4S5&quot;, &quot;DTwl1fkJW&quot;, &quot;DTwl1fkJV&quot;, &quot;LmnpZx4S6&quot;, &quot;DTwl1fkJU&quot;, &quot;z5PJRsBWo&quot;, &quot;z5PJRsBWl&quot;, &quot;z5PJRsBWn&quot;, &quot;z5PJRsBWm&quot;, &quot;Syb9hjp8g&quot;, &quot;Syb9hjp8i&quot;, &quot;Syb9hjp8j&quot;, &quot;Syb9hjp8k&quot;, &quot;Syb9hjp8l&quot;, &quot;Syb9hjp8m&quot;, &quot;Syb9hjp8n&quot;, &quot;Syb9hjp8o&quot;, &quot;iJCFbLplP&quot;, &quot;iJCFbLplQ&quot;, &quot;iJCFbLplN&quot;, &quot;iJCFbLplL&quot;, &quot;iJCFbLplM&quot;, &quot;iJCFbLplJ&quot;, &quot;Syb9hjp8c&quot;, &quot;Syb9hjp8e&quot;, &quot;iJCFbLplR&quot;, &quot;iJCFbLplS&quot;, &quot;GpHpDQQFe&quot;, &quot;z5PJRsBWh&quot;, &quot;z5PJRsBWj&quot;, &quot;z5PJRsBWi&quot;, &quot;GpHpDQQFj&quot;, &quot;GpHpDQQFg&quot;, &quot;z5PJRsBWf&quot;, &quot;z5PJRsBWe&quot;, &quot;GpHpDQQFh&quot;, &quot;GpHpDQQFn&quot;, &quot;GpHpDQQFk&quot;, &quot;GpHpDQQFl&quot;, &quot;GpHpDQQFq&quot;, &quot;GpHpDQQFo&quot;, &quot;GpHpDQQFp&quot;, &quot;kESZZxdEP&quot;, &quot;kESZZxdES&quot;, &quot;kESZZxdER&quot;, &quot;kESZZxdET&quot;, &quot;kESZZxdEW&quot;, &quot;kESZZxdEV&quot;, &quot;kESZZxdEY&quot;, &quot;kESZZxdEX&quot;, &quot;InNNTnyNa&quot;, &quot;e1B9Vuubk&quot;, &quot;iJCFbLplH&quot;, &quot;kESZZxdEH&quot;, &quot;iJCFbLplB&quot;, &quot;kESZZxdEN&quot;, &quot;P105EHUcM&quot;, &quot;P105EHUcK&quot;, &quot;P105EHUcI&quot;, &quot;e1B9VuubB&quot;, &quot;P105EHUcU&quot;, &quot;e1B9VuubA&quot;, &quot;P105EHUcS&quot;, &quot;P105EHUcT&quot;, &quot;P105EHUcQ&quot;, &quot;P105EHUcR&quot;, &quot;P105EHUcO&quot;, &quot;kS5hejIKb&quot;, &quot;P105EHUcP&quot;, &quot;e1B9VuubC&quot;, &quot;kS5hejIKc&quot;, &quot;zDrbnTBLM&quot;, &quot;N3UHpbb4Y&quot;, &quot;zDrbnTBLQ&quot;, &quot;zDrbnTBLP&quot;, &quot;QrzAGv0yI&quot;, &quot;zDrbnTBLN&quot;, &quot;QrzAGv0yH&quot;, &quot;zDrbnTBLU&quot;, &quot;QrzAGv0yG&quot;, &quot;zDrbnTBLT&quot;, &quot;QrzAGv0yF&quot;, &quot;QrzAGv0yE&quot;, &quot;qnPWW5KLm&quot;, &quot;QrzAGv0yD&quot;, &quot;zDrbnTBLR&quot;, &quot;QrzAGv0yC&quot;, &quot;qnPWW5KLr&quot;, &quot;QrzAGv0yA&quot;, &quot;zDrbnTBLW&quot;, &quot;zDrbnTBLV&quot;, &quot;qnPWW5KLt&quot;, &quot;qnPWW5KLv&quot;, &quot;qnPWW5KLx&quot;, &quot;qnPWW5KLw&quot;, &quot;qnPWW5KLz&quot;, &quot;zDrbnTBLH&quot;, &quot;fIcZDPZq7&quot;, &quot;fIcZDPZq9&quot;, &quot;fIcZDPZq1&quot;, &quot;GGJKkofy6&quot;, &quot;O4nVfOZ3k&quot;, &quot;O4nVfOZ3l&quot;, &quot;O4nVfOZ3m&quot;, &quot;O4nVfOZ3g&quot;, &quot;O4nVfOZ3i&quot;, &quot;O4nVfOZ3j&quot;, &quot;O4nVfOZ3c&quot;, &quot;O4nVfOZ3e&quot;, &quot;O4nVfOZ3a&quot;, &quot;qnPWW5KLB&quot;, &quot;qnPWW5KLA&quot;, &quot;N3UHpbb48&quot;, &quot;N3UHpbb49&quot;, &quot;qnPWW5KLC&quot;, &quot;FRCKgL2Rz&quot;, &quot;N3UHpbb44&quot;, &quot;N3UHpbb46&quot;, &quot;N3UHpbb47&quot;, &quot;N3UHpbb40&quot;, &quot;N3UHpbb42&quot;, &quot;N3UHpbb43&quot;, &quot;GGJKkofy8&quot;, &quot;GGJKkofy9&quot;, &quot;QrzAGv0yy&quot;, &quot;QrzAGv0yw&quot;, &quot;tDrTJNFLb&quot;, &quot;tDrTJNFLj&quot;, &quot;tDrTJNFLk&quot;, &quot;tDrTJNFLh&quot;, &quot;tDrTJNFLf&quot;, &quot;tDrTJNFLp&quot;, &quot;tDrTJNFLq&quot;, &quot;tDrTJNFLn&quot;, &quot;tDrTJNFLo&quot;, &quot;tDrTJNFLl&quot;, &quot;FRCKgL2Rs&quot;, &quot;FRCKgL2Rw&quot;, &quot;FRCKgL2Rx&quot;, &quot;GGJKkofzg&quot;, &quot;GGJKkofzh&quot;, &quot;GGJKkofzf&quot;, &quot;mi6Z6LC4c&quot;, &quot;GGJKkofzc&quot;, &quot;mi6Z6LC4b&quot;, &quot;GGJKkofzd&quot;, &quot;mi6Z6LC4a&quot;, &quot;GGJKkofzb&quot;, &quot;FRCKgL2RD&quot;, &quot;G3sbUrr6g&quot;, &quot;FRCKgL2RA&quot;, &quot;FRCKgL2RB&quot;, &quot;G3sbUrr6i&quot;, &quot;FRCKgL2RG&quot;, &quot;G3sbUrr6k&quot;, &quot;FRCKgL2RE&quot;, &quot;FRCKgL2RF&quot;, &quot;G3sbUrr6m&quot;, &quot;G3sbUrr6l&quot;, &quot;G3sbUrr6n&quot;, &quot;G3sbUrr6q&quot;, &quot;G3sbUrr6p&quot;, &quot;G3sbUrr6s&quot;, &quot;G3sbUrr6r&quot;, &quot;GGJKkofzi&quot;, &quot;LLVU1mbeP&quot;, &quot;LLVU1mbeO&quot;, &quot;LLVU1mbeN&quot;, &quot;LLVU1mbeU&quot;, &quot;LLVU1mbeT&quot;, &quot;LLVU1mbeS&quot;, &quot;LLVU1mbeR&quot;, &quot;IKwftqLj8&quot;, &quot;LLVU1mbeI&quot;, &quot;N3UHpbb5a&quot;, &quot;LLVU1mbeM&quot;, &quot;LLVU1mbeK&quot;, &quot;AbvQKYpzF&quot;, &quot;AbvQKYpzG&quot;, &quot;AbvQKYpzD&quot;, &quot;AbvQKYpzE&quot;, &quot;nUuWMe8ED&quot;, &quot;KuqmuaYmJ&quot;, &quot;bI99G1Fm7&quot;, &quot;KuqmuaYmK&quot;, &quot;bI99G1Fm6&quot;, &quot;nUuWMe8EB&quot;, &quot;bI99G1Fm5&quot;, &quot;KuqmuaYmL&quot;, &quot;bI99G1Fm4&quot;, &quot;KuqmuaYmG&quot;, &quot;bI99G1Fm2&quot;, &quot;bI99G1Fm0&quot;, &quot;KuqmuaYmI&quot;, &quot;AbvQKYpzB&quot;, &quot;nUuWMe8EL&quot;, &quot;nUuWMe8EM&quot;, &quot;nUuWMe8EJ&quot;, &quot;AUWJU4OD0&quot;, &quot;AbvQKYpzA&quot;, &quot;nUuWMe8EK&quot;, &quot;nUuWMe8EH&quot;, &quot;KuqmuaYmN&quot;, &quot;DlrGEawWb&quot;, &quot;DlrGEawWa&quot;, &quot;KuqmuaYmO&quot;, &quot;nUuWMe8EF&quot;, &quot;KuqmuaYmP&quot;, &quot;nUuWMe8EG&quot;, &quot;DlrGEawWc&quot;, &quot;KuqmuaYmQ&quot;, &quot;BSzUjXINj&quot;, &quot;CVTbCmqAo&quot;, &quot;CVTbCmqAn&quot;, &quot;CVTbCmqAm&quot;, &quot;CVTbCmqAl&quot;, &quot;KuqmuaYmE&quot;, &quot;BSzUjXINx&quot;, &quot;BSzUjXINw&quot;, &quot;BSzUjXINy&quot;, &quot;BSzUjXINp&quot;, &quot;CVTbCmqAj&quot;, &quot;BSzUjXINo&quot;, &quot;CVTbCmqAi&quot;, &quot;BSzUjXINr&quot;, &quot;CVTbCmqAh&quot;, &quot;CVTbCmqAf&quot;, &quot;BSzUjXINt&quot;, &quot;CVTbCmqAe&quot;, &quot;BSzUjXINs&quot;, &quot;BSzUjXINv&quot;, &quot;NvP116ohe&quot;, &quot;sxiyZD39L&quot;, &quot;bphLyJmEu&quot;, &quot;NvP116ohg&quot;, &quot;NvP116ohj&quot;, &quot;bphLyJmEt&quot;, &quot;NvP116ohi&quot;, &quot;bphLyJmEy&quot;, &quot;sxiyZD39G&quot;, &quot;NvP116ohk&quot;, &quot;bphLyJmEz&quot;, &quot;bphLyJmEw&quot;, &quot;NvP116ohn&quot;, &quot;NvP116ohm&quot;, &quot;bphLyJmEm&quot;, &quot;sxiyZD39T&quot;, &quot;NvP116ohp&quot;, &quot;NvP116oho&quot;, &quot;sxiyZD39R&quot;, &quot;sxiyZD39Q&quot;, &quot;NvP116ohq&quot;, &quot;sxiyZD39P&quot;, &quot;sxiyZD39N&quot;, &quot;AbvQKYpzz&quot;, &quot;AbvQKYpzx&quot;, &quot;DlrGEawV9&quot;, &quot;AbvQKYpzw&quot;, &quot;sxiyZD39W&quot;, &quot;sxiyZD39V&quot;, &quot;sxiyZD39U&quot;, &quot;lIchhVVry&quot;, &quot;IYIwIdgpy&quot;, &quot;IYIwIdgpx&quot;, &quot;IYIwIdgpw&quot;, &quot;IYIwIdgpv&quot;, &quot;IYIwIdgpt&quot;, &quot;IYIwIdgps&quot;, &quot;IYIwIdgpr&quot;, &quot;AbvQKYpzr&quot;, &quot;vEolq5hHM&quot;, &quot;vEolq5hHL&quot;, &quot;bphLyJmEC&quot;, &quot;vEolq5hHO&quot;, &quot;vEolq5hHN&quot;, &quot;bphLyJmED&quot;, &quot;DlrGEawVY&quot;, &quot;vEolq5hHI&quot;, &quot;lIchhVVrO&quot;, &quot;vEolq5hHH&quot;, &quot;lIchhVVrN&quot;, &quot;lIchhVVrM&quot;, &quot;vEolq5hHJ&quot;, &quot;lIchhVVrL&quot;, &quot;IYIwIdgpq&quot;, &quot;vEolq5hHD&quot;, &quot;IYIwIdgpo&quot;, &quot;vEolq5hHF&quot;, &quot;IYIwIdgpm&quot;, &quot;bphLyJmEA&quot;, &quot;bphLyJmEB&quot;, &quot;SXKEi7wt4&quot;, &quot;SXKEi7wt2&quot;, &quot;SXKEi7wt9&quot;, &quot;SXKEi7wt8&quot;, &quot;SXKEi7wt7&quot;, &quot;SXKEi7wt6&quot;, &quot;SXKEi7wt0&quot;, &quot;AA4lMMvVu&quot;, &quot;AA4lMMvVt&quot;, &quot;AA4lMMvVp&quot;, &quot;AA4lMMvVs&quot;, &quot;AA4lMMvVr&quot;, &quot;DlrGEawV5&quot;, &quot;AA4lMMvVl&quot;, &quot;AA4lMMvVo&quot;, &quot;DlrGEawV7&quot;, &quot;AA4lMMvVn&quot;, &quot;DlrGEawV6&quot;, &quot;AA4lMMvVk&quot;, &quot;DlrGEawV3&quot;, &quot;DlrGEawV2&quot;, &quot;AA4lMMvVf&quot;, &quot;p07vm2yec&quot;, &quot;p07vm2yel&quot;, &quot;p07vm2yem&quot;, &quot;p07vm2yen&quot;, &quot;p07vm2yeh&quot;, &quot;p07vm2yej&quot;, &quot;nUuWMe8Ew&quot;, &quot;SXKEi7wuc&quot;, &quot;SXKEi7wub&quot;, &quot;SXKEi7wua&quot;, &quot;AUWJU4ODZ&quot;, &quot;AUWJU4ODY&quot;, &quot;AUWJU4ODX&quot;, &quot;AUWJU4ODV&quot;, &quot;p07vm2yep&quot;, &quot;BMTNqrU91&quot;, &quot;AUWJU4ODU&quot;, &quot;p07vm2yeq&quot;, &quot;AUWJU4ODT&quot;, &quot;p07vm2yer&quot;, &quot;p07vm2yes&quot;, &quot;AUWJU4ODR&quot;, &quot;wwloWsod2&quot;, &quot;AUWJU4ODQ&quot;, &quot;wwloWsod3&quot;, &quot;wwloWsod1&quot;, &quot;BMTNqrU99&quot;, &quot;AUWJU4ODL&quot;, &quot;BMTNqrU96&quot;, &quot;BMTNqrU97&quot;, &quot;C0OWR3LF&quot;, &quot;C0OWR3LA&quot;, &quot;C0OWR3LB&quot;, &quot;C0OWR3LC&quot;, &quot;C0OWR3LD&quot;, &quot;C0OWR3LE&quot;, &quot;I1yz9Yaec&quot;, &quot;I1yz9Yaeb&quot;, &quot;I1yz9Yaea&quot;, &quot;C0OWR3Ln&quot;, &quot;R2XxlZv9i&quot;, &quot;R2XxlZv9e&quot;, &quot;R2XxlZv9f&quot;, &quot;R2XxlZv9g&quot;, &quot;R2XxlZv9h&quot;, &quot;R2XxlZv9a&quot;, &quot;R2XxlZv9c&quot;, &quot;R2XxlZv9d&quot;, &quot;I1yz9Yad7&quot;, &quot;I1yz9Yad6&quot;, &quot;I1yz9Yad5&quot;, &quot;I1yz9Yad4&quot;, &quot;dBAq22zRu&quot;, &quot;dBAq22zRr&quot;, &quot;I1yz9Yad9&quot;, &quot;dBAq22zRs&quot;, &quot;I1yz9Yad2&quot;, &quot;dBAq22zRk&quot;, &quot;I1yz9Yad0&quot;, &quot;dBAq22zRx&quot;, &quot;dBAq22zRy&quot;, &quot;dBAq22zRw&quot;, &quot;dBAq22zRz&quot;, &quot;R2XxlZv88&quot;, &quot;R2XxlZv86&quot;, &quot;DcVwiTPt7&quot;, &quot;DcVwiTPt9&quot;, &quot;DcVwiTPt2&quot;, &quot;DcVwiTPt6&quot;, &quot;dBAq22zRA&quot;, &quot;A6iXH6pUr&quot;, &quot;A6iXH6pUq&quot;, &quot;A6iXH6pUt&quot;, &quot;A6iXH6pUv&quot;, &quot;A6iXH6pUu&quot;, &quot;dBAq22zRC&quot;, &quot;DFj4MsPEB&quot;, &quot;A6iXH6pUl&quot;, &quot;DFj4MsPEF&quot;, &quot;DFj4MsPEC&quot;, &quot;DFj4MsPED&quot;, &quot;DFj4MsPEI&quot;, &quot;dEquuNtF8&quot;, &quot;DFj4MsPEG&quot;, &quot;txLMQhR7X&quot;, &quot;DFj4MsPEH&quot;, &quot;K2u1RfMaA&quot;, &quot;txLMQhR7T&quot;, &quot;A6iXH6pUx&quot;, &quot;A6iXH6pUz&quot;, &quot;A6iXH6pUy&quot;, &quot;dEquuNtF5&quot;, &quot;txLMQhR7Z&quot;, &quot;dEquuNtF6&quot;, &quot;P4Q86sN1q&quot;, &quot;P4Q86sN1o&quot;, &quot;P4Q86sN1m&quot;, &quot;P4Q86sN1y&quot;, &quot;P4Q86sN1w&quot;, &quot;P4Q86sN1x&quot;, &quot;P4Q86sN1u&quot;, &quot;P4Q86sN1v&quot;, &quot;P4Q86sN1s&quot;, &quot;JCtiYNRQA&quot;, &quot;P4Q86sN1t&quot;, &quot;txLMQhR75&quot;, &quot;txLMQhR76&quot;, &quot;txLMQhR77&quot;, &quot;txLMQhR78&quot;, &quot;txLMQhR71&quot;, &quot;L2YfHTz8C&quot;, &quot;txLMQhR72&quot;, &quot;txLMQhR73&quot;, &quot;L2YfHTz8A&quot;, &quot;L2YfHTz8H&quot;, &quot;L2YfHTz8G&quot;, &quot;L2YfHTz8F&quot;, &quot;L2YfHTz8E&quot;, &quot;L2YfHTz8L&quot;, &quot;L2YfHTz8K&quot;, &quot;L2YfHTz8J&quot;, &quot;L2YfHTz8M&quot;, &quot;sdqaRlLrp&quot;, &quot;S86R587KL&quot;, &quot;sdqaRlLro&quot;, &quot;S86R587KM&quot;, &quot;sdqaRlLrn&quot;, &quot;S86R587KH&quot;, &quot;sdqaRlLrl&quot;, &quot;sdqaRlLrk&quot;, &quot;S86R587KI&quot;, &quot;Qi3qlfi6M&quot;, &quot;sdqaRlLrj&quot;, &quot;S86R587KJ&quot;, &quot;S86R587KK&quot;, &quot;sdqaRlLrh&quot;, &quot;sdqaRlLrf&quot;, &quot;sdqaRlLra&quot;, &quot;Qi3qlfi6A&quot;, &quot;Qi3qlfi6C&quot;, &quot;K2u1RfMao&quot;, &quot;K2u1RfMaq&quot;, &quot;K2u1RfMas&quot;, &quot;Qi3qlfi6J&quot;, &quot;S86R587KE&quot;, &quot;K2u1RfMat&quot;, &quot;Qi3qlfi6I&quot;, &quot;K2u1RfMau&quot;, &quot;Qi3qlfi6L&quot;, &quot;S86R587KG&quot;, &quot;K2u1RfMav&quot;, &quot;Qi3qlfi6K&quot;, &quot;S86R587KA&quot;, &quot;Qi3qlfi6E&quot;, &quot;K2u1RfMax&quot;, &quot;Qi3qlfi6H&quot;, &quot;K2u1RfMay&quot;, &quot;S86R587KC&quot;, &quot;Qi3qlfi6G&quot;, &quot;K2u1RfMaz&quot;, &quot;sdqaRlLrq&quot;, &quot;gRcnPKuRh&quot;, &quot;P7HcydHP8&quot;, &quot;vMUvMlY9B&quot;, &quot;gRcnPKuRi&quot;, &quot;P7HcydHP7&quot;, &quot;gRcnPKuRf&quot;, &quot;P7HcydHP6&quot;, &quot;vMUvMlY9E&quot;, &quot;gRcnPKuRl&quot;, &quot;js3ylROp7&quot;, &quot;js3ylROp6&quot;, &quot;vMUvMlY9F&quot;, &quot;gRcnPKuRm&quot;, &quot;js3ylROp9&quot;, &quot;vMUvMlY9D&quot;, &quot;gRcnPKuRk&quot;, &quot;P7HcydHP9&quot;, &quot;vMUvMlY9I&quot;, &quot;vMUvMlY9J&quot;, &quot;vMUvMlY9H&quot;, &quot;vMUvMlY9K&quot;, &quot;K5k5i0FY2&quot;, &quot;js3ylROp3&quot;, &quot;K5k5i0FY4&quot;, &quot;js3ylROp5&quot;, &quot;js3ylROp1&quot;, &quot;K5k5i0FY6&quot;, &quot;vMUvMlY9v&quot;, &quot;K5k5i0FY7&quot;, &quot;K5k5i0FY8&quot;, &quot;K5k5i0FY9&quot;, &quot;vMUvMlY9z&quot;, &quot;g8eIwhTLi&quot;, &quot;soMoEnmH0&quot;, &quot;g8eIwhTLh&quot;, &quot;g8eIwhTLg&quot;, &quot;g8eIwhTLe&quot;, &quot;g8eIwhTLd&quot;, &quot;g8eIwhTLc&quot;, &quot;QQ75Ij6Um&quot;, &quot;g8eIwhTLa&quot;, &quot;QQ75Ij6Uk&quot;, &quot;omTvfN8OY&quot;, &quot;QQ75Ij6Uq&quot;, &quot;QQ75Ij6Uo&quot;, &quot;EgeNBixgZ&quot;, &quot;QQ75Ij6Uu&quot;, &quot;QQ75Ij6Ut&quot;, &quot;QQ75Ij6Us&quot;, &quot;QQ75Ij6Ur&quot;, &quot;EgeNBixgX&quot;, &quot;QQ75Ij6Uw&quot;, &quot;EgeNBixgW&quot;, &quot;QQ75Ij6Uv&quot;, &quot;gRcnPKuQ9&quot;, &quot;EgeNBixgS&quot;, &quot;K5k5i0FZc&quot;, &quot;omTvfN8O3&quot;, &quot;tpfCu1aF9&quot;, &quot;K5k5i0FZd&quot;, &quot;tpfCu1aF6&quot;, &quot;K5k5i0FZe&quot;, &quot;soMoEnmHK&quot;, &quot;omTvfN8O5&quot;, &quot;tpfCu1aF7&quot;, &quot;A6iXH6pUA&quot;, &quot;soMoEnmHP&quot;, &quot;tpfCu1aF5&quot;, &quot;tpfCu1aF3&quot;, &quot;K5k5i0FZb&quot;, &quot;tpfCu1aF1&quot;, &quot;JCtiYNRQo&quot;, &quot;omTvfN8O8&quot;, &quot;omTvfN8O7&quot;, &quot;JCtiYNRQq&quot;, &quot;omTvfN8O9&quot;, &quot;P7HcydHP0&quot;, &quot;JCtiYNRQs&quot;, &quot;JCtiYNRQu&quot;, &quot;soMoEnmHZ&quot;, &quot;JCtiYNRQt&quot;, &quot;P7HcydHP4&quot;, &quot;PNOOpVo7D&quot;, &quot;JCtiYNRQv&quot;, &quot;PNOOpVo7E&quot;, &quot;P7HcydHP2&quot;, &quot;JCtiYNRQy&quot;, &quot;PNOOpVo7F&quot;, &quot;JCtiYNRQx&quot;, &quot;PNOOpVo7G&quot;, &quot;soMoEnmHT&quot;, &quot;PNOOpVo7A&quot;, &quot;soMoEnmHU&quot;, &quot;JCtiYNRQz&quot;, &quot;soMoEnmHR&quot;, &quot;PNOOpVo7B&quot;, &quot;PNOOpVo7C&quot;, &quot;soMoEnmHX&quot;, &quot;soMoEnmHY&quot;, &quot;soMoEnmHV&quot;, &quot;tpfCu1aFX&quot;, &quot;lCwaop7Og&quot;, &quot;c9bSztzG6&quot;, &quot;c9bSztzG7&quot;, &quot;c9bSztzG8&quot;, &quot;c9bSztzG2&quot;, &quot;c9bSztzG4&quot;, &quot;c9bSztzG5&quot;, &quot;c9bSztzG0&quot;, &quot;omTvfN8Pe&quot;, &quot;lCwaop7Or&quot;, &quot;omTvfN8Pd&quot;, &quot;yrBJKecw1&quot;, &quot;lCwaop7Ou&quot;, &quot;lCwaop7Ot&quot;, &quot;yrBJKecw3&quot;, &quot;lCwaop7Ow&quot;, &quot;yrBJKecw4&quot;, &quot;lCwaop7Ov&quot;, &quot;yrBJKecw5&quot;, &quot;omTvfN8Pc&quot;, &quot;omTvfN8Pb&quot;, &quot;yrBJKecw7&quot;, &quot;yrBJKecw8&quot;, &quot;yrBJKecw9&quot;, &quot;lCwaop7Ol&quot;, &quot;lCwaop7On&quot;, &quot;lCwaop7Oq&quot;, &quot;lCwaop7Op&quot;, &quot;c9bSztzGZ&quot;, &quot;PNOOpVo7y&quot;, &quot;EgeNBixg0&quot;, &quot;PNOOpVo7u&quot;, &quot;PNOOpVo7w&quot;, &quot;DcVwiTPua&quot;, &quot;c9bSztzGS&quot;, &quot;DcVwiTPub&quot;, &quot;DcVwiTPue&quot;, &quot;DcVwiTPud&quot;, &quot;DcVwiTPug&quot;, &quot;DcVwiTPuf&quot;, &quot;g8eIwhTK9&quot;, &quot;g8eIwhTK7&quot;, &quot;yrBJKecwV&quot;, &quot;EgeNBixg6&quot;, &quot;EgeNBixg5&quot;, &quot;g8eIwhTK1&quot;, &quot;yrBJKecwZ&quot;, &quot;EgeNBixg1&quot;, &quot;EgeNBixg4&quot;, &quot;EgeNBixg3&quot;, &quot;r13W4kaaO&quot;, &quot;P7HcydHQa&quot;, &quot;r13W4kaaN&quot;, &quot;yrBJKecxa&quot;, &quot;r13W4kaaQ&quot;, &quot;r13W4kaaP&quot;, &quot;r13W4kaaK&quot;, &quot;r13W4kaaJ&quot;, &quot;P7HcydHQc&quot;, &quot;r13W4kaaL&quot;, &quot;P7HcydHQb&quot;, &quot;wzbsodh2t&quot;, &quot;OkW15IAYQ&quot;, &quot;wzbsodh2z&quot;, &quot;wzbsodh2x&quot;, &quot;OkW15IAYV&quot;, &quot;OkW15IAYW&quot;, &quot;r13W4kaaA&quot;, &quot;OkW15IAYY&quot;, &quot;OkW15IAYS&quot;, &quot;tpfCu1aGc&quot;, &quot;OkW15IAYU&quot;, &quot;tpfCu1aGa&quot;, &quot;r13W4kaaF&quot;, &quot;tpfCu1aGb&quot;, &quot;r13W4kaaH&quot;, &quot;OkW15IAYZ&quot;, &quot;cA7dcoLS8&quot;, &quot;OkW15IAY0&quot;, &quot;OkW15IAY1&quot;, &quot;OkW15IAY2&quot;, &quot;wzbsodh2B&quot;, &quot;wwloWsod4&quot;, &quot;pSBk1LQMu&quot;, &quot;pSBk1LQMv&quot;, &quot;MR5fLvMQc&quot;, &quot;pSBk1LQMt&quot;, &quot;TeMYZEVn4&quot;, &quot;TeMYZEVn3&quot;, &quot;TeMYZEVn2&quot;, &quot;TeMYZEVn1&quot;, &quot;pSBk1LQMw&quot;, &quot;TeMYZEVn0&quot;, &quot;eqHq6EMy3&quot;, &quot;pSBk1LQMn&quot;, &quot;pSBk1LQMl&quot;, &quot;eqHq6EMy6&quot;, &quot;pSBk1LQMq&quot;, &quot;pSBk1LQMr&quot;, &quot;eqHq6EMy4&quot;, &quot;pSBk1LQMp&quot;, &quot;wzbsodh2F&quot;, &quot;wwloWsodP&quot;, &quot;eqHq6EMy8&quot;, &quot;wzbsodh2C&quot;, &quot;eqHq6EMy9&quot;, &quot;wzbsodh2D&quot;, &quot;wzbsodh2I&quot;, &quot;pSBk1LQMg&quot;, &quot;wzbsodh2G&quot;, &quot;wzbsodh2H&quot;, &quot;wwloWsodZ&quot;, &quot;wwloWsodX&quot;, &quot;wwloWsodY&quot;, &quot;wwloWsodV&quot;, &quot;wwloWsodT&quot;, &quot;ktwMcvCoo&quot;, &quot;ktwMcvCon&quot;, &quot;8fqSbXKB&quot;, &quot;8fqSbXKC&quot;, &quot;MR5fLvMQh&quot;, &quot;ktwMcvCod&quot;, &quot;MR5fLvMQi&quot;, &quot;MR5fLvMQj&quot;, &quot;eqHq6EMyW&quot;, &quot;MR5fLvMQe&quot;, &quot;MR5fLvMQg&quot;, &quot;ktwMcvCom&quot;, &quot;ktwMcvCol&quot;, &quot;ktwMcvCoj&quot;, &quot;ktwMcvCoi&quot;, &quot;MR5fLvMQl&quot;, &quot;ktwMcvCoh&quot;, &quot;MR5fLvMQm&quot;, &quot;MR5fLvMQn&quot;, &quot;ktwMcvCof&quot;, &quot;MR5fLvMQo&quot;, &quot;eqHq6EMzd&quot;, &quot;eqHq6EMza&quot;, &quot;eqHq6EMzb&quot;, &quot;ovpFA4QgZ&quot;, &quot;eqHq6EMze&quot;, &quot;8fqSbXKE&quot;, &quot;Hnkz2JKOM&quot;, &quot;8fqSbXKG&quot;, &quot;Hnkz2JKOO&quot;, &quot;8fqSbXKH&quot;, &quot;8fqSbXKI&quot;, &quot;8fqSbXKJ&quot;, &quot;8fqSbXKK&quot;, &quot;8fqSbXKL&quot;, &quot;OnM5xtuNu&quot;, &quot;OnM5xtuNw&quot;, &quot;OnM5xtuNy&quot;, &quot;c9bSztzHa&quot;, &quot;ovpFA4QgU&quot;, &quot;OnM5xtuNz&quot;, &quot;8fqSbXKu&quot;, &quot;cA7dcoLTf&quot;, &quot;OnM5xtuNA&quot;, &quot;Hnkz2JKOY&quot;, &quot;OnM5xtuNC&quot;, &quot;cA7dcoLTl&quot;, &quot;Hnkz2JKOV&quot;, &quot;OnM5xtuNE&quot;, &quot;cA7dcoLTk&quot;, &quot;OnM5xtuND&quot;, &quot;cA7dcoLTn&quot;, &quot;Hnkz2JKOX&quot;, &quot;ovpFA4Qha&quot;, &quot;OnM5xtuNG&quot;, &quot;cA7dcoLTm&quot;, &quot;Hnkz2JKOW&quot;, &quot;OnM5xtuNF&quot;, &quot;Hnkz2JKOR&quot;, &quot;cA7dcoLTg&quot;, &quot;Hnkz2JKOQ&quot;, &quot;Hnkz2JKOT&quot;, &quot;cA7dcoLTi&quot;, &quot;Hnkz2JKOS&quot;, &quot;cA7dcoLTo&quot;, &quot;cA7dcoLTq&quot;, &quot;yoLGitiIv&quot;, &quot;vByhZknS9&quot;, &quot;yoLGitiIw&quot;, &quot;jJ5S2pdjN&quot;, &quot;yoLGitiIt&quot;, &quot;kVVkF4CyF&quot;, &quot;yoLGitiIu&quot;, &quot;kVVkF4CyH&quot;, &quot;kVVkF4CyK&quot;, &quot;kVVkF4CyJ&quot;, &quot;yoLGitiIn&quot;, &quot;LAzHekzYd&quot;, &quot;NSytB9AOy&quot;, &quot;vByhZknS1&quot;, &quot;LAzHekzYe&quot;, &quot;kVVkF4CyL&quot;, &quot;NSytB9AOz&quot;, &quot;yoLGitiIl&quot;, &quot;vByhZknS4&quot;, &quot;LAzHekzYf&quot;, &quot;kVVkF4CyO&quot;, &quot;vByhZknS3&quot;, &quot;kVVkF4CyN&quot;, &quot;NSytB9AOu&quot;, &quot;yoLGitiIr&quot;, &quot;kVVkF4CyQ&quot;, &quot;ktwMcvCn7&quot;, &quot;LAzHekzYa&quot;, &quot;vByhZknS5&quot;, &quot;kVVkF4CyP&quot;, &quot;yoLGitiIp&quot;, &quot;NSytB9AOw&quot;, &quot;vByhZknS8&quot;, &quot;LAzHekzYc&quot;, &quot;yoLGitiIq&quot;, &quot;vByhZknS7&quot;, &quot;NSytB9AOx&quot;, &quot;NSytB9AOq&quot;, &quot;NSytB9AOs&quot;, &quot;NSytB9AOt&quot;, &quot;yoLGitiIh&quot;, &quot;NSytB9AOo&quot;, &quot;jJ5S2pdjZ&quot;, &quot;jJ5S2pdjX&quot;, &quot;jJ5S2pdjY&quot;, &quot;jJ5S2pdjV&quot;, &quot;jJ5S2pdjT&quot;, &quot;vByhZknSZ&quot;, &quot;jJ5S2pdj1&quot;, &quot;IwjYeEge1&quot;, &quot;IwjYeEge0&quot;, &quot;vEolq5hHz&quot;, &quot;bI99G1Fna&quot;, &quot;IwjYeEge6&quot;, &quot;IwjYeEge5&quot;, &quot;IwjYeEge4&quot;, &quot;IwjYeEge3&quot;, &quot;vByhZknSV&quot;, &quot;LAzHekzYh&quot;, &quot;LAzHekzYi&quot;, &quot;LAzHekzYj&quot;, &quot;LAzHekzYk&quot;, &quot;jJ5S2pdj4&quot;, &quot;jJ5S2pdj2&quot;, &quot;jJ5S2pdj3&quot;, &quot;NSytB9AOA&quot;, &quot;js3ylROqc&quot;, &quot;LAzHekzX8&quot;, &quot;js3ylROqb&quot;, &quot;vByhZknTa&quot;, &quot;js3ylROqa&quot;, &quot;IwjYeEgeU&quot;, &quot;IwjYeEgeZ&quot;, &quot;bI99G1FmZ&quot;, &quot;IwjYeEgeY&quot;, &quot;IwjYeEgeW&quot;, &quot;TeMYZEVnZ&quot;, &quot;TeMYZEVnY&quot;, &quot;TeMYZEVnW&quot;, &quot;TeMYZEVnU&quot;, &quot;TeMYZEVnS&quot;, &quot;js3ylROpV&quot;, &quot;bI99G1Fm8&quot;, &quot;gRcnPKuRp&quot;, &quot;gRcnPKuRq&quot;, &quot;gRcnPKuRo&quot;, &quot;bI99G1FmS&quot;, &quot;kVVkF4Cyz&quot;, &quot;DWmps0eym&quot;, &quot;DWmps0eyt&quot;, &quot;q4qMFrf1d&quot;, &quot;q4qMFrf1c&quot;, &quot;DWmps0eyv&quot;, &quot;q4qMFrf1b&quot;, &quot;DWmps0eyu&quot;, &quot;DWmps0eyr&quot;, &quot;DWmps0eyq&quot;, &quot;DWmps0eyx&quot;, &quot;q4qMFrf1i&quot;, &quot;zjyNfBi3b&quot;, &quot;q4qMFrf1h&quot;, &quot;q4qMFrf1g&quot;, &quot;DWmps0eyz&quot;, &quot;q4qMFrf1f&quot;, &quot;DWmps0eyy&quot;, &quot;zjyNfBi3j&quot;, &quot;zjyNfBi3g&quot;, &quot;zjyNfBi3h&quot;, &quot;KlUb8UgUN&quot;, &quot;KlUb8UgUM&quot;, &quot;zjyNfBi3n&quot;, &quot;zjyNfBi3k&quot;, &quot;KlUb8UgUP&quot;, &quot;l14Fqed94&quot;, &quot;KlUb8UgUO&quot;, &quot;zjyNfBi3l&quot;, &quot;zjyNfBi3q&quot;, &quot;KlUb8UgUI&quot;, &quot;zjyNfBi3o&quot;, &quot;KlUb8UgUK&quot;, &quot;zjyNfBi3p&quot;, &quot;KlUb8UgUU&quot;, &quot;KlUb8UgUR&quot;, &quot;l14Fqed99&quot;, &quot;KlUb8UgUT&quot;, &quot;KlUb8UgUS&quot;, &quot;ThC2rpPcy&quot;, &quot;LuTAkOMkX&quot;, &quot;LuTAkOMkZ&quot;, &quot;ThC2rpPcw&quot;, &quot;bGj6fgLyl&quot;, &quot;bGj6fgLym&quot;, &quot;bGj6fgLye&quot;, &quot;sCYFS9RNe&quot;, &quot;sCYFS9RNd&quot;, &quot;sCYFS9RNc&quot;, &quot;sCYFS9RNb&quot;, &quot;bGj6fgLyw&quot;, &quot;bGj6fgLyt&quot;, &quot;bGj6fgLys&quot;, &quot;bGj6fgLyu&quot;, &quot;bGj6fgLyo&quot;, &quot;bGj6fgLyr&quot;, &quot;bGj6fgLyq&quot;, &quot;DWmps0eyA&quot;, &quot;Cgti3A9&quot;, &quot;Cgti3A8&quot;, &quot;ThC2rpPcI&quot;, &quot;ThC2rpPcH&quot;, &quot;RGe5LWjBY&quot;, &quot;ThC2rpPcE&quot;, &quot;ThC2rpPcD&quot;, &quot;ThC2rpPcG&quot;, &quot;ThC2rpPcF&quot;, &quot;ThC2rpPcA&quot;, &quot;mLvyAkDex&quot;, &quot;RGe5LWjBW&quot;, &quot;mLvyAkDev&quot;, &quot;ThC2rpPcC&quot;, &quot;mLvyAkDez&quot;, &quot;mLvyAkDey&quot;, &quot;Cgti3A6&quot;, &quot;mLvyAkDeo&quot;, &quot;Cgti3A4&quot;, &quot;Cgti3A3&quot;, &quot;mLvyAkDet&quot;, &quot;zLXlJajdD&quot;, &quot;sCYFS9RMY&quot;, &quot;RGe5LWjB8&quot;, &quot;qB2ebSfQQ&quot;, &quot;qB2ebSfQP&quot;, &quot;zLXlJajdM&quot;, &quot;RGe5LWjB5&quot;, &quot;qB2ebSfQO&quot;, &quot;zLXlJajdN&quot;, &quot;RGe5LWjB4&quot;, &quot;qB2ebSfQN&quot;, &quot;RGe5LWjB7&quot;, &quot;RZ7tUeCkE&quot;, &quot;zLXlJajdL&quot;, &quot;qB2ebSfQL&quot;, &quot;RGe5LWjB6&quot;, &quot;zLXlJajdI&quot;, &quot;qB2ebSfQK&quot;, &quot;zLXlJajdJ&quot;, &quot;RGe5LWjB0&quot;, &quot;qB2ebSfQJ&quot;, &quot;RGe5LWjB3&quot;, &quot;qB2ebSfQH&quot;, &quot;RGe5LWjB2&quot;, &quot;qB2ebSfQF&quot;, &quot;zLXlJajdS&quot;, &quot;zLXlJajdQ&quot;, &quot;RZ7tUeCkC&quot;, &quot;zLXlJajdR&quot;, &quot;RZ7tUeCkD&quot;, &quot;qB2ebSfQA&quot;, &quot;RZ7tUeCkA&quot;, &quot;zLXlJajdP&quot;, &quot;RZ7tUeCkB&quot;, &quot;RZ7tUeCkw&quot;, &quot;RZ7tUeCku&quot;, &quot;RZ7tUeCky&quot;, &quot;RZ7tUeCkz&quot;, &quot;Oh6YDXHao&quot;, &quot;Oh6YDXHan&quot;, &quot;Oh6YDXHam&quot;, &quot;RZ7tUeCks&quot;, &quot;Oh6YDXHal&quot;, &quot;Oh6YDXHak&quot;, &quot;Oh6YDXHai&quot;, &quot;cR9xSWaNi&quot;, &quot;cR9xSWaNg&quot;, &quot;cR9xSWaNa&quot;, &quot;cR9xSWaNe&quot;, &quot;cR9xSWaNf&quot;, &quot;cR9xSWaNc&quot;, &quot;cR9xSWaNd&quot;, &quot;LuTAkOMkQ&quot;, &quot;cR9xSWaM8&quot;, &quot;B054Feqfn&quot;, &quot;fK225ATfR&quot;, &quot;fK225ATfQ&quot;, &quot;oXOd4DQrr&quot;, &quot;LuTAkOMkS&quot;, &quot;B054Feqfp&quot;, &quot;cR9xSWaM7&quot;, &quot;fK225ATfO&quot;, &quot;B054Feqfo&quot;, &quot;fK225ATfN&quot;, &quot;oXOd4DQrt&quot;, &quot;LuTAkOMkU&quot;, &quot;PKYKYaviX&quot;, &quot;PKYKYaviY&quot;, &quot;fK225ATfL&quot;, &quot;B054Feqfl&quot;, &quot;oXOd4DQrv&quot;, &quot;LuTAkOMkW&quot;, &quot;PKYKYaviZ&quot;, &quot;B054Feqfk&quot;, &quot;LuTAkOMkV&quot;, &quot;cR9xSWaM0&quot;, &quot;B054Feqff&quot;, &quot;oXOd4DQrx&quot;, &quot;oXOd4DQrw&quot;, &quot;oXOd4DQrz&quot;, &quot;yRaeL2iSJ&quot;, &quot;fK225ATfF&quot;, &quot;LXh8OnMvt&quot;, &quot;LXh8OnMvu&quot;, &quot;OYHOmjcpS&quot;, &quot;Oh6YDXHah&quot;, &quot;LXh8OnMvp&quot;, &quot;Oh6YDXHag&quot;, &quot;OYHOmjcpU&quot;, &quot;LXh8OnMvr&quot;, &quot;Oh6YDXHae&quot;, &quot;LXh8OnMvs&quot;, &quot;OYHOmjcpW&quot;, &quot;Oh6YDXHac&quot;, &quot;LXh8OnMvm&quot;, &quot;LXh8OnMvn&quot;, &quot;OYHOmjcpY&quot;, &quot;LXh8OnMvo&quot;, &quot;LXh8OnMvi&quot;, &quot;PKYKYaviU&quot;, &quot;B054Feqfu&quot;, &quot;LXh8OnMvk&quot;, &quot;PKYKYaviW&quot;, &quot;fK225ATfW&quot;, &quot;B054Feqfr&quot;, &quot;fK225ATfV&quot;, &quot;PKYKYaviQ&quot;, &quot;fK225ATfU&quot;, &quot;B054Feqft&quot;, &quot;PKYKYaviS&quot;, &quot;fK225ATfS&quot;, &quot;B054Feqfs&quot;, &quot;sCYFS9RM5&quot;, &quot;LuTAkOMk1&quot;, &quot;LuTAkOMk0&quot;, &quot;sCYFS9RM3&quot;, &quot;LuTAkOMk2&quot;, &quot;HvQKn0sgI&quot;, &quot;v06M08ueY&quot;, &quot;HvQKn0sgM&quot;, &quot;sCYFS9RM9&quot;, &quot;sCYFS9RM8&quot;, &quot;HvQKn0sgK&quot;, &quot;sCYFS9RM7&quot;, &quot;yRaeL2iSS&quot;, &quot;OYHOmjcp3&quot;, &quot;v06M08ueR&quot;, &quot;yRaeL2iST&quot;, &quot;HvQKn0sgP&quot;, &quot;OYHOmjcp4&quot;, &quot;v06M08ueS&quot;, &quot;HvQKn0sgO&quot;, &quot;yRaeL2iSR&quot;, &quot;HvQKn0sgN&quot;, &quot;v06M08ueT&quot;, &quot;yRaeL2iSO&quot;, &quot;HvQKn0sgU&quot;, &quot;yRaeL2iSP&quot;, &quot;v06M08ueV&quot;, &quot;HvQKn0sgT&quot;, &quot;v06M08ueW&quot;, &quot;HvQKn0sgS&quot;, &quot;HvQKn0sgR&quot;, &quot;v06M08ueX&quot;, &quot;v06M08ueJ&quot;, &quot;yRaeL2iSY&quot;, &quot;yRaeL2iSW&quot;, &quot;PKYKYavi0&quot;, &quot;v06M08ueN&quot;, &quot;OYHOmjcp0&quot;, &quot;yRaeL2iSX&quot;, &quot;PKYKYavi1&quot;, &quot;OYHOmjcp1&quot;, &quot;PKYKYavi2&quot;, &quot;v06M08ueP&quot;, &quot;yRaeL2iSV&quot;, &quot;OYHOmjcp2&quot;, &quot;RUrm0IOHl&quot;, &quot;RUrm0IOHm&quot;, &quot;RUrm0IOHh&quot;, &quot;RUrm0IOHi&quot;, &quot;RUrm0IOHj&quot;, &quot;RUrm0IOHk&quot;, &quot;RUrm0IOHe&quot;, &quot;RUrm0IOHg&quot;, &quot;RUrm0IOHa&quot;, &quot;RUrm0IOHc&quot;, &quot;oXOd4DQrB&quot;, &quot;oXOd4DQrA&quot;, &quot;cvq6iSYfQ&quot;, &quot;oXOd4DQrC&quot;, &quot;cvq6iSYfY&quot;, &quot;cvq6iSYfX&quot;, &quot;S3qLcDj7u&quot;, &quot;S3qLcDj7t&quot;, &quot;MGI1YubzE&quot;, &quot;S3qLcDj7s&quot;, &quot;S3qLcDj7r&quot;, &quot;MGI1YubzC&quot;, &quot;S3qLcDj7q&quot;, &quot;S3qLcDj7p&quot;, &quot;S3qLcDj7o&quot;, &quot;S3qLcDj7m&quot;, &quot;S3qLcDj7k&quot;, &quot;S3qLcDj7i&quot;, &quot;cvq6iSYf5&quot;, &quot;mggWE0Jfx&quot;, &quot;mggWE0Jfw&quot;, &quot;cvq6iSYf6&quot;, &quot;cvq6iSYf3&quot;, &quot;mggWE0Jfv&quot;, &quot;MGI1YubzN&quot;, &quot;cvq6iSYf4&quot;, &quot;MGI1YubzO&quot;, &quot;mggWE0Jft&quot;, &quot;cvq6iSYf2&quot;, &quot;mggWE0Jfs&quot;, &quot;mggWE0Jfr&quot;, &quot;cvq6iSYf0&quot;, &quot;MGI1YubzH&quot;, &quot;MGI1YubzI&quot;, &quot;MGI1YubzG&quot;, &quot;MGI1YubzL&quot;, &quot;bL0c8Mzbw&quot;, &quot;MGI1YubzM&quot;, &quot;MGI1YubzJ&quot;, &quot;oXOd4DQrm&quot;, &quot;cvq6iSYf8&quot;, &quot;mggWE0Jfy&quot;, &quot;HYfiRzsrh&quot;, &quot;HYfiRzsrg&quot;, &quot;mRbFtQqRG&quot;, &quot;HYfiRzsrj&quot;, &quot;sggei6FfO&quot;, &quot;sggei6FfV&quot;, &quot;HYfiRzsrc&quot;, &quot;mRbFtQqRN&quot;, &quot;sggei6FfT&quot;, &quot;HYfiRzsrf&quot;, &quot;mRbFtQqRL&quot;, &quot;HYfiRzsre&quot;, &quot;E5lNEUJYI&quot;, &quot;mRbFtQqRQ&quot;, &quot;sggei6FfZ&quot;, &quot;E5lNEUJYH&quot;, &quot;sggei6FfY&quot;, &quot;mRbFtQqRR&quot;, &quot;E5lNEUJYG&quot;, &quot;bL0c8MzbD&quot;, &quot;sggei6FfX&quot;, &quot;E5lNEUJYF&quot;, &quot;HYfiRzsra&quot;, &quot;bL0c8MzbE&quot;, &quot;mRbFtQqRP&quot;, &quot;E5lNEUJYD&quot;, &quot;mRbFtQqRU&quot;, &quot;bL0c8MzbG&quot;, &quot;E5lNEUJYC&quot;, &quot;mRbFtQqRV&quot;, &quot;E5lNEUJYB&quot;, &quot;bL0c8MzbI&quot;, &quot;mRbFtQqRT&quot;, &quot;bL0c8MzbJ&quot;, &quot;bL0c8MzbK&quot;, &quot;bL0c8MzbL&quot;, &quot;mRbFtQqRW&quot;, &quot;bL0c8MzbM&quot;, &quot;bL0c8MzbO&quot;, &quot;HYfiRzsrl&quot;, &quot;HYfiRzsrk&quot;, &quot;HYfiRzsrm&quot;, &quot;sggei6Ff2&quot;, &quot;sggei6Ff1&quot;, &quot;sggei6Ff4&quot;, &quot;sggei6Ff3&quot;, &quot;br7O0ugs8&quot;, &quot;br7O0ugs7&quot;, &quot;br7O0ugs0&quot;, &quot;E5lNEUJYz&quot;, &quot;E5lNEUJYy&quot;, &quot;Cgti3AU&quot;, &quot;E5lNEUJYu&quot;, &quot;SA2cI4jWQ&quot;, &quot;SA2cI4jWS&quot;, &quot;SA2cI4jWU&quot;, &quot;t20oLBL7b&quot;, &quot;t20oLBL7c&quot;, &quot;t20oLBL7d&quot;, &quot;t20oLBL7e&quot;, &quot;Cgti3Bd&quot;, &quot;Cgti3Bc&quot;, &quot;Cgti3Bb&quot;, &quot;Cgti3Ba&quot;, &quot;SA2cI4jW0&quot;, &quot;q4qMFrf02&quot;, &quot;SA2cI4jW2&quot;, &quot;SA2cI4jW1&quot;, &quot;rzFoAK9Z8&quot;, &quot;q4qMFrf09&quot;, &quot;DfLzKEJiU&quot;, &quot;DfLzKEJiT&quot;, &quot;q4qMFrf07&quot;, &quot;DfLzKEJiS&quot;, &quot;DfLzKEJiR&quot;, &quot;mggWE0Jfp&quot;, &quot;DfLzKEJiP&quot;, &quot;DfLzKEJiO&quot;, &quot;mggWE0Jfn&quot;, &quot;DfLzKEJiN&quot;, &quot;DfLzKEJiL&quot;, &quot;DfLzKEJiK&quot;, &quot;mggWE0Jfi&quot;, &quot;hmqZK4oQs&quot;, &quot;hmqZK4oQr&quot;, &quot;hmqZK4oQq&quot;, &quot;hmqZK4oQw&quot;, &quot;hmqZK4oQv&quot;, &quot;hmqZK4oQu&quot;, &quot;hmqZK4oQl&quot;, &quot;hmqZK4oQo&quot;, &quot;hmqZK4oQn&quot;, &quot;br7O0ugtc&quot;, &quot;DfLzKEJiG&quot;, &quot;br7O0ugte&quot;, &quot;br7O0ugtd&quot;, &quot;br7O0ugtg&quot;, &quot;br7O0ugtf&quot;, &quot;hmqZK4oQf&quot;, &quot;br7O0ugth&quot;, &quot;t20oLBL6Z&quot;, &quot;br7O0ugta&quot;, &quot;wNnJCZM7L&quot;, &quot;wNnJCZM7N&quot;, &quot;wNnJCZM7Q&quot;, &quot;wNnJCZM7P&quot;, &quot;wNnJCZM7R&quot;, &quot;ngKavExdz&quot;, &quot;wNnJCZM7H&quot;, &quot;tI70DjtoF&quot;, &quot;ngKavExdu&quot;, &quot;xzEGeQ50J&quot;, &quot;tI70DjtoD&quot;, &quot;tI70DjtoC&quot;, &quot;tI70DjtoB&quot;, &quot;xzEGeQ50F&quot;, &quot;tI70DjtoI&quot;, &quot;tI70DjtoH&quot;, &quot;tI70DjtoG&quot;, &quot;ADUpexpJ3&quot;, &quot;PZa2cW0od&quot;, &quot;PZa2cW0oe&quot;, &quot;PZa2cW0ob&quot;, &quot;ADUpexpJ5&quot;, &quot;PZa2cW0oc&quot;, &quot;ADUpexpJ6&quot;, &quot;ADUpexpJ7&quot;, &quot;xzEGeQ50U&quot;, &quot;PZa2cW0oa&quot;, &quot;ADUpexpJ8&quot;, &quot;xzEGeQ50S&quot;, &quot;xzEGeQ50T&quot;, &quot;xzEGeQ50R&quot;, &quot;xzEGeQ50O&quot;, &quot;xzEGeQ50P&quot;, &quot;xzEGeQ50N&quot;, &quot;ADUpexpJ1&quot;, &quot;PZa2cW0of&quot;, &quot;xzEGeQ50L&quot;, &quot;ADUpexpJ2&quot;, &quot;PZa2cW0og&quot;, &quot;CzaJ2jd3d&quot;, &quot;CzaJ2jd3c&quot;, &quot;CzaJ2jd3e&quot;, &quot;CzaJ2jd3b&quot;, &quot;dEquuNtFY&quot;, &quot;H9BwEA3HO&quot;, &quot;ADUpexpJT&quot;, &quot;C4plXC715&quot;, &quot;H9BwEA3HP&quot;, &quot;tI70Djtot&quot;, &quot;H9BwEA3HQ&quot;, &quot;H9BwEA3HR&quot;, &quot;HJ21CMXlY&quot;, &quot;H9BwEA3HT&quot;, &quot;ADUpexpJY&quot;, &quot;H9BwEA3HU&quot;, &quot;HJ21CMXlW&quot;, &quot;ADUpexpJZ&quot;, &quot;H9BwEA3HV&quot;, &quot;H9BwEA3HK&quot;, &quot;tI70Djtoz&quot;, &quot;tI70Djtox&quot;, &quot;H9BwEA3HM&quot;, &quot;SA2cI4jWX&quot;, &quot;SA2cI4jWW&quot;, &quot;SA2cI4jWZ&quot;, &quot;SA2cI4jWY&quot;, &quot;HJ21CMXl8&quot;, &quot;HJ21CMXl7&quot;, &quot;HJ21CMXl6&quot;, &quot;HJ21CMXl5&quot;, &quot;HJ21CMXl3&quot;, &quot;HJ21CMXl2&quot;, &quot;HJ21CMXl1&quot;, &quot;HJ21CMXl0&quot;, &quot;QWOcBPUxL&quot;, &quot;QWOcBPUxK&quot;, &quot;QWOcBPUxN&quot;, &quot;QWOcBPUxM&quot;, &quot;QWOcBPUxO&quot;, &quot;dEquuNtGb&quot;, &quot;dEquuNtGa&quot;, &quot;dEquuNtGd&quot;, &quot;dEquuNtGc&quot;, &quot;dEquuNtGe&quot;, &quot;dEquuNtGg&quot;, &quot;QWOcBPUxC&quot;, &quot;QWOcBPUxE&quot;, &quot;QWOcBPUxG&quot;, &quot;QWOcBPUxJ&quot;, &quot;QWOcBPUxI&quot;, &quot;r7J3XPXNX&quot;, &quot;M6hw0ihVq&quot;, &quot;r7J3XPXNZ&quot;, &quot;JNPwLPs7a&quot;, &quot;M6hw0ihVv&quot;, &quot;M6hw0ihVu&quot;, &quot;M6hw0ihVs&quot;, &quot;M6hw0ihVz&quot;, &quot;M6hw0ihVx&quot;, &quot;r7J3XPXNS&quot;, &quot;M6hw0ihVw&quot;, &quot;rTxMI3sIE&quot;, &quot;r7J3XPXN8&quot;, &quot;rTxMI3sIR&quot;, &quot;rTxMI3sIO&quot;, &quot;rtZhHfmm1&quot;, &quot;rtZhHfmm0&quot;, &quot;rTxMI3sIP&quot;, &quot;rtZhHfmm3&quot;, &quot;rTxMI3sIU&quot;, &quot;r7J3XPXN5&quot;, &quot;rTxMI3sIS&quot;, &quot;r7J3XPXN6&quot;, &quot;rtZhHfmm5&quot;, &quot;rtZhHfmm4&quot;, &quot;rTxMI3sIT&quot;, &quot;r7J3XPXN7&quot;, &quot;rTxMI3sIJ&quot;, &quot;r7J3XPXN1&quot;, &quot;rtZhHfmm6&quot;, &quot;r7J3XPXN2&quot;, &quot;JNPwLPs6Y&quot;, &quot;r7J3XPXN3&quot;, &quot;rTxMI3sIN&quot;, &quot;rTxMI3sIL&quot;, &quot;ngKavExdD&quot;, &quot;ngKavExdE&quot;, &quot;ngKavExdB&quot;, &quot;ngKavExdH&quot;, &quot;ngKavExdI&quot;, &quot;ngKavExdF&quot;, &quot;glXLUqAR9&quot;, &quot;rtZhHfmmQ&quot;, &quot;glXLUqAR3&quot;, &quot;CzaJ2jd2Z&quot;, &quot;rtZhHfmmV&quot;, &quot;rtZhHfmmX&quot;, &quot;rtZhHfmmZ&quot;, &quot;CzaJ2jd25&quot;, &quot;CzaJ2jd24&quot;, &quot;PZa2cW0n4&quot;, &quot;wNnJCZM7U&quot;, &quot;wNnJCZM7T&quot;, &quot;ngKavExdJ&quot;, &quot;wNnJCZM7W&quot;, &quot;wNnJCZM7V&quot;, &quot;ngKavExdK&quot;, &quot;CzaJ2jd27&quot;, &quot;PZa2cW0n8&quot;, &quot;CzaJ2jd29&quot;, &quot;PZa2cW0n6&quot;, &quot;CzaJ2jd28&quot;, &quot;glXLUqASe&quot;, &quot;J4RRsmR0Z&quot;, &quot;glXLUqASf&quot;, &quot;glXLUqASc&quot;, &quot;FuUiGIQki&quot;, &quot;glXLUqASb&quot;, &quot;FuUiGIQkn&quot;, &quot;FuUiGIQkm&quot;, &quot;J4RRsmR0S&quot;, &quot;J4RRsmR0U&quot;, &quot;J4RRsmR0V&quot;, &quot;J4RRsmR0W&quot;, &quot;J4RRsmR0X&quot;, &quot;FuUiGIQkw&quot;, &quot;gT2rhvoFZ&quot;, &quot;J4RRsmR0Q&quot;, &quot;gT2rhvoFV&quot;, &quot;FuUiGIQkp&quot;, &quot;gT2rhvoFW&quot;, &quot;FuUiGIQkr&quot;, &quot;gT2rhvoFY&quot;, &quot;FuUiGIQkq&quot;, &quot;FuUiGIQkt&quot;, &quot;gT2rhvoFT&quot;, &quot;BVpXLICB9&quot;, &quot;FuUiGIQkv&quot;, &quot;FuUiGIQku&quot;, &quot;BVpXLICB7&quot;, &quot;BVpXLICB6&quot;, &quot;BVpXLICB5&quot;, &quot;BVpXLICB3&quot;, &quot;BVpXLICB2&quot;, &quot;J4RRsmR02&quot;, &quot;J4RRsmR00&quot;, &quot;J4RRsmR01&quot;, &quot;q1AJdGmco&quot;, &quot;gT2rhvoF0&quot;, &quot;Fjx4THe3V&quot;, &quot;Fjx4THe3W&quot;, &quot;Fjx4THe3R&quot;, &quot;Fjx4THe3T&quot;, &quot;Fjx4THe3U&quot;, &quot;Fjx4THe3N&quot;, &quot;Fjx4THe3P&quot;, &quot;Fjx4THe3Q&quot;, &quot;q1AJdGmcz&quot;, &quot;Fjx4THe3M&quot;, &quot;q1AJdGmcv&quot;, &quot;JNPwLPs67&quot;, &quot;q1AJdGmcy&quot;, &quot;JNPwLPs68&quot;, &quot;Fjx4THe3I&quot;, &quot;q1AJdGmcx&quot;, &quot;JNPwLPs69&quot;, &quot;JNPwLPs62&quot;, &quot;JNPwLPs63&quot;, &quot;JNPwLPs64&quot;, &quot;q1AJdGmct&quot;, &quot;JNPwLPs65&quot;, &quot;gT2rhvoFN&quot;, &quot;M6hw0ihVB&quot;, &quot;H6LtcP9Ta&quot;, &quot;M6hw0ihVA&quot;, &quot;JNPwLPs60&quot;, &quot;H6LtcP9Td&quot;, &quot;H6LtcP9Tb&quot;, &quot;H6LtcP9Tc&quot;, &quot;M6hw0ihVC&quot;, &quot;H6LtcP9Th&quot;, &quot;H6LtcP9Ti&quot;, &quot;H6LtcP9Tf&quot;, &quot;H6LtcP9Tg&quot;, &quot;q1AJdGmcC&quot;, &quot;q1AJdGmcB&quot;, &quot;q1AJdGmcE&quot;, &quot;q1AJdGmcD&quot;, &quot;glXLUqASk&quot;, &quot;glXLUqASi&quot;, &quot;gT2rhvoF2&quot;, &quot;glXLUqASj&quot;, &quot;gT2rhvoF3&quot;, &quot;glXLUqASg&quot;, &quot;gT2rhvoF4&quot;, &quot;xK0T1SHhf&quot;, &quot;xK0T1SHhp&quot;, &quot;xK0T1SHho&quot;, &quot;xK0T1SHhn&quot;, &quot;xK0T1SHhl&quot;, &quot;xK0T1SHhj&quot;, &quot;xK0T1SHhu&quot;, &quot;xK0T1SHht&quot;, &quot;xK0T1SHhs&quot;, &quot;QIBVm3psA&quot;, &quot;xK0T1SHhr&quot;, &quot;QIBVm3pso&quot;, &quot;QIBVm3psq&quot;, &quot;QIBVm3pss&quot;, &quot;jMVWt968z&quot;, &quot;jMVWt968x&quot;, &quot;H9BwEA3HW&quot;, &quot;jMVWt968r&quot;, &quot;bRGj2imO0&quot;, &quot;bRGj2imO1&quot;, &quot;bRGj2imO2&quot;, &quot;bRGj2imO3&quot;, &quot;bRGj2imO4&quot;, &quot;bRGj2imO6&quot;, &quot;Pq6mPScAo&quot;, &quot;IkXKrCEYq&quot;, &quot;QIBVm3psv&quot;, &quot;IkXKrCEYp&quot;, &quot;QIBVm3psu&quot;, &quot;HyGNPLl5y&quot;, &quot;Pq6mPScAm&quot;, &quot;IkXKrCEYo&quot;, &quot;QIBVm3psx&quot;, &quot;QIBVm3psw&quot;, &quot;Pq6mPScAk&quot;, &quot;IkXKrCEYm&quot;, &quot;HyGNPLl5v&quot;, &quot;QIBVm3psz&quot;, &quot;QIBVm3psy&quot;, &quot;BVpXLICCc&quot;, &quot;IkXKrCEYk&quot;, &quot;BVpXLICCb&quot;, &quot;HyGNPLl5x&quot;, &quot;BVpXLICCa&quot;, &quot;HyGNPLl5w&quot;, &quot;HyGNPLl5r&quot;, &quot;Pq6mPScAw&quot;, &quot;H6LtcP9S8&quot;, &quot;HyGNPLl5q&quot;, &quot;HyGNPLl5t&quot;, &quot;Pq6mPScAu&quot;, &quot;IkXKrCEYw&quot;, &quot;H6LtcP9S6&quot;, &quot;HyGNPLl5s&quot;, &quot;IkXKrCEYv&quot;, &quot;Pq6mPScAv&quot;, &quot;Pq6mPScAs&quot;, &quot;IkXKrCEYu&quot;, &quot;HyGNPLl5m&quot;, &quot;IkXKrCEYt&quot;, &quot;Pq6mPScAt&quot;, &quot;Pq6mPScAq&quot;, &quot;HyGNPLl5o&quot;, &quot;Pq6mPScAr&quot;, &quot;IkXKrCEYr&quot;, &quot;jMVWt968F&quot;, &quot;jMVWt968D&quot;, &quot;bRGj2imOO&quot;, &quot;jMVWt968C&quot;, &quot;jMVWt968I&quot;, &quot;jMVWt968H&quot;, &quot;jMVWt968G&quot;, &quot;bRGj2imOV&quot;, &quot;bRGj2imOW&quot;, &quot;jMVWt968B&quot;, &quot;bRGj2imOY&quot;, &quot;BVpXLICBX&quot;, &quot;MvmObsAi4&quot;, &quot;gaBx7oZBF&quot;, &quot;rFlvugXDE&quot;, &quot;gaBx7oZBG&quot;, &quot;rFlvugXDD&quot;, &quot;MvmObsAi6&quot;, &quot;rFlvugXDG&quot;, &quot;MvmObsAi7&quot;, &quot;gaBx7oZBE&quot;, &quot;rFlvugXDF&quot;, &quot;gaBx7oZBB&quot;, &quot;MvmObsAi8&quot;, &quot;gaBx7oZBC&quot;, &quot;MvmObsAi9&quot;, &quot;rFlvugXDA&quot;, &quot;gaBx7oZBJ&quot;, &quot;gaBx7oZBK&quot;, &quot;rFlvugXDB&quot;, &quot;gaBx7oZBI&quot;, &quot;pkwFEG2Yw&quot;, &quot;hADgZQTVz&quot;, &quot;MvmObsAi2&quot;, &quot;d6O2YmtQx&quot;, &quot;hADgZQTVt&quot;, &quot;gi7IsFG3v&quot;, &quot;d6O2YmtQy&quot;, &quot;gi7IsFG3y&quot;, &quot;vhFTQ15aE&quot;, &quot;vhFTQ15aD&quot;, &quot;gi7IsFG3x&quot;, &quot;vhFTQ15aC&quot;, &quot;vhFTQ15aB&quot;, &quot;d6O2YmtQq&quot;, &quot;pkwFEG2YG&quot;, &quot;QoJxeK6JU&quot;, &quot;pkwFEG2YH&quot;, &quot;QoJxeK6JS&quot;, &quot;pkwFEG2YJ&quot;, &quot;pkwFEG2YD&quot;, &quot;pkwFEG2YF&quot;, &quot;hADgZQTVK&quot;, &quot;hADgZQTVI&quot;, &quot;hADgZQTVJ&quot;, &quot;hADgZQTVG&quot;, &quot;pkwFEG2YK&quot;, &quot;pkwFEG2YL&quot;, &quot;hADgZQTVE&quot;, &quot;pkwFEG2YM&quot;, &quot;hADgZQTVF&quot;, &quot;hADgZQTVC&quot;, &quot;gaBx7oZBt&quot;, &quot;hADgZQTVB&quot;, &quot;QoJxeK6JZ&quot;, &quot;pkwFEG2YB&quot;, &quot;gaBx7oZBz&quot;, &quot;QoJxeK6JY&quot;, &quot;gi7IsFG3p&quot;, &quot;QoJxeK6JW&quot;, &quot;Rr2Ow9OwI&quot;, &quot;Rr2Ow9OwK&quot;, &quot;Rr2Ow9OwM&quot;, &quot;Rr2Ow9OwO&quot;, &quot;CHGUnzVva&quot;, &quot;Rr2Ow9OwP&quot;, &quot;Rr2Ow9OwQ&quot;, &quot;Rr2Ow9OwR&quot;, &quot;gi7IsFG3A&quot;, &quot;Rr2Ow9OwS&quot;, &quot;gi7IsFG3B&quot;, &quot;Rr2Ow9OwT&quot;, &quot;Rr2Ow9OwU&quot;, &quot;gi7IsFG3E&quot;, &quot;gi7IsFG3F&quot;, &quot;gi7IsFG3C&quot;, &quot;rFlvugXDv&quot;, &quot;rFlvugXDx&quot;, &quot;gi7IsFG3G&quot;, &quot;rFlvugXDz&quot;, &quot;rFlvugXDq&quot;, &quot;FXiRahQuK&quot;, &quot;FXiRahQuO&quot;, &quot;FXiRahQuP&quot;, &quot;FXiRahQuR&quot;, &quot;FXiRahQuS&quot;, &quot;FXiRahQuT&quot;, &quot;FXiRahQuV&quot;, &quot;FXiRahQuW&quot;, &quot;FXiRahQuX&quot;, &quot;FXiRahQuY&quot;, &quot;MUVjdgGES&quot;, &quot;MUVjdgGEQ&quot;, &quot;MUVjdgGEX&quot;, &quot;MUVjdgGEW&quot;, &quot;MUVjdgGEV&quot;, &quot;MUVjdgGEU&quot;, &quot;MUVjdgGEZ&quot;, &quot;imUdBIcOr&quot;, &quot;d6O2YmtQI&quot;, &quot;zdSGl5vpZ&quot;, &quot;d6O2YmtQF&quot;, &quot;zdSGl5vpY&quot;, &quot;d6O2YmtQG&quot;, &quot;zdSGl5vpT&quot;, &quot;imUdBIcOz&quot;, &quot;imUdBIcOx&quot;, &quot;Ayeik1B6B&quot;, &quot;d6O2YmtQA&quot;, &quot;d6O2YmtQD&quot;, &quot;d6O2YmtQE&quot;, &quot;d6O2YmtQC&quot;, &quot;MUVjdgGE0&quot;, &quot;Ayeik1B6Q&quot;, &quot;Ayeik1B6P&quot;, &quot;Ayeik1B6O&quot;, &quot;Ayeik1B6N&quot;, &quot;MUVjdgGE2&quot;, &quot;MUVjdgGE1&quot;, &quot;Ayeik1B6H&quot;, &quot;zdSGl5vp3&quot;, &quot;Ayeik1B6G&quot;, &quot;zdSGl5vp2&quot;, &quot;zdSGl5vp1&quot;, &quot;zdSGl5vp8&quot;, &quot;Ayeik1B6L&quot;, &quot;zdSGl5vp7&quot;, &quot;Ayeik1B6K&quot;, &quot;zdSGl5vp6&quot;, &quot;Ayeik1B6J&quot;, &quot;zdSGl5vp5&quot;, &quot;eVV21YGx2&quot;, &quot;APgC1y00I&quot;, &quot;APgC1y00G&quot;, &quot;APgC1y00H&quot;, &quot;APgC1y00F&quot;, &quot;APgC1y00C&quot;, &quot;APgC1y00D&quot;, &quot;imUdBIcOB&quot;, &quot;oA5MuADUn&quot;, &quot;BEnC5bdIj&quot;, &quot;DNQe7Jw6E&quot;, &quot;APgC1y00B&quot;, &quot;imUdBIcOC&quot;, &quot;oA5MuADUm&quot;, &quot;DNQe7Jw6D&quot;, &quot;BEnC5bdIk&quot;, &quot;oA5MuADUl&quot;, &quot;imUdBIcOD&quot;, &quot;oA5MuADUj&quot;, &quot;oA5MuADUh&quot;, &quot;DNQe7Jw6C&quot;, &quot;KrAi2p4x0&quot;, &quot;DNQe7Jw6B&quot;, &quot;eVV21YGx9&quot;, &quot;oA5MuADUs&quot;, &quot;oA5MuADUr&quot;, &quot;oA5MuADUq&quot;, &quot;oA5MuADUp&quot;, &quot;jyJFfnB3t&quot;, &quot;jyJFfnB3u&quot;, &quot;BEnC5bdIa&quot;, &quot;BEnC5bdIb&quot;, &quot;BEnC5bdId&quot;, &quot;oA5MuADUc&quot;, &quot;BEnC5bdIe&quot;, &quot;BEnC5bdIf&quot;, &quot;imUdBIcOF&quot;, &quot;imUdBIcOG&quot;, &quot;IHGb1FRvB&quot;, &quot;BEnC5bdIh&quot;, &quot;imUdBIcOH&quot;, &quot;IHGb1FRvA&quot;, &quot;BEnC5bdIi&quot;, &quot;imUdBIcOI&quot;, &quot;IHGb1FRvD&quot;, &quot;zr4XAR0vm&quot;, &quot;jyJFfnB3j&quot;, &quot;zr4XAR0vl&quot;, &quot;IHGb1FRvF&quot;, &quot;iR8Pw16Nx&quot;, &quot;zr4XAR0vk&quot;, &quot;IHGb1FRvE&quot;, &quot;jyJFfnB3d&quot;, &quot;IHGb1FRvG&quot;, &quot;zr4XAR0vf&quot;, &quot;jyJFfnB3p&quot;, &quot;zr4XAR0vd&quot;, &quot;jyJFfnB3r&quot;, &quot;zr4XAR0vc&quot;, &quot;jyJFfnB3s&quot;, &quot;jyJFfnB3l&quot;, &quot;zr4XAR0vj&quot;, &quot;jyJFfnB3n&quot;, &quot;zr4XAR0vh&quot;, &quot;jyJFfnB3o&quot;, &quot;zr4XAR0vg&quot;, &quot;DNQe7Jw6u&quot;, &quot;DNQe7Jw6v&quot;, &quot;DNQe7Jw6q&quot;, &quot;DNQe7Jw6y&quot;, &quot;DNQe7Jw6x&quot;, &quot;DNQe7Jw6z&quot;, &quot;eVV21YGya&quot;, &quot;eVV21YGyf&quot;, &quot;eVV21YGye&quot;, &quot;eVV21YGyc&quot;, &quot;APgC1y00y&quot;, &quot;APgC1y00z&quot;, &quot;APgC1y00t&quot;, &quot;z2ZGpHH7v&quot;, &quot;m5nWICVW5&quot;, &quot;vnl0KxSNR&quot;, &quot;m5nWICVW4&quot;, &quot;vnl0KxSNP&quot;, &quot;m5nWICVW7&quot;, &quot;vnl0KxSNQ&quot;, &quot;vnl0KxSNN&quot;, &quot;m5nWICVW9&quot;, &quot;qwl7imsdy&quot;, &quot;m5nWICVW8&quot;, &quot;qwl7imsdx&quot;, &quot;AaLu69W1&quot;, &quot;vnl0KxSNL&quot;, &quot;qwl7imsdw&quot;, &quot;AaLu69W0&quot;, &quot;AXMNmPIsE&quot;, &quot;qwl7imsdv&quot;, &quot;gutWfHikg&quot;, &quot;vnl0KxSNH&quot;, &quot;gutWfHike&quot;, &quot;gutWfHikf&quot;, &quot;m5nWICVW1&quot;, &quot;m5nWICVW3&quot;, &quot;qwl7imsdi&quot;, &quot;gutWfHikc&quot;, &quot;gutWfHika&quot;, &quot;gutWfHikb&quot;, &quot;qwl7imsdt&quot;, &quot;qwl7imsds&quot;, &quot;qwl7imsdr&quot;, &quot;AaLu69WJ&quot;, &quot;vnl0KxSNV&quot;, &quot;qwl7imsdp&quot;, &quot;vnl0KxSNW&quot;, &quot;vnl0KxSNT&quot;, &quot;qwl7imsdn&quot;, &quot;vnl0KxSNU&quot;, &quot;m5nWICVWU&quot;, &quot;z2ZGpHH7H&quot;, &quot;QoJxeK6J4&quot;, &quot;z2ZGpHH7I&quot;, &quot;QoJxeK6J2&quot;, &quot;z2ZGpHH7J&quot;, &quot;QoJxeK6J3&quot;, &quot;z2ZGpHH7K&quot;, &quot;z2ZGpHH7D&quot;, &quot;QoJxeK6J0&quot;, &quot;z2ZGpHH7E&quot;, &quot;QoJxeK6J1&quot;, &quot;z2ZGpHH7F&quot;, &quot;m5nWICVWZ&quot;, &quot;Kgd5fothz&quot;, &quot;eVV21YGyj&quot;, &quot;z2ZGpHH7A&quot;, &quot;eVV21YGyi&quot;, &quot;z2ZGpHH7B&quot;, &quot;eVV21YGyg&quot;, &quot;AXMNmPIsp&quot;, &quot;eVV21YGyk&quot;, &quot;Kgd5fothq&quot;, &quot;AXMNmPIsy&quot;, &quot;AXMNmPIsz&quot;, &quot;AXMNmPIsx&quot;, &quot;AXMNmPIsu&quot;, &quot;AXMNmPIsv&quot;, &quot;Kgd5fothx&quot;, &quot;Kgd5fothw&quot;, &quot;Kgd5fothv&quot;, &quot;gutWfHijZ&quot;, &quot;Kgd5fothu&quot;, &quot;Kgd5foths&quot;, &quot;ffOragZgM&quot;, &quot;ffOragZgL&quot;, &quot;ffOragZgK&quot;, &quot;ffOragZgI&quot;, &quot;ffOragZgG&quot;, &quot;ffOragZgF&quot;, &quot;ffOragZgQ&quot;, &quot;MvmObsAjb&quot;, &quot;ffOragZgP&quot;, &quot;ffOragZgO&quot;, &quot;MvmObsAjc&quot;, &quot;MvmObsAjd&quot;, &quot;gutWfHij7&quot;, &quot;gutWfHij5&quot;, &quot;B9Ce0u7Hp&quot;, &quot;B9Ce0u7Ho&quot;, &quot;gutWfHij8&quot;, &quot;B9Ce0u7Hq&quot;, &quot;iR8Pw16NI&quot;, &quot;B9Ce0u7Hl&quot;, &quot;Kgd5fothA&quot;, &quot;B9Ce0u7Hk&quot;, &quot;iR8Pw16NJ&quot;, &quot;B9Ce0u7Hn&quot;, &quot;iR8Pw16NH&quot;, &quot;AaLu69WR&quot;, &quot;B9Ce0u7Hh&quot;, &quot;B9Ce0u7Hg&quot;, &quot;iR8Pw16NF&quot;, &quot;B9Ce0u7Hj&quot;, &quot;iR8Pw16ND&quot;, &quot;AaLu69WU&quot;, &quot;iR8Pw16NO&quot;, &quot;AaLu69WS&quot;, &quot;AaLu69WZ&quot;, &quot;iR8Pw16NM&quot;, &quot;AaLu69WY&quot;, &quot;iR8Pw16NN&quot;, &quot;zr4XAR0u7&quot;, &quot;B9Ce0u7Hb&quot;, &quot;AaLu69WX&quot;, &quot;Kgd5fothC&quot;, &quot;AaLu69WW&quot;, &quot;iR8Pw16NL&quot;, &quot;Kgd5fothB&quot;, &quot;MvmObsAje&quot;, &quot;AXMNmPIsC&quot;, &quot;AXMNmPIsD&quot;, &quot;AXMNmPIsB&quot;, &quot;BEnC5bdH5&quot;, &quot;GydzY7x7a&quot;, &quot;GydzY7x7c&quot;, &quot;GydzY7x7d&quot;, &quot;GydzY7x7m&quot;, &quot;GydzY7x7f&quot;, &quot;GydzY7x7g&quot;, &quot;GydzY7x7h&quot;, &quot;GydzY7x7j&quot;, &quot;GydzY7x7k&quot;, &quot;GydzY7x7l&quot;, &quot;B3V76Zj35&quot;, &quot;B3V76Zj36&quot;, &quot;B3V76Zj33&quot;, &quot;B3V76Zj31&quot;, &quot;B3V76Zj32&quot;, &quot;B3V76Zj37&quot;, &quot;B3V76Zj38&quot;, &quot;B3V76Zj3T&quot;, &quot;B3V76Zj3Y&quot;, &quot;B3V76Zj3Z&quot;, &quot;xq8vTAoyN&quot;, &quot;xq8vTAoyP&quot;, &quot;xq8vTAoyR&quot;, &quot;xq8vTAoyS&quot;, &quot;xq8vTAoyT&quot;, &quot;xq8vTAoyV&quot;, &quot;xq8vTAoyW&quot;, &quot;xq8vTAoyX&quot;, &quot;xq8vTAoyY&quot;, &quot;gxjZHsb8L&quot;, &quot;gxjZHsb8M&quot;, &quot;gxjZHsb8J&quot;, &quot;gxjZHsb8P&quot;, &quot;gxjZHsb8Q&quot;, &quot;gxjZHsb8O&quot;, &quot;gxjZHsb8D&quot;, &quot;xq8vTAoyJ&quot;, &quot;gxjZHsb8T&quot;, &quot;EFNiC6DCG&quot;, &quot;gxjZHsb8U&quot;, &quot;gxjZHsb8S&quot;, &quot;EFNiC6DCK&quot;, &quot;EFNiC6DCL&quot;, &quot;i8qOzK20&quot;, &quot;i8qOzK22&quot;, &quot;yazo3GNC7&quot;, &quot;yazo3GNC9&quot;, &quot;yazo3GNC3&quot;, &quot;i8qOzK2R&quot;, &quot;i8qOzK29&quot;, &quot;i8qOzK28&quot;, &quot;i8qOzK25&quot;, &quot;yazo3GNDg&quot;, &quot;i8qOzK24&quot;, &quot;yazo3GNDh&quot;, &quot;i8qOzK27&quot;, &quot;yazo3GNDi&quot;, &quot;i8qOzK26&quot;, &quot;EFNiC6DCN&quot;, &quot;yazo3GNDc&quot;, &quot;rzFoAK90o&quot;, &quot;EFNiC6DCO&quot;, &quot;yazo3GNDd&quot;, &quot;rzFoAK90n&quot;, &quot;EFNiC6DCP&quot;, &quot;IHGb1FRvu&quot;, &quot;yazo3GNDf&quot;, &quot;EFNiC6DCR&quot;, &quot;IHGb1FRvw&quot;, &quot;rzFoAK90j&quot;, &quot;EFNiC6DCS&quot;, &quot;IHGb1FRvz&quot;, &quot;rzFoAK90m&quot;, &quot;EFNiC6DCT&quot;, &quot;IHGb1FRvy&quot;, &quot;yazo3GNDb&quot;, &quot;rzFoAK90l&quot;, &quot;EFNiC6DCU&quot;, &quot;rzFoAK90f&quot;, &quot;rzFoAK90i&quot;, &quot;rzFoAK90h&quot;, &quot;rzFoAK90d&quot;, &quot;i8qOzK2Z&quot;, &quot;oR77a72N4&quot;, &quot;x4TiaaZZ0&quot;, &quot;y2wsy3T9y&quot;, &quot;y2wsy3T9x&quot;, &quot;y2wsy3T9w&quot;, &quot;y2wsy3T9v&quot;, &quot;y2wsy3T9t&quot;, &quot;HbYmfH9yl&quot;, &quot;HbYmfH9ym&quot;, &quot;HbYmfH9yn&quot;, &quot;HbYmfH9yo&quot;, &quot;HbYmfH9yh&quot;, &quot;HbYmfH9yi&quot;, &quot;HbYmfH9yj&quot;, &quot;LjxmxNa4m&quot;, &quot;j08dIWCdV&quot;, &quot;HbYmfH9ye&quot;, &quot;LjxmxNa4l&quot;, &quot;j08dIWCdU&quot;, &quot;oR77a72N9&quot;, &quot;HbYmfH9yg&quot;, &quot;LjxmxNa4n&quot;, &quot;j08dIWCdW&quot;, &quot;j08dIWCdR&quot;, &quot;LjxmxNa4q&quot;, &quot;j08dIWCdQ&quot;, &quot;LjxmxNa4p&quot;, &quot;j08dIWCdT&quot;, &quot;LjxmxNa4s&quot;, &quot;HbYmfH9yc&quot;, &quot;LjxmxNa4r&quot;, &quot;j08dIWCdN&quot;, &quot;DohJ5VqKJ&quot;, &quot;DohJ5VqKK&quot;, &quot;LjxmxNa4g&quot;, &quot;x4TiaaZZP&quot;, &quot;DohJ5VqKH&quot;, &quot;j08dIWCdP&quot;, &quot;LjxmxNa4i&quot;, &quot;DohJ5VqKN&quot;, &quot;DohJ5VqKO&quot;, &quot;x4TiaaZZL&quot;, &quot;j08dIWCdL&quot;, &quot;LjxmxNa4k&quot;, &quot;DohJ5VqKL&quot;, &quot;j08dIWCdF&quot;, &quot;DohJ5VqKP&quot;, &quot;DohJ5VqKQ&quot;, &quot;x4TiaaZZZ&quot;, &quot;x4TiaaZZY&quot;, &quot;x4TiaaZZV&quot;, &quot;x4TiaaZZU&quot;, &quot;x4TiaaZZX&quot;, &quot;x4TiaaZZR&quot;, &quot;x4TiaaZZT&quot;, &quot;cJDnxFtk4&quot;, &quot;oR77a72Od&quot;, &quot;y2wsy3T9j&quot;, &quot;oR77a72Oe&quot;, &quot;oR77a72Ob&quot;, &quot;y2wsy3T9s&quot;, &quot;y2wsy3T9r&quot;, &quot;y2wsy3T9p&quot;, &quot;y2wsy3T9o&quot;, &quot;oR77a72Oj&quot;, &quot;oR77a72Ok&quot;, &quot;oR77a72Oh&quot;, &quot;oR77a72Oi&quot;, &quot;oR77a72Of&quot;, &quot;Lr3wS3Swo&quot;, &quot;Lr3wS3Swn&quot;, &quot;JzDfw2X1V&quot;, &quot;JzDfw2X1W&quot;, &quot;vvSa5OAfD&quot;, &quot;zRDsCF6Ra&quot;, &quot;vvSa5OAfH&quot;, &quot;vvSa5OAfJ&quot;, &quot;vvSa5OAfL&quot;, &quot;Lr3wS3Swm&quot;, &quot;hLZuMSvce&quot;, &quot;Lr3wS3Swl&quot;, &quot;hLZuMSvcb&quot;, &quot;hLZuMSvcc&quot;, &quot;Lr3wS3Swj&quot;, &quot;Lr3wS3Swi&quot;, &quot;JzDfw2X1M&quot;, &quot;Lr3wS3Swh&quot;, &quot;hLZuMSvci&quot;, &quot;Lr3wS3Swg&quot;, &quot;hLZuMSvcf&quot;, &quot;JzDfw2X1K&quot;, &quot;hLZuMSvcg&quot;, &quot;Lr3wS3Swe&quot;, &quot;JzDfw2X1P&quot;, &quot;JzDfw2X1Q&quot;, &quot;Lr3wS3Swc&quot;, &quot;hLZuMSvcj&quot;, &quot;JzDfw2X1O&quot;, &quot;hLZuMSvck&quot;, &quot;JzDfw2X1T&quot;, &quot;JzDfw2X1U&quot;, &quot;JzDfw2X1R&quot;, &quot;ivqnWYUgC&quot;, &quot;ivqnWYUgB&quot;, &quot;zRDsCF6QV&quot;, &quot;ivqnWYUgE&quot;, &quot;ivqnWYUgD&quot;, &quot;DohJ5VqKC&quot;, &quot;DohJ5VqKG&quot;, &quot;vvSa5OAfM&quot;, &quot;vvSa5OAfN&quot;, &quot;vvSa5OAfP&quot;, &quot;vvSa5OAfQ&quot;, &quot;vvSa5OAfR&quot;, &quot;vvSa5OAfS&quot;, &quot;zRDsCF6Q8&quot;, &quot;zRDsCF6Q7&quot;, &quot;zRDsCF6Q5&quot;, &quot;zRDsCF6Q9&quot;, &quot;cJDnxFtle&quot;, &quot;cJDnxFtlc&quot;, &quot;cJDnxFtlb&quot;, &quot;vhFTQ15ay&quot;, &quot;vhFTQ15ax&quot;, &quot;cJDnxFtlm&quot;, &quot;vhFTQ15az&quot;, &quot;cJDnxFtlk&quot;, &quot;cJDnxFtlj&quot;, &quot;vhFTQ15at&quot;, &quot;cJDnxFtli&quot;, &quot;cJDnxFtlh&quot;, &quot;vhFTQ15av&quot;, &quot;cJDnxFtlg&quot;, &quot;zRDsCF6Q0&quot;, &quot;vhFTQ15ap&quot;, &quot;zRDsCF6Q4&quot;, &quot;zRDsCF6Q3&quot;, &quot;zRDsCF6Q1&quot;, &quot;lWoywIqw0&quot;, &quot;lWoywIqw1&quot;, &quot;lWoywIqw2&quot;, &quot;DZcsUK8m0&quot;, &quot;ds4gHLSpA&quot;, &quot;ds4gHLSpB&quot;, &quot;ds4gHLSpG&quot;, &quot;ds4gHLSpC&quot;, &quot;ds4gHLSpD&quot;, &quot;ds4gHLSpE&quot;, &quot;ds4gHLSpo&quot;, &quot;sZG7tc4j9&quot;, &quot;ds4gHLSpw&quot;, &quot;ds4gHLSpy&quot;, &quot;ds4gHLSpv&quot;, &quot;hLZuMSvb3&quot;, &quot;h0bL1E0hh&quot;, &quot;hLZuMSvb9&quot;, &quot;vVqF7CGBv&quot;, &quot;h0bL1E0hy&quot;, &quot;h0bL1E0hx&quot;, &quot;h0bL1E0hw&quot;, &quot;h0bL1E0hv&quot;, &quot;vVqF7CGBz&quot;, &quot;vVqF7CGBx&quot;, &quot;h0bL1E0hp&quot;, &quot;h0bL1E0hn&quot;, &quot;vVqF7CGBr&quot;, &quot;h0bL1E0ht&quot;, &quot;h0bL1E0hs&quot;, &quot;h0bL1E0hr&quot;, &quot;ginmORed&quot;, &quot;ginmORel&quot;, &quot;xFkM8mTDX&quot;, &quot;ginmORem&quot;, &quot;ginmOReo&quot;, &quot;ginmORer&quot;, &quot;ginmOReq&quot;, &quot;ginmORet&quot;, &quot;ginmORes&quot;, &quot;ginmORev&quot;, &quot;ginmOReu&quot;, &quot;QTX8940I8&quot;, &quot;QTX8940I7&quot;, &quot;n5RazgJU6&quot;, &quot;QTX8940I9&quot;, &quot;QTX8940I0&quot;, &quot;QTX8940I2&quot;, &quot;xFkM8mTEb&quot;, &quot;xFkM8mTEc&quot;, &quot;QTX8940I4&quot;, &quot;xFkM8mTEa&quot;, &quot;QTX8940I6&quot;, &quot;C95sQ8VFo&quot;, &quot;QTX8940I5&quot;, &quot;C95sQ8VFv&quot;, &quot;C95sQ8VFt&quot;, &quot;C95sQ8VFs&quot;, &quot;C95sQ8VFz&quot;, &quot;C95sQ8VFx&quot;, &quot;C95sQ8VFw&quot;, &quot;QupD8gUni&quot;, &quot;QupD8gUnh&quot;, &quot;QupD8gUnk&quot;, &quot;QupD8gUnj&quot;, &quot;QupD8gUnm&quot;, &quot;QupD8gUnl&quot;, &quot;QupD8gUna&quot;, &quot;QupD8gUnc&quot;, &quot;QupD8gUne&quot;, &quot;DZcsUK8nd&quot;, &quot;DZcsUK8ne&quot;, &quot;QupD8gUng&quot;, &quot;DZcsUK8nb&quot;, &quot;DZcsUK8nc&quot;, &quot;dSCLJzYLu&quot;, &quot;Iy91Go93y&quot;, &quot;n5RazgJVb&quot;, &quot;dSCLJzYLs&quot;, &quot;n5RazgJVf&quot;, &quot;n5RazgJVd&quot;, &quot;dSCLJzYLm&quot;, &quot;n5RazgJVj&quot;, &quot;dSCLJzYLk&quot;, &quot;n5RazgJVg&quot;, &quot;n5RazgJVh&quot;, &quot;dSCLJzYLq&quot;, &quot;n5RazgJVm&quot;, &quot;dSCLJzYLr&quot;, &quot;dSCLJzYLo&quot;, &quot;n5RazgJVk&quot;, &quot;dSCLJzYLp&quot;, &quot;n5RazgJVl&quot;, &quot;dSCLJzYLc&quot;, &quot;dSCLJzYLj&quot;, &quot;mOlB15w22&quot;, &quot;sZG7tc4kj&quot;, &quot;tmpy3ggRv&quot;, &quot;sZG7tc4ki&quot;, &quot;lWoywIqwM&quot;, &quot;sZG7tc4kl&quot;, &quot;tmpy3ggRx&quot;, &quot;tmpy3ggRw&quot;, &quot;sZG7tc4kf&quot;, &quot;tmpy3ggRr&quot;, &quot;lWoywIqwT&quot;, &quot;sZG7tc4kh&quot;, &quot;tmpy3ggRt&quot;, &quot;DZcsUK8m9&quot;, &quot;lWoywIqwR&quot;, &quot;tmpy3ggRs&quot;, &quot;DZcsUK8m7&quot;, &quot;lWoywIqwW&quot;, &quot;DZcsUK8m8&quot;, &quot;lWoywIqwX&quot;, &quot;sZG7tc4kd&quot;, &quot;DZcsUK8m5&quot;, &quot;lWoywIqwV&quot;, &quot;DZcsUK8m4&quot;, &quot;tmpy3ggRy&quot;, &quot;Iy91Go93J&quot;, &quot;lWoywIqwZ&quot;, &quot;Iy91Go93K&quot;, &quot;PfJ82QBjW&quot;, &quot;PfJ82QBjT&quot;, &quot;PfJ82QBjS&quot;, &quot;PfJ82QBjV&quot;, &quot;PfJ82QBjU&quot;, &quot;tmpy3ggRn&quot;, &quot;PfJ82QBjO&quot;, &quot;tmpy3ggRp&quot;, &quot;PfJ82QBjR&quot;, &quot;PfJ82QBjQ&quot;, &quot;tmpy3ggRj&quot;, &quot;sZG7tc4kn&quot;, &quot;PfJ82QBjK&quot;, &quot;sZG7tc4km&quot;, &quot;PfJ82QBjM&quot;, &quot;sZG7tc4ko&quot;, &quot;L8EmBpnL4&quot;, &quot;L8EmBpnL3&quot;, &quot;L8EmBpnL2&quot;, &quot;L8EmBpnL1&quot;, &quot;saz7pARCM&quot;, &quot;Ssv2nNCuY&quot;, &quot;Iy91Go93H&quot;, &quot;Iy91Go93I&quot;, &quot;Ssv2nNCuW&quot;, &quot;Iy91Go93F&quot;, &quot;Iy91Go93D&quot;, &quot;Iy91Go93E&quot;, &quot;Iy91Go93C&quot;, &quot;Iy91Go93A&quot;, &quot;Ssv2nNCuU&quot;, &quot;eS5ZAdMJA&quot;, &quot;mOlB15w27&quot;, &quot;eS5ZAdMJB&quot;, &quot;mOlB15w29&quot;, &quot;saz7pARCH&quot;, &quot;eS5ZAdMJE&quot;, &quot;saz7pARCG&quot;, &quot;xfMh6yNil&quot;, &quot;eS5ZAdMJF&quot;, &quot;IEP8zUXG2&quot;, &quot;saz7pARCF&quot;, &quot;eS5ZAdMJC&quot;, &quot;xfMh6yNim&quot;, &quot;xfMh6yNin&quot;, &quot;Ssv2nNCu6&quot;, &quot;saz7pARCL&quot;, &quot;xfMh6yNih&quot;, &quot;saz7pARCK&quot;, &quot;xfMh6yNii&quot;, &quot;saz7pARCJ&quot;, &quot;IEP8zUXG1&quot;, &quot;eS5ZAdMJG&quot;, &quot;xfMh6yNij&quot;, &quot;IEP8zUXG0&quot;, &quot;Ssv2nNCu1&quot;, &quot;Ssv2nNCu0&quot;, &quot;Ccsisf1v1&quot;, &quot;saz7pARCD&quot;, &quot;Ssv2nNCu5&quot;, &quot;xfMh6yNio&quot;, &quot;Ccsisf1v4&quot;, &quot;Ssv2nNCu4&quot;, &quot;saz7pARCB&quot;, &quot;Ssv2nNCu3&quot;, &quot;Ccsisf1v2&quot;, &quot;Ssv2nNCu2&quot;, &quot;Ccsisf1v3&quot;, &quot;lltPHSIUt&quot;, &quot;IEP8zUXGS&quot;, &quot;Ccsisf1vX&quot;, &quot;Ccsisf1vY&quot;, &quot;lltPHSIUv&quot;, &quot;Ccsisf1vV&quot;, &quot;IEP8zUXGU&quot;, &quot;lltPHSIUx&quot;, &quot;IEP8zUXGQ&quot;, &quot;lltPHSIUz&quot;, &quot;Ccsisf1vZ&quot;, &quot;lltPHSIUy&quot;, &quot;Ccsisf1vP&quot;, &quot;IEP8zUXGZ&quot;, &quot;IEP8zUXGW&quot;, &quot;Ccsisf1vU&quot;, &quot;IEP8zUXGV&quot;, &quot;eS5ZAdMJo&quot;, &quot;IEP8zUXGX&quot;, &quot;eS5ZAdMJv&quot;, &quot;mOlB15w3d&quot;, &quot;mOlB15w3g&quot;, &quot;RxIVqFCaa&quot;, &quot;mOlB15w3f&quot;, &quot;eS5ZAdMJy&quot;, &quot;RxIVqFCac&quot;, &quot;RxIVqFCab&quot;, &quot;eS5ZAdMJw&quot;, &quot;mOlB15w3c&quot;, &quot;mOlB15w3b&quot;, &quot;MycRDdt7M&quot;, &quot;MycRDdt7L&quot;, &quot;MycRDdt7K&quot;, &quot;MycRDdt7I&quot;, &quot;C7fppn1QK&quot;, &quot;MycRDdt7G&quot;, &quot;C7fppn1QO&quot;, &quot;MycRDdt7S&quot;, &quot;MycRDdt7R&quot;, &quot;MycRDdt7Q&quot;, &quot;C95sQ8VFB&quot;, &quot;C7fppn1QP&quot;, &quot;MycRDdt7P&quot;, &quot;C95sQ8VFA&quot;, &quot;C7fppn1QS&quot;, &quot;C7fppn1QR&quot;, &quot;MycRDdt7N&quot;, &quot;C7fppn1QT&quot;, &quot;C7fppn1QW&quot;, &quot;C7fppn1QV&quot;, &quot;C95sQ8VFC&quot;, &quot;mOlB15w3i&quot;, &quot;C7fppn1QY&quot;, &quot;mOlB15w3h&quot;, &quot;C7fppn1QX&quot;, &quot;ZJgwVgiG&quot;, &quot;lltPHSIUD&quot;, &quot;vVqF7CGBF&quot;, &quot;ZJgwVgiF&quot;, &quot;lltPHSIUC&quot;, &quot;vVqF7CGBG&quot;, &quot;vVqF7CGBD&quot;, &quot;rNRFPxE5m&quot;, &quot;vVqF7CGBE&quot;, &quot;lltPHSIUE&quot;, &quot;xfMh6yNh9&quot;, &quot;rNRFPxE5v&quot;, &quot;rNRFPxE5w&quot;, &quot;rNRFPxE5t&quot;, &quot;rNRFPxE5r&quot;, &quot;vVqF7CGBB&quot;, &quot;vVqF7CGBA&quot;, &quot;gLwgWeHd2&quot;, &quot;pyIWTtx3R&quot;, &quot;gLwgWeHd0&quot;, &quot;pyIWTtx3U&quot;, &quot;pyIWTtx3T&quot;, &quot;rNRFPxE5z&quot;, &quot;gLwgWeHd6&quot;, &quot;pyIWTtx3V&quot;, &quot;rNRFPxE5x&quot;, &quot;gLwgWeHd4&quot;, &quot;pyIWTtx3Y&quot;, &quot;gLwgWeHd3&quot;, &quot;pyIWTtx3X&quot;, &quot;ZJgwVgiP&quot;, &quot;ZJgwVgiO&quot;, &quot;ZJgwVgiN&quot;, &quot;pyIWTtx3Z&quot;, &quot;ZJgwVgiM&quot;, &quot;gLwgWeHd8&quot;, &quot;ZJgwVgiL&quot;, &quot;gLwgWeHd7&quot;, &quot;ZJgwVgiK&quot;, &quot;ZJgwVgiI&quot;, &quot;lltPHSIUB&quot;, &quot;oOxH5yF9&quot;, &quot;lltPHSIUo&quot;, &quot;cyg9KDR4B&quot;, &quot;CB0Nt37RM&quot;, &quot;CB0Nt37RN&quot;, &quot;CB0Nt37RL&quot;, &quot;CB0Nt37RI&quot;, &quot;cyg9KDR4K&quot;, &quot;CB0Nt37RJ&quot;, &quot;cyg9KDR4M&quot;, &quot;cyg9KDR4G&quot;, &quot;xfMh6yNid&quot;, &quot;cyg9KDR4H&quot;, &quot;cyg9KDR4I&quot;, &quot;CB0Nt37RS&quot;, &quot;xfMh6yNif&quot;, &quot;cyg9KDR4J&quot;, &quot;cyg9KDR4C&quot;, &quot;CB0Nt37RQ&quot;, &quot;CB0Nt37RR&quot;, &quot;ZJgwVgiy&quot;, &quot;cyg9KDR4E&quot;, &quot;CB0Nt37RP&quot;, &quot;pyIWTtx30&quot;, &quot;CB0Nt37RD&quot;, &quot;rNRFPxE5B&quot;, &quot;rNRFPxE5C&quot;, &quot;rNRFPxE5A&quot;, &quot;L8EmBpnLW&quot;, &quot;L8EmBpnLU&quot;, &quot;L8EmBpnLS&quot;, &quot;pyIWTtx3K&quot;, &quot;L8EmBpnLZ&quot;, &quot;L8EmBpnLY&quot;, &quot;pyIWTtx3P&quot;, &quot;L8EmBpnLX&quot;, &quot;gLwgWeHdR&quot;, &quot;oOxH5yGh&quot;, &quot;oOxH5yGi&quot;, &quot;gLwgWeHdZ&quot;, &quot;oOxH5yGo&quot;, &quot;oOxH5yGp&quot;, &quot;gLwgWeHdX&quot;, &quot;oOxH5yGq&quot;, &quot;oOxH5yGr&quot;, &quot;oOxH5yGk&quot;, &quot;cyg9KDR4u&quot;, &quot;oOxH5yGm&quot;, &quot;oOxH5yGn&quot;, &quot;dyKnBhF2N&quot;, &quot;GR5X7pQPQ&quot;, &quot;dyKnBhF2O&quot;, &quot;vPKzd6SYh&quot;, &quot;GR5X7pQPP&quot;, &quot;vPKzd6SYf&quot;, &quot;dyKnBhF2Q&quot;, &quot;GR5X7pQPN&quot;, &quot;KaxYlSFEc&quot;, &quot;vPKzd6SYd&quot;, &quot;KaxYlSFEd&quot;, &quot;KaxYlSFEa&quot;, &quot;GR5X7pQPS&quot;, &quot;GR5X7pQPR&quot;, &quot;GR5X7pQPI&quot;, &quot;dyKnBhF2V&quot;, &quot;vPKzd6SYo&quot;, &quot;KaxYlSFEh&quot;, &quot;dyKnBhF2W&quot;, &quot;GR5X7pQPG&quot;, &quot;KaxYlSFEe&quot;, &quot;vPKzd6SYm&quot;, &quot;KaxYlSFEf&quot;, &quot;vPKzd6SYn&quot;, &quot;dyKnBhF2Y&quot;, &quot;GR5X7pQPM&quot;, &quot;KaxYlSFEk&quot;, &quot;GR5X7pQPL&quot;, &quot;dyKnBhF2S&quot;, &quot;vPKzd6SYl&quot;, &quot;vPKzd6SYi&quot;, &quot;dyKnBhF2T&quot;, &quot;KaxYlSFEi&quot;, &quot;GR5X7pQPJ&quot;, &quot;vPKzd6SYj&quot;, &quot;dyKnBhF2U&quot;, &quot;KaxYlSFEj&quot;, &quot;ffOragZgy&quot;, &quot;sLuQeqze9&quot;, &quot;sLuQeqze8&quot;, &quot;sLuQeqze5&quot;, &quot;sLuQeqze4&quot;, &quot;sLuQeqze7&quot;, &quot;sLuQeqze1&quot;, &quot;sLuQeqze3&quot;, &quot;dyKnBhF2G&quot;, &quot;wcs0N95vt&quot;, &quot;wcs0N95vs&quot;, &quot;AsybrvOtt&quot;, &quot;wcs0N95vr&quot;, &quot;AsybrvOtw&quot;, &quot;AsybrvOtv&quot;, &quot;wcs0N95vp&quot;, &quot;AsybrvOty&quot;, &quot;AsybrvOtx&quot;, &quot;wcs0N95vn&quot;, &quot;wcs0N95vj&quot;, &quot;ohdomilbV&quot;, &quot;ohdomilbW&quot;, &quot;AsybrvOtj&quot;, &quot;AsybrvOto&quot;, &quot;AsybrvOtp&quot;, &quot;AsybrvOts&quot;, &quot;AsybrvOtr&quot;, &quot;ohdomilbG&quot;, &quot;ohdomilbL&quot;, &quot;ohdomilbN&quot;, &quot;ohdomilbP&quot;, &quot;ohdomilbQ&quot;, &quot;ohdomilbR&quot;, &quot;ohdomilbT&quot;, &quot;ohdomilbU&quot;, &quot;wcs0N95vy&quot;, &quot;wcs0N95vx&quot;, &quot;wcs0N95vw&quot;, &quot;wcs0N95vv&quot;, &quot;dhH2UKg80&quot;, &quot;dhH2UKg82&quot;, &quot;dhH2UKg81&quot;, &quot;dhH2UKg84&quot;, &quot;dhH2UKg83&quot;, &quot;PQERRGiV8&quot;, &quot;dhH2UKg8O&quot;, &quot;fzGPizhZb&quot;, &quot;fzGPizhZc&quot;, &quot;fzGPizhZg&quot;, &quot;fzGPizhZe&quot;, &quot;dhH2UKg86&quot;, &quot;fzGPizhZk&quot;, &quot;fzGPizhZh&quot;, &quot;fzGPizhZi&quot;, &quot;fzGPizhZl&quot;, &quot;fzGPizhZm&quot;, &quot;C0OWR3Lv&quot;, &quot;dhH2UKg8V&quot;, &quot;C0OWR3Lw&quot;, &quot;dhH2UKg8W&quot;, &quot;C0OWR3Ly&quot;, &quot;dhH2UKg8Y&quot;, &quot;JZbKyQ4nK&quot;, &quot;saz7pARCw&quot;, &quot;JZbKyQ4ny&quot;, &quot;yZGo7i0kT&quot;, &quot;yZGo7i0kU&quot;, &quot;yZGo7i0kR&quot;, &quot;yZGo7i0kS&quot;, &quot;yZGo7i0kP&quot;, &quot;yZGo7i0kN&quot;, &quot;yZGo7i0kO&quot;, &quot;yZGo7i0kL&quot;, &quot;yZGo7i0kK&quot;, &quot;yZGo7i0kF&quot;, &quot;RgGAJ8df8&quot;, &quot;JZbKyQ4nI&quot;, &quot;JZbKyQ4nJ&quot;, &quot;JZbKyQ4nH&quot;, &quot;JZbKyQ4nE&quot;, &quot;JZbKyQ4nF&quot;, &quot;JZbKyQ4nC&quot;, &quot;JZbKyQ4nD&quot;, &quot;JZbKyQ4nA&quot;, &quot;lwP3uUka9&quot;, &quot;lwP3uUka8&quot;, &quot;lwP3uUka5&quot;, &quot;lwP3uUka7&quot;, &quot;lwP3uUka3&quot;, &quot;CwkGAykeA&quot;, &quot;obxhsMxyz&quot;, &quot;obxhsMxyv&quot;, &quot;obxhsMxyx&quot;, &quot;obxhsMxyy&quot;, &quot;lwP3uUkaY&quot;, &quot;obxhsMxyt&quot;, &quot;obxhsMxyo&quot;, &quot;xFkM8mTD3&quot;, &quot;PQERRGiWc&quot;, &quot;QTX8940Ja&quot;, &quot;FAApAeDXJ&quot;, &quot;xFkM8mTD1&quot;, &quot;PQERRGiWa&quot;, &quot;FAApAeDXM&quot;, &quot;FAApAeDXL&quot;, &quot;CEQQVO1Gp&quot;, &quot;PQERRGiWg&quot;, &quot;FAApAeDXO&quot;, &quot;PQERRGiWh&quot;, &quot;FAApAeDXN&quot;, &quot;CEQQVO1Gn&quot;, &quot;PQERRGiWe&quot;, &quot;CEQQVO1Gm&quot;, &quot;PQERRGiWf&quot;, &quot;PQERRGiWk&quot;, &quot;FAApAeDXE&quot;, &quot;PQERRGiWi&quot;, &quot;PQERRGiWj&quot;, &quot;CEQQVO1Gh&quot;, &quot;FAApAeDXF&quot;, &quot;FAApAeDXI&quot;, &quot;dYiSC5Mou&quot;, &quot;FAApAeDXH&quot;, &quot;lwP3uUkbb&quot;, &quot;lwP3uUkbd&quot;, &quot;lwP3uUkbc&quot;, &quot;FAApAeDXA&quot;, &quot;CEQQVO1Gt&quot;, &quot;CEQQVO1Gr&quot;, &quot;xFkM8mTD9&quot;, &quot;CEQQVO1Gq&quot;, &quot;xFkM8mTD7&quot;, &quot;CEQQVO1Gw&quot;, &quot;xFkM8mTD5&quot;, &quot;CEQQVO1Gv&quot;, &quot;xFkM8mTD6&quot;, &quot;CEQQVO1Gu&quot;, &quot;obxhsMxyB&quot;, &quot;obxhsMxyC&quot;, &quot;obxhsMxyD&quot;, &quot;QTX8940IY&quot;, &quot;obxhsMxyE&quot;, &quot;dYiSC5MoK&quot;, &quot;dYiSC5MoM&quot;, &quot;dYiSC5MoH&quot;, &quot;dYiSC5MoG&quot;, &quot;lIchhVVrJ&quot;, &quot;lIchhVVrI&quot;, &quot;dYiSC5MoJ&quot;, &quot;lIchhVVrH&quot;, &quot;dYiSC5MoI&quot;, &quot;dYiSC5MoC&quot;, &quot;lIchhVVrF&quot;, &quot;lIchhVVrD&quot;, &quot;dYiSC5MoE&quot;, &quot;G0B8sGyhF&quot;, &quot;RDo2kbpNm&quot;, &quot;dYiSC5MoB&quot;, &quot;RDo2kbpNk&quot;, &quot;G0B8sGyhH&quot;, &quot;G0B8sGyhI&quot;, &quot;RDo2kbpNq&quot;, &quot;G0B8sGyhC&quot;, &quot;RDo2kbpNp&quot;, &quot;RDo2kbpNo&quot;, &quot;G0B8sGyhE&quot;, &quot;G0B8sGyhN&quot;, &quot;RDo2kbpNu&quot;, &quot;RDo2kbpNt&quot;, &quot;G0B8sGyhO&quot;, &quot;RDo2kbpNs&quot;, &quot;RDo2kbpNr&quot;, &quot;G0B8sGyhJ&quot;, &quot;lwP3uUkbe&quot;, &quot;G0B8sGyhL&quot;, &quot;G0B8sGyhM&quot;, &quot;iXOWqxUqZ&quot;, &quot;RDo2kbpNi&quot;, &quot;RgGAJ8dgg&quot;, &quot;RgGAJ8dgf&quot;, &quot;RgGAJ8dge&quot;, &quot;RgGAJ8dgc&quot;, &quot;RgGAJ8dga&quot;, &quot;RgGAJ8dgk&quot;, &quot;RgGAJ8dgj&quot;, &quot;RgGAJ8dgi&quot;, &quot;RgGAJ8dgh&quot;, &quot;nuWrKq2iN&quot;, &quot;sLuQeqzeZ&quot;, &quot;sLuQeqzeU&quot;, &quot;nuWrKq2iI&quot;, &quot;ROLf7c033&quot;, &quot;R8DEfvjMz&quot;, &quot;ROLf7c032&quot;, &quot;ROLf7c034&quot;, &quot;ROLf7c031&quot;, &quot;ROLf7c030&quot;, &quot;nuWrKq2iW&quot;, &quot;iXOWqxUqX&quot;, &quot;nuWrKq2iX&quot;, &quot;nuWrKq2iY&quot;, &quot;iXOWqxUqV&quot;, &quot;nuWrKq2iS&quot;, &quot;nuWrKq2iT&quot;, &quot;nuWrKq2iV&quot;, &quot;iXOWqxUqP&quot;, &quot;nuWrKq2iP&quot;, &quot;nuWrKq2iR&quot;, &quot;ROLf7c03S&quot;, &quot;ROLf7c03U&quot;, &quot;iXOWqxUq5&quot;, &quot;R8DEfvjMs&quot;, &quot;ROLf7c03Z&quot;, &quot;iXOWqxUq4&quot;, &quot;iXOWqxUq3&quot;, &quot;R8DEfvjMu&quot;, &quot;ROLf7c03W&quot;, &quot;R8DEfvjMv&quot;, &quot;R8DEfvjMw&quot;, &quot;ROLf7c03Y&quot;, &quot;R8DEfvjMx&quot;, &quot;R8DEfvjMy&quot;, &quot;iXOWqxUq6&quot;, &quot;sLuQeqzfa&quot;, &quot;iXOWqxUq1&quot;, &quot;R8DEfvjMo&quot;, &quot;iXOWqxUq0&quot;, &quot;vPKzd6SX9&quot;, &quot;R8DEfvjMq&quot;, &quot;xoisrPuJ9&quot;, &quot;xoisrPuJ5&quot;, &quot;R8DEfvjMA&quot;, &quot;FdRX0brqq&quot;, &quot;mCZoe3VMs&quot;, &quot;mCZoe3VMx&quot;, &quot;mCZoe3VMz&quot;, &quot;ByHwbFp4X&quot;, &quot;ByHwbFp4V&quot;, &quot;ByHwbFp4W&quot;, &quot;FdRX0brqB&quot;, &quot;ByHwbFp4Z&quot;, &quot;FdRX0brqC&quot;, &quot;FdRX0brqD&quot;, &quot;ByHwbFp4N&quot;, &quot;ByHwbFp4T&quot;, &quot;ByHwbFp4S&quot;, &quot;FdRX0brqE&quot;, &quot;v9CXmpbGN&quot;, &quot;v9CXmpbGO&quot;, &quot;v9CXmpbGL&quot;, &quot;v9CXmpbGJ&quot;, &quot;ETZzRS8H8&quot;, &quot;v9CXmpbGF&quot;, &quot;ByHwbFp40&quot;, &quot;ETZzRS8H6&quot;, &quot;ByHwbFp41&quot;, &quot;ETZzRS8H7&quot;, &quot;moM60hqHe&quot;, &quot;ETZzRS8H5&quot;, &quot;ETZzRS8H2&quot;, &quot;ETZzRS8H3&quot;, &quot;ByHwbFp42&quot;, &quot;ETZzRS8H1&quot;, &quot;moM60hqHj&quot;, &quot;moM60hqHl&quot;, &quot;moM60hqHn&quot;, &quot;moM60hqHo&quot;, &quot;moM60hqHp&quot;, &quot;moM60hqHr&quot;, &quot;moM60hqHs&quot;, &quot;moM60hqHt&quot;, &quot;v9CXmpbGT&quot;, &quot;moM60hqHu&quot;, &quot;v9CXmpbGU&quot;, &quot;v9CXmpbGR&quot;, &quot;v9CXmpbGS&quot;, &quot;v9CXmpbGP&quot;, &quot;ETZzRS8HZ&quot;, &quot;uMrhVIbby&quot;, &quot;ETZzRS8HY&quot;, &quot;uMrhVIbbw&quot;, &quot;uMrhVIbbx&quot;, &quot;kYLn7Pwnt&quot;, &quot;ETZzRS8HU&quot;, &quot;uMrhVIbbv&quot;, &quot;kYLn7Pwnu&quot;, &quot;uMrhVIbbs&quot;, &quot;kYLn7Pwnr&quot;, &quot;uMrhVIbbt&quot;, &quot;kYLn7Pwns&quot;, &quot;kYLn7Pwnp&quot;, &quot;uMrhVIbbr&quot;, &quot;kYLn7Pwnn&quot;, &quot;uMrhVIbbp&quot;, &quot;kYLn7Pwno&quot;, &quot;kYLn7Pwnl&quot;, &quot;uMrhVIbbn&quot;, &quot;kYLn7Pwnj&quot;, &quot;uMrhVIbbj&quot;, &quot;kYLn7Pwnd&quot;, &quot;Q2ujvlIa1&quot;, &quot;w4p4jxb1N&quot;, &quot;Q2ujvlIa0&quot;, &quot;w4p4jxb1O&quot;, &quot;Q2ujvlIa3&quot;, &quot;Q2ujvlIa2&quot;, &quot;zgIJNQpeK&quot;, &quot;zgIJNQpeJ&quot;, &quot;zgIJNQpeM&quot;, &quot;zgIJNQpeL&quot;, &quot;zgIJNQpeG&quot;, &quot;zgIJNQpeF&quot;, &quot;w4p4jxb1D&quot;, &quot;CqEzG2wA3&quot;, &quot;zgIJNQpeH&quot;, &quot;w4p4jxb1F&quot;, &quot;w4p4jxb1H&quot;, &quot;w4p4jxb1I&quot;, &quot;w4p4jxb1J&quot;, &quot;Q2ujvlIa5&quot;, &quot;Q2ujvlIa4&quot;, &quot;w4p4jxb1L&quot;, &quot;w4p4jxb1M&quot;, &quot;O7dYHzTR0&quot;, &quot;Q2ujvlIa6&quot;, &quot;zgIJNQpex&quot;, &quot;w4p4jxb1z&quot;, &quot;CqEzG2wA8&quot;, &quot;CqEzG2wA9&quot;, &quot;TyFm7Xd6A&quot;, &quot;ErA1oj8xG&quot;, &quot;ErA1oj8xF&quot;, &quot;ErA1oj8xE&quot;, &quot;ErA1oj8xD&quot;, &quot;ErA1oj8xB&quot;, &quot;ErA1oj8xA&quot;, &quot;CqEzG2wBf&quot;, &quot;CqEzG2wBg&quot;, &quot;CqEzG2wBh&quot;, &quot;CqEzG2wBb&quot;, &quot;CqEzG2wBc&quot;, &quot;CqEzG2wBd&quot;, &quot;ErA1oj8xw&quot;, &quot;FdRX0brqu&quot;, &quot;FdRX0brqv&quot;, &quot;CwkGAykeq&quot;, &quot;FdRX0brqx&quot;, &quot;ErA1oj8xs&quot;, &quot;FdRX0brqy&quot;, &quot;FdRX0brqz&quot;, &quot;CwkGAykel&quot;, &quot;TyFm7Xd6v&quot;, &quot;CwkGAykev&quot;, &quot;TyFm7Xd6u&quot;, &quot;CwkGAykex&quot;, &quot;TyFm7Xd6s&quot;, &quot;CwkGAykey&quot;, &quot;CwkGAyker&quot;, &quot;TyFm7Xd6q&quot;, &quot;TyFm7Xd6p&quot;, &quot;CwkGAyket&quot;, &quot;CwkGAykeu&quot;, &quot;CwkGAykez&quot;, &quot;TyFm7Xd6z&quot;, &quot;CqEzG2wBi&quot;, &quot;TyFm7Xd6y&quot;, &quot;TyFm7Xd6x&quot;, &quot;TyFm7Xd6w&quot;, &quot;Tp9cMGwEy&quot;, &quot;Tp9cMGwEw&quot;, &quot;fzGPizhY5&quot;, &quot;uDU7ArtJA&quot;, &quot;Tp9cMGwEz&quot;, &quot;uDU7ArtJB&quot;, &quot;uDU7ArtJC&quot;, &quot;Tp9cMGwEu&quot;, &quot;FxKl8tJ9a&quot;, &quot;Tp9cMGwEs&quot;, &quot;KWOUXJYxa&quot;, &quot;KWOUXJYxb&quot;, &quot;bxNVTZ36v&quot;, &quot;bxNVTZ36u&quot;, &quot;bxNVTZ36s&quot;, &quot;nLYMqYrcA&quot;, &quot;bxNVTZ36q&quot;, &quot;bxNVTZ36p&quot;, &quot;nLYMqYrcF&quot;, &quot;nLYMqYrcJ&quot;, &quot;bxNVTZ36i&quot;, &quot;nLYMqYrcH&quot;, &quot;bxNVTZ36z&quot;, &quot;bxNVTZ36y&quot;, &quot;bxNVTZ36x&quot;, &quot;bxNVTZ36w&quot;, &quot;uDU7ArtJx&quot;, &quot;uDU7ArtJz&quot;, &quot;nLYMqYrcN&quot;, &quot;nLYMqYrcL&quot;, &quot;nLYMqYrcK&quot;, &quot;nLYMqYrcQ&quot;, &quot;nLYMqYrcP&quot;, &quot;FxKl8tJ8W&quot;, &quot;nLYMqYrcO&quot;, &quot;ydpsvrHrT&quot;, &quot;ydpsvrHrU&quot;, &quot;ydpsvrHrV&quot;, &quot;ydpsvrHrW&quot;, &quot;ydpsvrHrL&quot;, &quot;EQ9wp8eTk&quot;, &quot;LGfN7QnBx&quot;, &quot;KWOUXJYxi&quot;, &quot;EQ9wp8eTl&quot;, &quot;LGfN7QnBw&quot;, &quot;ydpsvrHrN&quot;, &quot;LGfN7QnBv&quot;, &quot;KWOUXJYxg&quot;, &quot;LGfN7QnBu&quot;, &quot;KWOUXJYxh&quot;, &quot;ydpsvrHrP&quot;, &quot;EQ9wp8eTo&quot;, &quot;LGfN7QnBs&quot;, &quot;ydpsvrHrQ&quot;, &quot;EQ9wp8eTp&quot;, &quot;KWOUXJYxf&quot;, &quot;KWOUXJYxc&quot;, &quot;ydpsvrHrR&quot;, &quot;LGfN7QnBq&quot;, &quot;EQ9wp8eTn&quot;, &quot;KWOUXJYxd&quot;, &quot;ydpsvrHrH&quot;, &quot;EQ9wp8eTg&quot;, &quot;LGfN7QnBz&quot;, &quot;uDU7ArtJt&quot;, &quot;O7dYHzTRY&quot;, &quot;O7dYHzTRZ&quot;, &quot;uDU7ArtJv&quot;, &quot;uDU7ArtJw&quot;, &quot;O7dYHzTRU&quot;, &quot;uDU7ArtJr&quot;, &quot;O7dYHzTRW&quot;, &quot;O7dYHzTRX&quot;, &quot;O7dYHzTRQ&quot;, &quot;Q2ujvlIaY&quot;, &quot;EQ9wp8eTs&quot;, &quot;EQ9wp8eTt&quot;, &quot;uDU7ArtJn&quot;, &quot;O7dYHzTRS&quot;, &quot;EQ9wp8eTr&quot;, &quot;Q2ujvlIaU&quot;, &quot;O7dYHzTRO&quot;, &quot;Q2ujvlIaW&quot;, &quot;EQ9wp8eTu&quot;, &quot;PCsACTNQ5&quot;, &quot;PCsACTNQ6&quot;, &quot;vHeoSQbwd&quot;, &quot;xTw4m9oJq&quot;, &quot;xTw4m9oJp&quot;, &quot;vHeoSQbwn&quot;, &quot;cheO36taU&quot;, &quot;vHeoSQbwm&quot;, &quot;vHeoSQbwl&quot;, &quot;cheO36taS&quot;, &quot;ha4LX2NzF&quot;, &quot;vHeoSQbwj&quot;, &quot;cheO36taQ&quot;, &quot;cheO36taR&quot;, &quot;vHeoSQbwh&quot;, &quot;cheO36taO&quot;, &quot;cheO36taP&quot;, &quot;cheO36taM&quot;, &quot;xTw4m9oJb&quot;, &quot;cheO36taK&quot;, &quot;ha4LX2NzN&quot;, &quot;cheO36taJ&quot;, &quot;xTw4m9oJf&quot;, &quot;ha4LX2NzL&quot;, &quot;xTw4m9oJk&quot;, &quot;ha4LX2NzR&quot;, &quot;xTw4m9oJj&quot;, &quot;ha4LX2NzQ&quot;, &quot;cheO36taC&quot;, &quot;xTw4m9oJh&quot;, &quot;ha4LX2NzO&quot;, &quot;xTw4m9oJo&quot;, &quot;ha4LX2NzV&quot;, &quot;xTw4m9oJn&quot;, &quot;ha4LX2NzU&quot;, &quot;xTw4m9oJl&quot;, &quot;ha4LX2NzS&quot;, &quot;PCsACTNQU&quot;, &quot;PCsACTNQW&quot;, &quot;KLsHaIngB&quot;, &quot;cmUVXCgOa&quot;, &quot;KLsHaIngA&quot;, &quot;ha4LX2NzW&quot;, &quot;PCsACTNQY&quot;, &quot;KLsHaIngD&quot;, &quot;cmUVXCgOc&quot;, &quot;KLsHaIngC&quot;, &quot;KLsHaIngF&quot;, &quot;vHeoSQbws&quot;, &quot;vHeoSQbwr&quot;, &quot;vHeoSQbwq&quot;, &quot;LGfN7QnBC&quot;, &quot;vHeoSQbwp&quot;, &quot;CYJe37ko0&quot;, &quot;LGfN7QnBB&quot;, &quot;LGfN7QnBA&quot;, &quot;KLsHaIngH&quot;, &quot;CYJe37ko2&quot;, &quot;KLsHaIngG&quot;, &quot;CYJe37ko1&quot;, &quot;KLsHaIngI&quot;, &quot;mCZoe3VMD&quot;, &quot;mCZoe3VMF&quot;, &quot;rCvr2v3O1&quot;, &quot;mCZoe3VMG&quot;, &quot;rCvr2v3O2&quot;, &quot;rCvr2v3O0&quot;, &quot;mCZoe3VMB&quot;, &quot;mCZoe3VMC&quot;, &quot;mCZoe3VMH&quot;, &quot;mCZoe3VMI&quot;, &quot;KWOUXJYw8&quot;, &quot;KWOUXJYw6&quot;, &quot;CYJe37koN&quot;, &quot;Tp9cMGwEA&quot;, &quot;CYJe37koT&quot;, &quot;CYJe37koS&quot;, &quot;CYJe37koV&quot;, &quot;Tp9cMGwED&quot;, &quot;Tp9cMGwEE&quot;, &quot;CYJe37koX&quot;, &quot;Tp9cMGwEB&quot;, &quot;CYJe37koW&quot;, &quot;Tp9cMGwEC&quot;, &quot;CYJe37koZ&quot;, &quot;rCvr2v3OT&quot;, &quot;rCvr2v3OR&quot;, &quot;rCvr2v3OM&quot;, &quot;KLsHaIngw&quot;, &quot;KLsHaIngy&quot;, &quot;rCvr2v3OZ&quot;, &quot;rCvr2v3OW&quot;, &quot;rCvr2v3OX&quot;, &quot;rCvr2v3OV&quot;, &quot;MektuVbpc&quot;, &quot;MektuVbpa&quot;, &quot;MektuVbpf&quot;, &quot;MektuVbpg&quot;, &quot;MektuVbpe&quot;, &quot;jb1dFkpv9&quot;, &quot;MektuVbpj&quot;, &quot;MektuVbpk&quot;, &quot;MektuVbph&quot;, &quot;MektuVbpl&quot;, &quot;MektuVbpm&quot;, &quot;Bs1ph9Crv&quot;, &quot;BhFbu71a4&quot;, &quot;BhFbu71a5&quot;, &quot;BhFbu71a7&quot;, &quot;BhFbu71a8&quot;, &quot;BhFbu71a9&quot;, &quot;yLt7Swvfr&quot;, &quot;AJAv73dnk&quot;, &quot;FI6zVvlpJ&quot;, &quot;AJAv73dnj&quot;, &quot;FI6zVvlpI&quot;, &quot;FI6zVvlpH&quot;, &quot;AJAv73dnh&quot;, &quot;AJAv73dng&quot;, &quot;FI6zVvlpF&quot;, &quot;lK2kJGPgh&quot;, &quot;yLt7Swvfw&quot;, &quot;FI6zVvlpE&quot;, &quot;yLt7Swvfx&quot;, &quot;FI6zVvlpD&quot;, &quot;lK2kJGPgj&quot;, &quot;FI6zVvlpB&quot;, &quot;FI6zVvlpA&quot;, &quot;AJAv73dnq&quot;, &quot;AJAv73dnp&quot;, &quot;AJAv73dno&quot;, &quot;AJAv73dnn&quot;, &quot;lK2kJGPgc&quot;, &quot;AJAv73dnl&quot;, &quot;LZ8cf8GjY&quot;, &quot;LZ8cf8GjW&quot;, &quot;yLt7Swvfz&quot;, &quot;BhFbu71aV&quot;, &quot;M87Ar3bJ6&quot;, &quot;Bs1ph9CrA&quot;, &quot;Bs1ph9CrB&quot;, &quot;M87Ar3bJ8&quot;, &quot;M87Ar3bJ9&quot;, &quot;Bs1ph9CrD&quot;, &quot;Bs1ph9CrE&quot;, &quot;Bs1ph9CrF&quot;, &quot;Bs1ph9CrH&quot;, &quot;Bs1ph9CrI&quot;, &quot;Bs1ph9CrJ&quot;, &quot;Bs1ph9CrK&quot;, &quot;M87Ar3bJ4&quot;, &quot;jBzIG8vRR&quot;, &quot;jBzIG8vR5&quot;, &quot;jBzIG8vR7&quot;, &quot;lfNIOmVhm&quot;, &quot;jBzIG8vR6&quot;, &quot;cj4SvRmZy&quot;, &quot;jBzIG8vR8&quot;, &quot;LZ8cf8Gj8&quot;, &quot;LZ8cf8Gj7&quot;, &quot;LZ8cf8Gj6&quot;, &quot;cj4SvRmZw&quot;, &quot;lfNIOmVhg&quot;, &quot;lK2kJGPgm&quot;, &quot;LZ8cf8Gj5&quot;, &quot;cj4SvRmZv&quot;, &quot;AJAv73dnb&quot;, &quot;lK2kJGPgl&quot;, &quot;lfNIOmVhh&quot;, &quot;cj4SvRmZu&quot;, &quot;cj4SvRmZt&quot;, &quot;LZ8cf8Gj3&quot;, &quot;lfNIOmVhf&quot;, &quot;cj4SvRmZs&quot;, &quot;LZ8cf8Gj2&quot;, &quot;lK2kJGPgn&quot;, &quot;LZ8cf8Gj1&quot;, &quot;lfNIOmVhk&quot;, &quot;lK2kJGPgq&quot;, &quot;LZ8cf8Gj0&quot;, &quot;cj4SvRmZq&quot;, &quot;lK2kJGPgp&quot;, &quot;lfNIOmVhl&quot;, &quot;lK2kJGPgs&quot;, &quot;cj4SvRmZo&quot;, &quot;lfNIOmVhj&quot;, &quot;lK2kJGPgr&quot;, &quot;FI6zVvlpK&quot;, &quot;cj4SvRmZn&quot;, &quot;BhFbu71a0&quot;, &quot;BhFbu71a1&quot;, &quot;cj4SvRmZg&quot;, &quot;BhFbu71a3&quot;, &quot;jBzIG8vR1&quot;, &quot;jBzIG8vR3&quot;, &quot;jBzIG8vR2&quot;, &quot;FI6zVvlpw&quot;, &quot;jb1dFkpv3&quot;, &quot;PCsACTNQ0&quot;, &quot;PCsACTNQ1&quot;, &quot;PCsACTNQ2&quot;, &quot;PCsACTNQ3&quot;, &quot;PCsACTNQ4&quot;, &quot;nI8IZdxnW&quot;, &quot;o9arRFrH6&quot;, &quot;ylVCQIoTQ&quot;, &quot;o9arRFrH5&quot;, &quot;ylVCQIoTR&quot;, &quot;EIDl4Rxrx&quot;, &quot;ylVCQIoTS&quot;, &quot;o9arRFrH7&quot;, &quot;EIDl4Rxry&quot;, &quot;ylVCQIoTM&quot;, &quot;EIDl4Rxrv&quot;, &quot;ylVCQIoTN&quot;, &quot;o9arRFrH9&quot;, &quot;EIDl4Rxrw&quot;, &quot;EIDl4Rxrt&quot;, &quot;ylVCQIoTP&quot;, &quot;qKyow8XiB&quot;, &quot;EIDl4Rxrr&quot;, &quot;ylVCQIoTJ&quot;, &quot;DQGizuqVb&quot;, &quot;EIDl4Rxrs&quot;, &quot;qKyow8XiD&quot;, &quot;EIDl4Rxrp&quot;, &quot;ylVCQIoTL&quot;, &quot;qKyow8XiF&quot;, &quot;o9arRFrH1&quot;, &quot;EIDl4Rxro&quot;, &quot;qKyow8XiG&quot;, &quot;DQGizuqVf&quot;, &quot;DQGizuqVc&quot;, &quot;qKyow8XiH&quot;, &quot;ylVCQIoTH&quot;, &quot;o9arRFrH3&quot;, &quot;DQGizuqVd&quot;, &quot;qKyow8XiJ&quot;, &quot;DQGizuqVi&quot;, &quot;QlTtM0cVq&quot;, &quot;EIDl4Rxrk&quot;, &quot;qKyow8XiK&quot;, &quot;IVStgsmAI&quot;, &quot;DQGizuqVg&quot;, &quot;qKyow8XiL&quot;, &quot;ylVCQIoTD&quot;, &quot;DQGizuqVh&quot;, &quot;qKyow8XiM&quot;, &quot;IVStgsmAK&quot;, &quot;IVStgsmAM&quot;, &quot;QlTtM0cVi&quot;, &quot;lYugkERE&quot;, &quot;QlTtM0cVk&quot;, &quot;nI8IZdxn9&quot;, &quot;lYugkERG&quot;, &quot;QlTtM0cVl&quot;, &quot;npgkQVeFq&quot;, &quot;nI8IZdxn7&quot;, &quot;QlTtM0cVm&quot;, &quot;qKyow8Xiw&quot;, &quot;lfNIOmVhd&quot;, &quot;nI8IZdxn6&quot;, &quot;QlTtM0cVn&quot;, &quot;lYugkERD&quot;, &quot;nI8IZdxn5&quot;, &quot;QlTtM0cVo&quot;, &quot;lfNIOmVhb&quot;, &quot;QlTtM0cVp&quot;, &quot;nI8IZdxn3&quot;, &quot;nI8IZdxn1&quot;, &quot;npgkQVeFv&quot;, &quot;QlTtM0cVe&quot;, &quot;npgkQVeFx&quot;, &quot;QlTtM0cVg&quot;, &quot;npgkQVeFz&quot;, &quot;FxKl8tJ89&quot;, &quot;FxKl8tJ85&quot;, &quot;FxKl8tJ88&quot;, &quot;FxKl8tJ87&quot;, &quot;lYugkERN&quot;, &quot;FxKl8tJ81&quot;, &quot;lYugkERM&quot;, &quot;FxKl8tJ84&quot;, &quot;FxKl8tJ83&quot;, &quot;lYugkERJ&quot;, &quot;lYugkERI&quot;, &quot;FxKl8tJ80&quot;, &quot;lYugkERL&quot;, &quot;lYugkERK&quot;, &quot;jb1dFkpwb&quot;, &quot;k1BrzAqbZ&quot;, &quot;o9arRFrIa&quot;, &quot;DQGizuqU4&quot;, &quot;k1BrzAqbX&quot;, &quot;jb1dFkpwf&quot;, &quot;o9arRFrIc&quot;, &quot;jb1dFkpwe&quot;, &quot;o9arRFrIb&quot;, &quot;jb1dFkpwd&quot;, &quot;DQGizuqU8&quot;, &quot;DQGizuqU9&quot;, &quot;k1BrzAqbR&quot;, &quot;DtXQZrenZ&quot;, &quot;lYugkERv&quot;, &quot;DtXQZrenY&quot;, &quot;DtXQZrenU&quot;, &quot;jb1dFkpwj&quot;, &quot;jb1dFkpwi&quot;, &quot;jb1dFkpwh&quot;, &quot;jb1dFkpwk&quot;, &quot;IVStgsmAO&quot;, &quot;IVStgsmAN&quot;, &quot;rq9efusyn&quot;, &quot;rq9efusym&quot;, &quot;rq9efusyl&quot;, &quot;IVStgsmAP&quot;, &quot;IVStgsmAS&quot;, &quot;k1BrzAqb8&quot;, &quot;rq9efusyj&quot;, &quot;IVStgsmAR&quot;, &quot;k1BrzAqb6&quot;, &quot;IVStgsmAU&quot;, &quot;rq9efusyh&quot;, &quot;k1BrzAqb7&quot;, &quot;IVStgsmAT&quot;, &quot;k1BrzAqb5&quot;, &quot;k1BrzAqb2&quot;, &quot;lfNIOmVg5&quot;, &quot;o9arRFrHW&quot;, &quot;k1BrzAqb3&quot;, &quot;rq9efusyc&quot;, &quot;k1BrzAqb1&quot;, &quot;DtXQZren6&quot;, &quot;DtXQZren7&quot;, &quot;DtXQZren8&quot;, &quot;npgkQVeFA&quot;, &quot;DtXQZren2&quot;, &quot;DtXQZren3&quot;, &quot;npgkQVeFB&quot;, &quot;DtXQZren5&quot;, &quot;npgkQVeFE&quot;, &quot;npgkQVeFD&quot;, &quot;nI8IZdxoc&quot;, &quot;nI8IZdxob&quot;, &quot;npgkQVeFG&quot;, &quot;DtXQZren1&quot;, &quot;nI8IZdxoa&quot;, &quot;npgkQVeFF&quot;, &quot;rq9efusys&quot;, &quot;rq9efusyr&quot;, &quot;rq9efusyq&quot;, &quot;rq9efusyp&quot;, &quot;A8809RjI8&quot;, &quot;d3YZwBz14&quot;, &quot;A8809RjI7&quot;, &quot;d3YZwBz12&quot;, &quot;A8809RjI9&quot;, &quot;l14Fqeeak&quot;, &quot;AhbXEudcJ&quot;, &quot;l14Fqeeaj&quot;, &quot;PiAcuBu8q&quot;, &quot;ErA1oj8xz&quot;, &quot;l14Fqeeai&quot;, &quot;l14Fqeeah&quot;, &quot;PiAcuBu8o&quot;, &quot;ErA1oj8xx&quot;, &quot;PiAcuBu8v&quot;, &quot;d3YZwBz1M&quot;, &quot;PiAcuBu8u&quot;, &quot;PiAcuBu8s&quot;, &quot;D7IDf1PPa&quot;, &quot;A8809RjI4&quot;, &quot;PiAcuBu8z&quot;, &quot;PiAcuBu8y&quot;, &quot;PiAcuBu8x&quot;, &quot;A8809RjI5&quot;, &quot;PiAcuBu8w&quot;, &quot;u89JvLnIz&quot;, &quot;TBvqzH7Vc&quot;, &quot;TBvqzH7Vb&quot;, &quot;TBvqzH7Ve&quot;, &quot;TBvqzH7Vd&quot;, &quot;u89JvLnIx&quot;, &quot;TBvqzH7Va&quot;, &quot;vbZMXwhw7&quot;, &quot;u89JvLnIt&quot;, &quot;d3YZwBz10&quot;, &quot;d3YZwBz11&quot;, &quot;A8809RjJc&quot;, &quot;A8809RjJb&quot;, &quot;D7IDf1POW&quot;, &quot;A8809RjJe&quot;, &quot;A8809RjJd&quot;, &quot;Ra0tQCpCX&quot;, &quot;Ra0tQCpCY&quot;, &quot;TBvqzH7U4&quot;, &quot;Ra0tQCpCZ&quot;, &quot;D7IDf1PO9&quot;, &quot;TBvqzH7U3&quot;, &quot;D7IDf1PO8&quot;, &quot;M0Bp6Muh8&quot;, &quot;AhbXEudcV&quot;, &quot;QaxfZYBEP&quot;, &quot;AhbXEudcW&quot;, &quot;QaxfZYBEQ&quot;, &quot;A8809RjIZ&quot;, &quot;AhbXEudcT&quot;, &quot;AhbXEudcX&quot;, &quot;AhbXEudcY&quot;, &quot;D7IDf1PO3&quot;, &quot;Ra0tQCpCQ&quot;, &quot;AhbXEudcO&quot;, &quot;TBvqzH7U9&quot;, &quot;D7IDf1PO1&quot;, &quot;D7IDf1PO0&quot;, &quot;Ra0tQCpCS&quot;, &quot;TBvqzH7U6&quot;, &quot;AhbXEudcR&quot;, &quot;D7IDf1PO7&quot;, &quot;Ra0tQCpCU&quot;, &quot;AhbXEudcS&quot;, &quot;AhbXEudcP&quot;, &quot;TBvqzH7U8&quot;, &quot;D7IDf1PO5&quot;, &quot;Ra0tQCpCW&quot;, &quot;D7IDf1PO4&quot;, &quot;vbZMXwhxb&quot;, &quot;vbZMXwhxd&quot;, &quot;QaxfZYBEE&quot;, &quot;QaxfZYBEG&quot;, &quot;vbZMXwhxj&quot;, &quot;QaxfZYBEI&quot;, &quot;vbZMXwhxk&quot;, &quot;vbZMXwhxl&quot;, &quot;QaxfZYBEK&quot;, &quot;vbZMXwhxm&quot;, &quot;vbZMXwhxf&quot;, &quot;QaxfZYBEL&quot;, &quot;vbZMXwhxg&quot;, &quot;QaxfZYBEM&quot;, &quot;vbZMXwhxh&quot;, &quot;QaxfZYBEN&quot;, &quot;QaxfZYBEO&quot;, &quot;Ra0tQCpC0&quot;, &quot;Ra0tQCpC1&quot;, &quot;Ra0tQCpC2&quot;, &quot;M87Ar3bKg&quot;, &quot;BPJQScOYK&quot;, &quot;jBzIG8vRX&quot;, &quot;BPJQScOYL&quot;, &quot;jBzIG8vRZ&quot;, &quot;BPJQScOYN&quot;, &quot;M87Ar3bKa&quot;, &quot;M87Ar3bKb&quot;, &quot;M87Ar3bKd&quot;, &quot;M87Ar3bKe&quot;, &quot;BPJQScOYF&quot;, &quot;M87Ar3bKf&quot;, &quot;PiAcuBu8A&quot;, &quot;BPJQScOYO&quot;, &quot;BPJQScOYP&quot;, &quot;BPJQScOYR&quot;, &quot;BPJQScOYS&quot;, &quot;BPJQScOYT&quot;, &quot;BPJQScOYU&quot;, &quot;u89JvLnII&quot;, &quot;u89JvLnIF&quot;, &quot;u89JvLnIH&quot;, &quot;u89JvLnIG&quot;, &quot;M0Bp6Muia&quot;, &quot;M0Bp6Muic&quot;, &quot;u89JvLnIB&quot;, &quot;l14Fqeeaf&quot;, &quot;M0Bp6Muii&quot;, &quot;l14Fqeeae&quot;, &quot;M0Bp6Muih&quot;, &quot;l14Fqeead&quot;, &quot;u89JvLnID&quot;, &quot;M0Bp6Muik&quot;, &quot;u89JvLnIC&quot;, &quot;M0Bp6Muij&quot;, &quot;l14Fqeeab&quot;, &quot;M0Bp6Muie&quot;, &quot;M0Bp6Muid&quot;, &quot;M0Bp6Muif&quot;, &quot;susvxTak2&quot;, &quot;susvxTak9&quot;, &quot;susvxTak7&quot;, &quot;OttcqZiqQ&quot;, &quot;OttcqZiqR&quot;, &quot;pb0vjqlwA&quot;, &quot;OttcqZiqS&quot;, &quot;OttcqZiqM&quot;, &quot;mz9kNi1XO&quot;, &quot;OttcqZiqO&quot;, &quot;pb0vjqlwF&quot;, &quot;pb0vjqlwH&quot;, &quot;mz9kNi1XY&quot;, &quot;mz9kNi1XZ&quot;, &quot;EayGHMJDI&quot;, &quot;OttcqZiqY&quot;, &quot;EayGHMJDJ&quot;, &quot;mz9kNi1XT&quot;, &quot;EayGHMJDL&quot;, &quot;OttcqZiqU&quot;, &quot;EayGHMJDM&quot;, &quot;mz9kNi1XV&quot;, &quot;OttcqZiqV&quot;, &quot;EayGHMJDN&quot;, &quot;OttcqZiqW&quot;, &quot;EayGHMJDO&quot;, &quot;mz9kNi1XX&quot;, &quot;OttcqZiqX&quot;, &quot;susvxTalb&quot;, &quot;susvxTalc&quot;, &quot;susvxTalf&quot;, &quot;susvxTalg&quot;, &quot;susvxTald&quot;, &quot;susvxTalh&quot;, &quot;susvxTali&quot;, &quot;t0aljQSiA&quot;, &quot;uA438GzUY&quot;, &quot;uA438GzUV&quot;, &quot;uA438GzUX&quot;, &quot;uA438GzUW&quot;, &quot;uA438GzUJ&quot;, &quot;EayGHMJDA&quot;, &quot;EayGHMJDE&quot;, &quot;EayGHMJDF&quot;, &quot;EayGHMJDH&quot;, &quot;uA438GzUR&quot;, &quot;uA438GzUT&quot;, &quot;uA438GzUS&quot;, &quot;uA438GzUN&quot;, &quot;uA438GzUP&quot;, &quot;pb0vjqlwO&quot;, &quot;pb0vjqlwN&quot;, &quot;pb0vjqlwQ&quot;, &quot;pb0vjqlwP&quot;, &quot;pb0vjqlwK&quot;, &quot;pb0vjqlwJ&quot;, &quot;pb0vjqlwL&quot;, &quot;mz9kNi1X1&quot;, &quot;mz9kNi1X2&quot;, &quot;mz9kNi1X3&quot;, &quot;mz9kNi1X4&quot;, &quot;u0DzauGgH&quot;, &quot;EdoJ9xDse&quot;, &quot;u0DzauGgG&quot;, &quot;u0DzauGgF&quot;, &quot;u0DzauGgL&quot;, &quot;u0DzauGgK&quot;, &quot;u0DzauGgJ&quot;, &quot;u0DzauGgM&quot;, &quot;i9badzvHz&quot;, &quot;i9badzvHx&quot;, &quot;RxIVqFB98&quot;, &quot;RxIVqFB97&quot;, &quot;RxIVqFB99&quot;, &quot;RxIVqFB90&quot;, &quot;RxIVqFB92&quot;, &quot;RxIVqFB94&quot;, &quot;RxIVqFB96&quot;, &quot;EdoJ9xDsp&quot;, &quot;EdoJ9xDsq&quot;, &quot;EdoJ9xDsr&quot;, &quot;EdoJ9xDss&quot;, &quot;EdoJ9xDsl&quot;, &quot;EdoJ9xDsm&quot;, &quot;EdoJ9xDsn&quot;, &quot;u0DzauGgD&quot;, &quot;EdoJ9xDsi&quot;, &quot;u0DzauGgB&quot;, &quot;EdoJ9xDsj&quot;, &quot;kfkuXI7i7&quot;, &quot;kfkuXI7i4&quot;, &quot;kfkuXI7i5&quot;, &quot;kfkuXI7i3&quot;, &quot;kfkuXI7i1&quot;, &quot;kfkuXI7i8&quot;, &quot;BqblQoIC0&quot;, &quot;kfkuXI7i9&quot;, &quot;d3YZwBz1T&quot;, &quot;d3YZwBz1U&quot;, &quot;d3YZwBz1Y&quot;, &quot;d3YZwBz1W&quot;, &quot;d3YZwBz1Z&quot;, &quot;vYgJznAqj&quot;, &quot;vYgJznAqk&quot;, &quot;EWPDjD2wy&quot;, &quot;yID4qLBqW&quot;, &quot;yID4qLBqV&quot;, &quot;EWPDjD2wM&quot;, &quot;yID4qLBqX&quot;, &quot;DiBDcpC7x&quot;, &quot;KTYRvY4IE&quot;, &quot;yID4qLBqR&quot;, &quot;KTYRvY4ID&quot;, &quot;DiBDcpC7y&quot;, &quot;KTYRvY4IC&quot;, &quot;yID4qLBqT&quot;, &quot;KTYRvY4IB&quot;, &quot;EWPDjD2wF&quot;, &quot;yID4qLBqN&quot;, &quot;EWPDjD2wH&quot;, &quot;EWPDjD2wG&quot;, &quot;EWPDjD2wJ&quot;, &quot;EWPDjD2wL&quot;, &quot;EWPDjD2wK&quot;, &quot;DiBDcpC7o&quot;, &quot;DiBDcpC7k&quot;, &quot;DiBDcpC7t&quot;, &quot;DiBDcpC7v&quot;, &quot;DiBDcpC7w&quot;, &quot;DiBDcpC7p&quot;, &quot;yID4qLBqZ&quot;, &quot;DiBDcpC7r&quot;, &quot;DiBDcpC7s&quot;, &quot;AelUcJjok&quot;, &quot;AelUcJjoi&quot;, &quot;AelUcJjoj&quot;, &quot;u0DzauGgx&quot;, &quot;KTYRvY4Iy&quot;, &quot;AelUcJjod&quot;, &quot;KTYRvY4Ix&quot;, &quot;AelUcJjoa&quot;, &quot;KTYRvY4Iw&quot;, &quot;AelUcJjob&quot;, &quot;KTYRvY4Iu&quot;, &quot;AelUcJjoh&quot;, &quot;KTYRvY4Is&quot;, &quot;EWPDjD2wD&quot;, &quot;AelUcJjoe&quot;, &quot;EWPDjD2wC&quot;, &quot;AelUcJjof&quot;, &quot;e98kgLbDs&quot;, &quot;BnlioDOOn&quot;, &quot;e98kgLbDu&quot;, &quot;BnlioDOOp&quot;, &quot;e98kgLbDt&quot;, &quot;BnlioDOOq&quot;, &quot;e98kgLbDo&quot;, &quot;BnlioDOOr&quot;, &quot;e98kgLbDn&quot;, &quot;BnlioDOOs&quot;, &quot;e98kgLbDq&quot;, &quot;t0aljQSiz&quot;, &quot;vYgJznAp5&quot;, &quot;t0aljQSix&quot;, &quot;t0aljQSiy&quot;, &quot;JiAUQvy7S&quot;, &quot;t0aljQSiv&quot;, &quot;e98kgLbDw&quot;, &quot;JiAUQvy7U&quot;, &quot;t0aljQSit&quot;, &quot;e98kgLbDy&quot;, &quot;t0aljQSiu&quot;, &quot;e98kgLbDx&quot;, &quot;t0aljQSir&quot;, &quot;t0aljQSip&quot;, &quot;t0aljQSil&quot;, &quot;BnlioDOOd&quot;, &quot;vYgJznAp9&quot;, &quot;BnlioDOOi&quot;, &quot;BnlioDOOj&quot;, &quot;BnlioDOOl&quot;, &quot;BnlioDOOm&quot;, &quot;deRZsZnkq&quot;, &quot;qEShDC9Fu&quot;, &quot;deRZsZnks&quot;, &quot;deRZsZnkm&quot;, &quot;deRZsZnkn&quot;, &quot;yID4qLBq2&quot;, &quot;deRZsZnko&quot;, &quot;deRZsZnkp&quot;, &quot;yID4qLBq1&quot;, &quot;yID4qLBq0&quot;, &quot;JiAUQvy7W&quot;, &quot;CnOwfhCMC&quot;, &quot;CnOwfhCMD&quot;, &quot;JiAUQvy7Y&quot;, &quot;CnOwfhCME&quot;, &quot;JiAUQvy7X&quot;, &quot;JiAUQvy7Z&quot;, &quot;CnOwfhCMB&quot;, &quot;yOkbkho35&quot;, &quot;e98kgLbDg&quot;, &quot;uhcF0ohcd&quot;, &quot;CnOwfhCMu&quot;, &quot;CnOwfhCMv&quot;, &quot;CnOwfhCMp&quot;, &quot;AelUcJjn5&quot;, &quot;uhcF0ohcm&quot;, &quot;uhcF0ohcl&quot;, &quot;uhcF0ohcn&quot;, &quot;uhcF0ohch&quot;, &quot;CnOwfhCMx&quot;, &quot;CnOwfhCMy&quot;, &quot;uhcF0ohcj&quot;, &quot;CnOwfhCMz&quot;, &quot;deRZsZnka&quot;, &quot;qEShDC9Fe&quot;, &quot;J11N0BYcc&quot;, &quot;BhFbu71ba&quot;, &quot;qEShDC9Fj&quot;, &quot;J11N0BYce&quot;, &quot;qEShDC9Fl&quot;, &quot;J11N0BYcg&quot;, &quot;deRZsZnki&quot;, &quot;J11N0BYch&quot;, &quot;vYgJznAqh&quot;, &quot;qEShDC9Fn&quot;, &quot;J11N0BYci&quot;, &quot;vYgJznAqi&quot;, &quot;deRZsZnkk&quot;, &quot;qEShDC9Fo&quot;, &quot;vYgJznAqf&quot;, &quot;J11N0BYcj&quot;, &quot;qEShDC9Fp&quot;, &quot;vYgJznAqd&quot;, &quot;J11N0BYcl&quot;, &quot;vYgJznAqe&quot;, &quot;qEShDC9Fr&quot;, &quot;J11N0BYcm&quot;, &quot;vYgJznAqb&quot;, &quot;qEShDC9Fs&quot;, &quot;J11N0BYcn&quot;, &quot;m8d0anPLy&quot;, &quot;deRZsZnkh&quot;, &quot;qEShDC9Ft&quot;, &quot;J11N0BYco&quot;, &quot;JiAUQvy71&quot;, &quot;JiAUQvy73&quot;, &quot;JiAUQvy72&quot;, &quot;JiAUQvy74&quot;, &quot;yLt7SwvfB&quot;, &quot;yLt7SwvfD&quot;, &quot;yLt7SwvfE&quot;, &quot;uhcF0ohcq&quot;, &quot;yLt7SwvfF&quot;, &quot;uhcF0ohcp&quot;, &quot;yLt7SwvfG&quot;, &quot;uhcF0ohcs&quot;, &quot;uhcF0ohcr&quot;, &quot;yLt7SwvfA&quot;, &quot;RXhqstIvV&quot;, &quot;RXhqstIvU&quot;, &quot;RXhqstIvX&quot;, &quot;RXhqstIvW&quot;, &quot;RXhqstIvZ&quot;, &quot;RXhqstIvY&quot;, &quot;RXhqstIvO&quot;, &quot;RXhqstIvQ&quot;, &quot;RXhqstIvS&quot;, &quot;m8d0anPLF&quot;, &quot;MMo8RZZcZ&quot;, &quot;t8GvE7zKw&quot;, &quot;t8GvE7zKv&quot;, &quot;m8d0anPLD&quot;, &quot;QxfHz1Ob0&quot;, &quot;m8d0anPLN&quot;, &quot;m8d0anPLO&quot;, &quot;m8d0anPLL&quot;, &quot;RXhqstIv0&quot;, &quot;m8d0anPLM&quot;, &quot;m8d0anPLJ&quot;, &quot;m8d0anPLH&quot;, &quot;m8d0anPLI&quot;, &quot;etxuypGnR&quot;, &quot;etxuypGnS&quot;, &quot;HqaDuuEDq&quot;, &quot;HqaDuuEDs&quot;, &quot;etxuypGnK&quot;, &quot;HqaDuuEDu&quot;, &quot;HqaDuuEDv&quot;, &quot;etxuypGnM&quot;, &quot;HqaDuuEDw&quot;, &quot;etxuypGnN&quot;, &quot;HqaDuuEDx&quot;, &quot;etxuypGnO&quot;, &quot;HqaDuuEDz&quot;, &quot;etxuypGnQ&quot;, &quot;g2yBCL57J&quot;, &quot;QxfHz1ObQ&quot;, &quot;etxuypGnH&quot;, &quot;QxfHz1ObO&quot;, &quot;etxuypGnI&quot;, &quot;etxuypGnA&quot;, &quot;g2yBCL57W&quot;, &quot;g2yBCL57Y&quot;, &quot;t8GvE7zKh&quot;, &quot;PFiD4EHFy&quot;, &quot;g2yBCL57Z&quot;, &quot;t8GvE7zKl&quot;, &quot;g2yBCL57P&quot;, &quot;t8GvE7zKn&quot;, &quot;t8GvE7zKq&quot;, &quot;MMo8RZZcU&quot;, &quot;g2yBCL57R&quot;, &quot;t8GvE7zKp&quot;, &quot;g2yBCL57S&quot;, &quot;MMo8RZZcW&quot;, &quot;t8GvE7zKr&quot;, &quot;m5nWICVXa&quot;, &quot;g2yBCL57U&quot;, &quot;t8GvE7zKu&quot;, &quot;MMo8RZZcY&quot;, &quot;g2yBCL57V&quot;, &quot;t8GvE7zKt&quot;, &quot;hr66EActK&quot;, &quot;PFiD4EHFJ&quot;, &quot;PH8HwpBug&quot;, &quot;PFiD4EHFK&quot;, &quot;PFiD4EHFH&quot;, &quot;hr66EActM&quot;, &quot;PH8HwpBue&quot;, &quot;PFiD4EHFI&quot;, &quot;hr66EActN&quot;, &quot;yOkbkho4k&quot;, &quot;hr66EActG&quot;, &quot;PH8HwpBuj&quot;, &quot;yOkbkho4j&quot;, &quot;PH8HwpBuk&quot;, &quot;yOkbkho4i&quot;, &quot;hr66EActI&quot;, &quot;yOkbkho4h&quot;, &quot;PH8HwpBui&quot;, &quot;hr66EActJ&quot;, &quot;yOkbkho4f&quot;, &quot;PH8HwpBun&quot;, &quot;PFiD4EHFC&quot;, &quot;yOkbkho4e&quot;, &quot;PH8HwpBuo&quot;, &quot;yOkbkho4d&quot;, &quot;PH8HwpBul&quot;, &quot;PFiD4EHFA&quot;, &quot;PH8HwpBum&quot;, &quot;yOkbkho4b&quot;, &quot;PFiD4EHFF&quot;, &quot;hr66EActO&quot;, &quot;yOkbkho4a&quot;, &quot;PFiD4EHFG&quot;, &quot;PFiD4EHFE&quot;, &quot;n2067vP6s&quot;, &quot;MMo8RZZc0&quot;, &quot;MMo8RZZc1&quot;, &quot;n2067vP6x&quot;, &quot;QxfHz1ObV&quot;, &quot;hr66EActD&quot;, &quot;QxfHz1ObU&quot;, &quot;MMo8RZZc3&quot;, &quot;n2067vP6z&quot;, &quot;MMo8RZZc4&quot;, &quot;hr66EActF&quot;, &quot;QxfHz1ObS&quot;, &quot;MMo8RZZc5&quot;, &quot;QxfHz1ObZ&quot;, &quot;MMo8RZZc6&quot;, &quot;PH8HwpBuc&quot;, &quot;QxfHz1ObY&quot;, &quot;QxfHz1ObX&quot;, &quot;QxfHz1ObW&quot;, &quot;KTYRvY4Iz&quot;, &quot;jPLZVU0W5&quot;, &quot;n2067vP6B&quot;, &quot;n2067vP6D&quot;, &quot;n2067vP6C&quot;, &quot;n2067vP6F&quot;, &quot;KrAi2p4ya&quot;, &quot;n2067vP6H&quot;, &quot;n2067vP6G&quot;, &quot;n2067vP6I&quot;, &quot;KrAi2p4yb&quot;, &quot;g2yBCL570&quot;, &quot;KrAi2p4yc&quot;, &quot;QOh2gzc5O&quot;, &quot;QOh2gzc5P&quot;, &quot;QOh2gzc5M&quot;, &quot;QOh2gzc5N&quot;, &quot;QOh2gzc5S&quot;, &quot;QOh2gzc5Q&quot;, &quot;QOh2gzc5R&quot;, &quot;rK1CnMLgN&quot;, &quot;KrAi2p4x9&quot;, &quot;jPLZVU0Xb&quot;, &quot;rK1CnMLgP&quot;, &quot;dnn9Of4L6&quot;, &quot;rK1CnMLgR&quot;, &quot;rK1CnMLgT&quot;, &quot;HqaDuuEDA&quot;, &quot;rK1CnMLgS&quot;, &quot;HqaDuuEDB&quot;, &quot;jPLZVU0Xh&quot;, &quot;HqaDuuEDC&quot;, &quot;KrAi2p4x2&quot;, &quot;jPLZVU0Xg&quot;, &quot;jPLZVU0Xj&quot;, &quot;KrAi2p4x4&quot;, &quot;jPLZVU0Xd&quot;, &quot;KrAi2p4x5&quot;, &quot;rK1CnMLgI&quot;, &quot;KrAi2p4x6&quot;, &quot;jPLZVU0Xf&quot;, &quot;KrAi2p4x7&quot;, &quot;jPLZVU0Xl&quot;, &quot;jPLZVU0Xk&quot;, &quot;jPLZVU0Xm&quot;, &quot;QOh2gzc5G&quot;, &quot;rK1CnMLgV&quot;, &quot;rK1CnMLgX&quot;, &quot;rK1CnMLgW&quot;, &quot;QOh2gzc5K&quot;, &quot;rK1CnMLgY&quot;, &quot;QOh2gzc5I&quot;, &quot;si6hKRy4s&quot;, &quot;vkvXiMYY9&quot;, &quot;BqblQoICR&quot;, &quot;vkvXiMYY7&quot;, &quot;vkvXiMYY3&quot;, &quot;BqblQoICW&quot;, &quot;si6hKRy4x&quot;, &quot;BqblQoICX&quot;, &quot;Gj1iKk21Z&quot;, &quot;BqblQoICZ&quot;, &quot;dnn9Of4Mk&quot;, &quot;wKxGbeTi9&quot;, &quot;dnn9Of4Ml&quot;, &quot;dnn9Of4Mi&quot;, &quot;FUsNIwWF6&quot;, &quot;wKxGbeTi7&quot;, &quot;dnn9Of4Mj&quot;, &quot;dnn9Of4Mg&quot;, &quot;dnn9Of4Me&quot;, &quot;kfkuXI7ja&quot;, &quot;wKxGbeTi3&quot;, &quot;si6hKRy4z&quot;, &quot;dnn9Of4Mo&quot;, &quot;dnn9Of4Mm&quot;, &quot;BqblQoIC1&quot;, &quot;xwOCM6cb1&quot;, &quot;kfkuXI7iT&quot;, &quot;BqblQoIC3&quot;, &quot;BqblQoIC4&quot;, &quot;BqblQoIC5&quot;, &quot;BqblQoIC6&quot;, &quot;jHfPAEjvp&quot;, &quot;jHfPAEjvq&quot;, &quot;mdqTdfPqE&quot;, &quot;jHfPAEjvn&quot;, &quot;dnn9Of4Md&quot;, &quot;G6ifmclUW&quot;, &quot;xwOCM6cb9&quot;, &quot;jHfPAEjvo&quot;, &quot;G6ifmclUZ&quot;, &quot;jHfPAEjvl&quot;, &quot;xwOCM6cb7&quot;, &quot;G6ifmclUY&quot;, &quot;jHfPAEjvj&quot;, &quot;mdqTdfPqJ&quot;, &quot;xwOCM6cb5&quot;, &quot;jHfPAEjvk&quot;, &quot;jHfPAEjvh&quot;, &quot;G6ifmclUU&quot;, &quot;mdqTdfPqL&quot;, &quot;jHfPAEjvf&quot;, &quot;iUYSYM0Cj&quot;, &quot;mdqTdfPqN&quot;, &quot;mdqTdfPqO&quot;, &quot;iUYSYM0Cl&quot;, &quot;mdqTdfPqP&quot;, &quot;mdqTdfPqR&quot;, &quot;mdqTdfPqS&quot;, &quot;iUYSYM0Ch&quot;, &quot;mdqTdfPqT&quot;, &quot;mdqTdfPqU&quot;, &quot;iUYSYM0Cb&quot;, &quot;kfkuXI7iZ&quot;, &quot;FUsNIwWGd&quot;, &quot;tdToHZzpA&quot;, &quot;FUsNIwWGe&quot;, &quot;tdToHZzpB&quot;, &quot;FUsNIwWGf&quot;, &quot;yxhQDJ0ad&quot;, &quot;RRBjyXUSD&quot;, &quot;N6KKQV5TM&quot;, &quot;lQIrDcCTz&quot;, &quot;FUsNIwWGa&quot;, &quot;RRBjyXUSC&quot;, &quot;N6KKQV5TL&quot;, &quot;FUsNIwWGb&quot;, &quot;N6KKQV5TO&quot;, &quot;RRBjyXUSA&quot;, &quot;N6KKQV5TN&quot;, &quot;yxhQDJ0am&quot;, &quot;iUYSYM0Cq&quot;, &quot;yxhQDJ0an&quot;, &quot;iUYSYM0Cr&quot;, &quot;iUYSYM0Cs&quot;, &quot;yxhQDJ0al&quot;, &quot;iUYSYM0Cm&quot;, &quot;yxhQDJ0aj&quot;, &quot;iUYSYM0Cn&quot;, &quot;lQIrDcCTu&quot;, &quot;yxhQDJ0ah&quot;, &quot;iUYSYM0Cp&quot;, &quot;Gj1iKk211&quot;, &quot;si6hKRy4C&quot;, &quot;si6hKRy4B&quot;, &quot;yxhQDJ0as&quot;, &quot;si6hKRy4D&quot;, &quot;si6hKRy4G&quot;, &quot;yxhQDJ0aq&quot;, &quot;si6hKRy4F&quot;, &quot;yxhQDJ0ar&quot;, &quot;si6hKRy4I&quot;, &quot;yxhQDJ0ap&quot;, &quot;si6hKRy4H&quot;, &quot;Gj1iKk218&quot;, &quot;Gj1iKk217&quot;, &quot;Gj1iKk216&quot;, &quot;Gj1iKk215&quot;, &quot;Gj1iKk213&quot;, &quot;tdToHZzpC&quot;, &quot;Gj1iKk212&quot;, &quot;zgIJNQpeC&quot;, &quot;OS1HsNoMC&quot;, &quot;OS1HsNoMA&quot;, &quot;zgIJNQpeD&quot;, &quot;OS1HsNoMK&quot;, &quot;tdToHZzpr&quot;, &quot;lQIrDcCTF&quot;, &quot;OS1HsNoMJ&quot;, &quot;N6KKQV5TC&quot;, &quot;OS1HsNoMI&quot;, &quot;lQIrDcCTI&quot;, &quot;lQIrDcCTH&quot;, &quot;OS1HsNoMG&quot;, &quot;lQIrDcCTK&quot;, &quot;tdToHZzpn&quot;, &quot;lQIrDcCTJ&quot;, &quot;OS1HsNoME&quot;, &quot;Gj1iKk21Y&quot;, &quot;N6KKQV5TI&quot;, &quot;RRBjyXUSH&quot;, &quot;N6KKQV5TH&quot;, &quot;RRBjyXUSG&quot;, &quot;Gj1iKk21W&quot;, &quot;N6KKQV5TK&quot;, &quot;RRBjyXUSF&quot;, &quot;RRBjyXUSE&quot;, &quot;N6KKQV5TE&quot;, &quot;lQIrDcCTB&quot;, &quot;N6KKQV5TG&quot;, &quot;lQIrDcCTE&quot;, &quot;OS1HsNoMM&quot;, &quot;lQIrDcCTD&quot;, &quot;OS1HsNoML&quot;, &quot;RRBjyXUSI&quot;, &quot;i6k6LOBS1&quot;, &quot;i6k6LOBS0&quot;, &quot;i6k6LOBS2&quot;, &quot;RRBjyXUSw&quot;, &quot;tdToHZzpz&quot;, &quot;tdToHZzpw&quot;, &quot;tdToHZzpx&quot;, &quot;tdToHZzpv&quot;, &quot;eNpSGHY56&quot;, &quot;RRBjyXUSy&quot;, &quot;tdToHZzpt&quot;, &quot;D12wmv2bJ&quot;, &quot;D12wmv2bI&quot;, &quot;D12wmv2bE&quot;, &quot;D12wmv2bP&quot;, &quot;HeOpHs3mQ&quot;, &quot;D12wmv2bR&quot;, &quot;wKxGbeTji&quot;, &quot;i6k6LOBSR&quot;, &quot;D12wmv2bQ&quot;, &quot;wKxGbeTjh&quot;, &quot;D12wmv2bL&quot;, &quot;wKxGbeTjg&quot;, &quot;i6k6LOBSL&quot;, &quot;wKxGbeTjf&quot;, &quot;D12wmv2bN&quot;, &quot;D12wmv2bM&quot;, &quot;wKxGbeTjd&quot;, &quot;wKxGbeTjc&quot;, &quot;wKxGbeTjb&quot;, &quot;i6k6LOBSX&quot;, &quot;i6k6LOBSZ&quot;, &quot;i6k6LOBST&quot;, &quot;D12wmv2bS&quot;, &quot;i6k6LOBSW&quot;, &quot;i6k6LOBSV&quot;, &quot;RLVcFr7fm&quot;, &quot;RLVcFr7fl&quot;, &quot;CHGUnzVuV&quot;, &quot;RLVcFr7fk&quot;, &quot;RLVcFr7fq&quot;, &quot;hr66EActx&quot;, &quot;RLVcFr7fp&quot;, &quot;RLVcFr7fo&quot;, &quot;RLVcFr7fn&quot;, &quot;RLVcFr7fe&quot;, &quot;HeOpHs3mW&quot;, &quot;HeOpHs3mX&quot;, &quot;HeOpHs3mZ&quot;, &quot;HeOpHs3mS&quot;, &quot;RLVcFr7fi&quot;, &quot;FUsNIwWGh&quot;, &quot;FUsNIwWGi&quot;, &quot;RLVcFr7fg&quot;, &quot;HeOpHs3mU&quot;, &quot;FUsNIwWGj&quot;, &quot;HeOpHs3mV&quot;, &quot;FUsNIwWGk&quot;, &quot;qqF0oQEz9&quot;, &quot;pYhrVhEpD&quot;, &quot;HeOpHs3m0&quot;, &quot;HeOpHs3m1&quot;, &quot;pYhrVhEpF&quot;, &quot;HeOpHs3m2&quot;, &quot;pYhrVhEpM&quot;, &quot;pYhrVhEpL&quot;, &quot;u3tCCfz5n&quot;, &quot;u3tCCfz5k&quot;, &quot;pYhrVhEpO&quot;, &quot;u3tCCfz5l&quot;, &quot;pYhrVhEpN&quot;, &quot;qqF0oQEz5&quot;, &quot;pYhrVhEpI&quot;, &quot;u3tCCfz5q&quot;, &quot;pYhrVhEpH&quot;, &quot;qqF0oQEz7&quot;, &quot;u3tCCfz5o&quot;, &quot;pYhrVhEpJ&quot;, &quot;u3tCCfz5p&quot;, &quot;CHGUnzVu8&quot;, &quot;xwOCM6ccb&quot;, &quot;CHGUnzVu9&quot;, &quot;xwOCM6cca&quot;, &quot;CHGUnzVu7&quot;, &quot;qqF0oQEz0&quot;, &quot;eNpSGHY6d&quot;, &quot;CHGUnzVu0&quot;, &quot;eNpSGHY6e&quot;, &quot;CHGUnzVu1&quot;, &quot;CHGUnzVu4&quot;, &quot;xwOCM6ccg&quot;, &quot;eNpSGHY6i&quot;, &quot;CHGUnzVu5&quot;, &quot;xwOCM6ccf&quot;, &quot;xwOCM6cce&quot;, &quot;eNpSGHY6g&quot;, &quot;CHGUnzVu3&quot;, &quot;xwOCM6ccd&quot;, &quot;eNpSGHY6m&quot;, &quot;eNpSGHY6j&quot;, &quot;eNpSGHY6k&quot;, &quot;eNpSGHY6n&quot;, &quot;eNpSGHY6o&quot;, &quot;u3tCCfz5f&quot;, &quot;u3tCCfz5j&quot;, &quot;u3tCCfz5h&quot;, &quot;jHfPAEju9&quot;, &quot;u3tCCfz5b&quot;, &quot;upIQlEYEd&quot;, &quot;Qz5K1MH0u&quot;, &quot;HHcYa13xu&quot;, &quot;Qz5K1MH0s&quot;, &quot;upIQlEYEf&quot;, &quot;HHcYa13xs&quot;, &quot;HHcYa13xt&quot;, &quot;Qz5K1MH0y&quot;, &quot;B6MbyKdSx&quot;, &quot;Qz5K1MH0z&quot;, &quot;Qz5K1MH0w&quot;, &quot;CkYsNwIX0&quot;, &quot;HHcYa13xm&quot;, &quot;HHcYa13xn&quot;, &quot;HHcYa13xk&quot;, &quot;HHcYa13xr&quot;, &quot;ihd6Icpa9&quot;, &quot;HHcYa13xo&quot;, &quot;HHcYa13xp&quot;, &quot;zI7ihppoZ&quot;, &quot;pYhrVhEpy&quot;, &quot;FpebNc2G0&quot;, &quot;SGIjCz7z8&quot;, &quot;FpebNc2G4&quot;, &quot;iygroJN5f&quot;, &quot;iygroJN5h&quot;, &quot;CkYsNwIXL&quot;, &quot;iygroJN5g&quot;, &quot;FpebNc2G8&quot;, &quot;FpebNc2G7&quot;, &quot;iygroJN5i&quot;, &quot;CkYsNwIXQ&quot;, &quot;FpebNc2G5&quot;, &quot;dJ6Bojhjg&quot;, &quot;zI7ihppo4&quot;, &quot;B6MbyKdSM&quot;, &quot;zI7ihppo5&quot;, &quot;CkYsNwIXR&quot;, &quot;B6MbyKdSL&quot;, &quot;CkYsNwIXU&quot;, &quot;B6MbyKdSK&quot;, &quot;zI7ihppo7&quot;, &quot;CkYsNwIXT&quot;, &quot;FpebNc2G9&quot;, &quot;B6MbyKdSJ&quot;, &quot;iygroJN5b&quot;, &quot;CkYsNwIXV&quot;, &quot;iygroJN5d&quot;, &quot;CkYsNwIXY&quot;, &quot;dJ6Bojhjn&quot;, &quot;iygroJN5c&quot;, &quot;CkYsNwIXX&quot;, &quot;Qz5K1MH0E&quot;, &quot;Qz5K1MH0C&quot;, &quot;Qz5K1MH0D&quot;, &quot;HHcYa13xi&quot;, &quot;zI7ihppo8&quot;, &quot;zI7ihppo9&quot;, &quot;lTyu4XwH8&quot;, &quot;ceoLClzlY&quot;, &quot;Qz5K1MH0A&quot;, &quot;Qz5K1MH0B&quot;, &quot;nmqhpakQT&quot;, &quot;DzDXSW11g&quot;, &quot;B6MbyKdSD&quot;, &quot;nmqhpakQR&quot;, &quot;B6MbyKdSC&quot;, &quot;DzDXSW11h&quot;, &quot;DzDXSW11j&quot;, &quot;DzDXSW11k&quot;, &quot;B6MbyKdSH&quot;, &quot;B6MbyKdSG&quot;, &quot;DzDXSW11l&quot;, &quot;nmqhpakQM&quot;, &quot;B6MbyKdSF&quot;, &quot;nmqhpakQZ&quot;, &quot;Jq65bMgz0&quot;, &quot;nmqhpakQX&quot;, &quot;DzDXSW11c&quot;, &quot;nmqhpakQW&quot;, &quot;nmqhpakQV&quot;, &quot;bDt2NvRJI&quot;, &quot;bDt2NvRJH&quot;, &quot;bDt2NvRJK&quot;, &quot;bDt2NvRJM&quot;, &quot;bDt2NvRJO&quot;, &quot;bDt2NvRJN&quot;, &quot;bDt2NvRJA&quot;, &quot;ceoLClzl6&quot;, &quot;DzDXSW11n&quot;, &quot;DzDXSW11o&quot;, &quot;ceoLClzl8&quot;, &quot;DzDXSW11p&quot;, &quot;DzDXSW11q&quot;, &quot;ceoLClzl5&quot;, &quot;nmqhpakQ2&quot;, &quot;nmqhpakQ1&quot;, &quot;nmqhpakQ0&quot;, &quot;upIQlEYEl&quot;, &quot;bDt2NvRJQ&quot;, &quot;bDt2NvRJP&quot;, &quot;upIQlEYEm&quot;, &quot;upIQlEYEn&quot;, &quot;bDt2NvRJS&quot;, &quot;upIQlEYEo&quot;, &quot;upIQlEYEh&quot;, &quot;upIQlEYEi&quot;, &quot;upIQlEYEj&quot;, &quot;iPiL5hcZa&quot;, &quot;lTyu4XwId&quot;, &quot;lTyu4XwIf&quot;, &quot;lTyu4XwIi&quot;, &quot;lTyu4XwIh&quot;, &quot;fokBvxGIK&quot;, &quot;lTyu4XwIj&quot;, &quot;iygroJN47&quot;, &quot;fokBvxGII&quot;, &quot;lTyu4XwIm&quot;, &quot;fokBvxGIH&quot;, &quot;lTyu4XwIl&quot;, &quot;iygroJN49&quot;, &quot;fokBvxGIG&quot;, &quot;lTyu4XwIo&quot;, &quot;lTyu4XwIn&quot;, &quot;fokBvxGIE&quot;, &quot;iygroJN41&quot;, &quot;fokBvxGIM&quot;, &quot;fokBvxGIL&quot;, &quot;kNpakNU6T&quot;, &quot;kNpakNU6U&quot;, &quot;kNpakNU6R&quot;, &quot;kNpakNU6S&quot;, &quot;kNpakNU6P&quot;, &quot;iPiL5hcYT&quot;, &quot;fokBvxGIC&quot;, &quot;kNpakNU6N&quot;, &quot;fokBvxGIB&quot;, &quot;kNpakNU6O&quot;, &quot;kNpakNU6L&quot;, &quot;kNpakNU6J&quot;, &quot;iPiL5hcYZ&quot;, &quot;LdRfEhnq0&quot;, &quot;kNpakNU6D&quot;, &quot;N9AOiGZIo&quot;, &quot;N9AOiGZIq&quot;, &quot;GDTGSDlKs&quot;, &quot;N9AOiGZIp&quot;, &quot;N9AOiGZIs&quot;, &quot;JTvDFlgKg&quot;, &quot;GDTGSDlKu&quot;, &quot;N9AOiGZIr&quot;, &quot;GDTGSDlKv&quot;, &quot;JTvDFlgKi&quot;, &quot;N9AOiGZIg&quot;, &quot;GDTGSDlKx&quot;, &quot;e7igO0hOC&quot;, &quot;JTvDFlgKk&quot;, &quot;GDTGSDlKy&quot;, &quot;N9AOiGZIi&quot;, &quot;JTvDFlgKl&quot;, &quot;GDTGSDlKz&quot;, &quot;JTvDFlgKm&quot;, &quot;N9AOiGZIk&quot;, &quot;JTvDFlgKn&quot;, &quot;upIQlEYD9&quot;, &quot;N9AOiGZIm&quot;, &quot;JTvDFlgKp&quot;, &quot;N9AOiGZIl&quot;, &quot;JTvDFlgKq&quot;, &quot;e7igO0hOJ&quot;, &quot;dJ6Bojhjo&quot;, &quot;LdRfEhnq3&quot;, &quot;JTvDFlgKr&quot;, &quot;e7igO0hOK&quot;, &quot;LdRfEhnq2&quot;, &quot;JTvDFlgKs&quot;, &quot;dJ6Bojhjq&quot;, &quot;LdRfEhnq5&quot;, &quot;LdRfEhnq4&quot;, &quot;dJ6Bojhjs&quot;, &quot;LdRfEhnq7&quot;, &quot;e7igO0hOO&quot;, &quot;dJ6Bojhjt&quot;, &quot;dJ6Bojhju&quot;, &quot;LdRfEhnq9&quot;, &quot;e7igO0hOM&quot;, &quot;dJ6Bojhjv&quot;, &quot;LdRfEhnq8&quot;, &quot;dJ6Bojhjw&quot;, &quot;e7igO0hOS&quot;, &quot;e7igO0hOP&quot;, &quot;dJ6Bojhjy&quot;, &quot;e7igO0hOQ&quot;, &quot;e7igO0hOT&quot;, &quot;e7igO0hOU&quot;, &quot;GDTGSDlKB&quot;, &quot;vkvXiMYZh&quot;, &quot;GDTGSDlKC&quot;, &quot;vkvXiMYZi&quot;, &quot;vkvXiMYZf&quot;, &quot;GDTGSDlKD&quot;, &quot;vkvXiMYZg&quot;, &quot;GDTGSDlKE&quot;, &quot;LdRfEhnqY&quot;, &quot;vkvXiMYZd&quot;, &quot;vkvXiMYZb&quot;, &quot;zI7ihpppe&quot;, &quot;vkvXiMYZc&quot;, &quot;zI7ihpppb&quot;, &quot;zI7ihpppc&quot;, &quot;zI7ihpppd&quot;, &quot;xkH3mf8g&quot;, &quot;rls7lYEU5&quot;, &quot;xkH3mf8e&quot;, &quot;rls7lYEU3&quot;, &quot;rls7lYEU4&quot;, &quot;rls7lYEU9&quot;, &quot;xkH3mf8d&quot;, &quot;opJyHy2DS&quot;, &quot;rls7lYEU7&quot;, &quot;rls7lYEU8&quot;, &quot;oUYaCSWCI&quot;, &quot;xkH3mf8m&quot;, &quot;xkH3mf8n&quot;, &quot;rls7lYEU1&quot;, &quot;xkH3mf8k&quot;, &quot;xkH3mf8l&quot;, &quot;xkH3mf8i&quot;, &quot;xkH3mf8j&quot;, &quot;LdRfEhnra&quot;, &quot;rls7lYEUU&quot;, &quot;Ch8plLO87&quot;, &quot;rls7lYEUZ&quot;, &quot;gZIya1cjd&quot;, &quot;gZIya1cje&quot;, &quot;gZIya1cjb&quot;, &quot;gZIya1cjh&quot;, &quot;gZIya1cji&quot;, &quot;dPMIhO4Wy&quot;, &quot;gZIya1cjg&quot;, &quot;opJyHy2DH&quot;, &quot;gZIya1cjl&quot;, &quot;oUYaCSWCP&quot;, &quot;gZIya1cjm&quot;, &quot;opJyHy2DJ&quot;, &quot;oUYaCSWCN&quot;, &quot;gZIya1cjk&quot;, &quot;opJyHy2DC&quot;, &quot;opJyHy2DP&quot;, &quot;oUYaCSWCY&quot;, &quot;oUYaCSWCX&quot;, &quot;oUYaCSWCW&quot;, &quot;opJyHy2DR&quot;, &quot;oUYaCSWCV&quot;, &quot;opJyHy2DQ&quot;, &quot;mFPrGOPA6&quot;, &quot;opJyHy2DL&quot;, &quot;oUYaCSWCT&quot;, &quot;oUYaCSWCS&quot;, &quot;opJyHy2DN&quot;, &quot;oUYaCSWCR&quot;, &quot;opJyHy2DM&quot;, &quot;iPiL5hcY4&quot;, &quot;iPiL5hcY3&quot;, &quot;iPiL5hcY5&quot;, &quot;iPiL5hcY8&quot;, &quot;iPiL5hcY7&quot;, &quot;iPiL5hcY9&quot;, &quot;gZIya1ci5&quot;, &quot;mFPrGOPBm&quot;, &quot;mFPrGOPBk&quot;, &quot;mFPrGOPBl&quot;, &quot;mFPrGOPBj&quot;, &quot;mFPrGOPBg&quot;, &quot;mFPrGOPBh&quot;, &quot;mFPrGOPBf&quot;, &quot;dPMIhO4WK&quot;, &quot;Kz6tnGLZ2&quot;, &quot;mFPrGOPBd&quot;, &quot;Kz6tnGLZ3&quot;, &quot;Kz6tnGLZ0&quot;, &quot;dPMIhO4WM&quot;, &quot;mFPrGOPBb&quot;, &quot;Kz6tnGLZ1&quot;, &quot;dPMIhO4WL&quot;, &quot;dPMIhO4WO&quot;, &quot;dPMIhO4WN&quot;, &quot;dPMIhO4WQ&quot;, &quot;iPiL5hcY1&quot;, &quot;dPMIhO4WG&quot;, &quot;dPMIhO4WF&quot;, &quot;dPMIhO4WI&quot;, &quot;MswKJHGux&quot;, &quot;jeRg65jkP&quot;, &quot;MswKJHGuy&quot;, &quot;jeRg65jkS&quot;, &quot;MswKJHGuv&quot;, &quot;jeRg65jkR&quot;, &quot;jeRg65jkT&quot;, &quot;jeRg65jkW&quot;, &quot;MswKJHGuz&quot;, &quot;jeRg65jkV&quot;, &quot;NbXDTN5yT&quot;, &quot;jeRg65jkY&quot;, &quot;jeRg65jkX&quot;, &quot;NbXDTN5yU&quot;, &quot;NbXDTN5yR&quot;, &quot;Kz6tnGLZ8&quot;, &quot;NbXDTN5yS&quot;, &quot;Kz6tnGLZ6&quot;, &quot;NbXDTN5yQ&quot;, &quot;Kz6tnGLZ7&quot;, &quot;NbXDTN5yN&quot;, &quot;NbXDTN5yO&quot;, &quot;Kz6tnGLZ5&quot;, &quot;gWSuJgiuI&quot;, &quot;NbXDTN5yM&quot;, &quot;gWSuJgiuG&quot;, &quot;NbXDTN5yK&quot;, &quot;gWSuJgiuH&quot;, &quot;gWSuJgiuE&quot;, &quot;NbXDTN5yI&quot;, &quot;gWSuJgiuC&quot;, &quot;gWSuJgiuD&quot;, &quot;gWSuJgiuA&quot;, &quot;MswKJHGuq&quot;, &quot;MswKJHGuo&quot;, &quot;MswKJHGut&quot;, &quot;MswKJHGuu&quot;, &quot;MswKJHGus&quot;, &quot;gWSuJgiuz&quot;, &quot;Jq65bMgzZ&quot;, &quot;Jq65bMgzY&quot;, &quot;gWSuJgiux&quot;, &quot;Jq65bMgzX&quot;, &quot;Jq65bMgzV&quot;, &quot;Jq65bMgzU&quot;, &quot;Jq65bMgzT&quot;, &quot;gWSuJgiur&quot;, &quot;Kz6tnGLZY&quot;, &quot;Kz6tnGLZW&quot;, &quot;Sg9OAL1ek&quot;, &quot;NPIqaoGZW&quot;, &quot;Sg9OAL1eo&quot;, &quot;NPIqaoGZS&quot;, &quot;NPIqaoGZT&quot;, &quot;Sg9OAL1em&quot;, &quot;NPIqaoGZU&quot;, &quot;NPIqaoGZV&quot;, &quot;Jq65bMgzS&quot;, &quot;NPIqaoGZO&quot;, &quot;Sg9OAL1es&quot;, &quot;NPIqaoGZP&quot;, &quot;Sg9OAL1et&quot;, &quot;Jq65bMgzQ&quot;, &quot;Sg9OAL1eq&quot;, &quot;NPIqaoGZQ&quot;, &quot;Sg9OAL1er&quot;, &quot;Jq65bMgzO&quot;, &quot;NPIqaoGZK&quot;, &quot;Sg9OAL1ew&quot;, &quot;NPIqaoGZM&quot;, &quot;Sg9OAL1eu&quot;, &quot;Sg9OAL1ev&quot;, &quot;MswKJHGuA&quot;, &quot;uXNvIJMr8&quot;, &quot;uXNvIJMr7&quot;, &quot;uXNvIJMr6&quot;, &quot;uXNvIJMr5&quot;, &quot;uXNvIJMr3&quot;, &quot;uXNvIJMr2&quot;, &quot;uXNvIJMr1&quot;, &quot;uXNvIJMrX&quot;, &quot;xkH3mf75&quot;, &quot;uXNvIJMrT&quot;, &quot;jeRg65jkH&quot;, &quot;uXNvIJMrZ&quot;, &quot;jeRg65jkN&quot;, &quot;HhEs9dXby&quot;, &quot;HhEs9dXbz&quot;, &quot;HhEs9dXbw&quot;, &quot;HhEs9dXbu&quot;, &quot;knQFiZOKV&quot;, &quot;knQFiZOKX&quot;, &quot;knQFiZOKZ&quot;, &quot;knQFiZOKP&quot;, &quot;OcqRKrTw5&quot;, &quot;OcqRKrTw6&quot;, &quot;OcqRKrTw3&quot;, &quot;OcqRKrTw4&quot;, &quot;OcqRKrTw2&quot;, &quot;OcqRKrTw0&quot;, &quot;pEo3MZlG7&quot;, &quot;pEo3MZlG2&quot;, &quot;pEo3MZlG9&quot;, &quot;OcqRKrTwU&quot;, &quot;mutdTNekB&quot;, &quot;mutdTNekD&quot;, &quot;mutdTNekF&quot;, &quot;mutdTNekG&quot;, &quot;HhEs9dXbA&quot;, &quot;HhEs9dXbB&quot;, &quot;OcqRKrTwY&quot;, &quot;OcqRKrTwZ&quot;, &quot;OcqRKrTwW&quot;, &quot;pqcMycQB1&quot;, &quot;pqcMycQB4&quot;, &quot;pqcMycQB2&quot;, &quot;pqcMycQB3&quot;, &quot;mutdTNekH&quot;, &quot;mutdTNekJ&quot;, &quot;mutdTNekK&quot;, &quot;mutdTNekL&quot;, &quot;mutdTNekM&quot;, &quot;slWlcCsTh&quot;, &quot;e4sdnfn0f&quot;, &quot;slWlcCsTg&quot;, &quot;e4sdnfn0g&quot;, &quot;slWlcCsTj&quot;, &quot;e4sdnfn0b&quot;, &quot;slWlcCsTl&quot;, &quot;e4sdnfn0c&quot;, &quot;slWlcCsTk&quot;, &quot;e4sdnfn0e&quot;, &quot;slWlcCsTm&quot;, &quot;pqcMycQBX&quot;, &quot;pqcMycQBY&quot;, &quot;slWlcCsTb&quot;, &quot;pqcMycQBV&quot;, &quot;e4sdnfn0a&quot;, &quot;slWlcCsTd&quot;, &quot;slWlcCsTf&quot;, &quot;pqcMycQBZ&quot;, &quot;HhEs9dXbG&quot;, &quot;pqcMycQBO&quot;, &quot;pqcMycQBT&quot;, &quot;HhEs9dXbE&quot;, &quot;HhEs9dXbF&quot;, &quot;HkuwAYQZ8&quot;, &quot;mutdTNekw&quot;, &quot;HhEs9dXbD&quot;, &quot;nGiFxsDzt&quot;, &quot;nGiFxsDzs&quot;, &quot;nGiFxsDzv&quot;, &quot;nGiFxsDzp&quot;, &quot;nGiFxsDzr&quot;, &quot;o0EhwoKf9&quot;, &quot;nGiFxsDzn&quot;, &quot;o0EhwoKf7&quot;, &quot;nGiFxsDzi&quot;, &quot;oDVPWlxIZ&quot;, &quot;ecu9RShtW&quot;, &quot;oDVPWlxIV&quot;, &quot;ecu9RShtX&quot;, &quot;ecu9RShtY&quot;, &quot;oDVPWlxIX&quot;, &quot;ecu9RShtS&quot;, &quot;ecu9RShtU&quot;, &quot;ecu9RShtV&quot;, &quot;nGiFxsDzx&quot;, &quot;ecu9RShtP&quot;, &quot;nGiFxsDzw&quot;, &quot;ecu9RShtQ&quot;, &quot;nGiFxsDzy&quot;, &quot;EoKXWzeIS&quot;, &quot;EoKXWzeIT&quot;, &quot;EoKXWzeIO&quot;, &quot;ecu9RShtI&quot;, &quot;FDqs1ZxMe&quot;, &quot;EoKXWzeIZ&quot;, &quot;q7gP7b9PW&quot;, &quot;q7gP7b9PV&quot;, &quot;FDqs1ZxMi&quot;, &quot;q7gP7b9PU&quot;, &quot;FDqs1ZxMj&quot;, &quot;EoKXWzeIW&quot;, &quot;q7gP7b9PT&quot;, &quot;EoKXWzeIV&quot;, &quot;FDqs1ZxMl&quot;, &quot;q7gP7b9PR&quot;, &quot;q7gP7b9PQ&quot;, &quot;FDqs1ZxMm&quot;, &quot;EoKXWzeIX&quot;, &quot;FDqs1ZxMn&quot;, &quot;slWlcCsS6&quot;, &quot;o0EhwoKf0&quot;, &quot;FDqs1ZxMp&quot;, &quot;FDqs1ZxMq&quot;, &quot;FDqs1ZxMr&quot;, &quot;o0EhwoKf5&quot;, &quot;FDqs1ZxMs&quot;, &quot;ecu9RSht0&quot;, &quot;o0EhwoKgb&quot;, &quot;o0EhwoKga&quot;, &quot;o0EhwoKgg&quot;, &quot;o0EhwoKgf&quot;, &quot;o0EhwoKge&quot;, &quot;o0EhwoKgd&quot;, &quot;oDVPWlxI1&quot;, &quot;oDVPWlxI3&quot;, &quot;oDVPWlxI4&quot;, &quot;oDVPWlxI0&quot;, &quot;q7gP7b9PP&quot;, &quot;Ch8plLO9k&quot;, &quot;Ch8plLO9l&quot;, &quot;q7gP7b9PN&quot;, &quot;Ch8plLO9m&quot;, &quot;q7gP7b9PL&quot;, &quot;Ch8plLO9g&quot;, &quot;Ch8plLO9h&quot;, &quot;Ch8plLO9j&quot;, &quot;q7gP7b9PG&quot;, &quot;oDVPWlxIQ&quot;, &quot;Ch8plLO9c&quot;, &quot;knQFiZOK6&quot;, &quot;Ch8plLO9d&quot;, &quot;knQFiZOK5&quot;, &quot;Ch8plLO9f&quot;, &quot;knQFiZOK0&quot;, &quot;oDVPWlxI5&quot;, &quot;knQFiZOK1&quot;, &quot;oDVPWlxI6&quot;, &quot;knQFiZOK4&quot;, &quot;knQFiZOK3&quot;, &quot;rls7lYEVa&quot;, &quot;goNPmbuGT&quot;, &quot;w1z0RMic7&quot;, &quot;goNPmbuGS&quot;, &quot;w1z0RMic8&quot;, &quot;w1z0RMic5&quot;, &quot;goNPmbuGQ&quot;, &quot;goNPmbuGX&quot;, &quot;goNPmbuGW&quot;, &quot;w1z0RMic9&quot;, &quot;goNPmbuGU&quot;, &quot;goNPmbuGY&quot;, &quot;uj2Jr9a01&quot;, &quot;uj2Jr9a00&quot;, &quot;uj2Jr9a06&quot;, &quot;uj2Jr9a05&quot;, &quot;uj2Jr9a04&quot;, &quot;uj2Jr9a03&quot;, &quot;FGgwtKrA1&quot;, &quot;FGgwtKrA0&quot;, &quot;w1z0RMic3&quot;, &quot;FGgwtKrA5&quot;, &quot;w1z0RMic4&quot;, &quot;FGgwtKrA6&quot;, &quot;w1z0RMic1&quot;, &quot;FGgwtKrA3&quot;, &quot;FGgwtKrA4&quot;, &quot;vqb4ciMCA&quot;, &quot;qQevqEKVZ&quot;, &quot;qQevqEKVX&quot;, &quot;uGLa2cnyb&quot;, &quot;qQevqEKVY&quot;, &quot;uGLa2cnya&quot;, &quot;qQevqEKVV&quot;, &quot;qQevqEKVT&quot;, &quot;Q5kmW6BZy&quot;, &quot;qQevqEKVO&quot;, &quot;EoKXWzeI2&quot;, &quot;Q5kmW6BZC&quot;, &quot;EoKXWzeI1&quot;, &quot;Q5kmW6BZA&quot;, &quot;EoKXWzeI0&quot;, &quot;i9badzvHG&quot;, &quot;uGLa2cnyd&quot;, &quot;Q5kmW6BZH&quot;, &quot;Q5kmW6BZG&quot;, &quot;w1z0RMida&quot;, &quot;Q5kmW6BZF&quot;, &quot;uGLa2cnyf&quot;, &quot;Q5kmW6BZE&quot;, &quot;uGLa2cnye&quot;, &quot;uGLa2cnyg&quot;, &quot;Q5kmW6BZK&quot;, &quot;Q5kmW6BZJ&quot;, &quot;Q5kmW6BZI&quot;, &quot;TElt1s1JH&quot;, &quot;TElt1s1JI&quot;, &quot;TElt1s1JK&quot;, &quot;i9badzvHF&quot;, &quot;TElt1s1JM&quot;, &quot;i9badzvHE&quot;, &quot;TElt1s1JN&quot;, &quot;i9badzvHD&quot;, &quot;qQevqEKV4&quot;, &quot;TElt1s1JO&quot;, &quot;i9badzvHB&quot;, &quot;TElt1s1JP&quot;, &quot;qQevqEKV2&quot;, &quot;i9badzvHA&quot;, &quot;TElt1s1JQ&quot;, &quot;qQevqEKV3&quot;, &quot;TElt1s1JR&quot;, &quot;qQevqEKV1&quot;, &quot;TElt1s1JS&quot;, &quot;w1z0RMicV&quot;, &quot;fokBvxGIv&quot;, &quot;w1z0RMicZ&quot;, &quot;i9badzvHv&quot;, &quot;uj2Jr9a0R&quot;, &quot;i9badzvHp&quot;, &quot;uj2Jr9a0V&quot;, &quot;uj2Jr9a0Z&quot;, &quot;uj2Jr9a0X&quot;, &quot;tABQh2LWD&quot;, &quot;ApH7ZKUEU&quot;, &quot;tABQh2LWB&quot;, &quot;ApH7ZKUES&quot;, &quot;ApH7ZKUET&quot;, &quot;tABQh2LWH&quot;, &quot;tABQh2LWG&quot;, &quot;ApH7ZKUER&quot;, &quot;tABQh2LWF&quot;, &quot;ApH7ZKUEO&quot;, &quot;ApH7ZKUEP&quot;, &quot;tABQh2LWL&quot;, &quot;tABQh2LWK&quot;, &quot;tABQh2LWJ&quot;, &quot;tABQh2LWM&quot;, &quot;ApH7ZKUEF&quot;, &quot;ApH7ZKUEN&quot;, &quot;ApH7ZKUEK&quot;, &quot;ApH7ZKUEL&quot;, &quot;pEo3MZlHf&quot;, &quot;FGgwtKrAZ&quot;, &quot;pEo3MZlHg&quot;, &quot;FGgwtKrAW&quot;, &quot;pEo3MZlHh&quot;, &quot;FGgwtKrAX&quot;, &quot;pEo3MZlHi&quot;, &quot;pEo3MZlHb&quot;, &quot;pEo3MZlHc&quot;, &quot;pEo3MZlHd&quot;, &quot;CkYsNwIXZ&quot;, &quot;ihd6Icpbp&quot;, &quot;ihd6Icpbo&quot;, &quot;ihd6Icpbn&quot;, &quot;vqb4ciMCy&quot;, &quot;vqb4ciMCz&quot;, &quot;uGLa2cnx1&quot;, &quot;ihd6Icpbq&quot;, &quot;vqb4ciMCl&quot;, &quot;tABQh2LWx&quot;, &quot;vqb4ciMCp&quot;, &quot;ihd6Icpbh&quot;, &quot;vqb4ciMCt&quot;, &quot;ihd6Icpbf&quot;, &quot;uGLa2cnx5&quot;, &quot;vqb4ciMCr&quot;, &quot;uGLa2cnx7&quot;, &quot;ihd6Icpbl&quot;, &quot;ihd6Icpbk&quot;, &quot;vqb4ciMCx&quot;, &quot;FGgwtKrAS&quot;, &quot;ihd6Icpbj&quot;, &quot;uGLa2cnx9&quot;, &quot;vqb4ciMCu&quot;, &quot;vqb4ciMCv&quot;, &quot;kB2WxMjQh&quot;, &quot;kB2WxMjQi&quot;, &quot;kB2WxMjQj&quot;, &quot;kB2WxMjQk&quot;, &quot;kB2WxMjQd&quot;, &quot;kB2WxMjQe&quot;, &quot;kB2WxMjQf&quot;, &quot;kB2WxMjQb&quot;, &quot;HMS44xRaH&quot;, &quot;HMS44xRaG&quot;, &quot;HMS44xRaF&quot;, &quot;HMS44xRaE&quot;, &quot;HMS44xRaC&quot;, &quot;HMS44xRaA&quot;, &quot;HMS44xRaM&quot;, &quot;HMS44xRaL&quot;, &quot;HMS44xRaK&quot;, &quot;HMS44xRaJ&quot;, &quot;kB2WxMjP9&quot;, &quot;hGjnTmHyL&quot;, &quot;f4VrdTbYk&quot;, &quot;eKzPeW5hz&quot;, &quot;f4VrdTbYj&quot;, &quot;f4VrdTbYo&quot;, &quot;f4VrdTbYm&quot;, &quot;f4VrdTbYn&quot;, &quot;hGjnTmHy1&quot;, &quot;eKzPeW5hs&quot;, &quot;hGjnTmHy2&quot;, &quot;f4VrdTbYb&quot;, &quot;f4VrdTbYh&quot;, &quot;hGjnTmHy0&quot;, &quot;eKzPeW5hK&quot;, &quot;eKzPeW5hJ&quot;, &quot;eKzPeW5hI&quot;, &quot;eKzPeW5hC&quot;, &quot;eKzPeW5hA&quot;, &quot;eKzPeW5hG&quot;, &quot;eKzPeW5hF&quot;, &quot;eKzPeW5hE&quot;, &quot;hGjnTmHyY&quot;, &quot;hGjnTmHyU&quot;, &quot;lcXFmB1sx&quot;, &quot;hGjnTmHyW&quot;, &quot;lcXFmB1sz&quot;, &quot;hGjnTmHyX&quot;, &quot;hGjnTmHyR&quot;, &quot;kwmPEgwc1&quot;, &quot;hGjnTmHyT&quot;, &quot;kwmPEgwc2&quot;, &quot;kwmPEgwc0&quot;, &quot;lcXFmB1sr&quot;, &quot;kwmPEgwcL&quot;, &quot;lcXFmB1sD&quot;, &quot;Rc6bEyQT&quot;, &quot;lcXFmB1sG&quot;, &quot;lcXFmB1sF&quot;, &quot;Rc6bEyQQ&quot;, &quot;lcXFmB1sI&quot;, &quot;2zjYF97k&quot;, &quot;Rc6bEyQP&quot;, &quot;lcXFmB1sH&quot;, &quot;2zjYF97j&quot;, &quot;Rc6bEyQS&quot;, &quot;Rc6bEyQR&quot;, &quot;kB2WxMjP3&quot;, &quot;2zjYF97c&quot;, &quot;lcXFmB1sC&quot;, &quot;lcXFmB1sB&quot;, &quot;kwmPEgwcZ&quot;, &quot;kwmPEgwcW&quot;, &quot;kwmPEgwcX&quot;, &quot;Rc6bEyQC&quot;, &quot;kwmPEgwcV&quot;, &quot;Rc6bEyQM&quot;, &quot;kwmPEgwcT&quot;, &quot;Rc6bEyQO&quot;, &quot;kwmPEgwcR&quot;, &quot;Rc6bEyQK&quot;, &quot;Rc6bEyQJ&quot;, &quot;xNQXtDA56&quot;, &quot;xNQXtDA55&quot;, &quot;xNQXtDA58&quot;, &quot;xNQXtDA57&quot;, &quot;xNQXtDA52&quot;, &quot;xNQXtDA51&quot;, &quot;xNQXtDA53&quot;, &quot;2zjYF97p&quot;, &quot;2zjYF97o&quot;, &quot;2zjYF97m&quot;, &quot;2zjYF97t&quot;, &quot;2zjYF97s&quot;, &quot;2zjYF97r&quot;, &quot;2zjYF97q&quot;, &quot;GJzNL89nU&quot;, &quot;GJzNL89nT&quot;, &quot;GJzNL89nW&quot;, &quot;GJzNL89nV&quot;, &quot;goNPmbuGH&quot;, &quot;GJzNL89nQ&quot;, &quot;GJzNL89nP&quot;, &quot;GJzNL89nR&quot;, &quot;GJzNL89nM&quot;, &quot;GJzNL89nN&quot;, &quot;goNPmbuGP&quot;, &quot;GJzNL89nK&quot;, &quot;goNPmbuGN&quot;, &quot;pBy0lerSv&quot;, &quot;pBy0lerSt&quot;, &quot;nRETkuePS&quot;, &quot;pBy0lerSy&quot;, &quot;pBy0lerSz&quot;, &quot;pBy0lerSx&quot;, &quot;xZdbgFcmI&quot;, &quot;nRETkuePZ&quot;, &quot;pBy0lerSo&quot;, &quot;Aj106e61z&quot;, &quot;nRETkuePX&quot;, &quot;Aj106e61x&quot;, &quot;Aj106e61v&quot;, &quot;Aj106e61w&quot;, &quot;Aj106e61t&quot;, &quot;Aj106e61s&quot;, &quot;Aj106e61n&quot;, &quot;xNQXtDA5X&quot;, &quot;mlW3ywwSA&quot;, &quot;xNQXtDA5T&quot;, &quot;jYiahbIo9&quot;, &quot;xZdbgFcmF&quot;, &quot;jYiahbIo7&quot;, &quot;xZdbgFcmG&quot;, &quot;xZdbgFcmH&quot;, &quot;xNQXtDA5Z&quot;, &quot;xZdbgFcmB&quot;, &quot;xZdbgFcmC&quot;, &quot;xZdbgFcmD&quot;, &quot;jYiahbIo1&quot;, &quot;uemCyDnnD&quot;, &quot;mlW3ywwSN&quot;, &quot;mlW3ywwSO&quot;, &quot;mlW3ywwSP&quot;, &quot;uemCyDnnH&quot;, &quot;Oy9jku54c&quot;, &quot;mlW3ywwSQ&quot;, &quot;uemCyDnnF&quot;, &quot;Oy9jku54a&quot;, &quot;uemCyDnnL&quot;, &quot;mlW3ywwSF&quot;, &quot;uemCyDnnJ&quot;, &quot;mlW3ywwSH&quot;, &quot;uemCyDnnI&quot;, &quot;mlW3ywwSJ&quot;, &quot;uemCyDnnO&quot;, &quot;mlW3ywwSK&quot;, &quot;uemCyDnnN&quot;, &quot;mlW3ywwSL&quot;, &quot;uemCyDnnM&quot;, &quot;pBy0lerSB&quot;, &quot;qYKFLVsn0&quot;, &quot;CtuC8NqpU&quot;, &quot;CtuC8NqpT&quot;, &quot;CtuC8NqpW&quot;, &quot;CtuC8NqpV&quot;, &quot;db1V1etvw&quot;, &quot;CtuC8NqpM&quot;, &quot;CtuC8NqpN&quot;, &quot;CtuC8NqpQ&quot;, &quot;xZdbgFcmz&quot;, &quot;CtuC8NqpP&quot;, &quot;CtuC8NqpR&quot;, &quot;db1V1etvD&quot;, &quot;db1V1etvG&quot;, &quot;CtuC8NqpH&quot;, &quot;db1V1etvE&quot;, &quot;Kdn1NDzsS&quot;, &quot;db1V1etvK&quot;, &quot;Kdn1NDzsT&quot;, &quot;db1V1etvL&quot;, &quot;db1V1etvI&quot;, &quot;db1V1etvJ&quot;, &quot;Kdn1NDzsV&quot;, &quot;Kdn1NDzsW&quot;, &quot;db1V1etvO&quot;, &quot;Kdn1NDzsX&quot;, &quot;db1V1etvM&quot;, &quot;Kdn1NDzsY&quot;, &quot;Oy9jku536&quot;, &quot;pBy0lerSE&quot;, &quot;Kdn1NDzsM&quot;, &quot;Oy9jku534&quot;, &quot;pBy0lerSC&quot;, &quot;xZdbgFcmx&quot;, &quot;pBy0lerSD&quot;, &quot;Kdn1NDzsO&quot;, &quot;Oy9jku539&quot;, &quot;Kdn1NDzsQ&quot;, &quot;Oy9jku538&quot;, &quot;xZdbgFcmt&quot;, &quot;Kdn1NDzsR&quot;, &quot;f4VrdTbYs&quot;, &quot;f4VrdTbYq&quot;, &quot;f4VrdTbYr&quot;, &quot;qNorYTQ7q&quot;, &quot;qNorYTQ7k&quot;, &quot;qNorYTQ7l&quot;, &quot;qNorYTQ7j&quot;, &quot;qNorYTQ7o&quot;, &quot;qNorYTQ7p&quot;, &quot;qNorYTQ7n&quot;, &quot;qNorYTQ7a&quot;, &quot;qNorYTQ7h&quot;, &quot;qNorYTQ7f&quot;, &quot;Aj106e61B&quot;, &quot;Aj106e61C&quot;, &quot;Aj106e61A&quot;, &quot;jYiahbIph&quot;, &quot;jYiahbIpi&quot;, &quot;jYiahbIpb&quot;, &quot;jYiahbIpc&quot;, &quot;jYiahbIpf&quot;, &quot;jYiahbIpg&quot;, &quot;jYiahbIpd&quot;, &quot;SJym4k1oO&quot;, &quot;uemCyDnnz&quot;, &quot;SJym4k1oM&quot;, &quot;SJym4k1oW&quot;, &quot;SJym4k1oV&quot;, &quot;SJym4k1oU&quot;, &quot;SJym4k1oT&quot;, &quot;SJym4k1oS&quot;, &quot;SJym4k1oQ&quot;, &quot;SJym4k1oY&quot;, &quot;SJym4k1oX&quot;, &quot;qqF0oQEAa&quot;, &quot;qqF0oQEAb&quot;, &quot;qqF0oQEAd&quot;, &quot;p9DFIjfGm&quot;, &quot;qqF0oQEAe&quot;, &quot;p9DFIjfGn&quot;, &quot;qqF0oQEAf&quot;, &quot;p9DFIjfGo&quot;, &quot;qqF0oQEAg&quot;, &quot;cbyIaAFxk&quot;, &quot;iGMBJ0vwX&quot;, &quot;cbyIaAFxs&quot;, &quot;cbyIaAFxr&quot;, &quot;cbyIaAFxx&quot;, &quot;cbyIaAFxw&quot;, &quot;cbyIaAFxu&quot;, &quot;cbyIaAFxz&quot;, &quot;cbyIaAFxy&quot;, &quot;yWQlFx6wa&quot;, &quot;yWQlFx6wb&quot;, &quot;cMtqZqm90&quot;, &quot;yWQlFx6wd&quot;, &quot;yWQlFx6we&quot;, &quot;yWQlFx6wf&quot;, &quot;yWQlFx6wg&quot;, &quot;p9DFIjfGd&quot;, &quot;p9DFIjfGi&quot;, &quot;p9DFIjfGj&quot;, &quot;pnmI6rWNn&quot;, &quot;pnmI6rWNo&quot;, &quot;p9DFIjfGl&quot;, &quot;pnmI6rWNp&quot;, &quot;pnmI6rWNq&quot;, &quot;p9DFIjfGf&quot;, &quot;cMtqZqm9I&quot;, &quot;p9DFIjfGh&quot;, &quot;dkx6mvaXF&quot;, &quot;pnmI6rWNf&quot;, &quot;dkx6mvaXE&quot;, &quot;dkx6mvaXH&quot;, &quot;pnmI6rWNh&quot;, &quot;dkx6mvaXG&quot;, &quot;pnmI6rWNj&quot;, &quot;dkx6mvaXI&quot;, &quot;iGMBJ0vxe&quot;, &quot;cMtqZqm9Q&quot;, &quot;pnmI6rWNk&quot;, &quot;iGMBJ0vxd&quot;, &quot;cMtqZqm9P&quot;, &quot;pnmI6rWNl&quot;, &quot;iGMBJ0vxc&quot;, &quot;dkx6mvaXK&quot;, &quot;cMtqZqm9S&quot;, &quot;iGMBJ0vxb&quot;, &quot;cMtqZqm9U&quot;, &quot;pnmI6rWNa&quot;, &quot;cMtqZqm9W&quot;, &quot;cMtqZqm9V&quot;, &quot;cMtqZqm9Y&quot;, &quot;cMtqZqm9X&quot;, &quot;Fr4feXWvE&quot;, &quot;cmUVXCgN2&quot;, &quot;cmUVXCgN1&quot;, &quot;cmUVXCgN4&quot;, &quot;cmUVXCgN6&quot;, &quot;Fr4feXWvN&quot;, &quot;Fr4feXWvM&quot;, &quot;cmUVXCgN8&quot;, &quot;Fr4feXWvL&quot;, &quot;cmUVXCgN7&quot;, &quot;Fr4feXWvJ&quot;, &quot;cmUVXCgN9&quot;, &quot;Fr4feXWvI&quot;, &quot;Fr4feXWvS&quot;, &quot;Fr4feXWvR&quot;, &quot;Fr4feXWvQ&quot;, &quot;Fr4feXWvP&quot;, &quot;p9DFIjfF8&quot;, &quot;HVpfpOyCy&quot;, &quot;HVpfpOyCw&quot;, &quot;cmUVXCgNU&quot;, &quot;dkx6mvaXA&quot;, &quot;dkx6mvaXC&quot;, &quot;HPI8wiKZi&quot;, &quot;rEA9Qsu0&quot;, &quot;rEA9Qsu1&quot;, &quot;HPI8wiKZk&quot;, &quot;rEA9Qsu2&quot;, &quot;HPI8wiKZj&quot;, &quot;rEA9Qsu3&quot;, &quot;rEA9Qsu4&quot;, &quot;HPI8wiKZl&quot;, &quot;rEA9Qsu5&quot;, &quot;HPI8wiKZo&quot;, &quot;HPI8wiKZn&quot;, &quot;qh9P3zW8k&quot;, &quot;HPI8wiKZq&quot;, &quot;qh9P3zW8j&quot;, &quot;HPI8wiKZp&quot;, &quot;qh9P3zW8f&quot;, &quot;qh9P3zW8i&quot;, &quot;qh9P3zW8h&quot;, &quot;qh9P3zW8b&quot;, &quot;qh9P3zW8e&quot;, &quot;qh9P3zW8d&quot;, &quot;HPI8wiKZe&quot;, &quot;HPI8wiKZg&quot;, &quot;HVpfpOyCI&quot;, &quot;wQdM4KGWl&quot;, &quot;wQdM4KGWp&quot;, &quot;HVpfpOyCF&quot;, &quot;rEA9QsuV&quot;, &quot;HVpfpOyCG&quot;, &quot;rEA9QsuW&quot;, &quot;HVpfpOyCH&quot;, &quot;HVpfpOyCA&quot;, &quot;wQdM4KGWu&quot;, &quot;wQdM4KGWt&quot;, &quot;HVpfpOyCB&quot;, &quot;HVpfpOyCC&quot;, &quot;wQdM4KGWr&quot;, &quot;HVpfpOyCD&quot;, &quot;wQdM4KGWy&quot;, &quot;wQdM4KGWx&quot;, &quot;rEA9QsuN&quot;, &quot;dkx6mvaXs&quot;, &quot;wQdM4KGWv&quot;, &quot;wQdM4KGWz&quot;, &quot;dkx6mvaXz&quot;, &quot;rEA9QsuY&quot;, &quot;Oy9jku54g&quot;, &quot;Oy9jku54f&quot;, &quot;Oy9jku54e&quot;, &quot;Oy9jku54d&quot;, &quot;qh9P3zW79&quot;, &quot;cbyIaAFxC&quot;, &quot;qh9P3zW74&quot;, &quot;cbyIaAFxA&quot;, &quot;riC3UdK6r&quot;, &quot;nRETkueP7&quot;, &quot;riC3UdK6q&quot;, &quot;nRETkueP6&quot;, &quot;nRETkueP5&quot;, &quot;riC3UdK6t&quot;, &quot;nRETkueP3&quot;, &quot;riC3UdK6v&quot;, &quot;nRETkueP2&quot;, &quot;riC3UdK6u&quot;, &quot;nRETkueP1&quot;, &quot;riC3UdK6w&quot;, &quot;iGMBJ0vw9&quot;, &quot;iGMBJ0vw8&quot;, &quot;riC3UdK6l&quot;, &quot;iGMBJ0vw7&quot;, &quot;iGMBJ0vw5&quot;, &quot;riC3UdK6n&quot;, &quot;wQdM4KGWA&quot;, &quot;iGMBJ0vw3&quot;, &quot;riC3UdK6p&quot;, &quot;nRETkueP8&quot;, &quot;riC3UdK6g&quot;, &quot;ij399XiZ3&quot;, &quot;ij399XiZ4&quot;, &quot;tGhXbyzzZ&quot;, &quot;ij399XiZ1&quot;, &quot;ij399XiZ2&quot;, &quot;hUvE79cEa&quot;, &quot;hUvE79cEc&quot;, &quot;hUvE79cEb&quot;, &quot;hUvE79cEe&quot;, &quot;yi5zoXu5e&quot;, &quot;yi5zoXu5d&quot;, &quot;yi5zoXu5c&quot;, &quot;hUvE79cEg&quot;, &quot;yi5zoXu5b&quot;, &quot;hUvE79cEf&quot;, &quot;SmPVuhORC&quot;, &quot;SmPVuhORE&quot;, &quot;wVTTYguzS&quot;, &quot;wVTTYguzR&quot;, &quot;SmPVuhORJ&quot;, &quot;SmPVuhORK&quot;, &quot;SmPVuhORL&quot;, &quot;SmPVuhORM&quot;, &quot;SmPVuhORG&quot;, &quot;SmPVuhORI&quot;, &quot;SmPVuhORN&quot;, &quot;SmPVuhORO&quot;, &quot;RuSRYUIlv&quot;, &quot;RuSRYUIlu&quot;, &quot;RuSRYUIlx&quot;, &quot;RuSRYUIlw&quot;, &quot;RuSRYUIlq&quot;, &quot;RuSRYUIlt&quot;, &quot;RuSRYUIls&quot;, &quot;RuSRYUIly&quot;, &quot;yi5zoXu4Z&quot;, &quot;wVTTYguzN&quot;, &quot;tGhXbyzz1&quot;, &quot;wVTTYguzQ&quot;, &quot;wVTTYguzP&quot;, &quot;wVTTYguzJ&quot;, &quot;wVTTYguzM&quot;, &quot;wVTTYguzL&quot;, &quot;RuSRYUIlm&quot;, &quot;wVTTYguzH&quot;, &quot;RuSRYUIlo&quot;, &quot;tGhXbyzz4&quot;, &quot;ij399XiZX&quot;, &quot;ij399XiZY&quot;, &quot;tGhXbyzz2&quot;, &quot;wVTTYguzD&quot;, &quot;ij399XiZZ&quot;, &quot;tGhXbyzz3&quot;, &quot;ij399XiZT&quot;, &quot;ij399XiZV&quot;, &quot;K8a8KLzNS&quot;, &quot;K8a8KLzNR&quot;, &quot;K8a8KLzNQ&quot;, &quot;K8a8KLzNP&quot;, &quot;K8a8KLzNN&quot;, &quot;ij399XiZN&quot;, &quot;K8a8KLzNM&quot;, &quot;K8a8KLzNL&quot;, &quot;K8a8KLzNK&quot;, &quot;K8a8KLzNI&quot;, &quot;tGhXbyzzP&quot;, &quot;K8a8KLzNG&quot;, &quot;tGhXbyzzX&quot;, &quot;tGhXbyzzY&quot;, &quot;tGhXbyzzV&quot;, &quot;tGhXbyzzT&quot;, &quot;isAkvd0rU&quot;, &quot;isAkvd0rT&quot;, &quot;isAkvd0rV&quot;, &quot;isAkvd0rY&quot;, &quot;wYJXp1ooh&quot;, &quot;isAkvd0rX&quot;, &quot;isAkvd0rZ&quot;, &quot;wYJXp1ool&quot;, &quot;wYJXp1oop&quot;, &quot;fQI9Y6GTe&quot;, &quot;wYJXp1oon&quot;, &quot;isAkvd0rJ&quot;, &quot;isAkvd0rP&quot;, &quot;isAkvd0rR&quot;, &quot;BJ3JYG1ln&quot;, &quot;T29DpsFo&quot;, &quot;T29DpsFn&quot;, &quot;yi5zoXu43&quot;, &quot;T29DpsFq&quot;, &quot;hUvE79cD5&quot;, &quot;T29DpsFs&quot;, &quot;yi5zoXu48&quot;, &quot;BJ3JYG1lw&quot;, &quot;hUvE79cD7&quot;, &quot;yi5zoXu47&quot;, &quot;BJ3JYG1lv&quot;, &quot;T29DpsFu&quot;, &quot;yi5zoXu45&quot;, &quot;BJ3JYG1lt&quot;, &quot;hUvE79cD9&quot;, &quot;T29DpsFt&quot;, &quot;BJ3JYG1ls&quot;, &quot;T29DpsFw&quot;, &quot;T29DpsFv&quot;, &quot;yi5zoXu49&quot;, &quot;T29DpsFx&quot;, &quot;fQI9Y6GTc&quot;, &quot;wYJXp1oot&quot;, &quot;fQI9Y6GTd&quot;, &quot;wYJXp1ooq&quot;, &quot;fQI9Y6GTa&quot;, &quot;wYJXp1oor&quot;, &quot;wYJXp1oow&quot;, &quot;BJ3JYG1lz&quot;, &quot;wYJXp1oou&quot;, &quot;BJ3JYG1lx&quot;, &quot;wYJXp1oov&quot;, &quot;T29DpsFg&quot;, &quot;isAkvd0r0&quot;, &quot;jSB3nFULR&quot;, &quot;xoisrPuKd&quot;, &quot;jSB3nFULT&quot;, &quot;xoisrPuKb&quot;, &quot;jSB3nFULV&quot;, &quot;jSB3nFULU&quot;, &quot;jSB3nFULX&quot;, &quot;jSB3nFULJ&quot;, &quot;hUvE79cDZ&quot;, &quot;jSB3nFULP&quot;, &quot;jSB3nFULZ&quot;, &quot;xoisrPuKk&quot;, &quot;jSB3nFULY&quot;, &quot;fQI9Y6GSX&quot;, &quot;xoisrPuKi&quot;, &quot;xoisrPuKj&quot;, &quot;xoisrPuKh&quot;, &quot;xoisrPuKe&quot;, &quot;xoisrPuKf&quot;, &quot;fQI9Y6GS3&quot;, &quot;jSB3nFUL0&quot;, &quot;L5Oi9EtXo&quot;, &quot;L5Oi9EtXp&quot;, &quot;yWQlFx6v1&quot;, &quot;L5Oi9EtXq&quot;, &quot;L5Oi9EtXk&quot;, &quot;L5Oi9EtXl&quot;, &quot;L5Oi9EtXn&quot;, &quot;L5Oi9EtXg&quot;, &quot;yWQlFx6v7&quot;, &quot;L5Oi9EtXi&quot;, &quot;yWQlFx6v9&quot;, &quot;fQI9Y6GS8&quot;, &quot;L5Oi9EtXj&quot;, &quot;fQI9Y6GS9&quot;, &quot;fQI9Y6GS6&quot;, &quot;BJ3JYG1lC&quot;, &quot;BJ3JYG1lB&quot;, &quot;L5Oi9EtXe&quot;, &quot;BJ3JYG1lA&quot;, &quot;yWQlFx6v6&quot;, &quot;fQI9Y6GS5&quot;, &quot;ta3lgeFAV&quot;, &quot;ta3lgeFAT&quot;, &quot;ta3lgeFAS&quot;, &quot;ta3lgeFAR&quot;, &quot;ta3lgeFAP&quot;, &quot;TJ1AUYPmZ&quot;, &quot;ta3lgeFAY&quot;, &quot;ta3lgeFAX&quot;, &quot;ta3lgeFAW&quot;, &quot;vSACFRMMR&quot;, &quot;vSACFRMMN&quot;, &quot;E8bQ6FDM8&quot;, &quot;ta3lgeFAN&quot;, &quot;vSACFRMMZ&quot;, &quot;vSACFRMMX&quot;, &quot;vSACFRMMW&quot;, &quot;ta3lgeFAJ&quot;, &quot;vSACFRMMV&quot;, &quot;vSACFRMMT&quot;, &quot;hdUPpNHoA&quot;, &quot;TJ1AUYPna&quot;, &quot;Pogjn7iLO&quot;, &quot;Pogjn7iLN&quot;, &quot;Pogjn7iLQ&quot;, &quot;Pogjn7iLP&quot;, &quot;Pogjn7iLS&quot;, &quot;Pogjn7iLR&quot;, &quot;NsZYAlusC&quot;, &quot;NsZYAlusA&quot;, &quot;hdUPpNHoj&quot;, &quot;NsZYAlusL&quot;, &quot;NsZYAlusK&quot;, &quot;NsZYAlusJ&quot;, &quot;NsZYAlusI&quot;, &quot;NsZYAlusG&quot;, &quot;NsZYAlusF&quot;, &quot;NsZYAlusE&quot;, &quot;hdUPpNHor&quot;, &quot;hdUPpNHos&quot;, &quot;hdUPpNHop&quot;, &quot;hdUPpNHoz&quot;, &quot;hdUPpNHoy&quot;, &quot;hdUPpNHov&quot;, &quot;hdUPpNHow&quot;, &quot;hdUPpNHou&quot;, &quot;TJ1AUYPm9&quot;, &quot;TJ1AUYPm8&quot;, &quot;TJ1AUYPm7&quot;, &quot;TJ1AUYPm6&quot;, &quot;vSACFRMM2&quot;, &quot;TJ1AUYPm5&quot;, &quot;vSACFRMM1&quot;, &quot;TJ1AUYPm4&quot;, &quot;vSACFRMM0&quot;, &quot;TJ1AUYPm2&quot;, &quot;TJ1AUYPm0&quot;, &quot;NsZYAlusM&quot;, &quot;cpKZpnaCy&quot;, &quot;wS3QwvAKZ&quot;, &quot;E8bQ6FDNd&quot;, &quot;lojS9DCI7&quot;, &quot;E8bQ6FDNf&quot;, &quot;E8bQ6FDNg&quot;, &quot;E8bQ6FDNh&quot;, &quot;E8bQ6FDNj&quot;, &quot;lojS9DCI9&quot;, &quot;E8bQ6FDNk&quot;, &quot;PWkYLb6zC&quot;, &quot;PWkYLb6zB&quot;, &quot;PWkYLb6zA&quot;, &quot;lojS9DCI2&quot;, &quot;E8bQ6FDNc&quot;, &quot;E8bQ6FDNl&quot;, &quot;wS3QwvAK5&quot;, &quot;E8bQ6FDNm&quot;, &quot;wS3QwvAK3&quot;, &quot;wS3QwvAK9&quot;, &quot;wS3QwvAK8&quot;, &quot;wS3QwvAK7&quot;, &quot;Pogjn7iLG&quot;, &quot;Pogjn7iLI&quot;, &quot;wS3QwvALe&quot;, &quot;wS3QwvALd&quot;, &quot;Pogjn7iLK&quot;, &quot;Pogjn7iLM&quot;, &quot;lojS9DCJi&quot;, &quot;lojS9DCJh&quot;, &quot;lojS9DCJg&quot;, &quot;lojS9DCJf&quot;, &quot;lojS9DCJd&quot;, &quot;lojS9DCJc&quot;, &quot;lojS9DCJb&quot;, &quot;cpKZpnaCQ&quot;, &quot;cpKZpnaCO&quot;, &quot;cpKZpnaCN&quot;, &quot;cpKZpnaCM&quot;, &quot;cpKZpnaCL&quot;, &quot;cpKZpnaCK&quot;, &quot;cpKZpnaCI&quot;, &quot;cpKZpnaCG&quot;, &quot;wS3QwvALc&quot;, &quot;cpKZpnaCF&quot;, &quot;wS3QwvALb&quot;, &quot;Hs0GWfyr4&quot;, &quot;Hs0GWfyr9&quot;, &quot;Hs0GWfyr8&quot;, &quot;Hs0GWfyr6&quot;, &quot;k4ru1lj0v&quot;, &quot;csA2Q74ru&quot;, &quot;csA2Q74rj&quot;, &quot;csA2Q74rk&quot;, &quot;csA2Q74rq&quot;, &quot;csA2Q74rr&quot;, &quot;csA2Q74rs&quot;, &quot;csA2Q74rm&quot;, &quot;csA2Q74ro&quot;, &quot;csA2Q74rp&quot;, &quot;HkuwAYQ0a&quot;, &quot;HkuwAYQ0c&quot;, &quot;Hs0GWfysb&quot;, &quot;KOiKCtg5a&quot;, &quot;Hs0GWfysa&quot;, &quot;KOiKCtg5c&quot;, &quot;HkuwAYQ0h&quot;, &quot;Hs0GWfysf&quot;, &quot;HkuwAYQ0i&quot;, &quot;Hs0GWfyse&quot;, &quot;csA2Q74rc&quot;, &quot;Hs0GWfysd&quot;, &quot;HkuwAYQ0j&quot;, &quot;k4ru1lj0M&quot;, &quot;HkuwAYQ0k&quot;, &quot;HkuwAYQ0d&quot;, &quot;HkuwAYQ0e&quot;, &quot;HkuwAYQ0f&quot;, &quot;Hs0GWfysg&quot;, &quot;vs17D3Grb&quot;, &quot;vs17D3Grc&quot;, &quot;vs17D3Grd&quot;, &quot;tLX344ndm&quot;, &quot;tLX344ndj&quot;, &quot;vs17D3Gre&quot;, &quot;tLX344ndl&quot;, &quot;tLX344ndk&quot;, &quot;tLX344ndf&quot;, &quot;tLX344ndh&quot;, &quot;tLX344ndg&quot;, &quot;tLX344ndb&quot;, &quot;tLX344ndd&quot;, &quot;rWnQaOmxi&quot;, &quot;rWnQaOmxp&quot;, &quot;rWnQaOmxn&quot;, &quot;k4ru1lj0G&quot;, &quot;rWnQaOmxs&quot;, &quot;k4ru1lj0H&quot;, &quot;rWnQaOmxt&quot;, &quot;KOiKCtg5m&quot;, &quot;k4ru1lj0F&quot;, &quot;rWnQaOmxr&quot;, &quot;k4ru1lj0K&quot;, &quot;rWnQaOmxw&quot;, &quot;k4ru1lj0L&quot;, &quot;rWnQaOmxx&quot;, &quot;k4ru1lj0J&quot;, &quot;rWnQaOmxv&quot;, &quot;KOiKCtg5f&quot;, &quot;KOiKCtg5e&quot;, &quot;KOiKCtg5h&quot;, &quot;rWnQaOmxy&quot;, &quot;KOiKCtg5g&quot;, &quot;KOiKCtg5j&quot;, &quot;k4ru1lj0D&quot;, &quot;KOiKCtg5l&quot;, &quot;k4ru1lj0B&quot;, &quot;KOiKCtg5k&quot;, &quot;hjAWjju1O&quot;, &quot;hjAWjju1N&quot;, &quot;hjAWjju1M&quot;, &quot;hjAWjju1S&quot;, &quot;hjAWjju1R&quot;, &quot;hjAWjju1Q&quot;, &quot;dHgxWynuP&quot;, &quot;dHgxWynuQ&quot;, &quot;dHgxWynuO&quot;, &quot;hjAWjju1K&quot;, &quot;hjAWjju1J&quot;, &quot;dHgxWynuU&quot;, &quot;dHgxWynuR&quot;, &quot;hjAWjju1H&quot;, &quot;dHgxWynuS&quot;, &quot;ubwy6Sty9&quot;, &quot;hjAWjju1B&quot;, &quot;dHgxWynuM&quot;, &quot;dHgxWynuJ&quot;, &quot;dHgxWynuK&quot;, &quot;ubwy6Sty3&quot;, &quot;ubwy6Sty4&quot;, &quot;ubwy6Sty1&quot;, &quot;ubwy6Sty7&quot;, &quot;ubwy6Sty8&quot;, &quot;ubwy6Sty5&quot;, &quot;dHgxWynuC&quot;, &quot;G88iNXfJK&quot;, &quot;G88iNXfJJ&quot;, &quot;G88iNXfJI&quot;, &quot;G88iNXfJH&quot;, &quot;G88iNXfJC&quot;, &quot;G88iNXfJA&quot;, &quot;G88iNXfJF&quot;, &quot;G88iNXfJE&quot;, &quot;G88iNXfJD&quot;, &quot;tLX344nc7&quot;, &quot;ubwy6StyZ&quot;, &quot;KaxYlSFD8&quot;, &quot;ubwy6StyV&quot;, &quot;yz7T5uTY5&quot;, &quot;yz7T5uTY6&quot;, &quot;yz7T5uTY3&quot;, &quot;yz7T5uTY4&quot;, &quot;ubwy6Stza&quot;, &quot;yz7T5uTY1&quot;, &quot;f7LuFD5M6&quot;, &quot;f7LuFD5M5&quot;, &quot;yz7T5uTY0&quot;, &quot;f7LuFD5M4&quot;, &quot;f7LuFD5M2&quot;, &quot;f7LuFD5M1&quot;, &quot;f7LuFD5M0&quot;, &quot;bOQgAxs0n&quot;, &quot;yz7T5uTYZ&quot;, &quot;bOQgAxs0m&quot;, &quot;yz7T5uTYX&quot;, &quot;bOQgAxs0k&quot;, &quot;yz7T5uTYV&quot;, &quot;bOQgAxs0i&quot;, &quot;bOQgAxs0h&quot;, &quot;bOQgAxs0s&quot;, &quot;bOQgAxs0q&quot;, &quot;bOQgAxs0p&quot;, &quot;bOQgAxs0o&quot;, &quot;G88iNXfJy&quot;, &quot;f7LuFD5MY&quot;, &quot;f7LuFD5MX&quot;, &quot;yz7T5uTYR&quot;, &quot;f7LuFD5MV&quot;, &quot;bOQgAxs0a&quot;, &quot;f7LuFD5MP&quot;, &quot;KCWwPrFOJ&quot;, &quot;KCWwPrFOG&quot;, &quot;KCWwPrFOH&quot;, &quot;KCWwPrFOE&quot;, &quot;KCWwPrFOF&quot;, &quot;KCWwPrFOC&quot;, &quot;PcT5A5Hva&quot;, &quot;KCWwPrFOM&quot;, &quot;PcT5A5Hvc&quot;, &quot;PcT5A5Hvd&quot;, &quot;KCWwPrFOK&quot;, &quot;v6MTUEhSa&quot;, &quot;PcT5A5Hve&quot;, &quot;KCWwPrFOL&quot;, &quot;PcT5A5Hvf&quot;, &quot;PcT5A5Hvg&quot;, &quot;PcT5A5Hvh&quot;, &quot;PcT5A5Hvi&quot;, &quot;eB3ETGnPw&quot;, &quot;eB3ETGnPO&quot;, &quot;eB3ETGnPN&quot;, &quot;eB3ETGnPM&quot;, &quot;eB3ETGnPG&quot;, &quot;eB3ETGnPE&quot;, &quot;eB3ETGnPD&quot;, &quot;eB3ETGnPK&quot;, &quot;eB3ETGnPJ&quot;, &quot;eB3ETGnPI&quot;, &quot;HEmUJg9IG&quot;, &quot;HEmUJg9II&quot;, &quot;HEmUJg9IE&quot;, &quot;KCWwPrFOA&quot;, &quot;HEmUJg9IO&quot;, &quot;HEmUJg9IN&quot;, &quot;HEmUJg9IQ&quot;, &quot;HEmUJg9IP&quot;, &quot;HEmUJg9IK&quot;, &quot;HEmUJg9IJ&quot;, &quot;HEmUJg9IL&quot;, &quot;v6MTUEhR1&quot;, &quot;v6MTUEhR5&quot;, &quot;v6MTUEhR7&quot;, &quot;v6MTUEhR9&quot;, &quot;gdrBy9Tqj&quot;, &quot;gdrBy9Tqk&quot;, &quot;gdrBy9Tqm&quot;, &quot;gdrBy9Tqn&quot;, &quot;gdrBy9Tqo&quot;, &quot;GXL40VEs1&quot;, &quot;sWQ31savI&quot;, &quot;sWQ31savJ&quot;, &quot;5pnqq3VQ&quot;, &quot;GXL40VEs3&quot;, &quot;sWQ31savK&quot;, &quot;GXL40VEs4&quot;, &quot;sWQ31savE&quot;, &quot;sWQ31savF&quot;, &quot;GXL40VEs0&quot;, &quot;sWQ31savH&quot;, &quot;GXL40VEs9&quot;, &quot;sWQ31savB&quot;, &quot;jvTBNCIeJ&quot;, &quot;vs17D3GqZ&quot;, &quot;jvTBNCIeH&quot;, &quot;sWQ31savD&quot;, &quot;GXL40VEs5&quot;, &quot;jvTBNCIeF&quot;, &quot;GXL40VEs7&quot;, &quot;GXL40VEs8&quot;, &quot;5pnqq3V7&quot;, &quot;5pnqq3V6&quot;, &quot;vs17D3Gq3&quot;, &quot;5pnqq3V0&quot;, &quot;5pnqq3V3&quot;, &quot;5pnqq3V2&quot;, &quot;5pnqq3V5&quot;, &quot;5pnqq3V4&quot;, &quot;GXL40VEsY&quot;, &quot;vs17D3Gq8&quot;, &quot;vs17D3Gq9&quot;, &quot;vs17D3Gq5&quot;, &quot;pJ5aGu9kA&quot;, &quot;vs17D3Gq7&quot;, &quot;sWQ31savz&quot;, &quot;sWQ31savv&quot;, &quot;dqedf0YA2&quot;, &quot;dqedf0YA0&quot;, &quot;jvTBNCIez&quot;, &quot;eETIlrhEm&quot;, &quot;eETIlrhEo&quot;, &quot;eETIlrhEn&quot;, &quot;eETIlrhEi&quot;, &quot;eETIlrhEh&quot;, &quot;eETIlrhEk&quot;, &quot;eETIlrhEq&quot;, &quot;eETIlrhEs&quot;, &quot;eETIlrhEr&quot;, &quot;v6MTUEhSb&quot;, &quot;jvTBNCIeQ&quot;, &quot;v6MTUEhSd&quot;, &quot;jvTBNCIeO&quot;, &quot;v6MTUEhSe&quot;, &quot;jvTBNCIeP&quot;, &quot;v6MTUEhSf&quot;, &quot;jvTBNCIeN&quot;, &quot;v6MTUEhSg&quot;, &quot;jvTBNCIeK&quot;, &quot;jvTBNCIeL&quot;, &quot;eETIlrhEa&quot;, &quot;ewnx0aAco&quot;, &quot;ewnx0aAcq&quot;, &quot;ewnx0aAcr&quot;, &quot;u6jF30tTZ&quot;, &quot;ewnx0aAcs&quot;, &quot;ewnx0aAcu&quot;, &quot;ewnx0aAcv&quot;, &quot;QgdmTuph6&quot;, &quot;ewnx0aAcw&quot;, &quot;QgdmTuph7&quot;, &quot;QgdmTuph4&quot;, &quot;QgdmTuph5&quot;, &quot;QgdmTuph2&quot;, &quot;QgdmTuph3&quot;, &quot;enRnETSKA&quot;, &quot;QgdmTuph0&quot;, &quot;u6jF30tTP&quot;, &quot;ewnx0aAce&quot;, &quot;bdVxLHLn2&quot;, &quot;QgdmTuph8&quot;, &quot;bdVxLHLn3&quot;, &quot;u6jF30tTV&quot;, &quot;u6jF30tTX&quot;, &quot;u6jF30tTY&quot;, &quot;ewnx0aAcl&quot;, &quot;u6jF30tTT&quot;, &quot;ewnx0aAcm&quot;, &quot;jhHkyQc9v&quot;, &quot;jhHkyQc9t&quot;, &quot;jhHkyQc9r&quot;, &quot;bdVxLHLn0&quot;, &quot;QgdmTuphW&quot;, &quot;bdVxLHLn1&quot;, &quot;jhHkyQc9z&quot;, &quot;jhHkyQc9w&quot;, &quot;jhHkyQc9x&quot;, &quot;bdVxLHLnY&quot;, &quot;enRnETSKu&quot;, &quot;enRnETSKv&quot;, &quot;dqedf0YAK&quot;, &quot;bdVxLHLnW&quot;, &quot;enRnETSKw&quot;, &quot;u6jF30tT1&quot;, &quot;bdVxLHLnT&quot;, &quot;enRnETSKx&quot;, &quot;bdVxLHLnU&quot;, &quot;enRnETSKz&quot;, &quot;QgdmTuphY&quot;, &quot;jhHkyQc9l&quot;, &quot;enRnETSKp&quot;, &quot;u6jF30tT2&quot;, &quot;enRnETSKq&quot;, &quot;u6jF30tT3&quot;, &quot;bdVxLHLnZ&quot;, &quot;u6jF30tT4&quot;, &quot;enRnETSKs&quot;, &quot;LRB1URYR9&quot;, &quot;LRB1URYR7&quot;, &quot;dqedf0YAZ&quot;, &quot;LRB1URYR5&quot;, &quot;dqedf0YAX&quot;, &quot;LRB1URYR6&quot;, &quot;dqedf0YAY&quot;, &quot;LRB1URYR4&quot;, &quot;dqedf0YAW&quot;, &quot;GXL40VEta&quot;, &quot;LRB1URYR2&quot;, &quot;dqedf0YAU&quot;, &quot;dqedf0YAR&quot;, &quot;LRB1URYR0&quot;, &quot;dqedf0YAS&quot;, &quot;bdVxLHLnM&quot;, &quot;pJ5aGu9kz&quot;, &quot;jhHkyQc9C&quot;, &quot;pJ5aGu9kx&quot;, &quot;jhHkyQc9A&quot;, &quot;pJ5aGu9ky&quot;, &quot;jhHkyQc9B&quot;, &quot;pJ5aGu9kv&quot;, &quot;Ghbfiz9dn&quot;, &quot;Ghbfiz9dp&quot;, &quot;Ghbfiz9do&quot;, &quot;Ghbfiz9di&quot;, &quot;Ghbfiz9dl&quot;, &quot;Ghbfiz9dk&quot;, &quot;Ghbfiz9du&quot;, &quot;pJ5aGu9kk&quot;, &quot;Ghbfiz9dr&quot;, &quot;enRnETSKi&quot;, &quot;Ghbfiz9dt&quot;, &quot;Ghbfiz9ds&quot;, &quot;pJ5aGu9kt&quot;, &quot;pJ5aGu9ku&quot;, &quot;5pnqq3VY&quot;, &quot;pJ5aGu9kr&quot;, &quot;5pnqq3VX&quot;, &quot;pJ5aGu9kp&quot;, &quot;p3XyONr2Q&quot;, &quot;OVRKUyiBi&quot;, &quot;LRB1URYSb&quot;, &quot;LRB1URYSc&quot;, &quot;OVRKUyiBk&quot;, &quot;LRB1URYSa&quot;, &quot;OVRKUyiBe&quot;, &quot;kqGIKKIzz&quot;, &quot;OVRKUyiBg&quot;, &quot;OVRKUyiBq&quot;, &quot;gdrBy9Tqd&quot;, &quot;gdrBy9Tqf&quot;, &quot;OVRKUyiBm&quot;, &quot;gdrBy9Tqg&quot;, &quot;OVRKUyiBn&quot;, &quot;OVRKUyiBo&quot;, &quot;gdrBy9Tqi&quot;, &quot;OVRKUyiBp&quot;, &quot;p3XyONr2V&quot;, &quot;p3XyONr2X&quot;, &quot;p3XyONr2Z&quot;, &quot;SejK807pG&quot;, &quot;p3XyONr20&quot;, &quot;SejK807pK&quot;, &quot;SejK807pI&quot;, &quot;p3XyONr21&quot;, &quot;l7KMjJ1NA&quot;, &quot;SejK807pN&quot;, &quot;l7KMjJ1NB&quot;, &quot;SejK807pO&quot;, &quot;l7KMjJ1NC&quot;, &quot;SejK807pM&quot;, &quot;SejK807pR&quot;, &quot;SejK807pS&quot;, &quot;SejK807pP&quot;, &quot;SejK807pQ&quot;, &quot;kqGIKKIzt&quot;, &quot;p3XyONr24&quot;, &quot;p3XyONr23&quot;, &quot;p3XyONr26&quot;, &quot;p3XyONr25&quot;, &quot;PcT5A5Hu6&quot;, &quot;PcT5A5Hu8&quot;, &quot;H3VpK5f4E&quot;, &quot;gdrBy9Tp7&quot;, &quot;H3VpK5f4B&quot;, &quot;H3VpK5f4C&quot;, &quot;H3VpK5f4D&quot;, &quot;l7KMjJ1Nz&quot;, &quot;NnjRGPGPi&quot;, &quot;H3VpK5f4y&quot;, &quot;NnjRGPGPt&quot;, &quot;H3VpK5f4z&quot;, &quot;NnjRGPGPu&quot;, &quot;NnjRGPGPr&quot;, &quot;l7KMjJ1Nm&quot;, &quot;NnjRGPGPs&quot;, &quot;H3VpK5f4u&quot;, &quot;H3VpK5f4w&quot;, &quot;H3VpK5f4x&quot;, &quot;l7KMjJ1Nr&quot;, &quot;NnjRGPGPm&quot;, &quot;H3VpK5f4s&quot;, &quot;l7KMjJ1Nt&quot;, &quot;NnjRGPGPk&quot;, &quot;l7KMjJ1Nv&quot;, &quot;l7KMjJ1Nw&quot;, &quot;NnjRGPGPq&quot;, &quot;NnjRGPGPn&quot;, &quot;l7KMjJ1Nx&quot;, &quot;NnjRGPGPo&quot;, &quot;oGLTn6rxF&quot;, &quot;KQ8N4eaTO&quot;, &quot;bgLBdsFcA&quot;, &quot;oGLTn6rxH&quot;, &quot;oGLTn6rxI&quot;, &quot;bgLBdsFcF&quot;, &quot;oGLTn6rxJ&quot;, &quot;bgLBdsFcE&quot;, &quot;oGLTn6rxK&quot;, &quot;bgLBdsFcD&quot;, &quot;bgLBdsFcC&quot;, &quot;lZeBYtklz&quot;, &quot;A0CQOACg3&quot;, &quot;lZeBYtklx&quot;, &quot;oGLTn6rxB&quot;, &quot;A0CQOACg9&quot;, &quot;zGhePEvAA&quot;, &quot;oGLTn6rxD&quot;, &quot;A0CQOACg8&quot;, &quot;oGLTn6rxE&quot;, &quot;lZeBYtklq&quot;, &quot;KQ8N4eaTZ&quot;, &quot;lZeBYtklv&quot;, &quot;KQ8N4eaTX&quot;, &quot;KQ8N4eaTY&quot;, &quot;KQ8N4eaTV&quot;, &quot;KQ8N4eaTT&quot;, &quot;KQ8N4eaTU&quot;, &quot;KQ8N4eaTS&quot;, &quot;KQ8N4eaTQ&quot;, &quot;sFOJkULBR&quot;, &quot;sFOJkULBS&quot;, &quot;sFOJkULBP&quot;, &quot;sFOJkULBQ&quot;, &quot;sFOJkULBN&quot;, &quot;d08V4QGdi&quot;, &quot;ivqnWYUgt&quot;, &quot;d08V4QGdk&quot;, &quot;ivqnWYUgn&quot;, &quot;d08V4QGdf&quot;, &quot;d08V4QGdg&quot;, &quot;ivqnWYUgz&quot;, &quot;d08V4QGdq&quot;, &quot;d08V4QGdl&quot;, &quot;ivqnWYUgv&quot;, &quot;d08V4QGdm&quot;, &quot;ivqnWYUgy&quot;, &quot;d08V4QGdn&quot;, &quot;ivqnWYUgx&quot;, &quot;d08V4QGdo&quot;, &quot;kqGIKKIzH&quot;, &quot;kqGIKKIzF&quot;, &quot;kqGIKKIzE&quot;, &quot;LUr5mCSGE&quot;, &quot;kqGIKKIzD&quot;, &quot;A0CQOAChb&quot;, &quot;A0CQOAChc&quot;, &quot;kqGIKKIzB&quot;, &quot;TvPjGckhW&quot;, &quot;TvPjGckhU&quot;, &quot;TvPjGckhV&quot;, &quot;LUr5mCSGQ&quot;, &quot;LUr5mCSGP&quot;, &quot;gOmknZA2M&quot;, &quot;LUr5mCSGO&quot;, &quot;gOmknZA2L&quot;, &quot;LUr5mCSGN&quot;, &quot;gOmknZA2K&quot;, &quot;LUr5mCSGI&quot;, &quot;A0CQOAChf&quot;, &quot;gOmknZA2E&quot;, &quot;A0CQOAChg&quot;, &quot;LUr5mCSGG&quot;, &quot;gOmknZA2D&quot;, &quot;A0CQOAChd&quot;, &quot;LUr5mCSGL&quot;, &quot;gOmknZA2I&quot;, &quot;kqGIKKIzK&quot;, &quot;LUr5mCSGK&quot;, &quot;gOmknZA2H&quot;, &quot;kqGIKKIzJ&quot;, &quot;A0CQOAChh&quot;, &quot;LUr5mCSGJ&quot;, &quot;gOmknZA2G&quot;, &quot;kqGIKKIzI&quot;, &quot;A0CQOAChi&quot;, &quot;nXk0dZ2tf&quot;, &quot;nXk0dZ2ta&quot;, &quot;gOmknZA2v&quot;, &quot;TvPjGckhO&quot;, &quot;Exg8hPWaT&quot;, &quot;TvPjGckhM&quot;, &quot;Exg8hPWaS&quot;, &quot;Exg8hPWaR&quot;, &quot;TvPjGckhS&quot;, &quot;ELtpwCrga&quot;, &quot;Exg8hPWaP&quot;, &quot;TvPjGckhT&quot;, &quot;Exg8hPWaO&quot;, &quot;TvPjGckhQ&quot;, &quot;ELtpwCrgc&quot;, &quot;TvPjGckhR&quot;, &quot;ELtpwCrgb&quot;, &quot;Exg8hPWaK&quot;, &quot;TvPjGckhL&quot;, &quot;KQ8N4eaT0&quot;, &quot;SUUARmCFs&quot;, &quot;SUUARmCFq&quot;, &quot;tjzvBvm2S&quot;, &quot;SUUARmCFo&quot;, &quot;tjzvBvm2T&quot;, &quot;tjzvBvm2U&quot;, &quot;SUUARmCFm&quot;, &quot;tjzvBvm2O&quot;, &quot;tjzvBvm2P&quot;, &quot;SUUARmCFx&quot;, &quot;tjzvBvm2R&quot;, &quot;SUUARmCFy&quot;, &quot;SUUARmCFv&quot;, &quot;Exg8hPWaY&quot;, &quot;Fa1UyqxB0&quot;, &quot;tjzvBvm2L&quot;, &quot;SUUARmCFw&quot;, &quot;Exg8hPWaX&quot;, &quot;SUUARmCFt&quot;, &quot;Exg8hPWaW&quot;, &quot;tjzvBvm2N&quot;, &quot;SUUARmCFu&quot;, &quot;Exg8hPWaV&quot;, &quot;gOmknZA2B&quot;, &quot;Fa1UyqxBM&quot;, &quot;Fa1UyqxBT&quot;, &quot;PzCxa8T2n&quot;, &quot;PzCxa8T2o&quot;, &quot;Fa1UyqxBR&quot;, &quot;tjzvBvm2J&quot;, &quot;Fa1UyqxBQ&quot;, &quot;PzCxa8T2m&quot;, &quot;Fa1UyqxBX&quot;, &quot;PzCxa8T2r&quot;, &quot;PzCxa8T2s&quot;, &quot;Fa1UyqxBV&quot;, &quot;PzCxa8T2p&quot;, &quot;tjzvBvm2F&quot;, &quot;Fa1UyqxBU&quot;, &quot;PzCxa8T2q&quot;, &quot;PzCxa8T2g&quot;, &quot;Fa1UyqxBZ&quot;, &quot;Fa1UyqxBY&quot;, &quot;PzCxa8T2k&quot;, &quot;PzCxa8T2i&quot;, &quot;lZeBYtklA&quot;, &quot;lZeBYtklB&quot;, &quot;lZeBYtklE&quot;, &quot;lZeBYtklF&quot;, &quot;lZeBYtklD&quot;, &quot;bgLBdsFcy&quot;, &quot;bgLBdsFcx&quot;, &quot;zGhePEvAz&quot;, &quot;sFOJkULBL&quot;, &quot;zGhePEvAt&quot;, &quot;bgLBdsFcq&quot;, &quot;sFOJkULBM&quot;, &quot;zGhePEvAu&quot;, &quot;sFOJkULBJ&quot;, &quot;zGhePEvAr&quot;, &quot;sFOJkULBH&quot;, &quot;zGhePEvAx&quot;, &quot;zGhePEvAy&quot;, &quot;zGhePEvAv&quot;, &quot;zGhePEvAl&quot;, &quot;sFOJkULBC&quot;, &quot;zGhePEvAq&quot;, &quot;TVnOH0qDz&quot;, &quot;TVnOH0qDA&quot;, &quot;TVnOH0qDE&quot;, &quot;TVnOH0qDC&quot;, &quot;TVnOH0qDI&quot;, &quot;na33B8JAs&quot;, &quot;TVnOH0qDH&quot;, &quot;na33B8JAr&quot;, &quot;TVnOH0qDG&quot;, &quot;na33B8JAq&quot;, &quot;TVnOH0qDF&quot;, &quot;na33B8JAp&quot;, &quot;TVnOH0qDK&quot;, &quot;TVnOH0qDJ&quot;, &quot;na33B8JAj&quot;, &quot;na33B8JAh&quot;, &quot;na33B8JAn&quot;, &quot;na33B8JAm&quot;, &quot;na33B8JAl&quot;, &quot;na33B8JAc&quot;, &quot;bgLBdsFcH&quot;, &quot;lZeBYtklG&quot;, &quot;bgLBdsFcG&quot;, &quot;LOLYs643o&quot;, &quot;LOLYs643q&quot;, &quot;LOLYs643m&quot;, &quot;dsjU3XpK&quot;, &quot;dsjU3XpI&quot;, &quot;LwZh8Ldk&quot;, &quot;dsjU3XpO&quot;, &quot;dsjU3XpP&quot;, &quot;dsjU3XpM&quot;, &quot;dsjU3XpN&quot;, &quot;LwZh8Ldu&quot;, &quot;LwZh8Lds&quot;, &quot;LwZh8Ldr&quot;, &quot;dsjU3XpH&quot;, &quot;Euq4P42mi&quot;, &quot;Euq4P42mh&quot;, &quot;Euq4P42mf&quot;, &quot;Euq4P42me&quot;, &quot;LwZh8Ldz&quot;, &quot;RAyYSqvYE&quot;, &quot;Euq4P42md&quot;, &quot;LwZh8Ldy&quot;, &quot;LwZh8Ldx&quot;, &quot;RAyYSqvYG&quot;, &quot;Euq4P42mb&quot;, &quot;LwZh8Ldw&quot;, &quot;RAyYSqvYI&quot;, &quot;dsjU3XpQ&quot;, &quot;RAyYSqvYK&quot;, &quot;dsjU3XpR&quot;, &quot;RAyYSqvYL&quot;, &quot;RAyYSqvYM&quot;, &quot;RAyYSqvYN&quot;, &quot;Euq4P42mk&quot;, &quot;RAyYSqvYO&quot;, &quot;Euq4P42mj&quot;, &quot;Euq4P42ma&quot;, &quot;dsjU3Xpz&quot;, &quot;hxNdx5Z60&quot;, &quot;hxNdx5Z62&quot;, &quot;hxNdx5Z61&quot;, &quot;hxNdx5Z64&quot;, &quot;hxNdx5Z66&quot;, &quot;hxNdx5Z65&quot;, &quot;RAyYSqvYP&quot;, &quot;bUwnt3gDC&quot;, &quot;RAyYSqvYQ&quot;, &quot;bUwnt3gDE&quot;, &quot;bUwnt3gDA&quot;, &quot;HSzbX3ENS&quot;, &quot;HSzbX3ENU&quot;, &quot;hxNdx5Z6X&quot;, &quot;hxNdx5Z6Y&quot;, &quot;hxNdx5Z6P&quot;, &quot;LwZh8LdB&quot;, &quot;LwZh8LdA&quot;, &quot;hxNdx5Z6V&quot;, &quot;HSzbX3EN3&quot;, &quot;HSzbX3EN4&quot;, &quot;HSzbX3EN1&quot;, &quot;HSzbX3EN2&quot;, &quot;bUwnt3gDs&quot;, &quot;nACyDWPV9&quot;, &quot;jVr6PqOAE&quot;, &quot;jVr6PqOAD&quot;, &quot;nACyDWPV7&quot;, &quot;jVr6PqOAC&quot;, &quot;nACyDWPV5&quot;, &quot;NYeAvForI&quot;, &quot;NYeAvForG&quot;, &quot;NYeAvForM&quot;, &quot;NYeAvForL&quot;, &quot;JtW8Dxaos&quot;, &quot;NYeAvForK&quot;, &quot;NYeAvForQ&quot;, &quot;nXk0dZ2tp&quot;, &quot;NYeAvForP&quot;, &quot;nXk0dZ2to&quot;, &quot;NYeAvForO&quot;, &quot;nXk0dZ2tq&quot;, &quot;nACyDWPV0&quot;, &quot;bUwnt3gDz&quot;, &quot;JtW8Dxaoy&quot;, &quot;nXk0dZ2tl&quot;, &quot;nXk0dZ2tk&quot;, &quot;JtW8Dxaoz&quot;, &quot;nXk0dZ2tn&quot;, &quot;NYeAvForS&quot;, &quot;NYeAvForR&quot;, &quot;JtW8Dxaou&quot;, &quot;nXk0dZ2th&quot;, &quot;v3WQsTn3C&quot;, &quot;JtW8Dxaow&quot;, &quot;nXk0dZ2tj&quot;, &quot;v3WQsTn3A&quot;, &quot;ELtpwCrfY&quot;, &quot;JtW8Dxaox&quot;, &quot;v3WQsTn3B&quot;, &quot;v3WQsTn3w&quot;, &quot;v3WQsTn3x&quot;, &quot;v3WQsTn3v&quot;, &quot;HSzbX3ENW&quot;, &quot;HSzbX3ENX&quot;, &quot;ELtpwCrf2&quot;, &quot;HSzbX3ENY&quot;, &quot;HSzbX3ENZ&quot;, &quot;v3WQsTn3z&quot;, &quot;jVr6PqOAn&quot;, &quot;bUwnt3gDK&quot;, &quot;v3WQsTn3n&quot;, &quot;bUwnt3gDF&quot;, &quot;v3WQsTn3t&quot;, &quot;bUwnt3gDG&quot;, &quot;bUwnt3gDH&quot;, &quot;v3WQsTn3r&quot;, &quot;bUwnt3gDI&quot;, &quot;jVr6PqOAv&quot;, &quot;jVr6PqOAt&quot;, &quot;jVr6PqOAz&quot;, &quot;jVr6PqOAy&quot;, &quot;jVr6PqOAx&quot;, &quot;ELtpwCrf3&quot;, &quot;ELtpwCrf6&quot;, &quot;ELtpwCrf5&quot;, &quot;ELtpwCrf7&quot;, &quot;ELtpwCrf9&quot;, &quot;d08V4QGc8&quot;, &quot;nACyDWPWa&quot;, &quot;nACyDWPWb&quot;, &quot;oGLTn6rxz&quot;, &quot;oGLTn6rxu&quot;, &quot;fTzdqRAHB&quot;, &quot;rfM0ssRhP&quot;, &quot;rfM0ssRhN&quot;, &quot;rfM0ssRhM&quot;, &quot;rfM0ssRhS&quot;, &quot;rfM0ssRhR&quot;, &quot;rfM0ssRhQ&quot;, &quot;huW96k6ib&quot;, &quot;fTzdqRAHJ&quot;, &quot;fTzdqRAHK&quot;, &quot;fTzdqRAHH&quot;, &quot;fTzdqRAHN&quot;, &quot;fTzdqRAHO&quot;, &quot;fTzdqRAHM&quot;, &quot;huW96k6ij&quot;, &quot;LOLYs643v&quot;, &quot;fTzdqRAHR&quot;, &quot;LOLYs643w&quot;, &quot;fTzdqRAHS&quot;, &quot;huW96k6ih&quot;, &quot;LOLYs643x&quot;, &quot;fTzdqRAHQ&quot;, &quot;LOLYs643y&quot;, &quot;LOLYs643r&quot;, &quot;huW96k6in&quot;, &quot;huW96k6im&quot;, &quot;LOLYs643s&quot;, &quot;LOLYs643t&quot;, &quot;huW96k6ik&quot;, &quot;huW96k6ir&quot;, &quot;huW96k6iq&quot;, &quot;huW96k6io&quot;, &quot;jVr6PqOAB&quot;, &quot;huW96k6is&quot;, &quot;mrDar2kv2&quot;, &quot;mrDar2kv1&quot;, &quot;mrDar2kv3&quot;, &quot;F5O1vyxWU&quot;, &quot;rfM0ssRhC&quot;, &quot;dvUj9wMec&quot;, &quot;F5O1vyxWS&quot;, &quot;dvUj9wMea&quot;, &quot;F5O1vyxWT&quot;, &quot;rfM0ssRhH&quot;, &quot;dvUj9wMeh&quot;, &quot;dvUj9wMeg&quot;, &quot;dvUj9wMef&quot;, &quot;dvUj9wMee&quot;, &quot;rfM0ssRhL&quot;, &quot;mrDar2kv6&quot;, &quot;mrDar2kv5&quot;, &quot;dvUj9wMek&quot;, &quot;rfM0ssRhJ&quot;, &quot;mrDar2kv8&quot;, &quot;dvUj9wMei&quot;, &quot;mrDar2kv7&quot;, &quot;F5O1vyxWG&quot;, &quot;F5O1vyxWR&quot;, &quot;F5O1vyxWO&quot;, &quot;F5O1vyxWP&quot;, &quot;F5O1vyxWN&quot;, &quot;F5O1vyxWK&quot;, &quot;F5O1vyxWL&quot;, &quot;nACyDWPWg&quot;, &quot;nACyDWPWe&quot;, &quot;nACyDWPWf&quot;, &quot;nACyDWPWd&quot;, &quot;n8Hd01DJX&quot;, &quot;JtW8DxaoB&quot;, &quot;n8Hd01DJU&quot;, &quot;JtW8DxaoC&quot;, &quot;n8Hd01DJV&quot;, &quot;JtW8DxaoD&quot;, &quot;n8Hd01DJY&quot;, &quot;n8Hd01DJZ&quot;, &quot;n8Hd01DJP&quot;, &quot;JtW8DxaoE&quot;, &quot;n8Hd01DJT&quot;, &quot;n8Hd01DJR&quot;, &quot;c3vLFXL3A&quot;, &quot;c3vLFXL3M&quot;, &quot;c3vLFXL3N&quot;, &quot;c3vLFXL3K&quot;, &quot;c3vLFXL3I&quot;, &quot;c3vLFXL3H&quot;, &quot;DK0bFYDh0&quot;, &quot;S6gOEodVW&quot;, &quot;DK0bFYDhM&quot;, &quot;S6gOEodVY&quot;, &quot;c3vLFXL3S&quot;, &quot;c3vLFXL3Q&quot;, &quot;c3vLFXL3O&quot;, &quot;c3vLFXL3P&quot;, &quot;DK0bFYDhZ&quot;, &quot;DK0bFYDhY&quot;, &quot;DK0bFYDhX&quot;, &quot;S6gOEodV0&quot;, &quot;DK0bFYDhV&quot;, &quot;n8Hd01DJ0&quot;, &quot;DK0bFYDhU&quot;, &quot;DK0bFYDhT&quot;, &quot;S6gOEodV2&quot;, &quot;S6gOEodV3&quot;, &quot;DK0bFYDhR&quot;, &quot;S6gOEodV4&quot;, &quot;DK0bFYDhQ&quot;, &quot;S6gOEodV5&quot;, &quot;S6gOEodV6&quot;, &quot;S6gOEodV7&quot;, &quot;S6gOEodV8&quot;, &quot;n8Hd01DJK&quot;, &quot;sT00zHgG4&quot;, &quot;y5mv0ONXX&quot;, &quot;sT00zHgG3&quot;, &quot;sT00zHgG6&quot;, &quot;sT00zHgG5&quot;, &quot;sT00zHgG0&quot;, &quot;sT00zHgG1&quot;, &quot;JQFAdAmVG&quot;, &quot;JQFAdAmVE&quot;, &quot;rojaNJyJy&quot;, &quot;JQFAdAmVC&quot;, &quot;rojaNJyJF&quot;, &quot;qS4ySpEKD&quot;, &quot;JQFAdAmVN&quot;, &quot;F8E4XjrLy&quot;, &quot;JQFAdAmVO&quot;, &quot;qS4ySpEKB&quot;, &quot;rojaNJyJH&quot;, &quot;JQFAdAmVL&quot;, &quot;qS4ySpEKC&quot;, &quot;JQFAdAmVM&quot;, &quot;sT00zHgGX&quot;, &quot;y5mv0ONX5&quot;, &quot;JQFAdAmVJ&quot;, &quot;qS4ySpEKH&quot;, &quot;F8E4XjrLv&quot;, &quot;qS4ySpEKI&quot;, &quot;rojaNJyJD&quot;, &quot;y5mv0ONX3&quot;, &quot;sT00zHgGZ&quot;, &quot;JQFAdAmVH&quot;, &quot;qS4ySpEKF&quot;, &quot;F8E4XjrLw&quot;, &quot;y5mv0ONX2&quot;, &quot;JQFAdAmVI&quot;, &quot;qS4ySpEKG&quot;, &quot;F8E4XjrLx&quot;, &quot;y5mv0ONX9&quot;, &quot;rojaNJyJN&quot;, &quot;F8E4XjrLr&quot;, &quot;rojaNJyJM&quot;, &quot;sT00zHgGV&quot;, &quot;F8E4XjrLs&quot;, &quot;y5mv0ONX7&quot;, &quot;y5mv0ONX6&quot;, &quot;F8E4XjrLt&quot;, &quot;rojaNJyJO&quot;, &quot;F8E4XjrLm&quot;, &quot;rojaNJyJJ&quot;, &quot;rojaNJyJI&quot;, &quot;F8E4XjrLo&quot;, &quot;rojaNJyJL&quot;, &quot;sT00zHgGQ&quot;, &quot;F8E4XjrLp&quot;, &quot;Euq4P42l6&quot;, &quot;mrDar2kvS&quot;, &quot;mrDar2kvZ&quot;, &quot;mrDar2kvX&quot;, &quot;PTuVjrcKO&quot;, &quot;PTuVjrcKM&quot;, &quot;PTuVjrcKS&quot;, &quot;PTuVjrcKT&quot;, &quot;PTuVjrcKQ&quot;, &quot;i3u3j3H37&quot;, &quot;oyfI2PJ5D&quot;, &quot;PlqfWmoW8&quot;, &quot;PlqfWmoW9&quot;, &quot;PlqfWmoW4&quot;, &quot;PTuVjrcKW&quot;, &quot;PTuVjrcKX&quot;, &quot;qS4ySpEKz&quot;, &quot;PlqfWmoW6&quot;, &quot;PTuVjrcKU&quot;, &quot;PTuVjrcKV&quot;, &quot;PlqfWmoW2&quot;, &quot;PTuVjrcKY&quot;, &quot;QCVOtxBPc&quot;, &quot;y5mv0ONYb&quot;, &quot;hRFBGoiPC&quot;, &quot;mWRMnmeu3&quot;, &quot;TsZgerqta&quot;, &quot;QCVOtxBPd&quot;, &quot;y5mv0ONYa&quot;, &quot;QCVOtxBPa&quot;, &quot;hRFBGoiPA&quot;, &quot;qS4ySpEKs&quot;, &quot;TsZgerqtc&quot;, &quot;hRFBGoiPB&quot;, &quot;qS4ySpEKx&quot;, &quot;oyfI2PJ5O&quot;, &quot;oyfI2PJ5N&quot;, &quot;y5mv0ONYc&quot;, &quot;TsZgerqth&quot;, &quot;oyfI2PJ5J&quot;, &quot;TsZgerqti&quot;, &quot;oyfI2PJ5M&quot;, &quot;QCVOtxBPi&quot;, &quot;oyfI2PJ5L&quot;, &quot;TsZgerqtd&quot;, &quot;QCVOtxBPg&quot;, &quot;oyfI2PJ5F&quot;, &quot;TsZgerqte&quot;, &quot;QCVOtxBPh&quot;, &quot;oyfI2PJ5I&quot;, &quot;QCVOtxBPe&quot;, &quot;TsZgerqtf&quot;, &quot;oyfI2PJ5H&quot;, &quot;QCVOtxBPf&quot;, &quot;TsZgerqtg&quot;, &quot;QZEf3AOmp&quot;, &quot;hRFBGoiPt&quot;, &quot;QZEf3AOmq&quot;, &quot;QZEf3AOmn&quot;, &quot;hRFBGoiPr&quot;, &quot;QZEf3AOmo&quot;, &quot;QZEf3AOmr&quot;, &quot;QZEf3AOms&quot;, &quot;hRFBGoiPl&quot;, &quot;QZEf3AOmi&quot;, &quot;QCVOtxBO8&quot;, &quot;mWRMnmeu8&quot;, &quot;QZEf3AOmg&quot;, &quot;mWRMnmeu9&quot;, &quot;QCVOtxBO6&quot;, &quot;FgH1rWle9&quot;, &quot;FgH1rWle8&quot;, &quot;mWRMnmeu7&quot;, &quot;QZEf3AOmm&quot;, &quot;mWRMnmeu5&quot;, &quot;QZEf3AOmk&quot;, &quot;FgH1rWle4&quot;, &quot;buXSsfahO&quot;, &quot;Tks5TaI1j&quot;, &quot;Tks5TaI1k&quot;, &quot;buXSsfahM&quot;, &quot;Tks5TaI1l&quot;, &quot;buXSsfahL&quot;, &quot;Tks5TaI1m&quot;, &quot;Tks5TaI1g&quot;, &quot;Tks5TaI1h&quot;, &quot;Tks5TaI1i&quot;, &quot;Tks5TaI1c&quot;, &quot;buXSsfahV&quot;, &quot;buXSsfahU&quot;, &quot;mWRMnmeuY&quot;, &quot;Tks5TaI1e&quot;, &quot;buXSsfahT&quot;, &quot;buXSsfahS&quot;, &quot;buXSsfahR&quot;, &quot;buXSsfahQ&quot;, &quot;Tks5TaI1a&quot;, &quot;PWkYLb6zz&quot;, &quot;PWkYLb6zy&quot;, &quot;PWkYLb6zx&quot;, &quot;PWkYLb6zw&quot;, &quot;PlqfWmoXe&quot;, &quot;PWkYLb6zu&quot;, &quot;PlqfWmoXd&quot;, &quot;hRFBGoiPy&quot;, &quot;PWkYLb6zs&quot;, &quot;hRFBGoiPw&quot;, &quot;PlqfWmoXa&quot;, &quot;PWkYLb6zq&quot;, &quot;hRFBGoiPx&quot;, &quot;hRFBGoiPu&quot;, &quot;PlqfWmoXc&quot;, &quot;PlqfWmoXb&quot;, &quot;FgH1rWlff&quot;, &quot;mWRMnmevc&quot;, &quot;xWm7OUixZ&quot;, &quot;mWRMnmevd&quot;, &quot;FgH1rWlfh&quot;, &quot;mWRMnmevb&quot;, &quot;FgH1rWlfg&quot;, &quot;FgH1rWlfb&quot;, &quot;xWm7OUixV&quot;, &quot;xWm7OUixY&quot;, &quot;FgH1rWlfd&quot;, &quot;xWm7OUixX&quot;, &quot;FgH1rWlfc&quot;, &quot;i3u3j3H4o&quot;, &quot;i3u3j3H4n&quot;, &quot;xWm7OUixT&quot;, &quot;i3u3j3H4m&quot;, &quot;xWm7OUixP&quot;, &quot;i3u3j3H4h&quot;, &quot;i3u3j3H4f&quot;, &quot;ceoLClzma&quot;, &quot;ceoLClzmb&quot;, &quot;i3u3j3H4l&quot;, &quot;i3u3j3H4j&quot;, &quot;i3u3j3H4i&quot;, &quot;ceoLClzmg&quot;, &quot;i3u3j3H4d&quot;, &quot;ceoLClzmc&quot;, &quot;ceoLClzmd&quot;, &quot;ceoLClzme&quot;, &quot;mWRMnmeve&quot;, &quot;xWm7OUix3&quot;, &quot;xWm7OUix2&quot;, &quot;xWm7OUix4&quot;, &quot;SR4xpBIQK&quot;, &quot;xWm7OUix1&quot;, &quot;SR4xpBIQI&quot;, &quot;SR4xpBIQP&quot;, &quot;SR4xpBIQO&quot;, &quot;SR4xpBIQM&quot;, &quot;SR4xpBIQT&quot;, &quot;SR4xpBIQS&quot;, &quot;SR4xpBIQR&quot;, &quot;SR4xpBIQQ&quot;, &quot;SR4xpBIQU&quot;, &quot;FgH1rWlfi&quot;, &quot;xlsoZ4AVv&quot;, &quot;xlsoZ4AVr&quot;, &quot;xlsoZ4AVz&quot;, &quot;xlsoZ4AVx&quot;, &quot;dvUj9wMd2&quot;, &quot;oyfI2PJ5y&quot;, &quot;dvUj9wMd9&quot;, &quot;xlsoZ4AVE&quot;, &quot;FpebNc2He&quot;, &quot;xlsoZ4AVF&quot;, &quot;FpebNc2Hd&quot;, &quot;FpebNc2Hc&quot;, &quot;xlsoZ4AVD&quot;, &quot;FpebNc2Hb&quot;, &quot;xlsoZ4AVA&quot;, &quot;xlsoZ4AVB&quot;, &quot;xlsoZ4AVG&quot;]&gt;" type="java.lang.AssertionError"><![CDATA[java.lang.AssertionError: 

Expected size:<10000> but was:<9993> in:
<["wERzhI5F0", "AMqzzN7b4", "fZfkknokT", "fZfkknok9", "fZfkknok8", "AMqzzN7bP", "wERzhI5FR", "AMqzzN7bY", "AMqzzN7bX", "wERzhI5FP", "AMqzzN7bZ", "AMqzzN7bU", "wERzhI5FV", "wERzhI5FT", "AMqzzN7bV", "wERzhI5FU", "wERzhI5FL", "wHHCJtZuC", "SMoqv5VdC", "wHHCJtZuD", "SMoqv5VdA", "wHHCJtZuB", "SMoqv5VdB", "fZfkknokZ", "FQSoCXAa", "AmR4xZ0P9", "wHHCJtZuE", "FQSoCXAc", "AmR4xZ0P7", "wERzhI5FZ", "AmR4xZ0P6", "wERzhI5FX", "wERzhI5FY", "AmR4xZ0P1", "gghE0UNeL", "gghE0UNeU", "gghE0UNeW", "gghE0UNeX", "gghE0UNeR", "gghE0UNeT", "LDpKF5tMV", "LDpKF5tMS", "LDpKF5tMT", "LDpKF5tMY", "LDpKF5tMW", "LDpKF5tMX", "LDpKF5tMM", "LDpKF5tMQ", "wHHCJtZup", "LDpKF5tMR", "LDpKF5tMO", "SMoqv5Vds", "eibgLn460", "wHHCJtZut", "SMoqv5Vdq", "gghE0UNe0", "SMoqv5Vdw", "wHHCJtZux", "SMoqv5Vdx", "SMoqv5Vdu", "wHHCJtZuv", "eibgLn467", "eibgLn468", "fZfkknok6", "wHHCJtZuy", "fZfkknok5", "fZfkknok4", "wHHCJtZuz", "gghE0UNe1", "fZfkknok2", "gghE0UNe2", "fZfkknok1", "rIbyV1Rr9", "rIbyV1Rr4", "AMqzzN7b1", "SMoqv5Vdy", "AMqzzN7b3", "SMoqv5Vdz", "AMqzzN7b2", "kcurvYduf", "s2xaUXX80", "s2xaUXX82", "s2xaUXX81", "buXSsfahE", "rIbyV1Rsi", "rIbyV1Rsh", "s2xaUXX8N", "hXlIzT6sJ", "rIbyV1Rsf", "rIbyV1Rse", "hXlIzT6sD", "rIbyV1Rsd", "s2xaUXX8R", "rIbyV1Rsb", "s2xaUXX8T", "hXlIzT6sQ", "hXlIzT6sP", "s2xaUXX8V", "hXlIzT6sS", "s2xaUXX8X", "THbxtdVyl", "hXlIzT6sL", "s2xaUXX8W", "hXlIzT6sO", "s2xaUXX8Z", "NMSmIDNa8", "hXlIzT6sN", "THbxtdVyo", "kcurvYdur", "NMSmIDNa6", "kcurvYduq", "THbxtdVym", "kcurvYdut", "THbxtdVys", "gghE0UNeY", "kcurvYduv", "hXlIzT6sU", "THbxtdVyt", "kcurvYduu", "hXlIzT6sT", "THbxtdVyq", "THbxtdVyr", "kcurvYduw", "THbxtdVyw", "kcurvYdul", "THbxtdVyu", "THbxtdVyv", "kcurvYdun", "kcurvYdup", "E2vKc9P92", "E2vKc9P91", "E2vKc9P94", "E2vKc9P93", "FQSoCXAf", "TsZgerqs8", "FQSoCXAe", "FQSoCXAh", "FQSoCXAg", "DCt1kHVP1", "FQSoCXAj", "DCt1kHVP2", "FQSoCXAi", "TsZgerqs6", "rIbyV1Rsk", "rIbyV1Rsj", "E2vKc9P9V", "E2vKc9P9U", "E2vKc9P9X", "E2vKc9P9Q", "AmR4xZ0Qg", "AmR4xZ0Qf", "AmR4xZ0Qe", "DCt1kHVPQ", "E2vKc9P9Z", "AmR4xZ0Qd", "uR7oPdYOP", "E2vKc9P9Y", "uR7oPdYOO", "AmR4xZ0Qb", "AmR4xZ0Qa", "uR7oPdYOQ", "uR7oPdYOL", "uR7oPdYOK", "uR7oPdYON", "DCt1kHVP3", "DCt1kHVP4", "uR7oPdYOH", "uR7oPdYOJ", "uR7oPdYOF", "uR7oPdYOB", "NEmcnm5Jc", "MXLmE1AtE", "MXLmE1AtF", "NEmcnm5Ja", "MXLmE1AtD", "NEmcnm5Jg", "NEmcnm5Je", "MXLmE1AtG", "NEmcnm5Jf", "NEmcnm5Jk", "RdQxinjry", "NEmcnm5Jl", "NEmcnm5Ji", "RdQxinjrw", "NEmcnm5Jj", "MXLmE1AtA", "MXLmE1AtB", "NEmcnm5Jm", "DCt1kHVPU", "DCt1kHVPV", "WTc5amub", "DCt1kHVPY", "RdQxinjru", "DCt1kHVPZ", "Fmn8lr8SA", "DCt1kHVPX", "WTc5amua", "NMSmIDNbh", "NMSmIDNbi", "xtYzllinz", "rcWW0HXs3", "xtYzllint", "xtYzllinr", "xtYzllinx", "xtYzllinv", "xtYzllinw", "xtYzllinn", "rcWW0HXs5", "RdQxinjrF", "rcWW0HXs7", "RdQxinjrG", "rcWW0HXs8", "rcWW0HXs9", "mT1IVBkGA", "RdQxinjrA", "iA6uQuHTL", "RdQxinjrD", "RdQxinjrE", "QdnjrJvtu", "iA6uQuHTN", "RdQxinjrB", "RdQxinjrC", "iA6uQuHTP", "p6NCgylRz", "iA6uQuHTR", "k97BUQ7DN", "iA6uQuHTQ", "p6NCgylRu", "iA6uQuHTT", "iA6uQuHTV", "iA6uQuHTU", "MXLmE1Atu", "k97BUQ7DY", "QdnjrJvti", "k97BUQ7DX", "Fmn8lr8Sz", "iA6uQuHTW", "flux3MMT0", "QdnjrJvtk", "k97BUQ7DV", "MXLmE1Aty", "k97BUQ7DT", "MXLmE1Atz", "MXLmE1Atw", "QdnjrJvtr", "flux3MMT6", "Fmn8lr8Sr", "QdnjrJvtq", "flux3MMT7", "Fmn8lr8Su", "xtYzllinB", "QdnjrJvtt", "flux3MMT8", "Fmn8lr8St", "QdnjrJvts", "xtYzllinC", "flux3MMT2", "rcWW0HXsY", "QdnjrJvtm", "flux3MMT3", "Fmn8lr8Sv", "QdnjrJvtp", "flux3MMT4", "Fmn8lr8Sy", "QdnjrJvto", "k97BUQ7DZ", "Fmn8lr8Sx", "mT1IVBkGk", "NMSmIDNbf", "NMSmIDNbg", "Fmn8lr8Sm", "NMSmIDNbe", "NMSmIDNbb", "tUueqk4Fc", "NMSmIDNbc", "tUueqk4Fd", "xtYzllinA", "Fmn8lr8Sq", "NMSmIDNba", "tUueqk4Fb", "k97BUQ7D1", "tUueqk4Fg", "mT1IVBkGt", "tUueqk4Fh", "mT1IVBkGu", "mT1IVBkGv", "tUueqk4Ff", "mT1IVBkGp", "tUueqk4Fi", "mT1IVBkGr", "ipKg3s6Dm", "ipKg3s6Dl", "mT1IVBkGx", "rcWW0HXtb", "ipKg3s6Dk", "k97BUQ7D4", "ipKg3s6Dj", "mT1IVBkGy", "rcWW0HXtc", "k97BUQ7D3", "k97BUQ7D2", "mT1IVBkGz", "rcWW0HXtd", "ipKg3s6Dh", "ipKg3s6Dg", "ipKg3s6Df", "ipKg3s6Dd", "iA6uQuHTF", "ipKg3s6Db", "p6NCgylRB", "rcWW0HXte", "kQfdMyOVy", "HBwRhwfT0", "kQfdMyOVx", "kQfdMyOVw", "tUueqk4E3", "p6NCgylRK", "MDSYwJhK4", "p6NCgylRI", "tUueqk4E7", "MDSYwJhK3", "p6NCgylRJ", "MDSYwJhK5", "p6NCgylRH", "p6NCgylRE", "MDSYwJhK8", "p6NCgylRF", "MDSYwJhK7", "tUueqk4E9", "p6NCgylRD", "MDSYwJhK9", "wtvluHupq", "ipKg3s6C5", "wtvluHupf", "kQfdMyOVv", "eibgLn47a", "wtvluHuph", "kQfdMyOVt", "flux3MMTQ", "kQfdMyOVs", "wtvluHupb", "kQfdMyOVr", "eibgLn47d", "eibgLn47e", "kQfdMyOVp", "eibgLn47c", "kQfdMyOVn", "wtvluHupn", "PwMtJn0dE", "eibgLn47i", "flux3MMTX", "eibgLn47f", "wtvluHupp", "PwMtJn0dC", "flux3MMTY", "wtvluHupo", "eibgLn47g", "wtvluHupj", "kQfdMyOVh", "wtvluHupl", "MDSYwJhKY", "wtvluHupk", "PwMtJn0dL", "sIEMMFFqg", "jqduT6UBr", "l4UIRY7YR", "PwMtJn0dM", "l4UIRY7YS", "PwMtJn0dJ", "jqduT6UBp", "l4UIRY7YT", "PwMtJn0dK", "JKZtj4zik", "l4UIRY7YN", "PwMtJn0dI", "jqduT6UBv", "jqduT6UBs", "l4UIRY7YP", "PwMtJn0dG", "jqduT6UBt", "l4UIRY7YI", "sIEMMFFqn", "JKZtj4zio", "sIEMMFFqp", "jqduT6UBh", "JKZtj4zim", "sIEMMFFqq", "JKZtj4zir", "jqduT6UBn", "sIEMMFFql", "JKZtj4zip", "PwMtJn0dN", "JKZtj4ziq", "PwMtJn0dO", "sIEMMFFqv", "sIEMMFFqw", "LpdtriYHy", "sIEMMFFqr", "MDSYwJhLa", "sIEMMFFqt", "sIEMMFFqu", "jqduT6UBy", "l4UIRY7YY", "jqduT6UBw", "jqduT6UBx", "l4UIRY7YV", "l4UIRY7YW", "l4UIRY7YX", "fZfkknola", "LpdtriYHF", "LpdtriYHI", "LpdtriYHH", "LpdtriYHC", "LpdtriYHE", "LpdtriYHD", "LpdtriYHA", "HBwRhwfT2", "JKZtj4ziv", "JKZtj4ziw", "HBwRhwfT4", "JKZtj4zit", "HBwRhwfT5", "JKZtj4ziu", "HBwRhwfT6", "HBwRhwfT7", "HBwRhwfT9", "LpdtriYHK", "LpdtriYHJ", "ps2PZXKqx", "ps2PZXKqz", "oszB9jWsg", "oszB9jWsl", "oszB9jWsn", "oszB9jWsp", "oszB9jWsq", "oszB9jWsr", "oszB9jWst", "oszB9jWsu", "oszB9jWsv", "ps2PZXKqs", "oszB9jWsw", "HBwRhwfUc", "zmoQHmcRY", "zmoQHmcRZ", "d9E6p7nE4", "b0cuny4gK", "ps2PZXKqF", "ps2PZXKqG", "ps2PZXKqH", "b0cuny4gR", "ps2PZXKqI", "zmoQHmcRP", "b0cuny4gS", "b0cuny4gU", "b0cuny4gW", "b0cuny4gX", "b0cuny4gY", "b0cuny4gZ", "zmoQHmcRX", "zmoQHmcRU", "HBwRhwfUa", "zmoQHmcRV", "HBwRhwfUb", "mIFu8zJp0", "BHdGwV7wO", "BHdGwV7wJ", "BHdGwV7wT", "BHdGwV7wW", "BHdGwV7wV", "BHdGwV7wP", "BHdGwV7wS", "BHdGwV7wR", "b0cuny4g0", "b0cuny4g2", "BHdGwV7wY", "BHdGwV7wX", "qHIk5n3tX", "qHIk5n3tZ", "qHIk5n3tS", "qHIk5n3t7", "qHIk5n3t8", "lq9WBowxG", "qHIk5n3t3", "qHIk5n3t5", "qHIk5n3t6", "zXjzwbUud", "lq9WBowxL", "lq9WBowxP", "lq9WBowxN", "d9E6p7nFk", "zXjzwbUul", "TbWVxT1zk", "zXjzwbUui", "TbWVxT1zl", "d9E6p7nFi", "zXjzwbUuj", "TbWVxT1zm", "d9E6p7nFj", "d9E6p7nFg", "TbWVxT1zn", "d9E6p7nFh", "zXjzwbUup", "TbWVxT1zo", "d9E6p7nFe", "zXjzwbUum", "TbWVxT1zp", "zXjzwbUun", "TbWVxT1zq", "wB1vPYbRl", "zXjzwbUus", "wB1vPYbRk", "wB1vPYbRj", "zXjzwbUuq", "TbWVxT1ze", "zXjzwbUur", "TbWVxT1zg", "d9E6p7nFm", "TbWVxT1zi", "wB1vPYbRm", "TMREmJJbO", "TMREmJJbN", "TMREmJJbM", "TMREmJJbL", "TMREmJJbK", "TMREmJJbJ", "TMREmJJbI", "TMREmJJbG", "TMREmJJbE", "TMREmJJbD", "lq9WBowxT", "lq9WBowxQ", "lq9WBowxR", "lq9WBowxW", "lq9WBowxU", "lq9WBowxV", "qHIk5n3t1", "qHIk5n3t2", "MhawWF5d0", "ps2PZXKqB", "ps2PZXKqC", "ps2PZXKqD", "zmoQHmcR3", "zmoQHmcR4", "mIFu8zJpK", "zmoQHmcR1", "zmoQHmcR2", "mIFu8zJpR", "mIFu8zJpP", "wB1vPYbRd", "mIFu8zJpU", "MhawWF5dV", "MhawWF5dU", "mIFu8zJpV", "wB1vPYbRb", "MhawWF5dT", "MhawWF5dS", "mIFu8zJpT", "wB1vPYbRh", "mIFu8zJpY", "MhawWF5dQ", "wB1vPYbRg", "mIFu8zJpZ", "wB1vPYbRf", "MhawWF5dO", "mIFu8zJpX", "d9E6p7nFc", "d9E6p7nFb", "MhawWF5dZ", "MhawWF5dY", "MhawWF5dX", "SjZR2wU2Y", "tr5FWL4uB", "QLrYOOjg4", "RpcK5oUH6", "RpcK5oUH4", "QLrYOOjg6", "xiClyjG6Z", "QLrYOOjg2", "RpcK5oUH8", "QLrYOOjg8", "QLrYOOjg9", "FZ8UB2KjB", "FZ8UB2KjC", "FZ8UB2KjA", "oMr0hCfaZ", "ndT63TDo0", "uUXsgYSDf", "ndT63TDo1", "oMr0hCfaX", "oMr0hCfaW", "oMr0hCfaV", "ndT63TDo3", "uUXsgYSDj", "oMr0hCfaT", "SjZR2wU3a", "oMr0hCfaR", "uUXsgYSDl", "tr5FWL4uH", "uUXsgYSDo", "uUXsgYSDn", "tr5FWL4uF", "uUXsgYSDp", "wB1vPYbQ7", "tr5FWL4uL", "ndT63TDo4", "uUXsgYSDs", "tr5FWL4uK", "uUXsgYSDr", "ndT63TDo5", "tr5FWL4uJ", "ndT63TDo6", "uUXsgYSDu", "uUXsgYSDt", "tr5FWL4uP", "tr5FWL4uO", "gFP92ITAz", "tr5FWL4uN", "tr5FWL4uQ", "xiClyjG60", "RpcK5oUIf", "xiClyjG61", "RpcK5oUIg", "RpcK5oUId", "RpcK5oUIe", "ndT63TDoQ", "FZ8UB2Kjo", "xiClyjG62", "xIaQz7NsB", "ndT63TDoX", "FZ8UB2Kjs", "ndT63TDoZ", "FZ8UB2Kjv", "FZ8UB2Kjw", "ndT63TDoV", "FZ8UB2Kjt", "pvSTrIEe6", "FZ8UB2Kjz", "FZ8UB2Kjx", "RpcK5oUIb", "SjZR2wU20", "RpcK5oUIc", "RpcK5oUIa", "SjZR2wU24", "xiClyjG6N", "SjZR2wU22", "SjZR2wU27", "SjZR2wU28", "SjZR2wU25", "SjZR2wU26", "xiClyjG6X", "xiClyjG6V", "SjZR2wU29", "xiClyjG6W", "xiClyjG6T", "xiClyjG6R", "xIaQz7NsF", "xIaQz7NsH", "xIaQz7NsJ", "xIaQz7NsK", "xIaQz7NsL", "xIaQz7NsN", "xIaQz7NsO", "xIaQz7NsP", "xIaQz7NsQ", "kzcS51p1p", "kzcS51p1z", "kzcS51p1x", "kzcS51p1v", "z8FNjdvKV", "z8FNjdvKX", "z8FNjdvKW", "z8FNjdvKZ", "QLrYOOjhd", "QLrYOOjhe", "mLvyAkDeE", "QLrYOOjha", "QLrYOOjhb", "QLrYOOjhc", "z8FNjdvKN", "h21PtpT6b", "h21PtpT6a", "mLvyAkDeD", "mLvyAkDeC", "z8FNjdvKT", "mLvyAkDeB", "z8FNjdvKS", "h21PtpT6c", "BYf1dtwqP", "BYf1dtwqQ", "BYf1dtwqN", "BYf1dtwqO", "BYf1dtwqL", "BYf1dtwqJ", "BYf1dtwqK", "JfKRoKFje", "BYf1dtwqH", "h21PtpT5V", "JfKRoKFjg", "BYf1dtwqG", "JfKRoKFji", "JfKRoKFjj", "BYf1dtwqB", "JfKRoKFjk", "CNm1g5I8r", "JfKRoKFjl", "CNm1g5I8s", "CNm1g5I8p", "z8FNjdvK0", "JfKRoKFjn", "CNm1g5I8q", "CNm1g5I8n", "JfKRoKFjo", "z8FNjdvK2", "z8FNjdvK1", "JfKRoKFjp", "CNm1g5I8l", "JfKRoKFjq", "CNm1g5I8m", "oMr0hCfa2", "oMr0hCfaM", "h21PtpT59", "h21PtpT57", "pvSTrIEfb", "h21PtpT56", "pvSTrIEfd", "pvSTrIEff", "pvSTrIEfg", "pvSTrIEfh", "pvSTrIEfj", "pvSTrIEfk", "pvSTrIEfl", "pvSTrIEfm", "CNm1g5I8j", "oMr0hCfa1", "oMr0hCfa0", "CNm1g5I8i", "CNm1g5I8d", "h21PtpT51", "h21PtpT55", "h21PtpT53", "h5RSVaNUQ", "h5RSVaNUP", "Np9U8AAD0", "Np9U8AAD1", "Np9U8AAD2", "Np9U8AAD4", "LxJDMzF9F", "Np9U8AAD5", "LxJDMzF9G", "Np9U8AAD6", "Np9U8AAD7", "pPLhz0WXS", "Np9U8AAD8", "BvRsJUwgf", "h5RSVaNUF", "BvRsJUwge", "BvRsJUwgn", "h5RSVaNUL", "BvRsJUwgo", "BvRsJUwgl", "h5RSVaNUO", "h5RSVaNUN", "BvRsJUwgm", "BvRsJUwgj", "h5RSVaNUH", "BvRsJUwgh", "h5RSVaNUK", "h5RSVaNUJ", "BvRsJUwgi", "pPLhz0WXQ", "LxJDMzF9A", "pPLhz0WXR", "pPLhz0WXP", "pPLhz0WXM", "LxJDMzF9D", "pPLhz0WXN", "LxJDMzF9E", "LxJDMzF9B", "pPLhz0WXL", "pPLhz0WXJ", "pPLhz0WXH", "pPLhz0WXC", "NJ2jgSTmE", "NJ2jgSTmA", "NJ2jgSTmB", "NJ2jgSTmC", "NJ2jgSTmD", "NJ2jgSTmu", "nOOPSJk1j", "NJ2jgSTmw", "NJ2jgSTmx", "nOOPSJk1l", "NJ2jgSTms", "nOOPSJk1n", "h5RSVaNUz", "nOOPSJk1e", "kzcS51p1B", "b8IEIPLIG", "kzcS51p1A", "b8IEIPLIQ", "nOOPSJk1p", "nOOPSJk1o", "b8IEIPLIO", "nOOPSJk1r", "b8IEIPLIN", "b8IEIPLIU", "nOOPSJk1t", "kzcS51p1G", "b8IEIPLIT", "nOOPSJk1s", "kzcS51p1F", "b8IEIPLIS", "kzcS51p1E", "kzcS51p1D", "nOOPSJk1u", "b8IEIPLIY", "b8IEIPLIW", "x7JlBVTOE", "b8IEIPLIV", "x7JlBVTOD", "x7JlBVTOC", "SpFYV2IGi", "x7JlBVTOB", "SpFYV2IGg", "ovpFA4Qg7", "ovpFA4Qg8", "ovpFA4Qg9", "x13eIp6bk", "x13eIp6bj", "SpFYV2IGr", "x13eIp6bm", "x13eIp6bl", "SpFYV2IGs", "x13eIp6bg", "x13eIp6bf", "CKwXPkPjz", "x13eIp6bh", "x13eIp6bb", "SpFYV2IGm", "ovpFA4Qg1", "x13eIp6bd", "SpFYV2IGk", "SpFYV2IGp", "ovpFA4Qg3", "SpFYV2IGq", "ovpFA4Qg4", "SpFYV2IGn", "ovpFA4Qg5", "SpFYV2IGo", "cGNj5UzwA", "jnnrsl0MP", "jnnrsl0MO", "cGNj5UzwD", "jnnrsl0MN", "cGNj5UzwC", "jnnrsl0MU", "jnnrsl0MT", "jnnrsl0MS", "jnnrsl0MR", "cGNj5UzwI", "Ez7bJAPZo", "BvRsJUwf9", "cGNj5UzwF", "cGNj5UzwE", "cGNj5UzwG", "x7JlBVTOv", "Ez7bJAPZv", "Ez7bJAPZw", "x7JlBVTOt", "Ez7bJAPZx", "jnnrsl0MD", "Ez7bJAPZs", "x7JlBVTOp", "Ez7bJAPZt", "FOMGO0821", "FOMGO0820", "jnnrsl0ML", "x7JlBVTOz", "Ez7bJAPZz", "x7JlBVTOy", "jnnrsl0MJ", "x7JlBVTOx", "FOMGO0822", "s8dhOtLMd", "s8dhOtLMf", "s8dhOtLMe", "Ez7bJAPZA", "Ez7bJAPZB", "s8dhOtLMb", "Ez7bJAPZC", "s8dhOtLMk", "s8dhOtLMh", "s8dhOtLMj", "s8dhOtLMi", "cGNj5Uzwq", "FOMGO082X", "FOMGO082W", "FOMGO082V", "FOMGO082Z", "cGNj5Uzwy", "FOMGO082O", "FOMGO082T", "cGNj5Uzwx", "FOMGO082S", "eHJLNcbs6", "xQG0VouUB", "hDtkrBNKm", "eHJLNcbs5", "eHJLNcbs4", "hDtkrBNKn", "hDtkrBNKo", "hDtkrBNKi", "hDtkrBNKj", "hDtkrBNKk", "hDtkrBNKd", "xQG0VouUJ", "hDtkrBNKf", "xQG0VouUG", "hDtkrBNKg", "xQG0VouUH", "eHJLNcbs2", "xQG0VouUF", "eHJLNcbs1", "eHJLNcbs0", "xQG0VouUD", "s8dhOtLL5", "xCuJGBZPj", "xQG0VouUM", "xCuJGBZPp", "xQG0VouUK", "xCuJGBZPn", "xQG0VouUL", "s8dhOtLL9", "eHJLNcbsV", "uvoXfaMhz", "jkxn0A6Yb", "jkxn0A6Ya", "uvoXfaMhx", "xCuJGBZPy", "eHJLNcbsY", "eHJLNcbsW", "uvoXfaMhr", "xCuJGBZPs", "xCuJGBZPt", "xCuJGBZPr", "jkxn0A6Yg", "uvoXfaMhv", "xCuJGBZPw", "jkxn0A6Yf", "jkxn0A6Ye", "xCuJGBZPx", "jkxn0A6Yd", "eHJLNcbsO", "xCuJGBZPv", "b22xPjX5D", "b22xPjX5C", "b22xPjX5B", "b22xPjX5A", "b22xPjX5G", "xQG0VouUx", "b22xPjX5E", "AvoeTgIhX", "bmrH6YsPZ", "bmrH6YsPY", "pVrotwKA9", "pVrotwKA8", "pVrotwKA7", "pVrotwKA5", "pVrotwKA4", "pVrotwKA3", "bmrH6YsPQ", "pVrotwKA1", "bmrH6YsPS", "bmrH6YsPV", "bmrH6YsPU", "bmrH6YsPX", "bmrH6YsPW", "bmrH6YsPI", "AvoeTgIh3", "AvoeTgIh2", "bmrH6YsPP", "AvoeTgIh9", "AvoeTgIh7", "AvoeTgIh6", "AvoeTgIh5", "pVrotwKAZ", "AvoeTgIic", "AvoeTgIib", "AvoeTgIia", "pVrotwKAU", "KxgpVVSbu", "KxgpVVSbs", "KxgpVVSbt", "KxgpVVSbr", "hDtkrBNJ7", "KxgpVVSbo", "KxgpVVSbp", "KxgpVVSbm", "KxgpVVSbn", "KxgpVVSbk", "jkxn0A6X9", "KxgpVVSbi", "jkxn0A6X7", "jkxn0A6X5", "jkxn0A6XZ", "fraEXiAw9", "uvoXfaMhB", "uvoXfaMhA", "uvoXfaMhF", "uvoXfaMhG", "uvoXfaMhD", "uvoXfaMhE", "cUZBkG4BT", "cUZBkG4BU", "IQcmmWyXq", "cUZBkG4BW", "n0a3FKWhO", "KZEYpuSlM", "IQcmmWyXx", "IQcmmWyXw", "KZEYpuSlO", "IQcmmWyXz", "n0a3FKWhT", "KZEYpuSlP", "IQcmmWyXs", "n0a3FKWhV", "KZEYpuSlK", "IQcmmWyXv", "n0a3FKWhY", "IQcmmWyXu", "n0a3FKWhX", "KZEYpuSlU", "cUZBkG4BE", "n0a3FKWhZ", "KZEYpuSlV", "KZEYpuSlW", "KZEYpuSlQ", "KZEYpuSlR", "KZEYpuSlT", "cUZBkG4BL", "cUZBkG4BM", "cUZBkG4BO", "pVrotwKBa", "cUZBkG4BQ", "cUZBkG4BR", "cUZBkG4BS", "fraEXiAxg", "fraEXiAxf", "LxJDMzF9u", "n0a3FKWh1", "n0a3FKWh3", "n0a3FKWh2", "n0a3FKWh4", "Np9U8AADW", "Np9U8AADY", "mZHPO68jC", "IQcmmWyXB", "IQcmmWyXA", "fraEXiAxq", "fraEXiAxp", "mZHPO68jJ", "fraEXiAxm", "LxJDMzF9y", "fraEXiAxl", "mZHPO68jL", "fraEXiAxo", "LxJDMzF9w", "mZHPO68jM", "fraEXiAxi", "IQcmmWyXC", "mZHPO68jH", "LxJDMzF9z", "fraEXiAxk", "F2YX3ND72", "TPHHOuC0n", "N04DXqigu", "mZHPO68jR", "TPHHOuC0m", "N04DXqigv", "mZHPO68jS", "N04DXqigw", "TPHHOuC0k", "F2YX3ND76", "N04DXqigq", "mZHPO68jN", "TPHHOuC0i", "TPHHOuC0h", "N04DXqigs", "mZHPO68jP", "F2YX3ND77", "N04DXqigt", "mZHPO68jQ", "N04DXqigm", "N04DXqigo", "N04DXqigp", "N04DXqigk", "H05mjkmfT", "H05mjkmfU", "H05mjkmfS", "H05mjkmfX", "H05mjkmfY", "H05mjkmfV", "H05mjkmfQ", "H05mjkmfO", "R5NANKpXT", "R5NANKpXS", "R5NANKpXV", "R5NANKpXU", "R5NANKpXW", "R5NANKpXK", "F2YX3ND79", "R5NANKpXM", "H05mjkmf0", "R5NANKpXO", "R5NANKpXR", "R5NANKpXQ", "LI5RzBhqb", "LI5RzBhqa", "ft0Io3ulZ", "ft0Io3ulY", "LI5RzBhqg", "ft0Io3ulW", "ft0Io3ulT", "LI5RzBhqd", "ft0Io3ulU", "LI5RzBhqf", "LI5RzBhqe", "xcWeENTtB", "ft0Io3ulN", "xcWeENTtE", "xcWeENTtD", "xcWeENTtF", "xcWeENTtI", "xcWeENTtH", "xcWeENTtK", "xcWeENTtJ", "w7f7Lh5Qh", "w7f7Lh5Qd", "MDSYwJhK0", "MDSYwJhK2", "H05mjkmfZ", "ft0Io3ul4", "ft0Io3ul2", "ft0Io3ul3", "ft0Io3ul0", "j6OkCspRd", "j6OkCspRe", "j6OkCspRb", "j6OkCspRc", "t5QsdmFVD", "t5QsdmFVJ", "t5QsdmFVH", "Ei4Q23q5A", "t5QsdmFVN", "LI5RzBhp6", "t5QsdmFVL", "LI5RzBhp9", "LI5RzBhp8", "t5QsdmFVM", "Ei4Q23q5E", "t5QsdmFVR", "Ei4Q23q5D", "t5QsdmFVS", "t5QsdmFVP", "LI5RzBhp4", "Ei4Q23q5B", "t5QsdmFVQ", "w7f7Lh5Qn", "WTc5amt4", "w7f7Lh5Qm", "jEpL8TpGv", "WTc5amt1", "w7f7Lh5Qp", "WTc5amt2", "w7f7Lh5Qj", "WTc5amt7", "WTc5amt8", "w7f7Lh5Ql", "WTc5amt6", "w7f7Lh5Qr", "w7f7Lh5Qq", "w7f7Lh5Qs", "tREaYAaQz", "tREaYAaQt", "tREaYAaQy", "tREaYAaQx", "tREaYAaQv", "phGCcV89X", "WTc5amtU", "phGCcV89Z", "Ei4Q23q5w", "WTc5amt9", "phGCcV89S", "Ei4Q23q5I", "Ei4Q23q5H", "FLWDngfea", "Ei4Q23q5F", "phGCcV898", "Ei4Q23q5K", "Ei4Q23q5J", "FLWDngfeh", "FLWDngfej", "FLWDngfei", "FLWDngfef", "FLWDngfee", "phGCcV895", "phGCcV896", "phGCcV897", "phGCcV891", "phGCcV892", "phGCcV893", "BBxzDqjTz", "k7hys6dPp", "k7hys6dPq", "cDXgD9FH4", "k7hys6dPl", "cDXgD9FH2", "cDXgD9FH1", "cDXgD9FH0", "k7hys6dPn", "k7hys6dPo", "FLWDngfeo", "ECXfblJN2", "FLWDngfel", "ECXfblJN9", "ECXfblJN6", "FLWDngfen", "ECXfblJN7", "FLWDngfem", "cDXgD9FHM", "cDXgD9FHU", "cDXgD9FHT", "k7hys6dPh", "k7hys6dPj", "k7hys6dPk", "cDXgD9FHZ", "cDXgD9FHY", "k7hys6dPf", "cDXgD9FHW", "CKwXPkPjH", "CKwXPkPjI", "CKwXPkPjF", "CKwXPkPjL", "tREaYAaQp", "CKwXPkPjM", "CKwXPkPjJ", "BBxzDqjTA", "BBxzDqjTB", "BBxzDqjTD", "BBxzDqjTE", "jEpL8TpGL", "CKwXPkPjE", "BBxzDqjTF", "jEpL8TpGM", "jEpL8TpGJ", "BBxzDqjTG", "jEpL8TpGK", "CKwXPkPjN", "CKwXPkPjO", "k7hys6dO9", "tREaYAaQE", "tREaYAaQD", "tREaYAaQC", "tREaYAaQB", "jEpL8TpGH", "FQSoCXz9", "jEpL8TpGF", "jEpL8TpGG", "jEpL8TpGD", "jEpL8TpGB", "BBxzDqjTr", "FQSoCXz1", "BBxzDqjTw", "BBxzDqjTx", "j6OkCspQ7", "OQbD02uX0", "j6OkCspQ8", "j6OkCspQ5", "j6OkCspQ3", "OQbD02uX7", "OQbD02uX8", "OQbD02uX5", "OQbD02uX6", "OQbD02uX4", "OQbD02uX2", "ECXfblJOe", "j6OkCspQX", "ECXfblJOf", "ECXfblJOd", "xcWeENTtv", "ECXfblJOg", "OQbD02uXW", "xcWeENTtz", "ECXfblJOa", "ECXfblJOb", "OQbD02uXY", "j6OkCspQ9", "NHcfO7ZxT", "NHcfO7ZxS", "NHcfO7ZxU", "NHcfO7ZxX", "NHcfO7ZxW", "NHcfO7ZxZ", "NHcfO7ZxY", "ElUUuOkUa", "NHcfO7ZxO", "NHcfO7ZxQ", "ElUUuOkUh", "ElUUuOkUi", "ElUUuOkUj", "ElUUuOkUe", "ElUUuOkUf", "ElUUuOkUo", "ElUUuOkUl", "ElUUuOkUm", "ElUUuOkUn", "GUV1zaKEr", "GUV1zaKEt", "GUV1zaKEu", "GUV1zaKEv", "NHcfO7Zx0", "GUV1zaKEw", "GUV1zaKEk", "GUV1zaKEm", "TPHHOuC0s", "GUV1zaKEn", "TPHHOuC0r", "TPHHOuC0q", "GUV1zaKEp", "TPHHOuC0p", "GUV1zaKEq", "TPHHOuC0o", "yT0idNcHt", "yT0idNcHs", "yT0idNcHv", "yT0idNcHx", "yT0idNcHw", "yT0idNcHz", "PtWqhC6o7", "wfi4fUZka", "PtWqhC6o6", "yT0idNcHn", "PtWqhC6o9", "PtWqhC6o8", "PtWqhC6o2", "PtWqhC6o5", "PtWqhC6o4", "wfi4fUZkc", "wfi4fUZkb", "nDsB5HJKJ", "S0AHKSqiG", "ltZZ29qmt", "ltZZ29qmu", "rQHJhiyUg", "S0AHKSqiE", "nDsB5HJKL", "ltZZ29qmv", "rQHJhiyUf", "nDsB5HJKN", "S0AHKSqiK", "ltZZ29qmx", "nDsB5HJKO", "ltZZ29qmy", "S0AHKSqiI", "nDsB5HJKP", "ltZZ29qmz", "ltZZ29qmk", "rQHJhiyUa", "S0AHKSqiN", "nDsB5HJKR", "S0AHKSqiO", "S0AHKSqiL", "nDsB5HJKS", "S0AHKSqiM", "nDsB5HJKT", "rQHJhiyUe", "nDsB5HJKU", "ltZZ29qmp", "rQHJhiyUd", "S0AHKSqiP", "ltZZ29qmr", "rQHJhiyUb", "S0AHKSqiQ", "PtWqhC6oY", "uye0GVF6e", "uye0GVF6d", "uye0GVF6b", "uye0GVF6i", "uye0GVF6h", "yT0idNcHC", "Om2JTE15", "uye0GVF6f", "nDsB5HJKE", "Om2JTE16", "Om2JTE18", "uye0GVF6k", "DH98edJs8", "uye0GVF6j", "CQc4IQCW1", "iMsIDwjaf", "CQc4IQCW0", "wfi4fUZjX", "iMsIDwjal", "iMsIDwjan", "iMsIDwjap", "CQc4IQCW6", "iMsIDwjaq", "CQc4IQCW5", "iMsIDwjar", "CQc4IQCW4", "CQc4IQCW3", "iMsIDwjat", "iMsIDwjau", "iMsIDwjav", "iMsIDwjaw", "wfi4fUZj9", "Om2JTE1Y", "CQc4IQCWR", "OKvw7wHkE", "OKvw7wHkG", "DH98edJtc", "bjBEFdy04", "Om2JTE2a", "Om2JTE2b", "CQc4IQCWZ", "DH98edJtf", "Om2JTE2c", "DH98edJtg", "wfi4fUZj7", "OKvw7wHkM", "Om2JTE2d", "CQc4IQCWX", "DH98edJtd", "wfi4fUZj6", "OKvw7wHkN", "Om2JTE2e", "CQc4IQCWW", "PtWqhC6o0", "wfi4fUZj5", "OKvw7wHkO", "Om2JTE2f", "DH98edJtj", "wfi4fUZj3", "OKvw7wHkI", "DH98edJtk", "OKvw7wHkJ", "DH98edJth", "wfi4fUZj1", "OKvw7wHkK", "OKvw7wHkP", "OKvw7wHkQ", "ltZZ29qmA", "rQHJhiyT7", "DH98edJtl", "rQHJhiyT5", "DH98edJtm", "rQHJhiyT9", "rQHJhiyT0", "OwjfSKcfq", "OwjfSKcfu", "OwjfSKcfv", "OwjfSKcfs", "OwjfSKcfy", "OwjfSKcfz", "OwjfSKcfw", "OwjfSKcfA", "hOPyeDo0W", "OwjfSKcfB", "A3sUglv5H", "hOPyeDo0T", "hOPyeDo0U", "A3sUglv5N", "hOPyeDo0S", "hOPyeDo0P", "OwjfSKcfC", "A3sUglv5M", "hOPyeDo0Q", "A3sUglv5R", "A3sUglv5P", "A3sUglv5Q", "A3sUglv5V", "A3sUglv5W", "A3sUglv5T", "hOPyeDo0X", "A3sUglv5U", "hOPyeDo0Y", "SDSgaPdLy", "PtWqhC6pa", "SDSgaPdLu", "SDSgaPdLw", "SDSgaPdLA", "SDSgaPdLC", "SDSgaPdLB", "sRaW7WmSc", "uye0GVF55", "SDSgaPdLE", "sRaW7WmSh", "SDSgaPdLD", "SDSgaPdLG", "uye0GVF59", "sRaW7WmSj", "SDSgaPdLF", "sRaW7WmSl", "sRaW7WmSm", "sRaW7WmSn", "sRaW7WmSp", "sRaW7WmSq", "sRaW7WmSr", "hOPyeDo0N", "sRaW7WmSs", "hOPyeDo0H", "vJ4skA5k4", "vJ4skA5k3", "vJ4skA5k6", "vJ4skA5k5", "vJ4skA5k0", "dVsPbkSzQ", "vJ4skA5k1", "dVsPbkSzY", "dVsPbkSzX", "dVsPbkSz6", "dVsPbkSz5", "dVsPbkSz4", "dVsPbkSz3", "dVsPbkSz2", "dVsPbkSz0", "dVsPbkSz8", "KFMAhczDe", "SGIjCz7Aj", "SGIjCz7Ak", "KFMAhczDg", "KFMAhczDi", "SGIjCz7Af", "SGIjCz7Ag", "KFMAhczDk", "SGIjCz7Ah", "KFMAhczDj", "SGIjCz7Ai", "KFMAhczDl", "KFMAhczDo", "KFMAhczDn", "KFMAhczDq", "KFMAhczDp", "e4sdnfnZ8", "SGIjCz7Ac", "SGIjCz7Ae", "e4sdnfnZ5", "e4sdnfnZ6", "SGIjCz7Aa", "GmRmb5WQF", "GmRmb5WQG", "GmRmb5WQH", "GmRmb5WQJ", "GmRmb5WQK", "GmRmb5WQL", "GmRmb5WQM", "GmRmb5WQA", "GmRmb5WQC", "GmRmb5WQD", "vJ4skA5kV", "vJ4skA5kR", "e4sdnfnZY", "vJ4skA5kX", "vJ4skA5kZ", "oj3rN3e0z", "oj3rN3e0k", "oj3rN3e0p", "oj3rN3e0t", "oj3rN3e0u", "oj3rN3e0r", "oj3rN3e0x", "oj3rN3e0y", "oj3rN3e0v", "vyIexzt4n", "vyIexzt4p", "vyIexzt4l", "vyIexzt4h", "bjBEFdy1c", "bjBEFdy1b", "bjBEFdy1g", "bjBEFdy1h", "bjBEFdy1e", "bjBEFdy1k", "vyIexzt4v", "vyIexzt4u", "bjBEFdy1l", "bjBEFdy1i", "bjBEFdy1j", "vyIexzt4w", "vyIexzt4r", "vyIexzt4q", "vyIexzt4t", "IBZ4793So", "IBZ4793Sn", "IBZ4793Sm", "IBZ4793Sl", "IBZ4793Sj", "IBZ4793Si", "IBZ4793Sh", "IBZ4793Sg", "IBZ4793Se", "IBZ4793Sc", "F2YX3ND8b", "F2YX3ND8e", "F2YX3ND8d", "F2YX3ND8g", "F2YX3ND8f", "F2YX3ND8a", "umSMTT4PE", "umSMTT4PD", "Jog1J1mLj", "Jog1J1mLk", "umSMTT4PB", "Jog1J1mLl", "zAA7V8HW9", "Jog1J1mLe", "zAA7V8HW8", "Jog1J1mLf", "Jog1J1mLg", "Jog1J1mLh", "zAA7V8HW3", "umSMTT4PK", "umSMTT4PJ", "umSMTT4PI", "i0EZSiOfK", "Jog1J1mLm", "MPfcjKS1y", "umSMTT4PH", "i0EZSiOfI", "umSMTT4PF", "i0EZSiOfJ", "JlqYigsWy", "JlqYigsWw", "Jog1J1mLa", "Jog1J1mLc", "CS28aBwLv", "r4T0v43Ze", "njAdXpq2f", "njAdXpq2d", "r4T0v43Zj", "r4T0v43Zl", "r4T0v43Zn", "r4T0v43Zp", "r4T0v43Zo", "r4T0v43Zr", "r4T0v43Zt", "i0EZSiOfH", "r4T0v43Zs", "i0EZSiOfE", "i0EZSiOfF", "r4T0v43Zu", "i0EZSiOfD", "i0EZSiOfB", "njAdXpq2j", "NVow3UuDc", "NVow3UuDd", "njAdXpq2h", "NVow3UuDa", "njAdXpq2i", "NVow3UuDb", "njAdXpq2n", "njAdXpq2o", "njAdXpq2l", "NVow3UuDe", "njAdXpq2m", "tuVJowYjj", "NVow3UuC8", "tuVJowYjl", "tuVJowYjf", "NVow3UuC2", "NVow3UuC6", "zZ9CXWOi6", "NVow3UuC7", "zZ9CXWOi5", "NVow3UuC4", "zZ9CXWOi4", "zZ9CXWOi3", "zZ9CXWOi1", "zZ9CXWOi0", "wqFh2WAAJ", "eYL6tJAmN", "wqFh2WAAL", "eYL6tJAmO", "wqFh2WAAK", "i0EZSiOft", "wqFh2WAAM", "wqFh2WAAB", "zZ9CXWOiZ", "wqFh2WAAD", "zZ9CXWOiX", "eYL6tJAmG", "njAdXpq18", "zZ9CXWOiW", "wqFh2WAAF", "wqFh2WAAH", "wqFh2WAAG", "zZ9CXWOiR", "CS28aBwLD", "CS28aBwLE", "CS28aBwLF", "CS28aBwLH", "eYL6tJAmX", "CS28aBwLI", "eYL6tJAmY", "CS28aBwLJ", "CS28aBwLK", "eYL6tJAmT", "tuVJowYjs", "eYL6tJAmU", "tuVJowYjr", "tuVJowYju", "eYL6tJAmW", "tuVJowYjt", "tuVJowYjo", "CS28aBwLA", "eYL6tJAmQ", "tuVJowYjn", "CS28aBwLB", "i0EZSiOfz", "eYL6tJAmS", "tuVJowYjp", "b22xPjX5o", "b22xPjX5w", "b22xPjX5v", "RmmHDD0Tz", "b22xPjX5y", "NktOe4M0E", "NktOe4M0G", "NktOe4M0I", "NktOe4M0K", "NktOe4M0J", "NktOe4M0M", "NktOe4M0O", "wnPeBbGLZ", "NktOe4M0N", "NktOe4M0Q", "NktOe4M0P", "wnPeBbGLX", "qYKFLVsnX", "qYKFLVsnY", "qYKFLVsnZ", "wnPeBbGLT", "qYKFLVsnT", "fwQLQOoaA", "qYKFLVsnU", "qYKFLVsnV", "fwQLQOoaC", "qYKFLVsnP", "qYKFLVsnR", "fwQLQOoaH", "fwQLQOoaI", "fwQLQOoaD", "fwQLQOoaE", "qYKFLVsnK", "fwQLQOoaG", "fwQLQOoar", "fwQLQOoax", "fwQLQOoay", "MPfcjKS1F", "MPfcjKS1E", "MPfcjKS1D", "MPfcjKS1C", "MPfcjKS1A", "MPfcjKS1K", "MPfcjKS1J", "MPfcjKS1I", "MPfcjKS1H", "Q8aqoRvOo", "Q8aqoRvOk", "Q8aqoRvOl", "Q8aqoRvOm", "Q8aqoRvOn", "Q8aqoRvOg", "Q8aqoRvOi", "Q8aqoRvOj", "Q8aqoRvOc", "Q8aqoRvOe", "ien3grvmL", "ien3grvmK", "ien3grvmM", "ien3grvmH", "ien3grvmG", "ien3grvmJ", "ien3grvmD", "ien3grvmF", "ien3grvmB", "nxMvcbV7t", "eQfV8sSU0", "nxMvcbV7v", "nxMvcbV7x", "nxMvcbV7w", "nxMvcbV7z", "eQfV8sSU1", "eQfV8sSU2", "MA2U4YnWq", "MA2U4YnWr", "Mj0AoqY2B", "Mj0AoqY2C", "MA2U4YnWt", "Mj0AoqY2D", "lzF6WFdZS", "MA2U4YnWm", "Mj0AoqY2E", "RmmHDD0TC", "RmmHDD0TB", "MA2U4YnWo", "x13eIp6a7", "MA2U4YnWp", "MA2U4YnWk", "RmmHDD0TA", "lzF6WFdZC", "eQfV8sSUK", "lzF6WFdZJ", "grDSNWovC", "grDSNWovB", "lzF6WFdZH", "eQfV8sSUW", "lzF6WFdZN", "lzF6WFdZM", "eQfV8sSUX", "eQfV8sSUU", "lzF6WFdZL", "grDSNWovA", "eQfV8sSUS", "MA2U4YnWu", "lzF6WFdZR", "lzF6WFdZQ", "MA2U4YnWv", "lzF6WFdZP", "MA2U4YnWw", "eQfV8sSUR", "eQfV8sSUY", "ien3grvmv", "RmmHDD0Tw", "RmmHDD0Ty", "RmmHDD0Tx", "RmmHDD0Ts", "zUtv4q0FE", "zUtv4q0FF", "RmmHDD0Tu", "zUtv4q0FH", "zUtv4q0FI", "RmmHDD0Tq", "zUtv4q0FJ", "zUtv4q0FL", "zUtv4q0FM", "zUtv4q0FN", "zUtv4q0FO", "grDSNWovw", "yCXXxfNNz", "grDSNWovy", "grDSNWovx", "grDSNWovr", "grDSNWovu", "grDSNWovt", "Mj0AoqY2y", "Mj0AoqY2z", "grDSNWovl", "Mj0AoqY2s", "Mj0AoqY2u", "Mj0AoqY2w", "Mj0AoqY2x", "NJ2jgSTmy", "zUtv4q0Fz", "yCXXxfNNv", "yT0idNcHB", "yT0idNcHA", "yCXXxfNNB", "yCXXxfNND", "yCXXxfNNE", "yCXXxfNNF", "yCXXxfNNH", "yCXXxfNNI", "yCXXxfNNJ", "yCXXxfNNK", "umSMTT4Pz", "umSMTT4Pv", "cPjurbgYm", "cPjurbgYw", "za2CUkBBp", "NeNHlyZnw", "NeNHlyZnv", "za2CUkBBn", "cPjurbgYy", "NeNHlyZny", "za2CUkBBo", "NeNHlyZnx", "NeNHlyZns", "za2CUkBBt", "NeNHlyZnr", "za2CUkBBu", "cPjurbgYu", "NeNHlyZnu", "za2CUkBBr", "cPjurbgYt", "za2CUkBBs", "cPjurbgYz", "Mbup3ahAG", "Mbup3ahAH", "Mbup3ahAI", "Mbup3ahAC", "Mbup3ahAD", "Mbup3ahAF", "fcYnIv5sc", "Mbup3ahAA", "fcYnIv5sb", "Mbup3ahAB", "fcYnIv5sa", "rwPk80gbu", "rwPk80gbz", "fcYnIv5r2", "fcYnIv5r1", "fcYnIv5r7", "fcYnIv5r6", "fcYnIv5r4", "fcYnIv5r8", "NeNHlyZno", "NeNHlyZnq", "cPjurbgYA", "rwPk80gbK", "NeNHlyZnm", "rwPk80gbE", "rwPk80gbF", "fcYnIv5rU", "rwPk80gbD", "rwPk80gbI", "cPjurbgYC", "cPjurbgYB", "rwPk80gbJ", "cPjurbgYE", "rwPk80gbH", "yFN0Y0HCh", "yFN0Y0HCf", "yFN0Y0HCd", "rwPk80gbB", "yFN0Y0HCo", "yFN0Y0HCm", "yFN0Y0HCn", "Mbup3ahAw", "yFN0Y0HCl", "Mbup3ahAy", "yFN0Y0HCi", "yFN0Y0HCj", "KICDIXtrW", "KICDIXtrU", "KICDIXtrZ", "KICDIXtrY", "GvnwxmEiw", "KICDIXtrX", "GvnwxmEiz", "GvnwxmEiy", "zpeT866Gt", "KICDIXtrS", "zpeT866Gz", "zpeT866Gy", "KICDIXtr4", "KICDIXtr3", "KICDIXtr2", "KICDIXtr1", "I4oDBI32I", "ONlAzhA9i", "I4oDBI32G", "I4oDBI32L", "I4oDBI32J", "I4oDBI32K", "zpeT866GG", "I4oDBI32P", "zpeT866GF", "I4oDBI32Q", "I4oDBI32N", "nxMvcbV7m", "zpeT866GD", "I4oDBI32O", "nxMvcbV7r", "zpeT866GI", "yFN0Y0HB9", "zpeT866GH", "gFP92ITAP", "zuU02CUjL", "gFP92ITAQ", "zuU02CUjQ", "zpeT866GC", "gFP92ITAL", "ONlAzhA9s", "zpeT866GB", "gFP92ITAM", "ONlAzhA9r", "J7HUT7LPz", "ONlAzhA9u", "zuU02CUjR", "J7HUT7LPy", "gFP92ITAO", "ONlAzhA9t", "zuU02CUjU", "ONlAzhA9o", "J7HUT7LPw", "zuU02CUjT", "ONlAzhA9n", "ONlAzhA9q", "J7HUT7LPu", "zuU02CUjV", "ONlAzhA9k", "zuU02CUjY", "zuU02CUjX", "ONlAzhA9m", "zuU02CUjZ", "nxMvcbV7C", "gFP92ITAH", "gFP92ITAI", "J7HUT7LPG", "J7HUT7LPF", "uJBetXhmU", "gFP92ITAK", "J7HUT7LPE", "J7HUT7LPD", "uJBetXhmS", "uJBetXhmT", "gFP92ITAF", "J7HUT7LPB", "J7HUT7LPA", "uJBetXhmR", "uJBetXhmO", "uJBetXhmP", "uJBetXhmN", "uJBetXhmL", "uJBetXhmJ", "uJBetXhmF", "I4oDBI32E", "nxMvcbV7B", "nxMvcbV7A", "EZFGLoWlh", "EZFGLoWlg", "oJBWPRll8", "EZFGLoWll", "zxK4unN8C", "sOkTGbs3F", "zxK4unN8B", "EZFGLoWlj", "zxK4unN8E", "sOkTGbs3D", "EZFGLoWlk", "zxK4unN8D", "sOkTGbs3J", "sOkTGbs3I", "maAPLuVB0", "sOkTGbs3H", "maAPLuVB7", "sOkTGbs3O", "sOkTGbs3N", "maAPLuVB5", "sOkTGbs3M", "EZFGLoWlc", "sOkTGbs3L", "iDWyifBIA", "iDWyifBIr", "iDWyifBIt", "iDWyifBIu", "iDWyifBIv", "iDWyifBIx", "iDWyifBIy", "iDWyifBIz", "MmQDQbSQ8", "MmQDQbSQ6", "maAPLuVB9", "zuU02CUj0", "EZFGLoWlp", "iDWyifBIj", "EZFGLoWlq", "EZFGLoWln", "EZFGLoWlo", "iDWyifBIp", "GvnwxmEiB", "GvnwxmEiD", "GvnwxmEiC", "GvnwxmEiF", "GvnwxmEiH", "GvnwxmEiG", "wnPeBbGL5", "wnPeBbGL6", "GvnwxmEiI", "wnPeBbGL7", "JwNb5h4di", "JwNb5h4dh", "wnPeBbGL8", "wnPeBbGL1", "JwNb5h4dg", "wnPeBbGL2", "JwNb5h4df", "wnPeBbGL3", "JwNb5h4dd", "oJBWPRlmf", "Svl5PywjE", "Svl5PywjF", "oJBWPRlmd", "Svl5PywjG", "oJBWPRlmi", "Svl5PywjA", "oJBWPRlmj", "Svl5PywjC", "oJBWPRlmh", "oJBWPRlmm", "OfgVccNlG", "oJBWPRlmn", "OfgVccNlD", "OfgVccNlE", "oJBWPRlml", "OfgVccNlJ", "OfgVccNlK", "OfgVccNlH", "oJBWPRlmo", "OfgVccNlI", "OfgVccNly", "JwNb5h4dc", "JwNb5h4db", "JwNb5h4da", "I7eG3tXRr", "I7eG3tXRo", "I7eG3tXRp", "I7eG3tXRm", "I7eG3tXRn", "I7eG3tXRk", "JFjmqyLE9", "JFjmqyLE8", "JFjmqyLE7", "JFjmqyLE6", "JFjmqyLE4", "I7eG3tXRu", "JFjmqyLE2", "I7eG3tXRs", "I7eG3tXRt", "C1zivSedx", "C1zivSedw", "IttUMTmqs", "C1zivSedr", "IttUMTmqr", "IttUMTmqq", "IttUMTmqp", "IttUMTmqn", "IttUMTmqm", "IttUMTmql", "IttUMTmqk", "Svl5Pywjy", "IttUMTmqi", "wqFh2WAAx", "IttUMTmqg", "dMWEP4a8c", "OfgVccNlC", "OfgVccNlA", "C1zivSedz", "Svl5PywjH", "Svl5PywjI", "Svl5PywjJ", "Svl5PywjK", "I7eG3tXRi", "JwNb5h4c8", "JwNb5h4c6", "dMWEP4a8a", "Ih7GZRK9L", "w96bc2ZE1", "Ih7GZRK9K", "w96bc2ZE0", "s5nemIRXB", "w96bc2ZE3", "JlqYigsWH", "Ih7GZRK9I", "s5nemIRXA", "JlqYigsWI", "JlqYigsWF", "w96bc2ZE5", "Ih7GZRK9G", "w96bc2ZE4", "JlqYigsWG", "JlqYigsWD", "w96bc2ZE6", "JlqYigsWB", "JlqYigsWC", "s5nemIRXG", "Ih7GZRK9S", "Ih7GZRK9R", "JlqYigsWA", "Ih7GZRK9Q", "s5nemIRXD", "Ih7GZRK9P", "Ih7GZRK9N", "s5nemIRXF", "Ih7GZRK9M", "s5nemIRXE", "JcUNWZLuJ", "JcUNWZLuK", "JcUNWZLuL", "JcUNWZLuM", "JcUNWZLuF", "JcUNWZLuG", "zAA7V8HXi", "dMWEP4a7U", "JcUNWZLuH", "zAA7V8HXh", "zAA7V8HXg", "zAA7V8HXf", "JcUNWZLuC", "zAA7V8HXd", "JcUNWZLuE", "zAA7V8HXc", "zAA7V8HXb", "JcUNWZLuA", "za2CUkBBf", "w96bc2ZER", "za2CUkBBl", "w96bc2ZEV", "za2CUkBBk", "dMWEP4a74", "s5nemIRXr", "dMWEP4a71", "dMWEP4a72", "dMWEP4a77", "dMWEP4a78", "dMWEP4a76", "s5nemIRXx", "w96bc2ZEX", "s5nemIRXz", "dMWEP4a79", "w96bc2ZEZ", "JFjmqyLFe", "JFjmqyLFd", "JFjmqyLFc", "s5nemIRXv", "JFjmqyLFb", "gIGdutNpd", "yurNbY6lz", "gIGdutNpl", "gIGdutNpm", "gIGdutNpo", "gIGdutNpj", "gIGdutNpt", "gIGdutNpu", "gIGdutNpp", "gIGdutNpq", "gIGdutNps", "hI9rk7BnA", "RI49dHdqJ", "yurNbY6lF", "RI49dHdqI", "I94KveRF0", "RI49dHdqL", "yurNbY6lH", "I94KveRF1", "RI49dHdqK", "yurNbY6lI", "RI49dHdqE", "yurNbY6lJ", "RI49dHdqH", "RI49dHdqG", "yurNbY6lL", "yurNbY6lM", "I94KveRF6", "hI9rk7BnF", "RI49dHdqA", "yurNbY6lN", "I94KveRF7", "hI9rk7BnG", "yurNbY6lO", "I94KveRF8", "RI49dHdqC", "I94KveRF2", "hI9rk7BnB", "I94KveRF3", "hI9rk7BnC", "I94KveRF5", "hI9rk7BnE", "TSxLgfwOW", "TSxLgfwOV", "TSxLgfwOY", "oj3rN3e0A", "yurNbY6lD", "bXmqVOask", "bXmqVOasl", "bXmqVOasi", "bXmqVOasj", "bXmqVOasg", "bXmqVOase", "oPh3Jm8Zz", "I94KveRFW", "oPh3Jm8Zx", "oPh3Jm8Zv", "I94KveRFY", "bXmqVOaso", "oPh3Jm8Zq", "bXmqVOasm", "C1zivSedF", "C1zivSedE", "TSxLgfwO6", "C1zivSedG", "C1zivSedB", "TSxLgfwO3", "C1zivSedA", "TSxLgfwO2", "C1zivSedD", "TSxLgfwO5", "TSxLgfwO4", "IS2pOHsL9", "IS2pOHsL8", "TSxLgfwO1", "IS2pOHsL6", "TSxLgfwO0", "IS2pOHsL4", "O1xRN36ew", "O1xRN36ey", "sz8CroXYk", "b5SBg4RUk", "oPh3Jm8ZG", "b5SBg4RUe", "oPh3Jm8ZE", "b5SBg4RUc", "oPh3Jm8ZF", "b5SBg4RUh", "oPh3Jm8ZD", "b5SBg4RUi", "oPh3Jm8ZA", "b5SBg4RUf", "oPh3Jm8ZB", "b5SBg4RUg", "b5SBg4RUa", "sz8CroXYA", "M3rtyxn6Y", "M3rtyxn6X", "M3rtyxn6W", "INmiVbE8X", "INmiVbE8Y", "M3rtyxn6R", "INmiVbE8T", "M3rtyxn6Q", "INmiVbE8V", "M3rtyxn6O", "INmiVbE8W", "M3rtyxn6V", "INmiVbE8Q", "zxK4unN8z", "ibxZOGBxZ", "INmiVbE8R", "M3rtyxn6T", "INmiVbE8S", "M3rtyxn6S", "ibxZOGBxX", "IS2pOHsMb", "INmiVbE8M", "zxK4unN8v", "IS2pOHsMa", "b5SBg4RT9", "zxK4unN8y", "INmiVbE8O", "zxK4unN8x", "ibxZOGBxR", "zxK4unN8u", "MmQDQbSRf", "MmQDQbSRd", "b5SBg4RT2", "zxK4unN8p", "MmQDQbSRc", "IS2pOHsMg", "IS2pOHsMf", "IS2pOHsMe", "MmQDQbSRi", "IS2pOHsMd", "MmQDQbSRh", "MmQDQbSRg", "MmQDQbSRb", "MmQDQbSRa", "sz8CroXYy", "ibxZOGBx8", "sz8CroXYx", "ibxZOGBx7", "ibxZOGBx6", "ibxZOGBx5", "sz8CroXYz", "ibxZOGBx3", "ibxZOGBx2", "ibxZOGBx1", "maAPLuVCd", "sz8CroXYp", "sOkTGbs3y", "maAPLuVCb", "sz8CroXYr", "maAPLuVCa", "sz8CroXYu", "sz8CroXYt", "maAPLuVCg", "maAPLuVCf", "sz8CroXYv", "maAPLuVCe", "efldjDbim", "efldjDbiu", "efldjDbit", "efldjDbiy", "efldjDbiw", "uuEBBmjr", "uuEBBmjz", "uuEBBmjE", "BMTNqrVad", "BMTNqrVaa", "uuEBBmjC", "BMTNqrVab", "uuEBBmjH", "BMTNqrVag", "uuEBBmjI", "uuEBBmjF", "BMTNqrVae", "uuEBBmjG", "BMTNqrVaf", "uuEBBmjJ", "RjwEbS64Y", "efldjDbiA", "kHI3rh7tA", "RjwEbS64X", "M3rtyxn6M", "RjwEbS64W", "RjwEbS64V", "RjwEbS64U", "efldjDbiE", "efldjDbiC", "kHI3rh7tC", "efldjDbiB", "kHI3rh7tB", "srCr58gwt", "KoKfAFaJr", "kHI3rh7tl", "KoKfAFaJq", "KoKfAFaJt", "KoKfAFaJs", "srCr58gwx", "KoKfAFaJm", "srCr58gwv", "KoKfAFaJo", "RjwEbS64T", "kHI3rh7tt", "RjwEbS64S", "KoKfAFaJy", "srCr58gwz", "kHI3rh7tr", "RjwEbS64Q", "srCr58gwy", "KoKfAFaJv", "RjwEbS64O", "kHI3rh7tx", "kHI3rh7tw", "KoKfAFaJx", "RjwEbS64M", "kHI3rh7tv", "KoKfAFaJw", "cXPEMrYqA", "srCr58gwo", "Tni9kVCPV", "Tni9kVCPW", "Tni9kVCPX", "Tni9kVCPY", "Tni9kVCPS", "Tni9kVCPU", "Tni9kVCPZ", "kHI3rh7tz", "Tni9kVCPO", "Tni9kVCPQ", "f15nL8h9G", "f15nL8h9F", "cXPEMrYqi", "f15nL8h9D", "cXPEMrYqp", "f15nL8h9O", "f15nL8h9N", "cXPEMrYqq", "f15nL8h9M", "OEPqd0THx", "cXPEMrYqs", "f15nL8h9K", "OEPqd0THw", "cXPEMrYqv", "f15nL8h9J", "cXPEMrYqu", "f15nL8h9I", "OEPqd0THy", "cXPEMrYqx", "tgJr9Ktef", "cXPEMrYqw", "tgJr9Kteg", "cXPEMrYqy", "Tni9kVCP0", "tgJr9Ktea", "tgJr9Kteb", "tgJr9Kted", "tgJr9Ktee", "O1xRN36eE", "O1xRN36eF", "O1xRN36eG", "O1xRN36eA", "O1xRN36eC", "bXmqVOasd", "O1xRN36eH", "O1xRN36eI", "f15nL8h9x", "OBZmMfZSQ", "srCr58gwD", "OEPqd0THs", "srCr58gwC", "srCr58gwB", "OEPqd0THv", "OBZmMfZSS", "OEPqd0THu", "OBZmMfZSR", "OBZmMfZSU", "OEPqd0THo", "OBZmMfZST", "OEPqd0THr", "OEPqd0THq", "srCr58gwE", "OBZmMfZSI", "OBZmMfZSK", "OEPqd0THm", "OBZmMfZSM", "OBZmMfZSO", "OBZmMfZSN", "RI49dHdqM", "hI9rk7Bnp", "uuEBBmjA", "tgJr9Ktd5", "tXkhR5YtW", "tgJr9Ktd7", "bXmqVOar6", "tgJr9Ktd9", "hI9rk7Bnv", "tXkhR5YtP", "hI9rk7Bnx", "tXkhR5YtR", "hI9rk7Bny", "tXkhR5YtQ", "tgJr9Ktd1", "tXkhR5YtT", "tXkhR5YtV", "tXkhR5YtU", "tXkhR5YtH", "efldjDbiz", "tXkhR5YtL", "tXkhR5YtN", "usyTNpSs1", "usyTNpSs2", "usyTNpSs0", "o3ukX9D4E", "NBv8VCbUw", "m2xTgR18u", "m2xTgR18v", "NBv8VCbUy", "m2xTgR18t", "o3ukX9D4J", "m2xTgR18w", "BkveWSUZE", "o3ukX9D4U", "usyTNpSsR", "BkveWSUZF", "o3ukX9D4S", "BkveWSUZH", "o3ukX9D4T", "usyTNpSsN", "m2xTgR18g", "m2xTgR18n", "o3ukX9D4N", "usyTNpSsZ", "usyTNpSsW", "m2xTgR18l", "o3ukX9D4L", "usyTNpSsX", "m2xTgR18q", "usyTNpSsV", "m2xTgR18r", "o3ukX9D4R", "o3ukX9D4O", "usyTNpSsT", "m2xTgR18p", "o3ukX9D4P", "IGVQnRoS", "BkveWSUZM", "BkveWSUZN", "IGVQnRoU", "BkveWSUZO", "IGVQnRoT", "BkveWSUZI", "IGVQnRoW", "BkveWSUZJ", "IGVQnRoV", "qVUCkayy6", "BkveWSUZL", "IGVQnRoX", "NBv8VCbUG", "NBv8VCbUF", "NyF5tRh5Y", "NBv8VCbUI", "NBv8VCbUH", "IGVQnRoO", "NyF5tRh5W", "IGVQnRoN", "NyF5tRh5X", "NyF5tRh5U", "IGVQnRoQ", "IGVQnRoF", "qVUCkayzl", "qVUCkayzm", "qVUCkayzj", "qVUCkayzk", "bADZlKXUW", "NyF5tRh5S", "NBv8VCbUA", "NBv8VCbUC", "NBv8VCbUB", "NBv8VCbUE", "liDMf7O5Y", "liDMf7O5Z", "liDMf7O5X", "liDMf7O5U", "liDMf7O5V", "qVUCkayzd", "liDMf7O5T", "qVUCkayzb", "liDMf7O5R", "qVUCkayzh", "BkveWSUZz", "liDMf7O5P", "qVUCkayzf", "qVUCkayzg", "liDMf7O5K", "bADZlKXU3", "bADZlKXU4", "bADZlKXU6", "bADZlKXU8", "bADZlKXU9", "NyF5tRh53", "NyF5tRh54", "NyF5tRh51", "NyF5tRh52", "NyF5tRh50", "fFmWb45Cz", "fFmWb45Cn", "Gbu8o4lz0", "uPhlns4ZX", "fFmWb45Ct", "lNSobrI4Q", "tON7wPg10", "fFmWb45Cv", "lNSobrI4X", "fFmWb45Cw", "lNSobrI4V", "fFmWb45Cy", "bADZlKXVb", "bADZlKXVc", "bADZlKXVd", "uPhlns4Z5", "uPhlns4Z3", "lNSobrI40", "uPhlns4Z9", "uPhlns4Z7", "uPhlns4Z6", "lNSobrI44", "lNSobrI43", "lNSobrI41", "uPhlns4Z1", "lNSobrI46", "bADZlKXVa", "lNSobrI45", "D4SzOgV0q", "G6ifmclU0", "D4SzOgV0r", "G6ifmclU1", "D4SzOgV0t", "D4SzOgV0u", "D4SzOgV0v", "D4SzOgV0w", "fFmWb45CA", "D4SzOgV0i", "fFmWb45CC", "fFmWb45CD", "fFmWb45CE", "D4SzOgV0m", "G6ifmclU4", "D4SzOgV0n", "G6ifmclU3", "G6ifmclU6", "D4SzOgV0p", "G6ifmclU5", "hgKSRyBc6", "hgKSRyBc5", "hgKSRyBc3", "hgKSRyBc9", "hgKSRyBc8", "tON7wPg1Y", "tON7wPg1Z", "lNSobrI4Z", "tON7wPg1X", "Gbu8o4lz9", "NhDKNjTcc", "NhDKNjTcb", "NhDKNjTca", "Gbu8o4lz3", "Gbu8o4lz2", "Gbu8o4lz7", "Gbu8o4lz6", "Gbu8o4lz5", "fIcZDPZri", "fIcZDPZrh", "fIcZDPZrg", "tON7wPg1L", "fIcZDPZra", "tON7wPg1R", "tON7wPg1P", "tON7wPg1U", "fIcZDPZre", "fIcZDPZrd", "tON7wPg1V", "fIcZDPZrc", "tON7wPg1T", "Gsxs5BKt2", "Gsxs5BKt1", "Gsxs5BKt4", "Gsxs5BKt3", "JH9pSjFtG", "c6lO7IFSw", "JH9pSjFtI", "c6lO7IFSu", "JH9pSjFtK", "JH9pSjFtM", "JH9pSjFtL", "JH9pSjFtN", "JH9pSjFtQ", "JH9pSjFtP", "JH9pSjFtS", "JH9pSjFtR", "qctI939u0", "qctI939u2", "qctI939u1", "Gsxs5BKtS", "fNS6xlM4v", "Gsxs5BKtZ", "wkZa9qMXr", "Gsxs5BKtY", "fNS6xlM4w", "wkZa9qMXs", "wkZa9qMXt", "fNS6xlM4y", "wkZa9qMXu", "Gsxs5BKtV", "wkZa9qMXn", "fNS6xlM4z", "Gsxs5BKtU", "wkZa9qMXo", "Gsxs5BKtX", "wkZa9qMXp", "wkZa9qMXj", "fNS6xlM4p", "wkZa9qMXl", "GPfUFEW09", "GPfUFEW08", "wkZa9qMXf", "NhDKNjTb2", "fNS6xlM4r", "fNS6xlM4s", "NhDKNjTb0", "fNS6xlM4u", "NhDKNjTb6", "GPfUFEW02", "NhDKNjTb5", "NhDKNjTb4", "fNS6xlM4j", "GPfUFEW07", "NhDKNjTb9", "GPfUFEW05", "NhDKNjTb8", "GPfUFEW04", "ba5ujWRzi", "ba5ujWRzk", "fNS6xlM4A", "ba5ujWRzf", "ba5ujWRzg", "GPfUFEW1d", "ba5ujWRzp", "GPfUFEW1c", "GPfUFEW1b", "ba5ujWRzl", "ba5ujWRzm", "ba5ujWRzn", "ba5ujWRzo", "GPfUFEW1e", "BbY4BCdxP", "o6kopUxTn", "BbY4BCdxQ", "qkZTvkQWY", "qkZTvkQWX", "BbY4BCdxR", "qkZTvkQWW", "BbY4BCdxS", "o6kopUxTs", "o6kopUxTr", "o6kopUxTp", "qkZTvkQWR", "o6kopUxTw", "o6kopUxTv", "qkZTvkQWP", "o6kopUxTt", "C4plXC72a", "qkZTvkQWV", "C4plXC72b", "qkZTvkQWT", "o6kopUxTy", "qkZTvkQWS", "o6kopUxTx", "C4plXC72e", "qtv3QByoP", "qtv3QByoO", "C4plXC72f", "qtv3QByoR", "C4plXC72d", "C4plXC72i", "qtv3QByoT", "qtv3QByoS", "C4plXC72j", "C4plXC72h", "qtv3QByoU", "gCZ6AXZL4", "gCZ6AXZL3", "qtv3QByoJ", "C4plXC72k", "gCZ6AXZL1", "qtv3QByoL", "gCZ6AXZL8", "gCZ6AXZL7", "qtv3QByoN", "gCZ6AXZL6", "fWpgSCuws", "fWpgSCuwr", "fWpgSCuwu", "fWpgSCuww", "fWpgSCuwv", "qtv3QByoE", "fWpgSCuwl", "fWpgSCuwo", "fWpgSCuwn", "fWpgSCuwq", "ba5ujWRy8", "BbY4BCdxD", "fWpgSCuwf", "BbY4BCdxI", "BbY4BCdxJ", "OHFtFLNwc", "OHFtFLNwb", "BbY4BCdxL", "OHFtFLNwa", "BbY4BCdxM", "gCZ6AXZLV", "o6kopUxTi", "BbY4BCdxN", "OHFtFLNv4", "OHFtFLNv2", "OHFtFLNv0", "qctI939uV", "qkZTvkQWI", "qctI939uX", "qctI939uW", "OHFtFLNv9", "qkZTvkQWN", "OHFtFLNv8", "qctI939uZ", "OHFtFLNv6", "OHFtFLNv5", "qctI939uM", "qctI939uR", "ygfvXcBgA", "qctI939uT", "gz929c5Xw", "gz929c5Xx", "gz929c5Xu", "gz929c5Xs", "gz929c5Xt", "gz929c5Xq", "gz929c5Xp", "gz929c5Xn", "gz929c5Xh", "t20oLBL63", "t20oLBL65", "t20oLBL67", "t20oLBL68", "t20oLBL69", "qfjMBO3jx", "qfjMBO3jz", "OqC8ZeoB8", "qfjMBO3jv", "qfjMBO3jq", "oenkUxrnf", "oenkUxrng", "oenkUxrnh", "oenkUxrni", "oenkUxrnb", "oenkUxrnc", "oenkUxrnd", "qfjMBO3jE", "qfjMBO3jD", "qfjMBO3jG", "qfjMBO3jF", "qfjMBO3jA", "qfjMBO3jB", "rZdTCzglW", "gCZ6AXZMa", "oenkUxrm9", "oenkUxrm7", "gCZ6AXZMc", "gCZ6AXZMb", "oenkUxrm2", "rZdTCzgmc", "rZdTCzgma", "gz929c5Xy", "rZdTCzgmb", "vePQphblY", "nr6oiF8uh", "vePQphblX", "SPetXQO18", "nr6oiF8ui", "vePQphblV", "nr6oiF8uj", "pHe7eKfvL", "vePQphblU", "nr6oiF8uk", "vePQphblT", "pHe7eKfvN", "vePQphblR", "rZdTCzgl3", "pHe7eKfvG", "rZdTCzgl1", "vePQphblZ", "kk0BReUWl", "kk0BReUWn", "kk0BReUWm", "kk0BReUWh", "kk0BReUWj", "h8HWmVHJd", "pHe7eKfvP", "SbtHHgdBa", "pHe7eKfvQ", "kk0BReUWs", "pHe7eKfvR", "SbtHHgdBc", "nr6oiF8ub", "SbtHHgdBb", "SPetXQO16", "kk0BReUWp", "pHe7eKfvT", "SbtHHgdBe", "nr6oiF8ud", "pHe7eKfvU", "SbtHHgdBd", "SPetXQO14", "nr6oiF8ue", "kk0BReUWr", "pHe7eKfvV", "nr6oiF8uf", "kk0BReUWq", "pHe7eKfvW", "kk0BReUWb", "rZdTCzgl6", "c0FIecSfc", "rZdTCzgl7", "c0FIecSfa", "rZdTCzgl5", "c0FIecSfb", "AR6GtjUPl", "AR6GtjUPk", "c0FIecSfe", "rZdTCzgl9", "AR6GtjUPm", "AR6GtjUPh", "vePQphblP", "AR6GtjUPg", "AR6GtjUPj", "AR6GtjUPd", "vePQphblL", "AR6GtjUPc", "AR6GtjUPf", "wh87HFS8L", "wh87HFS8K", "wh87HFS8N", "wh87HFS8P", "wh87HFS8O", "wh87HFS8Q", "wh87HFS8F", "wh87HFS8H", "wh87HFS8J", "fiEuB1S5c", "wh87HFS8B", "vePQphbl0", "fiEuB1S5s", "fiEuB1S5p", "OqC8ZeoCk", "fiEuB1S5q", "OqC8ZeoCj", "OqC8ZeoCi", "c0FIecSeW", "fiEuB1S5o", "OqC8ZeoCh", "OqC8ZeoCg", "fiEuB1S5m", "AR6GtjUO7", "fiEuB1S5j", "fiEuB1S5k", "c6lO7IFSt", "c6lO7IFSs", "CVTbCmqz9", "c6lO7IFSr", "c6lO7IFSq", "c6lO7IFSo", "c6lO7IFSm", "c6lO7IFSl", "OqC8ZeoCe", "OqC8ZeoCd", "OqC8ZeoCc", "OqC8ZeoCa", "fiEuB1S5t", "c6lO7IFSe", "fiEuB1S5u", "c0FIecSe3", "hgKSRyBde", "hgKSRyBdd", "c0FIecSe6", "hgKSRyBdc", "c0FIecSe4", "hgKSRyBda", "g5oE4wZWn", "c0FIecSe8", "c0FIecSe9", "y8czszHMQ", "y8czszHMP", "y8czszHMO", "y8czszHMN", "y8czszHML", "y8czszHMK", "y8czszHMJ", "g5oE4wZWy", "y8czszHMH", "y8czszHMG", "g5oE4wZWz", "g5oE4wZWt", "g5oE4wZWw", "y8czszHMB", "g5oE4wZWv", "nr6oiF8t4", "lFmdQa1Da", "hgKSRyBcX", "peQyLbflp", "peQyLbflo", "peQyLbfln", "peQyLbfll", "peQyLbflj", "SPetXQO2c", "SPetXQO2b", "SPetXQO2a", "peQyLbflu", "peQyLbflt", "SPetXQO2g", "peQyLbfls", "SPetXQO2f", "peQyLbflr", "SPetXQO2e", "SPetXQO2d", "JWlG66ayZ", "g5oE4wZWA", "Ki38G9m6g", "Ki38G9m6f", "g5oE4wZWC", "nr6oiF8t9", "JWlG66ayY", "Ki38G9m6a", "q96TyW3EA", "peQyLbfle", "JWlG66ayW", "Ki38G9m6b", "Ki38G9m6e", "JWlG66ayU", "Ki38G9m6d", "SbtHHgdA8", "O9319kNGD", "O9319kNGC", "SbtHHgdA9", "O9319kNGE", "q96TyW3Ek", "h8HWmVHJs", "h8HWmVHJr", "h8HWmVHJu", "h8HWmVHJt", "h8HWmVHJo", "h8HWmVHJn", "SbtHHgdA2", "q96TyW3Ep", "h8HWmVHJp", "SbtHHgdA4", "g5oE4wZWE", "h8HWmVHJj", "q96TyW3Er", "g5oE4wZWD", "SbtHHgdA6", "q96TyW3Eu", "h8HWmVHJl", "q96TyW3Et", "JWlG66ay3", "JWlG66ay0", "JWlG66ay1", "JWlG66ay6", "O9319kNGB", "JWlG66ay4", "O9319kNGA", "JWlG66ay5", "fCwSKkbNR", "lFmdQa1C1", "La1ccwtCv", "fCwSKkbNS", "La1ccwtCw", "La1ccwtCt", "hpg3cPiE4", "La1ccwtCu", "fCwSKkbNP", "hpg3cPiE1", "La1ccwtCr", "hpg3cPiE2", "fCwSKkbNJ", "La1ccwtCp", "mxjhlx79f", "La1ccwtCq", "hpg3cPiE8", "hpg3cPiE5", "La1ccwtCo", "hpg3cPiE6", "mxjhlx79a", "La1ccwtCm", "liDMf7O50", "hpg3cPiE9", "La1ccwtCk", "q96TyW3Ev", "mxjhlx79n", "mxjhlx79k", "q96TyW3Ey", "mxjhlx79l", "q96TyW3Ex", "mxjhlx79j", "q96TyW3Ez", "mxjhlx79h", "fCwSKkbNZ", "fCwSKkbNY", "fCwSKkbNV", "mxjhlx79q", "fCwSKkbNU", "mxjhlx79o", "fCwSKkbNW", "mxjhlx79p", "hpg3cPiET", "fCwSKkbN0", "hpg3cPiEZ", "O9319kNGs", "O9319kNGu", "O9319kNGw", "O9319kNGz", "O9319kNGy", "Icrz6lXwx", "Icrz6lXwz", "Icrz6lXwy", "Icrz6lXwo", "Icrz6lXwq", "Icrz6lXwt", "Icrz6lXws", "Icrz6lXwv", "Icrz6lXwu", "lFmdQa1CZ", "lFmdQa1CU", "Ki38G9m56", "Ki38G9m58", "Ki38G9m59", "Ki38G9m54", "hpg3cPiFa", "Icrz6lXwA", "lFmdQa1C9", "lFmdQa1C8", "lFmdQa1C7", "lFmdQa1C5", "lFmdQa1C4", "lFmdQa1C3", "Dq7NxGkzu", "Dq7NxGkzt", "Dq7NxGkzs", "Dq7NxGkzr", "GA3DqSrVO", "IKwftqLkc", "IKwftqLkd", "Dq7NxGkzp", "IKwftqLka", "Dq7NxGkzo", "Dq7NxGkzn", "Dq7NxGkzl", "Dq7NxGkzk", "IKwftqLkk", "Dq7NxGkzg", "IKwftqLki", "IKwftqLkj", "IKwftqLkh", "IKwftqLke", "IKwftqLkf", "j3YhaHv2j", "QFLRVivDK", "j3YhaHv2x", "GA3DqSrV0", "j3YhaHv2z", "j3YhaHv2y", "j3YhaHv2t", "QFLRVivDU", "QFLRVivDT", "j3YhaHv2v", "QFLRVivDW", "j3YhaHv2u", "QFLRVivDV", "j3YhaHv2p", "QFLRVivDQ", "j3YhaHv2r", "QFLRVivDS", "QFLRVivDR", "QFLRVivDM", "QFLRVivDO", "ezdBrVt0Z", "ezdBrVt0S", "mi6Z6LC3W", "ezdBrVt1a", "GelbQPfoE", "GelbQPfoG", "GelbQPfoH", "GelbQPfoJ", "GelbQPfoK", "mi6Z6LC39", "mi6Z6LC37", "mi6Z6LC36", "mi6Z6LC35", "mi6Z6LC33", "mi6Z6LC31", "GelbQPfoL", "GelbQPfoN", "DwNUrb8cy", "GelbQPfoO", "GelbQPfoP", "GelbQPfoQ", "MpGHhWMFO", "MpGHhWMFM", "MpGHhWMFR", "MpGHhWMFP", "MpGHhWMFQ", "MpGHhWMFV", "j9En4djFB", "MpGHhWMFW", "MpGHhWMFT", "MpGHhWMFU", "ek1kc8YVE", "j9En4djFJ", "j9En4djFH", "ek1kc8YVM", "j9En4djFS", "ek1kc8YVL", "j9En4djFR", "j9En4djFQ", "j9En4djFP", "ek1kc8YVQ", "MpGHhWMFK", "j9En4djFN", "ek1kc8YVO", "j9En4djFM", "j9En4djFL", "EOjsYnk4K", "EOjsYnk4L", "EOjsYnk4J", "EOjsYnk4O", "EOjsYnk4P", "EOjsYnk4N", "EOjsYnk4C", "EOjsYnk4G", "EOjsYnk4H", "GA3DqSrVY", "GA3DqSrVZ", "GA3DqSrVX", "GA3DqSrVU", "GA3DqSrVV", "GA3DqSrVT", "GA3DqSrVQ", "GA3DqSrVR", "EOjsYnk4Q", "GMpRdT3cA", "IfhDx6Rlb", "kKy6S21h5", "IfhDx6Rld", "IfhDx6Rlc", "kKy6S21h9", "IfhDx6Rle", "kKy6S21h7", "qzcaJ7l11", "qzcaJ7l13", "qzcaJ7l15", "qzcaJ7l16", "qzcaJ7l17", "qzcaJ7l19", "GMpRdT3co", "GMpRdT3ct", "GMpRdT3cu", "GMpRdT3cv", "GMpRdT3cq", "GMpRdT3cr", "GMpRdT3cx", "GMpRdT3cy", "GMpRdT3cz", "qzcaJ7l1W", "kKy6S21ig", "kKy6S21if", "kKy6S21ie", "zONpaVc2w", "kKy6S21id", "zONpaVc2u", "zONpaVc2v", "zONpaVc2t", "zONpaVc2q", "zONpaVc2r", "zONpaVc2p", "zONpaVc2m", "zONpaVc2n", "ek1kc8YVU", "ek1kc8YVT", "ek1kc8YVS", "zONpaVc2h", "ek1kc8YVR", "ek1kc8YVW", "kKy6S21ib", "kKy6S21ia", "IqDRk8sBN", "IqDRk8sBO", "IqDRk8sBJ", "IqDRk8sBL", "IqDRk8sBM", "pMVd8f29c", "IqDRk8sBG", "pMVd8f29b", "IqDRk8sBH", "IqDRk8sBI", "IqDRk8sBC", "pMVd8f29e", "IqDRk8sBE", "pMVd8f29d", "kKy6S21hZ", "ezdBrVt00", "ezdBrVt02", "uPhlns40c", "uPhlns40b", "uPhlns40a", "DwNUrb8cM", "ezdBrVt08", "DwNUrb8cL", "DwNUrb8cK", "DwNUrb8cJ", "ezdBrVt09", "ezdBrVt04", "DwNUrb8cH", "DwNUrb8cG", "DwNUrb8cF", "ezdBrVt06", "ezdBrVt05", "DwNUrb8cD", "AGKsGijyM", "pMVd8f28Y", "DwNUrb8cC", "AGKsGijyK", "AGKsGijyL", "AGKsGijyJ", "AGKsGijyG", "AGKsGijyH", "AGKsGijyF", "AGKsGijyC", "AGKsGijyD", "IfhDx6Rk2", "IfhDx6Rk4", "IfhDx6Rk7", "AGKsGijyx", "IfhDx6Rk6", "IfhDx6Rk9", "IfhDx6Rk8", "j3YhaHv2A", "BeO73m7mh", "BeO73m7mn", "BeO73m7mm", "pMVd8f289", "pMVd8f288", "pMVd8f287", "BeO73m7mr", "BeO73m7mq", "BeO73m7mp", "BeO73m7mv", "BeO73m7mu", "BeO73m7mt", "pMVd8f285", "pMVd8f283", "BeO73m7mw", "qzcaJ7l2a", "qzcaJ7l2b", "qzcaJ7l2c", "MJy5qe5om", "MJy5qe5on", "MJy5qe5ok", "MJy5qe5ol", "MJy5qe5oi", "MJy5qe5og", "MJy5qe5os", "MJy5qe5oq", "MJy5qe5or", "MJy5qe5op", "CfilT0VkH", "kS5hejIKa", "CfilT0VkG", "LgHi52hfO", "CfilT0VkI", "LgHi52hfI", "LgHi52hfJ", "LgHi52hfG", "LgHi52hfH", "LgHi52hfM", "LgHi52hfN", "LgHi52hfL", "ygfvXcBgl", "LgHi52hfE", "LgHi52hfC", "InNNTnyM3", "InNNTnyM4", "CfilT0VkB", "InNNTnyM5", "CfilT0VkD", "InNNTnyM7", "CfilT0VkC", "InNNTnyM8", "CfilT0VkF", "InNNTnyM9", "Gbu8o4lAc", "e1B9Vuuby", "Gbu8o4lAb", "e1B9Vuubx", "Gbu8o4lAa", "e1B9Vuubw", "ygfvXcBgz", "ygfvXcBgy", "ygfvXcBgx", "ygfvXcBgv", "e1B9Vuubr", "ygfvXcBgu", "ygfvXcBgt", "kS5hejIJV", "ygfvXcBgr", "CfilT0Vkt", "ygfvXcBgp", "e1B9Vuubu", "e1B9Vuubs", "InNNTnyMY", "kiaypt07M", "kiaypt07N", "kiaypt07O", "kiaypt07I", "kiaypt07J", "kS5hejIJ9", "kiaypt07L", "kS5hejIJ7", "kiaypt07F", "kS5hejIJ5", "kiaypt07H", "kS5hejIJ6", "DFj4MsPEu", "kS5hejIJ3", "kS5hejIJ1", "kiaypt07D", "DFj4MsPEy", "DFj4MsPEz", "LmnpZx4SY", "CfilT0Vkz", "LmnpZx4SZ", "CfilT0Vky", "LmnpZx4SU", "LmnpZx4SW", "z5PJRsBV9", "InNNTnyM0", "InNNTnyM2", "DTwl1fkJI", "DTwl1fkJP", "DTwl1fkJN", "DTwl1fkJM", "LmnpZx4S0", "DTwl1fkJT", "LmnpZx4S1", "DTwl1fkJR", "kiaypt07x", "DTwl1fkJQ", "LmnpZx4S3", "LmnpZx4S4", "LmnpZx4S5", "DTwl1fkJW", "DTwl1fkJV", "LmnpZx4S6", "DTwl1fkJU", "z5PJRsBWo", "z5PJRsBWl", "z5PJRsBWn", "z5PJRsBWm", "Syb9hjp8g", "Syb9hjp8i", "Syb9hjp8j", "Syb9hjp8k", "Syb9hjp8l", "Syb9hjp8m", "Syb9hjp8n", "Syb9hjp8o", "iJCFbLplP", "iJCFbLplQ", "iJCFbLplN", "iJCFbLplL", "iJCFbLplM", "iJCFbLplJ", "Syb9hjp8c", "Syb9hjp8e", "iJCFbLplR", "iJCFbLplS", "GpHpDQQFe", "z5PJRsBWh", "z5PJRsBWj", "z5PJRsBWi", "GpHpDQQFj", "GpHpDQQFg", "z5PJRsBWf", "z5PJRsBWe", "GpHpDQQFh", "GpHpDQQFn", "GpHpDQQFk", "GpHpDQQFl", "GpHpDQQFq", "GpHpDQQFo", "GpHpDQQFp", "kESZZxdEP", "kESZZxdES", "kESZZxdER", "kESZZxdET", "kESZZxdEW", "kESZZxdEV", "kESZZxdEY", "kESZZxdEX", "InNNTnyNa", "e1B9Vuubk", "iJCFbLplH", "kESZZxdEH", "iJCFbLplB", "kESZZxdEN", "P105EHUcM", "P105EHUcK", "P105EHUcI", "e1B9VuubB", "P105EHUcU", "e1B9VuubA", "P105EHUcS", "P105EHUcT", "P105EHUcQ", "P105EHUcR", "P105EHUcO", "kS5hejIKb", "P105EHUcP", "e1B9VuubC", "kS5hejIKc", "zDrbnTBLM", "N3UHpbb4Y", "zDrbnTBLQ", "zDrbnTBLP", "QrzAGv0yI", "zDrbnTBLN", "QrzAGv0yH", "zDrbnTBLU", "QrzAGv0yG", "zDrbnTBLT", "QrzAGv0yF", "QrzAGv0yE", "qnPWW5KLm", "QrzAGv0yD", "zDrbnTBLR", "QrzAGv0yC", "qnPWW5KLr", "QrzAGv0yA", "zDrbnTBLW", "zDrbnTBLV", "qnPWW5KLt", "qnPWW5KLv", "qnPWW5KLx", "qnPWW5KLw", "qnPWW5KLz", "zDrbnTBLH", "fIcZDPZq7", "fIcZDPZq9", "fIcZDPZq1", "GGJKkofy6", "O4nVfOZ3k", "O4nVfOZ3l", "O4nVfOZ3m", "O4nVfOZ3g", "O4nVfOZ3i", "O4nVfOZ3j", "O4nVfOZ3c", "O4nVfOZ3e", "O4nVfOZ3a", "qnPWW5KLB", "qnPWW5KLA", "N3UHpbb48", "N3UHpbb49", "qnPWW5KLC", "FRCKgL2Rz", "N3UHpbb44", "N3UHpbb46", "N3UHpbb47", "N3UHpbb40", "N3UHpbb42", "N3UHpbb43", "GGJKkofy8", "GGJKkofy9", "QrzAGv0yy", "QrzAGv0yw", "tDrTJNFLb", "tDrTJNFLj", "tDrTJNFLk", "tDrTJNFLh", "tDrTJNFLf", "tDrTJNFLp", "tDrTJNFLq", "tDrTJNFLn", "tDrTJNFLo", "tDrTJNFLl", "FRCKgL2Rs", "FRCKgL2Rw", "FRCKgL2Rx", "GGJKkofzg", "GGJKkofzh", "GGJKkofzf", "mi6Z6LC4c", "GGJKkofzc", "mi6Z6LC4b", "GGJKkofzd", "mi6Z6LC4a", "GGJKkofzb", "FRCKgL2RD", "G3sbUrr6g", "FRCKgL2RA", "FRCKgL2RB", "G3sbUrr6i", "FRCKgL2RG", "G3sbUrr6k", "FRCKgL2RE", "FRCKgL2RF", "G3sbUrr6m", "G3sbUrr6l", "G3sbUrr6n", "G3sbUrr6q", "G3sbUrr6p", "G3sbUrr6s", "G3sbUrr6r", "GGJKkofzi", "LLVU1mbeP", "LLVU1mbeO", "LLVU1mbeN", "LLVU1mbeU", "LLVU1mbeT", "LLVU1mbeS", "LLVU1mbeR", "IKwftqLj8", "LLVU1mbeI", "N3UHpbb5a", "LLVU1mbeM", "LLVU1mbeK", "AbvQKYpzF", "AbvQKYpzG", "AbvQKYpzD", "AbvQKYpzE", "nUuWMe8ED", "KuqmuaYmJ", "bI99G1Fm7", "KuqmuaYmK", "bI99G1Fm6", "nUuWMe8EB", "bI99G1Fm5", "KuqmuaYmL", "bI99G1Fm4", "KuqmuaYmG", "bI99G1Fm2", "bI99G1Fm0", "KuqmuaYmI", "AbvQKYpzB", "nUuWMe8EL", "nUuWMe8EM", "nUuWMe8EJ", "AUWJU4OD0", "AbvQKYpzA", "nUuWMe8EK", "nUuWMe8EH", "KuqmuaYmN", "DlrGEawWb", "DlrGEawWa", "KuqmuaYmO", "nUuWMe8EF", "KuqmuaYmP", "nUuWMe8EG", "DlrGEawWc", "KuqmuaYmQ", "BSzUjXINj", "CVTbCmqAo", "CVTbCmqAn", "CVTbCmqAm", "CVTbCmqAl", "KuqmuaYmE", "BSzUjXINx", "BSzUjXINw", "BSzUjXINy", "BSzUjXINp", "CVTbCmqAj", "BSzUjXINo", "CVTbCmqAi", "BSzUjXINr", "CVTbCmqAh", "CVTbCmqAf", "BSzUjXINt", "CVTbCmqAe", "BSzUjXINs", "BSzUjXINv", "NvP116ohe", "sxiyZD39L", "bphLyJmEu", "NvP116ohg", "NvP116ohj", "bphLyJmEt", "NvP116ohi", "bphLyJmEy", "sxiyZD39G", "NvP116ohk", "bphLyJmEz", "bphLyJmEw", "NvP116ohn", "NvP116ohm", "bphLyJmEm", "sxiyZD39T", "NvP116ohp", "NvP116oho", "sxiyZD39R", "sxiyZD39Q", "NvP116ohq", "sxiyZD39P", "sxiyZD39N", "AbvQKYpzz", "AbvQKYpzx", "DlrGEawV9", "AbvQKYpzw", "sxiyZD39W", "sxiyZD39V", "sxiyZD39U", "lIchhVVry", "IYIwIdgpy", "IYIwIdgpx", "IYIwIdgpw", "IYIwIdgpv", "IYIwIdgpt", "IYIwIdgps", "IYIwIdgpr", "AbvQKYpzr", "vEolq5hHM", "vEolq5hHL", "bphLyJmEC", "vEolq5hHO", "vEolq5hHN", "bphLyJmED", "DlrGEawVY", "vEolq5hHI", "lIchhVVrO", "vEolq5hHH", "lIchhVVrN", "lIchhVVrM", "vEolq5hHJ", "lIchhVVrL", "IYIwIdgpq", "vEolq5hHD", "IYIwIdgpo", "vEolq5hHF", "IYIwIdgpm", "bphLyJmEA", "bphLyJmEB", "SXKEi7wt4", "SXKEi7wt2", "SXKEi7wt9", "SXKEi7wt8", "SXKEi7wt7", "SXKEi7wt6", "SXKEi7wt0", "AA4lMMvVu", "AA4lMMvVt", "AA4lMMvVp", "AA4lMMvVs", "AA4lMMvVr", "DlrGEawV5", "AA4lMMvVl", "AA4lMMvVo", "DlrGEawV7", "AA4lMMvVn", "DlrGEawV6", "AA4lMMvVk", "DlrGEawV3", "DlrGEawV2", "AA4lMMvVf", "p07vm2yec", "p07vm2yel", "p07vm2yem", "p07vm2yen", "p07vm2yeh", "p07vm2yej", "nUuWMe8Ew", "SXKEi7wuc", "SXKEi7wub", "SXKEi7wua", "AUWJU4ODZ", "AUWJU4ODY", "AUWJU4ODX", "AUWJU4ODV", "p07vm2yep", "BMTNqrU91", "AUWJU4ODU", "p07vm2yeq", "AUWJU4ODT", "p07vm2yer", "p07vm2yes", "AUWJU4ODR", "wwloWsod2", "AUWJU4ODQ", "wwloWsod3", "wwloWsod1", "BMTNqrU99", "AUWJU4ODL", "BMTNqrU96", "BMTNqrU97", "C0OWR3LF", "C0OWR3LA", "C0OWR3LB", "C0OWR3LC", "C0OWR3LD", "C0OWR3LE", "I1yz9Yaec", "I1yz9Yaeb", "I1yz9Yaea", "C0OWR3Ln", "R2XxlZv9i", "R2XxlZv9e", "R2XxlZv9f", "R2XxlZv9g", "R2XxlZv9h", "R2XxlZv9a", "R2XxlZv9c", "R2XxlZv9d", "I1yz9Yad7", "I1yz9Yad6", "I1yz9Yad5", "I1yz9Yad4", "dBAq22zRu", "dBAq22zRr", "I1yz9Yad9", "dBAq22zRs", "I1yz9Yad2", "dBAq22zRk", "I1yz9Yad0", "dBAq22zRx", "dBAq22zRy", "dBAq22zRw", "dBAq22zRz", "R2XxlZv88", "R2XxlZv86", "DcVwiTPt7", "DcVwiTPt9", "DcVwiTPt2", "DcVwiTPt6", "dBAq22zRA", "A6iXH6pUr", "A6iXH6pUq", "A6iXH6pUt", "A6iXH6pUv", "A6iXH6pUu", "dBAq22zRC", "DFj4MsPEB", "A6iXH6pUl", "DFj4MsPEF", "DFj4MsPEC", "DFj4MsPED", "DFj4MsPEI", "dEquuNtF8", "DFj4MsPEG", "txLMQhR7X", "DFj4MsPEH", "K2u1RfMaA", "txLMQhR7T", "A6iXH6pUx", "A6iXH6pUz", "A6iXH6pUy", "dEquuNtF5", "txLMQhR7Z", "dEquuNtF6", "P4Q86sN1q", "P4Q86sN1o", "P4Q86sN1m", "P4Q86sN1y", "P4Q86sN1w", "P4Q86sN1x", "P4Q86sN1u", "P4Q86sN1v", "P4Q86sN1s", "JCtiYNRQA", "P4Q86sN1t", "txLMQhR75", "txLMQhR76", "txLMQhR77", "txLMQhR78", "txLMQhR71", "L2YfHTz8C", "txLMQhR72", "txLMQhR73", "L2YfHTz8A", "L2YfHTz8H", "L2YfHTz8G", "L2YfHTz8F", "L2YfHTz8E", "L2YfHTz8L", "L2YfHTz8K", "L2YfHTz8J", "L2YfHTz8M", "sdqaRlLrp", "S86R587KL", "sdqaRlLro", "S86R587KM", "sdqaRlLrn", "S86R587KH", "sdqaRlLrl", "sdqaRlLrk", "S86R587KI", "Qi3qlfi6M", "sdqaRlLrj", "S86R587KJ", "S86R587KK", "sdqaRlLrh", "sdqaRlLrf", "sdqaRlLra", "Qi3qlfi6A", "Qi3qlfi6C", "K2u1RfMao", "K2u1RfMaq", "K2u1RfMas", "Qi3qlfi6J", "S86R587KE", "K2u1RfMat", "Qi3qlfi6I", "K2u1RfMau", "Qi3qlfi6L", "S86R587KG", "K2u1RfMav", "Qi3qlfi6K", "S86R587KA", "Qi3qlfi6E", "K2u1RfMax", "Qi3qlfi6H", "K2u1RfMay", "S86R587KC", "Qi3qlfi6G", "K2u1RfMaz", "sdqaRlLrq", "gRcnPKuRh", "P7HcydHP8", "vMUvMlY9B", "gRcnPKuRi", "P7HcydHP7", "gRcnPKuRf", "P7HcydHP6", "vMUvMlY9E", "gRcnPKuRl", "js3ylROp7", "js3ylROp6", "vMUvMlY9F", "gRcnPKuRm", "js3ylROp9", "vMUvMlY9D", "gRcnPKuRk", "P7HcydHP9", "vMUvMlY9I", "vMUvMlY9J", "vMUvMlY9H", "vMUvMlY9K", "K5k5i0FY2", "js3ylROp3", "K5k5i0FY4", "js3ylROp5", "js3ylROp1", "K5k5i0FY6", "vMUvMlY9v", "K5k5i0FY7", "K5k5i0FY8", "K5k5i0FY9", "vMUvMlY9z", "g8eIwhTLi", "soMoEnmH0", "g8eIwhTLh", "g8eIwhTLg", "g8eIwhTLe", "g8eIwhTLd", "g8eIwhTLc", "QQ75Ij6Um", "g8eIwhTLa", "QQ75Ij6Uk", "omTvfN8OY", "QQ75Ij6Uq", "QQ75Ij6Uo", "EgeNBixgZ", "QQ75Ij6Uu", "QQ75Ij6Ut", "QQ75Ij6Us", "QQ75Ij6Ur", "EgeNBixgX", "QQ75Ij6Uw", "EgeNBixgW", "QQ75Ij6Uv", "gRcnPKuQ9", "EgeNBixgS", "K5k5i0FZc", "omTvfN8O3", "tpfCu1aF9", "K5k5i0FZd", "tpfCu1aF6", "K5k5i0FZe", "soMoEnmHK", "omTvfN8O5", "tpfCu1aF7", "A6iXH6pUA", "soMoEnmHP", "tpfCu1aF5", "tpfCu1aF3", "K5k5i0FZb", "tpfCu1aF1", "JCtiYNRQo", "omTvfN8O8", "omTvfN8O7", "JCtiYNRQq", "omTvfN8O9", "P7HcydHP0", "JCtiYNRQs", "JCtiYNRQu", "soMoEnmHZ", "JCtiYNRQt", "P7HcydHP4", "PNOOpVo7D", "JCtiYNRQv", "PNOOpVo7E", "P7HcydHP2", "JCtiYNRQy", "PNOOpVo7F", "JCtiYNRQx", "PNOOpVo7G", "soMoEnmHT", "PNOOpVo7A", "soMoEnmHU", "JCtiYNRQz", "soMoEnmHR", "PNOOpVo7B", "PNOOpVo7C", "soMoEnmHX", "soMoEnmHY", "soMoEnmHV", "tpfCu1aFX", "lCwaop7Og", "c9bSztzG6", "c9bSztzG7", "c9bSztzG8", "c9bSztzG2", "c9bSztzG4", "c9bSztzG5", "c9bSztzG0", "omTvfN8Pe", "lCwaop7Or", "omTvfN8Pd", "yrBJKecw1", "lCwaop7Ou", "lCwaop7Ot", "yrBJKecw3", "lCwaop7Ow", "yrBJKecw4", "lCwaop7Ov", "yrBJKecw5", "omTvfN8Pc", "omTvfN8Pb", "yrBJKecw7", "yrBJKecw8", "yrBJKecw9", "lCwaop7Ol", "lCwaop7On", "lCwaop7Oq", "lCwaop7Op", "c9bSztzGZ", "PNOOpVo7y", "EgeNBixg0", "PNOOpVo7u", "PNOOpVo7w", "DcVwiTPua", "c9bSztzGS", "DcVwiTPub", "DcVwiTPue", "DcVwiTPud", "DcVwiTPug", "DcVwiTPuf", "g8eIwhTK9", "g8eIwhTK7", "yrBJKecwV", "EgeNBixg6", "EgeNBixg5", "g8eIwhTK1", "yrBJKecwZ", "EgeNBixg1", "EgeNBixg4", "EgeNBixg3", "r13W4kaaO", "P7HcydHQa", "r13W4kaaN", "yrBJKecxa", "r13W4kaaQ", "r13W4kaaP", "r13W4kaaK", "r13W4kaaJ", "P7HcydHQc", "r13W4kaaL", "P7HcydHQb", "wzbsodh2t", "OkW15IAYQ", "wzbsodh2z", "wzbsodh2x", "OkW15IAYV", "OkW15IAYW", "r13W4kaaA", "OkW15IAYY", "OkW15IAYS", "tpfCu1aGc", "OkW15IAYU", "tpfCu1aGa", "r13W4kaaF", "tpfCu1aGb", "r13W4kaaH", "OkW15IAYZ", "cA7dcoLS8", "OkW15IAY0", "OkW15IAY1", "OkW15IAY2", "wzbsodh2B", "wwloWsod4", "pSBk1LQMu", "pSBk1LQMv", "MR5fLvMQc", "pSBk1LQMt", "TeMYZEVn4", "TeMYZEVn3", "TeMYZEVn2", "TeMYZEVn1", "pSBk1LQMw", "TeMYZEVn0", "eqHq6EMy3", "pSBk1LQMn", "pSBk1LQMl", "eqHq6EMy6", "pSBk1LQMq", "pSBk1LQMr", "eqHq6EMy4", "pSBk1LQMp", "wzbsodh2F", "wwloWsodP", "eqHq6EMy8", "wzbsodh2C", "eqHq6EMy9", "wzbsodh2D", "wzbsodh2I", "pSBk1LQMg", "wzbsodh2G", "wzbsodh2H", "wwloWsodZ", "wwloWsodX", "wwloWsodY", "wwloWsodV", "wwloWsodT", "ktwMcvCoo", "ktwMcvCon", "8fqSbXKB", "8fqSbXKC", "MR5fLvMQh", "ktwMcvCod", "MR5fLvMQi", "MR5fLvMQj", "eqHq6EMyW", "MR5fLvMQe", "MR5fLvMQg", "ktwMcvCom", "ktwMcvCol", "ktwMcvCoj", "ktwMcvCoi", "MR5fLvMQl", "ktwMcvCoh", "MR5fLvMQm", "MR5fLvMQn", "ktwMcvCof", "MR5fLvMQo", "eqHq6EMzd", "eqHq6EMza", "eqHq6EMzb", "ovpFA4QgZ", "eqHq6EMze", "8fqSbXKE", "Hnkz2JKOM", "8fqSbXKG", "Hnkz2JKOO", "8fqSbXKH", "8fqSbXKI", "8fqSbXKJ", "8fqSbXKK", "8fqSbXKL", "OnM5xtuNu", "OnM5xtuNw", "OnM5xtuNy", "c9bSztzHa", "ovpFA4QgU", "OnM5xtuNz", "8fqSbXKu", "cA7dcoLTf", "OnM5xtuNA", "Hnkz2JKOY", "OnM5xtuNC", "cA7dcoLTl", "Hnkz2JKOV", "OnM5xtuNE", "cA7dcoLTk", "OnM5xtuND", "cA7dcoLTn", "Hnkz2JKOX", "ovpFA4Qha", "OnM5xtuNG", "cA7dcoLTm", "Hnkz2JKOW", "OnM5xtuNF", "Hnkz2JKOR", "cA7dcoLTg", "Hnkz2JKOQ", "Hnkz2JKOT", "cA7dcoLTi", "Hnkz2JKOS", "cA7dcoLTo", "cA7dcoLTq", "yoLGitiIv", "vByhZknS9", "yoLGitiIw", "jJ5S2pdjN", "yoLGitiIt", "kVVkF4CyF", "yoLGitiIu", "kVVkF4CyH", "kVVkF4CyK", "kVVkF4CyJ", "yoLGitiIn", "LAzHekzYd", "NSytB9AOy", "vByhZknS1", "LAzHekzYe", "kVVkF4CyL", "NSytB9AOz", "yoLGitiIl", "vByhZknS4", "LAzHekzYf", "kVVkF4CyO", "vByhZknS3", "kVVkF4CyN", "NSytB9AOu", "yoLGitiIr", "kVVkF4CyQ", "ktwMcvCn7", "LAzHekzYa", "vByhZknS5", "kVVkF4CyP", "yoLGitiIp", "NSytB9AOw", "vByhZknS8", "LAzHekzYc", "yoLGitiIq", "vByhZknS7", "NSytB9AOx", "NSytB9AOq", "NSytB9AOs", "NSytB9AOt", "yoLGitiIh", "NSytB9AOo", "jJ5S2pdjZ", "jJ5S2pdjX", "jJ5S2pdjY", "jJ5S2pdjV", "jJ5S2pdjT", "vByhZknSZ", "jJ5S2pdj1", "IwjYeEge1", "IwjYeEge0", "vEolq5hHz", "bI99G1Fna", "IwjYeEge6", "IwjYeEge5", "IwjYeEge4", "IwjYeEge3", "vByhZknSV", "LAzHekzYh", "LAzHekzYi", "LAzHekzYj", "LAzHekzYk", "jJ5S2pdj4", "jJ5S2pdj2", "jJ5S2pdj3", "NSytB9AOA", "js3ylROqc", "LAzHekzX8", "js3ylROqb", "vByhZknTa", "js3ylROqa", "IwjYeEgeU", "IwjYeEgeZ", "bI99G1FmZ", "IwjYeEgeY", "IwjYeEgeW", "TeMYZEVnZ", "TeMYZEVnY", "TeMYZEVnW", "TeMYZEVnU", "TeMYZEVnS", "js3ylROpV", "bI99G1Fm8", "gRcnPKuRp", "gRcnPKuRq", "gRcnPKuRo", "bI99G1FmS", "kVVkF4Cyz", "DWmps0eym", "DWmps0eyt", "q4qMFrf1d", "q4qMFrf1c", "DWmps0eyv", "q4qMFrf1b", "DWmps0eyu", "DWmps0eyr", "DWmps0eyq", "DWmps0eyx", "q4qMFrf1i", "zjyNfBi3b", "q4qMFrf1h", "q4qMFrf1g", "DWmps0eyz", "q4qMFrf1f", "DWmps0eyy", "zjyNfBi3j", "zjyNfBi3g", "zjyNfBi3h", "KlUb8UgUN", "KlUb8UgUM", "zjyNfBi3n", "zjyNfBi3k", "KlUb8UgUP", "l14Fqed94", "KlUb8UgUO", "zjyNfBi3l", "zjyNfBi3q", "KlUb8UgUI", "zjyNfBi3o", "KlUb8UgUK", "zjyNfBi3p", "KlUb8UgUU", "KlUb8UgUR", "l14Fqed99", "KlUb8UgUT", "KlUb8UgUS", "ThC2rpPcy", "LuTAkOMkX", "LuTAkOMkZ", "ThC2rpPcw", "bGj6fgLyl", "bGj6fgLym", "bGj6fgLye", "sCYFS9RNe", "sCYFS9RNd", "sCYFS9RNc", "sCYFS9RNb", "bGj6fgLyw", "bGj6fgLyt", "bGj6fgLys", "bGj6fgLyu", "bGj6fgLyo", "bGj6fgLyr", "bGj6fgLyq", "DWmps0eyA", "Cgti3A9", "Cgti3A8", "ThC2rpPcI", "ThC2rpPcH", "RGe5LWjBY", "ThC2rpPcE", "ThC2rpPcD", "ThC2rpPcG", "ThC2rpPcF", "ThC2rpPcA", "mLvyAkDex", "RGe5LWjBW", "mLvyAkDev", "ThC2rpPcC", "mLvyAkDez", "mLvyAkDey", "Cgti3A6", "mLvyAkDeo", "Cgti3A4", "Cgti3A3", "mLvyAkDet", "zLXlJajdD", "sCYFS9RMY", "RGe5LWjB8", "qB2ebSfQQ", "qB2ebSfQP", "zLXlJajdM", "RGe5LWjB5", "qB2ebSfQO", "zLXlJajdN", "RGe5LWjB4", "qB2ebSfQN", "RGe5LWjB7", "RZ7tUeCkE", "zLXlJajdL", "qB2ebSfQL", "RGe5LWjB6", "zLXlJajdI", "qB2ebSfQK", "zLXlJajdJ", "RGe5LWjB0", "qB2ebSfQJ", "RGe5LWjB3", "qB2ebSfQH", "RGe5LWjB2", "qB2ebSfQF", "zLXlJajdS", "zLXlJajdQ", "RZ7tUeCkC", "zLXlJajdR", "RZ7tUeCkD", "qB2ebSfQA", "RZ7tUeCkA", "zLXlJajdP", "RZ7tUeCkB", "RZ7tUeCkw", "RZ7tUeCku", "RZ7tUeCky", "RZ7tUeCkz", "Oh6YDXHao", "Oh6YDXHan", "Oh6YDXHam", "RZ7tUeCks", "Oh6YDXHal", "Oh6YDXHak", "Oh6YDXHai", "cR9xSWaNi", "cR9xSWaNg", "cR9xSWaNa", "cR9xSWaNe", "cR9xSWaNf", "cR9xSWaNc", "cR9xSWaNd", "LuTAkOMkQ", "cR9xSWaM8", "B054Feqfn", "fK225ATfR", "fK225ATfQ", "oXOd4DQrr", "LuTAkOMkS", "B054Feqfp", "cR9xSWaM7", "fK225ATfO", "B054Feqfo", "fK225ATfN", "oXOd4DQrt", "LuTAkOMkU", "PKYKYaviX", "PKYKYaviY", "fK225ATfL", "B054Feqfl", "oXOd4DQrv", "LuTAkOMkW", "PKYKYaviZ", "B054Feqfk", "LuTAkOMkV", "cR9xSWaM0", "B054Feqff", "oXOd4DQrx", "oXOd4DQrw", "oXOd4DQrz", "yRaeL2iSJ", "fK225ATfF", "LXh8OnMvt", "LXh8OnMvu", "OYHOmjcpS", "Oh6YDXHah", "LXh8OnMvp", "Oh6YDXHag", "OYHOmjcpU", "LXh8OnMvr", "Oh6YDXHae", "LXh8OnMvs", "OYHOmjcpW", "Oh6YDXHac", "LXh8OnMvm", "LXh8OnMvn", "OYHOmjcpY", "LXh8OnMvo", "LXh8OnMvi", "PKYKYaviU", "B054Feqfu", "LXh8OnMvk", "PKYKYaviW", "fK225ATfW", "B054Feqfr", "fK225ATfV", "PKYKYaviQ", "fK225ATfU", "B054Feqft", "PKYKYaviS", "fK225ATfS", "B054Feqfs", "sCYFS9RM5", "LuTAkOMk1", "LuTAkOMk0", "sCYFS9RM3", "LuTAkOMk2", "HvQKn0sgI", "v06M08ueY", "HvQKn0sgM", "sCYFS9RM9", "sCYFS9RM8", "HvQKn0sgK", "sCYFS9RM7", "yRaeL2iSS", "OYHOmjcp3", "v06M08ueR", "yRaeL2iST", "HvQKn0sgP", "OYHOmjcp4", "v06M08ueS", "HvQKn0sgO", "yRaeL2iSR", "HvQKn0sgN", "v06M08ueT", "yRaeL2iSO", "HvQKn0sgU", "yRaeL2iSP", "v06M08ueV", "HvQKn0sgT", "v06M08ueW", "HvQKn0sgS", "HvQKn0sgR", "v06M08ueX", "v06M08ueJ", "yRaeL2iSY", "yRaeL2iSW", "PKYKYavi0", "v06M08ueN", "OYHOmjcp0", "yRaeL2iSX", "PKYKYavi1", "OYHOmjcp1", "PKYKYavi2", "v06M08ueP", "yRaeL2iSV", "OYHOmjcp2", "RUrm0IOHl", "RUrm0IOHm", "RUrm0IOHh", "RUrm0IOHi", "RUrm0IOHj", "RUrm0IOHk", "RUrm0IOHe", "RUrm0IOHg", "RUrm0IOHa", "RUrm0IOHc", "oXOd4DQrB", "oXOd4DQrA", "cvq6iSYfQ", "oXOd4DQrC", "cvq6iSYfY", "cvq6iSYfX", "S3qLcDj7u", "S3qLcDj7t", "MGI1YubzE", "S3qLcDj7s", "S3qLcDj7r", "MGI1YubzC", "S3qLcDj7q", "S3qLcDj7p", "S3qLcDj7o", "S3qLcDj7m", "S3qLcDj7k", "S3qLcDj7i", "cvq6iSYf5", "mggWE0Jfx", "mggWE0Jfw", "cvq6iSYf6", "cvq6iSYf3", "mggWE0Jfv", "MGI1YubzN", "cvq6iSYf4", "MGI1YubzO", "mggWE0Jft", "cvq6iSYf2", "mggWE0Jfs", "mggWE0Jfr", "cvq6iSYf0", "MGI1YubzH", "MGI1YubzI", "MGI1YubzG", "MGI1YubzL", "bL0c8Mzbw", "MGI1YubzM", "MGI1YubzJ", "oXOd4DQrm", "cvq6iSYf8", "mggWE0Jfy", "HYfiRzsrh", "HYfiRzsrg", "mRbFtQqRG", "HYfiRzsrj", "sggei6FfO", "sggei6FfV", "HYfiRzsrc", "mRbFtQqRN", "sggei6FfT", "HYfiRzsrf", "mRbFtQqRL", "HYfiRzsre", "E5lNEUJYI", "mRbFtQqRQ", "sggei6FfZ", "E5lNEUJYH", "sggei6FfY", "mRbFtQqRR", "E5lNEUJYG", "bL0c8MzbD", "sggei6FfX", "E5lNEUJYF", "HYfiRzsra", "bL0c8MzbE", "mRbFtQqRP", "E5lNEUJYD", "mRbFtQqRU", "bL0c8MzbG", "E5lNEUJYC", "mRbFtQqRV", "E5lNEUJYB", "bL0c8MzbI", "mRbFtQqRT", "bL0c8MzbJ", "bL0c8MzbK", "bL0c8MzbL", "mRbFtQqRW", "bL0c8MzbM", "bL0c8MzbO", "HYfiRzsrl", "HYfiRzsrk", "HYfiRzsrm", "sggei6Ff2", "sggei6Ff1", "sggei6Ff4", "sggei6Ff3", "br7O0ugs8", "br7O0ugs7", "br7O0ugs0", "E5lNEUJYz", "E5lNEUJYy", "Cgti3AU", "E5lNEUJYu", "SA2cI4jWQ", "SA2cI4jWS", "SA2cI4jWU", "t20oLBL7b", "t20oLBL7c", "t20oLBL7d", "t20oLBL7e", "Cgti3Bd", "Cgti3Bc", "Cgti3Bb", "Cgti3Ba", "SA2cI4jW0", "q4qMFrf02", "SA2cI4jW2", "SA2cI4jW1", "rzFoAK9Z8", "q4qMFrf09", "DfLzKEJiU", "DfLzKEJiT", "q4qMFrf07", "DfLzKEJiS", "DfLzKEJiR", "mggWE0Jfp", "DfLzKEJiP", "DfLzKEJiO", "mggWE0Jfn", "DfLzKEJiN", "DfLzKEJiL", "DfLzKEJiK", "mggWE0Jfi", "hmqZK4oQs", "hmqZK4oQr", "hmqZK4oQq", "hmqZK4oQw", "hmqZK4oQv", "hmqZK4oQu", "hmqZK4oQl", "hmqZK4oQo", "hmqZK4oQn", "br7O0ugtc", "DfLzKEJiG", "br7O0ugte", "br7O0ugtd", "br7O0ugtg", "br7O0ugtf", "hmqZK4oQf", "br7O0ugth", "t20oLBL6Z", "br7O0ugta", "wNnJCZM7L", "wNnJCZM7N", "wNnJCZM7Q", "wNnJCZM7P", "wNnJCZM7R", "ngKavExdz", "wNnJCZM7H", "tI70DjtoF", "ngKavExdu", "xzEGeQ50J", "tI70DjtoD", "tI70DjtoC", "tI70DjtoB", "xzEGeQ50F", "tI70DjtoI", "tI70DjtoH", "tI70DjtoG", "ADUpexpJ3", "PZa2cW0od", "PZa2cW0oe", "PZa2cW0ob", "ADUpexpJ5", "PZa2cW0oc", "ADUpexpJ6", "ADUpexpJ7", "xzEGeQ50U", "PZa2cW0oa", "ADUpexpJ8", "xzEGeQ50S", "xzEGeQ50T", "xzEGeQ50R", "xzEGeQ50O", "xzEGeQ50P", "xzEGeQ50N", "ADUpexpJ1", "PZa2cW0of", "xzEGeQ50L", "ADUpexpJ2", "PZa2cW0og", "CzaJ2jd3d", "CzaJ2jd3c", "CzaJ2jd3e", "CzaJ2jd3b", "dEquuNtFY", "H9BwEA3HO", "ADUpexpJT", "C4plXC715", "H9BwEA3HP", "tI70Djtot", "H9BwEA3HQ", "H9BwEA3HR", "HJ21CMXlY", "H9BwEA3HT", "ADUpexpJY", "H9BwEA3HU", "HJ21CMXlW", "ADUpexpJZ", "H9BwEA3HV", "H9BwEA3HK", "tI70Djtoz", "tI70Djtox", "H9BwEA3HM", "SA2cI4jWX", "SA2cI4jWW", "SA2cI4jWZ", "SA2cI4jWY", "HJ21CMXl8", "HJ21CMXl7", "HJ21CMXl6", "HJ21CMXl5", "HJ21CMXl3", "HJ21CMXl2", "HJ21CMXl1", "HJ21CMXl0", "QWOcBPUxL", "QWOcBPUxK", "QWOcBPUxN", "QWOcBPUxM", "QWOcBPUxO", "dEquuNtGb", "dEquuNtGa", "dEquuNtGd", "dEquuNtGc", "dEquuNtGe", "dEquuNtGg", "QWOcBPUxC", "QWOcBPUxE", "QWOcBPUxG", "QWOcBPUxJ", "QWOcBPUxI", "r7J3XPXNX", "M6hw0ihVq", "r7J3XPXNZ", "JNPwLPs7a", "M6hw0ihVv", "M6hw0ihVu", "M6hw0ihVs", "M6hw0ihVz", "M6hw0ihVx", "r7J3XPXNS", "M6hw0ihVw", "rTxMI3sIE", "r7J3XPXN8", "rTxMI3sIR", "rTxMI3sIO", "rtZhHfmm1", "rtZhHfmm0", "rTxMI3sIP", "rtZhHfmm3", "rTxMI3sIU", "r7J3XPXN5", "rTxMI3sIS", "r7J3XPXN6", "rtZhHfmm5", "rtZhHfmm4", "rTxMI3sIT", "r7J3XPXN7", "rTxMI3sIJ", "r7J3XPXN1", "rtZhHfmm6", "r7J3XPXN2", "JNPwLPs6Y", "r7J3XPXN3", "rTxMI3sIN", "rTxMI3sIL", "ngKavExdD", "ngKavExdE", "ngKavExdB", "ngKavExdH", "ngKavExdI", "ngKavExdF", "glXLUqAR9", "rtZhHfmmQ", "glXLUqAR3", "CzaJ2jd2Z", "rtZhHfmmV", "rtZhHfmmX", "rtZhHfmmZ", "CzaJ2jd25", "CzaJ2jd24", "PZa2cW0n4", "wNnJCZM7U", "wNnJCZM7T", "ngKavExdJ", "wNnJCZM7W", "wNnJCZM7V", "ngKavExdK", "CzaJ2jd27", "PZa2cW0n8", "CzaJ2jd29", "PZa2cW0n6", "CzaJ2jd28", "glXLUqASe", "J4RRsmR0Z", "glXLUqASf", "glXLUqASc", "FuUiGIQki", "glXLUqASb", "FuUiGIQkn", "FuUiGIQkm", "J4RRsmR0S", "J4RRsmR0U", "J4RRsmR0V", "J4RRsmR0W", "J4RRsmR0X", "FuUiGIQkw", "gT2rhvoFZ", "J4RRsmR0Q", "gT2rhvoFV", "FuUiGIQkp", "gT2rhvoFW", "FuUiGIQkr", "gT2rhvoFY", "FuUiGIQkq", "FuUiGIQkt", "gT2rhvoFT", "BVpXLICB9", "FuUiGIQkv", "FuUiGIQku", "BVpXLICB7", "BVpXLICB6", "BVpXLICB5", "BVpXLICB3", "BVpXLICB2", "J4RRsmR02", "J4RRsmR00", "J4RRsmR01", "q1AJdGmco", "gT2rhvoF0", "Fjx4THe3V", "Fjx4THe3W", "Fjx4THe3R", "Fjx4THe3T", "Fjx4THe3U", "Fjx4THe3N", "Fjx4THe3P", "Fjx4THe3Q", "q1AJdGmcz", "Fjx4THe3M", "q1AJdGmcv", "JNPwLPs67", "q1AJdGmcy", "JNPwLPs68", "Fjx4THe3I", "q1AJdGmcx", "JNPwLPs69", "JNPwLPs62", "JNPwLPs63", "JNPwLPs64", "q1AJdGmct", "JNPwLPs65", "gT2rhvoFN", "M6hw0ihVB", "H6LtcP9Ta", "M6hw0ihVA", "JNPwLPs60", "H6LtcP9Td", "H6LtcP9Tb", "H6LtcP9Tc", "M6hw0ihVC", "H6LtcP9Th", "H6LtcP9Ti", "H6LtcP9Tf", "H6LtcP9Tg", "q1AJdGmcC", "q1AJdGmcB", "q1AJdGmcE", "q1AJdGmcD", "glXLUqASk", "glXLUqASi", "gT2rhvoF2", "glXLUqASj", "gT2rhvoF3", "glXLUqASg", "gT2rhvoF4", "xK0T1SHhf", "xK0T1SHhp", "xK0T1SHho", "xK0T1SHhn", "xK0T1SHhl", "xK0T1SHhj", "xK0T1SHhu", "xK0T1SHht", "xK0T1SHhs", "QIBVm3psA", "xK0T1SHhr", "QIBVm3pso", "QIBVm3psq", "QIBVm3pss", "jMVWt968z", "jMVWt968x", "H9BwEA3HW", "jMVWt968r", "bRGj2imO0", "bRGj2imO1", "bRGj2imO2", "bRGj2imO3", "bRGj2imO4", "bRGj2imO6", "Pq6mPScAo", "IkXKrCEYq", "QIBVm3psv", "IkXKrCEYp", "QIBVm3psu", "HyGNPLl5y", "Pq6mPScAm", "IkXKrCEYo", "QIBVm3psx", "QIBVm3psw", "Pq6mPScAk", "IkXKrCEYm", "HyGNPLl5v", "QIBVm3psz", "QIBVm3psy", "BVpXLICCc", "IkXKrCEYk", "BVpXLICCb", "HyGNPLl5x", "BVpXLICCa", "HyGNPLl5w", "HyGNPLl5r", "Pq6mPScAw", "H6LtcP9S8", "HyGNPLl5q", "HyGNPLl5t", "Pq6mPScAu", "IkXKrCEYw", "H6LtcP9S6", "HyGNPLl5s", "IkXKrCEYv", "Pq6mPScAv", "Pq6mPScAs", "IkXKrCEYu", "HyGNPLl5m", "IkXKrCEYt", "Pq6mPScAt", "Pq6mPScAq", "HyGNPLl5o", "Pq6mPScAr", "IkXKrCEYr", "jMVWt968F", "jMVWt968D", "bRGj2imOO", "jMVWt968C", "jMVWt968I", "jMVWt968H", "jMVWt968G", "bRGj2imOV", "bRGj2imOW", "jMVWt968B", "bRGj2imOY", "BVpXLICBX", "MvmObsAi4", "gaBx7oZBF", "rFlvugXDE", "gaBx7oZBG", "rFlvugXDD", "MvmObsAi6", "rFlvugXDG", "MvmObsAi7", "gaBx7oZBE", "rFlvugXDF", "gaBx7oZBB", "MvmObsAi8", "gaBx7oZBC", "MvmObsAi9", "rFlvugXDA", "gaBx7oZBJ", "gaBx7oZBK", "rFlvugXDB", "gaBx7oZBI", "pkwFEG2Yw", "hADgZQTVz", "MvmObsAi2", "d6O2YmtQx", "hADgZQTVt", "gi7IsFG3v", "d6O2YmtQy", "gi7IsFG3y", "vhFTQ15aE", "vhFTQ15aD", "gi7IsFG3x", "vhFTQ15aC", "vhFTQ15aB", "d6O2YmtQq", "pkwFEG2YG", "QoJxeK6JU", "pkwFEG2YH", "QoJxeK6JS", "pkwFEG2YJ", "pkwFEG2YD", "pkwFEG2YF", "hADgZQTVK", "hADgZQTVI", "hADgZQTVJ", "hADgZQTVG", "pkwFEG2YK", "pkwFEG2YL", "hADgZQTVE", "pkwFEG2YM", "hADgZQTVF", "hADgZQTVC", "gaBx7oZBt", "hADgZQTVB", "QoJxeK6JZ", "pkwFEG2YB", "gaBx7oZBz", "QoJxeK6JY", "gi7IsFG3p", "QoJxeK6JW", "Rr2Ow9OwI", "Rr2Ow9OwK", "Rr2Ow9OwM", "Rr2Ow9OwO", "CHGUnzVva", "Rr2Ow9OwP", "Rr2Ow9OwQ", "Rr2Ow9OwR", "gi7IsFG3A", "Rr2Ow9OwS", "gi7IsFG3B", "Rr2Ow9OwT", "Rr2Ow9OwU", "gi7IsFG3E", "gi7IsFG3F", "gi7IsFG3C", "rFlvugXDv", "rFlvugXDx", "gi7IsFG3G", "rFlvugXDz", "rFlvugXDq", "FXiRahQuK", "FXiRahQuO", "FXiRahQuP", "FXiRahQuR", "FXiRahQuS", "FXiRahQuT", "FXiRahQuV", "FXiRahQuW", "FXiRahQuX", "FXiRahQuY", "MUVjdgGES", "MUVjdgGEQ", "MUVjdgGEX", "MUVjdgGEW", "MUVjdgGEV", "MUVjdgGEU", "MUVjdgGEZ", "imUdBIcOr", "d6O2YmtQI", "zdSGl5vpZ", "d6O2YmtQF", "zdSGl5vpY", "d6O2YmtQG", "zdSGl5vpT", "imUdBIcOz", "imUdBIcOx", "Ayeik1B6B", "d6O2YmtQA", "d6O2YmtQD", "d6O2YmtQE", "d6O2YmtQC", "MUVjdgGE0", "Ayeik1B6Q", "Ayeik1B6P", "Ayeik1B6O", "Ayeik1B6N", "MUVjdgGE2", "MUVjdgGE1", "Ayeik1B6H", "zdSGl5vp3", "Ayeik1B6G", "zdSGl5vp2", "zdSGl5vp1", "zdSGl5vp8", "Ayeik1B6L", "zdSGl5vp7", "Ayeik1B6K", "zdSGl5vp6", "Ayeik1B6J", "zdSGl5vp5", "eVV21YGx2", "APgC1y00I", "APgC1y00G", "APgC1y00H", "APgC1y00F", "APgC1y00C", "APgC1y00D", "imUdBIcOB", "oA5MuADUn", "BEnC5bdIj", "DNQe7Jw6E", "APgC1y00B", "imUdBIcOC", "oA5MuADUm", "DNQe7Jw6D", "BEnC5bdIk", "oA5MuADUl", "imUdBIcOD", "oA5MuADUj", "oA5MuADUh", "DNQe7Jw6C", "KrAi2p4x0", "DNQe7Jw6B", "eVV21YGx9", "oA5MuADUs", "oA5MuADUr", "oA5MuADUq", "oA5MuADUp", "jyJFfnB3t", "jyJFfnB3u", "BEnC5bdIa", "BEnC5bdIb", "BEnC5bdId", "oA5MuADUc", "BEnC5bdIe", "BEnC5bdIf", "imUdBIcOF", "imUdBIcOG", "IHGb1FRvB", "BEnC5bdIh", "imUdBIcOH", "IHGb1FRvA", "BEnC5bdIi", "imUdBIcOI", "IHGb1FRvD", "zr4XAR0vm", "jyJFfnB3j", "zr4XAR0vl", "IHGb1FRvF", "iR8Pw16Nx", "zr4XAR0vk", "IHGb1FRvE", "jyJFfnB3d", "IHGb1FRvG", "zr4XAR0vf", "jyJFfnB3p", "zr4XAR0vd", "jyJFfnB3r", "zr4XAR0vc", "jyJFfnB3s", "jyJFfnB3l", "zr4XAR0vj", "jyJFfnB3n", "zr4XAR0vh", "jyJFfnB3o", "zr4XAR0vg", "DNQe7Jw6u", "DNQe7Jw6v", "DNQe7Jw6q", "DNQe7Jw6y", "DNQe7Jw6x", "DNQe7Jw6z", "eVV21YGya", "eVV21YGyf", "eVV21YGye", "eVV21YGyc", "APgC1y00y", "APgC1y00z", "APgC1y00t", "z2ZGpHH7v", "m5nWICVW5", "vnl0KxSNR", "m5nWICVW4", "vnl0KxSNP", "m5nWICVW7", "vnl0KxSNQ", "vnl0KxSNN", "m5nWICVW9", "qwl7imsdy", "m5nWICVW8", "qwl7imsdx", "AaLu69W1", "vnl0KxSNL", "qwl7imsdw", "AaLu69W0", "AXMNmPIsE", "qwl7imsdv", "gutWfHikg", "vnl0KxSNH", "gutWfHike", "gutWfHikf", "m5nWICVW1", "m5nWICVW3", "qwl7imsdi", "gutWfHikc", "gutWfHika", "gutWfHikb", "qwl7imsdt", "qwl7imsds", "qwl7imsdr", "AaLu69WJ", "vnl0KxSNV", "qwl7imsdp", "vnl0KxSNW", "vnl0KxSNT", "qwl7imsdn", "vnl0KxSNU", "m5nWICVWU", "z2ZGpHH7H", "QoJxeK6J4", "z2ZGpHH7I", "QoJxeK6J2", "z2ZGpHH7J", "QoJxeK6J3", "z2ZGpHH7K", "z2ZGpHH7D", "QoJxeK6J0", "z2ZGpHH7E", "QoJxeK6J1", "z2ZGpHH7F", "m5nWICVWZ", "Kgd5fothz", "eVV21YGyj", "z2ZGpHH7A", "eVV21YGyi", "z2ZGpHH7B", "eVV21YGyg", "AXMNmPIsp", "eVV21YGyk", "Kgd5fothq", "AXMNmPIsy", "AXMNmPIsz", "AXMNmPIsx", "AXMNmPIsu", "AXMNmPIsv", "Kgd5fothx", "Kgd5fothw", "Kgd5fothv", "gutWfHijZ", "Kgd5fothu", "Kgd5foths", "ffOragZgM", "ffOragZgL", "ffOragZgK", "ffOragZgI", "ffOragZgG", "ffOragZgF", "ffOragZgQ", "MvmObsAjb", "ffOragZgP", "ffOragZgO", "MvmObsAjc", "MvmObsAjd", "gutWfHij7", "gutWfHij5", "B9Ce0u7Hp", "B9Ce0u7Ho", "gutWfHij8", "B9Ce0u7Hq", "iR8Pw16NI", "B9Ce0u7Hl", "Kgd5fothA", "B9Ce0u7Hk", "iR8Pw16NJ", "B9Ce0u7Hn", "iR8Pw16NH", "AaLu69WR", "B9Ce0u7Hh", "B9Ce0u7Hg", "iR8Pw16NF", "B9Ce0u7Hj", "iR8Pw16ND", "AaLu69WU", "iR8Pw16NO", "AaLu69WS", "AaLu69WZ", "iR8Pw16NM", "AaLu69WY", "iR8Pw16NN", "zr4XAR0u7", "B9Ce0u7Hb", "AaLu69WX", "Kgd5fothC", "AaLu69WW", "iR8Pw16NL", "Kgd5fothB", "MvmObsAje", "AXMNmPIsC", "AXMNmPIsD", "AXMNmPIsB", "BEnC5bdH5", "GydzY7x7a", "GydzY7x7c", "GydzY7x7d", "GydzY7x7m", "GydzY7x7f", "GydzY7x7g", "GydzY7x7h", "GydzY7x7j", "GydzY7x7k", "GydzY7x7l", "B3V76Zj35", "B3V76Zj36", "B3V76Zj33", "B3V76Zj31", "B3V76Zj32", "B3V76Zj37", "B3V76Zj38", "B3V76Zj3T", "B3V76Zj3Y", "B3V76Zj3Z", "xq8vTAoyN", "xq8vTAoyP", "xq8vTAoyR", "xq8vTAoyS", "xq8vTAoyT", "xq8vTAoyV", "xq8vTAoyW", "xq8vTAoyX", "xq8vTAoyY", "gxjZHsb8L", "gxjZHsb8M", "gxjZHsb8J", "gxjZHsb8P", "gxjZHsb8Q", "gxjZHsb8O", "gxjZHsb8D", "xq8vTAoyJ", "gxjZHsb8T", "EFNiC6DCG", "gxjZHsb8U", "gxjZHsb8S", "EFNiC6DCK", "EFNiC6DCL", "i8qOzK20", "i8qOzK22", "yazo3GNC7", "yazo3GNC9", "yazo3GNC3", "i8qOzK2R", "i8qOzK29", "i8qOzK28", "i8qOzK25", "yazo3GNDg", "i8qOzK24", "yazo3GNDh", "i8qOzK27", "yazo3GNDi", "i8qOzK26", "EFNiC6DCN", "yazo3GNDc", "rzFoAK90o", "EFNiC6DCO", "yazo3GNDd", "rzFoAK90n", "EFNiC6DCP", "IHGb1FRvu", "yazo3GNDf", "EFNiC6DCR", "IHGb1FRvw", "rzFoAK90j", "EFNiC6DCS", "IHGb1FRvz", "rzFoAK90m", "EFNiC6DCT", "IHGb1FRvy", "yazo3GNDb", "rzFoAK90l", "EFNiC6DCU", "rzFoAK90f", "rzFoAK90i", "rzFoAK90h", "rzFoAK90d", "i8qOzK2Z", "oR77a72N4", "x4TiaaZZ0", "y2wsy3T9y", "y2wsy3T9x", "y2wsy3T9w", "y2wsy3T9v", "y2wsy3T9t", "HbYmfH9yl", "HbYmfH9ym", "HbYmfH9yn", "HbYmfH9yo", "HbYmfH9yh", "HbYmfH9yi", "HbYmfH9yj", "LjxmxNa4m", "j08dIWCdV", "HbYmfH9ye", "LjxmxNa4l", "j08dIWCdU", "oR77a72N9", "HbYmfH9yg", "LjxmxNa4n", "j08dIWCdW", "j08dIWCdR", "LjxmxNa4q", "j08dIWCdQ", "LjxmxNa4p", "j08dIWCdT", "LjxmxNa4s", "HbYmfH9yc", "LjxmxNa4r", "j08dIWCdN", "DohJ5VqKJ", "DohJ5VqKK", "LjxmxNa4g", "x4TiaaZZP", "DohJ5VqKH", "j08dIWCdP", "LjxmxNa4i", "DohJ5VqKN", "DohJ5VqKO", "x4TiaaZZL", "j08dIWCdL", "LjxmxNa4k", "DohJ5VqKL", "j08dIWCdF", "DohJ5VqKP", "DohJ5VqKQ", "x4TiaaZZZ", "x4TiaaZZY", "x4TiaaZZV", "x4TiaaZZU", "x4TiaaZZX", "x4TiaaZZR", "x4TiaaZZT", "cJDnxFtk4", "oR77a72Od", "y2wsy3T9j", "oR77a72Oe", "oR77a72Ob", "y2wsy3T9s", "y2wsy3T9r", "y2wsy3T9p", "y2wsy3T9o", "oR77a72Oj", "oR77a72Ok", "oR77a72Oh", "oR77a72Oi", "oR77a72Of", "Lr3wS3Swo", "Lr3wS3Swn", "JzDfw2X1V", "JzDfw2X1W", "vvSa5OAfD", "zRDsCF6Ra", "vvSa5OAfH", "vvSa5OAfJ", "vvSa5OAfL", "Lr3wS3Swm", "hLZuMSvce", "Lr3wS3Swl", "hLZuMSvcb", "hLZuMSvcc", "Lr3wS3Swj", "Lr3wS3Swi", "JzDfw2X1M", "Lr3wS3Swh", "hLZuMSvci", "Lr3wS3Swg", "hLZuMSvcf", "JzDfw2X1K", "hLZuMSvcg", "Lr3wS3Swe", "JzDfw2X1P", "JzDfw2X1Q", "Lr3wS3Swc", "hLZuMSvcj", "JzDfw2X1O", "hLZuMSvck", "JzDfw2X1T", "JzDfw2X1U", "JzDfw2X1R", "ivqnWYUgC", "ivqnWYUgB", "zRDsCF6QV", "ivqnWYUgE", "ivqnWYUgD", "DohJ5VqKC", "DohJ5VqKG", "vvSa5OAfM", "vvSa5OAfN", "vvSa5OAfP", "vvSa5OAfQ", "vvSa5OAfR", "vvSa5OAfS", "zRDsCF6Q8", "zRDsCF6Q7", "zRDsCF6Q5", "zRDsCF6Q9", "cJDnxFtle", "cJDnxFtlc", "cJDnxFtlb", "vhFTQ15ay", "vhFTQ15ax", "cJDnxFtlm", "vhFTQ15az", "cJDnxFtlk", "cJDnxFtlj", "vhFTQ15at", "cJDnxFtli", "cJDnxFtlh", "vhFTQ15av", "cJDnxFtlg", "zRDsCF6Q0", "vhFTQ15ap", "zRDsCF6Q4", "zRDsCF6Q3", "zRDsCF6Q1", "lWoywIqw0", "lWoywIqw1", "lWoywIqw2", "DZcsUK8m0", "ds4gHLSpA", "ds4gHLSpB", "ds4gHLSpG", "ds4gHLSpC", "ds4gHLSpD", "ds4gHLSpE", "ds4gHLSpo", "sZG7tc4j9", "ds4gHLSpw", "ds4gHLSpy", "ds4gHLSpv", "hLZuMSvb3", "h0bL1E0hh", "hLZuMSvb9", "vVqF7CGBv", "h0bL1E0hy", "h0bL1E0hx", "h0bL1E0hw", "h0bL1E0hv", "vVqF7CGBz", "vVqF7CGBx", "h0bL1E0hp", "h0bL1E0hn", "vVqF7CGBr", "h0bL1E0ht", "h0bL1E0hs", "h0bL1E0hr", "ginmORed", "ginmORel", "xFkM8mTDX", "ginmORem", "ginmOReo", "ginmORer", "ginmOReq", "ginmORet", "ginmORes", "ginmORev", "ginmOReu", "QTX8940I8", "QTX8940I7", "n5RazgJU6", "QTX8940I9", "QTX8940I0", "QTX8940I2", "xFkM8mTEb", "xFkM8mTEc", "QTX8940I4", "xFkM8mTEa", "QTX8940I6", "C95sQ8VFo", "QTX8940I5", "C95sQ8VFv", "C95sQ8VFt", "C95sQ8VFs", "C95sQ8VFz", "C95sQ8VFx", "C95sQ8VFw", "QupD8gUni", "QupD8gUnh", "QupD8gUnk", "QupD8gUnj", "QupD8gUnm", "QupD8gUnl", "QupD8gUna", "QupD8gUnc", "QupD8gUne", "DZcsUK8nd", "DZcsUK8ne", "QupD8gUng", "DZcsUK8nb", "DZcsUK8nc", "dSCLJzYLu", "Iy91Go93y", "n5RazgJVb", "dSCLJzYLs", "n5RazgJVf", "n5RazgJVd", "dSCLJzYLm", "n5RazgJVj", "dSCLJzYLk", "n5RazgJVg", "n5RazgJVh", "dSCLJzYLq", "n5RazgJVm", "dSCLJzYLr", "dSCLJzYLo", "n5RazgJVk", "dSCLJzYLp", "n5RazgJVl", "dSCLJzYLc", "dSCLJzYLj", "mOlB15w22", "sZG7tc4kj", "tmpy3ggRv", "sZG7tc4ki", "lWoywIqwM", "sZG7tc4kl", "tmpy3ggRx", "tmpy3ggRw", "sZG7tc4kf", "tmpy3ggRr", "lWoywIqwT", "sZG7tc4kh", "tmpy3ggRt", "DZcsUK8m9", "lWoywIqwR", "tmpy3ggRs", "DZcsUK8m7", "lWoywIqwW", "DZcsUK8m8", "lWoywIqwX", "sZG7tc4kd", "DZcsUK8m5", "lWoywIqwV", "DZcsUK8m4", "tmpy3ggRy", "Iy91Go93J", "lWoywIqwZ", "Iy91Go93K", "PfJ82QBjW", "PfJ82QBjT", "PfJ82QBjS", "PfJ82QBjV", "PfJ82QBjU", "tmpy3ggRn", "PfJ82QBjO", "tmpy3ggRp", "PfJ82QBjR", "PfJ82QBjQ", "tmpy3ggRj", "sZG7tc4kn", "PfJ82QBjK", "sZG7tc4km", "PfJ82QBjM", "sZG7tc4ko", "L8EmBpnL4", "L8EmBpnL3", "L8EmBpnL2", "L8EmBpnL1", "saz7pARCM", "Ssv2nNCuY", "Iy91Go93H", "Iy91Go93I", "Ssv2nNCuW", "Iy91Go93F", "Iy91Go93D", "Iy91Go93E", "Iy91Go93C", "Iy91Go93A", "Ssv2nNCuU", "eS5ZAdMJA", "mOlB15w27", "eS5ZAdMJB", "mOlB15w29", "saz7pARCH", "eS5ZAdMJE", "saz7pARCG", "xfMh6yNil", "eS5ZAdMJF", "IEP8zUXG2", "saz7pARCF", "eS5ZAdMJC", "xfMh6yNim", "xfMh6yNin", "Ssv2nNCu6", "saz7pARCL", "xfMh6yNih", "saz7pARCK", "xfMh6yNii", "saz7pARCJ", "IEP8zUXG1", "eS5ZAdMJG", "xfMh6yNij", "IEP8zUXG0", "Ssv2nNCu1", "Ssv2nNCu0", "Ccsisf1v1", "saz7pARCD", "Ssv2nNCu5", "xfMh6yNio", "Ccsisf1v4", "Ssv2nNCu4", "saz7pARCB", "Ssv2nNCu3", "Ccsisf1v2", "Ssv2nNCu2", "Ccsisf1v3", "lltPHSIUt", "IEP8zUXGS", "Ccsisf1vX", "Ccsisf1vY", "lltPHSIUv", "Ccsisf1vV", "IEP8zUXGU", "lltPHSIUx", "IEP8zUXGQ", "lltPHSIUz", "Ccsisf1vZ", "lltPHSIUy", "Ccsisf1vP", "IEP8zUXGZ", "IEP8zUXGW", "Ccsisf1vU", "IEP8zUXGV", "eS5ZAdMJo", "IEP8zUXGX", "eS5ZAdMJv", "mOlB15w3d", "mOlB15w3g", "RxIVqFCaa", "mOlB15w3f", "eS5ZAdMJy", "RxIVqFCac", "RxIVqFCab", "eS5ZAdMJw", "mOlB15w3c", "mOlB15w3b", "MycRDdt7M", "MycRDdt7L", "MycRDdt7K", "MycRDdt7I", "C7fppn1QK", "MycRDdt7G", "C7fppn1QO", "MycRDdt7S", "MycRDdt7R", "MycRDdt7Q", "C95sQ8VFB", "C7fppn1QP", "MycRDdt7P", "C95sQ8VFA", "C7fppn1QS", "C7fppn1QR", "MycRDdt7N", "C7fppn1QT", "C7fppn1QW", "C7fppn1QV", "C95sQ8VFC", "mOlB15w3i", "C7fppn1QY", "mOlB15w3h", "C7fppn1QX", "ZJgwVgiG", "lltPHSIUD", "vVqF7CGBF", "ZJgwVgiF", "lltPHSIUC", "vVqF7CGBG", "vVqF7CGBD", "rNRFPxE5m", "vVqF7CGBE", "lltPHSIUE", "xfMh6yNh9", "rNRFPxE5v", "rNRFPxE5w", "rNRFPxE5t", "rNRFPxE5r", "vVqF7CGBB", "vVqF7CGBA", "gLwgWeHd2", "pyIWTtx3R", "gLwgWeHd0", "pyIWTtx3U", "pyIWTtx3T", "rNRFPxE5z", "gLwgWeHd6", "pyIWTtx3V", "rNRFPxE5x", "gLwgWeHd4", "pyIWTtx3Y", "gLwgWeHd3", "pyIWTtx3X", "ZJgwVgiP", "ZJgwVgiO", "ZJgwVgiN", "pyIWTtx3Z", "ZJgwVgiM", "gLwgWeHd8", "ZJgwVgiL", "gLwgWeHd7", "ZJgwVgiK", "ZJgwVgiI", "lltPHSIUB", "oOxH5yF9", "lltPHSIUo", "cyg9KDR4B", "CB0Nt37RM", "CB0Nt37RN", "CB0Nt37RL", "CB0Nt37RI", "cyg9KDR4K", "CB0Nt37RJ", "cyg9KDR4M", "cyg9KDR4G", "xfMh6yNid", "cyg9KDR4H", "cyg9KDR4I", "CB0Nt37RS", "xfMh6yNif", "cyg9KDR4J", "cyg9KDR4C", "CB0Nt37RQ", "CB0Nt37RR", "ZJgwVgiy", "cyg9KDR4E", "CB0Nt37RP", "pyIWTtx30", "CB0Nt37RD", "rNRFPxE5B", "rNRFPxE5C", "rNRFPxE5A", "L8EmBpnLW", "L8EmBpnLU", "L8EmBpnLS", "pyIWTtx3K", "L8EmBpnLZ", "L8EmBpnLY", "pyIWTtx3P", "L8EmBpnLX", "gLwgWeHdR", "oOxH5yGh", "oOxH5yGi", "gLwgWeHdZ", "oOxH5yGo", "oOxH5yGp", "gLwgWeHdX", "oOxH5yGq", "oOxH5yGr", "oOxH5yGk", "cyg9KDR4u", "oOxH5yGm", "oOxH5yGn", "dyKnBhF2N", "GR5X7pQPQ", "dyKnBhF2O", "vPKzd6SYh", "GR5X7pQPP", "vPKzd6SYf", "dyKnBhF2Q", "GR5X7pQPN", "KaxYlSFEc", "vPKzd6SYd", "KaxYlSFEd", "KaxYlSFEa", "GR5X7pQPS", "GR5X7pQPR", "GR5X7pQPI", "dyKnBhF2V", "vPKzd6SYo", "KaxYlSFEh", "dyKnBhF2W", "GR5X7pQPG", "KaxYlSFEe", "vPKzd6SYm", "KaxYlSFEf", "vPKzd6SYn", "dyKnBhF2Y", "GR5X7pQPM", "KaxYlSFEk", "GR5X7pQPL", "dyKnBhF2S", "vPKzd6SYl", "vPKzd6SYi", "dyKnBhF2T", "KaxYlSFEi", "GR5X7pQPJ", "vPKzd6SYj", "dyKnBhF2U", "KaxYlSFEj", "ffOragZgy", "sLuQeqze9", "sLuQeqze8", "sLuQeqze5", "sLuQeqze4", "sLuQeqze7", "sLuQeqze1", "sLuQeqze3", "dyKnBhF2G", "wcs0N95vt", "wcs0N95vs", "AsybrvOtt", "wcs0N95vr", "AsybrvOtw", "AsybrvOtv", "wcs0N95vp", "AsybrvOty", "AsybrvOtx", "wcs0N95vn", "wcs0N95vj", "ohdomilbV", "ohdomilbW", "AsybrvOtj", "AsybrvOto", "AsybrvOtp", "AsybrvOts", "AsybrvOtr", "ohdomilbG", "ohdomilbL", "ohdomilbN", "ohdomilbP", "ohdomilbQ", "ohdomilbR", "ohdomilbT", "ohdomilbU", "wcs0N95vy", "wcs0N95vx", "wcs0N95vw", "wcs0N95vv", "dhH2UKg80", "dhH2UKg82", "dhH2UKg81", "dhH2UKg84", "dhH2UKg83", "PQERRGiV8", "dhH2UKg8O", "fzGPizhZb", "fzGPizhZc", "fzGPizhZg", "fzGPizhZe", "dhH2UKg86", "fzGPizhZk", "fzGPizhZh", "fzGPizhZi", "fzGPizhZl", "fzGPizhZm", "C0OWR3Lv", "dhH2UKg8V", "C0OWR3Lw", "dhH2UKg8W", "C0OWR3Ly", "dhH2UKg8Y", "JZbKyQ4nK", "saz7pARCw", "JZbKyQ4ny", "yZGo7i0kT", "yZGo7i0kU", "yZGo7i0kR", "yZGo7i0kS", "yZGo7i0kP", "yZGo7i0kN", "yZGo7i0kO", "yZGo7i0kL", "yZGo7i0kK", "yZGo7i0kF", "RgGAJ8df8", "JZbKyQ4nI", "JZbKyQ4nJ", "JZbKyQ4nH", "JZbKyQ4nE", "JZbKyQ4nF", "JZbKyQ4nC", "JZbKyQ4nD", "JZbKyQ4nA", "lwP3uUka9", "lwP3uUka8", "lwP3uUka5", "lwP3uUka7", "lwP3uUka3", "CwkGAykeA", "obxhsMxyz", "obxhsMxyv", "obxhsMxyx", "obxhsMxyy", "lwP3uUkaY", "obxhsMxyt", "obxhsMxyo", "xFkM8mTD3", "PQERRGiWc", "QTX8940Ja", "FAApAeDXJ", "xFkM8mTD1", "PQERRGiWa", "FAApAeDXM", "FAApAeDXL", "CEQQVO1Gp", "PQERRGiWg", "FAApAeDXO", "PQERRGiWh", "FAApAeDXN", "CEQQVO1Gn", "PQERRGiWe", "CEQQVO1Gm", "PQERRGiWf", "PQERRGiWk", "FAApAeDXE", "PQERRGiWi", "PQERRGiWj", "CEQQVO1Gh", "FAApAeDXF", "FAApAeDXI", "dYiSC5Mou", "FAApAeDXH", "lwP3uUkbb", "lwP3uUkbd", "lwP3uUkbc", "FAApAeDXA", "CEQQVO1Gt", "CEQQVO1Gr", "xFkM8mTD9", "CEQQVO1Gq", "xFkM8mTD7", "CEQQVO1Gw", "xFkM8mTD5", "CEQQVO1Gv", "xFkM8mTD6", "CEQQVO1Gu", "obxhsMxyB", "obxhsMxyC", "obxhsMxyD", "QTX8940IY", "obxhsMxyE", "dYiSC5MoK", "dYiSC5MoM", "dYiSC5MoH", "dYiSC5MoG", "lIchhVVrJ", "lIchhVVrI", "dYiSC5MoJ", "lIchhVVrH", "dYiSC5MoI", "dYiSC5MoC", "lIchhVVrF", "lIchhVVrD", "dYiSC5MoE", "G0B8sGyhF", "RDo2kbpNm", "dYiSC5MoB", "RDo2kbpNk", "G0B8sGyhH", "G0B8sGyhI", "RDo2kbpNq", "G0B8sGyhC", "RDo2kbpNp", "RDo2kbpNo", "G0B8sGyhE", "G0B8sGyhN", "RDo2kbpNu", "RDo2kbpNt", "G0B8sGyhO", "RDo2kbpNs", "RDo2kbpNr", "G0B8sGyhJ", "lwP3uUkbe", "G0B8sGyhL", "G0B8sGyhM", "iXOWqxUqZ", "RDo2kbpNi", "RgGAJ8dgg", "RgGAJ8dgf", "RgGAJ8dge", "RgGAJ8dgc", "RgGAJ8dga", "RgGAJ8dgk", "RgGAJ8dgj", "RgGAJ8dgi", "RgGAJ8dgh", "nuWrKq2iN", "sLuQeqzeZ", "sLuQeqzeU", "nuWrKq2iI", "ROLf7c033", "R8DEfvjMz", "ROLf7c032", "ROLf7c034", "ROLf7c031", "ROLf7c030", "nuWrKq2iW", "iXOWqxUqX", "nuWrKq2iX", "nuWrKq2iY", "iXOWqxUqV", "nuWrKq2iS", "nuWrKq2iT", "nuWrKq2iV", "iXOWqxUqP", "nuWrKq2iP", "nuWrKq2iR", "ROLf7c03S", "ROLf7c03U", "iXOWqxUq5", "R8DEfvjMs", "ROLf7c03Z", "iXOWqxUq4", "iXOWqxUq3", "R8DEfvjMu", "ROLf7c03W", "R8DEfvjMv", "R8DEfvjMw", "ROLf7c03Y", "R8DEfvjMx", "R8DEfvjMy", "iXOWqxUq6", "sLuQeqzfa", "iXOWqxUq1", "R8DEfvjMo", "iXOWqxUq0", "vPKzd6SX9", "R8DEfvjMq", "xoisrPuJ9", "xoisrPuJ5", "R8DEfvjMA", "FdRX0brqq", "mCZoe3VMs", "mCZoe3VMx", "mCZoe3VMz", "ByHwbFp4X", "ByHwbFp4V", "ByHwbFp4W", "FdRX0brqB", "ByHwbFp4Z", "FdRX0brqC", "FdRX0brqD", "ByHwbFp4N", "ByHwbFp4T", "ByHwbFp4S", "FdRX0brqE", "v9CXmpbGN", "v9CXmpbGO", "v9CXmpbGL", "v9CXmpbGJ", "ETZzRS8H8", "v9CXmpbGF", "ByHwbFp40", "ETZzRS8H6", "ByHwbFp41", "ETZzRS8H7", "moM60hqHe", "ETZzRS8H5", "ETZzRS8H2", "ETZzRS8H3", "ByHwbFp42", "ETZzRS8H1", "moM60hqHj", "moM60hqHl", "moM60hqHn", "moM60hqHo", "moM60hqHp", "moM60hqHr", "moM60hqHs", "moM60hqHt", "v9CXmpbGT", "moM60hqHu", "v9CXmpbGU", "v9CXmpbGR", "v9CXmpbGS", "v9CXmpbGP", "ETZzRS8HZ", "uMrhVIbby", "ETZzRS8HY", "uMrhVIbbw", "uMrhVIbbx", "kYLn7Pwnt", "ETZzRS8HU", "uMrhVIbbv", "kYLn7Pwnu", "uMrhVIbbs", "kYLn7Pwnr", "uMrhVIbbt", "kYLn7Pwns", "kYLn7Pwnp", "uMrhVIbbr", "kYLn7Pwnn", "uMrhVIbbp", "kYLn7Pwno", "kYLn7Pwnl", "uMrhVIbbn", "kYLn7Pwnj", "uMrhVIbbj", "kYLn7Pwnd", "Q2ujvlIa1", "w4p4jxb1N", "Q2ujvlIa0", "w4p4jxb1O", "Q2ujvlIa3", "Q2ujvlIa2", "zgIJNQpeK", "zgIJNQpeJ", "zgIJNQpeM", "zgIJNQpeL", "zgIJNQpeG", "zgIJNQpeF", "w4p4jxb1D", "CqEzG2wA3", "zgIJNQpeH", "w4p4jxb1F", "w4p4jxb1H", "w4p4jxb1I", "w4p4jxb1J", "Q2ujvlIa5", "Q2ujvlIa4", "w4p4jxb1L", "w4p4jxb1M", "O7dYHzTR0", "Q2ujvlIa6", "zgIJNQpex", "w4p4jxb1z", "CqEzG2wA8", "CqEzG2wA9", "TyFm7Xd6A", "ErA1oj8xG", "ErA1oj8xF", "ErA1oj8xE", "ErA1oj8xD", "ErA1oj8xB", "ErA1oj8xA", "CqEzG2wBf", "CqEzG2wBg", "CqEzG2wBh", "CqEzG2wBb", "CqEzG2wBc", "CqEzG2wBd", "ErA1oj8xw", "FdRX0brqu", "FdRX0brqv", "CwkGAykeq", "FdRX0brqx", "ErA1oj8xs", "FdRX0brqy", "FdRX0brqz", "CwkGAykel", "TyFm7Xd6v", "CwkGAykev", "TyFm7Xd6u", "CwkGAykex", "TyFm7Xd6s", "CwkGAykey", "CwkGAyker", "TyFm7Xd6q", "TyFm7Xd6p", "CwkGAyket", "CwkGAykeu", "CwkGAykez", "TyFm7Xd6z", "CqEzG2wBi", "TyFm7Xd6y", "TyFm7Xd6x", "TyFm7Xd6w", "Tp9cMGwEy", "Tp9cMGwEw", "fzGPizhY5", "uDU7ArtJA", "Tp9cMGwEz", "uDU7ArtJB", "uDU7ArtJC", "Tp9cMGwEu", "FxKl8tJ9a", "Tp9cMGwEs", "KWOUXJYxa", "KWOUXJYxb", "bxNVTZ36v", "bxNVTZ36u", "bxNVTZ36s", "nLYMqYrcA", "bxNVTZ36q", "bxNVTZ36p", "nLYMqYrcF", "nLYMqYrcJ", "bxNVTZ36i", "nLYMqYrcH", "bxNVTZ36z", "bxNVTZ36y", "bxNVTZ36x", "bxNVTZ36w", "uDU7ArtJx", "uDU7ArtJz", "nLYMqYrcN", "nLYMqYrcL", "nLYMqYrcK", "nLYMqYrcQ", "nLYMqYrcP", "FxKl8tJ8W", "nLYMqYrcO", "ydpsvrHrT", "ydpsvrHrU", "ydpsvrHrV", "ydpsvrHrW", "ydpsvrHrL", "EQ9wp8eTk", "LGfN7QnBx", "KWOUXJYxi", "EQ9wp8eTl", "LGfN7QnBw", "ydpsvrHrN", "LGfN7QnBv", "KWOUXJYxg", "LGfN7QnBu", "KWOUXJYxh", "ydpsvrHrP", "EQ9wp8eTo", "LGfN7QnBs", "ydpsvrHrQ", "EQ9wp8eTp", "KWOUXJYxf", "KWOUXJYxc", "ydpsvrHrR", "LGfN7QnBq", "EQ9wp8eTn", "KWOUXJYxd", "ydpsvrHrH", "EQ9wp8eTg", "LGfN7QnBz", "uDU7ArtJt", "O7dYHzTRY", "O7dYHzTRZ", "uDU7ArtJv", "uDU7ArtJw", "O7dYHzTRU", "uDU7ArtJr", "O7dYHzTRW", "O7dYHzTRX", "O7dYHzTRQ", "Q2ujvlIaY", "EQ9wp8eTs", "EQ9wp8eTt", "uDU7ArtJn", "O7dYHzTRS", "EQ9wp8eTr", "Q2ujvlIaU", "O7dYHzTRO", "Q2ujvlIaW", "EQ9wp8eTu", "PCsACTNQ5", "PCsACTNQ6", "vHeoSQbwd", "xTw4m9oJq", "xTw4m9oJp", "vHeoSQbwn", "cheO36taU", "vHeoSQbwm", "vHeoSQbwl", "cheO36taS", "ha4LX2NzF", "vHeoSQbwj", "cheO36taQ", "cheO36taR", "vHeoSQbwh", "cheO36taO", "cheO36taP", "cheO36taM", "xTw4m9oJb", "cheO36taK", "ha4LX2NzN", "cheO36taJ", "xTw4m9oJf", "ha4LX2NzL", "xTw4m9oJk", "ha4LX2NzR", "xTw4m9oJj", "ha4LX2NzQ", "cheO36taC", "xTw4m9oJh", "ha4LX2NzO", "xTw4m9oJo", "ha4LX2NzV", "xTw4m9oJn", "ha4LX2NzU", "xTw4m9oJl", "ha4LX2NzS", "PCsACTNQU", "PCsACTNQW", "KLsHaIngB", "cmUVXCgOa", "KLsHaIngA", "ha4LX2NzW", "PCsACTNQY", "KLsHaIngD", "cmUVXCgOc", "KLsHaIngC", "KLsHaIngF", "vHeoSQbws", "vHeoSQbwr", "vHeoSQbwq", "LGfN7QnBC", "vHeoSQbwp", "CYJe37ko0", "LGfN7QnBB", "LGfN7QnBA", "KLsHaIngH", "CYJe37ko2", "KLsHaIngG", "CYJe37ko1", "KLsHaIngI", "mCZoe3VMD", "mCZoe3VMF", "rCvr2v3O1", "mCZoe3VMG", "rCvr2v3O2", "rCvr2v3O0", "mCZoe3VMB", "mCZoe3VMC", "mCZoe3VMH", "mCZoe3VMI", "KWOUXJYw8", "KWOUXJYw6", "CYJe37koN", "Tp9cMGwEA", "CYJe37koT", "CYJe37koS", "CYJe37koV", "Tp9cMGwED", "Tp9cMGwEE", "CYJe37koX", "Tp9cMGwEB", "CYJe37koW", "Tp9cMGwEC", "CYJe37koZ", "rCvr2v3OT", "rCvr2v3OR", "rCvr2v3OM", "KLsHaIngw", "KLsHaIngy", "rCvr2v3OZ", "rCvr2v3OW", "rCvr2v3OX", "rCvr2v3OV", "MektuVbpc", "MektuVbpa", "MektuVbpf", "MektuVbpg", "MektuVbpe", "jb1dFkpv9", "MektuVbpj", "MektuVbpk", "MektuVbph", "MektuVbpl", "MektuVbpm", "Bs1ph9Crv", "BhFbu71a4", "BhFbu71a5", "BhFbu71a7", "BhFbu71a8", "BhFbu71a9", "yLt7Swvfr", "AJAv73dnk", "FI6zVvlpJ", "AJAv73dnj", "FI6zVvlpI", "FI6zVvlpH", "AJAv73dnh", "AJAv73dng", "FI6zVvlpF", "lK2kJGPgh", "yLt7Swvfw", "FI6zVvlpE", "yLt7Swvfx", "FI6zVvlpD", "lK2kJGPgj", "FI6zVvlpB", "FI6zVvlpA", "AJAv73dnq", "AJAv73dnp", "AJAv73dno", "AJAv73dnn", "lK2kJGPgc", "AJAv73dnl", "LZ8cf8GjY", "LZ8cf8GjW", "yLt7Swvfz", "BhFbu71aV", "M87Ar3bJ6", "Bs1ph9CrA", "Bs1ph9CrB", "M87Ar3bJ8", "M87Ar3bJ9", "Bs1ph9CrD", "Bs1ph9CrE", "Bs1ph9CrF", "Bs1ph9CrH", "Bs1ph9CrI", "Bs1ph9CrJ", "Bs1ph9CrK", "M87Ar3bJ4", "jBzIG8vRR", "jBzIG8vR5", "jBzIG8vR7", "lfNIOmVhm", "jBzIG8vR6", "cj4SvRmZy", "jBzIG8vR8", "LZ8cf8Gj8", "LZ8cf8Gj7", "LZ8cf8Gj6", "cj4SvRmZw", "lfNIOmVhg", "lK2kJGPgm", "LZ8cf8Gj5", "cj4SvRmZv", "AJAv73dnb", "lK2kJGPgl", "lfNIOmVhh", "cj4SvRmZu", "cj4SvRmZt", "LZ8cf8Gj3", "lfNIOmVhf", "cj4SvRmZs", "LZ8cf8Gj2", "lK2kJGPgn", "LZ8cf8Gj1", "lfNIOmVhk", "lK2kJGPgq", "LZ8cf8Gj0", "cj4SvRmZq", "lK2kJGPgp", "lfNIOmVhl", "lK2kJGPgs", "cj4SvRmZo", "lfNIOmVhj", "lK2kJGPgr", "FI6zVvlpK", "cj4SvRmZn", "BhFbu71a0", "BhFbu71a1", "cj4SvRmZg", "BhFbu71a3", "jBzIG8vR1", "jBzIG8vR3", "jBzIG8vR2", "FI6zVvlpw", "jb1dFkpv3", "PCsACTNQ0", "PCsACTNQ1", "PCsACTNQ2", "PCsACTNQ3", "PCsACTNQ4", "nI8IZdxnW", "o9arRFrH6", "ylVCQIoTQ", "o9arRFrH5", "ylVCQIoTR", "EIDl4Rxrx", "ylVCQIoTS", "o9arRFrH7", "EIDl4Rxry", "ylVCQIoTM", "EIDl4Rxrv", "ylVCQIoTN", "o9arRFrH9", "EIDl4Rxrw", "EIDl4Rxrt", "ylVCQIoTP", "qKyow8XiB", "EIDl4Rxrr", "ylVCQIoTJ", "DQGizuqVb", "EIDl4Rxrs", "qKyow8XiD", "EIDl4Rxrp", "ylVCQIoTL", "qKyow8XiF", "o9arRFrH1", "EIDl4Rxro", "qKyow8XiG", "DQGizuqVf", "DQGizuqVc", "qKyow8XiH", "ylVCQIoTH", "o9arRFrH3", "DQGizuqVd", "qKyow8XiJ", "DQGizuqVi", "QlTtM0cVq", "EIDl4Rxrk", "qKyow8XiK", "IVStgsmAI", "DQGizuqVg", "qKyow8XiL", "ylVCQIoTD", "DQGizuqVh", "qKyow8XiM", "IVStgsmAK", "IVStgsmAM", "QlTtM0cVi", "lYugkERE", "QlTtM0cVk", "nI8IZdxn9", "lYugkERG", "QlTtM0cVl", "npgkQVeFq", "nI8IZdxn7", "QlTtM0cVm", "qKyow8Xiw", "lfNIOmVhd", "nI8IZdxn6", "QlTtM0cVn", "lYugkERD", "nI8IZdxn5", "QlTtM0cVo", "lfNIOmVhb", "QlTtM0cVp", "nI8IZdxn3", "nI8IZdxn1", "npgkQVeFv", "QlTtM0cVe", "npgkQVeFx", "QlTtM0cVg", "npgkQVeFz", "FxKl8tJ89", "FxKl8tJ85", "FxKl8tJ88", "FxKl8tJ87", "lYugkERN", "FxKl8tJ81", "lYugkERM", "FxKl8tJ84", "FxKl8tJ83", "lYugkERJ", "lYugkERI", "FxKl8tJ80", "lYugkERL", "lYugkERK", "jb1dFkpwb", "k1BrzAqbZ", "o9arRFrIa", "DQGizuqU4", "k1BrzAqbX", "jb1dFkpwf", "o9arRFrIc", "jb1dFkpwe", "o9arRFrIb", "jb1dFkpwd", "DQGizuqU8", "DQGizuqU9", "k1BrzAqbR", "DtXQZrenZ", "lYugkERv", "DtXQZrenY", "DtXQZrenU", "jb1dFkpwj", "jb1dFkpwi", "jb1dFkpwh", "jb1dFkpwk", "IVStgsmAO", "IVStgsmAN", "rq9efusyn", "rq9efusym", "rq9efusyl", "IVStgsmAP", "IVStgsmAS", "k1BrzAqb8", "rq9efusyj", "IVStgsmAR", "k1BrzAqb6", "IVStgsmAU", "rq9efusyh", "k1BrzAqb7", "IVStgsmAT", "k1BrzAqb5", "k1BrzAqb2", "lfNIOmVg5", "o9arRFrHW", "k1BrzAqb3", "rq9efusyc", "k1BrzAqb1", "DtXQZren6", "DtXQZren7", "DtXQZren8", "npgkQVeFA", "DtXQZren2", "DtXQZren3", "npgkQVeFB", "DtXQZren5", "npgkQVeFE", "npgkQVeFD", "nI8IZdxoc", "nI8IZdxob", "npgkQVeFG", "DtXQZren1", "nI8IZdxoa", "npgkQVeFF", "rq9efusys", "rq9efusyr", "rq9efusyq", "rq9efusyp", "A8809RjI8", "d3YZwBz14", "A8809RjI7", "d3YZwBz12", "A8809RjI9", "l14Fqeeak", "AhbXEudcJ", "l14Fqeeaj", "PiAcuBu8q", "ErA1oj8xz", "l14Fqeeai", "l14Fqeeah", "PiAcuBu8o", "ErA1oj8xx", "PiAcuBu8v", "d3YZwBz1M", "PiAcuBu8u", "PiAcuBu8s", "D7IDf1PPa", "A8809RjI4", "PiAcuBu8z", "PiAcuBu8y", "PiAcuBu8x", "A8809RjI5", "PiAcuBu8w", "u89JvLnIz", "TBvqzH7Vc", "TBvqzH7Vb", "TBvqzH7Ve", "TBvqzH7Vd", "u89JvLnIx", "TBvqzH7Va", "vbZMXwhw7", "u89JvLnIt", "d3YZwBz10", "d3YZwBz11", "A8809RjJc", "A8809RjJb", "D7IDf1POW", "A8809RjJe", "A8809RjJd", "Ra0tQCpCX", "Ra0tQCpCY", "TBvqzH7U4", "Ra0tQCpCZ", "D7IDf1PO9", "TBvqzH7U3", "D7IDf1PO8", "M0Bp6Muh8", "AhbXEudcV", "QaxfZYBEP", "AhbXEudcW", "QaxfZYBEQ", "A8809RjIZ", "AhbXEudcT", "AhbXEudcX", "AhbXEudcY", "D7IDf1PO3", "Ra0tQCpCQ", "AhbXEudcO", "TBvqzH7U9", "D7IDf1PO1", "D7IDf1PO0", "Ra0tQCpCS", "TBvqzH7U6", "AhbXEudcR", "D7IDf1PO7", "Ra0tQCpCU", "AhbXEudcS", "AhbXEudcP", "TBvqzH7U8", "D7IDf1PO5", "Ra0tQCpCW", "D7IDf1PO4", "vbZMXwhxb", "vbZMXwhxd", "QaxfZYBEE", "QaxfZYBEG", "vbZMXwhxj", "QaxfZYBEI", "vbZMXwhxk", "vbZMXwhxl", "QaxfZYBEK", "vbZMXwhxm", "vbZMXwhxf", "QaxfZYBEL", "vbZMXwhxg", "QaxfZYBEM", "vbZMXwhxh", "QaxfZYBEN", "QaxfZYBEO", "Ra0tQCpC0", "Ra0tQCpC1", "Ra0tQCpC2", "M87Ar3bKg", "BPJQScOYK", "jBzIG8vRX", "BPJQScOYL", "jBzIG8vRZ", "BPJQScOYN", "M87Ar3bKa", "M87Ar3bKb", "M87Ar3bKd", "M87Ar3bKe", "BPJQScOYF", "M87Ar3bKf", "PiAcuBu8A", "BPJQScOYO", "BPJQScOYP", "BPJQScOYR", "BPJQScOYS", "BPJQScOYT", "BPJQScOYU", "u89JvLnII", "u89JvLnIF", "u89JvLnIH", "u89JvLnIG", "M0Bp6Muia", "M0Bp6Muic", "u89JvLnIB", "l14Fqeeaf", "M0Bp6Muii", "l14Fqeeae", "M0Bp6Muih", "l14Fqeead", "u89JvLnID", "M0Bp6Muik", "u89JvLnIC", "M0Bp6Muij", "l14Fqeeab", "M0Bp6Muie", "M0Bp6Muid", "M0Bp6Muif", "susvxTak2", "susvxTak9", "susvxTak7", "OttcqZiqQ", "OttcqZiqR", "pb0vjqlwA", "OttcqZiqS", "OttcqZiqM", "mz9kNi1XO", "OttcqZiqO", "pb0vjqlwF", "pb0vjqlwH", "mz9kNi1XY", "mz9kNi1XZ", "EayGHMJDI", "OttcqZiqY", "EayGHMJDJ", "mz9kNi1XT", "EayGHMJDL", "OttcqZiqU", "EayGHMJDM", "mz9kNi1XV", "OttcqZiqV", "EayGHMJDN", "OttcqZiqW", "EayGHMJDO", "mz9kNi1XX", "OttcqZiqX", "susvxTalb", "susvxTalc", "susvxTalf", "susvxTalg", "susvxTald", "susvxTalh", "susvxTali", "t0aljQSiA", "uA438GzUY", "uA438GzUV", "uA438GzUX", "uA438GzUW", "uA438GzUJ", "EayGHMJDA", "EayGHMJDE", "EayGHMJDF", "EayGHMJDH", "uA438GzUR", "uA438GzUT", "uA438GzUS", "uA438GzUN", "uA438GzUP", "pb0vjqlwO", "pb0vjqlwN", "pb0vjqlwQ", "pb0vjqlwP", "pb0vjqlwK", "pb0vjqlwJ", "pb0vjqlwL", "mz9kNi1X1", "mz9kNi1X2", "mz9kNi1X3", "mz9kNi1X4", "u0DzauGgH", "EdoJ9xDse", "u0DzauGgG", "u0DzauGgF", "u0DzauGgL", "u0DzauGgK", "u0DzauGgJ", "u0DzauGgM", "i9badzvHz", "i9badzvHx", "RxIVqFB98", "RxIVqFB97", "RxIVqFB99", "RxIVqFB90", "RxIVqFB92", "RxIVqFB94", "RxIVqFB96", "EdoJ9xDsp", "EdoJ9xDsq", "EdoJ9xDsr", "EdoJ9xDss", "EdoJ9xDsl", "EdoJ9xDsm", "EdoJ9xDsn", "u0DzauGgD", "EdoJ9xDsi", "u0DzauGgB", "EdoJ9xDsj", "kfkuXI7i7", "kfkuXI7i4", "kfkuXI7i5", "kfkuXI7i3", "kfkuXI7i1", "kfkuXI7i8", "BqblQoIC0", "kfkuXI7i9", "d3YZwBz1T", "d3YZwBz1U", "d3YZwBz1Y", "d3YZwBz1W", "d3YZwBz1Z", "vYgJznAqj", "vYgJznAqk", "EWPDjD2wy", "yID4qLBqW", "yID4qLBqV", "EWPDjD2wM", "yID4qLBqX", "DiBDcpC7x", "KTYRvY4IE", "yID4qLBqR", "KTYRvY4ID", "DiBDcpC7y", "KTYRvY4IC", "yID4qLBqT", "KTYRvY4IB", "EWPDjD2wF", "yID4qLBqN", "EWPDjD2wH", "EWPDjD2wG", "EWPDjD2wJ", "EWPDjD2wL", "EWPDjD2wK", "DiBDcpC7o", "DiBDcpC7k", "DiBDcpC7t", "DiBDcpC7v", "DiBDcpC7w", "DiBDcpC7p", "yID4qLBqZ", "DiBDcpC7r", "DiBDcpC7s", "AelUcJjok", "AelUcJjoi", "AelUcJjoj", "u0DzauGgx", "KTYRvY4Iy", "AelUcJjod", "KTYRvY4Ix", "AelUcJjoa", "KTYRvY4Iw", "AelUcJjob", "KTYRvY4Iu", "AelUcJjoh", "KTYRvY4Is", "EWPDjD2wD", "AelUcJjoe", "EWPDjD2wC", "AelUcJjof", "e98kgLbDs", "BnlioDOOn", "e98kgLbDu", "BnlioDOOp", "e98kgLbDt", "BnlioDOOq", "e98kgLbDo", "BnlioDOOr", "e98kgLbDn", "BnlioDOOs", "e98kgLbDq", "t0aljQSiz", "vYgJznAp5", "t0aljQSix", "t0aljQSiy", "JiAUQvy7S", "t0aljQSiv", "e98kgLbDw", "JiAUQvy7U", "t0aljQSit", "e98kgLbDy", "t0aljQSiu", "e98kgLbDx", "t0aljQSir", "t0aljQSip", "t0aljQSil", "BnlioDOOd", "vYgJznAp9", "BnlioDOOi", "BnlioDOOj", "BnlioDOOl", "BnlioDOOm", "deRZsZnkq", "qEShDC9Fu", "deRZsZnks", "deRZsZnkm", "deRZsZnkn", "yID4qLBq2", "deRZsZnko", "deRZsZnkp", "yID4qLBq1", "yID4qLBq0", "JiAUQvy7W", "CnOwfhCMC", "CnOwfhCMD", "JiAUQvy7Y", "CnOwfhCME", "JiAUQvy7X", "JiAUQvy7Z", "CnOwfhCMB", "yOkbkho35", "e98kgLbDg", "uhcF0ohcd", "CnOwfhCMu", "CnOwfhCMv", "CnOwfhCMp", "AelUcJjn5", "uhcF0ohcm", "uhcF0ohcl", "uhcF0ohcn", "uhcF0ohch", "CnOwfhCMx", "CnOwfhCMy", "uhcF0ohcj", "CnOwfhCMz", "deRZsZnka", "qEShDC9Fe", "J11N0BYcc", "BhFbu71ba", "qEShDC9Fj", "J11N0BYce", "qEShDC9Fl", "J11N0BYcg", "deRZsZnki", "J11N0BYch", "vYgJznAqh", "qEShDC9Fn", "J11N0BYci", "vYgJznAqi", "deRZsZnkk", "qEShDC9Fo", "vYgJznAqf", "J11N0BYcj", "qEShDC9Fp", "vYgJznAqd", "J11N0BYcl", "vYgJznAqe", "qEShDC9Fr", "J11N0BYcm", "vYgJznAqb", "qEShDC9Fs", "J11N0BYcn", "m8d0anPLy", "deRZsZnkh", "qEShDC9Ft", "J11N0BYco", "JiAUQvy71", "JiAUQvy73", "JiAUQvy72", "JiAUQvy74", "yLt7SwvfB", "yLt7SwvfD", "yLt7SwvfE", "uhcF0ohcq", "yLt7SwvfF", "uhcF0ohcp", "yLt7SwvfG", "uhcF0ohcs", "uhcF0ohcr", "yLt7SwvfA", "RXhqstIvV", "RXhqstIvU", "RXhqstIvX", "RXhqstIvW", "RXhqstIvZ", "RXhqstIvY", "RXhqstIvO", "RXhqstIvQ", "RXhqstIvS", "m8d0anPLF", "MMo8RZZcZ", "t8GvE7zKw", "t8GvE7zKv", "m8d0anPLD", "QxfHz1Ob0", "m8d0anPLN", "m8d0anPLO", "m8d0anPLL", "RXhqstIv0", "m8d0anPLM", "m8d0anPLJ", "m8d0anPLH", "m8d0anPLI", "etxuypGnR", "etxuypGnS", "HqaDuuEDq", "HqaDuuEDs", "etxuypGnK", "HqaDuuEDu", "HqaDuuEDv", "etxuypGnM", "HqaDuuEDw", "etxuypGnN", "HqaDuuEDx", "etxuypGnO", "HqaDuuEDz", "etxuypGnQ", "g2yBCL57J", "QxfHz1ObQ", "etxuypGnH", "QxfHz1ObO", "etxuypGnI", "etxuypGnA", "g2yBCL57W", "g2yBCL57Y", "t8GvE7zKh", "PFiD4EHFy", "g2yBCL57Z", "t8GvE7zKl", "g2yBCL57P", "t8GvE7zKn", "t8GvE7zKq", "MMo8RZZcU", "g2yBCL57R", "t8GvE7zKp", "g2yBCL57S", "MMo8RZZcW", "t8GvE7zKr", "m5nWICVXa", "g2yBCL57U", "t8GvE7zKu", "MMo8RZZcY", "g2yBCL57V", "t8GvE7zKt", "hr66EActK", "PFiD4EHFJ", "PH8HwpBug", "PFiD4EHFK", "PFiD4EHFH", "hr66EActM", "PH8HwpBue", "PFiD4EHFI", "hr66EActN", "yOkbkho4k", "hr66EActG", "PH8HwpBuj", "yOkbkho4j", "PH8HwpBuk", "yOkbkho4i", "hr66EActI", "yOkbkho4h", "PH8HwpBui", "hr66EActJ", "yOkbkho4f", "PH8HwpBun", "PFiD4EHFC", "yOkbkho4e", "PH8HwpBuo", "yOkbkho4d", "PH8HwpBul", "PFiD4EHFA", "PH8HwpBum", "yOkbkho4b", "PFiD4EHFF", "hr66EActO", "yOkbkho4a", "PFiD4EHFG", "PFiD4EHFE", "n2067vP6s", "MMo8RZZc0", "MMo8RZZc1", "n2067vP6x", "QxfHz1ObV", "hr66EActD", "QxfHz1ObU", "MMo8RZZc3", "n2067vP6z", "MMo8RZZc4", "hr66EActF", "QxfHz1ObS", "MMo8RZZc5", "QxfHz1ObZ", "MMo8RZZc6", "PH8HwpBuc", "QxfHz1ObY", "QxfHz1ObX", "QxfHz1ObW", "KTYRvY4Iz", "jPLZVU0W5", "n2067vP6B", "n2067vP6D", "n2067vP6C", "n2067vP6F", "KrAi2p4ya", "n2067vP6H", "n2067vP6G", "n2067vP6I", "KrAi2p4yb", "g2yBCL570", "KrAi2p4yc", "QOh2gzc5O", "QOh2gzc5P", "QOh2gzc5M", "QOh2gzc5N", "QOh2gzc5S", "QOh2gzc5Q", "QOh2gzc5R", "rK1CnMLgN", "KrAi2p4x9", "jPLZVU0Xb", "rK1CnMLgP", "dnn9Of4L6", "rK1CnMLgR", "rK1CnMLgT", "HqaDuuEDA", "rK1CnMLgS", "HqaDuuEDB", "jPLZVU0Xh", "HqaDuuEDC", "KrAi2p4x2", "jPLZVU0Xg", "jPLZVU0Xj", "KrAi2p4x4", "jPLZVU0Xd", "KrAi2p4x5", "rK1CnMLgI", "KrAi2p4x6", "jPLZVU0Xf", "KrAi2p4x7", "jPLZVU0Xl", "jPLZVU0Xk", "jPLZVU0Xm", "QOh2gzc5G", "rK1CnMLgV", "rK1CnMLgX", "rK1CnMLgW", "QOh2gzc5K", "rK1CnMLgY", "QOh2gzc5I", "si6hKRy4s", "vkvXiMYY9", "BqblQoICR", "vkvXiMYY7", "vkvXiMYY3", "BqblQoICW", "si6hKRy4x", "BqblQoICX", "Gj1iKk21Z", "BqblQoICZ", "dnn9Of4Mk", "wKxGbeTi9", "dnn9Of4Ml", "dnn9Of4Mi", "FUsNIwWF6", "wKxGbeTi7", "dnn9Of4Mj", "dnn9Of4Mg", "dnn9Of4Me", "kfkuXI7ja", "wKxGbeTi3", "si6hKRy4z", "dnn9Of4Mo", "dnn9Of4Mm", "BqblQoIC1", "xwOCM6cb1", "kfkuXI7iT", "BqblQoIC3", "BqblQoIC4", "BqblQoIC5", "BqblQoIC6", "jHfPAEjvp", "jHfPAEjvq", "mdqTdfPqE", "jHfPAEjvn", "dnn9Of4Md", "G6ifmclUW", "xwOCM6cb9", "jHfPAEjvo", "G6ifmclUZ", "jHfPAEjvl", "xwOCM6cb7", "G6ifmclUY", "jHfPAEjvj", "mdqTdfPqJ", "xwOCM6cb5", "jHfPAEjvk", "jHfPAEjvh", "G6ifmclUU", "mdqTdfPqL", "jHfPAEjvf", "iUYSYM0Cj", "mdqTdfPqN", "mdqTdfPqO", "iUYSYM0Cl", "mdqTdfPqP", "mdqTdfPqR", "mdqTdfPqS", "iUYSYM0Ch", "mdqTdfPqT", "mdqTdfPqU", "iUYSYM0Cb", "kfkuXI7iZ", "FUsNIwWGd", "tdToHZzpA", "FUsNIwWGe", "tdToHZzpB", "FUsNIwWGf", "yxhQDJ0ad", "RRBjyXUSD", "N6KKQV5TM", "lQIrDcCTz", "FUsNIwWGa", "RRBjyXUSC", "N6KKQV5TL", "FUsNIwWGb", "N6KKQV5TO", "RRBjyXUSA", "N6KKQV5TN", "yxhQDJ0am", "iUYSYM0Cq", "yxhQDJ0an", "iUYSYM0Cr", "iUYSYM0Cs", "yxhQDJ0al", "iUYSYM0Cm", "yxhQDJ0aj", "iUYSYM0Cn", "lQIrDcCTu", "yxhQDJ0ah", "iUYSYM0Cp", "Gj1iKk211", "si6hKRy4C", "si6hKRy4B", "yxhQDJ0as", "si6hKRy4D", "si6hKRy4G", "yxhQDJ0aq", "si6hKRy4F", "yxhQDJ0ar", "si6hKRy4I", "yxhQDJ0ap", "si6hKRy4H", "Gj1iKk218", "Gj1iKk217", "Gj1iKk216", "Gj1iKk215", "Gj1iKk213", "tdToHZzpC", "Gj1iKk212", "zgIJNQpeC", "OS1HsNoMC", "OS1HsNoMA", "zgIJNQpeD", "OS1HsNoMK", "tdToHZzpr", "lQIrDcCTF", "OS1HsNoMJ", "N6KKQV5TC", "OS1HsNoMI", "lQIrDcCTI", "lQIrDcCTH", "OS1HsNoMG", "lQIrDcCTK", "tdToHZzpn", "lQIrDcCTJ", "OS1HsNoME", "Gj1iKk21Y", "N6KKQV5TI", "RRBjyXUSH", "N6KKQV5TH", "RRBjyXUSG", "Gj1iKk21W", "N6KKQV5TK", "RRBjyXUSF", "RRBjyXUSE", "N6KKQV5TE", "lQIrDcCTB", "N6KKQV5TG", "lQIrDcCTE", "OS1HsNoMM", "lQIrDcCTD", "OS1HsNoML", "RRBjyXUSI", "i6k6LOBS1", "i6k6LOBS0", "i6k6LOBS2", "RRBjyXUSw", "tdToHZzpz", "tdToHZzpw", "tdToHZzpx", "tdToHZzpv", "eNpSGHY56", "RRBjyXUSy", "tdToHZzpt", "D12wmv2bJ", "D12wmv2bI", "D12wmv2bE", "D12wmv2bP", "HeOpHs3mQ", "D12wmv2bR", "wKxGbeTji", "i6k6LOBSR", "D12wmv2bQ", "wKxGbeTjh", "D12wmv2bL", "wKxGbeTjg", "i6k6LOBSL", "wKxGbeTjf", "D12wmv2bN", "D12wmv2bM", "wKxGbeTjd", "wKxGbeTjc", "wKxGbeTjb", "i6k6LOBSX", "i6k6LOBSZ", "i6k6LOBST", "D12wmv2bS", "i6k6LOBSW", "i6k6LOBSV", "RLVcFr7fm", "RLVcFr7fl", "CHGUnzVuV", "RLVcFr7fk", "RLVcFr7fq", "hr66EActx", "RLVcFr7fp", "RLVcFr7fo", "RLVcFr7fn", "RLVcFr7fe", "HeOpHs3mW", "HeOpHs3mX", "HeOpHs3mZ", "HeOpHs3mS", "RLVcFr7fi", "FUsNIwWGh", "FUsNIwWGi", "RLVcFr7fg", "HeOpHs3mU", "FUsNIwWGj", "HeOpHs3mV", "FUsNIwWGk", "qqF0oQEz9", "pYhrVhEpD", "HeOpHs3m0", "HeOpHs3m1", "pYhrVhEpF", "HeOpHs3m2", "pYhrVhEpM", "pYhrVhEpL", "u3tCCfz5n", "u3tCCfz5k", "pYhrVhEpO", "u3tCCfz5l", "pYhrVhEpN", "qqF0oQEz5", "pYhrVhEpI", "u3tCCfz5q", "pYhrVhEpH", "qqF0oQEz7", "u3tCCfz5o", "pYhrVhEpJ", "u3tCCfz5p", "CHGUnzVu8", "xwOCM6ccb", "CHGUnzVu9", "xwOCM6cca", "CHGUnzVu7", "qqF0oQEz0", "eNpSGHY6d", "CHGUnzVu0", "eNpSGHY6e", "CHGUnzVu1", "CHGUnzVu4", "xwOCM6ccg", "eNpSGHY6i", "CHGUnzVu5", "xwOCM6ccf", "xwOCM6cce", "eNpSGHY6g", "CHGUnzVu3", "xwOCM6ccd", "eNpSGHY6m", "eNpSGHY6j", "eNpSGHY6k", "eNpSGHY6n", "eNpSGHY6o", "u3tCCfz5f", "u3tCCfz5j", "u3tCCfz5h", "jHfPAEju9", "u3tCCfz5b", "upIQlEYEd", "Qz5K1MH0u", "HHcYa13xu", "Qz5K1MH0s", "upIQlEYEf", "HHcYa13xs", "HHcYa13xt", "Qz5K1MH0y", "B6MbyKdSx", "Qz5K1MH0z", "Qz5K1MH0w", "CkYsNwIX0", "HHcYa13xm", "HHcYa13xn", "HHcYa13xk", "HHcYa13xr", "ihd6Icpa9", "HHcYa13xo", "HHcYa13xp", "zI7ihppoZ", "pYhrVhEpy", "FpebNc2G0", "SGIjCz7z8", "FpebNc2G4", "iygroJN5f", "iygroJN5h", "CkYsNwIXL", "iygroJN5g", "FpebNc2G8", "FpebNc2G7", "iygroJN5i", "CkYsNwIXQ", "FpebNc2G5", "dJ6Bojhjg", "zI7ihppo4", "B6MbyKdSM", "zI7ihppo5", "CkYsNwIXR", "B6MbyKdSL", "CkYsNwIXU", "B6MbyKdSK", "zI7ihppo7", "CkYsNwIXT", "FpebNc2G9", "B6MbyKdSJ", "iygroJN5b", "CkYsNwIXV", "iygroJN5d", "CkYsNwIXY", "dJ6Bojhjn", "iygroJN5c", "CkYsNwIXX", "Qz5K1MH0E", "Qz5K1MH0C", "Qz5K1MH0D", "HHcYa13xi", "zI7ihppo8", "zI7ihppo9", "lTyu4XwH8", "ceoLClzlY", "Qz5K1MH0A", "Qz5K1MH0B", "nmqhpakQT", "DzDXSW11g", "B6MbyKdSD", "nmqhpakQR", "B6MbyKdSC", "DzDXSW11h", "DzDXSW11j", "DzDXSW11k", "B6MbyKdSH", "B6MbyKdSG", "DzDXSW11l", "nmqhpakQM", "B6MbyKdSF", "nmqhpakQZ", "Jq65bMgz0", "nmqhpakQX", "DzDXSW11c", "nmqhpakQW", "nmqhpakQV", "bDt2NvRJI", "bDt2NvRJH", "bDt2NvRJK", "bDt2NvRJM", "bDt2NvRJO", "bDt2NvRJN", "bDt2NvRJA", "ceoLClzl6", "DzDXSW11n", "DzDXSW11o", "ceoLClzl8", "DzDXSW11p", "DzDXSW11q", "ceoLClzl5", "nmqhpakQ2", "nmqhpakQ1", "nmqhpakQ0", "upIQlEYEl", "bDt2NvRJQ", "bDt2NvRJP", "upIQlEYEm", "upIQlEYEn", "bDt2NvRJS", "upIQlEYEo", "upIQlEYEh", "upIQlEYEi", "upIQlEYEj", "iPiL5hcZa", "lTyu4XwId", "lTyu4XwIf", "lTyu4XwIi", "lTyu4XwIh", "fokBvxGIK", "lTyu4XwIj", "iygroJN47", "fokBvxGII", "lTyu4XwIm", "fokBvxGIH", "lTyu4XwIl", "iygroJN49", "fokBvxGIG", "lTyu4XwIo", "lTyu4XwIn", "fokBvxGIE", "iygroJN41", "fokBvxGIM", "fokBvxGIL", "kNpakNU6T", "kNpakNU6U", "kNpakNU6R", "kNpakNU6S", "kNpakNU6P", "iPiL5hcYT", "fokBvxGIC", "kNpakNU6N", "fokBvxGIB", "kNpakNU6O", "kNpakNU6L", "kNpakNU6J", "iPiL5hcYZ", "LdRfEhnq0", "kNpakNU6D", "N9AOiGZIo", "N9AOiGZIq", "GDTGSDlKs", "N9AOiGZIp", "N9AOiGZIs", "JTvDFlgKg", "GDTGSDlKu", "N9AOiGZIr", "GDTGSDlKv", "JTvDFlgKi", "N9AOiGZIg", "GDTGSDlKx", "e7igO0hOC", "JTvDFlgKk", "GDTGSDlKy", "N9AOiGZIi", "JTvDFlgKl", "GDTGSDlKz", "JTvDFlgKm", "N9AOiGZIk", "JTvDFlgKn", "upIQlEYD9", "N9AOiGZIm", "JTvDFlgKp", "N9AOiGZIl", "JTvDFlgKq", "e7igO0hOJ", "dJ6Bojhjo", "LdRfEhnq3", "JTvDFlgKr", "e7igO0hOK", "LdRfEhnq2", "JTvDFlgKs", "dJ6Bojhjq", "LdRfEhnq5", "LdRfEhnq4", "dJ6Bojhjs", "LdRfEhnq7", "e7igO0hOO", "dJ6Bojhjt", "dJ6Bojhju", "LdRfEhnq9", "e7igO0hOM", "dJ6Bojhjv", "LdRfEhnq8", "dJ6Bojhjw", "e7igO0hOS", "e7igO0hOP", "dJ6Bojhjy", "e7igO0hOQ", "e7igO0hOT", "e7igO0hOU", "GDTGSDlKB", "vkvXiMYZh", "GDTGSDlKC", "vkvXiMYZi", "vkvXiMYZf", "GDTGSDlKD", "vkvXiMYZg", "GDTGSDlKE", "LdRfEhnqY", "vkvXiMYZd", "vkvXiMYZb", "zI7ihpppe", "vkvXiMYZc", "zI7ihpppb", "zI7ihpppc", "zI7ihpppd", "xkH3mf8g", "rls7lYEU5", "xkH3mf8e", "rls7lYEU3", "rls7lYEU4", "rls7lYEU9", "xkH3mf8d", "opJyHy2DS", "rls7lYEU7", "rls7lYEU8", "oUYaCSWCI", "xkH3mf8m", "xkH3mf8n", "rls7lYEU1", "xkH3mf8k", "xkH3mf8l", "xkH3mf8i", "xkH3mf8j", "LdRfEhnra", "rls7lYEUU", "Ch8plLO87", "rls7lYEUZ", "gZIya1cjd", "gZIya1cje", "gZIya1cjb", "gZIya1cjh", "gZIya1cji", "dPMIhO4Wy", "gZIya1cjg", "opJyHy2DH", "gZIya1cjl", "oUYaCSWCP", "gZIya1cjm", "opJyHy2DJ", "oUYaCSWCN", "gZIya1cjk", "opJyHy2DC", "opJyHy2DP", "oUYaCSWCY", "oUYaCSWCX", "oUYaCSWCW", "opJyHy2DR", "oUYaCSWCV", "opJyHy2DQ", "mFPrGOPA6", "opJyHy2DL", "oUYaCSWCT", "oUYaCSWCS", "opJyHy2DN", "oUYaCSWCR", "opJyHy2DM", "iPiL5hcY4", "iPiL5hcY3", "iPiL5hcY5", "iPiL5hcY8", "iPiL5hcY7", "iPiL5hcY9", "gZIya1ci5", "mFPrGOPBm", "mFPrGOPBk", "mFPrGOPBl", "mFPrGOPBj", "mFPrGOPBg", "mFPrGOPBh", "mFPrGOPBf", "dPMIhO4WK", "Kz6tnGLZ2", "mFPrGOPBd", "Kz6tnGLZ3", "Kz6tnGLZ0", "dPMIhO4WM", "mFPrGOPBb", "Kz6tnGLZ1", "dPMIhO4WL", "dPMIhO4WO", "dPMIhO4WN", "dPMIhO4WQ", "iPiL5hcY1", "dPMIhO4WG", "dPMIhO4WF", "dPMIhO4WI", "MswKJHGux", "jeRg65jkP", "MswKJHGuy", "jeRg65jkS", "MswKJHGuv", "jeRg65jkR", "jeRg65jkT", "jeRg65jkW", "MswKJHGuz", "jeRg65jkV", "NbXDTN5yT", "jeRg65jkY", "jeRg65jkX", "NbXDTN5yU", "NbXDTN5yR", "Kz6tnGLZ8", "NbXDTN5yS", "Kz6tnGLZ6", "NbXDTN5yQ", "Kz6tnGLZ7", "NbXDTN5yN", "NbXDTN5yO", "Kz6tnGLZ5", "gWSuJgiuI", "NbXDTN5yM", "gWSuJgiuG", "NbXDTN5yK", "gWSuJgiuH", "gWSuJgiuE", "NbXDTN5yI", "gWSuJgiuC", "gWSuJgiuD", "gWSuJgiuA", "MswKJHGuq", "MswKJHGuo", "MswKJHGut", "MswKJHGuu", "MswKJHGus", "gWSuJgiuz", "Jq65bMgzZ", "Jq65bMgzY", "gWSuJgiux", "Jq65bMgzX", "Jq65bMgzV", "Jq65bMgzU", "Jq65bMgzT", "gWSuJgiur", "Kz6tnGLZY", "Kz6tnGLZW", "Sg9OAL1ek", "NPIqaoGZW", "Sg9OAL1eo", "NPIqaoGZS", "NPIqaoGZT", "Sg9OAL1em", "NPIqaoGZU", "NPIqaoGZV", "Jq65bMgzS", "NPIqaoGZO", "Sg9OAL1es", "NPIqaoGZP", "Sg9OAL1et", "Jq65bMgzQ", "Sg9OAL1eq", "NPIqaoGZQ", "Sg9OAL1er", "Jq65bMgzO", "NPIqaoGZK", "Sg9OAL1ew", "NPIqaoGZM", "Sg9OAL1eu", "Sg9OAL1ev", "MswKJHGuA", "uXNvIJMr8", "uXNvIJMr7", "uXNvIJMr6", "uXNvIJMr5", "uXNvIJMr3", "uXNvIJMr2", "uXNvIJMr1", "uXNvIJMrX", "xkH3mf75", "uXNvIJMrT", "jeRg65jkH", "uXNvIJMrZ", "jeRg65jkN", "HhEs9dXby", "HhEs9dXbz", "HhEs9dXbw", "HhEs9dXbu", "knQFiZOKV", "knQFiZOKX", "knQFiZOKZ", "knQFiZOKP", "OcqRKrTw5", "OcqRKrTw6", "OcqRKrTw3", "OcqRKrTw4", "OcqRKrTw2", "OcqRKrTw0", "pEo3MZlG7", "pEo3MZlG2", "pEo3MZlG9", "OcqRKrTwU", "mutdTNekB", "mutdTNekD", "mutdTNekF", "mutdTNekG", "HhEs9dXbA", "HhEs9dXbB", "OcqRKrTwY", "OcqRKrTwZ", "OcqRKrTwW", "pqcMycQB1", "pqcMycQB4", "pqcMycQB2", "pqcMycQB3", "mutdTNekH", "mutdTNekJ", "mutdTNekK", "mutdTNekL", "mutdTNekM", "slWlcCsTh", "e4sdnfn0f", "slWlcCsTg", "e4sdnfn0g", "slWlcCsTj", "e4sdnfn0b", "slWlcCsTl", "e4sdnfn0c", "slWlcCsTk", "e4sdnfn0e", "slWlcCsTm", "pqcMycQBX", "pqcMycQBY", "slWlcCsTb", "pqcMycQBV", "e4sdnfn0a", "slWlcCsTd", "slWlcCsTf", "pqcMycQBZ", "HhEs9dXbG", "pqcMycQBO", "pqcMycQBT", "HhEs9dXbE", "HhEs9dXbF", "HkuwAYQZ8", "mutdTNekw", "HhEs9dXbD", "nGiFxsDzt", "nGiFxsDzs", "nGiFxsDzv", "nGiFxsDzp", "nGiFxsDzr", "o0EhwoKf9", "nGiFxsDzn", "o0EhwoKf7", "nGiFxsDzi", "oDVPWlxIZ", "ecu9RShtW", "oDVPWlxIV", "ecu9RShtX", "ecu9RShtY", "oDVPWlxIX", "ecu9RShtS", "ecu9RShtU", "ecu9RShtV", "nGiFxsDzx", "ecu9RShtP", "nGiFxsDzw", "ecu9RShtQ", "nGiFxsDzy", "EoKXWzeIS", "EoKXWzeIT", "EoKXWzeIO", "ecu9RShtI", "FDqs1ZxMe", "EoKXWzeIZ", "q7gP7b9PW", "q7gP7b9PV", "FDqs1ZxMi", "q7gP7b9PU", "FDqs1ZxMj", "EoKXWzeIW", "q7gP7b9PT", "EoKXWzeIV", "FDqs1ZxMl", "q7gP7b9PR", "q7gP7b9PQ", "FDqs1ZxMm", "EoKXWzeIX", "FDqs1ZxMn", "slWlcCsS6", "o0EhwoKf0", "FDqs1ZxMp", "FDqs1ZxMq", "FDqs1ZxMr", "o0EhwoKf5", "FDqs1ZxMs", "ecu9RSht0", "o0EhwoKgb", "o0EhwoKga", "o0EhwoKgg", "o0EhwoKgf", "o0EhwoKge", "o0EhwoKgd", "oDVPWlxI1", "oDVPWlxI3", "oDVPWlxI4", "oDVPWlxI0", "q7gP7b9PP", "Ch8plLO9k", "Ch8plLO9l", "q7gP7b9PN", "Ch8plLO9m", "q7gP7b9PL", "Ch8plLO9g", "Ch8plLO9h", "Ch8plLO9j", "q7gP7b9PG", "oDVPWlxIQ", "Ch8plLO9c", "knQFiZOK6", "Ch8plLO9d", "knQFiZOK5", "Ch8plLO9f", "knQFiZOK0", "oDVPWlxI5", "knQFiZOK1", "oDVPWlxI6", "knQFiZOK4", "knQFiZOK3", "rls7lYEVa", "goNPmbuGT", "w1z0RMic7", "goNPmbuGS", "w1z0RMic8", "w1z0RMic5", "goNPmbuGQ", "goNPmbuGX", "goNPmbuGW", "w1z0RMic9", "goNPmbuGU", "goNPmbuGY", "uj2Jr9a01", "uj2Jr9a00", "uj2Jr9a06", "uj2Jr9a05", "uj2Jr9a04", "uj2Jr9a03", "FGgwtKrA1", "FGgwtKrA0", "w1z0RMic3", "FGgwtKrA5", "w1z0RMic4", "FGgwtKrA6", "w1z0RMic1", "FGgwtKrA3", "FGgwtKrA4", "vqb4ciMCA", "qQevqEKVZ", "qQevqEKVX", "uGLa2cnyb", "qQevqEKVY", "uGLa2cnya", "qQevqEKVV", "qQevqEKVT", "Q5kmW6BZy", "qQevqEKVO", "EoKXWzeI2", "Q5kmW6BZC", "EoKXWzeI1", "Q5kmW6BZA", "EoKXWzeI0", "i9badzvHG", "uGLa2cnyd", "Q5kmW6BZH", "Q5kmW6BZG", "w1z0RMida", "Q5kmW6BZF", "uGLa2cnyf", "Q5kmW6BZE", "uGLa2cnye", "uGLa2cnyg", "Q5kmW6BZK", "Q5kmW6BZJ", "Q5kmW6BZI", "TElt1s1JH", "TElt1s1JI", "TElt1s1JK", "i9badzvHF", "TElt1s1JM", "i9badzvHE", "TElt1s1JN", "i9badzvHD", "qQevqEKV4", "TElt1s1JO", "i9badzvHB", "TElt1s1JP", "qQevqEKV2", "i9badzvHA", "TElt1s1JQ", "qQevqEKV3", "TElt1s1JR", "qQevqEKV1", "TElt1s1JS", "w1z0RMicV", "fokBvxGIv", "w1z0RMicZ", "i9badzvHv", "uj2Jr9a0R", "i9badzvHp", "uj2Jr9a0V", "uj2Jr9a0Z", "uj2Jr9a0X", "tABQh2LWD", "ApH7ZKUEU", "tABQh2LWB", "ApH7ZKUES", "ApH7ZKUET", "tABQh2LWH", "tABQh2LWG", "ApH7ZKUER", "tABQh2LWF", "ApH7ZKUEO", "ApH7ZKUEP", "tABQh2LWL", "tABQh2LWK", "tABQh2LWJ", "tABQh2LWM", "ApH7ZKUEF", "ApH7ZKUEN", "ApH7ZKUEK", "ApH7ZKUEL", "pEo3MZlHf", "FGgwtKrAZ", "pEo3MZlHg", "FGgwtKrAW", "pEo3MZlHh", "FGgwtKrAX", "pEo3MZlHi", "pEo3MZlHb", "pEo3MZlHc", "pEo3MZlHd", "CkYsNwIXZ", "ihd6Icpbp", "ihd6Icpbo", "ihd6Icpbn", "vqb4ciMCy", "vqb4ciMCz", "uGLa2cnx1", "ihd6Icpbq", "vqb4ciMCl", "tABQh2LWx", "vqb4ciMCp", "ihd6Icpbh", "vqb4ciMCt", "ihd6Icpbf", "uGLa2cnx5", "vqb4ciMCr", "uGLa2cnx7", "ihd6Icpbl", "ihd6Icpbk", "vqb4ciMCx", "FGgwtKrAS", "ihd6Icpbj", "uGLa2cnx9", "vqb4ciMCu", "vqb4ciMCv", "kB2WxMjQh", "kB2WxMjQi", "kB2WxMjQj", "kB2WxMjQk", "kB2WxMjQd", "kB2WxMjQe", "kB2WxMjQf", "kB2WxMjQb", "HMS44xRaH", "HMS44xRaG", "HMS44xRaF", "HMS44xRaE", "HMS44xRaC", "HMS44xRaA", "HMS44xRaM", "HMS44xRaL", "HMS44xRaK", "HMS44xRaJ", "kB2WxMjP9", "hGjnTmHyL", "f4VrdTbYk", "eKzPeW5hz", "f4VrdTbYj", "f4VrdTbYo", "f4VrdTbYm", "f4VrdTbYn", "hGjnTmHy1", "eKzPeW5hs", "hGjnTmHy2", "f4VrdTbYb", "f4VrdTbYh", "hGjnTmHy0", "eKzPeW5hK", "eKzPeW5hJ", "eKzPeW5hI", "eKzPeW5hC", "eKzPeW5hA", "eKzPeW5hG", "eKzPeW5hF", "eKzPeW5hE", "hGjnTmHyY", "hGjnTmHyU", "lcXFmB1sx", "hGjnTmHyW", "lcXFmB1sz", "hGjnTmHyX", "hGjnTmHyR", "kwmPEgwc1", "hGjnTmHyT", "kwmPEgwc2", "kwmPEgwc0", "lcXFmB1sr", "kwmPEgwcL", "lcXFmB1sD", "Rc6bEyQT", "lcXFmB1sG", "lcXFmB1sF", "Rc6bEyQQ", "lcXFmB1sI", "2zjYF97k", "Rc6bEyQP", "lcXFmB1sH", "2zjYF97j", "Rc6bEyQS", "Rc6bEyQR", "kB2WxMjP3", "2zjYF97c", "lcXFmB1sC", "lcXFmB1sB", "kwmPEgwcZ", "kwmPEgwcW", "kwmPEgwcX", "Rc6bEyQC", "kwmPEgwcV", "Rc6bEyQM", "kwmPEgwcT", "Rc6bEyQO", "kwmPEgwcR", "Rc6bEyQK", "Rc6bEyQJ", "xNQXtDA56", "xNQXtDA55", "xNQXtDA58", "xNQXtDA57", "xNQXtDA52", "xNQXtDA51", "xNQXtDA53", "2zjYF97p", "2zjYF97o", "2zjYF97m", "2zjYF97t", "2zjYF97s", "2zjYF97r", "2zjYF97q", "GJzNL89nU", "GJzNL89nT", "GJzNL89nW", "GJzNL89nV", "goNPmbuGH", "GJzNL89nQ", "GJzNL89nP", "GJzNL89nR", "GJzNL89nM", "GJzNL89nN", "goNPmbuGP", "GJzNL89nK", "goNPmbuGN", "pBy0lerSv", "pBy0lerSt", "nRETkuePS", "pBy0lerSy", "pBy0lerSz", "pBy0lerSx", "xZdbgFcmI", "nRETkuePZ", "pBy0lerSo", "Aj106e61z", "nRETkuePX", "Aj106e61x", "Aj106e61v", "Aj106e61w", "Aj106e61t", "Aj106e61s", "Aj106e61n", "xNQXtDA5X", "mlW3ywwSA", "xNQXtDA5T", "jYiahbIo9", "xZdbgFcmF", "jYiahbIo7", "xZdbgFcmG", "xZdbgFcmH", "xNQXtDA5Z", "xZdbgFcmB", "xZdbgFcmC", "xZdbgFcmD", "jYiahbIo1", "uemCyDnnD", "mlW3ywwSN", "mlW3ywwSO", "mlW3ywwSP", "uemCyDnnH", "Oy9jku54c", "mlW3ywwSQ", "uemCyDnnF", "Oy9jku54a", "uemCyDnnL", "mlW3ywwSF", "uemCyDnnJ", "mlW3ywwSH", "uemCyDnnI", "mlW3ywwSJ", "uemCyDnnO", "mlW3ywwSK", "uemCyDnnN", "mlW3ywwSL", "uemCyDnnM", "pBy0lerSB", "qYKFLVsn0", "CtuC8NqpU", "CtuC8NqpT", "CtuC8NqpW", "CtuC8NqpV", "db1V1etvw", "CtuC8NqpM", "CtuC8NqpN", "CtuC8NqpQ", "xZdbgFcmz", "CtuC8NqpP", "CtuC8NqpR", "db1V1etvD", "db1V1etvG", "CtuC8NqpH", "db1V1etvE", "Kdn1NDzsS", "db1V1etvK", "Kdn1NDzsT", "db1V1etvL", "db1V1etvI", "db1V1etvJ", "Kdn1NDzsV", "Kdn1NDzsW", "db1V1etvO", "Kdn1NDzsX", "db1V1etvM", "Kdn1NDzsY", "Oy9jku536", "pBy0lerSE", "Kdn1NDzsM", "Oy9jku534", "pBy0lerSC", "xZdbgFcmx", "pBy0lerSD", "Kdn1NDzsO", "Oy9jku539", "Kdn1NDzsQ", "Oy9jku538", "xZdbgFcmt", "Kdn1NDzsR", "f4VrdTbYs", "f4VrdTbYq", "f4VrdTbYr", "qNorYTQ7q", "qNorYTQ7k", "qNorYTQ7l", "qNorYTQ7j", "qNorYTQ7o", "qNorYTQ7p", "qNorYTQ7n", "qNorYTQ7a", "qNorYTQ7h", "qNorYTQ7f", "Aj106e61B", "Aj106e61C", "Aj106e61A", "jYiahbIph", "jYiahbIpi", "jYiahbIpb", "jYiahbIpc", "jYiahbIpf", "jYiahbIpg", "jYiahbIpd", "SJym4k1oO", "uemCyDnnz", "SJym4k1oM", "SJym4k1oW", "SJym4k1oV", "SJym4k1oU", "SJym4k1oT", "SJym4k1oS", "SJym4k1oQ", "SJym4k1oY", "SJym4k1oX", "qqF0oQEAa", "qqF0oQEAb", "qqF0oQEAd", "p9DFIjfGm", "qqF0oQEAe", "p9DFIjfGn", "qqF0oQEAf", "p9DFIjfGo", "qqF0oQEAg", "cbyIaAFxk", "iGMBJ0vwX", "cbyIaAFxs", "cbyIaAFxr", "cbyIaAFxx", "cbyIaAFxw", "cbyIaAFxu", "cbyIaAFxz", "cbyIaAFxy", "yWQlFx6wa", "yWQlFx6wb", "cMtqZqm90", "yWQlFx6wd", "yWQlFx6we", "yWQlFx6wf", "yWQlFx6wg", "p9DFIjfGd", "p9DFIjfGi", "p9DFIjfGj", "pnmI6rWNn", "pnmI6rWNo", "p9DFIjfGl", "pnmI6rWNp", "pnmI6rWNq", "p9DFIjfGf", "cMtqZqm9I", "p9DFIjfGh", "dkx6mvaXF", "pnmI6rWNf", "dkx6mvaXE", "dkx6mvaXH", "pnmI6rWNh", "dkx6mvaXG", "pnmI6rWNj", "dkx6mvaXI", "iGMBJ0vxe", "cMtqZqm9Q", "pnmI6rWNk", "iGMBJ0vxd", "cMtqZqm9P", "pnmI6rWNl", "iGMBJ0vxc", "dkx6mvaXK", "cMtqZqm9S", "iGMBJ0vxb", "cMtqZqm9U", "pnmI6rWNa", "cMtqZqm9W", "cMtqZqm9V", "cMtqZqm9Y", "cMtqZqm9X", "Fr4feXWvE", "cmUVXCgN2", "cmUVXCgN1", "cmUVXCgN4", "cmUVXCgN6", "Fr4feXWvN", "Fr4feXWvM", "cmUVXCgN8", "Fr4feXWvL", "cmUVXCgN7", "Fr4feXWvJ", "cmUVXCgN9", "Fr4feXWvI", "Fr4feXWvS", "Fr4feXWvR", "Fr4feXWvQ", "Fr4feXWvP", "p9DFIjfF8", "HVpfpOyCy", "HVpfpOyCw", "cmUVXCgNU", "dkx6mvaXA", "dkx6mvaXC", "HPI8wiKZi", "rEA9Qsu0", "rEA9Qsu1", "HPI8wiKZk", "rEA9Qsu2", "HPI8wiKZj", "rEA9Qsu3", "rEA9Qsu4", "HPI8wiKZl", "rEA9Qsu5", "HPI8wiKZo", "HPI8wiKZn", "qh9P3zW8k", "HPI8wiKZq", "qh9P3zW8j", "HPI8wiKZp", "qh9P3zW8f", "qh9P3zW8i", "qh9P3zW8h", "qh9P3zW8b", "qh9P3zW8e", "qh9P3zW8d", "HPI8wiKZe", "HPI8wiKZg", "HVpfpOyCI", "wQdM4KGWl", "wQdM4KGWp", "HVpfpOyCF", "rEA9QsuV", "HVpfpOyCG", "rEA9QsuW", "HVpfpOyCH", "HVpfpOyCA", "wQdM4KGWu", "wQdM4KGWt", "HVpfpOyCB", "HVpfpOyCC", "wQdM4KGWr", "HVpfpOyCD", "wQdM4KGWy", "wQdM4KGWx", "rEA9QsuN", "dkx6mvaXs", "wQdM4KGWv", "wQdM4KGWz", "dkx6mvaXz", "rEA9QsuY", "Oy9jku54g", "Oy9jku54f", "Oy9jku54e", "Oy9jku54d", "qh9P3zW79", "cbyIaAFxC", "qh9P3zW74", "cbyIaAFxA", "riC3UdK6r", "nRETkueP7", "riC3UdK6q", "nRETkueP6", "nRETkueP5", "riC3UdK6t", "nRETkueP3", "riC3UdK6v", "nRETkueP2", "riC3UdK6u", "nRETkueP1", "riC3UdK6w", "iGMBJ0vw9", "iGMBJ0vw8", "riC3UdK6l", "iGMBJ0vw7", "iGMBJ0vw5", "riC3UdK6n", "wQdM4KGWA", "iGMBJ0vw3", "riC3UdK6p", "nRETkueP8", "riC3UdK6g", "ij399XiZ3", "ij399XiZ4", "tGhXbyzzZ", "ij399XiZ1", "ij399XiZ2", "hUvE79cEa", "hUvE79cEc", "hUvE79cEb", "hUvE79cEe", "yi5zoXu5e", "yi5zoXu5d", "yi5zoXu5c", "hUvE79cEg", "yi5zoXu5b", "hUvE79cEf", "SmPVuhORC", "SmPVuhORE", "wVTTYguzS", "wVTTYguzR", "SmPVuhORJ", "SmPVuhORK", "SmPVuhORL", "SmPVuhORM", "SmPVuhORG", "SmPVuhORI", "SmPVuhORN", "SmPVuhORO", "RuSRYUIlv", "RuSRYUIlu", "RuSRYUIlx", "RuSRYUIlw", "RuSRYUIlq", "RuSRYUIlt", "RuSRYUIls", "RuSRYUIly", "yi5zoXu4Z", "wVTTYguzN", "tGhXbyzz1", "wVTTYguzQ", "wVTTYguzP", "wVTTYguzJ", "wVTTYguzM", "wVTTYguzL", "RuSRYUIlm", "wVTTYguzH", "RuSRYUIlo", "tGhXbyzz4", "ij399XiZX", "ij399XiZY", "tGhXbyzz2", "wVTTYguzD", "ij399XiZZ", "tGhXbyzz3", "ij399XiZT", "ij399XiZV", "K8a8KLzNS", "K8a8KLzNR", "K8a8KLzNQ", "K8a8KLzNP", "K8a8KLzNN", "ij399XiZN", "K8a8KLzNM", "K8a8KLzNL", "K8a8KLzNK", "K8a8KLzNI", "tGhXbyzzP", "K8a8KLzNG", "tGhXbyzzX", "tGhXbyzzY", "tGhXbyzzV", "tGhXbyzzT", "isAkvd0rU", "isAkvd0rT", "isAkvd0rV", "isAkvd0rY", "wYJXp1ooh", "isAkvd0rX", "isAkvd0rZ", "wYJXp1ool", "wYJXp1oop", "fQI9Y6GTe", "wYJXp1oon", "isAkvd0rJ", "isAkvd0rP", "isAkvd0rR", "BJ3JYG1ln", "T29DpsFo", "T29DpsFn", "yi5zoXu43", "T29DpsFq", "hUvE79cD5", "T29DpsFs", "yi5zoXu48", "BJ3JYG1lw", "hUvE79cD7", "yi5zoXu47", "BJ3JYG1lv", "T29DpsFu", "yi5zoXu45", "BJ3JYG1lt", "hUvE79cD9", "T29DpsFt", "BJ3JYG1ls", "T29DpsFw", "T29DpsFv", "yi5zoXu49", "T29DpsFx", "fQI9Y6GTc", "wYJXp1oot", "fQI9Y6GTd", "wYJXp1ooq", "fQI9Y6GTa", "wYJXp1oor", "wYJXp1oow", "BJ3JYG1lz", "wYJXp1oou", "BJ3JYG1lx", "wYJXp1oov", "T29DpsFg", "isAkvd0r0", "jSB3nFULR", "xoisrPuKd", "jSB3nFULT", "xoisrPuKb", "jSB3nFULV", "jSB3nFULU", "jSB3nFULX", "jSB3nFULJ", "hUvE79cDZ", "jSB3nFULP", "jSB3nFULZ", "xoisrPuKk", "jSB3nFULY", "fQI9Y6GSX", "xoisrPuKi", "xoisrPuKj", "xoisrPuKh", "xoisrPuKe", "xoisrPuKf", "fQI9Y6GS3", "jSB3nFUL0", "L5Oi9EtXo", "L5Oi9EtXp", "yWQlFx6v1", "L5Oi9EtXq", "L5Oi9EtXk", "L5Oi9EtXl", "L5Oi9EtXn", "L5Oi9EtXg", "yWQlFx6v7", "L5Oi9EtXi", "yWQlFx6v9", "fQI9Y6GS8", "L5Oi9EtXj", "fQI9Y6GS9", "fQI9Y6GS6", "BJ3JYG1lC", "BJ3JYG1lB", "L5Oi9EtXe", "BJ3JYG1lA", "yWQlFx6v6", "fQI9Y6GS5", "ta3lgeFAV", "ta3lgeFAT", "ta3lgeFAS", "ta3lgeFAR", "ta3lgeFAP", "TJ1AUYPmZ", "ta3lgeFAY", "ta3lgeFAX", "ta3lgeFAW", "vSACFRMMR", "vSACFRMMN", "E8bQ6FDM8", "ta3lgeFAN", "vSACFRMMZ", "vSACFRMMX", "vSACFRMMW", "ta3lgeFAJ", "vSACFRMMV", "vSACFRMMT", "hdUPpNHoA", "TJ1AUYPna", "Pogjn7iLO", "Pogjn7iLN", "Pogjn7iLQ", "Pogjn7iLP", "Pogjn7iLS", "Pogjn7iLR", "NsZYAlusC", "NsZYAlusA", "hdUPpNHoj", "NsZYAlusL", "NsZYAlusK", "NsZYAlusJ", "NsZYAlusI", "NsZYAlusG", "NsZYAlusF", "NsZYAlusE", "hdUPpNHor", "hdUPpNHos", "hdUPpNHop", "hdUPpNHoz", "hdUPpNHoy", "hdUPpNHov", "hdUPpNHow", "hdUPpNHou", "TJ1AUYPm9", "TJ1AUYPm8", "TJ1AUYPm7", "TJ1AUYPm6", "vSACFRMM2", "TJ1AUYPm5", "vSACFRMM1", "TJ1AUYPm4", "vSACFRMM0", "TJ1AUYPm2", "TJ1AUYPm0", "NsZYAlusM", "cpKZpnaCy", "wS3QwvAKZ", "E8bQ6FDNd", "lojS9DCI7", "E8bQ6FDNf", "E8bQ6FDNg", "E8bQ6FDNh", "E8bQ6FDNj", "lojS9DCI9", "E8bQ6FDNk", "PWkYLb6zC", "PWkYLb6zB", "PWkYLb6zA", "lojS9DCI2", "E8bQ6FDNc", "E8bQ6FDNl", "wS3QwvAK5", "E8bQ6FDNm", "wS3QwvAK3", "wS3QwvAK9", "wS3QwvAK8", "wS3QwvAK7", "Pogjn7iLG", "Pogjn7iLI", "wS3QwvALe", "wS3QwvALd", "Pogjn7iLK", "Pogjn7iLM", "lojS9DCJi", "lojS9DCJh", "lojS9DCJg", "lojS9DCJf", "lojS9DCJd", "lojS9DCJc", "lojS9DCJb", "cpKZpnaCQ", "cpKZpnaCO", "cpKZpnaCN", "cpKZpnaCM", "cpKZpnaCL", "cpKZpnaCK", "cpKZpnaCI", "cpKZpnaCG", "wS3QwvALc", "cpKZpnaCF", "wS3QwvALb", "Hs0GWfyr4", "Hs0GWfyr9", "Hs0GWfyr8", "Hs0GWfyr6", "k4ru1lj0v", "csA2Q74ru", "csA2Q74rj", "csA2Q74rk", "csA2Q74rq", "csA2Q74rr", "csA2Q74rs", "csA2Q74rm", "csA2Q74ro", "csA2Q74rp", "HkuwAYQ0a", "HkuwAYQ0c", "Hs0GWfysb", "KOiKCtg5a", "Hs0GWfysa", "KOiKCtg5c", "HkuwAYQ0h", "Hs0GWfysf", "HkuwAYQ0i", "Hs0GWfyse", "csA2Q74rc", "Hs0GWfysd", "HkuwAYQ0j", "k4ru1lj0M", "HkuwAYQ0k", "HkuwAYQ0d", "HkuwAYQ0e", "HkuwAYQ0f", "Hs0GWfysg", "vs17D3Grb", "vs17D3Grc", "vs17D3Grd", "tLX344ndm", "tLX344ndj", "vs17D3Gre", "tLX344ndl", "tLX344ndk", "tLX344ndf", "tLX344ndh", "tLX344ndg", "tLX344ndb", "tLX344ndd", "rWnQaOmxi", "rWnQaOmxp", "rWnQaOmxn", "k4ru1lj0G", "rWnQaOmxs", "k4ru1lj0H", "rWnQaOmxt", "KOiKCtg5m", "k4ru1lj0F", "rWnQaOmxr", "k4ru1lj0K", "rWnQaOmxw", "k4ru1lj0L", "rWnQaOmxx", "k4ru1lj0J", "rWnQaOmxv", "KOiKCtg5f", "KOiKCtg5e", "KOiKCtg5h", "rWnQaOmxy", "KOiKCtg5g", "KOiKCtg5j", "k4ru1lj0D", "KOiKCtg5l", "k4ru1lj0B", "KOiKCtg5k", "hjAWjju1O", "hjAWjju1N", "hjAWjju1M", "hjAWjju1S", "hjAWjju1R", "hjAWjju1Q", "dHgxWynuP", "dHgxWynuQ", "dHgxWynuO", "hjAWjju1K", "hjAWjju1J", "dHgxWynuU", "dHgxWynuR", "hjAWjju1H", "dHgxWynuS", "ubwy6Sty9", "hjAWjju1B", "dHgxWynuM", "dHgxWynuJ", "dHgxWynuK", "ubwy6Sty3", "ubwy6Sty4", "ubwy6Sty1", "ubwy6Sty7", "ubwy6Sty8", "ubwy6Sty5", "dHgxWynuC", "G88iNXfJK", "G88iNXfJJ", "G88iNXfJI", "G88iNXfJH", "G88iNXfJC", "G88iNXfJA", "G88iNXfJF", "G88iNXfJE", "G88iNXfJD", "tLX344nc7", "ubwy6StyZ", "KaxYlSFD8", "ubwy6StyV", "yz7T5uTY5", "yz7T5uTY6", "yz7T5uTY3", "yz7T5uTY4", "ubwy6Stza", "yz7T5uTY1", "f7LuFD5M6", "f7LuFD5M5", "yz7T5uTY0", "f7LuFD5M4", "f7LuFD5M2", "f7LuFD5M1", "f7LuFD5M0", "bOQgAxs0n", "yz7T5uTYZ", "bOQgAxs0m", "yz7T5uTYX", "bOQgAxs0k", "yz7T5uTYV", "bOQgAxs0i", "bOQgAxs0h", "bOQgAxs0s", "bOQgAxs0q", "bOQgAxs0p", "bOQgAxs0o", "G88iNXfJy", "f7LuFD5MY", "f7LuFD5MX", "yz7T5uTYR", "f7LuFD5MV", "bOQgAxs0a", "f7LuFD5MP", "KCWwPrFOJ", "KCWwPrFOG", "KCWwPrFOH", "KCWwPrFOE", "KCWwPrFOF", "KCWwPrFOC", "PcT5A5Hva", "KCWwPrFOM", "PcT5A5Hvc", "PcT5A5Hvd", "KCWwPrFOK", "v6MTUEhSa", "PcT5A5Hve", "KCWwPrFOL", "PcT5A5Hvf", "PcT5A5Hvg", "PcT5A5Hvh", "PcT5A5Hvi", "eB3ETGnPw", "eB3ETGnPO", "eB3ETGnPN", "eB3ETGnPM", "eB3ETGnPG", "eB3ETGnPE", "eB3ETGnPD", "eB3ETGnPK", "eB3ETGnPJ", "eB3ETGnPI", "HEmUJg9IG", "HEmUJg9II", "HEmUJg9IE", "KCWwPrFOA", "HEmUJg9IO", "HEmUJg9IN", "HEmUJg9IQ", "HEmUJg9IP", "HEmUJg9IK", "HEmUJg9IJ", "HEmUJg9IL", "v6MTUEhR1", "v6MTUEhR5", "v6MTUEhR7", "v6MTUEhR9", "gdrBy9Tqj", "gdrBy9Tqk", "gdrBy9Tqm", "gdrBy9Tqn", "gdrBy9Tqo", "GXL40VEs1", "sWQ31savI", "sWQ31savJ", "5pnqq3VQ", "GXL40VEs3", "sWQ31savK", "GXL40VEs4", "sWQ31savE", "sWQ31savF", "GXL40VEs0", "sWQ31savH", "GXL40VEs9", "sWQ31savB", "jvTBNCIeJ", "vs17D3GqZ", "jvTBNCIeH", "sWQ31savD", "GXL40VEs5", "jvTBNCIeF", "GXL40VEs7", "GXL40VEs8", "5pnqq3V7", "5pnqq3V6", "vs17D3Gq3", "5pnqq3V0", "5pnqq3V3", "5pnqq3V2", "5pnqq3V5", "5pnqq3V4", "GXL40VEsY", "vs17D3Gq8", "vs17D3Gq9", "vs17D3Gq5", "pJ5aGu9kA", "vs17D3Gq7", "sWQ31savz", "sWQ31savv", "dqedf0YA2", "dqedf0YA0", "jvTBNCIez", "eETIlrhEm", "eETIlrhEo", "eETIlrhEn", "eETIlrhEi", "eETIlrhEh", "eETIlrhEk", "eETIlrhEq", "eETIlrhEs", "eETIlrhEr", "v6MTUEhSb", "jvTBNCIeQ", "v6MTUEhSd", "jvTBNCIeO", "v6MTUEhSe", "jvTBNCIeP", "v6MTUEhSf", "jvTBNCIeN", "v6MTUEhSg", "jvTBNCIeK", "jvTBNCIeL", "eETIlrhEa", "ewnx0aAco", "ewnx0aAcq", "ewnx0aAcr", "u6jF30tTZ", "ewnx0aAcs", "ewnx0aAcu", "ewnx0aAcv", "QgdmTuph6", "ewnx0aAcw", "QgdmTuph7", "QgdmTuph4", "QgdmTuph5", "QgdmTuph2", "QgdmTuph3", "enRnETSKA", "QgdmTuph0", "u6jF30tTP", "ewnx0aAce", "bdVxLHLn2", "QgdmTuph8", "bdVxLHLn3", "u6jF30tTV", "u6jF30tTX", "u6jF30tTY", "ewnx0aAcl", "u6jF30tTT", "ewnx0aAcm", "jhHkyQc9v", "jhHkyQc9t", "jhHkyQc9r", "bdVxLHLn0", "QgdmTuphW", "bdVxLHLn1", "jhHkyQc9z", "jhHkyQc9w", "jhHkyQc9x", "bdVxLHLnY", "enRnETSKu", "enRnETSKv", "dqedf0YAK", "bdVxLHLnW", "enRnETSKw", "u6jF30tT1", "bdVxLHLnT", "enRnETSKx", "bdVxLHLnU", "enRnETSKz", "QgdmTuphY", "jhHkyQc9l", "enRnETSKp", "u6jF30tT2", "enRnETSKq", "u6jF30tT3", "bdVxLHLnZ", "u6jF30tT4", "enRnETSKs", "LRB1URYR9", "LRB1URYR7", "dqedf0YAZ", "LRB1URYR5", "dqedf0YAX", "LRB1URYR6", "dqedf0YAY", "LRB1URYR4", "dqedf0YAW", "GXL40VEta", "LRB1URYR2", "dqedf0YAU", "dqedf0YAR", "LRB1URYR0", "dqedf0YAS", "bdVxLHLnM", "pJ5aGu9kz", "jhHkyQc9C", "pJ5aGu9kx", "jhHkyQc9A", "pJ5aGu9ky", "jhHkyQc9B", "pJ5aGu9kv", "Ghbfiz9dn", "Ghbfiz9dp", "Ghbfiz9do", "Ghbfiz9di", "Ghbfiz9dl", "Ghbfiz9dk", "Ghbfiz9du", "pJ5aGu9kk", "Ghbfiz9dr", "enRnETSKi", "Ghbfiz9dt", "Ghbfiz9ds", "pJ5aGu9kt", "pJ5aGu9ku", "5pnqq3VY", "pJ5aGu9kr", "5pnqq3VX", "pJ5aGu9kp", "p3XyONr2Q", "OVRKUyiBi", "LRB1URYSb", "LRB1URYSc", "OVRKUyiBk", "LRB1URYSa", "OVRKUyiBe", "kqGIKKIzz", "OVRKUyiBg", "OVRKUyiBq", "gdrBy9Tqd", "gdrBy9Tqf", "OVRKUyiBm", "gdrBy9Tqg", "OVRKUyiBn", "OVRKUyiBo", "gdrBy9Tqi", "OVRKUyiBp", "p3XyONr2V", "p3XyONr2X", "p3XyONr2Z", "SejK807pG", "p3XyONr20", "SejK807pK", "SejK807pI", "p3XyONr21", "l7KMjJ1NA", "SejK807pN", "l7KMjJ1NB", "SejK807pO", "l7KMjJ1NC", "SejK807pM", "SejK807pR", "SejK807pS", "SejK807pP", "SejK807pQ", "kqGIKKIzt", "p3XyONr24", "p3XyONr23", "p3XyONr26", "p3XyONr25", "PcT5A5Hu6", "PcT5A5Hu8", "H3VpK5f4E", "gdrBy9Tp7", "H3VpK5f4B", "H3VpK5f4C", "H3VpK5f4D", "l7KMjJ1Nz", "NnjRGPGPi", "H3VpK5f4y", "NnjRGPGPt", "H3VpK5f4z", "NnjRGPGPu", "NnjRGPGPr", "l7KMjJ1Nm", "NnjRGPGPs", "H3VpK5f4u", "H3VpK5f4w", "H3VpK5f4x", "l7KMjJ1Nr", "NnjRGPGPm", "H3VpK5f4s", "l7KMjJ1Nt", "NnjRGPGPk", "l7KMjJ1Nv", "l7KMjJ1Nw", "NnjRGPGPq", "NnjRGPGPn", "l7KMjJ1Nx", "NnjRGPGPo", "oGLTn6rxF", "KQ8N4eaTO", "bgLBdsFcA", "oGLTn6rxH", "oGLTn6rxI", "bgLBdsFcF", "oGLTn6rxJ", "bgLBdsFcE", "oGLTn6rxK", "bgLBdsFcD", "bgLBdsFcC", "lZeBYtklz", "A0CQOACg3", "lZeBYtklx", "oGLTn6rxB", "A0CQOACg9", "zGhePEvAA", "oGLTn6rxD", "A0CQOACg8", "oGLTn6rxE", "lZeBYtklq", "KQ8N4eaTZ", "lZeBYtklv", "KQ8N4eaTX", "KQ8N4eaTY", "KQ8N4eaTV", "KQ8N4eaTT", "KQ8N4eaTU", "KQ8N4eaTS", "KQ8N4eaTQ", "sFOJkULBR", "sFOJkULBS", "sFOJkULBP", "sFOJkULBQ", "sFOJkULBN", "d08V4QGdi", "ivqnWYUgt", "d08V4QGdk", "ivqnWYUgn", "d08V4QGdf", "d08V4QGdg", "ivqnWYUgz", "d08V4QGdq", "d08V4QGdl", "ivqnWYUgv", "d08V4QGdm", "ivqnWYUgy", "d08V4QGdn", "ivqnWYUgx", "d08V4QGdo", "kqGIKKIzH", "kqGIKKIzF", "kqGIKKIzE", "LUr5mCSGE", "kqGIKKIzD", "A0CQOAChb", "A0CQOAChc", "kqGIKKIzB", "TvPjGckhW", "TvPjGckhU", "TvPjGckhV", "LUr5mCSGQ", "LUr5mCSGP", "gOmknZA2M", "LUr5mCSGO", "gOmknZA2L", "LUr5mCSGN", "gOmknZA2K", "LUr5mCSGI", "A0CQOAChf", "gOmknZA2E", "A0CQOAChg", "LUr5mCSGG", "gOmknZA2D", "A0CQOAChd", "LUr5mCSGL", "gOmknZA2I", "kqGIKKIzK", "LUr5mCSGK", "gOmknZA2H", "kqGIKKIzJ", "A0CQOAChh", "LUr5mCSGJ", "gOmknZA2G", "kqGIKKIzI", "A0CQOAChi", "nXk0dZ2tf", "nXk0dZ2ta", "gOmknZA2v", "TvPjGckhO", "Exg8hPWaT", "TvPjGckhM", "Exg8hPWaS", "Exg8hPWaR", "TvPjGckhS", "ELtpwCrga", "Exg8hPWaP", "TvPjGckhT", "Exg8hPWaO", "TvPjGckhQ", "ELtpwCrgc", "TvPjGckhR", "ELtpwCrgb", "Exg8hPWaK", "TvPjGckhL", "KQ8N4eaT0", "SUUARmCFs", "SUUARmCFq", "tjzvBvm2S", "SUUARmCFo", "tjzvBvm2T", "tjzvBvm2U", "SUUARmCFm", "tjzvBvm2O", "tjzvBvm2P", "SUUARmCFx", "tjzvBvm2R", "SUUARmCFy", "SUUARmCFv", "Exg8hPWaY", "Fa1UyqxB0", "tjzvBvm2L", "SUUARmCFw", "Exg8hPWaX", "SUUARmCFt", "Exg8hPWaW", "tjzvBvm2N", "SUUARmCFu", "Exg8hPWaV", "gOmknZA2B", "Fa1UyqxBM", "Fa1UyqxBT", "PzCxa8T2n", "PzCxa8T2o", "Fa1UyqxBR", "tjzvBvm2J", "Fa1UyqxBQ", "PzCxa8T2m", "Fa1UyqxBX", "PzCxa8T2r", "PzCxa8T2s", "Fa1UyqxBV", "PzCxa8T2p", "tjzvBvm2F", "Fa1UyqxBU", "PzCxa8T2q", "PzCxa8T2g", "Fa1UyqxBZ", "Fa1UyqxBY", "PzCxa8T2k", "PzCxa8T2i", "lZeBYtklA", "lZeBYtklB", "lZeBYtklE", "lZeBYtklF", "lZeBYtklD", "bgLBdsFcy", "bgLBdsFcx", "zGhePEvAz", "sFOJkULBL", "zGhePEvAt", "bgLBdsFcq", "sFOJkULBM", "zGhePEvAu", "sFOJkULBJ", "zGhePEvAr", "sFOJkULBH", "zGhePEvAx", "zGhePEvAy", "zGhePEvAv", "zGhePEvAl", "sFOJkULBC", "zGhePEvAq", "TVnOH0qDz", "TVnOH0qDA", "TVnOH0qDE", "TVnOH0qDC", "TVnOH0qDI", "na33B8JAs", "TVnOH0qDH", "na33B8JAr", "TVnOH0qDG", "na33B8JAq", "TVnOH0qDF", "na33B8JAp", "TVnOH0qDK", "TVnOH0qDJ", "na33B8JAj", "na33B8JAh", "na33B8JAn", "na33B8JAm", "na33B8JAl", "na33B8JAc", "bgLBdsFcH", "lZeBYtklG", "bgLBdsFcG", "LOLYs643o", "LOLYs643q", "LOLYs643m", "dsjU3XpK", "dsjU3XpI", "LwZh8Ldk", "dsjU3XpO", "dsjU3XpP", "dsjU3XpM", "dsjU3XpN", "LwZh8Ldu", "LwZh8Lds", "LwZh8Ldr", "dsjU3XpH", "Euq4P42mi", "Euq4P42mh", "Euq4P42mf", "Euq4P42me", "LwZh8Ldz", "RAyYSqvYE", "Euq4P42md", "LwZh8Ldy", "LwZh8Ldx", "RAyYSqvYG", "Euq4P42mb", "LwZh8Ldw", "RAyYSqvYI", "dsjU3XpQ", "RAyYSqvYK", "dsjU3XpR", "RAyYSqvYL", "RAyYSqvYM", "RAyYSqvYN", "Euq4P42mk", "RAyYSqvYO", "Euq4P42mj", "Euq4P42ma", "dsjU3Xpz", "hxNdx5Z60", "hxNdx5Z62", "hxNdx5Z61", "hxNdx5Z64", "hxNdx5Z66", "hxNdx5Z65", "RAyYSqvYP", "bUwnt3gDC", "RAyYSqvYQ", "bUwnt3gDE", "bUwnt3gDA", "HSzbX3ENS", "HSzbX3ENU", "hxNdx5Z6X", "hxNdx5Z6Y", "hxNdx5Z6P", "LwZh8LdB", "LwZh8LdA", "hxNdx5Z6V", "HSzbX3EN3", "HSzbX3EN4", "HSzbX3EN1", "HSzbX3EN2", "bUwnt3gDs", "nACyDWPV9", "jVr6PqOAE", "jVr6PqOAD", "nACyDWPV7", "jVr6PqOAC", "nACyDWPV5", "NYeAvForI", "NYeAvForG", "NYeAvForM", "NYeAvForL", "JtW8Dxaos", "NYeAvForK", "NYeAvForQ", "nXk0dZ2tp", "NYeAvForP", "nXk0dZ2to", "NYeAvForO", "nXk0dZ2tq", "nACyDWPV0", "bUwnt3gDz", "JtW8Dxaoy", "nXk0dZ2tl", "nXk0dZ2tk", "JtW8Dxaoz", "nXk0dZ2tn", "NYeAvForS", "NYeAvForR", "JtW8Dxaou", "nXk0dZ2th", "v3WQsTn3C", "JtW8Dxaow", "nXk0dZ2tj", "v3WQsTn3A", "ELtpwCrfY", "JtW8Dxaox", "v3WQsTn3B", "v3WQsTn3w", "v3WQsTn3x", "v3WQsTn3v", "HSzbX3ENW", "HSzbX3ENX", "ELtpwCrf2", "HSzbX3ENY", "HSzbX3ENZ", "v3WQsTn3z", "jVr6PqOAn", "bUwnt3gDK", "v3WQsTn3n", "bUwnt3gDF", "v3WQsTn3t", "bUwnt3gDG", "bUwnt3gDH", "v3WQsTn3r", "bUwnt3gDI", "jVr6PqOAv", "jVr6PqOAt", "jVr6PqOAz", "jVr6PqOAy", "jVr6PqOAx", "ELtpwCrf3", "ELtpwCrf6", "ELtpwCrf5", "ELtpwCrf7", "ELtpwCrf9", "d08V4QGc8", "nACyDWPWa", "nACyDWPWb", "oGLTn6rxz", "oGLTn6rxu", "fTzdqRAHB", "rfM0ssRhP", "rfM0ssRhN", "rfM0ssRhM", "rfM0ssRhS", "rfM0ssRhR", "rfM0ssRhQ", "huW96k6ib", "fTzdqRAHJ", "fTzdqRAHK", "fTzdqRAHH", "fTzdqRAHN", "fTzdqRAHO", "fTzdqRAHM", "huW96k6ij", "LOLYs643v", "fTzdqRAHR", "LOLYs643w", "fTzdqRAHS", "huW96k6ih", "LOLYs643x", "fTzdqRAHQ", "LOLYs643y", "LOLYs643r", "huW96k6in", "huW96k6im", "LOLYs643s", "LOLYs643t", "huW96k6ik", "huW96k6ir", "huW96k6iq", "huW96k6io", "jVr6PqOAB", "huW96k6is", "mrDar2kv2", "mrDar2kv1", "mrDar2kv3", "F5O1vyxWU", "rfM0ssRhC", "dvUj9wMec", "F5O1vyxWS", "dvUj9wMea", "F5O1vyxWT", "rfM0ssRhH", "dvUj9wMeh", "dvUj9wMeg", "dvUj9wMef", "dvUj9wMee", "rfM0ssRhL", "mrDar2kv6", "mrDar2kv5", "dvUj9wMek", "rfM0ssRhJ", "mrDar2kv8", "dvUj9wMei", "mrDar2kv7", "F5O1vyxWG", "F5O1vyxWR", "F5O1vyxWO", "F5O1vyxWP", "F5O1vyxWN", "F5O1vyxWK", "F5O1vyxWL", "nACyDWPWg", "nACyDWPWe", "nACyDWPWf", "nACyDWPWd", "n8Hd01DJX", "JtW8DxaoB", "n8Hd01DJU", "JtW8DxaoC", "n8Hd01DJV", "JtW8DxaoD", "n8Hd01DJY", "n8Hd01DJZ", "n8Hd01DJP", "JtW8DxaoE", "n8Hd01DJT", "n8Hd01DJR", "c3vLFXL3A", "c3vLFXL3M", "c3vLFXL3N", "c3vLFXL3K", "c3vLFXL3I", "c3vLFXL3H", "DK0bFYDh0", "S6gOEodVW", "DK0bFYDhM", "S6gOEodVY", "c3vLFXL3S", "c3vLFXL3Q", "c3vLFXL3O", "c3vLFXL3P", "DK0bFYDhZ", "DK0bFYDhY", "DK0bFYDhX", "S6gOEodV0", "DK0bFYDhV", "n8Hd01DJ0", "DK0bFYDhU", "DK0bFYDhT", "S6gOEodV2", "S6gOEodV3", "DK0bFYDhR", "S6gOEodV4", "DK0bFYDhQ", "S6gOEodV5", "S6gOEodV6", "S6gOEodV7", "S6gOEodV8", "n8Hd01DJK", "sT00zHgG4", "y5mv0ONXX", "sT00zHgG3", "sT00zHgG6", "sT00zHgG5", "sT00zHgG0", "sT00zHgG1", "JQFAdAmVG", "JQFAdAmVE", "rojaNJyJy", "JQFAdAmVC", "rojaNJyJF", "qS4ySpEKD", "JQFAdAmVN", "F8E4XjrLy", "JQFAdAmVO", "qS4ySpEKB", "rojaNJyJH", "JQFAdAmVL", "qS4ySpEKC", "JQFAdAmVM", "sT00zHgGX", "y5mv0ONX5", "JQFAdAmVJ", "qS4ySpEKH", "F8E4XjrLv", "qS4ySpEKI", "rojaNJyJD", "y5mv0ONX3", "sT00zHgGZ", "JQFAdAmVH", "qS4ySpEKF", "F8E4XjrLw", "y5mv0ONX2", "JQFAdAmVI", "qS4ySpEKG", "F8E4XjrLx", "y5mv0ONX9", "rojaNJyJN", "F8E4XjrLr", "rojaNJyJM", "sT00zHgGV", "F8E4XjrLs", "y5mv0ONX7", "y5mv0ONX6", "F8E4XjrLt", "rojaNJyJO", "F8E4XjrLm", "rojaNJyJJ", "rojaNJyJI", "F8E4XjrLo", "rojaNJyJL", "sT00zHgGQ", "F8E4XjrLp", "Euq4P42l6", "mrDar2kvS", "mrDar2kvZ", "mrDar2kvX", "PTuVjrcKO", "PTuVjrcKM", "PTuVjrcKS", "PTuVjrcKT", "PTuVjrcKQ", "i3u3j3H37", "oyfI2PJ5D", "PlqfWmoW8", "PlqfWmoW9", "PlqfWmoW4", "PTuVjrcKW", "PTuVjrcKX", "qS4ySpEKz", "PlqfWmoW6", "PTuVjrcKU", "PTuVjrcKV", "PlqfWmoW2", "PTuVjrcKY", "QCVOtxBPc", "y5mv0ONYb", "hRFBGoiPC", "mWRMnmeu3", "TsZgerqta", "QCVOtxBPd", "y5mv0ONYa", "QCVOtxBPa", "hRFBGoiPA", "qS4ySpEKs", "TsZgerqtc", "hRFBGoiPB", "qS4ySpEKx", "oyfI2PJ5O", "oyfI2PJ5N", "y5mv0ONYc", "TsZgerqth", "oyfI2PJ5J", "TsZgerqti", "oyfI2PJ5M", "QCVOtxBPi", "oyfI2PJ5L", "TsZgerqtd", "QCVOtxBPg", "oyfI2PJ5F", "TsZgerqte", "QCVOtxBPh", "oyfI2PJ5I", "QCVOtxBPe", "TsZgerqtf", "oyfI2PJ5H", "QCVOtxBPf", "TsZgerqtg", "QZEf3AOmp", "hRFBGoiPt", "QZEf3AOmq", "QZEf3AOmn", "hRFBGoiPr", "QZEf3AOmo", "QZEf3AOmr", "QZEf3AOms", "hRFBGoiPl", "QZEf3AOmi", "QCVOtxBO8", "mWRMnmeu8", "QZEf3AOmg", "mWRMnmeu9", "QCVOtxBO6", "FgH1rWle9", "FgH1rWle8", "mWRMnmeu7", "QZEf3AOmm", "mWRMnmeu5", "QZEf3AOmk", "FgH1rWle4", "buXSsfahO", "Tks5TaI1j", "Tks5TaI1k", "buXSsfahM", "Tks5TaI1l", "buXSsfahL", "Tks5TaI1m", "Tks5TaI1g", "Tks5TaI1h", "Tks5TaI1i", "Tks5TaI1c", "buXSsfahV", "buXSsfahU", "mWRMnmeuY", "Tks5TaI1e", "buXSsfahT", "buXSsfahS", "buXSsfahR", "buXSsfahQ", "Tks5TaI1a", "PWkYLb6zz", "PWkYLb6zy", "PWkYLb6zx", "PWkYLb6zw", "PlqfWmoXe", "PWkYLb6zu", "PlqfWmoXd", "hRFBGoiPy", "PWkYLb6zs", "hRFBGoiPw", "PlqfWmoXa", "PWkYLb6zq", "hRFBGoiPx", "hRFBGoiPu", "PlqfWmoXc", "PlqfWmoXb", "FgH1rWlff", "mWRMnmevc", "xWm7OUixZ", "mWRMnmevd", "FgH1rWlfh", "mWRMnmevb", "FgH1rWlfg", "FgH1rWlfb", "xWm7OUixV", "xWm7OUixY", "FgH1rWlfd", "xWm7OUixX", "FgH1rWlfc", "i3u3j3H4o", "i3u3j3H4n", "xWm7OUixT", "i3u3j3H4m", "xWm7OUixP", "i3u3j3H4h", "i3u3j3H4f", "ceoLClzma", "ceoLClzmb", "i3u3j3H4l", "i3u3j3H4j", "i3u3j3H4i", "ceoLClzmg", "i3u3j3H4d", "ceoLClzmc", "ceoLClzmd", "ceoLClzme", "mWRMnmeve", "xWm7OUix3", "xWm7OUix2", "xWm7OUix4", "SR4xpBIQK", "xWm7OUix1", "SR4xpBIQI", "SR4xpBIQP", "SR4xpBIQO", "SR4xpBIQM", "SR4xpBIQT", "SR4xpBIQS", "SR4xpBIQR", "SR4xpBIQQ", "SR4xpBIQU", "FgH1rWlfi", "xlsoZ4AVv", "xlsoZ4AVr", "xlsoZ4AVz", "xlsoZ4AVx", "dvUj9wMd2", "oyfI2PJ5y", "dvUj9wMd9", "xlsoZ4AVE", "FpebNc2He", "xlsoZ4AVF", "FpebNc2Hd", "FpebNc2Hc", "xlsoZ4AVD", "FpebNc2Hb", "xlsoZ4AVA", "xlsoZ4AVB", "xlsoZ4AVG"]>
	at com.bargenson.urlshortener.generator.Base62TimestampUrlIdentifierGeneratorTest.should_generateShorterThan10AlphanumericCharactersUniqueIds(Base62TimestampUrlIdentifierGeneratorTest.java:30)
]]></failure>
  </testcase>
</testsuite>