<?xml version="1.0" encoding="UTF-8"?>
<testsuite name="org.apache.commons.configuration2.TestXMLConfiguration" time="0.36" tests="88" errors="0" skipped="0" failures="0">
  <properties>
    <property name="java.runtime.name" value="OpenJDK Runtime Environment"/>
    <property name="sun.boot.library.path" value="/usr/local/openjdk-8/jre/lib/amd64"/>
    <property name="java.vm.version" value="25.262-b10"/>
    <property name="animal.sniffer.skip" value="true"/>
    <property name="java.vm.vendor" value="Oracle Corporation"/>
    <property name="maven.multiModuleProjectDirectory" value="/tmp/tmpztrjdux8/commons-configuration"/>
    <property name="maven.javadoc.skip" value="true"/>
    <property name="java.vendor.url" value="http://java.oracle.com/"/>
    <property name="path.separator" value=":"/>
    <property name="guice.disable.misplaced.annotation.check" value="true"/>
    <property name="java.vm.name" value="OpenJDK 64-Bit Server VM"/>
    <property name="file.encoding.pkg" value="sun.io"/>
    <property name="sun.java.launcher" value="SUN_STANDARD"/>
    <property name="sun.os.patch.level" value="unknown"/>
    <property name="source.skip" value="true"/>
    <property name="java.vm.specification.name" value="Java Virtual Machine Specification"/>
    <property name="user.dir" value="/tmp/tmpztrjdux8/commons-configuration"/>
    <property name="java.runtime.version" value="1.8.0_262-b10"/>
    <property name="java.awt.graphicsenv" value="sun.awt.X11GraphicsEnvironment"/>
    <property name="java.endorsed.dirs" value="/usr/local/openjdk-8/jre/lib/endorsed"/>
    <property name="os.arch" value="amd64"/>
    <property name="java.io.tmpdir" value="/tmp"/>
    <property name="line.separator" value="&#10;"/>
    <property name="java.vm.specification.vendor" value="Oracle Corporation"/>
    <property name="os.name" value="Linux"/>
    <property name="classworlds.conf" value="/usr/share/maven/bin/m2.conf"/>
    <property name="maven.test.error.ignore" value="true"/>
    <property name="sun.jnu.encoding" value="UTF-8"/>
    <property name="java.library.path" value="/usr/java/packages/lib/amd64:/usr/lib64:/lib64:/lib:/usr/lib"/>
    <property name="license.skip" value="true"/>
    <property name="maven.conf" value="/usr/share/maven/conf"/>
    <property name="java.specification.name" value="Java Platform API Specification"/>
    <property name="java.class.version" value="52.0"/>
    <property name="sun.management.compiler" value="HotSpot 64-Bit Tiered Compilers"/>
    <property name="maven.test.failure.ignore" value="true"/>
    <property name="os.version" value="4.15.0-109-generic"/>
    <property name="library.jansi.path" value="/usr/share/maven/lib/jansi-native"/>
    <property name="user.home" value="/home/jdbl"/>
    <property name="user.timezone" value="Etc/UTC"/>
    <property name="java.awt.printerjob" value="sun.print.PSPrinterJob"/>
    <property name="java.specification.version" value="1.8"/>
    <property name="file.encoding" value="UTF-8"/>
    <property name="user.name" value="jdbl"/>
    <property name="java.class.path" value="/usr/share/maven/boot/plexus-classworlds-2.6.0.jar"/>
    <property name="java.vm.specification.version" value="1.8"/>
    <property name="sun.arch.data.model" value="64"/>
    <property name="java.home" value="/usr/local/openjdk-8/jre"/>
    <property name="sun.java.command" value="org.codehaus.plexus.classworlds.launcher.Launcher package -e --fail-never -ntp -Dmaven.test.error.ignore=true -Dmaven.test.failure.ignore=true -B -Dmaven.javadoc.skip=true -Drat.skip=true -Danimal.sniffer.skip=true -Dmaven.javadoc.skip=true -Dlicense.skip=true -Dsource.skip=true"/>
    <property name="java.specification.vendor" value="Oracle Corporation"/>
    <property name="user.language" value="en"/>
    <property name="awt.toolkit" value="sun.awt.X11.XToolkit"/>
    <property name="java.vm.info" value="mixed mode"/>
    <property name="java.version" value="1.8.0_262"/>
    <property name="java.ext.dirs" value="/usr/local/openjdk-8/jre/lib/ext:/usr/java/packages/lib/ext"/>
    <property name="securerandom.source" value="file:/dev/./urandom"/>
    <property name="sun.boot.class.path" value="/usr/local/openjdk-8/jre/lib/resources.jar:/usr/local/openjdk-8/jre/lib/rt.jar:/usr/local/openjdk-8/jre/lib/sunrsasign.jar:/usr/local/openjdk-8/jre/lib/jsse.jar:/usr/local/openjdk-8/jre/lib/jce.jar:/usr/local/openjdk-8/jre/lib/charsets.jar:/usr/local/openjdk-8/jre/lib/jfr.jar:/usr/local/openjdk-8/jre/classes"/>
    <property name="java.vendor" value="Oracle Corporation"/>
    <property name="rat.skip" value="true"/>
    <property name="maven.home" value="/usr/share/maven"/>
    <property name="file.separator" value="/"/>
    <property name="java.vendor.url.bug" value="http://bugreport.sun.com/bugreport/"/>
    <property name="sun.cpu.endian" value="little"/>
    <property name="sun.io.unicode.encoding" value="UnicodeLittle"/>
    <property name="sun.cpu.isalist" value=""/>
  </properties>
  <testcase name="testDelimiterParsingDisabledXPath" classname="org.apache.commons.configuration2.TestXMLConfiguration" time="0.012"/>
  <testcase name="testLoadInvalidXML" classname="org.apache.commons.configuration2.TestXMLConfiguration" time="0.002"/>
  <testcase name="testPreserveSpace" classname="org.apache.commons.configuration2.TestXMLConfiguration" time="0.002"/>
  <testcase name="testGetComplexProperty" classname="org.apache.commons.configuration2.TestXMLConfiguration" time="0.001"/>
  <testcase name="testSetAttribute" classname="org.apache.commons.configuration2.TestXMLConfiguration" time="0.002"/>
  <testcase name="testSaveWithDoctypeIDs" classname="org.apache.commons.configuration2.TestXMLConfiguration" time="0.004"/>
  <testcase name="testAddObjectProperty" classname="org.apache.commons.configuration2.TestXMLConfiguration" time="0.002"/>
  <testcase name="testAutoSaveWithSubnodeConfig" classname="org.apache.commons.configuration2.TestXMLConfiguration" time="0.008"/>
  <testcase name="testCopyRootNameNoDocument" classname="org.apache.commons.configuration2.TestXMLConfiguration" time="0.004"/>
  <testcase name="testAddList" classname="org.apache.commons.configuration2.TestXMLConfiguration" time="0.002"/>
  <testcase name="testLoadWithEncoding" classname="org.apache.commons.configuration2.TestXMLConfiguration" time="0.008"/>
  <testcase name="testAttributeKeyWithMultipleValues" classname="org.apache.commons.configuration2.TestXMLConfiguration" time="0.083"/>
  <testcase name="testDtd" classname="org.apache.commons.configuration2.TestXMLConfiguration" time="0.003"/>
  <testcase name="testClearPropertyNonText" classname="org.apache.commons.configuration2.TestXMLConfiguration" time="0.002"/>
  <testcase name="testCopyRootName" classname="org.apache.commons.configuration2.TestXMLConfiguration" time="0.003"/>
  <testcase name="testSaveAfterCreateWithCopyConstructor" classname="org.apache.commons.configuration2.TestXMLConfiguration" time="0.003"/>
  <testcase name="testgetProperty" classname="org.apache.commons.configuration2.TestXMLConfiguration" time="0.002"/>
  <testcase name="testClone" classname="org.apache.commons.configuration2.TestXMLConfiguration" time="0.001"/>
  <testcase name="testSaveWindowsPath" classname="org.apache.commons.configuration2.TestXMLConfiguration" time="0.005"/>
  <testcase name="testSave" classname="org.apache.commons.configuration2.TestXMLConfiguration" time="0.005"/>
  <testcase name="testClearPropertySingleElement" classname="org.apache.commons.configuration2.TestXMLConfiguration" time="0.001"/>
  <testcase name="testCloneWithSave" classname="org.apache.commons.configuration2.TestXMLConfiguration" time="0.005"/>
  <testcase name="testEmptyElements" classname="org.apache.commons.configuration2.TestXMLConfiguration" time="0.006"/>
  <testcase name="testListWithAttributesMultiValue" classname="org.apache.commons.configuration2.TestXMLConfiguration" time="0.001"/>
  <testcase name="testSplitLists" classname="org.apache.commons.configuration2.TestXMLConfiguration" time="0.002"/>
  <testcase name="testXPathExpressionEngine" classname="org.apache.commons.configuration2.TestXMLConfiguration" time="0.001"/>
  <testcase name="testSaveToStreamWithEncoding" classname="org.apache.commons.configuration2.TestXMLConfiguration" time="0.005"/>
  <testcase name="testListWithAttributes" classname="org.apache.commons.configuration2.TestXMLConfiguration" time="0.001"/>
  <testcase name="testAutoSaveAddNodes" classname="org.apache.commons.configuration2.TestXMLConfiguration" time="0.004"/>
  <testcase name="testSetTextRootElement" classname="org.apache.commons.configuration2.TestXMLConfiguration" time="0.005"/>
  <testcase name="testPublicIdSynchronized" classname="org.apache.commons.configuration2.TestXMLConfiguration" time="0.001"/>
  <testcase name="testSaveToStream" classname="org.apache.commons.configuration2.TestXMLConfiguration" time="0.004"/>
  <testcase name="testValidating" classname="org.apache.commons.configuration2.TestXMLConfiguration" time="0.002"/>
  <testcase name="testOverrideAttribute" classname="org.apache.commons.configuration2.TestXMLConfiguration" time="0.002"/>
  <testcase name="testClearAttributeNonExisting" classname="org.apache.commons.configuration2.TestXMLConfiguration" time="0.001"/>
  <testcase name="testSaveWithInvalidTransformerFactory" classname="org.apache.commons.configuration2.TestXMLConfiguration" time="0.002"/>
  <testcase name="testSaveWithDelimiterParsingDisabled" classname="org.apache.commons.configuration2.TestXMLConfiguration" time="0.01"/>
  <testcase name="testAutoSaveWithSubSubnodeConfig" classname="org.apache.commons.configuration2.TestXMLConfiguration" time="0.005"/>
  <testcase name="testSaveWithDoctype" classname="org.apache.commons.configuration2.TestXMLConfiguration" time="0.003"/>
  <testcase name="testSaveWithValidation" classname="org.apache.commons.configuration2.TestXMLConfiguration" time="0.009"/>
  <testcase name="testGetPropertyWithXMLEntity" classname="org.apache.commons.configuration2.TestXMLConfiguration" time="0.002"/>
  <testcase name="testClearPropertyNotExisting" classname="org.apache.commons.configuration2.TestXMLConfiguration" time="0.001"/>
  <testcase name="testPreserveSpaceInvalid" classname="org.apache.commons.configuration2.TestXMLConfiguration" time="0.001"/>
  <testcase name="testNoDelimiterParsingInAttrValues" classname="org.apache.commons.configuration2.TestXMLConfiguration" time="0.003"/>
  <testcase name="testPreserveSpaceOnElement" classname="org.apache.commons.configuration2.TestXMLConfiguration" time="0.001"/>
  <testcase name="testSetPropertyListWithDelimiterParsingDisabled" classname="org.apache.commons.configuration2.TestXMLConfiguration" time="0.004"/>
  <testcase name="testDelimiterParsingDisabled" classname="org.apache.commons.configuration2.TestXMLConfiguration" time="0.003"/>
  <testcase name="testClearPropertyMultipleSiblings" classname="org.apache.commons.configuration2.TestXMLConfiguration" time="0.002"/>
  <testcase name="testClearPropertySingleElementWithAttribute" classname="org.apache.commons.configuration2.TestXMLConfiguration" time="0.001"/>
  <testcase name="testLoadAndSaveFromFile" classname="org.apache.commons.configuration2.TestXMLConfiguration" time="0.004"/>
  <testcase name="testCopyNull" classname="org.apache.commons.configuration2.TestXMLConfiguration" time="0.002"/>
  <testcase name="testAddPropertyListWithDelimiterParsingDisabled" classname="org.apache.commons.configuration2.TestXMLConfiguration" time="0.004"/>
  <testcase name="testSetProperty" classname="org.apache.commons.configuration2.TestXMLConfiguration" time="0.001"/>
  <testcase name="testValidatingInvalidFile" classname="org.apache.commons.configuration2.TestXMLConfiguration" time="0.003"/>
  <testcase name="testAddNodesAndSave" classname="org.apache.commons.configuration2.TestXMLConfiguration" time="0.007"/>
  <testcase name="testClearAttributeSingle" classname="org.apache.commons.configuration2.TestXMLConfiguration" time="0.001"/>
  <testcase name="testGetProperty" classname="org.apache.commons.configuration2.TestXMLConfiguration" time="0.001"/>
  <testcase name="testEmptyReload" classname="org.apache.commons.configuration2.TestXMLConfiguration" time="0.002"/>
  <testcase name="testCustomDocBuilder" classname="org.apache.commons.configuration2.TestXMLConfiguration" time="0.003"/>
  <testcase name="testEmptyAttribute" classname="org.apache.commons.configuration2.TestXMLConfiguration" time="0.005"/>
  <testcase name="testCustomDocBuilderValidationError" classname="org.apache.commons.configuration2.TestXMLConfiguration" time="0.001"/>
  <testcase name="testPreserveSpaceOverride" classname="org.apache.commons.configuration2.TestXMLConfiguration" time="0.001"/>
  <testcase name="testComplexNames" classname="org.apache.commons.configuration2.TestXMLConfiguration" time="0.002"/>
  <testcase name="testSaveWithValidationFailure" classname="org.apache.commons.configuration2.TestXMLConfiguration" time="0.005"/>
  <testcase name="testSaveToURL" classname="org.apache.commons.configuration2.TestXMLConfiguration" time="0.005"/>
  <testcase name="testClearPropertyCData" classname="org.apache.commons.configuration2.TestXMLConfiguration" time="0.001"/>
  <testcase name="testInitCopy" classname="org.apache.commons.configuration2.TestXMLConfiguration" time="0.004"/>
  <testcase name="testSaveWithNullEncoding" classname="org.apache.commons.configuration2.TestXMLConfiguration" time="0.002"/>
  <testcase name="testGetAttribute" classname="org.apache.commons.configuration2.TestXMLConfiguration" time="0.001"/>
  <testcase name="testListWithMultipleAttributesMultiValue" classname="org.apache.commons.configuration2.TestXMLConfiguration" time="0.001"/>
  <testcase name="testAppend" classname="org.apache.commons.configuration2.TestXMLConfiguration" time="0.005"/>
  <testcase name="testSystemIdSynchronized" classname="org.apache.commons.configuration2.TestXMLConfiguration" time="0.001"/>
  <testcase name="testAddNodesToSubnodeConfiguration" classname="org.apache.commons.configuration2.TestXMLConfiguration" time="0.001"/>
  <testcase name="testAddNodesCopy" classname="org.apache.commons.configuration2.TestXMLConfiguration" time="0.004"/>
  <testcase name="testSaveDelimiterParsingDisabled" classname="org.apache.commons.configuration2.TestXMLConfiguration" time="0.004"/>
  <testcase name="testSetRootAttribute" classname="org.apache.commons.configuration2.TestXMLConfiguration" time="0.005"/>
  <testcase name="testGetCommentedProperty" classname="org.apache.commons.configuration2.TestXMLConfiguration" time="0.001"/>
  <testcase name="testSaveWithEncoding" classname="org.apache.commons.configuration2.TestXMLConfiguration" time="0.002"/>
  <testcase name="testAddProperty" classname="org.apache.commons.configuration2.TestXMLConfiguration" time="0.001"/>
  <testcase name="testSaveAttributes" classname="org.apache.commons.configuration2.TestXMLConfiguration" time="0.005"/>
  <testcase name="testSubset" classname="org.apache.commons.configuration2.TestXMLConfiguration" time="0.003"/>
  <testcase name="testCustomDocBuilderValidationSuccess" classname="org.apache.commons.configuration2.TestXMLConfiguration" time="0.003"/>
  <testcase name="testClearPropertyMultipleDisjoined" classname="org.apache.commons.configuration2.TestXMLConfiguration" time="0.001"/>
  <testcase name="testClearTextRootElement" classname="org.apache.commons.configuration2.TestXMLConfiguration" time="0.002"/>
  <testcase name="testConcurrentGetAndReload" classname="org.apache.commons.configuration2.TestXMLConfiguration" time="0.021"/>
  <testcase name="testAddObjectAttribute" classname="org.apache.commons.configuration2.TestXMLConfiguration" time="0"/>
  <testcase name="testLoadFromStream" classname="org.apache.commons.configuration2.TestXMLConfiguration" time="0.002"/>
  <testcase name="testClearAttributeMultipleDisjoined" classname="org.apache.commons.configuration2.TestXMLConfiguration" time="0.001"/>
</testsuite>