<?xml version="1.0" encoding="UTF-8"?>
<testsuite xmlns:xsi="http://www.w3.org/2001/XMLSchema-instance" xsi:noNamespaceSchemaLocation="https://maven.apache.org/surefire/maven-surefire-plugin/xsd/surefire-test-report.xsd" name="org.assertj.core.api.SoftAssertionsTest" time="0.673" tests="55" errors="0" skipped="0" failures="0">
  <properties>
    <property name="awt.toolkit" value="sun.awt.X11.XToolkit"/>
    <property name="maven.test.error.ignore" value="true"/>
    <property name="file.encoding.pkg" value="sun.io"/>
    <property name="java.specification.version" value="1.8"/>
    <property name="sun.cpu.isalist" value=""/>
    <property name="sun.jnu.encoding" value="UTF-8"/>
    <property name="java.class.path" value="/tmp/tmppkrnjtdg/assertj-core/target/test-classes:/tmp/tmppkrnjtdg/assertj-core/target/classes:/home/jdbl/.m2/repository/junit/junit/4.12/junit-4.12.jar:/home/jdbl/.m2/repository/org/hamcrest/hamcrest-core/1.3/hamcrest-core-1.3.jar:/home/jdbl/.m2/repository/org/junit/jupiter/junit-jupiter-api/5.5.2/junit-jupiter-api-5.5.2.jar:/home/jdbl/.m2/repository/org/apiguardian/apiguardian-api/1.1.0/apiguardian-api-1.1.0.jar:/home/jdbl/.m2/repository/org/junit/platform/junit-platform-commons/1.5.2/junit-platform-commons-1.5.2.jar:/home/jdbl/.m2/repository/org/junit/jupiter/junit-jupiter/5.5.2/junit-jupiter-5.5.2.jar:/home/jdbl/.m2/repository/org/junit/jupiter/junit-jupiter-params/5.5.2/junit-jupiter-params-5.5.2.jar:/home/jdbl/.m2/repository/org/junit/jupiter/junit-jupiter-engine/5.5.2/junit-jupiter-engine-5.5.2.jar:/home/jdbl/.m2/repository/org/junit/vintage/junit-vintage-engine/5.5.2/junit-vintage-engine-5.5.2.jar:/home/jdbl/.m2/repository/org/junit/platform/junit-platform-engine/1.5.2/junit-platform-engine-1.5.2.jar:/home/jdbl/.m2/repository/org/junit/platform/junit-platform-testkit/1.5.2/junit-platform-testkit-1.5.2.jar:/home/jdbl/.m2/repository/org/junit/platform/junit-platform-launcher/1.5.2/junit-platform-launcher-1.5.2.jar:/home/jdbl/.m2/repository/org/opentest4j/opentest4j/1.2.0/opentest4j-1.2.0.jar:/home/jdbl/.m2/repository/com/google/code/findbugs/jsr305/3.0.2/jsr305-3.0.2.jar:/home/jdbl/.m2/repository/org/hamcrest/hamcrest/2.2/hamcrest-2.2.jar:/home/jdbl/.m2/repository/net/bytebuddy/byte-buddy/1.10.2/byte-buddy-1.10.2.jar:/home/jdbl/.m2/repository/org/mockito/mockito-core/3.1.0/mockito-core-3.1.0.jar:/home/jdbl/.m2/repository/net/bytebuddy/byte-buddy-agent/1.10.2/byte-buddy-agent-1.10.2.jar:/home/jdbl/.m2/repository/org/objenesis/objenesis/2.6/objenesis-2.6.jar:/home/jdbl/.m2/repository/org/mockito/mockito-junit-jupiter/3.1.0/mockito-junit-jupiter-3.1.0.jar:/home/jdbl/.m2/repository/com/github/marschall/memoryfilesystem/2.1.0/memoryfilesystem-2.1.0.jar:/home/jdbl/.m2/repository/com/google/guava/guava/28.1-jre/guava-28.1-jre.jar:/home/jdbl/.m2/repository/com/google/guava/failureaccess/1.0.1/failureaccess-1.0.1.jar:/home/jdbl/.m2/repository/com/google/guava/listenablefuture/9999.0-empty-to-avoid-conflict-with-guava/listenablefuture-9999.0-empty-to-avoid-conflict-with-guava.jar:/home/jdbl/.m2/repository/org/checkerframework/checker-qual/2.8.1/checker-qual-2.8.1.jar:/home/jdbl/.m2/repository/com/google/errorprone/error_prone_annotations/2.3.2/error_prone_annotations-2.3.2.jar:/home/jdbl/.m2/repository/com/google/j2objc/j2objc-annotations/1.3/j2objc-annotations-1.3.jar:/home/jdbl/.m2/repository/org/codehaus/mojo/animal-sniffer-annotations/1.18/animal-sniffer-annotations-1.18.jar:/home/jdbl/.m2/repository/org/apache/commons/commons-lang3/3.9/commons-lang3-3.9.jar:"/>
    <property name="java.vm.vendor" value="Oracle Corporation"/>
    <property name="maven.javadoc.skip" value="true"/>
    <property name="sun.arch.data.model" value="64"/>
    <property name="java.vendor.url" value="http://java.oracle.com/"/>
    <property name="user.timezone" value=""/>
    <property name="java.vm.specification.version" value="1.8"/>
    <property name="os.name" value="Linux"/>
    <property name="rat.skip" value="true"/>
    <property name="sun.java.launcher" value="SUN_STANDARD"/>
    <property name="sun.boot.library.path" value="/usr/local/openjdk-8/jre/lib/amd64"/>
    <property name="sun.java.command" value="/tmp/tmppkrnjtdg/assertj-core/target/surefire/surefirebooter3067336856477236970.jar /tmp/tmppkrnjtdg/assertj-core/target/surefire 2020-07-30T15-19-30_556-jvmRun1 surefire6793609518206101448tmp surefire_05037846420285403898tmp"/>
    <property name="surefire.test.class.path" value="/tmp/tmppkrnjtdg/assertj-core/target/test-classes:/tmp/tmppkrnjtdg/assertj-core/target/classes:/home/jdbl/.m2/repository/junit/junit/4.12/junit-4.12.jar:/home/jdbl/.m2/repository/org/hamcrest/hamcrest-core/1.3/hamcrest-core-1.3.jar:/home/jdbl/.m2/repository/org/junit/jupiter/junit-jupiter-api/5.5.2/junit-jupiter-api-5.5.2.jar:/home/jdbl/.m2/repository/org/apiguardian/apiguardian-api/1.1.0/apiguardian-api-1.1.0.jar:/home/jdbl/.m2/repository/org/junit/platform/junit-platform-commons/1.5.2/junit-platform-commons-1.5.2.jar:/home/jdbl/.m2/repository/org/junit/jupiter/junit-jupiter/5.5.2/junit-jupiter-5.5.2.jar:/home/jdbl/.m2/repository/org/junit/jupiter/junit-jupiter-params/5.5.2/junit-jupiter-params-5.5.2.jar:/home/jdbl/.m2/repository/org/junit/jupiter/junit-jupiter-engine/5.5.2/junit-jupiter-engine-5.5.2.jar:/home/jdbl/.m2/repository/org/junit/vintage/junit-vintage-engine/5.5.2/junit-vintage-engine-5.5.2.jar:/home/jdbl/.m2/repository/org/junit/platform/junit-platform-engine/1.5.2/junit-platform-engine-1.5.2.jar:/home/jdbl/.m2/repository/org/junit/platform/junit-platform-testkit/1.5.2/junit-platform-testkit-1.5.2.jar:/home/jdbl/.m2/repository/org/junit/platform/junit-platform-launcher/1.5.2/junit-platform-launcher-1.5.2.jar:/home/jdbl/.m2/repository/org/opentest4j/opentest4j/1.2.0/opentest4j-1.2.0.jar:/home/jdbl/.m2/repository/com/google/code/findbugs/jsr305/3.0.2/jsr305-3.0.2.jar:/home/jdbl/.m2/repository/org/hamcrest/hamcrest/2.2/hamcrest-2.2.jar:/home/jdbl/.m2/repository/net/bytebuddy/byte-buddy/1.10.2/byte-buddy-1.10.2.jar:/home/jdbl/.m2/repository/org/mockito/mockito-core/3.1.0/mockito-core-3.1.0.jar:/home/jdbl/.m2/repository/net/bytebuddy/byte-buddy-agent/1.10.2/byte-buddy-agent-1.10.2.jar:/home/jdbl/.m2/repository/org/objenesis/objenesis/2.6/objenesis-2.6.jar:/home/jdbl/.m2/repository/org/mockito/mockito-junit-jupiter/3.1.0/mockito-junit-jupiter-3.1.0.jar:/home/jdbl/.m2/repository/com/github/marschall/memoryfilesystem/2.1.0/memoryfilesystem-2.1.0.jar:/home/jdbl/.m2/repository/com/google/guava/guava/28.1-jre/guava-28.1-jre.jar:/home/jdbl/.m2/repository/com/google/guava/failureaccess/1.0.1/failureaccess-1.0.1.jar:/home/jdbl/.m2/repository/com/google/guava/listenablefuture/9999.0-empty-to-avoid-conflict-with-guava/listenablefuture-9999.0-empty-to-avoid-conflict-with-guava.jar:/home/jdbl/.m2/repository/org/checkerframework/checker-qual/2.8.1/checker-qual-2.8.1.jar:/home/jdbl/.m2/repository/com/google/errorprone/error_prone_annotations/2.3.2/error_prone_annotations-2.3.2.jar:/home/jdbl/.m2/repository/com/google/j2objc/j2objc-annotations/1.3/j2objc-annotations-1.3.jar:/home/jdbl/.m2/repository/org/codehaus/mojo/animal-sniffer-annotations/1.18/animal-sniffer-annotations-1.18.jar:/home/jdbl/.m2/repository/org/apache/commons/commons-lang3/3.9/commons-lang3-3.9.jar:"/>
    <property name="sun.cpu.endian" value="little"/>
    <property name="user.home" value="/home/jdbl"/>
    <property name="user.language" value="en"/>
    <property name="java.specification.vendor" value="Oracle Corporation"/>
    <property name="java.home" value="/usr/local/openjdk-8/jre"/>
    <property name="basedir" value="/tmp/tmppkrnjtdg/assertj-core"/>
    <property name="file.separator" value="/"/>
    <property name="line.separator" value="&#10;"/>
    <property name="source.skip" value="true"/>
    <property name="java.vm.specification.vendor" value="Oracle Corporation"/>
    <property name="java.specification.name" value="Java Platform API Specification"/>
    <property name="java.awt.graphicsenv" value="sun.awt.X11GraphicsEnvironment"/>
    <property name="surefire.real.class.path" value="/tmp/tmppkrnjtdg/assertj-core/target/surefire/surefirebooter3067336856477236970.jar:/home/jdbl/.m2/repository/org/jacoco/org.jacoco.agent/0.8.4/org.jacoco.agent-0.8.4-runtime.jar"/>
    <property name="sun.boot.class.path" value="/usr/local/openjdk-8/jre/lib/resources.jar:/usr/local/openjdk-8/jre/lib/rt.jar:/usr/local/openjdk-8/jre/lib/sunrsasign.jar:/usr/local/openjdk-8/jre/lib/jsse.jar:/usr/local/openjdk-8/jre/lib/jce.jar:/usr/local/openjdk-8/jre/lib/charsets.jar:/usr/local/openjdk-8/jre/lib/jfr.jar:/usr/local/openjdk-8/jre/classes"/>
    <property name="sun.management.compiler" value="HotSpot 64-Bit Tiered Compilers"/>
    <property name="java.runtime.version" value="1.8.0_262-b10"/>
    <property name="user.name" value="jdbl"/>
    <property name="path.separator" value=":"/>
    <property name="os.version" value="4.15.0-109-generic"/>
    <property name="java.endorsed.dirs" value="/usr/local/openjdk-8/jre/lib/endorsed"/>
    <property name="java.runtime.name" value="OpenJDK Runtime Environment"/>
    <property name="file.encoding" value="UTF-8"/>
    <property name="java.vm.name" value="OpenJDK 64-Bit Server VM"/>
    <property name="localRepository" value="/home/jdbl/.m2/repository"/>
    <property name="java.vendor.url.bug" value="http://bugreport.sun.com/bugreport/"/>
    <property name="java.io.tmpdir" value="/tmp"/>
    <property name="java.version" value="1.8.0_262"/>
    <property name="user.dir" value="/tmp/tmppkrnjtdg/assertj-core"/>
    <property name="os.arch" value="amd64"/>
    <property name="license.skip" value="true"/>
    <property name="animal.sniffer.skip" value="true"/>
    <property name="java.vm.specification.name" value="Java Virtual Machine Specification"/>
    <property name="java.awt.printerjob" value="sun.print.PSPrinterJob"/>
    <property name="sun.os.patch.level" value="unknown"/>
    <property name="java.library.path" value="/usr/java/packages/lib/amd64:/usr/lib64:/lib64:/lib:/usr/lib"/>
    <property name="java.vm.info" value="mixed mode"/>
    <property name="java.vendor" value="Oracle Corporation"/>
    <property name="java.vm.version" value="25.262-b10"/>
    <property name="java.ext.dirs" value="/usr/local/openjdk-8/jre/lib/ext:/usr/java/packages/lib/ext"/>
    <property name="sun.io.unicode.encoding" value="UnicodeLittle"/>
    <property name="java.class.version" value="52.0"/>
    <property name="maven.test.failure.ignore" value="true"/>
  </properties>
  <testcase name="should_assert_using_assertSoftly" classname="org.assertj.core.api.SoftAssertionsTest" time="0"/>
  <testcase name="should_return_failure_after_shouldHaveThrown" classname="org.assertj.core.api.SoftAssertionsTest" time="0"/>
  <testcase name="soft_assertions_should_work_with_assertThatObject" classname="org.assertj.core.api.SoftAssertionsTest" time="0.008"/>
  <testcase name="bug_1209" classname="org.assertj.core.api.SoftAssertionsTest" time="0"/>
  <testcase name="all_assertions_should_pass" classname="org.assertj.core.api.SoftAssertionsTest" time="0.003"/>
  <testcase name="should_keep_registered_comparators_after_changing_the_object_array_under_test" classname="org.assertj.core.api.SoftAssertionsTest" time="0.004"/>
  <testcase name="check_477_bugfix" classname="org.assertj.core.api.SoftAssertionsTest" time="0.044"/>
  <testcase name="predicate_soft_assertions_should_report_errors_on_final_methods" classname="org.assertj.core.api.SoftAssertionsTest" time="0.008"/>
  <testcase name="soft_assertions_should_work_with_satisfiesAnyOf" classname="org.assertj.core.api.SoftAssertionsTest" time="0"/>
  <testcase name="should_collect_all_errors_when_using_filtering" classname="org.assertj.core.api.SoftAssertionsTest" time="0.004"/>
  <testcase name="should_be_able_to_catch_exceptions_thrown_by_all_proxied_methods" classname="org.assertj.core.api.SoftAssertionsTest" time="0.038"/>
  <testcase name="should_return_failure_after_fail" classname="org.assertj.core.api.SoftAssertionsTest" time="0.001"/>
  <testcase name="should_keep_representation_after_changing_the_object_under_test" classname="org.assertj.core.api.SoftAssertionsTest" time="0"/>
  <testcase name="should_pass_when_using_extracting_with_iterable" classname="org.assertj.core.api.SoftAssertionsTest" time="0.007"/>
  <testcase name="should_work_with_CompletionStage" classname="org.assertj.core.api.SoftAssertionsTest" time="0.004"/>
  <testcase name="should_pass_when_using_extracting_with_list" classname="org.assertj.core.api.SoftAssertionsTest" time="0.015"/>
  <testcase name="should_keep_registered_comparators_after_changing_the_list_under_test" classname="org.assertj.core.api.SoftAssertionsTest" time="0.004"/>
  <testcase name="should_return_failure_after_fail_with_throwable" classname="org.assertj.core.api.SoftAssertionsTest" time="0"/>
  <testcase name="should_pass_when_using_extracting_with_object" classname="org.assertj.core.api.SoftAssertionsTest" time="0.003"/>
  <testcase name="should_work_with_atomic" classname="org.assertj.core.api.SoftAssertionsTest" time="0.006"/>
  <testcase name="should_return_success_of_last_assertion_with_nested_calls" classname="org.assertj.core.api.SoftAssertionsTest" time="0"/>
  <testcase name="should_work_with_predicate" classname="org.assertj.core.api.SoftAssertionsTest" time="0"/>
  <testcase name="list_soft_assertions_should_work_with_navigation_methods" classname="org.assertj.core.api.SoftAssertionsTest" time="0.166"/>
  <testcase name="soft_assertions_should_work_with_zipSatisfy" classname="org.assertj.core.api.SoftAssertionsTest" time="0.002"/>
  <testcase name="should_propagate_AssertionError_from_nested_proxied_calls" classname="org.assertj.core.api.SoftAssertionsTest" time="0.005"/>
  <testcase name="should_pass_when_using_extracting_with_map" classname="org.assertj.core.api.SoftAssertionsTest" time="0.007"/>
  <testcase name="object_soft_assertions_should_report_errors_on_final_methods_and_methods_that_switch_the_object_under_test" classname="org.assertj.core.api.SoftAssertionsTest" time="0.004"/>
  <testcase name="map_soft_assertions_should_work_with_navigation_methods" classname="org.assertj.core.api.SoftAssertionsTest" time="0.085"/>
  <testcase name="should_work_with_stream" classname="org.assertj.core.api.SoftAssertionsTest" time="0.002"/>
  <testcase name="should_work_with_comparable" classname="org.assertj.core.api.SoftAssertionsTest" time="0.062"/>
  <testcase name="list_soft_assertions_should_report_errors_on_final_methods_and_methods_that_switch_the_object_under_test" classname="org.assertj.core.api.SoftAssertionsTest" time="0.02"/>
  <testcase name="class_soft_assertions_should_report_errors_on_final_methods" classname="org.assertj.core.api.SoftAssertionsTest" time="0.001"/>
  <testcase name="should_collect_all_errors_when_using_extracting" classname="org.assertj.core.api.SoftAssertionsTest" time="0.002"/>
  <testcase name="iterable_soft_assertions_should_work_with_navigation_methods" classname="org.assertj.core.api.SoftAssertionsTest" time="0.008"/>
  <testcase name="should_collect_all_errors_when_using_predicate_filtering" classname="org.assertj.core.api.SoftAssertionsTest" time="0.001"/>
  <testcase name="object_array_soft_assertions_should_report_errors_on_final_methods_and_methods_that_switch_the_object_under_test" classname="org.assertj.core.api.SoftAssertionsTest" time="0.019"/>
  <testcase name="should_return_failure_of_last_assertion_with_nested_calls" classname="org.assertj.core.api.SoftAssertionsTest" time="0"/>
  <testcase name="map_soft_assertions_should_report_errors_on_final_methods_and_methods_that_switch_the_object_under_test" classname="org.assertj.core.api.SoftAssertionsTest" time="0.014"/>
  <testcase name="should_work_with_flat_extracting" classname="org.assertj.core.api.SoftAssertionsTest" time="0"/>
  <testcase name="should_return_failure_of_last_assertion" classname="org.assertj.core.api.SoftAssertionsTest" time="0.001"/>
  <testcase name="optional_soft_assertions_should_report_errors_on_methods_that_switch_the_object_under_test" classname="org.assertj.core.api.SoftAssertionsTest" time="0.006"/>
  <testcase name="should_work_with_spliterator" classname="org.assertj.core.api.SoftAssertionsTest" time="0.039"/>
  <testcase name="should_fix_bug_1146" classname="org.assertj.core.api.SoftAssertionsTest" time="0.001"/>
  <testcase name="should_collect_all_errors_when_using_extracting_on_object" classname="org.assertj.core.api.SoftAssertionsTest" time="0.006"/>
  <testcase name="should_keep_registered_comparators_after_changing_the_iterable_under_test" classname="org.assertj.core.api.SoftAssertionsTest" time="0.003"/>
  <testcase name="should_return_failure_after_fail_with_parameters" classname="org.assertj.core.api.SoftAssertionsTest" time="0"/>
  <testcase name="iterable_soft_assertions_should_report_errors_on_final_methods_and_methods_that_switch_the_object_under_test" classname="org.assertj.core.api.SoftAssertionsTest" time="0.019"/>
  <testcase name="should_be_able_to_catch_exceptions_thrown_by_map_assertions" classname="org.assertj.core.api.SoftAssertionsTest" time="0.001"/>
  <testcase name="should_work_with_optional" classname="org.assertj.core.api.SoftAssertionsTest" time="0.002"/>
  <testcase name="should_return_success_of_last_assertion" classname="org.assertj.core.api.SoftAssertionsTest" time="0.001"/>
  <testcase name="should_work_with_flat_extracting_arrays" classname="org.assertj.core.api.SoftAssertionsTest" time="0.001"/>
  <testcase name="should_work_when_using_extracting_with_array" classname="org.assertj.core.api.SoftAssertionsTest" time="0.004"/>
  <testcase name="should_collect_all_errors_when_using_flat_extracting" classname="org.assertj.core.api.SoftAssertionsTest" time="0.002"/>
  <testcase name="should_collect_errors_when_using_extractingFromEntries_with_map" classname="org.assertj.core.api.SoftAssertionsTest$ExtractingFromEntries" time="0.005"/>
  <testcase name="should_pass_when_using_extractingFromEntries_with_map" classname="org.assertj.core.api.SoftAssertionsTest$ExtractingFromEntries" time="0.002"/>
</testsuite>