<?xml version="1.0" encoding="UTF-8"?>
<testsuite xmlns:xsi="http://www.w3.org/2001/XMLSchema-instance" xsi:noNamespaceSchemaLocation="https://maven.apache.org/surefire/maven-surefire-plugin/xsd/surefire-test-report.xsd" name="org.assertj.core.api.atomic.long_.AtomicLongAssert_hasNonPositiveValue_Test" time="0" tests="2" errors="0" skipped="0" failures="0">
  <properties>
    <property name="awt.toolkit" value="sun.awt.X11.XToolkit"/>
    <property name="maven.test.error.ignore" value="true"/>
    <property name="file.encoding.pkg" value="sun.io"/>
    <property name="java.specification.version" value="1.8"/>
    <property name="sun.cpu.isalist" value=""/>
    <property name="sun.jnu.encoding" value="UTF-8"/>
    <property name="java.class.path" value="/tmp/tmpokhgvdkh/assertj-core/target/test-classes:/tmp/tmpokhgvdkh/assertj-core/target/classes:/home/jdbl/.m2/repository/junit/junit/4.13/junit-4.13.jar:/home/jdbl/.m2/repository/org/junit/jupiter/junit-jupiter-api/5.6.2/junit-jupiter-api-5.6.2.jar:/home/jdbl/.m2/repository/org/apiguardian/apiguardian-api/1.1.0/apiguardian-api-1.1.0.jar:/home/jdbl/.m2/repository/org/junit/platform/junit-platform-commons/1.6.2/junit-platform-commons-1.6.2.jar:/home/jdbl/.m2/repository/org/junit/jupiter/junit-jupiter/5.6.2/junit-jupiter-5.6.2.jar:/home/jdbl/.m2/repository/org/junit/jupiter/junit-jupiter-params/5.6.2/junit-jupiter-params-5.6.2.jar:/home/jdbl/.m2/repository/org/junit/jupiter/junit-jupiter-engine/5.6.2/junit-jupiter-engine-5.6.2.jar:/home/jdbl/.m2/repository/org/junit/vintage/junit-vintage-engine/5.6.2/junit-vintage-engine-5.6.2.jar:/home/jdbl/.m2/repository/org/junit/platform/junit-platform-engine/1.6.2/junit-platform-engine-1.6.2.jar:/home/jdbl/.m2/repository/org/junit/platform/junit-platform-testkit/1.6.2/junit-platform-testkit-1.6.2.jar:/home/jdbl/.m2/repository/org/junit/platform/junit-platform-launcher/1.6.2/junit-platform-launcher-1.6.2.jar:/home/jdbl/.m2/repository/org/opentest4j/opentest4j/1.2.0/opentest4j-1.2.0.jar:/home/jdbl/.m2/repository/org/hamcrest/hamcrest/2.2/hamcrest-2.2.jar:/home/jdbl/.m2/repository/net/bytebuddy/byte-buddy/1.10.10/byte-buddy-1.10.10.jar:/home/jdbl/.m2/repository/org/mockito/mockito-core/3.3.3/mockito-core-3.3.3.jar:/home/jdbl/.m2/repository/net/bytebuddy/byte-buddy-agent/1.10.10/byte-buddy-agent-1.10.10.jar:/home/jdbl/.m2/repository/org/objenesis/objenesis/2.6/objenesis-2.6.jar:/home/jdbl/.m2/repository/org/mockito/mockito-junit-jupiter/3.3.3/mockito-junit-jupiter-3.3.3.jar:/home/jdbl/.m2/repository/com/github/marschall/memoryfilesystem/2.1.0/memoryfilesystem-2.1.0.jar:/home/jdbl/.m2/repository/com/google/guava/guava/29.0-jre/guava-29.0-jre.jar:/home/jdbl/.m2/repository/com/google/guava/failureaccess/1.0.1/failureaccess-1.0.1.jar:/home/jdbl/.m2/repository/com/google/guava/listenablefuture/9999.0-empty-to-avoid-conflict-with-guava/listenablefuture-9999.0-empty-to-avoid-conflict-with-guava.jar:/home/jdbl/.m2/repository/com/google/code/findbugs/jsr305/3.0.2/jsr305-3.0.2.jar:/home/jdbl/.m2/repository/org/checkerframework/checker-qual/2.11.1/checker-qual-2.11.1.jar:/home/jdbl/.m2/repository/com/google/errorprone/error_prone_annotations/2.3.4/error_prone_annotations-2.3.4.jar:/home/jdbl/.m2/repository/com/google/j2objc/j2objc-annotations/1.3/j2objc-annotations-1.3.jar:/home/jdbl/.m2/repository/org/apache/commons/commons-lang3/3.10/commons-lang3-3.10.jar:/home/jdbl/.m2/repository/commons-io/commons-io/2.6/commons-io-2.6.jar:/home/jdbl/.m2/repository/nl/jqno/equalsverifier/equalsverifier/3.1.13/equalsverifier-3.1.13.jar:"/>
    <property name="java.vm.vendor" value="Oracle Corporation"/>
    <property name="maven.javadoc.skip" value="true"/>
    <property name="sun.arch.data.model" value="64"/>
    <property name="java.vendor.url" value="http://java.oracle.com/"/>
    <property name="user.timezone" value=""/>
    <property name="java.vm.specification.version" value="1.8"/>
    <property name="os.name" value="Linux"/>
    <property name="rat.skip" value="true"/>
    <property name="sun.java.launcher" value="SUN_STANDARD"/>
    <property name="sun.boot.library.path" value="/usr/local/openjdk-8/jre/lib/amd64"/>
    <property name="sun.java.command" value="/tmp/tmpokhgvdkh/assertj-core/target/surefire/surefirebooter8288802260020152073.jar /tmp/tmpokhgvdkh/assertj-core/target/surefire 2020-07-30T16-04-22_986-jvmRun1 surefire7451841785373677729tmp surefire_03365579369198859171tmp"/>
    <property name="surefire.test.class.path" value="/tmp/tmpokhgvdkh/assertj-core/target/test-classes:/tmp/tmpokhgvdkh/assertj-core/target/classes:/home/jdbl/.m2/repository/junit/junit/4.13/junit-4.13.jar:/home/jdbl/.m2/repository/org/junit/jupiter/junit-jupiter-api/5.6.2/junit-jupiter-api-5.6.2.jar:/home/jdbl/.m2/repository/org/apiguardian/apiguardian-api/1.1.0/apiguardian-api-1.1.0.jar:/home/jdbl/.m2/repository/org/junit/platform/junit-platform-commons/1.6.2/junit-platform-commons-1.6.2.jar:/home/jdbl/.m2/repository/org/junit/jupiter/junit-jupiter/5.6.2/junit-jupiter-5.6.2.jar:/home/jdbl/.m2/repository/org/junit/jupiter/junit-jupiter-params/5.6.2/junit-jupiter-params-5.6.2.jar:/home/jdbl/.m2/repository/org/junit/jupiter/junit-jupiter-engine/5.6.2/junit-jupiter-engine-5.6.2.jar:/home/jdbl/.m2/repository/org/junit/vintage/junit-vintage-engine/5.6.2/junit-vintage-engine-5.6.2.jar:/home/jdbl/.m2/repository/org/junit/platform/junit-platform-engine/1.6.2/junit-platform-engine-1.6.2.jar:/home/jdbl/.m2/repository/org/junit/platform/junit-platform-testkit/1.6.2/junit-platform-testkit-1.6.2.jar:/home/jdbl/.m2/repository/org/junit/platform/junit-platform-launcher/1.6.2/junit-platform-launcher-1.6.2.jar:/home/jdbl/.m2/repository/org/opentest4j/opentest4j/1.2.0/opentest4j-1.2.0.jar:/home/jdbl/.m2/repository/org/hamcrest/hamcrest/2.2/hamcrest-2.2.jar:/home/jdbl/.m2/repository/net/bytebuddy/byte-buddy/1.10.10/byte-buddy-1.10.10.jar:/home/jdbl/.m2/repository/org/mockito/mockito-core/3.3.3/mockito-core-3.3.3.jar:/home/jdbl/.m2/repository/net/bytebuddy/byte-buddy-agent/1.10.10/byte-buddy-agent-1.10.10.jar:/home/jdbl/.m2/repository/org/objenesis/objenesis/2.6/objenesis-2.6.jar:/home/jdbl/.m2/repository/org/mockito/mockito-junit-jupiter/3.3.3/mockito-junit-jupiter-3.3.3.jar:/home/jdbl/.m2/repository/com/github/marschall/memoryfilesystem/2.1.0/memoryfilesystem-2.1.0.jar:/home/jdbl/.m2/repository/com/google/guava/guava/29.0-jre/guava-29.0-jre.jar:/home/jdbl/.m2/repository/com/google/guava/failureaccess/1.0.1/failureaccess-1.0.1.jar:/home/jdbl/.m2/repository/com/google/guava/listenablefuture/9999.0-empty-to-avoid-conflict-with-guava/listenablefuture-9999.0-empty-to-avoid-conflict-with-guava.jar:/home/jdbl/.m2/repository/com/google/code/findbugs/jsr305/3.0.2/jsr305-3.0.2.jar:/home/jdbl/.m2/repository/org/checkerframework/checker-qual/2.11.1/checker-qual-2.11.1.jar:/home/jdbl/.m2/repository/com/google/errorprone/error_prone_annotations/2.3.4/error_prone_annotations-2.3.4.jar:/home/jdbl/.m2/repository/com/google/j2objc/j2objc-annotations/1.3/j2objc-annotations-1.3.jar:/home/jdbl/.m2/repository/org/apache/commons/commons-lang3/3.10/commons-lang3-3.10.jar:/home/jdbl/.m2/repository/commons-io/commons-io/2.6/commons-io-2.6.jar:/home/jdbl/.m2/repository/nl/jqno/equalsverifier/equalsverifier/3.1.13/equalsverifier-3.1.13.jar:"/>
    <property name="sun.cpu.endian" value="little"/>
    <property name="user.home" value="/home/jdbl"/>
    <property name="user.language" value="en"/>
    <property name="java.specification.vendor" value="Oracle Corporation"/>
    <property name="java.home" value="/usr/local/openjdk-8/jre"/>
    <property name="basedir" value="/tmp/tmpokhgvdkh/assertj-core"/>
    <property name="file.separator" value="/"/>
    <property name="line.separator" value="&#10;"/>
    <property name="source.skip" value="true"/>
    <property name="java.vm.specification.vendor" value="Oracle Corporation"/>
    <property name="java.specification.name" value="Java Platform API Specification"/>
    <property name="java.awt.graphicsenv" value="sun.awt.X11GraphicsEnvironment"/>
    <property name="surefire.real.class.path" value="/tmp/tmpokhgvdkh/assertj-core/target/surefire/surefirebooter8288802260020152073.jar:/home/jdbl/.m2/repository/org/jacoco/org.jacoco.agent/0.8.5/org.jacoco.agent-0.8.5-runtime.jar"/>
    <property name="sun.boot.class.path" value="/usr/local/openjdk-8/jre/lib/resources.jar:/usr/local/openjdk-8/jre/lib/rt.jar:/usr/local/openjdk-8/jre/lib/sunrsasign.jar:/usr/local/openjdk-8/jre/lib/jsse.jar:/usr/local/openjdk-8/jre/lib/jce.jar:/usr/local/openjdk-8/jre/lib/charsets.jar:/usr/local/openjdk-8/jre/lib/jfr.jar:/usr/local/openjdk-8/jre/classes"/>
    <property name="sun.management.compiler" value="HotSpot 64-Bit Tiered Compilers"/>
    <property name="java.runtime.version" value="1.8.0_262-b10"/>
    <property name="user.name" value="jdbl"/>
    <property name="path.separator" value=":"/>
    <property name="os.version" value="4.15.0-109-generic"/>
    <property name="java.endorsed.dirs" value="/usr/local/openjdk-8/jre/lib/endorsed"/>
    <property name="java.runtime.name" value="OpenJDK Runtime Environment"/>
    <property name="file.encoding" value="UTF-8"/>
    <property name="java.vm.name" value="OpenJDK 64-Bit Server VM"/>
    <property name="localRepository" value="/home/jdbl/.m2/repository"/>
    <property name="java.vendor.url.bug" value="http://bugreport.sun.com/bugreport/"/>
    <property name="java.io.tmpdir" value="/tmp"/>
    <property name="java.version" value="1.8.0_262"/>
    <property name="user.dir" value="/tmp/tmpokhgvdkh/assertj-core"/>
    <property name="os.arch" value="amd64"/>
    <property name="license.skip" value="true"/>
    <property name="animal.sniffer.skip" value="true"/>
    <property name="java.vm.specification.name" value="Java Virtual Machine Specification"/>
    <property name="java.awt.printerjob" value="sun.print.PSPrinterJob"/>
    <property name="sun.os.patch.level" value="unknown"/>
    <property name="java.library.path" value="/usr/java/packages/lib/amd64:/usr/lib64:/lib64:/lib:/usr/lib"/>
    <property name="java.vm.info" value="mixed mode"/>
    <property name="java.vendor" value="Oracle Corporation"/>
    <property name="java.vm.version" value="25.262-b10"/>
    <property name="java.ext.dirs" value="/usr/local/openjdk-8/jre/lib/ext:/usr/java/packages/lib/ext"/>
    <property name="sun.io.unicode.encoding" value="UnicodeLittle"/>
    <property name="java.class.version" value="52.0"/>
    <property name="maven.test.failure.ignore" value="true"/>
  </properties>
  <testcase name="should_return_this" classname="org.assertj.core.api.atomic.long_.AtomicLongAssert_hasNonPositiveValue_Test" time="0"/>
  <testcase name="should_have_internal_effects" classname="org.assertj.core.api.atomic.long_.AtomicLongAssert_hasNonPositiveValue_Test" time="0"/>
</testsuite>