<?xml version="1.0" encoding="UTF-8"?>
<testsuite xmlns:xsi="http://www.w3.org/2001/XMLSchema-instance" xsi:noNamespaceSchemaLocation="https://maven.apache.org/surefire/maven-surefire-plugin/xsd/surefire-test-report.xsd" name="org.apache.commons.collections4.map.Flat3MapTest" time="0.028" tests="196" errors="0" skipped="0" failures="0">
  <properties>
    <property name="awt.toolkit" value="sun.awt.X11.XToolkit"/>
    <property name="maven.test.error.ignore" value="true"/>
    <property name="file.encoding.pkg" value="sun.io"/>
    <property name="java.specification.version" value="1.8"/>
    <property name="sun.cpu.isalist" value=""/>
    <property name="sun.jnu.encoding" value="UTF-8"/>
    <property name="java.class.path" value="/tmp/tmpwsfn1i1l/commons-collections/target/test-classes:/tmp/tmpwsfn1i1l/commons-collections/target/classes:/home/jdbl/.m2/repository/junit/junit/4.12/junit-4.12.jar:/home/jdbl/.m2/repository/org/hamcrest/hamcrest-core/1.3/hamcrest-core-1.3.jar:/home/jdbl/.m2/repository/org/easymock/easymock/4.0.2/easymock-4.0.2.jar:/home/jdbl/.m2/repository/org/objenesis/objenesis/3.0.1/objenesis-3.0.1.jar:/home/jdbl/.m2/repository/org/apache/commons/commons-lang3/3.8.1/commons-lang3-3.8.1.jar:"/>
    <property name="java.vm.vendor" value="Oracle Corporation"/>
    <property name="maven.javadoc.skip" value="true"/>
    <property name="sun.arch.data.model" value="64"/>
    <property name="java.vendor.url" value="http://java.oracle.com/"/>
    <property name="user.timezone" value=""/>
    <property name="java.vm.specification.version" value="1.8"/>
    <property name="os.name" value="Linux"/>
    <property name="rat.skip" value="true"/>
    <property name="sun.java.launcher" value="SUN_STANDARD"/>
    <property name="sun.boot.library.path" value="/usr/local/openjdk-8/jre/lib/amd64"/>
    <property name="sun.java.command" value="/tmp/tmpwsfn1i1l/commons-collections/target/surefire/surefirebooter3325449857119071619.jar /tmp/tmpwsfn1i1l/commons-collections/target/surefire 2020-07-30T17-38-24_040-jvmRun1 surefire1311229641416680014tmp surefire_03151411421495859605tmp"/>
    <property name="surefire.test.class.path" value="/tmp/tmpwsfn1i1l/commons-collections/target/test-classes:/tmp/tmpwsfn1i1l/commons-collections/target/classes:/home/jdbl/.m2/repository/junit/junit/4.12/junit-4.12.jar:/home/jdbl/.m2/repository/org/hamcrest/hamcrest-core/1.3/hamcrest-core-1.3.jar:/home/jdbl/.m2/repository/org/easymock/easymock/4.0.2/easymock-4.0.2.jar:/home/jdbl/.m2/repository/org/objenesis/objenesis/3.0.1/objenesis-3.0.1.jar:/home/jdbl/.m2/repository/org/apache/commons/commons-lang3/3.8.1/commons-lang3-3.8.1.jar:"/>
    <property name="sun.cpu.endian" value="little"/>
    <property name="user.home" value="/home/jdbl"/>
    <property name="user.language" value="en"/>
    <property name="java.specification.vendor" value="Oracle Corporation"/>
    <property name="java.home" value="/usr/local/openjdk-8/jre"/>
    <property name="basedir" value="/tmp/tmpwsfn1i1l/commons-collections"/>
    <property name="file.separator" value="/"/>
    <property name="line.separator" value="&#10;"/>
    <property name="source.skip" value="true"/>
    <property name="java.vm.specification.vendor" value="Oracle Corporation"/>
    <property name="java.specification.name" value="Java Platform API Specification"/>
    <property name="java.awt.graphicsenv" value="sun.awt.X11GraphicsEnvironment"/>
    <property name="surefire.real.class.path" value="/tmp/tmpwsfn1i1l/commons-collections/target/surefire/surefirebooter3325449857119071619.jar:/home/jdbl/.m2/repository/org/jacoco/org.jacoco.agent/0.8.1/org.jacoco.agent-0.8.1-runtime.jar"/>
    <property name="sun.boot.class.path" value="/usr/local/openjdk-8/jre/lib/resources.jar:/usr/local/openjdk-8/jre/lib/rt.jar:/usr/local/openjdk-8/jre/lib/sunrsasign.jar:/usr/local/openjdk-8/jre/lib/jsse.jar:/usr/local/openjdk-8/jre/lib/jce.jar:/usr/local/openjdk-8/jre/lib/charsets.jar:/usr/local/openjdk-8/jre/lib/jfr.jar:/usr/local/openjdk-8/jre/classes"/>
    <property name="sun.management.compiler" value="HotSpot 64-Bit Tiered Compilers"/>
    <property name="java.runtime.version" value="1.8.0_262-b10"/>
    <property name="user.name" value="jdbl"/>
    <property name="path.separator" value=":"/>
    <property name="os.version" value="4.15.0-109-generic"/>
    <property name="java.endorsed.dirs" value="/usr/local/openjdk-8/jre/lib/endorsed"/>
    <property name="java.runtime.name" value="OpenJDK Runtime Environment"/>
    <property name="file.encoding" value="UTF-8"/>
    <property name="java.vm.name" value="OpenJDK 64-Bit Server VM"/>
    <property name="localRepository" value="/home/jdbl/.m2/repository"/>
    <property name="java.vendor.url.bug" value="http://bugreport.sun.com/bugreport/"/>
    <property name="java.io.tmpdir" value="/tmp"/>
    <property name="java.version" value="1.8.0_262"/>
    <property name="user.dir" value="/tmp/tmpwsfn1i1l/commons-collections"/>
    <property name="os.arch" value="amd64"/>
    <property name="license.skip" value="true"/>
    <property name="animal.sniffer.skip" value="true"/>
    <property name="java.vm.specification.name" value="Java Virtual Machine Specification"/>
    <property name="java.awt.printerjob" value="sun.print.PSPrinterJob"/>
    <property name="sun.os.patch.level" value="unknown"/>
    <property name="java.library.path" value="/usr/java/packages/lib/amd64:/usr/lib64:/lib64:/lib:/usr/lib"/>
    <property name="java.vm.info" value="mixed mode"/>
    <property name="java.vendor" value="Oracle Corporation"/>
    <property name="java.vm.version" value="25.262-b10"/>
    <property name="java.ext.dirs" value="/usr/local/openjdk-8/jre/lib/ext:/usr/java/packages/lib/ext"/>
    <property name="sun.io.unicode.encoding" value="UnicodeLittle"/>
    <property name="java.class.version" value="52.0"/>
    <property name="maven.test.failure.ignore" value="true"/>
  </properties>
  <testcase name="testRemove" classname="org.apache.commons.collections4.map.Flat3MapTest$TestFlatMapIterator" time="0"/>
  <testcase name="testEmptyMapIterator" classname="org.apache.commons.collections4.map.Flat3MapTest$TestFlatMapIterator" time="0.001"/>
  <testcase name="testFullMapIterator" classname="org.apache.commons.collections4.map.Flat3MapTest$TestFlatMapIterator" time="0.001"/>
  <testcase name="testMapIteratorSet" classname="org.apache.commons.collections4.map.Flat3MapTest$TestFlatMapIterator" time="0.001"/>
  <testcase name="testMapIteratorSetRemoveSet" classname="org.apache.commons.collections4.map.Flat3MapTest$TestFlatMapIterator" time="0"/>
  <testcase name="testMapIteratorRemoveGetKey" classname="org.apache.commons.collections4.map.Flat3MapTest$TestFlatMapIterator" time="0"/>
  <testcase name="testMapIteratorRemoveGetValue" classname="org.apache.commons.collections4.map.Flat3MapTest$TestFlatMapIterator" time="0"/>
  <testcase name="testEmptyIterator" classname="org.apache.commons.collections4.map.Flat3MapTest$TestFlatMapIterator" time="0"/>
  <testcase name="testFullIterator" classname="org.apache.commons.collections4.map.Flat3MapTest$TestFlatMapIterator" time="0.001"/>
  <testcase name="testSerializeDeserializeThenCompare" classname="org.apache.commons.collections4.map.Flat3MapTest$TestFlatMapIterator" time="0"/>
  <testcase name="testEqualsNull" classname="org.apache.commons.collections4.map.Flat3MapTest$TestFlatMapIterator" time="0"/>
  <testcase name="testObjectEqualsSelf" classname="org.apache.commons.collections4.map.Flat3MapTest$TestFlatMapIterator" time="0"/>
  <testcase name="testObjectHashCodeEqualsSelfHashCode" classname="org.apache.commons.collections4.map.Flat3MapTest$TestFlatMapIterator" time="0"/>
  <testcase name="testObjectHashCodeEqualsContract" classname="org.apache.commons.collections4.map.Flat3MapTest$TestFlatMapIterator" time="0"/>
  <testcase name="testSimpleSerialization" classname="org.apache.commons.collections4.map.Flat3MapTest$TestFlatMapIterator" time="0"/>
  <testcase name="testCanonicalEmptyCollectionExists" classname="org.apache.commons.collections4.map.Flat3MapTest$TestFlatMapIterator" time="0"/>
  <testcase name="testCanonicalFullCollectionExists" classname="org.apache.commons.collections4.map.Flat3MapTest$TestFlatMapIterator" time="0"/>
  <testcase name="testEquals2" classname="org.apache.commons.collections4.map.Flat3MapTest" time="0"/>
  <testcase name="testClone2" classname="org.apache.commons.collections4.map.Flat3MapTest" time="0"/>
  <testcase name="testEquals1" classname="org.apache.commons.collections4.map.Flat3MapTest" time="0"/>
  <testcase name="testClone4" classname="org.apache.commons.collections4.map.Flat3MapTest" time="0"/>
  <testcase name="testSerialisation0" classname="org.apache.commons.collections4.map.Flat3MapTest" time="0"/>
  <testcase name="testSerialisation2" classname="org.apache.commons.collections4.map.Flat3MapTest" time="0.001"/>
  <testcase name="testSerialisation4" classname="org.apache.commons.collections4.map.Flat3MapTest" time="0"/>
  <testcase name="testEntryIteratorSetValue1" classname="org.apache.commons.collections4.map.Flat3MapTest" time="0.001"/>
  <testcase name="testEntryIteratorSetValue2" classname="org.apache.commons.collections4.map.Flat3MapTest" time="0"/>
  <testcase name="testEntryIteratorSetValue3" classname="org.apache.commons.collections4.map.Flat3MapTest" time="0"/>
  <testcase name="testMapIteratorSetValue1" classname="org.apache.commons.collections4.map.Flat3MapTest" time="0"/>
  <testcase name="testMapIteratorSetValue2" classname="org.apache.commons.collections4.map.Flat3MapTest" time="0"/>
  <testcase name="testMapIteratorSetValue3" classname="org.apache.commons.collections4.map.Flat3MapTest" time="0"/>
  <testcase name="testCollections261" classname="org.apache.commons.collections4.map.Flat3MapTest" time="0"/>
  <testcase name="testToString" classname="org.apache.commons.collections4.map.Flat3MapTest" time="0"/>
  <testcase name="testRemove1" classname="org.apache.commons.collections4.map.Flat3MapTest" time="0"/>
  <testcase name="testRemove2" classname="org.apache.commons.collections4.map.Flat3MapTest" time="0"/>
  <testcase name="testRemove3" classname="org.apache.commons.collections4.map.Flat3MapTest" time="0"/>
  <testcase name="testRemove4" classname="org.apache.commons.collections4.map.Flat3MapTest" time="0"/>
  <testcase name="testRemove5" classname="org.apache.commons.collections4.map.Flat3MapTest" time="0"/>
  <testcase name="testRemove6" classname="org.apache.commons.collections4.map.Flat3MapTest" time="0"/>
  <testcase name="testRemove7" classname="org.apache.commons.collections4.map.Flat3MapTest" time="0"/>
  <testcase name="testRemove8" classname="org.apache.commons.collections4.map.Flat3MapTest" time="0"/>
  <testcase name="testRemove9" classname="org.apache.commons.collections4.map.Flat3MapTest" time="0"/>
  <testcase name="testRemove10" classname="org.apache.commons.collections4.map.Flat3MapTest" time="0"/>
  <testcase name="testRemove11" classname="org.apache.commons.collections4.map.Flat3MapTest" time="0"/>
  <testcase name="testRemove12" classname="org.apache.commons.collections4.map.Flat3MapTest" time="0"/>
  <testcase name="testRemove13" classname="org.apache.commons.collections4.map.Flat3MapTest" time="0"/>
  <testcase name="testNewInstance1" classname="org.apache.commons.collections4.map.Flat3MapTest" time="0"/>
  <testcase name="testGet1" classname="org.apache.commons.collections4.map.Flat3MapTest" time="0"/>
  <testcase name="testGet2" classname="org.apache.commons.collections4.map.Flat3MapTest" time="0"/>
  <testcase name="testGet3" classname="org.apache.commons.collections4.map.Flat3MapTest" time="0"/>
  <testcase name="testContainsKey1" classname="org.apache.commons.collections4.map.Flat3MapTest" time="0"/>
  <testcase name="testContainsKey2" classname="org.apache.commons.collections4.map.Flat3MapTest" time="0"/>
  <testcase name="testContainsKey3" classname="org.apache.commons.collections4.map.Flat3MapTest" time="0"/>
  <testcase name="testContainsValue1" classname="org.apache.commons.collections4.map.Flat3MapTest" time="0"/>
  <testcase name="testContainsValue2" classname="org.apache.commons.collections4.map.Flat3MapTest" time="0"/>
  <testcase name="testContainsValue3" classname="org.apache.commons.collections4.map.Flat3MapTest" time="0"/>
  <testcase name="testPut1" classname="org.apache.commons.collections4.map.Flat3MapTest" time="0"/>
  <testcase name="testPut2" classname="org.apache.commons.collections4.map.Flat3MapTest" time="0"/>
  <testcase name="testPut3" classname="org.apache.commons.collections4.map.Flat3MapTest" time="0"/>
  <testcase name="testPut4" classname="org.apache.commons.collections4.map.Flat3MapTest" time="0.001"/>
  <testcase name="testPut5" classname="org.apache.commons.collections4.map.Flat3MapTest" time="0"/>
  <testcase name="testPut6" classname="org.apache.commons.collections4.map.Flat3MapTest" time="0"/>
  <testcase name="testFailFastEntrySet" classname="org.apache.commons.collections4.map.Flat3MapTest" time="0"/>
  <testcase name="testFailFastKeySet" classname="org.apache.commons.collections4.map.Flat3MapTest" time="0"/>
  <testcase name="testFailFastValues" classname="org.apache.commons.collections4.map.Flat3MapTest" time="0"/>
  <testcase name="testMapPut" classname="org.apache.commons.collections4.map.Flat3MapTest" time="0.003"/>
  <testcase name="testMapPutNullKey" classname="org.apache.commons.collections4.map.Flat3MapTest" time="0"/>
  <testcase name="testMapPutNullValue" classname="org.apache.commons.collections4.map.Flat3MapTest" time="0"/>
  <testcase name="testMapPutAll" classname="org.apache.commons.collections4.map.Flat3MapTest" time="0.001"/>
  <testcase name="testMapRemove" classname="org.apache.commons.collections4.map.Flat3MapTest" time="0"/>
  <testcase name="testValuesClearChangesMap" classname="org.apache.commons.collections4.map.Flat3MapTest" time="0"/>
  <testcase name="testKeySetClearChangesMap" classname="org.apache.commons.collections4.map.Flat3MapTest" time="0"/>
  <testcase name="testEntrySetClearChangesMap" classname="org.apache.commons.collections4.map.Flat3MapTest" time="0"/>
  <testcase name="testEntrySetContains1" classname="org.apache.commons.collections4.map.Flat3MapTest" time="0"/>
  <testcase name="testEntrySetContains2" classname="org.apache.commons.collections4.map.Flat3MapTest" time="0"/>
  <testcase name="testEntrySetContains3" classname="org.apache.commons.collections4.map.Flat3MapTest" time="0"/>
  <testcase name="testEntrySetRemove1" classname="org.apache.commons.collections4.map.Flat3MapTest" time="0"/>
  <testcase name="testEntrySetRemove2" classname="org.apache.commons.collections4.map.Flat3MapTest" time="0"/>
  <testcase name="testEntrySetRemove3" classname="org.apache.commons.collections4.map.Flat3MapTest" time="0"/>
  <testcase name="testValuesRemoveChangesMap" classname="org.apache.commons.collections4.map.Flat3MapTest" time="0"/>
  <testcase name="testValuesRemoveAll" classname="org.apache.commons.collections4.map.Flat3MapTest" time="0"/>
  <testcase name="testValuesRetainAll" classname="org.apache.commons.collections4.map.Flat3MapTest" time="0"/>
  <testcase name="testValuesIteratorRemoveChangesMap" classname="org.apache.commons.collections4.map.Flat3MapTest" time="0"/>
  <testcase name="testKeySetRemoveChangesMap" classname="org.apache.commons.collections4.map.Flat3MapTest" time="0"/>
  <testcase name="testKeySetRemoveAll" classname="org.apache.commons.collections4.map.Flat3MapTest" time="0"/>
  <testcase name="testKeySetRetainAll" classname="org.apache.commons.collections4.map.Flat3MapTest" time="0"/>
  <testcase name="testKeySetIteratorRemoveChangesMap" classname="org.apache.commons.collections4.map.Flat3MapTest" time="0"/>
  <testcase name="testEntrySetRemoveChangesMap" classname="org.apache.commons.collections4.map.Flat3MapTest" time="0"/>
  <testcase name="testEntrySetRemoveAll" classname="org.apache.commons.collections4.map.Flat3MapTest" time="0"/>
  <testcase name="testEntrySetRetainAll" classname="org.apache.commons.collections4.map.Flat3MapTest" time="0"/>
  <testcase name="testEntrySetIteratorRemoveChangesMap" classname="org.apache.commons.collections4.map.Flat3MapTest" time="0"/>
  <testcase name="testMapEntrySetIteratorEntry" classname="org.apache.commons.collections4.map.AbstractMapTest$TestMapEntrySet" time="0"/>
  <testcase name="testMapEntrySetIteratorEntrySetValue" classname="org.apache.commons.collections4.map.AbstractMapTest$TestMapEntrySet" time="0.001"/>
  <testcase name="testMapEntrySetRemoveNonMapEntry" classname="org.apache.commons.collections4.map.AbstractMapTest$TestMapEntrySet" time="0"/>
  <testcase name="testSetEquals" classname="org.apache.commons.collections4.map.AbstractMapTest$TestMapEntrySet" time="0"/>
  <testcase name="testSetHashCode" classname="org.apache.commons.collections4.map.AbstractMapTest$TestMapEntrySet" time="0"/>
  <testcase name="testCollectionAdd" classname="org.apache.commons.collections4.map.AbstractMapTest$TestMapEntrySet" time="0"/>
  <testcase name="testCollectionAddAll" classname="org.apache.commons.collections4.map.AbstractMapTest$TestMapEntrySet" time="0"/>
  <testcase name="testUnsupportedAdd" classname="org.apache.commons.collections4.map.AbstractMapTest$TestMapEntrySet" time="0"/>
  <testcase name="testCollectionClear" classname="org.apache.commons.collections4.map.AbstractMapTest$TestMapEntrySet" time="0"/>
  <testcase name="testCollectionContains" classname="org.apache.commons.collections4.map.AbstractMapTest$TestMapEntrySet" time="0"/>
  <testcase name="testCollectionContainsAll" classname="org.apache.commons.collections4.map.AbstractMapTest$TestMapEntrySet" time="0.001"/>
  <testcase name="testCollectionIsEmpty" classname="org.apache.commons.collections4.map.AbstractMapTest$TestMapEntrySet" time="0"/>
  <testcase name="testCollectionIterator" classname="org.apache.commons.collections4.map.AbstractMapTest$TestMapEntrySet" time="0"/>
  <testcase name="testCollectionIteratorRemove" classname="org.apache.commons.collections4.map.AbstractMapTest$TestMapEntrySet" time="0.001"/>
  <testcase name="testCollectionRemove" classname="org.apache.commons.collections4.map.AbstractMapTest$TestMapEntrySet" time="0.002"/>
  <testcase name="testCollectionRemoveAll" classname="org.apache.commons.collections4.map.AbstractMapTest$TestMapEntrySet" time="0"/>
  <testcase name="testCollectionRetainAll" classname="org.apache.commons.collections4.map.AbstractMapTest$TestMapEntrySet" time="0.001"/>
  <testcase name="testCollectionSize" classname="org.apache.commons.collections4.map.AbstractMapTest$TestMapEntrySet" time="0"/>
  <testcase name="testCollectionToArray" classname="org.apache.commons.collections4.map.AbstractMapTest$TestMapEntrySet" time="0"/>
  <testcase name="testCollectionToArray2" classname="org.apache.commons.collections4.map.AbstractMapTest$TestMapEntrySet" time="0"/>
  <testcase name="testCollectionToString" classname="org.apache.commons.collections4.map.AbstractMapTest$TestMapEntrySet" time="0"/>
  <testcase name="testUnsupportedRemove" classname="org.apache.commons.collections4.map.AbstractMapTest$TestMapEntrySet" time="0"/>
  <testcase name="testCollectionIteratorFailFast" classname="org.apache.commons.collections4.map.AbstractMapTest$TestMapEntrySet" time="0"/>
  <testcase name="testSerializeDeserializeThenCompare" classname="org.apache.commons.collections4.map.AbstractMapTest$TestMapEntrySet" time="0"/>
  <testcase name="testEqualsNull" classname="org.apache.commons.collections4.map.AbstractMapTest$TestMapEntrySet" time="0"/>
  <testcase name="testObjectEqualsSelf" classname="org.apache.commons.collections4.map.AbstractMapTest$TestMapEntrySet" time="0"/>
  <testcase name="testObjectHashCodeEqualsSelfHashCode" classname="org.apache.commons.collections4.map.AbstractMapTest$TestMapEntrySet" time="0"/>
  <testcase name="testObjectHashCodeEqualsContract" classname="org.apache.commons.collections4.map.AbstractMapTest$TestMapEntrySet" time="0"/>
  <testcase name="testSimpleSerialization" classname="org.apache.commons.collections4.map.AbstractMapTest$TestMapEntrySet" time="0"/>
  <testcase name="testCanonicalEmptyCollectionExists" classname="org.apache.commons.collections4.map.AbstractMapTest$TestMapEntrySet" time="0"/>
  <testcase name="testCanonicalFullCollectionExists" classname="org.apache.commons.collections4.map.AbstractMapTest$TestMapEntrySet" time="0"/>
  <testcase name="testSetEquals" classname="org.apache.commons.collections4.map.AbstractMapTest$TestMapKeySet" time="0"/>
  <testcase name="testSetHashCode" classname="org.apache.commons.collections4.map.AbstractMapTest$TestMapKeySet" time="0.001"/>
  <testcase name="testCollectionAdd" classname="org.apache.commons.collections4.map.AbstractMapTest$TestMapKeySet" time="0"/>
  <testcase name="testCollectionAddAll" classname="org.apache.commons.collections4.map.AbstractMapTest$TestMapKeySet" time="0"/>
  <testcase name="testUnsupportedAdd" classname="org.apache.commons.collections4.map.AbstractMapTest$TestMapKeySet" time="0"/>
  <testcase name="testCollectionClear" classname="org.apache.commons.collections4.map.AbstractMapTest$TestMapKeySet" time="0"/>
  <testcase name="testCollectionContains" classname="org.apache.commons.collections4.map.AbstractMapTest$TestMapKeySet" time="0"/>
  <testcase name="testCollectionContainsAll" classname="org.apache.commons.collections4.map.AbstractMapTest$TestMapKeySet" time="0"/>
  <testcase name="testCollectionIsEmpty" classname="org.apache.commons.collections4.map.AbstractMapTest$TestMapKeySet" time="0"/>
  <testcase name="testCollectionIterator" classname="org.apache.commons.collections4.map.AbstractMapTest$TestMapKeySet" time="0"/>
  <testcase name="testCollectionIteratorRemove" classname="org.apache.commons.collections4.map.AbstractMapTest$TestMapKeySet" time="0.001"/>
  <testcase name="testCollectionRemove" classname="org.apache.commons.collections4.map.AbstractMapTest$TestMapKeySet" time="0.002"/>
  <testcase name="testCollectionRemoveAll" classname="org.apache.commons.collections4.map.AbstractMapTest$TestMapKeySet" time="0"/>
  <testcase name="testCollectionRetainAll" classname="org.apache.commons.collections4.map.AbstractMapTest$TestMapKeySet" time="0"/>
  <testcase name="testCollectionSize" classname="org.apache.commons.collections4.map.AbstractMapTest$TestMapKeySet" time="0"/>
  <testcase name="testCollectionToArray" classname="org.apache.commons.collections4.map.AbstractMapTest$TestMapKeySet" time="0"/>
  <testcase name="testCollectionToArray2" classname="org.apache.commons.collections4.map.AbstractMapTest$TestMapKeySet" time="0"/>
  <testcase name="testCollectionToString" classname="org.apache.commons.collections4.map.AbstractMapTest$TestMapKeySet" time="0"/>
  <testcase name="testUnsupportedRemove" classname="org.apache.commons.collections4.map.AbstractMapTest$TestMapKeySet" time="0"/>
  <testcase name="testCollectionIteratorFailFast" classname="org.apache.commons.collections4.map.AbstractMapTest$TestMapKeySet" time="0"/>
  <testcase name="testSerializeDeserializeThenCompare" classname="org.apache.commons.collections4.map.AbstractMapTest$TestMapKeySet" time="0"/>
  <testcase name="testEqualsNull" classname="org.apache.commons.collections4.map.AbstractMapTest$TestMapKeySet" time="0"/>
  <testcase name="testObjectEqualsSelf" classname="org.apache.commons.collections4.map.AbstractMapTest$TestMapKeySet" time="0"/>
  <testcase name="testObjectHashCodeEqualsSelfHashCode" classname="org.apache.commons.collections4.map.AbstractMapTest$TestMapKeySet" time="0"/>
  <testcase name="testObjectHashCodeEqualsContract" classname="org.apache.commons.collections4.map.AbstractMapTest$TestMapKeySet" time="0.001"/>
  <testcase name="testSimpleSerialization" classname="org.apache.commons.collections4.map.AbstractMapTest$TestMapKeySet" time="0"/>
  <testcase name="testCanonicalEmptyCollectionExists" classname="org.apache.commons.collections4.map.AbstractMapTest$TestMapKeySet" time="0"/>
  <testcase name="testCanonicalFullCollectionExists" classname="org.apache.commons.collections4.map.AbstractMapTest$TestMapKeySet" time="0"/>
  <testcase name="testCollectionAdd" classname="org.apache.commons.collections4.map.AbstractMapTest$TestMapValues" time="0"/>
  <testcase name="testCollectionAddAll" classname="org.apache.commons.collections4.map.AbstractMapTest$TestMapValues" time="0"/>
  <testcase name="testUnsupportedAdd" classname="org.apache.commons.collections4.map.AbstractMapTest$TestMapValues" time="0"/>
  <testcase name="testCollectionClear" classname="org.apache.commons.collections4.map.AbstractMapTest$TestMapValues" time="0"/>
  <testcase name="testCollectionContains" classname="org.apache.commons.collections4.map.AbstractMapTest$TestMapValues" time="0"/>
  <testcase name="testCollectionContainsAll" classname="org.apache.commons.collections4.map.AbstractMapTest$TestMapValues" time="0"/>
  <testcase name="testCollectionIsEmpty" classname="org.apache.commons.collections4.map.AbstractMapTest$TestMapValues" time="0"/>
  <testcase name="testCollectionIterator" classname="org.apache.commons.collections4.map.AbstractMapTest$TestMapValues" time="0"/>
  <testcase name="testCollectionIteratorRemove" classname="org.apache.commons.collections4.map.AbstractMapTest$TestMapValues" time="0"/>
  <testcase name="testCollectionRemove" classname="org.apache.commons.collections4.map.AbstractMapTest$TestMapValues" time="0.001"/>
  <testcase name="testCollectionRemoveAll" classname="org.apache.commons.collections4.map.AbstractMapTest$TestMapValues" time="0"/>
  <testcase name="testCollectionRetainAll" classname="org.apache.commons.collections4.map.AbstractMapTest$TestMapValues" time="0.001"/>
  <testcase name="testCollectionSize" classname="org.apache.commons.collections4.map.AbstractMapTest$TestMapValues" time="0"/>
  <testcase name="testCollectionToArray" classname="org.apache.commons.collections4.map.AbstractMapTest$TestMapValues" time="0"/>
  <testcase name="testCollectionToArray2" classname="org.apache.commons.collections4.map.AbstractMapTest$TestMapValues" time="0"/>
  <testcase name="testCollectionToString" classname="org.apache.commons.collections4.map.AbstractMapTest$TestMapValues" time="0"/>
  <testcase name="testUnsupportedRemove" classname="org.apache.commons.collections4.map.AbstractMapTest$TestMapValues" time="0"/>
  <testcase name="testCollectionIteratorFailFast" classname="org.apache.commons.collections4.map.AbstractMapTest$TestMapValues" time="0"/>
  <testcase name="testSerializeDeserializeThenCompare" classname="org.apache.commons.collections4.map.AbstractMapTest$TestMapValues" time="0"/>
  <testcase name="testEqualsNull" classname="org.apache.commons.collections4.map.AbstractMapTest$TestMapValues" time="0"/>
  <testcase name="testObjectEqualsSelf" classname="org.apache.commons.collections4.map.AbstractMapTest$TestMapValues" time="0"/>
  <testcase name="testObjectHashCodeEqualsSelfHashCode" classname="org.apache.commons.collections4.map.AbstractMapTest$TestMapValues" time="0"/>
  <testcase name="testObjectHashCodeEqualsContract" classname="org.apache.commons.collections4.map.AbstractMapTest$TestMapValues" time="0"/>
  <testcase name="testSimpleSerialization" classname="org.apache.commons.collections4.map.AbstractMapTest$TestMapValues" time="0"/>
  <testcase name="testCanonicalEmptyCollectionExists" classname="org.apache.commons.collections4.map.AbstractMapTest$TestMapValues" time="0"/>
  <testcase name="testCanonicalFullCollectionExists" classname="org.apache.commons.collections4.map.AbstractMapTest$TestMapValues" time="0"/>
  <testcase name="testSampleMappings" classname="org.apache.commons.collections4.map.Flat3MapTest" time="0"/>
  <testcase name="testMakeMap" classname="org.apache.commons.collections4.map.Flat3MapTest" time="0"/>
  <testcase name="testMapIsEmpty" classname="org.apache.commons.collections4.map.Flat3MapTest" time="0"/>
  <testcase name="testMapSize" classname="org.apache.commons.collections4.map.Flat3MapTest" time="0"/>
  <testcase name="testMapClear" classname="org.apache.commons.collections4.map.Flat3MapTest" time="0"/>
  <testcase name="testMapContainsKey" classname="org.apache.commons.collections4.map.Flat3MapTest" time="0"/>
  <testcase name="testMapContainsValue" classname="org.apache.commons.collections4.map.Flat3MapTest" time="0.001"/>
  <testcase name="testMapEquals" classname="org.apache.commons.collections4.map.Flat3MapTest" time="0"/>
  <testcase name="testMapGet" classname="org.apache.commons.collections4.map.Flat3MapTest" time="0"/>
  <testcase name="testMapHashCode" classname="org.apache.commons.collections4.map.Flat3MapTest" time="0"/>
  <testcase name="testMapToString" classname="org.apache.commons.collections4.map.Flat3MapTest" time="0"/>
  <testcase name="testEmptyMapCompatibility" classname="org.apache.commons.collections4.map.Flat3MapTest" time="0"/>
  <testcase name="testFullMapCompatibility" classname="org.apache.commons.collections4.map.Flat3MapTest" time="0"/>
  <testcase name="testSerializeDeserializeThenCompare" classname="org.apache.commons.collections4.map.Flat3MapTest" time="0"/>
  <testcase name="testEqualsNull" classname="org.apache.commons.collections4.map.Flat3MapTest" time="0"/>
  <testcase name="testObjectEqualsSelf" classname="org.apache.commons.collections4.map.Flat3MapTest" time="0"/>
  <testcase name="testObjectHashCodeEqualsSelfHashCode" classname="org.apache.commons.collections4.map.Flat3MapTest" time="0"/>
  <testcase name="testObjectHashCodeEqualsContract" classname="org.apache.commons.collections4.map.Flat3MapTest" time="0"/>
  <testcase name="testSimpleSerialization" classname="org.apache.commons.collections4.map.Flat3MapTest" time="0"/>
  <testcase name="testCanonicalEmptyCollectionExists" classname="org.apache.commons.collections4.map.Flat3MapTest" time="0"/>
  <testcase name="testCanonicalFullCollectionExists" classname="org.apache.commons.collections4.map.Flat3MapTest" time="0"/>
</testsuite>