<?xml version="1.0" encoding="UTF-8"?>
<testsuite name="org.apache.commons.io.input.BOMInputStreamTest" time="0.182" tests="44" errors="0" skipped="1" failures="0">
  <properties>
    <property name="java.runtime.name" value="OpenJDK Runtime Environment"/>
    <property name="sun.boot.library.path" value="/usr/local/openjdk-8/jre/lib/amd64"/>
    <property name="java.vm.version" value="25.262-b10"/>
    <property name="animal.sniffer.skip" value="true"/>
    <property name="java.vm.vendor" value="Oracle Corporation"/>
    <property name="maven.multiModuleProjectDirectory" value="/tmp/tmp9pnpkq9z/commons-io"/>
    <property name="maven.javadoc.skip" value="true"/>
    <property name="java.vendor.url" value="http://java.oracle.com/"/>
    <property name="path.separator" value=":"/>
    <property name="guice.disable.misplaced.annotation.check" value="true"/>
    <property name="java.vm.name" value="OpenJDK 64-Bit Server VM"/>
    <property name="file.encoding.pkg" value="sun.io"/>
    <property name="sun.java.launcher" value="SUN_STANDARD"/>
    <property name="sun.os.patch.level" value="unknown"/>
    <property name="source.skip" value="true"/>
    <property name="java.vm.specification.name" value="Java Virtual Machine Specification"/>
    <property name="user.dir" value="/tmp/tmp9pnpkq9z/commons-io"/>
    <property name="java.runtime.version" value="1.8.0_262-b10"/>
    <property name="java.awt.graphicsenv" value="sun.awt.X11GraphicsEnvironment"/>
    <property name="java.endorsed.dirs" value="/usr/local/openjdk-8/jre/lib/endorsed"/>
    <property name="os.arch" value="amd64"/>
    <property name="java.io.tmpdir" value="/tmp"/>
    <property name="line.separator" value="&#10;"/>
    <property name="java.vm.specification.vendor" value="Oracle Corporation"/>
    <property name="os.name" value="Linux"/>
    <property name="classworlds.conf" value="/usr/share/maven/bin/m2.conf"/>
    <property name="maven.test.error.ignore" value="true"/>
    <property name="sun.jnu.encoding" value="UTF-8"/>
    <property name="java.library.path" value="/usr/java/packages/lib/amd64:/usr/lib64:/lib64:/lib:/usr/lib"/>
    <property name="license.skip" value="true"/>
    <property name="maven.conf" value="/usr/share/maven/conf"/>
    <property name="java.specification.name" value="Java Platform API Specification"/>
    <property name="java.class.version" value="52.0"/>
    <property name="sun.management.compiler" value="HotSpot 64-Bit Tiered Compilers"/>
    <property name="maven.test.failure.ignore" value="true"/>
    <property name="os.version" value="4.15.0-109-generic"/>
    <property name="library.jansi.path" value="/usr/share/maven/lib/jansi-native"/>
    <property name="user.home" value="/home/jdbl"/>
    <property name="user.timezone" value="Etc/UTC"/>
    <property name="java.awt.printerjob" value="sun.print.PSPrinterJob"/>
    <property name="java.specification.version" value="1.8"/>
    <property name="file.encoding" value="UTF-8"/>
    <property name="user.name" value="jdbl"/>
    <property name="java.class.path" value="/usr/share/maven/boot/plexus-classworlds-2.6.0.jar"/>
    <property name="java.vm.specification.version" value="1.8"/>
    <property name="sun.arch.data.model" value="64"/>
    <property name="java.home" value="/usr/local/openjdk-8/jre"/>
    <property name="sun.java.command" value="org.codehaus.plexus.classworlds.launcher.Launcher package -e --fail-never -ntp -Dmaven.test.error.ignore=true -Dmaven.test.failure.ignore=true -B -Dmaven.javadoc.skip=true -Drat.skip=true -Danimal.sniffer.skip=true -Dmaven.javadoc.skip=true -Dlicense.skip=true -Dsource.skip=true"/>
    <property name="java.specification.vendor" value="Oracle Corporation"/>
    <property name="user.language" value="en"/>
    <property name="awt.toolkit" value="sun.awt.X11.XToolkit"/>
    <property name="java.vm.info" value="mixed mode"/>
    <property name="java.version" value="1.8.0_262"/>
    <property name="java.ext.dirs" value="/usr/local/openjdk-8/jre/lib/ext:/usr/java/packages/lib/ext"/>
    <property name="securerandom.source" value="file:/dev/./urandom"/>
    <property name="sun.boot.class.path" value="/usr/local/openjdk-8/jre/lib/resources.jar:/usr/local/openjdk-8/jre/lib/rt.jar:/usr/local/openjdk-8/jre/lib/sunrsasign.jar:/usr/local/openjdk-8/jre/lib/jsse.jar:/usr/local/openjdk-8/jre/lib/jce.jar:/usr/local/openjdk-8/jre/lib/charsets.jar:/usr/local/openjdk-8/jre/lib/jfr.jar:/usr/local/openjdk-8/jre/classes"/>
    <property name="java.vendor" value="Oracle Corporation"/>
    <property name="rat.skip" value="true"/>
    <property name="maven.home" value="/usr/share/maven"/>
    <property name="file.separator" value="/"/>
    <property name="java.vendor.url.bug" value="http://bugreport.sun.com/bugreport/"/>
    <property name="sun.cpu.endian" value="little"/>
    <property name="sun.io.unicode.encoding" value="UnicodeLittle"/>
    <property name="sun.cpu.isalist" value=""/>
  </properties>
  <testcase name="testEmptyBufferWithoutBOM" classname="org.apache.commons.io.input.BOMInputStreamTest" time="0.003"/>
  <testcase name="testReadTwiceWithoutBOM" classname="org.apache.commons.io.input.BOMInputStreamTest" time="0.001"/>
  <testcase name="testReadXmlWithoutBOMUtf32Be" classname="org.apache.commons.io.input.BOMInputStreamTest" time="0.065"/>
  <testcase name="testReadXmlWithoutBOMUtf32Le" classname="org.apache.commons.io.input.BOMInputStreamTest" time="0.005"/>
  <testcase name="testReadWithoutBOM" classname="org.apache.commons.io.input.BOMInputStreamTest" time="0"/>
  <testcase name="testClose" classname="org.apache.commons.io.input.BOMInputStreamTest" time="0"/>
  <testcase name="testEmptyBufferWithBOM" classname="org.apache.commons.io.input.BOMInputStreamTest" time="0"/>
  <testcase name="testSkipWithBOM" classname="org.apache.commons.io.input.BOMInputStreamTest" time="0.001"/>
  <testcase name="testReadWithBOMUtf8" classname="org.apache.commons.io.input.BOMInputStreamTest" time="0.004"/>
  <testcase name="testReadEmpty" classname="org.apache.commons.io.input.BOMInputStreamTest" time="0"/>
  <testcase name="testReadSmall" classname="org.apache.commons.io.input.BOMInputStreamTest" time="0"/>
  <testcase name="testReadWithBOMInclude" classname="org.apache.commons.io.input.BOMInputStreamTest" time="0"/>
  <testcase name="testLargeBufferWithBOM" classname="org.apache.commons.io.input.BOMInputStreamTest" time="0"/>
  <testcase name="testSmallBufferWithoutBOM" classname="org.apache.commons.io.input.BOMInputStreamTest" time="0"/>
  <testcase name="testLeadingNonBOMSingleRead" classname="org.apache.commons.io.input.BOMInputStreamTest" time="0"/>
  <testcase name="testGetBOMFirstThenReadInclude" classname="org.apache.commons.io.input.BOMInputStreamTest" time="0"/>
  <testcase name="testMarkResetBeforeReadWithoutBOM" classname="org.apache.commons.io.input.BOMInputStreamTest" time="0"/>
  <testcase name="testSmallBufferWithBOM" classname="org.apache.commons.io.input.BOMInputStreamTest" time="0"/>
  <testcase name="skipReturnValueWithoutBom" classname="org.apache.commons.io.input.BOMInputStreamTest" time="0"/>
  <testcase name="testGetBOMFirstThenRead" classname="org.apache.commons.io.input.BOMInputStreamTest" time="0.004"/>
  <testcase name="testAvailableWithoutBOM" classname="org.apache.commons.io.input.BOMInputStreamTest" time="0"/>
  <testcase name="testLeadingNonBOMBufferedRead" classname="org.apache.commons.io.input.BOMInputStreamTest" time="0.055"/>
  <testcase name="testMarkResetAfterReadWithBOM" classname="org.apache.commons.io.input.BOMInputStreamTest" time="0"/>
  <testcase name="testMarkResetBeforeReadWithBOM" classname="org.apache.commons.io.input.BOMInputStreamTest" time="0"/>
  <testcase name="testReadWithMultipleBOM" classname="org.apache.commons.io.input.BOMInputStreamTest" time="0"/>
  <testcase name="testSkipWithoutBOM" classname="org.apache.commons.io.input.BOMInputStreamTest" time="0"/>
  <testcase name="testReadXmlWithBOMUtf16Be" classname="org.apache.commons.io.input.BOMInputStreamTest" time="0.002"/>
  <testcase name="testReadXmlWithBOMUtf16Le" classname="org.apache.commons.io.input.BOMInputStreamTest" time="0.004"/>
  <testcase name="testReadXmlWithBOMUtf32Be" classname="org.apache.commons.io.input.BOMInputStreamTest" time="0.019"/>
  <testcase name="testReadXmlWithBOMUtf32Le" classname="org.apache.commons.io.input.BOMInputStreamTest" time="0.013"/>
  <testcase name="skipReturnValueWithBom" classname="org.apache.commons.io.input.BOMInputStreamTest" time="0"/>
  <testcase name="testReadXmlWithBOMUcs2" classname="org.apache.commons.io.input.BOMInputStreamTest" time="0.004"/>
  <testcase name="testReadXmlWithBOMUcs4" classname="org.apache.commons.io.input.BOMInputStreamTest" time="0">
    <skipped/>
  </testcase>
  <testcase name="testReadXmlWithBOMUtf8" classname="org.apache.commons.io.input.BOMInputStreamTest" time="0.001"/>
  <testcase name="testMarkResetAfterReadWithoutBOM" classname="org.apache.commons.io.input.BOMInputStreamTest" time="0"/>
  <testcase name="testLargeBufferWithoutBOM" classname="org.apache.commons.io.input.BOMInputStreamTest" time="0"/>
  <testcase name="testReadTwiceWithBOM" classname="org.apache.commons.io.input.BOMInputStreamTest" time="0"/>
  <testcase name="testNoBoms" classname="org.apache.commons.io.input.BOMInputStreamTest" time="0"/>
  <testcase name="testSupportCode" classname="org.apache.commons.io.input.BOMInputStreamTest" time="0"/>
  <testcase name="testReadWithBOMUtf16Be" classname="org.apache.commons.io.input.BOMInputStreamTest" time="0"/>
  <testcase name="testReadWithBOMUtf16Le" classname="org.apache.commons.io.input.BOMInputStreamTest" time="0"/>
  <testcase name="testReadWithBOMUtf32Be" classname="org.apache.commons.io.input.BOMInputStreamTest" time="0"/>
  <testcase name="testReadWithBOMUtf32Le" classname="org.apache.commons.io.input.BOMInputStreamTest" time="0.001"/>
  <testcase name="testAvailableWithBOM" classname="org.apache.commons.io.input.BOMInputStreamTest" time="0"/>
</testsuite>