<?xml version="1.0" encoding="UTF-8" ?>
<testsuite tests="105" failures="0" name="org.jsoup.parser.HtmlParserTest" time="0.058" errors="0" skipped="0">
  <properties>
    <property name="java.runtime.name" value="OpenJDK Runtime Environment"/>
    <property name="sun.boot.library.path" value="/usr/local/openjdk-8/jre/lib/amd64"/>
    <property name="java.vm.version" value="25.262-b10"/>
    <property name="animal.sniffer.skip" value="true"/>
    <property name="java.vm.vendor" value="Oracle Corporation"/>
    <property name="maven.multiModuleProjectDirectory" value="/tmp/tmpe_q24ntx/jsoup"/>
    <property name="maven.javadoc.skip" value="true"/>
    <property name="java.vendor.url" value="http://java.oracle.com/"/>
    <property name="path.separator" value=":"/>
    <property name="guice.disable.misplaced.annotation.check" value="true"/>
    <property name="java.vm.name" value="OpenJDK 64-Bit Server VM"/>
    <property name="file.encoding.pkg" value="sun.io"/>
    <property name="sun.java.launcher" value="SUN_STANDARD"/>
    <property name="sun.os.patch.level" value="unknown"/>
    <property name="source.skip" value="true"/>
    <property name="java.vm.specification.name" value="Java Virtual Machine Specification"/>
    <property name="user.dir" value="/tmp/tmpe_q24ntx/jsoup"/>
    <property name="java.runtime.version" value="1.8.0_262-b10"/>
    <property name="java.awt.graphicsenv" value="sun.awt.X11GraphicsEnvironment"/>
    <property name="java.endorsed.dirs" value="/usr/local/openjdk-8/jre/lib/endorsed"/>
    <property name="os.arch" value="amd64"/>
    <property name="java.io.tmpdir" value="/tmp"/>
    <property name="line.separator" value="
"/>
    <property name="java.vm.specification.vendor" value="Oracle Corporation"/>
    <property name="os.name" value="Linux"/>
    <property name="classworlds.conf" value="/usr/share/maven/bin/m2.conf"/>
    <property name="maven.test.error.ignore" value="true"/>
    <property name="sun.jnu.encoding" value="UTF-8"/>
    <property name="java.library.path" value="/usr/java/packages/lib/amd64:/usr/lib64:/lib64:/lib:/usr/lib"/>
    <property name="license.skip" value="true"/>
    <property name="maven.conf" value="/usr/share/maven/conf"/>
    <property name="java.specification.name" value="Java Platform API Specification"/>
    <property name="java.class.version" value="52.0"/>
    <property name="sun.management.compiler" value="HotSpot 64-Bit Tiered Compilers"/>
    <property name="maven.test.failure.ignore" value="true"/>
    <property name="os.version" value="4.15.0-109-generic"/>
    <property name="library.jansi.path" value="/usr/share/maven/lib/jansi-native"/>
    <property name="user.home" value="/home/jdbl"/>
    <property name="user.timezone" value="Etc/UTC"/>
    <property name="java.awt.printerjob" value="sun.print.PSPrinterJob"/>
    <property name="java.specification.version" value="1.8"/>
    <property name="file.encoding" value="UTF-8"/>
    <property name="user.name" value="jdbl"/>
    <property name="java.class.path" value="/usr/share/maven/boot/plexus-classworlds-2.6.0.jar"/>
    <property name="java.vm.specification.version" value="1.8"/>
    <property name="sun.arch.data.model" value="64"/>
    <property name="java.home" value="/usr/local/openjdk-8/jre"/>
    <property name="sun.java.command" value="org.codehaus.plexus.classworlds.launcher.Launcher package -e --fail-never -ntp -Dmaven.test.error.ignore=true -Dmaven.test.failure.ignore=true -B -Dmaven.javadoc.skip=true -Drat.skip=true -Danimal.sniffer.skip=true -Dmaven.javadoc.skip=true -Dlicense.skip=true -Dsource.skip=true"/>
    <property name="java.specification.vendor" value="Oracle Corporation"/>
    <property name="user.language" value="en"/>
    <property name="awt.toolkit" value="sun.awt.X11.XToolkit"/>
    <property name="java.vm.info" value="mixed mode"/>
    <property name="java.version" value="1.8.0_262"/>
    <property name="java.ext.dirs" value="/usr/local/openjdk-8/jre/lib/ext:/usr/java/packages/lib/ext"/>
    <property name="securerandom.source" value="file:/dev/./urandom"/>
    <property name="sun.boot.class.path" value="/usr/local/openjdk-8/jre/lib/resources.jar:/usr/local/openjdk-8/jre/lib/rt.jar:/usr/local/openjdk-8/jre/lib/sunrsasign.jar:/usr/local/openjdk-8/jre/lib/jsse.jar:/usr/local/openjdk-8/jre/lib/jce.jar:/usr/local/openjdk-8/jre/lib/charsets.jar:/usr/local/openjdk-8/jre/lib/jfr.jar:/usr/local/openjdk-8/jre/classes"/>
    <property name="java.vendor" value="Oracle Corporation"/>
    <property name="rat.skip" value="true"/>
    <property name="maven.home" value="/usr/share/maven"/>
    <property name="file.separator" value="/"/>
    <property name="java.vendor.url.bug" value="http://bugreport.sun.com/bugreport/"/>
    <property name="sun.cpu.endian" value="little"/>
    <property name="sun.io.unicode.encoding" value="UnicodeLittle"/>
    <property name="sun.cpu.isalist" value=""/>
  </properties>
  <testcase classname="org.jsoup.parser.HtmlParserTest" name="normalisesHeadlessBody" time="0.001"/>
  <testcase classname="org.jsoup.parser.HtmlParserTest" name="parsesUnterminatedOption" time="0"/>
  <testcase classname="org.jsoup.parser.HtmlParserTest" name="handlesProtocolRelativeUrl" time="0"/>
  <testcase classname="org.jsoup.parser.HtmlParserTest" name="dropsUnterminatedTag" time="0"/>
  <testcase classname="org.jsoup.parser.HtmlParserTest" name="canPreserveAttributeCase" time="0"/>
  <testcase classname="org.jsoup.parser.HtmlParserTest" name="handlesNullInComments" time="0.001"/>
  <testcase classname="org.jsoup.parser.HtmlParserTest" name="handlesTextAfterData" time="0.005"/>
  <testcase classname="org.jsoup.parser.HtmlParserTest" name="dropsUnterminatedAttribute" time="0"/>
  <testcase classname="org.jsoup.parser.HtmlParserTest" name="testNormalisesIsIndex" time="0"/>
  <testcase classname="org.jsoup.parser.HtmlParserTest" name="noTableDirectInTable" time="0"/>
  <testcase classname="org.jsoup.parser.HtmlParserTest" name="testSupportsPartiallyNonAsciiTags" time="0"/>
  <testcase classname="org.jsoup.parser.HtmlParserTest" name="testSpaceAfterTag" time="0"/>
  <testcase classname="org.jsoup.parser.HtmlParserTest" name="handlesXmlDeclarationAsBogusComment" time="0"/>
  <testcase classname="org.jsoup.parser.HtmlParserTest" name="normalisesDocument" time="0"/>
  <testcase classname="org.jsoup.parser.HtmlParserTest" name="createsStructureFromBodySnippet" time="0"/>
  <testcase classname="org.jsoup.parser.HtmlParserTest" name="canPreserveTagCase" time="0"/>
  <testcase classname="org.jsoup.parser.HtmlParserTest" name="preservesSpaceInScript" time="0"/>
  <testcase classname="org.jsoup.parser.HtmlParserTest" name="testHtmlLowerCase" time="0"/>
  <testcase classname="org.jsoup.parser.HtmlParserTest" name="parsesSimpleDocument" time="0"/>
  <testcase classname="org.jsoup.parser.HtmlParserTest" name="doesNotCreateImplicitLists" time="0"/>
  <testcase classname="org.jsoup.parser.HtmlParserTest" name="parsesUnterminatedTextarea" time="0"/>
  <testcase classname="org.jsoup.parser.HtmlParserTest" name="testSupportsNonAsciiTags" time="0"/>
  <testcase classname="org.jsoup.parser.HtmlParserTest" name="handlesWhatWgExpensesTableExample" time="0"/>
  <testcase classname="org.jsoup.parser.HtmlParserTest" name="handlesImplicitCaptionClose" time="0"/>
  <testcase classname="org.jsoup.parser.HtmlParserTest" name="handlesQuotesInCommentsInScripts" time="0"/>
  <testcase classname="org.jsoup.parser.HtmlParserTest" name="handlesInputInTable" time="0"/>
  <testcase classname="org.jsoup.parser.HtmlParserTest" name="handlesInvalidStartTags" time="0"/>
  <testcase classname="org.jsoup.parser.HtmlParserTest" name="handlesEscapedData" time="0"/>
  <testcase classname="org.jsoup.parser.HtmlParserTest" name="reconstructFormattingElements" time="0"/>
  <testcase classname="org.jsoup.parser.HtmlParserTest" name="createsDocumentStructure" time="0"/>
  <testcase classname="org.jsoup.parser.HtmlParserTest" name="handlesUnclosedTitle" time="0"/>
  <testcase classname="org.jsoup.parser.HtmlParserTest" name="handleNullContextInParseFragment" time="0"/>
  <testcase classname="org.jsoup.parser.HtmlParserTest" name="parsesUnterminatedComments" time="0"/>
  <testcase classname="org.jsoup.parser.HtmlParserTest" name="emptyTdTag" time="0.001"/>
  <testcase classname="org.jsoup.parser.HtmlParserTest" name="testFragment" time="0"/>
  <testcase classname="org.jsoup.parser.HtmlParserTest" name="handlesUnclosedScriptAtEof" time="0"/>
  <testcase classname="org.jsoup.parser.HtmlParserTest" name="handlesNewlinesAndWhitespaceInTag" time="0"/>
  <testcase classname="org.jsoup.parser.HtmlParserTest" name="handlesDataOnlyTags" time="0"/>
  <testcase classname="org.jsoup.parser.HtmlParserTest" name="noImplicitFormForTextAreas" time="0"/>
  <testcase classname="org.jsoup.parser.HtmlParserTest" name="commentBeforeHtml" time="0"/>
  <testcase classname="org.jsoup.parser.HtmlParserTest" name="handlesUnclosedCdataAtEOF" time="0"/>
  <testcase classname="org.jsoup.parser.HtmlParserTest" name="handlesCdata" time="0"/>
  <testcase classname="org.jsoup.parser.HtmlParserTest" name="handlesKnownEmptyBlocks" time="0"/>
  <testcase classname="org.jsoup.parser.HtmlParserTest" name="createsFormElements" time="0.001"/>
  <testcase classname="org.jsoup.parser.HtmlParserTest" name="noErrorsByDefault" time="0"/>
  <testcase classname="org.jsoup.parser.HtmlParserTest" name="testHeaderContents" time="0"/>
  <testcase classname="org.jsoup.parser.HtmlParserTest" name="testRelaxedTags" time="0"/>
  <testcase classname="org.jsoup.parser.HtmlParserTest" name="preservesSpaceInTextArea" time="0"/>
  <testcase classname="org.jsoup.parser.HtmlParserTest" name="handlesUnexpectedMarkupInTables" time="0"/>
  <testcase classname="org.jsoup.parser.HtmlParserTest" name="ignoresContentAfterFrameset" time="0"/>
  <testcase classname="org.jsoup.parser.HtmlParserTest" name="handlesBaseTags" time="0"/>
  <testcase classname="org.jsoup.parser.HtmlParserTest" name="testSpanContents" time="0.001"/>
  <testcase classname="org.jsoup.parser.HtmlParserTest" name="handles0CharacterAsText" time="0"/>
  <testcase classname="org.jsoup.parser.HtmlParserTest" name="handlesFrames" time="0"/>
  <testcase classname="org.jsoup.parser.HtmlParserTest" name="handlesJavadocFont" time="0"/>
  <testcase classname="org.jsoup.parser.HtmlParserTest" name="testReinsertionModeForThCelss" time="0"/>
  <testcase classname="org.jsoup.parser.HtmlParserTest" name="handlesInvalidDoctypes" time="0.004"/>
  <testcase classname="org.jsoup.parser.HtmlParserTest" name="handlesTagsInTextarea" time="0"/>
  <testcase classname="org.jsoup.parser.HtmlParserTest" name="handlesCommentsInTable" time="0"/>
  <testcase classname="org.jsoup.parser.HtmlParserTest" name="handlesEscapedScript" time="0.001"/>
  <testcase classname="org.jsoup.parser.HtmlParserTest" name="testInvalidTableContents" time="0"/>
  <testcase classname="org.jsoup.parser.HtmlParserTest" name="handlesUnknownTags" time="0"/>
  <testcase classname="org.jsoup.parser.HtmlParserTest" name="ignoresDupeEndTrTag" time="0.001"/>
  <testcase classname="org.jsoup.parser.HtmlParserTest" name="associatedFormControlsWithDisjointForms" time="0"/>
  <testcase classname="org.jsoup.parser.HtmlParserTest" name="handlesTbodyTable" time="0"/>
  <testcase classname="org.jsoup.parser.HtmlParserTest" name="normalisedBodyAfterContent" time="0"/>
  <testcase classname="org.jsoup.parser.HtmlParserTest" name="handlesSpanInTbody" time="0"/>
  <testcase classname="org.jsoup.parser.HtmlParserTest" name="handlesUnclosedTitleAtEof" time="0.001"/>
  <testcase classname="org.jsoup.parser.HtmlParserTest" name="handlesSolidusAtAttributeEnd" time="0"/>
  <testcase classname="org.jsoup.parser.HtmlParserTest" name="handlesUnknownNamespaceTags" time="0"/>
  <testcase classname="org.jsoup.parser.HtmlParserTest" name="handlesManyChildren" time="0.039"/>
  <testcase classname="org.jsoup.parser.HtmlParserTest" name="handlesTextArea" time="0"/>
  <testcase classname="org.jsoup.parser.HtmlParserTest" name="convertsImageToImg" time="0"/>
  <testcase classname="org.jsoup.parser.HtmlParserTest" name="handlesNestedImplicitTable" time="0"/>
  <testcase classname="org.jsoup.parser.HtmlParserTest" name="parsesRoughAttributes" time="0"/>
  <testcase classname="org.jsoup.parser.HtmlParserTest" name="testUsingSingleQuotesInQueries" time="0"/>
  <testcase classname="org.jsoup.parser.HtmlParserTest" name="handlesUnclosedDefinitionLists" time="0"/>
  <testcase classname="org.jsoup.parser.HtmlParserTest" name="handlesWhitespaceInoDocType" time="0"/>
  <testcase classname="org.jsoup.parser.HtmlParserTest" name="reconstructFormattingElementsInTable" time="0.001"/>
  <testcase classname="org.jsoup.parser.HtmlParserTest" name="testNoImagesInNoScriptInHead" time="0"/>
  <testcase classname="org.jsoup.parser.HtmlParserTest" name="handlesBaseWithoutHref" time="0"/>
  <testcase classname="org.jsoup.parser.HtmlParserTest" name="handlesUnclosedRawtextAtEof" time="0"/>
  <testcase classname="org.jsoup.parser.HtmlParserTest" name="tracksLimitedErrorsWhenRequested" time="0.001"/>
  <testcase classname="org.jsoup.parser.HtmlParserTest" name="doesNotFindShortestMatchingEntity" time="0"/>
  <testcase classname="org.jsoup.parser.HtmlParserTest" name="tracksErrorsWhenRequested" time="0"/>
  <testcase classname="org.jsoup.parser.HtmlParserTest" name="handlesUnclosedAnchors" time="0"/>
  <testcase classname="org.jsoup.parser.HtmlParserTest" name="parsesBodyFragment" time="0"/>
  <testcase classname="org.jsoup.parser.HtmlParserTest" name="handlesUnknownInlineTags" time="0"/>
  <testcase classname="org.jsoup.parser.HtmlParserTest" name="normalisesEmptyDocument" time="0"/>
  <testcase classname="org.jsoup.parser.HtmlParserTest" name="relaxedBaseEntityMatchAndStrictExtendedMatch" time="0"/>
  <testcase classname="org.jsoup.parser.HtmlParserTest" name="handlesUnclosedFormattingElements" time="0"/>
  <testcase classname="org.jsoup.parser.HtmlParserTest" name="handlesSolidusInA" time="0"/>
  <testcase classname="org.jsoup.parser.HtmlParserTest" name="testHgroup" time="0"/>
  <testcase classname="org.jsoup.parser.HtmlParserTest" name="discardsNakedTds" time="0"/>
  <testcase classname="org.jsoup.parser.HtmlParserTest" name="parsesComments" time="0"/>
  <testcase classname="org.jsoup.parser.HtmlParserTest" name="testFontFlowContents" time="0"/>
  <testcase classname="org.jsoup.parser.HtmlParserTest" name="handlesMisnestedTagsBI" time="0"/>
  <testcase classname="org.jsoup.parser.HtmlParserTest" name="handlesMisnestedTagsBP" time="0"/>
  <testcase classname="org.jsoup.parser.HtmlParserTest" name="canPreserveBothCase" time="0"/>
  <testcase classname="org.jsoup.parser.HtmlParserTest" name="findsCharsetInMalformedMeta" time="0"/>
  <testcase classname="org.jsoup.parser.HtmlParserTest" name="handlesMultiClosingBody" time="0"/>
  <testcase classname="org.jsoup.parser.HtmlParserTest" name="handlesBlocksInDefinitions" time="0"/>
  <testcase classname="org.jsoup.parser.HtmlParserTest" name="testAFlowContents" time="0"/>
  <testcase classname="org.jsoup.parser.HtmlParserTest" name="handlesNullInData" time="0"/>
  <testcase classname="org.jsoup.parser.HtmlParserTest" name="parsesQuiteRoughAttributes" time="0"/>
</testsuite>