<?xml version="1.0" encoding="UTF-8"?>
<testsuite xmlns:xsi="http://www.w3.org/2001/XMLSchema-instance" xsi:noNamespaceSchemaLocation="https://maven.apache.org/surefire/maven-surefire-plugin/xsd/surefire-test-report.xsd" name="org.apache.commons.dbcp2.TestDelegatingConnection" time="0" tests="6" errors="0" skipped="0" failures="0">
  <properties>
    <property name="awt.toolkit" value="sun.awt.X11.XToolkit"/>
    <property name="maven.test.error.ignore" value="true"/>
    <property name="file.encoding.pkg" value="sun.io"/>
    <property name="java.specification.version" value="1.8"/>
    <property name="sun.cpu.isalist" value=""/>
    <property name="sun.jnu.encoding" value="UTF-8"/>
    <property name="java.class.path" value="/tmp/tmpzsgnxdjy/commons-dbcp/target/test-classes:/tmp/tmpzsgnxdjy/commons-dbcp/target/classes:/home/jdbl/.m2/repository/org/apache/commons/commons-pool2/2.5.0/commons-pool2-2.5.0.jar:/home/jdbl/.m2/repository/commons-logging/commons-logging/1.2/commons-logging-1.2.jar:/home/jdbl/.m2/repository/junit/junit/4.12/junit-4.12.jar:/home/jdbl/.m2/repository/org/hamcrest/hamcrest-core/1.3/hamcrest-core-1.3.jar:/home/jdbl/.m2/repository/org/apache/geronimo/specs/geronimo-jta_1.1_spec/1.1.1/geronimo-jta_1.1_spec-1.1.1.jar:/home/jdbl/.m2/repository/tomcat/naming-common/5.0.28/naming-common-5.0.28.jar:/home/jdbl/.m2/repository/tomcat/naming-java/5.0.28/naming-java-5.0.28.jar:/home/jdbl/.m2/repository/org/apache/geronimo/modules/geronimo-transaction/1.2-beta/geronimo-transaction-1.2-beta.jar:/home/jdbl/.m2/repository/org/apache/geronimo/modules/geronimo-core/1.2-beta/geronimo-core-1.2-beta.jar:/home/jdbl/.m2/repository/org/apache/geronimo/modules/geronimo-system/1.2-beta/geronimo-system-1.2-beta.jar:/home/jdbl/.m2/repository/org/apache/geronimo/modules/geronimo-common/1.2-beta/geronimo-common-1.2-beta.jar:/home/jdbl/.m2/repository/org/apache/geronimo/modules/geronimo-util/1.2-beta/geronimo-util-1.2-beta.jar:/home/jdbl/.m2/repository/org/apache/geronimo/modules/geronimo-kernel/1.2-beta/geronimo-kernel-1.2-beta.jar:/home/jdbl/.m2/repository/cglib/cglib-nodep/2.1_3/cglib-nodep-2.1_3.jar:/home/jdbl/.m2/repository/log4j/log4j/1.2.13/log4j-1.2.13.jar:/home/jdbl/.m2/repository/mx4j/mx4j/3.0.1/mx4j-3.0.1.jar:/home/jdbl/.m2/repository/xstream/xstream/1.1.3/xstream-1.1.3.jar:/home/jdbl/.m2/repository/xpp3/xpp3/1.1.3.3/xpp3-1.1.3.3.jar:/home/jdbl/.m2/repository/commons-jexl/commons-jexl/1.1/commons-jexl-1.1.jar:/home/jdbl/.m2/repository/ognl/ognl/2.6.9/ognl-2.6.9.jar:/home/jdbl/.m2/repository/org/apache/geronimo/modules/geronimo-management/1.2-beta/geronimo-management-1.2-beta.jar:/home/jdbl/.m2/repository/org/apache/geronimo/specs/geronimo-j2ee-management_1.0_spec/1.1/geronimo-j2ee-management_1.0_spec-1.1.jar:/home/jdbl/.m2/repository/org/apache/geronimo/modules/geronimo-j2ee/1.2-beta/geronimo-j2ee-1.2-beta.jar:/home/jdbl/.m2/repository/org/apache/geronimo/specs/geronimo-jta_1.0.1B_spec/1.1/geronimo-jta_1.0.1B_spec-1.1.jar:/home/jdbl/.m2/repository/org/apache/geronimo/specs/geronimo-ejb_2.1_spec/1.1/geronimo-ejb_2.1_spec-1.1.jar:/home/jdbl/.m2/repository/org/apache/geronimo/specs/geronimo-j2ee-connector_1.5_spec/1.1/geronimo-j2ee-connector_1.5_spec-1.1.jar:/home/jdbl/.m2/repository/backport-util-concurrent/backport-util-concurrent/2.2/backport-util-concurrent-2.2.jar:/home/jdbl/.m2/repository/org/objectweb/howl/howl/1.0.1-1/howl-1.0.1-1.jar:/home/jdbl/.m2/repository/com/h2database/h2/1.4.197/h2-1.4.197.jar:/home/jdbl/.m2/repository/org/jboss/narayana/jta/narayana-jta/5.8.2.Final/narayana-jta-5.8.2.Final.jar:/home/jdbl/.m2/repository/org/jboss/spec/javax/resource/jboss-connector-api_1.7_spec/1.0.0.Final/jboss-connector-api_1.7_spec-1.0.0.Final.jar:/home/jdbl/.m2/repository/org/jboss/spec/javax/transaction/jboss-transaction-api_1.2_spec/1.0.0.Final/jboss-transaction-api_1.2_spec-1.0.0.Final.jar:/home/jdbl/.m2/repository/org/jboss/jboss-transaction-spi/7.6.0.Final/jboss-transaction-spi-7.6.0.Final.jar:/home/jdbl/.m2/repository/org/jboss/logging/jboss-logging/3.1.4.GA/jboss-logging-3.1.4.GA.jar:"/>
    <property name="java.vm.vendor" value="Oracle Corporation"/>
    <property name="maven.javadoc.skip" value="true"/>
    <property name="sun.arch.data.model" value="64"/>
    <property name="java.vendor.url" value="http://java.oracle.com/"/>
    <property name="user.timezone" value=""/>
    <property name="java.vm.specification.version" value="1.8"/>
    <property name="os.name" value="Linux"/>
    <property name="rat.skip" value="true"/>
    <property name="sun.java.launcher" value="SUN_STANDARD"/>
    <property name="sun.boot.library.path" value="/usr/local/openjdk-8/jre/lib/amd64"/>
    <property name="sun.java.command" value="/tmp/tmpzsgnxdjy/commons-dbcp/target/surefire/surefirebooter5806962516004060339.jar /tmp/tmpzsgnxdjy/commons-dbcp/target/surefire 2020-07-30T15-12-10_507-jvmRun1 surefire2661705277318598041tmp surefire_05293317787689463292tmp"/>
    <property name="surefire.test.class.path" value="/tmp/tmpzsgnxdjy/commons-dbcp/target/test-classes:/tmp/tmpzsgnxdjy/commons-dbcp/target/classes:/home/jdbl/.m2/repository/org/apache/commons/commons-pool2/2.5.0/commons-pool2-2.5.0.jar:/home/jdbl/.m2/repository/commons-logging/commons-logging/1.2/commons-logging-1.2.jar:/home/jdbl/.m2/repository/junit/junit/4.12/junit-4.12.jar:/home/jdbl/.m2/repository/org/hamcrest/hamcrest-core/1.3/hamcrest-core-1.3.jar:/home/jdbl/.m2/repository/org/apache/geronimo/specs/geronimo-jta_1.1_spec/1.1.1/geronimo-jta_1.1_spec-1.1.1.jar:/home/jdbl/.m2/repository/tomcat/naming-common/5.0.28/naming-common-5.0.28.jar:/home/jdbl/.m2/repository/tomcat/naming-java/5.0.28/naming-java-5.0.28.jar:/home/jdbl/.m2/repository/org/apache/geronimo/modules/geronimo-transaction/1.2-beta/geronimo-transaction-1.2-beta.jar:/home/jdbl/.m2/repository/org/apache/geronimo/modules/geronimo-core/1.2-beta/geronimo-core-1.2-beta.jar:/home/jdbl/.m2/repository/org/apache/geronimo/modules/geronimo-system/1.2-beta/geronimo-system-1.2-beta.jar:/home/jdbl/.m2/repository/org/apache/geronimo/modules/geronimo-common/1.2-beta/geronimo-common-1.2-beta.jar:/home/jdbl/.m2/repository/org/apache/geronimo/modules/geronimo-util/1.2-beta/geronimo-util-1.2-beta.jar:/home/jdbl/.m2/repository/org/apache/geronimo/modules/geronimo-kernel/1.2-beta/geronimo-kernel-1.2-beta.jar:/home/jdbl/.m2/repository/cglib/cglib-nodep/2.1_3/cglib-nodep-2.1_3.jar:/home/jdbl/.m2/repository/log4j/log4j/1.2.13/log4j-1.2.13.jar:/home/jdbl/.m2/repository/mx4j/mx4j/3.0.1/mx4j-3.0.1.jar:/home/jdbl/.m2/repository/xstream/xstream/1.1.3/xstream-1.1.3.jar:/home/jdbl/.m2/repository/xpp3/xpp3/1.1.3.3/xpp3-1.1.3.3.jar:/home/jdbl/.m2/repository/commons-jexl/commons-jexl/1.1/commons-jexl-1.1.jar:/home/jdbl/.m2/repository/ognl/ognl/2.6.9/ognl-2.6.9.jar:/home/jdbl/.m2/repository/org/apache/geronimo/modules/geronimo-management/1.2-beta/geronimo-management-1.2-beta.jar:/home/jdbl/.m2/repository/org/apache/geronimo/specs/geronimo-j2ee-management_1.0_spec/1.1/geronimo-j2ee-management_1.0_spec-1.1.jar:/home/jdbl/.m2/repository/org/apache/geronimo/modules/geronimo-j2ee/1.2-beta/geronimo-j2ee-1.2-beta.jar:/home/jdbl/.m2/repository/org/apache/geronimo/specs/geronimo-jta_1.0.1B_spec/1.1/geronimo-jta_1.0.1B_spec-1.1.jar:/home/jdbl/.m2/repository/org/apache/geronimo/specs/geronimo-ejb_2.1_spec/1.1/geronimo-ejb_2.1_spec-1.1.jar:/home/jdbl/.m2/repository/org/apache/geronimo/specs/geronimo-j2ee-connector_1.5_spec/1.1/geronimo-j2ee-connector_1.5_spec-1.1.jar:/home/jdbl/.m2/repository/backport-util-concurrent/backport-util-concurrent/2.2/backport-util-concurrent-2.2.jar:/home/jdbl/.m2/repository/org/objectweb/howl/howl/1.0.1-1/howl-1.0.1-1.jar:/home/jdbl/.m2/repository/com/h2database/h2/1.4.197/h2-1.4.197.jar:/home/jdbl/.m2/repository/org/jboss/narayana/jta/narayana-jta/5.8.2.Final/narayana-jta-5.8.2.Final.jar:/home/jdbl/.m2/repository/org/jboss/spec/javax/resource/jboss-connector-api_1.7_spec/1.0.0.Final/jboss-connector-api_1.7_spec-1.0.0.Final.jar:/home/jdbl/.m2/repository/org/jboss/spec/javax/transaction/jboss-transaction-api_1.2_spec/1.0.0.Final/jboss-transaction-api_1.2_spec-1.0.0.Final.jar:/home/jdbl/.m2/repository/org/jboss/jboss-transaction-spi/7.6.0.Final/jboss-transaction-spi-7.6.0.Final.jar:/home/jdbl/.m2/repository/org/jboss/logging/jboss-logging/3.1.4.GA/jboss-logging-3.1.4.GA.jar:"/>
    <property name="sun.cpu.endian" value="little"/>
    <property name="user.home" value="/home/jdbl"/>
    <property name="user.language" value="en"/>
    <property name="java.specification.vendor" value="Oracle Corporation"/>
    <property name="java.home" value="/usr/local/openjdk-8/jre"/>
    <property name="basedir" value="/tmp/tmpzsgnxdjy/commons-dbcp"/>
    <property name="file.separator" value="/"/>
    <property name="line.separator" value="&#10;"/>
    <property name="source.skip" value="true"/>
    <property name="java.vm.specification.vendor" value="Oracle Corporation"/>
    <property name="java.specification.name" value="Java Platform API Specification"/>
    <property name="java.awt.graphicsenv" value="sun.awt.X11GraphicsEnvironment"/>
    <property name="surefire.real.class.path" value="/tmp/tmpzsgnxdjy/commons-dbcp/target/surefire/surefirebooter5806962516004060339.jar:/home/jdbl/.m2/repository/org/jacoco/org.jacoco.agent/0.8.1/org.jacoco.agent-0.8.1-runtime.jar"/>
    <property name="sun.boot.class.path" value="/usr/local/openjdk-8/jre/lib/resources.jar:/usr/local/openjdk-8/jre/lib/rt.jar:/usr/local/openjdk-8/jre/lib/sunrsasign.jar:/usr/local/openjdk-8/jre/lib/jsse.jar:/usr/local/openjdk-8/jre/lib/jce.jar:/usr/local/openjdk-8/jre/lib/charsets.jar:/usr/local/openjdk-8/jre/lib/jfr.jar:/usr/local/openjdk-8/jre/classes"/>
    <property name="sun.management.compiler" value="HotSpot 64-Bit Tiered Compilers"/>
    <property name="java.runtime.version" value="1.8.0_262-b10"/>
    <property name="user.name" value="jdbl"/>
    <property name="path.separator" value=":"/>
    <property name="os.version" value="4.15.0-109-generic"/>
    <property name="java.endorsed.dirs" value="/usr/local/openjdk-8/jre/lib/endorsed"/>
    <property name="java.runtime.name" value="OpenJDK Runtime Environment"/>
    <property name="file.encoding" value="UTF-8"/>
    <property name="java.vm.name" value="OpenJDK 64-Bit Server VM"/>
    <property name="localRepository" value="/home/jdbl/.m2/repository"/>
    <property name="java.vendor.url.bug" value="http://bugreport.sun.com/bugreport/"/>
    <property name="java.io.tmpdir" value="/tmp"/>
    <property name="java.version" value="1.8.0_262"/>
    <property name="user.dir" value="/tmp/tmpzsgnxdjy/commons-dbcp"/>
    <property name="os.arch" value="amd64"/>
    <property name="license.skip" value="true"/>
    <property name="animal.sniffer.skip" value="true"/>
    <property name="java.vm.specification.name" value="Java Virtual Machine Specification"/>
    <property name="java.awt.printerjob" value="sun.print.PSPrinterJob"/>
    <property name="sun.os.patch.level" value="unknown"/>
    <property name="java.library.path" value="/usr/java/packages/lib/amd64:/usr/lib64:/lib64:/lib:/usr/lib"/>
    <property name="java.vm.info" value="mixed mode"/>
    <property name="java.vendor" value="Oracle Corporation"/>
    <property name="java.vm.version" value="25.262-b10"/>
    <property name="java.ext.dirs" value="/usr/local/openjdk-8/jre/lib/ext:/usr/java/packages/lib/ext"/>
    <property name="sun.io.unicode.encoding" value="UnicodeLittle"/>
    <property name="org.apache.commons.logging.Log" value="org.apache.commons.dbcp2.StackMessageLog"/>
    <property name="java.class.version" value="52.0"/>
    <property name="maven.test.failure.ignore" value="true"/>
  </properties>
  <testcase name="testGetDelegate" classname="org.apache.commons.dbcp2.TestDelegatingConnection" time="0"/>
  <testcase name="testCheckOpenNull" classname="org.apache.commons.dbcp2.TestDelegatingConnection" time="0"/>
  <testcase name="testIsClosed" classname="org.apache.commons.dbcp2.TestDelegatingConnection" time="0"/>
  <testcase name="testIsClosedNullDelegate" classname="org.apache.commons.dbcp2.TestDelegatingConnection" time="0"/>
  <testcase name="testCheckOpen" classname="org.apache.commons.dbcp2.TestDelegatingConnection" time="0"/>
  <testcase name="testConnectionToString" classname="org.apache.commons.dbcp2.TestDelegatingConnection" time="0"/>
</testsuite>