<?xml version="1.0" encoding="UTF-8"?>
<testsuite xmlns:xsi="http://www.w3.org/2001/XMLSchema-instance" xsi:schemaLocation="https://maven.apache.org/surefire/maven-surefire-plugin/xsd/surefire-test-report.xsd" name="com.mercateo.rest.hateoas.client.impl.OngoingResponseImpl0Test" time="0.911" tests="25" errors="0" skipped="0" failures="0">
  <properties>
    <property name="java.runtime.name" value="OpenJDK Runtime Environment"/>
    <property name="sun.boot.library.path" value="/usr/local/openjdk-8/jre/lib/amd64"/>
    <property name="java.vm.version" value="25.262-b10"/>
    <property name="animal.sniffer.skip" value="true"/>
    <property name="java.vm.vendor" value="Oracle Corporation"/>
    <property name="maven.multiModuleProjectDirectory" value="/tmp/tmp_ccllibg/rest-hateoas-client"/>
    <property name="maven.javadoc.skip" value="true"/>
    <property name="java.vendor.url" value="http://java.oracle.com/"/>
    <property name="path.separator" value=":"/>
    <property name="guice.disable.misplaced.annotation.check" value="true"/>
    <property name="java.vm.name" value="OpenJDK 64-Bit Server VM"/>
    <property name="file.encoding.pkg" value="sun.io"/>
    <property name="sun.java.launcher" value="SUN_STANDARD"/>
    <property name="sun.os.patch.level" value="unknown"/>
    <property name="source.skip" value="true"/>
    <property name="java.vm.specification.name" value="Java Virtual Machine Specification"/>
    <property name="user.dir" value="/tmp/tmp_ccllibg/rest-hateoas-client"/>
    <property name="java.runtime.version" value="1.8.0_262-b10"/>
    <property name="java.awt.graphicsenv" value="sun.awt.X11GraphicsEnvironment"/>
    <property name="java.endorsed.dirs" value="/usr/local/openjdk-8/jre/lib/endorsed"/>
    <property name="os.arch" value="amd64"/>
    <property name="java.io.tmpdir" value="/tmp"/>
    <property name="line.separator" value="&#10;"/>
    <property name="java.vm.specification.vendor" value="Oracle Corporation"/>
    <property name="os.name" value="Linux"/>
    <property name="classworlds.conf" value="/usr/share/maven/bin/m2.conf"/>
    <property name="sun.jnu.encoding" value="UTF-8"/>
    <property name="java.library.path" value="/usr/java/packages/lib/amd64:/usr/lib64:/lib64:/lib:/usr/lib"/>
    <property name="license.skip" value="true"/>
    <property name="maven.conf" value="/usr/share/maven/conf"/>
    <property name="java.specification.name" value="Java Platform API Specification"/>
    <property name="java.class.version" value="52.0"/>
    <property name="sun.management.compiler" value="HotSpot 64-Bit Tiered Compilers"/>
    <property name="maven.test.failure.ignore" value="true"/>
    <property name="os.version" value="4.15.0-109-generic"/>
    <property name="library.jansi.path" value="/usr/share/maven/lib/jansi-native"/>
    <property name="user.home" value="/home/jdbl"/>
    <property name="user.timezone" value="Etc/UTC"/>
    <property name="java.awt.printerjob" value="sun.print.PSPrinterJob"/>
    <property name="java.specification.version" value="1.8"/>
    <property name="file.encoding" value="UTF-8"/>
    <property name="user.name" value="jdbl"/>
    <property name="java.class.path" value="/usr/share/maven/boot/plexus-classworlds-2.6.0.jar"/>
    <property name="java.vm.specification.version" value="1.8"/>
    <property name="sun.arch.data.model" value="64"/>
    <property name="java.home" value="/usr/local/openjdk-8/jre"/>
    <property name="sun.java.command" value="org.codehaus.plexus.classworlds.launcher.Launcher test -e --fail-never -ntp -Dmaven.test.failure.ignore=true -B -Dmaven.javadoc.skip=true -Drat.skip=true -Danimal.sniffer.skip=true -Dmaven.javadoc.skip=true -Dlicense.skip=true -Dsource.skip=true"/>
    <property name="java.specification.vendor" value="Oracle Corporation"/>
    <property name="user.language" value="en"/>
    <property name="awt.toolkit" value="sun.awt.X11.XToolkit"/>
    <property name="java.vm.info" value="mixed mode"/>
    <property name="java.version" value="1.8.0_262"/>
    <property name="java.ext.dirs" value="/usr/local/openjdk-8/jre/lib/ext:/usr/java/packages/lib/ext"/>
    <property name="securerandom.source" value="file:/dev/./urandom"/>
    <property name="sun.boot.class.path" value="/usr/local/openjdk-8/jre/lib/resources.jar:/usr/local/openjdk-8/jre/lib/rt.jar:/usr/local/openjdk-8/jre/lib/sunrsasign.jar:/usr/local/openjdk-8/jre/lib/jsse.jar:/usr/local/openjdk-8/jre/lib/jce.jar:/usr/local/openjdk-8/jre/lib/charsets.jar:/usr/local/openjdk-8/jre/lib/jfr.jar:/usr/local/openjdk-8/jre/classes"/>
    <property name="java.vendor" value="Oracle Corporation"/>
    <property name="rat.skip" value="true"/>
    <property name="maven.home" value="/usr/share/maven"/>
    <property name="file.separator" value="/"/>
    <property name="java.vendor.url.bug" value="http://bugreport.sun.com/bugreport/"/>
    <property name="sun.cpu.endian" value="little"/>
    <property name="sun.io.unicode.encoding" value="UnicodeLittle"/>
    <property name="sun.cpu.isalist" value=""/>
  </properties>
  <testcase name="testCallListWithRel_and_withRequestObject_with_erroneousData[0: get, http://www.mercateo.com/{id}, &lt;null&gt;, class java.lang.IllegalStateException]" classname="com.mercateo.rest.hateoas.client.impl.OngoingResponseImpl0Test" time="0.477"/>
  <testcase name="testCallListWithRel_and_withRequestObject_with_erroneousData[1: get, http://www.mercateo.com/{id}, OngoingResponseImpl0Test.StringFooBean(foo=bar), class java.lang.IllegalStateException]" classname="com.mercateo.rest.hateoas.client.impl.OngoingResponseImpl0Test" time="0.042"/>
  <testcase name="testCallWithRel_Object" classname="com.mercateo.rest.hateoas.client.impl.OngoingResponseImpl0Test" time="0.006"/>
  <testcase name="testCallListWithRel_and_withRequestObject_with_validData[0: get, http://www.mercateo.com/{id}, OngoingResponseImpl0Test.StringIdBean(id=id), http://www.mercateo.com/id]" classname="com.mercateo.rest.hateoas.client.impl.OngoingResponseImpl0Test" time="0.007"/>
  <testcase name="testCallListWithRel_and_withRequestObject_with_validData[1: put, http://www.mercateo.com/{id}, OngoingResponseImpl0Test.StringIdBean(id=id), http://www.mercateo.com/id]" classname="com.mercateo.rest.hateoas.client.impl.OngoingResponseImpl0Test" time="0.005"/>
  <testcase name="testCallListWithRel_and_withRequestObject_with_validData[2: post, http://www.mercateo.com/{id}, OngoingResponseImpl0Test.StringIdBean(id=id), http://www.mercateo.com/id]" classname="com.mercateo.rest.hateoas.client.impl.OngoingResponseImpl0Test" time="0.02"/>
  <testcase name="testCallListWithRel_and_withRequestObject_with_validData[3: get, http://www.mercateo.com/, OngoingResponseImpl0Test.StringIdBean(id=id), http://www.mercateo.com/]" classname="com.mercateo.rest.hateoas.client.impl.OngoingResponseImpl0Test" time="0.003"/>
  <testcase name="testCallListWithRel_and_withRequestObject_with_validData[4: get, http://www.mercateo.com/{id}/orders/{foo}, OngoingResponseImpl0Test.StringIdFooBean(id=1, foo=2), http://www.mercateo.com/1/orders/2]" classname="com.mercateo.rest.hateoas.client.impl.OngoingResponseImpl0Test" time="0.006"/>
  <testcase name="testCallListWithRel_and_withRequestObject_with_validData[5: get, http://www.mercateo.com/{foo}, OngoingResponseImpl0Test.StringIdFooBean(id=1, foo=2), http://www.mercateo.com/2]" classname="com.mercateo.rest.hateoas.client.impl.OngoingResponseImpl0Test" time="0.003"/>
  <testcase name="testCallListWithRel_and_withRequestObject_with_validData[6: get, http://www.mercateo.com/{foo}/orders/{id}, OngoingResponseImpl0Test.StringIdFooBean(id=1, foo=2), http://www.mercateo.com/2/orders/1]" classname="com.mercateo.rest.hateoas.client.impl.OngoingResponseImpl0Test" time="0.016"/>
  <testcase name="testCallListWithRel_and_withRequestObject_with_validData[7: get, http://www.mercateo.com/{foo}/orders/{foo}, OngoingResponseImpl0Test.StringIdFooBean(id=1, foo=2), http://www.mercateo.com/2/orders/2]" classname="com.mercateo.rest.hateoas.client.impl.OngoingResponseImpl0Test" time="0.003"/>
  <testcase name="testCallWithRelAndTemplate_missing_parameter_for_template" classname="com.mercateo.rest.hateoas.client.impl.OngoingResponseImpl0Test" time="0.003"/>
  <testcase name="testCallWithRel_badRequest" classname="com.mercateo.rest.hateoas.client.impl.OngoingResponseImpl0Test" time="0.101"/>
  <testcase name="testCallListWithRel_SchemaParseException" classname="com.mercateo.rest.hateoas.client.impl.OngoingResponseImpl0Test" time="0.008"/>
  <testcase name="testCallWithRelDefaultMethodGET" classname="com.mercateo.rest.hateoas.client.impl.OngoingResponseImpl0Test" time="0.003"/>
  <testcase name="testCallWithRelAndGetParams" classname="com.mercateo.rest.hateoas.client.impl.OngoingResponseImpl0Test" time="0.013"/>
  <testcase name="testCallListWithRel" classname="com.mercateo.rest.hateoas.client.impl.OngoingResponseImpl0Test" time="0.003"/>
  <testcase name="testCallWithRelAndTemplate" classname="com.mercateo.rest.hateoas.client.impl.OngoingResponseImpl0Test" time="0.003"/>
  <testcase name="testCallWithRel" classname="com.mercateo.rest.hateoas.client.impl.OngoingResponseImpl0Test" time="0.002"/>
  <testcase name="testDoNotPassEntityForGet" classname="com.mercateo.rest.hateoas.client.impl.OngoingResponseImpl0Test" time="0.013"/>
  <testcase name="testCallWithRelAndTemplate_to_many_parameter_for_template" classname="com.mercateo.rest.hateoas.client.impl.OngoingResponseImpl0Test" time="0.005"/>
  <testcase name="testCallWithRel_SchemaParseException" classname="com.mercateo.rest.hateoas.client.impl.OngoingResponseImpl0Test" time="0.003"/>
  <testcase name="testCallWithRelAndTemplate_missing_parameter_for_template_depr" classname="com.mercateo.rest.hateoas.client.impl.OngoingResponseImpl0Test" time="0.002"/>
  <testcase name="testCallWithRelNotExist" classname="com.mercateo.rest.hateoas.client.impl.OngoingResponseImpl0Test" time="0.004"/>
  <testcase name="testCallListWithRelNotExist" classname="com.mercateo.rest.hateoas.client.impl.OngoingResponseImpl0Test" time="0.001"/>
</testsuite>