<?xml version="1.0" encoding="UTF-8"?>
<testsuite xmlns:xsi="http://www.w3.org/2001/XMLSchema-instance" xsi:schemaLocation="https://maven.apache.org/surefire/maven-surefire-plugin/xsd/surefire-test-report.xsd" name="com.github.victools.jsonschema.module.javax.validation.JavaxValidationModuleTest" time="1.006" tests="232" errors="0" skipped="0" failures="0">
  <properties>
    <property name="java.runtime.name" value="OpenJDK Runtime Environment"/>
    <property name="sun.boot.library.path" value="/usr/local/openjdk-8/jre/lib/amd64"/>
    <property name="java.vm.version" value="25.262-b10"/>
    <property name="animal.sniffer.skip" value="true"/>
    <property name="java.vm.vendor" value="Oracle Corporation"/>
    <property name="maven.multiModuleProjectDirectory" value="/tmp/tmps4h41jlc/jsonschema-module-javax-validation"/>
    <property name="maven.javadoc.skip" value="true"/>
    <property name="java.vendor.url" value="http://java.oracle.com/"/>
    <property name="path.separator" value=":"/>
    <property name="guice.disable.misplaced.annotation.check" value="true"/>
    <property name="java.vm.name" value="OpenJDK 64-Bit Server VM"/>
    <property name="file.encoding.pkg" value="sun.io"/>
    <property name="sun.java.launcher" value="SUN_STANDARD"/>
    <property name="sun.os.patch.level" value="unknown"/>
    <property name="source.skip" value="true"/>
    <property name="java.vm.specification.name" value="Java Virtual Machine Specification"/>
    <property name="user.dir" value="/tmp/tmps4h41jlc/jsonschema-module-javax-validation"/>
    <property name="java.runtime.version" value="1.8.0_262-b10"/>
    <property name="java.awt.graphicsenv" value="sun.awt.X11GraphicsEnvironment"/>
    <property name="java.endorsed.dirs" value="/usr/local/openjdk-8/jre/lib/endorsed"/>
    <property name="os.arch" value="amd64"/>
    <property name="java.io.tmpdir" value="/tmp"/>
    <property name="line.separator" value="&#10;"/>
    <property name="java.vm.specification.vendor" value="Oracle Corporation"/>
    <property name="os.name" value="Linux"/>
    <property name="classworlds.conf" value="/usr/share/maven/bin/m2.conf"/>
    <property name="sun.jnu.encoding" value="UTF-8"/>
    <property name="java.library.path" value="/usr/java/packages/lib/amd64:/usr/lib64:/lib64:/lib:/usr/lib"/>
    <property name="license.skip" value="true"/>
    <property name="maven.conf" value="/usr/share/maven/conf"/>
    <property name="java.specification.name" value="Java Platform API Specification"/>
    <property name="java.class.version" value="52.0"/>
    <property name="sun.management.compiler" value="HotSpot 64-Bit Tiered Compilers"/>
    <property name="maven.test.failure.ignore" value="true"/>
    <property name="os.version" value="4.15.0-109-generic"/>
    <property name="library.jansi.path" value="/usr/share/maven/lib/jansi-native"/>
    <property name="user.home" value="/home/jdbl"/>
    <property name="user.timezone" value="Etc/UTC"/>
    <property name="java.awt.printerjob" value="sun.print.PSPrinterJob"/>
    <property name="java.specification.version" value="1.8"/>
    <property name="file.encoding" value="UTF-8"/>
    <property name="user.name" value="jdbl"/>
    <property name="java.class.path" value="/usr/share/maven/boot/plexus-classworlds-2.6.0.jar"/>
    <property name="java.vm.specification.version" value="1.8"/>
    <property name="sun.arch.data.model" value="64"/>
    <property name="java.home" value="/usr/local/openjdk-8/jre"/>
    <property name="sun.java.command" value="org.codehaus.plexus.classworlds.launcher.Launcher test -e --fail-never -ntp -Dmaven.test.failure.ignore=true -B -Dmaven.javadoc.skip=true -Drat.skip=true -Danimal.sniffer.skip=true -Dmaven.javadoc.skip=true -Dlicense.skip=true -Dsource.skip=true"/>
    <property name="java.specification.vendor" value="Oracle Corporation"/>
    <property name="user.language" value="en"/>
    <property name="awt.toolkit" value="sun.awt.X11.XToolkit"/>
    <property name="java.vm.info" value="mixed mode"/>
    <property name="java.version" value="1.8.0_262"/>
    <property name="java.ext.dirs" value="/usr/local/openjdk-8/jre/lib/ext:/usr/java/packages/lib/ext"/>
    <property name="securerandom.source" value="file:/dev/./urandom"/>
    <property name="sun.boot.class.path" value="/usr/local/openjdk-8/jre/lib/resources.jar:/usr/local/openjdk-8/jre/lib/rt.jar:/usr/local/openjdk-8/jre/lib/sunrsasign.jar:/usr/local/openjdk-8/jre/lib/jsse.jar:/usr/local/openjdk-8/jre/lib/jce.jar:/usr/local/openjdk-8/jre/lib/charsets.jar:/usr/local/openjdk-8/jre/lib/jfr.jar:/usr/local/openjdk-8/jre/classes"/>
    <property name="java.vendor" value="Oracle Corporation"/>
    <property name="rat.skip" value="true"/>
    <property name="maven.home" value="/usr/share/maven"/>
    <property name="file.separator" value="/"/>
    <property name="java.vendor.url.bug" value="http://bugreport.sun.com/bugreport/"/>
    <property name="sun.cpu.endian" value="little"/>
    <property name="sun.io.unicode.encoding" value="UnicodeLittle"/>
    <property name="sun.cpu.isalist" value=""/>
  </properties>
  <testcase name="testApplyToConfigBuilderWithRequiredMethodsOption" classname="com.github.victools.jsonschema.module.javax.validation.JavaxValidationModuleTest" time="0.656"/>
  <testcase name="testNullableCheckOnFieldNoValidationGroup(unannotatedField, null) [0]" classname="com.github.victools.jsonschema.module.javax.validation.JavaxValidationModuleTest" time="0.009"/>
  <testcase name="testNullableCheckOnFieldNoValidationGroup(notNullNumber, false) [1]" classname="com.github.victools.jsonschema.module.javax.validation.JavaxValidationModuleTest" time="0.003"/>
  <testcase name="testNullableCheckOnFieldNoValidationGroup(notNullOnGetterNumber, false) [2]" classname="com.github.victools.jsonschema.module.javax.validation.JavaxValidationModuleTest" time="0.002"/>
  <testcase name="testNullableCheckOnFieldNoValidationGroup(notEmptyList, false) [3]" classname="com.github.victools.jsonschema.module.javax.validation.JavaxValidationModuleTest" time="0.002"/>
  <testcase name="testNullableCheckOnFieldNoValidationGroup(notEmptyOnGetterList, false) [4]" classname="com.github.victools.jsonschema.module.javax.validation.JavaxValidationModuleTest" time="0.003"/>
  <testcase name="testNullableCheckOnFieldNoValidationGroup(notBlankString, false) [5]" classname="com.github.victools.jsonschema.module.javax.validation.JavaxValidationModuleTest" time="0.002"/>
  <testcase name="testNullableCheckOnFieldNoValidationGroup(notBlankOnGetterString, false) [6]" classname="com.github.victools.jsonschema.module.javax.validation.JavaxValidationModuleTest" time="0.003"/>
  <testcase name="testNullableCheckOnFieldNoValidationGroup(nullField, true) [7]" classname="com.github.victools.jsonschema.module.javax.validation.JavaxValidationModuleTest" time="0.002"/>
  <testcase name="testNullableCheckOnFieldNoValidationGroup(nullGetter, true) [8]" classname="com.github.victools.jsonschema.module.javax.validation.JavaxValidationModuleTest" time="0.001"/>
  <testcase name="testArrayItemCountResolversMatchingValidationGroup(unannotatedArray, null, null) [0]" classname="com.github.victools.jsonschema.module.javax.validation.JavaxValidationModuleTest" time="0.004"/>
  <testcase name="testArrayItemCountResolversMatchingValidationGroup(sizeTenToTwentyString, null, null) [1]" classname="com.github.victools.jsonschema.module.javax.validation.JavaxValidationModuleTest" time="0.003"/>
  <testcase name="testArrayItemCountResolversMatchingValidationGroup(sizeTenToTwentyOnGetterString, null, null) [2]" classname="com.github.victools.jsonschema.module.javax.validation.JavaxValidationModuleTest" time="0.003"/>
  <testcase name="testArrayItemCountResolversMatchingValidationGroup(minSizeFiveArray, 5, null) [3]" classname="com.github.victools.jsonschema.module.javax.validation.JavaxValidationModuleTest" time="0.003"/>
  <testcase name="testArrayItemCountResolversMatchingValidationGroup(minSizeFiveOnGetterArray, 5, null) [4]" classname="com.github.victools.jsonschema.module.javax.validation.JavaxValidationModuleTest" time="0.003"/>
  <testcase name="testArrayItemCountResolversMatchingValidationGroup(maxSizeFiftyArray, null, 50) [5]" classname="com.github.victools.jsonschema.module.javax.validation.JavaxValidationModuleTest" time="0.004"/>
  <testcase name="testArrayItemCountResolversMatchingValidationGroup(maxSizeFiftyOnGetterArray, null, 50) [6]" classname="com.github.victools.jsonschema.module.javax.validation.JavaxValidationModuleTest" time="0.002"/>
  <testcase name="testArrayItemCountResolversMatchingValidationGroup(sizeTenToTwentySet, 10, 20) [7]" classname="com.github.victools.jsonschema.module.javax.validation.JavaxValidationModuleTest" time="0.002"/>
  <testcase name="testArrayItemCountResolversMatchingValidationGroup(sizeTenToTwentyOnGetterSet, 10, 20) [8]" classname="com.github.victools.jsonschema.module.javax.validation.JavaxValidationModuleTest" time="0.002"/>
  <testcase name="testArrayItemCountResolversMatchingValidationGroup(nonEmptyMaxSizeHundredList, 1, 100) [9]" classname="com.github.victools.jsonschema.module.javax.validation.JavaxValidationModuleTest" time="0.002"/>
  <testcase name="testArrayItemCountResolversMatchingValidationGroup(nonEmptyMaxSizeHundredOnGetterList, 1, 100) [10]" classname="com.github.victools.jsonschema.module.javax.validation.JavaxValidationModuleTest" time="0.002"/>
  <testcase name="testStringFormatAndPatternResolversDifferentValidationGroup(unannotatedString, [INCLUDE_PATTERN_EXPRESSIONS]) [0]" classname="com.github.victools.jsonschema.module.javax.validation.JavaxValidationModuleTest" time="0.003"/>
  <testcase name="testStringFormatAndPatternResolversDifferentValidationGroup(sizeTenToTwentyArray, [INCLUDE_PATTERN_EXPRESSIONS]) [1]" classname="com.github.victools.jsonschema.module.javax.validation.JavaxValidationModuleTest" time="0.001"/>
  <testcase name="testStringFormatAndPatternResolversDifferentValidationGroup(sizeTenToTwentyOnGetterArray, [INCLUDE_PATTERN_EXPRESSIONS]) [2]" classname="com.github.victools.jsonschema.module.javax.validation.JavaxValidationModuleTest" time="0.001"/>
  <testcase name="testStringFormatAndPatternResolversDifferentValidationGroup(minSizeFiveSequence, [INCLUDE_PATTERN_EXPRESSIONS]) [3]" classname="com.github.victools.jsonschema.module.javax.validation.JavaxValidationModuleTest" time="0.001"/>
  <testcase name="testStringFormatAndPatternResolversDifferentValidationGroup(minSizeFiveOnGetterSequence, [INCLUDE_PATTERN_EXPRESSIONS]) [4]" classname="com.github.victools.jsonschema.module.javax.validation.JavaxValidationModuleTest" time="0.001"/>
  <testcase name="testStringFormatAndPatternResolversDifferentValidationGroup(nonEmptyMaxSizeHundredString, [INCLUDE_PATTERN_EXPRESSIONS]) [5]" classname="com.github.victools.jsonschema.module.javax.validation.JavaxValidationModuleTest" time="0.001"/>
  <testcase name="testStringFormatAndPatternResolversDifferentValidationGroup(nonEmptyMaxSizeHundredString, [INCLUDE_PATTERN_EXPRESSIONS, PREFER_IDN_EMAIL_FORMAT]) [6]" classname="com.github.victools.jsonschema.module.javax.validation.JavaxValidationModuleTest" time="0.001"/>
  <testcase name="testStringFormatAndPatternResolversDifferentValidationGroup(nonEmptyMaxSizeHundredOnGetterString, [INCLUDE_PATTERN_EXPRESSIONS]) [7]" classname="com.github.victools.jsonschema.module.javax.validation.JavaxValidationModuleTest" time="0.001"/>
  <testcase name="testStringFormatAndPatternResolversDifferentValidationGroup(nonEmptyMaxSizeHundredOnGetterString, [INCLUDE_PATTERN_EXPRESSIONS, PREFER_IDN_EMAIL_FORMAT]) [8]" classname="com.github.victools.jsonschema.module.javax.validation.JavaxValidationModuleTest" time="0.002"/>
  <testcase name="testStringFormatAndPatternResolversDifferentValidationGroup(nonBlankString, [INCLUDE_PATTERN_EXPRESSIONS]) [9]" classname="com.github.victools.jsonschema.module.javax.validation.JavaxValidationModuleTest" time="0.001"/>
  <testcase name="testStringFormatAndPatternResolversDifferentValidationGroup(nonBlankOnGetterString, [INCLUDE_PATTERN_EXPRESSIONS]) [10]" classname="com.github.victools.jsonschema.module.javax.validation.JavaxValidationModuleTest" time="0.001"/>
  <testcase name="testNullableCheckOnMethodMatchingValidationGroup(unannotatedField, null) [0]" classname="com.github.victools.jsonschema.module.javax.validation.JavaxValidationModuleTest" time="0.002"/>
  <testcase name="testNullableCheckOnMethodMatchingValidationGroup(notNullNumber, false) [1]" classname="com.github.victools.jsonschema.module.javax.validation.JavaxValidationModuleTest" time="0.001"/>
  <testcase name="testNullableCheckOnMethodMatchingValidationGroup(notNullOnGetterNumber, false) [2]" classname="com.github.victools.jsonschema.module.javax.validation.JavaxValidationModuleTest" time="0.001"/>
  <testcase name="testNullableCheckOnMethodMatchingValidationGroup(notEmptyList, false) [3]" classname="com.github.victools.jsonschema.module.javax.validation.JavaxValidationModuleTest" time="0.001"/>
  <testcase name="testNullableCheckOnMethodMatchingValidationGroup(notEmptyOnGetterList, false) [4]" classname="com.github.victools.jsonschema.module.javax.validation.JavaxValidationModuleTest" time="0.001"/>
  <testcase name="testNullableCheckOnMethodMatchingValidationGroup(notBlankString, false) [5]" classname="com.github.victools.jsonschema.module.javax.validation.JavaxValidationModuleTest" time="0.001"/>
  <testcase name="testNullableCheckOnMethodMatchingValidationGroup(notBlankOnGetterString, false) [6]" classname="com.github.victools.jsonschema.module.javax.validation.JavaxValidationModuleTest" time="0.001"/>
  <testcase name="testNullableCheckOnMethodMatchingValidationGroup(nullField, true) [7]" classname="com.github.victools.jsonschema.module.javax.validation.JavaxValidationModuleTest" time="0.001"/>
  <testcase name="testNullableCheckOnMethodMatchingValidationGroup(nullGetter, true) [8]" classname="com.github.victools.jsonschema.module.javax.validation.JavaxValidationModuleTest" time="0.001"/>
  <testcase name="testNumberMinMaxResolversDifferentValidationGroup(unannotatedInt) [0]" classname="com.github.victools.jsonschema.module.javax.validation.JavaxValidationModuleTest" time="0.011"/>
  <testcase name="testNumberMinMaxResolversDifferentValidationGroup(minMinusHundredLong) [1]" classname="com.github.victools.jsonschema.module.javax.validation.JavaxValidationModuleTest" time="0.003"/>
  <testcase name="testNumberMinMaxResolversDifferentValidationGroup(minMinusHundredOnGetterLong) [2]" classname="com.github.victools.jsonschema.module.javax.validation.JavaxValidationModuleTest" time="0.002"/>
  <testcase name="testNumberMinMaxResolversDifferentValidationGroup(maxFiftyShort) [3]" classname="com.github.victools.jsonschema.module.javax.validation.JavaxValidationModuleTest" time="0.001"/>
  <testcase name="testNumberMinMaxResolversDifferentValidationGroup(maxFiftyOnGetterShort) [4]" classname="com.github.victools.jsonschema.module.javax.validation.JavaxValidationModuleTest" time="0.003"/>
  <testcase name="testNumberMinMaxResolversDifferentValidationGroup(tenToTwentyInclusiveInteger) [5]" classname="com.github.victools.jsonschema.module.javax.validation.JavaxValidationModuleTest" time="0.002"/>
  <testcase name="testNumberMinMaxResolversDifferentValidationGroup(tenToTwentyInclusiveOnGetterInteger) [6]" classname="com.github.victools.jsonschema.module.javax.validation.JavaxValidationModuleTest" time="0.003"/>
  <testcase name="testNumberMinMaxResolversDifferentValidationGroup(tenToTwentyExclusiveInteger) [7]" classname="com.github.victools.jsonschema.module.javax.validation.JavaxValidationModuleTest" time="0.002"/>
  <testcase name="testNumberMinMaxResolversDifferentValidationGroup(tenToTwentyExclusiveOnGetterInteger) [8]" classname="com.github.victools.jsonschema.module.javax.validation.JavaxValidationModuleTest" time="0.002"/>
  <testcase name="testNumberMinMaxResolversDifferentValidationGroup(positiveByte) [9]" classname="com.github.victools.jsonschema.module.javax.validation.JavaxValidationModuleTest" time="0.002"/>
  <testcase name="testNumberMinMaxResolversDifferentValidationGroup(positiveOnGetterByte) [10]" classname="com.github.victools.jsonschema.module.javax.validation.JavaxValidationModuleTest" time="0.003"/>
  <testcase name="testNumberMinMaxResolversDifferentValidationGroup(positiveOrZeroBigInteger) [11]" classname="com.github.victools.jsonschema.module.javax.validation.JavaxValidationModuleTest" time="0.002"/>
  <testcase name="testNumberMinMaxResolversDifferentValidationGroup(positiveOrZeroOnGetterBigInteger) [12]" classname="com.github.victools.jsonschema.module.javax.validation.JavaxValidationModuleTest" time="0.001"/>
  <testcase name="testNumberMinMaxResolversDifferentValidationGroup(negativeDecimal) [13]" classname="com.github.victools.jsonschema.module.javax.validation.JavaxValidationModuleTest" time="0.002"/>
  <testcase name="testNumberMinMaxResolversDifferentValidationGroup(negativeOnGetterDecimal) [14]" classname="com.github.victools.jsonschema.module.javax.validation.JavaxValidationModuleTest" time="0.001"/>
  <testcase name="testNumberMinMaxResolversDifferentValidationGroup(negativeOrZeroLong) [15]" classname="com.github.victools.jsonschema.module.javax.validation.JavaxValidationModuleTest" time="0.002"/>
  <testcase name="testNumberMinMaxResolversDifferentValidationGroup(negativeOrZeroOnGetterLong) [16]" classname="com.github.victools.jsonschema.module.javax.validation.JavaxValidationModuleTest" time="0.001"/>
  <testcase name="testStringLengthResolversMatchingValidationGroup(unannotatedString, null, null) [0]" classname="com.github.victools.jsonschema.module.javax.validation.JavaxValidationModuleTest" time="0.001"/>
  <testcase name="testStringLengthResolversMatchingValidationGroup(sizeTenToTwentyArray, null, null) [1]" classname="com.github.victools.jsonschema.module.javax.validation.JavaxValidationModuleTest" time="0"/>
  <testcase name="testStringLengthResolversMatchingValidationGroup(sizeTenToTwentyOnGetterArray, null, null) [2]" classname="com.github.victools.jsonschema.module.javax.validation.JavaxValidationModuleTest" time="0.001"/>
  <testcase name="testStringLengthResolversMatchingValidationGroup(minSizeFiveSequence, 5, null) [3]" classname="com.github.victools.jsonschema.module.javax.validation.JavaxValidationModuleTest" time="0.001"/>
  <testcase name="testStringLengthResolversMatchingValidationGroup(minSizeFiveOnGetterSequence, 5, null) [4]" classname="com.github.victools.jsonschema.module.javax.validation.JavaxValidationModuleTest" time="0.001"/>
  <testcase name="testStringLengthResolversMatchingValidationGroup(maxSizeFiftyString, null, 50) [5]" classname="com.github.victools.jsonschema.module.javax.validation.JavaxValidationModuleTest" time="0.001"/>
  <testcase name="testStringLengthResolversMatchingValidationGroup(maxSizeFiftyOnGetterString, null, 50) [6]" classname="com.github.victools.jsonschema.module.javax.validation.JavaxValidationModuleTest" time="0.001"/>
  <testcase name="testStringLengthResolversMatchingValidationGroup(sizeTenToTwentyString, 10, 20) [7]" classname="com.github.victools.jsonschema.module.javax.validation.JavaxValidationModuleTest" time="0"/>
  <testcase name="testStringLengthResolversMatchingValidationGroup(sizeTenToTwentyOnGetterString, 10, 20) [8]" classname="com.github.victools.jsonschema.module.javax.validation.JavaxValidationModuleTest" time="0"/>
  <testcase name="testStringLengthResolversMatchingValidationGroup(nonEmptyMaxSizeHundredString, 1, 100) [9]" classname="com.github.victools.jsonschema.module.javax.validation.JavaxValidationModuleTest" time="0.001"/>
  <testcase name="testStringLengthResolversMatchingValidationGroup(nonEmptyMaxSizeHundredOnGetterString, 1, 100) [10]" classname="com.github.victools.jsonschema.module.javax.validation.JavaxValidationModuleTest" time="0.001"/>
  <testcase name="testStringLengthResolversMatchingValidationGroup(nonBlankString, 1, null) [11]" classname="com.github.victools.jsonschema.module.javax.validation.JavaxValidationModuleTest" time="0.001"/>
  <testcase name="testStringLengthResolversMatchingValidationGroup(nonBlankOnGetterString, 1, null) [12]" classname="com.github.victools.jsonschema.module.javax.validation.JavaxValidationModuleTest" time="0.001"/>
  <testcase name="testNullableCheckOnMethodDifferentValidationGroup(unannotatedField) [0]" classname="com.github.victools.jsonschema.module.javax.validation.JavaxValidationModuleTest" time="0.001"/>
  <testcase name="testNullableCheckOnMethodDifferentValidationGroup(notNullNumber) [1]" classname="com.github.victools.jsonschema.module.javax.validation.JavaxValidationModuleTest" time="0.001"/>
  <testcase name="testNullableCheckOnMethodDifferentValidationGroup(notNullOnGetterNumber) [2]" classname="com.github.victools.jsonschema.module.javax.validation.JavaxValidationModuleTest" time="0.001"/>
  <testcase name="testNullableCheckOnMethodDifferentValidationGroup(notEmptyList) [3]" classname="com.github.victools.jsonschema.module.javax.validation.JavaxValidationModuleTest" time="0"/>
  <testcase name="testNullableCheckOnMethodDifferentValidationGroup(notEmptyOnGetterList) [4]" classname="com.github.victools.jsonschema.module.javax.validation.JavaxValidationModuleTest" time="0.001"/>
  <testcase name="testNullableCheckOnMethodDifferentValidationGroup(notBlankString) [5]" classname="com.github.victools.jsonschema.module.javax.validation.JavaxValidationModuleTest" time="0.001"/>
  <testcase name="testNullableCheckOnMethodDifferentValidationGroup(notBlankOnGetterString) [6]" classname="com.github.victools.jsonschema.module.javax.validation.JavaxValidationModuleTest" time="0.001"/>
  <testcase name="testNullableCheckOnMethodDifferentValidationGroup(nullField) [7]" classname="com.github.victools.jsonschema.module.javax.validation.JavaxValidationModuleTest" time="0.001"/>
  <testcase name="testNullableCheckOnMethodDifferentValidationGroup(nullGetter) [8]" classname="com.github.victools.jsonschema.module.javax.validation.JavaxValidationModuleTest" time="0.001"/>
  <testcase name="testArrayItemCountResolversNoValidationGroup(unannotatedArray, null, null) [0]" classname="com.github.victools.jsonschema.module.javax.validation.JavaxValidationModuleTest" time="0.001"/>
  <testcase name="testArrayItemCountResolversNoValidationGroup(sizeTenToTwentyString, null, null) [1]" classname="com.github.victools.jsonschema.module.javax.validation.JavaxValidationModuleTest" time="0.001"/>
  <testcase name="testArrayItemCountResolversNoValidationGroup(sizeTenToTwentyOnGetterString, null, null) [2]" classname="com.github.victools.jsonschema.module.javax.validation.JavaxValidationModuleTest" time="0"/>
  <testcase name="testArrayItemCountResolversNoValidationGroup(minSizeFiveArray, 5, null) [3]" classname="com.github.victools.jsonschema.module.javax.validation.JavaxValidationModuleTest" time="0"/>
  <testcase name="testArrayItemCountResolversNoValidationGroup(minSizeFiveOnGetterArray, 5, null) [4]" classname="com.github.victools.jsonschema.module.javax.validation.JavaxValidationModuleTest" time="0.001"/>
  <testcase name="testArrayItemCountResolversNoValidationGroup(maxSizeFiftyArray, null, 50) [5]" classname="com.github.victools.jsonschema.module.javax.validation.JavaxValidationModuleTest" time="0.001"/>
  <testcase name="testArrayItemCountResolversNoValidationGroup(maxSizeFiftyOnGetterArray, null, 50) [6]" classname="com.github.victools.jsonschema.module.javax.validation.JavaxValidationModuleTest" time="0.001"/>
  <testcase name="testArrayItemCountResolversNoValidationGroup(sizeTenToTwentySet, 10, 20) [7]" classname="com.github.victools.jsonschema.module.javax.validation.JavaxValidationModuleTest" time="0.001"/>
  <testcase name="testArrayItemCountResolversNoValidationGroup(sizeTenToTwentyOnGetterSet, 10, 20) [8]" classname="com.github.victools.jsonschema.module.javax.validation.JavaxValidationModuleTest" time="0.001"/>
  <testcase name="testArrayItemCountResolversNoValidationGroup(nonEmptyMaxSizeHundredList, 1, 100) [9]" classname="com.github.victools.jsonschema.module.javax.validation.JavaxValidationModuleTest" time="0.001"/>
  <testcase name="testArrayItemCountResolversNoValidationGroup(nonEmptyMaxSizeHundredOnGetterList, 1, 100) [10]" classname="com.github.victools.jsonschema.module.javax.validation.JavaxValidationModuleTest" time="0.001"/>
  <testcase name="testNullableCheckOnFieldMatchingValidationGroup(unannotatedField, null) [0]" classname="com.github.victools.jsonschema.module.javax.validation.JavaxValidationModuleTest" time="0"/>
  <testcase name="testNullableCheckOnFieldMatchingValidationGroup(notNullNumber, false) [1]" classname="com.github.victools.jsonschema.module.javax.validation.JavaxValidationModuleTest" time="0.001"/>
  <testcase name="testNullableCheckOnFieldMatchingValidationGroup(notNullOnGetterNumber, false) [2]" classname="com.github.victools.jsonschema.module.javax.validation.JavaxValidationModuleTest" time="0.001"/>
  <testcase name="testNullableCheckOnFieldMatchingValidationGroup(notEmptyList, false) [3]" classname="com.github.victools.jsonschema.module.javax.validation.JavaxValidationModuleTest" time="0.001"/>
  <testcase name="testNullableCheckOnFieldMatchingValidationGroup(notEmptyOnGetterList, false) [4]" classname="com.github.victools.jsonschema.module.javax.validation.JavaxValidationModuleTest" time="0.001"/>
  <testcase name="testNullableCheckOnFieldMatchingValidationGroup(notBlankString, false) [5]" classname="com.github.victools.jsonschema.module.javax.validation.JavaxValidationModuleTest" time="0.001"/>
  <testcase name="testNullableCheckOnFieldMatchingValidationGroup(notBlankOnGetterString, false) [6]" classname="com.github.victools.jsonschema.module.javax.validation.JavaxValidationModuleTest" time="0.002"/>
  <testcase name="testNullableCheckOnFieldMatchingValidationGroup(nullField, true) [7]" classname="com.github.victools.jsonschema.module.javax.validation.JavaxValidationModuleTest" time="0.001"/>
  <testcase name="testNullableCheckOnFieldMatchingValidationGroup(nullGetter, true) [8]" classname="com.github.victools.jsonschema.module.javax.validation.JavaxValidationModuleTest" time="0.001"/>
  <testcase name="testValidationGroupSetting(skippedConfiguringGroups, fieldWithoutValidationGroup, true) [0]" classname="com.github.victools.jsonschema.module.javax.validation.JavaxValidationModuleTest" time="0.002"/>
  <testcase name="testValidationGroupSetting(skippedConfiguringGroups, fieldWithSingleValidationGroup, true) [1]" classname="com.github.victools.jsonschema.module.javax.validation.JavaxValidationModuleTest" time="0.001"/>
  <testcase name="testValidationGroupSetting(skippedConfiguringGroups, fieldWithMultipleValidationGroups, true) [2]" classname="com.github.victools.jsonschema.module.javax.validation.JavaxValidationModuleTest" time="0.002"/>
  <testcase name="testValidationGroupSetting(noConfiguredGroups, fieldWithoutValidationGroup, true) [3]" classname="com.github.victools.jsonschema.module.javax.validation.JavaxValidationModuleTest" time="0.001"/>
  <testcase name="testValidationGroupSetting(noConfiguredGroups, fieldWithSingleValidationGroup, null) [4]" classname="com.github.victools.jsonschema.module.javax.validation.JavaxValidationModuleTest" time="0.001"/>
  <testcase name="testValidationGroupSetting(noConfiguredGroups, fieldWithMultipleValidationGroups, null) [5]" classname="com.github.victools.jsonschema.module.javax.validation.JavaxValidationModuleTest" time="0.001"/>
  <testcase name="testValidationGroupSetting(singleConfiguredGroup, fieldWithoutValidationGroup, true) [6]" classname="com.github.victools.jsonschema.module.javax.validation.JavaxValidationModuleTest" time="0.001"/>
  <testcase name="testValidationGroupSetting(singleConfiguredMatchingGroup, fieldWithSingleValidationGroup, true) [7]" classname="com.github.victools.jsonschema.module.javax.validation.JavaxValidationModuleTest" time="0.001"/>
  <testcase name="testValidationGroupSetting(singleConfiguredMatchingGroup, fieldWithMultipleValidationGroups, true) [8]" classname="com.github.victools.jsonschema.module.javax.validation.JavaxValidationModuleTest" time="0.001"/>
  <testcase name="testValidationGroupSetting(singleConfiguredDifferentGroup, fieldWithSingleValidationGroup, null) [9]" classname="com.github.victools.jsonschema.module.javax.validation.JavaxValidationModuleTest" time="0"/>
  <testcase name="testValidationGroupSetting(singleConfiguredDifferentGroup, fieldWithMultipleValidationGroups, null) [10]" classname="com.github.victools.jsonschema.module.javax.validation.JavaxValidationModuleTest" time="0"/>
  <testcase name="testValidationGroupSetting(multipleConfiguredGroups, fieldWithoutValidationGroup, true) [11]" classname="com.github.victools.jsonschema.module.javax.validation.JavaxValidationModuleTest" time="0.001"/>
  <testcase name="testValidationGroupSetting(multipleConfiguredGroupsSingleMatch, fieldWithSingleValidationGroup, true) [12]" classname="com.github.victools.jsonschema.module.javax.validation.JavaxValidationModuleTest" time="0.001"/>
  <testcase name="testValidationGroupSetting(multipleConfiguredGroupsSingleMatch, fieldWithMultipleValidationGroups, true) [13]" classname="com.github.victools.jsonschema.module.javax.validation.JavaxValidationModuleTest" time="0"/>
  <testcase name="testValidationGroupSetting(multipleConfiguredGroupsMultipleMatches, fieldWithMultipleValidationGroups, true) [14]" classname="com.github.victools.jsonschema.module.javax.validation.JavaxValidationModuleTest" time="0"/>
  <testcase name="testValidationGroupSetting(multipleConfiguredGroupsNoMatch, fieldWithSingleValidationGroup, null) [15]" classname="com.github.victools.jsonschema.module.javax.validation.JavaxValidationModuleTest" time="0.001"/>
  <testcase name="testValidationGroupSetting(multipleConfiguredGroupsNoMatch, fieldWithMultipleValidationGroups, null) [16]" classname="com.github.victools.jsonschema.module.javax.validation.JavaxValidationModuleTest" time="0.001"/>
  <testcase name="testNumberMinMaxResolversMatchingValidationGroup(unannotatedInt, null, null, null, null) [0]" classname="com.github.victools.jsonschema.module.javax.validation.JavaxValidationModuleTest" time="0.001"/>
  <testcase name="testNumberMinMaxResolversMatchingValidationGroup(minMinusHundredLong, -100, null, null, null) [1]" classname="com.github.victools.jsonschema.module.javax.validation.JavaxValidationModuleTest" time="0.001"/>
  <testcase name="testNumberMinMaxResolversMatchingValidationGroup(minMinusHundredOnGetterLong, -100, null, null, null) [2]" classname="com.github.victools.jsonschema.module.javax.validation.JavaxValidationModuleTest" time="0.001"/>
  <testcase name="testNumberMinMaxResolversMatchingValidationGroup(maxFiftyShort, null, null, 50, null) [3]" classname="com.github.victools.jsonschema.module.javax.validation.JavaxValidationModuleTest" time="0.001"/>
  <testcase name="testNumberMinMaxResolversMatchingValidationGroup(maxFiftyOnGetterShort, null, null, 50, null) [4]" classname="com.github.victools.jsonschema.module.javax.validation.JavaxValidationModuleTest" time="0.001"/>
  <testcase name="testNumberMinMaxResolversMatchingValidationGroup(tenToTwentyInclusiveInteger, 10.1, null, 20.2, null) [5]" classname="com.github.victools.jsonschema.module.javax.validation.JavaxValidationModuleTest" time="0.001"/>
  <testcase name="testNumberMinMaxResolversMatchingValidationGroup(tenToTwentyInclusiveOnGetterInteger, 10.1, null, 20.2, null) [6]" classname="com.github.victools.jsonschema.module.javax.validation.JavaxValidationModuleTest" time="0.001"/>
  <testcase name="testNumberMinMaxResolversMatchingValidationGroup(tenToTwentyExclusiveInteger, null, 10.1, null, 20.2) [7]" classname="com.github.victools.jsonschema.module.javax.validation.JavaxValidationModuleTest" time="0.001"/>
  <testcase name="testNumberMinMaxResolversMatchingValidationGroup(tenToTwentyExclusiveOnGetterInteger, null, 10.1, null, 20.2) [8]" classname="com.github.victools.jsonschema.module.javax.validation.JavaxValidationModuleTest" time="0.002"/>
  <testcase name="testNumberMinMaxResolversMatchingValidationGroup(positiveByte, null, 0, null, null) [9]" classname="com.github.victools.jsonschema.module.javax.validation.JavaxValidationModuleTest" time="0.001"/>
  <testcase name="testNumberMinMaxResolversMatchingValidationGroup(positiveOnGetterByte, null, 0, null, null) [10]" classname="com.github.victools.jsonschema.module.javax.validation.JavaxValidationModuleTest" time="0.001"/>
  <testcase name="testNumberMinMaxResolversMatchingValidationGroup(positiveOrZeroBigInteger, 0, null, null, null) [11]" classname="com.github.victools.jsonschema.module.javax.validation.JavaxValidationModuleTest" time="0.002"/>
  <testcase name="testNumberMinMaxResolversMatchingValidationGroup(positiveOrZeroOnGetterBigInteger, 0, null, null, null) [12]" classname="com.github.victools.jsonschema.module.javax.validation.JavaxValidationModuleTest" time="0.001"/>
  <testcase name="testNumberMinMaxResolversMatchingValidationGroup(negativeDecimal, null, null, null, 0) [13]" classname="com.github.victools.jsonschema.module.javax.validation.JavaxValidationModuleTest" time="0.001"/>
  <testcase name="testNumberMinMaxResolversMatchingValidationGroup(negativeOnGetterDecimal, null, null, null, 0) [14]" classname="com.github.victools.jsonschema.module.javax.validation.JavaxValidationModuleTest" time="0.001"/>
  <testcase name="testNumberMinMaxResolversMatchingValidationGroup(negativeOrZeroLong, null, null, 0, null) [15]" classname="com.github.victools.jsonschema.module.javax.validation.JavaxValidationModuleTest" time="0.002"/>
  <testcase name="testNumberMinMaxResolversMatchingValidationGroup(negativeOrZeroOnGetterLong, null, null, 0, null) [16]" classname="com.github.victools.jsonschema.module.javax.validation.JavaxValidationModuleTest" time="0.001"/>
  <testcase name="testNumberMinMaxResolversNoValidationGroup(unannotatedInt, null, null, null, null) [0]" classname="com.github.victools.jsonschema.module.javax.validation.JavaxValidationModuleTest" time="0.002"/>
  <testcase name="testNumberMinMaxResolversNoValidationGroup(minMinusHundredLong, -100, null, null, null) [1]" classname="com.github.victools.jsonschema.module.javax.validation.JavaxValidationModuleTest" time="0.001"/>
  <testcase name="testNumberMinMaxResolversNoValidationGroup(minMinusHundredOnGetterLong, -100, null, null, null) [2]" classname="com.github.victools.jsonschema.module.javax.validation.JavaxValidationModuleTest" time="0.001"/>
  <testcase name="testNumberMinMaxResolversNoValidationGroup(maxFiftyShort, null, null, 50, null) [3]" classname="com.github.victools.jsonschema.module.javax.validation.JavaxValidationModuleTest" time="0.001"/>
  <testcase name="testNumberMinMaxResolversNoValidationGroup(maxFiftyOnGetterShort, null, null, 50, null) [4]" classname="com.github.victools.jsonschema.module.javax.validation.JavaxValidationModuleTest" time="0"/>
  <testcase name="testNumberMinMaxResolversNoValidationGroup(tenToTwentyInclusiveInteger, 10.1, null, 20.2, null) [5]" classname="com.github.victools.jsonschema.module.javax.validation.JavaxValidationModuleTest" time="0.001"/>
  <testcase name="testNumberMinMaxResolversNoValidationGroup(tenToTwentyInclusiveOnGetterInteger, 10.1, null, 20.2, null) [6]" classname="com.github.victools.jsonschema.module.javax.validation.JavaxValidationModuleTest" time="0.001"/>
  <testcase name="testNumberMinMaxResolversNoValidationGroup(tenToTwentyExclusiveInteger, null, 10.1, null, 20.2) [7]" classname="com.github.victools.jsonschema.module.javax.validation.JavaxValidationModuleTest" time="0.001"/>
  <testcase name="testNumberMinMaxResolversNoValidationGroup(tenToTwentyExclusiveOnGetterInteger, null, 10.1, null, 20.2) [8]" classname="com.github.victools.jsonschema.module.javax.validation.JavaxValidationModuleTest" time="0.001"/>
  <testcase name="testNumberMinMaxResolversNoValidationGroup(positiveByte, null, 0, null, null) [9]" classname="com.github.victools.jsonschema.module.javax.validation.JavaxValidationModuleTest" time="0.001"/>
  <testcase name="testNumberMinMaxResolversNoValidationGroup(positiveOnGetterByte, null, 0, null, null) [10]" classname="com.github.victools.jsonschema.module.javax.validation.JavaxValidationModuleTest" time="0.001"/>
  <testcase name="testNumberMinMaxResolversNoValidationGroup(positiveOrZeroBigInteger, 0, null, null, null) [11]" classname="com.github.victools.jsonschema.module.javax.validation.JavaxValidationModuleTest" time="0"/>
  <testcase name="testNumberMinMaxResolversNoValidationGroup(positiveOrZeroOnGetterBigInteger, 0, null, null, null) [12]" classname="com.github.victools.jsonschema.module.javax.validation.JavaxValidationModuleTest" time="0"/>
  <testcase name="testNumberMinMaxResolversNoValidationGroup(negativeDecimal, null, null, null, 0) [13]" classname="com.github.victools.jsonschema.module.javax.validation.JavaxValidationModuleTest" time="0.001"/>
  <testcase name="testNumberMinMaxResolversNoValidationGroup(negativeOnGetterDecimal, null, null, null, 0) [14]" classname="com.github.victools.jsonschema.module.javax.validation.JavaxValidationModuleTest" time="0.001"/>
  <testcase name="testNumberMinMaxResolversNoValidationGroup(negativeOrZeroLong, null, null, 0, null) [15]" classname="com.github.victools.jsonschema.module.javax.validation.JavaxValidationModuleTest" time="0.001"/>
  <testcase name="testNumberMinMaxResolversNoValidationGroup(negativeOrZeroOnGetterLong, null, null, 0, null) [16]" classname="com.github.victools.jsonschema.module.javax.validation.JavaxValidationModuleTest" time="0.001"/>
  <testcase name="testNullableCheckOnFieldDifferentValidationGroup(unannotatedField) [0]" classname="com.github.victools.jsonschema.module.javax.validation.JavaxValidationModuleTest" time="0"/>
  <testcase name="testNullableCheckOnFieldDifferentValidationGroup(notNullNumber) [1]" classname="com.github.victools.jsonschema.module.javax.validation.JavaxValidationModuleTest" time="0"/>
  <testcase name="testNullableCheckOnFieldDifferentValidationGroup(notNullOnGetterNumber) [2]" classname="com.github.victools.jsonschema.module.javax.validation.JavaxValidationModuleTest" time="0.001"/>
  <testcase name="testNullableCheckOnFieldDifferentValidationGroup(notEmptyList) [3]" classname="com.github.victools.jsonschema.module.javax.validation.JavaxValidationModuleTest" time="0.001"/>
  <testcase name="testNullableCheckOnFieldDifferentValidationGroup(notEmptyOnGetterList) [4]" classname="com.github.victools.jsonschema.module.javax.validation.JavaxValidationModuleTest" time="0.001"/>
  <testcase name="testNullableCheckOnFieldDifferentValidationGroup(notBlankString) [5]" classname="com.github.victools.jsonschema.module.javax.validation.JavaxValidationModuleTest" time="0.001"/>
  <testcase name="testNullableCheckOnFieldDifferentValidationGroup(notBlankOnGetterString) [6]" classname="com.github.victools.jsonschema.module.javax.validation.JavaxValidationModuleTest" time="0.001"/>
  <testcase name="testNullableCheckOnFieldDifferentValidationGroup(nullField) [7]" classname="com.github.victools.jsonschema.module.javax.validation.JavaxValidationModuleTest" time="0.001"/>
  <testcase name="testNullableCheckOnFieldDifferentValidationGroup(nullGetter) [8]" classname="com.github.victools.jsonschema.module.javax.validation.JavaxValidationModuleTest" time="0.001"/>
  <testcase name="testApplyToConfigBuilderWithRequiredFieldsOption" classname="com.github.victools.jsonschema.module.javax.validation.JavaxValidationModuleTest" time="0.002"/>
  <testcase name="testApplyToConfigBuilderWithPatternOption" classname="com.github.victools.jsonschema.module.javax.validation.JavaxValidationModuleTest" time="0.002"/>
  <testcase name="testStringLengthResolversDifferentValidationGroup(unannotatedString) [0]" classname="com.github.victools.jsonschema.module.javax.validation.JavaxValidationModuleTest" time="0.001"/>
  <testcase name="testStringLengthResolversDifferentValidationGroup(sizeTenToTwentyArray) [1]" classname="com.github.victools.jsonschema.module.javax.validation.JavaxValidationModuleTest" time="0"/>
  <testcase name="testStringLengthResolversDifferentValidationGroup(sizeTenToTwentyOnGetterArray) [2]" classname="com.github.victools.jsonschema.module.javax.validation.JavaxValidationModuleTest" time="0.001"/>
  <testcase name="testStringLengthResolversDifferentValidationGroup(minSizeFiveSequence) [3]" classname="com.github.victools.jsonschema.module.javax.validation.JavaxValidationModuleTest" time="0.001"/>
  <testcase name="testStringLengthResolversDifferentValidationGroup(minSizeFiveOnGetterSequence) [4]" classname="com.github.victools.jsonschema.module.javax.validation.JavaxValidationModuleTest" time="0.001"/>
  <testcase name="testStringLengthResolversDifferentValidationGroup(maxSizeFiftyString) [5]" classname="com.github.victools.jsonschema.module.javax.validation.JavaxValidationModuleTest" time="0"/>
  <testcase name="testStringLengthResolversDifferentValidationGroup(maxSizeFiftyOnGetterString) [6]" classname="com.github.victools.jsonschema.module.javax.validation.JavaxValidationModuleTest" time="0.001"/>
  <testcase name="testStringLengthResolversDifferentValidationGroup(sizeTenToTwentyString) [7]" classname="com.github.victools.jsonschema.module.javax.validation.JavaxValidationModuleTest" time="0.001"/>
  <testcase name="testStringLengthResolversDifferentValidationGroup(sizeTenToTwentyOnGetterString) [8]" classname="com.github.victools.jsonschema.module.javax.validation.JavaxValidationModuleTest" time="0.001"/>
  <testcase name="testStringLengthResolversDifferentValidationGroup(nonEmptyMaxSizeHundredString) [9]" classname="com.github.victools.jsonschema.module.javax.validation.JavaxValidationModuleTest" time="0.001"/>
  <testcase name="testStringLengthResolversDifferentValidationGroup(nonEmptyMaxSizeHundredOnGetterString) [10]" classname="com.github.victools.jsonschema.module.javax.validation.JavaxValidationModuleTest" time="0.001"/>
  <testcase name="testStringLengthResolversDifferentValidationGroup(nonBlankString) [11]" classname="com.github.victools.jsonschema.module.javax.validation.JavaxValidationModuleTest" time="0.001"/>
  <testcase name="testStringLengthResolversDifferentValidationGroup(nonBlankOnGetterString) [12]" classname="com.github.victools.jsonschema.module.javax.validation.JavaxValidationModuleTest" time="0.001"/>
  <testcase name="testArrayItemCountResolversDifferentValidationGroup(unannotatedArray) [0]" classname="com.github.victools.jsonschema.module.javax.validation.JavaxValidationModuleTest" time="0.001"/>
  <testcase name="testArrayItemCountResolversDifferentValidationGroup(sizeTenToTwentyString) [1]" classname="com.github.victools.jsonschema.module.javax.validation.JavaxValidationModuleTest" time="0.001"/>
  <testcase name="testArrayItemCountResolversDifferentValidationGroup(sizeTenToTwentyOnGetterString) [2]" classname="com.github.victools.jsonschema.module.javax.validation.JavaxValidationModuleTest" time="0.001"/>
  <testcase name="testArrayItemCountResolversDifferentValidationGroup(minSizeFiveArray) [3]" classname="com.github.victools.jsonschema.module.javax.validation.JavaxValidationModuleTest" time="0.001"/>
  <testcase name="testArrayItemCountResolversDifferentValidationGroup(minSizeFiveOnGetterArray) [4]" classname="com.github.victools.jsonschema.module.javax.validation.JavaxValidationModuleTest" time="0.001"/>
  <testcase name="testArrayItemCountResolversDifferentValidationGroup(maxSizeFiftyArray) [5]" classname="com.github.victools.jsonschema.module.javax.validation.JavaxValidationModuleTest" time="0.001"/>
  <testcase name="testArrayItemCountResolversDifferentValidationGroup(maxSizeFiftyOnGetterArray) [6]" classname="com.github.victools.jsonschema.module.javax.validation.JavaxValidationModuleTest" time="0.001"/>
  <testcase name="testArrayItemCountResolversDifferentValidationGroup(sizeTenToTwentySet) [7]" classname="com.github.victools.jsonschema.module.javax.validation.JavaxValidationModuleTest" time="0.001"/>
  <testcase name="testArrayItemCountResolversDifferentValidationGroup(sizeTenToTwentyOnGetterSet) [8]" classname="com.github.victools.jsonschema.module.javax.validation.JavaxValidationModuleTest" time="0.001"/>
  <testcase name="testArrayItemCountResolversDifferentValidationGroup(nonEmptyMaxSizeHundredList) [9]" classname="com.github.victools.jsonschema.module.javax.validation.JavaxValidationModuleTest" time="0"/>
  <testcase name="testArrayItemCountResolversDifferentValidationGroup(nonEmptyMaxSizeHundredOnGetterList) [10]" classname="com.github.victools.jsonschema.module.javax.validation.JavaxValidationModuleTest" time="0.001"/>
  <testcase name="testStringFormatAndPatternResolversMatchingValidationGroup(unannotatedString, [INCLUDE_PATTERN_EXPRESSIONS], null, null) [0]" classname="com.github.victools.jsonschema.module.javax.validation.JavaxValidationModuleTest" time="0.001"/>
  <testcase name="testStringFormatAndPatternResolversMatchingValidationGroup(sizeTenToTwentyArray, [INCLUDE_PATTERN_EXPRESSIONS], null, null) [1]" classname="com.github.victools.jsonschema.module.javax.validation.JavaxValidationModuleTest" time="0"/>
  <testcase name="testStringFormatAndPatternResolversMatchingValidationGroup(sizeTenToTwentyOnGetterArray, [INCLUDE_PATTERN_EXPRESSIONS], null, null) [2]" classname="com.github.victools.jsonschema.module.javax.validation.JavaxValidationModuleTest" time="0.001"/>
  <testcase name="testStringFormatAndPatternResolversMatchingValidationGroup(minSizeFiveSequence, [INCLUDE_PATTERN_EXPRESSIONS], null, ^\d+$) [3]" classname="com.github.victools.jsonschema.module.javax.validation.JavaxValidationModuleTest" time="0.001"/>
  <testcase name="testStringFormatAndPatternResolversMatchingValidationGroup(minSizeFiveOnGetterSequence, [INCLUDE_PATTERN_EXPRESSIONS], null, ^\d+$) [4]" classname="com.github.victools.jsonschema.module.javax.validation.JavaxValidationModuleTest" time="0.001"/>
  <testcase name="testStringFormatAndPatternResolversMatchingValidationGroup(nonEmptyMaxSizeHundredString, [INCLUDE_PATTERN_EXPRESSIONS], email, null) [5]" classname="com.github.victools.jsonschema.module.javax.validation.JavaxValidationModuleTest" time="0.001"/>
  <testcase name="testStringFormatAndPatternResolversMatchingValidationGroup(nonEmptyMaxSizeHundredString, [INCLUDE_PATTERN_EXPRESSIONS, PREFER_IDN_EMAIL_FORMAT], idn-email, null) [6]" classname="com.github.victools.jsonschema.module.javax.validation.JavaxValidationModuleTest" time="0.001"/>
  <testcase name="testStringFormatAndPatternResolversMatchingValidationGroup(nonEmptyMaxSizeHundredOnGetterString, [INCLUDE_PATTERN_EXPRESSIONS], email, null) [7]" classname="com.github.victools.jsonschema.module.javax.validation.JavaxValidationModuleTest" time="0.001"/>
  <testcase name="testStringFormatAndPatternResolversMatchingValidationGroup(nonEmptyMaxSizeHundredOnGetterString, [INCLUDE_PATTERN_EXPRESSIONS, PREFER_IDN_EMAIL_FORMAT], idn-email, null) [8]" classname="com.github.victools.jsonschema.module.javax.validation.JavaxValidationModuleTest" time="0.001"/>
  <testcase name="testStringFormatAndPatternResolversMatchingValidationGroup(nonBlankString, [INCLUDE_PATTERN_EXPRESSIONS], email, ^.+your-company\.com$) [9]" classname="com.github.victools.jsonschema.module.javax.validation.JavaxValidationModuleTest" time="0"/>
  <testcase name="testStringFormatAndPatternResolversMatchingValidationGroup(nonBlankOnGetterString, [INCLUDE_PATTERN_EXPRESSIONS], email, ^.+your-company\.com$) [10]" classname="com.github.victools.jsonschema.module.javax.validation.JavaxValidationModuleTest" time="0"/>
  <testcase name="testNullableCheckOnMethodNoValidationGroup(unannotatedField, null) [0]" classname="com.github.victools.jsonschema.module.javax.validation.JavaxValidationModuleTest" time="0.001"/>
  <testcase name="testNullableCheckOnMethodNoValidationGroup(notNullNumber, false) [1]" classname="com.github.victools.jsonschema.module.javax.validation.JavaxValidationModuleTest" time="0.001"/>
  <testcase name="testNullableCheckOnMethodNoValidationGroup(notNullOnGetterNumber, false) [2]" classname="com.github.victools.jsonschema.module.javax.validation.JavaxValidationModuleTest" time="0"/>
  <testcase name="testNullableCheckOnMethodNoValidationGroup(notEmptyList, false) [3]" classname="com.github.victools.jsonschema.module.javax.validation.JavaxValidationModuleTest" time="0.001"/>
  <testcase name="testNullableCheckOnMethodNoValidationGroup(notEmptyOnGetterList, false) [4]" classname="com.github.victools.jsonschema.module.javax.validation.JavaxValidationModuleTest" time="0.001"/>
  <testcase name="testNullableCheckOnMethodNoValidationGroup(notBlankString, false) [5]" classname="com.github.victools.jsonschema.module.javax.validation.JavaxValidationModuleTest" time="0"/>
  <testcase name="testNullableCheckOnMethodNoValidationGroup(notBlankOnGetterString, false) [6]" classname="com.github.victools.jsonschema.module.javax.validation.JavaxValidationModuleTest" time="0.001"/>
  <testcase name="testNullableCheckOnMethodNoValidationGroup(nullField, true) [7]" classname="com.github.victools.jsonschema.module.javax.validation.JavaxValidationModuleTest" time="0.001"/>
  <testcase name="testNullableCheckOnMethodNoValidationGroup(nullGetter, true) [8]" classname="com.github.victools.jsonschema.module.javax.validation.JavaxValidationModuleTest" time="0"/>
  <testcase name="testApplyToConfigBuilderWithDefaultOptions" classname="com.github.victools.jsonschema.module.javax.validation.JavaxValidationModuleTest" time="0.002"/>
  <testcase name="testStringLengthResolversNoValidationGroup(unannotatedString, null, null) [0]" classname="com.github.victools.jsonschema.module.javax.validation.JavaxValidationModuleTest" time="0"/>
  <testcase name="testStringLengthResolversNoValidationGroup(sizeTenToTwentyArray, null, null) [1]" classname="com.github.victools.jsonschema.module.javax.validation.JavaxValidationModuleTest" time="0.001"/>
  <testcase name="testStringLengthResolversNoValidationGroup(sizeTenToTwentyOnGetterArray, null, null) [2]" classname="com.github.victools.jsonschema.module.javax.validation.JavaxValidationModuleTest" time="0"/>
  <testcase name="testStringLengthResolversNoValidationGroup(minSizeFiveSequence, 5, null) [3]" classname="com.github.victools.jsonschema.module.javax.validation.JavaxValidationModuleTest" time="0.001"/>
  <testcase name="testStringLengthResolversNoValidationGroup(minSizeFiveOnGetterSequence, 5, null) [4]" classname="com.github.victools.jsonschema.module.javax.validation.JavaxValidationModuleTest" time="0.001"/>
  <testcase name="testStringLengthResolversNoValidationGroup(maxSizeFiftyString, null, 50) [5]" classname="com.github.victools.jsonschema.module.javax.validation.JavaxValidationModuleTest" time="0"/>
  <testcase name="testStringLengthResolversNoValidationGroup(maxSizeFiftyOnGetterString, null, 50) [6]" classname="com.github.victools.jsonschema.module.javax.validation.JavaxValidationModuleTest" time="0.001"/>
  <testcase name="testStringLengthResolversNoValidationGroup(sizeTenToTwentyString, 10, 20) [7]" classname="com.github.victools.jsonschema.module.javax.validation.JavaxValidationModuleTest" time="0.001"/>
  <testcase name="testStringLengthResolversNoValidationGroup(sizeTenToTwentyOnGetterString, 10, 20) [8]" classname="com.github.victools.jsonschema.module.javax.validation.JavaxValidationModuleTest" time="0"/>
  <testcase name="testStringLengthResolversNoValidationGroup(nonEmptyMaxSizeHundredString, 1, 100) [9]" classname="com.github.victools.jsonschema.module.javax.validation.JavaxValidationModuleTest" time="0.001"/>
  <testcase name="testStringLengthResolversNoValidationGroup(nonEmptyMaxSizeHundredOnGetterString, 1, 100) [10]" classname="com.github.victools.jsonschema.module.javax.validation.JavaxValidationModuleTest" time="0"/>
  <testcase name="testStringLengthResolversNoValidationGroup(nonBlankString, 1, null) [11]" classname="com.github.victools.jsonschema.module.javax.validation.JavaxValidationModuleTest" time="0.001"/>
  <testcase name="testStringLengthResolversNoValidationGroup(nonBlankOnGetterString, 1, null) [12]" classname="com.github.victools.jsonschema.module.javax.validation.JavaxValidationModuleTest" time="0.001"/>
  <testcase name="testStringFormatAndPatternResolversNoValidationGroup(unannotatedString, [INCLUDE_PATTERN_EXPRESSIONS], null, null) [0]" classname="com.github.victools.jsonschema.module.javax.validation.JavaxValidationModuleTest" time="0"/>
  <testcase name="testStringFormatAndPatternResolversNoValidationGroup(sizeTenToTwentyArray, [INCLUDE_PATTERN_EXPRESSIONS], null, null) [1]" classname="com.github.victools.jsonschema.module.javax.validation.JavaxValidationModuleTest" time="0.001"/>
  <testcase name="testStringFormatAndPatternResolversNoValidationGroup(sizeTenToTwentyOnGetterArray, [INCLUDE_PATTERN_EXPRESSIONS], null, null) [2]" classname="com.github.victools.jsonschema.module.javax.validation.JavaxValidationModuleTest" time="0.001"/>
  <testcase name="testStringFormatAndPatternResolversNoValidationGroup(minSizeFiveSequence, [INCLUDE_PATTERN_EXPRESSIONS], null, ^\d+$) [3]" classname="com.github.victools.jsonschema.module.javax.validation.JavaxValidationModuleTest" time="0"/>
  <testcase name="testStringFormatAndPatternResolversNoValidationGroup(minSizeFiveOnGetterSequence, [INCLUDE_PATTERN_EXPRESSIONS], null, ^\d+$) [4]" classname="com.github.victools.jsonschema.module.javax.validation.JavaxValidationModuleTest" time="0.001"/>
  <testcase name="testStringFormatAndPatternResolversNoValidationGroup(nonEmptyMaxSizeHundredString, [INCLUDE_PATTERN_EXPRESSIONS], email, null) [5]" classname="com.github.victools.jsonschema.module.javax.validation.JavaxValidationModuleTest" time="0"/>
  <testcase name="testStringFormatAndPatternResolversNoValidationGroup(nonEmptyMaxSizeHundredString, [INCLUDE_PATTERN_EXPRESSIONS, PREFER_IDN_EMAIL_FORMAT], idn-email, null) [6]" classname="com.github.victools.jsonschema.module.javax.validation.JavaxValidationModuleTest" time="0.001"/>
  <testcase name="testStringFormatAndPatternResolversNoValidationGroup(nonEmptyMaxSizeHundredOnGetterString, [INCLUDE_PATTERN_EXPRESSIONS], email, null) [7]" classname="com.github.victools.jsonschema.module.javax.validation.JavaxValidationModuleTest" time="0.001"/>
  <testcase name="testStringFormatAndPatternResolversNoValidationGroup(nonEmptyMaxSizeHundredOnGetterString, [INCLUDE_PATTERN_EXPRESSIONS, PREFER_IDN_EMAIL_FORMAT], idn-email, null) [8]" classname="com.github.victools.jsonschema.module.javax.validation.JavaxValidationModuleTest" time="0"/>
  <testcase name="testStringFormatAndPatternResolversNoValidationGroup(nonBlankString, [INCLUDE_PATTERN_EXPRESSIONS], email, ^.+your-company\.com$) [9]" classname="com.github.victools.jsonschema.module.javax.validation.JavaxValidationModuleTest" time="0"/>
  <testcase name="testStringFormatAndPatternResolversNoValidationGroup(nonBlankOnGetterString, [INCLUDE_PATTERN_EXPRESSIONS], email, ^.+your-company\.com$) [10]" classname="com.github.victools.jsonschema.module.javax.validation.JavaxValidationModuleTest" time="0.001"/>
  <testcase name="testApplyToConfigBuilderWithAllOptions" classname="com.github.victools.jsonschema.module.javax.validation.JavaxValidationModuleTest" time="0.002"/>
</testsuite>