<?xml version="1.0" encoding="UTF-8"?>
<testsuite xmlns:xsi="http://www.w3.org/2001/XMLSchema-instance" xsi:schemaLocation="https://maven.apache.org/surefire/maven-surefire-plugin/xsd/surefire-test-report.xsd" name="am.xo.cdjscrobbler.SongStateTest" time="0.075" tests="42" errors="0" skipped="0" failures="0">
  <properties>
    <property name="java.runtime.name" value="OpenJDK Runtime Environment"/>
    <property name="sun.boot.library.path" value="/usr/local/openjdk-8/jre/lib/amd64"/>
    <property name="java.vm.version" value="25.262-b10"/>
    <property name="animal.sniffer.skip" value="true"/>
    <property name="java.vm.vendor" value="Oracle Corporation"/>
    <property name="maven.multiModuleProjectDirectory" value="/tmp/tmpzi_20w3k/cdjscrobbler"/>
    <property name="maven.javadoc.skip" value="true"/>
    <property name="java.vendor.url" value="http://java.oracle.com/"/>
    <property name="path.separator" value=":"/>
    <property name="guice.disable.misplaced.annotation.check" value="true"/>
    <property name="java.vm.name" value="OpenJDK 64-Bit Server VM"/>
    <property name="file.encoding.pkg" value="sun.io"/>
    <property name="sun.java.launcher" value="SUN_STANDARD"/>
    <property name="sun.os.patch.level" value="unknown"/>
    <property name="source.skip" value="true"/>
    <property name="java.vm.specification.name" value="Java Virtual Machine Specification"/>
    <property name="user.dir" value="/tmp/tmpzi_20w3k/cdjscrobbler"/>
    <property name="java.runtime.version" value="1.8.0_262-b10"/>
    <property name="java.awt.graphicsenv" value="sun.awt.X11GraphicsEnvironment"/>
    <property name="java.endorsed.dirs" value="/usr/local/openjdk-8/jre/lib/endorsed"/>
    <property name="os.arch" value="amd64"/>
    <property name="java.io.tmpdir" value="/tmp"/>
    <property name="line.separator" value="&#10;"/>
    <property name="java.vm.specification.vendor" value="Oracle Corporation"/>
    <property name="os.name" value="Linux"/>
    <property name="classworlds.conf" value="/usr/share/maven/bin/m2.conf"/>
    <property name="sun.jnu.encoding" value="UTF-8"/>
    <property name="java.library.path" value="/usr/java/packages/lib/amd64:/usr/lib64:/lib64:/lib:/usr/lib"/>
    <property name="license.skip" value="true"/>
    <property name="maven.conf" value="/usr/share/maven/conf"/>
    <property name="java.specification.name" value="Java Platform API Specification"/>
    <property name="java.class.version" value="52.0"/>
    <property name="sun.management.compiler" value="HotSpot 64-Bit Tiered Compilers"/>
    <property name="maven.test.failure.ignore" value="true"/>
    <property name="os.version" value="4.15.0-109-generic"/>
    <property name="library.jansi.path" value="/usr/share/maven/lib/jansi-native"/>
    <property name="user.home" value="/home/jdbl"/>
    <property name="user.timezone" value="Etc/UTC"/>
    <property name="java.awt.printerjob" value="sun.print.PSPrinterJob"/>
    <property name="java.specification.version" value="1.8"/>
    <property name="file.encoding" value="UTF-8"/>
    <property name="user.name" value="jdbl"/>
    <property name="java.class.path" value="/usr/share/maven/boot/plexus-classworlds-2.6.0.jar"/>
    <property name="java.vm.specification.version" value="1.8"/>
    <property name="sun.arch.data.model" value="64"/>
    <property name="java.home" value="/usr/local/openjdk-8/jre"/>
    <property name="sun.java.command" value="org.codehaus.plexus.classworlds.launcher.Launcher test -e --fail-never -ntp -Dmaven.test.failure.ignore=true -B -Dmaven.javadoc.skip=true -Drat.skip=true -Danimal.sniffer.skip=true -Dmaven.javadoc.skip=true -Dlicense.skip=true -Dsource.skip=true"/>
    <property name="java.specification.vendor" value="Oracle Corporation"/>
    <property name="user.language" value="en"/>
    <property name="awt.toolkit" value="sun.awt.X11.XToolkit"/>
    <property name="java.vm.info" value="mixed mode"/>
    <property name="java.version" value="1.8.0_262"/>
    <property name="java.ext.dirs" value="/usr/local/openjdk-8/jre/lib/ext:/usr/java/packages/lib/ext"/>
    <property name="securerandom.source" value="file:/dev/./urandom"/>
    <property name="sun.boot.class.path" value="/usr/local/openjdk-8/jre/lib/resources.jar:/usr/local/openjdk-8/jre/lib/rt.jar:/usr/local/openjdk-8/jre/lib/sunrsasign.jar:/usr/local/openjdk-8/jre/lib/jsse.jar:/usr/local/openjdk-8/jre/lib/jce.jar:/usr/local/openjdk-8/jre/lib/charsets.jar:/usr/local/openjdk-8/jre/lib/jfr.jar:/usr/local/openjdk-8/jre/classes"/>
    <property name="java.vendor" value="Oracle Corporation"/>
    <property name="rat.skip" value="true"/>
    <property name="maven.home" value="/usr/share/maven"/>
    <property name="file.separator" value="/"/>
    <property name="java.vendor.url.bug" value="http://bugreport.sun.com/bugreport/"/>
    <property name="sun.cpu.endian" value="little"/>
    <property name="sun.io.unicode.encoding" value="UnicodeLittle"/>
    <property name="sun.cpu.isalist" value=""/>
  </properties>
  <testcase name="test_PLAYING_to_STOPPED_when_song_is_stopping" classname="am.xo.cdjscrobbler.SongStateTest" time="0.011"/>
  <testcase name="test_SCROBBLING_to_SCROBBLINGPAUSED_if_not_stopping_and_not_playing_forward" classname="am.xo.cdjscrobbler.SongStateTest" time="0.002"/>
  <testcase name="test_CUEING_to_CUEINGPAUSED_emits_no_event" classname="am.xo.cdjscrobbler.SongStateTest" time="0.001"/>
  <testcase name="test_CUEING_to_PLAYING_when_song_passes_now_playing_point" classname="am.xo.cdjscrobbler.SongStateTest" time="0.002"/>
  <testcase name="test_SCROBBLING_emits_no_event_if_playing_forward" classname="am.xo.cdjscrobbler.SongStateTest" time="0.002"/>
  <testcase name="test_SCROBBLINGPAUSED_emits_no_event_if_not_stopping_and_not_playing_forward" classname="am.xo.cdjscrobbler.SongStateTest" time="0.002"/>
  <testcase name="test_SCROBBLING_to_STOPPED_when_song_is_stopping" classname="am.xo.cdjscrobbler.SongStateTest" time="0.001"/>
  <testcase name="test_CUEINGPAUSED_to_CUEING_when_song_is_playing_forward" classname="am.xo.cdjscrobbler.SongStateTest" time="0.001"/>
  <testcase name="test_PLAYINGPAUSED_emits_no_event_if_not_stopping_and_not_playing_forward" classname="am.xo.cdjscrobbler.SongStateTest" time="0.001"/>
  <testcase name="test_CUEING_to_CUEINGPAUSED_resets_song_model" classname="am.xo.cdjscrobbler.SongStateTest" time="0.002"/>
  <testcase name="test_isStopping_no_track_loaded" classname="am.xo.cdjscrobbler.SongStateTest" time="0.001"/>
  <testcase name="test_PLAYING_to_SCROBBLING_when_song_is_past_scrobble_point" classname="am.xo.cdjscrobbler.SongStateTest" time="0.001"/>
  <testcase name="test_CUEING_to_CUEINGPAUSED_when_a_song_stops_before_now_playing_point" classname="am.xo.cdjscrobbler.SongStateTest" time="0.002"/>
  <testcase name="test_PLAYINGPAUSED_to_PLAYING_if_song_is_playing_forward" classname="am.xo.cdjscrobbler.SongStateTest" time="0.001"/>
  <testcase name="test_SCROBBLINGPAUSED_to_STOPPED_if_song_is_stopping" classname="am.xo.cdjscrobbler.SongStateTest" time="0.001"/>
  <testcase name="test_PLAYING_emits_TransitionEvent_when_song_is_past_scrobble_point" classname="am.xo.cdjscrobbler.SongStateTest" time="0.001"/>
  <testcase name="test_STARTED_does_not_start_until_a_song_is_playing" classname="am.xo.cdjscrobbler.SongStateTest" time="0.001"/>
  <testcase name="test_PLAYINGPAUSED_to_PLAYING_emits_TransitionEvent" classname="am.xo.cdjscrobbler.SongStateTest" time="0.001"/>
  <testcase name="test_STARTED_to_CUEING_when_a_song_is_playing" classname="am.xo.cdjscrobbler.SongStateTest" time="0.001"/>
  <testcase name="test_not_isStopping_if_same_song_still_hasnt_ended" classname="am.xo.cdjscrobbler.SongStateTest" time="0.001"/>
  <testcase name="test_CUEINGPAUSED_emits_ResetEvent_when_song_is_stopping" classname="am.xo.cdjscrobbler.SongStateTest" time="0.001"/>
  <testcase name="test_PLAYINGPAUSED_to_STOPPED_emits_ResetEvent" classname="am.xo.cdjscrobbler.SongStateTest" time="0.001"/>
  <testcase name="test_isStopping_if_at_end" classname="am.xo.cdjscrobbler.SongStateTest" time="0.001"/>
  <testcase name="test_PLAYING_to_PLAYINGPAUSED_if_not_stopping_and_not_playing_forward" classname="am.xo.cdjscrobbler.SongStateTest" time="0.001"/>
  <testcase name="test_STARTED_does_emits_event_when_song_is_playing" classname="am.xo.cdjscrobbler.SongStateTest" time="0.001"/>
  <testcase name="test_PLAYINGPAUSED_to_STOPPED_if_song_is_stopping" classname="am.xo.cdjscrobbler.SongStateTest" time="0.001"/>
  <testcase name="test_STARTED_does_not_emit_event_when_no_song_is_playing" classname="am.xo.cdjscrobbler.SongStateTest" time="0.001"/>
  <testcase name="test_PLAYING_adds_playtime_to_model" classname="am.xo.cdjscrobbler.SongStateTest" time="0.002"/>
  <testcase name="test_SCROBBLINGPAUSED_to_SCROBBLING_emits_TransitionEvent" classname="am.xo.cdjscrobbler.SongStateTest" time="0.001"/>
  <testcase name="test_SCROBBLING_emits_ScrobbleEvent_when_song_is_stopping" classname="am.xo.cdjscrobbler.SongStateTest" time="0.001"/>
  <testcase name="test_SCROBBLINGPAUSED_to_SCROBBLING_if_song_is_playing_forward" classname="am.xo.cdjscrobbler.SongStateTest" time="0"/>
  <testcase name="test_PLAYING_emits_ResetEvent_when_song_is_stopping" classname="am.xo.cdjscrobbler.SongStateTest" time="0"/>
  <testcase name="test_SCROBBLINGPAUSED_to_STOPPED_emits_ScrobbleEvent" classname="am.xo.cdjscrobbler.SongStateTest" time="0.001"/>
  <testcase name="test_CUEINGPAUSED_to_STOPPED_when_song_is_stopping" classname="am.xo.cdjscrobbler.SongStateTest" time="0.001"/>
  <testcase name="test_SCROBBLING_to_SCROBBLINGPAUSED_emits_TransitionEvent" classname="am.xo.cdjscrobbler.SongStateTest" time="0.001"/>
  <testcase name="test_SCROBBLING_adds_playtime_to_model" classname="am.xo.cdjscrobbler.SongStateTest" time="0.001"/>
  <testcase name="test_CUEING_adds_playtime_to_model" classname="am.xo.cdjscrobbler.SongStateTest" time="0.001"/>
  <testcase name="test_STARTED_records_basic_song_details_when_a_song_starts" classname="am.xo.cdjscrobbler.SongStateTest" time="0.001"/>
  <testcase name="test_isStopping_different_song" classname="am.xo.cdjscrobbler.SongStateTest" time="0.001"/>
  <testcase name="test_PLAYING_emit_no_event_if_playing_forward_before_scrobble_point" classname="am.xo.cdjscrobbler.SongStateTest" time="0.001"/>
  <testcase name="test_PLAYING_emits_TransitionEvent_if_not_stopping_and_not_playing_forward" classname="am.xo.cdjscrobbler.SongStateTest" time="0.001"/>
  <testcase name="test_CUEING_emits_NowPlayingEvent_when_song_passes_now_playing_point" classname="am.xo.cdjscrobbler.SongStateTest" time="0.001"/>
</testsuite>