<?xml version="1.0" encoding="UTF-8"?>
<testsuite xmlns:xsi="http://www.w3.org/2001/XMLSchema-instance" xsi:schemaLocation="https://maven.apache.org/surefire/maven-surefire-plugin/xsd/surefire-test-report.xsd" name="com.openpojo.dns.structure.OutOfOrderTestFragilityTest" time="1.238" tests="1" errors="0" skipped="0" failures="1">
  <properties>
    <property name="java.runtime.name" value="OpenJDK Runtime Environment"/>
    <property name="sun.boot.library.path" value="/usr/local/openjdk-8/jre/lib/amd64"/>
    <property name="java.vm.version" value="25.262-b10"/>
    <property name="animal.sniffer.skip" value="true"/>
    <property name="java.vm.vendor" value="Oracle Corporation"/>
    <property name="maven.multiModuleProjectDirectory" value="/tmp/tmpnpiam3ga/dnscontrol"/>
    <property name="maven.javadoc.skip" value="true"/>
    <property name="java.vendor.url" value="http://java.oracle.com/"/>
    <property name="path.separator" value=":"/>
    <property name="guice.disable.misplaced.annotation.check" value="true"/>
    <property name="java.vm.name" value="OpenJDK 64-Bit Server VM"/>
    <property name="file.encoding.pkg" value="sun.io"/>
    <property name="sun.java.launcher" value="SUN_STANDARD"/>
    <property name="sun.os.patch.level" value="unknown"/>
    <property name="source.skip" value="true"/>
    <property name="java.vm.specification.name" value="Java Virtual Machine Specification"/>
    <property name="user.dir" value="/tmp/tmpnpiam3ga/dnscontrol"/>
    <property name="java.runtime.version" value="1.8.0_262-b10"/>
    <property name="java.awt.graphicsenv" value="sun.awt.X11GraphicsEnvironment"/>
    <property name="java.endorsed.dirs" value="/usr/local/openjdk-8/jre/lib/endorsed"/>
    <property name="os.arch" value="amd64"/>
    <property name="java.io.tmpdir" value="/tmp"/>
    <property name="line.separator" value="&#10;"/>
    <property name="java.vm.specification.vendor" value="Oracle Corporation"/>
    <property name="os.name" value="Linux"/>
    <property name="classworlds.conf" value="/usr/share/maven/bin/m2.conf"/>
    <property name="sun.jnu.encoding" value="UTF-8"/>
    <property name="java.library.path" value="/usr/java/packages/lib/amd64:/usr/lib64:/lib64:/lib:/usr/lib"/>
    <property name="license.skip" value="true"/>
    <property name="maven.conf" value="/usr/share/maven/conf"/>
    <property name="java.specification.name" value="Java Platform API Specification"/>
    <property name="java.class.version" value="52.0"/>
    <property name="sun.management.compiler" value="HotSpot 64-Bit Tiered Compilers"/>
    <property name="maven.test.failure.ignore" value="true"/>
    <property name="os.version" value="4.15.0-109-generic"/>
    <property name="library.jansi.path" value="/usr/share/maven/lib/jansi-native"/>
    <property name="user.home" value="/home/jdbl"/>
    <property name="user.timezone" value="Etc/UTC"/>
    <property name="java.awt.printerjob" value="sun.print.PSPrinterJob"/>
    <property name="java.specification.version" value="1.8"/>
    <property name="file.encoding" value="UTF-8"/>
    <property name="user.name" value="jdbl"/>
    <property name="java.class.path" value="/usr/share/maven/boot/plexus-classworlds-2.6.0.jar"/>
    <property name="java.vm.specification.version" value="1.8"/>
    <property name="sun.arch.data.model" value="64"/>
    <property name="java.home" value="/usr/local/openjdk-8/jre"/>
    <property name="sun.java.command" value="org.codehaus.plexus.classworlds.launcher.Launcher test -e --fail-never -ntp -Dmaven.test.failure.ignore=true -B -Dmaven.javadoc.skip=true -Drat.skip=true -Danimal.sniffer.skip=true -Dmaven.javadoc.skip=true -Dlicense.skip=true -Dsource.skip=true"/>
    <property name="java.specification.vendor" value="Oracle Corporation"/>
    <property name="user.language" value="en"/>
    <property name="awt.toolkit" value="sun.awt.X11.XToolkit"/>
    <property name="java.vm.info" value="mixed mode"/>
    <property name="java.version" value="1.8.0_262"/>
    <property name="java.ext.dirs" value="/usr/local/openjdk-8/jre/lib/ext:/usr/java/packages/lib/ext"/>
    <property name="securerandom.source" value="file:/dev/./urandom"/>
    <property name="sun.boot.class.path" value="/usr/local/openjdk-8/jre/lib/resources.jar:/usr/local/openjdk-8/jre/lib/rt.jar:/usr/local/openjdk-8/jre/lib/sunrsasign.jar:/usr/local/openjdk-8/jre/lib/jsse.jar:/usr/local/openjdk-8/jre/lib/jce.jar:/usr/local/openjdk-8/jre/lib/charsets.jar:/usr/local/openjdk-8/jre/lib/jfr.jar:/usr/local/openjdk-8/jre/classes"/>
    <property name="java.vendor" value="Oracle Corporation"/>
    <property name="rat.skip" value="true"/>
    <property name="maven.home" value="/usr/share/maven"/>
    <property name="file.separator" value="/"/>
    <property name="java.vendor.url.bug" value="http://bugreport.sun.com/bugreport/"/>
    <property name="sun.cpu.endian" value="little"/>
    <property name="sun.io.unicode.encoding" value="UnicodeLittle"/>
    <property name="sun.cpu.isalist" value=""/>
  </properties>
  <testcase name="regressTestingOrder" classname="com.openpojo.dns.structure.OutOfOrderTestFragilityTest" time="1.238">
    <failure message="One or more test failed!" type="java.lang.AssertionError">java.lang.AssertionError: One or more test failed!
	at com.openpojo.dns.structure.OutOfOrderTestFragilityTest.runAllTestsInRandomOrder(OutOfOrderTestFragilityTest.java:93)
	at com.openpojo.dns.structure.OutOfOrderTestFragilityTest.regressTestingOrder(OutOfOrderTestFragilityTest.java:64)
</failure>
    <system-out><![CDATA[Test: com.openpojo.dns.service.lookup.SimpleNameServiceLookupTest...Passed!
Test: com.openpojo.dns.config.impl.EnvironmentDnsConfigReaderTest...Passed!
Test: com.openpojo.dns.config.DnsConfigReaderFactoryTest...Passed!
Test: com.openpojo.dns.service.java.v7.JavaNameServiceTest...Passed!
Test: com.openpojo.dns.service.initialize.DefaultResolverTest...Passed!
Test: com.openpojo.dns.resolve.NoOpResolverTest...Passed!
Test: com.openpojo.dns.service.java.Java9NameServiceInterceptorOnJavaPre9Test...Passed!
Test: com.openpojo.dns.cache.CacheControlTest...Failed![shouldClearCachePostPopulation(com.openpojo.dns.cache.CacheControlTest): 
Expected: is <1>
     but: was <14>]
Test: com.openpojo.dns.routing.utils.DomainUtilsTest...Passed!
Test: com.openpojo.dns.resolve.UnimplementedResolverTest...Passed!
Test: com.openpojo.dns.routing.impl.OptimizedRoutingTableTest...Passed!
Test: com.openpojo.dns.routing.impl.RoutingTableBuilderTest...Passed!
Test: com.openpojo.dns.service.java.reflection.NameServiceProxyTest...Passed!
Test: com.openpojo.dns.service.java.v7.NameServiceDescriptorServiceFileTest...Passed!
Test: com.openpojo.dns.config.impl.SimpleHostFileReaderTest...Passed!
Test: com.openpojo.dns.DnsControlTest...Failed![shouldClearCacheWheneverRoutingTableChanges(com.openpojo.dns.DnsControlTest): 
Expected: is <1>
     but: was <14>]
Test: com.openpojo.dns.playpen.NetworkInterfacesTest...Passed!
Test: com.openpojo.dns.config.props.PropertiesLoaderTest...Passed!
Test: com.openpojo.dns.config.impl.SystemDnsConfigReaderTest...Passed!
Test: com.openpojo.dns.service.initialize.DefaultDomainTest...Passed!
Test: com.openpojo.dns.service.java.v7.JavaNameServiceDescriptorTest...Passed!
Test: com.openpojo.dns.config.utils.ServerParserTest...Passed!
Test: com.openpojo.dns.config.impl.FileConfiguratorTest...Passed!
Test: com.openpojo.dns.resolve.RoutingResolverTest...Passed!
Test: com.openpojo.dns.service.java.reflection.LocalHostInfoTest...Passed!
Test: com.openpojo.dns.routing.publicdns.PublicDNSProvidersTest...Passed!
Test: com.openpojo.dns.service.initialize.DefaultIPv6PreferenceTest...Passed!
Test: com.openpojo.dns.config.impl.NoOpDnsConfigReaderTest...Passed!
Test: com.openpojo.dns.config.HostFileEntryFactoryTest...Passed!
Test: com.openpojo.dns.structure.PojoValidationTest...Passed!
Test: com.openpojo.dns.service.lookup.impl.HostsFileNameServiceTest...Passed!
Test: com.openpojo.dns.service.java.v9.Java9NameServiceInterceptorTest...Passed!
Test: com.openpojo.dns.service.java.reflection.ReflectionHelperTest...Passed!
Test: com.openpojo.dns.service.lookup.impl.SimpleHostMapNameServiceTest...Passed!
Test: com.openpojo.dns.service.lookup.util.NameFactoryTest...Passed!
]]></system-out>
    <system-err><![CDATA[Jul 30, 2020 10:11:30 PM com.openpojo.dns.service.lookup.impl.SimpleHostMapNameService init
INFO: Initializing SimpleHostMapNameService()
Jul 30, 2020 10:11:30 PM com.openpojo.dns.service.lookup.impl.HostsFileNameService init
INFO: Initializing, no host file set (jdk.net.hosts.file not set)
Jul 30, 2020 10:11:30 PM com.openpojo.dns.service.lookup.impl.HostsFileNameService init
INFO: Initialization complete.
Jul 30, 2020 10:11:30 PM com.openpojo.dns.service.lookup.impl.SimpleHostMapNameService init
INFO: Initializing SimpleHostMapNameService()
Jul 30, 2020 10:11:30 PM com.openpojo.dns.service.lookup.impl.HostsFileNameService init
INFO: Initializing, no host file set (jdk.net.hosts.file not set)
Jul 30, 2020 10:11:30 PM com.openpojo.dns.service.lookup.impl.HostsFileNameService init
INFO: Initialization complete.
Jul 30, 2020 10:11:30 PM com.openpojo.dns.service.lookup.impl.SimpleHostMapNameService init
INFO: Initializing SimpleHostMapNameService()
Jul 30, 2020 10:11:30 PM com.openpojo.dns.service.lookup.impl.HostsFileNameService init
INFO: Initializing, no host file set (jdk.net.hosts.file not set)
Jul 30, 2020 10:11:30 PM com.openpojo.dns.service.lookup.impl.HostsFileNameService init
INFO: Initialization complete.
Jul 30, 2020 10:11:30 PM com.openpojo.dns.service.lookup.impl.SimpleHostMapNameService init
INFO: Initializing SimpleHostMapNameService()
Jul 30, 2020 10:11:30 PM com.openpojo.dns.service.lookup.impl.HostsFileNameService init
INFO: Initializing, no host file set (jdk.net.hosts.file not set)
Jul 30, 2020 10:11:30 PM com.openpojo.dns.service.lookup.impl.HostsFileNameService init
INFO: Initialization complete.
Jul 30, 2020 10:11:30 PM com.openpojo.dns.service.lookup.impl.SimpleHostMapNameService init
INFO: Initializing SimpleHostMapNameService()
Jul 30, 2020 10:11:30 PM com.openpojo.dns.service.lookup.impl.HostsFileNameService init
INFO: Initializing, no host file set (jdk.net.hosts.file not set)
Jul 30, 2020 10:11:30 PM com.openpojo.dns.service.lookup.impl.HostsFileNameService init
INFO: Initialization complete.
Jul 30, 2020 10:11:30 PM com.openpojo.dns.service.lookup.impl.SimpleHostMapNameService init
INFO: Initializing SimpleHostMapNameService()
Jul 30, 2020 10:11:30 PM com.openpojo.dns.service.lookup.impl.HostsFileNameService init
INFO: Initializing with jdk.net.hosts.file set to [hosts.test.file]
Jul 30, 2020 10:11:30 PM com.openpojo.dns.service.lookup.impl.HostsFileNameService initForwardLookupMap
INFO: Adding forward lookup entry [localhost] resolving to [[/127.0.0.1, /0:0:0:0:0:0:0:1]]
Jul 30, 2020 10:11:30 PM com.openpojo.dns.service.lookup.impl.HostsFileNameService initForwardLookupMap
INFO: Adding forward lookup entry [server1.com] resolving to [[/127.0.0.1]]
Jul 30, 2020 10:11:30 PM com.openpojo.dns.service.lookup.impl.HostsFileNameService initForwardLookupMap
INFO: Adding forward lookup entry [mylocalserver] resolving to [[/10.0.0.1]]
Jul 30, 2020 10:11:30 PM com.openpojo.dns.service.lookup.impl.HostsFileNameService initForwardLookupMap
INFO: Adding forward lookup entry [server4] resolving to [[/10.0.0.4]]
Jul 30, 2020 10:11:30 PM com.openpojo.dns.service.lookup.impl.HostsFileNameService initForwardLookupMap
INFO: Adding forward lookup entry [server3] resolving to [[/10.0.0.3]]
Jul 30, 2020 10:11:30 PM com.openpojo.dns.service.lookup.impl.HostsFileNameService initForwardLookupMap
INFO: Adding forward lookup entry [broadcasthost] resolving to [[/255.255.255.255]]
Jul 30, 2020 10:11:30 PM com.openpojo.dns.service.lookup.impl.HostsFileNameService initForwardLookupMap
INFO: Adding forward lookup entry [server1again] resolving to [[/127.0.0.1]]
Jul 30, 2020 10:11:30 PM com.openpojo.dns.service.lookup.impl.HostsFileNameService initForwardLookupMap
INFO: Adding forward lookup entry [server2.com] resolving to [[/127.0.0.1]]
Jul 30, 2020 10:11:30 PM com.openpojo.dns.service.lookup.impl.HostsFileNameService initForwardLookupMap
INFO: Adding forward lookup entry [server2] resolving to [[/10.0.0.2]]
Jul 30, 2020 10:11:30 PM com.openpojo.dns.service.lookup.impl.HostsFileNameService initForwardLookupMap
INFO: Adding forward lookup entry [server5.com] resolving to [[/10.0.0.5]]
Jul 30, 2020 10:11:30 PM com.openpojo.dns.service.lookup.impl.HostsFileNameService initForwardLookupMap
INFO: Adding forward lookup entry [server1] resolving to [[/127.0.0.1]]
Jul 30, 2020 10:11:30 PM com.openpojo.dns.service.lookup.impl.HostsFileNameService initForwardLookupMap
INFO: Adding forward lookup entry [server50] resolving to [[/10.0.0.5]]
Jul 30, 2020 10:11:30 PM com.openpojo.dns.service.lookup.impl.HostsFileNameService initReverseLookupMap
INFO: Adding reverse lookup entry [::1] resolving to [localhost]
Jul 30, 2020 10:11:30 PM com.openpojo.dns.service.lookup.impl.HostsFileNameService initReverseLookupMap
INFO: Adding reverse lookup entry [255.255.255.255] resolving to [broadcasthost]
Jul 30, 2020 10:11:30 PM com.openpojo.dns.service.lookup.impl.HostsFileNameService initReverseLookupMap
INFO: Adding reverse lookup entry [10.0.0.4] resolving to [server4]
Jul 30, 2020 10:11:30 PM com.openpojo.dns.service.lookup.impl.HostsFileNameService initReverseLookupMap
INFO: Adding reverse lookup entry [10.0.0.3] resolving to [server3]
Jul 30, 2020 10:11:30 PM com.openpojo.dns.service.lookup.impl.HostsFileNameService initReverseLookupMap
INFO: Adding reverse lookup entry [fe80::1%unknown0] resolving to [localhost]
Jul 30, 2020 10:11:30 PM com.openpojo.dns.service.lookup.impl.HostsFileNameService initReverseLookupMap
INFO: Adding reverse lookup entry [10.0.0.5] resolving to [server5.com]
Jul 30, 2020 10:11:30 PM com.openpojo.dns.service.lookup.impl.HostsFileNameService initReverseLookupMap
INFO: Adding reverse lookup entry [10.0.0.2] resolving to [server2]
Jul 30, 2020 10:11:30 PM com.openpojo.dns.service.lookup.impl.HostsFileNameService initReverseLookupMap
INFO: Adding reverse lookup entry [10.0.0.1] resolving to [mylocalserver]
Jul 30, 2020 10:11:30 PM com.openpojo.dns.service.lookup.impl.HostsFileNameService initReverseLookupMap
INFO: Adding reverse lookup entry [127.0.0.1] resolving to [localhost]
Jul 30, 2020 10:11:30 PM com.openpojo.dns.service.lookup.impl.HostsFileNameService init
INFO: Initialization complete.
Jul 30, 2020 10:11:30 PM com.openpojo.dns.service.lookup.impl.SimpleHostMapNameService init
INFO: Initializing SimpleHostMapNameService()
Jul 30, 2020 10:11:30 PM com.openpojo.dns.service.lookup.impl.HostsFileNameService init
INFO: Initializing, no host file set (jdk.net.hosts.file not set)
Jul 30, 2020 10:11:30 PM com.openpojo.dns.service.lookup.impl.HostsFileNameService init
INFO: Initialization complete.
Jul 30, 2020 10:11:30 PM com.openpojo.dns.service.lookup.impl.SimpleHostMapNameService init
INFO: Initializing SimpleHostMapNameService()
Jul 30, 2020 10:11:30 PM com.openpojo.dns.service.lookup.impl.HostsFileNameService init
INFO: Initializing, no host file set (jdk.net.hosts.file not set)
Jul 30, 2020 10:11:30 PM com.openpojo.dns.service.lookup.impl.HostsFileNameService init
INFO: Initialization complete.
Jul 30, 2020 10:11:30 PM com.openpojo.dns.service.lookup.impl.SimpleHostMapNameService init
INFO: Initializing SimpleHostMapNameService()
Jul 30, 2020 10:11:30 PM com.openpojo.dns.service.lookup.impl.HostsFileNameService init
INFO: Initializing, no host file set (jdk.net.hosts.file not set)
Jul 30, 2020 10:11:30 PM com.openpojo.dns.service.lookup.impl.HostsFileNameService init
INFO: Initialization complete.
Jul 30, 2020 10:11:30 PM com.openpojo.dns.service.lookup.impl.SimpleHostMapNameService init
INFO: Initializing SimpleHostMapNameService()
Jul 30, 2020 10:11:30 PM com.openpojo.dns.service.lookup.impl.HostsFileNameService init
INFO: Initializing, no host file set (jdk.net.hosts.file not set)
Jul 30, 2020 10:11:30 PM com.openpojo.dns.service.lookup.impl.HostsFileNameService init
INFO: Initialization complete.
Jul 30, 2020 10:11:30 PM com.openpojo.dns.service.lookup.impl.SimpleHostMapNameService init
INFO: Initializing SimpleHostMapNameService()
Jul 30, 2020 10:11:30 PM com.openpojo.dns.service.lookup.impl.HostsFileNameService init
INFO: Initializing, no host file set (jdk.net.hosts.file not set)
Jul 30, 2020 10:11:30 PM com.openpojo.dns.service.lookup.impl.HostsFileNameService init
INFO: Initialization complete.
Jul 30, 2020 10:11:30 PM com.openpojo.dns.service.lookup.impl.SimpleHostMapNameService init
INFO: Initializing SimpleHostMapNameService()
Jul 30, 2020 10:11:30 PM com.openpojo.dns.service.lookup.impl.HostsFileNameService init
INFO: Initializing, no host file set (jdk.net.hosts.file not set)
Jul 30, 2020 10:11:30 PM com.openpojo.dns.service.lookup.impl.HostsFileNameService init
INFO: Initialization complete.
Jul 30, 2020 10:11:30 PM com.openpojo.dns.service.lookup.impl.SimpleHostMapNameService init
INFO: Initializing SimpleHostMapNameService()
Jul 30, 2020 10:11:30 PM com.openpojo.dns.service.lookup.impl.HostsFileNameService init
INFO: Initializing, no host file set (jdk.net.hosts.file not set)
Jul 30, 2020 10:11:30 PM com.openpojo.dns.service.lookup.impl.HostsFileNameService init
INFO: Initialization complete.
Jul 30, 2020 10:11:30 PM com.openpojo.dns.service.lookup.impl.SimpleHostMapNameService init
INFO: Initializing SimpleHostMapNameService()
Jul 30, 2020 10:11:30 PM com.openpojo.dns.service.lookup.impl.HostsFileNameService init
INFO: Initializing, no host file set (jdk.net.hosts.file not set)
Jul 30, 2020 10:11:30 PM com.openpojo.dns.service.lookup.impl.HostsFileNameService init
INFO: Initialization complete.
Jul 30, 2020 10:11:30 PM com.openpojo.dns.service.lookup.impl.SimpleHostMapNameService init
INFO: Initializing SimpleHostMapNameService()
Jul 30, 2020 10:11:30 PM com.openpojo.dns.service.lookup.impl.HostsFileNameService init
INFO: Initializing, no host file set (jdk.net.hosts.file not set)
Jul 30, 2020 10:11:30 PM com.openpojo.dns.service.lookup.impl.HostsFileNameService init
INFO: Initialization complete.
Jul 30, 2020 10:11:30 PM com.openpojo.dns.service.lookup.impl.SimpleHostMapNameService init
INFO: Initializing SimpleHostMapNameService()
Jul 30, 2020 10:11:30 PM com.openpojo.dns.service.lookup.impl.HostsFileNameService init
INFO: Initializing, no host file set (jdk.net.hosts.file not set)
Jul 30, 2020 10:11:30 PM com.openpojo.dns.service.lookup.impl.HostsFileNameService init
INFO: Initialization complete.
Jul 30, 2020 10:11:30 PM com.openpojo.dns.service.java.v7.JavaNameService <init>
INFO: Java name service initialized
Jul 30, 2020 10:11:30 PM com.openpojo.dns.service.java.v7.JavaNameService getHostByAddr
INFO: getHostByAddr(198.41.0.4)
Jul 30, 2020 10:11:30 PM com.openpojo.dns.service.lookup.impl.SimpleHostMapNameService init
INFO: Initializing SimpleHostMapNameService()
Jul 30, 2020 10:11:30 PM com.openpojo.dns.service.lookup.impl.HostsFileNameService init
INFO: Initializing, no host file set (jdk.net.hosts.file not set)
Jul 30, 2020 10:11:30 PM com.openpojo.dns.service.lookup.impl.HostsFileNameService init
INFO: Initialization complete.
Jul 30, 2020 10:11:30 PM com.openpojo.dns.service.java.v7.JavaNameService <init>
INFO: Java name service initialized
Jul 30, 2020 10:11:30 PM com.openpojo.dns.service.java.v7.JavaNameService lookupAllHostAddr
INFO: lookupAllHostAddr(a.root-servers.net.)
Jul 30, 2020 10:11:30 PM com.openpojo.dns.service.lookup.impl.SimpleHostMapNameService init
INFO: Initializing SimpleHostMapNameService()
Jul 30, 2020 10:11:30 PM com.openpojo.dns.service.lookup.impl.HostsFileNameService init
INFO: Initializing, no host file set (jdk.net.hosts.file not set)
Jul 30, 2020 10:11:30 PM com.openpojo.dns.service.lookup.impl.HostsFileNameService init
INFO: Initialization complete.
Jul 30, 2020 10:11:30 PM com.openpojo.dns.service.java.v7.JavaNameService <init>
INFO: Java name service initialized
Jul 30, 2020 10:11:30 PM com.openpojo.dns.service.lookup.impl.SimpleHostMapNameService init
INFO: Initializing SimpleHostMapNameService()
Jul 30, 2020 10:11:30 PM com.openpojo.dns.service.lookup.impl.HostsFileNameService init
INFO: Initializing, no host file set (jdk.net.hosts.file not set)
Jul 30, 2020 10:11:30 PM com.openpojo.dns.service.lookup.impl.HostsFileNameService init
INFO: Initialization complete.
Jul 30, 2020 10:11:30 PM com.openpojo.dns.service.java.v7.JavaNameService <init>
INFO: Java name service initialized
Jul 30, 2020 10:11:30 PM com.openpojo.dns.service.java.v7.JavaNameService lookupAllHostAddr
INFO: lookupAllHostAddr(a.root-servers.net.)
Jul 30, 2020 10:11:30 PM com.openpojo.dns.service.lookup.impl.SimpleHostMapNameService init
INFO: Initializing SimpleHostMapNameService()
Jul 30, 2020 10:11:30 PM com.openpojo.dns.service.lookup.impl.HostsFileNameService init
INFO: Initializing, no host file set (jdk.net.hosts.file not set)
Jul 30, 2020 10:11:30 PM com.openpojo.dns.service.lookup.impl.HostsFileNameService init
INFO: Initialization complete.
Jul 30, 2020 10:11:30 PM com.openpojo.dns.service.java.v7.JavaNameService <init>
INFO: Java name service initialized
Jul 30, 2020 10:11:30 PM com.openpojo.dns.service.java.v7.JavaNameService getHostByAddr
INFO: getHostByAddr(2001:503:ba3e:0:0:0:2:30)
Jul 30, 2020 10:11:30 PM com.openpojo.dns.routing.impl.RoutingTableBuilder build
INFO: building routing table with route [.com.openpojo.suppressedentry=[]]... Resolver set to [com.openpojo.dns.resolve.NoOpResolver@44841b43]
Jul 30, 2020 10:11:30 PM com.openpojo.dns.routing.impl.RoutingTableBuilder build
INFO: building routing table with route [.com.openpojo.someotherhost=[10.5.5.5]]... Resolver set to [org.xbill.DNS.ExtendedResolver@7c75db8b]
Jul 30, 2020 10:11:30 PM com.openpojo.dns.routing.impl.RoutingTableBuilder build
INFO: building routing table with route [.com.openpojo.sometoplevel.=[10.6.6.6, 10.7.7.7]]... Resolver set to [org.xbill.DNS.ExtendedResolver@4ab550d5]
Jul 30, 2020 10:11:30 PM com.openpojo.dns.routing.impl.RoutingTableBuilder build
INFO: building routing table with route [.com.openpojo.somehost=[10.3.3.3, 10.4.4.4]]... Resolver set to [org.xbill.DNS.ExtendedResolver@3cd206b5]
Jul 30, 2020 10:11:30 PM com.openpojo.dns.routing.impl.RoutingTableBuilder build
INFO: building routing table with route [.=[10.1.1.1, 10.2.2.2]]... Resolver set to [org.xbill.DNS.ExtendedResolver@58e85c6f]
Jul 30, 2020 10:11:30 PM com.openpojo.dns.service.lookup.impl.SimpleHostMapNameService init
INFO: Initializing SimpleHostMapNameService()
Jul 30, 2020 10:11:30 PM com.openpojo.dns.service.lookup.impl.HostsFileNameService init
INFO: Initializing, no host file set (jdk.net.hosts.file not set)
Jul 30, 2020 10:11:30 PM com.openpojo.dns.service.lookup.impl.HostsFileNameService init
INFO: Initialization complete.
Jul 30, 2020 10:11:30 PM com.openpojo.dns.routing.impl.RoutingTableBuilder build
INFO: building routing table with route [.com.openpojo.www=[127.0.0.1]]... Resolver set to [org.xbill.DNS.ExtendedResolver@4df39a88]
Jul 30, 2020 10:11:30 PM com.openpojo.dns.routing.impl.RoutingTableBuilder build
INFO: building routing table with route [.com.host=[]]... Resolver set to [com.openpojo.dns.resolve.NoOpResolver@2264e43c]
Jul 30, 2020 10:11:30 PM com.openpojo.dns.service.lookup.impl.SimpleHostMapNameService init
INFO: Initializing SimpleHostMapNameService()
Jul 30, 2020 10:11:30 PM com.openpojo.dns.service.lookup.impl.HostsFileNameService init
INFO: Initializing, no host file set (jdk.net.hosts.file not set)
Jul 30, 2020 10:11:30 PM com.openpojo.dns.service.lookup.impl.HostsFileNameService init
INFO: Initialization complete.
Jul 30, 2020 10:11:30 PM com.openpojo.dns.config.impl.SimpleHostFileReader getHostNameMap
WARNING: Error loading configuration from host file [/path/to/hostsfile] 
java.io.FileNotFoundException: /path/to/hostsfile (No such file or directory)
	at java.io.FileInputStream.open0(Native Method)
	at java.io.FileInputStream.open(FileInputStream.java:195)
	at java.io.FileInputStream.<init>(FileInputStream.java:138)
	at com.openpojo.dns.config.props.FileStreamer.getAsStream(FileStreamer.java:32)
	at com.openpojo.dns.config.impl.SimpleHostFileReader.getHostNameMap(SimpleHostFileReader.java:47)
	at com.openpojo.dns.config.impl.SimpleHostFileReaderTest.ifFileDoesNotExistReturnEmptyConfiguration(SimpleHostFileReaderTest.java:43)
	at sun.reflect.NativeMethodAccessorImpl.invoke0(Native Method)
	at sun.reflect.NativeMethodAccessorImpl.invoke(NativeMethodAccessorImpl.java:62)
	at sun.reflect.DelegatingMethodAccessorImpl.invoke(DelegatingMethodAccessorImpl.java:43)
	at java.lang.reflect.Method.invoke(Method.java:498)
	at org.junit.runners.model.FrameworkMethod$1.runReflectiveCall(FrameworkMethod.java:50)
	at org.junit.internal.runners.model.ReflectiveCallable.run(ReflectiveCallable.java:12)
	at org.junit.runners.model.FrameworkMethod.invokeExplosively(FrameworkMethod.java:47)
	at org.junit.internal.runners.statements.InvokeMethod.evaluate(InvokeMethod.java:17)
	at org.junit.runners.ParentRunner.runLeaf(ParentRunner.java:325)
	at org.junit.runners.BlockJUnit4ClassRunner.runChild(BlockJUnit4ClassRunner.java:78)
	at org.junit.runners.BlockJUnit4ClassRunner.runChild(BlockJUnit4ClassRunner.java:57)
	at org.junit.runners.ParentRunner$3.run(ParentRunner.java:290)
	at org.junit.runners.ParentRunner$1.schedule(ParentRunner.java:71)
	at org.junit.runners.ParentRunner.runChildren(ParentRunner.java:288)
	at org.junit.runners.ParentRunner.access$000(ParentRunner.java:58)
	at org.junit.runners.ParentRunner$2.evaluate(ParentRunner.java:268)
	at org.junit.runners.ParentRunner.run(ParentRunner.java:363)
	at org.junit.runners.Suite.runChild(Suite.java:128)
	at org.junit.runners.Suite.runChild(Suite.java:27)
	at org.junit.runners.ParentRunner$3.run(ParentRunner.java:290)
	at org.junit.runners.ParentRunner$1.schedule(ParentRunner.java:71)
	at org.junit.runners.ParentRunner.runChildren(ParentRunner.java:288)
	at org.junit.runners.ParentRunner.access$000(ParentRunner.java:58)
	at org.junit.runners.ParentRunner$2.evaluate(ParentRunner.java:268)
	at org.junit.runners.ParentRunner.run(ParentRunner.java:363)
	at org.junit.runner.JUnitCore.run(JUnitCore.java:137)
	at org.junit.runner.JUnitCore.run(JUnitCore.java:115)
	at org.junit.runner.JUnitCore.run(JUnitCore.java:105)
	at com.openpojo.dns.structure.OutOfOrderTestFragilityTest.runAllTestsInRandomOrder(OutOfOrderTestFragilityTest.java:75)
	at com.openpojo.dns.structure.OutOfOrderTestFragilityTest.regressTestingOrder(OutOfOrderTestFragilityTest.java:64)
	at sun.reflect.NativeMethodAccessorImpl.invoke0(Native Method)
	at sun.reflect.NativeMethodAccessorImpl.invoke(NativeMethodAccessorImpl.java:62)
	at sun.reflect.DelegatingMethodAccessorImpl.invoke(DelegatingMethodAccessorImpl.java:43)
	at java.lang.reflect.Method.invoke(Method.java:498)
	at org.junit.runners.model.FrameworkMethod$1.runReflectiveCall(FrameworkMethod.java:50)
	at org.junit.internal.runners.model.ReflectiveCallable.run(ReflectiveCallable.java:12)
	at org.junit.runners.model.FrameworkMethod.invokeExplosively(FrameworkMethod.java:47)
	at org.junit.internal.runners.statements.InvokeMethod.evaluate(InvokeMethod.java:17)
	at org.junit.internal.runners.statements.RunBefores.evaluate(RunBefores.java:26)
	at org.junit.runners.ParentRunner.runLeaf(ParentRunner.java:325)
	at org.junit.runners.BlockJUnit4ClassRunner.runChild(BlockJUnit4ClassRunner.java:78)
	at org.junit.runners.BlockJUnit4ClassRunner.runChild(BlockJUnit4ClassRunner.java:57)
	at org.junit.runners.ParentRunner$3.run(ParentRunner.java:290)
	at org.junit.runners.ParentRunner$1.schedule(ParentRunner.java:71)
	at org.junit.runners.ParentRunner.runChildren(ParentRunner.java:288)
	at org.junit.runners.ParentRunner.access$000(ParentRunner.java:58)
	at org.junit.runners.ParentRunner$2.evaluate(ParentRunner.java:268)
	at org.junit.runners.ParentRunner.run(ParentRunner.java:363)
	at org.apache.maven.surefire.junit4.JUnit4Provider.execute(JUnit4Provider.java:367)
	at org.apache.maven.surefire.junit4.JUnit4Provider.executeWithRerun(JUnit4Provider.java:274)
	at org.apache.maven.surefire.junit4.JUnit4Provider.executeTestSet(JUnit4Provider.java:238)
	at org.apache.maven.surefire.junit4.JUnit4Provider.invoke(JUnit4Provider.java:161)
	at org.apache.maven.surefire.booter.ForkedBooter.invokeProviderInSameClassLoader(ForkedBooter.java:290)
	at org.apache.maven.surefire.booter.ForkedBooter.runSuitesInProcess(ForkedBooter.java:242)
	at org.apache.maven.surefire.booter.ForkedBooter.main(ForkedBooter.java:121)

Jul 30, 2020 10:11:30 PM com.openpojo.dns.config.impl.SimpleHostFileReader getAddressNameMap
WARNING: Error loading configuration from host file [/path/to/hostsfile] 
java.io.FileNotFoundException: /path/to/hostsfile (No such file or directory)
	at java.io.FileInputStream.open0(Native Method)
	at java.io.FileInputStream.open(FileInputStream.java:195)
	at java.io.FileInputStream.<init>(FileInputStream.java:138)
	at com.openpojo.dns.config.props.FileStreamer.getAsStream(FileStreamer.java:32)
	at com.openpojo.dns.config.impl.SimpleHostFileReader.getAddressNameMap(SimpleHostFileReader.java:71)
	at com.openpojo.dns.config.impl.SimpleHostFileReaderTest.ifFileDoesNotExistReturnEmptyConfiguration(SimpleHostFileReaderTest.java:47)
	at sun.reflect.NativeMethodAccessorImpl.invoke0(Native Method)
	at sun.reflect.NativeMethodAccessorImpl.invoke(NativeMethodAccessorImpl.java:62)
	at sun.reflect.DelegatingMethodAccessorImpl.invoke(DelegatingMethodAccessorImpl.java:43)
	at java.lang.reflect.Method.invoke(Method.java:498)
	at org.junit.runners.model.FrameworkMethod$1.runReflectiveCall(FrameworkMethod.java:50)
	at org.junit.internal.runners.model.ReflectiveCallable.run(ReflectiveCallable.java:12)
	at org.junit.runners.model.FrameworkMethod.invokeExplosively(FrameworkMethod.java:47)
	at org.junit.internal.runners.statements.InvokeMethod.evaluate(InvokeMethod.java:17)
	at org.junit.runners.ParentRunner.runLeaf(ParentRunner.java:325)
	at org.junit.runners.BlockJUnit4ClassRunner.runChild(BlockJUnit4ClassRunner.java:78)
	at org.junit.runners.BlockJUnit4ClassRunner.runChild(BlockJUnit4ClassRunner.java:57)
	at org.junit.runners.ParentRunner$3.run(ParentRunner.java:290)
	at org.junit.runners.ParentRunner$1.schedule(ParentRunner.java:71)
	at org.junit.runners.ParentRunner.runChildren(ParentRunner.java:288)
	at org.junit.runners.ParentRunner.access$000(ParentRunner.java:58)
	at org.junit.runners.ParentRunner$2.evaluate(ParentRunner.java:268)
	at org.junit.runners.ParentRunner.run(ParentRunner.java:363)
	at org.junit.runners.Suite.runChild(Suite.java:128)
	at org.junit.runners.Suite.runChild(Suite.java:27)
	at org.junit.runners.ParentRunner$3.run(ParentRunner.java:290)
	at org.junit.runners.ParentRunner$1.schedule(ParentRunner.java:71)
	at org.junit.runners.ParentRunner.runChildren(ParentRunner.java:288)
	at org.junit.runners.ParentRunner.access$000(ParentRunner.java:58)
	at org.junit.runners.ParentRunner$2.evaluate(ParentRunner.java:268)
	at org.junit.runners.ParentRunner.run(ParentRunner.java:363)
	at org.junit.runner.JUnitCore.run(JUnitCore.java:137)
	at org.junit.runner.JUnitCore.run(JUnitCore.java:115)
	at org.junit.runner.JUnitCore.run(JUnitCore.java:105)
	at com.openpojo.dns.structure.OutOfOrderTestFragilityTest.runAllTestsInRandomOrder(OutOfOrderTestFragilityTest.java:75)
	at com.openpojo.dns.structure.OutOfOrderTestFragilityTest.regressTestingOrder(OutOfOrderTestFragilityTest.java:64)
	at sun.reflect.NativeMethodAccessorImpl.invoke0(Native Method)
	at sun.reflect.NativeMethodAccessorImpl.invoke(NativeMethodAccessorImpl.java:62)
	at sun.reflect.DelegatingMethodAccessorImpl.invoke(DelegatingMethodAccessorImpl.java:43)
	at java.lang.reflect.Method.invoke(Method.java:498)
	at org.junit.runners.model.FrameworkMethod$1.runReflectiveCall(FrameworkMethod.java:50)
	at org.junit.internal.runners.model.ReflectiveCallable.run(ReflectiveCallable.java:12)
	at org.junit.runners.model.FrameworkMethod.invokeExplosively(FrameworkMethod.java:47)
	at org.junit.internal.runners.statements.InvokeMethod.evaluate(InvokeMethod.java:17)
	at org.junit.internal.runners.statements.RunBefores.evaluate(RunBefores.java:26)
	at org.junit.runners.ParentRunner.runLeaf(ParentRunner.java:325)
	at org.junit.runners.BlockJUnit4ClassRunner.runChild(BlockJUnit4ClassRunner.java:78)
	at org.junit.runners.BlockJUnit4ClassRunner.runChild(BlockJUnit4ClassRunner.java:57)
	at org.junit.runners.ParentRunner$3.run(ParentRunner.java:290)
	at org.junit.runners.ParentRunner$1.schedule(ParentRunner.java:71)
	at org.junit.runners.ParentRunner.runChildren(ParentRunner.java:288)
	at org.junit.runners.ParentRunner.access$000(ParentRunner.java:58)
	at org.junit.runners.ParentRunner$2.evaluate(ParentRunner.java:268)
	at org.junit.runners.ParentRunner.run(ParentRunner.java:363)
	at org.apache.maven.surefire.junit4.JUnit4Provider.execute(JUnit4Provider.java:367)
	at org.apache.maven.surefire.junit4.JUnit4Provider.executeWithRerun(JUnit4Provider.java:274)
	at org.apache.maven.surefire.junit4.JUnit4Provider.executeTestSet(JUnit4Provider.java:238)
	at org.apache.maven.surefire.junit4.JUnit4Provider.invoke(JUnit4Provider.java:161)
	at org.apache.maven.surefire.booter.ForkedBooter.invokeProviderInSameClassLoader(ForkedBooter.java:290)
	at org.apache.maven.surefire.booter.ForkedBooter.runSuitesInProcess(ForkedBooter.java:242)
	at org.apache.maven.surefire.booter.ForkedBooter.main(ForkedBooter.java:121)

Jul 30, 2020 10:11:30 PM com.openpojo.dns.service.java.v7.JavaNameServiceDescriptor <init>
INFO: Descriptor service initialized
Jul 30, 2020 10:11:30 PM com.openpojo.dns.service.lookup.impl.SimpleHostMapNameService init
INFO: Initializing SimpleHostMapNameService()
Jul 30, 2020 10:11:30 PM com.openpojo.dns.service.lookup.impl.HostsFileNameService init
INFO: Initializing, no host file set (jdk.net.hosts.file not set)
Jul 30, 2020 10:11:30 PM com.openpojo.dns.service.lookup.impl.HostsFileNameService init
INFO: Initialization complete.
Jul 30, 2020 10:11:30 PM com.openpojo.dns.service.java.v7.JavaNameService <init>
INFO: Java name service initialized
Jul 30, 2020 10:11:30 PM com.openpojo.dns.service.java.v7.JavaNameServiceDescriptor <init>
INFO: Descriptor service initialized
Jul 30, 2020 10:11:30 PM com.openpojo.dns.service.java.v7.JavaNameServiceDescriptor <init>
INFO: Descriptor service initialized
Jul 30, 2020 10:11:30 PM com.openpojo.dns.service.lookup.impl.HostsFileNameService init
INFO: Initializing, no host file set (jdk.net.hosts.file not set)
Jul 30, 2020 10:11:30 PM com.openpojo.dns.service.lookup.impl.HostsFileNameService init
INFO: Initialization complete.
Jul 30, 2020 10:11:30 PM com.openpojo.dns.service.lookup.impl.HostsFileNameService init
INFO: Initializing with jdk.net.hosts.file set to [./src/test/files/hosts.another]
Jul 30, 2020 10:11:30 PM com.openpojo.dns.service.lookup.impl.HostsFileNameService initForwardLookupMap
INFO: Adding forward lookup entry [localhost] resolving to [[/127.0.0.1, /0:0:0:0:0:0:0:1]]
Jul 30, 2020 10:11:30 PM com.openpojo.dns.service.lookup.impl.HostsFileNameService initForwardLookupMap
INFO: Adding forward lookup entry [myserver-v4-only] resolving to [[/10.0.1.4]]
Jul 30, 2020 10:11:30 PM com.openpojo.dns.service.lookup.impl.HostsFileNameService initForwardLookupMap
INFO: Adding forward lookup entry [myserver-v6-only] resolving to [[/fd2f:0:0:0:0:0:0:1]]
Jul 30, 2020 10:11:30 PM com.openpojo.dns.service.lookup.impl.HostsFileNameService initReverseLookupMap
INFO: Adding reverse lookup entry [::1] resolving to [localhost]
Jul 30, 2020 10:11:30 PM com.openpojo.dns.service.lookup.impl.HostsFileNameService initReverseLookupMap
INFO: Adding reverse lookup entry [10.0.1.4] resolving to [myserver-v4-only]
Jul 30, 2020 10:11:30 PM com.openpojo.dns.service.lookup.impl.HostsFileNameService init
INFO: Initializing with jdk.net.hosts.file set to [hosts.test.file]
Jul 30, 2020 10:11:30 PM com.openpojo.dns.service.lookup.impl.HostsFileNameService initForwardLookupMap
INFO: Adding forward lookup entry [localhost] resolving to [[/127.0.0.1, /0:0:0:0:0:0:0:1]]
Jul 30, 2020 10:11:30 PM com.openpojo.dns.service.lookup.impl.HostsFileNameService initForwardLookupMap
INFO: Adding forward lookup entry [server1.com] resolving to [[/127.0.0.1]]
Jul 30, 2020 10:11:30 PM com.openpojo.dns.service.lookup.impl.HostsFileNameService initForwardLookupMap
INFO: Adding forward lookup entry [mylocalserver] resolving to [[/10.0.0.1]]
Jul 30, 2020 10:11:30 PM com.openpojo.dns.service.lookup.impl.HostsFileNameService initForwardLookupMap
INFO: Adding forward lookup entry [server4] resolving to [[/10.0.0.4]]
Jul 30, 2020 10:11:30 PM com.openpojo.dns.service.lookup.impl.HostsFileNameService initForwardLookupMap
INFO: Adding forward lookup entry [server3] resolving to [[/10.0.0.3]]
Jul 30, 2020 10:11:30 PM com.openpojo.dns.service.lookup.impl.HostsFileNameService initForwardLookupMap
INFO: Adding forward lookup entry [broadcasthost] resolving to [[/255.255.255.255]]
Jul 30, 2020 10:11:30 PM com.openpojo.dns.service.lookup.impl.HostsFileNameService initForwardLookupMap
INFO: Adding forward lookup entry [server1again] resolving to [[/127.0.0.1]]
Jul 30, 2020 10:11:30 PM com.openpojo.dns.service.lookup.impl.HostsFileNameService initForwardLookupMap
INFO: Adding forward lookup entry [server2.com] resolving to [[/127.0.0.1]]
Jul 30, 2020 10:11:30 PM com.openpojo.dns.service.lookup.impl.HostsFileNameService initForwardLookupMap
INFO: Adding forward lookup entry [server2] resolving to [[/10.0.0.2]]
Jul 30, 2020 10:11:30 PM com.openpojo.dns.service.lookup.impl.HostsFileNameService initForwardLookupMap
INFO: Adding forward lookup entry [server5.com] resolving to [[/10.0.0.5]]
Jul 30, 2020 10:11:30 PM com.openpojo.dns.service.lookup.impl.HostsFileNameService initForwardLookupMap
INFO: Adding forward lookup entry [server1] resolving to [[/127.0.0.1]]
Jul 30, 2020 10:11:30 PM com.openpojo.dns.service.lookup.impl.HostsFileNameService initForwardLookupMap
INFO: Adding forward lookup entry [server50] resolving to [[/10.0.0.5]]
Jul 30, 2020 10:11:30 PM com.openpojo.dns.service.lookup.impl.HostsFileNameService initReverseLookupMap
INFO: Adding reverse lookup entry [::1] resolving to [localhost]
Jul 30, 2020 10:11:30 PM com.openpojo.dns.service.lookup.impl.HostsFileNameService initReverseLookupMap
INFO: Adding reverse lookup entry [255.255.255.255] resolving to [broadcasthost]
Jul 30, 2020 10:11:30 PM com.openpojo.dns.service.lookup.impl.HostsFileNameService initReverseLookupMap
INFO: Adding reverse lookup entry [10.0.0.4] resolving to [server4]
Jul 30, 2020 10:11:30 PM com.openpojo.dns.service.lookup.impl.HostsFileNameService initReverseLookupMap
INFO: Adding reverse lookup entry [10.0.0.3] resolving to [server3]
Jul 30, 2020 10:11:30 PM com.openpojo.dns.service.lookup.impl.HostsFileNameService initReverseLookupMap
INFO: Adding reverse lookup entry [fe80::1%unknown0] resolving to [localhost]
Jul 30, 2020 10:11:30 PM com.openpojo.dns.service.lookup.impl.HostsFileNameService initReverseLookupMap
INFO: Adding reverse lookup entry [10.0.0.5] resolving to [server5.com]
Jul 30, 2020 10:11:30 PM com.openpojo.dns.service.lookup.impl.HostsFileNameService initReverseLookupMap
INFO: Adding reverse lookup entry [10.0.0.2] resolving to [server2]
Jul 30, 2020 10:11:30 PM com.openpojo.dns.service.lookup.impl.HostsFileNameService initReverseLookupMap
INFO: Adding reverse lookup entry [10.0.0.1] resolving to [mylocalserver]
Jul 30, 2020 10:11:30 PM com.openpojo.dns.service.lookup.impl.HostsFileNameService initReverseLookupMap
INFO: Adding reverse lookup entry [127.0.0.1] resolving to [localhost]
Jul 30, 2020 10:11:30 PM com.openpojo.dns.service.lookup.impl.HostsFileNameService init
INFO: Initialization complete.
Jul 30, 2020 10:11:30 PM com.openpojo.dns.service.lookup.impl.HostsFileNameService init
INFO: Initializing, no host file set (jdk.net.hosts.file not set)
Jul 30, 2020 10:11:30 PM com.openpojo.dns.service.lookup.impl.HostsFileNameService init
INFO: Initialization complete.
Jul 30, 2020 10:11:30 PM com.openpojo.dns.service.lookup.impl.HostsFileNameService init
INFO: Initializing with jdk.net.hosts.file set to [3PUZ6ds2]
Jul 30, 2020 10:11:30 PM com.openpojo.dns.service.lookup.impl.HostsFileNameService init
INFO: Initialization complete.
Jul 30, 2020 10:11:30 PM com.openpojo.dns.service.lookup.impl.HostsFileNameService init
INFO: Initializing with jdk.net.hosts.file set to [/tmp/dkuwSyUWTj4318194750880823778dUE2u9z]
Jul 30, 2020 10:11:30 PM com.openpojo.dns.service.lookup.impl.HostsFileNameService initForwardLookupMap
INFO: Adding forward lookup entry [The10thServer] resolving to [[/10.10.10.10]]
Jul 30, 2020 10:11:30 PM com.openpojo.dns.service.lookup.impl.HostsFileNameService initReverseLookupMap
INFO: Adding reverse lookup entry [10.10.10.10] resolving to [The10thServer]
Jul 30, 2020 10:11:30 PM com.openpojo.dns.service.lookup.impl.HostsFileNameService init
INFO: Initialization complete.
Jul 30, 2020 10:11:30 PM com.openpojo.dns.service.lookup.impl.HostsFileNameService refreshIfUpdated
INFO: Hosts file [/tmp/dkuwSyUWTj4318194750880823778dUE2u9z] changed, reloading
Jul 30, 2020 10:11:30 PM com.openpojo.dns.service.lookup.impl.HostsFileNameService init
INFO: Initializing with jdk.net.hosts.file set to [/tmp/dkuwSyUWTj4318194750880823778dUE2u9z]
Jul 30, 2020 10:11:30 PM com.openpojo.dns.service.lookup.impl.HostsFileNameService init
INFO: Initialization complete.
Jul 30, 2020 10:11:30 PM com.openpojo.dns.service.lookup.impl.HostsFileNameService refreshIfUpdated
INFO: Hosts file [/tmp/dkuwSyUWTj4318194750880823778dUE2u9z] changed, reloading
Jul 30, 2020 10:11:30 PM com.openpojo.dns.service.lookup.impl.HostsFileNameService init
INFO: Initializing with jdk.net.hosts.file set to [/tmp/dkuwSyUWTj4318194750880823778dUE2u9z]
Jul 30, 2020 10:11:30 PM com.openpojo.dns.service.lookup.impl.HostsFileNameService initForwardLookupMap
INFO: Adding forward lookup entry [The10thServer] resolving to [[/10.10.10.20]]
Jul 30, 2020 10:11:30 PM com.openpojo.dns.service.lookup.impl.HostsFileNameService initReverseLookupMap
INFO: Adding reverse lookup entry [10.10.10.20] resolving to [The10thServer]
Jul 30, 2020 10:11:30 PM com.openpojo.dns.service.lookup.impl.HostsFileNameService init
INFO: Initialization complete.
Jul 30, 2020 10:11:31 PM com.openpojo.dns.service.lookup.impl.SimpleHostMapNameService init
INFO: Initializing SimpleHostMapNameService()
Jul 30, 2020 10:11:31 PM com.openpojo.dns.service.lookup.impl.SimpleHostMapNameService init
INFO: Initializing SimpleHostMapNameService()
Jul 30, 2020 10:11:31 PM com.openpojo.dns.service.lookup.impl.SimpleHostMapNameService init
INFO: Initializing SimpleHostMapNameService()
Jul 30, 2020 10:11:31 PM com.openpojo.dns.service.lookup.impl.SimpleHostMapNameService init
INFO: Initializing SimpleHostMapNameService()
]]></system-err>
  </testcase>
</testsuite>