<?xml version="1.0" encoding="UTF-8"?>
<testsuite name="io.vertx.core.eventbus.HazelcastClusteredEventbusTest" time="698.117" tests="74" errors="0" skipped="0" failures="0">
  <properties>
    <property name="java.runtime.name" value="OpenJDK Runtime Environment"/>
    <property name="sun.boot.library.path" value="/usr/local/openjdk-8/jre/lib/amd64"/>
    <property name="java.vm.version" value="25.262-b10"/>
    <property name="animal.sniffer.skip" value="true"/>
    <property name="java.vm.vendor" value="Oracle Corporation"/>
    <property name="maven.multiModuleProjectDirectory" value="/tmp/tmp0_qiecsr/vertx-hazelcast"/>
    <property name="maven.javadoc.skip" value="true"/>
    <property name="java.vendor.url" value="http://java.oracle.com/"/>
    <property name="path.separator" value=":"/>
    <property name="guice.disable.misplaced.annotation.check" value="true"/>
    <property name="java.util.logging.SimpleFormatter.format" value="%4$s: %3$s - %5$s %6$s%n"/>
    <property name="java.vm.name" value="OpenJDK 64-Bit Server VM"/>
    <property name="file.encoding.pkg" value="sun.io"/>
    <property name="sun.java.launcher" value="SUN_STANDARD"/>
    <property name="sun.os.patch.level" value="unknown"/>
    <property name="source.skip" value="true"/>
    <property name="java.vm.specification.name" value="Java Virtual Machine Specification"/>
    <property name="user.dir" value="/tmp/tmp0_qiecsr/vertx-hazelcast"/>
    <property name="java.runtime.version" value="1.8.0_262-b10"/>
    <property name="java.awt.graphicsenv" value="sun.awt.X11GraphicsEnvironment"/>
    <property name="java.endorsed.dirs" value="/usr/local/openjdk-8/jre/lib/endorsed"/>
    <property name="os.arch" value="amd64"/>
    <property name="java.io.tmpdir" value="/tmp"/>
    <property name="line.separator" value="&#10;"/>
    <property name="java.vm.specification.vendor" value="Oracle Corporation"/>
    <property name="os.name" value="Linux"/>
    <property name="classworlds.conf" value="/usr/share/maven/bin/m2.conf"/>
    <property name="maven.test.error.ignore" value="true"/>
    <property name="sun.jnu.encoding" value="UTF-8"/>
    <property name="java.library.path" value="/usr/java/packages/lib/amd64:/usr/lib64:/lib64:/lib:/usr/lib"/>
    <property name="license.skip" value="true"/>
    <property name="maven.conf" value="/usr/share/maven/conf"/>
    <property name="java.specification.name" value="Java Platform API Specification"/>
    <property name="java.class.version" value="52.0"/>
    <property name="sun.management.compiler" value="HotSpot 64-Bit Tiered Compilers"/>
    <property name="maven.test.failure.ignore" value="true"/>
    <property name="os.version" value="4.15.0-109-generic"/>
    <property name="library.jansi.path" value="/usr/share/maven/lib/jansi-native"/>
    <property name="user.home" value="/home/jdbl"/>
    <property name="user.timezone" value="Etc/UTC"/>
    <property name="java.awt.printerjob" value="sun.print.PSPrinterJob"/>
    <property name="java.specification.version" value="1.8"/>
    <property name="file.encoding" value="UTF-8"/>
    <property name="user.name" value="jdbl"/>
    <property name="java.class.path" value="/usr/share/maven/boot/plexus-classworlds-2.6.0.jar"/>
    <property name="java.vm.specification.version" value="1.8"/>
    <property name="sun.arch.data.model" value="64"/>
    <property name="java.home" value="/usr/local/openjdk-8/jre"/>
    <property name="sun.java.command" value="org.codehaus.plexus.classworlds.launcher.Launcher package -e --fail-never -ntp -Dmaven.test.error.ignore=true -Dmaven.test.failure.ignore=true -B -Dmaven.javadoc.skip=true -Drat.skip=true -Danimal.sniffer.skip=true -Dmaven.javadoc.skip=true -Dlicense.skip=true -Dsource.skip=true"/>
    <property name="java.specification.vendor" value="Oracle Corporation"/>
    <property name="user.language" value="en"/>
    <property name="awt.toolkit" value="sun.awt.X11.XToolkit"/>
    <property name="java.vm.info" value="mixed mode"/>
    <property name="java.version" value="1.8.0_262"/>
    <property name="java.ext.dirs" value="/usr/local/openjdk-8/jre/lib/ext:/usr/java/packages/lib/ext"/>
    <property name="securerandom.source" value="file:/dev/./urandom"/>
    <property name="sun.boot.class.path" value="/usr/local/openjdk-8/jre/lib/resources.jar:/usr/local/openjdk-8/jre/lib/rt.jar:/usr/local/openjdk-8/jre/lib/sunrsasign.jar:/usr/local/openjdk-8/jre/lib/jsse.jar:/usr/local/openjdk-8/jre/lib/jce.jar:/usr/local/openjdk-8/jre/lib/charsets.jar:/usr/local/openjdk-8/jre/lib/jfr.jar:/usr/local/openjdk-8/jre/classes"/>
    <property name="java.vendor" value="Oracle Corporation"/>
    <property name="rat.skip" value="true"/>
    <property name="maven.home" value="/usr/share/maven"/>
    <property name="file.separator" value="/"/>
    <property name="java.vendor.url.bug" value="http://bugreport.sun.com/bugreport/"/>
    <property name="sun.cpu.endian" value="little"/>
    <property name="sun.io.unicode.encoding" value="UnicodeLittle"/>
    <property name="sun.cpu.isalist" value=""/>
  </properties>
  <testcase name="testConsumerHandlesCompletionAsynchronously1" classname="io.vertx.core.eventbus.HazelcastClusteredEventbusTest" time="8.566"/>
  <testcase name="testConsumerHandlesCompletionAsynchronously2" classname="io.vertx.core.eventbus.HazelcastClusteredEventbusTest" time="8.626"/>
  <testcase name="testDecoderSendSymmetric" classname="io.vertx.core.eventbus.HazelcastClusteredEventbusTest" time="8.536"/>
  <testcase name="testDefaultDecoderSendAsymmetric" classname="io.vertx.core.eventbus.HazelcastClusteredEventbusTest" time="8.967"/>
  <testcase name="testDefaultCodecReplyExceptionSubclass" classname="io.vertx.core.eventbus.HazelcastClusteredEventbusTest" time="8.787"/>
  <testcase name="testLocalOnlyDoesNotApplyToReplies" classname="io.vertx.core.eventbus.HazelcastClusteredEventbusTest" time="8.841"/>
  <testcase name="testDefaultDecoderReplyAsymmetric" classname="io.vertx.core.eventbus.HazelcastClusteredEventbusTest" time="8.909"/>
  <testcase name="testSubsRemovedForClosedNode" classname="io.vertx.core.eventbus.HazelcastClusteredEventbusTest" time="13.183"/>
  <testcase name="testDefaultDecoderSendSymetric" classname="io.vertx.core.eventbus.HazelcastClusteredEventbusTest" time="8.321"/>
  <testcase name="testDefaultDecoderReplySymetric" classname="io.vertx.core.eventbus.HazelcastClusteredEventbusTest" time="8.985"/>
  <testcase name="testSubsRemovedForKilledNode" classname="io.vertx.core.eventbus.HazelcastClusteredEventbusTest" time="13.158"/>
  <testcase name="testLocalHandlerNotReceive" classname="io.vertx.core.eventbus.HazelcastClusteredEventbusTest" time="9.806"/>
  <testcase name="testPublishLocalOnly" classname="io.vertx.core.eventbus.HazelcastClusteredEventbusTest" time="8.603"/>
  <testcase name="testClusteredPong" classname="io.vertx.core.eventbus.HazelcastClusteredEventbusTest" time="12.526"/>
  <testcase name="testDecoderReplySymmetric" classname="io.vertx.core.eventbus.HazelcastClusteredEventbusTest" time="8.942"/>
  <testcase name="testDecoderReplyAsymmetric" classname="io.vertx.core.eventbus.HazelcastClusteredEventbusTest" time="8.678"/>
  <testcase name="testSendLocalOnly" classname="io.vertx.core.eventbus.HazelcastClusteredEventbusTest" time="8.726"/>
  <testcase name="sendNoContext" classname="io.vertx.core.eventbus.HazelcastClusteredEventbusTest" time="8.889"/>
  <testcase name="testDecoderSendAsymmetric" classname="io.vertx.core.eventbus.HazelcastClusteredEventbusTest" time="9.167"/>
  <testcase name="testSendWhileUnsubscribing" classname="io.vertx.core.eventbus.HazelcastClusteredEventbusTest" time="10.079"/>
  <testcase name="testRegisterRemote1" classname="io.vertx.core.eventbus.HazelcastClusteredEventbusTest" time="8.857"/>
  <testcase name="testRegisterRemote2" classname="io.vertx.core.eventbus.HazelcastClusteredEventbusTest" time="8.477"/>
  <testcase name="testMessageBodyInterceptor" classname="io.vertx.core.eventbus.HazelcastClusteredEventbusTest" time="8.897"/>
  <testcase name="testReplyBooleanFalse" classname="io.vertx.core.eventbus.HazelcastClusteredEventbusTest" time="8.581"/>
  <testcase name="testSendBooleanFalse" classname="io.vertx.core.eventbus.HazelcastClusteredEventbusTest" time="8.556"/>
  <testcase name="testReplyJsonObject" classname="io.vertx.core.eventbus.HazelcastClusteredEventbusTest" time="8.846"/>
  <testcase name="testPublishBooleanTrue" classname="io.vertx.core.eventbus.HazelcastClusteredEventbusTest" time="11.254"/>
  <testcase name="testSendWithHeaders" classname="io.vertx.core.eventbus.HazelcastClusteredEventbusTest" time="8.836"/>
  <testcase name="testReplyBuffer" classname="io.vertx.core.eventbus.HazelcastClusteredEventbusTest" time="8.412"/>
  <testcase name="testReplyBooleanTrue" classname="io.vertx.core.eventbus.HazelcastClusteredEventbusTest" time="8.787"/>
  <testcase name="testReplyFloat" classname="io.vertx.core.eventbus.HazelcastClusteredEventbusTest" time="8.955"/>
  <testcase name="testReplyDouble" classname="io.vertx.core.eventbus.HazelcastClusteredEventbusTest" time="9.518"/>
  <testcase name="testPublishByte" classname="io.vertx.core.eventbus.HazelcastClusteredEventbusTest" time="11.154"/>
  <testcase name="testReplyShort" classname="io.vertx.core.eventbus.HazelcastClusteredEventbusTest" time="8.665"/>
  <testcase name="testPublishLong" classname="io.vertx.core.eventbus.HazelcastClusteredEventbusTest" time="11.117"/>
  <testcase name="testPublishNull" classname="io.vertx.core.eventbus.HazelcastClusteredEventbusTest" time="11.301"/>
  <testcase name="testPublishCharacter" classname="io.vertx.core.eventbus.HazelcastClusteredEventbusTest" time="10.847"/>
  <testcase name="testReplyInteger" classname="io.vertx.core.eventbus.HazelcastClusteredEventbusTest" time="8.737"/>
  <testcase name="testPublishBuffer" classname="io.vertx.core.eventbus.HazelcastClusteredEventbusTest" time="11.415"/>
  <testcase name="testPublishFloat" classname="io.vertx.core.eventbus.HazelcastClusteredEventbusTest" time="11.116"/>
  <testcase name="testReplyString" classname="io.vertx.core.eventbus.HazelcastClusteredEventbusTest" time="8.922"/>
  <testcase name="testPublishShort" classname="io.vertx.core.eventbus.HazelcastClusteredEventbusTest" time="11.562"/>
  <testcase name="testPublishDouble" classname="io.vertx.core.eventbus.HazelcastClusteredEventbusTest" time="11.216"/>
  <testcase name="testSendBuffer" classname="io.vertx.core.eventbus.HazelcastClusteredEventbusTest" time="8.657"/>
  <testcase name="testSendDouble" classname="io.vertx.core.eventbus.HazelcastClusteredEventbusTest" time="8.393"/>
  <testcase name="testPublishJsonObject" classname="io.vertx.core.eventbus.HazelcastClusteredEventbusTest" time="11.498"/>
  <testcase name="testSendCharacter" classname="io.vertx.core.eventbus.HazelcastClusteredEventbusTest" time="8.259"/>
  <testcase name="testPublishByteArray" classname="io.vertx.core.eventbus.HazelcastClusteredEventbusTest" time="10.85"/>
  <testcase name="testReplyCharacter" classname="io.vertx.core.eventbus.HazelcastClusteredEventbusTest" time="8.952"/>
  <testcase name="testSendBooleanTrue" classname="io.vertx.core.eventbus.HazelcastClusteredEventbusTest" time="8.803"/>
  <testcase name="testPublishString" classname="io.vertx.core.eventbus.HazelcastClusteredEventbusTest" time="11.709"/>
  <testcase name="testSendString" classname="io.vertx.core.eventbus.HazelcastClusteredEventbusTest" time="8.768"/>
  <testcase name="testSendByteArray" classname="io.vertx.core.eventbus.HazelcastClusteredEventbusTest" time="8.896"/>
  <testcase name="testReplyByteArray" classname="io.vertx.core.eventbus.HazelcastClusteredEventbusTest" time="8.519"/>
  <testcase name="testReplyFromWorker" classname="io.vertx.core.eventbus.HazelcastClusteredEventbusTest" time="8.865"/>
  <testcase name="testNoHandlersCallbackContext" classname="io.vertx.core.eventbus.HazelcastClusteredEventbusTest" time="8.524"/>
  <testcase name="testReplyByte" classname="io.vertx.core.eventbus.HazelcastClusteredEventbusTest" time="8.812"/>
  <testcase name="testReplyLong" classname="io.vertx.core.eventbus.HazelcastClusteredEventbusTest" time="8.745"/>
  <testcase name="testReplyNull" classname="io.vertx.core.eventbus.HazelcastClusteredEventbusTest" time="8.963"/>
  <testcase name="testPublishJsonArray" classname="io.vertx.core.eventbus.HazelcastClusteredEventbusTest" time="10.949"/>
  <testcase name="testPublishInteger" classname="io.vertx.core.eventbus.HazelcastClusteredEventbusTest" time="10.96"/>
  <testcase name="testSendFloat" classname="io.vertx.core.eventbus.HazelcastClusteredEventbusTest" time="8.582"/>
  <testcase name="testSendShort" classname="io.vertx.core.eventbus.HazelcastClusteredEventbusTest" time="8.874"/>
  <testcase name="testSendJsonArray" classname="io.vertx.core.eventbus.HazelcastClusteredEventbusTest" time="8.731"/>
  <testcase name="testSendInteger" classname="io.vertx.core.eventbus.HazelcastClusteredEventbusTest" time="8.443"/>
  <testcase name="testReplyJsonArray" classname="io.vertx.core.eventbus.HazelcastClusteredEventbusTest" time="8.597"/>
  <testcase name="testSendJsonObject" classname="io.vertx.core.eventbus.HazelcastClusteredEventbusTest" time="8.799"/>
  <testcase name="testSendWithDeliveryOptionsButNoHeaders" classname="io.vertx.core.eventbus.HazelcastClusteredEventbusTest" time="8.538"/>
  <testcase name="testSendFromExecuteBlocking" classname="io.vertx.core.eventbus.HazelcastClusteredEventbusTest" time="8.949"/>
  <testcase name="testSendByte" classname="io.vertx.core.eventbus.HazelcastClusteredEventbusTest" time="8.322"/>
  <testcase name="testSendLong" classname="io.vertx.core.eventbus.HazelcastClusteredEventbusTest" time="8.897"/>
  <testcase name="testSendNull" classname="io.vertx.core.eventbus.HazelcastClusteredEventbusTest" time="8.504"/>
  <testcase name="testPublishBooleanFalse" classname="io.vertx.core.eventbus.HazelcastClusteredEventbusTest" time="10.812"/>
  <testcase name="testReplyWithHeaders" classname="io.vertx.core.eventbus.HazelcastClusteredEventbusTest" time="8.624"/>
</testsuite>