<?xml version="1.0" encoding="UTF-8"?>
<testsuite name="io.vertx.core.shareddata.HazelcastInternalClusteredAsyncMapTest" time="972.054" tests="101" errors="0" skipped="1" failures="0">
  <properties>
    <property name="java.runtime.name" value="OpenJDK Runtime Environment"/>
    <property name="sun.boot.library.path" value="/usr/local/openjdk-8/jre/lib/amd64"/>
    <property name="java.vm.version" value="25.262-b10"/>
    <property name="animal.sniffer.skip" value="true"/>
    <property name="java.vm.vendor" value="Oracle Corporation"/>
    <property name="maven.multiModuleProjectDirectory" value="/tmp/tmp0_qiecsr/vertx-hazelcast"/>
    <property name="maven.javadoc.skip" value="true"/>
    <property name="java.vendor.url" value="http://java.oracle.com/"/>
    <property name="path.separator" value=":"/>
    <property name="guice.disable.misplaced.annotation.check" value="true"/>
    <property name="java.util.logging.SimpleFormatter.format" value="%4$s: %3$s - %5$s %6$s%n"/>
    <property name="java.vm.name" value="OpenJDK 64-Bit Server VM"/>
    <property name="file.encoding.pkg" value="sun.io"/>
    <property name="sun.java.launcher" value="SUN_STANDARD"/>
    <property name="sun.os.patch.level" value="unknown"/>
    <property name="source.skip" value="true"/>
    <property name="java.vm.specification.name" value="Java Virtual Machine Specification"/>
    <property name="user.dir" value="/tmp/tmp0_qiecsr/vertx-hazelcast"/>
    <property name="java.runtime.version" value="1.8.0_262-b10"/>
    <property name="java.awt.graphicsenv" value="sun.awt.X11GraphicsEnvironment"/>
    <property name="java.endorsed.dirs" value="/usr/local/openjdk-8/jre/lib/endorsed"/>
    <property name="os.arch" value="amd64"/>
    <property name="java.io.tmpdir" value="/tmp"/>
    <property name="line.separator" value="&#10;"/>
    <property name="java.vm.specification.vendor" value="Oracle Corporation"/>
    <property name="os.name" value="Linux"/>
    <property name="classworlds.conf" value="/usr/share/maven/bin/m2.conf"/>
    <property name="maven.test.error.ignore" value="true"/>
    <property name="sun.jnu.encoding" value="UTF-8"/>
    <property name="java.library.path" value="/usr/java/packages/lib/amd64:/usr/lib64:/lib64:/lib:/usr/lib"/>
    <property name="license.skip" value="true"/>
    <property name="maven.conf" value="/usr/share/maven/conf"/>
    <property name="java.specification.name" value="Java Platform API Specification"/>
    <property name="java.class.version" value="52.0"/>
    <property name="sun.management.compiler" value="HotSpot 64-Bit Tiered Compilers"/>
    <property name="maven.test.failure.ignore" value="true"/>
    <property name="os.version" value="4.15.0-109-generic"/>
    <property name="library.jansi.path" value="/usr/share/maven/lib/jansi-native"/>
    <property name="user.home" value="/home/jdbl"/>
    <property name="user.timezone" value="Etc/UTC"/>
    <property name="java.awt.printerjob" value="sun.print.PSPrinterJob"/>
    <property name="java.specification.version" value="1.8"/>
    <property name="file.encoding" value="UTF-8"/>
    <property name="user.name" value="jdbl"/>
    <property name="java.class.path" value="/usr/share/maven/boot/plexus-classworlds-2.6.0.jar"/>
    <property name="java.vm.specification.version" value="1.8"/>
    <property name="sun.arch.data.model" value="64"/>
    <property name="java.home" value="/usr/local/openjdk-8/jre"/>
    <property name="sun.java.command" value="org.codehaus.plexus.classworlds.launcher.Launcher package -e --fail-never -ntp -Dmaven.test.error.ignore=true -Dmaven.test.failure.ignore=true -B -Dmaven.javadoc.skip=true -Drat.skip=true -Danimal.sniffer.skip=true -Dmaven.javadoc.skip=true -Dlicense.skip=true -Dsource.skip=true"/>
    <property name="java.specification.vendor" value="Oracle Corporation"/>
    <property name="user.language" value="en"/>
    <property name="awt.toolkit" value="sun.awt.X11.XToolkit"/>
    <property name="java.vm.info" value="mixed mode"/>
    <property name="java.version" value="1.8.0_262"/>
    <property name="java.ext.dirs" value="/usr/local/openjdk-8/jre/lib/ext:/usr/java/packages/lib/ext"/>
    <property name="securerandom.source" value="file:/dev/./urandom"/>
    <property name="sun.boot.class.path" value="/usr/local/openjdk-8/jre/lib/resources.jar:/usr/local/openjdk-8/jre/lib/rt.jar:/usr/local/openjdk-8/jre/lib/sunrsasign.jar:/usr/local/openjdk-8/jre/lib/jsse.jar:/usr/local/openjdk-8/jre/lib/jce.jar:/usr/local/openjdk-8/jre/lib/charsets.jar:/usr/local/openjdk-8/jre/lib/jfr.jar:/usr/local/openjdk-8/jre/classes"/>
    <property name="java.vendor" value="Oracle Corporation"/>
    <property name="rat.skip" value="true"/>
    <property name="maven.home" value="/usr/share/maven"/>
    <property name="file.separator" value="/"/>
    <property name="java.vendor.url.bug" value="http://bugreport.sun.com/bugreport/"/>
    <property name="sun.cpu.endian" value="little"/>
    <property name="sun.io.unicode.encoding" value="UnicodeLittle"/>
    <property name="sun.cpu.isalist" value=""/>
  </properties>
  <testcase name="testMapPutTtlThenPut" classname="io.vertx.core.shareddata.HazelcastInternalClusteredAsyncMapTest" time="0">
    <skipped message="Hazelcast removes the binding even if a new entry is added without ttl"/>
  </testcase>
  <testcase name="testPutIfAbsentInvalidValue" classname="io.vertx.core.shareddata.HazelcastInternalClusteredAsyncMapTest" time="10.169"/>
  <testcase name="testMapReplaceBoolean" classname="io.vertx.core.shareddata.HazelcastInternalClusteredAsyncMapTest" time="10.891"/>
  <testcase name="testMapPutIfAbsentGetJsonObject" classname="io.vertx.core.shareddata.HazelcastInternalClusteredAsyncMapTest" time="10.567"/>
  <testcase name="testEntries" classname="io.vertx.core.shareddata.HazelcastInternalClusteredAsyncMapTest" time="10.432"/>
  <testcase name="testMapReplaceClusterSerializableObject" classname="io.vertx.core.shareddata.HazelcastInternalClusteredAsyncMapTest" time="11.268"/>
  <testcase name="testMapRemoveJsonArray" classname="io.vertx.core.shareddata.HazelcastInternalClusteredAsyncMapTest" time="10.317"/>
  <testcase name="testMapRemoveInt" classname="io.vertx.core.shareddata.HazelcastInternalClusteredAsyncMapTest" time="10.168"/>
  <testcase name="testMapRemoveSerializableObject" classname="io.vertx.core.shareddata.HazelcastInternalClusteredAsyncMapTest" time="11.553"/>
  <testcase name="testMapReplaceIfPresentString" classname="io.vertx.core.shareddata.HazelcastInternalClusteredAsyncMapTest" time="10.855"/>
  <testcase name="testMapPutGetByte" classname="io.vertx.core.shareddata.HazelcastInternalClusteredAsyncMapTest" time="11.175"/>
  <testcase name="testMapPutGetChar" classname="io.vertx.core.shareddata.HazelcastInternalClusteredAsyncMapTest" time="10.709"/>
  <testcase name="testMapPutGetLong" classname="io.vertx.core.shareddata.HazelcastInternalClusteredAsyncMapTest" time="10.779"/>
  <testcase name="testMapPutGetSerializableObject" classname="io.vertx.core.shareddata.HazelcastInternalClusteredAsyncMapTest" time="11.777"/>
  <testcase name="testMapPutIfAbsentGetFloat" classname="io.vertx.core.shareddata.HazelcastInternalClusteredAsyncMapTest" time="10.959"/>
  <testcase name="testMapPutIfAbsentGetShort" classname="io.vertx.core.shareddata.HazelcastInternalClusteredAsyncMapTest" time="11.429"/>
  <testcase name="testMapReplaceIfPresentJsonObject" classname="io.vertx.core.shareddata.HazelcastInternalClusteredAsyncMapTest" time="9.654"/>
  <testcase name="testMapRemoveIfPresentByte" classname="io.vertx.core.shareddata.HazelcastInternalClusteredAsyncMapTest" time="9.751"/>
  <testcase name="testMapRemoveIfPresentChar" classname="io.vertx.core.shareddata.HazelcastInternalClusteredAsyncMapTest" time="9.966"/>
  <testcase name="testMapRemoveIfPresentLong" classname="io.vertx.core.shareddata.HazelcastInternalClusteredAsyncMapTest" time="10.404"/>
  <testcase name="testMapRemoveIfPresentJsonArray" classname="io.vertx.core.shareddata.HazelcastInternalClusteredAsyncMapTest" time="10.884"/>
  <testcase name="testMapPutGetJsonArray" classname="io.vertx.core.shareddata.HazelcastInternalClusteredAsyncMapTest" time="10.806"/>
  <testcase name="testMapRemoveIfPresentBoolean" classname="io.vertx.core.shareddata.HazelcastInternalClusteredAsyncMapTest" time="9.789"/>
  <testcase name="testClear" classname="io.vertx.core.shareddata.HazelcastInternalClusteredAsyncMapTest" time="9.309"/>
  <testcase name="testKeys" classname="io.vertx.core.shareddata.HazelcastInternalClusteredAsyncMapTest" time="9.39"/>
  <testcase name="testSize" classname="io.vertx.core.shareddata.HazelcastInternalClusteredAsyncMapTest" time="10.675"/>
  <testcase name="testPutInvalidValue" classname="io.vertx.core.shareddata.HazelcastInternalClusteredAsyncMapTest" time="10.522"/>
  <testcase name="testMapRemoveIfPresentJsonObject" classname="io.vertx.core.shareddata.HazelcastInternalClusteredAsyncMapTest" time="9.399"/>
  <testcase name="testMapRemoveByte" classname="io.vertx.core.shareddata.HazelcastInternalClusteredAsyncMapTest" time="9.389"/>
  <testcase name="testMapRemoveChar" classname="io.vertx.core.shareddata.HazelcastInternalClusteredAsyncMapTest" time="9.312"/>
  <testcase name="testMapRemoveLong" classname="io.vertx.core.shareddata.HazelcastInternalClusteredAsyncMapTest" time="10.27"/>
  <testcase name="testMapPutGetClusterSerializableObject" classname="io.vertx.core.shareddata.HazelcastInternalClusteredAsyncMapTest" time="10.835"/>
  <testcase name="testPutInvalidKey" classname="io.vertx.core.shareddata.HazelcastInternalClusteredAsyncMapTest" time="9.877"/>
  <testcase name="testMapPutGetBuffer" classname="io.vertx.core.shareddata.HazelcastInternalClusteredAsyncMapTest" time="9.289"/>
  <testcase name="testPutIfAbsentInvalidKey" classname="io.vertx.core.shareddata.HazelcastInternalClusteredAsyncMapTest" time="8.986"/>
  <testcase name="testMapPutGetDouble" classname="io.vertx.core.shareddata.HazelcastInternalClusteredAsyncMapTest" time="9.743"/>
  <testcase name="testGetMapWithNullName" classname="io.vertx.core.shareddata.HazelcastInternalClusteredAsyncMapTest" time="10.621"/>
  <testcase name="testMapRemoveBuffer" classname="io.vertx.core.shareddata.HazelcastInternalClusteredAsyncMapTest" time="9.768"/>
  <testcase name="testMapRemoveDouble" classname="io.vertx.core.shareddata.HazelcastInternalClusteredAsyncMapTest" time="10.38"/>
  <testcase name="testMapReplaceIfPresentBoolean" classname="io.vertx.core.shareddata.HazelcastInternalClusteredAsyncMapTest" time="9.73"/>
  <testcase name="testMapPutGetBoolean" classname="io.vertx.core.shareddata.HazelcastInternalClusteredAsyncMapTest" time="10.707"/>
  <testcase name="testMapRemoveFloat" classname="io.vertx.core.shareddata.HazelcastInternalClusteredAsyncMapTest" time="10.307"/>
  <testcase name="testMapRemoveShort" classname="io.vertx.core.shareddata.HazelcastInternalClusteredAsyncMapTest" time="9.223"/>
  <testcase name="testMapPutIfAbsentGetInt" classname="io.vertx.core.shareddata.HazelcastInternalClusteredAsyncMapTest" time="10.094"/>
  <testcase name="testMapReplaceIfPresentByte" classname="io.vertx.core.shareddata.HazelcastInternalClusteredAsyncMapTest" time="9.998"/>
  <testcase name="testMapReplaceIfPresentChar" classname="io.vertx.core.shareddata.HazelcastInternalClusteredAsyncMapTest" time="10.053"/>
  <testcase name="testMapReplaceIfPresentLong" classname="io.vertx.core.shareddata.HazelcastInternalClusteredAsyncMapTest" time="9.705"/>
  <testcase name="testMapPutGetString" classname="io.vertx.core.shareddata.HazelcastInternalClusteredAsyncMapTest" time="9.17"/>
  <testcase name="testMapReplaceBuffer" classname="io.vertx.core.shareddata.HazelcastInternalClusteredAsyncMapTest" time="8.702"/>
  <testcase name="testMapRemoveString" classname="io.vertx.core.shareddata.HazelcastInternalClusteredAsyncMapTest" time="8.976"/>
  <testcase name="testMapReplaceDouble" classname="io.vertx.core.shareddata.HazelcastInternalClusteredAsyncMapTest" time="9.387"/>
  <testcase name="testMapPutIfAbsentGetSerializableObject" classname="io.vertx.core.shareddata.HazelcastInternalClusteredAsyncMapTest" time="9.312"/>
  <testcase name="testMapPutGetJsonObject" classname="io.vertx.core.shareddata.HazelcastInternalClusteredAsyncMapTest" time="9.057"/>
  <testcase name="testGetMapWithNullResultHandler" classname="io.vertx.core.shareddata.HazelcastInternalClusteredAsyncMapTest" time="8.982"/>
  <testcase name="testPutNullValue" classname="io.vertx.core.shareddata.HazelcastInternalClusteredAsyncMapTest" time="9.087"/>
  <testcase name="testMapReplaceIfPresentSerializableObject" classname="io.vertx.core.shareddata.HazelcastInternalClusteredAsyncMapTest" time="8.858"/>
  <testcase name="testMapRemoveJsonObject" classname="io.vertx.core.shareddata.HazelcastInternalClusteredAsyncMapTest" time="8.812"/>
  <testcase name="testMapPutIfAbsentGetBuffer" classname="io.vertx.core.shareddata.HazelcastInternalClusteredAsyncMapTest" time="8.091"/>
  <testcase name="testMapPutIfAbsentGetDouble" classname="io.vertx.core.shareddata.HazelcastInternalClusteredAsyncMapTest" time="9.337"/>
  <testcase name="testMapPutGetInt" classname="io.vertx.core.shareddata.HazelcastInternalClusteredAsyncMapTest" time="9.213"/>
  <testcase name="testMapReplaceIfPresentInt" classname="io.vertx.core.shareddata.HazelcastInternalClusteredAsyncMapTest" time="8.275"/>
  <testcase name="testMapReplaceString" classname="io.vertx.core.shareddata.HazelcastInternalClusteredAsyncMapTest" time="9.292"/>
  <testcase name="testMapReplaceByte" classname="io.vertx.core.shareddata.HazelcastInternalClusteredAsyncMapTest" time="9.091"/>
  <testcase name="testMapReplaceChar" classname="io.vertx.core.shareddata.HazelcastInternalClusteredAsyncMapTest" time="8.865"/>
  <testcase name="testMapReplaceLong" classname="io.vertx.core.shareddata.HazelcastInternalClusteredAsyncMapTest" time="8.757"/>
  <testcase name="testMapRemoveIfPresentSerializableObject" classname="io.vertx.core.shareddata.HazelcastInternalClusteredAsyncMapTest" time="8.839"/>
  <testcase name="testMapRemoveClusterSerializableObject" classname="io.vertx.core.shareddata.HazelcastInternalClusteredAsyncMapTest" time="8.656"/>
  <testcase name="testMapRemoveIfPresentFloat" classname="io.vertx.core.shareddata.HazelcastInternalClusteredAsyncMapTest" time="9.095"/>
  <testcase name="testMapRemoveIfPresentShort" classname="io.vertx.core.shareddata.HazelcastInternalClusteredAsyncMapTest" time="9.205"/>
  <testcase name="testMapPutIfAbsentGetBoolean" classname="io.vertx.core.shareddata.HazelcastInternalClusteredAsyncMapTest" time="8.843"/>
  <testcase name="testMapRemoveBoolean" classname="io.vertx.core.shareddata.HazelcastInternalClusteredAsyncMapTest" time="9.463"/>
  <testcase name="testMapReplaceSerializableObject" classname="io.vertx.core.shareddata.HazelcastInternalClusteredAsyncMapTest" time="9.541"/>
  <testcase name="testMapReplaceJsonArray" classname="io.vertx.core.shareddata.HazelcastInternalClusteredAsyncMapTest" time="8.997"/>
  <testcase name="testMapPutIfAbsentGetByte" classname="io.vertx.core.shareddata.HazelcastInternalClusteredAsyncMapTest" time="9.601"/>
  <testcase name="testMapPutIfAbsentGetChar" classname="io.vertx.core.shareddata.HazelcastInternalClusteredAsyncMapTest" time="8.985"/>
  <testcase name="testMapPutIfAbsentGetLong" classname="io.vertx.core.shareddata.HazelcastInternalClusteredAsyncMapTest" time="9.418"/>
  <testcase name="testMapPutIfAbsentGetString" classname="io.vertx.core.shareddata.HazelcastInternalClusteredAsyncMapTest" time="10.207"/>
  <testcase name="testMapRemoveIfPresentClusterSerializableObject" classname="io.vertx.core.shareddata.HazelcastInternalClusteredAsyncMapTest" time="9.361"/>
  <testcase name="testMapReplaceInt" classname="io.vertx.core.shareddata.HazelcastInternalClusteredAsyncMapTest" time="9.157"/>
  <testcase name="testMapRemoveIfPresentBuffer" classname="io.vertx.core.shareddata.HazelcastInternalClusteredAsyncMapTest" time="9.745"/>
  <testcase name="testMapReplaceJsonObject" classname="io.vertx.core.shareddata.HazelcastInternalClusteredAsyncMapTest" time="9.719"/>
  <testcase name="testMapRemoveIfPresentDouble" classname="io.vertx.core.shareddata.HazelcastInternalClusteredAsyncMapTest" time="9.151"/>
  <testcase name="testMapReplaceIfPresentJsonArray" classname="io.vertx.core.shareddata.HazelcastInternalClusteredAsyncMapTest" time="8.726"/>
  <testcase name="testMapReplaceFloat" classname="io.vertx.core.shareddata.HazelcastInternalClusteredAsyncMapTest" time="9.13"/>
  <testcase name="testMapReplaceShort" classname="io.vertx.core.shareddata.HazelcastInternalClusteredAsyncMapTest" time="10.323"/>
  <testcase name="testMultipleMaps" classname="io.vertx.core.shareddata.HazelcastInternalClusteredAsyncMapTest" time="9.598"/>
  <testcase name="testMapPutIfAbsentTtl" classname="io.vertx.core.shareddata.HazelcastInternalClusteredAsyncMapTest" time="9.88"/>
  <testcase name="testMapPutTtl" classname="io.vertx.core.shareddata.HazelcastInternalClusteredAsyncMapTest" time="9.742"/>
  <testcase name="testMapRemoveIfPresentString" classname="io.vertx.core.shareddata.HazelcastInternalClusteredAsyncMapTest" time="8.947"/>
  <testcase name="testValues" classname="io.vertx.core.shareddata.HazelcastInternalClusteredAsyncMapTest" time="9.657"/>
  <testcase name="testMapReplaceIfPresentFloat" classname="io.vertx.core.shareddata.HazelcastInternalClusteredAsyncMapTest" time="8.882"/>
  <testcase name="testMapReplaceIfPresentShort" classname="io.vertx.core.shareddata.HazelcastInternalClusteredAsyncMapTest" time="9.294"/>
  <testcase name="testMapPutGetFloat" classname="io.vertx.core.shareddata.HazelcastInternalClusteredAsyncMapTest" time="9.137"/>
  <testcase name="testMapReplaceIfPresentClusterSerializableObject" classname="io.vertx.core.shareddata.HazelcastInternalClusteredAsyncMapTest" time="9.831"/>
  <testcase name="testMapPutGetShort" classname="io.vertx.core.shareddata.HazelcastInternalClusteredAsyncMapTest" time="9.912"/>
  <testcase name="testPutNullKey" classname="io.vertx.core.shareddata.HazelcastInternalClusteredAsyncMapTest" time="9.087"/>
  <testcase name="testMapRemoveIfPresentInt" classname="io.vertx.core.shareddata.HazelcastInternalClusteredAsyncMapTest" time="9.303"/>
  <testcase name="testMapPutIfAbsentGetClusterSerializableObject" classname="io.vertx.core.shareddata.HazelcastInternalClusteredAsyncMapTest" time="10.055"/>
  <testcase name="testMapReplaceIfPresentBuffer" classname="io.vertx.core.shareddata.HazelcastInternalClusteredAsyncMapTest" time="9.03"/>
  <testcase name="testMapReplaceIfPresentDouble" classname="io.vertx.core.shareddata.HazelcastInternalClusteredAsyncMapTest" time="10.745"/>
  <testcase name="testMapPutIfAbsentGetJsonArray" classname="io.vertx.core.shareddata.HazelcastInternalClusteredAsyncMapTest" time="9.644"/>
</testsuite>