<?xml version="1.0" encoding="UTF-8"?>
<testsuite xmlns:xsi="http://www.w3.org/2001/XMLSchema-instance" xsi:schemaLocation="https://maven.apache.org/surefire/maven-surefire-plugin/xsd/surefire-test-report.xsd" name="org.apache.ibatis.session.SqlSessionTest" time="1.151" tests="58" errors="0" skipped="0" failures="0">
  <properties>
    <property name="java.runtime.name" value="OpenJDK Runtime Environment"/>
    <property name="sun.boot.library.path" value="/usr/local/openjdk-8/jre/lib/amd64"/>
    <property name="java.vm.version" value="25.262-b10"/>
    <property name="animal.sniffer.skip" value="true"/>
    <property name="java.vm.vendor" value="Oracle Corporation"/>
    <property name="maven.multiModuleProjectDirectory" value="/tmp/tmprel51wt8/mybatis-3"/>
    <property name="maven.javadoc.skip" value="true"/>
    <property name="java.vendor.url" value="http://java.oracle.com/"/>
    <property name="path.separator" value=":"/>
    <property name="guice.disable.misplaced.annotation.check" value="true"/>
    <property name="java.vm.name" value="OpenJDK 64-Bit Server VM"/>
    <property name="file.encoding.pkg" value="sun.io"/>
    <property name="sun.java.launcher" value="SUN_STANDARD"/>
    <property name="sun.os.patch.level" value="unknown"/>
    <property name="source.skip" value="true"/>
    <property name="java.vm.specification.name" value="Java Virtual Machine Specification"/>
    <property name="user.dir" value="/tmp/tmprel51wt8/mybatis-3"/>
    <property name="java.runtime.version" value="1.8.0_262-b10"/>
    <property name="java.awt.graphicsenv" value="sun.awt.X11GraphicsEnvironment"/>
    <property name="java.endorsed.dirs" value="/usr/local/openjdk-8/jre/lib/endorsed"/>
    <property name="os.arch" value="amd64"/>
    <property name="java.io.tmpdir" value="/tmp"/>
    <property name="line.separator" value="&#10;"/>
    <property name="java.vm.specification.vendor" value="Oracle Corporation"/>
    <property name="os.name" value="Linux"/>
    <property name="classworlds.conf" value="/usr/share/maven/bin/m2.conf"/>
    <property name="maven.test.error.ignore" value="true"/>
    <property name="sun.jnu.encoding" value="UTF-8"/>
    <property name="java.library.path" value="/usr/java/packages/lib/amd64:/usr/lib64:/lib64:/lib:/usr/lib"/>
    <property name="license.skip" value="true"/>
    <property name="maven.conf" value="/usr/share/maven/conf"/>
    <property name="java.specification.name" value="Java Platform API Specification"/>
    <property name="java.class.version" value="52.0"/>
    <property name="sun.management.compiler" value="HotSpot 64-Bit Tiered Compilers"/>
    <property name="maven.test.failure.ignore" value="true"/>
    <property name="os.version" value="4.15.0-109-generic"/>
    <property name="library.jansi.path" value="/usr/share/maven/lib/jansi-native"/>
    <property name="user.home" value="/home/jdbl"/>
    <property name="user.timezone" value="Etc/UTC"/>
    <property name="java.awt.printerjob" value="sun.print.PSPrinterJob"/>
    <property name="java.specification.version" value="1.8"/>
    <property name="file.encoding" value="UTF-8"/>
    <property name="user.name" value="jdbl"/>
    <property name="java.class.path" value="/usr/share/maven/boot/plexus-classworlds-2.6.0.jar"/>
    <property name="java.vm.specification.version" value="1.8"/>
    <property name="sun.arch.data.model" value="64"/>
    <property name="java.home" value="/usr/local/openjdk-8/jre"/>
    <property name="sun.java.command" value="org.codehaus.plexus.classworlds.launcher.Launcher package -e --fail-never -ntp -Dmaven.test.error.ignore=true -Dmaven.test.failure.ignore=true -B -Dmaven.javadoc.skip=true -Drat.skip=true -Danimal.sniffer.skip=true -Dmaven.javadoc.skip=true -Dlicense.skip=true -Dsource.skip=true"/>
    <property name="java.specification.vendor" value="Oracle Corporation"/>
    <property name="user.language" value="en"/>
    <property name="awt.toolkit" value="sun.awt.X11.XToolkit"/>
    <property name="java.vm.info" value="mixed mode"/>
    <property name="java.version" value="1.8.0_262"/>
    <property name="java.ext.dirs" value="/usr/local/openjdk-8/jre/lib/ext:/usr/java/packages/lib/ext"/>
    <property name="securerandom.source" value="file:/dev/./urandom"/>
    <property name="sun.boot.class.path" value="/usr/local/openjdk-8/jre/lib/resources.jar:/usr/local/openjdk-8/jre/lib/rt.jar:/usr/local/openjdk-8/jre/lib/sunrsasign.jar:/usr/local/openjdk-8/jre/lib/jsse.jar:/usr/local/openjdk-8/jre/lib/jce.jar:/usr/local/openjdk-8/jre/lib/charsets.jar:/usr/local/openjdk-8/jre/lib/jfr.jar:/usr/local/openjdk-8/jre/classes"/>
    <property name="java.vendor" value="Oracle Corporation"/>
    <property name="rat.skip" value="true"/>
    <property name="maven.home" value="/usr/share/maven"/>
    <property name="file.separator" value="/"/>
    <property name="java.vendor.url.bug" value="http://bugreport.sun.com/bugreport/"/>
    <property name="sun.cpu.endian" value="little"/>
    <property name="sun.io.unicode.encoding" value="UnicodeLittle"/>
    <property name="sun.cpu.isalist" value=""/>
  </properties>
  <testcase name="shouldFindPostByIDWithDynamicSql" classname="org.apache.ibatis.session.SqlSessionTest" time="0.009"/>
  <testcase name="shouldExecuteSelectAllAuthorsUsingMapperClassThatReturnsSet" classname="org.apache.ibatis.session.SqlSessionTest" time="0.004"/>
  <testcase name="shouldExecuteSelectOneAuthorUsingMapperClassThatReturnsALinedHashMap" classname="org.apache.ibatis.session.SqlSessionTest" time="0.004"/>
  <testcase name="shouldExecuteSelectOneAuthorUsingMapperClassWithResultHandler" classname="org.apache.ibatis.session.SqlSessionTest" time="0.003"/>
  <testcase name="shouldFailSelectOneAuthorUsingMapperClassWithTwoResultHandlers" classname="org.apache.ibatis.session.SqlSessionTest" time="0.003"/>
  <testcase name="shouldUpdateAuthorImplicitRollback" classname="org.apache.ibatis.session.SqlSessionTest" time="0.019"/>
  <testcase name="shouldFindOddPostsInList" classname="org.apache.ibatis.session.SqlSessionTest" time="0.016"/>
  <testcase name="shouldThrowExceptionIfTryingToAddStatementWithSameName" classname="org.apache.ibatis.session.SqlSessionTest" time="0"/>
  <testcase name="shouldUpdateAuthorCommit" classname="org.apache.ibatis.session.SqlSessionTest" time="0.007"/>
  <testcase name="shouldFailWithTooManyResultsException" classname="org.apache.ibatis.session.SqlSessionTest" time="0.002"/>
  <testcase name="shouldSelectOneImmutableAuthor" classname="org.apache.ibatis.session.SqlSessionTest" time="0.001"/>
  <testcase name="shouldCacheAllAuthors" classname="org.apache.ibatis.session.SqlSessionTest" time="0.004"/>
  <testcase name="shouldFindPostsAllPostsWithDynamicSql" classname="org.apache.ibatis.session.SqlSessionTest" time="0.006"/>
  <testcase name="shouldOpenAndClose" classname="org.apache.ibatis.session.SqlSessionTest" time="0.001"/>
  <testcase name="shouldSelectOneAuthor" classname="org.apache.ibatis.session.SqlSessionTest" time="0.001"/>
  <testcase name="shouldCommitAnUnUsedSqlSession" classname="org.apache.ibatis.session.SqlSessionTest" time="0"/>
  <testcase name="shouldSelectBlogWithPostsAndAuthorUsingSubSelectsLazily" classname="org.apache.ibatis.session.SqlSessionTest" time="0.016"/>
  <testcase name="shouldSelectBlogWithPostsAndAuthorUsingJoin" classname="org.apache.ibatis.session.SqlSessionTest" time="0.017"/>
  <testcase name="shouldSelectNestedBlogWithPostsAndAuthorUsingJoin" classname="org.apache.ibatis.session.SqlSessionTest" time="0.005"/>
  <testcase name="shouldSelectAllPostsUsingMapperClass" classname="org.apache.ibatis.session.SqlSessionTest" time="0.008"/>
  <testcase name="shouldFindPostsInSetOfIDsWithDynamicSql" classname="org.apache.ibatis.session.SqlSessionTest" time="0.005"/>
  <testcase name="shouldExecuteSelectAllAuthorsUsingMapperClassThatReturnsVector" classname="org.apache.ibatis.session.SqlSessionTest" time="0.002"/>
  <testcase name="shouldRollbackAnUnUsedSqlSession" classname="org.apache.ibatis.session.SqlSessionTest" time="0"/>
  <testcase name="shouldSelectOneAuthorAsList" classname="org.apache.ibatis.session.SqlSessionTest" time="0.002"/>
  <testcase name="shouldSelectOddPostsInKeysList" classname="org.apache.ibatis.session.SqlSessionTest" time="0.002"/>
  <testcase name="shouldOffsetAndLimitResultsUsingMapperClass" classname="org.apache.ibatis.session.SqlSessionTest" time="0.002"/>
  <testcase name="shouldFindPostsWithBlogIdUsingDynamicSql" classname="org.apache.ibatis.session.SqlSessionTest" time="0.004"/>
  <testcase name="shouldResolveBothSimpleNameAndFullyQualifiedName" classname="org.apache.ibatis.session.SqlSessionTest" time="0"/>
  <testcase name="shouldDeleteAuthorUsingMapperClass" classname="org.apache.ibatis.session.SqlSessionTest" time="0.01"/>
  <testcase name="shouldSelectBlogWithPostsAndAuthorUsingSubSelects" classname="org.apache.ibatis.session.SqlSessionTest" time="0.002"/>
  <testcase name="shouldFindPostsInList" classname="org.apache.ibatis.session.SqlSessionTest" time="0.005"/>
  <testcase name="shouldSucceedWhenFullyQualifiedButFailDueToAmbiguity" classname="org.apache.ibatis.session.SqlSessionTest" time="0"/>
  <testcase name="shouldExecuteSelectAllAuthorsUsingMapperClassThatReturnsLinkedList" classname="org.apache.ibatis.session.SqlSessionTest" time="0.002"/>
  <testcase name="shouldLimitResultsUsingMapperClass" classname="org.apache.ibatis.session.SqlSessionTest" time="0.001"/>
  <testcase name="shouldSelectAllAuthorsAsMap" classname="org.apache.ibatis.session.SqlSessionTest" time="0.001"/>
  <testcase name="shouldExecuteSelectAllAuthorsUsingMapperClassThatReturnsAnArray" classname="org.apache.ibatis.session.SqlSessionTest" time="0.001"/>
  <testcase name="shouldEnsureThatBothEarlyAndLateResolutionOfNesteDiscriminatorsResolesToUseNestedResultSetHandler" classname="org.apache.ibatis.session.SqlSessionTest" time="0"/>
  <testcase name="shouldFailExecutingAnAnnotatedMapperClassWithResultHandler" classname="org.apache.ibatis.session.SqlSessionTest" time="0"/>
  <testcase name="shouldInsertAuthorUsingMapperClass" classname="org.apache.ibatis.session.SqlSessionTest" time="0.009"/>
  <testcase name="shouldSelectCountOfPosts" classname="org.apache.ibatis.session.SqlSessionTest" time="0.012"/>
  <testcase name="shouldHandleZeroParameters" classname="org.apache.ibatis.session.SqlSessionTest" time="0.003"/>
  <testcase name="shouldStopResultHandler" classname="org.apache.ibatis.session.SqlSessionTest" time="0.002"/>
  <testcase name="shouldSelectOneAuthorWithInlineParams" classname="org.apache.ibatis.session.SqlSessionTest" time="0.002"/>
  <testcase name="shouldDeleteAuthor" classname="org.apache.ibatis.session.SqlSessionTest" time="0.007"/>
  <testcase name="shouldFailOverToMostApplicableSimpleName" classname="org.apache.ibatis.session.SqlSessionTest" time="0"/>
  <testcase name="shouldUpdateAuthorIfNecessary" classname="org.apache.ibatis.session.SqlSessionTest" time="0.009"/>
  <testcase name="shouldSelectAuthorsUsingMapperClassWithResultHandler" classname="org.apache.ibatis.session.SqlSessionTest" time="0.001"/>
  <testcase name="shouldFindPostsWithAuthorIdUsingDynamicSql" classname="org.apache.ibatis.session.SqlSessionTest" time="0.006"/>
  <testcase name="shouldFailToAddDueToNameConflict" classname="org.apache.ibatis.session.SqlSessionTest" time="0"/>
  <testcase name="shouldUpdateAuthorUsingMapperClass" classname="org.apache.ibatis.session.SqlSessionTest" time="0.008"/>
  <testcase name="shouldThrowExceptionIfMappedStatementDoesNotExist" classname="org.apache.ibatis.session.SqlSessionTest" time="0"/>
  <testcase name="shouldFailSelectOneAuthorUsingMapperClassWithTwoRowBounds" classname="org.apache.ibatis.session.SqlSessionTest" time="0.002"/>
  <testcase name="shouldSelectAuthorsUsingMapperClass" classname="org.apache.ibatis.session.SqlSessionTest" time="0.002"/>
  <testcase name="shouldNotCacheAllAuthors" classname="org.apache.ibatis.session.SqlSessionTest" time="0.001"/>
  <testcase name="shouldExecuteSelectOneAuthorUsingMapperClass" classname="org.apache.ibatis.session.SqlSessionTest" time="0.001"/>
  <testcase name="shouldFindPostsWithAuthorAndBlogIdUsingDynamicSql" classname="org.apache.ibatis.session.SqlSessionTest" time="0.005"/>
  <testcase name="shouldSelectAllAuthors" classname="org.apache.ibatis.session.SqlSessionTest" time="0.001"/>
  <testcase name="shouldInsertAuthor" classname="org.apache.ibatis.session.SqlSessionTest" time="0.007"/>
</testsuite>