<?xml version="1.0" encoding="UTF-8"?>
<testsuite xmlns:xsi="http://www.w3.org/2001/XMLSchema-instance" xsi:schemaLocation="https://maven.apache.org/surefire/maven-surefire-plugin/xsd/surefire-test-report.xsd" name="org.apache.commons.lang3.time.FastDatePrinterTimeZonesTest" time="0.914" tests="629" errors="0" skipped="0" failures="0">
  <properties>
    <property name="java.runtime.name" value="OpenJDK Runtime Environment"/>
    <property name="sun.boot.library.path" value="/usr/local/openjdk-8/jre/lib/amd64"/>
    <property name="java.vm.version" value="25.262-b10"/>
    <property name="animal.sniffer.skip" value="true"/>
    <property name="java.vm.vendor" value="Oracle Corporation"/>
    <property name="maven.multiModuleProjectDirectory" value="/tmp/tmplrvn6yhe/commons-lang"/>
    <property name="maven.javadoc.skip" value="true"/>
    <property name="java.vendor.url" value="http://java.oracle.com/"/>
    <property name="path.separator" value=":"/>
    <property name="guice.disable.misplaced.annotation.check" value="true"/>
    <property name="java.vm.name" value="OpenJDK 64-Bit Server VM"/>
    <property name="file.encoding.pkg" value="sun.io"/>
    <property name="sun.java.launcher" value="SUN_STANDARD"/>
    <property name="sun.os.patch.level" value="unknown"/>
    <property name="source.skip" value="true"/>
    <property name="java.vm.specification.name" value="Java Virtual Machine Specification"/>
    <property name="user.dir" value="/tmp/tmplrvn6yhe/commons-lang"/>
    <property name="java.runtime.version" value="1.8.0_262-b10"/>
    <property name="java.awt.graphicsenv" value="sun.awt.X11GraphicsEnvironment"/>
    <property name="java.endorsed.dirs" value="/usr/local/openjdk-8/jre/lib/endorsed"/>
    <property name="os.arch" value="amd64"/>
    <property name="java.io.tmpdir" value="/tmp"/>
    <property name="line.separator" value="&#10;"/>
    <property name="java.vm.specification.vendor" value="Oracle Corporation"/>
    <property name="os.name" value="Linux"/>
    <property name="classworlds.conf" value="/usr/share/maven/bin/m2.conf"/>
    <property name="maven.test.error.ignore" value="true"/>
    <property name="sun.jnu.encoding" value="UTF-8"/>
    <property name="java.library.path" value="/usr/java/packages/lib/amd64:/usr/lib64:/lib64:/lib:/usr/lib"/>
    <property name="license.skip" value="true"/>
    <property name="maven.conf" value="/usr/share/maven/conf"/>
    <property name="java.specification.name" value="Java Platform API Specification"/>
    <property name="java.class.version" value="52.0"/>
    <property name="sun.management.compiler" value="HotSpot 64-Bit Tiered Compilers"/>
    <property name="maven.test.failure.ignore" value="true"/>
    <property name="os.version" value="4.15.0-109-generic"/>
    <property name="library.jansi.path" value="/usr/share/maven/lib/jansi-native"/>
    <property name="user.home" value="/home/jdbl"/>
    <property name="user.timezone" value="Etc/UTC"/>
    <property name="java.awt.printerjob" value="sun.print.PSPrinterJob"/>
    <property name="java.specification.version" value="1.8"/>
    <property name="file.encoding" value="UTF-8"/>
    <property name="user.name" value="jdbl"/>
    <property name="java.class.path" value="/usr/share/maven/boot/plexus-classworlds-2.6.0.jar"/>
    <property name="java.vm.specification.version" value="1.8"/>
    <property name="sun.arch.data.model" value="64"/>
    <property name="java.home" value="/usr/local/openjdk-8/jre"/>
    <property name="sun.java.command" value="org.codehaus.plexus.classworlds.launcher.Launcher package -e --fail-never -ntp -Dmaven.test.error.ignore=true -Dmaven.test.failure.ignore=true -B -Dmaven.javadoc.skip=true -Drat.skip=true -Danimal.sniffer.skip=true -Dmaven.javadoc.skip=true -Dlicense.skip=true -Dsource.skip=true"/>
    <property name="java.specification.vendor" value="Oracle Corporation"/>
    <property name="user.language" value="en"/>
    <property name="awt.toolkit" value="sun.awt.X11.XToolkit"/>
    <property name="java.vm.info" value="mixed mode"/>
    <property name="java.version" value="1.8.0_262"/>
    <property name="java.ext.dirs" value="/usr/local/openjdk-8/jre/lib/ext:/usr/java/packages/lib/ext"/>
    <property name="securerandom.source" value="file:/dev/./urandom"/>
    <property name="sun.boot.class.path" value="/usr/local/openjdk-8/jre/lib/resources.jar:/usr/local/openjdk-8/jre/lib/rt.jar:/usr/local/openjdk-8/jre/lib/sunrsasign.jar:/usr/local/openjdk-8/jre/lib/jsse.jar:/usr/local/openjdk-8/jre/lib/jce.jar:/usr/local/openjdk-8/jre/lib/charsets.jar:/usr/local/openjdk-8/jre/lib/jfr.jar:/usr/local/openjdk-8/jre/classes"/>
    <property name="java.vendor" value="Oracle Corporation"/>
    <property name="rat.skip" value="true"/>
    <property name="maven.home" value="/usr/share/maven"/>
    <property name="file.separator" value="/"/>
    <property name="java.vendor.url.bug" value="http://bugreport.sun.com/bugreport/"/>
    <property name="sun.cpu.endian" value="little"/>
    <property name="sun.io.unicode.encoding" value="UnicodeLittle"/>
    <property name="sun.cpu.isalist" value=""/>
  </properties>
  <testcase name="testCalendarTimezoneRespected[0]" classname="org.apache.commons.lang3.time.FastDatePrinterTimeZonesTest" time="0"/>
  <testcase name="testCalendarTimezoneRespected[1]" classname="org.apache.commons.lang3.time.FastDatePrinterTimeZonesTest" time="0"/>
  <testcase name="testCalendarTimezoneRespected[2]" classname="org.apache.commons.lang3.time.FastDatePrinterTimeZonesTest" time="0"/>
  <testcase name="testCalendarTimezoneRespected[3]" classname="org.apache.commons.lang3.time.FastDatePrinterTimeZonesTest" time="0"/>
  <testcase name="testCalendarTimezoneRespected[4]" classname="org.apache.commons.lang3.time.FastDatePrinterTimeZonesTest" time="0"/>
  <testcase name="testCalendarTimezoneRespected[5]" classname="org.apache.commons.lang3.time.FastDatePrinterTimeZonesTest" time="0"/>
  <testcase name="testCalendarTimezoneRespected[6]" classname="org.apache.commons.lang3.time.FastDatePrinterTimeZonesTest" time="0"/>
  <testcase name="testCalendarTimezoneRespected[7]" classname="org.apache.commons.lang3.time.FastDatePrinterTimeZonesTest" time="0"/>
  <testcase name="testCalendarTimezoneRespected[8]" classname="org.apache.commons.lang3.time.FastDatePrinterTimeZonesTest" time="0.008"/>
  <testcase name="testCalendarTimezoneRespected[9]" classname="org.apache.commons.lang3.time.FastDatePrinterTimeZonesTest" time="0.004"/>
  <testcase name="testCalendarTimezoneRespected[10]" classname="org.apache.commons.lang3.time.FastDatePrinterTimeZonesTest" time="0"/>
  <testcase name="testCalendarTimezoneRespected[11]" classname="org.apache.commons.lang3.time.FastDatePrinterTimeZonesTest" time="0"/>
  <testcase name="testCalendarTimezoneRespected[12]" classname="org.apache.commons.lang3.time.FastDatePrinterTimeZonesTest" time="0"/>
  <testcase name="testCalendarTimezoneRespected[13]" classname="org.apache.commons.lang3.time.FastDatePrinterTimeZonesTest" time="0"/>
  <testcase name="testCalendarTimezoneRespected[14]" classname="org.apache.commons.lang3.time.FastDatePrinterTimeZonesTest" time="0"/>
  <testcase name="testCalendarTimezoneRespected[15]" classname="org.apache.commons.lang3.time.FastDatePrinterTimeZonesTest" time="0"/>
  <testcase name="testCalendarTimezoneRespected[16]" classname="org.apache.commons.lang3.time.FastDatePrinterTimeZonesTest" time="0.001"/>
  <testcase name="testCalendarTimezoneRespected[17]" classname="org.apache.commons.lang3.time.FastDatePrinterTimeZonesTest" time="0"/>
  <testcase name="testCalendarTimezoneRespected[18]" classname="org.apache.commons.lang3.time.FastDatePrinterTimeZonesTest" time="0"/>
  <testcase name="testCalendarTimezoneRespected[19]" classname="org.apache.commons.lang3.time.FastDatePrinterTimeZonesTest" time="0.005"/>
  <testcase name="testCalendarTimezoneRespected[20]" classname="org.apache.commons.lang3.time.FastDatePrinterTimeZonesTest" time="0"/>
  <testcase name="testCalendarTimezoneRespected[21]" classname="org.apache.commons.lang3.time.FastDatePrinterTimeZonesTest" time="0"/>
  <testcase name="testCalendarTimezoneRespected[22]" classname="org.apache.commons.lang3.time.FastDatePrinterTimeZonesTest" time="0"/>
  <testcase name="testCalendarTimezoneRespected[23]" classname="org.apache.commons.lang3.time.FastDatePrinterTimeZonesTest" time="0"/>
  <testcase name="testCalendarTimezoneRespected[24]" classname="org.apache.commons.lang3.time.FastDatePrinterTimeZonesTest" time="0"/>
  <testcase name="testCalendarTimezoneRespected[25]" classname="org.apache.commons.lang3.time.FastDatePrinterTimeZonesTest" time="0"/>
  <testcase name="testCalendarTimezoneRespected[26]" classname="org.apache.commons.lang3.time.FastDatePrinterTimeZonesTest" time="0"/>
  <testcase name="testCalendarTimezoneRespected[27]" classname="org.apache.commons.lang3.time.FastDatePrinterTimeZonesTest" time="0.022"/>
  <testcase name="testCalendarTimezoneRespected[28]" classname="org.apache.commons.lang3.time.FastDatePrinterTimeZonesTest" time="0.011"/>
  <testcase name="testCalendarTimezoneRespected[29]" classname="org.apache.commons.lang3.time.FastDatePrinterTimeZonesTest" time="0.001"/>
  <testcase name="testCalendarTimezoneRespected[30]" classname="org.apache.commons.lang3.time.FastDatePrinterTimeZonesTest" time="0.001"/>
  <testcase name="testCalendarTimezoneRespected[31]" classname="org.apache.commons.lang3.time.FastDatePrinterTimeZonesTest" time="0"/>
  <testcase name="testCalendarTimezoneRespected[32]" classname="org.apache.commons.lang3.time.FastDatePrinterTimeZonesTest" time="0.001"/>
  <testcase name="testCalendarTimezoneRespected[33]" classname="org.apache.commons.lang3.time.FastDatePrinterTimeZonesTest" time="0"/>
  <testcase name="testCalendarTimezoneRespected[34]" classname="org.apache.commons.lang3.time.FastDatePrinterTimeZonesTest" time="0"/>
  <testcase name="testCalendarTimezoneRespected[35]" classname="org.apache.commons.lang3.time.FastDatePrinterTimeZonesTest" time="0"/>
  <testcase name="testCalendarTimezoneRespected[36]" classname="org.apache.commons.lang3.time.FastDatePrinterTimeZonesTest" time="0"/>
  <testcase name="testCalendarTimezoneRespected[37]" classname="org.apache.commons.lang3.time.FastDatePrinterTimeZonesTest" time="0"/>
  <testcase name="testCalendarTimezoneRespected[38]" classname="org.apache.commons.lang3.time.FastDatePrinterTimeZonesTest" time="0"/>
  <testcase name="testCalendarTimezoneRespected[39]" classname="org.apache.commons.lang3.time.FastDatePrinterTimeZonesTest" time="0"/>
  <testcase name="testCalendarTimezoneRespected[40]" classname="org.apache.commons.lang3.time.FastDatePrinterTimeZonesTest" time="0"/>
  <testcase name="testCalendarTimezoneRespected[41]" classname="org.apache.commons.lang3.time.FastDatePrinterTimeZonesTest" time="0"/>
  <testcase name="testCalendarTimezoneRespected[42]" classname="org.apache.commons.lang3.time.FastDatePrinterTimeZonesTest" time="0.001"/>
  <testcase name="testCalendarTimezoneRespected[43]" classname="org.apache.commons.lang3.time.FastDatePrinterTimeZonesTest" time="0"/>
  <testcase name="testCalendarTimezoneRespected[44]" classname="org.apache.commons.lang3.time.FastDatePrinterTimeZonesTest" time="0"/>
  <testcase name="testCalendarTimezoneRespected[45]" classname="org.apache.commons.lang3.time.FastDatePrinterTimeZonesTest" time="0.001"/>
  <testcase name="testCalendarTimezoneRespected[46]" classname="org.apache.commons.lang3.time.FastDatePrinterTimeZonesTest" time="0"/>
  <testcase name="testCalendarTimezoneRespected[47]" classname="org.apache.commons.lang3.time.FastDatePrinterTimeZonesTest" time="0"/>
  <testcase name="testCalendarTimezoneRespected[48]" classname="org.apache.commons.lang3.time.FastDatePrinterTimeZonesTest" time="0.001"/>
  <testcase name="testCalendarTimezoneRespected[49]" classname="org.apache.commons.lang3.time.FastDatePrinterTimeZonesTest" time="0"/>
  <testcase name="testCalendarTimezoneRespected[50]" classname="org.apache.commons.lang3.time.FastDatePrinterTimeZonesTest" time="0"/>
  <testcase name="testCalendarTimezoneRespected[51]" classname="org.apache.commons.lang3.time.FastDatePrinterTimeZonesTest" time="0"/>
  <testcase name="testCalendarTimezoneRespected[52]" classname="org.apache.commons.lang3.time.FastDatePrinterTimeZonesTest" time="0.001"/>
  <testcase name="testCalendarTimezoneRespected[53]" classname="org.apache.commons.lang3.time.FastDatePrinterTimeZonesTest" time="0"/>
  <testcase name="testCalendarTimezoneRespected[54]" classname="org.apache.commons.lang3.time.FastDatePrinterTimeZonesTest" time="0"/>
  <testcase name="testCalendarTimezoneRespected[55]" classname="org.apache.commons.lang3.time.FastDatePrinterTimeZonesTest" time="0.001"/>
  <testcase name="testCalendarTimezoneRespected[56]" classname="org.apache.commons.lang3.time.FastDatePrinterTimeZonesTest" time="0"/>
  <testcase name="testCalendarTimezoneRespected[57]" classname="org.apache.commons.lang3.time.FastDatePrinterTimeZonesTest" time="0"/>
  <testcase name="testCalendarTimezoneRespected[58]" classname="org.apache.commons.lang3.time.FastDatePrinterTimeZonesTest" time="0.001"/>
  <testcase name="testCalendarTimezoneRespected[59]" classname="org.apache.commons.lang3.time.FastDatePrinterTimeZonesTest" time="0"/>
  <testcase name="testCalendarTimezoneRespected[60]" classname="org.apache.commons.lang3.time.FastDatePrinterTimeZonesTest" time="0"/>
  <testcase name="testCalendarTimezoneRespected[61]" classname="org.apache.commons.lang3.time.FastDatePrinterTimeZonesTest" time="0"/>
  <testcase name="testCalendarTimezoneRespected[62]" classname="org.apache.commons.lang3.time.FastDatePrinterTimeZonesTest" time="0.001"/>
  <testcase name="testCalendarTimezoneRespected[63]" classname="org.apache.commons.lang3.time.FastDatePrinterTimeZonesTest" time="0"/>
  <testcase name="testCalendarTimezoneRespected[64]" classname="org.apache.commons.lang3.time.FastDatePrinterTimeZonesTest" time="0"/>
  <testcase name="testCalendarTimezoneRespected[65]" classname="org.apache.commons.lang3.time.FastDatePrinterTimeZonesTest" time="0"/>
  <testcase name="testCalendarTimezoneRespected[66]" classname="org.apache.commons.lang3.time.FastDatePrinterTimeZonesTest" time="0.001"/>
  <testcase name="testCalendarTimezoneRespected[67]" classname="org.apache.commons.lang3.time.FastDatePrinterTimeZonesTest" time="0"/>
  <testcase name="testCalendarTimezoneRespected[68]" classname="org.apache.commons.lang3.time.FastDatePrinterTimeZonesTest" time="0"/>
  <testcase name="testCalendarTimezoneRespected[69]" classname="org.apache.commons.lang3.time.FastDatePrinterTimeZonesTest" time="0"/>
  <testcase name="testCalendarTimezoneRespected[70]" classname="org.apache.commons.lang3.time.FastDatePrinterTimeZonesTest" time="0.001"/>
  <testcase name="testCalendarTimezoneRespected[71]" classname="org.apache.commons.lang3.time.FastDatePrinterTimeZonesTest" time="0"/>
  <testcase name="testCalendarTimezoneRespected[72]" classname="org.apache.commons.lang3.time.FastDatePrinterTimeZonesTest" time="0"/>
  <testcase name="testCalendarTimezoneRespected[73]" classname="org.apache.commons.lang3.time.FastDatePrinterTimeZonesTest" time="0"/>
  <testcase name="testCalendarTimezoneRespected[74]" classname="org.apache.commons.lang3.time.FastDatePrinterTimeZonesTest" time="0.001"/>
  <testcase name="testCalendarTimezoneRespected[75]" classname="org.apache.commons.lang3.time.FastDatePrinterTimeZonesTest" time="0"/>
  <testcase name="testCalendarTimezoneRespected[76]" classname="org.apache.commons.lang3.time.FastDatePrinterTimeZonesTest" time="0"/>
  <testcase name="testCalendarTimezoneRespected[77]" classname="org.apache.commons.lang3.time.FastDatePrinterTimeZonesTest" time="0"/>
  <testcase name="testCalendarTimezoneRespected[78]" classname="org.apache.commons.lang3.time.FastDatePrinterTimeZonesTest" time="0.01"/>
  <testcase name="testCalendarTimezoneRespected[79]" classname="org.apache.commons.lang3.time.FastDatePrinterTimeZonesTest" time="0.001"/>
  <testcase name="testCalendarTimezoneRespected[80]" classname="org.apache.commons.lang3.time.FastDatePrinterTimeZonesTest" time="0"/>
  <testcase name="testCalendarTimezoneRespected[81]" classname="org.apache.commons.lang3.time.FastDatePrinterTimeZonesTest" time="0.003"/>
  <testcase name="testCalendarTimezoneRespected[82]" classname="org.apache.commons.lang3.time.FastDatePrinterTimeZonesTest" time="0"/>
  <testcase name="testCalendarTimezoneRespected[83]" classname="org.apache.commons.lang3.time.FastDatePrinterTimeZonesTest" time="0.001"/>
  <testcase name="testCalendarTimezoneRespected[84]" classname="org.apache.commons.lang3.time.FastDatePrinterTimeZonesTest" time="0"/>
  <testcase name="testCalendarTimezoneRespected[85]" classname="org.apache.commons.lang3.time.FastDatePrinterTimeZonesTest" time="0"/>
  <testcase name="testCalendarTimezoneRespected[86]" classname="org.apache.commons.lang3.time.FastDatePrinterTimeZonesTest" time="0"/>
  <testcase name="testCalendarTimezoneRespected[87]" classname="org.apache.commons.lang3.time.FastDatePrinterTimeZonesTest" time="0.001"/>
  <testcase name="testCalendarTimezoneRespected[88]" classname="org.apache.commons.lang3.time.FastDatePrinterTimeZonesTest" time="0"/>
  <testcase name="testCalendarTimezoneRespected[89]" classname="org.apache.commons.lang3.time.FastDatePrinterTimeZonesTest" time="0"/>
  <testcase name="testCalendarTimezoneRespected[90]" classname="org.apache.commons.lang3.time.FastDatePrinterTimeZonesTest" time="0.001"/>
  <testcase name="testCalendarTimezoneRespected[91]" classname="org.apache.commons.lang3.time.FastDatePrinterTimeZonesTest" time="0.012"/>
  <testcase name="testCalendarTimezoneRespected[92]" classname="org.apache.commons.lang3.time.FastDatePrinterTimeZonesTest" time="0"/>
  <testcase name="testCalendarTimezoneRespected[93]" classname="org.apache.commons.lang3.time.FastDatePrinterTimeZonesTest" time="0.001"/>
  <testcase name="testCalendarTimezoneRespected[94]" classname="org.apache.commons.lang3.time.FastDatePrinterTimeZonesTest" time="0.001"/>
  <testcase name="testCalendarTimezoneRespected[95]" classname="org.apache.commons.lang3.time.FastDatePrinterTimeZonesTest" time="0"/>
  <testcase name="testCalendarTimezoneRespected[96]" classname="org.apache.commons.lang3.time.FastDatePrinterTimeZonesTest" time="0"/>
  <testcase name="testCalendarTimezoneRespected[97]" classname="org.apache.commons.lang3.time.FastDatePrinterTimeZonesTest" time="0.002"/>
  <testcase name="testCalendarTimezoneRespected[98]" classname="org.apache.commons.lang3.time.FastDatePrinterTimeZonesTest" time="0"/>
  <testcase name="testCalendarTimezoneRespected[99]" classname="org.apache.commons.lang3.time.FastDatePrinterTimeZonesTest" time="0"/>
  <testcase name="testCalendarTimezoneRespected[100]" classname="org.apache.commons.lang3.time.FastDatePrinterTimeZonesTest" time="0"/>
  <testcase name="testCalendarTimezoneRespected[101]" classname="org.apache.commons.lang3.time.FastDatePrinterTimeZonesTest" time="0"/>
  <testcase name="testCalendarTimezoneRespected[102]" classname="org.apache.commons.lang3.time.FastDatePrinterTimeZonesTest" time="0"/>
  <testcase name="testCalendarTimezoneRespected[103]" classname="org.apache.commons.lang3.time.FastDatePrinterTimeZonesTest" time="0"/>
  <testcase name="testCalendarTimezoneRespected[104]" classname="org.apache.commons.lang3.time.FastDatePrinterTimeZonesTest" time="0"/>
  <testcase name="testCalendarTimezoneRespected[105]" classname="org.apache.commons.lang3.time.FastDatePrinterTimeZonesTest" time="0"/>
  <testcase name="testCalendarTimezoneRespected[106]" classname="org.apache.commons.lang3.time.FastDatePrinterTimeZonesTest" time="0"/>
  <testcase name="testCalendarTimezoneRespected[107]" classname="org.apache.commons.lang3.time.FastDatePrinterTimeZonesTest" time="0"/>
  <testcase name="testCalendarTimezoneRespected[108]" classname="org.apache.commons.lang3.time.FastDatePrinterTimeZonesTest" time="0"/>
  <testcase name="testCalendarTimezoneRespected[109]" classname="org.apache.commons.lang3.time.FastDatePrinterTimeZonesTest" time="0"/>
  <testcase name="testCalendarTimezoneRespected[110]" classname="org.apache.commons.lang3.time.FastDatePrinterTimeZonesTest" time="0"/>
  <testcase name="testCalendarTimezoneRespected[111]" classname="org.apache.commons.lang3.time.FastDatePrinterTimeZonesTest" time="0"/>
  <testcase name="testCalendarTimezoneRespected[112]" classname="org.apache.commons.lang3.time.FastDatePrinterTimeZonesTest" time="0"/>
  <testcase name="testCalendarTimezoneRespected[113]" classname="org.apache.commons.lang3.time.FastDatePrinterTimeZonesTest" time="0"/>
  <testcase name="testCalendarTimezoneRespected[114]" classname="org.apache.commons.lang3.time.FastDatePrinterTimeZonesTest" time="0"/>
  <testcase name="testCalendarTimezoneRespected[115]" classname="org.apache.commons.lang3.time.FastDatePrinterTimeZonesTest" time="0.001"/>
  <testcase name="testCalendarTimezoneRespected[116]" classname="org.apache.commons.lang3.time.FastDatePrinterTimeZonesTest" time="0"/>
  <testcase name="testCalendarTimezoneRespected[117]" classname="org.apache.commons.lang3.time.FastDatePrinterTimeZonesTest" time="0"/>
  <testcase name="testCalendarTimezoneRespected[118]" classname="org.apache.commons.lang3.time.FastDatePrinterTimeZonesTest" time="0"/>
  <testcase name="testCalendarTimezoneRespected[119]" classname="org.apache.commons.lang3.time.FastDatePrinterTimeZonesTest" time="0"/>
  <testcase name="testCalendarTimezoneRespected[120]" classname="org.apache.commons.lang3.time.FastDatePrinterTimeZonesTest" time="0.001"/>
  <testcase name="testCalendarTimezoneRespected[121]" classname="org.apache.commons.lang3.time.FastDatePrinterTimeZonesTest" time="0.002"/>
  <testcase name="testCalendarTimezoneRespected[122]" classname="org.apache.commons.lang3.time.FastDatePrinterTimeZonesTest" time="0.001"/>
  <testcase name="testCalendarTimezoneRespected[123]" classname="org.apache.commons.lang3.time.FastDatePrinterTimeZonesTest" time="0"/>
  <testcase name="testCalendarTimezoneRespected[124]" classname="org.apache.commons.lang3.time.FastDatePrinterTimeZonesTest" time="0"/>
  <testcase name="testCalendarTimezoneRespected[125]" classname="org.apache.commons.lang3.time.FastDatePrinterTimeZonesTest" time="0"/>
  <testcase name="testCalendarTimezoneRespected[126]" classname="org.apache.commons.lang3.time.FastDatePrinterTimeZonesTest" time="0"/>
  <testcase name="testCalendarTimezoneRespected[127]" classname="org.apache.commons.lang3.time.FastDatePrinterTimeZonesTest" time="0"/>
  <testcase name="testCalendarTimezoneRespected[128]" classname="org.apache.commons.lang3.time.FastDatePrinterTimeZonesTest" time="0"/>
  <testcase name="testCalendarTimezoneRespected[129]" classname="org.apache.commons.lang3.time.FastDatePrinterTimeZonesTest" time="0"/>
  <testcase name="testCalendarTimezoneRespected[130]" classname="org.apache.commons.lang3.time.FastDatePrinterTimeZonesTest" time="0"/>
  <testcase name="testCalendarTimezoneRespected[131]" classname="org.apache.commons.lang3.time.FastDatePrinterTimeZonesTest" time="0"/>
  <testcase name="testCalendarTimezoneRespected[132]" classname="org.apache.commons.lang3.time.FastDatePrinterTimeZonesTest" time="0"/>
  <testcase name="testCalendarTimezoneRespected[133]" classname="org.apache.commons.lang3.time.FastDatePrinterTimeZonesTest" time="0"/>
  <testcase name="testCalendarTimezoneRespected[134]" classname="org.apache.commons.lang3.time.FastDatePrinterTimeZonesTest" time="0"/>
  <testcase name="testCalendarTimezoneRespected[135]" classname="org.apache.commons.lang3.time.FastDatePrinterTimeZonesTest" time="0.001"/>
  <testcase name="testCalendarTimezoneRespected[136]" classname="org.apache.commons.lang3.time.FastDatePrinterTimeZonesTest" time="0"/>
  <testcase name="testCalendarTimezoneRespected[137]" classname="org.apache.commons.lang3.time.FastDatePrinterTimeZonesTest" time="0"/>
  <testcase name="testCalendarTimezoneRespected[138]" classname="org.apache.commons.lang3.time.FastDatePrinterTimeZonesTest" time="0"/>
  <testcase name="testCalendarTimezoneRespected[139]" classname="org.apache.commons.lang3.time.FastDatePrinterTimeZonesTest" time="0.001"/>
  <testcase name="testCalendarTimezoneRespected[140]" classname="org.apache.commons.lang3.time.FastDatePrinterTimeZonesTest" time="0"/>
  <testcase name="testCalendarTimezoneRespected[141]" classname="org.apache.commons.lang3.time.FastDatePrinterTimeZonesTest" time="0"/>
  <testcase name="testCalendarTimezoneRespected[142]" classname="org.apache.commons.lang3.time.FastDatePrinterTimeZonesTest" time="0"/>
  <testcase name="testCalendarTimezoneRespected[143]" classname="org.apache.commons.lang3.time.FastDatePrinterTimeZonesTest" time="0.001"/>
  <testcase name="testCalendarTimezoneRespected[144]" classname="org.apache.commons.lang3.time.FastDatePrinterTimeZonesTest" time="0"/>
  <testcase name="testCalendarTimezoneRespected[145]" classname="org.apache.commons.lang3.time.FastDatePrinterTimeZonesTest" time="0"/>
  <testcase name="testCalendarTimezoneRespected[146]" classname="org.apache.commons.lang3.time.FastDatePrinterTimeZonesTest" time="0"/>
  <testcase name="testCalendarTimezoneRespected[147]" classname="org.apache.commons.lang3.time.FastDatePrinterTimeZonesTest" time="0"/>
  <testcase name="testCalendarTimezoneRespected[148]" classname="org.apache.commons.lang3.time.FastDatePrinterTimeZonesTest" time="0"/>
  <testcase name="testCalendarTimezoneRespected[149]" classname="org.apache.commons.lang3.time.FastDatePrinterTimeZonesTest" time="0"/>
  <testcase name="testCalendarTimezoneRespected[150]" classname="org.apache.commons.lang3.time.FastDatePrinterTimeZonesTest" time="0"/>
  <testcase name="testCalendarTimezoneRespected[151]" classname="org.apache.commons.lang3.time.FastDatePrinterTimeZonesTest" time="0"/>
  <testcase name="testCalendarTimezoneRespected[152]" classname="org.apache.commons.lang3.time.FastDatePrinterTimeZonesTest" time="0"/>
  <testcase name="testCalendarTimezoneRespected[153]" classname="org.apache.commons.lang3.time.FastDatePrinterTimeZonesTest" time="0"/>
  <testcase name="testCalendarTimezoneRespected[154]" classname="org.apache.commons.lang3.time.FastDatePrinterTimeZonesTest" time="0"/>
  <testcase name="testCalendarTimezoneRespected[155]" classname="org.apache.commons.lang3.time.FastDatePrinterTimeZonesTest" time="0"/>
  <testcase name="testCalendarTimezoneRespected[156]" classname="org.apache.commons.lang3.time.FastDatePrinterTimeZonesTest" time="0"/>
  <testcase name="testCalendarTimezoneRespected[157]" classname="org.apache.commons.lang3.time.FastDatePrinterTimeZonesTest" time="0"/>
  <testcase name="testCalendarTimezoneRespected[158]" classname="org.apache.commons.lang3.time.FastDatePrinterTimeZonesTest" time="0"/>
  <testcase name="testCalendarTimezoneRespected[159]" classname="org.apache.commons.lang3.time.FastDatePrinterTimeZonesTest" time="0"/>
  <testcase name="testCalendarTimezoneRespected[160]" classname="org.apache.commons.lang3.time.FastDatePrinterTimeZonesTest" time="0"/>
  <testcase name="testCalendarTimezoneRespected[161]" classname="org.apache.commons.lang3.time.FastDatePrinterTimeZonesTest" time="0"/>
  <testcase name="testCalendarTimezoneRespected[162]" classname="org.apache.commons.lang3.time.FastDatePrinterTimeZonesTest" time="0.001"/>
  <testcase name="testCalendarTimezoneRespected[163]" classname="org.apache.commons.lang3.time.FastDatePrinterTimeZonesTest" time="0"/>
  <testcase name="testCalendarTimezoneRespected[164]" classname="org.apache.commons.lang3.time.FastDatePrinterTimeZonesTest" time="0"/>
  <testcase name="testCalendarTimezoneRespected[165]" classname="org.apache.commons.lang3.time.FastDatePrinterTimeZonesTest" time="0"/>
  <testcase name="testCalendarTimezoneRespected[166]" classname="org.apache.commons.lang3.time.FastDatePrinterTimeZonesTest" time="0"/>
  <testcase name="testCalendarTimezoneRespected[167]" classname="org.apache.commons.lang3.time.FastDatePrinterTimeZonesTest" time="0"/>
  <testcase name="testCalendarTimezoneRespected[168]" classname="org.apache.commons.lang3.time.FastDatePrinterTimeZonesTest" time="0"/>
  <testcase name="testCalendarTimezoneRespected[169]" classname="org.apache.commons.lang3.time.FastDatePrinterTimeZonesTest" time="0"/>
  <testcase name="testCalendarTimezoneRespected[170]" classname="org.apache.commons.lang3.time.FastDatePrinterTimeZonesTest" time="0"/>
  <testcase name="testCalendarTimezoneRespected[171]" classname="org.apache.commons.lang3.time.FastDatePrinterTimeZonesTest" time="0"/>
  <testcase name="testCalendarTimezoneRespected[172]" classname="org.apache.commons.lang3.time.FastDatePrinterTimeZonesTest" time="0"/>
  <testcase name="testCalendarTimezoneRespected[173]" classname="org.apache.commons.lang3.time.FastDatePrinterTimeZonesTest" time="0.001"/>
  <testcase name="testCalendarTimezoneRespected[174]" classname="org.apache.commons.lang3.time.FastDatePrinterTimeZonesTest" time="0"/>
  <testcase name="testCalendarTimezoneRespected[175]" classname="org.apache.commons.lang3.time.FastDatePrinterTimeZonesTest" time="0"/>
  <testcase name="testCalendarTimezoneRespected[176]" classname="org.apache.commons.lang3.time.FastDatePrinterTimeZonesTest" time="0"/>
  <testcase name="testCalendarTimezoneRespected[177]" classname="org.apache.commons.lang3.time.FastDatePrinterTimeZonesTest" time="0"/>
  <testcase name="testCalendarTimezoneRespected[178]" classname="org.apache.commons.lang3.time.FastDatePrinterTimeZonesTest" time="0.001"/>
  <testcase name="testCalendarTimezoneRespected[179]" classname="org.apache.commons.lang3.time.FastDatePrinterTimeZonesTest" time="0"/>
  <testcase name="testCalendarTimezoneRespected[180]" classname="org.apache.commons.lang3.time.FastDatePrinterTimeZonesTest" time="0"/>
  <testcase name="testCalendarTimezoneRespected[181]" classname="org.apache.commons.lang3.time.FastDatePrinterTimeZonesTest" time="0.001"/>
  <testcase name="testCalendarTimezoneRespected[182]" classname="org.apache.commons.lang3.time.FastDatePrinterTimeZonesTest" time="0"/>
  <testcase name="testCalendarTimezoneRespected[183]" classname="org.apache.commons.lang3.time.FastDatePrinterTimeZonesTest" time="0"/>
  <testcase name="testCalendarTimezoneRespected[184]" classname="org.apache.commons.lang3.time.FastDatePrinterTimeZonesTest" time="0"/>
  <testcase name="testCalendarTimezoneRespected[185]" classname="org.apache.commons.lang3.time.FastDatePrinterTimeZonesTest" time="0"/>
  <testcase name="testCalendarTimezoneRespected[186]" classname="org.apache.commons.lang3.time.FastDatePrinterTimeZonesTest" time="0.003"/>
  <testcase name="testCalendarTimezoneRespected[187]" classname="org.apache.commons.lang3.time.FastDatePrinterTimeZonesTest" time="0"/>
  <testcase name="testCalendarTimezoneRespected[188]" classname="org.apache.commons.lang3.time.FastDatePrinterTimeZonesTest" time="0"/>
  <testcase name="testCalendarTimezoneRespected[189]" classname="org.apache.commons.lang3.time.FastDatePrinterTimeZonesTest" time="0.001"/>
  <testcase name="testCalendarTimezoneRespected[190]" classname="org.apache.commons.lang3.time.FastDatePrinterTimeZonesTest" time="0"/>
  <testcase name="testCalendarTimezoneRespected[191]" classname="org.apache.commons.lang3.time.FastDatePrinterTimeZonesTest" time="0"/>
  <testcase name="testCalendarTimezoneRespected[192]" classname="org.apache.commons.lang3.time.FastDatePrinterTimeZonesTest" time="0.001"/>
  <testcase name="testCalendarTimezoneRespected[193]" classname="org.apache.commons.lang3.time.FastDatePrinterTimeZonesTest" time="0"/>
  <testcase name="testCalendarTimezoneRespected[194]" classname="org.apache.commons.lang3.time.FastDatePrinterTimeZonesTest" time="0"/>
  <testcase name="testCalendarTimezoneRespected[195]" classname="org.apache.commons.lang3.time.FastDatePrinterTimeZonesTest" time="0"/>
  <testcase name="testCalendarTimezoneRespected[196]" classname="org.apache.commons.lang3.time.FastDatePrinterTimeZonesTest" time="0.01"/>
  <testcase name="testCalendarTimezoneRespected[197]" classname="org.apache.commons.lang3.time.FastDatePrinterTimeZonesTest" time="0"/>
  <testcase name="testCalendarTimezoneRespected[198]" classname="org.apache.commons.lang3.time.FastDatePrinterTimeZonesTest" time="0"/>
  <testcase name="testCalendarTimezoneRespected[199]" classname="org.apache.commons.lang3.time.FastDatePrinterTimeZonesTest" time="0"/>
  <testcase name="testCalendarTimezoneRespected[200]" classname="org.apache.commons.lang3.time.FastDatePrinterTimeZonesTest" time="0"/>
  <testcase name="testCalendarTimezoneRespected[201]" classname="org.apache.commons.lang3.time.FastDatePrinterTimeZonesTest" time="0"/>
  <testcase name="testCalendarTimezoneRespected[202]" classname="org.apache.commons.lang3.time.FastDatePrinterTimeZonesTest" time="0"/>
  <testcase name="testCalendarTimezoneRespected[203]" classname="org.apache.commons.lang3.time.FastDatePrinterTimeZonesTest" time="0.001"/>
  <testcase name="testCalendarTimezoneRespected[204]" classname="org.apache.commons.lang3.time.FastDatePrinterTimeZonesTest" time="0"/>
  <testcase name="testCalendarTimezoneRespected[205]" classname="org.apache.commons.lang3.time.FastDatePrinterTimeZonesTest" time="0"/>
  <testcase name="testCalendarTimezoneRespected[206]" classname="org.apache.commons.lang3.time.FastDatePrinterTimeZonesTest" time="0"/>
  <testcase name="testCalendarTimezoneRespected[207]" classname="org.apache.commons.lang3.time.FastDatePrinterTimeZonesTest" time="0"/>
  <testcase name="testCalendarTimezoneRespected[208]" classname="org.apache.commons.lang3.time.FastDatePrinterTimeZonesTest" time="0.001"/>
  <testcase name="testCalendarTimezoneRespected[209]" classname="org.apache.commons.lang3.time.FastDatePrinterTimeZonesTest" time="0"/>
  <testcase name="testCalendarTimezoneRespected[210]" classname="org.apache.commons.lang3.time.FastDatePrinterTimeZonesTest" time="0"/>
  <testcase name="testCalendarTimezoneRespected[211]" classname="org.apache.commons.lang3.time.FastDatePrinterTimeZonesTest" time="0"/>
  <testcase name="testCalendarTimezoneRespected[212]" classname="org.apache.commons.lang3.time.FastDatePrinterTimeZonesTest" time="0"/>
  <testcase name="testCalendarTimezoneRespected[213]" classname="org.apache.commons.lang3.time.FastDatePrinterTimeZonesTest" time="0"/>
  <testcase name="testCalendarTimezoneRespected[214]" classname="org.apache.commons.lang3.time.FastDatePrinterTimeZonesTest" time="0"/>
  <testcase name="testCalendarTimezoneRespected[215]" classname="org.apache.commons.lang3.time.FastDatePrinterTimeZonesTest" time="0"/>
  <testcase name="testCalendarTimezoneRespected[216]" classname="org.apache.commons.lang3.time.FastDatePrinterTimeZonesTest" time="0"/>
  <testcase name="testCalendarTimezoneRespected[217]" classname="org.apache.commons.lang3.time.FastDatePrinterTimeZonesTest" time="0"/>
  <testcase name="testCalendarTimezoneRespected[218]" classname="org.apache.commons.lang3.time.FastDatePrinterTimeZonesTest" time="0.001"/>
  <testcase name="testCalendarTimezoneRespected[219]" classname="org.apache.commons.lang3.time.FastDatePrinterTimeZonesTest" time="0"/>
  <testcase name="testCalendarTimezoneRespected[220]" classname="org.apache.commons.lang3.time.FastDatePrinterTimeZonesTest" time="0"/>
  <testcase name="testCalendarTimezoneRespected[221]" classname="org.apache.commons.lang3.time.FastDatePrinterTimeZonesTest" time="0"/>
  <testcase name="testCalendarTimezoneRespected[222]" classname="org.apache.commons.lang3.time.FastDatePrinterTimeZonesTest" time="0.002"/>
  <testcase name="testCalendarTimezoneRespected[223]" classname="org.apache.commons.lang3.time.FastDatePrinterTimeZonesTest" time="0"/>
  <testcase name="testCalendarTimezoneRespected[224]" classname="org.apache.commons.lang3.time.FastDatePrinterTimeZonesTest" time="0"/>
  <testcase name="testCalendarTimezoneRespected[225]" classname="org.apache.commons.lang3.time.FastDatePrinterTimeZonesTest" time="0"/>
  <testcase name="testCalendarTimezoneRespected[226]" classname="org.apache.commons.lang3.time.FastDatePrinterTimeZonesTest" time="0.001"/>
  <testcase name="testCalendarTimezoneRespected[227]" classname="org.apache.commons.lang3.time.FastDatePrinterTimeZonesTest" time="0"/>
  <testcase name="testCalendarTimezoneRespected[228]" classname="org.apache.commons.lang3.time.FastDatePrinterTimeZonesTest" time="0.005"/>
  <testcase name="testCalendarTimezoneRespected[229]" classname="org.apache.commons.lang3.time.FastDatePrinterTimeZonesTest" time="0"/>
  <testcase name="testCalendarTimezoneRespected[230]" classname="org.apache.commons.lang3.time.FastDatePrinterTimeZonesTest" time="0"/>
  <testcase name="testCalendarTimezoneRespected[231]" classname="org.apache.commons.lang3.time.FastDatePrinterTimeZonesTest" time="0.001"/>
  <testcase name="testCalendarTimezoneRespected[232]" classname="org.apache.commons.lang3.time.FastDatePrinterTimeZonesTest" time="0"/>
  <testcase name="testCalendarTimezoneRespected[233]" classname="org.apache.commons.lang3.time.FastDatePrinterTimeZonesTest" time="0"/>
  <testcase name="testCalendarTimezoneRespected[234]" classname="org.apache.commons.lang3.time.FastDatePrinterTimeZonesTest" time="0"/>
  <testcase name="testCalendarTimezoneRespected[235]" classname="org.apache.commons.lang3.time.FastDatePrinterTimeZonesTest" time="0"/>
  <testcase name="testCalendarTimezoneRespected[236]" classname="org.apache.commons.lang3.time.FastDatePrinterTimeZonesTest" time="0"/>
  <testcase name="testCalendarTimezoneRespected[237]" classname="org.apache.commons.lang3.time.FastDatePrinterTimeZonesTest" time="0"/>
  <testcase name="testCalendarTimezoneRespected[238]" classname="org.apache.commons.lang3.time.FastDatePrinterTimeZonesTest" time="0"/>
  <testcase name="testCalendarTimezoneRespected[239]" classname="org.apache.commons.lang3.time.FastDatePrinterTimeZonesTest" time="0"/>
  <testcase name="testCalendarTimezoneRespected[240]" classname="org.apache.commons.lang3.time.FastDatePrinterTimeZonesTest" time="0"/>
  <testcase name="testCalendarTimezoneRespected[241]" classname="org.apache.commons.lang3.time.FastDatePrinterTimeZonesTest" time="0"/>
  <testcase name="testCalendarTimezoneRespected[242]" classname="org.apache.commons.lang3.time.FastDatePrinterTimeZonesTest" time="0.001"/>
  <testcase name="testCalendarTimezoneRespected[243]" classname="org.apache.commons.lang3.time.FastDatePrinterTimeZonesTest" time="0.001"/>
  <testcase name="testCalendarTimezoneRespected[244]" classname="org.apache.commons.lang3.time.FastDatePrinterTimeZonesTest" time="0"/>
  <testcase name="testCalendarTimezoneRespected[245]" classname="org.apache.commons.lang3.time.FastDatePrinterTimeZonesTest" time="0"/>
  <testcase name="testCalendarTimezoneRespected[246]" classname="org.apache.commons.lang3.time.FastDatePrinterTimeZonesTest" time="0"/>
  <testcase name="testCalendarTimezoneRespected[247]" classname="org.apache.commons.lang3.time.FastDatePrinterTimeZonesTest" time="0.008"/>
  <testcase name="testCalendarTimezoneRespected[248]" classname="org.apache.commons.lang3.time.FastDatePrinterTimeZonesTest" time="0.007"/>
  <testcase name="testCalendarTimezoneRespected[249]" classname="org.apache.commons.lang3.time.FastDatePrinterTimeZonesTest" time="0"/>
  <testcase name="testCalendarTimezoneRespected[250]" classname="org.apache.commons.lang3.time.FastDatePrinterTimeZonesTest" time="0.001"/>
  <testcase name="testCalendarTimezoneRespected[251]" classname="org.apache.commons.lang3.time.FastDatePrinterTimeZonesTest" time="0"/>
  <testcase name="testCalendarTimezoneRespected[252]" classname="org.apache.commons.lang3.time.FastDatePrinterTimeZonesTest" time="0"/>
  <testcase name="testCalendarTimezoneRespected[253]" classname="org.apache.commons.lang3.time.FastDatePrinterTimeZonesTest" time="0"/>
  <testcase name="testCalendarTimezoneRespected[254]" classname="org.apache.commons.lang3.time.FastDatePrinterTimeZonesTest" time="0"/>
  <testcase name="testCalendarTimezoneRespected[255]" classname="org.apache.commons.lang3.time.FastDatePrinterTimeZonesTest" time="0"/>
  <testcase name="testCalendarTimezoneRespected[256]" classname="org.apache.commons.lang3.time.FastDatePrinterTimeZonesTest" time="0.001"/>
  <testcase name="testCalendarTimezoneRespected[257]" classname="org.apache.commons.lang3.time.FastDatePrinterTimeZonesTest" time="0"/>
  <testcase name="testCalendarTimezoneRespected[258]" classname="org.apache.commons.lang3.time.FastDatePrinterTimeZonesTest" time="0"/>
  <testcase name="testCalendarTimezoneRespected[259]" classname="org.apache.commons.lang3.time.FastDatePrinterTimeZonesTest" time="0"/>
  <testcase name="testCalendarTimezoneRespected[260]" classname="org.apache.commons.lang3.time.FastDatePrinterTimeZonesTest" time="0"/>
  <testcase name="testCalendarTimezoneRespected[261]" classname="org.apache.commons.lang3.time.FastDatePrinterTimeZonesTest" time="0"/>
  <testcase name="testCalendarTimezoneRespected[262]" classname="org.apache.commons.lang3.time.FastDatePrinterTimeZonesTest" time="0.001"/>
  <testcase name="testCalendarTimezoneRespected[263]" classname="org.apache.commons.lang3.time.FastDatePrinterTimeZonesTest" time="0"/>
  <testcase name="testCalendarTimezoneRespected[264]" classname="org.apache.commons.lang3.time.FastDatePrinterTimeZonesTest" time="0"/>
  <testcase name="testCalendarTimezoneRespected[265]" classname="org.apache.commons.lang3.time.FastDatePrinterTimeZonesTest" time="0.001"/>
  <testcase name="testCalendarTimezoneRespected[266]" classname="org.apache.commons.lang3.time.FastDatePrinterTimeZonesTest" time="0"/>
  <testcase name="testCalendarTimezoneRespected[267]" classname="org.apache.commons.lang3.time.FastDatePrinterTimeZonesTest" time="0"/>
  <testcase name="testCalendarTimezoneRespected[268]" classname="org.apache.commons.lang3.time.FastDatePrinterTimeZonesTest" time="0"/>
  <testcase name="testCalendarTimezoneRespected[269]" classname="org.apache.commons.lang3.time.FastDatePrinterTimeZonesTest" time="0"/>
  <testcase name="testCalendarTimezoneRespected[270]" classname="org.apache.commons.lang3.time.FastDatePrinterTimeZonesTest" time="0"/>
  <testcase name="testCalendarTimezoneRespected[271]" classname="org.apache.commons.lang3.time.FastDatePrinterTimeZonesTest" time="0.001"/>
  <testcase name="testCalendarTimezoneRespected[272]" classname="org.apache.commons.lang3.time.FastDatePrinterTimeZonesTest" time="0"/>
  <testcase name="testCalendarTimezoneRespected[273]" classname="org.apache.commons.lang3.time.FastDatePrinterTimeZonesTest" time="0"/>
  <testcase name="testCalendarTimezoneRespected[274]" classname="org.apache.commons.lang3.time.FastDatePrinterTimeZonesTest" time="0"/>
  <testcase name="testCalendarTimezoneRespected[275]" classname="org.apache.commons.lang3.time.FastDatePrinterTimeZonesTest" time="0"/>
  <testcase name="testCalendarTimezoneRespected[276]" classname="org.apache.commons.lang3.time.FastDatePrinterTimeZonesTest" time="0"/>
  <testcase name="testCalendarTimezoneRespected[277]" classname="org.apache.commons.lang3.time.FastDatePrinterTimeZonesTest" time="0.001"/>
  <testcase name="testCalendarTimezoneRespected[278]" classname="org.apache.commons.lang3.time.FastDatePrinterTimeZonesTest" time="0"/>
  <testcase name="testCalendarTimezoneRespected[279]" classname="org.apache.commons.lang3.time.FastDatePrinterTimeZonesTest" time="0"/>
  <testcase name="testCalendarTimezoneRespected[280]" classname="org.apache.commons.lang3.time.FastDatePrinterTimeZonesTest" time="0.01"/>
  <testcase name="testCalendarTimezoneRespected[281]" classname="org.apache.commons.lang3.time.FastDatePrinterTimeZonesTest" time="0"/>
  <testcase name="testCalendarTimezoneRespected[282]" classname="org.apache.commons.lang3.time.FastDatePrinterTimeZonesTest" time="0.001"/>
  <testcase name="testCalendarTimezoneRespected[283]" classname="org.apache.commons.lang3.time.FastDatePrinterTimeZonesTest" time="0"/>
  <testcase name="testCalendarTimezoneRespected[284]" classname="org.apache.commons.lang3.time.FastDatePrinterTimeZonesTest" time="0"/>
  <testcase name="testCalendarTimezoneRespected[285]" classname="org.apache.commons.lang3.time.FastDatePrinterTimeZonesTest" time="0"/>
  <testcase name="testCalendarTimezoneRespected[286]" classname="org.apache.commons.lang3.time.FastDatePrinterTimeZonesTest" time="0"/>
  <testcase name="testCalendarTimezoneRespected[287]" classname="org.apache.commons.lang3.time.FastDatePrinterTimeZonesTest" time="0.001"/>
  <testcase name="testCalendarTimezoneRespected[288]" classname="org.apache.commons.lang3.time.FastDatePrinterTimeZonesTest" time="0"/>
  <testcase name="testCalendarTimezoneRespected[289]" classname="org.apache.commons.lang3.time.FastDatePrinterTimeZonesTest" time="0"/>
  <testcase name="testCalendarTimezoneRespected[290]" classname="org.apache.commons.lang3.time.FastDatePrinterTimeZonesTest" time="0"/>
  <testcase name="testCalendarTimezoneRespected[291]" classname="org.apache.commons.lang3.time.FastDatePrinterTimeZonesTest" time="0"/>
  <testcase name="testCalendarTimezoneRespected[292]" classname="org.apache.commons.lang3.time.FastDatePrinterTimeZonesTest" time="0.001"/>
  <testcase name="testCalendarTimezoneRespected[293]" classname="org.apache.commons.lang3.time.FastDatePrinterTimeZonesTest" time="0"/>
  <testcase name="testCalendarTimezoneRespected[294]" classname="org.apache.commons.lang3.time.FastDatePrinterTimeZonesTest" time="0"/>
  <testcase name="testCalendarTimezoneRespected[295]" classname="org.apache.commons.lang3.time.FastDatePrinterTimeZonesTest" time="0"/>
  <testcase name="testCalendarTimezoneRespected[296]" classname="org.apache.commons.lang3.time.FastDatePrinterTimeZonesTest" time="0"/>
  <testcase name="testCalendarTimezoneRespected[297]" classname="org.apache.commons.lang3.time.FastDatePrinterTimeZonesTest" time="0.001"/>
  <testcase name="testCalendarTimezoneRespected[298]" classname="org.apache.commons.lang3.time.FastDatePrinterTimeZonesTest" time="0"/>
  <testcase name="testCalendarTimezoneRespected[299]" classname="org.apache.commons.lang3.time.FastDatePrinterTimeZonesTest" time="0"/>
  <testcase name="testCalendarTimezoneRespected[300]" classname="org.apache.commons.lang3.time.FastDatePrinterTimeZonesTest" time="0"/>
  <testcase name="testCalendarTimezoneRespected[301]" classname="org.apache.commons.lang3.time.FastDatePrinterTimeZonesTest" time="0"/>
  <testcase name="testCalendarTimezoneRespected[302]" classname="org.apache.commons.lang3.time.FastDatePrinterTimeZonesTest" time="0.001"/>
  <testcase name="testCalendarTimezoneRespected[303]" classname="org.apache.commons.lang3.time.FastDatePrinterTimeZonesTest" time="0"/>
  <testcase name="testCalendarTimezoneRespected[304]" classname="org.apache.commons.lang3.time.FastDatePrinterTimeZonesTest" time="0"/>
  <testcase name="testCalendarTimezoneRespected[305]" classname="org.apache.commons.lang3.time.FastDatePrinterTimeZonesTest" time="0"/>
  <testcase name="testCalendarTimezoneRespected[306]" classname="org.apache.commons.lang3.time.FastDatePrinterTimeZonesTest" time="0"/>
  <testcase name="testCalendarTimezoneRespected[307]" classname="org.apache.commons.lang3.time.FastDatePrinterTimeZonesTest" time="0"/>
  <testcase name="testCalendarTimezoneRespected[308]" classname="org.apache.commons.lang3.time.FastDatePrinterTimeZonesTest" time="0"/>
  <testcase name="testCalendarTimezoneRespected[309]" classname="org.apache.commons.lang3.time.FastDatePrinterTimeZonesTest" time="0.001"/>
  <testcase name="testCalendarTimezoneRespected[310]" classname="org.apache.commons.lang3.time.FastDatePrinterTimeZonesTest" time="0"/>
  <testcase name="testCalendarTimezoneRespected[311]" classname="org.apache.commons.lang3.time.FastDatePrinterTimeZonesTest" time="0"/>
  <testcase name="testCalendarTimezoneRespected[312]" classname="org.apache.commons.lang3.time.FastDatePrinterTimeZonesTest" time="0"/>
  <testcase name="testCalendarTimezoneRespected[313]" classname="org.apache.commons.lang3.time.FastDatePrinterTimeZonesTest" time="0"/>
  <testcase name="testCalendarTimezoneRespected[314]" classname="org.apache.commons.lang3.time.FastDatePrinterTimeZonesTest" time="0"/>
  <testcase name="testCalendarTimezoneRespected[315]" classname="org.apache.commons.lang3.time.FastDatePrinterTimeZonesTest" time="0.001"/>
  <testcase name="testCalendarTimezoneRespected[316]" classname="org.apache.commons.lang3.time.FastDatePrinterTimeZonesTest" time="0"/>
  <testcase name="testCalendarTimezoneRespected[317]" classname="org.apache.commons.lang3.time.FastDatePrinterTimeZonesTest" time="0"/>
  <testcase name="testCalendarTimezoneRespected[318]" classname="org.apache.commons.lang3.time.FastDatePrinterTimeZonesTest" time="0.01"/>
  <testcase name="testCalendarTimezoneRespected[319]" classname="org.apache.commons.lang3.time.FastDatePrinterTimeZonesTest" time="0"/>
  <testcase name="testCalendarTimezoneRespected[320]" classname="org.apache.commons.lang3.time.FastDatePrinterTimeZonesTest" time="0"/>
  <testcase name="testCalendarTimezoneRespected[321]" classname="org.apache.commons.lang3.time.FastDatePrinterTimeZonesTest" time="0.001"/>
  <testcase name="testCalendarTimezoneRespected[322]" classname="org.apache.commons.lang3.time.FastDatePrinterTimeZonesTest" time="0"/>
  <testcase name="testCalendarTimezoneRespected[323]" classname="org.apache.commons.lang3.time.FastDatePrinterTimeZonesTest" time="0"/>
  <testcase name="testCalendarTimezoneRespected[324]" classname="org.apache.commons.lang3.time.FastDatePrinterTimeZonesTest" time="0"/>
  <testcase name="testCalendarTimezoneRespected[325]" classname="org.apache.commons.lang3.time.FastDatePrinterTimeZonesTest" time="0.001"/>
  <testcase name="testCalendarTimezoneRespected[326]" classname="org.apache.commons.lang3.time.FastDatePrinterTimeZonesTest" time="0"/>
  <testcase name="testCalendarTimezoneRespected[327]" classname="org.apache.commons.lang3.time.FastDatePrinterTimeZonesTest" time="0"/>
  <testcase name="testCalendarTimezoneRespected[328]" classname="org.apache.commons.lang3.time.FastDatePrinterTimeZonesTest" time="0"/>
  <testcase name="testCalendarTimezoneRespected[329]" classname="org.apache.commons.lang3.time.FastDatePrinterTimeZonesTest" time="0"/>
  <testcase name="testCalendarTimezoneRespected[330]" classname="org.apache.commons.lang3.time.FastDatePrinterTimeZonesTest" time="0"/>
  <testcase name="testCalendarTimezoneRespected[331]" classname="org.apache.commons.lang3.time.FastDatePrinterTimeZonesTest" time="0"/>
  <testcase name="testCalendarTimezoneRespected[332]" classname="org.apache.commons.lang3.time.FastDatePrinterTimeZonesTest" time="0"/>
  <testcase name="testCalendarTimezoneRespected[333]" classname="org.apache.commons.lang3.time.FastDatePrinterTimeZonesTest" time="0"/>
  <testcase name="testCalendarTimezoneRespected[334]" classname="org.apache.commons.lang3.time.FastDatePrinterTimeZonesTest" time="0"/>
  <testcase name="testCalendarTimezoneRespected[335]" classname="org.apache.commons.lang3.time.FastDatePrinterTimeZonesTest" time="0"/>
  <testcase name="testCalendarTimezoneRespected[336]" classname="org.apache.commons.lang3.time.FastDatePrinterTimeZonesTest" time="0.001"/>
  <testcase name="testCalendarTimezoneRespected[337]" classname="org.apache.commons.lang3.time.FastDatePrinterTimeZonesTest" time="0"/>
  <testcase name="testCalendarTimezoneRespected[338]" classname="org.apache.commons.lang3.time.FastDatePrinterTimeZonesTest" time="0"/>
  <testcase name="testCalendarTimezoneRespected[339]" classname="org.apache.commons.lang3.time.FastDatePrinterTimeZonesTest" time="0"/>
  <testcase name="testCalendarTimezoneRespected[340]" classname="org.apache.commons.lang3.time.FastDatePrinterTimeZonesTest" time="0"/>
  <testcase name="testCalendarTimezoneRespected[341]" classname="org.apache.commons.lang3.time.FastDatePrinterTimeZonesTest" time="0"/>
  <testcase name="testCalendarTimezoneRespected[342]" classname="org.apache.commons.lang3.time.FastDatePrinterTimeZonesTest" time="0"/>
  <testcase name="testCalendarTimezoneRespected[343]" classname="org.apache.commons.lang3.time.FastDatePrinterTimeZonesTest" time="0"/>
  <testcase name="testCalendarTimezoneRespected[344]" classname="org.apache.commons.lang3.time.FastDatePrinterTimeZonesTest" time="0"/>
  <testcase name="testCalendarTimezoneRespected[345]" classname="org.apache.commons.lang3.time.FastDatePrinterTimeZonesTest" time="0"/>
  <testcase name="testCalendarTimezoneRespected[346]" classname="org.apache.commons.lang3.time.FastDatePrinterTimeZonesTest" time="0"/>
  <testcase name="testCalendarTimezoneRespected[347]" classname="org.apache.commons.lang3.time.FastDatePrinterTimeZonesTest" time="0"/>
  <testcase name="testCalendarTimezoneRespected[348]" classname="org.apache.commons.lang3.time.FastDatePrinterTimeZonesTest" time="0"/>
  <testcase name="testCalendarTimezoneRespected[349]" classname="org.apache.commons.lang3.time.FastDatePrinterTimeZonesTest" time="0"/>
  <testcase name="testCalendarTimezoneRespected[350]" classname="org.apache.commons.lang3.time.FastDatePrinterTimeZonesTest" time="0"/>
  <testcase name="testCalendarTimezoneRespected[351]" classname="org.apache.commons.lang3.time.FastDatePrinterTimeZonesTest" time="0"/>
  <testcase name="testCalendarTimezoneRespected[352]" classname="org.apache.commons.lang3.time.FastDatePrinterTimeZonesTest" time="0"/>
  <testcase name="testCalendarTimezoneRespected[353]" classname="org.apache.commons.lang3.time.FastDatePrinterTimeZonesTest" time="0"/>
  <testcase name="testCalendarTimezoneRespected[354]" classname="org.apache.commons.lang3.time.FastDatePrinterTimeZonesTest" time="0"/>
  <testcase name="testCalendarTimezoneRespected[355]" classname="org.apache.commons.lang3.time.FastDatePrinterTimeZonesTest" time="0"/>
  <testcase name="testCalendarTimezoneRespected[356]" classname="org.apache.commons.lang3.time.FastDatePrinterTimeZonesTest" time="0"/>
  <testcase name="testCalendarTimezoneRespected[357]" classname="org.apache.commons.lang3.time.FastDatePrinterTimeZonesTest" time="0"/>
  <testcase name="testCalendarTimezoneRespected[358]" classname="org.apache.commons.lang3.time.FastDatePrinterTimeZonesTest" time="0.001"/>
  <testcase name="testCalendarTimezoneRespected[359]" classname="org.apache.commons.lang3.time.FastDatePrinterTimeZonesTest" time="0"/>
  <testcase name="testCalendarTimezoneRespected[360]" classname="org.apache.commons.lang3.time.FastDatePrinterTimeZonesTest" time="0"/>
  <testcase name="testCalendarTimezoneRespected[361]" classname="org.apache.commons.lang3.time.FastDatePrinterTimeZonesTest" time="0"/>
  <testcase name="testCalendarTimezoneRespected[362]" classname="org.apache.commons.lang3.time.FastDatePrinterTimeZonesTest" time="0"/>
  <testcase name="testCalendarTimezoneRespected[363]" classname="org.apache.commons.lang3.time.FastDatePrinterTimeZonesTest" time="0"/>
  <testcase name="testCalendarTimezoneRespected[364]" classname="org.apache.commons.lang3.time.FastDatePrinterTimeZonesTest" time="0"/>
  <testcase name="testCalendarTimezoneRespected[365]" classname="org.apache.commons.lang3.time.FastDatePrinterTimeZonesTest" time="0.001"/>
  <testcase name="testCalendarTimezoneRespected[366]" classname="org.apache.commons.lang3.time.FastDatePrinterTimeZonesTest" time="0"/>
  <testcase name="testCalendarTimezoneRespected[367]" classname="org.apache.commons.lang3.time.FastDatePrinterTimeZonesTest" time="0"/>
  <testcase name="testCalendarTimezoneRespected[368]" classname="org.apache.commons.lang3.time.FastDatePrinterTimeZonesTest" time="0"/>
  <testcase name="testCalendarTimezoneRespected[369]" classname="org.apache.commons.lang3.time.FastDatePrinterTimeZonesTest" time="0"/>
  <testcase name="testCalendarTimezoneRespected[370]" classname="org.apache.commons.lang3.time.FastDatePrinterTimeZonesTest" time="0"/>
  <testcase name="testCalendarTimezoneRespected[371]" classname="org.apache.commons.lang3.time.FastDatePrinterTimeZonesTest" time="0"/>
  <testcase name="testCalendarTimezoneRespected[372]" classname="org.apache.commons.lang3.time.FastDatePrinterTimeZonesTest" time="0"/>
  <testcase name="testCalendarTimezoneRespected[373]" classname="org.apache.commons.lang3.time.FastDatePrinterTimeZonesTest" time="0.001"/>
  <testcase name="testCalendarTimezoneRespected[374]" classname="org.apache.commons.lang3.time.FastDatePrinterTimeZonesTest" time="0.013"/>
  <testcase name="testCalendarTimezoneRespected[375]" classname="org.apache.commons.lang3.time.FastDatePrinterTimeZonesTest" time="0"/>
  <testcase name="testCalendarTimezoneRespected[376]" classname="org.apache.commons.lang3.time.FastDatePrinterTimeZonesTest" time="0"/>
  <testcase name="testCalendarTimezoneRespected[377]" classname="org.apache.commons.lang3.time.FastDatePrinterTimeZonesTest" time="0"/>
  <testcase name="testCalendarTimezoneRespected[378]" classname="org.apache.commons.lang3.time.FastDatePrinterTimeZonesTest" time="0"/>
  <testcase name="testCalendarTimezoneRespected[379]" classname="org.apache.commons.lang3.time.FastDatePrinterTimeZonesTest" time="0"/>
  <testcase name="testCalendarTimezoneRespected[380]" classname="org.apache.commons.lang3.time.FastDatePrinterTimeZonesTest" time="0"/>
  <testcase name="testCalendarTimezoneRespected[381]" classname="org.apache.commons.lang3.time.FastDatePrinterTimeZonesTest" time="0"/>
  <testcase name="testCalendarTimezoneRespected[382]" classname="org.apache.commons.lang3.time.FastDatePrinterTimeZonesTest" time="0"/>
  <testcase name="testCalendarTimezoneRespected[383]" classname="org.apache.commons.lang3.time.FastDatePrinterTimeZonesTest" time="0.001"/>
  <testcase name="testCalendarTimezoneRespected[384]" classname="org.apache.commons.lang3.time.FastDatePrinterTimeZonesTest" time="0"/>
  <testcase name="testCalendarTimezoneRespected[385]" classname="org.apache.commons.lang3.time.FastDatePrinterTimeZonesTest" time="0"/>
  <testcase name="testCalendarTimezoneRespected[386]" classname="org.apache.commons.lang3.time.FastDatePrinterTimeZonesTest" time="0"/>
  <testcase name="testCalendarTimezoneRespected[387]" classname="org.apache.commons.lang3.time.FastDatePrinterTimeZonesTest" time="0"/>
  <testcase name="testCalendarTimezoneRespected[388]" classname="org.apache.commons.lang3.time.FastDatePrinterTimeZonesTest" time="0.001"/>
  <testcase name="testCalendarTimezoneRespected[389]" classname="org.apache.commons.lang3.time.FastDatePrinterTimeZonesTest" time="0"/>
  <testcase name="testCalendarTimezoneRespected[390]" classname="org.apache.commons.lang3.time.FastDatePrinterTimeZonesTest" time="0"/>
  <testcase name="testCalendarTimezoneRespected[391]" classname="org.apache.commons.lang3.time.FastDatePrinterTimeZonesTest" time="0.001"/>
  <testcase name="testCalendarTimezoneRespected[392]" classname="org.apache.commons.lang3.time.FastDatePrinterTimeZonesTest" time="0"/>
  <testcase name="testCalendarTimezoneRespected[393]" classname="org.apache.commons.lang3.time.FastDatePrinterTimeZonesTest" time="0.001"/>
  <testcase name="testCalendarTimezoneRespected[394]" classname="org.apache.commons.lang3.time.FastDatePrinterTimeZonesTest" time="0.001"/>
  <testcase name="testCalendarTimezoneRespected[395]" classname="org.apache.commons.lang3.time.FastDatePrinterTimeZonesTest" time="0.001"/>
  <testcase name="testCalendarTimezoneRespected[396]" classname="org.apache.commons.lang3.time.FastDatePrinterTimeZonesTest" time="0"/>
  <testcase name="testCalendarTimezoneRespected[397]" classname="org.apache.commons.lang3.time.FastDatePrinterTimeZonesTest" time="0.001"/>
  <testcase name="testCalendarTimezoneRespected[398]" classname="org.apache.commons.lang3.time.FastDatePrinterTimeZonesTest" time="0.001"/>
  <testcase name="testCalendarTimezoneRespected[399]" classname="org.apache.commons.lang3.time.FastDatePrinterTimeZonesTest" time="0.001"/>
  <testcase name="testCalendarTimezoneRespected[400]" classname="org.apache.commons.lang3.time.FastDatePrinterTimeZonesTest" time="0"/>
  <testcase name="testCalendarTimezoneRespected[401]" classname="org.apache.commons.lang3.time.FastDatePrinterTimeZonesTest" time="0"/>
  <testcase name="testCalendarTimezoneRespected[402]" classname="org.apache.commons.lang3.time.FastDatePrinterTimeZonesTest" time="0.001"/>
  <testcase name="testCalendarTimezoneRespected[403]" classname="org.apache.commons.lang3.time.FastDatePrinterTimeZonesTest" time="0"/>
  <testcase name="testCalendarTimezoneRespected[404]" classname="org.apache.commons.lang3.time.FastDatePrinterTimeZonesTest" time="0"/>
  <testcase name="testCalendarTimezoneRespected[405]" classname="org.apache.commons.lang3.time.FastDatePrinterTimeZonesTest" time="0.001"/>
  <testcase name="testCalendarTimezoneRespected[406]" classname="org.apache.commons.lang3.time.FastDatePrinterTimeZonesTest" time="0"/>
  <testcase name="testCalendarTimezoneRespected[407]" classname="org.apache.commons.lang3.time.FastDatePrinterTimeZonesTest" time="0"/>
  <testcase name="testCalendarTimezoneRespected[408]" classname="org.apache.commons.lang3.time.FastDatePrinterTimeZonesTest" time="0.001"/>
  <testcase name="testCalendarTimezoneRespected[409]" classname="org.apache.commons.lang3.time.FastDatePrinterTimeZonesTest" time="0"/>
  <testcase name="testCalendarTimezoneRespected[410]" classname="org.apache.commons.lang3.time.FastDatePrinterTimeZonesTest" time="0"/>
  <testcase name="testCalendarTimezoneRespected[411]" classname="org.apache.commons.lang3.time.FastDatePrinterTimeZonesTest" time="0.001"/>
  <testcase name="testCalendarTimezoneRespected[412]" classname="org.apache.commons.lang3.time.FastDatePrinterTimeZonesTest" time="0"/>
  <testcase name="testCalendarTimezoneRespected[413]" classname="org.apache.commons.lang3.time.FastDatePrinterTimeZonesTest" time="0"/>
  <testcase name="testCalendarTimezoneRespected[414]" classname="org.apache.commons.lang3.time.FastDatePrinterTimeZonesTest" time="0.001"/>
  <testcase name="testCalendarTimezoneRespected[415]" classname="org.apache.commons.lang3.time.FastDatePrinterTimeZonesTest" time="0"/>
  <testcase name="testCalendarTimezoneRespected[416]" classname="org.apache.commons.lang3.time.FastDatePrinterTimeZonesTest" time="0"/>
  <testcase name="testCalendarTimezoneRespected[417]" classname="org.apache.commons.lang3.time.FastDatePrinterTimeZonesTest" time="0.001"/>
  <testcase name="testCalendarTimezoneRespected[418]" classname="org.apache.commons.lang3.time.FastDatePrinterTimeZonesTest" time="0"/>
  <testcase name="testCalendarTimezoneRespected[419]" classname="org.apache.commons.lang3.time.FastDatePrinterTimeZonesTest" time="0"/>
  <testcase name="testCalendarTimezoneRespected[420]" classname="org.apache.commons.lang3.time.FastDatePrinterTimeZonesTest" time="0"/>
  <testcase name="testCalendarTimezoneRespected[421]" classname="org.apache.commons.lang3.time.FastDatePrinterTimeZonesTest" time="0"/>
  <testcase name="testCalendarTimezoneRespected[422]" classname="org.apache.commons.lang3.time.FastDatePrinterTimeZonesTest" time="0"/>
  <testcase name="testCalendarTimezoneRespected[423]" classname="org.apache.commons.lang3.time.FastDatePrinterTimeZonesTest" time="0"/>
  <testcase name="testCalendarTimezoneRespected[424]" classname="org.apache.commons.lang3.time.FastDatePrinterTimeZonesTest" time="0.001"/>
  <testcase name="testCalendarTimezoneRespected[425]" classname="org.apache.commons.lang3.time.FastDatePrinterTimeZonesTest" time="0"/>
  <testcase name="testCalendarTimezoneRespected[426]" classname="org.apache.commons.lang3.time.FastDatePrinterTimeZonesTest" time="0"/>
  <testcase name="testCalendarTimezoneRespected[427]" classname="org.apache.commons.lang3.time.FastDatePrinterTimeZonesTest" time="0"/>
  <testcase name="testCalendarTimezoneRespected[428]" classname="org.apache.commons.lang3.time.FastDatePrinterTimeZonesTest" time="0"/>
  <testcase name="testCalendarTimezoneRespected[429]" classname="org.apache.commons.lang3.time.FastDatePrinterTimeZonesTest" time="0"/>
  <testcase name="testCalendarTimezoneRespected[430]" classname="org.apache.commons.lang3.time.FastDatePrinterTimeZonesTest" time="0"/>
  <testcase name="testCalendarTimezoneRespected[431]" classname="org.apache.commons.lang3.time.FastDatePrinterTimeZonesTest" time="0"/>
  <testcase name="testCalendarTimezoneRespected[432]" classname="org.apache.commons.lang3.time.FastDatePrinterTimeZonesTest" time="0"/>
  <testcase name="testCalendarTimezoneRespected[433]" classname="org.apache.commons.lang3.time.FastDatePrinterTimeZonesTest" time="0"/>
  <testcase name="testCalendarTimezoneRespected[434]" classname="org.apache.commons.lang3.time.FastDatePrinterTimeZonesTest" time="0"/>
  <testcase name="testCalendarTimezoneRespected[435]" classname="org.apache.commons.lang3.time.FastDatePrinterTimeZonesTest" time="0"/>
  <testcase name="testCalendarTimezoneRespected[436]" classname="org.apache.commons.lang3.time.FastDatePrinterTimeZonesTest" time="0"/>
  <testcase name="testCalendarTimezoneRespected[437]" classname="org.apache.commons.lang3.time.FastDatePrinterTimeZonesTest" time="0"/>
  <testcase name="testCalendarTimezoneRespected[438]" classname="org.apache.commons.lang3.time.FastDatePrinterTimeZonesTest" time="0"/>
  <testcase name="testCalendarTimezoneRespected[439]" classname="org.apache.commons.lang3.time.FastDatePrinterTimeZonesTest" time="0"/>
  <testcase name="testCalendarTimezoneRespected[440]" classname="org.apache.commons.lang3.time.FastDatePrinterTimeZonesTest" time="0"/>
  <testcase name="testCalendarTimezoneRespected[441]" classname="org.apache.commons.lang3.time.FastDatePrinterTimeZonesTest" time="0"/>
  <testcase name="testCalendarTimezoneRespected[442]" classname="org.apache.commons.lang3.time.FastDatePrinterTimeZonesTest" time="0.001"/>
  <testcase name="testCalendarTimezoneRespected[443]" classname="org.apache.commons.lang3.time.FastDatePrinterTimeZonesTest" time="0"/>
  <testcase name="testCalendarTimezoneRespected[444]" classname="org.apache.commons.lang3.time.FastDatePrinterTimeZonesTest" time="0"/>
  <testcase name="testCalendarTimezoneRespected[445]" classname="org.apache.commons.lang3.time.FastDatePrinterTimeZonesTest" time="0"/>
  <testcase name="testCalendarTimezoneRespected[446]" classname="org.apache.commons.lang3.time.FastDatePrinterTimeZonesTest" time="0.039"/>
  <testcase name="testCalendarTimezoneRespected[447]" classname="org.apache.commons.lang3.time.FastDatePrinterTimeZonesTest" time="0.001"/>
  <testcase name="testCalendarTimezoneRespected[448]" classname="org.apache.commons.lang3.time.FastDatePrinterTimeZonesTest" time="0"/>
  <testcase name="testCalendarTimezoneRespected[449]" classname="org.apache.commons.lang3.time.FastDatePrinterTimeZonesTest" time="0"/>
  <testcase name="testCalendarTimezoneRespected[450]" classname="org.apache.commons.lang3.time.FastDatePrinterTimeZonesTest" time="0"/>
  <testcase name="testCalendarTimezoneRespected[451]" classname="org.apache.commons.lang3.time.FastDatePrinterTimeZonesTest" time="0"/>
  <testcase name="testCalendarTimezoneRespected[452]" classname="org.apache.commons.lang3.time.FastDatePrinterTimeZonesTest" time="0.009"/>
  <testcase name="testCalendarTimezoneRespected[453]" classname="org.apache.commons.lang3.time.FastDatePrinterTimeZonesTest" time="0"/>
  <testcase name="testCalendarTimezoneRespected[454]" classname="org.apache.commons.lang3.time.FastDatePrinterTimeZonesTest" time="0"/>
  <testcase name="testCalendarTimezoneRespected[455]" classname="org.apache.commons.lang3.time.FastDatePrinterTimeZonesTest" time="0"/>
  <testcase name="testCalendarTimezoneRespected[456]" classname="org.apache.commons.lang3.time.FastDatePrinterTimeZonesTest" time="0"/>
  <testcase name="testCalendarTimezoneRespected[457]" classname="org.apache.commons.lang3.time.FastDatePrinterTimeZonesTest" time="0"/>
  <testcase name="testCalendarTimezoneRespected[458]" classname="org.apache.commons.lang3.time.FastDatePrinterTimeZonesTest" time="0"/>
  <testcase name="testCalendarTimezoneRespected[459]" classname="org.apache.commons.lang3.time.FastDatePrinterTimeZonesTest" time="0"/>
  <testcase name="testCalendarTimezoneRespected[460]" classname="org.apache.commons.lang3.time.FastDatePrinterTimeZonesTest" time="0"/>
  <testcase name="testCalendarTimezoneRespected[461]" classname="org.apache.commons.lang3.time.FastDatePrinterTimeZonesTest" time="0"/>
  <testcase name="testCalendarTimezoneRespected[462]" classname="org.apache.commons.lang3.time.FastDatePrinterTimeZonesTest" time="0"/>
  <testcase name="testCalendarTimezoneRespected[463]" classname="org.apache.commons.lang3.time.FastDatePrinterTimeZonesTest" time="0"/>
  <testcase name="testCalendarTimezoneRespected[464]" classname="org.apache.commons.lang3.time.FastDatePrinterTimeZonesTest" time="0"/>
  <testcase name="testCalendarTimezoneRespected[465]" classname="org.apache.commons.lang3.time.FastDatePrinterTimeZonesTest" time="0"/>
  <testcase name="testCalendarTimezoneRespected[466]" classname="org.apache.commons.lang3.time.FastDatePrinterTimeZonesTest" time="0"/>
  <testcase name="testCalendarTimezoneRespected[467]" classname="org.apache.commons.lang3.time.FastDatePrinterTimeZonesTest" time="0"/>
  <testcase name="testCalendarTimezoneRespected[468]" classname="org.apache.commons.lang3.time.FastDatePrinterTimeZonesTest" time="0"/>
  <testcase name="testCalendarTimezoneRespected[469]" classname="org.apache.commons.lang3.time.FastDatePrinterTimeZonesTest" time="0"/>
  <testcase name="testCalendarTimezoneRespected[470]" classname="org.apache.commons.lang3.time.FastDatePrinterTimeZonesTest" time="0"/>
  <testcase name="testCalendarTimezoneRespected[471]" classname="org.apache.commons.lang3.time.FastDatePrinterTimeZonesTest" time="0"/>
  <testcase name="testCalendarTimezoneRespected[472]" classname="org.apache.commons.lang3.time.FastDatePrinterTimeZonesTest" time="0"/>
  <testcase name="testCalendarTimezoneRespected[473]" classname="org.apache.commons.lang3.time.FastDatePrinterTimeZonesTest" time="0"/>
  <testcase name="testCalendarTimezoneRespected[474]" classname="org.apache.commons.lang3.time.FastDatePrinterTimeZonesTest" time="0"/>
  <testcase name="testCalendarTimezoneRespected[475]" classname="org.apache.commons.lang3.time.FastDatePrinterTimeZonesTest" time="0"/>
  <testcase name="testCalendarTimezoneRespected[476]" classname="org.apache.commons.lang3.time.FastDatePrinterTimeZonesTest" time="0"/>
  <testcase name="testCalendarTimezoneRespected[477]" classname="org.apache.commons.lang3.time.FastDatePrinterTimeZonesTest" time="0"/>
  <testcase name="testCalendarTimezoneRespected[478]" classname="org.apache.commons.lang3.time.FastDatePrinterTimeZonesTest" time="0.004"/>
  <testcase name="testCalendarTimezoneRespected[479]" classname="org.apache.commons.lang3.time.FastDatePrinterTimeZonesTest" time="0"/>
  <testcase name="testCalendarTimezoneRespected[480]" classname="org.apache.commons.lang3.time.FastDatePrinterTimeZonesTest" time="0"/>
  <testcase name="testCalendarTimezoneRespected[481]" classname="org.apache.commons.lang3.time.FastDatePrinterTimeZonesTest" time="0"/>
  <testcase name="testCalendarTimezoneRespected[482]" classname="org.apache.commons.lang3.time.FastDatePrinterTimeZonesTest" time="0"/>
  <testcase name="testCalendarTimezoneRespected[483]" classname="org.apache.commons.lang3.time.FastDatePrinterTimeZonesTest" time="0"/>
  <testcase name="testCalendarTimezoneRespected[484]" classname="org.apache.commons.lang3.time.FastDatePrinterTimeZonesTest" time="0.001"/>
  <testcase name="testCalendarTimezoneRespected[485]" classname="org.apache.commons.lang3.time.FastDatePrinterTimeZonesTest" time="0"/>
  <testcase name="testCalendarTimezoneRespected[486]" classname="org.apache.commons.lang3.time.FastDatePrinterTimeZonesTest" time="0"/>
  <testcase name="testCalendarTimezoneRespected[487]" classname="org.apache.commons.lang3.time.FastDatePrinterTimeZonesTest" time="0"/>
  <testcase name="testCalendarTimezoneRespected[488]" classname="org.apache.commons.lang3.time.FastDatePrinterTimeZonesTest" time="0"/>
  <testcase name="testCalendarTimezoneRespected[489]" classname="org.apache.commons.lang3.time.FastDatePrinterTimeZonesTest" time="0"/>
  <testcase name="testCalendarTimezoneRespected[490]" classname="org.apache.commons.lang3.time.FastDatePrinterTimeZonesTest" time="0"/>
  <testcase name="testCalendarTimezoneRespected[491]" classname="org.apache.commons.lang3.time.FastDatePrinterTimeZonesTest" time="0"/>
  <testcase name="testCalendarTimezoneRespected[492]" classname="org.apache.commons.lang3.time.FastDatePrinterTimeZonesTest" time="0.001"/>
  <testcase name="testCalendarTimezoneRespected[493]" classname="org.apache.commons.lang3.time.FastDatePrinterTimeZonesTest" time="0"/>
  <testcase name="testCalendarTimezoneRespected[494]" classname="org.apache.commons.lang3.time.FastDatePrinterTimeZonesTest" time="0"/>
  <testcase name="testCalendarTimezoneRespected[495]" classname="org.apache.commons.lang3.time.FastDatePrinterTimeZonesTest" time="0"/>
  <testcase name="testCalendarTimezoneRespected[496]" classname="org.apache.commons.lang3.time.FastDatePrinterTimeZonesTest" time="0.008"/>
  <testcase name="testCalendarTimezoneRespected[497]" classname="org.apache.commons.lang3.time.FastDatePrinterTimeZonesTest" time="0"/>
  <testcase name="testCalendarTimezoneRespected[498]" classname="org.apache.commons.lang3.time.FastDatePrinterTimeZonesTest" time="0"/>
  <testcase name="testCalendarTimezoneRespected[499]" classname="org.apache.commons.lang3.time.FastDatePrinterTimeZonesTest" time="0"/>
  <testcase name="testCalendarTimezoneRespected[500]" classname="org.apache.commons.lang3.time.FastDatePrinterTimeZonesTest" time="0"/>
  <testcase name="testCalendarTimezoneRespected[501]" classname="org.apache.commons.lang3.time.FastDatePrinterTimeZonesTest" time="0"/>
  <testcase name="testCalendarTimezoneRespected[502]" classname="org.apache.commons.lang3.time.FastDatePrinterTimeZonesTest" time="0"/>
  <testcase name="testCalendarTimezoneRespected[503]" classname="org.apache.commons.lang3.time.FastDatePrinterTimeZonesTest" time="0"/>
  <testcase name="testCalendarTimezoneRespected[504]" classname="org.apache.commons.lang3.time.FastDatePrinterTimeZonesTest" time="0"/>
  <testcase name="testCalendarTimezoneRespected[505]" classname="org.apache.commons.lang3.time.FastDatePrinterTimeZonesTest" time="0"/>
  <testcase name="testCalendarTimezoneRespected[506]" classname="org.apache.commons.lang3.time.FastDatePrinterTimeZonesTest" time="0"/>
  <testcase name="testCalendarTimezoneRespected[507]" classname="org.apache.commons.lang3.time.FastDatePrinterTimeZonesTest" time="0"/>
  <testcase name="testCalendarTimezoneRespected[508]" classname="org.apache.commons.lang3.time.FastDatePrinterTimeZonesTest" time="0"/>
  <testcase name="testCalendarTimezoneRespected[509]" classname="org.apache.commons.lang3.time.FastDatePrinterTimeZonesTest" time="0"/>
  <testcase name="testCalendarTimezoneRespected[510]" classname="org.apache.commons.lang3.time.FastDatePrinterTimeZonesTest" time="0"/>
  <testcase name="testCalendarTimezoneRespected[511]" classname="org.apache.commons.lang3.time.FastDatePrinterTimeZonesTest" time="0"/>
  <testcase name="testCalendarTimezoneRespected[512]" classname="org.apache.commons.lang3.time.FastDatePrinterTimeZonesTest" time="0"/>
  <testcase name="testCalendarTimezoneRespected[513]" classname="org.apache.commons.lang3.time.FastDatePrinterTimeZonesTest" time="0"/>
  <testcase name="testCalendarTimezoneRespected[514]" classname="org.apache.commons.lang3.time.FastDatePrinterTimeZonesTest" time="0"/>
  <testcase name="testCalendarTimezoneRespected[515]" classname="org.apache.commons.lang3.time.FastDatePrinterTimeZonesTest" time="0.001"/>
  <testcase name="testCalendarTimezoneRespected[516]" classname="org.apache.commons.lang3.time.FastDatePrinterTimeZonesTest" time="0"/>
  <testcase name="testCalendarTimezoneRespected[517]" classname="org.apache.commons.lang3.time.FastDatePrinterTimeZonesTest" time="0"/>
  <testcase name="testCalendarTimezoneRespected[518]" classname="org.apache.commons.lang3.time.FastDatePrinterTimeZonesTest" time="0"/>
  <testcase name="testCalendarTimezoneRespected[519]" classname="org.apache.commons.lang3.time.FastDatePrinterTimeZonesTest" time="0"/>
  <testcase name="testCalendarTimezoneRespected[520]" classname="org.apache.commons.lang3.time.FastDatePrinterTimeZonesTest" time="0"/>
  <testcase name="testCalendarTimezoneRespected[521]" classname="org.apache.commons.lang3.time.FastDatePrinterTimeZonesTest" time="0"/>
  <testcase name="testCalendarTimezoneRespected[522]" classname="org.apache.commons.lang3.time.FastDatePrinterTimeZonesTest" time="0.004"/>
  <testcase name="testCalendarTimezoneRespected[523]" classname="org.apache.commons.lang3.time.FastDatePrinterTimeZonesTest" time="0"/>
  <testcase name="testCalendarTimezoneRespected[524]" classname="org.apache.commons.lang3.time.FastDatePrinterTimeZonesTest" time="0"/>
  <testcase name="testCalendarTimezoneRespected[525]" classname="org.apache.commons.lang3.time.FastDatePrinterTimeZonesTest" time="0"/>
  <testcase name="testCalendarTimezoneRespected[526]" classname="org.apache.commons.lang3.time.FastDatePrinterTimeZonesTest" time="0"/>
  <testcase name="testCalendarTimezoneRespected[527]" classname="org.apache.commons.lang3.time.FastDatePrinterTimeZonesTest" time="0.001"/>
  <testcase name="testCalendarTimezoneRespected[528]" classname="org.apache.commons.lang3.time.FastDatePrinterTimeZonesTest" time="0"/>
  <testcase name="testCalendarTimezoneRespected[529]" classname="org.apache.commons.lang3.time.FastDatePrinterTimeZonesTest" time="0"/>
  <testcase name="testCalendarTimezoneRespected[530]" classname="org.apache.commons.lang3.time.FastDatePrinterTimeZonesTest" time="0"/>
  <testcase name="testCalendarTimezoneRespected[531]" classname="org.apache.commons.lang3.time.FastDatePrinterTimeZonesTest" time="0.006"/>
  <testcase name="testCalendarTimezoneRespected[532]" classname="org.apache.commons.lang3.time.FastDatePrinterTimeZonesTest" time="0"/>
  <testcase name="testCalendarTimezoneRespected[533]" classname="org.apache.commons.lang3.time.FastDatePrinterTimeZonesTest" time="0"/>
  <testcase name="testCalendarTimezoneRespected[534]" classname="org.apache.commons.lang3.time.FastDatePrinterTimeZonesTest" time="0"/>
  <testcase name="testCalendarTimezoneRespected[535]" classname="org.apache.commons.lang3.time.FastDatePrinterTimeZonesTest" time="0"/>
  <testcase name="testCalendarTimezoneRespected[536]" classname="org.apache.commons.lang3.time.FastDatePrinterTimeZonesTest" time="0.001"/>
  <testcase name="testCalendarTimezoneRespected[537]" classname="org.apache.commons.lang3.time.FastDatePrinterTimeZonesTest" time="0"/>
  <testcase name="testCalendarTimezoneRespected[538]" classname="org.apache.commons.lang3.time.FastDatePrinterTimeZonesTest" time="0"/>
  <testcase name="testCalendarTimezoneRespected[539]" classname="org.apache.commons.lang3.time.FastDatePrinterTimeZonesTest" time="0"/>
  <testcase name="testCalendarTimezoneRespected[540]" classname="org.apache.commons.lang3.time.FastDatePrinterTimeZonesTest" time="0"/>
  <testcase name="testCalendarTimezoneRespected[541]" classname="org.apache.commons.lang3.time.FastDatePrinterTimeZonesTest" time="0"/>
  <testcase name="testCalendarTimezoneRespected[542]" classname="org.apache.commons.lang3.time.FastDatePrinterTimeZonesTest" time="0"/>
  <testcase name="testCalendarTimezoneRespected[543]" classname="org.apache.commons.lang3.time.FastDatePrinterTimeZonesTest" time="0"/>
  <testcase name="testCalendarTimezoneRespected[544]" classname="org.apache.commons.lang3.time.FastDatePrinterTimeZonesTest" time="0"/>
  <testcase name="testCalendarTimezoneRespected[545]" classname="org.apache.commons.lang3.time.FastDatePrinterTimeZonesTest" time="0"/>
  <testcase name="testCalendarTimezoneRespected[546]" classname="org.apache.commons.lang3.time.FastDatePrinterTimeZonesTest" time="0"/>
  <testcase name="testCalendarTimezoneRespected[547]" classname="org.apache.commons.lang3.time.FastDatePrinterTimeZonesTest" time="0"/>
  <testcase name="testCalendarTimezoneRespected[548]" classname="org.apache.commons.lang3.time.FastDatePrinterTimeZonesTest" time="0"/>
  <testcase name="testCalendarTimezoneRespected[549]" classname="org.apache.commons.lang3.time.FastDatePrinterTimeZonesTest" time="0"/>
  <testcase name="testCalendarTimezoneRespected[550]" classname="org.apache.commons.lang3.time.FastDatePrinterTimeZonesTest" time="0"/>
  <testcase name="testCalendarTimezoneRespected[551]" classname="org.apache.commons.lang3.time.FastDatePrinterTimeZonesTest" time="0"/>
  <testcase name="testCalendarTimezoneRespected[552]" classname="org.apache.commons.lang3.time.FastDatePrinterTimeZonesTest" time="0"/>
  <testcase name="testCalendarTimezoneRespected[553]" classname="org.apache.commons.lang3.time.FastDatePrinterTimeZonesTest" time="0"/>
  <testcase name="testCalendarTimezoneRespected[554]" classname="org.apache.commons.lang3.time.FastDatePrinterTimeZonesTest" time="0"/>
  <testcase name="testCalendarTimezoneRespected[555]" classname="org.apache.commons.lang3.time.FastDatePrinterTimeZonesTest" time="0"/>
  <testcase name="testCalendarTimezoneRespected[556]" classname="org.apache.commons.lang3.time.FastDatePrinterTimeZonesTest" time="0"/>
  <testcase name="testCalendarTimezoneRespected[557]" classname="org.apache.commons.lang3.time.FastDatePrinterTimeZonesTest" time="0.005"/>
  <testcase name="testCalendarTimezoneRespected[558]" classname="org.apache.commons.lang3.time.FastDatePrinterTimeZonesTest" time="0"/>
  <testcase name="testCalendarTimezoneRespected[559]" classname="org.apache.commons.lang3.time.FastDatePrinterTimeZonesTest" time="0"/>
  <testcase name="testCalendarTimezoneRespected[560]" classname="org.apache.commons.lang3.time.FastDatePrinterTimeZonesTest" time="0"/>
  <testcase name="testCalendarTimezoneRespected[561]" classname="org.apache.commons.lang3.time.FastDatePrinterTimeZonesTest" time="0"/>
  <testcase name="testCalendarTimezoneRespected[562]" classname="org.apache.commons.lang3.time.FastDatePrinterTimeZonesTest" time="0"/>
  <testcase name="testCalendarTimezoneRespected[563]" classname="org.apache.commons.lang3.time.FastDatePrinterTimeZonesTest" time="0"/>
  <testcase name="testCalendarTimezoneRespected[564]" classname="org.apache.commons.lang3.time.FastDatePrinterTimeZonesTest" time="0"/>
  <testcase name="testCalendarTimezoneRespected[565]" classname="org.apache.commons.lang3.time.FastDatePrinterTimeZonesTest" time="0"/>
  <testcase name="testCalendarTimezoneRespected[566]" classname="org.apache.commons.lang3.time.FastDatePrinterTimeZonesTest" time="0"/>
  <testcase name="testCalendarTimezoneRespected[567]" classname="org.apache.commons.lang3.time.FastDatePrinterTimeZonesTest" time="0"/>
  <testcase name="testCalendarTimezoneRespected[568]" classname="org.apache.commons.lang3.time.FastDatePrinterTimeZonesTest" time="0"/>
  <testcase name="testCalendarTimezoneRespected[569]" classname="org.apache.commons.lang3.time.FastDatePrinterTimeZonesTest" time="0"/>
  <testcase name="testCalendarTimezoneRespected[570]" classname="org.apache.commons.lang3.time.FastDatePrinterTimeZonesTest" time="0"/>
  <testcase name="testCalendarTimezoneRespected[571]" classname="org.apache.commons.lang3.time.FastDatePrinterTimeZonesTest" time="0"/>
  <testcase name="testCalendarTimezoneRespected[572]" classname="org.apache.commons.lang3.time.FastDatePrinterTimeZonesTest" time="0"/>
  <testcase name="testCalendarTimezoneRespected[573]" classname="org.apache.commons.lang3.time.FastDatePrinterTimeZonesTest" time="0"/>
  <testcase name="testCalendarTimezoneRespected[574]" classname="org.apache.commons.lang3.time.FastDatePrinterTimeZonesTest" time="0"/>
  <testcase name="testCalendarTimezoneRespected[575]" classname="org.apache.commons.lang3.time.FastDatePrinterTimeZonesTest" time="0"/>
  <testcase name="testCalendarTimezoneRespected[576]" classname="org.apache.commons.lang3.time.FastDatePrinterTimeZonesTest" time="0"/>
  <testcase name="testCalendarTimezoneRespected[577]" classname="org.apache.commons.lang3.time.FastDatePrinterTimeZonesTest" time="0"/>
  <testcase name="testCalendarTimezoneRespected[578]" classname="org.apache.commons.lang3.time.FastDatePrinterTimeZonesTest" time="0.001"/>
  <testcase name="testCalendarTimezoneRespected[579]" classname="org.apache.commons.lang3.time.FastDatePrinterTimeZonesTest" time="0"/>
  <testcase name="testCalendarTimezoneRespected[580]" classname="org.apache.commons.lang3.time.FastDatePrinterTimeZonesTest" time="0"/>
  <testcase name="testCalendarTimezoneRespected[581]" classname="org.apache.commons.lang3.time.FastDatePrinterTimeZonesTest" time="0"/>
  <testcase name="testCalendarTimezoneRespected[582]" classname="org.apache.commons.lang3.time.FastDatePrinterTimeZonesTest" time="0"/>
  <testcase name="testCalendarTimezoneRespected[583]" classname="org.apache.commons.lang3.time.FastDatePrinterTimeZonesTest" time="0"/>
  <testcase name="testCalendarTimezoneRespected[584]" classname="org.apache.commons.lang3.time.FastDatePrinterTimeZonesTest" time="0"/>
  <testcase name="testCalendarTimezoneRespected[585]" classname="org.apache.commons.lang3.time.FastDatePrinterTimeZonesTest" time="0"/>
  <testcase name="testCalendarTimezoneRespected[586]" classname="org.apache.commons.lang3.time.FastDatePrinterTimeZonesTest" time="0.001"/>
  <testcase name="testCalendarTimezoneRespected[587]" classname="org.apache.commons.lang3.time.FastDatePrinterTimeZonesTest" time="0.02"/>
  <testcase name="testCalendarTimezoneRespected[588]" classname="org.apache.commons.lang3.time.FastDatePrinterTimeZonesTest" time="0"/>
  <testcase name="testCalendarTimezoneRespected[589]" classname="org.apache.commons.lang3.time.FastDatePrinterTimeZonesTest" time="0"/>
  <testcase name="testCalendarTimezoneRespected[590]" classname="org.apache.commons.lang3.time.FastDatePrinterTimeZonesTest" time="0"/>
  <testcase name="testCalendarTimezoneRespected[591]" classname="org.apache.commons.lang3.time.FastDatePrinterTimeZonesTest" time="0.001"/>
  <testcase name="testCalendarTimezoneRespected[592]" classname="org.apache.commons.lang3.time.FastDatePrinterTimeZonesTest" time="0.001"/>
  <testcase name="testCalendarTimezoneRespected[593]" classname="org.apache.commons.lang3.time.FastDatePrinterTimeZonesTest" time="0"/>
  <testcase name="testCalendarTimezoneRespected[594]" classname="org.apache.commons.lang3.time.FastDatePrinterTimeZonesTest" time="0.001"/>
  <testcase name="testCalendarTimezoneRespected[595]" classname="org.apache.commons.lang3.time.FastDatePrinterTimeZonesTest" time="0"/>
  <testcase name="testCalendarTimezoneRespected[596]" classname="org.apache.commons.lang3.time.FastDatePrinterTimeZonesTest" time="0"/>
  <testcase name="testCalendarTimezoneRespected[597]" classname="org.apache.commons.lang3.time.FastDatePrinterTimeZonesTest" time="0"/>
  <testcase name="testCalendarTimezoneRespected[598]" classname="org.apache.commons.lang3.time.FastDatePrinterTimeZonesTest" time="0"/>
  <testcase name="testCalendarTimezoneRespected[599]" classname="org.apache.commons.lang3.time.FastDatePrinterTimeZonesTest" time="0"/>
  <testcase name="testCalendarTimezoneRespected[600]" classname="org.apache.commons.lang3.time.FastDatePrinterTimeZonesTest" time="0"/>
  <testcase name="testCalendarTimezoneRespected[601]" classname="org.apache.commons.lang3.time.FastDatePrinterTimeZonesTest" time="0.001"/>
  <testcase name="testCalendarTimezoneRespected[602]" classname="org.apache.commons.lang3.time.FastDatePrinterTimeZonesTest" time="0.007"/>
  <testcase name="testCalendarTimezoneRespected[603]" classname="org.apache.commons.lang3.time.FastDatePrinterTimeZonesTest" time="0"/>
  <testcase name="testCalendarTimezoneRespected[604]" classname="org.apache.commons.lang3.time.FastDatePrinterTimeZonesTest" time="0"/>
  <testcase name="testCalendarTimezoneRespected[605]" classname="org.apache.commons.lang3.time.FastDatePrinterTimeZonesTest" time="0"/>
  <testcase name="testCalendarTimezoneRespected[606]" classname="org.apache.commons.lang3.time.FastDatePrinterTimeZonesTest" time="0"/>
  <testcase name="testCalendarTimezoneRespected[607]" classname="org.apache.commons.lang3.time.FastDatePrinterTimeZonesTest" time="0"/>
  <testcase name="testCalendarTimezoneRespected[608]" classname="org.apache.commons.lang3.time.FastDatePrinterTimeZonesTest" time="0"/>
  <testcase name="testCalendarTimezoneRespected[609]" classname="org.apache.commons.lang3.time.FastDatePrinterTimeZonesTest" time="0"/>
  <testcase name="testCalendarTimezoneRespected[610]" classname="org.apache.commons.lang3.time.FastDatePrinterTimeZonesTest" time="0"/>
  <testcase name="testCalendarTimezoneRespected[611]" classname="org.apache.commons.lang3.time.FastDatePrinterTimeZonesTest" time="0.001"/>
  <testcase name="testCalendarTimezoneRespected[612]" classname="org.apache.commons.lang3.time.FastDatePrinterTimeZonesTest" time="0"/>
  <testcase name="testCalendarTimezoneRespected[613]" classname="org.apache.commons.lang3.time.FastDatePrinterTimeZonesTest" time="0.016"/>
  <testcase name="testCalendarTimezoneRespected[614]" classname="org.apache.commons.lang3.time.FastDatePrinterTimeZonesTest" time="0"/>
  <testcase name="testCalendarTimezoneRespected[615]" classname="org.apache.commons.lang3.time.FastDatePrinterTimeZonesTest" time="0"/>
  <testcase name="testCalendarTimezoneRespected[616]" classname="org.apache.commons.lang3.time.FastDatePrinterTimeZonesTest" time="0"/>
  <testcase name="testCalendarTimezoneRespected[617]" classname="org.apache.commons.lang3.time.FastDatePrinterTimeZonesTest" time="0"/>
  <testcase name="testCalendarTimezoneRespected[618]" classname="org.apache.commons.lang3.time.FastDatePrinterTimeZonesTest" time="0"/>
  <testcase name="testCalendarTimezoneRespected[619]" classname="org.apache.commons.lang3.time.FastDatePrinterTimeZonesTest" time="0"/>
  <testcase name="testCalendarTimezoneRespected[620]" classname="org.apache.commons.lang3.time.FastDatePrinterTimeZonesTest" time="0"/>
  <testcase name="testCalendarTimezoneRespected[621]" classname="org.apache.commons.lang3.time.FastDatePrinterTimeZonesTest" time="0"/>
  <testcase name="testCalendarTimezoneRespected[622]" classname="org.apache.commons.lang3.time.FastDatePrinterTimeZonesTest" time="0"/>
  <testcase name="testCalendarTimezoneRespected[623]" classname="org.apache.commons.lang3.time.FastDatePrinterTimeZonesTest" time="0"/>
  <testcase name="testCalendarTimezoneRespected[624]" classname="org.apache.commons.lang3.time.FastDatePrinterTimeZonesTest" time="0"/>
  <testcase name="testCalendarTimezoneRespected[625]" classname="org.apache.commons.lang3.time.FastDatePrinterTimeZonesTest" time="0"/>
  <testcase name="testCalendarTimezoneRespected[626]" classname="org.apache.commons.lang3.time.FastDatePrinterTimeZonesTest" time="0"/>
  <testcase name="testCalendarTimezoneRespected[627]" classname="org.apache.commons.lang3.time.FastDatePrinterTimeZonesTest" time="0"/>
  <testcase name="testCalendarTimezoneRespected[628]" classname="org.apache.commons.lang3.time.FastDatePrinterTimeZonesTest" time="0"/>
</testsuite>