<?xml version="1.0" encoding="UTF-8"?>
<testsuite xmlns:xsi="http://www.w3.org/2001/XMLSchema-instance" xsi:schemaLocation="https://maven.apache.org/surefire/maven-surefire-plugin/xsd/surefire-test-report.xsd" name="org.apache.commons.lang3.time.FastDateParserSDFTest" time="0.074" tests="276" errors="0" skipped="0" failures="0">
  <properties>
    <property name="java.runtime.name" value="OpenJDK Runtime Environment"/>
    <property name="sun.boot.library.path" value="/usr/local/openjdk-8/jre/lib/amd64"/>
    <property name="java.vm.version" value="25.262-b10"/>
    <property name="animal.sniffer.skip" value="true"/>
    <property name="java.vm.vendor" value="Oracle Corporation"/>
    <property name="maven.multiModuleProjectDirectory" value="/tmp/tmplrvn6yhe/commons-lang"/>
    <property name="maven.javadoc.skip" value="true"/>
    <property name="java.vendor.url" value="http://java.oracle.com/"/>
    <property name="path.separator" value=":"/>
    <property name="guice.disable.misplaced.annotation.check" value="true"/>
    <property name="java.vm.name" value="OpenJDK 64-Bit Server VM"/>
    <property name="file.encoding.pkg" value="sun.io"/>
    <property name="sun.java.launcher" value="SUN_STANDARD"/>
    <property name="sun.os.patch.level" value="unknown"/>
    <property name="source.skip" value="true"/>
    <property name="java.vm.specification.name" value="Java Virtual Machine Specification"/>
    <property name="user.dir" value="/tmp/tmplrvn6yhe/commons-lang"/>
    <property name="java.runtime.version" value="1.8.0_262-b10"/>
    <property name="java.awt.graphicsenv" value="sun.awt.X11GraphicsEnvironment"/>
    <property name="java.endorsed.dirs" value="/usr/local/openjdk-8/jre/lib/endorsed"/>
    <property name="os.arch" value="amd64"/>
    <property name="java.io.tmpdir" value="/tmp"/>
    <property name="line.separator" value="&#10;"/>
    <property name="java.vm.specification.vendor" value="Oracle Corporation"/>
    <property name="os.name" value="Linux"/>
    <property name="classworlds.conf" value="/usr/share/maven/bin/m2.conf"/>
    <property name="maven.test.error.ignore" value="true"/>
    <property name="sun.jnu.encoding" value="UTF-8"/>
    <property name="java.library.path" value="/usr/java/packages/lib/amd64:/usr/lib64:/lib64:/lib:/usr/lib"/>
    <property name="license.skip" value="true"/>
    <property name="maven.conf" value="/usr/share/maven/conf"/>
    <property name="java.specification.name" value="Java Platform API Specification"/>
    <property name="java.class.version" value="52.0"/>
    <property name="sun.management.compiler" value="HotSpot 64-Bit Tiered Compilers"/>
    <property name="maven.test.failure.ignore" value="true"/>
    <property name="os.version" value="4.15.0-109-generic"/>
    <property name="library.jansi.path" value="/usr/share/maven/lib/jansi-native"/>
    <property name="user.home" value="/home/jdbl"/>
    <property name="user.timezone" value="Etc/UTC"/>
    <property name="java.awt.printerjob" value="sun.print.PSPrinterJob"/>
    <property name="java.specification.version" value="1.8"/>
    <property name="file.encoding" value="UTF-8"/>
    <property name="user.name" value="jdbl"/>
    <property name="java.class.path" value="/usr/share/maven/boot/plexus-classworlds-2.6.0.jar"/>
    <property name="java.vm.specification.version" value="1.8"/>
    <property name="sun.arch.data.model" value="64"/>
    <property name="java.home" value="/usr/local/openjdk-8/jre"/>
    <property name="sun.java.command" value="org.codehaus.plexus.classworlds.launcher.Launcher package -e --fail-never -ntp -Dmaven.test.error.ignore=true -Dmaven.test.failure.ignore=true -B -Dmaven.javadoc.skip=true -Drat.skip=true -Danimal.sniffer.skip=true -Dmaven.javadoc.skip=true -Dlicense.skip=true -Dsource.skip=true"/>
    <property name="java.specification.vendor" value="Oracle Corporation"/>
    <property name="user.language" value="en"/>
    <property name="awt.toolkit" value="sun.awt.X11.XToolkit"/>
    <property name="java.vm.info" value="mixed mode"/>
    <property name="java.version" value="1.8.0_262"/>
    <property name="java.ext.dirs" value="/usr/local/openjdk-8/jre/lib/ext:/usr/java/packages/lib/ext"/>
    <property name="securerandom.source" value="file:/dev/./urandom"/>
    <property name="sun.boot.class.path" value="/usr/local/openjdk-8/jre/lib/resources.jar:/usr/local/openjdk-8/jre/lib/rt.jar:/usr/local/openjdk-8/jre/lib/sunrsasign.jar:/usr/local/openjdk-8/jre/lib/jsse.jar:/usr/local/openjdk-8/jre/lib/jce.jar:/usr/local/openjdk-8/jre/lib/charsets.jar:/usr/local/openjdk-8/jre/lib/jfr.jar:/usr/local/openjdk-8/jre/classes"/>
    <property name="java.vendor" value="Oracle Corporation"/>
    <property name="rat.skip" value="true"/>
    <property name="maven.home" value="/usr/share/maven"/>
    <property name="file.separator" value="/"/>
    <property name="java.vendor.url.bug" value="http://bugreport.sun.com/bugreport/"/>
    <property name="sun.cpu.endian" value="little"/>
    <property name="sun.io.unicode.encoding" value="UnicodeLittle"/>
    <property name="sun.cpu.isalist" value=""/>
  </properties>
  <testcase name="testLowerCasePP[0: z yyyy GMT 2010 en_GB]" classname="org.apache.commons.lang3.time.FastDateParserSDFTest" time="0"/>
  <testcase name="testUpperCasePP[0: z yyyy GMT 2010 en_GB]" classname="org.apache.commons.lang3.time.FastDateParserSDFTest" time="0"/>
  <testcase name="testLowerCase[0: z yyyy GMT 2010 en_GB]" classname="org.apache.commons.lang3.time.FastDateParserSDFTest" time="0"/>
  <testcase name="testUpperCase[0: z yyyy GMT 2010 en_GB]" classname="org.apache.commons.lang3.time.FastDateParserSDFTest" time="0"/>
  <testcase name="testOriginalPP[0: z yyyy GMT 2010 en_GB]" classname="org.apache.commons.lang3.time.FastDateParserSDFTest" time="0"/>
  <testcase name="testOriginal[0: z yyyy GMT 2010 en_GB]" classname="org.apache.commons.lang3.time.FastDateParserSDFTest" time="0"/>
  <testcase name="testLowerCasePP[1: z yyyy GMT-123 2010 en_GB]" classname="org.apache.commons.lang3.time.FastDateParserSDFTest" time="0"/>
  <testcase name="testUpperCasePP[1: z yyyy GMT-123 2010 en_GB]" classname="org.apache.commons.lang3.time.FastDateParserSDFTest" time="0"/>
  <testcase name="testLowerCase[1: z yyyy GMT-123 2010 en_GB]" classname="org.apache.commons.lang3.time.FastDateParserSDFTest" time="0"/>
  <testcase name="testUpperCase[1: z yyyy GMT-123 2010 en_GB]" classname="org.apache.commons.lang3.time.FastDateParserSDFTest" time="0"/>
  <testcase name="testOriginalPP[1: z yyyy GMT-123 2010 en_GB]" classname="org.apache.commons.lang3.time.FastDateParserSDFTest" time="0"/>
  <testcase name="testOriginal[1: z yyyy GMT-123 2010 en_GB]" classname="org.apache.commons.lang3.time.FastDateParserSDFTest" time="0"/>
  <testcase name="testLowerCasePP[2: z yyyy GMT-1234 2010 en_GB]" classname="org.apache.commons.lang3.time.FastDateParserSDFTest" time="0"/>
  <testcase name="testUpperCasePP[2: z yyyy GMT-1234 2010 en_GB]" classname="org.apache.commons.lang3.time.FastDateParserSDFTest" time="0"/>
  <testcase name="testLowerCase[2: z yyyy GMT-1234 2010 en_GB]" classname="org.apache.commons.lang3.time.FastDateParserSDFTest" time="0"/>
  <testcase name="testUpperCase[2: z yyyy GMT-1234 2010 en_GB]" classname="org.apache.commons.lang3.time.FastDateParserSDFTest" time="0"/>
  <testcase name="testOriginalPP[2: z yyyy GMT-1234 2010 en_GB]" classname="org.apache.commons.lang3.time.FastDateParserSDFTest" time="0"/>
  <testcase name="testOriginal[2: z yyyy GMT-1234 2010 en_GB]" classname="org.apache.commons.lang3.time.FastDateParserSDFTest" time="0"/>
  <testcase name="testLowerCasePP[3: z yyyy GMT-12:34 2010 en_GB]" classname="org.apache.commons.lang3.time.FastDateParserSDFTest" time="0"/>
  <testcase name="testUpperCasePP[3: z yyyy GMT-12:34 2010 en_GB]" classname="org.apache.commons.lang3.time.FastDateParserSDFTest" time="0.012"/>
  <testcase name="testLowerCase[3: z yyyy GMT-12:34 2010 en_GB]" classname="org.apache.commons.lang3.time.FastDateParserSDFTest" time="0"/>
  <testcase name="testUpperCase[3: z yyyy GMT-12:34 2010 en_GB]" classname="org.apache.commons.lang3.time.FastDateParserSDFTest" time="0"/>
  <testcase name="testOriginalPP[3: z yyyy GMT-12:34 2010 en_GB]" classname="org.apache.commons.lang3.time.FastDateParserSDFTest" time="0"/>
  <testcase name="testOriginal[3: z yyyy GMT-12:34 2010 en_GB]" classname="org.apache.commons.lang3.time.FastDateParserSDFTest" time="0"/>
  <testcase name="testLowerCasePP[4: z yyyy GMT-1:23 2010 en_GB]" classname="org.apache.commons.lang3.time.FastDateParserSDFTest" time="0"/>
  <testcase name="testUpperCasePP[4: z yyyy GMT-1:23 2010 en_GB]" classname="org.apache.commons.lang3.time.FastDateParserSDFTest" time="0"/>
  <testcase name="testLowerCase[4: z yyyy GMT-1:23 2010 en_GB]" classname="org.apache.commons.lang3.time.FastDateParserSDFTest" time="0"/>
  <testcase name="testUpperCase[4: z yyyy GMT-1:23 2010 en_GB]" classname="org.apache.commons.lang3.time.FastDateParserSDFTest" time="0"/>
  <testcase name="testOriginalPP[4: z yyyy GMT-1:23 2010 en_GB]" classname="org.apache.commons.lang3.time.FastDateParserSDFTest" time="0"/>
  <testcase name="testOriginal[4: z yyyy GMT-1:23 2010 en_GB]" classname="org.apache.commons.lang3.time.FastDateParserSDFTest" time="0"/>
  <testcase name="testLowerCasePP[5: z yyyy -1234 2010 en_GB]" classname="org.apache.commons.lang3.time.FastDateParserSDFTest" time="0"/>
  <testcase name="testUpperCasePP[5: z yyyy -1234 2010 en_GB]" classname="org.apache.commons.lang3.time.FastDateParserSDFTest" time="0"/>
  <testcase name="testLowerCase[5: z yyyy -1234 2010 en_GB]" classname="org.apache.commons.lang3.time.FastDateParserSDFTest" time="0"/>
  <testcase name="testUpperCase[5: z yyyy -1234 2010 en_GB]" classname="org.apache.commons.lang3.time.FastDateParserSDFTest" time="0"/>
  <testcase name="testOriginalPP[5: z yyyy -1234 2010 en_GB]" classname="org.apache.commons.lang3.time.FastDateParserSDFTest" time="0"/>
  <testcase name="testOriginal[5: z yyyy -1234 2010 en_GB]" classname="org.apache.commons.lang3.time.FastDateParserSDFTest" time="0"/>
  <testcase name="testLowerCasePP[6: z yyyy -12:34 2010 en_GB]" classname="org.apache.commons.lang3.time.FastDateParserSDFTest" time="0"/>
  <testcase name="testUpperCasePP[6: z yyyy -12:34 2010 en_GB]" classname="org.apache.commons.lang3.time.FastDateParserSDFTest" time="0"/>
  <testcase name="testLowerCase[6: z yyyy -12:34 2010 en_GB]" classname="org.apache.commons.lang3.time.FastDateParserSDFTest" time="0"/>
  <testcase name="testUpperCase[6: z yyyy -12:34 2010 en_GB]" classname="org.apache.commons.lang3.time.FastDateParserSDFTest" time="0"/>
  <testcase name="testOriginalPP[6: z yyyy -12:34 2010 en_GB]" classname="org.apache.commons.lang3.time.FastDateParserSDFTest" time="0"/>
  <testcase name="testOriginal[6: z yyyy -12:34 2010 en_GB]" classname="org.apache.commons.lang3.time.FastDateParserSDFTest" time="0"/>
  <testcase name="testLowerCasePP[7: z yyyy -123 2010 en_GB]" classname="org.apache.commons.lang3.time.FastDateParserSDFTest" time="0"/>
  <testcase name="testUpperCasePP[7: z yyyy -123 2010 en_GB]" classname="org.apache.commons.lang3.time.FastDateParserSDFTest" time="0"/>
  <testcase name="testLowerCase[7: z yyyy -123 2010 en_GB]" classname="org.apache.commons.lang3.time.FastDateParserSDFTest" time="0"/>
  <testcase name="testUpperCase[7: z yyyy -123 2010 en_GB]" classname="org.apache.commons.lang3.time.FastDateParserSDFTest" time="0"/>
  <testcase name="testOriginalPP[7: z yyyy -123 2010 en_GB]" classname="org.apache.commons.lang3.time.FastDateParserSDFTest" time="0"/>
  <testcase name="testOriginal[7: z yyyy -123 2010 en_GB]" classname="org.apache.commons.lang3.time.FastDateParserSDFTest" time="0"/>
  <testcase name="testLowerCasePP[8: MM/dd/yyyy 01/11/12 en_GB]" classname="org.apache.commons.lang3.time.FastDateParserSDFTest" time="0"/>
  <testcase name="testUpperCasePP[8: MM/dd/yyyy 01/11/12 en_GB]" classname="org.apache.commons.lang3.time.FastDateParserSDFTest" time="0"/>
  <testcase name="testLowerCase[8: MM/dd/yyyy 01/11/12 en_GB]" classname="org.apache.commons.lang3.time.FastDateParserSDFTest" time="0"/>
  <testcase name="testUpperCase[8: MM/dd/yyyy 01/11/12 en_GB]" classname="org.apache.commons.lang3.time.FastDateParserSDFTest" time="0"/>
  <testcase name="testOriginalPP[8: MM/dd/yyyy 01/11/12 en_GB]" classname="org.apache.commons.lang3.time.FastDateParserSDFTest" time="0"/>
  <testcase name="testOriginal[8: MM/dd/yyyy 01/11/12 en_GB]" classname="org.apache.commons.lang3.time.FastDateParserSDFTest" time="0"/>
  <testcase name="testLowerCasePP[9: MM/dd/yy 01/11/12 en_GB]" classname="org.apache.commons.lang3.time.FastDateParserSDFTest" time="0"/>
  <testcase name="testUpperCasePP[9: MM/dd/yy 01/11/12 en_GB]" classname="org.apache.commons.lang3.time.FastDateParserSDFTest" time="0"/>
  <testcase name="testLowerCase[9: MM/dd/yy 01/11/12 en_GB]" classname="org.apache.commons.lang3.time.FastDateParserSDFTest" time="0"/>
  <testcase name="testUpperCase[9: MM/dd/yy 01/11/12 en_GB]" classname="org.apache.commons.lang3.time.FastDateParserSDFTest" time="0"/>
  <testcase name="testOriginalPP[9: MM/dd/yy 01/11/12 en_GB]" classname="org.apache.commons.lang3.time.FastDateParserSDFTest" time="0"/>
  <testcase name="testOriginal[9: MM/dd/yy 01/11/12 en_GB]" classname="org.apache.commons.lang3.time.FastDateParserSDFTest" time="0"/>
  <testcase name="testLowerCasePP[10: HH 00 en_GB]" classname="org.apache.commons.lang3.time.FastDateParserSDFTest" time="0"/>
  <testcase name="testUpperCasePP[10: HH 00 en_GB]" classname="org.apache.commons.lang3.time.FastDateParserSDFTest" time="0"/>
  <testcase name="testLowerCase[10: HH 00 en_GB]" classname="org.apache.commons.lang3.time.FastDateParserSDFTest" time="0"/>
  <testcase name="testUpperCase[10: HH 00 en_GB]" classname="org.apache.commons.lang3.time.FastDateParserSDFTest" time="0"/>
  <testcase name="testOriginalPP[10: HH 00 en_GB]" classname="org.apache.commons.lang3.time.FastDateParserSDFTest" time="0"/>
  <testcase name="testOriginal[10: HH 00 en_GB]" classname="org.apache.commons.lang3.time.FastDateParserSDFTest" time="0"/>
  <testcase name="testLowerCasePP[11: KK 00 en_GB]" classname="org.apache.commons.lang3.time.FastDateParserSDFTest" time="0"/>
  <testcase name="testUpperCasePP[11: KK 00 en_GB]" classname="org.apache.commons.lang3.time.FastDateParserSDFTest" time="0"/>
  <testcase name="testLowerCase[11: KK 00 en_GB]" classname="org.apache.commons.lang3.time.FastDateParserSDFTest" time="0"/>
  <testcase name="testUpperCase[11: KK 00 en_GB]" classname="org.apache.commons.lang3.time.FastDateParserSDFTest" time="0"/>
  <testcase name="testOriginalPP[11: KK 00 en_GB]" classname="org.apache.commons.lang3.time.FastDateParserSDFTest" time="0"/>
  <testcase name="testOriginal[11: KK 00 en_GB]" classname="org.apache.commons.lang3.time.FastDateParserSDFTest" time="0"/>
  <testcase name="testLowerCasePP[12: hh 00 en_GB]" classname="org.apache.commons.lang3.time.FastDateParserSDFTest" time="0"/>
  <testcase name="testUpperCasePP[12: hh 00 en_GB]" classname="org.apache.commons.lang3.time.FastDateParserSDFTest" time="0"/>
  <testcase name="testLowerCase[12: hh 00 en_GB]" classname="org.apache.commons.lang3.time.FastDateParserSDFTest" time="0"/>
  <testcase name="testUpperCase[12: hh 00 en_GB]" classname="org.apache.commons.lang3.time.FastDateParserSDFTest" time="0"/>
  <testcase name="testOriginalPP[12: hh 00 en_GB]" classname="org.apache.commons.lang3.time.FastDateParserSDFTest" time="0"/>
  <testcase name="testOriginal[12: hh 00 en_GB]" classname="org.apache.commons.lang3.time.FastDateParserSDFTest" time="0"/>
  <testcase name="testLowerCasePP[13: kk 00 en_GB]" classname="org.apache.commons.lang3.time.FastDateParserSDFTest" time="0"/>
  <testcase name="testUpperCasePP[13: kk 00 en_GB]" classname="org.apache.commons.lang3.time.FastDateParserSDFTest" time="0"/>
  <testcase name="testLowerCase[13: kk 00 en_GB]" classname="org.apache.commons.lang3.time.FastDateParserSDFTest" time="0"/>
  <testcase name="testUpperCase[13: kk 00 en_GB]" classname="org.apache.commons.lang3.time.FastDateParserSDFTest" time="0"/>
  <testcase name="testOriginalPP[13: kk 00 en_GB]" classname="org.apache.commons.lang3.time.FastDateParserSDFTest" time="0"/>
  <testcase name="testOriginal[13: kk 00 en_GB]" classname="org.apache.commons.lang3.time.FastDateParserSDFTest" time="0"/>
  <testcase name="testLowerCasePP[14: HH 01 en_GB]" classname="org.apache.commons.lang3.time.FastDateParserSDFTest" time="0"/>
  <testcase name="testUpperCasePP[14: HH 01 en_GB]" classname="org.apache.commons.lang3.time.FastDateParserSDFTest" time="0"/>
  <testcase name="testLowerCase[14: HH 01 en_GB]" classname="org.apache.commons.lang3.time.FastDateParserSDFTest" time="0"/>
  <testcase name="testUpperCase[14: HH 01 en_GB]" classname="org.apache.commons.lang3.time.FastDateParserSDFTest" time="0"/>
  <testcase name="testOriginalPP[14: HH 01 en_GB]" classname="org.apache.commons.lang3.time.FastDateParserSDFTest" time="0"/>
  <testcase name="testOriginal[14: HH 01 en_GB]" classname="org.apache.commons.lang3.time.FastDateParserSDFTest" time="0"/>
  <testcase name="testLowerCasePP[15: KK 01 en_GB]" classname="org.apache.commons.lang3.time.FastDateParserSDFTest" time="0"/>
  <testcase name="testUpperCasePP[15: KK 01 en_GB]" classname="org.apache.commons.lang3.time.FastDateParserSDFTest" time="0"/>
  <testcase name="testLowerCase[15: KK 01 en_GB]" classname="org.apache.commons.lang3.time.FastDateParserSDFTest" time="0.003"/>
  <testcase name="testUpperCase[15: KK 01 en_GB]" classname="org.apache.commons.lang3.time.FastDateParserSDFTest" time="0.001"/>
  <testcase name="testOriginalPP[15: KK 01 en_GB]" classname="org.apache.commons.lang3.time.FastDateParserSDFTest" time="0"/>
  <testcase name="testOriginal[15: KK 01 en_GB]" classname="org.apache.commons.lang3.time.FastDateParserSDFTest" time="0"/>
  <testcase name="testLowerCasePP[16: hh 01 en_GB]" classname="org.apache.commons.lang3.time.FastDateParserSDFTest" time="0"/>
  <testcase name="testUpperCasePP[16: hh 01 en_GB]" classname="org.apache.commons.lang3.time.FastDateParserSDFTest" time="0"/>
  <testcase name="testLowerCase[16: hh 01 en_GB]" classname="org.apache.commons.lang3.time.FastDateParserSDFTest" time="0"/>
  <testcase name="testUpperCase[16: hh 01 en_GB]" classname="org.apache.commons.lang3.time.FastDateParserSDFTest" time="0"/>
  <testcase name="testOriginalPP[16: hh 01 en_GB]" classname="org.apache.commons.lang3.time.FastDateParserSDFTest" time="0"/>
  <testcase name="testOriginal[16: hh 01 en_GB]" classname="org.apache.commons.lang3.time.FastDateParserSDFTest" time="0"/>
  <testcase name="testLowerCasePP[17: kk 01 en_GB]" classname="org.apache.commons.lang3.time.FastDateParserSDFTest" time="0"/>
  <testcase name="testUpperCasePP[17: kk 01 en_GB]" classname="org.apache.commons.lang3.time.FastDateParserSDFTest" time="0"/>
  <testcase name="testLowerCase[17: kk 01 en_GB]" classname="org.apache.commons.lang3.time.FastDateParserSDFTest" time="0"/>
  <testcase name="testUpperCase[17: kk 01 en_GB]" classname="org.apache.commons.lang3.time.FastDateParserSDFTest" time="0"/>
  <testcase name="testOriginalPP[17: kk 01 en_GB]" classname="org.apache.commons.lang3.time.FastDateParserSDFTest" time="0"/>
  <testcase name="testOriginal[17: kk 01 en_GB]" classname="org.apache.commons.lang3.time.FastDateParserSDFTest" time="0"/>
  <testcase name="testLowerCasePP[18: HH 11 en_GB]" classname="org.apache.commons.lang3.time.FastDateParserSDFTest" time="0"/>
  <testcase name="testUpperCasePP[18: HH 11 en_GB]" classname="org.apache.commons.lang3.time.FastDateParserSDFTest" time="0"/>
  <testcase name="testLowerCase[18: HH 11 en_GB]" classname="org.apache.commons.lang3.time.FastDateParserSDFTest" time="0"/>
  <testcase name="testUpperCase[18: HH 11 en_GB]" classname="org.apache.commons.lang3.time.FastDateParserSDFTest" time="0"/>
  <testcase name="testOriginalPP[18: HH 11 en_GB]" classname="org.apache.commons.lang3.time.FastDateParserSDFTest" time="0"/>
  <testcase name="testOriginal[18: HH 11 en_GB]" classname="org.apache.commons.lang3.time.FastDateParserSDFTest" time="0"/>
  <testcase name="testLowerCasePP[19: KK 11 en_GB]" classname="org.apache.commons.lang3.time.FastDateParserSDFTest" time="0"/>
  <testcase name="testUpperCasePP[19: KK 11 en_GB]" classname="org.apache.commons.lang3.time.FastDateParserSDFTest" time="0"/>
  <testcase name="testLowerCase[19: KK 11 en_GB]" classname="org.apache.commons.lang3.time.FastDateParserSDFTest" time="0"/>
  <testcase name="testUpperCase[19: KK 11 en_GB]" classname="org.apache.commons.lang3.time.FastDateParserSDFTest" time="0"/>
  <testcase name="testOriginalPP[19: KK 11 en_GB]" classname="org.apache.commons.lang3.time.FastDateParserSDFTest" time="0"/>
  <testcase name="testOriginal[19: KK 11 en_GB]" classname="org.apache.commons.lang3.time.FastDateParserSDFTest" time="0"/>
  <testcase name="testLowerCasePP[20: hh 11 en_GB]" classname="org.apache.commons.lang3.time.FastDateParserSDFTest" time="0"/>
  <testcase name="testUpperCasePP[20: hh 11 en_GB]" classname="org.apache.commons.lang3.time.FastDateParserSDFTest" time="0"/>
  <testcase name="testLowerCase[20: hh 11 en_GB]" classname="org.apache.commons.lang3.time.FastDateParserSDFTest" time="0"/>
  <testcase name="testUpperCase[20: hh 11 en_GB]" classname="org.apache.commons.lang3.time.FastDateParserSDFTest" time="0"/>
  <testcase name="testOriginalPP[20: hh 11 en_GB]" classname="org.apache.commons.lang3.time.FastDateParserSDFTest" time="0"/>
  <testcase name="testOriginal[20: hh 11 en_GB]" classname="org.apache.commons.lang3.time.FastDateParserSDFTest" time="0"/>
  <testcase name="testLowerCasePP[21: kk 11 en_GB]" classname="org.apache.commons.lang3.time.FastDateParserSDFTest" time="0"/>
  <testcase name="testUpperCasePP[21: kk 11 en_GB]" classname="org.apache.commons.lang3.time.FastDateParserSDFTest" time="0"/>
  <testcase name="testLowerCase[21: kk 11 en_GB]" classname="org.apache.commons.lang3.time.FastDateParserSDFTest" time="0"/>
  <testcase name="testUpperCase[21: kk 11 en_GB]" classname="org.apache.commons.lang3.time.FastDateParserSDFTest" time="0"/>
  <testcase name="testOriginalPP[21: kk 11 en_GB]" classname="org.apache.commons.lang3.time.FastDateParserSDFTest" time="0"/>
  <testcase name="testOriginal[21: kk 11 en_GB]" classname="org.apache.commons.lang3.time.FastDateParserSDFTest" time="0"/>
  <testcase name="testLowerCasePP[22: HH 12 en_GB]" classname="org.apache.commons.lang3.time.FastDateParserSDFTest" time="0"/>
  <testcase name="testUpperCasePP[22: HH 12 en_GB]" classname="org.apache.commons.lang3.time.FastDateParserSDFTest" time="0"/>
  <testcase name="testLowerCase[22: HH 12 en_GB]" classname="org.apache.commons.lang3.time.FastDateParserSDFTest" time="0"/>
  <testcase name="testUpperCase[22: HH 12 en_GB]" classname="org.apache.commons.lang3.time.FastDateParserSDFTest" time="0"/>
  <testcase name="testOriginalPP[22: HH 12 en_GB]" classname="org.apache.commons.lang3.time.FastDateParserSDFTest" time="0"/>
  <testcase name="testOriginal[22: HH 12 en_GB]" classname="org.apache.commons.lang3.time.FastDateParserSDFTest" time="0"/>
  <testcase name="testLowerCasePP[23: KK 12 en_GB]" classname="org.apache.commons.lang3.time.FastDateParserSDFTest" time="0"/>
  <testcase name="testUpperCasePP[23: KK 12 en_GB]" classname="org.apache.commons.lang3.time.FastDateParserSDFTest" time="0"/>
  <testcase name="testLowerCase[23: KK 12 en_GB]" classname="org.apache.commons.lang3.time.FastDateParserSDFTest" time="0"/>
  <testcase name="testUpperCase[23: KK 12 en_GB]" classname="org.apache.commons.lang3.time.FastDateParserSDFTest" time="0"/>
  <testcase name="testOriginalPP[23: KK 12 en_GB]" classname="org.apache.commons.lang3.time.FastDateParserSDFTest" time="0"/>
  <testcase name="testOriginal[23: KK 12 en_GB]" classname="org.apache.commons.lang3.time.FastDateParserSDFTest" time="0"/>
  <testcase name="testLowerCasePP[24: hh 12 en_GB]" classname="org.apache.commons.lang3.time.FastDateParserSDFTest" time="0"/>
  <testcase name="testUpperCasePP[24: hh 12 en_GB]" classname="org.apache.commons.lang3.time.FastDateParserSDFTest" time="0"/>
  <testcase name="testLowerCase[24: hh 12 en_GB]" classname="org.apache.commons.lang3.time.FastDateParserSDFTest" time="0"/>
  <testcase name="testUpperCase[24: hh 12 en_GB]" classname="org.apache.commons.lang3.time.FastDateParserSDFTest" time="0"/>
  <testcase name="testOriginalPP[24: hh 12 en_GB]" classname="org.apache.commons.lang3.time.FastDateParserSDFTest" time="0"/>
  <testcase name="testOriginal[24: hh 12 en_GB]" classname="org.apache.commons.lang3.time.FastDateParserSDFTest" time="0"/>
  <testcase name="testLowerCasePP[25: kk 12 en_GB]" classname="org.apache.commons.lang3.time.FastDateParserSDFTest" time="0"/>
  <testcase name="testUpperCasePP[25: kk 12 en_GB]" classname="org.apache.commons.lang3.time.FastDateParserSDFTest" time="0"/>
  <testcase name="testLowerCase[25: kk 12 en_GB]" classname="org.apache.commons.lang3.time.FastDateParserSDFTest" time="0"/>
  <testcase name="testUpperCase[25: kk 12 en_GB]" classname="org.apache.commons.lang3.time.FastDateParserSDFTest" time="0"/>
  <testcase name="testOriginalPP[25: kk 12 en_GB]" classname="org.apache.commons.lang3.time.FastDateParserSDFTest" time="0"/>
  <testcase name="testOriginal[25: kk 12 en_GB]" classname="org.apache.commons.lang3.time.FastDateParserSDFTest" time="0"/>
  <testcase name="testLowerCasePP[26: HH 13 en_GB]" classname="org.apache.commons.lang3.time.FastDateParserSDFTest" time="0"/>
  <testcase name="testUpperCasePP[26: HH 13 en_GB]" classname="org.apache.commons.lang3.time.FastDateParserSDFTest" time="0"/>
  <testcase name="testLowerCase[26: HH 13 en_GB]" classname="org.apache.commons.lang3.time.FastDateParserSDFTest" time="0"/>
  <testcase name="testUpperCase[26: HH 13 en_GB]" classname="org.apache.commons.lang3.time.FastDateParserSDFTest" time="0"/>
  <testcase name="testOriginalPP[26: HH 13 en_GB]" classname="org.apache.commons.lang3.time.FastDateParserSDFTest" time="0"/>
  <testcase name="testOriginal[26: HH 13 en_GB]" classname="org.apache.commons.lang3.time.FastDateParserSDFTest" time="0"/>
  <testcase name="testLowerCasePP[27: KK 13 en_GB]" classname="org.apache.commons.lang3.time.FastDateParserSDFTest" time="0"/>
  <testcase name="testUpperCasePP[27: KK 13 en_GB]" classname="org.apache.commons.lang3.time.FastDateParserSDFTest" time="0"/>
  <testcase name="testLowerCase[27: KK 13 en_GB]" classname="org.apache.commons.lang3.time.FastDateParserSDFTest" time="0"/>
  <testcase name="testUpperCase[27: KK 13 en_GB]" classname="org.apache.commons.lang3.time.FastDateParserSDFTest" time="0"/>
  <testcase name="testOriginalPP[27: KK 13 en_GB]" classname="org.apache.commons.lang3.time.FastDateParserSDFTest" time="0"/>
  <testcase name="testOriginal[27: KK 13 en_GB]" classname="org.apache.commons.lang3.time.FastDateParserSDFTest" time="0"/>
  <testcase name="testLowerCasePP[28: hh 13 en_GB]" classname="org.apache.commons.lang3.time.FastDateParserSDFTest" time="0"/>
  <testcase name="testUpperCasePP[28: hh 13 en_GB]" classname="org.apache.commons.lang3.time.FastDateParserSDFTest" time="0"/>
  <testcase name="testLowerCase[28: hh 13 en_GB]" classname="org.apache.commons.lang3.time.FastDateParserSDFTest" time="0"/>
  <testcase name="testUpperCase[28: hh 13 en_GB]" classname="org.apache.commons.lang3.time.FastDateParserSDFTest" time="0"/>
  <testcase name="testOriginalPP[28: hh 13 en_GB]" classname="org.apache.commons.lang3.time.FastDateParserSDFTest" time="0"/>
  <testcase name="testOriginal[28: hh 13 en_GB]" classname="org.apache.commons.lang3.time.FastDateParserSDFTest" time="0"/>
  <testcase name="testLowerCasePP[29: kk 13 en_GB]" classname="org.apache.commons.lang3.time.FastDateParserSDFTest" time="0"/>
  <testcase name="testUpperCasePP[29: kk 13 en_GB]" classname="org.apache.commons.lang3.time.FastDateParserSDFTest" time="0"/>
  <testcase name="testLowerCase[29: kk 13 en_GB]" classname="org.apache.commons.lang3.time.FastDateParserSDFTest" time="0"/>
  <testcase name="testUpperCase[29: kk 13 en_GB]" classname="org.apache.commons.lang3.time.FastDateParserSDFTest" time="0"/>
  <testcase name="testOriginalPP[29: kk 13 en_GB]" classname="org.apache.commons.lang3.time.FastDateParserSDFTest" time="0"/>
  <testcase name="testOriginal[29: kk 13 en_GB]" classname="org.apache.commons.lang3.time.FastDateParserSDFTest" time="0"/>
  <testcase name="testLowerCasePP[30: HH 23 en_GB]" classname="org.apache.commons.lang3.time.FastDateParserSDFTest" time="0"/>
  <testcase name="testUpperCasePP[30: HH 23 en_GB]" classname="org.apache.commons.lang3.time.FastDateParserSDFTest" time="0"/>
  <testcase name="testLowerCase[30: HH 23 en_GB]" classname="org.apache.commons.lang3.time.FastDateParserSDFTest" time="0"/>
  <testcase name="testUpperCase[30: HH 23 en_GB]" classname="org.apache.commons.lang3.time.FastDateParserSDFTest" time="0"/>
  <testcase name="testOriginalPP[30: HH 23 en_GB]" classname="org.apache.commons.lang3.time.FastDateParserSDFTest" time="0"/>
  <testcase name="testOriginal[30: HH 23 en_GB]" classname="org.apache.commons.lang3.time.FastDateParserSDFTest" time="0"/>
  <testcase name="testLowerCasePP[31: KK 23 en_GB]" classname="org.apache.commons.lang3.time.FastDateParserSDFTest" time="0"/>
  <testcase name="testUpperCasePP[31: KK 23 en_GB]" classname="org.apache.commons.lang3.time.FastDateParserSDFTest" time="0"/>
  <testcase name="testLowerCase[31: KK 23 en_GB]" classname="org.apache.commons.lang3.time.FastDateParserSDFTest" time="0"/>
  <testcase name="testUpperCase[31: KK 23 en_GB]" classname="org.apache.commons.lang3.time.FastDateParserSDFTest" time="0"/>
  <testcase name="testOriginalPP[31: KK 23 en_GB]" classname="org.apache.commons.lang3.time.FastDateParserSDFTest" time="0"/>
  <testcase name="testOriginal[31: KK 23 en_GB]" classname="org.apache.commons.lang3.time.FastDateParserSDFTest" time="0"/>
  <testcase name="testLowerCasePP[32: hh 23 en_GB]" classname="org.apache.commons.lang3.time.FastDateParserSDFTest" time="0"/>
  <testcase name="testUpperCasePP[32: hh 23 en_GB]" classname="org.apache.commons.lang3.time.FastDateParserSDFTest" time="0"/>
  <testcase name="testLowerCase[32: hh 23 en_GB]" classname="org.apache.commons.lang3.time.FastDateParserSDFTest" time="0"/>
  <testcase name="testUpperCase[32: hh 23 en_GB]" classname="org.apache.commons.lang3.time.FastDateParserSDFTest" time="0"/>
  <testcase name="testOriginalPP[32: hh 23 en_GB]" classname="org.apache.commons.lang3.time.FastDateParserSDFTest" time="0"/>
  <testcase name="testOriginal[32: hh 23 en_GB]" classname="org.apache.commons.lang3.time.FastDateParserSDFTest" time="0"/>
  <testcase name="testLowerCasePP[33: kk 23 en_GB]" classname="org.apache.commons.lang3.time.FastDateParserSDFTest" time="0"/>
  <testcase name="testUpperCasePP[33: kk 23 en_GB]" classname="org.apache.commons.lang3.time.FastDateParserSDFTest" time="0"/>
  <testcase name="testLowerCase[33: kk 23 en_GB]" classname="org.apache.commons.lang3.time.FastDateParserSDFTest" time="0"/>
  <testcase name="testUpperCase[33: kk 23 en_GB]" classname="org.apache.commons.lang3.time.FastDateParserSDFTest" time="0"/>
  <testcase name="testOriginalPP[33: kk 23 en_GB]" classname="org.apache.commons.lang3.time.FastDateParserSDFTest" time="0"/>
  <testcase name="testOriginal[33: kk 23 en_GB]" classname="org.apache.commons.lang3.time.FastDateParserSDFTest" time="0"/>
  <testcase name="testLowerCasePP[34: HH 24 en_GB]" classname="org.apache.commons.lang3.time.FastDateParserSDFTest" time="0"/>
  <testcase name="testUpperCasePP[34: HH 24 en_GB]" classname="org.apache.commons.lang3.time.FastDateParserSDFTest" time="0"/>
  <testcase name="testLowerCase[34: HH 24 en_GB]" classname="org.apache.commons.lang3.time.FastDateParserSDFTest" time="0"/>
  <testcase name="testUpperCase[34: HH 24 en_GB]" classname="org.apache.commons.lang3.time.FastDateParserSDFTest" time="0"/>
  <testcase name="testOriginalPP[34: HH 24 en_GB]" classname="org.apache.commons.lang3.time.FastDateParserSDFTest" time="0"/>
  <testcase name="testOriginal[34: HH 24 en_GB]" classname="org.apache.commons.lang3.time.FastDateParserSDFTest" time="0"/>
  <testcase name="testLowerCasePP[35: KK 24 en_GB]" classname="org.apache.commons.lang3.time.FastDateParserSDFTest" time="0"/>
  <testcase name="testUpperCasePP[35: KK 24 en_GB]" classname="org.apache.commons.lang3.time.FastDateParserSDFTest" time="0"/>
  <testcase name="testLowerCase[35: KK 24 en_GB]" classname="org.apache.commons.lang3.time.FastDateParserSDFTest" time="0"/>
  <testcase name="testUpperCase[35: KK 24 en_GB]" classname="org.apache.commons.lang3.time.FastDateParserSDFTest" time="0"/>
  <testcase name="testOriginalPP[35: KK 24 en_GB]" classname="org.apache.commons.lang3.time.FastDateParserSDFTest" time="0"/>
  <testcase name="testOriginal[35: KK 24 en_GB]" classname="org.apache.commons.lang3.time.FastDateParserSDFTest" time="0"/>
  <testcase name="testLowerCasePP[36: hh 24 en_GB]" classname="org.apache.commons.lang3.time.FastDateParserSDFTest" time="0"/>
  <testcase name="testUpperCasePP[36: hh 24 en_GB]" classname="org.apache.commons.lang3.time.FastDateParserSDFTest" time="0"/>
  <testcase name="testLowerCase[36: hh 24 en_GB]" classname="org.apache.commons.lang3.time.FastDateParserSDFTest" time="0"/>
  <testcase name="testUpperCase[36: hh 24 en_GB]" classname="org.apache.commons.lang3.time.FastDateParserSDFTest" time="0"/>
  <testcase name="testOriginalPP[36: hh 24 en_GB]" classname="org.apache.commons.lang3.time.FastDateParserSDFTest" time="0"/>
  <testcase name="testOriginal[36: hh 24 en_GB]" classname="org.apache.commons.lang3.time.FastDateParserSDFTest" time="0"/>
  <testcase name="testLowerCasePP[37: kk 24 en_GB]" classname="org.apache.commons.lang3.time.FastDateParserSDFTest" time="0"/>
  <testcase name="testUpperCasePP[37: kk 24 en_GB]" classname="org.apache.commons.lang3.time.FastDateParserSDFTest" time="0"/>
  <testcase name="testLowerCase[37: kk 24 en_GB]" classname="org.apache.commons.lang3.time.FastDateParserSDFTest" time="0"/>
  <testcase name="testUpperCase[37: kk 24 en_GB]" classname="org.apache.commons.lang3.time.FastDateParserSDFTest" time="0"/>
  <testcase name="testOriginalPP[37: kk 24 en_GB]" classname="org.apache.commons.lang3.time.FastDateParserSDFTest" time="0"/>
  <testcase name="testOriginal[37: kk 24 en_GB]" classname="org.apache.commons.lang3.time.FastDateParserSDFTest" time="0"/>
  <testcase name="testLowerCasePP[38: HH 25 en_GB]" classname="org.apache.commons.lang3.time.FastDateParserSDFTest" time="0"/>
  <testcase name="testUpperCasePP[38: HH 25 en_GB]" classname="org.apache.commons.lang3.time.FastDateParserSDFTest" time="0"/>
  <testcase name="testLowerCase[38: HH 25 en_GB]" classname="org.apache.commons.lang3.time.FastDateParserSDFTest" time="0"/>
  <testcase name="testUpperCase[38: HH 25 en_GB]" classname="org.apache.commons.lang3.time.FastDateParserSDFTest" time="0"/>
  <testcase name="testOriginalPP[38: HH 25 en_GB]" classname="org.apache.commons.lang3.time.FastDateParserSDFTest" time="0"/>
  <testcase name="testOriginal[38: HH 25 en_GB]" classname="org.apache.commons.lang3.time.FastDateParserSDFTest" time="0"/>
  <testcase name="testLowerCasePP[39: KK 25 en_GB]" classname="org.apache.commons.lang3.time.FastDateParserSDFTest" time="0"/>
  <testcase name="testUpperCasePP[39: KK 25 en_GB]" classname="org.apache.commons.lang3.time.FastDateParserSDFTest" time="0"/>
  <testcase name="testLowerCase[39: KK 25 en_GB]" classname="org.apache.commons.lang3.time.FastDateParserSDFTest" time="0"/>
  <testcase name="testUpperCase[39: KK 25 en_GB]" classname="org.apache.commons.lang3.time.FastDateParserSDFTest" time="0"/>
  <testcase name="testOriginalPP[39: KK 25 en_GB]" classname="org.apache.commons.lang3.time.FastDateParserSDFTest" time="0"/>
  <testcase name="testOriginal[39: KK 25 en_GB]" classname="org.apache.commons.lang3.time.FastDateParserSDFTest" time="0"/>
  <testcase name="testLowerCasePP[40: hh 25 en_GB]" classname="org.apache.commons.lang3.time.FastDateParserSDFTest" time="0"/>
  <testcase name="testUpperCasePP[40: hh 25 en_GB]" classname="org.apache.commons.lang3.time.FastDateParserSDFTest" time="0"/>
  <testcase name="testLowerCase[40: hh 25 en_GB]" classname="org.apache.commons.lang3.time.FastDateParserSDFTest" time="0.001"/>
  <testcase name="testUpperCase[40: hh 25 en_GB]" classname="org.apache.commons.lang3.time.FastDateParserSDFTest" time="0"/>
  <testcase name="testOriginalPP[40: hh 25 en_GB]" classname="org.apache.commons.lang3.time.FastDateParserSDFTest" time="0"/>
  <testcase name="testOriginal[40: hh 25 en_GB]" classname="org.apache.commons.lang3.time.FastDateParserSDFTest" time="0"/>
  <testcase name="testLowerCasePP[41: kk 25 en_GB]" classname="org.apache.commons.lang3.time.FastDateParserSDFTest" time="0"/>
  <testcase name="testUpperCasePP[41: kk 25 en_GB]" classname="org.apache.commons.lang3.time.FastDateParserSDFTest" time="0"/>
  <testcase name="testLowerCase[41: kk 25 en_GB]" classname="org.apache.commons.lang3.time.FastDateParserSDFTest" time="0"/>
  <testcase name="testUpperCase[41: kk 25 en_GB]" classname="org.apache.commons.lang3.time.FastDateParserSDFTest" time="0"/>
  <testcase name="testOriginalPP[41: kk 25 en_GB]" classname="org.apache.commons.lang3.time.FastDateParserSDFTest" time="0"/>
  <testcase name="testOriginal[41: kk 25 en_GB]" classname="org.apache.commons.lang3.time.FastDateParserSDFTest" time="0"/>
  <testcase name="testLowerCasePP[42: HH 48 en_GB]" classname="org.apache.commons.lang3.time.FastDateParserSDFTest" time="0"/>
  <testcase name="testUpperCasePP[42: HH 48 en_GB]" classname="org.apache.commons.lang3.time.FastDateParserSDFTest" time="0"/>
  <testcase name="testLowerCase[42: HH 48 en_GB]" classname="org.apache.commons.lang3.time.FastDateParserSDFTest" time="0"/>
  <testcase name="testUpperCase[42: HH 48 en_GB]" classname="org.apache.commons.lang3.time.FastDateParserSDFTest" time="0"/>
  <testcase name="testOriginalPP[42: HH 48 en_GB]" classname="org.apache.commons.lang3.time.FastDateParserSDFTest" time="0"/>
  <testcase name="testOriginal[42: HH 48 en_GB]" classname="org.apache.commons.lang3.time.FastDateParserSDFTest" time="0"/>
  <testcase name="testLowerCasePP[43: KK 48 en_GB]" classname="org.apache.commons.lang3.time.FastDateParserSDFTest" time="0"/>
  <testcase name="testUpperCasePP[43: KK 48 en_GB]" classname="org.apache.commons.lang3.time.FastDateParserSDFTest" time="0"/>
  <testcase name="testLowerCase[43: KK 48 en_GB]" classname="org.apache.commons.lang3.time.FastDateParserSDFTest" time="0"/>
  <testcase name="testUpperCase[43: KK 48 en_GB]" classname="org.apache.commons.lang3.time.FastDateParserSDFTest" time="0"/>
  <testcase name="testOriginalPP[43: KK 48 en_GB]" classname="org.apache.commons.lang3.time.FastDateParserSDFTest" time="0"/>
  <testcase name="testOriginal[43: KK 48 en_GB]" classname="org.apache.commons.lang3.time.FastDateParserSDFTest" time="0.012"/>
  <testcase name="testLowerCasePP[44: hh 48 en_GB]" classname="org.apache.commons.lang3.time.FastDateParserSDFTest" time="0"/>
  <testcase name="testUpperCasePP[44: hh 48 en_GB]" classname="org.apache.commons.lang3.time.FastDateParserSDFTest" time="0"/>
  <testcase name="testLowerCase[44: hh 48 en_GB]" classname="org.apache.commons.lang3.time.FastDateParserSDFTest" time="0"/>
  <testcase name="testUpperCase[44: hh 48 en_GB]" classname="org.apache.commons.lang3.time.FastDateParserSDFTest" time="0"/>
  <testcase name="testOriginalPP[44: hh 48 en_GB]" classname="org.apache.commons.lang3.time.FastDateParserSDFTest" time="0"/>
  <testcase name="testOriginal[44: hh 48 en_GB]" classname="org.apache.commons.lang3.time.FastDateParserSDFTest" time="0"/>
  <testcase name="testLowerCasePP[45: kk 48 en_GB]" classname="org.apache.commons.lang3.time.FastDateParserSDFTest" time="0"/>
  <testcase name="testUpperCasePP[45: kk 48 en_GB]" classname="org.apache.commons.lang3.time.FastDateParserSDFTest" time="0"/>
  <testcase name="testLowerCase[45: kk 48 en_GB]" classname="org.apache.commons.lang3.time.FastDateParserSDFTest" time="0"/>
  <testcase name="testUpperCase[45: kk 48 en_GB]" classname="org.apache.commons.lang3.time.FastDateParserSDFTest" time="0"/>
  <testcase name="testOriginalPP[45: kk 48 en_GB]" classname="org.apache.commons.lang3.time.FastDateParserSDFTest" time="0"/>
  <testcase name="testOriginal[45: kk 48 en_GB]" classname="org.apache.commons.lang3.time.FastDateParserSDFTest" time="0"/>
</testsuite>