<?xml version="1.0" encoding="UTF-8" ?>
<testsuite tests="28" failures="1" name="org.apache.commons.io.FileSystemUtilsTestCase" time="0.318" errors="0" skipped="0">
  <properties>
    <property name="java.runtime.name" value="OpenJDK Runtime Environment"/>
    <property name="sun.boot.library.path" value="/usr/local/openjdk-8/jre/lib/amd64"/>
    <property name="java.vm.version" value="25.262-b10"/>
    <property name="java.vm.vendor" value="Oracle Corporation"/>
    <property name="java.vendor.url" value="http://java.oracle.com/"/>
    <property name="path.separator" value=":"/>
    <property name="java.vm.name" value="OpenJDK 64-Bit Server VM"/>
    <property name="file.encoding.pkg" value="sun.io"/>
    <property name="sun.java.launcher" value="SUN_STANDARD"/>
    <property name="sun.os.patch.level" value="unknown"/>
    <property name="java.vm.specification.name" value="Java Virtual Machine Specification"/>
    <property name="user.dir" value="/tmp/tmpj0zsb37c/commons-io"/>
    <property name="java.runtime.version" value="1.8.0_262-b10"/>
    <property name="java.awt.graphicsenv" value="sun.awt.X11GraphicsEnvironment"/>
    <property name="basedir" value="/tmp/tmpj0zsb37c/commons-io"/>
    <property name="java.endorsed.dirs" value="/usr/local/openjdk-8/jre/lib/endorsed"/>
    <property name="os.arch" value="amd64"/>
    <property name="java.io.tmpdir" value="/tmp"/>
    <property name="line.separator" value="
"/>
    <property name="java.vm.specification.vendor" value="Oracle Corporation"/>
    <property name="os.name" value="Linux"/>
    <property name="sun.jnu.encoding" value="UTF-8"/>
    <property name="java.library.path" value="/usr/java/packages/lib/amd64:/usr/lib64:/lib64:/lib:/usr/lib"/>
    <property name="java.specification.name" value="Java Platform API Specification"/>
    <property name="java.class.version" value="52.0"/>
    <property name="sun.management.compiler" value="HotSpot 64-Bit Tiered Compilers"/>
    <property name="os.version" value="4.15.0-109-generic"/>
    <property name="user.home" value="/home/jdbl"/>
    <property name="user.timezone" value=""/>
    <property name="java.awt.printerjob" value="sun.print.PSPrinterJob"/>
    <property name="file.encoding" value="UTF-8"/>
    <property name="java.specification.version" value="1.8"/>
    <property name="user.name" value="jdbl"/>
    <property name="java.class.path" value="/tmp/surefirebooter956235404010236455.jar"/>
    <property name="java.vm.specification.version" value="1.8"/>
    <property name="sun.arch.data.model" value="64"/>
    <property name="java.home" value="/usr/local/openjdk-8/jre"/>
    <property name="sun.java.command" value="/tmp/surefirebooter956235404010236455.jar /tmp/surefire7233528299100408214tmp /tmp/surefire70013983140229280tmp"/>
    <property name="java.specification.vendor" value="Oracle Corporation"/>
    <property name="user.language" value="en"/>
    <property name="awt.toolkit" value="sun.awt.X11.XToolkit"/>
    <property name="java.vm.info" value="mixed mode"/>
    <property name="java.version" value="1.8.0_262"/>
    <property name="java.ext.dirs" value="/usr/local/openjdk-8/jre/lib/ext:/usr/java/packages/lib/ext"/>
    <property name="sun.boot.class.path" value="/usr/local/openjdk-8/jre/lib/resources.jar:/usr/local/openjdk-8/jre/lib/rt.jar:/usr/local/openjdk-8/jre/lib/sunrsasign.jar:/usr/local/openjdk-8/jre/lib/jsse.jar:/usr/local/openjdk-8/jre/lib/jce.jar:/usr/local/openjdk-8/jre/lib/charsets.jar:/usr/local/openjdk-8/jre/lib/jfr.jar:/usr/local/openjdk-8/jre/classes"/>
    <property name="java.vendor" value="Oracle Corporation"/>
    <property name="localRepository" value="/home/jdbl/.m2/repository"/>
    <property name="file.separator" value="/"/>
    <property name="java.vendor.url.bug" value="http://bugreport.sun.com/bugreport/"/>
    <property name="sun.cpu.endian" value="little"/>
    <property name="sun.io.unicode.encoding" value="UnicodeLittle"/>
    <property name="sun.cpu.isalist" value=""/>
  </properties>
  <testcase classname="org.apache.commons.io.FileSystemUtilsTestCase" name="testGetFreeSpace_String" time="0.226">
    <failure message="expected:&lt;2.34554844E8&gt; but was:&lt;2.34554508E8&gt;" type="junit.framework.AssertionFailedError">junit.framework.AssertionFailedError: expected:&lt;2.34554844E8&gt; but was:&lt;2.34554508E8&gt;
	at junit.framework.Assert.fail(Assert.java:47)
	at junit.framework.Assert.failNotEquals(Assert.java:283)
	at junit.framework.Assert.assertEquals(Assert.java:98)
	at junit.framework.Assert.assertEquals(Assert.java:105)
	at org.apache.commons.io.FileSystemUtilsTestCase.testGetFreeSpace_String(FileSystemUtilsTestCase.java:84)
	at sun.reflect.NativeMethodAccessorImpl.invoke0(Native Method)
	at sun.reflect.NativeMethodAccessorImpl.invoke(NativeMethodAccessorImpl.java:62)
	at sun.reflect.DelegatingMethodAccessorImpl.invoke(DelegatingMethodAccessorImpl.java:43)
	at java.lang.reflect.Method.invoke(Method.java:498)
	at junit.framework.TestCase.runTest(TestCase.java:168)
	at junit.framework.TestCase.runBare(TestCase.java:134)
	at junit.framework.TestResult$1.protect(TestResult.java:110)
	at junit.framework.TestResult.runProtected(TestResult.java:128)
	at junit.framework.TestResult.run(TestResult.java:113)
	at junit.framework.TestCase.run(TestCase.java:124)
	at junit.framework.TestSuite.runTest(TestSuite.java:243)
	at junit.framework.TestSuite.run(TestSuite.java:238)
	at org.junit.internal.runners.JUnit38ClassRunner.run(JUnit38ClassRunner.java:83)
	at org.apache.maven.surefire.junit4.JUnit4TestSet.execute(JUnit4TestSet.java:59)
	at org.apache.maven.surefire.suite.AbstractDirectoryTestSuite.executeTestSet(AbstractDirectoryTestSuite.java:115)
	at org.apache.maven.surefire.suite.AbstractDirectoryTestSuite.execute(AbstractDirectoryTestSuite.java:140)
	at org.apache.maven.surefire.Surefire.run(Surefire.java:109)
	at sun.reflect.NativeMethodAccessorImpl.invoke0(Native Method)
	at sun.reflect.NativeMethodAccessorImpl.invoke(NativeMethodAccessorImpl.java:62)
	at sun.reflect.DelegatingMethodAccessorImpl.invoke(DelegatingMethodAccessorImpl.java:43)
	at java.lang.reflect.Method.invoke(Method.java:498)
	at org.apache.maven.surefire.booter.SurefireBooter.runSuitesInProcess(SurefireBooter.java:290)
	at org.apache.maven.surefire.booter.SurefireBooter.main(SurefireBooter.java:1017)
</failure>
  </testcase>
  <testcase classname="org.apache.commons.io.FileSystemUtilsTestCase" name="testGetFreeSpaceOS_String_NullPath" time="0.001"/>
  <testcase classname="org.apache.commons.io.FileSystemUtilsTestCase" name="testGetFreeSpaceOS_String_InitError" time="0"/>
  <testcase classname="org.apache.commons.io.FileSystemUtilsTestCase" name="testGetFreeSpaceOS_String_Other" time="0"/>
  <testcase classname="org.apache.commons.io.FileSystemUtilsTestCase" name="testGetFreeSpaceOS_String_Windows" time="0"/>
  <testcase classname="org.apache.commons.io.FileSystemUtilsTestCase" name="testGetFreeSpaceOS_String_Unix" time="0"/>
  <testcase classname="org.apache.commons.io.FileSystemUtilsTestCase" name="testGetFreeSpaceWindows_String_ParseCommaFormatBytes" time="0.002"/>
  <testcase classname="org.apache.commons.io.FileSystemUtilsTestCase" name="testGetFreeSpaceWindows_String_EmptyPath" time="0"/>
  <testcase classname="org.apache.commons.io.FileSystemUtilsTestCase" name="testGetFreeSpaceWindows_String_NormalResponse" time="0"/>
  <testcase classname="org.apache.commons.io.FileSystemUtilsTestCase" name="testGetFreeSpaceWindows_String_StripDrive" time="0.001"/>
  <testcase classname="org.apache.commons.io.FileSystemUtilsTestCase" name="testGetFreeSpaceWindows_String_quoted" time="0"/>
  <testcase classname="org.apache.commons.io.FileSystemUtilsTestCase" name="testGetFreeSpaceWindows_String_EmptyResponse" time="0"/>
  <testcase classname="org.apache.commons.io.FileSystemUtilsTestCase" name="testGetFreeSpaceWindows_String_EmptyMultiLineResponse" time="0"/>
  <testcase classname="org.apache.commons.io.FileSystemUtilsTestCase" name="testGetFreeSpaceWindows_String_InvalidTextResponse" time="0"/>
  <testcase classname="org.apache.commons.io.FileSystemUtilsTestCase" name="testGetFreeSpaceWindows_String_NoSuchDirectoryResponse" time="0"/>
  <testcase classname="org.apache.commons.io.FileSystemUtilsTestCase" name="testGetFreeSpaceUnix_String_EmptyPath" time="0"/>
  <testcase classname="org.apache.commons.io.FileSystemUtilsTestCase" name="testGetFreeSpaceUnix_String_NormalResponseLinux" time="0"/>
  <testcase classname="org.apache.commons.io.FileSystemUtilsTestCase" name="testGetFreeSpaceUnix_String_NormalResponseFreeBSD" time="0.001"/>
  <testcase classname="org.apache.commons.io.FileSystemUtilsTestCase" name="testGetFreeSpaceUnix_String_NormalResponseKbLinux" time="0"/>
  <testcase classname="org.apache.commons.io.FileSystemUtilsTestCase" name="testGetFreeSpaceUnix_String_NormalResponseKbFreeBSD" time="0.005"/>
  <testcase classname="org.apache.commons.io.FileSystemUtilsTestCase" name="testGetFreeSpaceUnix_String_NormalResponseKbSolaris" time="0"/>
  <testcase classname="org.apache.commons.io.FileSystemUtilsTestCase" name="testGetFreeSpaceUnix_String_LongResponse" time="0"/>
  <testcase classname="org.apache.commons.io.FileSystemUtilsTestCase" name="testGetFreeSpaceUnix_String_LongResponseKb" time="0.001"/>
  <testcase classname="org.apache.commons.io.FileSystemUtilsTestCase" name="testGetFreeSpaceUnix_String_EmptyResponse" time="0"/>
  <testcase classname="org.apache.commons.io.FileSystemUtilsTestCase" name="testGetFreeSpaceUnix_String_InvalidResponse1" time="0.001"/>
  <testcase classname="org.apache.commons.io.FileSystemUtilsTestCase" name="testGetFreeSpaceUnix_String_InvalidResponse2" time="0.001"/>
  <testcase classname="org.apache.commons.io.FileSystemUtilsTestCase" name="testGetFreeSpaceUnix_String_InvalidResponse3" time="0"/>
  <testcase classname="org.apache.commons.io.FileSystemUtilsTestCase" name="testGetFreeSpaceUnix_String_InvalidResponse4" time="0"/>
</testsuite>