<?xml version="1.0" encoding="UTF-8"?>
<testsuite xmlns:xsi="http://www.w3.org/2001/XMLSchema-instance" xsi:schemaLocation="https://maven.apache.org/surefire/maven-surefire-plugin/xsd/surefire-test-report.xsd" name="com.github.horrorho.liquiddonkey.settings.commandline.CommandLinePropertiesFactoryTest" time="0.566" tests="64" errors="0" skipped="0" failures="0">
  <properties>
    <property name="java.runtime.name" value="OpenJDK Runtime Environment"/>
    <property name="sun.boot.library.path" value="/usr/local/openjdk-8/jre/lib/amd64"/>
    <property name="java.vm.version" value="25.262-b10"/>
    <property name="animal.sniffer.skip" value="true"/>
    <property name="java.vm.vendor" value="Oracle Corporation"/>
    <property name="maven.multiModuleProjectDirectory" value="/tmp/tmpt7th1ep2/LiquidDonkey"/>
    <property name="maven.javadoc.skip" value="true"/>
    <property name="java.vendor.url" value="http://java.oracle.com/"/>
    <property name="path.separator" value=":"/>
    <property name="guice.disable.misplaced.annotation.check" value="true"/>
    <property name="java.vm.name" value="OpenJDK 64-Bit Server VM"/>
    <property name="file.encoding.pkg" value="sun.io"/>
    <property name="sun.java.launcher" value="SUN_STANDARD"/>
    <property name="sun.os.patch.level" value="unknown"/>
    <property name="source.skip" value="true"/>
    <property name="java.vm.specification.name" value="Java Virtual Machine Specification"/>
    <property name="user.dir" value="/tmp/tmpt7th1ep2/LiquidDonkey"/>
    <property name="java.runtime.version" value="1.8.0_262-b10"/>
    <property name="java.awt.graphicsenv" value="sun.awt.X11GraphicsEnvironment"/>
    <property name="java.endorsed.dirs" value="/usr/local/openjdk-8/jre/lib/endorsed"/>
    <property name="os.arch" value="amd64"/>
    <property name="java.io.tmpdir" value="/tmp"/>
    <property name="line.separator" value="&#10;"/>
    <property name="java.vm.specification.vendor" value="Oracle Corporation"/>
    <property name="os.name" value="Linux"/>
    <property name="classworlds.conf" value="/usr/share/maven/bin/m2.conf"/>
    <property name="sun.jnu.encoding" value="UTF-8"/>
    <property name="java.library.path" value="/usr/java/packages/lib/amd64:/usr/lib64:/lib64:/lib:/usr/lib"/>
    <property name="license.skip" value="true"/>
    <property name="maven.conf" value="/usr/share/maven/conf"/>
    <property name="java.specification.name" value="Java Platform API Specification"/>
    <property name="java.class.version" value="52.0"/>
    <property name="sun.management.compiler" value="HotSpot 64-Bit Tiered Compilers"/>
    <property name="maven.test.failure.ignore" value="true"/>
    <property name="os.version" value="4.15.0-109-generic"/>
    <property name="library.jansi.path" value="/usr/share/maven/lib/jansi-native"/>
    <property name="user.home" value="/home/jdbl"/>
    <property name="user.timezone" value="Etc/UTC"/>
    <property name="java.awt.printerjob" value="sun.print.PSPrinterJob"/>
    <property name="java.specification.version" value="1.8"/>
    <property name="file.encoding" value="UTF-8"/>
    <property name="user.name" value="jdbl"/>
    <property name="java.class.path" value="/usr/share/maven/boot/plexus-classworlds-2.6.0.jar"/>
    <property name="java.vm.specification.version" value="1.8"/>
    <property name="sun.arch.data.model" value="64"/>
    <property name="java.home" value="/usr/local/openjdk-8/jre"/>
    <property name="sun.java.command" value="org.codehaus.plexus.classworlds.launcher.Launcher test -e --fail-never -ntp -Dmaven.test.failure.ignore=true -B -Dmaven.javadoc.skip=true -Drat.skip=true -Danimal.sniffer.skip=true -Dmaven.javadoc.skip=true -Dlicense.skip=true -Dsource.skip=true"/>
    <property name="java.specification.vendor" value="Oracle Corporation"/>
    <property name="user.language" value="en"/>
    <property name="awt.toolkit" value="sun.awt.X11.XToolkit"/>
    <property name="java.vm.info" value="mixed mode"/>
    <property name="java.version" value="1.8.0_262"/>
    <property name="java.ext.dirs" value="/usr/local/openjdk-8/jre/lib/ext:/usr/java/packages/lib/ext"/>
    <property name="securerandom.source" value="file:/dev/./urandom"/>
    <property name="sun.boot.class.path" value="/usr/local/openjdk-8/jre/lib/resources.jar:/usr/local/openjdk-8/jre/lib/rt.jar:/usr/local/openjdk-8/jre/lib/sunrsasign.jar:/usr/local/openjdk-8/jre/lib/jsse.jar:/usr/local/openjdk-8/jre/lib/jce.jar:/usr/local/openjdk-8/jre/lib/charsets.jar:/usr/local/openjdk-8/jre/lib/jfr.jar:/usr/local/openjdk-8/jre/classes"/>
    <property name="java.vendor" value="Oracle Corporation"/>
    <property name="rat.skip" value="true"/>
    <property name="maven.home" value="/usr/share/maven"/>
    <property name="file.separator" value="/"/>
    <property name="java.vendor.url.bug" value="http://bugreport.sun.com/bugreport/"/>
    <property name="sun.cpu.endian" value="little"/>
    <property name="sun.io.unicode.encoding" value="UnicodeLittle"/>
    <property name="sun.cpu.isalist" value=""/>
  </properties>
  <testcase name="[0] AUTHENTICATION_TOKEN, token, token (testCommandLine)" classname="com.github.horrorho.liquiddonkey.settings.commandline.CommandLinePropertiesFactoryTest" time="0"/>
  <testcase name="[1] AUTHENTICATION_APPLEID, username password, username (testCommandLine)" classname="com.github.horrorho.liquiddonkey.settings.commandline.CommandLinePropertiesFactoryTest" time="0"/>
  <testcase name="[2] AUTHENTICATION_PASSWORD, username password, password (testCommandLine)" classname="com.github.horrorho.liquiddonkey.settings.commandline.CommandLinePropertiesFactoryTest" time="0"/>
  <testcase name="[3] ENGINE_DUMP_TOKEN, username password, null (testCommandLine)" classname="com.github.horrorho.liquiddonkey.settings.commandline.CommandLinePropertiesFactoryTest" time="0"/>
  <testcase name="[4] ENGINE_DUMP_TOKEN, username password --token, true (testCommandLine)" classname="com.github.horrorho.liquiddonkey.settings.commandline.CommandLinePropertiesFactoryTest" time="0"/>
  <testcase name="[5] ENGINE_AGGRESSIVE, u p, null (testCommandLine)" classname="com.github.horrorho.liquiddonkey.settings.commandline.CommandLinePropertiesFactoryTest" time="0"/>
  <testcase name="[6] ENGINE_AGGRESSIVE, u p -a, true (testCommandLine)" classname="com.github.horrorho.liquiddonkey.settings.commandline.CommandLinePropertiesFactoryTest" time="0"/>
  <testcase name="[7] ENGINE_AGGRESSIVE, u p --aggressive, true (testCommandLine)" classname="com.github.horrorho.liquiddonkey.settings.commandline.CommandLinePropertiesFactoryTest" time="0"/>
  <testcase name="[8] ENGINE_PERSISTENT, u p, null (testCommandLine)" classname="com.github.horrorho.liquiddonkey.settings.commandline.CommandLinePropertiesFactoryTest" time="0"/>
  <testcase name="[9] ENGINE_PERSISTENT, u p -p, true (testCommandLine)" classname="com.github.horrorho.liquiddonkey.settings.commandline.CommandLinePropertiesFactoryTest" time="0"/>
  <testcase name="[10] ENGINE_PERSISTENT, u p --persistent, true (testCommandLine)" classname="com.github.horrorho.liquiddonkey.settings.commandline.CommandLinePropertiesFactoryTest" time="0.012"/>
  <testcase name="[11] DEBUG_PRINT_STACK_TRACE, u p, null (testCommandLine)" classname="com.github.horrorho.liquiddonkey.settings.commandline.CommandLinePropertiesFactoryTest" time="0"/>
  <testcase name="[12] DEBUG_PRINT_STACK_TRACE, u p -x, true (testCommandLine)" classname="com.github.horrorho.liquiddonkey.settings.commandline.CommandLinePropertiesFactoryTest" time="0"/>
  <testcase name="[13] DEBUG_PRINT_STACK_TRACE, u p --stack-trace, true (testCommandLine)" classname="com.github.horrorho.liquiddonkey.settings.commandline.CommandLinePropertiesFactoryTest" time="0.001"/>
  <testcase name="[14] DEBUG_REPORT, u p, null (testCommandLine)" classname="com.github.horrorho.liquiddonkey.settings.commandline.CommandLinePropertiesFactoryTest" time="0.001"/>
  <testcase name="[15] DEBUG_REPORT, u p --report, true (testCommandLine)" classname="com.github.horrorho.liquiddonkey.settings.commandline.CommandLinePropertiesFactoryTest" time="0.001"/>
  <testcase name="[16] DEBUG_REPORT, u p -w, true (testCommandLine)" classname="com.github.horrorho.liquiddonkey.settings.commandline.CommandLinePropertiesFactoryTest" time="0.001"/>
  <testcase name="[17] ENGINE_THREAD_COUNT, u p, null (testCommandLine)" classname="com.github.horrorho.liquiddonkey.settings.commandline.CommandLinePropertiesFactoryTest" time="0"/>
  <testcase name="[18] ENGINE_THREAD_COUNT, u p -t 4, 4 (testCommandLine)" classname="com.github.horrorho.liquiddonkey.settings.commandline.CommandLinePropertiesFactoryTest" time="0"/>
  <testcase name="[19] ENGINE_THREAD_COUNT, u p --threads 4, 4 (testCommandLine)" classname="com.github.horrorho.liquiddonkey.settings.commandline.CommandLinePropertiesFactoryTest" time="0"/>
  <testcase name="[20] FILE_COMBINED, u p, null (testCommandLine)" classname="com.github.horrorho.liquiddonkey.settings.commandline.CommandLinePropertiesFactoryTest" time="0"/>
  <testcase name="[21] FILE_COMBINED, u p -c, true (testCommandLine)" classname="com.github.horrorho.liquiddonkey.settings.commandline.CommandLinePropertiesFactoryTest" time="0"/>
  <testcase name="[22] FILE_COMBINED, u p --combined, true (testCommandLine)" classname="com.github.horrorho.liquiddonkey.settings.commandline.CommandLinePropertiesFactoryTest" time="0"/>
  <testcase name="[23] ENGINE_FORCE_OVERWRITE, u p, null (testCommandLine)" classname="com.github.horrorho.liquiddonkey.settings.commandline.CommandLinePropertiesFactoryTest" time="0.001"/>
  <testcase name="[24] ENGINE_FORCE_OVERWRITE, u p -f, true (testCommandLine)" classname="com.github.horrorho.liquiddonkey.settings.commandline.CommandLinePropertiesFactoryTest" time="0.001"/>
  <testcase name="[25] ENGINE_FORCE_OVERWRITE, u p --force, true (testCommandLine)" classname="com.github.horrorho.liquiddonkey.settings.commandline.CommandLinePropertiesFactoryTest" time="0"/>
  <testcase name="[26] FILE_OUTPUT_DIRECTORY, u p, null (testCommandLine)" classname="com.github.horrorho.liquiddonkey.settings.commandline.CommandLinePropertiesFactoryTest" time="0.001"/>
  <testcase name="[27] FILE_OUTPUT_DIRECTORY, u p -o test/folder, test/folder (testCommandLine)" classname="com.github.horrorho.liquiddonkey.settings.commandline.CommandLinePropertiesFactoryTest" time="0.001"/>
  <testcase name="[28] FILE_OUTPUT_DIRECTORY, u p --output test/folder, test/folder (testCommandLine)" classname="com.github.horrorho.liquiddonkey.settings.commandline.CommandLinePropertiesFactoryTest" time="0"/>
  <testcase name="[29] FILTER_DATE_MAX, u p, null (testCommandLine)" classname="com.github.horrorho.liquiddonkey.settings.commandline.CommandLinePropertiesFactoryTest" time="0.007"/>
  <testcase name="[30] FILTER_DATE_MAX, u p --max-date 9999-09-09, 9999-09-09 (testCommandLine)" classname="com.github.horrorho.liquiddonkey.settings.commandline.CommandLinePropertiesFactoryTest" time="0"/>
  <testcase name="[31] FILTER_DATE_MIN, u p, null (testCommandLine)" classname="com.github.horrorho.liquiddonkey.settings.commandline.CommandLinePropertiesFactoryTest" time="0.001"/>
  <testcase name="[32] FILTER_DATE_MIN, u p --min-date 1111-11-11, 1111-11-11 (testCommandLine)" classname="com.github.horrorho.liquiddonkey.settings.commandline.CommandLinePropertiesFactoryTest" time="0"/>
  <testcase name="[33] FILTER_DOMAIN, u p, null (testCommandLine)" classname="com.github.horrorho.liquiddonkey.settings.commandline.CommandLinePropertiesFactoryTest" time="0"/>
  <testcase name="[34] FILTER_DOMAIN, u p -d one, one (testCommandLine)" classname="com.github.horrorho.liquiddonkey.settings.commandline.CommandLinePropertiesFactoryTest" time="0"/>
  <testcase name="[35] FILTER_DOMAIN, u p -d one two, one two (testCommandLine)" classname="com.github.horrorho.liquiddonkey.settings.commandline.CommandLinePropertiesFactoryTest" time="0"/>
  <testcase name="[36] FILTER_DOMAIN, u p --domain one two three, one two three (testCommandLine)" classname="com.github.horrorho.liquiddonkey.settings.commandline.CommandLinePropertiesFactoryTest" time="0.001"/>
  <testcase name="[37] FILTER_EXTENSION, u p, null (testCommandLine)" classname="com.github.horrorho.liquiddonkey.settings.commandline.CommandLinePropertiesFactoryTest" time="0.001"/>
  <testcase name="[38] FILTER_EXTENSION, u p -e .one, .one (testCommandLine)" classname="com.github.horrorho.liquiddonkey.settings.commandline.CommandLinePropertiesFactoryTest" time="0"/>
  <testcase name="[39] FILTER_EXTENSION, u p -e one .two, one .two (testCommandLine)" classname="com.github.horrorho.liquiddonkey.settings.commandline.CommandLinePropertiesFactoryTest" time="0"/>
  <testcase name="[40] FILTER_EXTENSION, u p --extension one two three, one two three (testCommandLine)" classname="com.github.horrorho.liquiddonkey.settings.commandline.CommandLinePropertiesFactoryTest" time="0"/>
  <testcase name="[41] FILTER_ITEM_TYPES, u p, null (testCommandLine)" classname="com.github.horrorho.liquiddonkey.settings.commandline.CommandLinePropertiesFactoryTest" time="0"/>
  <testcase name="[42] FILTER_ITEM_TYPES, u p --item-types one, one (testCommandLine)" classname="com.github.horrorho.liquiddonkey.settings.commandline.CommandLinePropertiesFactoryTest" time="0"/>
  <testcase name="[43] FILTER_ITEM_TYPES, u p --item-types one two, one two (testCommandLine)" classname="com.github.horrorho.liquiddonkey.settings.commandline.CommandLinePropertiesFactoryTest" time="0"/>
  <testcase name="[44] FILTER_ITEM_TYPES, u p --item-types one two three, one two three (testCommandLine)" classname="com.github.horrorho.liquiddonkey.settings.commandline.CommandLinePropertiesFactoryTest" time="0"/>
  <testcase name="[45] FILTER_RELATIVE_PATH, u p, null (testCommandLine)" classname="com.github.horrorho.liquiddonkey.settings.commandline.CommandLinePropertiesFactoryTest" time="0"/>
  <testcase name="[46] FILTER_RELATIVE_PATH, u p -r one, one (testCommandLine)" classname="com.github.horrorho.liquiddonkey.settings.commandline.CommandLinePropertiesFactoryTest" time="0"/>
  <testcase name="[47] FILTER_RELATIVE_PATH, u p -r one two, one two (testCommandLine)" classname="com.github.horrorho.liquiddonkey.settings.commandline.CommandLinePropertiesFactoryTest" time="0.008"/>
  <testcase name="[48] FILTER_RELATIVE_PATH, u p --relative-path one two three, one two three (testCommandLine)" classname="com.github.horrorho.liquiddonkey.settings.commandline.CommandLinePropertiesFactoryTest" time="0"/>
  <testcase name="[49] FILTER_SIZE_MAX, u p, null (testCommandLine)" classname="com.github.horrorho.liquiddonkey.settings.commandline.CommandLinePropertiesFactoryTest" time="0"/>
  <testcase name="[50] FILTER_SIZE_MAX, u p --max-size 4096, 4096 (testCommandLine)" classname="com.github.horrorho.liquiddonkey.settings.commandline.CommandLinePropertiesFactoryTest" time="0.016"/>
  <testcase name="[51] FILTER_SIZE_MIN, u p, null (testCommandLine)" classname="com.github.horrorho.liquiddonkey.settings.commandline.CommandLinePropertiesFactoryTest" time="0"/>
  <testcase name="[52] FILTER_SIZE_MIN, u p --min-size 1024, 1024 (testCommandLine)" classname="com.github.horrorho.liquiddonkey.settings.commandline.CommandLinePropertiesFactoryTest" time="0"/>
  <testcase name="[53] HTTP_RELAX_SSL, u p, null (testCommandLine)" classname="com.github.horrorho.liquiddonkey.settings.commandline.CommandLinePropertiesFactoryTest" time="0"/>
  <testcase name="[54] HTTP_RELAX_SSL, u p --relax-ssl, true (testCommandLine)" classname="com.github.horrorho.liquiddonkey.settings.commandline.CommandLinePropertiesFactoryTest" time="0.01"/>
  <testcase name="[55] SELECTION_SNAPSHOT, u p, null (testCommandLine)" classname="com.github.horrorho.liquiddonkey.settings.commandline.CommandLinePropertiesFactoryTest" time="0"/>
  <testcase name="[56] SELECTION_SNAPSHOT, u p -s 1, 1 (testCommandLine)" classname="com.github.horrorho.liquiddonkey.settings.commandline.CommandLinePropertiesFactoryTest" time="0.007"/>
  <testcase name="[57] SELECTION_SNAPSHOT, u p -s 1 2, 1 2 (testCommandLine)" classname="com.github.horrorho.liquiddonkey.settings.commandline.CommandLinePropertiesFactoryTest" time="0.001"/>
  <testcase name="[58] SELECTION_SNAPSHOT, u p --snapshot 1 2 3, 1 2 3 (testCommandLine)" classname="com.github.horrorho.liquiddonkey.settings.commandline.CommandLinePropertiesFactoryTest" time="0"/>
  <testcase name="[59] SELECTION_UDID, u p, null (testCommandLine)" classname="com.github.horrorho.liquiddonkey.settings.commandline.CommandLinePropertiesFactoryTest" time="0.013"/>
  <testcase name="[60] SELECTION_UDID, u p -u,  (testCommandLine)" classname="com.github.horrorho.liquiddonkey.settings.commandline.CommandLinePropertiesFactoryTest" time="0"/>
  <testcase name="[61] SELECTION_UDID, u p -u 1, 1 (testCommandLine)" classname="com.github.horrorho.liquiddonkey.settings.commandline.CommandLinePropertiesFactoryTest" time="0"/>
  <testcase name="[62] SELECTION_UDID, u p -u 1 2, 1 2 (testCommandLine)" classname="com.github.horrorho.liquiddonkey.settings.commandline.CommandLinePropertiesFactoryTest" time="0"/>
  <testcase name="[63] SELECTION_UDID, u p --udid 1 2 3, 1 2 3 (testCommandLine)" classname="com.github.horrorho.liquiddonkey.settings.commandline.CommandLinePropertiesFactoryTest" time="0"/>
</testsuite>