<?xml version="1.0" encoding="UTF-8"?>
<testsuite xmlns:xsi="http://www.w3.org/2001/XMLSchema-instance" xsi:schemaLocation="https://maven.apache.org/surefire/maven-surefire-plugin/xsd/surefire-test-report.xsd" name="com.github.horrorho.liquiddonkey.settings.commandline.CommandLineConfigFactoryTest" time="0.549" tests="41" errors="0" skipped="0" failures="0">
  <properties>
    <property name="java.runtime.name" value="OpenJDK Runtime Environment"/>
    <property name="sun.boot.library.path" value="/usr/local/openjdk-8/jre/lib/amd64"/>
    <property name="java.vm.version" value="25.262-b10"/>
    <property name="animal.sniffer.skip" value="true"/>
    <property name="java.vm.vendor" value="Oracle Corporation"/>
    <property name="maven.multiModuleProjectDirectory" value="/tmp/tmpt7th1ep2/LiquidDonkey"/>
    <property name="maven.javadoc.skip" value="true"/>
    <property name="java.vendor.url" value="http://java.oracle.com/"/>
    <property name="path.separator" value=":"/>
    <property name="guice.disable.misplaced.annotation.check" value="true"/>
    <property name="java.vm.name" value="OpenJDK 64-Bit Server VM"/>
    <property name="file.encoding.pkg" value="sun.io"/>
    <property name="sun.java.launcher" value="SUN_STANDARD"/>
    <property name="sun.os.patch.level" value="unknown"/>
    <property name="source.skip" value="true"/>
    <property name="java.vm.specification.name" value="Java Virtual Machine Specification"/>
    <property name="user.dir" value="/tmp/tmpt7th1ep2/LiquidDonkey"/>
    <property name="java.runtime.version" value="1.8.0_262-b10"/>
    <property name="java.awt.graphicsenv" value="sun.awt.X11GraphicsEnvironment"/>
    <property name="java.endorsed.dirs" value="/usr/local/openjdk-8/jre/lib/endorsed"/>
    <property name="os.arch" value="amd64"/>
    <property name="java.io.tmpdir" value="/tmp"/>
    <property name="line.separator" value="&#10;"/>
    <property name="java.vm.specification.vendor" value="Oracle Corporation"/>
    <property name="os.name" value="Linux"/>
    <property name="classworlds.conf" value="/usr/share/maven/bin/m2.conf"/>
    <property name="sun.jnu.encoding" value="UTF-8"/>
    <property name="java.library.path" value="/usr/java/packages/lib/amd64:/usr/lib64:/lib64:/lib:/usr/lib"/>
    <property name="license.skip" value="true"/>
    <property name="maven.conf" value="/usr/share/maven/conf"/>
    <property name="java.specification.name" value="Java Platform API Specification"/>
    <property name="java.class.version" value="52.0"/>
    <property name="sun.management.compiler" value="HotSpot 64-Bit Tiered Compilers"/>
    <property name="maven.test.failure.ignore" value="true"/>
    <property name="os.version" value="4.15.0-109-generic"/>
    <property name="library.jansi.path" value="/usr/share/maven/lib/jansi-native"/>
    <property name="user.home" value="/home/jdbl"/>
    <property name="user.timezone" value="Etc/UTC"/>
    <property name="java.awt.printerjob" value="sun.print.PSPrinterJob"/>
    <property name="java.specification.version" value="1.8"/>
    <property name="file.encoding" value="UTF-8"/>
    <property name="user.name" value="jdbl"/>
    <property name="java.class.path" value="/usr/share/maven/boot/plexus-classworlds-2.6.0.jar"/>
    <property name="java.vm.specification.version" value="1.8"/>
    <property name="sun.arch.data.model" value="64"/>
    <property name="java.home" value="/usr/local/openjdk-8/jre"/>
    <property name="sun.java.command" value="org.codehaus.plexus.classworlds.launcher.Launcher test -e --fail-never -ntp -Dmaven.test.failure.ignore=true -B -Dmaven.javadoc.skip=true -Drat.skip=true -Danimal.sniffer.skip=true -Dmaven.javadoc.skip=true -Dlicense.skip=true -Dsource.skip=true"/>
    <property name="java.specification.vendor" value="Oracle Corporation"/>
    <property name="user.language" value="en"/>
    <property name="awt.toolkit" value="sun.awt.X11.XToolkit"/>
    <property name="java.vm.info" value="mixed mode"/>
    <property name="java.version" value="1.8.0_262"/>
    <property name="java.ext.dirs" value="/usr/local/openjdk-8/jre/lib/ext:/usr/java/packages/lib/ext"/>
    <property name="securerandom.source" value="file:/dev/./urandom"/>
    <property name="sun.boot.class.path" value="/usr/local/openjdk-8/jre/lib/resources.jar:/usr/local/openjdk-8/jre/lib/rt.jar:/usr/local/openjdk-8/jre/lib/sunrsasign.jar:/usr/local/openjdk-8/jre/lib/jsse.jar:/usr/local/openjdk-8/jre/lib/jce.jar:/usr/local/openjdk-8/jre/lib/charsets.jar:/usr/local/openjdk-8/jre/lib/jfr.jar:/usr/local/openjdk-8/jre/classes"/>
    <property name="java.vendor" value="Oracle Corporation"/>
    <property name="rat.skip" value="true"/>
    <property name="maven.home" value="/usr/share/maven"/>
    <property name="file.separator" value="/"/>
    <property name="java.vendor.url.bug" value="http://bugreport.sun.com/bugreport/"/>
    <property name="sun.cpu.endian" value="little"/>
    <property name="sun.io.unicode.encoding" value="UnicodeLittle"/>
    <property name="sun.cpu.isalist" value=""/>
  </properties>
  <testcase name="[0] user password, CommandLineConfigFactoryTest$$Lambda$59/664836465, user (testFromArgs)" classname="com.github.horrorho.liquiddonkey.settings.commandline.CommandLineConfigFactoryTest" time="0.061"/>
  <testcase name="[1] user password, CommandLineConfigFactoryTest$$Lambda$60/1645557354, password (testFromArgs)" classname="com.github.horrorho.liquiddonkey.settings.commandline.CommandLineConfigFactoryTest" time="0.009"/>
  <testcase name="[2] 123456:abcdef, CommandLineConfigFactoryTest$$Lambda$61/1188871851, 123456 (testFromArgs)" classname="com.github.horrorho.liquiddonkey.settings.commandline.CommandLineConfigFactoryTest" time="0.008"/>
  <testcase name="[3] 123456:abcdef, CommandLineConfigFactoryTest$$Lambda$62/920926249, abcdef (testFromArgs)" classname="com.github.horrorho.liquiddonkey.settings.commandline.CommandLineConfigFactoryTest" time="0.002"/>
  <testcase name="[4] u p --output test/folder, CommandLineConfigFactoryTest$$Lambda$63/1589745212, /tmp/tmpt7th1ep2/LiquidDonkey/test/folder (testFromArgs)" classname="com.github.horrorho.liquiddonkey.settings.commandline.CommandLineConfigFactoryTest" time="0.015"/>
  <testcase name="[5] u p --udid, CommandLineConfigFactoryTest$$Lambda$64/2110472873, [] (testFromArgs)" classname="com.github.horrorho.liquiddonkey.settings.commandline.CommandLineConfigFactoryTest" time="0.005"/>
  <testcase name="[6] u p --udid 1FfF, CommandLineConfigFactoryTest$$Lambda$65/1794705481, [1FfF] (testFromArgs)" classname="com.github.horrorho.liquiddonkey.settings.commandline.CommandLineConfigFactoryTest" time="0.006"/>
  <testcase name="[7] u p --udid 1fff 2FFF, CommandLineConfigFactoryTest$$Lambda$66/486994287, [1fff, 2FFF] (testFromArgs)" classname="com.github.horrorho.liquiddonkey.settings.commandline.CommandLineConfigFactoryTest" time="0.002"/>
  <testcase name="[8] u p --udid 1fff 2FFF 2FFF, CommandLineConfigFactoryTest$$Lambda$67/1336210565, [1fff, 2FFF] (testFromArgs)" classname="com.github.horrorho.liquiddonkey.settings.commandline.CommandLineConfigFactoryTest" time="0.003"/>
  <testcase name="[9] u p --snapshot 1, CommandLineConfigFactoryTest$$Lambda$68/1759328722, [1] (testFromArgs)" classname="com.github.horrorho.liquiddonkey.settings.commandline.CommandLineConfigFactoryTest" time="0"/>
  <testcase name="[10] u p --snapshot 1 2, CommandLineConfigFactoryTest$$Lambda$69/1246023616, [1, 2] (testFromArgs)" classname="com.github.horrorho.liquiddonkey.settings.commandline.CommandLineConfigFactoryTest" time="0.028"/>
  <testcase name="[11] u p --snapshot 1 2 2, CommandLineConfigFactoryTest$$Lambda$70/1625539182, [1, 2] (testFromArgs)" classname="com.github.horrorho.liquiddonkey.settings.commandline.CommandLineConfigFactoryTest" time="0"/>
  <testcase name="[12] u p --snapshot -1, CommandLineConfigFactoryTest$$Lambda$71/134943275, [-1] (testFromArgs)" classname="com.github.horrorho.liquiddonkey.settings.commandline.CommandLineConfigFactoryTest" time="0.002"/>
  <testcase name="[13] u p --snapshot 1 -2 -1, CommandLineConfigFactoryTest$$Lambda$72/161069393, [1, -2, -1] (testFromArgs)" classname="com.github.horrorho.liquiddonkey.settings.commandline.CommandLineConfigFactoryTest" time="0.014"/>
  <testcase name="[14] u p --snapshot 3 2 1, CommandLineConfigFactoryTest$$Lambda$73/1708084589, [3, 2, 1] (testFromArgs)" classname="com.github.horrorho.liquiddonkey.settings.commandline.CommandLineConfigFactoryTest" time="0.001"/>
  <testcase name="[15] u p --snapshot 1 2 3 2 1, CommandLineConfigFactoryTest$$Lambda$74/457245448, [1, 2, 3] (testFromArgs)" classname="com.github.horrorho.liquiddonkey.settings.commandline.CommandLineConfigFactoryTest" time="0.002"/>
  <testcase name="[16] u p --snapshot 3 3 2 3 1 3 2 1, CommandLineConfigFactoryTest$$Lambda$75/1259065345, [3, 2, 1] (testFromArgs)" classname="com.github.horrorho.liquiddonkey.settings.commandline.CommandLineConfigFactoryTest" time="0.002"/>
  <testcase name="[17] u p, CommandLineConfigFactoryTest$$Lambda$76/261925632, [] (testFromArgs)" classname="com.github.horrorho.liquiddonkey.settings.commandline.CommandLineConfigFactoryTest" time="0.002"/>
  <testcase name="[18] u p --relative-path first, CommandLineConfigFactoryTest$$Lambda$77/271002555, [first] (testFromArgs)" classname="com.github.horrorho.liquiddonkey.settings.commandline.CommandLineConfigFactoryTest" time="0.002"/>
  <testcase name="[19] u p --relative-path first second, CommandLineConfigFactoryTest$$Lambda$78/57488372, [first, second] (testFromArgs)" classname="com.github.horrorho.liquiddonkey.settings.commandline.CommandLineConfigFactoryTest" time="0.001"/>
  <testcase name="[20] u p --relative-path first second second, CommandLineConfigFactoryTest$$Lambda$79/376660032, [first, second] (testFromArgs)" classname="com.github.horrorho.liquiddonkey.settings.commandline.CommandLineConfigFactoryTest" time="0.006"/>
  <testcase name="[21] u p --item-types PHOTOS, CommandLineConfigFactoryTest$$Lambda$80/2086477093, [.jpg, .jpeg] (testFromArgs)" classname="com.github.horrorho.liquiddonkey.settings.commandline.CommandLineConfigFactoryTest" time="0.014"/>
  <testcase name="[22] u p --item-types photos, CommandLineConfigFactoryTest$$Lambda$84/262535196, [.jpg, .jpeg] (testFromArgs)" classname="com.github.horrorho.liquiddonkey.settings.commandline.CommandLineConfigFactoryTest" time="0.002"/>
  <testcase name="[23] u p --item-types photos MOVIES, CommandLineConfigFactoryTest$$Lambda$85/1780306540, [.mov, .avi, .jpg, .mp4, .jpeg] (testFromArgs)" classname="com.github.horrorho.liquiddonkey.settings.commandline.CommandLineConfigFactoryTest" time="0.002"/>
  <testcase name="[24] u p --item-types photos MOVIES Movies, CommandLineConfigFactoryTest$$Lambda$86/523174153, [.mov, .avi, .jpg, .mp4, .jpeg] (testFromArgs)" classname="com.github.horrorho.liquiddonkey.settings.commandline.CommandLineConfigFactoryTest" time="0.004"/>
  <testcase name="[25] u p, CommandLineConfigFactoryTest$$Lambda$87/1211827856, [] (testFromArgs)" classname="com.github.horrorho.liquiddonkey.settings.commandline.CommandLineConfigFactoryTest" time="0.002"/>
  <testcase name="[26] u p --extension Abc, CommandLineConfigFactoryTest$$Lambda$88/1753113235, [Abc] (testFromArgs)" classname="com.github.horrorho.liquiddonkey.settings.commandline.CommandLineConfigFactoryTest" time="0.002"/>
  <testcase name="[27] u p --extension .Abc, CommandLineConfigFactoryTest$$Lambda$89/1752220610, [.Abc] (testFromArgs)" classname="com.github.horrorho.liquiddonkey.settings.commandline.CommandLineConfigFactoryTest" time="0.001"/>
  <testcase name="[28] u p --extension .Abc efg, CommandLineConfigFactoryTest$$Lambda$90/263233676, [.Abc, efg] (testFromArgs)" classname="com.github.horrorho.liquiddonkey.settings.commandline.CommandLineConfigFactoryTest" time="0.001"/>
  <testcase name="[29] u p --extension .Abc efg efg, CommandLineConfigFactoryTest$$Lambda$91/531576940, [.Abc, efg] (testFromArgs)" classname="com.github.horrorho.liquiddonkey.settings.commandline.CommandLineConfigFactoryTest" time="0.002"/>
  <testcase name="[30] u p, CommandLineConfigFactoryTest$$Lambda$92/81705968, [] (testFromArgs)" classname="com.github.horrorho.liquiddonkey.settings.commandline.CommandLineConfigFactoryTest" time="0.003"/>
  <testcase name="[31] u p --domain first, CommandLineConfigFactoryTest$$Lambda$93/1784551034, [first] (testFromArgs)" classname="com.github.horrorho.liquiddonkey.settings.commandline.CommandLineConfigFactoryTest" time="0.006"/>
  <testcase name="[32] u p --domain first Second, CommandLineConfigFactoryTest$$Lambda$94/1625321341, [Second, first] (testFromArgs)" classname="com.github.horrorho.liquiddonkey.settings.commandline.CommandLineConfigFactoryTest" time="0"/>
  <testcase name="[33] u p --min-date 0000-01-01, CommandLineConfigFactoryTest$$Lambda$95/1998224723, -62167219200 (testFromArgs)" classname="com.github.horrorho.liquiddonkey.settings.commandline.CommandLineConfigFactoryTest" time="0"/>
  <testcase name="[34] u p --max-date 9999-01-01, CommandLineConfigFactoryTest$$Lambda$104/251666609, 253370764800 (testFromArgs)" classname="com.github.horrorho.liquiddonkey.settings.commandline.CommandLineConfigFactoryTest" time="0"/>
  <testcase name="[35] u p --min-size 0, CommandLineConfigFactoryTest$$Lambda$105/1973281540, 0 (testFromArgs)" classname="com.github.horrorho.liquiddonkey.settings.commandline.CommandLineConfigFactoryTest" time="0"/>
  <testcase name="[36] u p --min-size 64, CommandLineConfigFactoryTest$$Lambda$106/1447678234, 65536 (testFromArgs)" classname="com.github.horrorho.liquiddonkey.settings.commandline.CommandLineConfigFactoryTest" time="0"/>
  <testcase name="[37] u p --max-size 0, CommandLineConfigFactoryTest$$Lambda$107/693083472, 0 (testFromArgs)" classname="com.github.horrorho.liquiddonkey.settings.commandline.CommandLineConfigFactoryTest" time="0"/>
  <testcase name="[38] u p --max-size 64, CommandLineConfigFactoryTest$$Lambda$108/658781536, 65536 (testFromArgs)" classname="com.github.horrorho.liquiddonkey.settings.commandline.CommandLineConfigFactoryTest" time="0.006"/>
  <testcase name="[39] u p, CommandLineConfigFactoryTest$$Lambda$109/1037793103, false (testFromArgs)" classname="com.github.horrorho.liquiddonkey.settings.commandline.CommandLineConfigFactoryTest" time="0"/>
  <testcase name="[40] u p --token, CommandLineConfigFactoryTest$$Lambda$110/629321967, true (testFromArgs)" classname="com.github.horrorho.liquiddonkey.settings.commandline.CommandLineConfigFactoryTest" time="0.002"/>
</testsuite>