<?xml version="1.0" encoding="UTF-8"?>
<testsuite xmlns:xsi="http://www.w3.org/2001/XMLSchema-instance" xsi:schemaLocation="https://maven.apache.org/surefire/maven-surefire-plugin/xsd/surefire-test-report.xsd" name="com.github.horrorho.liquiddonkey.cloud.SnapshotIdReferencesTest" time="1.112" tests="26" errors="0" skipped="0" failures="0">
  <properties>
    <property name="java.runtime.name" value="OpenJDK Runtime Environment"/>
    <property name="sun.boot.library.path" value="/usr/local/openjdk-8/jre/lib/amd64"/>
    <property name="java.vm.version" value="25.262-b10"/>
    <property name="animal.sniffer.skip" value="true"/>
    <property name="java.vm.vendor" value="Oracle Corporation"/>
    <property name="maven.multiModuleProjectDirectory" value="/tmp/tmpt7th1ep2/LiquidDonkey"/>
    <property name="maven.javadoc.skip" value="true"/>
    <property name="java.vendor.url" value="http://java.oracle.com/"/>
    <property name="path.separator" value=":"/>
    <property name="guice.disable.misplaced.annotation.check" value="true"/>
    <property name="java.vm.name" value="OpenJDK 64-Bit Server VM"/>
    <property name="file.encoding.pkg" value="sun.io"/>
    <property name="sun.java.launcher" value="SUN_STANDARD"/>
    <property name="sun.os.patch.level" value="unknown"/>
    <property name="source.skip" value="true"/>
    <property name="java.vm.specification.name" value="Java Virtual Machine Specification"/>
    <property name="user.dir" value="/tmp/tmpt7th1ep2/LiquidDonkey"/>
    <property name="java.runtime.version" value="1.8.0_262-b10"/>
    <property name="java.awt.graphicsenv" value="sun.awt.X11GraphicsEnvironment"/>
    <property name="java.endorsed.dirs" value="/usr/local/openjdk-8/jre/lib/endorsed"/>
    <property name="os.arch" value="amd64"/>
    <property name="java.io.tmpdir" value="/tmp"/>
    <property name="line.separator" value="&#10;"/>
    <property name="java.vm.specification.vendor" value="Oracle Corporation"/>
    <property name="os.name" value="Linux"/>
    <property name="classworlds.conf" value="/usr/share/maven/bin/m2.conf"/>
    <property name="sun.jnu.encoding" value="UTF-8"/>
    <property name="java.library.path" value="/usr/java/packages/lib/amd64:/usr/lib64:/lib64:/lib:/usr/lib"/>
    <property name="license.skip" value="true"/>
    <property name="maven.conf" value="/usr/share/maven/conf"/>
    <property name="java.specification.name" value="Java Platform API Specification"/>
    <property name="java.class.version" value="52.0"/>
    <property name="sun.management.compiler" value="HotSpot 64-Bit Tiered Compilers"/>
    <property name="maven.test.failure.ignore" value="true"/>
    <property name="os.version" value="4.15.0-109-generic"/>
    <property name="library.jansi.path" value="/usr/share/maven/lib/jansi-native"/>
    <property name="user.home" value="/home/jdbl"/>
    <property name="user.timezone" value="Etc/UTC"/>
    <property name="java.awt.printerjob" value="sun.print.PSPrinterJob"/>
    <property name="java.specification.version" value="1.8"/>
    <property name="file.encoding" value="UTF-8"/>
    <property name="user.name" value="jdbl"/>
    <property name="java.class.path" value="/usr/share/maven/boot/plexus-classworlds-2.6.0.jar"/>
    <property name="java.vm.specification.version" value="1.8"/>
    <property name="sun.arch.data.model" value="64"/>
    <property name="java.home" value="/usr/local/openjdk-8/jre"/>
    <property name="sun.java.command" value="org.codehaus.plexus.classworlds.launcher.Launcher test -e --fail-never -ntp -Dmaven.test.failure.ignore=true -B -Dmaven.javadoc.skip=true -Drat.skip=true -Danimal.sniffer.skip=true -Dmaven.javadoc.skip=true -Dlicense.skip=true -Dsource.skip=true"/>
    <property name="java.specification.vendor" value="Oracle Corporation"/>
    <property name="user.language" value="en"/>
    <property name="awt.toolkit" value="sun.awt.X11.XToolkit"/>
    <property name="java.vm.info" value="mixed mode"/>
    <property name="java.version" value="1.8.0_262"/>
    <property name="java.ext.dirs" value="/usr/local/openjdk-8/jre/lib/ext:/usr/java/packages/lib/ext"/>
    <property name="securerandom.source" value="file:/dev/./urandom"/>
    <property name="sun.boot.class.path" value="/usr/local/openjdk-8/jre/lib/resources.jar:/usr/local/openjdk-8/jre/lib/rt.jar:/usr/local/openjdk-8/jre/lib/sunrsasign.jar:/usr/local/openjdk-8/jre/lib/jsse.jar:/usr/local/openjdk-8/jre/lib/jce.jar:/usr/local/openjdk-8/jre/lib/charsets.jar:/usr/local/openjdk-8/jre/lib/jfr.jar:/usr/local/openjdk-8/jre/classes"/>
    <property name="java.vendor" value="Oracle Corporation"/>
    <property name="rat.skip" value="true"/>
    <property name="maven.home" value="/usr/share/maven"/>
    <property name="file.separator" value="/"/>
    <property name="java.vendor.url.bug" value="http://bugreport.sun.com/bugreport/"/>
    <property name="sun.cpu.endian" value="little"/>
    <property name="sun.io.unicode.encoding" value="UnicodeLittle"/>
    <property name="sun.cpu.isalist" value=""/>
  </properties>
  <testcase name="[0] , 0, -1 (testApplyAsInt)" classname="com.github.horrorho.liquiddonkey.cloud.SnapshotIdReferencesTest" time="0.566"/>
  <testcase name="[1] , 1, -1 (testApplyAsInt)" classname="com.github.horrorho.liquiddonkey.cloud.SnapshotIdReferencesTest" time="0.008"/>
  <testcase name="[2] , -1, -1 (testApplyAsInt)" classname="com.github.horrorho.liquiddonkey.cloud.SnapshotIdReferencesTest" time="0"/>
  <testcase name="[3] Snapshot {   SnapshotID: 1 } , 0, -1 (testApplyAsInt)" classname="com.github.horrorho.liquiddonkey.cloud.SnapshotIdReferencesTest" time="0.002"/>
  <testcase name="[4] Snapshot {   SnapshotID: 1 } , 1, -1 (testApplyAsInt)" classname="com.github.horrorho.liquiddonkey.cloud.SnapshotIdReferencesTest" time="0.001"/>
  <testcase name="[5] Snapshot {   SnapshotID: 1 } , -1, -1 (testApplyAsInt)" classname="com.github.horrorho.liquiddonkey.cloud.SnapshotIdReferencesTest" time="0.003"/>
  <testcase name="[6] Snapshot {   SnapshotID: 1   Committed: 1 } , 0, 1 (testApplyAsInt)" classname="com.github.horrorho.liquiddonkey.cloud.SnapshotIdReferencesTest" time="0.002"/>
  <testcase name="[7] Snapshot {   SnapshotID: 1   Committed: 1 } , 1, 1 (testApplyAsInt)" classname="com.github.horrorho.liquiddonkey.cloud.SnapshotIdReferencesTest" time="0.001"/>
  <testcase name="[8] Snapshot {   SnapshotID: 1   Committed: 1 } , 2, -1 (testApplyAsInt)" classname="com.github.horrorho.liquiddonkey.cloud.SnapshotIdReferencesTest" time="0"/>
  <testcase name="[9] Snapshot {   SnapshotID: 1   Committed: 1 } , -1, 1 (testApplyAsInt)" classname="com.github.horrorho.liquiddonkey.cloud.SnapshotIdReferencesTest" time="0"/>
  <testcase name="[10] Snapshot {   SnapshotID: 1   Committed: 1 } , -2, -1 (testApplyAsInt)" classname="com.github.horrorho.liquiddonkey.cloud.SnapshotIdReferencesTest" time="0"/>
  <testcase name="[11] Snapshot {   SnapshotID: 5   Committed: 1 } Snapshot {   SnapshotID: 10   Committed: 1 } Snapshot {   SnapshotID: 11   Committed: 1 } Snapshot {   SnapshotID: 12 } , 0, 5 (testApplyAsInt)" classname="com.github.horrorho.liquiddonkey.cloud.SnapshotIdReferencesTest" time="0"/>
  <testcase name="[12] Snapshot {   SnapshotID: 5   Committed: 1 } Snapshot {   SnapshotID: 10   Committed: 1 } Snapshot {   SnapshotID: 11   Committed: 1 } Snapshot {   SnapshotID: 12 } , 1, -1 (testApplyAsInt)" classname="com.github.horrorho.liquiddonkey.cloud.SnapshotIdReferencesTest" time="0"/>
  <testcase name="[13] Snapshot {   SnapshotID: 5   Committed: 1 } Snapshot {   SnapshotID: 10   Committed: 1 } Snapshot {   SnapshotID: 11   Committed: 1 } Snapshot {   SnapshotID: 12 } , 5, 5 (testApplyAsInt)" classname="com.github.horrorho.liquiddonkey.cloud.SnapshotIdReferencesTest" time="0.004"/>
  <testcase name="[14] Snapshot {   SnapshotID: 5   Committed: 1 } Snapshot {   SnapshotID: 10   Committed: 1 } Snapshot {   SnapshotID: 11   Committed: 1 } Snapshot {   SnapshotID: 12 } , 10, 10 (testApplyAsInt)" classname="com.github.horrorho.liquiddonkey.cloud.SnapshotIdReferencesTest" time="0"/>
  <testcase name="[15] Snapshot {   SnapshotID: 5   Committed: 1 } Snapshot {   SnapshotID: 10   Committed: 1 } Snapshot {   SnapshotID: 11   Committed: 1 } Snapshot {   SnapshotID: 12 } , 11, 11 (testApplyAsInt)" classname="com.github.horrorho.liquiddonkey.cloud.SnapshotIdReferencesTest" time="0"/>
  <testcase name="[16] Snapshot {   SnapshotID: 5   Committed: 1 } Snapshot {   SnapshotID: 10   Committed: 1 } Snapshot {   SnapshotID: 11   Committed: 1 } Snapshot {   SnapshotID: 12 } , 12, -1 (testApplyAsInt)" classname="com.github.horrorho.liquiddonkey.cloud.SnapshotIdReferencesTest" time="0"/>
  <testcase name="[17] Snapshot {   SnapshotID: 5   Committed: 1 } Snapshot {   SnapshotID: 10   Committed: 1 } Snapshot {   SnapshotID: 11   Committed: 1 } Snapshot {   SnapshotID: 12 } , -1, 11 (testApplyAsInt)" classname="com.github.horrorho.liquiddonkey.cloud.SnapshotIdReferencesTest" time="0"/>
  <testcase name="[18] Snapshot {   SnapshotID: 5   Committed: 1 } Snapshot {   SnapshotID: 10   Committed: 1 } Snapshot {   SnapshotID: 11   Committed: 1 } Snapshot {   SnapshotID: 12 } , -2, 10 (testApplyAsInt)" classname="com.github.horrorho.liquiddonkey.cloud.SnapshotIdReferencesTest" time="0"/>
  <testcase name="[19] Snapshot {   SnapshotID: 5   Committed: 1 } Snapshot {   SnapshotID: 10   Committed: 1 } Snapshot {   SnapshotID: 11   Committed: 1 } Snapshot {   SnapshotID: 12 } , -3, 5 (testApplyAsInt)" classname="com.github.horrorho.liquiddonkey.cloud.SnapshotIdReferencesTest" time="0.001"/>
  <testcase name="[20] Snapshot {   SnapshotID: 5   Committed: 1 } Snapshot {   SnapshotID: 10   Committed: 1 } Snapshot {   SnapshotID: 11   Committed: 1 } Snapshot {   SnapshotID: 12 } , -4, -1 (testApplyAsInt)" classname="com.github.horrorho.liquiddonkey.cloud.SnapshotIdReferencesTest" time="0"/>
  <testcase name="[0] , {} (testReferences)" classname="com.github.horrorho.liquiddonkey.cloud.SnapshotIdReferencesTest" time="0"/>
  <testcase name="[1] Snapshot {   SnapshotID: 1   Committed: 1 } , {-1=1, 0=1, 1=1} (testReferences)" classname="com.github.horrorho.liquiddonkey.cloud.SnapshotIdReferencesTest" time="0.001"/>
  <testcase name="[2] Snapshot {   SnapshotID: 1   Committed: 1 } Snapshot {   SnapshotID: 2   Committed: 1 } , {-1=2, 0=1, -2=1, 1=1, 2=2} (testReferences)" classname="com.github.horrorho.liquiddonkey.cloud.SnapshotIdReferencesTest" time="0"/>
  <testcase name="[3] Snapshot {   SnapshotID: 1   Committed: 1 } Snapshot {   SnapshotID: 9   Committed: 1 } Snapshot {   SnapshotID: 10   Committed: 1 } , {-1=10, 0=1, -2=9, 1=1, -3=1, 9=9, 10=10} (testReferences)" classname="com.github.horrorho.liquiddonkey.cloud.SnapshotIdReferencesTest" time="0"/>
  <testcase name="[4] Snapshot {   SnapshotID: 5   Committed: 1 } Snapshot {   SnapshotID: 10   Committed: 1 } Snapshot {   SnapshotID: 11   Committed: 1 } Snapshot {   SnapshotID: 12 } , {-1=11, 0=5, -2=10, -3=5, 5=5, 10=10, 11=11} (testReferences)" classname="com.github.horrorho.liquiddonkey.cloud.SnapshotIdReferencesTest" time="0.001"/>
</testsuite>