<?xml version="1.0" encoding="UTF-8" ?>
<testsuite tests="12" failures="0" name="org.apache.hadoop.mrunit.TestMapDriver" time="0.069" errors="0" skipped="0">
  <properties>
    <property name="java.runtime.name" value="OpenJDK Runtime Environment"/>
    <property name="sun.boot.library.path" value="/usr/local/openjdk-8/jre/lib/amd64"/>
    <property name="java.vm.version" value="25.262-b10"/>
    <property name="animal.sniffer.skip" value="true"/>
    <property name="java.vm.vendor" value="Oracle Corporation"/>
    <property name="maven.javadoc.skip" value="true"/>
    <property name="java.vendor.url" value="http://java.oracle.com/"/>
    <property name="path.separator" value=":"/>
    <property name="java.vm.name" value="OpenJDK 64-Bit Server VM"/>
    <property name="file.encoding.pkg" value="sun.io"/>
    <property name="sun.java.launcher" value="SUN_STANDARD"/>
    <property name="sun.os.patch.level" value="unknown"/>
    <property name="source.skip" value="true"/>
    <property name="java.vm.specification.name" value="Java Virtual Machine Specification"/>
    <property name="user.dir" value="/tmp/tmpwv9nqc39/attic-mrunit"/>
    <property name="java.runtime.version" value="1.8.0_262-b10"/>
    <property name="java.awt.graphicsenv" value="sun.awt.X11GraphicsEnvironment"/>
    <property name="basedir" value="/tmp/tmpwv9nqc39/attic-mrunit"/>
    <property name="java.endorsed.dirs" value="/usr/local/openjdk-8/jre/lib/endorsed"/>
    <property name="os.arch" value="amd64"/>
    <property name="surefire.real.class.path" value="/tmp/tmpwv9nqc39/attic-mrunit/target/surefire/surefirebooter112035662898185354.jar"/>
    <property name="java.io.tmpdir" value="/tmp"/>
    <property name="line.separator" value="
"/>
    <property name="java.vm.specification.vendor" value="Oracle Corporation"/>
    <property name="os.name" value="Linux"/>
    <property name="maven.test.error.ignore" value="true"/>
    <property name="sun.jnu.encoding" value="UTF-8"/>
    <property name="java.library.path" value="/usr/java/packages/lib/amd64:/usr/lib64:/lib64:/lib:/usr/lib"/>
    <property name="license.skip" value="true"/>
    <property name="surefire.test.class.path" value="/tmp/tmpwv9nqc39/attic-mrunit/target/test-classes:/tmp/tmpwv9nqc39/attic-mrunit/target/classes:/home/jdbl/.m2/repository/junit/junit/4.8.1/junit-4.8.1.jar:/home/jdbl/.m2/repository/commons-logging/commons-logging/1.1.1/commons-logging-1.1.1.jar:/home/jdbl/.m2/repository/log4j/log4j/1.2.15/log4j-1.2.15.jar:/home/jdbl/.m2/repository/org/mockito/mockito-all/1.8.5/mockito-all-1.8.5.jar:/home/jdbl/.m2/repository/org/apache/hadoop/hadoop-core/0.20.2/hadoop-core-0.20.2.jar:/home/jdbl/.m2/repository/commons-cli/commons-cli/1.2/commons-cli-1.2.jar:/home/jdbl/.m2/repository/xmlenc/xmlenc/0.52/xmlenc-0.52.jar:/home/jdbl/.m2/repository/commons-httpclient/commons-httpclient/3.0.1/commons-httpclient-3.0.1.jar:/home/jdbl/.m2/repository/commons-codec/commons-codec/1.3/commons-codec-1.3.jar:/home/jdbl/.m2/repository/commons-net/commons-net/1.4.1/commons-net-1.4.1.jar:/home/jdbl/.m2/repository/org/mortbay/jetty/jetty/6.1.14/jetty-6.1.14.jar:/home/jdbl/.m2/repository/org/mortbay/jetty/jetty-util/6.1.14/jetty-util-6.1.14.jar:/home/jdbl/.m2/repository/tomcat/jasper-runtime/5.5.12/jasper-runtime-5.5.12.jar:/home/jdbl/.m2/repository/tomcat/jasper-compiler/5.5.12/jasper-compiler-5.5.12.jar:/home/jdbl/.m2/repository/org/mortbay/jetty/jsp-api-2.1/6.1.14/jsp-api-2.1-6.1.14.jar:/home/jdbl/.m2/repository/org/mortbay/jetty/jsp-2.1/6.1.14/jsp-2.1-6.1.14.jar:/home/jdbl/.m2/repository/ant/ant/1.6.5/ant-1.6.5.jar:/home/jdbl/.m2/repository/commons-el/commons-el/1.0/commons-el-1.0.jar:/home/jdbl/.m2/repository/net/java/dev/jets3t/jets3t/0.7.1/jets3t-0.7.1.jar:/home/jdbl/.m2/repository/org/mortbay/jetty/servlet-api-2.5/6.1.14/servlet-api-2.5-6.1.14.jar:/home/jdbl/.m2/repository/net/sf/kosmosfs/kfs/0.3/kfs-0.3.jar:/home/jdbl/.m2/repository/hsqldb/hsqldb/1.8.0.10/hsqldb-1.8.0.10.jar:/home/jdbl/.m2/repository/oro/oro/2.0.8/oro-2.0.8.jar:/home/jdbl/.m2/repository/org/eclipse/jdt/core/3.1.1/core-3.1.1.jar:"/>
    <property name="java.specification.name" value="Java Platform API Specification"/>
    <property name="java.class.version" value="52.0"/>
    <property name="sun.management.compiler" value="HotSpot 64-Bit Tiered Compilers"/>
    <property name="maven.test.failure.ignore" value="true"/>
    <property name="os.version" value="4.15.0-109-generic"/>
    <property name="user.home" value="/home/jdbl"/>
    <property name="user.timezone" value="Etc/UTC"/>
    <property name="java.awt.printerjob" value="sun.print.PSPrinterJob"/>
    <property name="java.specification.version" value="1.8"/>
    <property name="file.encoding" value="UTF-8"/>
    <property name="user.name" value="jdbl"/>
    <property name="java.class.path" value="/tmp/tmpwv9nqc39/attic-mrunit/target/test-classes:/tmp/tmpwv9nqc39/attic-mrunit/target/classes:/home/jdbl/.m2/repository/junit/junit/4.8.1/junit-4.8.1.jar:/home/jdbl/.m2/repository/commons-logging/commons-logging/1.1.1/commons-logging-1.1.1.jar:/home/jdbl/.m2/repository/log4j/log4j/1.2.15/log4j-1.2.15.jar:/home/jdbl/.m2/repository/org/mockito/mockito-all/1.8.5/mockito-all-1.8.5.jar:/home/jdbl/.m2/repository/org/apache/hadoop/hadoop-core/0.20.2/hadoop-core-0.20.2.jar:/home/jdbl/.m2/repository/commons-cli/commons-cli/1.2/commons-cli-1.2.jar:/home/jdbl/.m2/repository/xmlenc/xmlenc/0.52/xmlenc-0.52.jar:/home/jdbl/.m2/repository/commons-httpclient/commons-httpclient/3.0.1/commons-httpclient-3.0.1.jar:/home/jdbl/.m2/repository/commons-codec/commons-codec/1.3/commons-codec-1.3.jar:/home/jdbl/.m2/repository/commons-net/commons-net/1.4.1/commons-net-1.4.1.jar:/home/jdbl/.m2/repository/org/mortbay/jetty/jetty/6.1.14/jetty-6.1.14.jar:/home/jdbl/.m2/repository/org/mortbay/jetty/jetty-util/6.1.14/jetty-util-6.1.14.jar:/home/jdbl/.m2/repository/tomcat/jasper-runtime/5.5.12/jasper-runtime-5.5.12.jar:/home/jdbl/.m2/repository/tomcat/jasper-compiler/5.5.12/jasper-compiler-5.5.12.jar:/home/jdbl/.m2/repository/org/mortbay/jetty/jsp-api-2.1/6.1.14/jsp-api-2.1-6.1.14.jar:/home/jdbl/.m2/repository/org/mortbay/jetty/jsp-2.1/6.1.14/jsp-2.1-6.1.14.jar:/home/jdbl/.m2/repository/ant/ant/1.6.5/ant-1.6.5.jar:/home/jdbl/.m2/repository/commons-el/commons-el/1.0/commons-el-1.0.jar:/home/jdbl/.m2/repository/net/java/dev/jets3t/jets3t/0.7.1/jets3t-0.7.1.jar:/home/jdbl/.m2/repository/org/mortbay/jetty/servlet-api-2.5/6.1.14/servlet-api-2.5-6.1.14.jar:/home/jdbl/.m2/repository/net/sf/kosmosfs/kfs/0.3/kfs-0.3.jar:/home/jdbl/.m2/repository/hsqldb/hsqldb/1.8.0.10/hsqldb-1.8.0.10.jar:/home/jdbl/.m2/repository/oro/oro/2.0.8/oro-2.0.8.jar:/home/jdbl/.m2/repository/org/eclipse/jdt/core/3.1.1/core-3.1.1.jar:"/>
    <property name="java.vm.specification.version" value="1.8"/>
    <property name="sun.arch.data.model" value="64"/>
    <property name="java.home" value="/usr/local/openjdk-8/jre"/>
    <property name="sun.java.command" value="/tmp/tmpwv9nqc39/attic-mrunit/target/surefire/surefirebooter112035662898185354.jar /tmp/tmpwv9nqc39/attic-mrunit/target/surefire/surefire5838897217623991177tmp /tmp/tmpwv9nqc39/attic-mrunit/target/surefire/surefire5296436504424790342tmp"/>
    <property name="java.specification.vendor" value="Oracle Corporation"/>
    <property name="user.language" value="en"/>
    <property name="awt.toolkit" value="sun.awt.X11.XToolkit"/>
    <property name="java.vm.info" value="mixed mode"/>
    <property name="java.version" value="1.8.0_262"/>
    <property name="java.ext.dirs" value="/usr/local/openjdk-8/jre/lib/ext:/usr/java/packages/lib/ext"/>
    <property name="sun.boot.class.path" value="/usr/local/openjdk-8/jre/lib/resources.jar:/usr/local/openjdk-8/jre/lib/rt.jar:/usr/local/openjdk-8/jre/lib/sunrsasign.jar:/usr/local/openjdk-8/jre/lib/jsse.jar:/usr/local/openjdk-8/jre/lib/jce.jar:/usr/local/openjdk-8/jre/lib/charsets.jar:/usr/local/openjdk-8/jre/lib/jfr.jar:/usr/local/openjdk-8/jre/classes"/>
    <property name="java.vendor" value="Oracle Corporation"/>
    <property name="rat.skip" value="true"/>
    <property name="localRepository" value="/home/jdbl/.m2/repository"/>
    <property name="file.separator" value="/"/>
    <property name="java.vendor.url.bug" value="http://bugreport.sun.com/bugreport/"/>
    <property name="sun.cpu.endian" value="little"/>
    <property name="sun.io.unicode.encoding" value="UnicodeLittle"/>
    <property name="sun.cpu.isalist" value=""/>
  </properties>
  <testcase classname="org.apache.hadoop.mrunit.TestMapDriver" name="testRun" time="0.003"/>
  <testcase classname="org.apache.hadoop.mrunit.TestMapDriver" name="testTestRun1" time="0.008"/>
  <testcase classname="org.apache.hadoop.mrunit.TestMapDriver" name="testTestRun2" time="0.004"/>
  <testcase classname="org.apache.hadoop.mrunit.TestMapDriver" name="testTestRun3" time="0.007"/>
  <testcase classname="org.apache.hadoop.mrunit.TestMapDriver" name="testTestRun4" time="0.01"/>
  <testcase classname="org.apache.hadoop.mrunit.TestMapDriver" name="testTestRun5" time="0.008"/>
  <testcase classname="org.apache.hadoop.mrunit.TestMapDriver" name="testTestRun6" time="0.003"/>
  <testcase classname="org.apache.hadoop.mrunit.TestMapDriver" name="testTestRun7" time="0.008"/>
  <testcase classname="org.apache.hadoop.mrunit.TestMapDriver" name="testEmptyInput" time="0.003"/>
  <testcase classname="org.apache.hadoop.mrunit.TestMapDriver" name="testEmptyInput2" time="0.013"/>
  <testcase classname="org.apache.hadoop.mrunit.TestMapDriver" name="testSetInput" time="0"/>
  <testcase classname="org.apache.hadoop.mrunit.TestMapDriver" name="testSetInputNull" time="0"/>
</testsuite>