<?xml version="1.0" encoding="UTF-8" ?>
<testsuite tests="16" failures="0" name="org.apache.commons.cli.HelpFormatterTest" time="0.02" errors="0" skipped="0">
  <properties>
    <property name="java.runtime.name" value="OpenJDK Runtime Environment"/>
    <property name="sun.boot.library.path" value="/usr/local/openjdk-8/jre/lib/amd64"/>
    <property name="java.vm.version" value="25.262-b10"/>
    <property name="java.vm.vendor" value="Oracle Corporation"/>
    <property name="java.vendor.url" value="http://java.oracle.com/"/>
    <property name="path.separator" value=":"/>
    <property name="java.vm.name" value="OpenJDK 64-Bit Server VM"/>
    <property name="file.encoding.pkg" value="sun.io"/>
    <property name="sun.java.launcher" value="SUN_STANDARD"/>
    <property name="sun.os.patch.level" value="unknown"/>
    <property name="java.vm.specification.name" value="Java Virtual Machine Specification"/>
    <property name="user.dir" value="/tmp/tmpd8vmg4hr/commons-cli"/>
    <property name="java.runtime.version" value="1.8.0_262-b10"/>
    <property name="java.awt.graphicsenv" value="sun.awt.X11GraphicsEnvironment"/>
    <property name="basedir" value="/tmp/tmpd8vmg4hr/commons-cli"/>
    <property name="java.endorsed.dirs" value="/usr/local/openjdk-8/jre/lib/endorsed"/>
    <property name="os.arch" value="amd64"/>
    <property name="surefire.real.class.path" value="/tmp/surefirebooter6920273508119056676.jar"/>
    <property name="java.io.tmpdir" value="/tmp"/>
    <property name="line.separator" value="
"/>
    <property name="java.vm.specification.vendor" value="Oracle Corporation"/>
    <property name="os.name" value="Linux"/>
    <property name="sun.jnu.encoding" value="UTF-8"/>
    <property name="java.library.path" value="/usr/java/packages/lib/amd64:/usr/lib64:/lib64:/lib:/usr/lib"/>
    <property name="surefire.test.class.path" value="/tmp/tmpd8vmg4hr/commons-cli/target/test-classes:/tmp/tmpd8vmg4hr/commons-cli/target/classes:/home/jdbl/.m2/repository/junit/junit/3.8.1/junit-3.8.1.jar:"/>
    <property name="java.specification.name" value="Java Platform API Specification"/>
    <property name="java.class.version" value="52.0"/>
    <property name="sun.management.compiler" value="HotSpot 64-Bit Tiered Compilers"/>
    <property name="os.version" value="4.15.0-109-generic"/>
    <property name="user.home" value="/home/jdbl"/>
    <property name="user.timezone" value=""/>
    <property name="java.awt.printerjob" value="sun.print.PSPrinterJob"/>
    <property name="file.encoding" value="UTF-8"/>
    <property name="java.specification.version" value="1.8"/>
    <property name="user.name" value="jdbl"/>
    <property name="java.class.path" value="/tmp/tmpd8vmg4hr/commons-cli/target/test-classes:/tmp/tmpd8vmg4hr/commons-cli/target/classes:/home/jdbl/.m2/repository/junit/junit/3.8.1/junit-3.8.1.jar:"/>
    <property name="java.vm.specification.version" value="1.8"/>
    <property name="sun.arch.data.model" value="64"/>
    <property name="java.home" value="/usr/local/openjdk-8/jre"/>
    <property name="sun.java.command" value="/tmp/surefirebooter6920273508119056676.jar /tmp/surefire7317118377268617263tmp /tmp/surefire3743698028814025740tmp"/>
    <property name="java.specification.vendor" value="Oracle Corporation"/>
    <property name="user.language" value="en"/>
    <property name="awt.toolkit" value="sun.awt.X11.XToolkit"/>
    <property name="java.vm.info" value="mixed mode"/>
    <property name="java.version" value="1.8.0_262"/>
    <property name="java.ext.dirs" value="/usr/local/openjdk-8/jre/lib/ext:/usr/java/packages/lib/ext"/>
    <property name="sun.boot.class.path" value="/usr/local/openjdk-8/jre/lib/resources.jar:/usr/local/openjdk-8/jre/lib/rt.jar:/usr/local/openjdk-8/jre/lib/sunrsasign.jar:/usr/local/openjdk-8/jre/lib/jsse.jar:/usr/local/openjdk-8/jre/lib/jce.jar:/usr/local/openjdk-8/jre/lib/charsets.jar:/usr/local/openjdk-8/jre/lib/jfr.jar:/usr/local/openjdk-8/jre/classes"/>
    <property name="java.vendor" value="Oracle Corporation"/>
    <property name="localRepository" value="/home/jdbl/.m2/repository"/>
    <property name="file.separator" value="/"/>
    <property name="java.vendor.url.bug" value="http://bugreport.sun.com/bugreport/"/>
    <property name="sun.cpu.endian" value="little"/>
    <property name="sun.io.unicode.encoding" value="UnicodeLittle"/>
    <property name="sun.cpu.isalist" value=""/>
  </properties>
  <testcase classname="org.apache.commons.cli.HelpFormatterTest" name="testFindWrapPos" time="0"/>
  <testcase classname="org.apache.commons.cli.HelpFormatterTest" name="testPrintWrapped" time="0"/>
  <testcase classname="org.apache.commons.cli.HelpFormatterTest" name="testPrintOptions" time="0.001"/>
  <testcase classname="org.apache.commons.cli.HelpFormatterTest" name="testPrintHelpWithEmptySyntax" time="0"/>
  <testcase classname="org.apache.commons.cli.HelpFormatterTest" name="testAutomaticUsage" time="0"/>
  <testcase classname="org.apache.commons.cli.HelpFormatterTest" name="testPrintUsage" time="0"/>
  <testcase classname="org.apache.commons.cli.HelpFormatterTest" name="testPrintSortedUsage" time="0.001"/>
  <testcase classname="org.apache.commons.cli.HelpFormatterTest" name="testPrintSortedUsageWithNullComparator" time="0"/>
  <testcase classname="org.apache.commons.cli.HelpFormatterTest" name="testPrintOptionGroupUsage" time="0"/>
  <testcase classname="org.apache.commons.cli.HelpFormatterTest" name="testPrintRequiredOptionGroupUsage" time="0.001"/>
  <testcase classname="org.apache.commons.cli.HelpFormatterTest" name="testPrintOptionWithEmptyArgNameUsage" time="0"/>
  <testcase classname="org.apache.commons.cli.HelpFormatterTest" name="testRtrim" time="0"/>
  <testcase classname="org.apache.commons.cli.HelpFormatterTest" name="testAccessors" time="0"/>
  <testcase classname="org.apache.commons.cli.HelpFormatterTest" name="testHeaderStartingWithLineSeparator" time="0"/>
  <testcase classname="org.apache.commons.cli.HelpFormatterTest" name="testOptionWithoutShortFormat" time="0"/>
  <testcase classname="org.apache.commons.cli.HelpFormatterTest" name="testOptionWithoutShortFormat2" time="0.001"/>
</testsuite>