<?xml version="1.0" encoding="UTF-8" ?>
<testsuite tests="3" failures="0" name="org.joda.time.contrib.hibernate.TestPersistentInterval" time="0.109" errors="0" skipped="0">
  <properties>
    <property name="java.runtime.name" value="OpenJDK Runtime Environment"/>
    <property name="sun.boot.library.path" value="/usr/local/openjdk-8/jre/lib/amd64"/>
    <property name="java.vm.version" value="25.262-b10"/>
    <property name="java.vm.vendor" value="Oracle Corporation"/>
    <property name="java.vendor.url" value="http://java.oracle.com/"/>
    <property name="path.separator" value=":"/>
    <property name="java.vm.name" value="OpenJDK 64-Bit Server VM"/>
    <property name="file.encoding.pkg" value="sun.io"/>
    <property name="sun.java.launcher" value="SUN_STANDARD"/>
    <property name="sun.os.patch.level" value="unknown"/>
    <property name="java.vm.specification.name" value="Java Virtual Machine Specification"/>
    <property name="user.dir" value="/tmp/tmpkv42lkho/joda-time-hibernate"/>
    <property name="java.runtime.version" value="1.8.0_262-b10"/>
    <property name="java.awt.graphicsenv" value="sun.awt.X11GraphicsEnvironment"/>
    <property name="basedir" value="/tmp/tmpkv42lkho/joda-time-hibernate"/>
    <property name="java.endorsed.dirs" value="/usr/local/openjdk-8/jre/lib/endorsed"/>
    <property name="os.arch" value="amd64"/>
    <property name="surefire.real.class.path" value="/tmp/surefirebooter367079636761254753.jar"/>
    <property name="java.io.tmpdir" value="/tmp"/>
    <property name="line.separator" value="
"/>
    <property name="java.vm.specification.vendor" value="Oracle Corporation"/>
    <property name="os.name" value="Linux"/>
    <property name="sun.jnu.encoding" value="UTF-8"/>
    <property name="java.library.path" value="/usr/java/packages/lib/amd64:/usr/lib64:/lib64:/lib:/usr/lib"/>
    <property name="surefire.test.class.path" value="/tmp/tmpkv42lkho/joda-time-hibernate/target/test-classes:/tmp/tmpkv42lkho/joda-time-hibernate/target/classes:/home/jdbl/.m2/repository/joda-time/joda-time/1.6.2/joda-time-1.6.2.jar:/home/jdbl/.m2/repository/org/hibernate/hibernate-core/3.6.0.Final/hibernate-core-3.6.0.Final.jar:/home/jdbl/.m2/repository/antlr/antlr/2.7.6/antlr-2.7.6.jar:/home/jdbl/.m2/repository/commons-collections/commons-collections/3.1/commons-collections-3.1.jar:/home/jdbl/.m2/repository/dom4j/dom4j/1.6.1/dom4j-1.6.1.jar:/home/jdbl/.m2/repository/org/hibernate/hibernate-commons-annotations/3.2.0.Final/hibernate-commons-annotations-3.2.0.Final.jar:/home/jdbl/.m2/repository/org/hibernate/javax/persistence/hibernate-jpa-2.0-api/1.0.0.Final/hibernate-jpa-2.0-api-1.0.0.Final.jar:/home/jdbl/.m2/repository/javax/transaction/jta/1.1/jta-1.1.jar:/home/jdbl/.m2/repository/org/slf4j/slf4j-api/1.6.1/slf4j-api-1.6.1.jar:/home/jdbl/.m2/repository/org/hibernate/hibernate-entitymanager/3.6.0.Final/hibernate-entitymanager-3.6.0.Final.jar:/home/jdbl/.m2/repository/cglib/cglib/2.2/cglib-2.2.jar:/home/jdbl/.m2/repository/asm/asm/3.1/asm-3.1.jar:/home/jdbl/.m2/repository/javassist/javassist/3.12.0.GA/javassist-3.12.0.GA.jar:/home/jdbl/.m2/repository/junit/junit/3.8.2/junit-3.8.2.jar:/home/jdbl/.m2/repository/hsqldb/hsqldb/1.7.3.3/hsqldb-1.7.3.3.jar:"/>
    <property name="java.specification.name" value="Java Platform API Specification"/>
    <property name="java.class.version" value="52.0"/>
    <property name="sun.management.compiler" value="HotSpot 64-Bit Tiered Compilers"/>
    <property name="os.version" value="4.15.0-109-generic"/>
    <property name="user.home" value="/home/jdbl"/>
    <property name="user.timezone" value="Etc/UTC"/>
    <property name="java.awt.printerjob" value="sun.print.PSPrinterJob"/>
    <property name="file.encoding" value="UTF-8"/>
    <property name="java.specification.version" value="1.8"/>
    <property name="user.name" value="jdbl"/>
    <property name="java.class.path" value="/tmp/tmpkv42lkho/joda-time-hibernate/target/test-classes:/tmp/tmpkv42lkho/joda-time-hibernate/target/classes:/home/jdbl/.m2/repository/joda-time/joda-time/1.6.2/joda-time-1.6.2.jar:/home/jdbl/.m2/repository/org/hibernate/hibernate-core/3.6.0.Final/hibernate-core-3.6.0.Final.jar:/home/jdbl/.m2/repository/antlr/antlr/2.7.6/antlr-2.7.6.jar:/home/jdbl/.m2/repository/commons-collections/commons-collections/3.1/commons-collections-3.1.jar:/home/jdbl/.m2/repository/dom4j/dom4j/1.6.1/dom4j-1.6.1.jar:/home/jdbl/.m2/repository/org/hibernate/hibernate-commons-annotations/3.2.0.Final/hibernate-commons-annotations-3.2.0.Final.jar:/home/jdbl/.m2/repository/org/hibernate/javax/persistence/hibernate-jpa-2.0-api/1.0.0.Final/hibernate-jpa-2.0-api-1.0.0.Final.jar:/home/jdbl/.m2/repository/javax/transaction/jta/1.1/jta-1.1.jar:/home/jdbl/.m2/repository/org/slf4j/slf4j-api/1.6.1/slf4j-api-1.6.1.jar:/home/jdbl/.m2/repository/org/hibernate/hibernate-entitymanager/3.6.0.Final/hibernate-entitymanager-3.6.0.Final.jar:/home/jdbl/.m2/repository/cglib/cglib/2.2/cglib-2.2.jar:/home/jdbl/.m2/repository/asm/asm/3.1/asm-3.1.jar:/home/jdbl/.m2/repository/javassist/javassist/3.12.0.GA/javassist-3.12.0.GA.jar:/home/jdbl/.m2/repository/junit/junit/3.8.2/junit-3.8.2.jar:/home/jdbl/.m2/repository/hsqldb/hsqldb/1.7.3.3/hsqldb-1.7.3.3.jar:"/>
    <property name="java.vm.specification.version" value="1.8"/>
    <property name="sun.arch.data.model" value="64"/>
    <property name="java.home" value="/usr/local/openjdk-8/jre"/>
    <property name="sun.java.command" value="/tmp/surefirebooter367079636761254753.jar /tmp/surefire3181485420880160458tmp /tmp/surefire3037470149877630240tmp"/>
    <property name="java.specification.vendor" value="Oracle Corporation"/>
    <property name="user.language" value="en"/>
    <property name="awt.toolkit" value="sun.awt.X11.XToolkit"/>
    <property name="java.vm.info" value="mixed mode"/>
    <property name="java.version" value="1.8.0_262"/>
    <property name="java.ext.dirs" value="/usr/local/openjdk-8/jre/lib/ext:/usr/java/packages/lib/ext"/>
    <property name="sun.boot.class.path" value="/usr/local/openjdk-8/jre/lib/resources.jar:/usr/local/openjdk-8/jre/lib/rt.jar:/usr/local/openjdk-8/jre/lib/sunrsasign.jar:/usr/local/openjdk-8/jre/lib/jsse.jar:/usr/local/openjdk-8/jre/lib/jce.jar:/usr/local/openjdk-8/jre/lib/charsets.jar:/usr/local/openjdk-8/jre/lib/jfr.jar:/usr/local/openjdk-8/jre/classes"/>
    <property name="java.vendor" value="Oracle Corporation"/>
    <property name="localRepository" value="/home/jdbl/.m2/repository"/>
    <property name="file.separator" value="/"/>
    <property name="java.vendor.url.bug" value="http://bugreport.sun.com/bugreport/"/>
    <property name="sun.cpu.endian" value="little"/>
    <property name="sun.io.unicode.encoding" value="UnicodeLittle"/>
    <property name="sun.cpu.isalist" value=""/>
  </properties>
  <testcase classname="org.joda.time.contrib.hibernate.TestPersistentInterval" name="testQueryInsideInterval" time="0.078"/>
  <testcase classname="org.joda.time.contrib.hibernate.TestPersistentInterval" name="testQueryOutsideInterval" time="0.014"/>
  <testcase classname="org.joda.time.contrib.hibernate.TestPersistentInterval" name="testQueryById" time="0.016"/>
</testsuite>