<?xml version="1.0" encoding="UTF-8"?>
<testsuite xmlns:xsi="http://www.w3.org/2001/XMLSchema-instance" xsi:noNamespaceSchemaLocation="https://maven.apache.org/surefire/maven-surefire-plugin/xsd/surefire-test-report.xsd" name="org.apache.commons.csv.CSVParserTest" time="0.06" tests="75" errors="0" skipped="3" failures="0">
  <properties>
    <property name="awt.toolkit" value="sun.awt.X11.XToolkit"/>
    <property name="maven.test.error.ignore" value="true"/>
    <property name="file.encoding.pkg" value="sun.io"/>
    <property name="java.specification.version" value="1.8"/>
    <property name="sun.cpu.isalist" value=""/>
    <property name="sun.jnu.encoding" value="UTF-8"/>
    <property name="java.class.path" value="/tmp/tmp2reqp6_n/commons-csv/target/test-classes:/tmp/tmp2reqp6_n/commons-csv/target/classes:/home/jdbl/.m2/repository/junit/junit/4.12/junit-4.12.jar:/home/jdbl/.m2/repository/org/hamcrest/hamcrest-core/1.3/hamcrest-core-1.3.jar:/home/jdbl/.m2/repository/org/mockito/mockito-all/1.10.19/mockito-all-1.10.19.jar:/home/jdbl/.m2/repository/commons-io/commons-io/2.6/commons-io-2.6.jar:/home/jdbl/.m2/repository/org/apache/commons/commons-lang3/3.8/commons-lang3-3.8.jar:/home/jdbl/.m2/repository/com/h2database/h2/1.4.196/h2-1.4.196.jar:"/>
    <property name="java.vm.vendor" value="Oracle Corporation"/>
    <property name="maven.javadoc.skip" value="true"/>
    <property name="sun.arch.data.model" value="64"/>
    <property name="java.vendor.url" value="http://java.oracle.com/"/>
    <property name="user.timezone" value=""/>
    <property name="java.vm.specification.version" value="1.8"/>
    <property name="os.name" value="Linux"/>
    <property name="rat.skip" value="true"/>
    <property name="sun.java.launcher" value="SUN_STANDARD"/>
    <property name="sun.boot.library.path" value="/usr/local/openjdk-8/jre/lib/amd64"/>
    <property name="sun.java.command" value="/tmp/tmp2reqp6_n/commons-csv/target/surefire/surefirebooter564589123408311622.jar /tmp/tmp2reqp6_n/commons-csv/target/surefire 2020-07-30T15-20-10_113-jvmRun1 surefire5694624867907665045tmp surefire_05129059254180272106tmp"/>
    <property name="surefire.test.class.path" value="/tmp/tmp2reqp6_n/commons-csv/target/test-classes:/tmp/tmp2reqp6_n/commons-csv/target/classes:/home/jdbl/.m2/repository/junit/junit/4.12/junit-4.12.jar:/home/jdbl/.m2/repository/org/hamcrest/hamcrest-core/1.3/hamcrest-core-1.3.jar:/home/jdbl/.m2/repository/org/mockito/mockito-all/1.10.19/mockito-all-1.10.19.jar:/home/jdbl/.m2/repository/commons-io/commons-io/2.6/commons-io-2.6.jar:/home/jdbl/.m2/repository/org/apache/commons/commons-lang3/3.8/commons-lang3-3.8.jar:/home/jdbl/.m2/repository/com/h2database/h2/1.4.196/h2-1.4.196.jar:"/>
    <property name="sun.cpu.endian" value="little"/>
    <property name="user.home" value="/home/jdbl"/>
    <property name="user.language" value="en"/>
    <property name="java.specification.vendor" value="Oracle Corporation"/>
    <property name="java.home" value="/usr/local/openjdk-8/jre"/>
    <property name="basedir" value="/tmp/tmp2reqp6_n/commons-csv"/>
    <property name="file.separator" value="/"/>
    <property name="line.separator" value="&#10;"/>
    <property name="source.skip" value="true"/>
    <property name="java.vm.specification.vendor" value="Oracle Corporation"/>
    <property name="java.specification.name" value="Java Platform API Specification"/>
    <property name="java.awt.graphicsenv" value="sun.awt.X11GraphicsEnvironment"/>
    <property name="surefire.real.class.path" value="/tmp/tmp2reqp6_n/commons-csv/target/surefire/surefirebooter564589123408311622.jar:/home/jdbl/.m2/repository/org/jacoco/org.jacoco.agent/0.8.1/org.jacoco.agent-0.8.1-runtime.jar"/>
    <property name="sun.boot.class.path" value="/usr/local/openjdk-8/jre/lib/resources.jar:/usr/local/openjdk-8/jre/lib/rt.jar:/usr/local/openjdk-8/jre/lib/sunrsasign.jar:/usr/local/openjdk-8/jre/lib/jsse.jar:/usr/local/openjdk-8/jre/lib/jce.jar:/usr/local/openjdk-8/jre/lib/charsets.jar:/usr/local/openjdk-8/jre/lib/jfr.jar:/usr/local/openjdk-8/jre/classes"/>
    <property name="sun.management.compiler" value="HotSpot 64-Bit Tiered Compilers"/>
    <property name="java.runtime.version" value="1.8.0_262-b10"/>
    <property name="user.name" value="jdbl"/>
    <property name="path.separator" value=":"/>
    <property name="os.version" value="4.15.0-109-generic"/>
    <property name="java.endorsed.dirs" value="/usr/local/openjdk-8/jre/lib/endorsed"/>
    <property name="java.runtime.name" value="OpenJDK Runtime Environment"/>
    <property name="file.encoding" value="UTF-8"/>
    <property name="java.vm.name" value="OpenJDK 64-Bit Server VM"/>
    <property name="localRepository" value="/home/jdbl/.m2/repository"/>
    <property name="java.vendor.url.bug" value="http://bugreport.sun.com/bugreport/"/>
    <property name="java.io.tmpdir" value="/tmp"/>
    <property name="java.version" value="1.8.0_262"/>
    <property name="user.dir" value="/tmp/tmp2reqp6_n/commons-csv"/>
    <property name="os.arch" value="amd64"/>
    <property name="license.skip" value="true"/>
    <property name="animal.sniffer.skip" value="true"/>
    <property name="java.vm.specification.name" value="Java Virtual Machine Specification"/>
    <property name="java.awt.printerjob" value="sun.print.PSPrinterJob"/>
    <property name="sun.os.patch.level" value="unknown"/>
    <property name="java.library.path" value="/usr/java/packages/lib/amd64:/usr/lib64:/lib64:/lib:/usr/lib"/>
    <property name="java.vm.info" value="mixed mode"/>
    <property name="java.vendor" value="Oracle Corporation"/>
    <property name="java.vm.version" value="25.262-b10"/>
    <property name="java.ext.dirs" value="/usr/local/openjdk-8/jre/lib/ext:/usr/java/packages/lib/ext"/>
    <property name="sun.io.unicode.encoding" value="UnicodeLittle"/>
    <property name="java.class.version" value="52.0"/>
    <property name="maven.test.failure.ignore" value="true"/>
  </properties>
  <testcase name="testBackslashEscapingOld" classname="org.apache.commons.csv.CSVParserTest" time="0">
    <skipped/>
  </testcase>
  <testcase name="testStartWithEmptyLinesThenHeaders" classname="org.apache.commons.csv.CSVParserTest" time="0">
    <skipped/>
  </testcase>
  <testcase name="testBOMInputStream_parseWithReader" classname="org.apache.commons.csv.CSVParserTest" time="0.005"/>
  <testcase name="testExcelHeaderCountLessThanData" classname="org.apache.commons.csv.CSVParserTest" time="0"/>
  <testcase name="testMultipleIterators" classname="org.apache.commons.csv.CSVParserTest" time="0"/>
  <testcase name="testHeaderComment" classname="org.apache.commons.csv.CSVParserTest" time="0.001"/>
  <testcase name="testDefaultFormat" classname="org.apache.commons.csv.CSVParserTest" time="0.001"/>
  <testcase name="testGetRecordPositionWithCRLF" classname="org.apache.commons.csv.CSVParserTest" time="0"/>
  <testcase name="testHeaderMissing" classname="org.apache.commons.csv.CSVParserTest" time="0"/>
  <testcase name="testTrailingDelimiter" classname="org.apache.commons.csv.CSVParserTest" time="0"/>
  <testcase name="testBOMInputStream_ParserWithInputStream" classname="org.apache.commons.csv.CSVParserTest" time="0.001"/>
  <testcase name="testBOM" classname="org.apache.commons.csv.CSVParserTest" time="0">
    <skipped message="CSV-107"/>
  </testcase>
  <testcase name="testFirstEndOfLineCrLf" classname="org.apache.commons.csv.CSVParserTest" time="0"/>
  <testcase name="testProvidedHeaderAuto" classname="org.apache.commons.csv.CSVParserTest" time="0"/>
  <testcase name="testGetRecordWithMultiLineValues" classname="org.apache.commons.csv.CSVParserTest" time="0"/>
  <testcase name="testParseNullStringFormat" classname="org.apache.commons.csv.CSVParserTest" time="0"/>
  <testcase name="testSkipSetAltHeaders" classname="org.apache.commons.csv.CSVParserTest" time="0"/>
  <testcase name="testGetRecordNumberWithCR" classname="org.apache.commons.csv.CSVParserTest" time="0"/>
  <testcase name="testGetRecordNumberWithLF" classname="org.apache.commons.csv.CSVParserTest" time="0"/>
  <testcase name="testCSV57" classname="org.apache.commons.csv.CSVParserTest" time="0"/>
  <testcase name="testClose" classname="org.apache.commons.csv.CSVParserTest" time="0"/>
  <testcase name="testParse" classname="org.apache.commons.csv.CSVParserTest" time="0.005"/>
  <testcase name="testTrim" classname="org.apache.commons.csv.CSVParserTest" time="0.001"/>
  <testcase name="testGetLineNumberWithCR" classname="org.apache.commons.csv.CSVParserTest" time="0"/>
  <testcase name="testGetLineNumberWithLF" classname="org.apache.commons.csv.CSVParserTest" time="0"/>
  <testcase name="testParserUrlNullCharsetFormat" classname="org.apache.commons.csv.CSVParserTest" time="0.002"/>
  <testcase name="testForEach" classname="org.apache.commons.csv.CSVParserTest" time="0"/>
  <testcase name="testGetOneLine" classname="org.apache.commons.csv.CSVParserTest" time="0"/>
  <testcase name="testGetLineNumberWithCRLF" classname="org.apache.commons.csv.CSVParserTest" time="0"/>
  <testcase name="testCarriageReturnLineFeedEndings" classname="org.apache.commons.csv.CSVParserTest" time="0"/>
  <testcase name="testGetRecordNumberWithCRLF" classname="org.apache.commons.csv.CSVParserTest" time="0"/>
  <testcase name="testParseUrlCharsetNullFormat" classname="org.apache.commons.csv.CSVParserTest" time="0"/>
  <testcase name="testBOMInputStream_ParserWithReader" classname="org.apache.commons.csv.CSVParserTest" time="0.004"/>
  <testcase name="testEmptyFile" classname="org.apache.commons.csv.CSVParserTest" time="0"/>
  <testcase name="testCarriageReturnEndings" classname="org.apache.commons.csv.CSVParserTest" time="0"/>
  <testcase name="testGetLine" classname="org.apache.commons.csv.CSVParserTest" time="0.001"/>
  <testcase name="testIgnoreCaseHeaderMapping" classname="org.apache.commons.csv.CSVParserTest" time="0"/>
  <testcase name="testGetRecordPositionWithLF" classname="org.apache.commons.csv.CSVParserTest" time="0"/>
  <testcase name="testGetOneLineOneParser" classname="org.apache.commons.csv.CSVParserTest" time="0"/>
  <testcase name="testHeadersMissingException" classname="org.apache.commons.csv.CSVParserTest" time="0.001"/>
  <testcase name="testProvidedHeader" classname="org.apache.commons.csv.CSVParserTest" time="0"/>
  <testcase name="testIteratorSequenceBreaking" classname="org.apache.commons.csv.CSVParserTest" time="0"/>
  <testcase name="testSkipHeaderOverrideDuplicateHeaders" classname="org.apache.commons.csv.CSVParserTest" time="0"/>
  <testcase name="testParseNullUrlCharsetFormat" classname="org.apache.commons.csv.CSVParserTest" time="0"/>
  <testcase name="testInvalidFormat" classname="org.apache.commons.csv.CSVParserTest" time="0.005"/>
  <testcase name="testBackslashEscaping2" classname="org.apache.commons.csv.CSVParserTest" time="0"/>
  <testcase name="testExcelFormat1" classname="org.apache.commons.csv.CSVParserTest" time="0"/>
  <testcase name="testExcelFormat2" classname="org.apache.commons.csv.CSVParserTest" time="0"/>
  <testcase name="testEndOfFileBehaviourExcel" classname="org.apache.commons.csv.CSVParserTest" time="0"/>
  <testcase name="testRoundtrip" classname="org.apache.commons.csv.CSVParserTest" time="0"/>
  <testcase name="testNoHeaderMap" classname="org.apache.commons.csv.CSVParserTest" time="0"/>
  <testcase name="testParseFileNullFormat" classname="org.apache.commons.csv.CSVParserTest" time="0"/>
  <testcase name="testGetHeaderMap" classname="org.apache.commons.csv.CSVParserTest" time="0"/>
  <testcase name="testBackslashEscaping" classname="org.apache.commons.csv.CSVParserTest" time="0"/>
  <testcase name="testLineFeedEndings" classname="org.apache.commons.csv.CSVParserTest" time="0.001"/>
  <testcase name="testParseNullPathFormat" classname="org.apache.commons.csv.CSVParserTest" time="0"/>
  <testcase name="testMappedButNotSetAsOutlook2007ContactExport" classname="org.apache.commons.csv.CSVParserTest" time="0"/>
  <testcase name="testEmptyLineBehaviourCSV" classname="org.apache.commons.csv.CSVParserTest" time="0"/>
  <testcase name="testSkipSetHeader" classname="org.apache.commons.csv.CSVParserTest" time="0"/>
  <testcase name="testHeaderMissingWithNull" classname="org.apache.commons.csv.CSVParserTest" time="0"/>
  <testcase name="testIgnoreEmptyLines" classname="org.apache.commons.csv.CSVParserTest" time="0.003"/>
  <testcase name="testEndOfFileBehaviorCSV" classname="org.apache.commons.csv.CSVParserTest" time="0"/>
  <testcase name="testNewCSVParserNullReaderFormat" classname="org.apache.commons.csv.CSVParserTest" time="0"/>
  <testcase name="testParseStringNullFormat" classname="org.apache.commons.csv.CSVParserTest" time="0"/>
  <testcase name="testEmptyLineBehaviourExcel" classname="org.apache.commons.csv.CSVParserTest" time="0.014"/>
  <testcase name="testHeader" classname="org.apache.commons.csv.CSVParserTest" time="0"/>
  <testcase name="testGetRecords" classname="org.apache.commons.csv.CSVParserTest" time="0"/>
  <testcase name="testHeadersMissing" classname="org.apache.commons.csv.CSVParserTest" time="0"/>
  <testcase name="testFirstEndOfLineCr" classname="org.apache.commons.csv.CSVParserTest" time="0"/>
  <testcase name="testFirstEndOfLineLf" classname="org.apache.commons.csv.CSVParserTest" time="0"/>
  <testcase name="testDuplicateHeaders" classname="org.apache.commons.csv.CSVParserTest" time="0"/>
  <testcase name="testIterator" classname="org.apache.commons.csv.CSVParserTest" time="0"/>
  <testcase name="testParseNullFileFormat" classname="org.apache.commons.csv.CSVParserTest" time="0"/>
  <testcase name="testSkipAutoHeader" classname="org.apache.commons.csv.CSVParserTest" time="0"/>
  <testcase name="testNewCSVParserReaderNullFormat" classname="org.apache.commons.csv.CSVParserTest" time="0"/>
</testsuite>