<?xml version="1.0" encoding="UTF-8"?>
<testsuite xmlns:xsi="http://www.w3.org/2001/XMLSchema-instance" xsi:noNamespaceSchemaLocation="https://maven.apache.org/surefire/maven-surefire-plugin/xsd/surefire-test-report.xsd" name="org.apache.commons.csv.CSVPrinterTest" time="5.866" tests="91" errors="0" skipped="9" failures="0">
  <properties>
    <property name="awt.toolkit" value="sun.awt.X11.XToolkit"/>
    <property name="maven.test.error.ignore" value="true"/>
    <property name="file.encoding.pkg" value="sun.io"/>
    <property name="java.specification.version" value="1.8"/>
    <property name="sun.cpu.isalist" value=""/>
    <property name="sun.jnu.encoding" value="UTF-8"/>
    <property name="java.class.path" value="/tmp/tmp2reqp6_n/commons-csv/target/test-classes:/tmp/tmp2reqp6_n/commons-csv/target/classes:/home/jdbl/.m2/repository/junit/junit/4.12/junit-4.12.jar:/home/jdbl/.m2/repository/org/hamcrest/hamcrest-core/1.3/hamcrest-core-1.3.jar:/home/jdbl/.m2/repository/org/mockito/mockito-all/1.10.19/mockito-all-1.10.19.jar:/home/jdbl/.m2/repository/commons-io/commons-io/2.6/commons-io-2.6.jar:/home/jdbl/.m2/repository/org/apache/commons/commons-lang3/3.8/commons-lang3-3.8.jar:/home/jdbl/.m2/repository/com/h2database/h2/1.4.196/h2-1.4.196.jar:"/>
    <property name="java.vm.vendor" value="Oracle Corporation"/>
    <property name="maven.javadoc.skip" value="true"/>
    <property name="sun.arch.data.model" value="64"/>
    <property name="java.vendor.url" value="http://java.oracle.com/"/>
    <property name="user.timezone" value=""/>
    <property name="java.vm.specification.version" value="1.8"/>
    <property name="os.name" value="Linux"/>
    <property name="rat.skip" value="true"/>
    <property name="sun.java.launcher" value="SUN_STANDARD"/>
    <property name="sun.boot.library.path" value="/usr/local/openjdk-8/jre/lib/amd64"/>
    <property name="sun.java.command" value="/tmp/tmp2reqp6_n/commons-csv/target/surefire/surefirebooter564589123408311622.jar /tmp/tmp2reqp6_n/commons-csv/target/surefire 2020-07-30T15-20-10_113-jvmRun1 surefire5694624867907665045tmp surefire_05129059254180272106tmp"/>
    <property name="surefire.test.class.path" value="/tmp/tmp2reqp6_n/commons-csv/target/test-classes:/tmp/tmp2reqp6_n/commons-csv/target/classes:/home/jdbl/.m2/repository/junit/junit/4.12/junit-4.12.jar:/home/jdbl/.m2/repository/org/hamcrest/hamcrest-core/1.3/hamcrest-core-1.3.jar:/home/jdbl/.m2/repository/org/mockito/mockito-all/1.10.19/mockito-all-1.10.19.jar:/home/jdbl/.m2/repository/commons-io/commons-io/2.6/commons-io-2.6.jar:/home/jdbl/.m2/repository/org/apache/commons/commons-lang3/3.8/commons-lang3-3.8.jar:/home/jdbl/.m2/repository/com/h2database/h2/1.4.196/h2-1.4.196.jar:"/>
    <property name="sun.cpu.endian" value="little"/>
    <property name="user.home" value="/home/jdbl"/>
    <property name="user.language" value="en"/>
    <property name="java.specification.vendor" value="Oracle Corporation"/>
    <property name="java.home" value="/usr/local/openjdk-8/jre"/>
    <property name="basedir" value="/tmp/tmp2reqp6_n/commons-csv"/>
    <property name="file.separator" value="/"/>
    <property name="line.separator" value="&#10;"/>
    <property name="source.skip" value="true"/>
    <property name="java.vm.specification.vendor" value="Oracle Corporation"/>
    <property name="java.specification.name" value="Java Platform API Specification"/>
    <property name="java.awt.graphicsenv" value="sun.awt.X11GraphicsEnvironment"/>
    <property name="surefire.real.class.path" value="/tmp/tmp2reqp6_n/commons-csv/target/surefire/surefirebooter564589123408311622.jar:/home/jdbl/.m2/repository/org/jacoco/org.jacoco.agent/0.8.1/org.jacoco.agent-0.8.1-runtime.jar"/>
    <property name="sun.boot.class.path" value="/usr/local/openjdk-8/jre/lib/resources.jar:/usr/local/openjdk-8/jre/lib/rt.jar:/usr/local/openjdk-8/jre/lib/sunrsasign.jar:/usr/local/openjdk-8/jre/lib/jsse.jar:/usr/local/openjdk-8/jre/lib/jce.jar:/usr/local/openjdk-8/jre/lib/charsets.jar:/usr/local/openjdk-8/jre/lib/jfr.jar:/usr/local/openjdk-8/jre/classes"/>
    <property name="sun.management.compiler" value="HotSpot 64-Bit Tiered Compilers"/>
    <property name="java.runtime.version" value="1.8.0_262-b10"/>
    <property name="user.name" value="jdbl"/>
    <property name="path.separator" value=":"/>
    <property name="os.version" value="4.15.0-109-generic"/>
    <property name="java.endorsed.dirs" value="/usr/local/openjdk-8/jre/lib/endorsed"/>
    <property name="java.runtime.name" value="OpenJDK Runtime Environment"/>
    <property name="file.encoding" value="UTF-8"/>
    <property name="java.vm.name" value="OpenJDK 64-Bit Server VM"/>
    <property name="localRepository" value="/home/jdbl/.m2/repository"/>
    <property name="java.vendor.url.bug" value="http://bugreport.sun.com/bugreport/"/>
    <property name="java.io.tmpdir" value="/tmp"/>
    <property name="java.version" value="1.8.0_262"/>
    <property name="user.dir" value="/tmp/tmp2reqp6_n/commons-csv"/>
    <property name="os.arch" value="amd64"/>
    <property name="license.skip" value="true"/>
    <property name="animal.sniffer.skip" value="true"/>
    <property name="java.vm.specification.name" value="Java Virtual Machine Specification"/>
    <property name="java.awt.printerjob" value="sun.print.PSPrinterJob"/>
    <property name="sun.os.patch.level" value="unknown"/>
    <property name="java.library.path" value="/usr/java/packages/lib/amd64:/usr/lib64:/lib64:/lib:/usr/lib"/>
    <property name="java.vm.info" value="mixed mode"/>
    <property name="java.vendor" value="Oracle Corporation"/>
    <property name="java.vm.version" value="25.262-b10"/>
    <property name="java.ext.dirs" value="/usr/local/openjdk-8/jre/lib/ext:/usr/java/packages/lib/ext"/>
    <property name="sun.io.unicode.encoding" value="UnicodeLittle"/>
    <property name="java.class.version" value="52.0"/>
    <property name="maven.test.failure.ignore" value="true"/>
  </properties>
  <testcase name="testPrintRecordsWithEmptyVector" classname="org.apache.commons.csv.CSVPrinterTest" time="0.001"/>
  <testcase name="testHeaderCommentTdf" classname="org.apache.commons.csv.CSVPrinterTest" time="0.007"/>
  <testcase name="testDelimeterQuoteNONE" classname="org.apache.commons.csv.CSVPrinterTest" time="0.001"/>
  <testcase name="testHeaderNotSet" classname="org.apache.commons.csv.CSVPrinterTest" time="0"/>
  <testcase name="testRandomExcel" classname="org.apache.commons.csv.CSVPrinterTest" time="1.222"/>
  <testcase name="testRandomMySql" classname="org.apache.commons.csv.CSVPrinterTest" time="0.866"/>
  <testcase name="testExcelPrintAllArrayOfLists" classname="org.apache.commons.csv.CSVPrinterTest" time="0"/>
  <testcase name="testPrintOnePositiveInteger" classname="org.apache.commons.csv.CSVPrinterTest" time="0.001"/>
  <testcase name="testPrint" classname="org.apache.commons.csv.CSVPrinterTest" time="0"/>
  <testcase name="testQuoteNonNumeric" classname="org.apache.commons.csv.CSVPrinterTest" time="0"/>
  <testcase name="testPrintRecordsWithResultSetOneRow" classname="org.apache.commons.csv.CSVPrinterTest" time="0.1"/>
  <testcase name="testCloseWithCsvFormatAutoFlushOff" classname="org.apache.commons.csv.CSVPrinterTest" time="0.244"/>
  <testcase name="testJdbcPrinterWithResultSetMetaData" classname="org.apache.commons.csv.CSVPrinterTest" time="0.636"/>
  <testcase name="testEOLEscaped" classname="org.apache.commons.csv.CSVPrinterTest" time="0"/>
  <testcase name="testEscapeNull1" classname="org.apache.commons.csv.CSVPrinterTest" time="0"/>
  <testcase name="testEscapeNull2" classname="org.apache.commons.csv.CSVPrinterTest" time="0"/>
  <testcase name="testEscapeNull3" classname="org.apache.commons.csv.CSVPrinterTest" time="0"/>
  <testcase name="testEscapeNull4" classname="org.apache.commons.csv.CSVPrinterTest" time="0"/>
  <testcase name="testEscapeNull5" classname="org.apache.commons.csv.CSVPrinterTest" time="0"/>
  <testcase name="testPrinter1" classname="org.apache.commons.csv.CSVPrinterTest" time="0"/>
  <testcase name="testPrinter2" classname="org.apache.commons.csv.CSVPrinterTest" time="0"/>
  <testcase name="testPrinter3" classname="org.apache.commons.csv.CSVPrinterTest" time="0"/>
  <testcase name="testPrinter4" classname="org.apache.commons.csv.CSVPrinterTest" time="0"/>
  <testcase name="testPrinter5" classname="org.apache.commons.csv.CSVPrinterTest" time="0"/>
  <testcase name="testPrinter6" classname="org.apache.commons.csv.CSVPrinterTest" time="0"/>
  <testcase name="testPrinter7" classname="org.apache.commons.csv.CSVPrinterTest" time="0"/>
  <testcase name="testDelimiterPlain" classname="org.apache.commons.csv.CSVPrinterTest" time="0"/>
  <testcase name="testPostgreSQLNullStringDefaultText" classname="org.apache.commons.csv.CSVPrinterTest" time="0"/>
  <testcase name="testJira135_part1" classname="org.apache.commons.csv.CSVPrinterTest" time="0">
    <skipped/>
  </testcase>
  <testcase name="testJira135_part2" classname="org.apache.commons.csv.CSVPrinterTest" time="0">
    <skipped/>
  </testcase>
  <testcase name="testJira135_part3" classname="org.apache.commons.csv.CSVPrinterTest" time="0">
    <skipped/>
  </testcase>
  <testcase name="testRandomPostgreSqlText" classname="org.apache.commons.csv.CSVPrinterTest" time="0">
    <skipped/>
  </testcase>
  <testcase name="testSingleQuoteQuoted" classname="org.apache.commons.csv.CSVPrinterTest" time="0"/>
  <testcase name="testPrintRecordsWithObjectArray" classname="org.apache.commons.csv.CSVPrinterTest" time="0"/>
  <testcase name="testTrimOffOneColumn" classname="org.apache.commons.csv.CSVPrinterTest" time="0"/>
  <testcase name="testDontQuoteEuroFirstChar" classname="org.apache.commons.csv.CSVPrinterTest" time="0"/>
  <testcase name="testTrailingDelimiterOnTwoColumns" classname="org.apache.commons.csv.CSVPrinterTest" time="0"/>
  <testcase name="testQuoteAll" classname="org.apache.commons.csv.CSVPrinterTest" time="0"/>
  <testcase name="testRandomTdf" classname="org.apache.commons.csv.CSVPrinterTest" time="1.121"/>
  <testcase name="testPrintToFileWithCharsetUtf16Be" classname="org.apache.commons.csv.CSVPrinterTest" time="0.03"/>
  <testcase name="testPostgreSqlCsvTextOutput" classname="org.apache.commons.csv.CSVPrinterTest" time="0">
    <skipped/>
  </testcase>
  <testcase name="testEOLQuoted" classname="org.apache.commons.csv.CSVPrinterTest" time="0"/>
  <testcase name="testPrintToPathWithDefaultCharset" classname="org.apache.commons.csv.CSVPrinterTest" time="0"/>
  <testcase name="testPostgreSqlCsvNullOutput" classname="org.apache.commons.csv.CSVPrinterTest" time="0">
    <skipped/>
  </testcase>
  <testcase name="testEOLPlain" classname="org.apache.commons.csv.CSVPrinterTest" time="0"/>
  <testcase name="testExcelPrintAllIterableOfLists" classname="org.apache.commons.csv.CSVPrinterTest" time="0"/>
  <testcase name="testTrimOnOneColumn" classname="org.apache.commons.csv.CSVPrinterTest" time="0"/>
  <testcase name="testDelimeterQuoted" classname="org.apache.commons.csv.CSVPrinterTest" time="0"/>
  <testcase name="testSkipHeaderRecordFalse" classname="org.apache.commons.csv.CSVPrinterTest" time="0"/>
  <testcase name="testPlainPlain" classname="org.apache.commons.csv.CSVPrinterTest" time="0"/>
  <testcase name="testSingleLineComment" classname="org.apache.commons.csv.CSVPrinterTest" time="0"/>
  <testcase name="testExcelPrintAllIterableOfArrays" classname="org.apache.commons.csv.CSVPrinterTest" time="0"/>
  <testcase name="testNewCsvPrinterAppendableNullFormat" classname="org.apache.commons.csv.CSVPrinterTest" time="0"/>
  <testcase name="testInvalidFormat" classname="org.apache.commons.csv.CSVPrinterTest" time="0"/>
  <testcase name="testRandomOracle" classname="org.apache.commons.csv.CSVPrinterTest" time="0">
    <skipped/>
  </testcase>
  <testcase name="testMultiLineComment" classname="org.apache.commons.csv.CSVPrinterTest" time="0"/>
  <testcase name="testJdbcPrinterWithResultSet" classname="org.apache.commons.csv.CSVPrinterTest" time="0.004"/>
  <testcase name="testQuoteCommaFirstChar" classname="org.apache.commons.csv.CSVPrinterTest" time="0"/>
  <testcase name="testPlainQuoted" classname="org.apache.commons.csv.CSVPrinterTest" time="0"/>
  <testcase name="testRandomRfc4180" classname="org.apache.commons.csv.CSVPrinterTest" time="0.962"/>
  <testcase name="testExcelPrintAllArrayOfArrays" classname="org.apache.commons.csv.CSVPrinterTest" time="0"/>
  <testcase name="testJdbcPrinter" classname="org.apache.commons.csv.CSVPrinterTest" time="0.004"/>
  <testcase name="testEscapeBackslash1" classname="org.apache.commons.csv.CSVPrinterTest" time="0"/>
  <testcase name="testEscapeBackslash2" classname="org.apache.commons.csv.CSVPrinterTest" time="0"/>
  <testcase name="testEscapeBackslash3" classname="org.apache.commons.csv.CSVPrinterTest" time="0"/>
  <testcase name="testEscapeBackslash4" classname="org.apache.commons.csv.CSVPrinterTest" time="0"/>
  <testcase name="testEscapeBackslash5" classname="org.apache.commons.csv.CSVPrinterTest" time="0"/>
  <testcase name="testSkipHeaderRecordTrue" classname="org.apache.commons.csv.CSVPrinterTest" time="0"/>
  <testcase name="testRandomDefault" classname="org.apache.commons.csv.CSVPrinterTest" time="0.634"/>
  <testcase name="testCloseBackwardCompatibility" classname="org.apache.commons.csv.CSVPrinterTest" time="0"/>
  <testcase name="testCloseWithCsvFormatAutoFlushOn" classname="org.apache.commons.csv.CSVPrinterTest" time="0.001"/>
  <testcase name="testTrimOnTwoColumns" classname="org.apache.commons.csv.CSVPrinterTest" time="0"/>
  <testcase name="testDelimiterEscaped" classname="org.apache.commons.csv.CSVPrinterTest" time="0"/>
  <testcase name="testPostgreSQLNullStringDefaultCsv" classname="org.apache.commons.csv.CSVPrinterTest" time="0"/>
  <testcase name="testHeader" classname="org.apache.commons.csv.CSVPrinterTest" time="0.001"/>
  <testcase name="testParseCustomNullValues" classname="org.apache.commons.csv.CSVPrinterTest" time="0"/>
  <testcase name="testPrintCustomNullValues" classname="org.apache.commons.csv.CSVPrinterTest" time="0"/>
  <testcase name="testPrintNullValues" classname="org.apache.commons.csv.CSVPrinterTest" time="0"/>
  <testcase name="testRandomPostgreSqlCsv" classname="org.apache.commons.csv.CSVPrinterTest" time="0">
    <skipped/>
  </testcase>
  <testcase name="testHeaderCommentExcel" classname="org.apache.commons.csv.CSVPrinterTest" time="0"/>
  <testcase name="testExcelPrinter1" classname="org.apache.commons.csv.CSVPrinterTest" time="0"/>
  <testcase name="testExcelPrinter2" classname="org.apache.commons.csv.CSVPrinterTest" time="0.005"/>
  <testcase name="testCloseWithFlushOn" classname="org.apache.commons.csv.CSVPrinterTest" time="0"/>
  <testcase name="testMySqlNullOutput" classname="org.apache.commons.csv.CSVPrinterTest" time="0"/>
  <testcase name="testJira135All" classname="org.apache.commons.csv.CSVPrinterTest" time="0">
    <skipped/>
  </testcase>
  <testcase name="testMySqlNullStringDefault" classname="org.apache.commons.csv.CSVPrinterTest" time="0"/>
  <testcase name="testNewCSVPrinterNullAppendableFormat" classname="org.apache.commons.csv.CSVPrinterTest" time="0"/>
  <testcase name="testPlainEscaped" classname="org.apache.commons.csv.CSVPrinterTest" time="0"/>
  <testcase name="testPrintToFileWithDefaultCharset" classname="org.apache.commons.csv.CSVPrinterTest" time="0"/>
  <testcase name="testCloseWithFlushOff" classname="org.apache.commons.csv.CSVPrinterTest" time="0"/>
  <testcase name="testDisabledComment" classname="org.apache.commons.csv.CSVPrinterTest" time="0"/>
</testsuite>