<?xml version="1.0" encoding="UTF-8"?>
<testsuite xmlns:xsi="http://www.w3.org/2001/XMLSchema-instance" xsi:schemaLocation="https://maven.apache.org/surefire/maven-surefire-plugin/xsd/surefire-test-report.xsd" name="org.joda.money.format.TestMoneyFormatter" time="0.043" tests="64" errors="0" skipped="0" failures="0">
  <properties>
    <property name="java.runtime.name" value="OpenJDK Runtime Environment"/>
    <property name="sun.boot.library.path" value="/usr/local/openjdk-8/jre/lib/amd64"/>
    <property name="java.vm.version" value="25.262-b10"/>
    <property name="animal.sniffer.skip" value="true"/>
    <property name="java.vm.vendor" value="Oracle Corporation"/>
    <property name="maven.multiModuleProjectDirectory" value="/tmp/tmp70aw9bq6/joda-money"/>
    <property name="maven.javadoc.skip" value="true"/>
    <property name="java.vendor.url" value="http://java.oracle.com/"/>
    <property name="path.separator" value=":"/>
    <property name="guice.disable.misplaced.annotation.check" value="true"/>
    <property name="java.vm.name" value="OpenJDK 64-Bit Server VM"/>
    <property name="file.encoding.pkg" value="sun.io"/>
    <property name="sun.java.launcher" value="SUN_STANDARD"/>
    <property name="sun.os.patch.level" value="unknown"/>
    <property name="source.skip" value="true"/>
    <property name="java.vm.specification.name" value="Java Virtual Machine Specification"/>
    <property name="user.dir" value="/tmp/tmp70aw9bq6/joda-money"/>
    <property name="java.runtime.version" value="1.8.0_262-b10"/>
    <property name="java.awt.graphicsenv" value="sun.awt.X11GraphicsEnvironment"/>
    <property name="java.endorsed.dirs" value="/usr/local/openjdk-8/jre/lib/endorsed"/>
    <property name="os.arch" value="amd64"/>
    <property name="java.io.tmpdir" value="/tmp"/>
    <property name="line.separator" value="&#10;"/>
    <property name="java.vm.specification.vendor" value="Oracle Corporation"/>
    <property name="os.name" value="Linux"/>
    <property name="classworlds.conf" value="/usr/share/maven/bin/m2.conf"/>
    <property name="sun.jnu.encoding" value="UTF-8"/>
    <property name="java.library.path" value="/usr/java/packages/lib/amd64:/usr/lib64:/lib64:/lib:/usr/lib"/>
    <property name="license.skip" value="true"/>
    <property name="maven.conf" value="/usr/share/maven/conf"/>
    <property name="java.specification.name" value="Java Platform API Specification"/>
    <property name="java.class.version" value="52.0"/>
    <property name="sun.management.compiler" value="HotSpot 64-Bit Tiered Compilers"/>
    <property name="maven.test.failure.ignore" value="true"/>
    <property name="os.version" value="4.15.0-109-generic"/>
    <property name="library.jansi.path" value="/usr/share/maven/lib/jansi-native"/>
    <property name="user.home" value="/home/jdbl"/>
    <property name="user.timezone" value="Etc/UTC"/>
    <property name="java.awt.printerjob" value="sun.print.PSPrinterJob"/>
    <property name="java.specification.version" value="1.8"/>
    <property name="file.encoding" value="UTF-8"/>
    <property name="user.name" value="jdbl"/>
    <property name="java.class.path" value="/usr/share/maven/boot/plexus-classworlds-2.6.0.jar"/>
    <property name="java.vm.specification.version" value="1.8"/>
    <property name="sun.arch.data.model" value="64"/>
    <property name="java.home" value="/usr/local/openjdk-8/jre"/>
    <property name="sun.java.command" value="org.codehaus.plexus.classworlds.launcher.Launcher test -e --fail-never -ntp -Dmaven.test.failure.ignore=true -B -Dmaven.javadoc.skip=true -Drat.skip=true -Danimal.sniffer.skip=true -Dmaven.javadoc.skip=true -Dlicense.skip=true -Dsource.skip=true"/>
    <property name="java.specification.vendor" value="Oracle Corporation"/>
    <property name="user.language" value="en"/>
    <property name="awt.toolkit" value="sun.awt.X11.XToolkit"/>
    <property name="java.vm.info" value="mixed mode"/>
    <property name="java.version" value="1.8.0_262"/>
    <property name="java.ext.dirs" value="/usr/local/openjdk-8/jre/lib/ext:/usr/java/packages/lib/ext"/>
    <property name="securerandom.source" value="file:/dev/./urandom"/>
    <property name="sun.boot.class.path" value="/usr/local/openjdk-8/jre/lib/resources.jar:/usr/local/openjdk-8/jre/lib/rt.jar:/usr/local/openjdk-8/jre/lib/sunrsasign.jar:/usr/local/openjdk-8/jre/lib/jsse.jar:/usr/local/openjdk-8/jre/lib/jce.jar:/usr/local/openjdk-8/jre/lib/charsets.jar:/usr/local/openjdk-8/jre/lib/jfr.jar:/usr/local/openjdk-8/jre/classes"/>
    <property name="java.vendor" value="Oracle Corporation"/>
    <property name="rat.skip" value="true"/>
    <property name="maven.home" value="/usr/share/maven"/>
    <property name="file.separator" value="/"/>
    <property name="java.vendor.url.bug" value="http://bugreport.sun.com/bugreport/"/>
    <property name="sun.cpu.endian" value="little"/>
    <property name="sun.io.unicode.encoding" value="UnicodeLittle"/>
    <property name="sun.cpu.isalist" value=""/>
  </properties>
  <testcase name="test_parse_CharSequenceInt_cannotParse" classname="org.joda.money.format.TestMoneyFormatter" time="0.006"/>
  <testcase name="test_parseBigMoney_CharSequence_notFullyParsed" classname="org.joda.money.format.TestMoneyFormatter" time="0.002"/>
  <testcase name="test_parseMoney_notFullyParsed" classname="org.joda.money.format.TestMoneyFormatter" time="0"/>
  <testcase name="test_parse_CharSequenceInt_continueAfterSingleComma" classname="org.joda.money.format.TestMoneyFormatter" time="0"/>
  <testcase name="test_print_AppendableBigMoneyProvider_nullBigMoneyProvider" classname="org.joda.money.format.TestMoneyFormatter" time="0"/>
  <testcase name="test_parseBigMoney_CharSequence_incomplete" classname="org.joda.money.format.TestMoneyFormatter" time="0"/>
  <testcase name="test_parse_CharSequenceInt_continueAfterDoubleDecimal" classname="org.joda.money.format.TestMoneyFormatter" time="0"/>
  <testcase name="test_parse_CharSequenceInt_continueAfterDoubleComma" classname="org.joda.money.format.TestMoneyFormatter" time="0"/>
  <testcase name="test_parse_CharSequenceInt_nullCharSequence" classname="org.joda.money.format.TestMoneyFormatter" time="0"/>
  <testcase name="test_printParse_zeroChar" classname="org.joda.money.format.TestMoneyFormatter" time="0.001"/>
  <testcase name="test_parseMoney_noAmount" classname="org.joda.money.format.TestMoneyFormatter" time="0"/>
  <testcase name="test_print_AppendableBigMoneyProvider" classname="org.joda.money.format.TestMoneyFormatter" time="0"/>
  <testcase name="test_parseBigMoney_CharSequence_cannotParse" classname="org.joda.money.format.TestMoneyFormatter" time="0"/>
  <testcase name="test_print_AppendableBigMoneyProvider_cannotPrint" classname="org.joda.money.format.TestMoneyFormatter" time="0"/>
  <testcase name="test_parse_CharSequenceInt[0: 12.34 GBP, 12.34, GBP, 9, -1, false, true, true]" classname="org.joda.money.format.TestMoneyFormatter" time="0"/>
  <testcase name="test_parse_CharSequenceInt[1: 1,2.34 GBP, 12.34, GBP, 10, -1, false, true, true]" classname="org.joda.money.format.TestMoneyFormatter" time="0"/>
  <testcase name="test_parse_CharSequenceInt[2: 12,.34 GBP, 12.34, GBP, 10, -1, false, true, true]" classname="org.joda.money.format.TestMoneyFormatter" time="0"/>
  <testcase name="test_parse_CharSequenceInt[3: 12.,34 GBP, 12.34, GBP, 10, -1, false, true, true]" classname="org.joda.money.format.TestMoneyFormatter" time="0"/>
  <testcase name="test_parse_CharSequenceInt[4: 12.3,4 GBP, 12.34, GBP, 10, -1, false, true, true]" classname="org.joda.money.format.TestMoneyFormatter" time="0"/>
  <testcase name="test_parse_CharSequenceInt[5: .12 GBP, 0.12, GBP, 7, -1, false, true, true]" classname="org.joda.money.format.TestMoneyFormatter" time="0"/>
  <testcase name="test_parse_CharSequenceInt[6: 12. GBP, 12, GBP, 7, -1, false, true, true]" classname="org.joda.money.format.TestMoneyFormatter" time="0"/>
  <testcase name="test_parse_CharSequenceInt[7: 12,34 GBP, 1234, GBP, 9, -1, false, true, true]" classname="org.joda.money.format.TestMoneyFormatter" time="0"/>
  <testcase name="test_parse_CharSequenceInt[8: -12.34 GBP, -12.34, GBP, 10, -1, false, true, true]" classname="org.joda.money.format.TestMoneyFormatter" time="0"/>
  <testcase name="test_parse_CharSequenceInt[9: +12.34 GBP, 12.34, GBP, 10, -1, false, true, true]" classname="org.joda.money.format.TestMoneyFormatter" time="0"/>
  <testcase name="test_parse_CharSequenceInt[10: 12.34 GB, 12.34, &lt;null&gt;, 6, 6, true, false, false]" classname="org.joda.money.format.TestMoneyFormatter" time="0"/>
  <testcase name="test_parse_CharSequenceInt[11: ,12.34 GBP, &lt;null&gt;, &lt;null&gt;, 0, 0, true, false, false]" classname="org.joda.money.format.TestMoneyFormatter" time="0"/>
  <testcase name="test_parse_CharSequenceInt[12: 12..34 GBP, 12, &lt;null&gt;, 3, 3, true, false, false]" classname="org.joda.money.format.TestMoneyFormatter" time="0"/>
  <testcase name="test_parse_CharSequenceInt[13: 12,,34 GBP, 12, &lt;null&gt;, 2, 2, true, false, false]" classname="org.joda.money.format.TestMoneyFormatter" time="0"/>
  <testcase name="test_parse_CharSequenceInt[14: 12.34 GBX, 12.34, &lt;null&gt;, 6, 6, true, false, false]" classname="org.joda.money.format.TestMoneyFormatter" time="0.001"/>
  <testcase name="test_parse_CharSequenceInt[15: 12.34 GBPX, 12.34, GBP, 9, -1, false, false, true]" classname="org.joda.money.format.TestMoneyFormatter" time="0"/>
  <testcase name="test_parseMoney_CharSequence_nullCharSequence" classname="org.joda.money.format.TestMoneyFormatter" time="0"/>
  <testcase name="test_parseBigMoney_CharSequence_incompleteEmptyParser" classname="org.joda.money.format.TestMoneyFormatter" time="0"/>
  <testcase name="test_parseMoney_CharSequence_incomplete" classname="org.joda.money.format.TestMoneyFormatter" time="0"/>
  <testcase name="test_print_BigMoneyProvider" classname="org.joda.money.format.TestMoneyFormatter" time="0"/>
  <testcase name="test_parse_CharSequenceInt_incomplete" classname="org.joda.money.format.TestMoneyFormatter" time="0.001"/>
  <testcase name="test_parseBigMoney_CharSequence_invalidCurrency" classname="org.joda.money.format.TestMoneyFormatter" time="0"/>
  <testcase name="test_parse_notFullyParsed" classname="org.joda.money.format.TestMoneyFormatter" time="0"/>
  <testcase name="test_parseBigMoney_noAmount" classname="org.joda.money.format.TestMoneyFormatter" time="0"/>
  <testcase name="test_printIO_AppendableBigMoneyProvider_cannotPrint" classname="org.joda.money.format.TestMoneyFormatter" time="0"/>
  <testcase name="test_parseMoney_CharSequence_cannotParse" classname="org.joda.money.format.TestMoneyFormatter" time="0"/>
  <testcase name="test_serialization" classname="org.joda.money.format.TestMoneyFormatter" time="0.004"/>
  <testcase name="test_printIO_AppendableBigMoneyProvider_nullAppendable" classname="org.joda.money.format.TestMoneyFormatter" time="0"/>
  <testcase name="test_print_AppendableBigMoneyProvider_nullAppendable" classname="org.joda.money.format.TestMoneyFormatter" time="0"/>
  <testcase name="test_parseMoney_CharSequence_invalidCurrency" classname="org.joda.money.format.TestMoneyFormatter" time="0"/>
  <testcase name="test_withLocale_nullLocale" classname="org.joda.money.format.TestMoneyFormatter" time="0"/>
  <testcase name="test_print_BigMoneyProvider_cannotPrint" classname="org.joda.money.format.TestMoneyFormatter" time="0.001"/>
  <testcase name="test_parse_CharSequenceInt_startIndexTooSmall" classname="org.joda.money.format.TestMoneyFormatter" time="0"/>
  <testcase name="test_print_AppendableBigMoneyProvider_IOException" classname="org.joda.money.format.TestMoneyFormatter" time="0"/>
  <testcase name="test_getLocale" classname="org.joda.money.format.TestMoneyFormatter" time="0"/>
  <testcase name="test_withLocale" classname="org.joda.money.format.TestMoneyFormatter" time="0"/>
  <testcase name="test_parseMoney_CharSequence_notFullyParsed" classname="org.joda.money.format.TestMoneyFormatter" time="0.001"/>
  <testcase name="test_printIO_AppendableBigMoneyProvider_nullBigMoneyProvider" classname="org.joda.money.format.TestMoneyFormatter" time="0"/>
  <testcase name="test_parseBigMoney_notFullyParsed" classname="org.joda.money.format.TestMoneyFormatter" time="0"/>
  <testcase name="test_toString_differentPrinterParser" classname="org.joda.money.format.TestMoneyFormatter" time="0"/>
  <testcase name="test_parseBigMoney_CharSequence_nullCharSequence" classname="org.joda.money.format.TestMoneyFormatter" time="0"/>
  <testcase name="test_parseBigMoney_CharSequence_incompleteLongText" classname="org.joda.money.format.TestMoneyFormatter" time="0.001"/>
  <testcase name="test_toString" classname="org.joda.money.format.TestMoneyFormatter" time="0"/>
  <testcase name="test_parse_CharSequenceInt_startIndexTooBig" classname="org.joda.money.format.TestMoneyFormatter" time="0"/>
  <testcase name="test_print_BigMoneyProvider_nullBigMoneyProvider" classname="org.joda.money.format.TestMoneyFormatter" time="0"/>
  <testcase name="test_parseBigMoney_CharSequence" classname="org.joda.money.format.TestMoneyFormatter" time="0"/>
  <testcase name="test_printIO_AppendableBigMoneyProvider_IOException" classname="org.joda.money.format.TestMoneyFormatter" time="0"/>
  <testcase name="test_parseMoney_CharSequence" classname="org.joda.money.format.TestMoneyFormatter" time="0"/>
  <testcase name="test_parseBigMoney_CharSequence_missingCurrency" classname="org.joda.money.format.TestMoneyFormatter" time="0"/>
  <testcase name="test_printIO_AppendableBigMoneyProvider" classname="org.joda.money.format.TestMoneyFormatter" time="0"/>
</testsuite>