<?xml version="1.0" encoding="UTF-8"?>
<testsuite xmlns:xsi="http://www.w3.org/2001/XMLSchema-instance" xsi:schemaLocation="https://maven.apache.org/surefire/maven-surefire-plugin/xsd/surefire-test-report.xsd" name="org.joda.money.TestBigMoney" time="0.028" tests="366" errors="0" skipped="0" failures="0">
  <properties>
    <property name="java.runtime.name" value="OpenJDK Runtime Environment"/>
    <property name="sun.boot.library.path" value="/usr/local/openjdk-8/jre/lib/amd64"/>
    <property name="java.vm.version" value="25.262-b10"/>
    <property name="animal.sniffer.skip" value="true"/>
    <property name="java.vm.vendor" value="Oracle Corporation"/>
    <property name="maven.multiModuleProjectDirectory" value="/tmp/tmp70aw9bq6/joda-money"/>
    <property name="maven.javadoc.skip" value="true"/>
    <property name="java.vendor.url" value="http://java.oracle.com/"/>
    <property name="path.separator" value=":"/>
    <property name="guice.disable.misplaced.annotation.check" value="true"/>
    <property name="java.vm.name" value="OpenJDK 64-Bit Server VM"/>
    <property name="file.encoding.pkg" value="sun.io"/>
    <property name="sun.java.launcher" value="SUN_STANDARD"/>
    <property name="sun.os.patch.level" value="unknown"/>
    <property name="source.skip" value="true"/>
    <property name="java.vm.specification.name" value="Java Virtual Machine Specification"/>
    <property name="user.dir" value="/tmp/tmp70aw9bq6/joda-money"/>
    <property name="java.runtime.version" value="1.8.0_262-b10"/>
    <property name="java.awt.graphicsenv" value="sun.awt.X11GraphicsEnvironment"/>
    <property name="java.endorsed.dirs" value="/usr/local/openjdk-8/jre/lib/endorsed"/>
    <property name="os.arch" value="amd64"/>
    <property name="java.io.tmpdir" value="/tmp"/>
    <property name="line.separator" value="&#10;"/>
    <property name="java.vm.specification.vendor" value="Oracle Corporation"/>
    <property name="os.name" value="Linux"/>
    <property name="classworlds.conf" value="/usr/share/maven/bin/m2.conf"/>
    <property name="sun.jnu.encoding" value="UTF-8"/>
    <property name="java.library.path" value="/usr/java/packages/lib/amd64:/usr/lib64:/lib64:/lib:/usr/lib"/>
    <property name="license.skip" value="true"/>
    <property name="maven.conf" value="/usr/share/maven/conf"/>
    <property name="java.specification.name" value="Java Platform API Specification"/>
    <property name="java.class.version" value="52.0"/>
    <property name="sun.management.compiler" value="HotSpot 64-Bit Tiered Compilers"/>
    <property name="maven.test.failure.ignore" value="true"/>
    <property name="os.version" value="4.15.0-109-generic"/>
    <property name="library.jansi.path" value="/usr/share/maven/lib/jansi-native"/>
    <property name="user.home" value="/home/jdbl"/>
    <property name="user.timezone" value="Etc/UTC"/>
    <property name="java.awt.printerjob" value="sun.print.PSPrinterJob"/>
    <property name="java.specification.version" value="1.8"/>
    <property name="file.encoding" value="UTF-8"/>
    <property name="user.name" value="jdbl"/>
    <property name="java.class.path" value="/usr/share/maven/boot/plexus-classworlds-2.6.0.jar"/>
    <property name="java.vm.specification.version" value="1.8"/>
    <property name="sun.arch.data.model" value="64"/>
    <property name="java.home" value="/usr/local/openjdk-8/jre"/>
    <property name="sun.java.command" value="org.codehaus.plexus.classworlds.launcher.Launcher test -e --fail-never -ntp -Dmaven.test.failure.ignore=true -B -Dmaven.javadoc.skip=true -Drat.skip=true -Danimal.sniffer.skip=true -Dmaven.javadoc.skip=true -Dlicense.skip=true -Dsource.skip=true"/>
    <property name="java.specification.vendor" value="Oracle Corporation"/>
    <property name="user.language" value="en"/>
    <property name="awt.toolkit" value="sun.awt.X11.XToolkit"/>
    <property name="java.vm.info" value="mixed mode"/>
    <property name="java.version" value="1.8.0_262"/>
    <property name="java.ext.dirs" value="/usr/local/openjdk-8/jre/lib/ext:/usr/java/packages/lib/ext"/>
    <property name="securerandom.source" value="file:/dev/./urandom"/>
    <property name="sun.boot.class.path" value="/usr/local/openjdk-8/jre/lib/resources.jar:/usr/local/openjdk-8/jre/lib/rt.jar:/usr/local/openjdk-8/jre/lib/sunrsasign.jar:/usr/local/openjdk-8/jre/lib/jsse.jar:/usr/local/openjdk-8/jre/lib/jce.jar:/usr/local/openjdk-8/jre/lib/charsets.jar:/usr/local/openjdk-8/jre/lib/jfr.jar:/usr/local/openjdk-8/jre/classes"/>
    <property name="java.vendor" value="Oracle Corporation"/>
    <property name="rat.skip" value="true"/>
    <property name="maven.home" value="/usr/share/maven"/>
    <property name="file.separator" value="/"/>
    <property name="java.vendor.url.bug" value="http://bugreport.sun.com/bugreport/"/>
    <property name="sun.cpu.endian" value="little"/>
    <property name="sun.io.unicode.encoding" value="UnicodeLittle"/>
    <property name="sun.cpu.isalist" value=""/>
  </properties>
  <testcase name="test_multipliedBy_long_positive" classname="org.joda.money.TestBigMoney" time="0"/>
  <testcase name="test_minusMinor_negative" classname="org.joda.money.TestBigMoney" time="0"/>
  <testcase name="test_plusRetainScale_BigMoneyProviderRoundingMode_nullRoundingMode" classname="org.joda.money.TestBigMoney" time="0"/>
  <testcase name="test_minusRetainScale_BigMoneyProviderRoundingMode_nullBigMoneyProvider" classname="org.joda.money.TestBigMoney" time="0"/>
  <testcase name="test_plusRetainScale_BigMoneyProviderRoundingMode_roundUnecessary" classname="org.joda.money.TestBigMoney" time="0"/>
  <testcase name="test_getAmountMinorLong_tooBigNegative" classname="org.joda.money.TestBigMoney" time="0.002"/>
  <testcase name="test_minus_BigDecimal_scale" classname="org.joda.money.TestBigMoney" time="0"/>
  <testcase name="test_factory_total_CurrencyUnitVarargs_empty" classname="org.joda.money.TestBigMoney" time="0"/>
  <testcase name="test_factory_total_CurrencyUnitIterable_currenciesDiffer" classname="org.joda.money.TestBigMoney" time="0"/>
  <testcase name="test_withScale_int_less" classname="org.joda.money.TestBigMoney" time="0"/>
  <testcase name="test_withScale_int_more" classname="org.joda.money.TestBigMoney" time="0"/>
  <testcase name="test_withScale_int_same" classname="org.joda.money.TestBigMoney" time="0"/>
  <testcase name="test_getAmount_positive" classname="org.joda.money.TestBigMoney" time="0"/>
  <testcase name="test_factory_ofScale_Currency_long_int_negativeScale" classname="org.joda.money.TestBigMoney" time="0"/>
  <testcase name="test_plus_double_positive" classname="org.joda.money.TestBigMoney" time="0"/>
  <testcase name="test_factory_ofMinor_Currency_long_nullCurrency" classname="org.joda.money.TestBigMoney" time="0"/>
  <testcase name="test_factory_total_CurrencyUnitVarargs_nullNotFirst" classname="org.joda.money.TestBigMoney" time="0"/>
  <testcase name="test_plusRetainScale_BigDecimalRoundingMode_zero" classname="org.joda.money.TestBigMoney" time="0"/>
  <testcase name="test_multipliedBy_long_negative" classname="org.joda.money.TestBigMoney" time="0"/>
  <testcase name="test_withCurrencyScale_intRoundingMode_less" classname="org.joda.money.TestBigMoney" time="0"/>
  <testcase name="test_withCurrencyScale_intRoundingMode_more" classname="org.joda.money.TestBigMoney" time="0"/>
  <testcase name="test_multiplyRetainScale_doubleRoundingMode_positive" classname="org.joda.money.TestBigMoney" time="0"/>
  <testcase name="test_toMoney_RoundingMode" classname="org.joda.money.TestBigMoney" time="0"/>
  <testcase name="test_plusRetainScale_BigMoneyProviderRoundingMode_zero" classname="org.joda.money.TestBigMoney" time="0"/>
  <testcase name="test_factory_zero_Currency_int_nullCurrency" classname="org.joda.money.TestBigMoney" time="0"/>
  <testcase name="test_getAmount_negative" classname="org.joda.money.TestBigMoney" time="0"/>
  <testcase name="test_plus_double_negative" classname="org.joda.money.TestBigMoney" time="0"/>
  <testcase name="test_plusRetainScale_doubleRoundingMode_nullRoundingMode" classname="org.joda.money.TestBigMoney" time="0"/>
  <testcase name="test_plusRetainScale_BigMoneyProviderRoundingMode_nullBigDecimal" classname="org.joda.money.TestBigMoney" time="0"/>
  <testcase name="test_factory_ofScale_Currency_long_int" classname="org.joda.money.TestBigMoney" time="0"/>
  <testcase name="test_equals_false" classname="org.joda.money.TestBigMoney" time="0"/>
  <testcase name="test_multiplyRetainScale_doubleRoundingMode_negative" classname="org.joda.money.TestBigMoney" time="0"/>
  <testcase name="test_factory_total_array_currenciesDiffer" classname="org.joda.money.TestBigMoney" time="0"/>
  <testcase name="test_minusRetainScale_BigMoneyProviderRoundingMode_roundDown" classname="org.joda.money.TestBigMoney" time="0"/>
  <testcase name="test_plus_BigDecimal_positive" classname="org.joda.money.TestBigMoney" time="0"/>
  <testcase name="test_factory_zero_Currency_nullCurrency" classname="org.joda.money.TestBigMoney" time="0"/>
  <testcase name="test_isNegativeOrZero" classname="org.joda.money.TestBigMoney" time="0"/>
  <testcase name="test_multipliedBy_long_one" classname="org.joda.money.TestBigMoney" time="0"/>
  <testcase name="test_abs_positive" classname="org.joda.money.TestBigMoney" time="0"/>
  <testcase name="test_plus_Iterable_nullIterable" classname="org.joda.money.TestBigMoney" time="0"/>
  <testcase name="test_minusRetainScale_doubleRoundingMode_positive" classname="org.joda.money.TestBigMoney" time="0"/>
  <testcase name="test_multiplyRetainScale_BigDecimalRoundingMode_nullBigDecimal" classname="org.joda.money.TestBigMoney" time="0"/>
  <testcase name="test_withAmount_BigDecimal_same" classname="org.joda.money.TestBigMoney" time="0"/>
  <testcase name="test_multiplyRetainScale_BigDecimalRoundingMode_nullRoundingMode" classname="org.joda.money.TestBigMoney" time="0"/>
  <testcase name="test_compareTo_Money" classname="org.joda.money.TestBigMoney" time="0"/>
  <testcase name="test_minus_double_positive" classname="org.joda.money.TestBigMoney" time="0"/>
  <testcase name="test_minus_Iterable_BigMoneyProvider" classname="org.joda.money.TestBigMoney" time="0"/>
  <testcase name="test_factory_from_BigMoneyProvider" classname="org.joda.money.TestBigMoney" time="0"/>
  <testcase name="test_serialization_invalidNumericCode" classname="org.joda.money.TestBigMoney" time="0.001"/>
  <testcase name="test_isSameCurrency_BigMoney_same" classname="org.joda.money.TestBigMoney" time="0"/>
  <testcase name="test_isGreaterThan" classname="org.joda.money.TestBigMoney" time="0"/>
  <testcase name="test_plus_BigDecimal_negative" classname="org.joda.money.TestBigMoney" time="0"/>
  <testcase name="test_constructor_null1" classname="org.joda.money.TestBigMoney" time="0"/>
  <testcase name="test_constructor_null2" classname="org.joda.money.TestBigMoney" time="0"/>
  <testcase name="test_abs_negative" classname="org.joda.money.TestBigMoney" time="0"/>
  <testcase name="test_minus_BigDecimal_positive" classname="org.joda.money.TestBigMoney" time="0"/>
  <testcase name="test_getAmountMajorLong_positive" classname="org.joda.money.TestBigMoney" time="0"/>
  <testcase name="test_minusRetainScale_doubleRoundingMode_negative" classname="org.joda.money.TestBigMoney" time="0"/>
  <testcase name="test_withCurrencyScale_intRoundingMode_lessJPY" classname="org.joda.money.TestBigMoney" time="0.001"/>
  <testcase name="test_minus_Iterable_nullIterable" classname="org.joda.money.TestBigMoney" time="0"/>
  <testcase name="test_minus_Iterable_zero" classname="org.joda.money.TestBigMoney" time="0"/>
  <testcase name="test_plusMinor_scale" classname="org.joda.money.TestBigMoney" time="0"/>
  <testcase name="test_minus_double_negative" classname="org.joda.money.TestBigMoney" time="0"/>
  <testcase name="test_multipliedBy_BigDecimal_nullBigDecimal" classname="org.joda.money.TestBigMoney" time="0"/>
  <testcase name="test_round_M1up" classname="org.joda.money.TestBigMoney" time="0"/>
  <testcase name="test_plus_BigMoneyProvider_Money" classname="org.joda.money.TestBigMoney" time="0"/>
  <testcase name="test_plus_BigMoneyProvider_scale" classname="org.joda.money.TestBigMoney" time="0"/>
  <testcase name="test_plus_Iterable_badProvider" classname="org.joda.money.TestBigMoney" time="0.001"/>
  <testcase name="test_minusRetainScale_doubleRoundingMode_zero" classname="org.joda.money.TestBigMoney" time="0"/>
  <testcase name="test_compareTo_wrongType" classname="org.joda.money.TestBigMoney" time="0"/>
  <testcase name="test_minusRetainScale_BigMoneyProviderRoundingMode_nullRoundingMode" classname="org.joda.money.TestBigMoney" time="0"/>
  <testcase name="test_minus_BigDecimal_negative" classname="org.joda.money.TestBigMoney" time="0"/>
  <testcase name="test_getAmountMajorLong_negative" classname="org.joda.money.TestBigMoney" time="0"/>
  <testcase name="test_getAmountMinorLong_positive" classname="org.joda.money.TestBigMoney" time="0"/>
  <testcase name="test_minus_double_scale" classname="org.joda.money.TestBigMoney" time="0"/>
  <testcase name="test_factory_total_array_3Mixed" classname="org.joda.money.TestBigMoney" time="0"/>
  <testcase name="test_factory_total_array_3Money" classname="org.joda.money.TestBigMoney" time="0"/>
  <testcase name="test_getMinorPart_positive" classname="org.joda.money.TestBigMoney" time="0"/>
  <testcase name="test_isPositive" classname="org.joda.money.TestBigMoney" time="0"/>
  <testcase name="test_factory_total_varargs_nullNotFirst" classname="org.joda.money.TestBigMoney" time="0"/>
  <testcase name="test_plus_Iterable_nullEntry" classname="org.joda.money.TestBigMoney" time="0"/>
  <testcase name="test_factory_total_Iterable_nullNotFirst" classname="org.joda.money.TestBigMoney" time="0"/>
  <testcase name="test_isPositiveOrZero" classname="org.joda.money.TestBigMoney" time="0"/>
  <testcase name="test_compareTo_currenciesDiffer" classname="org.joda.money.TestBigMoney" time="0"/>
  <testcase name="test_equals_hashCode_positive" classname="org.joda.money.TestBigMoney" time="0"/>
  <testcase name="test_plus_BigDecimal_scale" classname="org.joda.money.TestBigMoney" time="0"/>
  <testcase name="test_factory_from_BigMoneyProvider_nullBigMoneyProvider" classname="org.joda.money.TestBigMoney" time="0"/>
  <testcase name="test_plusMinor_positive" classname="org.joda.money.TestBigMoney" time="0"/>
  <testcase name="test_factory_of_Currency_subClass1" classname="org.joda.money.TestBigMoney" time="0"/>
  <testcase name="test_factory_of_Currency_subClass2" classname="org.joda.money.TestBigMoney" time="0.001"/>
  <testcase name="test_minus_BigMoneyProvider_nullBigMoneyProvider" classname="org.joda.money.TestBigMoney" time="0"/>
  <testcase name="test_getAmountMinorLong_negative" classname="org.joda.money.TestBigMoney" time="0"/>
  <testcase name="test_getMinorPart_negative" classname="org.joda.money.TestBigMoney" time="0"/>
  <testcase name="test_isNegative" classname="org.joda.money.TestBigMoney" time="0"/>
  <testcase name="test_plusRetainScale_BigDecimalRoundingMode_nullRoundingMode" classname="org.joda.money.TestBigMoney" time="0"/>
  <testcase name="test_getAmountMajorInt_tooBigPositive" classname="org.joda.money.TestBigMoney" time="0"/>
  <testcase name="test_withAmount_double" classname="org.joda.money.TestBigMoney" time="0"/>
  <testcase name="test_withAmount_double_same" classname="org.joda.money.TestBigMoney" time="0"/>
  <testcase name="test_minus_Iterable_Mixed" classname="org.joda.money.TestBigMoney" time="0.001"/>
  <testcase name="test_minus_Iterable_Money" classname="org.joda.money.TestBigMoney" time="0"/>
  <testcase name="test_withAmount_BigDecimal_nullBigDecimal" classname="org.joda.money.TestBigMoney" time="0"/>
  <testcase name="test_minusRetainScale_doubleRoundingMode_roundDown" classname="org.joda.money.TestBigMoney" time="0"/>
  <testcase name="test_plusMajor_zero" classname="org.joda.money.TestBigMoney" time="0"/>
  <testcase name="test_plusMinor_negative" classname="org.joda.money.TestBigMoney" time="0"/>
  <testcase name="test_getAmountMajor_positive" classname="org.joda.money.TestBigMoney" time="0"/>
  <testcase name="test_minus_BigMoneyProvider_positive" classname="org.joda.money.TestBigMoney" time="0"/>
  <testcase name="test_plus_BigMoneyProvider_badProvider" classname="org.joda.money.TestBigMoney" time="0"/>
  <testcase name="test_toString_positive" classname="org.joda.money.TestBigMoney" time="0"/>
  <testcase name="test_convertRetainScale_CurrencyUnit_BigDecimal_RoundingMode_nullBigDecimal" classname="org.joda.money.TestBigMoney" time="0"/>
  <testcase name="test_getAmountMajorInt_tooBigNegative" classname="org.joda.money.TestBigMoney" time="0"/>
  <testcase name="test_compareTo_BigMoney" classname="org.joda.money.TestBigMoney" time="0"/>
  <testcase name="test_convertRetainScale_CurrencyUnit_BigDecimal_RoundingMode_positive" classname="org.joda.money.TestBigMoney" time="0"/>
  <testcase name="test_scaleNormalization1" classname="org.joda.money.TestBigMoney" time="0"/>
  <testcase name="test_scaleNormalization2" classname="org.joda.money.TestBigMoney" time="0"/>
  <testcase name="test_scaleNormalization3" classname="org.joda.money.TestBigMoney" time="0"/>
  <testcase name="test_getAmountMajorInt_positive" classname="org.joda.money.TestBigMoney" time="0"/>
  <testcase name="test_isSameCurrency_BigMoney_different" classname="org.joda.money.TestBigMoney" time="0"/>
  <testcase name="test_getAmountMajor_negative" classname="org.joda.money.TestBigMoney" time="0"/>
  <testcase name="test_minusRetainScale_BigMoneyProviderRoundingMode_zero" classname="org.joda.money.TestBigMoney" time="0"/>
  <testcase name="test_dividedBy_BigDecimalRoundingMode_positive_halfUp" classname="org.joda.money.TestBigMoney" time="0"/>
  <testcase name="test_getCurrencyUnit_EUR" classname="org.joda.money.TestBigMoney" time="0"/>
  <testcase name="test_getCurrencyUnit_GBP" classname="org.joda.money.TestBigMoney" time="0"/>
  <testcase name="test_minus_BigMoneyProvider_negative" classname="org.joda.money.TestBigMoney" time="0"/>
  <testcase name="test_toString_negative" classname="org.joda.money.TestBigMoney" time="0"/>
  <testcase name="test_dividedBy_doubleRoundingMode_positive" classname="org.joda.money.TestBigMoney" time="0"/>
  <testcase name="test_convertRetainScale_CurrencyUnit_BigDecimal_RoundingMode_negative" classname="org.joda.money.TestBigMoney" time="0"/>
  <testcase name="test_multiplyRetainScale_BigDecimalRoundingMode_one" classname="org.joda.money.TestBigMoney" time="0"/>
  <testcase name="test_minusMajor_zero" classname="org.joda.money.TestBigMoney" time="0"/>
  <testcase name="test_round_M1down" classname="org.joda.money.TestBigMoney" time="0"/>
  <testcase name="test_minus_Iterable_currencyMismatch" classname="org.joda.money.TestBigMoney" time="0"/>
  <testcase name="test_factory_ofScale_Currency_BigDecimal_int_JPY_RoundingMode_UP" classname="org.joda.money.TestBigMoney" time="0"/>
  <testcase name="test_getAmountMajorInt_negative" classname="org.joda.money.TestBigMoney" time="0"/>
  <testcase name="test_minus_BigDecimal_nullBigDecimal" classname="org.joda.money.TestBigMoney" time="0"/>
  <testcase name="test_minusMinor_scale" classname="org.joda.money.TestBigMoney" time="0"/>
  <testcase name="test_dividedBy_long_positive_roundUp" classname="org.joda.money.TestBigMoney" time="0"/>
  <testcase name="test_factory_total_CurrencyUnitArray_empty" classname="org.joda.money.TestBigMoney" time="0"/>
  <testcase name="test_withCurrencyUnit_Currency_differentCurrencyScale" classname="org.joda.money.TestBigMoney" time="0"/>
  <testcase name="test_factory_ofScale_Currency_BigDecimal_int_RoundingMode_nullCurrency" classname="org.joda.money.TestBigMoney" time="0"/>
  <testcase name="test_minusRetainScale_BigDecimalRoundingMode_zero" classname="org.joda.money.TestBigMoney" time="0"/>
  <testcase name="test_dividedBy_doubleRoundingMode_negative" classname="org.joda.money.TestBigMoney" time="0"/>
  <testcase name="test_factory_total_CurrencyUnitIterable_nullFirst" classname="org.joda.money.TestBigMoney" time="0"/>
  <testcase name="test_factory_parse_String_exponent" classname="org.joda.money.TestBigMoney" time="0"/>
  <testcase name="test_minusRetainScale_doubleRoundingMode_nullRoundingMode" classname="org.joda.money.TestBigMoney" time="0"/>
  <testcase name="test_toBigMoney" classname="org.joda.money.TestBigMoney" time="0"/>
  <testcase name="test_factory_from_BigMoneyProvider_badProvider" classname="org.joda.money.TestBigMoney" time="0.001"/>
  <testcase name="test_factory_total_CurrencyUnitIterable_badProvider" classname="org.joda.money.TestBigMoney" time="0"/>
  <testcase name="test_isZero" classname="org.joda.money.TestBigMoney" time="0"/>
  <testcase name="test_plus_Iterable_BigMoneyProvider" classname="org.joda.money.TestBigMoney" time="0"/>
  <testcase name="test_factory_ofMajor_Currency_long_nullCurrency" classname="org.joda.money.TestBigMoney" time="0"/>
  <testcase name="test_factory_ofScale_Currency_BigDecimal_int" classname="org.joda.money.TestBigMoney" time="0"/>
  <testcase name="test_minusRetainScale_doubleRoundingMode_roundUnecessary" classname="org.joda.money.TestBigMoney" time="0"/>
  <testcase name="test_factory_total_CurrencyUnitVarargs_1" classname="org.joda.money.TestBigMoney" time="0"/>
  <testcase name="test_factory_total_CurrencyUnitVarargs_3" classname="org.joda.money.TestBigMoney" time="0"/>
  <testcase name="test_minusRetainScale_BigDecimalRoundingMode_nullBigDecimal" classname="org.joda.money.TestBigMoney" time="0"/>
  <testcase name="test_minusMajor_positive" classname="org.joda.money.TestBigMoney" time="0"/>
  <testcase name="test_factory_total_CurrencyUnitArray_currenciesDifferInArray" classname="org.joda.money.TestBigMoney" time="0"/>
  <testcase name="test_plusRetainScale_doubleRoundingMode_roundDown" classname="org.joda.money.TestBigMoney" time="0"/>
  <testcase name="test_factory_total_Iterable_nullFirst" classname="org.joda.money.TestBigMoney" time="0"/>
  <testcase name="test_negated_zero" classname="org.joda.money.TestBigMoney" time="0"/>
  <testcase name="test_plus_Iterable_zero" classname="org.joda.money.TestBigMoney" time="0"/>
  <testcase name="test_withAmount_BigDecimal" classname="org.joda.money.TestBigMoney" time="0"/>
  <testcase name="test_plusRetainScale_BigDecimalRoundingMode_positive" classname="org.joda.money.TestBigMoney" time="0"/>
  <testcase name="test_plus_double_zero" classname="org.joda.money.TestBigMoney" time="0"/>
  <testcase name="test_plus_double_scale" classname="org.joda.money.TestBigMoney" time="0"/>
  <testcase name="test_factory_zero_Currency" classname="org.joda.money.TestBigMoney" time="0"/>
  <testcase name="test_dividedBy_BigDecimalRoundingMode_one" classname="org.joda.money.TestBigMoney" time="0"/>
  <testcase name="test_minusMajor_negative" classname="org.joda.money.TestBigMoney" time="0"/>
  <testcase name="test_minusRetainScale_BigMoneyProviderRoundingMode_roundUnecessary" classname="org.joda.money.TestBigMoney" time="0"/>
  <testcase name="test_factory_total_CurrencyUnitVarargs_currenciesDifferInArray" classname="org.joda.money.TestBigMoney" time="0"/>
  <testcase name="test_factory_total_CurrencyUnitIterable" classname="org.joda.money.TestBigMoney" time="0"/>
  <testcase name="test_negated_positive" classname="org.joda.money.TestBigMoney" time="0"/>
  <testcase name="test_plusRetainScale_BigDecimalRoundingMode_negative" classname="org.joda.money.TestBigMoney" time="0"/>
  <testcase name="test_serialization" classname="org.joda.money.TestBigMoney" time="0"/>
  <testcase name="test_withCurrencyUnit_Currency_nullCurrency" classname="org.joda.money.TestBigMoney" time="0"/>
  <testcase name="test_multiplyRetainScale_BigDecimalRoundingMode_positive_halfUp" classname="org.joda.money.TestBigMoney" time="0.001"/>
  <testcase name="test_round_0down" classname="org.joda.money.TestBigMoney" time="0"/>
  <testcase name="test_round_1down" classname="org.joda.money.TestBigMoney" time="0"/>
  <testcase name="test_round_2down" classname="org.joda.money.TestBigMoney" time="0"/>
  <testcase name="test_plusRetainScale_doubleRoundingMode_zero" classname="org.joda.money.TestBigMoney" time="0"/>
  <testcase name="test_plusRetainScale_BigDecimalRoundingMode_nullBigDecimal" classname="org.joda.money.TestBigMoney" time="0"/>
  <testcase name="test_negated_negative" classname="org.joda.money.TestBigMoney" time="0"/>
  <testcase name="test_plusRetainScale_BigDecimalRoundingMode_roundUnecessary" classname="org.joda.money.TestBigMoney" time="0"/>
  <testcase name="test_isLessThan" classname="org.joda.money.TestBigMoney" time="0"/>
  <testcase name="test_plus_BigMoneyProvider_positive" classname="org.joda.money.TestBigMoney" time="0"/>
  <testcase name="test_plusMinor_zero" classname="org.joda.money.TestBigMoney" time="0"/>
  <testcase name="test_round_0up" classname="org.joda.money.TestBigMoney" time="0"/>
  <testcase name="test_round_1up" classname="org.joda.money.TestBigMoney" time="0"/>
  <testcase name="test_round_2up" classname="org.joda.money.TestBigMoney" time="0"/>
  <testcase name="test_round_3" classname="org.joda.money.TestBigMoney" time="0"/>
  <testcase name="test_plus_BigDecimal_zero" classname="org.joda.money.TestBigMoney" time="0"/>
  <testcase name="test_isSameCurrency_Money_nullMoney" classname="org.joda.money.TestBigMoney" time="0"/>
  <testcase name="test_factory_ofScale_Currency_BigDecimal_nullCurrency" classname="org.joda.money.TestBigMoney" time="0"/>
  <testcase name="test_convertRetainScale_CurrencyUnit_BigDecimal_RoundingMode_nullRoundingMode" classname="org.joda.money.TestBigMoney" time="0"/>
  <testcase name="test_factory_ofScale_Currency_BigDecimal_int_RoundingMode_DOWN" classname="org.joda.money.TestBigMoney" time="0"/>
  <testcase name="test_factory_ofScale_Currency_BigDecimal_invalidScale" classname="org.joda.money.TestBigMoney" time="0"/>
  <testcase name="test_factory_total_array_nullNotFirst" classname="org.joda.money.TestBigMoney" time="0"/>
  <testcase name="test_convertRetainScale_CurrencyUnit_BigDecimal_RoundingMode_nullCurrency" classname="org.joda.money.TestBigMoney" time="0"/>
  <testcase name="test_multipliedBy_doubleRoundingMode_one" classname="org.joda.money.TestBigMoney" time="0.001"/>
  <testcase name="test_dividedBy_long_one" classname="org.joda.money.TestBigMoney" time="0"/>
  <testcase name="test_plus_BigMoneyProvider_negative" classname="org.joda.money.TestBigMoney" time="0"/>
  <testcase name="test_convertedTo_CurrencyUnit_BigDecimal_nullBigDecimal" classname="org.joda.money.TestBigMoney" time="0"/>
  <testcase name="test_getAmountMajorLong_tooBigPositive" classname="org.joda.money.TestBigMoney" time="0"/>
  <testcase name="test_factory_total_array_nullFirst" classname="org.joda.money.TestBigMoney" time="0"/>
  <testcase name="test_factory_ofMajor_Currency_long" classname="org.joda.money.TestBigMoney" time="0"/>
  <testcase name="test_multipliedBy_BigDecimal_one" classname="org.joda.money.TestBigMoney" time="0"/>
  <testcase name="test_plus_BigMoneyProvider_currencyMismatch" classname="org.joda.money.TestBigMoney" time="0"/>
  <testcase name="test_factory_ofScale_Currency_BigDecimal_int_RoundingMode_negativeScale" classname="org.joda.money.TestBigMoney" time="0"/>
  <testcase name="test_factory_total_varargs_currenciesDiffer" classname="org.joda.money.TestBigMoney" time="0"/>
  <testcase name="test_factory_total_CurrencyUnitVarargs_3Mixed" classname="org.joda.money.TestBigMoney" time="0"/>
  <testcase name="test_factory_total_Iterable_badProvider" classname="org.joda.money.TestBigMoney" time="0"/>
  <testcase name="test_minus_Iterable_badProvider" classname="org.joda.money.TestBigMoney" time="0.001"/>
  <testcase name="test_factory_parse_String_tooShort" classname="org.joda.money.TestBigMoney" time="0"/>
  <testcase name="test_plus_Iterable_currencyMismatch" classname="org.joda.money.TestBigMoney" time="0"/>
  <testcase name="test_plus_BigDecimal_nullBigDecimal" classname="org.joda.money.TestBigMoney" time="0"/>
  <testcase name="test_plus_BigMoneyProvider_zero" classname="org.joda.money.TestBigMoney" time="0"/>
  <testcase name="test_isSameCurrency_Money_different" classname="org.joda.money.TestBigMoney" time="0"/>
  <testcase name="test_minusRetainScale_BigDecimalRoundingMode_roundDown" classname="org.joda.money.TestBigMoney" time="0"/>
  <testcase name="test_factory_total_varargs_nullFirst" classname="org.joda.money.TestBigMoney" time="0"/>
  <testcase name="test_minusMinor_zero" classname="org.joda.money.TestBigMoney" time="0"/>
  <testcase name="test_isEqual_Money" classname="org.joda.money.TestBigMoney" time="0"/>
  <testcase name="test_multiplyRetainScale_doubleRoundingMode_one" classname="org.joda.money.TestBigMoney" time="0"/>
  <testcase name="test_factory_total_Iterable" classname="org.joda.money.TestBigMoney" time="0"/>
  <testcase name="test_factory_of_Currency_double_medium" classname="org.joda.money.TestBigMoney" time="0"/>
  <testcase name="test_getAmountMajorLong_tooBigNegative" classname="org.joda.money.TestBigMoney" time="0"/>
  <testcase name="test_minus_BigMoneyProvider_Money" classname="org.joda.money.TestBigMoney" time="0"/>
  <testcase name="test_minus_BigMoneyProvider_scale" classname="org.joda.money.TestBigMoney" time="0"/>
  <testcase name="test_factory_parse_String_nullString" classname="org.joda.money.TestBigMoney" time="0"/>
  <testcase name="test_minus_BigDecimal_zero" classname="org.joda.money.TestBigMoney" time="0"/>
  <testcase name="test_factory_parse_String_badCurrency" classname="org.joda.money.TestBigMoney" time="0.001"/>
  <testcase name="test_factory_ofScale_Currency_BigDecimal_int_RoundingMode_nullBigDecimal" classname="org.joda.money.TestBigMoney" time="0"/>
  <testcase name="test_minus_BigMoneyProvider_zero" classname="org.joda.money.TestBigMoney" time="0"/>
  <testcase name="test_plus_Iterable_BigMoney" classname="org.joda.money.TestBigMoney" time="0"/>
  <testcase name="test_dividedBy_long_positive_roundDown" classname="org.joda.money.TestBigMoney" time="0"/>
  <testcase name="test_factory_ofScale_Currency_long_int_nullCurrency" classname="org.joda.money.TestBigMoney" time="0"/>
  <testcase name="test_factory_total_CurrencyUnitVarargs_badProvider" classname="org.joda.money.TestBigMoney" time="0"/>
  <testcase name="test_isEqual_currenciesDiffer" classname="org.joda.money.TestBigMoney" time="0"/>
  <testcase name="test_getAmountMinorInt_tooBigPositive" classname="org.joda.money.TestBigMoney" time="0"/>
  <testcase name="test_dividedBy_doubleRoundingMode_nullRoundingMode" classname="org.joda.money.TestBigMoney" time="0"/>
  <testcase name="test_plusMajor_positive" classname="org.joda.money.TestBigMoney" time="0"/>
  <testcase name="test_factory_total_CurrencyUnitArray_currenciesDiffer" classname="org.joda.money.TestBigMoney" time="0"/>
  <testcase name="test_multipliedBy_doubleRoundingMode_positive" classname="org.joda.money.TestBigMoney" time="0"/>
  <testcase name="test_minusRetainScale_BigDecimalRoundingMode_roundUnecessary" classname="org.joda.money.TestBigMoney" time="0"/>
  <testcase name="test_toMoney_RoundingMode_round" classname="org.joda.money.TestBigMoney" time="0"/>
  <testcase name="test_factory_zero_Currency_int" classname="org.joda.money.TestBigMoney" time="0"/>
  <testcase name="test_dividedBy_BigDecimalRoundingMode_positive" classname="org.joda.money.TestBigMoney" time="0"/>
  <testcase name="test_isEqual" classname="org.joda.money.TestBigMoney" time="0"/>
  <testcase name="test_serialization_invalidDecimalPlaces" classname="org.joda.money.TestBigMoney" time="0.001"/>
  <testcase name="test_factory_total_Iterable_currenciesDiffer" classname="org.joda.money.TestBigMoney" time="0"/>
  <testcase name="test_factory_parse[0: GBP 2.43, GBP, 2.43, 2]" classname="org.joda.money.TestBigMoney" time="0"/>
  <testcase name="test_factory_parse[1: GBP +12.57, GBP, 12.57, 2]" classname="org.joda.money.TestBigMoney" time="0"/>
  <testcase name="test_factory_parse[2: GBP -5.87, GBP, -5.87, 2]" classname="org.joda.money.TestBigMoney" time="0"/>
  <testcase name="test_factory_parse[3: GBP 0.99, GBP, 0.99, 2]" classname="org.joda.money.TestBigMoney" time="0"/>
  <testcase name="test_factory_parse[4: GBP .99, GBP, 0.99, 2]" classname="org.joda.money.TestBigMoney" time="0"/>
  <testcase name="test_factory_parse[5: GBP +.99, GBP, 0.99, 2]" classname="org.joda.money.TestBigMoney" time="0"/>
  <testcase name="test_factory_parse[6: GBP +0.99, GBP, 0.99, 2]" classname="org.joda.money.TestBigMoney" time="0"/>
  <testcase name="test_factory_parse[7: GBP -.99, GBP, -0.99, 2]" classname="org.joda.money.TestBigMoney" time="0"/>
  <testcase name="test_factory_parse[8: GBP -0.99, GBP, -0.99, 2]" classname="org.joda.money.TestBigMoney" time="0"/>
  <testcase name="test_factory_parse[9: GBP 0, GBP, 0, 0]" classname="org.joda.money.TestBigMoney" time="0"/>
  <testcase name="test_factory_parse[10: GBP 2, GBP, 2, 0]" classname="org.joda.money.TestBigMoney" time="0"/>
  <testcase name="test_factory_parse[11: GBP 123., GBP, 123, 0]" classname="org.joda.money.TestBigMoney" time="0"/>
  <testcase name="test_factory_parse[12: GBP3, GBP, 3, 0]" classname="org.joda.money.TestBigMoney" time="0"/>
  <testcase name="test_factory_parse[13: GBP3.10, GBP, 3.10, 2]" classname="org.joda.money.TestBigMoney" time="0"/>
  <testcase name="test_factory_parse[14: GBP  3.10, GBP, 3.10, 2]" classname="org.joda.money.TestBigMoney" time="0"/>
  <testcase name="test_factory_parse[15: GBP   3.10, GBP, 3.10, 2]" classname="org.joda.money.TestBigMoney" time="0.001"/>
  <testcase name="test_factory_parse[16: GBP                           3.10, GBP, 3.10, 2]" classname="org.joda.money.TestBigMoney" time="0"/>
  <testcase name="test_factory_parse[17: GBP 123.456789, GBP, 123.456789, 6]" classname="org.joda.money.TestBigMoney" time="0"/>
  <testcase name="test_getAmountMinorInt_tooBigNegative" classname="org.joda.money.TestBigMoney" time="0"/>
  <testcase name="test_factory_total_CurrencyUnitArray_3Mixed" classname="org.joda.money.TestBigMoney" time="0"/>
  <testcase name="test_factory_total_CurrencyUnitArray_3Money" classname="org.joda.money.TestBigMoney" time="0"/>
  <testcase name="test_plusMajor_negative" classname="org.joda.money.TestBigMoney" time="0"/>
  <testcase name="test_minusRetainScale_BigMoneyProviderRoundingMode_positive" classname="org.joda.money.TestBigMoney" time="0"/>
  <testcase name="test_dividedBy_BigDecimalRoundingMode_nullBigDecimal" classname="org.joda.money.TestBigMoney" time="0"/>
  <testcase name="test_multipliedBy_doubleRoundingMode_negative" classname="org.joda.money.TestBigMoney" time="0"/>
  <testcase name="test_factory_of_Currency_double_big" classname="org.joda.money.TestBigMoney" time="0"/>
  <testcase name="test_dividedBy_long_positive" classname="org.joda.money.TestBigMoney" time="0"/>
  <testcase name="test_minus_BigMoneyProvider_badProvider" classname="org.joda.money.TestBigMoney" time="0.001"/>
  <testcase name="test_factory_of_Currency_BigDecimal_nullCurrency" classname="org.joda.money.TestBigMoney" time="0"/>
  <testcase name="test_dividedBy_BigDecimalRoundingMode_negative" classname="org.joda.money.TestBigMoney" time="0"/>
  <testcase name="test_factory_total_array_badProvider" classname="org.joda.money.TestBigMoney" time="0"/>
  <testcase name="test_isGreaterThan_currenciesDiffer" classname="org.joda.money.TestBigMoney" time="0"/>
  <testcase name="test_minusRetainScale_BigMoneyProviderRoundingMode_negative" classname="org.joda.money.TestBigMoney" time="0"/>
  <testcase name="test_withCurrencyUnit_Currency_same" classname="org.joda.money.TestBigMoney" time="0"/>
  <testcase name="test_plus_BigMoneyProvider_nullBigMoneyProvider" classname="org.joda.money.TestBigMoney" time="0"/>
  <testcase name="test_minus_BigMoneyProvider_currencyMismatch" classname="org.joda.money.TestBigMoney" time="0"/>
  <testcase name="test_dividedBy_long_negative" classname="org.joda.money.TestBigMoney" time="0"/>
  <testcase name="test_factory_of_Currency_BigDecimal_nullBigDecimal" classname="org.joda.money.TestBigMoney" time="0"/>
  <testcase name="test_getAmountMinorInt_positive" classname="org.joda.money.TestBigMoney" time="0"/>
  <testcase name="test_factory_of_Currency_double" classname="org.joda.money.TestBigMoney" time="0"/>
  <testcase name="test_dividedBy_doubleRoundingMode_positive_halfUp" classname="org.joda.money.TestBigMoney" time="0"/>
  <testcase name="test_factory_ofScale_Currency_BigDecimal_negativeScale" classname="org.joda.money.TestBigMoney" time="0"/>
  <testcase name="test_factory_total_varargs_badProvider" classname="org.joda.money.TestBigMoney" time="0"/>
  <testcase name="test_plusRetainScale_BigDecimalRoundingMode_roundDown" classname="org.joda.money.TestBigMoney" time="0"/>
  <testcase name="test_multiplyRetainScale_doubleRoundingMode_nullRoundingMode" classname="org.joda.money.TestBigMoney" time="0.001"/>
  <testcase name="test_dividedBy_BigDecimalRoundingMode_nullRoundingMode" classname="org.joda.money.TestBigMoney" time="0"/>
  <testcase name="test_plusRetainScale_BigMoneyProviderRoundingMode_positive" classname="org.joda.money.TestBigMoney" time="0"/>
  <testcase name="test_isLessThan_currenciesDiffer" classname="org.joda.money.TestBigMoney" time="0"/>
  <testcase name="test_getAmountMinorInt_negative" classname="org.joda.money.TestBigMoney" time="0"/>
  <testcase name="test_factory_total_CurrencyUnitVarargs_nullFirst" classname="org.joda.money.TestBigMoney" time="0"/>
  <testcase name="test_multiplyRetainScale_doubleRoundingMode_positive_halfUp" classname="org.joda.money.TestBigMoney" time="0"/>
  <testcase name="test_plusRetainScale_doubleRoundingMode_positive" classname="org.joda.money.TestBigMoney" time="0"/>
  <testcase name="test_factory_zero_Currency_int_negativeScale" classname="org.joda.money.TestBigMoney" time="0"/>
  <testcase name="test_minusRetainScale_BigDecimalRoundingMode_positive" classname="org.joda.money.TestBigMoney" time="0"/>
  <testcase name="test_factory_total_varargs_empty" classname="org.joda.money.TestBigMoney" time="0"/>
  <testcase name="test_multiplyRetainScale_BigDecimalRoundingMode_positive" classname="org.joda.money.TestBigMoney" time="0"/>
  <testcase name="test_minus_Iterable_BigMoney" classname="org.joda.money.TestBigMoney" time="0"/>
  <testcase name="test_factory_total_varargs_3Mixed" classname="org.joda.money.TestBigMoney" time="0"/>
  <testcase name="test_factory_ofScale_Currency_BigDecimal_int_RoundingMode_UNNECESSARY" classname="org.joda.money.TestBigMoney" time="0"/>
  <testcase name="test_plusRetainScale_BigMoneyProviderRoundingMode_negative" classname="org.joda.money.TestBigMoney" time="0"/>
  <testcase name="test_getScale_GBP" classname="org.joda.money.TestBigMoney" time="0"/>
  <testcase name="test_getScale_JPY" classname="org.joda.money.TestBigMoney" time="0"/>
  <testcase name="test_getAmountMinor_positive" classname="org.joda.money.TestBigMoney" time="0"/>
  <testcase name="test_plusRetainScale_doubleRoundingMode_negative" classname="org.joda.money.TestBigMoney" time="0"/>
  <testcase name="test_factory_ofScale_Currency_BigDecimal_int_RoundingMode_nullRoundingMode" classname="org.joda.money.TestBigMoney" time="0.001"/>
  <testcase name="test_minusRetainScale_BigDecimalRoundingMode_negative" classname="org.joda.money.TestBigMoney" time="0"/>
  <testcase name="test_multipliedBy_BigDecimal_positive" classname="org.joda.money.TestBigMoney" time="0"/>
  <testcase name="test_multiplyRetainScale_BigDecimalRoundingMode_negative" classname="org.joda.money.TestBigMoney" time="0"/>
  <testcase name="test_factory_of_Currency_BigDecimal" classname="org.joda.money.TestBigMoney" time="0"/>
  <testcase name="test_factory_total_CurrencyUnitArray_1" classname="org.joda.money.TestBigMoney" time="0"/>
  <testcase name="test_factory_total_CurrencyUnitArray_3" classname="org.joda.money.TestBigMoney" time="0"/>
  <testcase name="test_convertedTo_CurrencyUnit_BigDecimal_sameCurrencyWrongFactor" classname="org.joda.money.TestBigMoney" time="0"/>
  <testcase name="test_convertedTo_CurrencyUnit_BigDecimal_positive" classname="org.joda.money.TestBigMoney" time="0"/>
  <testcase name="test_dividedBy_doubleRoundingMode_one" classname="org.joda.money.TestBigMoney" time="0"/>
  <testcase name="test_getAmountMinor_negative" classname="org.joda.money.TestBigMoney" time="0"/>
  <testcase name="test_factory_total_CurrencyUnitIterable_Mixed" classname="org.joda.money.TestBigMoney" time="0"/>
  <testcase name="test_factory_total_array_1BigMoney" classname="org.joda.money.TestBigMoney" time="0"/>
  <testcase name="test_factory_total_CurrencyUnitIterable_empty" classname="org.joda.money.TestBigMoney" time="0"/>
  <testcase name="test_factory_total_array_empty" classname="org.joda.money.TestBigMoney" time="0"/>
  <testcase name="test_multipliedBy_BigDecimal_negative" classname="org.joda.money.TestBigMoney" time="0"/>
  <testcase name="test_factory_total_Iterable_Mixed" classname="org.joda.money.TestBigMoney" time="0"/>
  <testcase name="test_factory_total_CurrencyUnitIterable_nullNotFirst" classname="org.joda.money.TestBigMoney" time="0"/>
  <testcase name="test_factory_total_Iterable_empty" classname="org.joda.money.TestBigMoney" time="0"/>
  <testcase name="test_convertRetainScale_CurrencyUnit_BigDecimal_RoundingMode_roundHalfUp" classname="org.joda.money.TestBigMoney" time="0"/>
  <testcase name="test_minusRetainScale_BigDecimalRoundingMode_nullRoundingMode" classname="org.joda.money.TestBigMoney" time="0"/>
  <testcase name="test_isSameCurrency_Money_same" classname="org.joda.money.TestBigMoney" time="0"/>
  <testcase name="test_convertedTo_CurrencyUnit_BigDecimal_nullCurrency" classname="org.joda.money.TestBigMoney" time="0.001"/>
  <testcase name="test_convertedTo_CurrencyUnit_BigDecimal_negative" classname="org.joda.money.TestBigMoney" time="0"/>
  <testcase name="test_minus_Iterable_nullEntry" classname="org.joda.money.TestBigMoney" time="0"/>
  <testcase name="test_factory_total_varargs_1BigMoney" classname="org.joda.money.TestBigMoney" time="0"/>
  <testcase name="test_factory_total_CurrencyUnitArray_nullNotFirst" classname="org.joda.money.TestBigMoney" time="0"/>
  <testcase name="test_factory_total_CurrencyUnitArray_badProvider" classname="org.joda.money.TestBigMoney" time="0"/>
  <testcase name="test_factory_total_CurrencyUnitVarargs_currenciesDiffer" classname="org.joda.money.TestBigMoney" time="0"/>
  <testcase name="test_toMoney" classname="org.joda.money.TestBigMoney" time="0"/>
  <testcase name="test_withScale_intRoundingMode_less" classname="org.joda.money.TestBigMoney" time="0"/>
  <testcase name="test_withScale_intRoundingMode_more" classname="org.joda.money.TestBigMoney" time="0"/>
  <testcase name="test_factory_total_CurrencyUnitIterable_currenciesDifferInIterable" classname="org.joda.money.TestBigMoney" time="0"/>
  <testcase name="test_factory_ofScale_Currency_BigDecimal_nullBigDecimal" classname="org.joda.money.TestBigMoney" time="0"/>
  <testcase name="test_withCurrencyScale_int_less" classname="org.joda.money.TestBigMoney" time="0"/>
  <testcase name="test_withCurrencyScale_int_more" classname="org.joda.money.TestBigMoney" time="0"/>
  <testcase name="test_withCurrencyScale_int_same" classname="org.joda.money.TestBigMoney" time="0"/>
  <testcase name="test_minus_double_zero" classname="org.joda.money.TestBigMoney" time="0"/>
  <testcase name="test_convertedTo_CurrencyUnit_BigDecimal_sameCurrencyCorrectFactor" classname="org.joda.money.TestBigMoney" time="0"/>
  <testcase name="test_factory_of_Currency_double_trailingZero1" classname="org.joda.money.TestBigMoney" time="0"/>
  <testcase name="test_factory_of_Currency_double_trailingZero2" classname="org.joda.money.TestBigMoney" time="0"/>
  <testcase name="test_plusRetainScale_doubleRoundingMode_roundUnecessary" classname="org.joda.money.TestBigMoney" time="0.001"/>
  <testcase name="test_plusRetainScale_BigMoneyProviderRoundingMode_roundDown" classname="org.joda.money.TestBigMoney" time="0"/>
  <testcase name="test_convertRetainScale_CurrencyUnit_BigDecimal_RoundingMode_sameCurrency" classname="org.joda.money.TestBigMoney" time="0"/>
  <testcase name="test_factory_of_Currency_double_nullCurrency" classname="org.joda.money.TestBigMoney" time="0"/>
  <testcase name="test_factory_ofMinor_Currency_long" classname="org.joda.money.TestBigMoney" time="0"/>
  <testcase name="test_minusMinor_positive" classname="org.joda.money.TestBigMoney" time="0"/>
  <testcase name="test_getAmountMinorLong_tooBigPositive" classname="org.joda.money.TestBigMoney" time="0"/>
  <testcase name="test_factory_total_CurrencyUnitArray_nullFirst" classname="org.joda.money.TestBigMoney" time="0"/>
  <testcase name="test_withCurrencyUnit_Currency" classname="org.joda.money.TestBigMoney" time="0"/>
  <testcase name="test_plus_Iterable_Mixed" classname="org.joda.money.TestBigMoney" time="0"/>
  <testcase name="test_plus_Iterable_Money" classname="org.joda.money.TestBigMoney" time="0.001"/>
  <testcase name="test_isCurrencyScale_GBP" classname="org.joda.money.TestBigMoney" time="0"/>
  <testcase name="test_isCurrencyScale_JPY" classname="org.joda.money.TestBigMoney" time="0"/>
</testsuite>