<?xml version="1.0" encoding="UTF-8"?>
<testsuite xmlns:xsi="http://www.w3.org/2001/XMLSchema-instance" xsi:schemaLocation="https://maven.apache.org/surefire/maven-surefire-plugin/xsd/surefire-test-report.xsd" name="org.joda.money.format.TestMoneyAmountStyle" time="0" tests="78" errors="0" skipped="0" failures="0">
  <properties>
    <property name="java.runtime.name" value="OpenJDK Runtime Environment"/>
    <property name="sun.boot.library.path" value="/usr/local/openjdk-8/jre/lib/amd64"/>
    <property name="java.vm.version" value="25.262-b10"/>
    <property name="animal.sniffer.skip" value="true"/>
    <property name="java.vm.vendor" value="Oracle Corporation"/>
    <property name="maven.multiModuleProjectDirectory" value="/tmp/tmp70aw9bq6/joda-money"/>
    <property name="maven.javadoc.skip" value="true"/>
    <property name="java.vendor.url" value="http://java.oracle.com/"/>
    <property name="path.separator" value=":"/>
    <property name="guice.disable.misplaced.annotation.check" value="true"/>
    <property name="java.vm.name" value="OpenJDK 64-Bit Server VM"/>
    <property name="file.encoding.pkg" value="sun.io"/>
    <property name="sun.java.launcher" value="SUN_STANDARD"/>
    <property name="sun.os.patch.level" value="unknown"/>
    <property name="source.skip" value="true"/>
    <property name="java.vm.specification.name" value="Java Virtual Machine Specification"/>
    <property name="user.dir" value="/tmp/tmp70aw9bq6/joda-money"/>
    <property name="java.runtime.version" value="1.8.0_262-b10"/>
    <property name="java.awt.graphicsenv" value="sun.awt.X11GraphicsEnvironment"/>
    <property name="java.endorsed.dirs" value="/usr/local/openjdk-8/jre/lib/endorsed"/>
    <property name="os.arch" value="amd64"/>
    <property name="java.io.tmpdir" value="/tmp"/>
    <property name="line.separator" value="&#10;"/>
    <property name="java.vm.specification.vendor" value="Oracle Corporation"/>
    <property name="os.name" value="Linux"/>
    <property name="classworlds.conf" value="/usr/share/maven/bin/m2.conf"/>
    <property name="sun.jnu.encoding" value="UTF-8"/>
    <property name="java.library.path" value="/usr/java/packages/lib/amd64:/usr/lib64:/lib64:/lib:/usr/lib"/>
    <property name="license.skip" value="true"/>
    <property name="maven.conf" value="/usr/share/maven/conf"/>
    <property name="java.specification.name" value="Java Platform API Specification"/>
    <property name="java.class.version" value="52.0"/>
    <property name="sun.management.compiler" value="HotSpot 64-Bit Tiered Compilers"/>
    <property name="maven.test.failure.ignore" value="true"/>
    <property name="os.version" value="4.15.0-109-generic"/>
    <property name="library.jansi.path" value="/usr/share/maven/lib/jansi-native"/>
    <property name="user.home" value="/home/jdbl"/>
    <property name="user.timezone" value="Etc/UTC"/>
    <property name="java.awt.printerjob" value="sun.print.PSPrinterJob"/>
    <property name="java.specification.version" value="1.8"/>
    <property name="file.encoding" value="UTF-8"/>
    <property name="user.name" value="jdbl"/>
    <property name="java.class.path" value="/usr/share/maven/boot/plexus-classworlds-2.6.0.jar"/>
    <property name="java.vm.specification.version" value="1.8"/>
    <property name="sun.arch.data.model" value="64"/>
    <property name="java.home" value="/usr/local/openjdk-8/jre"/>
    <property name="sun.java.command" value="org.codehaus.plexus.classworlds.launcher.Launcher test -e --fail-never -ntp -Dmaven.test.failure.ignore=true -B -Dmaven.javadoc.skip=true -Drat.skip=true -Danimal.sniffer.skip=true -Dmaven.javadoc.skip=true -Dlicense.skip=true -Dsource.skip=true"/>
    <property name="java.specification.vendor" value="Oracle Corporation"/>
    <property name="user.language" value="en"/>
    <property name="awt.toolkit" value="sun.awt.X11.XToolkit"/>
    <property name="java.vm.info" value="mixed mode"/>
    <property name="java.version" value="1.8.0_262"/>
    <property name="java.ext.dirs" value="/usr/local/openjdk-8/jre/lib/ext:/usr/java/packages/lib/ext"/>
    <property name="securerandom.source" value="file:/dev/./urandom"/>
    <property name="sun.boot.class.path" value="/usr/local/openjdk-8/jre/lib/resources.jar:/usr/local/openjdk-8/jre/lib/rt.jar:/usr/local/openjdk-8/jre/lib/sunrsasign.jar:/usr/local/openjdk-8/jre/lib/jsse.jar:/usr/local/openjdk-8/jre/lib/jce.jar:/usr/local/openjdk-8/jre/lib/charsets.jar:/usr/local/openjdk-8/jre/lib/jfr.jar:/usr/local/openjdk-8/jre/classes"/>
    <property name="java.vendor" value="Oracle Corporation"/>
    <property name="rat.skip" value="true"/>
    <property name="maven.home" value="/usr/share/maven"/>
    <property name="file.separator" value="/"/>
    <property name="java.vendor.url.bug" value="http://bugreport.sun.com/bugreport/"/>
    <property name="sun.cpu.endian" value="little"/>
    <property name="sun.io.unicode.encoding" value="UnicodeLittle"/>
    <property name="sun.cpu.isalist" value=""/>
  </properties>
  <testcase name="test_withGroupingSize_negative" classname="org.joda.money.format.TestMoneyAmountStyle" time="0"/>
  <testcase name="test_localize_DE" classname="org.joda.money.format.TestMoneyAmountStyle" time="0"/>
  <testcase name="test_localize_GB" classname="org.joda.money.format.TestMoneyAmountStyle" time="0"/>
  <testcase name="test_localize_LV" classname="org.joda.money.format.TestMoneyAmountStyle" time="0"/>
  <testcase name="test_equals_equal_absValue_true" classname="org.joda.money.format.TestMoneyAmountStyle" time="0"/>
  <testcase name="test_equals_equal_positiveChar" classname="org.joda.money.format.TestMoneyAmountStyle" time="0"/>
  <testcase name="test_withZeroCharacter" classname="org.joda.money.format.TestMoneyAmountStyle" time="0"/>
  <testcase name="test_ASCII_DECIMAL_POINT_GROUP3_COMMA_print" classname="org.joda.money.format.TestMoneyAmountStyle" time="0"/>
  <testcase name="test_ASCII_DECIMAL_POINT_NO_GROUPING_print" classname="org.joda.money.format.TestMoneyAmountStyle" time="0"/>
  <testcase name="test_equals_equal_negativeChar" classname="org.joda.money.format.TestMoneyAmountStyle" time="0"/>
  <testcase name="test_equals_notEqual_absValue" classname="org.joda.money.format.TestMoneyAmountStyle" time="0"/>
  <testcase name="test_withForcedDecimalPoint_same" classname="org.joda.money.format.TestMoneyAmountStyle" time="0"/>
  <testcase name="test_ASCII_ASCII_DECIMAL_COMMA_GROUP3_DOT" classname="org.joda.money.format.TestMoneyAmountStyle" time="0"/>
  <testcase name="test_localize_DE_fixedZeroAndDecimal" classname="org.joda.money.format.TestMoneyAmountStyle" time="0"/>
  <testcase name="test_equals_equal_absValue_false" classname="org.joda.money.format.TestMoneyAmountStyle" time="0"/>
  <testcase name="test_localize_DE_fixedDecimal" classname="org.joda.money.format.TestMoneyAmountStyle" time="0"/>
  <testcase name="test_withNegativeSignCharacter_same" classname="org.joda.money.format.TestMoneyAmountStyle" time="0"/>
  <testcase name="test_withGroupingStyle_same" classname="org.joda.money.format.TestMoneyAmountStyle" time="0"/>
  <testcase name="test_ASCII_ASCII_DECIMAL_POINT_GROUP3_SPACE_print" classname="org.joda.money.format.TestMoneyAmountStyle" time="0"/>
  <testcase name="test_withPositiveSignCharacter" classname="org.joda.money.format.TestMoneyAmountStyle" time="0"/>
  <testcase name="test_withZeroCharacter_sameNull" classname="org.joda.money.format.TestMoneyAmountStyle" time="0"/>
  <testcase name="test_equals_equal_zeroChar" classname="org.joda.money.format.TestMoneyAmountStyle" time="0"/>
  <testcase name="test_ASCII_DECIMAL_COMMA_GROUP3_SPACE_print" classname="org.joda.money.format.TestMoneyAmountStyle" time="0"/>
  <testcase name="test_LOCALIZED_NO_GROUPING" classname="org.joda.money.format.TestMoneyAmountStyle" time="0"/>
  <testcase name="test_withAbsValue" classname="org.joda.money.format.TestMoneyAmountStyle" time="0"/>
  <testcase name="test_print_groupBeforeDecimal" classname="org.joda.money.format.TestMoneyAmountStyle" time="0"/>
  <testcase name="test_withDecimalPointCharacter_same" classname="org.joda.money.format.TestMoneyAmountStyle" time="0"/>
  <testcase name="test_withNegativeSignCharacter" classname="org.joda.money.format.TestMoneyAmountStyle" time="0"/>
  <testcase name="test_ASCII_DECIMAL_COMMA_GROUP3_SPACE" classname="org.joda.money.format.TestMoneyAmountStyle" time="0"/>
  <testcase name="test_withGroupingSize_sameNull" classname="org.joda.money.format.TestMoneyAmountStyle" time="0"/>
  <testcase name="test_withDecimalPointCharacter" classname="org.joda.money.format.TestMoneyAmountStyle" time="0"/>
  <testcase name="test_equals_notEqual_decimalPointChar" classname="org.joda.money.format.TestMoneyAmountStyle" time="0"/>
  <testcase name="test_ASCII_DECIMAL_COMMA_NO_GROUPING_print" classname="org.joda.money.format.TestMoneyAmountStyle" time="0"/>
  <testcase name="test_LOCALIZED_GROUPING" classname="org.joda.money.format.TestMoneyAmountStyle" time="0"/>
  <testcase name="test_equals_equal_decimalPointChar" classname="org.joda.money.format.TestMoneyAmountStyle" time="0"/>
  <testcase name="test_equals_null" classname="org.joda.money.format.TestMoneyAmountStyle" time="0"/>
  <testcase name="test_equals_same" classname="org.joda.money.format.TestMoneyAmountStyle" time="0"/>
  <testcase name="test_equals_equal_groupingStyle" classname="org.joda.money.format.TestMoneyAmountStyle" time="0"/>
  <testcase name="test_ASCII_DECIMAL_COMMA_NO_GROUPING" classname="org.joda.money.format.TestMoneyAmountStyle" time="0"/>
  <testcase name="test_withAbsValue_same" classname="org.joda.money.format.TestMoneyAmountStyle" time="0"/>
  <testcase name="test_withPositiveSignCharacter_same" classname="org.joda.money.format.TestMoneyAmountStyle" time="0"/>
  <testcase name="test_withGroupingSize_same" classname="org.joda.money.format.TestMoneyAmountStyle" time="0"/>
  <testcase name="test_withPositiveSignCharacter_sameNull" classname="org.joda.money.format.TestMoneyAmountStyle" time="0"/>
  <testcase name="test_equals_equal_forcedDecimalPoint_false" classname="org.joda.money.format.TestMoneyAmountStyle" time="0"/>
  <testcase name="test_equals_otherType" classname="org.joda.money.format.TestMoneyAmountStyle" time="0"/>
  <testcase name="test_withDecimalPointCharacter_sameNull" classname="org.joda.money.format.TestMoneyAmountStyle" time="0"/>
  <testcase name="test_equals_notEqual_groupingChar" classname="org.joda.money.format.TestMoneyAmountStyle" time="0"/>
  <testcase name="test_equals_notEqual_groupingSize" classname="org.joda.money.format.TestMoneyAmountStyle" time="0"/>
  <testcase name="test_ASCII_DECIMAL_COMMA_GROUP3_DOT_print" classname="org.joda.money.format.TestMoneyAmountStyle" time="0"/>
  <testcase name="test_ASCII_DECIMAL_POINT_NO_GROUPING" classname="org.joda.money.format.TestMoneyAmountStyle" time="0"/>
  <testcase name="test_equals_notEqual_positiveChar" classname="org.joda.money.format.TestMoneyAmountStyle" time="0"/>
  <testcase name="test_withZeroCharacter_same" classname="org.joda.money.format.TestMoneyAmountStyle" time="0"/>
  <testcase name="test_equals_notEqual_groupingStyle" classname="org.joda.money.format.TestMoneyAmountStyle" time="0"/>
  <testcase name="test_equals_notEqual_negativeChar" classname="org.joda.money.format.TestMoneyAmountStyle" time="0"/>
  <testcase name="test_withGroupingCharacter_sameNull" classname="org.joda.money.format.TestMoneyAmountStyle" time="0"/>
  <testcase name="test_withGroupingCharacter" classname="org.joda.money.format.TestMoneyAmountStyle" time="0"/>
  <testcase name="test_of_Locale_DE" classname="org.joda.money.format.TestMoneyAmountStyle" time="0"/>
  <testcase name="test_of_Locale_GB" classname="org.joda.money.format.TestMoneyAmountStyle" time="0"/>
  <testcase name="test_toString" classname="org.joda.money.format.TestMoneyAmountStyle" time="0"/>
  <testcase name="test_withGroupingStyle" classname="org.joda.money.format.TestMoneyAmountStyle" time="0"/>
  <testcase name="test_withForcedDecimalPoint" classname="org.joda.money.format.TestMoneyAmountStyle" time="0"/>
  <testcase name="test_LOCALIZED_NO_GROUPING_print" classname="org.joda.money.format.TestMoneyAmountStyle" time="0"/>
  <testcase name="test_localize_DE_fixedGrouping" classname="org.joda.money.format.TestMoneyAmountStyle" time="0"/>
  <testcase name="test_ASCII_DECIMAL_POINT_GROUP3_COMMA" classname="org.joda.money.format.TestMoneyAmountStyle" time="0"/>
  <testcase name="test_equals_notEqual_forcedDecimalPoint" classname="org.joda.money.format.TestMoneyAmountStyle" time="0"/>
  <testcase name="test_ASCII_DECIMAL_POINT_GROUP3_SPACE" classname="org.joda.money.format.TestMoneyAmountStyle" time="0"/>
  <testcase name="test_withNegativeSignCharacter_sameNull" classname="org.joda.money.format.TestMoneyAmountStyle" time="0"/>
  <testcase name="test_equals_notEqual_zeroChar" classname="org.joda.money.format.TestMoneyAmountStyle" time="0"/>
  <testcase name="test_localize_DE_noGrouping" classname="org.joda.money.format.TestMoneyAmountStyle" time="0"/>
  <testcase name="test_localize_DE_fixedPositive" classname="org.joda.money.format.TestMoneyAmountStyle" time="0"/>
  <testcase name="test_equals_equal_forcedDecimalPoint_true" classname="org.joda.money.format.TestMoneyAmountStyle" time="0"/>
  <testcase name="test_localize_DE_fixedNegative" classname="org.joda.money.format.TestMoneyAmountStyle" time="0"/>
  <testcase name="test_withGroupingCharacter_same" classname="org.joda.money.format.TestMoneyAmountStyle" time="0"/>
  <testcase name="test_LOCALIZED_GROUPING_print" classname="org.joda.money.format.TestMoneyAmountStyle" time="0"/>
  <testcase name="test_withGroupingSize" classname="org.joda.money.format.TestMoneyAmountStyle" time="0"/>
  <testcase name="test_equals_equal_groupingChar" classname="org.joda.money.format.TestMoneyAmountStyle" time="0"/>
  <testcase name="test_equals_equal_groupingSize" classname="org.joda.money.format.TestMoneyAmountStyle" time="0"/>
  <testcase name="test_localize_DE_fixedZero" classname="org.joda.money.format.TestMoneyAmountStyle" time="0"/>
</testsuite>