<?xml version="1.0" encoding="UTF-8"?>
<testsuite xmlns:xsi="http://www.w3.org/2001/XMLSchema-instance" xsi:schemaLocation="https://maven.apache.org/surefire/maven-surefire-plugin/xsd/surefire-test-report.xsd" name="org.joda.money.format.TestMoneyFormatterBuilder" time="0.067" tests="492" errors="0" skipped="0" failures="0">
  <properties>
    <property name="java.runtime.name" value="OpenJDK Runtime Environment"/>
    <property name="sun.boot.library.path" value="/usr/local/openjdk-8/jre/lib/amd64"/>
    <property name="java.vm.version" value="25.262-b10"/>
    <property name="animal.sniffer.skip" value="true"/>
    <property name="java.vm.vendor" value="Oracle Corporation"/>
    <property name="maven.multiModuleProjectDirectory" value="/tmp/tmp70aw9bq6/joda-money"/>
    <property name="maven.javadoc.skip" value="true"/>
    <property name="java.vendor.url" value="http://java.oracle.com/"/>
    <property name="path.separator" value=":"/>
    <property name="guice.disable.misplaced.annotation.check" value="true"/>
    <property name="java.vm.name" value="OpenJDK 64-Bit Server VM"/>
    <property name="file.encoding.pkg" value="sun.io"/>
    <property name="sun.java.launcher" value="SUN_STANDARD"/>
    <property name="sun.os.patch.level" value="unknown"/>
    <property name="source.skip" value="true"/>
    <property name="java.vm.specification.name" value="Java Virtual Machine Specification"/>
    <property name="user.dir" value="/tmp/tmp70aw9bq6/joda-money"/>
    <property name="java.runtime.version" value="1.8.0_262-b10"/>
    <property name="java.awt.graphicsenv" value="sun.awt.X11GraphicsEnvironment"/>
    <property name="java.endorsed.dirs" value="/usr/local/openjdk-8/jre/lib/endorsed"/>
    <property name="os.arch" value="amd64"/>
    <property name="java.io.tmpdir" value="/tmp"/>
    <property name="line.separator" value="&#10;"/>
    <property name="java.vm.specification.vendor" value="Oracle Corporation"/>
    <property name="os.name" value="Linux"/>
    <property name="classworlds.conf" value="/usr/share/maven/bin/m2.conf"/>
    <property name="sun.jnu.encoding" value="UTF-8"/>
    <property name="java.library.path" value="/usr/java/packages/lib/amd64:/usr/lib64:/lib64:/lib:/usr/lib"/>
    <property name="license.skip" value="true"/>
    <property name="maven.conf" value="/usr/share/maven/conf"/>
    <property name="java.specification.name" value="Java Platform API Specification"/>
    <property name="java.class.version" value="52.0"/>
    <property name="sun.management.compiler" value="HotSpot 64-Bit Tiered Compilers"/>
    <property name="maven.test.failure.ignore" value="true"/>
    <property name="os.version" value="4.15.0-109-generic"/>
    <property name="library.jansi.path" value="/usr/share/maven/lib/jansi-native"/>
    <property name="user.home" value="/home/jdbl"/>
    <property name="user.timezone" value="Etc/UTC"/>
    <property name="java.awt.printerjob" value="sun.print.PSPrinterJob"/>
    <property name="java.specification.version" value="1.8"/>
    <property name="file.encoding" value="UTF-8"/>
    <property name="user.name" value="jdbl"/>
    <property name="java.class.path" value="/usr/share/maven/boot/plexus-classworlds-2.6.0.jar"/>
    <property name="java.vm.specification.version" value="1.8"/>
    <property name="sun.arch.data.model" value="64"/>
    <property name="java.home" value="/usr/local/openjdk-8/jre"/>
    <property name="sun.java.command" value="org.codehaus.plexus.classworlds.launcher.Launcher test -e --fail-never -ntp -Dmaven.test.failure.ignore=true -B -Dmaven.javadoc.skip=true -Drat.skip=true -Danimal.sniffer.skip=true -Dmaven.javadoc.skip=true -Dlicense.skip=true -Dsource.skip=true"/>
    <property name="java.specification.vendor" value="Oracle Corporation"/>
    <property name="user.language" value="en"/>
    <property name="awt.toolkit" value="sun.awt.X11.XToolkit"/>
    <property name="java.vm.info" value="mixed mode"/>
    <property name="java.version" value="1.8.0_262"/>
    <property name="java.ext.dirs" value="/usr/local/openjdk-8/jre/lib/ext:/usr/java/packages/lib/ext"/>
    <property name="securerandom.source" value="file:/dev/./urandom"/>
    <property name="sun.boot.class.path" value="/usr/local/openjdk-8/jre/lib/resources.jar:/usr/local/openjdk-8/jre/lib/rt.jar:/usr/local/openjdk-8/jre/lib/sunrsasign.jar:/usr/local/openjdk-8/jre/lib/jsse.jar:/usr/local/openjdk-8/jre/lib/jce.jar:/usr/local/openjdk-8/jre/lib/charsets.jar:/usr/local/openjdk-8/jre/lib/jfr.jar:/usr/local/openjdk-8/jre/classes"/>
    <property name="java.vendor" value="Oracle Corporation"/>
    <property name="rat.skip" value="true"/>
    <property name="maven.home" value="/usr/share/maven"/>
    <property name="file.separator" value="/"/>
    <property name="java.vendor.url.bug" value="http://bugreport.sun.com/bugreport/"/>
    <property name="sun.cpu.endian" value="little"/>
    <property name="sun.io.unicode.encoding" value="UnicodeLittle"/>
    <property name="sun.cpu.isalist" value=""/>
  </properties>
  <testcase name="test_appendLiteral_print_empty" classname="org.joda.money.format.TestMoneyFormatterBuilder" time="0"/>
  <testcase name="test_appendCurrencyNumeric3Code_parse_tooShort" classname="org.joda.money.format.TestMoneyFormatterBuilder" time="0"/>
  <testcase name="test_appendAmountLocalized_JPY_2345" classname="org.joda.money.format.TestMoneyFormatterBuilder" time="0"/>
  <testcase name="test_appendAmount_GBP_1234_56789_France" classname="org.joda.money.format.TestMoneyFormatterBuilder" time="0"/>
  <testcase name="test_appendLiteral_print_null" classname="org.joda.money.format.TestMoneyFormatterBuilder" time="0"/>
  <testcase name="test_appendCurrencyNumeric3Code_print" classname="org.joda.money.format.TestMoneyFormatterBuilder" time="0"/>
  <testcase name="test_appendAmount_MoneyAmountStyle_JPY_issue49" classname="org.joda.money.format.TestMoneyFormatterBuilder" time="0.002"/>
  <testcase name="test_appendCurrencyCode_parse_ok" classname="org.joda.money.format.TestMoneyFormatterBuilder" time="0"/>
  <testcase name="test_appendCurrencyNumeric3Code_parse_empty" classname="org.joda.money.format.TestMoneyFormatterBuilder" time="0"/>
  <testcase name="test_appendLiteral_print" classname="org.joda.money.format.TestMoneyFormatterBuilder" time="0"/>
  <testcase name="test_appendCurrencyCode_parse_tooShort" classname="org.joda.money.format.TestMoneyFormatterBuilder" time="0"/>
  <testcase name="test_appendLiteral_parse_tooShort" classname="org.joda.money.format.TestMoneyFormatterBuilder" time="0"/>
  <testcase name="test_appendCurrencyNumeric3Code_parse_ok" classname="org.joda.money.format.TestMoneyFormatterBuilder" time="0"/>
  <testcase name="test_appendCurrencyCode_parse_empty" classname="org.joda.money.format.TestMoneyFormatterBuilder" time="0"/>
  <testcase name="test_appendSigned_PZN" classname="org.joda.money.format.TestMoneyFormatterBuilder" time="0.001"/>
  <testcase name="test_appendSigned_PZN_edgeCases" classname="org.joda.money.format.TestMoneyFormatterBuilder" time="0"/>
  <testcase name="test_appendCurrencyNumericCode_print" classname="org.joda.money.format.TestMoneyFormatterBuilder" time="0"/>
  <testcase name="test_appendAmountLocalized[0: GBP 2.34, 2,34]" classname="org.joda.money.format.TestMoneyFormatterBuilder" time="0"/>
  <testcase name="test_appendAmountLocalized[1: GBP 23.45, 23,45]" classname="org.joda.money.format.TestMoneyFormatterBuilder" time="0"/>
  <testcase name="test_appendAmountLocalized[2: GBP 234.56, 234,56]" classname="org.joda.money.format.TestMoneyFormatterBuilder" time="0"/>
  <testcase name="test_appendAmountLocalized[3: GBP 2345.67, 2 345,67]" classname="org.joda.money.format.TestMoneyFormatterBuilder" time="0"/>
  <testcase name="test_appendAmountLocalized[4: GBP 1234567.89, 1 234 567,89]" classname="org.joda.money.format.TestMoneyFormatterBuilder" time="0"/>
  <testcase name="test_appendAmountLocalized[5: GBP 1234.56789, 1 234,567 89]" classname="org.joda.money.format.TestMoneyFormatterBuilder" time="0"/>
  <testcase name="test_appendAmountLocalized[6: GBP -234.56, -234,56]" classname="org.joda.money.format.TestMoneyFormatterBuilder" time="0"/>
  <testcase name="test_appendAmount_JPY_2345" classname="org.joda.money.format.TestMoneyFormatterBuilder" time="0"/>
  <testcase name="test_appendCurrencyNumeric3Code_parse_badCurrency" classname="org.joda.money.format.TestMoneyFormatterBuilder" time="0"/>
  <testcase name="test_appendAmount[0: GBP 2.34, 2.34]" classname="org.joda.money.format.TestMoneyFormatterBuilder" time="0"/>
  <testcase name="test_appendAmount[1: GBP 23.45, 23.45]" classname="org.joda.money.format.TestMoneyFormatterBuilder" time="0"/>
  <testcase name="test_appendAmount[2: GBP 234.56, 234.56]" classname="org.joda.money.format.TestMoneyFormatterBuilder" time="0"/>
  <testcase name="test_appendAmount[3: GBP 2345.67, 2,345.67]" classname="org.joda.money.format.TestMoneyFormatterBuilder" time="0"/>
  <testcase name="test_appendAmount[4: GBP 1234567.89, 1,234,567.89]" classname="org.joda.money.format.TestMoneyFormatterBuilder" time="0"/>
  <testcase name="test_appendAmount[5: GBP 1234.56789, 1,234.567,89]" classname="org.joda.money.format.TestMoneyFormatterBuilder" time="0"/>
  <testcase name="test_appendAmount[6: GBP 1234567891234.1234567891, 1,234,567,891,234.123,456,789,1]" classname="org.joda.money.format.TestMoneyFormatterBuilder" time="0.001"/>
  <testcase name="test_appendAmount[7: GBP -234.56, -234.56]" classname="org.joda.money.format.TestMoneyFormatterBuilder" time="0"/>
  <testcase name="test_appendAmount_parseExtendedGroupingSize[0: GBP 2.34, 2.34]" classname="org.joda.money.format.TestMoneyFormatterBuilder" time="0"/>
  <testcase name="test_appendAmount_parseExtendedGroupingSize[1: GBP 23.45, 23.45]" classname="org.joda.money.format.TestMoneyFormatterBuilder" time="0"/>
  <testcase name="test_appendAmount_parseExtendedGroupingSize[2: GBP 234.56, 234.56]" classname="org.joda.money.format.TestMoneyFormatterBuilder" time="0"/>
  <testcase name="test_appendAmount_parseExtendedGroupingSize[3: GBP 2345.67, 2,345.67]" classname="org.joda.money.format.TestMoneyFormatterBuilder" time="0"/>
  <testcase name="test_appendAmount_parseExtendedGroupingSize[4: GBP 1234567.89, 12,34,567.89]" classname="org.joda.money.format.TestMoneyFormatterBuilder" time="0"/>
  <testcase name="test_appendAmount_parseExtendedGroupingSize[5: GBP 1234.56789, 1,234.567,89]" classname="org.joda.money.format.TestMoneyFormatterBuilder" time="0"/>
  <testcase name="test_appendAmount_parseExtendedGroupingSize[6: GBP 1234567891234.1234567891, 12,34,56,78,91,234.123,45,67,89,1]" classname="org.joda.money.format.TestMoneyFormatterBuilder" time="0"/>
  <testcase name="test_appendAmount_parseExtendedGroupingSize[7: GBP -234.56, -234.56]" classname="org.joda.money.format.TestMoneyFormatterBuilder" time="0"/>
  <testcase name="test_appendCurrencyNumericCode_parse_ok_padded" classname="org.joda.money.format.TestMoneyFormatterBuilder" time="0"/>
  <testcase name="test_appendLiteral_parse_noMatch" classname="org.joda.money.format.TestMoneyFormatterBuilder" time="0"/>
  <testcase name="test_appendAmount_parseExcessGrouping" classname="org.joda.money.format.TestMoneyFormatterBuilder" time="0"/>
  <testcase name="test_append_MoneyPrinterMoneyParser_parser" classname="org.joda.money.format.TestMoneyFormatterBuilder" time="0.001"/>
  <testcase name="test_toFormatter_defaultLocale" classname="org.joda.money.format.TestMoneyFormatterBuilder" time="0"/>
  <testcase name="test_appendSigned_PN" classname="org.joda.money.format.TestMoneyFormatterBuilder" time="0.001"/>
  <testcase name="test_appendCurrencyNumericCode_parse_ok_notPadded1" classname="org.joda.money.format.TestMoneyFormatterBuilder" time="0"/>
  <testcase name="test_appendCurrencyNumericCode_parse_ok_notPadded2" classname="org.joda.money.format.TestMoneyFormatterBuilder" time="0"/>
  <testcase name="test_appendCurrencyCode_print" classname="org.joda.money.format.TestMoneyFormatterBuilder" time="0"/>
  <testcase name="test_appendAmount_3dp_BHD" classname="org.joda.money.format.TestMoneyFormatterBuilder" time="0"/>
  <testcase name="test_appendAmountLocalized_GBP_1234_56789_US" classname="org.joda.money.format.TestMoneyFormatterBuilder" time="0"/>
  <testcase name="test_appendCurrencyNumericCode_parse_ok" classname="org.joda.money.format.TestMoneyFormatterBuilder" time="0"/>
  <testcase name="test_appendLiteral_parse_ok" classname="org.joda.money.format.TestMoneyFormatterBuilder" time="0"/>
  <testcase name="test_appendAmount_MoneyAmountStyle_null" classname="org.joda.money.format.TestMoneyFormatterBuilder" time="0.001"/>
  <testcase name="test_appendCurrencyNumericCode_parse_empty" classname="org.joda.money.format.TestMoneyFormatterBuilder" time="0"/>
  <testcase name="test_append_MoneyFormatter" classname="org.joda.money.format.TestMoneyFormatterBuilder" time="0"/>
  <testcase name="test_appendCurrencyNumericCode_parse_badCurrency" classname="org.joda.money.format.TestMoneyFormatterBuilder" time="0"/>
  <testcase name="test_appendCurrencyNumericCode_parse_tooShort" classname="org.joda.money.format.TestMoneyFormatterBuilder" time="0"/>
  <testcase name="test_appendAmount_MoneyAmountStyle_BHD[0: MoneyAmountStyle[&apos;0&apos;,&apos;+&apos;,&apos;-&apos;,&apos;.&apos;,&apos;NONE,,&apos;,&apos;3&apos;,false&apos;,false], 2, 2]" classname="org.joda.money.format.TestMoneyFormatterBuilder" time="0"/>
  <testcase name="test_appendAmount_MoneyAmountStyle_BHD[1: MoneyAmountStyle[&apos;0&apos;,&apos;+&apos;,&apos;-&apos;,&apos;.&apos;,&apos;NONE,,&apos;,&apos;3&apos;,false&apos;,false], 2123456, 2123456]" classname="org.joda.money.format.TestMoneyFormatterBuilder" time="0"/>
  <testcase name="test_appendAmount_MoneyAmountStyle_BHD[2: MoneyAmountStyle[&apos;0&apos;,&apos;+&apos;,&apos;-&apos;,&apos;.&apos;,&apos;NONE,,&apos;,&apos;3&apos;,false&apos;,false], 2.34, 2.34]" classname="org.joda.money.format.TestMoneyFormatterBuilder" time="0"/>
  <testcase name="test_appendAmount_MoneyAmountStyle_BHD[3: MoneyAmountStyle[&apos;0&apos;,&apos;+&apos;,&apos;-&apos;,&apos;.&apos;,&apos;NONE,,&apos;,&apos;3&apos;,false&apos;,false], 23.34, 23.34]" classname="org.joda.money.format.TestMoneyFormatterBuilder" time="0"/>
  <testcase name="test_appendAmount_MoneyAmountStyle_BHD[4: MoneyAmountStyle[&apos;0&apos;,&apos;+&apos;,&apos;-&apos;,&apos;.&apos;,&apos;NONE,,&apos;,&apos;3&apos;,false&apos;,false], 234.34, 234.34]" classname="org.joda.money.format.TestMoneyFormatterBuilder" time="0"/>
  <testcase name="test_appendAmount_MoneyAmountStyle_BHD[5: MoneyAmountStyle[&apos;0&apos;,&apos;+&apos;,&apos;-&apos;,&apos;.&apos;,&apos;NONE,,&apos;,&apos;3&apos;,false&apos;,false], 2345.34, 2345.34]" classname="org.joda.money.format.TestMoneyFormatterBuilder" time="0"/>
  <testcase name="test_appendAmount_MoneyAmountStyle_BHD[6: MoneyAmountStyle[&apos;0&apos;,&apos;+&apos;,&apos;-&apos;,&apos;.&apos;,&apos;NONE,,&apos;,&apos;3&apos;,false&apos;,false], 23456.34, 23456.34]" classname="org.joda.money.format.TestMoneyFormatterBuilder" time="0.001"/>
  <testcase name="test_appendAmount_MoneyAmountStyle_BHD[7: MoneyAmountStyle[&apos;0&apos;,&apos;+&apos;,&apos;-&apos;,&apos;.&apos;,&apos;NONE,,&apos;,&apos;3&apos;,false&apos;,false], 234567.34, 234567.34]" classname="org.joda.money.format.TestMoneyFormatterBuilder" time="0"/>
  <testcase name="test_appendAmount_MoneyAmountStyle_BHD[8: MoneyAmountStyle[&apos;0&apos;,&apos;+&apos;,&apos;-&apos;,&apos;.&apos;,&apos;NONE,,&apos;,&apos;3&apos;,false&apos;,false], 2345678.34, 2345678.34]" classname="org.joda.money.format.TestMoneyFormatterBuilder" time="0"/>
  <testcase name="test_appendAmount_MoneyAmountStyle_BHD[9: MoneyAmountStyle[&apos;0&apos;,&apos;+&apos;,&apos;-&apos;,&apos;.&apos;,&apos;NONE,,&apos;,&apos;3&apos;,false&apos;,false], 2.345, 2.345]" classname="org.joda.money.format.TestMoneyFormatterBuilder" time="0"/>
  <testcase name="test_appendAmount_MoneyAmountStyle_BHD[10: MoneyAmountStyle[&apos;0&apos;,&apos;+&apos;,&apos;-&apos;,&apos;.&apos;,&apos;NONE,,&apos;,&apos;3&apos;,false&apos;,false], 2.3456, 2.3456]" classname="org.joda.money.format.TestMoneyFormatterBuilder" time="0"/>
  <testcase name="test_appendAmount_MoneyAmountStyle_BHD[11: MoneyAmountStyle[&apos;0&apos;,&apos;+&apos;,&apos;-&apos;,&apos;.&apos;,&apos;NONE,,&apos;,&apos;3&apos;,false&apos;,false], 2.34567, 2.34567]" classname="org.joda.money.format.TestMoneyFormatterBuilder" time="0"/>
  <testcase name="test_appendAmount_MoneyAmountStyle_BHD[12: MoneyAmountStyle[&apos;0&apos;,&apos;+&apos;,&apos;-&apos;,&apos;.&apos;,&apos;NONE,,&apos;,&apos;3&apos;,false&apos;,false], 2.345678, 2.345678]" classname="org.joda.money.format.TestMoneyFormatterBuilder" time="0"/>
  <testcase name="test_appendAmount_MoneyAmountStyle_BHD[13: MoneyAmountStyle[&apos;0&apos;,&apos;+&apos;,&apos;-&apos;,&apos;.&apos;,&apos;NONE,,&apos;,&apos;3&apos;,false&apos;,false], 2.3456789, 2.3456789]" classname="org.joda.money.format.TestMoneyFormatterBuilder" time="0"/>
  <testcase name="test_appendAmount_MoneyAmountStyle_BHD[14: MoneyAmountStyle[&apos;0&apos;,&apos;+&apos;,&apos;-&apos;,&apos;.&apos;,&apos;FULL,,&apos;,&apos;3&apos;,false&apos;,false], 2, 2]" classname="org.joda.money.format.TestMoneyFormatterBuilder" time="0"/>
  <testcase name="test_appendAmount_MoneyAmountStyle_BHD[15: MoneyAmountStyle[&apos;0&apos;,&apos;+&apos;,&apos;-&apos;,&apos;.&apos;,&apos;FULL,,&apos;,&apos;3&apos;,false&apos;,false], 2123456, 2,123,456]" classname="org.joda.money.format.TestMoneyFormatterBuilder" time="0.001"/>
  <testcase name="test_appendAmount_MoneyAmountStyle_BHD[16: MoneyAmountStyle[&apos;0&apos;,&apos;+&apos;,&apos;-&apos;,&apos;.&apos;,&apos;FULL,,&apos;,&apos;3&apos;,false&apos;,false], 2.34, 2.34]" classname="org.joda.money.format.TestMoneyFormatterBuilder" time="0"/>
  <testcase name="test_appendAmount_MoneyAmountStyle_BHD[17: MoneyAmountStyle[&apos;0&apos;,&apos;+&apos;,&apos;-&apos;,&apos;.&apos;,&apos;FULL,,&apos;,&apos;3&apos;,false&apos;,false], 23.34, 23.34]" classname="org.joda.money.format.TestMoneyFormatterBuilder" time="0"/>
  <testcase name="test_appendAmount_MoneyAmountStyle_BHD[18: MoneyAmountStyle[&apos;0&apos;,&apos;+&apos;,&apos;-&apos;,&apos;.&apos;,&apos;FULL,,&apos;,&apos;3&apos;,false&apos;,false], 234.34, 234.34]" classname="org.joda.money.format.TestMoneyFormatterBuilder" time="0"/>
  <testcase name="test_appendAmount_MoneyAmountStyle_BHD[19: MoneyAmountStyle[&apos;0&apos;,&apos;+&apos;,&apos;-&apos;,&apos;.&apos;,&apos;FULL,,&apos;,&apos;3&apos;,false&apos;,false], 2345.34, 2,345.34]" classname="org.joda.money.format.TestMoneyFormatterBuilder" time="0"/>
  <testcase name="test_appendAmount_MoneyAmountStyle_BHD[20: MoneyAmountStyle[&apos;0&apos;,&apos;+&apos;,&apos;-&apos;,&apos;.&apos;,&apos;FULL,,&apos;,&apos;3&apos;,false&apos;,false], 23456.34, 23,456.34]" classname="org.joda.money.format.TestMoneyFormatterBuilder" time="0"/>
  <testcase name="test_appendAmount_MoneyAmountStyle_BHD[21: MoneyAmountStyle[&apos;0&apos;,&apos;+&apos;,&apos;-&apos;,&apos;.&apos;,&apos;FULL,,&apos;,&apos;3&apos;,false&apos;,false], 234567.34, 234,567.34]" classname="org.joda.money.format.TestMoneyFormatterBuilder" time="0"/>
  <testcase name="test_appendAmount_MoneyAmountStyle_BHD[22: MoneyAmountStyle[&apos;0&apos;,&apos;+&apos;,&apos;-&apos;,&apos;.&apos;,&apos;FULL,,&apos;,&apos;3&apos;,false&apos;,false], 2345678.34, 2,345,678.34]" classname="org.joda.money.format.TestMoneyFormatterBuilder" time="0"/>
  <testcase name="test_appendAmount_MoneyAmountStyle_BHD[23: MoneyAmountStyle[&apos;0&apos;,&apos;+&apos;,&apos;-&apos;,&apos;.&apos;,&apos;FULL,,&apos;,&apos;3&apos;,false&apos;,false], 2.345, 2.345]" classname="org.joda.money.format.TestMoneyFormatterBuilder" time="0"/>
  <testcase name="test_appendAmount_MoneyAmountStyle_BHD[24: MoneyAmountStyle[&apos;0&apos;,&apos;+&apos;,&apos;-&apos;,&apos;.&apos;,&apos;FULL,,&apos;,&apos;3&apos;,false&apos;,false], 2.3456, 2.345,6]" classname="org.joda.money.format.TestMoneyFormatterBuilder" time="0"/>
  <testcase name="test_appendAmount_MoneyAmountStyle_BHD[25: MoneyAmountStyle[&apos;0&apos;,&apos;+&apos;,&apos;-&apos;,&apos;.&apos;,&apos;FULL,,&apos;,&apos;3&apos;,false&apos;,false], 2.34567, 2.345,67]" classname="org.joda.money.format.TestMoneyFormatterBuilder" time="0"/>
  <testcase name="test_appendAmount_MoneyAmountStyle_BHD[26: MoneyAmountStyle[&apos;0&apos;,&apos;+&apos;,&apos;-&apos;,&apos;.&apos;,&apos;FULL,,&apos;,&apos;3&apos;,false&apos;,false], 2.345678, 2.345,678]" classname="org.joda.money.format.TestMoneyFormatterBuilder" time="0"/>
  <testcase name="test_appendAmount_MoneyAmountStyle_BHD[27: MoneyAmountStyle[&apos;0&apos;,&apos;+&apos;,&apos;-&apos;,&apos;.&apos;,&apos;FULL,,&apos;,&apos;3&apos;,false&apos;,false], 2.3456789, 2.345,678,9]" classname="org.joda.money.format.TestMoneyFormatterBuilder" time="0"/>
  <testcase name="test_appendAmount_MoneyAmountStyle_BHD[28: MoneyAmountStyle[&apos;0&apos;,&apos;+&apos;,&apos;-&apos;,&apos;.&apos;,&apos;FULL, &apos;,&apos;3&apos;,false&apos;,false], 2, 2]" classname="org.joda.money.format.TestMoneyFormatterBuilder" time="0"/>
  <testcase name="test_appendAmount_MoneyAmountStyle_BHD[29: MoneyAmountStyle[&apos;0&apos;,&apos;+&apos;,&apos;-&apos;,&apos;.&apos;,&apos;FULL, &apos;,&apos;3&apos;,false&apos;,false], 2123456, 2 123 456]" classname="org.joda.money.format.TestMoneyFormatterBuilder" time="0"/>
  <testcase name="test_appendAmount_MoneyAmountStyle_BHD[30: MoneyAmountStyle[&apos;0&apos;,&apos;+&apos;,&apos;-&apos;,&apos;.&apos;,&apos;FULL, &apos;,&apos;3&apos;,false&apos;,false], 2.34, 2.34]" classname="org.joda.money.format.TestMoneyFormatterBuilder" time="0"/>
  <testcase name="test_appendAmount_MoneyAmountStyle_BHD[31: MoneyAmountStyle[&apos;0&apos;,&apos;+&apos;,&apos;-&apos;,&apos;.&apos;,&apos;FULL, &apos;,&apos;3&apos;,false&apos;,false], 23.34, 23.34]" classname="org.joda.money.format.TestMoneyFormatterBuilder" time="0"/>
  <testcase name="test_appendAmount_MoneyAmountStyle_BHD[32: MoneyAmountStyle[&apos;0&apos;,&apos;+&apos;,&apos;-&apos;,&apos;.&apos;,&apos;FULL, &apos;,&apos;3&apos;,false&apos;,false], 234.34, 234.34]" classname="org.joda.money.format.TestMoneyFormatterBuilder" time="0"/>
  <testcase name="test_appendAmount_MoneyAmountStyle_BHD[33: MoneyAmountStyle[&apos;0&apos;,&apos;+&apos;,&apos;-&apos;,&apos;.&apos;,&apos;FULL, &apos;,&apos;3&apos;,false&apos;,false], 2345.34, 2 345.34]" classname="org.joda.money.format.TestMoneyFormatterBuilder" time="0"/>
  <testcase name="test_appendAmount_MoneyAmountStyle_BHD[34: MoneyAmountStyle[&apos;0&apos;,&apos;+&apos;,&apos;-&apos;,&apos;.&apos;,&apos;FULL, &apos;,&apos;3&apos;,false&apos;,false], 23456.34, 23 456.34]" classname="org.joda.money.format.TestMoneyFormatterBuilder" time="0"/>
  <testcase name="test_appendAmount_MoneyAmountStyle_BHD[35: MoneyAmountStyle[&apos;0&apos;,&apos;+&apos;,&apos;-&apos;,&apos;.&apos;,&apos;FULL, &apos;,&apos;3&apos;,false&apos;,false], 234567.34, 234 567.34]" classname="org.joda.money.format.TestMoneyFormatterBuilder" time="0"/>
  <testcase name="test_appendAmount_MoneyAmountStyle_BHD[36: MoneyAmountStyle[&apos;0&apos;,&apos;+&apos;,&apos;-&apos;,&apos;.&apos;,&apos;FULL, &apos;,&apos;3&apos;,false&apos;,false], 2345678.34, 2 345 678.34]" classname="org.joda.money.format.TestMoneyFormatterBuilder" time="0"/>
  <testcase name="test_appendAmount_MoneyAmountStyle_BHD[37: MoneyAmountStyle[&apos;0&apos;,&apos;+&apos;,&apos;-&apos;,&apos;.&apos;,&apos;FULL, &apos;,&apos;3&apos;,false&apos;,false], 2.345, 2.345]" classname="org.joda.money.format.TestMoneyFormatterBuilder" time="0"/>
  <testcase name="test_appendAmount_MoneyAmountStyle_BHD[38: MoneyAmountStyle[&apos;0&apos;,&apos;+&apos;,&apos;-&apos;,&apos;.&apos;,&apos;FULL, &apos;,&apos;3&apos;,false&apos;,false], 2.3456, 2.345 6]" classname="org.joda.money.format.TestMoneyFormatterBuilder" time="0"/>
  <testcase name="test_appendAmount_MoneyAmountStyle_BHD[39: MoneyAmountStyle[&apos;0&apos;,&apos;+&apos;,&apos;-&apos;,&apos;.&apos;,&apos;FULL, &apos;,&apos;3&apos;,false&apos;,false], 2.34567, 2.345 67]" classname="org.joda.money.format.TestMoneyFormatterBuilder" time="0"/>
  <testcase name="test_appendAmount_MoneyAmountStyle_BHD[40: MoneyAmountStyle[&apos;0&apos;,&apos;+&apos;,&apos;-&apos;,&apos;.&apos;,&apos;FULL, &apos;,&apos;3&apos;,false&apos;,false], 2.345678, 2.345 678]" classname="org.joda.money.format.TestMoneyFormatterBuilder" time="0"/>
  <testcase name="test_appendAmount_MoneyAmountStyle_BHD[41: MoneyAmountStyle[&apos;0&apos;,&apos;+&apos;,&apos;-&apos;,&apos;.&apos;,&apos;FULL, &apos;,&apos;3&apos;,false&apos;,false], 2.3456789, 2.345 678 9]" classname="org.joda.money.format.TestMoneyFormatterBuilder" time="0"/>
  <testcase name="test_appendAmount_MoneyAmountStyle_BHD[42: MoneyAmountStyle[&apos;0&apos;,&apos;+&apos;,&apos;-&apos;,&apos;.&apos;,&apos;BEFORE_DECIMAL_POINT,,&apos;,&apos;3&apos;,false&apos;,false], 2, 2]" classname="org.joda.money.format.TestMoneyFormatterBuilder" time="0"/>
  <testcase name="test_appendAmount_MoneyAmountStyle_BHD[43: MoneyAmountStyle[&apos;0&apos;,&apos;+&apos;,&apos;-&apos;,&apos;.&apos;,&apos;BEFORE_DECIMAL_POINT,,&apos;,&apos;3&apos;,false&apos;,false], 2123456, 2,123,456]" classname="org.joda.money.format.TestMoneyFormatterBuilder" time="0.001"/>
  <testcase name="test_appendAmount_MoneyAmountStyle_BHD[44: MoneyAmountStyle[&apos;0&apos;,&apos;+&apos;,&apos;-&apos;,&apos;.&apos;,&apos;BEFORE_DECIMAL_POINT,,&apos;,&apos;3&apos;,false&apos;,false], 2.34, 2.34]" classname="org.joda.money.format.TestMoneyFormatterBuilder" time="0"/>
  <testcase name="test_appendAmount_MoneyAmountStyle_BHD[45: MoneyAmountStyle[&apos;0&apos;,&apos;+&apos;,&apos;-&apos;,&apos;.&apos;,&apos;BEFORE_DECIMAL_POINT,,&apos;,&apos;3&apos;,false&apos;,false], 23.34, 23.34]" classname="org.joda.money.format.TestMoneyFormatterBuilder" time="0"/>
  <testcase name="test_appendAmount_MoneyAmountStyle_BHD[46: MoneyAmountStyle[&apos;0&apos;,&apos;+&apos;,&apos;-&apos;,&apos;.&apos;,&apos;BEFORE_DECIMAL_POINT,,&apos;,&apos;3&apos;,false&apos;,false], 234.34, 234.34]" classname="org.joda.money.format.TestMoneyFormatterBuilder" time="0"/>
  <testcase name="test_appendAmount_MoneyAmountStyle_BHD[47: MoneyAmountStyle[&apos;0&apos;,&apos;+&apos;,&apos;-&apos;,&apos;.&apos;,&apos;BEFORE_DECIMAL_POINT,,&apos;,&apos;3&apos;,false&apos;,false], 2345.34, 2,345.34]" classname="org.joda.money.format.TestMoneyFormatterBuilder" time="0"/>
  <testcase name="test_appendAmount_MoneyAmountStyle_BHD[48: MoneyAmountStyle[&apos;0&apos;,&apos;+&apos;,&apos;-&apos;,&apos;.&apos;,&apos;BEFORE_DECIMAL_POINT,,&apos;,&apos;3&apos;,false&apos;,false], 23456.34, 23,456.34]" classname="org.joda.money.format.TestMoneyFormatterBuilder" time="0"/>
  <testcase name="test_appendAmount_MoneyAmountStyle_BHD[49: MoneyAmountStyle[&apos;0&apos;,&apos;+&apos;,&apos;-&apos;,&apos;.&apos;,&apos;BEFORE_DECIMAL_POINT,,&apos;,&apos;3&apos;,false&apos;,false], 234567.34, 234,567.34]" classname="org.joda.money.format.TestMoneyFormatterBuilder" time="0"/>
  <testcase name="test_appendAmount_MoneyAmountStyle_BHD[50: MoneyAmountStyle[&apos;0&apos;,&apos;+&apos;,&apos;-&apos;,&apos;.&apos;,&apos;BEFORE_DECIMAL_POINT,,&apos;,&apos;3&apos;,false&apos;,false], 2345678.34, 2,345,678.34]" classname="org.joda.money.format.TestMoneyFormatterBuilder" time="0"/>
  <testcase name="test_appendAmount_MoneyAmountStyle_BHD[51: MoneyAmountStyle[&apos;0&apos;,&apos;+&apos;,&apos;-&apos;,&apos;.&apos;,&apos;BEFORE_DECIMAL_POINT,,&apos;,&apos;3&apos;,false&apos;,false], 2.345, 2.345]" classname="org.joda.money.format.TestMoneyFormatterBuilder" time="0"/>
  <testcase name="test_appendAmount_MoneyAmountStyle_BHD[52: MoneyAmountStyle[&apos;0&apos;,&apos;+&apos;,&apos;-&apos;,&apos;.&apos;,&apos;BEFORE_DECIMAL_POINT,,&apos;,&apos;3&apos;,false&apos;,false], 2.3456, 2.3456]" classname="org.joda.money.format.TestMoneyFormatterBuilder" time="0"/>
  <testcase name="test_appendAmount_MoneyAmountStyle_BHD[53: MoneyAmountStyle[&apos;0&apos;,&apos;+&apos;,&apos;-&apos;,&apos;.&apos;,&apos;BEFORE_DECIMAL_POINT,,&apos;,&apos;3&apos;,false&apos;,false], 2.34567, 2.34567]" classname="org.joda.money.format.TestMoneyFormatterBuilder" time="0"/>
  <testcase name="test_appendAmount_MoneyAmountStyle_BHD[54: MoneyAmountStyle[&apos;0&apos;,&apos;+&apos;,&apos;-&apos;,&apos;.&apos;,&apos;BEFORE_DECIMAL_POINT,,&apos;,&apos;3&apos;,false&apos;,false], 2.345678, 2.345678]" classname="org.joda.money.format.TestMoneyFormatterBuilder" time="0"/>
  <testcase name="test_appendAmount_MoneyAmountStyle_BHD[55: MoneyAmountStyle[&apos;0&apos;,&apos;+&apos;,&apos;-&apos;,&apos;.&apos;,&apos;BEFORE_DECIMAL_POINT,,&apos;,&apos;3&apos;,false&apos;,false], 2.3456789, 2.3456789]" classname="org.joda.money.format.TestMoneyFormatterBuilder" time="0"/>
  <testcase name="test_appendAmount_MoneyAmountStyle_BHD[56: MoneyAmountStyle[&apos;0&apos;,&apos;+&apos;,&apos;-&apos;,&apos;.&apos;,&apos;FULL,,&apos;,&apos;3&apos;,true&apos;,false], 2, 2.]" classname="org.joda.money.format.TestMoneyFormatterBuilder" time="0"/>
  <testcase name="test_appendAmount_MoneyAmountStyle_BHD[57: MoneyAmountStyle[&apos;0&apos;,&apos;+&apos;,&apos;-&apos;,&apos;.&apos;,&apos;FULL,,&apos;,&apos;3&apos;,true&apos;,false], 2123456, 2,123,456.]" classname="org.joda.money.format.TestMoneyFormatterBuilder" time="0"/>
  <testcase name="test_appendAmount_MoneyAmountStyle_BHD[58: MoneyAmountStyle[&apos;0&apos;,&apos;+&apos;,&apos;-&apos;,&apos;.&apos;,&apos;FULL,,&apos;,&apos;3&apos;,true&apos;,false], 2.34, 2.34]" classname="org.joda.money.format.TestMoneyFormatterBuilder" time="0"/>
  <testcase name="test_appendAmount_MoneyAmountStyle_BHD[59: MoneyAmountStyle[&apos;0&apos;,&apos;+&apos;,&apos;-&apos;,&apos;.&apos;,&apos;FULL,,&apos;,&apos;3&apos;,true&apos;,false], 23.34, 23.34]" classname="org.joda.money.format.TestMoneyFormatterBuilder" time="0.001"/>
  <testcase name="test_appendAmount_MoneyAmountStyle_BHD[60: MoneyAmountStyle[&apos;0&apos;,&apos;+&apos;,&apos;-&apos;,&apos;.&apos;,&apos;FULL,,&apos;,&apos;3&apos;,true&apos;,false], 234.34, 234.34]" classname="org.joda.money.format.TestMoneyFormatterBuilder" time="0"/>
  <testcase name="test_appendAmount_MoneyAmountStyle_BHD[61: MoneyAmountStyle[&apos;0&apos;,&apos;+&apos;,&apos;-&apos;,&apos;.&apos;,&apos;FULL,,&apos;,&apos;3&apos;,true&apos;,false], 2345.34, 2,345.34]" classname="org.joda.money.format.TestMoneyFormatterBuilder" time="0"/>
  <testcase name="test_appendAmount_MoneyAmountStyle_BHD[62: MoneyAmountStyle[&apos;0&apos;,&apos;+&apos;,&apos;-&apos;,&apos;.&apos;,&apos;FULL,,&apos;,&apos;3&apos;,true&apos;,false], 23456.34, 23,456.34]" classname="org.joda.money.format.TestMoneyFormatterBuilder" time="0"/>
  <testcase name="test_appendAmount_MoneyAmountStyle_BHD[63: MoneyAmountStyle[&apos;0&apos;,&apos;+&apos;,&apos;-&apos;,&apos;.&apos;,&apos;FULL,,&apos;,&apos;3&apos;,true&apos;,false], 234567.34, 234,567.34]" classname="org.joda.money.format.TestMoneyFormatterBuilder" time="0"/>
  <testcase name="test_appendAmount_MoneyAmountStyle_BHD[64: MoneyAmountStyle[&apos;0&apos;,&apos;+&apos;,&apos;-&apos;,&apos;.&apos;,&apos;FULL,,&apos;,&apos;3&apos;,true&apos;,false], 2345678.34, 2,345,678.34]" classname="org.joda.money.format.TestMoneyFormatterBuilder" time="0"/>
  <testcase name="test_appendAmount_MoneyAmountStyle_BHD[65: MoneyAmountStyle[&apos;0&apos;,&apos;+&apos;,&apos;-&apos;,&apos;.&apos;,&apos;FULL,,&apos;,&apos;3&apos;,true&apos;,false], 2.345, 2.345]" classname="org.joda.money.format.TestMoneyFormatterBuilder" time="0"/>
  <testcase name="test_appendAmount_MoneyAmountStyle_BHD[66: MoneyAmountStyle[&apos;0&apos;,&apos;+&apos;,&apos;-&apos;,&apos;.&apos;,&apos;FULL,,&apos;,&apos;3&apos;,true&apos;,false], 2.3456, 2.345,6]" classname="org.joda.money.format.TestMoneyFormatterBuilder" time="0"/>
  <testcase name="test_appendAmount_MoneyAmountStyle_BHD[67: MoneyAmountStyle[&apos;0&apos;,&apos;+&apos;,&apos;-&apos;,&apos;.&apos;,&apos;FULL,,&apos;,&apos;3&apos;,true&apos;,false], 2.34567, 2.345,67]" classname="org.joda.money.format.TestMoneyFormatterBuilder" time="0"/>
  <testcase name="test_appendAmount_MoneyAmountStyle_BHD[68: MoneyAmountStyle[&apos;0&apos;,&apos;+&apos;,&apos;-&apos;,&apos;.&apos;,&apos;FULL,,&apos;,&apos;3&apos;,true&apos;,false], 2.345678, 2.345,678]" classname="org.joda.money.format.TestMoneyFormatterBuilder" time="0"/>
  <testcase name="test_appendAmount_MoneyAmountStyle_BHD[69: MoneyAmountStyle[&apos;0&apos;,&apos;+&apos;,&apos;-&apos;,&apos;.&apos;,&apos;FULL,,&apos;,&apos;3&apos;,true&apos;,false], 2.3456789, 2.345,678,9]" classname="org.joda.money.format.TestMoneyFormatterBuilder" time="0"/>
  <testcase name="test_appendAmount_MoneyAmountStyle_BHD[70: MoneyAmountStyle[&apos;0&apos;,&apos;+&apos;,&apos;-&apos;,&apos;.&apos;,&apos;FULL,,&apos;,&apos;3&apos;,false&apos;,true], 2, 2]" classname="org.joda.money.format.TestMoneyFormatterBuilder" time="0"/>
  <testcase name="test_appendAmount_MoneyAmountStyle_BHD[71: MoneyAmountStyle[&apos;0&apos;,&apos;+&apos;,&apos;-&apos;,&apos;.&apos;,&apos;FULL,,&apos;,&apos;3&apos;,false&apos;,true], -2, 2]" classname="org.joda.money.format.TestMoneyFormatterBuilder" time="0"/>
  <testcase name="test_appendAmount_MoneyAmountStyle_BHD[72: MoneyAmountStyle[&apos;0&apos;,&apos;+&apos;,&apos;-&apos;,&apos;.&apos;,&apos;FULL,,&apos;,&apos;3&apos;,false&apos;,true], 2123456, 2,123,456]" classname="org.joda.money.format.TestMoneyFormatterBuilder" time="0"/>
  <testcase name="test_appendAmount_MoneyAmountStyle_BHD[73: MoneyAmountStyle[&apos;0&apos;,&apos;+&apos;,&apos;-&apos;,&apos;.&apos;,&apos;FULL,,&apos;,&apos;3&apos;,false&apos;,true], -2123456, 2,123,456]" classname="org.joda.money.format.TestMoneyFormatterBuilder" time="0"/>
  <testcase name="test_appendAmount_MoneyAmountStyle_BHD[74: MoneyAmountStyle[&apos;0&apos;,&apos;+&apos;,&apos;-&apos;,&apos;.&apos;,&apos;FULL,,&apos;,&apos;3&apos;,false&apos;,true], -2.34, 2.34]" classname="org.joda.money.format.TestMoneyFormatterBuilder" time="0"/>
  <testcase name="test_appendAmount_MoneyAmountStyle_BHD[75: MoneyAmountStyle[&apos;0&apos;,&apos;+&apos;,&apos;-&apos;,&apos;.&apos;,&apos;FULL,,&apos;,&apos;3&apos;,false&apos;,true], -23.34, 23.34]" classname="org.joda.money.format.TestMoneyFormatterBuilder" time="0"/>
  <testcase name="test_appendAmount_MoneyAmountStyle_BHD[76: MoneyAmountStyle[&apos;0&apos;,&apos;+&apos;,&apos;-&apos;,&apos;.&apos;,&apos;FULL,,&apos;,&apos;3&apos;,false&apos;,true], -234.34, 234.34]" classname="org.joda.money.format.TestMoneyFormatterBuilder" time="0"/>
  <testcase name="test_appendAmount_MoneyAmountStyle_BHD[77: MoneyAmountStyle[&apos;0&apos;,&apos;+&apos;,&apos;-&apos;,&apos;.&apos;,&apos;FULL,,&apos;,&apos;3&apos;,false&apos;,true], -2345.34, 2,345.34]" classname="org.joda.money.format.TestMoneyFormatterBuilder" time="0"/>
  <testcase name="test_appendAmount_MoneyAmountStyle_BHD[78: MoneyAmountStyle[&apos;0&apos;,&apos;+&apos;,&apos;-&apos;,&apos;.&apos;,&apos;FULL,,&apos;,&apos;3&apos;,false&apos;,true], -23456.34, 23,456.34]" classname="org.joda.money.format.TestMoneyFormatterBuilder" time="0"/>
  <testcase name="test_appendAmount_MoneyAmountStyle_BHD[79: MoneyAmountStyle[&apos;0&apos;,&apos;+&apos;,&apos;-&apos;,&apos;.&apos;,&apos;FULL,,&apos;,&apos;3&apos;,false&apos;,true], -234567.34, 234,567.34]" classname="org.joda.money.format.TestMoneyFormatterBuilder" time="0"/>
  <testcase name="test_appendAmount_MoneyAmountStyle_BHD[80: MoneyAmountStyle[&apos;0&apos;,&apos;+&apos;,&apos;-&apos;,&apos;.&apos;,&apos;FULL,,&apos;,&apos;3&apos;,false&apos;,true], -2345678.34, 2,345,678.34]" classname="org.joda.money.format.TestMoneyFormatterBuilder" time="0"/>
  <testcase name="test_appendAmount_MoneyAmountStyle_BHD[81: MoneyAmountStyle[&apos;0&apos;,&apos;+&apos;,&apos;-&apos;,&apos;.&apos;,&apos;FULL,,&apos;,&apos;3&apos;,false&apos;,true], -2.345, 2.345]" classname="org.joda.money.format.TestMoneyFormatterBuilder" time="0"/>
  <testcase name="test_appendAmount_MoneyAmountStyle_BHD[82: MoneyAmountStyle[&apos;0&apos;,&apos;+&apos;,&apos;-&apos;,&apos;.&apos;,&apos;FULL,,&apos;,&apos;3&apos;,false&apos;,true], -2.3456, 2.345,6]" classname="org.joda.money.format.TestMoneyFormatterBuilder" time="0"/>
  <testcase name="test_appendAmount_MoneyAmountStyle_BHD[83: MoneyAmountStyle[&apos;0&apos;,&apos;+&apos;,&apos;-&apos;,&apos;.&apos;,&apos;FULL,,&apos;,&apos;3&apos;,false&apos;,true], -2.34567, 2.345,67]" classname="org.joda.money.format.TestMoneyFormatterBuilder" time="0"/>
  <testcase name="test_appendAmount_MoneyAmountStyle_BHD[84: MoneyAmountStyle[&apos;0&apos;,&apos;+&apos;,&apos;-&apos;,&apos;.&apos;,&apos;FULL,,&apos;,&apos;3&apos;,false&apos;,true], -2.345678, 2.345,678]" classname="org.joda.money.format.TestMoneyFormatterBuilder" time="0"/>
  <testcase name="test_appendAmount_MoneyAmountStyle_BHD[85: MoneyAmountStyle[&apos;0&apos;,&apos;+&apos;,&apos;-&apos;,&apos;.&apos;,&apos;FULL,,&apos;,&apos;3&apos;,false&apos;,true], -2.3456789, 2.345,678,9]" classname="org.joda.money.format.TestMoneyFormatterBuilder" time="0"/>
  <testcase name="test_appendAmount_MoneyAmountStyle_BHD[86: MoneyAmountStyle[&apos;0&apos;,&apos;+&apos;,&apos;-&apos;,&apos;.&apos;,&apos;FULL,-&apos;,&apos;1&apos;,false&apos;,false], 2, 2]" classname="org.joda.money.format.TestMoneyFormatterBuilder" time="0"/>
  <testcase name="test_appendAmount_MoneyAmountStyle_BHD[87: MoneyAmountStyle[&apos;0&apos;,&apos;+&apos;,&apos;-&apos;,&apos;.&apos;,&apos;FULL,-&apos;,&apos;1&apos;,false&apos;,false], 2123456, 2-1-2-3-4-5-6]" classname="org.joda.money.format.TestMoneyFormatterBuilder" time="0"/>
  <testcase name="test_appendAmount_MoneyAmountStyle_BHD[88: MoneyAmountStyle[&apos;0&apos;,&apos;+&apos;,&apos;-&apos;,&apos;.&apos;,&apos;FULL,-&apos;,&apos;1&apos;,false&apos;,false], 2.34, 2.3-4]" classname="org.joda.money.format.TestMoneyFormatterBuilder" time="0"/>
  <testcase name="test_appendAmount_MoneyAmountStyle_BHD[89: MoneyAmountStyle[&apos;0&apos;,&apos;+&apos;,&apos;-&apos;,&apos;.&apos;,&apos;FULL,-&apos;,&apos;1&apos;,false&apos;,false], 23.34, 2-3.3-4]" classname="org.joda.money.format.TestMoneyFormatterBuilder" time="0"/>
  <testcase name="test_appendAmount_MoneyAmountStyle_BHD[90: MoneyAmountStyle[&apos;0&apos;,&apos;+&apos;,&apos;-&apos;,&apos;.&apos;,&apos;FULL,-&apos;,&apos;1&apos;,false&apos;,false], 234.34, 2-3-4.3-4]" classname="org.joda.money.format.TestMoneyFormatterBuilder" time="0.001"/>
  <testcase name="test_appendAmount_MoneyAmountStyle_BHD[91: MoneyAmountStyle[&apos;0&apos;,&apos;+&apos;,&apos;-&apos;,&apos;.&apos;,&apos;FULL,-&apos;,&apos;1&apos;,false&apos;,false], 2345.34, 2-3-4-5.3-4]" classname="org.joda.money.format.TestMoneyFormatterBuilder" time="0"/>
  <testcase name="test_appendAmount_MoneyAmountStyle_BHD[92: MoneyAmountStyle[&apos;0&apos;,&apos;+&apos;,&apos;-&apos;,&apos;.&apos;,&apos;FULL,-&apos;,&apos;1&apos;,false&apos;,false], 23456.34, 2-3-4-5-6.3-4]" classname="org.joda.money.format.TestMoneyFormatterBuilder" time="0"/>
  <testcase name="test_appendAmount_MoneyAmountStyle_BHD[93: MoneyAmountStyle[&apos;0&apos;,&apos;+&apos;,&apos;-&apos;,&apos;.&apos;,&apos;FULL,-&apos;,&apos;1&apos;,false&apos;,false], 234567.34, 2-3-4-5-6-7.3-4]" classname="org.joda.money.format.TestMoneyFormatterBuilder" time="0"/>
  <testcase name="test_appendAmount_MoneyAmountStyle_BHD[94: MoneyAmountStyle[&apos;0&apos;,&apos;+&apos;,&apos;-&apos;,&apos;.&apos;,&apos;FULL,-&apos;,&apos;1&apos;,false&apos;,false], 2345678.34, 2-3-4-5-6-7-8.3-4]" classname="org.joda.money.format.TestMoneyFormatterBuilder" time="0"/>
  <testcase name="test_appendAmount_MoneyAmountStyle_BHD[95: MoneyAmountStyle[&apos;0&apos;,&apos;+&apos;,&apos;-&apos;,&apos;.&apos;,&apos;FULL,-&apos;,&apos;1&apos;,false&apos;,false], 2.345, 2.3-4-5]" classname="org.joda.money.format.TestMoneyFormatterBuilder" time="0"/>
  <testcase name="test_appendAmount_MoneyAmountStyle_BHD[96: MoneyAmountStyle[&apos;0&apos;,&apos;+&apos;,&apos;-&apos;,&apos;.&apos;,&apos;FULL,-&apos;,&apos;1&apos;,false&apos;,false], 2.3456, 2.3-4-5-6]" classname="org.joda.money.format.TestMoneyFormatterBuilder" time="0"/>
  <testcase name="test_appendAmount_MoneyAmountStyle_BHD[97: MoneyAmountStyle[&apos;0&apos;,&apos;+&apos;,&apos;-&apos;,&apos;.&apos;,&apos;FULL,-&apos;,&apos;1&apos;,false&apos;,false], 2.34567, 2.3-4-5-6-7]" classname="org.joda.money.format.TestMoneyFormatterBuilder" time="0"/>
  <testcase name="test_appendAmount_MoneyAmountStyle_BHD[98: MoneyAmountStyle[&apos;0&apos;,&apos;+&apos;,&apos;-&apos;,&apos;.&apos;,&apos;FULL,-&apos;,&apos;1&apos;,false&apos;,false], 2.345678, 2.3-4-5-6-7-8]" classname="org.joda.money.format.TestMoneyFormatterBuilder" time="0"/>
  <testcase name="test_appendAmount_MoneyAmountStyle_BHD[99: MoneyAmountStyle[&apos;0&apos;,&apos;+&apos;,&apos;-&apos;,&apos;.&apos;,&apos;FULL,-&apos;,&apos;1&apos;,false&apos;,false], 2.3456789, 2.3-4-5-6-7-8-9]" classname="org.joda.money.format.TestMoneyFormatterBuilder" time="0"/>
  <testcase name="test_appendAmount_MoneyAmountStyle_BHD[100: MoneyAmountStyle[&apos;0&apos;,&apos;+&apos;,&apos;-&apos;,&apos;.&apos;,&apos;FULL,-&apos;,&apos;2&apos;,false&apos;,false], 2, 2]" classname="org.joda.money.format.TestMoneyFormatterBuilder" time="0"/>
  <testcase name="test_appendAmount_MoneyAmountStyle_BHD[101: MoneyAmountStyle[&apos;0&apos;,&apos;+&apos;,&apos;-&apos;,&apos;.&apos;,&apos;FULL,-&apos;,&apos;2&apos;,false&apos;,false], 2123456, 2-12-34-56]" classname="org.joda.money.format.TestMoneyFormatterBuilder" time="0"/>
  <testcase name="test_appendAmount_MoneyAmountStyle_BHD[102: MoneyAmountStyle[&apos;0&apos;,&apos;+&apos;,&apos;-&apos;,&apos;.&apos;,&apos;FULL,-&apos;,&apos;2&apos;,false&apos;,false], 2.34, 2.34]" classname="org.joda.money.format.TestMoneyFormatterBuilder" time="0"/>
  <testcase name="test_appendAmount_MoneyAmountStyle_BHD[103: MoneyAmountStyle[&apos;0&apos;,&apos;+&apos;,&apos;-&apos;,&apos;.&apos;,&apos;FULL,-&apos;,&apos;2&apos;,false&apos;,false], 23.34, 23.34]" classname="org.joda.money.format.TestMoneyFormatterBuilder" time="0"/>
  <testcase name="test_appendAmount_MoneyAmountStyle_BHD[104: MoneyAmountStyle[&apos;0&apos;,&apos;+&apos;,&apos;-&apos;,&apos;.&apos;,&apos;FULL,-&apos;,&apos;2&apos;,false&apos;,false], 234.34, 2-34.34]" classname="org.joda.money.format.TestMoneyFormatterBuilder" time="0"/>
  <testcase name="test_appendAmount_MoneyAmountStyle_BHD[105: MoneyAmountStyle[&apos;0&apos;,&apos;+&apos;,&apos;-&apos;,&apos;.&apos;,&apos;FULL,-&apos;,&apos;2&apos;,false&apos;,false], 2345.34, 23-45.34]" classname="org.joda.money.format.TestMoneyFormatterBuilder" time="0.001"/>
  <testcase name="test_appendAmount_MoneyAmountStyle_BHD[106: MoneyAmountStyle[&apos;0&apos;,&apos;+&apos;,&apos;-&apos;,&apos;.&apos;,&apos;FULL,-&apos;,&apos;2&apos;,false&apos;,false], 23456.34, 2-34-56.34]" classname="org.joda.money.format.TestMoneyFormatterBuilder" time="0"/>
  <testcase name="test_appendAmount_MoneyAmountStyle_BHD[107: MoneyAmountStyle[&apos;0&apos;,&apos;+&apos;,&apos;-&apos;,&apos;.&apos;,&apos;FULL,-&apos;,&apos;2&apos;,false&apos;,false], 234567.34, 23-45-67.34]" classname="org.joda.money.format.TestMoneyFormatterBuilder" time="0"/>
  <testcase name="test_appendAmount_MoneyAmountStyle_BHD[108: MoneyAmountStyle[&apos;0&apos;,&apos;+&apos;,&apos;-&apos;,&apos;.&apos;,&apos;FULL,-&apos;,&apos;2&apos;,false&apos;,false], 2345678.34, 2-34-56-78.34]" classname="org.joda.money.format.TestMoneyFormatterBuilder" time="0"/>
  <testcase name="test_appendAmount_MoneyAmountStyle_BHD[109: MoneyAmountStyle[&apos;0&apos;,&apos;+&apos;,&apos;-&apos;,&apos;.&apos;,&apos;FULL,-&apos;,&apos;2&apos;,false&apos;,false], 2.345, 2.34-5]" classname="org.joda.money.format.TestMoneyFormatterBuilder" time="0"/>
  <testcase name="test_appendAmount_MoneyAmountStyle_BHD[110: MoneyAmountStyle[&apos;0&apos;,&apos;+&apos;,&apos;-&apos;,&apos;.&apos;,&apos;FULL,-&apos;,&apos;2&apos;,false&apos;,false], 2.3456, 2.34-56]" classname="org.joda.money.format.TestMoneyFormatterBuilder" time="0"/>
  <testcase name="test_appendAmount_MoneyAmountStyle_BHD[111: MoneyAmountStyle[&apos;0&apos;,&apos;+&apos;,&apos;-&apos;,&apos;.&apos;,&apos;FULL,-&apos;,&apos;2&apos;,false&apos;,false], 2.34567, 2.34-56-7]" classname="org.joda.money.format.TestMoneyFormatterBuilder" time="0"/>
  <testcase name="test_appendAmount_MoneyAmountStyle_BHD[112: MoneyAmountStyle[&apos;0&apos;,&apos;+&apos;,&apos;-&apos;,&apos;.&apos;,&apos;FULL,-&apos;,&apos;2&apos;,false&apos;,false], 2.345678, 2.34-56-78]" classname="org.joda.money.format.TestMoneyFormatterBuilder" time="0"/>
  <testcase name="test_appendAmount_MoneyAmountStyle_BHD[113: MoneyAmountStyle[&apos;0&apos;,&apos;+&apos;,&apos;-&apos;,&apos;.&apos;,&apos;FULL,-&apos;,&apos;2&apos;,false&apos;,false], 2.3456789, 2.34-56-78-9]" classname="org.joda.money.format.TestMoneyFormatterBuilder" time="0"/>
  <testcase name="test_appendAmount_MoneyAmountStyle_BHD[114: MoneyAmountStyle[&apos;0&apos;,&apos;+&apos;,&apos;-&apos;,&apos;@&apos;,&apos;FULL,,&apos;,&apos;4&apos;,true&apos;,false], 2, 2@]" classname="org.joda.money.format.TestMoneyFormatterBuilder" time="0"/>
  <testcase name="test_appendAmount_MoneyAmountStyle_BHD[115: MoneyAmountStyle[&apos;0&apos;,&apos;+&apos;,&apos;-&apos;,&apos;@&apos;,&apos;FULL,,&apos;,&apos;4&apos;,true&apos;,false], 2123456, 212,3456@]" classname="org.joda.money.format.TestMoneyFormatterBuilder" time="0.001"/>
  <testcase name="test_appendAmount_MoneyAmountStyle_BHD[116: MoneyAmountStyle[&apos;0&apos;,&apos;+&apos;,&apos;-&apos;,&apos;@&apos;,&apos;FULL,,&apos;,&apos;4&apos;,true&apos;,false], 2.34, 2@34]" classname="org.joda.money.format.TestMoneyFormatterBuilder" time="0"/>
  <testcase name="test_appendAmount_MoneyAmountStyle_BHD[117: MoneyAmountStyle[&apos;0&apos;,&apos;+&apos;,&apos;-&apos;,&apos;@&apos;,&apos;FULL,,&apos;,&apos;4&apos;,true&apos;,false], 23.34, 23@34]" classname="org.joda.money.format.TestMoneyFormatterBuilder" time="0"/>
  <testcase name="test_appendAmount_MoneyAmountStyle_BHD[118: MoneyAmountStyle[&apos;0&apos;,&apos;+&apos;,&apos;-&apos;,&apos;@&apos;,&apos;FULL,,&apos;,&apos;4&apos;,true&apos;,false], 234.34, 234@34]" classname="org.joda.money.format.TestMoneyFormatterBuilder" time="0"/>
  <testcase name="test_appendAmount_MoneyAmountStyle_BHD[119: MoneyAmountStyle[&apos;0&apos;,&apos;+&apos;,&apos;-&apos;,&apos;@&apos;,&apos;FULL,,&apos;,&apos;4&apos;,true&apos;,false], 2345.34, 2345@34]" classname="org.joda.money.format.TestMoneyFormatterBuilder" time="0"/>
  <testcase name="test_appendAmount_MoneyAmountStyle_BHD[120: MoneyAmountStyle[&apos;0&apos;,&apos;+&apos;,&apos;-&apos;,&apos;@&apos;,&apos;FULL,,&apos;,&apos;4&apos;,true&apos;,false], 23456.34, 2,3456@34]" classname="org.joda.money.format.TestMoneyFormatterBuilder" time="0"/>
  <testcase name="test_appendAmount_MoneyAmountStyle_BHD[121: MoneyAmountStyle[&apos;0&apos;,&apos;+&apos;,&apos;-&apos;,&apos;@&apos;,&apos;FULL,,&apos;,&apos;4&apos;,true&apos;,false], 234567.34, 23,4567@34]" classname="org.joda.money.format.TestMoneyFormatterBuilder" time="0"/>
  <testcase name="test_appendAmount_MoneyAmountStyle_BHD[122: MoneyAmountStyle[&apos;0&apos;,&apos;+&apos;,&apos;-&apos;,&apos;@&apos;,&apos;FULL,,&apos;,&apos;4&apos;,true&apos;,false], 2345678.34, 234,5678@34]" classname="org.joda.money.format.TestMoneyFormatterBuilder" time="0"/>
  <testcase name="test_appendAmount_MoneyAmountStyle_BHD[123: MoneyAmountStyle[&apos;0&apos;,&apos;+&apos;,&apos;-&apos;,&apos;@&apos;,&apos;FULL,,&apos;,&apos;4&apos;,true&apos;,false], 2.345, 2@345]" classname="org.joda.money.format.TestMoneyFormatterBuilder" time="0"/>
  <testcase name="test_appendAmount_MoneyAmountStyle_BHD[124: MoneyAmountStyle[&apos;0&apos;,&apos;+&apos;,&apos;-&apos;,&apos;@&apos;,&apos;FULL,,&apos;,&apos;4&apos;,true&apos;,false], 2.3456, 2@3456]" classname="org.joda.money.format.TestMoneyFormatterBuilder" time="0"/>
  <testcase name="test_appendAmount_MoneyAmountStyle_BHD[125: MoneyAmountStyle[&apos;0&apos;,&apos;+&apos;,&apos;-&apos;,&apos;@&apos;,&apos;FULL,,&apos;,&apos;4&apos;,true&apos;,false], 2.34567, 2@3456,7]" classname="org.joda.money.format.TestMoneyFormatterBuilder" time="0"/>
  <testcase name="test_appendAmount_MoneyAmountStyle_BHD[126: MoneyAmountStyle[&apos;0&apos;,&apos;+&apos;,&apos;-&apos;,&apos;@&apos;,&apos;FULL,,&apos;,&apos;4&apos;,true&apos;,false], 2.345678, 2@3456,78]" classname="org.joda.money.format.TestMoneyFormatterBuilder" time="0.001"/>
  <testcase name="test_appendAmount_MoneyAmountStyle_BHD[127: MoneyAmountStyle[&apos;0&apos;,&apos;+&apos;,&apos;-&apos;,&apos;@&apos;,&apos;FULL,,&apos;,&apos;4&apos;,true&apos;,false], 2.3456789, 2@3456,789]" classname="org.joda.money.format.TestMoneyFormatterBuilder" time="0"/>
  <testcase name="test_appendAmount_MoneyAmountStyle_BHD[128: MoneyAmountStyle[&apos;A&apos;,&apos;+&apos;,&apos;-&apos;,&apos;.&apos;,&apos;FULL,,&apos;,&apos;3&apos;,false&apos;,false], 2, C]" classname="org.joda.money.format.TestMoneyFormatterBuilder" time="0"/>
  <testcase name="test_appendAmount_MoneyAmountStyle_BHD[129: MoneyAmountStyle[&apos;A&apos;,&apos;+&apos;,&apos;-&apos;,&apos;.&apos;,&apos;FULL,,&apos;,&apos;3&apos;,false&apos;,false], 2123456, C,BCD,EFG]" classname="org.joda.money.format.TestMoneyFormatterBuilder" time="0"/>
  <testcase name="test_appendAmount_MoneyAmountStyle_BHD[130: MoneyAmountStyle[&apos;A&apos;,&apos;+&apos;,&apos;-&apos;,&apos;.&apos;,&apos;FULL,,&apos;,&apos;3&apos;,false&apos;,false], 2.34, C.DE]" classname="org.joda.money.format.TestMoneyFormatterBuilder" time="0"/>
  <testcase name="test_appendAmount_MoneyAmountStyle_BHD[131: MoneyAmountStyle[&apos;A&apos;,&apos;+&apos;,&apos;-&apos;,&apos;.&apos;,&apos;FULL,,&apos;,&apos;3&apos;,false&apos;,false], 23.34, CD.DE]" classname="org.joda.money.format.TestMoneyFormatterBuilder" time="0"/>
  <testcase name="test_appendAmount_MoneyAmountStyle_BHD[132: MoneyAmountStyle[&apos;A&apos;,&apos;+&apos;,&apos;-&apos;,&apos;.&apos;,&apos;FULL,,&apos;,&apos;3&apos;,false&apos;,false], 234.34, CDE.DE]" classname="org.joda.money.format.TestMoneyFormatterBuilder" time="0"/>
  <testcase name="test_appendAmount_MoneyAmountStyle_BHD[133: MoneyAmountStyle[&apos;A&apos;,&apos;+&apos;,&apos;-&apos;,&apos;.&apos;,&apos;FULL,,&apos;,&apos;3&apos;,false&apos;,false], 2345.34, C,DEF.DE]" classname="org.joda.money.format.TestMoneyFormatterBuilder" time="0"/>
  <testcase name="test_appendAmount_MoneyAmountStyle_BHD[134: MoneyAmountStyle[&apos;A&apos;,&apos;+&apos;,&apos;-&apos;,&apos;.&apos;,&apos;FULL,,&apos;,&apos;3&apos;,false&apos;,false], 23456.34, CD,EFG.DE]" classname="org.joda.money.format.TestMoneyFormatterBuilder" time="0"/>
  <testcase name="test_appendAmount_MoneyAmountStyle_BHD[135: MoneyAmountStyle[&apos;A&apos;,&apos;+&apos;,&apos;-&apos;,&apos;.&apos;,&apos;FULL,,&apos;,&apos;3&apos;,false&apos;,false], 234567.34, CDE,FGH.DE]" classname="org.joda.money.format.TestMoneyFormatterBuilder" time="0"/>
  <testcase name="test_appendAmount_MoneyAmountStyle_BHD[136: MoneyAmountStyle[&apos;A&apos;,&apos;+&apos;,&apos;-&apos;,&apos;.&apos;,&apos;FULL,,&apos;,&apos;3&apos;,false&apos;,false], 2345678.34, C,DEF,GHI.DE]" classname="org.joda.money.format.TestMoneyFormatterBuilder" time="0.001"/>
  <testcase name="test_appendAmount_MoneyAmountStyle_BHD[137: MoneyAmountStyle[&apos;A&apos;,&apos;+&apos;,&apos;-&apos;,&apos;.&apos;,&apos;FULL,,&apos;,&apos;3&apos;,false&apos;,false], 2.345, C.DEF]" classname="org.joda.money.format.TestMoneyFormatterBuilder" time="0"/>
  <testcase name="test_appendAmount_MoneyAmountStyle_BHD[138: MoneyAmountStyle[&apos;A&apos;,&apos;+&apos;,&apos;-&apos;,&apos;.&apos;,&apos;FULL,,&apos;,&apos;3&apos;,false&apos;,false], 2.3456, C.DEF,G]" classname="org.joda.money.format.TestMoneyFormatterBuilder" time="0"/>
  <testcase name="test_appendAmount_MoneyAmountStyle_BHD[139: MoneyAmountStyle[&apos;A&apos;,&apos;+&apos;,&apos;-&apos;,&apos;.&apos;,&apos;FULL,,&apos;,&apos;3&apos;,false&apos;,false], 2.34567, C.DEF,GH]" classname="org.joda.money.format.TestMoneyFormatterBuilder" time="0"/>
  <testcase name="test_appendAmount_MoneyAmountStyle_BHD[140: MoneyAmountStyle[&apos;A&apos;,&apos;+&apos;,&apos;-&apos;,&apos;.&apos;,&apos;FULL,,&apos;,&apos;3&apos;,false&apos;,false], 2.345678, C.DEF,GHI]" classname="org.joda.money.format.TestMoneyFormatterBuilder" time="0.001"/>
  <testcase name="test_appendAmount_MoneyAmountStyle_BHD[141: MoneyAmountStyle[&apos;A&apos;,&apos;+&apos;,&apos;-&apos;,&apos;.&apos;,&apos;FULL,,&apos;,&apos;3&apos;,false&apos;,false], 2.3456789, C.DEF,GHI,J]" classname="org.joda.money.format.TestMoneyFormatterBuilder" time="0"/>
  <testcase name="test_appendAmount_MoneyAmountStyle_GBP[0: MoneyAmountStyle[&apos;0&apos;,&apos;+&apos;,&apos;-&apos;,&apos;.&apos;,&apos;NONE,,&apos;,&apos;3&apos;,false&apos;,false], 2, 2]" classname="org.joda.money.format.TestMoneyFormatterBuilder" time="0"/>
  <testcase name="test_appendAmount_MoneyAmountStyle_GBP[1: MoneyAmountStyle[&apos;0&apos;,&apos;+&apos;,&apos;-&apos;,&apos;.&apos;,&apos;NONE,,&apos;,&apos;3&apos;,false&apos;,false], 2123456, 2123456]" classname="org.joda.money.format.TestMoneyFormatterBuilder" time="0"/>
  <testcase name="test_appendAmount_MoneyAmountStyle_GBP[2: MoneyAmountStyle[&apos;0&apos;,&apos;+&apos;,&apos;-&apos;,&apos;.&apos;,&apos;NONE,,&apos;,&apos;3&apos;,false&apos;,false], 2.34, 2.34]" classname="org.joda.money.format.TestMoneyFormatterBuilder" time="0"/>
  <testcase name="test_appendAmount_MoneyAmountStyle_GBP[3: MoneyAmountStyle[&apos;0&apos;,&apos;+&apos;,&apos;-&apos;,&apos;.&apos;,&apos;NONE,,&apos;,&apos;3&apos;,false&apos;,false], 23.34, 23.34]" classname="org.joda.money.format.TestMoneyFormatterBuilder" time="0"/>
  <testcase name="test_appendAmount_MoneyAmountStyle_GBP[4: MoneyAmountStyle[&apos;0&apos;,&apos;+&apos;,&apos;-&apos;,&apos;.&apos;,&apos;NONE,,&apos;,&apos;3&apos;,false&apos;,false], 234.34, 234.34]" classname="org.joda.money.format.TestMoneyFormatterBuilder" time="0"/>
  <testcase name="test_appendAmount_MoneyAmountStyle_GBP[5: MoneyAmountStyle[&apos;0&apos;,&apos;+&apos;,&apos;-&apos;,&apos;.&apos;,&apos;NONE,,&apos;,&apos;3&apos;,false&apos;,false], 2345.34, 2345.34]" classname="org.joda.money.format.TestMoneyFormatterBuilder" time="0"/>
  <testcase name="test_appendAmount_MoneyAmountStyle_GBP[6: MoneyAmountStyle[&apos;0&apos;,&apos;+&apos;,&apos;-&apos;,&apos;.&apos;,&apos;NONE,,&apos;,&apos;3&apos;,false&apos;,false], 23456.34, 23456.34]" classname="org.joda.money.format.TestMoneyFormatterBuilder" time="0"/>
  <testcase name="test_appendAmount_MoneyAmountStyle_GBP[7: MoneyAmountStyle[&apos;0&apos;,&apos;+&apos;,&apos;-&apos;,&apos;.&apos;,&apos;NONE,,&apos;,&apos;3&apos;,false&apos;,false], 234567.34, 234567.34]" classname="org.joda.money.format.TestMoneyFormatterBuilder" time="0"/>
  <testcase name="test_appendAmount_MoneyAmountStyle_GBP[8: MoneyAmountStyle[&apos;0&apos;,&apos;+&apos;,&apos;-&apos;,&apos;.&apos;,&apos;NONE,,&apos;,&apos;3&apos;,false&apos;,false], 2345678.34, 2345678.34]" classname="org.joda.money.format.TestMoneyFormatterBuilder" time="0"/>
  <testcase name="test_appendAmount_MoneyAmountStyle_GBP[9: MoneyAmountStyle[&apos;0&apos;,&apos;+&apos;,&apos;-&apos;,&apos;.&apos;,&apos;NONE,,&apos;,&apos;3&apos;,false&apos;,false], 2.345, 2.345]" classname="org.joda.money.format.TestMoneyFormatterBuilder" time="0.001"/>
  <testcase name="test_appendAmount_MoneyAmountStyle_GBP[10: MoneyAmountStyle[&apos;0&apos;,&apos;+&apos;,&apos;-&apos;,&apos;.&apos;,&apos;NONE,,&apos;,&apos;3&apos;,false&apos;,false], 2.3456, 2.3456]" classname="org.joda.money.format.TestMoneyFormatterBuilder" time="0"/>
  <testcase name="test_appendAmount_MoneyAmountStyle_GBP[11: MoneyAmountStyle[&apos;0&apos;,&apos;+&apos;,&apos;-&apos;,&apos;.&apos;,&apos;NONE,,&apos;,&apos;3&apos;,false&apos;,false], 2.34567, 2.34567]" classname="org.joda.money.format.TestMoneyFormatterBuilder" time="0"/>
  <testcase name="test_appendAmount_MoneyAmountStyle_GBP[12: MoneyAmountStyle[&apos;0&apos;,&apos;+&apos;,&apos;-&apos;,&apos;.&apos;,&apos;NONE,,&apos;,&apos;3&apos;,false&apos;,false], 2.345678, 2.345678]" classname="org.joda.money.format.TestMoneyFormatterBuilder" time="0"/>
  <testcase name="test_appendAmount_MoneyAmountStyle_GBP[13: MoneyAmountStyle[&apos;0&apos;,&apos;+&apos;,&apos;-&apos;,&apos;.&apos;,&apos;NONE,,&apos;,&apos;3&apos;,false&apos;,false], 2.3456789, 2.3456789]" classname="org.joda.money.format.TestMoneyFormatterBuilder" time="0"/>
  <testcase name="test_appendAmount_MoneyAmountStyle_GBP[14: MoneyAmountStyle[&apos;0&apos;,&apos;+&apos;,&apos;-&apos;,&apos;.&apos;,&apos;FULL,,&apos;,&apos;3&apos;,false&apos;,false], 2, 2]" classname="org.joda.money.format.TestMoneyFormatterBuilder" time="0"/>
  <testcase name="test_appendAmount_MoneyAmountStyle_GBP[15: MoneyAmountStyle[&apos;0&apos;,&apos;+&apos;,&apos;-&apos;,&apos;.&apos;,&apos;FULL,,&apos;,&apos;3&apos;,false&apos;,false], 2123456, 2,123,456]" classname="org.joda.money.format.TestMoneyFormatterBuilder" time="0"/>
  <testcase name="test_appendAmount_MoneyAmountStyle_GBP[16: MoneyAmountStyle[&apos;0&apos;,&apos;+&apos;,&apos;-&apos;,&apos;.&apos;,&apos;FULL,,&apos;,&apos;3&apos;,false&apos;,false], 2.34, 2.34]" classname="org.joda.money.format.TestMoneyFormatterBuilder" time="0"/>
  <testcase name="test_appendAmount_MoneyAmountStyle_GBP[17: MoneyAmountStyle[&apos;0&apos;,&apos;+&apos;,&apos;-&apos;,&apos;.&apos;,&apos;FULL,,&apos;,&apos;3&apos;,false&apos;,false], 23.34, 23.34]" classname="org.joda.money.format.TestMoneyFormatterBuilder" time="0.001"/>
  <testcase name="test_appendAmount_MoneyAmountStyle_GBP[18: MoneyAmountStyle[&apos;0&apos;,&apos;+&apos;,&apos;-&apos;,&apos;.&apos;,&apos;FULL,,&apos;,&apos;3&apos;,false&apos;,false], 234.34, 234.34]" classname="org.joda.money.format.TestMoneyFormatterBuilder" time="0"/>
  <testcase name="test_appendAmount_MoneyAmountStyle_GBP[19: MoneyAmountStyle[&apos;0&apos;,&apos;+&apos;,&apos;-&apos;,&apos;.&apos;,&apos;FULL,,&apos;,&apos;3&apos;,false&apos;,false], 2345.34, 2,345.34]" classname="org.joda.money.format.TestMoneyFormatterBuilder" time="0"/>
  <testcase name="test_appendAmount_MoneyAmountStyle_GBP[20: MoneyAmountStyle[&apos;0&apos;,&apos;+&apos;,&apos;-&apos;,&apos;.&apos;,&apos;FULL,,&apos;,&apos;3&apos;,false&apos;,false], 23456.34, 23,456.34]" classname="org.joda.money.format.TestMoneyFormatterBuilder" time="0"/>
  <testcase name="test_appendAmount_MoneyAmountStyle_GBP[21: MoneyAmountStyle[&apos;0&apos;,&apos;+&apos;,&apos;-&apos;,&apos;.&apos;,&apos;FULL,,&apos;,&apos;3&apos;,false&apos;,false], 234567.34, 234,567.34]" classname="org.joda.money.format.TestMoneyFormatterBuilder" time="0"/>
  <testcase name="test_appendAmount_MoneyAmountStyle_GBP[22: MoneyAmountStyle[&apos;0&apos;,&apos;+&apos;,&apos;-&apos;,&apos;.&apos;,&apos;FULL,,&apos;,&apos;3&apos;,false&apos;,false], 2345678.34, 2,345,678.34]" classname="org.joda.money.format.TestMoneyFormatterBuilder" time="0"/>
  <testcase name="test_appendAmount_MoneyAmountStyle_GBP[23: MoneyAmountStyle[&apos;0&apos;,&apos;+&apos;,&apos;-&apos;,&apos;.&apos;,&apos;FULL,,&apos;,&apos;3&apos;,false&apos;,false], 2.345, 2.345]" classname="org.joda.money.format.TestMoneyFormatterBuilder" time="0"/>
  <testcase name="test_appendAmount_MoneyAmountStyle_GBP[24: MoneyAmountStyle[&apos;0&apos;,&apos;+&apos;,&apos;-&apos;,&apos;.&apos;,&apos;FULL,,&apos;,&apos;3&apos;,false&apos;,false], 2.3456, 2.345,6]" classname="org.joda.money.format.TestMoneyFormatterBuilder" time="0"/>
  <testcase name="test_appendAmount_MoneyAmountStyle_GBP[25: MoneyAmountStyle[&apos;0&apos;,&apos;+&apos;,&apos;-&apos;,&apos;.&apos;,&apos;FULL,,&apos;,&apos;3&apos;,false&apos;,false], 2.34567, 2.345,67]" classname="org.joda.money.format.TestMoneyFormatterBuilder" time="0"/>
  <testcase name="test_appendAmount_MoneyAmountStyle_GBP[26: MoneyAmountStyle[&apos;0&apos;,&apos;+&apos;,&apos;-&apos;,&apos;.&apos;,&apos;FULL,,&apos;,&apos;3&apos;,false&apos;,false], 2.345678, 2.345,678]" classname="org.joda.money.format.TestMoneyFormatterBuilder" time="0"/>
  <testcase name="test_appendAmount_MoneyAmountStyle_GBP[27: MoneyAmountStyle[&apos;0&apos;,&apos;+&apos;,&apos;-&apos;,&apos;.&apos;,&apos;FULL,,&apos;,&apos;3&apos;,false&apos;,false], 2.3456789, 2.345,678,9]" classname="org.joda.money.format.TestMoneyFormatterBuilder" time="0"/>
  <testcase name="test_appendAmount_MoneyAmountStyle_GBP[28: MoneyAmountStyle[&apos;0&apos;,&apos;+&apos;,&apos;-&apos;,&apos;.&apos;,&apos;FULL, &apos;,&apos;3&apos;,false&apos;,false], 2, 2]" classname="org.joda.money.format.TestMoneyFormatterBuilder" time="0"/>
  <testcase name="test_appendAmount_MoneyAmountStyle_GBP[29: MoneyAmountStyle[&apos;0&apos;,&apos;+&apos;,&apos;-&apos;,&apos;.&apos;,&apos;FULL, &apos;,&apos;3&apos;,false&apos;,false], 2123456, 2 123 456]" classname="org.joda.money.format.TestMoneyFormatterBuilder" time="0"/>
  <testcase name="test_appendAmount_MoneyAmountStyle_GBP[30: MoneyAmountStyle[&apos;0&apos;,&apos;+&apos;,&apos;-&apos;,&apos;.&apos;,&apos;FULL, &apos;,&apos;3&apos;,false&apos;,false], 2.34, 2.34]" classname="org.joda.money.format.TestMoneyFormatterBuilder" time="0.001"/>
  <testcase name="test_appendAmount_MoneyAmountStyle_GBP[31: MoneyAmountStyle[&apos;0&apos;,&apos;+&apos;,&apos;-&apos;,&apos;.&apos;,&apos;FULL, &apos;,&apos;3&apos;,false&apos;,false], 23.34, 23.34]" classname="org.joda.money.format.TestMoneyFormatterBuilder" time="0"/>
  <testcase name="test_appendAmount_MoneyAmountStyle_GBP[32: MoneyAmountStyle[&apos;0&apos;,&apos;+&apos;,&apos;-&apos;,&apos;.&apos;,&apos;FULL, &apos;,&apos;3&apos;,false&apos;,false], 234.34, 234.34]" classname="org.joda.money.format.TestMoneyFormatterBuilder" time="0"/>
  <testcase name="test_appendAmount_MoneyAmountStyle_GBP[33: MoneyAmountStyle[&apos;0&apos;,&apos;+&apos;,&apos;-&apos;,&apos;.&apos;,&apos;FULL, &apos;,&apos;3&apos;,false&apos;,false], 2345.34, 2 345.34]" classname="org.joda.money.format.TestMoneyFormatterBuilder" time="0"/>
  <testcase name="test_appendAmount_MoneyAmountStyle_GBP[34: MoneyAmountStyle[&apos;0&apos;,&apos;+&apos;,&apos;-&apos;,&apos;.&apos;,&apos;FULL, &apos;,&apos;3&apos;,false&apos;,false], 23456.34, 23 456.34]" classname="org.joda.money.format.TestMoneyFormatterBuilder" time="0"/>
  <testcase name="test_appendAmount_MoneyAmountStyle_GBP[35: MoneyAmountStyle[&apos;0&apos;,&apos;+&apos;,&apos;-&apos;,&apos;.&apos;,&apos;FULL, &apos;,&apos;3&apos;,false&apos;,false], 234567.34, 234 567.34]" classname="org.joda.money.format.TestMoneyFormatterBuilder" time="0"/>
  <testcase name="test_appendAmount_MoneyAmountStyle_GBP[36: MoneyAmountStyle[&apos;0&apos;,&apos;+&apos;,&apos;-&apos;,&apos;.&apos;,&apos;FULL, &apos;,&apos;3&apos;,false&apos;,false], 2345678.34, 2 345 678.34]" classname="org.joda.money.format.TestMoneyFormatterBuilder" time="0"/>
  <testcase name="test_appendAmount_MoneyAmountStyle_GBP[37: MoneyAmountStyle[&apos;0&apos;,&apos;+&apos;,&apos;-&apos;,&apos;.&apos;,&apos;FULL, &apos;,&apos;3&apos;,false&apos;,false], 2.345, 2.345]" classname="org.joda.money.format.TestMoneyFormatterBuilder" time="0"/>
  <testcase name="test_appendAmount_MoneyAmountStyle_GBP[38: MoneyAmountStyle[&apos;0&apos;,&apos;+&apos;,&apos;-&apos;,&apos;.&apos;,&apos;FULL, &apos;,&apos;3&apos;,false&apos;,false], 2.3456, 2.345 6]" classname="org.joda.money.format.TestMoneyFormatterBuilder" time="0"/>
  <testcase name="test_appendAmount_MoneyAmountStyle_GBP[39: MoneyAmountStyle[&apos;0&apos;,&apos;+&apos;,&apos;-&apos;,&apos;.&apos;,&apos;FULL, &apos;,&apos;3&apos;,false&apos;,false], 2.34567, 2.345 67]" classname="org.joda.money.format.TestMoneyFormatterBuilder" time="0"/>
  <testcase name="test_appendAmount_MoneyAmountStyle_GBP[40: MoneyAmountStyle[&apos;0&apos;,&apos;+&apos;,&apos;-&apos;,&apos;.&apos;,&apos;FULL, &apos;,&apos;3&apos;,false&apos;,false], 2.345678, 2.345 678]" classname="org.joda.money.format.TestMoneyFormatterBuilder" time="0"/>
  <testcase name="test_appendAmount_MoneyAmountStyle_GBP[41: MoneyAmountStyle[&apos;0&apos;,&apos;+&apos;,&apos;-&apos;,&apos;.&apos;,&apos;FULL, &apos;,&apos;3&apos;,false&apos;,false], 2.3456789, 2.345 678 9]" classname="org.joda.money.format.TestMoneyFormatterBuilder" time="0"/>
  <testcase name="test_appendAmount_MoneyAmountStyle_GBP[42: MoneyAmountStyle[&apos;0&apos;,&apos;+&apos;,&apos;-&apos;,&apos;.&apos;,&apos;BEFORE_DECIMAL_POINT,,&apos;,&apos;3&apos;,false&apos;,false], 2, 2]" classname="org.joda.money.format.TestMoneyFormatterBuilder" time="0"/>
  <testcase name="test_appendAmount_MoneyAmountStyle_GBP[43: MoneyAmountStyle[&apos;0&apos;,&apos;+&apos;,&apos;-&apos;,&apos;.&apos;,&apos;BEFORE_DECIMAL_POINT,,&apos;,&apos;3&apos;,false&apos;,false], 2123456, 2,123,456]" classname="org.joda.money.format.TestMoneyFormatterBuilder" time="0"/>
  <testcase name="test_appendAmount_MoneyAmountStyle_GBP[44: MoneyAmountStyle[&apos;0&apos;,&apos;+&apos;,&apos;-&apos;,&apos;.&apos;,&apos;BEFORE_DECIMAL_POINT,,&apos;,&apos;3&apos;,false&apos;,false], 2.34, 2.34]" classname="org.joda.money.format.TestMoneyFormatterBuilder" time="0"/>
  <testcase name="test_appendAmount_MoneyAmountStyle_GBP[45: MoneyAmountStyle[&apos;0&apos;,&apos;+&apos;,&apos;-&apos;,&apos;.&apos;,&apos;BEFORE_DECIMAL_POINT,,&apos;,&apos;3&apos;,false&apos;,false], 23.34, 23.34]" classname="org.joda.money.format.TestMoneyFormatterBuilder" time="0"/>
  <testcase name="test_appendAmount_MoneyAmountStyle_GBP[46: MoneyAmountStyle[&apos;0&apos;,&apos;+&apos;,&apos;-&apos;,&apos;.&apos;,&apos;BEFORE_DECIMAL_POINT,,&apos;,&apos;3&apos;,false&apos;,false], 234.34, 234.34]" classname="org.joda.money.format.TestMoneyFormatterBuilder" time="0"/>
  <testcase name="test_appendAmount_MoneyAmountStyle_GBP[47: MoneyAmountStyle[&apos;0&apos;,&apos;+&apos;,&apos;-&apos;,&apos;.&apos;,&apos;BEFORE_DECIMAL_POINT,,&apos;,&apos;3&apos;,false&apos;,false], 2345.34, 2,345.34]" classname="org.joda.money.format.TestMoneyFormatterBuilder" time="0"/>
  <testcase name="test_appendAmount_MoneyAmountStyle_GBP[48: MoneyAmountStyle[&apos;0&apos;,&apos;+&apos;,&apos;-&apos;,&apos;.&apos;,&apos;BEFORE_DECIMAL_POINT,,&apos;,&apos;3&apos;,false&apos;,false], 23456.34, 23,456.34]" classname="org.joda.money.format.TestMoneyFormatterBuilder" time="0"/>
  <testcase name="test_appendAmount_MoneyAmountStyle_GBP[49: MoneyAmountStyle[&apos;0&apos;,&apos;+&apos;,&apos;-&apos;,&apos;.&apos;,&apos;BEFORE_DECIMAL_POINT,,&apos;,&apos;3&apos;,false&apos;,false], 234567.34, 234,567.34]" classname="org.joda.money.format.TestMoneyFormatterBuilder" time="0"/>
  <testcase name="test_appendAmount_MoneyAmountStyle_GBP[50: MoneyAmountStyle[&apos;0&apos;,&apos;+&apos;,&apos;-&apos;,&apos;.&apos;,&apos;BEFORE_DECIMAL_POINT,,&apos;,&apos;3&apos;,false&apos;,false], 2345678.34, 2,345,678.34]" classname="org.joda.money.format.TestMoneyFormatterBuilder" time="0.001"/>
  <testcase name="test_appendAmount_MoneyAmountStyle_GBP[51: MoneyAmountStyle[&apos;0&apos;,&apos;+&apos;,&apos;-&apos;,&apos;.&apos;,&apos;BEFORE_DECIMAL_POINT,,&apos;,&apos;3&apos;,false&apos;,false], 2.345, 2.345]" classname="org.joda.money.format.TestMoneyFormatterBuilder" time="0"/>
  <testcase name="test_appendAmount_MoneyAmountStyle_GBP[52: MoneyAmountStyle[&apos;0&apos;,&apos;+&apos;,&apos;-&apos;,&apos;.&apos;,&apos;BEFORE_DECIMAL_POINT,,&apos;,&apos;3&apos;,false&apos;,false], 2.3456, 2.3456]" classname="org.joda.money.format.TestMoneyFormatterBuilder" time="0"/>
  <testcase name="test_appendAmount_MoneyAmountStyle_GBP[53: MoneyAmountStyle[&apos;0&apos;,&apos;+&apos;,&apos;-&apos;,&apos;.&apos;,&apos;BEFORE_DECIMAL_POINT,,&apos;,&apos;3&apos;,false&apos;,false], 2.34567, 2.34567]" classname="org.joda.money.format.TestMoneyFormatterBuilder" time="0"/>
  <testcase name="test_appendAmount_MoneyAmountStyle_GBP[54: MoneyAmountStyle[&apos;0&apos;,&apos;+&apos;,&apos;-&apos;,&apos;.&apos;,&apos;BEFORE_DECIMAL_POINT,,&apos;,&apos;3&apos;,false&apos;,false], 2.345678, 2.345678]" classname="org.joda.money.format.TestMoneyFormatterBuilder" time="0"/>
  <testcase name="test_appendAmount_MoneyAmountStyle_GBP[55: MoneyAmountStyle[&apos;0&apos;,&apos;+&apos;,&apos;-&apos;,&apos;.&apos;,&apos;BEFORE_DECIMAL_POINT,,&apos;,&apos;3&apos;,false&apos;,false], 2.3456789, 2.3456789]" classname="org.joda.money.format.TestMoneyFormatterBuilder" time="0"/>
  <testcase name="test_appendAmount_MoneyAmountStyle_GBP[56: MoneyAmountStyle[&apos;0&apos;,&apos;+&apos;,&apos;-&apos;,&apos;.&apos;,&apos;FULL,,&apos;,&apos;3&apos;,true&apos;,false], 2, 2.]" classname="org.joda.money.format.TestMoneyFormatterBuilder" time="0"/>
  <testcase name="test_appendAmount_MoneyAmountStyle_GBP[57: MoneyAmountStyle[&apos;0&apos;,&apos;+&apos;,&apos;-&apos;,&apos;.&apos;,&apos;FULL,,&apos;,&apos;3&apos;,true&apos;,false], 2123456, 2,123,456.]" classname="org.joda.money.format.TestMoneyFormatterBuilder" time="0"/>
  <testcase name="test_appendAmount_MoneyAmountStyle_GBP[58: MoneyAmountStyle[&apos;0&apos;,&apos;+&apos;,&apos;-&apos;,&apos;.&apos;,&apos;FULL,,&apos;,&apos;3&apos;,true&apos;,false], 2.34, 2.34]" classname="org.joda.money.format.TestMoneyFormatterBuilder" time="0"/>
  <testcase name="test_appendAmount_MoneyAmountStyle_GBP[59: MoneyAmountStyle[&apos;0&apos;,&apos;+&apos;,&apos;-&apos;,&apos;.&apos;,&apos;FULL,,&apos;,&apos;3&apos;,true&apos;,false], 23.34, 23.34]" classname="org.joda.money.format.TestMoneyFormatterBuilder" time="0"/>
  <testcase name="test_appendAmount_MoneyAmountStyle_GBP[60: MoneyAmountStyle[&apos;0&apos;,&apos;+&apos;,&apos;-&apos;,&apos;.&apos;,&apos;FULL,,&apos;,&apos;3&apos;,true&apos;,false], 234.34, 234.34]" classname="org.joda.money.format.TestMoneyFormatterBuilder" time="0"/>
  <testcase name="test_appendAmount_MoneyAmountStyle_GBP[61: MoneyAmountStyle[&apos;0&apos;,&apos;+&apos;,&apos;-&apos;,&apos;.&apos;,&apos;FULL,,&apos;,&apos;3&apos;,true&apos;,false], 2345.34, 2,345.34]" classname="org.joda.money.format.TestMoneyFormatterBuilder" time="0"/>
  <testcase name="test_appendAmount_MoneyAmountStyle_GBP[62: MoneyAmountStyle[&apos;0&apos;,&apos;+&apos;,&apos;-&apos;,&apos;.&apos;,&apos;FULL,,&apos;,&apos;3&apos;,true&apos;,false], 23456.34, 23,456.34]" classname="org.joda.money.format.TestMoneyFormatterBuilder" time="0.001"/>
  <testcase name="test_appendAmount_MoneyAmountStyle_GBP[63: MoneyAmountStyle[&apos;0&apos;,&apos;+&apos;,&apos;-&apos;,&apos;.&apos;,&apos;FULL,,&apos;,&apos;3&apos;,true&apos;,false], 234567.34, 234,567.34]" classname="org.joda.money.format.TestMoneyFormatterBuilder" time="0"/>
  <testcase name="test_appendAmount_MoneyAmountStyle_GBP[64: MoneyAmountStyle[&apos;0&apos;,&apos;+&apos;,&apos;-&apos;,&apos;.&apos;,&apos;FULL,,&apos;,&apos;3&apos;,true&apos;,false], 2345678.34, 2,345,678.34]" classname="org.joda.money.format.TestMoneyFormatterBuilder" time="0"/>
  <testcase name="test_appendAmount_MoneyAmountStyle_GBP[65: MoneyAmountStyle[&apos;0&apos;,&apos;+&apos;,&apos;-&apos;,&apos;.&apos;,&apos;FULL,,&apos;,&apos;3&apos;,true&apos;,false], 2.345, 2.345]" classname="org.joda.money.format.TestMoneyFormatterBuilder" time="0"/>
  <testcase name="test_appendAmount_MoneyAmountStyle_GBP[66: MoneyAmountStyle[&apos;0&apos;,&apos;+&apos;,&apos;-&apos;,&apos;.&apos;,&apos;FULL,,&apos;,&apos;3&apos;,true&apos;,false], 2.3456, 2.345,6]" classname="org.joda.money.format.TestMoneyFormatterBuilder" time="0"/>
  <testcase name="test_appendAmount_MoneyAmountStyle_GBP[67: MoneyAmountStyle[&apos;0&apos;,&apos;+&apos;,&apos;-&apos;,&apos;.&apos;,&apos;FULL,,&apos;,&apos;3&apos;,true&apos;,false], 2.34567, 2.345,67]" classname="org.joda.money.format.TestMoneyFormatterBuilder" time="0"/>
  <testcase name="test_appendAmount_MoneyAmountStyle_GBP[68: MoneyAmountStyle[&apos;0&apos;,&apos;+&apos;,&apos;-&apos;,&apos;.&apos;,&apos;FULL,,&apos;,&apos;3&apos;,true&apos;,false], 2.345678, 2.345,678]" classname="org.joda.money.format.TestMoneyFormatterBuilder" time="0"/>
  <testcase name="test_appendAmount_MoneyAmountStyle_GBP[69: MoneyAmountStyle[&apos;0&apos;,&apos;+&apos;,&apos;-&apos;,&apos;.&apos;,&apos;FULL,,&apos;,&apos;3&apos;,true&apos;,false], 2.3456789, 2.345,678,9]" classname="org.joda.money.format.TestMoneyFormatterBuilder" time="0.001"/>
  <testcase name="test_appendAmount_MoneyAmountStyle_GBP[70: MoneyAmountStyle[&apos;0&apos;,&apos;+&apos;,&apos;-&apos;,&apos;.&apos;,&apos;FULL,,&apos;,&apos;3&apos;,false&apos;,true], 2, 2]" classname="org.joda.money.format.TestMoneyFormatterBuilder" time="0"/>
  <testcase name="test_appendAmount_MoneyAmountStyle_GBP[71: MoneyAmountStyle[&apos;0&apos;,&apos;+&apos;,&apos;-&apos;,&apos;.&apos;,&apos;FULL,,&apos;,&apos;3&apos;,false&apos;,true], -2, 2]" classname="org.joda.money.format.TestMoneyFormatterBuilder" time="0"/>
  <testcase name="test_appendAmount_MoneyAmountStyle_GBP[72: MoneyAmountStyle[&apos;0&apos;,&apos;+&apos;,&apos;-&apos;,&apos;.&apos;,&apos;FULL,,&apos;,&apos;3&apos;,false&apos;,true], 2123456, 2,123,456]" classname="org.joda.money.format.TestMoneyFormatterBuilder" time="0"/>
  <testcase name="test_appendAmount_MoneyAmountStyle_GBP[73: MoneyAmountStyle[&apos;0&apos;,&apos;+&apos;,&apos;-&apos;,&apos;.&apos;,&apos;FULL,,&apos;,&apos;3&apos;,false&apos;,true], -2123456, 2,123,456]" classname="org.joda.money.format.TestMoneyFormatterBuilder" time="0"/>
  <testcase name="test_appendAmount_MoneyAmountStyle_GBP[74: MoneyAmountStyle[&apos;0&apos;,&apos;+&apos;,&apos;-&apos;,&apos;.&apos;,&apos;FULL,,&apos;,&apos;3&apos;,false&apos;,true], -2.34, 2.34]" classname="org.joda.money.format.TestMoneyFormatterBuilder" time="0"/>
  <testcase name="test_appendAmount_MoneyAmountStyle_GBP[75: MoneyAmountStyle[&apos;0&apos;,&apos;+&apos;,&apos;-&apos;,&apos;.&apos;,&apos;FULL,,&apos;,&apos;3&apos;,false&apos;,true], -23.34, 23.34]" classname="org.joda.money.format.TestMoneyFormatterBuilder" time="0"/>
  <testcase name="test_appendAmount_MoneyAmountStyle_GBP[76: MoneyAmountStyle[&apos;0&apos;,&apos;+&apos;,&apos;-&apos;,&apos;.&apos;,&apos;FULL,,&apos;,&apos;3&apos;,false&apos;,true], -234.34, 234.34]" classname="org.joda.money.format.TestMoneyFormatterBuilder" time="0"/>
  <testcase name="test_appendAmount_MoneyAmountStyle_GBP[77: MoneyAmountStyle[&apos;0&apos;,&apos;+&apos;,&apos;-&apos;,&apos;.&apos;,&apos;FULL,,&apos;,&apos;3&apos;,false&apos;,true], -2345.34, 2,345.34]" classname="org.joda.money.format.TestMoneyFormatterBuilder" time="0"/>
  <testcase name="test_appendAmount_MoneyAmountStyle_GBP[78: MoneyAmountStyle[&apos;0&apos;,&apos;+&apos;,&apos;-&apos;,&apos;.&apos;,&apos;FULL,,&apos;,&apos;3&apos;,false&apos;,true], -23456.34, 23,456.34]" classname="org.joda.money.format.TestMoneyFormatterBuilder" time="0"/>
  <testcase name="test_appendAmount_MoneyAmountStyle_GBP[79: MoneyAmountStyle[&apos;0&apos;,&apos;+&apos;,&apos;-&apos;,&apos;.&apos;,&apos;FULL,,&apos;,&apos;3&apos;,false&apos;,true], -234567.34, 234,567.34]" classname="org.joda.money.format.TestMoneyFormatterBuilder" time="0"/>
  <testcase name="test_appendAmount_MoneyAmountStyle_GBP[80: MoneyAmountStyle[&apos;0&apos;,&apos;+&apos;,&apos;-&apos;,&apos;.&apos;,&apos;FULL,,&apos;,&apos;3&apos;,false&apos;,true], -2345678.34, 2,345,678.34]" classname="org.joda.money.format.TestMoneyFormatterBuilder" time="0"/>
  <testcase name="test_appendAmount_MoneyAmountStyle_GBP[81: MoneyAmountStyle[&apos;0&apos;,&apos;+&apos;,&apos;-&apos;,&apos;.&apos;,&apos;FULL,,&apos;,&apos;3&apos;,false&apos;,true], -2.345, 2.345]" classname="org.joda.money.format.TestMoneyFormatterBuilder" time="0"/>
  <testcase name="test_appendAmount_MoneyAmountStyle_GBP[82: MoneyAmountStyle[&apos;0&apos;,&apos;+&apos;,&apos;-&apos;,&apos;.&apos;,&apos;FULL,,&apos;,&apos;3&apos;,false&apos;,true], -2.3456, 2.345,6]" classname="org.joda.money.format.TestMoneyFormatterBuilder" time="0"/>
  <testcase name="test_appendAmount_MoneyAmountStyle_GBP[83: MoneyAmountStyle[&apos;0&apos;,&apos;+&apos;,&apos;-&apos;,&apos;.&apos;,&apos;FULL,,&apos;,&apos;3&apos;,false&apos;,true], -2.34567, 2.345,67]" classname="org.joda.money.format.TestMoneyFormatterBuilder" time="0"/>
  <testcase name="test_appendAmount_MoneyAmountStyle_GBP[84: MoneyAmountStyle[&apos;0&apos;,&apos;+&apos;,&apos;-&apos;,&apos;.&apos;,&apos;FULL,,&apos;,&apos;3&apos;,false&apos;,true], -2.345678, 2.345,678]" classname="org.joda.money.format.TestMoneyFormatterBuilder" time="0"/>
  <testcase name="test_appendAmount_MoneyAmountStyle_GBP[85: MoneyAmountStyle[&apos;0&apos;,&apos;+&apos;,&apos;-&apos;,&apos;.&apos;,&apos;FULL,,&apos;,&apos;3&apos;,false&apos;,true], -2.3456789, 2.345,678,9]" classname="org.joda.money.format.TestMoneyFormatterBuilder" time="0"/>
  <testcase name="test_appendAmount_MoneyAmountStyle_GBP[86: MoneyAmountStyle[&apos;0&apos;,&apos;+&apos;,&apos;-&apos;,&apos;.&apos;,&apos;FULL,-&apos;,&apos;1&apos;,false&apos;,false], 2, 2]" classname="org.joda.money.format.TestMoneyFormatterBuilder" time="0"/>
  <testcase name="test_appendAmount_MoneyAmountStyle_GBP[87: MoneyAmountStyle[&apos;0&apos;,&apos;+&apos;,&apos;-&apos;,&apos;.&apos;,&apos;FULL,-&apos;,&apos;1&apos;,false&apos;,false], 2123456, 2-1-2-3-4-5-6]" classname="org.joda.money.format.TestMoneyFormatterBuilder" time="0"/>
  <testcase name="test_appendAmount_MoneyAmountStyle_GBP[88: MoneyAmountStyle[&apos;0&apos;,&apos;+&apos;,&apos;-&apos;,&apos;.&apos;,&apos;FULL,-&apos;,&apos;1&apos;,false&apos;,false], 2.34, 2.3-4]" classname="org.joda.money.format.TestMoneyFormatterBuilder" time="0"/>
  <testcase name="test_appendAmount_MoneyAmountStyle_GBP[89: MoneyAmountStyle[&apos;0&apos;,&apos;+&apos;,&apos;-&apos;,&apos;.&apos;,&apos;FULL,-&apos;,&apos;1&apos;,false&apos;,false], 23.34, 2-3.3-4]" classname="org.joda.money.format.TestMoneyFormatterBuilder" time="0"/>
  <testcase name="test_appendAmount_MoneyAmountStyle_GBP[90: MoneyAmountStyle[&apos;0&apos;,&apos;+&apos;,&apos;-&apos;,&apos;.&apos;,&apos;FULL,-&apos;,&apos;1&apos;,false&apos;,false], 234.34, 2-3-4.3-4]" classname="org.joda.money.format.TestMoneyFormatterBuilder" time="0"/>
  <testcase name="test_appendAmount_MoneyAmountStyle_GBP[91: MoneyAmountStyle[&apos;0&apos;,&apos;+&apos;,&apos;-&apos;,&apos;.&apos;,&apos;FULL,-&apos;,&apos;1&apos;,false&apos;,false], 2345.34, 2-3-4-5.3-4]" classname="org.joda.money.format.TestMoneyFormatterBuilder" time="0"/>
  <testcase name="test_appendAmount_MoneyAmountStyle_GBP[92: MoneyAmountStyle[&apos;0&apos;,&apos;+&apos;,&apos;-&apos;,&apos;.&apos;,&apos;FULL,-&apos;,&apos;1&apos;,false&apos;,false], 23456.34, 2-3-4-5-6.3-4]" classname="org.joda.money.format.TestMoneyFormatterBuilder" time="0"/>
  <testcase name="test_appendAmount_MoneyAmountStyle_GBP[93: MoneyAmountStyle[&apos;0&apos;,&apos;+&apos;,&apos;-&apos;,&apos;.&apos;,&apos;FULL,-&apos;,&apos;1&apos;,false&apos;,false], 234567.34, 2-3-4-5-6-7.3-4]" classname="org.joda.money.format.TestMoneyFormatterBuilder" time="0"/>
  <testcase name="test_appendAmount_MoneyAmountStyle_GBP[94: MoneyAmountStyle[&apos;0&apos;,&apos;+&apos;,&apos;-&apos;,&apos;.&apos;,&apos;FULL,-&apos;,&apos;1&apos;,false&apos;,false], 2345678.34, 2-3-4-5-6-7-8.3-4]" classname="org.joda.money.format.TestMoneyFormatterBuilder" time="0"/>
  <testcase name="test_appendAmount_MoneyAmountStyle_GBP[95: MoneyAmountStyle[&apos;0&apos;,&apos;+&apos;,&apos;-&apos;,&apos;.&apos;,&apos;FULL,-&apos;,&apos;1&apos;,false&apos;,false], 2.345, 2.3-4-5]" classname="org.joda.money.format.TestMoneyFormatterBuilder" time="0"/>
  <testcase name="test_appendAmount_MoneyAmountStyle_GBP[96: MoneyAmountStyle[&apos;0&apos;,&apos;+&apos;,&apos;-&apos;,&apos;.&apos;,&apos;FULL,-&apos;,&apos;1&apos;,false&apos;,false], 2.3456, 2.3-4-5-6]" classname="org.joda.money.format.TestMoneyFormatterBuilder" time="0"/>
  <testcase name="test_appendAmount_MoneyAmountStyle_GBP[97: MoneyAmountStyle[&apos;0&apos;,&apos;+&apos;,&apos;-&apos;,&apos;.&apos;,&apos;FULL,-&apos;,&apos;1&apos;,false&apos;,false], 2.34567, 2.3-4-5-6-7]" classname="org.joda.money.format.TestMoneyFormatterBuilder" time="0"/>
  <testcase name="test_appendAmount_MoneyAmountStyle_GBP[98: MoneyAmountStyle[&apos;0&apos;,&apos;+&apos;,&apos;-&apos;,&apos;.&apos;,&apos;FULL,-&apos;,&apos;1&apos;,false&apos;,false], 2.345678, 2.3-4-5-6-7-8]" classname="org.joda.money.format.TestMoneyFormatterBuilder" time="0"/>
  <testcase name="test_appendAmount_MoneyAmountStyle_GBP[99: MoneyAmountStyle[&apos;0&apos;,&apos;+&apos;,&apos;-&apos;,&apos;.&apos;,&apos;FULL,-&apos;,&apos;1&apos;,false&apos;,false], 2.3456789, 2.3-4-5-6-7-8-9]" classname="org.joda.money.format.TestMoneyFormatterBuilder" time="0"/>
  <testcase name="test_appendAmount_MoneyAmountStyle_GBP[100: MoneyAmountStyle[&apos;0&apos;,&apos;+&apos;,&apos;-&apos;,&apos;.&apos;,&apos;FULL,-&apos;,&apos;2&apos;,false&apos;,false], 2, 2]" classname="org.joda.money.format.TestMoneyFormatterBuilder" time="0"/>
  <testcase name="test_appendAmount_MoneyAmountStyle_GBP[101: MoneyAmountStyle[&apos;0&apos;,&apos;+&apos;,&apos;-&apos;,&apos;.&apos;,&apos;FULL,-&apos;,&apos;2&apos;,false&apos;,false], 2123456, 2-12-34-56]" classname="org.joda.money.format.TestMoneyFormatterBuilder" time="0"/>
  <testcase name="test_appendAmount_MoneyAmountStyle_GBP[102: MoneyAmountStyle[&apos;0&apos;,&apos;+&apos;,&apos;-&apos;,&apos;.&apos;,&apos;FULL,-&apos;,&apos;2&apos;,false&apos;,false], 2.34, 2.34]" classname="org.joda.money.format.TestMoneyFormatterBuilder" time="0"/>
  <testcase name="test_appendAmount_MoneyAmountStyle_GBP[103: MoneyAmountStyle[&apos;0&apos;,&apos;+&apos;,&apos;-&apos;,&apos;.&apos;,&apos;FULL,-&apos;,&apos;2&apos;,false&apos;,false], 23.34, 23.34]" classname="org.joda.money.format.TestMoneyFormatterBuilder" time="0"/>
  <testcase name="test_appendAmount_MoneyAmountStyle_GBP[104: MoneyAmountStyle[&apos;0&apos;,&apos;+&apos;,&apos;-&apos;,&apos;.&apos;,&apos;FULL,-&apos;,&apos;2&apos;,false&apos;,false], 234.34, 2-34.34]" classname="org.joda.money.format.TestMoneyFormatterBuilder" time="0"/>
  <testcase name="test_appendAmount_MoneyAmountStyle_GBP[105: MoneyAmountStyle[&apos;0&apos;,&apos;+&apos;,&apos;-&apos;,&apos;.&apos;,&apos;FULL,-&apos;,&apos;2&apos;,false&apos;,false], 2345.34, 23-45.34]" classname="org.joda.money.format.TestMoneyFormatterBuilder" time="0"/>
  <testcase name="test_appendAmount_MoneyAmountStyle_GBP[106: MoneyAmountStyle[&apos;0&apos;,&apos;+&apos;,&apos;-&apos;,&apos;.&apos;,&apos;FULL,-&apos;,&apos;2&apos;,false&apos;,false], 23456.34, 2-34-56.34]" classname="org.joda.money.format.TestMoneyFormatterBuilder" time="0"/>
  <testcase name="test_appendAmount_MoneyAmountStyle_GBP[107: MoneyAmountStyle[&apos;0&apos;,&apos;+&apos;,&apos;-&apos;,&apos;.&apos;,&apos;FULL,-&apos;,&apos;2&apos;,false&apos;,false], 234567.34, 23-45-67.34]" classname="org.joda.money.format.TestMoneyFormatterBuilder" time="0"/>
  <testcase name="test_appendAmount_MoneyAmountStyle_GBP[108: MoneyAmountStyle[&apos;0&apos;,&apos;+&apos;,&apos;-&apos;,&apos;.&apos;,&apos;FULL,-&apos;,&apos;2&apos;,false&apos;,false], 2345678.34, 2-34-56-78.34]" classname="org.joda.money.format.TestMoneyFormatterBuilder" time="0"/>
  <testcase name="test_appendAmount_MoneyAmountStyle_GBP[109: MoneyAmountStyle[&apos;0&apos;,&apos;+&apos;,&apos;-&apos;,&apos;.&apos;,&apos;FULL,-&apos;,&apos;2&apos;,false&apos;,false], 2.345, 2.34-5]" classname="org.joda.money.format.TestMoneyFormatterBuilder" time="0"/>
  <testcase name="test_appendAmount_MoneyAmountStyle_GBP[110: MoneyAmountStyle[&apos;0&apos;,&apos;+&apos;,&apos;-&apos;,&apos;.&apos;,&apos;FULL,-&apos;,&apos;2&apos;,false&apos;,false], 2.3456, 2.34-56]" classname="org.joda.money.format.TestMoneyFormatterBuilder" time="0"/>
  <testcase name="test_appendAmount_MoneyAmountStyle_GBP[111: MoneyAmountStyle[&apos;0&apos;,&apos;+&apos;,&apos;-&apos;,&apos;.&apos;,&apos;FULL,-&apos;,&apos;2&apos;,false&apos;,false], 2.34567, 2.34-56-7]" classname="org.joda.money.format.TestMoneyFormatterBuilder" time="0"/>
  <testcase name="test_appendAmount_MoneyAmountStyle_GBP[112: MoneyAmountStyle[&apos;0&apos;,&apos;+&apos;,&apos;-&apos;,&apos;.&apos;,&apos;FULL,-&apos;,&apos;2&apos;,false&apos;,false], 2.345678, 2.34-56-78]" classname="org.joda.money.format.TestMoneyFormatterBuilder" time="0"/>
  <testcase name="test_appendAmount_MoneyAmountStyle_GBP[113: MoneyAmountStyle[&apos;0&apos;,&apos;+&apos;,&apos;-&apos;,&apos;.&apos;,&apos;FULL,-&apos;,&apos;2&apos;,false&apos;,false], 2.3456789, 2.34-56-78-9]" classname="org.joda.money.format.TestMoneyFormatterBuilder" time="0"/>
  <testcase name="test_appendAmount_MoneyAmountStyle_GBP[114: MoneyAmountStyle[&apos;0&apos;,&apos;+&apos;,&apos;-&apos;,&apos;@&apos;,&apos;FULL,,&apos;,&apos;4&apos;,true&apos;,false], 2, 2@]" classname="org.joda.money.format.TestMoneyFormatterBuilder" time="0"/>
  <testcase name="test_appendAmount_MoneyAmountStyle_GBP[115: MoneyAmountStyle[&apos;0&apos;,&apos;+&apos;,&apos;-&apos;,&apos;@&apos;,&apos;FULL,,&apos;,&apos;4&apos;,true&apos;,false], 2123456, 212,3456@]" classname="org.joda.money.format.TestMoneyFormatterBuilder" time="0"/>
  <testcase name="test_appendAmount_MoneyAmountStyle_GBP[116: MoneyAmountStyle[&apos;0&apos;,&apos;+&apos;,&apos;-&apos;,&apos;@&apos;,&apos;FULL,,&apos;,&apos;4&apos;,true&apos;,false], 2.34, 2@34]" classname="org.joda.money.format.TestMoneyFormatterBuilder" time="0"/>
  <testcase name="test_appendAmount_MoneyAmountStyle_GBP[117: MoneyAmountStyle[&apos;0&apos;,&apos;+&apos;,&apos;-&apos;,&apos;@&apos;,&apos;FULL,,&apos;,&apos;4&apos;,true&apos;,false], 23.34, 23@34]" classname="org.joda.money.format.TestMoneyFormatterBuilder" time="0"/>
  <testcase name="test_appendAmount_MoneyAmountStyle_GBP[118: MoneyAmountStyle[&apos;0&apos;,&apos;+&apos;,&apos;-&apos;,&apos;@&apos;,&apos;FULL,,&apos;,&apos;4&apos;,true&apos;,false], 234.34, 234@34]" classname="org.joda.money.format.TestMoneyFormatterBuilder" time="0"/>
  <testcase name="test_appendAmount_MoneyAmountStyle_GBP[119: MoneyAmountStyle[&apos;0&apos;,&apos;+&apos;,&apos;-&apos;,&apos;@&apos;,&apos;FULL,,&apos;,&apos;4&apos;,true&apos;,false], 2345.34, 2345@34]" classname="org.joda.money.format.TestMoneyFormatterBuilder" time="0"/>
  <testcase name="test_appendAmount_MoneyAmountStyle_GBP[120: MoneyAmountStyle[&apos;0&apos;,&apos;+&apos;,&apos;-&apos;,&apos;@&apos;,&apos;FULL,,&apos;,&apos;4&apos;,true&apos;,false], 23456.34, 2,3456@34]" classname="org.joda.money.format.TestMoneyFormatterBuilder" time="0"/>
  <testcase name="test_appendAmount_MoneyAmountStyle_GBP[121: MoneyAmountStyle[&apos;0&apos;,&apos;+&apos;,&apos;-&apos;,&apos;@&apos;,&apos;FULL,,&apos;,&apos;4&apos;,true&apos;,false], 234567.34, 23,4567@34]" classname="org.joda.money.format.TestMoneyFormatterBuilder" time="0"/>
  <testcase name="test_appendAmount_MoneyAmountStyle_GBP[122: MoneyAmountStyle[&apos;0&apos;,&apos;+&apos;,&apos;-&apos;,&apos;@&apos;,&apos;FULL,,&apos;,&apos;4&apos;,true&apos;,false], 2345678.34, 234,5678@34]" classname="org.joda.money.format.TestMoneyFormatterBuilder" time="0"/>
  <testcase name="test_appendAmount_MoneyAmountStyle_GBP[123: MoneyAmountStyle[&apos;0&apos;,&apos;+&apos;,&apos;-&apos;,&apos;@&apos;,&apos;FULL,,&apos;,&apos;4&apos;,true&apos;,false], 2.345, 2@345]" classname="org.joda.money.format.TestMoneyFormatterBuilder" time="0"/>
  <testcase name="test_appendAmount_MoneyAmountStyle_GBP[124: MoneyAmountStyle[&apos;0&apos;,&apos;+&apos;,&apos;-&apos;,&apos;@&apos;,&apos;FULL,,&apos;,&apos;4&apos;,true&apos;,false], 2.3456, 2@3456]" classname="org.joda.money.format.TestMoneyFormatterBuilder" time="0.001"/>
  <testcase name="test_appendAmount_MoneyAmountStyle_GBP[125: MoneyAmountStyle[&apos;0&apos;,&apos;+&apos;,&apos;-&apos;,&apos;@&apos;,&apos;FULL,,&apos;,&apos;4&apos;,true&apos;,false], 2.34567, 2@3456,7]" classname="org.joda.money.format.TestMoneyFormatterBuilder" time="0"/>
  <testcase name="test_appendAmount_MoneyAmountStyle_GBP[126: MoneyAmountStyle[&apos;0&apos;,&apos;+&apos;,&apos;-&apos;,&apos;@&apos;,&apos;FULL,,&apos;,&apos;4&apos;,true&apos;,false], 2.345678, 2@3456,78]" classname="org.joda.money.format.TestMoneyFormatterBuilder" time="0"/>
  <testcase name="test_appendAmount_MoneyAmountStyle_GBP[127: MoneyAmountStyle[&apos;0&apos;,&apos;+&apos;,&apos;-&apos;,&apos;@&apos;,&apos;FULL,,&apos;,&apos;4&apos;,true&apos;,false], 2.3456789, 2@3456,789]" classname="org.joda.money.format.TestMoneyFormatterBuilder" time="0"/>
  <testcase name="test_appendAmount_MoneyAmountStyle_GBP[128: MoneyAmountStyle[&apos;A&apos;,&apos;+&apos;,&apos;-&apos;,&apos;.&apos;,&apos;FULL,,&apos;,&apos;3&apos;,false&apos;,false], 2, C]" classname="org.joda.money.format.TestMoneyFormatterBuilder" time="0"/>
  <testcase name="test_appendAmount_MoneyAmountStyle_GBP[129: MoneyAmountStyle[&apos;A&apos;,&apos;+&apos;,&apos;-&apos;,&apos;.&apos;,&apos;FULL,,&apos;,&apos;3&apos;,false&apos;,false], 2123456, C,BCD,EFG]" classname="org.joda.money.format.TestMoneyFormatterBuilder" time="0"/>
  <testcase name="test_appendAmount_MoneyAmountStyle_GBP[130: MoneyAmountStyle[&apos;A&apos;,&apos;+&apos;,&apos;-&apos;,&apos;.&apos;,&apos;FULL,,&apos;,&apos;3&apos;,false&apos;,false], 2.34, C.DE]" classname="org.joda.money.format.TestMoneyFormatterBuilder" time="0"/>
  <testcase name="test_appendAmount_MoneyAmountStyle_GBP[131: MoneyAmountStyle[&apos;A&apos;,&apos;+&apos;,&apos;-&apos;,&apos;.&apos;,&apos;FULL,,&apos;,&apos;3&apos;,false&apos;,false], 23.34, CD.DE]" classname="org.joda.money.format.TestMoneyFormatterBuilder" time="0"/>
  <testcase name="test_appendAmount_MoneyAmountStyle_GBP[132: MoneyAmountStyle[&apos;A&apos;,&apos;+&apos;,&apos;-&apos;,&apos;.&apos;,&apos;FULL,,&apos;,&apos;3&apos;,false&apos;,false], 234.34, CDE.DE]" classname="org.joda.money.format.TestMoneyFormatterBuilder" time="0"/>
  <testcase name="test_appendAmount_MoneyAmountStyle_GBP[133: MoneyAmountStyle[&apos;A&apos;,&apos;+&apos;,&apos;-&apos;,&apos;.&apos;,&apos;FULL,,&apos;,&apos;3&apos;,false&apos;,false], 2345.34, C,DEF.DE]" classname="org.joda.money.format.TestMoneyFormatterBuilder" time="0"/>
  <testcase name="test_appendAmount_MoneyAmountStyle_GBP[134: MoneyAmountStyle[&apos;A&apos;,&apos;+&apos;,&apos;-&apos;,&apos;.&apos;,&apos;FULL,,&apos;,&apos;3&apos;,false&apos;,false], 23456.34, CD,EFG.DE]" classname="org.joda.money.format.TestMoneyFormatterBuilder" time="0"/>
  <testcase name="test_appendAmount_MoneyAmountStyle_GBP[135: MoneyAmountStyle[&apos;A&apos;,&apos;+&apos;,&apos;-&apos;,&apos;.&apos;,&apos;FULL,,&apos;,&apos;3&apos;,false&apos;,false], 234567.34, CDE,FGH.DE]" classname="org.joda.money.format.TestMoneyFormatterBuilder" time="0"/>
  <testcase name="test_appendAmount_MoneyAmountStyle_GBP[136: MoneyAmountStyle[&apos;A&apos;,&apos;+&apos;,&apos;-&apos;,&apos;.&apos;,&apos;FULL,,&apos;,&apos;3&apos;,false&apos;,false], 2345678.34, C,DEF,GHI.DE]" classname="org.joda.money.format.TestMoneyFormatterBuilder" time="0"/>
  <testcase name="test_appendAmount_MoneyAmountStyle_GBP[137: MoneyAmountStyle[&apos;A&apos;,&apos;+&apos;,&apos;-&apos;,&apos;.&apos;,&apos;FULL,,&apos;,&apos;3&apos;,false&apos;,false], 2.345, C.DEF]" classname="org.joda.money.format.TestMoneyFormatterBuilder" time="0"/>
  <testcase name="test_appendAmount_MoneyAmountStyle_GBP[138: MoneyAmountStyle[&apos;A&apos;,&apos;+&apos;,&apos;-&apos;,&apos;.&apos;,&apos;FULL,,&apos;,&apos;3&apos;,false&apos;,false], 2.3456, C.DEF,G]" classname="org.joda.money.format.TestMoneyFormatterBuilder" time="0"/>
  <testcase name="test_appendAmount_MoneyAmountStyle_GBP[139: MoneyAmountStyle[&apos;A&apos;,&apos;+&apos;,&apos;-&apos;,&apos;.&apos;,&apos;FULL,,&apos;,&apos;3&apos;,false&apos;,false], 2.34567, C.DEF,GH]" classname="org.joda.money.format.TestMoneyFormatterBuilder" time="0"/>
  <testcase name="test_appendAmount_MoneyAmountStyle_GBP[140: MoneyAmountStyle[&apos;A&apos;,&apos;+&apos;,&apos;-&apos;,&apos;.&apos;,&apos;FULL,,&apos;,&apos;3&apos;,false&apos;,false], 2.345678, C.DEF,GHI]" classname="org.joda.money.format.TestMoneyFormatterBuilder" time="0"/>
  <testcase name="test_appendAmount_MoneyAmountStyle_GBP[141: MoneyAmountStyle[&apos;A&apos;,&apos;+&apos;,&apos;-&apos;,&apos;.&apos;,&apos;FULL,,&apos;,&apos;3&apos;,false&apos;,false], 2.3456789, C.DEF,GHI,J]" classname="org.joda.money.format.TestMoneyFormatterBuilder" time="0"/>
  <testcase name="test_appendAmount_MoneyAmountStyle_JPY[0: MoneyAmountStyle[&apos;0&apos;,&apos;+&apos;,&apos;-&apos;,&apos;.&apos;,&apos;NONE,,&apos;,&apos;3&apos;,false&apos;,false], 2, 2]" classname="org.joda.money.format.TestMoneyFormatterBuilder" time="0"/>
  <testcase name="test_appendAmount_MoneyAmountStyle_JPY[1: MoneyAmountStyle[&apos;0&apos;,&apos;+&apos;,&apos;-&apos;,&apos;.&apos;,&apos;NONE,,&apos;,&apos;3&apos;,false&apos;,false], 2123456, 2123456]" classname="org.joda.money.format.TestMoneyFormatterBuilder" time="0"/>
  <testcase name="test_appendAmount_MoneyAmountStyle_JPY[2: MoneyAmountStyle[&apos;0&apos;,&apos;+&apos;,&apos;-&apos;,&apos;.&apos;,&apos;NONE,,&apos;,&apos;3&apos;,false&apos;,false], 2.34, 2.34]" classname="org.joda.money.format.TestMoneyFormatterBuilder" time="0"/>
  <testcase name="test_appendAmount_MoneyAmountStyle_JPY[3: MoneyAmountStyle[&apos;0&apos;,&apos;+&apos;,&apos;-&apos;,&apos;.&apos;,&apos;NONE,,&apos;,&apos;3&apos;,false&apos;,false], 23.34, 23.34]" classname="org.joda.money.format.TestMoneyFormatterBuilder" time="0.001"/>
  <testcase name="test_appendAmount_MoneyAmountStyle_JPY[4: MoneyAmountStyle[&apos;0&apos;,&apos;+&apos;,&apos;-&apos;,&apos;.&apos;,&apos;NONE,,&apos;,&apos;3&apos;,false&apos;,false], 234.34, 234.34]" classname="org.joda.money.format.TestMoneyFormatterBuilder" time="0"/>
  <testcase name="test_appendAmount_MoneyAmountStyle_JPY[5: MoneyAmountStyle[&apos;0&apos;,&apos;+&apos;,&apos;-&apos;,&apos;.&apos;,&apos;NONE,,&apos;,&apos;3&apos;,false&apos;,false], 2345.34, 2345.34]" classname="org.joda.money.format.TestMoneyFormatterBuilder" time="0"/>
  <testcase name="test_appendAmount_MoneyAmountStyle_JPY[6: MoneyAmountStyle[&apos;0&apos;,&apos;+&apos;,&apos;-&apos;,&apos;.&apos;,&apos;NONE,,&apos;,&apos;3&apos;,false&apos;,false], 23456.34, 23456.34]" classname="org.joda.money.format.TestMoneyFormatterBuilder" time="0"/>
  <testcase name="test_appendAmount_MoneyAmountStyle_JPY[7: MoneyAmountStyle[&apos;0&apos;,&apos;+&apos;,&apos;-&apos;,&apos;.&apos;,&apos;NONE,,&apos;,&apos;3&apos;,false&apos;,false], 234567.34, 234567.34]" classname="org.joda.money.format.TestMoneyFormatterBuilder" time="0"/>
  <testcase name="test_appendAmount_MoneyAmountStyle_JPY[8: MoneyAmountStyle[&apos;0&apos;,&apos;+&apos;,&apos;-&apos;,&apos;.&apos;,&apos;NONE,,&apos;,&apos;3&apos;,false&apos;,false], 2345678.34, 2345678.34]" classname="org.joda.money.format.TestMoneyFormatterBuilder" time="0"/>
  <testcase name="test_appendAmount_MoneyAmountStyle_JPY[9: MoneyAmountStyle[&apos;0&apos;,&apos;+&apos;,&apos;-&apos;,&apos;.&apos;,&apos;NONE,,&apos;,&apos;3&apos;,false&apos;,false], 2.345, 2.345]" classname="org.joda.money.format.TestMoneyFormatterBuilder" time="0"/>
  <testcase name="test_appendAmount_MoneyAmountStyle_JPY[10: MoneyAmountStyle[&apos;0&apos;,&apos;+&apos;,&apos;-&apos;,&apos;.&apos;,&apos;NONE,,&apos;,&apos;3&apos;,false&apos;,false], 2.3456, 2.3456]" classname="org.joda.money.format.TestMoneyFormatterBuilder" time="0"/>
  <testcase name="test_appendAmount_MoneyAmountStyle_JPY[11: MoneyAmountStyle[&apos;0&apos;,&apos;+&apos;,&apos;-&apos;,&apos;.&apos;,&apos;NONE,,&apos;,&apos;3&apos;,false&apos;,false], 2.34567, 2.34567]" classname="org.joda.money.format.TestMoneyFormatterBuilder" time="0"/>
  <testcase name="test_appendAmount_MoneyAmountStyle_JPY[12: MoneyAmountStyle[&apos;0&apos;,&apos;+&apos;,&apos;-&apos;,&apos;.&apos;,&apos;NONE,,&apos;,&apos;3&apos;,false&apos;,false], 2.345678, 2.345678]" classname="org.joda.money.format.TestMoneyFormatterBuilder" time="0"/>
  <testcase name="test_appendAmount_MoneyAmountStyle_JPY[13: MoneyAmountStyle[&apos;0&apos;,&apos;+&apos;,&apos;-&apos;,&apos;.&apos;,&apos;NONE,,&apos;,&apos;3&apos;,false&apos;,false], 2.3456789, 2.3456789]" classname="org.joda.money.format.TestMoneyFormatterBuilder" time="0"/>
  <testcase name="test_appendAmount_MoneyAmountStyle_JPY[14: MoneyAmountStyle[&apos;0&apos;,&apos;+&apos;,&apos;-&apos;,&apos;.&apos;,&apos;FULL,,&apos;,&apos;3&apos;,false&apos;,false], 2, 2]" classname="org.joda.money.format.TestMoneyFormatterBuilder" time="0"/>
  <testcase name="test_appendAmount_MoneyAmountStyle_JPY[15: MoneyAmountStyle[&apos;0&apos;,&apos;+&apos;,&apos;-&apos;,&apos;.&apos;,&apos;FULL,,&apos;,&apos;3&apos;,false&apos;,false], 2123456, 2,123,456]" classname="org.joda.money.format.TestMoneyFormatterBuilder" time="0"/>
  <testcase name="test_appendAmount_MoneyAmountStyle_JPY[16: MoneyAmountStyle[&apos;0&apos;,&apos;+&apos;,&apos;-&apos;,&apos;.&apos;,&apos;FULL,,&apos;,&apos;3&apos;,false&apos;,false], 2.34, 2.34]" classname="org.joda.money.format.TestMoneyFormatterBuilder" time="0.001"/>
  <testcase name="test_appendAmount_MoneyAmountStyle_JPY[17: MoneyAmountStyle[&apos;0&apos;,&apos;+&apos;,&apos;-&apos;,&apos;.&apos;,&apos;FULL,,&apos;,&apos;3&apos;,false&apos;,false], 23.34, 23.34]" classname="org.joda.money.format.TestMoneyFormatterBuilder" time="0"/>
  <testcase name="test_appendAmount_MoneyAmountStyle_JPY[18: MoneyAmountStyle[&apos;0&apos;,&apos;+&apos;,&apos;-&apos;,&apos;.&apos;,&apos;FULL,,&apos;,&apos;3&apos;,false&apos;,false], 234.34, 234.34]" classname="org.joda.money.format.TestMoneyFormatterBuilder" time="0"/>
  <testcase name="test_appendAmount_MoneyAmountStyle_JPY[19: MoneyAmountStyle[&apos;0&apos;,&apos;+&apos;,&apos;-&apos;,&apos;.&apos;,&apos;FULL,,&apos;,&apos;3&apos;,false&apos;,false], 2345.34, 2,345.34]" classname="org.joda.money.format.TestMoneyFormatterBuilder" time="0"/>
  <testcase name="test_appendAmount_MoneyAmountStyle_JPY[20: MoneyAmountStyle[&apos;0&apos;,&apos;+&apos;,&apos;-&apos;,&apos;.&apos;,&apos;FULL,,&apos;,&apos;3&apos;,false&apos;,false], 23456.34, 23,456.34]" classname="org.joda.money.format.TestMoneyFormatterBuilder" time="0"/>
  <testcase name="test_appendAmount_MoneyAmountStyle_JPY[21: MoneyAmountStyle[&apos;0&apos;,&apos;+&apos;,&apos;-&apos;,&apos;.&apos;,&apos;FULL,,&apos;,&apos;3&apos;,false&apos;,false], 234567.34, 234,567.34]" classname="org.joda.money.format.TestMoneyFormatterBuilder" time="0"/>
  <testcase name="test_appendAmount_MoneyAmountStyle_JPY[22: MoneyAmountStyle[&apos;0&apos;,&apos;+&apos;,&apos;-&apos;,&apos;.&apos;,&apos;FULL,,&apos;,&apos;3&apos;,false&apos;,false], 2345678.34, 2,345,678.34]" classname="org.joda.money.format.TestMoneyFormatterBuilder" time="0"/>
  <testcase name="test_appendAmount_MoneyAmountStyle_JPY[23: MoneyAmountStyle[&apos;0&apos;,&apos;+&apos;,&apos;-&apos;,&apos;.&apos;,&apos;FULL,,&apos;,&apos;3&apos;,false&apos;,false], 2.345, 2.345]" classname="org.joda.money.format.TestMoneyFormatterBuilder" time="0"/>
  <testcase name="test_appendAmount_MoneyAmountStyle_JPY[24: MoneyAmountStyle[&apos;0&apos;,&apos;+&apos;,&apos;-&apos;,&apos;.&apos;,&apos;FULL,,&apos;,&apos;3&apos;,false&apos;,false], 2.3456, 2.345,6]" classname="org.joda.money.format.TestMoneyFormatterBuilder" time="0"/>
  <testcase name="test_appendAmount_MoneyAmountStyle_JPY[25: MoneyAmountStyle[&apos;0&apos;,&apos;+&apos;,&apos;-&apos;,&apos;.&apos;,&apos;FULL,,&apos;,&apos;3&apos;,false&apos;,false], 2.34567, 2.345,67]" classname="org.joda.money.format.TestMoneyFormatterBuilder" time="0"/>
  <testcase name="test_appendAmount_MoneyAmountStyle_JPY[26: MoneyAmountStyle[&apos;0&apos;,&apos;+&apos;,&apos;-&apos;,&apos;.&apos;,&apos;FULL,,&apos;,&apos;3&apos;,false&apos;,false], 2.345678, 2.345,678]" classname="org.joda.money.format.TestMoneyFormatterBuilder" time="0"/>
  <testcase name="test_appendAmount_MoneyAmountStyle_JPY[27: MoneyAmountStyle[&apos;0&apos;,&apos;+&apos;,&apos;-&apos;,&apos;.&apos;,&apos;FULL,,&apos;,&apos;3&apos;,false&apos;,false], 2.3456789, 2.345,678,9]" classname="org.joda.money.format.TestMoneyFormatterBuilder" time="0"/>
  <testcase name="test_appendAmount_MoneyAmountStyle_JPY[28: MoneyAmountStyle[&apos;0&apos;,&apos;+&apos;,&apos;-&apos;,&apos;.&apos;,&apos;FULL, &apos;,&apos;3&apos;,false&apos;,false], 2, 2]" classname="org.joda.money.format.TestMoneyFormatterBuilder" time="0"/>
  <testcase name="test_appendAmount_MoneyAmountStyle_JPY[29: MoneyAmountStyle[&apos;0&apos;,&apos;+&apos;,&apos;-&apos;,&apos;.&apos;,&apos;FULL, &apos;,&apos;3&apos;,false&apos;,false], 2123456, 2 123 456]" classname="org.joda.money.format.TestMoneyFormatterBuilder" time="0"/>
  <testcase name="test_appendAmount_MoneyAmountStyle_JPY[30: MoneyAmountStyle[&apos;0&apos;,&apos;+&apos;,&apos;-&apos;,&apos;.&apos;,&apos;FULL, &apos;,&apos;3&apos;,false&apos;,false], 2.34, 2.34]" classname="org.joda.money.format.TestMoneyFormatterBuilder" time="0"/>
  <testcase name="test_appendAmount_MoneyAmountStyle_JPY[31: MoneyAmountStyle[&apos;0&apos;,&apos;+&apos;,&apos;-&apos;,&apos;.&apos;,&apos;FULL, &apos;,&apos;3&apos;,false&apos;,false], 23.34, 23.34]" classname="org.joda.money.format.TestMoneyFormatterBuilder" time="0"/>
  <testcase name="test_appendAmount_MoneyAmountStyle_JPY[32: MoneyAmountStyle[&apos;0&apos;,&apos;+&apos;,&apos;-&apos;,&apos;.&apos;,&apos;FULL, &apos;,&apos;3&apos;,false&apos;,false], 234.34, 234.34]" classname="org.joda.money.format.TestMoneyFormatterBuilder" time="0"/>
  <testcase name="test_appendAmount_MoneyAmountStyle_JPY[33: MoneyAmountStyle[&apos;0&apos;,&apos;+&apos;,&apos;-&apos;,&apos;.&apos;,&apos;FULL, &apos;,&apos;3&apos;,false&apos;,false], 2345.34, 2 345.34]" classname="org.joda.money.format.TestMoneyFormatterBuilder" time="0"/>
  <testcase name="test_appendAmount_MoneyAmountStyle_JPY[34: MoneyAmountStyle[&apos;0&apos;,&apos;+&apos;,&apos;-&apos;,&apos;.&apos;,&apos;FULL, &apos;,&apos;3&apos;,false&apos;,false], 23456.34, 23 456.34]" classname="org.joda.money.format.TestMoneyFormatterBuilder" time="0"/>
  <testcase name="test_appendAmount_MoneyAmountStyle_JPY[35: MoneyAmountStyle[&apos;0&apos;,&apos;+&apos;,&apos;-&apos;,&apos;.&apos;,&apos;FULL, &apos;,&apos;3&apos;,false&apos;,false], 234567.34, 234 567.34]" classname="org.joda.money.format.TestMoneyFormatterBuilder" time="0"/>
  <testcase name="test_appendAmount_MoneyAmountStyle_JPY[36: MoneyAmountStyle[&apos;0&apos;,&apos;+&apos;,&apos;-&apos;,&apos;.&apos;,&apos;FULL, &apos;,&apos;3&apos;,false&apos;,false], 2345678.34, 2 345 678.34]" classname="org.joda.money.format.TestMoneyFormatterBuilder" time="0"/>
  <testcase name="test_appendAmount_MoneyAmountStyle_JPY[37: MoneyAmountStyle[&apos;0&apos;,&apos;+&apos;,&apos;-&apos;,&apos;.&apos;,&apos;FULL, &apos;,&apos;3&apos;,false&apos;,false], 2.345, 2.345]" classname="org.joda.money.format.TestMoneyFormatterBuilder" time="0"/>
  <testcase name="test_appendAmount_MoneyAmountStyle_JPY[38: MoneyAmountStyle[&apos;0&apos;,&apos;+&apos;,&apos;-&apos;,&apos;.&apos;,&apos;FULL, &apos;,&apos;3&apos;,false&apos;,false], 2.3456, 2.345 6]" classname="org.joda.money.format.TestMoneyFormatterBuilder" time="0"/>
  <testcase name="test_appendAmount_MoneyAmountStyle_JPY[39: MoneyAmountStyle[&apos;0&apos;,&apos;+&apos;,&apos;-&apos;,&apos;.&apos;,&apos;FULL, &apos;,&apos;3&apos;,false&apos;,false], 2.34567, 2.345 67]" classname="org.joda.money.format.TestMoneyFormatterBuilder" time="0"/>
  <testcase name="test_appendAmount_MoneyAmountStyle_JPY[40: MoneyAmountStyle[&apos;0&apos;,&apos;+&apos;,&apos;-&apos;,&apos;.&apos;,&apos;FULL, &apos;,&apos;3&apos;,false&apos;,false], 2.345678, 2.345 678]" classname="org.joda.money.format.TestMoneyFormatterBuilder" time="0"/>
  <testcase name="test_appendAmount_MoneyAmountStyle_JPY[41: MoneyAmountStyle[&apos;0&apos;,&apos;+&apos;,&apos;-&apos;,&apos;.&apos;,&apos;FULL, &apos;,&apos;3&apos;,false&apos;,false], 2.3456789, 2.345 678 9]" classname="org.joda.money.format.TestMoneyFormatterBuilder" time="0"/>
  <testcase name="test_appendAmount_MoneyAmountStyle_JPY[42: MoneyAmountStyle[&apos;0&apos;,&apos;+&apos;,&apos;-&apos;,&apos;.&apos;,&apos;BEFORE_DECIMAL_POINT,,&apos;,&apos;3&apos;,false&apos;,false], 2, 2]" classname="org.joda.money.format.TestMoneyFormatterBuilder" time="0"/>
  <testcase name="test_appendAmount_MoneyAmountStyle_JPY[43: MoneyAmountStyle[&apos;0&apos;,&apos;+&apos;,&apos;-&apos;,&apos;.&apos;,&apos;BEFORE_DECIMAL_POINT,,&apos;,&apos;3&apos;,false&apos;,false], 2123456, 2,123,456]" classname="org.joda.money.format.TestMoneyFormatterBuilder" time="0"/>
  <testcase name="test_appendAmount_MoneyAmountStyle_JPY[44: MoneyAmountStyle[&apos;0&apos;,&apos;+&apos;,&apos;-&apos;,&apos;.&apos;,&apos;BEFORE_DECIMAL_POINT,,&apos;,&apos;3&apos;,false&apos;,false], 2.34, 2.34]" classname="org.joda.money.format.TestMoneyFormatterBuilder" time="0"/>
  <testcase name="test_appendAmount_MoneyAmountStyle_JPY[45: MoneyAmountStyle[&apos;0&apos;,&apos;+&apos;,&apos;-&apos;,&apos;.&apos;,&apos;BEFORE_DECIMAL_POINT,,&apos;,&apos;3&apos;,false&apos;,false], 23.34, 23.34]" classname="org.joda.money.format.TestMoneyFormatterBuilder" time="0"/>
  <testcase name="test_appendAmount_MoneyAmountStyle_JPY[46: MoneyAmountStyle[&apos;0&apos;,&apos;+&apos;,&apos;-&apos;,&apos;.&apos;,&apos;BEFORE_DECIMAL_POINT,,&apos;,&apos;3&apos;,false&apos;,false], 234.34, 234.34]" classname="org.joda.money.format.TestMoneyFormatterBuilder" time="0"/>
  <testcase name="test_appendAmount_MoneyAmountStyle_JPY[47: MoneyAmountStyle[&apos;0&apos;,&apos;+&apos;,&apos;-&apos;,&apos;.&apos;,&apos;BEFORE_DECIMAL_POINT,,&apos;,&apos;3&apos;,false&apos;,false], 2345.34, 2,345.34]" classname="org.joda.money.format.TestMoneyFormatterBuilder" time="0"/>
  <testcase name="test_appendAmount_MoneyAmountStyle_JPY[48: MoneyAmountStyle[&apos;0&apos;,&apos;+&apos;,&apos;-&apos;,&apos;.&apos;,&apos;BEFORE_DECIMAL_POINT,,&apos;,&apos;3&apos;,false&apos;,false], 23456.34, 23,456.34]" classname="org.joda.money.format.TestMoneyFormatterBuilder" time="0"/>
  <testcase name="test_appendAmount_MoneyAmountStyle_JPY[49: MoneyAmountStyle[&apos;0&apos;,&apos;+&apos;,&apos;-&apos;,&apos;.&apos;,&apos;BEFORE_DECIMAL_POINT,,&apos;,&apos;3&apos;,false&apos;,false], 234567.34, 234,567.34]" classname="org.joda.money.format.TestMoneyFormatterBuilder" time="0"/>
  <testcase name="test_appendAmount_MoneyAmountStyle_JPY[50: MoneyAmountStyle[&apos;0&apos;,&apos;+&apos;,&apos;-&apos;,&apos;.&apos;,&apos;BEFORE_DECIMAL_POINT,,&apos;,&apos;3&apos;,false&apos;,false], 2345678.34, 2,345,678.34]" classname="org.joda.money.format.TestMoneyFormatterBuilder" time="0"/>
  <testcase name="test_appendAmount_MoneyAmountStyle_JPY[51: MoneyAmountStyle[&apos;0&apos;,&apos;+&apos;,&apos;-&apos;,&apos;.&apos;,&apos;BEFORE_DECIMAL_POINT,,&apos;,&apos;3&apos;,false&apos;,false], 2.345, 2.345]" classname="org.joda.money.format.TestMoneyFormatterBuilder" time="0"/>
  <testcase name="test_appendAmount_MoneyAmountStyle_JPY[52: MoneyAmountStyle[&apos;0&apos;,&apos;+&apos;,&apos;-&apos;,&apos;.&apos;,&apos;BEFORE_DECIMAL_POINT,,&apos;,&apos;3&apos;,false&apos;,false], 2.3456, 2.3456]" classname="org.joda.money.format.TestMoneyFormatterBuilder" time="0"/>
  <testcase name="test_appendAmount_MoneyAmountStyle_JPY[53: MoneyAmountStyle[&apos;0&apos;,&apos;+&apos;,&apos;-&apos;,&apos;.&apos;,&apos;BEFORE_DECIMAL_POINT,,&apos;,&apos;3&apos;,false&apos;,false], 2.34567, 2.34567]" classname="org.joda.money.format.TestMoneyFormatterBuilder" time="0"/>
  <testcase name="test_appendAmount_MoneyAmountStyle_JPY[54: MoneyAmountStyle[&apos;0&apos;,&apos;+&apos;,&apos;-&apos;,&apos;.&apos;,&apos;BEFORE_DECIMAL_POINT,,&apos;,&apos;3&apos;,false&apos;,false], 2.345678, 2.345678]" classname="org.joda.money.format.TestMoneyFormatterBuilder" time="0"/>
  <testcase name="test_appendAmount_MoneyAmountStyle_JPY[55: MoneyAmountStyle[&apos;0&apos;,&apos;+&apos;,&apos;-&apos;,&apos;.&apos;,&apos;BEFORE_DECIMAL_POINT,,&apos;,&apos;3&apos;,false&apos;,false], 2.3456789, 2.3456789]" classname="org.joda.money.format.TestMoneyFormatterBuilder" time="0"/>
  <testcase name="test_appendAmount_MoneyAmountStyle_JPY[56: MoneyAmountStyle[&apos;0&apos;,&apos;+&apos;,&apos;-&apos;,&apos;.&apos;,&apos;FULL,,&apos;,&apos;3&apos;,true&apos;,false], 2, 2.]" classname="org.joda.money.format.TestMoneyFormatterBuilder" time="0"/>
  <testcase name="test_appendAmount_MoneyAmountStyle_JPY[57: MoneyAmountStyle[&apos;0&apos;,&apos;+&apos;,&apos;-&apos;,&apos;.&apos;,&apos;FULL,,&apos;,&apos;3&apos;,true&apos;,false], 2123456, 2,123,456.]" classname="org.joda.money.format.TestMoneyFormatterBuilder" time="0"/>
  <testcase name="test_appendAmount_MoneyAmountStyle_JPY[58: MoneyAmountStyle[&apos;0&apos;,&apos;+&apos;,&apos;-&apos;,&apos;.&apos;,&apos;FULL,,&apos;,&apos;3&apos;,true&apos;,false], 2.34, 2.34]" classname="org.joda.money.format.TestMoneyFormatterBuilder" time="0"/>
  <testcase name="test_appendAmount_MoneyAmountStyle_JPY[59: MoneyAmountStyle[&apos;0&apos;,&apos;+&apos;,&apos;-&apos;,&apos;.&apos;,&apos;FULL,,&apos;,&apos;3&apos;,true&apos;,false], 23.34, 23.34]" classname="org.joda.money.format.TestMoneyFormatterBuilder" time="0"/>
  <testcase name="test_appendAmount_MoneyAmountStyle_JPY[60: MoneyAmountStyle[&apos;0&apos;,&apos;+&apos;,&apos;-&apos;,&apos;.&apos;,&apos;FULL,,&apos;,&apos;3&apos;,true&apos;,false], 234.34, 234.34]" classname="org.joda.money.format.TestMoneyFormatterBuilder" time="0"/>
  <testcase name="test_appendAmount_MoneyAmountStyle_JPY[61: MoneyAmountStyle[&apos;0&apos;,&apos;+&apos;,&apos;-&apos;,&apos;.&apos;,&apos;FULL,,&apos;,&apos;3&apos;,true&apos;,false], 2345.34, 2,345.34]" classname="org.joda.money.format.TestMoneyFormatterBuilder" time="0"/>
  <testcase name="test_appendAmount_MoneyAmountStyle_JPY[62: MoneyAmountStyle[&apos;0&apos;,&apos;+&apos;,&apos;-&apos;,&apos;.&apos;,&apos;FULL,,&apos;,&apos;3&apos;,true&apos;,false], 23456.34, 23,456.34]" classname="org.joda.money.format.TestMoneyFormatterBuilder" time="0"/>
  <testcase name="test_appendAmount_MoneyAmountStyle_JPY[63: MoneyAmountStyle[&apos;0&apos;,&apos;+&apos;,&apos;-&apos;,&apos;.&apos;,&apos;FULL,,&apos;,&apos;3&apos;,true&apos;,false], 234567.34, 234,567.34]" classname="org.joda.money.format.TestMoneyFormatterBuilder" time="0"/>
  <testcase name="test_appendAmount_MoneyAmountStyle_JPY[64: MoneyAmountStyle[&apos;0&apos;,&apos;+&apos;,&apos;-&apos;,&apos;.&apos;,&apos;FULL,,&apos;,&apos;3&apos;,true&apos;,false], 2345678.34, 2,345,678.34]" classname="org.joda.money.format.TestMoneyFormatterBuilder" time="0"/>
  <testcase name="test_appendAmount_MoneyAmountStyle_JPY[65: MoneyAmountStyle[&apos;0&apos;,&apos;+&apos;,&apos;-&apos;,&apos;.&apos;,&apos;FULL,,&apos;,&apos;3&apos;,true&apos;,false], 2.345, 2.345]" classname="org.joda.money.format.TestMoneyFormatterBuilder" time="0"/>
  <testcase name="test_appendAmount_MoneyAmountStyle_JPY[66: MoneyAmountStyle[&apos;0&apos;,&apos;+&apos;,&apos;-&apos;,&apos;.&apos;,&apos;FULL,,&apos;,&apos;3&apos;,true&apos;,false], 2.3456, 2.345,6]" classname="org.joda.money.format.TestMoneyFormatterBuilder" time="0"/>
  <testcase name="test_appendAmount_MoneyAmountStyle_JPY[67: MoneyAmountStyle[&apos;0&apos;,&apos;+&apos;,&apos;-&apos;,&apos;.&apos;,&apos;FULL,,&apos;,&apos;3&apos;,true&apos;,false], 2.34567, 2.345,67]" classname="org.joda.money.format.TestMoneyFormatterBuilder" time="0"/>
  <testcase name="test_appendAmount_MoneyAmountStyle_JPY[68: MoneyAmountStyle[&apos;0&apos;,&apos;+&apos;,&apos;-&apos;,&apos;.&apos;,&apos;FULL,,&apos;,&apos;3&apos;,true&apos;,false], 2.345678, 2.345,678]" classname="org.joda.money.format.TestMoneyFormatterBuilder" time="0"/>
  <testcase name="test_appendAmount_MoneyAmountStyle_JPY[69: MoneyAmountStyle[&apos;0&apos;,&apos;+&apos;,&apos;-&apos;,&apos;.&apos;,&apos;FULL,,&apos;,&apos;3&apos;,true&apos;,false], 2.3456789, 2.345,678,9]" classname="org.joda.money.format.TestMoneyFormatterBuilder" time="0"/>
  <testcase name="test_appendAmount_MoneyAmountStyle_JPY[70: MoneyAmountStyle[&apos;0&apos;,&apos;+&apos;,&apos;-&apos;,&apos;.&apos;,&apos;FULL,,&apos;,&apos;3&apos;,false&apos;,true], 2, 2]" classname="org.joda.money.format.TestMoneyFormatterBuilder" time="0"/>
  <testcase name="test_appendAmount_MoneyAmountStyle_JPY[71: MoneyAmountStyle[&apos;0&apos;,&apos;+&apos;,&apos;-&apos;,&apos;.&apos;,&apos;FULL,,&apos;,&apos;3&apos;,false&apos;,true], -2, 2]" classname="org.joda.money.format.TestMoneyFormatterBuilder" time="0.001"/>
  <testcase name="test_appendAmount_MoneyAmountStyle_JPY[72: MoneyAmountStyle[&apos;0&apos;,&apos;+&apos;,&apos;-&apos;,&apos;.&apos;,&apos;FULL,,&apos;,&apos;3&apos;,false&apos;,true], 2123456, 2,123,456]" classname="org.joda.money.format.TestMoneyFormatterBuilder" time="0"/>
  <testcase name="test_appendAmount_MoneyAmountStyle_JPY[73: MoneyAmountStyle[&apos;0&apos;,&apos;+&apos;,&apos;-&apos;,&apos;.&apos;,&apos;FULL,,&apos;,&apos;3&apos;,false&apos;,true], -2123456, 2,123,456]" classname="org.joda.money.format.TestMoneyFormatterBuilder" time="0"/>
  <testcase name="test_appendAmount_MoneyAmountStyle_JPY[74: MoneyAmountStyle[&apos;0&apos;,&apos;+&apos;,&apos;-&apos;,&apos;.&apos;,&apos;FULL,,&apos;,&apos;3&apos;,false&apos;,true], -2.34, 2.34]" classname="org.joda.money.format.TestMoneyFormatterBuilder" time="0"/>
  <testcase name="test_appendAmount_MoneyAmountStyle_JPY[75: MoneyAmountStyle[&apos;0&apos;,&apos;+&apos;,&apos;-&apos;,&apos;.&apos;,&apos;FULL,,&apos;,&apos;3&apos;,false&apos;,true], -23.34, 23.34]" classname="org.joda.money.format.TestMoneyFormatterBuilder" time="0"/>
  <testcase name="test_appendAmount_MoneyAmountStyle_JPY[76: MoneyAmountStyle[&apos;0&apos;,&apos;+&apos;,&apos;-&apos;,&apos;.&apos;,&apos;FULL,,&apos;,&apos;3&apos;,false&apos;,true], -234.34, 234.34]" classname="org.joda.money.format.TestMoneyFormatterBuilder" time="0"/>
  <testcase name="test_appendAmount_MoneyAmountStyle_JPY[77: MoneyAmountStyle[&apos;0&apos;,&apos;+&apos;,&apos;-&apos;,&apos;.&apos;,&apos;FULL,,&apos;,&apos;3&apos;,false&apos;,true], -2345.34, 2,345.34]" classname="org.joda.money.format.TestMoneyFormatterBuilder" time="0"/>
  <testcase name="test_appendAmount_MoneyAmountStyle_JPY[78: MoneyAmountStyle[&apos;0&apos;,&apos;+&apos;,&apos;-&apos;,&apos;.&apos;,&apos;FULL,,&apos;,&apos;3&apos;,false&apos;,true], -23456.34, 23,456.34]" classname="org.joda.money.format.TestMoneyFormatterBuilder" time="0"/>
  <testcase name="test_appendAmount_MoneyAmountStyle_JPY[79: MoneyAmountStyle[&apos;0&apos;,&apos;+&apos;,&apos;-&apos;,&apos;.&apos;,&apos;FULL,,&apos;,&apos;3&apos;,false&apos;,true], -234567.34, 234,567.34]" classname="org.joda.money.format.TestMoneyFormatterBuilder" time="0"/>
  <testcase name="test_appendAmount_MoneyAmountStyle_JPY[80: MoneyAmountStyle[&apos;0&apos;,&apos;+&apos;,&apos;-&apos;,&apos;.&apos;,&apos;FULL,,&apos;,&apos;3&apos;,false&apos;,true], -2345678.34, 2,345,678.34]" classname="org.joda.money.format.TestMoneyFormatterBuilder" time="0"/>
  <testcase name="test_appendAmount_MoneyAmountStyle_JPY[81: MoneyAmountStyle[&apos;0&apos;,&apos;+&apos;,&apos;-&apos;,&apos;.&apos;,&apos;FULL,,&apos;,&apos;3&apos;,false&apos;,true], -2.345, 2.345]" classname="org.joda.money.format.TestMoneyFormatterBuilder" time="0"/>
  <testcase name="test_appendAmount_MoneyAmountStyle_JPY[82: MoneyAmountStyle[&apos;0&apos;,&apos;+&apos;,&apos;-&apos;,&apos;.&apos;,&apos;FULL,,&apos;,&apos;3&apos;,false&apos;,true], -2.3456, 2.345,6]" classname="org.joda.money.format.TestMoneyFormatterBuilder" time="0"/>
  <testcase name="test_appendAmount_MoneyAmountStyle_JPY[83: MoneyAmountStyle[&apos;0&apos;,&apos;+&apos;,&apos;-&apos;,&apos;.&apos;,&apos;FULL,,&apos;,&apos;3&apos;,false&apos;,true], -2.34567, 2.345,67]" classname="org.joda.money.format.TestMoneyFormatterBuilder" time="0"/>
  <testcase name="test_appendAmount_MoneyAmountStyle_JPY[84: MoneyAmountStyle[&apos;0&apos;,&apos;+&apos;,&apos;-&apos;,&apos;.&apos;,&apos;FULL,,&apos;,&apos;3&apos;,false&apos;,true], -2.345678, 2.345,678]" classname="org.joda.money.format.TestMoneyFormatterBuilder" time="0"/>
  <testcase name="test_appendAmount_MoneyAmountStyle_JPY[85: MoneyAmountStyle[&apos;0&apos;,&apos;+&apos;,&apos;-&apos;,&apos;.&apos;,&apos;FULL,,&apos;,&apos;3&apos;,false&apos;,true], -2.3456789, 2.345,678,9]" classname="org.joda.money.format.TestMoneyFormatterBuilder" time="0"/>
  <testcase name="test_appendAmount_MoneyAmountStyle_JPY[86: MoneyAmountStyle[&apos;0&apos;,&apos;+&apos;,&apos;-&apos;,&apos;.&apos;,&apos;FULL,-&apos;,&apos;1&apos;,false&apos;,false], 2, 2]" classname="org.joda.money.format.TestMoneyFormatterBuilder" time="0"/>
  <testcase name="test_appendAmount_MoneyAmountStyle_JPY[87: MoneyAmountStyle[&apos;0&apos;,&apos;+&apos;,&apos;-&apos;,&apos;.&apos;,&apos;FULL,-&apos;,&apos;1&apos;,false&apos;,false], 2123456, 2-1-2-3-4-5-6]" classname="org.joda.money.format.TestMoneyFormatterBuilder" time="0"/>
  <testcase name="test_appendAmount_MoneyAmountStyle_JPY[88: MoneyAmountStyle[&apos;0&apos;,&apos;+&apos;,&apos;-&apos;,&apos;.&apos;,&apos;FULL,-&apos;,&apos;1&apos;,false&apos;,false], 2.34, 2.3-4]" classname="org.joda.money.format.TestMoneyFormatterBuilder" time="0"/>
  <testcase name="test_appendAmount_MoneyAmountStyle_JPY[89: MoneyAmountStyle[&apos;0&apos;,&apos;+&apos;,&apos;-&apos;,&apos;.&apos;,&apos;FULL,-&apos;,&apos;1&apos;,false&apos;,false], 23.34, 2-3.3-4]" classname="org.joda.money.format.TestMoneyFormatterBuilder" time="0"/>
  <testcase name="test_appendAmount_MoneyAmountStyle_JPY[90: MoneyAmountStyle[&apos;0&apos;,&apos;+&apos;,&apos;-&apos;,&apos;.&apos;,&apos;FULL,-&apos;,&apos;1&apos;,false&apos;,false], 234.34, 2-3-4.3-4]" classname="org.joda.money.format.TestMoneyFormatterBuilder" time="0"/>
  <testcase name="test_appendAmount_MoneyAmountStyle_JPY[91: MoneyAmountStyle[&apos;0&apos;,&apos;+&apos;,&apos;-&apos;,&apos;.&apos;,&apos;FULL,-&apos;,&apos;1&apos;,false&apos;,false], 2345.34, 2-3-4-5.3-4]" classname="org.joda.money.format.TestMoneyFormatterBuilder" time="0"/>
  <testcase name="test_appendAmount_MoneyAmountStyle_JPY[92: MoneyAmountStyle[&apos;0&apos;,&apos;+&apos;,&apos;-&apos;,&apos;.&apos;,&apos;FULL,-&apos;,&apos;1&apos;,false&apos;,false], 23456.34, 2-3-4-5-6.3-4]" classname="org.joda.money.format.TestMoneyFormatterBuilder" time="0"/>
  <testcase name="test_appendAmount_MoneyAmountStyle_JPY[93: MoneyAmountStyle[&apos;0&apos;,&apos;+&apos;,&apos;-&apos;,&apos;.&apos;,&apos;FULL,-&apos;,&apos;1&apos;,false&apos;,false], 234567.34, 2-3-4-5-6-7.3-4]" classname="org.joda.money.format.TestMoneyFormatterBuilder" time="0"/>
  <testcase name="test_appendAmount_MoneyAmountStyle_JPY[94: MoneyAmountStyle[&apos;0&apos;,&apos;+&apos;,&apos;-&apos;,&apos;.&apos;,&apos;FULL,-&apos;,&apos;1&apos;,false&apos;,false], 2345678.34, 2-3-4-5-6-7-8.3-4]" classname="org.joda.money.format.TestMoneyFormatterBuilder" time="0"/>
  <testcase name="test_appendAmount_MoneyAmountStyle_JPY[95: MoneyAmountStyle[&apos;0&apos;,&apos;+&apos;,&apos;-&apos;,&apos;.&apos;,&apos;FULL,-&apos;,&apos;1&apos;,false&apos;,false], 2.345, 2.3-4-5]" classname="org.joda.money.format.TestMoneyFormatterBuilder" time="0"/>
  <testcase name="test_appendAmount_MoneyAmountStyle_JPY[96: MoneyAmountStyle[&apos;0&apos;,&apos;+&apos;,&apos;-&apos;,&apos;.&apos;,&apos;FULL,-&apos;,&apos;1&apos;,false&apos;,false], 2.3456, 2.3-4-5-6]" classname="org.joda.money.format.TestMoneyFormatterBuilder" time="0"/>
  <testcase name="test_appendAmount_MoneyAmountStyle_JPY[97: MoneyAmountStyle[&apos;0&apos;,&apos;+&apos;,&apos;-&apos;,&apos;.&apos;,&apos;FULL,-&apos;,&apos;1&apos;,false&apos;,false], 2.34567, 2.3-4-5-6-7]" classname="org.joda.money.format.TestMoneyFormatterBuilder" time="0"/>
  <testcase name="test_appendAmount_MoneyAmountStyle_JPY[98: MoneyAmountStyle[&apos;0&apos;,&apos;+&apos;,&apos;-&apos;,&apos;.&apos;,&apos;FULL,-&apos;,&apos;1&apos;,false&apos;,false], 2.345678, 2.3-4-5-6-7-8]" classname="org.joda.money.format.TestMoneyFormatterBuilder" time="0"/>
  <testcase name="test_appendAmount_MoneyAmountStyle_JPY[99: MoneyAmountStyle[&apos;0&apos;,&apos;+&apos;,&apos;-&apos;,&apos;.&apos;,&apos;FULL,-&apos;,&apos;1&apos;,false&apos;,false], 2.3456789, 2.3-4-5-6-7-8-9]" classname="org.joda.money.format.TestMoneyFormatterBuilder" time="0"/>
  <testcase name="test_appendAmount_MoneyAmountStyle_JPY[100: MoneyAmountStyle[&apos;0&apos;,&apos;+&apos;,&apos;-&apos;,&apos;.&apos;,&apos;FULL,-&apos;,&apos;2&apos;,false&apos;,false], 2, 2]" classname="org.joda.money.format.TestMoneyFormatterBuilder" time="0"/>
  <testcase name="test_appendAmount_MoneyAmountStyle_JPY[101: MoneyAmountStyle[&apos;0&apos;,&apos;+&apos;,&apos;-&apos;,&apos;.&apos;,&apos;FULL,-&apos;,&apos;2&apos;,false&apos;,false], 2123456, 2-12-34-56]" classname="org.joda.money.format.TestMoneyFormatterBuilder" time="0"/>
  <testcase name="test_appendAmount_MoneyAmountStyle_JPY[102: MoneyAmountStyle[&apos;0&apos;,&apos;+&apos;,&apos;-&apos;,&apos;.&apos;,&apos;FULL,-&apos;,&apos;2&apos;,false&apos;,false], 2.34, 2.34]" classname="org.joda.money.format.TestMoneyFormatterBuilder" time="0.001"/>
  <testcase name="test_appendAmount_MoneyAmountStyle_JPY[103: MoneyAmountStyle[&apos;0&apos;,&apos;+&apos;,&apos;-&apos;,&apos;.&apos;,&apos;FULL,-&apos;,&apos;2&apos;,false&apos;,false], 23.34, 23.34]" classname="org.joda.money.format.TestMoneyFormatterBuilder" time="0"/>
  <testcase name="test_appendAmount_MoneyAmountStyle_JPY[104: MoneyAmountStyle[&apos;0&apos;,&apos;+&apos;,&apos;-&apos;,&apos;.&apos;,&apos;FULL,-&apos;,&apos;2&apos;,false&apos;,false], 234.34, 2-34.34]" classname="org.joda.money.format.TestMoneyFormatterBuilder" time="0"/>
  <testcase name="test_appendAmount_MoneyAmountStyle_JPY[105: MoneyAmountStyle[&apos;0&apos;,&apos;+&apos;,&apos;-&apos;,&apos;.&apos;,&apos;FULL,-&apos;,&apos;2&apos;,false&apos;,false], 2345.34, 23-45.34]" classname="org.joda.money.format.TestMoneyFormatterBuilder" time="0"/>
  <testcase name="test_appendAmount_MoneyAmountStyle_JPY[106: MoneyAmountStyle[&apos;0&apos;,&apos;+&apos;,&apos;-&apos;,&apos;.&apos;,&apos;FULL,-&apos;,&apos;2&apos;,false&apos;,false], 23456.34, 2-34-56.34]" classname="org.joda.money.format.TestMoneyFormatterBuilder" time="0"/>
  <testcase name="test_appendAmount_MoneyAmountStyle_JPY[107: MoneyAmountStyle[&apos;0&apos;,&apos;+&apos;,&apos;-&apos;,&apos;.&apos;,&apos;FULL,-&apos;,&apos;2&apos;,false&apos;,false], 234567.34, 23-45-67.34]" classname="org.joda.money.format.TestMoneyFormatterBuilder" time="0"/>
  <testcase name="test_appendAmount_MoneyAmountStyle_JPY[108: MoneyAmountStyle[&apos;0&apos;,&apos;+&apos;,&apos;-&apos;,&apos;.&apos;,&apos;FULL,-&apos;,&apos;2&apos;,false&apos;,false], 2345678.34, 2-34-56-78.34]" classname="org.joda.money.format.TestMoneyFormatterBuilder" time="0"/>
  <testcase name="test_appendAmount_MoneyAmountStyle_JPY[109: MoneyAmountStyle[&apos;0&apos;,&apos;+&apos;,&apos;-&apos;,&apos;.&apos;,&apos;FULL,-&apos;,&apos;2&apos;,false&apos;,false], 2.345, 2.34-5]" classname="org.joda.money.format.TestMoneyFormatterBuilder" time="0"/>
  <testcase name="test_appendAmount_MoneyAmountStyle_JPY[110: MoneyAmountStyle[&apos;0&apos;,&apos;+&apos;,&apos;-&apos;,&apos;.&apos;,&apos;FULL,-&apos;,&apos;2&apos;,false&apos;,false], 2.3456, 2.34-56]" classname="org.joda.money.format.TestMoneyFormatterBuilder" time="0"/>
  <testcase name="test_appendAmount_MoneyAmountStyle_JPY[111: MoneyAmountStyle[&apos;0&apos;,&apos;+&apos;,&apos;-&apos;,&apos;.&apos;,&apos;FULL,-&apos;,&apos;2&apos;,false&apos;,false], 2.34567, 2.34-56-7]" classname="org.joda.money.format.TestMoneyFormatterBuilder" time="0"/>
  <testcase name="test_appendAmount_MoneyAmountStyle_JPY[112: MoneyAmountStyle[&apos;0&apos;,&apos;+&apos;,&apos;-&apos;,&apos;.&apos;,&apos;FULL,-&apos;,&apos;2&apos;,false&apos;,false], 2.345678, 2.34-56-78]" classname="org.joda.money.format.TestMoneyFormatterBuilder" time="0"/>
  <testcase name="test_appendAmount_MoneyAmountStyle_JPY[113: MoneyAmountStyle[&apos;0&apos;,&apos;+&apos;,&apos;-&apos;,&apos;.&apos;,&apos;FULL,-&apos;,&apos;2&apos;,false&apos;,false], 2.3456789, 2.34-56-78-9]" classname="org.joda.money.format.TestMoneyFormatterBuilder" time="0"/>
  <testcase name="test_appendAmount_MoneyAmountStyle_JPY[114: MoneyAmountStyle[&apos;0&apos;,&apos;+&apos;,&apos;-&apos;,&apos;@&apos;,&apos;FULL,,&apos;,&apos;4&apos;,true&apos;,false], 2, 2@]" classname="org.joda.money.format.TestMoneyFormatterBuilder" time="0"/>
  <testcase name="test_appendAmount_MoneyAmountStyle_JPY[115: MoneyAmountStyle[&apos;0&apos;,&apos;+&apos;,&apos;-&apos;,&apos;@&apos;,&apos;FULL,,&apos;,&apos;4&apos;,true&apos;,false], 2123456, 212,3456@]" classname="org.joda.money.format.TestMoneyFormatterBuilder" time="0"/>
  <testcase name="test_appendAmount_MoneyAmountStyle_JPY[116: MoneyAmountStyle[&apos;0&apos;,&apos;+&apos;,&apos;-&apos;,&apos;@&apos;,&apos;FULL,,&apos;,&apos;4&apos;,true&apos;,false], 2.34, 2@34]" classname="org.joda.money.format.TestMoneyFormatterBuilder" time="0"/>
  <testcase name="test_appendAmount_MoneyAmountStyle_JPY[117: MoneyAmountStyle[&apos;0&apos;,&apos;+&apos;,&apos;-&apos;,&apos;@&apos;,&apos;FULL,,&apos;,&apos;4&apos;,true&apos;,false], 23.34, 23@34]" classname="org.joda.money.format.TestMoneyFormatterBuilder" time="0"/>
  <testcase name="test_appendAmount_MoneyAmountStyle_JPY[118: MoneyAmountStyle[&apos;0&apos;,&apos;+&apos;,&apos;-&apos;,&apos;@&apos;,&apos;FULL,,&apos;,&apos;4&apos;,true&apos;,false], 234.34, 234@34]" classname="org.joda.money.format.TestMoneyFormatterBuilder" time="0"/>
  <testcase name="test_appendAmount_MoneyAmountStyle_JPY[119: MoneyAmountStyle[&apos;0&apos;,&apos;+&apos;,&apos;-&apos;,&apos;@&apos;,&apos;FULL,,&apos;,&apos;4&apos;,true&apos;,false], 2345.34, 2345@34]" classname="org.joda.money.format.TestMoneyFormatterBuilder" time="0"/>
  <testcase name="test_appendAmount_MoneyAmountStyle_JPY[120: MoneyAmountStyle[&apos;0&apos;,&apos;+&apos;,&apos;-&apos;,&apos;@&apos;,&apos;FULL,,&apos;,&apos;4&apos;,true&apos;,false], 23456.34, 2,3456@34]" classname="org.joda.money.format.TestMoneyFormatterBuilder" time="0"/>
  <testcase name="test_appendAmount_MoneyAmountStyle_JPY[121: MoneyAmountStyle[&apos;0&apos;,&apos;+&apos;,&apos;-&apos;,&apos;@&apos;,&apos;FULL,,&apos;,&apos;4&apos;,true&apos;,false], 234567.34, 23,4567@34]" classname="org.joda.money.format.TestMoneyFormatterBuilder" time="0"/>
  <testcase name="test_appendAmount_MoneyAmountStyle_JPY[122: MoneyAmountStyle[&apos;0&apos;,&apos;+&apos;,&apos;-&apos;,&apos;@&apos;,&apos;FULL,,&apos;,&apos;4&apos;,true&apos;,false], 2345678.34, 234,5678@34]" classname="org.joda.money.format.TestMoneyFormatterBuilder" time="0"/>
  <testcase name="test_appendAmount_MoneyAmountStyle_JPY[123: MoneyAmountStyle[&apos;0&apos;,&apos;+&apos;,&apos;-&apos;,&apos;@&apos;,&apos;FULL,,&apos;,&apos;4&apos;,true&apos;,false], 2.345, 2@345]" classname="org.joda.money.format.TestMoneyFormatterBuilder" time="0"/>
  <testcase name="test_appendAmount_MoneyAmountStyle_JPY[124: MoneyAmountStyle[&apos;0&apos;,&apos;+&apos;,&apos;-&apos;,&apos;@&apos;,&apos;FULL,,&apos;,&apos;4&apos;,true&apos;,false], 2.3456, 2@3456]" classname="org.joda.money.format.TestMoneyFormatterBuilder" time="0"/>
  <testcase name="test_appendAmount_MoneyAmountStyle_JPY[125: MoneyAmountStyle[&apos;0&apos;,&apos;+&apos;,&apos;-&apos;,&apos;@&apos;,&apos;FULL,,&apos;,&apos;4&apos;,true&apos;,false], 2.34567, 2@3456,7]" classname="org.joda.money.format.TestMoneyFormatterBuilder" time="0"/>
  <testcase name="test_appendAmount_MoneyAmountStyle_JPY[126: MoneyAmountStyle[&apos;0&apos;,&apos;+&apos;,&apos;-&apos;,&apos;@&apos;,&apos;FULL,,&apos;,&apos;4&apos;,true&apos;,false], 2.345678, 2@3456,78]" classname="org.joda.money.format.TestMoneyFormatterBuilder" time="0"/>
  <testcase name="test_appendAmount_MoneyAmountStyle_JPY[127: MoneyAmountStyle[&apos;0&apos;,&apos;+&apos;,&apos;-&apos;,&apos;@&apos;,&apos;FULL,,&apos;,&apos;4&apos;,true&apos;,false], 2.3456789, 2@3456,789]" classname="org.joda.money.format.TestMoneyFormatterBuilder" time="0"/>
  <testcase name="test_appendAmount_MoneyAmountStyle_JPY[128: MoneyAmountStyle[&apos;A&apos;,&apos;+&apos;,&apos;-&apos;,&apos;.&apos;,&apos;FULL,,&apos;,&apos;3&apos;,false&apos;,false], 2, C]" classname="org.joda.money.format.TestMoneyFormatterBuilder" time="0"/>
  <testcase name="test_appendAmount_MoneyAmountStyle_JPY[129: MoneyAmountStyle[&apos;A&apos;,&apos;+&apos;,&apos;-&apos;,&apos;.&apos;,&apos;FULL,,&apos;,&apos;3&apos;,false&apos;,false], 2123456, C,BCD,EFG]" classname="org.joda.money.format.TestMoneyFormatterBuilder" time="0"/>
  <testcase name="test_appendAmount_MoneyAmountStyle_JPY[130: MoneyAmountStyle[&apos;A&apos;,&apos;+&apos;,&apos;-&apos;,&apos;.&apos;,&apos;FULL,,&apos;,&apos;3&apos;,false&apos;,false], 2.34, C.DE]" classname="org.joda.money.format.TestMoneyFormatterBuilder" time="0"/>
  <testcase name="test_appendAmount_MoneyAmountStyle_JPY[131: MoneyAmountStyle[&apos;A&apos;,&apos;+&apos;,&apos;-&apos;,&apos;.&apos;,&apos;FULL,,&apos;,&apos;3&apos;,false&apos;,false], 23.34, CD.DE]" classname="org.joda.money.format.TestMoneyFormatterBuilder" time="0"/>
  <testcase name="test_appendAmount_MoneyAmountStyle_JPY[132: MoneyAmountStyle[&apos;A&apos;,&apos;+&apos;,&apos;-&apos;,&apos;.&apos;,&apos;FULL,,&apos;,&apos;3&apos;,false&apos;,false], 234.34, CDE.DE]" classname="org.joda.money.format.TestMoneyFormatterBuilder" time="0"/>
  <testcase name="test_appendAmount_MoneyAmountStyle_JPY[133: MoneyAmountStyle[&apos;A&apos;,&apos;+&apos;,&apos;-&apos;,&apos;.&apos;,&apos;FULL,,&apos;,&apos;3&apos;,false&apos;,false], 2345.34, C,DEF.DE]" classname="org.joda.money.format.TestMoneyFormatterBuilder" time="0"/>
  <testcase name="test_appendAmount_MoneyAmountStyle_JPY[134: MoneyAmountStyle[&apos;A&apos;,&apos;+&apos;,&apos;-&apos;,&apos;.&apos;,&apos;FULL,,&apos;,&apos;3&apos;,false&apos;,false], 23456.34, CD,EFG.DE]" classname="org.joda.money.format.TestMoneyFormatterBuilder" time="0"/>
  <testcase name="test_appendAmount_MoneyAmountStyle_JPY[135: MoneyAmountStyle[&apos;A&apos;,&apos;+&apos;,&apos;-&apos;,&apos;.&apos;,&apos;FULL,,&apos;,&apos;3&apos;,false&apos;,false], 234567.34, CDE,FGH.DE]" classname="org.joda.money.format.TestMoneyFormatterBuilder" time="0"/>
  <testcase name="test_appendAmount_MoneyAmountStyle_JPY[136: MoneyAmountStyle[&apos;A&apos;,&apos;+&apos;,&apos;-&apos;,&apos;.&apos;,&apos;FULL,,&apos;,&apos;3&apos;,false&apos;,false], 2345678.34, C,DEF,GHI.DE]" classname="org.joda.money.format.TestMoneyFormatterBuilder" time="0"/>
  <testcase name="test_appendAmount_MoneyAmountStyle_JPY[137: MoneyAmountStyle[&apos;A&apos;,&apos;+&apos;,&apos;-&apos;,&apos;.&apos;,&apos;FULL,,&apos;,&apos;3&apos;,false&apos;,false], 2.345, C.DEF]" classname="org.joda.money.format.TestMoneyFormatterBuilder" time="0"/>
  <testcase name="test_appendAmount_MoneyAmountStyle_JPY[138: MoneyAmountStyle[&apos;A&apos;,&apos;+&apos;,&apos;-&apos;,&apos;.&apos;,&apos;FULL,,&apos;,&apos;3&apos;,false&apos;,false], 2.3456, C.DEF,G]" classname="org.joda.money.format.TestMoneyFormatterBuilder" time="0"/>
  <testcase name="test_appendAmount_MoneyAmountStyle_JPY[139: MoneyAmountStyle[&apos;A&apos;,&apos;+&apos;,&apos;-&apos;,&apos;.&apos;,&apos;FULL,,&apos;,&apos;3&apos;,false&apos;,false], 2.34567, C.DEF,GH]" classname="org.joda.money.format.TestMoneyFormatterBuilder" time="0"/>
  <testcase name="test_appendAmount_MoneyAmountStyle_JPY[140: MoneyAmountStyle[&apos;A&apos;,&apos;+&apos;,&apos;-&apos;,&apos;.&apos;,&apos;FULL,,&apos;,&apos;3&apos;,false&apos;,false], 2.345678, C.DEF,GHI]" classname="org.joda.money.format.TestMoneyFormatterBuilder" time="0"/>
  <testcase name="test_appendAmount_MoneyAmountStyle_JPY[141: MoneyAmountStyle[&apos;A&apos;,&apos;+&apos;,&apos;-&apos;,&apos;.&apos;,&apos;FULL,,&apos;,&apos;3&apos;,false&apos;,false], 2.3456789, C.DEF,GHI,J]" classname="org.joda.money.format.TestMoneyFormatterBuilder" time="0"/>
  <testcase name="test_toFormatter_Locale" classname="org.joda.money.format.TestMoneyFormatterBuilder" time="0"/>
  <testcase name="test_append_MoneyPrinter_nullMoneyPrinter_nullMoneyParser" classname="org.joda.money.format.TestMoneyFormatterBuilder" time="0"/>
  <testcase name="test_append_MoneyPrinterMoneyParser_printer" classname="org.joda.money.format.TestMoneyFormatterBuilder" time="0.001"/>
  <testcase name="test_appendCurrencySymbolLocalized_parse" classname="org.joda.money.format.TestMoneyFormatterBuilder" time="0"/>
  <testcase name="test_appendCurrencySymbolLocalized_print" classname="org.joda.money.format.TestMoneyFormatterBuilder" time="0"/>
  <testcase name="test_empty" classname="org.joda.money.format.TestMoneyFormatterBuilder" time="0"/>
</testsuite>