<?xml version="1.0" encoding="UTF-8"?>
<testsuite xmlns:xsi="http://www.w3.org/2001/XMLSchema-instance" xsi:schemaLocation="https://maven.apache.org/surefire/maven-surefire-plugin/xsd/surefire-test-report.xsd" name="org.joda.money.TestCurrencyUnit" time="0.084" tests="87" errors="0" skipped="0" failures="0">
  <properties>
    <property name="java.runtime.name" value="OpenJDK Runtime Environment"/>
    <property name="sun.boot.library.path" value="/usr/local/openjdk-8/jre/lib/amd64"/>
    <property name="java.vm.version" value="25.262-b10"/>
    <property name="animal.sniffer.skip" value="true"/>
    <property name="java.vm.vendor" value="Oracle Corporation"/>
    <property name="maven.multiModuleProjectDirectory" value="/tmp/tmp70aw9bq6/joda-money"/>
    <property name="maven.javadoc.skip" value="true"/>
    <property name="java.vendor.url" value="http://java.oracle.com/"/>
    <property name="path.separator" value=":"/>
    <property name="guice.disable.misplaced.annotation.check" value="true"/>
    <property name="java.vm.name" value="OpenJDK 64-Bit Server VM"/>
    <property name="file.encoding.pkg" value="sun.io"/>
    <property name="sun.java.launcher" value="SUN_STANDARD"/>
    <property name="sun.os.patch.level" value="unknown"/>
    <property name="source.skip" value="true"/>
    <property name="java.vm.specification.name" value="Java Virtual Machine Specification"/>
    <property name="user.dir" value="/tmp/tmp70aw9bq6/joda-money"/>
    <property name="java.runtime.version" value="1.8.0_262-b10"/>
    <property name="java.awt.graphicsenv" value="sun.awt.X11GraphicsEnvironment"/>
    <property name="java.endorsed.dirs" value="/usr/local/openjdk-8/jre/lib/endorsed"/>
    <property name="os.arch" value="amd64"/>
    <property name="java.io.tmpdir" value="/tmp"/>
    <property name="line.separator" value="&#10;"/>
    <property name="java.vm.specification.vendor" value="Oracle Corporation"/>
    <property name="os.name" value="Linux"/>
    <property name="classworlds.conf" value="/usr/share/maven/bin/m2.conf"/>
    <property name="sun.jnu.encoding" value="UTF-8"/>
    <property name="java.library.path" value="/usr/java/packages/lib/amd64:/usr/lib64:/lib64:/lib:/usr/lib"/>
    <property name="license.skip" value="true"/>
    <property name="maven.conf" value="/usr/share/maven/conf"/>
    <property name="java.specification.name" value="Java Platform API Specification"/>
    <property name="java.class.version" value="52.0"/>
    <property name="sun.management.compiler" value="HotSpot 64-Bit Tiered Compilers"/>
    <property name="maven.test.failure.ignore" value="true"/>
    <property name="os.version" value="4.15.0-109-generic"/>
    <property name="library.jansi.path" value="/usr/share/maven/lib/jansi-native"/>
    <property name="user.home" value="/home/jdbl"/>
    <property name="user.timezone" value="Etc/UTC"/>
    <property name="java.awt.printerjob" value="sun.print.PSPrinterJob"/>
    <property name="java.specification.version" value="1.8"/>
    <property name="file.encoding" value="UTF-8"/>
    <property name="user.name" value="jdbl"/>
    <property name="java.class.path" value="/usr/share/maven/boot/plexus-classworlds-2.6.0.jar"/>
    <property name="java.vm.specification.version" value="1.8"/>
    <property name="sun.arch.data.model" value="64"/>
    <property name="java.home" value="/usr/local/openjdk-8/jre"/>
    <property name="sun.java.command" value="org.codehaus.plexus.classworlds.launcher.Launcher test -e --fail-never -ntp -Dmaven.test.failure.ignore=true -B -Dmaven.javadoc.skip=true -Drat.skip=true -Danimal.sniffer.skip=true -Dmaven.javadoc.skip=true -Dlicense.skip=true -Dsource.skip=true"/>
    <property name="java.specification.vendor" value="Oracle Corporation"/>
    <property name="user.language" value="en"/>
    <property name="awt.toolkit" value="sun.awt.X11.XToolkit"/>
    <property name="java.vm.info" value="mixed mode"/>
    <property name="java.version" value="1.8.0_262"/>
    <property name="java.ext.dirs" value="/usr/local/openjdk-8/jre/lib/ext:/usr/java/packages/lib/ext"/>
    <property name="securerandom.source" value="file:/dev/./urandom"/>
    <property name="sun.boot.class.path" value="/usr/local/openjdk-8/jre/lib/resources.jar:/usr/local/openjdk-8/jre/lib/rt.jar:/usr/local/openjdk-8/jre/lib/sunrsasign.jar:/usr/local/openjdk-8/jre/lib/jsse.jar:/usr/local/openjdk-8/jre/lib/jce.jar:/usr/local/openjdk-8/jre/lib/charsets.jar:/usr/local/openjdk-8/jre/lib/jfr.jar:/usr/local/openjdk-8/jre/classes"/>
    <property name="java.vendor" value="Oracle Corporation"/>
    <property name="rat.skip" value="true"/>
    <property name="maven.home" value="/usr/share/maven"/>
    <property name="file.separator" value="/"/>
    <property name="java.vendor.url.bug" value="http://bugreport.sun.com/bugreport/"/>
    <property name="sun.cpu.endian" value="little"/>
    <property name="sun.io.unicode.encoding" value="UnicodeLittle"/>
    <property name="sun.cpu.isalist" value=""/>
  </properties>
  <testcase name="test_registeredCurrency_invalidStringCode_2letters" classname="org.joda.money.TestCurrencyUnit" time="0"/>
  <testcase name="test_registeredCurrencies" classname="org.joda.money.TestCurrencyUnit" time="0"/>
  <testcase name="test_factory_ofNumericCode_String_unknownCurrency" classname="org.joda.money.TestCurrencyUnit" time="0"/>
  <testcase name="test_factory_of_String" classname="org.joda.money.TestCurrencyUnit" time="0.001"/>
  <testcase name="test_factory_of_Currency" classname="org.joda.money.TestCurrencyUnit" time="0"/>
  <testcase name="test_equals_false" classname="org.joda.money.TestCurrencyUnit" time="0"/>
  <testcase name="test_getNumericCode_GBP" classname="org.joda.money.TestCurrencyUnit" time="0"/>
  <testcase name="test_getSymbol_Locale_GBP_France" classname="org.joda.money.TestCurrencyUnit" time="0.005"/>
  <testcase name="test_factory_ofNumericCode_String" classname="org.joda.money.TestCurrencyUnit" time="0"/>
  <testcase name="test_serialization_invalidNumericCode" classname="org.joda.money.TestCurrencyUnit" time="0.056"/>
  <testcase name="test_registeredCurrency_invalidDP_big" classname="org.joda.money.TestCurrencyUnit" time="0"/>
  <testcase name="test_factory_of_String_tooShort_unknown" classname="org.joda.money.TestCurrencyUnit" time="0"/>
  <testcase name="test_compareTo" classname="org.joda.money.TestCurrencyUnit" time="0.001"/>
  <testcase name="test_factory_ofNumericCode_int" classname="org.joda.money.TestCurrencyUnit" time="0"/>
  <testcase name="test_factory_ofNumericCode_int_negative" classname="org.joda.money.TestCurrencyUnit" time="0"/>
  <testcase name="test_registeredCurrency_alreadyRegisteredCountry" classname="org.joda.money.TestCurrencyUnit" time="0"/>
  <testcase name="test_factory_ofCountry_String_unknownCurrency" classname="org.joda.money.TestCurrencyUnit" time="0"/>
  <testcase name="test_getSymbol_GBP" classname="org.joda.money.TestCurrencyUnit" time="0"/>
  <testcase name="test_getSymbol_JPY" classname="org.joda.money.TestCurrencyUnit" time="0"/>
  <testcase name="test_getSymbol_TMT" classname="org.joda.money.TestCurrencyUnit" time="0"/>
  <testcase name="test_getSymbol_XXX" classname="org.joda.money.TestCurrencyUnit" time="0"/>
  <testcase name="test_registeredCurrency_invalidDP_small" classname="org.joda.money.TestCurrencyUnit" time="0"/>
  <testcase name="test_getNumeric3Code_ALL" classname="org.joda.money.TestCurrencyUnit" time="0"/>
  <testcase name="test_getNumeric3Code_AMD" classname="org.joda.money.TestCurrencyUnit" time="0"/>
  <testcase name="test_getNumeric3Code_GBP" classname="org.joda.money.TestCurrencyUnit" time="0"/>
  <testcase name="test_getNumeric3Code_XFU" classname="org.joda.money.TestCurrencyUnit" time="0"/>
  <testcase name="test_factory_ofNumericCode_String_nullString" classname="org.joda.money.TestCurrencyUnit" time="0"/>
  <testcase name="test_factory_ofCountry_String_nullString" classname="org.joda.money.TestCurrencyUnit" time="0"/>
  <testcase name="test_registeredCurrency_invalidNumericCode_small" classname="org.joda.money.TestCurrencyUnit" time="0"/>
  <testcase name="test_factory_ofNumericCode_String_1char" classname="org.joda.money.TestCurrencyUnit" time="0"/>
  <testcase name="test_factory_ofNumericCode_String_2char" classname="org.joda.money.TestCurrencyUnit" time="0.001"/>
  <testcase name="test_factory_ofNumericCode_String_tooLong" classname="org.joda.money.TestCurrencyUnit" time="0"/>
  <testcase name="test_factory_ofNumericCode_String_empty" classname="org.joda.money.TestCurrencyUnit" time="0"/>
  <testcase name="test_constructor_nullCode" classname="org.joda.money.TestCurrencyUnit" time="0"/>
  <testcase name="test_toCurrency" classname="org.joda.money.TestCurrencyUnit" time="0"/>
  <testcase name="test_registeredCurrency_invalidStringCode_empty" classname="org.joda.money.TestCurrencyUnit" time="0"/>
  <testcase name="test_registeredCountries" classname="org.joda.money.TestCurrencyUnit" time="0.001"/>
  <testcase name="test_getSymbol_Locale_XXX" classname="org.joda.money.TestCurrencyUnit" time="0"/>
  <testcase name="test_factory_of_LocaleUK" classname="org.joda.money.TestCurrencyUnit" time="0"/>
  <testcase name="test_factory_of_LocaleUS" classname="org.joda.money.TestCurrencyUnit" time="0"/>
  <testcase name="test_constants" classname="org.joda.money.TestCurrencyUnit" time="0"/>
  <testcase name="test_registeredCountries_sorted" classname="org.joda.money.TestCurrencyUnit" time="0.002"/>
  <testcase name="test_getSymbol_Locale_USD_France" classname="org.joda.money.TestCurrencyUnit" time="0"/>
  <testcase name="test_factory_ofNumericCode_int_unknownCurrency" classname="org.joda.money.TestCurrencyUnit" time="0"/>
  <testcase name="test_getSymbol_Locale_GBP_UK" classname="org.joda.money.TestCurrencyUnit" time="0"/>
  <testcase name="test_serialization" classname="org.joda.money.TestCurrencyUnit" time="0"/>
  <testcase name="test_registeredCurrency_validDP_big" classname="org.joda.money.TestCurrencyUnit" time="0"/>
  <testcase name="test_registeredCurrency_invalidNumericCode_big" classname="org.joda.money.TestCurrencyUnit" time="0.001"/>
  <testcase name="test_registeredCurrency_alreadyRegisteredCode" classname="org.joda.money.TestCurrencyUnit" time="0"/>
  <testcase name="test_registeredCurrencies_sorted" classname="org.joda.money.TestCurrencyUnit" time="0.001"/>
  <testcase name="test_registeredCurrency_invalidStringCode_lowerCase" classname="org.joda.money.TestCurrencyUnit" time="0"/>
  <testcase name="test_getSymbol_Locale_USD_UK" classname="org.joda.money.TestCurrencyUnit" time="0"/>
  <testcase name="test_factory_ofNumericCode_int_tooLong" classname="org.joda.money.TestCurrencyUnit" time="0"/>
  <testcase name="test_registeredCurrency_nullCountry" classname="org.joda.money.TestCurrencyUnit" time="0.001"/>
  <testcase name="test_factory_of_Locale_unknownCurrency" classname="org.joda.money.TestCurrencyUnit" time="0"/>
  <testcase name="test_getSymbol_Locale_JPY_Japan" classname="org.joda.money.TestCurrencyUnit" time="0.003"/>
  <testcase name="test_factory_ofCountry_String" classname="org.joda.money.TestCurrencyUnit" time="0"/>
  <testcase name="test_getCurrencyCodes_GBP" classname="org.joda.money.TestCurrencyUnit" time="0"/>
  <testcase name="test_factory_of_String_tooLong_unknown" classname="org.joda.money.TestCurrencyUnit" time="0"/>
  <testcase name="test_serialization_invalidDecimalPlaces" classname="org.joda.money.TestCurrencyUnit" time="0.001"/>
  <testcase name="test_getDecimalPlaces_GBP" classname="org.joda.money.TestCurrencyUnit" time="0"/>
  <testcase name="test_getDecimalPlaces_JPY" classname="org.joda.money.TestCurrencyUnit" time="0"/>
  <testcase name="test_getDecimalPlaces_XXX" classname="org.joda.money.TestCurrencyUnit" time="0"/>
  <testcase name="test_factory_of_String_unknownCurrency" classname="org.joda.money.TestCurrencyUnit" time="0"/>
  <testcase name="test_registeredCurrency_alreadyRegisteredNumericCode" classname="org.joda.money.TestCurrencyUnit" time="0"/>
  <testcase name="test_getSymbol_TMT_UK" classname="org.joda.money.TestCurrencyUnit" time="0"/>
  <testcase name="test_factory_of_String_nullString" classname="org.joda.money.TestCurrencyUnit" time="0"/>
  <testcase name="test_registeredCurrency_invalidStringCode_number" classname="org.joda.money.TestCurrencyUnit" time="0"/>
  <testcase name="test_factory_ofNumericCode_String_negative" classname="org.joda.money.TestCurrencyUnit" time="0"/>
  <testcase name="test_toString" classname="org.joda.money.TestCurrencyUnit" time="0"/>
  <testcase name="test_registeredCurrency_nullCode" classname="org.joda.money.TestCurrencyUnit" time="0"/>
  <testcase name="test_factory_of_Currency_nullCurrency" classname="org.joda.money.TestCurrencyUnit" time="0"/>
  <testcase name="test_registeredCurrency_invalidStringCode_4letters" classname="org.joda.money.TestCurrencyUnit" time="0"/>
  <testcase name="test_isPseudoCurrency_GBP" classname="org.joda.money.TestCurrencyUnit" time="0"/>
  <testcase name="test_isPseudoCurrency_JPY" classname="org.joda.money.TestCurrencyUnit" time="0"/>
  <testcase name="test_isPseudoCurrency_XXX" classname="org.joda.money.TestCurrencyUnit" time="0"/>
  <testcase name="test_registeredCurrency_invalidStringCode_1letter" classname="org.joda.money.TestCurrencyUnit" time="0"/>
  <testcase name="test_registeredCurrencies_crossCheck" classname="org.joda.money.TestCurrencyUnit" time="0.001"/>
  <testcase name="test_equals_hashCode" classname="org.joda.money.TestCurrencyUnit" time="0"/>
  <testcase name="test_factory_of_Locale_nullLocale" classname="org.joda.money.TestCurrencyUnit" time="0"/>
  <testcase name="test_factory_ofNumericCode_int_1char" classname="org.joda.money.TestCurrencyUnit" time="0"/>
  <testcase name="test_factory_ofNumericCode_int_2char" classname="org.joda.money.TestCurrencyUnit" time="0.001"/>
  <testcase name="test_compareTo_null" classname="org.joda.money.TestCurrencyUnit" time="0"/>
  <testcase name="test_factory_ofNumericCode_String_2charNoPad" classname="org.joda.money.TestCurrencyUnit" time="0"/>
  <testcase name="test_factory_ofNumericCode_String_1charNoPad" classname="org.joda.money.TestCurrencyUnit" time="0"/>
  <testcase name="test_registeredCurrency_invalidStringCode_dash" classname="org.joda.money.TestCurrencyUnit" time="0"/>
  <testcase name="test_factory_of_String_empty" classname="org.joda.money.TestCurrencyUnit" time="0"/>
</testsuite>