<?xml version="1.0" encoding="UTF-8"?>
<testsuite name="net.sf.jsqlparser.statement.select.SelectTest" time="0.607" tests="416" errors="0" skipped="4" failures="0">
  <properties>
    <property name="java.runtime.name" value="OpenJDK Runtime Environment"/>
    <property name="sun.boot.library.path" value="/usr/local/openjdk-8/jre/lib/amd64"/>
    <property name="java.vm.version" value="25.262-b10"/>
    <property name="animal.sniffer.skip" value="true"/>
    <property name="java.vm.vendor" value="Oracle Corporation"/>
    <property name="maven.multiModuleProjectDirectory" value="/tmp/tmpz53nvcg5/JSqlParser"/>
    <property name="maven.javadoc.skip" value="true"/>
    <property name="java.vendor.url" value="http://java.oracle.com/"/>
    <property name="path.separator" value=":"/>
    <property name="guice.disable.misplaced.annotation.check" value="true"/>
    <property name="java.vm.name" value="OpenJDK 64-Bit Server VM"/>
    <property name="file.encoding.pkg" value="sun.io"/>
    <property name="sun.java.launcher" value="SUN_STANDARD"/>
    <property name="sun.os.patch.level" value="unknown"/>
    <property name="source.skip" value="true"/>
    <property name="java.vm.specification.name" value="Java Virtual Machine Specification"/>
    <property name="user.dir" value="/tmp/tmpz53nvcg5/JSqlParser"/>
    <property name="java.runtime.version" value="1.8.0_262-b10"/>
    <property name="java.awt.graphicsenv" value="sun.awt.X11GraphicsEnvironment"/>
    <property name="java.endorsed.dirs" value="/usr/local/openjdk-8/jre/lib/endorsed"/>
    <property name="os.arch" value="amd64"/>
    <property name="java.io.tmpdir" value="/tmp"/>
    <property name="line.separator" value="&#10;"/>
    <property name="java.vm.specification.vendor" value="Oracle Corporation"/>
    <property name="os.name" value="Linux"/>
    <property name="classworlds.conf" value="/usr/share/maven/bin/m2.conf"/>
    <property name="maven.test.error.ignore" value="true"/>
    <property name="sun.jnu.encoding" value="UTF-8"/>
    <property name="java.library.path" value="/usr/java/packages/lib/amd64:/usr/lib64:/lib64:/lib:/usr/lib"/>
    <property name="license.skip" value="true"/>
    <property name="maven.conf" value="/usr/share/maven/conf"/>
    <property name="java.specification.name" value="Java Platform API Specification"/>
    <property name="java.class.version" value="52.0"/>
    <property name="sun.management.compiler" value="HotSpot 64-Bit Tiered Compilers"/>
    <property name="maven.test.failure.ignore" value="true"/>
    <property name="os.version" value="4.15.0-109-generic"/>
    <property name="library.jansi.path" value="/usr/share/maven/lib/jansi-native"/>
    <property name="user.home" value="/home/jdbl"/>
    <property name="user.timezone" value="Etc/UTC"/>
    <property name="java.awt.printerjob" value="sun.print.PSPrinterJob"/>
    <property name="java.specification.version" value="1.8"/>
    <property name="file.encoding" value="UTF-8"/>
    <property name="user.name" value="jdbl"/>
    <property name="java.class.path" value="/usr/share/maven/boot/plexus-classworlds-2.6.0.jar"/>
    <property name="java.vm.specification.version" value="1.8"/>
    <property name="sun.arch.data.model" value="64"/>
    <property name="java.home" value="/usr/local/openjdk-8/jre"/>
    <property name="sun.java.command" value="org.codehaus.plexus.classworlds.launcher.Launcher package -e --fail-never -ntp -Dmaven.test.error.ignore=true -Dmaven.test.failure.ignore=true -B -Dmaven.javadoc.skip=true -Drat.skip=true -Danimal.sniffer.skip=true -Dmaven.javadoc.skip=true -Dlicense.skip=true -Dsource.skip=true"/>
    <property name="java.specification.vendor" value="Oracle Corporation"/>
    <property name="user.language" value="en"/>
    <property name="awt.toolkit" value="sun.awt.X11.XToolkit"/>
    <property name="java.vm.info" value="mixed mode"/>
    <property name="java.version" value="1.8.0_262"/>
    <property name="java.ext.dirs" value="/usr/local/openjdk-8/jre/lib/ext:/usr/java/packages/lib/ext"/>
    <property name="securerandom.source" value="file:/dev/./urandom"/>
    <property name="sun.boot.class.path" value="/usr/local/openjdk-8/jre/lib/resources.jar:/usr/local/openjdk-8/jre/lib/rt.jar:/usr/local/openjdk-8/jre/lib/sunrsasign.jar:/usr/local/openjdk-8/jre/lib/jsse.jar:/usr/local/openjdk-8/jre/lib/jce.jar:/usr/local/openjdk-8/jre/lib/charsets.jar:/usr/local/openjdk-8/jre/lib/jfr.jar:/usr/local/openjdk-8/jre/classes"/>
    <property name="java.vendor" value="Oracle Corporation"/>
    <property name="rat.skip" value="true"/>
    <property name="maven.home" value="/usr/share/maven"/>
    <property name="file.separator" value="/"/>
    <property name="java.vendor.url.bug" value="http://bugreport.sun.com/bugreport/"/>
    <property name="sun.cpu.endian" value="little"/>
    <property name="sun.io.unicode.encoding" value="UnicodeLittle"/>
    <property name="sun.cpu.isalist" value=""/>
  </properties>
  <testcase name="testIssue584MySQLValueListExpression" classname="net.sf.jsqlparser.statement.select.SelectTest" time="0.001"/>
  <testcase name="testPivotWithAlias2" classname="net.sf.jsqlparser.statement.select.SelectTest" time="0"/>
  <testcase name="testPivotWithAlias3" classname="net.sf.jsqlparser.statement.select.SelectTest" time="0"/>
  <testcase name="testPivotWithAlias4" classname="net.sf.jsqlparser.statement.select.SelectTest" time="0.003"/>
  <testcase name="testAnalyticFunctionIssue670" classname="net.sf.jsqlparser.statement.select.SelectTest" time="0"/>
  <testcase name="testSelectAliasWithoutAs" classname="net.sf.jsqlparser.statement.select.SelectTest" time="0"/>
  <testcase name="testAllConditionSubSelect" classname="net.sf.jsqlparser.statement.select.SelectTest" time="0"/>
  <testcase name="testSimpleSigns" classname="net.sf.jsqlparser.statement.select.SelectTest" time="0"/>
  <testcase name="testMultiValueIn2" classname="net.sf.jsqlparser.statement.select.SelectTest" time="0"/>
  <testcase name="testIssue572TaskReplacement" classname="net.sf.jsqlparser.statement.select.SelectTest" time="0"/>
  <testcase name="testSelectForUpdateOfTable" classname="net.sf.jsqlparser.statement.select.SelectTest" time="0"/>
  <testcase name="testTopWithJdbcParameter" classname="net.sf.jsqlparser.statement.select.SelectTest" time="0.001"/>
  <testcase name="testPostgreSQLRegExpCaseSensitiveMatch" classname="net.sf.jsqlparser.statement.select.SelectTest" time="0.001"/>
  <testcase name="testTableFunctionWithNoParams" classname="net.sf.jsqlparser.statement.select.SelectTest" time="0"/>
  <testcase name="testWhereIssue240_0" classname="net.sf.jsqlparser.statement.select.SelectTest" time="0.001"/>
  <testcase name="testWhereIssue240_1" classname="net.sf.jsqlparser.statement.select.SelectTest" time="0"/>
  <testcase name="testOracleJoin2" classname="net.sf.jsqlparser.statement.select.SelectTest" time="0.001"/>
  <testcase name="testOracleJoin3" classname="net.sf.jsqlparser.statement.select.SelectTest" time="0"/>
  <testcase name="testOracleJoin4" classname="net.sf.jsqlparser.statement.select.SelectTest" time="0"/>
  <testcase name="testNotLikeWithNotBeforeExpression" classname="net.sf.jsqlparser.statement.select.SelectTest" time="0.001"/>
  <testcase name="testIssue583CharacterLiteralAsAlias" classname="net.sf.jsqlparser.statement.select.SelectTest" time="0"/>
  <testcase name="testMultiPartTableNameWithSchemaName" classname="net.sf.jsqlparser.statement.select.SelectTest" time="0"/>
  <testcase name="testEscaped" classname="net.sf.jsqlparser.statement.select.SelectTest" time="0"/>
  <testcase name="testInterval5_Issue228" classname="net.sf.jsqlparser.statement.select.SelectTest" time="0"/>
  <testcase name="testSelectBrackets2" classname="net.sf.jsqlparser.statement.select.SelectTest" time="0"/>
  <testcase name="testSelectBrackets3" classname="net.sf.jsqlparser.statement.select.SelectTest" time="0"/>
  <testcase name="testSelectBrackets4" classname="net.sf.jsqlparser.statement.select.SelectTest" time="0.001"/>
  <testcase name="testSimpleAdditionsAndSubtractionsWithSigns" classname="net.sf.jsqlparser.statement.select.SelectTest" time="0"/>
  <testcase name="testSimilarToIssue789" classname="net.sf.jsqlparser.statement.select.SelectTest" time="0.001"/>
  <testcase name="testParenthesisAroundFromItem2" classname="net.sf.jsqlparser.statement.select.SelectTest" time="0"/>
  <testcase name="testParenthesisAroundFromItem3" classname="net.sf.jsqlparser.statement.select.SelectTest" time="0"/>
  <testcase name="testNotVariant" classname="net.sf.jsqlparser.statement.select.SelectTest" time="0"/>
  <testcase name="testForUpdateWaitParseDeparse" classname="net.sf.jsqlparser.statement.select.SelectTest" time="0"/>
  <testcase name="testNamedParametersPR702_2" classname="net.sf.jsqlparser.statement.select.SelectTest" time="0.001"/>
  <testcase name="testSelectAliasInQuotes" classname="net.sf.jsqlparser.statement.select.SelectTest" time="0"/>
  <testcase name="testIssue235SimplifiedCase3" classname="net.sf.jsqlparser.statement.select.SelectTest" time="0.005"/>
  <testcase name="testIssue235SimplifiedCase4" classname="net.sf.jsqlparser.statement.select.SelectTest" time="0.029"/>
  <testcase name="testIssue167_singleQuoteEscape" classname="net.sf.jsqlparser.statement.select.SelectTest" time="0.003"/>
  <testcase name="testNestedCast" classname="net.sf.jsqlparser.statement.select.SelectTest" time="0"/>
  <testcase name="testOrderBy" classname="net.sf.jsqlparser.statement.select.SelectTest" time="0"/>
  <testcase name="testCastTypeProblem2" classname="net.sf.jsqlparser.statement.select.SelectTest" time="0"/>
  <testcase name="testCastTypeProblem3" classname="net.sf.jsqlparser.statement.select.SelectTest" time="0"/>
  <testcase name="testCastTypeProblem4" classname="net.sf.jsqlparser.statement.select.SelectTest" time="0"/>
  <testcase name="testCastTypeProblem5" classname="net.sf.jsqlparser.statement.select.SelectTest" time="0"/>
  <testcase name="testCastTypeProblem6" classname="net.sf.jsqlparser.statement.select.SelectTest" time="0"/>
  <testcase name="testCastTypeProblem7" classname="net.sf.jsqlparser.statement.select.SelectTest" time="0"/>
  <testcase name="testCastTypeProblem8" classname="net.sf.jsqlparser.statement.select.SelectTest" time="0"/>
  <testcase name="testCastInCast" classname="net.sf.jsqlparser.statement.select.SelectTest" time="0"/>
  <testcase name="testSkipFirst" classname="net.sf.jsqlparser.statement.select.SelectTest" time="0.001"/>
  <testcase name="testMultiPartTableNameWithDatabaseNameAndSchemaName" classname="net.sf.jsqlparser.statement.select.SelectTest" time="0.001"/>
  <testcase name="testForXmlPath" classname="net.sf.jsqlparser.statement.select.SelectTest" time="0"/>
  <testcase name="testNotVariant2" classname="net.sf.jsqlparser.statement.select.SelectTest" time="0"/>
  <testcase name="testNotVariant3" classname="net.sf.jsqlparser.statement.select.SelectTest" time="0.001"/>
  <testcase name="testSelectJoinWithComma" classname="net.sf.jsqlparser.statement.select.SelectTest" time="0"/>
  <testcase name="testAdditionalLettersGerman" classname="net.sf.jsqlparser.statement.select.SelectTest" time="0"/>
  <testcase name="testIssue566PostgreSQLEscaped" classname="net.sf.jsqlparser.statement.select.SelectTest" time="0"/>
  <testcase name="testTop" classname="net.sf.jsqlparser.statement.select.SelectTest" time="0.001"/>
  <testcase name="testWithUnionProblem" classname="net.sf.jsqlparser.statement.select.SelectTest" time="0"/>
  <testcase name="testMysqlQuote" classname="net.sf.jsqlparser.statement.select.SelectTest" time="0.001"/>
  <testcase name="testMissingOffsetIssue620" classname="net.sf.jsqlparser.statement.select.SelectTest" time="0"/>
  <testcase name="testRawStringExpressionIssue656" classname="net.sf.jsqlparser.statement.select.SelectTest" time="0.001"/>
  <testcase name="testProblemIssue375Simplified" classname="net.sf.jsqlparser.statement.select.SelectTest" time="0.015"/>
  <testcase name="testProblemIssue485Date" classname="net.sf.jsqlparser.statement.select.SelectTest" time="0.001"/>
  <testcase name="testNotProblem1" classname="net.sf.jsqlparser.statement.select.SelectTest" time="0"/>
  <testcase name="testNotProblem2" classname="net.sf.jsqlparser.statement.select.SelectTest" time="0"/>
  <testcase name="testSelectInnerWith" classname="net.sf.jsqlparser.statement.select.SelectTest" time="0.001"/>
  <testcase name="testReservedKeyword2" classname="net.sf.jsqlparser.statement.select.SelectTest" time="0"/>
  <testcase name="testReservedKeyword3" classname="net.sf.jsqlparser.statement.select.SelectTest" time="0"/>
  <testcase name="testNotLikeIssue775" classname="net.sf.jsqlparser.statement.select.SelectTest" time="0.001"/>
  <testcase name="testSqlNoCache" classname="net.sf.jsqlparser.statement.select.SelectTest" time="0"/>
  <testcase name="testLongQualifiedNamesIssue763" classname="net.sf.jsqlparser.statement.select.SelectTest" time="0"/>
  <testcase name="testProblemIssue375" classname="net.sf.jsqlparser.statement.select.SelectTest" time="0.001"/>
  <testcase name="testProblemIssue435" classname="net.sf.jsqlparser.statement.select.SelectTest" time="0.01"/>
  <testcase name="testProblemIssue445" classname="net.sf.jsqlparser.statement.select.SelectTest" time="0"/>
  <testcase name="testFirst" classname="net.sf.jsqlparser.statement.select.SelectTest" time="0.001"/>
  <testcase name="testIlike" classname="net.sf.jsqlparser.statement.select.SelectTest" time="0"/>
  <testcase name="testIsNot" classname="net.sf.jsqlparser.statement.select.SelectTest" time="0.001"/>
  <testcase name="testLimit" classname="net.sf.jsqlparser.statement.select.SelectTest" time="0.003"/>
  <testcase name="testRlike" classname="net.sf.jsqlparser.statement.select.SelectTest" time="0"/>
  <testcase name="testSigns" classname="net.sf.jsqlparser.statement.select.SelectTest" time="0"/>
  <testcase name="testUnion" classname="net.sf.jsqlparser.statement.select.SelectTest" time="0"/>
  <testcase name="testWhere" classname="net.sf.jsqlparser.statement.select.SelectTest" time="0"/>
  <testcase name="testMultiPartColumnNameWithDatabaseName" classname="net.sf.jsqlparser.statement.select.SelectTest" time="0">
    <skipped/>
  </testcase>
  <testcase name="testRegexpLike1" classname="net.sf.jsqlparser.statement.select.SelectTest" time="0"/>
  <testcase name="testRegexpLike2" classname="net.sf.jsqlparser.statement.select.SelectTest" time="0"/>
  <testcase name="testRegexpMySQL" classname="net.sf.jsqlparser.statement.select.SelectTest" time="0"/>
  <testcase name="testCase" classname="net.sf.jsqlparser.statement.select.SelectTest" time="0.002"/>
  <testcase name="testCast" classname="net.sf.jsqlparser.statement.select.SelectTest" time="0.001"/>
  <testcase name="testFrom" classname="net.sf.jsqlparser.statement.select.SelectTest" time="0"/>
  <testcase name="testJoin" classname="net.sf.jsqlparser.statement.select.SelectTest" time="0.001"/>
  <testcase name="testLike" classname="net.sf.jsqlparser.statement.select.SelectTest" time="0.001"/>
  <testcase name="testPR73" classname="net.sf.jsqlparser.statement.select.SelectTest" time="0"/>
  <testcase name="testSkip" classname="net.sf.jsqlparser.statement.select.SelectTest" time="0"/>
  <testcase name="testTime" classname="net.sf.jsqlparser.statement.select.SelectTest" time="0.001"/>
  <testcase name="testWith" classname="net.sf.jsqlparser.statement.select.SelectTest" time="0"/>
  <testcase name="testIssue215_possibleEndlessParsing" classname="net.sf.jsqlparser.statement.select.SelectTest" time="0.031"/>
  <testcase name="testJsonExpression" classname="net.sf.jsqlparser.statement.select.SelectTest" time="0.002"/>
  <testcase name="testWhereIssue240_true" classname="net.sf.jsqlparser.statement.select.SelectTest" time="0.001"/>
  <testcase name="testConcatProblem2_5_1" classname="net.sf.jsqlparser.statement.select.SelectTest" time="0"/>
  <testcase name="testConcatProblem2_5_2" classname="net.sf.jsqlparser.statement.select.SelectTest" time="0"/>
  <testcase name="testWeirdSelect" classname="net.sf.jsqlparser.statement.select.SelectTest" time="0.001"/>
  <testcase name="testProblemSqlAnalytic8Complex" classname="net.sf.jsqlparser.statement.select.SelectTest" time="0"/>
  <testcase name="testMultiPartNamesIssue163" classname="net.sf.jsqlparser.statement.select.SelectTest" time="0"/>
  <testcase name="testMultiPartNamesIssue608" classname="net.sf.jsqlparser.statement.select.SelectTest" time="0"/>
  <testcase name="testMultiPartNamesIssue643" classname="net.sf.jsqlparser.statement.select.SelectTest" time="0.001"/>
  <testcase name="testIssue566LargeView" classname="net.sf.jsqlparser.statement.select.SelectTest" time="0.004"/>
  <testcase name="testCastToSignedInteger" classname="net.sf.jsqlparser.statement.select.SelectTest" time="0.001"/>
  <testcase name="testWithUnionAllProblem" classname="net.sf.jsqlparser.statement.select.SelectTest" time="0"/>
  <testcase name="testOracleJoin2_1" classname="net.sf.jsqlparser.statement.select.SelectTest" time="0.002"/>
  <testcase name="testOracleJoin2_2" classname="net.sf.jsqlparser.statement.select.SelectTest" time="0.003"/>
  <testcase name="testOracleJoin3_1" classname="net.sf.jsqlparser.statement.select.SelectTest" time="0"/>
  <testcase name="testAnyConditionSubSelect" classname="net.sf.jsqlparser.statement.select.SelectTest" time="0"/>
  <testcase name="testProblemLargeNumbersIssue390" classname="net.sf.jsqlparser.statement.select.SelectTest" time="0.001"/>
  <testcase name="testUniqueInsteadOfDistinctIssue299" classname="net.sf.jsqlparser.statement.select.SelectTest" time="0"/>
  <testcase name="testNotProblemIssue721" classname="net.sf.jsqlparser.statement.select.SelectTest" time="0.001"/>
  <testcase name="testFuncConditionParameter2" classname="net.sf.jsqlparser.statement.select.SelectTest" time="0"/>
  <testcase name="testFuncConditionParameter3" classname="net.sf.jsqlparser.statement.select.SelectTest" time="0.002"/>
  <testcase name="testIssue215_possibleEndlessParsing2" classname="net.sf.jsqlparser.statement.select.SelectTest" time="0.003"/>
  <testcase name="testIssue215_possibleEndlessParsing3" classname="net.sf.jsqlparser.statement.select.SelectTest" time="0.01"/>
  <testcase name="testIssue215_possibleEndlessParsing4" classname="net.sf.jsqlparser.statement.select.SelectTest" time="0.001"/>
  <testcase name="testIssue215_possibleEndlessParsing5" classname="net.sf.jsqlparser.statement.select.SelectTest" time="0.007"/>
  <testcase name="testIssue215_possibleEndlessParsing6" classname="net.sf.jsqlparser.statement.select.SelectTest" time="0"/>
  <testcase name="testIssue215_possibleEndlessParsing7" classname="net.sf.jsqlparser.statement.select.SelectTest" time="0.003"/>
  <testcase name="testPivotXml1" classname="net.sf.jsqlparser.statement.select.SelectTest" time="0.001"/>
  <testcase name="testPivotXml2" classname="net.sf.jsqlparser.statement.select.SelectTest" time="0"/>
  <testcase name="testPivotXml3" classname="net.sf.jsqlparser.statement.select.SelectTest" time="0"/>
  <testcase name="testProblemSqlFuncParamIssue605_2" classname="net.sf.jsqlparser.statement.select.SelectTest" time="0"/>
  <testcase name="testIssue162_doubleUserVar" classname="net.sf.jsqlparser.statement.select.SelectTest" time="0"/>
  <testcase name="testIssue563MultiSubJoin_2" classname="net.sf.jsqlparser.statement.select.SelectTest" time="0"/>
  <testcase name="testProblemSqlIssue330_2" classname="net.sf.jsqlparser.statement.select.SelectTest" time="0"/>
  <testcase name="testSelectWithBrackets2" classname="net.sf.jsqlparser.statement.select.SelectTest" time="0"/>
  <testcase name="testOrderByNullsFirst" classname="net.sf.jsqlparser.statement.select.SelectTest" time="0.001"/>
  <testcase name="testProblemSqlIssue603_2" classname="net.sf.jsqlparser.statement.select.SelectTest" time="0"/>
  <testcase name="testMultiTableJoin" classname="net.sf.jsqlparser.statement.select.SelectTest" time="0"/>
  <testcase name="testProblemSqlServer_Modulo_mod" classname="net.sf.jsqlparser.statement.select.SelectTest" time="0.001"/>
  <testcase name="testNamedParametersPR702" classname="net.sf.jsqlparser.statement.select.SelectTest" time="0"/>
  <testcase name="testProblemSqlAnalytic" classname="net.sf.jsqlparser.statement.select.SelectTest" time="0.001"/>
  <testcase name="testIssue160_signedParameter2" classname="net.sf.jsqlparser.statement.select.SelectTest" time="0"/>
  <testcase name="testPivotWithAlias" classname="net.sf.jsqlparser.statement.select.SelectTest" time="0.001"/>
  <testcase name="testAdditionalLettersSpanish" classname="net.sf.jsqlparser.statement.select.SelectTest" time="0"/>
  <testcase name="testLateral1" classname="net.sf.jsqlparser.statement.select.SelectTest" time="0"/>
  <testcase name="testSpeedTestIssue235_2" classname="net.sf.jsqlparser.statement.select.SelectTest" time="0.262"/>
  <testcase name="testIssue223_singleQuoteEscape" classname="net.sf.jsqlparser.statement.select.SelectTest" time="0"/>
  <testcase name="testSelectNumericBind" classname="net.sf.jsqlparser.statement.select.SelectTest" time="0"/>
  <testcase name="testRegexpBinaryMySQL" classname="net.sf.jsqlparser.statement.select.SelectTest" time="0"/>
  <testcase name="testOracleHierarchicalQueryIssue196" classname="net.sf.jsqlparser.statement.select.SelectTest" time="0"/>
  <testcase name="testLateralComplex1" classname="net.sf.jsqlparser.statement.select.SelectTest" time="0.001"/>
  <testcase name="testWhereIssue240_false" classname="net.sf.jsqlparser.statement.select.SelectTest" time="0.001"/>
  <testcase name="testMultiValueIn" classname="net.sf.jsqlparser.statement.select.SelectTest" time="0"/>
  <testcase name="testProblemIssue375Simplified2" classname="net.sf.jsqlparser.statement.select.SelectTest" time="0"/>
  <testcase name="testProblemSqlIntersect" classname="net.sf.jsqlparser.statement.select.SelectTest" time="0"/>
  <testcase name="testProblemFunction" classname="net.sf.jsqlparser.statement.select.SelectTest" time="0"/>
  <testcase name="testIssue508LeftRightBitwiseShift" classname="net.sf.jsqlparser.statement.select.SelectTest" time="0.001"/>
  <testcase name="testBooleanValue2" classname="net.sf.jsqlparser.statement.select.SelectTest" time="0"/>
  <testcase name="testConcatProblem2" classname="net.sf.jsqlparser.statement.select.SelectTest" time="0"/>
  <testcase name="testBitwise" classname="net.sf.jsqlparser.statement.select.SelectTest" time="0.001"/>
  <testcase name="testSelectItems" classname="net.sf.jsqlparser.statement.select.SelectTest" time="0.001"/>
  <testcase name="testSelectJoin2" classname="net.sf.jsqlparser.statement.select.SelectTest" time="0"/>
  <testcase name="testBrackets2" classname="net.sf.jsqlparser.statement.select.SelectTest" time="0"/>
  <testcase name="testBrackets3" classname="net.sf.jsqlparser.statement.select.SelectTest" time="0.001"/>
  <testcase name="testProblemSqlServer_Modulo_Proz" classname="net.sf.jsqlparser.statement.select.SelectTest" time="0"/>
  <testcase name="testTrueFalseLiteral" classname="net.sf.jsqlparser.statement.select.SelectTest" time="0"/>
  <testcase name="testMultiPartNames1" classname="net.sf.jsqlparser.statement.select.SelectTest" time="0"/>
  <testcase name="testMultiPartNames2" classname="net.sf.jsqlparser.statement.select.SelectTest" time="0"/>
  <testcase name="testMultiPartNames3" classname="net.sf.jsqlparser.statement.select.SelectTest" time="0"/>
  <testcase name="testMultiPartNames4" classname="net.sf.jsqlparser.statement.select.SelectTest" time="0"/>
  <testcase name="testMultiPartNames5" classname="net.sf.jsqlparser.statement.select.SelectTest" time="0"/>
  <testcase name="testFirstWithKeywordLimit" classname="net.sf.jsqlparser.statement.select.SelectTest" time="0"/>
  <testcase name="testKeyWorkInsertIssue393" classname="net.sf.jsqlparser.statement.select.SelectTest" time="0.001"/>
  <testcase name="testGroupConcat" classname="net.sf.jsqlparser.statement.select.SelectTest" time="0"/>
  <testcase name="testWithRecursive" classname="net.sf.jsqlparser.statement.select.SelectTest" time="0.001"/>
  <testcase name="testSelectKeepOver" classname="net.sf.jsqlparser.statement.select.SelectTest" time="0.003"/>
  <testcase name="testFunctionRight" classname="net.sf.jsqlparser.statement.select.SelectTest" time="0"/>
  <testcase name="testSelectBrackets" classname="net.sf.jsqlparser.statement.select.SelectTest" time="0"/>
  <testcase name="testMultiPartColumnName" classname="net.sf.jsqlparser.statement.select.SelectTest" time="0"/>
  <testcase name="testLimitOffsetIssue462_2" classname="net.sf.jsqlparser.statement.select.SelectTest" time="0"/>
  <testcase name="testSqlContainIsNullFunctionShouldBeParsed3" classname="net.sf.jsqlparser.statement.select.SelectTest" time="0"/>
  <testcase name="testWithUnionProblem3" classname="net.sf.jsqlparser.statement.select.SelectTest" time="0"/>
  <testcase name="testWithUnionProblem4" classname="net.sf.jsqlparser.statement.select.SelectTest" time="0.002"/>
  <testcase name="testWithUnionProblem5" classname="net.sf.jsqlparser.statement.select.SelectTest" time="0.001"/>
  <testcase name="testGroupingSets1" classname="net.sf.jsqlparser.statement.select.SelectTest" time="0"/>
  <testcase name="testGroupingSets2" classname="net.sf.jsqlparser.statement.select.SelectTest" time="0"/>
  <testcase name="testGroupingSets3" classname="net.sf.jsqlparser.statement.select.SelectTest" time="0"/>
  <testcase name="testIssue582NumericConstants" classname="net.sf.jsqlparser.statement.select.SelectTest" time="0"/>
  <testcase name="testValues2" classname="net.sf.jsqlparser.statement.select.SelectTest" time="0"/>
  <testcase name="testValues3" classname="net.sf.jsqlparser.statement.select.SelectTest" time="0.001"/>
  <testcase name="testValues4" classname="net.sf.jsqlparser.statement.select.SelectTest" time="0"/>
  <testcase name="testValues5" classname="net.sf.jsqlparser.statement.select.SelectTest" time="0"/>
  <testcase name="testMysqlIndexHints" classname="net.sf.jsqlparser.statement.select.SelectTest" time="0.001"/>
  <testcase name="testKeywordTableIssue261" classname="net.sf.jsqlparser.statement.select.SelectTest" time="0"/>
  <testcase name="testTopExpressionIssue243_2" classname="net.sf.jsqlparser.statement.select.SelectTest" time="0.003"/>
  <testcase name="testProblemKeywordCommitIssue341" classname="net.sf.jsqlparser.statement.select.SelectTest" time="0"/>
  <testcase name="testCaseThenCondition" classname="net.sf.jsqlparser.statement.select.SelectTest" time="0"/>
  <testcase name="testLongQualifiedNamesIssue763_2" classname="net.sf.jsqlparser.statement.select.SelectTest" time="0"/>
  <testcase name="testGroupBy" classname="net.sf.jsqlparser.statement.select.SelectTest" time="0"/>
  <testcase name="testIssue567KeywordPrimary" classname="net.sf.jsqlparser.statement.select.SelectTest" time="0"/>
  <testcase name="testNestedFunctionCallIssue253" classname="net.sf.jsqlparser.statement.select.SelectTest" time="0"/>
  <testcase name="testProblemIssue437Index" classname="net.sf.jsqlparser.statement.select.SelectTest" time="0.001"/>
  <testcase name="testProblemInNotInProblemIssue379" classname="net.sf.jsqlparser.statement.select.SelectTest" time="0"/>
  <testcase name="testMultiPartColumnNameWithTableName" classname="net.sf.jsqlparser.statement.select.SelectTest" time="0.001"/>
  <testcase name="testMultiPartTableNameWithDatabaseName" classname="net.sf.jsqlparser.statement.select.SelectTest" time="0"/>
  <testcase name="testLimitOffsetIssue462" classname="net.sf.jsqlparser.statement.select.SelectTest" time="0"/>
  <testcase name="testBooleanValue" classname="net.sf.jsqlparser.statement.select.SelectTest" time="0"/>
  <testcase name="testTableFunctionWithParams" classname="net.sf.jsqlparser.statement.select.SelectTest" time="0"/>
  <testcase name="testOperationsWithSigns" classname="net.sf.jsqlparser.statement.select.SelectTest" time="0.001"/>
  <testcase name="testCollateExprIssue164" classname="net.sf.jsqlparser.statement.select.SelectTest" time="0"/>
  <testcase name="testLimitSqlServer1" classname="net.sf.jsqlparser.statement.select.SelectTest" time="0.001"/>
  <testcase name="testLimitSqlServer2" classname="net.sf.jsqlparser.statement.select.SelectTest" time="0"/>
  <testcase name="testLimitSqlServer3" classname="net.sf.jsqlparser.statement.select.SelectTest" time="0"/>
  <testcase name="testLimitSqlServer4" classname="net.sf.jsqlparser.statement.select.SelectTest" time="0"/>
  <testcase name="testPivotFunction" classname="net.sf.jsqlparser.statement.select.SelectTest" time="0.001"/>
  <testcase name="testMultiPartTableNameWithServerNameAndDatabaseName" classname="net.sf.jsqlparser.statement.select.SelectTest" time="0"/>
  <testcase name="testConcatProblem2_1" classname="net.sf.jsqlparser.statement.select.SelectTest" time="0"/>
  <testcase name="testConcatProblem2_2" classname="net.sf.jsqlparser.statement.select.SelectTest" time="0"/>
  <testcase name="testConcatProblem2_3" classname="net.sf.jsqlparser.statement.select.SelectTest" time="0.001"/>
  <testcase name="testConcatProblem2_4" classname="net.sf.jsqlparser.statement.select.SelectTest" time="0"/>
  <testcase name="testConcatProblem2_5" classname="net.sf.jsqlparser.statement.select.SelectTest" time="0"/>
  <testcase name="testConcatProblem2_6" classname="net.sf.jsqlparser.statement.select.SelectTest" time="0"/>
  <testcase name="testForUpdateWaitWithTimeout" classname="net.sf.jsqlparser.statement.select.SelectTest" time="0.001"/>
  <testcase name="testMultiPartColumnNameWithDatabaseNameAndSchemaNameAndTableName" classname="net.sf.jsqlparser.statement.select.SelectTest" time="0"/>
  <testcase name="testMultiPartColumnNameWithDatabaseNameAndTableName" classname="net.sf.jsqlparser.statement.select.SelectTest" time="0"/>
  <testcase name="testMultiPartColumnNameWithSchemaName" classname="net.sf.jsqlparser.statement.select.SelectTest" time="0">
    <skipped/>
  </testcase>
  <testcase name="testIssue230_cascadeKeyword" classname="net.sf.jsqlparser.statement.select.SelectTest" time="0.007"/>
  <testcase name="testReplaceAsFunction" classname="net.sf.jsqlparser.statement.select.SelectTest" time="0"/>
  <testcase name="testSelectJPQLPositionalParameter" classname="net.sf.jsqlparser.statement.select.SelectTest" time="0"/>
  <testcase name="testAndOperator" classname="net.sf.jsqlparser.statement.select.SelectTest" time="0"/>
  <testcase name="testSelectForUpdate2" classname="net.sf.jsqlparser.statement.select.SelectTest" time="0"/>
  <testcase name="testKeyWorkReplaceIssue393" classname="net.sf.jsqlparser.statement.select.SelectTest" time="0"/>
  <testcase name="testSimilarToIssue789_2" classname="net.sf.jsqlparser.statement.select.SelectTest" time="0"/>
  <testcase name="testIssue217_keywordSeparator" classname="net.sf.jsqlparser.statement.select.SelectTest" time="0"/>
  <testcase name="testNotWithoutParenthesisIssue234" classname="net.sf.jsqlparser.statement.select.SelectTest" time="0"/>
  <testcase name="testSelectWithinGroup" classname="net.sf.jsqlparser.statement.select.SelectTest" time="0"/>
  <testcase name="testNotEqualsTo" classname="net.sf.jsqlparser.statement.select.SelectTest" time="0"/>
  <testcase name="testSelectForUpdate" classname="net.sf.jsqlparser.statement.select.SelectTest" time="0"/>
  <testcase name="testMultiPartColumnNameWithDatabaseNameAndSchemaName" classname="net.sf.jsqlparser.statement.select.SelectTest" time="0">
    <skipped/>
  </testcase>
  <testcase name="testGroupByProblemIssue482" classname="net.sf.jsqlparser.statement.select.SelectTest" time="0"/>
  <testcase name="testIssue266KeywordTop" classname="net.sf.jsqlparser.statement.select.SelectTest" time="0"/>
  <testcase name="testProblemSqlAnalytic10Lag" classname="net.sf.jsqlparser.statement.select.SelectTest" time="0"/>
  <testcase name="testProblemSqlAnalytic11Lag" classname="net.sf.jsqlparser.statement.select.SelectTest" time="0"/>
  <testcase name="testMatches" classname="net.sf.jsqlparser.statement.select.SelectTest" time="0"/>
  <testcase name="testAnalyticFunctionProblem1" classname="net.sf.jsqlparser.statement.select.SelectTest" time="0"/>
  <testcase name="testIssue77_singleQuoteEscape2" classname="net.sf.jsqlparser.statement.select.SelectTest" time="0"/>
  <testcase name="testDateArithmentic10" classname="net.sf.jsqlparser.statement.select.SelectTest" time="0"/>
  <testcase name="testDateArithmentic11" classname="net.sf.jsqlparser.statement.select.SelectTest" time="0"/>
  <testcase name="testDateArithmentic12" classname="net.sf.jsqlparser.statement.select.SelectTest" time="0.001"/>
  <testcase name="testDateArithmentic13" classname="net.sf.jsqlparser.statement.select.SelectTest" time="0.001"/>
  <testcase name="testJoinerExpressionIssue596" classname="net.sf.jsqlparser.statement.select.SelectTest" time="0"/>
  <testcase name="testFunctions" classname="net.sf.jsqlparser.statement.select.SelectTest" time="0.002"/>
  <testcase name="testOracleHintExpression" classname="net.sf.jsqlparser.statement.select.SelectTest" time="0"/>
  <testcase name="testIssue371SimplifiedCase2" classname="net.sf.jsqlparser.statement.select.SelectTest" time="0.004"/>
  <testcase name="testIssue563MultiSubJoin" classname="net.sf.jsqlparser.statement.select.SelectTest" time="0"/>
  <testcase name="testProblemIsIssue331" classname="net.sf.jsqlparser.statement.select.SelectTest" time="0"/>
  <testcase name="testProblemFunction2" classname="net.sf.jsqlparser.statement.select.SelectTest" time="0"/>
  <testcase name="testProblemFunction3" classname="net.sf.jsqlparser.statement.select.SelectTest" time="0"/>
  <testcase name="testSelectOrderHaving" classname="net.sf.jsqlparser.statement.select.SelectTest" time="0"/>
  <testcase name="testAnalyticFunction12" classname="net.sf.jsqlparser.statement.select.SelectTest" time="0"/>
  <testcase name="testAnalyticFunction13" classname="net.sf.jsqlparser.statement.select.SelectTest" time="0"/>
  <testcase name="testAnalyticFunction14" classname="net.sf.jsqlparser.statement.select.SelectTest" time="0"/>
  <testcase name="testAnalyticFunction15" classname="net.sf.jsqlparser.statement.select.SelectTest" time="0"/>
  <testcase name="testAnalyticFunction16" classname="net.sf.jsqlparser.statement.select.SelectTest" time="0"/>
  <testcase name="testAnalyticFunction17" classname="net.sf.jsqlparser.statement.select.SelectTest" time="0.005"/>
  <testcase name="testAnalyticFunction18" classname="net.sf.jsqlparser.statement.select.SelectTest" time="0"/>
  <testcase name="testAnalyticFunction19" classname="net.sf.jsqlparser.statement.select.SelectTest" time="0.001"/>
  <testcase name="testMultiPartTableNameWithServerNameAndDatabaseNameAndSchemaName" classname="net.sf.jsqlparser.statement.select.SelectTest" time="0"/>
  <testcase name="testEscapedBackslashIssue253" classname="net.sf.jsqlparser.statement.select.SelectTest" time="0"/>
  <testcase name="testBrackets" classname="net.sf.jsqlparser.statement.select.SelectTest" time="0"/>
  <testcase name="testWithStatement" classname="net.sf.jsqlparser.statement.select.SelectTest" time="0"/>
  <testcase name="testIssue154_2" classname="net.sf.jsqlparser.statement.select.SelectTest" time="0.001"/>
  <testcase name="testIssue512_2" classname="net.sf.jsqlparser.statement.select.SelectTest" time="0"/>
  <testcase name="testIssue522_2" classname="net.sf.jsqlparser.statement.select.SelectTest" time="0.001"/>
  <testcase name="testIssue522_3" classname="net.sf.jsqlparser.statement.select.SelectTest" time="0"/>
  <testcase name="testIssue522_4" classname="net.sf.jsqlparser.statement.select.SelectTest" time="0.001"/>
  <testcase name="testChainedunctions" classname="net.sf.jsqlparser.statement.select.SelectTest" time="0"/>
  <testcase name="testTimestamp" classname="net.sf.jsqlparser.statement.select.SelectTest" time="0"/>
  <testcase name="testProblemSqlAnalytic5AggregateColumnValue" classname="net.sf.jsqlparser.statement.select.SelectTest" time="0"/>
  <testcase name="testMultiPartTableNameWithColumnName" classname="net.sf.jsqlparser.statement.select.SelectTest" time="0"/>
  <testcase name="testFuncConditionParameter" classname="net.sf.jsqlparser.statement.select.SelectTest" time="0"/>
  <testcase name="testCastVarCharMaxIssue245" classname="net.sf.jsqlparser.statement.select.SelectTest" time="0.001"/>
  <testcase name="testFunctionLeft" classname="net.sf.jsqlparser.statement.select.SelectTest" time="0.001"/>
  <testcase name="testCharacterSetClause" classname="net.sf.jsqlparser.statement.select.SelectTest" time="0"/>
  <testcase name="testComplexUnion1" classname="net.sf.jsqlparser.statement.select.SelectTest" time="0"/>
  <testcase name="testProblemSqlFuncParamIssue605" classname="net.sf.jsqlparser.statement.select.SelectTest" time="0.001"/>
  <testcase name="testProblemSqlIssue265" classname="net.sf.jsqlparser.statement.select.SelectTest" time="0.006"/>
  <testcase name="testProblemSqlIssue330" classname="net.sf.jsqlparser.statement.select.SelectTest" time="0.001"/>
  <testcase name="testProblemSqlIssue352" classname="net.sf.jsqlparser.statement.select.SelectTest" time="0.001"/>
  <testcase name="testProblemSqlIssue603" classname="net.sf.jsqlparser.statement.select.SelectTest" time="0"/>
  <testcase name="testProblemSqlAnalytic6AggregateColumnValue" classname="net.sf.jsqlparser.statement.select.SelectTest" time="0.001"/>
  <testcase name="testOracleJoinIssue318" classname="net.sf.jsqlparser.statement.select.SelectTest" time="0"/>
  <testcase name="testCaseThenCondition2" classname="net.sf.jsqlparser.statement.select.SelectTest" time="0.001"/>
  <testcase name="testCaseThenCondition3" classname="net.sf.jsqlparser.statement.select.SelectTest" time="0"/>
  <testcase name="testCaseThenCondition4" classname="net.sf.jsqlparser.statement.select.SelectTest" time="0.001"/>
  <testcase name="testCaseThenCondition5" classname="net.sf.jsqlparser.statement.select.SelectTest" time="0"/>
  <testcase name="testTopKeyWord2" classname="net.sf.jsqlparser.statement.select.SelectTest" time="0"/>
  <testcase name="testTopKeyWord3" classname="net.sf.jsqlparser.statement.select.SelectTest" time="0.001"/>
  <testcase name="testDistinct" classname="net.sf.jsqlparser.statement.select.SelectTest" time="0"/>
  <testcase name="testTopExpressionIssue243" classname="net.sf.jsqlparser.statement.select.SelectTest" time="0"/>
  <testcase name="testMultiPartColumnNameWithSchemaNameAndTableName" classname="net.sf.jsqlparser.statement.select.SelectTest" time="0.001"/>
  <testcase name="testMultiPartTableNameWithServerName" classname="net.sf.jsqlparser.statement.select.SelectTest" time="0"/>
  <testcase name="testProblemSqlAnalytic7Count" classname="net.sf.jsqlparser.statement.select.SelectTest" time="0.001"/>
  <testcase name="testSelectFunction" classname="net.sf.jsqlparser.statement.select.SelectTest" time="0"/>
  <testcase name="testIssue160_signedParameter" classname="net.sf.jsqlparser.statement.select.SelectTest" time="0.001"/>
  <testcase name="testAllColumnsFromTable" classname="net.sf.jsqlparser.statement.select.SelectTest" time="0"/>
  <testcase name="testTableFunctionWithAlias" classname="net.sf.jsqlparser.statement.select.SelectTest" time="0"/>
  <testcase name="testFunctionDateTimeValues" classname="net.sf.jsqlparser.statement.select.SelectTest" time="0.001"/>
  <testcase name="testProblemSqlCombinedSets" classname="net.sf.jsqlparser.statement.select.SelectTest" time="0.001"/>
  <testcase name="testDistinctTop2" classname="net.sf.jsqlparser.statement.select.SelectTest" time="0"/>
  <testcase name="testBetweenDate" classname="net.sf.jsqlparser.statement.select.SelectTest" time="0.001"/>
  <testcase name="testInterval1" classname="net.sf.jsqlparser.statement.select.SelectTest" time="0"/>
  <testcase name="testInterval2" classname="net.sf.jsqlparser.statement.select.SelectTest" time="0.003"/>
  <testcase name="testInterval3" classname="net.sf.jsqlparser.statement.select.SelectTest" time="0"/>
  <testcase name="testInterval4" classname="net.sf.jsqlparser.statement.select.SelectTest" time="0"/>
  <testcase name="testOptimizeForIssue348" classname="net.sf.jsqlparser.statement.select.SelectTest" time="0.001"/>
  <testcase name="testIssue371SimplifiedCase" classname="net.sf.jsqlparser.statement.select.SelectTest" time="0"/>
  <testcase name="testConcat" classname="net.sf.jsqlparser.statement.select.SelectTest" time="0"/>
  <testcase name="testCount2" classname="net.sf.jsqlparser.statement.select.SelectTest" time="0"/>
  <testcase name="testIssue588NotNull" classname="net.sf.jsqlparser.statement.select.SelectTest" time="0"/>
  <testcase name="testSignedColumns" classname="net.sf.jsqlparser.statement.select.SelectTest" time="0"/>
  <testcase name="testDouble" classname="net.sf.jsqlparser.statement.select.SelectTest" time="0"/>
  <testcase name="testProblemSqlMinus" classname="net.sf.jsqlparser.statement.select.SelectTest" time="0"/>
  <testcase name="testNotNotIssue" classname="net.sf.jsqlparser.statement.select.SelectTest" time="0"/>
  <testcase name="testCharNotParsedIssue718" classname="net.sf.jsqlparser.statement.select.SelectTest" time="0"/>
  <testcase name="testExists" classname="net.sf.jsqlparser.statement.select.SelectTest" time="0.001"/>
  <testcase name="testMysqlIndexHintsWithJoins" classname="net.sf.jsqlparser.statement.select.SelectTest" time="0"/>
  <testcase name="testMultiPartTableNameWithServerProblem" classname="net.sf.jsqlparser.statement.select.SelectTest" time="0.001"/>
  <testcase name="testGroupByExpression" classname="net.sf.jsqlparser.statement.select.SelectTest" time="0"/>
  <testcase name="testMysqlMultipleIndexHints" classname="net.sf.jsqlparser.statement.select.SelectTest" time="0"/>
  <testcase name="testHaving" classname="net.sf.jsqlparser.statement.select.SelectTest" time="0.006"/>
  <testcase name="testIssue154" classname="net.sf.jsqlparser.statement.select.SelectTest" time="0"/>
  <testcase name="testIssue512" classname="net.sf.jsqlparser.statement.select.SelectTest" time="0.024"/>
  <testcase name="testIssue514" classname="net.sf.jsqlparser.statement.select.SelectTest" time="0.001"/>
  <testcase name="testIssue522" classname="net.sf.jsqlparser.statement.select.SelectTest" time="0.001"/>
  <testcase name="testIssue554" classname="net.sf.jsqlparser.statement.select.SelectTest" time="0"/>
  <testcase name="testIssue699" classname="net.sf.jsqlparser.statement.select.SelectTest" time="0">
    <skipped/>
  </testcase>
  <testcase name="testDistinctTop" classname="net.sf.jsqlparser.statement.select.SelectTest" time="0"/>
  <testcase name="testSelectUserVariable" classname="net.sf.jsqlparser.statement.select.SelectTest" time="0"/>
  <testcase name="testSubQueryAliasIssue754" classname="net.sf.jsqlparser.statement.select.SelectTest" time="0.001"/>
  <testcase name="testIsNot2" classname="net.sf.jsqlparser.statement.select.SelectTest" time="0"/>
  <testcase name="testDouble2" classname="net.sf.jsqlparser.statement.select.SelectTest" time="0"/>
  <testcase name="testDouble3" classname="net.sf.jsqlparser.statement.select.SelectTest" time="0"/>
  <testcase name="testDouble4" classname="net.sf.jsqlparser.statement.select.SelectTest" time="0"/>
  <testcase name="testTopWithParenthesis" classname="net.sf.jsqlparser.statement.select.SelectTest" time="0.001"/>
  <testcase name="testSelectOracleColl" classname="net.sf.jsqlparser.statement.select.SelectTest" time="0"/>
  <testcase name="testOracleHint" classname="net.sf.jsqlparser.statement.select.SelectTest" time="0.004"/>
  <testcase name="testOracleJoin" classname="net.sf.jsqlparser.statement.select.SelectTest" time="0"/>
  <testcase name="testPostgreSQLRegExpCaseSensitiveMatch2" classname="net.sf.jsqlparser.statement.select.SelectTest" time="0"/>
  <testcase name="testPostgreSQLRegExpCaseSensitiveMatch3" classname="net.sf.jsqlparser.statement.select.SelectTest" time="0"/>
  <testcase name="testPostgreSQLRegExpCaseSensitiveMatch4" classname="net.sf.jsqlparser.statement.select.SelectTest" time="0"/>
  <testcase name="testFunctionIssue284" classname="net.sf.jsqlparser.statement.select.SelectTest" time="0.001"/>
  <testcase name="testSqlContainIsNullFunctionShouldBeParsed" classname="net.sf.jsqlparser.statement.select.SelectTest" time="0"/>
  <testcase name="testRowConstructor1" classname="net.sf.jsqlparser.statement.select.SelectTest" time="0"/>
  <testcase name="testRowConstructor2" classname="net.sf.jsqlparser.statement.select.SelectTest" time="0.014"/>
  <testcase name="testLimit2" classname="net.sf.jsqlparser.statement.select.SelectTest" time="0.002"/>
  <testcase name="testLimit3" classname="net.sf.jsqlparser.statement.select.SelectTest" time="0"/>
  <testcase name="testLimit4" classname="net.sf.jsqlparser.statement.select.SelectTest" time="0.001"/>
  <testcase name="testTableCrossJoin" classname="net.sf.jsqlparser.statement.select.SelectTest" time="0"/>
  <testcase name="testWhereIssue241KeywordEnd" classname="net.sf.jsqlparser.statement.select.SelectTest" time="0"/>
  <testcase name="testProblemSqlAnalytic2" classname="net.sf.jsqlparser.statement.select.SelectTest" time="0.001"/>
  <testcase name="testProblemSqlAnalytic3" classname="net.sf.jsqlparser.statement.select.SelectTest" time="0.001"/>
  <testcase name="testProblemSqlAnalytic9CommaListPartition" classname="net.sf.jsqlparser.statement.select.SelectTest" time="0.001"/>
  <testcase name="testSelectWithoutFrom" classname="net.sf.jsqlparser.statement.select.SelectTest" time="0"/>
  <testcase name="testOracleHierarchicalQuery" classname="net.sf.jsqlparser.statement.select.SelectTest" time="0"/>
  <testcase name="testParenthesisAroundFromItem" classname="net.sf.jsqlparser.statement.select.SelectTest" time="0"/>
  <testcase name="testPivot1" classname="net.sf.jsqlparser.statement.select.SelectTest" time="0"/>
  <testcase name="testPivot2" classname="net.sf.jsqlparser.statement.select.SelectTest" time="0"/>
  <testcase name="testPivot3" classname="net.sf.jsqlparser.statement.select.SelectTest" time="0"/>
  <testcase name="testPivot4" classname="net.sf.jsqlparser.statement.select.SelectTest" time="0"/>
  <testcase name="testPivot5" classname="net.sf.jsqlparser.statement.select.SelectTest" time="0"/>
  <testcase name="testSelectWithBrackets" classname="net.sf.jsqlparser.statement.select.SelectTest" time="0"/>
  <testcase name="testAnalyticFunctionProblem1b" classname="net.sf.jsqlparser.statement.select.SelectTest" time="0"/>
  <testcase name="testDeparser" classname="net.sf.jsqlparser.statement.select.SelectTest" time="0.001"/>
  <testcase name="testPivotXmlSubquery1" classname="net.sf.jsqlparser.statement.select.SelectTest" time="0"/>
  <testcase name="testIssue167_singleQuoteEscape2" classname="net.sf.jsqlparser.statement.select.SelectTest" time="0"/>
  <testcase name="testOracleHierarchicalQuery2" classname="net.sf.jsqlparser.statement.select.SelectTest" time="0.001"/>
  <testcase name="testOracleHierarchicalQuery3" classname="net.sf.jsqlparser.statement.select.SelectTest" time="0"/>
  <testcase name="testOracleHierarchicalQuery4" classname="net.sf.jsqlparser.statement.select.SelectTest" time="0"/>
  <testcase name="testExtractFrom1" classname="net.sf.jsqlparser.statement.select.SelectTest" time="0"/>
  <testcase name="testExtractFrom2" classname="net.sf.jsqlparser.statement.select.SelectTest" time="0"/>
  <testcase name="testExtractFrom3" classname="net.sf.jsqlparser.statement.select.SelectTest" time="0"/>
  <testcase name="testExtractFrom4" classname="net.sf.jsqlparser.statement.select.SelectTest" time="0.001"/>
  <testcase name="testProblemSqlAnalytic4EmptyOver" classname="net.sf.jsqlparser.statement.select.SelectTest" time="0"/>
  <testcase name="testNotLike" classname="net.sf.jsqlparser.statement.select.SelectTest" time="0"/>
  <testcase name="testCastTypeProblem" classname="net.sf.jsqlparser.statement.select.SelectTest" time="0"/>
  <testcase name="testSelContraction" classname="net.sf.jsqlparser.statement.select.SelectTest" time="0"/>
  <testcase name="testUnion2" classname="net.sf.jsqlparser.statement.select.SelectTest" time="0.001"/>
  <testcase name="testSelectKeywordPercent" classname="net.sf.jsqlparser.statement.select.SelectTest" time="0"/>
  <testcase name="testValues" classname="net.sf.jsqlparser.statement.select.SelectTest" time="0"/>
  <testcase name="testEscapedFunctionsIssue647" classname="net.sf.jsqlparser.statement.select.SelectTest" time="0.001"/>
  <testcase name="testEscapedFunctionsIssue753" classname="net.sf.jsqlparser.statement.select.SelectTest" time="0"/>
  <testcase name="testLimitPR404" classname="net.sf.jsqlparser.statement.select.SelectTest" time="0.001"/>
  <testcase name="testDateArithmentic2" classname="net.sf.jsqlparser.statement.select.SelectTest" time="0"/>
  <testcase name="testDateArithmentic3" classname="net.sf.jsqlparser.statement.select.SelectTest" time="0"/>
  <testcase name="testDateArithmentic4" classname="net.sf.jsqlparser.statement.select.SelectTest" time="0"/>
  <testcase name="testDateArithmentic5" classname="net.sf.jsqlparser.statement.select.SelectTest" time="0.002"/>
  <testcase name="testDateArithmentic6" classname="net.sf.jsqlparser.statement.select.SelectTest" time="0"/>
  <testcase name="testDateArithmentic7" classname="net.sf.jsqlparser.statement.select.SelectTest" time="0"/>
  <testcase name="testDateArithmentic8" classname="net.sf.jsqlparser.statement.select.SelectTest" time="0"/>
  <testcase name="testDateArithmentic9" classname="net.sf.jsqlparser.statement.select.SelectTest" time="0"/>
  <testcase name="testValues6BothVariants" classname="net.sf.jsqlparser.statement.select.SelectTest" time="0"/>
  <testcase name="testProblemSqlExcept" classname="net.sf.jsqlparser.statement.select.SelectTest" time="0.017"/>
  <testcase name="testMultiPartTableNameWithServerNameAndSchemaName" classname="net.sf.jsqlparser.statement.select.SelectTest" time="0"/>
  <testcase name="testProblemSqlServer_Modulo" classname="net.sf.jsqlparser.statement.select.SelectTest" time="0.001"/>
  <testcase name="testReservedKeyword" classname="net.sf.jsqlparser.statement.select.SelectTest" time="0.001"/>
  <testcase name="testLimitSqlServerJdbcParameters" classname="net.sf.jsqlparser.statement.select.SelectTest" time="0"/>
  <testcase name="testSelectJoin" classname="net.sf.jsqlparser.statement.select.SelectTest" time="0.001"/>
  <testcase name="testSelectKeep" classname="net.sf.jsqlparser.statement.select.SelectTest" time="0"/>
  <testcase name="testCaseElseAddition" classname="net.sf.jsqlparser.statement.select.SelectTest" time="0"/>
  <testcase name="testTopKeyWord" classname="net.sf.jsqlparser.statement.select.SelectTest" time="0.001"/>
  <testcase name="testDateArithmentic" classname="net.sf.jsqlparser.statement.select.SelectTest" time="0"/>
  <testcase name="testIssue151_tableFunction" classname="net.sf.jsqlparser.statement.select.SelectTest" time="0.001"/>
  <testcase name="testNamedParameter2" classname="net.sf.jsqlparser.statement.select.SelectTest" time="0"/>
  <testcase name="testNamedParameter3" classname="net.sf.jsqlparser.statement.select.SelectTest" time="0"/>
  <testcase name="testBooleanFunction1" classname="net.sf.jsqlparser.statement.select.SelectTest" time="0"/>
  <testcase name="testSpeedTestIssue235" classname="net.sf.jsqlparser.statement.select.SelectTest" time="0.004"/>
  <testcase name="testNamedParametersIssue612" classname="net.sf.jsqlparser.statement.select.SelectTest" time="0"/>
  <testcase name="testCastInCast2" classname="net.sf.jsqlparser.statement.select.SelectTest" time="0.001"/>
  <testcase name="testNamedParameter" classname="net.sf.jsqlparser.statement.select.SelectTest" time="0"/>
</testsuite>