<?xml version="1.0" encoding="UTF-8"?>
<testsuite xmlns:xsi="http://www.w3.org/2001/XMLSchema-instance" xsi:noNamespaceSchemaLocation="https://maven.apache.org/surefire/maven-surefire-plugin/xsd/surefire-test-report.xsd" name="org.joda.convert.TestJDKStringConverters" time="0.055" tests="50" errors="0" skipped="0" failures="0">
  <properties>
    <property name="awt.toolkit" value="sun.awt.X11.XToolkit"/>
    <property name="maven.test.error.ignore" value="true"/>
    <property name="file.encoding.pkg" value="sun.io"/>
    <property name="java.specification.version" value="1.8"/>
    <property name="sun.cpu.isalist" value=""/>
    <property name="sun.jnu.encoding" value="UTF-8"/>
    <property name="java.class.path" value="/tmp/tmp70aw9bq6/joda-convert/target/test-classes:/tmp/tmp70aw9bq6/joda-convert/target/classes:/home/jdbl/.m2/repository/junit/junit/4.12/junit-4.12.jar:/home/jdbl/.m2/repository/org/hamcrest/hamcrest-core/1.3/hamcrest-core-1.3.jar:"/>
    <property name="java.vm.vendor" value="Oracle Corporation"/>
    <property name="maven.javadoc.skip" value="true"/>
    <property name="sun.arch.data.model" value="64"/>
    <property name="java.vendor.url" value="http://java.oracle.com/"/>
    <property name="user.timezone" value=""/>
    <property name="java.vm.specification.version" value="1.8"/>
    <property name="os.name" value="Linux"/>
    <property name="rat.skip" value="true"/>
    <property name="sun.java.launcher" value="SUN_STANDARD"/>
    <property name="sun.boot.library.path" value="/usr/local/openjdk-8/jre/lib/amd64"/>
    <property name="sun.java.command" value="/tmp/tmp70aw9bq6/joda-convert/target/surefire/surefirebooter3639731684538876784.jar /tmp/tmp70aw9bq6/joda-convert/target/surefire 2020-07-30T18-57-51_532-jvmRun1 surefire5799673606114828530tmp surefire_14147586261977126730tmp"/>
    <property name="surefire.test.class.path" value="/tmp/tmp70aw9bq6/joda-convert/target/test-classes:/tmp/tmp70aw9bq6/joda-convert/target/classes:/home/jdbl/.m2/repository/junit/junit/4.12/junit-4.12.jar:/home/jdbl/.m2/repository/org/hamcrest/hamcrest-core/1.3/hamcrest-core-1.3.jar:"/>
    <property name="sun.cpu.endian" value="little"/>
    <property name="user.home" value="/home/jdbl"/>
    <property name="user.language" value="en"/>
    <property name="java.specification.vendor" value="Oracle Corporation"/>
    <property name="java.home" value="/usr/local/openjdk-8/jre"/>
    <property name="basedir" value="/tmp/tmp70aw9bq6/joda-convert"/>
    <property name="file.separator" value="/"/>
    <property name="line.separator" value="&#10;"/>
    <property name="source.skip" value="true"/>
    <property name="java.vm.specification.vendor" value="Oracle Corporation"/>
    <property name="java.specification.name" value="Java Platform API Specification"/>
    <property name="java.awt.graphicsenv" value="sun.awt.X11GraphicsEnvironment"/>
    <property name="surefire.real.class.path" value="/tmp/tmp70aw9bq6/joda-convert/target/surefire/surefirebooter3639731684538876784.jar:/home/jdbl/.m2/repository/org/jacoco/org.jacoco.agent/0.8.1/org.jacoco.agent-0.8.1-runtime.jar"/>
    <property name="sun.boot.class.path" value="/usr/local/openjdk-8/jre/lib/resources.jar:/usr/local/openjdk-8/jre/lib/rt.jar:/usr/local/openjdk-8/jre/lib/sunrsasign.jar:/usr/local/openjdk-8/jre/lib/jsse.jar:/usr/local/openjdk-8/jre/lib/jce.jar:/usr/local/openjdk-8/jre/lib/charsets.jar:/usr/local/openjdk-8/jre/lib/jfr.jar:/usr/local/openjdk-8/jre/classes"/>
    <property name="sun.management.compiler" value="HotSpot 64-Bit Tiered Compilers"/>
    <property name="java.runtime.version" value="1.8.0_262-b10"/>
    <property name="user.name" value="jdbl"/>
    <property name="path.separator" value=":"/>
    <property name="os.version" value="4.15.0-109-generic"/>
    <property name="java.endorsed.dirs" value="/usr/local/openjdk-8/jre/lib/endorsed"/>
    <property name="java.runtime.name" value="OpenJDK Runtime Environment"/>
    <property name="file.encoding" value="UTF-8"/>
    <property name="java.vm.name" value="OpenJDK 64-Bit Server VM"/>
    <property name="localRepository" value="/home/jdbl/.m2/repository"/>
    <property name="java.vendor.url.bug" value="http://bugreport.sun.com/bugreport/"/>
    <property name="java.io.tmpdir" value="/tmp"/>
    <property name="java.version" value="1.8.0_262"/>
    <property name="user.dir" value="/tmp/tmp70aw9bq6/joda-convert"/>
    <property name="os.arch" value="amd64"/>
    <property name="license.skip" value="true"/>
    <property name="animal.sniffer.skip" value="true"/>
    <property name="java.vm.specification.name" value="Java Virtual Machine Specification"/>
    <property name="java.awt.printerjob" value="sun.print.PSPrinterJob"/>
    <property name="sun.os.patch.level" value="unknown"/>
    <property name="java.library.path" value="/usr/java/packages/lib/amd64:/usr/lib64:/lib64:/lib:/usr/lib"/>
    <property name="java.vm.info" value="mixed mode"/>
    <property name="java.vendor" value="Oracle Corporation"/>
    <property name="java.vm.version" value="25.262-b10"/>
    <property name="java.ext.dirs" value="/usr/local/openjdk-8/jre/lib/ext:/usr/java/packages/lib/ext"/>
    <property name="sun.io.unicode.encoding" value="UnicodeLittle"/>
    <property name="java.class.version" value="52.0"/>
    <property name="maven.test.failure.ignore" value="true"/>
  </properties>
  <testcase name="test_Date_invalidFormat" classname="org.joda.convert.TestJDKStringConverters" time="0.006"/>
  <testcase name="test_Enum_invalidConstant" classname="org.joda.convert.TestJDKStringConverters" time="0.005"/>
  <testcase name="test_Calendar_notGregorian" classname="org.joda.convert.TestJDKStringConverters" time="0"/>
  <testcase name="test_Calendar_invalidFormat" classname="org.joda.convert.TestJDKStringConverters" time="0.001"/>
  <testcase name="test_Boolean_fail" classname="org.joda.convert.TestJDKStringConverters" time="0"/>
  <testcase name="test_Date_invalidLength" classname="org.joda.convert.TestJDKStringConverters" time="0"/>
  <testcase name="test_Calendar_invalidLength" classname="org.joda.convert.TestJDKStringConverters" time="0"/>
  <testcase name="test_Double" classname="org.joda.convert.TestJDKStringConverters" time="0"/>
  <testcase name="test_Locale" classname="org.joda.convert.TestJDKStringConverters" time="0"/>
  <testcase name="test_Calendar" classname="org.joda.convert.TestJDKStringConverters" time="0.002"/>
  <testcase name="test_byteArray1" classname="org.joda.convert.TestJDKStringConverters" time="0"/>
  <testcase name="test_byteArray2" classname="org.joda.convert.TestJDKStringConverters" time="0"/>
  <testcase name="test_byteArray3" classname="org.joda.convert.TestJDKStringConverters" time="0"/>
  <testcase name="test_byteArray4" classname="org.joda.convert.TestJDKStringConverters" time="0"/>
  <testcase name="test_StringBuffer" classname="org.joda.convert.TestJDKStringConverters" time="0"/>
  <testcase name="test_Byte" classname="org.joda.convert.TestJDKStringConverters" time="0.001"/>
  <testcase name="test_Date" classname="org.joda.convert.TestJDKStringConverters" time="0.001"/>
  <testcase name="test_Enum" classname="org.joda.convert.TestJDKStringConverters" time="0.001"/>
  <testcase name="test_File" classname="org.joda.convert.TestJDKStringConverters" time="0"/>
  <testcase name="test_Long" classname="org.joda.convert.TestJDKStringConverters" time="0"/>
  <testcase name="test_UUID" classname="org.joda.convert.TestJDKStringConverters" time="0.009"/>
  <testcase name="test_String" classname="org.joda.convert.TestJDKStringConverters" time="0"/>
  <testcase name="test_Int" classname="org.joda.convert.TestJDKStringConverters" time="0.001"/>
  <testcase name="test_URI" classname="org.joda.convert.TestJDKStringConverters" time="0"/>
  <testcase name="test_URL" classname="org.joda.convert.TestJDKStringConverters" time="0.001"/>
  <testcase name="test_AtomicBoolean_false" classname="org.joda.convert.TestJDKStringConverters" time="0"/>
  <testcase name="test_AtomicBoolean_fail" classname="org.joda.convert.TestJDKStringConverters" time="0"/>
  <testcase name="test_AtomicBoolean_true" classname="org.joda.convert.TestJDKStringConverters" time="0"/>
  <testcase name="test_Character" classname="org.joda.convert.TestJDKStringConverters" time="0"/>
  <testcase name="test_Currency" classname="org.joda.convert.TestJDKStringConverters" time="0"/>
  <testcase name="test_Package" classname="org.joda.convert.TestJDKStringConverters" time="0.002"/>
  <testcase name="test_Enum_withRename" classname="org.joda.convert.TestJDKStringConverters" time="0.003"/>
  <testcase name="test_StringBuilder" classname="org.joda.convert.TestJDKStringConverters" time="0"/>
  <testcase name="test_BigDecimal" classname="org.joda.convert.TestJDKStringConverters" time="0.002"/>
  <testcase name="test_Boolean" classname="org.joda.convert.TestJDKStringConverters" time="0"/>
  <testcase name="test_Class_fail" classname="org.joda.convert.TestJDKStringConverters" time="0"/>
  <testcase name="test_BigInteger" classname="org.joda.convert.TestJDKStringConverters" time="0.001"/>
  <testcase name="test_InetAddress" classname="org.joda.convert.TestJDKStringConverters" time="0"/>
  <testcase name="test_CharSequence" classname="org.joda.convert.TestJDKStringConverters" time="0"/>
  <testcase name="test_AtomicInteger" classname="org.joda.convert.TestJDKStringConverters" time="0"/>
  <testcase name="test_AtomicLong" classname="org.joda.convert.TestJDKStringConverters" time="0.001"/>
  <testcase name="test_TimeZone" classname="org.joda.convert.TestJDKStringConverters" time="0"/>
  <testcase name="test_URL_invalidFormat" classname="org.joda.convert.TestJDKStringConverters" time="0.001"/>
  <testcase name="test_Class_withRename" classname="org.joda.convert.TestJDKStringConverters" time="0"/>
  <testcase name="test_charArray" classname="org.joda.convert.TestJDKStringConverters" time="0"/>
  <testcase name="test_Character_fail" classname="org.joda.convert.TestJDKStringConverters" time="0"/>
  <testcase name="test_Class_primitive" classname="org.joda.convert.TestJDKStringConverters" time="0"/>
  <testcase name="test_Class" classname="org.joda.convert.TestJDKStringConverters" time="0"/>
  <testcase name="test_Float" classname="org.joda.convert.TestJDKStringConverters" time="0"/>
  <testcase name="test_Short" classname="org.joda.convert.TestJDKStringConverters" time="0"/>
</testsuite>