<?xml version="1.0" encoding="UTF-8"?>
<testsuite xmlns:xsi="http://www.w3.org/2001/XMLSchema-instance" xsi:schemaLocation="https://maven.apache.org/surefire/maven-surefire-plugin/xsd/surefire-test-report.xsd" name="ch.digitalfondue.jfiveparse.TreeConstructionTest" time="0.359" tests="3363" errors="0" skipped="0" failures="0">
  <properties>
    <property name="java.runtime.name" value="OpenJDK Runtime Environment"/>
    <property name="sun.boot.library.path" value="/usr/local/openjdk-8/jre/lib/amd64"/>
    <property name="java.vm.version" value="25.262-b10"/>
    <property name="animal.sniffer.skip" value="true"/>
    <property name="java.vm.vendor" value="Oracle Corporation"/>
    <property name="maven.multiModuleProjectDirectory" value="/tmp/tmpeakjb4n9/jfiveparse"/>
    <property name="maven.javadoc.skip" value="true"/>
    <property name="java.vendor.url" value="http://java.oracle.com/"/>
    <property name="path.separator" value=":"/>
    <property name="guice.disable.misplaced.annotation.check" value="true"/>
    <property name="java.vm.name" value="OpenJDK 64-Bit Server VM"/>
    <property name="file.encoding.pkg" value="sun.io"/>
    <property name="sun.java.launcher" value="SUN_STANDARD"/>
    <property name="sun.os.patch.level" value="unknown"/>
    <property name="source.skip" value="true"/>
    <property name="java.vm.specification.name" value="Java Virtual Machine Specification"/>
    <property name="user.dir" value="/tmp/tmpeakjb4n9/jfiveparse"/>
    <property name="java.runtime.version" value="1.8.0_262-b10"/>
    <property name="java.awt.graphicsenv" value="sun.awt.X11GraphicsEnvironment"/>
    <property name="java.endorsed.dirs" value="/usr/local/openjdk-8/jre/lib/endorsed"/>
    <property name="os.arch" value="amd64"/>
    <property name="java.io.tmpdir" value="/tmp"/>
    <property name="line.separator" value="&#10;"/>
    <property name="java.vm.specification.vendor" value="Oracle Corporation"/>
    <property name="os.name" value="Linux"/>
    <property name="classworlds.conf" value="/usr/share/maven/bin/m2.conf"/>
    <property name="sun.jnu.encoding" value="UTF-8"/>
    <property name="java.library.path" value="/usr/java/packages/lib/amd64:/usr/lib64:/lib64:/lib:/usr/lib"/>
    <property name="license.skip" value="true"/>
    <property name="maven.conf" value="/usr/share/maven/conf"/>
    <property name="java.specification.name" value="Java Platform API Specification"/>
    <property name="java.class.version" value="52.0"/>
    <property name="sun.management.compiler" value="HotSpot 64-Bit Tiered Compilers"/>
    <property name="maven.test.failure.ignore" value="true"/>
    <property name="os.version" value="4.15.0-109-generic"/>
    <property name="library.jansi.path" value="/usr/share/maven/lib/jansi-native"/>
    <property name="user.home" value="/home/jdbl"/>
    <property name="user.timezone" value="Etc/UTC"/>
    <property name="java.awt.printerjob" value="sun.print.PSPrinterJob"/>
    <property name="java.specification.version" value="1.8"/>
    <property name="file.encoding" value="UTF-8"/>
    <property name="user.name" value="jdbl"/>
    <property name="java.class.path" value="/usr/share/maven/boot/plexus-classworlds-2.6.0.jar"/>
    <property name="java.vm.specification.version" value="1.8"/>
    <property name="sun.arch.data.model" value="64"/>
    <property name="java.home" value="/usr/local/openjdk-8/jre"/>
    <property name="sun.java.command" value="org.codehaus.plexus.classworlds.launcher.Launcher test -e --fail-never -ntp -Dmaven.test.failure.ignore=true -B -Dmaven.javadoc.skip=true -Drat.skip=true -Danimal.sniffer.skip=true -Dmaven.javadoc.skip=true -Dlicense.skip=true -Dsource.skip=true"/>
    <property name="java.specification.vendor" value="Oracle Corporation"/>
    <property name="user.language" value="en"/>
    <property name="awt.toolkit" value="sun.awt.X11.XToolkit"/>
    <property name="java.vm.info" value="mixed mode"/>
    <property name="java.version" value="1.8.0_262"/>
    <property name="java.ext.dirs" value="/usr/local/openjdk-8/jre/lib/ext:/usr/java/packages/lib/ext"/>
    <property name="securerandom.source" value="file:/dev/./urandom"/>
    <property name="sun.boot.class.path" value="/usr/local/openjdk-8/jre/lib/resources.jar:/usr/local/openjdk-8/jre/lib/rt.jar:/usr/local/openjdk-8/jre/lib/sunrsasign.jar:/usr/local/openjdk-8/jre/lib/jsse.jar:/usr/local/openjdk-8/jre/lib/jce.jar:/usr/local/openjdk-8/jre/lib/charsets.jar:/usr/local/openjdk-8/jre/lib/jfr.jar:/usr/local/openjdk-8/jre/classes"/>
    <property name="java.vendor" value="Oracle Corporation"/>
    <property name="rat.skip" value="true"/>
    <property name="maven.home" value="/usr/share/maven"/>
    <property name="file.separator" value="/"/>
    <property name="java.vendor.url.bug" value="http://bugreport.sun.com/bugreport/"/>
    <property name="sun.cpu.endian" value="little"/>
    <property name="sun.io.unicode.encoding" value="UnicodeLittle"/>
    <property name="sun.cpu.isalist" value=""/>
  </properties>
  <testcase name="check[adoption01.dat:0:false]" classname="ch.digitalfondue.jfiveparse.TreeConstructionTest" time="0.01"/>
  <testcase name="check[adoption01.dat:1:false]" classname="ch.digitalfondue.jfiveparse.TreeConstructionTest" time="0.001"/>
  <testcase name="check[adoption01.dat:2:false]" classname="ch.digitalfondue.jfiveparse.TreeConstructionTest" time="0"/>
  <testcase name="check[adoption01.dat:3:false]" classname="ch.digitalfondue.jfiveparse.TreeConstructionTest" time="0.001"/>
  <testcase name="check[adoption01.dat:4:false]" classname="ch.digitalfondue.jfiveparse.TreeConstructionTest" time="0"/>
  <testcase name="check[adoption01.dat:5:false]" classname="ch.digitalfondue.jfiveparse.TreeConstructionTest" time="0"/>
  <testcase name="check[adoption01.dat:6:false]" classname="ch.digitalfondue.jfiveparse.TreeConstructionTest" time="0"/>
  <testcase name="check[adoption01.dat:7:false]" classname="ch.digitalfondue.jfiveparse.TreeConstructionTest" time="0"/>
  <testcase name="check[adoption01.dat:8:false]" classname="ch.digitalfondue.jfiveparse.TreeConstructionTest" time="0"/>
  <testcase name="check[adoption01.dat:9:false]" classname="ch.digitalfondue.jfiveparse.TreeConstructionTest" time="0.001"/>
  <testcase name="check[adoption01.dat:10:false]" classname="ch.digitalfondue.jfiveparse.TreeConstructionTest" time="0.001"/>
  <testcase name="check[adoption01.dat:11:false]" classname="ch.digitalfondue.jfiveparse.TreeConstructionTest" time="0.004"/>
  <testcase name="check[adoption01.dat:12:false]" classname="ch.digitalfondue.jfiveparse.TreeConstructionTest" time="0.001"/>
  <testcase name="check[adoption01.dat:13:false]" classname="ch.digitalfondue.jfiveparse.TreeConstructionTest" time="0"/>
  <testcase name="check[adoption01.dat:14:false]" classname="ch.digitalfondue.jfiveparse.TreeConstructionTest" time="0.003"/>
  <testcase name="check[adoption01.dat:15:false]" classname="ch.digitalfondue.jfiveparse.TreeConstructionTest" time="0"/>
  <testcase name="check[adoption01.dat:16:false]" classname="ch.digitalfondue.jfiveparse.TreeConstructionTest" time="0"/>
  <testcase name="check[adoption01.dat:17:false]" classname="ch.digitalfondue.jfiveparse.TreeConstructionTest" time="0"/>
  <testcase name="check[adoption01.dat:18:true]" classname="ch.digitalfondue.jfiveparse.TreeConstructionTest" time="0"/>
  <testcase name="check[adoption01.dat:19:true]" classname="ch.digitalfondue.jfiveparse.TreeConstructionTest" time="0"/>
  <testcase name="check[adoption01.dat:20:true]" classname="ch.digitalfondue.jfiveparse.TreeConstructionTest" time="0"/>
  <testcase name="check[adoption01.dat:21:true]" classname="ch.digitalfondue.jfiveparse.TreeConstructionTest" time="0"/>
  <testcase name="check[adoption01.dat:22:true]" classname="ch.digitalfondue.jfiveparse.TreeConstructionTest" time="0"/>
  <testcase name="check[adoption01.dat:23:true]" classname="ch.digitalfondue.jfiveparse.TreeConstructionTest" time="0"/>
  <testcase name="check[adoption01.dat:24:true]" classname="ch.digitalfondue.jfiveparse.TreeConstructionTest" time="0.001"/>
  <testcase name="check[adoption01.dat:25:true]" classname="ch.digitalfondue.jfiveparse.TreeConstructionTest" time="0"/>
  <testcase name="check[adoption01.dat:26:true]" classname="ch.digitalfondue.jfiveparse.TreeConstructionTest" time="0"/>
  <testcase name="check[adoption01.dat:27:true]" classname="ch.digitalfondue.jfiveparse.TreeConstructionTest" time="0"/>
  <testcase name="check[adoption01.dat:28:true]" classname="ch.digitalfondue.jfiveparse.TreeConstructionTest" time="0"/>
  <testcase name="check[adoption01.dat:29:true]" classname="ch.digitalfondue.jfiveparse.TreeConstructionTest" time="0"/>
  <testcase name="check[adoption01.dat:30:true]" classname="ch.digitalfondue.jfiveparse.TreeConstructionTest" time="0"/>
  <testcase name="check[adoption01.dat:31:true]" classname="ch.digitalfondue.jfiveparse.TreeConstructionTest" time="0.001"/>
  <testcase name="check[adoption01.dat:32:true]" classname="ch.digitalfondue.jfiveparse.TreeConstructionTest" time="0"/>
  <testcase name="check[adoption01.dat:33:true]" classname="ch.digitalfondue.jfiveparse.TreeConstructionTest" time="0"/>
  <testcase name="check[adoption01.dat:34:true]" classname="ch.digitalfondue.jfiveparse.TreeConstructionTest" time="0"/>
  <testcase name="check[adoption01.dat:35:true]" classname="ch.digitalfondue.jfiveparse.TreeConstructionTest" time="0"/>
  <testcase name="check[adoption02.dat:36:false]" classname="ch.digitalfondue.jfiveparse.TreeConstructionTest" time="0"/>
  <testcase name="check[adoption02.dat:37:false]" classname="ch.digitalfondue.jfiveparse.TreeConstructionTest" time="0.001"/>
  <testcase name="check[adoption02.dat:38:true]" classname="ch.digitalfondue.jfiveparse.TreeConstructionTest" time="0"/>
  <testcase name="check[adoption02.dat:39:true]" classname="ch.digitalfondue.jfiveparse.TreeConstructionTest" time="0"/>
  <testcase name="check[blocks.dat:40:false]" classname="ch.digitalfondue.jfiveparse.TreeConstructionTest" time="0"/>
  <testcase name="check[blocks.dat:41:false]" classname="ch.digitalfondue.jfiveparse.TreeConstructionTest" time="0"/>
  <testcase name="check[blocks.dat:42:false]" classname="ch.digitalfondue.jfiveparse.TreeConstructionTest" time="0"/>
  <testcase name="check[blocks.dat:43:false]" classname="ch.digitalfondue.jfiveparse.TreeConstructionTest" time="0.001"/>
  <testcase name="check[blocks.dat:44:false]" classname="ch.digitalfondue.jfiveparse.TreeConstructionTest" time="0"/>
  <testcase name="check[blocks.dat:45:false]" classname="ch.digitalfondue.jfiveparse.TreeConstructionTest" time="0"/>
  <testcase name="check[blocks.dat:46:false]" classname="ch.digitalfondue.jfiveparse.TreeConstructionTest" time="0"/>
  <testcase name="check[blocks.dat:47:false]" classname="ch.digitalfondue.jfiveparse.TreeConstructionTest" time="0"/>
  <testcase name="check[blocks.dat:48:false]" classname="ch.digitalfondue.jfiveparse.TreeConstructionTest" time="0"/>
  <testcase name="check[blocks.dat:49:false]" classname="ch.digitalfondue.jfiveparse.TreeConstructionTest" time="0"/>
  <testcase name="check[blocks.dat:50:false]" classname="ch.digitalfondue.jfiveparse.TreeConstructionTest" time="0"/>
  <testcase name="check[blocks.dat:51:false]" classname="ch.digitalfondue.jfiveparse.TreeConstructionTest" time="0"/>
  <testcase name="check[blocks.dat:52:false]" classname="ch.digitalfondue.jfiveparse.TreeConstructionTest" time="0"/>
  <testcase name="check[blocks.dat:53:false]" classname="ch.digitalfondue.jfiveparse.TreeConstructionTest" time="0"/>
  <testcase name="check[blocks.dat:54:false]" classname="ch.digitalfondue.jfiveparse.TreeConstructionTest" time="0"/>
  <testcase name="check[blocks.dat:55:false]" classname="ch.digitalfondue.jfiveparse.TreeConstructionTest" time="0"/>
  <testcase name="check[blocks.dat:56:false]" classname="ch.digitalfondue.jfiveparse.TreeConstructionTest" time="0"/>
  <testcase name="check[blocks.dat:57:false]" classname="ch.digitalfondue.jfiveparse.TreeConstructionTest" time="0"/>
  <testcase name="check[blocks.dat:58:false]" classname="ch.digitalfondue.jfiveparse.TreeConstructionTest" time="0"/>
  <testcase name="check[blocks.dat:59:false]" classname="ch.digitalfondue.jfiveparse.TreeConstructionTest" time="0"/>
  <testcase name="check[blocks.dat:60:false]" classname="ch.digitalfondue.jfiveparse.TreeConstructionTest" time="0"/>
  <testcase name="check[blocks.dat:61:false]" classname="ch.digitalfondue.jfiveparse.TreeConstructionTest" time="0"/>
  <testcase name="check[blocks.dat:62:false]" classname="ch.digitalfondue.jfiveparse.TreeConstructionTest" time="0"/>
  <testcase name="check[blocks.dat:63:false]" classname="ch.digitalfondue.jfiveparse.TreeConstructionTest" time="0"/>
  <testcase name="check[blocks.dat:64:false]" classname="ch.digitalfondue.jfiveparse.TreeConstructionTest" time="0"/>
  <testcase name="check[blocks.dat:65:false]" classname="ch.digitalfondue.jfiveparse.TreeConstructionTest" time="0"/>
  <testcase name="check[blocks.dat:66:false]" classname="ch.digitalfondue.jfiveparse.TreeConstructionTest" time="0"/>
  <testcase name="check[blocks.dat:67:false]" classname="ch.digitalfondue.jfiveparse.TreeConstructionTest" time="0"/>
  <testcase name="check[blocks.dat:68:false]" classname="ch.digitalfondue.jfiveparse.TreeConstructionTest" time="0"/>
  <testcase name="check[blocks.dat:69:false]" classname="ch.digitalfondue.jfiveparse.TreeConstructionTest" time="0"/>
  <testcase name="check[blocks.dat:70:false]" classname="ch.digitalfondue.jfiveparse.TreeConstructionTest" time="0"/>
  <testcase name="check[blocks.dat:71:false]" classname="ch.digitalfondue.jfiveparse.TreeConstructionTest" time="0"/>
  <testcase name="check[blocks.dat:72:false]" classname="ch.digitalfondue.jfiveparse.TreeConstructionTest" time="0"/>
  <testcase name="check[blocks.dat:73:false]" classname="ch.digitalfondue.jfiveparse.TreeConstructionTest" time="0"/>
  <testcase name="check[blocks.dat:74:false]" classname="ch.digitalfondue.jfiveparse.TreeConstructionTest" time="0"/>
  <testcase name="check[blocks.dat:75:false]" classname="ch.digitalfondue.jfiveparse.TreeConstructionTest" time="0"/>
  <testcase name="check[blocks.dat:76:false]" classname="ch.digitalfondue.jfiveparse.TreeConstructionTest" time="0"/>
  <testcase name="check[blocks.dat:77:false]" classname="ch.digitalfondue.jfiveparse.TreeConstructionTest" time="0"/>
  <testcase name="check[blocks.dat:78:false]" classname="ch.digitalfondue.jfiveparse.TreeConstructionTest" time="0"/>
  <testcase name="check[blocks.dat:79:false]" classname="ch.digitalfondue.jfiveparse.TreeConstructionTest" time="0.001"/>
  <testcase name="check[blocks.dat:80:false]" classname="ch.digitalfondue.jfiveparse.TreeConstructionTest" time="0"/>
  <testcase name="check[blocks.dat:81:false]" classname="ch.digitalfondue.jfiveparse.TreeConstructionTest" time="0"/>
  <testcase name="check[blocks.dat:82:false]" classname="ch.digitalfondue.jfiveparse.TreeConstructionTest" time="0"/>
  <testcase name="check[blocks.dat:83:false]" classname="ch.digitalfondue.jfiveparse.TreeConstructionTest" time="0"/>
  <testcase name="check[blocks.dat:84:false]" classname="ch.digitalfondue.jfiveparse.TreeConstructionTest" time="0"/>
  <testcase name="check[blocks.dat:85:false]" classname="ch.digitalfondue.jfiveparse.TreeConstructionTest" time="0"/>
  <testcase name="check[blocks.dat:86:false]" classname="ch.digitalfondue.jfiveparse.TreeConstructionTest" time="0"/>
  <testcase name="check[blocks.dat:87:false]" classname="ch.digitalfondue.jfiveparse.TreeConstructionTest" time="0"/>
  <testcase name="check[blocks.dat:88:true]" classname="ch.digitalfondue.jfiveparse.TreeConstructionTest" time="0"/>
  <testcase name="check[blocks.dat:89:true]" classname="ch.digitalfondue.jfiveparse.TreeConstructionTest" time="0"/>
  <testcase name="check[blocks.dat:90:true]" classname="ch.digitalfondue.jfiveparse.TreeConstructionTest" time="0"/>
  <testcase name="check[blocks.dat:91:true]" classname="ch.digitalfondue.jfiveparse.TreeConstructionTest" time="0"/>
  <testcase name="check[blocks.dat:92:true]" classname="ch.digitalfondue.jfiveparse.TreeConstructionTest" time="0"/>
  <testcase name="check[blocks.dat:93:true]" classname="ch.digitalfondue.jfiveparse.TreeConstructionTest" time="0"/>
  <testcase name="check[blocks.dat:94:true]" classname="ch.digitalfondue.jfiveparse.TreeConstructionTest" time="0"/>
  <testcase name="check[blocks.dat:95:true]" classname="ch.digitalfondue.jfiveparse.TreeConstructionTest" time="0"/>
  <testcase name="check[blocks.dat:96:true]" classname="ch.digitalfondue.jfiveparse.TreeConstructionTest" time="0"/>
  <testcase name="check[blocks.dat:97:true]" classname="ch.digitalfondue.jfiveparse.TreeConstructionTest" time="0"/>
  <testcase name="check[blocks.dat:98:true]" classname="ch.digitalfondue.jfiveparse.TreeConstructionTest" time="0.001"/>
  <testcase name="check[blocks.dat:99:true]" classname="ch.digitalfondue.jfiveparse.TreeConstructionTest" time="0"/>
  <testcase name="check[blocks.dat:100:true]" classname="ch.digitalfondue.jfiveparse.TreeConstructionTest" time="0"/>
  <testcase name="check[blocks.dat:101:true]" classname="ch.digitalfondue.jfiveparse.TreeConstructionTest" time="0"/>
  <testcase name="check[blocks.dat:102:true]" classname="ch.digitalfondue.jfiveparse.TreeConstructionTest" time="0"/>
  <testcase name="check[blocks.dat:103:true]" classname="ch.digitalfondue.jfiveparse.TreeConstructionTest" time="0"/>
  <testcase name="check[blocks.dat:104:true]" classname="ch.digitalfondue.jfiveparse.TreeConstructionTest" time="0"/>
  <testcase name="check[blocks.dat:105:true]" classname="ch.digitalfondue.jfiveparse.TreeConstructionTest" time="0"/>
  <testcase name="check[blocks.dat:106:true]" classname="ch.digitalfondue.jfiveparse.TreeConstructionTest" time="0"/>
  <testcase name="check[blocks.dat:107:true]" classname="ch.digitalfondue.jfiveparse.TreeConstructionTest" time="0"/>
  <testcase name="check[blocks.dat:108:true]" classname="ch.digitalfondue.jfiveparse.TreeConstructionTest" time="0"/>
  <testcase name="check[blocks.dat:109:true]" classname="ch.digitalfondue.jfiveparse.TreeConstructionTest" time="0"/>
  <testcase name="check[blocks.dat:110:true]" classname="ch.digitalfondue.jfiveparse.TreeConstructionTest" time="0"/>
  <testcase name="check[blocks.dat:111:true]" classname="ch.digitalfondue.jfiveparse.TreeConstructionTest" time="0.001"/>
  <testcase name="check[blocks.dat:112:true]" classname="ch.digitalfondue.jfiveparse.TreeConstructionTest" time="0"/>
  <testcase name="check[blocks.dat:113:true]" classname="ch.digitalfondue.jfiveparse.TreeConstructionTest" time="0"/>
  <testcase name="check[blocks.dat:114:true]" classname="ch.digitalfondue.jfiveparse.TreeConstructionTest" time="0"/>
  <testcase name="check[blocks.dat:115:true]" classname="ch.digitalfondue.jfiveparse.TreeConstructionTest" time="0"/>
  <testcase name="check[blocks.dat:116:true]" classname="ch.digitalfondue.jfiveparse.TreeConstructionTest" time="0"/>
  <testcase name="check[blocks.dat:117:true]" classname="ch.digitalfondue.jfiveparse.TreeConstructionTest" time="0"/>
  <testcase name="check[blocks.dat:118:true]" classname="ch.digitalfondue.jfiveparse.TreeConstructionTest" time="0"/>
  <testcase name="check[blocks.dat:119:true]" classname="ch.digitalfondue.jfiveparse.TreeConstructionTest" time="0"/>
  <testcase name="check[blocks.dat:120:true]" classname="ch.digitalfondue.jfiveparse.TreeConstructionTest" time="0"/>
  <testcase name="check[blocks.dat:121:true]" classname="ch.digitalfondue.jfiveparse.TreeConstructionTest" time="0"/>
  <testcase name="check[blocks.dat:122:true]" classname="ch.digitalfondue.jfiveparse.TreeConstructionTest" time="0"/>
  <testcase name="check[blocks.dat:123:true]" classname="ch.digitalfondue.jfiveparse.TreeConstructionTest" time="0"/>
  <testcase name="check[blocks.dat:124:true]" classname="ch.digitalfondue.jfiveparse.TreeConstructionTest" time="0"/>
  <testcase name="check[blocks.dat:125:true]" classname="ch.digitalfondue.jfiveparse.TreeConstructionTest" time="0"/>
  <testcase name="check[blocks.dat:126:true]" classname="ch.digitalfondue.jfiveparse.TreeConstructionTest" time="0"/>
  <testcase name="check[blocks.dat:127:true]" classname="ch.digitalfondue.jfiveparse.TreeConstructionTest" time="0.001"/>
  <testcase name="check[blocks.dat:128:true]" classname="ch.digitalfondue.jfiveparse.TreeConstructionTest" time="0"/>
  <testcase name="check[blocks.dat:129:true]" classname="ch.digitalfondue.jfiveparse.TreeConstructionTest" time="0"/>
  <testcase name="check[blocks.dat:130:true]" classname="ch.digitalfondue.jfiveparse.TreeConstructionTest" time="0"/>
  <testcase name="check[blocks.dat:131:true]" classname="ch.digitalfondue.jfiveparse.TreeConstructionTest" time="0"/>
  <testcase name="check[blocks.dat:132:true]" classname="ch.digitalfondue.jfiveparse.TreeConstructionTest" time="0"/>
  <testcase name="check[blocks.dat:133:true]" classname="ch.digitalfondue.jfiveparse.TreeConstructionTest" time="0"/>
  <testcase name="check[blocks.dat:134:true]" classname="ch.digitalfondue.jfiveparse.TreeConstructionTest" time="0"/>
  <testcase name="check[blocks.dat:135:true]" classname="ch.digitalfondue.jfiveparse.TreeConstructionTest" time="0"/>
  <testcase name="check[comments01.dat:136:false]" classname="ch.digitalfondue.jfiveparse.TreeConstructionTest" time="0"/>
  <testcase name="check[comments01.dat:137:false]" classname="ch.digitalfondue.jfiveparse.TreeConstructionTest" time="0"/>
  <testcase name="check[comments01.dat:138:false]" classname="ch.digitalfondue.jfiveparse.TreeConstructionTest" time="0"/>
  <testcase name="check[comments01.dat:139:false]" classname="ch.digitalfondue.jfiveparse.TreeConstructionTest" time="0"/>
  <testcase name="check[comments01.dat:140:false]" classname="ch.digitalfondue.jfiveparse.TreeConstructionTest" time="0"/>
  <testcase name="check[comments01.dat:141:false]" classname="ch.digitalfondue.jfiveparse.TreeConstructionTest" time="0"/>
  <testcase name="check[comments01.dat:142:false]" classname="ch.digitalfondue.jfiveparse.TreeConstructionTest" time="0"/>
  <testcase name="check[comments01.dat:143:false]" classname="ch.digitalfondue.jfiveparse.TreeConstructionTest" time="0"/>
  <testcase name="check[comments01.dat:144:false]" classname="ch.digitalfondue.jfiveparse.TreeConstructionTest" time="0"/>
  <testcase name="check[comments01.dat:145:false]" classname="ch.digitalfondue.jfiveparse.TreeConstructionTest" time="0"/>
  <testcase name="check[comments01.dat:146:false]" classname="ch.digitalfondue.jfiveparse.TreeConstructionTest" time="0.001"/>
  <testcase name="check[comments01.dat:147:false]" classname="ch.digitalfondue.jfiveparse.TreeConstructionTest" time="0"/>
  <testcase name="check[comments01.dat:148:false]" classname="ch.digitalfondue.jfiveparse.TreeConstructionTest" time="0"/>
  <testcase name="check[comments01.dat:149:false]" classname="ch.digitalfondue.jfiveparse.TreeConstructionTest" time="0"/>
  <testcase name="check[comments01.dat:150:false]" classname="ch.digitalfondue.jfiveparse.TreeConstructionTest" time="0"/>
  <testcase name="check[comments01.dat:151:false]" classname="ch.digitalfondue.jfiveparse.TreeConstructionTest" time="0"/>
  <testcase name="check[comments01.dat:152:true]" classname="ch.digitalfondue.jfiveparse.TreeConstructionTest" time="0"/>
  <testcase name="check[comments01.dat:153:true]" classname="ch.digitalfondue.jfiveparse.TreeConstructionTest" time="0"/>
  <testcase name="check[comments01.dat:154:true]" classname="ch.digitalfondue.jfiveparse.TreeConstructionTest" time="0"/>
  <testcase name="check[comments01.dat:155:true]" classname="ch.digitalfondue.jfiveparse.TreeConstructionTest" time="0"/>
  <testcase name="check[comments01.dat:156:true]" classname="ch.digitalfondue.jfiveparse.TreeConstructionTest" time="0"/>
  <testcase name="check[comments01.dat:157:true]" classname="ch.digitalfondue.jfiveparse.TreeConstructionTest" time="0"/>
  <testcase name="check[comments01.dat:158:true]" classname="ch.digitalfondue.jfiveparse.TreeConstructionTest" time="0"/>
  <testcase name="check[comments01.dat:159:true]" classname="ch.digitalfondue.jfiveparse.TreeConstructionTest" time="0"/>
  <testcase name="check[comments01.dat:160:true]" classname="ch.digitalfondue.jfiveparse.TreeConstructionTest" time="0"/>
  <testcase name="check[comments01.dat:161:true]" classname="ch.digitalfondue.jfiveparse.TreeConstructionTest" time="0"/>
  <testcase name="check[comments01.dat:162:true]" classname="ch.digitalfondue.jfiveparse.TreeConstructionTest" time="0"/>
  <testcase name="check[comments01.dat:163:true]" classname="ch.digitalfondue.jfiveparse.TreeConstructionTest" time="0"/>
  <testcase name="check[comments01.dat:164:true]" classname="ch.digitalfondue.jfiveparse.TreeConstructionTest" time="0"/>
  <testcase name="check[comments01.dat:165:true]" classname="ch.digitalfondue.jfiveparse.TreeConstructionTest" time="0"/>
  <testcase name="check[comments01.dat:166:true]" classname="ch.digitalfondue.jfiveparse.TreeConstructionTest" time="0"/>
  <testcase name="check[comments01.dat:167:true]" classname="ch.digitalfondue.jfiveparse.TreeConstructionTest" time="0"/>
  <testcase name="check[doctype01.dat:168:false]" classname="ch.digitalfondue.jfiveparse.TreeConstructionTest" time="0"/>
  <testcase name="check[doctype01.dat:169:false]" classname="ch.digitalfondue.jfiveparse.TreeConstructionTest" time="0.001"/>
  <testcase name="check[doctype01.dat:170:false]" classname="ch.digitalfondue.jfiveparse.TreeConstructionTest" time="0"/>
  <testcase name="check[doctype01.dat:171:false]" classname="ch.digitalfondue.jfiveparse.TreeConstructionTest" time="0"/>
  <testcase name="check[doctype01.dat:172:false]" classname="ch.digitalfondue.jfiveparse.TreeConstructionTest" time="0"/>
  <testcase name="check[doctype01.dat:173:false]" classname="ch.digitalfondue.jfiveparse.TreeConstructionTest" time="0"/>
  <testcase name="check[doctype01.dat:174:false]" classname="ch.digitalfondue.jfiveparse.TreeConstructionTest" time="0"/>
  <testcase name="check[doctype01.dat:175:false]" classname="ch.digitalfondue.jfiveparse.TreeConstructionTest" time="0"/>
  <testcase name="check[doctype01.dat:176:false]" classname="ch.digitalfondue.jfiveparse.TreeConstructionTest" time="0"/>
  <testcase name="check[doctype01.dat:177:false]" classname="ch.digitalfondue.jfiveparse.TreeConstructionTest" time="0"/>
  <testcase name="check[doctype01.dat:178:false]" classname="ch.digitalfondue.jfiveparse.TreeConstructionTest" time="0"/>
  <testcase name="check[doctype01.dat:179:false]" classname="ch.digitalfondue.jfiveparse.TreeConstructionTest" time="0"/>
  <testcase name="check[doctype01.dat:180:false]" classname="ch.digitalfondue.jfiveparse.TreeConstructionTest" time="0"/>
  <testcase name="check[doctype01.dat:181:false]" classname="ch.digitalfondue.jfiveparse.TreeConstructionTest" time="0"/>
  <testcase name="check[doctype01.dat:182:false]" classname="ch.digitalfondue.jfiveparse.TreeConstructionTest" time="0"/>
  <testcase name="check[doctype01.dat:183:false]" classname="ch.digitalfondue.jfiveparse.TreeConstructionTest" time="0"/>
  <testcase name="check[doctype01.dat:184:false]" classname="ch.digitalfondue.jfiveparse.TreeConstructionTest" time="0"/>
  <testcase name="check[doctype01.dat:185:false]" classname="ch.digitalfondue.jfiveparse.TreeConstructionTest" time="0"/>
  <testcase name="check[doctype01.dat:186:false]" classname="ch.digitalfondue.jfiveparse.TreeConstructionTest" time="0"/>
  <testcase name="check[doctype01.dat:187:false]" classname="ch.digitalfondue.jfiveparse.TreeConstructionTest" time="0"/>
  <testcase name="check[doctype01.dat:188:false]" classname="ch.digitalfondue.jfiveparse.TreeConstructionTest" time="0"/>
  <testcase name="check[doctype01.dat:189:false]" classname="ch.digitalfondue.jfiveparse.TreeConstructionTest" time="0.001"/>
  <testcase name="check[doctype01.dat:190:false]" classname="ch.digitalfondue.jfiveparse.TreeConstructionTest" time="0"/>
  <testcase name="check[doctype01.dat:191:false]" classname="ch.digitalfondue.jfiveparse.TreeConstructionTest" time="0"/>
  <testcase name="check[doctype01.dat:192:false]" classname="ch.digitalfondue.jfiveparse.TreeConstructionTest" time="0"/>
  <testcase name="check[doctype01.dat:193:false]" classname="ch.digitalfondue.jfiveparse.TreeConstructionTest" time="0"/>
  <testcase name="check[doctype01.dat:194:false]" classname="ch.digitalfondue.jfiveparse.TreeConstructionTest" time="0"/>
  <testcase name="check[doctype01.dat:195:false]" classname="ch.digitalfondue.jfiveparse.TreeConstructionTest" time="0"/>
  <testcase name="check[doctype01.dat:196:false]" classname="ch.digitalfondue.jfiveparse.TreeConstructionTest" time="0"/>
  <testcase name="check[doctype01.dat:197:false]" classname="ch.digitalfondue.jfiveparse.TreeConstructionTest" time="0"/>
  <testcase name="check[doctype01.dat:198:false]" classname="ch.digitalfondue.jfiveparse.TreeConstructionTest" time="0"/>
  <testcase name="check[doctype01.dat:199:false]" classname="ch.digitalfondue.jfiveparse.TreeConstructionTest" time="0"/>
  <testcase name="check[doctype01.dat:200:false]" classname="ch.digitalfondue.jfiveparse.TreeConstructionTest" time="0"/>
  <testcase name="check[doctype01.dat:201:false]" classname="ch.digitalfondue.jfiveparse.TreeConstructionTest" time="0"/>
  <testcase name="check[doctype01.dat:202:false]" classname="ch.digitalfondue.jfiveparse.TreeConstructionTest" time="0"/>
  <testcase name="check[doctype01.dat:203:false]" classname="ch.digitalfondue.jfiveparse.TreeConstructionTest" time="0"/>
  <testcase name="check[doctype01.dat:204:false]" classname="ch.digitalfondue.jfiveparse.TreeConstructionTest" time="0"/>
  <testcase name="check[doctype01.dat:205:true]" classname="ch.digitalfondue.jfiveparse.TreeConstructionTest" time="0"/>
  <testcase name="check[doctype01.dat:206:true]" classname="ch.digitalfondue.jfiveparse.TreeConstructionTest" time="0.001"/>
  <testcase name="check[doctype01.dat:207:true]" classname="ch.digitalfondue.jfiveparse.TreeConstructionTest" time="0"/>
  <testcase name="check[doctype01.dat:208:true]" classname="ch.digitalfondue.jfiveparse.TreeConstructionTest" time="0"/>
  <testcase name="check[doctype01.dat:209:true]" classname="ch.digitalfondue.jfiveparse.TreeConstructionTest" time="0"/>
  <testcase name="check[doctype01.dat:210:true]" classname="ch.digitalfondue.jfiveparse.TreeConstructionTest" time="0"/>
  <testcase name="check[doctype01.dat:211:true]" classname="ch.digitalfondue.jfiveparse.TreeConstructionTest" time="0"/>
  <testcase name="check[doctype01.dat:212:true]" classname="ch.digitalfondue.jfiveparse.TreeConstructionTest" time="0"/>
  <testcase name="check[doctype01.dat:213:true]" classname="ch.digitalfondue.jfiveparse.TreeConstructionTest" time="0"/>
  <testcase name="check[doctype01.dat:214:true]" classname="ch.digitalfondue.jfiveparse.TreeConstructionTest" time="0"/>
  <testcase name="check[doctype01.dat:215:true]" classname="ch.digitalfondue.jfiveparse.TreeConstructionTest" time="0"/>
  <testcase name="check[doctype01.dat:216:true]" classname="ch.digitalfondue.jfiveparse.TreeConstructionTest" time="0"/>
  <testcase name="check[doctype01.dat:217:true]" classname="ch.digitalfondue.jfiveparse.TreeConstructionTest" time="0"/>
  <testcase name="check[doctype01.dat:218:true]" classname="ch.digitalfondue.jfiveparse.TreeConstructionTest" time="0"/>
  <testcase name="check[doctype01.dat:219:true]" classname="ch.digitalfondue.jfiveparse.TreeConstructionTest" time="0"/>
  <testcase name="check[doctype01.dat:220:true]" classname="ch.digitalfondue.jfiveparse.TreeConstructionTest" time="0"/>
  <testcase name="check[doctype01.dat:221:true]" classname="ch.digitalfondue.jfiveparse.TreeConstructionTest" time="0"/>
  <testcase name="check[doctype01.dat:222:true]" classname="ch.digitalfondue.jfiveparse.TreeConstructionTest" time="0"/>
  <testcase name="check[doctype01.dat:223:true]" classname="ch.digitalfondue.jfiveparse.TreeConstructionTest" time="0.001"/>
  <testcase name="check[doctype01.dat:224:true]" classname="ch.digitalfondue.jfiveparse.TreeConstructionTest" time="0"/>
  <testcase name="check[doctype01.dat:225:true]" classname="ch.digitalfondue.jfiveparse.TreeConstructionTest" time="0"/>
  <testcase name="check[doctype01.dat:226:true]" classname="ch.digitalfondue.jfiveparse.TreeConstructionTest" time="0"/>
  <testcase name="check[doctype01.dat:227:true]" classname="ch.digitalfondue.jfiveparse.TreeConstructionTest" time="0"/>
  <testcase name="check[doctype01.dat:228:true]" classname="ch.digitalfondue.jfiveparse.TreeConstructionTest" time="0"/>
  <testcase name="check[doctype01.dat:229:true]" classname="ch.digitalfondue.jfiveparse.TreeConstructionTest" time="0"/>
  <testcase name="check[doctype01.dat:230:true]" classname="ch.digitalfondue.jfiveparse.TreeConstructionTest" time="0"/>
  <testcase name="check[doctype01.dat:231:true]" classname="ch.digitalfondue.jfiveparse.TreeConstructionTest" time="0"/>
  <testcase name="check[doctype01.dat:232:true]" classname="ch.digitalfondue.jfiveparse.TreeConstructionTest" time="0"/>
  <testcase name="check[doctype01.dat:233:true]" classname="ch.digitalfondue.jfiveparse.TreeConstructionTest" time="0"/>
  <testcase name="check[doctype01.dat:234:true]" classname="ch.digitalfondue.jfiveparse.TreeConstructionTest" time="0"/>
  <testcase name="check[doctype01.dat:235:true]" classname="ch.digitalfondue.jfiveparse.TreeConstructionTest" time="0"/>
  <testcase name="check[doctype01.dat:236:true]" classname="ch.digitalfondue.jfiveparse.TreeConstructionTest" time="0"/>
  <testcase name="check[doctype01.dat:237:true]" classname="ch.digitalfondue.jfiveparse.TreeConstructionTest" time="0"/>
  <testcase name="check[doctype01.dat:238:true]" classname="ch.digitalfondue.jfiveparse.TreeConstructionTest" time="0"/>
  <testcase name="check[doctype01.dat:239:true]" classname="ch.digitalfondue.jfiveparse.TreeConstructionTest" time="0"/>
  <testcase name="check[doctype01.dat:240:true]" classname="ch.digitalfondue.jfiveparse.TreeConstructionTest" time="0"/>
  <testcase name="check[doctype01.dat:241:true]" classname="ch.digitalfondue.jfiveparse.TreeConstructionTest" time="0"/>
  <testcase name="check[domjs-unsafe.dat:242:false]" classname="ch.digitalfondue.jfiveparse.TreeConstructionTest" time="0"/>
  <testcase name="check[domjs-unsafe.dat:243:false]" classname="ch.digitalfondue.jfiveparse.TreeConstructionTest" time="0"/>
  <testcase name="check[domjs-unsafe.dat:244:false]" classname="ch.digitalfondue.jfiveparse.TreeConstructionTest" time="0"/>
  <testcase name="check[domjs-unsafe.dat:245:false]" classname="ch.digitalfondue.jfiveparse.TreeConstructionTest" time="0"/>
  <testcase name="check[domjs-unsafe.dat:246:false]" classname="ch.digitalfondue.jfiveparse.TreeConstructionTest" time="0"/>
  <testcase name="check[domjs-unsafe.dat:247:false]" classname="ch.digitalfondue.jfiveparse.TreeConstructionTest" time="0"/>
  <testcase name="check[domjs-unsafe.dat:248:false]" classname="ch.digitalfondue.jfiveparse.TreeConstructionTest" time="0"/>
  <testcase name="check[domjs-unsafe.dat:249:false]" classname="ch.digitalfondue.jfiveparse.TreeConstructionTest" time="0"/>
  <testcase name="check[domjs-unsafe.dat:250:false]" classname="ch.digitalfondue.jfiveparse.TreeConstructionTest" time="0.001"/>
  <testcase name="check[domjs-unsafe.dat:251:false]" classname="ch.digitalfondue.jfiveparse.TreeConstructionTest" time="0"/>
  <testcase name="check[domjs-unsafe.dat:252:false]" classname="ch.digitalfondue.jfiveparse.TreeConstructionTest" time="0"/>
  <testcase name="check[domjs-unsafe.dat:253:false]" classname="ch.digitalfondue.jfiveparse.TreeConstructionTest" time="0"/>
  <testcase name="check[domjs-unsafe.dat:254:false]" classname="ch.digitalfondue.jfiveparse.TreeConstructionTest" time="0"/>
  <testcase name="check[domjs-unsafe.dat:255:false]" classname="ch.digitalfondue.jfiveparse.TreeConstructionTest" time="0"/>
  <testcase name="check[domjs-unsafe.dat:256:false]" classname="ch.digitalfondue.jfiveparse.TreeConstructionTest" time="0"/>
  <testcase name="check[domjs-unsafe.dat:257:false]" classname="ch.digitalfondue.jfiveparse.TreeConstructionTest" time="0"/>
  <testcase name="check[domjs-unsafe.dat:258:false]" classname="ch.digitalfondue.jfiveparse.TreeConstructionTest" time="0"/>
  <testcase name="check[domjs-unsafe.dat:259:false]" classname="ch.digitalfondue.jfiveparse.TreeConstructionTest" time="0"/>
  <testcase name="check[domjs-unsafe.dat:260:false]" classname="ch.digitalfondue.jfiveparse.TreeConstructionTest" time="0"/>
  <testcase name="check[domjs-unsafe.dat:261:false]" classname="ch.digitalfondue.jfiveparse.TreeConstructionTest" time="0.001"/>
  <testcase name="check[domjs-unsafe.dat:262:false]" classname="ch.digitalfondue.jfiveparse.TreeConstructionTest" time="0"/>
  <testcase name="check[domjs-unsafe.dat:263:false]" classname="ch.digitalfondue.jfiveparse.TreeConstructionTest" time="0"/>
  <testcase name="check[domjs-unsafe.dat:264:false]" classname="ch.digitalfondue.jfiveparse.TreeConstructionTest" time="0"/>
  <testcase name="check[domjs-unsafe.dat:265:false]" classname="ch.digitalfondue.jfiveparse.TreeConstructionTest" time="0"/>
  <testcase name="check[domjs-unsafe.dat:266:false]" classname="ch.digitalfondue.jfiveparse.TreeConstructionTest" time="0"/>
  <testcase name="check[domjs-unsafe.dat:267:false]" classname="ch.digitalfondue.jfiveparse.TreeConstructionTest" time="0"/>
  <testcase name="check[domjs-unsafe.dat:268:false]" classname="ch.digitalfondue.jfiveparse.TreeConstructionTest" time="0"/>
  <testcase name="check[domjs-unsafe.dat:269:false]" classname="ch.digitalfondue.jfiveparse.TreeConstructionTest" time="0"/>
  <testcase name="check[domjs-unsafe.dat:270:false]" classname="ch.digitalfondue.jfiveparse.TreeConstructionTest" time="0"/>
  <testcase name="check[domjs-unsafe.dat:271:false]" classname="ch.digitalfondue.jfiveparse.TreeConstructionTest" time="0.001"/>
  <testcase name="check[domjs-unsafe.dat:272:false]" classname="ch.digitalfondue.jfiveparse.TreeConstructionTest" time="0"/>
  <testcase name="check[domjs-unsafe.dat:273:false]" classname="ch.digitalfondue.jfiveparse.TreeConstructionTest" time="0"/>
  <testcase name="check[domjs-unsafe.dat:274:false]" classname="ch.digitalfondue.jfiveparse.TreeConstructionTest" time="0"/>
  <testcase name="check[domjs-unsafe.dat:275:false]" classname="ch.digitalfondue.jfiveparse.TreeConstructionTest" time="0"/>
  <testcase name="check[domjs-unsafe.dat:276:false]" classname="ch.digitalfondue.jfiveparse.TreeConstructionTest" time="0"/>
  <testcase name="check[domjs-unsafe.dat:277:false]" classname="ch.digitalfondue.jfiveparse.TreeConstructionTest" time="0"/>
  <testcase name="check[domjs-unsafe.dat:278:false]" classname="ch.digitalfondue.jfiveparse.TreeConstructionTest" time="0"/>
  <testcase name="check[domjs-unsafe.dat:279:false]" classname="ch.digitalfondue.jfiveparse.TreeConstructionTest" time="0"/>
  <testcase name="check[domjs-unsafe.dat:280:false]" classname="ch.digitalfondue.jfiveparse.TreeConstructionTest" time="0"/>
  <testcase name="check[domjs-unsafe.dat:281:false]" classname="ch.digitalfondue.jfiveparse.TreeConstructionTest" time="0"/>
  <testcase name="check[domjs-unsafe.dat:282:false]" classname="ch.digitalfondue.jfiveparse.TreeConstructionTest" time="0"/>
  <testcase name="check[domjs-unsafe.dat:283:false]" classname="ch.digitalfondue.jfiveparse.TreeConstructionTest" time="0"/>
  <testcase name="check[domjs-unsafe.dat:284:false]" classname="ch.digitalfondue.jfiveparse.TreeConstructionTest" time="0"/>
  <testcase name="check[domjs-unsafe.dat:285:false]" classname="ch.digitalfondue.jfiveparse.TreeConstructionTest" time="0"/>
  <testcase name="check[domjs-unsafe.dat:286:false]" classname="ch.digitalfondue.jfiveparse.TreeConstructionTest" time="0.001"/>
  <testcase name="check[domjs-unsafe.dat:287:false]" classname="ch.digitalfondue.jfiveparse.TreeConstructionTest" time="0"/>
  <testcase name="check[domjs-unsafe.dat:288:false]" classname="ch.digitalfondue.jfiveparse.TreeConstructionTest" time="0"/>
  <testcase name="check[domjs-unsafe.dat:289:false]" classname="ch.digitalfondue.jfiveparse.TreeConstructionTest" time="0"/>
  <testcase name="check[domjs-unsafe.dat:290:false]" classname="ch.digitalfondue.jfiveparse.TreeConstructionTest" time="0"/>
  <testcase name="check[domjs-unsafe.dat:291:true]" classname="ch.digitalfondue.jfiveparse.TreeConstructionTest" time="0"/>
  <testcase name="check[domjs-unsafe.dat:292:true]" classname="ch.digitalfondue.jfiveparse.TreeConstructionTest" time="0"/>
  <testcase name="check[domjs-unsafe.dat:293:true]" classname="ch.digitalfondue.jfiveparse.TreeConstructionTest" time="0"/>
  <testcase name="check[domjs-unsafe.dat:294:true]" classname="ch.digitalfondue.jfiveparse.TreeConstructionTest" time="0"/>
  <testcase name="check[domjs-unsafe.dat:295:true]" classname="ch.digitalfondue.jfiveparse.TreeConstructionTest" time="0"/>
  <testcase name="check[domjs-unsafe.dat:296:true]" classname="ch.digitalfondue.jfiveparse.TreeConstructionTest" time="0"/>
  <testcase name="check[domjs-unsafe.dat:297:true]" classname="ch.digitalfondue.jfiveparse.TreeConstructionTest" time="0"/>
  <testcase name="check[domjs-unsafe.dat:298:true]" classname="ch.digitalfondue.jfiveparse.TreeConstructionTest" time="0"/>
  <testcase name="check[domjs-unsafe.dat:299:true]" classname="ch.digitalfondue.jfiveparse.TreeConstructionTest" time="0.001"/>
  <testcase name="check[domjs-unsafe.dat:300:true]" classname="ch.digitalfondue.jfiveparse.TreeConstructionTest" time="0"/>
  <testcase name="check[domjs-unsafe.dat:301:true]" classname="ch.digitalfondue.jfiveparse.TreeConstructionTest" time="0"/>
  <testcase name="check[domjs-unsafe.dat:302:true]" classname="ch.digitalfondue.jfiveparse.TreeConstructionTest" time="0"/>
  <testcase name="check[domjs-unsafe.dat:303:true]" classname="ch.digitalfondue.jfiveparse.TreeConstructionTest" time="0"/>
  <testcase name="check[domjs-unsafe.dat:304:true]" classname="ch.digitalfondue.jfiveparse.TreeConstructionTest" time="0"/>
  <testcase name="check[domjs-unsafe.dat:305:true]" classname="ch.digitalfondue.jfiveparse.TreeConstructionTest" time="0"/>
  <testcase name="check[domjs-unsafe.dat:306:true]" classname="ch.digitalfondue.jfiveparse.TreeConstructionTest" time="0"/>
  <testcase name="check[domjs-unsafe.dat:307:true]" classname="ch.digitalfondue.jfiveparse.TreeConstructionTest" time="0"/>
  <testcase name="check[domjs-unsafe.dat:308:true]" classname="ch.digitalfondue.jfiveparse.TreeConstructionTest" time="0"/>
  <testcase name="check[domjs-unsafe.dat:309:true]" classname="ch.digitalfondue.jfiveparse.TreeConstructionTest" time="0"/>
  <testcase name="check[domjs-unsafe.dat:310:true]" classname="ch.digitalfondue.jfiveparse.TreeConstructionTest" time="0"/>
  <testcase name="check[domjs-unsafe.dat:311:true]" classname="ch.digitalfondue.jfiveparse.TreeConstructionTest" time="0"/>
  <testcase name="check[domjs-unsafe.dat:312:true]" classname="ch.digitalfondue.jfiveparse.TreeConstructionTest" time="0"/>
  <testcase name="check[domjs-unsafe.dat:313:true]" classname="ch.digitalfondue.jfiveparse.TreeConstructionTest" time="0"/>
  <testcase name="check[domjs-unsafe.dat:314:true]" classname="ch.digitalfondue.jfiveparse.TreeConstructionTest" time="0"/>
  <testcase name="check[domjs-unsafe.dat:315:true]" classname="ch.digitalfondue.jfiveparse.TreeConstructionTest" time="0"/>
  <testcase name="check[domjs-unsafe.dat:316:true]" classname="ch.digitalfondue.jfiveparse.TreeConstructionTest" time="0"/>
  <testcase name="check[domjs-unsafe.dat:317:true]" classname="ch.digitalfondue.jfiveparse.TreeConstructionTest" time="0"/>
  <testcase name="check[domjs-unsafe.dat:318:true]" classname="ch.digitalfondue.jfiveparse.TreeConstructionTest" time="0"/>
  <testcase name="check[domjs-unsafe.dat:319:true]" classname="ch.digitalfondue.jfiveparse.TreeConstructionTest" time="0"/>
  <testcase name="check[domjs-unsafe.dat:320:true]" classname="ch.digitalfondue.jfiveparse.TreeConstructionTest" time="0"/>
  <testcase name="check[domjs-unsafe.dat:321:true]" classname="ch.digitalfondue.jfiveparse.TreeConstructionTest" time="0"/>
  <testcase name="check[domjs-unsafe.dat:322:true]" classname="ch.digitalfondue.jfiveparse.TreeConstructionTest" time="0"/>
  <testcase name="check[domjs-unsafe.dat:323:true]" classname="ch.digitalfondue.jfiveparse.TreeConstructionTest" time="0"/>
  <testcase name="check[domjs-unsafe.dat:324:true]" classname="ch.digitalfondue.jfiveparse.TreeConstructionTest" time="0"/>
  <testcase name="check[domjs-unsafe.dat:325:true]" classname="ch.digitalfondue.jfiveparse.TreeConstructionTest" time="0"/>
  <testcase name="check[domjs-unsafe.dat:326:true]" classname="ch.digitalfondue.jfiveparse.TreeConstructionTest" time="0"/>
  <testcase name="check[domjs-unsafe.dat:327:true]" classname="ch.digitalfondue.jfiveparse.TreeConstructionTest" time="0"/>
  <testcase name="check[domjs-unsafe.dat:328:true]" classname="ch.digitalfondue.jfiveparse.TreeConstructionTest" time="0"/>
  <testcase name="check[domjs-unsafe.dat:329:true]" classname="ch.digitalfondue.jfiveparse.TreeConstructionTest" time="0"/>
  <testcase name="check[domjs-unsafe.dat:330:true]" classname="ch.digitalfondue.jfiveparse.TreeConstructionTest" time="0"/>
  <testcase name="check[domjs-unsafe.dat:331:true]" classname="ch.digitalfondue.jfiveparse.TreeConstructionTest" time="0"/>
  <testcase name="check[domjs-unsafe.dat:332:true]" classname="ch.digitalfondue.jfiveparse.TreeConstructionTest" time="0"/>
  <testcase name="check[domjs-unsafe.dat:333:true]" classname="ch.digitalfondue.jfiveparse.TreeConstructionTest" time="0"/>
  <testcase name="check[domjs-unsafe.dat:334:true]" classname="ch.digitalfondue.jfiveparse.TreeConstructionTest" time="0"/>
  <testcase name="check[domjs-unsafe.dat:335:true]" classname="ch.digitalfondue.jfiveparse.TreeConstructionTest" time="0"/>
  <testcase name="check[domjs-unsafe.dat:336:true]" classname="ch.digitalfondue.jfiveparse.TreeConstructionTest" time="0"/>
  <testcase name="check[domjs-unsafe.dat:337:true]" classname="ch.digitalfondue.jfiveparse.TreeConstructionTest" time="0"/>
  <testcase name="check[domjs-unsafe.dat:338:true]" classname="ch.digitalfondue.jfiveparse.TreeConstructionTest" time="0"/>
  <testcase name="check[domjs-unsafe.dat:339:true]" classname="ch.digitalfondue.jfiveparse.TreeConstructionTest" time="0"/>
  <testcase name="check[entities01.dat:340:false]" classname="ch.digitalfondue.jfiveparse.TreeConstructionTest" time="0"/>
  <testcase name="check[entities01.dat:341:false]" classname="ch.digitalfondue.jfiveparse.TreeConstructionTest" time="0"/>
  <testcase name="check[entities01.dat:342:false]" classname="ch.digitalfondue.jfiveparse.TreeConstructionTest" time="0"/>
  <testcase name="check[entities01.dat:343:false]" classname="ch.digitalfondue.jfiveparse.TreeConstructionTest" time="0"/>
  <testcase name="check[entities01.dat:344:false]" classname="ch.digitalfondue.jfiveparse.TreeConstructionTest" time="0"/>
  <testcase name="check[entities01.dat:345:false]" classname="ch.digitalfondue.jfiveparse.TreeConstructionTest" time="0"/>
  <testcase name="check[entities01.dat:346:false]" classname="ch.digitalfondue.jfiveparse.TreeConstructionTest" time="0"/>
  <testcase name="check[entities01.dat:347:false]" classname="ch.digitalfondue.jfiveparse.TreeConstructionTest" time="0"/>
  <testcase name="check[entities01.dat:348:false]" classname="ch.digitalfondue.jfiveparse.TreeConstructionTest" time="0"/>
  <testcase name="check[entities01.dat:349:false]" classname="ch.digitalfondue.jfiveparse.TreeConstructionTest" time="0.001"/>
  <testcase name="check[entities01.dat:350:false]" classname="ch.digitalfondue.jfiveparse.TreeConstructionTest" time="0"/>
  <testcase name="check[entities01.dat:351:false]" classname="ch.digitalfondue.jfiveparse.TreeConstructionTest" time="0"/>
  <testcase name="check[entities01.dat:352:false]" classname="ch.digitalfondue.jfiveparse.TreeConstructionTest" time="0"/>
  <testcase name="check[entities01.dat:353:false]" classname="ch.digitalfondue.jfiveparse.TreeConstructionTest" time="0"/>
  <testcase name="check[entities01.dat:354:false]" classname="ch.digitalfondue.jfiveparse.TreeConstructionTest" time="0"/>
  <testcase name="check[entities01.dat:355:false]" classname="ch.digitalfondue.jfiveparse.TreeConstructionTest" time="0"/>
  <testcase name="check[entities01.dat:356:false]" classname="ch.digitalfondue.jfiveparse.TreeConstructionTest" time="0"/>
  <testcase name="check[entities01.dat:357:false]" classname="ch.digitalfondue.jfiveparse.TreeConstructionTest" time="0"/>
  <testcase name="check[entities01.dat:358:false]" classname="ch.digitalfondue.jfiveparse.TreeConstructionTest" time="0"/>
  <testcase name="check[entities01.dat:359:false]" classname="ch.digitalfondue.jfiveparse.TreeConstructionTest" time="0"/>
  <testcase name="check[entities01.dat:360:false]" classname="ch.digitalfondue.jfiveparse.TreeConstructionTest" time="0"/>
  <testcase name="check[entities01.dat:361:false]" classname="ch.digitalfondue.jfiveparse.TreeConstructionTest" time="0"/>
  <testcase name="check[entities01.dat:362:false]" classname="ch.digitalfondue.jfiveparse.TreeConstructionTest" time="0"/>
  <testcase name="check[entities01.dat:363:false]" classname="ch.digitalfondue.jfiveparse.TreeConstructionTest" time="0"/>
  <testcase name="check[entities01.dat:364:false]" classname="ch.digitalfondue.jfiveparse.TreeConstructionTest" time="0"/>
  <testcase name="check[entities01.dat:365:false]" classname="ch.digitalfondue.jfiveparse.TreeConstructionTest" time="0"/>
  <testcase name="check[entities01.dat:366:false]" classname="ch.digitalfondue.jfiveparse.TreeConstructionTest" time="0"/>
  <testcase name="check[entities01.dat:367:false]" classname="ch.digitalfondue.jfiveparse.TreeConstructionTest" time="0"/>
  <testcase name="check[entities01.dat:368:false]" classname="ch.digitalfondue.jfiveparse.TreeConstructionTest" time="0"/>
  <testcase name="check[entities01.dat:369:false]" classname="ch.digitalfondue.jfiveparse.TreeConstructionTest" time="0"/>
  <testcase name="check[entities01.dat:370:false]" classname="ch.digitalfondue.jfiveparse.TreeConstructionTest" time="0"/>
  <testcase name="check[entities01.dat:371:false]" classname="ch.digitalfondue.jfiveparse.TreeConstructionTest" time="0"/>
  <testcase name="check[entities01.dat:372:false]" classname="ch.digitalfondue.jfiveparse.TreeConstructionTest" time="0"/>
  <testcase name="check[entities01.dat:373:false]" classname="ch.digitalfondue.jfiveparse.TreeConstructionTest" time="0"/>
  <testcase name="check[entities01.dat:374:false]" classname="ch.digitalfondue.jfiveparse.TreeConstructionTest" time="0"/>
  <testcase name="check[entities01.dat:375:false]" classname="ch.digitalfondue.jfiveparse.TreeConstructionTest" time="0"/>
  <testcase name="check[entities01.dat:376:false]" classname="ch.digitalfondue.jfiveparse.TreeConstructionTest" time="0"/>
  <testcase name="check[entities01.dat:377:false]" classname="ch.digitalfondue.jfiveparse.TreeConstructionTest" time="0"/>
  <testcase name="check[entities01.dat:378:false]" classname="ch.digitalfondue.jfiveparse.TreeConstructionTest" time="0"/>
  <testcase name="check[entities01.dat:379:false]" classname="ch.digitalfondue.jfiveparse.TreeConstructionTest" time="0"/>
  <testcase name="check[entities01.dat:380:false]" classname="ch.digitalfondue.jfiveparse.TreeConstructionTest" time="0"/>
  <testcase name="check[entities01.dat:381:false]" classname="ch.digitalfondue.jfiveparse.TreeConstructionTest" time="0"/>
  <testcase name="check[entities01.dat:382:false]" classname="ch.digitalfondue.jfiveparse.TreeConstructionTest" time="0"/>
  <testcase name="check[entities01.dat:383:false]" classname="ch.digitalfondue.jfiveparse.TreeConstructionTest" time="0"/>
  <testcase name="check[entities01.dat:384:false]" classname="ch.digitalfondue.jfiveparse.TreeConstructionTest" time="0.001"/>
  <testcase name="check[entities01.dat:385:false]" classname="ch.digitalfondue.jfiveparse.TreeConstructionTest" time="0"/>
  <testcase name="check[entities01.dat:386:false]" classname="ch.digitalfondue.jfiveparse.TreeConstructionTest" time="0"/>
  <testcase name="check[entities01.dat:387:false]" classname="ch.digitalfondue.jfiveparse.TreeConstructionTest" time="0"/>
  <testcase name="check[entities01.dat:388:false]" classname="ch.digitalfondue.jfiveparse.TreeConstructionTest" time="0"/>
  <testcase name="check[entities01.dat:389:false]" classname="ch.digitalfondue.jfiveparse.TreeConstructionTest" time="0"/>
  <testcase name="check[entities01.dat:390:false]" classname="ch.digitalfondue.jfiveparse.TreeConstructionTest" time="0"/>
  <testcase name="check[entities01.dat:391:false]" classname="ch.digitalfondue.jfiveparse.TreeConstructionTest" time="0"/>
  <testcase name="check[entities01.dat:392:false]" classname="ch.digitalfondue.jfiveparse.TreeConstructionTest" time="0"/>
  <testcase name="check[entities01.dat:393:false]" classname="ch.digitalfondue.jfiveparse.TreeConstructionTest" time="0"/>
  <testcase name="check[entities01.dat:394:false]" classname="ch.digitalfondue.jfiveparse.TreeConstructionTest" time="0"/>
  <testcase name="check[entities01.dat:395:false]" classname="ch.digitalfondue.jfiveparse.TreeConstructionTest" time="0"/>
  <testcase name="check[entities01.dat:396:false]" classname="ch.digitalfondue.jfiveparse.TreeConstructionTest" time="0"/>
  <testcase name="check[entities01.dat:397:false]" classname="ch.digitalfondue.jfiveparse.TreeConstructionTest" time="0"/>
  <testcase name="check[entities01.dat:398:false]" classname="ch.digitalfondue.jfiveparse.TreeConstructionTest" time="0"/>
  <testcase name="check[entities01.dat:399:false]" classname="ch.digitalfondue.jfiveparse.TreeConstructionTest" time="0"/>
  <testcase name="check[entities01.dat:400:false]" classname="ch.digitalfondue.jfiveparse.TreeConstructionTest" time="0"/>
  <testcase name="check[entities01.dat:401:false]" classname="ch.digitalfondue.jfiveparse.TreeConstructionTest" time="0"/>
  <testcase name="check[entities01.dat:402:false]" classname="ch.digitalfondue.jfiveparse.TreeConstructionTest" time="0"/>
  <testcase name="check[entities01.dat:403:false]" classname="ch.digitalfondue.jfiveparse.TreeConstructionTest" time="0"/>
  <testcase name="check[entities01.dat:404:false]" classname="ch.digitalfondue.jfiveparse.TreeConstructionTest" time="0"/>
  <testcase name="check[entities01.dat:405:false]" classname="ch.digitalfondue.jfiveparse.TreeConstructionTest" time="0"/>
  <testcase name="check[entities01.dat:406:false]" classname="ch.digitalfondue.jfiveparse.TreeConstructionTest" time="0"/>
  <testcase name="check[entities01.dat:407:false]" classname="ch.digitalfondue.jfiveparse.TreeConstructionTest" time="0"/>
  <testcase name="check[entities01.dat:408:false]" classname="ch.digitalfondue.jfiveparse.TreeConstructionTest" time="0"/>
  <testcase name="check[entities01.dat:409:false]" classname="ch.digitalfondue.jfiveparse.TreeConstructionTest" time="0"/>
  <testcase name="check[entities01.dat:410:false]" classname="ch.digitalfondue.jfiveparse.TreeConstructionTest" time="0"/>
  <testcase name="check[entities01.dat:411:false]" classname="ch.digitalfondue.jfiveparse.TreeConstructionTest" time="0"/>
  <testcase name="check[entities01.dat:412:false]" classname="ch.digitalfondue.jfiveparse.TreeConstructionTest" time="0"/>
  <testcase name="check[entities01.dat:413:false]" classname="ch.digitalfondue.jfiveparse.TreeConstructionTest" time="0"/>
  <testcase name="check[entities01.dat:414:false]" classname="ch.digitalfondue.jfiveparse.TreeConstructionTest" time="0"/>
  <testcase name="check[entities01.dat:415:true]" classname="ch.digitalfondue.jfiveparse.TreeConstructionTest" time="0"/>
  <testcase name="check[entities01.dat:416:true]" classname="ch.digitalfondue.jfiveparse.TreeConstructionTest" time="0"/>
  <testcase name="check[entities01.dat:417:true]" classname="ch.digitalfondue.jfiveparse.TreeConstructionTest" time="0"/>
  <testcase name="check[entities01.dat:418:true]" classname="ch.digitalfondue.jfiveparse.TreeConstructionTest" time="0.001"/>
  <testcase name="check[entities01.dat:419:true]" classname="ch.digitalfondue.jfiveparse.TreeConstructionTest" time="0"/>
  <testcase name="check[entities01.dat:420:true]" classname="ch.digitalfondue.jfiveparse.TreeConstructionTest" time="0"/>
  <testcase name="check[entities01.dat:421:true]" classname="ch.digitalfondue.jfiveparse.TreeConstructionTest" time="0"/>
  <testcase name="check[entities01.dat:422:true]" classname="ch.digitalfondue.jfiveparse.TreeConstructionTest" time="0"/>
  <testcase name="check[entities01.dat:423:true]" classname="ch.digitalfondue.jfiveparse.TreeConstructionTest" time="0"/>
  <testcase name="check[entities01.dat:424:true]" classname="ch.digitalfondue.jfiveparse.TreeConstructionTest" time="0"/>
  <testcase name="check[entities01.dat:425:true]" classname="ch.digitalfondue.jfiveparse.TreeConstructionTest" time="0"/>
  <testcase name="check[entities01.dat:426:true]" classname="ch.digitalfondue.jfiveparse.TreeConstructionTest" time="0"/>
  <testcase name="check[entities01.dat:427:true]" classname="ch.digitalfondue.jfiveparse.TreeConstructionTest" time="0"/>
  <testcase name="check[entities01.dat:428:true]" classname="ch.digitalfondue.jfiveparse.TreeConstructionTest" time="0"/>
  <testcase name="check[entities01.dat:429:true]" classname="ch.digitalfondue.jfiveparse.TreeConstructionTest" time="0"/>
  <testcase name="check[entities01.dat:430:true]" classname="ch.digitalfondue.jfiveparse.TreeConstructionTest" time="0"/>
  <testcase name="check[entities01.dat:431:true]" classname="ch.digitalfondue.jfiveparse.TreeConstructionTest" time="0"/>
  <testcase name="check[entities01.dat:432:true]" classname="ch.digitalfondue.jfiveparse.TreeConstructionTest" time="0"/>
  <testcase name="check[entities01.dat:433:true]" classname="ch.digitalfondue.jfiveparse.TreeConstructionTest" time="0"/>
  <testcase name="check[entities01.dat:434:true]" classname="ch.digitalfondue.jfiveparse.TreeConstructionTest" time="0"/>
  <testcase name="check[entities01.dat:435:true]" classname="ch.digitalfondue.jfiveparse.TreeConstructionTest" time="0"/>
  <testcase name="check[entities01.dat:436:true]" classname="ch.digitalfondue.jfiveparse.TreeConstructionTest" time="0"/>
  <testcase name="check[entities01.dat:437:true]" classname="ch.digitalfondue.jfiveparse.TreeConstructionTest" time="0"/>
  <testcase name="check[entities01.dat:438:true]" classname="ch.digitalfondue.jfiveparse.TreeConstructionTest" time="0"/>
  <testcase name="check[entities01.dat:439:true]" classname="ch.digitalfondue.jfiveparse.TreeConstructionTest" time="0"/>
  <testcase name="check[entities01.dat:440:true]" classname="ch.digitalfondue.jfiveparse.TreeConstructionTest" time="0"/>
  <testcase name="check[entities01.dat:441:true]" classname="ch.digitalfondue.jfiveparse.TreeConstructionTest" time="0"/>
  <testcase name="check[entities01.dat:442:true]" classname="ch.digitalfondue.jfiveparse.TreeConstructionTest" time="0"/>
  <testcase name="check[entities01.dat:443:true]" classname="ch.digitalfondue.jfiveparse.TreeConstructionTest" time="0"/>
  <testcase name="check[entities01.dat:444:true]" classname="ch.digitalfondue.jfiveparse.TreeConstructionTest" time="0"/>
  <testcase name="check[entities01.dat:445:true]" classname="ch.digitalfondue.jfiveparse.TreeConstructionTest" time="0"/>
  <testcase name="check[entities01.dat:446:true]" classname="ch.digitalfondue.jfiveparse.TreeConstructionTest" time="0"/>
  <testcase name="check[entities01.dat:447:true]" classname="ch.digitalfondue.jfiveparse.TreeConstructionTest" time="0"/>
  <testcase name="check[entities01.dat:448:true]" classname="ch.digitalfondue.jfiveparse.TreeConstructionTest" time="0"/>
  <testcase name="check[entities01.dat:449:true]" classname="ch.digitalfondue.jfiveparse.TreeConstructionTest" time="0"/>
  <testcase name="check[entities01.dat:450:true]" classname="ch.digitalfondue.jfiveparse.TreeConstructionTest" time="0"/>
  <testcase name="check[entities01.dat:451:true]" classname="ch.digitalfondue.jfiveparse.TreeConstructionTest" time="0"/>
  <testcase name="check[entities01.dat:452:true]" classname="ch.digitalfondue.jfiveparse.TreeConstructionTest" time="0"/>
  <testcase name="check[entities01.dat:453:true]" classname="ch.digitalfondue.jfiveparse.TreeConstructionTest" time="0"/>
  <testcase name="check[entities01.dat:454:true]" classname="ch.digitalfondue.jfiveparse.TreeConstructionTest" time="0"/>
  <testcase name="check[entities01.dat:455:true]" classname="ch.digitalfondue.jfiveparse.TreeConstructionTest" time="0.001"/>
  <testcase name="check[entities01.dat:456:true]" classname="ch.digitalfondue.jfiveparse.TreeConstructionTest" time="0"/>
  <testcase name="check[entities01.dat:457:true]" classname="ch.digitalfondue.jfiveparse.TreeConstructionTest" time="0"/>
  <testcase name="check[entities01.dat:458:true]" classname="ch.digitalfondue.jfiveparse.TreeConstructionTest" time="0"/>
  <testcase name="check[entities01.dat:459:true]" classname="ch.digitalfondue.jfiveparse.TreeConstructionTest" time="0"/>
  <testcase name="check[entities01.dat:460:true]" classname="ch.digitalfondue.jfiveparse.TreeConstructionTest" time="0"/>
  <testcase name="check[entities01.dat:461:true]" classname="ch.digitalfondue.jfiveparse.TreeConstructionTest" time="0"/>
  <testcase name="check[entities01.dat:462:true]" classname="ch.digitalfondue.jfiveparse.TreeConstructionTest" time="0"/>
  <testcase name="check[entities01.dat:463:true]" classname="ch.digitalfondue.jfiveparse.TreeConstructionTest" time="0"/>
  <testcase name="check[entities01.dat:464:true]" classname="ch.digitalfondue.jfiveparse.TreeConstructionTest" time="0"/>
  <testcase name="check[entities01.dat:465:true]" classname="ch.digitalfondue.jfiveparse.TreeConstructionTest" time="0"/>
  <testcase name="check[entities01.dat:466:true]" classname="ch.digitalfondue.jfiveparse.TreeConstructionTest" time="0"/>
  <testcase name="check[entities01.dat:467:true]" classname="ch.digitalfondue.jfiveparse.TreeConstructionTest" time="0"/>
  <testcase name="check[entities01.dat:468:true]" classname="ch.digitalfondue.jfiveparse.TreeConstructionTest" time="0"/>
  <testcase name="check[entities01.dat:469:true]" classname="ch.digitalfondue.jfiveparse.TreeConstructionTest" time="0"/>
  <testcase name="check[entities01.dat:470:true]" classname="ch.digitalfondue.jfiveparse.TreeConstructionTest" time="0"/>
  <testcase name="check[entities01.dat:471:true]" classname="ch.digitalfondue.jfiveparse.TreeConstructionTest" time="0"/>
  <testcase name="check[entities01.dat:472:true]" classname="ch.digitalfondue.jfiveparse.TreeConstructionTest" time="0"/>
  <testcase name="check[entities01.dat:473:true]" classname="ch.digitalfondue.jfiveparse.TreeConstructionTest" time="0"/>
  <testcase name="check[entities01.dat:474:true]" classname="ch.digitalfondue.jfiveparse.TreeConstructionTest" time="0"/>
  <testcase name="check[entities01.dat:475:true]" classname="ch.digitalfondue.jfiveparse.TreeConstructionTest" time="0"/>
  <testcase name="check[entities01.dat:476:true]" classname="ch.digitalfondue.jfiveparse.TreeConstructionTest" time="0"/>
  <testcase name="check[entities01.dat:477:true]" classname="ch.digitalfondue.jfiveparse.TreeConstructionTest" time="0"/>
  <testcase name="check[entities01.dat:478:true]" classname="ch.digitalfondue.jfiveparse.TreeConstructionTest" time="0"/>
  <testcase name="check[entities01.dat:479:true]" classname="ch.digitalfondue.jfiveparse.TreeConstructionTest" time="0"/>
  <testcase name="check[entities01.dat:480:true]" classname="ch.digitalfondue.jfiveparse.TreeConstructionTest" time="0"/>
  <testcase name="check[entities01.dat:481:true]" classname="ch.digitalfondue.jfiveparse.TreeConstructionTest" time="0"/>
  <testcase name="check[entities01.dat:482:true]" classname="ch.digitalfondue.jfiveparse.TreeConstructionTest" time="0"/>
  <testcase name="check[entities01.dat:483:true]" classname="ch.digitalfondue.jfiveparse.TreeConstructionTest" time="0"/>
  <testcase name="check[entities01.dat:484:true]" classname="ch.digitalfondue.jfiveparse.TreeConstructionTest" time="0"/>
  <testcase name="check[entities01.dat:485:true]" classname="ch.digitalfondue.jfiveparse.TreeConstructionTest" time="0"/>
  <testcase name="check[entities01.dat:486:true]" classname="ch.digitalfondue.jfiveparse.TreeConstructionTest" time="0"/>
  <testcase name="check[entities01.dat:487:true]" classname="ch.digitalfondue.jfiveparse.TreeConstructionTest" time="0"/>
  <testcase name="check[entities01.dat:488:true]" classname="ch.digitalfondue.jfiveparse.TreeConstructionTest" time="0"/>
  <testcase name="check[entities01.dat:489:true]" classname="ch.digitalfondue.jfiveparse.TreeConstructionTest" time="0"/>
  <testcase name="check[entities02.dat:490:false]" classname="ch.digitalfondue.jfiveparse.TreeConstructionTest" time="0.001"/>
  <testcase name="check[entities02.dat:491:false]" classname="ch.digitalfondue.jfiveparse.TreeConstructionTest" time="0"/>
  <testcase name="check[entities02.dat:492:false]" classname="ch.digitalfondue.jfiveparse.TreeConstructionTest" time="0"/>
  <testcase name="check[entities02.dat:493:false]" classname="ch.digitalfondue.jfiveparse.TreeConstructionTest" time="0"/>
  <testcase name="check[entities02.dat:494:false]" classname="ch.digitalfondue.jfiveparse.TreeConstructionTest" time="0"/>
  <testcase name="check[entities02.dat:495:false]" classname="ch.digitalfondue.jfiveparse.TreeConstructionTest" time="0"/>
  <testcase name="check[entities02.dat:496:false]" classname="ch.digitalfondue.jfiveparse.TreeConstructionTest" time="0"/>
  <testcase name="check[entities02.dat:497:false]" classname="ch.digitalfondue.jfiveparse.TreeConstructionTest" time="0"/>
  <testcase name="check[entities02.dat:498:false]" classname="ch.digitalfondue.jfiveparse.TreeConstructionTest" time="0"/>
  <testcase name="check[entities02.dat:499:false]" classname="ch.digitalfondue.jfiveparse.TreeConstructionTest" time="0"/>
  <testcase name="check[entities02.dat:500:false]" classname="ch.digitalfondue.jfiveparse.TreeConstructionTest" time="0"/>
  <testcase name="check[entities02.dat:501:false]" classname="ch.digitalfondue.jfiveparse.TreeConstructionTest" time="0"/>
  <testcase name="check[entities02.dat:502:false]" classname="ch.digitalfondue.jfiveparse.TreeConstructionTest" time="0"/>
  <testcase name="check[entities02.dat:503:false]" classname="ch.digitalfondue.jfiveparse.TreeConstructionTest" time="0"/>
  <testcase name="check[entities02.dat:504:false]" classname="ch.digitalfondue.jfiveparse.TreeConstructionTest" time="0"/>
  <testcase name="check[entities02.dat:505:false]" classname="ch.digitalfondue.jfiveparse.TreeConstructionTest" time="0"/>
  <testcase name="check[entities02.dat:506:false]" classname="ch.digitalfondue.jfiveparse.TreeConstructionTest" time="0"/>
  <testcase name="check[entities02.dat:507:false]" classname="ch.digitalfondue.jfiveparse.TreeConstructionTest" time="0"/>
  <testcase name="check[entities02.dat:508:false]" classname="ch.digitalfondue.jfiveparse.TreeConstructionTest" time="0"/>
  <testcase name="check[entities02.dat:509:false]" classname="ch.digitalfondue.jfiveparse.TreeConstructionTest" time="0"/>
  <testcase name="check[entities02.dat:510:false]" classname="ch.digitalfondue.jfiveparse.TreeConstructionTest" time="0"/>
  <testcase name="check[entities02.dat:511:false]" classname="ch.digitalfondue.jfiveparse.TreeConstructionTest" time="0.001"/>
  <testcase name="check[entities02.dat:512:false]" classname="ch.digitalfondue.jfiveparse.TreeConstructionTest" time="0"/>
  <testcase name="check[entities02.dat:513:false]" classname="ch.digitalfondue.jfiveparse.TreeConstructionTest" time="0"/>
  <testcase name="check[entities02.dat:514:false]" classname="ch.digitalfondue.jfiveparse.TreeConstructionTest" time="0"/>
  <testcase name="check[entities02.dat:515:false]" classname="ch.digitalfondue.jfiveparse.TreeConstructionTest" time="0"/>
  <testcase name="check[entities02.dat:516:true]" classname="ch.digitalfondue.jfiveparse.TreeConstructionTest" time="0"/>
  <testcase name="check[entities02.dat:517:true]" classname="ch.digitalfondue.jfiveparse.TreeConstructionTest" time="0"/>
  <testcase name="check[entities02.dat:518:true]" classname="ch.digitalfondue.jfiveparse.TreeConstructionTest" time="0"/>
  <testcase name="check[entities02.dat:519:true]" classname="ch.digitalfondue.jfiveparse.TreeConstructionTest" time="0"/>
  <testcase name="check[entities02.dat:520:true]" classname="ch.digitalfondue.jfiveparse.TreeConstructionTest" time="0"/>
  <testcase name="check[entities02.dat:521:true]" classname="ch.digitalfondue.jfiveparse.TreeConstructionTest" time="0"/>
  <testcase name="check[entities02.dat:522:true]" classname="ch.digitalfondue.jfiveparse.TreeConstructionTest" time="0"/>
  <testcase name="check[entities02.dat:523:true]" classname="ch.digitalfondue.jfiveparse.TreeConstructionTest" time="0"/>
  <testcase name="check[entities02.dat:524:true]" classname="ch.digitalfondue.jfiveparse.TreeConstructionTest" time="0"/>
  <testcase name="check[entities02.dat:525:true]" classname="ch.digitalfondue.jfiveparse.TreeConstructionTest" time="0"/>
  <testcase name="check[entities02.dat:526:true]" classname="ch.digitalfondue.jfiveparse.TreeConstructionTest" time="0"/>
  <testcase name="check[entities02.dat:527:true]" classname="ch.digitalfondue.jfiveparse.TreeConstructionTest" time="0"/>
  <testcase name="check[entities02.dat:528:true]" classname="ch.digitalfondue.jfiveparse.TreeConstructionTest" time="0"/>
  <testcase name="check[entities02.dat:529:true]" classname="ch.digitalfondue.jfiveparse.TreeConstructionTest" time="0"/>
  <testcase name="check[entities02.dat:530:true]" classname="ch.digitalfondue.jfiveparse.TreeConstructionTest" time="0"/>
  <testcase name="check[entities02.dat:531:true]" classname="ch.digitalfondue.jfiveparse.TreeConstructionTest" time="0"/>
  <testcase name="check[entities02.dat:532:true]" classname="ch.digitalfondue.jfiveparse.TreeConstructionTest" time="0"/>
  <testcase name="check[entities02.dat:533:true]" classname="ch.digitalfondue.jfiveparse.TreeConstructionTest" time="0"/>
  <testcase name="check[entities02.dat:534:true]" classname="ch.digitalfondue.jfiveparse.TreeConstructionTest" time="0"/>
  <testcase name="check[entities02.dat:535:true]" classname="ch.digitalfondue.jfiveparse.TreeConstructionTest" time="0.001"/>
  <testcase name="check[entities02.dat:536:true]" classname="ch.digitalfondue.jfiveparse.TreeConstructionTest" time="0"/>
  <testcase name="check[entities02.dat:537:true]" classname="ch.digitalfondue.jfiveparse.TreeConstructionTest" time="0"/>
  <testcase name="check[entities02.dat:538:true]" classname="ch.digitalfondue.jfiveparse.TreeConstructionTest" time="0"/>
  <testcase name="check[entities02.dat:539:true]" classname="ch.digitalfondue.jfiveparse.TreeConstructionTest" time="0"/>
  <testcase name="check[entities02.dat:540:true]" classname="ch.digitalfondue.jfiveparse.TreeConstructionTest" time="0"/>
  <testcase name="check[entities02.dat:541:true]" classname="ch.digitalfondue.jfiveparse.TreeConstructionTest" time="0"/>
  <testcase name="check[foreign-fragment.dat:542:false]" classname="ch.digitalfondue.jfiveparse.TreeConstructionTest" time="0"/>
  <testcase name="check[foreign-fragment.dat:543:false]" classname="ch.digitalfondue.jfiveparse.TreeConstructionTest" time="0"/>
  <testcase name="check[foreign-fragment.dat:544:false]" classname="ch.digitalfondue.jfiveparse.TreeConstructionTest" time="0"/>
  <testcase name="check[foreign-fragment.dat:545:false]" classname="ch.digitalfondue.jfiveparse.TreeConstructionTest" time="0"/>
  <testcase name="check[foreign-fragment.dat:546:false]" classname="ch.digitalfondue.jfiveparse.TreeConstructionTest" time="0"/>
  <testcase name="check[foreign-fragment.dat:547:false]" classname="ch.digitalfondue.jfiveparse.TreeConstructionTest" time="0"/>
  <testcase name="check[foreign-fragment.dat:548:false]" classname="ch.digitalfondue.jfiveparse.TreeConstructionTest" time="0"/>
  <testcase name="check[foreign-fragment.dat:549:false]" classname="ch.digitalfondue.jfiveparse.TreeConstructionTest" time="0"/>
  <testcase name="check[foreign-fragment.dat:550:false]" classname="ch.digitalfondue.jfiveparse.TreeConstructionTest" time="0"/>
  <testcase name="check[foreign-fragment.dat:551:false]" classname="ch.digitalfondue.jfiveparse.TreeConstructionTest" time="0"/>
  <testcase name="check[foreign-fragment.dat:552:false]" classname="ch.digitalfondue.jfiveparse.TreeConstructionTest" time="0"/>
  <testcase name="check[foreign-fragment.dat:553:false]" classname="ch.digitalfondue.jfiveparse.TreeConstructionTest" time="0"/>
  <testcase name="check[foreign-fragment.dat:554:false]" classname="ch.digitalfondue.jfiveparse.TreeConstructionTest" time="0"/>
  <testcase name="check[foreign-fragment.dat:555:false]" classname="ch.digitalfondue.jfiveparse.TreeConstructionTest" time="0"/>
  <testcase name="check[foreign-fragment.dat:556:false]" classname="ch.digitalfondue.jfiveparse.TreeConstructionTest" time="0"/>
  <testcase name="check[foreign-fragment.dat:557:false]" classname="ch.digitalfondue.jfiveparse.TreeConstructionTest" time="0.001"/>
  <testcase name="check[foreign-fragment.dat:558:false]" classname="ch.digitalfondue.jfiveparse.TreeConstructionTest" time="0"/>
  <testcase name="check[foreign-fragment.dat:559:false]" classname="ch.digitalfondue.jfiveparse.TreeConstructionTest" time="0"/>
  <testcase name="check[foreign-fragment.dat:560:false]" classname="ch.digitalfondue.jfiveparse.TreeConstructionTest" time="0"/>
  <testcase name="check[foreign-fragment.dat:561:false]" classname="ch.digitalfondue.jfiveparse.TreeConstructionTest" time="0"/>
  <testcase name="check[foreign-fragment.dat:562:false]" classname="ch.digitalfondue.jfiveparse.TreeConstructionTest" time="0"/>
  <testcase name="check[foreign-fragment.dat:563:false]" classname="ch.digitalfondue.jfiveparse.TreeConstructionTest" time="0"/>
  <testcase name="check[foreign-fragment.dat:564:false]" classname="ch.digitalfondue.jfiveparse.TreeConstructionTest" time="0"/>
  <testcase name="check[foreign-fragment.dat:565:false]" classname="ch.digitalfondue.jfiveparse.TreeConstructionTest" time="0"/>
  <testcase name="check[foreign-fragment.dat:566:false]" classname="ch.digitalfondue.jfiveparse.TreeConstructionTest" time="0"/>
  <testcase name="check[foreign-fragment.dat:567:false]" classname="ch.digitalfondue.jfiveparse.TreeConstructionTest" time="0"/>
  <testcase name="check[foreign-fragment.dat:568:false]" classname="ch.digitalfondue.jfiveparse.TreeConstructionTest" time="0"/>
  <testcase name="check[foreign-fragment.dat:569:false]" classname="ch.digitalfondue.jfiveparse.TreeConstructionTest" time="0"/>
  <testcase name="check[foreign-fragment.dat:570:false]" classname="ch.digitalfondue.jfiveparse.TreeConstructionTest" time="0"/>
  <testcase name="check[foreign-fragment.dat:571:false]" classname="ch.digitalfondue.jfiveparse.TreeConstructionTest" time="0"/>
  <testcase name="check[foreign-fragment.dat:572:false]" classname="ch.digitalfondue.jfiveparse.TreeConstructionTest" time="0"/>
  <testcase name="check[foreign-fragment.dat:573:false]" classname="ch.digitalfondue.jfiveparse.TreeConstructionTest" time="0"/>
  <testcase name="check[foreign-fragment.dat:574:false]" classname="ch.digitalfondue.jfiveparse.TreeConstructionTest" time="0"/>
  <testcase name="check[foreign-fragment.dat:575:false]" classname="ch.digitalfondue.jfiveparse.TreeConstructionTest" time="0"/>
  <testcase name="check[foreign-fragment.dat:576:false]" classname="ch.digitalfondue.jfiveparse.TreeConstructionTest" time="0"/>
  <testcase name="check[foreign-fragment.dat:577:false]" classname="ch.digitalfondue.jfiveparse.TreeConstructionTest" time="0"/>
  <testcase name="check[foreign-fragment.dat:578:false]" classname="ch.digitalfondue.jfiveparse.TreeConstructionTest" time="0"/>
  <testcase name="check[foreign-fragment.dat:579:false]" classname="ch.digitalfondue.jfiveparse.TreeConstructionTest" time="0"/>
  <testcase name="check[foreign-fragment.dat:580:false]" classname="ch.digitalfondue.jfiveparse.TreeConstructionTest" time="0.001"/>
  <testcase name="check[foreign-fragment.dat:581:false]" classname="ch.digitalfondue.jfiveparse.TreeConstructionTest" time="0"/>
  <testcase name="check[foreign-fragment.dat:582:false]" classname="ch.digitalfondue.jfiveparse.TreeConstructionTest" time="0"/>
  <testcase name="check[foreign-fragment.dat:583:false]" classname="ch.digitalfondue.jfiveparse.TreeConstructionTest" time="0"/>
  <testcase name="check[foreign-fragment.dat:584:false]" classname="ch.digitalfondue.jfiveparse.TreeConstructionTest" time="0"/>
  <testcase name="check[foreign-fragment.dat:585:false]" classname="ch.digitalfondue.jfiveparse.TreeConstructionTest" time="0"/>
  <testcase name="check[foreign-fragment.dat:586:false]" classname="ch.digitalfondue.jfiveparse.TreeConstructionTest" time="0"/>
  <testcase name="check[foreign-fragment.dat:587:false]" classname="ch.digitalfondue.jfiveparse.TreeConstructionTest" time="0"/>
  <testcase name="check[foreign-fragment.dat:588:false]" classname="ch.digitalfondue.jfiveparse.TreeConstructionTest" time="0"/>
  <testcase name="check[foreign-fragment.dat:589:false]" classname="ch.digitalfondue.jfiveparse.TreeConstructionTest" time="0"/>
  <testcase name="check[foreign-fragment.dat:590:false]" classname="ch.digitalfondue.jfiveparse.TreeConstructionTest" time="0"/>
  <testcase name="check[foreign-fragment.dat:591:false]" classname="ch.digitalfondue.jfiveparse.TreeConstructionTest" time="0"/>
  <testcase name="check[foreign-fragment.dat:592:false]" classname="ch.digitalfondue.jfiveparse.TreeConstructionTest" time="0"/>
  <testcase name="check[foreign-fragment.dat:593:false]" classname="ch.digitalfondue.jfiveparse.TreeConstructionTest" time="0"/>
  <testcase name="check[foreign-fragment.dat:594:false]" classname="ch.digitalfondue.jfiveparse.TreeConstructionTest" time="0"/>
  <testcase name="check[foreign-fragment.dat:595:false]" classname="ch.digitalfondue.jfiveparse.TreeConstructionTest" time="0"/>
  <testcase name="check[foreign-fragment.dat:596:false]" classname="ch.digitalfondue.jfiveparse.TreeConstructionTest" time="0"/>
  <testcase name="check[foreign-fragment.dat:597:false]" classname="ch.digitalfondue.jfiveparse.TreeConstructionTest" time="0"/>
  <testcase name="check[foreign-fragment.dat:598:false]" classname="ch.digitalfondue.jfiveparse.TreeConstructionTest" time="0"/>
  <testcase name="check[foreign-fragment.dat:599:false]" classname="ch.digitalfondue.jfiveparse.TreeConstructionTest" time="0"/>
  <testcase name="check[foreign-fragment.dat:600:true]" classname="ch.digitalfondue.jfiveparse.TreeConstructionTest" time="0"/>
  <testcase name="check[foreign-fragment.dat:601:true]" classname="ch.digitalfondue.jfiveparse.TreeConstructionTest" time="0"/>
  <testcase name="check[foreign-fragment.dat:602:true]" classname="ch.digitalfondue.jfiveparse.TreeConstructionTest" time="0"/>
  <testcase name="check[foreign-fragment.dat:603:true]" classname="ch.digitalfondue.jfiveparse.TreeConstructionTest" time="0"/>
  <testcase name="check[foreign-fragment.dat:604:true]" classname="ch.digitalfondue.jfiveparse.TreeConstructionTest" time="0"/>
  <testcase name="check[foreign-fragment.dat:605:true]" classname="ch.digitalfondue.jfiveparse.TreeConstructionTest" time="0"/>
  <testcase name="check[foreign-fragment.dat:606:true]" classname="ch.digitalfondue.jfiveparse.TreeConstructionTest" time="0"/>
  <testcase name="check[foreign-fragment.dat:607:true]" classname="ch.digitalfondue.jfiveparse.TreeConstructionTest" time="0.001"/>
  <testcase name="check[foreign-fragment.dat:608:true]" classname="ch.digitalfondue.jfiveparse.TreeConstructionTest" time="0"/>
  <testcase name="check[foreign-fragment.dat:609:true]" classname="ch.digitalfondue.jfiveparse.TreeConstructionTest" time="0"/>
  <testcase name="check[foreign-fragment.dat:610:true]" classname="ch.digitalfondue.jfiveparse.TreeConstructionTest" time="0"/>
  <testcase name="check[foreign-fragment.dat:611:true]" classname="ch.digitalfondue.jfiveparse.TreeConstructionTest" time="0"/>
  <testcase name="check[foreign-fragment.dat:612:true]" classname="ch.digitalfondue.jfiveparse.TreeConstructionTest" time="0"/>
  <testcase name="check[foreign-fragment.dat:613:true]" classname="ch.digitalfondue.jfiveparse.TreeConstructionTest" time="0"/>
  <testcase name="check[foreign-fragment.dat:614:true]" classname="ch.digitalfondue.jfiveparse.TreeConstructionTest" time="0"/>
  <testcase name="check[foreign-fragment.dat:615:true]" classname="ch.digitalfondue.jfiveparse.TreeConstructionTest" time="0"/>
  <testcase name="check[foreign-fragment.dat:616:true]" classname="ch.digitalfondue.jfiveparse.TreeConstructionTest" time="0"/>
  <testcase name="check[foreign-fragment.dat:617:true]" classname="ch.digitalfondue.jfiveparse.TreeConstructionTest" time="0"/>
  <testcase name="check[foreign-fragment.dat:618:true]" classname="ch.digitalfondue.jfiveparse.TreeConstructionTest" time="0"/>
  <testcase name="check[foreign-fragment.dat:619:true]" classname="ch.digitalfondue.jfiveparse.TreeConstructionTest" time="0"/>
  <testcase name="check[foreign-fragment.dat:620:true]" classname="ch.digitalfondue.jfiveparse.TreeConstructionTest" time="0"/>
  <testcase name="check[foreign-fragment.dat:621:true]" classname="ch.digitalfondue.jfiveparse.TreeConstructionTest" time="0"/>
  <testcase name="check[foreign-fragment.dat:622:true]" classname="ch.digitalfondue.jfiveparse.TreeConstructionTest" time="0"/>
  <testcase name="check[foreign-fragment.dat:623:true]" classname="ch.digitalfondue.jfiveparse.TreeConstructionTest" time="0"/>
  <testcase name="check[foreign-fragment.dat:624:true]" classname="ch.digitalfondue.jfiveparse.TreeConstructionTest" time="0"/>
  <testcase name="check[foreign-fragment.dat:625:true]" classname="ch.digitalfondue.jfiveparse.TreeConstructionTest" time="0"/>
  <testcase name="check[foreign-fragment.dat:626:true]" classname="ch.digitalfondue.jfiveparse.TreeConstructionTest" time="0"/>
  <testcase name="check[foreign-fragment.dat:627:true]" classname="ch.digitalfondue.jfiveparse.TreeConstructionTest" time="0"/>
  <testcase name="check[foreign-fragment.dat:628:true]" classname="ch.digitalfondue.jfiveparse.TreeConstructionTest" time="0"/>
  <testcase name="check[foreign-fragment.dat:629:true]" classname="ch.digitalfondue.jfiveparse.TreeConstructionTest" time="0"/>
  <testcase name="check[foreign-fragment.dat:630:true]" classname="ch.digitalfondue.jfiveparse.TreeConstructionTest" time="0"/>
  <testcase name="check[foreign-fragment.dat:631:true]" classname="ch.digitalfondue.jfiveparse.TreeConstructionTest" time="0"/>
  <testcase name="check[foreign-fragment.dat:632:true]" classname="ch.digitalfondue.jfiveparse.TreeConstructionTest" time="0"/>
  <testcase name="check[foreign-fragment.dat:633:true]" classname="ch.digitalfondue.jfiveparse.TreeConstructionTest" time="0"/>
  <testcase name="check[foreign-fragment.dat:634:true]" classname="ch.digitalfondue.jfiveparse.TreeConstructionTest" time="0"/>
  <testcase name="check[foreign-fragment.dat:635:true]" classname="ch.digitalfondue.jfiveparse.TreeConstructionTest" time="0"/>
  <testcase name="check[foreign-fragment.dat:636:true]" classname="ch.digitalfondue.jfiveparse.TreeConstructionTest" time="0"/>
  <testcase name="check[foreign-fragment.dat:637:true]" classname="ch.digitalfondue.jfiveparse.TreeConstructionTest" time="0.001"/>
  <testcase name="check[foreign-fragment.dat:638:true]" classname="ch.digitalfondue.jfiveparse.TreeConstructionTest" time="0"/>
  <testcase name="check[foreign-fragment.dat:639:true]" classname="ch.digitalfondue.jfiveparse.TreeConstructionTest" time="0"/>
  <testcase name="check[foreign-fragment.dat:640:true]" classname="ch.digitalfondue.jfiveparse.TreeConstructionTest" time="0"/>
  <testcase name="check[foreign-fragment.dat:641:true]" classname="ch.digitalfondue.jfiveparse.TreeConstructionTest" time="0"/>
  <testcase name="check[foreign-fragment.dat:642:true]" classname="ch.digitalfondue.jfiveparse.TreeConstructionTest" time="0"/>
  <testcase name="check[foreign-fragment.dat:643:true]" classname="ch.digitalfondue.jfiveparse.TreeConstructionTest" time="0"/>
  <testcase name="check[foreign-fragment.dat:644:true]" classname="ch.digitalfondue.jfiveparse.TreeConstructionTest" time="0"/>
  <testcase name="check[foreign-fragment.dat:645:true]" classname="ch.digitalfondue.jfiveparse.TreeConstructionTest" time="0"/>
  <testcase name="check[foreign-fragment.dat:646:true]" classname="ch.digitalfondue.jfiveparse.TreeConstructionTest" time="0"/>
  <testcase name="check[foreign-fragment.dat:647:true]" classname="ch.digitalfondue.jfiveparse.TreeConstructionTest" time="0"/>
  <testcase name="check[foreign-fragment.dat:648:true]" classname="ch.digitalfondue.jfiveparse.TreeConstructionTest" time="0"/>
  <testcase name="check[foreign-fragment.dat:649:true]" classname="ch.digitalfondue.jfiveparse.TreeConstructionTest" time="0"/>
  <testcase name="check[foreign-fragment.dat:650:true]" classname="ch.digitalfondue.jfiveparse.TreeConstructionTest" time="0"/>
  <testcase name="check[foreign-fragment.dat:651:true]" classname="ch.digitalfondue.jfiveparse.TreeConstructionTest" time="0"/>
  <testcase name="check[foreign-fragment.dat:652:true]" classname="ch.digitalfondue.jfiveparse.TreeConstructionTest" time="0"/>
  <testcase name="check[foreign-fragment.dat:653:true]" classname="ch.digitalfondue.jfiveparse.TreeConstructionTest" time="0"/>
  <testcase name="check[foreign-fragment.dat:654:true]" classname="ch.digitalfondue.jfiveparse.TreeConstructionTest" time="0"/>
  <testcase name="check[foreign-fragment.dat:655:true]" classname="ch.digitalfondue.jfiveparse.TreeConstructionTest" time="0"/>
  <testcase name="check[foreign-fragment.dat:656:true]" classname="ch.digitalfondue.jfiveparse.TreeConstructionTest" time="0"/>
  <testcase name="check[foreign-fragment.dat:657:true]" classname="ch.digitalfondue.jfiveparse.TreeConstructionTest" time="0"/>
  <testcase name="check[html5test-com.dat:658:false]" classname="ch.digitalfondue.jfiveparse.TreeConstructionTest" time="0"/>
  <testcase name="check[html5test-com.dat:659:false]" classname="ch.digitalfondue.jfiveparse.TreeConstructionTest" time="0"/>
  <testcase name="check[html5test-com.dat:660:false]" classname="ch.digitalfondue.jfiveparse.TreeConstructionTest" time="0"/>
  <testcase name="check[html5test-com.dat:661:false]" classname="ch.digitalfondue.jfiveparse.TreeConstructionTest" time="0"/>
  <testcase name="check[html5test-com.dat:662:false]" classname="ch.digitalfondue.jfiveparse.TreeConstructionTest" time="0"/>
  <testcase name="check[html5test-com.dat:663:false]" classname="ch.digitalfondue.jfiveparse.TreeConstructionTest" time="0"/>
  <testcase name="check[html5test-com.dat:664:false]" classname="ch.digitalfondue.jfiveparse.TreeConstructionTest" time="0"/>
  <testcase name="check[html5test-com.dat:665:false]" classname="ch.digitalfondue.jfiveparse.TreeConstructionTest" time="0"/>
  <testcase name="check[html5test-com.dat:666:false]" classname="ch.digitalfondue.jfiveparse.TreeConstructionTest" time="0"/>
  <testcase name="check[html5test-com.dat:667:false]" classname="ch.digitalfondue.jfiveparse.TreeConstructionTest" time="0"/>
  <testcase name="check[html5test-com.dat:668:false]" classname="ch.digitalfondue.jfiveparse.TreeConstructionTest" time="0"/>
  <testcase name="check[html5test-com.dat:669:false]" classname="ch.digitalfondue.jfiveparse.TreeConstructionTest" time="0.001"/>
  <testcase name="check[html5test-com.dat:670:false]" classname="ch.digitalfondue.jfiveparse.TreeConstructionTest" time="0"/>
  <testcase name="check[html5test-com.dat:671:false]" classname="ch.digitalfondue.jfiveparse.TreeConstructionTest" time="0"/>
  <testcase name="check[html5test-com.dat:672:false]" classname="ch.digitalfondue.jfiveparse.TreeConstructionTest" time="0"/>
  <testcase name="check[html5test-com.dat:673:false]" classname="ch.digitalfondue.jfiveparse.TreeConstructionTest" time="0"/>
  <testcase name="check[html5test-com.dat:674:false]" classname="ch.digitalfondue.jfiveparse.TreeConstructionTest" time="0"/>
  <testcase name="check[html5test-com.dat:675:false]" classname="ch.digitalfondue.jfiveparse.TreeConstructionTest" time="0"/>
  <testcase name="check[html5test-com.dat:676:false]" classname="ch.digitalfondue.jfiveparse.TreeConstructionTest" time="0"/>
  <testcase name="check[html5test-com.dat:677:false]" classname="ch.digitalfondue.jfiveparse.TreeConstructionTest" time="0"/>
  <testcase name="check[html5test-com.dat:678:false]" classname="ch.digitalfondue.jfiveparse.TreeConstructionTest" time="0"/>
  <testcase name="check[html5test-com.dat:679:false]" classname="ch.digitalfondue.jfiveparse.TreeConstructionTest" time="0"/>
  <testcase name="check[html5test-com.dat:680:false]" classname="ch.digitalfondue.jfiveparse.TreeConstructionTest" time="0"/>
  <testcase name="check[html5test-com.dat:681:false]" classname="ch.digitalfondue.jfiveparse.TreeConstructionTest" time="0"/>
  <testcase name="check[html5test-com.dat:682:true]" classname="ch.digitalfondue.jfiveparse.TreeConstructionTest" time="0"/>
  <testcase name="check[html5test-com.dat:683:true]" classname="ch.digitalfondue.jfiveparse.TreeConstructionTest" time="0"/>
  <testcase name="check[html5test-com.dat:684:true]" classname="ch.digitalfondue.jfiveparse.TreeConstructionTest" time="0"/>
  <testcase name="check[html5test-com.dat:685:true]" classname="ch.digitalfondue.jfiveparse.TreeConstructionTest" time="0"/>
  <testcase name="check[html5test-com.dat:686:true]" classname="ch.digitalfondue.jfiveparse.TreeConstructionTest" time="0"/>
  <testcase name="check[html5test-com.dat:687:true]" classname="ch.digitalfondue.jfiveparse.TreeConstructionTest" time="0"/>
  <testcase name="check[html5test-com.dat:688:true]" classname="ch.digitalfondue.jfiveparse.TreeConstructionTest" time="0"/>
  <testcase name="check[html5test-com.dat:689:true]" classname="ch.digitalfondue.jfiveparse.TreeConstructionTest" time="0"/>
  <testcase name="check[html5test-com.dat:690:true]" classname="ch.digitalfondue.jfiveparse.TreeConstructionTest" time="0"/>
  <testcase name="check[html5test-com.dat:691:true]" classname="ch.digitalfondue.jfiveparse.TreeConstructionTest" time="0.001"/>
  <testcase name="check[html5test-com.dat:692:true]" classname="ch.digitalfondue.jfiveparse.TreeConstructionTest" time="0"/>
  <testcase name="check[html5test-com.dat:693:true]" classname="ch.digitalfondue.jfiveparse.TreeConstructionTest" time="0"/>
  <testcase name="check[html5test-com.dat:694:true]" classname="ch.digitalfondue.jfiveparse.TreeConstructionTest" time="0"/>
  <testcase name="check[html5test-com.dat:695:true]" classname="ch.digitalfondue.jfiveparse.TreeConstructionTest" time="0"/>
  <testcase name="check[html5test-com.dat:696:true]" classname="ch.digitalfondue.jfiveparse.TreeConstructionTest" time="0"/>
  <testcase name="check[html5test-com.dat:697:true]" classname="ch.digitalfondue.jfiveparse.TreeConstructionTest" time="0"/>
  <testcase name="check[html5test-com.dat:698:true]" classname="ch.digitalfondue.jfiveparse.TreeConstructionTest" time="0"/>
  <testcase name="check[html5test-com.dat:699:true]" classname="ch.digitalfondue.jfiveparse.TreeConstructionTest" time="0"/>
  <testcase name="check[html5test-com.dat:700:true]" classname="ch.digitalfondue.jfiveparse.TreeConstructionTest" time="0"/>
  <testcase name="check[html5test-com.dat:701:true]" classname="ch.digitalfondue.jfiveparse.TreeConstructionTest" time="0"/>
  <testcase name="check[html5test-com.dat:702:true]" classname="ch.digitalfondue.jfiveparse.TreeConstructionTest" time="0"/>
  <testcase name="check[html5test-com.dat:703:true]" classname="ch.digitalfondue.jfiveparse.TreeConstructionTest" time="0"/>
  <testcase name="check[html5test-com.dat:704:true]" classname="ch.digitalfondue.jfiveparse.TreeConstructionTest" time="0"/>
  <testcase name="check[html5test-com.dat:705:true]" classname="ch.digitalfondue.jfiveparse.TreeConstructionTest" time="0"/>
  <testcase name="check[inbody01.dat:706:false]" classname="ch.digitalfondue.jfiveparse.TreeConstructionTest" time="0"/>
  <testcase name="check[inbody01.dat:707:false]" classname="ch.digitalfondue.jfiveparse.TreeConstructionTest" time="0"/>
  <testcase name="check[inbody01.dat:708:false]" classname="ch.digitalfondue.jfiveparse.TreeConstructionTest" time="0"/>
  <testcase name="check[inbody01.dat:709:false]" classname="ch.digitalfondue.jfiveparse.TreeConstructionTest" time="0"/>
  <testcase name="check[inbody01.dat:710:true]" classname="ch.digitalfondue.jfiveparse.TreeConstructionTest" time="0"/>
  <testcase name="check[inbody01.dat:711:true]" classname="ch.digitalfondue.jfiveparse.TreeConstructionTest" time="0"/>
  <testcase name="check[inbody01.dat:712:true]" classname="ch.digitalfondue.jfiveparse.TreeConstructionTest" time="0"/>
  <testcase name="check[inbody01.dat:713:true]" classname="ch.digitalfondue.jfiveparse.TreeConstructionTest" time="0"/>
  <testcase name="check[isindex.dat:714:false]" classname="ch.digitalfondue.jfiveparse.TreeConstructionTest" time="0"/>
  <testcase name="check[isindex.dat:715:false]" classname="ch.digitalfondue.jfiveparse.TreeConstructionTest" time="0"/>
  <testcase name="check[isindex.dat:716:false]" classname="ch.digitalfondue.jfiveparse.TreeConstructionTest" time="0"/>
  <testcase name="check[isindex.dat:717:false]" classname="ch.digitalfondue.jfiveparse.TreeConstructionTest" time="0.001"/>
  <testcase name="check[isindex.dat:718:true]" classname="ch.digitalfondue.jfiveparse.TreeConstructionTest" time="0"/>
  <testcase name="check[isindex.dat:719:true]" classname="ch.digitalfondue.jfiveparse.TreeConstructionTest" time="0"/>
  <testcase name="check[isindex.dat:720:true]" classname="ch.digitalfondue.jfiveparse.TreeConstructionTest" time="0"/>
  <testcase name="check[isindex.dat:721:true]" classname="ch.digitalfondue.jfiveparse.TreeConstructionTest" time="0"/>
  <testcase name="check[main-element.dat:722:false]" classname="ch.digitalfondue.jfiveparse.TreeConstructionTest" time="0"/>
  <testcase name="check[main-element.dat:723:false]" classname="ch.digitalfondue.jfiveparse.TreeConstructionTest" time="0"/>
  <testcase name="check[main-element.dat:724:false]" classname="ch.digitalfondue.jfiveparse.TreeConstructionTest" time="0"/>
  <testcase name="check[main-element.dat:725:true]" classname="ch.digitalfondue.jfiveparse.TreeConstructionTest" time="0"/>
  <testcase name="check[main-element.dat:726:true]" classname="ch.digitalfondue.jfiveparse.TreeConstructionTest" time="0"/>
  <testcase name="check[main-element.dat:727:true]" classname="ch.digitalfondue.jfiveparse.TreeConstructionTest" time="0"/>
  <testcase name="check[math.dat:728:false]" classname="ch.digitalfondue.jfiveparse.TreeConstructionTest" time="0"/>
  <testcase name="check[math.dat:729:false]" classname="ch.digitalfondue.jfiveparse.TreeConstructionTest" time="0"/>
  <testcase name="check[math.dat:730:false]" classname="ch.digitalfondue.jfiveparse.TreeConstructionTest" time="0"/>
  <testcase name="check[math.dat:731:false]" classname="ch.digitalfondue.jfiveparse.TreeConstructionTest" time="0"/>
  <testcase name="check[math.dat:732:false]" classname="ch.digitalfondue.jfiveparse.TreeConstructionTest" time="0"/>
  <testcase name="check[math.dat:733:false]" classname="ch.digitalfondue.jfiveparse.TreeConstructionTest" time="0"/>
  <testcase name="check[math.dat:734:false]" classname="ch.digitalfondue.jfiveparse.TreeConstructionTest" time="0"/>
  <testcase name="check[math.dat:735:false]" classname="ch.digitalfondue.jfiveparse.TreeConstructionTest" time="0"/>
  <testcase name="check[math.dat:736:true]" classname="ch.digitalfondue.jfiveparse.TreeConstructionTest" time="0.001"/>
  <testcase name="check[math.dat:737:true]" classname="ch.digitalfondue.jfiveparse.TreeConstructionTest" time="0"/>
  <testcase name="check[math.dat:738:true]" classname="ch.digitalfondue.jfiveparse.TreeConstructionTest" time="0"/>
  <testcase name="check[math.dat:739:true]" classname="ch.digitalfondue.jfiveparse.TreeConstructionTest" time="0"/>
  <testcase name="check[math.dat:740:true]" classname="ch.digitalfondue.jfiveparse.TreeConstructionTest" time="0"/>
  <testcase name="check[math.dat:741:true]" classname="ch.digitalfondue.jfiveparse.TreeConstructionTest" time="0"/>
  <testcase name="check[math.dat:742:true]" classname="ch.digitalfondue.jfiveparse.TreeConstructionTest" time="0"/>
  <testcase name="check[math.dat:743:true]" classname="ch.digitalfondue.jfiveparse.TreeConstructionTest" time="0"/>
  <testcase name="check[menuitem-element.dat:744:false]" classname="ch.digitalfondue.jfiveparse.TreeConstructionTest" time="0"/>
  <testcase name="check[menuitem-element.dat:745:false]" classname="ch.digitalfondue.jfiveparse.TreeConstructionTest" time="0"/>
  <testcase name="check[menuitem-element.dat:746:false]" classname="ch.digitalfondue.jfiveparse.TreeConstructionTest" time="0"/>
  <testcase name="check[menuitem-element.dat:747:false]" classname="ch.digitalfondue.jfiveparse.TreeConstructionTest" time="0"/>
  <testcase name="check[menuitem-element.dat:748:false]" classname="ch.digitalfondue.jfiveparse.TreeConstructionTest" time="0"/>
  <testcase name="check[menuitem-element.dat:749:false]" classname="ch.digitalfondue.jfiveparse.TreeConstructionTest" time="0"/>
  <testcase name="check[menuitem-element.dat:750:false]" classname="ch.digitalfondue.jfiveparse.TreeConstructionTest" time="0"/>
  <testcase name="check[menuitem-element.dat:751:false]" classname="ch.digitalfondue.jfiveparse.TreeConstructionTest" time="0"/>
  <testcase name="check[menuitem-element.dat:752:false]" classname="ch.digitalfondue.jfiveparse.TreeConstructionTest" time="0"/>
  <testcase name="check[menuitem-element.dat:753:false]" classname="ch.digitalfondue.jfiveparse.TreeConstructionTest" time="0"/>
  <testcase name="check[menuitem-element.dat:754:false]" classname="ch.digitalfondue.jfiveparse.TreeConstructionTest" time="0"/>
  <testcase name="check[menuitem-element.dat:755:false]" classname="ch.digitalfondue.jfiveparse.TreeConstructionTest" time="0"/>
  <testcase name="check[menuitem-element.dat:756:false]" classname="ch.digitalfondue.jfiveparse.TreeConstructionTest" time="0"/>
  <testcase name="check[menuitem-element.dat:757:false]" classname="ch.digitalfondue.jfiveparse.TreeConstructionTest" time="0"/>
  <testcase name="check[menuitem-element.dat:758:false]" classname="ch.digitalfondue.jfiveparse.TreeConstructionTest" time="0"/>
  <testcase name="check[menuitem-element.dat:759:false]" classname="ch.digitalfondue.jfiveparse.TreeConstructionTest" time="0.001"/>
  <testcase name="check[menuitem-element.dat:760:false]" classname="ch.digitalfondue.jfiveparse.TreeConstructionTest" time="0"/>
  <testcase name="check[menuitem-element.dat:761:false]" classname="ch.digitalfondue.jfiveparse.TreeConstructionTest" time="0"/>
  <testcase name="check[menuitem-element.dat:762:false]" classname="ch.digitalfondue.jfiveparse.TreeConstructionTest" time="0"/>
  <testcase name="check[menuitem-element.dat:763:false]" classname="ch.digitalfondue.jfiveparse.TreeConstructionTest" time="0"/>
  <testcase name="check[menuitem-element.dat:764:true]" classname="ch.digitalfondue.jfiveparse.TreeConstructionTest" time="0"/>
  <testcase name="check[menuitem-element.dat:765:true]" classname="ch.digitalfondue.jfiveparse.TreeConstructionTest" time="0"/>
  <testcase name="check[menuitem-element.dat:766:true]" classname="ch.digitalfondue.jfiveparse.TreeConstructionTest" time="0"/>
  <testcase name="check[menuitem-element.dat:767:true]" classname="ch.digitalfondue.jfiveparse.TreeConstructionTest" time="0"/>
  <testcase name="check[menuitem-element.dat:768:true]" classname="ch.digitalfondue.jfiveparse.TreeConstructionTest" time="0"/>
  <testcase name="check[menuitem-element.dat:769:true]" classname="ch.digitalfondue.jfiveparse.TreeConstructionTest" time="0"/>
  <testcase name="check[menuitem-element.dat:770:true]" classname="ch.digitalfondue.jfiveparse.TreeConstructionTest" time="0"/>
  <testcase name="check[menuitem-element.dat:771:true]" classname="ch.digitalfondue.jfiveparse.TreeConstructionTest" time="0"/>
  <testcase name="check[menuitem-element.dat:772:true]" classname="ch.digitalfondue.jfiveparse.TreeConstructionTest" time="0"/>
  <testcase name="check[menuitem-element.dat:773:true]" classname="ch.digitalfondue.jfiveparse.TreeConstructionTest" time="0"/>
  <testcase name="check[menuitem-element.dat:774:true]" classname="ch.digitalfondue.jfiveparse.TreeConstructionTest" time="0"/>
  <testcase name="check[menuitem-element.dat:775:true]" classname="ch.digitalfondue.jfiveparse.TreeConstructionTest" time="0"/>
  <testcase name="check[menuitem-element.dat:776:true]" classname="ch.digitalfondue.jfiveparse.TreeConstructionTest" time="0"/>
  <testcase name="check[menuitem-element.dat:777:true]" classname="ch.digitalfondue.jfiveparse.TreeConstructionTest" time="0"/>
  <testcase name="check[menuitem-element.dat:778:true]" classname="ch.digitalfondue.jfiveparse.TreeConstructionTest" time="0"/>
  <testcase name="check[menuitem-element.dat:779:true]" classname="ch.digitalfondue.jfiveparse.TreeConstructionTest" time="0"/>
  <testcase name="check[menuitem-element.dat:780:true]" classname="ch.digitalfondue.jfiveparse.TreeConstructionTest" time="0"/>
  <testcase name="check[menuitem-element.dat:781:true]" classname="ch.digitalfondue.jfiveparse.TreeConstructionTest" time="0"/>
  <testcase name="check[menuitem-element.dat:782:true]" classname="ch.digitalfondue.jfiveparse.TreeConstructionTest" time="0"/>
  <testcase name="check[menuitem-element.dat:783:true]" classname="ch.digitalfondue.jfiveparse.TreeConstructionTest" time="0"/>
  <testcase name="check[namespace-sensitivity.dat:784:false]" classname="ch.digitalfondue.jfiveparse.TreeConstructionTest" time="0"/>
  <testcase name="check[namespace-sensitivity.dat:785:true]" classname="ch.digitalfondue.jfiveparse.TreeConstructionTest" time="0"/>
  <testcase name="check[noscript01.dat:786:false]" classname="ch.digitalfondue.jfiveparse.TreeConstructionTest" time="0.001"/>
  <testcase name="check[noscript01.dat:787:false]" classname="ch.digitalfondue.jfiveparse.TreeConstructionTest" time="0"/>
  <testcase name="check[noscript01.dat:788:false]" classname="ch.digitalfondue.jfiveparse.TreeConstructionTest" time="0"/>
  <testcase name="check[noscript01.dat:789:false]" classname="ch.digitalfondue.jfiveparse.TreeConstructionTest" time="0"/>
  <testcase name="check[noscript01.dat:790:false]" classname="ch.digitalfondue.jfiveparse.TreeConstructionTest" time="0"/>
  <testcase name="check[noscript01.dat:791:false]" classname="ch.digitalfondue.jfiveparse.TreeConstructionTest" time="0"/>
  <testcase name="check[noscript01.dat:792:false]" classname="ch.digitalfondue.jfiveparse.TreeConstructionTest" time="0"/>
  <testcase name="check[noscript01.dat:793:false]" classname="ch.digitalfondue.jfiveparse.TreeConstructionTest" time="0"/>
  <testcase name="check[noscript01.dat:794:false]" classname="ch.digitalfondue.jfiveparse.TreeConstructionTest" time="0"/>
  <testcase name="check[noscript01.dat:795:false]" classname="ch.digitalfondue.jfiveparse.TreeConstructionTest" time="0"/>
  <testcase name="check[noscript01.dat:796:false]" classname="ch.digitalfondue.jfiveparse.TreeConstructionTest" time="0"/>
  <testcase name="check[noscript01.dat:797:false]" classname="ch.digitalfondue.jfiveparse.TreeConstructionTest" time="0"/>
  <testcase name="check[noscript01.dat:798:false]" classname="ch.digitalfondue.jfiveparse.TreeConstructionTest" time="0"/>
  <testcase name="check[noscript01.dat:799:false]" classname="ch.digitalfondue.jfiveparse.TreeConstructionTest" time="0"/>
  <testcase name="check[noscript01.dat:800:false]" classname="ch.digitalfondue.jfiveparse.TreeConstructionTest" time="0"/>
  <testcase name="check[noscript01.dat:801:false]" classname="ch.digitalfondue.jfiveparse.TreeConstructionTest" time="0"/>
  <testcase name="check[noscript01.dat:802:false]" classname="ch.digitalfondue.jfiveparse.TreeConstructionTest" time="0"/>
  <testcase name="check[noscript01.dat:803:false]" classname="ch.digitalfondue.jfiveparse.TreeConstructionTest" time="0"/>
  <testcase name="check[pending-spec-changes-plain-text-unsafe.dat:804:false]" classname="ch.digitalfondue.jfiveparse.TreeConstructionTest" time="0.001"/>
  <testcase name="check[pending-spec-changes-plain-text-unsafe.dat:805:true]" classname="ch.digitalfondue.jfiveparse.TreeConstructionTest" time="0"/>
  <testcase name="check[pending-spec-changes.dat:806:false]" classname="ch.digitalfondue.jfiveparse.TreeConstructionTest" time="0"/>
  <testcase name="check[pending-spec-changes.dat:807:false]" classname="ch.digitalfondue.jfiveparse.TreeConstructionTest" time="0"/>
  <testcase name="check[pending-spec-changes.dat:808:false]" classname="ch.digitalfondue.jfiveparse.TreeConstructionTest" time="0"/>
  <testcase name="check[pending-spec-changes.dat:809:true]" classname="ch.digitalfondue.jfiveparse.TreeConstructionTest" time="0"/>
  <testcase name="check[pending-spec-changes.dat:810:true]" classname="ch.digitalfondue.jfiveparse.TreeConstructionTest" time="0"/>
  <testcase name="check[pending-spec-changes.dat:811:true]" classname="ch.digitalfondue.jfiveparse.TreeConstructionTest" time="0"/>
  <testcase name="check[plain-text-unsafe.dat:812:false]" classname="ch.digitalfondue.jfiveparse.TreeConstructionTest" time="0"/>
  <testcase name="check[plain-text-unsafe.dat:813:false]" classname="ch.digitalfondue.jfiveparse.TreeConstructionTest" time="0"/>
  <testcase name="check[plain-text-unsafe.dat:814:false]" classname="ch.digitalfondue.jfiveparse.TreeConstructionTest" time="0"/>
  <testcase name="check[plain-text-unsafe.dat:815:false]" classname="ch.digitalfondue.jfiveparse.TreeConstructionTest" time="0"/>
  <testcase name="check[plain-text-unsafe.dat:816:false]" classname="ch.digitalfondue.jfiveparse.TreeConstructionTest" time="0"/>
  <testcase name="check[plain-text-unsafe.dat:817:false]" classname="ch.digitalfondue.jfiveparse.TreeConstructionTest" time="0"/>
  <testcase name="check[plain-text-unsafe.dat:818:false]" classname="ch.digitalfondue.jfiveparse.TreeConstructionTest" time="0"/>
  <testcase name="check[plain-text-unsafe.dat:819:false]" classname="ch.digitalfondue.jfiveparse.TreeConstructionTest" time="0"/>
  <testcase name="check[plain-text-unsafe.dat:820:false]" classname="ch.digitalfondue.jfiveparse.TreeConstructionTest" time="0.001"/>
  <testcase name="check[plain-text-unsafe.dat:821:false]" classname="ch.digitalfondue.jfiveparse.TreeConstructionTest" time="0"/>
  <testcase name="check[plain-text-unsafe.dat:822:false]" classname="ch.digitalfondue.jfiveparse.TreeConstructionTest" time="0"/>
  <testcase name="check[plain-text-unsafe.dat:823:false]" classname="ch.digitalfondue.jfiveparse.TreeConstructionTest" time="0"/>
  <testcase name="check[plain-text-unsafe.dat:824:false]" classname="ch.digitalfondue.jfiveparse.TreeConstructionTest" time="0"/>
  <testcase name="check[plain-text-unsafe.dat:825:false]" classname="ch.digitalfondue.jfiveparse.TreeConstructionTest" time="0"/>
  <testcase name="check[plain-text-unsafe.dat:826:false]" classname="ch.digitalfondue.jfiveparse.TreeConstructionTest" time="0"/>
  <testcase name="check[plain-text-unsafe.dat:827:false]" classname="ch.digitalfondue.jfiveparse.TreeConstructionTest" time="0"/>
  <testcase name="check[plain-text-unsafe.dat:828:false]" classname="ch.digitalfondue.jfiveparse.TreeConstructionTest" time="0"/>
  <testcase name="check[plain-text-unsafe.dat:829:false]" classname="ch.digitalfondue.jfiveparse.TreeConstructionTest" time="0"/>
  <testcase name="check[plain-text-unsafe.dat:830:false]" classname="ch.digitalfondue.jfiveparse.TreeConstructionTest" time="0"/>
  <testcase name="check[plain-text-unsafe.dat:831:false]" classname="ch.digitalfondue.jfiveparse.TreeConstructionTest" time="0"/>
  <testcase name="check[plain-text-unsafe.dat:832:false]" classname="ch.digitalfondue.jfiveparse.TreeConstructionTest" time="0"/>
  <testcase name="check[plain-text-unsafe.dat:833:false]" classname="ch.digitalfondue.jfiveparse.TreeConstructionTest" time="0"/>
  <testcase name="check[plain-text-unsafe.dat:834:false]" classname="ch.digitalfondue.jfiveparse.TreeConstructionTest" time="0"/>
  <testcase name="check[plain-text-unsafe.dat:835:false]" classname="ch.digitalfondue.jfiveparse.TreeConstructionTest" time="0"/>
  <testcase name="check[plain-text-unsafe.dat:836:false]" classname="ch.digitalfondue.jfiveparse.TreeConstructionTest" time="0"/>
  <testcase name="check[plain-text-unsafe.dat:837:false]" classname="ch.digitalfondue.jfiveparse.TreeConstructionTest" time="0"/>
  <testcase name="check[plain-text-unsafe.dat:838:false]" classname="ch.digitalfondue.jfiveparse.TreeConstructionTest" time="0"/>
  <testcase name="check[plain-text-unsafe.dat:839:false]" classname="ch.digitalfondue.jfiveparse.TreeConstructionTest" time="0"/>
  <testcase name="check[plain-text-unsafe.dat:840:false]" classname="ch.digitalfondue.jfiveparse.TreeConstructionTest" time="0"/>
  <testcase name="check[plain-text-unsafe.dat:841:false]" classname="ch.digitalfondue.jfiveparse.TreeConstructionTest" time="0"/>
  <testcase name="check[plain-text-unsafe.dat:842:false]" classname="ch.digitalfondue.jfiveparse.TreeConstructionTest" time="0"/>
  <testcase name="check[plain-text-unsafe.dat:843:false]" classname="ch.digitalfondue.jfiveparse.TreeConstructionTest" time="0"/>
  <testcase name="check[plain-text-unsafe.dat:844:false]" classname="ch.digitalfondue.jfiveparse.TreeConstructionTest" time="0.001"/>
  <testcase name="check[plain-text-unsafe.dat:845:true]" classname="ch.digitalfondue.jfiveparse.TreeConstructionTest" time="0"/>
  <testcase name="check[plain-text-unsafe.dat:846:true]" classname="ch.digitalfondue.jfiveparse.TreeConstructionTest" time="0"/>
  <testcase name="check[plain-text-unsafe.dat:847:true]" classname="ch.digitalfondue.jfiveparse.TreeConstructionTest" time="0"/>
  <testcase name="check[plain-text-unsafe.dat:848:true]" classname="ch.digitalfondue.jfiveparse.TreeConstructionTest" time="0"/>
  <testcase name="check[plain-text-unsafe.dat:849:true]" classname="ch.digitalfondue.jfiveparse.TreeConstructionTest" time="0"/>
  <testcase name="check[plain-text-unsafe.dat:850:true]" classname="ch.digitalfondue.jfiveparse.TreeConstructionTest" time="0"/>
  <testcase name="check[plain-text-unsafe.dat:851:true]" classname="ch.digitalfondue.jfiveparse.TreeConstructionTest" time="0"/>
  <testcase name="check[plain-text-unsafe.dat:852:true]" classname="ch.digitalfondue.jfiveparse.TreeConstructionTest" time="0"/>
  <testcase name="check[plain-text-unsafe.dat:853:true]" classname="ch.digitalfondue.jfiveparse.TreeConstructionTest" time="0"/>
  <testcase name="check[plain-text-unsafe.dat:854:true]" classname="ch.digitalfondue.jfiveparse.TreeConstructionTest" time="0"/>
  <testcase name="check[plain-text-unsafe.dat:855:true]" classname="ch.digitalfondue.jfiveparse.TreeConstructionTest" time="0"/>
  <testcase name="check[plain-text-unsafe.dat:856:true]" classname="ch.digitalfondue.jfiveparse.TreeConstructionTest" time="0"/>
  <testcase name="check[plain-text-unsafe.dat:857:true]" classname="ch.digitalfondue.jfiveparse.TreeConstructionTest" time="0"/>
  <testcase name="check[plain-text-unsafe.dat:858:true]" classname="ch.digitalfondue.jfiveparse.TreeConstructionTest" time="0"/>
  <testcase name="check[plain-text-unsafe.dat:859:true]" classname="ch.digitalfondue.jfiveparse.TreeConstructionTest" time="0"/>
  <testcase name="check[plain-text-unsafe.dat:860:true]" classname="ch.digitalfondue.jfiveparse.TreeConstructionTest" time="0"/>
  <testcase name="check[plain-text-unsafe.dat:861:true]" classname="ch.digitalfondue.jfiveparse.TreeConstructionTest" time="0"/>
  <testcase name="check[plain-text-unsafe.dat:862:true]" classname="ch.digitalfondue.jfiveparse.TreeConstructionTest" time="0"/>
  <testcase name="check[plain-text-unsafe.dat:863:true]" classname="ch.digitalfondue.jfiveparse.TreeConstructionTest" time="0"/>
  <testcase name="check[plain-text-unsafe.dat:864:true]" classname="ch.digitalfondue.jfiveparse.TreeConstructionTest" time="0"/>
  <testcase name="check[plain-text-unsafe.dat:865:true]" classname="ch.digitalfondue.jfiveparse.TreeConstructionTest" time="0"/>
  <testcase name="check[plain-text-unsafe.dat:866:true]" classname="ch.digitalfondue.jfiveparse.TreeConstructionTest" time="0"/>
  <testcase name="check[plain-text-unsafe.dat:867:true]" classname="ch.digitalfondue.jfiveparse.TreeConstructionTest" time="0"/>
  <testcase name="check[plain-text-unsafe.dat:868:true]" classname="ch.digitalfondue.jfiveparse.TreeConstructionTest" time="0"/>
  <testcase name="check[plain-text-unsafe.dat:869:true]" classname="ch.digitalfondue.jfiveparse.TreeConstructionTest" time="0"/>
  <testcase name="check[plain-text-unsafe.dat:870:true]" classname="ch.digitalfondue.jfiveparse.TreeConstructionTest" time="0"/>
  <testcase name="check[plain-text-unsafe.dat:871:true]" classname="ch.digitalfondue.jfiveparse.TreeConstructionTest" time="0"/>
  <testcase name="check[plain-text-unsafe.dat:872:true]" classname="ch.digitalfondue.jfiveparse.TreeConstructionTest" time="0"/>
  <testcase name="check[plain-text-unsafe.dat:873:true]" classname="ch.digitalfondue.jfiveparse.TreeConstructionTest" time="0"/>
  <testcase name="check[plain-text-unsafe.dat:874:true]" classname="ch.digitalfondue.jfiveparse.TreeConstructionTest" time="0"/>
  <testcase name="check[plain-text-unsafe.dat:875:true]" classname="ch.digitalfondue.jfiveparse.TreeConstructionTest" time="0"/>
  <testcase name="check[plain-text-unsafe.dat:876:true]" classname="ch.digitalfondue.jfiveparse.TreeConstructionTest" time="0"/>
  <testcase name="check[plain-text-unsafe.dat:877:true]" classname="ch.digitalfondue.jfiveparse.TreeConstructionTest" time="0"/>
  <testcase name="check[ruby.dat:878:false]" classname="ch.digitalfondue.jfiveparse.TreeConstructionTest" time="0"/>
  <testcase name="check[ruby.dat:879:false]" classname="ch.digitalfondue.jfiveparse.TreeConstructionTest" time="0"/>
  <testcase name="check[ruby.dat:880:false]" classname="ch.digitalfondue.jfiveparse.TreeConstructionTest" time="0"/>
  <testcase name="check[ruby.dat:881:false]" classname="ch.digitalfondue.jfiveparse.TreeConstructionTest" time="0"/>
  <testcase name="check[ruby.dat:882:false]" classname="ch.digitalfondue.jfiveparse.TreeConstructionTest" time="0"/>
  <testcase name="check[ruby.dat:883:false]" classname="ch.digitalfondue.jfiveparse.TreeConstructionTest" time="0"/>
  <testcase name="check[ruby.dat:884:false]" classname="ch.digitalfondue.jfiveparse.TreeConstructionTest" time="0.001"/>
  <testcase name="check[ruby.dat:885:false]" classname="ch.digitalfondue.jfiveparse.TreeConstructionTest" time="0"/>
  <testcase name="check[ruby.dat:886:false]" classname="ch.digitalfondue.jfiveparse.TreeConstructionTest" time="0"/>
  <testcase name="check[ruby.dat:887:false]" classname="ch.digitalfondue.jfiveparse.TreeConstructionTest" time="0"/>
  <testcase name="check[ruby.dat:888:false]" classname="ch.digitalfondue.jfiveparse.TreeConstructionTest" time="0"/>
  <testcase name="check[ruby.dat:889:false]" classname="ch.digitalfondue.jfiveparse.TreeConstructionTest" time="0"/>
  <testcase name="check[ruby.dat:890:false]" classname="ch.digitalfondue.jfiveparse.TreeConstructionTest" time="0"/>
  <testcase name="check[ruby.dat:891:false]" classname="ch.digitalfondue.jfiveparse.TreeConstructionTest" time="0"/>
  <testcase name="check[ruby.dat:892:false]" classname="ch.digitalfondue.jfiveparse.TreeConstructionTest" time="0"/>
  <testcase name="check[ruby.dat:893:false]" classname="ch.digitalfondue.jfiveparse.TreeConstructionTest" time="0"/>
  <testcase name="check[ruby.dat:894:false]" classname="ch.digitalfondue.jfiveparse.TreeConstructionTest" time="0"/>
  <testcase name="check[ruby.dat:895:false]" classname="ch.digitalfondue.jfiveparse.TreeConstructionTest" time="0"/>
  <testcase name="check[ruby.dat:896:false]" classname="ch.digitalfondue.jfiveparse.TreeConstructionTest" time="0"/>
  <testcase name="check[ruby.dat:897:false]" classname="ch.digitalfondue.jfiveparse.TreeConstructionTest" time="0"/>
  <testcase name="check[ruby.dat:898:false]" classname="ch.digitalfondue.jfiveparse.TreeConstructionTest" time="0"/>
  <testcase name="check[ruby.dat:899:true]" classname="ch.digitalfondue.jfiveparse.TreeConstructionTest" time="0"/>
  <testcase name="check[ruby.dat:900:true]" classname="ch.digitalfondue.jfiveparse.TreeConstructionTest" time="0"/>
  <testcase name="check[ruby.dat:901:true]" classname="ch.digitalfondue.jfiveparse.TreeConstructionTest" time="0"/>
  <testcase name="check[ruby.dat:902:true]" classname="ch.digitalfondue.jfiveparse.TreeConstructionTest" time="0"/>
  <testcase name="check[ruby.dat:903:true]" classname="ch.digitalfondue.jfiveparse.TreeConstructionTest" time="0"/>
  <testcase name="check[ruby.dat:904:true]" classname="ch.digitalfondue.jfiveparse.TreeConstructionTest" time="0"/>
  <testcase name="check[ruby.dat:905:true]" classname="ch.digitalfondue.jfiveparse.TreeConstructionTest" time="0"/>
  <testcase name="check[ruby.dat:906:true]" classname="ch.digitalfondue.jfiveparse.TreeConstructionTest" time="0"/>
  <testcase name="check[ruby.dat:907:true]" classname="ch.digitalfondue.jfiveparse.TreeConstructionTest" time="0"/>
  <testcase name="check[ruby.dat:908:true]" classname="ch.digitalfondue.jfiveparse.TreeConstructionTest" time="0"/>
  <testcase name="check[ruby.dat:909:true]" classname="ch.digitalfondue.jfiveparse.TreeConstructionTest" time="0.001"/>
  <testcase name="check[ruby.dat:910:true]" classname="ch.digitalfondue.jfiveparse.TreeConstructionTest" time="0"/>
  <testcase name="check[ruby.dat:911:true]" classname="ch.digitalfondue.jfiveparse.TreeConstructionTest" time="0"/>
  <testcase name="check[ruby.dat:912:true]" classname="ch.digitalfondue.jfiveparse.TreeConstructionTest" time="0"/>
  <testcase name="check[ruby.dat:913:true]" classname="ch.digitalfondue.jfiveparse.TreeConstructionTest" time="0"/>
  <testcase name="check[ruby.dat:914:true]" classname="ch.digitalfondue.jfiveparse.TreeConstructionTest" time="0"/>
  <testcase name="check[ruby.dat:915:true]" classname="ch.digitalfondue.jfiveparse.TreeConstructionTest" time="0"/>
  <testcase name="check[ruby.dat:916:true]" classname="ch.digitalfondue.jfiveparse.TreeConstructionTest" time="0"/>
  <testcase name="check[ruby.dat:917:true]" classname="ch.digitalfondue.jfiveparse.TreeConstructionTest" time="0"/>
  <testcase name="check[ruby.dat:918:true]" classname="ch.digitalfondue.jfiveparse.TreeConstructionTest" time="0"/>
  <testcase name="check[ruby.dat:919:true]" classname="ch.digitalfondue.jfiveparse.TreeConstructionTest" time="0"/>
  <testcase name="check[scriptdata01.dat:920:false]" classname="ch.digitalfondue.jfiveparse.TreeConstructionTest" time="0"/>
  <testcase name="check[scriptdata01.dat:921:false]" classname="ch.digitalfondue.jfiveparse.TreeConstructionTest" time="0"/>
  <testcase name="check[scriptdata01.dat:922:false]" classname="ch.digitalfondue.jfiveparse.TreeConstructionTest" time="0"/>
  <testcase name="check[scriptdata01.dat:923:false]" classname="ch.digitalfondue.jfiveparse.TreeConstructionTest" time="0"/>
  <testcase name="check[scriptdata01.dat:924:false]" classname="ch.digitalfondue.jfiveparse.TreeConstructionTest" time="0"/>
  <testcase name="check[scriptdata01.dat:925:false]" classname="ch.digitalfondue.jfiveparse.TreeConstructionTest" time="0"/>
  <testcase name="check[scriptdata01.dat:926:false]" classname="ch.digitalfondue.jfiveparse.TreeConstructionTest" time="0"/>
  <testcase name="check[scriptdata01.dat:927:false]" classname="ch.digitalfondue.jfiveparse.TreeConstructionTest" time="0"/>
  <testcase name="check[scriptdata01.dat:928:false]" classname="ch.digitalfondue.jfiveparse.TreeConstructionTest" time="0"/>
  <testcase name="check[scriptdata01.dat:929:false]" classname="ch.digitalfondue.jfiveparse.TreeConstructionTest" time="0"/>
  <testcase name="check[scriptdata01.dat:930:false]" classname="ch.digitalfondue.jfiveparse.TreeConstructionTest" time="0.001"/>
  <testcase name="check[scriptdata01.dat:931:false]" classname="ch.digitalfondue.jfiveparse.TreeConstructionTest" time="0"/>
  <testcase name="check[scriptdata01.dat:932:false]" classname="ch.digitalfondue.jfiveparse.TreeConstructionTest" time="0"/>
  <testcase name="check[scriptdata01.dat:933:false]" classname="ch.digitalfondue.jfiveparse.TreeConstructionTest" time="0"/>
  <testcase name="check[scriptdata01.dat:934:false]" classname="ch.digitalfondue.jfiveparse.TreeConstructionTest" time="0"/>
  <testcase name="check[scriptdata01.dat:935:false]" classname="ch.digitalfondue.jfiveparse.TreeConstructionTest" time="0"/>
  <testcase name="check[scriptdata01.dat:936:false]" classname="ch.digitalfondue.jfiveparse.TreeConstructionTest" time="0"/>
  <testcase name="check[scriptdata01.dat:937:false]" classname="ch.digitalfondue.jfiveparse.TreeConstructionTest" time="0"/>
  <testcase name="check[scriptdata01.dat:938:false]" classname="ch.digitalfondue.jfiveparse.TreeConstructionTest" time="0"/>
  <testcase name="check[scriptdata01.dat:939:false]" classname="ch.digitalfondue.jfiveparse.TreeConstructionTest" time="0"/>
  <testcase name="check[scriptdata01.dat:940:false]" classname="ch.digitalfondue.jfiveparse.TreeConstructionTest" time="0"/>
  <testcase name="check[scriptdata01.dat:941:false]" classname="ch.digitalfondue.jfiveparse.TreeConstructionTest" time="0"/>
  <testcase name="check[scriptdata01.dat:942:false]" classname="ch.digitalfondue.jfiveparse.TreeConstructionTest" time="0"/>
  <testcase name="check[scriptdata01.dat:943:false]" classname="ch.digitalfondue.jfiveparse.TreeConstructionTest" time="0"/>
  <testcase name="check[scriptdata01.dat:944:false]" classname="ch.digitalfondue.jfiveparse.TreeConstructionTest" time="0"/>
  <testcase name="check[scriptdata01.dat:945:false]" classname="ch.digitalfondue.jfiveparse.TreeConstructionTest" time="0.001"/>
  <testcase name="check[scriptdata01.dat:946:false]" classname="ch.digitalfondue.jfiveparse.TreeConstructionTest" time="0"/>
  <testcase name="check[scriptdata01.dat:947:true]" classname="ch.digitalfondue.jfiveparse.TreeConstructionTest" time="0"/>
  <testcase name="check[scriptdata01.dat:948:true]" classname="ch.digitalfondue.jfiveparse.TreeConstructionTest" time="0"/>
  <testcase name="check[scriptdata01.dat:949:true]" classname="ch.digitalfondue.jfiveparse.TreeConstructionTest" time="0"/>
  <testcase name="check[scriptdata01.dat:950:true]" classname="ch.digitalfondue.jfiveparse.TreeConstructionTest" time="0"/>
  <testcase name="check[scriptdata01.dat:951:true]" classname="ch.digitalfondue.jfiveparse.TreeConstructionTest" time="0"/>
  <testcase name="check[scriptdata01.dat:952:true]" classname="ch.digitalfondue.jfiveparse.TreeConstructionTest" time="0"/>
  <testcase name="check[scriptdata01.dat:953:true]" classname="ch.digitalfondue.jfiveparse.TreeConstructionTest" time="0"/>
  <testcase name="check[scriptdata01.dat:954:true]" classname="ch.digitalfondue.jfiveparse.TreeConstructionTest" time="0"/>
  <testcase name="check[scriptdata01.dat:955:true]" classname="ch.digitalfondue.jfiveparse.TreeConstructionTest" time="0"/>
  <testcase name="check[scriptdata01.dat:956:true]" classname="ch.digitalfondue.jfiveparse.TreeConstructionTest" time="0"/>
  <testcase name="check[scriptdata01.dat:957:true]" classname="ch.digitalfondue.jfiveparse.TreeConstructionTest" time="0"/>
  <testcase name="check[scriptdata01.dat:958:true]" classname="ch.digitalfondue.jfiveparse.TreeConstructionTest" time="0"/>
  <testcase name="check[scriptdata01.dat:959:true]" classname="ch.digitalfondue.jfiveparse.TreeConstructionTest" time="0"/>
  <testcase name="check[scriptdata01.dat:960:true]" classname="ch.digitalfondue.jfiveparse.TreeConstructionTest" time="0"/>
  <testcase name="check[scriptdata01.dat:961:true]" classname="ch.digitalfondue.jfiveparse.TreeConstructionTest" time="0"/>
  <testcase name="check[scriptdata01.dat:962:true]" classname="ch.digitalfondue.jfiveparse.TreeConstructionTest" time="0"/>
  <testcase name="check[scriptdata01.dat:963:true]" classname="ch.digitalfondue.jfiveparse.TreeConstructionTest" time="0"/>
  <testcase name="check[scriptdata01.dat:964:true]" classname="ch.digitalfondue.jfiveparse.TreeConstructionTest" time="0"/>
  <testcase name="check[scriptdata01.dat:965:true]" classname="ch.digitalfondue.jfiveparse.TreeConstructionTest" time="0"/>
  <testcase name="check[scriptdata01.dat:966:true]" classname="ch.digitalfondue.jfiveparse.TreeConstructionTest" time="0"/>
  <testcase name="check[scriptdata01.dat:967:true]" classname="ch.digitalfondue.jfiveparse.TreeConstructionTest" time="0"/>
  <testcase name="check[scriptdata01.dat:968:true]" classname="ch.digitalfondue.jfiveparse.TreeConstructionTest" time="0"/>
  <testcase name="check[scriptdata01.dat:969:true]" classname="ch.digitalfondue.jfiveparse.TreeConstructionTest" time="0"/>
  <testcase name="check[scriptdata01.dat:970:true]" classname="ch.digitalfondue.jfiveparse.TreeConstructionTest" time="0"/>
  <testcase name="check[scriptdata01.dat:971:true]" classname="ch.digitalfondue.jfiveparse.TreeConstructionTest" time="0"/>
  <testcase name="check[scriptdata01.dat:972:true]" classname="ch.digitalfondue.jfiveparse.TreeConstructionTest" time="0"/>
  <testcase name="check[scriptdata01.dat:973:true]" classname="ch.digitalfondue.jfiveparse.TreeConstructionTest" time="0"/>
  <testcase name="check[tables01.dat:974:false]" classname="ch.digitalfondue.jfiveparse.TreeConstructionTest" time="0"/>
  <testcase name="check[tables01.dat:975:false]" classname="ch.digitalfondue.jfiveparse.TreeConstructionTest" time="0"/>
  <testcase name="check[tables01.dat:976:false]" classname="ch.digitalfondue.jfiveparse.TreeConstructionTest" time="0"/>
  <testcase name="check[tables01.dat:977:false]" classname="ch.digitalfondue.jfiveparse.TreeConstructionTest" time="0"/>
  <testcase name="check[tables01.dat:978:false]" classname="ch.digitalfondue.jfiveparse.TreeConstructionTest" time="0"/>
  <testcase name="check[tables01.dat:979:false]" classname="ch.digitalfondue.jfiveparse.TreeConstructionTest" time="0"/>
  <testcase name="check[tables01.dat:980:false]" classname="ch.digitalfondue.jfiveparse.TreeConstructionTest" time="0"/>
  <testcase name="check[tables01.dat:981:false]" classname="ch.digitalfondue.jfiveparse.TreeConstructionTest" time="0"/>
  <testcase name="check[tables01.dat:982:false]" classname="ch.digitalfondue.jfiveparse.TreeConstructionTest" time="0.001"/>
  <testcase name="check[tables01.dat:983:false]" classname="ch.digitalfondue.jfiveparse.TreeConstructionTest" time="0"/>
  <testcase name="check[tables01.dat:984:false]" classname="ch.digitalfondue.jfiveparse.TreeConstructionTest" time="0"/>
  <testcase name="check[tables01.dat:985:false]" classname="ch.digitalfondue.jfiveparse.TreeConstructionTest" time="0"/>
  <testcase name="check[tables01.dat:986:false]" classname="ch.digitalfondue.jfiveparse.TreeConstructionTest" time="0"/>
  <testcase name="check[tables01.dat:987:false]" classname="ch.digitalfondue.jfiveparse.TreeConstructionTest" time="0"/>
  <testcase name="check[tables01.dat:988:false]" classname="ch.digitalfondue.jfiveparse.TreeConstructionTest" time="0"/>
  <testcase name="check[tables01.dat:989:false]" classname="ch.digitalfondue.jfiveparse.TreeConstructionTest" time="0"/>
  <testcase name="check[tables01.dat:990:false]" classname="ch.digitalfondue.jfiveparse.TreeConstructionTest" time="0"/>
  <testcase name="check[tables01.dat:991:true]" classname="ch.digitalfondue.jfiveparse.TreeConstructionTest" time="0"/>
  <testcase name="check[tables01.dat:992:true]" classname="ch.digitalfondue.jfiveparse.TreeConstructionTest" time="0"/>
  <testcase name="check[tables01.dat:993:true]" classname="ch.digitalfondue.jfiveparse.TreeConstructionTest" time="0"/>
  <testcase name="check[tables01.dat:994:true]" classname="ch.digitalfondue.jfiveparse.TreeConstructionTest" time="0"/>
  <testcase name="check[tables01.dat:995:true]" classname="ch.digitalfondue.jfiveparse.TreeConstructionTest" time="0"/>
  <testcase name="check[tables01.dat:996:true]" classname="ch.digitalfondue.jfiveparse.TreeConstructionTest" time="0"/>
  <testcase name="check[tables01.dat:997:true]" classname="ch.digitalfondue.jfiveparse.TreeConstructionTest" time="0"/>
  <testcase name="check[tables01.dat:998:true]" classname="ch.digitalfondue.jfiveparse.TreeConstructionTest" time="0"/>
  <testcase name="check[tables01.dat:999:true]" classname="ch.digitalfondue.jfiveparse.TreeConstructionTest" time="0"/>
  <testcase name="check[tables01.dat:1000:true]" classname="ch.digitalfondue.jfiveparse.TreeConstructionTest" time="0"/>
  <testcase name="check[tables01.dat:1001:true]" classname="ch.digitalfondue.jfiveparse.TreeConstructionTest" time="0"/>
  <testcase name="check[tables01.dat:1002:true]" classname="ch.digitalfondue.jfiveparse.TreeConstructionTest" time="0.001"/>
  <testcase name="check[tables01.dat:1003:true]" classname="ch.digitalfondue.jfiveparse.TreeConstructionTest" time="0"/>
  <testcase name="check[tables01.dat:1004:true]" classname="ch.digitalfondue.jfiveparse.TreeConstructionTest" time="0"/>
  <testcase name="check[tables01.dat:1005:true]" classname="ch.digitalfondue.jfiveparse.TreeConstructionTest" time="0"/>
  <testcase name="check[tables01.dat:1006:true]" classname="ch.digitalfondue.jfiveparse.TreeConstructionTest" time="0"/>
  <testcase name="check[tables01.dat:1007:true]" classname="ch.digitalfondue.jfiveparse.TreeConstructionTest" time="0"/>
  <testcase name="check[template.dat:1008:false]" classname="ch.digitalfondue.jfiveparse.TreeConstructionTest" time="0"/>
  <testcase name="check[template.dat:1009:false]" classname="ch.digitalfondue.jfiveparse.TreeConstructionTest" time="0"/>
  <testcase name="check[template.dat:1010:false]" classname="ch.digitalfondue.jfiveparse.TreeConstructionTest" time="0"/>
  <testcase name="check[template.dat:1011:false]" classname="ch.digitalfondue.jfiveparse.TreeConstructionTest" time="0"/>
  <testcase name="check[template.dat:1012:false]" classname="ch.digitalfondue.jfiveparse.TreeConstructionTest" time="0"/>
  <testcase name="check[template.dat:1013:false]" classname="ch.digitalfondue.jfiveparse.TreeConstructionTest" time="0"/>
  <testcase name="check[template.dat:1014:false]" classname="ch.digitalfondue.jfiveparse.TreeConstructionTest" time="0"/>
  <testcase name="check[template.dat:1015:false]" classname="ch.digitalfondue.jfiveparse.TreeConstructionTest" time="0"/>
  <testcase name="check[template.dat:1016:false]" classname="ch.digitalfondue.jfiveparse.TreeConstructionTest" time="0"/>
  <testcase name="check[template.dat:1017:false]" classname="ch.digitalfondue.jfiveparse.TreeConstructionTest" time="0"/>
  <testcase name="check[template.dat:1018:false]" classname="ch.digitalfondue.jfiveparse.TreeConstructionTest" time="0.001"/>
  <testcase name="check[template.dat:1019:false]" classname="ch.digitalfondue.jfiveparse.TreeConstructionTest" time="0"/>
  <testcase name="check[template.dat:1020:false]" classname="ch.digitalfondue.jfiveparse.TreeConstructionTest" time="0"/>
  <testcase name="check[template.dat:1021:false]" classname="ch.digitalfondue.jfiveparse.TreeConstructionTest" time="0"/>
  <testcase name="check[template.dat:1022:false]" classname="ch.digitalfondue.jfiveparse.TreeConstructionTest" time="0"/>
  <testcase name="check[template.dat:1023:false]" classname="ch.digitalfondue.jfiveparse.TreeConstructionTest" time="0"/>
  <testcase name="check[template.dat:1024:false]" classname="ch.digitalfondue.jfiveparse.TreeConstructionTest" time="0"/>
  <testcase name="check[template.dat:1025:false]" classname="ch.digitalfondue.jfiveparse.TreeConstructionTest" time="0"/>
  <testcase name="check[template.dat:1026:false]" classname="ch.digitalfondue.jfiveparse.TreeConstructionTest" time="0"/>
  <testcase name="check[template.dat:1027:false]" classname="ch.digitalfondue.jfiveparse.TreeConstructionTest" time="0"/>
  <testcase name="check[template.dat:1028:false]" classname="ch.digitalfondue.jfiveparse.TreeConstructionTest" time="0"/>
  <testcase name="check[template.dat:1029:false]" classname="ch.digitalfondue.jfiveparse.TreeConstructionTest" time="0"/>
  <testcase name="check[template.dat:1030:false]" classname="ch.digitalfondue.jfiveparse.TreeConstructionTest" time="0"/>
  <testcase name="check[template.dat:1031:false]" classname="ch.digitalfondue.jfiveparse.TreeConstructionTest" time="0"/>
  <testcase name="check[template.dat:1032:false]" classname="ch.digitalfondue.jfiveparse.TreeConstructionTest" time="0"/>
  <testcase name="check[template.dat:1033:false]" classname="ch.digitalfondue.jfiveparse.TreeConstructionTest" time="0"/>
  <testcase name="check[template.dat:1034:false]" classname="ch.digitalfondue.jfiveparse.TreeConstructionTest" time="0"/>
  <testcase name="check[template.dat:1035:false]" classname="ch.digitalfondue.jfiveparse.TreeConstructionTest" time="0"/>
  <testcase name="check[template.dat:1036:false]" classname="ch.digitalfondue.jfiveparse.TreeConstructionTest" time="0"/>
  <testcase name="check[template.dat:1037:false]" classname="ch.digitalfondue.jfiveparse.TreeConstructionTest" time="0"/>
  <testcase name="check[template.dat:1038:false]" classname="ch.digitalfondue.jfiveparse.TreeConstructionTest" time="0"/>
  <testcase name="check[template.dat:1039:false]" classname="ch.digitalfondue.jfiveparse.TreeConstructionTest" time="0.001"/>
  <testcase name="check[template.dat:1040:false]" classname="ch.digitalfondue.jfiveparse.TreeConstructionTest" time="0"/>
  <testcase name="check[template.dat:1041:false]" classname="ch.digitalfondue.jfiveparse.TreeConstructionTest" time="0"/>
  <testcase name="check[template.dat:1042:false]" classname="ch.digitalfondue.jfiveparse.TreeConstructionTest" time="0"/>
  <testcase name="check[template.dat:1043:false]" classname="ch.digitalfondue.jfiveparse.TreeConstructionTest" time="0.001"/>
  <testcase name="check[template.dat:1044:false]" classname="ch.digitalfondue.jfiveparse.TreeConstructionTest" time="0"/>
  <testcase name="check[template.dat:1045:false]" classname="ch.digitalfondue.jfiveparse.TreeConstructionTest" time="0"/>
  <testcase name="check[template.dat:1046:false]" classname="ch.digitalfondue.jfiveparse.TreeConstructionTest" time="0"/>
  <testcase name="check[template.dat:1047:false]" classname="ch.digitalfondue.jfiveparse.TreeConstructionTest" time="0"/>
  <testcase name="check[template.dat:1048:false]" classname="ch.digitalfondue.jfiveparse.TreeConstructionTest" time="0"/>
  <testcase name="check[template.dat:1049:false]" classname="ch.digitalfondue.jfiveparse.TreeConstructionTest" time="0"/>
  <testcase name="check[template.dat:1050:false]" classname="ch.digitalfondue.jfiveparse.TreeConstructionTest" time="0"/>
  <testcase name="check[template.dat:1051:false]" classname="ch.digitalfondue.jfiveparse.TreeConstructionTest" time="0"/>
  <testcase name="check[template.dat:1052:false]" classname="ch.digitalfondue.jfiveparse.TreeConstructionTest" time="0"/>
  <testcase name="check[template.dat:1053:false]" classname="ch.digitalfondue.jfiveparse.TreeConstructionTest" time="0"/>
  <testcase name="check[template.dat:1054:false]" classname="ch.digitalfondue.jfiveparse.TreeConstructionTest" time="0"/>
  <testcase name="check[template.dat:1055:false]" classname="ch.digitalfondue.jfiveparse.TreeConstructionTest" time="0"/>
  <testcase name="check[template.dat:1056:false]" classname="ch.digitalfondue.jfiveparse.TreeConstructionTest" time="0"/>
  <testcase name="check[template.dat:1057:false]" classname="ch.digitalfondue.jfiveparse.TreeConstructionTest" time="0"/>
  <testcase name="check[template.dat:1058:false]" classname="ch.digitalfondue.jfiveparse.TreeConstructionTest" time="0"/>
  <testcase name="check[template.dat:1059:false]" classname="ch.digitalfondue.jfiveparse.TreeConstructionTest" time="0"/>
  <testcase name="check[template.dat:1060:false]" classname="ch.digitalfondue.jfiveparse.TreeConstructionTest" time="0"/>
  <testcase name="check[template.dat:1061:false]" classname="ch.digitalfondue.jfiveparse.TreeConstructionTest" time="0"/>
  <testcase name="check[template.dat:1062:false]" classname="ch.digitalfondue.jfiveparse.TreeConstructionTest" time="0"/>
  <testcase name="check[template.dat:1063:false]" classname="ch.digitalfondue.jfiveparse.TreeConstructionTest" time="0"/>
  <testcase name="check[template.dat:1064:false]" classname="ch.digitalfondue.jfiveparse.TreeConstructionTest" time="0.001"/>
  <testcase name="check[template.dat:1065:false]" classname="ch.digitalfondue.jfiveparse.TreeConstructionTest" time="0"/>
  <testcase name="check[template.dat:1066:false]" classname="ch.digitalfondue.jfiveparse.TreeConstructionTest" time="0"/>
  <testcase name="check[template.dat:1067:false]" classname="ch.digitalfondue.jfiveparse.TreeConstructionTest" time="0"/>
  <testcase name="check[template.dat:1068:false]" classname="ch.digitalfondue.jfiveparse.TreeConstructionTest" time="0"/>
  <testcase name="check[template.dat:1069:false]" classname="ch.digitalfondue.jfiveparse.TreeConstructionTest" time="0"/>
  <testcase name="check[template.dat:1070:false]" classname="ch.digitalfondue.jfiveparse.TreeConstructionTest" time="0"/>
  <testcase name="check[template.dat:1071:false]" classname="ch.digitalfondue.jfiveparse.TreeConstructionTest" time="0"/>
  <testcase name="check[template.dat:1072:false]" classname="ch.digitalfondue.jfiveparse.TreeConstructionTest" time="0.001"/>
  <testcase name="check[template.dat:1073:false]" classname="ch.digitalfondue.jfiveparse.TreeConstructionTest" time="0"/>
  <testcase name="check[template.dat:1074:false]" classname="ch.digitalfondue.jfiveparse.TreeConstructionTest" time="0"/>
  <testcase name="check[template.dat:1075:false]" classname="ch.digitalfondue.jfiveparse.TreeConstructionTest" time="0"/>
  <testcase name="check[template.dat:1076:false]" classname="ch.digitalfondue.jfiveparse.TreeConstructionTest" time="0"/>
  <testcase name="check[template.dat:1077:false]" classname="ch.digitalfondue.jfiveparse.TreeConstructionTest" time="0.001"/>
  <testcase name="check[template.dat:1078:false]" classname="ch.digitalfondue.jfiveparse.TreeConstructionTest" time="0"/>
  <testcase name="check[template.dat:1079:false]" classname="ch.digitalfondue.jfiveparse.TreeConstructionTest" time="0"/>
  <testcase name="check[template.dat:1080:false]" classname="ch.digitalfondue.jfiveparse.TreeConstructionTest" time="0"/>
  <testcase name="check[template.dat:1081:false]" classname="ch.digitalfondue.jfiveparse.TreeConstructionTest" time="0"/>
  <testcase name="check[template.dat:1082:false]" classname="ch.digitalfondue.jfiveparse.TreeConstructionTest" time="0"/>
  <testcase name="check[template.dat:1083:false]" classname="ch.digitalfondue.jfiveparse.TreeConstructionTest" time="0"/>
  <testcase name="check[template.dat:1084:false]" classname="ch.digitalfondue.jfiveparse.TreeConstructionTest" time="0"/>
  <testcase name="check[template.dat:1085:false]" classname="ch.digitalfondue.jfiveparse.TreeConstructionTest" time="0"/>
  <testcase name="check[template.dat:1086:false]" classname="ch.digitalfondue.jfiveparse.TreeConstructionTest" time="0"/>
  <testcase name="check[template.dat:1087:false]" classname="ch.digitalfondue.jfiveparse.TreeConstructionTest" time="0"/>
  <testcase name="check[template.dat:1088:false]" classname="ch.digitalfondue.jfiveparse.TreeConstructionTest" time="0.001"/>
  <testcase name="check[template.dat:1089:false]" classname="ch.digitalfondue.jfiveparse.TreeConstructionTest" time="0"/>
  <testcase name="check[template.dat:1090:false]" classname="ch.digitalfondue.jfiveparse.TreeConstructionTest" time="0"/>
  <testcase name="check[template.dat:1091:false]" classname="ch.digitalfondue.jfiveparse.TreeConstructionTest" time="0"/>
  <testcase name="check[template.dat:1092:false]" classname="ch.digitalfondue.jfiveparse.TreeConstructionTest" time="0"/>
  <testcase name="check[template.dat:1093:false]" classname="ch.digitalfondue.jfiveparse.TreeConstructionTest" time="0.001"/>
  <testcase name="check[template.dat:1094:false]" classname="ch.digitalfondue.jfiveparse.TreeConstructionTest" time="0"/>
  <testcase name="check[template.dat:1095:false]" classname="ch.digitalfondue.jfiveparse.TreeConstructionTest" time="0"/>
  <testcase name="check[template.dat:1096:false]" classname="ch.digitalfondue.jfiveparse.TreeConstructionTest" time="0"/>
  <testcase name="check[template.dat:1097:false]" classname="ch.digitalfondue.jfiveparse.TreeConstructionTest" time="0"/>
  <testcase name="check[template.dat:1098:false]" classname="ch.digitalfondue.jfiveparse.TreeConstructionTest" time="0"/>
  <testcase name="check[template.dat:1099:false]" classname="ch.digitalfondue.jfiveparse.TreeConstructionTest" time="0"/>
  <testcase name="check[template.dat:1100:false]" classname="ch.digitalfondue.jfiveparse.TreeConstructionTest" time="0"/>
  <testcase name="check[template.dat:1101:false]" classname="ch.digitalfondue.jfiveparse.TreeConstructionTest" time="0"/>
  <testcase name="check[template.dat:1102:false]" classname="ch.digitalfondue.jfiveparse.TreeConstructionTest" time="0"/>
  <testcase name="check[template.dat:1103:false]" classname="ch.digitalfondue.jfiveparse.TreeConstructionTest" time="0"/>
  <testcase name="check[template.dat:1104:false]" classname="ch.digitalfondue.jfiveparse.TreeConstructionTest" time="0"/>
  <testcase name="check[template.dat:1105:false]" classname="ch.digitalfondue.jfiveparse.TreeConstructionTest" time="0"/>
  <testcase name="check[template.dat:1106:false]" classname="ch.digitalfondue.jfiveparse.TreeConstructionTest" time="0"/>
  <testcase name="check[template.dat:1107:false]" classname="ch.digitalfondue.jfiveparse.TreeConstructionTest" time="0"/>
  <testcase name="check[template.dat:1108:false]" classname="ch.digitalfondue.jfiveparse.TreeConstructionTest" time="0"/>
  <testcase name="check[template.dat:1109:false]" classname="ch.digitalfondue.jfiveparse.TreeConstructionTest" time="0"/>
  <testcase name="check[template.dat:1110:false]" classname="ch.digitalfondue.jfiveparse.TreeConstructionTest" time="0"/>
  <testcase name="check[template.dat:1111:false]" classname="ch.digitalfondue.jfiveparse.TreeConstructionTest" time="0"/>
  <testcase name="check[template.dat:1112:false]" classname="ch.digitalfondue.jfiveparse.TreeConstructionTest" time="0"/>
  <testcase name="check[template.dat:1113:false]" classname="ch.digitalfondue.jfiveparse.TreeConstructionTest" time="0"/>
  <testcase name="check[template.dat:1114:false]" classname="ch.digitalfondue.jfiveparse.TreeConstructionTest" time="0.001"/>
  <testcase name="check[template.dat:1115:false]" classname="ch.digitalfondue.jfiveparse.TreeConstructionTest" time="0"/>
  <testcase name="check[template.dat:1116:true]" classname="ch.digitalfondue.jfiveparse.TreeConstructionTest" time="0"/>
  <testcase name="check[template.dat:1117:true]" classname="ch.digitalfondue.jfiveparse.TreeConstructionTest" time="0"/>
  <testcase name="check[template.dat:1118:true]" classname="ch.digitalfondue.jfiveparse.TreeConstructionTest" time="0"/>
  <testcase name="check[template.dat:1119:true]" classname="ch.digitalfondue.jfiveparse.TreeConstructionTest" time="0"/>
  <testcase name="check[template.dat:1120:true]" classname="ch.digitalfondue.jfiveparse.TreeConstructionTest" time="0"/>
  <testcase name="check[template.dat:1121:true]" classname="ch.digitalfondue.jfiveparse.TreeConstructionTest" time="0"/>
  <testcase name="check[template.dat:1122:true]" classname="ch.digitalfondue.jfiveparse.TreeConstructionTest" time="0"/>
  <testcase name="check[template.dat:1123:true]" classname="ch.digitalfondue.jfiveparse.TreeConstructionTest" time="0"/>
  <testcase name="check[template.dat:1124:true]" classname="ch.digitalfondue.jfiveparse.TreeConstructionTest" time="0"/>
  <testcase name="check[template.dat:1125:true]" classname="ch.digitalfondue.jfiveparse.TreeConstructionTest" time="0"/>
  <testcase name="check[template.dat:1126:true]" classname="ch.digitalfondue.jfiveparse.TreeConstructionTest" time="0"/>
  <testcase name="check[template.dat:1127:true]" classname="ch.digitalfondue.jfiveparse.TreeConstructionTest" time="0"/>
  <testcase name="check[template.dat:1128:true]" classname="ch.digitalfondue.jfiveparse.TreeConstructionTest" time="0"/>
  <testcase name="check[template.dat:1129:true]" classname="ch.digitalfondue.jfiveparse.TreeConstructionTest" time="0"/>
  <testcase name="check[template.dat:1130:true]" classname="ch.digitalfondue.jfiveparse.TreeConstructionTest" time="0"/>
  <testcase name="check[template.dat:1131:true]" classname="ch.digitalfondue.jfiveparse.TreeConstructionTest" time="0"/>
  <testcase name="check[template.dat:1132:true]" classname="ch.digitalfondue.jfiveparse.TreeConstructionTest" time="0"/>
  <testcase name="check[template.dat:1133:true]" classname="ch.digitalfondue.jfiveparse.TreeConstructionTest" time="0"/>
  <testcase name="check[template.dat:1134:true]" classname="ch.digitalfondue.jfiveparse.TreeConstructionTest" time="0"/>
  <testcase name="check[template.dat:1135:true]" classname="ch.digitalfondue.jfiveparse.TreeConstructionTest" time="0.001"/>
  <testcase name="check[template.dat:1136:true]" classname="ch.digitalfondue.jfiveparse.TreeConstructionTest" time="0"/>
  <testcase name="check[template.dat:1137:true]" classname="ch.digitalfondue.jfiveparse.TreeConstructionTest" time="0"/>
  <testcase name="check[template.dat:1138:true]" classname="ch.digitalfondue.jfiveparse.TreeConstructionTest" time="0"/>
  <testcase name="check[template.dat:1139:true]" classname="ch.digitalfondue.jfiveparse.TreeConstructionTest" time="0"/>
  <testcase name="check[template.dat:1140:true]" classname="ch.digitalfondue.jfiveparse.TreeConstructionTest" time="0"/>
  <testcase name="check[template.dat:1141:true]" classname="ch.digitalfondue.jfiveparse.TreeConstructionTest" time="0"/>
  <testcase name="check[template.dat:1142:true]" classname="ch.digitalfondue.jfiveparse.TreeConstructionTest" time="0"/>
  <testcase name="check[template.dat:1143:true]" classname="ch.digitalfondue.jfiveparse.TreeConstructionTest" time="0"/>
  <testcase name="check[template.dat:1144:true]" classname="ch.digitalfondue.jfiveparse.TreeConstructionTest" time="0"/>
  <testcase name="check[template.dat:1145:true]" classname="ch.digitalfondue.jfiveparse.TreeConstructionTest" time="0"/>
  <testcase name="check[template.dat:1146:true]" classname="ch.digitalfondue.jfiveparse.TreeConstructionTest" time="0"/>
  <testcase name="check[template.dat:1147:true]" classname="ch.digitalfondue.jfiveparse.TreeConstructionTest" time="0"/>
  <testcase name="check[template.dat:1148:true]" classname="ch.digitalfondue.jfiveparse.TreeConstructionTest" time="0"/>
  <testcase name="check[template.dat:1149:true]" classname="ch.digitalfondue.jfiveparse.TreeConstructionTest" time="0"/>
  <testcase name="check[template.dat:1150:true]" classname="ch.digitalfondue.jfiveparse.TreeConstructionTest" time="0"/>
  <testcase name="check[template.dat:1151:true]" classname="ch.digitalfondue.jfiveparse.TreeConstructionTest" time="0"/>
  <testcase name="check[template.dat:1152:true]" classname="ch.digitalfondue.jfiveparse.TreeConstructionTest" time="0"/>
  <testcase name="check[template.dat:1153:true]" classname="ch.digitalfondue.jfiveparse.TreeConstructionTest" time="0"/>
  <testcase name="check[template.dat:1154:true]" classname="ch.digitalfondue.jfiveparse.TreeConstructionTest" time="0"/>
  <testcase name="check[template.dat:1155:true]" classname="ch.digitalfondue.jfiveparse.TreeConstructionTest" time="0"/>
  <testcase name="check[template.dat:1156:true]" classname="ch.digitalfondue.jfiveparse.TreeConstructionTest" time="0.001"/>
  <testcase name="check[template.dat:1157:true]" classname="ch.digitalfondue.jfiveparse.TreeConstructionTest" time="0"/>
  <testcase name="check[template.dat:1158:true]" classname="ch.digitalfondue.jfiveparse.TreeConstructionTest" time="0"/>
  <testcase name="check[template.dat:1159:true]" classname="ch.digitalfondue.jfiveparse.TreeConstructionTest" time="0"/>
  <testcase name="check[template.dat:1160:true]" classname="ch.digitalfondue.jfiveparse.TreeConstructionTest" time="0"/>
  <testcase name="check[template.dat:1161:true]" classname="ch.digitalfondue.jfiveparse.TreeConstructionTest" time="0"/>
  <testcase name="check[template.dat:1162:true]" classname="ch.digitalfondue.jfiveparse.TreeConstructionTest" time="0"/>
  <testcase name="check[template.dat:1163:true]" classname="ch.digitalfondue.jfiveparse.TreeConstructionTest" time="0"/>
  <testcase name="check[template.dat:1164:true]" classname="ch.digitalfondue.jfiveparse.TreeConstructionTest" time="0"/>
  <testcase name="check[template.dat:1165:true]" classname="ch.digitalfondue.jfiveparse.TreeConstructionTest" time="0"/>
  <testcase name="check[template.dat:1166:true]" classname="ch.digitalfondue.jfiveparse.TreeConstructionTest" time="0"/>
  <testcase name="check[template.dat:1167:true]" classname="ch.digitalfondue.jfiveparse.TreeConstructionTest" time="0"/>
  <testcase name="check[template.dat:1168:true]" classname="ch.digitalfondue.jfiveparse.TreeConstructionTest" time="0"/>
  <testcase name="check[template.dat:1169:true]" classname="ch.digitalfondue.jfiveparse.TreeConstructionTest" time="0"/>
  <testcase name="check[template.dat:1170:true]" classname="ch.digitalfondue.jfiveparse.TreeConstructionTest" time="0"/>
  <testcase name="check[template.dat:1171:true]" classname="ch.digitalfondue.jfiveparse.TreeConstructionTest" time="0.001"/>
  <testcase name="check[template.dat:1172:true]" classname="ch.digitalfondue.jfiveparse.TreeConstructionTest" time="0"/>
  <testcase name="check[template.dat:1173:true]" classname="ch.digitalfondue.jfiveparse.TreeConstructionTest" time="0"/>
  <testcase name="check[template.dat:1174:true]" classname="ch.digitalfondue.jfiveparse.TreeConstructionTest" time="0"/>
  <testcase name="check[template.dat:1175:true]" classname="ch.digitalfondue.jfiveparse.TreeConstructionTest" time="0"/>
  <testcase name="check[template.dat:1176:true]" classname="ch.digitalfondue.jfiveparse.TreeConstructionTest" time="0"/>
  <testcase name="check[template.dat:1177:true]" classname="ch.digitalfondue.jfiveparse.TreeConstructionTest" time="0"/>
  <testcase name="check[template.dat:1178:true]" classname="ch.digitalfondue.jfiveparse.TreeConstructionTest" time="0"/>
  <testcase name="check[template.dat:1179:true]" classname="ch.digitalfondue.jfiveparse.TreeConstructionTest" time="0"/>
  <testcase name="check[template.dat:1180:true]" classname="ch.digitalfondue.jfiveparse.TreeConstructionTest" time="0"/>
  <testcase name="check[template.dat:1181:true]" classname="ch.digitalfondue.jfiveparse.TreeConstructionTest" time="0"/>
  <testcase name="check[template.dat:1182:true]" classname="ch.digitalfondue.jfiveparse.TreeConstructionTest" time="0"/>
  <testcase name="check[template.dat:1183:true]" classname="ch.digitalfondue.jfiveparse.TreeConstructionTest" time="0"/>
  <testcase name="check[template.dat:1184:true]" classname="ch.digitalfondue.jfiveparse.TreeConstructionTest" time="0"/>
  <testcase name="check[template.dat:1185:true]" classname="ch.digitalfondue.jfiveparse.TreeConstructionTest" time="0"/>
  <testcase name="check[template.dat:1186:true]" classname="ch.digitalfondue.jfiveparse.TreeConstructionTest" time="0"/>
  <testcase name="check[template.dat:1187:true]" classname="ch.digitalfondue.jfiveparse.TreeConstructionTest" time="0"/>
  <testcase name="check[template.dat:1188:true]" classname="ch.digitalfondue.jfiveparse.TreeConstructionTest" time="0"/>
  <testcase name="check[template.dat:1189:true]" classname="ch.digitalfondue.jfiveparse.TreeConstructionTest" time="0"/>
  <testcase name="check[template.dat:1190:true]" classname="ch.digitalfondue.jfiveparse.TreeConstructionTest" time="0"/>
  <testcase name="check[template.dat:1191:true]" classname="ch.digitalfondue.jfiveparse.TreeConstructionTest" time="0"/>
  <testcase name="check[template.dat:1192:true]" classname="ch.digitalfondue.jfiveparse.TreeConstructionTest" time="0"/>
  <testcase name="check[template.dat:1193:true]" classname="ch.digitalfondue.jfiveparse.TreeConstructionTest" time="0"/>
  <testcase name="check[template.dat:1194:true]" classname="ch.digitalfondue.jfiveparse.TreeConstructionTest" time="0"/>
  <testcase name="check[template.dat:1195:true]" classname="ch.digitalfondue.jfiveparse.TreeConstructionTest" time="0"/>
  <testcase name="check[template.dat:1196:true]" classname="ch.digitalfondue.jfiveparse.TreeConstructionTest" time="0"/>
  <testcase name="check[template.dat:1197:true]" classname="ch.digitalfondue.jfiveparse.TreeConstructionTest" time="0"/>
  <testcase name="check[template.dat:1198:true]" classname="ch.digitalfondue.jfiveparse.TreeConstructionTest" time="0"/>
  <testcase name="check[template.dat:1199:true]" classname="ch.digitalfondue.jfiveparse.TreeConstructionTest" time="0"/>
  <testcase name="check[template.dat:1200:true]" classname="ch.digitalfondue.jfiveparse.TreeConstructionTest" time="0"/>
  <testcase name="check[template.dat:1201:true]" classname="ch.digitalfondue.jfiveparse.TreeConstructionTest" time="0"/>
  <testcase name="check[template.dat:1202:true]" classname="ch.digitalfondue.jfiveparse.TreeConstructionTest" time="0"/>
  <testcase name="check[template.dat:1203:true]" classname="ch.digitalfondue.jfiveparse.TreeConstructionTest" time="0"/>
  <testcase name="check[template.dat:1204:true]" classname="ch.digitalfondue.jfiveparse.TreeConstructionTest" time="0"/>
  <testcase name="check[template.dat:1205:true]" classname="ch.digitalfondue.jfiveparse.TreeConstructionTest" time="0"/>
  <testcase name="check[template.dat:1206:true]" classname="ch.digitalfondue.jfiveparse.TreeConstructionTest" time="0"/>
  <testcase name="check[template.dat:1207:true]" classname="ch.digitalfondue.jfiveparse.TreeConstructionTest" time="0"/>
  <testcase name="check[template.dat:1208:true]" classname="ch.digitalfondue.jfiveparse.TreeConstructionTest" time="0"/>
  <testcase name="check[template.dat:1209:true]" classname="ch.digitalfondue.jfiveparse.TreeConstructionTest" time="0"/>
  <testcase name="check[template.dat:1210:true]" classname="ch.digitalfondue.jfiveparse.TreeConstructionTest" time="0"/>
  <testcase name="check[template.dat:1211:true]" classname="ch.digitalfondue.jfiveparse.TreeConstructionTest" time="0"/>
  <testcase name="check[template.dat:1212:true]" classname="ch.digitalfondue.jfiveparse.TreeConstructionTest" time="0"/>
  <testcase name="check[template.dat:1213:true]" classname="ch.digitalfondue.jfiveparse.TreeConstructionTest" time="0"/>
  <testcase name="check[template.dat:1214:true]" classname="ch.digitalfondue.jfiveparse.TreeConstructionTest" time="0"/>
  <testcase name="check[template.dat:1215:true]" classname="ch.digitalfondue.jfiveparse.TreeConstructionTest" time="0"/>
  <testcase name="check[template.dat:1216:true]" classname="ch.digitalfondue.jfiveparse.TreeConstructionTest" time="0"/>
  <testcase name="check[template.dat:1217:true]" classname="ch.digitalfondue.jfiveparse.TreeConstructionTest" time="0.001"/>
  <testcase name="check[template.dat:1218:true]" classname="ch.digitalfondue.jfiveparse.TreeConstructionTest" time="0"/>
  <testcase name="check[template.dat:1219:true]" classname="ch.digitalfondue.jfiveparse.TreeConstructionTest" time="0"/>
  <testcase name="check[template.dat:1220:true]" classname="ch.digitalfondue.jfiveparse.TreeConstructionTest" time="0"/>
  <testcase name="check[template.dat:1221:true]" classname="ch.digitalfondue.jfiveparse.TreeConstructionTest" time="0"/>
  <testcase name="check[template.dat:1222:true]" classname="ch.digitalfondue.jfiveparse.TreeConstructionTest" time="0"/>
  <testcase name="check[template.dat:1223:true]" classname="ch.digitalfondue.jfiveparse.TreeConstructionTest" time="0"/>
  <testcase name="check[tests1.dat:1224:false]" classname="ch.digitalfondue.jfiveparse.TreeConstructionTest" time="0"/>
  <testcase name="check[tests1.dat:1225:false]" classname="ch.digitalfondue.jfiveparse.TreeConstructionTest" time="0"/>
  <testcase name="check[tests1.dat:1226:false]" classname="ch.digitalfondue.jfiveparse.TreeConstructionTest" time="0"/>
  <testcase name="check[tests1.dat:1227:false]" classname="ch.digitalfondue.jfiveparse.TreeConstructionTest" time="0"/>
  <testcase name="check[tests1.dat:1228:false]" classname="ch.digitalfondue.jfiveparse.TreeConstructionTest" time="0"/>
  <testcase name="check[tests1.dat:1229:false]" classname="ch.digitalfondue.jfiveparse.TreeConstructionTest" time="0"/>
  <testcase name="check[tests1.dat:1230:false]" classname="ch.digitalfondue.jfiveparse.TreeConstructionTest" time="0"/>
  <testcase name="check[tests1.dat:1231:false]" classname="ch.digitalfondue.jfiveparse.TreeConstructionTest" time="0"/>
  <testcase name="check[tests1.dat:1232:false]" classname="ch.digitalfondue.jfiveparse.TreeConstructionTest" time="0"/>
  <testcase name="check[tests1.dat:1233:false]" classname="ch.digitalfondue.jfiveparse.TreeConstructionTest" time="0"/>
  <testcase name="check[tests1.dat:1234:false]" classname="ch.digitalfondue.jfiveparse.TreeConstructionTest" time="0"/>
  <testcase name="check[tests1.dat:1235:false]" classname="ch.digitalfondue.jfiveparse.TreeConstructionTest" time="0"/>
  <testcase name="check[tests1.dat:1236:false]" classname="ch.digitalfondue.jfiveparse.TreeConstructionTest" time="0.001"/>
  <testcase name="check[tests1.dat:1237:false]" classname="ch.digitalfondue.jfiveparse.TreeConstructionTest" time="0"/>
  <testcase name="check[tests1.dat:1238:false]" classname="ch.digitalfondue.jfiveparse.TreeConstructionTest" time="0"/>
  <testcase name="check[tests1.dat:1239:false]" classname="ch.digitalfondue.jfiveparse.TreeConstructionTest" time="0"/>
  <testcase name="check[tests1.dat:1240:false]" classname="ch.digitalfondue.jfiveparse.TreeConstructionTest" time="0"/>
  <testcase name="check[tests1.dat:1241:false]" classname="ch.digitalfondue.jfiveparse.TreeConstructionTest" time="0"/>
  <testcase name="check[tests1.dat:1242:false]" classname="ch.digitalfondue.jfiveparse.TreeConstructionTest" time="0"/>
  <testcase name="check[tests1.dat:1243:false]" classname="ch.digitalfondue.jfiveparse.TreeConstructionTest" time="0"/>
  <testcase name="check[tests1.dat:1244:false]" classname="ch.digitalfondue.jfiveparse.TreeConstructionTest" time="0"/>
  <testcase name="check[tests1.dat:1245:false]" classname="ch.digitalfondue.jfiveparse.TreeConstructionTest" time="0"/>
  <testcase name="check[tests1.dat:1246:false]" classname="ch.digitalfondue.jfiveparse.TreeConstructionTest" time="0"/>
  <testcase name="check[tests1.dat:1247:false]" classname="ch.digitalfondue.jfiveparse.TreeConstructionTest" time="0"/>
  <testcase name="check[tests1.dat:1248:false]" classname="ch.digitalfondue.jfiveparse.TreeConstructionTest" time="0"/>
  <testcase name="check[tests1.dat:1249:false]" classname="ch.digitalfondue.jfiveparse.TreeConstructionTest" time="0"/>
  <testcase name="check[tests1.dat:1250:false]" classname="ch.digitalfondue.jfiveparse.TreeConstructionTest" time="0"/>
  <testcase name="check[tests1.dat:1251:false]" classname="ch.digitalfondue.jfiveparse.TreeConstructionTest" time="0"/>
  <testcase name="check[tests1.dat:1252:false]" classname="ch.digitalfondue.jfiveparse.TreeConstructionTest" time="0"/>
  <testcase name="check[tests1.dat:1253:false]" classname="ch.digitalfondue.jfiveparse.TreeConstructionTest" time="0.001"/>
  <testcase name="check[tests1.dat:1254:false]" classname="ch.digitalfondue.jfiveparse.TreeConstructionTest" time="0"/>
  <testcase name="check[tests1.dat:1255:false]" classname="ch.digitalfondue.jfiveparse.TreeConstructionTest" time="0"/>
  <testcase name="check[tests1.dat:1256:false]" classname="ch.digitalfondue.jfiveparse.TreeConstructionTest" time="0"/>
  <testcase name="check[tests1.dat:1257:false]" classname="ch.digitalfondue.jfiveparse.TreeConstructionTest" time="0"/>
  <testcase name="check[tests1.dat:1258:false]" classname="ch.digitalfondue.jfiveparse.TreeConstructionTest" time="0"/>
  <testcase name="check[tests1.dat:1259:false]" classname="ch.digitalfondue.jfiveparse.TreeConstructionTest" time="0"/>
  <testcase name="check[tests1.dat:1260:false]" classname="ch.digitalfondue.jfiveparse.TreeConstructionTest" time="0"/>
  <testcase name="check[tests1.dat:1261:false]" classname="ch.digitalfondue.jfiveparse.TreeConstructionTest" time="0"/>
  <testcase name="check[tests1.dat:1262:false]" classname="ch.digitalfondue.jfiveparse.TreeConstructionTest" time="0"/>
  <testcase name="check[tests1.dat:1263:false]" classname="ch.digitalfondue.jfiveparse.TreeConstructionTest" time="0"/>
  <testcase name="check[tests1.dat:1264:false]" classname="ch.digitalfondue.jfiveparse.TreeConstructionTest" time="0"/>
  <testcase name="check[tests1.dat:1265:false]" classname="ch.digitalfondue.jfiveparse.TreeConstructionTest" time="0.001"/>
  <testcase name="check[tests1.dat:1266:false]" classname="ch.digitalfondue.jfiveparse.TreeConstructionTest" time="0"/>
  <testcase name="check[tests1.dat:1267:false]" classname="ch.digitalfondue.jfiveparse.TreeConstructionTest" time="0"/>
  <testcase name="check[tests1.dat:1268:false]" classname="ch.digitalfondue.jfiveparse.TreeConstructionTest" time="0"/>
  <testcase name="check[tests1.dat:1269:false]" classname="ch.digitalfondue.jfiveparse.TreeConstructionTest" time="0"/>
  <testcase name="check[tests1.dat:1270:false]" classname="ch.digitalfondue.jfiveparse.TreeConstructionTest" time="0"/>
  <testcase name="check[tests1.dat:1271:false]" classname="ch.digitalfondue.jfiveparse.TreeConstructionTest" time="0"/>
  <testcase name="check[tests1.dat:1272:false]" classname="ch.digitalfondue.jfiveparse.TreeConstructionTest" time="0"/>
  <testcase name="check[tests1.dat:1273:false]" classname="ch.digitalfondue.jfiveparse.TreeConstructionTest" time="0"/>
  <testcase name="check[tests1.dat:1274:false]" classname="ch.digitalfondue.jfiveparse.TreeConstructionTest" time="0"/>
  <testcase name="check[tests1.dat:1275:false]" classname="ch.digitalfondue.jfiveparse.TreeConstructionTest" time="0"/>
  <testcase name="check[tests1.dat:1276:false]" classname="ch.digitalfondue.jfiveparse.TreeConstructionTest" time="0"/>
  <testcase name="check[tests1.dat:1277:false]" classname="ch.digitalfondue.jfiveparse.TreeConstructionTest" time="0"/>
  <testcase name="check[tests1.dat:1278:false]" classname="ch.digitalfondue.jfiveparse.TreeConstructionTest" time="0"/>
  <testcase name="check[tests1.dat:1279:false]" classname="ch.digitalfondue.jfiveparse.TreeConstructionTest" time="0"/>
  <testcase name="check[tests1.dat:1280:false]" classname="ch.digitalfondue.jfiveparse.TreeConstructionTest" time="0"/>
  <testcase name="check[tests1.dat:1281:false]" classname="ch.digitalfondue.jfiveparse.TreeConstructionTest" time="0"/>
  <testcase name="check[tests1.dat:1282:false]" classname="ch.digitalfondue.jfiveparse.TreeConstructionTest" time="0"/>
  <testcase name="check[tests1.dat:1283:false]" classname="ch.digitalfondue.jfiveparse.TreeConstructionTest" time="0"/>
  <testcase name="check[tests1.dat:1284:false]" classname="ch.digitalfondue.jfiveparse.TreeConstructionTest" time="0"/>
  <testcase name="check[tests1.dat:1285:false]" classname="ch.digitalfondue.jfiveparse.TreeConstructionTest" time="0"/>
  <testcase name="check[tests1.dat:1286:false]" classname="ch.digitalfondue.jfiveparse.TreeConstructionTest" time="0"/>
  <testcase name="check[tests1.dat:1287:false]" classname="ch.digitalfondue.jfiveparse.TreeConstructionTest" time="0"/>
  <testcase name="check[tests1.dat:1288:false]" classname="ch.digitalfondue.jfiveparse.TreeConstructionTest" time="0"/>
  <testcase name="check[tests1.dat:1289:false]" classname="ch.digitalfondue.jfiveparse.TreeConstructionTest" time="0"/>
  <testcase name="check[tests1.dat:1290:false]" classname="ch.digitalfondue.jfiveparse.TreeConstructionTest" time="0"/>
  <testcase name="check[tests1.dat:1291:false]" classname="ch.digitalfondue.jfiveparse.TreeConstructionTest" time="0"/>
  <testcase name="check[tests1.dat:1292:false]" classname="ch.digitalfondue.jfiveparse.TreeConstructionTest" time="0"/>
  <testcase name="check[tests1.dat:1293:false]" classname="ch.digitalfondue.jfiveparse.TreeConstructionTest" time="0"/>
  <testcase name="check[tests1.dat:1294:false]" classname="ch.digitalfondue.jfiveparse.TreeConstructionTest" time="0"/>
  <testcase name="check[tests1.dat:1295:false]" classname="ch.digitalfondue.jfiveparse.TreeConstructionTest" time="0"/>
  <testcase name="check[tests1.dat:1296:false]" classname="ch.digitalfondue.jfiveparse.TreeConstructionTest" time="0"/>
  <testcase name="check[tests1.dat:1297:false]" classname="ch.digitalfondue.jfiveparse.TreeConstructionTest" time="0"/>
  <testcase name="check[tests1.dat:1298:false]" classname="ch.digitalfondue.jfiveparse.TreeConstructionTest" time="0"/>
  <testcase name="check[tests1.dat:1299:false]" classname="ch.digitalfondue.jfiveparse.TreeConstructionTest" time="0"/>
  <testcase name="check[tests1.dat:1300:false]" classname="ch.digitalfondue.jfiveparse.TreeConstructionTest" time="0"/>
  <testcase name="check[tests1.dat:1301:false]" classname="ch.digitalfondue.jfiveparse.TreeConstructionTest" time="0"/>
  <testcase name="check[tests1.dat:1302:false]" classname="ch.digitalfondue.jfiveparse.TreeConstructionTest" time="0"/>
  <testcase name="check[tests1.dat:1303:false]" classname="ch.digitalfondue.jfiveparse.TreeConstructionTest" time="0"/>
  <testcase name="check[tests1.dat:1304:false]" classname="ch.digitalfondue.jfiveparse.TreeConstructionTest" time="0"/>
  <testcase name="check[tests1.dat:1305:false]" classname="ch.digitalfondue.jfiveparse.TreeConstructionTest" time="0"/>
  <testcase name="check[tests1.dat:1306:false]" classname="ch.digitalfondue.jfiveparse.TreeConstructionTest" time="0.001"/>
  <testcase name="check[tests1.dat:1307:false]" classname="ch.digitalfondue.jfiveparse.TreeConstructionTest" time="0"/>
  <testcase name="check[tests1.dat:1308:false]" classname="ch.digitalfondue.jfiveparse.TreeConstructionTest" time="0"/>
  <testcase name="check[tests1.dat:1309:false]" classname="ch.digitalfondue.jfiveparse.TreeConstructionTest" time="0"/>
  <testcase name="check[tests1.dat:1310:false]" classname="ch.digitalfondue.jfiveparse.TreeConstructionTest" time="0"/>
  <testcase name="check[tests1.dat:1311:false]" classname="ch.digitalfondue.jfiveparse.TreeConstructionTest" time="0"/>
  <testcase name="check[tests1.dat:1312:false]" classname="ch.digitalfondue.jfiveparse.TreeConstructionTest" time="0"/>
  <testcase name="check[tests1.dat:1313:false]" classname="ch.digitalfondue.jfiveparse.TreeConstructionTest" time="0"/>
  <testcase name="check[tests1.dat:1314:false]" classname="ch.digitalfondue.jfiveparse.TreeConstructionTest" time="0"/>
  <testcase name="check[tests1.dat:1315:false]" classname="ch.digitalfondue.jfiveparse.TreeConstructionTest" time="0"/>
  <testcase name="check[tests1.dat:1316:false]" classname="ch.digitalfondue.jfiveparse.TreeConstructionTest" time="0"/>
  <testcase name="check[tests1.dat:1317:false]" classname="ch.digitalfondue.jfiveparse.TreeConstructionTest" time="0"/>
  <testcase name="check[tests1.dat:1318:false]" classname="ch.digitalfondue.jfiveparse.TreeConstructionTest" time="0"/>
  <testcase name="check[tests1.dat:1319:false]" classname="ch.digitalfondue.jfiveparse.TreeConstructionTest" time="0"/>
  <testcase name="check[tests1.dat:1320:false]" classname="ch.digitalfondue.jfiveparse.TreeConstructionTest" time="0.001"/>
  <testcase name="check[tests1.dat:1321:false]" classname="ch.digitalfondue.jfiveparse.TreeConstructionTest" time="0"/>
  <testcase name="check[tests1.dat:1322:false]" classname="ch.digitalfondue.jfiveparse.TreeConstructionTest" time="0"/>
  <testcase name="check[tests1.dat:1323:false]" classname="ch.digitalfondue.jfiveparse.TreeConstructionTest" time="0"/>
  <testcase name="check[tests1.dat:1324:false]" classname="ch.digitalfondue.jfiveparse.TreeConstructionTest" time="0"/>
  <testcase name="check[tests1.dat:1325:false]" classname="ch.digitalfondue.jfiveparse.TreeConstructionTest" time="0"/>
  <testcase name="check[tests1.dat:1326:false]" classname="ch.digitalfondue.jfiveparse.TreeConstructionTest" time="0"/>
  <testcase name="check[tests1.dat:1327:false]" classname="ch.digitalfondue.jfiveparse.TreeConstructionTest" time="0"/>
  <testcase name="check[tests1.dat:1328:false]" classname="ch.digitalfondue.jfiveparse.TreeConstructionTest" time="0"/>
  <testcase name="check[tests1.dat:1329:false]" classname="ch.digitalfondue.jfiveparse.TreeConstructionTest" time="0"/>
  <testcase name="check[tests1.dat:1330:false]" classname="ch.digitalfondue.jfiveparse.TreeConstructionTest" time="0"/>
  <testcase name="check[tests1.dat:1331:false]" classname="ch.digitalfondue.jfiveparse.TreeConstructionTest" time="0"/>
  <testcase name="check[tests1.dat:1332:false]" classname="ch.digitalfondue.jfiveparse.TreeConstructionTest" time="0.001"/>
  <testcase name="check[tests1.dat:1333:false]" classname="ch.digitalfondue.jfiveparse.TreeConstructionTest" time="0"/>
  <testcase name="check[tests1.dat:1334:false]" classname="ch.digitalfondue.jfiveparse.TreeConstructionTest" time="0"/>
  <testcase name="check[tests1.dat:1335:false]" classname="ch.digitalfondue.jfiveparse.TreeConstructionTest" time="0"/>
  <testcase name="check[tests1.dat:1336:false]" classname="ch.digitalfondue.jfiveparse.TreeConstructionTest" time="0"/>
  <testcase name="check[tests1.dat:1337:false]" classname="ch.digitalfondue.jfiveparse.TreeConstructionTest" time="0"/>
  <testcase name="check[tests1.dat:1338:true]" classname="ch.digitalfondue.jfiveparse.TreeConstructionTest" time="0"/>
  <testcase name="check[tests1.dat:1339:true]" classname="ch.digitalfondue.jfiveparse.TreeConstructionTest" time="0"/>
  <testcase name="check[tests1.dat:1340:true]" classname="ch.digitalfondue.jfiveparse.TreeConstructionTest" time="0"/>
  <testcase name="check[tests1.dat:1341:true]" classname="ch.digitalfondue.jfiveparse.TreeConstructionTest" time="0"/>
  <testcase name="check[tests1.dat:1342:true]" classname="ch.digitalfondue.jfiveparse.TreeConstructionTest" time="0"/>
  <testcase name="check[tests1.dat:1343:true]" classname="ch.digitalfondue.jfiveparse.TreeConstructionTest" time="0.001"/>
  <testcase name="check[tests1.dat:1344:true]" classname="ch.digitalfondue.jfiveparse.TreeConstructionTest" time="0"/>
  <testcase name="check[tests1.dat:1345:true]" classname="ch.digitalfondue.jfiveparse.TreeConstructionTest" time="0"/>
  <testcase name="check[tests1.dat:1346:true]" classname="ch.digitalfondue.jfiveparse.TreeConstructionTest" time="0"/>
  <testcase name="check[tests1.dat:1347:true]" classname="ch.digitalfondue.jfiveparse.TreeConstructionTest" time="0"/>
  <testcase name="check[tests1.dat:1348:true]" classname="ch.digitalfondue.jfiveparse.TreeConstructionTest" time="0"/>
  <testcase name="check[tests1.dat:1349:true]" classname="ch.digitalfondue.jfiveparse.TreeConstructionTest" time="0"/>
  <testcase name="check[tests1.dat:1350:true]" classname="ch.digitalfondue.jfiveparse.TreeConstructionTest" time="0"/>
  <testcase name="check[tests1.dat:1351:true]" classname="ch.digitalfondue.jfiveparse.TreeConstructionTest" time="0"/>
  <testcase name="check[tests1.dat:1352:true]" classname="ch.digitalfondue.jfiveparse.TreeConstructionTest" time="0"/>
  <testcase name="check[tests1.dat:1353:true]" classname="ch.digitalfondue.jfiveparse.TreeConstructionTest" time="0"/>
  <testcase name="check[tests1.dat:1354:true]" classname="ch.digitalfondue.jfiveparse.TreeConstructionTest" time="0"/>
  <testcase name="check[tests1.dat:1355:true]" classname="ch.digitalfondue.jfiveparse.TreeConstructionTest" time="0"/>
  <testcase name="check[tests1.dat:1356:true]" classname="ch.digitalfondue.jfiveparse.TreeConstructionTest" time="0"/>
  <testcase name="check[tests1.dat:1357:true]" classname="ch.digitalfondue.jfiveparse.TreeConstructionTest" time="0"/>
  <testcase name="check[tests1.dat:1358:true]" classname="ch.digitalfondue.jfiveparse.TreeConstructionTest" time="0"/>
  <testcase name="check[tests1.dat:1359:true]" classname="ch.digitalfondue.jfiveparse.TreeConstructionTest" time="0"/>
  <testcase name="check[tests1.dat:1360:true]" classname="ch.digitalfondue.jfiveparse.TreeConstructionTest" time="0"/>
  <testcase name="check[tests1.dat:1361:true]" classname="ch.digitalfondue.jfiveparse.TreeConstructionTest" time="0"/>
  <testcase name="check[tests1.dat:1362:true]" classname="ch.digitalfondue.jfiveparse.TreeConstructionTest" time="0"/>
  <testcase name="check[tests1.dat:1363:true]" classname="ch.digitalfondue.jfiveparse.TreeConstructionTest" time="0"/>
  <testcase name="check[tests1.dat:1364:true]" classname="ch.digitalfondue.jfiveparse.TreeConstructionTest" time="0.001"/>
  <testcase name="check[tests1.dat:1365:true]" classname="ch.digitalfondue.jfiveparse.TreeConstructionTest" time="0"/>
  <testcase name="check[tests1.dat:1366:true]" classname="ch.digitalfondue.jfiveparse.TreeConstructionTest" time="0"/>
  <testcase name="check[tests1.dat:1367:true]" classname="ch.digitalfondue.jfiveparse.TreeConstructionTest" time="0"/>
  <testcase name="check[tests1.dat:1368:true]" classname="ch.digitalfondue.jfiveparse.TreeConstructionTest" time="0"/>
  <testcase name="check[tests1.dat:1369:true]" classname="ch.digitalfondue.jfiveparse.TreeConstructionTest" time="0"/>
  <testcase name="check[tests1.dat:1370:true]" classname="ch.digitalfondue.jfiveparse.TreeConstructionTest" time="0"/>
  <testcase name="check[tests1.dat:1371:true]" classname="ch.digitalfondue.jfiveparse.TreeConstructionTest" time="0"/>
  <testcase name="check[tests1.dat:1372:true]" classname="ch.digitalfondue.jfiveparse.TreeConstructionTest" time="0"/>
  <testcase name="check[tests1.dat:1373:true]" classname="ch.digitalfondue.jfiveparse.TreeConstructionTest" time="0"/>
  <testcase name="check[tests1.dat:1374:true]" classname="ch.digitalfondue.jfiveparse.TreeConstructionTest" time="0"/>
  <testcase name="check[tests1.dat:1375:true]" classname="ch.digitalfondue.jfiveparse.TreeConstructionTest" time="0"/>
  <testcase name="check[tests1.dat:1376:true]" classname="ch.digitalfondue.jfiveparse.TreeConstructionTest" time="0"/>
  <testcase name="check[tests1.dat:1377:true]" classname="ch.digitalfondue.jfiveparse.TreeConstructionTest" time="0"/>
  <testcase name="check[tests1.dat:1378:true]" classname="ch.digitalfondue.jfiveparse.TreeConstructionTest" time="0"/>
  <testcase name="check[tests1.dat:1379:true]" classname="ch.digitalfondue.jfiveparse.TreeConstructionTest" time="0.001"/>
  <testcase name="check[tests1.dat:1380:true]" classname="ch.digitalfondue.jfiveparse.TreeConstructionTest" time="0"/>
  <testcase name="check[tests1.dat:1381:true]" classname="ch.digitalfondue.jfiveparse.TreeConstructionTest" time="0"/>
  <testcase name="check[tests1.dat:1382:true]" classname="ch.digitalfondue.jfiveparse.TreeConstructionTest" time="0"/>
  <testcase name="check[tests1.dat:1383:true]" classname="ch.digitalfondue.jfiveparse.TreeConstructionTest" time="0"/>
  <testcase name="check[tests1.dat:1384:true]" classname="ch.digitalfondue.jfiveparse.TreeConstructionTest" time="0"/>
  <testcase name="check[tests1.dat:1385:true]" classname="ch.digitalfondue.jfiveparse.TreeConstructionTest" time="0"/>
  <testcase name="check[tests1.dat:1386:true]" classname="ch.digitalfondue.jfiveparse.TreeConstructionTest" time="0"/>
  <testcase name="check[tests1.dat:1387:true]" classname="ch.digitalfondue.jfiveparse.TreeConstructionTest" time="0"/>
  <testcase name="check[tests1.dat:1388:true]" classname="ch.digitalfondue.jfiveparse.TreeConstructionTest" time="0"/>
  <testcase name="check[tests1.dat:1389:true]" classname="ch.digitalfondue.jfiveparse.TreeConstructionTest" time="0"/>
  <testcase name="check[tests1.dat:1390:true]" classname="ch.digitalfondue.jfiveparse.TreeConstructionTest" time="0"/>
  <testcase name="check[tests1.dat:1391:true]" classname="ch.digitalfondue.jfiveparse.TreeConstructionTest" time="0"/>
  <testcase name="check[tests1.dat:1392:true]" classname="ch.digitalfondue.jfiveparse.TreeConstructionTest" time="0"/>
  <testcase name="check[tests1.dat:1393:true]" classname="ch.digitalfondue.jfiveparse.TreeConstructionTest" time="0"/>
  <testcase name="check[tests1.dat:1394:true]" classname="ch.digitalfondue.jfiveparse.TreeConstructionTest" time="0"/>
  <testcase name="check[tests1.dat:1395:true]" classname="ch.digitalfondue.jfiveparse.TreeConstructionTest" time="0"/>
  <testcase name="check[tests1.dat:1396:true]" classname="ch.digitalfondue.jfiveparse.TreeConstructionTest" time="0"/>
  <testcase name="check[tests1.dat:1397:true]" classname="ch.digitalfondue.jfiveparse.TreeConstructionTest" time="0"/>
  <testcase name="check[tests1.dat:1398:true]" classname="ch.digitalfondue.jfiveparse.TreeConstructionTest" time="0"/>
  <testcase name="check[tests1.dat:1399:true]" classname="ch.digitalfondue.jfiveparse.TreeConstructionTest" time="0"/>
  <testcase name="check[tests1.dat:1400:true]" classname="ch.digitalfondue.jfiveparse.TreeConstructionTest" time="0"/>
  <testcase name="check[tests1.dat:1401:true]" classname="ch.digitalfondue.jfiveparse.TreeConstructionTest" time="0"/>
  <testcase name="check[tests1.dat:1402:true]" classname="ch.digitalfondue.jfiveparse.TreeConstructionTest" time="0"/>
  <testcase name="check[tests1.dat:1403:true]" classname="ch.digitalfondue.jfiveparse.TreeConstructionTest" time="0"/>
  <testcase name="check[tests1.dat:1404:true]" classname="ch.digitalfondue.jfiveparse.TreeConstructionTest" time="0"/>
  <testcase name="check[tests1.dat:1405:true]" classname="ch.digitalfondue.jfiveparse.TreeConstructionTest" time="0"/>
  <testcase name="check[tests1.dat:1406:true]" classname="ch.digitalfondue.jfiveparse.TreeConstructionTest" time="0"/>
  <testcase name="check[tests1.dat:1407:true]" classname="ch.digitalfondue.jfiveparse.TreeConstructionTest" time="0"/>
  <testcase name="check[tests1.dat:1408:true]" classname="ch.digitalfondue.jfiveparse.TreeConstructionTest" time="0"/>
  <testcase name="check[tests1.dat:1409:true]" classname="ch.digitalfondue.jfiveparse.TreeConstructionTest" time="0"/>
  <testcase name="check[tests1.dat:1410:true]" classname="ch.digitalfondue.jfiveparse.TreeConstructionTest" time="0"/>
  <testcase name="check[tests1.dat:1411:true]" classname="ch.digitalfondue.jfiveparse.TreeConstructionTest" time="0"/>
  <testcase name="check[tests1.dat:1412:true]" classname="ch.digitalfondue.jfiveparse.TreeConstructionTest" time="0"/>
  <testcase name="check[tests1.dat:1413:true]" classname="ch.digitalfondue.jfiveparse.TreeConstructionTest" time="0"/>
  <testcase name="check[tests1.dat:1414:true]" classname="ch.digitalfondue.jfiveparse.TreeConstructionTest" time="0.001"/>
  <testcase name="check[tests1.dat:1415:true]" classname="ch.digitalfondue.jfiveparse.TreeConstructionTest" time="0"/>
  <testcase name="check[tests1.dat:1416:true]" classname="ch.digitalfondue.jfiveparse.TreeConstructionTest" time="0"/>
  <testcase name="check[tests1.dat:1417:true]" classname="ch.digitalfondue.jfiveparse.TreeConstructionTest" time="0"/>
  <testcase name="check[tests1.dat:1418:true]" classname="ch.digitalfondue.jfiveparse.TreeConstructionTest" time="0"/>
  <testcase name="check[tests1.dat:1419:true]" classname="ch.digitalfondue.jfiveparse.TreeConstructionTest" time="0"/>
  <testcase name="check[tests1.dat:1420:true]" classname="ch.digitalfondue.jfiveparse.TreeConstructionTest" time="0"/>
  <testcase name="check[tests1.dat:1421:true]" classname="ch.digitalfondue.jfiveparse.TreeConstructionTest" time="0"/>
  <testcase name="check[tests1.dat:1422:true]" classname="ch.digitalfondue.jfiveparse.TreeConstructionTest" time="0"/>
  <testcase name="check[tests1.dat:1423:true]" classname="ch.digitalfondue.jfiveparse.TreeConstructionTest" time="0"/>
  <testcase name="check[tests1.dat:1424:true]" classname="ch.digitalfondue.jfiveparse.TreeConstructionTest" time="0"/>
  <testcase name="check[tests1.dat:1425:true]" classname="ch.digitalfondue.jfiveparse.TreeConstructionTest" time="0"/>
  <testcase name="check[tests1.dat:1426:true]" classname="ch.digitalfondue.jfiveparse.TreeConstructionTest" time="0"/>
  <testcase name="check[tests1.dat:1427:true]" classname="ch.digitalfondue.jfiveparse.TreeConstructionTest" time="0"/>
  <testcase name="check[tests1.dat:1428:true]" classname="ch.digitalfondue.jfiveparse.TreeConstructionTest" time="0"/>
  <testcase name="check[tests1.dat:1429:true]" classname="ch.digitalfondue.jfiveparse.TreeConstructionTest" time="0"/>
  <testcase name="check[tests1.dat:1430:true]" classname="ch.digitalfondue.jfiveparse.TreeConstructionTest" time="0"/>
  <testcase name="check[tests1.dat:1431:true]" classname="ch.digitalfondue.jfiveparse.TreeConstructionTest" time="0"/>
  <testcase name="check[tests1.dat:1432:true]" classname="ch.digitalfondue.jfiveparse.TreeConstructionTest" time="0"/>
  <testcase name="check[tests1.dat:1433:true]" classname="ch.digitalfondue.jfiveparse.TreeConstructionTest" time="0"/>
  <testcase name="check[tests1.dat:1434:true]" classname="ch.digitalfondue.jfiveparse.TreeConstructionTest" time="0"/>
  <testcase name="check[tests1.dat:1435:true]" classname="ch.digitalfondue.jfiveparse.TreeConstructionTest" time="0"/>
  <testcase name="check[tests1.dat:1436:true]" classname="ch.digitalfondue.jfiveparse.TreeConstructionTest" time="0"/>
  <testcase name="check[tests1.dat:1437:true]" classname="ch.digitalfondue.jfiveparse.TreeConstructionTest" time="0"/>
  <testcase name="check[tests1.dat:1438:true]" classname="ch.digitalfondue.jfiveparse.TreeConstructionTest" time="0"/>
  <testcase name="check[tests1.dat:1439:true]" classname="ch.digitalfondue.jfiveparse.TreeConstructionTest" time="0"/>
  <testcase name="check[tests1.dat:1440:true]" classname="ch.digitalfondue.jfiveparse.TreeConstructionTest" time="0"/>
  <testcase name="check[tests1.dat:1441:true]" classname="ch.digitalfondue.jfiveparse.TreeConstructionTest" time="0"/>
  <testcase name="check[tests1.dat:1442:true]" classname="ch.digitalfondue.jfiveparse.TreeConstructionTest" time="0"/>
  <testcase name="check[tests1.dat:1443:true]" classname="ch.digitalfondue.jfiveparse.TreeConstructionTest" time="0"/>
  <testcase name="check[tests1.dat:1444:true]" classname="ch.digitalfondue.jfiveparse.TreeConstructionTest" time="0"/>
  <testcase name="check[tests1.dat:1445:true]" classname="ch.digitalfondue.jfiveparse.TreeConstructionTest" time="0"/>
  <testcase name="check[tests1.dat:1446:true]" classname="ch.digitalfondue.jfiveparse.TreeConstructionTest" time="0"/>
  <testcase name="check[tests1.dat:1447:true]" classname="ch.digitalfondue.jfiveparse.TreeConstructionTest" time="0"/>
  <testcase name="check[tests1.dat:1448:true]" classname="ch.digitalfondue.jfiveparse.TreeConstructionTest" time="0"/>
  <testcase name="check[tests1.dat:1449:true]" classname="ch.digitalfondue.jfiveparse.TreeConstructionTest" time="0.001"/>
  <testcase name="check[tests1.dat:1450:true]" classname="ch.digitalfondue.jfiveparse.TreeConstructionTest" time="0"/>
  <testcase name="check[tests1.dat:1451:true]" classname="ch.digitalfondue.jfiveparse.TreeConstructionTest" time="0"/>
  <testcase name="check[tests10.dat:1452:false]" classname="ch.digitalfondue.jfiveparse.TreeConstructionTest" time="0"/>
  <testcase name="check[tests10.dat:1453:false]" classname="ch.digitalfondue.jfiveparse.TreeConstructionTest" time="0"/>
  <testcase name="check[tests10.dat:1454:false]" classname="ch.digitalfondue.jfiveparse.TreeConstructionTest" time="0"/>
  <testcase name="check[tests10.dat:1455:false]" classname="ch.digitalfondue.jfiveparse.TreeConstructionTest" time="0"/>
  <testcase name="check[tests10.dat:1456:false]" classname="ch.digitalfondue.jfiveparse.TreeConstructionTest" time="0"/>
  <testcase name="check[tests10.dat:1457:false]" classname="ch.digitalfondue.jfiveparse.TreeConstructionTest" time="0"/>
  <testcase name="check[tests10.dat:1458:false]" classname="ch.digitalfondue.jfiveparse.TreeConstructionTest" time="0"/>
  <testcase name="check[tests10.dat:1459:false]" classname="ch.digitalfondue.jfiveparse.TreeConstructionTest" time="0.001"/>
  <testcase name="check[tests10.dat:1460:false]" classname="ch.digitalfondue.jfiveparse.TreeConstructionTest" time="0"/>
  <testcase name="check[tests10.dat:1461:false]" classname="ch.digitalfondue.jfiveparse.TreeConstructionTest" time="0"/>
  <testcase name="check[tests10.dat:1462:false]" classname="ch.digitalfondue.jfiveparse.TreeConstructionTest" time="0"/>
  <testcase name="check[tests10.dat:1463:false]" classname="ch.digitalfondue.jfiveparse.TreeConstructionTest" time="0"/>
  <testcase name="check[tests10.dat:1464:false]" classname="ch.digitalfondue.jfiveparse.TreeConstructionTest" time="0"/>
  <testcase name="check[tests10.dat:1465:false]" classname="ch.digitalfondue.jfiveparse.TreeConstructionTest" time="0"/>
  <testcase name="check[tests10.dat:1466:false]" classname="ch.digitalfondue.jfiveparse.TreeConstructionTest" time="0"/>
  <testcase name="check[tests10.dat:1467:false]" classname="ch.digitalfondue.jfiveparse.TreeConstructionTest" time="0"/>
  <testcase name="check[tests10.dat:1468:false]" classname="ch.digitalfondue.jfiveparse.TreeConstructionTest" time="0"/>
  <testcase name="check[tests10.dat:1469:false]" classname="ch.digitalfondue.jfiveparse.TreeConstructionTest" time="0.001"/>
  <testcase name="check[tests10.dat:1470:false]" classname="ch.digitalfondue.jfiveparse.TreeConstructionTest" time="0"/>
  <testcase name="check[tests10.dat:1471:false]" classname="ch.digitalfondue.jfiveparse.TreeConstructionTest" time="0"/>
  <testcase name="check[tests10.dat:1472:false]" classname="ch.digitalfondue.jfiveparse.TreeConstructionTest" time="0"/>
  <testcase name="check[tests10.dat:1473:false]" classname="ch.digitalfondue.jfiveparse.TreeConstructionTest" time="0"/>
  <testcase name="check[tests10.dat:1474:false]" classname="ch.digitalfondue.jfiveparse.TreeConstructionTest" time="0"/>
  <testcase name="check[tests10.dat:1475:false]" classname="ch.digitalfondue.jfiveparse.TreeConstructionTest" time="0"/>
  <testcase name="check[tests10.dat:1476:false]" classname="ch.digitalfondue.jfiveparse.TreeConstructionTest" time="0"/>
  <testcase name="check[tests10.dat:1477:false]" classname="ch.digitalfondue.jfiveparse.TreeConstructionTest" time="0"/>
  <testcase name="check[tests10.dat:1478:false]" classname="ch.digitalfondue.jfiveparse.TreeConstructionTest" time="0"/>
  <testcase name="check[tests10.dat:1479:false]" classname="ch.digitalfondue.jfiveparse.TreeConstructionTest" time="0"/>
  <testcase name="check[tests10.dat:1480:false]" classname="ch.digitalfondue.jfiveparse.TreeConstructionTest" time="0"/>
  <testcase name="check[tests10.dat:1481:false]" classname="ch.digitalfondue.jfiveparse.TreeConstructionTest" time="0"/>
  <testcase name="check[tests10.dat:1482:false]" classname="ch.digitalfondue.jfiveparse.TreeConstructionTest" time="0.001"/>
  <testcase name="check[tests10.dat:1483:false]" classname="ch.digitalfondue.jfiveparse.TreeConstructionTest" time="0"/>
  <testcase name="check[tests10.dat:1484:false]" classname="ch.digitalfondue.jfiveparse.TreeConstructionTest" time="0"/>
  <testcase name="check[tests10.dat:1485:false]" classname="ch.digitalfondue.jfiveparse.TreeConstructionTest" time="0"/>
  <testcase name="check[tests10.dat:1486:false]" classname="ch.digitalfondue.jfiveparse.TreeConstructionTest" time="0"/>
  <testcase name="check[tests10.dat:1487:false]" classname="ch.digitalfondue.jfiveparse.TreeConstructionTest" time="0"/>
  <testcase name="check[tests10.dat:1488:false]" classname="ch.digitalfondue.jfiveparse.TreeConstructionTest" time="0"/>
  <testcase name="check[tests10.dat:1489:false]" classname="ch.digitalfondue.jfiveparse.TreeConstructionTest" time="0"/>
  <testcase name="check[tests10.dat:1490:false]" classname="ch.digitalfondue.jfiveparse.TreeConstructionTest" time="0"/>
  <testcase name="check[tests10.dat:1491:false]" classname="ch.digitalfondue.jfiveparse.TreeConstructionTest" time="0"/>
  <testcase name="check[tests10.dat:1492:false]" classname="ch.digitalfondue.jfiveparse.TreeConstructionTest" time="0"/>
  <testcase name="check[tests10.dat:1493:false]" classname="ch.digitalfondue.jfiveparse.TreeConstructionTest" time="0"/>
  <testcase name="check[tests10.dat:1494:false]" classname="ch.digitalfondue.jfiveparse.TreeConstructionTest" time="0"/>
  <testcase name="check[tests10.dat:1495:false]" classname="ch.digitalfondue.jfiveparse.TreeConstructionTest" time="0"/>
  <testcase name="check[tests10.dat:1496:false]" classname="ch.digitalfondue.jfiveparse.TreeConstructionTest" time="0"/>
  <testcase name="check[tests10.dat:1497:false]" classname="ch.digitalfondue.jfiveparse.TreeConstructionTest" time="0"/>
  <testcase name="check[tests10.dat:1498:false]" classname="ch.digitalfondue.jfiveparse.TreeConstructionTest" time="0"/>
  <testcase name="check[tests10.dat:1499:false]" classname="ch.digitalfondue.jfiveparse.TreeConstructionTest" time="0"/>
  <testcase name="check[tests10.dat:1500:false]" classname="ch.digitalfondue.jfiveparse.TreeConstructionTest" time="0"/>
  <testcase name="check[tests10.dat:1501:false]" classname="ch.digitalfondue.jfiveparse.TreeConstructionTest" time="0"/>
  <testcase name="check[tests10.dat:1502:false]" classname="ch.digitalfondue.jfiveparse.TreeConstructionTest" time="0"/>
  <testcase name="check[tests10.dat:1503:false]" classname="ch.digitalfondue.jfiveparse.TreeConstructionTest" time="0"/>
  <testcase name="check[tests10.dat:1504:false]" classname="ch.digitalfondue.jfiveparse.TreeConstructionTest" time="0"/>
  <testcase name="check[tests10.dat:1505:false]" classname="ch.digitalfondue.jfiveparse.TreeConstructionTest" time="0"/>
  <testcase name="check[tests10.dat:1506:true]" classname="ch.digitalfondue.jfiveparse.TreeConstructionTest" time="0"/>
  <testcase name="check[tests10.dat:1507:true]" classname="ch.digitalfondue.jfiveparse.TreeConstructionTest" time="0"/>
  <testcase name="check[tests10.dat:1508:true]" classname="ch.digitalfondue.jfiveparse.TreeConstructionTest" time="0"/>
  <testcase name="check[tests10.dat:1509:true]" classname="ch.digitalfondue.jfiveparse.TreeConstructionTest" time="0"/>
  <testcase name="check[tests10.dat:1510:true]" classname="ch.digitalfondue.jfiveparse.TreeConstructionTest" time="0"/>
  <testcase name="check[tests10.dat:1511:true]" classname="ch.digitalfondue.jfiveparse.TreeConstructionTest" time="0"/>
  <testcase name="check[tests10.dat:1512:true]" classname="ch.digitalfondue.jfiveparse.TreeConstructionTest" time="0"/>
  <testcase name="check[tests10.dat:1513:true]" classname="ch.digitalfondue.jfiveparse.TreeConstructionTest" time="0.001"/>
  <testcase name="check[tests10.dat:1514:true]" classname="ch.digitalfondue.jfiveparse.TreeConstructionTest" time="0"/>
  <testcase name="check[tests10.dat:1515:true]" classname="ch.digitalfondue.jfiveparse.TreeConstructionTest" time="0"/>
  <testcase name="check[tests10.dat:1516:true]" classname="ch.digitalfondue.jfiveparse.TreeConstructionTest" time="0"/>
  <testcase name="check[tests10.dat:1517:true]" classname="ch.digitalfondue.jfiveparse.TreeConstructionTest" time="0"/>
  <testcase name="check[tests10.dat:1518:true]" classname="ch.digitalfondue.jfiveparse.TreeConstructionTest" time="0"/>
  <testcase name="check[tests10.dat:1519:true]" classname="ch.digitalfondue.jfiveparse.TreeConstructionTest" time="0"/>
  <testcase name="check[tests10.dat:1520:true]" classname="ch.digitalfondue.jfiveparse.TreeConstructionTest" time="0"/>
  <testcase name="check[tests10.dat:1521:true]" classname="ch.digitalfondue.jfiveparse.TreeConstructionTest" time="0"/>
  <testcase name="check[tests10.dat:1522:true]" classname="ch.digitalfondue.jfiveparse.TreeConstructionTest" time="0"/>
  <testcase name="check[tests10.dat:1523:true]" classname="ch.digitalfondue.jfiveparse.TreeConstructionTest" time="0"/>
  <testcase name="check[tests10.dat:1524:true]" classname="ch.digitalfondue.jfiveparse.TreeConstructionTest" time="0"/>
  <testcase name="check[tests10.dat:1525:true]" classname="ch.digitalfondue.jfiveparse.TreeConstructionTest" time="0.001"/>
  <testcase name="check[tests10.dat:1526:true]" classname="ch.digitalfondue.jfiveparse.TreeConstructionTest" time="0"/>
  <testcase name="check[tests10.dat:1527:true]" classname="ch.digitalfondue.jfiveparse.TreeConstructionTest" time="0"/>
  <testcase name="check[tests10.dat:1528:true]" classname="ch.digitalfondue.jfiveparse.TreeConstructionTest" time="0"/>
  <testcase name="check[tests10.dat:1529:true]" classname="ch.digitalfondue.jfiveparse.TreeConstructionTest" time="0"/>
  <testcase name="check[tests10.dat:1530:true]" classname="ch.digitalfondue.jfiveparse.TreeConstructionTest" time="0.001"/>
  <testcase name="check[tests10.dat:1531:true]" classname="ch.digitalfondue.jfiveparse.TreeConstructionTest" time="0"/>
  <testcase name="check[tests10.dat:1532:true]" classname="ch.digitalfondue.jfiveparse.TreeConstructionTest" time="0"/>
  <testcase name="check[tests10.dat:1533:true]" classname="ch.digitalfondue.jfiveparse.TreeConstructionTest" time="0"/>
  <testcase name="check[tests10.dat:1534:true]" classname="ch.digitalfondue.jfiveparse.TreeConstructionTest" time="0"/>
  <testcase name="check[tests10.dat:1535:true]" classname="ch.digitalfondue.jfiveparse.TreeConstructionTest" time="0"/>
  <testcase name="check[tests10.dat:1536:true]" classname="ch.digitalfondue.jfiveparse.TreeConstructionTest" time="0"/>
  <testcase name="check[tests10.dat:1537:true]" classname="ch.digitalfondue.jfiveparse.TreeConstructionTest" time="0"/>
  <testcase name="check[tests10.dat:1538:true]" classname="ch.digitalfondue.jfiveparse.TreeConstructionTest" time="0"/>
  <testcase name="check[tests10.dat:1539:true]" classname="ch.digitalfondue.jfiveparse.TreeConstructionTest" time="0"/>
  <testcase name="check[tests10.dat:1540:true]" classname="ch.digitalfondue.jfiveparse.TreeConstructionTest" time="0"/>
  <testcase name="check[tests10.dat:1541:true]" classname="ch.digitalfondue.jfiveparse.TreeConstructionTest" time="0"/>
  <testcase name="check[tests10.dat:1542:true]" classname="ch.digitalfondue.jfiveparse.TreeConstructionTest" time="0"/>
  <testcase name="check[tests10.dat:1543:true]" classname="ch.digitalfondue.jfiveparse.TreeConstructionTest" time="0"/>
  <testcase name="check[tests10.dat:1544:true]" classname="ch.digitalfondue.jfiveparse.TreeConstructionTest" time="0"/>
  <testcase name="check[tests10.dat:1545:true]" classname="ch.digitalfondue.jfiveparse.TreeConstructionTest" time="0"/>
  <testcase name="check[tests10.dat:1546:true]" classname="ch.digitalfondue.jfiveparse.TreeConstructionTest" time="0"/>
  <testcase name="check[tests10.dat:1547:true]" classname="ch.digitalfondue.jfiveparse.TreeConstructionTest" time="0"/>
  <testcase name="check[tests10.dat:1548:true]" classname="ch.digitalfondue.jfiveparse.TreeConstructionTest" time="0"/>
  <testcase name="check[tests10.dat:1549:true]" classname="ch.digitalfondue.jfiveparse.TreeConstructionTest" time="0"/>
  <testcase name="check[tests10.dat:1550:true]" classname="ch.digitalfondue.jfiveparse.TreeConstructionTest" time="0"/>
  <testcase name="check[tests10.dat:1551:true]" classname="ch.digitalfondue.jfiveparse.TreeConstructionTest" time="0"/>
  <testcase name="check[tests10.dat:1552:true]" classname="ch.digitalfondue.jfiveparse.TreeConstructionTest" time="0"/>
  <testcase name="check[tests10.dat:1553:true]" classname="ch.digitalfondue.jfiveparse.TreeConstructionTest" time="0"/>
  <testcase name="check[tests10.dat:1554:true]" classname="ch.digitalfondue.jfiveparse.TreeConstructionTest" time="0"/>
  <testcase name="check[tests10.dat:1555:true]" classname="ch.digitalfondue.jfiveparse.TreeConstructionTest" time="0"/>
  <testcase name="check[tests10.dat:1556:true]" classname="ch.digitalfondue.jfiveparse.TreeConstructionTest" time="0"/>
  <testcase name="check[tests10.dat:1557:true]" classname="ch.digitalfondue.jfiveparse.TreeConstructionTest" time="0"/>
  <testcase name="check[tests10.dat:1558:true]" classname="ch.digitalfondue.jfiveparse.TreeConstructionTest" time="0.001"/>
  <testcase name="check[tests10.dat:1559:true]" classname="ch.digitalfondue.jfiveparse.TreeConstructionTest" time="0"/>
  <testcase name="check[tests11.dat:1560:false]" classname="ch.digitalfondue.jfiveparse.TreeConstructionTest" time="0"/>
  <testcase name="check[tests11.dat:1561:false]" classname="ch.digitalfondue.jfiveparse.TreeConstructionTest" time="0.001"/>
  <testcase name="check[tests11.dat:1562:false]" classname="ch.digitalfondue.jfiveparse.TreeConstructionTest" time="0"/>
  <testcase name="check[tests11.dat:1563:false]" classname="ch.digitalfondue.jfiveparse.TreeConstructionTest" time="0"/>
  <testcase name="check[tests11.dat:1564:false]" classname="ch.digitalfondue.jfiveparse.TreeConstructionTest" time="0"/>
  <testcase name="check[tests11.dat:1565:false]" classname="ch.digitalfondue.jfiveparse.TreeConstructionTest" time="0"/>
  <testcase name="check[tests11.dat:1566:false]" classname="ch.digitalfondue.jfiveparse.TreeConstructionTest" time="0"/>
  <testcase name="check[tests11.dat:1567:false]" classname="ch.digitalfondue.jfiveparse.TreeConstructionTest" time="0"/>
  <testcase name="check[tests11.dat:1568:false]" classname="ch.digitalfondue.jfiveparse.TreeConstructionTest" time="0"/>
  <testcase name="check[tests11.dat:1569:false]" classname="ch.digitalfondue.jfiveparse.TreeConstructionTest" time="0"/>
  <testcase name="check[tests11.dat:1570:false]" classname="ch.digitalfondue.jfiveparse.TreeConstructionTest" time="0"/>
  <testcase name="check[tests11.dat:1571:false]" classname="ch.digitalfondue.jfiveparse.TreeConstructionTest" time="0.001"/>
  <testcase name="check[tests11.dat:1572:false]" classname="ch.digitalfondue.jfiveparse.TreeConstructionTest" time="0"/>
  <testcase name="check[tests11.dat:1573:true]" classname="ch.digitalfondue.jfiveparse.TreeConstructionTest" time="0"/>
  <testcase name="check[tests11.dat:1574:true]" classname="ch.digitalfondue.jfiveparse.TreeConstructionTest" time="0"/>
  <testcase name="check[tests11.dat:1575:true]" classname="ch.digitalfondue.jfiveparse.TreeConstructionTest" time="0.001"/>
  <testcase name="check[tests11.dat:1576:true]" classname="ch.digitalfondue.jfiveparse.TreeConstructionTest" time="0"/>
  <testcase name="check[tests11.dat:1577:true]" classname="ch.digitalfondue.jfiveparse.TreeConstructionTest" time="0"/>
  <testcase name="check[tests11.dat:1578:true]" classname="ch.digitalfondue.jfiveparse.TreeConstructionTest" time="0"/>
  <testcase name="check[tests11.dat:1579:true]" classname="ch.digitalfondue.jfiveparse.TreeConstructionTest" time="0"/>
  <testcase name="check[tests11.dat:1580:true]" classname="ch.digitalfondue.jfiveparse.TreeConstructionTest" time="0.001"/>
  <testcase name="check[tests11.dat:1581:true]" classname="ch.digitalfondue.jfiveparse.TreeConstructionTest" time="0"/>
  <testcase name="check[tests11.dat:1582:true]" classname="ch.digitalfondue.jfiveparse.TreeConstructionTest" time="0"/>
  <testcase name="check[tests11.dat:1583:true]" classname="ch.digitalfondue.jfiveparse.TreeConstructionTest" time="0"/>
  <testcase name="check[tests11.dat:1584:true]" classname="ch.digitalfondue.jfiveparse.TreeConstructionTest" time="0"/>
  <testcase name="check[tests11.dat:1585:true]" classname="ch.digitalfondue.jfiveparse.TreeConstructionTest" time="0"/>
  <testcase name="check[tests12.dat:1586:false]" classname="ch.digitalfondue.jfiveparse.TreeConstructionTest" time="0.001"/>
  <testcase name="check[tests12.dat:1587:false]" classname="ch.digitalfondue.jfiveparse.TreeConstructionTest" time="0"/>
  <testcase name="check[tests12.dat:1588:true]" classname="ch.digitalfondue.jfiveparse.TreeConstructionTest" time="0"/>
  <testcase name="check[tests12.dat:1589:true]" classname="ch.digitalfondue.jfiveparse.TreeConstructionTest" time="0"/>
  <testcase name="check[tests14.dat:1590:false]" classname="ch.digitalfondue.jfiveparse.TreeConstructionTest" time="0"/>
  <testcase name="check[tests14.dat:1591:false]" classname="ch.digitalfondue.jfiveparse.TreeConstructionTest" time="0"/>
  <testcase name="check[tests14.dat:1592:false]" classname="ch.digitalfondue.jfiveparse.TreeConstructionTest" time="0"/>
  <testcase name="check[tests14.dat:1593:false]" classname="ch.digitalfondue.jfiveparse.TreeConstructionTest" time="0"/>
  <testcase name="check[tests14.dat:1594:false]" classname="ch.digitalfondue.jfiveparse.TreeConstructionTest" time="0"/>
  <testcase name="check[tests14.dat:1595:false]" classname="ch.digitalfondue.jfiveparse.TreeConstructionTest" time="0"/>
  <testcase name="check[tests14.dat:1596:false]" classname="ch.digitalfondue.jfiveparse.TreeConstructionTest" time="0"/>
  <testcase name="check[tests14.dat:1597:true]" classname="ch.digitalfondue.jfiveparse.TreeConstructionTest" time="0"/>
  <testcase name="check[tests14.dat:1598:true]" classname="ch.digitalfondue.jfiveparse.TreeConstructionTest" time="0"/>
  <testcase name="check[tests14.dat:1599:true]" classname="ch.digitalfondue.jfiveparse.TreeConstructionTest" time="0"/>
  <testcase name="check[tests14.dat:1600:true]" classname="ch.digitalfondue.jfiveparse.TreeConstructionTest" time="0"/>
  <testcase name="check[tests14.dat:1601:true]" classname="ch.digitalfondue.jfiveparse.TreeConstructionTest" time="0"/>
  <testcase name="check[tests14.dat:1602:true]" classname="ch.digitalfondue.jfiveparse.TreeConstructionTest" time="0"/>
  <testcase name="check[tests14.dat:1603:true]" classname="ch.digitalfondue.jfiveparse.TreeConstructionTest" time="0"/>
  <testcase name="check[tests15.dat:1604:false]" classname="ch.digitalfondue.jfiveparse.TreeConstructionTest" time="0"/>
  <testcase name="check[tests15.dat:1605:false]" classname="ch.digitalfondue.jfiveparse.TreeConstructionTest" time="0"/>
  <testcase name="check[tests15.dat:1606:false]" classname="ch.digitalfondue.jfiveparse.TreeConstructionTest" time="0"/>
  <testcase name="check[tests15.dat:1607:false]" classname="ch.digitalfondue.jfiveparse.TreeConstructionTest" time="0"/>
  <testcase name="check[tests15.dat:1608:false]" classname="ch.digitalfondue.jfiveparse.TreeConstructionTest" time="0"/>
  <testcase name="check[tests15.dat:1609:false]" classname="ch.digitalfondue.jfiveparse.TreeConstructionTest" time="0"/>
  <testcase name="check[tests15.dat:1610:false]" classname="ch.digitalfondue.jfiveparse.TreeConstructionTest" time="0"/>
  <testcase name="check[tests15.dat:1611:false]" classname="ch.digitalfondue.jfiveparse.TreeConstructionTest" time="0"/>
  <testcase name="check[tests15.dat:1612:false]" classname="ch.digitalfondue.jfiveparse.TreeConstructionTest" time="0"/>
  <testcase name="check[tests15.dat:1613:false]" classname="ch.digitalfondue.jfiveparse.TreeConstructionTest" time="0.001"/>
  <testcase name="check[tests15.dat:1614:false]" classname="ch.digitalfondue.jfiveparse.TreeConstructionTest" time="0"/>
  <testcase name="check[tests15.dat:1615:false]" classname="ch.digitalfondue.jfiveparse.TreeConstructionTest" time="0"/>
  <testcase name="check[tests15.dat:1616:false]" classname="ch.digitalfondue.jfiveparse.TreeConstructionTest" time="0"/>
  <testcase name="check[tests15.dat:1617:false]" classname="ch.digitalfondue.jfiveparse.TreeConstructionTest" time="0"/>
  <testcase name="check[tests15.dat:1618:true]" classname="ch.digitalfondue.jfiveparse.TreeConstructionTest" time="0"/>
  <testcase name="check[tests15.dat:1619:true]" classname="ch.digitalfondue.jfiveparse.TreeConstructionTest" time="0"/>
  <testcase name="check[tests15.dat:1620:true]" classname="ch.digitalfondue.jfiveparse.TreeConstructionTest" time="0"/>
  <testcase name="check[tests15.dat:1621:true]" classname="ch.digitalfondue.jfiveparse.TreeConstructionTest" time="0"/>
  <testcase name="check[tests15.dat:1622:true]" classname="ch.digitalfondue.jfiveparse.TreeConstructionTest" time="0"/>
  <testcase name="check[tests15.dat:1623:true]" classname="ch.digitalfondue.jfiveparse.TreeConstructionTest" time="0"/>
  <testcase name="check[tests15.dat:1624:true]" classname="ch.digitalfondue.jfiveparse.TreeConstructionTest" time="0"/>
  <testcase name="check[tests15.dat:1625:true]" classname="ch.digitalfondue.jfiveparse.TreeConstructionTest" time="0"/>
  <testcase name="check[tests15.dat:1626:true]" classname="ch.digitalfondue.jfiveparse.TreeConstructionTest" time="0"/>
  <testcase name="check[tests15.dat:1627:true]" classname="ch.digitalfondue.jfiveparse.TreeConstructionTest" time="0"/>
  <testcase name="check[tests15.dat:1628:true]" classname="ch.digitalfondue.jfiveparse.TreeConstructionTest" time="0.001"/>
  <testcase name="check[tests15.dat:1629:true]" classname="ch.digitalfondue.jfiveparse.TreeConstructionTest" time="0"/>
  <testcase name="check[tests15.dat:1630:true]" classname="ch.digitalfondue.jfiveparse.TreeConstructionTest" time="0"/>
  <testcase name="check[tests15.dat:1631:true]" classname="ch.digitalfondue.jfiveparse.TreeConstructionTest" time="0"/>
  <testcase name="check[tests16.dat:1632:false]" classname="ch.digitalfondue.jfiveparse.TreeConstructionTest" time="0"/>
  <testcase name="check[tests16.dat:1633:false]" classname="ch.digitalfondue.jfiveparse.TreeConstructionTest" time="0"/>
  <testcase name="check[tests16.dat:1634:false]" classname="ch.digitalfondue.jfiveparse.TreeConstructionTest" time="0"/>
  <testcase name="check[tests16.dat:1635:false]" classname="ch.digitalfondue.jfiveparse.TreeConstructionTest" time="0"/>
  <testcase name="check[tests16.dat:1636:false]" classname="ch.digitalfondue.jfiveparse.TreeConstructionTest" time="0"/>
  <testcase name="check[tests16.dat:1637:false]" classname="ch.digitalfondue.jfiveparse.TreeConstructionTest" time="0"/>
  <testcase name="check[tests16.dat:1638:false]" classname="ch.digitalfondue.jfiveparse.TreeConstructionTest" time="0"/>
  <testcase name="check[tests16.dat:1639:false]" classname="ch.digitalfondue.jfiveparse.TreeConstructionTest" time="0"/>
  <testcase name="check[tests16.dat:1640:false]" classname="ch.digitalfondue.jfiveparse.TreeConstructionTest" time="0"/>
  <testcase name="check[tests16.dat:1641:false]" classname="ch.digitalfondue.jfiveparse.TreeConstructionTest" time="0"/>
  <testcase name="check[tests16.dat:1642:false]" classname="ch.digitalfondue.jfiveparse.TreeConstructionTest" time="0"/>
  <testcase name="check[tests16.dat:1643:false]" classname="ch.digitalfondue.jfiveparse.TreeConstructionTest" time="0"/>
  <testcase name="check[tests16.dat:1644:false]" classname="ch.digitalfondue.jfiveparse.TreeConstructionTest" time="0"/>
  <testcase name="check[tests16.dat:1645:false]" classname="ch.digitalfondue.jfiveparse.TreeConstructionTest" time="0.001"/>
  <testcase name="check[tests16.dat:1646:false]" classname="ch.digitalfondue.jfiveparse.TreeConstructionTest" time="0"/>
  <testcase name="check[tests16.dat:1647:false]" classname="ch.digitalfondue.jfiveparse.TreeConstructionTest" time="0"/>
  <testcase name="check[tests16.dat:1648:false]" classname="ch.digitalfondue.jfiveparse.TreeConstructionTest" time="0"/>
  <testcase name="check[tests16.dat:1649:false]" classname="ch.digitalfondue.jfiveparse.TreeConstructionTest" time="0"/>
  <testcase name="check[tests16.dat:1650:false]" classname="ch.digitalfondue.jfiveparse.TreeConstructionTest" time="0"/>
  <testcase name="check[tests16.dat:1651:false]" classname="ch.digitalfondue.jfiveparse.TreeConstructionTest" time="0"/>
  <testcase name="check[tests16.dat:1652:false]" classname="ch.digitalfondue.jfiveparse.TreeConstructionTest" time="0"/>
  <testcase name="check[tests16.dat:1653:false]" classname="ch.digitalfondue.jfiveparse.TreeConstructionTest" time="0"/>
  <testcase name="check[tests16.dat:1654:false]" classname="ch.digitalfondue.jfiveparse.TreeConstructionTest" time="0"/>
  <testcase name="check[tests16.dat:1655:false]" classname="ch.digitalfondue.jfiveparse.TreeConstructionTest" time="0"/>
  <testcase name="check[tests16.dat:1656:false]" classname="ch.digitalfondue.jfiveparse.TreeConstructionTest" time="0"/>
  <testcase name="check[tests16.dat:1657:false]" classname="ch.digitalfondue.jfiveparse.TreeConstructionTest" time="0"/>
  <testcase name="check[tests16.dat:1658:false]" classname="ch.digitalfondue.jfiveparse.TreeConstructionTest" time="0"/>
  <testcase name="check[tests16.dat:1659:false]" classname="ch.digitalfondue.jfiveparse.TreeConstructionTest" time="0"/>
  <testcase name="check[tests16.dat:1660:false]" classname="ch.digitalfondue.jfiveparse.TreeConstructionTest" time="0"/>
  <testcase name="check[tests16.dat:1661:false]" classname="ch.digitalfondue.jfiveparse.TreeConstructionTest" time="0"/>
  <testcase name="check[tests16.dat:1662:false]" classname="ch.digitalfondue.jfiveparse.TreeConstructionTest" time="0"/>
  <testcase name="check[tests16.dat:1663:false]" classname="ch.digitalfondue.jfiveparse.TreeConstructionTest" time="0"/>
  <testcase name="check[tests16.dat:1664:false]" classname="ch.digitalfondue.jfiveparse.TreeConstructionTest" time="0.001"/>
  <testcase name="check[tests16.dat:1665:false]" classname="ch.digitalfondue.jfiveparse.TreeConstructionTest" time="0"/>
  <testcase name="check[tests16.dat:1666:false]" classname="ch.digitalfondue.jfiveparse.TreeConstructionTest" time="0"/>
  <testcase name="check[tests16.dat:1667:false]" classname="ch.digitalfondue.jfiveparse.TreeConstructionTest" time="0"/>
  <testcase name="check[tests16.dat:1668:false]" classname="ch.digitalfondue.jfiveparse.TreeConstructionTest" time="0"/>
  <testcase name="check[tests16.dat:1669:false]" classname="ch.digitalfondue.jfiveparse.TreeConstructionTest" time="0"/>
  <testcase name="check[tests16.dat:1670:false]" classname="ch.digitalfondue.jfiveparse.TreeConstructionTest" time="0"/>
  <testcase name="check[tests16.dat:1671:false]" classname="ch.digitalfondue.jfiveparse.TreeConstructionTest" time="0"/>
  <testcase name="check[tests16.dat:1672:false]" classname="ch.digitalfondue.jfiveparse.TreeConstructionTest" time="0"/>
  <testcase name="check[tests16.dat:1673:false]" classname="ch.digitalfondue.jfiveparse.TreeConstructionTest" time="0"/>
  <testcase name="check[tests16.dat:1674:false]" classname="ch.digitalfondue.jfiveparse.TreeConstructionTest" time="0"/>
  <testcase name="check[tests16.dat:1675:false]" classname="ch.digitalfondue.jfiveparse.TreeConstructionTest" time="0"/>
  <testcase name="check[tests16.dat:1676:false]" classname="ch.digitalfondue.jfiveparse.TreeConstructionTest" time="0"/>
  <testcase name="check[tests16.dat:1677:false]" classname="ch.digitalfondue.jfiveparse.TreeConstructionTest" time="0"/>
  <testcase name="check[tests16.dat:1678:false]" classname="ch.digitalfondue.jfiveparse.TreeConstructionTest" time="0"/>
  <testcase name="check[tests16.dat:1679:false]" classname="ch.digitalfondue.jfiveparse.TreeConstructionTest" time="0"/>
  <testcase name="check[tests16.dat:1680:false]" classname="ch.digitalfondue.jfiveparse.TreeConstructionTest" time="0"/>
  <testcase name="check[tests16.dat:1681:false]" classname="ch.digitalfondue.jfiveparse.TreeConstructionTest" time="0"/>
  <testcase name="check[tests16.dat:1682:false]" classname="ch.digitalfondue.jfiveparse.TreeConstructionTest" time="0.001"/>
  <testcase name="check[tests16.dat:1683:false]" classname="ch.digitalfondue.jfiveparse.TreeConstructionTest" time="0"/>
  <testcase name="check[tests16.dat:1684:false]" classname="ch.digitalfondue.jfiveparse.TreeConstructionTest" time="0"/>
  <testcase name="check[tests16.dat:1685:false]" classname="ch.digitalfondue.jfiveparse.TreeConstructionTest" time="0"/>
  <testcase name="check[tests16.dat:1686:false]" classname="ch.digitalfondue.jfiveparse.TreeConstructionTest" time="0"/>
  <testcase name="check[tests16.dat:1687:false]" classname="ch.digitalfondue.jfiveparse.TreeConstructionTest" time="0"/>
  <testcase name="check[tests16.dat:1688:false]" classname="ch.digitalfondue.jfiveparse.TreeConstructionTest" time="0"/>
  <testcase name="check[tests16.dat:1689:false]" classname="ch.digitalfondue.jfiveparse.TreeConstructionTest" time="0"/>
  <testcase name="check[tests16.dat:1690:false]" classname="ch.digitalfondue.jfiveparse.TreeConstructionTest" time="0"/>
  <testcase name="check[tests16.dat:1691:false]" classname="ch.digitalfondue.jfiveparse.TreeConstructionTest" time="0"/>
  <testcase name="check[tests16.dat:1692:false]" classname="ch.digitalfondue.jfiveparse.TreeConstructionTest" time="0"/>
  <testcase name="check[tests16.dat:1693:false]" classname="ch.digitalfondue.jfiveparse.TreeConstructionTest" time="0"/>
  <testcase name="check[tests16.dat:1694:false]" classname="ch.digitalfondue.jfiveparse.TreeConstructionTest" time="0"/>
  <testcase name="check[tests16.dat:1695:false]" classname="ch.digitalfondue.jfiveparse.TreeConstructionTest" time="0"/>
  <testcase name="check[tests16.dat:1696:false]" classname="ch.digitalfondue.jfiveparse.TreeConstructionTest" time="0"/>
  <testcase name="check[tests16.dat:1697:false]" classname="ch.digitalfondue.jfiveparse.TreeConstructionTest" time="0"/>
  <testcase name="check[tests16.dat:1698:false]" classname="ch.digitalfondue.jfiveparse.TreeConstructionTest" time="0"/>
  <testcase name="check[tests16.dat:1699:false]" classname="ch.digitalfondue.jfiveparse.TreeConstructionTest" time="0.001"/>
  <testcase name="check[tests16.dat:1700:false]" classname="ch.digitalfondue.jfiveparse.TreeConstructionTest" time="0"/>
  <testcase name="check[tests16.dat:1701:false]" classname="ch.digitalfondue.jfiveparse.TreeConstructionTest" time="0"/>
  <testcase name="check[tests16.dat:1702:false]" classname="ch.digitalfondue.jfiveparse.TreeConstructionTest" time="0"/>
  <testcase name="check[tests16.dat:1703:false]" classname="ch.digitalfondue.jfiveparse.TreeConstructionTest" time="0"/>
  <testcase name="check[tests16.dat:1704:false]" classname="ch.digitalfondue.jfiveparse.TreeConstructionTest" time="0"/>
  <testcase name="check[tests16.dat:1705:false]" classname="ch.digitalfondue.jfiveparse.TreeConstructionTest" time="0"/>
  <testcase name="check[tests16.dat:1706:false]" classname="ch.digitalfondue.jfiveparse.TreeConstructionTest" time="0"/>
  <testcase name="check[tests16.dat:1707:false]" classname="ch.digitalfondue.jfiveparse.TreeConstructionTest" time="0"/>
  <testcase name="check[tests16.dat:1708:false]" classname="ch.digitalfondue.jfiveparse.TreeConstructionTest" time="0"/>
  <testcase name="check[tests16.dat:1709:false]" classname="ch.digitalfondue.jfiveparse.TreeConstructionTest" time="0"/>
  <testcase name="check[tests16.dat:1710:false]" classname="ch.digitalfondue.jfiveparse.TreeConstructionTest" time="0"/>
  <testcase name="check[tests16.dat:1711:false]" classname="ch.digitalfondue.jfiveparse.TreeConstructionTest" time="0"/>
  <testcase name="check[tests16.dat:1712:false]" classname="ch.digitalfondue.jfiveparse.TreeConstructionTest" time="0"/>
  <testcase name="check[tests16.dat:1713:false]" classname="ch.digitalfondue.jfiveparse.TreeConstructionTest" time="0.001"/>
  <testcase name="check[tests16.dat:1714:false]" classname="ch.digitalfondue.jfiveparse.TreeConstructionTest" time="0"/>
  <testcase name="check[tests16.dat:1715:false]" classname="ch.digitalfondue.jfiveparse.TreeConstructionTest" time="0"/>
  <testcase name="check[tests16.dat:1716:false]" classname="ch.digitalfondue.jfiveparse.TreeConstructionTest" time="0"/>
  <testcase name="check[tests16.dat:1717:false]" classname="ch.digitalfondue.jfiveparse.TreeConstructionTest" time="0"/>
  <testcase name="check[tests16.dat:1718:false]" classname="ch.digitalfondue.jfiveparse.TreeConstructionTest" time="0"/>
  <testcase name="check[tests16.dat:1719:false]" classname="ch.digitalfondue.jfiveparse.TreeConstructionTest" time="0"/>
  <testcase name="check[tests16.dat:1720:false]" classname="ch.digitalfondue.jfiveparse.TreeConstructionTest" time="0"/>
  <testcase name="check[tests16.dat:1721:false]" classname="ch.digitalfondue.jfiveparse.TreeConstructionTest" time="0"/>
  <testcase name="check[tests16.dat:1722:false]" classname="ch.digitalfondue.jfiveparse.TreeConstructionTest" time="0"/>
  <testcase name="check[tests16.dat:1723:false]" classname="ch.digitalfondue.jfiveparse.TreeConstructionTest" time="0"/>
  <testcase name="check[tests16.dat:1724:false]" classname="ch.digitalfondue.jfiveparse.TreeConstructionTest" time="0"/>
  <testcase name="check[tests16.dat:1725:false]" classname="ch.digitalfondue.jfiveparse.TreeConstructionTest" time="0"/>
  <testcase name="check[tests16.dat:1726:false]" classname="ch.digitalfondue.jfiveparse.TreeConstructionTest" time="0.001"/>
  <testcase name="check[tests16.dat:1727:false]" classname="ch.digitalfondue.jfiveparse.TreeConstructionTest" time="0"/>
  <testcase name="check[tests16.dat:1728:false]" classname="ch.digitalfondue.jfiveparse.TreeConstructionTest" time="0"/>
  <testcase name="check[tests16.dat:1729:false]" classname="ch.digitalfondue.jfiveparse.TreeConstructionTest" time="0"/>
  <testcase name="check[tests16.dat:1730:false]" classname="ch.digitalfondue.jfiveparse.TreeConstructionTest" time="0"/>
  <testcase name="check[tests16.dat:1731:false]" classname="ch.digitalfondue.jfiveparse.TreeConstructionTest" time="0"/>
  <testcase name="check[tests16.dat:1732:false]" classname="ch.digitalfondue.jfiveparse.TreeConstructionTest" time="0"/>
  <testcase name="check[tests16.dat:1733:false]" classname="ch.digitalfondue.jfiveparse.TreeConstructionTest" time="0"/>
  <testcase name="check[tests16.dat:1734:false]" classname="ch.digitalfondue.jfiveparse.TreeConstructionTest" time="0"/>
  <testcase name="check[tests16.dat:1735:false]" classname="ch.digitalfondue.jfiveparse.TreeConstructionTest" time="0"/>
  <testcase name="check[tests16.dat:1736:false]" classname="ch.digitalfondue.jfiveparse.TreeConstructionTest" time="0"/>
  <testcase name="check[tests16.dat:1737:false]" classname="ch.digitalfondue.jfiveparse.TreeConstructionTest" time="0"/>
  <testcase name="check[tests16.dat:1738:false]" classname="ch.digitalfondue.jfiveparse.TreeConstructionTest" time="0"/>
  <testcase name="check[tests16.dat:1739:false]" classname="ch.digitalfondue.jfiveparse.TreeConstructionTest" time="0"/>
  <testcase name="check[tests16.dat:1740:false]" classname="ch.digitalfondue.jfiveparse.TreeConstructionTest" time="0"/>
  <testcase name="check[tests16.dat:1741:false]" classname="ch.digitalfondue.jfiveparse.TreeConstructionTest" time="0"/>
  <testcase name="check[tests16.dat:1742:false]" classname="ch.digitalfondue.jfiveparse.TreeConstructionTest" time="0"/>
  <testcase name="check[tests16.dat:1743:false]" classname="ch.digitalfondue.jfiveparse.TreeConstructionTest" time="0"/>
  <testcase name="check[tests16.dat:1744:false]" classname="ch.digitalfondue.jfiveparse.TreeConstructionTest" time="0"/>
  <testcase name="check[tests16.dat:1745:false]" classname="ch.digitalfondue.jfiveparse.TreeConstructionTest" time="0.001"/>
  <testcase name="check[tests16.dat:1746:false]" classname="ch.digitalfondue.jfiveparse.TreeConstructionTest" time="0"/>
  <testcase name="check[tests16.dat:1747:false]" classname="ch.digitalfondue.jfiveparse.TreeConstructionTest" time="0"/>
  <testcase name="check[tests16.dat:1748:false]" classname="ch.digitalfondue.jfiveparse.TreeConstructionTest" time="0"/>
  <testcase name="check[tests16.dat:1749:false]" classname="ch.digitalfondue.jfiveparse.TreeConstructionTest" time="0"/>
  <testcase name="check[tests16.dat:1750:false]" classname="ch.digitalfondue.jfiveparse.TreeConstructionTest" time="0"/>
  <testcase name="check[tests16.dat:1751:false]" classname="ch.digitalfondue.jfiveparse.TreeConstructionTest" time="0"/>
  <testcase name="check[tests16.dat:1752:false]" classname="ch.digitalfondue.jfiveparse.TreeConstructionTest" time="0"/>
  <testcase name="check[tests16.dat:1753:false]" classname="ch.digitalfondue.jfiveparse.TreeConstructionTest" time="0"/>
  <testcase name="check[tests16.dat:1754:false]" classname="ch.digitalfondue.jfiveparse.TreeConstructionTest" time="0"/>
  <testcase name="check[tests16.dat:1755:false]" classname="ch.digitalfondue.jfiveparse.TreeConstructionTest" time="0"/>
  <testcase name="check[tests16.dat:1756:false]" classname="ch.digitalfondue.jfiveparse.TreeConstructionTest" time="0"/>
  <testcase name="check[tests16.dat:1757:false]" classname="ch.digitalfondue.jfiveparse.TreeConstructionTest" time="0"/>
  <testcase name="check[tests16.dat:1758:false]" classname="ch.digitalfondue.jfiveparse.TreeConstructionTest" time="0"/>
  <testcase name="check[tests16.dat:1759:false]" classname="ch.digitalfondue.jfiveparse.TreeConstructionTest" time="0"/>
  <testcase name="check[tests16.dat:1760:false]" classname="ch.digitalfondue.jfiveparse.TreeConstructionTest" time="0"/>
  <testcase name="check[tests16.dat:1761:false]" classname="ch.digitalfondue.jfiveparse.TreeConstructionTest" time="0"/>
  <testcase name="check[tests16.dat:1762:false]" classname="ch.digitalfondue.jfiveparse.TreeConstructionTest" time="0"/>
  <testcase name="check[tests16.dat:1763:false]" classname="ch.digitalfondue.jfiveparse.TreeConstructionTest" time="0"/>
  <testcase name="check[tests16.dat:1764:false]" classname="ch.digitalfondue.jfiveparse.TreeConstructionTest" time="0"/>
  <testcase name="check[tests16.dat:1765:false]" classname="ch.digitalfondue.jfiveparse.TreeConstructionTest" time="0"/>
  <testcase name="check[tests16.dat:1766:false]" classname="ch.digitalfondue.jfiveparse.TreeConstructionTest" time="0.001"/>
  <testcase name="check[tests16.dat:1767:false]" classname="ch.digitalfondue.jfiveparse.TreeConstructionTest" time="0"/>
  <testcase name="check[tests16.dat:1768:false]" classname="ch.digitalfondue.jfiveparse.TreeConstructionTest" time="0"/>
  <testcase name="check[tests16.dat:1769:false]" classname="ch.digitalfondue.jfiveparse.TreeConstructionTest" time="0"/>
  <testcase name="check[tests16.dat:1770:false]" classname="ch.digitalfondue.jfiveparse.TreeConstructionTest" time="0"/>
  <testcase name="check[tests16.dat:1771:false]" classname="ch.digitalfondue.jfiveparse.TreeConstructionTest" time="0"/>
  <testcase name="check[tests16.dat:1772:false]" classname="ch.digitalfondue.jfiveparse.TreeConstructionTest" time="0"/>
  <testcase name="check[tests16.dat:1773:false]" classname="ch.digitalfondue.jfiveparse.TreeConstructionTest" time="0"/>
  <testcase name="check[tests16.dat:1774:false]" classname="ch.digitalfondue.jfiveparse.TreeConstructionTest" time="0"/>
  <testcase name="check[tests16.dat:1775:false]" classname="ch.digitalfondue.jfiveparse.TreeConstructionTest" time="0"/>
  <testcase name="check[tests16.dat:1776:false]" classname="ch.digitalfondue.jfiveparse.TreeConstructionTest" time="0"/>
  <testcase name="check[tests16.dat:1777:false]" classname="ch.digitalfondue.jfiveparse.TreeConstructionTest" time="0"/>
  <testcase name="check[tests16.dat:1778:false]" classname="ch.digitalfondue.jfiveparse.TreeConstructionTest" time="0"/>
  <testcase name="check[tests16.dat:1779:false]" classname="ch.digitalfondue.jfiveparse.TreeConstructionTest" time="0"/>
  <testcase name="check[tests16.dat:1780:false]" classname="ch.digitalfondue.jfiveparse.TreeConstructionTest" time="0"/>
  <testcase name="check[tests16.dat:1781:false]" classname="ch.digitalfondue.jfiveparse.TreeConstructionTest" time="0"/>
  <testcase name="check[tests16.dat:1782:false]" classname="ch.digitalfondue.jfiveparse.TreeConstructionTest" time="0"/>
  <testcase name="check[tests16.dat:1783:false]" classname="ch.digitalfondue.jfiveparse.TreeConstructionTest" time="0"/>
  <testcase name="check[tests16.dat:1784:false]" classname="ch.digitalfondue.jfiveparse.TreeConstructionTest" time="0"/>
  <testcase name="check[tests16.dat:1785:false]" classname="ch.digitalfondue.jfiveparse.TreeConstructionTest" time="0.001"/>
  <testcase name="check[tests16.dat:1786:false]" classname="ch.digitalfondue.jfiveparse.TreeConstructionTest" time="0"/>
  <testcase name="check[tests16.dat:1787:false]" classname="ch.digitalfondue.jfiveparse.TreeConstructionTest" time="0"/>
  <testcase name="check[tests16.dat:1788:false]" classname="ch.digitalfondue.jfiveparse.TreeConstructionTest" time="0"/>
  <testcase name="check[tests16.dat:1789:false]" classname="ch.digitalfondue.jfiveparse.TreeConstructionTest" time="0"/>
  <testcase name="check[tests16.dat:1790:false]" classname="ch.digitalfondue.jfiveparse.TreeConstructionTest" time="0"/>
  <testcase name="check[tests16.dat:1791:false]" classname="ch.digitalfondue.jfiveparse.TreeConstructionTest" time="0"/>
  <testcase name="check[tests16.dat:1792:false]" classname="ch.digitalfondue.jfiveparse.TreeConstructionTest" time="0"/>
  <testcase name="check[tests16.dat:1793:false]" classname="ch.digitalfondue.jfiveparse.TreeConstructionTest" time="0"/>
  <testcase name="check[tests16.dat:1794:false]" classname="ch.digitalfondue.jfiveparse.TreeConstructionTest" time="0"/>
  <testcase name="check[tests16.dat:1795:false]" classname="ch.digitalfondue.jfiveparse.TreeConstructionTest" time="0"/>
  <testcase name="check[tests16.dat:1796:false]" classname="ch.digitalfondue.jfiveparse.TreeConstructionTest" time="0"/>
  <testcase name="check[tests16.dat:1797:false]" classname="ch.digitalfondue.jfiveparse.TreeConstructionTest" time="0"/>
  <testcase name="check[tests16.dat:1798:false]" classname="ch.digitalfondue.jfiveparse.TreeConstructionTest" time="0"/>
  <testcase name="check[tests16.dat:1799:false]" classname="ch.digitalfondue.jfiveparse.TreeConstructionTest" time="0"/>
  <testcase name="check[tests16.dat:1800:false]" classname="ch.digitalfondue.jfiveparse.TreeConstructionTest" time="0"/>
  <testcase name="check[tests16.dat:1801:false]" classname="ch.digitalfondue.jfiveparse.TreeConstructionTest" time="0.001"/>
  <testcase name="check[tests16.dat:1802:false]" classname="ch.digitalfondue.jfiveparse.TreeConstructionTest" time="0"/>
  <testcase name="check[tests16.dat:1803:false]" classname="ch.digitalfondue.jfiveparse.TreeConstructionTest" time="0"/>
  <testcase name="check[tests16.dat:1804:false]" classname="ch.digitalfondue.jfiveparse.TreeConstructionTest" time="0"/>
  <testcase name="check[tests16.dat:1805:false]" classname="ch.digitalfondue.jfiveparse.TreeConstructionTest" time="0"/>
  <testcase name="check[tests16.dat:1806:false]" classname="ch.digitalfondue.jfiveparse.TreeConstructionTest" time="0"/>
  <testcase name="check[tests16.dat:1807:false]" classname="ch.digitalfondue.jfiveparse.TreeConstructionTest" time="0"/>
  <testcase name="check[tests16.dat:1808:false]" classname="ch.digitalfondue.jfiveparse.TreeConstructionTest" time="0"/>
  <testcase name="check[tests16.dat:1809:false]" classname="ch.digitalfondue.jfiveparse.TreeConstructionTest" time="0"/>
  <testcase name="check[tests16.dat:1810:false]" classname="ch.digitalfondue.jfiveparse.TreeConstructionTest" time="0"/>
  <testcase name="check[tests16.dat:1811:false]" classname="ch.digitalfondue.jfiveparse.TreeConstructionTest" time="0"/>
  <testcase name="check[tests16.dat:1812:false]" classname="ch.digitalfondue.jfiveparse.TreeConstructionTest" time="0"/>
  <testcase name="check[tests16.dat:1813:false]" classname="ch.digitalfondue.jfiveparse.TreeConstructionTest" time="0"/>
  <testcase name="check[tests16.dat:1814:false]" classname="ch.digitalfondue.jfiveparse.TreeConstructionTest" time="0"/>
  <testcase name="check[tests16.dat:1815:false]" classname="ch.digitalfondue.jfiveparse.TreeConstructionTest" time="0"/>
  <testcase name="check[tests16.dat:1816:false]" classname="ch.digitalfondue.jfiveparse.TreeConstructionTest" time="0"/>
  <testcase name="check[tests16.dat:1817:false]" classname="ch.digitalfondue.jfiveparse.TreeConstructionTest" time="0.001"/>
  <testcase name="check[tests16.dat:1818:false]" classname="ch.digitalfondue.jfiveparse.TreeConstructionTest" time="0"/>
  <testcase name="check[tests16.dat:1819:false]" classname="ch.digitalfondue.jfiveparse.TreeConstructionTest" time="0"/>
  <testcase name="check[tests16.dat:1820:false]" classname="ch.digitalfondue.jfiveparse.TreeConstructionTest" time="0"/>
  <testcase name="check[tests16.dat:1821:false]" classname="ch.digitalfondue.jfiveparse.TreeConstructionTest" time="0"/>
  <testcase name="check[tests16.dat:1822:false]" classname="ch.digitalfondue.jfiveparse.TreeConstructionTest" time="0"/>
  <testcase name="check[tests16.dat:1823:true]" classname="ch.digitalfondue.jfiveparse.TreeConstructionTest" time="0"/>
  <testcase name="check[tests16.dat:1824:true]" classname="ch.digitalfondue.jfiveparse.TreeConstructionTest" time="0"/>
  <testcase name="check[tests16.dat:1825:true]" classname="ch.digitalfondue.jfiveparse.TreeConstructionTest" time="0"/>
  <testcase name="check[tests16.dat:1826:true]" classname="ch.digitalfondue.jfiveparse.TreeConstructionTest" time="0"/>
  <testcase name="check[tests16.dat:1827:true]" classname="ch.digitalfondue.jfiveparse.TreeConstructionTest" time="0"/>
  <testcase name="check[tests16.dat:1828:true]" classname="ch.digitalfondue.jfiveparse.TreeConstructionTest" time="0"/>
  <testcase name="check[tests16.dat:1829:true]" classname="ch.digitalfondue.jfiveparse.TreeConstructionTest" time="0"/>
  <testcase name="check[tests16.dat:1830:true]" classname="ch.digitalfondue.jfiveparse.TreeConstructionTest" time="0"/>
  <testcase name="check[tests16.dat:1831:true]" classname="ch.digitalfondue.jfiveparse.TreeConstructionTest" time="0"/>
  <testcase name="check[tests16.dat:1832:true]" classname="ch.digitalfondue.jfiveparse.TreeConstructionTest" time="0"/>
  <testcase name="check[tests16.dat:1833:true]" classname="ch.digitalfondue.jfiveparse.TreeConstructionTest" time="0"/>
  <testcase name="check[tests16.dat:1834:true]" classname="ch.digitalfondue.jfiveparse.TreeConstructionTest" time="0"/>
  <testcase name="check[tests16.dat:1835:true]" classname="ch.digitalfondue.jfiveparse.TreeConstructionTest" time="0"/>
  <testcase name="check[tests16.dat:1836:true]" classname="ch.digitalfondue.jfiveparse.TreeConstructionTest" time="0"/>
  <testcase name="check[tests16.dat:1837:true]" classname="ch.digitalfondue.jfiveparse.TreeConstructionTest" time="0.001"/>
  <testcase name="check[tests16.dat:1838:true]" classname="ch.digitalfondue.jfiveparse.TreeConstructionTest" time="0"/>
  <testcase name="check[tests16.dat:1839:true]" classname="ch.digitalfondue.jfiveparse.TreeConstructionTest" time="0"/>
  <testcase name="check[tests16.dat:1840:true]" classname="ch.digitalfondue.jfiveparse.TreeConstructionTest" time="0"/>
  <testcase name="check[tests16.dat:1841:true]" classname="ch.digitalfondue.jfiveparse.TreeConstructionTest" time="0"/>
  <testcase name="check[tests16.dat:1842:true]" classname="ch.digitalfondue.jfiveparse.TreeConstructionTest" time="0"/>
  <testcase name="check[tests16.dat:1843:true]" classname="ch.digitalfondue.jfiveparse.TreeConstructionTest" time="0"/>
  <testcase name="check[tests16.dat:1844:true]" classname="ch.digitalfondue.jfiveparse.TreeConstructionTest" time="0"/>
  <testcase name="check[tests16.dat:1845:true]" classname="ch.digitalfondue.jfiveparse.TreeConstructionTest" time="0"/>
  <testcase name="check[tests16.dat:1846:true]" classname="ch.digitalfondue.jfiveparse.TreeConstructionTest" time="0"/>
  <testcase name="check[tests16.dat:1847:true]" classname="ch.digitalfondue.jfiveparse.TreeConstructionTest" time="0"/>
  <testcase name="check[tests16.dat:1848:true]" classname="ch.digitalfondue.jfiveparse.TreeConstructionTest" time="0"/>
  <testcase name="check[tests16.dat:1849:true]" classname="ch.digitalfondue.jfiveparse.TreeConstructionTest" time="0"/>
  <testcase name="check[tests16.dat:1850:true]" classname="ch.digitalfondue.jfiveparse.TreeConstructionTest" time="0"/>
  <testcase name="check[tests16.dat:1851:true]" classname="ch.digitalfondue.jfiveparse.TreeConstructionTest" time="0"/>
  <testcase name="check[tests16.dat:1852:true]" classname="ch.digitalfondue.jfiveparse.TreeConstructionTest" time="0"/>
  <testcase name="check[tests16.dat:1853:true]" classname="ch.digitalfondue.jfiveparse.TreeConstructionTest" time="0"/>
  <testcase name="check[tests16.dat:1854:true]" classname="ch.digitalfondue.jfiveparse.TreeConstructionTest" time="0"/>
  <testcase name="check[tests16.dat:1855:true]" classname="ch.digitalfondue.jfiveparse.TreeConstructionTest" time="0"/>
  <testcase name="check[tests16.dat:1856:true]" classname="ch.digitalfondue.jfiveparse.TreeConstructionTest" time="0"/>
  <testcase name="check[tests16.dat:1857:true]" classname="ch.digitalfondue.jfiveparse.TreeConstructionTest" time="0"/>
  <testcase name="check[tests16.dat:1858:true]" classname="ch.digitalfondue.jfiveparse.TreeConstructionTest" time="0.001"/>
  <testcase name="check[tests16.dat:1859:true]" classname="ch.digitalfondue.jfiveparse.TreeConstructionTest" time="0"/>
  <testcase name="check[tests16.dat:1860:true]" classname="ch.digitalfondue.jfiveparse.TreeConstructionTest" time="0"/>
  <testcase name="check[tests16.dat:1861:true]" classname="ch.digitalfondue.jfiveparse.TreeConstructionTest" time="0"/>
  <testcase name="check[tests16.dat:1862:true]" classname="ch.digitalfondue.jfiveparse.TreeConstructionTest" time="0"/>
  <testcase name="check[tests16.dat:1863:true]" classname="ch.digitalfondue.jfiveparse.TreeConstructionTest" time="0"/>
  <testcase name="check[tests16.dat:1864:true]" classname="ch.digitalfondue.jfiveparse.TreeConstructionTest" time="0"/>
  <testcase name="check[tests16.dat:1865:true]" classname="ch.digitalfondue.jfiveparse.TreeConstructionTest" time="0"/>
  <testcase name="check[tests16.dat:1866:true]" classname="ch.digitalfondue.jfiveparse.TreeConstructionTest" time="0"/>
  <testcase name="check[tests16.dat:1867:true]" classname="ch.digitalfondue.jfiveparse.TreeConstructionTest" time="0"/>
  <testcase name="check[tests16.dat:1868:true]" classname="ch.digitalfondue.jfiveparse.TreeConstructionTest" time="0"/>
  <testcase name="check[tests16.dat:1869:true]" classname="ch.digitalfondue.jfiveparse.TreeConstructionTest" time="0"/>
  <testcase name="check[tests16.dat:1870:true]" classname="ch.digitalfondue.jfiveparse.TreeConstructionTest" time="0"/>
  <testcase name="check[tests16.dat:1871:true]" classname="ch.digitalfondue.jfiveparse.TreeConstructionTest" time="0"/>
  <testcase name="check[tests16.dat:1872:true]" classname="ch.digitalfondue.jfiveparse.TreeConstructionTest" time="0"/>
  <testcase name="check[tests16.dat:1873:true]" classname="ch.digitalfondue.jfiveparse.TreeConstructionTest" time="0"/>
  <testcase name="check[tests16.dat:1874:true]" classname="ch.digitalfondue.jfiveparse.TreeConstructionTest" time="0"/>
  <testcase name="check[tests16.dat:1875:true]" classname="ch.digitalfondue.jfiveparse.TreeConstructionTest" time="0"/>
  <testcase name="check[tests16.dat:1876:true]" classname="ch.digitalfondue.jfiveparse.TreeConstructionTest" time="0"/>
  <testcase name="check[tests16.dat:1877:true]" classname="ch.digitalfondue.jfiveparse.TreeConstructionTest" time="0"/>
  <testcase name="check[tests16.dat:1878:true]" classname="ch.digitalfondue.jfiveparse.TreeConstructionTest" time="0"/>
  <testcase name="check[tests16.dat:1879:true]" classname="ch.digitalfondue.jfiveparse.TreeConstructionTest" time="0"/>
  <testcase name="check[tests16.dat:1880:true]" classname="ch.digitalfondue.jfiveparse.TreeConstructionTest" time="0"/>
  <testcase name="check[tests16.dat:1881:true]" classname="ch.digitalfondue.jfiveparse.TreeConstructionTest" time="0"/>
  <testcase name="check[tests16.dat:1882:true]" classname="ch.digitalfondue.jfiveparse.TreeConstructionTest" time="0"/>
  <testcase name="check[tests16.dat:1883:true]" classname="ch.digitalfondue.jfiveparse.TreeConstructionTest" time="0"/>
  <testcase name="check[tests16.dat:1884:true]" classname="ch.digitalfondue.jfiveparse.TreeConstructionTest" time="0"/>
  <testcase name="check[tests16.dat:1885:true]" classname="ch.digitalfondue.jfiveparse.TreeConstructionTest" time="0"/>
  <testcase name="check[tests16.dat:1886:true]" classname="ch.digitalfondue.jfiveparse.TreeConstructionTest" time="0"/>
  <testcase name="check[tests16.dat:1887:true]" classname="ch.digitalfondue.jfiveparse.TreeConstructionTest" time="0"/>
  <testcase name="check[tests16.dat:1888:true]" classname="ch.digitalfondue.jfiveparse.TreeConstructionTest" time="0"/>
  <testcase name="check[tests16.dat:1889:true]" classname="ch.digitalfondue.jfiveparse.TreeConstructionTest" time="0"/>
  <testcase name="check[tests16.dat:1890:true]" classname="ch.digitalfondue.jfiveparse.TreeConstructionTest" time="0"/>
  <testcase name="check[tests16.dat:1891:true]" classname="ch.digitalfondue.jfiveparse.TreeConstructionTest" time="0.001"/>
  <testcase name="check[tests16.dat:1892:true]" classname="ch.digitalfondue.jfiveparse.TreeConstructionTest" time="0"/>
  <testcase name="check[tests16.dat:1893:true]" classname="ch.digitalfondue.jfiveparse.TreeConstructionTest" time="0"/>
  <testcase name="check[tests16.dat:1894:true]" classname="ch.digitalfondue.jfiveparse.TreeConstructionTest" time="0"/>
  <testcase name="check[tests16.dat:1895:true]" classname="ch.digitalfondue.jfiveparse.TreeConstructionTest" time="0"/>
  <testcase name="check[tests16.dat:1896:true]" classname="ch.digitalfondue.jfiveparse.TreeConstructionTest" time="0"/>
  <testcase name="check[tests16.dat:1897:true]" classname="ch.digitalfondue.jfiveparse.TreeConstructionTest" time="0"/>
  <testcase name="check[tests16.dat:1898:true]" classname="ch.digitalfondue.jfiveparse.TreeConstructionTest" time="0"/>
  <testcase name="check[tests16.dat:1899:true]" classname="ch.digitalfondue.jfiveparse.TreeConstructionTest" time="0"/>
  <testcase name="check[tests16.dat:1900:true]" classname="ch.digitalfondue.jfiveparse.TreeConstructionTest" time="0"/>
  <testcase name="check[tests16.dat:1901:true]" classname="ch.digitalfondue.jfiveparse.TreeConstructionTest" time="0"/>
  <testcase name="check[tests16.dat:1902:true]" classname="ch.digitalfondue.jfiveparse.TreeConstructionTest" time="0"/>
  <testcase name="check[tests16.dat:1903:true]" classname="ch.digitalfondue.jfiveparse.TreeConstructionTest" time="0"/>
  <testcase name="check[tests16.dat:1904:true]" classname="ch.digitalfondue.jfiveparse.TreeConstructionTest" time="0"/>
  <testcase name="check[tests16.dat:1905:true]" classname="ch.digitalfondue.jfiveparse.TreeConstructionTest" time="0"/>
  <testcase name="check[tests16.dat:1906:true]" classname="ch.digitalfondue.jfiveparse.TreeConstructionTest" time="0"/>
  <testcase name="check[tests16.dat:1907:true]" classname="ch.digitalfondue.jfiveparse.TreeConstructionTest" time="0.001"/>
  <testcase name="check[tests16.dat:1908:true]" classname="ch.digitalfondue.jfiveparse.TreeConstructionTest" time="0"/>
  <testcase name="check[tests16.dat:1909:true]" classname="ch.digitalfondue.jfiveparse.TreeConstructionTest" time="0"/>
  <testcase name="check[tests16.dat:1910:true]" classname="ch.digitalfondue.jfiveparse.TreeConstructionTest" time="0"/>
  <testcase name="check[tests16.dat:1911:true]" classname="ch.digitalfondue.jfiveparse.TreeConstructionTest" time="0"/>
  <testcase name="check[tests16.dat:1912:true]" classname="ch.digitalfondue.jfiveparse.TreeConstructionTest" time="0"/>
  <testcase name="check[tests16.dat:1913:true]" classname="ch.digitalfondue.jfiveparse.TreeConstructionTest" time="0"/>
  <testcase name="check[tests16.dat:1914:true]" classname="ch.digitalfondue.jfiveparse.TreeConstructionTest" time="0"/>
  <testcase name="check[tests16.dat:1915:true]" classname="ch.digitalfondue.jfiveparse.TreeConstructionTest" time="0"/>
  <testcase name="check[tests16.dat:1916:true]" classname="ch.digitalfondue.jfiveparse.TreeConstructionTest" time="0"/>
  <testcase name="check[tests16.dat:1917:true]" classname="ch.digitalfondue.jfiveparse.TreeConstructionTest" time="0"/>
  <testcase name="check[tests16.dat:1918:true]" classname="ch.digitalfondue.jfiveparse.TreeConstructionTest" time="0"/>
  <testcase name="check[tests16.dat:1919:true]" classname="ch.digitalfondue.jfiveparse.TreeConstructionTest" time="0"/>
  <testcase name="check[tests16.dat:1920:true]" classname="ch.digitalfondue.jfiveparse.TreeConstructionTest" time="0"/>
  <testcase name="check[tests16.dat:1921:true]" classname="ch.digitalfondue.jfiveparse.TreeConstructionTest" time="0"/>
  <testcase name="check[tests16.dat:1922:true]" classname="ch.digitalfondue.jfiveparse.TreeConstructionTest" time="0"/>
  <testcase name="check[tests16.dat:1923:true]" classname="ch.digitalfondue.jfiveparse.TreeConstructionTest" time="0"/>
  <testcase name="check[tests16.dat:1924:true]" classname="ch.digitalfondue.jfiveparse.TreeConstructionTest" time="0"/>
  <testcase name="check[tests16.dat:1925:true]" classname="ch.digitalfondue.jfiveparse.TreeConstructionTest" time="0"/>
  <testcase name="check[tests16.dat:1926:true]" classname="ch.digitalfondue.jfiveparse.TreeConstructionTest" time="0.001"/>
  <testcase name="check[tests16.dat:1927:true]" classname="ch.digitalfondue.jfiveparse.TreeConstructionTest" time="0"/>
  <testcase name="check[tests16.dat:1928:true]" classname="ch.digitalfondue.jfiveparse.TreeConstructionTest" time="0"/>
  <testcase name="check[tests16.dat:1929:true]" classname="ch.digitalfondue.jfiveparse.TreeConstructionTest" time="0"/>
  <testcase name="check[tests16.dat:1930:true]" classname="ch.digitalfondue.jfiveparse.TreeConstructionTest" time="0"/>
  <testcase name="check[tests16.dat:1931:true]" classname="ch.digitalfondue.jfiveparse.TreeConstructionTest" time="0"/>
  <testcase name="check[tests16.dat:1932:true]" classname="ch.digitalfondue.jfiveparse.TreeConstructionTest" time="0"/>
  <testcase name="check[tests16.dat:1933:true]" classname="ch.digitalfondue.jfiveparse.TreeConstructionTest" time="0"/>
  <testcase name="check[tests16.dat:1934:true]" classname="ch.digitalfondue.jfiveparse.TreeConstructionTest" time="0"/>
  <testcase name="check[tests16.dat:1935:true]" classname="ch.digitalfondue.jfiveparse.TreeConstructionTest" time="0"/>
  <testcase name="check[tests16.dat:1936:true]" classname="ch.digitalfondue.jfiveparse.TreeConstructionTest" time="0"/>
  <testcase name="check[tests16.dat:1937:true]" classname="ch.digitalfondue.jfiveparse.TreeConstructionTest" time="0"/>
  <testcase name="check[tests16.dat:1938:true]" classname="ch.digitalfondue.jfiveparse.TreeConstructionTest" time="0"/>
  <testcase name="check[tests16.dat:1939:true]" classname="ch.digitalfondue.jfiveparse.TreeConstructionTest" time="0"/>
  <testcase name="check[tests16.dat:1940:true]" classname="ch.digitalfondue.jfiveparse.TreeConstructionTest" time="0"/>
  <testcase name="check[tests16.dat:1941:true]" classname="ch.digitalfondue.jfiveparse.TreeConstructionTest" time="0"/>
  <testcase name="check[tests16.dat:1942:true]" classname="ch.digitalfondue.jfiveparse.TreeConstructionTest" time="0"/>
  <testcase name="check[tests16.dat:1943:true]" classname="ch.digitalfondue.jfiveparse.TreeConstructionTest" time="0"/>
  <testcase name="check[tests16.dat:1944:true]" classname="ch.digitalfondue.jfiveparse.TreeConstructionTest" time="0"/>
  <testcase name="check[tests16.dat:1945:true]" classname="ch.digitalfondue.jfiveparse.TreeConstructionTest" time="0"/>
  <testcase name="check[tests16.dat:1946:true]" classname="ch.digitalfondue.jfiveparse.TreeConstructionTest" time="0"/>
  <testcase name="check[tests16.dat:1947:true]" classname="ch.digitalfondue.jfiveparse.TreeConstructionTest" time="0"/>
  <testcase name="check[tests16.dat:1948:true]" classname="ch.digitalfondue.jfiveparse.TreeConstructionTest" time="0.001"/>
  <testcase name="check[tests16.dat:1949:true]" classname="ch.digitalfondue.jfiveparse.TreeConstructionTest" time="0"/>
  <testcase name="check[tests16.dat:1950:true]" classname="ch.digitalfondue.jfiveparse.TreeConstructionTest" time="0"/>
  <testcase name="check[tests16.dat:1951:true]" classname="ch.digitalfondue.jfiveparse.TreeConstructionTest" time="0"/>
  <testcase name="check[tests16.dat:1952:true]" classname="ch.digitalfondue.jfiveparse.TreeConstructionTest" time="0"/>
  <testcase name="check[tests16.dat:1953:true]" classname="ch.digitalfondue.jfiveparse.TreeConstructionTest" time="0"/>
  <testcase name="check[tests16.dat:1954:true]" classname="ch.digitalfondue.jfiveparse.TreeConstructionTest" time="0"/>
  <testcase name="check[tests16.dat:1955:true]" classname="ch.digitalfondue.jfiveparse.TreeConstructionTest" time="0"/>
  <testcase name="check[tests16.dat:1956:true]" classname="ch.digitalfondue.jfiveparse.TreeConstructionTest" time="0"/>
  <testcase name="check[tests16.dat:1957:true]" classname="ch.digitalfondue.jfiveparse.TreeConstructionTest" time="0"/>
  <testcase name="check[tests16.dat:1958:true]" classname="ch.digitalfondue.jfiveparse.TreeConstructionTest" time="0"/>
  <testcase name="check[tests16.dat:1959:true]" classname="ch.digitalfondue.jfiveparse.TreeConstructionTest" time="0"/>
  <testcase name="check[tests16.dat:1960:true]" classname="ch.digitalfondue.jfiveparse.TreeConstructionTest" time="0"/>
  <testcase name="check[tests16.dat:1961:true]" classname="ch.digitalfondue.jfiveparse.TreeConstructionTest" time="0"/>
  <testcase name="check[tests16.dat:1962:true]" classname="ch.digitalfondue.jfiveparse.TreeConstructionTest" time="0"/>
  <testcase name="check[tests16.dat:1963:true]" classname="ch.digitalfondue.jfiveparse.TreeConstructionTest" time="0"/>
  <testcase name="check[tests16.dat:1964:true]" classname="ch.digitalfondue.jfiveparse.TreeConstructionTest" time="0"/>
  <testcase name="check[tests16.dat:1965:true]" classname="ch.digitalfondue.jfiveparse.TreeConstructionTest" time="0"/>
  <testcase name="check[tests16.dat:1966:true]" classname="ch.digitalfondue.jfiveparse.TreeConstructionTest" time="0.001"/>
  <testcase name="check[tests16.dat:1967:true]" classname="ch.digitalfondue.jfiveparse.TreeConstructionTest" time="0"/>
  <testcase name="check[tests16.dat:1968:true]" classname="ch.digitalfondue.jfiveparse.TreeConstructionTest" time="0"/>
  <testcase name="check[tests16.dat:1969:true]" classname="ch.digitalfondue.jfiveparse.TreeConstructionTest" time="0"/>
  <testcase name="check[tests16.dat:1970:true]" classname="ch.digitalfondue.jfiveparse.TreeConstructionTest" time="0"/>
  <testcase name="check[tests16.dat:1971:true]" classname="ch.digitalfondue.jfiveparse.TreeConstructionTest" time="0"/>
  <testcase name="check[tests16.dat:1972:true]" classname="ch.digitalfondue.jfiveparse.TreeConstructionTest" time="0"/>
  <testcase name="check[tests16.dat:1973:true]" classname="ch.digitalfondue.jfiveparse.TreeConstructionTest" time="0"/>
  <testcase name="check[tests16.dat:1974:true]" classname="ch.digitalfondue.jfiveparse.TreeConstructionTest" time="0"/>
  <testcase name="check[tests16.dat:1975:true]" classname="ch.digitalfondue.jfiveparse.TreeConstructionTest" time="0"/>
  <testcase name="check[tests16.dat:1976:true]" classname="ch.digitalfondue.jfiveparse.TreeConstructionTest" time="0"/>
  <testcase name="check[tests16.dat:1977:true]" classname="ch.digitalfondue.jfiveparse.TreeConstructionTest" time="0"/>
  <testcase name="check[tests16.dat:1978:true]" classname="ch.digitalfondue.jfiveparse.TreeConstructionTest" time="0"/>
  <testcase name="check[tests16.dat:1979:true]" classname="ch.digitalfondue.jfiveparse.TreeConstructionTest" time="0"/>
  <testcase name="check[tests16.dat:1980:true]" classname="ch.digitalfondue.jfiveparse.TreeConstructionTest" time="0"/>
  <testcase name="check[tests16.dat:1981:true]" classname="ch.digitalfondue.jfiveparse.TreeConstructionTest" time="0"/>
  <testcase name="check[tests16.dat:1982:true]" classname="ch.digitalfondue.jfiveparse.TreeConstructionTest" time="0"/>
  <testcase name="check[tests16.dat:1983:true]" classname="ch.digitalfondue.jfiveparse.TreeConstructionTest" time="0.001"/>
  <testcase name="check[tests16.dat:1984:true]" classname="ch.digitalfondue.jfiveparse.TreeConstructionTest" time="0"/>
  <testcase name="check[tests16.dat:1985:true]" classname="ch.digitalfondue.jfiveparse.TreeConstructionTest" time="0"/>
  <testcase name="check[tests16.dat:1986:true]" classname="ch.digitalfondue.jfiveparse.TreeConstructionTest" time="0"/>
  <testcase name="check[tests16.dat:1987:true]" classname="ch.digitalfondue.jfiveparse.TreeConstructionTest" time="0"/>
  <testcase name="check[tests16.dat:1988:true]" classname="ch.digitalfondue.jfiveparse.TreeConstructionTest" time="0"/>
  <testcase name="check[tests16.dat:1989:true]" classname="ch.digitalfondue.jfiveparse.TreeConstructionTest" time="0"/>
  <testcase name="check[tests16.dat:1990:true]" classname="ch.digitalfondue.jfiveparse.TreeConstructionTest" time="0"/>
  <testcase name="check[tests16.dat:1991:true]" classname="ch.digitalfondue.jfiveparse.TreeConstructionTest" time="0"/>
  <testcase name="check[tests16.dat:1992:true]" classname="ch.digitalfondue.jfiveparse.TreeConstructionTest" time="0"/>
  <testcase name="check[tests16.dat:1993:true]" classname="ch.digitalfondue.jfiveparse.TreeConstructionTest" time="0"/>
  <testcase name="check[tests16.dat:1994:true]" classname="ch.digitalfondue.jfiveparse.TreeConstructionTest" time="0"/>
  <testcase name="check[tests16.dat:1995:true]" classname="ch.digitalfondue.jfiveparse.TreeConstructionTest" time="0"/>
  <testcase name="check[tests16.dat:1996:true]" classname="ch.digitalfondue.jfiveparse.TreeConstructionTest" time="0"/>
  <testcase name="check[tests16.dat:1997:true]" classname="ch.digitalfondue.jfiveparse.TreeConstructionTest" time="0"/>
  <testcase name="check[tests16.dat:1998:true]" classname="ch.digitalfondue.jfiveparse.TreeConstructionTest" time="0"/>
  <testcase name="check[tests16.dat:1999:true]" classname="ch.digitalfondue.jfiveparse.TreeConstructionTest" time="0"/>
  <testcase name="check[tests16.dat:2000:true]" classname="ch.digitalfondue.jfiveparse.TreeConstructionTest" time="0"/>
  <testcase name="check[tests16.dat:2001:true]" classname="ch.digitalfondue.jfiveparse.TreeConstructionTest" time="0.001"/>
  <testcase name="check[tests16.dat:2002:true]" classname="ch.digitalfondue.jfiveparse.TreeConstructionTest" time="0"/>
  <testcase name="check[tests16.dat:2003:true]" classname="ch.digitalfondue.jfiveparse.TreeConstructionTest" time="0"/>
  <testcase name="check[tests16.dat:2004:true]" classname="ch.digitalfondue.jfiveparse.TreeConstructionTest" time="0"/>
  <testcase name="check[tests16.dat:2005:true]" classname="ch.digitalfondue.jfiveparse.TreeConstructionTest" time="0"/>
  <testcase name="check[tests16.dat:2006:true]" classname="ch.digitalfondue.jfiveparse.TreeConstructionTest" time="0"/>
  <testcase name="check[tests16.dat:2007:true]" classname="ch.digitalfondue.jfiveparse.TreeConstructionTest" time="0"/>
  <testcase name="check[tests16.dat:2008:true]" classname="ch.digitalfondue.jfiveparse.TreeConstructionTest" time="0"/>
  <testcase name="check[tests16.dat:2009:true]" classname="ch.digitalfondue.jfiveparse.TreeConstructionTest" time="0"/>
  <testcase name="check[tests16.dat:2010:true]" classname="ch.digitalfondue.jfiveparse.TreeConstructionTest" time="0"/>
  <testcase name="check[tests16.dat:2011:true]" classname="ch.digitalfondue.jfiveparse.TreeConstructionTest" time="0"/>
  <testcase name="check[tests16.dat:2012:true]" classname="ch.digitalfondue.jfiveparse.TreeConstructionTest" time="0"/>
  <testcase name="check[tests16.dat:2013:true]" classname="ch.digitalfondue.jfiveparse.TreeConstructionTest" time="0"/>
  <testcase name="check[tests17.dat:2014:false]" classname="ch.digitalfondue.jfiveparse.TreeConstructionTest" time="0"/>
  <testcase name="check[tests17.dat:2015:false]" classname="ch.digitalfondue.jfiveparse.TreeConstructionTest" time="0"/>
  <testcase name="check[tests17.dat:2016:false]" classname="ch.digitalfondue.jfiveparse.TreeConstructionTest" time="0"/>
  <testcase name="check[tests17.dat:2017:false]" classname="ch.digitalfondue.jfiveparse.TreeConstructionTest" time="0"/>
  <testcase name="check[tests17.dat:2018:false]" classname="ch.digitalfondue.jfiveparse.TreeConstructionTest" time="0.001"/>
  <testcase name="check[tests17.dat:2019:false]" classname="ch.digitalfondue.jfiveparse.TreeConstructionTest" time="0"/>
  <testcase name="check[tests17.dat:2020:false]" classname="ch.digitalfondue.jfiveparse.TreeConstructionTest" time="0"/>
  <testcase name="check[tests17.dat:2021:false]" classname="ch.digitalfondue.jfiveparse.TreeConstructionTest" time="0"/>
  <testcase name="check[tests17.dat:2022:false]" classname="ch.digitalfondue.jfiveparse.TreeConstructionTest" time="0"/>
  <testcase name="check[tests17.dat:2023:false]" classname="ch.digitalfondue.jfiveparse.TreeConstructionTest" time="0"/>
  <testcase name="check[tests17.dat:2024:false]" classname="ch.digitalfondue.jfiveparse.TreeConstructionTest" time="0"/>
  <testcase name="check[tests17.dat:2025:false]" classname="ch.digitalfondue.jfiveparse.TreeConstructionTest" time="0"/>
  <testcase name="check[tests17.dat:2026:false]" classname="ch.digitalfondue.jfiveparse.TreeConstructionTest" time="0"/>
  <testcase name="check[tests17.dat:2027:true]" classname="ch.digitalfondue.jfiveparse.TreeConstructionTest" time="0"/>
  <testcase name="check[tests17.dat:2028:true]" classname="ch.digitalfondue.jfiveparse.TreeConstructionTest" time="0"/>
  <testcase name="check[tests17.dat:2029:true]" classname="ch.digitalfondue.jfiveparse.TreeConstructionTest" time="0"/>
  <testcase name="check[tests17.dat:2030:true]" classname="ch.digitalfondue.jfiveparse.TreeConstructionTest" time="0"/>
  <testcase name="check[tests17.dat:2031:true]" classname="ch.digitalfondue.jfiveparse.TreeConstructionTest" time="0"/>
  <testcase name="check[tests17.dat:2032:true]" classname="ch.digitalfondue.jfiveparse.TreeConstructionTest" time="0"/>
  <testcase name="check[tests17.dat:2033:true]" classname="ch.digitalfondue.jfiveparse.TreeConstructionTest" time="0"/>
  <testcase name="check[tests17.dat:2034:true]" classname="ch.digitalfondue.jfiveparse.TreeConstructionTest" time="0"/>
  <testcase name="check[tests17.dat:2035:true]" classname="ch.digitalfondue.jfiveparse.TreeConstructionTest" time="0"/>
  <testcase name="check[tests17.dat:2036:true]" classname="ch.digitalfondue.jfiveparse.TreeConstructionTest" time="0"/>
  <testcase name="check[tests17.dat:2037:true]" classname="ch.digitalfondue.jfiveparse.TreeConstructionTest" time="0"/>
  <testcase name="check[tests17.dat:2038:true]" classname="ch.digitalfondue.jfiveparse.TreeConstructionTest" time="0"/>
  <testcase name="check[tests17.dat:2039:true]" classname="ch.digitalfondue.jfiveparse.TreeConstructionTest" time="0.001"/>
  <testcase name="check[tests18.dat:2040:false]" classname="ch.digitalfondue.jfiveparse.TreeConstructionTest" time="0"/>
  <testcase name="check[tests18.dat:2041:false]" classname="ch.digitalfondue.jfiveparse.TreeConstructionTest" time="0"/>
  <testcase name="check[tests18.dat:2042:false]" classname="ch.digitalfondue.jfiveparse.TreeConstructionTest" time="0"/>
  <testcase name="check[tests18.dat:2043:false]" classname="ch.digitalfondue.jfiveparse.TreeConstructionTest" time="0"/>
  <testcase name="check[tests18.dat:2044:false]" classname="ch.digitalfondue.jfiveparse.TreeConstructionTest" time="0"/>
  <testcase name="check[tests18.dat:2045:false]" classname="ch.digitalfondue.jfiveparse.TreeConstructionTest" time="0"/>
  <testcase name="check[tests18.dat:2046:false]" classname="ch.digitalfondue.jfiveparse.TreeConstructionTest" time="0"/>
  <testcase name="check[tests18.dat:2047:false]" classname="ch.digitalfondue.jfiveparse.TreeConstructionTest" time="0"/>
  <testcase name="check[tests18.dat:2048:false]" classname="ch.digitalfondue.jfiveparse.TreeConstructionTest" time="0"/>
  <testcase name="check[tests18.dat:2049:false]" classname="ch.digitalfondue.jfiveparse.TreeConstructionTest" time="0"/>
  <testcase name="check[tests18.dat:2050:false]" classname="ch.digitalfondue.jfiveparse.TreeConstructionTest" time="0"/>
  <testcase name="check[tests18.dat:2051:false]" classname="ch.digitalfondue.jfiveparse.TreeConstructionTest" time="0"/>
  <testcase name="check[tests18.dat:2052:false]" classname="ch.digitalfondue.jfiveparse.TreeConstructionTest" time="0"/>
  <testcase name="check[tests18.dat:2053:false]" classname="ch.digitalfondue.jfiveparse.TreeConstructionTest" time="0"/>
  <testcase name="check[tests18.dat:2054:false]" classname="ch.digitalfondue.jfiveparse.TreeConstructionTest" time="0"/>
  <testcase name="check[tests18.dat:2055:false]" classname="ch.digitalfondue.jfiveparse.TreeConstructionTest" time="0"/>
  <testcase name="check[tests18.dat:2056:false]" classname="ch.digitalfondue.jfiveparse.TreeConstructionTest" time="0"/>
  <testcase name="check[tests18.dat:2057:false]" classname="ch.digitalfondue.jfiveparse.TreeConstructionTest" time="0"/>
  <testcase name="check[tests18.dat:2058:false]" classname="ch.digitalfondue.jfiveparse.TreeConstructionTest" time="0"/>
  <testcase name="check[tests18.dat:2059:false]" classname="ch.digitalfondue.jfiveparse.TreeConstructionTest" time="0"/>
  <testcase name="check[tests18.dat:2060:false]" classname="ch.digitalfondue.jfiveparse.TreeConstructionTest" time="0"/>
  <testcase name="check[tests18.dat:2061:false]" classname="ch.digitalfondue.jfiveparse.TreeConstructionTest" time="0"/>
  <testcase name="check[tests18.dat:2062:false]" classname="ch.digitalfondue.jfiveparse.TreeConstructionTest" time="0"/>
  <testcase name="check[tests18.dat:2063:false]" classname="ch.digitalfondue.jfiveparse.TreeConstructionTest" time="0"/>
  <testcase name="check[tests18.dat:2064:false]" classname="ch.digitalfondue.jfiveparse.TreeConstructionTest" time="0"/>
  <testcase name="check[tests18.dat:2065:false]" classname="ch.digitalfondue.jfiveparse.TreeConstructionTest" time="0"/>
  <testcase name="check[tests18.dat:2066:false]" classname="ch.digitalfondue.jfiveparse.TreeConstructionTest" time="0"/>
  <testcase name="check[tests18.dat:2067:false]" classname="ch.digitalfondue.jfiveparse.TreeConstructionTest" time="0"/>
  <testcase name="check[tests18.dat:2068:false]" classname="ch.digitalfondue.jfiveparse.TreeConstructionTest" time="0"/>
  <testcase name="check[tests18.dat:2069:false]" classname="ch.digitalfondue.jfiveparse.TreeConstructionTest" time="0"/>
  <testcase name="check[tests18.dat:2070:false]" classname="ch.digitalfondue.jfiveparse.TreeConstructionTest" time="0"/>
  <testcase name="check[tests18.dat:2071:false]" classname="ch.digitalfondue.jfiveparse.TreeConstructionTest" time="0"/>
  <testcase name="check[tests18.dat:2072:false]" classname="ch.digitalfondue.jfiveparse.TreeConstructionTest" time="0"/>
  <testcase name="check[tests18.dat:2073:false]" classname="ch.digitalfondue.jfiveparse.TreeConstructionTest" time="0"/>
  <testcase name="check[tests18.dat:2074:false]" classname="ch.digitalfondue.jfiveparse.TreeConstructionTest" time="0"/>
  <testcase name="check[tests18.dat:2075:false]" classname="ch.digitalfondue.jfiveparse.TreeConstructionTest" time="0"/>
  <testcase name="check[tests18.dat:2076:true]" classname="ch.digitalfondue.jfiveparse.TreeConstructionTest" time="0"/>
  <testcase name="check[tests18.dat:2077:true]" classname="ch.digitalfondue.jfiveparse.TreeConstructionTest" time="0"/>
  <testcase name="check[tests18.dat:2078:true]" classname="ch.digitalfondue.jfiveparse.TreeConstructionTest" time="0.001"/>
  <testcase name="check[tests18.dat:2079:true]" classname="ch.digitalfondue.jfiveparse.TreeConstructionTest" time="0"/>
  <testcase name="check[tests18.dat:2080:true]" classname="ch.digitalfondue.jfiveparse.TreeConstructionTest" time="0"/>
  <testcase name="check[tests18.dat:2081:true]" classname="ch.digitalfondue.jfiveparse.TreeConstructionTest" time="0"/>
  <testcase name="check[tests18.dat:2082:true]" classname="ch.digitalfondue.jfiveparse.TreeConstructionTest" time="0"/>
  <testcase name="check[tests18.dat:2083:true]" classname="ch.digitalfondue.jfiveparse.TreeConstructionTest" time="0"/>
  <testcase name="check[tests18.dat:2084:true]" classname="ch.digitalfondue.jfiveparse.TreeConstructionTest" time="0"/>
  <testcase name="check[tests18.dat:2085:true]" classname="ch.digitalfondue.jfiveparse.TreeConstructionTest" time="0"/>
  <testcase name="check[tests18.dat:2086:true]" classname="ch.digitalfondue.jfiveparse.TreeConstructionTest" time="0"/>
  <testcase name="check[tests18.dat:2087:true]" classname="ch.digitalfondue.jfiveparse.TreeConstructionTest" time="0"/>
  <testcase name="check[tests18.dat:2088:true]" classname="ch.digitalfondue.jfiveparse.TreeConstructionTest" time="0"/>
  <testcase name="check[tests18.dat:2089:true]" classname="ch.digitalfondue.jfiveparse.TreeConstructionTest" time="0"/>
  <testcase name="check[tests18.dat:2090:true]" classname="ch.digitalfondue.jfiveparse.TreeConstructionTest" time="0"/>
  <testcase name="check[tests18.dat:2091:true]" classname="ch.digitalfondue.jfiveparse.TreeConstructionTest" time="0"/>
  <testcase name="check[tests18.dat:2092:true]" classname="ch.digitalfondue.jfiveparse.TreeConstructionTest" time="0"/>
  <testcase name="check[tests18.dat:2093:true]" classname="ch.digitalfondue.jfiveparse.TreeConstructionTest" time="0"/>
  <testcase name="check[tests18.dat:2094:true]" classname="ch.digitalfondue.jfiveparse.TreeConstructionTest" time="0"/>
  <testcase name="check[tests18.dat:2095:true]" classname="ch.digitalfondue.jfiveparse.TreeConstructionTest" time="0"/>
  <testcase name="check[tests18.dat:2096:true]" classname="ch.digitalfondue.jfiveparse.TreeConstructionTest" time="0"/>
  <testcase name="check[tests18.dat:2097:true]" classname="ch.digitalfondue.jfiveparse.TreeConstructionTest" time="0"/>
  <testcase name="check[tests18.dat:2098:true]" classname="ch.digitalfondue.jfiveparse.TreeConstructionTest" time="0"/>
  <testcase name="check[tests18.dat:2099:true]" classname="ch.digitalfondue.jfiveparse.TreeConstructionTest" time="0.001"/>
  <testcase name="check[tests18.dat:2100:true]" classname="ch.digitalfondue.jfiveparse.TreeConstructionTest" time="0"/>
  <testcase name="check[tests18.dat:2101:true]" classname="ch.digitalfondue.jfiveparse.TreeConstructionTest" time="0"/>
  <testcase name="check[tests18.dat:2102:true]" classname="ch.digitalfondue.jfiveparse.TreeConstructionTest" time="0"/>
  <testcase name="check[tests18.dat:2103:true]" classname="ch.digitalfondue.jfiveparse.TreeConstructionTest" time="0"/>
  <testcase name="check[tests18.dat:2104:true]" classname="ch.digitalfondue.jfiveparse.TreeConstructionTest" time="0"/>
  <testcase name="check[tests18.dat:2105:true]" classname="ch.digitalfondue.jfiveparse.TreeConstructionTest" time="0"/>
  <testcase name="check[tests18.dat:2106:true]" classname="ch.digitalfondue.jfiveparse.TreeConstructionTest" time="0"/>
  <testcase name="check[tests18.dat:2107:true]" classname="ch.digitalfondue.jfiveparse.TreeConstructionTest" time="0"/>
  <testcase name="check[tests18.dat:2108:true]" classname="ch.digitalfondue.jfiveparse.TreeConstructionTest" time="0"/>
  <testcase name="check[tests18.dat:2109:true]" classname="ch.digitalfondue.jfiveparse.TreeConstructionTest" time="0"/>
  <testcase name="check[tests18.dat:2110:true]" classname="ch.digitalfondue.jfiveparse.TreeConstructionTest" time="0"/>
  <testcase name="check[tests19.dat:2111:false]" classname="ch.digitalfondue.jfiveparse.TreeConstructionTest" time="0"/>
  <testcase name="check[tests19.dat:2112:false]" classname="ch.digitalfondue.jfiveparse.TreeConstructionTest" time="0"/>
  <testcase name="check[tests19.dat:2113:false]" classname="ch.digitalfondue.jfiveparse.TreeConstructionTest" time="0"/>
  <testcase name="check[tests19.dat:2114:false]" classname="ch.digitalfondue.jfiveparse.TreeConstructionTest" time="0"/>
  <testcase name="check[tests19.dat:2115:false]" classname="ch.digitalfondue.jfiveparse.TreeConstructionTest" time="0"/>
  <testcase name="check[tests19.dat:2116:false]" classname="ch.digitalfondue.jfiveparse.TreeConstructionTest" time="0"/>
  <testcase name="check[tests19.dat:2117:false]" classname="ch.digitalfondue.jfiveparse.TreeConstructionTest" time="0"/>
  <testcase name="check[tests19.dat:2118:false]" classname="ch.digitalfondue.jfiveparse.TreeConstructionTest" time="0"/>
  <testcase name="check[tests19.dat:2119:false]" classname="ch.digitalfondue.jfiveparse.TreeConstructionTest" time="0"/>
  <testcase name="check[tests19.dat:2120:false]" classname="ch.digitalfondue.jfiveparse.TreeConstructionTest" time="0"/>
  <testcase name="check[tests19.dat:2121:false]" classname="ch.digitalfondue.jfiveparse.TreeConstructionTest" time="0"/>
  <testcase name="check[tests19.dat:2122:false]" classname="ch.digitalfondue.jfiveparse.TreeConstructionTest" time="0"/>
  <testcase name="check[tests19.dat:2123:false]" classname="ch.digitalfondue.jfiveparse.TreeConstructionTest" time="0"/>
  <testcase name="check[tests19.dat:2124:false]" classname="ch.digitalfondue.jfiveparse.TreeConstructionTest" time="0"/>
  <testcase name="check[tests19.dat:2125:false]" classname="ch.digitalfondue.jfiveparse.TreeConstructionTest" time="0"/>
  <testcase name="check[tests19.dat:2126:false]" classname="ch.digitalfondue.jfiveparse.TreeConstructionTest" time="0"/>
  <testcase name="check[tests19.dat:2127:false]" classname="ch.digitalfondue.jfiveparse.TreeConstructionTest" time="0"/>
  <testcase name="check[tests19.dat:2128:false]" classname="ch.digitalfondue.jfiveparse.TreeConstructionTest" time="0"/>
  <testcase name="check[tests19.dat:2129:false]" classname="ch.digitalfondue.jfiveparse.TreeConstructionTest" time="0"/>
  <testcase name="check[tests19.dat:2130:false]" classname="ch.digitalfondue.jfiveparse.TreeConstructionTest" time="0"/>
  <testcase name="check[tests19.dat:2131:false]" classname="ch.digitalfondue.jfiveparse.TreeConstructionTest" time="0"/>
  <testcase name="check[tests19.dat:2132:false]" classname="ch.digitalfondue.jfiveparse.TreeConstructionTest" time="0"/>
  <testcase name="check[tests19.dat:2133:false]" classname="ch.digitalfondue.jfiveparse.TreeConstructionTest" time="0"/>
  <testcase name="check[tests19.dat:2134:false]" classname="ch.digitalfondue.jfiveparse.TreeConstructionTest" time="0"/>
  <testcase name="check[tests19.dat:2135:false]" classname="ch.digitalfondue.jfiveparse.TreeConstructionTest" time="0"/>
  <testcase name="check[tests19.dat:2136:false]" classname="ch.digitalfondue.jfiveparse.TreeConstructionTest" time="0"/>
  <testcase name="check[tests19.dat:2137:false]" classname="ch.digitalfondue.jfiveparse.TreeConstructionTest" time="0"/>
  <testcase name="check[tests19.dat:2138:false]" classname="ch.digitalfondue.jfiveparse.TreeConstructionTest" time="0"/>
  <testcase name="check[tests19.dat:2139:false]" classname="ch.digitalfondue.jfiveparse.TreeConstructionTest" time="0"/>
  <testcase name="check[tests19.dat:2140:false]" classname="ch.digitalfondue.jfiveparse.TreeConstructionTest" time="0"/>
  <testcase name="check[tests19.dat:2141:false]" classname="ch.digitalfondue.jfiveparse.TreeConstructionTest" time="0"/>
  <testcase name="check[tests19.dat:2142:false]" classname="ch.digitalfondue.jfiveparse.TreeConstructionTest" time="0.001"/>
  <testcase name="check[tests19.dat:2143:false]" classname="ch.digitalfondue.jfiveparse.TreeConstructionTest" time="0"/>
  <testcase name="check[tests19.dat:2144:false]" classname="ch.digitalfondue.jfiveparse.TreeConstructionTest" time="0"/>
  <testcase name="check[tests19.dat:2145:false]" classname="ch.digitalfondue.jfiveparse.TreeConstructionTest" time="0"/>
  <testcase name="check[tests19.dat:2146:false]" classname="ch.digitalfondue.jfiveparse.TreeConstructionTest" time="0"/>
  <testcase name="check[tests19.dat:2147:false]" classname="ch.digitalfondue.jfiveparse.TreeConstructionTest" time="0"/>
  <testcase name="check[tests19.dat:2148:false]" classname="ch.digitalfondue.jfiveparse.TreeConstructionTest" time="0"/>
  <testcase name="check[tests19.dat:2149:false]" classname="ch.digitalfondue.jfiveparse.TreeConstructionTest" time="0"/>
  <testcase name="check[tests19.dat:2150:false]" classname="ch.digitalfondue.jfiveparse.TreeConstructionTest" time="0"/>
  <testcase name="check[tests19.dat:2151:false]" classname="ch.digitalfondue.jfiveparse.TreeConstructionTest" time="0"/>
  <testcase name="check[tests19.dat:2152:false]" classname="ch.digitalfondue.jfiveparse.TreeConstructionTest" time="0"/>
  <testcase name="check[tests19.dat:2153:false]" classname="ch.digitalfondue.jfiveparse.TreeConstructionTest" time="0"/>
  <testcase name="check[tests19.dat:2154:false]" classname="ch.digitalfondue.jfiveparse.TreeConstructionTest" time="0"/>
  <testcase name="check[tests19.dat:2155:false]" classname="ch.digitalfondue.jfiveparse.TreeConstructionTest" time="0"/>
  <testcase name="check[tests19.dat:2156:false]" classname="ch.digitalfondue.jfiveparse.TreeConstructionTest" time="0"/>
  <testcase name="check[tests19.dat:2157:false]" classname="ch.digitalfondue.jfiveparse.TreeConstructionTest" time="0"/>
  <testcase name="check[tests19.dat:2158:false]" classname="ch.digitalfondue.jfiveparse.TreeConstructionTest" time="0"/>
  <testcase name="check[tests19.dat:2159:false]" classname="ch.digitalfondue.jfiveparse.TreeConstructionTest" time="0"/>
  <testcase name="check[tests19.dat:2160:false]" classname="ch.digitalfondue.jfiveparse.TreeConstructionTest" time="0"/>
  <testcase name="check[tests19.dat:2161:false]" classname="ch.digitalfondue.jfiveparse.TreeConstructionTest" time="0"/>
  <testcase name="check[tests19.dat:2162:false]" classname="ch.digitalfondue.jfiveparse.TreeConstructionTest" time="0"/>
  <testcase name="check[tests19.dat:2163:false]" classname="ch.digitalfondue.jfiveparse.TreeConstructionTest" time="0"/>
  <testcase name="check[tests19.dat:2164:false]" classname="ch.digitalfondue.jfiveparse.TreeConstructionTest" time="0"/>
  <testcase name="check[tests19.dat:2165:false]" classname="ch.digitalfondue.jfiveparse.TreeConstructionTest" time="0"/>
  <testcase name="check[tests19.dat:2166:false]" classname="ch.digitalfondue.jfiveparse.TreeConstructionTest" time="0"/>
  <testcase name="check[tests19.dat:2167:false]" classname="ch.digitalfondue.jfiveparse.TreeConstructionTest" time="0"/>
  <testcase name="check[tests19.dat:2168:false]" classname="ch.digitalfondue.jfiveparse.TreeConstructionTest" time="0"/>
  <testcase name="check[tests19.dat:2169:false]" classname="ch.digitalfondue.jfiveparse.TreeConstructionTest" time="0"/>
  <testcase name="check[tests19.dat:2170:false]" classname="ch.digitalfondue.jfiveparse.TreeConstructionTest" time="0"/>
  <testcase name="check[tests19.dat:2171:false]" classname="ch.digitalfondue.jfiveparse.TreeConstructionTest" time="0.001"/>
  <testcase name="check[tests19.dat:2172:false]" classname="ch.digitalfondue.jfiveparse.TreeConstructionTest" time="0"/>
  <testcase name="check[tests19.dat:2173:false]" classname="ch.digitalfondue.jfiveparse.TreeConstructionTest" time="0"/>
  <testcase name="check[tests19.dat:2174:false]" classname="ch.digitalfondue.jfiveparse.TreeConstructionTest" time="0"/>
  <testcase name="check[tests19.dat:2175:false]" classname="ch.digitalfondue.jfiveparse.TreeConstructionTest" time="0"/>
  <testcase name="check[tests19.dat:2176:false]" classname="ch.digitalfondue.jfiveparse.TreeConstructionTest" time="0"/>
  <testcase name="check[tests19.dat:2177:false]" classname="ch.digitalfondue.jfiveparse.TreeConstructionTest" time="0"/>
  <testcase name="check[tests19.dat:2178:false]" classname="ch.digitalfondue.jfiveparse.TreeConstructionTest" time="0"/>
  <testcase name="check[tests19.dat:2179:false]" classname="ch.digitalfondue.jfiveparse.TreeConstructionTest" time="0"/>
  <testcase name="check[tests19.dat:2180:false]" classname="ch.digitalfondue.jfiveparse.TreeConstructionTest" time="0"/>
  <testcase name="check[tests19.dat:2181:false]" classname="ch.digitalfondue.jfiveparse.TreeConstructionTest" time="0"/>
  <testcase name="check[tests19.dat:2182:false]" classname="ch.digitalfondue.jfiveparse.TreeConstructionTest" time="0"/>
  <testcase name="check[tests19.dat:2183:false]" classname="ch.digitalfondue.jfiveparse.TreeConstructionTest" time="0"/>
  <testcase name="check[tests19.dat:2184:false]" classname="ch.digitalfondue.jfiveparse.TreeConstructionTest" time="0"/>
  <testcase name="check[tests19.dat:2185:false]" classname="ch.digitalfondue.jfiveparse.TreeConstructionTest" time="0"/>
  <testcase name="check[tests19.dat:2186:false]" classname="ch.digitalfondue.jfiveparse.TreeConstructionTest" time="0"/>
  <testcase name="check[tests19.dat:2187:false]" classname="ch.digitalfondue.jfiveparse.TreeConstructionTest" time="0"/>
  <testcase name="check[tests19.dat:2188:false]" classname="ch.digitalfondue.jfiveparse.TreeConstructionTest" time="0"/>
  <testcase name="check[tests19.dat:2189:false]" classname="ch.digitalfondue.jfiveparse.TreeConstructionTest" time="0"/>
  <testcase name="check[tests19.dat:2190:false]" classname="ch.digitalfondue.jfiveparse.TreeConstructionTest" time="0.001"/>
  <testcase name="check[tests19.dat:2191:false]" classname="ch.digitalfondue.jfiveparse.TreeConstructionTest" time="0"/>
  <testcase name="check[tests19.dat:2192:false]" classname="ch.digitalfondue.jfiveparse.TreeConstructionTest" time="0"/>
  <testcase name="check[tests19.dat:2193:false]" classname="ch.digitalfondue.jfiveparse.TreeConstructionTest" time="0"/>
  <testcase name="check[tests19.dat:2194:false]" classname="ch.digitalfondue.jfiveparse.TreeConstructionTest" time="0"/>
  <testcase name="check[tests19.dat:2195:false]" classname="ch.digitalfondue.jfiveparse.TreeConstructionTest" time="0"/>
  <testcase name="check[tests19.dat:2196:false]" classname="ch.digitalfondue.jfiveparse.TreeConstructionTest" time="0"/>
  <testcase name="check[tests19.dat:2197:false]" classname="ch.digitalfondue.jfiveparse.TreeConstructionTest" time="0"/>
  <testcase name="check[tests19.dat:2198:false]" classname="ch.digitalfondue.jfiveparse.TreeConstructionTest" time="0"/>
  <testcase name="check[tests19.dat:2199:false]" classname="ch.digitalfondue.jfiveparse.TreeConstructionTest" time="0"/>
  <testcase name="check[tests19.dat:2200:false]" classname="ch.digitalfondue.jfiveparse.TreeConstructionTest" time="0"/>
  <testcase name="check[tests19.dat:2201:false]" classname="ch.digitalfondue.jfiveparse.TreeConstructionTest" time="0"/>
  <testcase name="check[tests19.dat:2202:false]" classname="ch.digitalfondue.jfiveparse.TreeConstructionTest" time="0"/>
  <testcase name="check[tests19.dat:2203:false]" classname="ch.digitalfondue.jfiveparse.TreeConstructionTest" time="0"/>
  <testcase name="check[tests19.dat:2204:false]" classname="ch.digitalfondue.jfiveparse.TreeConstructionTest" time="0"/>
  <testcase name="check[tests19.dat:2205:false]" classname="ch.digitalfondue.jfiveparse.TreeConstructionTest" time="0"/>
  <testcase name="check[tests19.dat:2206:false]" classname="ch.digitalfondue.jfiveparse.TreeConstructionTest" time="0"/>
  <testcase name="check[tests19.dat:2207:false]" classname="ch.digitalfondue.jfiveparse.TreeConstructionTest" time="0"/>
  <testcase name="check[tests19.dat:2208:false]" classname="ch.digitalfondue.jfiveparse.TreeConstructionTest" time="0"/>
  <testcase name="check[tests19.dat:2209:false]" classname="ch.digitalfondue.jfiveparse.TreeConstructionTest" time="0"/>
  <testcase name="check[tests19.dat:2210:false]" classname="ch.digitalfondue.jfiveparse.TreeConstructionTest" time="0"/>
  <testcase name="check[tests19.dat:2211:false]" classname="ch.digitalfondue.jfiveparse.TreeConstructionTest" time="0"/>
  <testcase name="check[tests19.dat:2212:false]" classname="ch.digitalfondue.jfiveparse.TreeConstructionTest" time="0.001"/>
  <testcase name="check[tests19.dat:2213:false]" classname="ch.digitalfondue.jfiveparse.TreeConstructionTest" time="0"/>
  <testcase name="check[tests19.dat:2214:false]" classname="ch.digitalfondue.jfiveparse.TreeConstructionTest" time="0"/>
  <testcase name="check[tests19.dat:2215:false]" classname="ch.digitalfondue.jfiveparse.TreeConstructionTest" time="0"/>
  <testcase name="check[tests19.dat:2216:true]" classname="ch.digitalfondue.jfiveparse.TreeConstructionTest" time="0"/>
  <testcase name="check[tests19.dat:2217:true]" classname="ch.digitalfondue.jfiveparse.TreeConstructionTest" time="0"/>
  <testcase name="check[tests19.dat:2218:true]" classname="ch.digitalfondue.jfiveparse.TreeConstructionTest" time="0"/>
  <testcase name="check[tests19.dat:2219:true]" classname="ch.digitalfondue.jfiveparse.TreeConstructionTest" time="0"/>
  <testcase name="check[tests19.dat:2220:true]" classname="ch.digitalfondue.jfiveparse.TreeConstructionTest" time="0"/>
  <testcase name="check[tests19.dat:2221:true]" classname="ch.digitalfondue.jfiveparse.TreeConstructionTest" time="0"/>
  <testcase name="check[tests19.dat:2222:true]" classname="ch.digitalfondue.jfiveparse.TreeConstructionTest" time="0"/>
  <testcase name="check[tests19.dat:2223:true]" classname="ch.digitalfondue.jfiveparse.TreeConstructionTest" time="0"/>
  <testcase name="check[tests19.dat:2224:true]" classname="ch.digitalfondue.jfiveparse.TreeConstructionTest" time="0"/>
  <testcase name="check[tests19.dat:2225:true]" classname="ch.digitalfondue.jfiveparse.TreeConstructionTest" time="0"/>
  <testcase name="check[tests19.dat:2226:true]" classname="ch.digitalfondue.jfiveparse.TreeConstructionTest" time="0"/>
  <testcase name="check[tests19.dat:2227:true]" classname="ch.digitalfondue.jfiveparse.TreeConstructionTest" time="0"/>
  <testcase name="check[tests19.dat:2228:true]" classname="ch.digitalfondue.jfiveparse.TreeConstructionTest" time="0"/>
  <testcase name="check[tests19.dat:2229:true]" classname="ch.digitalfondue.jfiveparse.TreeConstructionTest" time="0"/>
  <testcase name="check[tests19.dat:2230:true]" classname="ch.digitalfondue.jfiveparse.TreeConstructionTest" time="0"/>
  <testcase name="check[tests19.dat:2231:true]" classname="ch.digitalfondue.jfiveparse.TreeConstructionTest" time="0"/>
  <testcase name="check[tests19.dat:2232:true]" classname="ch.digitalfondue.jfiveparse.TreeConstructionTest" time="0"/>
  <testcase name="check[tests19.dat:2233:true]" classname="ch.digitalfondue.jfiveparse.TreeConstructionTest" time="0"/>
  <testcase name="check[tests19.dat:2234:true]" classname="ch.digitalfondue.jfiveparse.TreeConstructionTest" time="0"/>
  <testcase name="check[tests19.dat:2235:true]" classname="ch.digitalfondue.jfiveparse.TreeConstructionTest" time="0"/>
  <testcase name="check[tests19.dat:2236:true]" classname="ch.digitalfondue.jfiveparse.TreeConstructionTest" time="0"/>
  <testcase name="check[tests19.dat:2237:true]" classname="ch.digitalfondue.jfiveparse.TreeConstructionTest" time="0.001"/>
  <testcase name="check[tests19.dat:2238:true]" classname="ch.digitalfondue.jfiveparse.TreeConstructionTest" time="0"/>
  <testcase name="check[tests19.dat:2239:true]" classname="ch.digitalfondue.jfiveparse.TreeConstructionTest" time="0"/>
  <testcase name="check[tests19.dat:2240:true]" classname="ch.digitalfondue.jfiveparse.TreeConstructionTest" time="0"/>
  <testcase name="check[tests19.dat:2241:true]" classname="ch.digitalfondue.jfiveparse.TreeConstructionTest" time="0"/>
  <testcase name="check[tests19.dat:2242:true]" classname="ch.digitalfondue.jfiveparse.TreeConstructionTest" time="0"/>
  <testcase name="check[tests19.dat:2243:true]" classname="ch.digitalfondue.jfiveparse.TreeConstructionTest" time="0"/>
  <testcase name="check[tests19.dat:2244:true]" classname="ch.digitalfondue.jfiveparse.TreeConstructionTest" time="0"/>
  <testcase name="check[tests19.dat:2245:true]" classname="ch.digitalfondue.jfiveparse.TreeConstructionTest" time="0"/>
  <testcase name="check[tests19.dat:2246:true]" classname="ch.digitalfondue.jfiveparse.TreeConstructionTest" time="0"/>
  <testcase name="check[tests19.dat:2247:true]" classname="ch.digitalfondue.jfiveparse.TreeConstructionTest" time="0"/>
  <testcase name="check[tests19.dat:2248:true]" classname="ch.digitalfondue.jfiveparse.TreeConstructionTest" time="0"/>
  <testcase name="check[tests19.dat:2249:true]" classname="ch.digitalfondue.jfiveparse.TreeConstructionTest" time="0"/>
  <testcase name="check[tests19.dat:2250:true]" classname="ch.digitalfondue.jfiveparse.TreeConstructionTest" time="0"/>
  <testcase name="check[tests19.dat:2251:true]" classname="ch.digitalfondue.jfiveparse.TreeConstructionTest" time="0"/>
  <testcase name="check[tests19.dat:2252:true]" classname="ch.digitalfondue.jfiveparse.TreeConstructionTest" time="0"/>
  <testcase name="check[tests19.dat:2253:true]" classname="ch.digitalfondue.jfiveparse.TreeConstructionTest" time="0"/>
  <testcase name="check[tests19.dat:2254:true]" classname="ch.digitalfondue.jfiveparse.TreeConstructionTest" time="0"/>
  <testcase name="check[tests19.dat:2255:true]" classname="ch.digitalfondue.jfiveparse.TreeConstructionTest" time="0"/>
  <testcase name="check[tests19.dat:2256:true]" classname="ch.digitalfondue.jfiveparse.TreeConstructionTest" time="0"/>
  <testcase name="check[tests19.dat:2257:true]" classname="ch.digitalfondue.jfiveparse.TreeConstructionTest" time="0"/>
  <testcase name="check[tests19.dat:2258:true]" classname="ch.digitalfondue.jfiveparse.TreeConstructionTest" time="0"/>
  <testcase name="check[tests19.dat:2259:true]" classname="ch.digitalfondue.jfiveparse.TreeConstructionTest" time="0"/>
  <testcase name="check[tests19.dat:2260:true]" classname="ch.digitalfondue.jfiveparse.TreeConstructionTest" time="0.001"/>
  <testcase name="check[tests19.dat:2261:true]" classname="ch.digitalfondue.jfiveparse.TreeConstructionTest" time="0"/>
  <testcase name="check[tests19.dat:2262:true]" classname="ch.digitalfondue.jfiveparse.TreeConstructionTest" time="0"/>
  <testcase name="check[tests19.dat:2263:true]" classname="ch.digitalfondue.jfiveparse.TreeConstructionTest" time="0"/>
  <testcase name="check[tests19.dat:2264:true]" classname="ch.digitalfondue.jfiveparse.TreeConstructionTest" time="0"/>
  <testcase name="check[tests19.dat:2265:true]" classname="ch.digitalfondue.jfiveparse.TreeConstructionTest" time="0"/>
  <testcase name="check[tests19.dat:2266:true]" classname="ch.digitalfondue.jfiveparse.TreeConstructionTest" time="0"/>
  <testcase name="check[tests19.dat:2267:true]" classname="ch.digitalfondue.jfiveparse.TreeConstructionTest" time="0"/>
  <testcase name="check[tests19.dat:2268:true]" classname="ch.digitalfondue.jfiveparse.TreeConstructionTest" time="0"/>
  <testcase name="check[tests19.dat:2269:true]" classname="ch.digitalfondue.jfiveparse.TreeConstructionTest" time="0"/>
  <testcase name="check[tests19.dat:2270:true]" classname="ch.digitalfondue.jfiveparse.TreeConstructionTest" time="0"/>
  <testcase name="check[tests19.dat:2271:true]" classname="ch.digitalfondue.jfiveparse.TreeConstructionTest" time="0"/>
  <testcase name="check[tests19.dat:2272:true]" classname="ch.digitalfondue.jfiveparse.TreeConstructionTest" time="0"/>
  <testcase name="check[tests19.dat:2273:true]" classname="ch.digitalfondue.jfiveparse.TreeConstructionTest" time="0"/>
  <testcase name="check[tests19.dat:2274:true]" classname="ch.digitalfondue.jfiveparse.TreeConstructionTest" time="0"/>
  <testcase name="check[tests19.dat:2275:true]" classname="ch.digitalfondue.jfiveparse.TreeConstructionTest" time="0"/>
  <testcase name="check[tests19.dat:2276:true]" classname="ch.digitalfondue.jfiveparse.TreeConstructionTest" time="0"/>
  <testcase name="check[tests19.dat:2277:true]" classname="ch.digitalfondue.jfiveparse.TreeConstructionTest" time="0"/>
  <testcase name="check[tests19.dat:2278:true]" classname="ch.digitalfondue.jfiveparse.TreeConstructionTest" time="0"/>
  <testcase name="check[tests19.dat:2279:true]" classname="ch.digitalfondue.jfiveparse.TreeConstructionTest" time="0"/>
  <testcase name="check[tests19.dat:2280:true]" classname="ch.digitalfondue.jfiveparse.TreeConstructionTest" time="0"/>
  <testcase name="check[tests19.dat:2281:true]" classname="ch.digitalfondue.jfiveparse.TreeConstructionTest" time="0"/>
  <testcase name="check[tests19.dat:2282:true]" classname="ch.digitalfondue.jfiveparse.TreeConstructionTest" time="0"/>
  <testcase name="check[tests19.dat:2283:true]" classname="ch.digitalfondue.jfiveparse.TreeConstructionTest" time="0"/>
  <testcase name="check[tests19.dat:2284:true]" classname="ch.digitalfondue.jfiveparse.TreeConstructionTest" time="0"/>
  <testcase name="check[tests19.dat:2285:true]" classname="ch.digitalfondue.jfiveparse.TreeConstructionTest" time="0"/>
  <testcase name="check[tests19.dat:2286:true]" classname="ch.digitalfondue.jfiveparse.TreeConstructionTest" time="0"/>
  <testcase name="check[tests19.dat:2287:true]" classname="ch.digitalfondue.jfiveparse.TreeConstructionTest" time="0"/>
  <testcase name="check[tests19.dat:2288:true]" classname="ch.digitalfondue.jfiveparse.TreeConstructionTest" time="0"/>
  <testcase name="check[tests19.dat:2289:true]" classname="ch.digitalfondue.jfiveparse.TreeConstructionTest" time="0.001"/>
  <testcase name="check[tests19.dat:2290:true]" classname="ch.digitalfondue.jfiveparse.TreeConstructionTest" time="0"/>
  <testcase name="check[tests19.dat:2291:true]" classname="ch.digitalfondue.jfiveparse.TreeConstructionTest" time="0"/>
  <testcase name="check[tests19.dat:2292:true]" classname="ch.digitalfondue.jfiveparse.TreeConstructionTest" time="0"/>
  <testcase name="check[tests19.dat:2293:true]" classname="ch.digitalfondue.jfiveparse.TreeConstructionTest" time="0"/>
  <testcase name="check[tests19.dat:2294:true]" classname="ch.digitalfondue.jfiveparse.TreeConstructionTest" time="0"/>
  <testcase name="check[tests19.dat:2295:true]" classname="ch.digitalfondue.jfiveparse.TreeConstructionTest" time="0"/>
  <testcase name="check[tests19.dat:2296:true]" classname="ch.digitalfondue.jfiveparse.TreeConstructionTest" time="0"/>
  <testcase name="check[tests19.dat:2297:true]" classname="ch.digitalfondue.jfiveparse.TreeConstructionTest" time="0"/>
  <testcase name="check[tests19.dat:2298:true]" classname="ch.digitalfondue.jfiveparse.TreeConstructionTest" time="0"/>
  <testcase name="check[tests19.dat:2299:true]" classname="ch.digitalfondue.jfiveparse.TreeConstructionTest" time="0"/>
  <testcase name="check[tests19.dat:2300:true]" classname="ch.digitalfondue.jfiveparse.TreeConstructionTest" time="0"/>
  <testcase name="check[tests19.dat:2301:true]" classname="ch.digitalfondue.jfiveparse.TreeConstructionTest" time="0"/>
  <testcase name="check[tests19.dat:2302:true]" classname="ch.digitalfondue.jfiveparse.TreeConstructionTest" time="0"/>
  <testcase name="check[tests19.dat:2303:true]" classname="ch.digitalfondue.jfiveparse.TreeConstructionTest" time="0"/>
  <testcase name="check[tests19.dat:2304:true]" classname="ch.digitalfondue.jfiveparse.TreeConstructionTest" time="0"/>
  <testcase name="check[tests19.dat:2305:true]" classname="ch.digitalfondue.jfiveparse.TreeConstructionTest" time="0"/>
  <testcase name="check[tests19.dat:2306:true]" classname="ch.digitalfondue.jfiveparse.TreeConstructionTest" time="0"/>
  <testcase name="check[tests19.dat:2307:true]" classname="ch.digitalfondue.jfiveparse.TreeConstructionTest" time="0"/>
  <testcase name="check[tests19.dat:2308:true]" classname="ch.digitalfondue.jfiveparse.TreeConstructionTest" time="0"/>
  <testcase name="check[tests19.dat:2309:true]" classname="ch.digitalfondue.jfiveparse.TreeConstructionTest" time="0"/>
  <testcase name="check[tests19.dat:2310:true]" classname="ch.digitalfondue.jfiveparse.TreeConstructionTest" time="0"/>
  <testcase name="check[tests19.dat:2311:true]" classname="ch.digitalfondue.jfiveparse.TreeConstructionTest" time="0.001"/>
  <testcase name="check[tests19.dat:2312:true]" classname="ch.digitalfondue.jfiveparse.TreeConstructionTest" time="0"/>
  <testcase name="check[tests19.dat:2313:true]" classname="ch.digitalfondue.jfiveparse.TreeConstructionTest" time="0"/>
  <testcase name="check[tests19.dat:2314:true]" classname="ch.digitalfondue.jfiveparse.TreeConstructionTest" time="0"/>
  <testcase name="check[tests19.dat:2315:true]" classname="ch.digitalfondue.jfiveparse.TreeConstructionTest" time="0"/>
  <testcase name="check[tests19.dat:2316:true]" classname="ch.digitalfondue.jfiveparse.TreeConstructionTest" time="0"/>
  <testcase name="check[tests19.dat:2317:true]" classname="ch.digitalfondue.jfiveparse.TreeConstructionTest" time="0"/>
  <testcase name="check[tests19.dat:2318:true]" classname="ch.digitalfondue.jfiveparse.TreeConstructionTest" time="0"/>
  <testcase name="check[tests19.dat:2319:true]" classname="ch.digitalfondue.jfiveparse.TreeConstructionTest" time="0"/>
  <testcase name="check[tests19.dat:2320:true]" classname="ch.digitalfondue.jfiveparse.TreeConstructionTest" time="0"/>
  <testcase name="check[tests2.dat:2321:false]" classname="ch.digitalfondue.jfiveparse.TreeConstructionTest" time="0"/>
  <testcase name="check[tests2.dat:2322:false]" classname="ch.digitalfondue.jfiveparse.TreeConstructionTest" time="0"/>
  <testcase name="check[tests2.dat:2323:false]" classname="ch.digitalfondue.jfiveparse.TreeConstructionTest" time="0"/>
  <testcase name="check[tests2.dat:2324:false]" classname="ch.digitalfondue.jfiveparse.TreeConstructionTest" time="0"/>
  <testcase name="check[tests2.dat:2325:false]" classname="ch.digitalfondue.jfiveparse.TreeConstructionTest" time="0"/>
  <testcase name="check[tests2.dat:2326:false]" classname="ch.digitalfondue.jfiveparse.TreeConstructionTest" time="0"/>
  <testcase name="check[tests2.dat:2327:false]" classname="ch.digitalfondue.jfiveparse.TreeConstructionTest" time="0"/>
  <testcase name="check[tests2.dat:2328:false]" classname="ch.digitalfondue.jfiveparse.TreeConstructionTest" time="0"/>
  <testcase name="check[tests2.dat:2329:false]" classname="ch.digitalfondue.jfiveparse.TreeConstructionTest" time="0"/>
  <testcase name="check[tests2.dat:2330:false]" classname="ch.digitalfondue.jfiveparse.TreeConstructionTest" time="0"/>
  <testcase name="check[tests2.dat:2331:false]" classname="ch.digitalfondue.jfiveparse.TreeConstructionTest" time="0"/>
  <testcase name="check[tests2.dat:2332:false]" classname="ch.digitalfondue.jfiveparse.TreeConstructionTest" time="0"/>
  <testcase name="check[tests2.dat:2333:false]" classname="ch.digitalfondue.jfiveparse.TreeConstructionTest" time="0"/>
  <testcase name="check[tests2.dat:2334:false]" classname="ch.digitalfondue.jfiveparse.TreeConstructionTest" time="0"/>
  <testcase name="check[tests2.dat:2335:false]" classname="ch.digitalfondue.jfiveparse.TreeConstructionTest" time="0"/>
  <testcase name="check[tests2.dat:2336:false]" classname="ch.digitalfondue.jfiveparse.TreeConstructionTest" time="0"/>
  <testcase name="check[tests2.dat:2337:false]" classname="ch.digitalfondue.jfiveparse.TreeConstructionTest" time="0.001"/>
  <testcase name="check[tests2.dat:2338:false]" classname="ch.digitalfondue.jfiveparse.TreeConstructionTest" time="0"/>
  <testcase name="check[tests2.dat:2339:false]" classname="ch.digitalfondue.jfiveparse.TreeConstructionTest" time="0"/>
  <testcase name="check[tests2.dat:2340:false]" classname="ch.digitalfondue.jfiveparse.TreeConstructionTest" time="0"/>
  <testcase name="check[tests2.dat:2341:false]" classname="ch.digitalfondue.jfiveparse.TreeConstructionTest" time="0"/>
  <testcase name="check[tests2.dat:2342:false]" classname="ch.digitalfondue.jfiveparse.TreeConstructionTest" time="0"/>
  <testcase name="check[tests2.dat:2343:false]" classname="ch.digitalfondue.jfiveparse.TreeConstructionTest" time="0"/>
  <testcase name="check[tests2.dat:2344:false]" classname="ch.digitalfondue.jfiveparse.TreeConstructionTest" time="0"/>
  <testcase name="check[tests2.dat:2345:false]" classname="ch.digitalfondue.jfiveparse.TreeConstructionTest" time="0"/>
  <testcase name="check[tests2.dat:2346:false]" classname="ch.digitalfondue.jfiveparse.TreeConstructionTest" time="0"/>
  <testcase name="check[tests2.dat:2347:false]" classname="ch.digitalfondue.jfiveparse.TreeConstructionTest" time="0"/>
  <testcase name="check[tests2.dat:2348:false]" classname="ch.digitalfondue.jfiveparse.TreeConstructionTest" time="0"/>
  <testcase name="check[tests2.dat:2349:false]" classname="ch.digitalfondue.jfiveparse.TreeConstructionTest" time="0"/>
  <testcase name="check[tests2.dat:2350:false]" classname="ch.digitalfondue.jfiveparse.TreeConstructionTest" time="0"/>
  <testcase name="check[tests2.dat:2351:false]" classname="ch.digitalfondue.jfiveparse.TreeConstructionTest" time="0"/>
  <testcase name="check[tests2.dat:2352:false]" classname="ch.digitalfondue.jfiveparse.TreeConstructionTest" time="0"/>
  <testcase name="check[tests2.dat:2353:false]" classname="ch.digitalfondue.jfiveparse.TreeConstructionTest" time="0"/>
  <testcase name="check[tests2.dat:2354:false]" classname="ch.digitalfondue.jfiveparse.TreeConstructionTest" time="0"/>
  <testcase name="check[tests2.dat:2355:false]" classname="ch.digitalfondue.jfiveparse.TreeConstructionTest" time="0"/>
  <testcase name="check[tests2.dat:2356:false]" classname="ch.digitalfondue.jfiveparse.TreeConstructionTest" time="0"/>
  <testcase name="check[tests2.dat:2357:false]" classname="ch.digitalfondue.jfiveparse.TreeConstructionTest" time="0"/>
  <testcase name="check[tests2.dat:2358:false]" classname="ch.digitalfondue.jfiveparse.TreeConstructionTest" time="0"/>
  <testcase name="check[tests2.dat:2359:false]" classname="ch.digitalfondue.jfiveparse.TreeConstructionTest" time="0"/>
  <testcase name="check[tests2.dat:2360:false]" classname="ch.digitalfondue.jfiveparse.TreeConstructionTest" time="0.001"/>
  <testcase name="check[tests2.dat:2361:false]" classname="ch.digitalfondue.jfiveparse.TreeConstructionTest" time="0"/>
  <testcase name="check[tests2.dat:2362:false]" classname="ch.digitalfondue.jfiveparse.TreeConstructionTest" time="0"/>
  <testcase name="check[tests2.dat:2363:false]" classname="ch.digitalfondue.jfiveparse.TreeConstructionTest" time="0"/>
  <testcase name="check[tests2.dat:2364:false]" classname="ch.digitalfondue.jfiveparse.TreeConstructionTest" time="0"/>
  <testcase name="check[tests2.dat:2365:false]" classname="ch.digitalfondue.jfiveparse.TreeConstructionTest" time="0"/>
  <testcase name="check[tests2.dat:2366:false]" classname="ch.digitalfondue.jfiveparse.TreeConstructionTest" time="0"/>
  <testcase name="check[tests2.dat:2367:false]" classname="ch.digitalfondue.jfiveparse.TreeConstructionTest" time="0"/>
  <testcase name="check[tests2.dat:2368:false]" classname="ch.digitalfondue.jfiveparse.TreeConstructionTest" time="0"/>
  <testcase name="check[tests2.dat:2369:false]" classname="ch.digitalfondue.jfiveparse.TreeConstructionTest" time="0"/>
  <testcase name="check[tests2.dat:2370:false]" classname="ch.digitalfondue.jfiveparse.TreeConstructionTest" time="0"/>
  <testcase name="check[tests2.dat:2371:false]" classname="ch.digitalfondue.jfiveparse.TreeConstructionTest" time="0"/>
  <testcase name="check[tests2.dat:2372:false]" classname="ch.digitalfondue.jfiveparse.TreeConstructionTest" time="0"/>
  <testcase name="check[tests2.dat:2373:false]" classname="ch.digitalfondue.jfiveparse.TreeConstructionTest" time="0"/>
  <testcase name="check[tests2.dat:2374:false]" classname="ch.digitalfondue.jfiveparse.TreeConstructionTest" time="0"/>
  <testcase name="check[tests2.dat:2375:false]" classname="ch.digitalfondue.jfiveparse.TreeConstructionTest" time="0"/>
  <testcase name="check[tests2.dat:2376:false]" classname="ch.digitalfondue.jfiveparse.TreeConstructionTest" time="0"/>
  <testcase name="check[tests2.dat:2377:false]" classname="ch.digitalfondue.jfiveparse.TreeConstructionTest" time="0"/>
  <testcase name="check[tests2.dat:2378:false]" classname="ch.digitalfondue.jfiveparse.TreeConstructionTest" time="0"/>
  <testcase name="check[tests2.dat:2379:false]" classname="ch.digitalfondue.jfiveparse.TreeConstructionTest" time="0"/>
  <testcase name="check[tests2.dat:2380:false]" classname="ch.digitalfondue.jfiveparse.TreeConstructionTest" time="0"/>
  <testcase name="check[tests2.dat:2381:false]" classname="ch.digitalfondue.jfiveparse.TreeConstructionTest" time="0"/>
  <testcase name="check[tests2.dat:2382:false]" classname="ch.digitalfondue.jfiveparse.TreeConstructionTest" time="0"/>
  <testcase name="check[tests2.dat:2383:true]" classname="ch.digitalfondue.jfiveparse.TreeConstructionTest" time="0"/>
  <testcase name="check[tests2.dat:2384:true]" classname="ch.digitalfondue.jfiveparse.TreeConstructionTest" time="0"/>
  <testcase name="check[tests2.dat:2385:true]" classname="ch.digitalfondue.jfiveparse.TreeConstructionTest" time="0"/>
  <testcase name="check[tests2.dat:2386:true]" classname="ch.digitalfondue.jfiveparse.TreeConstructionTest" time="0"/>
  <testcase name="check[tests2.dat:2387:true]" classname="ch.digitalfondue.jfiveparse.TreeConstructionTest" time="0"/>
  <testcase name="check[tests2.dat:2388:true]" classname="ch.digitalfondue.jfiveparse.TreeConstructionTest" time="0.001"/>
  <testcase name="check[tests2.dat:2389:true]" classname="ch.digitalfondue.jfiveparse.TreeConstructionTest" time="0"/>
  <testcase name="check[tests2.dat:2390:true]" classname="ch.digitalfondue.jfiveparse.TreeConstructionTest" time="0"/>
  <testcase name="check[tests2.dat:2391:true]" classname="ch.digitalfondue.jfiveparse.TreeConstructionTest" time="0"/>
  <testcase name="check[tests2.dat:2392:true]" classname="ch.digitalfondue.jfiveparse.TreeConstructionTest" time="0"/>
  <testcase name="check[tests2.dat:2393:true]" classname="ch.digitalfondue.jfiveparse.TreeConstructionTest" time="0"/>
  <testcase name="check[tests2.dat:2394:true]" classname="ch.digitalfondue.jfiveparse.TreeConstructionTest" time="0"/>
  <testcase name="check[tests2.dat:2395:true]" classname="ch.digitalfondue.jfiveparse.TreeConstructionTest" time="0"/>
  <testcase name="check[tests2.dat:2396:true]" classname="ch.digitalfondue.jfiveparse.TreeConstructionTest" time="0"/>
  <testcase name="check[tests2.dat:2397:true]" classname="ch.digitalfondue.jfiveparse.TreeConstructionTest" time="0"/>
  <testcase name="check[tests2.dat:2398:true]" classname="ch.digitalfondue.jfiveparse.TreeConstructionTest" time="0"/>
  <testcase name="check[tests2.dat:2399:true]" classname="ch.digitalfondue.jfiveparse.TreeConstructionTest" time="0"/>
  <testcase name="check[tests2.dat:2400:true]" classname="ch.digitalfondue.jfiveparse.TreeConstructionTest" time="0"/>
  <testcase name="check[tests2.dat:2401:true]" classname="ch.digitalfondue.jfiveparse.TreeConstructionTest" time="0"/>
  <testcase name="check[tests2.dat:2402:true]" classname="ch.digitalfondue.jfiveparse.TreeConstructionTest" time="0"/>
  <testcase name="check[tests2.dat:2403:true]" classname="ch.digitalfondue.jfiveparse.TreeConstructionTest" time="0"/>
  <testcase name="check[tests2.dat:2404:true]" classname="ch.digitalfondue.jfiveparse.TreeConstructionTest" time="0"/>
  <testcase name="check[tests2.dat:2405:true]" classname="ch.digitalfondue.jfiveparse.TreeConstructionTest" time="0"/>
  <testcase name="check[tests2.dat:2406:true]" classname="ch.digitalfondue.jfiveparse.TreeConstructionTest" time="0"/>
  <testcase name="check[tests2.dat:2407:true]" classname="ch.digitalfondue.jfiveparse.TreeConstructionTest" time="0"/>
  <testcase name="check[tests2.dat:2408:true]" classname="ch.digitalfondue.jfiveparse.TreeConstructionTest" time="0"/>
  <testcase name="check[tests2.dat:2409:true]" classname="ch.digitalfondue.jfiveparse.TreeConstructionTest" time="0"/>
  <testcase name="check[tests2.dat:2410:true]" classname="ch.digitalfondue.jfiveparse.TreeConstructionTest" time="0"/>
  <testcase name="check[tests2.dat:2411:true]" classname="ch.digitalfondue.jfiveparse.TreeConstructionTest" time="0"/>
  <testcase name="check[tests2.dat:2412:true]" classname="ch.digitalfondue.jfiveparse.TreeConstructionTest" time="0"/>
  <testcase name="check[tests2.dat:2413:true]" classname="ch.digitalfondue.jfiveparse.TreeConstructionTest" time="0"/>
  <testcase name="check[tests2.dat:2414:true]" classname="ch.digitalfondue.jfiveparse.TreeConstructionTest" time="0.001"/>
  <testcase name="check[tests2.dat:2415:true]" classname="ch.digitalfondue.jfiveparse.TreeConstructionTest" time="0"/>
  <testcase name="check[tests2.dat:2416:true]" classname="ch.digitalfondue.jfiveparse.TreeConstructionTest" time="0"/>
  <testcase name="check[tests2.dat:2417:true]" classname="ch.digitalfondue.jfiveparse.TreeConstructionTest" time="0"/>
  <testcase name="check[tests2.dat:2418:true]" classname="ch.digitalfondue.jfiveparse.TreeConstructionTest" time="0"/>
  <testcase name="check[tests2.dat:2419:true]" classname="ch.digitalfondue.jfiveparse.TreeConstructionTest" time="0"/>
  <testcase name="check[tests2.dat:2420:true]" classname="ch.digitalfondue.jfiveparse.TreeConstructionTest" time="0"/>
  <testcase name="check[tests2.dat:2421:true]" classname="ch.digitalfondue.jfiveparse.TreeConstructionTest" time="0"/>
  <testcase name="check[tests2.dat:2422:true]" classname="ch.digitalfondue.jfiveparse.TreeConstructionTest" time="0"/>
  <testcase name="check[tests2.dat:2423:true]" classname="ch.digitalfondue.jfiveparse.TreeConstructionTest" time="0"/>
  <testcase name="check[tests2.dat:2424:true]" classname="ch.digitalfondue.jfiveparse.TreeConstructionTest" time="0"/>
  <testcase name="check[tests2.dat:2425:true]" classname="ch.digitalfondue.jfiveparse.TreeConstructionTest" time="0"/>
  <testcase name="check[tests2.dat:2426:true]" classname="ch.digitalfondue.jfiveparse.TreeConstructionTest" time="0"/>
  <testcase name="check[tests2.dat:2427:true]" classname="ch.digitalfondue.jfiveparse.TreeConstructionTest" time="0"/>
  <testcase name="check[tests2.dat:2428:true]" classname="ch.digitalfondue.jfiveparse.TreeConstructionTest" time="0"/>
  <testcase name="check[tests2.dat:2429:true]" classname="ch.digitalfondue.jfiveparse.TreeConstructionTest" time="0"/>
  <testcase name="check[tests2.dat:2430:true]" classname="ch.digitalfondue.jfiveparse.TreeConstructionTest" time="0"/>
  <testcase name="check[tests2.dat:2431:true]" classname="ch.digitalfondue.jfiveparse.TreeConstructionTest" time="0"/>
  <testcase name="check[tests2.dat:2432:true]" classname="ch.digitalfondue.jfiveparse.TreeConstructionTest" time="0"/>
  <testcase name="check[tests2.dat:2433:true]" classname="ch.digitalfondue.jfiveparse.TreeConstructionTest" time="0"/>
  <testcase name="check[tests2.dat:2434:true]" classname="ch.digitalfondue.jfiveparse.TreeConstructionTest" time="0.001"/>
  <testcase name="check[tests2.dat:2435:true]" classname="ch.digitalfondue.jfiveparse.TreeConstructionTest" time="0"/>
  <testcase name="check[tests2.dat:2436:true]" classname="ch.digitalfondue.jfiveparse.TreeConstructionTest" time="0"/>
  <testcase name="check[tests2.dat:2437:true]" classname="ch.digitalfondue.jfiveparse.TreeConstructionTest" time="0"/>
  <testcase name="check[tests2.dat:2438:true]" classname="ch.digitalfondue.jfiveparse.TreeConstructionTest" time="0"/>
  <testcase name="check[tests2.dat:2439:true]" classname="ch.digitalfondue.jfiveparse.TreeConstructionTest" time="0"/>
  <testcase name="check[tests2.dat:2440:true]" classname="ch.digitalfondue.jfiveparse.TreeConstructionTest" time="0"/>
  <testcase name="check[tests2.dat:2441:true]" classname="ch.digitalfondue.jfiveparse.TreeConstructionTest" time="0"/>
  <testcase name="check[tests2.dat:2442:true]" classname="ch.digitalfondue.jfiveparse.TreeConstructionTest" time="0"/>
  <testcase name="check[tests2.dat:2443:true]" classname="ch.digitalfondue.jfiveparse.TreeConstructionTest" time="0"/>
  <testcase name="check[tests2.dat:2444:true]" classname="ch.digitalfondue.jfiveparse.TreeConstructionTest" time="0"/>
  <testcase name="check[tests20.dat:2445:false]" classname="ch.digitalfondue.jfiveparse.TreeConstructionTest" time="0"/>
  <testcase name="check[tests20.dat:2446:false]" classname="ch.digitalfondue.jfiveparse.TreeConstructionTest" time="0"/>
  <testcase name="check[tests20.dat:2447:false]" classname="ch.digitalfondue.jfiveparse.TreeConstructionTest" time="0"/>
  <testcase name="check[tests20.dat:2448:false]" classname="ch.digitalfondue.jfiveparse.TreeConstructionTest" time="0"/>
  <testcase name="check[tests20.dat:2449:false]" classname="ch.digitalfondue.jfiveparse.TreeConstructionTest" time="0"/>
  <testcase name="check[tests20.dat:2450:false]" classname="ch.digitalfondue.jfiveparse.TreeConstructionTest" time="0"/>
  <testcase name="check[tests20.dat:2451:false]" classname="ch.digitalfondue.jfiveparse.TreeConstructionTest" time="0"/>
  <testcase name="check[tests20.dat:2452:false]" classname="ch.digitalfondue.jfiveparse.TreeConstructionTest" time="0"/>
  <testcase name="check[tests20.dat:2453:false]" classname="ch.digitalfondue.jfiveparse.TreeConstructionTest" time="0"/>
  <testcase name="check[tests20.dat:2454:false]" classname="ch.digitalfondue.jfiveparse.TreeConstructionTest" time="0"/>
  <testcase name="check[tests20.dat:2455:false]" classname="ch.digitalfondue.jfiveparse.TreeConstructionTest" time="0"/>
  <testcase name="check[tests20.dat:2456:false]" classname="ch.digitalfondue.jfiveparse.TreeConstructionTest" time="0"/>
  <testcase name="check[tests20.dat:2457:false]" classname="ch.digitalfondue.jfiveparse.TreeConstructionTest" time="0"/>
  <testcase name="check[tests20.dat:2458:false]" classname="ch.digitalfondue.jfiveparse.TreeConstructionTest" time="0"/>
  <testcase name="check[tests20.dat:2459:false]" classname="ch.digitalfondue.jfiveparse.TreeConstructionTest" time="0"/>
  <testcase name="check[tests20.dat:2460:false]" classname="ch.digitalfondue.jfiveparse.TreeConstructionTest" time="0"/>
  <testcase name="check[tests20.dat:2461:false]" classname="ch.digitalfondue.jfiveparse.TreeConstructionTest" time="0"/>
  <testcase name="check[tests20.dat:2462:false]" classname="ch.digitalfondue.jfiveparse.TreeConstructionTest" time="0"/>
  <testcase name="check[tests20.dat:2463:false]" classname="ch.digitalfondue.jfiveparse.TreeConstructionTest" time="0"/>
  <testcase name="check[tests20.dat:2464:false]" classname="ch.digitalfondue.jfiveparse.TreeConstructionTest" time="0"/>
  <testcase name="check[tests20.dat:2465:false]" classname="ch.digitalfondue.jfiveparse.TreeConstructionTest" time="0"/>
  <testcase name="check[tests20.dat:2466:false]" classname="ch.digitalfondue.jfiveparse.TreeConstructionTest" time="0"/>
  <testcase name="check[tests20.dat:2467:false]" classname="ch.digitalfondue.jfiveparse.TreeConstructionTest" time="0"/>
  <testcase name="check[tests20.dat:2468:false]" classname="ch.digitalfondue.jfiveparse.TreeConstructionTest" time="0"/>
  <testcase name="check[tests20.dat:2469:false]" classname="ch.digitalfondue.jfiveparse.TreeConstructionTest" time="0"/>
  <testcase name="check[tests20.dat:2470:false]" classname="ch.digitalfondue.jfiveparse.TreeConstructionTest" time="0"/>
  <testcase name="check[tests20.dat:2471:false]" classname="ch.digitalfondue.jfiveparse.TreeConstructionTest" time="0"/>
  <testcase name="check[tests20.dat:2472:false]" classname="ch.digitalfondue.jfiveparse.TreeConstructionTest" time="0"/>
  <testcase name="check[tests20.dat:2473:false]" classname="ch.digitalfondue.jfiveparse.TreeConstructionTest" time="0.001"/>
  <testcase name="check[tests20.dat:2474:false]" classname="ch.digitalfondue.jfiveparse.TreeConstructionTest" time="0"/>
  <testcase name="check[tests20.dat:2475:false]" classname="ch.digitalfondue.jfiveparse.TreeConstructionTest" time="0"/>
  <testcase name="check[tests20.dat:2476:false]" classname="ch.digitalfondue.jfiveparse.TreeConstructionTest" time="0"/>
  <testcase name="check[tests20.dat:2477:false]" classname="ch.digitalfondue.jfiveparse.TreeConstructionTest" time="0"/>
  <testcase name="check[tests20.dat:2478:false]" classname="ch.digitalfondue.jfiveparse.TreeConstructionTest" time="0"/>
  <testcase name="check[tests20.dat:2479:false]" classname="ch.digitalfondue.jfiveparse.TreeConstructionTest" time="0"/>
  <testcase name="check[tests20.dat:2480:false]" classname="ch.digitalfondue.jfiveparse.TreeConstructionTest" time="0"/>
  <testcase name="check[tests20.dat:2481:false]" classname="ch.digitalfondue.jfiveparse.TreeConstructionTest" time="0"/>
  <testcase name="check[tests20.dat:2482:false]" classname="ch.digitalfondue.jfiveparse.TreeConstructionTest" time="0"/>
  <testcase name="check[tests20.dat:2483:false]" classname="ch.digitalfondue.jfiveparse.TreeConstructionTest" time="0"/>
  <testcase name="check[tests20.dat:2484:false]" classname="ch.digitalfondue.jfiveparse.TreeConstructionTest" time="0"/>
  <testcase name="check[tests20.dat:2485:false]" classname="ch.digitalfondue.jfiveparse.TreeConstructionTest" time="0"/>
  <testcase name="check[tests20.dat:2486:false]" classname="ch.digitalfondue.jfiveparse.TreeConstructionTest" time="0"/>
  <testcase name="check[tests20.dat:2487:false]" classname="ch.digitalfondue.jfiveparse.TreeConstructionTest" time="0"/>
  <testcase name="check[tests20.dat:2488:false]" classname="ch.digitalfondue.jfiveparse.TreeConstructionTest" time="0"/>
  <testcase name="check[tests20.dat:2489:true]" classname="ch.digitalfondue.jfiveparse.TreeConstructionTest" time="0"/>
  <testcase name="check[tests20.dat:2490:true]" classname="ch.digitalfondue.jfiveparse.TreeConstructionTest" time="0"/>
  <testcase name="check[tests20.dat:2491:true]" classname="ch.digitalfondue.jfiveparse.TreeConstructionTest" time="0"/>
  <testcase name="check[tests20.dat:2492:true]" classname="ch.digitalfondue.jfiveparse.TreeConstructionTest" time="0"/>
  <testcase name="check[tests20.dat:2493:true]" classname="ch.digitalfondue.jfiveparse.TreeConstructionTest" time="0"/>
  <testcase name="check[tests20.dat:2494:true]" classname="ch.digitalfondue.jfiveparse.TreeConstructionTest" time="0"/>
  <testcase name="check[tests20.dat:2495:true]" classname="ch.digitalfondue.jfiveparse.TreeConstructionTest" time="0"/>
  <testcase name="check[tests20.dat:2496:true]" classname="ch.digitalfondue.jfiveparse.TreeConstructionTest" time="0"/>
  <testcase name="check[tests20.dat:2497:true]" classname="ch.digitalfondue.jfiveparse.TreeConstructionTest" time="0"/>
  <testcase name="check[tests20.dat:2498:true]" classname="ch.digitalfondue.jfiveparse.TreeConstructionTest" time="0"/>
  <testcase name="check[tests20.dat:2499:true]" classname="ch.digitalfondue.jfiveparse.TreeConstructionTest" time="0.001"/>
  <testcase name="check[tests20.dat:2500:true]" classname="ch.digitalfondue.jfiveparse.TreeConstructionTest" time="0"/>
  <testcase name="check[tests20.dat:2501:true]" classname="ch.digitalfondue.jfiveparse.TreeConstructionTest" time="0"/>
  <testcase name="check[tests20.dat:2502:true]" classname="ch.digitalfondue.jfiveparse.TreeConstructionTest" time="0"/>
  <testcase name="check[tests20.dat:2503:true]" classname="ch.digitalfondue.jfiveparse.TreeConstructionTest" time="0"/>
  <testcase name="check[tests20.dat:2504:true]" classname="ch.digitalfondue.jfiveparse.TreeConstructionTest" time="0"/>
  <testcase name="check[tests20.dat:2505:true]" classname="ch.digitalfondue.jfiveparse.TreeConstructionTest" time="0"/>
  <testcase name="check[tests20.dat:2506:true]" classname="ch.digitalfondue.jfiveparse.TreeConstructionTest" time="0"/>
  <testcase name="check[tests20.dat:2507:true]" classname="ch.digitalfondue.jfiveparse.TreeConstructionTest" time="0"/>
  <testcase name="check[tests20.dat:2508:true]" classname="ch.digitalfondue.jfiveparse.TreeConstructionTest" time="0"/>
  <testcase name="check[tests20.dat:2509:true]" classname="ch.digitalfondue.jfiveparse.TreeConstructionTest" time="0"/>
  <testcase name="check[tests20.dat:2510:true]" classname="ch.digitalfondue.jfiveparse.TreeConstructionTest" time="0"/>
  <testcase name="check[tests20.dat:2511:true]" classname="ch.digitalfondue.jfiveparse.TreeConstructionTest" time="0"/>
  <testcase name="check[tests20.dat:2512:true]" classname="ch.digitalfondue.jfiveparse.TreeConstructionTest" time="0"/>
  <testcase name="check[tests20.dat:2513:true]" classname="ch.digitalfondue.jfiveparse.TreeConstructionTest" time="0"/>
  <testcase name="check[tests20.dat:2514:true]" classname="ch.digitalfondue.jfiveparse.TreeConstructionTest" time="0"/>
  <testcase name="check[tests20.dat:2515:true]" classname="ch.digitalfondue.jfiveparse.TreeConstructionTest" time="0"/>
  <testcase name="check[tests20.dat:2516:true]" classname="ch.digitalfondue.jfiveparse.TreeConstructionTest" time="0"/>
  <testcase name="check[tests20.dat:2517:true]" classname="ch.digitalfondue.jfiveparse.TreeConstructionTest" time="0"/>
  <testcase name="check[tests20.dat:2518:true]" classname="ch.digitalfondue.jfiveparse.TreeConstructionTest" time="0"/>
  <testcase name="check[tests20.dat:2519:true]" classname="ch.digitalfondue.jfiveparse.TreeConstructionTest" time="0"/>
  <testcase name="check[tests20.dat:2520:true]" classname="ch.digitalfondue.jfiveparse.TreeConstructionTest" time="0"/>
  <testcase name="check[tests20.dat:2521:true]" classname="ch.digitalfondue.jfiveparse.TreeConstructionTest" time="0"/>
  <testcase name="check[tests20.dat:2522:true]" classname="ch.digitalfondue.jfiveparse.TreeConstructionTest" time="0"/>
  <testcase name="check[tests20.dat:2523:true]" classname="ch.digitalfondue.jfiveparse.TreeConstructionTest" time="0"/>
  <testcase name="check[tests20.dat:2524:true]" classname="ch.digitalfondue.jfiveparse.TreeConstructionTest" time="0"/>
  <testcase name="check[tests20.dat:2525:true]" classname="ch.digitalfondue.jfiveparse.TreeConstructionTest" time="0"/>
  <testcase name="check[tests20.dat:2526:true]" classname="ch.digitalfondue.jfiveparse.TreeConstructionTest" time="0"/>
  <testcase name="check[tests20.dat:2527:true]" classname="ch.digitalfondue.jfiveparse.TreeConstructionTest" time="0"/>
  <testcase name="check[tests20.dat:2528:true]" classname="ch.digitalfondue.jfiveparse.TreeConstructionTest" time="0"/>
  <testcase name="check[tests20.dat:2529:true]" classname="ch.digitalfondue.jfiveparse.TreeConstructionTest" time="0"/>
  <testcase name="check[tests20.dat:2530:true]" classname="ch.digitalfondue.jfiveparse.TreeConstructionTest" time="0"/>
  <testcase name="check[tests20.dat:2531:true]" classname="ch.digitalfondue.jfiveparse.TreeConstructionTest" time="0"/>
  <testcase name="check[tests20.dat:2532:true]" classname="ch.digitalfondue.jfiveparse.TreeConstructionTest" time="0"/>
  <testcase name="check[tests21.dat:2533:false]" classname="ch.digitalfondue.jfiveparse.TreeConstructionTest" time="0"/>
  <testcase name="check[tests21.dat:2534:false]" classname="ch.digitalfondue.jfiveparse.TreeConstructionTest" time="0"/>
  <testcase name="check[tests21.dat:2535:false]" classname="ch.digitalfondue.jfiveparse.TreeConstructionTest" time="0"/>
  <testcase name="check[tests21.dat:2536:false]" classname="ch.digitalfondue.jfiveparse.TreeConstructionTest" time="0"/>
  <testcase name="check[tests21.dat:2537:false]" classname="ch.digitalfondue.jfiveparse.TreeConstructionTest" time="0"/>
  <testcase name="check[tests21.dat:2538:false]" classname="ch.digitalfondue.jfiveparse.TreeConstructionTest" time="0"/>
  <testcase name="check[tests21.dat:2539:false]" classname="ch.digitalfondue.jfiveparse.TreeConstructionTest" time="0"/>
  <testcase name="check[tests21.dat:2540:false]" classname="ch.digitalfondue.jfiveparse.TreeConstructionTest" time="0"/>
  <testcase name="check[tests21.dat:2541:false]" classname="ch.digitalfondue.jfiveparse.TreeConstructionTest" time="0"/>
  <testcase name="check[tests21.dat:2542:false]" classname="ch.digitalfondue.jfiveparse.TreeConstructionTest" time="0"/>
  <testcase name="check[tests21.dat:2543:false]" classname="ch.digitalfondue.jfiveparse.TreeConstructionTest" time="0"/>
  <testcase name="check[tests21.dat:2544:false]" classname="ch.digitalfondue.jfiveparse.TreeConstructionTest" time="0"/>
  <testcase name="check[tests21.dat:2545:false]" classname="ch.digitalfondue.jfiveparse.TreeConstructionTest" time="0"/>
  <testcase name="check[tests21.dat:2546:false]" classname="ch.digitalfondue.jfiveparse.TreeConstructionTest" time="0"/>
  <testcase name="check[tests21.dat:2547:false]" classname="ch.digitalfondue.jfiveparse.TreeConstructionTest" time="0"/>
  <testcase name="check[tests21.dat:2548:false]" classname="ch.digitalfondue.jfiveparse.TreeConstructionTest" time="0"/>
  <testcase name="check[tests21.dat:2549:false]" classname="ch.digitalfondue.jfiveparse.TreeConstructionTest" time="0.001"/>
  <testcase name="check[tests21.dat:2550:false]" classname="ch.digitalfondue.jfiveparse.TreeConstructionTest" time="0"/>
  <testcase name="check[tests21.dat:2551:false]" classname="ch.digitalfondue.jfiveparse.TreeConstructionTest" time="0"/>
  <testcase name="check[tests21.dat:2552:false]" classname="ch.digitalfondue.jfiveparse.TreeConstructionTest" time="0"/>
  <testcase name="check[tests21.dat:2553:false]" classname="ch.digitalfondue.jfiveparse.TreeConstructionTest" time="0"/>
  <testcase name="check[tests21.dat:2554:false]" classname="ch.digitalfondue.jfiveparse.TreeConstructionTest" time="0"/>
  <testcase name="check[tests21.dat:2555:false]" classname="ch.digitalfondue.jfiveparse.TreeConstructionTest" time="0"/>
  <testcase name="check[tests21.dat:2556:false]" classname="ch.digitalfondue.jfiveparse.TreeConstructionTest" time="0"/>
  <testcase name="check[tests21.dat:2557:false]" classname="ch.digitalfondue.jfiveparse.TreeConstructionTest" time="0"/>
  <testcase name="check[tests21.dat:2558:true]" classname="ch.digitalfondue.jfiveparse.TreeConstructionTest" time="0"/>
  <testcase name="check[tests21.dat:2559:true]" classname="ch.digitalfondue.jfiveparse.TreeConstructionTest" time="0"/>
  <testcase name="check[tests21.dat:2560:true]" classname="ch.digitalfondue.jfiveparse.TreeConstructionTest" time="0"/>
  <testcase name="check[tests21.dat:2561:true]" classname="ch.digitalfondue.jfiveparse.TreeConstructionTest" time="0"/>
  <testcase name="check[tests21.dat:2562:true]" classname="ch.digitalfondue.jfiveparse.TreeConstructionTest" time="0"/>
  <testcase name="check[tests21.dat:2563:true]" classname="ch.digitalfondue.jfiveparse.TreeConstructionTest" time="0"/>
  <testcase name="check[tests21.dat:2564:true]" classname="ch.digitalfondue.jfiveparse.TreeConstructionTest" time="0"/>
  <testcase name="check[tests21.dat:2565:true]" classname="ch.digitalfondue.jfiveparse.TreeConstructionTest" time="0"/>
  <testcase name="check[tests21.dat:2566:true]" classname="ch.digitalfondue.jfiveparse.TreeConstructionTest" time="0"/>
  <testcase name="check[tests21.dat:2567:true]" classname="ch.digitalfondue.jfiveparse.TreeConstructionTest" time="0"/>
  <testcase name="check[tests21.dat:2568:true]" classname="ch.digitalfondue.jfiveparse.TreeConstructionTest" time="0"/>
  <testcase name="check[tests21.dat:2569:true]" classname="ch.digitalfondue.jfiveparse.TreeConstructionTest" time="0"/>
  <testcase name="check[tests21.dat:2570:true]" classname="ch.digitalfondue.jfiveparse.TreeConstructionTest" time="0"/>
  <testcase name="check[tests21.dat:2571:true]" classname="ch.digitalfondue.jfiveparse.TreeConstructionTest" time="0"/>
  <testcase name="check[tests21.dat:2572:true]" classname="ch.digitalfondue.jfiveparse.TreeConstructionTest" time="0"/>
  <testcase name="check[tests21.dat:2573:true]" classname="ch.digitalfondue.jfiveparse.TreeConstructionTest" time="0"/>
  <testcase name="check[tests21.dat:2574:true]" classname="ch.digitalfondue.jfiveparse.TreeConstructionTest" time="0.004"/>
  <testcase name="check[tests21.dat:2575:true]" classname="ch.digitalfondue.jfiveparse.TreeConstructionTest" time="0"/>
  <testcase name="check[tests21.dat:2576:true]" classname="ch.digitalfondue.jfiveparse.TreeConstructionTest" time="0"/>
  <testcase name="check[tests21.dat:2577:true]" classname="ch.digitalfondue.jfiveparse.TreeConstructionTest" time="0"/>
  <testcase name="check[tests21.dat:2578:true]" classname="ch.digitalfondue.jfiveparse.TreeConstructionTest" time="0"/>
  <testcase name="check[tests21.dat:2579:true]" classname="ch.digitalfondue.jfiveparse.TreeConstructionTest" time="0"/>
  <testcase name="check[tests21.dat:2580:true]" classname="ch.digitalfondue.jfiveparse.TreeConstructionTest" time="0"/>
  <testcase name="check[tests21.dat:2581:true]" classname="ch.digitalfondue.jfiveparse.TreeConstructionTest" time="0"/>
  <testcase name="check[tests21.dat:2582:true]" classname="ch.digitalfondue.jfiveparse.TreeConstructionTest" time="0"/>
  <testcase name="check[tests22.dat:2583:false]" classname="ch.digitalfondue.jfiveparse.TreeConstructionTest" time="0"/>
  <testcase name="check[tests22.dat:2584:false]" classname="ch.digitalfondue.jfiveparse.TreeConstructionTest" time="0"/>
  <testcase name="check[tests22.dat:2585:false]" classname="ch.digitalfondue.jfiveparse.TreeConstructionTest" time="0"/>
  <testcase name="check[tests22.dat:2586:false]" classname="ch.digitalfondue.jfiveparse.TreeConstructionTest" time="0"/>
  <testcase name="check[tests22.dat:2587:false]" classname="ch.digitalfondue.jfiveparse.TreeConstructionTest" time="0"/>
  <testcase name="check[tests22.dat:2588:true]" classname="ch.digitalfondue.jfiveparse.TreeConstructionTest" time="0"/>
  <testcase name="check[tests22.dat:2589:true]" classname="ch.digitalfondue.jfiveparse.TreeConstructionTest" time="0"/>
  <testcase name="check[tests22.dat:2590:true]" classname="ch.digitalfondue.jfiveparse.TreeConstructionTest" time="0"/>
  <testcase name="check[tests22.dat:2591:true]" classname="ch.digitalfondue.jfiveparse.TreeConstructionTest" time="0"/>
  <testcase name="check[tests22.dat:2592:true]" classname="ch.digitalfondue.jfiveparse.TreeConstructionTest" time="0"/>
  <testcase name="check[tests23.dat:2593:false]" classname="ch.digitalfondue.jfiveparse.TreeConstructionTest" time="0"/>
  <testcase name="check[tests23.dat:2594:false]" classname="ch.digitalfondue.jfiveparse.TreeConstructionTest" time="0"/>
  <testcase name="check[tests23.dat:2595:false]" classname="ch.digitalfondue.jfiveparse.TreeConstructionTest" time="0"/>
  <testcase name="check[tests23.dat:2596:false]" classname="ch.digitalfondue.jfiveparse.TreeConstructionTest" time="0"/>
  <testcase name="check[tests23.dat:2597:false]" classname="ch.digitalfondue.jfiveparse.TreeConstructionTest" time="0"/>
  <testcase name="check[tests23.dat:2598:true]" classname="ch.digitalfondue.jfiveparse.TreeConstructionTest" time="0"/>
  <testcase name="check[tests23.dat:2599:true]" classname="ch.digitalfondue.jfiveparse.TreeConstructionTest" time="0"/>
  <testcase name="check[tests23.dat:2600:true]" classname="ch.digitalfondue.jfiveparse.TreeConstructionTest" time="0"/>
  <testcase name="check[tests23.dat:2601:true]" classname="ch.digitalfondue.jfiveparse.TreeConstructionTest" time="0"/>
  <testcase name="check[tests23.dat:2602:true]" classname="ch.digitalfondue.jfiveparse.TreeConstructionTest" time="0"/>
  <testcase name="check[tests24.dat:2603:false]" classname="ch.digitalfondue.jfiveparse.TreeConstructionTest" time="0"/>
  <testcase name="check[tests24.dat:2604:false]" classname="ch.digitalfondue.jfiveparse.TreeConstructionTest" time="0"/>
  <testcase name="check[tests24.dat:2605:false]" classname="ch.digitalfondue.jfiveparse.TreeConstructionTest" time="0"/>
  <testcase name="check[tests24.dat:2606:false]" classname="ch.digitalfondue.jfiveparse.TreeConstructionTest" time="0"/>
  <testcase name="check[tests24.dat:2607:false]" classname="ch.digitalfondue.jfiveparse.TreeConstructionTest" time="0"/>
  <testcase name="check[tests24.dat:2608:false]" classname="ch.digitalfondue.jfiveparse.TreeConstructionTest" time="0"/>
  <testcase name="check[tests24.dat:2609:false]" classname="ch.digitalfondue.jfiveparse.TreeConstructionTest" time="0"/>
  <testcase name="check[tests24.dat:2610:false]" classname="ch.digitalfondue.jfiveparse.TreeConstructionTest" time="0"/>
  <testcase name="check[tests24.dat:2611:true]" classname="ch.digitalfondue.jfiveparse.TreeConstructionTest" time="0"/>
  <testcase name="check[tests24.dat:2612:true]" classname="ch.digitalfondue.jfiveparse.TreeConstructionTest" time="0"/>
  <testcase name="check[tests24.dat:2613:true]" classname="ch.digitalfondue.jfiveparse.TreeConstructionTest" time="0"/>
  <testcase name="check[tests24.dat:2614:true]" classname="ch.digitalfondue.jfiveparse.TreeConstructionTest" time="0"/>
  <testcase name="check[tests24.dat:2615:true]" classname="ch.digitalfondue.jfiveparse.TreeConstructionTest" time="0"/>
  <testcase name="check[tests24.dat:2616:true]" classname="ch.digitalfondue.jfiveparse.TreeConstructionTest" time="0"/>
  <testcase name="check[tests24.dat:2617:true]" classname="ch.digitalfondue.jfiveparse.TreeConstructionTest" time="0"/>
  <testcase name="check[tests24.dat:2618:true]" classname="ch.digitalfondue.jfiveparse.TreeConstructionTest" time="0"/>
  <testcase name="check[tests25.dat:2619:false]" classname="ch.digitalfondue.jfiveparse.TreeConstructionTest" time="0"/>
  <testcase name="check[tests25.dat:2620:false]" classname="ch.digitalfondue.jfiveparse.TreeConstructionTest" time="0"/>
  <testcase name="check[tests25.dat:2621:false]" classname="ch.digitalfondue.jfiveparse.TreeConstructionTest" time="0"/>
  <testcase name="check[tests25.dat:2622:false]" classname="ch.digitalfondue.jfiveparse.TreeConstructionTest" time="0"/>
  <testcase name="check[tests25.dat:2623:false]" classname="ch.digitalfondue.jfiveparse.TreeConstructionTest" time="0"/>
  <testcase name="check[tests25.dat:2624:false]" classname="ch.digitalfondue.jfiveparse.TreeConstructionTest" time="0"/>
  <testcase name="check[tests25.dat:2625:false]" classname="ch.digitalfondue.jfiveparse.TreeConstructionTest" time="0"/>
  <testcase name="check[tests25.dat:2626:false]" classname="ch.digitalfondue.jfiveparse.TreeConstructionTest" time="0"/>
  <testcase name="check[tests25.dat:2627:false]" classname="ch.digitalfondue.jfiveparse.TreeConstructionTest" time="0"/>
  <testcase name="check[tests25.dat:2628:false]" classname="ch.digitalfondue.jfiveparse.TreeConstructionTest" time="0"/>
  <testcase name="check[tests25.dat:2629:false]" classname="ch.digitalfondue.jfiveparse.TreeConstructionTest" time="0"/>
  <testcase name="check[tests25.dat:2630:false]" classname="ch.digitalfondue.jfiveparse.TreeConstructionTest" time="0"/>
  <testcase name="check[tests25.dat:2631:false]" classname="ch.digitalfondue.jfiveparse.TreeConstructionTest" time="0"/>
  <testcase name="check[tests25.dat:2632:false]" classname="ch.digitalfondue.jfiveparse.TreeConstructionTest" time="0"/>
  <testcase name="check[tests25.dat:2633:false]" classname="ch.digitalfondue.jfiveparse.TreeConstructionTest" time="0"/>
  <testcase name="check[tests25.dat:2634:false]" classname="ch.digitalfondue.jfiveparse.TreeConstructionTest" time="0"/>
  <testcase name="check[tests25.dat:2635:false]" classname="ch.digitalfondue.jfiveparse.TreeConstructionTest" time="0"/>
  <testcase name="check[tests25.dat:2636:false]" classname="ch.digitalfondue.jfiveparse.TreeConstructionTest" time="0"/>
  <testcase name="check[tests25.dat:2637:false]" classname="ch.digitalfondue.jfiveparse.TreeConstructionTest" time="0"/>
  <testcase name="check[tests25.dat:2638:false]" classname="ch.digitalfondue.jfiveparse.TreeConstructionTest" time="0"/>
  <testcase name="check[tests25.dat:2639:false]" classname="ch.digitalfondue.jfiveparse.TreeConstructionTest" time="0"/>
  <testcase name="check[tests25.dat:2640:false]" classname="ch.digitalfondue.jfiveparse.TreeConstructionTest" time="0"/>
  <testcase name="check[tests25.dat:2641:false]" classname="ch.digitalfondue.jfiveparse.TreeConstructionTest" time="0"/>
  <testcase name="check[tests25.dat:2642:false]" classname="ch.digitalfondue.jfiveparse.TreeConstructionTest" time="0"/>
  <testcase name="check[tests25.dat:2643:false]" classname="ch.digitalfondue.jfiveparse.TreeConstructionTest" time="0"/>
  <testcase name="check[tests25.dat:2644:false]" classname="ch.digitalfondue.jfiveparse.TreeConstructionTest" time="0"/>
  <testcase name="check[tests25.dat:2645:true]" classname="ch.digitalfondue.jfiveparse.TreeConstructionTest" time="0"/>
  <testcase name="check[tests25.dat:2646:true]" classname="ch.digitalfondue.jfiveparse.TreeConstructionTest" time="0"/>
  <testcase name="check[tests25.dat:2647:true]" classname="ch.digitalfondue.jfiveparse.TreeConstructionTest" time="0"/>
  <testcase name="check[tests25.dat:2648:true]" classname="ch.digitalfondue.jfiveparse.TreeConstructionTest" time="0"/>
  <testcase name="check[tests25.dat:2649:true]" classname="ch.digitalfondue.jfiveparse.TreeConstructionTest" time="0"/>
  <testcase name="check[tests25.dat:2650:true]" classname="ch.digitalfondue.jfiveparse.TreeConstructionTest" time="0"/>
  <testcase name="check[tests25.dat:2651:true]" classname="ch.digitalfondue.jfiveparse.TreeConstructionTest" time="0"/>
  <testcase name="check[tests25.dat:2652:true]" classname="ch.digitalfondue.jfiveparse.TreeConstructionTest" time="0"/>
  <testcase name="check[tests25.dat:2653:true]" classname="ch.digitalfondue.jfiveparse.TreeConstructionTest" time="0"/>
  <testcase name="check[tests25.dat:2654:true]" classname="ch.digitalfondue.jfiveparse.TreeConstructionTest" time="0"/>
  <testcase name="check[tests25.dat:2655:true]" classname="ch.digitalfondue.jfiveparse.TreeConstructionTest" time="0"/>
  <testcase name="check[tests25.dat:2656:true]" classname="ch.digitalfondue.jfiveparse.TreeConstructionTest" time="0"/>
  <testcase name="check[tests25.dat:2657:true]" classname="ch.digitalfondue.jfiveparse.TreeConstructionTest" time="0"/>
  <testcase name="check[tests25.dat:2658:true]" classname="ch.digitalfondue.jfiveparse.TreeConstructionTest" time="0"/>
  <testcase name="check[tests25.dat:2659:true]" classname="ch.digitalfondue.jfiveparse.TreeConstructionTest" time="0"/>
  <testcase name="check[tests25.dat:2660:true]" classname="ch.digitalfondue.jfiveparse.TreeConstructionTest" time="0.001"/>
  <testcase name="check[tests25.dat:2661:true]" classname="ch.digitalfondue.jfiveparse.TreeConstructionTest" time="0"/>
  <testcase name="check[tests25.dat:2662:true]" classname="ch.digitalfondue.jfiveparse.TreeConstructionTest" time="0"/>
  <testcase name="check[tests25.dat:2663:true]" classname="ch.digitalfondue.jfiveparse.TreeConstructionTest" time="0"/>
  <testcase name="check[tests25.dat:2664:true]" classname="ch.digitalfondue.jfiveparse.TreeConstructionTest" time="0"/>
  <testcase name="check[tests25.dat:2665:true]" classname="ch.digitalfondue.jfiveparse.TreeConstructionTest" time="0"/>
  <testcase name="check[tests25.dat:2666:true]" classname="ch.digitalfondue.jfiveparse.TreeConstructionTest" time="0"/>
  <testcase name="check[tests25.dat:2667:true]" classname="ch.digitalfondue.jfiveparse.TreeConstructionTest" time="0"/>
  <testcase name="check[tests25.dat:2668:true]" classname="ch.digitalfondue.jfiveparse.TreeConstructionTest" time="0"/>
  <testcase name="check[tests25.dat:2669:true]" classname="ch.digitalfondue.jfiveparse.TreeConstructionTest" time="0"/>
  <testcase name="check[tests25.dat:2670:true]" classname="ch.digitalfondue.jfiveparse.TreeConstructionTest" time="0"/>
  <testcase name="check[tests26.dat:2671:false]" classname="ch.digitalfondue.jfiveparse.TreeConstructionTest" time="0"/>
  <testcase name="check[tests26.dat:2672:false]" classname="ch.digitalfondue.jfiveparse.TreeConstructionTest" time="0"/>
  <testcase name="check[tests26.dat:2673:false]" classname="ch.digitalfondue.jfiveparse.TreeConstructionTest" time="0"/>
  <testcase name="check[tests26.dat:2674:false]" classname="ch.digitalfondue.jfiveparse.TreeConstructionTest" time="0"/>
  <testcase name="check[tests26.dat:2675:false]" classname="ch.digitalfondue.jfiveparse.TreeConstructionTest" time="0"/>
  <testcase name="check[tests26.dat:2676:false]" classname="ch.digitalfondue.jfiveparse.TreeConstructionTest" time="0"/>
  <testcase name="check[tests26.dat:2677:false]" classname="ch.digitalfondue.jfiveparse.TreeConstructionTest" time="0"/>
  <testcase name="check[tests26.dat:2678:false]" classname="ch.digitalfondue.jfiveparse.TreeConstructionTest" time="0"/>
  <testcase name="check[tests26.dat:2679:false]" classname="ch.digitalfondue.jfiveparse.TreeConstructionTest" time="0"/>
  <testcase name="check[tests26.dat:2680:false]" classname="ch.digitalfondue.jfiveparse.TreeConstructionTest" time="0.001"/>
  <testcase name="check[tests26.dat:2681:false]" classname="ch.digitalfondue.jfiveparse.TreeConstructionTest" time="0"/>
  <testcase name="check[tests26.dat:2682:false]" classname="ch.digitalfondue.jfiveparse.TreeConstructionTest" time="0"/>
  <testcase name="check[tests26.dat:2683:false]" classname="ch.digitalfondue.jfiveparse.TreeConstructionTest" time="0"/>
  <testcase name="check[tests26.dat:2684:false]" classname="ch.digitalfondue.jfiveparse.TreeConstructionTest" time="0"/>
  <testcase name="check[tests26.dat:2685:false]" classname="ch.digitalfondue.jfiveparse.TreeConstructionTest" time="0"/>
  <testcase name="check[tests26.dat:2686:false]" classname="ch.digitalfondue.jfiveparse.TreeConstructionTest" time="0"/>
  <testcase name="check[tests26.dat:2687:true]" classname="ch.digitalfondue.jfiveparse.TreeConstructionTest" time="0"/>
  <testcase name="check[tests26.dat:2688:true]" classname="ch.digitalfondue.jfiveparse.TreeConstructionTest" time="0"/>
  <testcase name="check[tests26.dat:2689:true]" classname="ch.digitalfondue.jfiveparse.TreeConstructionTest" time="0"/>
  <testcase name="check[tests26.dat:2690:true]" classname="ch.digitalfondue.jfiveparse.TreeConstructionTest" time="0"/>
  <testcase name="check[tests26.dat:2691:true]" classname="ch.digitalfondue.jfiveparse.TreeConstructionTest" time="0"/>
  <testcase name="check[tests26.dat:2692:true]" classname="ch.digitalfondue.jfiveparse.TreeConstructionTest" time="0"/>
  <testcase name="check[tests26.dat:2693:true]" classname="ch.digitalfondue.jfiveparse.TreeConstructionTest" time="0"/>
  <testcase name="check[tests26.dat:2694:true]" classname="ch.digitalfondue.jfiveparse.TreeConstructionTest" time="0"/>
  <testcase name="check[tests26.dat:2695:true]" classname="ch.digitalfondue.jfiveparse.TreeConstructionTest" time="0"/>
  <testcase name="check[tests26.dat:2696:true]" classname="ch.digitalfondue.jfiveparse.TreeConstructionTest" time="0"/>
  <testcase name="check[tests26.dat:2697:true]" classname="ch.digitalfondue.jfiveparse.TreeConstructionTest" time="0.001"/>
  <testcase name="check[tests26.dat:2698:true]" classname="ch.digitalfondue.jfiveparse.TreeConstructionTest" time="0"/>
  <testcase name="check[tests26.dat:2699:true]" classname="ch.digitalfondue.jfiveparse.TreeConstructionTest" time="0"/>
  <testcase name="check[tests26.dat:2700:true]" classname="ch.digitalfondue.jfiveparse.TreeConstructionTest" time="0"/>
  <testcase name="check[tests26.dat:2701:true]" classname="ch.digitalfondue.jfiveparse.TreeConstructionTest" time="0"/>
  <testcase name="check[tests26.dat:2702:true]" classname="ch.digitalfondue.jfiveparse.TreeConstructionTest" time="0"/>
  <testcase name="check[tests3.dat:2703:false]" classname="ch.digitalfondue.jfiveparse.TreeConstructionTest" time="0"/>
  <testcase name="check[tests3.dat:2704:false]" classname="ch.digitalfondue.jfiveparse.TreeConstructionTest" time="0"/>
  <testcase name="check[tests3.dat:2705:false]" classname="ch.digitalfondue.jfiveparse.TreeConstructionTest" time="0"/>
  <testcase name="check[tests3.dat:2706:false]" classname="ch.digitalfondue.jfiveparse.TreeConstructionTest" time="0"/>
  <testcase name="check[tests3.dat:2707:false]" classname="ch.digitalfondue.jfiveparse.TreeConstructionTest" time="0"/>
  <testcase name="check[tests3.dat:2708:false]" classname="ch.digitalfondue.jfiveparse.TreeConstructionTest" time="0"/>
  <testcase name="check[tests3.dat:2709:false]" classname="ch.digitalfondue.jfiveparse.TreeConstructionTest" time="0"/>
  <testcase name="check[tests3.dat:2710:false]" classname="ch.digitalfondue.jfiveparse.TreeConstructionTest" time="0"/>
  <testcase name="check[tests3.dat:2711:false]" classname="ch.digitalfondue.jfiveparse.TreeConstructionTest" time="0"/>
  <testcase name="check[tests3.dat:2712:false]" classname="ch.digitalfondue.jfiveparse.TreeConstructionTest" time="0"/>
  <testcase name="check[tests3.dat:2713:false]" classname="ch.digitalfondue.jfiveparse.TreeConstructionTest" time="0"/>
  <testcase name="check[tests3.dat:2714:false]" classname="ch.digitalfondue.jfiveparse.TreeConstructionTest" time="0"/>
  <testcase name="check[tests3.dat:2715:false]" classname="ch.digitalfondue.jfiveparse.TreeConstructionTest" time="0"/>
  <testcase name="check[tests3.dat:2716:false]" classname="ch.digitalfondue.jfiveparse.TreeConstructionTest" time="0"/>
  <testcase name="check[tests3.dat:2717:false]" classname="ch.digitalfondue.jfiveparse.TreeConstructionTest" time="0"/>
  <testcase name="check[tests3.dat:2718:false]" classname="ch.digitalfondue.jfiveparse.TreeConstructionTest" time="0"/>
  <testcase name="check[tests3.dat:2719:false]" classname="ch.digitalfondue.jfiveparse.TreeConstructionTest" time="0"/>
  <testcase name="check[tests3.dat:2720:false]" classname="ch.digitalfondue.jfiveparse.TreeConstructionTest" time="0"/>
  <testcase name="check[tests3.dat:2721:false]" classname="ch.digitalfondue.jfiveparse.TreeConstructionTest" time="0"/>
  <testcase name="check[tests3.dat:2722:false]" classname="ch.digitalfondue.jfiveparse.TreeConstructionTest" time="0"/>
  <testcase name="check[tests3.dat:2723:false]" classname="ch.digitalfondue.jfiveparse.TreeConstructionTest" time="0"/>
  <testcase name="check[tests3.dat:2724:false]" classname="ch.digitalfondue.jfiveparse.TreeConstructionTest" time="0"/>
  <testcase name="check[tests3.dat:2725:false]" classname="ch.digitalfondue.jfiveparse.TreeConstructionTest" time="0"/>
  <testcase name="check[tests3.dat:2726:false]" classname="ch.digitalfondue.jfiveparse.TreeConstructionTest" time="0"/>
  <testcase name="check[tests3.dat:2727:true]" classname="ch.digitalfondue.jfiveparse.TreeConstructionTest" time="0"/>
  <testcase name="check[tests3.dat:2728:true]" classname="ch.digitalfondue.jfiveparse.TreeConstructionTest" time="0"/>
  <testcase name="check[tests3.dat:2729:true]" classname="ch.digitalfondue.jfiveparse.TreeConstructionTest" time="0"/>
  <testcase name="check[tests3.dat:2730:true]" classname="ch.digitalfondue.jfiveparse.TreeConstructionTest" time="0"/>
  <testcase name="check[tests3.dat:2731:true]" classname="ch.digitalfondue.jfiveparse.TreeConstructionTest" time="0"/>
  <testcase name="check[tests3.dat:2732:true]" classname="ch.digitalfondue.jfiveparse.TreeConstructionTest" time="0"/>
  <testcase name="check[tests3.dat:2733:true]" classname="ch.digitalfondue.jfiveparse.TreeConstructionTest" time="0"/>
  <testcase name="check[tests3.dat:2734:true]" classname="ch.digitalfondue.jfiveparse.TreeConstructionTest" time="0"/>
  <testcase name="check[tests3.dat:2735:true]" classname="ch.digitalfondue.jfiveparse.TreeConstructionTest" time="0.001"/>
  <testcase name="check[tests3.dat:2736:true]" classname="ch.digitalfondue.jfiveparse.TreeConstructionTest" time="0"/>
  <testcase name="check[tests3.dat:2737:true]" classname="ch.digitalfondue.jfiveparse.TreeConstructionTest" time="0"/>
  <testcase name="check[tests3.dat:2738:true]" classname="ch.digitalfondue.jfiveparse.TreeConstructionTest" time="0"/>
  <testcase name="check[tests3.dat:2739:true]" classname="ch.digitalfondue.jfiveparse.TreeConstructionTest" time="0"/>
  <testcase name="check[tests3.dat:2740:true]" classname="ch.digitalfondue.jfiveparse.TreeConstructionTest" time="0"/>
  <testcase name="check[tests3.dat:2741:true]" classname="ch.digitalfondue.jfiveparse.TreeConstructionTest" time="0"/>
  <testcase name="check[tests3.dat:2742:true]" classname="ch.digitalfondue.jfiveparse.TreeConstructionTest" time="0"/>
  <testcase name="check[tests3.dat:2743:true]" classname="ch.digitalfondue.jfiveparse.TreeConstructionTest" time="0"/>
  <testcase name="check[tests3.dat:2744:true]" classname="ch.digitalfondue.jfiveparse.TreeConstructionTest" time="0"/>
  <testcase name="check[tests3.dat:2745:true]" classname="ch.digitalfondue.jfiveparse.TreeConstructionTest" time="0"/>
  <testcase name="check[tests3.dat:2746:true]" classname="ch.digitalfondue.jfiveparse.TreeConstructionTest" time="0"/>
  <testcase name="check[tests3.dat:2747:true]" classname="ch.digitalfondue.jfiveparse.TreeConstructionTest" time="0"/>
  <testcase name="check[tests3.dat:2748:true]" classname="ch.digitalfondue.jfiveparse.TreeConstructionTest" time="0"/>
  <testcase name="check[tests3.dat:2749:true]" classname="ch.digitalfondue.jfiveparse.TreeConstructionTest" time="0"/>
  <testcase name="check[tests3.dat:2750:true]" classname="ch.digitalfondue.jfiveparse.TreeConstructionTest" time="0"/>
  <testcase name="check[tests4.dat:2751:false]" classname="ch.digitalfondue.jfiveparse.TreeConstructionTest" time="0"/>
  <testcase name="check[tests4.dat:2752:false]" classname="ch.digitalfondue.jfiveparse.TreeConstructionTest" time="0"/>
  <testcase name="check[tests4.dat:2753:false]" classname="ch.digitalfondue.jfiveparse.TreeConstructionTest" time="0"/>
  <testcase name="check[tests4.dat:2754:false]" classname="ch.digitalfondue.jfiveparse.TreeConstructionTest" time="0"/>
  <testcase name="check[tests4.dat:2755:false]" classname="ch.digitalfondue.jfiveparse.TreeConstructionTest" time="0.001"/>
  <testcase name="check[tests4.dat:2756:false]" classname="ch.digitalfondue.jfiveparse.TreeConstructionTest" time="0"/>
  <testcase name="check[tests4.dat:2757:false]" classname="ch.digitalfondue.jfiveparse.TreeConstructionTest" time="0"/>
  <testcase name="check[tests4.dat:2758:true]" classname="ch.digitalfondue.jfiveparse.TreeConstructionTest" time="0"/>
  <testcase name="check[tests4.dat:2759:true]" classname="ch.digitalfondue.jfiveparse.TreeConstructionTest" time="0"/>
  <testcase name="check[tests4.dat:2760:true]" classname="ch.digitalfondue.jfiveparse.TreeConstructionTest" time="0"/>
  <testcase name="check[tests4.dat:2761:true]" classname="ch.digitalfondue.jfiveparse.TreeConstructionTest" time="0"/>
  <testcase name="check[tests4.dat:2762:true]" classname="ch.digitalfondue.jfiveparse.TreeConstructionTest" time="0"/>
  <testcase name="check[tests4.dat:2763:true]" classname="ch.digitalfondue.jfiveparse.TreeConstructionTest" time="0"/>
  <testcase name="check[tests4.dat:2764:true]" classname="ch.digitalfondue.jfiveparse.TreeConstructionTest" time="0"/>
  <testcase name="check[tests5.dat:2765:false]" classname="ch.digitalfondue.jfiveparse.TreeConstructionTest" time="0"/>
  <testcase name="check[tests5.dat:2766:false]" classname="ch.digitalfondue.jfiveparse.TreeConstructionTest" time="0"/>
  <testcase name="check[tests5.dat:2767:false]" classname="ch.digitalfondue.jfiveparse.TreeConstructionTest" time="0"/>
  <testcase name="check[tests5.dat:2768:false]" classname="ch.digitalfondue.jfiveparse.TreeConstructionTest" time="0"/>
  <testcase name="check[tests5.dat:2769:false]" classname="ch.digitalfondue.jfiveparse.TreeConstructionTest" time="0"/>
  <testcase name="check[tests5.dat:2770:false]" classname="ch.digitalfondue.jfiveparse.TreeConstructionTest" time="0"/>
  <testcase name="check[tests5.dat:2771:false]" classname="ch.digitalfondue.jfiveparse.TreeConstructionTest" time="0"/>
  <testcase name="check[tests5.dat:2772:false]" classname="ch.digitalfondue.jfiveparse.TreeConstructionTest" time="0"/>
  <testcase name="check[tests5.dat:2773:false]" classname="ch.digitalfondue.jfiveparse.TreeConstructionTest" time="0"/>
  <testcase name="check[tests5.dat:2774:false]" classname="ch.digitalfondue.jfiveparse.TreeConstructionTest" time="0"/>
  <testcase name="check[tests5.dat:2775:false]" classname="ch.digitalfondue.jfiveparse.TreeConstructionTest" time="0"/>
  <testcase name="check[tests5.dat:2776:false]" classname="ch.digitalfondue.jfiveparse.TreeConstructionTest" time="0"/>
  <testcase name="check[tests5.dat:2777:false]" classname="ch.digitalfondue.jfiveparse.TreeConstructionTest" time="0"/>
  <testcase name="check[tests5.dat:2778:false]" classname="ch.digitalfondue.jfiveparse.TreeConstructionTest" time="0"/>
  <testcase name="check[tests5.dat:2779:false]" classname="ch.digitalfondue.jfiveparse.TreeConstructionTest" time="0.001"/>
  <testcase name="check[tests5.dat:2780:false]" classname="ch.digitalfondue.jfiveparse.TreeConstructionTest" time="0"/>
  <testcase name="check[tests5.dat:2781:true]" classname="ch.digitalfondue.jfiveparse.TreeConstructionTest" time="0"/>
  <testcase name="check[tests5.dat:2782:true]" classname="ch.digitalfondue.jfiveparse.TreeConstructionTest" time="0"/>
  <testcase name="check[tests5.dat:2783:true]" classname="ch.digitalfondue.jfiveparse.TreeConstructionTest" time="0"/>
  <testcase name="check[tests5.dat:2784:true]" classname="ch.digitalfondue.jfiveparse.TreeConstructionTest" time="0"/>
  <testcase name="check[tests5.dat:2785:true]" classname="ch.digitalfondue.jfiveparse.TreeConstructionTest" time="0"/>
  <testcase name="check[tests5.dat:2786:true]" classname="ch.digitalfondue.jfiveparse.TreeConstructionTest" time="0"/>
  <testcase name="check[tests5.dat:2787:true]" classname="ch.digitalfondue.jfiveparse.TreeConstructionTest" time="0"/>
  <testcase name="check[tests5.dat:2788:true]" classname="ch.digitalfondue.jfiveparse.TreeConstructionTest" time="0"/>
  <testcase name="check[tests5.dat:2789:true]" classname="ch.digitalfondue.jfiveparse.TreeConstructionTest" time="0"/>
  <testcase name="check[tests5.dat:2790:true]" classname="ch.digitalfondue.jfiveparse.TreeConstructionTest" time="0"/>
  <testcase name="check[tests5.dat:2791:true]" classname="ch.digitalfondue.jfiveparse.TreeConstructionTest" time="0"/>
  <testcase name="check[tests5.dat:2792:true]" classname="ch.digitalfondue.jfiveparse.TreeConstructionTest" time="0"/>
  <testcase name="check[tests5.dat:2793:true]" classname="ch.digitalfondue.jfiveparse.TreeConstructionTest" time="0"/>
  <testcase name="check[tests5.dat:2794:true]" classname="ch.digitalfondue.jfiveparse.TreeConstructionTest" time="0"/>
  <testcase name="check[tests5.dat:2795:true]" classname="ch.digitalfondue.jfiveparse.TreeConstructionTest" time="0"/>
  <testcase name="check[tests5.dat:2796:true]" classname="ch.digitalfondue.jfiveparse.TreeConstructionTest" time="0"/>
  <testcase name="check[tests6.dat:2797:false]" classname="ch.digitalfondue.jfiveparse.TreeConstructionTest" time="0"/>
  <testcase name="check[tests6.dat:2798:false]" classname="ch.digitalfondue.jfiveparse.TreeConstructionTest" time="0"/>
  <testcase name="check[tests6.dat:2799:false]" classname="ch.digitalfondue.jfiveparse.TreeConstructionTest" time="0"/>
  <testcase name="check[tests6.dat:2800:false]" classname="ch.digitalfondue.jfiveparse.TreeConstructionTest" time="0"/>
  <testcase name="check[tests6.dat:2801:false]" classname="ch.digitalfondue.jfiveparse.TreeConstructionTest" time="0"/>
  <testcase name="check[tests6.dat:2802:false]" classname="ch.digitalfondue.jfiveparse.TreeConstructionTest" time="0.001"/>
  <testcase name="check[tests6.dat:2803:false]" classname="ch.digitalfondue.jfiveparse.TreeConstructionTest" time="0"/>
  <testcase name="check[tests6.dat:2804:false]" classname="ch.digitalfondue.jfiveparse.TreeConstructionTest" time="0"/>
  <testcase name="check[tests6.dat:2805:false]" classname="ch.digitalfondue.jfiveparse.TreeConstructionTest" time="0"/>
  <testcase name="check[tests6.dat:2806:false]" classname="ch.digitalfondue.jfiveparse.TreeConstructionTest" time="0"/>
  <testcase name="check[tests6.dat:2807:false]" classname="ch.digitalfondue.jfiveparse.TreeConstructionTest" time="0"/>
  <testcase name="check[tests6.dat:2808:false]" classname="ch.digitalfondue.jfiveparse.TreeConstructionTest" time="0"/>
  <testcase name="check[tests6.dat:2809:false]" classname="ch.digitalfondue.jfiveparse.TreeConstructionTest" time="0"/>
  <testcase name="check[tests6.dat:2810:false]" classname="ch.digitalfondue.jfiveparse.TreeConstructionTest" time="0"/>
  <testcase name="check[tests6.dat:2811:false]" classname="ch.digitalfondue.jfiveparse.TreeConstructionTest" time="0"/>
  <testcase name="check[tests6.dat:2812:false]" classname="ch.digitalfondue.jfiveparse.TreeConstructionTest" time="0"/>
  <testcase name="check[tests6.dat:2813:false]" classname="ch.digitalfondue.jfiveparse.TreeConstructionTest" time="0"/>
  <testcase name="check[tests6.dat:2814:false]" classname="ch.digitalfondue.jfiveparse.TreeConstructionTest" time="0"/>
  <testcase name="check[tests6.dat:2815:false]" classname="ch.digitalfondue.jfiveparse.TreeConstructionTest" time="0"/>
  <testcase name="check[tests6.dat:2816:false]" classname="ch.digitalfondue.jfiveparse.TreeConstructionTest" time="0"/>
  <testcase name="check[tests6.dat:2817:false]" classname="ch.digitalfondue.jfiveparse.TreeConstructionTest" time="0"/>
  <testcase name="check[tests6.dat:2818:false]" classname="ch.digitalfondue.jfiveparse.TreeConstructionTest" time="0"/>
  <testcase name="check[tests6.dat:2819:false]" classname="ch.digitalfondue.jfiveparse.TreeConstructionTest" time="0"/>
  <testcase name="check[tests6.dat:2820:false]" classname="ch.digitalfondue.jfiveparse.TreeConstructionTest" time="0"/>
  <testcase name="check[tests6.dat:2821:false]" classname="ch.digitalfondue.jfiveparse.TreeConstructionTest" time="0"/>
  <testcase name="check[tests6.dat:2822:false]" classname="ch.digitalfondue.jfiveparse.TreeConstructionTest" time="0"/>
  <testcase name="check[tests6.dat:2823:false]" classname="ch.digitalfondue.jfiveparse.TreeConstructionTest" time="0"/>
  <testcase name="check[tests6.dat:2824:false]" classname="ch.digitalfondue.jfiveparse.TreeConstructionTest" time="0"/>
  <testcase name="check[tests6.dat:2825:false]" classname="ch.digitalfondue.jfiveparse.TreeConstructionTest" time="0"/>
  <testcase name="check[tests6.dat:2826:false]" classname="ch.digitalfondue.jfiveparse.TreeConstructionTest" time="0"/>
  <testcase name="check[tests6.dat:2827:false]" classname="ch.digitalfondue.jfiveparse.TreeConstructionTest" time="0"/>
  <testcase name="check[tests6.dat:2828:false]" classname="ch.digitalfondue.jfiveparse.TreeConstructionTest" time="0.001"/>
  <testcase name="check[tests6.dat:2829:false]" classname="ch.digitalfondue.jfiveparse.TreeConstructionTest" time="0"/>
  <testcase name="check[tests6.dat:2830:false]" classname="ch.digitalfondue.jfiveparse.TreeConstructionTest" time="0"/>
  <testcase name="check[tests6.dat:2831:false]" classname="ch.digitalfondue.jfiveparse.TreeConstructionTest" time="0"/>
  <testcase name="check[tests6.dat:2832:false]" classname="ch.digitalfondue.jfiveparse.TreeConstructionTest" time="0"/>
  <testcase name="check[tests6.dat:2833:false]" classname="ch.digitalfondue.jfiveparse.TreeConstructionTest" time="0"/>
  <testcase name="check[tests6.dat:2834:false]" classname="ch.digitalfondue.jfiveparse.TreeConstructionTest" time="0"/>
  <testcase name="check[tests6.dat:2835:false]" classname="ch.digitalfondue.jfiveparse.TreeConstructionTest" time="0"/>
  <testcase name="check[tests6.dat:2836:false]" classname="ch.digitalfondue.jfiveparse.TreeConstructionTest" time="0"/>
  <testcase name="check[tests6.dat:2837:false]" classname="ch.digitalfondue.jfiveparse.TreeConstructionTest" time="0"/>
  <testcase name="check[tests6.dat:2838:false]" classname="ch.digitalfondue.jfiveparse.TreeConstructionTest" time="0"/>
  <testcase name="check[tests6.dat:2839:false]" classname="ch.digitalfondue.jfiveparse.TreeConstructionTest" time="0"/>
  <testcase name="check[tests6.dat:2840:false]" classname="ch.digitalfondue.jfiveparse.TreeConstructionTest" time="0"/>
  <testcase name="check[tests6.dat:2841:false]" classname="ch.digitalfondue.jfiveparse.TreeConstructionTest" time="0"/>
  <testcase name="check[tests6.dat:2842:false]" classname="ch.digitalfondue.jfiveparse.TreeConstructionTest" time="0"/>
  <testcase name="check[tests6.dat:2843:false]" classname="ch.digitalfondue.jfiveparse.TreeConstructionTest" time="0"/>
  <testcase name="check[tests6.dat:2844:false]" classname="ch.digitalfondue.jfiveparse.TreeConstructionTest" time="0"/>
  <testcase name="check[tests6.dat:2845:false]" classname="ch.digitalfondue.jfiveparse.TreeConstructionTest" time="0"/>
  <testcase name="check[tests6.dat:2846:false]" classname="ch.digitalfondue.jfiveparse.TreeConstructionTest" time="0"/>
  <testcase name="check[tests6.dat:2847:false]" classname="ch.digitalfondue.jfiveparse.TreeConstructionTest" time="0"/>
  <testcase name="check[tests6.dat:2848:false]" classname="ch.digitalfondue.jfiveparse.TreeConstructionTest" time="0"/>
  <testcase name="check[tests6.dat:2849:true]" classname="ch.digitalfondue.jfiveparse.TreeConstructionTest" time="0"/>
  <testcase name="check[tests6.dat:2850:true]" classname="ch.digitalfondue.jfiveparse.TreeConstructionTest" time="0"/>
  <testcase name="check[tests6.dat:2851:true]" classname="ch.digitalfondue.jfiveparse.TreeConstructionTest" time="0"/>
  <testcase name="check[tests6.dat:2852:true]" classname="ch.digitalfondue.jfiveparse.TreeConstructionTest" time="0"/>
  <testcase name="check[tests6.dat:2853:true]" classname="ch.digitalfondue.jfiveparse.TreeConstructionTest" time="0.001"/>
  <testcase name="check[tests6.dat:2854:true]" classname="ch.digitalfondue.jfiveparse.TreeConstructionTest" time="0"/>
  <testcase name="check[tests6.dat:2855:true]" classname="ch.digitalfondue.jfiveparse.TreeConstructionTest" time="0"/>
  <testcase name="check[tests6.dat:2856:true]" classname="ch.digitalfondue.jfiveparse.TreeConstructionTest" time="0"/>
  <testcase name="check[tests6.dat:2857:true]" classname="ch.digitalfondue.jfiveparse.TreeConstructionTest" time="0"/>
  <testcase name="check[tests6.dat:2858:true]" classname="ch.digitalfondue.jfiveparse.TreeConstructionTest" time="0"/>
  <testcase name="check[tests6.dat:2859:true]" classname="ch.digitalfondue.jfiveparse.TreeConstructionTest" time="0"/>
  <testcase name="check[tests6.dat:2860:true]" classname="ch.digitalfondue.jfiveparse.TreeConstructionTest" time="0"/>
  <testcase name="check[tests6.dat:2861:true]" classname="ch.digitalfondue.jfiveparse.TreeConstructionTest" time="0"/>
  <testcase name="check[tests6.dat:2862:true]" classname="ch.digitalfondue.jfiveparse.TreeConstructionTest" time="0"/>
  <testcase name="check[tests6.dat:2863:true]" classname="ch.digitalfondue.jfiveparse.TreeConstructionTest" time="0"/>
  <testcase name="check[tests6.dat:2864:true]" classname="ch.digitalfondue.jfiveparse.TreeConstructionTest" time="0"/>
  <testcase name="check[tests6.dat:2865:true]" classname="ch.digitalfondue.jfiveparse.TreeConstructionTest" time="0"/>
  <testcase name="check[tests6.dat:2866:true]" classname="ch.digitalfondue.jfiveparse.TreeConstructionTest" time="0"/>
  <testcase name="check[tests6.dat:2867:true]" classname="ch.digitalfondue.jfiveparse.TreeConstructionTest" time="0"/>
  <testcase name="check[tests6.dat:2868:true]" classname="ch.digitalfondue.jfiveparse.TreeConstructionTest" time="0"/>
  <testcase name="check[tests6.dat:2869:true]" classname="ch.digitalfondue.jfiveparse.TreeConstructionTest" time="0"/>
  <testcase name="check[tests6.dat:2870:true]" classname="ch.digitalfondue.jfiveparse.TreeConstructionTest" time="0"/>
  <testcase name="check[tests6.dat:2871:true]" classname="ch.digitalfondue.jfiveparse.TreeConstructionTest" time="0"/>
  <testcase name="check[tests6.dat:2872:true]" classname="ch.digitalfondue.jfiveparse.TreeConstructionTest" time="0"/>
  <testcase name="check[tests6.dat:2873:true]" classname="ch.digitalfondue.jfiveparse.TreeConstructionTest" time="0.001"/>
  <testcase name="check[tests6.dat:2874:true]" classname="ch.digitalfondue.jfiveparse.TreeConstructionTest" time="0"/>
  <testcase name="check[tests6.dat:2875:true]" classname="ch.digitalfondue.jfiveparse.TreeConstructionTest" time="0"/>
  <testcase name="check[tests6.dat:2876:true]" classname="ch.digitalfondue.jfiveparse.TreeConstructionTest" time="0"/>
  <testcase name="check[tests6.dat:2877:true]" classname="ch.digitalfondue.jfiveparse.TreeConstructionTest" time="0"/>
  <testcase name="check[tests6.dat:2878:true]" classname="ch.digitalfondue.jfiveparse.TreeConstructionTest" time="0"/>
  <testcase name="check[tests6.dat:2879:true]" classname="ch.digitalfondue.jfiveparse.TreeConstructionTest" time="0"/>
  <testcase name="check[tests6.dat:2880:true]" classname="ch.digitalfondue.jfiveparse.TreeConstructionTest" time="0"/>
  <testcase name="check[tests6.dat:2881:true]" classname="ch.digitalfondue.jfiveparse.TreeConstructionTest" time="0"/>
  <testcase name="check[tests6.dat:2882:true]" classname="ch.digitalfondue.jfiveparse.TreeConstructionTest" time="0"/>
  <testcase name="check[tests6.dat:2883:true]" classname="ch.digitalfondue.jfiveparse.TreeConstructionTest" time="0"/>
  <testcase name="check[tests6.dat:2884:true]" classname="ch.digitalfondue.jfiveparse.TreeConstructionTest" time="0"/>
  <testcase name="check[tests6.dat:2885:true]" classname="ch.digitalfondue.jfiveparse.TreeConstructionTest" time="0"/>
  <testcase name="check[tests6.dat:2886:true]" classname="ch.digitalfondue.jfiveparse.TreeConstructionTest" time="0"/>
  <testcase name="check[tests6.dat:2887:true]" classname="ch.digitalfondue.jfiveparse.TreeConstructionTest" time="0"/>
  <testcase name="check[tests6.dat:2888:true]" classname="ch.digitalfondue.jfiveparse.TreeConstructionTest" time="0"/>
  <testcase name="check[tests6.dat:2889:true]" classname="ch.digitalfondue.jfiveparse.TreeConstructionTest" time="0"/>
  <testcase name="check[tests6.dat:2890:true]" classname="ch.digitalfondue.jfiveparse.TreeConstructionTest" time="0"/>
  <testcase name="check[tests6.dat:2891:true]" classname="ch.digitalfondue.jfiveparse.TreeConstructionTest" time="0"/>
  <testcase name="check[tests6.dat:2892:true]" classname="ch.digitalfondue.jfiveparse.TreeConstructionTest" time="0"/>
  <testcase name="check[tests6.dat:2893:true]" classname="ch.digitalfondue.jfiveparse.TreeConstructionTest" time="0"/>
  <testcase name="check[tests6.dat:2894:true]" classname="ch.digitalfondue.jfiveparse.TreeConstructionTest" time="0"/>
  <testcase name="check[tests6.dat:2895:true]" classname="ch.digitalfondue.jfiveparse.TreeConstructionTest" time="0"/>
  <testcase name="check[tests6.dat:2896:true]" classname="ch.digitalfondue.jfiveparse.TreeConstructionTest" time="0"/>
  <testcase name="check[tests6.dat:2897:true]" classname="ch.digitalfondue.jfiveparse.TreeConstructionTest" time="0"/>
  <testcase name="check[tests6.dat:2898:true]" classname="ch.digitalfondue.jfiveparse.TreeConstructionTest" time="0.001"/>
  <testcase name="check[tests6.dat:2899:true]" classname="ch.digitalfondue.jfiveparse.TreeConstructionTest" time="0"/>
  <testcase name="check[tests6.dat:2900:true]" classname="ch.digitalfondue.jfiveparse.TreeConstructionTest" time="0"/>
  <testcase name="check[tests7.dat:2901:false]" classname="ch.digitalfondue.jfiveparse.TreeConstructionTest" time="0"/>
  <testcase name="check[tests7.dat:2902:false]" classname="ch.digitalfondue.jfiveparse.TreeConstructionTest" time="0"/>
  <testcase name="check[tests7.dat:2903:false]" classname="ch.digitalfondue.jfiveparse.TreeConstructionTest" time="0"/>
  <testcase name="check[tests7.dat:2904:false]" classname="ch.digitalfondue.jfiveparse.TreeConstructionTest" time="0"/>
  <testcase name="check[tests7.dat:2905:false]" classname="ch.digitalfondue.jfiveparse.TreeConstructionTest" time="0"/>
  <testcase name="check[tests7.dat:2906:false]" classname="ch.digitalfondue.jfiveparse.TreeConstructionTest" time="0"/>
  <testcase name="check[tests7.dat:2907:false]" classname="ch.digitalfondue.jfiveparse.TreeConstructionTest" time="0"/>
  <testcase name="check[tests7.dat:2908:false]" classname="ch.digitalfondue.jfiveparse.TreeConstructionTest" time="0"/>
  <testcase name="check[tests7.dat:2909:false]" classname="ch.digitalfondue.jfiveparse.TreeConstructionTest" time="0"/>
  <testcase name="check[tests7.dat:2910:false]" classname="ch.digitalfondue.jfiveparse.TreeConstructionTest" time="0"/>
  <testcase name="check[tests7.dat:2911:false]" classname="ch.digitalfondue.jfiveparse.TreeConstructionTest" time="0"/>
  <testcase name="check[tests7.dat:2912:false]" classname="ch.digitalfondue.jfiveparse.TreeConstructionTest" time="0"/>
  <testcase name="check[tests7.dat:2913:false]" classname="ch.digitalfondue.jfiveparse.TreeConstructionTest" time="0"/>
  <testcase name="check[tests7.dat:2914:false]" classname="ch.digitalfondue.jfiveparse.TreeConstructionTest" time="0.001"/>
  <testcase name="check[tests7.dat:2915:false]" classname="ch.digitalfondue.jfiveparse.TreeConstructionTest" time="0"/>
  <testcase name="check[tests7.dat:2916:false]" classname="ch.digitalfondue.jfiveparse.TreeConstructionTest" time="0"/>
  <testcase name="check[tests7.dat:2917:false]" classname="ch.digitalfondue.jfiveparse.TreeConstructionTest" time="0"/>
  <testcase name="check[tests7.dat:2918:false]" classname="ch.digitalfondue.jfiveparse.TreeConstructionTest" time="0"/>
  <testcase name="check[tests7.dat:2919:false]" classname="ch.digitalfondue.jfiveparse.TreeConstructionTest" time="0"/>
  <testcase name="check[tests7.dat:2920:false]" classname="ch.digitalfondue.jfiveparse.TreeConstructionTest" time="0"/>
  <testcase name="check[tests7.dat:2921:false]" classname="ch.digitalfondue.jfiveparse.TreeConstructionTest" time="0"/>
  <testcase name="check[tests7.dat:2922:false]" classname="ch.digitalfondue.jfiveparse.TreeConstructionTest" time="0"/>
  <testcase name="check[tests7.dat:2923:false]" classname="ch.digitalfondue.jfiveparse.TreeConstructionTest" time="0"/>
  <testcase name="check[tests7.dat:2924:false]" classname="ch.digitalfondue.jfiveparse.TreeConstructionTest" time="0"/>
  <testcase name="check[tests7.dat:2925:false]" classname="ch.digitalfondue.jfiveparse.TreeConstructionTest" time="0"/>
  <testcase name="check[tests7.dat:2926:false]" classname="ch.digitalfondue.jfiveparse.TreeConstructionTest" time="0"/>
  <testcase name="check[tests7.dat:2927:false]" classname="ch.digitalfondue.jfiveparse.TreeConstructionTest" time="0"/>
  <testcase name="check[tests7.dat:2928:false]" classname="ch.digitalfondue.jfiveparse.TreeConstructionTest" time="0"/>
  <testcase name="check[tests7.dat:2929:false]" classname="ch.digitalfondue.jfiveparse.TreeConstructionTest" time="0"/>
  <testcase name="check[tests7.dat:2930:false]" classname="ch.digitalfondue.jfiveparse.TreeConstructionTest" time="0"/>
  <testcase name="check[tests7.dat:2931:false]" classname="ch.digitalfondue.jfiveparse.TreeConstructionTest" time="0"/>
  <testcase name="check[tests7.dat:2932:true]" classname="ch.digitalfondue.jfiveparse.TreeConstructionTest" time="0"/>
  <testcase name="check[tests7.dat:2933:true]" classname="ch.digitalfondue.jfiveparse.TreeConstructionTest" time="0"/>
  <testcase name="check[tests7.dat:2934:true]" classname="ch.digitalfondue.jfiveparse.TreeConstructionTest" time="0"/>
  <testcase name="check[tests7.dat:2935:true]" classname="ch.digitalfondue.jfiveparse.TreeConstructionTest" time="0"/>
  <testcase name="check[tests7.dat:2936:true]" classname="ch.digitalfondue.jfiveparse.TreeConstructionTest" time="0"/>
  <testcase name="check[tests7.dat:2937:true]" classname="ch.digitalfondue.jfiveparse.TreeConstructionTest" time="0"/>
  <testcase name="check[tests7.dat:2938:true]" classname="ch.digitalfondue.jfiveparse.TreeConstructionTest" time="0"/>
  <testcase name="check[tests7.dat:2939:true]" classname="ch.digitalfondue.jfiveparse.TreeConstructionTest" time="0"/>
  <testcase name="check[tests7.dat:2940:true]" classname="ch.digitalfondue.jfiveparse.TreeConstructionTest" time="0"/>
  <testcase name="check[tests7.dat:2941:true]" classname="ch.digitalfondue.jfiveparse.TreeConstructionTest" time="0"/>
  <testcase name="check[tests7.dat:2942:true]" classname="ch.digitalfondue.jfiveparse.TreeConstructionTest" time="0"/>
  <testcase name="check[tests7.dat:2943:true]" classname="ch.digitalfondue.jfiveparse.TreeConstructionTest" time="0"/>
  <testcase name="check[tests7.dat:2944:true]" classname="ch.digitalfondue.jfiveparse.TreeConstructionTest" time="0"/>
  <testcase name="check[tests7.dat:2945:true]" classname="ch.digitalfondue.jfiveparse.TreeConstructionTest" time="0.001"/>
  <testcase name="check[tests7.dat:2946:true]" classname="ch.digitalfondue.jfiveparse.TreeConstructionTest" time="0"/>
  <testcase name="check[tests7.dat:2947:true]" classname="ch.digitalfondue.jfiveparse.TreeConstructionTest" time="0"/>
  <testcase name="check[tests7.dat:2948:true]" classname="ch.digitalfondue.jfiveparse.TreeConstructionTest" time="0"/>
  <testcase name="check[tests7.dat:2949:true]" classname="ch.digitalfondue.jfiveparse.TreeConstructionTest" time="0"/>
  <testcase name="check[tests7.dat:2950:true]" classname="ch.digitalfondue.jfiveparse.TreeConstructionTest" time="0"/>
  <testcase name="check[tests7.dat:2951:true]" classname="ch.digitalfondue.jfiveparse.TreeConstructionTest" time="0"/>
  <testcase name="check[tests7.dat:2952:true]" classname="ch.digitalfondue.jfiveparse.TreeConstructionTest" time="0"/>
  <testcase name="check[tests7.dat:2953:true]" classname="ch.digitalfondue.jfiveparse.TreeConstructionTest" time="0"/>
  <testcase name="check[tests7.dat:2954:true]" classname="ch.digitalfondue.jfiveparse.TreeConstructionTest" time="0"/>
  <testcase name="check[tests7.dat:2955:true]" classname="ch.digitalfondue.jfiveparse.TreeConstructionTest" time="0"/>
  <testcase name="check[tests7.dat:2956:true]" classname="ch.digitalfondue.jfiveparse.TreeConstructionTest" time="0"/>
  <testcase name="check[tests7.dat:2957:true]" classname="ch.digitalfondue.jfiveparse.TreeConstructionTest" time="0"/>
  <testcase name="check[tests7.dat:2958:true]" classname="ch.digitalfondue.jfiveparse.TreeConstructionTest" time="0"/>
  <testcase name="check[tests7.dat:2959:true]" classname="ch.digitalfondue.jfiveparse.TreeConstructionTest" time="0"/>
  <testcase name="check[tests7.dat:2960:true]" classname="ch.digitalfondue.jfiveparse.TreeConstructionTest" time="0"/>
  <testcase name="check[tests7.dat:2961:true]" classname="ch.digitalfondue.jfiveparse.TreeConstructionTest" time="0"/>
  <testcase name="check[tests7.dat:2962:true]" classname="ch.digitalfondue.jfiveparse.TreeConstructionTest" time="0"/>
  <testcase name="check[tests8.dat:2963:false]" classname="ch.digitalfondue.jfiveparse.TreeConstructionTest" time="0"/>
  <testcase name="check[tests8.dat:2964:false]" classname="ch.digitalfondue.jfiveparse.TreeConstructionTest" time="0"/>
  <testcase name="check[tests8.dat:2965:false]" classname="ch.digitalfondue.jfiveparse.TreeConstructionTest" time="0"/>
  <testcase name="check[tests8.dat:2966:false]" classname="ch.digitalfondue.jfiveparse.TreeConstructionTest" time="0"/>
  <testcase name="check[tests8.dat:2967:false]" classname="ch.digitalfondue.jfiveparse.TreeConstructionTest" time="0.001"/>
  <testcase name="check[tests8.dat:2968:false]" classname="ch.digitalfondue.jfiveparse.TreeConstructionTest" time="0"/>
  <testcase name="check[tests8.dat:2969:false]" classname="ch.digitalfondue.jfiveparse.TreeConstructionTest" time="0"/>
  <testcase name="check[tests8.dat:2970:false]" classname="ch.digitalfondue.jfiveparse.TreeConstructionTest" time="0"/>
  <testcase name="check[tests8.dat:2971:false]" classname="ch.digitalfondue.jfiveparse.TreeConstructionTest" time="0"/>
  <testcase name="check[tests8.dat:2972:false]" classname="ch.digitalfondue.jfiveparse.TreeConstructionTest" time="0"/>
  <testcase name="check[tests8.dat:2973:true]" classname="ch.digitalfondue.jfiveparse.TreeConstructionTest" time="0"/>
  <testcase name="check[tests8.dat:2974:true]" classname="ch.digitalfondue.jfiveparse.TreeConstructionTest" time="0"/>
  <testcase name="check[tests8.dat:2975:true]" classname="ch.digitalfondue.jfiveparse.TreeConstructionTest" time="0"/>
  <testcase name="check[tests8.dat:2976:true]" classname="ch.digitalfondue.jfiveparse.TreeConstructionTest" time="0"/>
  <testcase name="check[tests8.dat:2977:true]" classname="ch.digitalfondue.jfiveparse.TreeConstructionTest" time="0"/>
  <testcase name="check[tests8.dat:2978:true]" classname="ch.digitalfondue.jfiveparse.TreeConstructionTest" time="0"/>
  <testcase name="check[tests8.dat:2979:true]" classname="ch.digitalfondue.jfiveparse.TreeConstructionTest" time="0"/>
  <testcase name="check[tests8.dat:2980:true]" classname="ch.digitalfondue.jfiveparse.TreeConstructionTest" time="0"/>
  <testcase name="check[tests8.dat:2981:true]" classname="ch.digitalfondue.jfiveparse.TreeConstructionTest" time="0"/>
  <testcase name="check[tests8.dat:2982:true]" classname="ch.digitalfondue.jfiveparse.TreeConstructionTest" time="0"/>
  <testcase name="check[tests9.dat:2983:false]" classname="ch.digitalfondue.jfiveparse.TreeConstructionTest" time="0"/>
  <testcase name="check[tests9.dat:2984:false]" classname="ch.digitalfondue.jfiveparse.TreeConstructionTest" time="0"/>
  <testcase name="check[tests9.dat:2985:false]" classname="ch.digitalfondue.jfiveparse.TreeConstructionTest" time="0"/>
  <testcase name="check[tests9.dat:2986:false]" classname="ch.digitalfondue.jfiveparse.TreeConstructionTest" time="0"/>
  <testcase name="check[tests9.dat:2987:false]" classname="ch.digitalfondue.jfiveparse.TreeConstructionTest" time="0"/>
  <testcase name="check[tests9.dat:2988:false]" classname="ch.digitalfondue.jfiveparse.TreeConstructionTest" time="0"/>
  <testcase name="check[tests9.dat:2989:false]" classname="ch.digitalfondue.jfiveparse.TreeConstructionTest" time="0"/>
  <testcase name="check[tests9.dat:2990:false]" classname="ch.digitalfondue.jfiveparse.TreeConstructionTest" time="0"/>
  <testcase name="check[tests9.dat:2991:false]" classname="ch.digitalfondue.jfiveparse.TreeConstructionTest" time="0.001"/>
  <testcase name="check[tests9.dat:2992:false]" classname="ch.digitalfondue.jfiveparse.TreeConstructionTest" time="0"/>
  <testcase name="check[tests9.dat:2993:false]" classname="ch.digitalfondue.jfiveparse.TreeConstructionTest" time="0"/>
  <testcase name="check[tests9.dat:2994:false]" classname="ch.digitalfondue.jfiveparse.TreeConstructionTest" time="0"/>
  <testcase name="check[tests9.dat:2995:false]" classname="ch.digitalfondue.jfiveparse.TreeConstructionTest" time="0"/>
  <testcase name="check[tests9.dat:2996:false]" classname="ch.digitalfondue.jfiveparse.TreeConstructionTest" time="0"/>
  <testcase name="check[tests9.dat:2997:false]" classname="ch.digitalfondue.jfiveparse.TreeConstructionTest" time="0"/>
  <testcase name="check[tests9.dat:2998:false]" classname="ch.digitalfondue.jfiveparse.TreeConstructionTest" time="0"/>
  <testcase name="check[tests9.dat:2999:false]" classname="ch.digitalfondue.jfiveparse.TreeConstructionTest" time="0"/>
  <testcase name="check[tests9.dat:3000:false]" classname="ch.digitalfondue.jfiveparse.TreeConstructionTest" time="0"/>
  <testcase name="check[tests9.dat:3001:false]" classname="ch.digitalfondue.jfiveparse.TreeConstructionTest" time="0"/>
  <testcase name="check[tests9.dat:3002:false]" classname="ch.digitalfondue.jfiveparse.TreeConstructionTest" time="0"/>
  <testcase name="check[tests9.dat:3003:false]" classname="ch.digitalfondue.jfiveparse.TreeConstructionTest" time="0"/>
  <testcase name="check[tests9.dat:3004:false]" classname="ch.digitalfondue.jfiveparse.TreeConstructionTest" time="0"/>
  <testcase name="check[tests9.dat:3005:false]" classname="ch.digitalfondue.jfiveparse.TreeConstructionTest" time="0"/>
  <testcase name="check[tests9.dat:3006:false]" classname="ch.digitalfondue.jfiveparse.TreeConstructionTest" time="0"/>
  <testcase name="check[tests9.dat:3007:false]" classname="ch.digitalfondue.jfiveparse.TreeConstructionTest" time="0"/>
  <testcase name="check[tests9.dat:3008:false]" classname="ch.digitalfondue.jfiveparse.TreeConstructionTest" time="0.001"/>
  <testcase name="check[tests9.dat:3009:false]" classname="ch.digitalfondue.jfiveparse.TreeConstructionTest" time="0"/>
  <testcase name="check[tests9.dat:3010:true]" classname="ch.digitalfondue.jfiveparse.TreeConstructionTest" time="0"/>
  <testcase name="check[tests9.dat:3011:true]" classname="ch.digitalfondue.jfiveparse.TreeConstructionTest" time="0"/>
  <testcase name="check[tests9.dat:3012:true]" classname="ch.digitalfondue.jfiveparse.TreeConstructionTest" time="0"/>
  <testcase name="check[tests9.dat:3013:true]" classname="ch.digitalfondue.jfiveparse.TreeConstructionTest" time="0"/>
  <testcase name="check[tests9.dat:3014:true]" classname="ch.digitalfondue.jfiveparse.TreeConstructionTest" time="0"/>
  <testcase name="check[tests9.dat:3015:true]" classname="ch.digitalfondue.jfiveparse.TreeConstructionTest" time="0"/>
  <testcase name="check[tests9.dat:3016:true]" classname="ch.digitalfondue.jfiveparse.TreeConstructionTest" time="0"/>
  <testcase name="check[tests9.dat:3017:true]" classname="ch.digitalfondue.jfiveparse.TreeConstructionTest" time="0"/>
  <testcase name="check[tests9.dat:3018:true]" classname="ch.digitalfondue.jfiveparse.TreeConstructionTest" time="0"/>
  <testcase name="check[tests9.dat:3019:true]" classname="ch.digitalfondue.jfiveparse.TreeConstructionTest" time="0"/>
  <testcase name="check[tests9.dat:3020:true]" classname="ch.digitalfondue.jfiveparse.TreeConstructionTest" time="0"/>
  <testcase name="check[tests9.dat:3021:true]" classname="ch.digitalfondue.jfiveparse.TreeConstructionTest" time="0"/>
  <testcase name="check[tests9.dat:3022:true]" classname="ch.digitalfondue.jfiveparse.TreeConstructionTest" time="0"/>
  <testcase name="check[tests9.dat:3023:true]" classname="ch.digitalfondue.jfiveparse.TreeConstructionTest" time="0"/>
  <testcase name="check[tests9.dat:3024:true]" classname="ch.digitalfondue.jfiveparse.TreeConstructionTest" time="0"/>
  <testcase name="check[tests9.dat:3025:true]" classname="ch.digitalfondue.jfiveparse.TreeConstructionTest" time="0"/>
  <testcase name="check[tests9.dat:3026:true]" classname="ch.digitalfondue.jfiveparse.TreeConstructionTest" time="0"/>
  <testcase name="check[tests9.dat:3027:true]" classname="ch.digitalfondue.jfiveparse.TreeConstructionTest" time="0.001"/>
  <testcase name="check[tests9.dat:3028:true]" classname="ch.digitalfondue.jfiveparse.TreeConstructionTest" time="0"/>
  <testcase name="check[tests9.dat:3029:true]" classname="ch.digitalfondue.jfiveparse.TreeConstructionTest" time="0"/>
  <testcase name="check[tests9.dat:3030:true]" classname="ch.digitalfondue.jfiveparse.TreeConstructionTest" time="0"/>
  <testcase name="check[tests9.dat:3031:true]" classname="ch.digitalfondue.jfiveparse.TreeConstructionTest" time="0"/>
  <testcase name="check[tests9.dat:3032:true]" classname="ch.digitalfondue.jfiveparse.TreeConstructionTest" time="0"/>
  <testcase name="check[tests9.dat:3033:true]" classname="ch.digitalfondue.jfiveparse.TreeConstructionTest" time="0"/>
  <testcase name="check[tests9.dat:3034:true]" classname="ch.digitalfondue.jfiveparse.TreeConstructionTest" time="0"/>
  <testcase name="check[tests9.dat:3035:true]" classname="ch.digitalfondue.jfiveparse.TreeConstructionTest" time="0"/>
  <testcase name="check[tests9.dat:3036:true]" classname="ch.digitalfondue.jfiveparse.TreeConstructionTest" time="0"/>
  <testcase name="check[tests_innerHTML_1.dat:3037:false]" classname="ch.digitalfondue.jfiveparse.TreeConstructionTest" time="0"/>
  <testcase name="check[tests_innerHTML_1.dat:3038:false]" classname="ch.digitalfondue.jfiveparse.TreeConstructionTest" time="0"/>
  <testcase name="check[tests_innerHTML_1.dat:3039:false]" classname="ch.digitalfondue.jfiveparse.TreeConstructionTest" time="0"/>
  <testcase name="check[tests_innerHTML_1.dat:3040:false]" classname="ch.digitalfondue.jfiveparse.TreeConstructionTest" time="0"/>
  <testcase name="check[tests_innerHTML_1.dat:3041:false]" classname="ch.digitalfondue.jfiveparse.TreeConstructionTest" time="0"/>
  <testcase name="check[tests_innerHTML_1.dat:3042:false]" classname="ch.digitalfondue.jfiveparse.TreeConstructionTest" time="0"/>
  <testcase name="check[tests_innerHTML_1.dat:3043:false]" classname="ch.digitalfondue.jfiveparse.TreeConstructionTest" time="0.001"/>
  <testcase name="check[tests_innerHTML_1.dat:3044:false]" classname="ch.digitalfondue.jfiveparse.TreeConstructionTest" time="0"/>
  <testcase name="check[tests_innerHTML_1.dat:3045:false]" classname="ch.digitalfondue.jfiveparse.TreeConstructionTest" time="0"/>
  <testcase name="check[tests_innerHTML_1.dat:3046:false]" classname="ch.digitalfondue.jfiveparse.TreeConstructionTest" time="0"/>
  <testcase name="check[tests_innerHTML_1.dat:3047:false]" classname="ch.digitalfondue.jfiveparse.TreeConstructionTest" time="0"/>
  <testcase name="check[tests_innerHTML_1.dat:3048:false]" classname="ch.digitalfondue.jfiveparse.TreeConstructionTest" time="0"/>
  <testcase name="check[tests_innerHTML_1.dat:3049:false]" classname="ch.digitalfondue.jfiveparse.TreeConstructionTest" time="0"/>
  <testcase name="check[tests_innerHTML_1.dat:3050:false]" classname="ch.digitalfondue.jfiveparse.TreeConstructionTest" time="0"/>
  <testcase name="check[tests_innerHTML_1.dat:3051:false]" classname="ch.digitalfondue.jfiveparse.TreeConstructionTest" time="0"/>
  <testcase name="check[tests_innerHTML_1.dat:3052:false]" classname="ch.digitalfondue.jfiveparse.TreeConstructionTest" time="0"/>
  <testcase name="check[tests_innerHTML_1.dat:3053:false]" classname="ch.digitalfondue.jfiveparse.TreeConstructionTest" time="0"/>
  <testcase name="check[tests_innerHTML_1.dat:3054:false]" classname="ch.digitalfondue.jfiveparse.TreeConstructionTest" time="0"/>
  <testcase name="check[tests_innerHTML_1.dat:3055:false]" classname="ch.digitalfondue.jfiveparse.TreeConstructionTest" time="0"/>
  <testcase name="check[tests_innerHTML_1.dat:3056:false]" classname="ch.digitalfondue.jfiveparse.TreeConstructionTest" time="0"/>
  <testcase name="check[tests_innerHTML_1.dat:3057:false]" classname="ch.digitalfondue.jfiveparse.TreeConstructionTest" time="0"/>
  <testcase name="check[tests_innerHTML_1.dat:3058:false]" classname="ch.digitalfondue.jfiveparse.TreeConstructionTest" time="0"/>
  <testcase name="check[tests_innerHTML_1.dat:3059:false]" classname="ch.digitalfondue.jfiveparse.TreeConstructionTest" time="0"/>
  <testcase name="check[tests_innerHTML_1.dat:3060:false]" classname="ch.digitalfondue.jfiveparse.TreeConstructionTest" time="0"/>
  <testcase name="check[tests_innerHTML_1.dat:3061:false]" classname="ch.digitalfondue.jfiveparse.TreeConstructionTest" time="0"/>
  <testcase name="check[tests_innerHTML_1.dat:3062:false]" classname="ch.digitalfondue.jfiveparse.TreeConstructionTest" time="0.001"/>
  <testcase name="check[tests_innerHTML_1.dat:3063:false]" classname="ch.digitalfondue.jfiveparse.TreeConstructionTest" time="0"/>
  <testcase name="check[tests_innerHTML_1.dat:3064:false]" classname="ch.digitalfondue.jfiveparse.TreeConstructionTest" time="0"/>
  <testcase name="check[tests_innerHTML_1.dat:3065:false]" classname="ch.digitalfondue.jfiveparse.TreeConstructionTest" time="0"/>
  <testcase name="check[tests_innerHTML_1.dat:3066:false]" classname="ch.digitalfondue.jfiveparse.TreeConstructionTest" time="0"/>
  <testcase name="check[tests_innerHTML_1.dat:3067:false]" classname="ch.digitalfondue.jfiveparse.TreeConstructionTest" time="0"/>
  <testcase name="check[tests_innerHTML_1.dat:3068:false]" classname="ch.digitalfondue.jfiveparse.TreeConstructionTest" time="0"/>
  <testcase name="check[tests_innerHTML_1.dat:3069:false]" classname="ch.digitalfondue.jfiveparse.TreeConstructionTest" time="0"/>
  <testcase name="check[tests_innerHTML_1.dat:3070:false]" classname="ch.digitalfondue.jfiveparse.TreeConstructionTest" time="0"/>
  <testcase name="check[tests_innerHTML_1.dat:3071:false]" classname="ch.digitalfondue.jfiveparse.TreeConstructionTest" time="0"/>
  <testcase name="check[tests_innerHTML_1.dat:3072:false]" classname="ch.digitalfondue.jfiveparse.TreeConstructionTest" time="0"/>
  <testcase name="check[tests_innerHTML_1.dat:3073:false]" classname="ch.digitalfondue.jfiveparse.TreeConstructionTest" time="0"/>
  <testcase name="check[tests_innerHTML_1.dat:3074:false]" classname="ch.digitalfondue.jfiveparse.TreeConstructionTest" time="0"/>
  <testcase name="check[tests_innerHTML_1.dat:3075:false]" classname="ch.digitalfondue.jfiveparse.TreeConstructionTest" time="0"/>
  <testcase name="check[tests_innerHTML_1.dat:3076:false]" classname="ch.digitalfondue.jfiveparse.TreeConstructionTest" time="0"/>
  <testcase name="check[tests_innerHTML_1.dat:3077:false]" classname="ch.digitalfondue.jfiveparse.TreeConstructionTest" time="0"/>
  <testcase name="check[tests_innerHTML_1.dat:3078:false]" classname="ch.digitalfondue.jfiveparse.TreeConstructionTest" time="0"/>
  <testcase name="check[tests_innerHTML_1.dat:3079:false]" classname="ch.digitalfondue.jfiveparse.TreeConstructionTest" time="0"/>
  <testcase name="check[tests_innerHTML_1.dat:3080:false]" classname="ch.digitalfondue.jfiveparse.TreeConstructionTest" time="0"/>
  <testcase name="check[tests_innerHTML_1.dat:3081:false]" classname="ch.digitalfondue.jfiveparse.TreeConstructionTest" time="0.001"/>
  <testcase name="check[tests_innerHTML_1.dat:3082:false]" classname="ch.digitalfondue.jfiveparse.TreeConstructionTest" time="0"/>
  <testcase name="check[tests_innerHTML_1.dat:3083:false]" classname="ch.digitalfondue.jfiveparse.TreeConstructionTest" time="0"/>
  <testcase name="check[tests_innerHTML_1.dat:3084:false]" classname="ch.digitalfondue.jfiveparse.TreeConstructionTest" time="0"/>
  <testcase name="check[tests_innerHTML_1.dat:3085:false]" classname="ch.digitalfondue.jfiveparse.TreeConstructionTest" time="0"/>
  <testcase name="check[tests_innerHTML_1.dat:3086:false]" classname="ch.digitalfondue.jfiveparse.TreeConstructionTest" time="0"/>
  <testcase name="check[tests_innerHTML_1.dat:3087:false]" classname="ch.digitalfondue.jfiveparse.TreeConstructionTest" time="0"/>
  <testcase name="check[tests_innerHTML_1.dat:3088:false]" classname="ch.digitalfondue.jfiveparse.TreeConstructionTest" time="0"/>
  <testcase name="check[tests_innerHTML_1.dat:3089:false]" classname="ch.digitalfondue.jfiveparse.TreeConstructionTest" time="0"/>
  <testcase name="check[tests_innerHTML_1.dat:3090:false]" classname="ch.digitalfondue.jfiveparse.TreeConstructionTest" time="0"/>
  <testcase name="check[tests_innerHTML_1.dat:3091:false]" classname="ch.digitalfondue.jfiveparse.TreeConstructionTest" time="0"/>
  <testcase name="check[tests_innerHTML_1.dat:3092:false]" classname="ch.digitalfondue.jfiveparse.TreeConstructionTest" time="0"/>
  <testcase name="check[tests_innerHTML_1.dat:3093:false]" classname="ch.digitalfondue.jfiveparse.TreeConstructionTest" time="0"/>
  <testcase name="check[tests_innerHTML_1.dat:3094:false]" classname="ch.digitalfondue.jfiveparse.TreeConstructionTest" time="0"/>
  <testcase name="check[tests_innerHTML_1.dat:3095:false]" classname="ch.digitalfondue.jfiveparse.TreeConstructionTest" time="0"/>
  <testcase name="check[tests_innerHTML_1.dat:3096:false]" classname="ch.digitalfondue.jfiveparse.TreeConstructionTest" time="0"/>
  <testcase name="check[tests_innerHTML_1.dat:3097:false]" classname="ch.digitalfondue.jfiveparse.TreeConstructionTest" time="0"/>
  <testcase name="check[tests_innerHTML_1.dat:3098:false]" classname="ch.digitalfondue.jfiveparse.TreeConstructionTest" time="0"/>
  <testcase name="check[tests_innerHTML_1.dat:3099:false]" classname="ch.digitalfondue.jfiveparse.TreeConstructionTest" time="0"/>
  <testcase name="check[tests_innerHTML_1.dat:3100:false]" classname="ch.digitalfondue.jfiveparse.TreeConstructionTest" time="0"/>
  <testcase name="check[tests_innerHTML_1.dat:3101:false]" classname="ch.digitalfondue.jfiveparse.TreeConstructionTest" time="0"/>
  <testcase name="check[tests_innerHTML_1.dat:3102:false]" classname="ch.digitalfondue.jfiveparse.TreeConstructionTest" time="0"/>
  <testcase name="check[tests_innerHTML_1.dat:3103:false]" classname="ch.digitalfondue.jfiveparse.TreeConstructionTest" time="0"/>
  <testcase name="check[tests_innerHTML_1.dat:3104:false]" classname="ch.digitalfondue.jfiveparse.TreeConstructionTest" time="0"/>
  <testcase name="check[tests_innerHTML_1.dat:3105:false]" classname="ch.digitalfondue.jfiveparse.TreeConstructionTest" time="0"/>
  <testcase name="check[tests_innerHTML_1.dat:3106:false]" classname="ch.digitalfondue.jfiveparse.TreeConstructionTest" time="0"/>
  <testcase name="check[tests_innerHTML_1.dat:3107:false]" classname="ch.digitalfondue.jfiveparse.TreeConstructionTest" time="0"/>
  <testcase name="check[tests_innerHTML_1.dat:3108:false]" classname="ch.digitalfondue.jfiveparse.TreeConstructionTest" time="0"/>
  <testcase name="check[tests_innerHTML_1.dat:3109:false]" classname="ch.digitalfondue.jfiveparse.TreeConstructionTest" time="0"/>
  <testcase name="check[tests_innerHTML_1.dat:3110:false]" classname="ch.digitalfondue.jfiveparse.TreeConstructionTest" time="0"/>
  <testcase name="check[tests_innerHTML_1.dat:3111:false]" classname="ch.digitalfondue.jfiveparse.TreeConstructionTest" time="0"/>
  <testcase name="check[tests_innerHTML_1.dat:3112:false]" classname="ch.digitalfondue.jfiveparse.TreeConstructionTest" time="0"/>
  <testcase name="check[tests_innerHTML_1.dat:3113:false]" classname="ch.digitalfondue.jfiveparse.TreeConstructionTest" time="0"/>
  <testcase name="check[tests_innerHTML_1.dat:3114:false]" classname="ch.digitalfondue.jfiveparse.TreeConstructionTest" time="0.001"/>
  <testcase name="check[tests_innerHTML_1.dat:3115:false]" classname="ch.digitalfondue.jfiveparse.TreeConstructionTest" time="0"/>
  <testcase name="check[tests_innerHTML_1.dat:3116:false]" classname="ch.digitalfondue.jfiveparse.TreeConstructionTest" time="0"/>
  <testcase name="check[tests_innerHTML_1.dat:3117:false]" classname="ch.digitalfondue.jfiveparse.TreeConstructionTest" time="0"/>
  <testcase name="check[tests_innerHTML_1.dat:3118:false]" classname="ch.digitalfondue.jfiveparse.TreeConstructionTest" time="0"/>
  <testcase name="check[tests_innerHTML_1.dat:3119:false]" classname="ch.digitalfondue.jfiveparse.TreeConstructionTest" time="0"/>
  <testcase name="check[tests_innerHTML_1.dat:3120:false]" classname="ch.digitalfondue.jfiveparse.TreeConstructionTest" time="0"/>
  <testcase name="check[tests_innerHTML_1.dat:3121:false]" classname="ch.digitalfondue.jfiveparse.TreeConstructionTest" time="0"/>
  <testcase name="check[tests_innerHTML_1.dat:3122:true]" classname="ch.digitalfondue.jfiveparse.TreeConstructionTest" time="0"/>
  <testcase name="check[tests_innerHTML_1.dat:3123:true]" classname="ch.digitalfondue.jfiveparse.TreeConstructionTest" time="0"/>
  <testcase name="check[tests_innerHTML_1.dat:3124:true]" classname="ch.digitalfondue.jfiveparse.TreeConstructionTest" time="0"/>
  <testcase name="check[tests_innerHTML_1.dat:3125:true]" classname="ch.digitalfondue.jfiveparse.TreeConstructionTest" time="0"/>
  <testcase name="check[tests_innerHTML_1.dat:3126:true]" classname="ch.digitalfondue.jfiveparse.TreeConstructionTest" time="0"/>
  <testcase name="check[tests_innerHTML_1.dat:3127:true]" classname="ch.digitalfondue.jfiveparse.TreeConstructionTest" time="0"/>
  <testcase name="check[tests_innerHTML_1.dat:3128:true]" classname="ch.digitalfondue.jfiveparse.TreeConstructionTest" time="0"/>
  <testcase name="check[tests_innerHTML_1.dat:3129:true]" classname="ch.digitalfondue.jfiveparse.TreeConstructionTest" time="0"/>
  <testcase name="check[tests_innerHTML_1.dat:3130:true]" classname="ch.digitalfondue.jfiveparse.TreeConstructionTest" time="0"/>
  <testcase name="check[tests_innerHTML_1.dat:3131:true]" classname="ch.digitalfondue.jfiveparse.TreeConstructionTest" time="0"/>
  <testcase name="check[tests_innerHTML_1.dat:3132:true]" classname="ch.digitalfondue.jfiveparse.TreeConstructionTest" time="0"/>
  <testcase name="check[tests_innerHTML_1.dat:3133:true]" classname="ch.digitalfondue.jfiveparse.TreeConstructionTest" time="0"/>
  <testcase name="check[tests_innerHTML_1.dat:3134:true]" classname="ch.digitalfondue.jfiveparse.TreeConstructionTest" time="0"/>
  <testcase name="check[tests_innerHTML_1.dat:3135:true]" classname="ch.digitalfondue.jfiveparse.TreeConstructionTest" time="0"/>
  <testcase name="check[tests_innerHTML_1.dat:3136:true]" classname="ch.digitalfondue.jfiveparse.TreeConstructionTest" time="0"/>
  <testcase name="check[tests_innerHTML_1.dat:3137:true]" classname="ch.digitalfondue.jfiveparse.TreeConstructionTest" time="0"/>
  <testcase name="check[tests_innerHTML_1.dat:3138:true]" classname="ch.digitalfondue.jfiveparse.TreeConstructionTest" time="0"/>
  <testcase name="check[tests_innerHTML_1.dat:3139:true]" classname="ch.digitalfondue.jfiveparse.TreeConstructionTest" time="0"/>
  <testcase name="check[tests_innerHTML_1.dat:3140:true]" classname="ch.digitalfondue.jfiveparse.TreeConstructionTest" time="0"/>
  <testcase name="check[tests_innerHTML_1.dat:3141:true]" classname="ch.digitalfondue.jfiveparse.TreeConstructionTest" time="0"/>
  <testcase name="check[tests_innerHTML_1.dat:3142:true]" classname="ch.digitalfondue.jfiveparse.TreeConstructionTest" time="0"/>
  <testcase name="check[tests_innerHTML_1.dat:3143:true]" classname="ch.digitalfondue.jfiveparse.TreeConstructionTest" time="0"/>
  <testcase name="check[tests_innerHTML_1.dat:3144:true]" classname="ch.digitalfondue.jfiveparse.TreeConstructionTest" time="0"/>
  <testcase name="check[tests_innerHTML_1.dat:3145:true]" classname="ch.digitalfondue.jfiveparse.TreeConstructionTest" time="0"/>
  <testcase name="check[tests_innerHTML_1.dat:3146:true]" classname="ch.digitalfondue.jfiveparse.TreeConstructionTest" time="0"/>
  <testcase name="check[tests_innerHTML_1.dat:3147:true]" classname="ch.digitalfondue.jfiveparse.TreeConstructionTest" time="0"/>
  <testcase name="check[tests_innerHTML_1.dat:3148:true]" classname="ch.digitalfondue.jfiveparse.TreeConstructionTest" time="0"/>
  <testcase name="check[tests_innerHTML_1.dat:3149:true]" classname="ch.digitalfondue.jfiveparse.TreeConstructionTest" time="0"/>
  <testcase name="check[tests_innerHTML_1.dat:3150:true]" classname="ch.digitalfondue.jfiveparse.TreeConstructionTest" time="0"/>
  <testcase name="check[tests_innerHTML_1.dat:3151:true]" classname="ch.digitalfondue.jfiveparse.TreeConstructionTest" time="0"/>
  <testcase name="check[tests_innerHTML_1.dat:3152:true]" classname="ch.digitalfondue.jfiveparse.TreeConstructionTest" time="0"/>
  <testcase name="check[tests_innerHTML_1.dat:3153:true]" classname="ch.digitalfondue.jfiveparse.TreeConstructionTest" time="0"/>
  <testcase name="check[tests_innerHTML_1.dat:3154:true]" classname="ch.digitalfondue.jfiveparse.TreeConstructionTest" time="0"/>
  <testcase name="check[tests_innerHTML_1.dat:3155:true]" classname="ch.digitalfondue.jfiveparse.TreeConstructionTest" time="0"/>
  <testcase name="check[tests_innerHTML_1.dat:3156:true]" classname="ch.digitalfondue.jfiveparse.TreeConstructionTest" time="0"/>
  <testcase name="check[tests_innerHTML_1.dat:3157:true]" classname="ch.digitalfondue.jfiveparse.TreeConstructionTest" time="0"/>
  <testcase name="check[tests_innerHTML_1.dat:3158:true]" classname="ch.digitalfondue.jfiveparse.TreeConstructionTest" time="0"/>
  <testcase name="check[tests_innerHTML_1.dat:3159:true]" classname="ch.digitalfondue.jfiveparse.TreeConstructionTest" time="0"/>
  <testcase name="check[tests_innerHTML_1.dat:3160:true]" classname="ch.digitalfondue.jfiveparse.TreeConstructionTest" time="0"/>
  <testcase name="check[tests_innerHTML_1.dat:3161:true]" classname="ch.digitalfondue.jfiveparse.TreeConstructionTest" time="0"/>
  <testcase name="check[tests_innerHTML_1.dat:3162:true]" classname="ch.digitalfondue.jfiveparse.TreeConstructionTest" time="0"/>
  <testcase name="check[tests_innerHTML_1.dat:3163:true]" classname="ch.digitalfondue.jfiveparse.TreeConstructionTest" time="0"/>
  <testcase name="check[tests_innerHTML_1.dat:3164:true]" classname="ch.digitalfondue.jfiveparse.TreeConstructionTest" time="0.001"/>
  <testcase name="check[tests_innerHTML_1.dat:3165:true]" classname="ch.digitalfondue.jfiveparse.TreeConstructionTest" time="0"/>
  <testcase name="check[tests_innerHTML_1.dat:3166:true]" classname="ch.digitalfondue.jfiveparse.TreeConstructionTest" time="0"/>
  <testcase name="check[tests_innerHTML_1.dat:3167:true]" classname="ch.digitalfondue.jfiveparse.TreeConstructionTest" time="0"/>
  <testcase name="check[tests_innerHTML_1.dat:3168:true]" classname="ch.digitalfondue.jfiveparse.TreeConstructionTest" time="0"/>
  <testcase name="check[tests_innerHTML_1.dat:3169:true]" classname="ch.digitalfondue.jfiveparse.TreeConstructionTest" time="0"/>
  <testcase name="check[tests_innerHTML_1.dat:3170:true]" classname="ch.digitalfondue.jfiveparse.TreeConstructionTest" time="0"/>
  <testcase name="check[tests_innerHTML_1.dat:3171:true]" classname="ch.digitalfondue.jfiveparse.TreeConstructionTest" time="0"/>
  <testcase name="check[tests_innerHTML_1.dat:3172:true]" classname="ch.digitalfondue.jfiveparse.TreeConstructionTest" time="0"/>
  <testcase name="check[tests_innerHTML_1.dat:3173:true]" classname="ch.digitalfondue.jfiveparse.TreeConstructionTest" time="0"/>
  <testcase name="check[tests_innerHTML_1.dat:3174:true]" classname="ch.digitalfondue.jfiveparse.TreeConstructionTest" time="0"/>
  <testcase name="check[tests_innerHTML_1.dat:3175:true]" classname="ch.digitalfondue.jfiveparse.TreeConstructionTest" time="0"/>
  <testcase name="check[tests_innerHTML_1.dat:3176:true]" classname="ch.digitalfondue.jfiveparse.TreeConstructionTest" time="0"/>
  <testcase name="check[tests_innerHTML_1.dat:3177:true]" classname="ch.digitalfondue.jfiveparse.TreeConstructionTest" time="0"/>
  <testcase name="check[tests_innerHTML_1.dat:3178:true]" classname="ch.digitalfondue.jfiveparse.TreeConstructionTest" time="0"/>
  <testcase name="check[tests_innerHTML_1.dat:3179:true]" classname="ch.digitalfondue.jfiveparse.TreeConstructionTest" time="0"/>
  <testcase name="check[tests_innerHTML_1.dat:3180:true]" classname="ch.digitalfondue.jfiveparse.TreeConstructionTest" time="0"/>
  <testcase name="check[tests_innerHTML_1.dat:3181:true]" classname="ch.digitalfondue.jfiveparse.TreeConstructionTest" time="0"/>
  <testcase name="check[tests_innerHTML_1.dat:3182:true]" classname="ch.digitalfondue.jfiveparse.TreeConstructionTest" time="0"/>
  <testcase name="check[tests_innerHTML_1.dat:3183:true]" classname="ch.digitalfondue.jfiveparse.TreeConstructionTest" time="0"/>
  <testcase name="check[tests_innerHTML_1.dat:3184:true]" classname="ch.digitalfondue.jfiveparse.TreeConstructionTest" time="0"/>
  <testcase name="check[tests_innerHTML_1.dat:3185:true]" classname="ch.digitalfondue.jfiveparse.TreeConstructionTest" time="0"/>
  <testcase name="check[tests_innerHTML_1.dat:3186:true]" classname="ch.digitalfondue.jfiveparse.TreeConstructionTest" time="0"/>
  <testcase name="check[tests_innerHTML_1.dat:3187:true]" classname="ch.digitalfondue.jfiveparse.TreeConstructionTest" time="0"/>
  <testcase name="check[tests_innerHTML_1.dat:3188:true]" classname="ch.digitalfondue.jfiveparse.TreeConstructionTest" time="0"/>
  <testcase name="check[tests_innerHTML_1.dat:3189:true]" classname="ch.digitalfondue.jfiveparse.TreeConstructionTest" time="0"/>
  <testcase name="check[tests_innerHTML_1.dat:3190:true]" classname="ch.digitalfondue.jfiveparse.TreeConstructionTest" time="0"/>
  <testcase name="check[tests_innerHTML_1.dat:3191:true]" classname="ch.digitalfondue.jfiveparse.TreeConstructionTest" time="0"/>
  <testcase name="check[tests_innerHTML_1.dat:3192:true]" classname="ch.digitalfondue.jfiveparse.TreeConstructionTest" time="0"/>
  <testcase name="check[tests_innerHTML_1.dat:3193:true]" classname="ch.digitalfondue.jfiveparse.TreeConstructionTest" time="0"/>
  <testcase name="check[tests_innerHTML_1.dat:3194:true]" classname="ch.digitalfondue.jfiveparse.TreeConstructionTest" time="0"/>
  <testcase name="check[tests_innerHTML_1.dat:3195:true]" classname="ch.digitalfondue.jfiveparse.TreeConstructionTest" time="0"/>
  <testcase name="check[tests_innerHTML_1.dat:3196:true]" classname="ch.digitalfondue.jfiveparse.TreeConstructionTest" time="0"/>
  <testcase name="check[tests_innerHTML_1.dat:3197:true]" classname="ch.digitalfondue.jfiveparse.TreeConstructionTest" time="0"/>
  <testcase name="check[tests_innerHTML_1.dat:3198:true]" classname="ch.digitalfondue.jfiveparse.TreeConstructionTest" time="0"/>
  <testcase name="check[tests_innerHTML_1.dat:3199:true]" classname="ch.digitalfondue.jfiveparse.TreeConstructionTest" time="0"/>
  <testcase name="check[tests_innerHTML_1.dat:3200:true]" classname="ch.digitalfondue.jfiveparse.TreeConstructionTest" time="0"/>
  <testcase name="check[tests_innerHTML_1.dat:3201:true]" classname="ch.digitalfondue.jfiveparse.TreeConstructionTest" time="0"/>
  <testcase name="check[tests_innerHTML_1.dat:3202:true]" classname="ch.digitalfondue.jfiveparse.TreeConstructionTest" time="0"/>
  <testcase name="check[tests_innerHTML_1.dat:3203:true]" classname="ch.digitalfondue.jfiveparse.TreeConstructionTest" time="0"/>
  <testcase name="check[tests_innerHTML_1.dat:3204:true]" classname="ch.digitalfondue.jfiveparse.TreeConstructionTest" time="0"/>
  <testcase name="check[tests_innerHTML_1.dat:3205:true]" classname="ch.digitalfondue.jfiveparse.TreeConstructionTest" time="0"/>
  <testcase name="check[tests_innerHTML_1.dat:3206:true]" classname="ch.digitalfondue.jfiveparse.TreeConstructionTest" time="0"/>
  <testcase name="check[tricky01.dat:3207:false]" classname="ch.digitalfondue.jfiveparse.TreeConstructionTest" time="0"/>
  <testcase name="check[tricky01.dat:3208:false]" classname="ch.digitalfondue.jfiveparse.TreeConstructionTest" time="0"/>
  <testcase name="check[tricky01.dat:3209:false]" classname="ch.digitalfondue.jfiveparse.TreeConstructionTest" time="0"/>
  <testcase name="check[tricky01.dat:3210:false]" classname="ch.digitalfondue.jfiveparse.TreeConstructionTest" time="0"/>
  <testcase name="check[tricky01.dat:3211:false]" classname="ch.digitalfondue.jfiveparse.TreeConstructionTest" time="0"/>
  <testcase name="check[tricky01.dat:3212:false]" classname="ch.digitalfondue.jfiveparse.TreeConstructionTest" time="0"/>
  <testcase name="check[tricky01.dat:3213:false]" classname="ch.digitalfondue.jfiveparse.TreeConstructionTest" time="0"/>
  <testcase name="check[tricky01.dat:3214:false]" classname="ch.digitalfondue.jfiveparse.TreeConstructionTest" time="0"/>
  <testcase name="check[tricky01.dat:3215:false]" classname="ch.digitalfondue.jfiveparse.TreeConstructionTest" time="0"/>
  <testcase name="check[tricky01.dat:3216:true]" classname="ch.digitalfondue.jfiveparse.TreeConstructionTest" time="0"/>
  <testcase name="check[tricky01.dat:3217:true]" classname="ch.digitalfondue.jfiveparse.TreeConstructionTest" time="0"/>
  <testcase name="check[tricky01.dat:3218:true]" classname="ch.digitalfondue.jfiveparse.TreeConstructionTest" time="0"/>
  <testcase name="check[tricky01.dat:3219:true]" classname="ch.digitalfondue.jfiveparse.TreeConstructionTest" time="0"/>
  <testcase name="check[tricky01.dat:3220:true]" classname="ch.digitalfondue.jfiveparse.TreeConstructionTest" time="0"/>
  <testcase name="check[tricky01.dat:3221:true]" classname="ch.digitalfondue.jfiveparse.TreeConstructionTest" time="0"/>
  <testcase name="check[tricky01.dat:3222:true]" classname="ch.digitalfondue.jfiveparse.TreeConstructionTest" time="0"/>
  <testcase name="check[tricky01.dat:3223:true]" classname="ch.digitalfondue.jfiveparse.TreeConstructionTest" time="0"/>
  <testcase name="check[tricky01.dat:3224:true]" classname="ch.digitalfondue.jfiveparse.TreeConstructionTest" time="0.001"/>
  <testcase name="check[webkit01.dat:3225:false]" classname="ch.digitalfondue.jfiveparse.TreeConstructionTest" time="0"/>
  <testcase name="check[webkit01.dat:3226:false]" classname="ch.digitalfondue.jfiveparse.TreeConstructionTest" time="0"/>
  <testcase name="check[webkit01.dat:3227:false]" classname="ch.digitalfondue.jfiveparse.TreeConstructionTest" time="0"/>
  <testcase name="check[webkit01.dat:3228:false]" classname="ch.digitalfondue.jfiveparse.TreeConstructionTest" time="0"/>
  <testcase name="check[webkit01.dat:3229:false]" classname="ch.digitalfondue.jfiveparse.TreeConstructionTest" time="0"/>
  <testcase name="check[webkit01.dat:3230:false]" classname="ch.digitalfondue.jfiveparse.TreeConstructionTest" time="0"/>
  <testcase name="check[webkit01.dat:3231:false]" classname="ch.digitalfondue.jfiveparse.TreeConstructionTest" time="0"/>
  <testcase name="check[webkit01.dat:3232:false]" classname="ch.digitalfondue.jfiveparse.TreeConstructionTest" time="0"/>
  <testcase name="check[webkit01.dat:3233:false]" classname="ch.digitalfondue.jfiveparse.TreeConstructionTest" time="0"/>
  <testcase name="check[webkit01.dat:3234:false]" classname="ch.digitalfondue.jfiveparse.TreeConstructionTest" time="0"/>
  <testcase name="check[webkit01.dat:3235:false]" classname="ch.digitalfondue.jfiveparse.TreeConstructionTest" time="0"/>
  <testcase name="check[webkit01.dat:3236:false]" classname="ch.digitalfondue.jfiveparse.TreeConstructionTest" time="0"/>
  <testcase name="check[webkit01.dat:3237:false]" classname="ch.digitalfondue.jfiveparse.TreeConstructionTest" time="0"/>
  <testcase name="check[webkit01.dat:3238:false]" classname="ch.digitalfondue.jfiveparse.TreeConstructionTest" time="0"/>
  <testcase name="check[webkit01.dat:3239:false]" classname="ch.digitalfondue.jfiveparse.TreeConstructionTest" time="0"/>
  <testcase name="check[webkit01.dat:3240:false]" classname="ch.digitalfondue.jfiveparse.TreeConstructionTest" time="0.001"/>
  <testcase name="check[webkit01.dat:3241:false]" classname="ch.digitalfondue.jfiveparse.TreeConstructionTest" time="0"/>
  <testcase name="check[webkit01.dat:3242:false]" classname="ch.digitalfondue.jfiveparse.TreeConstructionTest" time="0"/>
  <testcase name="check[webkit01.dat:3243:false]" classname="ch.digitalfondue.jfiveparse.TreeConstructionTest" time="0"/>
  <testcase name="check[webkit01.dat:3244:false]" classname="ch.digitalfondue.jfiveparse.TreeConstructionTest" time="0"/>
  <testcase name="check[webkit01.dat:3245:false]" classname="ch.digitalfondue.jfiveparse.TreeConstructionTest" time="0"/>
  <testcase name="check[webkit01.dat:3246:false]" classname="ch.digitalfondue.jfiveparse.TreeConstructionTest" time="0"/>
  <testcase name="check[webkit01.dat:3247:false]" classname="ch.digitalfondue.jfiveparse.TreeConstructionTest" time="0"/>
  <testcase name="check[webkit01.dat:3248:false]" classname="ch.digitalfondue.jfiveparse.TreeConstructionTest" time="0"/>
  <testcase name="check[webkit01.dat:3249:false]" classname="ch.digitalfondue.jfiveparse.TreeConstructionTest" time="0"/>
  <testcase name="check[webkit01.dat:3250:false]" classname="ch.digitalfondue.jfiveparse.TreeConstructionTest" time="0"/>
  <testcase name="check[webkit01.dat:3251:false]" classname="ch.digitalfondue.jfiveparse.TreeConstructionTest" time="0"/>
  <testcase name="check[webkit01.dat:3252:false]" classname="ch.digitalfondue.jfiveparse.TreeConstructionTest" time="0"/>
  <testcase name="check[webkit01.dat:3253:false]" classname="ch.digitalfondue.jfiveparse.TreeConstructionTest" time="0"/>
  <testcase name="check[webkit01.dat:3254:false]" classname="ch.digitalfondue.jfiveparse.TreeConstructionTest" time="0"/>
  <testcase name="check[webkit01.dat:3255:false]" classname="ch.digitalfondue.jfiveparse.TreeConstructionTest" time="0"/>
  <testcase name="check[webkit01.dat:3256:false]" classname="ch.digitalfondue.jfiveparse.TreeConstructionTest" time="0"/>
  <testcase name="check[webkit01.dat:3257:false]" classname="ch.digitalfondue.jfiveparse.TreeConstructionTest" time="0"/>
  <testcase name="check[webkit01.dat:3258:false]" classname="ch.digitalfondue.jfiveparse.TreeConstructionTest" time="0"/>
  <testcase name="check[webkit01.dat:3259:false]" classname="ch.digitalfondue.jfiveparse.TreeConstructionTest" time="0"/>
  <testcase name="check[webkit01.dat:3260:false]" classname="ch.digitalfondue.jfiveparse.TreeConstructionTest" time="0"/>
  <testcase name="check[webkit01.dat:3261:false]" classname="ch.digitalfondue.jfiveparse.TreeConstructionTest" time="0.001"/>
  <testcase name="check[webkit01.dat:3262:false]" classname="ch.digitalfondue.jfiveparse.TreeConstructionTest" time="0"/>
  <testcase name="check[webkit01.dat:3263:false]" classname="ch.digitalfondue.jfiveparse.TreeConstructionTest" time="0"/>
  <testcase name="check[webkit01.dat:3264:false]" classname="ch.digitalfondue.jfiveparse.TreeConstructionTest" time="0"/>
  <testcase name="check[webkit01.dat:3265:false]" classname="ch.digitalfondue.jfiveparse.TreeConstructionTest" time="0"/>
  <testcase name="check[webkit01.dat:3266:false]" classname="ch.digitalfondue.jfiveparse.TreeConstructionTest" time="0"/>
  <testcase name="check[webkit01.dat:3267:false]" classname="ch.digitalfondue.jfiveparse.TreeConstructionTest" time="0"/>
  <testcase name="check[webkit01.dat:3268:false]" classname="ch.digitalfondue.jfiveparse.TreeConstructionTest" time="0"/>
  <testcase name="check[webkit01.dat:3269:false]" classname="ch.digitalfondue.jfiveparse.TreeConstructionTest" time="0"/>
  <testcase name="check[webkit01.dat:3270:false]" classname="ch.digitalfondue.jfiveparse.TreeConstructionTest" time="0"/>
  <testcase name="check[webkit01.dat:3271:false]" classname="ch.digitalfondue.jfiveparse.TreeConstructionTest" time="0"/>
  <testcase name="check[webkit01.dat:3272:false]" classname="ch.digitalfondue.jfiveparse.TreeConstructionTest" time="0"/>
  <testcase name="check[webkit01.dat:3273:false]" classname="ch.digitalfondue.jfiveparse.TreeConstructionTest" time="0"/>
  <testcase name="check[webkit01.dat:3274:true]" classname="ch.digitalfondue.jfiveparse.TreeConstructionTest" time="0"/>
  <testcase name="check[webkit01.dat:3275:true]" classname="ch.digitalfondue.jfiveparse.TreeConstructionTest" time="0"/>
  <testcase name="check[webkit01.dat:3276:true]" classname="ch.digitalfondue.jfiveparse.TreeConstructionTest" time="0"/>
  <testcase name="check[webkit01.dat:3277:true]" classname="ch.digitalfondue.jfiveparse.TreeConstructionTest" time="0"/>
  <testcase name="check[webkit01.dat:3278:true]" classname="ch.digitalfondue.jfiveparse.TreeConstructionTest" time="0"/>
  <testcase name="check[webkit01.dat:3279:true]" classname="ch.digitalfondue.jfiveparse.TreeConstructionTest" time="0"/>
  <testcase name="check[webkit01.dat:3280:true]" classname="ch.digitalfondue.jfiveparse.TreeConstructionTest" time="0.001"/>
  <testcase name="check[webkit01.dat:3281:true]" classname="ch.digitalfondue.jfiveparse.TreeConstructionTest" time="0"/>
  <testcase name="check[webkit01.dat:3282:true]" classname="ch.digitalfondue.jfiveparse.TreeConstructionTest" time="0"/>
  <testcase name="check[webkit01.dat:3283:true]" classname="ch.digitalfondue.jfiveparse.TreeConstructionTest" time="0"/>
  <testcase name="check[webkit01.dat:3284:true]" classname="ch.digitalfondue.jfiveparse.TreeConstructionTest" time="0"/>
  <testcase name="check[webkit01.dat:3285:true]" classname="ch.digitalfondue.jfiveparse.TreeConstructionTest" time="0"/>
  <testcase name="check[webkit01.dat:3286:true]" classname="ch.digitalfondue.jfiveparse.TreeConstructionTest" time="0"/>
  <testcase name="check[webkit01.dat:3287:true]" classname="ch.digitalfondue.jfiveparse.TreeConstructionTest" time="0"/>
  <testcase name="check[webkit01.dat:3288:true]" classname="ch.digitalfondue.jfiveparse.TreeConstructionTest" time="0"/>
  <testcase name="check[webkit01.dat:3289:true]" classname="ch.digitalfondue.jfiveparse.TreeConstructionTest" time="0"/>
  <testcase name="check[webkit01.dat:3290:true]" classname="ch.digitalfondue.jfiveparse.TreeConstructionTest" time="0"/>
  <testcase name="check[webkit01.dat:3291:true]" classname="ch.digitalfondue.jfiveparse.TreeConstructionTest" time="0"/>
  <testcase name="check[webkit01.dat:3292:true]" classname="ch.digitalfondue.jfiveparse.TreeConstructionTest" time="0"/>
  <testcase name="check[webkit01.dat:3293:true]" classname="ch.digitalfondue.jfiveparse.TreeConstructionTest" time="0"/>
  <testcase name="check[webkit01.dat:3294:true]" classname="ch.digitalfondue.jfiveparse.TreeConstructionTest" time="0"/>
  <testcase name="check[webkit01.dat:3295:true]" classname="ch.digitalfondue.jfiveparse.TreeConstructionTest" time="0"/>
  <testcase name="check[webkit01.dat:3296:true]" classname="ch.digitalfondue.jfiveparse.TreeConstructionTest" time="0"/>
  <testcase name="check[webkit01.dat:3297:true]" classname="ch.digitalfondue.jfiveparse.TreeConstructionTest" time="0"/>
  <testcase name="check[webkit01.dat:3298:true]" classname="ch.digitalfondue.jfiveparse.TreeConstructionTest" time="0"/>
  <testcase name="check[webkit01.dat:3299:true]" classname="ch.digitalfondue.jfiveparse.TreeConstructionTest" time="0"/>
  <testcase name="check[webkit01.dat:3300:true]" classname="ch.digitalfondue.jfiveparse.TreeConstructionTest" time="0.001"/>
  <testcase name="check[webkit01.dat:3301:true]" classname="ch.digitalfondue.jfiveparse.TreeConstructionTest" time="0"/>
  <testcase name="check[webkit01.dat:3302:true]" classname="ch.digitalfondue.jfiveparse.TreeConstructionTest" time="0"/>
  <testcase name="check[webkit01.dat:3303:true]" classname="ch.digitalfondue.jfiveparse.TreeConstructionTest" time="0"/>
  <testcase name="check[webkit01.dat:3304:true]" classname="ch.digitalfondue.jfiveparse.TreeConstructionTest" time="0"/>
  <testcase name="check[webkit01.dat:3305:true]" classname="ch.digitalfondue.jfiveparse.TreeConstructionTest" time="0"/>
  <testcase name="check[webkit01.dat:3306:true]" classname="ch.digitalfondue.jfiveparse.TreeConstructionTest" time="0"/>
  <testcase name="check[webkit01.dat:3307:true]" classname="ch.digitalfondue.jfiveparse.TreeConstructionTest" time="0"/>
  <testcase name="check[webkit01.dat:3308:true]" classname="ch.digitalfondue.jfiveparse.TreeConstructionTest" time="0"/>
  <testcase name="check[webkit01.dat:3309:true]" classname="ch.digitalfondue.jfiveparse.TreeConstructionTest" time="0"/>
  <testcase name="check[webkit01.dat:3310:true]" classname="ch.digitalfondue.jfiveparse.TreeConstructionTest" time="0"/>
  <testcase name="check[webkit01.dat:3311:true]" classname="ch.digitalfondue.jfiveparse.TreeConstructionTest" time="0"/>
  <testcase name="check[webkit01.dat:3312:true]" classname="ch.digitalfondue.jfiveparse.TreeConstructionTest" time="0"/>
  <testcase name="check[webkit01.dat:3313:true]" classname="ch.digitalfondue.jfiveparse.TreeConstructionTest" time="0"/>
  <testcase name="check[webkit01.dat:3314:true]" classname="ch.digitalfondue.jfiveparse.TreeConstructionTest" time="0"/>
  <testcase name="check[webkit01.dat:3315:true]" classname="ch.digitalfondue.jfiveparse.TreeConstructionTest" time="0.001"/>
  <testcase name="check[webkit01.dat:3316:true]" classname="ch.digitalfondue.jfiveparse.TreeConstructionTest" time="0"/>
  <testcase name="check[webkit01.dat:3317:true]" classname="ch.digitalfondue.jfiveparse.TreeConstructionTest" time="0"/>
  <testcase name="check[webkit01.dat:3318:true]" classname="ch.digitalfondue.jfiveparse.TreeConstructionTest" time="0"/>
  <testcase name="check[webkit01.dat:3319:true]" classname="ch.digitalfondue.jfiveparse.TreeConstructionTest" time="0"/>
  <testcase name="check[webkit01.dat:3320:true]" classname="ch.digitalfondue.jfiveparse.TreeConstructionTest" time="0"/>
  <testcase name="check[webkit01.dat:3321:true]" classname="ch.digitalfondue.jfiveparse.TreeConstructionTest" time="0"/>
  <testcase name="check[webkit01.dat:3322:true]" classname="ch.digitalfondue.jfiveparse.TreeConstructionTest" time="0"/>
  <testcase name="check[webkit02.dat:3323:false]" classname="ch.digitalfondue.jfiveparse.TreeConstructionTest" time="0"/>
  <testcase name="check[webkit02.dat:3324:false]" classname="ch.digitalfondue.jfiveparse.TreeConstructionTest" time="0"/>
  <testcase name="check[webkit02.dat:3325:false]" classname="ch.digitalfondue.jfiveparse.TreeConstructionTest" time="0"/>
  <testcase name="check[webkit02.dat:3326:false]" classname="ch.digitalfondue.jfiveparse.TreeConstructionTest" time="0"/>
  <testcase name="check[webkit02.dat:3327:false]" classname="ch.digitalfondue.jfiveparse.TreeConstructionTest" time="0"/>
  <testcase name="check[webkit02.dat:3328:false]" classname="ch.digitalfondue.jfiveparse.TreeConstructionTest" time="0"/>
  <testcase name="check[webkit02.dat:3329:false]" classname="ch.digitalfondue.jfiveparse.TreeConstructionTest" time="0"/>
  <testcase name="check[webkit02.dat:3330:false]" classname="ch.digitalfondue.jfiveparse.TreeConstructionTest" time="0"/>
  <testcase name="check[webkit02.dat:3331:false]" classname="ch.digitalfondue.jfiveparse.TreeConstructionTest" time="0"/>
  <testcase name="check[webkit02.dat:3332:false]" classname="ch.digitalfondue.jfiveparse.TreeConstructionTest" time="0"/>
  <testcase name="check[webkit02.dat:3333:false]" classname="ch.digitalfondue.jfiveparse.TreeConstructionTest" time="0.001"/>
  <testcase name="check[webkit02.dat:3334:false]" classname="ch.digitalfondue.jfiveparse.TreeConstructionTest" time="0"/>
  <testcase name="check[webkit02.dat:3335:false]" classname="ch.digitalfondue.jfiveparse.TreeConstructionTest" time="0"/>
  <testcase name="check[webkit02.dat:3336:false]" classname="ch.digitalfondue.jfiveparse.TreeConstructionTest" time="0"/>
  <testcase name="check[webkit02.dat:3337:false]" classname="ch.digitalfondue.jfiveparse.TreeConstructionTest" time="0"/>
  <testcase name="check[webkit02.dat:3338:false]" classname="ch.digitalfondue.jfiveparse.TreeConstructionTest" time="0"/>
  <testcase name="check[webkit02.dat:3339:false]" classname="ch.digitalfondue.jfiveparse.TreeConstructionTest" time="0"/>
  <testcase name="check[webkit02.dat:3340:false]" classname="ch.digitalfondue.jfiveparse.TreeConstructionTest" time="0"/>
  <testcase name="check[webkit02.dat:3341:false]" classname="ch.digitalfondue.jfiveparse.TreeConstructionTest" time="0"/>
  <testcase name="check[webkit02.dat:3342:false]" classname="ch.digitalfondue.jfiveparse.TreeConstructionTest" time="0"/>
  <testcase name="check[webkit02.dat:3343:true]" classname="ch.digitalfondue.jfiveparse.TreeConstructionTest" time="0"/>
  <testcase name="check[webkit02.dat:3344:true]" classname="ch.digitalfondue.jfiveparse.TreeConstructionTest" time="0"/>
  <testcase name="check[webkit02.dat:3345:true]" classname="ch.digitalfondue.jfiveparse.TreeConstructionTest" time="0"/>
  <testcase name="check[webkit02.dat:3346:true]" classname="ch.digitalfondue.jfiveparse.TreeConstructionTest" time="0"/>
  <testcase name="check[webkit02.dat:3347:true]" classname="ch.digitalfondue.jfiveparse.TreeConstructionTest" time="0"/>
  <testcase name="check[webkit02.dat:3348:true]" classname="ch.digitalfondue.jfiveparse.TreeConstructionTest" time="0"/>
  <testcase name="check[webkit02.dat:3349:true]" classname="ch.digitalfondue.jfiveparse.TreeConstructionTest" time="0"/>
  <testcase name="check[webkit02.dat:3350:true]" classname="ch.digitalfondue.jfiveparse.TreeConstructionTest" time="0"/>
  <testcase name="check[webkit02.dat:3351:true]" classname="ch.digitalfondue.jfiveparse.TreeConstructionTest" time="0.001"/>
  <testcase name="check[webkit02.dat:3352:true]" classname="ch.digitalfondue.jfiveparse.TreeConstructionTest" time="0"/>
  <testcase name="check[webkit02.dat:3353:true]" classname="ch.digitalfondue.jfiveparse.TreeConstructionTest" time="0"/>
  <testcase name="check[webkit02.dat:3354:true]" classname="ch.digitalfondue.jfiveparse.TreeConstructionTest" time="0"/>
  <testcase name="check[webkit02.dat:3355:true]" classname="ch.digitalfondue.jfiveparse.TreeConstructionTest" time="0"/>
  <testcase name="check[webkit02.dat:3356:true]" classname="ch.digitalfondue.jfiveparse.TreeConstructionTest" time="0"/>
  <testcase name="check[webkit02.dat:3357:true]" classname="ch.digitalfondue.jfiveparse.TreeConstructionTest" time="0"/>
  <testcase name="check[webkit02.dat:3358:true]" classname="ch.digitalfondue.jfiveparse.TreeConstructionTest" time="0"/>
  <testcase name="check[webkit02.dat:3359:true]" classname="ch.digitalfondue.jfiveparse.TreeConstructionTest" time="0"/>
  <testcase name="check[webkit02.dat:3360:true]" classname="ch.digitalfondue.jfiveparse.TreeConstructionTest" time="0"/>
  <testcase name="check[webkit02.dat:3361:true]" classname="ch.digitalfondue.jfiveparse.TreeConstructionTest" time="0"/>
  <testcase name="check[webkit02.dat:3362:true]" classname="ch.digitalfondue.jfiveparse.TreeConstructionTest" time="0"/>
</testsuite>