<?xml version="1.0" encoding="UTF-8"?>
<testsuite xmlns:xsi="http://www.w3.org/2001/XMLSchema-instance" xsi:noNamespaceSchemaLocation="https://maven.apache.org/surefire/maven-surefire-plugin/xsd/surefire-test-report.xsd" name="org.assertj.core.api.InstanceOfAssertFactoriesTest" time="0.049" tests="91" errors="0" skipped="0" failures="0">
  <properties>
    <property name="awt.toolkit" value="sun.awt.X11.XToolkit"/>
    <property name="maven.test.error.ignore" value="true"/>
    <property name="file.encoding.pkg" value="sun.io"/>
    <property name="java.specification.version" value="1.8"/>
    <property name="sun.cpu.isalist" value=""/>
    <property name="sun.jnu.encoding" value="UTF-8"/>
    <property name="java.class.path" value="/tmp/tmpdw4lbapm/assertj-core/target/test-classes:/tmp/tmpdw4lbapm/assertj-core/target/classes:/home/jdbl/.m2/repository/junit/junit/4.13/junit-4.13.jar:/home/jdbl/.m2/repository/org/junit/jupiter/junit-jupiter-api/5.6.0/junit-jupiter-api-5.6.0.jar:/home/jdbl/.m2/repository/org/apiguardian/apiguardian-api/1.1.0/apiguardian-api-1.1.0.jar:/home/jdbl/.m2/repository/org/junit/platform/junit-platform-commons/1.6.0/junit-platform-commons-1.6.0.jar:/home/jdbl/.m2/repository/org/junit/jupiter/junit-jupiter/5.6.0/junit-jupiter-5.6.0.jar:/home/jdbl/.m2/repository/org/junit/jupiter/junit-jupiter-params/5.6.0/junit-jupiter-params-5.6.0.jar:/home/jdbl/.m2/repository/org/junit/jupiter/junit-jupiter-engine/5.6.0/junit-jupiter-engine-5.6.0.jar:/home/jdbl/.m2/repository/org/junit/vintage/junit-vintage-engine/5.6.0/junit-vintage-engine-5.6.0.jar:/home/jdbl/.m2/repository/org/junit/platform/junit-platform-engine/1.6.0/junit-platform-engine-1.6.0.jar:/home/jdbl/.m2/repository/org/junit/platform/junit-platform-testkit/1.6.0/junit-platform-testkit-1.6.0.jar:/home/jdbl/.m2/repository/org/junit/platform/junit-platform-launcher/1.6.0/junit-platform-launcher-1.6.0.jar:/home/jdbl/.m2/repository/org/opentest4j/opentest4j/1.2.0/opentest4j-1.2.0.jar:/home/jdbl/.m2/repository/org/hamcrest/hamcrest/2.2/hamcrest-2.2.jar:/home/jdbl/.m2/repository/net/bytebuddy/byte-buddy/1.10.7/byte-buddy-1.10.7.jar:/home/jdbl/.m2/repository/org/mockito/mockito-core/3.2.4/mockito-core-3.2.4.jar:/home/jdbl/.m2/repository/net/bytebuddy/byte-buddy-agent/1.10.7/byte-buddy-agent-1.10.7.jar:/home/jdbl/.m2/repository/org/objenesis/objenesis/2.6/objenesis-2.6.jar:/home/jdbl/.m2/repository/org/mockito/mockito-junit-jupiter/3.2.4/mockito-junit-jupiter-3.2.4.jar:/home/jdbl/.m2/repository/com/github/marschall/memoryfilesystem/2.1.0/memoryfilesystem-2.1.0.jar:/home/jdbl/.m2/repository/com/google/guava/guava/28.2-jre/guava-28.2-jre.jar:/home/jdbl/.m2/repository/com/google/guava/failureaccess/1.0.1/failureaccess-1.0.1.jar:/home/jdbl/.m2/repository/com/google/guava/listenablefuture/9999.0-empty-to-avoid-conflict-with-guava/listenablefuture-9999.0-empty-to-avoid-conflict-with-guava.jar:/home/jdbl/.m2/repository/com/google/code/findbugs/jsr305/3.0.2/jsr305-3.0.2.jar:/home/jdbl/.m2/repository/org/checkerframework/checker-qual/2.10.0/checker-qual-2.10.0.jar:/home/jdbl/.m2/repository/com/google/errorprone/error_prone_annotations/2.3.4/error_prone_annotations-2.3.4.jar:/home/jdbl/.m2/repository/com/google/j2objc/j2objc-annotations/1.3/j2objc-annotations-1.3.jar:/home/jdbl/.m2/repository/org/apache/commons/commons-lang3/3.9/commons-lang3-3.9.jar:"/>
    <property name="java.vm.vendor" value="Oracle Corporation"/>
    <property name="maven.javadoc.skip" value="true"/>
    <property name="sun.arch.data.model" value="64"/>
    <property name="java.vendor.url" value="http://java.oracle.com/"/>
    <property name="user.timezone" value=""/>
    <property name="java.vm.specification.version" value="1.8"/>
    <property name="os.name" value="Linux"/>
    <property name="rat.skip" value="true"/>
    <property name="sun.java.launcher" value="SUN_STANDARD"/>
    <property name="sun.boot.library.path" value="/usr/local/openjdk-8/jre/lib/amd64"/>
    <property name="sun.java.command" value="/tmp/tmpdw4lbapm/assertj-core/target/surefire/surefirebooter2836342351377581809.jar /tmp/tmpdw4lbapm/assertj-core/target/surefire 2020-07-30T17-24-35_495-jvmRun1 surefire3248483302309721365tmp surefire_02704876227960733778tmp"/>
    <property name="surefire.test.class.path" value="/tmp/tmpdw4lbapm/assertj-core/target/test-classes:/tmp/tmpdw4lbapm/assertj-core/target/classes:/home/jdbl/.m2/repository/junit/junit/4.13/junit-4.13.jar:/home/jdbl/.m2/repository/org/junit/jupiter/junit-jupiter-api/5.6.0/junit-jupiter-api-5.6.0.jar:/home/jdbl/.m2/repository/org/apiguardian/apiguardian-api/1.1.0/apiguardian-api-1.1.0.jar:/home/jdbl/.m2/repository/org/junit/platform/junit-platform-commons/1.6.0/junit-platform-commons-1.6.0.jar:/home/jdbl/.m2/repository/org/junit/jupiter/junit-jupiter/5.6.0/junit-jupiter-5.6.0.jar:/home/jdbl/.m2/repository/org/junit/jupiter/junit-jupiter-params/5.6.0/junit-jupiter-params-5.6.0.jar:/home/jdbl/.m2/repository/org/junit/jupiter/junit-jupiter-engine/5.6.0/junit-jupiter-engine-5.6.0.jar:/home/jdbl/.m2/repository/org/junit/vintage/junit-vintage-engine/5.6.0/junit-vintage-engine-5.6.0.jar:/home/jdbl/.m2/repository/org/junit/platform/junit-platform-engine/1.6.0/junit-platform-engine-1.6.0.jar:/home/jdbl/.m2/repository/org/junit/platform/junit-platform-testkit/1.6.0/junit-platform-testkit-1.6.0.jar:/home/jdbl/.m2/repository/org/junit/platform/junit-platform-launcher/1.6.0/junit-platform-launcher-1.6.0.jar:/home/jdbl/.m2/repository/org/opentest4j/opentest4j/1.2.0/opentest4j-1.2.0.jar:/home/jdbl/.m2/repository/org/hamcrest/hamcrest/2.2/hamcrest-2.2.jar:/home/jdbl/.m2/repository/net/bytebuddy/byte-buddy/1.10.7/byte-buddy-1.10.7.jar:/home/jdbl/.m2/repository/org/mockito/mockito-core/3.2.4/mockito-core-3.2.4.jar:/home/jdbl/.m2/repository/net/bytebuddy/byte-buddy-agent/1.10.7/byte-buddy-agent-1.10.7.jar:/home/jdbl/.m2/repository/org/objenesis/objenesis/2.6/objenesis-2.6.jar:/home/jdbl/.m2/repository/org/mockito/mockito-junit-jupiter/3.2.4/mockito-junit-jupiter-3.2.4.jar:/home/jdbl/.m2/repository/com/github/marschall/memoryfilesystem/2.1.0/memoryfilesystem-2.1.0.jar:/home/jdbl/.m2/repository/com/google/guava/guava/28.2-jre/guava-28.2-jre.jar:/home/jdbl/.m2/repository/com/google/guava/failureaccess/1.0.1/failureaccess-1.0.1.jar:/home/jdbl/.m2/repository/com/google/guava/listenablefuture/9999.0-empty-to-avoid-conflict-with-guava/listenablefuture-9999.0-empty-to-avoid-conflict-with-guava.jar:/home/jdbl/.m2/repository/com/google/code/findbugs/jsr305/3.0.2/jsr305-3.0.2.jar:/home/jdbl/.m2/repository/org/checkerframework/checker-qual/2.10.0/checker-qual-2.10.0.jar:/home/jdbl/.m2/repository/com/google/errorprone/error_prone_annotations/2.3.4/error_prone_annotations-2.3.4.jar:/home/jdbl/.m2/repository/com/google/j2objc/j2objc-annotations/1.3/j2objc-annotations-1.3.jar:/home/jdbl/.m2/repository/org/apache/commons/commons-lang3/3.9/commons-lang3-3.9.jar:"/>
    <property name="sun.cpu.endian" value="little"/>
    <property name="user.home" value="/home/jdbl"/>
    <property name="user.language" value="en"/>
    <property name="java.specification.vendor" value="Oracle Corporation"/>
    <property name="java.home" value="/usr/local/openjdk-8/jre"/>
    <property name="basedir" value="/tmp/tmpdw4lbapm/assertj-core"/>
    <property name="file.separator" value="/"/>
    <property name="line.separator" value="&#10;"/>
    <property name="source.skip" value="true"/>
    <property name="java.vm.specification.vendor" value="Oracle Corporation"/>
    <property name="java.specification.name" value="Java Platform API Specification"/>
    <property name="java.awt.graphicsenv" value="sun.awt.X11GraphicsEnvironment"/>
    <property name="surefire.real.class.path" value="/tmp/tmpdw4lbapm/assertj-core/target/surefire/surefirebooter2836342351377581809.jar:/home/jdbl/.m2/repository/org/jacoco/org.jacoco.agent/0.8.5/org.jacoco.agent-0.8.5-runtime.jar"/>
    <property name="sun.boot.class.path" value="/usr/local/openjdk-8/jre/lib/resources.jar:/usr/local/openjdk-8/jre/lib/rt.jar:/usr/local/openjdk-8/jre/lib/sunrsasign.jar:/usr/local/openjdk-8/jre/lib/jsse.jar:/usr/local/openjdk-8/jre/lib/jce.jar:/usr/local/openjdk-8/jre/lib/charsets.jar:/usr/local/openjdk-8/jre/lib/jfr.jar:/usr/local/openjdk-8/jre/classes"/>
    <property name="sun.management.compiler" value="HotSpot 64-Bit Tiered Compilers"/>
    <property name="java.runtime.version" value="1.8.0_262-b10"/>
    <property name="user.name" value="jdbl"/>
    <property name="path.separator" value=":"/>
    <property name="os.version" value="4.15.0-109-generic"/>
    <property name="java.endorsed.dirs" value="/usr/local/openjdk-8/jre/lib/endorsed"/>
    <property name="java.runtime.name" value="OpenJDK Runtime Environment"/>
    <property name="file.encoding" value="UTF-8"/>
    <property name="java.vm.name" value="OpenJDK 64-Bit Server VM"/>
    <property name="localRepository" value="/home/jdbl/.m2/repository"/>
    <property name="java.vendor.url.bug" value="http://bugreport.sun.com/bugreport/"/>
    <property name="java.io.tmpdir" value="/tmp"/>
    <property name="java.version" value="1.8.0_262"/>
    <property name="user.dir" value="/tmp/tmpdw4lbapm/assertj-core"/>
    <property name="os.arch" value="amd64"/>
    <property name="license.skip" value="true"/>
    <property name="animal.sniffer.skip" value="true"/>
    <property name="java.vm.specification.name" value="Java Virtual Machine Specification"/>
    <property name="java.awt.printerjob" value="sun.print.PSPrinterJob"/>
    <property name="sun.os.patch.level" value="unknown"/>
    <property name="java.library.path" value="/usr/java/packages/lib/amd64:/usr/lib64:/lib64:/lib:/usr/lib"/>
    <property name="java.vm.info" value="mixed mode"/>
    <property name="java.vendor" value="Oracle Corporation"/>
    <property name="java.vm.version" value="25.262-b10"/>
    <property name="java.ext.dirs" value="/usr/local/openjdk-8/jre/lib/ext:/usr/java/packages/lib/ext"/>
    <property name="sun.io.unicode.encoding" value="UnicodeLittle"/>
    <property name="java.class.version" value="52.0"/>
    <property name="maven.test.failure.ignore" value="true"/>
  </properties>
  <testcase name="atomic_reference_array_factory_should_allow_atomic_reference_array_assertions" classname="org.assertj.core.api.InstanceOfAssertFactoriesTest" time="0.014"/>
  <testcase name="int_array_factory_should_allow_int_array_assertions" classname="org.assertj.core.api.InstanceOfAssertFactoriesTest" time="0"/>
  <testcase name="zoned_date_time_factory_should_allow_zoned_date_time_assertions" classname="org.assertj.core.api.InstanceOfAssertFactoriesTest" time="0"/>
  <testcase name="throwable_factory_should_allow_throwable_assertions" classname="org.assertj.core.api.InstanceOfAssertFactoriesTest" time="0.001"/>
  <testcase name="typed_atomic_reference_array_factory_should_allow_typed_atomic_reference_array_assertions" classname="org.assertj.core.api.InstanceOfAssertFactoriesTest" time="0"/>
  <testcase name="optional_factory_should_allow_optional_assertions" classname="org.assertj.core.api.InstanceOfAssertFactoriesTest" time="0"/>
  <testcase name="atomic_long_factory_should_allow_atomic_long_assertions" classname="org.assertj.core.api.InstanceOfAssertFactoriesTest" time="0.001"/>
  <testcase name="duration_factory_should_allow_duration_assertions" classname="org.assertj.core.api.InstanceOfAssertFactoriesTest" time="0"/>
  <testcase name="spliterator_factory_should_allow_spliterator_assertions" classname="org.assertj.core.api.InstanceOfAssertFactoriesTest" time="0"/>
  <testcase name="completable_future_factory_should_allow_completable_future_assertions" classname="org.assertj.core.api.InstanceOfAssertFactoriesTest" time="0"/>
  <testcase name="typed_map_factory_should_allow_typed_map_assertions" classname="org.assertj.core.api.InstanceOfAssertFactoriesTest" time="0.001"/>
  <testcase name="long_stream_factory_should_allow_long_list_assertions" classname="org.assertj.core.api.InstanceOfAssertFactoriesTest" time="0.001"/>
  <testcase name="uri_type_factory_should_allow_uri_assertions" classname="org.assertj.core.api.InstanceOfAssertFactoriesTest" time="0"/>
  <testcase name="local_date_factory_should_allow_local_date_assertions" classname="org.assertj.core.api.InstanceOfAssertFactoriesTest" time="0"/>
  <testcase name="atomic_boolean_factory_should_allow_atomic_boolean_assertions" classname="org.assertj.core.api.InstanceOfAssertFactoriesTest" time="0"/>
  <testcase name="long_factory_should_allow_long_assertions" classname="org.assertj.core.api.InstanceOfAssertFactoriesTest" time="0"/>
  <testcase name="file_factory_should_allow_file_assertions" classname="org.assertj.core.api.InstanceOfAssertFactoriesTest" time="0"/>
  <testcase name="string_factory_should_allow_string_assertions" classname="org.assertj.core.api.InstanceOfAssertFactoriesTest" time="0"/>
  <testcase name="atomic_reference_field_updater_factory_should_allow_atomic_reference_field_updater_assertions" classname="org.assertj.core.api.InstanceOfAssertFactoriesTest" time="0.001"/>
  <testcase name="class_factory_should_allow_class_assertions" classname="org.assertj.core.api.InstanceOfAssertFactoriesTest" time="0"/>
  <testcase name="local_time_factory_should_allow_local_time_assertions" classname="org.assertj.core.api.InstanceOfAssertFactoriesTest" time="0"/>
  <testcase name="completion_stage_factory_should_allow_completable_future_assertions" classname="org.assertj.core.api.InstanceOfAssertFactoriesTest" time="0"/>
  <testcase name="stream_factory_should_allow_list_assertions" classname="org.assertj.core.api.InstanceOfAssertFactoriesTest" time="0.001"/>
  <testcase name="integer_factory_should_allow_integer_assertions" classname="org.assertj.core.api.InstanceOfAssertFactoriesTest" time="0"/>
  <testcase name="array_factory_should_allow_array_assertions" classname="org.assertj.core.api.InstanceOfAssertFactoriesTest" time="0"/>
  <testcase name="local_date_time_factory_should_allow_local_date_time_assertions" classname="org.assertj.core.api.InstanceOfAssertFactoriesTest" time="0"/>
  <testcase name="input_stream_factory_should_allow_input_stream_assertions" classname="org.assertj.core.api.InstanceOfAssertFactoriesTest" time="0"/>
  <testcase name="optional_int_factory_should_allow_optional_int_assertions" classname="org.assertj.core.api.InstanceOfAssertFactoriesTest" time="0"/>
  <testcase name="offset_time_factory_should_allow_offset_time_assertions" classname="org.assertj.core.api.InstanceOfAssertFactoriesTest" time="0"/>
  <testcase name="map_factory_should_allow_map_assertions" classname="org.assertj.core.api.InstanceOfAssertFactoriesTest" time="0"/>
  <testcase name="big_integer_factory_should_allow_big_integer_assertions" classname="org.assertj.core.api.InstanceOfAssertFactoriesTest" time="0"/>
  <testcase name="url_type_factory_should_allow_url_assertions" classname="org.assertj.core.api.InstanceOfAssertFactoriesTest" time="0"/>
  <testcase name="date_factory_should_allow_date_assertions" classname="org.assertj.core.api.InstanceOfAssertFactoriesTest" time="0.001"/>
  <testcase name="typed_optional_factory_should_allow_typed_optional_assertions" classname="org.assertj.core.api.InstanceOfAssertFactoriesTest" time="0"/>
  <testcase name="boolean_factory_should_allow_boolean_assertions" classname="org.assertj.core.api.InstanceOfAssertFactoriesTest" time="0"/>
  <testcase name="typed_completable_future_factory_should_allow_typed_completable_future_assertions" classname="org.assertj.core.api.InstanceOfAssertFactoriesTest" time="0"/>
  <testcase name="atomic_integer_field_updater_factory_should_allow_atomic_integer_field_updater_assertions" classname="org.assertj.core.api.InstanceOfAssertFactoriesTest" time="0"/>
  <testcase name="path_factory_should_allow_path_assertions" classname="org.assertj.core.api.InstanceOfAssertFactoriesTest" time="0.001"/>
  <testcase name="character_factory_should_allow_character_assertions" classname="org.assertj.core.api.InstanceOfAssertFactoriesTest" time="0"/>
  <testcase name="predicate_factory_should_allow_predicate_assertions" classname="org.assertj.core.api.InstanceOfAssertFactoriesTest" time="0.001"/>
  <testcase name="typed_array_factory_should_allow_typed_array_assertions" classname="org.assertj.core.api.InstanceOfAssertFactoriesTest" time="0"/>
  <testcase name="typed_atomic_markable_reference_factory_should_allow_typed_atomic_markable_reference_assertions" classname="org.assertj.core.api.InstanceOfAssertFactoriesTest" time="0.001"/>
  <testcase name="byte_array_factory_should_allow_byte_array_assertions" classname="org.assertj.core.api.InstanceOfAssertFactoriesTest" time="0"/>
  <testcase name="typed_atomic_stamped_reference_factory_should_allow_typed_atomic_stamped_reference_assertions" classname="org.assertj.core.api.InstanceOfAssertFactoriesTest" time="0"/>
  <testcase name="long_predicate_factory_should_allow_long_predicate_assertions" classname="org.assertj.core.api.InstanceOfAssertFactoriesTest" time="0.001"/>
  <testcase name="typed_future_factory_should_allow_typed_future_assertions" classname="org.assertj.core.api.InstanceOfAssertFactoriesTest" time="0.005"/>
  <testcase name="atomic_integer_array_factory_should_allow_atomic_integer_array_assertions" classname="org.assertj.core.api.InstanceOfAssertFactoriesTest" time="0.001"/>
  <testcase name="typed_iterator_factory_should_allow_typed_iterator_assertions" classname="org.assertj.core.api.InstanceOfAssertFactoriesTest" time="0"/>
  <testcase name="typed_iterable_factory_should_allow_typed_iterable_assertions" classname="org.assertj.core.api.InstanceOfAssertFactoriesTest" time="0"/>
  <testcase name="typed_atomic_long_field_updater_factory_should_allow_typed_atomic_long_field_updater_assertions" classname="org.assertj.core.api.InstanceOfAssertFactoriesTest" time="0"/>
  <testcase name="future_factory_should_allow_future_assertions" classname="org.assertj.core.api.InstanceOfAssertFactoriesTest" time="0.001"/>
  <testcase name="float_factory_should_allow_float_assertions" classname="org.assertj.core.api.InstanceOfAssertFactoriesTest" time="0"/>
  <testcase name="typed_stream_factory_should_allow_typed_list_assertions" classname="org.assertj.core.api.InstanceOfAssertFactoriesTest" time="0"/>
  <testcase name="iterator_factory_should_allow_iterator_assertions" classname="org.assertj.core.api.InstanceOfAssertFactoriesTest" time="0"/>
  <testcase name="typed_completion_stage_factory_should_allow_typed_completable_future_assertions" classname="org.assertj.core.api.InstanceOfAssertFactoriesTest" time="0"/>
  <testcase name="typed_atomic_reference_factory_should_allow_typed_atomic_reference_assertions" classname="org.assertj.core.api.InstanceOfAssertFactoriesTest" time="0.001"/>
  <testcase name="char_array_factory_should_allow_char_array_assertions" classname="org.assertj.core.api.InstanceOfAssertFactoriesTest" time="0"/>
  <testcase name="comparable_factory_should_allow_comparable_assertions" classname="org.assertj.core.api.InstanceOfAssertFactoriesTest" time="0"/>
  <testcase name="instant_factory_should_allow_instant_assertions" classname="org.assertj.core.api.InstanceOfAssertFactoriesTest" time="0"/>
  <testcase name="string_builder_factory_should_allow_char_sequence_assertions" classname="org.assertj.core.api.InstanceOfAssertFactoriesTest" time="0"/>
  <testcase name="double_array_factory_should_allow_double_array_assertions" classname="org.assertj.core.api.InstanceOfAssertFactoriesTest" time="0"/>
  <testcase name="string_buffer_factory_should_allow_char_sequence_assertions" classname="org.assertj.core.api.InstanceOfAssertFactoriesTest" time="0.001"/>
  <testcase name="double_stream_factory_should_allow_double_list_assertions" classname="org.assertj.core.api.InstanceOfAssertFactoriesTest" time="0.001"/>
  <testcase name="atomic_markable_reference_factory_should_allow_atomic_markable_reference_assertions" classname="org.assertj.core.api.InstanceOfAssertFactoriesTest" time="0"/>
  <testcase name="double_predicate_factory_should_allow_double_predicate_assertions" classname="org.assertj.core.api.InstanceOfAssertFactoriesTest" time="0"/>
  <testcase name="long_array_factory_should_allow_long_array_assertions" classname="org.assertj.core.api.InstanceOfAssertFactoriesTest" time="0"/>
  <testcase name="atomic_long_field_updater_factory_should_allow_atomic_long_field_updater_assertions" classname="org.assertj.core.api.InstanceOfAssertFactoriesTest" time="0"/>
  <testcase name="int_stream_factory_should_allow_int_list_assertions" classname="org.assertj.core.api.InstanceOfAssertFactoriesTest" time="0.001"/>
  <testcase name="offset_date_time_factory_should_allow_offset_date_time_assertions" classname="org.assertj.core.api.InstanceOfAssertFactoriesTest" time="0"/>
  <testcase name="iterable_factory_should_allow_iterable_assertions" classname="org.assertj.core.api.InstanceOfAssertFactoriesTest" time="0"/>
  <testcase name="typed_list_factory_should_allow_typed_list_assertions" classname="org.assertj.core.api.InstanceOfAssertFactoriesTest" time="0.001"/>
  <testcase name="int_predicate_factory_should_allow_int_predicate_assertions" classname="org.assertj.core.api.InstanceOfAssertFactoriesTest" time="0"/>
  <testcase name="typed_atomic_integer_field_updater_factory_should_allow_typed_atomic_integer_field_updater_assertions" classname="org.assertj.core.api.InstanceOfAssertFactoriesTest" time="0"/>
  <testcase name="short_factory_should_allow_short_assertions" classname="org.assertj.core.api.InstanceOfAssertFactoriesTest" time="0.001"/>
  <testcase name="atomic_reference_factory_should_allow_atomic_reference_assertions" classname="org.assertj.core.api.InstanceOfAssertFactoriesTest" time="0"/>
  <testcase name="list_factory_should_allow_list_assertions" classname="org.assertj.core.api.InstanceOfAssertFactoriesTest" time="0"/>
  <testcase name="typed_atomic_reference_field_updater_factory_should_allow_typed_atomic_reference_field_updater_assertions" classname="org.assertj.core.api.InstanceOfAssertFactoriesTest" time="0"/>
  <testcase name="atomic_long_array_factory_should_allow_atomic_long_array_assertions" classname="org.assertj.core.api.InstanceOfAssertFactoriesTest" time="0.001"/>
  <testcase name="atomic_integer_factory_should_allow_atomic_integer_assertions" classname="org.assertj.core.api.InstanceOfAssertFactoriesTest" time="0.001"/>
  <testcase name="optional_long_factory_should_allow_optional_long_assertions" classname="org.assertj.core.api.InstanceOfAssertFactoriesTest" time="0"/>
  <testcase name="big_decimal_factory_should_allow_big_decimal_assertions" classname="org.assertj.core.api.InstanceOfAssertFactoriesTest" time="0"/>
  <testcase name="double_factory_should_allow_double_assertions" classname="org.assertj.core.api.InstanceOfAssertFactoriesTest" time="0"/>
  <testcase name="boolean_array_factory_should_allow_boolean_array_assertions" classname="org.assertj.core.api.InstanceOfAssertFactoriesTest" time="0"/>
  <testcase name="type_factory_should_allow_typed_object_assertions" classname="org.assertj.core.api.InstanceOfAssertFactoriesTest" time="0.001"/>
  <testcase name="byte_factory_should_allow_byte_assertions" classname="org.assertj.core.api.InstanceOfAssertFactoriesTest" time="0"/>
  <testcase name="char_sequence_factory_should_allow_char_sequence_assertions" classname="org.assertj.core.api.InstanceOfAssertFactoriesTest" time="0"/>
  <testcase name="float_array_factory_should_allow_float_array_assertions" classname="org.assertj.core.api.InstanceOfAssertFactoriesTest" time="0"/>
  <testcase name="typed_predicate_factory_should_allow_typed_predicate_assertions" classname="org.assertj.core.api.InstanceOfAssertFactoriesTest" time="0"/>
  <testcase name="short_array_factory_should_allow_short_array_assertions" classname="org.assertj.core.api.InstanceOfAssertFactoriesTest" time="0"/>
  <testcase name="atomic_stamped_reference_factory_should_allow_atomic_stamped_reference_assertions" classname="org.assertj.core.api.InstanceOfAssertFactoriesTest" time="0"/>
  <testcase name="optional_double_factory_should_allow_optional_double_assertions" classname="org.assertj.core.api.InstanceOfAssertFactoriesTest" time="0"/>
</testsuite>