<?xml version="1.0" encoding="UTF-8"?>
<testsuite xmlns:xsi="http://www.w3.org/2001/XMLSchema-instance" xsi:noNamespaceSchemaLocation="https://maven.apache.org/surefire/maven-surefire-plugin/xsd/surefire-test-report.xsd" name="org.apache.commons.codec.digest.DigestUtilsTest" time="0.43" tests="29" errors="0" skipped="8" failures="0">
  <properties>
    <property name="awt.toolkit" value="sun.awt.X11.XToolkit"/>
    <property name="maven.test.error.ignore" value="true"/>
    <property name="file.encoding.pkg" value="sun.io"/>
    <property name="java.specification.version" value="1.8"/>
    <property name="sun.cpu.isalist" value=""/>
    <property name="sun.jnu.encoding" value="UTF-8"/>
    <property name="java.class.path" value="/tmp/tmpy_t_4nsk/commons-codec/target/test-classes:/tmp/tmpy_t_4nsk/commons-codec/target/classes:/home/jdbl/.m2/repository/junit/junit/4.12/junit-4.12.jar:/home/jdbl/.m2/repository/org/hamcrest/hamcrest-core/1.3/hamcrest-core-1.3.jar:/home/jdbl/.m2/repository/org/apache/commons/commons-lang3/3.8.1/commons-lang3-3.8.1.jar:"/>
    <property name="java.vm.vendor" value="Oracle Corporation"/>
    <property name="maven.javadoc.skip" value="true"/>
    <property name="sun.arch.data.model" value="64"/>
    <property name="java.vendor.url" value="http://java.oracle.com/"/>
    <property name="user.timezone" value=""/>
    <property name="java.vm.specification.version" value="1.8"/>
    <property name="os.name" value="Linux"/>
    <property name="rat.skip" value="true"/>
    <property name="sun.java.launcher" value="SUN_STANDARD"/>
    <property name="sun.boot.library.path" value="/usr/local/openjdk-8/jre/lib/amd64"/>
    <property name="sun.java.command" value="/tmp/tmpy_t_4nsk/commons-codec/target/surefire/surefirebooter3114603512482094381.jar /tmp/tmpy_t_4nsk/commons-codec/target/surefire 2020-07-30T17-06-25_963-jvmRun1 surefire7742491839677151912tmp surefire_07322567221130060113tmp"/>
    <property name="surefire.test.class.path" value="/tmp/tmpy_t_4nsk/commons-codec/target/test-classes:/tmp/tmpy_t_4nsk/commons-codec/target/classes:/home/jdbl/.m2/repository/junit/junit/4.12/junit-4.12.jar:/home/jdbl/.m2/repository/org/hamcrest/hamcrest-core/1.3/hamcrest-core-1.3.jar:/home/jdbl/.m2/repository/org/apache/commons/commons-lang3/3.8.1/commons-lang3-3.8.1.jar:"/>
    <property name="sun.cpu.endian" value="little"/>
    <property name="user.home" value="/home/jdbl"/>
    <property name="user.language" value="en"/>
    <property name="java.specification.vendor" value="Oracle Corporation"/>
    <property name="java.home" value="/usr/local/openjdk-8/jre"/>
    <property name="basedir" value="/tmp/tmpy_t_4nsk/commons-codec"/>
    <property name="file.separator" value="/"/>
    <property name="line.separator" value="&#10;"/>
    <property name="source.skip" value="true"/>
    <property name="java.vm.specification.vendor" value="Oracle Corporation"/>
    <property name="java.specification.name" value="Java Platform API Specification"/>
    <property name="java.awt.graphicsenv" value="sun.awt.X11GraphicsEnvironment"/>
    <property name="surefire.real.class.path" value="/tmp/tmpy_t_4nsk/commons-codec/target/surefire/surefirebooter3114603512482094381.jar:/home/jdbl/.m2/repository/org/jacoco/org.jacoco.agent/0.8.3/org.jacoco.agent-0.8.3-runtime.jar"/>
    <property name="sun.boot.class.path" value="/usr/local/openjdk-8/jre/lib/resources.jar:/usr/local/openjdk-8/jre/lib/rt.jar:/usr/local/openjdk-8/jre/lib/sunrsasign.jar:/usr/local/openjdk-8/jre/lib/jsse.jar:/usr/local/openjdk-8/jre/lib/jce.jar:/usr/local/openjdk-8/jre/lib/charsets.jar:/usr/local/openjdk-8/jre/lib/jfr.jar:/usr/local/openjdk-8/jre/classes"/>
    <property name="sun.management.compiler" value="HotSpot 64-Bit Tiered Compilers"/>
    <property name="java.runtime.version" value="1.8.0_262-b10"/>
    <property name="user.name" value="jdbl"/>
    <property name="path.separator" value=":"/>
    <property name="os.version" value="4.15.0-109-generic"/>
    <property name="java.endorsed.dirs" value="/usr/local/openjdk-8/jre/lib/endorsed"/>
    <property name="java.runtime.name" value="OpenJDK Runtime Environment"/>
    <property name="file.encoding" value="UTF-8"/>
    <property name="java.vm.name" value="OpenJDK 64-Bit Server VM"/>
    <property name="localRepository" value="/home/jdbl/.m2/repository"/>
    <property name="java.vendor.url.bug" value="http://bugreport.sun.com/bugreport/"/>
    <property name="java.io.tmpdir" value="/tmp"/>
    <property name="java.version" value="1.8.0_262"/>
    <property name="user.dir" value="/tmp/tmpy_t_4nsk/commons-codec"/>
    <property name="os.arch" value="amd64"/>
    <property name="license.skip" value="true"/>
    <property name="animal.sniffer.skip" value="true"/>
    <property name="java.vm.specification.name" value="Java Virtual Machine Specification"/>
    <property name="java.awt.printerjob" value="sun.print.PSPrinterJob"/>
    <property name="sun.os.patch.level" value="unknown"/>
    <property name="java.library.path" value="/usr/java/packages/lib/amd64:/usr/lib64:/lib64:/lib:/usr/lib"/>
    <property name="java.vm.info" value="mixed mode"/>
    <property name="java.vendor" value="Oracle Corporation"/>
    <property name="java.vm.version" value="25.262-b10"/>
    <property name="java.ext.dirs" value="/usr/local/openjdk-8/jre/lib/ext:/usr/java/packages/lib/ext"/>
    <property name="sun.io.unicode.encoding" value="UnicodeLittle"/>
    <property name="java.class.version" value="52.0"/>
    <property name="maven.test.failure.ignore" value="true"/>
  </properties>
  <testcase name="testMd5HexLengthForBytes" classname="org.apache.commons.codec.digest.DigestUtilsTest" time="0.006"/>
  <testcase name="testSha1UpdateWithByteBuffer" classname="org.apache.commons.codec.digest.DigestUtilsTest" time="0.006"/>
  <testcase name="testSha256HexInputStream" classname="org.apache.commons.codec.digest.DigestUtilsTest" time="0.024"/>
  <testcase name="testSha512HexInputStream" classname="org.apache.commons.codec.digest.DigestUtilsTest" time="0.014"/>
  <testcase name="testMd2Length" classname="org.apache.commons.codec.digest.DigestUtilsTest" time="0.005"/>
  <testcase name="testInternalNoSuchAlgorithmException" classname="org.apache.commons.codec.digest.DigestUtilsTest" time="0.006"/>
  <testcase name="testSha3_224HexInputStream" classname="org.apache.commons.codec.digest.DigestUtilsTest" time="0">
    <skipped message="got: &lt;false&gt;, expected: is &lt;true&gt;"/>
  </testcase>
  <testcase name="testMd5LengthForBytes" classname="org.apache.commons.codec.digest.DigestUtilsTest" time="0.006"/>
  <testcase name="testSha384HexInputStream" classname="org.apache.commons.codec.digest.DigestUtilsTest" time="0.019"/>
  <testcase name="testSha3_224" classname="org.apache.commons.codec.digest.DigestUtilsTest" time="0">
    <skipped message="got: &lt;false&gt;, expected: is &lt;true&gt;"/>
  </testcase>
  <testcase name="testSha3_256" classname="org.apache.commons.codec.digest.DigestUtilsTest" time="0">
    <skipped message="got: &lt;false&gt;, expected: is &lt;true&gt;"/>
  </testcase>
  <testcase name="testSha3_384" classname="org.apache.commons.codec.digest.DigestUtilsTest" time="0">
    <skipped message="got: &lt;false&gt;, expected: is &lt;true&gt;"/>
  </testcase>
  <testcase name="testSha3_512" classname="org.apache.commons.codec.digest.DigestUtilsTest" time="0">
    <skipped message="got: &lt;false&gt;, expected: is &lt;true&gt;"/>
  </testcase>
  <testcase name="testSha1UpdateWithByteArray" classname="org.apache.commons.codec.digest.DigestUtilsTest" time="0.006"/>
  <testcase name="testSha1UpdateWithString" classname="org.apache.commons.codec.digest.DigestUtilsTest" time="0.005"/>
  <testcase name="testSha3_256HexInputStream" classname="org.apache.commons.codec.digest.DigestUtilsTest" time="0">
    <skipped message="got: &lt;false&gt;, expected: is &lt;true&gt;"/>
  </testcase>
  <testcase name="testSha3_512HexInputStream" classname="org.apache.commons.codec.digest.DigestUtilsTest" time="0">
    <skipped message="got: &lt;false&gt;, expected: is &lt;true&gt;"/>
  </testcase>
  <testcase name="testShaUpdateWithByteArray" classname="org.apache.commons.codec.digest.DigestUtilsTest" time="0.005"/>
  <testcase name="testMd2Hex" classname="org.apache.commons.codec.digest.DigestUtilsTest" time="0.189"/>
  <testcase name="testMd5Hex" classname="org.apache.commons.codec.digest.DigestUtilsTest" time="0.009"/>
  <testcase name="testSha1Hex" classname="org.apache.commons.codec.digest.DigestUtilsTest" time="0.011"/>
  <testcase name="testMd2HexLength" classname="org.apache.commons.codec.digest.DigestUtilsTest" time="0.005"/>
  <testcase name="testSha224" classname="org.apache.commons.codec.digest.DigestUtilsTest" time="0.006"/>
  <testcase name="testSha256" classname="org.apache.commons.codec.digest.DigestUtilsTest" time="0.017"/>
  <testcase name="testSha384" classname="org.apache.commons.codec.digest.DigestUtilsTest" time="0.013"/>
  <testcase name="testSha512" classname="org.apache.commons.codec.digest.DigestUtilsTest" time="0.005"/>
  <testcase name="testShaHex" classname="org.apache.commons.codec.digest.DigestUtilsTest" time="0.013"/>
  <testcase name="testShaUpdateWithString" classname="org.apache.commons.codec.digest.DigestUtilsTest" time="0.006"/>
  <testcase name="testSha3_384HexInputStream" classname="org.apache.commons.codec.digest.DigestUtilsTest" time="0">
    <skipped message="got: &lt;false&gt;, expected: is &lt;true&gt;"/>
  </testcase>
</testsuite>