<?xml version="1.0" encoding="UTF-8"?>
<testsuite xmlns:xsi="http://www.w3.org/2001/XMLSchema-instance" xsi:schemaLocation="https://maven.apache.org/surefire/maven-surefire-plugin/xsd/surefire-test-report.xsd" name="org.opennars.core.NALTest" time="313.578" tests="244" errors="0" skipped="0" failures="0">
  <properties>
    <property name="java.runtime.name" value="OpenJDK Runtime Environment"/>
    <property name="sun.boot.library.path" value="/usr/local/openjdk-8/jre/lib/amd64"/>
    <property name="java.vm.version" value="25.262-b10"/>
    <property name="animal.sniffer.skip" value="true"/>
    <property name="java.vm.vendor" value="Oracle Corporation"/>
    <property name="maven.multiModuleProjectDirectory" value="/tmp/tmpj5rkp8qt/opennars"/>
    <property name="maven.javadoc.skip" value="true"/>
    <property name="java.vendor.url" value="http://java.oracle.com/"/>
    <property name="path.separator" value=":"/>
    <property name="guice.disable.misplaced.annotation.check" value="true"/>
    <property name="java.vm.name" value="OpenJDK 64-Bit Server VM"/>
    <property name="file.encoding.pkg" value="sun.io"/>
    <property name="sun.java.launcher" value="SUN_STANDARD"/>
    <property name="sun.os.patch.level" value="unknown"/>
    <property name="source.skip" value="true"/>
    <property name="java.vm.specification.name" value="Java Virtual Machine Specification"/>
    <property name="user.dir" value="/tmp/tmpj5rkp8qt/opennars"/>
    <property name="java.runtime.version" value="1.8.0_262-b10"/>
    <property name="java.awt.graphicsenv" value="sun.awt.X11GraphicsEnvironment"/>
    <property name="java.endorsed.dirs" value="/usr/local/openjdk-8/jre/lib/endorsed"/>
    <property name="os.arch" value="amd64"/>
    <property name="java.io.tmpdir" value="/tmp"/>
    <property name="line.separator" value="&#10;"/>
    <property name="java.vm.specification.vendor" value="Oracle Corporation"/>
    <property name="os.name" value="Linux"/>
    <property name="classworlds.conf" value="/usr/share/maven/bin/m2.conf"/>
    <property name="sun.jnu.encoding" value="UTF-8"/>
    <property name="java.library.path" value="/usr/java/packages/lib/amd64:/usr/lib64:/lib64:/lib:/usr/lib"/>
    <property name="license.skip" value="true"/>
    <property name="maven.conf" value="/usr/share/maven/conf"/>
    <property name="java.specification.name" value="Java Platform API Specification"/>
    <property name="java.class.version" value="52.0"/>
    <property name="sun.management.compiler" value="HotSpot 64-Bit Tiered Compilers"/>
    <property name="maven.test.failure.ignore" value="true"/>
    <property name="os.version" value="4.15.0-109-generic"/>
    <property name="library.jansi.path" value="/usr/share/maven/lib/jansi-native"/>
    <property name="user.home" value="/home/jdbl"/>
    <property name="user.timezone" value="Etc/UTC"/>
    <property name="java.awt.printerjob" value="sun.print.PSPrinterJob"/>
    <property name="java.specification.version" value="1.8"/>
    <property name="file.encoding" value="UTF-8"/>
    <property name="user.name" value="jdbl"/>
    <property name="java.class.path" value="/usr/share/maven/boot/plexus-classworlds-2.6.0.jar"/>
    <property name="java.vm.specification.version" value="1.8"/>
    <property name="sun.arch.data.model" value="64"/>
    <property name="java.home" value="/usr/local/openjdk-8/jre"/>
    <property name="sun.java.command" value="org.codehaus.plexus.classworlds.launcher.Launcher test -e --fail-never -ntp -Dmaven.test.failure.ignore=true -B -Dmaven.javadoc.skip=true -Drat.skip=true -Danimal.sniffer.skip=true -Dmaven.javadoc.skip=true -Dlicense.skip=true -Dsource.skip=true"/>
    <property name="java.specification.vendor" value="Oracle Corporation"/>
    <property name="user.language" value="en"/>
    <property name="awt.toolkit" value="sun.awt.X11.XToolkit"/>
    <property name="java.vm.info" value="mixed mode"/>
    <property name="java.version" value="1.8.0_262"/>
    <property name="java.ext.dirs" value="/usr/local/openjdk-8/jre/lib/ext:/usr/java/packages/lib/ext"/>
    <property name="securerandom.source" value="file:/dev/./urandom"/>
    <property name="sun.boot.class.path" value="/usr/local/openjdk-8/jre/lib/resources.jar:/usr/local/openjdk-8/jre/lib/rt.jar:/usr/local/openjdk-8/jre/lib/sunrsasign.jar:/usr/local/openjdk-8/jre/lib/jsse.jar:/usr/local/openjdk-8/jre/lib/jce.jar:/usr/local/openjdk-8/jre/lib/charsets.jar:/usr/local/openjdk-8/jre/lib/jfr.jar:/usr/local/openjdk-8/jre/classes"/>
    <property name="java.vendor" value="Oracle Corporation"/>
    <property name="rat.skip" value="true"/>
    <property name="maven.home" value="/usr/share/maven"/>
    <property name="file.separator" value="/"/>
    <property name="java.vendor.url.bug" value="http://bugreport.sun.com/bugreport/"/>
    <property name="sun.cpu.endian" value="little"/>
    <property name="sun.io.unicode.encoding" value="UnicodeLittle"/>
    <property name="sun.cpu.isalist" value=""/>
  </properties>
  <testcase name="test[0]" classname="org.opennars.core.NALTest" time="0.36"/>
  <testcase name="test[1]" classname="org.opennars.core.NALTest" time="1.299"/>
  <testcase name="test[2]" classname="org.opennars.core.NALTest" time="7.02"/>
  <testcase name="test[3]" classname="org.opennars.core.NALTest" time="0.303"/>
  <testcase name="test[4]" classname="org.opennars.core.NALTest" time="0.295"/>
  <testcase name="test[5]" classname="org.opennars.core.NALTest" time="0.366"/>
  <testcase name="test[6]" classname="org.opennars.core.NALTest" time="0.38"/>
  <testcase name="test[7]" classname="org.opennars.core.NALTest" time="0.306"/>
  <testcase name="test[8]" classname="org.opennars.core.NALTest" time="0.302"/>
  <testcase name="test[9]" classname="org.opennars.core.NALTest" time="0.302"/>
  <testcase name="test[10]" classname="org.opennars.core.NALTest" time="0.305"/>
  <testcase name="test[11]" classname="org.opennars.core.NALTest" time="0.312"/>
  <testcase name="test[12]" classname="org.opennars.core.NALTest" time="2.248"/>
  <testcase name="test[13]" classname="org.opennars.core.NALTest" time="0.312"/>
  <testcase name="test[14]" classname="org.opennars.core.NALTest" time="0.433"/>
  <testcase name="test[15]" classname="org.opennars.core.NALTest" time="0.324"/>
  <testcase name="test[16]" classname="org.opennars.core.NALTest" time="0.298"/>
  <testcase name="test[17]" classname="org.opennars.core.NALTest" time="0.313"/>
  <testcase name="test[18]" classname="org.opennars.core.NALTest" time="0.304"/>
  <testcase name="test[19]" classname="org.opennars.core.NALTest" time="0.307"/>
  <testcase name="test[20]" classname="org.opennars.core.NALTest" time="0.301"/>
  <testcase name="test[21]" classname="org.opennars.core.NALTest" time="0.305"/>
  <testcase name="test[22]" classname="org.opennars.core.NALTest" time="0.306"/>
  <testcase name="test[23]" classname="org.opennars.core.NALTest" time="0.322"/>
  <testcase name="test[24]" classname="org.opennars.core.NALTest" time="0.324"/>
  <testcase name="test[25]" classname="org.opennars.core.NALTest" time="0.334"/>
  <testcase name="test[26]" classname="org.opennars.core.NALTest" time="0.418"/>
  <testcase name="test[27]" classname="org.opennars.core.NALTest" time="0.309"/>
  <testcase name="test[28]" classname="org.opennars.core.NALTest" time="0.31"/>
  <testcase name="test[29]" classname="org.opennars.core.NALTest" time="0.424"/>
  <testcase name="test[30]" classname="org.opennars.core.NALTest" time="0.308"/>
  <testcase name="test[31]" classname="org.opennars.core.NALTest" time="0.32"/>
  <testcase name="test[32]" classname="org.opennars.core.NALTest" time="0.303"/>
  <testcase name="test[33]" classname="org.opennars.core.NALTest" time="0.523"/>
  <testcase name="test[34]" classname="org.opennars.core.NALTest" time="0.448"/>
  <testcase name="test[35]" classname="org.opennars.core.NALTest" time="0.374"/>
  <testcase name="test[36]" classname="org.opennars.core.NALTest" time="0.324"/>
  <testcase name="test[37]" classname="org.opennars.core.NALTest" time="0.762"/>
  <testcase name="test[38]" classname="org.opennars.core.NALTest" time="0.507"/>
  <testcase name="test[39]" classname="org.opennars.core.NALTest" time="0.67"/>
  <testcase name="test[40]" classname="org.opennars.core.NALTest" time="0.345"/>
  <testcase name="test[41]" classname="org.opennars.core.NALTest" time="0.372"/>
  <testcase name="test[42]" classname="org.opennars.core.NALTest" time="0.31"/>
  <testcase name="test[43]" classname="org.opennars.core.NALTest" time="0.609"/>
  <testcase name="test[44]" classname="org.opennars.core.NALTest" time="0.508"/>
  <testcase name="test[45]" classname="org.opennars.core.NALTest" time="0.409"/>
  <testcase name="test[46]" classname="org.opennars.core.NALTest" time="0.328"/>
  <testcase name="test[47]" classname="org.opennars.core.NALTest" time="0.317"/>
  <testcase name="test[48]" classname="org.opennars.core.NALTest" time="0.312"/>
  <testcase name="test[49]" classname="org.opennars.core.NALTest" time="0.667"/>
  <testcase name="test[50]" classname="org.opennars.core.NALTest" time="0.408"/>
  <testcase name="test[51]" classname="org.opennars.core.NALTest" time="0.394"/>
  <testcase name="test[52]" classname="org.opennars.core.NALTest" time="0.396"/>
  <testcase name="test[53]" classname="org.opennars.core.NALTest" time="0.389"/>
  <testcase name="test[54]" classname="org.opennars.core.NALTest" time="0.394"/>
  <testcase name="test[55]" classname="org.opennars.core.NALTest" time="0.399"/>
  <testcase name="test[56]" classname="org.opennars.core.NALTest" time="0.632"/>
  <testcase name="test[57]" classname="org.opennars.core.NALTest" time="0.46"/>
  <testcase name="test[58]" classname="org.opennars.core.NALTest" time="0.457"/>
  <testcase name="test[59]" classname="org.opennars.core.NALTest" time="1.48"/>
  <testcase name="test[60]" classname="org.opennars.core.NALTest" time="2.156"/>
  <testcase name="test[61]" classname="org.opennars.core.NALTest" time="1.023"/>
  <testcase name="test[62]" classname="org.opennars.core.NALTest" time="2.036"/>
  <testcase name="test[63]" classname="org.opennars.core.NALTest" time="0.296"/>
  <testcase name="test[64]" classname="org.opennars.core.NALTest" time="0.29"/>
  <testcase name="test[65]" classname="org.opennars.core.NALTest" time="0.3"/>
  <testcase name="test[66]" classname="org.opennars.core.NALTest" time="0.295"/>
  <testcase name="test[67]" classname="org.opennars.core.NALTest" time="0.307"/>
  <testcase name="test[68]" classname="org.opennars.core.NALTest" time="0.304"/>
  <testcase name="test[69]" classname="org.opennars.core.NALTest" time="0.313"/>
  <testcase name="test[70]" classname="org.opennars.core.NALTest" time="0.292"/>
  <testcase name="test[71]" classname="org.opennars.core.NALTest" time="0.409"/>
  <testcase name="test[72]" classname="org.opennars.core.NALTest" time="0.436"/>
  <testcase name="test[73]" classname="org.opennars.core.NALTest" time="0.341"/>
  <testcase name="test[74]" classname="org.opennars.core.NALTest" time="0.304"/>
  <testcase name="test[75]" classname="org.opennars.core.NALTest" time="0.31"/>
  <testcase name="test[76]" classname="org.opennars.core.NALTest" time="0.316"/>
  <testcase name="test[77]" classname="org.opennars.core.NALTest" time="0.33"/>
  <testcase name="test[78]" classname="org.opennars.core.NALTest" time="0.391"/>
  <testcase name="test[79]" classname="org.opennars.core.NALTest" time="0.329"/>
  <testcase name="test[80]" classname="org.opennars.core.NALTest" time="0.332"/>
  <testcase name="test[81]" classname="org.opennars.core.NALTest" time="0.316"/>
  <testcase name="test[82]" classname="org.opennars.core.NALTest" time="0.297"/>
  <testcase name="test[83]" classname="org.opennars.core.NALTest" time="0.305"/>
  <testcase name="test[84]" classname="org.opennars.core.NALTest" time="0.304"/>
  <testcase name="test[85]" classname="org.opennars.core.NALTest" time="0.31"/>
  <testcase name="test[86]" classname="org.opennars.core.NALTest" time="0.311"/>
  <testcase name="test[87]" classname="org.opennars.core.NALTest" time="0.316"/>
  <testcase name="test[88]" classname="org.opennars.core.NALTest" time="0.299"/>
  <testcase name="test[89]" classname="org.opennars.core.NALTest" time="0.298"/>
  <testcase name="test[90]" classname="org.opennars.core.NALTest" time="0.305"/>
  <testcase name="test[91]" classname="org.opennars.core.NALTest" time="0.326"/>
  <testcase name="test[92]" classname="org.opennars.core.NALTest" time="0.296"/>
  <testcase name="test[93]" classname="org.opennars.core.NALTest" time="0.299"/>
  <testcase name="test[94]" classname="org.opennars.core.NALTest" time="0.296"/>
  <testcase name="test[95]" classname="org.opennars.core.NALTest" time="0.338"/>
  <testcase name="test[96]" classname="org.opennars.core.NALTest" time="0.287"/>
  <testcase name="test[97]" classname="org.opennars.core.NALTest" time="0.285"/>
  <testcase name="test[98]" classname="org.opennars.core.NALTest" time="0.296"/>
  <testcase name="test[99]" classname="org.opennars.core.NALTest" time="0.311"/>
  <testcase name="test[100]" classname="org.opennars.core.NALTest" time="0.339"/>
  <testcase name="test[101]" classname="org.opennars.core.NALTest" time="0.357"/>
  <testcase name="test[102]" classname="org.opennars.core.NALTest" time="0.456"/>
  <testcase name="test[103]" classname="org.opennars.core.NALTest" time="0.414"/>
  <testcase name="test[104]" classname="org.opennars.core.NALTest" time="0.571"/>
  <testcase name="test[105]" classname="org.opennars.core.NALTest" time="0.3"/>
  <testcase name="test[106]" classname="org.opennars.core.NALTest" time="0.34"/>
  <testcase name="test[107]" classname="org.opennars.core.NALTest" time="0.395"/>
  <testcase name="test[108]" classname="org.opennars.core.NALTest" time="2.796"/>
  <testcase name="test[109]" classname="org.opennars.core.NALTest" time="0.293"/>
  <testcase name="test[110]" classname="org.opennars.core.NALTest" time="0.3"/>
  <testcase name="test[111]" classname="org.opennars.core.NALTest" time="0.308"/>
  <testcase name="test[112]" classname="org.opennars.core.NALTest" time="0.306"/>
  <testcase name="test[113]" classname="org.opennars.core.NALTest" time="0.436"/>
  <testcase name="test[114]" classname="org.opennars.core.NALTest" time="0.313"/>
  <testcase name="test[115]" classname="org.opennars.core.NALTest" time="0.297"/>
  <testcase name="test[116]" classname="org.opennars.core.NALTest" time="0.321"/>
  <testcase name="test[117]" classname="org.opennars.core.NALTest" time="0.297"/>
  <testcase name="test[118]" classname="org.opennars.core.NALTest" time="0.299"/>
  <testcase name="test[119]" classname="org.opennars.core.NALTest" time="0.302"/>
  <testcase name="test[120]" classname="org.opennars.core.NALTest" time="0.302"/>
  <testcase name="test[121]" classname="org.opennars.core.NALTest" time="0.433"/>
  <testcase name="test[122]" classname="org.opennars.core.NALTest" time="0.41"/>
  <testcase name="test[123]" classname="org.opennars.core.NALTest" time="0.879"/>
  <testcase name="test[124]" classname="org.opennars.core.NALTest" time="0.494"/>
  <testcase name="test[125]" classname="org.opennars.core.NALTest" time="0.661"/>
  <testcase name="test[126]" classname="org.opennars.core.NALTest" time="0.305"/>
  <testcase name="test[127]" classname="org.opennars.core.NALTest" time="0.402"/>
  <testcase name="test[128]" classname="org.opennars.core.NALTest" time="0.372"/>
  <testcase name="test[129]" classname="org.opennars.core.NALTest" time="0.347"/>
  <testcase name="test[130]" classname="org.opennars.core.NALTest" time="0.383"/>
  <testcase name="test[131]" classname="org.opennars.core.NALTest" time="0.389"/>
  <testcase name="test[132]" classname="org.opennars.core.NALTest" time="0.337"/>
  <testcase name="test[133]" classname="org.opennars.core.NALTest" time="0.351"/>
  <testcase name="test[134]" classname="org.opennars.core.NALTest" time="0.457"/>
  <testcase name="test[135]" classname="org.opennars.core.NALTest" time="0.396"/>
  <testcase name="test[136]" classname="org.opennars.core.NALTest" time="0.401"/>
  <testcase name="test[137]" classname="org.opennars.core.NALTest" time="0.351"/>
  <testcase name="test[138]" classname="org.opennars.core.NALTest" time="0.408"/>
  <testcase name="test[139]" classname="org.opennars.core.NALTest" time="0.429"/>
  <testcase name="test[140]" classname="org.opennars.core.NALTest" time="0.438"/>
  <testcase name="test[141]" classname="org.opennars.core.NALTest" time="0.317"/>
  <testcase name="test[142]" classname="org.opennars.core.NALTest" time="0.314"/>
  <testcase name="test[143]" classname="org.opennars.core.NALTest" time="0.321"/>
  <testcase name="test[144]" classname="org.opennars.core.NALTest" time="0.337"/>
  <testcase name="test[145]" classname="org.opennars.core.NALTest" time="0.315"/>
  <testcase name="test[146]" classname="org.opennars.core.NALTest" time="0.313"/>
  <testcase name="test[147]" classname="org.opennars.core.NALTest" time="0.3"/>
  <testcase name="test[148]" classname="org.opennars.core.NALTest" time="0.335"/>
  <testcase name="test[149]" classname="org.opennars.core.NALTest" time="0.38"/>
  <testcase name="test[150]" classname="org.opennars.core.NALTest" time="0.425"/>
  <testcase name="test[151]" classname="org.opennars.core.NALTest" time="0.352"/>
  <testcase name="test[152]" classname="org.opennars.core.NALTest" time="0.365"/>
  <testcase name="test[153]" classname="org.opennars.core.NALTest" time="0.322"/>
  <testcase name="test[154]" classname="org.opennars.core.NALTest" time="0.352"/>
  <testcase name="test[155]" classname="org.opennars.core.NALTest" time="0.306"/>
  <testcase name="test[156]" classname="org.opennars.core.NALTest" time="0.316"/>
  <testcase name="test[157]" classname="org.opennars.core.NALTest" time="0.347"/>
  <testcase name="test[158]" classname="org.opennars.core.NALTest" time="0.299"/>
  <testcase name="test[159]" classname="org.opennars.core.NALTest" time="0.299"/>
  <testcase name="test[160]" classname="org.opennars.core.NALTest" time="0.298"/>
  <testcase name="test[161]" classname="org.opennars.core.NALTest" time="0.364"/>
  <testcase name="test[162]" classname="org.opennars.core.NALTest" time="0.331"/>
  <testcase name="test[163]" classname="org.opennars.core.NALTest" time="0.318"/>
  <testcase name="test[164]" classname="org.opennars.core.NALTest" time="0.393"/>
  <testcase name="test[165]" classname="org.opennars.core.NALTest" time="0.317"/>
  <testcase name="test[166]" classname="org.opennars.core.NALTest" time="0.344"/>
  <testcase name="test[167]" classname="org.opennars.core.NALTest" time="0.354"/>
  <testcase name="test[168]" classname="org.opennars.core.NALTest" time="0.32"/>
  <testcase name="test[169]" classname="org.opennars.core.NALTest" time="0.301"/>
  <testcase name="test[170]" classname="org.opennars.core.NALTest" time="0.33"/>
  <testcase name="test[171]" classname="org.opennars.core.NALTest" time="0.348"/>
  <testcase name="test[172]" classname="org.opennars.core.NALTest" time="0.305"/>
  <testcase name="test[173]" classname="org.opennars.core.NALTest" time="0.311"/>
  <testcase name="test[174]" classname="org.opennars.core.NALTest" time="0.317"/>
  <testcase name="test[175]" classname="org.opennars.core.NALTest" time="0.368"/>
  <testcase name="test[176]" classname="org.opennars.core.NALTest" time="0.345"/>
  <testcase name="test[177]" classname="org.opennars.core.NALTest" time="0.395"/>
  <testcase name="test[178]" classname="org.opennars.core.NALTest" time="0.304"/>
  <testcase name="test[179]" classname="org.opennars.core.NALTest" time="0.304"/>
  <testcase name="test[180]" classname="org.opennars.core.NALTest" time="0.343"/>
  <testcase name="test[181]" classname="org.opennars.core.NALTest" time="0.379"/>
  <testcase name="test[182]" classname="org.opennars.core.NALTest" time="0.355"/>
  <testcase name="test[183]" classname="org.opennars.core.NALTest" time="0.32"/>
  <testcase name="test[184]" classname="org.opennars.core.NALTest" time="0.324"/>
  <testcase name="test[185]" classname="org.opennars.core.NALTest" time="0.352"/>
  <testcase name="test[186]" classname="org.opennars.core.NALTest" time="0.314"/>
  <testcase name="test[187]" classname="org.opennars.core.NALTest" time="0.341"/>
  <testcase name="test[188]" classname="org.opennars.core.NALTest" time="0.335"/>
  <testcase name="test[189]" classname="org.opennars.core.NALTest" time="0.336"/>
  <testcase name="test[190]" classname="org.opennars.core.NALTest" time="0.337"/>
  <testcase name="test[191]" classname="org.opennars.core.NALTest" time="0.331"/>
  <testcase name="test[192]" classname="org.opennars.core.NALTest" time="0.341"/>
  <testcase name="test[193]" classname="org.opennars.core.NALTest" time="0.313"/>
  <testcase name="test[194]" classname="org.opennars.core.NALTest" time="0.331"/>
  <testcase name="test[195]" classname="org.opennars.core.NALTest" time="0.308"/>
  <testcase name="test[196]" classname="org.opennars.core.NALTest" time="0.342"/>
  <testcase name="test[197]" classname="org.opennars.core.NALTest" time="0.335"/>
  <testcase name="test[198]" classname="org.opennars.core.NALTest" time="0.32"/>
  <testcase name="test[199]" classname="org.opennars.core.NALTest" time="0.321"/>
  <testcase name="test[200]" classname="org.opennars.core.NALTest" time="0.36"/>
  <testcase name="test[201]" classname="org.opennars.core.NALTest" time="0.32"/>
  <testcase name="test[202]" classname="org.opennars.core.NALTest" time="0.311"/>
  <testcase name="test[203]" classname="org.opennars.core.NALTest" time="0.304"/>
  <testcase name="test[204]" classname="org.opennars.core.NALTest" time="0.316"/>
  <testcase name="test[205]" classname="org.opennars.core.NALTest" time="0.339"/>
  <testcase name="test[206]" classname="org.opennars.core.NALTest" time="0.316"/>
  <testcase name="test[207]" classname="org.opennars.core.NALTest" time="0.458"/>
  <testcase name="test[208]" classname="org.opennars.core.NALTest" time="0.372"/>
  <testcase name="test[209]" classname="org.opennars.core.NALTest" time="0.63"/>
  <testcase name="test[210]" classname="org.opennars.core.NALTest" time="1.096"/>
  <testcase name="test[211]" classname="org.opennars.core.NALTest" time="0.682"/>
  <testcase name="test[212]" classname="org.opennars.core.NALTest" time="54.693"/>
  <testcase name="test[213]" classname="org.opennars.core.NALTest" time="0.31"/>
  <testcase name="test[214]" classname="org.opennars.core.NALTest" time="0.295"/>
  <testcase name="test[215]" classname="org.opennars.core.NALTest" time="0.302"/>
  <testcase name="test[216]" classname="org.opennars.core.NALTest" time="0.327"/>
  <testcase name="test[217]" classname="org.opennars.core.NALTest" time="0.365"/>
  <testcase name="test[218]" classname="org.opennars.core.NALTest" time="0.307"/>
  <testcase name="test[219]" classname="org.opennars.core.NALTest" time="0.325"/>
  <testcase name="test[220]" classname="org.opennars.core.NALTest" time="0.376"/>
  <testcase name="test[221]" classname="org.opennars.core.NALTest" time="0.584"/>
  <testcase name="test[222]" classname="org.opennars.core.NALTest" time="0.315"/>
  <testcase name="test[223]" classname="org.opennars.core.NALTest" time="0.324"/>
  <testcase name="test[224]" classname="org.opennars.core.NALTest" time="0.314"/>
  <testcase name="test[225]" classname="org.opennars.core.NALTest" time="0.323"/>
  <testcase name="test[226]" classname="org.opennars.core.NALTest" time="0.468"/>
  <testcase name="test[227]" classname="org.opennars.core.NALTest" time="0.344"/>
  <testcase name="test[228]" classname="org.opennars.core.NALTest" time="0.35"/>
  <testcase name="test[229]" classname="org.opennars.core.NALTest" time="0.39"/>
  <testcase name="test[230]" classname="org.opennars.core.NALTest" time="0.409"/>
  <testcase name="test[231]" classname="org.opennars.core.NALTest" time="0.368"/>
  <testcase name="test[232]" classname="org.opennars.core.NALTest" time="0.379"/>
  <testcase name="test[233]" classname="org.opennars.core.NALTest" time="1.379"/>
  <testcase name="test[234]" classname="org.opennars.core.NALTest" time="25.741"/>
  <testcase name="test[235]" classname="org.opennars.core.NALTest" time="63.529"/>
  <testcase name="test[236]" classname="org.opennars.core.NALTest" time="1.31"/>
  <testcase name="test[237]" classname="org.opennars.core.NALTest" time="10.901"/>
  <testcase name="test[238]" classname="org.opennars.core.NALTest" time="19.43"/>
  <testcase name="test[239]" classname="org.opennars.core.NALTest" time="0.31"/>
  <testcase name="test[240]" classname="org.opennars.core.NALTest" time="7.837"/>
  <testcase name="test[241]" classname="org.opennars.core.NALTest" time="1.333"/>
  <testcase name="test[242]" classname="org.opennars.core.NALTest" time="18.871"/>
  <testcase name="test[243]" classname="org.opennars.core.NALTest" time="6.873"/>
</testsuite>