<?xml version="1.0" encoding="UTF-8"?>
<testsuite xmlns:xsi="http://www.w3.org/2001/XMLSchema-instance" xsi:noNamespaceSchemaLocation="https://maven.apache.org/surefire/maven-surefire-plugin/xsd/surefire-test-report.xsd" name="com.zaxxer.hikari.pool.TestConcurrentBag" time="0.738" tests="1" errors="0" skipped="0" failures="0">
  <properties>
    <property name="awt.toolkit" value="sun.awt.X11.XToolkit"/>
    <property name="maven.test.error.ignore" value="true"/>
    <property name="file.encoding.pkg" value="sun.io"/>
    <property name="java.specification.version" value="1.8"/>
    <property name="sun.cpu.isalist" value=""/>
    <property name="sun.jnu.encoding" value="UTF-8"/>
    <property name="java.class.path" value="/tmp/tmpjdkm57s7/HikariCP/target/test-classes:/tmp/tmpjdkm57s7/HikariCP/target/classes:/home/jdbl/.m2/repository/org/slf4j/slf4j-api/1.7.25/slf4j-api-1.7.25.jar:/home/jdbl/.m2/repository/org/apache/logging/log4j/log4j-slf4j-impl/2.11.1/log4j-slf4j-impl-2.11.1.jar:/home/jdbl/.m2/repository/org/apache/logging/log4j/log4j-api/2.11.1/log4j-api-2.11.1.jar:/home/jdbl/.m2/repository/org/apache/logging/log4j/log4j-core/2.11.1/log4j-core-2.11.1.jar:/home/jdbl/.m2/repository/org/apache/commons/commons-csv/1.5/commons-csv-1.5.jar:/home/jdbl/.m2/repository/org/mockito/mockito-core/2.23.4/mockito-core-2.23.4.jar:/home/jdbl/.m2/repository/net/bytebuddy/byte-buddy/1.9.3/byte-buddy-1.9.3.jar:/home/jdbl/.m2/repository/net/bytebuddy/byte-buddy-agent/1.9.3/byte-buddy-agent-1.9.3.jar:/home/jdbl/.m2/repository/org/objenesis/objenesis/2.6/objenesis-2.6.jar:/home/jdbl/.m2/repository/junit/junit/4.12/junit-4.12.jar:/home/jdbl/.m2/repository/org/hamcrest/hamcrest-core/1.3/hamcrest-core-1.3.jar:/home/jdbl/.m2/repository/org/javassist/javassist/3.24.1-GA/javassist-3.24.1-GA.jar:/home/jdbl/.m2/repository/io/micrometer/micrometer-core/1.0.0/micrometer-core-1.0.0.jar:/home/jdbl/.m2/repository/org/hdrhistogram/HdrHistogram/2.1.10/HdrHistogram-2.1.10.jar:/home/jdbl/.m2/repository/org/latencyutils/LatencyUtils/2.0.3/LatencyUtils-2.0.3.jar:/home/jdbl/.m2/repository/org/postgresql/postgresql/42.1.4/postgresql-42.1.4.jar:/home/jdbl/.m2/repository/org/hibernate/hibernate-core/5.2.10.Final/hibernate-core-5.2.10.Final.jar:/home/jdbl/.m2/repository/org/hibernate/javax/persistence/hibernate-jpa-2.1-api/1.0.0.Final/hibernate-jpa-2.1-api-1.0.0.Final.jar:/home/jdbl/.m2/repository/antlr/antlr/2.7.7/antlr-2.7.7.jar:/home/jdbl/.m2/repository/org/jboss/spec/javax/transaction/jboss-transaction-api_1.2_spec/1.0.1.Final/jboss-transaction-api_1.2_spec-1.0.1.Final.jar:/home/jdbl/.m2/repository/org/jboss/jandex/2.0.3.Final/jandex-2.0.3.Final.jar:/home/jdbl/.m2/repository/com/fasterxml/classmate/1.3.0/classmate-1.3.0.jar:/home/jdbl/.m2/repository/dom4j/dom4j/1.6.1/dom4j-1.6.1.jar:/home/jdbl/.m2/repository/org/hibernate/common/hibernate-commons-annotations/5.0.1.Final/hibernate-commons-annotations-5.0.1.Final.jar:/home/jdbl/.m2/repository/io/dropwizard/metrics/metrics-core/3.2.4/metrics-core-3.2.4.jar:/home/jdbl/.m2/repository/io/dropwizard/metrics/metrics-healthchecks/3.2.4/metrics-healthchecks-3.2.4.jar:/home/jdbl/.m2/repository/io/prometheus/simpleclient/0.0.26/simpleclient-0.0.26.jar:/home/jdbl/.m2/repository/simple-jndi/simple-jndi/0.11.4.1/simple-jndi-0.11.4.1.jar:/home/jdbl/.m2/repository/javax/inject/javax.inject/1/javax.inject-1.jar:/home/jdbl/.m2/repository/org/apache/felix/org.apache.felix.framework/6.0.1/org.apache.felix.framework-6.0.1.jar:/home/jdbl/.m2/repository/org/codehaus/mojo/animal-sniffer-annotations/1.9/animal-sniffer-annotations-1.9.jar:/home/jdbl/.m2/repository/org/ops4j/pax/exam/pax-exam-container-native/4.13.1/pax-exam-container-native-4.13.1.jar:/home/jdbl/.m2/repository/org/ops4j/pax/exam/pax-exam/4.13.1/pax-exam-4.13.1.jar:/home/jdbl/.m2/repository/org/ops4j/base/ops4j-base-store/1.5.0/ops4j-base-store-1.5.0.jar:/home/jdbl/.m2/repository/org/ops4j/base/ops4j-base-io/1.5.0/ops4j-base-io-1.5.0.jar:/home/jdbl/.m2/repository/org/ops4j/pax/exam/pax-exam-spi/4.13.1/pax-exam-spi-4.13.1.jar:/home/jdbl/.m2/repository/org/ops4j/base/ops4j-base-spi/1.5.0/ops4j-base-spi-1.5.0.jar:/home/jdbl/.m2/repository/org/ops4j/pax/tinybundles/tinybundles/2.1.1/tinybundles-2.1.1.jar:/home/jdbl/.m2/repository/biz/aQute/bnd/bndlib/2.4.0/bndlib-2.4.0.jar:/home/jdbl/.m2/repository/org/ops4j/pax/swissbox/pax-swissbox-core/1.8.2/pax-swissbox-core-1.8.2.jar:/home/jdbl/.m2/repository/org/ops4j/pax/swissbox/pax-swissbox-lifecycle/1.8.2/pax-swissbox-lifecycle-1.8.2.jar:/home/jdbl/.m2/repository/org/ops4j/pax/swissbox/pax-swissbox-tracker/1.8.2/pax-swissbox-tracker-1.8.2.jar:/home/jdbl/.m2/repository/org/ops4j/base/ops4j-base-lang/1.5.0/ops4j-base-lang-1.5.0.jar:/home/jdbl/.m2/repository/org/ops4j/base/ops4j-base-net/1.5.0/ops4j-base-net-1.5.0.jar:/home/jdbl/.m2/repository/org/ops4j/base/ops4j-base-monitors/1.5.0/ops4j-base-monitors-1.5.0.jar:/home/jdbl/.m2/repository/org/ops4j/pax/url/pax-url-link/2.4.5/pax-url-link-2.4.5.jar:/home/jdbl/.m2/repository/org/ops4j/pax/url/pax-url-classpath/2.4.5/pax-url-classpath-2.4.5.jar:/home/jdbl/.m2/repository/org/ops4j/pax/exam/pax-exam-junit4/4.13.1/pax-exam-junit4-4.13.1.jar:/home/jdbl/.m2/repository/org/ops4j/pax/exam/pax-exam-link-assembly/4.13.1/pax-exam-link-assembly-4.13.1.jar:/home/jdbl/.m2/repository/org/ops4j/pax/exam/pax-exam-link-mvn/4.13.1/pax-exam-link-mvn-4.13.1.jar:/home/jdbl/.m2/repository/org/ops4j/pax/url/pax-url-aether/2.5.4/pax-url-aether-2.5.4.jar:/home/jdbl/.m2/repository/org/ops4j/pax/url/pax-url-aether-support/2.5.4/pax-url-aether-support-2.5.4.jar:/home/jdbl/.m2/repository/org/eclipse/aether/aether-impl/1.0.2.v20150114/aether-impl-1.0.2.v20150114.jar:/home/jdbl/.m2/repository/org/eclipse/aether/aether-api/1.0.2.v20150114/aether-api-1.0.2.v20150114.jar:/home/jdbl/.m2/repository/org/eclipse/aether/aether-spi/1.0.2.v20150114/aether-spi-1.0.2.v20150114.jar:/home/jdbl/.m2/repository/org/eclipse/aether/aether-util/1.0.2.v20150114/aether-util-1.0.2.v20150114.jar:/home/jdbl/.m2/repository/org/slf4j/jcl-over-slf4j/1.6.6/jcl-over-slf4j-1.6.6.jar:/home/jdbl/.m2/repository/org/ops4j/pax/url/pax-url-reference/2.5.4/pax-url-reference-2.5.4.jar:/home/jdbl/.m2/repository/org/ops4j/base/ops4j-base-util-property/1.5.0/ops4j-base-util-property-1.5.0.jar:/home/jdbl/.m2/repository/org/ops4j/pax/swissbox/pax-swissbox-optional-jcl/1.8.2/pax-swissbox-optional-jcl-1.8.2.jar:/home/jdbl/.m2/repository/org/ops4j/pax/url/pax-url-commons/2.5.4/pax-url-commons-2.5.4.jar:/home/jdbl/.m2/repository/org/ops4j/pax/swissbox/pax-swissbox-property/1.8.2/pax-swissbox-property-1.8.2.jar:/home/jdbl/.m2/repository/com/h2database/h2/1.4.196/h2-1.4.196.jar:"/>
    <property name="java.vm.vendor" value="Oracle Corporation"/>
    <property name="maven.javadoc.skip" value="true"/>
    <property name="sun.arch.data.model" value="64"/>
    <property name="java.vendor.url" value="http://java.oracle.com/"/>
    <property name="user.timezone" value=""/>
    <property name="java.vm.specification.version" value="1.8"/>
    <property name="os.name" value="Linux"/>
    <property name="rat.skip" value="true"/>
    <property name="sun.java.launcher" value="SUN_STANDARD"/>
    <property name="sun.boot.library.path" value="/usr/local/openjdk-8/jre/lib/amd64"/>
    <property name="sun.java.command" value="/tmp/tmpjdkm57s7/HikariCP/target/surefire/surefirebooter5196518259303970339.jar /tmp/tmpjdkm57s7/HikariCP/target/surefire 2020-07-30T17-12-41_590-jvmRun1 surefire3885312879914031841tmp surefire_144607305187054199305tmp"/>
    <property name="surefire.test.class.path" value="/tmp/tmpjdkm57s7/HikariCP/target/test-classes:/tmp/tmpjdkm57s7/HikariCP/target/classes:/home/jdbl/.m2/repository/org/slf4j/slf4j-api/1.7.25/slf4j-api-1.7.25.jar:/home/jdbl/.m2/repository/org/apache/logging/log4j/log4j-slf4j-impl/2.11.1/log4j-slf4j-impl-2.11.1.jar:/home/jdbl/.m2/repository/org/apache/logging/log4j/log4j-api/2.11.1/log4j-api-2.11.1.jar:/home/jdbl/.m2/repository/org/apache/logging/log4j/log4j-core/2.11.1/log4j-core-2.11.1.jar:/home/jdbl/.m2/repository/org/apache/commons/commons-csv/1.5/commons-csv-1.5.jar:/home/jdbl/.m2/repository/org/mockito/mockito-core/2.23.4/mockito-core-2.23.4.jar:/home/jdbl/.m2/repository/net/bytebuddy/byte-buddy/1.9.3/byte-buddy-1.9.3.jar:/home/jdbl/.m2/repository/net/bytebuddy/byte-buddy-agent/1.9.3/byte-buddy-agent-1.9.3.jar:/home/jdbl/.m2/repository/org/objenesis/objenesis/2.6/objenesis-2.6.jar:/home/jdbl/.m2/repository/junit/junit/4.12/junit-4.12.jar:/home/jdbl/.m2/repository/org/hamcrest/hamcrest-core/1.3/hamcrest-core-1.3.jar:/home/jdbl/.m2/repository/org/javassist/javassist/3.24.1-GA/javassist-3.24.1-GA.jar:/home/jdbl/.m2/repository/io/micrometer/micrometer-core/1.0.0/micrometer-core-1.0.0.jar:/home/jdbl/.m2/repository/org/hdrhistogram/HdrHistogram/2.1.10/HdrHistogram-2.1.10.jar:/home/jdbl/.m2/repository/org/latencyutils/LatencyUtils/2.0.3/LatencyUtils-2.0.3.jar:/home/jdbl/.m2/repository/org/postgresql/postgresql/42.1.4/postgresql-42.1.4.jar:/home/jdbl/.m2/repository/org/hibernate/hibernate-core/5.2.10.Final/hibernate-core-5.2.10.Final.jar:/home/jdbl/.m2/repository/org/hibernate/javax/persistence/hibernate-jpa-2.1-api/1.0.0.Final/hibernate-jpa-2.1-api-1.0.0.Final.jar:/home/jdbl/.m2/repository/antlr/antlr/2.7.7/antlr-2.7.7.jar:/home/jdbl/.m2/repository/org/jboss/spec/javax/transaction/jboss-transaction-api_1.2_spec/1.0.1.Final/jboss-transaction-api_1.2_spec-1.0.1.Final.jar:/home/jdbl/.m2/repository/org/jboss/jandex/2.0.3.Final/jandex-2.0.3.Final.jar:/home/jdbl/.m2/repository/com/fasterxml/classmate/1.3.0/classmate-1.3.0.jar:/home/jdbl/.m2/repository/dom4j/dom4j/1.6.1/dom4j-1.6.1.jar:/home/jdbl/.m2/repository/org/hibernate/common/hibernate-commons-annotations/5.0.1.Final/hibernate-commons-annotations-5.0.1.Final.jar:/home/jdbl/.m2/repository/io/dropwizard/metrics/metrics-core/3.2.4/metrics-core-3.2.4.jar:/home/jdbl/.m2/repository/io/dropwizard/metrics/metrics-healthchecks/3.2.4/metrics-healthchecks-3.2.4.jar:/home/jdbl/.m2/repository/io/prometheus/simpleclient/0.0.26/simpleclient-0.0.26.jar:/home/jdbl/.m2/repository/simple-jndi/simple-jndi/0.11.4.1/simple-jndi-0.11.4.1.jar:/home/jdbl/.m2/repository/javax/inject/javax.inject/1/javax.inject-1.jar:/home/jdbl/.m2/repository/org/apache/felix/org.apache.felix.framework/6.0.1/org.apache.felix.framework-6.0.1.jar:/home/jdbl/.m2/repository/org/codehaus/mojo/animal-sniffer-annotations/1.9/animal-sniffer-annotations-1.9.jar:/home/jdbl/.m2/repository/org/ops4j/pax/exam/pax-exam-container-native/4.13.1/pax-exam-container-native-4.13.1.jar:/home/jdbl/.m2/repository/org/ops4j/pax/exam/pax-exam/4.13.1/pax-exam-4.13.1.jar:/home/jdbl/.m2/repository/org/ops4j/base/ops4j-base-store/1.5.0/ops4j-base-store-1.5.0.jar:/home/jdbl/.m2/repository/org/ops4j/base/ops4j-base-io/1.5.0/ops4j-base-io-1.5.0.jar:/home/jdbl/.m2/repository/org/ops4j/pax/exam/pax-exam-spi/4.13.1/pax-exam-spi-4.13.1.jar:/home/jdbl/.m2/repository/org/ops4j/base/ops4j-base-spi/1.5.0/ops4j-base-spi-1.5.0.jar:/home/jdbl/.m2/repository/org/ops4j/pax/tinybundles/tinybundles/2.1.1/tinybundles-2.1.1.jar:/home/jdbl/.m2/repository/biz/aQute/bnd/bndlib/2.4.0/bndlib-2.4.0.jar:/home/jdbl/.m2/repository/org/ops4j/pax/swissbox/pax-swissbox-core/1.8.2/pax-swissbox-core-1.8.2.jar:/home/jdbl/.m2/repository/org/ops4j/pax/swissbox/pax-swissbox-lifecycle/1.8.2/pax-swissbox-lifecycle-1.8.2.jar:/home/jdbl/.m2/repository/org/ops4j/pax/swissbox/pax-swissbox-tracker/1.8.2/pax-swissbox-tracker-1.8.2.jar:/home/jdbl/.m2/repository/org/ops4j/base/ops4j-base-lang/1.5.0/ops4j-base-lang-1.5.0.jar:/home/jdbl/.m2/repository/org/ops4j/base/ops4j-base-net/1.5.0/ops4j-base-net-1.5.0.jar:/home/jdbl/.m2/repository/org/ops4j/base/ops4j-base-monitors/1.5.0/ops4j-base-monitors-1.5.0.jar:/home/jdbl/.m2/repository/org/ops4j/pax/url/pax-url-link/2.4.5/pax-url-link-2.4.5.jar:/home/jdbl/.m2/repository/org/ops4j/pax/url/pax-url-classpath/2.4.5/pax-url-classpath-2.4.5.jar:/home/jdbl/.m2/repository/org/ops4j/pax/exam/pax-exam-junit4/4.13.1/pax-exam-junit4-4.13.1.jar:/home/jdbl/.m2/repository/org/ops4j/pax/exam/pax-exam-link-assembly/4.13.1/pax-exam-link-assembly-4.13.1.jar:/home/jdbl/.m2/repository/org/ops4j/pax/exam/pax-exam-link-mvn/4.13.1/pax-exam-link-mvn-4.13.1.jar:/home/jdbl/.m2/repository/org/ops4j/pax/url/pax-url-aether/2.5.4/pax-url-aether-2.5.4.jar:/home/jdbl/.m2/repository/org/ops4j/pax/url/pax-url-aether-support/2.5.4/pax-url-aether-support-2.5.4.jar:/home/jdbl/.m2/repository/org/eclipse/aether/aether-impl/1.0.2.v20150114/aether-impl-1.0.2.v20150114.jar:/home/jdbl/.m2/repository/org/eclipse/aether/aether-api/1.0.2.v20150114/aether-api-1.0.2.v20150114.jar:/home/jdbl/.m2/repository/org/eclipse/aether/aether-spi/1.0.2.v20150114/aether-spi-1.0.2.v20150114.jar:/home/jdbl/.m2/repository/org/eclipse/aether/aether-util/1.0.2.v20150114/aether-util-1.0.2.v20150114.jar:/home/jdbl/.m2/repository/org/slf4j/jcl-over-slf4j/1.6.6/jcl-over-slf4j-1.6.6.jar:/home/jdbl/.m2/repository/org/ops4j/pax/url/pax-url-reference/2.5.4/pax-url-reference-2.5.4.jar:/home/jdbl/.m2/repository/org/ops4j/base/ops4j-base-util-property/1.5.0/ops4j-base-util-property-1.5.0.jar:/home/jdbl/.m2/repository/org/ops4j/pax/swissbox/pax-swissbox-optional-jcl/1.8.2/pax-swissbox-optional-jcl-1.8.2.jar:/home/jdbl/.m2/repository/org/ops4j/pax/url/pax-url-commons/2.5.4/pax-url-commons-2.5.4.jar:/home/jdbl/.m2/repository/org/ops4j/pax/swissbox/pax-swissbox-property/1.8.2/pax-swissbox-property-1.8.2.jar:/home/jdbl/.m2/repository/com/h2database/h2/1.4.196/h2-1.4.196.jar:"/>
    <property name="sun.cpu.endian" value="little"/>
    <property name="user.home" value="/home/jdbl"/>
    <property name="user.language" value="en"/>
    <property name="java.specification.vendor" value="Oracle Corporation"/>
    <property name="java.home" value="/usr/local/openjdk-8/jre"/>
    <property name="basedir" value="/tmp/tmpjdkm57s7/HikariCP"/>
    <property name="file.separator" value="/"/>
    <property name="line.separator" value="&#10;"/>
    <property name="source.skip" value="true"/>
    <property name="java.vm.specification.vendor" value="Oracle Corporation"/>
    <property name="java.specification.name" value="Java Platform API Specification"/>
    <property name="java.awt.graphicsenv" value="sun.awt.X11GraphicsEnvironment"/>
    <property name="surefire.real.class.path" value="/tmp/tmpjdkm57s7/HikariCP/target/surefire/surefirebooter5196518259303970339.jar:/home/jdbl/.m2/repository/org/jacoco/org.jacoco.agent/0.8.2/org.jacoco.agent-0.8.2-runtime.jar"/>
    <property name="sun.boot.class.path" value="/usr/local/openjdk-8/jre/lib/resources.jar:/usr/local/openjdk-8/jre/lib/rt.jar:/usr/local/openjdk-8/jre/lib/sunrsasign.jar:/usr/local/openjdk-8/jre/lib/jsse.jar:/usr/local/openjdk-8/jre/lib/jce.jar:/usr/local/openjdk-8/jre/lib/charsets.jar:/usr/local/openjdk-8/jre/lib/jfr.jar:/usr/local/openjdk-8/jre/classes"/>
    <property name="sun.management.compiler" value="HotSpot 64-Bit Tiered Compilers"/>
    <property name="java.runtime.version" value="1.8.0_262-b10"/>
    <property name="user.name" value="jdbl"/>
    <property name="path.separator" value=":"/>
    <property name="os.version" value="4.15.0-109-generic"/>
    <property name="java.endorsed.dirs" value="/usr/local/openjdk-8/jre/lib/endorsed"/>
    <property name="java.runtime.name" value="OpenJDK Runtime Environment"/>
    <property name="file.encoding" value="UTF-8"/>
    <property name="java.vm.name" value="OpenJDK 64-Bit Server VM"/>
    <property name="localRepository" value="/home/jdbl/.m2/repository"/>
    <property name="java.vendor.url.bug" value="http://bugreport.sun.com/bugreport/"/>
    <property name="java.io.tmpdir" value="/tmp"/>
    <property name="java.version" value="1.8.0_262"/>
    <property name="user.dir" value="/tmp/tmpjdkm57s7/HikariCP"/>
    <property name="os.arch" value="amd64"/>
    <property name="license.skip" value="true"/>
    <property name="animal.sniffer.skip" value="true"/>
    <property name="java.vm.specification.name" value="Java Virtual Machine Specification"/>
    <property name="java.awt.printerjob" value="sun.print.PSPrinterJob"/>
    <property name="sun.os.patch.level" value="unknown"/>
    <property name="java.library.path" value="/usr/java/packages/lib/amd64:/usr/lib64:/lib64:/lib:/usr/lib"/>
    <property name="java.vm.info" value="mixed mode"/>
    <property name="java.vendor" value="Oracle Corporation"/>
    <property name="java.vm.version" value="25.262-b10"/>
    <property name="java.ext.dirs" value="/usr/local/openjdk-8/jre/lib/ext:/usr/java/packages/lib/ext"/>
    <property name="sun.io.unicode.encoding" value="UnicodeLittle"/>
    <property name="java.class.version" value="52.0"/>
    <property name="maven.test.failure.ignore" value="true"/>
  </properties>
  <testcase name="testConcurrentBag" classname="com.zaxxer.hikari.pool.TestConcurrentBag" time="0.022"/>
</testsuite>