<?xml version="1.0" encoding="UTF-8"?>
<testsuite xmlns:xsi="http://www.w3.org/2001/XMLSchema-instance" xsi:schemaLocation="https://maven.apache.org/surefire/maven-surefire-plugin/xsd/surefire-test-report.xsd" name="org.owasp.esapi.codecs.AbstractCodecTest" time="0.091" tests="75" errors="0" skipped="0" failures="0">
  <properties>
    <property name="java.runtime.name" value="OpenJDK Runtime Environment"/>
    <property name="sun.boot.library.path" value="/usr/local/openjdk-8/jre/lib/amd64"/>
    <property name="java.vm.version" value="25.262-b10"/>
    <property name="animal.sniffer.skip" value="true"/>
    <property name="java.vm.vendor" value="Oracle Corporation"/>
    <property name="maven.multiModuleProjectDirectory" value="/tmp/tmpxb8s8wjh/esapi-java-legacy"/>
    <property name="maven.javadoc.skip" value="true"/>
    <property name="java.vendor.url" value="http://java.oracle.com/"/>
    <property name="path.separator" value=":"/>
    <property name="guice.disable.misplaced.annotation.check" value="true"/>
    <property name="java.vm.name" value="OpenJDK 64-Bit Server VM"/>
    <property name="file.encoding.pkg" value="sun.io"/>
    <property name="sun.java.launcher" value="SUN_STANDARD"/>
    <property name="sun.os.patch.level" value="unknown"/>
    <property name="source.skip" value="true"/>
    <property name="java.vm.specification.name" value="Java Virtual Machine Specification"/>
    <property name="user.dir" value="/tmp/tmpxb8s8wjh/esapi-java-legacy"/>
    <property name="java.runtime.version" value="1.8.0_262-b10"/>
    <property name="java.awt.graphicsenv" value="sun.awt.X11GraphicsEnvironment"/>
    <property name="java.endorsed.dirs" value="/usr/local/openjdk-8/jre/lib/endorsed"/>
    <property name="os.arch" value="amd64"/>
    <property name="java.io.tmpdir" value="/tmp"/>
    <property name="line.separator" value="&#10;"/>
    <property name="java.vm.specification.vendor" value="Oracle Corporation"/>
    <property name="os.name" value="Linux"/>
    <property name="classworlds.conf" value="/usr/share/maven/bin/m2.conf"/>
    <property name="sun.jnu.encoding" value="UTF-8"/>
    <property name="java.library.path" value="/usr/java/packages/lib/amd64:/usr/lib64:/lib64:/lib:/usr/lib"/>
    <property name="license.skip" value="true"/>
    <property name="maven.conf" value="/usr/share/maven/conf"/>
    <property name="java.specification.name" value="Java Platform API Specification"/>
    <property name="java.class.version" value="52.0"/>
    <property name="sun.management.compiler" value="HotSpot 64-Bit Tiered Compilers"/>
    <property name="maven.test.failure.ignore" value="true"/>
    <property name="os.version" value="4.15.0-109-generic"/>
    <property name="library.jansi.path" value="/usr/share/maven/lib/jansi-native"/>
    <property name="user.home" value="/home/jdbl"/>
    <property name="user.timezone" value="Etc/UTC"/>
    <property name="java.awt.printerjob" value="sun.print.PSPrinterJob"/>
    <property name="java.specification.version" value="1.8"/>
    <property name="file.encoding" value="UTF-8"/>
    <property name="user.name" value="jdbl"/>
    <property name="java.class.path" value="/usr/share/maven/boot/plexus-classworlds-2.6.0.jar"/>
    <property name="java.vm.specification.version" value="1.8"/>
    <property name="sun.arch.data.model" value="64"/>
    <property name="java.home" value="/usr/local/openjdk-8/jre"/>
    <property name="sun.java.command" value="org.codehaus.plexus.classworlds.launcher.Launcher test -e --fail-never -ntp -Dmaven.test.failure.ignore=true -B -Dmaven.javadoc.skip=true -Drat.skip=true -Danimal.sniffer.skip=true -Dmaven.javadoc.skip=true -Dlicense.skip=true -Dsource.skip=true"/>
    <property name="java.specification.vendor" value="Oracle Corporation"/>
    <property name="user.language" value="en"/>
    <property name="awt.toolkit" value="sun.awt.X11.XToolkit"/>
    <property name="java.vm.info" value="mixed mode"/>
    <property name="java.version" value="1.8.0_262"/>
    <property name="java.ext.dirs" value="/usr/local/openjdk-8/jre/lib/ext:/usr/java/packages/lib/ext"/>
    <property name="securerandom.source" value="file:/dev/./urandom"/>
    <property name="sun.boot.class.path" value="/usr/local/openjdk-8/jre/lib/resources.jar:/usr/local/openjdk-8/jre/lib/rt.jar:/usr/local/openjdk-8/jre/lib/sunrsasign.jar:/usr/local/openjdk-8/jre/lib/jsse.jar:/usr/local/openjdk-8/jre/lib/jce.jar:/usr/local/openjdk-8/jre/lib/charsets.jar:/usr/local/openjdk-8/jre/lib/jfr.jar:/usr/local/openjdk-8/jre/classes"/>
    <property name="java.vendor" value="Oracle Corporation"/>
    <property name="rat.skip" value="true"/>
    <property name="maven.home" value="/usr/share/maven"/>
    <property name="file.separator" value="/"/>
    <property name="java.vendor.url.bug" value="http://bugreport.sun.com/bugreport/"/>
    <property name="sun.cpu.endian" value="little"/>
    <property name="sun.io.unicode.encoding" value="UnicodeLittle"/>
    <property name="sun.cpu.isalist" value=""/>
  </properties>
  <testcase name="testMySQLStandardEncodeChar" classname="org.owasp.esapi.codecs.AbstractCodecTest" time="0"/>
  <testcase name="testHtmlDecodeLt" classname="org.owasp.esapi.codecs.AbstractCodecTest" time="0"/>
  <testcase name="testHtmlDecodePi" classname="org.owasp.esapi.codecs.AbstractCodecTest" time="0"/>
  <testcase name="testWindowsEncodeChar" classname="org.owasp.esapi.codecs.AbstractCodecTest" time="0.001"/>
  <testcase name="testCSSDecodeCharBackSlashHex" classname="org.owasp.esapi.codecs.AbstractCodecTest" time="0"/>
  <testcase name="testMySQLStandardDecodeCharBackSlashLessThan" classname="org.owasp.esapi.codecs.AbstractCodecTest" time="0"/>
  <testcase name="testMySQLANSIEncodeChar" classname="org.owasp.esapi.codecs.AbstractCodecTest" time="0"/>
  <testcase name="testCSSDecodeCRNL" classname="org.owasp.esapi.codecs.AbstractCodecTest" time="0"/>
  <testcase name="testCSSDecodeHexNoSpace" classname="org.owasp.esapi.codecs.AbstractCodecTest" time="0"/>
  <testcase name="testWindowsDecode" classname="org.owasp.esapi.codecs.AbstractCodecTest" time="0"/>
  <testcase name="testWindowsEncode" classname="org.owasp.esapi.codecs.AbstractCodecTest" time="0"/>
  <testcase name="testUnixEncodeChar" classname="org.owasp.esapi.codecs.AbstractCodecTest" time="0"/>
  <testcase name="testOracleEncodeChar" classname="org.owasp.esapi.codecs.AbstractCodecTest" time="0"/>
  <testcase name="testMySQLStandardEncodeStr0x100" classname="org.owasp.esapi.codecs.AbstractCodecTest" time="0"/>
  <testcase name="testJavaScriptEncodeChar0x100" classname="org.owasp.esapi.codecs.AbstractCodecTest" time="0"/>
  <testcase name="testHtmlDecodeThetasym" classname="org.owasp.esapi.codecs.AbstractCodecTest" time="0"/>
  <testcase name="testCSSEncodeChar" classname="org.owasp.esapi.codecs.AbstractCodecTest" time="0"/>
  <testcase name="testCSSDecode" classname="org.owasp.esapi.codecs.AbstractCodecTest" time="0"/>
  <testcase name="testCSSEncode" classname="org.owasp.esapi.codecs.AbstractCodecTest" time="0"/>
  <testcase name="testHtmlDecodeSup1" classname="org.owasp.esapi.codecs.AbstractCodecTest" time="0.001"/>
  <testcase name="testHtmlDecodeSup2" classname="org.owasp.esapi.codecs.AbstractCodecTest" time="0"/>
  <testcase name="testHtmlDecodeSup3" classname="org.owasp.esapi.codecs.AbstractCodecTest" time="0"/>
  <testcase name="testHtmlDecodeSupe" classname="org.owasp.esapi.codecs.AbstractCodecTest" time="0"/>
  <testcase name="testWindowsEncodeChar0x100" classname="org.owasp.esapi.codecs.AbstractCodecTest" time="0"/>
  <testcase name="testCSSDecodeNL" classname="org.owasp.esapi.codecs.AbstractCodecTest" time="0"/>
  <testcase name="testHtmlDecodeAmp" classname="org.owasp.esapi.codecs.AbstractCodecTest" time="0.001"/>
  <testcase name="testHtmlDecodePiv" classname="org.owasp.esapi.codecs.AbstractCodecTest" time="0"/>
  <testcase name="testHtmlDecodeSup" classname="org.owasp.esapi.codecs.AbstractCodecTest" time="0"/>
  <testcase name="testVBScriptDecode" classname="org.owasp.esapi.codecs.AbstractCodecTest" time="0"/>
  <testcase name="testCSSInvalidCodepointDecode" classname="org.owasp.esapi.codecs.AbstractCodecTest" time="0"/>
  <testcase name="testCSSDecodeZeroHexNoSpace" classname="org.owasp.esapi.codecs.AbstractCodecTest" time="0"/>
  <testcase name="testVBScriptEncode" classname="org.owasp.esapi.codecs.AbstractCodecTest" time="0"/>
  <testcase name="testHtmlDecodeCharLessThan" classname="org.owasp.esapi.codecs.AbstractCodecTest" time="0"/>
  <testcase name="testOracleDecodeCharBackSlashLessThan" classname="org.owasp.esapi.codecs.AbstractCodecTest" time="0.001"/>
  <testcase name="testHtmlEncodeChar0x100" classname="org.owasp.esapi.codecs.AbstractCodecTest" time="0"/>
  <testcase name="testOracleDecode" classname="org.owasp.esapi.codecs.AbstractCodecTest" time="0"/>
  <testcase name="testOracleEncode" classname="org.owasp.esapi.codecs.AbstractCodecTest" time="0.012"/>
  <testcase name="testUnixEncodeStr0x100" classname="org.owasp.esapi.codecs.AbstractCodecTest" time="0"/>
  <testcase name="testMySQLANSIDecodCharQuoteQuote" classname="org.owasp.esapi.codecs.AbstractCodecTest" time="0"/>
  <testcase name="testHtmlEncodeChar" classname="org.owasp.esapi.codecs.AbstractCodecTest" time="0"/>
  <testcase name="testHtmlDecodeHexEntitites" classname="org.owasp.esapi.codecs.AbstractCodecTest" time="0.001"/>
  <testcase name="testJavaScriptDecodeCharBackSlashHex" classname="org.owasp.esapi.codecs.AbstractCodecTest" time="0"/>
  <testcase name="testUnixDecode" classname="org.owasp.esapi.codecs.AbstractCodecTest" time="0"/>
  <testcase name="testUnixEncode" classname="org.owasp.esapi.codecs.AbstractCodecTest" time="0"/>
  <testcase name="testUnixEncodeChar0x100" classname="org.owasp.esapi.codecs.AbstractCodecTest" time="0"/>
  <testcase name="testJavaScriptEncodeStr0x100" classname="org.owasp.esapi.codecs.AbstractCodecTest" time="0"/>
  <testcase name="testWindowsDecodeCharCarrotLessThan" classname="org.owasp.esapi.codecs.AbstractCodecTest" time="0"/>
  <testcase name="testCSSEncodeChar0x100" classname="org.owasp.esapi.codecs.AbstractCodecTest" time="0"/>
  <testcase name="testMySQLStandardEncodeChar0x100" classname="org.owasp.esapi.codecs.AbstractCodecTest" time="0"/>
  <testcase name="testJavaScriptEncodeChar" classname="org.owasp.esapi.codecs.AbstractCodecTest" time="0"/>
  <testcase name="testPercentEncodeChar0x100" classname="org.owasp.esapi.codecs.AbstractCodecTest" time="0"/>
  <testcase name="testVBScriptEncodeStr0x100" classname="org.owasp.esapi.codecs.AbstractCodecTest" time="0"/>
  <testcase name="testUnixDecodeCharBackSlashLessThan" classname="org.owasp.esapi.codecs.AbstractCodecTest" time="0"/>
  <testcase name="testCSSEncodeStr0x100" classname="org.owasp.esapi.codecs.AbstractCodecTest" time="0"/>
  <testcase name="testPercentDecodeChar" classname="org.owasp.esapi.codecs.AbstractCodecTest" time="0.001"/>
  <testcase name="testPercentDecode" classname="org.owasp.esapi.codecs.AbstractCodecTest" time="0"/>
  <testcase name="testPercentEncode" classname="org.owasp.esapi.codecs.AbstractCodecTest" time="0"/>
  <testcase name="testHtmlEncodeStr0x100" classname="org.owasp.esapi.codecs.AbstractCodecTest" time="0"/>
  <testcase name="testPercentEncodeStr0x100" classname="org.owasp.esapi.codecs.AbstractCodecTest" time="0"/>
  <testcase name="testJavaScriptEncode" classname="org.owasp.esapi.codecs.AbstractCodecTest" time="0"/>
  <testcase name="testHtmlDecodeTheta" classname="org.owasp.esapi.codecs.AbstractCodecTest" time="0"/>
  <testcase name="testHtmlEncode" classname="org.owasp.esapi.codecs.AbstractCodecTest" time="0"/>
  <testcase name="testVBScriptDecodeChar" classname="org.owasp.esapi.codecs.AbstractCodecTest" time="0"/>
  <testcase name="testMySQLANSCIEncode" classname="org.owasp.esapi.codecs.AbstractCodecTest" time="0"/>
  <testcase name="testJavaScriptDecodeBackSlashHex" classname="org.owasp.esapi.codecs.AbstractCodecTest" time="0"/>
  <testcase name="testPercentEncodeChar" classname="org.owasp.esapi.codecs.AbstractCodecTest" time="0"/>
  <testcase name="testMySQLANSIDecode" classname="org.owasp.esapi.codecs.AbstractCodecTest" time="0"/>
  <testcase name="testCSSDecodeHexSpace" classname="org.owasp.esapi.codecs.AbstractCodecTest" time="0"/>
  <testcase name="testHtmlDecodeDecimalEntities" classname="org.owasp.esapi.codecs.AbstractCodecTest" time="0"/>
  <testcase name="testVBScriptEncodeChar0x100" classname="org.owasp.esapi.codecs.AbstractCodecTest" time="0"/>
  <testcase name="testHtmlDecodeInvalidAttribute" classname="org.owasp.esapi.codecs.AbstractCodecTest" time="0"/>
  <testcase name="testVBScriptEncodeChar" classname="org.owasp.esapi.codecs.AbstractCodecTest" time="0"/>
  <testcase name="testMySQLStandardDecode" classname="org.owasp.esapi.codecs.AbstractCodecTest" time="0"/>
  <testcase name="testWindowsEncodeStr0x100" classname="org.owasp.esapi.codecs.AbstractCodecTest" time="0"/>
  <testcase name="testMySQLStandardEncode" classname="org.owasp.esapi.codecs.AbstractCodecTest" time="0"/>
</testsuite>