<?xml version="1.0" encoding="UTF-8"?>
<testsuite xmlns:xsi="http://www.w3.org/2001/XMLSchema-instance" xsi:schemaLocation="https://maven.apache.org/surefire/maven-surefire-plugin/xsd/surefire-test-report.xsd" name="org.owasp.esapi.codecs.percent.PercentCodecStringTest" time="0.097" tests="132" errors="0" skipped="0" failures="0">
  <properties>
    <property name="java.runtime.name" value="OpenJDK Runtime Environment"/>
    <property name="sun.boot.library.path" value="/usr/local/openjdk-8/jre/lib/amd64"/>
    <property name="java.vm.version" value="25.262-b10"/>
    <property name="animal.sniffer.skip" value="true"/>
    <property name="java.vm.vendor" value="Oracle Corporation"/>
    <property name="maven.multiModuleProjectDirectory" value="/tmp/tmpxb8s8wjh/esapi-java-legacy"/>
    <property name="maven.javadoc.skip" value="true"/>
    <property name="java.vendor.url" value="http://java.oracle.com/"/>
    <property name="path.separator" value=":"/>
    <property name="guice.disable.misplaced.annotation.check" value="true"/>
    <property name="java.vm.name" value="OpenJDK 64-Bit Server VM"/>
    <property name="file.encoding.pkg" value="sun.io"/>
    <property name="sun.java.launcher" value="SUN_STANDARD"/>
    <property name="sun.os.patch.level" value="unknown"/>
    <property name="source.skip" value="true"/>
    <property name="java.vm.specification.name" value="Java Virtual Machine Specification"/>
    <property name="user.dir" value="/tmp/tmpxb8s8wjh/esapi-java-legacy"/>
    <property name="java.runtime.version" value="1.8.0_262-b10"/>
    <property name="java.awt.graphicsenv" value="sun.awt.X11GraphicsEnvironment"/>
    <property name="java.endorsed.dirs" value="/usr/local/openjdk-8/jre/lib/endorsed"/>
    <property name="os.arch" value="amd64"/>
    <property name="java.io.tmpdir" value="/tmp"/>
    <property name="line.separator" value="&#10;"/>
    <property name="java.vm.specification.vendor" value="Oracle Corporation"/>
    <property name="os.name" value="Linux"/>
    <property name="classworlds.conf" value="/usr/share/maven/bin/m2.conf"/>
    <property name="sun.jnu.encoding" value="UTF-8"/>
    <property name="java.library.path" value="/usr/java/packages/lib/amd64:/usr/lib64:/lib64:/lib:/usr/lib"/>
    <property name="license.skip" value="true"/>
    <property name="maven.conf" value="/usr/share/maven/conf"/>
    <property name="java.specification.name" value="Java Platform API Specification"/>
    <property name="java.class.version" value="52.0"/>
    <property name="sun.management.compiler" value="HotSpot 64-Bit Tiered Compilers"/>
    <property name="maven.test.failure.ignore" value="true"/>
    <property name="os.version" value="4.15.0-109-generic"/>
    <property name="library.jansi.path" value="/usr/share/maven/lib/jansi-native"/>
    <property name="user.home" value="/home/jdbl"/>
    <property name="user.timezone" value="Etc/UTC"/>
    <property name="java.awt.printerjob" value="sun.print.PSPrinterJob"/>
    <property name="java.specification.version" value="1.8"/>
    <property name="file.encoding" value="UTF-8"/>
    <property name="user.name" value="jdbl"/>
    <property name="java.class.path" value="/usr/share/maven/boot/plexus-classworlds-2.6.0.jar"/>
    <property name="java.vm.specification.version" value="1.8"/>
    <property name="sun.arch.data.model" value="64"/>
    <property name="java.home" value="/usr/local/openjdk-8/jre"/>
    <property name="sun.java.command" value="org.codehaus.plexus.classworlds.launcher.Launcher test -e --fail-never -ntp -Dmaven.test.failure.ignore=true -B -Dmaven.javadoc.skip=true -Drat.skip=true -Danimal.sniffer.skip=true -Dmaven.javadoc.skip=true -Dlicense.skip=true -Dsource.skip=true"/>
    <property name="java.specification.vendor" value="Oracle Corporation"/>
    <property name="user.language" value="en"/>
    <property name="awt.toolkit" value="sun.awt.X11.XToolkit"/>
    <property name="java.vm.info" value="mixed mode"/>
    <property name="java.version" value="1.8.0_262"/>
    <property name="java.ext.dirs" value="/usr/local/openjdk-8/jre/lib/ext:/usr/java/packages/lib/ext"/>
    <property name="securerandom.source" value="file:/dev/./urandom"/>
    <property name="sun.boot.class.path" value="/usr/local/openjdk-8/jre/lib/resources.jar:/usr/local/openjdk-8/jre/lib/rt.jar:/usr/local/openjdk-8/jre/lib/sunrsasign.jar:/usr/local/openjdk-8/jre/lib/jsse.jar:/usr/local/openjdk-8/jre/lib/jce.jar:/usr/local/openjdk-8/jre/lib/charsets.jar:/usr/local/openjdk-8/jre/lib/jfr.jar:/usr/local/openjdk-8/jre/classes"/>
    <property name="java.vendor" value="Oracle Corporation"/>
    <property name="rat.skip" value="true"/>
    <property name="maven.home" value="/usr/share/maven"/>
    <property name="file.separator" value="/"/>
    <property name="java.vendor.url.bug" value="http://bugreport.sun.com/bugreport/"/>
    <property name="sun.cpu.endian" value="little"/>
    <property name="sun.io.unicode.encoding" value="UnicodeLittle"/>
    <property name="sun.cpu.isalist" value=""/>
  </properties>
  <testcase name="testDecode[PercentCodec  %3C]" classname="org.owasp.esapi.codecs.percent.PercentCodecStringTest" time="0"/>
  <testcase name="testEncode[PercentCodec  %3C]" classname="org.owasp.esapi.codecs.percent.PercentCodecStringTest" time="0"/>
  <testcase name="testDecode[PercentCodec  %00]" classname="org.owasp.esapi.codecs.percent.PercentCodecStringTest" time="0"/>
  <testcase name="testEncode[PercentCodec  %00]" classname="org.owasp.esapi.codecs.percent.PercentCodecStringTest" time="0"/>
  <testcase name="testDecode[PercentCodec  %3D]" classname="org.owasp.esapi.codecs.percent.PercentCodecStringTest" time="0.001"/>
  <testcase name="testEncode[PercentCodec  %3D]" classname="org.owasp.esapi.codecs.percent.PercentCodecStringTest" time="0"/>
  <testcase name="testDecode[PercentCodec  %26]" classname="org.owasp.esapi.codecs.percent.PercentCodecStringTest" time="0"/>
  <testcase name="testEncode[PercentCodec  %26]" classname="org.owasp.esapi.codecs.percent.PercentCodecStringTest" time="0"/>
  <testcase name="testDecode[PercentCodec  0]" classname="org.owasp.esapi.codecs.percent.PercentCodecStringTest" time="0"/>
  <testcase name="testEncode[PercentCodec  0]" classname="org.owasp.esapi.codecs.percent.PercentCodecStringTest" time="0.014"/>
  <testcase name="testDecode[PercentCodec  1]" classname="org.owasp.esapi.codecs.percent.PercentCodecStringTest" time="0"/>
  <testcase name="testEncode[PercentCodec  1]" classname="org.owasp.esapi.codecs.percent.PercentCodecStringTest" time="0"/>
  <testcase name="testDecode[PercentCodec  2]" classname="org.owasp.esapi.codecs.percent.PercentCodecStringTest" time="0"/>
  <testcase name="testEncode[PercentCodec  2]" classname="org.owasp.esapi.codecs.percent.PercentCodecStringTest" time="0"/>
  <testcase name="testDecode[PercentCodec  3]" classname="org.owasp.esapi.codecs.percent.PercentCodecStringTest" time="0"/>
  <testcase name="testEncode[PercentCodec  3]" classname="org.owasp.esapi.codecs.percent.PercentCodecStringTest" time="0"/>
  <testcase name="testDecode[PercentCodec  4]" classname="org.owasp.esapi.codecs.percent.PercentCodecStringTest" time="0"/>
  <testcase name="testEncode[PercentCodec  4]" classname="org.owasp.esapi.codecs.percent.PercentCodecStringTest" time="0"/>
  <testcase name="testDecode[PercentCodec  5]" classname="org.owasp.esapi.codecs.percent.PercentCodecStringTest" time="0"/>
  <testcase name="testEncode[PercentCodec  5]" classname="org.owasp.esapi.codecs.percent.PercentCodecStringTest" time="0"/>
  <testcase name="testDecode[PercentCodec  6]" classname="org.owasp.esapi.codecs.percent.PercentCodecStringTest" time="0.001"/>
  <testcase name="testEncode[PercentCodec  6]" classname="org.owasp.esapi.codecs.percent.PercentCodecStringTest" time="0"/>
  <testcase name="testDecode[PercentCodec  7]" classname="org.owasp.esapi.codecs.percent.PercentCodecStringTest" time="0"/>
  <testcase name="testEncode[PercentCodec  7]" classname="org.owasp.esapi.codecs.percent.PercentCodecStringTest" time="0"/>
  <testcase name="testDecode[PercentCodec  8]" classname="org.owasp.esapi.codecs.percent.PercentCodecStringTest" time="0"/>
  <testcase name="testEncode[PercentCodec  8]" classname="org.owasp.esapi.codecs.percent.PercentCodecStringTest" time="0"/>
  <testcase name="testDecode[PercentCodec  9]" classname="org.owasp.esapi.codecs.percent.PercentCodecStringTest" time="0"/>
  <testcase name="testEncode[PercentCodec  9]" classname="org.owasp.esapi.codecs.percent.PercentCodecStringTest" time="0.001"/>
  <testcase name="testDecode[PercentCodec  A]" classname="org.owasp.esapi.codecs.percent.PercentCodecStringTest" time="0"/>
  <testcase name="testEncode[PercentCodec  A]" classname="org.owasp.esapi.codecs.percent.PercentCodecStringTest" time="0"/>
  <testcase name="testDecode[PercentCodec  a]" classname="org.owasp.esapi.codecs.percent.PercentCodecStringTest" time="0"/>
  <testcase name="testEncode[PercentCodec  a]" classname="org.owasp.esapi.codecs.percent.PercentCodecStringTest" time="0.008"/>
  <testcase name="testDecode[PercentCodec  B]" classname="org.owasp.esapi.codecs.percent.PercentCodecStringTest" time="0"/>
  <testcase name="testEncode[PercentCodec  B]" classname="org.owasp.esapi.codecs.percent.PercentCodecStringTest" time="0"/>
  <testcase name="testDecode[PercentCodec  b]" classname="org.owasp.esapi.codecs.percent.PercentCodecStringTest" time="0"/>
  <testcase name="testEncode[PercentCodec  b]" classname="org.owasp.esapi.codecs.percent.PercentCodecStringTest" time="0"/>
  <testcase name="testDecode[PercentCodec  C]" classname="org.owasp.esapi.codecs.percent.PercentCodecStringTest" time="0.001"/>
  <testcase name="testEncode[PercentCodec  C]" classname="org.owasp.esapi.codecs.percent.PercentCodecStringTest" time="0"/>
  <testcase name="testDecode[PercentCodec  c]" classname="org.owasp.esapi.codecs.percent.PercentCodecStringTest" time="0"/>
  <testcase name="testEncode[PercentCodec  c]" classname="org.owasp.esapi.codecs.percent.PercentCodecStringTest" time="0"/>
  <testcase name="testDecode[PercentCodec  D]" classname="org.owasp.esapi.codecs.percent.PercentCodecStringTest" time="0"/>
  <testcase name="testEncode[PercentCodec  D]" classname="org.owasp.esapi.codecs.percent.PercentCodecStringTest" time="0"/>
  <testcase name="testDecode[PercentCodec  d]" classname="org.owasp.esapi.codecs.percent.PercentCodecStringTest" time="0"/>
  <testcase name="testEncode[PercentCodec  d]" classname="org.owasp.esapi.codecs.percent.PercentCodecStringTest" time="0"/>
  <testcase name="testDecode[PercentCodec  E]" classname="org.owasp.esapi.codecs.percent.PercentCodecStringTest" time="0"/>
  <testcase name="testEncode[PercentCodec  E]" classname="org.owasp.esapi.codecs.percent.PercentCodecStringTest" time="0"/>
  <testcase name="testDecode[PercentCodec  e]" classname="org.owasp.esapi.codecs.percent.PercentCodecStringTest" time="0.001"/>
  <testcase name="testEncode[PercentCodec  e]" classname="org.owasp.esapi.codecs.percent.PercentCodecStringTest" time="0"/>
  <testcase name="testDecode[PercentCodec  F]" classname="org.owasp.esapi.codecs.percent.PercentCodecStringTest" time="0"/>
  <testcase name="testEncode[PercentCodec  F]" classname="org.owasp.esapi.codecs.percent.PercentCodecStringTest" time="0"/>
  <testcase name="testDecode[PercentCodec  f]" classname="org.owasp.esapi.codecs.percent.PercentCodecStringTest" time="0"/>
  <testcase name="testEncode[PercentCodec  f]" classname="org.owasp.esapi.codecs.percent.PercentCodecStringTest" time="0"/>
  <testcase name="testDecode[PercentCodec  G]" classname="org.owasp.esapi.codecs.percent.PercentCodecStringTest" time="0"/>
  <testcase name="testEncode[PercentCodec  G]" classname="org.owasp.esapi.codecs.percent.PercentCodecStringTest" time="0"/>
  <testcase name="testDecode[PercentCodec  g]" classname="org.owasp.esapi.codecs.percent.PercentCodecStringTest" time="0"/>
  <testcase name="testEncode[PercentCodec  g]" classname="org.owasp.esapi.codecs.percent.PercentCodecStringTest" time="0"/>
  <testcase name="testDecode[PercentCodec  H]" classname="org.owasp.esapi.codecs.percent.PercentCodecStringTest" time="0"/>
  <testcase name="testEncode[PercentCodec  H]" classname="org.owasp.esapi.codecs.percent.PercentCodecStringTest" time="0"/>
  <testcase name="testDecode[PercentCodec  h]" classname="org.owasp.esapi.codecs.percent.PercentCodecStringTest" time="0"/>
  <testcase name="testEncode[PercentCodec  h]" classname="org.owasp.esapi.codecs.percent.PercentCodecStringTest" time="0"/>
  <testcase name="testDecode[PercentCodec  I]" classname="org.owasp.esapi.codecs.percent.PercentCodecStringTest" time="0"/>
  <testcase name="testEncode[PercentCodec  I]" classname="org.owasp.esapi.codecs.percent.PercentCodecStringTest" time="0"/>
  <testcase name="testDecode[PercentCodec  i]" classname="org.owasp.esapi.codecs.percent.PercentCodecStringTest" time="0"/>
  <testcase name="testEncode[PercentCodec  i]" classname="org.owasp.esapi.codecs.percent.PercentCodecStringTest" time="0"/>
  <testcase name="testDecode[PercentCodec  J]" classname="org.owasp.esapi.codecs.percent.PercentCodecStringTest" time="0"/>
  <testcase name="testEncode[PercentCodec  J]" classname="org.owasp.esapi.codecs.percent.PercentCodecStringTest" time="0"/>
  <testcase name="testDecode[PercentCodec  j]" classname="org.owasp.esapi.codecs.percent.PercentCodecStringTest" time="0"/>
  <testcase name="testEncode[PercentCodec  j]" classname="org.owasp.esapi.codecs.percent.PercentCodecStringTest" time="0"/>
  <testcase name="testDecode[PercentCodec  K]" classname="org.owasp.esapi.codecs.percent.PercentCodecStringTest" time="0"/>
  <testcase name="testEncode[PercentCodec  K]" classname="org.owasp.esapi.codecs.percent.PercentCodecStringTest" time="0"/>
  <testcase name="testDecode[PercentCodec  k]" classname="org.owasp.esapi.codecs.percent.PercentCodecStringTest" time="0"/>
  <testcase name="testEncode[PercentCodec  k]" classname="org.owasp.esapi.codecs.percent.PercentCodecStringTest" time="0"/>
  <testcase name="testDecode[PercentCodec  L]" classname="org.owasp.esapi.codecs.percent.PercentCodecStringTest" time="0"/>
  <testcase name="testEncode[PercentCodec  L]" classname="org.owasp.esapi.codecs.percent.PercentCodecStringTest" time="0"/>
  <testcase name="testDecode[PercentCodec  l]" classname="org.owasp.esapi.codecs.percent.PercentCodecStringTest" time="0"/>
  <testcase name="testEncode[PercentCodec  l]" classname="org.owasp.esapi.codecs.percent.PercentCodecStringTest" time="0"/>
  <testcase name="testDecode[PercentCodec  M]" classname="org.owasp.esapi.codecs.percent.PercentCodecStringTest" time="0"/>
  <testcase name="testEncode[PercentCodec  M]" classname="org.owasp.esapi.codecs.percent.PercentCodecStringTest" time="0"/>
  <testcase name="testDecode[PercentCodec  m]" classname="org.owasp.esapi.codecs.percent.PercentCodecStringTest" time="0"/>
  <testcase name="testEncode[PercentCodec  m]" classname="org.owasp.esapi.codecs.percent.PercentCodecStringTest" time="0"/>
  <testcase name="testDecode[PercentCodec  N]" classname="org.owasp.esapi.codecs.percent.PercentCodecStringTest" time="0"/>
  <testcase name="testEncode[PercentCodec  N]" classname="org.owasp.esapi.codecs.percent.PercentCodecStringTest" time="0"/>
  <testcase name="testDecode[PercentCodec  n]" classname="org.owasp.esapi.codecs.percent.PercentCodecStringTest" time="0"/>
  <testcase name="testEncode[PercentCodec  n]" classname="org.owasp.esapi.codecs.percent.PercentCodecStringTest" time="0"/>
  <testcase name="testDecode[PercentCodec  O]" classname="org.owasp.esapi.codecs.percent.PercentCodecStringTest" time="0"/>
  <testcase name="testEncode[PercentCodec  O]" classname="org.owasp.esapi.codecs.percent.PercentCodecStringTest" time="0"/>
  <testcase name="testDecode[PercentCodec  o]" classname="org.owasp.esapi.codecs.percent.PercentCodecStringTest" time="0"/>
  <testcase name="testEncode[PercentCodec  o]" classname="org.owasp.esapi.codecs.percent.PercentCodecStringTest" time="0"/>
  <testcase name="testDecode[PercentCodec  P]" classname="org.owasp.esapi.codecs.percent.PercentCodecStringTest" time="0"/>
  <testcase name="testEncode[PercentCodec  P]" classname="org.owasp.esapi.codecs.percent.PercentCodecStringTest" time="0"/>
  <testcase name="testDecode[PercentCodec  p]" classname="org.owasp.esapi.codecs.percent.PercentCodecStringTest" time="0"/>
  <testcase name="testEncode[PercentCodec  p]" classname="org.owasp.esapi.codecs.percent.PercentCodecStringTest" time="0"/>
  <testcase name="testDecode[PercentCodec  Q]" classname="org.owasp.esapi.codecs.percent.PercentCodecStringTest" time="0"/>
  <testcase name="testEncode[PercentCodec  Q]" classname="org.owasp.esapi.codecs.percent.PercentCodecStringTest" time="0"/>
  <testcase name="testDecode[PercentCodec  q]" classname="org.owasp.esapi.codecs.percent.PercentCodecStringTest" time="0"/>
  <testcase name="testEncode[PercentCodec  q]" classname="org.owasp.esapi.codecs.percent.PercentCodecStringTest" time="0"/>
  <testcase name="testDecode[PercentCodec  R]" classname="org.owasp.esapi.codecs.percent.PercentCodecStringTest" time="0.005"/>
  <testcase name="testEncode[PercentCodec  R]" classname="org.owasp.esapi.codecs.percent.PercentCodecStringTest" time="0"/>
  <testcase name="testDecode[PercentCodec  r]" classname="org.owasp.esapi.codecs.percent.PercentCodecStringTest" time="0"/>
  <testcase name="testEncode[PercentCodec  r]" classname="org.owasp.esapi.codecs.percent.PercentCodecStringTest" time="0"/>
  <testcase name="testDecode[PercentCodec  S]" classname="org.owasp.esapi.codecs.percent.PercentCodecStringTest" time="0"/>
  <testcase name="testEncode[PercentCodec  S]" classname="org.owasp.esapi.codecs.percent.PercentCodecStringTest" time="0"/>
  <testcase name="testDecode[PercentCodec  s]" classname="org.owasp.esapi.codecs.percent.PercentCodecStringTest" time="0"/>
  <testcase name="testEncode[PercentCodec  s]" classname="org.owasp.esapi.codecs.percent.PercentCodecStringTest" time="0"/>
  <testcase name="testDecode[PercentCodec  T]" classname="org.owasp.esapi.codecs.percent.PercentCodecStringTest" time="0"/>
  <testcase name="testEncode[PercentCodec  T]" classname="org.owasp.esapi.codecs.percent.PercentCodecStringTest" time="0"/>
  <testcase name="testDecode[PercentCodec  t]" classname="org.owasp.esapi.codecs.percent.PercentCodecStringTest" time="0"/>
  <testcase name="testEncode[PercentCodec  t]" classname="org.owasp.esapi.codecs.percent.PercentCodecStringTest" time="0"/>
  <testcase name="testDecode[PercentCodec  U]" classname="org.owasp.esapi.codecs.percent.PercentCodecStringTest" time="0"/>
  <testcase name="testEncode[PercentCodec  U]" classname="org.owasp.esapi.codecs.percent.PercentCodecStringTest" time="0"/>
  <testcase name="testDecode[PercentCodec  u]" classname="org.owasp.esapi.codecs.percent.PercentCodecStringTest" time="0"/>
  <testcase name="testEncode[PercentCodec  u]" classname="org.owasp.esapi.codecs.percent.PercentCodecStringTest" time="0"/>
  <testcase name="testDecode[PercentCodec  V]" classname="org.owasp.esapi.codecs.percent.PercentCodecStringTest" time="0"/>
  <testcase name="testEncode[PercentCodec  V]" classname="org.owasp.esapi.codecs.percent.PercentCodecStringTest" time="0"/>
  <testcase name="testDecode[PercentCodec  v]" classname="org.owasp.esapi.codecs.percent.PercentCodecStringTest" time="0"/>
  <testcase name="testEncode[PercentCodec  v]" classname="org.owasp.esapi.codecs.percent.PercentCodecStringTest" time="0"/>
  <testcase name="testDecode[PercentCodec  W]" classname="org.owasp.esapi.codecs.percent.PercentCodecStringTest" time="0"/>
  <testcase name="testEncode[PercentCodec  W]" classname="org.owasp.esapi.codecs.percent.PercentCodecStringTest" time="0"/>
  <testcase name="testDecode[PercentCodec  w]" classname="org.owasp.esapi.codecs.percent.PercentCodecStringTest" time="0"/>
  <testcase name="testEncode[PercentCodec  w]" classname="org.owasp.esapi.codecs.percent.PercentCodecStringTest" time="0"/>
  <testcase name="testDecode[PercentCodec  X]" classname="org.owasp.esapi.codecs.percent.PercentCodecStringTest" time="0"/>
  <testcase name="testEncode[PercentCodec  X]" classname="org.owasp.esapi.codecs.percent.PercentCodecStringTest" time="0"/>
  <testcase name="testDecode[PercentCodec  x]" classname="org.owasp.esapi.codecs.percent.PercentCodecStringTest" time="0"/>
  <testcase name="testEncode[PercentCodec  x]" classname="org.owasp.esapi.codecs.percent.PercentCodecStringTest" time="0"/>
  <testcase name="testDecode[PercentCodec  Y]" classname="org.owasp.esapi.codecs.percent.PercentCodecStringTest" time="0"/>
  <testcase name="testEncode[PercentCodec  Y]" classname="org.owasp.esapi.codecs.percent.PercentCodecStringTest" time="0"/>
  <testcase name="testDecode[PercentCodec  y]" classname="org.owasp.esapi.codecs.percent.PercentCodecStringTest" time="0"/>
  <testcase name="testEncode[PercentCodec  y]" classname="org.owasp.esapi.codecs.percent.PercentCodecStringTest" time="0"/>
  <testcase name="testDecode[PercentCodec  Z]" classname="org.owasp.esapi.codecs.percent.PercentCodecStringTest" time="0"/>
  <testcase name="testEncode[PercentCodec  Z]" classname="org.owasp.esapi.codecs.percent.PercentCodecStringTest" time="0"/>
  <testcase name="testDecode[PercentCodec  z]" classname="org.owasp.esapi.codecs.percent.PercentCodecStringTest" time="0"/>
  <testcase name="testEncode[PercentCodec  z]" classname="org.owasp.esapi.codecs.percent.PercentCodecStringTest" time="0"/>
</testsuite>