<?xml version="1.0" encoding="UTF-8"?>
<testsuite xmlns:xsi="http://www.w3.org/2001/XMLSchema-instance" xsi:schemaLocation="https://maven.apache.org/surefire/maven-surefire-plugin/xsd/surefire-test-report.xsd" name="org.owasp.esapi.codecs.CodecImmunityTest" time="0.494" tests="951" errors="0" skipped="0" failures="0">
  <properties>
    <property name="java.runtime.name" value="OpenJDK Runtime Environment"/>
    <property name="sun.boot.library.path" value="/usr/local/openjdk-8/jre/lib/amd64"/>
    <property name="java.vm.version" value="25.262-b10"/>
    <property name="animal.sniffer.skip" value="true"/>
    <property name="java.vm.vendor" value="Oracle Corporation"/>
    <property name="maven.multiModuleProjectDirectory" value="/tmp/tmpxb8s8wjh/esapi-java-legacy"/>
    <property name="maven.javadoc.skip" value="true"/>
    <property name="java.vendor.url" value="http://java.oracle.com/"/>
    <property name="path.separator" value=":"/>
    <property name="guice.disable.misplaced.annotation.check" value="true"/>
    <property name="java.vm.name" value="OpenJDK 64-Bit Server VM"/>
    <property name="file.encoding.pkg" value="sun.io"/>
    <property name="sun.java.launcher" value="SUN_STANDARD"/>
    <property name="sun.os.patch.level" value="unknown"/>
    <property name="source.skip" value="true"/>
    <property name="java.vm.specification.name" value="Java Virtual Machine Specification"/>
    <property name="user.dir" value="/tmp/tmpxb8s8wjh/esapi-java-legacy"/>
    <property name="java.runtime.version" value="1.8.0_262-b10"/>
    <property name="java.awt.graphicsenv" value="sun.awt.X11GraphicsEnvironment"/>
    <property name="java.endorsed.dirs" value="/usr/local/openjdk-8/jre/lib/endorsed"/>
    <property name="os.arch" value="amd64"/>
    <property name="java.io.tmpdir" value="/tmp"/>
    <property name="line.separator" value="&#10;"/>
    <property name="java.vm.specification.vendor" value="Oracle Corporation"/>
    <property name="os.name" value="Linux"/>
    <property name="classworlds.conf" value="/usr/share/maven/bin/m2.conf"/>
    <property name="sun.jnu.encoding" value="UTF-8"/>
    <property name="java.library.path" value="/usr/java/packages/lib/amd64:/usr/lib64:/lib64:/lib:/usr/lib"/>
    <property name="license.skip" value="true"/>
    <property name="maven.conf" value="/usr/share/maven/conf"/>
    <property name="java.specification.name" value="Java Platform API Specification"/>
    <property name="java.class.version" value="52.0"/>
    <property name="sun.management.compiler" value="HotSpot 64-Bit Tiered Compilers"/>
    <property name="maven.test.failure.ignore" value="true"/>
    <property name="os.version" value="4.15.0-109-generic"/>
    <property name="library.jansi.path" value="/usr/share/maven/lib/jansi-native"/>
    <property name="user.home" value="/home/jdbl"/>
    <property name="user.timezone" value="Etc/UTC"/>
    <property name="java.awt.printerjob" value="sun.print.PSPrinterJob"/>
    <property name="java.specification.version" value="1.8"/>
    <property name="file.encoding" value="UTF-8"/>
    <property name="user.name" value="jdbl"/>
    <property name="java.class.path" value="/usr/share/maven/boot/plexus-classworlds-2.6.0.jar"/>
    <property name="java.vm.specification.version" value="1.8"/>
    <property name="sun.arch.data.model" value="64"/>
    <property name="java.home" value="/usr/local/openjdk-8/jre"/>
    <property name="sun.java.command" value="org.codehaus.plexus.classworlds.launcher.Launcher test -e --fail-never -ntp -Dmaven.test.failure.ignore=true -B -Dmaven.javadoc.skip=true -Drat.skip=true -Danimal.sniffer.skip=true -Dmaven.javadoc.skip=true -Dlicense.skip=true -Dsource.skip=true"/>
    <property name="java.specification.vendor" value="Oracle Corporation"/>
    <property name="user.language" value="en"/>
    <property name="awt.toolkit" value="sun.awt.X11.XToolkit"/>
    <property name="java.vm.info" value="mixed mode"/>
    <property name="java.version" value="1.8.0_262"/>
    <property name="java.ext.dirs" value="/usr/local/openjdk-8/jre/lib/ext:/usr/java/packages/lib/ext"/>
    <property name="securerandom.source" value="file:/dev/./urandom"/>
    <property name="sun.boot.class.path" value="/usr/local/openjdk-8/jre/lib/resources.jar:/usr/local/openjdk-8/jre/lib/rt.jar:/usr/local/openjdk-8/jre/lib/sunrsasign.jar:/usr/local/openjdk-8/jre/lib/jsse.jar:/usr/local/openjdk-8/jre/lib/jce.jar:/usr/local/openjdk-8/jre/lib/charsets.jar:/usr/local/openjdk-8/jre/lib/jfr.jar:/usr/local/openjdk-8/jre/classes"/>
    <property name="java.vendor" value="Oracle Corporation"/>
    <property name="rat.skip" value="true"/>
    <property name="maven.home" value="/usr/share/maven"/>
    <property name="file.separator" value="/"/>
    <property name="java.vendor.url.bug" value="http://bugreport.sun.com/bugreport/"/>
    <property name="sun.cpu.endian" value="little"/>
    <property name="sun.io.unicode.encoding" value="UnicodeLittle"/>
    <property name="sun.cpu.isalist" value=""/>
  </properties>
  <testcase name="testImmuneEncode[CSSCodec %De]" classname="org.owasp.esapi.codecs.CodecImmunityTest" time="0"/>
  <testcase name="testImmuneEncode[DB2Codec %De]" classname="org.owasp.esapi.codecs.CodecImmunityTest" time="0"/>
  <testcase name="testImmuneEncode[HTMLEntityCodec %De]" classname="org.owasp.esapi.codecs.CodecImmunityTest" time="0"/>
  <testcase name="testImmuneEncode[JavaScriptCodec %De]" classname="org.owasp.esapi.codecs.CodecImmunityTest" time="0"/>
  <testcase name="testImmuneEncode[MySQLCodec %De]" classname="org.owasp.esapi.codecs.CodecImmunityTest" time="0"/>
  <testcase name="testImmuneEncode[MySQLCodec %De]" classname="org.owasp.esapi.codecs.CodecImmunityTest" time="0"/>
  <testcase name="testImmuneEncode[OracleCodec %De]" classname="org.owasp.esapi.codecs.CodecImmunityTest" time="0"/>
  <testcase name="testImmuneEncode[PercentCodec %De]" classname="org.owasp.esapi.codecs.CodecImmunityTest" time="0"/>
  <testcase name="testImmuneEncode[UnixCodec %De]" classname="org.owasp.esapi.codecs.CodecImmunityTest" time="0"/>
  <testcase name="testImmuneEncode[VBScriptCodec %De]" classname="org.owasp.esapi.codecs.CodecImmunityTest" time="0"/>
  <testcase name="testImmuneEncode[WindowsCodec %De]" classname="org.owasp.esapi.codecs.CodecImmunityTest" time="0"/>
  <testcase name="testImmuneEncode[XMLEntityCodec %De]" classname="org.owasp.esapi.codecs.CodecImmunityTest" time="0"/>
  <testcase name="testImmuneEncode[HTMLEntityCodec IMMUNE_HTML (,)]" classname="org.owasp.esapi.codecs.CodecImmunityTest" time="0"/>
  <testcase name="testImmuneEncode[HTMLEntityCodec IMMUNE_HTML (.)]" classname="org.owasp.esapi.codecs.CodecImmunityTest" time="0"/>
  <testcase name="testImmuneEncode[HTMLEntityCodec IMMUNE_HTML (-)]" classname="org.owasp.esapi.codecs.CodecImmunityTest" time="0"/>
  <testcase name="testImmuneEncode[HTMLEntityCodec IMMUNE_HTML (_)]" classname="org.owasp.esapi.codecs.CodecImmunityTest" time="0"/>
  <testcase name="testImmuneEncode[HTMLEntityCodec IMMUNE_HTML ( )]" classname="org.owasp.esapi.codecs.CodecImmunityTest" time="0"/>
  <testcase name="testImmuneEncode[HTMLEntityCodec IMMUNE_XPATH (,)]" classname="org.owasp.esapi.codecs.CodecImmunityTest" time="0"/>
  <testcase name="testImmuneEncode[HTMLEntityCodec IMMUNE_XPATH (.)]" classname="org.owasp.esapi.codecs.CodecImmunityTest" time="0"/>
  <testcase name="testImmuneEncode[HTMLEntityCodec IMMUNE_XPATH (-)]" classname="org.owasp.esapi.codecs.CodecImmunityTest" time="0"/>
  <testcase name="testImmuneEncode[HTMLEntityCodec IMMUNE_XPATH (_)]" classname="org.owasp.esapi.codecs.CodecImmunityTest" time="0"/>
  <testcase name="testImmuneEncode[HTMLEntityCodec IMMUNE_XPATH ( )]" classname="org.owasp.esapi.codecs.CodecImmunityTest" time="0"/>
  <testcase name="testImmuneEncode[HTMLEntityCodec IMMUNE_HTMLATTR (,)]" classname="org.owasp.esapi.codecs.CodecImmunityTest" time="0"/>
  <testcase name="testImmuneEncode[HTMLEntityCodec IMMUNE_HTMLATTR (.)]" classname="org.owasp.esapi.codecs.CodecImmunityTest" time="0"/>
  <testcase name="testImmuneEncode[HTMLEntityCodec IMMUNE_HTMLATTR (-)]" classname="org.owasp.esapi.codecs.CodecImmunityTest" time="0"/>
  <testcase name="testImmuneEncode[HTMLEntityCodec IMMUNE_HTMLATTR (_)]" classname="org.owasp.esapi.codecs.CodecImmunityTest" time="0"/>
  <testcase name="testImmuneEncode[JavaScriptCodec IMMUNE_JAVASCRIPT (,)]" classname="org.owasp.esapi.codecs.CodecImmunityTest" time="0"/>
  <testcase name="testImmuneEncode[JavaScriptCodec IMMUNE_JAVASCRIPT (.)]" classname="org.owasp.esapi.codecs.CodecImmunityTest" time="0"/>
  <testcase name="testImmuneEncode[JavaScriptCodec IMMUNE_JAVASCRIPT (_)]" classname="org.owasp.esapi.codecs.CodecImmunityTest" time="0"/>
  <testcase name="testImmuneEncode[MySQLCodec IMMUNE_SQL ( )]" classname="org.owasp.esapi.codecs.CodecImmunityTest" time="0.004"/>
  <testcase name="testImmuneEncode[MySQLCodec IMMUNE_SQL ( )]" classname="org.owasp.esapi.codecs.CodecImmunityTest" time="0"/>
  <testcase name="testImmuneEncode[OracleCodec IMMUNE_HTML (,)]" classname="org.owasp.esapi.codecs.CodecImmunityTest" time="0"/>
  <testcase name="testImmuneEncode[OracleCodec IMMUNE_HTML (.)]" classname="org.owasp.esapi.codecs.CodecImmunityTest" time="0"/>
  <testcase name="testImmuneEncode[OracleCodec IMMUNE_HTML (-)]" classname="org.owasp.esapi.codecs.CodecImmunityTest" time="0"/>
  <testcase name="testImmuneEncode[OracleCodec IMMUNE_HTML (_)]" classname="org.owasp.esapi.codecs.CodecImmunityTest" time="0"/>
  <testcase name="testImmuneEncode[OracleCodec IMMUNE_HTML ( )]" classname="org.owasp.esapi.codecs.CodecImmunityTest" time="0"/>
  <testcase name="testImmuneEncode[PercentCodec IMMUNE_PERCENT (%)]" classname="org.owasp.esapi.codecs.CodecImmunityTest" time="0"/>
  <testcase name="testImmuneEncode[UnixCodec IMMUNE_OS (-)]" classname="org.owasp.esapi.codecs.CodecImmunityTest" time="0"/>
  <testcase name="testImmuneEncode[VBScriptCodec IMMUNE_VBSCRIPT (,)]" classname="org.owasp.esapi.codecs.CodecImmunityTest" time="0"/>
  <testcase name="testImmuneEncode[VBScriptCodec IMMUNE_VBSCRIPT (.)]" classname="org.owasp.esapi.codecs.CodecImmunityTest" time="0"/>
  <testcase name="testImmuneEncode[VBScriptCodec IMMUNE_VBSCRIPT (_)]" classname="org.owasp.esapi.codecs.CodecImmunityTest" time="0"/>
  <testcase name="testImmuneEncode[WindowsCodec IMMUNE_OS (-)]" classname="org.owasp.esapi.codecs.CodecImmunityTest" time="0"/>
  <testcase name="testImmuneEncode[XMLEntityCodec IMMUNE_XML (,)]" classname="org.owasp.esapi.codecs.CodecImmunityTest" time="0"/>
  <testcase name="testImmuneEncode[XMLEntityCodec IMMUNE_XML (.)]" classname="org.owasp.esapi.codecs.CodecImmunityTest" time="0"/>
  <testcase name="testImmuneEncode[XMLEntityCodec IMMUNE_XML (-)]" classname="org.owasp.esapi.codecs.CodecImmunityTest" time="0"/>
  <testcase name="testImmuneEncode[XMLEntityCodec IMMUNE_XML (_)]" classname="org.owasp.esapi.codecs.CodecImmunityTest" time="0"/>
  <testcase name="testImmuneEncode[XMLEntityCodec IMMUNE_XML ( )]" classname="org.owasp.esapi.codecs.CodecImmunityTest" time="0"/>
  <testcase name="testImmuneEncode[XMLEntityCodec IMMUNE_XMLATTR (,)]" classname="org.owasp.esapi.codecs.CodecImmunityTest" time="0"/>
  <testcase name="testImmuneEncode[XMLEntityCodec IMMUNE_XMLATTR (.)]" classname="org.owasp.esapi.codecs.CodecImmunityTest" time="0"/>
  <testcase name="testImmuneEncode[XMLEntityCodec IMMUNE_XMLATTR (-)]" classname="org.owasp.esapi.codecs.CodecImmunityTest" time="0"/>
  <testcase name="testImmuneEncode[XMLEntityCodec IMMUNE_XMLATTR (_)]" classname="org.owasp.esapi.codecs.CodecImmunityTest" time="0"/>
  <testcase name="testImmuneEncode[CSSCodec Full_ALPHA_AND_SPECIALS (!)]" classname="org.owasp.esapi.codecs.CodecImmunityTest" time="0"/>
  <testcase name="testImmuneEncode[CSSCodec Full_ALPHA_AND_SPECIALS ($)]" classname="org.owasp.esapi.codecs.CodecImmunityTest" time="0"/>
  <testcase name="testImmuneEncode[CSSCodec Full_ALPHA_AND_SPECIALS (*)]" classname="org.owasp.esapi.codecs.CodecImmunityTest" time="0"/>
  <testcase name="testImmuneEncode[CSSCodec Full_ALPHA_AND_SPECIALS (+)]" classname="org.owasp.esapi.codecs.CodecImmunityTest" time="0"/>
  <testcase name="testImmuneEncode[CSSCodec Full_ALPHA_AND_SPECIALS (-)]" classname="org.owasp.esapi.codecs.CodecImmunityTest" time="0"/>
  <testcase name="testImmuneEncode[CSSCodec Full_ALPHA_AND_SPECIALS (.)]" classname="org.owasp.esapi.codecs.CodecImmunityTest" time="0"/>
  <testcase name="testImmuneEncode[CSSCodec Full_ALPHA_AND_SPECIALS (0)]" classname="org.owasp.esapi.codecs.CodecImmunityTest" time="0"/>
  <testcase name="testImmuneEncode[CSSCodec Full_ALPHA_AND_SPECIALS (1)]" classname="org.owasp.esapi.codecs.CodecImmunityTest" time="0"/>
  <testcase name="testImmuneEncode[CSSCodec Full_ALPHA_AND_SPECIALS (2)]" classname="org.owasp.esapi.codecs.CodecImmunityTest" time="0"/>
  <testcase name="testImmuneEncode[CSSCodec Full_ALPHA_AND_SPECIALS (3)]" classname="org.owasp.esapi.codecs.CodecImmunityTest" time="0"/>
  <testcase name="testImmuneEncode[CSSCodec Full_ALPHA_AND_SPECIALS (4)]" classname="org.owasp.esapi.codecs.CodecImmunityTest" time="0"/>
  <testcase name="testImmuneEncode[CSSCodec Full_ALPHA_AND_SPECIALS (5)]" classname="org.owasp.esapi.codecs.CodecImmunityTest" time="0"/>
  <testcase name="testImmuneEncode[CSSCodec Full_ALPHA_AND_SPECIALS (6)]" classname="org.owasp.esapi.codecs.CodecImmunityTest" time="0"/>
  <testcase name="testImmuneEncode[CSSCodec Full_ALPHA_AND_SPECIALS (7)]" classname="org.owasp.esapi.codecs.CodecImmunityTest" time="0"/>
  <testcase name="testImmuneEncode[CSSCodec Full_ALPHA_AND_SPECIALS (8)]" classname="org.owasp.esapi.codecs.CodecImmunityTest" time="0"/>
  <testcase name="testImmuneEncode[CSSCodec Full_ALPHA_AND_SPECIALS (9)]" classname="org.owasp.esapi.codecs.CodecImmunityTest" time="0"/>
  <testcase name="testImmuneEncode[CSSCodec Full_ALPHA_AND_SPECIALS (=)]" classname="org.owasp.esapi.codecs.CodecImmunityTest" time="0"/>
  <testcase name="testImmuneEncode[CSSCodec Full_ALPHA_AND_SPECIALS (?)]" classname="org.owasp.esapi.codecs.CodecImmunityTest" time="0"/>
  <testcase name="testImmuneEncode[CSSCodec Full_ALPHA_AND_SPECIALS (@)]" classname="org.owasp.esapi.codecs.CodecImmunityTest" time="0"/>
  <testcase name="testImmuneEncode[CSSCodec Full_ALPHA_AND_SPECIALS (A)]" classname="org.owasp.esapi.codecs.CodecImmunityTest" time="0.008"/>
  <testcase name="testImmuneEncode[CSSCodec Full_ALPHA_AND_SPECIALS (B)]" classname="org.owasp.esapi.codecs.CodecImmunityTest" time="0"/>
  <testcase name="testImmuneEncode[CSSCodec Full_ALPHA_AND_SPECIALS (C)]" classname="org.owasp.esapi.codecs.CodecImmunityTest" time="0"/>
  <testcase name="testImmuneEncode[CSSCodec Full_ALPHA_AND_SPECIALS (D)]" classname="org.owasp.esapi.codecs.CodecImmunityTest" time="0"/>
  <testcase name="testImmuneEncode[CSSCodec Full_ALPHA_AND_SPECIALS (E)]" classname="org.owasp.esapi.codecs.CodecImmunityTest" time="0"/>
  <testcase name="testImmuneEncode[CSSCodec Full_ALPHA_AND_SPECIALS (F)]" classname="org.owasp.esapi.codecs.CodecImmunityTest" time="0"/>
  <testcase name="testImmuneEncode[CSSCodec Full_ALPHA_AND_SPECIALS (G)]" classname="org.owasp.esapi.codecs.CodecImmunityTest" time="0"/>
  <testcase name="testImmuneEncode[CSSCodec Full_ALPHA_AND_SPECIALS (H)]" classname="org.owasp.esapi.codecs.CodecImmunityTest" time="0"/>
  <testcase name="testImmuneEncode[CSSCodec Full_ALPHA_AND_SPECIALS (I)]" classname="org.owasp.esapi.codecs.CodecImmunityTest" time="0"/>
  <testcase name="testImmuneEncode[CSSCodec Full_ALPHA_AND_SPECIALS (J)]" classname="org.owasp.esapi.codecs.CodecImmunityTest" time="0"/>
  <testcase name="testImmuneEncode[CSSCodec Full_ALPHA_AND_SPECIALS (K)]" classname="org.owasp.esapi.codecs.CodecImmunityTest" time="0"/>
  <testcase name="testImmuneEncode[CSSCodec Full_ALPHA_AND_SPECIALS (L)]" classname="org.owasp.esapi.codecs.CodecImmunityTest" time="0"/>
  <testcase name="testImmuneEncode[CSSCodec Full_ALPHA_AND_SPECIALS (M)]" classname="org.owasp.esapi.codecs.CodecImmunityTest" time="0"/>
  <testcase name="testImmuneEncode[CSSCodec Full_ALPHA_AND_SPECIALS (N)]" classname="org.owasp.esapi.codecs.CodecImmunityTest" time="0"/>
  <testcase name="testImmuneEncode[CSSCodec Full_ALPHA_AND_SPECIALS (O)]" classname="org.owasp.esapi.codecs.CodecImmunityTest" time="0"/>
  <testcase name="testImmuneEncode[CSSCodec Full_ALPHA_AND_SPECIALS (P)]" classname="org.owasp.esapi.codecs.CodecImmunityTest" time="0"/>
  <testcase name="testImmuneEncode[CSSCodec Full_ALPHA_AND_SPECIALS (Q)]" classname="org.owasp.esapi.codecs.CodecImmunityTest" time="0"/>
  <testcase name="testImmuneEncode[CSSCodec Full_ALPHA_AND_SPECIALS (R)]" classname="org.owasp.esapi.codecs.CodecImmunityTest" time="0"/>
  <testcase name="testImmuneEncode[CSSCodec Full_ALPHA_AND_SPECIALS (S)]" classname="org.owasp.esapi.codecs.CodecImmunityTest" time="0"/>
  <testcase name="testImmuneEncode[CSSCodec Full_ALPHA_AND_SPECIALS (T)]" classname="org.owasp.esapi.codecs.CodecImmunityTest" time="0"/>
  <testcase name="testImmuneEncode[CSSCodec Full_ALPHA_AND_SPECIALS (U)]" classname="org.owasp.esapi.codecs.CodecImmunityTest" time="0"/>
  <testcase name="testImmuneEncode[CSSCodec Full_ALPHA_AND_SPECIALS (V)]" classname="org.owasp.esapi.codecs.CodecImmunityTest" time="0"/>
  <testcase name="testImmuneEncode[CSSCodec Full_ALPHA_AND_SPECIALS (W)]" classname="org.owasp.esapi.codecs.CodecImmunityTest" time="0"/>
  <testcase name="testImmuneEncode[CSSCodec Full_ALPHA_AND_SPECIALS (X)]" classname="org.owasp.esapi.codecs.CodecImmunityTest" time="0"/>
  <testcase name="testImmuneEncode[CSSCodec Full_ALPHA_AND_SPECIALS (Y)]" classname="org.owasp.esapi.codecs.CodecImmunityTest" time="0"/>
  <testcase name="testImmuneEncode[CSSCodec Full_ALPHA_AND_SPECIALS (Z)]" classname="org.owasp.esapi.codecs.CodecImmunityTest" time="0"/>
  <testcase name="testImmuneEncode[CSSCodec Full_ALPHA_AND_SPECIALS (^)]" classname="org.owasp.esapi.codecs.CodecImmunityTest" time="0"/>
  <testcase name="testImmuneEncode[CSSCodec Full_ALPHA_AND_SPECIALS (_)]" classname="org.owasp.esapi.codecs.CodecImmunityTest" time="0"/>
  <testcase name="testImmuneEncode[CSSCodec Full_ALPHA_AND_SPECIALS (a)]" classname="org.owasp.esapi.codecs.CodecImmunityTest" time="0"/>
  <testcase name="testImmuneEncode[CSSCodec Full_ALPHA_AND_SPECIALS (b)]" classname="org.owasp.esapi.codecs.CodecImmunityTest" time="0"/>
  <testcase name="testImmuneEncode[CSSCodec Full_ALPHA_AND_SPECIALS (c)]" classname="org.owasp.esapi.codecs.CodecImmunityTest" time="0"/>
  <testcase name="testImmuneEncode[CSSCodec Full_ALPHA_AND_SPECIALS (d)]" classname="org.owasp.esapi.codecs.CodecImmunityTest" time="0"/>
  <testcase name="testImmuneEncode[CSSCodec Full_ALPHA_AND_SPECIALS (e)]" classname="org.owasp.esapi.codecs.CodecImmunityTest" time="0"/>
  <testcase name="testImmuneEncode[CSSCodec Full_ALPHA_AND_SPECIALS (f)]" classname="org.owasp.esapi.codecs.CodecImmunityTest" time="0"/>
  <testcase name="testImmuneEncode[CSSCodec Full_ALPHA_AND_SPECIALS (g)]" classname="org.owasp.esapi.codecs.CodecImmunityTest" time="0"/>
  <testcase name="testImmuneEncode[CSSCodec Full_ALPHA_AND_SPECIALS (h)]" classname="org.owasp.esapi.codecs.CodecImmunityTest" time="0"/>
  <testcase name="testImmuneEncode[CSSCodec Full_ALPHA_AND_SPECIALS (i)]" classname="org.owasp.esapi.codecs.CodecImmunityTest" time="0"/>
  <testcase name="testImmuneEncode[CSSCodec Full_ALPHA_AND_SPECIALS (j)]" classname="org.owasp.esapi.codecs.CodecImmunityTest" time="0"/>
  <testcase name="testImmuneEncode[CSSCodec Full_ALPHA_AND_SPECIALS (k)]" classname="org.owasp.esapi.codecs.CodecImmunityTest" time="0"/>
  <testcase name="testImmuneEncode[CSSCodec Full_ALPHA_AND_SPECIALS (l)]" classname="org.owasp.esapi.codecs.CodecImmunityTest" time="0"/>
  <testcase name="testImmuneEncode[CSSCodec Full_ALPHA_AND_SPECIALS (m)]" classname="org.owasp.esapi.codecs.CodecImmunityTest" time="0"/>
  <testcase name="testImmuneEncode[CSSCodec Full_ALPHA_AND_SPECIALS (n)]" classname="org.owasp.esapi.codecs.CodecImmunityTest" time="0"/>
  <testcase name="testImmuneEncode[CSSCodec Full_ALPHA_AND_SPECIALS (o)]" classname="org.owasp.esapi.codecs.CodecImmunityTest" time="0"/>
  <testcase name="testImmuneEncode[CSSCodec Full_ALPHA_AND_SPECIALS (p)]" classname="org.owasp.esapi.codecs.CodecImmunityTest" time="0"/>
  <testcase name="testImmuneEncode[CSSCodec Full_ALPHA_AND_SPECIALS (q)]" classname="org.owasp.esapi.codecs.CodecImmunityTest" time="0"/>
  <testcase name="testImmuneEncode[CSSCodec Full_ALPHA_AND_SPECIALS (r)]" classname="org.owasp.esapi.codecs.CodecImmunityTest" time="0"/>
  <testcase name="testImmuneEncode[CSSCodec Full_ALPHA_AND_SPECIALS (s)]" classname="org.owasp.esapi.codecs.CodecImmunityTest" time="0"/>
  <testcase name="testImmuneEncode[CSSCodec Full_ALPHA_AND_SPECIALS (t)]" classname="org.owasp.esapi.codecs.CodecImmunityTest" time="0"/>
  <testcase name="testImmuneEncode[CSSCodec Full_ALPHA_AND_SPECIALS (u)]" classname="org.owasp.esapi.codecs.CodecImmunityTest" time="0"/>
  <testcase name="testImmuneEncode[CSSCodec Full_ALPHA_AND_SPECIALS (v)]" classname="org.owasp.esapi.codecs.CodecImmunityTest" time="0"/>
  <testcase name="testImmuneEncode[CSSCodec Full_ALPHA_AND_SPECIALS (w)]" classname="org.owasp.esapi.codecs.CodecImmunityTest" time="0"/>
  <testcase name="testImmuneEncode[CSSCodec Full_ALPHA_AND_SPECIALS (x)]" classname="org.owasp.esapi.codecs.CodecImmunityTest" time="0"/>
  <testcase name="testImmuneEncode[CSSCodec Full_ALPHA_AND_SPECIALS (y)]" classname="org.owasp.esapi.codecs.CodecImmunityTest" time="0"/>
  <testcase name="testImmuneEncode[CSSCodec Full_ALPHA_AND_SPECIALS (z)]" classname="org.owasp.esapi.codecs.CodecImmunityTest" time="0"/>
  <testcase name="testImmuneEncode[CSSCodec Full_ALPHA_AND_SPECIALS (|)]" classname="org.owasp.esapi.codecs.CodecImmunityTest" time="0"/>
  <testcase name="testImmuneEncode[CSSCodec Full_ALPHA_AND_SPECIALS (~)]" classname="org.owasp.esapi.codecs.CodecImmunityTest" time="0"/>
  <testcase name="testImmuneEncode[DB2Codec Full_ALPHA_AND_SPECIALS (!)]" classname="org.owasp.esapi.codecs.CodecImmunityTest" time="0"/>
  <testcase name="testImmuneEncode[DB2Codec Full_ALPHA_AND_SPECIALS ($)]" classname="org.owasp.esapi.codecs.CodecImmunityTest" time="0"/>
  <testcase name="testImmuneEncode[DB2Codec Full_ALPHA_AND_SPECIALS (*)]" classname="org.owasp.esapi.codecs.CodecImmunityTest" time="0"/>
  <testcase name="testImmuneEncode[DB2Codec Full_ALPHA_AND_SPECIALS (+)]" classname="org.owasp.esapi.codecs.CodecImmunityTest" time="0"/>
  <testcase name="testImmuneEncode[DB2Codec Full_ALPHA_AND_SPECIALS (-)]" classname="org.owasp.esapi.codecs.CodecImmunityTest" time="0"/>
  <testcase name="testImmuneEncode[DB2Codec Full_ALPHA_AND_SPECIALS (.)]" classname="org.owasp.esapi.codecs.CodecImmunityTest" time="0"/>
  <testcase name="testImmuneEncode[DB2Codec Full_ALPHA_AND_SPECIALS (0)]" classname="org.owasp.esapi.codecs.CodecImmunityTest" time="0"/>
  <testcase name="testImmuneEncode[DB2Codec Full_ALPHA_AND_SPECIALS (1)]" classname="org.owasp.esapi.codecs.CodecImmunityTest" time="0"/>
  <testcase name="testImmuneEncode[DB2Codec Full_ALPHA_AND_SPECIALS (2)]" classname="org.owasp.esapi.codecs.CodecImmunityTest" time="0"/>
  <testcase name="testImmuneEncode[DB2Codec Full_ALPHA_AND_SPECIALS (3)]" classname="org.owasp.esapi.codecs.CodecImmunityTest" time="0"/>
  <testcase name="testImmuneEncode[DB2Codec Full_ALPHA_AND_SPECIALS (4)]" classname="org.owasp.esapi.codecs.CodecImmunityTest" time="0"/>
  <testcase name="testImmuneEncode[DB2Codec Full_ALPHA_AND_SPECIALS (5)]" classname="org.owasp.esapi.codecs.CodecImmunityTest" time="0"/>
  <testcase name="testImmuneEncode[DB2Codec Full_ALPHA_AND_SPECIALS (6)]" classname="org.owasp.esapi.codecs.CodecImmunityTest" time="0"/>
  <testcase name="testImmuneEncode[DB2Codec Full_ALPHA_AND_SPECIALS (7)]" classname="org.owasp.esapi.codecs.CodecImmunityTest" time="0"/>
  <testcase name="testImmuneEncode[DB2Codec Full_ALPHA_AND_SPECIALS (8)]" classname="org.owasp.esapi.codecs.CodecImmunityTest" time="0"/>
  <testcase name="testImmuneEncode[DB2Codec Full_ALPHA_AND_SPECIALS (9)]" classname="org.owasp.esapi.codecs.CodecImmunityTest" time="0"/>
  <testcase name="testImmuneEncode[DB2Codec Full_ALPHA_AND_SPECIALS (=)]" classname="org.owasp.esapi.codecs.CodecImmunityTest" time="0"/>
  <testcase name="testImmuneEncode[DB2Codec Full_ALPHA_AND_SPECIALS (?)]" classname="org.owasp.esapi.codecs.CodecImmunityTest" time="0"/>
  <testcase name="testImmuneEncode[DB2Codec Full_ALPHA_AND_SPECIALS (@)]" classname="org.owasp.esapi.codecs.CodecImmunityTest" time="0"/>
  <testcase name="testImmuneEncode[DB2Codec Full_ALPHA_AND_SPECIALS (A)]" classname="org.owasp.esapi.codecs.CodecImmunityTest" time="0"/>
  <testcase name="testImmuneEncode[DB2Codec Full_ALPHA_AND_SPECIALS (B)]" classname="org.owasp.esapi.codecs.CodecImmunityTest" time="0"/>
  <testcase name="testImmuneEncode[DB2Codec Full_ALPHA_AND_SPECIALS (C)]" classname="org.owasp.esapi.codecs.CodecImmunityTest" time="0"/>
  <testcase name="testImmuneEncode[DB2Codec Full_ALPHA_AND_SPECIALS (D)]" classname="org.owasp.esapi.codecs.CodecImmunityTest" time="0"/>
  <testcase name="testImmuneEncode[DB2Codec Full_ALPHA_AND_SPECIALS (E)]" classname="org.owasp.esapi.codecs.CodecImmunityTest" time="0"/>
  <testcase name="testImmuneEncode[DB2Codec Full_ALPHA_AND_SPECIALS (F)]" classname="org.owasp.esapi.codecs.CodecImmunityTest" time="0"/>
  <testcase name="testImmuneEncode[DB2Codec Full_ALPHA_AND_SPECIALS (G)]" classname="org.owasp.esapi.codecs.CodecImmunityTest" time="0"/>
  <testcase name="testImmuneEncode[DB2Codec Full_ALPHA_AND_SPECIALS (H)]" classname="org.owasp.esapi.codecs.CodecImmunityTest" time="0"/>
  <testcase name="testImmuneEncode[DB2Codec Full_ALPHA_AND_SPECIALS (I)]" classname="org.owasp.esapi.codecs.CodecImmunityTest" time="0"/>
  <testcase name="testImmuneEncode[DB2Codec Full_ALPHA_AND_SPECIALS (J)]" classname="org.owasp.esapi.codecs.CodecImmunityTest" time="0"/>
  <testcase name="testImmuneEncode[DB2Codec Full_ALPHA_AND_SPECIALS (K)]" classname="org.owasp.esapi.codecs.CodecImmunityTest" time="0"/>
  <testcase name="testImmuneEncode[DB2Codec Full_ALPHA_AND_SPECIALS (L)]" classname="org.owasp.esapi.codecs.CodecImmunityTest" time="0"/>
  <testcase name="testImmuneEncode[DB2Codec Full_ALPHA_AND_SPECIALS (M)]" classname="org.owasp.esapi.codecs.CodecImmunityTest" time="0"/>
  <testcase name="testImmuneEncode[DB2Codec Full_ALPHA_AND_SPECIALS (N)]" classname="org.owasp.esapi.codecs.CodecImmunityTest" time="0"/>
  <testcase name="testImmuneEncode[DB2Codec Full_ALPHA_AND_SPECIALS (O)]" classname="org.owasp.esapi.codecs.CodecImmunityTest" time="0.001"/>
  <testcase name="testImmuneEncode[DB2Codec Full_ALPHA_AND_SPECIALS (P)]" classname="org.owasp.esapi.codecs.CodecImmunityTest" time="0"/>
  <testcase name="testImmuneEncode[DB2Codec Full_ALPHA_AND_SPECIALS (Q)]" classname="org.owasp.esapi.codecs.CodecImmunityTest" time="0"/>
  <testcase name="testImmuneEncode[DB2Codec Full_ALPHA_AND_SPECIALS (R)]" classname="org.owasp.esapi.codecs.CodecImmunityTest" time="0"/>
  <testcase name="testImmuneEncode[DB2Codec Full_ALPHA_AND_SPECIALS (S)]" classname="org.owasp.esapi.codecs.CodecImmunityTest" time="0"/>
  <testcase name="testImmuneEncode[DB2Codec Full_ALPHA_AND_SPECIALS (T)]" classname="org.owasp.esapi.codecs.CodecImmunityTest" time="0"/>
  <testcase name="testImmuneEncode[DB2Codec Full_ALPHA_AND_SPECIALS (U)]" classname="org.owasp.esapi.codecs.CodecImmunityTest" time="0.001"/>
  <testcase name="testImmuneEncode[DB2Codec Full_ALPHA_AND_SPECIALS (V)]" classname="org.owasp.esapi.codecs.CodecImmunityTest" time="0"/>
  <testcase name="testImmuneEncode[DB2Codec Full_ALPHA_AND_SPECIALS (W)]" classname="org.owasp.esapi.codecs.CodecImmunityTest" time="0"/>
  <testcase name="testImmuneEncode[DB2Codec Full_ALPHA_AND_SPECIALS (X)]" classname="org.owasp.esapi.codecs.CodecImmunityTest" time="0"/>
  <testcase name="testImmuneEncode[DB2Codec Full_ALPHA_AND_SPECIALS (Y)]" classname="org.owasp.esapi.codecs.CodecImmunityTest" time="0"/>
  <testcase name="testImmuneEncode[DB2Codec Full_ALPHA_AND_SPECIALS (Z)]" classname="org.owasp.esapi.codecs.CodecImmunityTest" time="0"/>
  <testcase name="testImmuneEncode[DB2Codec Full_ALPHA_AND_SPECIALS (^)]" classname="org.owasp.esapi.codecs.CodecImmunityTest" time="0"/>
  <testcase name="testImmuneEncode[DB2Codec Full_ALPHA_AND_SPECIALS (_)]" classname="org.owasp.esapi.codecs.CodecImmunityTest" time="0"/>
  <testcase name="testImmuneEncode[DB2Codec Full_ALPHA_AND_SPECIALS (a)]" classname="org.owasp.esapi.codecs.CodecImmunityTest" time="0"/>
  <testcase name="testImmuneEncode[DB2Codec Full_ALPHA_AND_SPECIALS (b)]" classname="org.owasp.esapi.codecs.CodecImmunityTest" time="0"/>
  <testcase name="testImmuneEncode[DB2Codec Full_ALPHA_AND_SPECIALS (c)]" classname="org.owasp.esapi.codecs.CodecImmunityTest" time="0"/>
  <testcase name="testImmuneEncode[DB2Codec Full_ALPHA_AND_SPECIALS (d)]" classname="org.owasp.esapi.codecs.CodecImmunityTest" time="0"/>
  <testcase name="testImmuneEncode[DB2Codec Full_ALPHA_AND_SPECIALS (e)]" classname="org.owasp.esapi.codecs.CodecImmunityTest" time="0"/>
  <testcase name="testImmuneEncode[DB2Codec Full_ALPHA_AND_SPECIALS (f)]" classname="org.owasp.esapi.codecs.CodecImmunityTest" time="0"/>
  <testcase name="testImmuneEncode[DB2Codec Full_ALPHA_AND_SPECIALS (g)]" classname="org.owasp.esapi.codecs.CodecImmunityTest" time="0"/>
  <testcase name="testImmuneEncode[DB2Codec Full_ALPHA_AND_SPECIALS (h)]" classname="org.owasp.esapi.codecs.CodecImmunityTest" time="0"/>
  <testcase name="testImmuneEncode[DB2Codec Full_ALPHA_AND_SPECIALS (i)]" classname="org.owasp.esapi.codecs.CodecImmunityTest" time="0"/>
  <testcase name="testImmuneEncode[DB2Codec Full_ALPHA_AND_SPECIALS (j)]" classname="org.owasp.esapi.codecs.CodecImmunityTest" time="0"/>
  <testcase name="testImmuneEncode[DB2Codec Full_ALPHA_AND_SPECIALS (k)]" classname="org.owasp.esapi.codecs.CodecImmunityTest" time="0"/>
  <testcase name="testImmuneEncode[DB2Codec Full_ALPHA_AND_SPECIALS (l)]" classname="org.owasp.esapi.codecs.CodecImmunityTest" time="0"/>
  <testcase name="testImmuneEncode[DB2Codec Full_ALPHA_AND_SPECIALS (m)]" classname="org.owasp.esapi.codecs.CodecImmunityTest" time="0"/>
  <testcase name="testImmuneEncode[DB2Codec Full_ALPHA_AND_SPECIALS (n)]" classname="org.owasp.esapi.codecs.CodecImmunityTest" time="0"/>
  <testcase name="testImmuneEncode[DB2Codec Full_ALPHA_AND_SPECIALS (o)]" classname="org.owasp.esapi.codecs.CodecImmunityTest" time="0"/>
  <testcase name="testImmuneEncode[DB2Codec Full_ALPHA_AND_SPECIALS (p)]" classname="org.owasp.esapi.codecs.CodecImmunityTest" time="0"/>
  <testcase name="testImmuneEncode[DB2Codec Full_ALPHA_AND_SPECIALS (q)]" classname="org.owasp.esapi.codecs.CodecImmunityTest" time="0"/>
  <testcase name="testImmuneEncode[DB2Codec Full_ALPHA_AND_SPECIALS (r)]" classname="org.owasp.esapi.codecs.CodecImmunityTest" time="0"/>
  <testcase name="testImmuneEncode[DB2Codec Full_ALPHA_AND_SPECIALS (s)]" classname="org.owasp.esapi.codecs.CodecImmunityTest" time="0"/>
  <testcase name="testImmuneEncode[DB2Codec Full_ALPHA_AND_SPECIALS (t)]" classname="org.owasp.esapi.codecs.CodecImmunityTest" time="0"/>
  <testcase name="testImmuneEncode[DB2Codec Full_ALPHA_AND_SPECIALS (u)]" classname="org.owasp.esapi.codecs.CodecImmunityTest" time="0"/>
  <testcase name="testImmuneEncode[DB2Codec Full_ALPHA_AND_SPECIALS (v)]" classname="org.owasp.esapi.codecs.CodecImmunityTest" time="0"/>
  <testcase name="testImmuneEncode[DB2Codec Full_ALPHA_AND_SPECIALS (w)]" classname="org.owasp.esapi.codecs.CodecImmunityTest" time="0"/>
  <testcase name="testImmuneEncode[DB2Codec Full_ALPHA_AND_SPECIALS (x)]" classname="org.owasp.esapi.codecs.CodecImmunityTest" time="0"/>
  <testcase name="testImmuneEncode[DB2Codec Full_ALPHA_AND_SPECIALS (y)]" classname="org.owasp.esapi.codecs.CodecImmunityTest" time="0"/>
  <testcase name="testImmuneEncode[DB2Codec Full_ALPHA_AND_SPECIALS (z)]" classname="org.owasp.esapi.codecs.CodecImmunityTest" time="0"/>
  <testcase name="testImmuneEncode[DB2Codec Full_ALPHA_AND_SPECIALS (|)]" classname="org.owasp.esapi.codecs.CodecImmunityTest" time="0"/>
  <testcase name="testImmuneEncode[DB2Codec Full_ALPHA_AND_SPECIALS (~)]" classname="org.owasp.esapi.codecs.CodecImmunityTest" time="0"/>
  <testcase name="testImmuneEncode[HTMLEntityCodec Full_ALPHA_AND_SPECIALS (!)]" classname="org.owasp.esapi.codecs.CodecImmunityTest" time="0"/>
  <testcase name="testImmuneEncode[HTMLEntityCodec Full_ALPHA_AND_SPECIALS ($)]" classname="org.owasp.esapi.codecs.CodecImmunityTest" time="0"/>
  <testcase name="testImmuneEncode[HTMLEntityCodec Full_ALPHA_AND_SPECIALS (*)]" classname="org.owasp.esapi.codecs.CodecImmunityTest" time="0"/>
  <testcase name="testImmuneEncode[HTMLEntityCodec Full_ALPHA_AND_SPECIALS (+)]" classname="org.owasp.esapi.codecs.CodecImmunityTest" time="0"/>
  <testcase name="testImmuneEncode[HTMLEntityCodec Full_ALPHA_AND_SPECIALS (-)]" classname="org.owasp.esapi.codecs.CodecImmunityTest" time="0"/>
  <testcase name="testImmuneEncode[HTMLEntityCodec Full_ALPHA_AND_SPECIALS (.)]" classname="org.owasp.esapi.codecs.CodecImmunityTest" time="0"/>
  <testcase name="testImmuneEncode[HTMLEntityCodec Full_ALPHA_AND_SPECIALS (0)]" classname="org.owasp.esapi.codecs.CodecImmunityTest" time="0.001"/>
  <testcase name="testImmuneEncode[HTMLEntityCodec Full_ALPHA_AND_SPECIALS (1)]" classname="org.owasp.esapi.codecs.CodecImmunityTest" time="0"/>
  <testcase name="testImmuneEncode[HTMLEntityCodec Full_ALPHA_AND_SPECIALS (2)]" classname="org.owasp.esapi.codecs.CodecImmunityTest" time="0"/>
  <testcase name="testImmuneEncode[HTMLEntityCodec Full_ALPHA_AND_SPECIALS (3)]" classname="org.owasp.esapi.codecs.CodecImmunityTest" time="0"/>
  <testcase name="testImmuneEncode[HTMLEntityCodec Full_ALPHA_AND_SPECIALS (4)]" classname="org.owasp.esapi.codecs.CodecImmunityTest" time="0"/>
  <testcase name="testImmuneEncode[HTMLEntityCodec Full_ALPHA_AND_SPECIALS (5)]" classname="org.owasp.esapi.codecs.CodecImmunityTest" time="0"/>
  <testcase name="testImmuneEncode[HTMLEntityCodec Full_ALPHA_AND_SPECIALS (6)]" classname="org.owasp.esapi.codecs.CodecImmunityTest" time="0"/>
  <testcase name="testImmuneEncode[HTMLEntityCodec Full_ALPHA_AND_SPECIALS (7)]" classname="org.owasp.esapi.codecs.CodecImmunityTest" time="0"/>
  <testcase name="testImmuneEncode[HTMLEntityCodec Full_ALPHA_AND_SPECIALS (8)]" classname="org.owasp.esapi.codecs.CodecImmunityTest" time="0"/>
  <testcase name="testImmuneEncode[HTMLEntityCodec Full_ALPHA_AND_SPECIALS (9)]" classname="org.owasp.esapi.codecs.CodecImmunityTest" time="0"/>
  <testcase name="testImmuneEncode[HTMLEntityCodec Full_ALPHA_AND_SPECIALS (=)]" classname="org.owasp.esapi.codecs.CodecImmunityTest" time="0"/>
  <testcase name="testImmuneEncode[HTMLEntityCodec Full_ALPHA_AND_SPECIALS (?)]" classname="org.owasp.esapi.codecs.CodecImmunityTest" time="0"/>
  <testcase name="testImmuneEncode[HTMLEntityCodec Full_ALPHA_AND_SPECIALS (@)]" classname="org.owasp.esapi.codecs.CodecImmunityTest" time="0"/>
  <testcase name="testImmuneEncode[HTMLEntityCodec Full_ALPHA_AND_SPECIALS (A)]" classname="org.owasp.esapi.codecs.CodecImmunityTest" time="0.001"/>
  <testcase name="testImmuneEncode[HTMLEntityCodec Full_ALPHA_AND_SPECIALS (B)]" classname="org.owasp.esapi.codecs.CodecImmunityTest" time="0"/>
  <testcase name="testImmuneEncode[HTMLEntityCodec Full_ALPHA_AND_SPECIALS (C)]" classname="org.owasp.esapi.codecs.CodecImmunityTest" time="0"/>
  <testcase name="testImmuneEncode[HTMLEntityCodec Full_ALPHA_AND_SPECIALS (D)]" classname="org.owasp.esapi.codecs.CodecImmunityTest" time="0.009"/>
  <testcase name="testImmuneEncode[HTMLEntityCodec Full_ALPHA_AND_SPECIALS (E)]" classname="org.owasp.esapi.codecs.CodecImmunityTest" time="0"/>
  <testcase name="testImmuneEncode[HTMLEntityCodec Full_ALPHA_AND_SPECIALS (F)]" classname="org.owasp.esapi.codecs.CodecImmunityTest" time="0"/>
  <testcase name="testImmuneEncode[HTMLEntityCodec Full_ALPHA_AND_SPECIALS (G)]" classname="org.owasp.esapi.codecs.CodecImmunityTest" time="0"/>
  <testcase name="testImmuneEncode[HTMLEntityCodec Full_ALPHA_AND_SPECIALS (H)]" classname="org.owasp.esapi.codecs.CodecImmunityTest" time="0.001"/>
  <testcase name="testImmuneEncode[HTMLEntityCodec Full_ALPHA_AND_SPECIALS (I)]" classname="org.owasp.esapi.codecs.CodecImmunityTest" time="0"/>
  <testcase name="testImmuneEncode[HTMLEntityCodec Full_ALPHA_AND_SPECIALS (J)]" classname="org.owasp.esapi.codecs.CodecImmunityTest" time="0"/>
  <testcase name="testImmuneEncode[HTMLEntityCodec Full_ALPHA_AND_SPECIALS (K)]" classname="org.owasp.esapi.codecs.CodecImmunityTest" time="0"/>
  <testcase name="testImmuneEncode[HTMLEntityCodec Full_ALPHA_AND_SPECIALS (L)]" classname="org.owasp.esapi.codecs.CodecImmunityTest" time="0"/>
  <testcase name="testImmuneEncode[HTMLEntityCodec Full_ALPHA_AND_SPECIALS (M)]" classname="org.owasp.esapi.codecs.CodecImmunityTest" time="0"/>
  <testcase name="testImmuneEncode[HTMLEntityCodec Full_ALPHA_AND_SPECIALS (N)]" classname="org.owasp.esapi.codecs.CodecImmunityTest" time="0"/>
  <testcase name="testImmuneEncode[HTMLEntityCodec Full_ALPHA_AND_SPECIALS (O)]" classname="org.owasp.esapi.codecs.CodecImmunityTest" time="0"/>
  <testcase name="testImmuneEncode[HTMLEntityCodec Full_ALPHA_AND_SPECIALS (P)]" classname="org.owasp.esapi.codecs.CodecImmunityTest" time="0"/>
  <testcase name="testImmuneEncode[HTMLEntityCodec Full_ALPHA_AND_SPECIALS (Q)]" classname="org.owasp.esapi.codecs.CodecImmunityTest" time="0"/>
  <testcase name="testImmuneEncode[HTMLEntityCodec Full_ALPHA_AND_SPECIALS (R)]" classname="org.owasp.esapi.codecs.CodecImmunityTest" time="0"/>
  <testcase name="testImmuneEncode[HTMLEntityCodec Full_ALPHA_AND_SPECIALS (S)]" classname="org.owasp.esapi.codecs.CodecImmunityTest" time="0"/>
  <testcase name="testImmuneEncode[HTMLEntityCodec Full_ALPHA_AND_SPECIALS (T)]" classname="org.owasp.esapi.codecs.CodecImmunityTest" time="0"/>
  <testcase name="testImmuneEncode[HTMLEntityCodec Full_ALPHA_AND_SPECIALS (U)]" classname="org.owasp.esapi.codecs.CodecImmunityTest" time="0"/>
  <testcase name="testImmuneEncode[HTMLEntityCodec Full_ALPHA_AND_SPECIALS (V)]" classname="org.owasp.esapi.codecs.CodecImmunityTest" time="0"/>
  <testcase name="testImmuneEncode[HTMLEntityCodec Full_ALPHA_AND_SPECIALS (W)]" classname="org.owasp.esapi.codecs.CodecImmunityTest" time="0"/>
  <testcase name="testImmuneEncode[HTMLEntityCodec Full_ALPHA_AND_SPECIALS (X)]" classname="org.owasp.esapi.codecs.CodecImmunityTest" time="0"/>
  <testcase name="testImmuneEncode[HTMLEntityCodec Full_ALPHA_AND_SPECIALS (Y)]" classname="org.owasp.esapi.codecs.CodecImmunityTest" time="0"/>
  <testcase name="testImmuneEncode[HTMLEntityCodec Full_ALPHA_AND_SPECIALS (Z)]" classname="org.owasp.esapi.codecs.CodecImmunityTest" time="0"/>
  <testcase name="testImmuneEncode[HTMLEntityCodec Full_ALPHA_AND_SPECIALS (^)]" classname="org.owasp.esapi.codecs.CodecImmunityTest" time="0"/>
  <testcase name="testImmuneEncode[HTMLEntityCodec Full_ALPHA_AND_SPECIALS (_)]" classname="org.owasp.esapi.codecs.CodecImmunityTest" time="0"/>
  <testcase name="testImmuneEncode[HTMLEntityCodec Full_ALPHA_AND_SPECIALS (a)]" classname="org.owasp.esapi.codecs.CodecImmunityTest" time="0"/>
  <testcase name="testImmuneEncode[HTMLEntityCodec Full_ALPHA_AND_SPECIALS (b)]" classname="org.owasp.esapi.codecs.CodecImmunityTest" time="0"/>
  <testcase name="testImmuneEncode[HTMLEntityCodec Full_ALPHA_AND_SPECIALS (c)]" classname="org.owasp.esapi.codecs.CodecImmunityTest" time="0"/>
  <testcase name="testImmuneEncode[HTMLEntityCodec Full_ALPHA_AND_SPECIALS (d)]" classname="org.owasp.esapi.codecs.CodecImmunityTest" time="0"/>
  <testcase name="testImmuneEncode[HTMLEntityCodec Full_ALPHA_AND_SPECIALS (e)]" classname="org.owasp.esapi.codecs.CodecImmunityTest" time="0"/>
  <testcase name="testImmuneEncode[HTMLEntityCodec Full_ALPHA_AND_SPECIALS (f)]" classname="org.owasp.esapi.codecs.CodecImmunityTest" time="0"/>
  <testcase name="testImmuneEncode[HTMLEntityCodec Full_ALPHA_AND_SPECIALS (g)]" classname="org.owasp.esapi.codecs.CodecImmunityTest" time="0"/>
  <testcase name="testImmuneEncode[HTMLEntityCodec Full_ALPHA_AND_SPECIALS (h)]" classname="org.owasp.esapi.codecs.CodecImmunityTest" time="0"/>
  <testcase name="testImmuneEncode[HTMLEntityCodec Full_ALPHA_AND_SPECIALS (i)]" classname="org.owasp.esapi.codecs.CodecImmunityTest" time="0"/>
  <testcase name="testImmuneEncode[HTMLEntityCodec Full_ALPHA_AND_SPECIALS (j)]" classname="org.owasp.esapi.codecs.CodecImmunityTest" time="0"/>
  <testcase name="testImmuneEncode[HTMLEntityCodec Full_ALPHA_AND_SPECIALS (k)]" classname="org.owasp.esapi.codecs.CodecImmunityTest" time="0"/>
  <testcase name="testImmuneEncode[HTMLEntityCodec Full_ALPHA_AND_SPECIALS (l)]" classname="org.owasp.esapi.codecs.CodecImmunityTest" time="0"/>
  <testcase name="testImmuneEncode[HTMLEntityCodec Full_ALPHA_AND_SPECIALS (m)]" classname="org.owasp.esapi.codecs.CodecImmunityTest" time="0"/>
  <testcase name="testImmuneEncode[HTMLEntityCodec Full_ALPHA_AND_SPECIALS (n)]" classname="org.owasp.esapi.codecs.CodecImmunityTest" time="0"/>
  <testcase name="testImmuneEncode[HTMLEntityCodec Full_ALPHA_AND_SPECIALS (o)]" classname="org.owasp.esapi.codecs.CodecImmunityTest" time="0"/>
  <testcase name="testImmuneEncode[HTMLEntityCodec Full_ALPHA_AND_SPECIALS (p)]" classname="org.owasp.esapi.codecs.CodecImmunityTest" time="0"/>
  <testcase name="testImmuneEncode[HTMLEntityCodec Full_ALPHA_AND_SPECIALS (q)]" classname="org.owasp.esapi.codecs.CodecImmunityTest" time="0"/>
  <testcase name="testImmuneEncode[HTMLEntityCodec Full_ALPHA_AND_SPECIALS (r)]" classname="org.owasp.esapi.codecs.CodecImmunityTest" time="0"/>
  <testcase name="testImmuneEncode[HTMLEntityCodec Full_ALPHA_AND_SPECIALS (s)]" classname="org.owasp.esapi.codecs.CodecImmunityTest" time="0"/>
  <testcase name="testImmuneEncode[HTMLEntityCodec Full_ALPHA_AND_SPECIALS (t)]" classname="org.owasp.esapi.codecs.CodecImmunityTest" time="0"/>
  <testcase name="testImmuneEncode[HTMLEntityCodec Full_ALPHA_AND_SPECIALS (u)]" classname="org.owasp.esapi.codecs.CodecImmunityTest" time="0"/>
  <testcase name="testImmuneEncode[HTMLEntityCodec Full_ALPHA_AND_SPECIALS (v)]" classname="org.owasp.esapi.codecs.CodecImmunityTest" time="0"/>
  <testcase name="testImmuneEncode[HTMLEntityCodec Full_ALPHA_AND_SPECIALS (w)]" classname="org.owasp.esapi.codecs.CodecImmunityTest" time="0"/>
  <testcase name="testImmuneEncode[HTMLEntityCodec Full_ALPHA_AND_SPECIALS (x)]" classname="org.owasp.esapi.codecs.CodecImmunityTest" time="0"/>
  <testcase name="testImmuneEncode[HTMLEntityCodec Full_ALPHA_AND_SPECIALS (y)]" classname="org.owasp.esapi.codecs.CodecImmunityTest" time="0"/>
  <testcase name="testImmuneEncode[HTMLEntityCodec Full_ALPHA_AND_SPECIALS (z)]" classname="org.owasp.esapi.codecs.CodecImmunityTest" time="0"/>
  <testcase name="testImmuneEncode[HTMLEntityCodec Full_ALPHA_AND_SPECIALS (|)]" classname="org.owasp.esapi.codecs.CodecImmunityTest" time="0"/>
  <testcase name="testImmuneEncode[HTMLEntityCodec Full_ALPHA_AND_SPECIALS (~)]" classname="org.owasp.esapi.codecs.CodecImmunityTest" time="0"/>
  <testcase name="testImmuneEncode[JavaScriptCodec Full_ALPHA_AND_SPECIALS (!)]" classname="org.owasp.esapi.codecs.CodecImmunityTest" time="0"/>
  <testcase name="testImmuneEncode[JavaScriptCodec Full_ALPHA_AND_SPECIALS ($)]" classname="org.owasp.esapi.codecs.CodecImmunityTest" time="0"/>
  <testcase name="testImmuneEncode[JavaScriptCodec Full_ALPHA_AND_SPECIALS (*)]" classname="org.owasp.esapi.codecs.CodecImmunityTest" time="0"/>
  <testcase name="testImmuneEncode[JavaScriptCodec Full_ALPHA_AND_SPECIALS (+)]" classname="org.owasp.esapi.codecs.CodecImmunityTest" time="0"/>
  <testcase name="testImmuneEncode[JavaScriptCodec Full_ALPHA_AND_SPECIALS (-)]" classname="org.owasp.esapi.codecs.CodecImmunityTest" time="0"/>
  <testcase name="testImmuneEncode[JavaScriptCodec Full_ALPHA_AND_SPECIALS (.)]" classname="org.owasp.esapi.codecs.CodecImmunityTest" time="0"/>
  <testcase name="testImmuneEncode[JavaScriptCodec Full_ALPHA_AND_SPECIALS (0)]" classname="org.owasp.esapi.codecs.CodecImmunityTest" time="0"/>
  <testcase name="testImmuneEncode[JavaScriptCodec Full_ALPHA_AND_SPECIALS (1)]" classname="org.owasp.esapi.codecs.CodecImmunityTest" time="0"/>
  <testcase name="testImmuneEncode[JavaScriptCodec Full_ALPHA_AND_SPECIALS (2)]" classname="org.owasp.esapi.codecs.CodecImmunityTest" time="0"/>
  <testcase name="testImmuneEncode[JavaScriptCodec Full_ALPHA_AND_SPECIALS (3)]" classname="org.owasp.esapi.codecs.CodecImmunityTest" time="0.001"/>
  <testcase name="testImmuneEncode[JavaScriptCodec Full_ALPHA_AND_SPECIALS (4)]" classname="org.owasp.esapi.codecs.CodecImmunityTest" time="0"/>
  <testcase name="testImmuneEncode[JavaScriptCodec Full_ALPHA_AND_SPECIALS (5)]" classname="org.owasp.esapi.codecs.CodecImmunityTest" time="0"/>
  <testcase name="testImmuneEncode[JavaScriptCodec Full_ALPHA_AND_SPECIALS (6)]" classname="org.owasp.esapi.codecs.CodecImmunityTest" time="0"/>
  <testcase name="testImmuneEncode[JavaScriptCodec Full_ALPHA_AND_SPECIALS (7)]" classname="org.owasp.esapi.codecs.CodecImmunityTest" time="0"/>
  <testcase name="testImmuneEncode[JavaScriptCodec Full_ALPHA_AND_SPECIALS (8)]" classname="org.owasp.esapi.codecs.CodecImmunityTest" time="0"/>
  <testcase name="testImmuneEncode[JavaScriptCodec Full_ALPHA_AND_SPECIALS (9)]" classname="org.owasp.esapi.codecs.CodecImmunityTest" time="0"/>
  <testcase name="testImmuneEncode[JavaScriptCodec Full_ALPHA_AND_SPECIALS (=)]" classname="org.owasp.esapi.codecs.CodecImmunityTest" time="0"/>
  <testcase name="testImmuneEncode[JavaScriptCodec Full_ALPHA_AND_SPECIALS (?)]" classname="org.owasp.esapi.codecs.CodecImmunityTest" time="0"/>
  <testcase name="testImmuneEncode[JavaScriptCodec Full_ALPHA_AND_SPECIALS (@)]" classname="org.owasp.esapi.codecs.CodecImmunityTest" time="0"/>
  <testcase name="testImmuneEncode[JavaScriptCodec Full_ALPHA_AND_SPECIALS (A)]" classname="org.owasp.esapi.codecs.CodecImmunityTest" time="0"/>
  <testcase name="testImmuneEncode[JavaScriptCodec Full_ALPHA_AND_SPECIALS (B)]" classname="org.owasp.esapi.codecs.CodecImmunityTest" time="0"/>
  <testcase name="testImmuneEncode[JavaScriptCodec Full_ALPHA_AND_SPECIALS (C)]" classname="org.owasp.esapi.codecs.CodecImmunityTest" time="0"/>
  <testcase name="testImmuneEncode[JavaScriptCodec Full_ALPHA_AND_SPECIALS (D)]" classname="org.owasp.esapi.codecs.CodecImmunityTest" time="0"/>
  <testcase name="testImmuneEncode[JavaScriptCodec Full_ALPHA_AND_SPECIALS (E)]" classname="org.owasp.esapi.codecs.CodecImmunityTest" time="0"/>
  <testcase name="testImmuneEncode[JavaScriptCodec Full_ALPHA_AND_SPECIALS (F)]" classname="org.owasp.esapi.codecs.CodecImmunityTest" time="0"/>
  <testcase name="testImmuneEncode[JavaScriptCodec Full_ALPHA_AND_SPECIALS (G)]" classname="org.owasp.esapi.codecs.CodecImmunityTest" time="0"/>
  <testcase name="testImmuneEncode[JavaScriptCodec Full_ALPHA_AND_SPECIALS (H)]" classname="org.owasp.esapi.codecs.CodecImmunityTest" time="0"/>
  <testcase name="testImmuneEncode[JavaScriptCodec Full_ALPHA_AND_SPECIALS (I)]" classname="org.owasp.esapi.codecs.CodecImmunityTest" time="0"/>
  <testcase name="testImmuneEncode[JavaScriptCodec Full_ALPHA_AND_SPECIALS (J)]" classname="org.owasp.esapi.codecs.CodecImmunityTest" time="0"/>
  <testcase name="testImmuneEncode[JavaScriptCodec Full_ALPHA_AND_SPECIALS (K)]" classname="org.owasp.esapi.codecs.CodecImmunityTest" time="0"/>
  <testcase name="testImmuneEncode[JavaScriptCodec Full_ALPHA_AND_SPECIALS (L)]" classname="org.owasp.esapi.codecs.CodecImmunityTest" time="0"/>
  <testcase name="testImmuneEncode[JavaScriptCodec Full_ALPHA_AND_SPECIALS (M)]" classname="org.owasp.esapi.codecs.CodecImmunityTest" time="0"/>
  <testcase name="testImmuneEncode[JavaScriptCodec Full_ALPHA_AND_SPECIALS (N)]" classname="org.owasp.esapi.codecs.CodecImmunityTest" time="0"/>
  <testcase name="testImmuneEncode[JavaScriptCodec Full_ALPHA_AND_SPECIALS (O)]" classname="org.owasp.esapi.codecs.CodecImmunityTest" time="0"/>
  <testcase name="testImmuneEncode[JavaScriptCodec Full_ALPHA_AND_SPECIALS (P)]" classname="org.owasp.esapi.codecs.CodecImmunityTest" time="0"/>
  <testcase name="testImmuneEncode[JavaScriptCodec Full_ALPHA_AND_SPECIALS (Q)]" classname="org.owasp.esapi.codecs.CodecImmunityTest" time="0"/>
  <testcase name="testImmuneEncode[JavaScriptCodec Full_ALPHA_AND_SPECIALS (R)]" classname="org.owasp.esapi.codecs.CodecImmunityTest" time="0"/>
  <testcase name="testImmuneEncode[JavaScriptCodec Full_ALPHA_AND_SPECIALS (S)]" classname="org.owasp.esapi.codecs.CodecImmunityTest" time="0"/>
  <testcase name="testImmuneEncode[JavaScriptCodec Full_ALPHA_AND_SPECIALS (T)]" classname="org.owasp.esapi.codecs.CodecImmunityTest" time="0"/>
  <testcase name="testImmuneEncode[JavaScriptCodec Full_ALPHA_AND_SPECIALS (U)]" classname="org.owasp.esapi.codecs.CodecImmunityTest" time="0"/>
  <testcase name="testImmuneEncode[JavaScriptCodec Full_ALPHA_AND_SPECIALS (V)]" classname="org.owasp.esapi.codecs.CodecImmunityTest" time="0"/>
  <testcase name="testImmuneEncode[JavaScriptCodec Full_ALPHA_AND_SPECIALS (W)]" classname="org.owasp.esapi.codecs.CodecImmunityTest" time="0"/>
  <testcase name="testImmuneEncode[JavaScriptCodec Full_ALPHA_AND_SPECIALS (X)]" classname="org.owasp.esapi.codecs.CodecImmunityTest" time="0"/>
  <testcase name="testImmuneEncode[JavaScriptCodec Full_ALPHA_AND_SPECIALS (Y)]" classname="org.owasp.esapi.codecs.CodecImmunityTest" time="0"/>
  <testcase name="testImmuneEncode[JavaScriptCodec Full_ALPHA_AND_SPECIALS (Z)]" classname="org.owasp.esapi.codecs.CodecImmunityTest" time="0"/>
  <testcase name="testImmuneEncode[JavaScriptCodec Full_ALPHA_AND_SPECIALS (^)]" classname="org.owasp.esapi.codecs.CodecImmunityTest" time="0"/>
  <testcase name="testImmuneEncode[JavaScriptCodec Full_ALPHA_AND_SPECIALS (_)]" classname="org.owasp.esapi.codecs.CodecImmunityTest" time="0"/>
  <testcase name="testImmuneEncode[JavaScriptCodec Full_ALPHA_AND_SPECIALS (a)]" classname="org.owasp.esapi.codecs.CodecImmunityTest" time="0"/>
  <testcase name="testImmuneEncode[JavaScriptCodec Full_ALPHA_AND_SPECIALS (b)]" classname="org.owasp.esapi.codecs.CodecImmunityTest" time="0"/>
  <testcase name="testImmuneEncode[JavaScriptCodec Full_ALPHA_AND_SPECIALS (c)]" classname="org.owasp.esapi.codecs.CodecImmunityTest" time="0"/>
  <testcase name="testImmuneEncode[JavaScriptCodec Full_ALPHA_AND_SPECIALS (d)]" classname="org.owasp.esapi.codecs.CodecImmunityTest" time="0"/>
  <testcase name="testImmuneEncode[JavaScriptCodec Full_ALPHA_AND_SPECIALS (e)]" classname="org.owasp.esapi.codecs.CodecImmunityTest" time="0"/>
  <testcase name="testImmuneEncode[JavaScriptCodec Full_ALPHA_AND_SPECIALS (f)]" classname="org.owasp.esapi.codecs.CodecImmunityTest" time="0"/>
  <testcase name="testImmuneEncode[JavaScriptCodec Full_ALPHA_AND_SPECIALS (g)]" classname="org.owasp.esapi.codecs.CodecImmunityTest" time="0"/>
  <testcase name="testImmuneEncode[JavaScriptCodec Full_ALPHA_AND_SPECIALS (h)]" classname="org.owasp.esapi.codecs.CodecImmunityTest" time="0"/>
  <testcase name="testImmuneEncode[JavaScriptCodec Full_ALPHA_AND_SPECIALS (i)]" classname="org.owasp.esapi.codecs.CodecImmunityTest" time="0"/>
  <testcase name="testImmuneEncode[JavaScriptCodec Full_ALPHA_AND_SPECIALS (j)]" classname="org.owasp.esapi.codecs.CodecImmunityTest" time="0"/>
  <testcase name="testImmuneEncode[JavaScriptCodec Full_ALPHA_AND_SPECIALS (k)]" classname="org.owasp.esapi.codecs.CodecImmunityTest" time="0"/>
  <testcase name="testImmuneEncode[JavaScriptCodec Full_ALPHA_AND_SPECIALS (l)]" classname="org.owasp.esapi.codecs.CodecImmunityTest" time="0"/>
  <testcase name="testImmuneEncode[JavaScriptCodec Full_ALPHA_AND_SPECIALS (m)]" classname="org.owasp.esapi.codecs.CodecImmunityTest" time="0"/>
  <testcase name="testImmuneEncode[JavaScriptCodec Full_ALPHA_AND_SPECIALS (n)]" classname="org.owasp.esapi.codecs.CodecImmunityTest" time="0"/>
  <testcase name="testImmuneEncode[JavaScriptCodec Full_ALPHA_AND_SPECIALS (o)]" classname="org.owasp.esapi.codecs.CodecImmunityTest" time="0"/>
  <testcase name="testImmuneEncode[JavaScriptCodec Full_ALPHA_AND_SPECIALS (p)]" classname="org.owasp.esapi.codecs.CodecImmunityTest" time="0"/>
  <testcase name="testImmuneEncode[JavaScriptCodec Full_ALPHA_AND_SPECIALS (q)]" classname="org.owasp.esapi.codecs.CodecImmunityTest" time="0"/>
  <testcase name="testImmuneEncode[JavaScriptCodec Full_ALPHA_AND_SPECIALS (r)]" classname="org.owasp.esapi.codecs.CodecImmunityTest" time="0"/>
  <testcase name="testImmuneEncode[JavaScriptCodec Full_ALPHA_AND_SPECIALS (s)]" classname="org.owasp.esapi.codecs.CodecImmunityTest" time="0"/>
  <testcase name="testImmuneEncode[JavaScriptCodec Full_ALPHA_AND_SPECIALS (t)]" classname="org.owasp.esapi.codecs.CodecImmunityTest" time="0"/>
  <testcase name="testImmuneEncode[JavaScriptCodec Full_ALPHA_AND_SPECIALS (u)]" classname="org.owasp.esapi.codecs.CodecImmunityTest" time="0"/>
  <testcase name="testImmuneEncode[JavaScriptCodec Full_ALPHA_AND_SPECIALS (v)]" classname="org.owasp.esapi.codecs.CodecImmunityTest" time="0"/>
  <testcase name="testImmuneEncode[JavaScriptCodec Full_ALPHA_AND_SPECIALS (w)]" classname="org.owasp.esapi.codecs.CodecImmunityTest" time="0"/>
  <testcase name="testImmuneEncode[JavaScriptCodec Full_ALPHA_AND_SPECIALS (x)]" classname="org.owasp.esapi.codecs.CodecImmunityTest" time="0"/>
  <testcase name="testImmuneEncode[JavaScriptCodec Full_ALPHA_AND_SPECIALS (y)]" classname="org.owasp.esapi.codecs.CodecImmunityTest" time="0"/>
  <testcase name="testImmuneEncode[JavaScriptCodec Full_ALPHA_AND_SPECIALS (z)]" classname="org.owasp.esapi.codecs.CodecImmunityTest" time="0"/>
  <testcase name="testImmuneEncode[JavaScriptCodec Full_ALPHA_AND_SPECIALS (|)]" classname="org.owasp.esapi.codecs.CodecImmunityTest" time="0"/>
  <testcase name="testImmuneEncode[JavaScriptCodec Full_ALPHA_AND_SPECIALS (~)]" classname="org.owasp.esapi.codecs.CodecImmunityTest" time="0"/>
  <testcase name="testImmuneEncode[MySQLCodec Full_ALPHA_AND_SPECIALS (!)]" classname="org.owasp.esapi.codecs.CodecImmunityTest" time="0"/>
  <testcase name="testImmuneEncode[MySQLCodec Full_ALPHA_AND_SPECIALS (!)]" classname="org.owasp.esapi.codecs.CodecImmunityTest" time="0"/>
  <testcase name="testImmuneEncode[MySQLCodec Full_ALPHA_AND_SPECIALS ($)]" classname="org.owasp.esapi.codecs.CodecImmunityTest" time="0"/>
  <testcase name="testImmuneEncode[MySQLCodec Full_ALPHA_AND_SPECIALS ($)]" classname="org.owasp.esapi.codecs.CodecImmunityTest" time="0"/>
  <testcase name="testImmuneEncode[MySQLCodec Full_ALPHA_AND_SPECIALS (*)]" classname="org.owasp.esapi.codecs.CodecImmunityTest" time="0"/>
  <testcase name="testImmuneEncode[MySQLCodec Full_ALPHA_AND_SPECIALS (*)]" classname="org.owasp.esapi.codecs.CodecImmunityTest" time="0"/>
  <testcase name="testImmuneEncode[MySQLCodec Full_ALPHA_AND_SPECIALS (+)]" classname="org.owasp.esapi.codecs.CodecImmunityTest" time="0"/>
  <testcase name="testImmuneEncode[MySQLCodec Full_ALPHA_AND_SPECIALS (+)]" classname="org.owasp.esapi.codecs.CodecImmunityTest" time="0"/>
  <testcase name="testImmuneEncode[MySQLCodec Full_ALPHA_AND_SPECIALS (-)]" classname="org.owasp.esapi.codecs.CodecImmunityTest" time="0"/>
  <testcase name="testImmuneEncode[MySQLCodec Full_ALPHA_AND_SPECIALS (-)]" classname="org.owasp.esapi.codecs.CodecImmunityTest" time="0"/>
  <testcase name="testImmuneEncode[MySQLCodec Full_ALPHA_AND_SPECIALS (.)]" classname="org.owasp.esapi.codecs.CodecImmunityTest" time="0"/>
  <testcase name="testImmuneEncode[MySQLCodec Full_ALPHA_AND_SPECIALS (.)]" classname="org.owasp.esapi.codecs.CodecImmunityTest" time="0"/>
  <testcase name="testImmuneEncode[MySQLCodec Full_ALPHA_AND_SPECIALS (0)]" classname="org.owasp.esapi.codecs.CodecImmunityTest" time="0"/>
  <testcase name="testImmuneEncode[MySQLCodec Full_ALPHA_AND_SPECIALS (0)]" classname="org.owasp.esapi.codecs.CodecImmunityTest" time="0"/>
  <testcase name="testImmuneEncode[MySQLCodec Full_ALPHA_AND_SPECIALS (1)]" classname="org.owasp.esapi.codecs.CodecImmunityTest" time="0"/>
  <testcase name="testImmuneEncode[MySQLCodec Full_ALPHA_AND_SPECIALS (1)]" classname="org.owasp.esapi.codecs.CodecImmunityTest" time="0"/>
  <testcase name="testImmuneEncode[MySQLCodec Full_ALPHA_AND_SPECIALS (2)]" classname="org.owasp.esapi.codecs.CodecImmunityTest" time="0"/>
  <testcase name="testImmuneEncode[MySQLCodec Full_ALPHA_AND_SPECIALS (2)]" classname="org.owasp.esapi.codecs.CodecImmunityTest" time="0"/>
  <testcase name="testImmuneEncode[MySQLCodec Full_ALPHA_AND_SPECIALS (3)]" classname="org.owasp.esapi.codecs.CodecImmunityTest" time="0"/>
  <testcase name="testImmuneEncode[MySQLCodec Full_ALPHA_AND_SPECIALS (3)]" classname="org.owasp.esapi.codecs.CodecImmunityTest" time="0"/>
  <testcase name="testImmuneEncode[MySQLCodec Full_ALPHA_AND_SPECIALS (4)]" classname="org.owasp.esapi.codecs.CodecImmunityTest" time="0"/>
  <testcase name="testImmuneEncode[MySQLCodec Full_ALPHA_AND_SPECIALS (4)]" classname="org.owasp.esapi.codecs.CodecImmunityTest" time="0"/>
  <testcase name="testImmuneEncode[MySQLCodec Full_ALPHA_AND_SPECIALS (5)]" classname="org.owasp.esapi.codecs.CodecImmunityTest" time="0"/>
  <testcase name="testImmuneEncode[MySQLCodec Full_ALPHA_AND_SPECIALS (5)]" classname="org.owasp.esapi.codecs.CodecImmunityTest" time="0"/>
  <testcase name="testImmuneEncode[MySQLCodec Full_ALPHA_AND_SPECIALS (6)]" classname="org.owasp.esapi.codecs.CodecImmunityTest" time="0"/>
  <testcase name="testImmuneEncode[MySQLCodec Full_ALPHA_AND_SPECIALS (6)]" classname="org.owasp.esapi.codecs.CodecImmunityTest" time="0"/>
  <testcase name="testImmuneEncode[MySQLCodec Full_ALPHA_AND_SPECIALS (7)]" classname="org.owasp.esapi.codecs.CodecImmunityTest" time="0"/>
  <testcase name="testImmuneEncode[MySQLCodec Full_ALPHA_AND_SPECIALS (7)]" classname="org.owasp.esapi.codecs.CodecImmunityTest" time="0"/>
  <testcase name="testImmuneEncode[MySQLCodec Full_ALPHA_AND_SPECIALS (8)]" classname="org.owasp.esapi.codecs.CodecImmunityTest" time="0"/>
  <testcase name="testImmuneEncode[MySQLCodec Full_ALPHA_AND_SPECIALS (8)]" classname="org.owasp.esapi.codecs.CodecImmunityTest" time="0"/>
  <testcase name="testImmuneEncode[MySQLCodec Full_ALPHA_AND_SPECIALS (9)]" classname="org.owasp.esapi.codecs.CodecImmunityTest" time="0"/>
  <testcase name="testImmuneEncode[MySQLCodec Full_ALPHA_AND_SPECIALS (9)]" classname="org.owasp.esapi.codecs.CodecImmunityTest" time="0"/>
  <testcase name="testImmuneEncode[MySQLCodec Full_ALPHA_AND_SPECIALS (=)]" classname="org.owasp.esapi.codecs.CodecImmunityTest" time="0"/>
  <testcase name="testImmuneEncode[MySQLCodec Full_ALPHA_AND_SPECIALS (=)]" classname="org.owasp.esapi.codecs.CodecImmunityTest" time="0"/>
  <testcase name="testImmuneEncode[MySQLCodec Full_ALPHA_AND_SPECIALS (?)]" classname="org.owasp.esapi.codecs.CodecImmunityTest" time="0"/>
  <testcase name="testImmuneEncode[MySQLCodec Full_ALPHA_AND_SPECIALS (?)]" classname="org.owasp.esapi.codecs.CodecImmunityTest" time="0"/>
  <testcase name="testImmuneEncode[MySQLCodec Full_ALPHA_AND_SPECIALS (@)]" classname="org.owasp.esapi.codecs.CodecImmunityTest" time="0"/>
  <testcase name="testImmuneEncode[MySQLCodec Full_ALPHA_AND_SPECIALS (@)]" classname="org.owasp.esapi.codecs.CodecImmunityTest" time="0"/>
  <testcase name="testImmuneEncode[MySQLCodec Full_ALPHA_AND_SPECIALS (A)]" classname="org.owasp.esapi.codecs.CodecImmunityTest" time="0"/>
  <testcase name="testImmuneEncode[MySQLCodec Full_ALPHA_AND_SPECIALS (A)]" classname="org.owasp.esapi.codecs.CodecImmunityTest" time="0"/>
  <testcase name="testImmuneEncode[MySQLCodec Full_ALPHA_AND_SPECIALS (B)]" classname="org.owasp.esapi.codecs.CodecImmunityTest" time="0"/>
  <testcase name="testImmuneEncode[MySQLCodec Full_ALPHA_AND_SPECIALS (B)]" classname="org.owasp.esapi.codecs.CodecImmunityTest" time="0"/>
  <testcase name="testImmuneEncode[MySQLCodec Full_ALPHA_AND_SPECIALS (C)]" classname="org.owasp.esapi.codecs.CodecImmunityTest" time="0"/>
  <testcase name="testImmuneEncode[MySQLCodec Full_ALPHA_AND_SPECIALS (C)]" classname="org.owasp.esapi.codecs.CodecImmunityTest" time="0"/>
  <testcase name="testImmuneEncode[MySQLCodec Full_ALPHA_AND_SPECIALS (D)]" classname="org.owasp.esapi.codecs.CodecImmunityTest" time="0"/>
  <testcase name="testImmuneEncode[MySQLCodec Full_ALPHA_AND_SPECIALS (D)]" classname="org.owasp.esapi.codecs.CodecImmunityTest" time="0"/>
  <testcase name="testImmuneEncode[MySQLCodec Full_ALPHA_AND_SPECIALS (E)]" classname="org.owasp.esapi.codecs.CodecImmunityTest" time="0"/>
  <testcase name="testImmuneEncode[MySQLCodec Full_ALPHA_AND_SPECIALS (E)]" classname="org.owasp.esapi.codecs.CodecImmunityTest" time="0"/>
  <testcase name="testImmuneEncode[MySQLCodec Full_ALPHA_AND_SPECIALS (F)]" classname="org.owasp.esapi.codecs.CodecImmunityTest" time="0"/>
  <testcase name="testImmuneEncode[MySQLCodec Full_ALPHA_AND_SPECIALS (F)]" classname="org.owasp.esapi.codecs.CodecImmunityTest" time="0"/>
  <testcase name="testImmuneEncode[MySQLCodec Full_ALPHA_AND_SPECIALS (G)]" classname="org.owasp.esapi.codecs.CodecImmunityTest" time="0"/>
  <testcase name="testImmuneEncode[MySQLCodec Full_ALPHA_AND_SPECIALS (G)]" classname="org.owasp.esapi.codecs.CodecImmunityTest" time="0"/>
  <testcase name="testImmuneEncode[MySQLCodec Full_ALPHA_AND_SPECIALS (H)]" classname="org.owasp.esapi.codecs.CodecImmunityTest" time="0"/>
  <testcase name="testImmuneEncode[MySQLCodec Full_ALPHA_AND_SPECIALS (H)]" classname="org.owasp.esapi.codecs.CodecImmunityTest" time="0"/>
  <testcase name="testImmuneEncode[MySQLCodec Full_ALPHA_AND_SPECIALS (I)]" classname="org.owasp.esapi.codecs.CodecImmunityTest" time="0"/>
  <testcase name="testImmuneEncode[MySQLCodec Full_ALPHA_AND_SPECIALS (I)]" classname="org.owasp.esapi.codecs.CodecImmunityTest" time="0"/>
  <testcase name="testImmuneEncode[MySQLCodec Full_ALPHA_AND_SPECIALS (J)]" classname="org.owasp.esapi.codecs.CodecImmunityTest" time="0"/>
  <testcase name="testImmuneEncode[MySQLCodec Full_ALPHA_AND_SPECIALS (J)]" classname="org.owasp.esapi.codecs.CodecImmunityTest" time="0"/>
  <testcase name="testImmuneEncode[MySQLCodec Full_ALPHA_AND_SPECIALS (K)]" classname="org.owasp.esapi.codecs.CodecImmunityTest" time="0"/>
  <testcase name="testImmuneEncode[MySQLCodec Full_ALPHA_AND_SPECIALS (K)]" classname="org.owasp.esapi.codecs.CodecImmunityTest" time="0"/>
  <testcase name="testImmuneEncode[MySQLCodec Full_ALPHA_AND_SPECIALS (L)]" classname="org.owasp.esapi.codecs.CodecImmunityTest" time="0"/>
  <testcase name="testImmuneEncode[MySQLCodec Full_ALPHA_AND_SPECIALS (L)]" classname="org.owasp.esapi.codecs.CodecImmunityTest" time="0"/>
  <testcase name="testImmuneEncode[MySQLCodec Full_ALPHA_AND_SPECIALS (M)]" classname="org.owasp.esapi.codecs.CodecImmunityTest" time="0"/>
  <testcase name="testImmuneEncode[MySQLCodec Full_ALPHA_AND_SPECIALS (M)]" classname="org.owasp.esapi.codecs.CodecImmunityTest" time="0"/>
  <testcase name="testImmuneEncode[MySQLCodec Full_ALPHA_AND_SPECIALS (N)]" classname="org.owasp.esapi.codecs.CodecImmunityTest" time="0"/>
  <testcase name="testImmuneEncode[MySQLCodec Full_ALPHA_AND_SPECIALS (N)]" classname="org.owasp.esapi.codecs.CodecImmunityTest" time="0"/>
  <testcase name="testImmuneEncode[MySQLCodec Full_ALPHA_AND_SPECIALS (O)]" classname="org.owasp.esapi.codecs.CodecImmunityTest" time="0"/>
  <testcase name="testImmuneEncode[MySQLCodec Full_ALPHA_AND_SPECIALS (O)]" classname="org.owasp.esapi.codecs.CodecImmunityTest" time="0"/>
  <testcase name="testImmuneEncode[MySQLCodec Full_ALPHA_AND_SPECIALS (P)]" classname="org.owasp.esapi.codecs.CodecImmunityTest" time="0.007"/>
  <testcase name="testImmuneEncode[MySQLCodec Full_ALPHA_AND_SPECIALS (P)]" classname="org.owasp.esapi.codecs.CodecImmunityTest" time="0"/>
  <testcase name="testImmuneEncode[MySQLCodec Full_ALPHA_AND_SPECIALS (Q)]" classname="org.owasp.esapi.codecs.CodecImmunityTest" time="0"/>
  <testcase name="testImmuneEncode[MySQLCodec Full_ALPHA_AND_SPECIALS (Q)]" classname="org.owasp.esapi.codecs.CodecImmunityTest" time="0"/>
  <testcase name="testImmuneEncode[MySQLCodec Full_ALPHA_AND_SPECIALS (R)]" classname="org.owasp.esapi.codecs.CodecImmunityTest" time="0"/>
  <testcase name="testImmuneEncode[MySQLCodec Full_ALPHA_AND_SPECIALS (R)]" classname="org.owasp.esapi.codecs.CodecImmunityTest" time="0"/>
  <testcase name="testImmuneEncode[MySQLCodec Full_ALPHA_AND_SPECIALS (S)]" classname="org.owasp.esapi.codecs.CodecImmunityTest" time="0"/>
  <testcase name="testImmuneEncode[MySQLCodec Full_ALPHA_AND_SPECIALS (S)]" classname="org.owasp.esapi.codecs.CodecImmunityTest" time="0"/>
  <testcase name="testImmuneEncode[MySQLCodec Full_ALPHA_AND_SPECIALS (T)]" classname="org.owasp.esapi.codecs.CodecImmunityTest" time="0"/>
  <testcase name="testImmuneEncode[MySQLCodec Full_ALPHA_AND_SPECIALS (T)]" classname="org.owasp.esapi.codecs.CodecImmunityTest" time="0"/>
  <testcase name="testImmuneEncode[MySQLCodec Full_ALPHA_AND_SPECIALS (U)]" classname="org.owasp.esapi.codecs.CodecImmunityTest" time="0"/>
  <testcase name="testImmuneEncode[MySQLCodec Full_ALPHA_AND_SPECIALS (U)]" classname="org.owasp.esapi.codecs.CodecImmunityTest" time="0"/>
  <testcase name="testImmuneEncode[MySQLCodec Full_ALPHA_AND_SPECIALS (V)]" classname="org.owasp.esapi.codecs.CodecImmunityTest" time="0"/>
  <testcase name="testImmuneEncode[MySQLCodec Full_ALPHA_AND_SPECIALS (V)]" classname="org.owasp.esapi.codecs.CodecImmunityTest" time="0"/>
  <testcase name="testImmuneEncode[MySQLCodec Full_ALPHA_AND_SPECIALS (W)]" classname="org.owasp.esapi.codecs.CodecImmunityTest" time="0"/>
  <testcase name="testImmuneEncode[MySQLCodec Full_ALPHA_AND_SPECIALS (W)]" classname="org.owasp.esapi.codecs.CodecImmunityTest" time="0"/>
  <testcase name="testImmuneEncode[MySQLCodec Full_ALPHA_AND_SPECIALS (X)]" classname="org.owasp.esapi.codecs.CodecImmunityTest" time="0"/>
  <testcase name="testImmuneEncode[MySQLCodec Full_ALPHA_AND_SPECIALS (X)]" classname="org.owasp.esapi.codecs.CodecImmunityTest" time="0"/>
  <testcase name="testImmuneEncode[MySQLCodec Full_ALPHA_AND_SPECIALS (Y)]" classname="org.owasp.esapi.codecs.CodecImmunityTest" time="0"/>
  <testcase name="testImmuneEncode[MySQLCodec Full_ALPHA_AND_SPECIALS (Y)]" classname="org.owasp.esapi.codecs.CodecImmunityTest" time="0"/>
  <testcase name="testImmuneEncode[MySQLCodec Full_ALPHA_AND_SPECIALS (Z)]" classname="org.owasp.esapi.codecs.CodecImmunityTest" time="0"/>
  <testcase name="testImmuneEncode[MySQLCodec Full_ALPHA_AND_SPECIALS (Z)]" classname="org.owasp.esapi.codecs.CodecImmunityTest" time="0"/>
  <testcase name="testImmuneEncode[MySQLCodec Full_ALPHA_AND_SPECIALS (^)]" classname="org.owasp.esapi.codecs.CodecImmunityTest" time="0"/>
  <testcase name="testImmuneEncode[MySQLCodec Full_ALPHA_AND_SPECIALS (^)]" classname="org.owasp.esapi.codecs.CodecImmunityTest" time="0"/>
  <testcase name="testImmuneEncode[MySQLCodec Full_ALPHA_AND_SPECIALS (_)]" classname="org.owasp.esapi.codecs.CodecImmunityTest" time="0"/>
  <testcase name="testImmuneEncode[MySQLCodec Full_ALPHA_AND_SPECIALS (_)]" classname="org.owasp.esapi.codecs.CodecImmunityTest" time="0"/>
  <testcase name="testImmuneEncode[MySQLCodec Full_ALPHA_AND_SPECIALS (a)]" classname="org.owasp.esapi.codecs.CodecImmunityTest" time="0"/>
  <testcase name="testImmuneEncode[MySQLCodec Full_ALPHA_AND_SPECIALS (a)]" classname="org.owasp.esapi.codecs.CodecImmunityTest" time="0"/>
  <testcase name="testImmuneEncode[MySQLCodec Full_ALPHA_AND_SPECIALS (b)]" classname="org.owasp.esapi.codecs.CodecImmunityTest" time="0"/>
  <testcase name="testImmuneEncode[MySQLCodec Full_ALPHA_AND_SPECIALS (b)]" classname="org.owasp.esapi.codecs.CodecImmunityTest" time="0"/>
  <testcase name="testImmuneEncode[MySQLCodec Full_ALPHA_AND_SPECIALS (c)]" classname="org.owasp.esapi.codecs.CodecImmunityTest" time="0"/>
  <testcase name="testImmuneEncode[MySQLCodec Full_ALPHA_AND_SPECIALS (c)]" classname="org.owasp.esapi.codecs.CodecImmunityTest" time="0"/>
  <testcase name="testImmuneEncode[MySQLCodec Full_ALPHA_AND_SPECIALS (d)]" classname="org.owasp.esapi.codecs.CodecImmunityTest" time="0"/>
  <testcase name="testImmuneEncode[MySQLCodec Full_ALPHA_AND_SPECIALS (d)]" classname="org.owasp.esapi.codecs.CodecImmunityTest" time="0"/>
  <testcase name="testImmuneEncode[MySQLCodec Full_ALPHA_AND_SPECIALS (e)]" classname="org.owasp.esapi.codecs.CodecImmunityTest" time="0"/>
  <testcase name="testImmuneEncode[MySQLCodec Full_ALPHA_AND_SPECIALS (e)]" classname="org.owasp.esapi.codecs.CodecImmunityTest" time="0"/>
  <testcase name="testImmuneEncode[MySQLCodec Full_ALPHA_AND_SPECIALS (f)]" classname="org.owasp.esapi.codecs.CodecImmunityTest" time="0"/>
  <testcase name="testImmuneEncode[MySQLCodec Full_ALPHA_AND_SPECIALS (f)]" classname="org.owasp.esapi.codecs.CodecImmunityTest" time="0"/>
  <testcase name="testImmuneEncode[MySQLCodec Full_ALPHA_AND_SPECIALS (g)]" classname="org.owasp.esapi.codecs.CodecImmunityTest" time="0"/>
  <testcase name="testImmuneEncode[MySQLCodec Full_ALPHA_AND_SPECIALS (g)]" classname="org.owasp.esapi.codecs.CodecImmunityTest" time="0"/>
  <testcase name="testImmuneEncode[MySQLCodec Full_ALPHA_AND_SPECIALS (h)]" classname="org.owasp.esapi.codecs.CodecImmunityTest" time="0"/>
  <testcase name="testImmuneEncode[MySQLCodec Full_ALPHA_AND_SPECIALS (h)]" classname="org.owasp.esapi.codecs.CodecImmunityTest" time="0"/>
  <testcase name="testImmuneEncode[MySQLCodec Full_ALPHA_AND_SPECIALS (i)]" classname="org.owasp.esapi.codecs.CodecImmunityTest" time="0"/>
  <testcase name="testImmuneEncode[MySQLCodec Full_ALPHA_AND_SPECIALS (i)]" classname="org.owasp.esapi.codecs.CodecImmunityTest" time="0"/>
  <testcase name="testImmuneEncode[MySQLCodec Full_ALPHA_AND_SPECIALS (j)]" classname="org.owasp.esapi.codecs.CodecImmunityTest" time="0"/>
  <testcase name="testImmuneEncode[MySQLCodec Full_ALPHA_AND_SPECIALS (j)]" classname="org.owasp.esapi.codecs.CodecImmunityTest" time="0"/>
  <testcase name="testImmuneEncode[MySQLCodec Full_ALPHA_AND_SPECIALS (k)]" classname="org.owasp.esapi.codecs.CodecImmunityTest" time="0"/>
  <testcase name="testImmuneEncode[MySQLCodec Full_ALPHA_AND_SPECIALS (k)]" classname="org.owasp.esapi.codecs.CodecImmunityTest" time="0"/>
  <testcase name="testImmuneEncode[MySQLCodec Full_ALPHA_AND_SPECIALS (l)]" classname="org.owasp.esapi.codecs.CodecImmunityTest" time="0"/>
  <testcase name="testImmuneEncode[MySQLCodec Full_ALPHA_AND_SPECIALS (l)]" classname="org.owasp.esapi.codecs.CodecImmunityTest" time="0"/>
  <testcase name="testImmuneEncode[MySQLCodec Full_ALPHA_AND_SPECIALS (m)]" classname="org.owasp.esapi.codecs.CodecImmunityTest" time="0"/>
  <testcase name="testImmuneEncode[MySQLCodec Full_ALPHA_AND_SPECIALS (m)]" classname="org.owasp.esapi.codecs.CodecImmunityTest" time="0"/>
  <testcase name="testImmuneEncode[MySQLCodec Full_ALPHA_AND_SPECIALS (n)]" classname="org.owasp.esapi.codecs.CodecImmunityTest" time="0"/>
  <testcase name="testImmuneEncode[MySQLCodec Full_ALPHA_AND_SPECIALS (n)]" classname="org.owasp.esapi.codecs.CodecImmunityTest" time="0"/>
  <testcase name="testImmuneEncode[MySQLCodec Full_ALPHA_AND_SPECIALS (o)]" classname="org.owasp.esapi.codecs.CodecImmunityTest" time="0"/>
  <testcase name="testImmuneEncode[MySQLCodec Full_ALPHA_AND_SPECIALS (o)]" classname="org.owasp.esapi.codecs.CodecImmunityTest" time="0.004"/>
  <testcase name="testImmuneEncode[MySQLCodec Full_ALPHA_AND_SPECIALS (p)]" classname="org.owasp.esapi.codecs.CodecImmunityTest" time="0"/>
  <testcase name="testImmuneEncode[MySQLCodec Full_ALPHA_AND_SPECIALS (p)]" classname="org.owasp.esapi.codecs.CodecImmunityTest" time="0"/>
  <testcase name="testImmuneEncode[MySQLCodec Full_ALPHA_AND_SPECIALS (q)]" classname="org.owasp.esapi.codecs.CodecImmunityTest" time="0"/>
  <testcase name="testImmuneEncode[MySQLCodec Full_ALPHA_AND_SPECIALS (q)]" classname="org.owasp.esapi.codecs.CodecImmunityTest" time="0"/>
  <testcase name="testImmuneEncode[MySQLCodec Full_ALPHA_AND_SPECIALS (r)]" classname="org.owasp.esapi.codecs.CodecImmunityTest" time="0"/>
  <testcase name="testImmuneEncode[MySQLCodec Full_ALPHA_AND_SPECIALS (r)]" classname="org.owasp.esapi.codecs.CodecImmunityTest" time="0"/>
  <testcase name="testImmuneEncode[MySQLCodec Full_ALPHA_AND_SPECIALS (s)]" classname="org.owasp.esapi.codecs.CodecImmunityTest" time="0"/>
  <testcase name="testImmuneEncode[MySQLCodec Full_ALPHA_AND_SPECIALS (s)]" classname="org.owasp.esapi.codecs.CodecImmunityTest" time="0"/>
  <testcase name="testImmuneEncode[MySQLCodec Full_ALPHA_AND_SPECIALS (t)]" classname="org.owasp.esapi.codecs.CodecImmunityTest" time="0"/>
  <testcase name="testImmuneEncode[MySQLCodec Full_ALPHA_AND_SPECIALS (t)]" classname="org.owasp.esapi.codecs.CodecImmunityTest" time="0"/>
  <testcase name="testImmuneEncode[MySQLCodec Full_ALPHA_AND_SPECIALS (u)]" classname="org.owasp.esapi.codecs.CodecImmunityTest" time="0"/>
  <testcase name="testImmuneEncode[MySQLCodec Full_ALPHA_AND_SPECIALS (u)]" classname="org.owasp.esapi.codecs.CodecImmunityTest" time="0"/>
  <testcase name="testImmuneEncode[MySQLCodec Full_ALPHA_AND_SPECIALS (v)]" classname="org.owasp.esapi.codecs.CodecImmunityTest" time="0"/>
  <testcase name="testImmuneEncode[MySQLCodec Full_ALPHA_AND_SPECIALS (v)]" classname="org.owasp.esapi.codecs.CodecImmunityTest" time="0"/>
  <testcase name="testImmuneEncode[MySQLCodec Full_ALPHA_AND_SPECIALS (w)]" classname="org.owasp.esapi.codecs.CodecImmunityTest" time="0"/>
  <testcase name="testImmuneEncode[MySQLCodec Full_ALPHA_AND_SPECIALS (w)]" classname="org.owasp.esapi.codecs.CodecImmunityTest" time="0"/>
  <testcase name="testImmuneEncode[MySQLCodec Full_ALPHA_AND_SPECIALS (x)]" classname="org.owasp.esapi.codecs.CodecImmunityTest" time="0"/>
  <testcase name="testImmuneEncode[MySQLCodec Full_ALPHA_AND_SPECIALS (x)]" classname="org.owasp.esapi.codecs.CodecImmunityTest" time="0"/>
  <testcase name="testImmuneEncode[MySQLCodec Full_ALPHA_AND_SPECIALS (y)]" classname="org.owasp.esapi.codecs.CodecImmunityTest" time="0"/>
  <testcase name="testImmuneEncode[MySQLCodec Full_ALPHA_AND_SPECIALS (y)]" classname="org.owasp.esapi.codecs.CodecImmunityTest" time="0"/>
  <testcase name="testImmuneEncode[MySQLCodec Full_ALPHA_AND_SPECIALS (z)]" classname="org.owasp.esapi.codecs.CodecImmunityTest" time="0"/>
  <testcase name="testImmuneEncode[MySQLCodec Full_ALPHA_AND_SPECIALS (z)]" classname="org.owasp.esapi.codecs.CodecImmunityTest" time="0"/>
  <testcase name="testImmuneEncode[MySQLCodec Full_ALPHA_AND_SPECIALS (|)]" classname="org.owasp.esapi.codecs.CodecImmunityTest" time="0"/>
  <testcase name="testImmuneEncode[MySQLCodec Full_ALPHA_AND_SPECIALS (|)]" classname="org.owasp.esapi.codecs.CodecImmunityTest" time="0"/>
  <testcase name="testImmuneEncode[MySQLCodec Full_ALPHA_AND_SPECIALS (~)]" classname="org.owasp.esapi.codecs.CodecImmunityTest" time="0"/>
  <testcase name="testImmuneEncode[MySQLCodec Full_ALPHA_AND_SPECIALS (~)]" classname="org.owasp.esapi.codecs.CodecImmunityTest" time="0"/>
  <testcase name="testImmuneEncode[OracleCodec Full_ALPHA_AND_SPECIALS (!)]" classname="org.owasp.esapi.codecs.CodecImmunityTest" time="0"/>
  <testcase name="testImmuneEncode[OracleCodec Full_ALPHA_AND_SPECIALS ($)]" classname="org.owasp.esapi.codecs.CodecImmunityTest" time="0"/>
  <testcase name="testImmuneEncode[OracleCodec Full_ALPHA_AND_SPECIALS (*)]" classname="org.owasp.esapi.codecs.CodecImmunityTest" time="0"/>
  <testcase name="testImmuneEncode[OracleCodec Full_ALPHA_AND_SPECIALS (+)]" classname="org.owasp.esapi.codecs.CodecImmunityTest" time="0"/>
  <testcase name="testImmuneEncode[OracleCodec Full_ALPHA_AND_SPECIALS (-)]" classname="org.owasp.esapi.codecs.CodecImmunityTest" time="0"/>
  <testcase name="testImmuneEncode[OracleCodec Full_ALPHA_AND_SPECIALS (.)]" classname="org.owasp.esapi.codecs.CodecImmunityTest" time="0"/>
  <testcase name="testImmuneEncode[OracleCodec Full_ALPHA_AND_SPECIALS (0)]" classname="org.owasp.esapi.codecs.CodecImmunityTest" time="0"/>
  <testcase name="testImmuneEncode[OracleCodec Full_ALPHA_AND_SPECIALS (1)]" classname="org.owasp.esapi.codecs.CodecImmunityTest" time="0"/>
  <testcase name="testImmuneEncode[OracleCodec Full_ALPHA_AND_SPECIALS (2)]" classname="org.owasp.esapi.codecs.CodecImmunityTest" time="0"/>
  <testcase name="testImmuneEncode[OracleCodec Full_ALPHA_AND_SPECIALS (3)]" classname="org.owasp.esapi.codecs.CodecImmunityTest" time="0"/>
  <testcase name="testImmuneEncode[OracleCodec Full_ALPHA_AND_SPECIALS (4)]" classname="org.owasp.esapi.codecs.CodecImmunityTest" time="0.016"/>
  <testcase name="testImmuneEncode[OracleCodec Full_ALPHA_AND_SPECIALS (5)]" classname="org.owasp.esapi.codecs.CodecImmunityTest" time="0"/>
  <testcase name="testImmuneEncode[OracleCodec Full_ALPHA_AND_SPECIALS (6)]" classname="org.owasp.esapi.codecs.CodecImmunityTest" time="0"/>
  <testcase name="testImmuneEncode[OracleCodec Full_ALPHA_AND_SPECIALS (7)]" classname="org.owasp.esapi.codecs.CodecImmunityTest" time="0"/>
  <testcase name="testImmuneEncode[OracleCodec Full_ALPHA_AND_SPECIALS (8)]" classname="org.owasp.esapi.codecs.CodecImmunityTest" time="0"/>
  <testcase name="testImmuneEncode[OracleCodec Full_ALPHA_AND_SPECIALS (9)]" classname="org.owasp.esapi.codecs.CodecImmunityTest" time="0"/>
  <testcase name="testImmuneEncode[OracleCodec Full_ALPHA_AND_SPECIALS (=)]" classname="org.owasp.esapi.codecs.CodecImmunityTest" time="0"/>
  <testcase name="testImmuneEncode[OracleCodec Full_ALPHA_AND_SPECIALS (?)]" classname="org.owasp.esapi.codecs.CodecImmunityTest" time="0"/>
  <testcase name="testImmuneEncode[OracleCodec Full_ALPHA_AND_SPECIALS (@)]" classname="org.owasp.esapi.codecs.CodecImmunityTest" time="0"/>
  <testcase name="testImmuneEncode[OracleCodec Full_ALPHA_AND_SPECIALS (A)]" classname="org.owasp.esapi.codecs.CodecImmunityTest" time="0"/>
  <testcase name="testImmuneEncode[OracleCodec Full_ALPHA_AND_SPECIALS (B)]" classname="org.owasp.esapi.codecs.CodecImmunityTest" time="0"/>
  <testcase name="testImmuneEncode[OracleCodec Full_ALPHA_AND_SPECIALS (C)]" classname="org.owasp.esapi.codecs.CodecImmunityTest" time="0"/>
  <testcase name="testImmuneEncode[OracleCodec Full_ALPHA_AND_SPECIALS (D)]" classname="org.owasp.esapi.codecs.CodecImmunityTest" time="0"/>
  <testcase name="testImmuneEncode[OracleCodec Full_ALPHA_AND_SPECIALS (E)]" classname="org.owasp.esapi.codecs.CodecImmunityTest" time="0"/>
  <testcase name="testImmuneEncode[OracleCodec Full_ALPHA_AND_SPECIALS (F)]" classname="org.owasp.esapi.codecs.CodecImmunityTest" time="0"/>
  <testcase name="testImmuneEncode[OracleCodec Full_ALPHA_AND_SPECIALS (G)]" classname="org.owasp.esapi.codecs.CodecImmunityTest" time="0"/>
  <testcase name="testImmuneEncode[OracleCodec Full_ALPHA_AND_SPECIALS (H)]" classname="org.owasp.esapi.codecs.CodecImmunityTest" time="0"/>
  <testcase name="testImmuneEncode[OracleCodec Full_ALPHA_AND_SPECIALS (I)]" classname="org.owasp.esapi.codecs.CodecImmunityTest" time="0"/>
  <testcase name="testImmuneEncode[OracleCodec Full_ALPHA_AND_SPECIALS (J)]" classname="org.owasp.esapi.codecs.CodecImmunityTest" time="0"/>
  <testcase name="testImmuneEncode[OracleCodec Full_ALPHA_AND_SPECIALS (K)]" classname="org.owasp.esapi.codecs.CodecImmunityTest" time="0"/>
  <testcase name="testImmuneEncode[OracleCodec Full_ALPHA_AND_SPECIALS (L)]" classname="org.owasp.esapi.codecs.CodecImmunityTest" time="0"/>
  <testcase name="testImmuneEncode[OracleCodec Full_ALPHA_AND_SPECIALS (M)]" classname="org.owasp.esapi.codecs.CodecImmunityTest" time="0"/>
  <testcase name="testImmuneEncode[OracleCodec Full_ALPHA_AND_SPECIALS (N)]" classname="org.owasp.esapi.codecs.CodecImmunityTest" time="0"/>
  <testcase name="testImmuneEncode[OracleCodec Full_ALPHA_AND_SPECIALS (O)]" classname="org.owasp.esapi.codecs.CodecImmunityTest" time="0"/>
  <testcase name="testImmuneEncode[OracleCodec Full_ALPHA_AND_SPECIALS (P)]" classname="org.owasp.esapi.codecs.CodecImmunityTest" time="0"/>
  <testcase name="testImmuneEncode[OracleCodec Full_ALPHA_AND_SPECIALS (Q)]" classname="org.owasp.esapi.codecs.CodecImmunityTest" time="0"/>
  <testcase name="testImmuneEncode[OracleCodec Full_ALPHA_AND_SPECIALS (R)]" classname="org.owasp.esapi.codecs.CodecImmunityTest" time="0"/>
  <testcase name="testImmuneEncode[OracleCodec Full_ALPHA_AND_SPECIALS (S)]" classname="org.owasp.esapi.codecs.CodecImmunityTest" time="0"/>
  <testcase name="testImmuneEncode[OracleCodec Full_ALPHA_AND_SPECIALS (T)]" classname="org.owasp.esapi.codecs.CodecImmunityTest" time="0"/>
  <testcase name="testImmuneEncode[OracleCodec Full_ALPHA_AND_SPECIALS (U)]" classname="org.owasp.esapi.codecs.CodecImmunityTest" time="0"/>
  <testcase name="testImmuneEncode[OracleCodec Full_ALPHA_AND_SPECIALS (V)]" classname="org.owasp.esapi.codecs.CodecImmunityTest" time="0"/>
  <testcase name="testImmuneEncode[OracleCodec Full_ALPHA_AND_SPECIALS (W)]" classname="org.owasp.esapi.codecs.CodecImmunityTest" time="0"/>
  <testcase name="testImmuneEncode[OracleCodec Full_ALPHA_AND_SPECIALS (X)]" classname="org.owasp.esapi.codecs.CodecImmunityTest" time="0"/>
  <testcase name="testImmuneEncode[OracleCodec Full_ALPHA_AND_SPECIALS (Y)]" classname="org.owasp.esapi.codecs.CodecImmunityTest" time="0"/>
  <testcase name="testImmuneEncode[OracleCodec Full_ALPHA_AND_SPECIALS (Z)]" classname="org.owasp.esapi.codecs.CodecImmunityTest" time="0"/>
  <testcase name="testImmuneEncode[OracleCodec Full_ALPHA_AND_SPECIALS (^)]" classname="org.owasp.esapi.codecs.CodecImmunityTest" time="0"/>
  <testcase name="testImmuneEncode[OracleCodec Full_ALPHA_AND_SPECIALS (_)]" classname="org.owasp.esapi.codecs.CodecImmunityTest" time="0"/>
  <testcase name="testImmuneEncode[OracleCodec Full_ALPHA_AND_SPECIALS (a)]" classname="org.owasp.esapi.codecs.CodecImmunityTest" time="0"/>
  <testcase name="testImmuneEncode[OracleCodec Full_ALPHA_AND_SPECIALS (b)]" classname="org.owasp.esapi.codecs.CodecImmunityTest" time="0"/>
  <testcase name="testImmuneEncode[OracleCodec Full_ALPHA_AND_SPECIALS (c)]" classname="org.owasp.esapi.codecs.CodecImmunityTest" time="0"/>
  <testcase name="testImmuneEncode[OracleCodec Full_ALPHA_AND_SPECIALS (d)]" classname="org.owasp.esapi.codecs.CodecImmunityTest" time="0"/>
  <testcase name="testImmuneEncode[OracleCodec Full_ALPHA_AND_SPECIALS (e)]" classname="org.owasp.esapi.codecs.CodecImmunityTest" time="0"/>
  <testcase name="testImmuneEncode[OracleCodec Full_ALPHA_AND_SPECIALS (f)]" classname="org.owasp.esapi.codecs.CodecImmunityTest" time="0"/>
  <testcase name="testImmuneEncode[OracleCodec Full_ALPHA_AND_SPECIALS (g)]" classname="org.owasp.esapi.codecs.CodecImmunityTest" time="0"/>
  <testcase name="testImmuneEncode[OracleCodec Full_ALPHA_AND_SPECIALS (h)]" classname="org.owasp.esapi.codecs.CodecImmunityTest" time="0"/>
  <testcase name="testImmuneEncode[OracleCodec Full_ALPHA_AND_SPECIALS (i)]" classname="org.owasp.esapi.codecs.CodecImmunityTest" time="0"/>
  <testcase name="testImmuneEncode[OracleCodec Full_ALPHA_AND_SPECIALS (j)]" classname="org.owasp.esapi.codecs.CodecImmunityTest" time="0"/>
  <testcase name="testImmuneEncode[OracleCodec Full_ALPHA_AND_SPECIALS (k)]" classname="org.owasp.esapi.codecs.CodecImmunityTest" time="0"/>
  <testcase name="testImmuneEncode[OracleCodec Full_ALPHA_AND_SPECIALS (l)]" classname="org.owasp.esapi.codecs.CodecImmunityTest" time="0"/>
  <testcase name="testImmuneEncode[OracleCodec Full_ALPHA_AND_SPECIALS (m)]" classname="org.owasp.esapi.codecs.CodecImmunityTest" time="0"/>
  <testcase name="testImmuneEncode[OracleCodec Full_ALPHA_AND_SPECIALS (n)]" classname="org.owasp.esapi.codecs.CodecImmunityTest" time="0"/>
  <testcase name="testImmuneEncode[OracleCodec Full_ALPHA_AND_SPECIALS (o)]" classname="org.owasp.esapi.codecs.CodecImmunityTest" time="0"/>
  <testcase name="testImmuneEncode[OracleCodec Full_ALPHA_AND_SPECIALS (p)]" classname="org.owasp.esapi.codecs.CodecImmunityTest" time="0"/>
  <testcase name="testImmuneEncode[OracleCodec Full_ALPHA_AND_SPECIALS (q)]" classname="org.owasp.esapi.codecs.CodecImmunityTest" time="0"/>
  <testcase name="testImmuneEncode[OracleCodec Full_ALPHA_AND_SPECIALS (r)]" classname="org.owasp.esapi.codecs.CodecImmunityTest" time="0"/>
  <testcase name="testImmuneEncode[OracleCodec Full_ALPHA_AND_SPECIALS (s)]" classname="org.owasp.esapi.codecs.CodecImmunityTest" time="0"/>
  <testcase name="testImmuneEncode[OracleCodec Full_ALPHA_AND_SPECIALS (t)]" classname="org.owasp.esapi.codecs.CodecImmunityTest" time="0"/>
  <testcase name="testImmuneEncode[OracleCodec Full_ALPHA_AND_SPECIALS (u)]" classname="org.owasp.esapi.codecs.CodecImmunityTest" time="0"/>
  <testcase name="testImmuneEncode[OracleCodec Full_ALPHA_AND_SPECIALS (v)]" classname="org.owasp.esapi.codecs.CodecImmunityTest" time="0"/>
  <testcase name="testImmuneEncode[OracleCodec Full_ALPHA_AND_SPECIALS (w)]" classname="org.owasp.esapi.codecs.CodecImmunityTest" time="0"/>
  <testcase name="testImmuneEncode[OracleCodec Full_ALPHA_AND_SPECIALS (x)]" classname="org.owasp.esapi.codecs.CodecImmunityTest" time="0"/>
  <testcase name="testImmuneEncode[OracleCodec Full_ALPHA_AND_SPECIALS (y)]" classname="org.owasp.esapi.codecs.CodecImmunityTest" time="0"/>
  <testcase name="testImmuneEncode[OracleCodec Full_ALPHA_AND_SPECIALS (z)]" classname="org.owasp.esapi.codecs.CodecImmunityTest" time="0"/>
  <testcase name="testImmuneEncode[OracleCodec Full_ALPHA_AND_SPECIALS (|)]" classname="org.owasp.esapi.codecs.CodecImmunityTest" time="0"/>
  <testcase name="testImmuneEncode[OracleCodec Full_ALPHA_AND_SPECIALS (~)]" classname="org.owasp.esapi.codecs.CodecImmunityTest" time="0"/>
  <testcase name="testImmuneEncode[PercentCodec Full_ALPHA_AND_SPECIALS (!)]" classname="org.owasp.esapi.codecs.CodecImmunityTest" time="0"/>
  <testcase name="testImmuneEncode[PercentCodec Full_ALPHA_AND_SPECIALS ($)]" classname="org.owasp.esapi.codecs.CodecImmunityTest" time="0"/>
  <testcase name="testImmuneEncode[PercentCodec Full_ALPHA_AND_SPECIALS (*)]" classname="org.owasp.esapi.codecs.CodecImmunityTest" time="0"/>
  <testcase name="testImmuneEncode[PercentCodec Full_ALPHA_AND_SPECIALS (+)]" classname="org.owasp.esapi.codecs.CodecImmunityTest" time="0"/>
  <testcase name="testImmuneEncode[PercentCodec Full_ALPHA_AND_SPECIALS (-)]" classname="org.owasp.esapi.codecs.CodecImmunityTest" time="0"/>
  <testcase name="testImmuneEncode[PercentCodec Full_ALPHA_AND_SPECIALS (.)]" classname="org.owasp.esapi.codecs.CodecImmunityTest" time="0"/>
  <testcase name="testImmuneEncode[PercentCodec Full_ALPHA_AND_SPECIALS (0)]" classname="org.owasp.esapi.codecs.CodecImmunityTest" time="0"/>
  <testcase name="testImmuneEncode[PercentCodec Full_ALPHA_AND_SPECIALS (1)]" classname="org.owasp.esapi.codecs.CodecImmunityTest" time="0"/>
  <testcase name="testImmuneEncode[PercentCodec Full_ALPHA_AND_SPECIALS (2)]" classname="org.owasp.esapi.codecs.CodecImmunityTest" time="0"/>
  <testcase name="testImmuneEncode[PercentCodec Full_ALPHA_AND_SPECIALS (3)]" classname="org.owasp.esapi.codecs.CodecImmunityTest" time="0"/>
  <testcase name="testImmuneEncode[PercentCodec Full_ALPHA_AND_SPECIALS (4)]" classname="org.owasp.esapi.codecs.CodecImmunityTest" time="0"/>
  <testcase name="testImmuneEncode[PercentCodec Full_ALPHA_AND_SPECIALS (5)]" classname="org.owasp.esapi.codecs.CodecImmunityTest" time="0"/>
  <testcase name="testImmuneEncode[PercentCodec Full_ALPHA_AND_SPECIALS (6)]" classname="org.owasp.esapi.codecs.CodecImmunityTest" time="0"/>
  <testcase name="testImmuneEncode[PercentCodec Full_ALPHA_AND_SPECIALS (7)]" classname="org.owasp.esapi.codecs.CodecImmunityTest" time="0"/>
  <testcase name="testImmuneEncode[PercentCodec Full_ALPHA_AND_SPECIALS (8)]" classname="org.owasp.esapi.codecs.CodecImmunityTest" time="0"/>
  <testcase name="testImmuneEncode[PercentCodec Full_ALPHA_AND_SPECIALS (9)]" classname="org.owasp.esapi.codecs.CodecImmunityTest" time="0"/>
  <testcase name="testImmuneEncode[PercentCodec Full_ALPHA_AND_SPECIALS (=)]" classname="org.owasp.esapi.codecs.CodecImmunityTest" time="0"/>
  <testcase name="testImmuneEncode[PercentCodec Full_ALPHA_AND_SPECIALS (?)]" classname="org.owasp.esapi.codecs.CodecImmunityTest" time="0"/>
  <testcase name="testImmuneEncode[PercentCodec Full_ALPHA_AND_SPECIALS (@)]" classname="org.owasp.esapi.codecs.CodecImmunityTest" time="0"/>
  <testcase name="testImmuneEncode[PercentCodec Full_ALPHA_AND_SPECIALS (A)]" classname="org.owasp.esapi.codecs.CodecImmunityTest" time="0"/>
  <testcase name="testImmuneEncode[PercentCodec Full_ALPHA_AND_SPECIALS (B)]" classname="org.owasp.esapi.codecs.CodecImmunityTest" time="0"/>
  <testcase name="testImmuneEncode[PercentCodec Full_ALPHA_AND_SPECIALS (C)]" classname="org.owasp.esapi.codecs.CodecImmunityTest" time="0"/>
  <testcase name="testImmuneEncode[PercentCodec Full_ALPHA_AND_SPECIALS (D)]" classname="org.owasp.esapi.codecs.CodecImmunityTest" time="0"/>
  <testcase name="testImmuneEncode[PercentCodec Full_ALPHA_AND_SPECIALS (E)]" classname="org.owasp.esapi.codecs.CodecImmunityTest" time="0"/>
  <testcase name="testImmuneEncode[PercentCodec Full_ALPHA_AND_SPECIALS (F)]" classname="org.owasp.esapi.codecs.CodecImmunityTest" time="0"/>
  <testcase name="testImmuneEncode[PercentCodec Full_ALPHA_AND_SPECIALS (G)]" classname="org.owasp.esapi.codecs.CodecImmunityTest" time="0"/>
  <testcase name="testImmuneEncode[PercentCodec Full_ALPHA_AND_SPECIALS (H)]" classname="org.owasp.esapi.codecs.CodecImmunityTest" time="0"/>
  <testcase name="testImmuneEncode[PercentCodec Full_ALPHA_AND_SPECIALS (I)]" classname="org.owasp.esapi.codecs.CodecImmunityTest" time="0"/>
  <testcase name="testImmuneEncode[PercentCodec Full_ALPHA_AND_SPECIALS (J)]" classname="org.owasp.esapi.codecs.CodecImmunityTest" time="0"/>
  <testcase name="testImmuneEncode[PercentCodec Full_ALPHA_AND_SPECIALS (K)]" classname="org.owasp.esapi.codecs.CodecImmunityTest" time="0"/>
  <testcase name="testImmuneEncode[PercentCodec Full_ALPHA_AND_SPECIALS (L)]" classname="org.owasp.esapi.codecs.CodecImmunityTest" time="0"/>
  <testcase name="testImmuneEncode[PercentCodec Full_ALPHA_AND_SPECIALS (M)]" classname="org.owasp.esapi.codecs.CodecImmunityTest" time="0"/>
  <testcase name="testImmuneEncode[PercentCodec Full_ALPHA_AND_SPECIALS (N)]" classname="org.owasp.esapi.codecs.CodecImmunityTest" time="0"/>
  <testcase name="testImmuneEncode[PercentCodec Full_ALPHA_AND_SPECIALS (O)]" classname="org.owasp.esapi.codecs.CodecImmunityTest" time="0"/>
  <testcase name="testImmuneEncode[PercentCodec Full_ALPHA_AND_SPECIALS (P)]" classname="org.owasp.esapi.codecs.CodecImmunityTest" time="0"/>
  <testcase name="testImmuneEncode[PercentCodec Full_ALPHA_AND_SPECIALS (Q)]" classname="org.owasp.esapi.codecs.CodecImmunityTest" time="0"/>
  <testcase name="testImmuneEncode[PercentCodec Full_ALPHA_AND_SPECIALS (R)]" classname="org.owasp.esapi.codecs.CodecImmunityTest" time="0"/>
  <testcase name="testImmuneEncode[PercentCodec Full_ALPHA_AND_SPECIALS (S)]" classname="org.owasp.esapi.codecs.CodecImmunityTest" time="0"/>
  <testcase name="testImmuneEncode[PercentCodec Full_ALPHA_AND_SPECIALS (T)]" classname="org.owasp.esapi.codecs.CodecImmunityTest" time="0"/>
  <testcase name="testImmuneEncode[PercentCodec Full_ALPHA_AND_SPECIALS (U)]" classname="org.owasp.esapi.codecs.CodecImmunityTest" time="0"/>
  <testcase name="testImmuneEncode[PercentCodec Full_ALPHA_AND_SPECIALS (V)]" classname="org.owasp.esapi.codecs.CodecImmunityTest" time="0"/>
  <testcase name="testImmuneEncode[PercentCodec Full_ALPHA_AND_SPECIALS (W)]" classname="org.owasp.esapi.codecs.CodecImmunityTest" time="0"/>
  <testcase name="testImmuneEncode[PercentCodec Full_ALPHA_AND_SPECIALS (X)]" classname="org.owasp.esapi.codecs.CodecImmunityTest" time="0"/>
  <testcase name="testImmuneEncode[PercentCodec Full_ALPHA_AND_SPECIALS (Y)]" classname="org.owasp.esapi.codecs.CodecImmunityTest" time="0"/>
  <testcase name="testImmuneEncode[PercentCodec Full_ALPHA_AND_SPECIALS (Z)]" classname="org.owasp.esapi.codecs.CodecImmunityTest" time="0.004"/>
  <testcase name="testImmuneEncode[PercentCodec Full_ALPHA_AND_SPECIALS (^)]" classname="org.owasp.esapi.codecs.CodecImmunityTest" time="0"/>
  <testcase name="testImmuneEncode[PercentCodec Full_ALPHA_AND_SPECIALS (_)]" classname="org.owasp.esapi.codecs.CodecImmunityTest" time="0"/>
  <testcase name="testImmuneEncode[PercentCodec Full_ALPHA_AND_SPECIALS (a)]" classname="org.owasp.esapi.codecs.CodecImmunityTest" time="0"/>
  <testcase name="testImmuneEncode[PercentCodec Full_ALPHA_AND_SPECIALS (b)]" classname="org.owasp.esapi.codecs.CodecImmunityTest" time="0"/>
  <testcase name="testImmuneEncode[PercentCodec Full_ALPHA_AND_SPECIALS (c)]" classname="org.owasp.esapi.codecs.CodecImmunityTest" time="0"/>
  <testcase name="testImmuneEncode[PercentCodec Full_ALPHA_AND_SPECIALS (d)]" classname="org.owasp.esapi.codecs.CodecImmunityTest" time="0"/>
  <testcase name="testImmuneEncode[PercentCodec Full_ALPHA_AND_SPECIALS (e)]" classname="org.owasp.esapi.codecs.CodecImmunityTest" time="0"/>
  <testcase name="testImmuneEncode[PercentCodec Full_ALPHA_AND_SPECIALS (f)]" classname="org.owasp.esapi.codecs.CodecImmunityTest" time="0"/>
  <testcase name="testImmuneEncode[PercentCodec Full_ALPHA_AND_SPECIALS (g)]" classname="org.owasp.esapi.codecs.CodecImmunityTest" time="0"/>
  <testcase name="testImmuneEncode[PercentCodec Full_ALPHA_AND_SPECIALS (h)]" classname="org.owasp.esapi.codecs.CodecImmunityTest" time="0"/>
  <testcase name="testImmuneEncode[PercentCodec Full_ALPHA_AND_SPECIALS (i)]" classname="org.owasp.esapi.codecs.CodecImmunityTest" time="0.003"/>
  <testcase name="testImmuneEncode[PercentCodec Full_ALPHA_AND_SPECIALS (j)]" classname="org.owasp.esapi.codecs.CodecImmunityTest" time="0"/>
  <testcase name="testImmuneEncode[PercentCodec Full_ALPHA_AND_SPECIALS (k)]" classname="org.owasp.esapi.codecs.CodecImmunityTest" time="0"/>
  <testcase name="testImmuneEncode[PercentCodec Full_ALPHA_AND_SPECIALS (l)]" classname="org.owasp.esapi.codecs.CodecImmunityTest" time="0"/>
  <testcase name="testImmuneEncode[PercentCodec Full_ALPHA_AND_SPECIALS (m)]" classname="org.owasp.esapi.codecs.CodecImmunityTest" time="0"/>
  <testcase name="testImmuneEncode[PercentCodec Full_ALPHA_AND_SPECIALS (n)]" classname="org.owasp.esapi.codecs.CodecImmunityTest" time="0"/>
  <testcase name="testImmuneEncode[PercentCodec Full_ALPHA_AND_SPECIALS (o)]" classname="org.owasp.esapi.codecs.CodecImmunityTest" time="0"/>
  <testcase name="testImmuneEncode[PercentCodec Full_ALPHA_AND_SPECIALS (p)]" classname="org.owasp.esapi.codecs.CodecImmunityTest" time="0"/>
  <testcase name="testImmuneEncode[PercentCodec Full_ALPHA_AND_SPECIALS (q)]" classname="org.owasp.esapi.codecs.CodecImmunityTest" time="0"/>
  <testcase name="testImmuneEncode[PercentCodec Full_ALPHA_AND_SPECIALS (r)]" classname="org.owasp.esapi.codecs.CodecImmunityTest" time="0"/>
  <testcase name="testImmuneEncode[PercentCodec Full_ALPHA_AND_SPECIALS (s)]" classname="org.owasp.esapi.codecs.CodecImmunityTest" time="0"/>
  <testcase name="testImmuneEncode[PercentCodec Full_ALPHA_AND_SPECIALS (t)]" classname="org.owasp.esapi.codecs.CodecImmunityTest" time="0"/>
  <testcase name="testImmuneEncode[PercentCodec Full_ALPHA_AND_SPECIALS (u)]" classname="org.owasp.esapi.codecs.CodecImmunityTest" time="0"/>
  <testcase name="testImmuneEncode[PercentCodec Full_ALPHA_AND_SPECIALS (v)]" classname="org.owasp.esapi.codecs.CodecImmunityTest" time="0"/>
  <testcase name="testImmuneEncode[PercentCodec Full_ALPHA_AND_SPECIALS (w)]" classname="org.owasp.esapi.codecs.CodecImmunityTest" time="0"/>
  <testcase name="testImmuneEncode[PercentCodec Full_ALPHA_AND_SPECIALS (x)]" classname="org.owasp.esapi.codecs.CodecImmunityTest" time="0"/>
  <testcase name="testImmuneEncode[PercentCodec Full_ALPHA_AND_SPECIALS (y)]" classname="org.owasp.esapi.codecs.CodecImmunityTest" time="0"/>
  <testcase name="testImmuneEncode[PercentCodec Full_ALPHA_AND_SPECIALS (z)]" classname="org.owasp.esapi.codecs.CodecImmunityTest" time="0"/>
  <testcase name="testImmuneEncode[PercentCodec Full_ALPHA_AND_SPECIALS (|)]" classname="org.owasp.esapi.codecs.CodecImmunityTest" time="0"/>
  <testcase name="testImmuneEncode[PercentCodec Full_ALPHA_AND_SPECIALS (~)]" classname="org.owasp.esapi.codecs.CodecImmunityTest" time="0"/>
  <testcase name="testImmuneEncode[UnixCodec Full_ALPHA_AND_SPECIALS (!)]" classname="org.owasp.esapi.codecs.CodecImmunityTest" time="0"/>
  <testcase name="testImmuneEncode[UnixCodec Full_ALPHA_AND_SPECIALS ($)]" classname="org.owasp.esapi.codecs.CodecImmunityTest" time="0"/>
  <testcase name="testImmuneEncode[UnixCodec Full_ALPHA_AND_SPECIALS (*)]" classname="org.owasp.esapi.codecs.CodecImmunityTest" time="0"/>
  <testcase name="testImmuneEncode[UnixCodec Full_ALPHA_AND_SPECIALS (+)]" classname="org.owasp.esapi.codecs.CodecImmunityTest" time="0"/>
  <testcase name="testImmuneEncode[UnixCodec Full_ALPHA_AND_SPECIALS (-)]" classname="org.owasp.esapi.codecs.CodecImmunityTest" time="0"/>
  <testcase name="testImmuneEncode[UnixCodec Full_ALPHA_AND_SPECIALS (.)]" classname="org.owasp.esapi.codecs.CodecImmunityTest" time="0"/>
  <testcase name="testImmuneEncode[UnixCodec Full_ALPHA_AND_SPECIALS (0)]" classname="org.owasp.esapi.codecs.CodecImmunityTest" time="0"/>
  <testcase name="testImmuneEncode[UnixCodec Full_ALPHA_AND_SPECIALS (1)]" classname="org.owasp.esapi.codecs.CodecImmunityTest" time="0"/>
  <testcase name="testImmuneEncode[UnixCodec Full_ALPHA_AND_SPECIALS (2)]" classname="org.owasp.esapi.codecs.CodecImmunityTest" time="0"/>
  <testcase name="testImmuneEncode[UnixCodec Full_ALPHA_AND_SPECIALS (3)]" classname="org.owasp.esapi.codecs.CodecImmunityTest" time="0"/>
  <testcase name="testImmuneEncode[UnixCodec Full_ALPHA_AND_SPECIALS (4)]" classname="org.owasp.esapi.codecs.CodecImmunityTest" time="0"/>
  <testcase name="testImmuneEncode[UnixCodec Full_ALPHA_AND_SPECIALS (5)]" classname="org.owasp.esapi.codecs.CodecImmunityTest" time="0"/>
  <testcase name="testImmuneEncode[UnixCodec Full_ALPHA_AND_SPECIALS (6)]" classname="org.owasp.esapi.codecs.CodecImmunityTest" time="0"/>
  <testcase name="testImmuneEncode[UnixCodec Full_ALPHA_AND_SPECIALS (7)]" classname="org.owasp.esapi.codecs.CodecImmunityTest" time="0"/>
  <testcase name="testImmuneEncode[UnixCodec Full_ALPHA_AND_SPECIALS (8)]" classname="org.owasp.esapi.codecs.CodecImmunityTest" time="0"/>
  <testcase name="testImmuneEncode[UnixCodec Full_ALPHA_AND_SPECIALS (9)]" classname="org.owasp.esapi.codecs.CodecImmunityTest" time="0"/>
  <testcase name="testImmuneEncode[UnixCodec Full_ALPHA_AND_SPECIALS (=)]" classname="org.owasp.esapi.codecs.CodecImmunityTest" time="0"/>
  <testcase name="testImmuneEncode[UnixCodec Full_ALPHA_AND_SPECIALS (?)]" classname="org.owasp.esapi.codecs.CodecImmunityTest" time="0"/>
  <testcase name="testImmuneEncode[UnixCodec Full_ALPHA_AND_SPECIALS (@)]" classname="org.owasp.esapi.codecs.CodecImmunityTest" time="0"/>
  <testcase name="testImmuneEncode[UnixCodec Full_ALPHA_AND_SPECIALS (A)]" classname="org.owasp.esapi.codecs.CodecImmunityTest" time="0"/>
  <testcase name="testImmuneEncode[UnixCodec Full_ALPHA_AND_SPECIALS (B)]" classname="org.owasp.esapi.codecs.CodecImmunityTest" time="0"/>
  <testcase name="testImmuneEncode[UnixCodec Full_ALPHA_AND_SPECIALS (C)]" classname="org.owasp.esapi.codecs.CodecImmunityTest" time="0"/>
  <testcase name="testImmuneEncode[UnixCodec Full_ALPHA_AND_SPECIALS (D)]" classname="org.owasp.esapi.codecs.CodecImmunityTest" time="0"/>
  <testcase name="testImmuneEncode[UnixCodec Full_ALPHA_AND_SPECIALS (E)]" classname="org.owasp.esapi.codecs.CodecImmunityTest" time="0"/>
  <testcase name="testImmuneEncode[UnixCodec Full_ALPHA_AND_SPECIALS (F)]" classname="org.owasp.esapi.codecs.CodecImmunityTest" time="0"/>
  <testcase name="testImmuneEncode[UnixCodec Full_ALPHA_AND_SPECIALS (G)]" classname="org.owasp.esapi.codecs.CodecImmunityTest" time="0"/>
  <testcase name="testImmuneEncode[UnixCodec Full_ALPHA_AND_SPECIALS (H)]" classname="org.owasp.esapi.codecs.CodecImmunityTest" time="0"/>
  <testcase name="testImmuneEncode[UnixCodec Full_ALPHA_AND_SPECIALS (I)]" classname="org.owasp.esapi.codecs.CodecImmunityTest" time="0"/>
  <testcase name="testImmuneEncode[UnixCodec Full_ALPHA_AND_SPECIALS (J)]" classname="org.owasp.esapi.codecs.CodecImmunityTest" time="0"/>
  <testcase name="testImmuneEncode[UnixCodec Full_ALPHA_AND_SPECIALS (K)]" classname="org.owasp.esapi.codecs.CodecImmunityTest" time="0"/>
  <testcase name="testImmuneEncode[UnixCodec Full_ALPHA_AND_SPECIALS (L)]" classname="org.owasp.esapi.codecs.CodecImmunityTest" time="0"/>
  <testcase name="testImmuneEncode[UnixCodec Full_ALPHA_AND_SPECIALS (M)]" classname="org.owasp.esapi.codecs.CodecImmunityTest" time="0"/>
  <testcase name="testImmuneEncode[UnixCodec Full_ALPHA_AND_SPECIALS (N)]" classname="org.owasp.esapi.codecs.CodecImmunityTest" time="0"/>
  <testcase name="testImmuneEncode[UnixCodec Full_ALPHA_AND_SPECIALS (O)]" classname="org.owasp.esapi.codecs.CodecImmunityTest" time="0"/>
  <testcase name="testImmuneEncode[UnixCodec Full_ALPHA_AND_SPECIALS (P)]" classname="org.owasp.esapi.codecs.CodecImmunityTest" time="0"/>
  <testcase name="testImmuneEncode[UnixCodec Full_ALPHA_AND_SPECIALS (Q)]" classname="org.owasp.esapi.codecs.CodecImmunityTest" time="0"/>
  <testcase name="testImmuneEncode[UnixCodec Full_ALPHA_AND_SPECIALS (R)]" classname="org.owasp.esapi.codecs.CodecImmunityTest" time="0"/>
  <testcase name="testImmuneEncode[UnixCodec Full_ALPHA_AND_SPECIALS (S)]" classname="org.owasp.esapi.codecs.CodecImmunityTest" time="0"/>
  <testcase name="testImmuneEncode[UnixCodec Full_ALPHA_AND_SPECIALS (T)]" classname="org.owasp.esapi.codecs.CodecImmunityTest" time="0"/>
  <testcase name="testImmuneEncode[UnixCodec Full_ALPHA_AND_SPECIALS (U)]" classname="org.owasp.esapi.codecs.CodecImmunityTest" time="0"/>
  <testcase name="testImmuneEncode[UnixCodec Full_ALPHA_AND_SPECIALS (V)]" classname="org.owasp.esapi.codecs.CodecImmunityTest" time="0"/>
  <testcase name="testImmuneEncode[UnixCodec Full_ALPHA_AND_SPECIALS (W)]" classname="org.owasp.esapi.codecs.CodecImmunityTest" time="0"/>
  <testcase name="testImmuneEncode[UnixCodec Full_ALPHA_AND_SPECIALS (X)]" classname="org.owasp.esapi.codecs.CodecImmunityTest" time="0"/>
  <testcase name="testImmuneEncode[UnixCodec Full_ALPHA_AND_SPECIALS (Y)]" classname="org.owasp.esapi.codecs.CodecImmunityTest" time="0"/>
  <testcase name="testImmuneEncode[UnixCodec Full_ALPHA_AND_SPECIALS (Z)]" classname="org.owasp.esapi.codecs.CodecImmunityTest" time="0"/>
  <testcase name="testImmuneEncode[UnixCodec Full_ALPHA_AND_SPECIALS (^)]" classname="org.owasp.esapi.codecs.CodecImmunityTest" time="0.016"/>
  <testcase name="testImmuneEncode[UnixCodec Full_ALPHA_AND_SPECIALS (_)]" classname="org.owasp.esapi.codecs.CodecImmunityTest" time="0"/>
  <testcase name="testImmuneEncode[UnixCodec Full_ALPHA_AND_SPECIALS (a)]" classname="org.owasp.esapi.codecs.CodecImmunityTest" time="0"/>
  <testcase name="testImmuneEncode[UnixCodec Full_ALPHA_AND_SPECIALS (b)]" classname="org.owasp.esapi.codecs.CodecImmunityTest" time="0"/>
  <testcase name="testImmuneEncode[UnixCodec Full_ALPHA_AND_SPECIALS (c)]" classname="org.owasp.esapi.codecs.CodecImmunityTest" time="0"/>
  <testcase name="testImmuneEncode[UnixCodec Full_ALPHA_AND_SPECIALS (d)]" classname="org.owasp.esapi.codecs.CodecImmunityTest" time="0"/>
  <testcase name="testImmuneEncode[UnixCodec Full_ALPHA_AND_SPECIALS (e)]" classname="org.owasp.esapi.codecs.CodecImmunityTest" time="0"/>
  <testcase name="testImmuneEncode[UnixCodec Full_ALPHA_AND_SPECIALS (f)]" classname="org.owasp.esapi.codecs.CodecImmunityTest" time="0"/>
  <testcase name="testImmuneEncode[UnixCodec Full_ALPHA_AND_SPECIALS (g)]" classname="org.owasp.esapi.codecs.CodecImmunityTest" time="0"/>
  <testcase name="testImmuneEncode[UnixCodec Full_ALPHA_AND_SPECIALS (h)]" classname="org.owasp.esapi.codecs.CodecImmunityTest" time="0"/>
  <testcase name="testImmuneEncode[UnixCodec Full_ALPHA_AND_SPECIALS (i)]" classname="org.owasp.esapi.codecs.CodecImmunityTest" time="0"/>
  <testcase name="testImmuneEncode[UnixCodec Full_ALPHA_AND_SPECIALS (j)]" classname="org.owasp.esapi.codecs.CodecImmunityTest" time="0"/>
  <testcase name="testImmuneEncode[UnixCodec Full_ALPHA_AND_SPECIALS (k)]" classname="org.owasp.esapi.codecs.CodecImmunityTest" time="0"/>
  <testcase name="testImmuneEncode[UnixCodec Full_ALPHA_AND_SPECIALS (l)]" classname="org.owasp.esapi.codecs.CodecImmunityTest" time="0"/>
  <testcase name="testImmuneEncode[UnixCodec Full_ALPHA_AND_SPECIALS (m)]" classname="org.owasp.esapi.codecs.CodecImmunityTest" time="0"/>
  <testcase name="testImmuneEncode[UnixCodec Full_ALPHA_AND_SPECIALS (n)]" classname="org.owasp.esapi.codecs.CodecImmunityTest" time="0"/>
  <testcase name="testImmuneEncode[UnixCodec Full_ALPHA_AND_SPECIALS (o)]" classname="org.owasp.esapi.codecs.CodecImmunityTest" time="0"/>
  <testcase name="testImmuneEncode[UnixCodec Full_ALPHA_AND_SPECIALS (p)]" classname="org.owasp.esapi.codecs.CodecImmunityTest" time="0"/>
  <testcase name="testImmuneEncode[UnixCodec Full_ALPHA_AND_SPECIALS (q)]" classname="org.owasp.esapi.codecs.CodecImmunityTest" time="0"/>
  <testcase name="testImmuneEncode[UnixCodec Full_ALPHA_AND_SPECIALS (r)]" classname="org.owasp.esapi.codecs.CodecImmunityTest" time="0"/>
  <testcase name="testImmuneEncode[UnixCodec Full_ALPHA_AND_SPECIALS (s)]" classname="org.owasp.esapi.codecs.CodecImmunityTest" time="0"/>
  <testcase name="testImmuneEncode[UnixCodec Full_ALPHA_AND_SPECIALS (t)]" classname="org.owasp.esapi.codecs.CodecImmunityTest" time="0"/>
  <testcase name="testImmuneEncode[UnixCodec Full_ALPHA_AND_SPECIALS (u)]" classname="org.owasp.esapi.codecs.CodecImmunityTest" time="0"/>
  <testcase name="testImmuneEncode[UnixCodec Full_ALPHA_AND_SPECIALS (v)]" classname="org.owasp.esapi.codecs.CodecImmunityTest" time="0"/>
  <testcase name="testImmuneEncode[UnixCodec Full_ALPHA_AND_SPECIALS (w)]" classname="org.owasp.esapi.codecs.CodecImmunityTest" time="0"/>
  <testcase name="testImmuneEncode[UnixCodec Full_ALPHA_AND_SPECIALS (x)]" classname="org.owasp.esapi.codecs.CodecImmunityTest" time="0"/>
  <testcase name="testImmuneEncode[UnixCodec Full_ALPHA_AND_SPECIALS (y)]" classname="org.owasp.esapi.codecs.CodecImmunityTest" time="0"/>
  <testcase name="testImmuneEncode[UnixCodec Full_ALPHA_AND_SPECIALS (z)]" classname="org.owasp.esapi.codecs.CodecImmunityTest" time="0"/>
  <testcase name="testImmuneEncode[UnixCodec Full_ALPHA_AND_SPECIALS (|)]" classname="org.owasp.esapi.codecs.CodecImmunityTest" time="0"/>
  <testcase name="testImmuneEncode[UnixCodec Full_ALPHA_AND_SPECIALS (~)]" classname="org.owasp.esapi.codecs.CodecImmunityTest" time="0"/>
  <testcase name="testImmuneEncode[VBScriptCodec Full_ALPHA_AND_SPECIALS (!)]" classname="org.owasp.esapi.codecs.CodecImmunityTest" time="0"/>
  <testcase name="testImmuneEncode[VBScriptCodec Full_ALPHA_AND_SPECIALS ($)]" classname="org.owasp.esapi.codecs.CodecImmunityTest" time="0"/>
  <testcase name="testImmuneEncode[VBScriptCodec Full_ALPHA_AND_SPECIALS (*)]" classname="org.owasp.esapi.codecs.CodecImmunityTest" time="0"/>
  <testcase name="testImmuneEncode[VBScriptCodec Full_ALPHA_AND_SPECIALS (+)]" classname="org.owasp.esapi.codecs.CodecImmunityTest" time="0"/>
  <testcase name="testImmuneEncode[VBScriptCodec Full_ALPHA_AND_SPECIALS (-)]" classname="org.owasp.esapi.codecs.CodecImmunityTest" time="0"/>
  <testcase name="testImmuneEncode[VBScriptCodec Full_ALPHA_AND_SPECIALS (.)]" classname="org.owasp.esapi.codecs.CodecImmunityTest" time="0"/>
  <testcase name="testImmuneEncode[VBScriptCodec Full_ALPHA_AND_SPECIALS (0)]" classname="org.owasp.esapi.codecs.CodecImmunityTest" time="0"/>
  <testcase name="testImmuneEncode[VBScriptCodec Full_ALPHA_AND_SPECIALS (1)]" classname="org.owasp.esapi.codecs.CodecImmunityTest" time="0"/>
  <testcase name="testImmuneEncode[VBScriptCodec Full_ALPHA_AND_SPECIALS (2)]" classname="org.owasp.esapi.codecs.CodecImmunityTest" time="0"/>
  <testcase name="testImmuneEncode[VBScriptCodec Full_ALPHA_AND_SPECIALS (3)]" classname="org.owasp.esapi.codecs.CodecImmunityTest" time="0"/>
  <testcase name="testImmuneEncode[VBScriptCodec Full_ALPHA_AND_SPECIALS (4)]" classname="org.owasp.esapi.codecs.CodecImmunityTest" time="0"/>
  <testcase name="testImmuneEncode[VBScriptCodec Full_ALPHA_AND_SPECIALS (5)]" classname="org.owasp.esapi.codecs.CodecImmunityTest" time="0"/>
  <testcase name="testImmuneEncode[VBScriptCodec Full_ALPHA_AND_SPECIALS (6)]" classname="org.owasp.esapi.codecs.CodecImmunityTest" time="0"/>
  <testcase name="testImmuneEncode[VBScriptCodec Full_ALPHA_AND_SPECIALS (7)]" classname="org.owasp.esapi.codecs.CodecImmunityTest" time="0"/>
  <testcase name="testImmuneEncode[VBScriptCodec Full_ALPHA_AND_SPECIALS (8)]" classname="org.owasp.esapi.codecs.CodecImmunityTest" time="0"/>
  <testcase name="testImmuneEncode[VBScriptCodec Full_ALPHA_AND_SPECIALS (9)]" classname="org.owasp.esapi.codecs.CodecImmunityTest" time="0"/>
  <testcase name="testImmuneEncode[VBScriptCodec Full_ALPHA_AND_SPECIALS (=)]" classname="org.owasp.esapi.codecs.CodecImmunityTest" time="0"/>
  <testcase name="testImmuneEncode[VBScriptCodec Full_ALPHA_AND_SPECIALS (?)]" classname="org.owasp.esapi.codecs.CodecImmunityTest" time="0"/>
  <testcase name="testImmuneEncode[VBScriptCodec Full_ALPHA_AND_SPECIALS (@)]" classname="org.owasp.esapi.codecs.CodecImmunityTest" time="0"/>
  <testcase name="testImmuneEncode[VBScriptCodec Full_ALPHA_AND_SPECIALS (A)]" classname="org.owasp.esapi.codecs.CodecImmunityTest" time="0"/>
  <testcase name="testImmuneEncode[VBScriptCodec Full_ALPHA_AND_SPECIALS (B)]" classname="org.owasp.esapi.codecs.CodecImmunityTest" time="0"/>
  <testcase name="testImmuneEncode[VBScriptCodec Full_ALPHA_AND_SPECIALS (C)]" classname="org.owasp.esapi.codecs.CodecImmunityTest" time="0"/>
  <testcase name="testImmuneEncode[VBScriptCodec Full_ALPHA_AND_SPECIALS (D)]" classname="org.owasp.esapi.codecs.CodecImmunityTest" time="0"/>
  <testcase name="testImmuneEncode[VBScriptCodec Full_ALPHA_AND_SPECIALS (E)]" classname="org.owasp.esapi.codecs.CodecImmunityTest" time="0"/>
  <testcase name="testImmuneEncode[VBScriptCodec Full_ALPHA_AND_SPECIALS (F)]" classname="org.owasp.esapi.codecs.CodecImmunityTest" time="0"/>
  <testcase name="testImmuneEncode[VBScriptCodec Full_ALPHA_AND_SPECIALS (G)]" classname="org.owasp.esapi.codecs.CodecImmunityTest" time="0"/>
  <testcase name="testImmuneEncode[VBScriptCodec Full_ALPHA_AND_SPECIALS (H)]" classname="org.owasp.esapi.codecs.CodecImmunityTest" time="0"/>
  <testcase name="testImmuneEncode[VBScriptCodec Full_ALPHA_AND_SPECIALS (I)]" classname="org.owasp.esapi.codecs.CodecImmunityTest" time="0"/>
  <testcase name="testImmuneEncode[VBScriptCodec Full_ALPHA_AND_SPECIALS (J)]" classname="org.owasp.esapi.codecs.CodecImmunityTest" time="0"/>
  <testcase name="testImmuneEncode[VBScriptCodec Full_ALPHA_AND_SPECIALS (K)]" classname="org.owasp.esapi.codecs.CodecImmunityTest" time="0"/>
  <testcase name="testImmuneEncode[VBScriptCodec Full_ALPHA_AND_SPECIALS (L)]" classname="org.owasp.esapi.codecs.CodecImmunityTest" time="0"/>
  <testcase name="testImmuneEncode[VBScriptCodec Full_ALPHA_AND_SPECIALS (M)]" classname="org.owasp.esapi.codecs.CodecImmunityTest" time="0"/>
  <testcase name="testImmuneEncode[VBScriptCodec Full_ALPHA_AND_SPECIALS (N)]" classname="org.owasp.esapi.codecs.CodecImmunityTest" time="0"/>
  <testcase name="testImmuneEncode[VBScriptCodec Full_ALPHA_AND_SPECIALS (O)]" classname="org.owasp.esapi.codecs.CodecImmunityTest" time="0"/>
  <testcase name="testImmuneEncode[VBScriptCodec Full_ALPHA_AND_SPECIALS (P)]" classname="org.owasp.esapi.codecs.CodecImmunityTest" time="0"/>
  <testcase name="testImmuneEncode[VBScriptCodec Full_ALPHA_AND_SPECIALS (Q)]" classname="org.owasp.esapi.codecs.CodecImmunityTest" time="0"/>
  <testcase name="testImmuneEncode[VBScriptCodec Full_ALPHA_AND_SPECIALS (R)]" classname="org.owasp.esapi.codecs.CodecImmunityTest" time="0"/>
  <testcase name="testImmuneEncode[VBScriptCodec Full_ALPHA_AND_SPECIALS (S)]" classname="org.owasp.esapi.codecs.CodecImmunityTest" time="0"/>
  <testcase name="testImmuneEncode[VBScriptCodec Full_ALPHA_AND_SPECIALS (T)]" classname="org.owasp.esapi.codecs.CodecImmunityTest" time="0"/>
  <testcase name="testImmuneEncode[VBScriptCodec Full_ALPHA_AND_SPECIALS (U)]" classname="org.owasp.esapi.codecs.CodecImmunityTest" time="0"/>
  <testcase name="testImmuneEncode[VBScriptCodec Full_ALPHA_AND_SPECIALS (V)]" classname="org.owasp.esapi.codecs.CodecImmunityTest" time="0"/>
  <testcase name="testImmuneEncode[VBScriptCodec Full_ALPHA_AND_SPECIALS (W)]" classname="org.owasp.esapi.codecs.CodecImmunityTest" time="0"/>
  <testcase name="testImmuneEncode[VBScriptCodec Full_ALPHA_AND_SPECIALS (X)]" classname="org.owasp.esapi.codecs.CodecImmunityTest" time="0"/>
  <testcase name="testImmuneEncode[VBScriptCodec Full_ALPHA_AND_SPECIALS (Y)]" classname="org.owasp.esapi.codecs.CodecImmunityTest" time="0"/>
  <testcase name="testImmuneEncode[VBScriptCodec Full_ALPHA_AND_SPECIALS (Z)]" classname="org.owasp.esapi.codecs.CodecImmunityTest" time="0"/>
  <testcase name="testImmuneEncode[VBScriptCodec Full_ALPHA_AND_SPECIALS (^)]" classname="org.owasp.esapi.codecs.CodecImmunityTest" time="0"/>
  <testcase name="testImmuneEncode[VBScriptCodec Full_ALPHA_AND_SPECIALS (_)]" classname="org.owasp.esapi.codecs.CodecImmunityTest" time="0"/>
  <testcase name="testImmuneEncode[VBScriptCodec Full_ALPHA_AND_SPECIALS (a)]" classname="org.owasp.esapi.codecs.CodecImmunityTest" time="0"/>
  <testcase name="testImmuneEncode[VBScriptCodec Full_ALPHA_AND_SPECIALS (b)]" classname="org.owasp.esapi.codecs.CodecImmunityTest" time="0"/>
  <testcase name="testImmuneEncode[VBScriptCodec Full_ALPHA_AND_SPECIALS (c)]" classname="org.owasp.esapi.codecs.CodecImmunityTest" time="0"/>
  <testcase name="testImmuneEncode[VBScriptCodec Full_ALPHA_AND_SPECIALS (d)]" classname="org.owasp.esapi.codecs.CodecImmunityTest" time="0"/>
  <testcase name="testImmuneEncode[VBScriptCodec Full_ALPHA_AND_SPECIALS (e)]" classname="org.owasp.esapi.codecs.CodecImmunityTest" time="0"/>
  <testcase name="testImmuneEncode[VBScriptCodec Full_ALPHA_AND_SPECIALS (f)]" classname="org.owasp.esapi.codecs.CodecImmunityTest" time="0"/>
  <testcase name="testImmuneEncode[VBScriptCodec Full_ALPHA_AND_SPECIALS (g)]" classname="org.owasp.esapi.codecs.CodecImmunityTest" time="0"/>
  <testcase name="testImmuneEncode[VBScriptCodec Full_ALPHA_AND_SPECIALS (h)]" classname="org.owasp.esapi.codecs.CodecImmunityTest" time="0"/>
  <testcase name="testImmuneEncode[VBScriptCodec Full_ALPHA_AND_SPECIALS (i)]" classname="org.owasp.esapi.codecs.CodecImmunityTest" time="0"/>
  <testcase name="testImmuneEncode[VBScriptCodec Full_ALPHA_AND_SPECIALS (j)]" classname="org.owasp.esapi.codecs.CodecImmunityTest" time="0"/>
  <testcase name="testImmuneEncode[VBScriptCodec Full_ALPHA_AND_SPECIALS (k)]" classname="org.owasp.esapi.codecs.CodecImmunityTest" time="0"/>
  <testcase name="testImmuneEncode[VBScriptCodec Full_ALPHA_AND_SPECIALS (l)]" classname="org.owasp.esapi.codecs.CodecImmunityTest" time="0"/>
  <testcase name="testImmuneEncode[VBScriptCodec Full_ALPHA_AND_SPECIALS (m)]" classname="org.owasp.esapi.codecs.CodecImmunityTest" time="0"/>
  <testcase name="testImmuneEncode[VBScriptCodec Full_ALPHA_AND_SPECIALS (n)]" classname="org.owasp.esapi.codecs.CodecImmunityTest" time="0"/>
  <testcase name="testImmuneEncode[VBScriptCodec Full_ALPHA_AND_SPECIALS (o)]" classname="org.owasp.esapi.codecs.CodecImmunityTest" time="0"/>
  <testcase name="testImmuneEncode[VBScriptCodec Full_ALPHA_AND_SPECIALS (p)]" classname="org.owasp.esapi.codecs.CodecImmunityTest" time="0"/>
  <testcase name="testImmuneEncode[VBScriptCodec Full_ALPHA_AND_SPECIALS (q)]" classname="org.owasp.esapi.codecs.CodecImmunityTest" time="0"/>
  <testcase name="testImmuneEncode[VBScriptCodec Full_ALPHA_AND_SPECIALS (r)]" classname="org.owasp.esapi.codecs.CodecImmunityTest" time="0"/>
  <testcase name="testImmuneEncode[VBScriptCodec Full_ALPHA_AND_SPECIALS (s)]" classname="org.owasp.esapi.codecs.CodecImmunityTest" time="0"/>
  <testcase name="testImmuneEncode[VBScriptCodec Full_ALPHA_AND_SPECIALS (t)]" classname="org.owasp.esapi.codecs.CodecImmunityTest" time="0"/>
  <testcase name="testImmuneEncode[VBScriptCodec Full_ALPHA_AND_SPECIALS (u)]" classname="org.owasp.esapi.codecs.CodecImmunityTest" time="0"/>
  <testcase name="testImmuneEncode[VBScriptCodec Full_ALPHA_AND_SPECIALS (v)]" classname="org.owasp.esapi.codecs.CodecImmunityTest" time="0"/>
  <testcase name="testImmuneEncode[VBScriptCodec Full_ALPHA_AND_SPECIALS (w)]" classname="org.owasp.esapi.codecs.CodecImmunityTest" time="0"/>
  <testcase name="testImmuneEncode[VBScriptCodec Full_ALPHA_AND_SPECIALS (x)]" classname="org.owasp.esapi.codecs.CodecImmunityTest" time="0"/>
  <testcase name="testImmuneEncode[VBScriptCodec Full_ALPHA_AND_SPECIALS (y)]" classname="org.owasp.esapi.codecs.CodecImmunityTest" time="0"/>
  <testcase name="testImmuneEncode[VBScriptCodec Full_ALPHA_AND_SPECIALS (z)]" classname="org.owasp.esapi.codecs.CodecImmunityTest" time="0"/>
  <testcase name="testImmuneEncode[VBScriptCodec Full_ALPHA_AND_SPECIALS (|)]" classname="org.owasp.esapi.codecs.CodecImmunityTest" time="0"/>
  <testcase name="testImmuneEncode[VBScriptCodec Full_ALPHA_AND_SPECIALS (~)]" classname="org.owasp.esapi.codecs.CodecImmunityTest" time="0"/>
  <testcase name="testImmuneEncode[WindowsCodec Full_ALPHA_AND_SPECIALS (!)]" classname="org.owasp.esapi.codecs.CodecImmunityTest" time="0"/>
  <testcase name="testImmuneEncode[WindowsCodec Full_ALPHA_AND_SPECIALS ($)]" classname="org.owasp.esapi.codecs.CodecImmunityTest" time="0"/>
  <testcase name="testImmuneEncode[WindowsCodec Full_ALPHA_AND_SPECIALS (*)]" classname="org.owasp.esapi.codecs.CodecImmunityTest" time="0"/>
  <testcase name="testImmuneEncode[WindowsCodec Full_ALPHA_AND_SPECIALS (+)]" classname="org.owasp.esapi.codecs.CodecImmunityTest" time="0"/>
  <testcase name="testImmuneEncode[WindowsCodec Full_ALPHA_AND_SPECIALS (-)]" classname="org.owasp.esapi.codecs.CodecImmunityTest" time="0"/>
  <testcase name="testImmuneEncode[WindowsCodec Full_ALPHA_AND_SPECIALS (.)]" classname="org.owasp.esapi.codecs.CodecImmunityTest" time="0"/>
  <testcase name="testImmuneEncode[WindowsCodec Full_ALPHA_AND_SPECIALS (0)]" classname="org.owasp.esapi.codecs.CodecImmunityTest" time="0"/>
  <testcase name="testImmuneEncode[WindowsCodec Full_ALPHA_AND_SPECIALS (1)]" classname="org.owasp.esapi.codecs.CodecImmunityTest" time="0"/>
  <testcase name="testImmuneEncode[WindowsCodec Full_ALPHA_AND_SPECIALS (2)]" classname="org.owasp.esapi.codecs.CodecImmunityTest" time="0"/>
  <testcase name="testImmuneEncode[WindowsCodec Full_ALPHA_AND_SPECIALS (3)]" classname="org.owasp.esapi.codecs.CodecImmunityTest" time="0"/>
  <testcase name="testImmuneEncode[WindowsCodec Full_ALPHA_AND_SPECIALS (4)]" classname="org.owasp.esapi.codecs.CodecImmunityTest" time="0"/>
  <testcase name="testImmuneEncode[WindowsCodec Full_ALPHA_AND_SPECIALS (5)]" classname="org.owasp.esapi.codecs.CodecImmunityTest" time="0"/>
  <testcase name="testImmuneEncode[WindowsCodec Full_ALPHA_AND_SPECIALS (6)]" classname="org.owasp.esapi.codecs.CodecImmunityTest" time="0"/>
  <testcase name="testImmuneEncode[WindowsCodec Full_ALPHA_AND_SPECIALS (7)]" classname="org.owasp.esapi.codecs.CodecImmunityTest" time="0"/>
  <testcase name="testImmuneEncode[WindowsCodec Full_ALPHA_AND_SPECIALS (8)]" classname="org.owasp.esapi.codecs.CodecImmunityTest" time="0"/>
  <testcase name="testImmuneEncode[WindowsCodec Full_ALPHA_AND_SPECIALS (9)]" classname="org.owasp.esapi.codecs.CodecImmunityTest" time="0"/>
  <testcase name="testImmuneEncode[WindowsCodec Full_ALPHA_AND_SPECIALS (=)]" classname="org.owasp.esapi.codecs.CodecImmunityTest" time="0"/>
  <testcase name="testImmuneEncode[WindowsCodec Full_ALPHA_AND_SPECIALS (?)]" classname="org.owasp.esapi.codecs.CodecImmunityTest" time="0"/>
  <testcase name="testImmuneEncode[WindowsCodec Full_ALPHA_AND_SPECIALS (@)]" classname="org.owasp.esapi.codecs.CodecImmunityTest" time="0"/>
  <testcase name="testImmuneEncode[WindowsCodec Full_ALPHA_AND_SPECIALS (A)]" classname="org.owasp.esapi.codecs.CodecImmunityTest" time="0"/>
  <testcase name="testImmuneEncode[WindowsCodec Full_ALPHA_AND_SPECIALS (B)]" classname="org.owasp.esapi.codecs.CodecImmunityTest" time="0"/>
  <testcase name="testImmuneEncode[WindowsCodec Full_ALPHA_AND_SPECIALS (C)]" classname="org.owasp.esapi.codecs.CodecImmunityTest" time="0"/>
  <testcase name="testImmuneEncode[WindowsCodec Full_ALPHA_AND_SPECIALS (D)]" classname="org.owasp.esapi.codecs.CodecImmunityTest" time="0"/>
  <testcase name="testImmuneEncode[WindowsCodec Full_ALPHA_AND_SPECIALS (E)]" classname="org.owasp.esapi.codecs.CodecImmunityTest" time="0"/>
  <testcase name="testImmuneEncode[WindowsCodec Full_ALPHA_AND_SPECIALS (F)]" classname="org.owasp.esapi.codecs.CodecImmunityTest" time="0"/>
  <testcase name="testImmuneEncode[WindowsCodec Full_ALPHA_AND_SPECIALS (G)]" classname="org.owasp.esapi.codecs.CodecImmunityTest" time="0"/>
  <testcase name="testImmuneEncode[WindowsCodec Full_ALPHA_AND_SPECIALS (H)]" classname="org.owasp.esapi.codecs.CodecImmunityTest" time="0"/>
  <testcase name="testImmuneEncode[WindowsCodec Full_ALPHA_AND_SPECIALS (I)]" classname="org.owasp.esapi.codecs.CodecImmunityTest" time="0"/>
  <testcase name="testImmuneEncode[WindowsCodec Full_ALPHA_AND_SPECIALS (J)]" classname="org.owasp.esapi.codecs.CodecImmunityTest" time="0"/>
  <testcase name="testImmuneEncode[WindowsCodec Full_ALPHA_AND_SPECIALS (K)]" classname="org.owasp.esapi.codecs.CodecImmunityTest" time="0"/>
  <testcase name="testImmuneEncode[WindowsCodec Full_ALPHA_AND_SPECIALS (L)]" classname="org.owasp.esapi.codecs.CodecImmunityTest" time="0"/>
  <testcase name="testImmuneEncode[WindowsCodec Full_ALPHA_AND_SPECIALS (M)]" classname="org.owasp.esapi.codecs.CodecImmunityTest" time="0"/>
  <testcase name="testImmuneEncode[WindowsCodec Full_ALPHA_AND_SPECIALS (N)]" classname="org.owasp.esapi.codecs.CodecImmunityTest" time="0"/>
  <testcase name="testImmuneEncode[WindowsCodec Full_ALPHA_AND_SPECIALS (O)]" classname="org.owasp.esapi.codecs.CodecImmunityTest" time="0"/>
  <testcase name="testImmuneEncode[WindowsCodec Full_ALPHA_AND_SPECIALS (P)]" classname="org.owasp.esapi.codecs.CodecImmunityTest" time="0"/>
  <testcase name="testImmuneEncode[WindowsCodec Full_ALPHA_AND_SPECIALS (Q)]" classname="org.owasp.esapi.codecs.CodecImmunityTest" time="0"/>
  <testcase name="testImmuneEncode[WindowsCodec Full_ALPHA_AND_SPECIALS (R)]" classname="org.owasp.esapi.codecs.CodecImmunityTest" time="0"/>
  <testcase name="testImmuneEncode[WindowsCodec Full_ALPHA_AND_SPECIALS (S)]" classname="org.owasp.esapi.codecs.CodecImmunityTest" time="0"/>
  <testcase name="testImmuneEncode[WindowsCodec Full_ALPHA_AND_SPECIALS (T)]" classname="org.owasp.esapi.codecs.CodecImmunityTest" time="0"/>
  <testcase name="testImmuneEncode[WindowsCodec Full_ALPHA_AND_SPECIALS (U)]" classname="org.owasp.esapi.codecs.CodecImmunityTest" time="0"/>
  <testcase name="testImmuneEncode[WindowsCodec Full_ALPHA_AND_SPECIALS (V)]" classname="org.owasp.esapi.codecs.CodecImmunityTest" time="0"/>
  <testcase name="testImmuneEncode[WindowsCodec Full_ALPHA_AND_SPECIALS (W)]" classname="org.owasp.esapi.codecs.CodecImmunityTest" time="0"/>
  <testcase name="testImmuneEncode[WindowsCodec Full_ALPHA_AND_SPECIALS (X)]" classname="org.owasp.esapi.codecs.CodecImmunityTest" time="0"/>
  <testcase name="testImmuneEncode[WindowsCodec Full_ALPHA_AND_SPECIALS (Y)]" classname="org.owasp.esapi.codecs.CodecImmunityTest" time="0"/>
  <testcase name="testImmuneEncode[WindowsCodec Full_ALPHA_AND_SPECIALS (Z)]" classname="org.owasp.esapi.codecs.CodecImmunityTest" time="0"/>
  <testcase name="testImmuneEncode[WindowsCodec Full_ALPHA_AND_SPECIALS (^)]" classname="org.owasp.esapi.codecs.CodecImmunityTest" time="0"/>
  <testcase name="testImmuneEncode[WindowsCodec Full_ALPHA_AND_SPECIALS (_)]" classname="org.owasp.esapi.codecs.CodecImmunityTest" time="0"/>
  <testcase name="testImmuneEncode[WindowsCodec Full_ALPHA_AND_SPECIALS (a)]" classname="org.owasp.esapi.codecs.CodecImmunityTest" time="0"/>
  <testcase name="testImmuneEncode[WindowsCodec Full_ALPHA_AND_SPECIALS (b)]" classname="org.owasp.esapi.codecs.CodecImmunityTest" time="0"/>
  <testcase name="testImmuneEncode[WindowsCodec Full_ALPHA_AND_SPECIALS (c)]" classname="org.owasp.esapi.codecs.CodecImmunityTest" time="0"/>
  <testcase name="testImmuneEncode[WindowsCodec Full_ALPHA_AND_SPECIALS (d)]" classname="org.owasp.esapi.codecs.CodecImmunityTest" time="0"/>
  <testcase name="testImmuneEncode[WindowsCodec Full_ALPHA_AND_SPECIALS (e)]" classname="org.owasp.esapi.codecs.CodecImmunityTest" time="0"/>
  <testcase name="testImmuneEncode[WindowsCodec Full_ALPHA_AND_SPECIALS (f)]" classname="org.owasp.esapi.codecs.CodecImmunityTest" time="0"/>
  <testcase name="testImmuneEncode[WindowsCodec Full_ALPHA_AND_SPECIALS (g)]" classname="org.owasp.esapi.codecs.CodecImmunityTest" time="0"/>
  <testcase name="testImmuneEncode[WindowsCodec Full_ALPHA_AND_SPECIALS (h)]" classname="org.owasp.esapi.codecs.CodecImmunityTest" time="0"/>
  <testcase name="testImmuneEncode[WindowsCodec Full_ALPHA_AND_SPECIALS (i)]" classname="org.owasp.esapi.codecs.CodecImmunityTest" time="0"/>
  <testcase name="testImmuneEncode[WindowsCodec Full_ALPHA_AND_SPECIALS (j)]" classname="org.owasp.esapi.codecs.CodecImmunityTest" time="0"/>
  <testcase name="testImmuneEncode[WindowsCodec Full_ALPHA_AND_SPECIALS (k)]" classname="org.owasp.esapi.codecs.CodecImmunityTest" time="0.006"/>
  <testcase name="testImmuneEncode[WindowsCodec Full_ALPHA_AND_SPECIALS (l)]" classname="org.owasp.esapi.codecs.CodecImmunityTest" time="0"/>
  <testcase name="testImmuneEncode[WindowsCodec Full_ALPHA_AND_SPECIALS (m)]" classname="org.owasp.esapi.codecs.CodecImmunityTest" time="0"/>
  <testcase name="testImmuneEncode[WindowsCodec Full_ALPHA_AND_SPECIALS (n)]" classname="org.owasp.esapi.codecs.CodecImmunityTest" time="0"/>
  <testcase name="testImmuneEncode[WindowsCodec Full_ALPHA_AND_SPECIALS (o)]" classname="org.owasp.esapi.codecs.CodecImmunityTest" time="0"/>
  <testcase name="testImmuneEncode[WindowsCodec Full_ALPHA_AND_SPECIALS (p)]" classname="org.owasp.esapi.codecs.CodecImmunityTest" time="0"/>
  <testcase name="testImmuneEncode[WindowsCodec Full_ALPHA_AND_SPECIALS (q)]" classname="org.owasp.esapi.codecs.CodecImmunityTest" time="0"/>
  <testcase name="testImmuneEncode[WindowsCodec Full_ALPHA_AND_SPECIALS (r)]" classname="org.owasp.esapi.codecs.CodecImmunityTest" time="0"/>
  <testcase name="testImmuneEncode[WindowsCodec Full_ALPHA_AND_SPECIALS (s)]" classname="org.owasp.esapi.codecs.CodecImmunityTest" time="0"/>
  <testcase name="testImmuneEncode[WindowsCodec Full_ALPHA_AND_SPECIALS (t)]" classname="org.owasp.esapi.codecs.CodecImmunityTest" time="0"/>
  <testcase name="testImmuneEncode[WindowsCodec Full_ALPHA_AND_SPECIALS (u)]" classname="org.owasp.esapi.codecs.CodecImmunityTest" time="0"/>
  <testcase name="testImmuneEncode[WindowsCodec Full_ALPHA_AND_SPECIALS (v)]" classname="org.owasp.esapi.codecs.CodecImmunityTest" time="0"/>
  <testcase name="testImmuneEncode[WindowsCodec Full_ALPHA_AND_SPECIALS (w)]" classname="org.owasp.esapi.codecs.CodecImmunityTest" time="0"/>
  <testcase name="testImmuneEncode[WindowsCodec Full_ALPHA_AND_SPECIALS (x)]" classname="org.owasp.esapi.codecs.CodecImmunityTest" time="0"/>
  <testcase name="testImmuneEncode[WindowsCodec Full_ALPHA_AND_SPECIALS (y)]" classname="org.owasp.esapi.codecs.CodecImmunityTest" time="0"/>
  <testcase name="testImmuneEncode[WindowsCodec Full_ALPHA_AND_SPECIALS (z)]" classname="org.owasp.esapi.codecs.CodecImmunityTest" time="0"/>
  <testcase name="testImmuneEncode[WindowsCodec Full_ALPHA_AND_SPECIALS (|)]" classname="org.owasp.esapi.codecs.CodecImmunityTest" time="0"/>
  <testcase name="testImmuneEncode[WindowsCodec Full_ALPHA_AND_SPECIALS (~)]" classname="org.owasp.esapi.codecs.CodecImmunityTest" time="0"/>
  <testcase name="testImmuneEncode[XMLEntityCodec Full_ALPHA_AND_SPECIALS (!)]" classname="org.owasp.esapi.codecs.CodecImmunityTest" time="0"/>
  <testcase name="testImmuneEncode[XMLEntityCodec Full_ALPHA_AND_SPECIALS ($)]" classname="org.owasp.esapi.codecs.CodecImmunityTest" time="0"/>
  <testcase name="testImmuneEncode[XMLEntityCodec Full_ALPHA_AND_SPECIALS (*)]" classname="org.owasp.esapi.codecs.CodecImmunityTest" time="0"/>
  <testcase name="testImmuneEncode[XMLEntityCodec Full_ALPHA_AND_SPECIALS (+)]" classname="org.owasp.esapi.codecs.CodecImmunityTest" time="0"/>
  <testcase name="testImmuneEncode[XMLEntityCodec Full_ALPHA_AND_SPECIALS (-)]" classname="org.owasp.esapi.codecs.CodecImmunityTest" time="0"/>
  <testcase name="testImmuneEncode[XMLEntityCodec Full_ALPHA_AND_SPECIALS (.)]" classname="org.owasp.esapi.codecs.CodecImmunityTest" time="0"/>
  <testcase name="testImmuneEncode[XMLEntityCodec Full_ALPHA_AND_SPECIALS (0)]" classname="org.owasp.esapi.codecs.CodecImmunityTest" time="0"/>
  <testcase name="testImmuneEncode[XMLEntityCodec Full_ALPHA_AND_SPECIALS (1)]" classname="org.owasp.esapi.codecs.CodecImmunityTest" time="0"/>
  <testcase name="testImmuneEncode[XMLEntityCodec Full_ALPHA_AND_SPECIALS (2)]" classname="org.owasp.esapi.codecs.CodecImmunityTest" time="0"/>
  <testcase name="testImmuneEncode[XMLEntityCodec Full_ALPHA_AND_SPECIALS (3)]" classname="org.owasp.esapi.codecs.CodecImmunityTest" time="0"/>
  <testcase name="testImmuneEncode[XMLEntityCodec Full_ALPHA_AND_SPECIALS (4)]" classname="org.owasp.esapi.codecs.CodecImmunityTest" time="0"/>
  <testcase name="testImmuneEncode[XMLEntityCodec Full_ALPHA_AND_SPECIALS (5)]" classname="org.owasp.esapi.codecs.CodecImmunityTest" time="0"/>
  <testcase name="testImmuneEncode[XMLEntityCodec Full_ALPHA_AND_SPECIALS (6)]" classname="org.owasp.esapi.codecs.CodecImmunityTest" time="0"/>
  <testcase name="testImmuneEncode[XMLEntityCodec Full_ALPHA_AND_SPECIALS (7)]" classname="org.owasp.esapi.codecs.CodecImmunityTest" time="0"/>
  <testcase name="testImmuneEncode[XMLEntityCodec Full_ALPHA_AND_SPECIALS (8)]" classname="org.owasp.esapi.codecs.CodecImmunityTest" time="0"/>
  <testcase name="testImmuneEncode[XMLEntityCodec Full_ALPHA_AND_SPECIALS (9)]" classname="org.owasp.esapi.codecs.CodecImmunityTest" time="0"/>
  <testcase name="testImmuneEncode[XMLEntityCodec Full_ALPHA_AND_SPECIALS (=)]" classname="org.owasp.esapi.codecs.CodecImmunityTest" time="0"/>
  <testcase name="testImmuneEncode[XMLEntityCodec Full_ALPHA_AND_SPECIALS (?)]" classname="org.owasp.esapi.codecs.CodecImmunityTest" time="0"/>
  <testcase name="testImmuneEncode[XMLEntityCodec Full_ALPHA_AND_SPECIALS (@)]" classname="org.owasp.esapi.codecs.CodecImmunityTest" time="0"/>
  <testcase name="testImmuneEncode[XMLEntityCodec Full_ALPHA_AND_SPECIALS (A)]" classname="org.owasp.esapi.codecs.CodecImmunityTest" time="0"/>
  <testcase name="testImmuneEncode[XMLEntityCodec Full_ALPHA_AND_SPECIALS (B)]" classname="org.owasp.esapi.codecs.CodecImmunityTest" time="0"/>
  <testcase name="testImmuneEncode[XMLEntityCodec Full_ALPHA_AND_SPECIALS (C)]" classname="org.owasp.esapi.codecs.CodecImmunityTest" time="0"/>
  <testcase name="testImmuneEncode[XMLEntityCodec Full_ALPHA_AND_SPECIALS (D)]" classname="org.owasp.esapi.codecs.CodecImmunityTest" time="0"/>
  <testcase name="testImmuneEncode[XMLEntityCodec Full_ALPHA_AND_SPECIALS (E)]" classname="org.owasp.esapi.codecs.CodecImmunityTest" time="0"/>
  <testcase name="testImmuneEncode[XMLEntityCodec Full_ALPHA_AND_SPECIALS (F)]" classname="org.owasp.esapi.codecs.CodecImmunityTest" time="0"/>
  <testcase name="testImmuneEncode[XMLEntityCodec Full_ALPHA_AND_SPECIALS (G)]" classname="org.owasp.esapi.codecs.CodecImmunityTest" time="0"/>
  <testcase name="testImmuneEncode[XMLEntityCodec Full_ALPHA_AND_SPECIALS (H)]" classname="org.owasp.esapi.codecs.CodecImmunityTest" time="0"/>
  <testcase name="testImmuneEncode[XMLEntityCodec Full_ALPHA_AND_SPECIALS (I)]" classname="org.owasp.esapi.codecs.CodecImmunityTest" time="0"/>
  <testcase name="testImmuneEncode[XMLEntityCodec Full_ALPHA_AND_SPECIALS (J)]" classname="org.owasp.esapi.codecs.CodecImmunityTest" time="0"/>
  <testcase name="testImmuneEncode[XMLEntityCodec Full_ALPHA_AND_SPECIALS (K)]" classname="org.owasp.esapi.codecs.CodecImmunityTest" time="0"/>
  <testcase name="testImmuneEncode[XMLEntityCodec Full_ALPHA_AND_SPECIALS (L)]" classname="org.owasp.esapi.codecs.CodecImmunityTest" time="0"/>
  <testcase name="testImmuneEncode[XMLEntityCodec Full_ALPHA_AND_SPECIALS (M)]" classname="org.owasp.esapi.codecs.CodecImmunityTest" time="0"/>
  <testcase name="testImmuneEncode[XMLEntityCodec Full_ALPHA_AND_SPECIALS (N)]" classname="org.owasp.esapi.codecs.CodecImmunityTest" time="0"/>
  <testcase name="testImmuneEncode[XMLEntityCodec Full_ALPHA_AND_SPECIALS (O)]" classname="org.owasp.esapi.codecs.CodecImmunityTest" time="0"/>
  <testcase name="testImmuneEncode[XMLEntityCodec Full_ALPHA_AND_SPECIALS (P)]" classname="org.owasp.esapi.codecs.CodecImmunityTest" time="0"/>
  <testcase name="testImmuneEncode[XMLEntityCodec Full_ALPHA_AND_SPECIALS (Q)]" classname="org.owasp.esapi.codecs.CodecImmunityTest" time="0"/>
  <testcase name="testImmuneEncode[XMLEntityCodec Full_ALPHA_AND_SPECIALS (R)]" classname="org.owasp.esapi.codecs.CodecImmunityTest" time="0"/>
  <testcase name="testImmuneEncode[XMLEntityCodec Full_ALPHA_AND_SPECIALS (S)]" classname="org.owasp.esapi.codecs.CodecImmunityTest" time="0"/>
  <testcase name="testImmuneEncode[XMLEntityCodec Full_ALPHA_AND_SPECIALS (T)]" classname="org.owasp.esapi.codecs.CodecImmunityTest" time="0"/>
  <testcase name="testImmuneEncode[XMLEntityCodec Full_ALPHA_AND_SPECIALS (U)]" classname="org.owasp.esapi.codecs.CodecImmunityTest" time="0"/>
  <testcase name="testImmuneEncode[XMLEntityCodec Full_ALPHA_AND_SPECIALS (V)]" classname="org.owasp.esapi.codecs.CodecImmunityTest" time="0"/>
  <testcase name="testImmuneEncode[XMLEntityCodec Full_ALPHA_AND_SPECIALS (W)]" classname="org.owasp.esapi.codecs.CodecImmunityTest" time="0"/>
  <testcase name="testImmuneEncode[XMLEntityCodec Full_ALPHA_AND_SPECIALS (X)]" classname="org.owasp.esapi.codecs.CodecImmunityTest" time="0"/>
  <testcase name="testImmuneEncode[XMLEntityCodec Full_ALPHA_AND_SPECIALS (Y)]" classname="org.owasp.esapi.codecs.CodecImmunityTest" time="0"/>
  <testcase name="testImmuneEncode[XMLEntityCodec Full_ALPHA_AND_SPECIALS (Z)]" classname="org.owasp.esapi.codecs.CodecImmunityTest" time="0"/>
  <testcase name="testImmuneEncode[XMLEntityCodec Full_ALPHA_AND_SPECIALS (^)]" classname="org.owasp.esapi.codecs.CodecImmunityTest" time="0"/>
  <testcase name="testImmuneEncode[XMLEntityCodec Full_ALPHA_AND_SPECIALS (_)]" classname="org.owasp.esapi.codecs.CodecImmunityTest" time="0"/>
  <testcase name="testImmuneEncode[XMLEntityCodec Full_ALPHA_AND_SPECIALS (a)]" classname="org.owasp.esapi.codecs.CodecImmunityTest" time="0"/>
  <testcase name="testImmuneEncode[XMLEntityCodec Full_ALPHA_AND_SPECIALS (b)]" classname="org.owasp.esapi.codecs.CodecImmunityTest" time="0"/>
  <testcase name="testImmuneEncode[XMLEntityCodec Full_ALPHA_AND_SPECIALS (c)]" classname="org.owasp.esapi.codecs.CodecImmunityTest" time="0"/>
  <testcase name="testImmuneEncode[XMLEntityCodec Full_ALPHA_AND_SPECIALS (d)]" classname="org.owasp.esapi.codecs.CodecImmunityTest" time="0"/>
  <testcase name="testImmuneEncode[XMLEntityCodec Full_ALPHA_AND_SPECIALS (e)]" classname="org.owasp.esapi.codecs.CodecImmunityTest" time="0"/>
  <testcase name="testImmuneEncode[XMLEntityCodec Full_ALPHA_AND_SPECIALS (f)]" classname="org.owasp.esapi.codecs.CodecImmunityTest" time="0"/>
  <testcase name="testImmuneEncode[XMLEntityCodec Full_ALPHA_AND_SPECIALS (g)]" classname="org.owasp.esapi.codecs.CodecImmunityTest" time="0"/>
  <testcase name="testImmuneEncode[XMLEntityCodec Full_ALPHA_AND_SPECIALS (h)]" classname="org.owasp.esapi.codecs.CodecImmunityTest" time="0.001"/>
  <testcase name="testImmuneEncode[XMLEntityCodec Full_ALPHA_AND_SPECIALS (i)]" classname="org.owasp.esapi.codecs.CodecImmunityTest" time="0"/>
  <testcase name="testImmuneEncode[XMLEntityCodec Full_ALPHA_AND_SPECIALS (j)]" classname="org.owasp.esapi.codecs.CodecImmunityTest" time="0"/>
  <testcase name="testImmuneEncode[XMLEntityCodec Full_ALPHA_AND_SPECIALS (k)]" classname="org.owasp.esapi.codecs.CodecImmunityTest" time="0"/>
  <testcase name="testImmuneEncode[XMLEntityCodec Full_ALPHA_AND_SPECIALS (l)]" classname="org.owasp.esapi.codecs.CodecImmunityTest" time="0"/>
  <testcase name="testImmuneEncode[XMLEntityCodec Full_ALPHA_AND_SPECIALS (m)]" classname="org.owasp.esapi.codecs.CodecImmunityTest" time="0"/>
  <testcase name="testImmuneEncode[XMLEntityCodec Full_ALPHA_AND_SPECIALS (n)]" classname="org.owasp.esapi.codecs.CodecImmunityTest" time="0"/>
  <testcase name="testImmuneEncode[XMLEntityCodec Full_ALPHA_AND_SPECIALS (o)]" classname="org.owasp.esapi.codecs.CodecImmunityTest" time="0"/>
  <testcase name="testImmuneEncode[XMLEntityCodec Full_ALPHA_AND_SPECIALS (p)]" classname="org.owasp.esapi.codecs.CodecImmunityTest" time="0"/>
  <testcase name="testImmuneEncode[XMLEntityCodec Full_ALPHA_AND_SPECIALS (q)]" classname="org.owasp.esapi.codecs.CodecImmunityTest" time="0"/>
  <testcase name="testImmuneEncode[XMLEntityCodec Full_ALPHA_AND_SPECIALS (r)]" classname="org.owasp.esapi.codecs.CodecImmunityTest" time="0"/>
  <testcase name="testImmuneEncode[XMLEntityCodec Full_ALPHA_AND_SPECIALS (s)]" classname="org.owasp.esapi.codecs.CodecImmunityTest" time="0"/>
  <testcase name="testImmuneEncode[XMLEntityCodec Full_ALPHA_AND_SPECIALS (t)]" classname="org.owasp.esapi.codecs.CodecImmunityTest" time="0"/>
  <testcase name="testImmuneEncode[XMLEntityCodec Full_ALPHA_AND_SPECIALS (u)]" classname="org.owasp.esapi.codecs.CodecImmunityTest" time="0"/>
  <testcase name="testImmuneEncode[XMLEntityCodec Full_ALPHA_AND_SPECIALS (v)]" classname="org.owasp.esapi.codecs.CodecImmunityTest" time="0"/>
  <testcase name="testImmuneEncode[XMLEntityCodec Full_ALPHA_AND_SPECIALS (w)]" classname="org.owasp.esapi.codecs.CodecImmunityTest" time="0"/>
  <testcase name="testImmuneEncode[XMLEntityCodec Full_ALPHA_AND_SPECIALS (x)]" classname="org.owasp.esapi.codecs.CodecImmunityTest" time="0"/>
  <testcase name="testImmuneEncode[XMLEntityCodec Full_ALPHA_AND_SPECIALS (y)]" classname="org.owasp.esapi.codecs.CodecImmunityTest" time="0"/>
  <testcase name="testImmuneEncode[XMLEntityCodec Full_ALPHA_AND_SPECIALS (z)]" classname="org.owasp.esapi.codecs.CodecImmunityTest" time="0"/>
  <testcase name="testImmuneEncode[XMLEntityCodec Full_ALPHA_AND_SPECIALS (|)]" classname="org.owasp.esapi.codecs.CodecImmunityTest" time="0"/>
  <testcase name="testImmuneEncode[XMLEntityCodec Full_ALPHA_AND_SPECIALS (~)]" classname="org.owasp.esapi.codecs.CodecImmunityTest" time="0"/>
</testsuite>