<?xml version="1.0" encoding="UTF-8"?>
<testsuite xmlns:xsi="http://www.w3.org/2001/XMLSchema-instance" xsi:schemaLocation="https://maven.apache.org/surefire/maven-surefire-plugin/xsd/surefire-test-report.xsd" name="org.owasp.esapi.reference.ExtensiveEncoderURITest" time="1.787" tests="2005" errors="0" skipped="0" failures="0">
  <properties>
    <property name="java.runtime.name" value="OpenJDK Runtime Environment"/>
    <property name="sun.boot.library.path" value="/usr/local/openjdk-8/jre/lib/amd64"/>
    <property name="java.vm.version" value="25.262-b10"/>
    <property name="animal.sniffer.skip" value="true"/>
    <property name="java.vm.vendor" value="Oracle Corporation"/>
    <property name="maven.multiModuleProjectDirectory" value="/tmp/tmpxb8s8wjh/esapi-java-legacy"/>
    <property name="maven.javadoc.skip" value="true"/>
    <property name="java.vendor.url" value="http://java.oracle.com/"/>
    <property name="path.separator" value=":"/>
    <property name="guice.disable.misplaced.annotation.check" value="true"/>
    <property name="java.vm.name" value="OpenJDK 64-Bit Server VM"/>
    <property name="file.encoding.pkg" value="sun.io"/>
    <property name="sun.java.launcher" value="SUN_STANDARD"/>
    <property name="sun.os.patch.level" value="unknown"/>
    <property name="source.skip" value="true"/>
    <property name="java.vm.specification.name" value="Java Virtual Machine Specification"/>
    <property name="user.dir" value="/tmp/tmpxb8s8wjh/esapi-java-legacy"/>
    <property name="java.runtime.version" value="1.8.0_262-b10"/>
    <property name="java.awt.graphicsenv" value="sun.awt.X11GraphicsEnvironment"/>
    <property name="java.endorsed.dirs" value="/usr/local/openjdk-8/jre/lib/endorsed"/>
    <property name="os.arch" value="amd64"/>
    <property name="java.io.tmpdir" value="/tmp"/>
    <property name="line.separator" value="&#10;"/>
    <property name="java.vm.specification.vendor" value="Oracle Corporation"/>
    <property name="os.name" value="Linux"/>
    <property name="classworlds.conf" value="/usr/share/maven/bin/m2.conf"/>
    <property name="sun.jnu.encoding" value="UTF-8"/>
    <property name="java.library.path" value="/usr/java/packages/lib/amd64:/usr/lib64:/lib64:/lib:/usr/lib"/>
    <property name="license.skip" value="true"/>
    <property name="maven.conf" value="/usr/share/maven/conf"/>
    <property name="java.specification.name" value="Java Platform API Specification"/>
    <property name="java.class.version" value="52.0"/>
    <property name="sun.management.compiler" value="HotSpot 64-Bit Tiered Compilers"/>
    <property name="maven.test.failure.ignore" value="true"/>
    <property name="os.version" value="4.15.0-109-generic"/>
    <property name="library.jansi.path" value="/usr/share/maven/lib/jansi-native"/>
    <property name="user.home" value="/home/jdbl"/>
    <property name="user.timezone" value="Etc/UTC"/>
    <property name="java.awt.printerjob" value="sun.print.PSPrinterJob"/>
    <property name="java.specification.version" value="1.8"/>
    <property name="file.encoding" value="UTF-8"/>
    <property name="user.name" value="jdbl"/>
    <property name="java.class.path" value="/usr/share/maven/boot/plexus-classworlds-2.6.0.jar"/>
    <property name="java.vm.specification.version" value="1.8"/>
    <property name="sun.arch.data.model" value="64"/>
    <property name="java.home" value="/usr/local/openjdk-8/jre"/>
    <property name="sun.java.command" value="org.codehaus.plexus.classworlds.launcher.Launcher test -e --fail-never -ntp -Dmaven.test.failure.ignore=true -B -Dmaven.javadoc.skip=true -Drat.skip=true -Danimal.sniffer.skip=true -Dmaven.javadoc.skip=true -Dlicense.skip=true -Dsource.skip=true"/>
    <property name="java.specification.vendor" value="Oracle Corporation"/>
    <property name="user.language" value="en"/>
    <property name="awt.toolkit" value="sun.awt.X11.XToolkit"/>
    <property name="java.vm.info" value="mixed mode"/>
    <property name="java.version" value="1.8.0_262"/>
    <property name="java.ext.dirs" value="/usr/local/openjdk-8/jre/lib/ext:/usr/java/packages/lib/ext"/>
    <property name="securerandom.source" value="file:/dev/./urandom"/>
    <property name="sun.boot.class.path" value="/usr/local/openjdk-8/jre/lib/resources.jar:/usr/local/openjdk-8/jre/lib/rt.jar:/usr/local/openjdk-8/jre/lib/sunrsasign.jar:/usr/local/openjdk-8/jre/lib/jsse.jar:/usr/local/openjdk-8/jre/lib/jce.jar:/usr/local/openjdk-8/jre/lib/charsets.jar:/usr/local/openjdk-8/jre/lib/jfr.jar:/usr/local/openjdk-8/jre/classes"/>
    <property name="java.vendor" value="Oracle Corporation"/>
    <property name="rat.skip" value="true"/>
    <property name="maven.home" value="/usr/share/maven"/>
    <property name="file.separator" value="/"/>
    <property name="java.vendor.url.bug" value="http://bugreport.sun.com/bugreport/"/>
    <property name="sun.cpu.endian" value="little"/>
    <property name="sun.io.unicode.encoding" value="UnicodeLittle"/>
    <property name="sun.cpu.isalist" value=""/>
  </properties>
  <testcase name="testUrlsFromFile[0]" classname="org.owasp.esapi.reference.ExtensiveEncoderURITest" time="0"/>
  <testcase name="testUrlsFromFile[1]" classname="org.owasp.esapi.reference.ExtensiveEncoderURITest" time="0.003"/>
  <testcase name="testUrlsFromFile[2]" classname="org.owasp.esapi.reference.ExtensiveEncoderURITest" time="0"/>
  <testcase name="testUrlsFromFile[3]" classname="org.owasp.esapi.reference.ExtensiveEncoderURITest" time="0"/>
  <testcase name="testUrlsFromFile[4]" classname="org.owasp.esapi.reference.ExtensiveEncoderURITest" time="0"/>
  <testcase name="testUrlsFromFile[5]" classname="org.owasp.esapi.reference.ExtensiveEncoderURITest" time="0.001"/>
  <testcase name="testUrlsFromFile[6]" classname="org.owasp.esapi.reference.ExtensiveEncoderURITest" time="0.002"/>
  <testcase name="testUrlsFromFile[7]" classname="org.owasp.esapi.reference.ExtensiveEncoderURITest" time="0.003"/>
  <testcase name="testUrlsFromFile[8]" classname="org.owasp.esapi.reference.ExtensiveEncoderURITest" time="0.002"/>
  <testcase name="testUrlsFromFile[9]" classname="org.owasp.esapi.reference.ExtensiveEncoderURITest" time="0.004"/>
  <testcase name="testUrlsFromFile[10]" classname="org.owasp.esapi.reference.ExtensiveEncoderURITest" time="0.001"/>
  <testcase name="testUrlsFromFile[11]" classname="org.owasp.esapi.reference.ExtensiveEncoderURITest" time="0"/>
  <testcase name="testUrlsFromFile[12]" classname="org.owasp.esapi.reference.ExtensiveEncoderURITest" time="0.001"/>
  <testcase name="testUrlsFromFile[13]" classname="org.owasp.esapi.reference.ExtensiveEncoderURITest" time="0.001"/>
  <testcase name="testUrlsFromFile[14]" classname="org.owasp.esapi.reference.ExtensiveEncoderURITest" time="0"/>
  <testcase name="testUrlsFromFile[15]" classname="org.owasp.esapi.reference.ExtensiveEncoderURITest" time="0.002"/>
  <testcase name="testUrlsFromFile[16]" classname="org.owasp.esapi.reference.ExtensiveEncoderURITest" time="0.001"/>
  <testcase name="testUrlsFromFile[17]" classname="org.owasp.esapi.reference.ExtensiveEncoderURITest" time="0.001"/>
  <testcase name="testUrlsFromFile[18]" classname="org.owasp.esapi.reference.ExtensiveEncoderURITest" time="0.002"/>
  <testcase name="testUrlsFromFile[19]" classname="org.owasp.esapi.reference.ExtensiveEncoderURITest" time="0.002"/>
  <testcase name="testUrlsFromFile[20]" classname="org.owasp.esapi.reference.ExtensiveEncoderURITest" time="0.001"/>
  <testcase name="testUrlsFromFile[21]" classname="org.owasp.esapi.reference.ExtensiveEncoderURITest" time="0.001"/>
  <testcase name="testUrlsFromFile[22]" classname="org.owasp.esapi.reference.ExtensiveEncoderURITest" time="0.002"/>
  <testcase name="testUrlsFromFile[23]" classname="org.owasp.esapi.reference.ExtensiveEncoderURITest" time="0.002"/>
  <testcase name="testUrlsFromFile[24]" classname="org.owasp.esapi.reference.ExtensiveEncoderURITest" time="0"/>
  <testcase name="testUrlsFromFile[25]" classname="org.owasp.esapi.reference.ExtensiveEncoderURITest" time="0.002"/>
  <testcase name="testUrlsFromFile[26]" classname="org.owasp.esapi.reference.ExtensiveEncoderURITest" time="0.001"/>
  <testcase name="testUrlsFromFile[27]" classname="org.owasp.esapi.reference.ExtensiveEncoderURITest" time="0.001"/>
  <testcase name="testUrlsFromFile[28]" classname="org.owasp.esapi.reference.ExtensiveEncoderURITest" time="0.001"/>
  <testcase name="testUrlsFromFile[29]" classname="org.owasp.esapi.reference.ExtensiveEncoderURITest" time="0"/>
  <testcase name="testUrlsFromFile[30]" classname="org.owasp.esapi.reference.ExtensiveEncoderURITest" time="0.001"/>
  <testcase name="testUrlsFromFile[31]" classname="org.owasp.esapi.reference.ExtensiveEncoderURITest" time="0.001"/>
  <testcase name="testUrlsFromFile[32]" classname="org.owasp.esapi.reference.ExtensiveEncoderURITest" time="0.002"/>
  <testcase name="testUrlsFromFile[33]" classname="org.owasp.esapi.reference.ExtensiveEncoderURITest" time="0.001"/>
  <testcase name="testUrlsFromFile[34]" classname="org.owasp.esapi.reference.ExtensiveEncoderURITest" time="0.002"/>
  <testcase name="testUrlsFromFile[35]" classname="org.owasp.esapi.reference.ExtensiveEncoderURITest" time="0.003"/>
  <testcase name="testUrlsFromFile[36]" classname="org.owasp.esapi.reference.ExtensiveEncoderURITest" time="0"/>
  <testcase name="testUrlsFromFile[37]" classname="org.owasp.esapi.reference.ExtensiveEncoderURITest" time="0"/>
  <testcase name="testUrlsFromFile[38]" classname="org.owasp.esapi.reference.ExtensiveEncoderURITest" time="0.002"/>
  <testcase name="testUrlsFromFile[39]" classname="org.owasp.esapi.reference.ExtensiveEncoderURITest" time="0.001"/>
  <testcase name="testUrlsFromFile[40]" classname="org.owasp.esapi.reference.ExtensiveEncoderURITest" time="0.001"/>
  <testcase name="testUrlsFromFile[41]" classname="org.owasp.esapi.reference.ExtensiveEncoderURITest" time="0.002"/>
  <testcase name="testUrlsFromFile[42]" classname="org.owasp.esapi.reference.ExtensiveEncoderURITest" time="0.002"/>
  <testcase name="testUrlsFromFile[43]" classname="org.owasp.esapi.reference.ExtensiveEncoderURITest" time="0.001"/>
  <testcase name="testUrlsFromFile[44]" classname="org.owasp.esapi.reference.ExtensiveEncoderURITest" time="0.001"/>
  <testcase name="testUrlsFromFile[45]" classname="org.owasp.esapi.reference.ExtensiveEncoderURITest" time="0.002"/>
  <testcase name="testUrlsFromFile[46]" classname="org.owasp.esapi.reference.ExtensiveEncoderURITest" time="0.001"/>
  <testcase name="testUrlsFromFile[47]" classname="org.owasp.esapi.reference.ExtensiveEncoderURITest" time="0"/>
  <testcase name="testUrlsFromFile[48]" classname="org.owasp.esapi.reference.ExtensiveEncoderURITest" time="0.002"/>
  <testcase name="testUrlsFromFile[49]" classname="org.owasp.esapi.reference.ExtensiveEncoderURITest" time="0.001"/>
  <testcase name="testUrlsFromFile[50]" classname="org.owasp.esapi.reference.ExtensiveEncoderURITest" time="0.001"/>
  <testcase name="testUrlsFromFile[51]" classname="org.owasp.esapi.reference.ExtensiveEncoderURITest" time="0.001"/>
  <testcase name="testUrlsFromFile[52]" classname="org.owasp.esapi.reference.ExtensiveEncoderURITest" time="0"/>
  <testcase name="testUrlsFromFile[53]" classname="org.owasp.esapi.reference.ExtensiveEncoderURITest" time="0"/>
  <testcase name="testUrlsFromFile[54]" classname="org.owasp.esapi.reference.ExtensiveEncoderURITest" time="0.002"/>
  <testcase name="testUrlsFromFile[55]" classname="org.owasp.esapi.reference.ExtensiveEncoderURITest" time="0"/>
  <testcase name="testUrlsFromFile[56]" classname="org.owasp.esapi.reference.ExtensiveEncoderURITest" time="0.002"/>
  <testcase name="testUrlsFromFile[57]" classname="org.owasp.esapi.reference.ExtensiveEncoderURITest" time="0.002"/>
  <testcase name="testUrlsFromFile[58]" classname="org.owasp.esapi.reference.ExtensiveEncoderURITest" time="0.001"/>
  <testcase name="testUrlsFromFile[59]" classname="org.owasp.esapi.reference.ExtensiveEncoderURITest" time="0.004"/>
  <testcase name="testUrlsFromFile[60]" classname="org.owasp.esapi.reference.ExtensiveEncoderURITest" time="0.001"/>
  <testcase name="testUrlsFromFile[61]" classname="org.owasp.esapi.reference.ExtensiveEncoderURITest" time="0"/>
  <testcase name="testUrlsFromFile[62]" classname="org.owasp.esapi.reference.ExtensiveEncoderURITest" time="0.001"/>
  <testcase name="testUrlsFromFile[63]" classname="org.owasp.esapi.reference.ExtensiveEncoderURITest" time="0.001"/>
  <testcase name="testUrlsFromFile[64]" classname="org.owasp.esapi.reference.ExtensiveEncoderURITest" time="0.001"/>
  <testcase name="testUrlsFromFile[65]" classname="org.owasp.esapi.reference.ExtensiveEncoderURITest" time="0"/>
  <testcase name="testUrlsFromFile[66]" classname="org.owasp.esapi.reference.ExtensiveEncoderURITest" time="0.001"/>
  <testcase name="testUrlsFromFile[67]" classname="org.owasp.esapi.reference.ExtensiveEncoderURITest" time="0.001"/>
  <testcase name="testUrlsFromFile[68]" classname="org.owasp.esapi.reference.ExtensiveEncoderURITest" time="0.002"/>
  <testcase name="testUrlsFromFile[69]" classname="org.owasp.esapi.reference.ExtensiveEncoderURITest" time="0.001"/>
  <testcase name="testUrlsFromFile[70]" classname="org.owasp.esapi.reference.ExtensiveEncoderURITest" time="0.001"/>
  <testcase name="testUrlsFromFile[71]" classname="org.owasp.esapi.reference.ExtensiveEncoderURITest" time="0.001"/>
  <testcase name="testUrlsFromFile[72]" classname="org.owasp.esapi.reference.ExtensiveEncoderURITest" time="0.002"/>
  <testcase name="testUrlsFromFile[73]" classname="org.owasp.esapi.reference.ExtensiveEncoderURITest" time="0.001"/>
  <testcase name="testUrlsFromFile[74]" classname="org.owasp.esapi.reference.ExtensiveEncoderURITest" time="0.001"/>
  <testcase name="testUrlsFromFile[75]" classname="org.owasp.esapi.reference.ExtensiveEncoderURITest" time="0.001"/>
  <testcase name="testUrlsFromFile[76]" classname="org.owasp.esapi.reference.ExtensiveEncoderURITest" time="0.002"/>
  <testcase name="testUrlsFromFile[77]" classname="org.owasp.esapi.reference.ExtensiveEncoderURITest" time="0.006"/>
  <testcase name="testUrlsFromFile[78]" classname="org.owasp.esapi.reference.ExtensiveEncoderURITest" time="0"/>
  <testcase name="testUrlsFromFile[79]" classname="org.owasp.esapi.reference.ExtensiveEncoderURITest" time="0"/>
  <testcase name="testUrlsFromFile[80]" classname="org.owasp.esapi.reference.ExtensiveEncoderURITest" time="0"/>
  <testcase name="testUrlsFromFile[81]" classname="org.owasp.esapi.reference.ExtensiveEncoderURITest" time="0"/>
  <testcase name="testUrlsFromFile[82]" classname="org.owasp.esapi.reference.ExtensiveEncoderURITest" time="0"/>
  <testcase name="testUrlsFromFile[83]" classname="org.owasp.esapi.reference.ExtensiveEncoderURITest" time="0"/>
  <testcase name="testUrlsFromFile[84]" classname="org.owasp.esapi.reference.ExtensiveEncoderURITest" time="0"/>
  <testcase name="testUrlsFromFile[85]" classname="org.owasp.esapi.reference.ExtensiveEncoderURITest" time="0.001"/>
  <testcase name="testUrlsFromFile[86]" classname="org.owasp.esapi.reference.ExtensiveEncoderURITest" time="0.005"/>
  <testcase name="testUrlsFromFile[87]" classname="org.owasp.esapi.reference.ExtensiveEncoderURITest" time="0"/>
  <testcase name="testUrlsFromFile[88]" classname="org.owasp.esapi.reference.ExtensiveEncoderURITest" time="0"/>
  <testcase name="testUrlsFromFile[89]" classname="org.owasp.esapi.reference.ExtensiveEncoderURITest" time="0.001"/>
  <testcase name="testUrlsFromFile[90]" classname="org.owasp.esapi.reference.ExtensiveEncoderURITest" time="0.001"/>
  <testcase name="testUrlsFromFile[91]" classname="org.owasp.esapi.reference.ExtensiveEncoderURITest" time="0"/>
  <testcase name="testUrlsFromFile[92]" classname="org.owasp.esapi.reference.ExtensiveEncoderURITest" time="0.002"/>
  <testcase name="testUrlsFromFile[93]" classname="org.owasp.esapi.reference.ExtensiveEncoderURITest" time="0.001"/>
  <testcase name="testUrlsFromFile[94]" classname="org.owasp.esapi.reference.ExtensiveEncoderURITest" time="0.001"/>
  <testcase name="testUrlsFromFile[95]" classname="org.owasp.esapi.reference.ExtensiveEncoderURITest" time="0.001"/>
  <testcase name="testUrlsFromFile[96]" classname="org.owasp.esapi.reference.ExtensiveEncoderURITest" time="0.001"/>
  <testcase name="testUrlsFromFile[97]" classname="org.owasp.esapi.reference.ExtensiveEncoderURITest" time="0.001"/>
  <testcase name="testUrlsFromFile[98]" classname="org.owasp.esapi.reference.ExtensiveEncoderURITest" time="0"/>
  <testcase name="testUrlsFromFile[99]" classname="org.owasp.esapi.reference.ExtensiveEncoderURITest" time="0.002"/>
  <testcase name="testUrlsFromFile[100]" classname="org.owasp.esapi.reference.ExtensiveEncoderURITest" time="0.002"/>
  <testcase name="testUrlsFromFile[101]" classname="org.owasp.esapi.reference.ExtensiveEncoderURITest" time="0"/>
  <testcase name="testUrlsFromFile[102]" classname="org.owasp.esapi.reference.ExtensiveEncoderURITest" time="0.001"/>
  <testcase name="testUrlsFromFile[103]" classname="org.owasp.esapi.reference.ExtensiveEncoderURITest" time="0"/>
  <testcase name="testUrlsFromFile[104]" classname="org.owasp.esapi.reference.ExtensiveEncoderURITest" time="0.002"/>
  <testcase name="testUrlsFromFile[105]" classname="org.owasp.esapi.reference.ExtensiveEncoderURITest" time="0.002"/>
  <testcase name="testUrlsFromFile[106]" classname="org.owasp.esapi.reference.ExtensiveEncoderURITest" time="0.002"/>
  <testcase name="testUrlsFromFile[107]" classname="org.owasp.esapi.reference.ExtensiveEncoderURITest" time="0.001"/>
  <testcase name="testUrlsFromFile[108]" classname="org.owasp.esapi.reference.ExtensiveEncoderURITest" time="0.001"/>
  <testcase name="testUrlsFromFile[109]" classname="org.owasp.esapi.reference.ExtensiveEncoderURITest" time="0.002"/>
  <testcase name="testUrlsFromFile[110]" classname="org.owasp.esapi.reference.ExtensiveEncoderURITest" time="0"/>
  <testcase name="testUrlsFromFile[111]" classname="org.owasp.esapi.reference.ExtensiveEncoderURITest" time="0.001"/>
  <testcase name="testUrlsFromFile[112]" classname="org.owasp.esapi.reference.ExtensiveEncoderURITest" time="0.002"/>
  <testcase name="testUrlsFromFile[113]" classname="org.owasp.esapi.reference.ExtensiveEncoderURITest" time="0.001"/>
  <testcase name="testUrlsFromFile[114]" classname="org.owasp.esapi.reference.ExtensiveEncoderURITest" time="0"/>
  <testcase name="testUrlsFromFile[115]" classname="org.owasp.esapi.reference.ExtensiveEncoderURITest" time="0"/>
  <testcase name="testUrlsFromFile[116]" classname="org.owasp.esapi.reference.ExtensiveEncoderURITest" time="0.001"/>
  <testcase name="testUrlsFromFile[117]" classname="org.owasp.esapi.reference.ExtensiveEncoderURITest" time="0.001"/>
  <testcase name="testUrlsFromFile[118]" classname="org.owasp.esapi.reference.ExtensiveEncoderURITest" time="0"/>
  <testcase name="testUrlsFromFile[119]" classname="org.owasp.esapi.reference.ExtensiveEncoderURITest" time="0.002"/>
  <testcase name="testUrlsFromFile[120]" classname="org.owasp.esapi.reference.ExtensiveEncoderURITest" time="0"/>
  <testcase name="testUrlsFromFile[121]" classname="org.owasp.esapi.reference.ExtensiveEncoderURITest" time="0.001"/>
  <testcase name="testUrlsFromFile[122]" classname="org.owasp.esapi.reference.ExtensiveEncoderURITest" time="0.002"/>
  <testcase name="testUrlsFromFile[123]" classname="org.owasp.esapi.reference.ExtensiveEncoderURITest" time="0"/>
  <testcase name="testUrlsFromFile[124]" classname="org.owasp.esapi.reference.ExtensiveEncoderURITest" time="0.002"/>
  <testcase name="testUrlsFromFile[125]" classname="org.owasp.esapi.reference.ExtensiveEncoderURITest" time="0.002"/>
  <testcase name="testUrlsFromFile[126]" classname="org.owasp.esapi.reference.ExtensiveEncoderURITest" time="0.002"/>
  <testcase name="testUrlsFromFile[127]" classname="org.owasp.esapi.reference.ExtensiveEncoderURITest" time="0"/>
  <testcase name="testUrlsFromFile[128]" classname="org.owasp.esapi.reference.ExtensiveEncoderURITest" time="0"/>
  <testcase name="testUrlsFromFile[129]" classname="org.owasp.esapi.reference.ExtensiveEncoderURITest" time="0.003"/>
  <testcase name="testUrlsFromFile[130]" classname="org.owasp.esapi.reference.ExtensiveEncoderURITest" time="0.001"/>
  <testcase name="testUrlsFromFile[131]" classname="org.owasp.esapi.reference.ExtensiveEncoderURITest" time="0"/>
  <testcase name="testUrlsFromFile[132]" classname="org.owasp.esapi.reference.ExtensiveEncoderURITest" time="0.001"/>
  <testcase name="testUrlsFromFile[133]" classname="org.owasp.esapi.reference.ExtensiveEncoderURITest" time="0.001"/>
  <testcase name="testUrlsFromFile[134]" classname="org.owasp.esapi.reference.ExtensiveEncoderURITest" time="0.001"/>
  <testcase name="testUrlsFromFile[135]" classname="org.owasp.esapi.reference.ExtensiveEncoderURITest" time="0.001"/>
  <testcase name="testUrlsFromFile[136]" classname="org.owasp.esapi.reference.ExtensiveEncoderURITest" time="0.001"/>
  <testcase name="testUrlsFromFile[137]" classname="org.owasp.esapi.reference.ExtensiveEncoderURITest" time="0.001"/>
  <testcase name="testUrlsFromFile[138]" classname="org.owasp.esapi.reference.ExtensiveEncoderURITest" time="0.001"/>
  <testcase name="testUrlsFromFile[139]" classname="org.owasp.esapi.reference.ExtensiveEncoderURITest" time="0"/>
  <testcase name="testUrlsFromFile[140]" classname="org.owasp.esapi.reference.ExtensiveEncoderURITest" time="0.001"/>
  <testcase name="testUrlsFromFile[141]" classname="org.owasp.esapi.reference.ExtensiveEncoderURITest" time="0.002"/>
  <testcase name="testUrlsFromFile[142]" classname="org.owasp.esapi.reference.ExtensiveEncoderURITest" time="0"/>
  <testcase name="testUrlsFromFile[143]" classname="org.owasp.esapi.reference.ExtensiveEncoderURITest" time="0.002"/>
  <testcase name="testUrlsFromFile[144]" classname="org.owasp.esapi.reference.ExtensiveEncoderURITest" time="0.002"/>
  <testcase name="testUrlsFromFile[145]" classname="org.owasp.esapi.reference.ExtensiveEncoderURITest" time="0.002"/>
  <testcase name="testUrlsFromFile[146]" classname="org.owasp.esapi.reference.ExtensiveEncoderURITest" time="0.001"/>
  <testcase name="testUrlsFromFile[147]" classname="org.owasp.esapi.reference.ExtensiveEncoderURITest" time="0.001"/>
  <testcase name="testUrlsFromFile[148]" classname="org.owasp.esapi.reference.ExtensiveEncoderURITest" time="0.001"/>
  <testcase name="testUrlsFromFile[149]" classname="org.owasp.esapi.reference.ExtensiveEncoderURITest" time="0"/>
  <testcase name="testUrlsFromFile[150]" classname="org.owasp.esapi.reference.ExtensiveEncoderURITest" time="0.001"/>
  <testcase name="testUrlsFromFile[151]" classname="org.owasp.esapi.reference.ExtensiveEncoderURITest" time="0"/>
  <testcase name="testUrlsFromFile[152]" classname="org.owasp.esapi.reference.ExtensiveEncoderURITest" time="0.002"/>
  <testcase name="testUrlsFromFile[153]" classname="org.owasp.esapi.reference.ExtensiveEncoderURITest" time="0.002"/>
  <testcase name="testUrlsFromFile[154]" classname="org.owasp.esapi.reference.ExtensiveEncoderURITest" time="0.001"/>
  <testcase name="testUrlsFromFile[155]" classname="org.owasp.esapi.reference.ExtensiveEncoderURITest" time="0.002"/>
  <testcase name="testUrlsFromFile[156]" classname="org.owasp.esapi.reference.ExtensiveEncoderURITest" time="0.001"/>
  <testcase name="testUrlsFromFile[157]" classname="org.owasp.esapi.reference.ExtensiveEncoderURITest" time="0.002"/>
  <testcase name="testUrlsFromFile[158]" classname="org.owasp.esapi.reference.ExtensiveEncoderURITest" time="0"/>
  <testcase name="testUrlsFromFile[159]" classname="org.owasp.esapi.reference.ExtensiveEncoderURITest" time="0.001"/>
  <testcase name="testUrlsFromFile[160]" classname="org.owasp.esapi.reference.ExtensiveEncoderURITest" time="0.001"/>
  <testcase name="testUrlsFromFile[161]" classname="org.owasp.esapi.reference.ExtensiveEncoderURITest" time="0.001"/>
  <testcase name="testUrlsFromFile[162]" classname="org.owasp.esapi.reference.ExtensiveEncoderURITest" time="0.001"/>
  <testcase name="testUrlsFromFile[163]" classname="org.owasp.esapi.reference.ExtensiveEncoderURITest" time="0.001"/>
  <testcase name="testUrlsFromFile[164]" classname="org.owasp.esapi.reference.ExtensiveEncoderURITest" time="0.001"/>
  <testcase name="testUrlsFromFile[165]" classname="org.owasp.esapi.reference.ExtensiveEncoderURITest" time="0.002"/>
  <testcase name="testUrlsFromFile[166]" classname="org.owasp.esapi.reference.ExtensiveEncoderURITest" time="0.001"/>
  <testcase name="testUrlsFromFile[167]" classname="org.owasp.esapi.reference.ExtensiveEncoderURITest" time="0.001"/>
  <testcase name="testUrlsFromFile[168]" classname="org.owasp.esapi.reference.ExtensiveEncoderURITest" time="0"/>
  <testcase name="testUrlsFromFile[169]" classname="org.owasp.esapi.reference.ExtensiveEncoderURITest" time="0.001"/>
  <testcase name="testUrlsFromFile[170]" classname="org.owasp.esapi.reference.ExtensiveEncoderURITest" time="0.001"/>
  <testcase name="testUrlsFromFile[171]" classname="org.owasp.esapi.reference.ExtensiveEncoderURITest" time="0.002"/>
  <testcase name="testUrlsFromFile[172]" classname="org.owasp.esapi.reference.ExtensiveEncoderURITest" time="0.002"/>
  <testcase name="testUrlsFromFile[173]" classname="org.owasp.esapi.reference.ExtensiveEncoderURITest" time="0.002"/>
  <testcase name="testUrlsFromFile[174]" classname="org.owasp.esapi.reference.ExtensiveEncoderURITest" time="0"/>
  <testcase name="testUrlsFromFile[175]" classname="org.owasp.esapi.reference.ExtensiveEncoderURITest" time="0.001"/>
  <testcase name="testUrlsFromFile[176]" classname="org.owasp.esapi.reference.ExtensiveEncoderURITest" time="0.002"/>
  <testcase name="testUrlsFromFile[177]" classname="org.owasp.esapi.reference.ExtensiveEncoderURITest" time="0.001"/>
  <testcase name="testUrlsFromFile[178]" classname="org.owasp.esapi.reference.ExtensiveEncoderURITest" time="0.001"/>
  <testcase name="testUrlsFromFile[179]" classname="org.owasp.esapi.reference.ExtensiveEncoderURITest" time="0.001"/>
  <testcase name="testUrlsFromFile[180]" classname="org.owasp.esapi.reference.ExtensiveEncoderURITest" time="0.001"/>
  <testcase name="testUrlsFromFile[181]" classname="org.owasp.esapi.reference.ExtensiveEncoderURITest" time="0"/>
  <testcase name="testUrlsFromFile[182]" classname="org.owasp.esapi.reference.ExtensiveEncoderURITest" time="0"/>
  <testcase name="testUrlsFromFile[183]" classname="org.owasp.esapi.reference.ExtensiveEncoderURITest" time="0.002"/>
  <testcase name="testUrlsFromFile[184]" classname="org.owasp.esapi.reference.ExtensiveEncoderURITest" time="0.001"/>
  <testcase name="testUrlsFromFile[185]" classname="org.owasp.esapi.reference.ExtensiveEncoderURITest" time="0"/>
  <testcase name="testUrlsFromFile[186]" classname="org.owasp.esapi.reference.ExtensiveEncoderURITest" time="0.002"/>
  <testcase name="testUrlsFromFile[187]" classname="org.owasp.esapi.reference.ExtensiveEncoderURITest" time="0.001"/>
  <testcase name="testUrlsFromFile[188]" classname="org.owasp.esapi.reference.ExtensiveEncoderURITest" time="0.001"/>
  <testcase name="testUrlsFromFile[189]" classname="org.owasp.esapi.reference.ExtensiveEncoderURITest" time="0.001"/>
  <testcase name="testUrlsFromFile[190]" classname="org.owasp.esapi.reference.ExtensiveEncoderURITest" time="0.001"/>
  <testcase name="testUrlsFromFile[191]" classname="org.owasp.esapi.reference.ExtensiveEncoderURITest" time="0"/>
  <testcase name="testUrlsFromFile[192]" classname="org.owasp.esapi.reference.ExtensiveEncoderURITest" time="0.001"/>
  <testcase name="testUrlsFromFile[193]" classname="org.owasp.esapi.reference.ExtensiveEncoderURITest" time="0.001"/>
  <testcase name="testUrlsFromFile[194]" classname="org.owasp.esapi.reference.ExtensiveEncoderURITest" time="0"/>
  <testcase name="testUrlsFromFile[195]" classname="org.owasp.esapi.reference.ExtensiveEncoderURITest" time="0.002"/>
  <testcase name="testUrlsFromFile[196]" classname="org.owasp.esapi.reference.ExtensiveEncoderURITest" time="0.001"/>
  <testcase name="testUrlsFromFile[197]" classname="org.owasp.esapi.reference.ExtensiveEncoderURITest" time="0"/>
  <testcase name="testUrlsFromFile[198]" classname="org.owasp.esapi.reference.ExtensiveEncoderURITest" time="0.001"/>
  <testcase name="testUrlsFromFile[199]" classname="org.owasp.esapi.reference.ExtensiveEncoderURITest" time="0.002"/>
  <testcase name="testUrlsFromFile[200]" classname="org.owasp.esapi.reference.ExtensiveEncoderURITest" time="0.001"/>
  <testcase name="testUrlsFromFile[201]" classname="org.owasp.esapi.reference.ExtensiveEncoderURITest" time="0"/>
  <testcase name="testUrlsFromFile[202]" classname="org.owasp.esapi.reference.ExtensiveEncoderURITest" time="0.001"/>
  <testcase name="testUrlsFromFile[203]" classname="org.owasp.esapi.reference.ExtensiveEncoderURITest" time="0"/>
  <testcase name="testUrlsFromFile[204]" classname="org.owasp.esapi.reference.ExtensiveEncoderURITest" time="0.001"/>
  <testcase name="testUrlsFromFile[205]" classname="org.owasp.esapi.reference.ExtensiveEncoderURITest" time="0.001"/>
  <testcase name="testUrlsFromFile[206]" classname="org.owasp.esapi.reference.ExtensiveEncoderURITest" time="0.001"/>
  <testcase name="testUrlsFromFile[207]" classname="org.owasp.esapi.reference.ExtensiveEncoderURITest" time="0.001"/>
  <testcase name="testUrlsFromFile[208]" classname="org.owasp.esapi.reference.ExtensiveEncoderURITest" time="0"/>
  <testcase name="testUrlsFromFile[209]" classname="org.owasp.esapi.reference.ExtensiveEncoderURITest" time="0.001"/>
  <testcase name="testUrlsFromFile[210]" classname="org.owasp.esapi.reference.ExtensiveEncoderURITest" time="0.002"/>
  <testcase name="testUrlsFromFile[211]" classname="org.owasp.esapi.reference.ExtensiveEncoderURITest" time="0.001"/>
  <testcase name="testUrlsFromFile[212]" classname="org.owasp.esapi.reference.ExtensiveEncoderURITest" time="0.002"/>
  <testcase name="testUrlsFromFile[213]" classname="org.owasp.esapi.reference.ExtensiveEncoderURITest" time="0.001"/>
  <testcase name="testUrlsFromFile[214]" classname="org.owasp.esapi.reference.ExtensiveEncoderURITest" time="0.001"/>
  <testcase name="testUrlsFromFile[215]" classname="org.owasp.esapi.reference.ExtensiveEncoderURITest" time="0.002"/>
  <testcase name="testUrlsFromFile[216]" classname="org.owasp.esapi.reference.ExtensiveEncoderURITest" time="0.001"/>
  <testcase name="testUrlsFromFile[217]" classname="org.owasp.esapi.reference.ExtensiveEncoderURITest" time="0"/>
  <testcase name="testUrlsFromFile[218]" classname="org.owasp.esapi.reference.ExtensiveEncoderURITest" time="0.001"/>
  <testcase name="testUrlsFromFile[219]" classname="org.owasp.esapi.reference.ExtensiveEncoderURITest" time="0.001"/>
  <testcase name="testUrlsFromFile[220]" classname="org.owasp.esapi.reference.ExtensiveEncoderURITest" time="0.001"/>
  <testcase name="testUrlsFromFile[221]" classname="org.owasp.esapi.reference.ExtensiveEncoderURITest" time="0"/>
  <testcase name="testUrlsFromFile[222]" classname="org.owasp.esapi.reference.ExtensiveEncoderURITest" time="0"/>
  <testcase name="testUrlsFromFile[223]" classname="org.owasp.esapi.reference.ExtensiveEncoderURITest" time="0.002"/>
  <testcase name="testUrlsFromFile[224]" classname="org.owasp.esapi.reference.ExtensiveEncoderURITest" time="0.001"/>
  <testcase name="testUrlsFromFile[225]" classname="org.owasp.esapi.reference.ExtensiveEncoderURITest" time="0.001"/>
  <testcase name="testUrlsFromFile[226]" classname="org.owasp.esapi.reference.ExtensiveEncoderURITest" time="0.001"/>
  <testcase name="testUrlsFromFile[227]" classname="org.owasp.esapi.reference.ExtensiveEncoderURITest" time="0.002"/>
  <testcase name="testUrlsFromFile[228]" classname="org.owasp.esapi.reference.ExtensiveEncoderURITest" time="0.001"/>
  <testcase name="testUrlsFromFile[229]" classname="org.owasp.esapi.reference.ExtensiveEncoderURITest" time="0.001"/>
  <testcase name="testUrlsFromFile[230]" classname="org.owasp.esapi.reference.ExtensiveEncoderURITest" time="0.002"/>
  <testcase name="testUrlsFromFile[231]" classname="org.owasp.esapi.reference.ExtensiveEncoderURITest" time="0.001"/>
  <testcase name="testUrlsFromFile[232]" classname="org.owasp.esapi.reference.ExtensiveEncoderURITest" time="0"/>
  <testcase name="testUrlsFromFile[233]" classname="org.owasp.esapi.reference.ExtensiveEncoderURITest" time="0.001"/>
  <testcase name="testUrlsFromFile[234]" classname="org.owasp.esapi.reference.ExtensiveEncoderURITest" time="0.001"/>
  <testcase name="testUrlsFromFile[235]" classname="org.owasp.esapi.reference.ExtensiveEncoderURITest" time="0.002"/>
  <testcase name="testUrlsFromFile[236]" classname="org.owasp.esapi.reference.ExtensiveEncoderURITest" time="0.001"/>
  <testcase name="testUrlsFromFile[237]" classname="org.owasp.esapi.reference.ExtensiveEncoderURITest" time="0.001"/>
  <testcase name="testUrlsFromFile[238]" classname="org.owasp.esapi.reference.ExtensiveEncoderURITest" time="0"/>
  <testcase name="testUrlsFromFile[239]" classname="org.owasp.esapi.reference.ExtensiveEncoderURITest" time="0.001"/>
  <testcase name="testUrlsFromFile[240]" classname="org.owasp.esapi.reference.ExtensiveEncoderURITest" time="0.002"/>
  <testcase name="testUrlsFromFile[241]" classname="org.owasp.esapi.reference.ExtensiveEncoderURITest" time="0"/>
  <testcase name="testUrlsFromFile[242]" classname="org.owasp.esapi.reference.ExtensiveEncoderURITest" time="0.001"/>
  <testcase name="testUrlsFromFile[243]" classname="org.owasp.esapi.reference.ExtensiveEncoderURITest" time="0.001"/>
  <testcase name="testUrlsFromFile[244]" classname="org.owasp.esapi.reference.ExtensiveEncoderURITest" time="0.002"/>
  <testcase name="testUrlsFromFile[245]" classname="org.owasp.esapi.reference.ExtensiveEncoderURITest" time="0.001"/>
  <testcase name="testUrlsFromFile[246]" classname="org.owasp.esapi.reference.ExtensiveEncoderURITest" time="0"/>
  <testcase name="testUrlsFromFile[247]" classname="org.owasp.esapi.reference.ExtensiveEncoderURITest" time="0.001"/>
  <testcase name="testUrlsFromFile[248]" classname="org.owasp.esapi.reference.ExtensiveEncoderURITest" time="0.001"/>
  <testcase name="testUrlsFromFile[249]" classname="org.owasp.esapi.reference.ExtensiveEncoderURITest" time="0.001"/>
  <testcase name="testUrlsFromFile[250]" classname="org.owasp.esapi.reference.ExtensiveEncoderURITest" time="0.002"/>
  <testcase name="testUrlsFromFile[251]" classname="org.owasp.esapi.reference.ExtensiveEncoderURITest" time="0.001"/>
  <testcase name="testUrlsFromFile[252]" classname="org.owasp.esapi.reference.ExtensiveEncoderURITest" time="0.001"/>
  <testcase name="testUrlsFromFile[253]" classname="org.owasp.esapi.reference.ExtensiveEncoderURITest" time="0.002"/>
  <testcase name="testUrlsFromFile[254]" classname="org.owasp.esapi.reference.ExtensiveEncoderURITest" time="0.002"/>
  <testcase name="testUrlsFromFile[255]" classname="org.owasp.esapi.reference.ExtensiveEncoderURITest" time="0.001"/>
  <testcase name="testUrlsFromFile[256]" classname="org.owasp.esapi.reference.ExtensiveEncoderURITest" time="0.001"/>
  <testcase name="testUrlsFromFile[257]" classname="org.owasp.esapi.reference.ExtensiveEncoderURITest" time="0.001"/>
  <testcase name="testUrlsFromFile[258]" classname="org.owasp.esapi.reference.ExtensiveEncoderURITest" time="0.001"/>
  <testcase name="testUrlsFromFile[259]" classname="org.owasp.esapi.reference.ExtensiveEncoderURITest" time="0.002"/>
  <testcase name="testUrlsFromFile[260]" classname="org.owasp.esapi.reference.ExtensiveEncoderURITest" time="0"/>
  <testcase name="testUrlsFromFile[261]" classname="org.owasp.esapi.reference.ExtensiveEncoderURITest" time="0.001"/>
  <testcase name="testUrlsFromFile[262]" classname="org.owasp.esapi.reference.ExtensiveEncoderURITest" time="0.001"/>
  <testcase name="testUrlsFromFile[263]" classname="org.owasp.esapi.reference.ExtensiveEncoderURITest" time="0.001"/>
  <testcase name="testUrlsFromFile[264]" classname="org.owasp.esapi.reference.ExtensiveEncoderURITest" time="0.002"/>
  <testcase name="testUrlsFromFile[265]" classname="org.owasp.esapi.reference.ExtensiveEncoderURITest" time="0"/>
  <testcase name="testUrlsFromFile[266]" classname="org.owasp.esapi.reference.ExtensiveEncoderURITest" time="0.001"/>
  <testcase name="testUrlsFromFile[267]" classname="org.owasp.esapi.reference.ExtensiveEncoderURITest" time="0.001"/>
  <testcase name="testUrlsFromFile[268]" classname="org.owasp.esapi.reference.ExtensiveEncoderURITest" time="0"/>
  <testcase name="testUrlsFromFile[269]" classname="org.owasp.esapi.reference.ExtensiveEncoderURITest" time="0"/>
  <testcase name="testUrlsFromFile[270]" classname="org.owasp.esapi.reference.ExtensiveEncoderURITest" time="0"/>
  <testcase name="testUrlsFromFile[271]" classname="org.owasp.esapi.reference.ExtensiveEncoderURITest" time="0.001"/>
  <testcase name="testUrlsFromFile[272]" classname="org.owasp.esapi.reference.ExtensiveEncoderURITest" time="0.001"/>
  <testcase name="testUrlsFromFile[273]" classname="org.owasp.esapi.reference.ExtensiveEncoderURITest" time="0.001"/>
  <testcase name="testUrlsFromFile[274]" classname="org.owasp.esapi.reference.ExtensiveEncoderURITest" time="0"/>
  <testcase name="testUrlsFromFile[275]" classname="org.owasp.esapi.reference.ExtensiveEncoderURITest" time="0.001"/>
  <testcase name="testUrlsFromFile[276]" classname="org.owasp.esapi.reference.ExtensiveEncoderURITest" time="0"/>
  <testcase name="testUrlsFromFile[277]" classname="org.owasp.esapi.reference.ExtensiveEncoderURITest" time="0.001"/>
  <testcase name="testUrlsFromFile[278]" classname="org.owasp.esapi.reference.ExtensiveEncoderURITest" time="0"/>
  <testcase name="testUrlsFromFile[279]" classname="org.owasp.esapi.reference.ExtensiveEncoderURITest" time="0"/>
  <testcase name="testUrlsFromFile[280]" classname="org.owasp.esapi.reference.ExtensiveEncoderURITest" time="0.001"/>
  <testcase name="testUrlsFromFile[281]" classname="org.owasp.esapi.reference.ExtensiveEncoderURITest" time="0.002"/>
  <testcase name="testUrlsFromFile[282]" classname="org.owasp.esapi.reference.ExtensiveEncoderURITest" time="0.001"/>
  <testcase name="testUrlsFromFile[283]" classname="org.owasp.esapi.reference.ExtensiveEncoderURITest" time="0.002"/>
  <testcase name="testUrlsFromFile[284]" classname="org.owasp.esapi.reference.ExtensiveEncoderURITest" time="0"/>
  <testcase name="testUrlsFromFile[285]" classname="org.owasp.esapi.reference.ExtensiveEncoderURITest" time="0.001"/>
  <testcase name="testUrlsFromFile[286]" classname="org.owasp.esapi.reference.ExtensiveEncoderURITest" time="0"/>
  <testcase name="testUrlsFromFile[287]" classname="org.owasp.esapi.reference.ExtensiveEncoderURITest" time="0.002"/>
  <testcase name="testUrlsFromFile[288]" classname="org.owasp.esapi.reference.ExtensiveEncoderURITest" time="0"/>
  <testcase name="testUrlsFromFile[289]" classname="org.owasp.esapi.reference.ExtensiveEncoderURITest" time="0.001"/>
  <testcase name="testUrlsFromFile[290]" classname="org.owasp.esapi.reference.ExtensiveEncoderURITest" time="0.001"/>
  <testcase name="testUrlsFromFile[291]" classname="org.owasp.esapi.reference.ExtensiveEncoderURITest" time="0.002"/>
  <testcase name="testUrlsFromFile[292]" classname="org.owasp.esapi.reference.ExtensiveEncoderURITest" time="0.001"/>
  <testcase name="testUrlsFromFile[293]" classname="org.owasp.esapi.reference.ExtensiveEncoderURITest" time="0.001"/>
  <testcase name="testUrlsFromFile[294]" classname="org.owasp.esapi.reference.ExtensiveEncoderURITest" time="0.001"/>
  <testcase name="testUrlsFromFile[295]" classname="org.owasp.esapi.reference.ExtensiveEncoderURITest" time="0.001"/>
  <testcase name="testUrlsFromFile[296]" classname="org.owasp.esapi.reference.ExtensiveEncoderURITest" time="0"/>
  <testcase name="testUrlsFromFile[297]" classname="org.owasp.esapi.reference.ExtensiveEncoderURITest" time="0.002"/>
  <testcase name="testUrlsFromFile[298]" classname="org.owasp.esapi.reference.ExtensiveEncoderURITest" time="0.001"/>
  <testcase name="testUrlsFromFile[299]" classname="org.owasp.esapi.reference.ExtensiveEncoderURITest" time="0.001"/>
  <testcase name="testUrlsFromFile[300]" classname="org.owasp.esapi.reference.ExtensiveEncoderURITest" time="0.001"/>
  <testcase name="testUrlsFromFile[301]" classname="org.owasp.esapi.reference.ExtensiveEncoderURITest" time="0"/>
  <testcase name="testUrlsFromFile[302]" classname="org.owasp.esapi.reference.ExtensiveEncoderURITest" time="0.001"/>
  <testcase name="testUrlsFromFile[303]" classname="org.owasp.esapi.reference.ExtensiveEncoderURITest" time="0"/>
  <testcase name="testUrlsFromFile[304]" classname="org.owasp.esapi.reference.ExtensiveEncoderURITest" time="0.001"/>
  <testcase name="testUrlsFromFile[305]" classname="org.owasp.esapi.reference.ExtensiveEncoderURITest" time="0.001"/>
  <testcase name="testUrlsFromFile[306]" classname="org.owasp.esapi.reference.ExtensiveEncoderURITest" time="0.001"/>
  <testcase name="testUrlsFromFile[307]" classname="org.owasp.esapi.reference.ExtensiveEncoderURITest" time="0.001"/>
  <testcase name="testUrlsFromFile[308]" classname="org.owasp.esapi.reference.ExtensiveEncoderURITest" time="0.002"/>
  <testcase name="testUrlsFromFile[309]" classname="org.owasp.esapi.reference.ExtensiveEncoderURITest" time="0"/>
  <testcase name="testUrlsFromFile[310]" classname="org.owasp.esapi.reference.ExtensiveEncoderURITest" time="0"/>
  <testcase name="testUrlsFromFile[311]" classname="org.owasp.esapi.reference.ExtensiveEncoderURITest" time="0.001"/>
  <testcase name="testUrlsFromFile[312]" classname="org.owasp.esapi.reference.ExtensiveEncoderURITest" time="0.001"/>
  <testcase name="testUrlsFromFile[313]" classname="org.owasp.esapi.reference.ExtensiveEncoderURITest" time="0"/>
  <testcase name="testUrlsFromFile[314]" classname="org.owasp.esapi.reference.ExtensiveEncoderURITest" time="0.002"/>
  <testcase name="testUrlsFromFile[315]" classname="org.owasp.esapi.reference.ExtensiveEncoderURITest" time="0.001"/>
  <testcase name="testUrlsFromFile[316]" classname="org.owasp.esapi.reference.ExtensiveEncoderURITest" time="0.001"/>
  <testcase name="testUrlsFromFile[317]" classname="org.owasp.esapi.reference.ExtensiveEncoderURITest" time="0.001"/>
  <testcase name="testUrlsFromFile[318]" classname="org.owasp.esapi.reference.ExtensiveEncoderURITest" time="0.003"/>
  <testcase name="testUrlsFromFile[319]" classname="org.owasp.esapi.reference.ExtensiveEncoderURITest" time="0"/>
  <testcase name="testUrlsFromFile[320]" classname="org.owasp.esapi.reference.ExtensiveEncoderURITest" time="0"/>
  <testcase name="testUrlsFromFile[321]" classname="org.owasp.esapi.reference.ExtensiveEncoderURITest" time="0.002"/>
  <testcase name="testUrlsFromFile[322]" classname="org.owasp.esapi.reference.ExtensiveEncoderURITest" time="0.001"/>
  <testcase name="testUrlsFromFile[323]" classname="org.owasp.esapi.reference.ExtensiveEncoderURITest" time="0"/>
  <testcase name="testUrlsFromFile[324]" classname="org.owasp.esapi.reference.ExtensiveEncoderURITest" time="0.001"/>
  <testcase name="testUrlsFromFile[325]" classname="org.owasp.esapi.reference.ExtensiveEncoderURITest" time="0.001"/>
  <testcase name="testUrlsFromFile[326]" classname="org.owasp.esapi.reference.ExtensiveEncoderURITest" time="0.002"/>
  <testcase name="testUrlsFromFile[327]" classname="org.owasp.esapi.reference.ExtensiveEncoderURITest" time="0.002"/>
  <testcase name="testUrlsFromFile[328]" classname="org.owasp.esapi.reference.ExtensiveEncoderURITest" time="0.001"/>
  <testcase name="testUrlsFromFile[329]" classname="org.owasp.esapi.reference.ExtensiveEncoderURITest" time="0.001"/>
  <testcase name="testUrlsFromFile[330]" classname="org.owasp.esapi.reference.ExtensiveEncoderURITest" time="0"/>
  <testcase name="testUrlsFromFile[331]" classname="org.owasp.esapi.reference.ExtensiveEncoderURITest" time="0.001"/>
  <testcase name="testUrlsFromFile[332]" classname="org.owasp.esapi.reference.ExtensiveEncoderURITest" time="0.002"/>
  <testcase name="testUrlsFromFile[333]" classname="org.owasp.esapi.reference.ExtensiveEncoderURITest" time="0.002"/>
  <testcase name="testUrlsFromFile[334]" classname="org.owasp.esapi.reference.ExtensiveEncoderURITest" time="0"/>
  <testcase name="testUrlsFromFile[335]" classname="org.owasp.esapi.reference.ExtensiveEncoderURITest" time="0.001"/>
  <testcase name="testUrlsFromFile[336]" classname="org.owasp.esapi.reference.ExtensiveEncoderURITest" time="0.001"/>
  <testcase name="testUrlsFromFile[337]" classname="org.owasp.esapi.reference.ExtensiveEncoderURITest" time="0.004"/>
  <testcase name="testUrlsFromFile[338]" classname="org.owasp.esapi.reference.ExtensiveEncoderURITest" time="0"/>
  <testcase name="testUrlsFromFile[339]" classname="org.owasp.esapi.reference.ExtensiveEncoderURITest" time="0"/>
  <testcase name="testUrlsFromFile[340]" classname="org.owasp.esapi.reference.ExtensiveEncoderURITest" time="0"/>
  <testcase name="testUrlsFromFile[341]" classname="org.owasp.esapi.reference.ExtensiveEncoderURITest" time="0.002"/>
  <testcase name="testUrlsFromFile[342]" classname="org.owasp.esapi.reference.ExtensiveEncoderURITest" time="0.001"/>
  <testcase name="testUrlsFromFile[343]" classname="org.owasp.esapi.reference.ExtensiveEncoderURITest" time="0"/>
  <testcase name="testUrlsFromFile[344]" classname="org.owasp.esapi.reference.ExtensiveEncoderURITest" time="0.002"/>
  <testcase name="testUrlsFromFile[345]" classname="org.owasp.esapi.reference.ExtensiveEncoderURITest" time="0.002"/>
  <testcase name="testUrlsFromFile[346]" classname="org.owasp.esapi.reference.ExtensiveEncoderURITest" time="0.001"/>
  <testcase name="testUrlsFromFile[347]" classname="org.owasp.esapi.reference.ExtensiveEncoderURITest" time="0"/>
  <testcase name="testUrlsFromFile[348]" classname="org.owasp.esapi.reference.ExtensiveEncoderURITest" time="0.001"/>
  <testcase name="testUrlsFromFile[349]" classname="org.owasp.esapi.reference.ExtensiveEncoderURITest" time="0.002"/>
  <testcase name="testUrlsFromFile[350]" classname="org.owasp.esapi.reference.ExtensiveEncoderURITest" time="0.001"/>
  <testcase name="testUrlsFromFile[351]" classname="org.owasp.esapi.reference.ExtensiveEncoderURITest" time="0.018"/>
  <testcase name="testUrlsFromFile[352]" classname="org.owasp.esapi.reference.ExtensiveEncoderURITest" time="0.001"/>
  <testcase name="testUrlsFromFile[353]" classname="org.owasp.esapi.reference.ExtensiveEncoderURITest" time="0.002"/>
  <testcase name="testUrlsFromFile[354]" classname="org.owasp.esapi.reference.ExtensiveEncoderURITest" time="0.002"/>
  <testcase name="testUrlsFromFile[355]" classname="org.owasp.esapi.reference.ExtensiveEncoderURITest" time="0.001"/>
  <testcase name="testUrlsFromFile[356]" classname="org.owasp.esapi.reference.ExtensiveEncoderURITest" time="0.001"/>
  <testcase name="testUrlsFromFile[357]" classname="org.owasp.esapi.reference.ExtensiveEncoderURITest" time="0.001"/>
  <testcase name="testUrlsFromFile[358]" classname="org.owasp.esapi.reference.ExtensiveEncoderURITest" time="0.001"/>
  <testcase name="testUrlsFromFile[359]" classname="org.owasp.esapi.reference.ExtensiveEncoderURITest" time="0.001"/>
  <testcase name="testUrlsFromFile[360]" classname="org.owasp.esapi.reference.ExtensiveEncoderURITest" time="0.002"/>
  <testcase name="testUrlsFromFile[361]" classname="org.owasp.esapi.reference.ExtensiveEncoderURITest" time="0.001"/>
  <testcase name="testUrlsFromFile[362]" classname="org.owasp.esapi.reference.ExtensiveEncoderURITest" time="0"/>
  <testcase name="testUrlsFromFile[363]" classname="org.owasp.esapi.reference.ExtensiveEncoderURITest" time="0.002"/>
  <testcase name="testUrlsFromFile[364]" classname="org.owasp.esapi.reference.ExtensiveEncoderURITest" time="0.001"/>
  <testcase name="testUrlsFromFile[365]" classname="org.owasp.esapi.reference.ExtensiveEncoderURITest" time="0.001"/>
  <testcase name="testUrlsFromFile[366]" classname="org.owasp.esapi.reference.ExtensiveEncoderURITest" time="0"/>
  <testcase name="testUrlsFromFile[367]" classname="org.owasp.esapi.reference.ExtensiveEncoderURITest" time="0.001"/>
  <testcase name="testUrlsFromFile[368]" classname="org.owasp.esapi.reference.ExtensiveEncoderURITest" time="0.001"/>
  <testcase name="testUrlsFromFile[369]" classname="org.owasp.esapi.reference.ExtensiveEncoderURITest" time="0.001"/>
  <testcase name="testUrlsFromFile[370]" classname="org.owasp.esapi.reference.ExtensiveEncoderURITest" time="0.001"/>
  <testcase name="testUrlsFromFile[371]" classname="org.owasp.esapi.reference.ExtensiveEncoderURITest" time="0"/>
  <testcase name="testUrlsFromFile[372]" classname="org.owasp.esapi.reference.ExtensiveEncoderURITest" time="0.001"/>
  <testcase name="testUrlsFromFile[373]" classname="org.owasp.esapi.reference.ExtensiveEncoderURITest" time="0.001"/>
  <testcase name="testUrlsFromFile[374]" classname="org.owasp.esapi.reference.ExtensiveEncoderURITest" time="0.002"/>
  <testcase name="testUrlsFromFile[375]" classname="org.owasp.esapi.reference.ExtensiveEncoderURITest" time="0.001"/>
  <testcase name="testUrlsFromFile[376]" classname="org.owasp.esapi.reference.ExtensiveEncoderURITest" time="0.002"/>
  <testcase name="testUrlsFromFile[377]" classname="org.owasp.esapi.reference.ExtensiveEncoderURITest" time="0.002"/>
  <testcase name="testUrlsFromFile[378]" classname="org.owasp.esapi.reference.ExtensiveEncoderURITest" time="0.001"/>
  <testcase name="testUrlsFromFile[379]" classname="org.owasp.esapi.reference.ExtensiveEncoderURITest" time="0.001"/>
  <testcase name="testUrlsFromFile[380]" classname="org.owasp.esapi.reference.ExtensiveEncoderURITest" time="0.001"/>
  <testcase name="testUrlsFromFile[381]" classname="org.owasp.esapi.reference.ExtensiveEncoderURITest" time="0.002"/>
  <testcase name="testUrlsFromFile[382]" classname="org.owasp.esapi.reference.ExtensiveEncoderURITest" time="0"/>
  <testcase name="testUrlsFromFile[383]" classname="org.owasp.esapi.reference.ExtensiveEncoderURITest" time="0.002"/>
  <testcase name="testUrlsFromFile[384]" classname="org.owasp.esapi.reference.ExtensiveEncoderURITest" time="0.001"/>
  <testcase name="testUrlsFromFile[385]" classname="org.owasp.esapi.reference.ExtensiveEncoderURITest" time="0"/>
  <testcase name="testUrlsFromFile[386]" classname="org.owasp.esapi.reference.ExtensiveEncoderURITest" time="0.002"/>
  <testcase name="testUrlsFromFile[387]" classname="org.owasp.esapi.reference.ExtensiveEncoderURITest" time="0"/>
  <testcase name="testUrlsFromFile[388]" classname="org.owasp.esapi.reference.ExtensiveEncoderURITest" time="0.001"/>
  <testcase name="testUrlsFromFile[389]" classname="org.owasp.esapi.reference.ExtensiveEncoderURITest" time="0"/>
  <testcase name="testUrlsFromFile[390]" classname="org.owasp.esapi.reference.ExtensiveEncoderURITest" time="0.001"/>
  <testcase name="testUrlsFromFile[391]" classname="org.owasp.esapi.reference.ExtensiveEncoderURITest" time="0.004"/>
  <testcase name="testUrlsFromFile[392]" classname="org.owasp.esapi.reference.ExtensiveEncoderURITest" time="0"/>
  <testcase name="testUrlsFromFile[393]" classname="org.owasp.esapi.reference.ExtensiveEncoderURITest" time="0"/>
  <testcase name="testUrlsFromFile[394]" classname="org.owasp.esapi.reference.ExtensiveEncoderURITest" time="0.001"/>
  <testcase name="testUrlsFromFile[395]" classname="org.owasp.esapi.reference.ExtensiveEncoderURITest" time="0.001"/>
  <testcase name="testUrlsFromFile[396]" classname="org.owasp.esapi.reference.ExtensiveEncoderURITest" time="0.002"/>
  <testcase name="testUrlsFromFile[397]" classname="org.owasp.esapi.reference.ExtensiveEncoderURITest" time="0"/>
  <testcase name="testUrlsFromFile[398]" classname="org.owasp.esapi.reference.ExtensiveEncoderURITest" time="0.001"/>
  <testcase name="testUrlsFromFile[399]" classname="org.owasp.esapi.reference.ExtensiveEncoderURITest" time="0.002"/>
  <testcase name="testUrlsFromFile[400]" classname="org.owasp.esapi.reference.ExtensiveEncoderURITest" time="0.001"/>
  <testcase name="testUrlsFromFile[401]" classname="org.owasp.esapi.reference.ExtensiveEncoderURITest" time="0.002"/>
  <testcase name="testUrlsFromFile[402]" classname="org.owasp.esapi.reference.ExtensiveEncoderURITest" time="0"/>
  <testcase name="testUrlsFromFile[403]" classname="org.owasp.esapi.reference.ExtensiveEncoderURITest" time="0.002"/>
  <testcase name="testUrlsFromFile[404]" classname="org.owasp.esapi.reference.ExtensiveEncoderURITest" time="0.001"/>
  <testcase name="testUrlsFromFile[405]" classname="org.owasp.esapi.reference.ExtensiveEncoderURITest" time="0.001"/>
  <testcase name="testUrlsFromFile[406]" classname="org.owasp.esapi.reference.ExtensiveEncoderURITest" time="0.002"/>
  <testcase name="testUrlsFromFile[407]" classname="org.owasp.esapi.reference.ExtensiveEncoderURITest" time="0"/>
  <testcase name="testUrlsFromFile[408]" classname="org.owasp.esapi.reference.ExtensiveEncoderURITest" time="0.002"/>
  <testcase name="testUrlsFromFile[409]" classname="org.owasp.esapi.reference.ExtensiveEncoderURITest" time="0"/>
  <testcase name="testUrlsFromFile[410]" classname="org.owasp.esapi.reference.ExtensiveEncoderURITest" time="0"/>
  <testcase name="testUrlsFromFile[411]" classname="org.owasp.esapi.reference.ExtensiveEncoderURITest" time="0"/>
  <testcase name="testUrlsFromFile[412]" classname="org.owasp.esapi.reference.ExtensiveEncoderURITest" time="0.001"/>
  <testcase name="testUrlsFromFile[413]" classname="org.owasp.esapi.reference.ExtensiveEncoderURITest" time="0.002"/>
  <testcase name="testUrlsFromFile[414]" classname="org.owasp.esapi.reference.ExtensiveEncoderURITest" time="0.002"/>
  <testcase name="testUrlsFromFile[415]" classname="org.owasp.esapi.reference.ExtensiveEncoderURITest" time="0.001"/>
  <testcase name="testUrlsFromFile[416]" classname="org.owasp.esapi.reference.ExtensiveEncoderURITest" time="0.002"/>
  <testcase name="testUrlsFromFile[417]" classname="org.owasp.esapi.reference.ExtensiveEncoderURITest" time="0"/>
  <testcase name="testUrlsFromFile[418]" classname="org.owasp.esapi.reference.ExtensiveEncoderURITest" time="0.001"/>
  <testcase name="testUrlsFromFile[419]" classname="org.owasp.esapi.reference.ExtensiveEncoderURITest" time="0.002"/>
  <testcase name="testUrlsFromFile[420]" classname="org.owasp.esapi.reference.ExtensiveEncoderURITest" time="0.001"/>
  <testcase name="testUrlsFromFile[421]" classname="org.owasp.esapi.reference.ExtensiveEncoderURITest" time="0"/>
  <testcase name="testUrlsFromFile[422]" classname="org.owasp.esapi.reference.ExtensiveEncoderURITest" time="0.001"/>
  <testcase name="testUrlsFromFile[423]" classname="org.owasp.esapi.reference.ExtensiveEncoderURITest" time="0.001"/>
  <testcase name="testUrlsFromFile[424]" classname="org.owasp.esapi.reference.ExtensiveEncoderURITest" time="0"/>
  <testcase name="testUrlsFromFile[425]" classname="org.owasp.esapi.reference.ExtensiveEncoderURITest" time="0.001"/>
  <testcase name="testUrlsFromFile[426]" classname="org.owasp.esapi.reference.ExtensiveEncoderURITest" time="0.001"/>
  <testcase name="testUrlsFromFile[427]" classname="org.owasp.esapi.reference.ExtensiveEncoderURITest" time="0.001"/>
  <testcase name="testUrlsFromFile[428]" classname="org.owasp.esapi.reference.ExtensiveEncoderURITest" time="0.001"/>
  <testcase name="testUrlsFromFile[429]" classname="org.owasp.esapi.reference.ExtensiveEncoderURITest" time="0"/>
  <testcase name="testUrlsFromFile[430]" classname="org.owasp.esapi.reference.ExtensiveEncoderURITest" time="0.001"/>
  <testcase name="testUrlsFromFile[431]" classname="org.owasp.esapi.reference.ExtensiveEncoderURITest" time="0.001"/>
  <testcase name="testUrlsFromFile[432]" classname="org.owasp.esapi.reference.ExtensiveEncoderURITest" time="0"/>
  <testcase name="testUrlsFromFile[433]" classname="org.owasp.esapi.reference.ExtensiveEncoderURITest" time="0.002"/>
  <testcase name="testUrlsFromFile[434]" classname="org.owasp.esapi.reference.ExtensiveEncoderURITest" time="0"/>
  <testcase name="testUrlsFromFile[435]" classname="org.owasp.esapi.reference.ExtensiveEncoderURITest" time="0"/>
  <testcase name="testUrlsFromFile[436]" classname="org.owasp.esapi.reference.ExtensiveEncoderURITest" time="0.001"/>
  <testcase name="testUrlsFromFile[437]" classname="org.owasp.esapi.reference.ExtensiveEncoderURITest" time="0.001"/>
  <testcase name="testUrlsFromFile[438]" classname="org.owasp.esapi.reference.ExtensiveEncoderURITest" time="0.001"/>
  <testcase name="testUrlsFromFile[439]" classname="org.owasp.esapi.reference.ExtensiveEncoderURITest" time="0.002"/>
  <testcase name="testUrlsFromFile[440]" classname="org.owasp.esapi.reference.ExtensiveEncoderURITest" time="0.002"/>
  <testcase name="testUrlsFromFile[441]" classname="org.owasp.esapi.reference.ExtensiveEncoderURITest" time="0.002"/>
  <testcase name="testUrlsFromFile[442]" classname="org.owasp.esapi.reference.ExtensiveEncoderURITest" time="0.001"/>
  <testcase name="testUrlsFromFile[443]" classname="org.owasp.esapi.reference.ExtensiveEncoderURITest" time="0.001"/>
  <testcase name="testUrlsFromFile[444]" classname="org.owasp.esapi.reference.ExtensiveEncoderURITest" time="0"/>
  <testcase name="testUrlsFromFile[445]" classname="org.owasp.esapi.reference.ExtensiveEncoderURITest" time="0.001"/>
  <testcase name="testUrlsFromFile[446]" classname="org.owasp.esapi.reference.ExtensiveEncoderURITest" time="0.002"/>
  <testcase name="testUrlsFromFile[447]" classname="org.owasp.esapi.reference.ExtensiveEncoderURITest" time="0"/>
  <testcase name="testUrlsFromFile[448]" classname="org.owasp.esapi.reference.ExtensiveEncoderURITest" time="0.001"/>
  <testcase name="testUrlsFromFile[449]" classname="org.owasp.esapi.reference.ExtensiveEncoderURITest" time="0.001"/>
  <testcase name="testUrlsFromFile[450]" classname="org.owasp.esapi.reference.ExtensiveEncoderURITest" time="0.001"/>
  <testcase name="testUrlsFromFile[451]" classname="org.owasp.esapi.reference.ExtensiveEncoderURITest" time="0.001"/>
  <testcase name="testUrlsFromFile[452]" classname="org.owasp.esapi.reference.ExtensiveEncoderURITest" time="0.001"/>
  <testcase name="testUrlsFromFile[453]" classname="org.owasp.esapi.reference.ExtensiveEncoderURITest" time="0.001"/>
  <testcase name="testUrlsFromFile[454]" classname="org.owasp.esapi.reference.ExtensiveEncoderURITest" time="0"/>
  <testcase name="testUrlsFromFile[455]" classname="org.owasp.esapi.reference.ExtensiveEncoderURITest" time="0"/>
  <testcase name="testUrlsFromFile[456]" classname="org.owasp.esapi.reference.ExtensiveEncoderURITest" time="0.001"/>
  <testcase name="testUrlsFromFile[457]" classname="org.owasp.esapi.reference.ExtensiveEncoderURITest" time="0.002"/>
  <testcase name="testUrlsFromFile[458]" classname="org.owasp.esapi.reference.ExtensiveEncoderURITest" time="0"/>
  <testcase name="testUrlsFromFile[459]" classname="org.owasp.esapi.reference.ExtensiveEncoderURITest" time="0.002"/>
  <testcase name="testUrlsFromFile[460]" classname="org.owasp.esapi.reference.ExtensiveEncoderURITest" time="0.001"/>
  <testcase name="testUrlsFromFile[461]" classname="org.owasp.esapi.reference.ExtensiveEncoderURITest" time="0.001"/>
  <testcase name="testUrlsFromFile[462]" classname="org.owasp.esapi.reference.ExtensiveEncoderURITest" time="0.001"/>
  <testcase name="testUrlsFromFile[463]" classname="org.owasp.esapi.reference.ExtensiveEncoderURITest" time="0.001"/>
  <testcase name="testUrlsFromFile[464]" classname="org.owasp.esapi.reference.ExtensiveEncoderURITest" time="0.001"/>
  <testcase name="testUrlsFromFile[465]" classname="org.owasp.esapi.reference.ExtensiveEncoderURITest" time="0.001"/>
  <testcase name="testUrlsFromFile[466]" classname="org.owasp.esapi.reference.ExtensiveEncoderURITest" time="0"/>
  <testcase name="testUrlsFromFile[467]" classname="org.owasp.esapi.reference.ExtensiveEncoderURITest" time="0.002"/>
  <testcase name="testUrlsFromFile[468]" classname="org.owasp.esapi.reference.ExtensiveEncoderURITest" time="0.001"/>
  <testcase name="testUrlsFromFile[469]" classname="org.owasp.esapi.reference.ExtensiveEncoderURITest" time="0.002"/>
  <testcase name="testUrlsFromFile[470]" classname="org.owasp.esapi.reference.ExtensiveEncoderURITest" time="0"/>
  <testcase name="testUrlsFromFile[471]" classname="org.owasp.esapi.reference.ExtensiveEncoderURITest" time="0.001"/>
  <testcase name="testUrlsFromFile[472]" classname="org.owasp.esapi.reference.ExtensiveEncoderURITest" time="0.002"/>
  <testcase name="testUrlsFromFile[473]" classname="org.owasp.esapi.reference.ExtensiveEncoderURITest" time="0"/>
  <testcase name="testUrlsFromFile[474]" classname="org.owasp.esapi.reference.ExtensiveEncoderURITest" time="0.001"/>
  <testcase name="testUrlsFromFile[475]" classname="org.owasp.esapi.reference.ExtensiveEncoderURITest" time="0.001"/>
  <testcase name="testUrlsFromFile[476]" classname="org.owasp.esapi.reference.ExtensiveEncoderURITest" time="0.001"/>
  <testcase name="testUrlsFromFile[477]" classname="org.owasp.esapi.reference.ExtensiveEncoderURITest" time="0"/>
  <testcase name="testUrlsFromFile[478]" classname="org.owasp.esapi.reference.ExtensiveEncoderURITest" time="0.001"/>
  <testcase name="testUrlsFromFile[479]" classname="org.owasp.esapi.reference.ExtensiveEncoderURITest" time="0.001"/>
  <testcase name="testUrlsFromFile[480]" classname="org.owasp.esapi.reference.ExtensiveEncoderURITest" time="0.002"/>
  <testcase name="testUrlsFromFile[481]" classname="org.owasp.esapi.reference.ExtensiveEncoderURITest" time="0.001"/>
  <testcase name="testUrlsFromFile[482]" classname="org.owasp.esapi.reference.ExtensiveEncoderURITest" time="0.001"/>
  <testcase name="testUrlsFromFile[483]" classname="org.owasp.esapi.reference.ExtensiveEncoderURITest" time="0"/>
  <testcase name="testUrlsFromFile[484]" classname="org.owasp.esapi.reference.ExtensiveEncoderURITest" time="0.001"/>
  <testcase name="testUrlsFromFile[485]" classname="org.owasp.esapi.reference.ExtensiveEncoderURITest" time="0"/>
  <testcase name="testUrlsFromFile[486]" classname="org.owasp.esapi.reference.ExtensiveEncoderURITest" time="0.001"/>
  <testcase name="testUrlsFromFile[487]" classname="org.owasp.esapi.reference.ExtensiveEncoderURITest" time="0.001"/>
  <testcase name="testUrlsFromFile[488]" classname="org.owasp.esapi.reference.ExtensiveEncoderURITest" time="0.001"/>
  <testcase name="testUrlsFromFile[489]" classname="org.owasp.esapi.reference.ExtensiveEncoderURITest" time="0.001"/>
  <testcase name="testUrlsFromFile[490]" classname="org.owasp.esapi.reference.ExtensiveEncoderURITest" time="0.003"/>
  <testcase name="testUrlsFromFile[491]" classname="org.owasp.esapi.reference.ExtensiveEncoderURITest" time="0"/>
  <testcase name="testUrlsFromFile[492]" classname="org.owasp.esapi.reference.ExtensiveEncoderURITest" time="0.002"/>
  <testcase name="testUrlsFromFile[493]" classname="org.owasp.esapi.reference.ExtensiveEncoderURITest" time="0"/>
  <testcase name="testUrlsFromFile[494]" classname="org.owasp.esapi.reference.ExtensiveEncoderURITest" time="0"/>
  <testcase name="testUrlsFromFile[495]" classname="org.owasp.esapi.reference.ExtensiveEncoderURITest" time="0"/>
  <testcase name="testUrlsFromFile[496]" classname="org.owasp.esapi.reference.ExtensiveEncoderURITest" time="0.001"/>
  <testcase name="testUrlsFromFile[497]" classname="org.owasp.esapi.reference.ExtensiveEncoderURITest" time="0"/>
  <testcase name="testUrlsFromFile[498]" classname="org.owasp.esapi.reference.ExtensiveEncoderURITest" time="0.001"/>
  <testcase name="testUrlsFromFile[499]" classname="org.owasp.esapi.reference.ExtensiveEncoderURITest" time="0.001"/>
  <testcase name="testUrlsFromFile[500]" classname="org.owasp.esapi.reference.ExtensiveEncoderURITest" time="0.002"/>
  <testcase name="testUrlsFromFile[501]" classname="org.owasp.esapi.reference.ExtensiveEncoderURITest" time="0.001"/>
  <testcase name="testUrlsFromFile[502]" classname="org.owasp.esapi.reference.ExtensiveEncoderURITest" time="0"/>
  <testcase name="testUrlsFromFile[503]" classname="org.owasp.esapi.reference.ExtensiveEncoderURITest" time="0.002"/>
  <testcase name="testUrlsFromFile[504]" classname="org.owasp.esapi.reference.ExtensiveEncoderURITest" time="0"/>
  <testcase name="testUrlsFromFile[505]" classname="org.owasp.esapi.reference.ExtensiveEncoderURITest" time="0"/>
  <testcase name="testUrlsFromFile[506]" classname="org.owasp.esapi.reference.ExtensiveEncoderURITest" time="0.002"/>
  <testcase name="testUrlsFromFile[507]" classname="org.owasp.esapi.reference.ExtensiveEncoderURITest" time="0"/>
  <testcase name="testUrlsFromFile[508]" classname="org.owasp.esapi.reference.ExtensiveEncoderURITest" time="0.001"/>
  <testcase name="testUrlsFromFile[509]" classname="org.owasp.esapi.reference.ExtensiveEncoderURITest" time="0.001"/>
  <testcase name="testUrlsFromFile[510]" classname="org.owasp.esapi.reference.ExtensiveEncoderURITest" time="0.001"/>
  <testcase name="testUrlsFromFile[511]" classname="org.owasp.esapi.reference.ExtensiveEncoderURITest" time="0.001"/>
  <testcase name="testUrlsFromFile[512]" classname="org.owasp.esapi.reference.ExtensiveEncoderURITest" time="0.001"/>
  <testcase name="testUrlsFromFile[513]" classname="org.owasp.esapi.reference.ExtensiveEncoderURITest" time="0"/>
  <testcase name="testUrlsFromFile[514]" classname="org.owasp.esapi.reference.ExtensiveEncoderURITest" time="0"/>
  <testcase name="testUrlsFromFile[515]" classname="org.owasp.esapi.reference.ExtensiveEncoderURITest" time="0.002"/>
  <testcase name="testUrlsFromFile[516]" classname="org.owasp.esapi.reference.ExtensiveEncoderURITest" time="0"/>
  <testcase name="testUrlsFromFile[517]" classname="org.owasp.esapi.reference.ExtensiveEncoderURITest" time="0.001"/>
  <testcase name="testUrlsFromFile[518]" classname="org.owasp.esapi.reference.ExtensiveEncoderURITest" time="0.001"/>
  <testcase name="testUrlsFromFile[519]" classname="org.owasp.esapi.reference.ExtensiveEncoderURITest" time="0.002"/>
  <testcase name="testUrlsFromFile[520]" classname="org.owasp.esapi.reference.ExtensiveEncoderURITest" time="0.001"/>
  <testcase name="testUrlsFromFile[521]" classname="org.owasp.esapi.reference.ExtensiveEncoderURITest" time="0.001"/>
  <testcase name="testUrlsFromFile[522]" classname="org.owasp.esapi.reference.ExtensiveEncoderURITest" time="0"/>
  <testcase name="testUrlsFromFile[523]" classname="org.owasp.esapi.reference.ExtensiveEncoderURITest" time="0.001"/>
  <testcase name="testUrlsFromFile[524]" classname="org.owasp.esapi.reference.ExtensiveEncoderURITest" time="0"/>
  <testcase name="testUrlsFromFile[525]" classname="org.owasp.esapi.reference.ExtensiveEncoderURITest" time="0.002"/>
  <testcase name="testUrlsFromFile[526]" classname="org.owasp.esapi.reference.ExtensiveEncoderURITest" time="0"/>
  <testcase name="testUrlsFromFile[527]" classname="org.owasp.esapi.reference.ExtensiveEncoderURITest" time="0.002"/>
  <testcase name="testUrlsFromFile[528]" classname="org.owasp.esapi.reference.ExtensiveEncoderURITest" time="0.002"/>
  <testcase name="testUrlsFromFile[529]" classname="org.owasp.esapi.reference.ExtensiveEncoderURITest" time="0"/>
  <testcase name="testUrlsFromFile[530]" classname="org.owasp.esapi.reference.ExtensiveEncoderURITest" time="0.002"/>
  <testcase name="testUrlsFromFile[531]" classname="org.owasp.esapi.reference.ExtensiveEncoderURITest" time="0.001"/>
  <testcase name="testUrlsFromFile[532]" classname="org.owasp.esapi.reference.ExtensiveEncoderURITest" time="0.001"/>
  <testcase name="testUrlsFromFile[533]" classname="org.owasp.esapi.reference.ExtensiveEncoderURITest" time="0.001"/>
  <testcase name="testUrlsFromFile[534]" classname="org.owasp.esapi.reference.ExtensiveEncoderURITest" time="0"/>
  <testcase name="testUrlsFromFile[535]" classname="org.owasp.esapi.reference.ExtensiveEncoderURITest" time="0.001"/>
  <testcase name="testUrlsFromFile[536]" classname="org.owasp.esapi.reference.ExtensiveEncoderURITest" time="0.002"/>
  <testcase name="testUrlsFromFile[537]" classname="org.owasp.esapi.reference.ExtensiveEncoderURITest" time="0.001"/>
  <testcase name="testUrlsFromFile[538]" classname="org.owasp.esapi.reference.ExtensiveEncoderURITest" time="0.001"/>
  <testcase name="testUrlsFromFile[539]" classname="org.owasp.esapi.reference.ExtensiveEncoderURITest" time="0.001"/>
  <testcase name="testUrlsFromFile[540]" classname="org.owasp.esapi.reference.ExtensiveEncoderURITest" time="0.001"/>
  <testcase name="testUrlsFromFile[541]" classname="org.owasp.esapi.reference.ExtensiveEncoderURITest" time="0.001"/>
  <testcase name="testUrlsFromFile[542]" classname="org.owasp.esapi.reference.ExtensiveEncoderURITest" time="0.001"/>
  <testcase name="testUrlsFromFile[543]" classname="org.owasp.esapi.reference.ExtensiveEncoderURITest" time="0.001"/>
  <testcase name="testUrlsFromFile[544]" classname="org.owasp.esapi.reference.ExtensiveEncoderURITest" time="0.001"/>
  <testcase name="testUrlsFromFile[545]" classname="org.owasp.esapi.reference.ExtensiveEncoderURITest" time="0.007"/>
  <testcase name="testUrlsFromFile[546]" classname="org.owasp.esapi.reference.ExtensiveEncoderURITest" time="0"/>
  <testcase name="testUrlsFromFile[547]" classname="org.owasp.esapi.reference.ExtensiveEncoderURITest" time="0"/>
  <testcase name="testUrlsFromFile[548]" classname="org.owasp.esapi.reference.ExtensiveEncoderURITest" time="0"/>
  <testcase name="testUrlsFromFile[549]" classname="org.owasp.esapi.reference.ExtensiveEncoderURITest" time="0"/>
  <testcase name="testUrlsFromFile[550]" classname="org.owasp.esapi.reference.ExtensiveEncoderURITest" time="0"/>
  <testcase name="testUrlsFromFile[551]" classname="org.owasp.esapi.reference.ExtensiveEncoderURITest" time="0"/>
  <testcase name="testUrlsFromFile[552]" classname="org.owasp.esapi.reference.ExtensiveEncoderURITest" time="0"/>
  <testcase name="testUrlsFromFile[553]" classname="org.owasp.esapi.reference.ExtensiveEncoderURITest" time="0.001"/>
  <testcase name="testUrlsFromFile[554]" classname="org.owasp.esapi.reference.ExtensiveEncoderURITest" time="0.001"/>
  <testcase name="testUrlsFromFile[555]" classname="org.owasp.esapi.reference.ExtensiveEncoderURITest" time="0.002"/>
  <testcase name="testUrlsFromFile[556]" classname="org.owasp.esapi.reference.ExtensiveEncoderURITest" time="0.001"/>
  <testcase name="testUrlsFromFile[557]" classname="org.owasp.esapi.reference.ExtensiveEncoderURITest" time="0.001"/>
  <testcase name="testUrlsFromFile[558]" classname="org.owasp.esapi.reference.ExtensiveEncoderURITest" time="0.001"/>
  <testcase name="testUrlsFromFile[559]" classname="org.owasp.esapi.reference.ExtensiveEncoderURITest" time="0"/>
  <testcase name="testUrlsFromFile[560]" classname="org.owasp.esapi.reference.ExtensiveEncoderURITest" time="0.002"/>
  <testcase name="testUrlsFromFile[561]" classname="org.owasp.esapi.reference.ExtensiveEncoderURITest" time="0.001"/>
  <testcase name="testUrlsFromFile[562]" classname="org.owasp.esapi.reference.ExtensiveEncoderURITest" time="0"/>
  <testcase name="testUrlsFromFile[563]" classname="org.owasp.esapi.reference.ExtensiveEncoderURITest" time="0"/>
  <testcase name="testUrlsFromFile[564]" classname="org.owasp.esapi.reference.ExtensiveEncoderURITest" time="0.001"/>
  <testcase name="testUrlsFromFile[565]" classname="org.owasp.esapi.reference.ExtensiveEncoderURITest" time="0.001"/>
  <testcase name="testUrlsFromFile[566]" classname="org.owasp.esapi.reference.ExtensiveEncoderURITest" time="0.001"/>
  <testcase name="testUrlsFromFile[567]" classname="org.owasp.esapi.reference.ExtensiveEncoderURITest" time="0.001"/>
  <testcase name="testUrlsFromFile[568]" classname="org.owasp.esapi.reference.ExtensiveEncoderURITest" time="0.001"/>
  <testcase name="testUrlsFromFile[569]" classname="org.owasp.esapi.reference.ExtensiveEncoderURITest" time="0.001"/>
  <testcase name="testUrlsFromFile[570]" classname="org.owasp.esapi.reference.ExtensiveEncoderURITest" time="0.001"/>
  <testcase name="testUrlsFromFile[571]" classname="org.owasp.esapi.reference.ExtensiveEncoderURITest" time="0"/>
  <testcase name="testUrlsFromFile[572]" classname="org.owasp.esapi.reference.ExtensiveEncoderURITest" time="0.001"/>
  <testcase name="testUrlsFromFile[573]" classname="org.owasp.esapi.reference.ExtensiveEncoderURITest" time="0.001"/>
  <testcase name="testUrlsFromFile[574]" classname="org.owasp.esapi.reference.ExtensiveEncoderURITest" time="0.001"/>
  <testcase name="testUrlsFromFile[575]" classname="org.owasp.esapi.reference.ExtensiveEncoderURITest" time="0.001"/>
  <testcase name="testUrlsFromFile[576]" classname="org.owasp.esapi.reference.ExtensiveEncoderURITest" time="0.002"/>
  <testcase name="testUrlsFromFile[577]" classname="org.owasp.esapi.reference.ExtensiveEncoderURITest" time="0.001"/>
  <testcase name="testUrlsFromFile[578]" classname="org.owasp.esapi.reference.ExtensiveEncoderURITest" time="0.001"/>
  <testcase name="testUrlsFromFile[579]" classname="org.owasp.esapi.reference.ExtensiveEncoderURITest" time="0"/>
  <testcase name="testUrlsFromFile[580]" classname="org.owasp.esapi.reference.ExtensiveEncoderURITest" time="0.001"/>
  <testcase name="testUrlsFromFile[581]" classname="org.owasp.esapi.reference.ExtensiveEncoderURITest" time="0.001"/>
  <testcase name="testUrlsFromFile[582]" classname="org.owasp.esapi.reference.ExtensiveEncoderURITest" time="0"/>
  <testcase name="testUrlsFromFile[583]" classname="org.owasp.esapi.reference.ExtensiveEncoderURITest" time="0"/>
  <testcase name="testUrlsFromFile[584]" classname="org.owasp.esapi.reference.ExtensiveEncoderURITest" time="0.001"/>
  <testcase name="testUrlsFromFile[585]" classname="org.owasp.esapi.reference.ExtensiveEncoderURITest" time="0"/>
  <testcase name="testUrlsFromFile[586]" classname="org.owasp.esapi.reference.ExtensiveEncoderURITest" time="0.001"/>
  <testcase name="testUrlsFromFile[587]" classname="org.owasp.esapi.reference.ExtensiveEncoderURITest" time="0.001"/>
  <testcase name="testUrlsFromFile[588]" classname="org.owasp.esapi.reference.ExtensiveEncoderURITest" time="0.001"/>
  <testcase name="testUrlsFromFile[589]" classname="org.owasp.esapi.reference.ExtensiveEncoderURITest" time="0.001"/>
  <testcase name="testUrlsFromFile[590]" classname="org.owasp.esapi.reference.ExtensiveEncoderURITest" time="0.001"/>
  <testcase name="testUrlsFromFile[591]" classname="org.owasp.esapi.reference.ExtensiveEncoderURITest" time="0.001"/>
  <testcase name="testUrlsFromFile[592]" classname="org.owasp.esapi.reference.ExtensiveEncoderURITest" time="0.001"/>
  <testcase name="testUrlsFromFile[593]" classname="org.owasp.esapi.reference.ExtensiveEncoderURITest" time="0.002"/>
  <testcase name="testUrlsFromFile[594]" classname="org.owasp.esapi.reference.ExtensiveEncoderURITest" time="0.001"/>
  <testcase name="testUrlsFromFile[595]" classname="org.owasp.esapi.reference.ExtensiveEncoderURITest" time="0.001"/>
  <testcase name="testUrlsFromFile[596]" classname="org.owasp.esapi.reference.ExtensiveEncoderURITest" time="0.001"/>
  <testcase name="testUrlsFromFile[597]" classname="org.owasp.esapi.reference.ExtensiveEncoderURITest" time="0.001"/>
  <testcase name="testUrlsFromFile[598]" classname="org.owasp.esapi.reference.ExtensiveEncoderURITest" time="0.001"/>
  <testcase name="testUrlsFromFile[599]" classname="org.owasp.esapi.reference.ExtensiveEncoderURITest" time="0.002"/>
  <testcase name="testUrlsFromFile[600]" classname="org.owasp.esapi.reference.ExtensiveEncoderURITest" time="0.001"/>
  <testcase name="testUrlsFromFile[601]" classname="org.owasp.esapi.reference.ExtensiveEncoderURITest" time="0.002"/>
  <testcase name="testUrlsFromFile[602]" classname="org.owasp.esapi.reference.ExtensiveEncoderURITest" time="0"/>
  <testcase name="testUrlsFromFile[603]" classname="org.owasp.esapi.reference.ExtensiveEncoderURITest" time="0"/>
  <testcase name="testUrlsFromFile[604]" classname="org.owasp.esapi.reference.ExtensiveEncoderURITest" time="0"/>
  <testcase name="testUrlsFromFile[605]" classname="org.owasp.esapi.reference.ExtensiveEncoderURITest" time="0.001"/>
  <testcase name="testUrlsFromFile[606]" classname="org.owasp.esapi.reference.ExtensiveEncoderURITest" time="0.001"/>
  <testcase name="testUrlsFromFile[607]" classname="org.owasp.esapi.reference.ExtensiveEncoderURITest" time="0"/>
  <testcase name="testUrlsFromFile[608]" classname="org.owasp.esapi.reference.ExtensiveEncoderURITest" time="0.001"/>
  <testcase name="testUrlsFromFile[609]" classname="org.owasp.esapi.reference.ExtensiveEncoderURITest" time="0"/>
  <testcase name="testUrlsFromFile[610]" classname="org.owasp.esapi.reference.ExtensiveEncoderURITest" time="0.002"/>
  <testcase name="testUrlsFromFile[611]" classname="org.owasp.esapi.reference.ExtensiveEncoderURITest" time="0.001"/>
  <testcase name="testUrlsFromFile[612]" classname="org.owasp.esapi.reference.ExtensiveEncoderURITest" time="0.002"/>
  <testcase name="testUrlsFromFile[613]" classname="org.owasp.esapi.reference.ExtensiveEncoderURITest" time="0.001"/>
  <testcase name="testUrlsFromFile[614]" classname="org.owasp.esapi.reference.ExtensiveEncoderURITest" time="0.002"/>
  <testcase name="testUrlsFromFile[615]" classname="org.owasp.esapi.reference.ExtensiveEncoderURITest" time="0.001"/>
  <testcase name="testUrlsFromFile[616]" classname="org.owasp.esapi.reference.ExtensiveEncoderURITest" time="0.002"/>
  <testcase name="testUrlsFromFile[617]" classname="org.owasp.esapi.reference.ExtensiveEncoderURITest" time="0.001"/>
  <testcase name="testUrlsFromFile[618]" classname="org.owasp.esapi.reference.ExtensiveEncoderURITest" time="0.001"/>
  <testcase name="testUrlsFromFile[619]" classname="org.owasp.esapi.reference.ExtensiveEncoderURITest" time="0"/>
  <testcase name="testUrlsFromFile[620]" classname="org.owasp.esapi.reference.ExtensiveEncoderURITest" time="0.001"/>
  <testcase name="testUrlsFromFile[621]" classname="org.owasp.esapi.reference.ExtensiveEncoderURITest" time="0.001"/>
  <testcase name="testUrlsFromFile[622]" classname="org.owasp.esapi.reference.ExtensiveEncoderURITest" time="0.001"/>
  <testcase name="testUrlsFromFile[623]" classname="org.owasp.esapi.reference.ExtensiveEncoderURITest" time="0.001"/>
  <testcase name="testUrlsFromFile[624]" classname="org.owasp.esapi.reference.ExtensiveEncoderURITest" time="0.002"/>
  <testcase name="testUrlsFromFile[625]" classname="org.owasp.esapi.reference.ExtensiveEncoderURITest" time="0.001"/>
  <testcase name="testUrlsFromFile[626]" classname="org.owasp.esapi.reference.ExtensiveEncoderURITest" time="0.002"/>
  <testcase name="testUrlsFromFile[627]" classname="org.owasp.esapi.reference.ExtensiveEncoderURITest" time="0.001"/>
  <testcase name="testUrlsFromFile[628]" classname="org.owasp.esapi.reference.ExtensiveEncoderURITest" time="0"/>
  <testcase name="testUrlsFromFile[629]" classname="org.owasp.esapi.reference.ExtensiveEncoderURITest" time="0.001"/>
  <testcase name="testUrlsFromFile[630]" classname="org.owasp.esapi.reference.ExtensiveEncoderURITest" time="0"/>
  <testcase name="testUrlsFromFile[631]" classname="org.owasp.esapi.reference.ExtensiveEncoderURITest" time="0.001"/>
  <testcase name="testUrlsFromFile[632]" classname="org.owasp.esapi.reference.ExtensiveEncoderURITest" time="0"/>
  <testcase name="testUrlsFromFile[633]" classname="org.owasp.esapi.reference.ExtensiveEncoderURITest" time="0.001"/>
  <testcase name="testUrlsFromFile[634]" classname="org.owasp.esapi.reference.ExtensiveEncoderURITest" time="0.002"/>
  <testcase name="testUrlsFromFile[635]" classname="org.owasp.esapi.reference.ExtensiveEncoderURITest" time="0.001"/>
  <testcase name="testUrlsFromFile[636]" classname="org.owasp.esapi.reference.ExtensiveEncoderURITest" time="0.002"/>
  <testcase name="testUrlsFromFile[637]" classname="org.owasp.esapi.reference.ExtensiveEncoderURITest" time="0.001"/>
  <testcase name="testUrlsFromFile[638]" classname="org.owasp.esapi.reference.ExtensiveEncoderURITest" time="0.001"/>
  <testcase name="testUrlsFromFile[639]" classname="org.owasp.esapi.reference.ExtensiveEncoderURITest" time="0.001"/>
  <testcase name="testUrlsFromFile[640]" classname="org.owasp.esapi.reference.ExtensiveEncoderURITest" time="0"/>
  <testcase name="testUrlsFromFile[641]" classname="org.owasp.esapi.reference.ExtensiveEncoderURITest" time="0.001"/>
  <testcase name="testUrlsFromFile[642]" classname="org.owasp.esapi.reference.ExtensiveEncoderURITest" time="0"/>
  <testcase name="testUrlsFromFile[643]" classname="org.owasp.esapi.reference.ExtensiveEncoderURITest" time="0.001"/>
  <testcase name="testUrlsFromFile[644]" classname="org.owasp.esapi.reference.ExtensiveEncoderURITest" time="0.001"/>
  <testcase name="testUrlsFromFile[645]" classname="org.owasp.esapi.reference.ExtensiveEncoderURITest" time="0.001"/>
  <testcase name="testUrlsFromFile[646]" classname="org.owasp.esapi.reference.ExtensiveEncoderURITest" time="0"/>
  <testcase name="testUrlsFromFile[647]" classname="org.owasp.esapi.reference.ExtensiveEncoderURITest" time="0.001"/>
  <testcase name="testUrlsFromFile[648]" classname="org.owasp.esapi.reference.ExtensiveEncoderURITest" time="0"/>
  <testcase name="testUrlsFromFile[649]" classname="org.owasp.esapi.reference.ExtensiveEncoderURITest" time="0.001"/>
  <testcase name="testUrlsFromFile[650]" classname="org.owasp.esapi.reference.ExtensiveEncoderURITest" time="0"/>
  <testcase name="testUrlsFromFile[651]" classname="org.owasp.esapi.reference.ExtensiveEncoderURITest" time="0.002"/>
  <testcase name="testUrlsFromFile[652]" classname="org.owasp.esapi.reference.ExtensiveEncoderURITest" time="0.001"/>
  <testcase name="testUrlsFromFile[653]" classname="org.owasp.esapi.reference.ExtensiveEncoderURITest" time="0.001"/>
  <testcase name="testUrlsFromFile[654]" classname="org.owasp.esapi.reference.ExtensiveEncoderURITest" time="0.002"/>
  <testcase name="testUrlsFromFile[655]" classname="org.owasp.esapi.reference.ExtensiveEncoderURITest" time="0"/>
  <testcase name="testUrlsFromFile[656]" classname="org.owasp.esapi.reference.ExtensiveEncoderURITest" time="0.002"/>
  <testcase name="testUrlsFromFile[657]" classname="org.owasp.esapi.reference.ExtensiveEncoderURITest" time="0"/>
  <testcase name="testUrlsFromFile[658]" classname="org.owasp.esapi.reference.ExtensiveEncoderURITest" time="0"/>
  <testcase name="testUrlsFromFile[659]" classname="org.owasp.esapi.reference.ExtensiveEncoderURITest" time="0.001"/>
  <testcase name="testUrlsFromFile[660]" classname="org.owasp.esapi.reference.ExtensiveEncoderURITest" time="0.002"/>
  <testcase name="testUrlsFromFile[661]" classname="org.owasp.esapi.reference.ExtensiveEncoderURITest" time="0.001"/>
  <testcase name="testUrlsFromFile[662]" classname="org.owasp.esapi.reference.ExtensiveEncoderURITest" time="0.001"/>
  <testcase name="testUrlsFromFile[663]" classname="org.owasp.esapi.reference.ExtensiveEncoderURITest" time="0.001"/>
  <testcase name="testUrlsFromFile[664]" classname="org.owasp.esapi.reference.ExtensiveEncoderURITest" time="0"/>
  <testcase name="testUrlsFromFile[665]" classname="org.owasp.esapi.reference.ExtensiveEncoderURITest" time="0.002"/>
  <testcase name="testUrlsFromFile[666]" classname="org.owasp.esapi.reference.ExtensiveEncoderURITest" time="0"/>
  <testcase name="testUrlsFromFile[667]" classname="org.owasp.esapi.reference.ExtensiveEncoderURITest" time="0.001"/>
  <testcase name="testUrlsFromFile[668]" classname="org.owasp.esapi.reference.ExtensiveEncoderURITest" time="0.001"/>
  <testcase name="testUrlsFromFile[669]" classname="org.owasp.esapi.reference.ExtensiveEncoderURITest" time="0.001"/>
  <testcase name="testUrlsFromFile[670]" classname="org.owasp.esapi.reference.ExtensiveEncoderURITest" time="0.001"/>
  <testcase name="testUrlsFromFile[671]" classname="org.owasp.esapi.reference.ExtensiveEncoderURITest" time="0.002"/>
  <testcase name="testUrlsFromFile[672]" classname="org.owasp.esapi.reference.ExtensiveEncoderURITest" time="0.001"/>
  <testcase name="testUrlsFromFile[673]" classname="org.owasp.esapi.reference.ExtensiveEncoderURITest" time="0.002"/>
  <testcase name="testUrlsFromFile[674]" classname="org.owasp.esapi.reference.ExtensiveEncoderURITest" time="0.001"/>
  <testcase name="testUrlsFromFile[675]" classname="org.owasp.esapi.reference.ExtensiveEncoderURITest" time="0.001"/>
  <testcase name="testUrlsFromFile[676]" classname="org.owasp.esapi.reference.ExtensiveEncoderURITest" time="0"/>
  <testcase name="testUrlsFromFile[677]" classname="org.owasp.esapi.reference.ExtensiveEncoderURITest" time="0.002"/>
  <testcase name="testUrlsFromFile[678]" classname="org.owasp.esapi.reference.ExtensiveEncoderURITest" time="0.001"/>
  <testcase name="testUrlsFromFile[679]" classname="org.owasp.esapi.reference.ExtensiveEncoderURITest" time="0.001"/>
  <testcase name="testUrlsFromFile[680]" classname="org.owasp.esapi.reference.ExtensiveEncoderURITest" time="0.002"/>
  <testcase name="testUrlsFromFile[681]" classname="org.owasp.esapi.reference.ExtensiveEncoderURITest" time="0"/>
  <testcase name="testUrlsFromFile[682]" classname="org.owasp.esapi.reference.ExtensiveEncoderURITest" time="0.001"/>
  <testcase name="testUrlsFromFile[683]" classname="org.owasp.esapi.reference.ExtensiveEncoderURITest" time="0.002"/>
  <testcase name="testUrlsFromFile[684]" classname="org.owasp.esapi.reference.ExtensiveEncoderURITest" time="0"/>
  <testcase name="testUrlsFromFile[685]" classname="org.owasp.esapi.reference.ExtensiveEncoderURITest" time="0.001"/>
  <testcase name="testUrlsFromFile[686]" classname="org.owasp.esapi.reference.ExtensiveEncoderURITest" time="0.002"/>
  <testcase name="testUrlsFromFile[687]" classname="org.owasp.esapi.reference.ExtensiveEncoderURITest" time="0"/>
  <testcase name="testUrlsFromFile[688]" classname="org.owasp.esapi.reference.ExtensiveEncoderURITest" time="0.001"/>
  <testcase name="testUrlsFromFile[689]" classname="org.owasp.esapi.reference.ExtensiveEncoderURITest" time="0.001"/>
  <testcase name="testUrlsFromFile[690]" classname="org.owasp.esapi.reference.ExtensiveEncoderURITest" time="0.001"/>
  <testcase name="testUrlsFromFile[691]" classname="org.owasp.esapi.reference.ExtensiveEncoderURITest" time="0"/>
  <testcase name="testUrlsFromFile[692]" classname="org.owasp.esapi.reference.ExtensiveEncoderURITest" time="0.001"/>
  <testcase name="testUrlsFromFile[693]" classname="org.owasp.esapi.reference.ExtensiveEncoderURITest" time="0.001"/>
  <testcase name="testUrlsFromFile[694]" classname="org.owasp.esapi.reference.ExtensiveEncoderURITest" time="0"/>
  <testcase name="testUrlsFromFile[695]" classname="org.owasp.esapi.reference.ExtensiveEncoderURITest" time="0.001"/>
  <testcase name="testUrlsFromFile[696]" classname="org.owasp.esapi.reference.ExtensiveEncoderURITest" time="0"/>
  <testcase name="testUrlsFromFile[697]" classname="org.owasp.esapi.reference.ExtensiveEncoderURITest" time="0.001"/>
  <testcase name="testUrlsFromFile[698]" classname="org.owasp.esapi.reference.ExtensiveEncoderURITest" time="0"/>
  <testcase name="testUrlsFromFile[699]" classname="org.owasp.esapi.reference.ExtensiveEncoderURITest" time="0"/>
  <testcase name="testUrlsFromFile[700]" classname="org.owasp.esapi.reference.ExtensiveEncoderURITest" time="0.001"/>
  <testcase name="testUrlsFromFile[701]" classname="org.owasp.esapi.reference.ExtensiveEncoderURITest" time="0.001"/>
  <testcase name="testUrlsFromFile[702]" classname="org.owasp.esapi.reference.ExtensiveEncoderURITest" time="0.001"/>
  <testcase name="testUrlsFromFile[703]" classname="org.owasp.esapi.reference.ExtensiveEncoderURITest" time="0.001"/>
  <testcase name="testUrlsFromFile[704]" classname="org.owasp.esapi.reference.ExtensiveEncoderURITest" time="0.001"/>
  <testcase name="testUrlsFromFile[705]" classname="org.owasp.esapi.reference.ExtensiveEncoderURITest" time="0.001"/>
  <testcase name="testUrlsFromFile[706]" classname="org.owasp.esapi.reference.ExtensiveEncoderURITest" time="0.001"/>
  <testcase name="testUrlsFromFile[707]" classname="org.owasp.esapi.reference.ExtensiveEncoderURITest" time="0"/>
  <testcase name="testUrlsFromFile[708]" classname="org.owasp.esapi.reference.ExtensiveEncoderURITest" time="0"/>
  <testcase name="testUrlsFromFile[709]" classname="org.owasp.esapi.reference.ExtensiveEncoderURITest" time="0.001"/>
  <testcase name="testUrlsFromFile[710]" classname="org.owasp.esapi.reference.ExtensiveEncoderURITest" time="0"/>
  <testcase name="testUrlsFromFile[711]" classname="org.owasp.esapi.reference.ExtensiveEncoderURITest" time="0.001"/>
  <testcase name="testUrlsFromFile[712]" classname="org.owasp.esapi.reference.ExtensiveEncoderURITest" time="0.001"/>
  <testcase name="testUrlsFromFile[713]" classname="org.owasp.esapi.reference.ExtensiveEncoderURITest" time="0.001"/>
  <testcase name="testUrlsFromFile[714]" classname="org.owasp.esapi.reference.ExtensiveEncoderURITest" time="0"/>
  <testcase name="testUrlsFromFile[715]" classname="org.owasp.esapi.reference.ExtensiveEncoderURITest" time="0.001"/>
  <testcase name="testUrlsFromFile[716]" classname="org.owasp.esapi.reference.ExtensiveEncoderURITest" time="0.001"/>
  <testcase name="testUrlsFromFile[717]" classname="org.owasp.esapi.reference.ExtensiveEncoderURITest" time="0.001"/>
  <testcase name="testUrlsFromFile[718]" classname="org.owasp.esapi.reference.ExtensiveEncoderURITest" time="0"/>
  <testcase name="testUrlsFromFile[719]" classname="org.owasp.esapi.reference.ExtensiveEncoderURITest" time="0.001"/>
  <testcase name="testUrlsFromFile[720]" classname="org.owasp.esapi.reference.ExtensiveEncoderURITest" time="0.001"/>
  <testcase name="testUrlsFromFile[721]" classname="org.owasp.esapi.reference.ExtensiveEncoderURITest" time="0"/>
  <testcase name="testUrlsFromFile[722]" classname="org.owasp.esapi.reference.ExtensiveEncoderURITest" time="0.001"/>
  <testcase name="testUrlsFromFile[723]" classname="org.owasp.esapi.reference.ExtensiveEncoderURITest" time="0"/>
  <testcase name="testUrlsFromFile[724]" classname="org.owasp.esapi.reference.ExtensiveEncoderURITest" time="0.001"/>
  <testcase name="testUrlsFromFile[725]" classname="org.owasp.esapi.reference.ExtensiveEncoderURITest" time="0"/>
  <testcase name="testUrlsFromFile[726]" classname="org.owasp.esapi.reference.ExtensiveEncoderURITest" time="0"/>
  <testcase name="testUrlsFromFile[727]" classname="org.owasp.esapi.reference.ExtensiveEncoderURITest" time="0.001"/>
  <testcase name="testUrlsFromFile[728]" classname="org.owasp.esapi.reference.ExtensiveEncoderURITest" time="0"/>
  <testcase name="testUrlsFromFile[729]" classname="org.owasp.esapi.reference.ExtensiveEncoderURITest" time="0"/>
  <testcase name="testUrlsFromFile[730]" classname="org.owasp.esapi.reference.ExtensiveEncoderURITest" time="0.001"/>
  <testcase name="testUrlsFromFile[731]" classname="org.owasp.esapi.reference.ExtensiveEncoderURITest" time="0"/>
  <testcase name="testUrlsFromFile[732]" classname="org.owasp.esapi.reference.ExtensiveEncoderURITest" time="0.001"/>
  <testcase name="testUrlsFromFile[733]" classname="org.owasp.esapi.reference.ExtensiveEncoderURITest" time="0"/>
  <testcase name="testUrlsFromFile[734]" classname="org.owasp.esapi.reference.ExtensiveEncoderURITest" time="0.001"/>
  <testcase name="testUrlsFromFile[735]" classname="org.owasp.esapi.reference.ExtensiveEncoderURITest" time="0.001"/>
  <testcase name="testUrlsFromFile[736]" classname="org.owasp.esapi.reference.ExtensiveEncoderURITest" time="0"/>
  <testcase name="testUrlsFromFile[737]" classname="org.owasp.esapi.reference.ExtensiveEncoderURITest" time="0.001"/>
  <testcase name="testUrlsFromFile[738]" classname="org.owasp.esapi.reference.ExtensiveEncoderURITest" time="0.001"/>
  <testcase name="testUrlsFromFile[739]" classname="org.owasp.esapi.reference.ExtensiveEncoderURITest" time="0"/>
  <testcase name="testUrlsFromFile[740]" classname="org.owasp.esapi.reference.ExtensiveEncoderURITest" time="0.001"/>
  <testcase name="testUrlsFromFile[741]" classname="org.owasp.esapi.reference.ExtensiveEncoderURITest" time="0"/>
  <testcase name="testUrlsFromFile[742]" classname="org.owasp.esapi.reference.ExtensiveEncoderURITest" time="0.023"/>
  <testcase name="testUrlsFromFile[743]" classname="org.owasp.esapi.reference.ExtensiveEncoderURITest" time="0.002"/>
  <testcase name="testUrlsFromFile[744]" classname="org.owasp.esapi.reference.ExtensiveEncoderURITest" time="0.001"/>
  <testcase name="testUrlsFromFile[745]" classname="org.owasp.esapi.reference.ExtensiveEncoderURITest" time="0.001"/>
  <testcase name="testUrlsFromFile[746]" classname="org.owasp.esapi.reference.ExtensiveEncoderURITest" time="0"/>
  <testcase name="testUrlsFromFile[747]" classname="org.owasp.esapi.reference.ExtensiveEncoderURITest" time="0.001"/>
  <testcase name="testUrlsFromFile[748]" classname="org.owasp.esapi.reference.ExtensiveEncoderURITest" time="0"/>
  <testcase name="testUrlsFromFile[749]" classname="org.owasp.esapi.reference.ExtensiveEncoderURITest" time="0.001"/>
  <testcase name="testUrlsFromFile[750]" classname="org.owasp.esapi.reference.ExtensiveEncoderURITest" time="0.001"/>
  <testcase name="testUrlsFromFile[751]" classname="org.owasp.esapi.reference.ExtensiveEncoderURITest" time="0.001"/>
  <testcase name="testUrlsFromFile[752]" classname="org.owasp.esapi.reference.ExtensiveEncoderURITest" time="0"/>
  <testcase name="testUrlsFromFile[753]" classname="org.owasp.esapi.reference.ExtensiveEncoderURITest" time="0.001"/>
  <testcase name="testUrlsFromFile[754]" classname="org.owasp.esapi.reference.ExtensiveEncoderURITest" time="0.001"/>
  <testcase name="testUrlsFromFile[755]" classname="org.owasp.esapi.reference.ExtensiveEncoderURITest" time="0.001"/>
  <testcase name="testUrlsFromFile[756]" classname="org.owasp.esapi.reference.ExtensiveEncoderURITest" time="0.002"/>
  <testcase name="testUrlsFromFile[757]" classname="org.owasp.esapi.reference.ExtensiveEncoderURITest" time="0.001"/>
  <testcase name="testUrlsFromFile[758]" classname="org.owasp.esapi.reference.ExtensiveEncoderURITest" time="0"/>
  <testcase name="testUrlsFromFile[759]" classname="org.owasp.esapi.reference.ExtensiveEncoderURITest" time="0.002"/>
  <testcase name="testUrlsFromFile[760]" classname="org.owasp.esapi.reference.ExtensiveEncoderURITest" time="0.001"/>
  <testcase name="testUrlsFromFile[761]" classname="org.owasp.esapi.reference.ExtensiveEncoderURITest" time="0.001"/>
  <testcase name="testUrlsFromFile[762]" classname="org.owasp.esapi.reference.ExtensiveEncoderURITest" time="0.001"/>
  <testcase name="testUrlsFromFile[763]" classname="org.owasp.esapi.reference.ExtensiveEncoderURITest" time="0"/>
  <testcase name="testUrlsFromFile[764]" classname="org.owasp.esapi.reference.ExtensiveEncoderURITest" time="0.002"/>
  <testcase name="testUrlsFromFile[765]" classname="org.owasp.esapi.reference.ExtensiveEncoderURITest" time="0"/>
  <testcase name="testUrlsFromFile[766]" classname="org.owasp.esapi.reference.ExtensiveEncoderURITest" time="0.001"/>
  <testcase name="testUrlsFromFile[767]" classname="org.owasp.esapi.reference.ExtensiveEncoderURITest" time="0.001"/>
  <testcase name="testUrlsFromFile[768]" classname="org.owasp.esapi.reference.ExtensiveEncoderURITest" time="0"/>
  <testcase name="testUrlsFromFile[769]" classname="org.owasp.esapi.reference.ExtensiveEncoderURITest" time="0.001"/>
  <testcase name="testUrlsFromFile[770]" classname="org.owasp.esapi.reference.ExtensiveEncoderURITest" time="0"/>
  <testcase name="testUrlsFromFile[771]" classname="org.owasp.esapi.reference.ExtensiveEncoderURITest" time="0"/>
  <testcase name="testUrlsFromFile[772]" classname="org.owasp.esapi.reference.ExtensiveEncoderURITest" time="0.001"/>
  <testcase name="testUrlsFromFile[773]" classname="org.owasp.esapi.reference.ExtensiveEncoderURITest" time="0.002"/>
  <testcase name="testUrlsFromFile[774]" classname="org.owasp.esapi.reference.ExtensiveEncoderURITest" time="0.001"/>
  <testcase name="testUrlsFromFile[775]" classname="org.owasp.esapi.reference.ExtensiveEncoderURITest" time="0.001"/>
  <testcase name="testUrlsFromFile[776]" classname="org.owasp.esapi.reference.ExtensiveEncoderURITest" time="0.001"/>
  <testcase name="testUrlsFromFile[777]" classname="org.owasp.esapi.reference.ExtensiveEncoderURITest" time="0.001"/>
  <testcase name="testUrlsFromFile[778]" classname="org.owasp.esapi.reference.ExtensiveEncoderURITest" time="0.001"/>
  <testcase name="testUrlsFromFile[779]" classname="org.owasp.esapi.reference.ExtensiveEncoderURITest" time="0.001"/>
  <testcase name="testUrlsFromFile[780]" classname="org.owasp.esapi.reference.ExtensiveEncoderURITest" time="0.001"/>
  <testcase name="testUrlsFromFile[781]" classname="org.owasp.esapi.reference.ExtensiveEncoderURITest" time="0.001"/>
  <testcase name="testUrlsFromFile[782]" classname="org.owasp.esapi.reference.ExtensiveEncoderURITest" time="0"/>
  <testcase name="testUrlsFromFile[783]" classname="org.owasp.esapi.reference.ExtensiveEncoderURITest" time="0.001"/>
  <testcase name="testUrlsFromFile[784]" classname="org.owasp.esapi.reference.ExtensiveEncoderURITest" time="0.001"/>
  <testcase name="testUrlsFromFile[785]" classname="org.owasp.esapi.reference.ExtensiveEncoderURITest" time="0"/>
  <testcase name="testUrlsFromFile[786]" classname="org.owasp.esapi.reference.ExtensiveEncoderURITest" time="0.001"/>
  <testcase name="testUrlsFromFile[787]" classname="org.owasp.esapi.reference.ExtensiveEncoderURITest" time="0.002"/>
  <testcase name="testUrlsFromFile[788]" classname="org.owasp.esapi.reference.ExtensiveEncoderURITest" time="0.001"/>
  <testcase name="testUrlsFromFile[789]" classname="org.owasp.esapi.reference.ExtensiveEncoderURITest" time="0.001"/>
  <testcase name="testUrlsFromFile[790]" classname="org.owasp.esapi.reference.ExtensiveEncoderURITest" time="0"/>
  <testcase name="testUrlsFromFile[791]" classname="org.owasp.esapi.reference.ExtensiveEncoderURITest" time="0.001"/>
  <testcase name="testUrlsFromFile[792]" classname="org.owasp.esapi.reference.ExtensiveEncoderURITest" time="0"/>
  <testcase name="testUrlsFromFile[793]" classname="org.owasp.esapi.reference.ExtensiveEncoderURITest" time="0.001"/>
  <testcase name="testUrlsFromFile[794]" classname="org.owasp.esapi.reference.ExtensiveEncoderURITest" time="0.001"/>
  <testcase name="testUrlsFromFile[795]" classname="org.owasp.esapi.reference.ExtensiveEncoderURITest" time="0.002"/>
  <testcase name="testUrlsFromFile[796]" classname="org.owasp.esapi.reference.ExtensiveEncoderURITest" time="0.002"/>
  <testcase name="testUrlsFromFile[797]" classname="org.owasp.esapi.reference.ExtensiveEncoderURITest" time="0"/>
  <testcase name="testUrlsFromFile[798]" classname="org.owasp.esapi.reference.ExtensiveEncoderURITest" time="0.004"/>
  <testcase name="testUrlsFromFile[799]" classname="org.owasp.esapi.reference.ExtensiveEncoderURITest" time="0"/>
  <testcase name="testUrlsFromFile[800]" classname="org.owasp.esapi.reference.ExtensiveEncoderURITest" time="0"/>
  <testcase name="testUrlsFromFile[801]" classname="org.owasp.esapi.reference.ExtensiveEncoderURITest" time="0.001"/>
  <testcase name="testUrlsFromFile[802]" classname="org.owasp.esapi.reference.ExtensiveEncoderURITest" time="0.001"/>
  <testcase name="testUrlsFromFile[803]" classname="org.owasp.esapi.reference.ExtensiveEncoderURITest" time="0"/>
  <testcase name="testUrlsFromFile[804]" classname="org.owasp.esapi.reference.ExtensiveEncoderURITest" time="0.001"/>
  <testcase name="testUrlsFromFile[805]" classname="org.owasp.esapi.reference.ExtensiveEncoderURITest" time="0.002"/>
  <testcase name="testUrlsFromFile[806]" classname="org.owasp.esapi.reference.ExtensiveEncoderURITest" time="0"/>
  <testcase name="testUrlsFromFile[807]" classname="org.owasp.esapi.reference.ExtensiveEncoderURITest" time="0.002"/>
  <testcase name="testUrlsFromFile[808]" classname="org.owasp.esapi.reference.ExtensiveEncoderURITest" time="0"/>
  <testcase name="testUrlsFromFile[809]" classname="org.owasp.esapi.reference.ExtensiveEncoderURITest" time="0.001"/>
  <testcase name="testUrlsFromFile[810]" classname="org.owasp.esapi.reference.ExtensiveEncoderURITest" time="0.001"/>
  <testcase name="testUrlsFromFile[811]" classname="org.owasp.esapi.reference.ExtensiveEncoderURITest" time="0.001"/>
  <testcase name="testUrlsFromFile[812]" classname="org.owasp.esapi.reference.ExtensiveEncoderURITest" time="0.001"/>
  <testcase name="testUrlsFromFile[813]" classname="org.owasp.esapi.reference.ExtensiveEncoderURITest" time="0.001"/>
  <testcase name="testUrlsFromFile[814]" classname="org.owasp.esapi.reference.ExtensiveEncoderURITest" time="0"/>
  <testcase name="testUrlsFromFile[815]" classname="org.owasp.esapi.reference.ExtensiveEncoderURITest" time="0.001"/>
  <testcase name="testUrlsFromFile[816]" classname="org.owasp.esapi.reference.ExtensiveEncoderURITest" time="0.001"/>
  <testcase name="testUrlsFromFile[817]" classname="org.owasp.esapi.reference.ExtensiveEncoderURITest" time="0.002"/>
  <testcase name="testUrlsFromFile[818]" classname="org.owasp.esapi.reference.ExtensiveEncoderURITest" time="0.001"/>
  <testcase name="testUrlsFromFile[819]" classname="org.owasp.esapi.reference.ExtensiveEncoderURITest" time="0.001"/>
  <testcase name="testUrlsFromFile[820]" classname="org.owasp.esapi.reference.ExtensiveEncoderURITest" time="0"/>
  <testcase name="testUrlsFromFile[821]" classname="org.owasp.esapi.reference.ExtensiveEncoderURITest" time="0.001"/>
  <testcase name="testUrlsFromFile[822]" classname="org.owasp.esapi.reference.ExtensiveEncoderURITest" time="0.001"/>
  <testcase name="testUrlsFromFile[823]" classname="org.owasp.esapi.reference.ExtensiveEncoderURITest" time="0.001"/>
  <testcase name="testUrlsFromFile[824]" classname="org.owasp.esapi.reference.ExtensiveEncoderURITest" time="0.002"/>
  <testcase name="testUrlsFromFile[825]" classname="org.owasp.esapi.reference.ExtensiveEncoderURITest" time="0.002"/>
  <testcase name="testUrlsFromFile[826]" classname="org.owasp.esapi.reference.ExtensiveEncoderURITest" time="0.001"/>
  <testcase name="testUrlsFromFile[827]" classname="org.owasp.esapi.reference.ExtensiveEncoderURITest" time="0.001"/>
  <testcase name="testUrlsFromFile[828]" classname="org.owasp.esapi.reference.ExtensiveEncoderURITest" time="0.001"/>
  <testcase name="testUrlsFromFile[829]" classname="org.owasp.esapi.reference.ExtensiveEncoderURITest" time="0"/>
  <testcase name="testUrlsFromFile[830]" classname="org.owasp.esapi.reference.ExtensiveEncoderURITest" time="0.002"/>
  <testcase name="testUrlsFromFile[831]" classname="org.owasp.esapi.reference.ExtensiveEncoderURITest" time="0.002"/>
  <testcase name="testUrlsFromFile[832]" classname="org.owasp.esapi.reference.ExtensiveEncoderURITest" time="0.001"/>
  <testcase name="testUrlsFromFile[833]" classname="org.owasp.esapi.reference.ExtensiveEncoderURITest" time="0.001"/>
  <testcase name="testUrlsFromFile[834]" classname="org.owasp.esapi.reference.ExtensiveEncoderURITest" time="0"/>
  <testcase name="testUrlsFromFile[835]" classname="org.owasp.esapi.reference.ExtensiveEncoderURITest" time="0"/>
  <testcase name="testUrlsFromFile[836]" classname="org.owasp.esapi.reference.ExtensiveEncoderURITest" time="0.003"/>
  <testcase name="testUrlsFromFile[837]" classname="org.owasp.esapi.reference.ExtensiveEncoderURITest" time="0"/>
  <testcase name="testUrlsFromFile[838]" classname="org.owasp.esapi.reference.ExtensiveEncoderURITest" time="0.001"/>
  <testcase name="testUrlsFromFile[839]" classname="org.owasp.esapi.reference.ExtensiveEncoderURITest" time="0"/>
  <testcase name="testUrlsFromFile[840]" classname="org.owasp.esapi.reference.ExtensiveEncoderURITest" time="0"/>
  <testcase name="testUrlsFromFile[841]" classname="org.owasp.esapi.reference.ExtensiveEncoderURITest" time="0"/>
  <testcase name="testUrlsFromFile[842]" classname="org.owasp.esapi.reference.ExtensiveEncoderURITest" time="0.001"/>
  <testcase name="testUrlsFromFile[843]" classname="org.owasp.esapi.reference.ExtensiveEncoderURITest" time="0.001"/>
  <testcase name="testUrlsFromFile[844]" classname="org.owasp.esapi.reference.ExtensiveEncoderURITest" time="0"/>
  <testcase name="testUrlsFromFile[845]" classname="org.owasp.esapi.reference.ExtensiveEncoderURITest" time="0.001"/>
  <testcase name="testUrlsFromFile[846]" classname="org.owasp.esapi.reference.ExtensiveEncoderURITest" time="0.001"/>
  <testcase name="testUrlsFromFile[847]" classname="org.owasp.esapi.reference.ExtensiveEncoderURITest" time="0.001"/>
  <testcase name="testUrlsFromFile[848]" classname="org.owasp.esapi.reference.ExtensiveEncoderURITest" time="0"/>
  <testcase name="testUrlsFromFile[849]" classname="org.owasp.esapi.reference.ExtensiveEncoderURITest" time="0"/>
  <testcase name="testUrlsFromFile[850]" classname="org.owasp.esapi.reference.ExtensiveEncoderURITest" time="0.001"/>
  <testcase name="testUrlsFromFile[851]" classname="org.owasp.esapi.reference.ExtensiveEncoderURITest" time="0.001"/>
  <testcase name="testUrlsFromFile[852]" classname="org.owasp.esapi.reference.ExtensiveEncoderURITest" time="0.001"/>
  <testcase name="testUrlsFromFile[853]" classname="org.owasp.esapi.reference.ExtensiveEncoderURITest" time="0.001"/>
  <testcase name="testUrlsFromFile[854]" classname="org.owasp.esapi.reference.ExtensiveEncoderURITest" time="0"/>
  <testcase name="testUrlsFromFile[855]" classname="org.owasp.esapi.reference.ExtensiveEncoderURITest" time="0.001"/>
  <testcase name="testUrlsFromFile[856]" classname="org.owasp.esapi.reference.ExtensiveEncoderURITest" time="0.001"/>
  <testcase name="testUrlsFromFile[857]" classname="org.owasp.esapi.reference.ExtensiveEncoderURITest" time="0.001"/>
  <testcase name="testUrlsFromFile[858]" classname="org.owasp.esapi.reference.ExtensiveEncoderURITest" time="0.001"/>
  <testcase name="testUrlsFromFile[859]" classname="org.owasp.esapi.reference.ExtensiveEncoderURITest" time="0.001"/>
  <testcase name="testUrlsFromFile[860]" classname="org.owasp.esapi.reference.ExtensiveEncoderURITest" time="0.001"/>
  <testcase name="testUrlsFromFile[861]" classname="org.owasp.esapi.reference.ExtensiveEncoderURITest" time="0.002"/>
  <testcase name="testUrlsFromFile[862]" classname="org.owasp.esapi.reference.ExtensiveEncoderURITest" time="0"/>
  <testcase name="testUrlsFromFile[863]" classname="org.owasp.esapi.reference.ExtensiveEncoderURITest" time="0.001"/>
  <testcase name="testUrlsFromFile[864]" classname="org.owasp.esapi.reference.ExtensiveEncoderURITest" time="0.001"/>
  <testcase name="testUrlsFromFile[865]" classname="org.owasp.esapi.reference.ExtensiveEncoderURITest" time="0"/>
  <testcase name="testUrlsFromFile[866]" classname="org.owasp.esapi.reference.ExtensiveEncoderURITest" time="0"/>
  <testcase name="testUrlsFromFile[867]" classname="org.owasp.esapi.reference.ExtensiveEncoderURITest" time="0"/>
  <testcase name="testUrlsFromFile[868]" classname="org.owasp.esapi.reference.ExtensiveEncoderURITest" time="0.001"/>
  <testcase name="testUrlsFromFile[869]" classname="org.owasp.esapi.reference.ExtensiveEncoderURITest" time="0.002"/>
  <testcase name="testUrlsFromFile[870]" classname="org.owasp.esapi.reference.ExtensiveEncoderURITest" time="0.001"/>
  <testcase name="testUrlsFromFile[871]" classname="org.owasp.esapi.reference.ExtensiveEncoderURITest" time="0.005"/>
  <testcase name="testUrlsFromFile[872]" classname="org.owasp.esapi.reference.ExtensiveEncoderURITest" time="0"/>
  <testcase name="testUrlsFromFile[873]" classname="org.owasp.esapi.reference.ExtensiveEncoderURITest" time="0"/>
  <testcase name="testUrlsFromFile[874]" classname="org.owasp.esapi.reference.ExtensiveEncoderURITest" time="0"/>
  <testcase name="testUrlsFromFile[875]" classname="org.owasp.esapi.reference.ExtensiveEncoderURITest" time="0"/>
  <testcase name="testUrlsFromFile[876]" classname="org.owasp.esapi.reference.ExtensiveEncoderURITest" time="0"/>
  <testcase name="testUrlsFromFile[877]" classname="org.owasp.esapi.reference.ExtensiveEncoderURITest" time="0.002"/>
  <testcase name="testUrlsFromFile[878]" classname="org.owasp.esapi.reference.ExtensiveEncoderURITest" time="0.001"/>
  <testcase name="testUrlsFromFile[879]" classname="org.owasp.esapi.reference.ExtensiveEncoderURITest" time="0.001"/>
  <testcase name="testUrlsFromFile[880]" classname="org.owasp.esapi.reference.ExtensiveEncoderURITest" time="0.005"/>
  <testcase name="testUrlsFromFile[881]" classname="org.owasp.esapi.reference.ExtensiveEncoderURITest" time="0"/>
  <testcase name="testUrlsFromFile[882]" classname="org.owasp.esapi.reference.ExtensiveEncoderURITest" time="0"/>
  <testcase name="testUrlsFromFile[883]" classname="org.owasp.esapi.reference.ExtensiveEncoderURITest" time="0.004"/>
  <testcase name="testUrlsFromFile[884]" classname="org.owasp.esapi.reference.ExtensiveEncoderURITest" time="0"/>
  <testcase name="testUrlsFromFile[885]" classname="org.owasp.esapi.reference.ExtensiveEncoderURITest" time="0"/>
  <testcase name="testUrlsFromFile[886]" classname="org.owasp.esapi.reference.ExtensiveEncoderURITest" time="0.001"/>
  <testcase name="testUrlsFromFile[887]" classname="org.owasp.esapi.reference.ExtensiveEncoderURITest" time="0.001"/>
  <testcase name="testUrlsFromFile[888]" classname="org.owasp.esapi.reference.ExtensiveEncoderURITest" time="0.001"/>
  <testcase name="testUrlsFromFile[889]" classname="org.owasp.esapi.reference.ExtensiveEncoderURITest" time="0"/>
  <testcase name="testUrlsFromFile[890]" classname="org.owasp.esapi.reference.ExtensiveEncoderURITest" time="0"/>
  <testcase name="testUrlsFromFile[891]" classname="org.owasp.esapi.reference.ExtensiveEncoderURITest" time="0.001"/>
  <testcase name="testUrlsFromFile[892]" classname="org.owasp.esapi.reference.ExtensiveEncoderURITest" time="0.002"/>
  <testcase name="testUrlsFromFile[893]" classname="org.owasp.esapi.reference.ExtensiveEncoderURITest" time="0"/>
  <testcase name="testUrlsFromFile[894]" classname="org.owasp.esapi.reference.ExtensiveEncoderURITest" time="0.001"/>
  <testcase name="testUrlsFromFile[895]" classname="org.owasp.esapi.reference.ExtensiveEncoderURITest" time="0.001"/>
  <testcase name="testUrlsFromFile[896]" classname="org.owasp.esapi.reference.ExtensiveEncoderURITest" time="0.001"/>
  <testcase name="testUrlsFromFile[897]" classname="org.owasp.esapi.reference.ExtensiveEncoderURITest" time="0.001"/>
  <testcase name="testUrlsFromFile[898]" classname="org.owasp.esapi.reference.ExtensiveEncoderURITest" time="0.001"/>
  <testcase name="testUrlsFromFile[899]" classname="org.owasp.esapi.reference.ExtensiveEncoderURITest" time="0.001"/>
  <testcase name="testUrlsFromFile[900]" classname="org.owasp.esapi.reference.ExtensiveEncoderURITest" time="0.002"/>
  <testcase name="testUrlsFromFile[901]" classname="org.owasp.esapi.reference.ExtensiveEncoderURITest" time="0.001"/>
  <testcase name="testUrlsFromFile[902]" classname="org.owasp.esapi.reference.ExtensiveEncoderURITest" time="0.002"/>
  <testcase name="testUrlsFromFile[903]" classname="org.owasp.esapi.reference.ExtensiveEncoderURITest" time="0.001"/>
  <testcase name="testUrlsFromFile[904]" classname="org.owasp.esapi.reference.ExtensiveEncoderURITest" time="0"/>
  <testcase name="testUrlsFromFile[905]" classname="org.owasp.esapi.reference.ExtensiveEncoderURITest" time="0.002"/>
  <testcase name="testUrlsFromFile[906]" classname="org.owasp.esapi.reference.ExtensiveEncoderURITest" time="0.001"/>
  <testcase name="testUrlsFromFile[907]" classname="org.owasp.esapi.reference.ExtensiveEncoderURITest" time="0.006"/>
  <testcase name="testUrlsFromFile[908]" classname="org.owasp.esapi.reference.ExtensiveEncoderURITest" time="0"/>
  <testcase name="testUrlsFromFile[909]" classname="org.owasp.esapi.reference.ExtensiveEncoderURITest" time="0"/>
  <testcase name="testUrlsFromFile[910]" classname="org.owasp.esapi.reference.ExtensiveEncoderURITest" time="0"/>
  <testcase name="testUrlsFromFile[911]" classname="org.owasp.esapi.reference.ExtensiveEncoderURITest" time="0"/>
  <testcase name="testUrlsFromFile[912]" classname="org.owasp.esapi.reference.ExtensiveEncoderURITest" time="0.001"/>
  <testcase name="testUrlsFromFile[913]" classname="org.owasp.esapi.reference.ExtensiveEncoderURITest" time="0"/>
  <testcase name="testUrlsFromFile[914]" classname="org.owasp.esapi.reference.ExtensiveEncoderURITest" time="0"/>
  <testcase name="testUrlsFromFile[915]" classname="org.owasp.esapi.reference.ExtensiveEncoderURITest" time="0"/>
  <testcase name="testUrlsFromFile[916]" classname="org.owasp.esapi.reference.ExtensiveEncoderURITest" time="0"/>
  <testcase name="testUrlsFromFile[917]" classname="org.owasp.esapi.reference.ExtensiveEncoderURITest" time="0"/>
  <testcase name="testUrlsFromFile[918]" classname="org.owasp.esapi.reference.ExtensiveEncoderURITest" time="0"/>
  <testcase name="testUrlsFromFile[919]" classname="org.owasp.esapi.reference.ExtensiveEncoderURITest" time="0.004"/>
  <testcase name="testUrlsFromFile[920]" classname="org.owasp.esapi.reference.ExtensiveEncoderURITest" time="0"/>
  <testcase name="testUrlsFromFile[921]" classname="org.owasp.esapi.reference.ExtensiveEncoderURITest" time="0"/>
  <testcase name="testUrlsFromFile[922]" classname="org.owasp.esapi.reference.ExtensiveEncoderURITest" time="0"/>
  <testcase name="testUrlsFromFile[923]" classname="org.owasp.esapi.reference.ExtensiveEncoderURITest" time="0"/>
  <testcase name="testUrlsFromFile[924]" classname="org.owasp.esapi.reference.ExtensiveEncoderURITest" time="0"/>
  <testcase name="testUrlsFromFile[925]" classname="org.owasp.esapi.reference.ExtensiveEncoderURITest" time="0"/>
  <testcase name="testUrlsFromFile[926]" classname="org.owasp.esapi.reference.ExtensiveEncoderURITest" time="0.003"/>
  <testcase name="testUrlsFromFile[927]" classname="org.owasp.esapi.reference.ExtensiveEncoderURITest" time="0"/>
  <testcase name="testUrlsFromFile[928]" classname="org.owasp.esapi.reference.ExtensiveEncoderURITest" time="0"/>
  <testcase name="testUrlsFromFile[929]" classname="org.owasp.esapi.reference.ExtensiveEncoderURITest" time="0.005"/>
  <testcase name="testUrlsFromFile[930]" classname="org.owasp.esapi.reference.ExtensiveEncoderURITest" time="0"/>
  <testcase name="testUrlsFromFile[931]" classname="org.owasp.esapi.reference.ExtensiveEncoderURITest" time="0"/>
  <testcase name="testUrlsFromFile[932]" classname="org.owasp.esapi.reference.ExtensiveEncoderURITest" time="0"/>
  <testcase name="testUrlsFromFile[933]" classname="org.owasp.esapi.reference.ExtensiveEncoderURITest" time="0"/>
  <testcase name="testUrlsFromFile[934]" classname="org.owasp.esapi.reference.ExtensiveEncoderURITest" time="0"/>
  <testcase name="testUrlsFromFile[935]" classname="org.owasp.esapi.reference.ExtensiveEncoderURITest" time="0.003"/>
  <testcase name="testUrlsFromFile[936]" classname="org.owasp.esapi.reference.ExtensiveEncoderURITest" time="0"/>
  <testcase name="testUrlsFromFile[937]" classname="org.owasp.esapi.reference.ExtensiveEncoderURITest" time="0"/>
  <testcase name="testUrlsFromFile[938]" classname="org.owasp.esapi.reference.ExtensiveEncoderURITest" time="0.004"/>
  <testcase name="testUrlsFromFile[939]" classname="org.owasp.esapi.reference.ExtensiveEncoderURITest" time="0"/>
  <testcase name="testUrlsFromFile[940]" classname="org.owasp.esapi.reference.ExtensiveEncoderURITest" time="0"/>
  <testcase name="testUrlsFromFile[941]" classname="org.owasp.esapi.reference.ExtensiveEncoderURITest" time="0"/>
  <testcase name="testUrlsFromFile[942]" classname="org.owasp.esapi.reference.ExtensiveEncoderURITest" time="0"/>
  <testcase name="testUrlsFromFile[943]" classname="org.owasp.esapi.reference.ExtensiveEncoderURITest" time="0"/>
  <testcase name="testUrlsFromFile[944]" classname="org.owasp.esapi.reference.ExtensiveEncoderURITest" time="0"/>
  <testcase name="testUrlsFromFile[945]" classname="org.owasp.esapi.reference.ExtensiveEncoderURITest" time="0.005"/>
  <testcase name="testUrlsFromFile[946]" classname="org.owasp.esapi.reference.ExtensiveEncoderURITest" time="0"/>
  <testcase name="testUrlsFromFile[947]" classname="org.owasp.esapi.reference.ExtensiveEncoderURITest" time="0"/>
  <testcase name="testUrlsFromFile[948]" classname="org.owasp.esapi.reference.ExtensiveEncoderURITest" time="0.004"/>
  <testcase name="testUrlsFromFile[949]" classname="org.owasp.esapi.reference.ExtensiveEncoderURITest" time="0"/>
  <testcase name="testUrlsFromFile[950]" classname="org.owasp.esapi.reference.ExtensiveEncoderURITest" time="0"/>
  <testcase name="testUrlsFromFile[951]" classname="org.owasp.esapi.reference.ExtensiveEncoderURITest" time="0"/>
  <testcase name="testUrlsFromFile[952]" classname="org.owasp.esapi.reference.ExtensiveEncoderURITest" time="0.004"/>
  <testcase name="testUrlsFromFile[953]" classname="org.owasp.esapi.reference.ExtensiveEncoderURITest" time="0"/>
  <testcase name="testUrlsFromFile[954]" classname="org.owasp.esapi.reference.ExtensiveEncoderURITest" time="0"/>
  <testcase name="testUrlsFromFile[955]" classname="org.owasp.esapi.reference.ExtensiveEncoderURITest" time="0"/>
  <testcase name="testUrlsFromFile[956]" classname="org.owasp.esapi.reference.ExtensiveEncoderURITest" time="0"/>
  <testcase name="testUrlsFromFile[957]" classname="org.owasp.esapi.reference.ExtensiveEncoderURITest" time="0.004"/>
  <testcase name="testUrlsFromFile[958]" classname="org.owasp.esapi.reference.ExtensiveEncoderURITest" time="0"/>
  <testcase name="testUrlsFromFile[959]" classname="org.owasp.esapi.reference.ExtensiveEncoderURITest" time="0"/>
  <testcase name="testUrlsFromFile[960]" classname="org.owasp.esapi.reference.ExtensiveEncoderURITest" time="0"/>
  <testcase name="testUrlsFromFile[961]" classname="org.owasp.esapi.reference.ExtensiveEncoderURITest" time="0"/>
  <testcase name="testUrlsFromFile[962]" classname="org.owasp.esapi.reference.ExtensiveEncoderURITest" time="0.004"/>
  <testcase name="testUrlsFromFile[963]" classname="org.owasp.esapi.reference.ExtensiveEncoderURITest" time="0"/>
  <testcase name="testUrlsFromFile[964]" classname="org.owasp.esapi.reference.ExtensiveEncoderURITest" time="0"/>
  <testcase name="testUrlsFromFile[965]" classname="org.owasp.esapi.reference.ExtensiveEncoderURITest" time="0"/>
  <testcase name="testUrlsFromFile[966]" classname="org.owasp.esapi.reference.ExtensiveEncoderURITest" time="0"/>
  <testcase name="testUrlsFromFile[967]" classname="org.owasp.esapi.reference.ExtensiveEncoderURITest" time="0"/>
  <testcase name="testUrlsFromFile[968]" classname="org.owasp.esapi.reference.ExtensiveEncoderURITest" time="0.001"/>
  <testcase name="testUrlsFromFile[969]" classname="org.owasp.esapi.reference.ExtensiveEncoderURITest" time="0.007"/>
  <testcase name="testUrlsFromFile[970]" classname="org.owasp.esapi.reference.ExtensiveEncoderURITest" time="0"/>
  <testcase name="testUrlsFromFile[971]" classname="org.owasp.esapi.reference.ExtensiveEncoderURITest" time="0"/>
  <testcase name="testUrlsFromFile[972]" classname="org.owasp.esapi.reference.ExtensiveEncoderURITest" time="0"/>
  <testcase name="testUrlsFromFile[973]" classname="org.owasp.esapi.reference.ExtensiveEncoderURITest" time="0"/>
  <testcase name="testUrlsFromFile[974]" classname="org.owasp.esapi.reference.ExtensiveEncoderURITest" time="0"/>
  <testcase name="testUrlsFromFile[975]" classname="org.owasp.esapi.reference.ExtensiveEncoderURITest" time="0"/>
  <testcase name="testUrlsFromFile[976]" classname="org.owasp.esapi.reference.ExtensiveEncoderURITest" time="0.004"/>
  <testcase name="testUrlsFromFile[977]" classname="org.owasp.esapi.reference.ExtensiveEncoderURITest" time="0"/>
  <testcase name="testUrlsFromFile[978]" classname="org.owasp.esapi.reference.ExtensiveEncoderURITest" time="0"/>
  <testcase name="testUrlsFromFile[979]" classname="org.owasp.esapi.reference.ExtensiveEncoderURITest" time="0"/>
  <testcase name="testUrlsFromFile[980]" classname="org.owasp.esapi.reference.ExtensiveEncoderURITest" time="0"/>
  <testcase name="testUrlsFromFile[981]" classname="org.owasp.esapi.reference.ExtensiveEncoderURITest" time="0.003"/>
  <testcase name="testUrlsFromFile[982]" classname="org.owasp.esapi.reference.ExtensiveEncoderURITest" time="0"/>
  <testcase name="testUrlsFromFile[983]" classname="org.owasp.esapi.reference.ExtensiveEncoderURITest" time="0"/>
  <testcase name="testUrlsFromFile[984]" classname="org.owasp.esapi.reference.ExtensiveEncoderURITest" time="0"/>
  <testcase name="testUrlsFromFile[985]" classname="org.owasp.esapi.reference.ExtensiveEncoderURITest" time="0"/>
  <testcase name="testUrlsFromFile[986]" classname="org.owasp.esapi.reference.ExtensiveEncoderURITest" time="0.002"/>
  <testcase name="testUrlsFromFile[987]" classname="org.owasp.esapi.reference.ExtensiveEncoderURITest" time="0"/>
  <testcase name="testUrlsFromFile[988]" classname="org.owasp.esapi.reference.ExtensiveEncoderURITest" time="0"/>
  <testcase name="testUrlsFromFile[989]" classname="org.owasp.esapi.reference.ExtensiveEncoderURITest" time="0"/>
  <testcase name="testUrlsFromFile[990]" classname="org.owasp.esapi.reference.ExtensiveEncoderURITest" time="0.003"/>
  <testcase name="testUrlsFromFile[991]" classname="org.owasp.esapi.reference.ExtensiveEncoderURITest" time="0"/>
  <testcase name="testUrlsFromFile[992]" classname="org.owasp.esapi.reference.ExtensiveEncoderURITest" time="0.003"/>
  <testcase name="testUrlsFromFile[993]" classname="org.owasp.esapi.reference.ExtensiveEncoderURITest" time="0"/>
  <testcase name="testUrlsFromFile[994]" classname="org.owasp.esapi.reference.ExtensiveEncoderURITest" time="0"/>
  <testcase name="testUrlsFromFile[995]" classname="org.owasp.esapi.reference.ExtensiveEncoderURITest" time="0"/>
  <testcase name="testUrlsFromFile[996]" classname="org.owasp.esapi.reference.ExtensiveEncoderURITest" time="0"/>
  <testcase name="testUrlsFromFile[997]" classname="org.owasp.esapi.reference.ExtensiveEncoderURITest" time="0"/>
  <testcase name="testUrlsFromFile[998]" classname="org.owasp.esapi.reference.ExtensiveEncoderURITest" time="0"/>
  <testcase name="testUrlsFromFile[999]" classname="org.owasp.esapi.reference.ExtensiveEncoderURITest" time="0.001"/>
  <testcase name="testUrlsFromFile[1000]" classname="org.owasp.esapi.reference.ExtensiveEncoderURITest" time="0.001"/>
  <testcase name="testUrlsFromFile[1001]" classname="org.owasp.esapi.reference.ExtensiveEncoderURITest" time="0.001"/>
  <testcase name="testUrlsFromFile[1002]" classname="org.owasp.esapi.reference.ExtensiveEncoderURITest" time="0.003"/>
  <testcase name="testUrlsFromFile[1003]" classname="org.owasp.esapi.reference.ExtensiveEncoderURITest" time="0"/>
  <testcase name="testUrlsFromFile[1004]" classname="org.owasp.esapi.reference.ExtensiveEncoderURITest" time="0.001"/>
  <testcase name="testUrlsFromFile[1005]" classname="org.owasp.esapi.reference.ExtensiveEncoderURITest" time="0.001"/>
  <testcase name="testUrlsFromFile[1006]" classname="org.owasp.esapi.reference.ExtensiveEncoderURITest" time="0.001"/>
  <testcase name="testUrlsFromFile[1007]" classname="org.owasp.esapi.reference.ExtensiveEncoderURITest" time="0.001"/>
  <testcase name="testUrlsFromFile[1008]" classname="org.owasp.esapi.reference.ExtensiveEncoderURITest" time="0"/>
  <testcase name="testUrlsFromFile[1009]" classname="org.owasp.esapi.reference.ExtensiveEncoderURITest" time="0.001"/>
  <testcase name="testUrlsFromFile[1010]" classname="org.owasp.esapi.reference.ExtensiveEncoderURITest" time="0"/>
  <testcase name="testUrlsFromFile[1011]" classname="org.owasp.esapi.reference.ExtensiveEncoderURITest" time="0.001"/>
  <testcase name="testUrlsFromFile[1012]" classname="org.owasp.esapi.reference.ExtensiveEncoderURITest" time="0"/>
  <testcase name="testUrlsFromFile[1013]" classname="org.owasp.esapi.reference.ExtensiveEncoderURITest" time="0.001"/>
  <testcase name="testUrlsFromFile[1014]" classname="org.owasp.esapi.reference.ExtensiveEncoderURITest" time="0"/>
  <testcase name="testUrlsFromFile[1015]" classname="org.owasp.esapi.reference.ExtensiveEncoderURITest" time="0.001"/>
  <testcase name="testUrlsFromFile[1016]" classname="org.owasp.esapi.reference.ExtensiveEncoderURITest" time="0"/>
  <testcase name="testUrlsFromFile[1017]" classname="org.owasp.esapi.reference.ExtensiveEncoderURITest" time="0.001"/>
  <testcase name="testUrlsFromFile[1018]" classname="org.owasp.esapi.reference.ExtensiveEncoderURITest" time="0"/>
  <testcase name="testUrlsFromFile[1019]" classname="org.owasp.esapi.reference.ExtensiveEncoderURITest" time="0"/>
  <testcase name="testUrlsFromFile[1020]" classname="org.owasp.esapi.reference.ExtensiveEncoderURITest" time="0.001"/>
  <testcase name="testUrlsFromFile[1021]" classname="org.owasp.esapi.reference.ExtensiveEncoderURITest" time="0"/>
  <testcase name="testUrlsFromFile[1022]" classname="org.owasp.esapi.reference.ExtensiveEncoderURITest" time="0.001"/>
  <testcase name="testUrlsFromFile[1023]" classname="org.owasp.esapi.reference.ExtensiveEncoderURITest" time="0"/>
  <testcase name="testUrlsFromFile[1024]" classname="org.owasp.esapi.reference.ExtensiveEncoderURITest" time="0.001"/>
  <testcase name="testUrlsFromFile[1025]" classname="org.owasp.esapi.reference.ExtensiveEncoderURITest" time="0"/>
  <testcase name="testUrlsFromFile[1026]" classname="org.owasp.esapi.reference.ExtensiveEncoderURITest" time="0.001"/>
  <testcase name="testUrlsFromFile[1027]" classname="org.owasp.esapi.reference.ExtensiveEncoderURITest" time="0"/>
  <testcase name="testUrlsFromFile[1028]" classname="org.owasp.esapi.reference.ExtensiveEncoderURITest" time="0.001"/>
  <testcase name="testUrlsFromFile[1029]" classname="org.owasp.esapi.reference.ExtensiveEncoderURITest" time="0"/>
  <testcase name="testUrlsFromFile[1030]" classname="org.owasp.esapi.reference.ExtensiveEncoderURITest" time="0"/>
  <testcase name="testUrlsFromFile[1031]" classname="org.owasp.esapi.reference.ExtensiveEncoderURITest" time="0.001"/>
  <testcase name="testUrlsFromFile[1032]" classname="org.owasp.esapi.reference.ExtensiveEncoderURITest" time="0"/>
  <testcase name="testUrlsFromFile[1033]" classname="org.owasp.esapi.reference.ExtensiveEncoderURITest" time="0.001"/>
  <testcase name="testUrlsFromFile[1034]" classname="org.owasp.esapi.reference.ExtensiveEncoderURITest" time="0"/>
  <testcase name="testUrlsFromFile[1035]" classname="org.owasp.esapi.reference.ExtensiveEncoderURITest" time="0.001"/>
  <testcase name="testUrlsFromFile[1036]" classname="org.owasp.esapi.reference.ExtensiveEncoderURITest" time="0"/>
  <testcase name="testUrlsFromFile[1037]" classname="org.owasp.esapi.reference.ExtensiveEncoderURITest" time="0.001"/>
  <testcase name="testUrlsFromFile[1038]" classname="org.owasp.esapi.reference.ExtensiveEncoderURITest" time="0"/>
  <testcase name="testUrlsFromFile[1039]" classname="org.owasp.esapi.reference.ExtensiveEncoderURITest" time="0.001"/>
  <testcase name="testUrlsFromFile[1040]" classname="org.owasp.esapi.reference.ExtensiveEncoderURITest" time="0.001"/>
  <testcase name="testUrlsFromFile[1041]" classname="org.owasp.esapi.reference.ExtensiveEncoderURITest" time="0"/>
  <testcase name="testUrlsFromFile[1042]" classname="org.owasp.esapi.reference.ExtensiveEncoderURITest" time="0.001"/>
  <testcase name="testUrlsFromFile[1043]" classname="org.owasp.esapi.reference.ExtensiveEncoderURITest" time="0"/>
  <testcase name="testUrlsFromFile[1044]" classname="org.owasp.esapi.reference.ExtensiveEncoderURITest" time="0.001"/>
  <testcase name="testUrlsFromFile[1045]" classname="org.owasp.esapi.reference.ExtensiveEncoderURITest" time="0"/>
  <testcase name="testUrlsFromFile[1046]" classname="org.owasp.esapi.reference.ExtensiveEncoderURITest" time="0.001"/>
  <testcase name="testUrlsFromFile[1047]" classname="org.owasp.esapi.reference.ExtensiveEncoderURITest" time="0"/>
  <testcase name="testUrlsFromFile[1048]" classname="org.owasp.esapi.reference.ExtensiveEncoderURITest" time="0.001"/>
  <testcase name="testUrlsFromFile[1049]" classname="org.owasp.esapi.reference.ExtensiveEncoderURITest" time="0"/>
  <testcase name="testUrlsFromFile[1050]" classname="org.owasp.esapi.reference.ExtensiveEncoderURITest" time="0.001"/>
  <testcase name="testUrlsFromFile[1051]" classname="org.owasp.esapi.reference.ExtensiveEncoderURITest" time="0"/>
  <testcase name="testUrlsFromFile[1052]" classname="org.owasp.esapi.reference.ExtensiveEncoderURITest" time="0.001"/>
  <testcase name="testUrlsFromFile[1053]" classname="org.owasp.esapi.reference.ExtensiveEncoderURITest" time="0"/>
  <testcase name="testUrlsFromFile[1054]" classname="org.owasp.esapi.reference.ExtensiveEncoderURITest" time="0"/>
  <testcase name="testUrlsFromFile[1055]" classname="org.owasp.esapi.reference.ExtensiveEncoderURITest" time="0.002"/>
  <testcase name="testUrlsFromFile[1056]" classname="org.owasp.esapi.reference.ExtensiveEncoderURITest" time="0"/>
  <testcase name="testUrlsFromFile[1057]" classname="org.owasp.esapi.reference.ExtensiveEncoderURITest" time="0.001"/>
  <testcase name="testUrlsFromFile[1058]" classname="org.owasp.esapi.reference.ExtensiveEncoderURITest" time="0"/>
  <testcase name="testUrlsFromFile[1059]" classname="org.owasp.esapi.reference.ExtensiveEncoderURITest" time="0"/>
  <testcase name="testUrlsFromFile[1060]" classname="org.owasp.esapi.reference.ExtensiveEncoderURITest" time="0"/>
  <testcase name="testUrlsFromFile[1061]" classname="org.owasp.esapi.reference.ExtensiveEncoderURITest" time="0.001"/>
  <testcase name="testUrlsFromFile[1062]" classname="org.owasp.esapi.reference.ExtensiveEncoderURITest" time="0"/>
  <testcase name="testUrlsFromFile[1063]" classname="org.owasp.esapi.reference.ExtensiveEncoderURITest" time="0"/>
  <testcase name="testUrlsFromFile[1064]" classname="org.owasp.esapi.reference.ExtensiveEncoderURITest" time="0.001"/>
  <testcase name="testUrlsFromFile[1065]" classname="org.owasp.esapi.reference.ExtensiveEncoderURITest" time="0"/>
  <testcase name="testUrlsFromFile[1066]" classname="org.owasp.esapi.reference.ExtensiveEncoderURITest" time="0.005"/>
  <testcase name="testUrlsFromFile[1067]" classname="org.owasp.esapi.reference.ExtensiveEncoderURITest" time="0"/>
  <testcase name="testUrlsFromFile[1068]" classname="org.owasp.esapi.reference.ExtensiveEncoderURITest" time="0.001"/>
  <testcase name="testUrlsFromFile[1069]" classname="org.owasp.esapi.reference.ExtensiveEncoderURITest" time="0"/>
  <testcase name="testUrlsFromFile[1070]" classname="org.owasp.esapi.reference.ExtensiveEncoderURITest" time="0"/>
  <testcase name="testUrlsFromFile[1071]" classname="org.owasp.esapi.reference.ExtensiveEncoderURITest" time="0"/>
  <testcase name="testUrlsFromFile[1072]" classname="org.owasp.esapi.reference.ExtensiveEncoderURITest" time="0.001"/>
  <testcase name="testUrlsFromFile[1073]" classname="org.owasp.esapi.reference.ExtensiveEncoderURITest" time="0"/>
  <testcase name="testUrlsFromFile[1074]" classname="org.owasp.esapi.reference.ExtensiveEncoderURITest" time="0"/>
  <testcase name="testUrlsFromFile[1075]" classname="org.owasp.esapi.reference.ExtensiveEncoderURITest" time="0.001"/>
  <testcase name="testUrlsFromFile[1076]" classname="org.owasp.esapi.reference.ExtensiveEncoderURITest" time="0"/>
  <testcase name="testUrlsFromFile[1077]" classname="org.owasp.esapi.reference.ExtensiveEncoderURITest" time="0"/>
  <testcase name="testUrlsFromFile[1078]" classname="org.owasp.esapi.reference.ExtensiveEncoderURITest" time="0"/>
  <testcase name="testUrlsFromFile[1079]" classname="org.owasp.esapi.reference.ExtensiveEncoderURITest" time="0.001"/>
  <testcase name="testUrlsFromFile[1080]" classname="org.owasp.esapi.reference.ExtensiveEncoderURITest" time="0"/>
  <testcase name="testUrlsFromFile[1081]" classname="org.owasp.esapi.reference.ExtensiveEncoderURITest" time="0"/>
  <testcase name="testUrlsFromFile[1082]" classname="org.owasp.esapi.reference.ExtensiveEncoderURITest" time="0.001"/>
  <testcase name="testUrlsFromFile[1083]" classname="org.owasp.esapi.reference.ExtensiveEncoderURITest" time="0"/>
  <testcase name="testUrlsFromFile[1084]" classname="org.owasp.esapi.reference.ExtensiveEncoderURITest" time="0"/>
  <testcase name="testUrlsFromFile[1085]" classname="org.owasp.esapi.reference.ExtensiveEncoderURITest" time="0"/>
  <testcase name="testUrlsFromFile[1086]" classname="org.owasp.esapi.reference.ExtensiveEncoderURITest" time="0.001"/>
  <testcase name="testUrlsFromFile[1087]" classname="org.owasp.esapi.reference.ExtensiveEncoderURITest" time="0"/>
  <testcase name="testUrlsFromFile[1088]" classname="org.owasp.esapi.reference.ExtensiveEncoderURITest" time="0"/>
  <testcase name="testUrlsFromFile[1089]" classname="org.owasp.esapi.reference.ExtensiveEncoderURITest" time="0.001"/>
  <testcase name="testUrlsFromFile[1090]" classname="org.owasp.esapi.reference.ExtensiveEncoderURITest" time="0"/>
  <testcase name="testUrlsFromFile[1091]" classname="org.owasp.esapi.reference.ExtensiveEncoderURITest" time="0"/>
  <testcase name="testUrlsFromFile[1092]" classname="org.owasp.esapi.reference.ExtensiveEncoderURITest" time="0"/>
  <testcase name="testUrlsFromFile[1093]" classname="org.owasp.esapi.reference.ExtensiveEncoderURITest" time="0.001"/>
  <testcase name="testUrlsFromFile[1094]" classname="org.owasp.esapi.reference.ExtensiveEncoderURITest" time="0"/>
  <testcase name="testUrlsFromFile[1095]" classname="org.owasp.esapi.reference.ExtensiveEncoderURITest" time="0"/>
  <testcase name="testUrlsFromFile[1096]" classname="org.owasp.esapi.reference.ExtensiveEncoderURITest" time="0.001"/>
  <testcase name="testUrlsFromFile[1097]" classname="org.owasp.esapi.reference.ExtensiveEncoderURITest" time="0"/>
  <testcase name="testUrlsFromFile[1098]" classname="org.owasp.esapi.reference.ExtensiveEncoderURITest" time="0"/>
  <testcase name="testUrlsFromFile[1099]" classname="org.owasp.esapi.reference.ExtensiveEncoderURITest" time="0"/>
  <testcase name="testUrlsFromFile[1100]" classname="org.owasp.esapi.reference.ExtensiveEncoderURITest" time="0.006"/>
  <testcase name="testUrlsFromFile[1101]" classname="org.owasp.esapi.reference.ExtensiveEncoderURITest" time="0"/>
  <testcase name="testUrlsFromFile[1102]" classname="org.owasp.esapi.reference.ExtensiveEncoderURITest" time="0.001"/>
  <testcase name="testUrlsFromFile[1103]" classname="org.owasp.esapi.reference.ExtensiveEncoderURITest" time="0"/>
  <testcase name="testUrlsFromFile[1104]" classname="org.owasp.esapi.reference.ExtensiveEncoderURITest" time="0.001"/>
  <testcase name="testUrlsFromFile[1105]" classname="org.owasp.esapi.reference.ExtensiveEncoderURITest" time="0"/>
  <testcase name="testUrlsFromFile[1106]" classname="org.owasp.esapi.reference.ExtensiveEncoderURITest" time="0"/>
  <testcase name="testUrlsFromFile[1107]" classname="org.owasp.esapi.reference.ExtensiveEncoderURITest" time="0.001"/>
  <testcase name="testUrlsFromFile[1108]" classname="org.owasp.esapi.reference.ExtensiveEncoderURITest" time="0"/>
  <testcase name="testUrlsFromFile[1109]" classname="org.owasp.esapi.reference.ExtensiveEncoderURITest" time="0"/>
  <testcase name="testUrlsFromFile[1110]" classname="org.owasp.esapi.reference.ExtensiveEncoderURITest" time="0.001"/>
  <testcase name="testUrlsFromFile[1111]" classname="org.owasp.esapi.reference.ExtensiveEncoderURITest" time="0"/>
  <testcase name="testUrlsFromFile[1112]" classname="org.owasp.esapi.reference.ExtensiveEncoderURITest" time="0"/>
  <testcase name="testUrlsFromFile[1113]" classname="org.owasp.esapi.reference.ExtensiveEncoderURITest" time="0.001"/>
  <testcase name="testUrlsFromFile[1114]" classname="org.owasp.esapi.reference.ExtensiveEncoderURITest" time="0"/>
  <testcase name="testUrlsFromFile[1115]" classname="org.owasp.esapi.reference.ExtensiveEncoderURITest" time="0"/>
  <testcase name="testUrlsFromFile[1116]" classname="org.owasp.esapi.reference.ExtensiveEncoderURITest" time="0.003"/>
  <testcase name="testUrlsFromFile[1117]" classname="org.owasp.esapi.reference.ExtensiveEncoderURITest" time="0"/>
  <testcase name="testUrlsFromFile[1118]" classname="org.owasp.esapi.reference.ExtensiveEncoderURITest" time="0.001"/>
  <testcase name="testUrlsFromFile[1119]" classname="org.owasp.esapi.reference.ExtensiveEncoderURITest" time="0"/>
  <testcase name="testUrlsFromFile[1120]" classname="org.owasp.esapi.reference.ExtensiveEncoderURITest" time="0.001"/>
  <testcase name="testUrlsFromFile[1121]" classname="org.owasp.esapi.reference.ExtensiveEncoderURITest" time="0"/>
  <testcase name="testUrlsFromFile[1122]" classname="org.owasp.esapi.reference.ExtensiveEncoderURITest" time="0"/>
  <testcase name="testUrlsFromFile[1123]" classname="org.owasp.esapi.reference.ExtensiveEncoderURITest" time="0.001"/>
  <testcase name="testUrlsFromFile[1124]" classname="org.owasp.esapi.reference.ExtensiveEncoderURITest" time="0"/>
  <testcase name="testUrlsFromFile[1125]" classname="org.owasp.esapi.reference.ExtensiveEncoderURITest" time="0"/>
  <testcase name="testUrlsFromFile[1126]" classname="org.owasp.esapi.reference.ExtensiveEncoderURITest" time="0.001"/>
  <testcase name="testUrlsFromFile[1127]" classname="org.owasp.esapi.reference.ExtensiveEncoderURITest" time="0"/>
  <testcase name="testUrlsFromFile[1128]" classname="org.owasp.esapi.reference.ExtensiveEncoderURITest" time="0.001"/>
  <testcase name="testUrlsFromFile[1129]" classname="org.owasp.esapi.reference.ExtensiveEncoderURITest" time="0"/>
  <testcase name="testUrlsFromFile[1130]" classname="org.owasp.esapi.reference.ExtensiveEncoderURITest" time="0"/>
  <testcase name="testUrlsFromFile[1131]" classname="org.owasp.esapi.reference.ExtensiveEncoderURITest" time="0.001"/>
  <testcase name="testUrlsFromFile[1132]" classname="org.owasp.esapi.reference.ExtensiveEncoderURITest" time="0"/>
  <testcase name="testUrlsFromFile[1133]" classname="org.owasp.esapi.reference.ExtensiveEncoderURITest" time="0.001"/>
  <testcase name="testUrlsFromFile[1134]" classname="org.owasp.esapi.reference.ExtensiveEncoderURITest" time="0"/>
  <testcase name="testUrlsFromFile[1135]" classname="org.owasp.esapi.reference.ExtensiveEncoderURITest" time="0"/>
  <testcase name="testUrlsFromFile[1136]" classname="org.owasp.esapi.reference.ExtensiveEncoderURITest" time="0.001"/>
  <testcase name="testUrlsFromFile[1137]" classname="org.owasp.esapi.reference.ExtensiveEncoderURITest" time="0"/>
  <testcase name="testUrlsFromFile[1138]" classname="org.owasp.esapi.reference.ExtensiveEncoderURITest" time="0"/>
  <testcase name="testUrlsFromFile[1139]" classname="org.owasp.esapi.reference.ExtensiveEncoderURITest" time="0.001"/>
  <testcase name="testUrlsFromFile[1140]" classname="org.owasp.esapi.reference.ExtensiveEncoderURITest" time="0"/>
  <testcase name="testUrlsFromFile[1141]" classname="org.owasp.esapi.reference.ExtensiveEncoderURITest" time="0"/>
  <testcase name="testUrlsFromFile[1142]" classname="org.owasp.esapi.reference.ExtensiveEncoderURITest" time="0.001"/>
  <testcase name="testUrlsFromFile[1143]" classname="org.owasp.esapi.reference.ExtensiveEncoderURITest" time="0"/>
  <testcase name="testUrlsFromFile[1144]" classname="org.owasp.esapi.reference.ExtensiveEncoderURITest" time="0.001"/>
  <testcase name="testUrlsFromFile[1145]" classname="org.owasp.esapi.reference.ExtensiveEncoderURITest" time="0"/>
  <testcase name="testUrlsFromFile[1146]" classname="org.owasp.esapi.reference.ExtensiveEncoderURITest" time="0"/>
  <testcase name="testUrlsFromFile[1147]" classname="org.owasp.esapi.reference.ExtensiveEncoderURITest" time="0.001"/>
  <testcase name="testUrlsFromFile[1148]" classname="org.owasp.esapi.reference.ExtensiveEncoderURITest" time="0"/>
  <testcase name="testUrlsFromFile[1149]" classname="org.owasp.esapi.reference.ExtensiveEncoderURITest" time="0"/>
  <testcase name="testUrlsFromFile[1150]" classname="org.owasp.esapi.reference.ExtensiveEncoderURITest" time="0.001"/>
  <testcase name="testUrlsFromFile[1151]" classname="org.owasp.esapi.reference.ExtensiveEncoderURITest" time="0"/>
  <testcase name="testUrlsFromFile[1152]" classname="org.owasp.esapi.reference.ExtensiveEncoderURITest" time="0.001"/>
  <testcase name="testUrlsFromFile[1153]" classname="org.owasp.esapi.reference.ExtensiveEncoderURITest" time="0"/>
  <testcase name="testUrlsFromFile[1154]" classname="org.owasp.esapi.reference.ExtensiveEncoderURITest" time="0"/>
  <testcase name="testUrlsFromFile[1155]" classname="org.owasp.esapi.reference.ExtensiveEncoderURITest" time="0.001"/>
  <testcase name="testUrlsFromFile[1156]" classname="org.owasp.esapi.reference.ExtensiveEncoderURITest" time="0"/>
  <testcase name="testUrlsFromFile[1157]" classname="org.owasp.esapi.reference.ExtensiveEncoderURITest" time="0"/>
  <testcase name="testUrlsFromFile[1158]" classname="org.owasp.esapi.reference.ExtensiveEncoderURITest" time="0.001"/>
  <testcase name="testUrlsFromFile[1159]" classname="org.owasp.esapi.reference.ExtensiveEncoderURITest" time="0"/>
  <testcase name="testUrlsFromFile[1160]" classname="org.owasp.esapi.reference.ExtensiveEncoderURITest" time="0"/>
  <testcase name="testUrlsFromFile[1161]" classname="org.owasp.esapi.reference.ExtensiveEncoderURITest" time="0.001"/>
  <testcase name="testUrlsFromFile[1162]" classname="org.owasp.esapi.reference.ExtensiveEncoderURITest" time="0"/>
  <testcase name="testUrlsFromFile[1163]" classname="org.owasp.esapi.reference.ExtensiveEncoderURITest" time="0"/>
  <testcase name="testUrlsFromFile[1164]" classname="org.owasp.esapi.reference.ExtensiveEncoderURITest" time="0.001"/>
  <testcase name="testUrlsFromFile[1165]" classname="org.owasp.esapi.reference.ExtensiveEncoderURITest" time="0"/>
  <testcase name="testUrlsFromFile[1166]" classname="org.owasp.esapi.reference.ExtensiveEncoderURITest" time="0.001"/>
  <testcase name="testUrlsFromFile[1167]" classname="org.owasp.esapi.reference.ExtensiveEncoderURITest" time="0"/>
  <testcase name="testUrlsFromFile[1168]" classname="org.owasp.esapi.reference.ExtensiveEncoderURITest" time="0"/>
  <testcase name="testUrlsFromFile[1169]" classname="org.owasp.esapi.reference.ExtensiveEncoderURITest" time="0.001"/>
  <testcase name="testUrlsFromFile[1170]" classname="org.owasp.esapi.reference.ExtensiveEncoderURITest" time="0"/>
  <testcase name="testUrlsFromFile[1171]" classname="org.owasp.esapi.reference.ExtensiveEncoderURITest" time="0"/>
  <testcase name="testUrlsFromFile[1172]" classname="org.owasp.esapi.reference.ExtensiveEncoderURITest" time="0.001"/>
  <testcase name="testUrlsFromFile[1173]" classname="org.owasp.esapi.reference.ExtensiveEncoderURITest" time="0"/>
  <testcase name="testUrlsFromFile[1174]" classname="org.owasp.esapi.reference.ExtensiveEncoderURITest" time="0.001"/>
  <testcase name="testUrlsFromFile[1175]" classname="org.owasp.esapi.reference.ExtensiveEncoderURITest" time="0"/>
  <testcase name="testUrlsFromFile[1176]" classname="org.owasp.esapi.reference.ExtensiveEncoderURITest" time="0"/>
  <testcase name="testUrlsFromFile[1177]" classname="org.owasp.esapi.reference.ExtensiveEncoderURITest" time="0.001"/>
  <testcase name="testUrlsFromFile[1178]" classname="org.owasp.esapi.reference.ExtensiveEncoderURITest" time="0"/>
  <testcase name="testUrlsFromFile[1179]" classname="org.owasp.esapi.reference.ExtensiveEncoderURITest" time="0"/>
  <testcase name="testUrlsFromFile[1180]" classname="org.owasp.esapi.reference.ExtensiveEncoderURITest" time="0.001"/>
  <testcase name="testUrlsFromFile[1181]" classname="org.owasp.esapi.reference.ExtensiveEncoderURITest" time="0"/>
  <testcase name="testUrlsFromFile[1182]" classname="org.owasp.esapi.reference.ExtensiveEncoderURITest" time="0.001"/>
  <testcase name="testUrlsFromFile[1183]" classname="org.owasp.esapi.reference.ExtensiveEncoderURITest" time="0"/>
  <testcase name="testUrlsFromFile[1184]" classname="org.owasp.esapi.reference.ExtensiveEncoderURITest" time="0"/>
  <testcase name="testUrlsFromFile[1185]" classname="org.owasp.esapi.reference.ExtensiveEncoderURITest" time="0.001"/>
  <testcase name="testUrlsFromFile[1186]" classname="org.owasp.esapi.reference.ExtensiveEncoderURITest" time="0"/>
  <testcase name="testUrlsFromFile[1187]" classname="org.owasp.esapi.reference.ExtensiveEncoderURITest" time="0"/>
  <testcase name="testUrlsFromFile[1188]" classname="org.owasp.esapi.reference.ExtensiveEncoderURITest" time="0.001"/>
  <testcase name="testUrlsFromFile[1189]" classname="org.owasp.esapi.reference.ExtensiveEncoderURITest" time="0"/>
  <testcase name="testUrlsFromFile[1190]" classname="org.owasp.esapi.reference.ExtensiveEncoderURITest" time="0.001"/>
  <testcase name="testUrlsFromFile[1191]" classname="org.owasp.esapi.reference.ExtensiveEncoderURITest" time="0"/>
  <testcase name="testUrlsFromFile[1192]" classname="org.owasp.esapi.reference.ExtensiveEncoderURITest" time="0"/>
  <testcase name="testUrlsFromFile[1193]" classname="org.owasp.esapi.reference.ExtensiveEncoderURITest" time="0.001"/>
  <testcase name="testUrlsFromFile[1194]" classname="org.owasp.esapi.reference.ExtensiveEncoderURITest" time="0"/>
  <testcase name="testUrlsFromFile[1195]" classname="org.owasp.esapi.reference.ExtensiveEncoderURITest" time="0"/>
  <testcase name="testUrlsFromFile[1196]" classname="org.owasp.esapi.reference.ExtensiveEncoderURITest" time="0.001"/>
  <testcase name="testUrlsFromFile[1197]" classname="org.owasp.esapi.reference.ExtensiveEncoderURITest" time="0"/>
  <testcase name="testUrlsFromFile[1198]" classname="org.owasp.esapi.reference.ExtensiveEncoderURITest" time="0.001"/>
  <testcase name="testUrlsFromFile[1199]" classname="org.owasp.esapi.reference.ExtensiveEncoderURITest" time="0"/>
  <testcase name="testUrlsFromFile[1200]" classname="org.owasp.esapi.reference.ExtensiveEncoderURITest" time="0"/>
  <testcase name="testUrlsFromFile[1201]" classname="org.owasp.esapi.reference.ExtensiveEncoderURITest" time="0.001"/>
  <testcase name="testUrlsFromFile[1202]" classname="org.owasp.esapi.reference.ExtensiveEncoderURITest" time="0"/>
  <testcase name="testUrlsFromFile[1203]" classname="org.owasp.esapi.reference.ExtensiveEncoderURITest" time="0"/>
  <testcase name="testUrlsFromFile[1204]" classname="org.owasp.esapi.reference.ExtensiveEncoderURITest" time="0.001"/>
  <testcase name="testUrlsFromFile[1205]" classname="org.owasp.esapi.reference.ExtensiveEncoderURITest" time="0"/>
  <testcase name="testUrlsFromFile[1206]" classname="org.owasp.esapi.reference.ExtensiveEncoderURITest" time="0.001"/>
  <testcase name="testUrlsFromFile[1207]" classname="org.owasp.esapi.reference.ExtensiveEncoderURITest" time="0"/>
  <testcase name="testUrlsFromFile[1208]" classname="org.owasp.esapi.reference.ExtensiveEncoderURITest" time="0"/>
  <testcase name="testUrlsFromFile[1209]" classname="org.owasp.esapi.reference.ExtensiveEncoderURITest" time="0.001"/>
  <testcase name="testUrlsFromFile[1210]" classname="org.owasp.esapi.reference.ExtensiveEncoderURITest" time="0"/>
  <testcase name="testUrlsFromFile[1211]" classname="org.owasp.esapi.reference.ExtensiveEncoderURITest" time="0"/>
  <testcase name="testUrlsFromFile[1212]" classname="org.owasp.esapi.reference.ExtensiveEncoderURITest" time="0.001"/>
  <testcase name="testUrlsFromFile[1213]" classname="org.owasp.esapi.reference.ExtensiveEncoderURITest" time="0"/>
  <testcase name="testUrlsFromFile[1214]" classname="org.owasp.esapi.reference.ExtensiveEncoderURITest" time="0.001"/>
  <testcase name="testUrlsFromFile[1215]" classname="org.owasp.esapi.reference.ExtensiveEncoderURITest" time="0"/>
  <testcase name="testUrlsFromFile[1216]" classname="org.owasp.esapi.reference.ExtensiveEncoderURITest" time="0"/>
  <testcase name="testUrlsFromFile[1217]" classname="org.owasp.esapi.reference.ExtensiveEncoderURITest" time="0.001"/>
  <testcase name="testUrlsFromFile[1218]" classname="org.owasp.esapi.reference.ExtensiveEncoderURITest" time="0"/>
  <testcase name="testUrlsFromFile[1219]" classname="org.owasp.esapi.reference.ExtensiveEncoderURITest" time="0.001"/>
  <testcase name="testUrlsFromFile[1220]" classname="org.owasp.esapi.reference.ExtensiveEncoderURITest" time="0"/>
  <testcase name="testUrlsFromFile[1221]" classname="org.owasp.esapi.reference.ExtensiveEncoderURITest" time="0"/>
  <testcase name="testUrlsFromFile[1222]" classname="org.owasp.esapi.reference.ExtensiveEncoderURITest" time="0.001"/>
  <testcase name="testUrlsFromFile[1223]" classname="org.owasp.esapi.reference.ExtensiveEncoderURITest" time="0"/>
  <testcase name="testUrlsFromFile[1224]" classname="org.owasp.esapi.reference.ExtensiveEncoderURITest" time="0.001"/>
  <testcase name="testUrlsFromFile[1225]" classname="org.owasp.esapi.reference.ExtensiveEncoderURITest" time="0"/>
  <testcase name="testUrlsFromFile[1226]" classname="org.owasp.esapi.reference.ExtensiveEncoderURITest" time="0"/>
  <testcase name="testUrlsFromFile[1227]" classname="org.owasp.esapi.reference.ExtensiveEncoderURITest" time="0.001"/>
  <testcase name="testUrlsFromFile[1228]" classname="org.owasp.esapi.reference.ExtensiveEncoderURITest" time="0"/>
  <testcase name="testUrlsFromFile[1229]" classname="org.owasp.esapi.reference.ExtensiveEncoderURITest" time="0"/>
  <testcase name="testUrlsFromFile[1230]" classname="org.owasp.esapi.reference.ExtensiveEncoderURITest" time="0.001"/>
  <testcase name="testUrlsFromFile[1231]" classname="org.owasp.esapi.reference.ExtensiveEncoderURITest" time="0"/>
  <testcase name="testUrlsFromFile[1232]" classname="org.owasp.esapi.reference.ExtensiveEncoderURITest" time="0.001"/>
  <testcase name="testUrlsFromFile[1233]" classname="org.owasp.esapi.reference.ExtensiveEncoderURITest" time="0"/>
  <testcase name="testUrlsFromFile[1234]" classname="org.owasp.esapi.reference.ExtensiveEncoderURITest" time="0"/>
  <testcase name="testUrlsFromFile[1235]" classname="org.owasp.esapi.reference.ExtensiveEncoderURITest" time="0.001"/>
  <testcase name="testUrlsFromFile[1236]" classname="org.owasp.esapi.reference.ExtensiveEncoderURITest" time="0"/>
  <testcase name="testUrlsFromFile[1237]" classname="org.owasp.esapi.reference.ExtensiveEncoderURITest" time="0"/>
  <testcase name="testUrlsFromFile[1238]" classname="org.owasp.esapi.reference.ExtensiveEncoderURITest" time="0.001"/>
  <testcase name="testUrlsFromFile[1239]" classname="org.owasp.esapi.reference.ExtensiveEncoderURITest" time="0"/>
  <testcase name="testUrlsFromFile[1240]" classname="org.owasp.esapi.reference.ExtensiveEncoderURITest" time="0.001"/>
  <testcase name="testUrlsFromFile[1241]" classname="org.owasp.esapi.reference.ExtensiveEncoderURITest" time="0"/>
  <testcase name="testUrlsFromFile[1242]" classname="org.owasp.esapi.reference.ExtensiveEncoderURITest" time="0"/>
  <testcase name="testUrlsFromFile[1243]" classname="org.owasp.esapi.reference.ExtensiveEncoderURITest" time="0.001"/>
  <testcase name="testUrlsFromFile[1244]" classname="org.owasp.esapi.reference.ExtensiveEncoderURITest" time="0"/>
  <testcase name="testUrlsFromFile[1245]" classname="org.owasp.esapi.reference.ExtensiveEncoderURITest" time="0"/>
  <testcase name="testUrlsFromFile[1246]" classname="org.owasp.esapi.reference.ExtensiveEncoderURITest" time="0.001"/>
  <testcase name="testUrlsFromFile[1247]" classname="org.owasp.esapi.reference.ExtensiveEncoderURITest" time="0"/>
  <testcase name="testUrlsFromFile[1248]" classname="org.owasp.esapi.reference.ExtensiveEncoderURITest" time="0.001"/>
  <testcase name="testUrlsFromFile[1249]" classname="org.owasp.esapi.reference.ExtensiveEncoderURITest" time="0"/>
  <testcase name="testUrlsFromFile[1250]" classname="org.owasp.esapi.reference.ExtensiveEncoderURITest" time="0"/>
  <testcase name="testUrlsFromFile[1251]" classname="org.owasp.esapi.reference.ExtensiveEncoderURITest" time="0.001"/>
  <testcase name="testUrlsFromFile[1252]" classname="org.owasp.esapi.reference.ExtensiveEncoderURITest" time="0"/>
  <testcase name="testUrlsFromFile[1253]" classname="org.owasp.esapi.reference.ExtensiveEncoderURITest" time="0"/>
  <testcase name="testUrlsFromFile[1254]" classname="org.owasp.esapi.reference.ExtensiveEncoderURITest" time="0.001"/>
  <testcase name="testUrlsFromFile[1255]" classname="org.owasp.esapi.reference.ExtensiveEncoderURITest" time="0"/>
  <testcase name="testUrlsFromFile[1256]" classname="org.owasp.esapi.reference.ExtensiveEncoderURITest" time="0.001"/>
  <testcase name="testUrlsFromFile[1257]" classname="org.owasp.esapi.reference.ExtensiveEncoderURITest" time="0"/>
  <testcase name="testUrlsFromFile[1258]" classname="org.owasp.esapi.reference.ExtensiveEncoderURITest" time="0"/>
  <testcase name="testUrlsFromFile[1259]" classname="org.owasp.esapi.reference.ExtensiveEncoderURITest" time="0.001"/>
  <testcase name="testUrlsFromFile[1260]" classname="org.owasp.esapi.reference.ExtensiveEncoderURITest" time="0"/>
  <testcase name="testUrlsFromFile[1261]" classname="org.owasp.esapi.reference.ExtensiveEncoderURITest" time="0"/>
  <testcase name="testUrlsFromFile[1262]" classname="org.owasp.esapi.reference.ExtensiveEncoderURITest" time="0.001"/>
  <testcase name="testUrlsFromFile[1263]" classname="org.owasp.esapi.reference.ExtensiveEncoderURITest" time="0"/>
  <testcase name="testUrlsFromFile[1264]" classname="org.owasp.esapi.reference.ExtensiveEncoderURITest" time="0.001"/>
  <testcase name="testUrlsFromFile[1265]" classname="org.owasp.esapi.reference.ExtensiveEncoderURITest" time="0"/>
  <testcase name="testUrlsFromFile[1266]" classname="org.owasp.esapi.reference.ExtensiveEncoderURITest" time="0"/>
  <testcase name="testUrlsFromFile[1267]" classname="org.owasp.esapi.reference.ExtensiveEncoderURITest" time="0.001"/>
  <testcase name="testUrlsFromFile[1268]" classname="org.owasp.esapi.reference.ExtensiveEncoderURITest" time="0"/>
  <testcase name="testUrlsFromFile[1269]" classname="org.owasp.esapi.reference.ExtensiveEncoderURITest" time="0.001"/>
  <testcase name="testUrlsFromFile[1270]" classname="org.owasp.esapi.reference.ExtensiveEncoderURITest" time="0"/>
  <testcase name="testUrlsFromFile[1271]" classname="org.owasp.esapi.reference.ExtensiveEncoderURITest" time="0"/>
  <testcase name="testUrlsFromFile[1272]" classname="org.owasp.esapi.reference.ExtensiveEncoderURITest" time="0.001"/>
  <testcase name="testUrlsFromFile[1273]" classname="org.owasp.esapi.reference.ExtensiveEncoderURITest" time="0"/>
  <testcase name="testUrlsFromFile[1274]" classname="org.owasp.esapi.reference.ExtensiveEncoderURITest" time="0"/>
  <testcase name="testUrlsFromFile[1275]" classname="org.owasp.esapi.reference.ExtensiveEncoderURITest" time="0.001"/>
  <testcase name="testUrlsFromFile[1276]" classname="org.owasp.esapi.reference.ExtensiveEncoderURITest" time="0"/>
  <testcase name="testUrlsFromFile[1277]" classname="org.owasp.esapi.reference.ExtensiveEncoderURITest" time="0.001"/>
  <testcase name="testUrlsFromFile[1278]" classname="org.owasp.esapi.reference.ExtensiveEncoderURITest" time="0"/>
  <testcase name="testUrlsFromFile[1279]" classname="org.owasp.esapi.reference.ExtensiveEncoderURITest" time="0"/>
  <testcase name="testUrlsFromFile[1280]" classname="org.owasp.esapi.reference.ExtensiveEncoderURITest" time="0.001"/>
  <testcase name="testUrlsFromFile[1281]" classname="org.owasp.esapi.reference.ExtensiveEncoderURITest" time="0"/>
  <testcase name="testUrlsFromFile[1282]" classname="org.owasp.esapi.reference.ExtensiveEncoderURITest" time="0"/>
  <testcase name="testUrlsFromFile[1283]" classname="org.owasp.esapi.reference.ExtensiveEncoderURITest" time="0.001"/>
  <testcase name="testUrlsFromFile[1284]" classname="org.owasp.esapi.reference.ExtensiveEncoderURITest" time="0"/>
  <testcase name="testUrlsFromFile[1285]" classname="org.owasp.esapi.reference.ExtensiveEncoderURITest" time="0.001"/>
  <testcase name="testUrlsFromFile[1286]" classname="org.owasp.esapi.reference.ExtensiveEncoderURITest" time="0"/>
  <testcase name="testUrlsFromFile[1287]" classname="org.owasp.esapi.reference.ExtensiveEncoderURITest" time="0"/>
  <testcase name="testUrlsFromFile[1288]" classname="org.owasp.esapi.reference.ExtensiveEncoderURITest" time="0.001"/>
  <testcase name="testUrlsFromFile[1289]" classname="org.owasp.esapi.reference.ExtensiveEncoderURITest" time="0"/>
  <testcase name="testUrlsFromFile[1290]" classname="org.owasp.esapi.reference.ExtensiveEncoderURITest" time="0"/>
  <testcase name="testUrlsFromFile[1291]" classname="org.owasp.esapi.reference.ExtensiveEncoderURITest" time="0"/>
  <testcase name="testUrlsFromFile[1292]" classname="org.owasp.esapi.reference.ExtensiveEncoderURITest" time="0"/>
  <testcase name="testUrlsFromFile[1293]" classname="org.owasp.esapi.reference.ExtensiveEncoderURITest" time="0.001"/>
  <testcase name="testUrlsFromFile[1294]" classname="org.owasp.esapi.reference.ExtensiveEncoderURITest" time="0"/>
  <testcase name="testUrlsFromFile[1295]" classname="org.owasp.esapi.reference.ExtensiveEncoderURITest" time="0"/>
  <testcase name="testUrlsFromFile[1296]" classname="org.owasp.esapi.reference.ExtensiveEncoderURITest" time="0.001"/>
  <testcase name="testUrlsFromFile[1297]" classname="org.owasp.esapi.reference.ExtensiveEncoderURITest" time="0"/>
  <testcase name="testUrlsFromFile[1298]" classname="org.owasp.esapi.reference.ExtensiveEncoderURITest" time="0.001"/>
  <testcase name="testUrlsFromFile[1299]" classname="org.owasp.esapi.reference.ExtensiveEncoderURITest" time="0"/>
  <testcase name="testUrlsFromFile[1300]" classname="org.owasp.esapi.reference.ExtensiveEncoderURITest" time="0"/>
  <testcase name="testUrlsFromFile[1301]" classname="org.owasp.esapi.reference.ExtensiveEncoderURITest" time="0.001"/>
  <testcase name="testUrlsFromFile[1302]" classname="org.owasp.esapi.reference.ExtensiveEncoderURITest" time="0"/>
  <testcase name="testUrlsFromFile[1303]" classname="org.owasp.esapi.reference.ExtensiveEncoderURITest" time="0"/>
  <testcase name="testUrlsFromFile[1304]" classname="org.owasp.esapi.reference.ExtensiveEncoderURITest" time="0.001"/>
  <testcase name="testUrlsFromFile[1305]" classname="org.owasp.esapi.reference.ExtensiveEncoderURITest" time="0"/>
  <testcase name="testUrlsFromFile[1306]" classname="org.owasp.esapi.reference.ExtensiveEncoderURITest" time="0.001"/>
  <testcase name="testUrlsFromFile[1307]" classname="org.owasp.esapi.reference.ExtensiveEncoderURITest" time="0"/>
  <testcase name="testUrlsFromFile[1308]" classname="org.owasp.esapi.reference.ExtensiveEncoderURITest" time="0"/>
  <testcase name="testUrlsFromFile[1309]" classname="org.owasp.esapi.reference.ExtensiveEncoderURITest" time="0.001"/>
  <testcase name="testUrlsFromFile[1310]" classname="org.owasp.esapi.reference.ExtensiveEncoderURITest" time="0"/>
  <testcase name="testUrlsFromFile[1311]" classname="org.owasp.esapi.reference.ExtensiveEncoderURITest" time="0.001"/>
  <testcase name="testUrlsFromFile[1312]" classname="org.owasp.esapi.reference.ExtensiveEncoderURITest" time="0"/>
  <testcase name="testUrlsFromFile[1313]" classname="org.owasp.esapi.reference.ExtensiveEncoderURITest" time="0"/>
  <testcase name="testUrlsFromFile[1314]" classname="org.owasp.esapi.reference.ExtensiveEncoderURITest" time="0.001"/>
  <testcase name="testUrlsFromFile[1315]" classname="org.owasp.esapi.reference.ExtensiveEncoderURITest" time="0"/>
  <testcase name="testUrlsFromFile[1316]" classname="org.owasp.esapi.reference.ExtensiveEncoderURITest" time="0"/>
  <testcase name="testUrlsFromFile[1317]" classname="org.owasp.esapi.reference.ExtensiveEncoderURITest" time="0.001"/>
  <testcase name="testUrlsFromFile[1318]" classname="org.owasp.esapi.reference.ExtensiveEncoderURITest" time="0"/>
  <testcase name="testUrlsFromFile[1319]" classname="org.owasp.esapi.reference.ExtensiveEncoderURITest" time="0.001"/>
  <testcase name="testUrlsFromFile[1320]" classname="org.owasp.esapi.reference.ExtensiveEncoderURITest" time="0"/>
  <testcase name="testUrlsFromFile[1321]" classname="org.owasp.esapi.reference.ExtensiveEncoderURITest" time="0"/>
  <testcase name="testUrlsFromFile[1322]" classname="org.owasp.esapi.reference.ExtensiveEncoderURITest" time="0.001"/>
  <testcase name="testUrlsFromFile[1323]" classname="org.owasp.esapi.reference.ExtensiveEncoderURITest" time="0"/>
  <testcase name="testUrlsFromFile[1324]" classname="org.owasp.esapi.reference.ExtensiveEncoderURITest" time="0.001"/>
  <testcase name="testUrlsFromFile[1325]" classname="org.owasp.esapi.reference.ExtensiveEncoderURITest" time="0"/>
  <testcase name="testUrlsFromFile[1326]" classname="org.owasp.esapi.reference.ExtensiveEncoderURITest" time="0"/>
  <testcase name="testUrlsFromFile[1327]" classname="org.owasp.esapi.reference.ExtensiveEncoderURITest" time="0.001"/>
  <testcase name="testUrlsFromFile[1328]" classname="org.owasp.esapi.reference.ExtensiveEncoderURITest" time="0"/>
  <testcase name="testUrlsFromFile[1329]" classname="org.owasp.esapi.reference.ExtensiveEncoderURITest" time="0"/>
  <testcase name="testUrlsFromFile[1330]" classname="org.owasp.esapi.reference.ExtensiveEncoderURITest" time="0.001"/>
  <testcase name="testUrlsFromFile[1331]" classname="org.owasp.esapi.reference.ExtensiveEncoderURITest" time="0"/>
  <testcase name="testUrlsFromFile[1332]" classname="org.owasp.esapi.reference.ExtensiveEncoderURITest" time="0.001"/>
  <testcase name="testUrlsFromFile[1333]" classname="org.owasp.esapi.reference.ExtensiveEncoderURITest" time="0"/>
  <testcase name="testUrlsFromFile[1334]" classname="org.owasp.esapi.reference.ExtensiveEncoderURITest" time="0"/>
  <testcase name="testUrlsFromFile[1335]" classname="org.owasp.esapi.reference.ExtensiveEncoderURITest" time="0.001"/>
  <testcase name="testUrlsFromFile[1336]" classname="org.owasp.esapi.reference.ExtensiveEncoderURITest" time="0"/>
  <testcase name="testUrlsFromFile[1337]" classname="org.owasp.esapi.reference.ExtensiveEncoderURITest" time="0"/>
  <testcase name="testUrlsFromFile[1338]" classname="org.owasp.esapi.reference.ExtensiveEncoderURITest" time="0.001"/>
  <testcase name="testUrlsFromFile[1339]" classname="org.owasp.esapi.reference.ExtensiveEncoderURITest" time="0"/>
  <testcase name="testUrlsFromFile[1340]" classname="org.owasp.esapi.reference.ExtensiveEncoderURITest" time="0"/>
  <testcase name="testUrlsFromFile[1341]" classname="org.owasp.esapi.reference.ExtensiveEncoderURITest" time="0.001"/>
  <testcase name="testUrlsFromFile[1342]" classname="org.owasp.esapi.reference.ExtensiveEncoderURITest" time="0"/>
  <testcase name="testUrlsFromFile[1343]" classname="org.owasp.esapi.reference.ExtensiveEncoderURITest" time="0.001"/>
  <testcase name="testUrlsFromFile[1344]" classname="org.owasp.esapi.reference.ExtensiveEncoderURITest" time="0"/>
  <testcase name="testUrlsFromFile[1345]" classname="org.owasp.esapi.reference.ExtensiveEncoderURITest" time="0"/>
  <testcase name="testUrlsFromFile[1346]" classname="org.owasp.esapi.reference.ExtensiveEncoderURITest" time="0.001"/>
  <testcase name="testUrlsFromFile[1347]" classname="org.owasp.esapi.reference.ExtensiveEncoderURITest" time="0"/>
  <testcase name="testUrlsFromFile[1348]" classname="org.owasp.esapi.reference.ExtensiveEncoderURITest" time="0.001"/>
  <testcase name="testUrlsFromFile[1349]" classname="org.owasp.esapi.reference.ExtensiveEncoderURITest" time="0"/>
  <testcase name="testUrlsFromFile[1350]" classname="org.owasp.esapi.reference.ExtensiveEncoderURITest" time="0"/>
  <testcase name="testUrlsFromFile[1351]" classname="org.owasp.esapi.reference.ExtensiveEncoderURITest" time="0.001"/>
  <testcase name="testUrlsFromFile[1352]" classname="org.owasp.esapi.reference.ExtensiveEncoderURITest" time="0"/>
  <testcase name="testUrlsFromFile[1353]" classname="org.owasp.esapi.reference.ExtensiveEncoderURITest" time="0"/>
  <testcase name="testUrlsFromFile[1354]" classname="org.owasp.esapi.reference.ExtensiveEncoderURITest" time="0.001"/>
  <testcase name="testUrlsFromFile[1355]" classname="org.owasp.esapi.reference.ExtensiveEncoderURITest" time="0"/>
  <testcase name="testUrlsFromFile[1356]" classname="org.owasp.esapi.reference.ExtensiveEncoderURITest" time="0.001"/>
  <testcase name="testUrlsFromFile[1357]" classname="org.owasp.esapi.reference.ExtensiveEncoderURITest" time="0"/>
  <testcase name="testUrlsFromFile[1358]" classname="org.owasp.esapi.reference.ExtensiveEncoderURITest" time="0"/>
  <testcase name="testUrlsFromFile[1359]" classname="org.owasp.esapi.reference.ExtensiveEncoderURITest" time="0.001"/>
  <testcase name="testUrlsFromFile[1360]" classname="org.owasp.esapi.reference.ExtensiveEncoderURITest" time="0"/>
  <testcase name="testUrlsFromFile[1361]" classname="org.owasp.esapi.reference.ExtensiveEncoderURITest" time="0"/>
  <testcase name="testUrlsFromFile[1362]" classname="org.owasp.esapi.reference.ExtensiveEncoderURITest" time="0.001"/>
  <testcase name="testUrlsFromFile[1363]" classname="org.owasp.esapi.reference.ExtensiveEncoderURITest" time="0"/>
  <testcase name="testUrlsFromFile[1364]" classname="org.owasp.esapi.reference.ExtensiveEncoderURITest" time="0.001"/>
  <testcase name="testUrlsFromFile[1365]" classname="org.owasp.esapi.reference.ExtensiveEncoderURITest" time="0"/>
  <testcase name="testUrlsFromFile[1366]" classname="org.owasp.esapi.reference.ExtensiveEncoderURITest" time="0"/>
  <testcase name="testUrlsFromFile[1367]" classname="org.owasp.esapi.reference.ExtensiveEncoderURITest" time="0.001"/>
  <testcase name="testUrlsFromFile[1368]" classname="org.owasp.esapi.reference.ExtensiveEncoderURITest" time="0"/>
  <testcase name="testUrlsFromFile[1369]" classname="org.owasp.esapi.reference.ExtensiveEncoderURITest" time="0.001"/>
  <testcase name="testUrlsFromFile[1370]" classname="org.owasp.esapi.reference.ExtensiveEncoderURITest" time="0"/>
  <testcase name="testUrlsFromFile[1371]" classname="org.owasp.esapi.reference.ExtensiveEncoderURITest" time="0"/>
  <testcase name="testUrlsFromFile[1372]" classname="org.owasp.esapi.reference.ExtensiveEncoderURITest" time="0.001"/>
  <testcase name="testUrlsFromFile[1373]" classname="org.owasp.esapi.reference.ExtensiveEncoderURITest" time="0"/>
  <testcase name="testUrlsFromFile[1374]" classname="org.owasp.esapi.reference.ExtensiveEncoderURITest" time="0"/>
  <testcase name="testUrlsFromFile[1375]" classname="org.owasp.esapi.reference.ExtensiveEncoderURITest" time="0.001"/>
  <testcase name="testUrlsFromFile[1376]" classname="org.owasp.esapi.reference.ExtensiveEncoderURITest" time="0"/>
  <testcase name="testUrlsFromFile[1377]" classname="org.owasp.esapi.reference.ExtensiveEncoderURITest" time="0.001"/>
  <testcase name="testUrlsFromFile[1378]" classname="org.owasp.esapi.reference.ExtensiveEncoderURITest" time="0"/>
  <testcase name="testUrlsFromFile[1379]" classname="org.owasp.esapi.reference.ExtensiveEncoderURITest" time="0"/>
  <testcase name="testUrlsFromFile[1380]" classname="org.owasp.esapi.reference.ExtensiveEncoderURITest" time="0.001"/>
  <testcase name="testUrlsFromFile[1381]" classname="org.owasp.esapi.reference.ExtensiveEncoderURITest" time="0"/>
  <testcase name="testUrlsFromFile[1382]" classname="org.owasp.esapi.reference.ExtensiveEncoderURITest" time="0"/>
  <testcase name="testUrlsFromFile[1383]" classname="org.owasp.esapi.reference.ExtensiveEncoderURITest" time="0.001"/>
  <testcase name="testUrlsFromFile[1384]" classname="org.owasp.esapi.reference.ExtensiveEncoderURITest" time="0"/>
  <testcase name="testUrlsFromFile[1385]" classname="org.owasp.esapi.reference.ExtensiveEncoderURITest" time="0"/>
  <testcase name="testUrlsFromFile[1386]" classname="org.owasp.esapi.reference.ExtensiveEncoderURITest" time="0.001"/>
  <testcase name="testUrlsFromFile[1387]" classname="org.owasp.esapi.reference.ExtensiveEncoderURITest" time="0"/>
  <testcase name="testUrlsFromFile[1388]" classname="org.owasp.esapi.reference.ExtensiveEncoderURITest" time="0.001"/>
  <testcase name="testUrlsFromFile[1389]" classname="org.owasp.esapi.reference.ExtensiveEncoderURITest" time="0"/>
  <testcase name="testUrlsFromFile[1390]" classname="org.owasp.esapi.reference.ExtensiveEncoderURITest" time="0"/>
  <testcase name="testUrlsFromFile[1391]" classname="org.owasp.esapi.reference.ExtensiveEncoderURITest" time="0.001"/>
  <testcase name="testUrlsFromFile[1392]" classname="org.owasp.esapi.reference.ExtensiveEncoderURITest" time="0"/>
  <testcase name="testUrlsFromFile[1393]" classname="org.owasp.esapi.reference.ExtensiveEncoderURITest" time="0.001"/>
  <testcase name="testUrlsFromFile[1394]" classname="org.owasp.esapi.reference.ExtensiveEncoderURITest" time="0"/>
  <testcase name="testUrlsFromFile[1395]" classname="org.owasp.esapi.reference.ExtensiveEncoderURITest" time="0"/>
  <testcase name="testUrlsFromFile[1396]" classname="org.owasp.esapi.reference.ExtensiveEncoderURITest" time="0.001"/>
  <testcase name="testUrlsFromFile[1397]" classname="org.owasp.esapi.reference.ExtensiveEncoderURITest" time="0"/>
  <testcase name="testUrlsFromFile[1398]" classname="org.owasp.esapi.reference.ExtensiveEncoderURITest" time="0"/>
  <testcase name="testUrlsFromFile[1399]" classname="org.owasp.esapi.reference.ExtensiveEncoderURITest" time="0.001"/>
  <testcase name="testUrlsFromFile[1400]" classname="org.owasp.esapi.reference.ExtensiveEncoderURITest" time="0"/>
  <testcase name="testUrlsFromFile[1401]" classname="org.owasp.esapi.reference.ExtensiveEncoderURITest" time="0.001"/>
  <testcase name="testUrlsFromFile[1402]" classname="org.owasp.esapi.reference.ExtensiveEncoderURITest" time="0"/>
  <testcase name="testUrlsFromFile[1403]" classname="org.owasp.esapi.reference.ExtensiveEncoderURITest" time="0"/>
  <testcase name="testUrlsFromFile[1404]" classname="org.owasp.esapi.reference.ExtensiveEncoderURITest" time="0.001"/>
  <testcase name="testUrlsFromFile[1405]" classname="org.owasp.esapi.reference.ExtensiveEncoderURITest" time="0"/>
  <testcase name="testUrlsFromFile[1406]" classname="org.owasp.esapi.reference.ExtensiveEncoderURITest" time="0.001"/>
  <testcase name="testUrlsFromFile[1407]" classname="org.owasp.esapi.reference.ExtensiveEncoderURITest" time="0"/>
  <testcase name="testUrlsFromFile[1408]" classname="org.owasp.esapi.reference.ExtensiveEncoderURITest" time="0"/>
  <testcase name="testUrlsFromFile[1409]" classname="org.owasp.esapi.reference.ExtensiveEncoderURITest" time="0.001"/>
  <testcase name="testUrlsFromFile[1410]" classname="org.owasp.esapi.reference.ExtensiveEncoderURITest" time="0"/>
  <testcase name="testUrlsFromFile[1411]" classname="org.owasp.esapi.reference.ExtensiveEncoderURITest" time="0"/>
  <testcase name="testUrlsFromFile[1412]" classname="org.owasp.esapi.reference.ExtensiveEncoderURITest" time="0.001"/>
  <testcase name="testUrlsFromFile[1413]" classname="org.owasp.esapi.reference.ExtensiveEncoderURITest" time="0"/>
  <testcase name="testUrlsFromFile[1414]" classname="org.owasp.esapi.reference.ExtensiveEncoderURITest" time="0.001"/>
  <testcase name="testUrlsFromFile[1415]" classname="org.owasp.esapi.reference.ExtensiveEncoderURITest" time="0"/>
  <testcase name="testUrlsFromFile[1416]" classname="org.owasp.esapi.reference.ExtensiveEncoderURITest" time="0"/>
  <testcase name="testUrlsFromFile[1417]" classname="org.owasp.esapi.reference.ExtensiveEncoderURITest" time="0.001"/>
  <testcase name="testUrlsFromFile[1418]" classname="org.owasp.esapi.reference.ExtensiveEncoderURITest" time="0"/>
  <testcase name="testUrlsFromFile[1419]" classname="org.owasp.esapi.reference.ExtensiveEncoderURITest" time="0"/>
  <testcase name="testUrlsFromFile[1420]" classname="org.owasp.esapi.reference.ExtensiveEncoderURITest" time="0.001"/>
  <testcase name="testUrlsFromFile[1421]" classname="org.owasp.esapi.reference.ExtensiveEncoderURITest" time="0"/>
  <testcase name="testUrlsFromFile[1422]" classname="org.owasp.esapi.reference.ExtensiveEncoderURITest" time="0.001"/>
  <testcase name="testUrlsFromFile[1423]" classname="org.owasp.esapi.reference.ExtensiveEncoderURITest" time="0"/>
  <testcase name="testUrlsFromFile[1424]" classname="org.owasp.esapi.reference.ExtensiveEncoderURITest" time="0"/>
  <testcase name="testUrlsFromFile[1425]" classname="org.owasp.esapi.reference.ExtensiveEncoderURITest" time="0.001"/>
  <testcase name="testUrlsFromFile[1426]" classname="org.owasp.esapi.reference.ExtensiveEncoderURITest" time="0"/>
  <testcase name="testUrlsFromFile[1427]" classname="org.owasp.esapi.reference.ExtensiveEncoderURITest" time="0"/>
  <testcase name="testUrlsFromFile[1428]" classname="org.owasp.esapi.reference.ExtensiveEncoderURITest" time="0.001"/>
  <testcase name="testUrlsFromFile[1429]" classname="org.owasp.esapi.reference.ExtensiveEncoderURITest" time="0"/>
  <testcase name="testUrlsFromFile[1430]" classname="org.owasp.esapi.reference.ExtensiveEncoderURITest" time="0.001"/>
  <testcase name="testUrlsFromFile[1431]" classname="org.owasp.esapi.reference.ExtensiveEncoderURITest" time="0"/>
  <testcase name="testUrlsFromFile[1432]" classname="org.owasp.esapi.reference.ExtensiveEncoderURITest" time="0"/>
  <testcase name="testUrlsFromFile[1433]" classname="org.owasp.esapi.reference.ExtensiveEncoderURITest" time="0.001"/>
  <testcase name="testUrlsFromFile[1434]" classname="org.owasp.esapi.reference.ExtensiveEncoderURITest" time="0"/>
  <testcase name="testUrlsFromFile[1435]" classname="org.owasp.esapi.reference.ExtensiveEncoderURITest" time="0.001"/>
  <testcase name="testUrlsFromFile[1436]" classname="org.owasp.esapi.reference.ExtensiveEncoderURITest" time="0"/>
  <testcase name="testUrlsFromFile[1437]" classname="org.owasp.esapi.reference.ExtensiveEncoderURITest" time="0"/>
  <testcase name="testUrlsFromFile[1438]" classname="org.owasp.esapi.reference.ExtensiveEncoderURITest" time="0.001"/>
  <testcase name="testUrlsFromFile[1439]" classname="org.owasp.esapi.reference.ExtensiveEncoderURITest" time="0"/>
  <testcase name="testUrlsFromFile[1440]" classname="org.owasp.esapi.reference.ExtensiveEncoderURITest" time="0.001"/>
  <testcase name="testUrlsFromFile[1441]" classname="org.owasp.esapi.reference.ExtensiveEncoderURITest" time="0"/>
  <testcase name="testUrlsFromFile[1442]" classname="org.owasp.esapi.reference.ExtensiveEncoderURITest" time="0"/>
  <testcase name="testUrlsFromFile[1443]" classname="org.owasp.esapi.reference.ExtensiveEncoderURITest" time="0.001"/>
  <testcase name="testUrlsFromFile[1444]" classname="org.owasp.esapi.reference.ExtensiveEncoderURITest" time="0"/>
  <testcase name="testUrlsFromFile[1445]" classname="org.owasp.esapi.reference.ExtensiveEncoderURITest" time="0.001"/>
  <testcase name="testUrlsFromFile[1446]" classname="org.owasp.esapi.reference.ExtensiveEncoderURITest" time="0"/>
  <testcase name="testUrlsFromFile[1447]" classname="org.owasp.esapi.reference.ExtensiveEncoderURITest" time="0"/>
  <testcase name="testUrlsFromFile[1448]" classname="org.owasp.esapi.reference.ExtensiveEncoderURITest" time="0.001"/>
  <testcase name="testUrlsFromFile[1449]" classname="org.owasp.esapi.reference.ExtensiveEncoderURITest" time="0"/>
  <testcase name="testUrlsFromFile[1450]" classname="org.owasp.esapi.reference.ExtensiveEncoderURITest" time="0"/>
  <testcase name="testUrlsFromFile[1451]" classname="org.owasp.esapi.reference.ExtensiveEncoderURITest" time="0.001"/>
  <testcase name="testUrlsFromFile[1452]" classname="org.owasp.esapi.reference.ExtensiveEncoderURITest" time="0"/>
  <testcase name="testUrlsFromFile[1453]" classname="org.owasp.esapi.reference.ExtensiveEncoderURITest" time="0.001"/>
  <testcase name="testUrlsFromFile[1454]" classname="org.owasp.esapi.reference.ExtensiveEncoderURITest" time="0.004"/>
  <testcase name="testUrlsFromFile[1455]" classname="org.owasp.esapi.reference.ExtensiveEncoderURITest" time="0"/>
  <testcase name="testUrlsFromFile[1456]" classname="org.owasp.esapi.reference.ExtensiveEncoderURITest" time="0"/>
  <testcase name="testUrlsFromFile[1457]" classname="org.owasp.esapi.reference.ExtensiveEncoderURITest" time="0.001"/>
  <testcase name="testUrlsFromFile[1458]" classname="org.owasp.esapi.reference.ExtensiveEncoderURITest" time="0"/>
  <testcase name="testUrlsFromFile[1459]" classname="org.owasp.esapi.reference.ExtensiveEncoderURITest" time="0"/>
  <testcase name="testUrlsFromFile[1460]" classname="org.owasp.esapi.reference.ExtensiveEncoderURITest" time="0"/>
  <testcase name="testUrlsFromFile[1461]" classname="org.owasp.esapi.reference.ExtensiveEncoderURITest" time="0.001"/>
  <testcase name="testUrlsFromFile[1462]" classname="org.owasp.esapi.reference.ExtensiveEncoderURITest" time="0"/>
  <testcase name="testUrlsFromFile[1463]" classname="org.owasp.esapi.reference.ExtensiveEncoderURITest" time="0"/>
  <testcase name="testUrlsFromFile[1464]" classname="org.owasp.esapi.reference.ExtensiveEncoderURITest" time="0"/>
  <testcase name="testUrlsFromFile[1465]" classname="org.owasp.esapi.reference.ExtensiveEncoderURITest" time="0.001"/>
  <testcase name="testUrlsFromFile[1466]" classname="org.owasp.esapi.reference.ExtensiveEncoderURITest" time="0"/>
  <testcase name="testUrlsFromFile[1467]" classname="org.owasp.esapi.reference.ExtensiveEncoderURITest" time="0"/>
  <testcase name="testUrlsFromFile[1468]" classname="org.owasp.esapi.reference.ExtensiveEncoderURITest" time="0.001"/>
  <testcase name="testUrlsFromFile[1469]" classname="org.owasp.esapi.reference.ExtensiveEncoderURITest" time="0"/>
  <testcase name="testUrlsFromFile[1470]" classname="org.owasp.esapi.reference.ExtensiveEncoderURITest" time="0.001"/>
  <testcase name="testUrlsFromFile[1471]" classname="org.owasp.esapi.reference.ExtensiveEncoderURITest" time="0"/>
  <testcase name="testUrlsFromFile[1472]" classname="org.owasp.esapi.reference.ExtensiveEncoderURITest" time="0"/>
  <testcase name="testUrlsFromFile[1473]" classname="org.owasp.esapi.reference.ExtensiveEncoderURITest" time="0.001"/>
  <testcase name="testUrlsFromFile[1474]" classname="org.owasp.esapi.reference.ExtensiveEncoderURITest" time="0"/>
  <testcase name="testUrlsFromFile[1475]" classname="org.owasp.esapi.reference.ExtensiveEncoderURITest" time="0"/>
  <testcase name="testUrlsFromFile[1476]" classname="org.owasp.esapi.reference.ExtensiveEncoderURITest" time="0.001"/>
  <testcase name="testUrlsFromFile[1477]" classname="org.owasp.esapi.reference.ExtensiveEncoderURITest" time="0"/>
  <testcase name="testUrlsFromFile[1478]" classname="org.owasp.esapi.reference.ExtensiveEncoderURITest" time="0.001"/>
  <testcase name="testUrlsFromFile[1479]" classname="org.owasp.esapi.reference.ExtensiveEncoderURITest" time="0"/>
  <testcase name="testUrlsFromFile[1480]" classname="org.owasp.esapi.reference.ExtensiveEncoderURITest" time="0"/>
  <testcase name="testUrlsFromFile[1481]" classname="org.owasp.esapi.reference.ExtensiveEncoderURITest" time="0.001"/>
  <testcase name="testUrlsFromFile[1482]" classname="org.owasp.esapi.reference.ExtensiveEncoderURITest" time="0"/>
  <testcase name="testUrlsFromFile[1483]" classname="org.owasp.esapi.reference.ExtensiveEncoderURITest" time="0"/>
  <testcase name="testUrlsFromFile[1484]" classname="org.owasp.esapi.reference.ExtensiveEncoderURITest" time="0.001"/>
  <testcase name="testUrlsFromFile[1485]" classname="org.owasp.esapi.reference.ExtensiveEncoderURITest" time="0"/>
  <testcase name="testUrlsFromFile[1486]" classname="org.owasp.esapi.reference.ExtensiveEncoderURITest" time="0.001"/>
  <testcase name="testUrlsFromFile[1487]" classname="org.owasp.esapi.reference.ExtensiveEncoderURITest" time="0"/>
  <testcase name="testUrlsFromFile[1488]" classname="org.owasp.esapi.reference.ExtensiveEncoderURITest" time="0"/>
  <testcase name="testUrlsFromFile[1489]" classname="org.owasp.esapi.reference.ExtensiveEncoderURITest" time="0.001"/>
  <testcase name="testUrlsFromFile[1490]" classname="org.owasp.esapi.reference.ExtensiveEncoderURITest" time="0"/>
  <testcase name="testUrlsFromFile[1491]" classname="org.owasp.esapi.reference.ExtensiveEncoderURITest" time="0"/>
  <testcase name="testUrlsFromFile[1492]" classname="org.owasp.esapi.reference.ExtensiveEncoderURITest" time="0.001"/>
  <testcase name="testUrlsFromFile[1493]" classname="org.owasp.esapi.reference.ExtensiveEncoderURITest" time="0"/>
  <testcase name="testUrlsFromFile[1494]" classname="org.owasp.esapi.reference.ExtensiveEncoderURITest" time="0"/>
  <testcase name="testUrlsFromFile[1495]" classname="org.owasp.esapi.reference.ExtensiveEncoderURITest" time="0.001"/>
  <testcase name="testUrlsFromFile[1496]" classname="org.owasp.esapi.reference.ExtensiveEncoderURITest" time="0"/>
  <testcase name="testUrlsFromFile[1497]" classname="org.owasp.esapi.reference.ExtensiveEncoderURITest" time="0.001"/>
  <testcase name="testUrlsFromFile[1498]" classname="org.owasp.esapi.reference.ExtensiveEncoderURITest" time="0"/>
  <testcase name="testUrlsFromFile[1499]" classname="org.owasp.esapi.reference.ExtensiveEncoderURITest" time="0"/>
  <testcase name="testUrlsFromFile[1500]" classname="org.owasp.esapi.reference.ExtensiveEncoderURITest" time="0.001"/>
  <testcase name="testUrlsFromFile[1501]" classname="org.owasp.esapi.reference.ExtensiveEncoderURITest" time="0"/>
  <testcase name="testUrlsFromFile[1502]" classname="org.owasp.esapi.reference.ExtensiveEncoderURITest" time="0"/>
  <testcase name="testUrlsFromFile[1503]" classname="org.owasp.esapi.reference.ExtensiveEncoderURITest" time="0.001"/>
  <testcase name="testUrlsFromFile[1504]" classname="org.owasp.esapi.reference.ExtensiveEncoderURITest" time="0"/>
  <testcase name="testUrlsFromFile[1505]" classname="org.owasp.esapi.reference.ExtensiveEncoderURITest" time="0.001"/>
  <testcase name="testUrlsFromFile[1506]" classname="org.owasp.esapi.reference.ExtensiveEncoderURITest" time="0"/>
  <testcase name="testUrlsFromFile[1507]" classname="org.owasp.esapi.reference.ExtensiveEncoderURITest" time="0"/>
  <testcase name="testUrlsFromFile[1508]" classname="org.owasp.esapi.reference.ExtensiveEncoderURITest" time="0.001"/>
  <testcase name="testUrlsFromFile[1509]" classname="org.owasp.esapi.reference.ExtensiveEncoderURITest" time="0"/>
  <testcase name="testUrlsFromFile[1510]" classname="org.owasp.esapi.reference.ExtensiveEncoderURITest" time="0"/>
  <testcase name="testUrlsFromFile[1511]" classname="org.owasp.esapi.reference.ExtensiveEncoderURITest" time="0.001"/>
  <testcase name="testUrlsFromFile[1512]" classname="org.owasp.esapi.reference.ExtensiveEncoderURITest" time="0"/>
  <testcase name="testUrlsFromFile[1513]" classname="org.owasp.esapi.reference.ExtensiveEncoderURITest" time="0.001"/>
  <testcase name="testUrlsFromFile[1514]" classname="org.owasp.esapi.reference.ExtensiveEncoderURITest" time="0"/>
  <testcase name="testUrlsFromFile[1515]" classname="org.owasp.esapi.reference.ExtensiveEncoderURITest" time="0"/>
  <testcase name="testUrlsFromFile[1516]" classname="org.owasp.esapi.reference.ExtensiveEncoderURITest" time="0.001"/>
  <testcase name="testUrlsFromFile[1517]" classname="org.owasp.esapi.reference.ExtensiveEncoderURITest" time="0"/>
  <testcase name="testUrlsFromFile[1518]" classname="org.owasp.esapi.reference.ExtensiveEncoderURITest" time="0"/>
  <testcase name="testUrlsFromFile[1519]" classname="org.owasp.esapi.reference.ExtensiveEncoderURITest" time="0"/>
  <testcase name="testUrlsFromFile[1520]" classname="org.owasp.esapi.reference.ExtensiveEncoderURITest" time="0"/>
  <testcase name="testUrlsFromFile[1521]" classname="org.owasp.esapi.reference.ExtensiveEncoderURITest" time="0.001"/>
  <testcase name="testUrlsFromFile[1522]" classname="org.owasp.esapi.reference.ExtensiveEncoderURITest" time="0"/>
  <testcase name="testUrlsFromFile[1523]" classname="org.owasp.esapi.reference.ExtensiveEncoderURITest" time="0"/>
  <testcase name="testUrlsFromFile[1524]" classname="org.owasp.esapi.reference.ExtensiveEncoderURITest" time="0.001"/>
  <testcase name="testUrlsFromFile[1525]" classname="org.owasp.esapi.reference.ExtensiveEncoderURITest" time="0"/>
  <testcase name="testUrlsFromFile[1526]" classname="org.owasp.esapi.reference.ExtensiveEncoderURITest" time="0"/>
  <testcase name="testUrlsFromFile[1527]" classname="org.owasp.esapi.reference.ExtensiveEncoderURITest" time="0.001"/>
  <testcase name="testUrlsFromFile[1528]" classname="org.owasp.esapi.reference.ExtensiveEncoderURITest" time="0"/>
  <testcase name="testUrlsFromFile[1529]" classname="org.owasp.esapi.reference.ExtensiveEncoderURITest" time="0.001"/>
  <testcase name="testUrlsFromFile[1530]" classname="org.owasp.esapi.reference.ExtensiveEncoderURITest" time="0"/>
  <testcase name="testUrlsFromFile[1531]" classname="org.owasp.esapi.reference.ExtensiveEncoderURITest" time="0"/>
  <testcase name="testUrlsFromFile[1532]" classname="org.owasp.esapi.reference.ExtensiveEncoderURITest" time="0.001"/>
  <testcase name="testUrlsFromFile[1533]" classname="org.owasp.esapi.reference.ExtensiveEncoderURITest" time="0"/>
  <testcase name="testUrlsFromFile[1534]" classname="org.owasp.esapi.reference.ExtensiveEncoderURITest" time="0"/>
  <testcase name="testUrlsFromFile[1535]" classname="org.owasp.esapi.reference.ExtensiveEncoderURITest" time="0.001"/>
  <testcase name="testUrlsFromFile[1536]" classname="org.owasp.esapi.reference.ExtensiveEncoderURITest" time="0"/>
  <testcase name="testUrlsFromFile[1537]" classname="org.owasp.esapi.reference.ExtensiveEncoderURITest" time="0.001"/>
  <testcase name="testUrlsFromFile[1538]" classname="org.owasp.esapi.reference.ExtensiveEncoderURITest" time="0"/>
  <testcase name="testUrlsFromFile[1539]" classname="org.owasp.esapi.reference.ExtensiveEncoderURITest" time="0"/>
  <testcase name="testUrlsFromFile[1540]" classname="org.owasp.esapi.reference.ExtensiveEncoderURITest" time="0.001"/>
  <testcase name="testUrlsFromFile[1541]" classname="org.owasp.esapi.reference.ExtensiveEncoderURITest" time="0"/>
  <testcase name="testUrlsFromFile[1542]" classname="org.owasp.esapi.reference.ExtensiveEncoderURITest" time="0"/>
  <testcase name="testUrlsFromFile[1543]" classname="org.owasp.esapi.reference.ExtensiveEncoderURITest" time="0.001"/>
  <testcase name="testUrlsFromFile[1544]" classname="org.owasp.esapi.reference.ExtensiveEncoderURITest" time="0"/>
  <testcase name="testUrlsFromFile[1545]" classname="org.owasp.esapi.reference.ExtensiveEncoderURITest" time="0.001"/>
  <testcase name="testUrlsFromFile[1546]" classname="org.owasp.esapi.reference.ExtensiveEncoderURITest" time="0"/>
  <testcase name="testUrlsFromFile[1547]" classname="org.owasp.esapi.reference.ExtensiveEncoderURITest" time="0"/>
  <testcase name="testUrlsFromFile[1548]" classname="org.owasp.esapi.reference.ExtensiveEncoderURITest" time="0.001"/>
  <testcase name="testUrlsFromFile[1549]" classname="org.owasp.esapi.reference.ExtensiveEncoderURITest" time="0"/>
  <testcase name="testUrlsFromFile[1550]" classname="org.owasp.esapi.reference.ExtensiveEncoderURITest" time="0"/>
  <testcase name="testUrlsFromFile[1551]" classname="org.owasp.esapi.reference.ExtensiveEncoderURITest" time="0.001"/>
  <testcase name="testUrlsFromFile[1552]" classname="org.owasp.esapi.reference.ExtensiveEncoderURITest" time="0"/>
  <testcase name="testUrlsFromFile[1553]" classname="org.owasp.esapi.reference.ExtensiveEncoderURITest" time="0"/>
  <testcase name="testUrlsFromFile[1554]" classname="org.owasp.esapi.reference.ExtensiveEncoderURITest" time="0.001"/>
  <testcase name="testUrlsFromFile[1555]" classname="org.owasp.esapi.reference.ExtensiveEncoderURITest" time="0"/>
  <testcase name="testUrlsFromFile[1556]" classname="org.owasp.esapi.reference.ExtensiveEncoderURITest" time="0.001"/>
  <testcase name="testUrlsFromFile[1557]" classname="org.owasp.esapi.reference.ExtensiveEncoderURITest" time="0"/>
  <testcase name="testUrlsFromFile[1558]" classname="org.owasp.esapi.reference.ExtensiveEncoderURITest" time="0"/>
  <testcase name="testUrlsFromFile[1559]" classname="org.owasp.esapi.reference.ExtensiveEncoderURITest" time="0.001"/>
  <testcase name="testUrlsFromFile[1560]" classname="org.owasp.esapi.reference.ExtensiveEncoderURITest" time="0"/>
  <testcase name="testUrlsFromFile[1561]" classname="org.owasp.esapi.reference.ExtensiveEncoderURITest" time="0"/>
  <testcase name="testUrlsFromFile[1562]" classname="org.owasp.esapi.reference.ExtensiveEncoderURITest" time="0.001"/>
  <testcase name="testUrlsFromFile[1563]" classname="org.owasp.esapi.reference.ExtensiveEncoderURITest" time="0"/>
  <testcase name="testUrlsFromFile[1564]" classname="org.owasp.esapi.reference.ExtensiveEncoderURITest" time="0.001"/>
  <testcase name="testUrlsFromFile[1565]" classname="org.owasp.esapi.reference.ExtensiveEncoderURITest" time="0"/>
  <testcase name="testUrlsFromFile[1566]" classname="org.owasp.esapi.reference.ExtensiveEncoderURITest" time="0"/>
  <testcase name="testUrlsFromFile[1567]" classname="org.owasp.esapi.reference.ExtensiveEncoderURITest" time="0.001"/>
  <testcase name="testUrlsFromFile[1568]" classname="org.owasp.esapi.reference.ExtensiveEncoderURITest" time="0"/>
  <testcase name="testUrlsFromFile[1569]" classname="org.owasp.esapi.reference.ExtensiveEncoderURITest" time="0.001"/>
  <testcase name="testUrlsFromFile[1570]" classname="org.owasp.esapi.reference.ExtensiveEncoderURITest" time="0"/>
  <testcase name="testUrlsFromFile[1571]" classname="org.owasp.esapi.reference.ExtensiveEncoderURITest" time="0"/>
  <testcase name="testUrlsFromFile[1572]" classname="org.owasp.esapi.reference.ExtensiveEncoderURITest" time="0.001"/>
  <testcase name="testUrlsFromFile[1573]" classname="org.owasp.esapi.reference.ExtensiveEncoderURITest" time="0"/>
  <testcase name="testUrlsFromFile[1574]" classname="org.owasp.esapi.reference.ExtensiveEncoderURITest" time="0"/>
  <testcase name="testUrlsFromFile[1575]" classname="org.owasp.esapi.reference.ExtensiveEncoderURITest" time="0.001"/>
  <testcase name="testUrlsFromFile[1576]" classname="org.owasp.esapi.reference.ExtensiveEncoderURITest" time="0"/>
  <testcase name="testUrlsFromFile[1577]" classname="org.owasp.esapi.reference.ExtensiveEncoderURITest" time="0.001"/>
  <testcase name="testUrlsFromFile[1578]" classname="org.owasp.esapi.reference.ExtensiveEncoderURITest" time="0"/>
  <testcase name="testUrlsFromFile[1579]" classname="org.owasp.esapi.reference.ExtensiveEncoderURITest" time="0"/>
  <testcase name="testUrlsFromFile[1580]" classname="org.owasp.esapi.reference.ExtensiveEncoderURITest" time="0.001"/>
  <testcase name="testUrlsFromFile[1581]" classname="org.owasp.esapi.reference.ExtensiveEncoderURITest" time="0"/>
  <testcase name="testUrlsFromFile[1582]" classname="org.owasp.esapi.reference.ExtensiveEncoderURITest" time="0"/>
  <testcase name="testUrlsFromFile[1583]" classname="org.owasp.esapi.reference.ExtensiveEncoderURITest" time="0.001"/>
  <testcase name="testUrlsFromFile[1584]" classname="org.owasp.esapi.reference.ExtensiveEncoderURITest" time="0"/>
  <testcase name="testUrlsFromFile[1585]" classname="org.owasp.esapi.reference.ExtensiveEncoderURITest" time="0"/>
  <testcase name="testUrlsFromFile[1586]" classname="org.owasp.esapi.reference.ExtensiveEncoderURITest" time="0.001"/>
  <testcase name="testUrlsFromFile[1587]" classname="org.owasp.esapi.reference.ExtensiveEncoderURITest" time="0"/>
  <testcase name="testUrlsFromFile[1588]" classname="org.owasp.esapi.reference.ExtensiveEncoderURITest" time="0.001"/>
  <testcase name="testUrlsFromFile[1589]" classname="org.owasp.esapi.reference.ExtensiveEncoderURITest" time="0"/>
  <testcase name="testUrlsFromFile[1590]" classname="org.owasp.esapi.reference.ExtensiveEncoderURITest" time="0"/>
  <testcase name="testUrlsFromFile[1591]" classname="org.owasp.esapi.reference.ExtensiveEncoderURITest" time="0.001"/>
  <testcase name="testUrlsFromFile[1592]" classname="org.owasp.esapi.reference.ExtensiveEncoderURITest" time="0"/>
  <testcase name="testUrlsFromFile[1593]" classname="org.owasp.esapi.reference.ExtensiveEncoderURITest" time="0"/>
  <testcase name="testUrlsFromFile[1594]" classname="org.owasp.esapi.reference.ExtensiveEncoderURITest" time="0"/>
  <testcase name="testUrlsFromFile[1595]" classname="org.owasp.esapi.reference.ExtensiveEncoderURITest" time="0.001"/>
  <testcase name="testUrlsFromFile[1596]" classname="org.owasp.esapi.reference.ExtensiveEncoderURITest" time="0"/>
  <testcase name="testUrlsFromFile[1597]" classname="org.owasp.esapi.reference.ExtensiveEncoderURITest" time="0"/>
  <testcase name="testUrlsFromFile[1598]" classname="org.owasp.esapi.reference.ExtensiveEncoderURITest" time="0.001"/>
  <testcase name="testUrlsFromFile[1599]" classname="org.owasp.esapi.reference.ExtensiveEncoderURITest" time="0"/>
  <testcase name="testUrlsFromFile[1600]" classname="org.owasp.esapi.reference.ExtensiveEncoderURITest" time="0.001"/>
  <testcase name="testUrlsFromFile[1601]" classname="org.owasp.esapi.reference.ExtensiveEncoderURITest" time="0"/>
  <testcase name="testUrlsFromFile[1602]" classname="org.owasp.esapi.reference.ExtensiveEncoderURITest" time="0"/>
  <testcase name="testUrlsFromFile[1603]" classname="org.owasp.esapi.reference.ExtensiveEncoderURITest" time="0"/>
  <testcase name="testUrlsFromFile[1604]" classname="org.owasp.esapi.reference.ExtensiveEncoderURITest" time="0.001"/>
  <testcase name="testUrlsFromFile[1605]" classname="org.owasp.esapi.reference.ExtensiveEncoderURITest" time="0"/>
  <testcase name="testUrlsFromFile[1606]" classname="org.owasp.esapi.reference.ExtensiveEncoderURITest" time="0"/>
  <testcase name="testUrlsFromFile[1607]" classname="org.owasp.esapi.reference.ExtensiveEncoderURITest" time="0.001"/>
  <testcase name="testUrlsFromFile[1608]" classname="org.owasp.esapi.reference.ExtensiveEncoderURITest" time="0"/>
  <testcase name="testUrlsFromFile[1609]" classname="org.owasp.esapi.reference.ExtensiveEncoderURITest" time="0.001"/>
  <testcase name="testUrlsFromFile[1610]" classname="org.owasp.esapi.reference.ExtensiveEncoderURITest" time="0"/>
  <testcase name="testUrlsFromFile[1611]" classname="org.owasp.esapi.reference.ExtensiveEncoderURITest" time="0"/>
  <testcase name="testUrlsFromFile[1612]" classname="org.owasp.esapi.reference.ExtensiveEncoderURITest" time="0"/>
  <testcase name="testUrlsFromFile[1613]" classname="org.owasp.esapi.reference.ExtensiveEncoderURITest" time="0.001"/>
  <testcase name="testUrlsFromFile[1614]" classname="org.owasp.esapi.reference.ExtensiveEncoderURITest" time="0"/>
  <testcase name="testUrlsFromFile[1615]" classname="org.owasp.esapi.reference.ExtensiveEncoderURITest" time="0"/>
  <testcase name="testUrlsFromFile[1616]" classname="org.owasp.esapi.reference.ExtensiveEncoderURITest" time="0"/>
  <testcase name="testUrlsFromFile[1617]" classname="org.owasp.esapi.reference.ExtensiveEncoderURITest" time="0.001"/>
  <testcase name="testUrlsFromFile[1618]" classname="org.owasp.esapi.reference.ExtensiveEncoderURITest" time="0"/>
  <testcase name="testUrlsFromFile[1619]" classname="org.owasp.esapi.reference.ExtensiveEncoderURITest" time="0"/>
  <testcase name="testUrlsFromFile[1620]" classname="org.owasp.esapi.reference.ExtensiveEncoderURITest" time="0"/>
  <testcase name="testUrlsFromFile[1621]" classname="org.owasp.esapi.reference.ExtensiveEncoderURITest" time="0.001"/>
  <testcase name="testUrlsFromFile[1622]" classname="org.owasp.esapi.reference.ExtensiveEncoderURITest" time="0"/>
  <testcase name="testUrlsFromFile[1623]" classname="org.owasp.esapi.reference.ExtensiveEncoderURITest" time="0"/>
  <testcase name="testUrlsFromFile[1624]" classname="org.owasp.esapi.reference.ExtensiveEncoderURITest" time="0"/>
  <testcase name="testUrlsFromFile[1625]" classname="org.owasp.esapi.reference.ExtensiveEncoderURITest" time="0.001"/>
  <testcase name="testUrlsFromFile[1626]" classname="org.owasp.esapi.reference.ExtensiveEncoderURITest" time="0"/>
  <testcase name="testUrlsFromFile[1627]" classname="org.owasp.esapi.reference.ExtensiveEncoderURITest" time="0"/>
  <testcase name="testUrlsFromFile[1628]" classname="org.owasp.esapi.reference.ExtensiveEncoderURITest" time="0.001"/>
  <testcase name="testUrlsFromFile[1629]" classname="org.owasp.esapi.reference.ExtensiveEncoderURITest" time="0"/>
  <testcase name="testUrlsFromFile[1630]" classname="org.owasp.esapi.reference.ExtensiveEncoderURITest" time="0"/>
  <testcase name="testUrlsFromFile[1631]" classname="org.owasp.esapi.reference.ExtensiveEncoderURITest" time="0.001"/>
  <testcase name="testUrlsFromFile[1632]" classname="org.owasp.esapi.reference.ExtensiveEncoderURITest" time="0"/>
  <testcase name="testUrlsFromFile[1633]" classname="org.owasp.esapi.reference.ExtensiveEncoderURITest" time="0"/>
  <testcase name="testUrlsFromFile[1634]" classname="org.owasp.esapi.reference.ExtensiveEncoderURITest" time="0.001"/>
  <testcase name="testUrlsFromFile[1635]" classname="org.owasp.esapi.reference.ExtensiveEncoderURITest" time="0"/>
  <testcase name="testUrlsFromFile[1636]" classname="org.owasp.esapi.reference.ExtensiveEncoderURITest" time="0.001"/>
  <testcase name="testUrlsFromFile[1637]" classname="org.owasp.esapi.reference.ExtensiveEncoderURITest" time="0"/>
  <testcase name="testUrlsFromFile[1638]" classname="org.owasp.esapi.reference.ExtensiveEncoderURITest" time="0"/>
  <testcase name="testUrlsFromFile[1639]" classname="org.owasp.esapi.reference.ExtensiveEncoderURITest" time="0.001"/>
  <testcase name="testUrlsFromFile[1640]" classname="org.owasp.esapi.reference.ExtensiveEncoderURITest" time="0"/>
  <testcase name="testUrlsFromFile[1641]" classname="org.owasp.esapi.reference.ExtensiveEncoderURITest" time="0"/>
  <testcase name="testUrlsFromFile[1642]" classname="org.owasp.esapi.reference.ExtensiveEncoderURITest" time="0.001"/>
  <testcase name="testUrlsFromFile[1643]" classname="org.owasp.esapi.reference.ExtensiveEncoderURITest" time="0"/>
  <testcase name="testUrlsFromFile[1644]" classname="org.owasp.esapi.reference.ExtensiveEncoderURITest" time="0"/>
  <testcase name="testUrlsFromFile[1645]" classname="org.owasp.esapi.reference.ExtensiveEncoderURITest" time="0.001"/>
  <testcase name="testUrlsFromFile[1646]" classname="org.owasp.esapi.reference.ExtensiveEncoderURITest" time="0"/>
  <testcase name="testUrlsFromFile[1647]" classname="org.owasp.esapi.reference.ExtensiveEncoderURITest" time="0"/>
  <testcase name="testUrlsFromFile[1648]" classname="org.owasp.esapi.reference.ExtensiveEncoderURITest" time="0.001"/>
  <testcase name="testUrlsFromFile[1649]" classname="org.owasp.esapi.reference.ExtensiveEncoderURITest" time="0"/>
  <testcase name="testUrlsFromFile[1650]" classname="org.owasp.esapi.reference.ExtensiveEncoderURITest" time="0"/>
  <testcase name="testUrlsFromFile[1651]" classname="org.owasp.esapi.reference.ExtensiveEncoderURITest" time="0.001"/>
  <testcase name="testUrlsFromFile[1652]" classname="org.owasp.esapi.reference.ExtensiveEncoderURITest" time="0"/>
  <testcase name="testUrlsFromFile[1653]" classname="org.owasp.esapi.reference.ExtensiveEncoderURITest" time="0.001"/>
  <testcase name="testUrlsFromFile[1654]" classname="org.owasp.esapi.reference.ExtensiveEncoderURITest" time="0"/>
  <testcase name="testUrlsFromFile[1655]" classname="org.owasp.esapi.reference.ExtensiveEncoderURITest" time="0"/>
  <testcase name="testUrlsFromFile[1656]" classname="org.owasp.esapi.reference.ExtensiveEncoderURITest" time="0.001"/>
  <testcase name="testUrlsFromFile[1657]" classname="org.owasp.esapi.reference.ExtensiveEncoderURITest" time="0"/>
  <testcase name="testUrlsFromFile[1658]" classname="org.owasp.esapi.reference.ExtensiveEncoderURITest" time="0"/>
  <testcase name="testUrlsFromFile[1659]" classname="org.owasp.esapi.reference.ExtensiveEncoderURITest" time="0.001"/>
  <testcase name="testUrlsFromFile[1660]" classname="org.owasp.esapi.reference.ExtensiveEncoderURITest" time="0"/>
  <testcase name="testUrlsFromFile[1661]" classname="org.owasp.esapi.reference.ExtensiveEncoderURITest" time="0"/>
  <testcase name="testUrlsFromFile[1662]" classname="org.owasp.esapi.reference.ExtensiveEncoderURITest" time="0.001"/>
  <testcase name="testUrlsFromFile[1663]" classname="org.owasp.esapi.reference.ExtensiveEncoderURITest" time="0"/>
  <testcase name="testUrlsFromFile[1664]" classname="org.owasp.esapi.reference.ExtensiveEncoderURITest" time="0"/>
  <testcase name="testUrlsFromFile[1665]" classname="org.owasp.esapi.reference.ExtensiveEncoderURITest" time="0.001"/>
  <testcase name="testUrlsFromFile[1666]" classname="org.owasp.esapi.reference.ExtensiveEncoderURITest" time="0"/>
  <testcase name="testUrlsFromFile[1667]" classname="org.owasp.esapi.reference.ExtensiveEncoderURITest" time="0"/>
  <testcase name="testUrlsFromFile[1668]" classname="org.owasp.esapi.reference.ExtensiveEncoderURITest" time="0.001"/>
  <testcase name="testUrlsFromFile[1669]" classname="org.owasp.esapi.reference.ExtensiveEncoderURITest" time="0"/>
  <testcase name="testUrlsFromFile[1670]" classname="org.owasp.esapi.reference.ExtensiveEncoderURITest" time="0"/>
  <testcase name="testUrlsFromFile[1671]" classname="org.owasp.esapi.reference.ExtensiveEncoderURITest" time="0"/>
  <testcase name="testUrlsFromFile[1672]" classname="org.owasp.esapi.reference.ExtensiveEncoderURITest" time="0"/>
  <testcase name="testUrlsFromFile[1673]" classname="org.owasp.esapi.reference.ExtensiveEncoderURITest" time="0.001"/>
  <testcase name="testUrlsFromFile[1674]" classname="org.owasp.esapi.reference.ExtensiveEncoderURITest" time="0"/>
  <testcase name="testUrlsFromFile[1675]" classname="org.owasp.esapi.reference.ExtensiveEncoderURITest" time="0"/>
  <testcase name="testUrlsFromFile[1676]" classname="org.owasp.esapi.reference.ExtensiveEncoderURITest" time="0.001"/>
  <testcase name="testUrlsFromFile[1677]" classname="org.owasp.esapi.reference.ExtensiveEncoderURITest" time="0"/>
  <testcase name="testUrlsFromFile[1678]" classname="org.owasp.esapi.reference.ExtensiveEncoderURITest" time="0"/>
  <testcase name="testUrlsFromFile[1679]" classname="org.owasp.esapi.reference.ExtensiveEncoderURITest" time="0.001"/>
  <testcase name="testUrlsFromFile[1680]" classname="org.owasp.esapi.reference.ExtensiveEncoderURITest" time="0"/>
  <testcase name="testUrlsFromFile[1681]" classname="org.owasp.esapi.reference.ExtensiveEncoderURITest" time="0"/>
  <testcase name="testUrlsFromFile[1682]" classname="org.owasp.esapi.reference.ExtensiveEncoderURITest" time="0.001"/>
  <testcase name="testUrlsFromFile[1683]" classname="org.owasp.esapi.reference.ExtensiveEncoderURITest" time="0"/>
  <testcase name="testUrlsFromFile[1684]" classname="org.owasp.esapi.reference.ExtensiveEncoderURITest" time="0.001"/>
  <testcase name="testUrlsFromFile[1685]" classname="org.owasp.esapi.reference.ExtensiveEncoderURITest" time="0"/>
  <testcase name="testUrlsFromFile[1686]" classname="org.owasp.esapi.reference.ExtensiveEncoderURITest" time="0"/>
  <testcase name="testUrlsFromFile[1687]" classname="org.owasp.esapi.reference.ExtensiveEncoderURITest" time="0.001"/>
  <testcase name="testUrlsFromFile[1688]" classname="org.owasp.esapi.reference.ExtensiveEncoderURITest" time="0"/>
  <testcase name="testUrlsFromFile[1689]" classname="org.owasp.esapi.reference.ExtensiveEncoderURITest" time="0"/>
  <testcase name="testUrlsFromFile[1690]" classname="org.owasp.esapi.reference.ExtensiveEncoderURITest" time="0.001"/>
  <testcase name="testUrlsFromFile[1691]" classname="org.owasp.esapi.reference.ExtensiveEncoderURITest" time="0"/>
  <testcase name="testUrlsFromFile[1692]" classname="org.owasp.esapi.reference.ExtensiveEncoderURITest" time="0"/>
  <testcase name="testUrlsFromFile[1693]" classname="org.owasp.esapi.reference.ExtensiveEncoderURITest" time="0"/>
  <testcase name="testUrlsFromFile[1694]" classname="org.owasp.esapi.reference.ExtensiveEncoderURITest" time="0.001"/>
  <testcase name="testUrlsFromFile[1695]" classname="org.owasp.esapi.reference.ExtensiveEncoderURITest" time="0"/>
  <testcase name="testUrlsFromFile[1696]" classname="org.owasp.esapi.reference.ExtensiveEncoderURITest" time="0"/>
  <testcase name="testUrlsFromFile[1697]" classname="org.owasp.esapi.reference.ExtensiveEncoderURITest" time="0"/>
  <testcase name="testUrlsFromFile[1698]" classname="org.owasp.esapi.reference.ExtensiveEncoderURITest" time="0.001"/>
  <testcase name="testUrlsFromFile[1699]" classname="org.owasp.esapi.reference.ExtensiveEncoderURITest" time="0"/>
  <testcase name="testUrlsFromFile[1700]" classname="org.owasp.esapi.reference.ExtensiveEncoderURITest" time="0"/>
  <testcase name="testUrlsFromFile[1701]" classname="org.owasp.esapi.reference.ExtensiveEncoderURITest" time="0.001"/>
  <testcase name="testUrlsFromFile[1702]" classname="org.owasp.esapi.reference.ExtensiveEncoderURITest" time="0"/>
  <testcase name="testUrlsFromFile[1703]" classname="org.owasp.esapi.reference.ExtensiveEncoderURITest" time="0"/>
  <testcase name="testUrlsFromFile[1704]" classname="org.owasp.esapi.reference.ExtensiveEncoderURITest" time="0.001"/>
  <testcase name="testUrlsFromFile[1705]" classname="org.owasp.esapi.reference.ExtensiveEncoderURITest" time="0"/>
  <testcase name="testUrlsFromFile[1706]" classname="org.owasp.esapi.reference.ExtensiveEncoderURITest" time="0"/>
  <testcase name="testUrlsFromFile[1707]" classname="org.owasp.esapi.reference.ExtensiveEncoderURITest" time="0.001"/>
  <testcase name="testUrlsFromFile[1708]" classname="org.owasp.esapi.reference.ExtensiveEncoderURITest" time="0"/>
  <testcase name="testUrlsFromFile[1709]" classname="org.owasp.esapi.reference.ExtensiveEncoderURITest" time="0.001"/>
  <testcase name="testUrlsFromFile[1710]" classname="org.owasp.esapi.reference.ExtensiveEncoderURITest" time="0"/>
  <testcase name="testUrlsFromFile[1711]" classname="org.owasp.esapi.reference.ExtensiveEncoderURITest" time="0"/>
  <testcase name="testUrlsFromFile[1712]" classname="org.owasp.esapi.reference.ExtensiveEncoderURITest" time="0.001"/>
  <testcase name="testUrlsFromFile[1713]" classname="org.owasp.esapi.reference.ExtensiveEncoderURITest" time="0"/>
  <testcase name="testUrlsFromFile[1714]" classname="org.owasp.esapi.reference.ExtensiveEncoderURITest" time="0"/>
  <testcase name="testUrlsFromFile[1715]" classname="org.owasp.esapi.reference.ExtensiveEncoderURITest" time="0.001"/>
  <testcase name="testUrlsFromFile[1716]" classname="org.owasp.esapi.reference.ExtensiveEncoderURITest" time="0"/>
  <testcase name="testUrlsFromFile[1717]" classname="org.owasp.esapi.reference.ExtensiveEncoderURITest" time="0.001"/>
  <testcase name="testUrlsFromFile[1718]" classname="org.owasp.esapi.reference.ExtensiveEncoderURITest" time="0"/>
  <testcase name="testUrlsFromFile[1719]" classname="org.owasp.esapi.reference.ExtensiveEncoderURITest" time="0"/>
  <testcase name="testUrlsFromFile[1720]" classname="org.owasp.esapi.reference.ExtensiveEncoderURITest" time="0.001"/>
  <testcase name="testUrlsFromFile[1721]" classname="org.owasp.esapi.reference.ExtensiveEncoderURITest" time="0"/>
  <testcase name="testUrlsFromFile[1722]" classname="org.owasp.esapi.reference.ExtensiveEncoderURITest" time="0"/>
  <testcase name="testUrlsFromFile[1723]" classname="org.owasp.esapi.reference.ExtensiveEncoderURITest" time="0.001"/>
  <testcase name="testUrlsFromFile[1724]" classname="org.owasp.esapi.reference.ExtensiveEncoderURITest" time="0"/>
  <testcase name="testUrlsFromFile[1725]" classname="org.owasp.esapi.reference.ExtensiveEncoderURITest" time="0.001"/>
  <testcase name="testUrlsFromFile[1726]" classname="org.owasp.esapi.reference.ExtensiveEncoderURITest" time="0"/>
  <testcase name="testUrlsFromFile[1727]" classname="org.owasp.esapi.reference.ExtensiveEncoderURITest" time="0"/>
  <testcase name="testUrlsFromFile[1728]" classname="org.owasp.esapi.reference.ExtensiveEncoderURITest" time="0.001"/>
  <testcase name="testUrlsFromFile[1729]" classname="org.owasp.esapi.reference.ExtensiveEncoderURITest" time="0"/>
  <testcase name="testUrlsFromFile[1730]" classname="org.owasp.esapi.reference.ExtensiveEncoderURITest" time="0"/>
  <testcase name="testUrlsFromFile[1731]" classname="org.owasp.esapi.reference.ExtensiveEncoderURITest" time="0.001"/>
  <testcase name="testUrlsFromFile[1732]" classname="org.owasp.esapi.reference.ExtensiveEncoderURITest" time="0"/>
  <testcase name="testUrlsFromFile[1733]" classname="org.owasp.esapi.reference.ExtensiveEncoderURITest" time="0"/>
  <testcase name="testUrlsFromFile[1734]" classname="org.owasp.esapi.reference.ExtensiveEncoderURITest" time="0.001"/>
  <testcase name="testUrlsFromFile[1735]" classname="org.owasp.esapi.reference.ExtensiveEncoderURITest" time="0"/>
  <testcase name="testUrlsFromFile[1736]" classname="org.owasp.esapi.reference.ExtensiveEncoderURITest" time="0.001"/>
  <testcase name="testUrlsFromFile[1737]" classname="org.owasp.esapi.reference.ExtensiveEncoderURITest" time="0"/>
  <testcase name="testUrlsFromFile[1738]" classname="org.owasp.esapi.reference.ExtensiveEncoderURITest" time="0"/>
  <testcase name="testUrlsFromFile[1739]" classname="org.owasp.esapi.reference.ExtensiveEncoderURITest" time="0.001"/>
  <testcase name="testUrlsFromFile[1740]" classname="org.owasp.esapi.reference.ExtensiveEncoderURITest" time="0"/>
  <testcase name="testUrlsFromFile[1741]" classname="org.owasp.esapi.reference.ExtensiveEncoderURITest" time="0"/>
  <testcase name="testUrlsFromFile[1742]" classname="org.owasp.esapi.reference.ExtensiveEncoderURITest" time="0.001"/>
  <testcase name="testUrlsFromFile[1743]" classname="org.owasp.esapi.reference.ExtensiveEncoderURITest" time="0"/>
  <testcase name="testUrlsFromFile[1744]" classname="org.owasp.esapi.reference.ExtensiveEncoderURITest" time="0.001"/>
  <testcase name="testUrlsFromFile[1745]" classname="org.owasp.esapi.reference.ExtensiveEncoderURITest" time="0"/>
  <testcase name="testUrlsFromFile[1746]" classname="org.owasp.esapi.reference.ExtensiveEncoderURITest" time="0"/>
  <testcase name="testUrlsFromFile[1747]" classname="org.owasp.esapi.reference.ExtensiveEncoderURITest" time="0.001"/>
  <testcase name="testUrlsFromFile[1748]" classname="org.owasp.esapi.reference.ExtensiveEncoderURITest" time="0"/>
  <testcase name="testUrlsFromFile[1749]" classname="org.owasp.esapi.reference.ExtensiveEncoderURITest" time="0"/>
  <testcase name="testUrlsFromFile[1750]" classname="org.owasp.esapi.reference.ExtensiveEncoderURITest" time="0.244"/>
  <testcase name="testUrlsFromFile[1751]" classname="org.owasp.esapi.reference.ExtensiveEncoderURITest" time="0.001"/>
  <testcase name="testUrlsFromFile[1752]" classname="org.owasp.esapi.reference.ExtensiveEncoderURITest" time="0.001"/>
  <testcase name="testUrlsFromFile[1753]" classname="org.owasp.esapi.reference.ExtensiveEncoderURITest" time="0.001"/>
  <testcase name="testUrlsFromFile[1754]" classname="org.owasp.esapi.reference.ExtensiveEncoderURITest" time="0.001"/>
  <testcase name="testUrlsFromFile[1755]" classname="org.owasp.esapi.reference.ExtensiveEncoderURITest" time="0.001"/>
  <testcase name="testUrlsFromFile[1756]" classname="org.owasp.esapi.reference.ExtensiveEncoderURITest" time="0.001"/>
  <testcase name="testUrlsFromFile[1757]" classname="org.owasp.esapi.reference.ExtensiveEncoderURITest" time="0.001"/>
  <testcase name="testUrlsFromFile[1758]" classname="org.owasp.esapi.reference.ExtensiveEncoderURITest" time="0"/>
  <testcase name="testUrlsFromFile[1759]" classname="org.owasp.esapi.reference.ExtensiveEncoderURITest" time="0.001"/>
  <testcase name="testUrlsFromFile[1760]" classname="org.owasp.esapi.reference.ExtensiveEncoderURITest" time="0.001"/>
  <testcase name="testUrlsFromFile[1761]" classname="org.owasp.esapi.reference.ExtensiveEncoderURITest" time="0"/>
  <testcase name="testUrlsFromFile[1762]" classname="org.owasp.esapi.reference.ExtensiveEncoderURITest" time="0.001"/>
  <testcase name="testUrlsFromFile[1763]" classname="org.owasp.esapi.reference.ExtensiveEncoderURITest" time="0"/>
  <testcase name="testUrlsFromFile[1764]" classname="org.owasp.esapi.reference.ExtensiveEncoderURITest" time="0.001"/>
  <testcase name="testUrlsFromFile[1765]" classname="org.owasp.esapi.reference.ExtensiveEncoderURITest" time="0"/>
  <testcase name="testUrlsFromFile[1766]" classname="org.owasp.esapi.reference.ExtensiveEncoderURITest" time="0.001"/>
  <testcase name="testUrlsFromFile[1767]" classname="org.owasp.esapi.reference.ExtensiveEncoderURITest" time="0"/>
  <testcase name="testUrlsFromFile[1768]" classname="org.owasp.esapi.reference.ExtensiveEncoderURITest" time="0.001"/>
  <testcase name="testUrlsFromFile[1769]" classname="org.owasp.esapi.reference.ExtensiveEncoderURITest" time="0"/>
  <testcase name="testUrlsFromFile[1770]" classname="org.owasp.esapi.reference.ExtensiveEncoderURITest" time="0.001"/>
  <testcase name="testUrlsFromFile[1771]" classname="org.owasp.esapi.reference.ExtensiveEncoderURITest" time="0"/>
  <testcase name="testUrlsFromFile[1772]" classname="org.owasp.esapi.reference.ExtensiveEncoderURITest" time="0"/>
  <testcase name="testUrlsFromFile[1773]" classname="org.owasp.esapi.reference.ExtensiveEncoderURITest" time="0.001"/>
  <testcase name="testUrlsFromFile[1774]" classname="org.owasp.esapi.reference.ExtensiveEncoderURITest" time="0"/>
  <testcase name="testUrlsFromFile[1775]" classname="org.owasp.esapi.reference.ExtensiveEncoderURITest" time="0.001"/>
  <testcase name="testUrlsFromFile[1776]" classname="org.owasp.esapi.reference.ExtensiveEncoderURITest" time="0"/>
  <testcase name="testUrlsFromFile[1777]" classname="org.owasp.esapi.reference.ExtensiveEncoderURITest" time="0.001"/>
  <testcase name="testUrlsFromFile[1778]" classname="org.owasp.esapi.reference.ExtensiveEncoderURITest" time="0"/>
  <testcase name="testUrlsFromFile[1779]" classname="org.owasp.esapi.reference.ExtensiveEncoderURITest" time="0"/>
  <testcase name="testUrlsFromFile[1780]" classname="org.owasp.esapi.reference.ExtensiveEncoderURITest" time="0.001"/>
  <testcase name="testUrlsFromFile[1781]" classname="org.owasp.esapi.reference.ExtensiveEncoderURITest" time="0"/>
  <testcase name="testUrlsFromFile[1782]" classname="org.owasp.esapi.reference.ExtensiveEncoderURITest" time="0"/>
  <testcase name="testUrlsFromFile[1783]" classname="org.owasp.esapi.reference.ExtensiveEncoderURITest" time="0"/>
  <testcase name="testUrlsFromFile[1784]" classname="org.owasp.esapi.reference.ExtensiveEncoderURITest" time="0.001"/>
  <testcase name="testUrlsFromFile[1785]" classname="org.owasp.esapi.reference.ExtensiveEncoderURITest" time="0"/>
  <testcase name="testUrlsFromFile[1786]" classname="org.owasp.esapi.reference.ExtensiveEncoderURITest" time="0.001"/>
  <testcase name="testUrlsFromFile[1787]" classname="org.owasp.esapi.reference.ExtensiveEncoderURITest" time="0"/>
  <testcase name="testUrlsFromFile[1788]" classname="org.owasp.esapi.reference.ExtensiveEncoderURITest" time="0.001"/>
  <testcase name="testUrlsFromFile[1789]" classname="org.owasp.esapi.reference.ExtensiveEncoderURITest" time="0"/>
  <testcase name="testUrlsFromFile[1790]" classname="org.owasp.esapi.reference.ExtensiveEncoderURITest" time="0"/>
  <testcase name="testUrlsFromFile[1791]" classname="org.owasp.esapi.reference.ExtensiveEncoderURITest" time="0.001"/>
  <testcase name="testUrlsFromFile[1792]" classname="org.owasp.esapi.reference.ExtensiveEncoderURITest" time="0"/>
  <testcase name="testUrlsFromFile[1793]" classname="org.owasp.esapi.reference.ExtensiveEncoderURITest" time="0.001"/>
  <testcase name="testUrlsFromFile[1794]" classname="org.owasp.esapi.reference.ExtensiveEncoderURITest" time="0"/>
  <testcase name="testUrlsFromFile[1795]" classname="org.owasp.esapi.reference.ExtensiveEncoderURITest" time="0"/>
  <testcase name="testUrlsFromFile[1796]" classname="org.owasp.esapi.reference.ExtensiveEncoderURITest" time="0.001"/>
  <testcase name="testUrlsFromFile[1797]" classname="org.owasp.esapi.reference.ExtensiveEncoderURITest" time="0"/>
  <testcase name="testUrlsFromFile[1798]" classname="org.owasp.esapi.reference.ExtensiveEncoderURITest" time="0.001"/>
  <testcase name="testUrlsFromFile[1799]" classname="org.owasp.esapi.reference.ExtensiveEncoderURITest" time="0"/>
  <testcase name="testUrlsFromFile[1800]" classname="org.owasp.esapi.reference.ExtensiveEncoderURITest" time="0"/>
  <testcase name="testUrlsFromFile[1801]" classname="org.owasp.esapi.reference.ExtensiveEncoderURITest" time="0.001"/>
  <testcase name="testUrlsFromFile[1802]" classname="org.owasp.esapi.reference.ExtensiveEncoderURITest" time="0"/>
  <testcase name="testUrlsFromFile[1803]" classname="org.owasp.esapi.reference.ExtensiveEncoderURITest" time="0"/>
  <testcase name="testUrlsFromFile[1804]" classname="org.owasp.esapi.reference.ExtensiveEncoderURITest" time="0.001"/>
  <testcase name="testUrlsFromFile[1805]" classname="org.owasp.esapi.reference.ExtensiveEncoderURITest" time="0"/>
  <testcase name="testUrlsFromFile[1806]" classname="org.owasp.esapi.reference.ExtensiveEncoderURITest" time="0"/>
  <testcase name="testUrlsFromFile[1807]" classname="org.owasp.esapi.reference.ExtensiveEncoderURITest" time="0.001"/>
  <testcase name="testUrlsFromFile[1808]" classname="org.owasp.esapi.reference.ExtensiveEncoderURITest" time="0"/>
  <testcase name="testUrlsFromFile[1809]" classname="org.owasp.esapi.reference.ExtensiveEncoderURITest" time="0"/>
  <testcase name="testUrlsFromFile[1810]" classname="org.owasp.esapi.reference.ExtensiveEncoderURITest" time="0.001"/>
  <testcase name="testUrlsFromFile[1811]" classname="org.owasp.esapi.reference.ExtensiveEncoderURITest" time="0"/>
  <testcase name="testUrlsFromFile[1812]" classname="org.owasp.esapi.reference.ExtensiveEncoderURITest" time="0"/>
  <testcase name="testUrlsFromFile[1813]" classname="org.owasp.esapi.reference.ExtensiveEncoderURITest" time="0.001"/>
  <testcase name="testUrlsFromFile[1814]" classname="org.owasp.esapi.reference.ExtensiveEncoderURITest" time="0"/>
  <testcase name="testUrlsFromFile[1815]" classname="org.owasp.esapi.reference.ExtensiveEncoderURITest" time="0"/>
  <testcase name="testUrlsFromFile[1816]" classname="org.owasp.esapi.reference.ExtensiveEncoderURITest" time="0.001"/>
  <testcase name="testUrlsFromFile[1817]" classname="org.owasp.esapi.reference.ExtensiveEncoderURITest" time="0"/>
  <testcase name="testUrlsFromFile[1818]" classname="org.owasp.esapi.reference.ExtensiveEncoderURITest" time="0"/>
  <testcase name="testUrlsFromFile[1819]" classname="org.owasp.esapi.reference.ExtensiveEncoderURITest" time="0.001"/>
  <testcase name="testUrlsFromFile[1820]" classname="org.owasp.esapi.reference.ExtensiveEncoderURITest" time="0"/>
  <testcase name="testUrlsFromFile[1821]" classname="org.owasp.esapi.reference.ExtensiveEncoderURITest" time="0"/>
  <testcase name="testUrlsFromFile[1822]" classname="org.owasp.esapi.reference.ExtensiveEncoderURITest" time="0"/>
  <testcase name="testUrlsFromFile[1823]" classname="org.owasp.esapi.reference.ExtensiveEncoderURITest" time="0.001"/>
  <testcase name="testUrlsFromFile[1824]" classname="org.owasp.esapi.reference.ExtensiveEncoderURITest" time="0"/>
  <testcase name="testUrlsFromFile[1825]" classname="org.owasp.esapi.reference.ExtensiveEncoderURITest" time="0"/>
  <testcase name="testUrlsFromFile[1826]" classname="org.owasp.esapi.reference.ExtensiveEncoderURITest" time="0.001"/>
  <testcase name="testUrlsFromFile[1827]" classname="org.owasp.esapi.reference.ExtensiveEncoderURITest" time="0"/>
  <testcase name="testUrlsFromFile[1828]" classname="org.owasp.esapi.reference.ExtensiveEncoderURITest" time="0"/>
  <testcase name="testUrlsFromFile[1829]" classname="org.owasp.esapi.reference.ExtensiveEncoderURITest" time="0"/>
  <testcase name="testUrlsFromFile[1830]" classname="org.owasp.esapi.reference.ExtensiveEncoderURITest" time="0.001"/>
  <testcase name="testUrlsFromFile[1831]" classname="org.owasp.esapi.reference.ExtensiveEncoderURITest" time="0"/>
  <testcase name="testUrlsFromFile[1832]" classname="org.owasp.esapi.reference.ExtensiveEncoderURITest" time="0"/>
  <testcase name="testUrlsFromFile[1833]" classname="org.owasp.esapi.reference.ExtensiveEncoderURITest" time="0.001"/>
  <testcase name="testUrlsFromFile[1834]" classname="org.owasp.esapi.reference.ExtensiveEncoderURITest" time="0"/>
  <testcase name="testUrlsFromFile[1835]" classname="org.owasp.esapi.reference.ExtensiveEncoderURITest" time="0"/>
  <testcase name="testUrlsFromFile[1836]" classname="org.owasp.esapi.reference.ExtensiveEncoderURITest" time="0"/>
  <testcase name="testUrlsFromFile[1837]" classname="org.owasp.esapi.reference.ExtensiveEncoderURITest" time="0.001"/>
  <testcase name="testUrlsFromFile[1838]" classname="org.owasp.esapi.reference.ExtensiveEncoderURITest" time="0"/>
  <testcase name="testUrlsFromFile[1839]" classname="org.owasp.esapi.reference.ExtensiveEncoderURITest" time="0"/>
  <testcase name="testUrlsFromFile[1840]" classname="org.owasp.esapi.reference.ExtensiveEncoderURITest" time="0.001"/>
  <testcase name="testUrlsFromFile[1841]" classname="org.owasp.esapi.reference.ExtensiveEncoderURITest" time="0"/>
  <testcase name="testUrlsFromFile[1842]" classname="org.owasp.esapi.reference.ExtensiveEncoderURITest" time="0"/>
  <testcase name="testUrlsFromFile[1843]" classname="org.owasp.esapi.reference.ExtensiveEncoderURITest" time="0.001"/>
  <testcase name="testUrlsFromFile[1844]" classname="org.owasp.esapi.reference.ExtensiveEncoderURITest" time="0"/>
  <testcase name="testUrlsFromFile[1845]" classname="org.owasp.esapi.reference.ExtensiveEncoderURITest" time="0"/>
  <testcase name="testUrlsFromFile[1846]" classname="org.owasp.esapi.reference.ExtensiveEncoderURITest" time="0"/>
  <testcase name="testUrlsFromFile[1847]" classname="org.owasp.esapi.reference.ExtensiveEncoderURITest" time="0.048"/>
  <testcase name="testUrlsFromFile[1848]" classname="org.owasp.esapi.reference.ExtensiveEncoderURITest" time="0.001"/>
  <testcase name="testUrlsFromFile[1849]" classname="org.owasp.esapi.reference.ExtensiveEncoderURITest" time="0"/>
  <testcase name="testUrlsFromFile[1850]" classname="org.owasp.esapi.reference.ExtensiveEncoderURITest" time="0"/>
  <testcase name="testUrlsFromFile[1851]" classname="org.owasp.esapi.reference.ExtensiveEncoderURITest" time="0.001"/>
  <testcase name="testUrlsFromFile[1852]" classname="org.owasp.esapi.reference.ExtensiveEncoderURITest" time="0"/>
  <testcase name="testUrlsFromFile[1853]" classname="org.owasp.esapi.reference.ExtensiveEncoderURITest" time="0"/>
  <testcase name="testUrlsFromFile[1854]" classname="org.owasp.esapi.reference.ExtensiveEncoderURITest" time="0.001"/>
  <testcase name="testUrlsFromFile[1855]" classname="org.owasp.esapi.reference.ExtensiveEncoderURITest" time="0"/>
  <testcase name="testUrlsFromFile[1856]" classname="org.owasp.esapi.reference.ExtensiveEncoderURITest" time="0.001"/>
  <testcase name="testUrlsFromFile[1857]" classname="org.owasp.esapi.reference.ExtensiveEncoderURITest" time="0"/>
  <testcase name="testUrlsFromFile[1858]" classname="org.owasp.esapi.reference.ExtensiveEncoderURITest" time="0"/>
  <testcase name="testUrlsFromFile[1859]" classname="org.owasp.esapi.reference.ExtensiveEncoderURITest" time="0.001"/>
  <testcase name="testUrlsFromFile[1860]" classname="org.owasp.esapi.reference.ExtensiveEncoderURITest" time="0"/>
  <testcase name="testUrlsFromFile[1861]" classname="org.owasp.esapi.reference.ExtensiveEncoderURITest" time="0"/>
  <testcase name="testUrlsFromFile[1862]" classname="org.owasp.esapi.reference.ExtensiveEncoderURITest" time="0.001"/>
  <testcase name="testUrlsFromFile[1863]" classname="org.owasp.esapi.reference.ExtensiveEncoderURITest" time="0"/>
  <testcase name="testUrlsFromFile[1864]" classname="org.owasp.esapi.reference.ExtensiveEncoderURITest" time="0"/>
  <testcase name="testUrlsFromFile[1865]" classname="org.owasp.esapi.reference.ExtensiveEncoderURITest" time="0.001"/>
  <testcase name="testUrlsFromFile[1866]" classname="org.owasp.esapi.reference.ExtensiveEncoderURITest" time="0"/>
  <testcase name="testUrlsFromFile[1867]" classname="org.owasp.esapi.reference.ExtensiveEncoderURITest" time="0"/>
  <testcase name="testUrlsFromFile[1868]" classname="org.owasp.esapi.reference.ExtensiveEncoderURITest" time="0.001"/>
  <testcase name="testUrlsFromFile[1869]" classname="org.owasp.esapi.reference.ExtensiveEncoderURITest" time="0"/>
  <testcase name="testUrlsFromFile[1870]" classname="org.owasp.esapi.reference.ExtensiveEncoderURITest" time="0"/>
  <testcase name="testUrlsFromFile[1871]" classname="org.owasp.esapi.reference.ExtensiveEncoderURITest" time="0"/>
  <testcase name="testUrlsFromFile[1872]" classname="org.owasp.esapi.reference.ExtensiveEncoderURITest" time="0"/>
  <testcase name="testUrlsFromFile[1873]" classname="org.owasp.esapi.reference.ExtensiveEncoderURITest" time="0"/>
  <testcase name="testUrlsFromFile[1874]" classname="org.owasp.esapi.reference.ExtensiveEncoderURITest" time="0.001"/>
  <testcase name="testUrlsFromFile[1875]" classname="org.owasp.esapi.reference.ExtensiveEncoderURITest" time="0"/>
  <testcase name="testUrlsFromFile[1876]" classname="org.owasp.esapi.reference.ExtensiveEncoderURITest" time="0"/>
  <testcase name="testUrlsFromFile[1877]" classname="org.owasp.esapi.reference.ExtensiveEncoderURITest" time="0.001"/>
  <testcase name="testUrlsFromFile[1878]" classname="org.owasp.esapi.reference.ExtensiveEncoderURITest" time="0"/>
  <testcase name="testUrlsFromFile[1879]" classname="org.owasp.esapi.reference.ExtensiveEncoderURITest" time="0"/>
  <testcase name="testUrlsFromFile[1880]" classname="org.owasp.esapi.reference.ExtensiveEncoderURITest" time="0.001"/>
  <testcase name="testUrlsFromFile[1881]" classname="org.owasp.esapi.reference.ExtensiveEncoderURITest" time="0"/>
  <testcase name="testUrlsFromFile[1882]" classname="org.owasp.esapi.reference.ExtensiveEncoderURITest" time="0"/>
  <testcase name="testUrlsFromFile[1883]" classname="org.owasp.esapi.reference.ExtensiveEncoderURITest" time="0.001"/>
  <testcase name="testUrlsFromFile[1884]" classname="org.owasp.esapi.reference.ExtensiveEncoderURITest" time="0"/>
  <testcase name="testUrlsFromFile[1885]" classname="org.owasp.esapi.reference.ExtensiveEncoderURITest" time="0.001"/>
  <testcase name="testUrlsFromFile[1886]" classname="org.owasp.esapi.reference.ExtensiveEncoderURITest" time="0"/>
  <testcase name="testUrlsFromFile[1887]" classname="org.owasp.esapi.reference.ExtensiveEncoderURITest" time="0"/>
  <testcase name="testUrlsFromFile[1888]" classname="org.owasp.esapi.reference.ExtensiveEncoderURITest" time="0"/>
  <testcase name="testUrlsFromFile[1889]" classname="org.owasp.esapi.reference.ExtensiveEncoderURITest" time="0.001"/>
  <testcase name="testUrlsFromFile[1890]" classname="org.owasp.esapi.reference.ExtensiveEncoderURITest" time="0"/>
  <testcase name="testUrlsFromFile[1891]" classname="org.owasp.esapi.reference.ExtensiveEncoderURITest" time="0"/>
  <testcase name="testUrlsFromFile[1892]" classname="org.owasp.esapi.reference.ExtensiveEncoderURITest" time="0.001"/>
  <testcase name="testUrlsFromFile[1893]" classname="org.owasp.esapi.reference.ExtensiveEncoderURITest" time="0"/>
  <testcase name="testUrlsFromFile[1894]" classname="org.owasp.esapi.reference.ExtensiveEncoderURITest" time="0.001"/>
  <testcase name="testUrlsFromFile[1895]" classname="org.owasp.esapi.reference.ExtensiveEncoderURITest" time="0"/>
  <testcase name="testUrlsFromFile[1896]" classname="org.owasp.esapi.reference.ExtensiveEncoderURITest" time="0"/>
  <testcase name="testUrlsFromFile[1897]" classname="org.owasp.esapi.reference.ExtensiveEncoderURITest" time="0.001"/>
  <testcase name="testUrlsFromFile[1898]" classname="org.owasp.esapi.reference.ExtensiveEncoderURITest" time="0"/>
  <testcase name="testUrlsFromFile[1899]" classname="org.owasp.esapi.reference.ExtensiveEncoderURITest" time="0"/>
  <testcase name="testUrlsFromFile[1900]" classname="org.owasp.esapi.reference.ExtensiveEncoderURITest" time="0.001"/>
  <testcase name="testUrlsFromFile[1901]" classname="org.owasp.esapi.reference.ExtensiveEncoderURITest" time="0"/>
  <testcase name="testUrlsFromFile[1902]" classname="org.owasp.esapi.reference.ExtensiveEncoderURITest" time="0"/>
  <testcase name="testUrlsFromFile[1903]" classname="org.owasp.esapi.reference.ExtensiveEncoderURITest" time="0.001"/>
  <testcase name="testUrlsFromFile[1904]" classname="org.owasp.esapi.reference.ExtensiveEncoderURITest" time="0"/>
  <testcase name="testUrlsFromFile[1905]" classname="org.owasp.esapi.reference.ExtensiveEncoderURITest" time="0"/>
  <testcase name="testUrlsFromFile[1906]" classname="org.owasp.esapi.reference.ExtensiveEncoderURITest" time="0"/>
  <testcase name="testUrlsFromFile[1907]" classname="org.owasp.esapi.reference.ExtensiveEncoderURITest" time="0.001"/>
  <testcase name="testUrlsFromFile[1908]" classname="org.owasp.esapi.reference.ExtensiveEncoderURITest" time="0"/>
  <testcase name="testUrlsFromFile[1909]" classname="org.owasp.esapi.reference.ExtensiveEncoderURITest" time="0"/>
  <testcase name="testUrlsFromFile[1910]" classname="org.owasp.esapi.reference.ExtensiveEncoderURITest" time="0.001"/>
  <testcase name="testUrlsFromFile[1911]" classname="org.owasp.esapi.reference.ExtensiveEncoderURITest" time="0"/>
  <testcase name="testUrlsFromFile[1912]" classname="org.owasp.esapi.reference.ExtensiveEncoderURITest" time="0"/>
  <testcase name="testUrlsFromFile[1913]" classname="org.owasp.esapi.reference.ExtensiveEncoderURITest" time="0.001"/>
  <testcase name="testUrlsFromFile[1914]" classname="org.owasp.esapi.reference.ExtensiveEncoderURITest" time="0"/>
  <testcase name="testUrlsFromFile[1915]" classname="org.owasp.esapi.reference.ExtensiveEncoderURITest" time="0.001"/>
  <testcase name="testUrlsFromFile[1916]" classname="org.owasp.esapi.reference.ExtensiveEncoderURITest" time="0"/>
  <testcase name="testUrlsFromFile[1917]" classname="org.owasp.esapi.reference.ExtensiveEncoderURITest" time="0"/>
  <testcase name="testUrlsFromFile[1918]" classname="org.owasp.esapi.reference.ExtensiveEncoderURITest" time="0.001"/>
  <testcase name="testUrlsFromFile[1919]" classname="org.owasp.esapi.reference.ExtensiveEncoderURITest" time="0"/>
  <testcase name="testUrlsFromFile[1920]" classname="org.owasp.esapi.reference.ExtensiveEncoderURITest" time="0"/>
  <testcase name="testUrlsFromFile[1921]" classname="org.owasp.esapi.reference.ExtensiveEncoderURITest" time="0.001"/>
  <testcase name="testUrlsFromFile[1922]" classname="org.owasp.esapi.reference.ExtensiveEncoderURITest" time="0"/>
  <testcase name="testUrlsFromFile[1923]" classname="org.owasp.esapi.reference.ExtensiveEncoderURITest" time="0"/>
  <testcase name="testUrlsFromFile[1924]" classname="org.owasp.esapi.reference.ExtensiveEncoderURITest" time="0.001"/>
  <testcase name="testUrlsFromFile[1925]" classname="org.owasp.esapi.reference.ExtensiveEncoderURITest" time="0"/>
  <testcase name="testUrlsFromFile[1926]" classname="org.owasp.esapi.reference.ExtensiveEncoderURITest" time="0.006"/>
  <testcase name="testUrlsFromFile[1927]" classname="org.owasp.esapi.reference.ExtensiveEncoderURITest" time="0"/>
  <testcase name="testUrlsFromFile[1928]" classname="org.owasp.esapi.reference.ExtensiveEncoderURITest" time="0.001"/>
  <testcase name="testUrlsFromFile[1929]" classname="org.owasp.esapi.reference.ExtensiveEncoderURITest" time="0"/>
  <testcase name="testUrlsFromFile[1930]" classname="org.owasp.esapi.reference.ExtensiveEncoderURITest" time="0.001"/>
  <testcase name="testUrlsFromFile[1931]" classname="org.owasp.esapi.reference.ExtensiveEncoderURITest" time="0"/>
  <testcase name="testUrlsFromFile[1932]" classname="org.owasp.esapi.reference.ExtensiveEncoderURITest" time="0"/>
  <testcase name="testUrlsFromFile[1933]" classname="org.owasp.esapi.reference.ExtensiveEncoderURITest" time="0.001"/>
  <testcase name="testUrlsFromFile[1934]" classname="org.owasp.esapi.reference.ExtensiveEncoderURITest" time="0"/>
  <testcase name="testUrlsFromFile[1935]" classname="org.owasp.esapi.reference.ExtensiveEncoderURITest" time="0.001"/>
  <testcase name="testUrlsFromFile[1936]" classname="org.owasp.esapi.reference.ExtensiveEncoderURITest" time="0"/>
  <testcase name="testUrlsFromFile[1937]" classname="org.owasp.esapi.reference.ExtensiveEncoderURITest" time="0.001"/>
  <testcase name="testUrlsFromFile[1938]" classname="org.owasp.esapi.reference.ExtensiveEncoderURITest" time="0"/>
  <testcase name="testUrlsFromFile[1939]" classname="org.owasp.esapi.reference.ExtensiveEncoderURITest" time="0.001"/>
  <testcase name="testUrlsFromFile[1940]" classname="org.owasp.esapi.reference.ExtensiveEncoderURITest" time="0"/>
  <testcase name="testUrlsFromFile[1941]" classname="org.owasp.esapi.reference.ExtensiveEncoderURITest" time="0"/>
  <testcase name="testUrlsFromFile[1942]" classname="org.owasp.esapi.reference.ExtensiveEncoderURITest" time="0.001"/>
  <testcase name="testUrlsFromFile[1943]" classname="org.owasp.esapi.reference.ExtensiveEncoderURITest" time="0"/>
  <testcase name="testUrlsFromFile[1944]" classname="org.owasp.esapi.reference.ExtensiveEncoderURITest" time="0.001"/>
  <testcase name="testUrlsFromFile[1945]" classname="org.owasp.esapi.reference.ExtensiveEncoderURITest" time="0"/>
  <testcase name="testUrlsFromFile[1946]" classname="org.owasp.esapi.reference.ExtensiveEncoderURITest" time="0.001"/>
  <testcase name="testUrlsFromFile[1947]" classname="org.owasp.esapi.reference.ExtensiveEncoderURITest" time="0"/>
  <testcase name="testUrlsFromFile[1948]" classname="org.owasp.esapi.reference.ExtensiveEncoderURITest" time="0"/>
  <testcase name="testUrlsFromFile[1949]" classname="org.owasp.esapi.reference.ExtensiveEncoderURITest" time="0.001"/>
  <testcase name="testUrlsFromFile[1950]" classname="org.owasp.esapi.reference.ExtensiveEncoderURITest" time="0"/>
  <testcase name="testUrlsFromFile[1951]" classname="org.owasp.esapi.reference.ExtensiveEncoderURITest" time="0.001"/>
  <testcase name="testUrlsFromFile[1952]" classname="org.owasp.esapi.reference.ExtensiveEncoderURITest" time="0"/>
  <testcase name="testUrlsFromFile[1953]" classname="org.owasp.esapi.reference.ExtensiveEncoderURITest" time="0"/>
  <testcase name="testUrlsFromFile[1954]" classname="org.owasp.esapi.reference.ExtensiveEncoderURITest" time="0.001"/>
  <testcase name="testUrlsFromFile[1955]" classname="org.owasp.esapi.reference.ExtensiveEncoderURITest" time="0"/>
  <testcase name="testUrlsFromFile[1956]" classname="org.owasp.esapi.reference.ExtensiveEncoderURITest" time="0"/>
  <testcase name="testUrlsFromFile[1957]" classname="org.owasp.esapi.reference.ExtensiveEncoderURITest" time="0.001"/>
  <testcase name="testUrlsFromFile[1958]" classname="org.owasp.esapi.reference.ExtensiveEncoderURITest" time="0"/>
  <testcase name="testUrlsFromFile[1959]" classname="org.owasp.esapi.reference.ExtensiveEncoderURITest" time="0"/>
  <testcase name="testUrlsFromFile[1960]" classname="org.owasp.esapi.reference.ExtensiveEncoderURITest" time="0.001"/>
  <testcase name="testUrlsFromFile[1961]" classname="org.owasp.esapi.reference.ExtensiveEncoderURITest" time="0"/>
  <testcase name="testUrlsFromFile[1962]" classname="org.owasp.esapi.reference.ExtensiveEncoderURITest" time="0"/>
  <testcase name="testUrlsFromFile[1963]" classname="org.owasp.esapi.reference.ExtensiveEncoderURITest" time="0.001"/>
  <testcase name="testUrlsFromFile[1964]" classname="org.owasp.esapi.reference.ExtensiveEncoderURITest" time="0"/>
  <testcase name="testUrlsFromFile[1965]" classname="org.owasp.esapi.reference.ExtensiveEncoderURITest" time="0"/>
  <testcase name="testUrlsFromFile[1966]" classname="org.owasp.esapi.reference.ExtensiveEncoderURITest" time="0.001"/>
  <testcase name="testUrlsFromFile[1967]" classname="org.owasp.esapi.reference.ExtensiveEncoderURITest" time="0"/>
  <testcase name="testUrlsFromFile[1968]" classname="org.owasp.esapi.reference.ExtensiveEncoderURITest" time="0.001"/>
  <testcase name="testUrlsFromFile[1969]" classname="org.owasp.esapi.reference.ExtensiveEncoderURITest" time="0"/>
  <testcase name="testUrlsFromFile[1970]" classname="org.owasp.esapi.reference.ExtensiveEncoderURITest" time="0"/>
  <testcase name="testUrlsFromFile[1971]" classname="org.owasp.esapi.reference.ExtensiveEncoderURITest" time="0.001"/>
  <testcase name="testUrlsFromFile[1972]" classname="org.owasp.esapi.reference.ExtensiveEncoderURITest" time="0"/>
  <testcase name="testUrlsFromFile[1973]" classname="org.owasp.esapi.reference.ExtensiveEncoderURITest" time="0"/>
  <testcase name="testUrlsFromFile[1974]" classname="org.owasp.esapi.reference.ExtensiveEncoderURITest" time="0.001"/>
  <testcase name="testUrlsFromFile[1975]" classname="org.owasp.esapi.reference.ExtensiveEncoderURITest" time="0"/>
  <testcase name="testUrlsFromFile[1976]" classname="org.owasp.esapi.reference.ExtensiveEncoderURITest" time="0"/>
  <testcase name="testUrlsFromFile[1977]" classname="org.owasp.esapi.reference.ExtensiveEncoderURITest" time="0.001"/>
  <testcase name="testUrlsFromFile[1978]" classname="org.owasp.esapi.reference.ExtensiveEncoderURITest" time="0"/>
  <testcase name="testUrlsFromFile[1979]" classname="org.owasp.esapi.reference.ExtensiveEncoderURITest" time="0"/>
  <testcase name="testUrlsFromFile[1980]" classname="org.owasp.esapi.reference.ExtensiveEncoderURITest" time="0.001"/>
  <testcase name="testUrlsFromFile[1981]" classname="org.owasp.esapi.reference.ExtensiveEncoderURITest" time="0"/>
  <testcase name="testUrlsFromFile[1982]" classname="org.owasp.esapi.reference.ExtensiveEncoderURITest" time="0"/>
  <testcase name="testUrlsFromFile[1983]" classname="org.owasp.esapi.reference.ExtensiveEncoderURITest" time="0.001"/>
  <testcase name="testUrlsFromFile[1984]" classname="org.owasp.esapi.reference.ExtensiveEncoderURITest" time="0"/>
  <testcase name="testUrlsFromFile[1985]" classname="org.owasp.esapi.reference.ExtensiveEncoderURITest" time="0.001"/>
  <testcase name="testUrlsFromFile[1986]" classname="org.owasp.esapi.reference.ExtensiveEncoderURITest" time="0"/>
  <testcase name="testUrlsFromFile[1987]" classname="org.owasp.esapi.reference.ExtensiveEncoderURITest" time="0"/>
  <testcase name="testUrlsFromFile[1988]" classname="org.owasp.esapi.reference.ExtensiveEncoderURITest" time="0.001"/>
  <testcase name="testUrlsFromFile[1989]" classname="org.owasp.esapi.reference.ExtensiveEncoderURITest" time="0"/>
  <testcase name="testUrlsFromFile[1990]" classname="org.owasp.esapi.reference.ExtensiveEncoderURITest" time="0"/>
  <testcase name="testUrlsFromFile[1991]" classname="org.owasp.esapi.reference.ExtensiveEncoderURITest" time="0.001"/>
  <testcase name="testUrlsFromFile[1992]" classname="org.owasp.esapi.reference.ExtensiveEncoderURITest" time="0"/>
  <testcase name="testUrlsFromFile[1993]" classname="org.owasp.esapi.reference.ExtensiveEncoderURITest" time="0"/>
  <testcase name="testUrlsFromFile[1994]" classname="org.owasp.esapi.reference.ExtensiveEncoderURITest" time="0.001"/>
  <testcase name="testUrlsFromFile[1995]" classname="org.owasp.esapi.reference.ExtensiveEncoderURITest" time="0"/>
  <testcase name="testUrlsFromFile[1996]" classname="org.owasp.esapi.reference.ExtensiveEncoderURITest" time="0"/>
  <testcase name="testUrlsFromFile[1997]" classname="org.owasp.esapi.reference.ExtensiveEncoderURITest" time="0"/>
  <testcase name="testUrlsFromFile[1998]" classname="org.owasp.esapi.reference.ExtensiveEncoderURITest" time="0"/>
  <testcase name="testUrlsFromFile[1999]" classname="org.owasp.esapi.reference.ExtensiveEncoderURITest" time="0.001"/>
  <testcase name="testUrlsFromFile[2000]" classname="org.owasp.esapi.reference.ExtensiveEncoderURITest" time="0"/>
  <testcase name="testUrlsFromFile[2001]" classname="org.owasp.esapi.reference.ExtensiveEncoderURITest" time="0"/>
  <testcase name="testUrlsFromFile[2002]" classname="org.owasp.esapi.reference.ExtensiveEncoderURITest" time="0.001"/>
  <testcase name="testUrlsFromFile[2003]" classname="org.owasp.esapi.reference.ExtensiveEncoderURITest" time="0"/>
  <testcase name="testUrlsFromFile[2004]" classname="org.owasp.esapi.reference.ExtensiveEncoderURITest" time="0"/>
</testsuite>