<?xml version="1.0" encoding="UTF-8"?>
<testsuite xmlns:xsi="http://www.w3.org/2001/XMLSchema-instance" xsi:schemaLocation="https://maven.apache.org/surefire/maven-surefire-plugin/xsd/surefire-test-report.xsd" name="ee.ioc.cs.vsle.parser.VariableDeclarationTest" time="0.175" tests="58" errors="0" skipped="17" failures="0">
  <properties>
    <property name="java.runtime.name" value="OpenJDK Runtime Environment"/>
    <property name="sun.boot.library.path" value="/usr/local/openjdk-8/jre/lib/amd64"/>
    <property name="java.vm.version" value="25.262-b10"/>
    <property name="animal.sniffer.skip" value="true"/>
    <property name="java.vm.vendor" value="Oracle Corporation"/>
    <property name="maven.multiModuleProjectDirectory" value="/tmp/tmp12dv0njw/CoCoViLa"/>
    <property name="maven.javadoc.skip" value="true"/>
    <property name="java.vendor.url" value="http://java.oracle.com/"/>
    <property name="path.separator" value=":"/>
    <property name="guice.disable.misplaced.annotation.check" value="true"/>
    <property name="java.vm.name" value="OpenJDK 64-Bit Server VM"/>
    <property name="file.encoding.pkg" value="sun.io"/>
    <property name="sun.java.launcher" value="SUN_STANDARD"/>
    <property name="sun.os.patch.level" value="unknown"/>
    <property name="source.skip" value="true"/>
    <property name="java.vm.specification.name" value="Java Virtual Machine Specification"/>
    <property name="user.dir" value="/tmp/tmp12dv0njw/CoCoViLa"/>
    <property name="java.runtime.version" value="1.8.0_262-b10"/>
    <property name="java.awt.graphicsenv" value="sun.awt.X11GraphicsEnvironment"/>
    <property name="java.endorsed.dirs" value="/usr/local/openjdk-8/jre/lib/endorsed"/>
    <property name="os.arch" value="amd64"/>
    <property name="java.io.tmpdir" value="/tmp"/>
    <property name="line.separator" value="&#10;"/>
    <property name="java.vm.specification.vendor" value="Oracle Corporation"/>
    <property name="os.name" value="Linux"/>
    <property name="classworlds.conf" value="/usr/share/maven/bin/m2.conf"/>
    <property name="sun.jnu.encoding" value="UTF-8"/>
    <property name="java.library.path" value="/usr/java/packages/lib/amd64:/usr/lib64:/lib64:/lib:/usr/lib"/>
    <property name="license.skip" value="true"/>
    <property name="maven.conf" value="/usr/share/maven/conf"/>
    <property name="java.specification.name" value="Java Platform API Specification"/>
    <property name="java.class.version" value="52.0"/>
    <property name="sun.management.compiler" value="HotSpot 64-Bit Tiered Compilers"/>
    <property name="maven.test.failure.ignore" value="true"/>
    <property name="os.version" value="4.15.0-109-generic"/>
    <property name="library.jansi.path" value="/usr/share/maven/lib/jansi-native"/>
    <property name="user.home" value="/home/jdbl"/>
    <property name="user.timezone" value="Etc/UTC"/>
    <property name="java.awt.printerjob" value="sun.print.PSPrinterJob"/>
    <property name="java.specification.version" value="1.8"/>
    <property name="file.encoding" value="UTF-8"/>
    <property name="user.name" value="jdbl"/>
    <property name="java.class.path" value="/usr/share/maven/boot/plexus-classworlds-2.6.0.jar"/>
    <property name="java.vm.specification.version" value="1.8"/>
    <property name="sun.arch.data.model" value="64"/>
    <property name="java.home" value="/usr/local/openjdk-8/jre"/>
    <property name="sun.java.command" value="org.codehaus.plexus.classworlds.launcher.Launcher test -e --fail-never -ntp -Dmaven.test.failure.ignore=true -B -Dmaven.javadoc.skip=true -Drat.skip=true -Danimal.sniffer.skip=true -Dmaven.javadoc.skip=true -Dlicense.skip=true -Dsource.skip=true"/>
    <property name="java.specification.vendor" value="Oracle Corporation"/>
    <property name="user.language" value="en"/>
    <property name="awt.toolkit" value="sun.awt.X11.XToolkit"/>
    <property name="java.vm.info" value="mixed mode"/>
    <property name="java.version" value="1.8.0_262"/>
    <property name="java.ext.dirs" value="/usr/local/openjdk-8/jre/lib/ext:/usr/java/packages/lib/ext"/>
    <property name="securerandom.source" value="file:/dev/./urandom"/>
    <property name="sun.boot.class.path" value="/usr/local/openjdk-8/jre/lib/resources.jar:/usr/local/openjdk-8/jre/lib/rt.jar:/usr/local/openjdk-8/jre/lib/sunrsasign.jar:/usr/local/openjdk-8/jre/lib/jsse.jar:/usr/local/openjdk-8/jre/lib/jce.jar:/usr/local/openjdk-8/jre/lib/charsets.jar:/usr/local/openjdk-8/jre/lib/jfr.jar:/usr/local/openjdk-8/jre/classes"/>
    <property name="java.vendor" value="Oracle Corporation"/>
    <property name="rat.skip" value="true"/>
    <property name="maven.home" value="/usr/share/maven"/>
    <property name="file.separator" value="/"/>
    <property name="java.vendor.url.bug" value="http://bugreport.sun.com/bugreport/"/>
    <property name="sun.cpu.endian" value="little"/>
    <property name="sun.io.unicode.encoding" value="UnicodeLittle"/>
    <property name="sun.cpu.isalist" value=""/>
  </properties>
  <testcase name="testPrimitiveBooleanTypeDeclaration_withAssignment[ANTLR parser]" classname="ee.ioc.cs.vsle.parser.VariableDeclarationTest" time="0"/>
  <testcase name="testStringDeclaration_newInstance_oneLine[ANTLR parser]" classname="ee.ioc.cs.vsle.parser.VariableDeclarationTest" time="0.007"/>
  <testcase name="testPrimitiveTypeDeclaration_withExtraComma[ANTLR parser]" classname="ee.ioc.cs.vsle.parser.VariableDeclarationTest" time="0.001"/>
  <testcase name="testConstantPrimitiveTypeDeclaration_noAssignment[ANTLR parser]" classname="ee.ioc.cs.vsle.parser.VariableDeclarationTest" time="0.002"/>
  <testcase name="testPrimitiveTypeDeclaration_twoVarsInOneLine[ANTLR parser]" classname="ee.ioc.cs.vsle.parser.VariableDeclarationTest" time="0.002"/>
  <testcase name="testMetaclassDeclaration_inlineFaultyAssignment[ANTLR parser]" classname="ee.ioc.cs.vsle.parser.VariableDeclarationTest" time="0.001"/>
  <testcase name="testDoubleDeclaration_varAndAlias[ANTLR parser]" classname="ee.ioc.cs.vsle.parser.VariableDeclarationTest" time="0.001"/>
  <testcase name="testPrimitiveBooleanTypeDeclaration_separateDeclAndAssignment[ANTLR parser]" classname="ee.ioc.cs.vsle.parser.VariableDeclarationTest" time="0.005"/>
  <testcase name="testPrimitiveCharTypeDeclaration_withAssignment[ANTLR parser]" classname="ee.ioc.cs.vsle.parser.VariableDeclarationTest" time="0.001"/>
  <testcase name="testJavaTypeDeclaration_withAssignment[ANTLR parser]" classname="ee.ioc.cs.vsle.parser.VariableDeclarationTest" time="0.007"/>
  <testcase name="testJavaTypeDeclaration_singleVar[ANTLR parser]" classname="ee.ioc.cs.vsle.parser.VariableDeclarationTest" time="0"/>
  <testcase name="testMetaclassDeclaration_inlineAssignments[ANTLR parser]" classname="ee.ioc.cs.vsle.parser.VariableDeclarationTest" time="0.001"/>
  <testcase name="testDoubleDeclaration_twoVars[ANTLR parser]" classname="ee.ioc.cs.vsle.parser.VariableDeclarationTest" time="0.003"/>
  <testcase name="testStringDeclaration_newInstance_separateDeclAndAssignment[ANTLR parser]" classname="ee.ioc.cs.vsle.parser.VariableDeclarationTest" time="0"/>
  <testcase name="testConstantPrimitiveTypeDeclaration_withAssignment[ANTLR parser]" classname="ee.ioc.cs.vsle.parser.VariableDeclarationTest" time="0.004"/>
  <testcase name="testJavaTypeDeclaration_fullyQualified[ANTLR parser]" classname="ee.ioc.cs.vsle.parser.VariableDeclarationTest" time="0.004"/>
  <testcase name="testDoubleDeclaration_constAndVar[ANTLR parser]" classname="ee.ioc.cs.vsle.parser.VariableDeclarationTest" time="0"/>
  <testcase name="testStringDeclaration_literalAssignment_withNestedQuotes[ANTLR parser]" classname="ee.ioc.cs.vsle.parser.VariableDeclarationTest" time="0.001"/>
  <testcase name="testConstantPrimitiveTypeDeclaration_withAssignmentFromExternalClass[ANTLR parser]" classname="ee.ioc.cs.vsle.parser.VariableDeclarationTest" time="0.001"/>
  <testcase name="testMetaclassDeclaration_inlineAssignmentsWithExpressions[ANTLR parser]" classname="ee.ioc.cs.vsle.parser.VariableDeclarationTest" time="0.037"/>
  <testcase name="testPrimitiveArrayDeclaration_ints[ANTLR parser]" classname="ee.ioc.cs.vsle.parser.VariableDeclarationTest" time="0.006"/>
  <testcase name="testStaticPrimitiveTypeDeclaration_twoVarsInOneLine[ANTLR parser]" classname="ee.ioc.cs.vsle.parser.VariableDeclarationTest" time="0.004"/>
  <testcase name="testMetaclassDeclaration[ANTLR parser]" classname="ee.ioc.cs.vsle.parser.VariableDeclarationTest" time="0.002"/>
  <testcase name="testJavaTypeDeclaration_withGenericsAndDiamond[ANTLR parser]" classname="ee.ioc.cs.vsle.parser.VariableDeclarationTest" time="0.009"/>
  <testcase name="testStringArrayDeclaration[ANTLR parser]" classname="ee.ioc.cs.vsle.parser.VariableDeclarationTest" time="0.001"/>
  <testcase name="testStringDeclaration_literalAssignment_separateLine[ANTLR parser]" classname="ee.ioc.cs.vsle.parser.VariableDeclarationTest" time="0.001"/>
  <testcase name="testVoidTypeDeclaration[ANTLR parser]" classname="ee.ioc.cs.vsle.parser.VariableDeclarationTest" time="0.001"/>
  <testcase name="testPrimitiveCharTypeDeclaration_separateDeclAndAssignment[ANTLR parser]" classname="ee.ioc.cs.vsle.parser.VariableDeclarationTest" time="0.003"/>
  <testcase name="testStringDeclaration_literalAssignment[ANTLR parser]" classname="ee.ioc.cs.vsle.parser.VariableDeclarationTest" time="0.001"/>
  <testcase name="testPrimitiveBooleanTypeDeclaration_withAssignment[REGEX parser]" classname="ee.ioc.cs.vsle.parser.VariableDeclarationTest" time="0">
    <skipped/>
  </testcase>
  <testcase name="testStringDeclaration_newInstance_oneLine[REGEX parser]" classname="ee.ioc.cs.vsle.parser.VariableDeclarationTest" time="0">
    <skipped/>
  </testcase>
  <testcase name="testPrimitiveTypeDeclaration_withExtraComma[REGEX parser]" classname="ee.ioc.cs.vsle.parser.VariableDeclarationTest" time="0"/>
  <testcase name="testConstantPrimitiveTypeDeclaration_noAssignment[REGEX parser]" classname="ee.ioc.cs.vsle.parser.VariableDeclarationTest" time="0"/>
  <testcase name="testPrimitiveTypeDeclaration_twoVarsInOneLine[REGEX parser]" classname="ee.ioc.cs.vsle.parser.VariableDeclarationTest" time="0">
    <skipped/>
  </testcase>
  <testcase name="testMetaclassDeclaration_inlineFaultyAssignment[REGEX parser]" classname="ee.ioc.cs.vsle.parser.VariableDeclarationTest" time="0"/>
  <testcase name="testDoubleDeclaration_varAndAlias[REGEX parser]" classname="ee.ioc.cs.vsle.parser.VariableDeclarationTest" time="0"/>
  <testcase name="testPrimitiveBooleanTypeDeclaration_separateDeclAndAssignment[REGEX parser]" classname="ee.ioc.cs.vsle.parser.VariableDeclarationTest" time="0">
    <skipped/>
  </testcase>
  <testcase name="testPrimitiveCharTypeDeclaration_withAssignment[REGEX parser]" classname="ee.ioc.cs.vsle.parser.VariableDeclarationTest" time="0">
    <skipped/>
  </testcase>
  <testcase name="testJavaTypeDeclaration_withAssignment[REGEX parser]" classname="ee.ioc.cs.vsle.parser.VariableDeclarationTest" time="0">
    <skipped/>
  </testcase>
  <testcase name="testJavaTypeDeclaration_singleVar[REGEX parser]" classname="ee.ioc.cs.vsle.parser.VariableDeclarationTest" time="0.001"/>
  <testcase name="testMetaclassDeclaration_inlineAssignments[REGEX parser]" classname="ee.ioc.cs.vsle.parser.VariableDeclarationTest" time="0">
    <skipped/>
  </testcase>
  <testcase name="testDoubleDeclaration_twoVars[REGEX parser]" classname="ee.ioc.cs.vsle.parser.VariableDeclarationTest" time="0.001"/>
  <testcase name="testStringDeclaration_newInstance_separateDeclAndAssignment[REGEX parser]" classname="ee.ioc.cs.vsle.parser.VariableDeclarationTest" time="0.003"/>
  <testcase name="testConstantPrimitiveTypeDeclaration_withAssignment[REGEX parser]" classname="ee.ioc.cs.vsle.parser.VariableDeclarationTest" time="0.001"/>
  <testcase name="testJavaTypeDeclaration_fullyQualified[REGEX parser]" classname="ee.ioc.cs.vsle.parser.VariableDeclarationTest" time="0">
    <skipped/>
  </testcase>
  <testcase name="testDoubleDeclaration_constAndVar[REGEX parser]" classname="ee.ioc.cs.vsle.parser.VariableDeclarationTest" time="0.005"/>
  <testcase name="testStringDeclaration_literalAssignment_withNestedQuotes[REGEX parser]" classname="ee.ioc.cs.vsle.parser.VariableDeclarationTest" time="0">
    <skipped/>
  </testcase>
  <testcase name="testConstantPrimitiveTypeDeclaration_withAssignmentFromExternalClass[REGEX parser]" classname="ee.ioc.cs.vsle.parser.VariableDeclarationTest" time="0.001"/>
  <testcase name="testMetaclassDeclaration_inlineAssignmentsWithExpressions[REGEX parser]" classname="ee.ioc.cs.vsle.parser.VariableDeclarationTest" time="0">
    <skipped/>
  </testcase>
  <testcase name="testPrimitiveArrayDeclaration_ints[REGEX parser]" classname="ee.ioc.cs.vsle.parser.VariableDeclarationTest" time="0">
    <skipped/>
  </testcase>
  <testcase name="testStaticPrimitiveTypeDeclaration_twoVarsInOneLine[REGEX parser]" classname="ee.ioc.cs.vsle.parser.VariableDeclarationTest" time="0">
    <skipped/>
  </testcase>
  <testcase name="testMetaclassDeclaration[REGEX parser]" classname="ee.ioc.cs.vsle.parser.VariableDeclarationTest" time="0.001"/>
  <testcase name="testJavaTypeDeclaration_withGenericsAndDiamond[REGEX parser]" classname="ee.ioc.cs.vsle.parser.VariableDeclarationTest" time="0">
    <skipped/>
  </testcase>
  <testcase name="testStringArrayDeclaration[REGEX parser]" classname="ee.ioc.cs.vsle.parser.VariableDeclarationTest" time="0">
    <skipped/>
  </testcase>
  <testcase name="testStringDeclaration_literalAssignment_separateLine[REGEX parser]" classname="ee.ioc.cs.vsle.parser.VariableDeclarationTest" time="0">
    <skipped/>
  </testcase>
  <testcase name="testVoidTypeDeclaration[REGEX parser]" classname="ee.ioc.cs.vsle.parser.VariableDeclarationTest" time="0.001"/>
  <testcase name="testPrimitiveCharTypeDeclaration_separateDeclAndAssignment[REGEX parser]" classname="ee.ioc.cs.vsle.parser.VariableDeclarationTest" time="0">
    <skipped/>
  </testcase>
  <testcase name="testStringDeclaration_literalAssignment[REGEX parser]" classname="ee.ioc.cs.vsle.parser.VariableDeclarationTest" time="0">
    <skipped/>
  </testcase>
</testsuite>