<?xml version="1.0" encoding="UTF-8"?>
<testsuite xmlns:xsi="http://www.w3.org/2001/XMLSchema-instance" xsi:schemaLocation="https://maven.apache.org/surefire/maven-surefire-plugin/xsd/surefire-test-report.xsd" name="com.agiletec.plugins.jacms.AllTests" time="107.003" tests="413" errors="0" skipped="0" failures="0">
  <properties>
    <property name="java.runtime.name" value="OpenJDK Runtime Environment"/>
    <property name="sun.boot.library.path" value="/usr/local/openjdk-8/jre/lib/amd64"/>
    <property name="java.vm.version" value="25.262-b10"/>
    <property name="animal.sniffer.skip" value="true"/>
    <property name="java.vm.vendor" value="Oracle Corporation"/>
    <property name="maven.multiModuleProjectDirectory" value="/tmp/tmptaiy7tn5/entando-core-engine"/>
    <property name="maven.javadoc.skip" value="true"/>
    <property name="java.vendor.url" value="http://java.oracle.com/"/>
    <property name="path.separator" value=":"/>
    <property name="guice.disable.misplaced.annotation.check" value="true"/>
    <property name="java.vm.name" value="OpenJDK 64-Bit Server VM"/>
    <property name="file.encoding.pkg" value="sun.io"/>
    <property name="sun.java.launcher" value="SUN_STANDARD"/>
    <property name="sun.os.patch.level" value="unknown"/>
    <property name="source.skip" value="true"/>
    <property name="java.vm.specification.name" value="Java Virtual Machine Specification"/>
    <property name="user.dir" value="/tmp/tmptaiy7tn5/entando-core-engine"/>
    <property name="java.runtime.version" value="1.8.0_262-b10"/>
    <property name="java.awt.graphicsenv" value="sun.awt.X11GraphicsEnvironment"/>
    <property name="java.endorsed.dirs" value="/usr/local/openjdk-8/jre/lib/endorsed"/>
    <property name="os.arch" value="amd64"/>
    <property name="java.io.tmpdir" value="/tmp"/>
    <property name="line.separator" value="&#10;"/>
    <property name="java.vm.specification.vendor" value="Oracle Corporation"/>
    <property name="os.name" value="Linux"/>
    <property name="classworlds.conf" value="/usr/share/maven/bin/m2.conf"/>
    <property name="sun.jnu.encoding" value="UTF-8"/>
    <property name="java.library.path" value="/usr/java/packages/lib/amd64:/usr/lib64:/lib64:/lib:/usr/lib"/>
    <property name="license.skip" value="true"/>
    <property name="maven.conf" value="/usr/share/maven/conf"/>
    <property name="java.specification.name" value="Java Platform API Specification"/>
    <property name="java.class.version" value="52.0"/>
    <property name="sun.management.compiler" value="HotSpot 64-Bit Tiered Compilers"/>
    <property name="maven.test.failure.ignore" value="true"/>
    <property name="os.version" value="4.15.0-109-generic"/>
    <property name="library.jansi.path" value="/usr/share/maven/lib/jansi-native"/>
    <property name="user.home" value="/home/jdbl"/>
    <property name="user.timezone" value="Etc/UTC"/>
    <property name="java.awt.printerjob" value="sun.print.PSPrinterJob"/>
    <property name="java.specification.version" value="1.8"/>
    <property name="file.encoding" value="UTF-8"/>
    <property name="user.name" value="jdbl"/>
    <property name="java.class.path" value="/usr/share/maven/boot/plexus-classworlds-2.6.0.jar"/>
    <property name="java.vm.specification.version" value="1.8"/>
    <property name="sun.arch.data.model" value="64"/>
    <property name="java.home" value="/usr/local/openjdk-8/jre"/>
    <property name="sun.java.command" value="org.codehaus.plexus.classworlds.launcher.Launcher test -e --fail-never -ntp -Dmaven.test.failure.ignore=true -B -Dmaven.javadoc.skip=true -Drat.skip=true -Danimal.sniffer.skip=true -Dmaven.javadoc.skip=true -Dlicense.skip=true -Dsource.skip=true"/>
    <property name="java.specification.vendor" value="Oracle Corporation"/>
    <property name="user.language" value="en"/>
    <property name="awt.toolkit" value="sun.awt.X11.XToolkit"/>
    <property name="java.vm.info" value="mixed mode"/>
    <property name="java.version" value="1.8.0_262"/>
    <property name="java.ext.dirs" value="/usr/local/openjdk-8/jre/lib/ext:/usr/java/packages/lib/ext"/>
    <property name="securerandom.source" value="file:/dev/./urandom"/>
    <property name="sun.boot.class.path" value="/usr/local/openjdk-8/jre/lib/resources.jar:/usr/local/openjdk-8/jre/lib/rt.jar:/usr/local/openjdk-8/jre/lib/sunrsasign.jar:/usr/local/openjdk-8/jre/lib/jsse.jar:/usr/local/openjdk-8/jre/lib/jce.jar:/usr/local/openjdk-8/jre/lib/charsets.jar:/usr/local/openjdk-8/jre/lib/jfr.jar:/usr/local/openjdk-8/jre/classes"/>
    <property name="java.vendor" value="Oracle Corporation"/>
    <property name="rat.skip" value="true"/>
    <property name="maven.home" value="/usr/share/maven"/>
    <property name="file.separator" value="/"/>
    <property name="java.vendor.url.bug" value="http://bugreport.sun.com/bugreport/"/>
    <property name="sun.cpu.endian" value="little"/>
    <property name="sun.io.unicode.encoding" value="UnicodeLittle"/>
    <property name="sun.cpu.isalist" value=""/>
  </properties>
  <testcase name="testCheckAdminUser" classname="com.agiletec.plugins.jacms.aps.system.services.content.authorization.TestContentAuthorization" time="0.624"/>
  <testcase name="testCheckCustomerUser" classname="com.agiletec.plugins.jacms.aps.system.services.content.authorization.TestContentAuthorization" time="0.62"/>
  <testcase name="testCheckNewUser" classname="com.agiletec.plugins.jacms.aps.system.services.content.authorization.TestContentAuthorization" time="0.619"/>
  <testcase name="testLoadEvents2" classname="com.agiletec.plugins.jacms.aps.system.services.content.entity.TestContentEntityManager" time="0.538"/>
  <testcase name="testSearchEvents" classname="com.agiletec.plugins.jacms.aps.system.services.content.entity.TestContentEntityManager" time="0.448"/>
  <testcase name="testLoadFutureEvents2" classname="com.agiletec.plugins.jacms.aps.system.services.content.entity.TestContentEntityManager" time="0.427"/>
  <testcase name="testLoadFutureEvents3" classname="com.agiletec.plugins.jacms.aps.system.services.content.entity.TestContentEntityManager" time="0.399"/>
  <testcase name="testLoadFutureEvents1" classname="com.agiletec.plugins.jacms.aps.system.services.content.entity.TestContentEntityManager" time="0.426"/>
  <testcase name="testLoadOrderedEvents_2" classname="com.agiletec.plugins.jacms.aps.system.services.content.entity.TestContentEntityManager" time="0.444"/>
  <testcase name="testLoadPastEvents1" classname="com.agiletec.plugins.jacms.aps.system.services.content.entity.TestContentEntityManager" time="0.541"/>
  <testcase name="testLoadPastEvents2" classname="com.agiletec.plugins.jacms.aps.system.services.content.entity.TestContentEntityManager" time="0.596"/>
  <testcase name="testSearchRecords" classname="com.agiletec.plugins.jacms.aps.system.services.content.entity.TestContentEntityManager" time="0.71"/>
  <testcase name="testSearchEntities" classname="com.agiletec.plugins.jacms.aps.system.services.content.entity.TestContentEntityManager" time="0.633"/>
  <testcase name="testLoadFutureEntityEvents1" classname="com.agiletec.plugins.jacms.aps.system.services.content.entity.TestContentEntityManager" time="0.639"/>
  <testcase name="testLoadFutureEntityEvents2" classname="com.agiletec.plugins.jacms.aps.system.services.content.entity.TestContentEntityManager" time="0.649"/>
  <testcase name="testLoadOrderedEvents_1" classname="com.agiletec.plugins.jacms.aps.system.services.content.entity.TestContentEntityManager" time="0.666"/>
  <testcase name="testGetXMLDocument" classname="com.agiletec.plugins.jacms.aps.system.services.content.parse.TestContentDOM" time="0.616"/>
  <testcase name="testGetFilters" classname="com.agiletec.plugins.jacms.aps.system.services.content.widget.TestContentListHelper" time="0.66"/>
  <testcase name="testGetFilters_TwoDefinition" classname="com.agiletec.plugins.jacms.aps.system.services.content.widget.TestContentListHelper" time="0.643"/>
  <testcase name="testGetContents_1" classname="com.agiletec.plugins.jacms.aps.system.services.content.widget.TestContentListHelper" time="0.796"/>
  <testcase name="testGetContents_2" classname="com.agiletec.plugins.jacms.aps.system.services.content.widget.TestContentListHelper" time="0.716"/>
  <testcase name="testGetFilters_OneDefinition" classname="com.agiletec.plugins.jacms.aps.system.services.content.widget.TestContentListHelper" time="0.721"/>
  <testcase name="testGetRenderedContentNotPresent" classname="com.agiletec.plugins.jacms.aps.system.services.content.widget.TestContentViewerHelper" time="0.775"/>
  <testcase name="testGetRenderedContentNotApproved" classname="com.agiletec.plugins.jacms.aps.system.services.content.widget.TestContentViewerHelper" time="1.174"/>
  <testcase name="testGetRenderedContent" classname="com.agiletec.plugins.jacms.aps.system.services.content.widget.TestContentViewerHelper" time="0.723"/>
  <testcase name="testIterator" classname="com.agiletec.plugins.jacms.aps.system.services.content.util.TestContentAttributeIterator" time="0.675"/>
  <testcase name="testDeleteAddContent" classname="com.agiletec.plugins.jacms.aps.system.services.content.TestContentDAO" time="0.562"/>
  <testcase name="testGetAllContentIds" classname="com.agiletec.plugins.jacms.aps.system.services.content.TestContentDAO" time="0.644"/>
  <testcase name="testInsertRemoveOnlineContent" classname="com.agiletec.plugins.jacms.aps.system.services.content.TestContentDAO" time="0.509"/>
  <testcase name="testUpdateContent" classname="com.agiletec.plugins.jacms.aps.system.services.content.TestContentDAO" time="0.886"/>
  <testcase name="testGetPageUtilizers" classname="com.agiletec.plugins.jacms.aps.system.services.content.TestContentDAO" time="1.131"/>
  <testcase name="testGetContentUtilizers" classname="com.agiletec.plugins.jacms.aps.system.services.content.TestContentDAO" time="0.695"/>
  <testcase name="testGetGroupUtilizers" classname="com.agiletec.plugins.jacms.aps.system.services.content.TestContentDAO" time="0.612"/>
  <testcase name="testGetResourceUtilizers" classname="com.agiletec.plugins.jacms.aps.system.services.content.TestContentDAO" time="0.586"/>
  <testcase name="testLoadPublicEvents_2_1" classname="com.agiletec.plugins.jacms.aps.system.services.content.TestContentManager" time="0.551"/>
  <testcase name="testLoadPublicEvents_2_2" classname="com.agiletec.plugins.jacms.aps.system.services.content.TestContentManager" time="0.457"/>
  <testcase name="testLoadWorkContentsByAttribute_1" classname="com.agiletec.plugins.jacms.aps.system.services.content.TestContentManager" time="0.465"/>
  <testcase name="testLoadWorkContentsByAttribute_2" classname="com.agiletec.plugins.jacms.aps.system.services.content.TestContentManager" time="0.441"/>
  <testcase name="testLoadWorkContentsByAttribute_3" classname="com.agiletec.plugins.jacms.aps.system.services.content.TestContentManager" time="0.75"/>
  <testcase name="testLoadWorkContentsForCategory_2" classname="com.agiletec.plugins.jacms.aps.system.services.content.TestContentManager" time="0.433"/>
  <testcase name="testCreateContentWithDefaultModel" classname="com.agiletec.plugins.jacms.aps.system.services.content.TestContentManager" time="0.365"/>
  <testcase name="testLoadPublicEvents_3" classname="com.agiletec.plugins.jacms.aps.system.services.content.TestContentManager" time="0.429"/>
  <testcase name="testLoadPublicEvents_4" classname="com.agiletec.plugins.jacms.aps.system.services.content.TestContentManager" time="0.439"/>
  <testcase name="testLoadPublicContentsForCategory" classname="com.agiletec.plugins.jacms.aps.system.services.content.TestContentManager" time="0.401"/>
  <testcase name="testSearchContents_1" classname="com.agiletec.plugins.jacms.aps.system.services.content.TestContentManager" time="0.51"/>
  <testcase name="testSearchContents_1_a" classname="com.agiletec.plugins.jacms.aps.system.services.content.TestContentManager" time="0.451"/>
  <testcase name="testSearchContents_1_b" classname="com.agiletec.plugins.jacms.aps.system.services.content.TestContentManager" time="0.776"/>
  <testcase name="testSearchContents_1_c" classname="com.agiletec.plugins.jacms.aps.system.services.content.TestContentManager" time="0.329"/>
  <testcase name="testSearchContents_2" classname="com.agiletec.plugins.jacms.aps.system.services.content.TestContentManager" time="0.411"/>
  <testcase name="testSearchContents_3" classname="com.agiletec.plugins.jacms.aps.system.services.content.TestContentManager" time="0.401"/>
  <testcase name="testSearchWorkContents" classname="com.agiletec.plugins.jacms.aps.system.services.content.TestContentManager" time="0.421"/>
  <testcase name="testSearchWorkContents_2_a" classname="com.agiletec.plugins.jacms.aps.system.services.content.TestContentManager" time="0.406"/>
  <testcase name="testSearchWorkContents_2_b" classname="com.agiletec.plugins.jacms.aps.system.services.content.TestContentManager" time="0.388"/>
  <testcase name="testSearchWorkContents_3" classname="com.agiletec.plugins.jacms.aps.system.services.content.TestContentManager" time="0.5"/>
  <testcase name="testLoadContent" classname="com.agiletec.plugins.jacms.aps.system.services.content.TestContentManager" time="0.471"/>
  <testcase name="testGetXML" classname="com.agiletec.plugins.jacms.aps.system.services.content.TestContentManager" time="0.403"/>
  <testcase name="testGetContentTypes" classname="com.agiletec.plugins.jacms.aps.system.services.content.TestContentManager" time="0.482"/>
  <testcase name="testCreateContent" classname="com.agiletec.plugins.jacms.aps.system.services.content.TestContentManager" time="0.434"/>
  <testcase name="testCreateContentWithViewPage" classname="com.agiletec.plugins.jacms.aps.system.services.content.TestContentManager" time="0.514"/>
  <testcase name="testLoadPublicContents" classname="com.agiletec.plugins.jacms.aps.system.services.content.TestContentManager" time="0.519"/>
  <testcase name="testLoadPublicEvents_1" classname="com.agiletec.plugins.jacms.aps.system.services.content.TestContentManager" time="0.735"/>
  <testcase name="testLoadPublicEvents_2" classname="com.agiletec.plugins.jacms.aps.system.services.content.TestContentManager" time="0.404"/>
  <testcase name="testLoadPublicEvents_5" classname="com.agiletec.plugins.jacms.aps.system.services.content.TestContentManager" time="0.427"/>
  <testcase name="testLoadPublicEvents_6" classname="com.agiletec.plugins.jacms.aps.system.services.content.TestContentManager" time="0.452"/>
  <testcase name="testLoadPublicEvents_7" classname="com.agiletec.plugins.jacms.aps.system.services.content.TestContentManager" time="0.446"/>
  <testcase name="testLoadPublicEvents_8" classname="com.agiletec.plugins.jacms.aps.system.services.content.TestContentManager" time="0.451"/>
  <testcase name="testLoadPublicEvents_9_a" classname="com.agiletec.plugins.jacms.aps.system.services.content.TestContentManager" time="0.405"/>
  <testcase name="testLoadPublicEvents_9_b" classname="com.agiletec.plugins.jacms.aps.system.services.content.TestContentManager" time="0.455"/>
  <testcase name="testLoadPublicEvents_9_c" classname="com.agiletec.plugins.jacms.aps.system.services.content.TestContentManager" time="0.418"/>
  <testcase name="testLoadWorkEvents_1_a" classname="com.agiletec.plugins.jacms.aps.system.services.content.TestContentManager" time="0.532"/>
  <testcase name="testLoadWorkEvents_1_b" classname="com.agiletec.plugins.jacms.aps.system.services.content.TestContentManager" time="0.515"/>
  <testcase name="testLoadOrderedPublicEvents_1" classname="com.agiletec.plugins.jacms.aps.system.services.content.TestContentManager" time="0.71"/>
  <testcase name="testLoadOrderedPublicEvents_2" classname="com.agiletec.plugins.jacms.aps.system.services.content.TestContentManager" time="0.484"/>
  <testcase name="testLoadOrderedPublicEvents_3" classname="com.agiletec.plugins.jacms.aps.system.services.content.TestContentManager" time="0.587"/>
  <testcase name="testLoadOrderedPublicEvents_4" classname="com.agiletec.plugins.jacms.aps.system.services.content.TestContentManager" time="0.764"/>
  <testcase name="testLoadFutureEvents_1" classname="com.agiletec.plugins.jacms.aps.system.services.content.TestContentManager" time="0.622"/>
  <testcase name="testLoadFutureEvents_2" classname="com.agiletec.plugins.jacms.aps.system.services.content.TestContentManager" time="0.438"/>
  <testcase name="testLoadFutureEvents_3" classname="com.agiletec.plugins.jacms.aps.system.services.content.TestContentManager" time="0.409"/>
  <testcase name="testLoadPastEvents_1" classname="com.agiletec.plugins.jacms.aps.system.services.content.TestContentManager" time="0.522"/>
  <testcase name="testLoadPastEvents_2" classname="com.agiletec.plugins.jacms.aps.system.services.content.TestContentManager" time="0.4"/>
  <testcase name="testLoadPastEvents_3" classname="com.agiletec.plugins.jacms.aps.system.services.content.TestContentManager" time="0.44"/>
  <testcase name="testLoadPublicEventsForCategory_1" classname="com.agiletec.plugins.jacms.aps.system.services.content.TestContentManager" time="0.445"/>
  <testcase name="testLoadPublicEventsForCategory_2" classname="com.agiletec.plugins.jacms.aps.system.services.content.TestContentManager" time="0.389"/>
  <testcase name="testLoadEventsForGroup" classname="com.agiletec.plugins.jacms.aps.system.services.content.TestContentManager" time="0.398"/>
  <testcase name="testLoadWorkContentsForCategory_1" classname="com.agiletec.plugins.jacms.aps.system.services.content.TestContentManager" time="0.403"/>
  <testcase name="testLoadContentsId_1" classname="com.agiletec.plugins.jacms.aps.system.services.content.TestPublicContentSearcherDAO" time="0.403"/>
  <testcase name="testLoadContentsId_2" classname="com.agiletec.plugins.jacms.aps.system.services.content.TestPublicContentSearcherDAO" time="0.409"/>
  <testcase name="testValidate_2" classname="com.agiletec.plugins.jacms.aps.system.services.content.TestValidateContent" time="0.374"/>
  <testcase name="testValidate_3" classname="com.agiletec.plugins.jacms.aps.system.services.content.TestValidateContent" time="0.389"/>
  <testcase name="testValidate_1" classname="com.agiletec.plugins.jacms.aps.system.services.content.TestValidateContent" time="0.392"/>
  <testcase name="testValidate_4" classname="com.agiletec.plugins.jacms.aps.system.services.content.TestValidateContent" time="0.405"/>
  <testcase name="testLoadContentModels" classname="com.agiletec.plugins.jacms.aps.system.services.contentmodel.TestContentModelDAO" time="0.367"/>
  <testcase name="testAddUpdateContentModel" classname="com.agiletec.plugins.jacms.aps.system.services.contentmodel.TestContentModelDAO" time="0.493"/>
  <testcase name="testGetContentModel" classname="com.agiletec.plugins.jacms.aps.system.services.contentmodel.TestContentModelManager" time="0.454"/>
  <testcase name="testGetContentModels" classname="com.agiletec.plugins.jacms.aps.system.services.contentmodel.TestContentModelManager" time="0.456"/>
  <testcase name="testGetModelsForContentType" classname="com.agiletec.plugins.jacms.aps.system.services.contentmodel.TestContentModelManager" time="0.472"/>
  <testcase name="testAddDeleteContentModel" classname="com.agiletec.plugins.jacms.aps.system.services.contentmodel.TestContentModelManager" time="0.522"/>
  <testcase name="testUpdateContentModel" classname="com.agiletec.plugins.jacms.aps.system.services.contentmodel.TestContentModelManager" time="0.468"/>
  <testcase name="testGetReferencingPages" classname="com.agiletec.plugins.jacms.aps.system.services.contentmodel.TestContentModelManager" time="0.399"/>
  <testcase name="testGetTypeUtilizer" classname="com.agiletec.plugins.jacms.aps.system.services.contentmodel.TestContentModelManager" time="0.513"/>
  <testcase name="testGetContentPageMapper" classname="com.agiletec.plugins.jacms.aps.system.services.contentpagemapper.TestContentPageMapperManager" time="0.593"/>
  <testcase name="testReloadContentPageMapper" classname="com.agiletec.plugins.jacms.aps.system.services.contentpagemapper.TestContentPageMapperManager" time="0.408"/>
  <testcase name="testGetRenderedContent_1" classname="com.agiletec.plugins.jacms.aps.system.services.dispenser.TestContentDispenser" time="0.473"/>
  <testcase name="testGetRenderedContent_2" classname="com.agiletec.plugins.jacms.aps.system.services.dispenser.TestContentDispenser" time="0.485"/>
  <testcase name="testGetRenderedContent_3" classname="com.agiletec.plugins.jacms.aps.system.services.dispenser.TestContentDispenser" time="0.724"/>
  <testcase name="testGetRenderedContent_4" classname="com.agiletec.plugins.jacms.aps.system.services.dispenser.TestContentDispenser" time="0.48"/>
  <testcase name="testGetUnauthorizedContent" classname="com.agiletec.plugins.jacms.aps.system.services.dispenser.TestContentDispenser" time="0.451"/>
  <testcase name="testGetRenderedContentWithWrongModel" classname="com.agiletec.plugins.jacms.aps.system.services.dispenser.TestContentDispenser" time="0.41"/>
  <testcase name="testResolveMix" classname="com.agiletec.plugins.jacms.aps.system.services.linkresolver.TestLinkResolverManager" time="0.376"/>
  <testcase name="testResolveContentOnProtectedPageLink" classname="com.agiletec.plugins.jacms.aps.system.services.linkresolver.TestLinkResolverManager" time="0.469"/>
  <testcase name="testResolveNoLinks" classname="com.agiletec.plugins.jacms.aps.system.services.linkresolver.TestLinkResolverManager" time="0.479"/>
  <testcase name="testResolvePageLink" classname="com.agiletec.plugins.jacms.aps.system.services.linkresolver.TestLinkResolverManager" time="0.519"/>
  <testcase name="testResolveURLLink" classname="com.agiletec.plugins.jacms.aps.system.services.linkresolver.TestLinkResolverManager" time="0.662"/>
  <testcase name="testResolveContentOnPageLink" classname="com.agiletec.plugins.jacms.aps.system.services.linkresolver.TestLinkResolverManager" time="0.539"/>
  <testcase name="testResolveContentLink" classname="com.agiletec.plugins.jacms.aps.system.services.linkresolver.TestLinkResolverManager" time="0.492"/>
  <testcase name="testResolveWithNoise" classname="com.agiletec.plugins.jacms.aps.system.services.linkresolver.TestLinkResolverManager" time="0.4"/>
  <testcase name="testGetContentUtilizers" classname="com.agiletec.plugins.jacms.aps.system.services.page.TestCmsPageDAO" time="0.381"/>
  <testcase name="testGetXMLDocument" classname="com.agiletec.plugins.jacms.aps.system.services.resource.parse.TestResourceDOM" time="0.411"/>
  <testcase name="testAddDeleteResource" classname="com.agiletec.plugins.jacms.aps.system.services.resource.TestResourceDAO" time="0.459"/>
  <testcase name="testAddNullResource" classname="com.agiletec.plugins.jacms.aps.system.services.resource.TestResourceManager" time="0.538"/>
  <testcase name="testGetResourceType" classname="com.agiletec.plugins.jacms.aps.system.services.resource.TestResourceManager" time="0.476"/>
  <testcase name="testCreateResourceType" classname="com.agiletec.plugins.jacms.aps.system.services.resource.TestResourceManager" time="0.732"/>
  <testcase name="testUpdateResource" classname="com.agiletec.plugins.jacms.aps.system.services.resource.TestResourceManager" time="0.471"/>
  <testcase name="testSearchResources_1" classname="com.agiletec.plugins.jacms.aps.system.services.resource.TestResourceManager" time="0.523"/>
  <testcase name="testSearchResources_2" classname="com.agiletec.plugins.jacms.aps.system.services.resource.TestResourceManager" time="0.416"/>
  <testcase name="testSearchResourcesForCategory" classname="com.agiletec.plugins.jacms.aps.system.services.resource.TestResourceManager" time="0.438"/>
  <testcase name="testAddRemoveImageResource" classname="com.agiletec.plugins.jacms.aps.system.services.resource.TestResourceManager" time="0.569"/>
  <testcase name="testGetGroupUtilizers" classname="com.agiletec.plugins.jacms.aps.system.services.resource.TestResourceManager" time="0.38"/>
  <testcase name="testLoadResource" classname="com.agiletec.plugins.jacms.aps.system.services.resource.TestResourceManager" time="0.361"/>
  <testcase name="testSearchContentsId_1" classname="com.agiletec.plugins.jacms.aps.system.services.searchengine.TestSearchEngineManager" time="0.484"/>
  <testcase name="testSearchContentsId_2" classname="com.agiletec.plugins.jacms.aps.system.services.searchengine.TestSearchEngineManager" time="2.416"/>
  <testcase name="testSearchContentsId_3" classname="com.agiletec.plugins.jacms.aps.system.services.searchengine.TestSearchEngineManager" time="0.505"/>
  <testcase name="testGetServices" classname="com.agiletec.plugins.jacms.aps.system.TestApplicationContext" time="0.377"/>
  <testcase name="testGetCategoryUtilizers_1" classname="com.agiletec.plugins.jacms.aps.system.services.content.TestCategoryUtilizer" time="0.398"/>
  <testcase name="testGetCategoryUtilizers_2" classname="com.agiletec.plugins.jacms.aps.system.services.content.TestCategoryUtilizer" time="0.441"/>
  <testcase name="testGetGroupsUtilizers" classname="com.agiletec.plugins.jacms.aps.system.services.content.TestGroupUtilizer" time="0.409"/>
  <testcase name="testTrashReferencedCategory" classname="com.agiletec.plugins.jacms.apsadmin.category.TestTrashReferencedCategory" time="0.049"/>
  <testcase name="testPublicContent_1" classname="org.entando.entando.plugins.jacms.aps.system.services.cache.TestCacheInfoManager" time="0.73"/>
  <testcase name="testPublicContent_2" classname="org.entando.entando.plugins.jacms.aps.system.services.cache.TestCacheInfoManager" time="0.571"/>
  <testcase name="testGetRenderedContentsGroup_1" classname="org.entando.entando.plugins.jacms.aps.system.services.cache.TestCacheInfoManager" time="0.639"/>
  <testcase name="testGetRenderedContentsGroup_2" classname="org.entando.entando.plugins.jacms.aps.system.services.cache.TestCacheInfoManager" time="0.637"/>
  <testcase name="testGetRenderedContentsGroup_3" classname="org.entando.entando.plugins.jacms.aps.system.services.cache.TestCacheInfoManager" time="0.621"/>
  <testcase name="testGetContentsGroup" classname="org.entando.entando.plugins.jacms.aps.system.services.cache.TestCacheInfoManager" time="0.411"/>
  <testcase name="testGetContents_1" classname="org.entando.entando.plugins.jacms.aps.system.services.cache.TestCacheInfoManager" time="0.428"/>
  <testcase name="testGetContents_2" classname="org.entando.entando.plugins.jacms.aps.system.services.cache.TestCacheInfoManager" time="0.767"/>
  <testcase name="testGetRenderedContent_1" classname="org.entando.entando.plugins.jacms.aps.system.services.cache.TestCacheInfoManager" time="0.93"/>
  <testcase name="testGetRenderedContent_2" classname="org.entando.entando.plugins.jacms.aps.system.services.cache.TestCacheInfoManager" time="1.14"/>
  <testcase name="testGetRenderedContent_3" classname="org.entando.entando.plugins.jacms.aps.system.services.cache.TestCacheInfoManager" time="0.601"/>
  <testcase name="testAddListElement" classname="com.agiletec.plugins.jacms.apsadmin.content.attribute.TestListAttributeAction" time="0.087"/>
  <testcase name="testMoveListElement" classname="com.agiletec.plugins.jacms.apsadmin.content.attribute.TestListAttributeAction" time="0.062"/>
  <testcase name="testRemoveListElement" classname="com.agiletec.plugins.jacms.apsadmin.content.attribute.TestListAttributeAction" time="0.061"/>
  <testcase name="testChooseImageResource" classname="com.agiletec.plugins.jacms.apsadmin.content.attribute.TestResourceAttributeAction" time="0.064"/>
  <testcase name="testRemoveImageResource_1" classname="com.agiletec.plugins.jacms.apsadmin.content.attribute.TestResourceAttributeAction" time="0.058"/>
  <testcase name="testRemoveImageResource_2" classname="com.agiletec.plugins.jacms.apsadmin.content.attribute.TestResourceAttributeAction" time="0.072"/>
  <testcase name="testRemoveAttachResource" classname="com.agiletec.plugins.jacms.apsadmin.content.attribute.TestResourceAttributeAction" time="0.08"/>
  <testcase name="testNewImageResource_1" classname="com.agiletec.plugins.jacms.apsadmin.content.attribute.TestExtendedResourceAction" time="0.101"/>
  <testcase name="testNewImageResource_2" classname="com.agiletec.plugins.jacms.apsadmin.content.attribute.TestExtendedResourceAction" time="0.058"/>
  <testcase name="testSearchImageResource_1" classname="com.agiletec.plugins.jacms.apsadmin.content.attribute.TestExtendedResourceFinderAction" time="0.074"/>
  <testcase name="testJoinImageResource" classname="com.agiletec.plugins.jacms.apsadmin.content.attribute.TestExtendedResourceFinderAction" time="0.061"/>
  <testcase name="testSearchImageResource_2" classname="com.agiletec.plugins.jacms.apsadmin.content.attribute.TestExtendedResourceFinderAction" time="0.061"/>
  <testcase name="testFindContent_1" classname="com.agiletec.plugins.jacms.apsadmin.content.attribute.TestHypertextAttributeAction" time="0.08"/>
  <testcase name="testFindContent_2" classname="com.agiletec.plugins.jacms.apsadmin.content.attribute.TestHypertextAttributeAction" time="0.062"/>
  <testcase name="testFindContent_3" classname="com.agiletec.plugins.jacms.apsadmin.content.attribute.TestHypertextAttributeAction" time="0.062"/>
  <testcase name="testFindContent_4" classname="com.agiletec.plugins.jacms.apsadmin.content.attribute.TestHypertextAttributeAction" time="0.074"/>
  <testcase name="testConfigPageLink_1" classname="com.agiletec.plugins.jacms.apsadmin.content.attribute.TestHypertextAttributeAction" time="0.078"/>
  <testcase name="testConfigPageLink_2" classname="com.agiletec.plugins.jacms.apsadmin.content.attribute.TestHypertextAttributeAction" time="0.072"/>
  <testcase name="testOpenPageTree_1" classname="com.agiletec.plugins.jacms.apsadmin.content.attribute.TestHypertextAttributeAction" time="0.068"/>
  <testcase name="testOpenPageTree_2" classname="com.agiletec.plugins.jacms.apsadmin.content.attribute.TestHypertextAttributeAction" time="0.072"/>
  <testcase name="testOpenPageTree_3" classname="com.agiletec.plugins.jacms.apsadmin.content.attribute.TestHypertextAttributeAction" time="0.066"/>
  <testcase name="testFailureChooseLinkType_1" classname="com.agiletec.plugins.jacms.apsadmin.content.attribute.TestLinkAttributeAction" time="0.08"/>
  <testcase name="testFailureChooseLinkType_2" classname="com.agiletec.plugins.jacms.apsadmin.content.attribute.TestLinkAttributeAction" time="0.078"/>
  <testcase name="testChooseLinkType" classname="com.agiletec.plugins.jacms.apsadmin.content.attribute.TestLinkAttributeAction" time="0.093"/>
  <testcase name="testChooseLink_2" classname="com.agiletec.plugins.jacms.apsadmin.content.attribute.TestLinkAttributeAction" time="0.066"/>
  <testcase name="testRemoveLink" classname="com.agiletec.plugins.jacms.apsadmin.content.attribute.TestLinkAttributeAction" time="0.063"/>
  <testcase name="testChooseLink_1" classname="com.agiletec.plugins.jacms.apsadmin.content.attribute.TestLinkAttributeAction" time="0.065"/>
  <testcase name="testOpenPageNode_1" classname="com.agiletec.plugins.jacms.apsadmin.content.attribute.TestPageLinkAction" time="0.083"/>
  <testcase name="testOpenPageNode_2" classname="com.agiletec.plugins.jacms.apsadmin.content.attribute.TestPageLinkAction" time="0.063"/>
  <testcase name="testFailureJoinPageLink_1" classname="com.agiletec.plugins.jacms.apsadmin.content.attribute.TestPageLinkAction" time="0.089"/>
  <testcase name="testFailureJoinPageLink_2" classname="com.agiletec.plugins.jacms.apsadmin.content.attribute.TestPageLinkAction" time="0.08"/>
  <testcase name="testFailureJoinPageLink_3" classname="com.agiletec.plugins.jacms.apsadmin.content.attribute.TestPageLinkAction" time="0.083"/>
  <testcase name="testJoinPageLink_1" classname="com.agiletec.plugins.jacms.apsadmin.content.attribute.TestPageLinkAction" time="0.068"/>
  <testcase name="testConfigPageLink_1" classname="com.agiletec.plugins.jacms.apsadmin.content.attribute.TestPageLinkAction" time="0.057"/>
  <testcase name="testConfigPageLink_2" classname="com.agiletec.plugins.jacms.apsadmin.content.attribute.TestPageLinkAction" time="0.058"/>
  <testcase name="testFailureJoinContentLink_1" classname="com.agiletec.plugins.jacms.apsadmin.content.attribute.TestContentLinkAction" time="0.085"/>
  <testcase name="testFailureJoinContentLink_2" classname="com.agiletec.plugins.jacms.apsadmin.content.attribute.TestContentLinkAction" time="0.072"/>
  <testcase name="testFailureJoinContentLink_3" classname="com.agiletec.plugins.jacms.apsadmin.content.attribute.TestContentLinkAction" time="0.07"/>
  <testcase name="testJoinContentLink_1" classname="com.agiletec.plugins.jacms.apsadmin.content.attribute.TestContentLinkAction" time="0.297"/>
  <testcase name="testJoinContentLink_2" classname="com.agiletec.plugins.jacms.apsadmin.content.attribute.TestContentLinkAction" time="0.071"/>
  <testcase name="testFindContent_1" classname="com.agiletec.plugins.jacms.apsadmin.content.attribute.TestContentLinkAction" time="0.066"/>
  <testcase name="testFindContent_2" classname="com.agiletec.plugins.jacms.apsadmin.content.attribute.TestContentLinkAction" time="0.062"/>
  <testcase name="testFindContent_3" classname="com.agiletec.plugins.jacms.apsadmin.content.attribute.TestContentLinkAction" time="0.064"/>
  <testcase name="testFindContent_4" classname="com.agiletec.plugins.jacms.apsadmin.content.attribute.TestContentLinkAction" time="0.062"/>
  <testcase name="testFailureJoinContentLink_1" classname="com.agiletec.plugins.jacms.apsadmin.content.attribute.TestUrlLinkAction" time="0.075"/>
  <testcase name="testJoinContentLink_1" classname="com.agiletec.plugins.jacms.apsadmin.content.attribute.TestUrlLinkAction" time="0.071"/>
  <testcase name="testEdit" classname="com.agiletec.plugins.jacms.apsadmin.content.model.TestContentModelAction" time="0.067"/>
  <testcase name="testAddNewModel" classname="com.agiletec.plugins.jacms.apsadmin.content.model.TestContentModelAction" time="0.082"/>
  <testcase name="testNewModel" classname="com.agiletec.plugins.jacms.apsadmin.content.model.TestContentModelAction" time="0.064"/>
  <testcase name="testUpdateModel" classname="com.agiletec.plugins.jacms.apsadmin.content.model.TestContentModelAction" time="0.08"/>
  <testcase name="testSaveWithErrors_1" classname="com.agiletec.plugins.jacms.apsadmin.content.model.TestContentModelAction" time="0.067"/>
  <testcase name="testSaveWithErrors_2" classname="com.agiletec.plugins.jacms.apsadmin.content.model.TestContentModelAction" time="0.102"/>
  <testcase name="testSaveWithErrors_3" classname="com.agiletec.plugins.jacms.apsadmin.content.model.TestContentModelAction" time="0.078"/>
  <testcase name="testTrashModel" classname="com.agiletec.plugins.jacms.apsadmin.content.model.TestContentModelAction" time="0.064"/>
  <testcase name="testTrashReferencedModel" classname="com.agiletec.plugins.jacms.apsadmin.content.model.TestContentModelAction" time="0.065"/>
  <testcase name="testDeleteModel" classname="com.agiletec.plugins.jacms.apsadmin.content.model.TestContentModelAction" time="0.059"/>
  <testcase name="testDeleteReferencedModel" classname="com.agiletec.plugins.jacms.apsadmin.content.model.TestContentModelAction" time="0.053"/>
  <testcase name="testSearch_1" classname="com.agiletec.plugins.jacms.apsadmin.content.model.TestContentModelFinderAction" time="0.054"/>
  <testcase name="testSearch_2" classname="com.agiletec.plugins.jacms.apsadmin.content.model.TestContentModelFinderAction" time="0.058"/>
  <testcase name="testList" classname="com.agiletec.plugins.jacms.apsadmin.content.model.TestContentModelFinderAction" time="0.051"/>
  <testcase name="testEditForCoachUser" classname="com.agiletec.plugins.jacms.apsadmin.content.TestContentAction" time="0.077"/>
  <testcase name="testValidate_2" classname="com.agiletec.plugins.jacms.apsadmin.content.TestContentAction" time="0.075"/>
  <testcase name="testValidate_3" classname="com.agiletec.plugins.jacms.apsadmin.content.TestContentAction" time="0.119"/>
  <testcase name="testValidate_1" classname="com.agiletec.plugins.jacms.apsadmin.content.TestContentAction" time="0.188"/>
  <testcase name="testValidate_5" classname="com.agiletec.plugins.jacms.apsadmin.content.TestContentAction" time="0.124"/>
  <testcase name="testValidate_4" classname="com.agiletec.plugins.jacms.apsadmin.content.TestContentAction" time="0.128"/>
  <testcase name="testEditForAdminUser" classname="com.agiletec.plugins.jacms.apsadmin.content.TestContentAction" time="0.098"/>
  <testcase name="testEditForCustomerUser" classname="com.agiletec.plugins.jacms.apsadmin.content.TestContentAction" time="0.086"/>
  <testcase name="testValidate_6" classname="com.agiletec.plugins.jacms.apsadmin.content.TestContentAction" time="0.097"/>
  <testcase name="testJoinRemoveCategory" classname="com.agiletec.plugins.jacms.apsadmin.content.TestContentAction" time="0.097"/>
  <testcase name="testJoinRemoveGroup" classname="com.agiletec.plugins.jacms.apsadmin.content.TestContentAction" time="0.063"/>
  <testcase name="testSaveNewContent" classname="com.agiletec.plugins.jacms.apsadmin.content.TestContentAction" time="0.117"/>
  <testcase name="testSaveContentWithPageReference" classname="com.agiletec.plugins.jacms.apsadmin.content.TestContentAction" time="0.087"/>
  <testcase name="testSuspendReferencedContent" classname="com.agiletec.plugins.jacms.apsadmin.content.TestContentAction" time="0.077"/>
  <testcase name="testRedirectFindImageResource" classname="com.agiletec.plugins.jacms.apsadmin.content.TestContentAction" time="0.076"/>
  <testcase name="testFailureCopyPaste_1" classname="com.agiletec.plugins.jacms.apsadmin.content.TestContentAction" time="0.063"/>
  <testcase name="testFailureCopyPaste_2" classname="com.agiletec.plugins.jacms.apsadmin.content.TestContentAction" time="0.063"/>
  <testcase name="testExecuteCopyPaste_1" classname="com.agiletec.plugins.jacms.apsadmin.content.TestContentAction" time="0.062"/>
  <testcase name="testExecuteCopyPaste_2" classname="com.agiletec.plugins.jacms.apsadmin.content.TestContentAction" time="0.062"/>
  <testcase name="testSaveBooleanAttribute" classname="org.entando.entando.plugins.jacms.apsadmin.content.TestSaveBooleanAttributes" time="0.131"/>
  <testcase name="testSaveCheckBoxAttribute" classname="org.entando.entando.plugins.jacms.apsadmin.content.TestSaveBooleanAttributes" time="0.201"/>
  <testcase name="testSaveThreeStateAttribute" classname="org.entando.entando.plugins.jacms.apsadmin.content.TestSaveBooleanAttributes" time="0.181"/>
  <testcase name="testValidateSingleBoolean" classname="org.entando.entando.plugins.jacms.apsadmin.content.TestValidateBooleanAttributes" time="0.111"/>
  <testcase name="testValidateSingleCheckBox" classname="org.entando.entando.plugins.jacms.apsadmin.content.TestValidateBooleanAttributes" time="0.104"/>
  <testcase name="testValidateSingleThreeState" classname="org.entando.entando.plugins.jacms.apsadmin.content.TestValidateBooleanAttributes" time="0.119"/>
  <testcase name="testValidateBooleanMonolist" classname="org.entando.entando.plugins.jacms.apsadmin.content.TestValidateBooleanAttributes" time="0.122"/>
  <testcase name="testValidateCheckBoxMonolist" classname="org.entando.entando.plugins.jacms.apsadmin.content.TestValidateBooleanAttributes" time="0.093"/>
  <testcase name="testValidateThreeStateMonolist" classname="org.entando.entando.plugins.jacms.apsadmin.content.TestValidateBooleanAttributes" time="0.119"/>
  <testcase name="testValidateBooleanList" classname="org.entando.entando.plugins.jacms.apsadmin.content.TestValidateBooleanAttributes" time="0.139"/>
  <testcase name="testValidateCheckBoxList" classname="org.entando.entando.plugins.jacms.apsadmin.content.TestValidateBooleanAttributes" time="0.108"/>
  <testcase name="testValidateThreeStateList" classname="org.entando.entando.plugins.jacms.apsadmin.content.TestValidateBooleanAttributes" time="0.126"/>
  <testcase name="testValidateBooleanCompositeElement" classname="org.entando.entando.plugins.jacms.apsadmin.content.TestValidateBooleanAttributes" time="0.098"/>
  <testcase name="testValidateCheckBoxCompositeElement" classname="org.entando.entando.plugins.jacms.apsadmin.content.TestValidateBooleanAttributes" time="0.129"/>
  <testcase name="testValidateThreeStateCompositeElement" classname="org.entando.entando.plugins.jacms.apsadmin.content.TestValidateBooleanAttributes" time="0.132"/>
  <testcase name="testValidateBooleanMonolistCompositeElement" classname="org.entando.entando.plugins.jacms.apsadmin.content.TestValidateBooleanAttributes" time="0.115"/>
  <testcase name="testValidateCheckBoxMonolistCompositeElement" classname="org.entando.entando.plugins.jacms.apsadmin.content.TestValidateBooleanAttributes" time="0.112"/>
  <testcase name="testValidateThreeStateMonolistCompositeElement" classname="org.entando.entando.plugins.jacms.apsadmin.content.TestValidateBooleanAttributes" time="0.102"/>
  <testcase name="testValidate_MonolistCompositeElement" classname="org.entando.entando.plugins.jacms.apsadmin.content.TestValidateDateAttribute" time="0.127"/>
  <testcase name="testValidate_Single_1" classname="org.entando.entando.plugins.jacms.apsadmin.content.TestValidateDateAttribute" time="0.128"/>
  <testcase name="testValidate_Single_2" classname="org.entando.entando.plugins.jacms.apsadmin.content.TestValidateDateAttribute" time="0.121"/>
  <testcase name="testValidate_MonolistElement" classname="org.entando.entando.plugins.jacms.apsadmin.content.TestValidateDateAttribute" time="0.11"/>
  <testcase name="testValidate_ListElement" classname="org.entando.entando.plugins.jacms.apsadmin.content.TestValidateDateAttribute" time="0.143"/>
  <testcase name="testValidate_CompositeElement" classname="org.entando.entando.plugins.jacms.apsadmin.content.TestValidateDateAttribute" time="0.106"/>
  <testcase name="testValidate_MonolistCompositeElement" classname="org.entando.entando.plugins.jacms.apsadmin.content.TestValidateMonotextAttribute" time="0.084"/>
  <testcase name="testValidate_Single_1" classname="org.entando.entando.plugins.jacms.apsadmin.content.TestValidateMonotextAttribute" time="0.084"/>
  <testcase name="testValidate_Single_2" classname="org.entando.entando.plugins.jacms.apsadmin.content.TestValidateMonotextAttribute" time="0.205"/>
  <testcase name="testValidate_ListElement" classname="org.entando.entando.plugins.jacms.apsadmin.content.TestValidateMonotextAttribute" time="0.103"/>
  <testcase name="testValidate_CompositeElement" classname="org.entando.entando.plugins.jacms.apsadmin.content.TestValidateMonotextAttribute" time="0.091"/>
  <testcase name="testValidate_MonoListElement" classname="org.entando.entando.plugins.jacms.apsadmin.content.TestValidateMonotextAttribute" time="0.115"/>
  <testcase name="testValidate_MonolistCompositeElement" classname="org.entando.entando.plugins.jacms.apsadmin.content.TestValidateNumberAttribute" time="0.106"/>
  <testcase name="testValidate_Single_1" classname="org.entando.entando.plugins.jacms.apsadmin.content.TestValidateNumberAttribute" time="0.101"/>
  <testcase name="testValidate_Single_2" classname="org.entando.entando.plugins.jacms.apsadmin.content.TestValidateNumberAttribute" time="0.108"/>
  <testcase name="testValidate_ListElement" classname="org.entando.entando.plugins.jacms.apsadmin.content.TestValidateNumberAttribute" time="0.138"/>
  <testcase name="testValidate_CompositeElement" classname="org.entando.entando.plugins.jacms.apsadmin.content.TestValidateNumberAttribute" time="0.111"/>
  <testcase name="testValidate_MonoListElement" classname="org.entando.entando.plugins.jacms.apsadmin.content.TestValidateNumberAttribute" time="0.116"/>
  <testcase name="testValidate_ImageCompositeElement" classname="org.entando.entando.plugins.jacms.apsadmin.content.TestValidateResourceAttribute" time="0.146"/>
  <testcase name="testValidate_AttachCompositeElement" classname="org.entando.entando.plugins.jacms.apsadmin.content.TestValidateResourceAttribute" time="0.106"/>
  <testcase name="testValidate_SingleAttach" classname="org.entando.entando.plugins.jacms.apsadmin.content.TestValidateResourceAttribute" time="0.095"/>
  <testcase name="testValidate_SingleImage" classname="org.entando.entando.plugins.jacms.apsadmin.content.TestValidateResourceAttribute" time="0.113"/>
  <testcase name="testValidate_AttachMonoList" classname="org.entando.entando.plugins.jacms.apsadmin.content.TestValidateResourceAttribute" time="0.132"/>
  <testcase name="testValidate_ImageMonoList" classname="org.entando.entando.plugins.jacms.apsadmin.content.TestValidateResourceAttribute" time="0.146"/>
  <testcase name="testValidate_AttachMonolistCompositeElement" classname="org.entando.entando.plugins.jacms.apsadmin.content.TestValidateResourceAttribute" time="0.198"/>
  <testcase name="testValidate_ImageMonolistCompositeElement" classname="org.entando.entando.plugins.jacms.apsadmin.content.TestValidateResourceAttribute" time="0.137"/>
  <testcase name="testValidate_Single_3" classname="org.entando.entando.plugins.jacms.apsadmin.content.TestValidateTextAttribute" time="0.145"/>
  <testcase name="testValidate_MonoListElement_1" classname="org.entando.entando.plugins.jacms.apsadmin.content.TestValidateTextAttribute" time="0.119"/>
  <testcase name="testValidate_MonoListElement_2" classname="org.entando.entando.plugins.jacms.apsadmin.content.TestValidateTextAttribute" time="0.105"/>
  <testcase name="testValidate_MonolistCompositeElement" classname="org.entando.entando.plugins.jacms.apsadmin.content.TestValidateTextAttribute" time="0.103"/>
  <testcase name="testValidate_Single_1" classname="org.entando.entando.plugins.jacms.apsadmin.content.TestValidateTextAttribute" time="0.111"/>
  <testcase name="testValidate_Single_2" classname="org.entando.entando.plugins.jacms.apsadmin.content.TestValidateTextAttribute" time="0.13"/>
  <testcase name="testValidate_CompositeElement" classname="org.entando.entando.plugins.jacms.apsadmin.content.TestValidateTextAttribute" time="0.11"/>
  <testcase name="testReloadContentsIndex" classname="com.agiletec.plugins.jacms.apsadmin.content.TestContentAdminAction" time="1.96"/>
  <testcase name="testReloadContentsReference" classname="com.agiletec.plugins.jacms.apsadmin.content.TestContentAdminAction" time="0.215"/>
  <testcase name="testOpenIndexProspect" classname="com.agiletec.plugins.jacms.apsadmin.content.TestContentAdminAction" time="0.064"/>
  <testcase name="testGetList" classname="com.agiletec.plugins.jacms.apsadmin.content.TestContentFinderAction" time="0.105"/>
  <testcase name="testPerformSearch_1" classname="com.agiletec.plugins.jacms.apsadmin.content.TestContentFinderAction" time="0.092"/>
  <testcase name="testPerformSearch_2" classname="com.agiletec.plugins.jacms.apsadmin.content.TestContentFinderAction" time="0.087"/>
  <testcase name="testPerformSearch_3" classname="com.agiletec.plugins.jacms.apsadmin.content.TestContentFinderAction" time="0.081"/>
  <testcase name="testPerformSearch_4" classname="com.agiletec.plugins.jacms.apsadmin.content.TestContentFinderAction" time="0.092"/>
  <testcase name="testPerformSearch_5" classname="com.agiletec.plugins.jacms.apsadmin.content.TestContentFinderAction" time="0.095"/>
  <testcase name="testPerformSearch_6" classname="com.agiletec.plugins.jacms.apsadmin.content.TestContentFinderAction" time="0.082"/>
  <testcase name="testPerformSearch_7" classname="com.agiletec.plugins.jacms.apsadmin.content.TestContentFinderAction" time="0.075"/>
  <testcase name="testPerformSearch_8" classname="com.agiletec.plugins.jacms.apsadmin.content.TestContentFinderAction" time="0.072"/>
  <testcase name="testPerformSearch_9" classname="com.agiletec.plugins.jacms.apsadmin.content.TestContentFinderAction" time="0.123"/>
  <testcase name="testPerformSearch_10" classname="com.agiletec.plugins.jacms.apsadmin.content.TestContentFinderAction" time="0.067"/>
  <testcase name="testPerformSearch_11" classname="com.agiletec.plugins.jacms.apsadmin.content.TestContentFinderAction" time="0.065"/>
  <testcase name="testPerformSearch_12" classname="com.agiletec.plugins.jacms.apsadmin.content.TestContentFinderAction" time="0.069"/>
  <testcase name="testSearchWithWrongStatus" classname="com.agiletec.plugins.jacms.apsadmin.content.TestContentFinderAction" time="0.053"/>
  <testcase name="testInsertOnLineContents_1" classname="com.agiletec.plugins.jacms.apsadmin.content.TestContentGroupAction" time="0.37"/>
  <testcase name="testInsertOnLineContents_2" classname="com.agiletec.plugins.jacms.apsadmin.content.TestContentGroupAction" time="0.515"/>
  <testcase name="testInsertOnLineContents_3" classname="com.agiletec.plugins.jacms.apsadmin.content.TestContentGroupAction" time="0.121"/>
  <testcase name="testSuspendContents_1" classname="com.agiletec.plugins.jacms.apsadmin.content.TestContentGroupAction" time="0.391"/>
  <testcase name="testSuspendContents_2" classname="com.agiletec.plugins.jacms.apsadmin.content.TestContentGroupAction" time="0.748"/>
  <testcase name="testDeleteContents_1" classname="com.agiletec.plugins.jacms.apsadmin.content.TestContentGroupAction" time="0.135"/>
  <testcase name="testDeleteContents_2" classname="com.agiletec.plugins.jacms.apsadmin.content.TestContentGroupAction" time="0.2"/>
  <testcase name="testDeleteContents_3" classname="com.agiletec.plugins.jacms.apsadmin.content.TestContentGroupAction" time="0.337"/>
  <testcase name="testTrashContents_1" classname="com.agiletec.plugins.jacms.apsadmin.content.TestContentGroupAction" time="0.372"/>
  <testcase name="testTrashContents_2" classname="com.agiletec.plugins.jacms.apsadmin.content.TestContentGroupAction" time="0.141"/>
  <testcase name="testTrashContents_3" classname="com.agiletec.plugins.jacms.apsadmin.content.TestContentGroupAction" time="0.103"/>
  <testcase name="testTrashContents_4" classname="com.agiletec.plugins.jacms.apsadmin.content.TestContentGroupAction" time="0.108"/>
  <testcase name="testInspectContent_1" classname="com.agiletec.plugins.jacms.apsadmin.content.TestContentInspectionAction" time="0.058"/>
  <testcase name="testInspectContent_2" classname="com.agiletec.plugins.jacms.apsadmin.content.TestContentInspectionAction" time="0.053"/>
  <testcase name="testPreviewNewContent" classname="com.agiletec.plugins.jacms.apsadmin.content.TestContentPreviewAction" time="0.06"/>
  <testcase name="testPreviewContent" classname="com.agiletec.plugins.jacms.apsadmin.content.TestContentPreviewAction" time="1.065"/>
  <testcase name="testExecutePreviewContent_1" classname="com.agiletec.plugins.jacms.apsadmin.content.TestContentPreviewAction" time="0.056"/>
  <testcase name="testExecutePreviewContent_2" classname="com.agiletec.plugins.jacms.apsadmin.content.TestContentPreviewAction" time="0.054"/>
  <testcase name="testExecutePreviewContent_3" classname="com.agiletec.plugins.jacms.apsadmin.content.TestContentPreviewAction" time="0.051"/>
  <testcase name="testFailureExecutePreviewContent" classname="com.agiletec.plugins.jacms.apsadmin.content.TestContentPreviewAction" time="0.053"/>
  <testcase name="testOpenNew" classname="com.agiletec.plugins.jacms.apsadmin.content.TestIntroNewContentAction" time="0.05"/>
  <testcase name="testCreateNewVoid" classname="com.agiletec.plugins.jacms.apsadmin.content.TestIntroNewContentAction" time="0.057"/>
  <testcase name="testCreateNewVoid_2" classname="com.agiletec.plugins.jacms.apsadmin.content.TestIntroNewContentAction" time="0.056"/>
  <testcase name="testCreateNewVoid_3" classname="com.agiletec.plugins.jacms.apsadmin.content.TestIntroNewContentAction" time="0.055"/>
  <testcase name="testCreateNewVoid_4" classname="com.agiletec.plugins.jacms.apsadmin.content.TestIntroNewContentAction" time="0.062"/>
  <testcase name="testCreateNewVoid_5" classname="com.agiletec.plugins.jacms.apsadmin.content.TestIntroNewContentAction" time="0.053"/>
  <testcase name="testInitConfigListViewer_2" classname="com.agiletec.plugins.jacms.apsadmin.portal.specialwidget.listviewer.TestContentListViewerWidgetAction" time="0.082"/>
  <testcase name="testDeleteFilter" classname="com.agiletec.plugins.jacms.apsadmin.portal.specialwidget.listviewer.TestContentListViewerWidgetAction" time="0.054"/>
  <testcase name="testMoveFilter" classname="com.agiletec.plugins.jacms.apsadmin.portal.specialwidget.listviewer.TestContentListViewerWidgetAction" time="0.056"/>
  <testcase name="testInitConfigListViewer_1" classname="com.agiletec.plugins.jacms.apsadmin.portal.specialwidget.listviewer.TestContentListViewerWidgetAction" time="0.051"/>
  <testcase name="testFailureConfigContentType_1" classname="com.agiletec.plugins.jacms.apsadmin.portal.specialwidget.listviewer.TestContentListViewerWidgetAction" time="0.061"/>
  <testcase name="testFailureConfigContentType_2" classname="com.agiletec.plugins.jacms.apsadmin.portal.specialwidget.listviewer.TestContentListViewerWidgetAction" time="0.07"/>
  <testcase name="testConfigContentType" classname="com.agiletec.plugins.jacms.apsadmin.portal.specialwidget.listviewer.TestContentListViewerWidgetAction" time="0.088"/>
  <testcase name="testAddFilter" classname="com.agiletec.plugins.jacms.apsadmin.portal.specialwidget.listviewer.TestContentListViewerWidgetAction" time="0.074"/>
  <testcase name="testSetFilterType" classname="com.agiletec.plugins.jacms.apsadmin.portal.specialwidget.listviewer.TestBaseFilterAction" time="0.068"/>
  <testcase name="testNewFilter" classname="com.agiletec.plugins.jacms.apsadmin.portal.specialwidget.listviewer.TestBaseFilterAction" time="0.057"/>
  <testcase name="testSaveFilter" classname="com.agiletec.plugins.jacms.apsadmin.portal.specialwidget.listviewer.TestBaseFilterAction" time="0.069"/>
  <testcase name="testFailureAddRangeDateFilter_1" classname="com.agiletec.plugins.jacms.apsadmin.portal.specialwidget.listviewer.TestDateAttributeFilterAction" time="0.089"/>
  <testcase name="testFailureAddRangeDateFilter_2" classname="com.agiletec.plugins.jacms.apsadmin.portal.specialwidget.listviewer.TestDateAttributeFilterAction" time="0.068"/>
  <testcase name="testFailureAddRangeDateFilter_3" classname="com.agiletec.plugins.jacms.apsadmin.portal.specialwidget.listviewer.TestDateAttributeFilterAction" time="0.108"/>
  <testcase name="testSuccessAddRangeDateFilter" classname="com.agiletec.plugins.jacms.apsadmin.portal.specialwidget.listviewer.TestDateAttributeFilterAction" time="0.063"/>
  <testcase name="testFailureAddDateValueFilter_1" classname="com.agiletec.plugins.jacms.apsadmin.portal.specialwidget.listviewer.TestDateAttributeFilterAction" time="0.067"/>
  <testcase name="testFailureAddDateValueFilter_2" classname="com.agiletec.plugins.jacms.apsadmin.portal.specialwidget.listviewer.TestDateAttributeFilterAction" time="0.064"/>
  <testcase name="testFailureAddDateValueFilter_3" classname="com.agiletec.plugins.jacms.apsadmin.portal.specialwidget.listviewer.TestDateAttributeFilterAction" time="0.085"/>
  <testcase name="testSuccessAddDateValueFilter" classname="com.agiletec.plugins.jacms.apsadmin.portal.specialwidget.listviewer.TestDateAttributeFilterAction" time="0.046"/>
  <testcase name="testSuccessAddNumberValueFilter" classname="com.agiletec.plugins.jacms.apsadmin.portal.specialwidget.listviewer.TestNumberAttributeFilterAction" time="0.078"/>
  <testcase name="testFailureAddRangeNumberFilter_1" classname="com.agiletec.plugins.jacms.apsadmin.portal.specialwidget.listviewer.TestNumberAttributeFilterAction" time="0.064"/>
  <testcase name="testFailureAddRangeNumberFilter_2" classname="com.agiletec.plugins.jacms.apsadmin.portal.specialwidget.listviewer.TestNumberAttributeFilterAction" time="0.062"/>
  <testcase name="testFailureAddRangeNumberFilter_3" classname="com.agiletec.plugins.jacms.apsadmin.portal.specialwidget.listviewer.TestNumberAttributeFilterAction" time="0.082"/>
  <testcase name="testSuccesAddRangeNumberFilter" classname="com.agiletec.plugins.jacms.apsadmin.portal.specialwidget.listviewer.TestNumberAttributeFilterAction" time="0.051"/>
  <testcase name="testFailureAddNumberValueFilter_1" classname="com.agiletec.plugins.jacms.apsadmin.portal.specialwidget.listviewer.TestNumberAttributeFilterAction" time="0.06"/>
  <testcase name="testFailureAddNumberValueFilter_2" classname="com.agiletec.plugins.jacms.apsadmin.portal.specialwidget.listviewer.TestNumberAttributeFilterAction" time="0.08"/>
  <testcase name="testFailureAddTextFilter" classname="com.agiletec.plugins.jacms.apsadmin.portal.specialwidget.listviewer.TestTextAttributeFilterAction" time="0.059"/>
  <testcase name="testPerformSearch" classname="com.agiletec.plugins.jacms.apsadmin.portal.specialwidget.viewer.TestContentFinderViewerAction" time="0.064"/>
  <testcase name="testExtendedSearch" classname="com.agiletec.plugins.jacms.apsadmin.portal.specialwidget.viewer.TestContentFinderViewerAction" time="0.067"/>
  <testcase name="testFailureJoinContent_1" classname="com.agiletec.plugins.jacms.apsadmin.portal.specialwidget.viewer.TestContentFinderViewerAction" time="0.064"/>
  <testcase name="testFindContent_1" classname="com.agiletec.plugins.jacms.apsadmin.portal.specialwidget.viewer.TestContentFinderViewerAction" time="0.056"/>
  <testcase name="testFindContent_2" classname="com.agiletec.plugins.jacms.apsadmin.portal.specialwidget.viewer.TestContentFinderViewerAction" time="0.054"/>
  <testcase name="testFindContent_3" classname="com.agiletec.plugins.jacms.apsadmin.portal.specialwidget.viewer.TestContentFinderViewerAction" time="0.053"/>
  <testcase name="testFailureJoinContent_1" classname="com.agiletec.plugins.jacms.apsadmin.portal.specialwidget.viewer.TestContentViewerWidgetAction" time="0.08"/>
  <testcase name="testSave_2" classname="com.agiletec.plugins.jacms.apsadmin.portal.specialwidget.viewer.TestContentViewerWidgetAction" time="0.153"/>
  <testcase name="testSave_1" classname="com.agiletec.plugins.jacms.apsadmin.portal.specialwidget.viewer.TestContentViewerWidgetAction" time="0.092"/>
  <testcase name="testInitConfigViewerwithNoShowletCode" classname="com.agiletec.plugins.jacms.apsadmin.portal.specialwidget.viewer.TestContentViewerWidgetAction" time="0.07"/>
  <testcase name="testInitConfigViewer_1" classname="com.agiletec.plugins.jacms.apsadmin.portal.specialwidget.viewer.TestContentViewerWidgetAction" time="0.052"/>
  <testcase name="testInitConfigViewer_2" classname="com.agiletec.plugins.jacms.apsadmin.portal.specialwidget.viewer.TestContentViewerWidgetAction" time="0.051"/>
  <testcase name="testFailureJoinContent_2" classname="com.agiletec.plugins.jacms.apsadmin.portal.specialwidget.viewer.TestContentViewerWidgetAction" time="0.069"/>
  <testcase name="testFailureJoinContent_3" classname="com.agiletec.plugins.jacms.apsadmin.portal.specialwidget.viewer.TestContentViewerWidgetAction" time="0.062"/>
  <testcase name="testJoinContent_1" classname="com.agiletec.plugins.jacms.apsadmin.portal.specialwidget.viewer.TestContentViewerWidgetAction" time="0.069"/>
  <testcase name="testJoinContent_2" classname="com.agiletec.plugins.jacms.apsadmin.portal.specialwidget.viewer.TestContentViewerWidgetAction" time="0.066"/>
  <testcase name="testSavePage" classname="com.agiletec.plugins.jacms.apsadmin.portal.TestPageAction" time="0.091"/>
  <testcase name="testTrashReferencedPage" classname="com.agiletec.plugins.jacms.apsadmin.portal.TestTrashReferencedPage" time="0.055"/>
  <testcase name="testDelete" classname="com.agiletec.plugins.jacms.apsadmin.resource.TestResourceAction" time="0.065"/>
  <testcase name="testTrashResource" classname="com.agiletec.plugins.jacms.apsadmin.resource.TestResourceAction" time="0.06"/>
  <testcase name="testDeleteResourceReferencedFromEditor" classname="com.agiletec.plugins.jacms.apsadmin.resource.TestResourceAction" time="0.05"/>
  <testcase name="testDeleteUnknownResource" classname="com.agiletec.plugins.jacms.apsadmin.resource.TestResourceAction" time="0.047"/>
  <testcase name="testSaveNewResource_1" classname="com.agiletec.plugins.jacms.apsadmin.resource.TestResourceAction" time="0.062"/>
  <testcase name="testSaveNewResource_2" classname="com.agiletec.plugins.jacms.apsadmin.resource.TestResourceAction" time="0.062"/>
  <testcase name="testSaveEditedResource" classname="com.agiletec.plugins.jacms.apsadmin.resource.TestResourceAction" time="0.083"/>
  <testcase name="testPerformRemoveJoinCategory" classname="com.agiletec.plugins.jacms.apsadmin.resource.TestResourceAction" time="0.067"/>
  <testcase name="testJoinCategoryWithInvalidCategory" classname="com.agiletec.plugins.jacms.apsadmin.resource.TestResourceAction" time="0.08"/>
  <testcase name="testViewImageResources" classname="com.agiletec.plugins.jacms.apsadmin.resource.TestResourceFinderAction" time="0.054"/>
  <testcase name="testViewAttachResources" classname="com.agiletec.plugins.jacms.apsadmin.resource.TestResourceFinderAction" time="0.049"/>
  <testcase name="testViewImageResourcesByCustomerUser" classname="com.agiletec.plugins.jacms.apsadmin.resource.TestResourceFinderAction" time="0.048"/>
  <testcase name="testViewImagesWithUserNotAllowed" classname="com.agiletec.plugins.jacms.apsadmin.resource.TestResourceFinderAction" time="0.048"/>
  <testcase name="testSearchResources_3" classname="com.agiletec.plugins.jacms.apsadmin.resource.TestResourceFinderAction" time="0.056"/>
  <testcase name="testSearchByCategory" classname="com.agiletec.plugins.jacms.apsadmin.resource.TestResourceFinderAction" time="0.056"/>
  <testcase name="testSearchResources_1" classname="com.agiletec.plugins.jacms.apsadmin.resource.TestResourceFinderAction" time="0.054"/>
  <testcase name="testSearchResources_2" classname="com.agiletec.plugins.jacms.apsadmin.resource.TestResourceFinderAction" time="0.052"/>
  <testcase name="testSearchByGroup_1" classname="com.agiletec.plugins.jacms.apsadmin.resource.TestResourceFinderAction" time="0.069"/>
  <testcase name="testSearchByGroup_2" classname="com.agiletec.plugins.jacms.apsadmin.resource.TestResourceFinderAction" time="0.058"/>
  <testcase name="testValidateAttribute_1" classname="com.agiletec.plugins.jacms.apsadmin.system.entity.TestJacmsEntityAttributeConfigAction" time="0.086"/>
  <testcase name="testValidateAttribute_2" classname="com.agiletec.plugins.jacms.apsadmin.system.entity.TestJacmsEntityAttributeConfigAction" time="0.069"/>
  <testcase name="testValidateAttribute_3" classname="com.agiletec.plugins.jacms.apsadmin.system.entity.TestJacmsEntityAttributeConfigAction" time="0.06"/>
  <testcase name="testValidateAttribute_4" classname="com.agiletec.plugins.jacms.apsadmin.system.entity.TestJacmsEntityAttributeConfigAction" time="0.07"/>
  <testcase name="testValidateAttribute_5" classname="com.agiletec.plugins.jacms.apsadmin.system.entity.TestJacmsEntityAttributeConfigAction" time="0.116"/>
  <testcase name="testValidateAttribute_6" classname="com.agiletec.plugins.jacms.apsadmin.system.entity.TestJacmsEntityAttributeConfigAction" time="0.029"/>
  <testcase name="testValidateAttribute_7" classname="com.agiletec.plugins.jacms.apsadmin.system.entity.TestJacmsEntityAttributeConfigAction" time="0.062"/>
  <testcase name="testValidateAttribute_8" classname="com.agiletec.plugins.jacms.apsadmin.system.entity.TestJacmsEntityAttributeConfigAction" time="0.064"/>
  <testcase name="testEditAttribute" classname="com.agiletec.plugins.jacms.apsadmin.system.entity.TestJacmsEntityTypeConfigAction" time="0.053"/>
  <testcase name="testFailureAddEntityPrototype" classname="com.agiletec.plugins.jacms.apsadmin.system.entity.TestJacmsEntityTypeConfigAction" time="0.05"/>
  <testcase name="testFailureEditEntityPrototype" classname="com.agiletec.plugins.jacms.apsadmin.system.entity.TestJacmsEntityTypeConfigAction" time="0.049"/>
  <testcase name="testEditEntityPrototype" classname="com.agiletec.plugins.jacms.apsadmin.system.entity.TestJacmsEntityTypeConfigAction" time="0.065"/>
  <testcase name="testEditNullEntityPrototype" classname="com.agiletec.plugins.jacms.apsadmin.system.entity.TestJacmsEntityTypeConfigAction" time="0.051"/>
  <testcase name="testMoveAttribute" classname="com.agiletec.plugins.jacms.apsadmin.system.entity.TestJacmsEntityTypeConfigAction" time="0.06"/>
  <testcase name="testRemoveAttribute" classname="com.agiletec.plugins.jacms.apsadmin.system.entity.TestJacmsEntityTypeConfigAction" time="0.059"/>
  <testcase name="testValidateSaveEntityType" classname="com.agiletec.plugins.jacms.apsadmin.system.entity.TestJacmsEntityTypeConfigAction" time="0.092"/>
  <testcase name="testSaveEntityType" classname="com.agiletec.plugins.jacms.apsadmin.system.entity.TestJacmsEntityTypeConfigAction" time="0.093"/>
  <testcase name="testFailureAddAttribute" classname="com.agiletec.plugins.jacms.apsadmin.system.entity.TestJacmsEntityTypeConfigAction" time="0.069"/>
  <testcase name="testFailureEditAttribute" classname="com.agiletec.plugins.jacms.apsadmin.system.entity.TestJacmsEntityTypeConfigAction" time="0.073"/>
  <testcase name="testAddAttribute" classname="com.agiletec.plugins.jacms.apsadmin.system.entity.TestJacmsEntityTypeConfigAction" time="0.064"/>
  <testcase name="testGetEntityPrototypes" classname="com.agiletec.plugins.jacms.apsadmin.system.entity.TestJacmsEntityManagersAction" time="0.061"/>
  <testcase name="testFailureGetEntityPrototypes" classname="com.agiletec.plugins.jacms.apsadmin.system.entity.TestJacmsEntityManagersAction" time="0.063"/>
  <testcase name="testTrashManagedEntityType" classname="com.agiletec.plugins.jacms.apsadmin.system.entity.TestJacmsEntityManagersAction" time="0.052"/>
  <testcase name="testDeleteManagedEntityType" classname="com.agiletec.plugins.jacms.apsadmin.system.entity.TestJacmsEntityManagersAction" time="0.058"/>
  <testcase name="testTrashAndDeleteEntityType" classname="com.agiletec.plugins.jacms.apsadmin.system.entity.TestJacmsEntityManagersAction" time="0.07"/>
  <testcase name="testFailureInitEditEntityPrototype" classname="com.agiletec.plugins.jacms.apsadmin.system.entity.TestJacmsEntityManagersAction" time="0.079"/>
  <testcase name="testInitEditEntityPrototype" classname="com.agiletec.plugins.jacms.apsadmin.system.entity.TestJacmsEntityManagersAction" time="0.062"/>
  <testcase name="testFailureTrashReferencedGroup" classname="com.agiletec.plugins.jacms.apsadmin.user.group.TestTrashReferencedGroup" time="0.096"/>
</testsuite>