<?xml version="1.0" encoding="UTF-8"?>
<testsuite xmlns:xsi="http://www.w3.org/2001/XMLSchema-instance" xsi:schemaLocation="https://maven.apache.org/surefire/maven-surefire-plugin/xsd/surefire-test-report.xsd" name="com.agiletec.aps.AllTests" time="81.258" tests="127" errors="0" skipped="0" failures="0">
  <properties>
    <property name="java.runtime.name" value="OpenJDK Runtime Environment"/>
    <property name="sun.boot.library.path" value="/usr/local/openjdk-8/jre/lib/amd64"/>
    <property name="java.vm.version" value="25.262-b10"/>
    <property name="animal.sniffer.skip" value="true"/>
    <property name="java.vm.vendor" value="Oracle Corporation"/>
    <property name="maven.multiModuleProjectDirectory" value="/tmp/tmptaiy7tn5/entando-core-engine"/>
    <property name="maven.javadoc.skip" value="true"/>
    <property name="java.vendor.url" value="http://java.oracle.com/"/>
    <property name="path.separator" value=":"/>
    <property name="guice.disable.misplaced.annotation.check" value="true"/>
    <property name="java.vm.name" value="OpenJDK 64-Bit Server VM"/>
    <property name="file.encoding.pkg" value="sun.io"/>
    <property name="sun.java.launcher" value="SUN_STANDARD"/>
    <property name="sun.os.patch.level" value="unknown"/>
    <property name="source.skip" value="true"/>
    <property name="java.vm.specification.name" value="Java Virtual Machine Specification"/>
    <property name="user.dir" value="/tmp/tmptaiy7tn5/entando-core-engine"/>
    <property name="java.runtime.version" value="1.8.0_262-b10"/>
    <property name="java.awt.graphicsenv" value="sun.awt.X11GraphicsEnvironment"/>
    <property name="java.endorsed.dirs" value="/usr/local/openjdk-8/jre/lib/endorsed"/>
    <property name="os.arch" value="amd64"/>
    <property name="java.io.tmpdir" value="/tmp"/>
    <property name="line.separator" value="&#10;"/>
    <property name="java.vm.specification.vendor" value="Oracle Corporation"/>
    <property name="os.name" value="Linux"/>
    <property name="classworlds.conf" value="/usr/share/maven/bin/m2.conf"/>
    <property name="sun.jnu.encoding" value="UTF-8"/>
    <property name="java.library.path" value="/usr/java/packages/lib/amd64:/usr/lib64:/lib64:/lib:/usr/lib"/>
    <property name="license.skip" value="true"/>
    <property name="maven.conf" value="/usr/share/maven/conf"/>
    <property name="java.specification.name" value="Java Platform API Specification"/>
    <property name="java.class.version" value="52.0"/>
    <property name="sun.management.compiler" value="HotSpot 64-Bit Tiered Compilers"/>
    <property name="maven.test.failure.ignore" value="true"/>
    <property name="os.version" value="4.15.0-109-generic"/>
    <property name="library.jansi.path" value="/usr/share/maven/lib/jansi-native"/>
    <property name="user.home" value="/home/jdbl"/>
    <property name="user.timezone" value="Etc/UTC"/>
    <property name="java.awt.printerjob" value="sun.print.PSPrinterJob"/>
    <property name="java.specification.version" value="1.8"/>
    <property name="file.encoding" value="UTF-8"/>
    <property name="user.name" value="jdbl"/>
    <property name="java.class.path" value="/usr/share/maven/boot/plexus-classworlds-2.6.0.jar"/>
    <property name="java.vm.specification.version" value="1.8"/>
    <property name="sun.arch.data.model" value="64"/>
    <property name="java.home" value="/usr/local/openjdk-8/jre"/>
    <property name="sun.java.command" value="org.codehaus.plexus.classworlds.launcher.Launcher test -e --fail-never -ntp -Dmaven.test.failure.ignore=true -B -Dmaven.javadoc.skip=true -Drat.skip=true -Danimal.sniffer.skip=true -Dmaven.javadoc.skip=true -Dlicense.skip=true -Dsource.skip=true"/>
    <property name="java.specification.vendor" value="Oracle Corporation"/>
    <property name="user.language" value="en"/>
    <property name="awt.toolkit" value="sun.awt.X11.XToolkit"/>
    <property name="java.vm.info" value="mixed mode"/>
    <property name="java.version" value="1.8.0_262"/>
    <property name="java.ext.dirs" value="/usr/local/openjdk-8/jre/lib/ext:/usr/java/packages/lib/ext"/>
    <property name="securerandom.source" value="file:/dev/./urandom"/>
    <property name="sun.boot.class.path" value="/usr/local/openjdk-8/jre/lib/resources.jar:/usr/local/openjdk-8/jre/lib/rt.jar:/usr/local/openjdk-8/jre/lib/sunrsasign.jar:/usr/local/openjdk-8/jre/lib/jsse.jar:/usr/local/openjdk-8/jre/lib/jce.jar:/usr/local/openjdk-8/jre/lib/charsets.jar:/usr/local/openjdk-8/jre/lib/jfr.jar:/usr/local/openjdk-8/jre/classes"/>
    <property name="java.vendor" value="Oracle Corporation"/>
    <property name="rat.skip" value="true"/>
    <property name="maven.home" value="/usr/share/maven"/>
    <property name="file.separator" value="/"/>
    <property name="java.vendor.url.bug" value="http://bugreport.sun.com/bugreport/"/>
    <property name="sun.cpu.endian" value="little"/>
    <property name="sun.io.unicode.encoding" value="UnicodeLittle"/>
    <property name="sun.cpu.isalist" value=""/>
  </properties>
  <testcase name="testGetEntityTypes" classname="com.agiletec.aps.system.common.entity.TestEntityManager" time="13"/>
  <testcase name="testGetAttributeTypes" classname="com.agiletec.aps.system.common.entity.TestEntityManager" time="0.882"/>
  <testcase name="testUpdateMethodStatus" classname="org.entando.entando.aps.system.services.api.TestApiCatalogManager" time="0.918"/>
  <testcase name="testGetServices" classname="org.entando.entando.aps.system.services.api.TestApiCatalogManager" time="0.727"/>
  <testcase name="testGetMethods" classname="org.entando.entando.aps.system.services.api.TestApiCatalogManager" time="0.811"/>
  <testcase name="testGetMethod" classname="org.entando.entando.aps.system.services.api.TestApiCatalogManager" time="0.577"/>
  <testcase name="testCheckAdminUser" classname="com.agiletec.aps.system.services.authorization.TestAuthorizationManager" time="0.712"/>
  <testcase name="testCheckCustomerUser" classname="com.agiletec.aps.system.services.authorization.TestAuthorizationManager" time="0.637"/>
  <testcase name="testCheckNewUser" classname="com.agiletec.aps.system.services.authorization.TestAuthorizationManager" time="0.714"/>
  <testcase name="testGetUsersByAuthority_1" classname="com.agiletec.aps.system.services.authorization.TestAuthorityManager" time="0.643"/>
  <testcase name="testGetUsersByAuthority_2" classname="com.agiletec.aps.system.services.authorization.TestAuthorityManager" time="0.565"/>
  <testcase name="testSetRemoveUserAuthorization_1" classname="com.agiletec.aps.system.services.authorization.TestAuthorityManager" time="1.056"/>
  <testcase name="testSetRemoveUserAuthorization_2" classname="com.agiletec.aps.system.services.authorization.TestAuthorityManager" time="0.708"/>
  <testcase name="testSetRemoveUserAuthorizations_1" classname="com.agiletec.aps.system.services.authorization.TestAuthorityManager" time="0.574"/>
  <testcase name="testSetRemoveUserAuthorizations_2" classname="com.agiletec.aps.system.services.authorization.TestAuthorityManager" time="0.457"/>
  <testcase name="testGetAuthorizationsByUser" classname="com.agiletec.aps.system.services.authorization.TestAuthorityManager" time="0.51"/>
  <testcase name="testGetParam" classname="com.agiletec.aps.system.services.baseconfig.TestBaseConfigService" time="0.619"/>
  <testcase name="testLoadVersionItems" classname="com.agiletec.aps.system.services.baseconfig.TestConfigItemDAO" time="0.549"/>
  <testcase name="testLoadVersionItem" classname="com.agiletec.aps.system.services.baseconfig.TestConfigItemDAO" time="0.476"/>
  <testcase name="testPutGetFromCache_1" classname="com.agiletec.aps.system.services.cache.TestCacheManager" time="0.52"/>
  <testcase name="testPutGetFromCache_2" classname="com.agiletec.aps.system.services.cache.TestCacheManager" time="0.531"/>
  <testcase name="testPutGetFromCacheOnRefreshPeriod" classname="com.agiletec.aps.system.services.cache.TestCacheManager" time="3.519"/>
  <testcase name="testPutGetFromCacheGroup" classname="com.agiletec.aps.system.services.cache.TestCacheManager" time="0.566"/>
  <testcase name="testGetCategory" classname="com.agiletec.aps.system.services.category.TestCategoryManager" time="0.678"/>
  <testcase name="testAddCategory" classname="com.agiletec.aps.system.services.category.TestCategoryManager" time="0.61"/>
  <testcase name="testUpdateRemoveCategory" classname="com.agiletec.aps.system.services.category.TestCategoryManager" time="0.618"/>
  <testcase name="testGetCategories" classname="com.agiletec.aps.system.services.category.TestCategoryManager" time="0.801"/>
  <testcase name="testService_1" classname="com.agiletec.aps.system.services.controller.control.TestAuthenticator" time="0.606"/>
  <testcase name="testService_2" classname="com.agiletec.aps.system.services.controller.control.TestAuthenticator" time="0.481"/>
  <testcase name="testServiceFailure" classname="com.agiletec.aps.system.services.controller.control.TestAuthenticator" time="0.468"/>
  <testcase name="testService_1" classname="com.agiletec.aps.system.services.controller.control.TestRequestAuthorizator" time="0.481"/>
  <testcase name="testService_2" classname="com.agiletec.aps.system.services.controller.control.TestRequestAuthorizator" time="0.43"/>
  <testcase name="testServiceFailure_2" classname="com.agiletec.aps.system.services.controller.control.TestRequestAuthorizator" time="0.474"/>
  <testcase name="testServiceFailure_1" classname="com.agiletec.aps.system.services.controller.control.TestRequestAuthorizator" time="0.517"/>
  <testcase name="testService" classname="com.agiletec.aps.system.services.controller.control.TestErrorManager" time="0.464"/>
  <testcase name="testService" classname="com.agiletec.aps.system.services.controller.control.TestExecutor" time="0.415"/>
  <testcase name="testServiceFailure_2" classname="com.agiletec.aps.system.services.controller.control.TestRequestValidator" time="0.461"/>
  <testcase name="testService" classname="com.agiletec.aps.system.services.controller.control.TestRequestValidator" time="0.484"/>
  <testcase name="testServiceFailure_3" classname="com.agiletec.aps.system.services.controller.control.TestRequestValidator" time="0.472"/>
  <testcase name="testServiceFailure_1" classname="com.agiletec.aps.system.services.controller.control.TestRequestValidator" time="0.386"/>
  <testcase name="testService_1" classname="com.agiletec.aps.system.services.controller.TestControllerManager" time="0.724"/>
  <testcase name="testService_2" classname="com.agiletec.aps.system.services.controller.TestControllerManager" time="0.492"/>
  <testcase name="testService_3" classname="com.agiletec.aps.system.services.controller.TestControllerManager" time="0.395"/>
  <testcase name="testGetGroups" classname="com.agiletec.aps.system.services.group.TestGroupManager" time="0.441"/>
  <testcase name="testUpdateGroup" classname="com.agiletec.aps.system.services.group.TestGroupManager" time="0.496"/>
  <testcase name="testAddDeleteGroup" classname="com.agiletec.aps.system.services.group.TestGroupManager" time="0.611"/>
  <testcase name="testGetGroupsUtilizers_1" classname="com.agiletec.aps.system.services.group.TestGroupUtilizer" time="0.512"/>
  <testcase name="testGetGroupsUtilizers_2" classname="com.agiletec.aps.system.services.group.TestGroupUtilizer" time="0.477"/>
  <testcase name="testGetLabelsKey" classname="com.agiletec.aps.system.services.i18n.TestI18nManager" time="0.465"/>
  <testcase name="testUpdateLabels" classname="com.agiletec.aps.system.services.i18n.TestI18nManager" time="0.435"/>
  <testcase name="testGetLabels" classname="com.agiletec.aps.system.services.i18n.TestI18nManager" time="0.459"/>
  <testcase name="testAddDeleteLabels" classname="com.agiletec.aps.system.services.i18n.TestI18nManager" time="0.431"/>
  <testcase name="testGetUniqueKey" classname="com.agiletec.aps.system.services.keygenerator.TestKeyGeneratorDAO" time="0.561"/>
  <testcase name="testGetUniqueKeyCurrentValueWithRightIncrement" classname="com.agiletec.aps.system.services.keygenerator.TestKeyGeneratorManager" time="0.473"/>
  <testcase name="testGetDefaultLang" classname="com.agiletec.aps.system.services.lang.TestLangManager" time="0.443"/>
  <testcase name="testGetLangs" classname="com.agiletec.aps.system.services.lang.TestLangManager" time="0.403"/>
  <testcase name="testGetAssignableLangs" classname="com.agiletec.aps.system.services.lang.TestLangManager" time="0.394"/>
  <testcase name="testAddUpdateRemoveLang" classname="com.agiletec.aps.system.services.lang.TestLangManager" time="0.429"/>
  <testcase name="testGetLang" classname="com.agiletec.aps.system.services.lang.TestLangManager" time="0.566"/>
  <testcase name="testLoadPageList" classname="com.agiletec.aps.system.services.page.TestPageDAO" time="0.528"/>
  <testcase name="testAddUpdateDeletePage" classname="com.agiletec.aps.system.services.page.TestPageDAO" time="0.523"/>
  <testcase name="testAddUpdateMoveDeletePage" classname="com.agiletec.aps.system.services.page.TestPageManager" time="0.541"/>
  <testcase name="testFailureJoinShowlet_1" classname="com.agiletec.aps.system.services.page.TestPageManager" time="0.473"/>
  <testcase name="testFailureJoinShowlet_2" classname="com.agiletec.aps.system.services.page.TestPageManager" time="0.46"/>
  <testcase name="testFailureRemoveWidget_1" classname="com.agiletec.aps.system.services.page.TestPageManager" time="0.417"/>
  <testcase name="testFailureRemoveWidget_2" classname="com.agiletec.aps.system.services.page.TestPageManager" time="0.381"/>
  <testcase name="testJoinRemoveWidget" classname="com.agiletec.aps.system.services.page.TestPageManager" time="0.45"/>
  <testcase name="testSearchPage" classname="com.agiletec.aps.system.services.page.TestPageManager" time="0.487"/>
  <testcase name="testGetWidgetUtilizers" classname="com.agiletec.aps.system.services.page.TestPageManager" time="0.444"/>
  <testcase name="testSetExpression_1" classname="com.agiletec.aps.system.services.page.showlet.TestNavigatorExpression" time="0.384"/>
  <testcase name="testSetExpression_2" classname="com.agiletec.aps.system.services.page.showlet.TestNavigatorExpression" time="0.5"/>
  <testcase name="testSetExpression_3" classname="com.agiletec.aps.system.services.page.showlet.TestNavigatorExpression" time="0.455"/>
  <testcase name="testSetWrongExpression_1" classname="com.agiletec.aps.system.services.page.showlet.TestNavigatorExpression" time="0.411"/>
  <testcase name="testSetWrongExpression_2" classname="com.agiletec.aps.system.services.page.showlet.TestNavigatorExpression" time="0.431"/>
  <testcase name="testGetExpression_1" classname="com.agiletec.aps.system.services.page.showlet.TestNavigatorExpression" time="0.408"/>
  <testcase name="testGetExpression_2" classname="com.agiletec.aps.system.services.page.showlet.TestNavigatorExpression" time="0.428"/>
  <testcase name="testGetExpression_3" classname="com.agiletec.aps.system.services.page.showlet.TestNavigatorExpression" time="0.428"/>
  <testcase name="testGetExpression_4" classname="com.agiletec.aps.system.services.page.showlet.TestNavigatorExpression" time="0.48"/>
  <testcase name="testGetWrongExpression_1" classname="com.agiletec.aps.system.services.page.showlet.TestNavigatorExpression" time="0.414"/>
  <testcase name="testGetWrongExpression_2" classname="com.agiletec.aps.system.services.page.showlet.TestNavigatorExpression" time="0.384"/>
  <testcase name="testGetTargets_1" classname="com.agiletec.aps.system.services.page.showlet.TestNavigatorParser" time="0.442"/>
  <testcase name="testGetTargets_2" classname="com.agiletec.aps.system.services.page.showlet.TestNavigatorParser" time="0.578"/>
  <testcase name="testGetTargets_3" classname="com.agiletec.aps.system.services.page.showlet.TestNavigatorParser" time="0.429"/>
  <testcase name="testGetTargets_4" classname="com.agiletec.aps.system.services.page.showlet.TestNavigatorParser" time="0.585"/>
  <testcase name="testGetTargets_5" classname="com.agiletec.aps.system.services.page.showlet.TestNavigatorParser" time="0.461"/>
  <testcase name="testLoadModels" classname="com.agiletec.aps.system.services.pagemodel.TestPageModelDAO" time="0.52"/>
  <testcase name="testGetFrames" classname="com.agiletec.aps.system.services.pagemodel.TestPageModelDOM" time="0.443"/>
  <testcase name="testGetPageModels" classname="com.agiletec.aps.system.services.pagemodel.TestPageModelManager" time="0.541"/>
  <testcase name="testGetModel" classname="com.agiletec.aps.system.services.pagemodel.TestPageModelManager" time="0.5"/>
  <testcase name="testGetPageModel" classname="com.agiletec.aps.system.services.pagemodel.TestPageModelManager" time="0.465"/>
  <testcase name="testAddUpdateDeletePermission" classname="com.agiletec.aps.system.services.role.TestPermissionDAO" time="0.437"/>
  <testcase name="testAddUpdateDeleteRole" classname="com.agiletec.aps.system.services.role.TestRoleDAO" time="0.748"/>
  <testcase name="testAddUpdateDeletePermission" classname="com.agiletec.aps.system.services.role.TestRoleManager" time="0.564"/>
  <testcase name="testGetRolesWithPemission" classname="com.agiletec.aps.system.services.role.TestRoleManager" time="0.479"/>
  <testcase name="testLoadWidgetTypes" classname="com.agiletec.aps.system.services.widgettype.TestWidgetTypeDAO" time="0.493"/>
  <testcase name="testCreateConfig" classname="com.agiletec.aps.system.services.widgettype.TestWidgetTypeDOM" time="0.383"/>
  <testcase name="testParseConfig" classname="com.agiletec.aps.system.services.widgettype.TestWidgetTypeDOM" time="0.432"/>
  <testcase name="testUpdate" classname="com.agiletec.aps.system.services.widgettype.TestWidgetTypeManager" time="0.541"/>
  <testcase name="testGetWidgetType_1" classname="com.agiletec.aps.system.services.widgettype.TestWidgetTypeManager" time="0.595"/>
  <testcase name="testGetWidgetType_2" classname="com.agiletec.aps.system.services.widgettype.TestWidgetTypeManager" time="0.549"/>
  <testcase name="testFailureDeleteWidgetType_1" classname="com.agiletec.aps.system.services.widgettype.TestWidgetTypeManager" time="0.386"/>
  <testcase name="testFailureDeleteWidgetType_2" classname="com.agiletec.aps.system.services.widgettype.TestWidgetTypeManager" time="0.397"/>
  <testcase name="testAddDeleteWidgetType" classname="com.agiletec.aps.system.services.widgettype.TestWidgetTypeManager" time="0.417"/>
  <testcase name="testUpdateTitles" classname="com.agiletec.aps.system.services.widgettype.TestWidgetTypeManager" time="0.442"/>
  <testcase name="testGetWidgetTypes" classname="com.agiletec.aps.system.services.widgettype.TestWidgetTypeManager" time="0.439"/>
  <testcase name="testGetURLString_1" classname="com.agiletec.aps.system.services.url.TestURLManager" time="0.456"/>
  <testcase name="testGetURLString_2" classname="com.agiletec.aps.system.services.url.TestURLManager" time="0.474"/>
  <testcase name="testGetUser" classname="com.agiletec.aps.system.services.user.TestAuthenticationProviderManager" time="0.426"/>
  <testcase name="testUpdateUserAuthorities" classname="com.agiletec.aps.system.services.user.TestAuthenticationProviderManager" time="0.54"/>
  <testcase name="testGetUserWithPrivacyModuleEnabled" classname="com.agiletec.aps.system.services.user.TestAuthenticationProviderManager" time="0.454"/>
  <testcase name="testAuthWithPrivacyModuleEnabled" classname="com.agiletec.aps.system.services.user.TestAuthenticationProviderManager" time="0.611"/>
  <testcase name="testUpdateRoleWithPrivacyModuleEnabled" classname="com.agiletec.aps.system.services.user.TestAuthenticationProviderManager" time="0.478"/>
  <testcase name="testUpdateUser" classname="com.agiletec.aps.system.services.user.TestUserDAO" time="0.436"/>
  <testcase name="testAddDeleteUser" classname="com.agiletec.aps.system.services.user.TestUserDAO" time="0.485"/>
  <testcase name="testGetUsers" classname="com.agiletec.aps.system.services.user.TestUserManager" time="0.493"/>
  <testcase name="testGetServices" classname="com.agiletec.aps.system.TestApplicationContext" time="0.413"/>
  <testcase name="testGetParsedText" classname="com.agiletec.aps.util.TestHtmlHandler" time="0.391"/>
  <testcase name="testInitialize" classname="org.entando.entando.aps.system.services.userprofile.TestUserProfileManager" time="0.55"/>
  <testcase name="testAddProfile" classname="org.entando.entando.aps.system.services.userprofile.TestUserProfileManager" time="0.478"/>
  <testcase name="testAttributeSupportObjects" classname="org.entando.entando.aps.system.services.userprofile.TestUserProfileManager" time="0.474"/>
  <testcase name="testRemoveInsesistentUser" classname="org.entando.entando.aps.system.services.userprofile.TestUserProfileManager" time="0.527"/>
  <testcase name="testSearchProfiles_1" classname="org.entando.entando.aps.system.services.userprofile.TestUserProfileManager" time="0.558"/>
  <testcase name="testSearchProfiles_2" classname="org.entando.entando.aps.system.services.userprofile.TestUserProfileManager" time="0.509"/>
  <testcase name="testSearchProfileRecords" classname="org.entando.entando.aps.system.services.userprofile.TestUserProfileManager" time="0.533"/>
  <testcase name="testUpdateUser" classname="org.entando.entando.aps.system.services.userprofile.TestUserManager" time="0.565"/>
  <testcase name="testInitialize" classname="org.entando.entando.aps.system.services.userprofile.TestUserManager" time="0.467"/>
  <testcase name="testAddDeleteUser" classname="org.entando.entando.aps.system.services.userprofile.TestUserManager" time="0.793"/>
</testsuite>