<?xml version="1.0" encoding="UTF-8"?>
<testsuite xmlns:xsi="http://www.w3.org/2001/XMLSchema-instance" xsi:schemaLocation="https://maven.apache.org/surefire/maven-surefire-plugin/xsd/surefire-test-report.xsd" name="com.agiletec.apsadmin.AllTests" time="26.893" tests="224" errors="0" skipped="0" failures="0">
  <properties>
    <property name="java.runtime.name" value="OpenJDK Runtime Environment"/>
    <property name="sun.boot.library.path" value="/usr/local/openjdk-8/jre/lib/amd64"/>
    <property name="java.vm.version" value="25.262-b10"/>
    <property name="animal.sniffer.skip" value="true"/>
    <property name="java.vm.vendor" value="Oracle Corporation"/>
    <property name="maven.multiModuleProjectDirectory" value="/tmp/tmptaiy7tn5/entando-core-engine"/>
    <property name="maven.javadoc.skip" value="true"/>
    <property name="java.vendor.url" value="http://java.oracle.com/"/>
    <property name="path.separator" value=":"/>
    <property name="guice.disable.misplaced.annotation.check" value="true"/>
    <property name="java.vm.name" value="OpenJDK 64-Bit Server VM"/>
    <property name="file.encoding.pkg" value="sun.io"/>
    <property name="sun.java.launcher" value="SUN_STANDARD"/>
    <property name="sun.os.patch.level" value="unknown"/>
    <property name="source.skip" value="true"/>
    <property name="java.vm.specification.name" value="Java Virtual Machine Specification"/>
    <property name="user.dir" value="/tmp/tmptaiy7tn5/entando-core-engine"/>
    <property name="java.runtime.version" value="1.8.0_262-b10"/>
    <property name="java.awt.graphicsenv" value="sun.awt.X11GraphicsEnvironment"/>
    <property name="java.endorsed.dirs" value="/usr/local/openjdk-8/jre/lib/endorsed"/>
    <property name="os.arch" value="amd64"/>
    <property name="java.io.tmpdir" value="/tmp"/>
    <property name="line.separator" value="&#10;"/>
    <property name="java.vm.specification.vendor" value="Oracle Corporation"/>
    <property name="os.name" value="Linux"/>
    <property name="classworlds.conf" value="/usr/share/maven/bin/m2.conf"/>
    <property name="sun.jnu.encoding" value="UTF-8"/>
    <property name="java.library.path" value="/usr/java/packages/lib/amd64:/usr/lib64:/lib64:/lib:/usr/lib"/>
    <property name="license.skip" value="true"/>
    <property name="maven.conf" value="/usr/share/maven/conf"/>
    <property name="java.specification.name" value="Java Platform API Specification"/>
    <property name="java.class.version" value="52.0"/>
    <property name="sun.management.compiler" value="HotSpot 64-Bit Tiered Compilers"/>
    <property name="maven.test.failure.ignore" value="true"/>
    <property name="os.version" value="4.15.0-109-generic"/>
    <property name="library.jansi.path" value="/usr/share/maven/lib/jansi-native"/>
    <property name="user.home" value="/home/jdbl"/>
    <property name="user.timezone" value="Etc/UTC"/>
    <property name="java.awt.printerjob" value="sun.print.PSPrinterJob"/>
    <property name="java.specification.version" value="1.8"/>
    <property name="file.encoding" value="UTF-8"/>
    <property name="user.name" value="jdbl"/>
    <property name="java.class.path" value="/usr/share/maven/boot/plexus-classworlds-2.6.0.jar"/>
    <property name="java.vm.specification.version" value="1.8"/>
    <property name="sun.arch.data.model" value="64"/>
    <property name="java.home" value="/usr/local/openjdk-8/jre"/>
    <property name="sun.java.command" value="org.codehaus.plexus.classworlds.launcher.Launcher test -e --fail-never -ntp -Dmaven.test.failure.ignore=true -B -Dmaven.javadoc.skip=true -Drat.skip=true -Danimal.sniffer.skip=true -Dmaven.javadoc.skip=true -Dlicense.skip=true -Dsource.skip=true"/>
    <property name="java.specification.vendor" value="Oracle Corporation"/>
    <property name="user.language" value="en"/>
    <property name="awt.toolkit" value="sun.awt.X11.XToolkit"/>
    <property name="java.vm.info" value="mixed mode"/>
    <property name="java.version" value="1.8.0_262"/>
    <property name="java.ext.dirs" value="/usr/local/openjdk-8/jre/lib/ext:/usr/java/packages/lib/ext"/>
    <property name="securerandom.source" value="file:/dev/./urandom"/>
    <property name="sun.boot.class.path" value="/usr/local/openjdk-8/jre/lib/resources.jar:/usr/local/openjdk-8/jre/lib/rt.jar:/usr/local/openjdk-8/jre/lib/sunrsasign.jar:/usr/local/openjdk-8/jre/lib/jsse.jar:/usr/local/openjdk-8/jre/lib/jce.jar:/usr/local/openjdk-8/jre/lib/charsets.jar:/usr/local/openjdk-8/jre/lib/jfr.jar:/usr/local/openjdk-8/jre/classes"/>
    <property name="java.vendor" value="Oracle Corporation"/>
    <property name="rat.skip" value="true"/>
    <property name="maven.home" value="/usr/share/maven"/>
    <property name="file.separator" value="/"/>
    <property name="java.vendor.url.bug" value="http://bugreport.sun.com/bugreport/"/>
    <property name="sun.cpu.endian" value="little"/>
    <property name="sun.io.unicode.encoding" value="UnicodeLittle"/>
    <property name="sun.cpu.isalist" value=""/>
  </properties>
  <testcase name="testRemoveLang" classname="com.agiletec.apsadmin.admin.lang.TestLangAction" time="1.352"/>
  <testcase name="testFailureRemoveDefaultLang" classname="com.agiletec.apsadmin.admin.lang.TestLangAction" time="0.204"/>
  <testcase name="testFailureAddNewLang" classname="com.agiletec.apsadmin.admin.lang.TestLangAction" time="0.156"/>
  <testcase name="testAddNewLang" classname="com.agiletec.apsadmin.admin.lang.TestLangAction" time="0.155"/>
  <testcase name="testList" classname="com.agiletec.apsadmin.admin.lang.TestLangFinderAction" time="0.125"/>
  <testcase name="testFailureSaveNew_1" classname="com.agiletec.apsadmin.admin.localestring.TestLocaleStringAction" time="0.169"/>
  <testcase name="testFailureSaveNew_2" classname="com.agiletec.apsadmin.admin.localestring.TestLocaleStringAction" time="0.131"/>
  <testcase name="testFailureSaveEdit" classname="com.agiletec.apsadmin.admin.localestring.TestLocaleStringAction" time="0.153"/>
  <testcase name="testSaveEdit" classname="com.agiletec.apsadmin.admin.localestring.TestLocaleStringAction" time="0.131"/>
  <testcase name="testSaveDelete" classname="com.agiletec.apsadmin.admin.localestring.TestLocaleStringAction" time="0.111"/>
  <testcase name="testEdit" classname="com.agiletec.apsadmin.admin.localestring.TestLocaleStringAction" time="0.1"/>
  <testcase name="testSaveNew" classname="com.agiletec.apsadmin.admin.localestring.TestLocaleStringAction" time="0.126"/>
  <testcase name="testNew" classname="com.agiletec.apsadmin.admin.localestring.TestLocaleStringAction" time="0.088"/>
  <testcase name="testSearch" classname="com.agiletec.apsadmin.admin.localestring.TestLocaleStringFinderAction" time="0.101"/>
  <testcase name="testList" classname="com.agiletec.apsadmin.admin.localestring.TestLocaleStringFinderAction" time="0.102"/>
  <testcase name="testReloadConfig" classname="com.agiletec.apsadmin.admin.TestBaseAdminAction" time="0.167"/>
  <testcase name="testReloadEntitiesReferences" classname="com.agiletec.apsadmin.admin.TestBaseAdminAction" time="0.094"/>
  <testcase name="testConfigSystemParams" classname="com.agiletec.apsadmin.admin.TestBaseAdminAction" time="0.155"/>
  <testcase name="testUpdateConfigParams_1" classname="com.agiletec.apsadmin.admin.TestBaseAdminAction" time="0.113"/>
  <testcase name="testUpdateConfigParams_2" classname="com.agiletec.apsadmin.admin.TestBaseAdminAction" time="0.109"/>
  <testcase name="testUpdateConfigParams_3" classname="com.agiletec.apsadmin.admin.TestBaseAdminAction" time="0.09"/>
  <testcase name="testUpdateXmlItemParams" classname="com.agiletec.apsadmin.admin.TestSystemParamsUtils" time="0.085"/>
  <testcase name="testGoOnMainPage" classname="com.agiletec.apsadmin.common.TestDispatchForward" time="0.078"/>
  <testcase name="testGoOnMainPageWithUserNotAbilitated" classname="com.agiletec.apsadmin.common.TestDispatchForward" time="0.082"/>
  <testcase name="testGoOnMainPageWithNullUser" classname="com.agiletec.apsadmin.common.TestDispatchForward" time="0.087"/>
  <testcase name="testFailedLogin1" classname="com.agiletec.apsadmin.common.TestLoginAction" time="0.104"/>
  <testcase name="testFailedLogin2" classname="com.agiletec.apsadmin.common.TestLoginAction" time="0.161"/>
  <testcase name="testFailedLogin3" classname="com.agiletec.apsadmin.common.TestLoginAction" time="0.078"/>
  <testcase name="testFailedLogin4" classname="com.agiletec.apsadmin.common.TestLoginAction" time="0.066"/>
  <testcase name="testSuccessfulLogin1" classname="com.agiletec.apsadmin.common.TestLoginAction" time="0.072"/>
  <testcase name="testGoChangePasswordPage" classname="com.agiletec.apsadmin.common.TestBaseCommonAction" time="0.085"/>
  <testcase name="testFailureUpdate" classname="com.agiletec.apsadmin.common.TestBaseCommonAction" time="0.106"/>
  <testcase name="testSuccessfulUpdate" classname="com.agiletec.apsadmin.common.TestBaseCommonAction" time="0.106"/>
  <testcase name="testEditProfile_1" classname="org.entando.entando.apsadmin.common.currentuser.TestCurrentUserProfileAction" time="0.088"/>
  <testcase name="testEditProfile_2" classname="org.entando.entando.apsadmin.common.currentuser.TestCurrentUserProfileAction" time="0.069"/>
  <testcase name="testValidateProfile" classname="org.entando.entando.apsadmin.common.currentuser.TestCurrentUserProfileAction" time="0.119"/>
  <testcase name="testInit" classname="com.agiletec.apsadmin.common.TestShortcutConfigAction" time="0.07"/>
  <testcase name="testValidateConfigPosition" classname="com.agiletec.apsadmin.common.TestShortcutConfigAction" time="0.063"/>
  <testcase name="testValidateJoinMyShortcut_1" classname="com.agiletec.apsadmin.common.TestShortcutConfigAction" time="0.093"/>
  <testcase name="testValidateJoinMyShortcut_2" classname="com.agiletec.apsadmin.common.TestShortcutConfigAction" time="0.074"/>
  <testcase name="testJoinMyShortcut_1" classname="com.agiletec.apsadmin.common.TestShortcutConfigAction" time="0.12"/>
  <testcase name="testJoinMyShortcut_2" classname="com.agiletec.apsadmin.common.TestShortcutConfigAction" time="0.095"/>
  <testcase name="testValidateRemoveMyShortcut" classname="com.agiletec.apsadmin.common.TestShortcutConfigAction" time="0.074"/>
  <testcase name="testRemoveMyShortcut" classname="com.agiletec.apsadmin.common.TestShortcutConfigAction" time="0.258"/>
  <testcase name="testValidateSwapMyShortcut" classname="com.agiletec.apsadmin.common.TestShortcutConfigAction" time="0.09"/>
  <testcase name="testSwapMyShortcut" classname="com.agiletec.apsadmin.common.TestShortcutConfigAction" time="0.093"/>
  <testcase name="testServiceList" classname="org.entando.entando.apsadmin.api.TestApiServiceFinderAction" time="0.07"/>
  <testcase name="testNewCategory" classname="com.agiletec.apsadmin.category.TestCategoryAction" time="0.07"/>
  <testcase name="testViewTree" classname="com.agiletec.apsadmin.category.TestCategoryAction" time="0.061"/>
  <testcase name="testEditCategory" classname="com.agiletec.apsadmin.category.TestCategoryAction" time="0.087"/>
  <testcase name="testValidateAddCategory_1" classname="com.agiletec.apsadmin.category.TestCategoryAction" time="0.104"/>
  <testcase name="testValidateAddCategory_2" classname="com.agiletec.apsadmin.category.TestCategoryAction" time="0.109"/>
  <testcase name="testValidateAddCategory_3" classname="com.agiletec.apsadmin.category.TestCategoryAction" time="0.074"/>
  <testcase name="testValidateAddCategory_4" classname="com.agiletec.apsadmin.category.TestCategoryAction" time="0.081"/>
  <testcase name="testAddCategory_1" classname="com.agiletec.apsadmin.category.TestCategoryAction" time="0.109"/>
  <testcase name="testAddCategory_2" classname="com.agiletec.apsadmin.category.TestCategoryAction" time="0.099"/>
  <testcase name="testTrashCategory" classname="com.agiletec.apsadmin.category.TestCategoryAction" time="0.132"/>
  <testcase name="testDeleteCategory_1" classname="com.agiletec.apsadmin.category.TestCategoryAction" time="0.104"/>
  <testcase name="testDeleteCategory_2" classname="com.agiletec.apsadmin.category.TestCategoryAction" time="0.08"/>
  <testcase name="testCategoryDetails_1" classname="com.agiletec.apsadmin.category.TestCategoryAction" time="0.091"/>
  <testcase name="testCategoryDetails_2" classname="com.agiletec.apsadmin.category.TestCategoryAction" time="0.067"/>
  <testcase name="testValidateSavePage" classname="com.agiletec.apsadmin.portal.TestPageAction" time="0.151"/>
  <testcase name="testSavePage_2" classname="com.agiletec.apsadmin.portal.TestPageAction" time="0.347"/>
  <testcase name="testTrashPage" classname="com.agiletec.apsadmin.portal.TestPageAction" time="0.09"/>
  <testcase name="testGetBreadCrumbs" classname="com.agiletec.apsadmin.portal.TestPageAction" time="0.078"/>
  <testcase name="testGetBreadCrumbsTargets" classname="com.agiletec.apsadmin.portal.TestPageAction" time="0.072"/>
  <testcase name="testSavePage_1" classname="com.agiletec.apsadmin.portal.TestPageAction" time="0.1"/>
  <testcase name="testSearchPage" classname="com.agiletec.apsadmin.portal.TestPageAction" time="0.114"/>
  <testcase name="testNewPage" classname="com.agiletec.apsadmin.portal.TestPageAction" time="0.08"/>
  <testcase name="testEditPageForAdminUser" classname="com.agiletec.apsadmin.portal.TestPageAction" time="0.077"/>
  <testcase name="testEditForCoachUser" classname="com.agiletec.apsadmin.portal.TestPageAction" time="0.063"/>
  <testcase name="testDetailPageForAdmin" classname="com.agiletec.apsadmin.portal.TestPageAction" time="0.059"/>
  <testcase name="testDetailForCoachUser" classname="com.agiletec.apsadmin.portal.TestPageAction" time="0.067"/>
  <testcase name="testAddForAdminUser" classname="com.agiletec.apsadmin.portal.TestPageAction" time="0.107"/>
  <testcase name="testNewPageByCustomerUser" classname="com.agiletec.apsadmin.portal.TestPageAction" time="0.074"/>
  <testcase name="testNewPageByCoachUser" classname="com.agiletec.apsadmin.portal.TestPageAction" time="0.067"/>
  <testcase name="testPasteForAdminUser" classname="com.agiletec.apsadmin.portal.TestPageAction" time="0.06"/>
  <testcase name="testPasteForCoachUser" classname="com.agiletec.apsadmin.portal.TestPageAction" time="0.058"/>
  <testcase name="testJoinWidget" classname="com.agiletec.apsadmin.portal.TestPageConfigAction" time="0.088"/>
  <testcase name="testTrashShowlet" classname="com.agiletec.apsadmin.portal.TestPageConfigAction" time="0.066"/>
  <testcase name="testConfigEditFrame" classname="com.agiletec.apsadmin.portal.TestPageConfigAction" time="0.076"/>
  <testcase name="testDeleteShowlet" classname="com.agiletec.apsadmin.portal.TestPageConfigAction" time="0.108"/>
  <testcase name="testJoinRemoveWidget" classname="com.agiletec.apsadmin.portal.TestPageConfigAction" time="0.189"/>
  <testcase name="testConfigPage" classname="com.agiletec.apsadmin.portal.TestPageConfigAction" time="0.08"/>
  <testcase name="testViewTree_5" classname="com.agiletec.apsadmin.portal.TestPageTreeAction" time="0.064"/>
  <testcase name="testViewTree_4" classname="com.agiletec.apsadmin.portal.TestPageTreeAction" time="0.06"/>
  <testcase name="testViewTree_2" classname="com.agiletec.apsadmin.portal.TestPageTreeAction" time="0.056"/>
  <testcase name="testViewTree_1" classname="com.agiletec.apsadmin.portal.TestPageTreeAction" time="0.056"/>
  <testcase name="testViewTree_6" classname="com.agiletec.apsadmin.portal.TestPageTreeAction" time="0.055"/>
  <testcase name="testMoveHome" classname="com.agiletec.apsadmin.portal.TestPageTreeAction" time="0.056"/>
  <testcase name="testMoveForAdminUser" classname="com.agiletec.apsadmin.portal.TestPageTreeAction" time="0.077"/>
  <testcase name="testMoveForCoachUser" classname="com.agiletec.apsadmin.portal.TestPageTreeAction" time="0.076"/>
  <testcase name="testMovementNotAllowed" classname="com.agiletec.apsadmin.portal.TestPageTreeAction" time="0.059"/>
  <testcase name="testCopyForAdminUser" classname="com.agiletec.apsadmin.portal.TestPageTreeAction" time="0.06"/>
  <testcase name="testCopyForCoachUser" classname="com.agiletec.apsadmin.portal.TestPageTreeAction" time="0.074"/>
  <testcase name="testViewTree_3" classname="com.agiletec.apsadmin.portal.TestPageTreeAction" time="0.059"/>
  <testcase name="testGetWidgetFlavours" classname="com.agiletec.apsadmin.portal.TestWidgetsViewerAction" time="0.073"/>
  <testcase name="testGetWidgetUtilizers_1" classname="com.agiletec.apsadmin.portal.TestWidgetsViewerAction" time="0.082"/>
  <testcase name="testGetWidgetUtilizers_2" classname="com.agiletec.apsadmin.portal.TestWidgetsViewerAction" time="0.073"/>
  <testcase name="testViewWidgets" classname="com.agiletec.apsadmin.portal.TestWidgetsViewerAction" time="0.07"/>
  <testcase name="testTrashType" classname="com.agiletec.apsadmin.portal.TestWidgetTypeAction" time="0.132"/>
  <testcase name="testFailureUpdateTitles" classname="com.agiletec.apsadmin.portal.TestWidgetTypeAction" time="0.115"/>
  <testcase name="testFailureTrashType_1" classname="com.agiletec.apsadmin.portal.TestWidgetTypeAction" time="0.104"/>
  <testcase name="testFailureTrashType_2" classname="com.agiletec.apsadmin.portal.TestWidgetTypeAction" time="0.093"/>
  <testcase name="testCopyWidgetType" classname="com.agiletec.apsadmin.portal.TestWidgetTypeAction" time="0.11"/>
  <testcase name="testNewWidgetType" classname="com.agiletec.apsadmin.portal.TestWidgetTypeAction" time="0.096"/>
  <testcase name="testFailurePasteWidgetType" classname="com.agiletec.apsadmin.portal.TestWidgetTypeAction" time="0.109"/>
  <testcase name="testFailureAddNewWidgetType" classname="com.agiletec.apsadmin.portal.TestWidgetTypeAction" time="0.103"/>
  <testcase name="testValidatePasteWidgetType" classname="com.agiletec.apsadmin.portal.TestWidgetTypeAction" time="0.111"/>
  <testcase name="testValidateAddNewWidgetType" classname="com.agiletec.apsadmin.portal.TestWidgetTypeAction" time="0.073"/>
  <testcase name="testPasteNewWidgetType_1" classname="com.agiletec.apsadmin.portal.TestWidgetTypeAction" time="0.076"/>
  <testcase name="testPasteNewWidgetType_2" classname="com.agiletec.apsadmin.portal.TestWidgetTypeAction" time="0.125"/>
  <testcase name="testAddNewWidgetType" classname="com.agiletec.apsadmin.portal.TestWidgetTypeAction" time="0.076"/>
  <testcase name="testUpdate" classname="com.agiletec.apsadmin.portal.TestWidgetTypeAction" time="0.116"/>
  <testcase name="testUpdateTitles" classname="com.agiletec.apsadmin.portal.TestWidgetTypeAction" time="0.092"/>
  <testcase name="testInitConfigSimpleParameter_withNoShowletCode" classname="com.agiletec.apsadmin.portal.specialwidget.TestSimpleWidgetConfigAction" time="0.782"/>
  <testcase name="testSave" classname="com.agiletec.apsadmin.portal.specialwidget.TestSimpleWidgetConfigAction" time="0.215"/>
  <testcase name="testInitConfigSimpleParameter_1" classname="com.agiletec.apsadmin.portal.specialwidget.TestSimpleWidgetConfigAction" time="0.142"/>
  <testcase name="testInitConfigSimpleParameter_2" classname="com.agiletec.apsadmin.portal.specialwidget.TestSimpleWidgetConfigAction" time="0.114"/>
  <testcase name="testSave" classname="com.agiletec.apsadmin.portal.specialwidget.navigator.TestNavigatorWidgetConfigAction" time="0.622"/>
  <testcase name="testInitConfigNavigator_1" classname="com.agiletec.apsadmin.portal.specialwidget.navigator.TestNavigatorWidgetConfigAction" time="0.191"/>
  <testcase name="testInitConfigNavigator_2" classname="com.agiletec.apsadmin.portal.specialwidget.navigator.TestNavigatorWidgetConfigAction" time="0.202"/>
  <testcase name="testExecuteMoveExpression_1" classname="com.agiletec.apsadmin.portal.specialwidget.navigator.TestNavigatorWidgetConfigAction" time="0.185"/>
  <testcase name="testExecuteMoveExpression_2" classname="com.agiletec.apsadmin.portal.specialwidget.navigator.TestNavigatorWidgetConfigAction" time="0.229"/>
  <testcase name="testExecuteMoveExpression_3" classname="com.agiletec.apsadmin.portal.specialwidget.navigator.TestNavigatorWidgetConfigAction" time="0.204"/>
  <testcase name="testExecuteRemoveExpression_1" classname="com.agiletec.apsadmin.portal.specialwidget.navigator.TestNavigatorWidgetConfigAction" time="0.189"/>
  <testcase name="testExecuteRemoveExpression_2" classname="com.agiletec.apsadmin.portal.specialwidget.navigator.TestNavigatorWidgetConfigAction" time="0.214"/>
  <testcase name="testFailureAddExpression_1" classname="com.agiletec.apsadmin.portal.specialwidget.navigator.TestNavigatorWidgetConfigAction" time="0.105"/>
  <testcase name="testFailureAddExpression_2" classname="com.agiletec.apsadmin.portal.specialwidget.navigator.TestNavigatorWidgetConfigAction" time="0.094"/>
  <testcase name="testFailureAddExpression_3" classname="com.agiletec.apsadmin.portal.specialwidget.navigator.TestNavigatorWidgetConfigAction" time="0.106"/>
  <testcase name="testFailureAddExpression_4" classname="com.agiletec.apsadmin.portal.specialwidget.navigator.TestNavigatorWidgetConfigAction" time="0.11"/>
  <testcase name="testExecuteAddExpression_1" classname="com.agiletec.apsadmin.portal.specialwidget.navigator.TestNavigatorWidgetConfigAction" time="0.111"/>
  <testcase name="testExecuteAddExpression_2" classname="com.agiletec.apsadmin.portal.specialwidget.navigator.TestNavigatorWidgetConfigAction" time="0.079"/>
  <testcase name="testFailureSaveEmptyExpression" classname="com.agiletec.apsadmin.portal.specialwidget.navigator.TestNavigatorWidgetConfigAction" time="0.073"/>
  <testcase name="testExecuteViewServices" classname="com.agiletec.apsadmin.system.entity.TestEntityManagersAction" time="0.08"/>
  <testcase name="testGetEntityPrototypes" classname="com.agiletec.apsadmin.system.entity.TestEntityManagersAction" time="0.109"/>
  <testcase name="testGetWrongEntityPrototypes" classname="com.agiletec.apsadmin.system.entity.TestEntityManagersAction" time="0.112"/>
  <testcase name="testInitAddEntityType" classname="com.agiletec.apsadmin.system.entity.TestEntityManagersAction" time="0.11"/>
  <testcase name="testInitEditEntityType" classname="com.agiletec.apsadmin.system.entity.TestEntityManagersAction" time="0.107"/>
  <testcase name="testEditAttribute" classname="com.agiletec.apsadmin.system.entity.TestEntityManagersAction" time="0.175"/>
  <testcase name="testSaveNewAttribute" classname="com.agiletec.apsadmin.system.entity.TestEntityManagersAction" time="0.142"/>
  <testcase name="testGetAllowedShortcuts" classname="com.agiletec.apsadmin.system.services.TestShortcutManager" time="0.545"/>
  <testcase name="testSaveShortcutConfig_1" classname="com.agiletec.apsadmin.system.services.TestShortcutManager" time="0.536"/>
  <testcase name="testSaveShortcutConfig_2" classname="com.agiletec.apsadmin.system.services.TestShortcutManager" time="0.574"/>
  <testcase name="testSaveShortcutConfig_3" classname="com.agiletec.apsadmin.system.services.TestShortcutManager" time="0.501"/>
  <testcase name="testSaveShortcutConfig_4" classname="com.agiletec.apsadmin.system.services.TestShortcutManager" time="0.516"/>
  <testcase name="testEdit" classname="org.entando.entando.apsadmin.user.TestUserAction" time="0.066"/>
  <testcase name="testNew" classname="org.entando.entando.apsadmin.user.TestUserAction" time="0.083"/>
  <testcase name="testFailureTrash" classname="org.entando.entando.apsadmin.user.TestUserAction" time="0.08"/>
  <testcase name="testDelete" classname="org.entando.entando.apsadmin.user.TestUserAction" time="0.099"/>
  <testcase name="testAddNew_1" classname="org.entando.entando.apsadmin.user.TestUserAction" time="0.124"/>
  <testcase name="testResetUser" classname="org.entando.entando.apsadmin.user.TestUserAction" time="0.158"/>
  <testcase name="testAddNew_2" classname="org.entando.entando.apsadmin.user.TestUserAction" time="0.181"/>
  <testcase name="testTrash" classname="org.entando.entando.apsadmin.user.TestUserAction" time="0.089"/>
  <testcase name="testFailureEdit" classname="org.entando.entando.apsadmin.user.TestUserAction" time="0.084"/>
  <testcase name="testAddEditDelete" classname="org.entando.entando.apsadmin.user.TestUserAction" time="0.111"/>
  <testcase name="testFailureDisableAdminUser" classname="org.entando.entando.apsadmin.user.TestUserAction" time="0.087"/>
  <testcase name="testSaveNewFailure" classname="org.entando.entando.apsadmin.user.TestUserAction" time="0.129"/>
  <testcase name="testSaveEditFailure" classname="org.entando.entando.apsadmin.user.TestUserAction" time="0.151"/>
  <testcase name="testFailureDelete" classname="org.entando.entando.apsadmin.user.TestUserAction" time="0.077"/>
  <testcase name="testSearchUsers" classname="org.entando.entando.apsadmin.user.TestUserFinderAction" time="0.128"/>
  <testcase name="testListWithUserNotAllowed" classname="org.entando.entando.apsadmin.user.TestUserFinderAction" time="0.083"/>
  <testcase name="testList" classname="org.entando.entando.apsadmin.user.TestUserFinderAction" time="0.066"/>
  <testcase name="testEditProfile_3" classname="org.entando.entando.apsadmin.user.TestUserProfileAction" time="0.118"/>
  <testcase name="testValidateNewProfile" classname="org.entando.entando.apsadmin.user.TestUserProfileAction" time="0.1"/>
  <testcase name="testSaveProfile" classname="org.entando.entando.apsadmin.user.TestUserProfileAction" time="0.115"/>
  <testcase name="testNewProfile" classname="org.entando.entando.apsadmin.user.TestUserProfileAction" time="0.073"/>
  <testcase name="testEditProfile_1" classname="org.entando.entando.apsadmin.user.TestUserProfileAction" time="0.084"/>
  <testcase name="testEditProfile_2" classname="org.entando.entando.apsadmin.user.TestUserProfileAction" time="0.089"/>
  <testcase name="testValidateProfile" classname="org.entando.entando.apsadmin.user.TestUserProfileAction" time="0.087"/>
  <testcase name="testNotSurname" classname="org.entando.entando.apsadmin.user.TestUserProfileFinderAction" time="0.075"/>
  <testcase name="testNotName" classname="org.entando.entando.apsadmin.user.TestUserProfileFinderAction" time="0.067"/>
  <testcase name="testSearch_1" classname="org.entando.entando.apsadmin.user.TestUserProfileFinderAction" time="0.062"/>
  <testcase name="testFindByName" classname="org.entando.entando.apsadmin.user.TestUserProfileFinderAction" time="0.066"/>
  <testcase name="testSearch_2" classname="org.entando.entando.apsadmin.user.TestUserProfileFinderAction" time="0.085"/>
  <testcase name="testFindSurname" classname="org.entando.entando.apsadmin.user.TestUserProfileFinderAction" time="0.06"/>
  <testcase name="testSearchSuperUser" classname="org.entando.entando.apsadmin.user.TestUserProfileFinderAction" time="0.07"/>
  <testcase name="testSearchGenericUser" classname="org.entando.entando.apsadmin.user.TestUserProfileFinderAction" time="0.055"/>
  <testcase name="testInsertUsername" classname="org.entando.entando.apsadmin.user.TestUserProfileFinderAction" time="0.063"/>
  <testcase name="testFindByDateRange" classname="org.entando.entando.apsadmin.user.TestUserProfileFinderAction" time="0.074"/>
  <testcase name="testNotDateInRange" classname="org.entando.entando.apsadmin.user.TestUserProfileFinderAction" time="0.069"/>
  <testcase name="testFindEmail" classname="org.entando.entando.apsadmin.user.TestUserProfileFinderAction" time="0.079"/>
  <testcase name="testNotEmailFind" classname="org.entando.entando.apsadmin.user.TestUserProfileFinderAction" time="0.09"/>
  <testcase name="testFindCrossAttribute" classname="org.entando.entando.apsadmin.user.TestUserProfileFinderAction" time="0.093"/>
  <testcase name="testFindNotCrossAttribute" classname="org.entando.entando.apsadmin.user.TestUserProfileFinderAction" time="0.084"/>
  <testcase name="testChangeEntityType" classname="org.entando.entando.apsadmin.user.TestUserProfileFinderAction" time="0.056"/>
  <testcase name="testGetEmail" classname="org.entando.entando.apsadmin.user.TestUserProfileFinderAction" time="0.069"/>
  <testcase name="testSearchByRole" classname="org.entando.entando.apsadmin.user.TestUserProfileFinderAction" time="0.081"/>
  <testcase name="testGetEntityPrototypes" classname="org.entando.entando.apsadmin.user.TestUserProfileFinderAction" time="0.084"/>
  <testcase name="testAddGroups" classname="org.entando.entando.apsadmin.user.TestUserToAuthoritiesAction" time="0.112"/>
  <testcase name="testRemoveRoles" classname="org.entando.entando.apsadmin.user.TestUserToAuthoritiesAction" time="0.106"/>
  <testcase name="testAddRoles" classname="org.entando.entando.apsadmin.user.TestUserToAuthoritiesAction" time="0.087"/>
  <testcase name="testRemoveGroups" classname="org.entando.entando.apsadmin.user.TestUserToAuthoritiesAction" time="0.099"/>
  <testcase name="testAddEdit" classname="org.entando.entando.apsadmin.user.TestUserToAuthoritiesAction" time="0.1"/>
  <testcase name="testEdit" classname="org.entando.entando.apsadmin.user.TestUserToAuthoritiesAction" time="0.059"/>
  <testcase name="testFailureEdit" classname="org.entando.entando.apsadmin.user.TestUserToAuthoritiesAction" time="0.313"/>
  <testcase name="testFailureAddRemoveUserToGroup" classname="org.entando.entando.apsadmin.user.TestAuthorityToUsersAction" time="0.083"/>
  <testcase name="testAddRemoveUserToGroup" classname="org.entando.entando.apsadmin.user.TestAuthorityToUsersAction" time="0.092"/>
  <testcase name="testFailureAddRemoveUserToRole" classname="org.entando.entando.apsadmin.user.TestAuthorityToUsersAction" time="0.057"/>
  <testcase name="testAddRemoveUserToRole" classname="org.entando.entando.apsadmin.user.TestAuthorityToUsersAction" time="0.078"/>
  <testcase name="testAddRemoveSystemAdminToRole" classname="org.entando.entando.apsadmin.user.TestAuthorityToUsersAction" time="0.06"/>
  <testcase name="testFailureSave" classname="com.agiletec.apsadmin.user.group.TestGroupAction" time="0.086"/>
  <testcase name="testFailureTrashReferencedGroup" classname="com.agiletec.apsadmin.user.group.TestGroupAction" time="0.055"/>
  <testcase name="testSaveEdit" classname="com.agiletec.apsadmin.user.group.TestGroupAction" time="0.122"/>
  <testcase name="testEdit" classname="com.agiletec.apsadmin.user.group.TestGroupAction" time="0.063"/>
  <testcase name="testSaveNew" classname="com.agiletec.apsadmin.user.group.TestGroupAction" time="0.08"/>
  <testcase name="testNew" classname="com.agiletec.apsadmin.user.group.TestGroupAction" time="0.076"/>
  <testcase name="testFailureTrash" classname="com.agiletec.apsadmin.user.group.TestGroupAction" time="0.058"/>
  <testcase name="testDelete" classname="com.agiletec.apsadmin.user.group.TestGroupAction" time="0.062"/>
  <testcase name="testTrash" classname="com.agiletec.apsadmin.user.group.TestGroupAction" time="0.058"/>
  <testcase name="testFailureEdit" classname="com.agiletec.apsadmin.user.group.TestGroupAction" time="0.065"/>
  <testcase name="testFailureDelete" classname="com.agiletec.apsadmin.user.group.TestGroupAction" time="0.074"/>
  <testcase name="testListWithUserNotAllowed" classname="com.agiletec.apsadmin.user.group.TestGroupFinderAction" time="0.067"/>
  <testcase name="testList" classname="com.agiletec.apsadmin.user.group.TestGroupFinderAction" time="0.058"/>
  <testcase name="testFailureSave" classname="com.agiletec.apsadmin.user.role.TestRoleAction" time="0.107"/>
  <testcase name="testSaveEdit" classname="com.agiletec.apsadmin.user.role.TestRoleAction" time="0.122"/>
  <testcase name="testEdit" classname="com.agiletec.apsadmin.user.role.TestRoleAction" time="0.064"/>
  <testcase name="testSaveNew" classname="com.agiletec.apsadmin.user.role.TestRoleAction" time="0.078"/>
  <testcase name="testNew" classname="com.agiletec.apsadmin.user.role.TestRoleAction" time="0.071"/>
  <testcase name="testDelete" classname="com.agiletec.apsadmin.user.role.TestRoleAction" time="0.097"/>
  <testcase name="testTrash" classname="com.agiletec.apsadmin.user.role.TestRoleAction" time="0.058"/>
  <testcase name="testFailureEdit" classname="com.agiletec.apsadmin.user.role.TestRoleAction" time="0.095"/>
  <testcase name="testListWithUserNotAllowed" classname="com.agiletec.apsadmin.user.role.TestRoleFinderAction" time="0.062"/>
  <testcase name="testList" classname="com.agiletec.apsadmin.user.role.TestRoleFinderAction" time="0.055"/>
</testsuite>