<?xml version="1.0" encoding="UTF-8"?>
<testsuite xmlns:xsi="http://www.w3.org/2001/XMLSchema-instance" xsi:noNamespaceSchemaLocation="https://maven.apache.org/surefire/maven-surefire-plugin/xsd/surefire-test-report-3.0.xsd" version="3.0" name="org.apache.ibatis.executor.statement.BaseStatementHandlerTest" time="0.455" tests="9" errors="0" skipped="0" failures="0">
  <properties>
    <property name="awt.toolkit" value="sun.awt.X11.XToolkit"/>
    <property name="maven.test.error.ignore" value="true"/>
    <property name="file.encoding.pkg" value="sun.io"/>
    <property name="java.specification.version" value="1.8"/>
    <property name="sun.cpu.isalist" value=""/>
    <property name="sun.jnu.encoding" value="UTF-8"/>
    <property name="java.class.path" value="/tmp/tmpz910fh1b/mybatis-3/target/test-classes:/tmp/tmpz910fh1b/mybatis-3/target/classes:/home/jdbl/.m2/repository/ognl/ognl/3.2.10/ognl-3.2.10.jar:/home/jdbl/.m2/repository/org/javassist/javassist/3.24.1-GA/javassist-3.24.1-GA.jar:/home/jdbl/.m2/repository/org/slf4j/slf4j-api/1.7.26/slf4j-api-1.7.26.jar:/home/jdbl/.m2/repository/org/slf4j/slf4j-log4j12/1.7.26/slf4j-log4j12-1.7.26.jar:/home/jdbl/.m2/repository/log4j/log4j/1.2.17/log4j-1.2.17.jar:/home/jdbl/.m2/repository/org/apache/logging/log4j/log4j-core/2.11.2/log4j-core-2.11.2.jar:/home/jdbl/.m2/repository/org/apache/logging/log4j/log4j-api/2.11.2/log4j-api-2.11.2.jar:/home/jdbl/.m2/repository/commons-logging/commons-logging/1.2/commons-logging-1.2.jar:/home/jdbl/.m2/repository/cglib/cglib/3.2.10/cglib-3.2.10.jar:/home/jdbl/.m2/repository/org/ow2/asm/asm/7.0/asm-7.0.jar:/home/jdbl/.m2/repository/org/apache/ant/ant/1.10.3/ant-1.10.3.jar:/home/jdbl/.m2/repository/org/apache/ant/ant-launcher/1.10.3/ant-launcher-1.10.3.jar:/home/jdbl/.m2/repository/org/junit/jupiter/junit-jupiter-engine/5.5.0/junit-jupiter-engine-5.5.0.jar:/home/jdbl/.m2/repository/org/apiguardian/apiguardian-api/1.1.0/apiguardian-api-1.1.0.jar:/home/jdbl/.m2/repository/org/junit/platform/junit-platform-engine/1.5.0/junit-platform-engine-1.5.0.jar:/home/jdbl/.m2/repository/org/opentest4j/opentest4j/1.2.0/opentest4j-1.2.0.jar:/home/jdbl/.m2/repository/org/junit/platform/junit-platform-commons/1.5.0/junit-platform-commons-1.5.0.jar:/home/jdbl/.m2/repository/org/junit/jupiter/junit-jupiter-api/5.5.0/junit-jupiter-api-5.5.0.jar:/home/jdbl/.m2/repository/org/hsqldb/hsqldb/2.4.1/hsqldb-2.4.1.jar:/home/jdbl/.m2/repository/org/apache/derby/derby/10.14.2.0/derby-10.14.2.0.jar:/home/jdbl/.m2/repository/org/mockito/mockito-core/2.25.1/mockito-core-2.25.1.jar:/home/jdbl/.m2/repository/net/bytebuddy/byte-buddy/1.9.7/byte-buddy-1.9.7.jar:/home/jdbl/.m2/repository/net/bytebuddy/byte-buddy-agent/1.9.7/byte-buddy-agent-1.9.7.jar:/home/jdbl/.m2/repository/org/objenesis/objenesis/2.6/objenesis-2.6.jar:/home/jdbl/.m2/repository/org/mockito/mockito-junit-jupiter/2.25.1/mockito-junit-jupiter-2.25.1.jar:/home/jdbl/.m2/repository/org/apache/commons/commons-dbcp2/2.6.0/commons-dbcp2-2.6.0.jar:/home/jdbl/.m2/repository/org/apache/commons/commons-pool2/2.6.1/commons-pool2-2.6.1.jar:/home/jdbl/.m2/repository/javax/transaction/javax.transaction-api/1.3/javax.transaction-api-1.3.jar:/home/jdbl/.m2/repository/org/apache/velocity/velocity-engine-core/2.0/velocity-engine-core-2.0.jar:/home/jdbl/.m2/repository/org/apache/commons/commons-lang3/3.5/commons-lang3-3.5.jar:/home/jdbl/.m2/repository/org/postgresql/postgresql/42.2.5/postgresql-42.2.5.jar:/home/jdbl/.m2/repository/mysql/mysql-connector-java/8.0.17/mysql-connector-java-8.0.17.jar:/home/jdbl/.m2/repository/com/google/protobuf/protobuf-java/3.6.1/protobuf-java-3.6.1.jar:/home/jdbl/.m2/repository/org/assertj/assertj-core/3.12.2/assertj-core-3.12.2.jar:/home/jdbl/.m2/repository/eu/codearte/catch-exception/catch-exception/1.4.6/catch-exception-1.4.6.jar:/home/jdbl/.m2/repository/org/testcontainers/junit-jupiter/1.12.1/junit-jupiter-1.12.1.jar:/home/jdbl/.m2/repository/org/testcontainers/testcontainers/1.12.1/testcontainers-1.12.1.jar:/home/jdbl/.m2/repository/junit/junit/4.12/junit-4.12.jar:/home/jdbl/.m2/repository/org/hamcrest/hamcrest-core/1.3/hamcrest-core-1.3.jar:/home/jdbl/.m2/repository/org/jetbrains/annotations/17.0.0/annotations-17.0.0.jar:/home/jdbl/.m2/repository/javax/annotation/javax.annotation-api/1.3.2/javax.annotation-api-1.3.2.jar:/home/jdbl/.m2/repository/org/apache/commons/commons-compress/1.19/commons-compress-1.19.jar:/home/jdbl/.m2/repository/javax/xml/bind/jaxb-api/2.3.1/jaxb-api-2.3.1.jar:/home/jdbl/.m2/repository/javax/activation/javax.activation-api/1.2.0/javax.activation-api-1.2.0.jar:/home/jdbl/.m2/repository/org/rnorth/duct-tape/duct-tape/1.0.8/duct-tape-1.0.8.jar:/home/jdbl/.m2/repository/org/rnorth/visible-assertions/visible-assertions/2.1.2/visible-assertions-2.1.2.jar:/home/jdbl/.m2/repository/org/rnorth/tcp-unix-socket-proxy/1.0.2/tcp-unix-socket-proxy-1.0.2.jar:/home/jdbl/.m2/repository/com/kohlschutter/junixsocket/junixsocket-native-common/2.0.4/junixsocket-native-common-2.0.4.jar:/home/jdbl/.m2/repository/org/scijava/native-lib-loader/2.0.2/native-lib-loader-2.0.2.jar:/home/jdbl/.m2/repository/com/kohlschutter/junixsocket/junixsocket-common/2.0.4/junixsocket-common-2.0.4.jar:/home/jdbl/.m2/repository/net/java/dev/jna/jna-platform/5.3.1/jna-platform-5.3.1.jar:/home/jdbl/.m2/repository/net/java/dev/jna/jna/5.3.1/jna-5.3.1.jar:/home/jdbl/.m2/repository/org/testcontainers/postgresql/1.12.1/postgresql-1.12.1.jar:/home/jdbl/.m2/repository/org/testcontainers/jdbc/1.12.1/jdbc-1.12.1.jar:/home/jdbl/.m2/repository/org/testcontainers/database-commons/1.12.1/database-commons-1.12.1.jar:/home/jdbl/.m2/repository/org/testcontainers/mysql/1.12.1/mysql-1.12.1.jar:"/>
    <property name="java.vm.vendor" value="Oracle Corporation"/>
    <property name="maven.javadoc.skip" value="true"/>
    <property name="sun.arch.data.model" value="64"/>
    <property name="java.vendor.url" value="http://java.oracle.com/"/>
    <property name="user.timezone" value=""/>
    <property name="java.vm.specification.version" value="1.8"/>
    <property name="os.name" value="Linux"/>
    <property name="rat.skip" value="true"/>
    <property name="sun.java.launcher" value="SUN_STANDARD"/>
    <property name="sun.boot.library.path" value="/usr/local/openjdk-8/jre/lib/amd64"/>
    <property name="sun.java.command" value="/tmp/tmpz910fh1b/mybatis-3/target/surefire/surefirebooter7119241567928173618.jar /tmp/tmpz910fh1b/mybatis-3/target/surefire 2020-07-30T15-30-14_212-jvmRun1 surefire6548422175042832809tmp surefire_03518549001250496512tmp"/>
    <property name="surefire.test.class.path" value="/tmp/tmpz910fh1b/mybatis-3/target/test-classes:/tmp/tmpz910fh1b/mybatis-3/target/classes:/home/jdbl/.m2/repository/ognl/ognl/3.2.10/ognl-3.2.10.jar:/home/jdbl/.m2/repository/org/javassist/javassist/3.24.1-GA/javassist-3.24.1-GA.jar:/home/jdbl/.m2/repository/org/slf4j/slf4j-api/1.7.26/slf4j-api-1.7.26.jar:/home/jdbl/.m2/repository/org/slf4j/slf4j-log4j12/1.7.26/slf4j-log4j12-1.7.26.jar:/home/jdbl/.m2/repository/log4j/log4j/1.2.17/log4j-1.2.17.jar:/home/jdbl/.m2/repository/org/apache/logging/log4j/log4j-core/2.11.2/log4j-core-2.11.2.jar:/home/jdbl/.m2/repository/org/apache/logging/log4j/log4j-api/2.11.2/log4j-api-2.11.2.jar:/home/jdbl/.m2/repository/commons-logging/commons-logging/1.2/commons-logging-1.2.jar:/home/jdbl/.m2/repository/cglib/cglib/3.2.10/cglib-3.2.10.jar:/home/jdbl/.m2/repository/org/ow2/asm/asm/7.0/asm-7.0.jar:/home/jdbl/.m2/repository/org/apache/ant/ant/1.10.3/ant-1.10.3.jar:/home/jdbl/.m2/repository/org/apache/ant/ant-launcher/1.10.3/ant-launcher-1.10.3.jar:/home/jdbl/.m2/repository/org/junit/jupiter/junit-jupiter-engine/5.5.0/junit-jupiter-engine-5.5.0.jar:/home/jdbl/.m2/repository/org/apiguardian/apiguardian-api/1.1.0/apiguardian-api-1.1.0.jar:/home/jdbl/.m2/repository/org/junit/platform/junit-platform-engine/1.5.0/junit-platform-engine-1.5.0.jar:/home/jdbl/.m2/repository/org/opentest4j/opentest4j/1.2.0/opentest4j-1.2.0.jar:/home/jdbl/.m2/repository/org/junit/platform/junit-platform-commons/1.5.0/junit-platform-commons-1.5.0.jar:/home/jdbl/.m2/repository/org/junit/jupiter/junit-jupiter-api/5.5.0/junit-jupiter-api-5.5.0.jar:/home/jdbl/.m2/repository/org/hsqldb/hsqldb/2.4.1/hsqldb-2.4.1.jar:/home/jdbl/.m2/repository/org/apache/derby/derby/10.14.2.0/derby-10.14.2.0.jar:/home/jdbl/.m2/repository/org/mockito/mockito-core/2.25.1/mockito-core-2.25.1.jar:/home/jdbl/.m2/repository/net/bytebuddy/byte-buddy/1.9.7/byte-buddy-1.9.7.jar:/home/jdbl/.m2/repository/net/bytebuddy/byte-buddy-agent/1.9.7/byte-buddy-agent-1.9.7.jar:/home/jdbl/.m2/repository/org/objenesis/objenesis/2.6/objenesis-2.6.jar:/home/jdbl/.m2/repository/org/mockito/mockito-junit-jupiter/2.25.1/mockito-junit-jupiter-2.25.1.jar:/home/jdbl/.m2/repository/org/apache/commons/commons-dbcp2/2.6.0/commons-dbcp2-2.6.0.jar:/home/jdbl/.m2/repository/org/apache/commons/commons-pool2/2.6.1/commons-pool2-2.6.1.jar:/home/jdbl/.m2/repository/javax/transaction/javax.transaction-api/1.3/javax.transaction-api-1.3.jar:/home/jdbl/.m2/repository/org/apache/velocity/velocity-engine-core/2.0/velocity-engine-core-2.0.jar:/home/jdbl/.m2/repository/org/apache/commons/commons-lang3/3.5/commons-lang3-3.5.jar:/home/jdbl/.m2/repository/org/postgresql/postgresql/42.2.5/postgresql-42.2.5.jar:/home/jdbl/.m2/repository/mysql/mysql-connector-java/8.0.17/mysql-connector-java-8.0.17.jar:/home/jdbl/.m2/repository/com/google/protobuf/protobuf-java/3.6.1/protobuf-java-3.6.1.jar:/home/jdbl/.m2/repository/org/assertj/assertj-core/3.12.2/assertj-core-3.12.2.jar:/home/jdbl/.m2/repository/eu/codearte/catch-exception/catch-exception/1.4.6/catch-exception-1.4.6.jar:/home/jdbl/.m2/repository/org/testcontainers/junit-jupiter/1.12.1/junit-jupiter-1.12.1.jar:/home/jdbl/.m2/repository/org/testcontainers/testcontainers/1.12.1/testcontainers-1.12.1.jar:/home/jdbl/.m2/repository/junit/junit/4.12/junit-4.12.jar:/home/jdbl/.m2/repository/org/hamcrest/hamcrest-core/1.3/hamcrest-core-1.3.jar:/home/jdbl/.m2/repository/org/jetbrains/annotations/17.0.0/annotations-17.0.0.jar:/home/jdbl/.m2/repository/javax/annotation/javax.annotation-api/1.3.2/javax.annotation-api-1.3.2.jar:/home/jdbl/.m2/repository/org/apache/commons/commons-compress/1.19/commons-compress-1.19.jar:/home/jdbl/.m2/repository/javax/xml/bind/jaxb-api/2.3.1/jaxb-api-2.3.1.jar:/home/jdbl/.m2/repository/javax/activation/javax.activation-api/1.2.0/javax.activation-api-1.2.0.jar:/home/jdbl/.m2/repository/org/rnorth/duct-tape/duct-tape/1.0.8/duct-tape-1.0.8.jar:/home/jdbl/.m2/repository/org/rnorth/visible-assertions/visible-assertions/2.1.2/visible-assertions-2.1.2.jar:/home/jdbl/.m2/repository/org/rnorth/tcp-unix-socket-proxy/1.0.2/tcp-unix-socket-proxy-1.0.2.jar:/home/jdbl/.m2/repository/com/kohlschutter/junixsocket/junixsocket-native-common/2.0.4/junixsocket-native-common-2.0.4.jar:/home/jdbl/.m2/repository/org/scijava/native-lib-loader/2.0.2/native-lib-loader-2.0.2.jar:/home/jdbl/.m2/repository/com/kohlschutter/junixsocket/junixsocket-common/2.0.4/junixsocket-common-2.0.4.jar:/home/jdbl/.m2/repository/net/java/dev/jna/jna-platform/5.3.1/jna-platform-5.3.1.jar:/home/jdbl/.m2/repository/net/java/dev/jna/jna/5.3.1/jna-5.3.1.jar:/home/jdbl/.m2/repository/org/testcontainers/postgresql/1.12.1/postgresql-1.12.1.jar:/home/jdbl/.m2/repository/org/testcontainers/jdbc/1.12.1/jdbc-1.12.1.jar:/home/jdbl/.m2/repository/org/testcontainers/database-commons/1.12.1/database-commons-1.12.1.jar:/home/jdbl/.m2/repository/org/testcontainers/mysql/1.12.1/mysql-1.12.1.jar:"/>
    <property name="sun.cpu.endian" value="little"/>
    <property name="user.home" value="/home/jdbl"/>
    <property name="user.language" value="en"/>
    <property name="java.specification.vendor" value="Oracle Corporation"/>
    <property name="java.home" value="/usr/local/openjdk-8/jre"/>
    <property name="basedir" value="/tmp/tmpz910fh1b/mybatis-3"/>
    <property name="file.separator" value="/"/>
    <property name="line.separator" value="&#10;"/>
    <property name="source.skip" value="true"/>
    <property name="java.vm.specification.vendor" value="Oracle Corporation"/>
    <property name="java.specification.name" value="Java Platform API Specification"/>
    <property name="derby.stream.error.file" value="/tmp/tmpz910fh1b/mybatis-3/target/derby.log"/>
    <property name="java.awt.graphicsenv" value="sun.awt.X11GraphicsEnvironment"/>
    <property name="surefire.real.class.path" value="/tmp/tmpz910fh1b/mybatis-3/target/surefire/surefirebooter7119241567928173618.jar:/home/jdbl/.m2/repository/org/jacoco/org.jacoco.agent/0.8.4/org.jacoco.agent-0.8.4-runtime.jar"/>
    <property name="sun.boot.class.path" value="/usr/local/openjdk-8/jre/lib/resources.jar:/usr/local/openjdk-8/jre/lib/rt.jar:/usr/local/openjdk-8/jre/lib/sunrsasign.jar:/usr/local/openjdk-8/jre/lib/jsse.jar:/usr/local/openjdk-8/jre/lib/jce.jar:/usr/local/openjdk-8/jre/lib/charsets.jar:/usr/local/openjdk-8/jre/lib/jfr.jar:/usr/local/openjdk-8/jre/classes"/>
    <property name="sun.management.compiler" value="HotSpot 64-Bit Tiered Compilers"/>
    <property name="java.runtime.version" value="1.8.0_262-b10"/>
    <property name="user.name" value="jdbl"/>
    <property name="path.separator" value=":"/>
    <property name="os.version" value="4.15.0-109-generic"/>
    <property name="java.endorsed.dirs" value="/usr/local/openjdk-8/jre/lib/endorsed"/>
    <property name="java.runtime.name" value="OpenJDK Runtime Environment"/>
    <property name="file.encoding" value="UTF-8"/>
    <property name="java.vm.name" value="OpenJDK 64-Bit Server VM"/>
    <property name="derby.system.home" value="/tmp/tmpz910fh1b/mybatis-3/target"/>
    <property name="localRepository" value="/home/jdbl/.m2/repository"/>
    <property name="java.vendor.url.bug" value="http://bugreport.sun.com/bugreport/"/>
    <property name="java.io.tmpdir" value="/tmp"/>
    <property name="java.version" value="1.8.0_262"/>
    <property name="user.dir" value="/tmp/tmpz910fh1b/mybatis-3"/>
    <property name="os.arch" value="amd64"/>
    <property name="license.skip" value="true"/>
    <property name="animal.sniffer.skip" value="true"/>
    <property name="java.vm.specification.name" value="Java Virtual Machine Specification"/>
    <property name="java.awt.printerjob" value="sun.print.PSPrinterJob"/>
    <property name="sun.os.patch.level" value="unknown"/>
    <property name="java.library.path" value="/usr/java/packages/lib/amd64:/usr/lib64:/lib64:/lib:/usr/lib"/>
    <property name="java.vm.info" value="mixed mode"/>
    <property name="java.vendor" value="Oracle Corporation"/>
    <property name="java.vm.version" value="25.262-b10"/>
    <property name="java.ext.dirs" value="/usr/local/openjdk-8/jre/lib/ext:/usr/java/packages/lib/ext"/>
    <property name="sun.io.unicode.encoding" value="UnicodeLittle"/>
    <property name="java.class.version" value="52.0"/>
    <property name="maven.test.failure.ignore" value="true"/>
  </properties>
  <testcase name="specifyQueryTimeoutAndTransactionTimeoutMinIsQueryTimeout" classname="org.apache.ibatis.executor.statement.BaseStatementHandlerTest" time="0.413"/>
  <testcase name="specifyMappedStatementTimeoutOnly" classname="org.apache.ibatis.executor.statement.BaseStatementHandlerTest" time="0.002"/>
  <testcase name="specifyQueryTimeoutAndTransactionTimeoutMinIsTransactionTimeout" classname="org.apache.ibatis.executor.statement.BaseStatementHandlerTest" time="0.006"/>
  <testcase name="specifyTransactionTimeout" classname="org.apache.ibatis.executor.statement.BaseStatementHandlerTest" time="0.003"/>
  <testcase name="specifyQueryTimeoutAndTransactionTimeoutWithSameValue" classname="org.apache.ibatis.executor.statement.BaseStatementHandlerTest" time="0.002"/>
  <testcase name="specifyDefaultTimeoutOnly" classname="org.apache.ibatis.executor.statement.BaseStatementHandlerTest" time="0.006"/>
  <testcase name="notSpecifyTimeout" classname="org.apache.ibatis.executor.statement.BaseStatementHandlerTest" time="0.003"/>
  <testcase name="specifyMappedStatementTimeoutAndDefaultTimeout" classname="org.apache.ibatis.executor.statement.BaseStatementHandlerTest" time="0.004"/>
  <testcase name="specifyQueryTimeoutZeroAndTransactionTimeout" classname="org.apache.ibatis.executor.statement.BaseStatementHandlerTest" time="0.005"/>
</testsuite>