<?xml version="1.0" encoding="UTF-8" ?>
<testsuite tests="167" failures="0" name="com.j256.ormlite.dao.JdbcBaseDaoImplTest" time="1.419" errors="0" skipped="0">
  <properties>
    <property name="java.runtime.name" value="OpenJDK Runtime Environment"/>
    <property name="sun.boot.library.path" value="/usr/local/openjdk-8/jre/lib/amd64"/>
    <property name="java.vm.version" value="25.262-b10"/>
    <property name="animal.sniffer.skip" value="true"/>
    <property name="java.vm.vendor" value="Oracle Corporation"/>
    <property name="maven.multiModuleProjectDirectory" value="/tmp/tmpfe3_i6_a/ormlite-jdbc"/>
    <property name="maven.javadoc.skip" value="true"/>
    <property name="java.vendor.url" value="http://java.oracle.com/"/>
    <property name="path.separator" value=":"/>
    <property name="guice.disable.misplaced.annotation.check" value="true"/>
    <property name="java.vm.name" value="OpenJDK 64-Bit Server VM"/>
    <property name="file.encoding.pkg" value="sun.io"/>
    <property name="sun.java.launcher" value="SUN_STANDARD"/>
    <property name="sun.os.patch.level" value="unknown"/>
    <property name="source.skip" value="true"/>
    <property name="java.vm.specification.name" value="Java Virtual Machine Specification"/>
    <property name="user.dir" value="/tmp/tmpfe3_i6_a/ormlite-jdbc"/>
    <property name="java.runtime.version" value="1.8.0_262-b10"/>
    <property name="java.awt.graphicsenv" value="sun.awt.X11GraphicsEnvironment"/>
    <property name="java.endorsed.dirs" value="/usr/local/openjdk-8/jre/lib/endorsed"/>
    <property name="os.arch" value="amd64"/>
    <property name="java.io.tmpdir" value="/tmp"/>
    <property name="line.separator" value="
"/>
    <property name="java.vm.specification.vendor" value="Oracle Corporation"/>
    <property name="os.name" value="Linux"/>
    <property name="classworlds.conf" value="/usr/share/maven/bin/m2.conf"/>
    <property name="maven.test.error.ignore" value="true"/>
    <property name="sun.jnu.encoding" value="UTF-8"/>
    <property name="java.library.path" value="/usr/java/packages/lib/amd64:/usr/lib64:/lib64:/lib:/usr/lib"/>
    <property name="license.skip" value="true"/>
    <property name="maven.conf" value="/usr/share/maven/conf"/>
    <property name="java.specification.name" value="Java Platform API Specification"/>
    <property name="java.class.version" value="52.0"/>
    <property name="sun.management.compiler" value="HotSpot 64-Bit Tiered Compilers"/>
    <property name="maven.test.failure.ignore" value="true"/>
    <property name="os.version" value="4.15.0-109-generic"/>
    <property name="library.jansi.path" value="/usr/share/maven/lib/jansi-native"/>
    <property name="user.home" value="/home/jdbl"/>
    <property name="user.timezone" value="Etc/UTC"/>
    <property name="java.awt.printerjob" value="sun.print.PSPrinterJob"/>
    <property name="java.specification.version" value="1.8"/>
    <property name="file.encoding" value="UTF-8"/>
    <property name="user.name" value="jdbl"/>
    <property name="java.class.path" value="/usr/share/maven/boot/plexus-classworlds-2.6.0.jar"/>
    <property name="java.vm.specification.version" value="1.8"/>
    <property name="sun.arch.data.model" value="64"/>
    <property name="java.home" value="/usr/local/openjdk-8/jre"/>
    <property name="sun.java.command" value="org.codehaus.plexus.classworlds.launcher.Launcher package -e --fail-never -ntp -Dmaven.test.error.ignore=true -Dmaven.test.failure.ignore=true -B -Dmaven.javadoc.skip=true -Drat.skip=true -Danimal.sniffer.skip=true -Dmaven.javadoc.skip=true -Dlicense.skip=true -Dsource.skip=true"/>
    <property name="java.specification.vendor" value="Oracle Corporation"/>
    <property name="user.language" value="en"/>
    <property name="awt.toolkit" value="sun.awt.X11.XToolkit"/>
    <property name="java.vm.info" value="mixed mode"/>
    <property name="java.version" value="1.8.0_262"/>
    <property name="java.ext.dirs" value="/usr/local/openjdk-8/jre/lib/ext:/usr/java/packages/lib/ext"/>
    <property name="securerandom.source" value="file:/dev/./urandom"/>
    <property name="sun.boot.class.path" value="/usr/local/openjdk-8/jre/lib/resources.jar:/usr/local/openjdk-8/jre/lib/rt.jar:/usr/local/openjdk-8/jre/lib/sunrsasign.jar:/usr/local/openjdk-8/jre/lib/jsse.jar:/usr/local/openjdk-8/jre/lib/jce.jar:/usr/local/openjdk-8/jre/lib/charsets.jar:/usr/local/openjdk-8/jre/lib/jfr.jar:/usr/local/openjdk-8/jre/classes"/>
    <property name="java.vendor" value="Oracle Corporation"/>
    <property name="rat.skip" value="true"/>
    <property name="maven.home" value="/usr/share/maven"/>
    <property name="file.separator" value="/"/>
    <property name="java.vendor.url.bug" value="http://bugreport.sun.com/bugreport/"/>
    <property name="sun.cpu.endian" value="little"/>
    <property name="sun.io.unicode.encoding" value="UnicodeLittle"/>
    <property name="sun.cpu.isalist" value=""/>
  </properties>
  <testcase classname="com.j256.ormlite.dao.JdbcBaseDaoImplTest" name="testJustIdUpdateId" time="0.056"/>
  <testcase classname="com.j256.ormlite.dao.JdbcBaseDaoImplTest" name="testJustIdRefresh" time="0.002"/>
  <testcase classname="com.j256.ormlite.dao.JdbcBaseDaoImplTest" name="testSpringConstruction" time="0.002"/>
  <testcase classname="com.j256.ormlite.dao.JdbcBaseDaoImplTest" name="testForeignCreation" time="0.048"/>
  <testcase classname="com.j256.ormlite.dao.JdbcBaseDaoImplTest" name="testForeignRefreshNoChange" time="0.006"/>
  <testcase classname="com.j256.ormlite.dao.JdbcBaseDaoImplTest" name="testMultipleForeignWrapper" time="0.024"/>
  <testcase classname="com.j256.ormlite.dao.JdbcBaseDaoImplTest" name="testRefreshNull" time="0.002"/>
  <testcase classname="com.j256.ormlite.dao.JdbcBaseDaoImplTest" name="testGetSet" time="0.015"/>
  <testcase classname="com.j256.ormlite.dao.JdbcBaseDaoImplTest" name="testCreateDaoStatic" time="0.003"/>
  <testcase classname="com.j256.ormlite.dao.JdbcBaseDaoImplTest" name="testCreateUpdateDelete" time="0.011"/>
  <testcase classname="com.j256.ormlite.dao.JdbcBaseDaoImplTest" name="testDoubleCreate" time="0.005"/>
  <testcase classname="com.j256.ormlite.dao.JdbcBaseDaoImplTest" name="testIterateRemove" time="0.009"/>
  <testcase classname="com.j256.ormlite.dao.JdbcBaseDaoImplTest" name="testGeneratedField" time="0"/>
  <testcase classname="com.j256.ormlite.dao.JdbcBaseDaoImplTest" name="testGeneratedIdNotNullField" time="0.007"/>
  <testcase classname="com.j256.ormlite.dao.JdbcBaseDaoImplTest" name="testObjectToString" time="0"/>
  <testcase classname="com.j256.ormlite.dao.JdbcBaseDaoImplTest" name="testCreateNull" time="0.002"/>
  <testcase classname="com.j256.ormlite.dao.JdbcBaseDaoImplTest" name="testUpdateNull" time="0.002"/>
  <testcase classname="com.j256.ormlite.dao.JdbcBaseDaoImplTest" name="testUpdateIdNull" time="0.001"/>
  <testcase classname="com.j256.ormlite.dao.JdbcBaseDaoImplTest" name="testDeleteNull" time="0.003"/>
  <testcase classname="com.j256.ormlite.dao.JdbcBaseDaoImplTest" name="testCloseInIterator" time="0.002"/>
  <testcase classname="com.j256.ormlite.dao.JdbcBaseDaoImplTest" name="testCloseIteratorBeforeNext" time="0.002"/>
  <testcase classname="com.j256.ormlite.dao.JdbcBaseDaoImplTest" name="testCloseIteratorBeforeRemove" time="0.002"/>
  <testcase classname="com.j256.ormlite.dao.JdbcBaseDaoImplTest" name="testNoNextBeforeRemove" time="0.001"/>
  <testcase classname="com.j256.ormlite.dao.JdbcBaseDaoImplTest" name="testIteratePageSize" time="0.184"/>
  <testcase classname="com.j256.ormlite.dao.JdbcBaseDaoImplTest" name="testIteratorPreparedQuery" time="0.008"/>
  <testcase classname="com.j256.ormlite.dao.JdbcBaseDaoImplTest" name="testDeleteObjects" time="0.037"/>
  <testcase classname="com.j256.ormlite.dao.JdbcBaseDaoImplTest" name="testDeleteObjectsNone" time="0.002"/>
  <testcase classname="com.j256.ormlite.dao.JdbcBaseDaoImplTest" name="testDeleteIds" time="0.007"/>
  <testcase classname="com.j256.ormlite.dao.JdbcBaseDaoImplTest" name="testDeleteIdsNone" time="0.037"/>
  <testcase classname="com.j256.ormlite.dao.JdbcBaseDaoImplTest" name="testDeletePreparedStmtIn" time="0.02"/>
  <testcase classname="com.j256.ormlite.dao.JdbcBaseDaoImplTest" name="testDeleteAllPreparedStmt" time="0.013"/>
  <testcase classname="com.j256.ormlite.dao.JdbcBaseDaoImplTest" name="testHasNextAfterDone" time="0.001"/>
  <testcase classname="com.j256.ormlite.dao.JdbcBaseDaoImplTest" name="testNextWithoutHasNext" time="0.011"/>
  <testcase classname="com.j256.ormlite.dao.JdbcBaseDaoImplTest" name="testRemoveAfterDone" time="0.003"/>
  <testcase classname="com.j256.ormlite.dao.JdbcBaseDaoImplTest" name="testIteratorNoResults" time="0.018"/>
  <testcase classname="com.j256.ormlite.dao.JdbcBaseDaoImplTest" name="testCreateNoId" time="0.002"/>
  <testcase classname="com.j256.ormlite.dao.JdbcBaseDaoImplTest" name="testJustIdCreateQueryDelete" time="0.002"/>
  <testcase classname="com.j256.ormlite.dao.JdbcBaseDaoImplTest" name="testQueryForFirst" time="0.002"/>
  <testcase classname="com.j256.ormlite.dao.JdbcBaseDaoImplTest" name="testFieldConfig" time="0.001"/>
  <testcase classname="com.j256.ormlite.dao.JdbcBaseDaoImplTest" name="testFieldConfigForeign" time="0.003"/>
  <testcase classname="com.j256.ormlite.dao.JdbcBaseDaoImplTest" name="testGeneratedIdNotNull" time="0.002"/>
  <testcase classname="com.j256.ormlite.dao.JdbcBaseDaoImplTest" name="testBasicStuff" time="0.012"/>
  <testcase classname="com.j256.ormlite.dao.JdbcBaseDaoImplTest" name="testMultiplePrimaryKey" time="0.002"/>
  <testcase classname="com.j256.ormlite.dao.JdbcBaseDaoImplTest" name="testDefaultValue" time="0.002"/>
  <testcase classname="com.j256.ormlite.dao.JdbcBaseDaoImplTest" name="testNotNull" time="0.001"/>
  <testcase classname="com.j256.ormlite.dao.JdbcBaseDaoImplTest" name="testNotNullOkay" time="0.001"/>
  <testcase classname="com.j256.ormlite.dao.JdbcBaseDaoImplTest" name="testGeneratedId" time="0.007"/>
  <testcase classname="com.j256.ormlite.dao.JdbcBaseDaoImplTest" name="testBigDecimal" time="0.003"/>
  <testcase classname="com.j256.ormlite.dao.JdbcBaseDaoImplTest" name="testAllTypes" time="0.212"/>
  <testcase classname="com.j256.ormlite.dao.JdbcBaseDaoImplTest" name="testAllTypesFloat" time="0.004"/>
  <testcase classname="com.j256.ormlite.dao.JdbcBaseDaoImplTest" name="testAllTypesDefault" time="0.002"/>
  <testcase classname="com.j256.ormlite.dao.JdbcBaseDaoImplTest" name="testNumberTypes" time="0.003"/>
  <testcase classname="com.j256.ormlite.dao.JdbcBaseDaoImplTest" name="testStringWidthTooLong" time="0.002"/>
  <testcase classname="com.j256.ormlite.dao.JdbcBaseDaoImplTest" name="testStringWidthOkay" time="0.001"/>
  <testcase classname="com.j256.ormlite.dao.JdbcBaseDaoImplTest" name="testCreateReserverdTable" time="0.002"/>
  <testcase classname="com.j256.ormlite.dao.JdbcBaseDaoImplTest" name="testCreateReserverdFields" time="0.015"/>
  <testcase classname="com.j256.ormlite.dao.JdbcBaseDaoImplTest" name="testEscapeCharInField" time="0.003"/>
  <testcase classname="com.j256.ormlite.dao.JdbcBaseDaoImplTest" name="testGeneratedIdCapital" time="0.002"/>
  <testcase classname="com.j256.ormlite.dao.JdbcBaseDaoImplTest" name="testObject" time="0.004"/>
  <testcase classname="com.j256.ormlite.dao.JdbcBaseDaoImplTest" name="testNotSerializable" time="0.001"/>
  <testcase classname="com.j256.ormlite.dao.JdbcBaseDaoImplTest" name="testStringEnum" time="0.002"/>
  <testcase classname="com.j256.ormlite.dao.JdbcBaseDaoImplTest" name="testUnknownStringEnum" time="0.004"/>
  <testcase classname="com.j256.ormlite.dao.JdbcBaseDaoImplTest" name="testIntEnum" time="0.001"/>
  <testcase classname="com.j256.ormlite.dao.JdbcBaseDaoImplTest" name="testUnknownIntEnum" time="0.002"/>
  <testcase classname="com.j256.ormlite.dao.JdbcBaseDaoImplTest" name="testUnknownIntUnknownValEnum" time="0.001"/>
  <testcase classname="com.j256.ormlite.dao.JdbcBaseDaoImplTest" name="testNullHandling" time="0.002"/>
  <testcase classname="com.j256.ormlite.dao.JdbcBaseDaoImplTest" name="testObjectNotNullHandling" time="0.003"/>
  <testcase classname="com.j256.ormlite.dao.JdbcBaseDaoImplTest" name="testDefaultValueHandling" time="0.011"/>
  <testcase classname="com.j256.ormlite.dao.JdbcBaseDaoImplTest" name="testBooleanDefaultValueHandling" time="0.002"/>
  <testcase classname="com.j256.ormlite.dao.JdbcBaseDaoImplTest" name="testNullUnPersistToBooleanPrimitive" time="0.002"/>
  <testcase classname="com.j256.ormlite.dao.JdbcBaseDaoImplTest" name="testNullUnPersistToIntPrimitive" time="0.002"/>
  <testcase classname="com.j256.ormlite.dao.JdbcBaseDaoImplTest" name="testQueryRawStrings" time="0.004"/>
  <testcase classname="com.j256.ormlite.dao.JdbcBaseDaoImplTest" name="testQueryRawStringsIterator" time="0"/>
  <testcase classname="com.j256.ormlite.dao.JdbcBaseDaoImplTest" name="testQueryRawMappedIterator" time="0.005"/>
  <testcase classname="com.j256.ormlite.dao.JdbcBaseDaoImplTest" name="testQueryRawObjectsIterator" time="0.003"/>
  <testcase classname="com.j256.ormlite.dao.JdbcBaseDaoImplTest" name="testNotNullDefault" time="0.001"/>
  <testcase classname="com.j256.ormlite.dao.JdbcBaseDaoImplTest" name="testStringDefault" time="0.002"/>
  <testcase classname="com.j256.ormlite.dao.JdbcBaseDaoImplTest" name="testDateUpdate" time="0.002"/>
  <testcase classname="com.j256.ormlite.dao.JdbcBaseDaoImplTest" name="testDateRefresh" time="0.002"/>
  <testcase classname="com.j256.ormlite.dao.JdbcBaseDaoImplTest" name="testSpringBadWiring" time="0"/>
  <testcase classname="com.j256.ormlite.dao.JdbcBaseDaoImplTest" name="testUnique" time="0.003"/>
  <testcase classname="com.j256.ormlite.dao.JdbcBaseDaoImplTest" name="testDoubleUnique" time="0.003"/>
  <testcase classname="com.j256.ormlite.dao.JdbcBaseDaoImplTest" name="testDoubleUniqueCombo" time="0.002"/>
  <testcase classname="com.j256.ormlite.dao.JdbcBaseDaoImplTest" name="testUniqueAndUniqueCombo" time="0.003"/>
  <testcase classname="com.j256.ormlite.dao.JdbcBaseDaoImplTest" name="testForeignQuery" time="0.004"/>
  <testcase classname="com.j256.ormlite.dao.JdbcBaseDaoImplTest" name="testPrepareStatementUpdateValueString" time="0.005"/>
  <testcase classname="com.j256.ormlite.dao.JdbcBaseDaoImplTest" name="testInSubQuery" time="0.011"/>
  <testcase classname="com.j256.ormlite.dao.JdbcBaseDaoImplTest" name="testInSubQuerySelectArgs" time="0.025"/>
  <testcase classname="com.j256.ormlite.dao.JdbcBaseDaoImplTest" name="testPrepareStatementUpdateValueNumber" time="0.003"/>
  <testcase classname="com.j256.ormlite.dao.JdbcBaseDaoImplTest" name="testPrepareStatementUpdateValueExpression" time="0.008"/>
  <testcase classname="com.j256.ormlite.dao.JdbcBaseDaoImplTest" name="testPrepareStatementUpdateValueWhere" time="0.05"/>
  <testcase classname="com.j256.ormlite.dao.JdbcBaseDaoImplTest" name="testStringAsId" time="0.01"/>
  <testcase classname="com.j256.ormlite.dao.JdbcBaseDaoImplTest" name="testLongStringAsId" time="0.001"/>
  <testcase classname="com.j256.ormlite.dao.JdbcBaseDaoImplTest" name="testBooleanAsId" time="0"/>
  <testcase classname="com.j256.ormlite.dao.JdbcBaseDaoImplTest" name="testBooleanObjAsId" time="0.001"/>
  <testcase classname="com.j256.ormlite.dao.JdbcBaseDaoImplTest" name="testDateAsId" time="0.016"/>
  <testcase classname="com.j256.ormlite.dao.JdbcBaseDaoImplTest" name="testDateLongAsId" time="0.012"/>
  <testcase classname="com.j256.ormlite.dao.JdbcBaseDaoImplTest" name="testDateStringAsId" time="0.017"/>
  <testcase classname="com.j256.ormlite.dao.JdbcBaseDaoImplTest" name="testByteAsId" time="0.006"/>
  <testcase classname="com.j256.ormlite.dao.JdbcBaseDaoImplTest" name="testByteObjAsId" time="0.008"/>
  <testcase classname="com.j256.ormlite.dao.JdbcBaseDaoImplTest" name="testShortAsId" time="0.003"/>
  <testcase classname="com.j256.ormlite.dao.JdbcBaseDaoImplTest" name="testShortObjAsId" time="0.008"/>
  <testcase classname="com.j256.ormlite.dao.JdbcBaseDaoImplTest" name="testIntAsId" time="0.001"/>
  <testcase classname="com.j256.ormlite.dao.JdbcBaseDaoImplTest" name="testIntObjAsId" time="0.003"/>
  <testcase classname="com.j256.ormlite.dao.JdbcBaseDaoImplTest" name="testLongAsId" time="0.003"/>
  <testcase classname="com.j256.ormlite.dao.JdbcBaseDaoImplTest" name="testLongObjAsId" time="0.003"/>
  <testcase classname="com.j256.ormlite.dao.JdbcBaseDaoImplTest" name="testFloatAsId" time="0.009"/>
  <testcase classname="com.j256.ormlite.dao.JdbcBaseDaoImplTest" name="testFloatObjAsId" time="0.003"/>
  <testcase classname="com.j256.ormlite.dao.JdbcBaseDaoImplTest" name="testDoubleAsId" time="0.012"/>
  <testcase classname="com.j256.ormlite.dao.JdbcBaseDaoImplTest" name="testDoubleObjAsId" time="0.005"/>
  <testcase classname="com.j256.ormlite.dao.JdbcBaseDaoImplTest" name="testEnumAsId" time="0.002"/>
  <testcase classname="com.j256.ormlite.dao.JdbcBaseDaoImplTest" name="testEnumStringAsId" time="0.003"/>
  <testcase classname="com.j256.ormlite.dao.JdbcBaseDaoImplTest" name="testEnumIntegerAsId" time="0.003"/>
  <testcase classname="com.j256.ormlite.dao.JdbcBaseDaoImplTest" name="testSerializableAsId" time="0"/>
  <testcase classname="com.j256.ormlite.dao.JdbcBaseDaoImplTest" name="testRecursiveForeign" time="0.005"/>
  <testcase classname="com.j256.ormlite.dao.JdbcBaseDaoImplTest" name="testSerializableWhere" time="0.003"/>
  <testcase classname="com.j256.ormlite.dao.JdbcBaseDaoImplTest" name="testSerializedBytes" time="0.007"/>
  <testcase classname="com.j256.ormlite.dao.JdbcBaseDaoImplTest" name="testByteArray" time="0.003"/>
  <testcase classname="com.j256.ormlite.dao.JdbcBaseDaoImplTest" name="testSuperClassAnnotations" time="0.003"/>
  <testcase classname="com.j256.ormlite.dao.JdbcBaseDaoImplTest" name="testFieldIndex" time="0.003"/>
  <testcase classname="com.j256.ormlite.dao.JdbcBaseDaoImplTest" name="testFieldIndexColumnName" time="0.013"/>
  <testcase classname="com.j256.ormlite.dao.JdbcBaseDaoImplTest" name="testFieldUniqueIndex" time="0.011"/>
  <testcase classname="com.j256.ormlite.dao.JdbcBaseDaoImplTest" name="testComboFieldIndex" time="0.026"/>
  <testcase classname="com.j256.ormlite.dao.JdbcBaseDaoImplTest" name="testComboUniqueFieldIndex" time="0"/>
  <testcase classname="com.j256.ormlite.dao.JdbcBaseDaoImplTest" name="testLongVarChar" time="0.008"/>
  <testcase classname="com.j256.ormlite.dao.JdbcBaseDaoImplTest" name="testTableExists" time="0.019"/>
  <testcase classname="com.j256.ormlite.dao.JdbcBaseDaoImplTest" name="testRaw" time="0.007"/>
  <testcase classname="com.j256.ormlite.dao.JdbcBaseDaoImplTest" name="testUuidInsertQuery" time="0.003"/>
  <testcase classname="com.j256.ormlite.dao.JdbcBaseDaoImplTest" name="testBaseDaoEnabled" time="0.006"/>
  <testcase classname="com.j256.ormlite.dao.JdbcBaseDaoImplTest" name="testBaseDaoEnabledForeign" time="0.008"/>
  <testcase classname="com.j256.ormlite.dao.JdbcBaseDaoImplTest" name="testBasicEagerCollection" time="0.01"/>
  <testcase classname="com.j256.ormlite.dao.JdbcBaseDaoImplTest" name="testBasicLazyCollection" time="0.027"/>
  <testcase classname="com.j256.ormlite.dao.JdbcBaseDaoImplTest" name="testUseOfAndMany" time="0.003"/>
  <testcase classname="com.j256.ormlite.dao.JdbcBaseDaoImplTest" name="testUseOfAndInt" time="0.002"/>
  <testcase classname="com.j256.ormlite.dao.JdbcBaseDaoImplTest" name="testUseOfOrMany" time="0.002"/>
  <testcase classname="com.j256.ormlite.dao.JdbcBaseDaoImplTest" name="testUseOfOrInt" time="0.001"/>
  <testcase classname="com.j256.ormlite.dao.JdbcBaseDaoImplTest" name="testQueryForMatching" time="0.002"/>
  <testcase classname="com.j256.ormlite.dao.JdbcBaseDaoImplTest" name="testQueryForFieldValues" time="0.004"/>
  <testcase classname="com.j256.ormlite.dao.JdbcBaseDaoImplTest" name="testInsertAutoGeneratedId" time="0.011"/>
  <testcase classname="com.j256.ormlite.dao.JdbcBaseDaoImplTest" name="testCreateWithAllowGeneratedIdInsert" time="0.003"/>
  <testcase classname="com.j256.ormlite.dao.JdbcBaseDaoImplTest" name="testCreateWithAllowGeneratedIdInsertObject" time="0.002"/>
  <testcase classname="com.j256.ormlite.dao.JdbcBaseDaoImplTest" name="testCreateOrUpdate" time="0.004"/>
  <testcase classname="com.j256.ormlite.dao.JdbcBaseDaoImplTest" name="testCreateOrUpdateNull" time="0.002"/>
  <testcase classname="com.j256.ormlite.dao.JdbcBaseDaoImplTest" name="testCreateOrUpdateNullId" time="0.001"/>
  <testcase classname="com.j256.ormlite.dao.JdbcBaseDaoImplTest" name="testUpdateNoChange" time="0.001"/>
  <testcase classname="com.j256.ormlite.dao.JdbcBaseDaoImplTest" name="testNullForeign" time="0.003"/>
  <testcase classname="com.j256.ormlite.dao.JdbcBaseDaoImplTest" name="testSelfGeneratedIdPrimary" time="0.001"/>
  <testcase classname="com.j256.ormlite.dao.JdbcBaseDaoImplTest" name="testCreateIfNotExists" time="0.002"/>
  <testcase classname="com.j256.ormlite.dao.JdbcBaseDaoImplTest" name="testCreateIfNotExistsNull" time="0.001"/>
  <testcase classname="com.j256.ormlite.dao.JdbcBaseDaoImplTest" name="testCountOf" time="0.001"/>
  <testcase classname="com.j256.ormlite.dao.JdbcBaseDaoImplTest" name="testCountOfPrepared" time="0.002"/>
  <testcase classname="com.j256.ormlite.dao.JdbcBaseDaoImplTest" name="testCountOfPreparedNoCountOf" time="0.001"/>
  <testcase classname="com.j256.ormlite.dao.JdbcBaseDaoImplTest" name="testSelectRaw" time="0.002"/>
  <testcase classname="com.j256.ormlite.dao.JdbcBaseDaoImplTest" name="testSelectRawNotQuery" time="0.001"/>
  <testcase classname="com.j256.ormlite.dao.JdbcBaseDaoImplTest" name="testForeignAutoCreate" time="0.003"/>
  <testcase classname="com.j256.ormlite.dao.JdbcBaseDaoImplTest" name="testForeignNull" time="0.002"/>
  <testcase classname="com.j256.ormlite.dao.JdbcBaseDaoImplTest" name="testForeignCantBeNull" time="0.002"/>
  <testcase classname="com.j256.ormlite.dao.JdbcBaseDaoImplTest" name="testLimitOffset" time="0.007"/>
  <testcase classname="com.j256.ormlite.dao.JdbcBaseDaoImplTest" name="testIteratorMove" time="0.002"/>
  <testcase classname="com.j256.ormlite.dao.JdbcBaseDaoImplTest" name="testBasicCacheStuff" time="0.005"/>
  <testcase classname="com.j256.ormlite.dao.JdbcBaseDaoImplTest" name="testForeignColumnName" time="0.003"/>
  <testcase classname="com.j256.ormlite.dao.JdbcBaseDaoImplTest" name="testVersionField" time="0.006"/>
  <testcase classname="com.j256.ormlite.dao.JdbcBaseDaoImplTest" name="testVersionFieldInsertOrUpdate" time="0.003"/>
  <testcase classname="com.j256.ormlite.dao.JdbcBaseDaoImplTest" name="testAutoCommitClose" time="0.002"/>
  <testcase classname="com.j256.ormlite.dao.JdbcBaseDaoImplTest" name="testConnectionMethods" time="0.03"/>
  <testcase classname="com.j256.ormlite.dao.JdbcBaseDaoImplTest" name="testAutoCommit" time="0.004"/>
  <testcase classname="com.j256.ormlite.dao.JdbcBaseDaoImplTest" name="testFewFields" time="0.002"/>
</testsuite>