<?xml version="1.0" encoding="UTF-8"?>
<testsuite xmlns:xsi="http://www.w3.org/2001/XMLSchema-instance" xsi:schemaLocation="https://maven.apache.org/surefire/maven-surefire-plugin/xsd/surefire-test-report.xsd" name="com.wizecommerce.hecuba.datastax.DataStaxBasedCassandraManagerTest" time="59.113" tests="36" errors="0" skipped="0" failures="0">
  <properties>
    <property name="java.runtime.name" value="OpenJDK Runtime Environment"/>
    <property name="sun.boot.library.path" value="/usr/local/openjdk-8/jre/lib/amd64"/>
    <property name="java.vm.version" value="25.262-b10"/>
    <property name="animal.sniffer.skip" value="true"/>
    <property name="java.vm.vendor" value="Oracle Corporation"/>
    <property name="maven.multiModuleProjectDirectory" value="/tmp/tmp6kewpg0e/hecuba"/>
    <property name="maven.javadoc.skip" value="true"/>
    <property name="java.vendor.url" value="http://java.oracle.com/"/>
    <property name="path.separator" value=":"/>
    <property name="guice.disable.misplaced.annotation.check" value="true"/>
    <property name="java.vm.name" value="OpenJDK 64-Bit Server VM"/>
    <property name="file.encoding.pkg" value="sun.io"/>
    <property name="sun.java.launcher" value="SUN_STANDARD"/>
    <property name="sun.os.patch.level" value="unknown"/>
    <property name="source.skip" value="true"/>
    <property name="java.vm.specification.name" value="Java Virtual Machine Specification"/>
    <property name="user.dir" value="/tmp/tmp6kewpg0e/hecuba"/>
    <property name="java.runtime.version" value="1.8.0_262-b10"/>
    <property name="java.awt.graphicsenv" value="sun.awt.X11GraphicsEnvironment"/>
    <property name="java.endorsed.dirs" value="/usr/local/openjdk-8/jre/lib/endorsed"/>
    <property name="os.arch" value="amd64"/>
    <property name="java.io.tmpdir" value="/tmp"/>
    <property name="line.separator" value="&#10;"/>
    <property name="java.vm.specification.vendor" value="Oracle Corporation"/>
    <property name="os.name" value="Linux"/>
    <property name="classworlds.conf" value="/usr/share/maven/bin/m2.conf"/>
    <property name="sun.jnu.encoding" value="UTF-8"/>
    <property name="java.library.path" value="/usr/java/packages/lib/amd64:/usr/lib64:/lib64:/lib:/usr/lib"/>
    <property name="license.skip" value="true"/>
    <property name="maven.conf" value="/usr/share/maven/conf"/>
    <property name="java.specification.name" value="Java Platform API Specification"/>
    <property name="java.class.version" value="52.0"/>
    <property name="sun.management.compiler" value="HotSpot 64-Bit Tiered Compilers"/>
    <property name="maven.test.failure.ignore" value="true"/>
    <property name="os.version" value="4.15.0-109-generic"/>
    <property name="library.jansi.path" value="/usr/share/maven/lib/jansi-native"/>
    <property name="user.home" value="/home/jdbl"/>
    <property name="user.timezone" value="Etc/UTC"/>
    <property name="java.awt.printerjob" value="sun.print.PSPrinterJob"/>
    <property name="java.specification.version" value="1.8"/>
    <property name="file.encoding" value="UTF-8"/>
    <property name="user.name" value="jdbl"/>
    <property name="java.class.path" value="/usr/share/maven/boot/plexus-classworlds-2.6.0.jar"/>
    <property name="java.vm.specification.version" value="1.8"/>
    <property name="sun.arch.data.model" value="64"/>
    <property name="java.home" value="/usr/local/openjdk-8/jre"/>
    <property name="sun.java.command" value="org.codehaus.plexus.classworlds.launcher.Launcher test -e --fail-never -ntp -Dmaven.test.failure.ignore=true -B -Dmaven.javadoc.skip=true -Drat.skip=true -Danimal.sniffer.skip=true -Dmaven.javadoc.skip=true -Dlicense.skip=true -Dsource.skip=true"/>
    <property name="java.specification.vendor" value="Oracle Corporation"/>
    <property name="user.language" value="en"/>
    <property name="awt.toolkit" value="sun.awt.X11.XToolkit"/>
    <property name="java.vm.info" value="mixed mode"/>
    <property name="java.version" value="1.8.0_262"/>
    <property name="java.ext.dirs" value="/usr/local/openjdk-8/jre/lib/ext:/usr/java/packages/lib/ext"/>
    <property name="securerandom.source" value="file:/dev/./urandom"/>
    <property name="sun.boot.class.path" value="/usr/local/openjdk-8/jre/lib/resources.jar:/usr/local/openjdk-8/jre/lib/rt.jar:/usr/local/openjdk-8/jre/lib/sunrsasign.jar:/usr/local/openjdk-8/jre/lib/jsse.jar:/usr/local/openjdk-8/jre/lib/jce.jar:/usr/local/openjdk-8/jre/lib/charsets.jar:/usr/local/openjdk-8/jre/lib/jfr.jar:/usr/local/openjdk-8/jre/classes"/>
    <property name="java.vendor" value="Oracle Corporation"/>
    <property name="rat.skip" value="true"/>
    <property name="maven.home" value="/usr/share/maven"/>
    <property name="file.separator" value="/"/>
    <property name="java.vendor.url.bug" value="http://bugreport.sun.com/bugreport/"/>
    <property name="sun.cpu.endian" value="little"/>
    <property name="sun.io.unicode.encoding" value="UnicodeLittle"/>
    <property name="sun.cpu.isalist" value=""/>
  </properties>
  <testcase name="testUpdateInteger" classname="com.wizecommerce.hecuba.datastax.DataStaxBasedCassandraManagerTest" time="1.211"/>
  <testcase name="testReadColumnSlice" classname="com.wizecommerce.hecuba.datastax.DataStaxBasedCassandraManagerTest" time="0.884"/>
  <testcase name="testUpdateRow" classname="com.wizecommerce.hecuba.datastax.DataStaxBasedCassandraManagerTest" time="0.881"/>
  <testcase name="testReadColumnSliceMultipleKeys" classname="com.wizecommerce.hecuba.datastax.DataStaxBasedCassandraManagerTest" time="1.013"/>
  <testcase name="testUpdateDate" classname="com.wizecommerce.hecuba.datastax.DataStaxBasedCassandraManagerTest" time="0.822"/>
  <testcase name="testUpdateLong" classname="com.wizecommerce.hecuba.datastax.DataStaxBasedCassandraManagerTest" time="0.84"/>
  <testcase name="testUpdateRowScenario1" classname="com.wizecommerce.hecuba.datastax.DataStaxBasedCassandraManagerTest" time="7.265"/>
  <testcase name="testUpdateRowScenario2" classname="com.wizecommerce.hecuba.datastax.DataStaxBasedCassandraManagerTest" time="0.96"/>
  <testcase name="testUpdateRowScenario3" classname="com.wizecommerce.hecuba.datastax.DataStaxBasedCassandraManagerTest" time="1.011"/>
  <testcase name="testUpdateRowScenario4" classname="com.wizecommerce.hecuba.datastax.DataStaxBasedCassandraManagerTest" time="0.95"/>
  <testcase name="testUpdateRowScenario5" classname="com.wizecommerce.hecuba.datastax.DataStaxBasedCassandraManagerTest" time="1.1"/>
  <testcase name="testUpdateRowScenario6" classname="com.wizecommerce.hecuba.datastax.DataStaxBasedCassandraManagerTest" time="2.078"/>
  <testcase name="testUpdateRowScenario7" classname="com.wizecommerce.hecuba.datastax.DataStaxBasedCassandraManagerTest" time="1.04"/>
  <testcase name="testUpdateRowScenario8" classname="com.wizecommerce.hecuba.datastax.DataStaxBasedCassandraManagerTest" time="1.046"/>
  <testcase name="testUpdateRowScenario9" classname="com.wizecommerce.hecuba.datastax.DataStaxBasedCassandraManagerTest" time="1.158"/>
  <testcase name="testRetrieveSecondaryIdxKeys" classname="com.wizecommerce.hecuba.datastax.DataStaxBasedCassandraManagerTest" time="1.378"/>
  <testcase name="testSecondaryIndexMultiGet" classname="com.wizecommerce.hecuba.datastax.DataStaxBasedCassandraManagerTest" time="1.136"/>
  <testcase name="testSecondaryIndexWithDeletes" classname="com.wizecommerce.hecuba.datastax.DataStaxBasedCassandraManagerTest" time="1.744"/>
  <testcase name="testUpdateDouble" classname="com.wizecommerce.hecuba.datastax.DataStaxBasedCassandraManagerTest" time="1.139"/>
  <testcase name="testDeleteColumn" classname="com.wizecommerce.hecuba.datastax.DataStaxBasedCassandraManagerTest" time="1.162"/>
  <testcase name="outOfOrderDeleteTest" classname="com.wizecommerce.hecuba.datastax.DataStaxBasedCassandraManagerTest" time="1.732"/>
  <testcase name="testUpdateString" classname="com.wizecommerce.hecuba.datastax.DataStaxBasedCassandraManagerTest" time="1.121"/>
  <testcase name="testDeleteRow" classname="com.wizecommerce.hecuba.datastax.DataStaxBasedCassandraManagerTest" time="1.164"/>
  <testcase name="testReadColumnsMultipleKeys" classname="com.wizecommerce.hecuba.datastax.DataStaxBasedCassandraManagerTest" time="2.27"/>
  <testcase name="testUpdateBoolean" classname="com.wizecommerce.hecuba.datastax.DataStaxBasedCassandraManagerTest" time="1.261"/>
  <testcase name="testUpdateRowScenario10" classname="com.wizecommerce.hecuba.datastax.DataStaxBasedCassandraManagerTest" time="4.228"/>
  <testcase name="testUpdateRowScenario11" classname="com.wizecommerce.hecuba.datastax.DataStaxBasedCassandraManagerTest" time="1.189"/>
  <testcase name="testUpdateRowScenario12" classname="com.wizecommerce.hecuba.datastax.DataStaxBasedCassandraManagerTest" time="1.127"/>
  <testcase name="testUpdateRowScenario13" classname="com.wizecommerce.hecuba.datastax.DataStaxBasedCassandraManagerTest" time="2.378"/>
  <testcase name="testUpdateRowScenario14" classname="com.wizecommerce.hecuba.datastax.DataStaxBasedCassandraManagerTest" time="1.243"/>
  <testcase name="testUpdateRowScenario15" classname="com.wizecommerce.hecuba.datastax.DataStaxBasedCassandraManagerTest" time="2.266"/>
  <testcase name="testUpdateRowScenario16" classname="com.wizecommerce.hecuba.datastax.DataStaxBasedCassandraManagerTest" time="1.545"/>
  <testcase name="testUpdateRowScenario17" classname="com.wizecommerce.hecuba.datastax.DataStaxBasedCassandraManagerTest" time="4.369"/>
  <testcase name="testUpdateRowScenario18" classname="com.wizecommerce.hecuba.datastax.DataStaxBasedCassandraManagerTest" time="1.082"/>
  <testcase name="testHecubaClientManager" classname="com.wizecommerce.hecuba.datastax.DataStaxBasedCassandraManagerTest" time="1.7"/>
  <testcase name="testReadAllColumns" classname="com.wizecommerce.hecuba.datastax.DataStaxBasedCassandraManagerTest" time="1.604"/>
</testsuite>