<?xml version="1.0" encoding="UTF-8"?>
<testsuite xmlns:xsi="http://www.w3.org/2001/XMLSchema-instance" xsi:schemaLocation="https://maven.apache.org/surefire/maven-surefire-plugin/xsd/surefire-test-report.xsd" name="com.mastercard.developer.encryption.FieldLevelEncryptionWithJacksonJsonEngineTest" time="0.233" tests="51" errors="0" skipped="0" failures="0">
  <properties>
    <property name="java.runtime.name" value="OpenJDK Runtime Environment"/>
    <property name="sun.boot.library.path" value="/usr/local/openjdk-8/jre/lib/amd64"/>
    <property name="java.vm.version" value="25.262-b10"/>
    <property name="animal.sniffer.skip" value="true"/>
    <property name="java.vm.vendor" value="Oracle Corporation"/>
    <property name="maven.multiModuleProjectDirectory" value="/tmp/tmphz9o4dr9/client-encryption-java"/>
    <property name="maven.javadoc.skip" value="true"/>
    <property name="java.vendor.url" value="http://java.oracle.com/"/>
    <property name="path.separator" value=":"/>
    <property name="guice.disable.misplaced.annotation.check" value="true"/>
    <property name="java.vm.name" value="OpenJDK 64-Bit Server VM"/>
    <property name="file.encoding.pkg" value="sun.io"/>
    <property name="sun.java.launcher" value="SUN_STANDARD"/>
    <property name="sun.os.patch.level" value="unknown"/>
    <property name="source.skip" value="true"/>
    <property name="java.vm.specification.name" value="Java Virtual Machine Specification"/>
    <property name="user.dir" value="/tmp/tmphz9o4dr9/client-encryption-java"/>
    <property name="java.runtime.version" value="1.8.0_262-b10"/>
    <property name="java.awt.graphicsenv" value="sun.awt.X11GraphicsEnvironment"/>
    <property name="java.endorsed.dirs" value="/usr/local/openjdk-8/jre/lib/endorsed"/>
    <property name="os.arch" value="amd64"/>
    <property name="java.io.tmpdir" value="/tmp"/>
    <property name="line.separator" value="&#10;"/>
    <property name="java.vm.specification.vendor" value="Oracle Corporation"/>
    <property name="os.name" value="Linux"/>
    <property name="classworlds.conf" value="/usr/share/maven/bin/m2.conf"/>
    <property name="sun.jnu.encoding" value="UTF-8"/>
    <property name="java.library.path" value="/usr/java/packages/lib/amd64:/usr/lib64:/lib64:/lib:/usr/lib"/>
    <property name="license.skip" value="true"/>
    <property name="maven.conf" value="/usr/share/maven/conf"/>
    <property name="java.specification.name" value="Java Platform API Specification"/>
    <property name="java.class.version" value="52.0"/>
    <property name="sun.management.compiler" value="HotSpot 64-Bit Tiered Compilers"/>
    <property name="maven.test.failure.ignore" value="true"/>
    <property name="os.version" value="4.15.0-109-generic"/>
    <property name="library.jansi.path" value="/usr/share/maven/lib/jansi-native"/>
    <property name="user.home" value="/home/jdbl"/>
    <property name="user.timezone" value="Etc/UTC"/>
    <property name="java.awt.printerjob" value="sun.print.PSPrinterJob"/>
    <property name="java.specification.version" value="1.8"/>
    <property name="file.encoding" value="UTF-8"/>
    <property name="user.name" value="jdbl"/>
    <property name="java.class.path" value="/usr/share/maven/boot/plexus-classworlds-2.6.0.jar"/>
    <property name="java.vm.specification.version" value="1.8"/>
    <property name="sun.arch.data.model" value="64"/>
    <property name="java.home" value="/usr/local/openjdk-8/jre"/>
    <property name="sun.java.command" value="org.codehaus.plexus.classworlds.launcher.Launcher test -e --fail-never -ntp -Dmaven.test.failure.ignore=true -B -Dmaven.javadoc.skip=true -Drat.skip=true -Danimal.sniffer.skip=true -Dmaven.javadoc.skip=true -Dlicense.skip=true -Dsource.skip=true"/>
    <property name="java.specification.vendor" value="Oracle Corporation"/>
    <property name="user.language" value="en"/>
    <property name="awt.toolkit" value="sun.awt.X11.XToolkit"/>
    <property name="java.vm.info" value="mixed mode"/>
    <property name="java.version" value="1.8.0_262"/>
    <property name="java.ext.dirs" value="/usr/local/openjdk-8/jre/lib/ext:/usr/java/packages/lib/ext"/>
    <property name="securerandom.source" value="file:/dev/./urandom"/>
    <property name="sun.boot.class.path" value="/usr/local/openjdk-8/jre/lib/resources.jar:/usr/local/openjdk-8/jre/lib/rt.jar:/usr/local/openjdk-8/jre/lib/sunrsasign.jar:/usr/local/openjdk-8/jre/lib/jsse.jar:/usr/local/openjdk-8/jre/lib/jce.jar:/usr/local/openjdk-8/jre/lib/charsets.jar:/usr/local/openjdk-8/jre/lib/jfr.jar:/usr/local/openjdk-8/jre/classes"/>
    <property name="java.vendor" value="Oracle Corporation"/>
    <property name="rat.skip" value="true"/>
    <property name="maven.home" value="/usr/share/maven"/>
    <property name="file.separator" value="/"/>
    <property name="java.vendor.url.bug" value="http://bugreport.sun.com/bugreport/"/>
    <property name="sun.cpu.endian" value="little"/>
    <property name="sun.io.unicode.encoding" value="UnicodeLittle"/>
    <property name="sun.cpu.isalist" value=""/>
  </properties>
  <testcase name="testEncryptPayload_ShouldNotAddOaepPaddingDigestAlgorithm_WhenOaepPaddingDigestAlgorithmFieldNameNotSet" classname="com.mastercard.developer.encryption.FieldLevelEncryptionWithJacksonJsonEngineTest" time="0.002"/>
  <testcase name="testDecryptPayload_ShouldSupportRootAsInputPathAndOutputPath" classname="com.mastercard.developer.encryption.FieldLevelEncryptionWithJacksonJsonEngineTest" time="0.007"/>
  <testcase name="testDecryptPayload_ShouldKeepCertificateAndKeyFingerprints_WhenFieldNamesNotSetInConfig" classname="com.mastercard.developer.encryption.FieldLevelEncryptionWithJacksonJsonEngineTest" time="0.007"/>
  <testcase name="testDecryptPayload_ShouldUseProvidedEncryptionParams_WhenPassedAsArgument" classname="com.mastercard.developer.encryption.FieldLevelEncryptionWithJacksonJsonEngineTest" time="0.005"/>
  <testcase name="testEncryptPayload_ShouldMergeJsonObjects_WhenOutPathAlreadyContainData" classname="com.mastercard.developer.encryption.FieldLevelEncryptionWithJacksonJsonEngineTest" time="0.001"/>
  <testcase name="testEncryptPayload_ShouldThrowIllegalArgumentException_WhenOutPathParentDoesNotExistInPayload" classname="com.mastercard.developer.encryption.FieldLevelEncryptionWithJacksonJsonEngineTest" time="0.002"/>
  <testcase name="testDecryptPayload_ShouldUseEncryptionParamsFromPayload_WhenNullArgument" classname="com.mastercard.developer.encryption.FieldLevelEncryptionWithJacksonJsonEngineTest" time="0.003"/>
  <testcase name="testEncryptPayload_ShouldSupportRootAsInputPath" classname="com.mastercard.developer.encryption.FieldLevelEncryptionWithJacksonJsonEngineTest" time="0.001"/>
  <testcase name="testDecryptPayload_ShouldKeepInputObject_WhenContainsAdditionalFields" classname="com.mastercard.developer.encryption.FieldLevelEncryptionWithJacksonJsonEngineTest" time="0.003"/>
  <testcase name="testDecryptPayload_ShouldThrowIllegalArgumentException_WhenInPathIsPathToJsonPrimitive" classname="com.mastercard.developer.encryption.FieldLevelEncryptionWithJacksonJsonEngineTest" time="0.001"/>
  <testcase name="testDecryptBytes_InteroperabilityTest" classname="com.mastercard.developer.encryption.FieldLevelEncryptionWithJacksonJsonEngineTest" time="0"/>
  <testcase name="testEncryptPayload_ShouldNotSetCertificateAndKeyFingerprints_WhenFieldNamesNotSetInConfig" classname="com.mastercard.developer.encryption.FieldLevelEncryptionWithJacksonJsonEngineTest" time="0.001"/>
  <testcase name="testDecryptPayload_ShouldOverwriteInputObject_WhenOutPathSameAsInPath_PrimitiveTypeData" classname="com.mastercard.developer.encryption.FieldLevelEncryptionWithJacksonJsonEngineTest" time="0.003"/>
  <testcase name="testEncryptPayload_ShouldEncryptArrays" classname="com.mastercard.developer.encryption.FieldLevelEncryptionWithJacksonJsonEngineTest" time="0.003"/>
  <testcase name="testDecryptPayload_ShouldDecryptPrimitiveTypes_Integer" classname="com.mastercard.developer.encryption.FieldLevelEncryptionWithJacksonJsonEngineTest" time="0.002"/>
  <testcase name="testDecryptPayload_ShouldSupportMultipleDecryptions" classname="com.mastercard.developer.encryption.FieldLevelEncryptionWithJacksonJsonEngineTest" time="0.003"/>
  <testcase name="testDecryptPayload_ShouldDecryptArrays" classname="com.mastercard.developer.encryption.FieldLevelEncryptionWithJacksonJsonEngineTest" time="0.003"/>
  <testcase name="testEncryptPayload_ShouldEncryptPrimitiveTypes_Boolean" classname="com.mastercard.developer.encryption.FieldLevelEncryptionWithJacksonJsonEngineTest" time="0.003"/>
  <testcase name="testEncryptPayload_ShouldEncryptPrimitiveTypes_String" classname="com.mastercard.developer.encryption.FieldLevelEncryptionWithJacksonJsonEngineTest" time="0.003"/>
  <testcase name="testDecryptPayload_ShouldDoNothing_WhenInPathDoesNotExistInPayload" classname="com.mastercard.developer.encryption.FieldLevelEncryptionWithJacksonJsonEngineTest" time="0"/>
  <testcase name="testDecryptPayload_ShouldDecryptPrimitiveTypes_String" classname="com.mastercard.developer.encryption.FieldLevelEncryptionWithJacksonJsonEngineTest" time="0.003"/>
  <testcase name="testDecryptPayload_InteroperabilityTest" classname="com.mastercard.developer.encryption.FieldLevelEncryptionWithJacksonJsonEngineTest" time="0.003"/>
  <testcase name="testEncryptPayload_ShouldSupportMultipleEncryptions" classname="com.mastercard.developer.encryption.FieldLevelEncryptionWithJacksonJsonEngineTest" time="0.002"/>
  <testcase name="testDecryptPayload_ShouldMergeJsonObjects_WhenOutPathAlreadyContainData" classname="com.mastercard.developer.encryption.FieldLevelEncryptionWithJacksonJsonEngineTest" time="0.002"/>
  <testcase name="testEncryptPayload_ShouldGenerateEncryptionParams_WhenNullArgument" classname="com.mastercard.developer.encryption.FieldLevelEncryptionWithJacksonJsonEngineTest" time="0.001"/>
  <testcase name="testEncryptPayload_ShouldNotAddEncryptionParamsToPayload_WhenFieldNamesNotSetInConfig" classname="com.mastercard.developer.encryption.FieldLevelEncryptionWithJacksonJsonEngineTest" time="0.001"/>
  <testcase name="testEncryptBytes_InteroperabilityTest" classname="com.mastercard.developer.encryption.FieldLevelEncryptionWithJacksonJsonEngineTest" time="0"/>
  <testcase name="testEncryptPayload_ShouldSupportRootAsInputPathAndOutputPath" classname="com.mastercard.developer.encryption.FieldLevelEncryptionWithJacksonJsonEngineTest" time="0.002"/>
  <testcase name="testEncryptPayload_ShouldUseProvidedEncryptionParams_WhenPassedAsArgument" classname="com.mastercard.developer.encryption.FieldLevelEncryptionWithJacksonJsonEngineTest" time="0.001"/>
  <testcase name="testEncryptPayload_ShouldDoNothing_WhenInPathDoesNotExistInPayload" classname="com.mastercard.developer.encryption.FieldLevelEncryptionWithJacksonJsonEngineTest" time="0.001"/>
  <testcase name="testDecryptPayload_ShouldThrowIllegalArgumentException_WhenOutPathIsPathToJsonPrimitive" classname="com.mastercard.developer.encryption.FieldLevelEncryptionWithJacksonJsonEngineTest" time="0.002"/>
  <testcase name="testDecryptPayload_ShouldOverwriteInputObject_WhenOutPathSameAsInPath_ObjectData" classname="com.mastercard.developer.encryption.FieldLevelEncryptionWithJacksonJsonEngineTest" time="0.002"/>
  <testcase name="testEncryptPayload_ShouldCreateEncryptionFields_WhenOutPathParentExistsInPayload" classname="com.mastercard.developer.encryption.FieldLevelEncryptionWithJacksonJsonEngineTest" time="0.001"/>
  <testcase name="testEncryptPayload_Nominal" classname="com.mastercard.developer.encryption.FieldLevelEncryptionWithJacksonJsonEngineTest" time="0.004"/>
  <testcase name="testDecryptPayload_ShouldCreateDataFields_WhenOutPathParentExistsInPayload" classname="com.mastercard.developer.encryption.FieldLevelEncryptionWithJacksonJsonEngineTest" time="0.002"/>
  <testcase name="testDecryptPayload_Nominal" classname="com.mastercard.developer.encryption.FieldLevelEncryptionWithJacksonJsonEngineTest" time="0.002"/>
  <testcase name="testDecryptPayload_ShouldThrowIllegalArgumentException_WhenOutPathParentDoesNotExistInPayload" classname="com.mastercard.developer.encryption.FieldLevelEncryptionWithJacksonJsonEngineTest" time="0.002"/>
  <testcase name="testEncryptPayload_ShouldSupportBasicNotExistingJsonPaths" classname="com.mastercard.developer.encryption.FieldLevelEncryptionWithJacksonJsonEngineTest" time="0.003"/>
  <testcase name="testEncryptPayload_ShouldSupportBase64FieldValueEncoding" classname="com.mastercard.developer.encryption.FieldLevelEncryptionWithJacksonJsonEngineTest" time="0.002"/>
  <testcase name="testDecryptPayload_ShouldUseOaepDigestAlgorithmFromConfig_WhenOaepDigestAlgorithmNotReturnedInPayload" classname="com.mastercard.developer.encryption.FieldLevelEncryptionWithJacksonJsonEngineTest" time="0.005"/>
  <testcase name="testEncryptPayload_ShouldOverwriteInputObject_WhenOutPathSameAsInPath" classname="com.mastercard.developer.encryption.FieldLevelEncryptionWithJacksonJsonEngineTest" time="0.005"/>
  <testcase name="testDecryptPayload_ShouldThrowIllegalStateException_WhenEncryptionParamsAreMissing" classname="com.mastercard.developer.encryption.FieldLevelEncryptionWithJacksonJsonEngineTest" time="0.003"/>
  <testcase name="testDecryptPayload_ShouldThrowEncryptionException_WhenDecryptionErrorOccurs" classname="com.mastercard.developer.encryption.FieldLevelEncryptionWithJacksonJsonEngineTest" time="0.112"/>
  <testcase name="testEncryptPayload_ShouldEncryptPrimitiveTypes_Integer" classname="com.mastercard.developer.encryption.FieldLevelEncryptionWithJacksonJsonEngineTest" time="0.003"/>
  <testcase name="testDecryptPayload_ShouldDecryptPrimitiveTypes_Boolean" classname="com.mastercard.developer.encryption.FieldLevelEncryptionWithJacksonJsonEngineTest" time="0.002"/>
  <testcase name="testEncryptPayload_ShouldThrowIllegalArgumentException_WhenOutPathIsPathToJsonPrimitive" classname="com.mastercard.developer.encryption.FieldLevelEncryptionWithJacksonJsonEngineTest" time="0.001"/>
  <testcase name="testEncryptPayload_ShouldThrowEncryptionException_WhenEncryptionErrorOccurs" classname="com.mastercard.developer.encryption.FieldLevelEncryptionWithJacksonJsonEngineTest" time="0.001"/>
  <testcase name="testDecryptPayload_ShouldSupportBase64FieldValueDecoding" classname="com.mastercard.developer.encryption.FieldLevelEncryptionWithJacksonJsonEngineTest" time="0.003"/>
  <testcase name="testEncryptPayload_ShouldSupportBasicExistingJsonPaths" classname="com.mastercard.developer.encryption.FieldLevelEncryptionWithJacksonJsonEngineTest" time="0.003"/>
  <testcase name="testDecryptPayload_ShouldDoNothing_WhenEncryptedValueDoesNotExistInPayload" classname="com.mastercard.developer.encryption.FieldLevelEncryptionWithJacksonJsonEngineTest" time="0.001"/>
  <testcase name="testDecryptPayload_ShouldSupportRootAsInputPath" classname="com.mastercard.developer.encryption.FieldLevelEncryptionWithJacksonJsonEngineTest" time="0.002"/>
</testsuite>