<?xml version="1.0" encoding="UTF-8"?>
<testsuite xmlns:xsi="http://www.w3.org/2001/XMLSchema-instance" xsi:schemaLocation="https://maven.apache.org/surefire/maven-surefire-plugin/xsd/surefire-test-report.xsd" name="ezvcard.parameter.VCardParametersTest" time="0.239" tests="39" errors="0" skipped="0" failures="0">
  <properties>
    <property name="java.runtime.name" value="OpenJDK Runtime Environment"/>
    <property name="sun.boot.library.path" value="/usr/local/openjdk-8/jre/lib/amd64"/>
    <property name="java.vm.version" value="25.262-b10"/>
    <property name="animal.sniffer.skip" value="true"/>
    <property name="java.vm.vendor" value="Oracle Corporation"/>
    <property name="maven.multiModuleProjectDirectory" value="/tmp/tmp83z_gw04/ez-vcard"/>
    <property name="maven.javadoc.skip" value="true"/>
    <property name="java.vendor.url" value="http://java.oracle.com/"/>
    <property name="path.separator" value=":"/>
    <property name="guice.disable.misplaced.annotation.check" value="true"/>
    <property name="java.vm.name" value="OpenJDK 64-Bit Server VM"/>
    <property name="file.encoding.pkg" value="sun.io"/>
    <property name="sun.java.launcher" value="SUN_STANDARD"/>
    <property name="sun.os.patch.level" value="unknown"/>
    <property name="source.skip" value="true"/>
    <property name="java.vm.specification.name" value="Java Virtual Machine Specification"/>
    <property name="user.dir" value="/tmp/tmp83z_gw04/ez-vcard"/>
    <property name="java.runtime.version" value="1.8.0_262-b10"/>
    <property name="java.awt.graphicsenv" value="sun.awt.X11GraphicsEnvironment"/>
    <property name="java.endorsed.dirs" value="/usr/local/openjdk-8/jre/lib/endorsed"/>
    <property name="os.arch" value="amd64"/>
    <property name="java.io.tmpdir" value="/tmp"/>
    <property name="line.separator" value="&#10;"/>
    <property name="java.vm.specification.vendor" value="Oracle Corporation"/>
    <property name="os.name" value="Linux"/>
    <property name="classworlds.conf" value="/usr/share/maven/bin/m2.conf"/>
    <property name="sun.jnu.encoding" value="UTF-8"/>
    <property name="java.library.path" value="/usr/java/packages/lib/amd64:/usr/lib64:/lib64:/lib:/usr/lib"/>
    <property name="license.skip" value="true"/>
    <property name="maven.conf" value="/usr/share/maven/conf"/>
    <property name="java.specification.name" value="Java Platform API Specification"/>
    <property name="java.class.version" value="52.0"/>
    <property name="sun.management.compiler" value="HotSpot 64-Bit Tiered Compilers"/>
    <property name="maven.test.failure.ignore" value="true"/>
    <property name="os.version" value="4.15.0-109-generic"/>
    <property name="library.jansi.path" value="/usr/share/maven/lib/jansi-native"/>
    <property name="user.home" value="/home/jdbl"/>
    <property name="user.timezone" value="Etc/UTC"/>
    <property name="java.awt.printerjob" value="sun.print.PSPrinterJob"/>
    <property name="java.specification.version" value="1.8"/>
    <property name="file.encoding" value="UTF-8"/>
    <property name="user.name" value="jdbl"/>
    <property name="java.class.path" value="/usr/share/maven/boot/plexus-classworlds-2.6.0.jar"/>
    <property name="java.vm.specification.version" value="1.8"/>
    <property name="sun.arch.data.model" value="64"/>
    <property name="java.home" value="/usr/local/openjdk-8/jre"/>
    <property name="sun.java.command" value="org.codehaus.plexus.classworlds.launcher.Launcher test -e --fail-never -ntp -Dmaven.test.failure.ignore=true -B -Dmaven.javadoc.skip=true -Drat.skip=true -Danimal.sniffer.skip=true -Dmaven.javadoc.skip=true -Dlicense.skip=true -Dsource.skip=true"/>
    <property name="java.specification.vendor" value="Oracle Corporation"/>
    <property name="user.language" value="en"/>
    <property name="awt.toolkit" value="sun.awt.X11.XToolkit"/>
    <property name="java.vm.info" value="mixed mode"/>
    <property name="java.version" value="1.8.0_262"/>
    <property name="java.ext.dirs" value="/usr/local/openjdk-8/jre/lib/ext:/usr/java/packages/lib/ext"/>
    <property name="securerandom.source" value="file:/dev/./urandom"/>
    <property name="sun.boot.class.path" value="/usr/local/openjdk-8/jre/lib/resources.jar:/usr/local/openjdk-8/jre/lib/rt.jar:/usr/local/openjdk-8/jre/lib/sunrsasign.jar:/usr/local/openjdk-8/jre/lib/jsse.jar:/usr/local/openjdk-8/jre/lib/jce.jar:/usr/local/openjdk-8/jre/lib/charsets.jar:/usr/local/openjdk-8/jre/lib/jfr.jar:/usr/local/openjdk-8/jre/classes"/>
    <property name="java.vendor" value="Oracle Corporation"/>
    <property name="rat.skip" value="true"/>
    <property name="maven.home" value="/usr/share/maven"/>
    <property name="file.separator" value="/"/>
    <property name="java.vendor.url.bug" value="http://bugreport.sun.com/bugreport/"/>
    <property name="sun.cpu.endian" value="little"/>
    <property name="sun.io.unicode.encoding" value="UnicodeLittle"/>
    <property name="sun.cpu.isalist" value=""/>
  </properties>
  <testcase name="timezone" classname="ezvcard.parameter.VCardParametersTest" time="0.004"/>
  <testcase name="pref_malformed" classname="ezvcard.parameter.VCardParametersTest" time="0.004"/>
  <testcase name="language" classname="ezvcard.parameter.VCardParametersTest" time="0.001"/>
  <testcase name="equals_essentials" classname="ezvcard.parameter.VCardParametersTest" time="0.013"/>
  <testcase name="equals_duplicate_values" classname="ezvcard.parameter.VCardParametersTest" time="0.003"/>
  <testcase name="geo_malformed" classname="ezvcard.parameter.VCardParametersTest" time="0.002"/>
  <testcase name="equals_different_size" classname="ezvcard.parameter.VCardParametersTest" time="0"/>
  <testcase name="equals_multiple_keys" classname="ezvcard.parameter.VCardParametersTest" time="0"/>
  <testcase name="sortAs" classname="ezvcard.parameter.VCardParametersTest" time="0.001"/>
  <testcase name="equals_different_duplicates_same_value_size" classname="ezvcard.parameter.VCardParametersTest" time="0"/>
  <testcase name="validate_pref" classname="ezvcard.parameter.VCardParametersTest" time="0.006"/>
  <testcase name="validate_malformed_values" classname="ezvcard.parameter.VCardParametersTest" time="0.002"/>
  <testcase name="case_insensitive" classname="ezvcard.parameter.VCardParametersTest" time="0"/>
  <testcase name="equals_different_value_size" classname="ezvcard.parameter.VCardParametersTest" time="0"/>
  <testcase name="validate_value_supported_versions" classname="ezvcard.parameter.VCardParametersTest" time="0.006"/>
  <testcase name="validate_parameter_value_characters" classname="ezvcard.parameter.VCardParametersTest" time="0.002"/>
  <testcase name="calscale" classname="ezvcard.parameter.VCardParametersTest" time="0.001"/>
  <testcase name="geo" classname="ezvcard.parameter.VCardParametersTest" time="0.007"/>
  <testcase name="copy" classname="ezvcard.parameter.VCardParametersTest" time="0.001"/>
  <testcase name="validate_index" classname="ezvcard.parameter.VCardParametersTest" time="0.002"/>
  <testcase name="pref" classname="ezvcard.parameter.VCardParametersTest" time="0"/>
  <testcase name="type" classname="ezvcard.parameter.VCardParametersTest" time="0"/>
  <testcase name="equals_case_insensitive" classname="ezvcard.parameter.VCardParametersTest" time="0"/>
  <testcase name="altId" classname="ezvcard.parameter.VCardParametersTest" time="0"/>
  <testcase name="index" classname="ezvcard.parameter.VCardParametersTest" time="0"/>
  <testcase name="label" classname="ezvcard.parameter.VCardParametersTest" time="0"/>
  <testcase name="level" classname="ezvcard.parameter.VCardParametersTest" time="0"/>
  <testcase name="value" classname="ezvcard.parameter.VCardParametersTest" time="0"/>
  <testcase name="index_malformed" classname="ezvcard.parameter.VCardParametersTest" time="0"/>
  <testcase name="validate_supported_versions" classname="ezvcard.parameter.VCardParametersTest" time="0.002"/>
  <testcase name="validate_pid" classname="ezvcard.parameter.VCardParametersTest" time="0.033"/>
  <testcase name="validate_non_standard_values" classname="ezvcard.parameter.VCardParametersTest" time="0"/>
  <testcase name="encoding" classname="ezvcard.parameter.VCardParametersTest" time="0"/>
  <testcase name="validate_label_parameter_value_characters" classname="ezvcard.parameter.VCardParametersTest" time="0"/>
  <testcase name="validate_parameter_name" classname="ezvcard.parameter.VCardParametersTest" time="0"/>
  <testcase name="validate_charset" classname="ezvcard.parameter.VCardParametersTest" time="0.009"/>
  <testcase name="validate_label_parameter_newlines" classname="ezvcard.parameter.VCardParametersTest" time="0.001"/>
  <testcase name="equals_order_does_not_matter" classname="ezvcard.parameter.VCardParametersTest" time="0"/>
  <testcase name="mediaType" classname="ezvcard.parameter.VCardParametersTest" time="0"/>
</testsuite>