<?xml version="1.0" encoding="UTF-8"?>
<testsuite xmlns:xsi="http://www.w3.org/2001/XMLSchema-instance" xsi:schemaLocation="https://maven.apache.org/surefire/maven-surefire-plugin/xsd/surefire-test-report.xsd" name="org.toilelibre.libe.outside.curl.CurlTest" time="11.161" tests="63" errors="0" skipped="1" failures="0">
  <properties>
    <property name="java.runtime.name" value="OpenJDK Runtime Environment"/>
    <property name="sun.boot.library.path" value="/usr/local/openjdk-8/jre/lib/amd64"/>
    <property name="java.vm.version" value="25.262-b10"/>
    <property name="animal.sniffer.skip" value="true"/>
    <property name="java.vm.vendor" value="Oracle Corporation"/>
    <property name="maven.multiModuleProjectDirectory" value="/tmp/tmpejjz6rv9/curl"/>
    <property name="maven.javadoc.skip" value="true"/>
    <property name="java.vendor.url" value="http://java.oracle.com/"/>
    <property name="path.separator" value=":"/>
    <property name="guice.disable.misplaced.annotation.check" value="true"/>
    <property name="java.vm.name" value="OpenJDK 64-Bit Server VM"/>
    <property name="file.encoding.pkg" value="sun.io"/>
    <property name="sun.java.launcher" value="SUN_STANDARD"/>
    <property name="sun.os.patch.level" value="unknown"/>
    <property name="source.skip" value="true"/>
    <property name="java.vm.specification.name" value="Java Virtual Machine Specification"/>
    <property name="user.dir" value="/tmp/tmpejjz6rv9/curl"/>
    <property name="java.runtime.version" value="1.8.0_262-b10"/>
    <property name="java.awt.graphicsenv" value="sun.awt.X11GraphicsEnvironment"/>
    <property name="java.endorsed.dirs" value="/usr/local/openjdk-8/jre/lib/endorsed"/>
    <property name="os.arch" value="amd64"/>
    <property name="java.io.tmpdir" value="/tmp"/>
    <property name="line.separator" value="&#10;"/>
    <property name="java.vm.specification.vendor" value="Oracle Corporation"/>
    <property name="os.name" value="Linux"/>
    <property name="classworlds.conf" value="/usr/share/maven/bin/m2.conf"/>
    <property name="sun.jnu.encoding" value="UTF-8"/>
    <property name="java.library.path" value="/usr/java/packages/lib/amd64:/usr/lib64:/lib64:/lib:/usr/lib"/>
    <property name="license.skip" value="true"/>
    <property name="maven.conf" value="/usr/share/maven/conf"/>
    <property name="java.specification.name" value="Java Platform API Specification"/>
    <property name="java.class.version" value="52.0"/>
    <property name="sun.management.compiler" value="HotSpot 64-Bit Tiered Compilers"/>
    <property name="maven.test.failure.ignore" value="true"/>
    <property name="os.version" value="4.15.0-109-generic"/>
    <property name="library.jansi.path" value="/usr/share/maven/lib/jansi-native"/>
    <property name="user.home" value="/home/jdbl"/>
    <property name="user.timezone" value="Etc/UTC"/>
    <property name="java.awt.printerjob" value="sun.print.PSPrinterJob"/>
    <property name="java.specification.version" value="1.8"/>
    <property name="file.encoding" value="UTF-8"/>
    <property name="user.name" value="jdbl"/>
    <property name="java.class.path" value="/usr/share/maven/boot/plexus-classworlds-2.6.0.jar"/>
    <property name="java.vm.specification.version" value="1.8"/>
    <property name="sun.arch.data.model" value="64"/>
    <property name="java.home" value="/usr/local/openjdk-8/jre"/>
    <property name="sun.java.command" value="org.codehaus.plexus.classworlds.launcher.Launcher test -e --fail-never -ntp -Dmaven.test.failure.ignore=true -B -Dmaven.javadoc.skip=true -Drat.skip=true -Danimal.sniffer.skip=true -Dmaven.javadoc.skip=true -Dlicense.skip=true -Dsource.skip=true"/>
    <property name="java.specification.vendor" value="Oracle Corporation"/>
    <property name="user.language" value="en"/>
    <property name="awt.toolkit" value="sun.awt.X11.XToolkit"/>
    <property name="java.vm.info" value="mixed mode"/>
    <property name="java.version" value="1.8.0_262"/>
    <property name="java.ext.dirs" value="/usr/local/openjdk-8/jre/lib/ext:/usr/java/packages/lib/ext"/>
    <property name="securerandom.source" value="file:/dev/./urandom"/>
    <property name="sun.boot.class.path" value="/usr/local/openjdk-8/jre/lib/resources.jar:/usr/local/openjdk-8/jre/lib/rt.jar:/usr/local/openjdk-8/jre/lib/sunrsasign.jar:/usr/local/openjdk-8/jre/lib/jsse.jar:/usr/local/openjdk-8/jre/lib/jce.jar:/usr/local/openjdk-8/jre/lib/charsets.jar:/usr/local/openjdk-8/jre/lib/jfr.jar:/usr/local/openjdk-8/jre/classes"/>
    <property name="java.vendor" value="Oracle Corporation"/>
    <property name="rat.skip" value="true"/>
    <property name="maven.home" value="/usr/share/maven"/>
    <property name="file.separator" value="/"/>
    <property name="java.vendor.url.bug" value="http://bugreport.sun.com/bugreport/"/>
    <property name="sun.cpu.endian" value="little"/>
    <property name="sun.io.unicode.encoding" value="UnicodeLittle"/>
    <property name="sun.cpu.isalist" value=""/>
  </properties>
  <testcase name="curlRootWithoutTrustingInsecure" classname="org.toilelibre.libe.outside.curl.CurlTest" time="0.119"/>
  <testcase name="theSkyIsBlueInIvritWithUTF8Encoding" classname="org.toilelibre.libe.outside.curl.CurlTest" time="0.357"/>
  <testcase name="withAnInlinedInterceptor" classname="org.toilelibre.libe.outside.curl.CurlTest" time="0.092"/>
  <testcase name="readCurlCommand" classname="org.toilelibre.libe.outside.curl.CurlTest" time="0.031"/>
  <testcase name="curlCertNotFound" classname="org.toilelibre.libe.outside.curl.CurlTest" time="0"/>
  <testcase name="curlHalfPemHalfPKCS12" classname="org.toilelibre.libe.outside.curl.CurlTest" time="0.101"/>
  <testcase name="curlBadHeaderFormatIgnored" classname="org.toilelibre.libe.outside.curl.CurlTest" time="0.026"/>
  <testcase name="nonInterceptorField" classname="org.toilelibre.libe.outside.curl.CurlTest" time="0.198"/>
  <testcase name="outputFile" classname="org.toilelibre.libe.outside.curl.CurlTest" time="0.008"/>
  <testcase name="readCurlWithHeaders" classname="org.toilelibre.libe.outside.curl.CurlTest" time="0.04"/>
  <testcase name="curlNoKeepAlive" classname="org.toilelibre.libe.outside.curl.CurlTest" time="0.021"/>
  <testcase name="withForm" classname="org.toilelibre.libe.outside.curl.CurlTest" time="0.089"/>
  <testcase name="curlWithProxy" classname="org.toilelibre.libe.outside.curl.CurlTest" time="1.43"/>
  <testcase name="readHelp" classname="org.toilelibre.libe.outside.curl.CurlTest" time="0.016"/>
  <testcase name="curlWithFullSslChain" classname="org.toilelibre.libe.outside.curl.CurlTest" time="0.072"/>
  <testcase name="curlToRedirectionWithFollowRedirectParam" classname="org.toilelibre.libe.outside.curl.CurlTest" time="0.019"/>
  <testcase name="noContentShouldNotTriggerANullPointerException" classname="org.toilelibre.libe.outside.curl.CurlTest" time="0.011"/>
  <testcase name="theSkyIsBlueInIvritWithoutEncoding" classname="org.toilelibre.libe.outside.curl.CurlTest" time="0.024"/>
  <testcase name="loginCorrectLoginCurlCommand" classname="org.toilelibre.libe.outside.curl.CurlTest" time="0.344"/>
  <testcase name="curlToUnauthorized" classname="org.toilelibre.libe.outside.curl.CurlTest" time="0.051"/>
  <testcase name="readCurlOfCurlCommand" classname="org.toilelibre.libe.outside.curl.CurlTest" time="0.002"/>
  <testcase name="curlCompressed" classname="org.toilelibre.libe.outside.curl.CurlTest" time="0.007"/>
  <testcase name="curlOfReadCurlOfReadCurl" classname="org.toilelibre.libe.outside.curl.CurlTest" time="0.058"/>
  <testcase name="curlToRedirectionWithoutFollowRedirectParam" classname="org.toilelibre.libe.outside.curl.CurlTest" time="0.013"/>
  <testcase name="loginWithIncorrectLoginCurlCommand" classname="org.toilelibre.libe.outside.curl.CurlTest" time="0.108"/>
  <testcase name="curlWithTooLowRequestTimeout" classname="org.toilelibre.libe.outside.curl.CurlTest" time="0">
    <skipped/>
  </testcase>
  <testcase name="withBinaryData" classname="org.toilelibre.libe.outside.curl.CurlTest" time="0.028"/>
  <testcase name="withBadForm" classname="org.toilelibre.libe.outside.curl.CurlTest" time="0.001"/>
  <testcase name="theSkyIsBlueInIvritWithTheWrongEncoding" classname="org.toilelibre.libe.outside.curl.CurlTest" time="0.034"/>
  <testcase name="curlAsync" classname="org.toilelibre.libe.outside.curl.CurlTest" time="0.001"/>
  <testcase name="curlSslV2" classname="org.toilelibre.libe.outside.curl.CurlTest" time="0.003"/>
  <testcase name="curlSslV3" classname="org.toilelibre.libe.outside.curl.CurlTest" time="0.005"/>
  <testcase name="curlTlsV1" classname="org.toilelibre.libe.outside.curl.CurlTest" time="0.008"/>
  <testcase name="twoCurlsInParallel" classname="org.toilelibre.libe.outside.curl.CurlTest" time="0.039"/>
  <testcase name="withJsonBody" classname="org.toilelibre.libe.outside.curl.CurlTest" time="0.055"/>
  <testcase name="curlRoot" classname="org.toilelibre.libe.outside.curl.CurlTest" time="0.009"/>
  <testcase name="outputFileWithSpaces" classname="org.toilelibre.libe.outside.curl.CurlTest" time="0.04"/>
  <testcase name="curlWithOnlyALogin" classname="org.toilelibre.libe.outside.curl.CurlTest" time="0.028"/>
  <testcase name="nonExistingInterceptor1" classname="org.toilelibre.libe.outside.curl.CurlTest" time="0.016"/>
  <testcase name="nonExistingInterceptor2" classname="org.toilelibre.libe.outside.curl.CurlTest" time="0.036"/>
  <testcase name="withAnInterceptor" classname="org.toilelibre.libe.outside.curl.CurlTest" time="0.024"/>
  <testcase name="curlWithHeaders" classname="org.toilelibre.libe.outside.curl.CurlTest" time="0.007"/>
  <testcase name="readCurlPublicRoot" classname="org.toilelibre.libe.outside.curl.CurlTest" time="0.015"/>
  <testcase name="curlWithMaxTime" classname="org.toilelibre.libe.outside.curl.CurlTest" time="0.009"/>
  <testcase name="curlWithHeadersContainingColon" classname="org.toilelibre.libe.outside.curl.CurlTest" time="0.008"/>
  <testcase name="curlWithConnectionManager" classname="org.toilelibre.libe.outside.curl.CurlTest" time="0.038"/>
  <testcase name="curlWithPlaceholders" classname="org.toilelibre.libe.outside.curl.CurlTest" time="0.001"/>
  <testcase name="curlDER" classname="org.toilelibre.libe.outside.curl.CurlTest" time="0.014"/>
  <testcase name="curlJKS" classname="org.toilelibre.libe.outside.curl.CurlTest" time="0.017"/>
  <testcase name="withUserAgent" classname="org.toilelibre.libe.outside.curl.CurlTest" time="0.011"/>
  <testcase name="justTheVersion" classname="org.toilelibre.libe.outside.curl.CurlTest" time="0"/>
  <testcase name="curlRootWithoutClientCertificate" classname="org.toilelibre.libe.outside.curl.CurlTest" time="0.011"/>
  <testcase name="curlPKCS12" classname="org.toilelibre.libe.outside.curl.CurlTest" time="0.042"/>
  <testcase name="curlTlsV10" classname="org.toilelibre.libe.outside.curl.CurlTest" time="0.002"/>
  <testcase name="curlTlsV11" classname="org.toilelibre.libe.outside.curl.CurlTest" time="0.033"/>
  <testcase name="curlTlsV12" classname="org.toilelibre.libe.outside.curl.CurlTest" time="0.026"/>
  <testcase name="withUrlEncodedData2" classname="org.toilelibre.libe.outside.curl.CurlTest" time="0.01"/>
  <testcase name="withUrlEncodedData3" classname="org.toilelibre.libe.outside.curl.CurlTest" time="0.008"/>
  <testcase name="withFileForm" classname="org.toilelibre.libe.outside.curl.CurlTest" time="0.045"/>
  <testcase name="tryToLoginAnonymouslyWithCurlCommand" classname="org.toilelibre.libe.outside.curl.CurlTest" time="0.011"/>
  <testcase name="curlWithCaCert" classname="org.toilelibre.libe.outside.curl.CurlTest" time="0.018"/>
  <testcase name="displayVersion" classname="org.toilelibre.libe.outside.curl.CurlTest" time="0.001"/>
  <testcase name="withUrlEncodedData" classname="org.toilelibre.libe.outside.curl.CurlTest" time="0.006"/>
</testsuite>