<?xml version="1.0" encoding="UTF-8"?>
<testsuite xmlns:xsi="http://www.w3.org/2001/XMLSchema-instance" xsi:schemaLocation="https://maven.apache.org/surefire/maven-surefire-plugin/xsd/surefire-test-report.xsd" name="eu.emi.security.authn.x509.impl.NISTValidator13_16Test" time="0.804" tests="84" errors="0" skipped="0" failures="0">
  <properties>
    <property name="java.runtime.name" value="OpenJDK Runtime Environment"/>
    <property name="sun.boot.library.path" value="/usr/local/openjdk-8/jre/lib/amd64"/>
    <property name="java.vm.version" value="25.262-b10"/>
    <property name="animal.sniffer.skip" value="true"/>
    <property name="java.vm.vendor" value="Oracle Corporation"/>
    <property name="maven.multiModuleProjectDirectory" value="/tmp/tmp92imgoe3/canl-java"/>
    <property name="maven.javadoc.skip" value="true"/>
    <property name="java.vendor.url" value="http://java.oracle.com/"/>
    <property name="path.separator" value=":"/>
    <property name="guice.disable.misplaced.annotation.check" value="true"/>
    <property name="java.vm.name" value="OpenJDK 64-Bit Server VM"/>
    <property name="file.encoding.pkg" value="sun.io"/>
    <property name="sun.java.launcher" value="SUN_STANDARD"/>
    <property name="sun.os.patch.level" value="unknown"/>
    <property name="source.skip" value="true"/>
    <property name="java.vm.specification.name" value="Java Virtual Machine Specification"/>
    <property name="user.dir" value="/tmp/tmp92imgoe3/canl-java"/>
    <property name="java.runtime.version" value="1.8.0_262-b10"/>
    <property name="java.awt.graphicsenv" value="sun.awt.X11GraphicsEnvironment"/>
    <property name="java.endorsed.dirs" value="/usr/local/openjdk-8/jre/lib/endorsed"/>
    <property name="os.arch" value="amd64"/>
    <property name="java.io.tmpdir" value="/tmp"/>
    <property name="line.separator" value="&#10;"/>
    <property name="java.vm.specification.vendor" value="Oracle Corporation"/>
    <property name="os.name" value="Linux"/>
    <property name="classworlds.conf" value="/usr/share/maven/bin/m2.conf"/>
    <property name="sun.jnu.encoding" value="UTF-8"/>
    <property name="java.library.path" value="/usr/java/packages/lib/amd64:/usr/lib64:/lib64:/lib:/usr/lib"/>
    <property name="license.skip" value="true"/>
    <property name="maven.conf" value="/usr/share/maven/conf"/>
    <property name="java.specification.name" value="Java Platform API Specification"/>
    <property name="java.class.version" value="52.0"/>
    <property name="sun.management.compiler" value="HotSpot 64-Bit Tiered Compilers"/>
    <property name="maven.test.failure.ignore" value="true"/>
    <property name="os.version" value="4.15.0-109-generic"/>
    <property name="library.jansi.path" value="/usr/share/maven/lib/jansi-native"/>
    <property name="user.home" value="/home/jdbl"/>
    <property name="user.timezone" value="Etc/UTC"/>
    <property name="java.awt.printerjob" value="sun.print.PSPrinterJob"/>
    <property name="java.specification.version" value="1.8"/>
    <property name="file.encoding" value="UTF-8"/>
    <property name="user.name" value="jdbl"/>
    <property name="java.class.path" value="/usr/share/maven/boot/plexus-classworlds-2.6.0.jar"/>
    <property name="java.vm.specification.version" value="1.8"/>
    <property name="sun.arch.data.model" value="64"/>
    <property name="java.home" value="/usr/local/openjdk-8/jre"/>
    <property name="sun.java.command" value="org.codehaus.plexus.classworlds.launcher.Launcher test -e --fail-never -ntp -Dmaven.test.failure.ignore=true -B -Dmaven.javadoc.skip=true -Drat.skip=true -Danimal.sniffer.skip=true -Dmaven.javadoc.skip=true -Dlicense.skip=true -Dsource.skip=true"/>
    <property name="java.specification.vendor" value="Oracle Corporation"/>
    <property name="user.language" value="en"/>
    <property name="awt.toolkit" value="sun.awt.X11.XToolkit"/>
    <property name="java.vm.info" value="mixed mode"/>
    <property name="java.version" value="1.8.0_262"/>
    <property name="java.ext.dirs" value="/usr/local/openjdk-8/jre/lib/ext:/usr/java/packages/lib/ext"/>
    <property name="securerandom.source" value="file:/dev/./urandom"/>
    <property name="sun.boot.class.path" value="/usr/local/openjdk-8/jre/lib/resources.jar:/usr/local/openjdk-8/jre/lib/rt.jar:/usr/local/openjdk-8/jre/lib/sunrsasign.jar:/usr/local/openjdk-8/jre/lib/jsse.jar:/usr/local/openjdk-8/jre/lib/jce.jar:/usr/local/openjdk-8/jre/lib/charsets.jar:/usr/local/openjdk-8/jre/lib/jfr.jar:/usr/local/openjdk-8/jre/classes"/>
    <property name="java.vendor" value="Oracle Corporation"/>
    <property name="rat.skip" value="true"/>
    <property name="maven.home" value="/usr/share/maven"/>
    <property name="file.separator" value="/"/>
    <property name="java.vendor.url.bug" value="http://bugreport.sun.com/bugreport/"/>
    <property name="sun.cpu.endian" value="little"/>
    <property name="sun.io.unicode.encoding" value="UnicodeLittle"/>
    <property name="sun.cpu.isalist" value=""/>
  </properties>
  <testcase name="test4_13_10" classname="eu.emi.security.authn.x509.impl.NISTValidator13_16Test" time="0.19"/>
  <testcase name="test4_13_11" classname="eu.emi.security.authn.x509.impl.NISTValidator13_16Test" time="0.004"/>
  <testcase name="test4_13_12" classname="eu.emi.security.authn.x509.impl.NISTValidator13_16Test" time="0.007"/>
  <testcase name="test4_13_13" classname="eu.emi.security.authn.x509.impl.NISTValidator13_16Test" time="0.007"/>
  <testcase name="test4_13_14" classname="eu.emi.security.authn.x509.impl.NISTValidator13_16Test" time="0.005"/>
  <testcase name="test4_13_15" classname="eu.emi.security.authn.x509.impl.NISTValidator13_16Test" time="0.01"/>
  <testcase name="test4_13_16" classname="eu.emi.security.authn.x509.impl.NISTValidator13_16Test" time="0.007"/>
  <testcase name="test4_13_17" classname="eu.emi.security.authn.x509.impl.NISTValidator13_16Test" time="0.007"/>
  <testcase name="test4_13_18" classname="eu.emi.security.authn.x509.impl.NISTValidator13_16Test" time="0.006"/>
  <testcase name="test4_13_20" classname="eu.emi.security.authn.x509.impl.NISTValidator13_16Test" time="0.01"/>
  <testcase name="test4_13_21" classname="eu.emi.security.authn.x509.impl.NISTValidator13_16Test" time="0.006"/>
  <testcase name="test4_13_22" classname="eu.emi.security.authn.x509.impl.NISTValidator13_16Test" time="0.007"/>
  <testcase name="test4_13_23" classname="eu.emi.security.authn.x509.impl.NISTValidator13_16Test" time="0.006"/>
  <testcase name="test4_13_24" classname="eu.emi.security.authn.x509.impl.NISTValidator13_16Test" time="0.008"/>
  <testcase name="test4_13_25" classname="eu.emi.security.authn.x509.impl.NISTValidator13_16Test" time="0.004"/>
  <testcase name="test4_13_26" classname="eu.emi.security.authn.x509.impl.NISTValidator13_16Test" time="0.008"/>
  <testcase name="test4_13_27" classname="eu.emi.security.authn.x509.impl.NISTValidator13_16Test" time="0.006"/>
  <testcase name="test4_13_28" classname="eu.emi.security.authn.x509.impl.NISTValidator13_16Test" time="0.01"/>
  <testcase name="test4_13_29" classname="eu.emi.security.authn.x509.impl.NISTValidator13_16Test" time="0.008"/>
  <testcase name="test4_13_30" classname="eu.emi.security.authn.x509.impl.NISTValidator13_16Test" time="0.004"/>
  <testcase name="test4_13_31" classname="eu.emi.security.authn.x509.impl.NISTValidator13_16Test" time="0.004"/>
  <testcase name="test4_13_32" classname="eu.emi.security.authn.x509.impl.NISTValidator13_16Test" time="0.004"/>
  <testcase name="test4_13_33" classname="eu.emi.security.authn.x509.impl.NISTValidator13_16Test" time="0.007"/>
  <testcase name="test4_13_34" classname="eu.emi.security.authn.x509.impl.NISTValidator13_16Test" time="0.005"/>
  <testcase name="test4_13_35" classname="eu.emi.security.authn.x509.impl.NISTValidator13_16Test" time="0.006"/>
  <testcase name="test4_13_36" classname="eu.emi.security.authn.x509.impl.NISTValidator13_16Test" time="0.005"/>
  <testcase name="test4_13_37" classname="eu.emi.security.authn.x509.impl.NISTValidator13_16Test" time="0.006"/>
  <testcase name="test4_13_38" classname="eu.emi.security.authn.x509.impl.NISTValidator13_16Test" time="0.006"/>
  <testcase name="test4_14_10" classname="eu.emi.security.authn.x509.impl.NISTValidator13_16Test" time="0.004"/>
  <testcase name="test4_14_11" classname="eu.emi.security.authn.x509.impl.NISTValidator13_16Test" time="0.001"/>
  <testcase name="test4_14_12" classname="eu.emi.security.authn.x509.impl.NISTValidator13_16Test" time="0.001"/>
  <testcase name="test4_14_13" classname="eu.emi.security.authn.x509.impl.NISTValidator13_16Test" time="0.003"/>
  <testcase name="test4_14_14" classname="eu.emi.security.authn.x509.impl.NISTValidator13_16Test" time="0.006"/>
  <testcase name="test4_14_15" classname="eu.emi.security.authn.x509.impl.NISTValidator13_16Test" time="0.01"/>
  <testcase name="test4_14_16" classname="eu.emi.security.authn.x509.impl.NISTValidator13_16Test" time="0.013"/>
  <testcase name="test4_14_17" classname="eu.emi.security.authn.x509.impl.NISTValidator13_16Test" time="0.007"/>
  <testcase name="test4_14_18" classname="eu.emi.security.authn.x509.impl.NISTValidator13_16Test" time="0.006"/>
  <testcase name="test4_14_19" classname="eu.emi.security.authn.x509.impl.NISTValidator13_16Test" time="0.007"/>
  <testcase name="test4_14_20" classname="eu.emi.security.authn.x509.impl.NISTValidator13_16Test" time="0.007"/>
  <testcase name="test4_14_21" classname="eu.emi.security.authn.x509.impl.NISTValidator13_16Test" time="0.007"/>
  <testcase name="test4_14_22" classname="eu.emi.security.authn.x509.impl.NISTValidator13_16Test" time="0.004"/>
  <testcase name="test4_14_23" classname="eu.emi.security.authn.x509.impl.NISTValidator13_16Test" time="0.007"/>
  <testcase name="test4_14_24" classname="eu.emi.security.authn.x509.impl.NISTValidator13_16Test" time="0.007"/>
  <testcase name="test4_14_25" classname="eu.emi.security.authn.x509.impl.NISTValidator13_16Test" time="0.009"/>
  <testcase name="test4_14_26" classname="eu.emi.security.authn.x509.impl.NISTValidator13_16Test" time="0.009"/>
  <testcase name="test4_14_27" classname="eu.emi.security.authn.x509.impl.NISTValidator13_16Test" time="0.005"/>
  <testcase name="test4_14_28" classname="eu.emi.security.authn.x509.impl.NISTValidator13_16Test" time="0.01"/>
  <testcase name="test4_14_29" classname="eu.emi.security.authn.x509.impl.NISTValidator13_16Test" time="0.008"/>
  <testcase name="test4_14_30" classname="eu.emi.security.authn.x509.impl.NISTValidator13_16Test" time="0.011"/>
  <testcase name="test4_14_31" classname="eu.emi.security.authn.x509.impl.NISTValidator13_16Test" time="0.008"/>
  <testcase name="test4_14_32" classname="eu.emi.security.authn.x509.impl.NISTValidator13_16Test" time="0.008"/>
  <testcase name="test4_14_33" classname="eu.emi.security.authn.x509.impl.NISTValidator13_16Test" time="0.008"/>
  <testcase name="test4_14_34" classname="eu.emi.security.authn.x509.impl.NISTValidator13_16Test" time="0.006"/>
  <testcase name="test4_14_35" classname="eu.emi.security.authn.x509.impl.NISTValidator13_16Test" time="0.007"/>
  <testcase name="test4_15_10" classname="eu.emi.security.authn.x509.impl.NISTValidator13_16Test" time="0.007"/>
  <testcase name="test4_13_1" classname="eu.emi.security.authn.x509.impl.NISTValidator13_16Test" time="0.005"/>
  <testcase name="test4_13_2" classname="eu.emi.security.authn.x509.impl.NISTValidator13_16Test" time="0.007"/>
  <testcase name="test4_13_3" classname="eu.emi.security.authn.x509.impl.NISTValidator13_16Test" time="0.007"/>
  <testcase name="test4_13_4" classname="eu.emi.security.authn.x509.impl.NISTValidator13_16Test" time="0.003"/>
  <testcase name="test4_13_5" classname="eu.emi.security.authn.x509.impl.NISTValidator13_16Test" time="0.006"/>
  <testcase name="test4_13_6" classname="eu.emi.security.authn.x509.impl.NISTValidator13_16Test" time="0.005"/>
  <testcase name="test4_13_7" classname="eu.emi.security.authn.x509.impl.NISTValidator13_16Test" time="0.032"/>
  <testcase name="test4_13_8" classname="eu.emi.security.authn.x509.impl.NISTValidator13_16Test" time="0.006"/>
  <testcase name="test4_13_9" classname="eu.emi.security.authn.x509.impl.NISTValidator13_16Test" time="0.006"/>
  <testcase name="test4_14_1" classname="eu.emi.security.authn.x509.impl.NISTValidator13_16Test" time="0.004"/>
  <testcase name="test4_14_2" classname="eu.emi.security.authn.x509.impl.NISTValidator13_16Test" time="0.006"/>
  <testcase name="test4_14_3" classname="eu.emi.security.authn.x509.impl.NISTValidator13_16Test" time="0.007"/>
  <testcase name="test4_14_4" classname="eu.emi.security.authn.x509.impl.NISTValidator13_16Test" time="0.004"/>
  <testcase name="test4_14_5" classname="eu.emi.security.authn.x509.impl.NISTValidator13_16Test" time="0.025"/>
  <testcase name="test4_14_6" classname="eu.emi.security.authn.x509.impl.NISTValidator13_16Test" time="0.017"/>
  <testcase name="test4_14_7" classname="eu.emi.security.authn.x509.impl.NISTValidator13_16Test" time="0.005"/>
  <testcase name="test4_14_8" classname="eu.emi.security.authn.x509.impl.NISTValidator13_16Test" time="0.008"/>
  <testcase name="test4_14_9" classname="eu.emi.security.authn.x509.impl.NISTValidator13_16Test" time="0.005"/>
  <testcase name="test4_15_1" classname="eu.emi.security.authn.x509.impl.NISTValidator13_16Test" time="0.007"/>
  <testcase name="test4_15_2" classname="eu.emi.security.authn.x509.impl.NISTValidator13_16Test" time="0.003"/>
  <testcase name="test4_15_3" classname="eu.emi.security.authn.x509.impl.NISTValidator13_16Test" time="0.004"/>
  <testcase name="test4_15_4" classname="eu.emi.security.authn.x509.impl.NISTValidator13_16Test" time="0.006"/>
  <testcase name="test4_15_5" classname="eu.emi.security.authn.x509.impl.NISTValidator13_16Test" time="0.005"/>
  <testcase name="test4_15_6" classname="eu.emi.security.authn.x509.impl.NISTValidator13_16Test" time="0.008"/>
  <testcase name="test4_15_7" classname="eu.emi.security.authn.x509.impl.NISTValidator13_16Test" time="0.006"/>
  <testcase name="test4_15_8" classname="eu.emi.security.authn.x509.impl.NISTValidator13_16Test" time="0.006"/>
  <testcase name="test4_15_9" classname="eu.emi.security.authn.x509.impl.NISTValidator13_16Test" time="0.007"/>
  <testcase name="test4_16_1" classname="eu.emi.security.authn.x509.impl.NISTValidator13_16Test" time="0.003"/>
  <testcase name="test4_16_2" classname="eu.emi.security.authn.x509.impl.NISTValidator13_16Test" time="0.004"/>
</testsuite>