<?xml version="1.0" encoding="UTF-8"?>
<testsuite xmlns:xsi="http://www.w3.org/2001/XMLSchema-instance" xsi:noNamespaceSchemaLocation="https://maven.apache.org/surefire/maven-surefire-plugin/xsd/surefire-test-report.xsd" name="org.assertj.core.api.assumptions.Assumptions_assumeThat_with_various_types_Test" time="0.507" tests="52" errors="0" skipped="26" failures="0">
  <properties>
    <property name="awt.toolkit" value="sun.awt.X11.XToolkit"/>
    <property name="maven.test.error.ignore" value="true"/>
    <property name="file.encoding.pkg" value="sun.io"/>
    <property name="java.specification.version" value="1.8"/>
    <property name="sun.cpu.isalist" value=""/>
    <property name="sun.jnu.encoding" value="UTF-8"/>
    <property name="java.class.path" value="/tmp/tmponsununq/assertj-core/target/test-classes:/tmp/tmponsununq/assertj-core/target/classes:/home/jdbl/.m2/repository/junit/junit/4.12/junit-4.12.jar:/home/jdbl/.m2/repository/org/opentest4j/opentest4j/1.0.0/opentest4j-1.0.0.jar:/home/jdbl/.m2/repository/org/hamcrest/hamcrest-core/1.3/hamcrest-core-1.3.jar:/home/jdbl/.m2/repository/net/bytebuddy/byte-buddy/1.8.11/byte-buddy-1.8.11.jar:/home/jdbl/.m2/repository/org/mockito/mockito-core/2.11.0/mockito-core-2.11.0.jar:/home/jdbl/.m2/repository/net/bytebuddy/byte-buddy-agent/1.7.4/byte-buddy-agent-1.7.4.jar:/home/jdbl/.m2/repository/org/objenesis/objenesis/2.6/objenesis-2.6.jar:/home/jdbl/.m2/repository/com/github/marschall/memoryfilesystem/1.1.0/memoryfilesystem-1.1.0.jar:/home/jdbl/.m2/repository/com/tngtech/junit/dataprovider/junit4-dataprovider/2.3/junit4-dataprovider-2.3.jar:/home/jdbl/.m2/repository/com/tngtech/junit/dataprovider/junit-dataprovider-core/2.3/junit-dataprovider-core-2.3.jar:/home/jdbl/.m2/repository/com/google/guava/guava/24.0-jre/guava-24.0-jre.jar:/home/jdbl/.m2/repository/com/google/code/findbugs/jsr305/1.3.9/jsr305-1.3.9.jar:/home/jdbl/.m2/repository/org/checkerframework/checker-compat-qual/2.0.0/checker-compat-qual-2.0.0.jar:/home/jdbl/.m2/repository/com/google/errorprone/error_prone_annotations/2.1.3/error_prone_annotations-2.1.3.jar:/home/jdbl/.m2/repository/com/google/j2objc/j2objc-annotations/1.1/j2objc-annotations-1.1.jar:/home/jdbl/.m2/repository/org/codehaus/mojo/animal-sniffer-annotations/1.14/animal-sniffer-annotations-1.14.jar:"/>
    <property name="java.vm.vendor" value="Oracle Corporation"/>
    <property name="maven.javadoc.skip" value="true"/>
    <property name="sun.arch.data.model" value="64"/>
    <property name="java.vendor.url" value="http://java.oracle.com/"/>
    <property name="user.timezone" value=""/>
    <property name="java.vm.specification.version" value="1.8"/>
    <property name="os.name" value="Linux"/>
    <property name="rat.skip" value="true"/>
    <property name="sun.java.launcher" value="SUN_STANDARD"/>
    <property name="sun.boot.library.path" value="/usr/local/openjdk-8/jre/lib/amd64"/>
    <property name="sun.java.command" value="/tmp/tmponsununq/assertj-core/target/surefire/surefirebooter1812757237146573688.jar /tmp/tmponsununq/assertj-core/target/surefire 2020-07-30T19-18-22_064-jvmRun1 surefire2670198450285390006tmp surefire_05165853055686707233tmp"/>
    <property name="surefire.test.class.path" value="/tmp/tmponsununq/assertj-core/target/test-classes:/tmp/tmponsununq/assertj-core/target/classes:/home/jdbl/.m2/repository/junit/junit/4.12/junit-4.12.jar:/home/jdbl/.m2/repository/org/opentest4j/opentest4j/1.0.0/opentest4j-1.0.0.jar:/home/jdbl/.m2/repository/org/hamcrest/hamcrest-core/1.3/hamcrest-core-1.3.jar:/home/jdbl/.m2/repository/net/bytebuddy/byte-buddy/1.8.11/byte-buddy-1.8.11.jar:/home/jdbl/.m2/repository/org/mockito/mockito-core/2.11.0/mockito-core-2.11.0.jar:/home/jdbl/.m2/repository/net/bytebuddy/byte-buddy-agent/1.7.4/byte-buddy-agent-1.7.4.jar:/home/jdbl/.m2/repository/org/objenesis/objenesis/2.6/objenesis-2.6.jar:/home/jdbl/.m2/repository/com/github/marschall/memoryfilesystem/1.1.0/memoryfilesystem-1.1.0.jar:/home/jdbl/.m2/repository/com/tngtech/junit/dataprovider/junit4-dataprovider/2.3/junit4-dataprovider-2.3.jar:/home/jdbl/.m2/repository/com/tngtech/junit/dataprovider/junit-dataprovider-core/2.3/junit-dataprovider-core-2.3.jar:/home/jdbl/.m2/repository/com/google/guava/guava/24.0-jre/guava-24.0-jre.jar:/home/jdbl/.m2/repository/com/google/code/findbugs/jsr305/1.3.9/jsr305-1.3.9.jar:/home/jdbl/.m2/repository/org/checkerframework/checker-compat-qual/2.0.0/checker-compat-qual-2.0.0.jar:/home/jdbl/.m2/repository/com/google/errorprone/error_prone_annotations/2.1.3/error_prone_annotations-2.1.3.jar:/home/jdbl/.m2/repository/com/google/j2objc/j2objc-annotations/1.1/j2objc-annotations-1.1.jar:/home/jdbl/.m2/repository/org/codehaus/mojo/animal-sniffer-annotations/1.14/animal-sniffer-annotations-1.14.jar:"/>
    <property name="sun.cpu.endian" value="little"/>
    <property name="user.home" value="/home/jdbl"/>
    <property name="user.language" value="en"/>
    <property name="java.specification.vendor" value="Oracle Corporation"/>
    <property name="java.home" value="/usr/local/openjdk-8/jre"/>
    <property name="basedir" value="/tmp/tmponsununq/assertj-core"/>
    <property name="file.separator" value="/"/>
    <property name="line.separator" value="&#10;"/>
    <property name="source.skip" value="true"/>
    <property name="java.vm.specification.vendor" value="Oracle Corporation"/>
    <property name="java.specification.name" value="Java Platform API Specification"/>
    <property name="java.awt.graphicsenv" value="sun.awt.X11GraphicsEnvironment"/>
    <property name="surefire.real.class.path" value="/tmp/tmponsununq/assertj-core/target/surefire/surefirebooter1812757237146573688.jar:/home/jdbl/.m2/repository/org/jacoco/org.jacoco.agent/0.7.9/org.jacoco.agent-0.7.9-runtime.jar"/>
    <property name="sun.boot.class.path" value="/usr/local/openjdk-8/jre/lib/resources.jar:/usr/local/openjdk-8/jre/lib/rt.jar:/usr/local/openjdk-8/jre/lib/sunrsasign.jar:/usr/local/openjdk-8/jre/lib/jsse.jar:/usr/local/openjdk-8/jre/lib/jce.jar:/usr/local/openjdk-8/jre/lib/charsets.jar:/usr/local/openjdk-8/jre/lib/jfr.jar:/usr/local/openjdk-8/jre/classes"/>
    <property name="sun.management.compiler" value="HotSpot 64-Bit Tiered Compilers"/>
    <property name="java.runtime.version" value="1.8.0_262-b10"/>
    <property name="user.name" value="jdbl"/>
    <property name="path.separator" value=":"/>
    <property name="os.version" value="4.15.0-109-generic"/>
    <property name="java.endorsed.dirs" value="/usr/local/openjdk-8/jre/lib/endorsed"/>
    <property name="java.runtime.name" value="OpenJDK Runtime Environment"/>
    <property name="file.encoding" value="UTF-8"/>
    <property name="java.vm.name" value="OpenJDK 64-Bit Server VM"/>
    <property name="localRepository" value="/home/jdbl/.m2/repository"/>
    <property name="java.vendor.url.bug" value="http://bugreport.sun.com/bugreport/"/>
    <property name="java.io.tmpdir" value="/tmp"/>
    <property name="java.version" value="1.8.0_262"/>
    <property name="user.dir" value="/tmp/tmponsununq/assertj-core"/>
    <property name="os.arch" value="amd64"/>
    <property name="license.skip" value="true"/>
    <property name="animal.sniffer.skip" value="true"/>
    <property name="java.vm.specification.name" value="Java Virtual Machine Specification"/>
    <property name="java.awt.printerjob" value="sun.print.PSPrinterJob"/>
    <property name="sun.os.patch.level" value="unknown"/>
    <property name="java.library.path" value="/usr/java/packages/lib/amd64:/usr/lib64:/lib64:/lib:/usr/lib"/>
    <property name="java.vm.info" value="mixed mode"/>
    <property name="java.vendor" value="Oracle Corporation"/>
    <property name="java.vm.version" value="25.262-b10"/>
    <property name="java.ext.dirs" value="/usr/local/openjdk-8/jre/lib/ext:/usr/java/packages/lib/ext"/>
    <property name="sun.io.unicode.encoding" value="UnicodeLittle"/>
    <property name="java.class.version" value="52.0"/>
    <property name="maven.test.failure.ignore" value="true"/>
  </properties>
  <testcase name="should_run_test_when_assumption_passes[0]" classname="org.assertj.core.api.assumptions.Assumptions_assumeThat_with_various_types_Test" time="0.03"/>
  <testcase name="should_ignore_test_when_assumption_fails[0]" classname="org.assertj.core.api.assumptions.Assumptions_assumeThat_with_various_types_Test" time="0">
    <skipped message="assumption was not met due to: expected:&lt;&quot;[other]&quot;&gt; but was:&lt;&quot;[test]&quot;&gt;"/>
  </testcase>
  <testcase name="should_run_test_when_assumption_passes[1]" classname="org.assertj.core.api.assumptions.Assumptions_assumeThat_with_various_types_Test" time="0.036"/>
  <testcase name="should_ignore_test_when_assumption_fails[1]" classname="org.assertj.core.api.assumptions.Assumptions_assumeThat_with_various_types_Test" time="0">
    <skipped message="assumption was not met due to: expected:&lt;&quot;[other]&quot;&gt; but was:&lt;&quot;[test]&quot;&gt;"/>
  </testcase>
  <testcase name="should_run_test_when_assumption_passes[2]" classname="org.assertj.core.api.assumptions.Assumptions_assumeThat_with_various_types_Test" time="0.018"/>
  <testcase name="should_ignore_test_when_assumption_fails[2]" classname="org.assertj.core.api.assumptions.Assumptions_assumeThat_with_various_types_Test" time="0">
    <skipped message="assumption was not met due to: expected:&lt;[fals]e&gt; but was:&lt;[tru]e&gt;"/>
  </testcase>
  <testcase name="should_run_test_when_assumption_passes[3]" classname="org.assertj.core.api.assumptions.Assumptions_assumeThat_with_various_types_Test" time="0"/>
  <testcase name="should_ignore_test_when_assumption_fails[3]" classname="org.assertj.core.api.assumptions.Assumptions_assumeThat_with_various_types_Test" time="0">
    <skipped message="assumption was not met due to: expected:&lt;[fals]e&gt; but was:&lt;[tru]e&gt;"/>
  </testcase>
  <testcase name="should_run_test_when_assumption_passes[4]" classname="org.assertj.core.api.assumptions.Assumptions_assumeThat_with_various_types_Test" time="0.024"/>
  <testcase name="should_ignore_test_when_assumption_fails[4]" classname="org.assertj.core.api.assumptions.Assumptions_assumeThat_with_various_types_Test" time="0">
    <skipped message="assumption was not met due to: &#10;Expecting:&#10; &lt;[true, false, true]&gt;&#10;to contain only once:&#10; &lt;[true]&gt;&#10;but some elements were found more than once:&#10; &lt;[true]&gt;&#10;"/>
  </testcase>
  <testcase name="should_run_test_when_assumption_passes[5]" classname="org.assertj.core.api.assumptions.Assumptions_assumeThat_with_various_types_Test" time="0.028"/>
  <testcase name="should_ignore_test_when_assumption_fails[5]" classname="org.assertj.core.api.assumptions.Assumptions_assumeThat_with_various_types_Test" time="0">
    <skipped message="assumption was not met due to: expected:&lt;&apos;[b]&apos;&gt; but was:&lt;&apos;[a]&apos;&gt;"/>
  </testcase>
  <testcase name="should_run_test_when_assumption_passes[6]" classname="org.assertj.core.api.assumptions.Assumptions_assumeThat_with_various_types_Test" time="0"/>
  <testcase name="should_ignore_test_when_assumption_fails[6]" classname="org.assertj.core.api.assumptions.Assumptions_assumeThat_with_various_types_Test" time="0">
    <skipped message="assumption was not met due to: expected:&lt;&apos;[b]&apos;&gt; but was:&lt;&apos;[a]&apos;&gt;"/>
  </testcase>
  <testcase name="should_run_test_when_assumption_passes[7]" classname="org.assertj.core.api.assumptions.Assumptions_assumeThat_with_various_types_Test" time="0.024"/>
  <testcase name="should_ignore_test_when_assumption_fails[7]" classname="org.assertj.core.api.assumptions.Assumptions_assumeThat_with_various_types_Test" time="0">
    <skipped message="assumption was not met due to: &#10;Expecting:&#10; &lt;[&apos;2&apos;, &apos;4&apos;, &apos;2&apos;]&gt;&#10;to contain only once:&#10; &lt;[&apos;2&apos;]&gt;&#10;but some elements were found more than once:&#10; &lt;[&apos;2&apos;]&gt;&#10;"/>
  </testcase>
  <testcase name="should_run_test_when_assumption_passes[8]" classname="org.assertj.core.api.assumptions.Assumptions_assumeThat_with_various_types_Test" time="0.04"/>
  <testcase name="should_ignore_test_when_assumption_fails[8]" classname="org.assertj.core.api.assumptions.Assumptions_assumeThat_with_various_types_Test" time="0">
    <skipped message="assumption was not met due to: &#10;Expecting&#10;  &lt;java.lang.Comparable&gt;&#10; not to be an interface"/>
  </testcase>
  <testcase name="should_run_test_when_assumption_passes[9]" classname="org.assertj.core.api.assumptions.Assumptions_assumeThat_with_various_types_Test" time="0.038"/>
  <testcase name="should_ignore_test_when_assumption_fails[9]" classname="org.assertj.core.api.assumptions.Assumptions_assumeThat_with_various_types_Test" time="0">
    <skipped message="assumption was not met due to: [isBefore(&quot;2011-01-01&quot;)] &#10;Expecting:&#10;  &lt;2020-07-30T19:18:29.520&gt;&#10;to be strictly before:&#10;  &lt;2011-01-01T00:00:00.000&gt;"/>
  </testcase>
  <testcase name="should_run_test_when_assumption_passes[10]" classname="org.assertj.core.api.assumptions.Assumptions_assumeThat_with_various_types_Test" time="0.023"/>
  <testcase name="should_ignore_test_when_assumption_fails[10]" classname="org.assertj.core.api.assumptions.Assumptions_assumeThat_with_various_types_Test" time="0">
    <skipped message="assumption was not met due to: &#10;Expecting&#10;  &lt;/tmp/tmponsununq/assertj-core/test&gt;&#10;to have name:&#10;  &lt;&quot;other&quot;&gt;&#10;but had:&#10;  &lt;&quot;test&quot;&gt;"/>
  </testcase>
  <testcase name="should_run_test_when_assumption_passes[11]" classname="org.assertj.core.api.assumptions.Assumptions_assumeThat_with_various_types_Test" time="0.033"/>
  <testcase name="should_ignore_test_when_assumption_fails[11]" classname="org.assertj.core.api.assumptions.Assumptions_assumeThat_with_various_types_Test" time="0">
    <skipped message="assumption was not met due to: expected:&lt;null&gt; but was:&lt;test&gt;"/>
  </testcase>
  <testcase name="should_run_test_when_assumption_passes[12]" classname="org.assertj.core.api.assumptions.Assumptions_assumeThat_with_various_types_Test" time="0.018"/>
  <testcase name="should_ignore_test_when_assumption_fails[12]" classname="org.assertj.core.api.assumptions.Assumptions_assumeThat_with_various_types_Test" time="0">
    <skipped message="assumption was not met due to: &#10;Expecting:&#10;  &lt;java.io.ByteArrayInputStream@4e5f4756&gt;&#10;to be an instance of:&#10;  &lt;java.lang.String&gt;&#10;but was instance of:&#10;  &lt;java.io.ByteArrayInputStream&gt;"/>
  </testcase>
  <testcase name="should_run_test_when_assumption_passes[13]" classname="org.assertj.core.api.assumptions.Assumptions_assumeThat_with_various_types_Test" time="0.051"/>
  <testcase name="should_ignore_test_when_assumption_fails[13]" classname="org.assertj.core.api.assumptions.Assumptions_assumeThat_with_various_types_Test" time="0">
    <skipped message="assumption was not met due to: &#10;Expecting:&#10; &lt;[2, 4, 2]&gt;&#10;to contain only once:&#10; &lt;[2]&gt;&#10;but some elements were found more than once:&#10; &lt;[2]&gt;&#10;"/>
  </testcase>
  <testcase name="should_run_test_when_assumption_passes[14]" classname="org.assertj.core.api.assumptions.Assumptions_assumeThat_with_various_types_Test" time="0.026"/>
  <testcase name="should_ignore_test_when_assumption_fails[14]" classname="org.assertj.core.api.assumptions.Assumptions_assumeThat_with_various_types_Test" time="0">
    <skipped message="assumption was not met due to: &#10;Expecting:&#10;  &lt;java.lang.IllegalArgumentException&gt;&#10;to be an instance of:&#10;  &lt;java.lang.NullPointerException&gt;&#10;but was:&#10;  &lt;&quot;java.lang.IllegalArgumentException&#10;	at org.assertj.core.api.assumptions.Assumptions_assumeThat_with_various_types_Test.provideAssumptionsRunners(Assumptions_assumeThat_with_various_types_Test.java:203)&#10;	at sun.reflect.NativeMethodAccessorImpl.invoke0(Native Method)&#10;	at sun.reflect.NativeMethodAccessorImpl.invoke(NativeMethodAccessorImpl.java:62)&#10;	at sun.reflect.DelegatingMethodAccessorImpl.invoke(DelegatingMethodAccessorImpl.java:43)&#10;	at java.lang.reflect.Method.invoke(Method.java:498)&#10;	at org.junit.runners.model.FrameworkMethod$1.runReflectiveCall(FrameworkMethod.java:50)&#10;	at org.junit.internal.runners.model.ReflectiveCallable.run(ReflectiveCallable.java:12)&#10;	at org.junit.runners.model.FrameworkMethod.invokeExplosively(FrameworkMethod.java:47)&#10;	at org.junit.runners.Parameterized.allParameters(Parameterized.java:280)&#10;	at org.junit.runners.Parameterized.&lt;init&gt;(Parameterized.java:248)&#10;	at sun.reflect.NativeConstructorAccessorImpl.newInstance0(Native Method)&#10;	at sun.reflect.NativeConstructorAccessorImpl.newInstance(NativeConstructorAccessorImpl.java:62)&#10;	at sun.reflect.DelegatingConstructorAccessorImpl.newInstance(DelegatingConstructorAccessorImpl.java:45)&#10;	at java.lang.reflect.Constructor.newInstance(Constructor.java:423)&#10;	at org.junit.internal.builders.AnnotatedBuilder.buildRunner(AnnotatedBuilder.java:104)&#10;	at org.junit.internal.builders.AnnotatedBuilder.runnerForClass(AnnotatedBuilder.java:86)&#10;	at org.junit.runners.model.RunnerBuilder.safeRunnerForClass(RunnerBuilder.java:59)&#10;	at org.junit.internal.builders.AllDefaultPossibilitiesBuilder.runnerForClass(AllDefaultPossibilitiesBuilder.java:26)&#10;	at org.junit.runners.model.RunnerBuilder.safeRunnerForClass(RunnerBuilder.java:59)&#10;	at org.junit.internal.requests.ClassRequest.getRunner(ClassRequest.java:33)&#10;	at org.apache.maven.surefire.junit4.JUnit4Provider.execute(JUnit4Provider.java:366)&#10;	at org.apache.maven.surefire.junit4.JUnit4Provider.executeWithRerun(JUnit4Provider.java:275)&#10;	at org.apache.maven.surefire.junit4.JUnit4Provider.executeTestSet(JUnit4Provider.java:239)&#10;	at org.apache.maven.surefire.junit4.JUnit4Provider.invoke(JUnit4Provider.java:160)&#10;	at org.apache.maven.surefire.booter.ForkedBooter.invokeProviderInSameClassLoader(ForkedBooter.java:373)&#10;	at org.apache.maven.surefire.booter.ForkedBooter.runSuitesInProcess(ForkedBooter.java:334)&#10;	at org.apache.maven.surefire.booter.ForkedBooter.execute(ForkedBooter.java:119)&#10;	at org.apache.maven.surefire.booter.ForkedBooter.main(ForkedBooter.java:407)&#10;&quot;&gt;"/>
  </testcase>
  <testcase name="should_run_test_when_assumption_passes[15]" classname="org.assertj.core.api.assumptions.Assumptions_assumeThat_with_various_types_Test" time="0"/>
  <testcase name="should_ignore_test_when_assumption_fails[15]" classname="org.assertj.core.api.assumptions.Assumptions_assumeThat_with_various_types_Test" time="0">
    <skipped message="assumption was not met due to: &#10;Expecting:&#10;  &lt;java.lang.IllegalArgumentException&gt;&#10;to be an instance of:&#10;  &lt;java.lang.NullPointerException&gt;&#10;but was:&#10;  &lt;&quot;java.lang.IllegalArgumentException&#10;	at org.assertj.core.api.assumptions.Assumptions_assumeThat_with_various_types_Test$16.call(Assumptions_assumeThat_with_various_types_Test.java:228)&#10;	at org.assertj.core.api.ThrowableAssert.catchThrowable(ThrowableAssert.java:62)&#10;	at org.assertj.core.api.AssertionsForClassTypes.catchThrowable(AssertionsForClassTypes.java:763)&#10;	at org.assertj.core.api.Assertions.catchThrowable(Assertions.java:1200)&#10;	at org.assertj.core.api.Assumptions.assumeThatThrownBy(Assumptions.java:839)&#10;	at org.assertj.core.api.assumptions.Assumptions_assumeThat_with_various_types_Test$17.runFailingAssumption(Assumptions_assumeThat_with_various_types_Test.java:233)&#10;	at org.assertj.core.api.assumptions.Assumptions_assumeThat_with_various_types_Test.should_ignore_test_when_assumption_fails(Assumptions_assumeThat_with_various_types_Test.java:369)&#10;	at sun.reflect.NativeMethodAccessorImpl.invoke0(Native Method)&#10;	at sun.reflect.NativeMethodAccessorImpl.invoke(NativeMethodAccessorImpl.java:62)&#10;	at sun.reflect.DelegatingMethodAccessorImpl.invoke(DelegatingMethodAccessorImpl.java:43)&#10;	at java.lang.reflect.Method.invoke(Method.java:498)&#10;	at org.junit.runners.model.FrameworkMethod$1.runReflectiveCall(FrameworkMethod.java:50)&#10;	at org.junit.internal.runners.model.ReflectiveCallable.run(ReflectiveCallable.java:12)&#10;	at org.junit.runners.model.FrameworkMethod.invokeExplosively(FrameworkMethod.java:47)&#10;	at org.junit.internal.runners.statements.InvokeMethod.evaluate(InvokeMethod.java:17)&#10;	at org.junit.runners.ParentRunner.runLeaf(ParentRunner.java:325)&#10;	at org.junit.runners.BlockJUnit4ClassRunner.runChild(BlockJUnit4ClassRunner.java:78)&#10;	at org.junit.runners.BlockJUnit4ClassRunner.runChild(BlockJUnit4ClassRunner.java:57)&#10;	at org.junit.runners.ParentRunner$3.run(ParentRunner.java:290)&#10;	at org.junit.runners.ParentRunner$1.schedule(ParentRunner.java:71)&#10;	at org.junit.runners.ParentRunner.runChildren(ParentRunner.java:288)&#10;	at org.junit.runners.ParentRunner.access$000(ParentRunner.java:58)&#10;	at org.junit.runners.ParentRunner$2.evaluate(ParentRunner.java:268)&#10;	at org.junit.runners.ParentRunner.run(ParentRunner.java:363)&#10;	at org.junit.runners.Suite.runChild(Suite.java:128)&#10;	at org.junit.runners.Suite.runChild(Suite.java:27)&#10;	at org.junit.runners.ParentRunner$3.run(ParentRunner.java:290)&#10;	at org.junit.runners.ParentRunner$1.schedule(ParentRunner.java:71)&#10;	at org.junit.runners.ParentRunner.runChildren(ParentRunner.java:288)&#10;	at org.junit.runners.ParentRunner.access$000(ParentRunner.java:58)&#10;	at org.junit.runners.ParentRunner$2.evaluate(ParentRunner.java:268)&#10;	at org.junit.internal.runners.statements.RunAfters.evaluate(RunAfters.java:27)&#10;	at org.junit.runners.ParentRunner.run(ParentRunner.java:363)&#10;	at org.apache.maven.surefire.junit4.JUnit4Provider.execute(JUnit4Provider.java:369)&#10;	at org.apache.maven.surefire.junit4.JUnit4Provider.executeWithRerun(JUnit4Provider.java:275)&#10;	at org.apache.maven.surefire.junit4.JUnit4Provider.executeTestSet(JUnit4Provider.java:239)&#10;	at org.apache.maven.surefire.junit4.JUnit4Provider.invoke(JUnit4Provider.java:160)&#10;	at org.apache.maven.surefire.booter.ForkedBooter.invokeProviderInSameClassLoader(ForkedBooter.java:373)&#10;	at org.apache.maven.surefire.booter.ForkedBooter.runSuitesInProcess(ForkedBooter.java:334)&#10;	at org.apache.maven.surefire.booter.ForkedBooter.execute(ForkedBooter.java:119)&#10;	at org.apache.maven.surefire.booter.ForkedBooter.main(ForkedBooter.java:407)&#10;&quot;&gt;"/>
  </testcase>
  <testcase name="should_run_test_when_assumption_passes[16]" classname="org.assertj.core.api.assumptions.Assumptions_assumeThat_with_various_types_Test" time="0.021"/>
  <testcase name="should_ignore_test_when_assumption_fails[16]" classname="org.assertj.core.api.assumptions.Assumptions_assumeThat_with_various_types_Test" time="0">
    <skipped message="assumption was not met due to: &#10;Expecting:&#10;  &lt;http://example.com/pages/&gt;&#10;to have parameter:&#10;  &lt;&quot;test&quot;&gt;&#10;but was missing"/>
  </testcase>
  <testcase name="should_run_test_when_assumption_passes[17]" classname="org.assertj.core.api.assumptions.Assumptions_assumeThat_with_various_types_Test" time="0.021"/>
  <testcase name="should_ignore_test_when_assumption_fails[17]" classname="org.assertj.core.api.assumptions.Assumptions_assumeThat_with_various_types_Test" time="0">
    <skipped message="assumption was not met due to: &#10;Expecting port of&#10;  &lt;example.com/pages/&gt;&#10;to be:&#10;  &lt;9090&gt;&#10;but was:&#10;  &lt;-1&gt;"/>
  </testcase>
  <testcase name="should_run_test_when_assumption_passes[18]" classname="org.assertj.core.api.assumptions.Assumptions_assumeThat_with_various_types_Test" time="0.019"/>
  <testcase name="should_ignore_test_when_assumption_fails[18]" classname="org.assertj.core.api.assumptions.Assumptions_assumeThat_with_various_types_Test" time="0">
    <skipped message="assumption was not met due to: &#10;Expecting&#10;  &lt;Mock for Future, hashCode: 329036674&gt;&#10;to be done.&#10;Be aware that the state of the future in this message might not reflect the one at the time when the assertion was performed as it is evaluated later on"/>
  </testcase>
  <testcase name="should_run_test_when_assumption_passes[19]" classname="org.assertj.core.api.assumptions.Assumptions_assumeThat_with_various_types_Test" time="0"/>
  <testcase name="should_ignore_test_when_assumption_fails[19]" classname="org.assertj.core.api.assumptions.Assumptions_assumeThat_with_various_types_Test" time="0">
    <skipped message="assumption was not met due to: &#10;Expecting:&#10; &lt;[2, 4, 2]&gt;&#10;to contain only once:&#10; &lt;[2]&gt;&#10;but some elements were found more than once:&#10; &lt;[2]&gt;&#10;"/>
  </testcase>
  <testcase name="should_run_test_when_assumption_passes[20]" classname="org.assertj.core.api.assumptions.Assumptions_assumeThat_with_various_types_Test" time="0"/>
  <testcase name="should_ignore_test_when_assumption_fails[20]" classname="org.assertj.core.api.assumptions.Assumptions_assumeThat_with_various_types_Test" time="0">
    <skipped message="assumption was not met due to: &#10;Expecting:&#10; &lt;[]&gt;&#10;to contain only once:&#10; &lt;[2]&gt;&#10;but some elements were not found:&#10; &lt;[2]&gt;&#10;"/>
  </testcase>
  <testcase name="should_run_test_when_assumption_passes[21]" classname="org.assertj.core.api.assumptions.Assumptions_assumeThat_with_various_types_Test" time="0"/>
  <testcase name="should_ignore_test_when_assumption_fails[21]" classname="org.assertj.core.api.assumptions.Assumptions_assumeThat_with_various_types_Test" time="0">
    <skipped message="assumption was not met due to: &#10;Expecting:&#10; &lt;[2, 4, 2]&gt;&#10;to contain only once:&#10; &lt;[2]&gt;&#10;but some elements were found more than once:&#10; &lt;[2]&gt;&#10;"/>
  </testcase>
  <testcase name="should_run_test_when_assumption_passes[22]" classname="org.assertj.core.api.assumptions.Assumptions_assumeThat_with_various_types_Test" time="0.001"/>
  <testcase name="should_ignore_test_when_assumption_fails[22]" classname="org.assertj.core.api.assumptions.Assumptions_assumeThat_with_various_types_Test" time="0">
    <skipped message="assumption was not met due to: expected:&lt;null&gt; but was:&lt;2&gt;"/>
  </testcase>
  <testcase name="should_run_test_when_assumption_passes[23]" classname="org.assertj.core.api.assumptions.Assumptions_assumeThat_with_various_types_Test" time="0.035"/>
  <testcase name="should_ignore_test_when_assumption_fails[23]" classname="org.assertj.core.api.assumptions.Assumptions_assumeThat_with_various_types_Test" time="0">
    <skipped message="assumption was not met due to: &#10;Expecting:&#10; &lt;{2=4}&gt;&#10;to contain key:&#10; &lt;4&gt;"/>
  </testcase>
  <testcase name="should_run_test_when_assumption_passes[24]" classname="org.assertj.core.api.assumptions.Assumptions_assumeThat_with_various_types_Test" time="0"/>
  <testcase name="should_ignore_test_when_assumption_fails[24]" classname="org.assertj.core.api.assumptions.Assumptions_assumeThat_with_various_types_Test" time="0">
    <skipped message="assumption was not met due to: &#10;Expecting:&#10; &lt;ComparableExample [id=4]&gt;&#10;to be less than:&#10; &lt;ComparableExample [id=2]&gt; "/>
  </testcase>
  <testcase name="should_run_test_when_assumption_passes[25]" classname="org.assertj.core.api.assumptions.Assumptions_assumeThat_with_various_types_Test" time="0.002"/>
  <testcase name="should_ignore_test_when_assumption_fails[25]" classname="org.assertj.core.api.assumptions.Assumptions_assumeThat_with_various_types_Test" time="0">
    <skipped message="assumption was not met due to: &#10;Expecting zipped elements of:&#10;  &lt;[&quot;a&quot;, &quot;b&quot;, &quot;c&quot;]&gt;&#10;and:&#10;  &lt;[&quot;A&quot;, &quot;B&quot;, &quot;C&quot;]&gt;&#10;to satisfy given requirements but these zipped elements did not:&#10;&#10;- (a, A) error: expected:&lt;&quot;[A]&quot;&gt; but was:&lt;&quot;[a]&quot;&gt;&#10;&#10;- (b, B) error: expected:&lt;&quot;[B]&quot;&gt; but was:&lt;&quot;[b]&quot;&gt;&#10;&#10;- (c, C) error: expected:&lt;&quot;[C]&quot;&gt; but was:&lt;&quot;[c]&quot;&gt;"/>
  </testcase>
</testsuite>