<?xml version="1.0" encoding="UTF-8"?>
<testsuite xmlns:xsi="http://www.w3.org/2001/XMLSchema-instance" xsi:noNamespaceSchemaLocation="https://maven.apache.org/surefire/maven-surefire-plugin/xsd/surefire-test-report.xsd" name="org.assertj.core.api.assumptions.Assumptions_assumeThat_Atomics_Test" time="0.423" tests="24" errors="0" skipped="12" failures="0">
  <properties>
    <property name="awt.toolkit" value="sun.awt.X11.XToolkit"/>
    <property name="maven.test.error.ignore" value="true"/>
    <property name="file.encoding.pkg" value="sun.io"/>
    <property name="java.specification.version" value="1.8"/>
    <property name="sun.cpu.isalist" value=""/>
    <property name="sun.jnu.encoding" value="UTF-8"/>
    <property name="java.class.path" value="/tmp/tmponsununq/assertj-core/target/test-classes:/tmp/tmponsununq/assertj-core/target/classes:/home/jdbl/.m2/repository/junit/junit/4.12/junit-4.12.jar:/home/jdbl/.m2/repository/org/opentest4j/opentest4j/1.0.0/opentest4j-1.0.0.jar:/home/jdbl/.m2/repository/org/hamcrest/hamcrest-core/1.3/hamcrest-core-1.3.jar:/home/jdbl/.m2/repository/net/bytebuddy/byte-buddy/1.8.11/byte-buddy-1.8.11.jar:/home/jdbl/.m2/repository/org/mockito/mockito-core/2.11.0/mockito-core-2.11.0.jar:/home/jdbl/.m2/repository/net/bytebuddy/byte-buddy-agent/1.7.4/byte-buddy-agent-1.7.4.jar:/home/jdbl/.m2/repository/org/objenesis/objenesis/2.6/objenesis-2.6.jar:/home/jdbl/.m2/repository/com/github/marschall/memoryfilesystem/1.1.0/memoryfilesystem-1.1.0.jar:/home/jdbl/.m2/repository/com/tngtech/junit/dataprovider/junit4-dataprovider/2.3/junit4-dataprovider-2.3.jar:/home/jdbl/.m2/repository/com/tngtech/junit/dataprovider/junit-dataprovider-core/2.3/junit-dataprovider-core-2.3.jar:/home/jdbl/.m2/repository/com/google/guava/guava/24.0-jre/guava-24.0-jre.jar:/home/jdbl/.m2/repository/com/google/code/findbugs/jsr305/1.3.9/jsr305-1.3.9.jar:/home/jdbl/.m2/repository/org/checkerframework/checker-compat-qual/2.0.0/checker-compat-qual-2.0.0.jar:/home/jdbl/.m2/repository/com/google/errorprone/error_prone_annotations/2.1.3/error_prone_annotations-2.1.3.jar:/home/jdbl/.m2/repository/com/google/j2objc/j2objc-annotations/1.1/j2objc-annotations-1.1.jar:/home/jdbl/.m2/repository/org/codehaus/mojo/animal-sniffer-annotations/1.14/animal-sniffer-annotations-1.14.jar:"/>
    <property name="java.vm.vendor" value="Oracle Corporation"/>
    <property name="maven.javadoc.skip" value="true"/>
    <property name="sun.arch.data.model" value="64"/>
    <property name="java.vendor.url" value="http://java.oracle.com/"/>
    <property name="user.timezone" value=""/>
    <property name="java.vm.specification.version" value="1.8"/>
    <property name="os.name" value="Linux"/>
    <property name="rat.skip" value="true"/>
    <property name="sun.java.launcher" value="SUN_STANDARD"/>
    <property name="sun.boot.library.path" value="/usr/local/openjdk-8/jre/lib/amd64"/>
    <property name="sun.java.command" value="/tmp/tmponsununq/assertj-core/target/surefire/surefirebooter1812757237146573688.jar /tmp/tmponsununq/assertj-core/target/surefire 2020-07-30T19-18-22_064-jvmRun1 surefire2670198450285390006tmp surefire_05165853055686707233tmp"/>
    <property name="surefire.test.class.path" value="/tmp/tmponsununq/assertj-core/target/test-classes:/tmp/tmponsununq/assertj-core/target/classes:/home/jdbl/.m2/repository/junit/junit/4.12/junit-4.12.jar:/home/jdbl/.m2/repository/org/opentest4j/opentest4j/1.0.0/opentest4j-1.0.0.jar:/home/jdbl/.m2/repository/org/hamcrest/hamcrest-core/1.3/hamcrest-core-1.3.jar:/home/jdbl/.m2/repository/net/bytebuddy/byte-buddy/1.8.11/byte-buddy-1.8.11.jar:/home/jdbl/.m2/repository/org/mockito/mockito-core/2.11.0/mockito-core-2.11.0.jar:/home/jdbl/.m2/repository/net/bytebuddy/byte-buddy-agent/1.7.4/byte-buddy-agent-1.7.4.jar:/home/jdbl/.m2/repository/org/objenesis/objenesis/2.6/objenesis-2.6.jar:/home/jdbl/.m2/repository/com/github/marschall/memoryfilesystem/1.1.0/memoryfilesystem-1.1.0.jar:/home/jdbl/.m2/repository/com/tngtech/junit/dataprovider/junit4-dataprovider/2.3/junit4-dataprovider-2.3.jar:/home/jdbl/.m2/repository/com/tngtech/junit/dataprovider/junit-dataprovider-core/2.3/junit-dataprovider-core-2.3.jar:/home/jdbl/.m2/repository/com/google/guava/guava/24.0-jre/guava-24.0-jre.jar:/home/jdbl/.m2/repository/com/google/code/findbugs/jsr305/1.3.9/jsr305-1.3.9.jar:/home/jdbl/.m2/repository/org/checkerframework/checker-compat-qual/2.0.0/checker-compat-qual-2.0.0.jar:/home/jdbl/.m2/repository/com/google/errorprone/error_prone_annotations/2.1.3/error_prone_annotations-2.1.3.jar:/home/jdbl/.m2/repository/com/google/j2objc/j2objc-annotations/1.1/j2objc-annotations-1.1.jar:/home/jdbl/.m2/repository/org/codehaus/mojo/animal-sniffer-annotations/1.14/animal-sniffer-annotations-1.14.jar:"/>
    <property name="sun.cpu.endian" value="little"/>
    <property name="user.home" value="/home/jdbl"/>
    <property name="user.language" value="en"/>
    <property name="java.specification.vendor" value="Oracle Corporation"/>
    <property name="java.home" value="/usr/local/openjdk-8/jre"/>
    <property name="basedir" value="/tmp/tmponsununq/assertj-core"/>
    <property name="file.separator" value="/"/>
    <property name="line.separator" value="&#10;"/>
    <property name="source.skip" value="true"/>
    <property name="java.vm.specification.vendor" value="Oracle Corporation"/>
    <property name="java.specification.name" value="Java Platform API Specification"/>
    <property name="java.awt.graphicsenv" value="sun.awt.X11GraphicsEnvironment"/>
    <property name="surefire.real.class.path" value="/tmp/tmponsununq/assertj-core/target/surefire/surefirebooter1812757237146573688.jar:/home/jdbl/.m2/repository/org/jacoco/org.jacoco.agent/0.7.9/org.jacoco.agent-0.7.9-runtime.jar"/>
    <property name="sun.boot.class.path" value="/usr/local/openjdk-8/jre/lib/resources.jar:/usr/local/openjdk-8/jre/lib/rt.jar:/usr/local/openjdk-8/jre/lib/sunrsasign.jar:/usr/local/openjdk-8/jre/lib/jsse.jar:/usr/local/openjdk-8/jre/lib/jce.jar:/usr/local/openjdk-8/jre/lib/charsets.jar:/usr/local/openjdk-8/jre/lib/jfr.jar:/usr/local/openjdk-8/jre/classes"/>
    <property name="sun.management.compiler" value="HotSpot 64-Bit Tiered Compilers"/>
    <property name="java.runtime.version" value="1.8.0_262-b10"/>
    <property name="user.name" value="jdbl"/>
    <property name="path.separator" value=":"/>
    <property name="os.version" value="4.15.0-109-generic"/>
    <property name="java.endorsed.dirs" value="/usr/local/openjdk-8/jre/lib/endorsed"/>
    <property name="java.runtime.name" value="OpenJDK Runtime Environment"/>
    <property name="file.encoding" value="UTF-8"/>
    <property name="java.vm.name" value="OpenJDK 64-Bit Server VM"/>
    <property name="localRepository" value="/home/jdbl/.m2/repository"/>
    <property name="java.vendor.url.bug" value="http://bugreport.sun.com/bugreport/"/>
    <property name="java.io.tmpdir" value="/tmp"/>
    <property name="java.version" value="1.8.0_262"/>
    <property name="user.dir" value="/tmp/tmponsununq/assertj-core"/>
    <property name="os.arch" value="amd64"/>
    <property name="license.skip" value="true"/>
    <property name="animal.sniffer.skip" value="true"/>
    <property name="java.vm.specification.name" value="Java Virtual Machine Specification"/>
    <property name="java.awt.printerjob" value="sun.print.PSPrinterJob"/>
    <property name="sun.os.patch.level" value="unknown"/>
    <property name="java.library.path" value="/usr/java/packages/lib/amd64:/usr/lib64:/lib64:/lib:/usr/lib"/>
    <property name="java.vm.info" value="mixed mode"/>
    <property name="java.vendor" value="Oracle Corporation"/>
    <property name="java.vm.version" value="25.262-b10"/>
    <property name="java.ext.dirs" value="/usr/local/openjdk-8/jre/lib/ext:/usr/java/packages/lib/ext"/>
    <property name="sun.io.unicode.encoding" value="UnicodeLittle"/>
    <property name="java.class.version" value="52.0"/>
    <property name="maven.test.failure.ignore" value="true"/>
  </properties>
  <testcase name="should_run_test_when_assumption_passes[0]" classname="org.assertj.core.api.assumptions.Assumptions_assumeThat_Atomics_Test" time="0.021"/>
  <testcase name="should_ignore_test_when_assumption_fails[0]" classname="org.assertj.core.api.assumptions.Assumptions_assumeThat_Atomics_Test" time="0">
    <skipped message="assumption was not met due to: &#10;Expecting &lt;AtomicBoolean(true)&gt; to have value:&#10;  &lt;false&gt;&#10;but did not."/>
  </testcase>
  <testcase name="should_run_test_when_assumption_passes[1]" classname="org.assertj.core.api.assumptions.Assumptions_assumeThat_Atomics_Test" time="0.024"/>
  <testcase name="should_ignore_test_when_assumption_fails[1]" classname="org.assertj.core.api.assumptions.Assumptions_assumeThat_Atomics_Test" time="0">
    <skipped message="assumption was not met due to: &#10;Expecting:&#10; &lt;42&gt;&#10;to be less than:&#10; &lt;0&gt; "/>
  </testcase>
  <testcase name="should_run_test_when_assumption_passes[2]" classname="org.assertj.core.api.assumptions.Assumptions_assumeThat_Atomics_Test" time="0.03"/>
  <testcase name="should_ignore_test_when_assumption_fails[2]" classname="org.assertj.core.api.assumptions.Assumptions_assumeThat_Atomics_Test" time="0">
    <skipped message="assumption was not met due to: &#10;Expecting:&#10; &lt;[2, 5, 7]&gt;&#10;to contain:&#10; &lt;[20]&gt;&#10;but could not find:&#10; &lt;[20]&gt;&#10;"/>
  </testcase>
  <testcase name="should_run_test_when_assumption_passes[3]" classname="org.assertj.core.api.assumptions.Assumptions_assumeThat_Atomics_Test" time="0.03"/>
  <testcase name="should_ignore_test_when_assumption_fails[3]" classname="org.assertj.core.api.assumptions.Assumptions_assumeThat_Atomics_Test" time="0">
    <skipped message="assumption was not met due to: &#10;Expecting &lt;AtomicIntegerFieldUpdater&gt; to have value:&#10;  &lt;10&gt;&#10;but had:&#10;  &lt;0&gt;&#10;to update target object:&#10;  &lt;org.assertj.core.api.assumptions.Assumptions_assumeThat_Atomics_Test$VolatileFieldsHolder@61913ccc&gt;"/>
  </testcase>
  <testcase name="should_run_test_when_assumption_passes[4]" classname="org.assertj.core.api.assumptions.Assumptions_assumeThat_Atomics_Test" time="0.037"/>
  <testcase name="should_ignore_test_when_assumption_fails[4]" classname="org.assertj.core.api.assumptions.Assumptions_assumeThat_Atomics_Test" time="0">
    <skipped message="assumption was not met due to: &#10;Expecting:&#10; &lt;42L&gt;&#10;to be less than:&#10; &lt;0L&gt; "/>
  </testcase>
  <testcase name="should_run_test_when_assumption_passes[5]" classname="org.assertj.core.api.assumptions.Assumptions_assumeThat_Atomics_Test" time="0.049"/>
  <testcase name="should_ignore_test_when_assumption_fails[5]" classname="org.assertj.core.api.assumptions.Assumptions_assumeThat_Atomics_Test" time="0">
    <skipped message="assumption was not met due to: &#10;Expecting:&#10; &lt;[2L, 5L, 7L]&gt;&#10;to contain:&#10; &lt;[20L]&gt;&#10;but could not find:&#10; &lt;[20L]&gt;&#10;"/>
  </testcase>
  <testcase name="should_run_test_when_assumption_passes[6]" classname="org.assertj.core.api.assumptions.Assumptions_assumeThat_Atomics_Test" time="0.03"/>
  <testcase name="should_ignore_test_when_assumption_fails[6]" classname="org.assertj.core.api.assumptions.Assumptions_assumeThat_Atomics_Test" time="0">
    <skipped message="assumption was not met due to: &#10;Expecting &lt;AtomicLongFieldUpdater&gt; to have value:&#10;  &lt;10L&gt;&#10;but had:&#10;  &lt;0L&gt;&#10;to update target object:&#10;  &lt;org.assertj.core.api.assumptions.Assumptions_assumeThat_Atomics_Test$VolatileFieldsHolder@61913ccc&gt;"/>
  </testcase>
  <testcase name="should_run_test_when_assumption_passes[7]" classname="org.assertj.core.api.assumptions.Assumptions_assumeThat_Atomics_Test" time="0.021"/>
  <testcase name="should_ignore_test_when_assumption_fails[7]" classname="org.assertj.core.api.assumptions.Assumptions_assumeThat_Atomics_Test" time="0">
    <skipped message="assumption was not met due to: &#10;Expecting &lt;AtomicReference[&quot;test&quot;]&gt; to have value:&#10;  &lt;&quot;other&quot;&gt;&#10;but did not."/>
  </testcase>
  <testcase name="should_run_test_when_assumption_passes[8]" classname="org.assertj.core.api.assumptions.Assumptions_assumeThat_Atomics_Test" time="0.069"/>
  <testcase name="should_ignore_test_when_assumption_fails[8]" classname="org.assertj.core.api.assumptions.Assumptions_assumeThat_Atomics_Test" time="0">
    <skipped message="assumption was not met due to: &#10;Expecting:&#10; &lt;[&quot;2&quot;, &quot;5&quot;, &quot;7&quot;]&gt;&#10;to contain:&#10; &lt;[&quot;20&quot;]&gt;&#10;but could not find:&#10; &lt;[&quot;20&quot;]&gt;&#10;"/>
  </testcase>
  <testcase name="should_run_test_when_assumption_passes[9]" classname="org.assertj.core.api.assumptions.Assumptions_assumeThat_Atomics_Test" time="0.037"/>
  <testcase name="should_ignore_test_when_assumption_fails[9]" classname="org.assertj.core.api.assumptions.Assumptions_assumeThat_Atomics_Test" time="0">
    <skipped message="assumption was not met due to: &#10;Expecting &lt;AtomicReferenceFieldUpdater&gt; to have value:&#10;  &lt;&quot;other&quot;&gt;&#10;but had:&#10;  &lt;&quot;test&quot;&gt;&#10;to update target object:&#10;  &lt;org.assertj.core.api.assumptions.Assumptions_assumeThat_Atomics_Test$VolatileFieldsHolder@61913ccc&gt;"/>
  </testcase>
  <testcase name="should_run_test_when_assumption_passes[10]" classname="org.assertj.core.api.assumptions.Assumptions_assumeThat_Atomics_Test" time="0.037"/>
  <testcase name="should_ignore_test_when_assumption_fails[10]" classname="org.assertj.core.api.assumptions.Assumptions_assumeThat_Atomics_Test" time="0">
    <skipped message="assumption was not met due to: &#10;Expecting&#10;  &lt;AtomicMarkableReference[marked=true, reference=&quot;test&quot;]&gt;&#10;to have reference:&#10;  &lt;&quot;other&quot;&gt;&#10;but had:&#10;  &lt;&quot;test&quot;&gt;"/>
  </testcase>
  <testcase name="should_run_test_when_assumption_passes[11]" classname="org.assertj.core.api.assumptions.Assumptions_assumeThat_Atomics_Test" time="0.03"/>
  <testcase name="should_ignore_test_when_assumption_fails[11]" classname="org.assertj.core.api.assumptions.Assumptions_assumeThat_Atomics_Test" time="0">
    <skipped message="assumption was not met due to: &#10;Expecting&#10;  &lt;AtomicStampedReference[stamp=1, reference=&quot;test&quot;]&gt;&#10;to have stamp:&#10;  &lt;0&gt;&#10;but had:&#10;  &lt;1&gt;"/>
  </testcase>
</testsuite>