<?xml version="1.0" encoding="UTF-8"?>
<testsuite xmlns:xsi="http://www.w3.org/2001/XMLSchema-instance" xsi:schemaLocation="https://maven.apache.org/surefire/maven-surefire-plugin/xsd/surefire-test-report.xsd" name="com.damnhandy.uri.template.TestAdditionalJavaTypes" time="0.003" tests="2" errors="0" skipped="0" failures="0">
  <properties>
    <property name="java.vendor" value="Oracle Corporation"/>
    <property name="sun.java.launcher" value="SUN_STANDARD"/>
    <property name="sun.management.compiler" value="HotSpot 64-Bit Tiered Compilers"/>
    <property name="git.commit.id.describe" value="4186df0-dirty"/>
    <property name="os.name" value="Linux"/>
    <property name="sun.boot.class.path" value="/usr/local/openjdk-8/jre/lib/resources.jar:/usr/local/openjdk-8/jre/lib/rt.jar:/usr/local/openjdk-8/jre/lib/sunrsasign.jar:/usr/local/openjdk-8/jre/lib/jsse.jar:/usr/local/openjdk-8/jre/lib/jce.jar:/usr/local/openjdk-8/jre/lib/charsets.jar:/usr/local/openjdk-8/jre/lib/jfr.jar:/usr/local/openjdk-8/jre/classes"/>
    <property name="java.vm.specification.vendor" value="Oracle Corporation"/>
    <property name="java.runtime.version" value="1.8.0_262-b10"/>
    <property name="user.name" value="jdbl"/>
    <property name="maven.javadoc.skip" value="true"/>
    <property name="guice.disable.misplaced.annotation.check" value="true"/>
    <property name="user.language" value="en"/>
    <property name="sun.boot.library.path" value="/usr/local/openjdk-8/jre/lib/amd64"/>
    <property name="classworlds.conf" value="/usr/share/maven/bin/m2.conf"/>
    <property name="git.build.user.name" value=""/>
    <property name="java.version" value="1.8.0_262"/>
    <property name="user.timezone" value="Etc/UTC"/>
    <property name="git.local.branch.behind" value="NO_REMOTE"/>
    <property name="rat.skip" value="true"/>
    <property name="sun.arch.data.model" value="64"/>
    <property name="git.remote.origin.url" value="https://github.com/damnhandy/Handy-URI-Templates.git"/>
    <property name="git.build.version" value="2.1.9-SNAPSHOT"/>
    <property name="java.endorsed.dirs" value="/usr/local/openjdk-8/jre/lib/endorsed"/>
    <property name="sun.cpu.isalist" value=""/>
    <property name="sun.jnu.encoding" value="UTF-8"/>
    <property name="file.encoding.pkg" value="sun.io"/>
    <property name="file.separator" value="/"/>
    <property name="java.specification.name" value="Java Platform API Specification"/>
    <property name="maven.conf" value="/usr/share/maven/conf"/>
    <property name="java.class.version" value="52.0"/>
    <property name="git.commit.message.full" value="Updated versions"/>
    <property name="git.commit.message.short" value="Updated versions"/>
    <property name="securerandom.source" value="file:/dev/./urandom"/>
    <property name="java.home" value="/usr/local/openjdk-8/jre"/>
    <property name="java.vm.info" value="mixed mode"/>
    <property name="git.closest.tag.name" value=""/>
    <property name="os.version" value="4.15.0-109-generic"/>
    <property name="git.tags" value=""/>
    <property name="path.separator" value=":"/>
    <property name="git.local.branch.ahead" value="NO_REMOTE"/>
    <property name="java.vm.version" value="25.262-b10"/>
    <property name="git.commit.user.email" value="ryan@damnhandy.com"/>
    <property name="git.closest.tag.commit.count" value=""/>
    <property name="java.awt.printerjob" value="sun.print.PSPrinterJob"/>
    <property name="sun.io.unicode.encoding" value="UnicodeLittle"/>
    <property name="awt.toolkit" value="sun.awt.X11.XToolkit"/>
    <property name="user.home" value="/home/jdbl"/>
    <property name="java.specification.vendor" value="Oracle Corporation"/>
    <property name="git.dirty" value="true"/>
    <property name="git.total.commit.count" value="1"/>
    <property name="library.jansi.path" value="/usr/share/maven/lib/jansi-native"/>
    <property name="java.library.path" value="/usr/java/packages/lib/amd64:/usr/lib64:/lib64:/lib:/usr/lib"/>
    <property name="java.vendor.url" value="http://java.oracle.com/"/>
    <property name="java.vm.vendor" value="Oracle Corporation"/>
    <property name="source.skip" value="true"/>
    <property name="maven.home" value="/usr/share/maven"/>
    <property name="java.runtime.name" value="OpenJDK Runtime Environment"/>
    <property name="sun.java.command" value="org.codehaus.plexus.classworlds.launcher.Launcher test -e --fail-never -ntp -Dmaven.test.failure.ignore=true -B -Dmaven.javadoc.skip=true -Drat.skip=true -Danimal.sniffer.skip=true -Dmaven.javadoc.skip=true -Dlicense.skip=true -Dsource.skip=true"/>
    <property name="java.class.path" value="/usr/share/maven/boot/plexus-classworlds-2.6.0.jar"/>
    <property name="animal.sniffer.skip" value="true"/>
    <property name="java.vm.specification.name" value="Java Virtual Machine Specification"/>
    <property name="java.vm.specification.version" value="1.8"/>
    <property name="sun.cpu.endian" value="little"/>
    <property name="sun.os.patch.level" value="unknown"/>
    <property name="java.io.tmpdir" value="/tmp"/>
    <property name="java.vendor.url.bug" value="http://bugreport.sun.com/bugreport/"/>
    <property name="maven.multiModuleProjectDirectory" value="/tmp/tmpkpmp1sca/Handy-URI-Templates"/>
    <property name="os.arch" value="amd64"/>
    <property name="java.awt.graphicsenv" value="sun.awt.X11GraphicsEnvironment"/>
    <property name="git.commit.id.describe-short" value="4186df0-dirty"/>
    <property name="git.commit.id" value="4186df00551463a138b241f123fd13874a898e2a"/>
    <property name="java.ext.dirs" value="/usr/local/openjdk-8/jre/lib/ext:/usr/java/packages/lib/ext"/>
    <property name="user.dir" value="/tmp/tmpkpmp1sca/Handy-URI-Templates"/>
    <property name="line.separator" value="&#10;"/>
    <property name="java.vm.name" value="OpenJDK 64-Bit Server VM"/>
    <property name="maven.test.failure.ignore" value="true"/>
    <property name="git.commit.user.name" value="Ryan J. McDonough"/>
    <property name="file.encoding" value="UTF-8"/>
    <property name="git.commit.time" value="2020-05-24T21:37:15+0000"/>
    <property name="git.branch" value="4186df00551463a138b241f123fd13874a898e2a"/>
    <property name="license.skip" value="true"/>
    <property name="git.build.time" value="2020-07-30T21:43:32+0000"/>
    <property name="java.specification.version" value="1.8"/>
    <property name="git.build.user.email" value=""/>
    <property name="git.commit.id.abbrev" value="4186df0"/>
  </properties>
  <testcase name="testEnum" classname="com.damnhandy.uri.template.TestAdditionalJavaTypes" time="0.002"/>
  <testcase name="testUUID" classname="com.damnhandy.uri.template.TestAdditionalJavaTypes" time="0.001"/>
</testsuite>