<?xml version="1.0" encoding="UTF-8"?>
<testsuite xmlns:xsi="http://www.w3.org/2001/XMLSchema-instance" xsi:schemaLocation="https://maven.apache.org/surefire/maven-surefire-plugin/xsd/surefire-test-report.xsd" name="de.neuland.jade4j.compiler.CompilerTest" time="1.122" tests="71" errors="0" skipped="2" failures="0">
  <properties>
    <property name="java.runtime.name" value="OpenJDK Runtime Environment"/>
    <property name="sun.boot.library.path" value="/usr/local/openjdk-8/jre/lib/amd64"/>
    <property name="java.vm.version" value="25.262-b10"/>
    <property name="animal.sniffer.skip" value="true"/>
    <property name="java.vm.vendor" value="Oracle Corporation"/>
    <property name="maven.multiModuleProjectDirectory" value="/tmp/tmp1m9_7839/jade4j"/>
    <property name="maven.javadoc.skip" value="true"/>
    <property name="java.vendor.url" value="http://java.oracle.com/"/>
    <property name="path.separator" value=":"/>
    <property name="guice.disable.misplaced.annotation.check" value="true"/>
    <property name="java.vm.name" value="OpenJDK 64-Bit Server VM"/>
    <property name="file.encoding.pkg" value="sun.io"/>
    <property name="sun.java.launcher" value="SUN_STANDARD"/>
    <property name="sun.os.patch.level" value="unknown"/>
    <property name="source.skip" value="true"/>
    <property name="java.vm.specification.name" value="Java Virtual Machine Specification"/>
    <property name="user.dir" value="/tmp/tmp1m9_7839/jade4j"/>
    <property name="java.runtime.version" value="1.8.0_262-b10"/>
    <property name="java.awt.graphicsenv" value="sun.awt.X11GraphicsEnvironment"/>
    <property name="java.endorsed.dirs" value="/usr/local/openjdk-8/jre/lib/endorsed"/>
    <property name="os.arch" value="amd64"/>
    <property name="java.io.tmpdir" value="/tmp"/>
    <property name="line.separator" value="&#10;"/>
    <property name="java.vm.specification.vendor" value="Oracle Corporation"/>
    <property name="os.name" value="Linux"/>
    <property name="classworlds.conf" value="/usr/share/maven/bin/m2.conf"/>
    <property name="sun.jnu.encoding" value="UTF-8"/>
    <property name="java.library.path" value="/usr/java/packages/lib/amd64:/usr/lib64:/lib64:/lib:/usr/lib"/>
    <property name="license.skip" value="true"/>
    <property name="maven.conf" value="/usr/share/maven/conf"/>
    <property name="java.specification.name" value="Java Platform API Specification"/>
    <property name="java.class.version" value="52.0"/>
    <property name="sun.management.compiler" value="HotSpot 64-Bit Tiered Compilers"/>
    <property name="maven.test.failure.ignore" value="true"/>
    <property name="os.version" value="4.15.0-109-generic"/>
    <property name="library.jansi.path" value="/usr/share/maven/lib/jansi-native"/>
    <property name="user.home" value="/home/jdbl"/>
    <property name="user.timezone" value="Etc/UTC"/>
    <property name="java.awt.printerjob" value="sun.print.PSPrinterJob"/>
    <property name="java.specification.version" value="1.8"/>
    <property name="file.encoding" value="UTF-8"/>
    <property name="user.name" value="jdbl"/>
    <property name="java.class.path" value="/usr/share/maven/boot/plexus-classworlds-2.6.0.jar"/>
    <property name="java.vm.specification.version" value="1.8"/>
    <property name="sun.arch.data.model" value="64"/>
    <property name="java.home" value="/usr/local/openjdk-8/jre"/>
    <property name="sun.java.command" value="org.codehaus.plexus.classworlds.launcher.Launcher test -e --fail-never -ntp -Dmaven.test.failure.ignore=true -B -Dmaven.javadoc.skip=true -Drat.skip=true -Danimal.sniffer.skip=true -Dmaven.javadoc.skip=true -Dlicense.skip=true -Dsource.skip=true"/>
    <property name="java.specification.vendor" value="Oracle Corporation"/>
    <property name="user.language" value="en"/>
    <property name="awt.toolkit" value="sun.awt.X11.XToolkit"/>
    <property name="java.vm.info" value="mixed mode"/>
    <property name="java.version" value="1.8.0_262"/>
    <property name="java.ext.dirs" value="/usr/local/openjdk-8/jre/lib/ext:/usr/java/packages/lib/ext"/>
    <property name="securerandom.source" value="file:/dev/./urandom"/>
    <property name="sun.boot.class.path" value="/usr/local/openjdk-8/jre/lib/resources.jar:/usr/local/openjdk-8/jre/lib/rt.jar:/usr/local/openjdk-8/jre/lib/sunrsasign.jar:/usr/local/openjdk-8/jre/lib/jsse.jar:/usr/local/openjdk-8/jre/lib/jce.jar:/usr/local/openjdk-8/jre/lib/charsets.jar:/usr/local/openjdk-8/jre/lib/jfr.jar:/usr/local/openjdk-8/jre/classes"/>
    <property name="java.vendor" value="Oracle Corporation"/>
    <property name="rat.skip" value="true"/>
    <property name="maven.home" value="/usr/share/maven"/>
    <property name="file.separator" value="/"/>
    <property name="java.vendor.url.bug" value="http://bugreport.sun.com/bugreport/"/>
    <property name="sun.cpu.endian" value="little"/>
    <property name="sun.io.unicode.encoding" value="UnicodeLittle"/>
    <property name="sun.cpu.isalist" value=""/>
  </properties>
  <testcase name="whileTag" classname="de.neuland.jade4j.compiler.CompilerTest" time="0.353"/>
  <testcase name="complexIndentOutdentFile" classname="de.neuland.jade4j.compiler.CompilerTest" time="0.013"/>
  <testcase name="mixinWithCommaSinglearg" classname="de.neuland.jade4j.compiler.CompilerTest" time="0.012"/>
  <testcase name="blockExpansionShorthand" classname="de.neuland.jade4j.compiler.CompilerTest" time="0.003"/>
  <testcase name="mixinWithCommaMorearg" classname="de.neuland.jade4j.compiler.CompilerTest" time="0.005"/>
  <testcase name="expressionException" classname="de.neuland.jade4j.compiler.CompilerTest" time="0.011"/>
  <testcase name="blockExpansion" classname="de.neuland.jade4j.compiler.CompilerTest" time="0.002"/>
  <testcase name="expressionWrongMethodCall" classname="de.neuland.jade4j.compiler.CompilerTest" time="0.004"/>
  <testcase name="extendsLayoutWithInclude" classname="de.neuland.jade4j.compiler.CompilerTest" time="0.005"/>
  <testcase name="mixinMultipleBlocksCase" classname="de.neuland.jade4j.compiler.CompilerTest" time="0.006"/>
  <testcase name="escape" classname="de.neuland.jade4j.compiler.CompilerTest" time="0.018"/>
  <testcase name="variable" classname="de.neuland.jade4j.compiler.CompilerTest" time="0.02"/>
  <testcase name="eachElse" classname="de.neuland.jade4j.compiler.CompilerTest" time="0.004"/>
  <testcase name="locals" classname="de.neuland.jade4j.compiler.CompilerTest" time="0.003"/>
  <testcase name="shouldThrowGoodExceptions" classname="de.neuland.jade4j.compiler.CompilerTest" time="0"/>
  <testcase name="reportedIssue90" classname="de.neuland.jade4j.compiler.CompilerTest" time="0.01"/>
  <testcase name="beanPropertyCondition" classname="de.neuland.jade4j.compiler.CompilerTest" time="0.011"/>
  <testcase name="oneTag" classname="de.neuland.jade4j.compiler.CompilerTest" time="0.001"/>
  <testcase name="filterPlain" classname="de.neuland.jade4j.compiler.CompilerTest" time="0.002"/>
  <testcase name="nestedTags" classname="de.neuland.jade4j.compiler.CompilerTest" time="0.002"/>
  <testcase name="condition" classname="de.neuland.jade4j.compiler.CompilerTest" time="0.017"/>
  <testcase name="mixin_with_conditional" classname="de.neuland.jade4j.compiler.CompilerTest" time="0.004"/>
  <testcase name="mixinWithComplexParameter" classname="de.neuland.jade4j.compiler.CompilerTest" time="0.019"/>
  <testcase name="mixinBlocks" classname="de.neuland.jade4j.compiler.CompilerTest" time="0.009"/>
  <testcase name="largeBodyTextWithPipes" classname="de.neuland.jade4j.compiler.CompilerTest" time="0.002"/>
  <testcase name="mixinDefaultBlockNested" classname="de.neuland.jade4j.compiler.CompilerTest" time="0.01"/>
  <testcase name="conditionTypes" classname="de.neuland.jade4j.compiler.CompilerTest" time="0.018"/>
  <testcase name="mixinExtend" classname="de.neuland.jade4j.compiler.CompilerTest" time="0.005"/>
  <testcase name="scriptTemplate" classname="de.neuland.jade4j.compiler.CompilerTest" time="0.002"/>
  <testcase name="mixinAttrs" classname="de.neuland.jade4j.compiler.CompilerTest" time="0.019"/>
  <testcase name="mixinMerge" classname="de.neuland.jade4j.compiler.CompilerTest" time="0.011"/>
  <testcase name="cssClassAndId" classname="de.neuland.jade4j.compiler.CompilerTest" time="0.002"/>
  <testcase name="mixinNested" classname="de.neuland.jade4j.compiler.CompilerTest" time="0.002"/>
  <testcase name="inlineTextAndContent" classname="de.neuland.jade4j.compiler.CompilerTest" time="0.003"/>
  <testcase name="mixinDefaultBlock" classname="de.neuland.jade4j.compiler.CompilerTest" time="0.004"/>
  <testcase name="xml" classname="de.neuland.jade4j.compiler.CompilerTest" time="0.004"/>
  <testcase name="each" classname="de.neuland.jade4j.compiler.CompilerTest" time="0.009"/>
  <testcase name="attribute" classname="de.neuland.jade4j.compiler.CompilerTest" time="0.04"/>
  <testcase name="filterMarkdown" classname="de.neuland.jade4j.compiler.CompilerTest" time="0.206"/>
  <testcase name="mixinMultipleBlocks" classname="de.neuland.jade4j.compiler.CompilerTest" time="0.005"/>
  <testcase name="include1" classname="de.neuland.jade4j.compiler.CompilerTest" time="0.006"/>
  <testcase name="include2" classname="de.neuland.jade4j.compiler.CompilerTest" time="0.004"/>
  <testcase name="mixin" classname="de.neuland.jade4j.compiler.CompilerTest" time="0.006"/>
  <testcase name="scope" classname="de.neuland.jade4j.compiler.CompilerTest" time="0.009"/>
  <testcase name="conditionalComment" classname="de.neuland.jade4j.compiler.CompilerTest" time="0">
    <skipped message="not supported since Jade 1.0 anymore"/>
  </testcase>
  <testcase name="mixinVariableAttribute" classname="de.neuland.jade4j.compiler.CompilerTest" time="0.009"/>
  <testcase name="mixinMultipleBlocksIf" classname="de.neuland.jade4j.compiler.CompilerTest" time="0.007"/>
  <testcase name="fuzzyBooleanCondition" classname="de.neuland.jade4j.compiler.CompilerTest" time="0.009"/>
  <testcase name="scriptTag" classname="de.neuland.jade4j.compiler.CompilerTest" time="0.002"/>
  <testcase name="whitespace" classname="de.neuland.jade4j.compiler.CompilerTest" time="0.002"/>
  <testcase name="notTerseDoctype" classname="de.neuland.jade4j.compiler.CompilerTest" time="0.002"/>
  <testcase name="indentTabs" classname="de.neuland.jade4j.compiler.CompilerTest" time="0.002"/>
  <testcase name="caseTag" classname="de.neuland.jade4j.compiler.CompilerTest" time="0.003"/>
  <testcase name="interpolation" classname="de.neuland.jade4j.compiler.CompilerTest" time="0.067"/>
  <testcase name="extendsLayout" classname="de.neuland.jade4j.compiler.CompilerTest" time="0.006"/>
  <testcase name="selfClosingTag" classname="de.neuland.jade4j.compiler.CompilerTest" time="0.003"/>
  <testcase name="minusMinusPlusPlusMatching" classname="de.neuland.jade4j.compiler.CompilerTest" time="0.025"/>
  <testcase name="comment" classname="de.neuland.jade4j.compiler.CompilerTest" time="0.002"/>
  <testcase name="assignment" classname="de.neuland.jade4j.compiler.CompilerTest" time="0.002"/>
  <testcase name="prettyPrint" classname="de.neuland.jade4j.compiler.CompilerTest" time="0.001"/>
  <testcase name="mixinExtendInclude" classname="de.neuland.jade4j.compiler.CompilerTest" time="0.005"/>
  <testcase name="tagWithAttributes" classname="de.neuland.jade4j.compiler.CompilerTest" time="0.005"/>
  <testcase name="blockQuote" classname="de.neuland.jade4j.compiler.CompilerTest" time="0.002"/>
  <testcase name="expressionLenientVariableEvaluation" classname="de.neuland.jade4j.compiler.CompilerTest" time="0">
    <skipped message="Not working in Jade JS"/>
  </testcase>
  <testcase name="includeNonJade" classname="de.neuland.jade4j.compiler.CompilerTest" time="0.002"/>
  <testcase name="blockquotes" classname="de.neuland.jade4j.compiler.CompilerTest" time="0.011"/>
  <testcase name="terseDoctype" classname="de.neuland.jade4j.compiler.CompilerTest" time="0.008"/>
  <testcase name="doctype" classname="de.neuland.jade4j.compiler.CompilerTest" time="0.001"/>
  <testcase name="complexCondition" classname="de.neuland.jade4j.compiler.CompilerTest" time="0.004"/>
  <testcase name="tagWithText" classname="de.neuland.jade4j.compiler.CompilerTest" time="0.001"/>
  <testcase name="shouldThrowGoodExceptions2" classname="de.neuland.jade4j.compiler.CompilerTest" time="0.002"/>
</testsuite>