<?xml version="1.0" encoding="UTF-8"?>
<testsuite xmlns:xsi="http://www.w3.org/2001/XMLSchema-instance" xsi:schemaLocation="https://maven.apache.org/surefire/maven-surefire-plugin/xsd/surefire-test-report.xsd" name="de.neuland.jade4j.compiler.IssuesTest" time="0.803" tests="147" errors="0" skipped="0" failures="0">
  <properties>
    <property name="java.runtime.name" value="OpenJDK Runtime Environment"/>
    <property name="sun.boot.library.path" value="/usr/local/openjdk-8/jre/lib/amd64"/>
    <property name="java.vm.version" value="25.262-b10"/>
    <property name="animal.sniffer.skip" value="true"/>
    <property name="java.vm.vendor" value="Oracle Corporation"/>
    <property name="maven.multiModuleProjectDirectory" value="/tmp/tmp1m9_7839/jade4j"/>
    <property name="maven.javadoc.skip" value="true"/>
    <property name="java.vendor.url" value="http://java.oracle.com/"/>
    <property name="path.separator" value=":"/>
    <property name="guice.disable.misplaced.annotation.check" value="true"/>
    <property name="java.vm.name" value="OpenJDK 64-Bit Server VM"/>
    <property name="file.encoding.pkg" value="sun.io"/>
    <property name="sun.java.launcher" value="SUN_STANDARD"/>
    <property name="sun.os.patch.level" value="unknown"/>
    <property name="source.skip" value="true"/>
    <property name="java.vm.specification.name" value="Java Virtual Machine Specification"/>
    <property name="user.dir" value="/tmp/tmp1m9_7839/jade4j"/>
    <property name="java.runtime.version" value="1.8.0_262-b10"/>
    <property name="java.awt.graphicsenv" value="sun.awt.X11GraphicsEnvironment"/>
    <property name="java.endorsed.dirs" value="/usr/local/openjdk-8/jre/lib/endorsed"/>
    <property name="os.arch" value="amd64"/>
    <property name="java.io.tmpdir" value="/tmp"/>
    <property name="line.separator" value="&#10;"/>
    <property name="java.vm.specification.vendor" value="Oracle Corporation"/>
    <property name="os.name" value="Linux"/>
    <property name="classworlds.conf" value="/usr/share/maven/bin/m2.conf"/>
    <property name="sun.jnu.encoding" value="UTF-8"/>
    <property name="java.library.path" value="/usr/java/packages/lib/amd64:/usr/lib64:/lib64:/lib:/usr/lib"/>
    <property name="license.skip" value="true"/>
    <property name="maven.conf" value="/usr/share/maven/conf"/>
    <property name="java.specification.name" value="Java Platform API Specification"/>
    <property name="java.class.version" value="52.0"/>
    <property name="sun.management.compiler" value="HotSpot 64-Bit Tiered Compilers"/>
    <property name="maven.test.failure.ignore" value="true"/>
    <property name="os.version" value="4.15.0-109-generic"/>
    <property name="library.jansi.path" value="/usr/share/maven/lib/jansi-native"/>
    <property name="user.home" value="/home/jdbl"/>
    <property name="user.timezone" value="Etc/UTC"/>
    <property name="java.awt.printerjob" value="sun.print.PSPrinterJob"/>
    <property name="java.specification.version" value="1.8"/>
    <property name="file.encoding" value="UTF-8"/>
    <property name="user.name" value="jdbl"/>
    <property name="java.class.path" value="/usr/share/maven/boot/plexus-classworlds-2.6.0.jar"/>
    <property name="java.vm.specification.version" value="1.8"/>
    <property name="sun.arch.data.model" value="64"/>
    <property name="java.home" value="/usr/local/openjdk-8/jre"/>
    <property name="sun.java.command" value="org.codehaus.plexus.classworlds.launcher.Launcher test -e --fail-never -ntp -Dmaven.test.failure.ignore=true -B -Dmaven.javadoc.skip=true -Drat.skip=true -Danimal.sniffer.skip=true -Dmaven.javadoc.skip=true -Dlicense.skip=true -Dsource.skip=true"/>
    <property name="java.specification.vendor" value="Oracle Corporation"/>
    <property name="user.language" value="en"/>
    <property name="awt.toolkit" value="sun.awt.X11.XToolkit"/>
    <property name="java.vm.info" value="mixed mode"/>
    <property name="java.version" value="1.8.0_262"/>
    <property name="java.ext.dirs" value="/usr/local/openjdk-8/jre/lib/ext:/usr/java/packages/lib/ext"/>
    <property name="securerandom.source" value="file:/dev/./urandom"/>
    <property name="sun.boot.class.path" value="/usr/local/openjdk-8/jre/lib/resources.jar:/usr/local/openjdk-8/jre/lib/rt.jar:/usr/local/openjdk-8/jre/lib/sunrsasign.jar:/usr/local/openjdk-8/jre/lib/jsse.jar:/usr/local/openjdk-8/jre/lib/jce.jar:/usr/local/openjdk-8/jre/lib/charsets.jar:/usr/local/openjdk-8/jre/lib/jfr.jar:/usr/local/openjdk-8/jre/classes"/>
    <property name="java.vendor" value="Oracle Corporation"/>
    <property name="rat.skip" value="true"/>
    <property name="maven.home" value="/usr/share/maven"/>
    <property name="file.separator" value="/"/>
    <property name="java.vendor.url.bug" value="http://bugreport.sun.com/bugreport/"/>
    <property name="sun.cpu.endian" value="little"/>
    <property name="sun.io.unicode.encoding" value="UnicodeLittle"/>
    <property name="sun.cpu.isalist" value=""/>
  </properties>
  <testcase name="shouldCompileJadeToHtmlWithClasspathTemplateLoader[74.jade]" classname="de.neuland.jade4j.compiler.IssuesTest" time="0"/>
  <testcase name="shouldCompileJadeToHtmlWithReaderTemplateLoader[74.jade]" classname="de.neuland.jade4j.compiler.IssuesTest" time="0"/>
  <testcase name="shouldCompileJadeToHtml[74.jade]" classname="de.neuland.jade4j.compiler.IssuesTest" time="0"/>
  <testcase name="shouldCompileJadeToHtmlWithClasspathTemplateLoader[157.jade]" classname="de.neuland.jade4j.compiler.IssuesTest" time="0.001"/>
  <testcase name="shouldCompileJadeToHtmlWithReaderTemplateLoader[157.jade]" classname="de.neuland.jade4j.compiler.IssuesTest" time="0.003"/>
  <testcase name="shouldCompileJadeToHtml[157.jade]" classname="de.neuland.jade4j.compiler.IssuesTest" time="0.004"/>
  <testcase name="shouldCompileJadeToHtmlWithClasspathTemplateLoader[116.jade]" classname="de.neuland.jade4j.compiler.IssuesTest" time="0"/>
  <testcase name="shouldCompileJadeToHtmlWithReaderTemplateLoader[116.jade]" classname="de.neuland.jade4j.compiler.IssuesTest" time="0.001"/>
  <testcase name="shouldCompileJadeToHtml[116.jade]" classname="de.neuland.jade4j.compiler.IssuesTest" time="0.004"/>
  <testcase name="shouldCompileJadeToHtmlWithClasspathTemplateLoader[124.jade]" classname="de.neuland.jade4j.compiler.IssuesTest" time="0.013"/>
  <testcase name="shouldCompileJadeToHtmlWithReaderTemplateLoader[124.jade]" classname="de.neuland.jade4j.compiler.IssuesTest" time="0.003"/>
  <testcase name="shouldCompileJadeToHtml[124.jade]" classname="de.neuland.jade4j.compiler.IssuesTest" time="0.002"/>
  <testcase name="shouldCompileJadeToHtmlWithClasspathTemplateLoader[78.jade]" classname="de.neuland.jade4j.compiler.IssuesTest" time="0.004"/>
  <testcase name="shouldCompileJadeToHtmlWithReaderTemplateLoader[78.jade]" classname="de.neuland.jade4j.compiler.IssuesTest" time="0.001"/>
  <testcase name="shouldCompileJadeToHtml[78.jade]" classname="de.neuland.jade4j.compiler.IssuesTest" time="0.002"/>
  <testcase name="shouldCompileJadeToHtmlWithClasspathTemplateLoader[118.jade]" classname="de.neuland.jade4j.compiler.IssuesTest" time="0.007"/>
  <testcase name="shouldCompileJadeToHtmlWithReaderTemplateLoader[118.jade]" classname="de.neuland.jade4j.compiler.IssuesTest" time="0.002"/>
  <testcase name="shouldCompileJadeToHtml[118.jade]" classname="de.neuland.jade4j.compiler.IssuesTest" time="0.004"/>
  <testcase name="shouldCompileJadeToHtmlWithClasspathTemplateLoader[73.jade]" classname="de.neuland.jade4j.compiler.IssuesTest" time="0.003"/>
  <testcase name="shouldCompileJadeToHtmlWithReaderTemplateLoader[73.jade]" classname="de.neuland.jade4j.compiler.IssuesTest" time="0.005"/>
  <testcase name="shouldCompileJadeToHtml[73.jade]" classname="de.neuland.jade4j.compiler.IssuesTest" time="0.004"/>
  <testcase name="shouldCompileJadeToHtmlWithClasspathTemplateLoader[120a.jade]" classname="de.neuland.jade4j.compiler.IssuesTest" time="0.004"/>
  <testcase name="shouldCompileJadeToHtmlWithReaderTemplateLoader[120a.jade]" classname="de.neuland.jade4j.compiler.IssuesTest" time="0.013"/>
  <testcase name="shouldCompileJadeToHtml[120a.jade]" classname="de.neuland.jade4j.compiler.IssuesTest" time="0.01"/>
  <testcase name="shouldCompileJadeToHtmlWithClasspathTemplateLoader[135.jade]" classname="de.neuland.jade4j.compiler.IssuesTest" time="0.005"/>
  <testcase name="shouldCompileJadeToHtmlWithReaderTemplateLoader[135.jade]" classname="de.neuland.jade4j.compiler.IssuesTest" time="0"/>
  <testcase name="shouldCompileJadeToHtml[135.jade]" classname="de.neuland.jade4j.compiler.IssuesTest" time="0"/>
  <testcase name="shouldCompileJadeToHtmlWithClasspathTemplateLoader[122.jade]" classname="de.neuland.jade4j.compiler.IssuesTest" time="0"/>
  <testcase name="shouldCompileJadeToHtmlWithReaderTemplateLoader[122.jade]" classname="de.neuland.jade4j.compiler.IssuesTest" time="0.005"/>
  <testcase name="shouldCompileJadeToHtml[122.jade]" classname="de.neuland.jade4j.compiler.IssuesTest" time="0.002"/>
  <testcase name="shouldCompileJadeToHtmlWithClasspathTemplateLoader[52.jade]" classname="de.neuland.jade4j.compiler.IssuesTest" time="0.003"/>
  <testcase name="shouldCompileJadeToHtmlWithReaderTemplateLoader[52.jade]" classname="de.neuland.jade4j.compiler.IssuesTest" time="0.001"/>
  <testcase name="shouldCompileJadeToHtml[52.jade]" classname="de.neuland.jade4j.compiler.IssuesTest" time="0.004"/>
  <testcase name="shouldCompileJadeToHtmlWithClasspathTemplateLoader[153.jade]" classname="de.neuland.jade4j.compiler.IssuesTest" time="0.004"/>
  <testcase name="shouldCompileJadeToHtmlWithReaderTemplateLoader[153.jade]" classname="de.neuland.jade4j.compiler.IssuesTest" time="0.004"/>
  <testcase name="shouldCompileJadeToHtml[153.jade]" classname="de.neuland.jade4j.compiler.IssuesTest" time="0.003"/>
  <testcase name="shouldCompileJadeToHtmlWithClasspathTemplateLoader[104a.jade]" classname="de.neuland.jade4j.compiler.IssuesTest" time="0.004"/>
  <testcase name="shouldCompileJadeToHtmlWithReaderTemplateLoader[104a.jade]" classname="de.neuland.jade4j.compiler.IssuesTest" time="0"/>
  <testcase name="shouldCompileJadeToHtml[104a.jade]" classname="de.neuland.jade4j.compiler.IssuesTest" time="0.004"/>
  <testcase name="shouldCompileJadeToHtmlWithClasspathTemplateLoader[69.jade]" classname="de.neuland.jade4j.compiler.IssuesTest" time="0.004"/>
  <testcase name="shouldCompileJadeToHtmlWithReaderTemplateLoader[69.jade]" classname="de.neuland.jade4j.compiler.IssuesTest" time="0.003"/>
  <testcase name="shouldCompileJadeToHtml[69.jade]" classname="de.neuland.jade4j.compiler.IssuesTest" time="0.003"/>
  <testcase name="shouldCompileJadeToHtmlWithClasspathTemplateLoader[98.jade]" classname="de.neuland.jade4j.compiler.IssuesTest" time="0.003"/>
  <testcase name="shouldCompileJadeToHtmlWithReaderTemplateLoader[98.jade]" classname="de.neuland.jade4j.compiler.IssuesTest" time="0.008"/>
  <testcase name="shouldCompileJadeToHtml[98.jade]" classname="de.neuland.jade4j.compiler.IssuesTest" time="0"/>
  <testcase name="shouldCompileJadeToHtmlWithClasspathTemplateLoader[117.jade]" classname="de.neuland.jade4j.compiler.IssuesTest" time="0"/>
  <testcase name="shouldCompileJadeToHtmlWithReaderTemplateLoader[117.jade]" classname="de.neuland.jade4j.compiler.IssuesTest" time="0.002"/>
  <testcase name="shouldCompileJadeToHtml[117.jade]" classname="de.neuland.jade4j.compiler.IssuesTest" time="0.003"/>
  <testcase name="shouldCompileJadeToHtmlWithClasspathTemplateLoader[114.jade]" classname="de.neuland.jade4j.compiler.IssuesTest" time="0.002"/>
  <testcase name="shouldCompileJadeToHtmlWithReaderTemplateLoader[114.jade]" classname="de.neuland.jade4j.compiler.IssuesTest" time="0.002"/>
  <testcase name="shouldCompileJadeToHtml[114.jade]" classname="de.neuland.jade4j.compiler.IssuesTest" time="0.002"/>
  <testcase name="shouldCompileJadeToHtmlWithClasspathTemplateLoader[100.jade]" classname="de.neuland.jade4j.compiler.IssuesTest" time="0.006"/>
  <testcase name="shouldCompileJadeToHtmlWithReaderTemplateLoader[100.jade]" classname="de.neuland.jade4j.compiler.IssuesTest" time="0.001"/>
  <testcase name="shouldCompileJadeToHtml[100.jade]" classname="de.neuland.jade4j.compiler.IssuesTest" time="0.001"/>
  <testcase name="shouldCompileJadeToHtmlWithClasspathTemplateLoader[56.jade]" classname="de.neuland.jade4j.compiler.IssuesTest" time="0.006"/>
  <testcase name="shouldCompileJadeToHtmlWithReaderTemplateLoader[56.jade]" classname="de.neuland.jade4j.compiler.IssuesTest" time="0"/>
  <testcase name="shouldCompileJadeToHtml[56.jade]" classname="de.neuland.jade4j.compiler.IssuesTest" time="0.004"/>
  <testcase name="shouldCompileJadeToHtmlWithClasspathTemplateLoader[132.jade]" classname="de.neuland.jade4j.compiler.IssuesTest" time="0.013"/>
  <testcase name="shouldCompileJadeToHtmlWithReaderTemplateLoader[132.jade]" classname="de.neuland.jade4j.compiler.IssuesTest" time="0.008"/>
  <testcase name="shouldCompileJadeToHtml[132.jade]" classname="de.neuland.jade4j.compiler.IssuesTest" time="0.008"/>
  <testcase name="shouldCompileJadeToHtmlWithClasspathTemplateLoader[155.jade]" classname="de.neuland.jade4j.compiler.IssuesTest" time="0.004"/>
  <testcase name="shouldCompileJadeToHtmlWithReaderTemplateLoader[155.jade]" classname="de.neuland.jade4j.compiler.IssuesTest" time="0.004"/>
  <testcase name="shouldCompileJadeToHtml[155.jade]" classname="de.neuland.jade4j.compiler.IssuesTest" time="0.004"/>
  <testcase name="shouldCompileJadeToHtmlWithClasspathTemplateLoader[81.jade]" classname="de.neuland.jade4j.compiler.IssuesTest" time="0.002"/>
  <testcase name="shouldCompileJadeToHtmlWithReaderTemplateLoader[81.jade]" classname="de.neuland.jade4j.compiler.IssuesTest" time="0.005"/>
  <testcase name="shouldCompileJadeToHtml[81.jade]" classname="de.neuland.jade4j.compiler.IssuesTest" time="0"/>
  <testcase name="shouldCompileJadeToHtmlWithClasspathTemplateLoader[176.jade]" classname="de.neuland.jade4j.compiler.IssuesTest" time="0.001"/>
  <testcase name="shouldCompileJadeToHtmlWithReaderTemplateLoader[176.jade]" classname="de.neuland.jade4j.compiler.IssuesTest" time="0.001"/>
  <testcase name="shouldCompileJadeToHtml[176.jade]" classname="de.neuland.jade4j.compiler.IssuesTest" time="0.001"/>
  <testcase name="shouldCompileJadeToHtmlWithClasspathTemplateLoader[123.jade]" classname="de.neuland.jade4j.compiler.IssuesTest" time="0.002"/>
  <testcase name="shouldCompileJadeToHtmlWithReaderTemplateLoader[123.jade]" classname="de.neuland.jade4j.compiler.IssuesTest" time="0"/>
  <testcase name="shouldCompileJadeToHtml[123.jade]" classname="de.neuland.jade4j.compiler.IssuesTest" time="0.002"/>
  <testcase name="shouldCompileJadeToHtmlWithClasspathTemplateLoader[129b.jade]" classname="de.neuland.jade4j.compiler.IssuesTest" time="0.002"/>
  <testcase name="shouldCompileJadeToHtmlWithReaderTemplateLoader[129b.jade]" classname="de.neuland.jade4j.compiler.IssuesTest" time="0.002"/>
  <testcase name="shouldCompileJadeToHtml[129b.jade]" classname="de.neuland.jade4j.compiler.IssuesTest" time="0.001"/>
  <testcase name="shouldCompileJadeToHtmlWithClasspathTemplateLoader[98b.jade]" classname="de.neuland.jade4j.compiler.IssuesTest" time="0.002"/>
  <testcase name="shouldCompileJadeToHtmlWithReaderTemplateLoader[98b.jade]" classname="de.neuland.jade4j.compiler.IssuesTest" time="0.001"/>
  <testcase name="shouldCompileJadeToHtml[98b.jade]" classname="de.neuland.jade4j.compiler.IssuesTest" time="0.002"/>
  <testcase name="shouldCompileJadeToHtmlWithClasspathTemplateLoader[70.jade]" classname="de.neuland.jade4j.compiler.IssuesTest" time="0.005"/>
  <testcase name="shouldCompileJadeToHtmlWithReaderTemplateLoader[70.jade]" classname="de.neuland.jade4j.compiler.IssuesTest" time="0.005"/>
  <testcase name="shouldCompileJadeToHtml[70.jade]" classname="de.neuland.jade4j.compiler.IssuesTest" time="0.005"/>
  <testcase name="shouldCompileJadeToHtmlWithClasspathTemplateLoader[193.jade]" classname="de.neuland.jade4j.compiler.IssuesTest" time="0.004"/>
  <testcase name="shouldCompileJadeToHtmlWithReaderTemplateLoader[193.jade]" classname="de.neuland.jade4j.compiler.IssuesTest" time="0.003"/>
  <testcase name="shouldCompileJadeToHtml[193.jade]" classname="de.neuland.jade4j.compiler.IssuesTest" time="0.002"/>
  <testcase name="shouldCompileJadeToHtmlWithClasspathTemplateLoader[00c.jade]" classname="de.neuland.jade4j.compiler.IssuesTest" time="0.01"/>
  <testcase name="shouldCompileJadeToHtmlWithReaderTemplateLoader[00c.jade]" classname="de.neuland.jade4j.compiler.IssuesTest" time="0.009"/>
  <testcase name="shouldCompileJadeToHtml[00c.jade]" classname="de.neuland.jade4j.compiler.IssuesTest" time="0.01"/>
  <testcase name="shouldCompileJadeToHtmlWithClasspathTemplateLoader[00b.jade]" classname="de.neuland.jade4j.compiler.IssuesTest" time="0.009"/>
  <testcase name="shouldCompileJadeToHtmlWithReaderTemplateLoader[00b.jade]" classname="de.neuland.jade4j.compiler.IssuesTest" time="0.009"/>
  <testcase name="shouldCompileJadeToHtml[00b.jade]" classname="de.neuland.jade4j.compiler.IssuesTest" time="0.007"/>
  <testcase name="shouldCompileJadeToHtmlWithClasspathTemplateLoader[68.jade]" classname="de.neuland.jade4j.compiler.IssuesTest" time="0.001"/>
  <testcase name="shouldCompileJadeToHtmlWithReaderTemplateLoader[68.jade]" classname="de.neuland.jade4j.compiler.IssuesTest" time="0.002"/>
  <testcase name="shouldCompileJadeToHtml[68.jade]" classname="de.neuland.jade4j.compiler.IssuesTest" time="0.001"/>
  <testcase name="shouldCompileJadeToHtmlWithClasspathTemplateLoader[97.jade]" classname="de.neuland.jade4j.compiler.IssuesTest" time="0.002"/>
  <testcase name="shouldCompileJadeToHtmlWithReaderTemplateLoader[97.jade]" classname="de.neuland.jade4j.compiler.IssuesTest" time="0.003"/>
  <testcase name="shouldCompileJadeToHtml[97.jade]" classname="de.neuland.jade4j.compiler.IssuesTest" time="0.003"/>
  <testcase name="shouldCompileJadeToHtmlWithClasspathTemplateLoader[107.jade]" classname="de.neuland.jade4j.compiler.IssuesTest" time="0.059"/>
  <testcase name="shouldCompileJadeToHtmlWithReaderTemplateLoader[107.jade]" classname="de.neuland.jade4j.compiler.IssuesTest" time="0.003"/>
  <testcase name="shouldCompileJadeToHtml[107.jade]" classname="de.neuland.jade4j.compiler.IssuesTest" time="0.004"/>
  <testcase name="shouldCompileJadeToHtmlWithClasspathTemplateLoader[125.jade]" classname="de.neuland.jade4j.compiler.IssuesTest" time="0.003"/>
  <testcase name="shouldCompileJadeToHtmlWithReaderTemplateLoader[125.jade]" classname="de.neuland.jade4j.compiler.IssuesTest" time="0.002"/>
  <testcase name="shouldCompileJadeToHtml[125.jade]" classname="de.neuland.jade4j.compiler.IssuesTest" time="0.003"/>
  <testcase name="shouldCompileJadeToHtmlWithClasspathTemplateLoader[115.jade]" classname="de.neuland.jade4j.compiler.IssuesTest" time="0.002"/>
  <testcase name="shouldCompileJadeToHtmlWithReaderTemplateLoader[115.jade]" classname="de.neuland.jade4j.compiler.IssuesTest" time="0.002"/>
  <testcase name="shouldCompileJadeToHtml[115.jade]" classname="de.neuland.jade4j.compiler.IssuesTest" time="0.002"/>
  <testcase name="shouldCompileJadeToHtmlWithClasspathTemplateLoader[65.jade]" classname="de.neuland.jade4j.compiler.IssuesTest" time="0.002"/>
  <testcase name="shouldCompileJadeToHtmlWithReaderTemplateLoader[65.jade]" classname="de.neuland.jade4j.compiler.IssuesTest" time="0.001"/>
  <testcase name="shouldCompileJadeToHtml[65.jade]" classname="de.neuland.jade4j.compiler.IssuesTest" time="0.001"/>
  <testcase name="shouldCompileJadeToHtmlWithClasspathTemplateLoader[101.jade]" classname="de.neuland.jade4j.compiler.IssuesTest" time="0.001"/>
  <testcase name="shouldCompileJadeToHtmlWithReaderTemplateLoader[101.jade]" classname="de.neuland.jade4j.compiler.IssuesTest" time="0.002"/>
  <testcase name="shouldCompileJadeToHtml[101.jade]" classname="de.neuland.jade4j.compiler.IssuesTest" time="0.001"/>
  <testcase name="shouldCompileJadeToHtmlWithClasspathTemplateLoader[126.jade]" classname="de.neuland.jade4j.compiler.IssuesTest" time="0.173"/>
  <testcase name="shouldCompileJadeToHtmlWithReaderTemplateLoader[126.jade]" classname="de.neuland.jade4j.compiler.IssuesTest" time="0.003"/>
  <testcase name="shouldCompileJadeToHtml[126.jade]" classname="de.neuland.jade4j.compiler.IssuesTest" time="0.003"/>
  <testcase name="shouldCompileJadeToHtmlWithClasspathTemplateLoader[141.jade]" classname="de.neuland.jade4j.compiler.IssuesTest" time="0.006"/>
  <testcase name="shouldCompileJadeToHtmlWithReaderTemplateLoader[141.jade]" classname="de.neuland.jade4j.compiler.IssuesTest" time="0.004"/>
  <testcase name="shouldCompileJadeToHtml[141.jade]" classname="de.neuland.jade4j.compiler.IssuesTest" time="0.003"/>
  <testcase name="shouldCompileJadeToHtmlWithClasspathTemplateLoader[129.jade]" classname="de.neuland.jade4j.compiler.IssuesTest" time="0.006"/>
  <testcase name="shouldCompileJadeToHtmlWithReaderTemplateLoader[129.jade]" classname="de.neuland.jade4j.compiler.IssuesTest" time="0"/>
  <testcase name="shouldCompileJadeToHtml[129.jade]" classname="de.neuland.jade4j.compiler.IssuesTest" time="0"/>
  <testcase name="shouldCompileJadeToHtmlWithClasspathTemplateLoader[172.jade]" classname="de.neuland.jade4j.compiler.IssuesTest" time="0.006"/>
  <testcase name="shouldCompileJadeToHtmlWithReaderTemplateLoader[172.jade]" classname="de.neuland.jade4j.compiler.IssuesTest" time="0.003"/>
  <testcase name="shouldCompileJadeToHtml[172.jade]" classname="de.neuland.jade4j.compiler.IssuesTest" time="0.007"/>
  <testcase name="shouldCompileJadeToHtmlWithClasspathTemplateLoader[191.jade]" classname="de.neuland.jade4j.compiler.IssuesTest" time="0.005"/>
  <testcase name="shouldCompileJadeToHtmlWithReaderTemplateLoader[191.jade]" classname="de.neuland.jade4j.compiler.IssuesTest" time="0.008"/>
  <testcase name="shouldCompileJadeToHtml[191.jade]" classname="de.neuland.jade4j.compiler.IssuesTest" time="0.007"/>
  <testcase name="shouldCompileJadeToHtmlWithClasspathTemplateLoader[120b.jade]" classname="de.neuland.jade4j.compiler.IssuesTest" time="0.003"/>
  <testcase name="shouldCompileJadeToHtmlWithReaderTemplateLoader[120b.jade]" classname="de.neuland.jade4j.compiler.IssuesTest" time="0"/>
  <testcase name="shouldCompileJadeToHtml[120b.jade]" classname="de.neuland.jade4j.compiler.IssuesTest" time="0.001"/>
  <testcase name="shouldCompileJadeToHtmlWithClasspathTemplateLoader[00.jade]" classname="de.neuland.jade4j.compiler.IssuesTest" time="0.005"/>
  <testcase name="shouldCompileJadeToHtmlWithReaderTemplateLoader[00.jade]" classname="de.neuland.jade4j.compiler.IssuesTest" time="0.008"/>
  <testcase name="shouldCompileJadeToHtml[00.jade]" classname="de.neuland.jade4j.compiler.IssuesTest" time="0.006"/>
  <testcase name="shouldCompileJadeToHtmlWithClasspathTemplateLoader[104b.jade]" classname="de.neuland.jade4j.compiler.IssuesTest" time="0.003"/>
  <testcase name="shouldCompileJadeToHtmlWithReaderTemplateLoader[104b.jade]" classname="de.neuland.jade4j.compiler.IssuesTest" time="0"/>
  <testcase name="shouldCompileJadeToHtml[104b.jade]" classname="de.neuland.jade4j.compiler.IssuesTest" time="0.002"/>
  <testcase name="shouldCompileJadeToHtmlWithClasspathTemplateLoader[143.jade]" classname="de.neuland.jade4j.compiler.IssuesTest" time="0.004"/>
  <testcase name="shouldCompileJadeToHtmlWithReaderTemplateLoader[143.jade]" classname="de.neuland.jade4j.compiler.IssuesTest" time="0.012"/>
  <testcase name="shouldCompileJadeToHtml[143.jade]" classname="de.neuland.jade4j.compiler.IssuesTest" time="0.003"/>
  <testcase name="shouldCompileJadeToHtmlWithClasspathTemplateLoader[43.jade]" classname="de.neuland.jade4j.compiler.IssuesTest" time="0.001"/>
  <testcase name="shouldCompileJadeToHtmlWithReaderTemplateLoader[43.jade]" classname="de.neuland.jade4j.compiler.IssuesTest" time="0"/>
  <testcase name="shouldCompileJadeToHtml[43.jade]" classname="de.neuland.jade4j.compiler.IssuesTest" time="0.001"/>
  <testcase name="shouldCompileJadeToHtmlWithClasspathTemplateLoader[00a.jade]" classname="de.neuland.jade4j.compiler.IssuesTest" time="0.008"/>
  <testcase name="shouldCompileJadeToHtmlWithReaderTemplateLoader[00a.jade]" classname="de.neuland.jade4j.compiler.IssuesTest" time="0.016"/>
  <testcase name="shouldCompileJadeToHtml[00a.jade]" classname="de.neuland.jade4j.compiler.IssuesTest" time="0.023"/>
  <testcase name="shouldCompileJadeToHtmlWithClasspathTemplateLoader[113.jade]" classname="de.neuland.jade4j.compiler.IssuesTest" time="0.003"/>
  <testcase name="shouldCompileJadeToHtmlWithReaderTemplateLoader[113.jade]" classname="de.neuland.jade4j.compiler.IssuesTest" time="0.007"/>
  <testcase name="shouldCompileJadeToHtml[113.jade]" classname="de.neuland.jade4j.compiler.IssuesTest" time="0.003"/>
</testsuite>