<?xml version="1.0" encoding="UTF-8"?>
<testsuite xmlns:xsi="http://www.w3.org/2001/XMLSchema-instance" xsi:schemaLocation="https://maven.apache.org/surefire/maven-surefire-plugin/xsd/surefire-test-report.xsd" name="com.bigchaindb.api.BlocksApiTest" time="2.079" tests="4" errors="0" skipped="1" failures="0">
  <properties>
    <property name="java.runtime.name" value="OpenJDK Runtime Environment"/>
    <property name="sun.boot.library.path" value="/usr/local/openjdk-8/jre/lib/amd64"/>
    <property name="java.vm.version" value="25.262-b10"/>
    <property name="animal.sniffer.skip" value="true"/>
    <property name="java.vm.vendor" value="Oracle Corporation"/>
    <property name="maven.multiModuleProjectDirectory" value="/tmp/tmpwwg45rk2/java-bigchaindb-driver"/>
    <property name="maven.javadoc.skip" value="true"/>
    <property name="java.vendor.url" value="http://java.oracle.com/"/>
    <property name="path.separator" value=":"/>
    <property name="guice.disable.misplaced.annotation.check" value="true"/>
    <property name="java.vm.name" value="OpenJDK 64-Bit Server VM"/>
    <property name="file.encoding.pkg" value="sun.io"/>
    <property name="sun.java.launcher" value="SUN_STANDARD"/>
    <property name="sun.os.patch.level" value="unknown"/>
    <property name="source.skip" value="true"/>
    <property name="java.vm.specification.name" value="Java Virtual Machine Specification"/>
    <property name="user.dir" value="/tmp/tmpwwg45rk2/java-bigchaindb-driver"/>
    <property name="java.runtime.version" value="1.8.0_262-b10"/>
    <property name="java.awt.graphicsenv" value="sun.awt.X11GraphicsEnvironment"/>
    <property name="java.endorsed.dirs" value="/usr/local/openjdk-8/jre/lib/endorsed"/>
    <property name="os.arch" value="amd64"/>
    <property name="java.io.tmpdir" value="/tmp"/>
    <property name="line.separator" value="&#10;"/>
    <property name="java.vm.specification.vendor" value="Oracle Corporation"/>
    <property name="os.name" value="Linux"/>
    <property name="classworlds.conf" value="/usr/share/maven/bin/m2.conf"/>
    <property name="sun.jnu.encoding" value="UTF-8"/>
    <property name="java.library.path" value="/usr/java/packages/lib/amd64:/usr/lib64:/lib64:/lib:/usr/lib"/>
    <property name="license.skip" value="true"/>
    <property name="maven.conf" value="/usr/share/maven/conf"/>
    <property name="java.specification.name" value="Java Platform API Specification"/>
    <property name="java.class.version" value="52.0"/>
    <property name="sun.management.compiler" value="HotSpot 64-Bit Tiered Compilers"/>
    <property name="maven.test.failure.ignore" value="true"/>
    <property name="os.version" value="4.15.0-109-generic"/>
    <property name="library.jansi.path" value="/usr/share/maven/lib/jansi-native"/>
    <property name="user.home" value="/home/jdbl"/>
    <property name="user.timezone" value="Etc/UTC"/>
    <property name="java.awt.printerjob" value="sun.print.PSPrinterJob"/>
    <property name="java.specification.version" value="1.8"/>
    <property name="file.encoding" value="UTF-8"/>
    <property name="user.name" value="jdbl"/>
    <property name="java.class.path" value="/usr/share/maven/boot/plexus-classworlds-2.6.0.jar"/>
    <property name="java.vm.specification.version" value="1.8"/>
    <property name="sun.arch.data.model" value="64"/>
    <property name="java.home" value="/usr/local/openjdk-8/jre"/>
    <property name="sun.java.command" value="org.codehaus.plexus.classworlds.launcher.Launcher test -e --fail-never -ntp -Dmaven.test.failure.ignore=true -B -Dmaven.javadoc.skip=true -Drat.skip=true -Danimal.sniffer.skip=true -Dmaven.javadoc.skip=true -Dlicense.skip=true -Dsource.skip=true"/>
    <property name="java.specification.vendor" value="Oracle Corporation"/>
    <property name="user.language" value="en"/>
    <property name="awt.toolkit" value="sun.awt.X11.XToolkit"/>
    <property name="java.vm.info" value="mixed mode"/>
    <property name="java.version" value="1.8.0_262"/>
    <property name="java.ext.dirs" value="/usr/local/openjdk-8/jre/lib/ext:/usr/java/packages/lib/ext"/>
    <property name="securerandom.source" value="file:/dev/./urandom"/>
    <property name="sun.boot.class.path" value="/usr/local/openjdk-8/jre/lib/resources.jar:/usr/local/openjdk-8/jre/lib/rt.jar:/usr/local/openjdk-8/jre/lib/sunrsasign.jar:/usr/local/openjdk-8/jre/lib/jsse.jar:/usr/local/openjdk-8/jre/lib/jce.jar:/usr/local/openjdk-8/jre/lib/charsets.jar:/usr/local/openjdk-8/jre/lib/jfr.jar:/usr/local/openjdk-8/jre/classes"/>
    <property name="java.vendor" value="Oracle Corporation"/>
    <property name="rat.skip" value="true"/>
    <property name="maven.home" value="/usr/share/maven"/>
    <property name="file.separator" value="/"/>
    <property name="java.vendor.url.bug" value="http://bugreport.sun.com/bugreport/"/>
    <property name="sun.cpu.endian" value="little"/>
    <property name="sun.io.unicode.encoding" value="UnicodeLittle"/>
    <property name="sun.cpu.isalist" value=""/>
  </properties>
  <testcase name="testGetBlock" classname="com.bigchaindb.api.BlocksApiTest" time="0">
    <skipped/>
    <system-out><![CDATA[20200730-20:37:52 0    [main] DEBUG org.eclipse.jetty.util.log  - Logging to org.slf4j.impl.Log4jLoggerAdapter(org.eclipse.jetty.util.log) via org.eclipse.jetty.util.log.Slf4jLog
20200730-20:37:52 54   [main] DEBUG org.eclipse.jetty.util.component.Container  - Container org.eclipse.jetty.server.Server@439a8f59 + SelectChannelConnector@0.0.0.0:0 as connector
20200730-20:37:52 64   [main] DEBUG net.jadler.JadlerMocker  - starting the underlying stub server...
20200730-20:37:52 66   [main] DEBUG org.eclipse.jetty.util.component.Container  - Container org.eclipse.jetty.server.Server@439a8f59 + net.jadler.stubbing.server.jetty.JadlerHandler@549621f3 as handler
20200730-20:37:52 66   [main] DEBUG net.jadler.stubbing.server.jetty.JettyStubHttpServer  - starting jetty
20200730-20:37:52 67   [main] DEBUG org.eclipse.jetty.util.component.AbstractLifeCycle  - starting org.eclipse.jetty.server.Server@439a8f59
20200730-20:37:52 70   [main] INFO  org.eclipse.jetty.server.Server  - jetty-8.1.11.v20130520
20200730-20:37:52 110  [main] DEBUG org.eclipse.jetty.util.component.Container  - Container org.eclipse.jetty.server.Server@439a8f59 + qtp967460257{8<=0<=0/254,-1} as threadpool
20200730-20:37:52 110  [main] DEBUG org.eclipse.jetty.util.component.AbstractLifeCycle  - starting net.jadler.stubbing.server.jetty.JadlerHandler@549621f3
20200730-20:37:52 110  [main] DEBUG org.eclipse.jetty.server.handler.AbstractHandler  - starting net.jadler.stubbing.server.jetty.JadlerHandler@549621f3
20200730-20:37:52 111  [main] DEBUG org.eclipse.jetty.util.component.AbstractLifeCycle  - STARTED net.jadler.stubbing.server.jetty.JadlerHandler@549621f3
20200730-20:37:52 111  [main] DEBUG org.eclipse.jetty.server.handler.AbstractHandler  - starting org.eclipse.jetty.server.Server@439a8f59
20200730-20:37:52 111  [main] DEBUG org.eclipse.jetty.util.component.AbstractLifeCycle  - starting qtp967460257{8<=0<=0/254,-1}
20200730-20:37:52 123  [main] DEBUG org.eclipse.jetty.util.component.AbstractLifeCycle  - STARTED qtp967460257{8<=7<=8/254,0}
20200730-20:37:52 123  [main] DEBUG org.eclipse.jetty.util.component.AbstractLifeCycle  - starting SelectChannelConnector@0.0.0.0:0
20200730-20:37:52 128  [main] DEBUG org.eclipse.jetty.util.component.AbstractLifeCycle  - starting null/null
20200730-20:37:52 132  [main] DEBUG org.eclipse.jetty.util.component.AbstractLifeCycle  - STARTED PooledBuffers [0/1024@6144,0/1024@16384,0/1024@-]/PooledBuffers [0/1024@6144,0/1024@32768,0/1024@-]
20200730-20:37:52 132  [main] DEBUG org.eclipse.jetty.util.component.AbstractLifeCycle  - starting org.eclipse.jetty.server.nio.SelectChannelConnector$ConnectorSelectorManager@73eb8672
20200730-20:37:52 184  [main] DEBUG org.eclipse.jetty.util.component.AbstractLifeCycle  - STARTED org.eclipse.jetty.server.nio.SelectChannelConnector$ConnectorSelectorManager@73eb8672
20200730-20:37:52 185  [qtp967460257-25 Selector0] DEBUG org.eclipse.jetty.io.nio  - Starting Thread[qtp967460257-25 Selector0,5,main] on org.eclipse.jetty.io.nio.SelectorManager$1@3e85cbac
20200730-20:37:52 185  [qtp967460257-26 Selector1] DEBUG org.eclipse.jetty.io.nio  - Starting Thread[qtp967460257-26 Selector1,5,main] on org.eclipse.jetty.io.nio.SelectorManager$1@6c940f50
20200730-20:37:52 187  [qtp967460257-33 Selector3] DEBUG org.eclipse.jetty.io.nio  - Starting Thread[qtp967460257-33 Selector3,5,main] on org.eclipse.jetty.io.nio.SelectorManager$1@248489b6
20200730-20:37:52 191  [qtp967460257-28 Selector4] DEBUG org.eclipse.jetty.io.nio  - Starting Thread[qtp967460257-28 Selector4,5,main] on org.eclipse.jetty.io.nio.SelectorManager$1@103f8318
20200730-20:37:52 191  [qtp967460257-27 Selector2] DEBUG org.eclipse.jetty.io.nio  - Starting Thread[qtp967460257-27 Selector2,5,main] on org.eclipse.jetty.io.nio.SelectorManager$1@35ba16c3
20200730-20:37:52 195  [qtp967460257-34 Selector6] DEBUG org.eclipse.jetty.io.nio  - Starting Thread[qtp967460257-34 Selector6,5,main] on org.eclipse.jetty.io.nio.SelectorManager$1@57814e14
20200730-20:37:52 203  [qtp967460257-29 Selector5] DEBUG org.eclipse.jetty.io.nio  - Starting Thread[qtp967460257-29 Selector5,5,main] on org.eclipse.jetty.io.nio.SelectorManager$1@119b174e
20200730-20:37:52 203  [qtp967460257-35 Selector8] DEBUG org.eclipse.jetty.io.nio  - Starting Thread[qtp967460257-35 Selector8,5,main] on org.eclipse.jetty.io.nio.SelectorManager$1@1acaf0be
20200730-20:37:52 203  [qtp967460257-30 Selector7] DEBUG org.eclipse.jetty.io.nio  - Starting Thread[qtp967460257-30 Selector7,5,main] on org.eclipse.jetty.io.nio.SelectorManager$1@24c754c7
20200730-20:37:52 217  [main] INFO  org.eclipse.jetty.server.AbstractConnector  - Started SelectChannelConnector@0.0.0.0:41565
20200730-20:37:52 218  [main] DEBUG org.eclipse.jetty.util.component.AbstractLifeCycle  - STARTED SelectChannelConnector@0.0.0.0:41565
20200730-20:37:52 218  [main] DEBUG org.eclipse.jetty.util.component.AbstractLifeCycle  - STARTED org.eclipse.jetty.server.Server@439a8f59
20200730-20:37:52 218  [main] DEBUG net.jadler.stubbing.server.jetty.JettyStubHttpServer  - jetty started
20200730-20:37:52 219  [main] DEBUG net.jadler.JadlerMocker  - adding new stubbing...
20200730-20:37:52 232  [main] DEBUG net.jadler.JadlerMocker  - adding new stubbing...
20200730-20:37:52 232  [main] DEBUG net.jadler.JadlerMocker  - adding new stubbing...
20200730-20:37:52 234  [main] DEBUG net.jadler.JadlerMocker  - adding new stubbing...
20200730-20:37:52 234  [main] DEBUG net.jadler.JadlerMocker  - adding new stubbing...
20200730-20:37:52 234  [main] DEBUG net.jadler.JadlerMocker  - adding new stubbing...
20200730-20:37:52 235  [main] DEBUG net.jadler.JadlerMocker  - adding new stubbing...
20200730-20:37:52 235  [main] DEBUG net.jadler.JadlerMocker  - adding new stubbing...
20200730-20:37:52 235  [main] DEBUG net.jadler.JadlerMocker  - adding new stubbing...
20200730-20:37:52 235  [main] DEBUG net.jadler.JadlerMocker  - adding new stubbing...
20200730-20:37:52 235  [main] DEBUG net.jadler.JadlerMocker  - adding new stubbing...
20200730-20:37:52 236  [main] DEBUG net.jadler.JadlerMocker  - adding new stubbing...
20200730-20:37:52 236  [main] DEBUG net.jadler.JadlerMocker  - adding new stubbing...
20200730-20:37:52 236  [main] DEBUG net.jadler.JadlerMocker  - adding new stubbing...
20200730-20:37:53 1000 [qtp967460257-25 Selector0] DEBUG org.eclipse.jetty.io.nio  - created SCEP@598e004e{l(/127.0.0.1:58802)<->r(/127.0.0.1:41565),s=0,open=true,ishut=false,oshut=false,rb=false,wb=false,w=true,i=0}-{AsyncHttpConnection@23607a20,g=HttpGenerator{s=0,h=-1,b=-1,c=-1},p=HttpParser{s=-14,l=0,c=0},r=0}
20200730-20:37:53 1003 [qtp967460257-44] DEBUG org.eclipse.jetty.http.HttpParser  - filled 181/181
20200730-20:37:53 1013 [qtp967460257-44 - /api/v1] DEBUG org.eclipse.jetty.server.Server  - REQUEST /api/v1 on AsyncHttpConnection@23607a20,g=HttpGenerator{s=0,h=-1,b=-1,c=-1},p=HttpParser{s=-5,l=12,c=0},r=1
20200730-20:37:53 1129 [qtp967460257-44 - /api/v1] DEBUG net.jadler.JadlerMocker  - Following rule will be applied:
WHEN request (
  method is equalToIgnoringCase("GET") AND
  Path is "/api/v1")
THEN respond with status=200, body={
  "asset..., encoding=UTF-8, headers=(), delay=0 milliseconds
20200730-20:37:53 1137 [qtp967460257-44 - /api/v1] DEBUG org.eclipse.jetty.server.Server  - RESPONSE /api/v1  200 handled=true
20200730-20:37:53 1139 [qtp967460257-44] DEBUG org.eclipse.jetty.server.AsyncHttpConnection  - Enabled read interest SCEP@598e004e{l(/127.0.0.1:58802)<->r(/127.0.0.1:41565),s=1,open=true,ishut=false,oshut=false,rb=false,wb=false,w=true,i=0r}-{AsyncHttpConnection@23607a20,g=HttpGenerator{s=4,h=0,b=0,c=-1},p=HttpParser{s=0,l=12,c=0},r=1}
20200730-20:37:53 1143 [qtp967460257-44] DEBUG org.eclipse.jetty.http.HttpParser  - filled 0/0
20200730-20:37:53 1230 [main] INFO  com.bigchaindb.builders.BigchainDbConfigBuilder  - Connected to node - http://localhost:41565 after 0 retry(s)...
]]></system-out>
  </testcase>
  <testcase name="testGetBlockByTransactionId" classname="com.bigchaindb.api.BlocksApiTest" time="0.011"/>
  <testcase name="testApiEndpoints" classname="com.bigchaindb.api.BlocksApiTest" time="0"/>
  <testcase name="testBigChainDBGlobals" classname="com.bigchaindb.api.BlocksApiTest" time="0"/>
</testsuite>