<?xml version="1.0" encoding="UTF-8"?>
<testsuite xmlns:xsi="http://www.w3.org/2001/XMLSchema-instance" xsi:schemaLocation="https://maven.apache.org/surefire/maven-surefire-plugin/xsd/surefire-test-report.xsd" name="com.github.davidmoten.rtree.RTreeTest" time="19.391" tests="87" errors="0" skipped="0" failures="0">
  <properties>
    <property name="java.runtime.name" value="OpenJDK Runtime Environment"/>
    <property name="sun.boot.library.path" value="/usr/local/openjdk-8/jre/lib/amd64"/>
    <property name="java.vm.version" value="25.262-b10"/>
    <property name="animal.sniffer.skip" value="true"/>
    <property name="java.vm.vendor" value="Oracle Corporation"/>
    <property name="maven.multiModuleProjectDirectory" value="/tmp/tmp6g92wsev/rtree"/>
    <property name="maven.javadoc.skip" value="true"/>
    <property name="java.vendor.url" value="http://java.oracle.com/"/>
    <property name="path.separator" value=":"/>
    <property name="guice.disable.misplaced.annotation.check" value="true"/>
    <property name="java.vm.name" value="OpenJDK 64-Bit Server VM"/>
    <property name="file.encoding.pkg" value="sun.io"/>
    <property name="sun.java.launcher" value="SUN_STANDARD"/>
    <property name="sun.os.patch.level" value="unknown"/>
    <property name="source.skip" value="true"/>
    <property name="java.vm.specification.name" value="Java Virtual Machine Specification"/>
    <property name="user.dir" value="/tmp/tmp6g92wsev/rtree"/>
    <property name="java.runtime.version" value="1.8.0_262-b10"/>
    <property name="java.awt.graphicsenv" value="sun.awt.X11GraphicsEnvironment"/>
    <property name="java.endorsed.dirs" value="/usr/local/openjdk-8/jre/lib/endorsed"/>
    <property name="os.arch" value="amd64"/>
    <property name="java.io.tmpdir" value="/tmp"/>
    <property name="line.separator" value="&#10;"/>
    <property name="java.vm.specification.vendor" value="Oracle Corporation"/>
    <property name="os.name" value="Linux"/>
    <property name="classworlds.conf" value="/usr/share/maven/bin/m2.conf"/>
    <property name="sun.jnu.encoding" value="UTF-8"/>
    <property name="java.library.path" value="/usr/java/packages/lib/amd64:/usr/lib64:/lib64:/lib:/usr/lib"/>
    <property name="license.skip" value="true"/>
    <property name="maven.conf" value="/usr/share/maven/conf"/>
    <property name="java.specification.name" value="Java Platform API Specification"/>
    <property name="java.class.version" value="52.0"/>
    <property name="sun.management.compiler" value="HotSpot 64-Bit Tiered Compilers"/>
    <property name="maven.test.failure.ignore" value="true"/>
    <property name="os.version" value="4.15.0-109-generic"/>
    <property name="library.jansi.path" value="/usr/share/maven/lib/jansi-native"/>
    <property name="user.home" value="/home/jdbl"/>
    <property name="user.timezone" value="Etc/UTC"/>
    <property name="java.awt.printerjob" value="sun.print.PSPrinterJob"/>
    <property name="java.specification.version" value="1.8"/>
    <property name="file.encoding" value="UTF-8"/>
    <property name="user.name" value="jdbl"/>
    <property name="java.class.path" value="/usr/share/maven/boot/plexus-classworlds-2.6.0.jar"/>
    <property name="java.vm.specification.version" value="1.8"/>
    <property name="sun.arch.data.model" value="64"/>
    <property name="java.home" value="/usr/local/openjdk-8/jre"/>
    <property name="sun.java.command" value="org.codehaus.plexus.classworlds.launcher.Launcher test -e --fail-never -ntp -Dmaven.test.failure.ignore=true -B -Dmaven.javadoc.skip=true -Drat.skip=true -Danimal.sniffer.skip=true -Dmaven.javadoc.skip=true -Dlicense.skip=true -Dsource.skip=true"/>
    <property name="java.specification.vendor" value="Oracle Corporation"/>
    <property name="user.language" value="en"/>
    <property name="awt.toolkit" value="sun.awt.X11.XToolkit"/>
    <property name="java.vm.info" value="mixed mode"/>
    <property name="java.version" value="1.8.0_262"/>
    <property name="java.ext.dirs" value="/usr/local/openjdk-8/jre/lib/ext:/usr/java/packages/lib/ext"/>
    <property name="securerandom.source" value="file:/dev/./urandom"/>
    <property name="sun.boot.class.path" value="/usr/local/openjdk-8/jre/lib/resources.jar:/usr/local/openjdk-8/jre/lib/rt.jar:/usr/local/openjdk-8/jre/lib/sunrsasign.jar:/usr/local/openjdk-8/jre/lib/jsse.jar:/usr/local/openjdk-8/jre/lib/jce.jar:/usr/local/openjdk-8/jre/lib/charsets.jar:/usr/local/openjdk-8/jre/lib/jfr.jar:/usr/local/openjdk-8/jre/classes"/>
    <property name="java.vendor" value="Oracle Corporation"/>
    <property name="rat.skip" value="true"/>
    <property name="maven.home" value="/usr/share/maven"/>
    <property name="file.separator" value="/"/>
    <property name="java.vendor.url.bug" value="http://bugreport.sun.com/bugreport/"/>
    <property name="sun.cpu.endian" value="little"/>
    <property name="sun.io.unicode.encoding" value="UnicodeLittle"/>
    <property name="sun.cpu.isalist" value=""/>
  </properties>
  <testcase name="testBulkLoadingEmpty" classname="com.github.davidmoten.rtree.RTreeTest" time="0"/>
  <testcase name="testSearchOnOneItem" classname="com.github.davidmoten.rtree.RTreeTest" time="0"/>
  <testcase name="testSearchWithDistanceFunctionIntersectsNothing" classname="com.github.davidmoten.rtree.RTreeTest" time="0"/>
  <testcase name="testSplitterRStarThrowsExceptionOnEmptyList" classname="com.github.davidmoten.rtree.RTreeTest" time="0"/>
  <testcase name="testIntersectsPointLine" classname="com.github.davidmoten.rtree.RTreeTest" time="0"/>
  <testcase name="testDeleteAllIfThereAreMoreThanMaxChildren" classname="com.github.davidmoten.rtree.RTreeTest" time="0.019"/>
  <testcase name="testSearchOnGreekDataUsingFlatBuffersFactory" classname="com.github.davidmoten.rtree.RTreeTest" time="0"/>
  <testcase name="testNearestToAPoint" classname="com.github.davidmoten.rtree.RTreeTest" time="0.003"/>
  <testcase name="testInstantiation" classname="com.github.davidmoten.rtree.RTreeTest" time="0"/>
  <testcase name="testSearchWithIntersectsPointFunctionReturnsOne" classname="com.github.davidmoten.rtree.RTreeTest" time="0.017"/>
  <testcase name="testObservableDeletion" classname="com.github.davidmoten.rtree.RTreeTest" time="0.002"/>
  <testcase name="testNearestSameDirection" classname="com.github.davidmoten.rtree.RTreeTest" time="0.001"/>
  <testcase name="testBulkLoadingTreeAndStarTreeReturnsSameAsStandardRTree" classname="com.github.davidmoten.rtree.RTreeTest" time="1.629"/>
  <testcase name="testDeleteFromEmptyTree" classname="com.github.davidmoten.rtree.RTreeTest" time="0"/>
  <testcase name="testSearchWithCircleFindsCentreOnly" classname="com.github.davidmoten.rtree.RTreeTest" time="0.001"/>
  <testcase name="testBulkLoadingEntryCount" classname="com.github.davidmoten.rtree.RTreeTest" time="0.099"/>
  <testcase name="testAddOverload" classname="com.github.davidmoten.rtree.RTreeTest" time="0.036"/>
  <testcase name="testUnsubscribeWhileIteratingNonLeafNode" classname="com.github.davidmoten.rtree.RTreeTest" time="0"/>
  <testcase name="testStandardRTreeSearch" classname="com.github.davidmoten.rtree.RTreeTest" time="0.001"/>
  <testcase name="testVisualizer" classname="com.github.davidmoten.rtree.RTreeTest" time="1.36"/>
  <testcase name="calculateAsStringOfEmptyTree" classname="com.github.davidmoten.rtree.RTreeTest" time="0"/>
  <testcase name="testBuilder1" classname="com.github.davidmoten.rtree.RTreeTest" time="0.013"/>
  <testcase name="testBuilder2" classname="com.github.davidmoten.rtree.RTreeTest" time="0.011"/>
  <testcase name="testBuilder3" classname="com.github.davidmoten.rtree.RTreeTest" time="0.012"/>
  <testcase name="testBuilder4" classname="com.github.davidmoten.rtree.RTreeTest" time="0.012"/>
  <testcase name="testDeleteOneFromTreeWithDepthGreaterThanOne" classname="com.github.davidmoten.rtree.RTreeTest" time="0.002"/>
  <testcase name="testDeleteIssue81" classname="com.github.davidmoten.rtree.RTreeTest" time="0"/>
  <testcase name="testDepthWith0" classname="com.github.davidmoten.rtree.RTreeTest" time="0"/>
  <testcase name="testSearchWithDistanceFunctionIntersectsMbrAndActualGeometry" classname="com.github.davidmoten.rtree.RTreeTest" time="0"/>
  <testcase name="testPartialDeletion" classname="com.github.davidmoten.rtree.RTreeTest" time="0.002"/>
  <testcase name="testUnsubscribeWhileIteratingLeafNode" classname="com.github.davidmoten.rtree.RTreeTest" time="0"/>
  <testcase name="testSizeIsOneIfTreeHasOneEntry" classname="com.github.davidmoten.rtree.RTreeTest" time="0"/>
  <testcase name="testRTreeRootMbrWhenRTreeNonEmpty" classname="com.github.davidmoten.rtree.RTreeTest" time="0"/>
  <testcase name="testSearchOnOneItemOnBulkLoadingRTree" classname="com.github.davidmoten.rtree.RTreeTest" time="0"/>
  <testcase name="testSearchWithLineFindsAll" classname="com.github.davidmoten.rtree.RTreeTest" time="0.001"/>
  <testcase name="testSearchWithLineFindsOne" classname="com.github.davidmoten.rtree.RTreeTest" time="0.001"/>
  <testcase name="testUnsubscribe" classname="com.github.davidmoten.rtree.RTreeTest" time="0.03"/>
  <testcase name="testExampleOnReadMe" classname="com.github.davidmoten.rtree.RTreeTest" time="0"/>
  <testcase name="testIterableDeletion" classname="com.github.davidmoten.rtree.RTreeTest" time="0.005"/>
  <testcase name="testSizeAfterDelete" classname="com.github.davidmoten.rtree.RTreeTest" time="0"/>
  <testcase name="testSearchWithLineFindsNone" classname="com.github.davidmoten.rtree.RTreeTest" time="0.001"/>
  <testcase name="testRTreeRootMbrWhenRTreeEmpty" classname="com.github.davidmoten.rtree.RTreeTest" time="0"/>
  <testcase name="calculateDepthOfEmptyTree" classname="com.github.davidmoten.rtree.RTreeTest" time="0"/>
  <testcase name="testDeleteOfEntryThatDoesNotExistFromTreeOfOneEntry" classname="com.github.davidmoten.rtree.RTreeTest" time="0"/>
  <testcase name="testNearestHonoursUnsubscribeJustBeforeCompletion" classname="com.github.davidmoten.rtree.RTreeTest" time="0.001"/>
  <testcase name="testDeleteOnlyDeleteOneIfThereAreMoreThanMaxChildren" classname="com.github.davidmoten.rtree.RTreeTest" time="0"/>
  <testcase name="testBackpressureIterationForUpTo1000Entries" classname="com.github.davidmoten.rtree.RTreeTest" time="1.741"/>
  <testcase name="testSizeIsZeroIfTreeEmpty" classname="com.github.davidmoten.rtree.RTreeTest" time="0"/>
  <testcase name="testSearchWithCircleFindsAll" classname="com.github.davidmoten.rtree.RTreeTest" time="0.001"/>
  <testcase name="testSearchGreekEarthquakesDouble" classname="com.github.davidmoten.rtree.RTreeTest" time="1.322"/>
  <testcase name="testDeleteItemThatIsNotPresentDoesNothing" classname="com.github.davidmoten.rtree.RTreeTest" time="0.005"/>
  <testcase name="testContext" classname="com.github.davidmoten.rtree.RTreeTest" time="0"/>
  <testcase name="testNearestReturnsInOrder" classname="com.github.davidmoten.rtree.RTreeTest" time="0.005"/>
  <testcase name="testBulkLoadingWithOneItemIsNotEmpty" classname="com.github.davidmoten.rtree.RTreeTest" time="0"/>
  <testcase name="testFullDeletion" classname="com.github.davidmoten.rtree.RTreeTest" time="0"/>
  <testcase name="testDeleteOneFromLargeTreeThenDeleteAllAndEnsureEmpty" classname="com.github.davidmoten.rtree.RTreeTest" time="0.548"/>
  <testcase name="testDepthWithMaxChildren3Entries10" classname="com.github.davidmoten.rtree.RTreeTest" time="0"/>
  <testcase name="testSearchEmptyTree" classname="com.github.davidmoten.rtree.RTreeTest" time="0"/>
  <testcase name="testDepthWithMaxChildren3Entries1" classname="com.github.davidmoten.rtree.RTreeTest" time="0"/>
  <testcase name="testDepthWithMaxChildren3Entries2" classname="com.github.davidmoten.rtree.RTreeTest" time="0"/>
  <testcase name="testDepthWithMaxChildren3Entries3" classname="com.github.davidmoten.rtree.RTreeTest" time="0"/>
  <testcase name="testDepthWithMaxChildren3Entries4" classname="com.github.davidmoten.rtree.RTreeTest" time="0"/>
  <testcase name="testDepthWithMaxChildren3Entries8" classname="com.github.davidmoten.rtree.RTreeTest" time="0.24"/>
  <testcase name="testSearchWithIntersectsPointFunctionReturnsNone" classname="com.github.davidmoten.rtree.RTreeTest" time="0.001"/>
  <testcase name="testSearchWithIntersectsRectangleFunction" classname="com.github.davidmoten.rtree.RTreeTest" time="0"/>
  <testcase name="testSizeIsFiveIfTreeHasFiveEntries" classname="com.github.davidmoten.rtree.RTreeTest" time="0"/>
  <testcase name="testVisualizerWithGreekData" classname="com.github.davidmoten.rtree.RTreeTest" time="11.927"/>
  <testcase name="testGroupByIssue40" classname="com.github.davidmoten.rtree.RTreeTest" time="0.021"/>
  <testcase name="testDeleteOneFromOne" classname="com.github.davidmoten.rtree.RTreeTest" time="0.001"/>
  <testcase name="testForMeiZhao" classname="com.github.davidmoten.rtree.RTreeTest" time="0.005"/>
  <testcase name="testDeleteWithGeometry" classname="com.github.davidmoten.rtree.RTreeTest" time="0"/>
  <testcase name="testSearchOfPointWithinDistance" classname="com.github.davidmoten.rtree.RTreeTest" time="0"/>
  <testcase name="testDeleteOverload" classname="com.github.davidmoten.rtree.RTreeTest" time="0"/>
  <testcase name="testBackpressureForOverflow" classname="com.github.davidmoten.rtree.RTreeTest" time="0"/>
  <testcase name="testStandardRTreeSearch2" classname="com.github.davidmoten.rtree.RTreeTest" time="0.001"/>
  <testcase name="testNearestDifferentDirections" classname="com.github.davidmoten.rtree.RTreeTest" time="0"/>
  <testcase name="testSearchOfPoint" classname="com.github.davidmoten.rtree.RTreeTest" time="0"/>
  <testcase name="testDeleteIssue81d" classname="com.github.davidmoten.rtree.RTreeTest" time="0"/>
  <testcase name="testDeleteIssue81f" classname="com.github.davidmoten.rtree.RTreeTest" time="0"/>
  <testcase name="testDeletionOfEntryThatDoesNotExistFromNonLeaf" classname="com.github.davidmoten.rtree.RTreeTest" time="0"/>
  <testcase name="testTreeWithOneItemIsNotEmpty" classname="com.github.davidmoten.rtree.RTreeTest" time="0"/>
  <testcase name="testVisualizerWithEmptyTree" classname="com.github.davidmoten.rtree.RTreeTest" time="0.063"/>
  <testcase name="testAddObservable" classname="com.github.davidmoten.rtree.RTreeTest" time="0.001"/>
  <testcase name="testDeletionThatRemovesAllNodesChildren" classname="com.github.davidmoten.rtree.RTreeTest" time="0.004"/>
  <testcase name="testSearchWithDistanceFunctionIntersectsMbrButNotActualGeometry" classname="com.github.davidmoten.rtree.RTreeTest" time="0"/>
  <testcase name="testSearchConditionAlwaysFalse" classname="com.github.davidmoten.rtree.RTreeTest" time="0.002"/>
  <testcase name="testPerformanceAndEntriesCount" classname="com.github.davidmoten.rtree.RTreeTest" time="0.183"/>
</testsuite>