<?xml version="1.0" encoding="UTF-8"?>
<testsuite xmlns:xsi="http://www.w3.org/2001/XMLSchema-instance" xsi:schemaLocation="https://maven.apache.org/surefire/maven-surefire-plugin/xsd/surefire-test-report.xsd" name="com.shopify.ShopifySdkTest" time="10.583" tests="61" errors="0" skipped="0" failures="0">
  <properties>
    <property name="java.runtime.name" value="OpenJDK Runtime Environment"/>
    <property name="sun.boot.library.path" value="/usr/local/openjdk-8/jre/lib/amd64"/>
    <property name="java.vm.version" value="25.262-b10"/>
    <property name="animal.sniffer.skip" value="true"/>
    <property name="java.vm.vendor" value="Oracle Corporation"/>
    <property name="maven.multiModuleProjectDirectory" value="/tmp/tmpqjhzqxcw/shopify-sdk"/>
    <property name="maven.javadoc.skip" value="true"/>
    <property name="java.vendor.url" value="http://java.oracle.com/"/>
    <property name="path.separator" value=":"/>
    <property name="guice.disable.misplaced.annotation.check" value="true"/>
    <property name="java.vm.name" value="OpenJDK 64-Bit Server VM"/>
    <property name="file.encoding.pkg" value="sun.io"/>
    <property name="sun.java.launcher" value="SUN_STANDARD"/>
    <property name="sun.os.patch.level" value="unknown"/>
    <property name="source.skip" value="true"/>
    <property name="java.vm.specification.name" value="Java Virtual Machine Specification"/>
    <property name="user.dir" value="/tmp/tmpqjhzqxcw/shopify-sdk"/>
    <property name="java.runtime.version" value="1.8.0_262-b10"/>
    <property name="java.awt.graphicsenv" value="sun.awt.X11GraphicsEnvironment"/>
    <property name="java.endorsed.dirs" value="/usr/local/openjdk-8/jre/lib/endorsed"/>
    <property name="os.arch" value="amd64"/>
    <property name="java.io.tmpdir" value="/tmp"/>
    <property name="line.separator" value="&#10;"/>
    <property name="java.vm.specification.vendor" value="Oracle Corporation"/>
    <property name="os.name" value="Linux"/>
    <property name="classworlds.conf" value="/usr/share/maven/bin/m2.conf"/>
    <property name="sun.jnu.encoding" value="UTF-8"/>
    <property name="java.library.path" value="/usr/java/packages/lib/amd64:/usr/lib64:/lib64:/lib:/usr/lib"/>
    <property name="license.skip" value="true"/>
    <property name="maven.conf" value="/usr/share/maven/conf"/>
    <property name="java.specification.name" value="Java Platform API Specification"/>
    <property name="java.class.version" value="52.0"/>
    <property name="sun.management.compiler" value="HotSpot 64-Bit Tiered Compilers"/>
    <property name="maven.test.failure.ignore" value="true"/>
    <property name="os.version" value="4.15.0-109-generic"/>
    <property name="library.jansi.path" value="/usr/share/maven/lib/jansi-native"/>
    <property name="user.home" value="/home/jdbl"/>
    <property name="user.timezone" value="Etc/UTC"/>
    <property name="java.awt.printerjob" value="sun.print.PSPrinterJob"/>
    <property name="java.specification.version" value="1.8"/>
    <property name="file.encoding" value="UTF-8"/>
    <property name="user.name" value="jdbl"/>
    <property name="java.class.path" value="/usr/share/maven/boot/plexus-classworlds-2.6.0.jar"/>
    <property name="java.vm.specification.version" value="1.8"/>
    <property name="sun.arch.data.model" value="64"/>
    <property name="java.home" value="/usr/local/openjdk-8/jre"/>
    <property name="sun.java.command" value="org.codehaus.plexus.classworlds.launcher.Launcher test -e --fail-never -ntp -Dmaven.test.failure.ignore=true -B -Dmaven.javadoc.skip=true -Drat.skip=true -Danimal.sniffer.skip=true -Dmaven.javadoc.skip=true -Dlicense.skip=true -Dsource.skip=true"/>
    <property name="java.specification.vendor" value="Oracle Corporation"/>
    <property name="user.language" value="en"/>
    <property name="awt.toolkit" value="sun.awt.X11.XToolkit"/>
    <property name="java.vm.info" value="mixed mode"/>
    <property name="java.version" value="1.8.0_262"/>
    <property name="java.ext.dirs" value="/usr/local/openjdk-8/jre/lib/ext:/usr/java/packages/lib/ext"/>
    <property name="securerandom.source" value="file:/dev/./urandom"/>
    <property name="sun.boot.class.path" value="/usr/local/openjdk-8/jre/lib/resources.jar:/usr/local/openjdk-8/jre/lib/rt.jar:/usr/local/openjdk-8/jre/lib/sunrsasign.jar:/usr/local/openjdk-8/jre/lib/jsse.jar:/usr/local/openjdk-8/jre/lib/jce.jar:/usr/local/openjdk-8/jre/lib/charsets.jar:/usr/local/openjdk-8/jre/lib/jfr.jar:/usr/local/openjdk-8/jre/classes"/>
    <property name="java.vendor" value="Oracle Corporation"/>
    <property name="rat.skip" value="true"/>
    <property name="maven.home" value="/usr/share/maven"/>
    <property name="file.separator" value="/"/>
    <property name="java.vendor.url.bug" value="http://bugreport.sun.com/bugreport/"/>
    <property name="sun.cpu.endian" value="little"/>
    <property name="sun.io.unicode.encoding" value="UnicodeLittle"/>
    <property name="sun.cpu.isalist" value=""/>
  </properties>
  <testcase name="givenSomeValidAccessTokenAndSubdomainAndSomeValidRequestWheRevokingOauthTokenThenReturnTrue" classname="com.shopify.ShopifySdkTest" time="1.456"/>
  <testcase name="givenSomeValidAccessTokenAndSubdomainAndValidRequestWhenUpdatingVariantThenUpdateAndReturnVariant" classname="com.shopify.ShopifySdkTest" time="0.245"/>
  <testcase name="givenSomeCustomCollectionsCreationRequestCreateAndReturnCustomCollection" classname="com.shopify.ShopifySdkTest" time="0.146"/>
  <testcase name="givenSomeValidAccessTokenAndSubdomainAndValidRequestWhenCancelingFulfillmentsThenCancelFulfillments" classname="com.shopify.ShopifySdkTest" time="0.191"/>
  <testcase name="givenShopWithNoOrdersAndSomeMininumCreationDateAndSomeMaximumCreationDateAndPage1And70PageSizeWhenRetrievingOrdersThenReturnNoOrders" classname="com.shopify.ShopifySdkTest" time="0.29"/>
  <testcase name="givenSomeValidAccessTokenAndSubdomainAndValidRequestAndCreatingOrderThenCreateAndReturn" classname="com.shopify.ShopifySdkTest" time="0.235"/>
  <testcase name="givenSomePageAndUpdatedAtMinOrdersWhenRetrievingUpdatedOrdersThenRetrieveUpdatedOrdersWithCorrectValues" classname="com.shopify.ShopifySdkTest" time="0.15"/>
  <testcase name="givenShopWithNoOrdersAndSomeMininumCreationDateAndSomeMaximumCreationDateAndPage1And51PageSizeAndSomeAppIdWhenRetrievingOrdersThenReturnNoOrders" classname="com.shopify.ShopifySdkTest" time="0.113"/>
  <testcase name="givenMinimumDelayIsLargerThanMaximumDelayWhenCreatingShopifySdkThenExpectIllegalArgumentException" classname="com.shopify.ShopifySdkTest" time="0.019"/>
  <testcase name="givenSomeInvalidStatusWhenUpdatingInventoryLevelThenExpectShopifyErrorResponseException" classname="com.shopify.ShopifySdkTest" time="0.226"/>
  <testcase name="givenMinimumCreationDateAndPaginationParamsWhenRetrievingCustomersThenRetrieveJustThoseCustomers" classname="com.shopify.ShopifySdkTest" time="0.101"/>
  <testcase name="givenShopWithNoOrdersAndPage1And197PageSizeWhenRetrievingOrdersThenReturnNoOrders" classname="com.shopify.ShopifySdkTest" time="0.068"/>
  <testcase name="givenSomePageAndCreatedAtMinOrdersWhenRetrievingOrdersThenRetrieveOrdersWithCorrectValues" classname="com.shopify.ShopifySdkTest" time="0.16"/>
  <testcase name="givenSomeOrderIdWhenRetrievingOrderThenRetrieveOrder" classname="com.shopify.ShopifySdkTest" time="0.077"/>
  <testcase name="givenSomeValidAccessTokenAndSubdomainWhenGettingShopifyLocationThenReturnShopifyLocations" classname="com.shopify.ShopifySdkTest" time="0.127"/>
  <testcase name="givenSomeClientCredentialsAndUnexpectedStatusWhenCallingToTheShopifyApiThenExpectExpectShopifyClientException" classname="com.shopify.ShopifySdkTest" time="0.101"/>
  <testcase name="givenShopWithNoOrdersAndSomeMininumCreationDateAndPage1And80PageSizeWhenRetrievingOrdersThenReturnNoOrders" classname="com.shopify.ShopifySdkTest" time="0.093"/>
  <testcase name="givenSomeCustomCollectionsExistOnMultiplePagesWhenRetrievingCustomCollectionsThenExpectAllCustomCollectionsToBeReturned" classname="com.shopify.ShopifySdkTest" time="0.089"/>
  <testcase name="givenInvalidMiniumRetryDelayWhenCreatingShopifySdkThenExpectIllegalArgumentException" classname="com.shopify.ShopifySdkTest" time="0.042"/>
  <testcase name="givenSomeValidAccessTokenAndSubdomainAndSomeRecurringChargeIdRequestWheGettingRecurringApplicationChargeThenGetRecurringApplicationCharge" classname="com.shopify.ShopifySdkTest" time="0.101"/>
  <testcase name="givenSomeClientCredentialsWhenCallinglToTheShopifyApiThenExpectAccessTokenToBeGeneratedAfterCallIsMade" classname="com.shopify.ShopifySdkTest" time="0.109"/>
  <testcase name="givenAValidQueryWhenRetrievingCustomersThenRetrieveJustThoseCustomersViaTheSearchAPI" classname="com.shopify.ShopifySdkTest" time="0.128"/>
  <testcase name="givenSomeOrderIdWhenRetrievingOrderRisksThenRetrieveOrderRisks" classname="com.shopify.ShopifySdkTest" time="0.066"/>
  <testcase name="givenSomeValidAccessTokenAndSubdomainAndRequestFailsWhenGettingShopifyLocationThenReturnShopifyLocations" classname="com.shopify.ShopifySdkTest" time="0.595"/>
  <testcase name="givenAValidRequestWhenRetrievingAListOfCustomersWithPaginationParamsThenRetrieveThoseCustomers" classname="com.shopify.ShopifySdkTest" time="0.148"/>
  <testcase name="givenSomePageAndCreatedAtMinAndCreatedAtMaxOrdersAndAppIdWhenRetrievingOrdersThenRetrieveOrdersWithCorrectValues" classname="com.shopify.ShopifySdkTest" time="0.138"/>
  <testcase name="givenSomePageAndCreatedAtMinAndCreatedAtMaxOrdersWhenRetrievingOrdersThenRetrieveOrdersWithCorrectValues" classname="com.shopify.ShopifySdkTest" time="0.132"/>
  <testcase name="givenSomeValidAccessTokenAndSubdomainAndSomeVariantMetafieldWhenCreatingVariantMetafieldThenCreateVariantMetafield" classname="com.shopify.ShopifySdkTest" time="0.124"/>
  <testcase name="givenSomeShopifyFulfillmenmtCreationRequestWhenCreatingShopifyFulfillmentThenCreateAndReturnFulfillment" classname="com.shopify.ShopifySdkTest" time="0.136"/>
  <testcase name="givenSomeValidAccessTokenAndSubdomainAndValidRequestAndUpdatingInventoryLevelThenUpdateAndReturnInventoryLevel" classname="com.shopify.ShopifySdkTest" time="0.116"/>
  <testcase name="givenSomeExceptionIsThrownWhenGettingShopifyLocationsThenExpectShopifyClientException" classname="com.shopify.ShopifySdkTest" time="0.094"/>
  <testcase name="givenSomeProductIdWhenRetrievingProductMetaFieldsThenRetrieveProductMetafields" classname="com.shopify.ShopifySdkTest" time="0.1"/>
  <testcase name="givenSomeValidAccessTokenAndSubdomainAndValidRequestAndCreatingRefundThenCalculateAndCreateRefundAndReturn" classname="com.shopify.ShopifySdkTest" time="0.218"/>
  <testcase name="givenSomeValidAccessTokenAndSubdomainAndSomeRecurringApplicationChargeCreationRequestWhenCreatingRecurringApplicationChargeThenCreateRecurringApplicationCharge" classname="com.shopify.ShopifySdkTest" time="0.082"/>
  <testcase name="givenSomeOrderIdWhenClosingOrderThenCloseAndReturnOrder" classname="com.shopify.ShopifySdkTest" time="0.041"/>
  <testcase name="givenSomeValidAccessTokenAndSubdomainAndValidRequestWhenRetrievingVariantMetafieldsThenReturnVariantMetafields" classname="com.shopify.ShopifySdkTest" time="0.072"/>
  <testcase name="givenStoreWithNoProductsWhenRetrievingProductsThenReturnEmptyShopifyProducts" classname="com.shopify.ShopifySdkTest" time="0.121"/>
  <testcase name="givenAListOfIdsWhenRetrievingCustomersThenRetrieveJustThoseCustomers" classname="com.shopify.ShopifySdkTest" time="0.052"/>
  <testcase name="givenSomeUpdateCustomerRequestWhenUpdatingCustomerThenUpdateAndReturnCustomer" classname="com.shopify.ShopifySdkTest" time="0.088"/>
  <testcase name="givenSomeShopifyFulfillmenmtUpdateRequestWhenUpdatingShopifyFulfillmentThenUpdateAndReturnFulfillment" classname="com.shopify.ShopifySdkTest" time="0.055"/>
  <testcase name="givenStoreWith305ProductsWhenRetrievingProductsThenReturnShopifyProductsWith305Products" classname="com.shopify.ShopifySdkTest" time="0.142"/>
  <testcase name="givenSomeValidAccessTokenAndSubdomainAndProductIdWhenGettingProductThenGetProduct" classname="com.shopify.ShopifySdkTest" time="0.031"/>
  <testcase name="givenSomeOrderIdWhenGettingOrderTransactionsThenRetrieveOrderTransactions" classname="com.shopify.ShopifySdkTest" time="0.062"/>
  <testcase name="givenSomeClientCredentialsAndRateLimitedWhenCallinglToTheShopifyApiThenExpectShopifyClientException" classname="com.shopify.ShopifySdkTest" time="0.377"/>
  <testcase name="givenASinceIdWhenRetrievingCustomersThenRetrieveJustThoseCustomers" classname="com.shopify.ShopifySdkTest" time="0.06"/>
  <testcase name="givenStoreWithNoProductsAndPage1And200PageSizeWhenRetrievingProductsThenReturnEmptyShopifyProducts" classname="com.shopify.ShopifySdkTest" time="0.035"/>
  <testcase name="givenSomeValidAccessTokenAndSubdomainAndValidRequestWhenRetrievingOrderMetafieldsThenReturnOrderMetafields" classname="com.shopify.ShopifySdkTest" time="0.055"/>
  <testcase name="givenSomePageSizeWhenRetrievingOrdersThenRetrieveOrdersWithCorrectValues" classname="com.shopify.ShopifySdkTest" time="0.158"/>
  <testcase name="givenSomeValidAccessTokenAndSubdomainAndValidRequestWhenUpdatingOrderShippingAddressThenUpdateAndReturnOrder" classname="com.shopify.ShopifySdkTest" time="0.098"/>
  <testcase name="givenSomeOrderIdAndReasonWhenCancelingOrderThenCancelAndReturnOrder" classname="com.shopify.ShopifySdkTest" time="0.091"/>
  <testcase name="givenSomeProductCreationRequestWhenCreatingProductThenCreateAndReturnProduct" classname="com.shopify.ShopifySdkTest" time="0.055"/>
  <testcase name="givenSomeValidAccessTokenAndSubdomainAndVariantIdWhenGettinVariantThenGetVariant" classname="com.shopify.ShopifySdkTest" time="0.112"/>
  <testcase name="givenSomeProductIdWhenDeletingProductThenDeleteProductAndReturnTrue" classname="com.shopify.ShopifySdkTest" time="0.034"/>
  <testcase name="givenSomeValidAccessTokenAndSubdomainAndValidRequestWhenCreatingGiftCardThenCreateAndReturn" classname="com.shopify.ShopifySdkTest" time="0.047"/>
  <testcase name="givenSomeValidAccessTokenAndSubdomainAndSomeProductMetafieldWhenCreatingProductMetafieldThenCreateAndProductMetafield" classname="com.shopify.ShopifySdkTest" time="0.025"/>
  <testcase name="givenInvalidMaximumRetryDelayWhenCreatingShopifySdkThenExpectIllegalArgumentException" classname="com.shopify.ShopifySdkTest" time="0.009"/>
  <testcase name="givenSomeValidRequestWhenGettingProductCount" classname="com.shopify.ShopifySdkTest" time="0.035"/>
  <testcase name="givenAMinimumAndMaximumCreationDateAndPageParamWhenRetrievingCustomersThenRetrieveJustThoseCustomers" classname="com.shopify.ShopifySdkTest" time="0.027"/>
  <testcase name="givenSomeProductUpdateRequestWhenUpdatingProductThenUpdateAndReturnProduct" classname="com.shopify.ShopifySdkTest" time="0.059"/>
  <testcase name="givenAValidCustomerIdWhenRetrievingACustomerThenReturnACustomer" classname="com.shopify.ShopifySdkTest" time="0.043"/>
  <testcase name="givenSomeValidAccessTokenAndSubdomainAndSomeRecurringChargeIdRequestWhenActivatingRecurringApplicationChargeThenActivateRecurringApplicationCharge" classname="com.shopify.ShopifySdkTest" time="0.059"/>
</testsuite>