<?xml version="1.0" encoding="UTF-8"?>
<testsuite xmlns:xsi="http://www.w3.org/2001/XMLSchema-instance" xsi:schemaLocation="https://maven.apache.org/surefire/maven-surefire-plugin/xsd/surefire-test-report.xsd" name="com.github.dadiyang.httpinvoker.interfaces.CityServiceTest" time="22.189" tests="102" errors="0" skipped="0" failures="0">
  <properties>
    <property name="java.runtime.name" value="OpenJDK Runtime Environment"/>
    <property name="sun.boot.library.path" value="/usr/local/openjdk-8/jre/lib/amd64"/>
    <property name="java.vm.version" value="25.262-b10"/>
    <property name="animal.sniffer.skip" value="true"/>
    <property name="java.vm.vendor" value="Oracle Corporation"/>
    <property name="maven.multiModuleProjectDirectory" value="/tmp/tmpbsn4xd0n/http-api-invoker"/>
    <property name="maven.javadoc.skip" value="true"/>
    <property name="java.vendor.url" value="http://java.oracle.com/"/>
    <property name="path.separator" value=":"/>
    <property name="guice.disable.misplaced.annotation.check" value="true"/>
    <property name="java.vm.name" value="OpenJDK 64-Bit Server VM"/>
    <property name="file.encoding.pkg" value="sun.io"/>
    <property name="sun.java.launcher" value="SUN_STANDARD"/>
    <property name="sun.os.patch.level" value="unknown"/>
    <property name="source.skip" value="true"/>
    <property name="java.vm.specification.name" value="Java Virtual Machine Specification"/>
    <property name="user.dir" value="/tmp/tmpbsn4xd0n/http-api-invoker"/>
    <property name="java.runtime.version" value="1.8.0_262-b10"/>
    <property name="java.awt.graphicsenv" value="sun.awt.X11GraphicsEnvironment"/>
    <property name="java.endorsed.dirs" value="/usr/local/openjdk-8/jre/lib/endorsed"/>
    <property name="os.arch" value="amd64"/>
    <property name="java.io.tmpdir" value="/tmp"/>
    <property name="line.separator" value="&#10;"/>
    <property name="java.vm.specification.vendor" value="Oracle Corporation"/>
    <property name="os.name" value="Linux"/>
    <property name="classworlds.conf" value="/usr/share/maven/bin/m2.conf"/>
    <property name="sun.jnu.encoding" value="UTF-8"/>
    <property name="java.library.path" value="/usr/java/packages/lib/amd64:/usr/lib64:/lib64:/lib:/usr/lib"/>
    <property name="license.skip" value="true"/>
    <property name="maven.conf" value="/usr/share/maven/conf"/>
    <property name="java.specification.name" value="Java Platform API Specification"/>
    <property name="java.class.version" value="52.0"/>
    <property name="sun.management.compiler" value="HotSpot 64-Bit Tiered Compilers"/>
    <property name="maven.test.failure.ignore" value="true"/>
    <property name="os.version" value="4.15.0-109-generic"/>
    <property name="library.jansi.path" value="/usr/share/maven/lib/jansi-native"/>
    <property name="user.home" value="/home/jdbl"/>
    <property name="user.timezone" value="Etc/UTC"/>
    <property name="java.awt.printerjob" value="sun.print.PSPrinterJob"/>
    <property name="java.specification.version" value="1.8"/>
    <property name="file.encoding" value="UTF-8"/>
    <property name="user.name" value="jdbl"/>
    <property name="java.class.path" value="/usr/share/maven/boot/plexus-classworlds-2.6.0.jar"/>
    <property name="java.vm.specification.version" value="1.8"/>
    <property name="sun.arch.data.model" value="64"/>
    <property name="java.home" value="/usr/local/openjdk-8/jre"/>
    <property name="sun.java.command" value="org.codehaus.plexus.classworlds.launcher.Launcher test -e --fail-never -ntp -Dmaven.test.failure.ignore=true -B -Dmaven.javadoc.skip=true -Drat.skip=true -Danimal.sniffer.skip=true -Dmaven.javadoc.skip=true -Dlicense.skip=true -Dsource.skip=true"/>
    <property name="java.specification.vendor" value="Oracle Corporation"/>
    <property name="user.language" value="en"/>
    <property name="awt.toolkit" value="sun.awt.X11.XToolkit"/>
    <property name="java.vm.info" value="mixed mode"/>
    <property name="java.version" value="1.8.0_262"/>
    <property name="java.ext.dirs" value="/usr/local/openjdk-8/jre/lib/ext:/usr/java/packages/lib/ext"/>
    <property name="securerandom.source" value="file:/dev/./urandom"/>
    <property name="sun.boot.class.path" value="/usr/local/openjdk-8/jre/lib/resources.jar:/usr/local/openjdk-8/jre/lib/rt.jar:/usr/local/openjdk-8/jre/lib/sunrsasign.jar:/usr/local/openjdk-8/jre/lib/jsse.jar:/usr/local/openjdk-8/jre/lib/jce.jar:/usr/local/openjdk-8/jre/lib/charsets.jar:/usr/local/openjdk-8/jre/lib/jfr.jar:/usr/local/openjdk-8/jre/classes"/>
    <property name="java.vendor" value="Oracle Corporation"/>
    <property name="rat.skip" value="true"/>
    <property name="maven.home" value="/usr/share/maven"/>
    <property name="file.separator" value="/"/>
    <property name="java.vendor.url.bug" value="http://bugreport.sun.com/bugreport/"/>
    <property name="sun.cpu.endian" value="little"/>
    <property name="sun.io.unicode.encoding" value="UnicodeLittle"/>
    <property name="sun.cpu.isalist" value=""/>
  </properties>
  <testcase name="saveCity[0]" classname="com.github.dadiyang.httpinvoker.interfaces.CityServiceTest" time="0.074"/>
  <testcase name="getCityRestWithDefaultPathVal[0]" classname="com.github.dadiyang.httpinvoker.interfaces.CityServiceTest" time="0.075"/>
  <testcase name="testOptions[0]" classname="com.github.dadiyang.httpinvoker.interfaces.CityServiceTest" time="0.094"/>
  <testcase name="saveCityForm[0]" classname="com.github.dadiyang.httpinvoker.interfaces.CityServiceTest" time="0.074"/>
  <testcase name="multipartTest[0]" classname="com.github.dadiyang.httpinvoker.interfaces.CityServiceTest" time="0.078"/>
  <testcase name="responseProcessTest[0]" classname="com.github.dadiyang.httpinvoker.interfaces.CityServiceTest" time="0.066"/>
  <testcase name="testTrace[0]" classname="com.github.dadiyang.httpinvoker.interfaces.CityServiceTest" time="0.084"/>
  <testcase name="testHead[0]" classname="com.github.dadiyang.httpinvoker.interfaces.CityServiceTest" time="0.088"/>
  <testcase name="getCityWithHeaders[0]" classname="com.github.dadiyang.httpinvoker.interfaces.CityServiceTest" time="0.085"/>
  <testcase name="getCityWithResultBean[0]" classname="com.github.dadiyang.httpinvoker.interfaces.CityServiceTest" time="0.081"/>
  <testcase name="getCityByName[0]" classname="com.github.dadiyang.httpinvoker.interfaces.CityServiceTest" time="0.105"/>
  <testcase name="getCityWithCookies[0]" classname="com.github.dadiyang.httpinvoker.interfaces.CityServiceTest" time="0.08"/>
  <testcase name="getAllCities[0]" classname="com.github.dadiyang.httpinvoker.interfaces.CityServiceTest" time="0.068"/>
  <testcase name="upload[0]" classname="com.github.dadiyang.httpinvoker.interfaces.CityServiceTest" time="0.079"/>
  <testcase name="getCityObject[0]" classname="com.github.dadiyang.httpinvoker.interfaces.CityServiceTest" time="0.116"/>
  <testcase name="patchCity[0]" classname="com.github.dadiyang.httpinvoker.interfaces.CityServiceTest" time="0.071"/>
  <testcase name="updateCity[0]" classname="com.github.dadiyang.httpinvoker.interfaces.CityServiceTest" time="0.071"/>
  <testcase name="getCityWithStatusCode[0]" classname="com.github.dadiyang.httpinvoker.interfaces.CityServiceTest" time="0.071"/>
  <testcase name="uploadTest[0]" classname="com.github.dadiyang.httpinvoker.interfaces.CityServiceTest" time="3.292"/>
  <testcase name="getCity[0]" classname="com.github.dadiyang.httpinvoker.interfaces.CityServiceTest" time="0.063"/>
  <testcase name="getDate[0]" classname="com.github.dadiyang.httpinvoker.interfaces.CityServiceTest" time="0.094"/>
  <testcase name="getCities[0]" classname="com.github.dadiyang.httpinvoker.interfaces.CityServiceTest" time="0.066"/>
  <testcase name="getCityWithErrHeaders[0]" classname="com.github.dadiyang.httpinvoker.interfaces.CityServiceTest" time="0.036"/>
  <testcase name="saveCities[0]" classname="com.github.dadiyang.httpinvoker.interfaces.CityServiceTest" time="0.07"/>
  <testcase name="getCityName[0]" classname="com.github.dadiyang.httpinvoker.interfaces.CityServiceTest" time="0.095"/>
  <testcase name="getCityRest[0]" classname="com.github.dadiyang.httpinvoker.interfaces.CityServiceTest" time="0.07"/>
  <testcase name="hasCity[0]" classname="com.github.dadiyang.httpinvoker.interfaces.CityServiceTest" time="0.068"/>
  <testcase name="getCityByComplicatedInfo[0]" classname="com.github.dadiyang.httpinvoker.interfaces.CityServiceTest" time="0.07"/>
  <testcase name="getString[0]" classname="com.github.dadiyang.httpinvoker.interfaces.CityServiceTest" time="0.1"/>
  <testcase name="getAllCitiesWithResultBeanResponseProcessor[0]" classname="com.github.dadiyang.httpinvoker.interfaces.CityServiceTest" time="0.067"/>
  <testcase name="preprocessorTest[0]" classname="com.github.dadiyang.httpinvoker.interfaces.CityServiceTest" time="0.071"/>
  <testcase name="listCity[0]" classname="com.github.dadiyang.httpinvoker.interfaces.CityServiceTest" time="0.072"/>
  <testcase name="deleteCity[0]" classname="com.github.dadiyang.httpinvoker.interfaces.CityServiceTest" time="0.71"/>
  <testcase name="testWithConfigPathVariable[0]" classname="com.github.dadiyang.httpinvoker.interfaces.CityServiceTest" time="0.131"/>
  <testcase name="saveCity[1]" classname="com.github.dadiyang.httpinvoker.interfaces.CityServiceTest" time="0.068"/>
  <testcase name="getCityRestWithDefaultPathVal[1]" classname="com.github.dadiyang.httpinvoker.interfaces.CityServiceTest" time="0.079"/>
  <testcase name="testOptions[1]" classname="com.github.dadiyang.httpinvoker.interfaces.CityServiceTest" time="0.07"/>
  <testcase name="saveCityForm[1]" classname="com.github.dadiyang.httpinvoker.interfaces.CityServiceTest" time="0.067"/>
  <testcase name="multipartTest[1]" classname="com.github.dadiyang.httpinvoker.interfaces.CityServiceTest" time="0.07"/>
  <testcase name="responseProcessTest[1]" classname="com.github.dadiyang.httpinvoker.interfaces.CityServiceTest" time="0.066"/>
  <testcase name="testTrace[1]" classname="com.github.dadiyang.httpinvoker.interfaces.CityServiceTest" time="0.068"/>
  <testcase name="testHead[1]" classname="com.github.dadiyang.httpinvoker.interfaces.CityServiceTest" time="0.065"/>
  <testcase name="getCityWithHeaders[1]" classname="com.github.dadiyang.httpinvoker.interfaces.CityServiceTest" time="0.068"/>
  <testcase name="getCityWithResultBean[1]" classname="com.github.dadiyang.httpinvoker.interfaces.CityServiceTest" time="0.071"/>
  <testcase name="getCityByName[1]" classname="com.github.dadiyang.httpinvoker.interfaces.CityServiceTest" time="0.101"/>
  <testcase name="getCityWithCookies[1]" classname="com.github.dadiyang.httpinvoker.interfaces.CityServiceTest" time="0.067"/>
  <testcase name="getAllCities[1]" classname="com.github.dadiyang.httpinvoker.interfaces.CityServiceTest" time="0.08"/>
  <testcase name="upload[1]" classname="com.github.dadiyang.httpinvoker.interfaces.CityServiceTest" time="0.08"/>
  <testcase name="getCityObject[1]" classname="com.github.dadiyang.httpinvoker.interfaces.CityServiceTest" time="0.099"/>
  <testcase name="patchCity[1]" classname="com.github.dadiyang.httpinvoker.interfaces.CityServiceTest" time="0.068"/>
  <testcase name="updateCity[1]" classname="com.github.dadiyang.httpinvoker.interfaces.CityServiceTest" time="0.065"/>
  <testcase name="getCityWithStatusCode[1]" classname="com.github.dadiyang.httpinvoker.interfaces.CityServiceTest" time="0.084"/>
  <testcase name="uploadTest[1]" classname="com.github.dadiyang.httpinvoker.interfaces.CityServiceTest" time="3.172"/>
  <testcase name="getCity[1]" classname="com.github.dadiyang.httpinvoker.interfaces.CityServiceTest" time="0.069"/>
  <testcase name="getDate[1]" classname="com.github.dadiyang.httpinvoker.interfaces.CityServiceTest" time="0.097"/>
  <testcase name="getCities[1]" classname="com.github.dadiyang.httpinvoker.interfaces.CityServiceTest" time="0.071"/>
  <testcase name="getCityWithErrHeaders[1]" classname="com.github.dadiyang.httpinvoker.interfaces.CityServiceTest" time="0.053"/>
  <testcase name="saveCities[1]" classname="com.github.dadiyang.httpinvoker.interfaces.CityServiceTest" time="0.069"/>
  <testcase name="getCityName[1]" classname="com.github.dadiyang.httpinvoker.interfaces.CityServiceTest" time="0.096"/>
  <testcase name="getCityRest[1]" classname="com.github.dadiyang.httpinvoker.interfaces.CityServiceTest" time="0.089"/>
  <testcase name="hasCity[1]" classname="com.github.dadiyang.httpinvoker.interfaces.CityServiceTest" time="0.082"/>
  <testcase name="getCityByComplicatedInfo[1]" classname="com.github.dadiyang.httpinvoker.interfaces.CityServiceTest" time="0.076"/>
  <testcase name="getString[1]" classname="com.github.dadiyang.httpinvoker.interfaces.CityServiceTest" time="0.096"/>
  <testcase name="getAllCitiesWithResultBeanResponseProcessor[1]" classname="com.github.dadiyang.httpinvoker.interfaces.CityServiceTest" time="0.069"/>
  <testcase name="preprocessorTest[1]" classname="com.github.dadiyang.httpinvoker.interfaces.CityServiceTest" time="0.071"/>
  <testcase name="listCity[1]" classname="com.github.dadiyang.httpinvoker.interfaces.CityServiceTest" time="0.082"/>
  <testcase name="deleteCity[1]" classname="com.github.dadiyang.httpinvoker.interfaces.CityServiceTest" time="0.666"/>
  <testcase name="testWithConfigPathVariable[1]" classname="com.github.dadiyang.httpinvoker.interfaces.CityServiceTest" time="0.112"/>
  <testcase name="saveCity[2]" classname="com.github.dadiyang.httpinvoker.interfaces.CityServiceTest" time="0.081"/>
  <testcase name="getCityRestWithDefaultPathVal[2]" classname="com.github.dadiyang.httpinvoker.interfaces.CityServiceTest" time="0.083"/>
  <testcase name="testOptions[2]" classname="com.github.dadiyang.httpinvoker.interfaces.CityServiceTest" time="0.082"/>
  <testcase name="saveCityForm[2]" classname="com.github.dadiyang.httpinvoker.interfaces.CityServiceTest" time="0.078"/>
  <testcase name="multipartTest[2]" classname="com.github.dadiyang.httpinvoker.interfaces.CityServiceTest" time="0.082"/>
  <testcase name="responseProcessTest[2]" classname="com.github.dadiyang.httpinvoker.interfaces.CityServiceTest" time="0.057"/>
  <testcase name="testTrace[2]" classname="com.github.dadiyang.httpinvoker.interfaces.CityServiceTest" time="0.074"/>
  <testcase name="testHead[2]" classname="com.github.dadiyang.httpinvoker.interfaces.CityServiceTest" time="0.074"/>
  <testcase name="getCityWithHeaders[2]" classname="com.github.dadiyang.httpinvoker.interfaces.CityServiceTest" time="0.082"/>
  <testcase name="getCityWithResultBean[2]" classname="com.github.dadiyang.httpinvoker.interfaces.CityServiceTest" time="0.082"/>
  <testcase name="getCityByName[2]" classname="com.github.dadiyang.httpinvoker.interfaces.CityServiceTest" time="0.112"/>
  <testcase name="getCityWithCookies[2]" classname="com.github.dadiyang.httpinvoker.interfaces.CityServiceTest" time="0.095"/>
  <testcase name="getAllCities[2]" classname="com.github.dadiyang.httpinvoker.interfaces.CityServiceTest" time="0.086"/>
  <testcase name="upload[2]" classname="com.github.dadiyang.httpinvoker.interfaces.CityServiceTest" time="0.086"/>
  <testcase name="getCityObject[2]" classname="com.github.dadiyang.httpinvoker.interfaces.CityServiceTest" time="0.111"/>
  <testcase name="patchCity[2]" classname="com.github.dadiyang.httpinvoker.interfaces.CityServiceTest" time="0.079"/>
  <testcase name="updateCity[2]" classname="com.github.dadiyang.httpinvoker.interfaces.CityServiceTest" time="0.078"/>
  <testcase name="getCityWithStatusCode[2]" classname="com.github.dadiyang.httpinvoker.interfaces.CityServiceTest" time="0.087"/>
  <testcase name="uploadTest[2]" classname="com.github.dadiyang.httpinvoker.interfaces.CityServiceTest" time="4.903"/>
  <testcase name="getCity[2]" classname="com.github.dadiyang.httpinvoker.interfaces.CityServiceTest" time="0.065"/>
  <testcase name="getDate[2]" classname="com.github.dadiyang.httpinvoker.interfaces.CityServiceTest" time="0.098"/>
  <testcase name="getCities[2]" classname="com.github.dadiyang.httpinvoker.interfaces.CityServiceTest" time="0.08"/>
  <testcase name="getCityWithErrHeaders[2]" classname="com.github.dadiyang.httpinvoker.interfaces.CityServiceTest" time="0.034"/>
  <testcase name="saveCities[2]" classname="com.github.dadiyang.httpinvoker.interfaces.CityServiceTest" time="0.094"/>
  <testcase name="getCityName[2]" classname="com.github.dadiyang.httpinvoker.interfaces.CityServiceTest" time="0.114"/>
  <testcase name="getCityRest[2]" classname="com.github.dadiyang.httpinvoker.interfaces.CityServiceTest" time="0.091"/>
  <testcase name="hasCity[2]" classname="com.github.dadiyang.httpinvoker.interfaces.CityServiceTest" time="0.082"/>
  <testcase name="getCityByComplicatedInfo[2]" classname="com.github.dadiyang.httpinvoker.interfaces.CityServiceTest" time="0.078"/>
  <testcase name="getString[2]" classname="com.github.dadiyang.httpinvoker.interfaces.CityServiceTest" time="0.106"/>
  <testcase name="getAllCitiesWithResultBeanResponseProcessor[2]" classname="com.github.dadiyang.httpinvoker.interfaces.CityServiceTest" time="0.079"/>
  <testcase name="preprocessorTest[2]" classname="com.github.dadiyang.httpinvoker.interfaces.CityServiceTest" time="0.073"/>
  <testcase name="listCity[2]" classname="com.github.dadiyang.httpinvoker.interfaces.CityServiceTest" time="0.08"/>
  <testcase name="deleteCity[2]" classname="com.github.dadiyang.httpinvoker.interfaces.CityServiceTest" time="0.565"/>
  <testcase name="testWithConfigPathVariable[2]" classname="com.github.dadiyang.httpinvoker.interfaces.CityServiceTest" time="0.112"/>
</testsuite>