<?xml version="1.0" encoding="UTF-8"?>
<testsuite xmlns:xsi="http://www.w3.org/2001/XMLSchema-instance" xsi:schemaLocation="https://maven.apache.org/surefire/maven-surefire-plugin/xsd/surefire-test-report.xsd" name="com.github.vincentrussell.query.mongodb.sql.converter.QueryConverterTest" time="4.682" tests="159" errors="0" skipped="0" failures="0">
  <properties>
    <property name="java.runtime.name" value="OpenJDK Runtime Environment"/>
    <property name="sun.boot.library.path" value="/usr/local/openjdk-8/jre/lib/amd64"/>
    <property name="java.vm.version" value="25.262-b10"/>
    <property name="animal.sniffer.skip" value="true"/>
    <property name="java.vm.vendor" value="Oracle Corporation"/>
    <property name="maven.multiModuleProjectDirectory" value="/tmp/tmp1oql215c/sql-to-mongo-db-query-converter"/>
    <property name="maven.javadoc.skip" value="true"/>
    <property name="java.vendor.url" value="http://java.oracle.com/"/>
    <property name="path.separator" value=":"/>
    <property name="guice.disable.misplaced.annotation.check" value="true"/>
    <property name="java.vm.name" value="OpenJDK 64-Bit Server VM"/>
    <property name="file.encoding.pkg" value="sun.io"/>
    <property name="sun.java.launcher" value="SUN_STANDARD"/>
    <property name="sun.os.patch.level" value="unknown"/>
    <property name="source.skip" value="true"/>
    <property name="java.vm.specification.name" value="Java Virtual Machine Specification"/>
    <property name="user.dir" value="/tmp/tmp1oql215c/sql-to-mongo-db-query-converter"/>
    <property name="java.runtime.version" value="1.8.0_262-b10"/>
    <property name="java.awt.graphicsenv" value="sun.awt.X11GraphicsEnvironment"/>
    <property name="java.endorsed.dirs" value="/usr/local/openjdk-8/jre/lib/endorsed"/>
    <property name="os.arch" value="amd64"/>
    <property name="java.io.tmpdir" value="/tmp"/>
    <property name="line.separator" value="&#10;"/>
    <property name="java.vm.specification.vendor" value="Oracle Corporation"/>
    <property name="os.name" value="Linux"/>
    <property name="classworlds.conf" value="/usr/share/maven/bin/m2.conf"/>
    <property name="sun.jnu.encoding" value="UTF-8"/>
    <property name="java.library.path" value="/usr/java/packages/lib/amd64:/usr/lib64:/lib64:/lib:/usr/lib"/>
    <property name="license.skip" value="true"/>
    <property name="maven.conf" value="/usr/share/maven/conf"/>
    <property name="java.specification.name" value="Java Platform API Specification"/>
    <property name="java.class.version" value="52.0"/>
    <property name="sun.management.compiler" value="HotSpot 64-Bit Tiered Compilers"/>
    <property name="maven.test.failure.ignore" value="true"/>
    <property name="os.version" value="4.15.0-109-generic"/>
    <property name="library.jansi.path" value="/usr/share/maven/lib/jansi-native"/>
    <property name="user.home" value="/home/jdbl"/>
    <property name="user.timezone" value="Etc/UTC"/>
    <property name="java.awt.printerjob" value="sun.print.PSPrinterJob"/>
    <property name="java.specification.version" value="1.8"/>
    <property name="file.encoding" value="UTF-8"/>
    <property name="user.name" value="jdbl"/>
    <property name="java.class.path" value="/usr/share/maven/boot/plexus-classworlds-2.6.0.jar"/>
    <property name="java.vm.specification.version" value="1.8"/>
    <property name="sun.arch.data.model" value="64"/>
    <property name="java.home" value="/usr/local/openjdk-8/jre"/>
    <property name="sun.java.command" value="org.codehaus.plexus.classworlds.launcher.Launcher test -e --fail-never -ntp -Dmaven.test.failure.ignore=true -B -Dmaven.javadoc.skip=true -Drat.skip=true -Danimal.sniffer.skip=true -Dmaven.javadoc.skip=true -Dlicense.skip=true -Dsource.skip=true"/>
    <property name="java.specification.vendor" value="Oracle Corporation"/>
    <property name="user.language" value="en"/>
    <property name="awt.toolkit" value="sun.awt.X11.XToolkit"/>
    <property name="java.vm.info" value="mixed mode"/>
    <property name="java.version" value="1.8.0_262"/>
    <property name="java.ext.dirs" value="/usr/local/openjdk-8/jre/lib/ext:/usr/java/packages/lib/ext"/>
    <property name="securerandom.source" value="file:/dev/./urandom"/>
    <property name="sun.boot.class.path" value="/usr/local/openjdk-8/jre/lib/resources.jar:/usr/local/openjdk-8/jre/lib/rt.jar:/usr/local/openjdk-8/jre/lib/sunrsasign.jar:/usr/local/openjdk-8/jre/lib/jsse.jar:/usr/local/openjdk-8/jre/lib/jce.jar:/usr/local/openjdk-8/jre/lib/charsets.jar:/usr/local/openjdk-8/jre/lib/jfr.jar:/usr/local/openjdk-8/jre/classes"/>
    <property name="java.vendor" value="Oracle Corporation"/>
    <property name="rat.skip" value="true"/>
    <property name="maven.home" value="/usr/share/maven"/>
    <property name="file.separator" value="/"/>
    <property name="java.vendor.url.bug" value="http://bugreport.sun.com/bugreport/"/>
    <property name="sun.cpu.endian" value="little"/>
    <property name="sun.io.unicode.encoding" value="UnicodeLittle"/>
    <property name="sun.cpu.isalist" value=""/>
  </properties>
  <testcase name="writeWithProjectionsAliasAllSortAllOffset" classname="com.github.vincentrussell.query.mongodb.sql.converter.QueryConverterTest" time="0.004"/>
  <testcase name="fromWithSubQuery" classname="com.github.vincentrussell.query.mongodb.sql.converter.QueryConverterTest" time="0.001"/>
  <testcase name="writeWithProjectionsTableAlias" classname="com.github.vincentrussell.query.mongodb.sql.converter.QueryConverterTest" time="0.002"/>
  <testcase name="regexMatchWithoutEquals" classname="com.github.vincentrussell.query.mongodb.sql.converter.QueryConverterTest" time="0.003"/>
  <testcase name="writeWithProjectionsAliasAllSortAllLimitOffset" classname="com.github.vincentrussell.query.mongodb.sql.converter.QueryConverterTest" time="0.001"/>
  <testcase name="selectAllFromTableWithLikeQueryRange" classname="com.github.vincentrussell.query.mongodb.sql.converter.QueryConverterTest" time="0.001"/>
  <testcase name="selectAllFromTableWithSimpleWhereClauseLongOverrideWithDateNaturalGT" classname="com.github.vincentrussell.query.mongodb.sql.converter.QueryConverterTest" time="3.885"/>
  <testcase name="selectNestedColumnsFromTableWithSimpleWhereClauseString" classname="com.github.vincentrussell.query.mongodb.sql.converter.QueryConverterTest" time="0"/>
  <testcase name="specialtyFunctionRecursiveTest" classname="com.github.vincentrussell.query.mongodb.sql.converter.QueryConverterTest" time="0"/>
  <testcase name="writeWithProjectionsAliasAllSortMixed" classname="com.github.vincentrussell.query.mongodb.sql.converter.QueryConverterTest" time="0.004"/>
  <testcase name="writeSortByWithoutProjections" classname="com.github.vincentrussell.query.mongodb.sql.converter.QueryConverterTest" time="0"/>
  <testcase name="writeMaxGroupByWithSortWithAlias" classname="com.github.vincentrussell.query.mongodb.sql.converter.QueryConverterTest" time="0.01"/>
  <testcase name="fuzzyDateUnparseable" classname="com.github.vincentrussell.query.mongodb.sql.converter.QueryConverterTest" time="0.015"/>
  <testcase name="likeTestWithDefaultFieldType" classname="com.github.vincentrussell.query.mongodb.sql.converter.QueryConverterTest" time="0.003"/>
  <testcase name="writeCountGroupByWithSortAliasFieldsWithMultiAlias" classname="com.github.vincentrussell.query.mongodb.sql.converter.QueryConverterTest" time="0.001"/>
  <testcase name="booleanTest" classname="com.github.vincentrussell.query.mongodb.sql.converter.QueryConverterTest" time="0"/>
  <testcase name="selectAllFromTableWithLikeQueryOneCharMultipleWildcards" classname="com.github.vincentrussell.query.mongodb.sql.converter.QueryConverterTest" time="0.001"/>
  <testcase name="regexMatchWithEscapedQuote" classname="com.github.vincentrussell.query.mongodb.sql.converter.QueryConverterTest" time="0.001"/>
  <testcase name="selectAllFromTableWithSimpleWhereClauseLongOverrideWithNumberNegativeLong" classname="com.github.vincentrussell.query.mongodb.sql.converter.QueryConverterTest" time="0.001"/>
  <testcase name="avgAllWithAlias" classname="com.github.vincentrussell.query.mongodb.sql.converter.QueryConverterTest" time="0.002"/>
  <testcase name="objectIdFunctionInTest" classname="com.github.vincentrussell.query.mongodb.sql.converter.QueryConverterTest" time="0.017"/>
  <testcase name="specialtyFunctionWithEqualsTest" classname="com.github.vincentrussell.query.mongodb.sql.converter.QueryConverterTest" time="0.001"/>
  <testcase name="selectDistinctFieldFromTableWithSimpleWhereClauseLong" classname="com.github.vincentrussell.query.mongodb.sql.converter.QueryConverterTest" time="0.001"/>
  <testcase name="sumAllWithAlias" classname="com.github.vincentrussell.query.mongodb.sql.converter.QueryConverterTest" time="0.002"/>
  <testcase name="selectAllFromTableWithoutWhereClause" classname="com.github.vincentrussell.query.mongodb.sql.converter.QueryConverterTest" time="0.001"/>
  <testcase name="writeHavingMultiOpAlias" classname="com.github.vincentrussell.query.mongodb.sql.converter.QueryConverterTest" time="0.007"/>
  <testcase name="deepNestedQuery" classname="com.github.vincentrussell.query.mongodb.sql.converter.QueryConverterTest" time="0"/>
  <testcase name="aliasPlainQuery" classname="com.github.vincentrussell.query.mongodb.sql.converter.QueryConverterTest" time="0.001"/>
  <testcase name="negativebooleanTestFalse" classname="com.github.vincentrussell.query.mongodb.sql.converter.QueryConverterTest" time="0.002"/>
  <testcase name="avgAll" classname="com.github.vincentrussell.query.mongodb.sql.converter.QueryConverterTest" time="0.001"/>
  <testcase name="writeHavingMultiOp" classname="com.github.vincentrussell.query.mongodb.sql.converter.QueryConverterTest" time="0.005"/>
  <testcase name="specialtyFunctionTest" classname="com.github.vincentrussell.query.mongodb.sql.converter.QueryConverterTest" time="0.002"/>
  <testcase name="countAllWithAlias" classname="com.github.vincentrussell.query.mongodb.sql.converter.QueryConverterTest" time="0.001"/>
  <testcase name="dateMatchGTE" classname="com.github.vincentrussell.query.mongodb.sql.converter.QueryConverterTest" time="0.005"/>
  <testcase name="dateMatchLTE" classname="com.github.vincentrussell.query.mongodb.sql.converter.QueryConverterTest" time="0"/>
  <testcase name="aliasGroupQuerySingleGroup" classname="com.github.vincentrussell.query.mongodb.sql.converter.QueryConverterTest" time="0"/>
  <testcase name="selectFromMultipleTables" classname="com.github.vincentrussell.query.mongodb.sql.converter.QueryConverterTest" time="0.008"/>
  <testcase name="negativebooleanTestWithoutEquals" classname="com.github.vincentrussell.query.mongodb.sql.converter.QueryConverterTest" time="0"/>
  <testcase name="selectAllFromTableWithSimpleWhereClauseLongNotNull" classname="com.github.vincentrussell.query.mongodb.sql.converter.QueryConverterTest" time="0"/>
  <testcase name="selectAllFromTableWithSimpleWhereClauseLongNull" classname="com.github.vincentrussell.query.mongodb.sql.converter.QueryConverterTest" time="0"/>
  <testcase name="testCountAllGroupByWithHaving" classname="com.github.vincentrussell.query.mongodb.sql.converter.QueryConverterTest" time="0"/>
  <testcase name="objectIdFunctionNotTest" classname="com.github.vincentrussell.query.mongodb.sql.converter.QueryConverterTest" time="0.001"/>
  <testcase name="selectAllFromTableWithSimpleWhereSimpleAnd" classname="com.github.vincentrussell.query.mongodb.sql.converter.QueryConverterTest" time="0"/>
  <testcase name="specialtyFunctionWithInTest" classname="com.github.vincentrussell.query.mongodb.sql.converter.QueryConverterTest" time="0.018"/>
  <testcase name="deleteQuery" classname="com.github.vincentrussell.query.mongodb.sql.converter.QueryConverterTest" time="0.003"/>
  <testcase name="maxAll" classname="com.github.vincentrussell.query.mongodb.sql.converter.QueryConverterTest" time="0"/>
  <testcase name="minAll" classname="com.github.vincentrussell.query.mongodb.sql.converter.QueryConverterTest" time="0.018"/>
  <testcase name="countBySum" classname="com.github.vincentrussell.query.mongodb.sql.converter.QueryConverterTest" time="0"/>
  <testcase name="aLotofOrs" classname="com.github.vincentrussell.query.mongodb.sql.converter.QueryConverterTest" time="0.014"/>
  <testcase name="negativebooleanTest" classname="com.github.vincentrussell.query.mongodb.sql.converter.QueryConverterTest" time="0.001"/>
  <testcase name="OIDInsideEqualTest" classname="com.github.vincentrussell.query.mongodb.sql.converter.QueryConverterTest" time="0.002"/>
  <testcase name="regexMatch" classname="com.github.vincentrussell.query.mongodb.sql.converter.QueryConverterTest" time="0.001"/>
  <testcase name="writeCountGroupByWithSortFieldsWithPartialAlias" classname="com.github.vincentrussell.query.mongodb.sql.converter.QueryConverterTest" time="0.003"/>
  <testcase name="writeWithProjectionsAliasAllSortAllLimitOffsetTableAliasNestedFields" classname="com.github.vincentrussell.query.mongodb.sql.converter.QueryConverterTest" time="0.016"/>
  <testcase name="specialtyFunctionWithMultipleArgsTest" classname="com.github.vincentrussell.query.mongodb.sql.converter.QueryConverterTest" time="0.006"/>
  <testcase name="sumAll" classname="com.github.vincentrussell.query.mongodb.sql.converter.QueryConverterTest" time="0.002"/>
  <testcase name="selectAllFromTableWithSimpleWhereNotBeforeBraces" classname="com.github.vincentrussell.query.mongodb.sql.converter.QueryConverterTest" time="0.001"/>
  <testcase name="writeSumGroupByWithOptions" classname="com.github.vincentrussell.query.mongodb.sql.converter.QueryConverterTest" time="0.002"/>
  <testcase name="writeHavingMultiCondCountAlias" classname="com.github.vincentrussell.query.mongodb.sql.converter.QueryConverterTest" time="0.002"/>
  <testcase name="selectDistinctAll" classname="com.github.vincentrussell.query.mongodb.sql.converter.QueryConverterTest" time="0.001"/>
  <testcase name="writeCount" classname="com.github.vincentrussell.query.mongodb.sql.converter.QueryConverterTest" time="0.013"/>
  <testcase name="writeWithoutProjections" classname="com.github.vincentrussell.query.mongodb.sql.converter.QueryConverterTest" time="0.006"/>
  <testcase name="writeCountGroupByWithSortCountWithMultiAlias" classname="com.github.vincentrussell.query.mongodb.sql.converter.QueryConverterTest" time="0.003"/>
  <testcase name="selectAllFromTableWithNotLikeQuery" classname="com.github.vincentrussell.query.mongodb.sql.converter.QueryConverterTest" time="0.007"/>
  <testcase name="writeHavingAliasCountAlias" classname="com.github.vincentrussell.query.mongodb.sql.converter.QueryConverterTest" time="0.022"/>
  <testcase name="minAllWithAlias" classname="com.github.vincentrussell.query.mongodb.sql.converter.QueryConverterTest" time="0"/>
  <testcase name="writeHavingMultiOpAliasSort" classname="com.github.vincentrussell.query.mongodb.sql.converter.QueryConverterTest" time="0"/>
  <testcase name="writeHavingFunctionCompCountAliasAndDummyWhere" classname="com.github.vincentrussell.query.mongodb.sql.converter.QueryConverterTest" time="0.01"/>
  <testcase name="objectIdFunctionTest" classname="com.github.vincentrussell.query.mongodb.sql.converter.QueryConverterTest" time="0.007"/>
  <testcase name="selectAllFromTableWithSimpleWhereClauseLongOverrideWithDateISO8601GT" classname="com.github.vincentrussell.query.mongodb.sql.converter.QueryConverterTest" time="0.004"/>
  <testcase name="selectAllFromTableWithLikeQueryOneChar" classname="com.github.vincentrussell.query.mongodb.sql.converter.QueryConverterTest" time="0"/>
  <testcase name="unicodeCharacters" classname="com.github.vincentrussell.query.mongodb.sql.converter.QueryConverterTest" time="0.001"/>
  <testcase name="writeSumGroupByWithSortAliasWithAlias" classname="com.github.vincentrussell.query.mongodb.sql.converter.QueryConverterTest" time="0.015"/>
  <testcase name="writeSumGroupByWithSortFieldsWithPartialAliasNoCountTableAliasNestedFields" classname="com.github.vincentrussell.query.mongodb.sql.converter.QueryConverterTest" time="0.003"/>
  <testcase name="writeWithProjectionsAliasAllSortAllLimitOffsetTableAlias" classname="com.github.vincentrussell.query.mongodb.sql.converter.QueryConverterTest" time="0.002"/>
  <testcase name="aliasGroupQueryNoGroupAlias" classname="com.github.vincentrussell.query.mongodb.sql.converter.QueryConverterTest" time="0.007"/>
  <testcase name="selectAllFromTableWithSimpleWhereClauseLongOverrideWithDateGT" classname="com.github.vincentrussell.query.mongodb.sql.converter.QueryConverterTest" time="0.008"/>
  <testcase name="writeCountGroupByWithSortFieldsWithMultiAlias" classname="com.github.vincentrussell.query.mongodb.sql.converter.QueryConverterTest" time="0.026"/>
  <testcase name="selectColumnsWithIdFromTableWithSimpleWhereClauseString" classname="com.github.vincentrussell.query.mongodb.sql.converter.QueryConverterTest" time="0.001"/>
  <testcase name="selectAllFromTableWithSimpleWhereClauseLongGTE" classname="com.github.vincentrussell.query.mongodb.sql.converter.QueryConverterTest" time="0.001"/>
  <testcase name="selectAllFromTableWithSimpleWhereClauseLongLTE" classname="com.github.vincentrussell.query.mongodb.sql.converter.QueryConverterTest" time="0.016"/>
  <testcase name="selectAllFromTableWithSimpleWhereSimpleOr" classname="com.github.vincentrussell.query.mongodb.sql.converter.QueryConverterTest" time="0"/>
  <testcase name="writeCountGroupByWithSort" classname="com.github.vincentrussell.query.mongodb.sql.converter.QueryConverterTest" time="0"/>
  <testcase name="likeTestWithDoubleQuotes" classname="com.github.vincentrussell.query.mongodb.sql.converter.QueryConverterTest" time="0"/>
  <testcase name="aliasGroupQueryAliasAndNot" classname="com.github.vincentrussell.query.mongodb.sql.converter.QueryConverterTest" time="0"/>
  <testcase name="writeWithProjections" classname="com.github.vincentrussell.query.mongodb.sql.converter.QueryConverterTest" time="0.009"/>
  <testcase name="complicatedTest" classname="com.github.vincentrussell.query.mongodb.sql.converter.QueryConverterTest" time="0.006"/>
  <testcase name="regexMatchWithOptions" classname="com.github.vincentrussell.query.mongodb.sql.converter.QueryConverterTest" time="0.001"/>
  <testcase name="selectAllFromTableWithSimpleWhereClauseLongOverrideWithNumber" classname="com.github.vincentrussell.query.mongodb.sql.converter.QueryConverterTest" time="0.01"/>
  <testcase name="writeWithProjectionsAliasAllSortAllLimit" classname="com.github.vincentrussell.query.mongodb.sql.converter.QueryConverterTest" time="0.007"/>
  <testcase name="selectAllFromTableWithLikeQueryMultipleWildcards" classname="com.github.vincentrussell.query.mongodb.sql.converter.QueryConverterTest" time="0.001"/>
  <testcase name="dateTestWithFieldMappingsOfString" classname="com.github.vincentrussell.query.mongodb.sql.converter.QueryConverterTest" time="0.033"/>
  <testcase name="selectAllFromTableWithSimpleWhereClauseLongOverrideWithString" classname="com.github.vincentrussell.query.mongodb.sql.converter.QueryConverterTest" time="0.005"/>
  <testcase name="withAbsentField" classname="com.github.vincentrussell.query.mongodb.sql.converter.QueryConverterTest" time="0.001"/>
  <testcase name="writeSumGroupBy" classname="com.github.vincentrussell.query.mongodb.sql.converter.QueryConverterTest" time="0.002"/>
  <testcase name="selectDistinctMultipleFields" classname="com.github.vincentrussell.query.mongodb.sql.converter.QueryConverterTest" time="0.001"/>
  <testcase name="testCountAllGroupByMultipleFields" classname="com.github.vincentrussell.query.mongodb.sql.converter.QueryConverterTest" time="0.001"/>
  <testcase name="writeHavingCountAlias" classname="com.github.vincentrussell.query.mongodb.sql.converter.QueryConverterTest" time="0.008"/>
  <testcase name="writeCountGroupByWithSortFieldsWithPartialAliasNoCount" classname="com.github.vincentrussell.query.mongodb.sql.converter.QueryConverterTest" time="0.002"/>
  <testcase name="writeWithProjectionsAliasSingleTableAlias" classname="com.github.vincentrussell.query.mongodb.sql.converter.QueryConverterTest" time="0.01"/>
  <testcase name="writeWithProjectionsAliasAllSortAll" classname="com.github.vincentrussell.query.mongodb.sql.converter.QueryConverterTest" time="0"/>
  <testcase name="selectAllFromTableWithSimpleWhereClauseLong" classname="com.github.vincentrussell.query.mongodb.sql.converter.QueryConverterTest" time="0.005"/>
  <testcase name="maxAllWithAlias" classname="com.github.vincentrussell.query.mongodb.sql.converter.QueryConverterTest" time="0.006"/>
  <testcase name="selectAllFromTableWithSimpleWhereNestedOr" classname="com.github.vincentrussell.query.mongodb.sql.converter.QueryConverterTest" time="0"/>
  <testcase name="withPresentField" classname="com.github.vincentrussell.query.mongodb.sql.converter.QueryConverterTest" time="0.013"/>
  <testcase name="selectAllFromTableWithSimpleWhereNotBeforeAndInBraces" classname="com.github.vincentrussell.query.mongodb.sql.converter.QueryConverterTest" time="0.001"/>
  <testcase name="doubleEquals" classname="com.github.vincentrussell.query.mongodb.sql.converter.QueryConverterTest" time="0.032"/>
  <testcase name="OIDInsideInTest" classname="com.github.vincentrussell.query.mongodb.sql.converter.QueryConverterTest" time="0.014"/>
  <testcase name="writeWithProjectionsAliasSingle" classname="com.github.vincentrussell.query.mongodb.sql.converter.QueryConverterTest" time="0.001"/>
  <testcase name="selectAllFromTableWithSimpleWhereNotBeforeOrInBraces" classname="com.github.vincentrussell.query.mongodb.sql.converter.QueryConverterTest" time="0.003"/>
  <testcase name="writeWithProjectionsAliasAllSortSingle" classname="com.github.vincentrussell.query.mongodb.sql.converter.QueryConverterTest" time="0"/>
  <testcase name="writeCountGroupByWithSortWithAlias" classname="com.github.vincentrussell.query.mongodb.sql.converter.QueryConverterTest" time="0.001"/>
  <testcase name="selectAllFromTableWithSimpleWhereClauseLongOverrideWithNumberGT" classname="com.github.vincentrussell.query.mongodb.sql.converter.QueryConverterTest" time="0.004"/>
  <testcase name="regexMatchInvalidRegex" classname="com.github.vincentrussell.query.mongodb.sql.converter.QueryConverterTest" time="0.012"/>
  <testcase name="selectColumnsFromTableWithSimpleWhereClauseString" classname="com.github.vincentrussell.query.mongodb.sql.converter.QueryConverterTest" time="0.006"/>
  <testcase name="writeSumGroupByWithSortFieldsWithPartialAliasNoCountTableAlias" classname="com.github.vincentrussell.query.mongodb.sql.converter.QueryConverterTest" time="0.022"/>
  <testcase name="writeAvgGroupByWithSortWithAlias" classname="com.github.vincentrussell.query.mongodb.sql.converter.QueryConverterTest" time="0.009"/>
  <testcase name="selectAllFromTableWithoutWhereClauseOffset" classname="com.github.vincentrussell.query.mongodb.sql.converter.QueryConverterTest" time="0"/>
  <testcase name="likeTestWithAbsentFieldType" classname="com.github.vincentrussell.query.mongodb.sql.converter.QueryConverterTest" time="0.001"/>
  <testcase name="selectAllFromTableWithoutWhereClauseLimitOffset" classname="com.github.vincentrussell.query.mongodb.sql.converter.QueryConverterTest" time="0.014"/>
  <testcase name="selectAllFromTableWithSimpleWhereClauseLongOverrideWitUnparseableNaturalDateGT" classname="com.github.vincentrussell.query.mongodb.sql.converter.QueryConverterTest" time="0.002"/>
  <testcase name="testCountAllGroupBy" classname="com.github.vincentrussell.query.mongodb.sql.converter.QueryConverterTest" time="0.001"/>
  <testcase name="selectColumnsFromTableWithSimpleWhereWithNotInClause" classname="com.github.vincentrussell.query.mongodb.sql.converter.QueryConverterTest" time="0"/>
  <testcase name="groupByAvg" classname="com.github.vincentrussell.query.mongodb.sql.converter.QueryConverterTest" time="0"/>
  <testcase name="groupByMax" classname="com.github.vincentrussell.query.mongodb.sql.converter.QueryConverterTest" time="0.005"/>
  <testcase name="groupByMin" classname="com.github.vincentrussell.query.mongodb.sql.converter.QueryConverterTest" time="0.001"/>
  <testcase name="groupBySum" classname="com.github.vincentrussell.query.mongodb.sql.converter.QueryConverterTest" time="0.001"/>
  <testcase name="selectAllFromTableWithSimpleWhereClauseLongNotEquals" classname="com.github.vincentrussell.query.mongodb.sql.converter.QueryConverterTest" time="0.001"/>
  <testcase name="selectWithSubQuery" classname="com.github.vincentrussell.query.mongodb.sql.converter.QueryConverterTest" time="0.003"/>
  <testcase name="regexMatchMalformed" classname="com.github.vincentrussell.query.mongodb.sql.converter.QueryConverterTest" time="0"/>
  <testcase name="specialtyFunctionWithNotInTest" classname="com.github.vincentrussell.query.mongodb.sql.converter.QueryConverterTest" time="0.006"/>
  <testcase name="writeHavingFunctionCompCountAlias" classname="com.github.vincentrussell.query.mongodb.sql.converter.QueryConverterTest" time="0.002"/>
  <testcase name="regexMatchtWithFieldMappingsOfString" classname="com.github.vincentrussell.query.mongodb.sql.converter.QueryConverterTest" time="0.009"/>
  <testcase name="aliasGroupQueryAllAlias" classname="com.github.vincentrussell.query.mongodb.sql.converter.QueryConverterTest" time="0.001"/>
  <testcase name="aLotofAnds" classname="com.github.vincentrussell.query.mongodb.sql.converter.QueryConverterTest" time="0.001"/>
  <testcase name="countAllFromTableWithNotLikeQuery" classname="com.github.vincentrussell.query.mongodb.sql.converter.QueryConverterTest" time="0.001"/>
  <testcase name="writeSumGroupByWithSortWithAlias" classname="com.github.vincentrussell.query.mongodb.sql.converter.QueryConverterTest" time="0.002"/>
  <testcase name="booleanTestWithoutEquals" classname="com.github.vincentrussell.query.mongodb.sql.converter.QueryConverterTest" time="0"/>
  <testcase name="selectColumnsFromTableWithSimpleWhereWithInClause" classname="com.github.vincentrussell.query.mongodb.sql.converter.QueryConverterTest" time="0.007"/>
  <testcase name="selectAllFromTableWithSimpleWhereClauseLongGT" classname="com.github.vincentrussell.query.mongodb.sql.converter.QueryConverterTest" time="0.001"/>
  <testcase name="selectAllFromTableWithSimpleWhereClauseLongLT" classname="com.github.vincentrussell.query.mongodb.sql.converter.QueryConverterTest" time="0.006"/>
  <testcase name="deleteInQuery" classname="com.github.vincentrussell.query.mongodb.sql.converter.QueryConverterTest" time="0.001"/>
  <testcase name="doubleQuotesAreRemoved" classname="com.github.vincentrussell.query.mongodb.sql.converter.QueryConverterTest" time="0.001"/>
  <testcase name="objectIdFunctionNotInTest" classname="com.github.vincentrussell.query.mongodb.sql.converter.QueryConverterTest" time="0.002"/>
  <testcase name="writeWithoutDistinctProjections" classname="com.github.vincentrussell.query.mongodb.sql.converter.QueryConverterTest" time="0.001"/>
  <testcase name="selectAllFromTableWithSimpleWhereClauseString" classname="com.github.vincentrussell.query.mongodb.sql.converter.QueryConverterTest" time="0.001"/>
  <testcase name="fuzzyDateTest" classname="com.github.vincentrussell.query.mongodb.sql.converter.QueryConverterTest" time="0.003"/>
  <testcase name="writeHavingCount" classname="com.github.vincentrussell.query.mongodb.sql.converter.QueryConverterTest" time="0.002"/>
  <testcase name="specialtyFunctionWithNoArgsTest" classname="com.github.vincentrussell.query.mongodb.sql.converter.QueryConverterTest" time="0.001"/>
  <testcase name="writeMinGroupByWithSortWithAlias" classname="com.github.vincentrussell.query.mongodb.sql.converter.QueryConverterTest" time="0.001"/>
  <testcase name="selectAllFromTableWithLikeQuery" classname="com.github.vincentrussell.query.mongodb.sql.converter.QueryConverterTest" time="0.001"/>
  <testcase name="singleQuoteSelect" classname="com.github.vincentrussell.query.mongodb.sql.converter.QueryConverterTest" time="0.001"/>
  <testcase name="selectAllFromTableWithoutWhereClauseOrderByField1" classname="com.github.vincentrussell.query.mongodb.sql.converter.QueryConverterTest" time="0.001"/>
  <testcase name="dateMatchGT" classname="com.github.vincentrussell.query.mongodb.sql.converter.QueryConverterTest" time="0"/>
  <testcase name="dateMatchLT" classname="com.github.vincentrussell.query.mongodb.sql.converter.QueryConverterTest" time="0"/>
  <testcase name="booleanTestFalse" classname="com.github.vincentrussell.query.mongodb.sql.converter.QueryConverterTest" time="0.005"/>
  <testcase name="deleteQueryMoreComplicated" classname="com.github.vincentrussell.query.mongodb.sql.converter.QueryConverterTest" time="0.001"/>
  <testcase name="selectAllFromTableWithoutWhereClauseLimit" classname="com.github.vincentrussell.query.mongodb.sql.converter.QueryConverterTest" time="0.001"/>
  <testcase name="writeWithProjectionsAliasAll" classname="com.github.vincentrussell.query.mongodb.sql.converter.QueryConverterTest" time="0.001"/>
</testsuite>