<?xml version="1.0" encoding="UTF-8"?>
<testsuite xmlns:xsi="http://www.w3.org/2001/XMLSchema-instance" xsi:schemaLocation="https://maven.apache.org/surefire/maven-surefire-plugin/xsd/surefire-test-report.xsd" name="com.collabinate.server.engine.GraphServerReaderTest" time="1.638" tests="49" errors="0" skipped="0" failures="0">
  <properties>
    <property name="java.runtime.name" value="OpenJDK Runtime Environment"/>
    <property name="sun.boot.library.path" value="/usr/local/openjdk-8/jre/lib/amd64"/>
    <property name="java.vm.version" value="25.262-b10"/>
    <property name="animal.sniffer.skip" value="true"/>
    <property name="java.vm.vendor" value="Oracle Corporation"/>
    <property name="maven.multiModuleProjectDirectory" value="/tmp/tmp7m348uvb/Collabinate/collabinate-server"/>
    <property name="maven.javadoc.skip" value="true"/>
    <property name="java.vendor.url" value="http://java.oracle.com/"/>
    <property name="path.separator" value=":"/>
    <property name="guice.disable.misplaced.annotation.check" value="true"/>
    <property name="java.vm.name" value="OpenJDK 64-Bit Server VM"/>
    <property name="file.encoding.pkg" value="sun.io"/>
    <property name="sun.java.launcher" value="SUN_STANDARD"/>
    <property name="sun.os.patch.level" value="unknown"/>
    <property name="source.skip" value="true"/>
    <property name="java.vm.specification.name" value="Java Virtual Machine Specification"/>
    <property name="user.dir" value="/tmp/tmp7m348uvb/Collabinate/collabinate-server"/>
    <property name="java.runtime.version" value="1.8.0_262-b10"/>
    <property name="java.awt.graphicsenv" value="sun.awt.X11GraphicsEnvironment"/>
    <property name="java.endorsed.dirs" value="/usr/local/openjdk-8/jre/lib/endorsed"/>
    <property name="os.arch" value="amd64"/>
    <property name="java.io.tmpdir" value="/tmp"/>
    <property name="line.separator" value="&#10;"/>
    <property name="java.vm.specification.vendor" value="Oracle Corporation"/>
    <property name="os.name" value="Linux"/>
    <property name="classworlds.conf" value="/usr/share/maven/bin/m2.conf"/>
    <property name="sun.jnu.encoding" value="UTF-8"/>
    <property name="java.library.path" value="/usr/java/packages/lib/amd64:/usr/lib64:/lib64:/lib:/usr/lib"/>
    <property name="license.skip" value="true"/>
    <property name="maven.conf" value="/usr/share/maven/conf"/>
    <property name="java.specification.name" value="Java Platform API Specification"/>
    <property name="java.class.version" value="52.0"/>
    <property name="sun.management.compiler" value="HotSpot 64-Bit Tiered Compilers"/>
    <property name="maven.test.failure.ignore" value="true"/>
    <property name="os.version" value="4.15.0-109-generic"/>
    <property name="library.jansi.path" value="/usr/share/maven/lib/jansi-native"/>
    <property name="user.home" value="/home/jdbl"/>
    <property name="user.timezone" value="Etc/UTC"/>
    <property name="java.awt.printerjob" value="sun.print.PSPrinterJob"/>
    <property name="java.specification.version" value="1.8"/>
    <property name="file.encoding" value="UTF-8"/>
    <property name="user.name" value="jdbl"/>
    <property name="java.class.path" value="/usr/share/maven/boot/plexus-classworlds-2.6.0.jar"/>
    <property name="java.vm.specification.version" value="1.8"/>
    <property name="sun.arch.data.model" value="64"/>
    <property name="java.home" value="/usr/local/openjdk-8/jre"/>
    <property name="sun.java.command" value="org.codehaus.plexus.classworlds.launcher.Launcher test -e --fail-never -ntp -Dmaven.test.failure.ignore=true -B -Dmaven.javadoc.skip=true -Drat.skip=true -Danimal.sniffer.skip=true -Dmaven.javadoc.skip=true -Dlicense.skip=true -Dsource.skip=true"/>
    <property name="java.specification.vendor" value="Oracle Corporation"/>
    <property name="user.language" value="en"/>
    <property name="awt.toolkit" value="sun.awt.X11.XToolkit"/>
    <property name="java.vm.info" value="mixed mode"/>
    <property name="java.version" value="1.8.0_262"/>
    <property name="java.ext.dirs" value="/usr/local/openjdk-8/jre/lib/ext:/usr/java/packages/lib/ext"/>
    <property name="securerandom.source" value="file:/dev/./urandom"/>
    <property name="sun.boot.class.path" value="/usr/local/openjdk-8/jre/lib/resources.jar:/usr/local/openjdk-8/jre/lib/rt.jar:/usr/local/openjdk-8/jre/lib/sunrsasign.jar:/usr/local/openjdk-8/jre/lib/jsse.jar:/usr/local/openjdk-8/jre/lib/jce.jar:/usr/local/openjdk-8/jre/lib/charsets.jar:/usr/local/openjdk-8/jre/lib/jfr.jar:/usr/local/openjdk-8/jre/classes"/>
    <property name="java.vendor" value="Oracle Corporation"/>
    <property name="rat.skip" value="true"/>
    <property name="maven.home" value="/usr/share/maven"/>
    <property name="file.separator" value="/"/>
    <property name="java.vendor.url.bug" value="http://bugreport.sun.com/bugreport/"/>
    <property name="sun.cpu.endian" value="little"/>
    <property name="sun.io.unicode.encoding" value="UnicodeLittle"/>
    <property name="sun.cpu.isalist" value=""/>
  </properties>
  <testcase name="should_not_allow_null_graph" classname="com.collabinate.server.engine.GraphServerReaderTest" time="1.112"/>
  <testcase name="deleting_activity_should_remove_all_comments" classname="com.collabinate.server.engine.GraphServerReaderTest" time="0.142"/>
  <testcase name="is_following_should_return_null_if_user_does_not_follow" classname="com.collabinate.server.engine.GraphServerReaderTest" time="0.004"/>
  <testcase name="updated_should_supercede_published_in_stream_order" classname="com.collabinate.server.engine.GraphServerReaderTest" time="0.025"/>
  <testcase name="feed_should_contain_activities_from_all_followed_entities" classname="com.collabinate.server.engine.GraphServerReaderTest" time="0.036"/>
  <testcase name="count_parameter_should_return_correct_number_of_feed_items" classname="com.collabinate.server.engine.GraphServerReaderTest" time="0.005"/>
  <testcase name="delete_entity_should_remove_entity_data" classname="com.collabinate.server.engine.GraphServerReaderTest" time="0.019"/>
  <testcase name="is_following_should_return_null_after_unfollow" classname="com.collabinate.server.engine.GraphServerReaderTest" time="0.003"/>
  <testcase name="updated_should_supercede_published_in_feed_order" classname="com.collabinate.server.engine.GraphServerReaderTest" time="0.005"/>
  <testcase name="user_likes_should_return_time_for_liked_activity" classname="com.collabinate.server.engine.GraphServerReaderTest" time="0.007"/>
  <testcase name="adding_multiple_activities_should_allow_retrieval_of_all" classname="com.collabinate.server.engine.GraphServerReaderTest" time="0.002"/>
  <testcase name="follow_same_entity_twice_should_not_cause_problem_reading_feed" classname="com.collabinate.server.engine.GraphServerReaderTest" time="0.006"/>
  <testcase name="adding_a_comment_should_allow_retrieval_of_the_comment" classname="com.collabinate.server.engine.GraphServerReaderTest" time="0.019"/>
  <testcase name="is_following_should_return_datetime_if_user_follows_entity" classname="com.collabinate.server.engine.GraphServerReaderTest" time="0.007"/>
  <testcase name="user_with_oldest_activity_should_be_last_in_feed_when_added_last" classname="com.collabinate.server.engine.GraphServerReaderTest" time="0.003"/>
  <testcase name="oldest_activity_should_come_last_in_stream" classname="com.collabinate.server.engine.GraphServerReaderTest" time="0.01"/>
  <testcase name="get_likes_with_zero_count_should_return_empty_items" classname="com.collabinate.server.engine.GraphServerReaderTest" time="0.005"/>
  <testcase name="adding_an_activity_should_allow_retrieval_of_the_activity" classname="com.collabinate.server.engine.GraphServerReaderTest" time="0.002"/>
  <testcase name="get_likes_should_return_user_for_liked_activity" classname="com.collabinate.server.engine.GraphServerReaderTest" time="0.002"/>
  <testcase name="get_likes_should_return_empty_for_activity_with_no_likes" classname="com.collabinate.server.engine.GraphServerReaderTest" time="0.001"/>
  <testcase name="deleting_comment_should_maintain_comment_order" classname="com.collabinate.server.engine.GraphServerReaderTest" time="0.012"/>
  <testcase name="removing_old_activity_within_stream_should_not_affect_feed" classname="com.collabinate.server.engine.GraphServerReaderTest" time="0.006"/>
  <testcase name="feed_should_contain_activity_from_followed_entity" classname="com.collabinate.server.engine.GraphServerReaderTest" time="0.002"/>
  <testcase name="count_parameter_should_return_correct_number_of_stream_items" classname="com.collabinate.server.engine.GraphServerReaderTest" time="0.005"/>
  <testcase name="get_likes_should_return_null_for_non_existent_activity" classname="com.collabinate.server.engine.GraphServerReaderTest" time="0.007"/>
  <testcase name="start_parameter_should_start_stream_in_correct_place" classname="com.collabinate.server.engine.GraphServerReaderTest" time="0.009"/>
  <testcase name="zero_published_date_should_return_in_feed" classname="com.collabinate.server.engine.GraphServerReaderTest" time="0.001"/>
  <testcase name="new_activity_added_to_followed_entity_should_put_entity_into_correct_order_in_feed" classname="com.collabinate.server.engine.GraphServerReaderTest" time="0.007"/>
  <testcase name="user_with_newest_activity_should_be_first_in_feed_when_added_last" classname="com.collabinate.server.engine.GraphServerReaderTest" time="0.004"/>
  <testcase name="retrieving_should_not_return_more_elements_than_exist" classname="com.collabinate.server.engine.GraphServerReaderTest" time="0.011"/>
  <testcase name="newest_activity_should_come_first_in_stream" classname="com.collabinate.server.engine.GraphServerReaderTest" time="0.011"/>
  <testcase name="user_likes_should_return_null_for_never_liked_activity" classname="com.collabinate.server.engine.GraphServerReaderTest" time="0"/>
  <testcase name="user_likes_should_return_null_for_unliked_activity" classname="com.collabinate.server.engine.GraphServerReaderTest" time="0.001"/>
  <testcase name="feed_for_user_who_follows_entities_with_no_activities_should_be_empty" classname="com.collabinate.server.engine.GraphServerReaderTest" time="0.001"/>
  <testcase name="removing_activity_should_not_change_remaining_order" classname="com.collabinate.server.engine.GraphServerReaderTest" time="0.002"/>
  <testcase name="removing_newest_activity_in_stream_should_not_affect_feed" classname="com.collabinate.server.engine.GraphServerReaderTest" time="0.013"/>
  <testcase name="adding_an_activity_should_allow_retrieval_of_the_single_activity" classname="com.collabinate.server.engine.GraphServerReaderTest" time="0"/>
  <testcase name="comments_should_be_returned_in_date_order" classname="com.collabinate.server.engine.GraphServerReaderTest" time="0"/>
  <testcase name="get_entity_should_have_matching_id" classname="com.collabinate.server.engine.GraphServerReaderTest" time="0"/>
  <testcase name="stream_with_all_activities_removed_should_be_empty" classname="com.collabinate.server.engine.GraphServerReaderTest" time="0"/>
  <testcase name="delete_entity_should_only_delete_entity_of_matching_tenant" classname="com.collabinate.server.engine.GraphServerReaderTest" time="0"/>
  <testcase name="streams_for_the_same_entityId_for_different_tenants_should_be_different" classname="com.collabinate.server.engine.GraphServerReaderTest" time="0.006"/>
  <testcase name="get_likes_should_contain_all_users_for_liked_activity" classname="com.collabinate.server.engine.GraphServerReaderTest" time="0"/>
  <testcase name="feed_for_user_who_follows_nothing_should_be_empty" classname="com.collabinate.server.engine.GraphServerReaderTest" time="0"/>
  <testcase name="liking_multiple_activities_should_succeed" classname="com.collabinate.server.engine.GraphServerReaderTest" time="0.008"/>
  <testcase name="retrieving_non_existent_activity_should_return_null" classname="com.collabinate.server.engine.GraphServerReaderTest" time="0"/>
  <testcase name="start_parameter_should_start_feed_in_correct_place" classname="com.collabinate.server.engine.GraphServerReaderTest" time="0.004"/>
  <testcase name="stream_for_new_entity_should_be_empty" classname="com.collabinate.server.engine.GraphServerReaderTest" time="0.004"/>
  <testcase name="removed_activity_should_not_appear_in_stream" classname="com.collabinate.server.engine.GraphServerReaderTest" time="0"/>
</testsuite>