<?xml version="1.0" encoding="UTF-8"?>
<testsuite xmlns:xsi="http://www.w3.org/2001/XMLSchema-instance" xsi:schemaLocation="https://maven.apache.org/surefire/maven-surefire-plugin/xsd/surefire-test-report.xsd" name="com.collabinate.server.resources.CommentsResourceTest" time="1.508" tests="28" errors="0" skipped="0" failures="0">
  <properties>
    <property name="java.runtime.name" value="OpenJDK Runtime Environment"/>
    <property name="sun.boot.library.path" value="/usr/local/openjdk-8/jre/lib/amd64"/>
    <property name="java.vm.version" value="25.262-b10"/>
    <property name="animal.sniffer.skip" value="true"/>
    <property name="java.vm.vendor" value="Oracle Corporation"/>
    <property name="maven.multiModuleProjectDirectory" value="/tmp/tmp7m348uvb/Collabinate/collabinate-server"/>
    <property name="maven.javadoc.skip" value="true"/>
    <property name="java.vendor.url" value="http://java.oracle.com/"/>
    <property name="path.separator" value=":"/>
    <property name="guice.disable.misplaced.annotation.check" value="true"/>
    <property name="java.vm.name" value="OpenJDK 64-Bit Server VM"/>
    <property name="file.encoding.pkg" value="sun.io"/>
    <property name="sun.java.launcher" value="SUN_STANDARD"/>
    <property name="sun.os.patch.level" value="unknown"/>
    <property name="source.skip" value="true"/>
    <property name="java.vm.specification.name" value="Java Virtual Machine Specification"/>
    <property name="user.dir" value="/tmp/tmp7m348uvb/Collabinate/collabinate-server"/>
    <property name="java.runtime.version" value="1.8.0_262-b10"/>
    <property name="java.awt.graphicsenv" value="sun.awt.X11GraphicsEnvironment"/>
    <property name="java.endorsed.dirs" value="/usr/local/openjdk-8/jre/lib/endorsed"/>
    <property name="os.arch" value="amd64"/>
    <property name="java.io.tmpdir" value="/tmp"/>
    <property name="line.separator" value="&#10;"/>
    <property name="java.vm.specification.vendor" value="Oracle Corporation"/>
    <property name="os.name" value="Linux"/>
    <property name="classworlds.conf" value="/usr/share/maven/bin/m2.conf"/>
    <property name="sun.jnu.encoding" value="UTF-8"/>
    <property name="java.library.path" value="/usr/java/packages/lib/amd64:/usr/lib64:/lib64:/lib:/usr/lib"/>
    <property name="license.skip" value="true"/>
    <property name="maven.conf" value="/usr/share/maven/conf"/>
    <property name="java.specification.name" value="Java Platform API Specification"/>
    <property name="java.class.version" value="52.0"/>
    <property name="sun.management.compiler" value="HotSpot 64-Bit Tiered Compilers"/>
    <property name="maven.test.failure.ignore" value="true"/>
    <property name="os.version" value="4.15.0-109-generic"/>
    <property name="library.jansi.path" value="/usr/share/maven/lib/jansi-native"/>
    <property name="user.home" value="/home/jdbl"/>
    <property name="user.timezone" value="Etc/UTC"/>
    <property name="java.awt.printerjob" value="sun.print.PSPrinterJob"/>
    <property name="java.specification.version" value="1.8"/>
    <property name="file.encoding" value="UTF-8"/>
    <property name="user.name" value="jdbl"/>
    <property name="java.class.path" value="/usr/share/maven/boot/plexus-classworlds-2.6.0.jar"/>
    <property name="java.vm.specification.version" value="1.8"/>
    <property name="sun.arch.data.model" value="64"/>
    <property name="java.home" value="/usr/local/openjdk-8/jre"/>
    <property name="sun.java.command" value="org.codehaus.plexus.classworlds.launcher.Launcher test -e --fail-never -ntp -Dmaven.test.failure.ignore=true -B -Dmaven.javadoc.skip=true -Drat.skip=true -Danimal.sniffer.skip=true -Dmaven.javadoc.skip=true -Dlicense.skip=true -Dsource.skip=true"/>
    <property name="java.specification.vendor" value="Oracle Corporation"/>
    <property name="user.language" value="en"/>
    <property name="awt.toolkit" value="sun.awt.X11.XToolkit"/>
    <property name="java.vm.info" value="mixed mode"/>
    <property name="java.version" value="1.8.0_262"/>
    <property name="java.ext.dirs" value="/usr/local/openjdk-8/jre/lib/ext:/usr/java/packages/lib/ext"/>
    <property name="securerandom.source" value="file:/dev/./urandom"/>
    <property name="sun.boot.class.path" value="/usr/local/openjdk-8/jre/lib/resources.jar:/usr/local/openjdk-8/jre/lib/rt.jar:/usr/local/openjdk-8/jre/lib/sunrsasign.jar:/usr/local/openjdk-8/jre/lib/jsse.jar:/usr/local/openjdk-8/jre/lib/jce.jar:/usr/local/openjdk-8/jre/lib/charsets.jar:/usr/local/openjdk-8/jre/lib/jfr.jar:/usr/local/openjdk-8/jre/classes"/>
    <property name="java.vendor" value="Oracle Corporation"/>
    <property name="rat.skip" value="true"/>
    <property name="maven.home" value="/usr/share/maven"/>
    <property name="file.separator" value="/"/>
    <property name="java.vendor.url.bug" value="http://bugreport.sun.com/bugreport/"/>
    <property name="sun.cpu.endian" value="little"/>
    <property name="sun.io.unicode.encoding" value="UnicodeLittle"/>
    <property name="sun.cpu.isalist" value=""/>
  </properties>
  <testcase name="individual_comment_should_be_retrievable_via_generated_id" classname="com.collabinate.server.resources.CommentsResourceTest" time="0.034"/>
  <testcase name="non_matching_etag_should_return_200" classname="com.collabinate.server.resources.CommentsResourceTest" time="0.021"/>
  <testcase name="original_id_should_be_preserved" classname="com.collabinate.server.resources.CommentsResourceTest" time="0.016"/>
  <testcase name="get_comments_for_existing_activity_should_return_200" classname="com.collabinate.server.resources.CommentsResourceTest" time="0.008"/>
  <testcase name="collection_should_include_total_items_property" classname="com.collabinate.server.resources.CommentsResourceTest" time="0.027"/>
  <testcase name="get_should_return_json_content_type" classname="com.collabinate.server.resources.CommentsResourceTest" time="0.065"/>
  <testcase name="post_response_body_should_be_json" classname="com.collabinate.server.resources.CommentsResourceTest" time="0.116"/>
  <testcase name="comment_date_in_post_should_be_used_in_comments" classname="com.collabinate.server.resources.CommentsResourceTest" time="0.14"/>
  <testcase name="posted_raw_text_should_have_id_in_comment_when_retrieved" classname="com.collabinate.server.resources.CommentsResourceTest" time="0.14"/>
  <testcase name="collection_count_should_account_for_deleted_comments" classname="com.collabinate.server.resources.CommentsResourceTest" time="0.124"/>
  <testcase name="comment_should_be_json_object" classname="com.collabinate.server.resources.CommentsResourceTest" time="0.11"/>
  <testcase name="comment_should_not_use_given_id" classname="com.collabinate.server.resources.CommentsResourceTest" time="0.101"/>
  <testcase name="collection_should_include_zero_count_for_empty_comments" classname="com.collabinate.server.resources.CommentsResourceTest" time="0.09"/>
  <testcase name="user_id_should_be_preserved" classname="com.collabinate.server.resources.CommentsResourceTest" time="0.053"/>
  <testcase name="item_added_to_comments_should_appear_in_comments" classname="com.collabinate.server.resources.CommentsResourceTest" time="0.069"/>
  <testcase name="post_response_body_should_contain_added_fields" classname="com.collabinate.server.resources.CommentsResourceTest" time="0.012"/>
  <testcase name="etag_should_change_when_comments_change" classname="com.collabinate.server.resources.CommentsResourceTest" time="0.083"/>
  <testcase name="item_added_to_comments_should_return_201" classname="com.collabinate.server.resources.CommentsResourceTest" time="0.076"/>
  <testcase name="matching_etag_should_return_304" classname="com.collabinate.server.resources.CommentsResourceTest" time="0.038"/>
  <testcase name="get_response_should_contain_etag_header" classname="com.collabinate.server.resources.CommentsResourceTest" time="0.026"/>
  <testcase name="item_added_to_comments_should_have_text_in_post_response_body" classname="com.collabinate.server.resources.CommentsResourceTest" time="0.033"/>
  <testcase name="item_added_to_comments_should_create_and_return_child_location" classname="com.collabinate.server.resources.CommentsResourceTest" time="0.032"/>
  <testcase name="comments_should_appear_in_correct_date_order" classname="com.collabinate.server.resources.CommentsResourceTest" time="0.018"/>
  <testcase name="original_object_type_should_be_preserved" classname="com.collabinate.server.resources.CommentsResourceTest" time="0.011"/>
  <testcase name="post_to_missing_activity_should_return_404" classname="com.collabinate.server.resources.CommentsResourceTest" time="0.031"/>
  <testcase name="collection_should_include_count_that_matches_comments" classname="com.collabinate.server.resources.CommentsResourceTest" time="0.01"/>
  <testcase name="get_comments_for_nonexistent_activity_should_return_404" classname="com.collabinate.server.resources.CommentsResourceTest" time="0.009"/>
  <testcase name="comment_should_always_use_comment_object_type" classname="com.collabinate.server.resources.CommentsResourceTest" time="0.012"/>
</testsuite>