<?xml version="1.0" encoding="UTF-8"?>
<testsuite name="org.apache.commons.mail.EmailTest" time="0.115" tests="73" errors="0" skipped="0" failures="0">
  <properties>
    <property name="java.runtime.name" value="OpenJDK Runtime Environment"/>
    <property name="sun.boot.library.path" value="/usr/local/openjdk-8/jre/lib/amd64"/>
    <property name="java.vm.version" value="25.262-b10"/>
    <property name="animal.sniffer.skip" value="true"/>
    <property name="java.vm.vendor" value="Oracle Corporation"/>
    <property name="maven.multiModuleProjectDirectory" value="/tmp/tmp8lj7teaq/commons-email"/>
    <property name="maven.javadoc.skip" value="true"/>
    <property name="java.vendor.url" value="http://java.oracle.com/"/>
    <property name="path.separator" value=":"/>
    <property name="guice.disable.misplaced.annotation.check" value="true"/>
    <property name="java.vm.name" value="OpenJDK 64-Bit Server VM"/>
    <property name="file.encoding.pkg" value="sun.io"/>
    <property name="sun.java.launcher" value="SUN_STANDARD"/>
    <property name="sun.os.patch.level" value="unknown"/>
    <property name="source.skip" value="true"/>
    <property name="java.vm.specification.name" value="Java Virtual Machine Specification"/>
    <property name="user.dir" value="/tmp/tmp8lj7teaq/commons-email"/>
    <property name="java.runtime.version" value="1.8.0_262-b10"/>
    <property name="java.awt.graphicsenv" value="sun.awt.X11GraphicsEnvironment"/>
    <property name="java.endorsed.dirs" value="/usr/local/openjdk-8/jre/lib/endorsed"/>
    <property name="os.arch" value="amd64"/>
    <property name="java.io.tmpdir" value="/tmp"/>
    <property name="line.separator" value="&#10;"/>
    <property name="java.vm.specification.vendor" value="Oracle Corporation"/>
    <property name="os.name" value="Linux"/>
    <property name="classworlds.conf" value="/usr/share/maven/bin/m2.conf"/>
    <property name="maven.test.error.ignore" value="true"/>
    <property name="sun.jnu.encoding" value="UTF-8"/>
    <property name="java.library.path" value="/usr/java/packages/lib/amd64:/usr/lib64:/lib64:/lib:/usr/lib"/>
    <property name="license.skip" value="true"/>
    <property name="maven.conf" value="/usr/share/maven/conf"/>
    <property name="java.specification.name" value="Java Platform API Specification"/>
    <property name="java.class.version" value="52.0"/>
    <property name="sun.management.compiler" value="HotSpot 64-Bit Tiered Compilers"/>
    <property name="maven.test.failure.ignore" value="true"/>
    <property name="os.version" value="4.15.0-109-generic"/>
    <property name="library.jansi.path" value="/usr/share/maven/lib/jansi-native"/>
    <property name="user.home" value="/home/jdbl"/>
    <property name="user.timezone" value="Etc/UTC"/>
    <property name="java.awt.printerjob" value="sun.print.PSPrinterJob"/>
    <property name="java.specification.version" value="1.8"/>
    <property name="file.encoding" value="UTF-8"/>
    <property name="user.name" value="jdbl"/>
    <property name="java.class.path" value="/usr/share/maven/boot/plexus-classworlds-2.6.0.jar"/>
    <property name="java.vm.specification.version" value="1.8"/>
    <property name="sun.arch.data.model" value="64"/>
    <property name="java.home" value="/usr/local/openjdk-8/jre"/>
    <property name="sun.java.command" value="org.codehaus.plexus.classworlds.launcher.Launcher package -e --fail-never -ntp -Dmaven.test.error.ignore=true -Dmaven.test.failure.ignore=true -B -Dmaven.javadoc.skip=true -Drat.skip=true -Danimal.sniffer.skip=true -Dmaven.javadoc.skip=true -Dlicense.skip=true -Dsource.skip=true"/>
    <property name="java.specification.vendor" value="Oracle Corporation"/>
    <property name="user.language" value="en"/>
    <property name="awt.toolkit" value="sun.awt.X11.XToolkit"/>
    <property name="java.vm.info" value="mixed mode"/>
    <property name="java.version" value="1.8.0_262"/>
    <property name="java.ext.dirs" value="/usr/local/openjdk-8/jre/lib/ext:/usr/java/packages/lib/ext"/>
    <property name="securerandom.source" value="file:/dev/./urandom"/>
    <property name="sun.boot.class.path" value="/usr/local/openjdk-8/jre/lib/resources.jar:/usr/local/openjdk-8/jre/lib/rt.jar:/usr/local/openjdk-8/jre/lib/sunrsasign.jar:/usr/local/openjdk-8/jre/lib/jsse.jar:/usr/local/openjdk-8/jre/lib/jce.jar:/usr/local/openjdk-8/jre/lib/charsets.jar:/usr/local/openjdk-8/jre/lib/jfr.jar:/usr/local/openjdk-8/jre/classes"/>
    <property name="java.vendor" value="Oracle Corporation"/>
    <property name="rat.skip" value="true"/>
    <property name="maven.home" value="/usr/share/maven"/>
    <property name="file.separator" value="/"/>
    <property name="java.vendor.url.bug" value="http://bugreport.sun.com/bugreport/"/>
    <property name="sun.cpu.endian" value="little"/>
    <property name="sun.io.unicode.encoding" value="UnicodeLittle"/>
    <property name="sun.cpu.isalist" value=""/>
  </properties>
  <testcase name="testAddBccArray" classname="org.apache.commons.mail.EmailTest" time="0.004"/>
  <testcase name="testAddReplyTo2" classname="org.apache.commons.mail.EmailTest" time="0.003"/>
  <testcase name="testGetSetSession" classname="org.apache.commons.mail.EmailTest" time="0.008"/>
  <testcase name="testAddReplyTo" classname="org.apache.commons.mail.EmailTest" time="0"/>
  <testcase name="testDefaultCharsetCanBeOverriddenByContentType" classname="org.apache.commons.mail.EmailTest" time="0.015"/>
  <testcase name="testSetSmptPortNegative" classname="org.apache.commons.mail.EmailTest" time="0"/>
  <testcase name="testAddCcWithEncoding" classname="org.apache.commons.mail.EmailTest" time="0"/>
  <testcase name="testAddBcc2" classname="org.apache.commons.mail.EmailTest" time="0"/>
  <testcase name="testAddReplyToBadEncoding" classname="org.apache.commons.mail.EmailTest" time="0.005"/>
  <testcase name="testGetSetDebug" classname="org.apache.commons.mail.EmailTest" time="0"/>
  <testcase name="testSetCcEmpty" classname="org.apache.commons.mail.EmailTest" time="0"/>
  <testcase name="testGetSetBounceAddress" classname="org.apache.commons.mail.EmailTest" time="0"/>
  <testcase name="testSendFromNotSet" classname="org.apache.commons.mail.EmailTest" time="0.009"/>
  <testcase name="testSendFromSetInSession" classname="org.apache.commons.mail.EmailTest" time="0.015"/>
  <testcase name="testAddHeaderNullValue" classname="org.apache.commons.mail.EmailTest" time="0"/>
  <testcase name="testSetHeaders" classname="org.apache.commons.mail.EmailTest" time="0"/>
  <testcase name="testSendBadAuthSet" classname="org.apache.commons.mail.EmailTest" time="0.004"/>
  <testcase name="testAddCc" classname="org.apache.commons.mail.EmailTest" time="0"/>
  <testcase name="testAddTo" classname="org.apache.commons.mail.EmailTest" time="0"/>
  <testcase name="testSetCc" classname="org.apache.commons.mail.EmailTest" time="0.001"/>
  <testcase name="testSetTo" classname="org.apache.commons.mail.EmailTest" time="0"/>
  <testcase name="testSetContentMimeMultipart" classname="org.apache.commons.mail.EmailTest" time="0.002"/>
  <testcase name="testSendDestinationNotSet" classname="org.apache.commons.mail.EmailTest" time="0.002"/>
  <testcase name="testSendBadHostName" classname="org.apache.commons.mail.EmailTest" time="0.002"/>
  <testcase name="testGetSetAuthentication" classname="org.apache.commons.mail.EmailTest" time="0"/>
  <testcase name="testFoldingHeaders" classname="org.apache.commons.mail.EmailTest" time="0.001"/>
  <testcase name="testAddToWithEncoding" classname="org.apache.commons.mail.EmailTest" time="0.001"/>
  <testcase name="testSetSmtpPortMinValue" classname="org.apache.commons.mail.EmailTest" time="0"/>
  <testcase name="testCorrectContentTypeForPNG" classname="org.apache.commons.mail.EmailTest" time="0.001"/>
  <testcase name="testAddHeaderNullName" classname="org.apache.commons.mail.EmailTest" time="0"/>
  <testcase name="testSetHeaderNullValue" classname="org.apache.commons.mail.EmailTest" time="0.001"/>
  <testcase name="testGetSetHostName" classname="org.apache.commons.mail.EmailTest" time="0"/>
  <testcase name="testSetContentObject" classname="org.apache.commons.mail.EmailTest" time="0"/>
  <testcase name="testAddBccBadEncoding" classname="org.apache.commons.mail.EmailTest" time="0"/>
  <testcase name="testGetSetAuthenticator" classname="org.apache.commons.mail.EmailTest" time="0"/>
  <testcase name="testAddToArray" classname="org.apache.commons.mail.EmailTest" time="0.001"/>
  <testcase name="testGetSetSmtpPort" classname="org.apache.commons.mail.EmailTest" time="0"/>
  <testcase name="testAddHeaderEmptyValue" classname="org.apache.commons.mail.EmailTest" time="0"/>
  <testcase name="testDefaultCharsetAppliesToTextContent" classname="org.apache.commons.mail.EmailTest" time="0.001"/>
  <testcase name="testSetContentNull" classname="org.apache.commons.mail.EmailTest" time="0"/>
  <testcase name="testSetFromBadEncoding" classname="org.apache.commons.mail.EmailTest" time="0"/>
  <testcase name="testToInternetAddressArray" classname="org.apache.commons.mail.EmailTest" time="0"/>
  <testcase name="testAddHeader" classname="org.apache.commons.mail.EmailTest" time="0"/>
  <testcase name="testSetSubject" classname="org.apache.commons.mail.EmailTest" time="0"/>
  <testcase name="testSetHeaderNullName" classname="org.apache.commons.mail.EmailTest" time="0"/>
  <testcase name="testAddHeaderEmptyName" classname="org.apache.commons.mail.EmailTest" time="0"/>
  <testcase name="testSetSmtpPortZero" classname="org.apache.commons.mail.EmailTest" time="0"/>
  <testcase name="testSetCcNull" classname="org.apache.commons.mail.EmailTest" time="0"/>
  <testcase name="testSetBccEmpty" classname="org.apache.commons.mail.EmailTest" time="0"/>
  <testcase name="testAddCcBadEncoding" classname="org.apache.commons.mail.EmailTest" time="0"/>
  <testcase name="testGetSetCharset" classname="org.apache.commons.mail.EmailTest" time="0"/>
  <testcase name="testSetContentEmptyMimeMultipart" classname="org.apache.commons.mail.EmailTest" time="0"/>
  <testcase name="testSetToEmpty" classname="org.apache.commons.mail.EmailTest" time="0"/>
  <testcase name="testAddBcc" classname="org.apache.commons.mail.EmailTest" time="0"/>
  <testcase name="testAddCc2" classname="org.apache.commons.mail.EmailTest" time="0"/>
  <testcase name="testAddTo2" classname="org.apache.commons.mail.EmailTest" time="0"/>
  <testcase name="testAddReplyToWithEncoding" classname="org.apache.commons.mail.EmailTest" time="0"/>
  <testcase name="testSetHeaderEmptyValue" classname="org.apache.commons.mail.EmailTest" time="0"/>
  <testcase name="testSetToNull" classname="org.apache.commons.mail.EmailTest" time="0"/>
  <testcase name="testSetFromWithEncoding" classname="org.apache.commons.mail.EmailTest" time="0"/>
  <testcase name="testGetSetSentDate" classname="org.apache.commons.mail.EmailTest" time="0"/>
  <testcase name="testSetHeaderEmptyName" classname="org.apache.commons.mail.EmailTest" time="0"/>
  <testcase name="testSetFrom" classname="org.apache.commons.mail.EmailTest" time="0"/>
  <testcase name="testSetBcc" classname="org.apache.commons.mail.EmailTest" time="0"/>
  <testcase name="testSendNoHostName" classname="org.apache.commons.mail.EmailTest" time="0.002"/>
  <testcase name="testAddCcArray" classname="org.apache.commons.mail.EmailTest" time="0"/>
  <testcase name="testDefaultCharsetIgnoredByNonTextContent" classname="org.apache.commons.mail.EmailTest" time="0.001"/>
  <testcase name="testSendCorrectSmtpPortContainedInException" classname="org.apache.commons.mail.EmailTest" time="0.035"/>
  <testcase name="testAddToBadEncoding" classname="org.apache.commons.mail.EmailTest" time="0.001"/>
  <testcase name="testSetBccNull" classname="org.apache.commons.mail.EmailTest" time="0"/>
  <testcase name="testAddBccWithEncoding" classname="org.apache.commons.mail.EmailTest" time="0"/>
  <testcase name="testSetPopBeforeSmtp" classname="org.apache.commons.mail.EmailTest" time="0"/>
  <testcase name="testSetFrom2" classname="org.apache.commons.mail.EmailTest" time="0"/>
</testsuite>