<?xml version="1.0" encoding="UTF-8"?>
<testsuite xmlns:xsi="http://www.w3.org/2001/XMLSchema-instance" xsi:schemaLocation="https://maven.apache.org/surefire/maven-surefire-plugin/xsd/surefire-test-report.xsd" name="io.vertx.serviceproxy.codegen.ProxyTest" time="0.018" tests="14" errors="14" skipped="0" failures="0">
  <properties>
    <property name="java.runtime.name" value="OpenJDK Runtime Environment"/>
    <property name="sun.boot.library.path" value="/usr/local/openjdk-8/jre/lib/amd64"/>
    <property name="java.vm.version" value="25.262-b10"/>
    <property name="animal.sniffer.skip" value="true"/>
    <property name="java.vm.vendor" value="Oracle Corporation"/>
    <property name="maven.multiModuleProjectDirectory" value="/tmp/tmp9fm5j812/vertx-service-proxy"/>
    <property name="maven.javadoc.skip" value="true"/>
    <property name="java.vendor.url" value="http://java.oracle.com/"/>
    <property name="path.separator" value=":"/>
    <property name="guice.disable.misplaced.annotation.check" value="true"/>
    <property name="java.util.logging.SimpleFormatter.format" value="%4$s: %3$s - %5$s %6$s%n"/>
    <property name="java.vm.name" value="OpenJDK 64-Bit Server VM"/>
    <property name="file.encoding.pkg" value="sun.io"/>
    <property name="sun.java.launcher" value="SUN_STANDARD"/>
    <property name="sun.os.patch.level" value="unknown"/>
    <property name="source.skip" value="true"/>
    <property name="java.vm.specification.name" value="Java Virtual Machine Specification"/>
    <property name="user.dir" value="/tmp/tmp9fm5j812/vertx-service-proxy"/>
    <property name="java.runtime.version" value="1.8.0_262-b10"/>
    <property name="java.awt.graphicsenv" value="sun.awt.X11GraphicsEnvironment"/>
    <property name="java.endorsed.dirs" value="/usr/local/openjdk-8/jre/lib/endorsed"/>
    <property name="os.arch" value="amd64"/>
    <property name="java.io.tmpdir" value="/tmp"/>
    <property name="line.separator" value="&#10;"/>
    <property name="java.vm.specification.vendor" value="Oracle Corporation"/>
    <property name="os.name" value="Linux"/>
    <property name="classworlds.conf" value="/usr/share/maven/bin/m2.conf"/>
    <property name="sun.jnu.encoding" value="UTF-8"/>
    <property name="java.library.path" value="/usr/java/packages/lib/amd64:/usr/lib64:/lib64:/lib:/usr/lib"/>
    <property name="license.skip" value="true"/>
    <property name="maven.conf" value="/usr/share/maven/conf"/>
    <property name="java.specification.name" value="Java Platform API Specification"/>
    <property name="java.class.version" value="52.0"/>
    <property name="sun.management.compiler" value="HotSpot 64-Bit Tiered Compilers"/>
    <property name="maven.test.failure.ignore" value="true"/>
    <property name="os.version" value="4.15.0-109-generic"/>
    <property name="library.jansi.path" value="/usr/share/maven/lib/jansi-native"/>
    <property name="user.home" value="/home/jdbl"/>
    <property name="user.timezone" value="Etc/UTC"/>
    <property name="java.awt.printerjob" value="sun.print.PSPrinterJob"/>
    <property name="java.specification.version" value="1.8"/>
    <property name="file.encoding" value="UTF-8"/>
    <property name="user.name" value="jdbl"/>
    <property name="java.class.path" value="/usr/share/maven/boot/plexus-classworlds-2.6.0.jar"/>
    <property name="java.vm.specification.version" value="1.8"/>
    <property name="sun.arch.data.model" value="64"/>
    <property name="java.home" value="/usr/local/openjdk-8/jre"/>
    <property name="sun.java.command" value="org.codehaus.plexus.classworlds.launcher.Launcher test -e --fail-never -ntp -Dmaven.test.failure.ignore=true -B -Dmaven.javadoc.skip=true -Drat.skip=true -Danimal.sniffer.skip=true -Dmaven.javadoc.skip=true -Dlicense.skip=true -Dsource.skip=true"/>
    <property name="java.specification.vendor" value="Oracle Corporation"/>
    <property name="user.language" value="en"/>
    <property name="awt.toolkit" value="sun.awt.X11.XToolkit"/>
    <property name="java.vm.info" value="mixed mode"/>
    <property name="java.version" value="1.8.0_262"/>
    <property name="java.ext.dirs" value="/usr/local/openjdk-8/jre/lib/ext:/usr/java/packages/lib/ext"/>
    <property name="securerandom.source" value="file:/dev/./urandom"/>
    <property name="sun.boot.class.path" value="/usr/local/openjdk-8/jre/lib/resources.jar:/usr/local/openjdk-8/jre/lib/rt.jar:/usr/local/openjdk-8/jre/lib/sunrsasign.jar:/usr/local/openjdk-8/jre/lib/jsse.jar:/usr/local/openjdk-8/jre/lib/jce.jar:/usr/local/openjdk-8/jre/lib/charsets.jar:/usr/local/openjdk-8/jre/lib/jfr.jar:/usr/local/openjdk-8/jre/classes"/>
    <property name="java.vendor" value="Oracle Corporation"/>
    <property name="rat.skip" value="true"/>
    <property name="maven.home" value="/usr/share/maven"/>
    <property name="file.separator" value="/"/>
    <property name="java.vendor.url.bug" value="http://bugreport.sun.com/bugreport/"/>
    <property name="sun.cpu.endian" value="little"/>
    <property name="sun.io.unicode.encoding" value="UnicodeLittle"/>
    <property name="sun.cpu.isalist" value=""/>
  </properties>
  <testcase name="testValid" classname="io.vertx.serviceproxy.codegen.ProxyTest" time="0.009">
    <error message="Can&apos;t find source on classpath: io/vertx/serviceproxy/codegen/proxytestapi/ValidProxy.java" type="java.lang.IllegalStateException">java.lang.IllegalStateException: Can't find source on classpath: io/vertx/serviceproxy/codegen/proxytestapi/ValidProxy.java
	at io.vertx.serviceproxy.codegen.ProxyTest.generateProxyModel(ProxyTest.java:26)
	at io.vertx.serviceproxy.codegen.ProxyTest.testValid(ProxyTest.java:127)
</error>
  </testcase>
  <testcase name="testValidCloseWithFuture" classname="io.vertx.serviceproxy.codegen.ProxyTest" time="0">
    <error message="Can&apos;t find source on classpath: io/vertx/serviceproxy/codegen/proxytestapi/ValidProxyCloseWithFuture.java" type="java.lang.IllegalStateException">java.lang.IllegalStateException: Can't find source on classpath: io/vertx/serviceproxy/codegen/proxytestapi/ValidProxyCloseWithFuture.java
	at io.vertx.serviceproxy.codegen.ProxyTest.generateProxyModel(ProxyTest.java:26)
	at io.vertx.serviceproxy.codegen.ProxyTest.testValidCloseWithFuture(ProxyTest.java:152)
</error>
  </testcase>
  <testcase name="testInvalidReturn1" classname="io.vertx.serviceproxy.codegen.ProxyTest" time="0.001">
    <error message="Can&apos;t find source on classpath: io/vertx/serviceproxy/codegen/proxytestapi/InvalidReturn1.java" type="java.lang.IllegalStateException">java.lang.IllegalStateException: Can't find source on classpath: io/vertx/serviceproxy/codegen/proxytestapi/InvalidReturn1.java
	at io.vertx.serviceproxy.codegen.ProxyTest.generateProxyModel(ProxyTest.java:26)
	at io.vertx.serviceproxy.codegen.ProxyTest.testInvalidReturn1(ProxyTest.java:98)
</error>
  </testcase>
  <testcase name="testInvalidReturn2" classname="io.vertx.serviceproxy.codegen.ProxyTest" time="0.001">
    <error message="Can&apos;t find source on classpath: io/vertx/serviceproxy/codegen/proxytestapi/InvalidReturn2.java" type="java.lang.IllegalStateException">java.lang.IllegalStateException: Can't find source on classpath: io/vertx/serviceproxy/codegen/proxytestapi/InvalidReturn2.java
	at io.vertx.serviceproxy.codegen.ProxyTest.generateProxyModel(ProxyTest.java:26)
	at io.vertx.serviceproxy.codegen.ProxyTest.testInvalidReturn2(ProxyTest.java:108)
</error>
  </testcase>
  <testcase name="testInvalidReturn3" classname="io.vertx.serviceproxy.codegen.ProxyTest" time="0">
    <error message="Can&apos;t find source on classpath: io/vertx/serviceproxy/codegen/proxytestapi/InvalidReturn3.java" type="java.lang.IllegalStateException">java.lang.IllegalStateException: Can't find source on classpath: io/vertx/serviceproxy/codegen/proxytestapi/InvalidReturn3.java
	at io.vertx.serviceproxy.codegen.ProxyTest.generateProxyModel(ProxyTest.java:26)
	at io.vertx.serviceproxy.codegen.ProxyTest.testInvalidReturn3(ProxyTest.java:118)
</error>
  </testcase>
  <testcase name="testInvalidClose1" classname="io.vertx.serviceproxy.codegen.ProxyTest" time="0.001">
    <error message="Can&apos;t find source on classpath: io/vertx/serviceproxy/codegen/proxytestapi/InvalidClose1.java" type="java.lang.IllegalStateException">java.lang.IllegalStateException: Can't find source on classpath: io/vertx/serviceproxy/codegen/proxytestapi/InvalidClose1.java
	at io.vertx.serviceproxy.codegen.ProxyTest.generateProxyModel(ProxyTest.java:26)
	at io.vertx.serviceproxy.codegen.ProxyTest.testInvalidClose1(ProxyTest.java:163)
</error>
  </testcase>
  <testcase name="testInvalidClose2" classname="io.vertx.serviceproxy.codegen.ProxyTest" time="0.001">
    <error message="Can&apos;t find source on classpath: io/vertx/serviceproxy/codegen/proxytestapi/InvalidClose2.java" type="java.lang.IllegalStateException">java.lang.IllegalStateException: Can't find source on classpath: io/vertx/serviceproxy/codegen/proxytestapi/InvalidClose2.java
	at io.vertx.serviceproxy.codegen.ProxyTest.generateProxyModel(ProxyTest.java:26)
	at io.vertx.serviceproxy.codegen.ProxyTest.testInvalidClose2(ProxyTest.java:173)
</error>
  </testcase>
  <testcase name="testInvalidClose3" classname="io.vertx.serviceproxy.codegen.ProxyTest" time="0">
    <error message="Can&apos;t find source on classpath: io/vertx/serviceproxy/codegen/proxytestapi/InvalidClose3.java" type="java.lang.IllegalStateException">java.lang.IllegalStateException: Can't find source on classpath: io/vertx/serviceproxy/codegen/proxytestapi/InvalidClose3.java
	at io.vertx.serviceproxy.codegen.ProxyTest.generateProxyModel(ProxyTest.java:26)
	at io.vertx.serviceproxy.codegen.ProxyTest.testInvalidClose3(ProxyTest.java:183)
</error>
  </testcase>
  <testcase name="testInvalidParamsDataObject" classname="io.vertx.serviceproxy.codegen.ProxyTest" time="0.001">
    <error message="Can&apos;t find source on classpath: io/vertx/serviceproxy/codegen/proxytestapi/InvalidParamsDataObject.java" type="java.lang.IllegalStateException">java.lang.IllegalStateException: Can't find source on classpath: io/vertx/serviceproxy/codegen/proxytestapi/InvalidParamsDataObject.java
	at io.vertx.serviceproxy.codegen.ProxyTest.generateProxyModel(ProxyTest.java:26)
	at io.vertx.serviceproxy.codegen.ProxyTest.testInvalidParamsDataObject(ProxyTest.java:88)
</error>
  </testcase>
  <testcase name="testInvalidOverloaded" classname="io.vertx.serviceproxy.codegen.ProxyTest" time="0.001">
    <error message="Can&apos;t find source on classpath: io/vertx/serviceproxy/codegen/proxytestapi/InvalidOverloaded.java" type="java.lang.IllegalStateException">java.lang.IllegalStateException: Can't find source on classpath: io/vertx/serviceproxy/codegen/proxytestapi/InvalidOverloaded.java
	at io.vertx.serviceproxy.codegen.ProxyTest.generateProxyModel(ProxyTest.java:26)
	at io.vertx.serviceproxy.codegen.ProxyTest.testInvalidOverloaded(ProxyTest.java:38)
</error>
  </testcase>
  <testcase name="testInvalidParams1" classname="io.vertx.serviceproxy.codegen.ProxyTest" time="0">
    <error message="Can&apos;t find source on classpath: io/vertx/serviceproxy/codegen/proxytestapi/InvalidParams1.java" type="java.lang.IllegalStateException">java.lang.IllegalStateException: Can't find source on classpath: io/vertx/serviceproxy/codegen/proxytestapi/InvalidParams1.java
	at io.vertx.serviceproxy.codegen.ProxyTest.generateProxyModel(ProxyTest.java:26)
	at io.vertx.serviceproxy.codegen.ProxyTest.testInvalidParams1(ProxyTest.java:48)
</error>
  </testcase>
  <testcase name="testInvalidParams2" classname="io.vertx.serviceproxy.codegen.ProxyTest" time="0">
    <error message="Can&apos;t find source on classpath: io/vertx/serviceproxy/codegen/proxytestapi/InvalidParams2.java" type="java.lang.IllegalStateException">java.lang.IllegalStateException: Can't find source on classpath: io/vertx/serviceproxy/codegen/proxytestapi/InvalidParams2.java
	at io.vertx.serviceproxy.codegen.ProxyTest.generateProxyModel(ProxyTest.java:26)
	at io.vertx.serviceproxy.codegen.ProxyTest.testInvalidParams2(ProxyTest.java:58)
</error>
  </testcase>
  <testcase name="testInvalidParams3" classname="io.vertx.serviceproxy.codegen.ProxyTest" time="0.001">
    <error message="Can&apos;t find source on classpath: io/vertx/serviceproxy/codegen/proxytestapi/InvalidParams3.java" type="java.lang.IllegalStateException">java.lang.IllegalStateException: Can't find source on classpath: io/vertx/serviceproxy/codegen/proxytestapi/InvalidParams3.java
	at io.vertx.serviceproxy.codegen.ProxyTest.generateProxyModel(ProxyTest.java:26)
	at io.vertx.serviceproxy.codegen.ProxyTest.testInvalidParams3(ProxyTest.java:68)
</error>
  </testcase>
  <testcase name="testInvalidParams4" classname="io.vertx.serviceproxy.codegen.ProxyTest" time="0.001">
    <error message="Can&apos;t find source on classpath: io/vertx/serviceproxy/codegen/proxytestapi/InvalidParams4.java" type="java.lang.IllegalStateException">java.lang.IllegalStateException: Can't find source on classpath: io/vertx/serviceproxy/codegen/proxytestapi/InvalidParams4.java
	at io.vertx.serviceproxy.codegen.ProxyTest.generateProxyModel(ProxyTest.java:26)
	at io.vertx.serviceproxy.codegen.ProxyTest.testInvalidParams4(ProxyTest.java:78)
</error>
  </testcase>
</testsuite>