<?xml version="1.0" encoding="UTF-8"?>
<testsuite xmlns:xsi="http://www.w3.org/2001/XMLSchema-instance" xsi:schemaLocation="https://maven.apache.org/surefire/maven-surefire-plugin/xsd/surefire-test-report.xsd" name="io.vertx.serviceproxy.test.ServiceProxyTest" time="36.647" tests="110" errors="0" skipped="0" failures="0">
  <properties>
    <property name="java.runtime.name" value="OpenJDK Runtime Environment"/>
    <property name="sun.boot.library.path" value="/usr/local/openjdk-8/jre/lib/amd64"/>
    <property name="java.vm.version" value="25.262-b10"/>
    <property name="animal.sniffer.skip" value="true"/>
    <property name="java.vm.vendor" value="Oracle Corporation"/>
    <property name="maven.multiModuleProjectDirectory" value="/tmp/tmp9fm5j812/vertx-service-proxy"/>
    <property name="maven.javadoc.skip" value="true"/>
    <property name="java.vendor.url" value="http://java.oracle.com/"/>
    <property name="path.separator" value=":"/>
    <property name="guice.disable.misplaced.annotation.check" value="true"/>
    <property name="java.util.logging.SimpleFormatter.format" value="%4$s: %3$s - %5$s %6$s%n"/>
    <property name="java.vm.name" value="OpenJDK 64-Bit Server VM"/>
    <property name="file.encoding.pkg" value="sun.io"/>
    <property name="sun.java.launcher" value="SUN_STANDARD"/>
    <property name="sun.os.patch.level" value="unknown"/>
    <property name="source.skip" value="true"/>
    <property name="java.vm.specification.name" value="Java Virtual Machine Specification"/>
    <property name="user.dir" value="/tmp/tmp9fm5j812/vertx-service-proxy"/>
    <property name="java.runtime.version" value="1.8.0_262-b10"/>
    <property name="java.awt.graphicsenv" value="sun.awt.X11GraphicsEnvironment"/>
    <property name="java.endorsed.dirs" value="/usr/local/openjdk-8/jre/lib/endorsed"/>
    <property name="os.arch" value="amd64"/>
    <property name="java.io.tmpdir" value="/tmp"/>
    <property name="line.separator" value="&#10;"/>
    <property name="java.vm.specification.vendor" value="Oracle Corporation"/>
    <property name="os.name" value="Linux"/>
    <property name="classworlds.conf" value="/usr/share/maven/bin/m2.conf"/>
    <property name="sun.jnu.encoding" value="UTF-8"/>
    <property name="java.library.path" value="/usr/java/packages/lib/amd64:/usr/lib64:/lib64:/lib:/usr/lib"/>
    <property name="license.skip" value="true"/>
    <property name="maven.conf" value="/usr/share/maven/conf"/>
    <property name="java.specification.name" value="Java Platform API Specification"/>
    <property name="java.class.version" value="52.0"/>
    <property name="sun.management.compiler" value="HotSpot 64-Bit Tiered Compilers"/>
    <property name="maven.test.failure.ignore" value="true"/>
    <property name="os.version" value="4.15.0-109-generic"/>
    <property name="library.jansi.path" value="/usr/share/maven/lib/jansi-native"/>
    <property name="user.home" value="/home/jdbl"/>
    <property name="user.timezone" value="Etc/UTC"/>
    <property name="java.awt.printerjob" value="sun.print.PSPrinterJob"/>
    <property name="java.specification.version" value="1.8"/>
    <property name="file.encoding" value="UTF-8"/>
    <property name="user.name" value="jdbl"/>
    <property name="java.class.path" value="/usr/share/maven/boot/plexus-classworlds-2.6.0.jar"/>
    <property name="java.vm.specification.version" value="1.8"/>
    <property name="sun.arch.data.model" value="64"/>
    <property name="java.home" value="/usr/local/openjdk-8/jre"/>
    <property name="sun.java.command" value="org.codehaus.plexus.classworlds.launcher.Launcher test -e --fail-never -ntp -Dmaven.test.failure.ignore=true -B -Dmaven.javadoc.skip=true -Drat.skip=true -Danimal.sniffer.skip=true -Dmaven.javadoc.skip=true -Dlicense.skip=true -Dsource.skip=true"/>
    <property name="java.specification.vendor" value="Oracle Corporation"/>
    <property name="user.language" value="en"/>
    <property name="awt.toolkit" value="sun.awt.X11.XToolkit"/>
    <property name="java.vm.info" value="mixed mode"/>
    <property name="java.version" value="1.8.0_262"/>
    <property name="java.ext.dirs" value="/usr/local/openjdk-8/jre/lib/ext:/usr/java/packages/lib/ext"/>
    <property name="securerandom.source" value="file:/dev/./urandom"/>
    <property name="sun.boot.class.path" value="/usr/local/openjdk-8/jre/lib/resources.jar:/usr/local/openjdk-8/jre/lib/rt.jar:/usr/local/openjdk-8/jre/lib/sunrsasign.jar:/usr/local/openjdk-8/jre/lib/jsse.jar:/usr/local/openjdk-8/jre/lib/jce.jar:/usr/local/openjdk-8/jre/lib/charsets.jar:/usr/local/openjdk-8/jre/lib/jfr.jar:/usr/local/openjdk-8/jre/classes"/>
    <property name="java.vendor" value="Oracle Corporation"/>
    <property name="rat.skip" value="true"/>
    <property name="maven.home" value="/usr/share/maven"/>
    <property name="file.separator" value="/"/>
    <property name="java.vendor.url.bug" value="http://bugreport.sun.com/bugreport/"/>
    <property name="sun.cpu.endian" value="little"/>
    <property name="sun.io.unicode.encoding" value="UnicodeLittle"/>
    <property name="sun.cpu.isalist" value=""/>
  </properties>
  <testcase name="testListDataObjectHandler" classname="io.vertx.serviceproxy.test.ServiceProxyTest" time="0.018"/>
  <testcase name="testSetdataObjectTypeHavingNullValues" classname="io.vertx.serviceproxy.test.ServiceProxyTest" time="0.015"/>
  <testcase name="testBasicTypes" classname="io.vertx.serviceproxy.test.ServiceProxyTest" time="0.013"/>
  <testcase name="testMapBoolHandler" classname="io.vertx.serviceproxy.test.ServiceProxyTest" time="0.032"/>
  <testcase name="testDoubleHandler" classname="io.vertx.serviceproxy.test.ServiceProxyTest" time="0.01"/>
  <testcase name="testDataObjectNullHandler" classname="io.vertx.serviceproxy.test.ServiceProxyTest" time="0.01"/>
  <testcase name="testlistdataObjectTypeHavingNullValues" classname="io.vertx.serviceproxy.test.ServiceProxyTest" time="0.01"/>
  <testcase name="testStringHandler" classname="io.vertx.serviceproxy.test.ServiceProxyTest" time="0.015"/>
  <testcase name="testLongHandler" classname="io.vertx.serviceproxy.test.ServiceProxyTest" time="0.02"/>
  <testcase name="testSetdataObjectType" classname="io.vertx.serviceproxy.test.ServiceProxyTest" time="0.014"/>
  <testcase name="testSetDataObjectHandler" classname="io.vertx.serviceproxy.test.ServiceProxyTest" time="0.024"/>
  <testcase name="testListDataObjectTypeNull" classname="io.vertx.serviceproxy.test.ServiceProxyTest" time="0.01"/>
  <testcase name="testJsonArrayNullHandler" classname="io.vertx.serviceproxy.test.ServiceProxyTest" time="0.01"/>
  <testcase name="testConnection" classname="io.vertx.serviceproxy.test.ServiceProxyTest" time="0.018"/>
  <testcase name="testDataObjectTypeNull" classname="io.vertx.serviceproxy.test.ServiceProxyTest" time="0.006"/>
  <testcase name="testCharHandler" classname="io.vertx.serviceproxy.test.ServiceProxyTest" time="0.01"/>
  <testcase name="testEnumType" classname="io.vertx.serviceproxy.test.ServiceProxyTest" time="0.009"/>
  <testcase name="testSetDateTimeType" classname="io.vertx.serviceproxy.test.ServiceProxyTest" time="0.035"/>
  <testcase name="testMapShortHandler" classname="io.vertx.serviceproxy.test.ServiceProxyTest" time="0.008"/>
  <testcase name="testListByteHandler" classname="io.vertx.serviceproxy.test.ServiceProxyTest" time="0.01"/>
  <testcase name="testListDateTimeHandler" classname="io.vertx.serviceproxy.test.ServiceProxyTest" time="0.018"/>
  <testcase name="testSetBoolHandler" classname="io.vertx.serviceproxy.test.ServiceProxyTest" time="0.015"/>
  <testcase name="testCauseErrorHandling" classname="io.vertx.serviceproxy.test.ServiceProxyTest" time="0.019"/>
  <testcase name="testListIntHandler" classname="io.vertx.serviceproxy.test.ServiceProxyTest" time="0.012"/>
  <testcase name="testJsonObjectHandler" classname="io.vertx.serviceproxy.test.ServiceProxyTest" time="0.017"/>
  <testcase name="testShortHandler" classname="io.vertx.serviceproxy.test.ServiceProxyTest" time="0.007"/>
  <testcase name="testSetDataObjectTypeNull" classname="io.vertx.serviceproxy.test.ServiceProxyTest" time="0.104"/>
  <testcase name="testJsonTypesNull" classname="io.vertx.serviceproxy.test.ServiceProxyTest" time="0.006"/>
  <testcase name="testEnumTypeAsResultWithNull" classname="io.vertx.serviceproxy.test.ServiceProxyTest" time="0.008"/>
  <testcase name="testFailingMethod" classname="io.vertx.serviceproxy.test.ServiceProxyTest" time="0.008"/>
  <testcase name="testMapFloatHandler" classname="io.vertx.serviceproxy.test.ServiceProxyTest" time="0.009"/>
  <testcase name="testMapLongHandler" classname="io.vertx.serviceproxy.test.ServiceProxyTest" time="0.01"/>
  <testcase name="testMapJsonArrayHandler" classname="io.vertx.serviceproxy.test.ServiceProxyTest" time="0.011"/>
  <testcase name="testJsonArrayHandler" classname="io.vertx.serviceproxy.test.ServiceProxyTest" time="0.01"/>
  <testcase name="testErrorHandlingServiceExceptionSubclass" classname="io.vertx.serviceproxy.test.ServiceProxyTest" time="0.009"/>
  <testcase name="testMapCharHandler" classname="io.vertx.serviceproxy.test.ServiceProxyTest" time="0.018"/>
  <testcase name="testCallWithMessageParamWrongType" classname="io.vertx.serviceproxy.test.ServiceProxyTest" time="0.011"/>
  <testcase name="testMapdataObjectType" classname="io.vertx.serviceproxy.test.ServiceProxyTest" time="0.005"/>
  <testcase name="testUnregisteringTheService" classname="io.vertx.serviceproxy.test.ServiceProxyTest" time="0.007"/>
  <testcase name="testMapDateTimeHandler" classname="io.vertx.serviceproxy.test.ServiceProxyTest" time="0.014"/>
  <testcase name="testFloatHandler" classname="io.vertx.serviceproxy.test.ServiceProxyTest" time="0.005"/>
  <testcase name="testListShortHandler" classname="io.vertx.serviceproxy.test.ServiceProxyTest" time="0.005"/>
  <testcase name="testListTypes" classname="io.vertx.serviceproxy.test.ServiceProxyTest" time="0.006"/>
  <testcase name="testLocalServiceConnectionTimeout" classname="io.vertx.serviceproxy.test.ServiceProxyTest" time="3.009"/>
  <testcase name="testFluentNoParams" classname="io.vertx.serviceproxy.test.ServiceProxyTest" time="0.006"/>
  <testcase name="testConnectionTimeout" classname="io.vertx.serviceproxy.test.ServiceProxyTest" time="2.01"/>
  <testcase name="testListdataObjectType" classname="io.vertx.serviceproxy.test.ServiceProxyTest" time="0.005"/>
  <testcase name="testEnumTypeNull" classname="io.vertx.serviceproxy.test.ServiceProxyTest" time="0.003"/>
  <testcase name="testJsonTypes" classname="io.vertx.serviceproxy.test.ServiceProxyTest" time="0.018"/>
  <testcase name="testDoubleNullHandler" classname="io.vertx.serviceproxy.test.ServiceProxyTest" time="0.003"/>
  <testcase name="testDataObjectType" classname="io.vertx.serviceproxy.test.ServiceProxyTest" time="0.003"/>
  <testcase name="testMapDataObjectHandler" classname="io.vertx.serviceproxy.test.ServiceProxyTest" time="0.005"/>
  <testcase name="testSetLongHandler" classname="io.vertx.serviceproxy.test.ServiceProxyTest" time="0.006"/>
  <testcase name="testCallWithMessage" classname="io.vertx.serviceproxy.test.ServiceProxyTest" time="0.004"/>
  <testcase name="testListFloatHandler" classname="io.vertx.serviceproxy.test.ServiceProxyTest" time="0.007"/>
  <testcase name="testSetCharHandler" classname="io.vertx.serviceproxy.test.ServiceProxyTest" time="0.012"/>
  <testcase name="setSetJsonArrayHandler" classname="io.vertx.serviceproxy.test.ServiceProxyTest" time="0.007"/>
  <testcase name="testMapDoubleHandler" classname="io.vertx.serviceproxy.test.ServiceProxyTest" time="0.067"/>
  <testcase name="testListJsonObjectHandler" classname="io.vertx.serviceproxy.test.ServiceProxyTest" time="0.005"/>
  <testcase name="testByteHandler" classname="io.vertx.serviceproxy.test.ServiceProxyTest" time="0.005"/>
  <testcase name="testMapStringHandler" classname="io.vertx.serviceproxy.test.ServiceProxyTest" time="0.008"/>
  <testcase name="testMapIntHandler" classname="io.vertx.serviceproxy.test.ServiceProxyTest" time="0.004"/>
  <testcase name="testLocalServiceFromLocalSender" classname="io.vertx.serviceproxy.test.ServiceProxyTest" time="0.003"/>
  <testcase name="testSetShortHandler" classname="io.vertx.serviceproxy.test.ServiceProxyTest" time="0.004"/>
  <testcase name="testListDoubleHandler" classname="io.vertx.serviceproxy.test.ServiceProxyTest" time="0.006"/>
  <testcase name="testLongDelivery1" classname="io.vertx.serviceproxy.test.ServiceProxyTest" time="10.017"/>
  <testcase name="testLongDelivery2" classname="io.vertx.serviceproxy.test.ServiceProxyTest" time="20.027"/>
  <testcase name="testSetIntHandler" classname="io.vertx.serviceproxy.test.ServiceProxyTest" time="0.006"/>
  <testcase name="testStringNullHandler" classname="io.vertx.serviceproxy.test.ServiceProxyTest" time="0.006"/>
  <testcase name="testListStringHandler" classname="io.vertx.serviceproxy.test.ServiceProxyTest" time="0.007"/>
  <testcase name="testListBoolHandler" classname="io.vertx.serviceproxy.test.ServiceProxyTest" time="0.006"/>
  <testcase name="testSetJsonObjectHandler" classname="io.vertx.serviceproxy.test.ServiceProxyTest" time="0.005"/>
  <testcase name="testEnumTypeAsResult" classname="io.vertx.serviceproxy.test.ServiceProxyTest" time="0.005"/>
  <testcase name="testSetFloatHandler" classname="io.vertx.serviceproxy.test.ServiceProxyTest" time="0.004"/>
  <testcase name="testShortNullHandler" classname="io.vertx.serviceproxy.test.ServiceProxyTest" time="0.006"/>
  <testcase name="testJsonObjectNullHandler" classname="io.vertx.serviceproxy.test.ServiceProxyTest" time="0.005"/>
  <testcase name="testByteNullHandler" classname="io.vertx.serviceproxy.test.ServiceProxyTest" time="0.01"/>
  <testcase name="testMapByteHandler" classname="io.vertx.serviceproxy.test.ServiceProxyTest" time="0.006"/>
  <testcase name="testCharNullHandler" classname="io.vertx.serviceproxy.test.ServiceProxyTest" time="0.003"/>
  <testcase name="testMapTypes" classname="io.vertx.serviceproxy.test.ServiceProxyTest" time="0.007"/>
  <testcase name="testSetDateTimeHandler" classname="io.vertx.serviceproxy.test.ServiceProxyTest" time="0.006"/>
  <testcase name="testSetDoubleHandler" classname="io.vertx.serviceproxy.test.ServiceProxyTest" time="0.004"/>
  <testcase name="testErrorHandling" classname="io.vertx.serviceproxy.test.ServiceProxyTest" time="0.011"/>
  <testcase name="testSetStringHandler" classname="io.vertx.serviceproxy.test.ServiceProxyTest" time="0.008"/>
  <testcase name="testIntNullHandler" classname="io.vertx.serviceproxy.test.ServiceProxyTest" time="0.004"/>
  <testcase name="testProxyIgnore" classname="io.vertx.serviceproxy.test.ServiceProxyTest" time="0.515"/>
  <testcase name="testBooleanNullHandler" classname="io.vertx.serviceproxy.test.ServiceProxyTest" time="0.003"/>
  <testcase name="testFloatNullHandler" classname="io.vertx.serviceproxy.test.ServiceProxyTest" time="0.003"/>
  <testcase name="testDataObjectHandler" classname="io.vertx.serviceproxy.test.ServiceProxyTest" time="0.007"/>
  <testcase name="testCallWithMessageInvalidAction" classname="io.vertx.serviceproxy.test.ServiceProxyTest" time="0.011"/>
  <testcase name="testNoParams" classname="io.vertx.serviceproxy.test.ServiceProxyTest" time="0"/>
  <testcase name="testListLongHandler" classname="io.vertx.serviceproxy.test.ServiceProxyTest" time="0.003"/>
  <testcase name="testLongNullHandler" classname="io.vertx.serviceproxy.test.ServiceProxyTest" time="0.006"/>
  <testcase name="testSetByteHandler" classname="io.vertx.serviceproxy.test.ServiceProxyTest" time="0.008"/>
  <testcase name="testMapDateTimeType" classname="io.vertx.serviceproxy.test.ServiceProxyTest" time="0.007"/>
  <testcase name="testBasicBoxedTypesNull" classname="io.vertx.serviceproxy.test.ServiceProxyTest" time="0.003"/>
  <testcase name="testListCharHandler" classname="io.vertx.serviceproxy.test.ServiceProxyTest" time="0.005"/>
  <testcase name="testBasicBoxedTypes" classname="io.vertx.serviceproxy.test.ServiceProxyTest" time="0.006"/>
  <testcase name="testVoidHandler" classname="io.vertx.serviceproxy.test.ServiceProxyTest" time="0.018"/>
  <testcase name="testIntHandler" classname="io.vertx.serviceproxy.test.ServiceProxyTest" time="0.004"/>
  <testcase name="testDateTimeType" classname="io.vertx.serviceproxy.test.ServiceProxyTest" time="0.004"/>
  <testcase name="testMapJsonObjectHandler" classname="io.vertx.serviceproxy.test.ServiceProxyTest" time="0.003"/>
  <testcase name="testFluentMethod" classname="io.vertx.serviceproxy.test.ServiceProxyTest" time="0.003"/>
  <testcase name="testAListContainingNullValues" classname="io.vertx.serviceproxy.test.ServiceProxyTest" time="0.005"/>
  <testcase name="testListJsonArrayHandler" classname="io.vertx.serviceproxy.test.ServiceProxyTest" time="0.004"/>
  <testcase name="testASetContainingNullValues" classname="io.vertx.serviceproxy.test.ServiceProxyTest" time="0.005"/>
  <testcase name="testDateTimeHandler" classname="io.vertx.serviceproxy.test.ServiceProxyTest" time="0.005"/>
  <testcase name="testBooleanHandler" classname="io.vertx.serviceproxy.test.ServiceProxyTest" time="0.005"/>
  <testcase name="testSetTypes" classname="io.vertx.serviceproxy.test.ServiceProxyTest" time="0.005"/>
  <testcase name="testListDateTimeType" classname="io.vertx.serviceproxy.test.ServiceProxyTest" time="0.005"/>
</testsuite>