<?xml version="1.0" encoding="UTF-8"?>
<testsuite xmlns:xsi="http://www.w3.org/2001/XMLSchema-instance" xsi:schemaLocation="https://maven.apache.org/surefire/maven-surefire-plugin/xsd/surefire-test-report.xsd" name="org.gbif.ipt.service.manage.impl.ResourceManagerImplTest" time="3.147" tests="44" errors="0" skipped="1" failures="0">
  <properties>
    <property name="java.runtime.name" value="OpenJDK Runtime Environment"/>
    <property name="sun.boot.library.path" value="/usr/local/openjdk-8/jre/lib/amd64"/>
    <property name="java.vm.version" value="25.262-b10"/>
    <property name="animal.sniffer.skip" value="true"/>
    <property name="java.vm.vendor" value="Oracle Corporation"/>
    <property name="maven.multiModuleProjectDirectory" value="/tmp/tmpfjht4fxm/ipt"/>
    <property name="maven.javadoc.skip" value="true"/>
    <property name="java.vendor.url" value="http://java.oracle.com/"/>
    <property name="path.separator" value=":"/>
    <property name="guice.disable.misplaced.annotation.check" value="true"/>
    <property name="java.vm.name" value="OpenJDK 64-Bit Server VM"/>
    <property name="file.encoding.pkg" value="sun.io"/>
    <property name="sun.java.launcher" value="SUN_STANDARD"/>
    <property name="sun.os.patch.level" value="unknown"/>
    <property name="source.skip" value="true"/>
    <property name="java.vm.specification.name" value="Java Virtual Machine Specification"/>
    <property name="user.dir" value="/tmp/tmpfjht4fxm/ipt"/>
    <property name="java.runtime.version" value="1.8.0_262-b10"/>
    <property name="java.awt.graphicsenv" value="sun.awt.X11GraphicsEnvironment"/>
    <property name="java.endorsed.dirs" value="/usr/local/openjdk-8/jre/lib/endorsed"/>
    <property name="os.arch" value="amd64"/>
    <property name="java.io.tmpdir" value="/tmp"/>
    <property name="line.separator" value="&#10;"/>
    <property name="java.vm.specification.vendor" value="Oracle Corporation"/>
    <property name="os.name" value="Linux"/>
    <property name="classworlds.conf" value="/usr/share/maven/bin/m2.conf"/>
    <property name="sun.jnu.encoding" value="UTF-8"/>
    <property name="java.library.path" value="/usr/java/packages/lib/amd64:/usr/lib64:/lib64:/lib:/usr/lib"/>
    <property name="license.skip" value="true"/>
    <property name="maven.conf" value="/usr/share/maven/conf"/>
    <property name="java.specification.name" value="Java Platform API Specification"/>
    <property name="java.class.version" value="52.0"/>
    <property name="sun.management.compiler" value="HotSpot 64-Bit Tiered Compilers"/>
    <property name="maven.test.failure.ignore" value="true"/>
    <property name="os.version" value="4.15.0-109-generic"/>
    <property name="library.jansi.path" value="/usr/share/maven/lib/jansi-native"/>
    <property name="user.home" value="/home/jdbl"/>
    <property name="user.timezone" value="Etc/UTC"/>
    <property name="java.awt.printerjob" value="sun.print.PSPrinterJob"/>
    <property name="java.specification.version" value="1.8"/>
    <property name="file.encoding" value="UTF-8"/>
    <property name="user.name" value="jdbl"/>
    <property name="java.class.path" value="/usr/share/maven/boot/plexus-classworlds-2.6.0.jar"/>
    <property name="java.vm.specification.version" value="1.8"/>
    <property name="sun.arch.data.model" value="64"/>
    <property name="java.home" value="/usr/local/openjdk-8/jre"/>
    <property name="sun.java.command" value="org.codehaus.plexus.classworlds.launcher.Launcher test -e --fail-never -ntp -Dmaven.test.failure.ignore=true -B -Dmaven.javadoc.skip=true -Drat.skip=true -Danimal.sniffer.skip=true -Dmaven.javadoc.skip=true -Dlicense.skip=true -Dsource.skip=true"/>
    <property name="java.specification.vendor" value="Oracle Corporation"/>
    <property name="user.language" value="en"/>
    <property name="awt.toolkit" value="sun.awt.X11.XToolkit"/>
    <property name="java.vm.info" value="mixed mode"/>
    <property name="java.version" value="1.8.0_262"/>
    <property name="java.ext.dirs" value="/usr/local/openjdk-8/jre/lib/ext:/usr/java/packages/lib/ext"/>
    <property name="securerandom.source" value="file:/dev/./urandom"/>
    <property name="sun.boot.class.path" value="/usr/local/openjdk-8/jre/lib/resources.jar:/usr/local/openjdk-8/jre/lib/rt.jar:/usr/local/openjdk-8/jre/lib/sunrsasign.jar:/usr/local/openjdk-8/jre/lib/jsse.jar:/usr/local/openjdk-8/jre/lib/jce.jar:/usr/local/openjdk-8/jre/lib/charsets.jar:/usr/local/openjdk-8/jre/lib/jfr.jar:/usr/local/openjdk-8/jre/classes"/>
    <property name="java.vendor" value="Oracle Corporation"/>
    <property name="rat.skip" value="true"/>
    <property name="maven.home" value="/usr/share/maven"/>
    <property name="file.separator" value="/"/>
    <property name="java.vendor.url.bug" value="http://bugreport.sun.com/bugreport/"/>
    <property name="sun.cpu.endian" value="little"/>
    <property name="sun.io.unicode.encoding" value="UnicodeLittle"/>
    <property name="sun.cpu.isalist" value=""/>
  </properties>
  <testcase name="testCreateFromSingleZippedFileWithNoRowType" classname="org.gbif.ipt.service.manage.impl.ResourceManagerImplTest" time="0.849"/>
  <testcase name="testRegisterMigratedResourceWithBadUUID" classname="org.gbif.ipt.service.manage.impl.ResourceManagerImplTest" time="0.047"/>
  <testcase name="testLoadFromDir" classname="org.gbif.ipt.service.manage.impl.ResourceManagerImplTest" time="0">
    <skipped message="floating behaviour"/>
  </testcase>
  <testcase name="testOpenArchiveInsideParentFolder" classname="org.gbif.ipt.service.manage.impl.ResourceManagerImplTest" time="0.041"/>
  <testcase name="testExtensionRowTypeNotInstalled" classname="org.gbif.ipt.service.manage.impl.ResourceManagerImplTest" time="0.055"/>
  <testcase name="testPublishNonRegisteredMetadataOnlyResourceFailure" classname="org.gbif.ipt.service.manage.impl.ResourceManagerImplTest" time="0.152"/>
  <testcase name="testListPublishedRegisteredVersions" classname="org.gbif.ipt.service.manage.impl.ResourceManagerImplTest" time="0.094"/>
  <testcase name="testReconstructVersion" classname="org.gbif.ipt.service.manage.impl.ResourceManagerImplTest" time="0.051"/>
  <testcase name="testCreateFromSingleGzipFile" classname="org.gbif.ipt.service.manage.impl.ResourceManagerImplTest" time="0.053"/>
  <testcase name="testMissingIdElementInCoreMapping" classname="org.gbif.ipt.service.manage.impl.ResourceManagerImplTest" time="0.032"/>
  <testcase name="testRestoreVersion" classname="org.gbif.ipt.service.manage.impl.ResourceManagerImplTest" time="0.27"/>
  <testcase name="testLoad" classname="org.gbif.ipt.service.manage.impl.ResourceManagerImplTest" time="0.033"/>
  <testcase name="testReconstructRegisteredVersion" classname="org.gbif.ipt.service.manage.impl.ResourceManagerImplTest" time="0.059"/>
  <testcase name="testLoadFromDirResetAutoGeneratedIds" classname="org.gbif.ipt.service.manage.impl.ResourceManagerImplTest" time="0.033"/>
  <testcase name="testSimpleCreate" classname="org.gbif.ipt.service.manage.impl.ResourceManagerImplTest" time="0.023"/>
  <testcase name="testRegisterMigratedResource" classname="org.gbif.ipt.service.manage.impl.ResourceManagerImplTest" time="0.016"/>
  <testcase name="testUpdateAlternateIdentifierForRegistry" classname="org.gbif.ipt.service.manage.impl.ResourceManagerImplTest" time="0.018"/>
  <testcase name="testLoadPre2Point2Resource" classname="org.gbif.ipt.service.manage.impl.ResourceManagerImplTest" time="0.028"/>
  <testcase name="testListPublishedPublicVersions" classname="org.gbif.ipt.service.manage.impl.ResourceManagerImplTest" time="0.026"/>
  <testcase name="testCreateFromSingleZippedFile" classname="org.gbif.ipt.service.manage.impl.ResourceManagerImplTest" time="0.037"/>
  <testcase name="testHasMaxProcessFailures" classname="org.gbif.ipt.service.manage.impl.ResourceManagerImplTest" time="0.015"/>
  <testcase name="testRemoveArchiveVersion" classname="org.gbif.ipt.service.manage.impl.ResourceManagerImplTest" time="0.014"/>
  <testcase name="testOpenArchiveInsideParentFolderFails" classname="org.gbif.ipt.service.manage.impl.ResourceManagerImplTest" time="0.019"/>
  <testcase name="testDetectDuplicateUsesOfUUID" classname="org.gbif.ipt.service.manage.impl.ResourceManagerImplTest" time="0.021"/>
  <testcase name="testConstructVersionHistoryForLastPublishedVersion" classname="org.gbif.ipt.service.manage.impl.ResourceManagerImplTest" time="0.011"/>
  <testcase name="testPublishPublicResourceWithDOIAssignedAndReservedButInvalidDOIMetadata" classname="org.gbif.ipt.service.manage.impl.ResourceManagerImplTest" time="0.046"/>
  <testcase name="testCreateFromZippedFileNonexistentExtension" classname="org.gbif.ipt.service.manage.impl.ResourceManagerImplTest" time="0.015"/>
  <testcase name="testRegisterMigratedResourceTooManyUUID" classname="org.gbif.ipt.service.manage.impl.ResourceManagerImplTest" time="0.01"/>
  <testcase name="testInferCoreType" classname="org.gbif.ipt.service.manage.impl.ResourceManagerImplTest" time="0.01"/>
  <testcase name="testDeleteDirectoryContainingSingleFile" classname="org.gbif.ipt.service.manage.impl.ResourceManagerImplTest" time="0.021"/>
  <testcase name="testPublishPublicResourceWithDOIReservedButInvalidDOIMetadata" classname="org.gbif.ipt.service.manage.impl.ResourceManagerImplTest" time="0.039"/>
  <testcase name="testRegisterMigratedResourceWithDuplicateUUIDCase1" classname="org.gbif.ipt.service.manage.impl.ResourceManagerImplTest" time="0.015"/>
  <testcase name="testRegisterMigratedResourceWithDuplicateUUIDCase2" classname="org.gbif.ipt.service.manage.impl.ResourceManagerImplTest" time="0.015"/>
  <testcase name="testCreateFromZippedFileWithInvalidFilename" classname="org.gbif.ipt.service.manage.impl.ResourceManagerImplTest" time="0.021"/>
  <testcase name="testCreateFromZippedFile" classname="org.gbif.ipt.service.manage.impl.ResourceManagerImplTest" time="0.023"/>
  <testcase name="testDifferentCoreIdTermIndexInExtension" classname="org.gbif.ipt.service.manage.impl.ResourceManagerImplTest" time="0.042"/>
  <testcase name="testPublishResourceWithDOIAssignedButInvalidDOIMetadata" classname="org.gbif.ipt.service.manage.impl.ResourceManagerImplTest" time="0.044"/>
  <testcase name="testUpdateAlternateIdentifierForIPTURLToResource" classname="org.gbif.ipt.service.manage.impl.ResourceManagerImplTest" time="0.028"/>
  <testcase name="testConvertVersionZero" classname="org.gbif.ipt.service.manage.impl.ResourceManagerImplTest" time="0.025"/>
  <testcase name="testLatest" classname="org.gbif.ipt.service.manage.impl.ResourceManagerImplTest" time="0.015"/>
  <testcase name="testConvertVersion" classname="org.gbif.ipt.service.manage.impl.ResourceManagerImplTest" time="0.024"/>
  <testcase name="testMissingCoreIdTermMappingInExtension" classname="org.gbif.ipt.service.manage.impl.ResourceManagerImplTest" time="0.032"/>
  <testcase name="testPublishNonRegisteredMetadataOnlyResource" classname="org.gbif.ipt.service.manage.impl.ResourceManagerImplTest" time="0.037"/>
  <testcase name="testInferSubtype" classname="org.gbif.ipt.service.manage.impl.ResourceManagerImplTest" time="0.009"/>
</testsuite>