<?xml version="1.0" encoding="UTF-8"?>
<testsuite xmlns:xsi="http://www.w3.org/2001/XMLSchema-instance" xsi:schemaLocation="https://maven.apache.org/surefire/maven-surefire-plugin/xsd/surefire-test-report.xsd" name="com.bullhornsdk.data.TestStandardBullhornApiRestQuery" time="61.544" tests="54" errors="0" skipped="0" failures="0">
  <properties>
    <property name="java.runtime.name" value="OpenJDK Runtime Environment"/>
    <property name="sun.boot.library.path" value="/usr/local/openjdk-8/jre/lib/amd64"/>
    <property name="java.vm.version" value="25.262-b10"/>
    <property name="animal.sniffer.skip" value="true"/>
    <property name="java.vm.vendor" value="Oracle Corporation"/>
    <property name="maven.multiModuleProjectDirectory" value="/tmp/tmpll0pb5vr/sdk-rest"/>
    <property name="maven.javadoc.skip" value="true"/>
    <property name="java.vendor.url" value="http://java.oracle.com/"/>
    <property name="path.separator" value=":"/>
    <property name="guice.disable.misplaced.annotation.check" value="true"/>
    <property name="java.vm.name" value="OpenJDK 64-Bit Server VM"/>
    <property name="file.encoding.pkg" value="sun.io"/>
    <property name="sun.java.launcher" value="SUN_STANDARD"/>
    <property name="sun.os.patch.level" value="unknown"/>
    <property name="source.skip" value="true"/>
    <property name="java.vm.specification.name" value="Java Virtual Machine Specification"/>
    <property name="user.dir" value="/tmp/tmpll0pb5vr/sdk-rest"/>
    <property name="java.runtime.version" value="1.8.0_262-b10"/>
    <property name="java.awt.graphicsenv" value="sun.awt.X11GraphicsEnvironment"/>
    <property name="java.endorsed.dirs" value="/usr/local/openjdk-8/jre/lib/endorsed"/>
    <property name="os.arch" value="amd64"/>
    <property name="java.io.tmpdir" value="/tmp"/>
    <property name="line.separator" value="&#10;"/>
    <property name="java.vm.specification.vendor" value="Oracle Corporation"/>
    <property name="os.name" value="Linux"/>
    <property name="classworlds.conf" value="/usr/share/maven/bin/m2.conf"/>
    <property name="sun.jnu.encoding" value="UTF-8"/>
    <property name="java.library.path" value="/usr/java/packages/lib/amd64:/usr/lib64:/lib64:/lib:/usr/lib"/>
    <property name="license.skip" value="true"/>
    <property name="maven.conf" value="/usr/share/maven/conf"/>
    <property name="java.specification.name" value="Java Platform API Specification"/>
    <property name="java.class.version" value="52.0"/>
    <property name="sun.management.compiler" value="HotSpot 64-Bit Tiered Compilers"/>
    <property name="maven.test.failure.ignore" value="true"/>
    <property name="os.version" value="4.15.0-109-generic"/>
    <property name="library.jansi.path" value="/usr/share/maven/lib/jansi-native"/>
    <property name="user.home" value="/home/jdbl"/>
    <property name="user.timezone" value="Etc/UTC"/>
    <property name="java.awt.printerjob" value="sun.print.PSPrinterJob"/>
    <property name="java.specification.version" value="1.8"/>
    <property name="file.encoding" value="UTF-8"/>
    <property name="user.name" value="jdbl"/>
    <property name="java.class.path" value="/usr/share/maven/boot/plexus-classworlds-2.6.0.jar"/>
    <property name="java.vm.specification.version" value="1.8"/>
    <property name="sun.arch.data.model" value="64"/>
    <property name="java.home" value="/usr/local/openjdk-8/jre"/>
    <property name="sun.java.command" value="org.codehaus.plexus.classworlds.launcher.Launcher test -e --fail-never -ntp -Dmaven.test.failure.ignore=true -B -Dmaven.javadoc.skip=true -Drat.skip=true -Danimal.sniffer.skip=true -Dmaven.javadoc.skip=true -Dlicense.skip=true -Dsource.skip=true"/>
    <property name="java.specification.vendor" value="Oracle Corporation"/>
    <property name="user.language" value="en"/>
    <property name="awt.toolkit" value="sun.awt.X11.XToolkit"/>
    <property name="java.vm.info" value="mixed mode"/>
    <property name="java.version" value="1.8.0_262"/>
    <property name="java.ext.dirs" value="/usr/local/openjdk-8/jre/lib/ext:/usr/java/packages/lib/ext"/>
    <property name="securerandom.source" value="file:/dev/./urandom"/>
    <property name="sun.boot.class.path" value="/usr/local/openjdk-8/jre/lib/resources.jar:/usr/local/openjdk-8/jre/lib/rt.jar:/usr/local/openjdk-8/jre/lib/sunrsasign.jar:/usr/local/openjdk-8/jre/lib/jsse.jar:/usr/local/openjdk-8/jre/lib/jce.jar:/usr/local/openjdk-8/jre/lib/charsets.jar:/usr/local/openjdk-8/jre/lib/jfr.jar:/usr/local/openjdk-8/jre/classes"/>
    <property name="java.vendor" value="Oracle Corporation"/>
    <property name="rat.skip" value="true"/>
    <property name="maven.home" value="/usr/share/maven"/>
    <property name="file.separator" value="/"/>
    <property name="java.vendor.url.bug" value="http://bugreport.sun.com/bugreport/"/>
    <property name="sun.cpu.endian" value="little"/>
    <property name="sun.io.unicode.encoding" value="UnicodeLittle"/>
    <property name="sun.cpu.isalist" value=""/>
  </properties>
  <testcase name="testQueryClientContact" classname="com.bullhornsdk.data.TestStandardBullhornApiRestQuery" time="1.108"/>
  <testcase name="testQueryCertificationFileAttachment" classname="com.bullhornsdk.data.TestStandardBullhornApiRestQuery" time="1.183"/>
  <testcase name="testQueryJobSubmissionHistory" classname="com.bullhornsdk.data.TestStandardBullhornApiRestQuery" time="1.137"/>
  <testcase name="testQueryPlacementChangeRequest" classname="com.bullhornsdk.data.TestStandardBullhornApiRestQuery" time="1.215"/>
  <testcase name="testQueryCandidateEducation" classname="com.bullhornsdk.data.TestStandardBullhornApiRestQuery" time="1.122"/>
  <testcase name="testQueryClientCorporation1" classname="com.bullhornsdk.data.TestStandardBullhornApiRestQuery" time="1.134"/>
  <testcase name="testQueryClientContact1" classname="com.bullhornsdk.data.TestStandardBullhornApiRestQuery" time="1.017"/>
  <testcase name="testQueryOpportunityFileAttachment" classname="com.bullhornsdk.data.TestStandardBullhornApiRestQuery" time="1.302"/>
  <testcase name="testQueryPlacementCommission_2" classname="com.bullhornsdk.data.TestStandardBullhornApiRestQuery" time="1.199"/>
  <testcase name="testQueryWorkersCompensation" classname="com.bullhornsdk.data.TestStandardBullhornApiRestQuery" time="1.571"/>
  <testcase name="testQueryFile" classname="com.bullhornsdk.data.TestStandardBullhornApiRestQuery" time="1.325"/>
  <testcase name="testQueryLead" classname="com.bullhornsdk.data.TestStandardBullhornApiRestQuery" time="1.079"/>
  <testcase name="testQueryTask" classname="com.bullhornsdk.data.TestStandardBullhornApiRestQuery" time="1.159"/>
  <testcase name="testQueryCorporationDepartment" classname="com.bullhornsdk.data.TestStandardBullhornApiRestQuery" time="1.269"/>
  <testcase name="testQuerySkill" classname="com.bullhornsdk.data.TestStandardBullhornApiRestQuery" time="1.011"/>
  <testcase name="testQueryState" classname="com.bullhornsdk.data.TestStandardBullhornApiRestQuery" time="1.16"/>
  <testcase name="testQueryUserType" classname="com.bullhornsdk.data.TestStandardBullhornApiRestQuery" time="1.014"/>
  <testcase name="testQueryCountry" classname="com.bullhornsdk.data.TestStandardBullhornApiRestQuery" time="1.197"/>
  <testcase name="testQueryJobOrderGreaterThan" classname="com.bullhornsdk.data.TestStandardBullhornApiRestQuery" time="1.1"/>
  <testcase name="testQueryJobOrderGreaterThanEqualTo" classname="com.bullhornsdk.data.TestStandardBullhornApiRestQuery" time="1.049"/>
  <testcase name="testQueryCandidateWorkHistory" classname="com.bullhornsdk.data.TestStandardBullhornApiRestQuery" time="1.072"/>
  <testcase name="testQueryCategory" classname="com.bullhornsdk.data.TestStandardBullhornApiRestQuery" time="1.065"/>
  <testcase name="testQueryDistributionList" classname="com.bullhornsdk.data.TestStandardBullhornApiRestQuery" time="0.977"/>
  <testcase name="testQueryAppointmentAttendee" classname="com.bullhornsdk.data.TestStandardBullhornApiRestQuery" time="1.044"/>
  <testcase name="testQueryNoteEntity" classname="com.bullhornsdk.data.TestStandardBullhornApiRestQuery" time="1.019"/>
  <testcase name="testQueryWorkersCompensationRate" classname="com.bullhornsdk.data.TestStandardBullhornApiRestQuery" time="1.124"/>
  <testcase name="testQueryJobOrderFileAttachment" classname="com.bullhornsdk.data.TestStandardBullhornApiRestQuery" time="1.078"/>
  <testcase name="testQueryJobOrderLessThan" classname="com.bullhornsdk.data.TestStandardBullhornApiRestQuery" time="1.094"/>
  <testcase name="testQueryCertification" classname="com.bullhornsdk.data.TestStandardBullhornApiRestQuery" time="1.131"/>
  <testcase name="testQuerySendout" classname="com.bullhornsdk.data.TestStandardBullhornApiRestQuery" time="1.357"/>
  <testcase name="testQueryJobOrderEqualTo" classname="com.bullhornsdk.data.TestStandardBullhornApiRestQuery" time="1.088"/>
  <testcase name="testQueryPlacement" classname="com.bullhornsdk.data.TestStandardBullhornApiRestQuery" time="1.194"/>
  <testcase name="testQueryHousingComplexGreaterThan" classname="com.bullhornsdk.data.TestStandardBullhornApiRestQuery" time="1.152"/>
  <testcase name="testQueryJobOrderLessThanEqualTo" classname="com.bullhornsdk.data.TestStandardBullhornApiRestQuery" time="1.169"/>
  <testcase name="testQueryCandidateCertification" classname="com.bullhornsdk.data.TestStandardBullhornApiRestQuery" time="1.097"/>
  <testcase name="testQueryBusinessSector" classname="com.bullhornsdk.data.TestStandardBullhornApiRestQuery" time="1.211"/>
  <testcase name="testQueryPlacementFileAttachment" classname="com.bullhornsdk.data.TestStandardBullhornApiRestQuery" time="1.258"/>
  <testcase name="testQueryJobSubmission" classname="com.bullhornsdk.data.TestStandardBullhornApiRestQuery" time="0.958"/>
  <testcase name="testQuerySpecialty" classname="com.bullhornsdk.data.TestStandardBullhornApiRestQuery" time="1.164"/>
  <testcase name="testQueryClientCorporation" classname="com.bullhornsdk.data.TestStandardBullhornApiRestQuery" time="1.398"/>
  <testcase name="testQueryCandidateFileAttachment" classname="com.bullhornsdk.data.TestStandardBullhornApiRestQuery" time="1.093"/>
  <testcase name="testQueryCorporateUser" classname="com.bullhornsdk.data.TestStandardBullhornApiRestQuery" time="1.092"/>
  <testcase name="testQueryJobBoardPost" classname="com.bullhornsdk.data.TestStandardBullhornApiRestQuery" time="1.216"/>
  <testcase name="testQueryClientCorporationFileAttachment" classname="com.bullhornsdk.data.TestStandardBullhornApiRestQuery" time="1.003"/>
  <testcase name="testQueryJobOrderNotEqualTo" classname="com.bullhornsdk.data.TestStandardBullhornApiRestQuery" time="0.983"/>
  <testcase name="testQueryTimeUnit" classname="com.bullhornsdk.data.TestStandardBullhornApiRestQuery" time="1.079"/>
  <testcase name="testQueryPlacementCertification" classname="com.bullhornsdk.data.TestStandardBullhornApiRestQuery" time="1.142"/>
  <testcase name="testQueryClientContactFileAttachment" classname="com.bullhornsdk.data.TestStandardBullhornApiRestQuery" time="1.116"/>
  <testcase name="testQueryAppointment" classname="com.bullhornsdk.data.TestStandardBullhornApiRestQuery" time="1.305"/>
  <testcase name="testQueryCandidateReference" classname="com.bullhornsdk.data.TestStandardBullhornApiRestQuery" time="0.901"/>
  <testcase name="testQueryDepartment" classname="com.bullhornsdk.data.TestStandardBullhornApiRestQuery" time="1.152"/>
  <testcase name="testQueryBranch" classname="com.bullhornsdk.data.TestStandardBullhornApiRestQuery" time="1.143"/>
  <testcase name="testQueryOpportunity" classname="com.bullhornsdk.data.TestStandardBullhornApiRestQuery" time="1.109"/>
  <testcase name="testQueryPlacementCommission" classname="com.bullhornsdk.data.TestStandardBullhornApiRestQuery" time="1.198"/>
</testsuite>