<?xml version="1.0" encoding="UTF-8"?>
<testsuite xmlns:xsi="http://www.w3.org/2001/XMLSchema-instance" xsi:schemaLocation="https://maven.apache.org/surefire/maven-surefire-plugin/xsd/surefire-test-report.xsd" name="com.bullhornsdk.data.TestStandardBullhornApiRest" time="73.756" tests="75" errors="0" skipped="0" failures="0">
  <properties>
    <property name="java.runtime.name" value="OpenJDK Runtime Environment"/>
    <property name="sun.boot.library.path" value="/usr/local/openjdk-8/jre/lib/amd64"/>
    <property name="java.vm.version" value="25.262-b10"/>
    <property name="animal.sniffer.skip" value="true"/>
    <property name="java.vm.vendor" value="Oracle Corporation"/>
    <property name="maven.multiModuleProjectDirectory" value="/tmp/tmpll0pb5vr/sdk-rest"/>
    <property name="maven.javadoc.skip" value="true"/>
    <property name="java.vendor.url" value="http://java.oracle.com/"/>
    <property name="path.separator" value=":"/>
    <property name="guice.disable.misplaced.annotation.check" value="true"/>
    <property name="java.vm.name" value="OpenJDK 64-Bit Server VM"/>
    <property name="file.encoding.pkg" value="sun.io"/>
    <property name="sun.java.launcher" value="SUN_STANDARD"/>
    <property name="sun.os.patch.level" value="unknown"/>
    <property name="source.skip" value="true"/>
    <property name="java.vm.specification.name" value="Java Virtual Machine Specification"/>
    <property name="user.dir" value="/tmp/tmpll0pb5vr/sdk-rest"/>
    <property name="java.runtime.version" value="1.8.0_262-b10"/>
    <property name="java.awt.graphicsenv" value="sun.awt.X11GraphicsEnvironment"/>
    <property name="java.endorsed.dirs" value="/usr/local/openjdk-8/jre/lib/endorsed"/>
    <property name="os.arch" value="amd64"/>
    <property name="java.io.tmpdir" value="/tmp"/>
    <property name="line.separator" value="&#10;"/>
    <property name="java.vm.specification.vendor" value="Oracle Corporation"/>
    <property name="os.name" value="Linux"/>
    <property name="classworlds.conf" value="/usr/share/maven/bin/m2.conf"/>
    <property name="sun.jnu.encoding" value="UTF-8"/>
    <property name="java.library.path" value="/usr/java/packages/lib/amd64:/usr/lib64:/lib64:/lib:/usr/lib"/>
    <property name="license.skip" value="true"/>
    <property name="maven.conf" value="/usr/share/maven/conf"/>
    <property name="java.specification.name" value="Java Platform API Specification"/>
    <property name="java.class.version" value="52.0"/>
    <property name="sun.management.compiler" value="HotSpot 64-Bit Tiered Compilers"/>
    <property name="maven.test.failure.ignore" value="true"/>
    <property name="os.version" value="4.15.0-109-generic"/>
    <property name="library.jansi.path" value="/usr/share/maven/lib/jansi-native"/>
    <property name="user.home" value="/home/jdbl"/>
    <property name="user.timezone" value="Etc/UTC"/>
    <property name="java.awt.printerjob" value="sun.print.PSPrinterJob"/>
    <property name="java.specification.version" value="1.8"/>
    <property name="file.encoding" value="UTF-8"/>
    <property name="user.name" value="jdbl"/>
    <property name="java.class.path" value="/usr/share/maven/boot/plexus-classworlds-2.6.0.jar"/>
    <property name="java.vm.specification.version" value="1.8"/>
    <property name="sun.arch.data.model" value="64"/>
    <property name="java.home" value="/usr/local/openjdk-8/jre"/>
    <property name="sun.java.command" value="org.codehaus.plexus.classworlds.launcher.Launcher test -e --fail-never -ntp -Dmaven.test.failure.ignore=true -B -Dmaven.javadoc.skip=true -Drat.skip=true -Danimal.sniffer.skip=true -Dmaven.javadoc.skip=true -Dlicense.skip=true -Dsource.skip=true"/>
    <property name="java.specification.vendor" value="Oracle Corporation"/>
    <property name="user.language" value="en"/>
    <property name="awt.toolkit" value="sun.awt.X11.XToolkit"/>
    <property name="java.vm.info" value="mixed mode"/>
    <property name="java.version" value="1.8.0_262"/>
    <property name="java.ext.dirs" value="/usr/local/openjdk-8/jre/lib/ext:/usr/java/packages/lib/ext"/>
    <property name="securerandom.source" value="file:/dev/./urandom"/>
    <property name="sun.boot.class.path" value="/usr/local/openjdk-8/jre/lib/resources.jar:/usr/local/openjdk-8/jre/lib/rt.jar:/usr/local/openjdk-8/jre/lib/sunrsasign.jar:/usr/local/openjdk-8/jre/lib/jsse.jar:/usr/local/openjdk-8/jre/lib/jce.jar:/usr/local/openjdk-8/jre/lib/charsets.jar:/usr/local/openjdk-8/jre/lib/jfr.jar:/usr/local/openjdk-8/jre/classes"/>
    <property name="java.vendor" value="Oracle Corporation"/>
    <property name="rat.skip" value="true"/>
    <property name="maven.home" value="/usr/share/maven"/>
    <property name="file.separator" value="/"/>
    <property name="java.vendor.url.bug" value="http://bugreport.sun.com/bugreport/"/>
    <property name="sun.cpu.endian" value="little"/>
    <property name="sun.io.unicode.encoding" value="UnicodeLittle"/>
    <property name="sun.cpu.isalist" value=""/>
  </properties>
  <testcase name="testFindSendout" classname="com.bullhornsdk.data.TestStandardBullhornApiRest" time="0.914"/>
  <testcase name="testFindClientCorporation" classname="com.bullhornsdk.data.TestStandardBullhornApiRest" time="0.806"/>
  <testcase name="testFindNoteEntityFields" classname="com.bullhornsdk.data.TestStandardBullhornApiRest" time="0.773"/>
  <testcase name="testFindCandidateEducationFields" classname="com.bullhornsdk.data.TestStandardBullhornApiRest" time="0.862"/>
  <testcase name="testFindPlacementChangeRequestFields" classname="com.bullhornsdk.data.TestStandardBullhornApiRest" time="0.89"/>
  <testcase name="testFindJobSubmissionHistoryFields" classname="com.bullhornsdk.data.TestStandardBullhornApiRest" time="0.977"/>
  <testcase name="testFindBusinessSectorFields" classname="com.bullhornsdk.data.TestStandardBullhornApiRest" time="0.947"/>
  <testcase name="testFindTaskFields" classname="com.bullhornsdk.data.TestStandardBullhornApiRest" time="0.848"/>
  <testcase name="testFindJobSubmissionHistory" classname="com.bullhornsdk.data.TestStandardBullhornApiRest" time="1.149"/>
  <testcase name="testFindCandidate" classname="com.bullhornsdk.data.TestStandardBullhornApiRest" time="1.144"/>
  <testcase name="testFindCandidateEducation" classname="com.bullhornsdk.data.TestStandardBullhornApiRest" time="0.903"/>
  <testcase name="testFindCandidateFields" classname="com.bullhornsdk.data.TestStandardBullhornApiRest" time="1.086"/>
  <testcase name="testFindClientContactFields" classname="com.bullhornsdk.data.TestStandardBullhornApiRest" time="0.953"/>
  <testcase name="testFindCountryFields" classname="com.bullhornsdk.data.TestStandardBullhornApiRest" time="0.958"/>
  <testcase name="testFindHousingComplex" classname="com.bullhornsdk.data.TestStandardBullhornApiRest" time="1.092"/>
  <testcase name="testFindSpecialtyFields" classname="com.bullhornsdk.data.TestStandardBullhornApiRest" time="0.801"/>
  <testcase name="testFindSkillFields" classname="com.bullhornsdk.data.TestStandardBullhornApiRest" time="0.771"/>
  <testcase name="testFindOpporutnityCustomObject" classname="com.bullhornsdk.data.TestStandardBullhornApiRest" time="0.937"/>
  <testcase name="testFindBranch" classname="com.bullhornsdk.data.TestStandardBullhornApiRest" time="1.078"/>
  <testcase name="testFindHousingComplexFields" classname="com.bullhornsdk.data.TestStandardBullhornApiRest" time="0.911"/>
  <testcase name="testFindTimeUnit" classname="com.bullhornsdk.data.TestStandardBullhornApiRest" time="1.054"/>
  <testcase name="testFindCorporationDepartmentFields" classname="com.bullhornsdk.data.TestStandardBullhornApiRest" time="1.16"/>
  <testcase name="testFindCandidateReferenceFields" classname="com.bullhornsdk.data.TestStandardBullhornApiRest" time="0.956"/>
  <testcase name="testFindPlacementCommission" classname="com.bullhornsdk.data.TestStandardBullhornApiRest" time="0.892"/>
  <testcase name="testFindAppointmentFields" classname="com.bullhornsdk.data.TestStandardBullhornApiRest" time="0.967"/>
  <testcase name="testFindTimeUnitFields" classname="com.bullhornsdk.data.TestStandardBullhornApiRest" time="1.142"/>
  <testcase name="testFindJobOrder" classname="com.bullhornsdk.data.TestStandardBullhornApiRest" time="0.912"/>
  <testcase name="testFindPlacement" classname="com.bullhornsdk.data.TestStandardBullhornApiRest" time="1.038"/>
  <testcase name="testFindCandidateWorkHistory" classname="com.bullhornsdk.data.TestStandardBullhornApiRest" time="1.115"/>
  <testcase name="testFindCandidateWorkHistoryFields" classname="com.bullhornsdk.data.TestStandardBullhornApiRest" time="1.03"/>
  <testcase name="testFindAppointment" classname="com.bullhornsdk.data.TestStandardBullhornApiRest" time="1.015"/>
  <testcase name="testFindWorkersCompensationRate" classname="com.bullhornsdk.data.TestStandardBullhornApiRest" time="0.994"/>
  <testcase name="testFindPlacementCommissionFields" classname="com.bullhornsdk.data.TestStandardBullhornApiRest" time="0.918"/>
  <testcase name="testFindSendoutFields" classname="com.bullhornsdk.data.TestStandardBullhornApiRest" time="1.043"/>
  <testcase name="testFindCertificationFields" classname="com.bullhornsdk.data.TestStandardBullhornApiRest" time="0.893"/>
  <testcase name="testFindOpportunity" classname="com.bullhornsdk.data.TestStandardBullhornApiRest" time="0.846"/>
  <testcase name="testFindMultipleNotes" classname="com.bullhornsdk.data.TestStandardBullhornApiRest" time="0.891"/>
  <testcase name="testFindCertification" classname="com.bullhornsdk.data.TestStandardBullhornApiRest" time="0.727"/>
  <testcase name="testFindFile" classname="com.bullhornsdk.data.TestStandardBullhornApiRest" time="0.773"/>
  <testcase name="testFindLead" classname="com.bullhornsdk.data.TestStandardBullhornApiRest" time="0.946"/>
  <testcase name="testFindNote" classname="com.bullhornsdk.data.TestStandardBullhornApiRest" time="0.796"/>
  <testcase name="testFindTask" classname="com.bullhornsdk.data.TestStandardBullhornApiRest" time="0.879"/>
  <testcase name="testFindPlacementFields" classname="com.bullhornsdk.data.TestStandardBullhornApiRest" time="0.852"/>
  <testcase name="testFindClientCorporationFields" classname="com.bullhornsdk.data.TestStandardBullhornApiRest" time="0.822"/>
  <testcase name="testFindCategoryFields" classname="com.bullhornsdk.data.TestStandardBullhornApiRest" time="0.807"/>
  <testcase name="testFindWorkersCompensation" classname="com.bullhornsdk.data.TestStandardBullhornApiRest" time="0.936"/>
  <testcase name="testFindJobBoardPost" classname="com.bullhornsdk.data.TestStandardBullhornApiRest" time="1.008"/>
  <testcase name="testFindSpecialty" classname="com.bullhornsdk.data.TestStandardBullhornApiRest" time="1.116"/>
  <testcase name="testFindNoteEntity" classname="com.bullhornsdk.data.TestStandardBullhornApiRest" time="0.889"/>
  <testcase name="testFindNoteFields" classname="com.bullhornsdk.data.TestStandardBullhornApiRest" time="1.01"/>
  <testcase name="testFindCorporationDepartment" classname="com.bullhornsdk.data.TestStandardBullhornApiRest" time="1.077"/>
  <testcase name="testFindCorporateUserFields" classname="com.bullhornsdk.data.TestStandardBullhornApiRest" time="0.97"/>
  <testcase name="testFindPersonCustomObject" classname="com.bullhornsdk.data.TestStandardBullhornApiRest" time="1.143"/>
  <testcase name="testFindJobSubmission" classname="com.bullhornsdk.data.TestStandardBullhornApiRest" time="1.008"/>
  <testcase name="testFindAppointmentAttendee" classname="com.bullhornsdk.data.TestStandardBullhornApiRest" time="0.983"/>
  <testcase name="testFindSkill" classname="com.bullhornsdk.data.TestStandardBullhornApiRest" time="0.911"/>
  <testcase name="testFindState" classname="com.bullhornsdk.data.TestStandardBullhornApiRest" time="1.051"/>
  <testcase name="testFindJobCustomObject" classname="com.bullhornsdk.data.TestStandardBullhornApiRest" time="1.008"/>
  <testcase name="testFindBusinessSector" classname="com.bullhornsdk.data.TestStandardBullhornApiRest" time="1.031"/>
  <testcase name="testFindCountry" classname="com.bullhornsdk.data.TestStandardBullhornApiRest" time="1.012"/>
  <testcase name="testFindJobSubmissionFields" classname="com.bullhornsdk.data.TestStandardBullhornApiRest" time="1.112"/>
  <testcase name="testFindTask_placement" classname="com.bullhornsdk.data.TestStandardBullhornApiRest" time="1.227"/>
  <testcase name="testFindCategory" classname="com.bullhornsdk.data.TestStandardBullhornApiRest" time="1.015"/>
  <testcase name="testFindCorporateUser" classname="com.bullhornsdk.data.TestStandardBullhornApiRest" time="1.201"/>
  <testcase name="testFindDepartmentFields" classname="com.bullhornsdk.data.TestStandardBullhornApiRest" time="0.919"/>
  <testcase name="testFindJobOrderFields" classname="com.bullhornsdk.data.TestStandardBullhornApiRest" time="1.095"/>
  <testcase name="testFindClientCorporationCustomObject" classname="com.bullhornsdk.data.TestStandardBullhornApiRest" time="1.1"/>
  <testcase name="testFindPlacementCustomObject" classname="com.bullhornsdk.data.TestStandardBullhornApiRest" time="1.069"/>
  <testcase name="testFindAppointmentAttendeeFields" classname="com.bullhornsdk.data.TestStandardBullhornApiRest" time="1.182"/>
  <testcase name="testFindTearsheetFields" classname="com.bullhornsdk.data.TestStandardBullhornApiRest" time="1.18"/>
  <testcase name="testFindPlacementChangeRequest" classname="com.bullhornsdk.data.TestStandardBullhornApiRest" time="1.077"/>
  <testcase name="testFindStateFields" classname="com.bullhornsdk.data.TestStandardBullhornApiRest" time="1.123"/>
  <testcase name="testFindClientContact" classname="com.bullhornsdk.data.TestStandardBullhornApiRest" time="1.029"/>
  <testcase name="testFindCandidateReference" classname="com.bullhornsdk.data.TestStandardBullhornApiRest" time="1.123"/>
  <testcase name="testFindTearsheet" classname="com.bullhornsdk.data.TestStandardBullhornApiRest" time="0.868"/>
</testsuite>