<?xml version="1.0" encoding="UTF-8"?>
<testsuite xmlns:xsi="http://www.w3.org/2001/XMLSchema-instance" xsi:schemaLocation="https://maven.apache.org/surefire/maven-surefire-plugin/xsd/surefire-test-report.xsd" name="com.bullhornsdk.data.TestStandardBullhornApiRestMeta" time="37.076" tests="35" errors="0" skipped="0" failures="0">
  <properties>
    <property name="java.runtime.name" value="OpenJDK Runtime Environment"/>
    <property name="sun.boot.library.path" value="/usr/local/openjdk-8/jre/lib/amd64"/>
    <property name="java.vm.version" value="25.262-b10"/>
    <property name="animal.sniffer.skip" value="true"/>
    <property name="java.vm.vendor" value="Oracle Corporation"/>
    <property name="maven.multiModuleProjectDirectory" value="/tmp/tmpll0pb5vr/sdk-rest"/>
    <property name="maven.javadoc.skip" value="true"/>
    <property name="java.vendor.url" value="http://java.oracle.com/"/>
    <property name="path.separator" value=":"/>
    <property name="guice.disable.misplaced.annotation.check" value="true"/>
    <property name="java.vm.name" value="OpenJDK 64-Bit Server VM"/>
    <property name="file.encoding.pkg" value="sun.io"/>
    <property name="sun.java.launcher" value="SUN_STANDARD"/>
    <property name="sun.os.patch.level" value="unknown"/>
    <property name="source.skip" value="true"/>
    <property name="java.vm.specification.name" value="Java Virtual Machine Specification"/>
    <property name="user.dir" value="/tmp/tmpll0pb5vr/sdk-rest"/>
    <property name="java.runtime.version" value="1.8.0_262-b10"/>
    <property name="java.awt.graphicsenv" value="sun.awt.X11GraphicsEnvironment"/>
    <property name="java.endorsed.dirs" value="/usr/local/openjdk-8/jre/lib/endorsed"/>
    <property name="os.arch" value="amd64"/>
    <property name="java.io.tmpdir" value="/tmp"/>
    <property name="line.separator" value="&#10;"/>
    <property name="java.vm.specification.vendor" value="Oracle Corporation"/>
    <property name="os.name" value="Linux"/>
    <property name="classworlds.conf" value="/usr/share/maven/bin/m2.conf"/>
    <property name="sun.jnu.encoding" value="UTF-8"/>
    <property name="java.library.path" value="/usr/java/packages/lib/amd64:/usr/lib64:/lib64:/lib:/usr/lib"/>
    <property name="license.skip" value="true"/>
    <property name="maven.conf" value="/usr/share/maven/conf"/>
    <property name="java.specification.name" value="Java Platform API Specification"/>
    <property name="java.class.version" value="52.0"/>
    <property name="sun.management.compiler" value="HotSpot 64-Bit Tiered Compilers"/>
    <property name="maven.test.failure.ignore" value="true"/>
    <property name="os.version" value="4.15.0-109-generic"/>
    <property name="library.jansi.path" value="/usr/share/maven/lib/jansi-native"/>
    <property name="user.home" value="/home/jdbl"/>
    <property name="user.timezone" value="Etc/UTC"/>
    <property name="java.awt.printerjob" value="sun.print.PSPrinterJob"/>
    <property name="java.specification.version" value="1.8"/>
    <property name="file.encoding" value="UTF-8"/>
    <property name="user.name" value="jdbl"/>
    <property name="java.class.path" value="/usr/share/maven/boot/plexus-classworlds-2.6.0.jar"/>
    <property name="java.vm.specification.version" value="1.8"/>
    <property name="sun.arch.data.model" value="64"/>
    <property name="java.home" value="/usr/local/openjdk-8/jre"/>
    <property name="sun.java.command" value="org.codehaus.plexus.classworlds.launcher.Launcher test -e --fail-never -ntp -Dmaven.test.failure.ignore=true -B -Dmaven.javadoc.skip=true -Drat.skip=true -Danimal.sniffer.skip=true -Dmaven.javadoc.skip=true -Dlicense.skip=true -Dsource.skip=true"/>
    <property name="java.specification.vendor" value="Oracle Corporation"/>
    <property name="user.language" value="en"/>
    <property name="awt.toolkit" value="sun.awt.X11.XToolkit"/>
    <property name="java.vm.info" value="mixed mode"/>
    <property name="java.version" value="1.8.0_262"/>
    <property name="java.ext.dirs" value="/usr/local/openjdk-8/jre/lib/ext:/usr/java/packages/lib/ext"/>
    <property name="securerandom.source" value="file:/dev/./urandom"/>
    <property name="sun.boot.class.path" value="/usr/local/openjdk-8/jre/lib/resources.jar:/usr/local/openjdk-8/jre/lib/rt.jar:/usr/local/openjdk-8/jre/lib/sunrsasign.jar:/usr/local/openjdk-8/jre/lib/jsse.jar:/usr/local/openjdk-8/jre/lib/jce.jar:/usr/local/openjdk-8/jre/lib/charsets.jar:/usr/local/openjdk-8/jre/lib/jfr.jar:/usr/local/openjdk-8/jre/classes"/>
    <property name="java.vendor" value="Oracle Corporation"/>
    <property name="rat.skip" value="true"/>
    <property name="maven.home" value="/usr/share/maven"/>
    <property name="file.separator" value="/"/>
    <property name="java.vendor.url.bug" value="http://bugreport.sun.com/bugreport/"/>
    <property name="sun.cpu.endian" value="little"/>
    <property name="sun.io.unicode.encoding" value="UnicodeLittle"/>
    <property name="sun.cpu.isalist" value=""/>
  </properties>
  <testcase name="testMetaDepartment" classname="com.bullhornsdk.data.TestStandardBullhornApiRestMeta" time="0.986"/>
  <testcase name="testMetaBusinessSector" classname="com.bullhornsdk.data.TestStandardBullhornApiRestMeta" time="0.976"/>
  <testcase name="testMetaClientContact" classname="com.bullhornsdk.data.TestStandardBullhornApiRestMeta" time="1.129"/>
  <testcase name="testMetaCandidate" classname="com.bullhornsdk.data.TestStandardBullhornApiRestMeta" time="0.91"/>
  <testcase name="testMetaTimeUnit" classname="com.bullhornsdk.data.TestStandardBullhornApiRestMeta" time="0.922"/>
  <testcase name="testMetaDistributionList" classname="com.bullhornsdk.data.TestStandardBullhornApiRestMeta" time="1.09"/>
  <testcase name="testMetaCandidateWorkHistory" classname="com.bullhornsdk.data.TestStandardBullhornApiRestMeta" time="1.136"/>
  <testcase name="testMetaAppointmentAttendee" classname="com.bullhornsdk.data.TestStandardBullhornApiRestMeta" time="0.918"/>
  <testcase name="testMetaClientCorporation" classname="com.bullhornsdk.data.TestStandardBullhornApiRestMeta" time="1.03"/>
  <testcase name="testMetaJobOrder" classname="com.bullhornsdk.data.TestStandardBullhornApiRestMeta" time="1.181"/>
  <testcase name="testMetaCountry" classname="com.bullhornsdk.data.TestStandardBullhornApiRestMeta" time="0.904"/>
  <testcase name="testMetaSkill" classname="com.bullhornsdk.data.TestStandardBullhornApiRestMeta" time="0.891"/>
  <testcase name="testMetaState" classname="com.bullhornsdk.data.TestStandardBullhornApiRestMeta" time="0.908"/>
  <testcase name="testMetaBranch" classname="com.bullhornsdk.data.TestStandardBullhornApiRestMeta" time="0.958"/>
  <testcase name="testMetaPlacement" classname="com.bullhornsdk.data.TestStandardBullhornApiRestMeta" time="1.385"/>
  <testcase name="testMetaCandidateReference" classname="com.bullhornsdk.data.TestStandardBullhornApiRestMeta" time="1.169"/>
  <testcase name="testMetaSendout" classname="com.bullhornsdk.data.TestStandardBullhornApiRestMeta" time="1.219"/>
  <testcase name="testMetaCorporationDepartment" classname="com.bullhornsdk.data.TestStandardBullhornApiRestMeta" time="1.168"/>
  <testcase name="testMetaNoteEntity" classname="com.bullhornsdk.data.TestStandardBullhornApiRestMeta" time="1.271"/>
  <testcase name="testMetaLead" classname="com.bullhornsdk.data.TestStandardBullhornApiRestMeta" time="1.133"/>
  <testcase name="testMetaNote" classname="com.bullhornsdk.data.TestStandardBullhornApiRestMeta" time="1.164"/>
  <testcase name="testMetaTask" classname="com.bullhornsdk.data.TestStandardBullhornApiRestMeta" time="0.922"/>
  <testcase name="testMetaCandidateCertification" classname="com.bullhornsdk.data.TestStandardBullhornApiRestMeta" time="1.043"/>
  <testcase name="testMetaSpecialty" classname="com.bullhornsdk.data.TestStandardBullhornApiRestMeta" time="1.458"/>
  <testcase name="testMetaCandidateEducation" classname="com.bullhornsdk.data.TestStandardBullhornApiRestMeta" time="1.152"/>
  <testcase name="testMetaCertification" classname="com.bullhornsdk.data.TestStandardBullhornApiRestMeta" time="1.12"/>
  <testcase name="testMetaCategory" classname="com.bullhornsdk.data.TestStandardBullhornApiRestMeta" time="1.013"/>
  <testcase name="testMetaPlacementCertification" classname="com.bullhornsdk.data.TestStandardBullhornApiRestMeta" time="1.063"/>
  <testcase name="testMetaPlacementCommission" classname="com.bullhornsdk.data.TestStandardBullhornApiRestMeta" time="1.182"/>
  <testcase name="testMetaJobBoardPost" classname="com.bullhornsdk.data.TestStandardBullhornApiRestMeta" time="0.965"/>
  <testcase name="testMetaAppointment" classname="com.bullhornsdk.data.TestStandardBullhornApiRestMeta" time="0.892"/>
  <testcase name="testMetaJobSubmission" classname="com.bullhornsdk.data.TestStandardBullhornApiRestMeta" time="1.028"/>
  <testcase name="testMetaOpportunity" classname="com.bullhornsdk.data.TestStandardBullhornApiRestMeta" time="0.926"/>
  <testcase name="testMetaCorporateUser" classname="com.bullhornsdk.data.TestStandardBullhornApiRestMeta" time="0.764"/>
  <testcase name="testMetaPlacementChangeRequest" classname="com.bullhornsdk.data.TestStandardBullhornApiRestMeta" time="1.095"/>
</testsuite>