<?xml version="1.0" encoding="UTF-8" ?>
<testsuite tests="109" failures="0" name="org.xbill.DNS.NameTest" time="0.009" errors="0" skipped="0">
  <properties>
    <property name="java.runtime.name" value="OpenJDK Runtime Environment"/>
    <property name="sun.boot.library.path" value="/usr/local/openjdk-8/jre/lib/amd64"/>
    <property name="java.vm.version" value="25.262-b10"/>
    <property name="animal.sniffer.skip" value="true"/>
    <property name="java.vm.vendor" value="Oracle Corporation"/>
    <property name="maven.multiModuleProjectDirectory" value="/tmp/tmpgpkdecmr/dnsjava"/>
    <property name="maven.javadoc.skip" value="true"/>
    <property name="java.vendor.url" value="http://java.oracle.com/"/>
    <property name="path.separator" value=":"/>
    <property name="guice.disable.misplaced.annotation.check" value="true"/>
    <property name="java.vm.name" value="OpenJDK 64-Bit Server VM"/>
    <property name="file.encoding.pkg" value="sun.io"/>
    <property name="sun.java.launcher" value="SUN_STANDARD"/>
    <property name="sun.os.patch.level" value="unknown"/>
    <property name="source.skip" value="true"/>
    <property name="java.vm.specification.name" value="Java Virtual Machine Specification"/>
    <property name="user.dir" value="/tmp/tmpgpkdecmr/dnsjava"/>
    <property name="java.runtime.version" value="1.8.0_262-b10"/>
    <property name="java.awt.graphicsenv" value="sun.awt.X11GraphicsEnvironment"/>
    <property name="java.endorsed.dirs" value="/usr/local/openjdk-8/jre/lib/endorsed"/>
    <property name="os.arch" value="amd64"/>
    <property name="java.io.tmpdir" value="/tmp"/>
    <property name="line.separator" value="
"/>
    <property name="java.vm.specification.vendor" value="Oracle Corporation"/>
    <property name="os.name" value="Linux"/>
    <property name="classworlds.conf" value="/usr/share/maven/bin/m2.conf"/>
    <property name="maven.test.error.ignore" value="true"/>
    <property name="sun.jnu.encoding" value="UTF-8"/>
    <property name="java.library.path" value="/usr/java/packages/lib/amd64:/usr/lib64:/lib64:/lib:/usr/lib"/>
    <property name="license.skip" value="true"/>
    <property name="maven.conf" value="/usr/share/maven/conf"/>
    <property name="java.specification.name" value="Java Platform API Specification"/>
    <property name="java.class.version" value="52.0"/>
    <property name="sun.management.compiler" value="HotSpot 64-Bit Tiered Compilers"/>
    <property name="maven.test.failure.ignore" value="true"/>
    <property name="os.version" value="4.15.0-109-generic"/>
    <property name="library.jansi.path" value="/usr/share/maven/lib/jansi-native"/>
    <property name="user.home" value="/home/jdbl"/>
    <property name="user.timezone" value="Etc/UTC"/>
    <property name="java.awt.printerjob" value="sun.print.PSPrinterJob"/>
    <property name="java.specification.version" value="1.8"/>
    <property name="file.encoding" value="UTF-8"/>
    <property name="user.name" value="jdbl"/>
    <property name="java.class.path" value="/usr/share/maven/boot/plexus-classworlds-2.6.0.jar"/>
    <property name="java.vm.specification.version" value="1.8"/>
    <property name="sun.arch.data.model" value="64"/>
    <property name="java.home" value="/usr/local/openjdk-8/jre"/>
    <property name="sun.java.command" value="org.codehaus.plexus.classworlds.launcher.Launcher package -e --fail-never -ntp -Dmaven.test.error.ignore=true -Dmaven.test.failure.ignore=true -B -Dmaven.javadoc.skip=true -Drat.skip=true -Danimal.sniffer.skip=true -Dmaven.javadoc.skip=true -Dlicense.skip=true -Dsource.skip=true"/>
    <property name="java.specification.vendor" value="Oracle Corporation"/>
    <property name="user.language" value="en"/>
    <property name="awt.toolkit" value="sun.awt.X11.XToolkit"/>
    <property name="java.vm.info" value="mixed mode"/>
    <property name="java.version" value="1.8.0_262"/>
    <property name="java.ext.dirs" value="/usr/local/openjdk-8/jre/lib/ext:/usr/java/packages/lib/ext"/>
    <property name="securerandom.source" value="file:/dev/./urandom"/>
    <property name="sun.boot.class.path" value="/usr/local/openjdk-8/jre/lib/resources.jar:/usr/local/openjdk-8/jre/lib/rt.jar:/usr/local/openjdk-8/jre/lib/sunrsasign.jar:/usr/local/openjdk-8/jre/lib/jsse.jar:/usr/local/openjdk-8/jre/lib/jce.jar:/usr/local/openjdk-8/jre/lib/charsets.jar:/usr/local/openjdk-8/jre/lib/jfr.jar:/usr/local/openjdk-8/jre/classes"/>
    <property name="java.vendor" value="Oracle Corporation"/>
    <property name="rat.skip" value="true"/>
    <property name="maven.home" value="/usr/share/maven"/>
    <property name="file.separator" value="/"/>
    <property name="java.vendor.url.bug" value="http://bugreport.sun.com/bugreport/"/>
    <property name="sun.cpu.endian" value="little"/>
    <property name="sun.io.unicode.encoding" value="UnicodeLittle"/>
    <property name="sun.cpu.isalist" value=""/>
  </properties>
  <testcase classname="org.xbill.DNS.NameTest$Test_String_init" name="test_fromString" time="0"/>
  <testcase classname="org.xbill.DNS.NameTest$Test_String_init" name="test_ctor_max_label" time="0"/>
  <testcase classname="org.xbill.DNS.NameTest$Test_String_init" name="test_ctor_empty" time="0"/>
  <testcase classname="org.xbill.DNS.NameTest$Test_String_init" name="test_ctor_rel_abs_origin" time="0"/>
  <testcase classname="org.xbill.DNS.NameTest$Test_String_init" name="test_ctor_toobig_escaped" time="0"/>
  <testcase classname="org.xbill.DNS.NameTest$Test_String_init" name="test_ctor_toobig_escaped_end" time="0"/>
  <testcase classname="org.xbill.DNS.NameTest$Test_String_init" name="test_ctor_max_label_escaped" time="0"/>
  <testcase classname="org.xbill.DNS.NameTest$Test_String_init" name="test_ctor_max_labels" time="0"/>
  <testcase classname="org.xbill.DNS.NameTest$Test_String_init" name="test_ctor_at_null_origin" time="0"/>
  <testcase classname="org.xbill.DNS.NameTest$Test_String_init" name="test_ctor_rel" time="0.001"/>
  <testcase classname="org.xbill.DNS.NameTest$Test_String_init" name="test_fromConstantString_invalid" time="0"/>
  <testcase classname="org.xbill.DNS.NameTest$Test_String_init" name="test_ctor_7label" time="0"/>
  <testcase classname="org.xbill.DNS.NameTest$Test_String_init" name="test_ctor_dot" time="0"/>
  <testcase classname="org.xbill.DNS.NameTest$Test_String_init" name="test_ctor_abs_rel_origin" time="0"/>
  <testcase classname="org.xbill.DNS.NameTest$Test_String_init" name="test_ctor_8label" time="0"/>
  <testcase classname="org.xbill.DNS.NameTest$Test_String_init" name="test_ctor_toobig_label" time="0"/>
  <testcase classname="org.xbill.DNS.NameTest$Test_String_init" name="test_ctor_max_length_abs" time="0"/>
  <testcase classname="org.xbill.DNS.NameTest$Test_String_init" name="test_ctor_escaped" time="0.001"/>
  <testcase classname="org.xbill.DNS.NameTest$Test_String_init" name="test_ctor_at_abs_origin" time="0"/>
  <testcase classname="org.xbill.DNS.NameTest$Test_String_init" name="test_ctor_at_rel_origin" time="0"/>
  <testcase classname="org.xbill.DNS.NameTest$Test_String_init" name="test_ctor_escaped_end" time="0"/>
  <testcase classname="org.xbill.DNS.NameTest$Test_String_init" name="test_ctor_short_escaped" time="0"/>
  <testcase classname="org.xbill.DNS.NameTest$Test_String_init" name="test_ctor_short_escaped_end" time="0"/>
  <testcase classname="org.xbill.DNS.NameTest$Test_String_init" name="test_ctor_empty_escaped_end" time="0"/>
  <testcase classname="org.xbill.DNS.NameTest$Test_String_init" name="test_ctor_wildcard" time="0"/>
  <testcase classname="org.xbill.DNS.NameTest$Test_String_init" name="test_ctor_removed_label" time="0"/>
  <testcase classname="org.xbill.DNS.NameTest$Test_String_init" name="test_ctor_abs_abs_origin" time="0"/>
  <testcase classname="org.xbill.DNS.NameTest$Test_String_init" name="test_ctor_toobig_label_escaped" time="0"/>
  <testcase classname="org.xbill.DNS.NameTest$Test_String_init" name="test_fromString_at" time="0"/>
  <testcase classname="org.xbill.DNS.NameTest$Test_String_init" name="test_fromString_dot" time="0"/>
  <testcase classname="org.xbill.DNS.NameTest$Test_String_init" name="test_fromConstantString" time="0"/>
  <testcase classname="org.xbill.DNS.NameTest$Test_String_init" name="test_ctor_max_length_rel" time="0"/>
  <testcase classname="org.xbill.DNS.NameTest$Test_String_init" name="test_ctor_invalid_label" time="0"/>
  <testcase classname="org.xbill.DNS.NameTest$Test_String_init" name="test_ctor_abs" time="0"/>
  <testcase classname="org.xbill.DNS.NameTest$Test_String_init" name="test_ctor_toobig_label_escaped_end" time="0"/>
  <testcase classname="org.xbill.DNS.NameTest$Test_DNSInput_init" name="test_basic_compression" time="0.002"/>
  <testcase classname="org.xbill.DNS.NameTest$Test_DNSInput_init" name="test_two_pointer_compression" time="0"/>
  <testcase classname="org.xbill.DNS.NameTest$Test_DNSInput_init" name="test_two_part_compression" time="0"/>
  <testcase classname="org.xbill.DNS.NameTest$Test_DNSInput_init" name="test_basic_compression_state_restore" time="0"/>
  <testcase classname="org.xbill.DNS.NameTest$Test_DNSInput_init" name="test_two_part_compression_state_restore" time="0"/>
  <testcase classname="org.xbill.DNS.NameTest$Test_DNSInput_init" name="test_basic" time="0"/>
  <testcase classname="org.xbill.DNS.NameTest$Test_DNSInput_init" name="test_invalid_length" time="0"/>
  <testcase classname="org.xbill.DNS.NameTest$Test_DNSInput_init" name="test_toolong_name" time="0"/>
  <testcase classname="org.xbill.DNS.NameTest$Test_DNSInput_init" name="test_max_label_length" time="0"/>
  <testcase classname="org.xbill.DNS.NameTest$Test_DNSInput_init" name="test_long_jump_compression" time="0"/>
  <testcase classname="org.xbill.DNS.NameTest$Test_DNSInput_init" name="test_bad_compression" time="0"/>
  <testcase classname="org.xbill.DNS.NameTest$Test_DNSInput_init" name="test_toomany_labels" time="0"/>
  <testcase classname="org.xbill.DNS.NameTest$Test_DNSInput_init" name="test_incomplete" time="0"/>
  <testcase classname="org.xbill.DNS.NameTest$Test_DNSInput_init" name="test_max_name" time="0"/>
  <testcase classname="org.xbill.DNS.NameTest$Test_DNSInput_init" name="test_root" time="0"/>
  <testcase classname="org.xbill.DNS.NameTest$Test_DNSInput_init" name="test_max_labels" time="0"/>
  <testcase classname="org.xbill.DNS.NameTest" name="test_toString_special_char" time="0"/>
  <testcase classname="org.xbill.DNS.NameTest" name="test_canonicalize" time="0"/>
  <testcase classname="org.xbill.DNS.NameTest" name="test_to_string" time="0"/>
  <testcase classname="org.xbill.DNS.NameTest" name="test_absolute" time="0"/>
  <testcase classname="org.xbill.DNS.NameTest" name="test_init_from_name" time="0"/>
  <testcase classname="org.xbill.DNS.NameTest" name="test_init_from_name_root" time="0"/>
  <testcase classname="org.xbill.DNS.NameTest" name="test_init_from_name_empty" time="0"/>
  <testcase classname="org.xbill.DNS.NameTest" name="test_concatenate_basic" time="0"/>
  <testcase classname="org.xbill.DNS.NameTest" name="test_concatenate_abs_prefix" time="0"/>
  <testcase classname="org.xbill.DNS.NameTest" name="test_concatenate_too_long" time="0"/>
  <testcase classname="org.xbill.DNS.NameTest" name="test_relativize" time="0"/>
  <testcase classname="org.xbill.DNS.NameTest" name="test_relativize_null_origin" time="0"/>
  <testcase classname="org.xbill.DNS.NameTest" name="test_relativize_disjoint" time="0"/>
  <testcase classname="org.xbill.DNS.NameTest" name="test_relativize_root" time="0"/>
  <testcase classname="org.xbill.DNS.NameTest" name="test_wild" time="0"/>
  <testcase classname="org.xbill.DNS.NameTest" name="test_wild_abs" time="0"/>
  <testcase classname="org.xbill.DNS.NameTest" name="test_wild_toobig" time="0"/>
  <testcase classname="org.xbill.DNS.NameTest" name="test_wild_toosmall" time="0"/>
  <testcase classname="org.xbill.DNS.NameTest" name="test_fromDNAME" time="0"/>
  <testcase classname="org.xbill.DNS.NameTest" name="test_fromDNAME_toobig" time="0.001"/>
  <testcase classname="org.xbill.DNS.NameTest" name="test_fromDNAME_disjoint" time="0"/>
  <testcase classname="org.xbill.DNS.NameTest" name="test_subdomain_abs" time="0"/>
  <testcase classname="org.xbill.DNS.NameTest" name="test_subdomain_rel" time="0"/>
  <testcase classname="org.xbill.DNS.NameTest" name="test_subdomain_equal" time="0"/>
  <testcase classname="org.xbill.DNS.NameTest" name="test_toString_abs" time="0"/>
  <testcase classname="org.xbill.DNS.NameTest" name="test_toString_rel" time="0"/>
  <testcase classname="org.xbill.DNS.NameTest" name="test_toString_at" time="0"/>
  <testcase classname="org.xbill.DNS.NameTest" name="test_toString_root" time="0"/>
  <testcase classname="org.xbill.DNS.NameTest" name="test_toString_wild" time="0"/>
  <testcase classname="org.xbill.DNS.NameTest" name="test_toString_escaped" time="0"/>
  <testcase classname="org.xbill.DNS.NameTest$Test_toWire" name="test_0arg" time="0"/>
  <testcase classname="org.xbill.DNS.NameTest$Test_toWire" name="test_3arg" time="0"/>
  <testcase classname="org.xbill.DNS.NameTest$Test_toWire" name="test_null_Compression" time="0"/>
  <testcase classname="org.xbill.DNS.NameTest$Test_toWire" name="test_rel" time="0"/>
  <testcase classname="org.xbill.DNS.NameTest$Test_toWire" name="test_root" time="0"/>
  <testcase classname="org.xbill.DNS.NameTest$Test_toWire" name="test_empty_Compression" time="0"/>
  <testcase classname="org.xbill.DNS.NameTest$Test_toWire" name="test_with_exact_Compression" time="0"/>
  <testcase classname="org.xbill.DNS.NameTest$Test_toWire" name="test_with_partial_Compression" time="0"/>
  <testcase classname="org.xbill.DNS.NameTest$Test_toWire" name="test_0arg_rel" time="0"/>
  <testcase classname="org.xbill.DNS.NameTest$Test_toWireCanonical" name="test_empty" time="0"/>
  <testcase classname="org.xbill.DNS.NameTest$Test_toWireCanonical" name="test_basic" time="0"/>
  <testcase classname="org.xbill.DNS.NameTest$Test_toWireCanonical" name="test_0arg" time="0"/>
  <testcase classname="org.xbill.DNS.NameTest$Test_toWireCanonical" name="test_3arg" time="0.004"/>
  <testcase classname="org.xbill.DNS.NameTest$Test_toWireCanonical" name="test_root" time="0"/>
  <testcase classname="org.xbill.DNS.NameTest$Test_equals" name="test_mixed" time="0"/>
  <testcase classname="org.xbill.DNS.NameTest$Test_equals" name="test_same" time="0"/>
  <testcase classname="org.xbill.DNS.NameTest$Test_equals" name="test_rel" time="0"/>
  <testcase classname="org.xbill.DNS.NameTest$Test_equals" name="test_abs" time="0"/>
  <testcase classname="org.xbill.DNS.NameTest$Test_equals" name="test_null" time="0"/>
  <testcase classname="org.xbill.DNS.NameTest$Test_equals" name="test_notName" time="0"/>
  <testcase classname="org.xbill.DNS.NameTest$Test_equals" name="test_weird" time="0"/>
  <testcase classname="org.xbill.DNS.NameTest$Test_compareTo" name="test_more_labels" time="0"/>
  <testcase classname="org.xbill.DNS.NameTest$Test_compareTo" name="test_equal" time="0"/>
  <testcase classname="org.xbill.DNS.NameTest$Test_compareTo" name="test_disjoint" time="0"/>
  <testcase classname="org.xbill.DNS.NameTest$Test_compareTo" name="test_same" time="0"/>
  <testcase classname="org.xbill.DNS.NameTest$Test_compareTo" name="test_close" time="0"/>
  <testcase classname="org.xbill.DNS.NameTest$Test_compareTo" name="test_notName" time="0"/>
  <testcase classname="org.xbill.DNS.NameTest$Test_compareTo" name="test_label_prefix" time="0"/>
</testsuite>