<?xml version="1.0" encoding="UTF-8"?>
<testsuite xmlns:xsi="http://www.w3.org/2001/XMLSchema-instance" xsi:noNamespaceSchemaLocation="https://maven.apache.org/surefire/maven-surefire-plugin/xsd/surefire-test-report.xsd" name="org.apache.commons.lang3.time.DateUtilsTest" time="0.001" tests="63" errors="0" skipped="0" failures="0">
  <properties>
    <property name="awt.toolkit" value="sun.awt.X11.XToolkit"/>
    <property name="maven.test.error.ignore" value="true"/>
    <property name="file.encoding.pkg" value="sun.io"/>
    <property name="java.specification.version" value="1.8"/>
    <property name="sun.cpu.isalist" value=""/>
    <property name="sun.jnu.encoding" value="UTF-8"/>
    <property name="java.class.path" value="/tmp/tmpox3o01ss/commons-lang/target/test-classes:/tmp/tmpox3o01ss/commons-lang/target/classes:/home/jdbl/.m2/repository/junit/junit/4.12/junit-4.12.jar:/home/jdbl/.m2/repository/org/hamcrest/hamcrest-core/1.3/hamcrest-core-1.3.jar:/home/jdbl/.m2/repository/org/hamcrest/hamcrest-all/1.3/hamcrest-all-1.3.jar:/home/jdbl/.m2/repository/org/easymock/easymock/3.6/easymock-3.6.jar:/home/jdbl/.m2/repository/org/objenesis/objenesis/2.6/objenesis-2.6.jar:/home/jdbl/.m2/repository/org/openjdk/jmh/jmh-core/1.21/jmh-core-1.21.jar:/home/jdbl/.m2/repository/net/sf/jopt-simple/jopt-simple/4.6/jopt-simple-4.6.jar:/home/jdbl/.m2/repository/org/apache/commons/commons-math3/3.2/commons-math3-3.2.jar:/home/jdbl/.m2/repository/org/openjdk/jmh/jmh-generator-annprocess/1.21/jmh-generator-annprocess-1.21.jar:"/>
    <property name="java.vm.vendor" value="Oracle Corporation"/>
    <property name="maven.javadoc.skip" value="true"/>
    <property name="sun.arch.data.model" value="64"/>
    <property name="java.vendor.url" value="http://java.oracle.com/"/>
    <property name="user.timezone" value=""/>
    <property name="java.vm.specification.version" value="1.8"/>
    <property name="os.name" value="Linux"/>
    <property name="rat.skip" value="true"/>
    <property name="sun.java.launcher" value="SUN_STANDARD"/>
    <property name="sun.boot.library.path" value="/usr/local/openjdk-8/jre/lib/amd64"/>
    <property name="sun.java.command" value="/tmp/tmpox3o01ss/commons-lang/target/surefire/surefirebooter4235683183531189439.jar /tmp/tmpox3o01ss/commons-lang/target/surefire 2020-07-30T15-12-52_578-jvmRun1 surefire9095814691699174990tmp surefire_02602610147623629831tmp"/>
    <property name="surefire.test.class.path" value="/tmp/tmpox3o01ss/commons-lang/target/test-classes:/tmp/tmpox3o01ss/commons-lang/target/classes:/home/jdbl/.m2/repository/junit/junit/4.12/junit-4.12.jar:/home/jdbl/.m2/repository/org/hamcrest/hamcrest-core/1.3/hamcrest-core-1.3.jar:/home/jdbl/.m2/repository/org/hamcrest/hamcrest-all/1.3/hamcrest-all-1.3.jar:/home/jdbl/.m2/repository/org/easymock/easymock/3.6/easymock-3.6.jar:/home/jdbl/.m2/repository/org/objenesis/objenesis/2.6/objenesis-2.6.jar:/home/jdbl/.m2/repository/org/openjdk/jmh/jmh-core/1.21/jmh-core-1.21.jar:/home/jdbl/.m2/repository/net/sf/jopt-simple/jopt-simple/4.6/jopt-simple-4.6.jar:/home/jdbl/.m2/repository/org/apache/commons/commons-math3/3.2/commons-math3-3.2.jar:/home/jdbl/.m2/repository/org/openjdk/jmh/jmh-generator-annprocess/1.21/jmh-generator-annprocess-1.21.jar:"/>
    <property name="sun.cpu.endian" value="little"/>
    <property name="user.home" value="/home/jdbl"/>
    <property name="user.language" value="en"/>
    <property name="java.specification.vendor" value="Oracle Corporation"/>
    <property name="java.home" value="/usr/local/openjdk-8/jre"/>
    <property name="basedir" value="/tmp/tmpox3o01ss/commons-lang"/>
    <property name="file.separator" value="/"/>
    <property name="line.separator" value="&#10;"/>
    <property name="source.skip" value="true"/>
    <property name="java.vm.specification.vendor" value="Oracle Corporation"/>
    <property name="java.specification.name" value="Java Platform API Specification"/>
    <property name="java.awt.graphicsenv" value="sun.awt.X11GraphicsEnvironment"/>
    <property name="surefire.real.class.path" value="/tmp/tmpox3o01ss/commons-lang/target/surefire/surefirebooter4235683183531189439.jar"/>
    <property name="sun.boot.class.path" value="/usr/local/openjdk-8/jre/lib/resources.jar:/usr/local/openjdk-8/jre/lib/rt.jar:/usr/local/openjdk-8/jre/lib/sunrsasign.jar:/usr/local/openjdk-8/jre/lib/jsse.jar:/usr/local/openjdk-8/jre/lib/jce.jar:/usr/local/openjdk-8/jre/lib/charsets.jar:/usr/local/openjdk-8/jre/lib/jfr.jar:/usr/local/openjdk-8/jre/classes"/>
    <property name="sun.management.compiler" value="HotSpot 64-Bit Tiered Compilers"/>
    <property name="java.runtime.version" value="1.8.0_262-b10"/>
    <property name="user.name" value="jdbl"/>
    <property name="path.separator" value=":"/>
    <property name="os.version" value="4.15.0-109-generic"/>
    <property name="java.endorsed.dirs" value="/usr/local/openjdk-8/jre/lib/endorsed"/>
    <property name="java.runtime.name" value="OpenJDK Runtime Environment"/>
    <property name="file.encoding" value="UTF-8"/>
    <property name="java.vm.name" value="OpenJDK 64-Bit Server VM"/>
    <property name="localRepository" value="/home/jdbl/.m2/repository"/>
    <property name="java.vendor.url.bug" value="http://bugreport.sun.com/bugreport/"/>
    <property name="java.io.tmpdir" value="/tmp"/>
    <property name="java.version" value="1.8.0_262"/>
    <property name="user.dir" value="/tmp/tmpox3o01ss/commons-lang"/>
    <property name="os.arch" value="amd64"/>
    <property name="license.skip" value="true"/>
    <property name="animal.sniffer.skip" value="true"/>
    <property name="java.vm.specification.name" value="Java Virtual Machine Specification"/>
    <property name="java.awt.printerjob" value="sun.print.PSPrinterJob"/>
    <property name="sun.os.patch.level" value="unknown"/>
    <property name="java.library.path" value="/usr/java/packages/lib/amd64:/usr/lib64:/lib64:/lib:/usr/lib"/>
    <property name="java.vm.info" value="mixed mode"/>
    <property name="java.vendor" value="Oracle Corporation"/>
    <property name="java.vm.version" value="25.262-b10"/>
    <property name="java.ext.dirs" value="/usr/local/openjdk-8/jre/lib/ext:/usr/java/packages/lib/ext"/>
    <property name="sun.io.unicode.encoding" value="UnicodeLittle"/>
    <property name="java.class.version" value="52.0"/>
    <property name="maven.test.failure.ignore" value="true"/>
  </properties>
  <testcase name="testParseDateWithLeniency" classname="org.apache.commons.lang3.time.DateUtilsTest" time="0"/>
  <testcase name="testAddMinutes" classname="org.apache.commons.lang3.time.DateUtilsTest" time="0"/>
  <testcase name="testMonthIterator" classname="org.apache.commons.lang3.time.DateUtilsTest" time="0"/>
  <testcase name="testRoundLang346" classname="org.apache.commons.lang3.time.DateUtilsTest" time="0"/>
  <testcase name="testIsSameDay_DateNotNullNull" classname="org.apache.commons.lang3.time.DateUtilsTest" time="0"/>
  <testcase name="testLANG799_DE_OK" classname="org.apache.commons.lang3.time.DateUtilsTest" time="0"/>
  <testcase name="testLANG799_EN_OK" classname="org.apache.commons.lang3.time.DateUtilsTest" time="0"/>
  <testcase name="testIsSameDay_CalNullNotNull" classname="org.apache.commons.lang3.time.DateUtilsTest" time="0"/>
  <testcase name="testIsSameLocalTime_CalNotNullNull" classname="org.apache.commons.lang3.time.DateUtilsTest" time="0"/>
  <testcase name="testSetMilliseconds" classname="org.apache.commons.lang3.time.DateUtilsTest" time="0"/>
  <testcase name="testToCalendarWithDateNull" classname="org.apache.commons.lang3.time.DateUtilsTest" time="0"/>
  <testcase name="testTruncate" classname="org.apache.commons.lang3.time.DateUtilsTest" time="0"/>
  <testcase name="testIsSameLocalTime_Cal" classname="org.apache.commons.lang3.time.DateUtilsTest" time="0"/>
  <testcase name="testAddDays" classname="org.apache.commons.lang3.time.DateUtilsTest" time="0"/>
  <testcase name="testLANG799_EN_WITH_DE_LOCALE" classname="org.apache.commons.lang3.time.DateUtilsTest" time="0"/>
  <testcase name="testLANG799" classname="org.apache.commons.lang3.time.DateUtilsTest" time="0"/>
  <testcase name="testRound" classname="org.apache.commons.lang3.time.DateUtilsTest" time="0"/>
  <testcase name="testParseDate" classname="org.apache.commons.lang3.time.DateUtilsTest" time="0"/>
  <testcase name="testCeil" classname="org.apache.commons.lang3.time.DateUtilsTest" time="0"/>
  <testcase name="testAddSeconds" classname="org.apache.commons.lang3.time.DateUtilsTest" time="0"/>
  <testcase name="testToCalendarWithDateAndTimeZoneNotNull" classname="org.apache.commons.lang3.time.DateUtilsTest" time="0"/>
  <testcase name="testLANG799_EN_FAIL" classname="org.apache.commons.lang3.time.DateUtilsTest" time="0"/>
  <testcase name="testIsSameDay_DateNullNotNull" classname="org.apache.commons.lang3.time.DateUtilsTest" time="0"/>
  <testcase name="testSetMinutes" classname="org.apache.commons.lang3.time.DateUtilsTest" time="0"/>
  <testcase name="testIsSameLocalTime_CalNullNotNull" classname="org.apache.commons.lang3.time.DateUtilsTest" time="0"/>
  <testcase name="testToCalendar" classname="org.apache.commons.lang3.time.DateUtilsTest" time="0"/>
  <testcase name="testToCalendarWithTimeZoneNull" classname="org.apache.commons.lang3.time.DateUtilsTest" time="0"/>
  <testcase name="testIsSameDay_DateNullNull" classname="org.apache.commons.lang3.time.DateUtilsTest" time="0"/>
  <testcase name="testAddHours" classname="org.apache.commons.lang3.time.DateUtilsTest" time="0"/>
  <testcase name="testAddWeeks" classname="org.apache.commons.lang3.time.DateUtilsTest" time="0"/>
  <testcase name="testAddYears" classname="org.apache.commons.lang3.time.DateUtilsTest" time="0"/>
  <testcase name="testTruncateLang59" classname="org.apache.commons.lang3.time.DateUtilsTest" time="0"/>
  <testcase name="testIsSameInstant_Date" classname="org.apache.commons.lang3.time.DateUtilsTest" time="0"/>
  <testcase name="testLang530" classname="org.apache.commons.lang3.time.DateUtilsTest" time="0"/>
  <testcase name="testSetSeconds" classname="org.apache.commons.lang3.time.DateUtilsTest" time="0"/>
  <testcase name="testParseDate_Null" classname="org.apache.commons.lang3.time.DateUtilsTest" time="0"/>
  <testcase name="testToCalendarWithDateAndTimeZoneNull" classname="org.apache.commons.lang3.time.DateUtilsTest" time="0"/>
  <testcase name="testIsSameInstant_Cal" classname="org.apache.commons.lang3.time.DateUtilsTest" time="0"/>
  <testcase name="testAddMonths" classname="org.apache.commons.lang3.time.DateUtilsTest" time="0"/>
  <testcase name="testIsSameInstant_CalNotNullNull" classname="org.apache.commons.lang3.time.DateUtilsTest" time="0"/>
  <testcase name="testIsSameInstant_DateNullNull" classname="org.apache.commons.lang3.time.DateUtilsTest" time="0"/>
  <testcase name="testWeekIterator" classname="org.apache.commons.lang3.time.DateUtilsTest" time="0"/>
  <testcase name="testIsSameInstant_CalNullNull" classname="org.apache.commons.lang3.time.DateUtilsTest" time="0"/>
  <testcase name="testIsSameInstant_DateNotNullNull" classname="org.apache.commons.lang3.time.DateUtilsTest" time="0"/>
  <testcase name="testSetMonths" classname="org.apache.commons.lang3.time.DateUtilsTest" time="0"/>
  <testcase name="testParse_NullParsers" classname="org.apache.commons.lang3.time.DateUtilsTest" time="0"/>
  <testcase name="testIsSameDay_CalNotNullNull" classname="org.apache.commons.lang3.time.DateUtilsTest" time="0"/>
  <testcase name="testSetDays" classname="org.apache.commons.lang3.time.DateUtilsTest" time="0"/>
  <testcase name="testIsSameDay_Date" classname="org.apache.commons.lang3.time.DateUtilsTest" time="0"/>
  <testcase name="testIsSameInstant_CalNullNotNull" classname="org.apache.commons.lang3.time.DateUtilsTest" time="0"/>
  <testcase name="testParseDate_InvalidDateString" classname="org.apache.commons.lang3.time.DateUtilsTest" time="0"/>
  <testcase name="testIsSameDay_Cal" classname="org.apache.commons.lang3.time.DateUtilsTest" time="0"/>
  <testcase name="testIteratorEx" classname="org.apache.commons.lang3.time.DateUtilsTest" time="0"/>
  <testcase name="testParse_EmptyParsers" classname="org.apache.commons.lang3.time.DateUtilsTest" time="0"/>
  <testcase name="testParseDate_NoDateString" classname="org.apache.commons.lang3.time.DateUtilsTest" time="0"/>
  <testcase name="testIsSameDay_CalNullNull" classname="org.apache.commons.lang3.time.DateUtilsTest" time="0"/>
  <testcase name="testIsSameInstant_DateNullNotNull" classname="org.apache.commons.lang3.time.DateUtilsTest" time="0"/>
  <testcase name="testAddMilliseconds" classname="org.apache.commons.lang3.time.DateUtilsTest" time="0"/>
  <testcase name="testIsSameLocalTime_CalNullNull" classname="org.apache.commons.lang3.time.DateUtilsTest" time="0"/>
  <testcase name="testConstructor" classname="org.apache.commons.lang3.time.DateUtilsTest" time="0"/>
  <testcase name="testSetHours" classname="org.apache.commons.lang3.time.DateUtilsTest" time="0"/>
  <testcase name="testSetYears" classname="org.apache.commons.lang3.time.DateUtilsTest" time="0"/>
  <testcase name="testLANG799_DE_FAIL" classname="org.apache.commons.lang3.time.DateUtilsTest" time="0"/>
</testsuite>