<?xml version="1.0" encoding="UTF-8"?>
<testsuite xmlns:xsi="http://www.w3.org/2001/XMLSchema-instance" xsi:noNamespaceSchemaLocation="https://maven.apache.org/surefire/maven-surefire-plugin/xsd/surefire-test-report.xsd" name="org.apache.commons.lang3.ValidateTest" time="0.002" tests="67" errors="0" skipped="0" failures="0">
  <properties>
    <property name="awt.toolkit" value="sun.awt.X11.XToolkit"/>
    <property name="maven.test.error.ignore" value="true"/>
    <property name="file.encoding.pkg" value="sun.io"/>
    <property name="java.specification.version" value="1.8"/>
    <property name="sun.cpu.isalist" value=""/>
    <property name="sun.jnu.encoding" value="UTF-8"/>
    <property name="java.class.path" value="/tmp/tmpox3o01ss/commons-lang/target/test-classes:/tmp/tmpox3o01ss/commons-lang/target/classes:/home/jdbl/.m2/repository/junit/junit/4.12/junit-4.12.jar:/home/jdbl/.m2/repository/org/hamcrest/hamcrest-core/1.3/hamcrest-core-1.3.jar:/home/jdbl/.m2/repository/org/hamcrest/hamcrest-all/1.3/hamcrest-all-1.3.jar:/home/jdbl/.m2/repository/org/easymock/easymock/3.6/easymock-3.6.jar:/home/jdbl/.m2/repository/org/objenesis/objenesis/2.6/objenesis-2.6.jar:/home/jdbl/.m2/repository/org/openjdk/jmh/jmh-core/1.21/jmh-core-1.21.jar:/home/jdbl/.m2/repository/net/sf/jopt-simple/jopt-simple/4.6/jopt-simple-4.6.jar:/home/jdbl/.m2/repository/org/apache/commons/commons-math3/3.2/commons-math3-3.2.jar:/home/jdbl/.m2/repository/org/openjdk/jmh/jmh-generator-annprocess/1.21/jmh-generator-annprocess-1.21.jar:"/>
    <property name="java.vm.vendor" value="Oracle Corporation"/>
    <property name="maven.javadoc.skip" value="true"/>
    <property name="sun.arch.data.model" value="64"/>
    <property name="java.vendor.url" value="http://java.oracle.com/"/>
    <property name="user.timezone" value=""/>
    <property name="java.vm.specification.version" value="1.8"/>
    <property name="os.name" value="Linux"/>
    <property name="rat.skip" value="true"/>
    <property name="sun.java.launcher" value="SUN_STANDARD"/>
    <property name="sun.boot.library.path" value="/usr/local/openjdk-8/jre/lib/amd64"/>
    <property name="sun.java.command" value="/tmp/tmpox3o01ss/commons-lang/target/surefire/surefirebooter4235683183531189439.jar /tmp/tmpox3o01ss/commons-lang/target/surefire 2020-07-30T15-12-52_578-jvmRun1 surefire9095814691699174990tmp surefire_02602610147623629831tmp"/>
    <property name="surefire.test.class.path" value="/tmp/tmpox3o01ss/commons-lang/target/test-classes:/tmp/tmpox3o01ss/commons-lang/target/classes:/home/jdbl/.m2/repository/junit/junit/4.12/junit-4.12.jar:/home/jdbl/.m2/repository/org/hamcrest/hamcrest-core/1.3/hamcrest-core-1.3.jar:/home/jdbl/.m2/repository/org/hamcrest/hamcrest-all/1.3/hamcrest-all-1.3.jar:/home/jdbl/.m2/repository/org/easymock/easymock/3.6/easymock-3.6.jar:/home/jdbl/.m2/repository/org/objenesis/objenesis/2.6/objenesis-2.6.jar:/home/jdbl/.m2/repository/org/openjdk/jmh/jmh-core/1.21/jmh-core-1.21.jar:/home/jdbl/.m2/repository/net/sf/jopt-simple/jopt-simple/4.6/jopt-simple-4.6.jar:/home/jdbl/.m2/repository/org/apache/commons/commons-math3/3.2/commons-math3-3.2.jar:/home/jdbl/.m2/repository/org/openjdk/jmh/jmh-generator-annprocess/1.21/jmh-generator-annprocess-1.21.jar:"/>
    <property name="sun.cpu.endian" value="little"/>
    <property name="user.home" value="/home/jdbl"/>
    <property name="user.language" value="en"/>
    <property name="java.specification.vendor" value="Oracle Corporation"/>
    <property name="java.home" value="/usr/local/openjdk-8/jre"/>
    <property name="basedir" value="/tmp/tmpox3o01ss/commons-lang"/>
    <property name="file.separator" value="/"/>
    <property name="line.separator" value="&#10;"/>
    <property name="source.skip" value="true"/>
    <property name="java.vm.specification.vendor" value="Oracle Corporation"/>
    <property name="java.specification.name" value="Java Platform API Specification"/>
    <property name="java.awt.graphicsenv" value="sun.awt.X11GraphicsEnvironment"/>
    <property name="surefire.real.class.path" value="/tmp/tmpox3o01ss/commons-lang/target/surefire/surefirebooter4235683183531189439.jar"/>
    <property name="sun.boot.class.path" value="/usr/local/openjdk-8/jre/lib/resources.jar:/usr/local/openjdk-8/jre/lib/rt.jar:/usr/local/openjdk-8/jre/lib/sunrsasign.jar:/usr/local/openjdk-8/jre/lib/jsse.jar:/usr/local/openjdk-8/jre/lib/jce.jar:/usr/local/openjdk-8/jre/lib/charsets.jar:/usr/local/openjdk-8/jre/lib/jfr.jar:/usr/local/openjdk-8/jre/classes"/>
    <property name="sun.management.compiler" value="HotSpot 64-Bit Tiered Compilers"/>
    <property name="java.runtime.version" value="1.8.0_262-b10"/>
    <property name="user.name" value="jdbl"/>
    <property name="path.separator" value=":"/>
    <property name="os.version" value="4.15.0-109-generic"/>
    <property name="java.endorsed.dirs" value="/usr/local/openjdk-8/jre/lib/endorsed"/>
    <property name="java.runtime.name" value="OpenJDK Runtime Environment"/>
    <property name="file.encoding" value="UTF-8"/>
    <property name="java.vm.name" value="OpenJDK 64-Bit Server VM"/>
    <property name="localRepository" value="/home/jdbl/.m2/repository"/>
    <property name="java.vendor.url.bug" value="http://bugreport.sun.com/bugreport/"/>
    <property name="java.io.tmpdir" value="/tmp"/>
    <property name="java.version" value="1.8.0_262"/>
    <property name="user.dir" value="/tmp/tmpox3o01ss/commons-lang"/>
    <property name="os.arch" value="amd64"/>
    <property name="license.skip" value="true"/>
    <property name="animal.sniffer.skip" value="true"/>
    <property name="java.vm.specification.name" value="Java Virtual Machine Specification"/>
    <property name="java.awt.printerjob" value="sun.print.PSPrinterJob"/>
    <property name="sun.os.patch.level" value="unknown"/>
    <property name="java.library.path" value="/usr/java/packages/lib/amd64:/usr/lib64:/lib64:/lib:/usr/lib"/>
    <property name="java.vm.info" value="mixed mode"/>
    <property name="java.vendor" value="Oracle Corporation"/>
    <property name="java.vm.version" value="25.262-b10"/>
    <property name="java.ext.dirs" value="/usr/local/openjdk-8/jre/lib/ext:/usr/java/packages/lib/ext"/>
    <property name="sun.io.unicode.encoding" value="UnicodeLittle"/>
    <property name="java.class.version" value="52.0"/>
    <property name="maven.test.failure.ignore" value="true"/>
  </properties>
  <testcase name="testNotBlankNotBlankStringWithNewlinesShouldNotThrow" classname="org.apache.commons.lang3.ValidateTest" time="0"/>
  <testcase name="testNotNull1" classname="org.apache.commons.lang3.ValidateTest" time="0"/>
  <testcase name="testNotNull2" classname="org.apache.commons.lang3.ValidateTest" time="0"/>
  <testcase name="testNotBlankNullStringShouldThrow" classname="org.apache.commons.lang3.ValidateTest" time="0"/>
  <testcase name="testNotBlankMsgEmptyStringShouldThrow" classname="org.apache.commons.lang3.ValidateTest" time="0"/>
  <testcase name="testIsAssignableExceptionMessage" classname="org.apache.commons.lang3.ValidateTest" time="0"/>
  <testcase name="testValidIndex_array" classname="org.apache.commons.lang3.ValidateTest" time="0"/>
  <testcase name="testExclusiveBetweenDouble" classname="org.apache.commons.lang3.ValidateTest" time="0"/>
  <testcase name="testFinite1" classname="org.apache.commons.lang3.ValidateTest" time="0"/>
  <testcase name="testFinite2" classname="org.apache.commons.lang3.ValidateTest" time="0"/>
  <testcase name="testNotBlankMsgBlankStringShouldThrow" classname="org.apache.commons.lang3.ValidateTest" time="0"/>
  <testcase name="testValidIndex_charSequence" classname="org.apache.commons.lang3.ValidateTest" time="0"/>
  <testcase name="testValidIndex_withMessage_collection" classname="org.apache.commons.lang3.ValidateTest" time="0"/>
  <testcase name="testNotBlankReturnValues1" classname="org.apache.commons.lang3.ValidateTest" time="0"/>
  <testcase name="testNotBlankReturnValues2" classname="org.apache.commons.lang3.ValidateTest" time="0"/>
  <testcase name="testInclusiveBetween_withMessage" classname="org.apache.commons.lang3.ValidateTest" time="0"/>
  <testcase name="testMatchesPattern" classname="org.apache.commons.lang3.ValidateTest" time="0"/>
  <testcase name="testNotEmptyMap1" classname="org.apache.commons.lang3.ValidateTest" time="0"/>
  <testcase name="testNotEmptyMap2" classname="org.apache.commons.lang3.ValidateTest" time="0"/>
  <testcase name="testInclusiveBetweenLong" classname="org.apache.commons.lang3.ValidateTest" time="0"/>
  <testcase name="testIsInstanceOf" classname="org.apache.commons.lang3.ValidateTest" time="0"/>
  <testcase name="testIsInstanceOf_withMessageArgs" classname="org.apache.commons.lang3.ValidateTest" time="0"/>
  <testcase name="testValidIndex_withMessage_charSequence" classname="org.apache.commons.lang3.ValidateTest" time="0"/>
  <testcase name="testNotBlankBlankStringWithNewlinesShouldThrow" classname="org.apache.commons.lang3.ValidateTest" time="0"/>
  <testcase name="testNotBlankMsgNotBlankStringWithWhitespacesShouldNotThrow" classname="org.apache.commons.lang3.ValidateTest" time="0"/>
  <testcase name="testNotBlankNotBlankStringShouldNotThrow" classname="org.apache.commons.lang3.ValidateTest" time="0"/>
  <testcase name="testIsAssignable" classname="org.apache.commons.lang3.ValidateTest" time="0"/>
  <testcase name="testExclusiveBetweenLong_withMessage" classname="org.apache.commons.lang3.ValidateTest" time="0"/>
  <testcase name="testNotBlankMsgNotBlankStringShouldNotThrow" classname="org.apache.commons.lang3.ValidateTest" time="0"/>
  <testcase name="testValidIndex_withMessage_array" classname="org.apache.commons.lang3.ValidateTest" time="0"/>
  <testcase name="testNoNullElementsCollection1" classname="org.apache.commons.lang3.ValidateTest" time="0"/>
  <testcase name="testNoNullElementsCollection2" classname="org.apache.commons.lang3.ValidateTest" time="0"/>
  <testcase name="testExclusiveBetween" classname="org.apache.commons.lang3.ValidateTest" time="0"/>
  <testcase name="testInclusiveBetween" classname="org.apache.commons.lang3.ValidateTest" time="0"/>
  <testcase name="testNotBlankEmptyStringShouldThrow" classname="org.apache.commons.lang3.ValidateTest" time="0"/>
  <testcase name="testExclusiveBetweenDouble_withMessage" classname="org.apache.commons.lang3.ValidateTest" time="0"/>
  <testcase name="testNotBlankMsgNullStringShouldThrow" classname="org.apache.commons.lang3.ValidateTest" time="0"/>
  <testcase name="testNotBlankMsgNotBlankStringWithNewlinesShouldNotThrow" classname="org.apache.commons.lang3.ValidateTest" time="0"/>
  <testcase name="testIsAssignable_withMessage" classname="org.apache.commons.lang3.ValidateTest" time="0"/>
  <testcase name="testNotEmptyString1" classname="org.apache.commons.lang3.ValidateTest" time="0"/>
  <testcase name="testNotEmptyString2" classname="org.apache.commons.lang3.ValidateTest" time="0"/>
  <testcase name="testNotEmptyCollection1" classname="org.apache.commons.lang3.ValidateTest" time="0"/>
  <testcase name="testNotEmptyCollection2" classname="org.apache.commons.lang3.ValidateTest" time="0"/>
  <testcase name="testInclusiveBetweenDouble_withMessage" classname="org.apache.commons.lang3.ValidateTest" time="0"/>
  <testcase name="testNotBlankMsgBlankStringWithWhitespacesShouldThrow" classname="org.apache.commons.lang3.ValidateTest" time="0"/>
  <testcase name="testNotEmptyArray1" classname="org.apache.commons.lang3.ValidateTest" time="0"/>
  <testcase name="testNotEmptyArray2" classname="org.apache.commons.lang3.ValidateTest" time="0"/>
  <testcase name="testValidIndex_collection" classname="org.apache.commons.lang3.ValidateTest" time="0"/>
  <testcase name="testMatchesPattern_withMessage" classname="org.apache.commons.lang3.ValidateTest" time="0"/>
  <testcase name="testInclusiveBetweenDouble" classname="org.apache.commons.lang3.ValidateTest" time="0"/>
  <testcase name="testInclusiveBetweenLong_withMessage" classname="org.apache.commons.lang3.ValidateTest" time="0"/>
  <testcase name="testNotBlankNotBlankStringWithWhitespacesShouldNotThrow" classname="org.apache.commons.lang3.ValidateTest" time="0"/>
  <testcase name="testExclusiveBetweenLong" classname="org.apache.commons.lang3.ValidateTest" time="0"/>
  <testcase name="testIsInstanceOfExceptionMessage" classname="org.apache.commons.lang3.ValidateTest" time="0"/>
  <testcase name="testIsTrue1" classname="org.apache.commons.lang3.ValidateTest" time="0"/>
  <testcase name="testIsTrue2" classname="org.apache.commons.lang3.ValidateTest" time="0"/>
  <testcase name="testIsTrue3" classname="org.apache.commons.lang3.ValidateTest" time="0"/>
  <testcase name="testIsTrue4" classname="org.apache.commons.lang3.ValidateTest" time="0"/>
  <testcase name="testIsTrue5" classname="org.apache.commons.lang3.ValidateTest" time="0"/>
  <testcase name="testExclusiveBetween_withMessage" classname="org.apache.commons.lang3.ValidateTest" time="0"/>
  <testcase name="testNotNaN1" classname="org.apache.commons.lang3.ValidateTest" time="0"/>
  <testcase name="testNotNaN2" classname="org.apache.commons.lang3.ValidateTest" time="0"/>
  <testcase name="testNotBlankBlankStringWithWhitespacesShouldThrow" classname="org.apache.commons.lang3.ValidateTest" time="0"/>
  <testcase name="testConstructor" classname="org.apache.commons.lang3.ValidateTest" time="0"/>
  <testcase name="testIsInstanceOf_withMessage" classname="org.apache.commons.lang3.ValidateTest" time="0"/>
  <testcase name="testNoNullElementsArray1" classname="org.apache.commons.lang3.ValidateTest" time="0"/>
  <testcase name="testNoNullElementsArray2" classname="org.apache.commons.lang3.ValidateTest" time="0"/>
</testsuite>