<?xml version="1.0" encoding="UTF-8"?>
<testsuite xmlns:xsi="http://www.w3.org/2001/XMLSchema-instance" xsi:noNamespaceSchemaLocation="https://maven.apache.org/surefire/maven-surefire-plugin/xsd/surefire-test-report.xsd" name="org.apache.commons.lang3.StringUtilsTest" time="0.11" tests="145" errors="0" skipped="0" failures="0">
  <properties>
    <property name="awt.toolkit" value="sun.awt.X11.XToolkit"/>
    <property name="maven.test.error.ignore" value="true"/>
    <property name="file.encoding.pkg" value="sun.io"/>
    <property name="java.specification.version" value="1.8"/>
    <property name="sun.cpu.isalist" value=""/>
    <property name="sun.jnu.encoding" value="UTF-8"/>
    <property name="java.class.path" value="/tmp/tmpox3o01ss/commons-lang/target/test-classes:/tmp/tmpox3o01ss/commons-lang/target/classes:/home/jdbl/.m2/repository/junit/junit/4.12/junit-4.12.jar:/home/jdbl/.m2/repository/org/hamcrest/hamcrest-core/1.3/hamcrest-core-1.3.jar:/home/jdbl/.m2/repository/org/hamcrest/hamcrest-all/1.3/hamcrest-all-1.3.jar:/home/jdbl/.m2/repository/org/easymock/easymock/3.6/easymock-3.6.jar:/home/jdbl/.m2/repository/org/objenesis/objenesis/2.6/objenesis-2.6.jar:/home/jdbl/.m2/repository/org/openjdk/jmh/jmh-core/1.21/jmh-core-1.21.jar:/home/jdbl/.m2/repository/net/sf/jopt-simple/jopt-simple/4.6/jopt-simple-4.6.jar:/home/jdbl/.m2/repository/org/apache/commons/commons-math3/3.2/commons-math3-3.2.jar:/home/jdbl/.m2/repository/org/openjdk/jmh/jmh-generator-annprocess/1.21/jmh-generator-annprocess-1.21.jar:"/>
    <property name="java.vm.vendor" value="Oracle Corporation"/>
    <property name="maven.javadoc.skip" value="true"/>
    <property name="sun.arch.data.model" value="64"/>
    <property name="java.vendor.url" value="http://java.oracle.com/"/>
    <property name="user.timezone" value=""/>
    <property name="java.vm.specification.version" value="1.8"/>
    <property name="os.name" value="Linux"/>
    <property name="rat.skip" value="true"/>
    <property name="sun.java.launcher" value="SUN_STANDARD"/>
    <property name="sun.boot.library.path" value="/usr/local/openjdk-8/jre/lib/amd64"/>
    <property name="sun.java.command" value="/tmp/tmpox3o01ss/commons-lang/target/surefire/surefirebooter4235683183531189439.jar /tmp/tmpox3o01ss/commons-lang/target/surefire 2020-07-30T15-12-52_578-jvmRun1 surefire9095814691699174990tmp surefire_02602610147623629831tmp"/>
    <property name="surefire.test.class.path" value="/tmp/tmpox3o01ss/commons-lang/target/test-classes:/tmp/tmpox3o01ss/commons-lang/target/classes:/home/jdbl/.m2/repository/junit/junit/4.12/junit-4.12.jar:/home/jdbl/.m2/repository/org/hamcrest/hamcrest-core/1.3/hamcrest-core-1.3.jar:/home/jdbl/.m2/repository/org/hamcrest/hamcrest-all/1.3/hamcrest-all-1.3.jar:/home/jdbl/.m2/repository/org/easymock/easymock/3.6/easymock-3.6.jar:/home/jdbl/.m2/repository/org/objenesis/objenesis/2.6/objenesis-2.6.jar:/home/jdbl/.m2/repository/org/openjdk/jmh/jmh-core/1.21/jmh-core-1.21.jar:/home/jdbl/.m2/repository/net/sf/jopt-simple/jopt-simple/4.6/jopt-simple-4.6.jar:/home/jdbl/.m2/repository/org/apache/commons/commons-math3/3.2/commons-math3-3.2.jar:/home/jdbl/.m2/repository/org/openjdk/jmh/jmh-generator-annprocess/1.21/jmh-generator-annprocess-1.21.jar:"/>
    <property name="sun.cpu.endian" value="little"/>
    <property name="user.home" value="/home/jdbl"/>
    <property name="user.language" value="en"/>
    <property name="java.specification.vendor" value="Oracle Corporation"/>
    <property name="java.home" value="/usr/local/openjdk-8/jre"/>
    <property name="basedir" value="/tmp/tmpox3o01ss/commons-lang"/>
    <property name="file.separator" value="/"/>
    <property name="line.separator" value="&#10;"/>
    <property name="source.skip" value="true"/>
    <property name="java.vm.specification.vendor" value="Oracle Corporation"/>
    <property name="java.specification.name" value="Java Platform API Specification"/>
    <property name="java.awt.graphicsenv" value="sun.awt.X11GraphicsEnvironment"/>
    <property name="surefire.real.class.path" value="/tmp/tmpox3o01ss/commons-lang/target/surefire/surefirebooter4235683183531189439.jar"/>
    <property name="sun.boot.class.path" value="/usr/local/openjdk-8/jre/lib/resources.jar:/usr/local/openjdk-8/jre/lib/rt.jar:/usr/local/openjdk-8/jre/lib/sunrsasign.jar:/usr/local/openjdk-8/jre/lib/jsse.jar:/usr/local/openjdk-8/jre/lib/jce.jar:/usr/local/openjdk-8/jre/lib/charsets.jar:/usr/local/openjdk-8/jre/lib/jfr.jar:/usr/local/openjdk-8/jre/classes"/>
    <property name="sun.management.compiler" value="HotSpot 64-Bit Tiered Compilers"/>
    <property name="java.runtime.version" value="1.8.0_262-b10"/>
    <property name="user.name" value="jdbl"/>
    <property name="path.separator" value=":"/>
    <property name="os.version" value="4.15.0-109-generic"/>
    <property name="java.endorsed.dirs" value="/usr/local/openjdk-8/jre/lib/endorsed"/>
    <property name="java.runtime.name" value="OpenJDK Runtime Environment"/>
    <property name="file.encoding" value="UTF-8"/>
    <property name="java.vm.name" value="OpenJDK 64-Bit Server VM"/>
    <property name="localRepository" value="/home/jdbl/.m2/repository"/>
    <property name="java.vendor.url.bug" value="http://bugreport.sun.com/bugreport/"/>
    <property name="java.io.tmpdir" value="/tmp"/>
    <property name="java.version" value="1.8.0_262"/>
    <property name="user.dir" value="/tmp/tmpox3o01ss/commons-lang"/>
    <property name="os.arch" value="amd64"/>
    <property name="license.skip" value="true"/>
    <property name="animal.sniffer.skip" value="true"/>
    <property name="java.vm.specification.name" value="Java Virtual Machine Specification"/>
    <property name="java.awt.printerjob" value="sun.print.PSPrinterJob"/>
    <property name="sun.os.patch.level" value="unknown"/>
    <property name="java.library.path" value="/usr/java/packages/lib/amd64:/usr/lib64:/lib64:/lib:/usr/lib"/>
    <property name="java.vm.info" value="mixed mode"/>
    <property name="java.vendor" value="Oracle Corporation"/>
    <property name="java.vm.version" value="25.262-b10"/>
    <property name="java.ext.dirs" value="/usr/local/openjdk-8/jre/lib/ext:/usr/java/packages/lib/ext"/>
    <property name="sun.io.unicode.encoding" value="UnicodeLittle"/>
    <property name="java.class.version" value="52.0"/>
    <property name="maven.test.failure.ignore" value="true"/>
  </properties>
  <testcase name="testRemovePattern_StringString" classname="org.apache.commons.lang3.StringUtilsTest" time="0.001"/>
  <testcase name="testJoin_IterableChar" classname="org.apache.commons.lang3.StringUtilsTest" time="0.001"/>
  <testcase name="testRightPad_StringInt" classname="org.apache.commons.lang3.StringUtilsTest" time="0"/>
  <testcase name="testToCodePoints" classname="org.apache.commons.lang3.StringUtilsTest" time="0"/>
  <testcase name="testReplaceAll_StringStringString" classname="org.apache.commons.lang3.StringUtilsTest" time="0.002"/>
  <testcase name="testDeleteWhitespace_String" classname="org.apache.commons.lang3.StringUtilsTest" time="0.001"/>
  <testcase name="testRemove_String" classname="org.apache.commons.lang3.StringUtilsTest" time="0"/>
  <testcase name="testJoin_ArrayOfShorts" classname="org.apache.commons.lang3.StringUtilsTest" time="0"/>
  <testcase name="testGetFuzzyDistance" classname="org.apache.commons.lang3.StringUtilsTest" time="0"/>
  <testcase name="testGetFuzzyDistance_NullStringLocale" classname="org.apache.commons.lang3.StringUtilsTest" time="0"/>
  <testcase name="testDifferenceAt_StringString" classname="org.apache.commons.lang3.StringUtilsTest" time="0"/>
  <testcase name="testSplitByCharacterType" classname="org.apache.commons.lang3.StringUtilsTest" time="0.001"/>
  <testcase name="testReplaceIgnoreCase_StringStringStringInt" classname="org.apache.commons.lang3.StringUtilsTest" time="0"/>
  <testcase name="testAbbreviate_StringStringIntInt" classname="org.apache.commons.lang3.StringUtilsTest" time="0.001"/>
  <testcase name="testLengthStringBuffer" classname="org.apache.commons.lang3.StringUtilsTest" time="0"/>
  <testcase name="testNormalizeSpace" classname="org.apache.commons.lang3.StringUtilsTest" time="0"/>
  <testcase name="testJoin_ArrayOfInts" classname="org.apache.commons.lang3.StringUtilsTest" time="0"/>
  <testcase name="testDifferenceAt_StringArray" classname="org.apache.commons.lang3.StringUtilsTest" time="0"/>
  <testcase name="testRepeat_StringStringInt" classname="org.apache.commons.lang3.StringUtilsTest" time="0.001"/>
  <testcase name="testGetLevenshteinDistance_NullStringInt" classname="org.apache.commons.lang3.StringUtilsTest" time="0"/>
  <testcase name="testGetJaroWinklerDistance_NullNull" classname="org.apache.commons.lang3.StringUtilsTest" time="0"/>
  <testcase name="testOverlay_StringStringIntInt" classname="org.apache.commons.lang3.StringUtilsTest" time="0"/>
  <testcase name="testDefaultIfBlank_StringString" classname="org.apache.commons.lang3.StringUtilsTest" time="0"/>
  <testcase name="testJoin_ArrayString" classname="org.apache.commons.lang3.StringUtilsTest" time="0"/>
  <testcase name="testPrependIfMissing" classname="org.apache.commons.lang3.StringUtilsTest" time="0"/>
  <testcase name="testRemoveFirst_StringString" classname="org.apache.commons.lang3.StringUtilsTest" time="0.001"/>
  <testcase name="testIsAllLowerCase" classname="org.apache.commons.lang3.StringUtilsTest" time="0"/>
  <testcase name="testLANG666" classname="org.apache.commons.lang3.StringUtilsTest" time="0"/>
  <testcase name="testReverseDelimited_StringChar" classname="org.apache.commons.lang3.StringUtilsTest" time="0"/>
  <testcase name="testUnwrap_StringChar" classname="org.apache.commons.lang3.StringUtilsTest" time="0"/>
  <testcase name="testEscapeSurrogatePairs" classname="org.apache.commons.lang3.StringUtilsTest" time="0.014"/>
  <testcase name="testWrapIfMissing_StringString" classname="org.apache.commons.lang3.StringUtilsTest" time="0"/>
  <testcase name="testChomp" classname="org.apache.commons.lang3.StringUtilsTest" time="0"/>
  <testcase name="testEMPTY" classname="org.apache.commons.lang3.StringUtilsTest" time="0"/>
  <testcase name="testChop" classname="org.apache.commons.lang3.StringUtilsTest" time="0"/>
  <testcase name="testToString" classname="org.apache.commons.lang3.StringUtilsTest" time="0.005"/>
  <testcase name="testGetJaroWinklerDistance_StringString" classname="org.apache.commons.lang3.StringUtilsTest" time="0"/>
  <testcase name="testJoin_IterableString" classname="org.apache.commons.lang3.StringUtilsTest" time="0"/>
  <testcase name="testDefaultIfEmpty_CharBuffers" classname="org.apache.commons.lang3.StringUtilsTest" time="0.001"/>
  <testcase name="testSplitPreserveAllTokens_StringString_StringStringInt" classname="org.apache.commons.lang3.StringUtilsTest" time="0.02"/>
  <testcase name="testJoin_ArrayCharSeparator" classname="org.apache.commons.lang3.StringUtilsTest" time="0"/>
  <testcase name="testDefaultIfBlank_StringBuffers" classname="org.apache.commons.lang3.StringUtilsTest" time="0.001"/>
  <testcase name="testRemoveStart" classname="org.apache.commons.lang3.StringUtilsTest" time="0"/>
  <testcase name="testRemove_char" classname="org.apache.commons.lang3.StringUtilsTest" time="0"/>
  <testcase name="testReplaceChars_StringCharChar" classname="org.apache.commons.lang3.StringUtilsTest" time="0"/>
  <testcase name="testUnCapitalize" classname="org.apache.commons.lang3.StringUtilsTest" time="0"/>
  <testcase name="testReplaceIgnoreCase_StringStringString" classname="org.apache.commons.lang3.StringUtilsTest" time="0.007"/>
  <testcase name="testAbbreviateMiddle" classname="org.apache.commons.lang3.StringUtilsTest" time="0"/>
  <testcase name="testIsAllUpperCase" classname="org.apache.commons.lang3.StringUtilsTest" time="0"/>
  <testcase name="testJoinWith" classname="org.apache.commons.lang3.StringUtilsTest" time="0"/>
  <testcase name="testRemoveEndIgnoreCase" classname="org.apache.commons.lang3.StringUtilsTest" time="0"/>
  <testcase name="testAppendIfMissingIgnoreCase" classname="org.apache.commons.lang3.StringUtilsTest" time="0"/>
  <testcase name="testWrap_StringString" classname="org.apache.commons.lang3.StringUtilsTest" time="0"/>
  <testcase name="testToEncodedString" classname="org.apache.commons.lang3.StringUtilsTest" time="0"/>
  <testcase name="testCenter_StringIntChar" classname="org.apache.commons.lang3.StringUtilsTest" time="0"/>
  <testcase name="testDefaultIfEmpty_StringBuffers" classname="org.apache.commons.lang3.StringUtilsTest" time="0"/>
  <testcase name="testReplaceChars_StringStringString" classname="org.apache.commons.lang3.StringUtilsTest" time="0"/>
  <testcase name="testGetLevenshteinDistance_StringNullInt" classname="org.apache.commons.lang3.StringUtilsTest" time="0"/>
  <testcase name="testLeftPad_StringIntString" classname="org.apache.commons.lang3.StringUtilsTest" time="0"/>
  <testcase name="testLang623" classname="org.apache.commons.lang3.StringUtilsTest" time="0"/>
  <testcase name="testAppendIfMissing" classname="org.apache.commons.lang3.StringUtilsTest" time="0"/>
  <testcase name="testSplitPreserveAllTokens_StringChar" classname="org.apache.commons.lang3.StringUtilsTest" time="0"/>
  <testcase name="testGetLevenshteinDistance_StringStringInt" classname="org.apache.commons.lang3.StringUtilsTest" time="0"/>
  <testcase name="testDefaultIfEmpty_StringString" classname="org.apache.commons.lang3.StringUtilsTest" time="0"/>
  <testcase name="testUnescapeSurrogatePairs" classname="org.apache.commons.lang3.StringUtilsTest" time="0"/>
  <testcase name="testGetJaroWinklerDistance_NullString" classname="org.apache.commons.lang3.StringUtilsTest" time="0"/>
  <testcase name="testCenter_StringInt" classname="org.apache.commons.lang3.StringUtilsTest" time="0"/>
  <testcase name="testLength_CharBuffer" classname="org.apache.commons.lang3.StringUtilsTest" time="0"/>
  <testcase name="testGetCommonPrefix_StringArray" classname="org.apache.commons.lang3.StringUtilsTest" time="0"/>
  <testcase name="testSplit_String" classname="org.apache.commons.lang3.StringUtilsTest" time="0"/>
  <testcase name="testLengthString" classname="org.apache.commons.lang3.StringUtilsTest" time="0"/>
  <testcase name="testSplitByWholeSeparatorPreserveAllTokens_StringString" classname="org.apache.commons.lang3.StringUtilsTest" time="0"/>
  <testcase name="testDefault_String" classname="org.apache.commons.lang3.StringUtilsTest" time="0"/>
  <testcase name="testJoinWithThrowsException" classname="org.apache.commons.lang3.StringUtilsTest" time="0"/>
  <testcase name="testLeftPad_StringIntChar" classname="org.apache.commons.lang3.StringUtilsTest" time="0"/>
  <testcase name="testReplaceFirst_StringStringString" classname="org.apache.commons.lang3.StringUtilsTest" time="0.006"/>
  <testcase name="testRepeat_StringInt" classname="org.apache.commons.lang3.StringUtilsTest" time="0.001"/>
  <testcase name="testLowerCase" classname="org.apache.commons.lang3.StringUtilsTest" time="0"/>
  <testcase name="testJoin_List" classname="org.apache.commons.lang3.StringUtilsTest" time="0"/>
  <testcase name="testAbbreviate_StringInt" classname="org.apache.commons.lang3.StringUtilsTest" time="0"/>
  <testcase name="testDefaultIfBlank_StringBuilders" classname="org.apache.commons.lang3.StringUtilsTest" time="0.001"/>
  <testcase name="testDefault_StringString" classname="org.apache.commons.lang3.StringUtilsTest" time="0"/>
  <testcase name="testGetLevenshteinDistance_NullString" classname="org.apache.commons.lang3.StringUtilsTest" time="0"/>
  <testcase name="testLengthStringBuilder" classname="org.apache.commons.lang3.StringUtilsTest" time="0"/>
  <testcase name="testJoin_IteratorString" classname="org.apache.commons.lang3.StringUtilsTest" time="0.015"/>
  <testcase name="testGetFuzzyDistance_NullNullNull" classname="org.apache.commons.lang3.StringUtilsTest" time="0"/>
  <testcase name="testGetLevenshteinDistance_StringStringNegativeInt" classname="org.apache.commons.lang3.StringUtilsTest" time="0"/>
  <testcase name="testWrapIfMissing_StringChar" classname="org.apache.commons.lang3.StringUtilsTest" time="0"/>
  <testcase name="testRemoveIgnoreCase_String" classname="org.apache.commons.lang3.StringUtilsTest" time="0"/>
  <testcase name="testRemoveAll_StringString" classname="org.apache.commons.lang3.StringUtilsTest" time="0"/>
  <testcase name="testRightPad_StringIntChar" classname="org.apache.commons.lang3.StringUtilsTest" time="0"/>
  <testcase name="testGetJaroWinklerDistance_StringNull" classname="org.apache.commons.lang3.StringUtilsTest" time="0"/>
  <testcase name="testJoin_ArrayOfDoubles" classname="org.apache.commons.lang3.StringUtilsTest" time="0"/>
  <testcase name="testGetLevenshteinDistance_StringString" classname="org.apache.commons.lang3.StringUtilsTest" time="0"/>
  <testcase name="testJoin_Objectarray" classname="org.apache.commons.lang3.StringUtilsTest" time="0"/>
  <testcase name="testRotate_StringInt" classname="org.apache.commons.lang3.StringUtilsTest" time="0"/>
  <testcase name="testReplacePattern_StringStringString" classname="org.apache.commons.lang3.StringUtilsTest" time="0"/>
  <testcase name="testUpperCase" classname="org.apache.commons.lang3.StringUtilsTest" time="0"/>
  <testcase name="testAbbreviate_StringIntInt" classname="org.apache.commons.lang3.StringUtilsTest" time="0"/>
  <testcase name="testReplace_StringStringArrayStringArray" classname="org.apache.commons.lang3.StringUtilsTest" time="0"/>
  <testcase name="testGetFuzzyDistance_StringNullLoclae" classname="org.apache.commons.lang3.StringUtilsTest" time="0"/>
  <testcase name="testEscapeSurrogatePairsLang858" classname="org.apache.commons.lang3.StringUtilsTest" time="0"/>
  <testcase name="testSplitPreserveAllTokens_String" classname="org.apache.commons.lang3.StringUtilsTest" time="0"/>
  <testcase name="testReplaceOnce_StringStringString" classname="org.apache.commons.lang3.StringUtilsTest" time="0"/>
  <testcase name="testStringUtilsCharSequenceContract" classname="org.apache.commons.lang3.StringUtilsTest" time="0"/>
  <testcase name="testGetDigits" classname="org.apache.commons.lang3.StringUtilsTest" time="0"/>
  <testcase name="testGetLevenshteinDistance_StringNull" classname="org.apache.commons.lang3.StringUtilsTest" time="0"/>
  <testcase name="testJoin_IteratorChar" classname="org.apache.commons.lang3.StringUtilsTest" time="0"/>
  <testcase name="testReverse_String" classname="org.apache.commons.lang3.StringUtilsTest" time="0"/>
  <testcase name="testReplace_StringStringString" classname="org.apache.commons.lang3.StringUtilsTest" time="0"/>
  <testcase name="testSplitByWholeSeparatorPreserveAllTokens_StringStringInt" classname="org.apache.commons.lang3.StringUtilsTest" time="0"/>
  <testcase name="testAbbreviate_StringStringInt" classname="org.apache.commons.lang3.StringUtilsTest" time="0"/>
  <testcase name="testSplitByWholeString_StringStringBooleanInt" classname="org.apache.commons.lang3.StringUtilsTest" time="0"/>
  <testcase name="testSplitByWholeString_StringStringBoolean" classname="org.apache.commons.lang3.StringUtilsTest" time="0"/>
  <testcase name="testDefaultIfEmpty_StringBuilders" classname="org.apache.commons.lang3.StringUtilsTest" time="0"/>
  <testcase name="testDifference_StringString" classname="org.apache.commons.lang3.StringUtilsTest" time="0"/>
  <testcase name="testTruncate_StringInt" classname="org.apache.commons.lang3.StringUtilsTest" time="0"/>
  <testcase name="testLeftPad_StringInt" classname="org.apache.commons.lang3.StringUtilsTest" time="0"/>
  <testcase name="testDefaultIfBlank_CharBuffers" classname="org.apache.commons.lang3.StringUtilsTest" time="0"/>
  <testcase name="testPrependIfMissingIgnoreCase" classname="org.apache.commons.lang3.StringUtilsTest" time="0"/>
  <testcase name="testTruncate_StringIntInt" classname="org.apache.commons.lang3.StringUtilsTest" time="0"/>
  <testcase name="testReplaceOnceIgnoreCase_StringStringString" classname="org.apache.commons.lang3.StringUtilsTest" time="0"/>
  <testcase name="testReplace_StringStringArrayStringArrayBoolean" classname="org.apache.commons.lang3.StringUtilsTest" time="0"/>
  <testcase name="testIsMixedCase" classname="org.apache.commons.lang3.StringUtilsTest" time="0"/>
  <testcase name="testSplit_StringChar" classname="org.apache.commons.lang3.StringUtilsTest" time="0"/>
  <testcase name="testRepeat_CharInt" classname="org.apache.commons.lang3.StringUtilsTest" time="0"/>
  <testcase name="testRightPad_StringIntString" classname="org.apache.commons.lang3.StringUtilsTest" time="0"/>
  <testcase name="testSwapCase_String" classname="org.apache.commons.lang3.StringUtilsTest" time="0"/>
  <testcase name="testWrap_StringChar" classname="org.apache.commons.lang3.StringUtilsTest" time="0"/>
  <testcase name="testRemoveStartIgnoreCase" classname="org.apache.commons.lang3.StringUtilsTest" time="0"/>
  <testcase name="testCapitalize" classname="org.apache.commons.lang3.StringUtilsTest" time="0"/>
  <testcase name="testSplit_StringString_StringStringInt" classname="org.apache.commons.lang3.StringUtilsTest" time="0.013"/>
  <testcase name="testJoin_ArrayOfBytes" classname="org.apache.commons.lang3.StringUtilsTest" time="0"/>
  <testcase name="testJoin_ArrayOfChars" classname="org.apache.commons.lang3.StringUtilsTest" time="0"/>
  <testcase name="testJoin_ArrayOfLongs" classname="org.apache.commons.lang3.StringUtilsTest" time="0"/>
  <testcase name="testUnwrap_StringString" classname="org.apache.commons.lang3.StringUtilsTest" time="0"/>
  <testcase name="testJoin_Objects" classname="org.apache.commons.lang3.StringUtilsTest" time="0"/>
  <testcase name="testGetFuzzyDistance_StringStringNull" classname="org.apache.commons.lang3.StringUtilsTest" time="0"/>
  <testcase name="testRemoveEnd" classname="org.apache.commons.lang3.StringUtilsTest" time="0"/>
  <testcase name="testReCapitalize" classname="org.apache.commons.lang3.StringUtilsTest" time="0"/>
  <testcase name="testJoin_ArrayOfFloats" classname="org.apache.commons.lang3.StringUtilsTest" time="0"/>
  <testcase name="testCenter_StringIntString" classname="org.apache.commons.lang3.StringUtilsTest" time="0"/>
  <testcase name="testConstructor" classname="org.apache.commons.lang3.StringUtilsTest" time="0"/>
  <testcase name="testSplitByCharacterTypeCamelCase" classname="org.apache.commons.lang3.StringUtilsTest" time="0"/>
  <testcase name="testReplace_StringStringStringInt" classname="org.apache.commons.lang3.StringUtilsTest" time="0"/>
</testsuite>