<?xml version="1.0" encoding="UTF-8" ?>
<testsuite tests="43" failures="0" name="org.apache.commons.io.filefilter.FileFilterTestCase" time="2.219" errors="0" skipped="0">
  <properties>
    <property name="java.runtime.name" value="OpenJDK Runtime Environment"/>
    <property name="sun.boot.library.path" value="/usr/local/openjdk-8/jre/lib/amd64"/>
    <property name="java.vm.version" value="25.262-b10"/>
    <property name="java.vm.vendor" value="Oracle Corporation"/>
    <property name="java.vendor.url" value="http://java.oracle.com/"/>
    <property name="path.separator" value=":"/>
    <property name="java.vm.name" value="OpenJDK 64-Bit Server VM"/>
    <property name="file.encoding.pkg" value="sun.io"/>
    <property name="sun.java.launcher" value="SUN_STANDARD"/>
    <property name="sun.os.patch.level" value="unknown"/>
    <property name="java.vm.specification.name" value="Java Virtual Machine Specification"/>
    <property name="user.dir" value="/tmp/tmpj0zsb37c/commons-io"/>
    <property name="java.runtime.version" value="1.8.0_262-b10"/>
    <property name="java.awt.graphicsenv" value="sun.awt.X11GraphicsEnvironment"/>
    <property name="basedir" value="/tmp/tmpj0zsb37c/commons-io"/>
    <property name="java.endorsed.dirs" value="/usr/local/openjdk-8/jre/lib/endorsed"/>
    <property name="os.arch" value="amd64"/>
    <property name="java.io.tmpdir" value="/tmp"/>
    <property name="line.separator" value="
"/>
    <property name="java.vm.specification.vendor" value="Oracle Corporation"/>
    <property name="os.name" value="Linux"/>
    <property name="sun.jnu.encoding" value="UTF-8"/>
    <property name="java.library.path" value="/usr/java/packages/lib/amd64:/usr/lib64:/lib64:/lib:/usr/lib"/>
    <property name="java.specification.name" value="Java Platform API Specification"/>
    <property name="java.class.version" value="52.0"/>
    <property name="sun.management.compiler" value="HotSpot 64-Bit Tiered Compilers"/>
    <property name="os.version" value="4.15.0-109-generic"/>
    <property name="user.home" value="/home/jdbl"/>
    <property name="user.timezone" value=""/>
    <property name="java.awt.printerjob" value="sun.print.PSPrinterJob"/>
    <property name="file.encoding" value="UTF-8"/>
    <property name="java.specification.version" value="1.8"/>
    <property name="user.name" value="jdbl"/>
    <property name="java.class.path" value="/tmp/surefirebooter3930700018794465438.jar"/>
    <property name="java.vm.specification.version" value="1.8"/>
    <property name="sun.arch.data.model" value="64"/>
    <property name="java.home" value="/usr/local/openjdk-8/jre"/>
    <property name="sun.java.command" value="/tmp/surefirebooter3930700018794465438.jar /tmp/surefire4864561686083090382tmp /tmp/surefire1365481923018638393tmp"/>
    <property name="java.specification.vendor" value="Oracle Corporation"/>
    <property name="user.language" value="en"/>
    <property name="awt.toolkit" value="sun.awt.X11.XToolkit"/>
    <property name="java.vm.info" value="mixed mode"/>
    <property name="java.version" value="1.8.0_262"/>
    <property name="java.ext.dirs" value="/usr/local/openjdk-8/jre/lib/ext:/usr/java/packages/lib/ext"/>
    <property name="sun.boot.class.path" value="/usr/local/openjdk-8/jre/lib/resources.jar:/usr/local/openjdk-8/jre/lib/rt.jar:/usr/local/openjdk-8/jre/lib/sunrsasign.jar:/usr/local/openjdk-8/jre/lib/jsse.jar:/usr/local/openjdk-8/jre/lib/jce.jar:/usr/local/openjdk-8/jre/lib/charsets.jar:/usr/local/openjdk-8/jre/lib/jfr.jar:/usr/local/openjdk-8/jre/classes"/>
    <property name="java.vendor" value="Oracle Corporation"/>
    <property name="localRepository" value="/home/jdbl/.m2/repository"/>
    <property name="file.separator" value="/"/>
    <property name="java.vendor.url.bug" value="http://bugreport.sun.com/bugreport/"/>
    <property name="sun.cpu.endian" value="little"/>
    <property name="sun.io.unicode.encoding" value="UnicodeLittle"/>
    <property name="sun.cpu.isalist" value=""/>
  </properties>
  <testcase classname="org.apache.commons.io.filefilter.FileFilterTestCase" name="testDirectory" time="0.008"/>
  <testcase classname="org.apache.commons.io.filefilter.FileFilterTestCase" name="testPrefix" time="0.079"/>
  <testcase classname="org.apache.commons.io.filefilter.FileFilterTestCase" name="testNameFilter" time="0.009"/>
  <testcase classname="org.apache.commons.io.filefilter.FileFilterTestCase" name="testSuffix" time="0.002"/>
  <testcase classname="org.apache.commons.io.filefilter.FileFilterTestCase" name="testSuffixCaseInsensitive" time="0"/>
  <testcase classname="org.apache.commons.io.filefilter.FileFilterTestCase" name="testPrefixCaseInsensitive" time="0.006"/>
  <testcase classname="org.apache.commons.io.filefilter.FileFilterTestCase" name="testNameFilterNullArgument" time="0.001"/>
  <testcase classname="org.apache.commons.io.filefilter.FileFilterTestCase" name="testNameFilterNullArrayArgument" time="0"/>
  <testcase classname="org.apache.commons.io.filefilter.FileFilterTestCase" name="testNameFilterNullListArgument" time="0"/>
  <testcase classname="org.apache.commons.io.filefilter.FileFilterTestCase" name="testTrue" time="0.001"/>
  <testcase classname="org.apache.commons.io.filefilter.FileFilterTestCase" name="testFalse" time="0"/>
  <testcase classname="org.apache.commons.io.filefilter.FileFilterTestCase" name="testNot" time="0"/>
  <testcase classname="org.apache.commons.io.filefilter.FileFilterTestCase" name="testAnd" time="0.001"/>
  <testcase classname="org.apache.commons.io.filefilter.FileFilterTestCase" name="testOr" time="0.006"/>
  <testcase classname="org.apache.commons.io.filefilter.FileFilterTestCase" name="testFileFilterUtils_and" time="0"/>
  <testcase classname="org.apache.commons.io.filefilter.FileFilterTestCase" name="testFileFilterUtils_or" time="0"/>
  <testcase classname="org.apache.commons.io.filefilter.FileFilterTestCase" name="testDeprecatedWildcard" time="0.002"/>
  <testcase classname="org.apache.commons.io.filefilter.FileFilterTestCase" name="testWildcard" time="0.002"/>
  <testcase classname="org.apache.commons.io.filefilter.FileFilterTestCase" name="testDelegateFileFilter" time="0.003"/>
  <testcase classname="org.apache.commons.io.filefilter.FileFilterTestCase" name="testMakeCVSAware" time="0.003"/>
  <testcase classname="org.apache.commons.io.filefilter.FileFilterTestCase" name="testMakeSVNAware" time="0.001"/>
  <testcase classname="org.apache.commons.io.filefilter.FileFilterTestCase" name="testAgeFilter" time="2.003"/>
  <testcase classname="org.apache.commons.io.filefilter.FileFilterTestCase" name="testSizeFilter" time="0.002"/>
  <testcase classname="org.apache.commons.io.filefilter.FileFilterTestCase" name="testHidden" time="0.001"/>
  <testcase classname="org.apache.commons.io.filefilter.FileFilterTestCase" name="testCanRead" time="0.004"/>
  <testcase classname="org.apache.commons.io.filefilter.FileFilterTestCase" name="testCanWrite" time="0"/>
  <testcase classname="org.apache.commons.io.filefilter.FileFilterTestCase" name="testEmpty" time="0.001"/>
  <testcase classname="org.apache.commons.io.filefilter.FileFilterTestCase" name="testMakeDirectoryOnly" time="0.001"/>
  <testcase classname="org.apache.commons.io.filefilter.FileFilterTestCase" name="testMakeFileOnly" time="0.002"/>
  <testcase classname="org.apache.commons.io.filefilter.FileFilterTestCase" name="testMagicNumberFileFilterBytes" time="0.002"/>
  <testcase classname="org.apache.commons.io.filefilter.FileFilterTestCase" name="testMagicNumberFileFilterBytesOffset" time="0.002"/>
  <testcase classname="org.apache.commons.io.filefilter.FileFilterTestCase" name="testMagicNumberFileFilterString" time="0.001"/>
  <testcase classname="org.apache.commons.io.filefilter.FileFilterTestCase" name="testMagicNumberFileFilterStringOffset" time="0.002"/>
  <testcase classname="org.apache.commons.io.filefilter.FileFilterTestCase" name="testFilterArray" time="0"/>
  <testcase classname="org.apache.commons.io.filefilter.FileFilterTestCase" name="testFilterArray_fromList" time="0.001"/>
  <testcase classname="org.apache.commons.io.filefilter.FileFilterTestCase" name="testFilterArrayNullParameters" time="0"/>
  <testcase classname="org.apache.commons.io.filefilter.FileFilterTestCase" name="testFilterList" time="0"/>
  <testcase classname="org.apache.commons.io.filefilter.FileFilterTestCase" name="testFilterList_fromArray" time="0.001"/>
  <testcase classname="org.apache.commons.io.filefilter.FileFilterTestCase" name="testFilterListNullParameters" time="0"/>
  <testcase classname="org.apache.commons.io.filefilter.FileFilterTestCase" name="testFilterSet" time="0.001"/>
  <testcase classname="org.apache.commons.io.filefilter.FileFilterTestCase" name="testFilterSet_fromArray" time="0.001"/>
  <testcase classname="org.apache.commons.io.filefilter.FileFilterTestCase" name="testFilterSetNullParameters" time="0"/>
  <testcase classname="org.apache.commons.io.filefilter.FileFilterTestCase" name="testFiles" time="0.001"/>
</testsuite>