<?xml version="1.0" encoding="UTF-8"?>
<testsuite xmlns:xsi="http://www.w3.org/2001/XMLSchema-instance" xsi:schemaLocation="https://maven.apache.org/surefire/maven-surefire-plugin/xsd/surefire-test-report.xsd" name="com.versionone.sdk.unit.tests.APIClientUnitTestSuite" time="3.427" tests="259" errors="0" skipped="3" failures="0">
  <properties>
    <property name="java.runtime.name" value="OpenJDK Runtime Environment"/>
    <property name="sun.boot.library.path" value="/usr/local/openjdk-8/jre/lib/amd64"/>
    <property name="java.vm.version" value="25.262-b10"/>
    <property name="animal.sniffer.skip" value="true"/>
    <property name="java.vm.vendor" value="Oracle Corporation"/>
    <property name="maven.multiModuleProjectDirectory" value="/tmp/tmpp8mz9fkt/VersionOne.SDK.Java.APIClient"/>
    <property name="maven.javadoc.skip" value="true"/>
    <property name="java.vendor.url" value="http://java.oracle.com/"/>
    <property name="path.separator" value=":"/>
    <property name="guice.disable.misplaced.annotation.check" value="true"/>
    <property name="java.vm.name" value="OpenJDK 64-Bit Server VM"/>
    <property name="file.encoding.pkg" value="sun.io"/>
    <property name="sun.java.launcher" value="SUN_STANDARD"/>
    <property name="sun.os.patch.level" value="unknown"/>
    <property name="source.skip" value="true"/>
    <property name="java.vm.specification.name" value="Java Virtual Machine Specification"/>
    <property name="user.dir" value="/tmp/tmpp8mz9fkt/VersionOne.SDK.Java.APIClient"/>
    <property name="java.runtime.version" value="1.8.0_262-b10"/>
    <property name="java.awt.graphicsenv" value="sun.awt.X11GraphicsEnvironment"/>
    <property name="java.endorsed.dirs" value="/usr/local/openjdk-8/jre/lib/endorsed"/>
    <property name="os.arch" value="amd64"/>
    <property name="java.io.tmpdir" value="/tmp"/>
    <property name="line.separator" value="&#10;"/>
    <property name="java.vm.specification.vendor" value="Oracle Corporation"/>
    <property name="os.name" value="Linux"/>
    <property name="classworlds.conf" value="/usr/share/maven/bin/m2.conf"/>
    <property name="sun.jnu.encoding" value="UTF-8"/>
    <property name="java.library.path" value="/usr/java/packages/lib/amd64:/usr/lib64:/lib64:/lib:/usr/lib"/>
    <property name="license.skip" value="true"/>
    <property name="maven.conf" value="/usr/share/maven/conf"/>
    <property name="java.specification.name" value="Java Platform API Specification"/>
    <property name="java.class.version" value="52.0"/>
    <property name="sun.management.compiler" value="HotSpot 64-Bit Tiered Compilers"/>
    <property name="maven.test.failure.ignore" value="true"/>
    <property name="os.version" value="4.15.0-109-generic"/>
    <property name="library.jansi.path" value="/usr/share/maven/lib/jansi-native"/>
    <property name="user.home" value="/home/jdbl"/>
    <property name="user.timezone" value="Etc/UTC"/>
    <property name="java.awt.printerjob" value="sun.print.PSPrinterJob"/>
    <property name="java.specification.version" value="1.8"/>
    <property name="file.encoding" value="UTF-8"/>
    <property name="user.name" value="jdbl"/>
    <property name="java.class.path" value="/usr/share/maven/boot/plexus-classworlds-2.6.0.jar"/>
    <property name="java.vm.specification.version" value="1.8"/>
    <property name="sun.arch.data.model" value="64"/>
    <property name="java.home" value="/usr/local/openjdk-8/jre"/>
    <property name="sun.java.command" value="org.codehaus.plexus.classworlds.launcher.Launcher test -e --fail-never -ntp -Dmaven.test.failure.ignore=true -B -Dmaven.javadoc.skip=true -Drat.skip=true -Danimal.sniffer.skip=true -Dmaven.javadoc.skip=true -Dlicense.skip=true -Dsource.skip=true"/>
    <property name="java.specification.vendor" value="Oracle Corporation"/>
    <property name="user.language" value="en"/>
    <property name="awt.toolkit" value="sun.awt.X11.XToolkit"/>
    <property name="java.vm.info" value="mixed mode"/>
    <property name="java.version" value="1.8.0_262"/>
    <property name="java.ext.dirs" value="/usr/local/openjdk-8/jre/lib/ext:/usr/java/packages/lib/ext"/>
    <property name="securerandom.source" value="file:/dev/./urandom"/>
    <property name="sun.boot.class.path" value="/usr/local/openjdk-8/jre/lib/resources.jar:/usr/local/openjdk-8/jre/lib/rt.jar:/usr/local/openjdk-8/jre/lib/sunrsasign.jar:/usr/local/openjdk-8/jre/lib/jsse.jar:/usr/local/openjdk-8/jre/lib/jce.jar:/usr/local/openjdk-8/jre/lib/charsets.jar:/usr/local/openjdk-8/jre/lib/jfr.jar:/usr/local/openjdk-8/jre/classes"/>
    <property name="java.vendor" value="Oracle Corporation"/>
    <property name="rat.skip" value="true"/>
    <property name="maven.home" value="/usr/share/maven"/>
    <property name="file.separator" value="/"/>
    <property name="java.vendor.url.bug" value="http://bugreport.sun.com/bugreport/"/>
    <property name="sun.cpu.endian" value="little"/>
    <property name="sun.io.unicode.encoding" value="UnicodeLittle"/>
    <property name="sun.cpu.isalist" value=""/>
  </properties>
  <testcase name="EqualOpFalse" classname="com.versionone.sdk.unit.tests.DurationTests" time="0.002"/>
  <testcase name="MonthsToString" classname="com.versionone.sdk.unit.tests.DurationTests" time="0.001"/>
  <testcase name="DaysConversionMonthsToDays" classname="com.versionone.sdk.unit.tests.DurationTests" time="0"/>
  <testcase name="NotEqualOpTrue" classname="com.versionone.sdk.unit.tests.DurationTests" time="0"/>
  <testcase name="FromStringZero" classname="com.versionone.sdk.unit.tests.DurationTests" time="0"/>
  <testcase name="CannotHaveNegativeDuration" classname="com.versionone.sdk.unit.tests.DurationTests" time="0.001"/>
  <testcase name="NotEqualOpFalse" classname="com.versionone.sdk.unit.tests.DurationTests" time="0"/>
  <testcase name="DefaultUnitsToDays" classname="com.versionone.sdk.unit.tests.DurationTests" time="0"/>
  <testcase name="EqualOpTrue" classname="com.versionone.sdk.unit.tests.DurationTests" time="0"/>
  <testcase name="DaysConversionLucky13MonthsToDays" classname="com.versionone.sdk.unit.tests.DurationTests" time="0"/>
  <testcase name="testEqualsObject" classname="com.versionone.sdk.unit.tests.DurationTests" time="0"/>
  <testcase name="ParseDays" classname="com.versionone.sdk.unit.tests.DurationTests" time="0"/>
  <testcase name="ParseNull" classname="com.versionone.sdk.unit.tests.DurationTests" time="0"/>
  <testcase name="DaysConversionSemiYearToDays" classname="com.versionone.sdk.unit.tests.DurationTests" time="0.001"/>
  <testcase name="DaysConversionWeeksToDays" classname="com.versionone.sdk.unit.tests.DurationTests" time="0"/>
  <testcase name="DaysPropertyToDays" classname="com.versionone.sdk.unit.tests.DurationTests" time="0.008"/>
  <testcase name="DaysToString" classname="com.versionone.sdk.unit.tests.DurationTests" time="0"/>
  <testcase name="WeeksToString" classname="com.versionone.sdk.unit.tests.DurationTests" time="0"/>
  <testcase name="Equality" classname="com.versionone.sdk.unit.tests.DurationTests" time="0"/>
  <testcase name="ToStringZero" classname="com.versionone.sdk.unit.tests.DurationTests" time="0"/>
  <testcase name="ParseMonths" classname="com.versionone.sdk.unit.tests.DurationTests" time="0"/>
  <testcase name="ParseWeeks" classname="com.versionone.sdk.unit.tests.DurationTests" time="0"/>
  <testcase name="DaysConversionYearToDays" classname="com.versionone.sdk.unit.tests.DurationTests" time="0"/>
  <testcase name="ParseBadAmount" classname="com.versionone.sdk.unit.tests.DurationTests" time="0.001"/>
  <testcase name="DaysConversionMonthToDays" classname="com.versionone.sdk.unit.tests.DurationTests" time="0"/>
  <testcase name="ParseBadUnit" classname="com.versionone.sdk.unit.tests.DurationTests" time="0"/>
  <testcase name="JoinSingleItem" classname="com.versionone.sdk.unit.tests.TextBuilderTests" time="0.001"/>
  <testcase name="Join" classname="com.versionone.sdk.unit.tests.TextBuilderTests" time="0"/>
  <testcase name="SplitPrefixOnePart" classname="com.versionone.sdk.unit.tests.TextBuilderTests" time="0"/>
  <testcase name="FromTheCode" classname="com.versionone.sdk.unit.tests.TextBuilderTests" time="0"/>
  <testcase name="SplitPrefixTwoParts" classname="com.versionone.sdk.unit.tests.TextBuilderTests" time="0"/>
  <testcase name="JoinInTheCode" classname="com.versionone.sdk.unit.tests.TextBuilderTests" time="0.001"/>
  <testcase name="JoinWithNull" classname="com.versionone.sdk.unit.tests.TextBuilderTests" time="0"/>
  <testcase name="OidEqualSelf" classname="com.versionone.sdk.unit.tests.OidTests" time="0.039"/>
  <testcase name="Moment" classname="com.versionone.sdk.unit.tests.OidTests" time="0.008"/>
  <testcase name="MomentlessOid" classname="com.versionone.sdk.unit.tests.OidTests" time="0.011"/>
  <testcase name="OidNotNull" classname="com.versionone.sdk.unit.tests.OidTests" time="0.009"/>
  <testcase name="HashCodeAndEqualsWithMomentsTest" classname="com.versionone.sdk.unit.tests.OidTests" time="0.009"/>
  <testcase name="NullToken" classname="com.versionone.sdk.unit.tests.OidTests" time="0"/>
  <testcase name="AssetType" classname="com.versionone.sdk.unit.tests.OidTests" time="0.012"/>
  <testcase name="FromTokenIsNull" classname="com.versionone.sdk.unit.tests.OidTests" time="0.007"/>
  <testcase name="FromTokenWithMoment" classname="com.versionone.sdk.unit.tests.OidTests" time="0.009"/>
  <testcase name="InvalidOidToken" classname="com.versionone.sdk.unit.tests.OidTests" time="0.021"/>
  <testcase name="InvalidAssetType" classname="com.versionone.sdk.unit.tests.OidTests" time="0"/>
  <testcase name="InvalidID" classname="com.versionone.sdk.unit.tests.OidTests" time="0"/>
  <testcase name="Key" classname="com.versionone.sdk.unit.tests.OidTests" time="0.005"/>
  <testcase name="OidWithoutMomentIsMomentless" classname="com.versionone.sdk.unit.tests.OidTests" time="0.008"/>
  <testcase name="NullHashCodeTest" classname="com.versionone.sdk.unit.tests.OidTests" time="0"/>
  <testcase name="MomentedToken" classname="com.versionone.sdk.unit.tests.OidTests" time="0.009"/>
  <testcase name="InvalidOidTokenBadId" classname="com.versionone.sdk.unit.tests.OidTests" time="0.01"/>
  <testcase name="HashCodeAndEqualsTest" classname="com.versionone.sdk.unit.tests.OidTests" time="0.008"/>
  <testcase name="OidNotEqual" classname="com.versionone.sdk.unit.tests.OidTests" time="0.032"/>
  <testcase name="NullEqualsTest" classname="com.versionone.sdk.unit.tests.OidTests" time="0.012"/>
  <testcase name="FromToken" classname="com.versionone.sdk.unit.tests.OidTests" time="0.005"/>
  <testcase name="EmptyString" classname="com.versionone.sdk.unit.tests.VersionTests" time="0.002"/>
  <testcase name="ImpliedRevision" classname="com.versionone.sdk.unit.tests.VersionTests" time="0"/>
  <testcase name="ImpliedMinorAndBuildAndRevision" classname="com.versionone.sdk.unit.tests.VersionTests" time="0"/>
  <testcase name="NullString" classname="com.versionone.sdk.unit.tests.VersionTests" time="0"/>
  <testcase name="All" classname="com.versionone.sdk.unit.tests.VersionTests" time="0"/>
  <testcase name="ImpliedBuildAndRevision" classname="com.versionone.sdk.unit.tests.VersionTests" time="0"/>
  <testcase name="DefaultConstructor" classname="com.versionone.sdk.unit.tests.VersionTests" time="0"/>
  <testcase name="String" classname="com.versionone.sdk.unit.tests.DBNullTests" time="0"/>
  <testcase name="Equality" classname="com.versionone.sdk.unit.tests.DBNullTests" time="0"/>
  <testcase name="SameAsDBNullValue" classname="com.versionone.sdk.unit.tests.DBNullTests" time="0.001"/>
  <testcase name="SameHashCode" classname="com.versionone.sdk.unit.tests.DBNullTests" time="0"/>
  <testcase name="GetValue" classname="com.versionone.sdk.unit.tests.DBNullTests" time="0"/>
  <testcase name="testGetDate" classname="com.versionone.sdk.unit.tests.DBTests" time="0.001"/>
  <testcase name="IsNull" classname="com.versionone.sdk.unit.tests.DateTimeTests" time="0.001"/>
  <testcase name="Subtract" classname="com.versionone.sdk.unit.tests.DateTimeTests" time="0.002"/>
  <testcase name="ObjectDBNull" classname="com.versionone.sdk.unit.tests.DateTimeTests" time="0"/>
  <testcase name="ToDateTimeNull" classname="com.versionone.sdk.unit.tests.DateTimeTests" time="0"/>
  <testcase name="ObjectNull" classname="com.versionone.sdk.unit.tests.DateTimeTests" time="0"/>
  <testcase name="ImplicitToString" classname="com.versionone.sdk.unit.tests.DateTimeTests" time="0.001"/>
  <testcase name="ObjectString" classname="com.versionone.sdk.unit.tests.DateTimeTests" time="0"/>
  <testcase name="ExplicitToDateTime" classname="com.versionone.sdk.unit.tests.DateTimeTests" time="0"/>
  <testcase name="ObjectDBDateTimeNotNull" classname="com.versionone.sdk.unit.tests.DateTimeTests" time="0"/>
  <testcase name="ImplicitToStringNull" classname="com.versionone.sdk.unit.tests.DateTimeTests" time="0"/>
  <testcase name="ToDateTime" classname="com.versionone.sdk.unit.tests.DateTimeTests" time="0"/>
  <testcase name="ObjectEmptyString" classname="com.versionone.sdk.unit.tests.DateTimeTests" time="0.016"/>
  <testcase name="ObjectDBDateTimeNull" classname="com.versionone.sdk.unit.tests.DateTimeTests" time="0"/>
  <testcase name="ObjectSysDateTime" classname="com.versionone.sdk.unit.tests.DateTimeTests" time="0"/>
  <testcase name="Equality" classname="com.versionone.sdk.unit.tests.DateTimeTests" time="0"/>
  <testcase name="testFromStringNoTime" classname="com.versionone.sdk.unit.tests.DateTimeTests" time="0"/>
  <testcase name="ToStringTest" classname="com.versionone.sdk.unit.tests.DateTimeTests" time="0"/>
  <testcase name="ImplicitFromDBNull" classname="com.versionone.sdk.unit.tests.DateTimeTests" time="0"/>
  <testcase name="IsNull" classname="com.versionone.sdk.unit.tests.BitTests" time="0"/>
  <testcase name="ToBooleanNull" classname="com.versionone.sdk.unit.tests.BitTests" time="0"/>
  <testcase name="ObjectDBNull" classname="com.versionone.sdk.unit.tests.BitTests" time="0"/>
  <testcase name="ObjectBit0" classname="com.versionone.sdk.unit.tests.BitTests" time="0"/>
  <testcase name="ObjectBit1" classname="com.versionone.sdk.unit.tests.BitTests" time="0"/>
  <testcase name="ObjectNull" classname="com.versionone.sdk.unit.tests.BitTests" time="0"/>
  <testcase name="ObjectTrue" classname="com.versionone.sdk.unit.tests.BitTests" time="0"/>
  <testcase name="ObjectBitFalse" classname="com.versionone.sdk.unit.tests.BitTests" time="0"/>
  <testcase name="ObjectEmptyString" classname="com.versionone.sdk.unit.tests.BitTests" time="0"/>
  <testcase name="ObjectChar0" classname="com.versionone.sdk.unit.tests.BitTests" time="0"/>
  <testcase name="ObjectChar1" classname="com.versionone.sdk.unit.tests.BitTests" time="0"/>
  <testcase name="ObjectFalse" classname="com.versionone.sdk.unit.tests.BitTests" time="0"/>
  <testcase name="ToBoolean" classname="com.versionone.sdk.unit.tests.BitTests" time="0"/>
  <testcase name="Equality" classname="com.versionone.sdk.unit.tests.BitTests" time="0"/>
  <testcase name="ObjectStringTrue" classname="com.versionone.sdk.unit.tests.BitTests" time="0"/>
  <testcase name="ToStringTest" classname="com.versionone.sdk.unit.tests.BitTests" time="0"/>
  <testcase name="ObjectStringFalse" classname="com.versionone.sdk.unit.tests.BitTests" time="0"/>
  <testcase name="ImplicitFromDBNull" classname="com.versionone.sdk.unit.tests.BitTests" time="0"/>
  <testcase name="ObjectBitNull" classname="com.versionone.sdk.unit.tests.BitTests" time="0"/>
  <testcase name="ObjectBitTrue" classname="com.versionone.sdk.unit.tests.BitTests" time="0"/>
  <testcase name="IsNull" classname="com.versionone.sdk.unit.tests.IntTests" time="0"/>
  <testcase name="ObjectDBNull" classname="com.versionone.sdk.unit.tests.IntTests" time="0"/>
  <testcase name="ObjectDouble" classname="com.versionone.sdk.unit.tests.IntTests" time="0"/>
  <testcase name="ObjectNull" classname="com.versionone.sdk.unit.tests.IntTests" time="0"/>
  <testcase name="ObjectString" classname="com.versionone.sdk.unit.tests.IntTests" time="0"/>
  <testcase name="ObjectIntNull" classname="com.versionone.sdk.unit.tests.IntTests" time="0"/>
  <testcase name="ObjectEmptyString" classname="com.versionone.sdk.unit.tests.IntTests" time="0"/>
  <testcase name="ToInt32Null" classname="com.versionone.sdk.unit.tests.IntTests" time="0"/>
  <testcase name="ToInt32" classname="com.versionone.sdk.unit.tests.IntTests" time="0"/>
  <testcase name="ObjectInt" classname="com.versionone.sdk.unit.tests.IntTests" time="0"/>
  <testcase name="toStringTest" classname="com.versionone.sdk.unit.tests.IntTests" time="0"/>
  <testcase name="Equality" classname="com.versionone.sdk.unit.tests.IntTests" time="0"/>
  <testcase name="ObjectIntNotNull" classname="com.versionone.sdk.unit.tests.IntTests" time="0"/>
  <testcase name="IsNull" classname="com.versionone.sdk.unit.tests.StrTests" time="0"/>
  <testcase name="ObjectStrNotNull" classname="com.versionone.sdk.unit.tests.StrTests" time="0"/>
  <testcase name="ObjectDBNull" classname="com.versionone.sdk.unit.tests.StrTests" time="0"/>
  <testcase name="ObjectNull" classname="com.versionone.sdk.unit.tests.StrTests" time="0"/>
  <testcase name="ObjectString" classname="com.versionone.sdk.unit.tests.StrTests" time="0"/>
  <testcase name="ObjectStrNull" classname="com.versionone.sdk.unit.tests.StrTests" time="0"/>
  <testcase name="ObjectEmptyString" classname="com.versionone.sdk.unit.tests.StrTests" time="0"/>
  <testcase name="Trims" classname="com.versionone.sdk.unit.tests.StrTests" time="0"/>
  <testcase name="Equality" classname="com.versionone.sdk.unit.tests.StrTests" time="0"/>
  <testcase name="ToStringTest" classname="com.versionone.sdk.unit.tests.StrTests" time="0"/>
  <testcase name="IsNull" classname="com.versionone.sdk.unit.tests.RealTests" time="0"/>
  <testcase name="ObjectDBNull" classname="com.versionone.sdk.unit.tests.RealTests" time="0"/>
  <testcase name="ObjectDouble" classname="com.versionone.sdk.unit.tests.RealTests" time="0"/>
  <testcase name="ObjectNull" classname="com.versionone.sdk.unit.tests.RealTests" time="0"/>
  <testcase name="ObjectString" classname="com.versionone.sdk.unit.tests.RealTests" time="0"/>
  <testcase name="ObjectIntNull" classname="com.versionone.sdk.unit.tests.RealTests" time="0.005"/>
  <testcase name="ObjectEmptyString" classname="com.versionone.sdk.unit.tests.RealTests" time="0"/>
  <testcase name="ToInt32Null" classname="com.versionone.sdk.unit.tests.RealTests" time="0"/>
  <testcase name="ToInt32" classname="com.versionone.sdk.unit.tests.RealTests" time="0.003"/>
  <testcase name="ObjectInt" classname="com.versionone.sdk.unit.tests.RealTests" time="0"/>
  <testcase name="toStringTest" classname="com.versionone.sdk.unit.tests.RealTests" time="0.002"/>
  <testcase name="Equality" classname="com.versionone.sdk.unit.tests.RealTests" time="0"/>
  <testcase name="ObjectIntNotNull" classname="com.versionone.sdk.unit.tests.RealTests" time="0"/>
  <testcase name="TypeIsNotClass" classname="com.versionone.sdk.unit.tests.AssetTypeTests" time="0.098"/>
  <testcase name="FailLookupAttribute" classname="com.versionone.sdk.unit.tests.AssetTypeTests" time="0.02"/>
  <testcase name="LookupAttribute" classname="com.versionone.sdk.unit.tests.AssetTypeTests" time="0"/>
  <testcase name="InvalidAssetType" classname="com.versionone.sdk.unit.tests.AssetTypeTests" time="0.024"/>
  <testcase name="Story" classname="com.versionone.sdk.unit.tests.AssetTypeTests" time="0.001"/>
  <testcase name="TypeIsClass" classname="com.versionone.sdk.unit.tests.AssetTypeTests" time="0.008"/>
  <testcase name="BaseAsset" classname="com.versionone.sdk.unit.tests.AssetTypeTests" time="0.005"/>
  <testcase name="TypeIsSelf" classname="com.versionone.sdk.unit.tests.AssetTypeTests" time="0.006"/>
  <testcase name="CachedAttribute" classname="com.versionone.sdk.unit.tests.AssetTypeTests" time="0.008"/>
  <testcase name="ClassIsNotType" classname="com.versionone.sdk.unit.tests.AssetTypeTests" time="0.018"/>
  <testcase name="ClassIsSelf" classname="com.versionone.sdk.unit.tests.AssetTypeTests" time="0.008"/>
  <testcase name="TypeIsNotType" classname="com.versionone.sdk.unit.tests.AssetTypeTests" time="0.009"/>
  <testcase name="TypeIsNotPeerType" classname="com.versionone.sdk.unit.tests.AssetTypeTests" time="0.012"/>
  <testcase name="InvalidAttribute" classname="com.versionone.sdk.unit.tests.AttributeDefinitionTests" time="0.02"/>
  <testcase name="GuidAttribute" classname="com.versionone.sdk.unit.tests.AttributeDefinitionTests" time="0.012"/>
  <testcase name="TestBooleanCoerce" classname="com.versionone.sdk.unit.tests.AttributeDefinitionTests" time="0.028"/>
  <testcase name="CanParseGuidAttributeDefinitionType" classname="com.versionone.sdk.unit.tests.AttributeDefinitionTests" time="0.012"/>
  <testcase name="TextAttribute" classname="com.versionone.sdk.unit.tests.AttributeDefinitionTests" time="0.016"/>
  <testcase name="LoadedAssetTypes" classname="com.versionone.sdk.unit.tests.MetaModelTests" time="0.018"/>
  <testcase name="VersionCheck" classname="com.versionone.sdk.unit.tests.MetaModelTests" time="0.014"/>
  <testcase name="LoadedOperations" classname="com.versionone.sdk.unit.tests.MetaModelTests" time="0.018"/>
  <testcase name="LoadedAttributes" classname="com.versionone.sdk.unit.tests.MetaModelTests" time="0.015"/>
  <testcase name="BaseAssetDelete" classname="com.versionone.sdk.unit.tests.OperationTests" time="0.011"/>
  <testcase name="InvalidOperation" classname="com.versionone.sdk.unit.tests.OperationTests" time="0.021"/>
  <testcase name="LoadedByGetAssetType" classname="com.versionone.sdk.unit.tests.OperationTests" time="0.013"/>
  <testcase name="MetaModelLookupOperation" classname="com.versionone.sdk.unit.tests.OperationTests" time="0.007"/>
  <testcase name="SimpleString" classname="com.versionone.sdk.unit.tests.LocalizerTests" time="0.013"/>
  <testcase name="ReturnInput" classname="com.versionone.sdk.unit.tests.LocalizerTests" time="0.028"/>
  <testcase name="storyByName" classname="com.versionone.sdk.unit.tests.QueryURLBuilderTests" time="0"/>
  <testcase name="storyWithMomentByName" classname="com.versionone.sdk.unit.tests.QueryURLBuilderTests" time="0.001"/>
  <testcase name="simpleQueryWithAttributes" classname="com.versionone.sdk.unit.tests.QueryURLBuilderTests" time="0"/>
  <testcase name="simpleQuery" classname="com.versionone.sdk.unit.tests.QueryURLBuilderTests" time="0"/>
  <testcase name="filter" classname="com.versionone.sdk.unit.tests.QueryURLBuilderTests" time="0"/>
  <testcase name="queryWithVariables" classname="com.versionone.sdk.unit.tests.QueryURLBuilderTests" time="0.001"/>
  <testcase name="QueryTrackedEpicsForMultipleProjectsUsingVariables" classname="com.versionone.sdk.unit.tests.QueryURLBuilderTests" time="0">
    <skipped message="Integration test, requires V1 Server"/>
  </testcase>
  <testcase name="date" classname="com.versionone.sdk.unit.tests.QueryURLBuilderTests" time="0"/>
  <testcase name="name" classname="com.versionone.sdk.unit.tests.QueryURLBuilderTests" time="0.004"/>
  <testcase name="task" classname="com.versionone.sdk.unit.tests.QueryURLBuilderTests" time="0.001"/>
  <testcase name="find1" classname="com.versionone.sdk.unit.tests.QueryURLBuilderTests" time="0"/>
  <testcase name="find2" classname="com.versionone.sdk.unit.tests.QueryURLBuilderTests" time="0"/>
  <testcase name="nameAndEstimate" classname="com.versionone.sdk.unit.tests.QueryURLBuilderTests" time="0"/>
  <testcase name="filterWithSpecialSymbol" classname="com.versionone.sdk.unit.tests.QueryURLBuilderTests" time="0"/>
  <testcase name="datePrecision" classname="com.versionone.sdk.unit.tests.QueryURLBuilderTests" time="0.001"/>
  <testcase name="storyFailure" classname="com.versionone.sdk.unit.tests.QueryURLBuilderTests" time="0"/>
  <testcase name="multiple" classname="com.versionone.sdk.unit.tests.QueryURLBuilderTests" time="0.001"/>
  <testcase name="nameWithPaging" classname="com.versionone.sdk.unit.tests.QueryURLBuilderTests" time="0"/>
  <testcase name="QueryTrackedEpicsByProject" classname="com.versionone.sdk.unit.tests.QueryURLBuilderTests" time="0">
    <skipped message="Integration test, requires V1 Server"/>
  </testcase>
  <testcase name="datePrecisionInVariable" classname="com.versionone.sdk.unit.tests.QueryURLBuilderTests" time="0.001"/>
  <testcase name="toToken2" classname="com.versionone.sdk.unit.tests.QueryFilterTests" time="0.011"/>
  <testcase name="toToken" classname="com.versionone.sdk.unit.tests.QueryFilterTests" time="0.009"/>
  <testcase name="complex1" classname="com.versionone.sdk.unit.tests.QueryFilterTests" time="0.012"/>
  <testcase name="complex2" classname="com.versionone.sdk.unit.tests.QueryFilterTests" time="0.009"/>
  <testcase name="NestedEmptyResult" classname="com.versionone.sdk.unit.tests.QueryFilterTests" time="0"/>
  <testcase name="nullToken" classname="com.versionone.sdk.unit.tests.QueryFilterTests" time="0.008"/>
  <testcase name="singleNestedTerm" classname="com.versionone.sdk.unit.tests.QueryFilterTests" time="0.009"/>
  <testcase name="ConstructorToken" classname="com.versionone.sdk.unit.tests.PagingTests" time="0"/>
  <testcase name="ChangeToken" classname="com.versionone.sdk.unit.tests.PagingTests" time="0.001"/>
  <testcase name="TokenEqualsToString" classname="com.versionone.sdk.unit.tests.PagingTests" time="0"/>
  <testcase name="testWriteDate" classname="com.versionone.sdk.unit.tests.XmlApiWriterTests" time="0.044"/>
  <testcase name="testWriteAssetCreate" classname="com.versionone.sdk.unit.tests.XmlApiWriterTests" time="0">
    <skipped/>
  </testcase>
  <testcase name="TestHasChangedOnMultiValueAdd" classname="com.versionone.sdk.unit.tests.ServicesTests" time="0.024"/>
  <testcase name="TestHasChangedOnMultiValueRemove" classname="com.versionone.sdk.unit.tests.ServicesTests" time="0.017"/>
  <testcase name="UpdateAssetAttribute" classname="com.versionone.sdk.unit.tests.ServicesTests" time="0.017"/>
  <testcase name="Asset_with_valid_Guid_Attribute" classname="com.versionone.sdk.unit.tests.ServicesTests" time="0.037"/>
  <testcase name="Asset_with_null_Guid_Attribute" classname="com.versionone.sdk.unit.tests.ServicesTests" time="0.02"/>
  <testcase name="OidQueryMultiValueAttribute" classname="com.versionone.sdk.unit.tests.ServicesTests" time="0.016"/>
  <testcase name="TestHasChangedOnAttributeSet" classname="com.versionone.sdk.unit.tests.ServicesTests" time="0.018"/>
  <testcase name="SaveNewAssetWithCommentHasCorrectPath" classname="com.versionone.sdk.unit.tests.ServicesTests" time="0.016"/>
  <testcase name="UpdateAssetRelationship" classname="com.versionone.sdk.unit.tests.ServicesTests" time="0.018"/>
  <testcase name="testGet" classname="com.versionone.sdk.unit.tests.FileAPIConnectorTests" time="0.004"/>
  <testcase name="testPost" classname="com.versionone.sdk.unit.tests.FileAPIConnectorTests" time="0.001"/>
  <testcase name="DefaultIsOctetStream" classname="com.versionone.sdk.unit.tests.MimeTypeTests" time="0.004"/>
  <testcase name="TxtIsTextPlain" classname="com.versionone.sdk.unit.tests.MimeTypeTests" time="0"/>
  <testcase name="CaseDoesNotMatter" classname="com.versionone.sdk.unit.tests.MimeTypeTests" time="0"/>
  <testcase name="PathDoesNotMatter" classname="com.versionone.sdk.unit.tests.MimeTypeTests" time="0"/>
  <testcase name="RtfIsTextRtf" classname="com.versionone.sdk.unit.tests.MimeTypeTests" time="0"/>
  <testcase name="MSOfficeFileTypes" classname="com.versionone.sdk.unit.tests.MimeTypeTests" time="0"/>
  <testcase name="constructor" classname="com.versionone.sdk.unit.tests.RankTests" time="0.001"/>
  <testcase name="offsetTest" classname="com.versionone.sdk.unit.tests.RankTests" time="0"/>
  <testcase name="toStringTest" classname="com.versionone.sdk.unit.tests.RankTests" time="0"/>
  <testcase name="transientDontCompare1" classname="com.versionone.sdk.unit.tests.RankTests" time="0"/>
  <testcase name="transientDontCompare2" classname="com.versionone.sdk.unit.tests.RankTests" time="0"/>
  <testcase name="transientDontCompare3" classname="com.versionone.sdk.unit.tests.RankTests" time="0"/>
  <testcase name="compare" classname="com.versionone.sdk.unit.tests.RankTests" time="0"/>
  <testcase name="TrueOffOn" classname="com.versionone.sdk.unit.tests.ConfigurationTests" time="0.019"/>
  <testcase name="TrueOnOff" classname="com.versionone.sdk.unit.tests.ConfigurationTests" time="0.022"/>
  <testcase name="FalseOffOff" classname="com.versionone.sdk.unit.tests.ConfigurationTests" time="0.025"/>
  <testcase name="FalseOnOn" classname="com.versionone.sdk.unit.tests.ConfigurationTests" time="0.018"/>
  <testcase name="TrueOffOff" classname="com.versionone.sdk.unit.tests.ConfigurationTests" time="0.011"/>
  <testcase name="FalseOffOn" classname="com.versionone.sdk.unit.tests.ConfigurationTests" time="0.013"/>
  <testcase name="FalseOnOff" classname="com.versionone.sdk.unit.tests.ConfigurationTests" time="0.015"/>
  <testcase name="TrueOnOn" classname="com.versionone.sdk.unit.tests.ConfigurationTests" time="0.008"/>
  <testcase name="testDeleteCookies" classname="com.versionone.sdk.unit.tests.CookiesManagerTests" time="0.007"/>
  <testcase name="testgetDomenToken" classname="com.versionone.sdk.unit.tests.CookiesManagerTests" time="0.001"/>
  <testcase name="testCookiesExpired2" classname="com.versionone.sdk.unit.tests.CookiesManagerTests" time="0"/>
  <testcase name="testCookiesExpired" classname="com.versionone.sdk.unit.tests.CookiesManagerTests" time="0.002"/>
  <testcase name="MultiValueAttribute" classname="com.versionone.sdk.unit.tests.MultiValueAttributeTests" time="0.071"/>
  <testcase name="ValidateAssetCollectionFailureTest" classname="com.versionone.sdk.unit.tests.RequiredFieldValidatorTests" time="0.025"/>
  <testcase name="ValidateSingleFieldByNameTest" classname="com.versionone.sdk.unit.tests.RequiredFieldValidatorTests" time="0.024"/>
  <testcase name="ValidateSingleFieldByAttributeTest" classname="com.versionone.sdk.unit.tests.RequiredFieldValidatorTests" time="0.039"/>
  <testcase name="ValidateAssetSuccessTest" classname="com.versionone.sdk.unit.tests.RequiredFieldValidatorTests" time="0.036"/>
  <testcase name="ValidateAssetCollectionSuccessTest" classname="com.versionone.sdk.unit.tests.RequiredFieldValidatorTests" time="0.037"/>
  <testcase name="ValidateAssetFailureNotLoadedRequiredAttributeTest" classname="com.versionone.sdk.unit.tests.RequiredFieldValidatorTests" time="0.019"/>
  <testcase name="loadRequiredFieldsTest" classname="com.versionone.sdk.unit.tests.RequiredFieldValidatorTests" time="0.026"/>
  <testcase name="ValidateAssetFailureWrongAttributeValueTest" classname="com.versionone.sdk.unit.tests.RequiredFieldValidatorTests" time="0.021"/>
  <testcase name="GetV1PasswordTest" classname="com.versionone.sdk.unit.tests.CredentialsTests" time="0.004"/>
  <testcase name="GetV1UserNameTest" classname="com.versionone.sdk.unit.tests.CredentialsTests" time="0"/>
  <testcase name="IsNullOrEmptyTest" classname="com.versionone.sdk.unit.tests.StringUtilityTests" time="0"/>
  <testcase name="itShouldCallFullMetaRoute" classname="com.versionone.sdk.unit.tests.ServicesConstructorWhenPreLoadMetaIsTrue" time="0.002"/>
  <testcase name="itShouldLetMeGetTheAssetTypeType" classname="com.versionone.sdk.unit.tests.ServicesConstructorWhenPreLoadMetaIsTrue" time="0"/>
  <testcase name="itShouldNotAccessThePrimaryRelationRoute" classname="com.versionone.sdk.unit.tests.ServicesConstructorWhenPreLoadMetaIsTrue" time="0"/>
  <testcase name="itShouldLetMeGetThePrimaryRelationType" classname="com.versionone.sdk.unit.tests.ServicesConstructorWhenPreLoadMetaIsTrue" time="0"/>
  <testcase name="itShouldNotAccessTheAssetTypeRoute" classname="com.versionone.sdk.unit.tests.ServicesConstructorWhenPreLoadMetaIsTrue" time="0"/>
  <testcase name="itShouldLetMeGetTheAssetTypeType" classname="com.versionone.sdk.unit.tests.ServicesConstructorWhenPreLoadMetaIsFalse" time="0.068"/>
  <testcase name="itShouldLetMeGetThePrimaryRelationType" classname="com.versionone.sdk.unit.tests.ServicesConstructorWhenPreLoadMetaIsFalse" time="0.1"/>
  <testcase name="itShouldNotCallFullMetaRoute" classname="com.versionone.sdk.unit.tests.ServicesConstructorWhenPreLoadMetaIsFalse" time="0.065"/>
  <testcase name="itShouldAccessThePrimaryRelationRoute" classname="com.versionone.sdk.unit.tests.ServicesConstructorWhenPreLoadMetaIsFalse" time="0.051"/>
  <testcase name="itShouldAccessTheAssetTypeRoute" classname="com.versionone.sdk.unit.tests.ServicesConstructorWhenPreLoadMetaIsFalse" time="0.052"/>
</testsuite>