<?xml version="1.0" encoding="UTF-8"?>
<testsuite xmlns:xsi="http://www.w3.org/2001/XMLSchema-instance" xsi:schemaLocation="https://maven.apache.org/surefire/maven-surefire-plugin/xsd/surefire-test-report.xsd" name="org.assertj.assertions.generator.util.ClassUtilTest" time="0.226" tests="36" errors="0" skipped="1" failures="0">
  <properties>
    <property name="java.runtime.name" value="OpenJDK Runtime Environment"/>
    <property name="sun.boot.library.path" value="/usr/local/openjdk-8/jre/lib/amd64"/>
    <property name="java.vm.version" value="25.262-b10"/>
    <property name="animal.sniffer.skip" value="true"/>
    <property name="java.vm.vendor" value="Oracle Corporation"/>
    <property name="maven.multiModuleProjectDirectory" value="/tmp/tmp0irtooj9/assertj-assertions-generator"/>
    <property name="maven.javadoc.skip" value="true"/>
    <property name="java.vendor.url" value="http://java.oracle.com/"/>
    <property name="path.separator" value=":"/>
    <property name="guice.disable.misplaced.annotation.check" value="true"/>
    <property name="java.vm.name" value="OpenJDK 64-Bit Server VM"/>
    <property name="file.encoding.pkg" value="sun.io"/>
    <property name="sun.java.launcher" value="SUN_STANDARD"/>
    <property name="sun.os.patch.level" value="unknown"/>
    <property name="source.skip" value="true"/>
    <property name="java.vm.specification.name" value="Java Virtual Machine Specification"/>
    <property name="user.dir" value="/tmp/tmp0irtooj9/assertj-assertions-generator"/>
    <property name="java.runtime.version" value="1.8.0_262-b10"/>
    <property name="java.awt.graphicsenv" value="sun.awt.X11GraphicsEnvironment"/>
    <property name="java.endorsed.dirs" value="/usr/local/openjdk-8/jre/lib/endorsed"/>
    <property name="os.arch" value="amd64"/>
    <property name="java.io.tmpdir" value="/tmp"/>
    <property name="line.separator" value="&#10;"/>
    <property name="java.vm.specification.vendor" value="Oracle Corporation"/>
    <property name="os.name" value="Linux"/>
    <property name="classworlds.conf" value="/usr/share/maven/bin/m2.conf"/>
    <property name="sun.jnu.encoding" value="UTF-8"/>
    <property name="java.library.path" value="/usr/java/packages/lib/amd64:/usr/lib64:/lib64:/lib:/usr/lib"/>
    <property name="license.skip" value="true"/>
    <property name="maven.conf" value="/usr/share/maven/conf"/>
    <property name="java.specification.name" value="Java Platform API Specification"/>
    <property name="java.class.version" value="52.0"/>
    <property name="sun.management.compiler" value="HotSpot 64-Bit Tiered Compilers"/>
    <property name="maven.test.failure.ignore" value="true"/>
    <property name="os.version" value="4.15.0-109-generic"/>
    <property name="library.jansi.path" value="/usr/share/maven/lib/jansi-native"/>
    <property name="user.home" value="/home/jdbl"/>
    <property name="user.timezone" value="Etc/UTC"/>
    <property name="java.awt.printerjob" value="sun.print.PSPrinterJob"/>
    <property name="java.specification.version" value="1.8"/>
    <property name="file.encoding" value="UTF-8"/>
    <property name="user.name" value="jdbl"/>
    <property name="java.class.path" value="/usr/share/maven/boot/plexus-classworlds-2.6.0.jar"/>
    <property name="java.vm.specification.version" value="1.8"/>
    <property name="sun.arch.data.model" value="64"/>
    <property name="java.home" value="/usr/local/openjdk-8/jre"/>
    <property name="sun.java.command" value="org.codehaus.plexus.classworlds.launcher.Launcher test -e --fail-never -ntp -Dmaven.test.failure.ignore=true -B -Dmaven.javadoc.skip=true -Drat.skip=true -Danimal.sniffer.skip=true -Dmaven.javadoc.skip=true -Dlicense.skip=true -Dsource.skip=true"/>
    <property name="java.specification.vendor" value="Oracle Corporation"/>
    <property name="user.language" value="en"/>
    <property name="awt.toolkit" value="sun.awt.X11.XToolkit"/>
    <property name="java.vm.info" value="mixed mode"/>
    <property name="java.version" value="1.8.0_262"/>
    <property name="java.ext.dirs" value="/usr/local/openjdk-8/jre/lib/ext:/usr/java/packages/lib/ext"/>
    <property name="securerandom.source" value="file:/dev/./urandom"/>
    <property name="sun.boot.class.path" value="/usr/local/openjdk-8/jre/lib/resources.jar:/usr/local/openjdk-8/jre/lib/rt.jar:/usr/local/openjdk-8/jre/lib/sunrsasign.jar:/usr/local/openjdk-8/jre/lib/jsse.jar:/usr/local/openjdk-8/jre/lib/jce.jar:/usr/local/openjdk-8/jre/lib/charsets.jar:/usr/local/openjdk-8/jre/lib/jfr.jar:/usr/local/openjdk-8/jre/classes"/>
    <property name="java.vendor" value="Oracle Corporation"/>
    <property name="rat.skip" value="true"/>
    <property name="maven.home" value="/usr/share/maven"/>
    <property name="file.separator" value="/"/>
    <property name="java.vendor.url.bug" value="http://bugreport.sun.com/bugreport/"/>
    <property name="sun.cpu.endian" value="little"/>
    <property name="sun.io.unicode.encoding" value="UnicodeLittle"/>
    <property name="sun.cpu.isalist" value=""/>
  </properties>
  <testcase name="can_properly_compute_Assert_types" classname="org.assertj.assertions.generator.util.ClassUtilTest" time="0"/>
  <testcase name="should_return_empty_collection_if_package_does_not_exist" classname="org.assertj.assertions.generator.util.ClassUtilTest" time="0.1"/>
  <testcase name="should_return_true_if_class_implements_iterable_interface" classname="org.assertj.assertions.generator.util.ClassUtilTest" time="0"/>
  <testcase name="properly_check_if_types_are_boolean" classname="org.assertj.assertions.generator.util.ClassUtilTest" time="0.001"/>
  <testcase name="java_lang_types_should_work_with_isJavaLangType" classname="org.assertj.assertions.generator.util.ClassUtilTest" time="0"/>
  <testcase name="getClass_on_wildcard_List_should_return_Integer_class" classname="org.assertj.assertions.generator.util.ClassUtilTest" time="0.002"/>
  <testcase name="should_return_false_if_string_does_not_follow_getter_name_pattern" classname="org.assertj.assertions.generator.util.ClassUtilTest" time="0"/>
  <testcase name="should_return_true_if_method_is_a_boolean_getter" classname="org.assertj.assertions.generator.util.ClassUtilTest" time="0"/>
  <testcase name="should_return_true_if_string_follows_getter_name_pattern" classname="org.assertj.assertions.generator.util.ClassUtilTest" time="0"/>
  <testcase name="should_return_true_if_method_is_a_standard_getter" classname="org.assertj.assertions.generator.util.ClassUtilTest" time="0"/>
  <testcase name="should_get_class_only" classname="org.assertj.assertions.generator.util.ClassUtilTest" time="0.005"/>
  <testcase name="getClassRelatedTo_on_generic_list_should_return_list_and_component_type" classname="org.assertj.assertions.generator.util.ClassUtilTest" time="0.001"/>
  <testcase name="testGetSimpleNameWithOuterClass_notNestedClass" classname="org.assertj.assertions.generator.util.ClassUtilTest" time="0"/>
  <testcase name="should_return_false_if_method_is_not_a_standard_getter" classname="org.assertj.assertions.generator.util.ClassUtilTest" time="0"/>
  <testcase name="should_return_property_of_getter_method" classname="org.assertj.assertions.generator.util.ClassUtilTest" time="0.001"/>
  <testcase name="getClass_on_parameterized_List_should_return_Integer_class" classname="org.assertj.assertions.generator.util.ClassUtilTest" time="0"/>
  <testcase name="should_check_that_nested_packages_work" classname="org.assertj.assertions.generator.util.ClassUtilTest" time="0.001"/>
  <testcase name="should_get_classes_with_provided_class_loader" classname="org.assertj.assertions.generator.util.ClassUtilTest" time="0.03"/>
  <testcase name="should_get_private_classes_when_included" classname="org.assertj.assertions.generator.util.ClassUtilTest" time="0.031"/>
  <testcase name="getClass_on_variable_type_should_return_null" classname="org.assertj.assertions.generator.util.ClassUtilTest" time="0.001"/>
  <testcase name="should_also_return_inherited_getters_methods" classname="org.assertj.assertions.generator.util.ClassUtilTest" time="0.002"/>
  <testcase name="should_get_nested_classes" classname="org.assertj.assertions.generator.util.ClassUtilTest" time="0">
    <skipped/>
  </testcase>
  <testcase name="should_throw_exception_when_classLoader_null" classname="org.assertj.assertions.generator.util.ClassUtilTest" time="0"/>
  <testcase name="should_return_predicate_prefix" classname="org.assertj.assertions.generator.util.ClassUtilTest" time="0"/>
  <testcase name="should_return_getters_methods_only" classname="org.assertj.assertions.generator.util.ClassUtilTest" time="0.001"/>
  <testcase name="getClassRelatedTo_on_non_generic_type_should_return_given_type" classname="org.assertj.assertions.generator.util.ClassUtilTest" time="0"/>
  <testcase name="should_get_classes_in_package_and_subpackages" classname="org.assertj.assertions.generator.util.ClassUtilTest" time="0.032"/>
  <testcase name="should_determine_fields_visibility" classname="org.assertj.assertions.generator.util.ClassUtilTest" time="0.004"/>
  <testcase name="getClass_on_generic_should_return_Number_class" classname="org.assertj.assertions.generator.util.ClassUtilTest" time="0"/>
  <testcase name="should_return_negative_predicate" classname="org.assertj.assertions.generator.util.ClassUtilTest" time="0.001"/>
  <testcase name="resolve_type_name_in_package" classname="org.assertj.assertions.generator.util.ClassUtilTest" time="0.002"/>
  <testcase name="getClass_on_parameterized_List_should_return_List_class" classname="org.assertj.assertions.generator.util.ClassUtilTest" time="0"/>
  <testcase name="should_return_all_fields_in_hierarchy_except_Object_fields" classname="org.assertj.assertions.generator.util.ClassUtilTest" time="0.007"/>
  <testcase name="should_return_false_if_method_is_not_a_boolean_getter" classname="org.assertj.assertions.generator.util.ClassUtilTest" time="0"/>
  <testcase name="should_not_return_inherited_getters_methods" classname="org.assertj.assertions.generator.util.ClassUtilTest" time="0.001"/>
  <testcase name="should_return_inner_class_name_with_outer_class_name" classname="org.assertj.assertions.generator.util.ClassUtilTest" time="0.001"/>
</testsuite>