<?xml version="1.0" encoding="UTF-8"?>
<testsuite xmlns:xsi="http://www.w3.org/2001/XMLSchema-instance" xsi:schemaLocation="https://maven.apache.org/surefire/maven-surefire-plugin/xsd/surefire-test-report.xsd" name="TestSuite" time="4.744" tests="1662" errors="0" skipped="0" failures="0">
  <properties>
    <property name="java.runtime.name" value="OpenJDK Runtime Environment"/>
    <property name="sun.boot.library.path" value="/usr/local/openjdk-8/jre/lib/amd64"/>
    <property name="java.vm.version" value="25.262-b10"/>
    <property name="animal.sniffer.skip" value="true"/>
    <property name="java.vm.vendor" value="Oracle Corporation"/>
    <property name="maven.multiModuleProjectDirectory" value="/tmp/tmp7wd_x016/smbj-rpc"/>
    <property name="maven.javadoc.skip" value="true"/>
    <property name="java.vendor.url" value="http://java.oracle.com/"/>
    <property name="path.separator" value=":"/>
    <property name="guice.disable.misplaced.annotation.check" value="true"/>
    <property name="java.vm.name" value="OpenJDK 64-Bit Server VM"/>
    <property name="file.encoding.pkg" value="sun.io"/>
    <property name="sun.java.launcher" value="SUN_STANDARD"/>
    <property name="sun.os.patch.level" value="unknown"/>
    <property name="source.skip" value="true"/>
    <property name="java.vm.specification.name" value="Java Virtual Machine Specification"/>
    <property name="user.dir" value="/tmp/tmp7wd_x016/smbj-rpc"/>
    <property name="java.runtime.version" value="1.8.0_262-b10"/>
    <property name="java.awt.graphicsenv" value="sun.awt.X11GraphicsEnvironment"/>
    <property name="java.endorsed.dirs" value="/usr/local/openjdk-8/jre/lib/endorsed"/>
    <property name="os.arch" value="amd64"/>
    <property name="java.io.tmpdir" value="/tmp"/>
    <property name="line.separator" value="&#10;"/>
    <property name="java.vm.specification.vendor" value="Oracle Corporation"/>
    <property name="os.name" value="Linux"/>
    <property name="classworlds.conf" value="/usr/share/maven/bin/m2.conf"/>
    <property name="sun.jnu.encoding" value="UTF-8"/>
    <property name="java.library.path" value="/usr/java/packages/lib/amd64:/usr/lib64:/lib64:/lib:/usr/lib"/>
    <property name="license.skip" value="true"/>
    <property name="maven.conf" value="/usr/share/maven/conf"/>
    <property name="java.specification.name" value="Java Platform API Specification"/>
    <property name="java.class.version" value="52.0"/>
    <property name="sun.management.compiler" value="HotSpot 64-Bit Tiered Compilers"/>
    <property name="maven.test.failure.ignore" value="true"/>
    <property name="os.version" value="4.15.0-109-generic"/>
    <property name="library.jansi.path" value="/usr/share/maven/lib/jansi-native"/>
    <property name="user.home" value="/home/jdbl"/>
    <property name="user.timezone" value="Etc/UTC"/>
    <property name="java.awt.printerjob" value="sun.print.PSPrinterJob"/>
    <property name="java.specification.version" value="1.8"/>
    <property name="file.encoding" value="UTF-8"/>
    <property name="user.name" value="jdbl"/>
    <property name="java.class.path" value="/usr/share/maven/boot/plexus-classworlds-2.6.0.jar"/>
    <property name="java.vm.specification.version" value="1.8"/>
    <property name="sun.arch.data.model" value="64"/>
    <property name="java.home" value="/usr/local/openjdk-8/jre"/>
    <property name="sun.java.command" value="org.codehaus.plexus.classworlds.launcher.Launcher test -e --fail-never -ntp -Dmaven.test.failure.ignore=true -B -Dmaven.javadoc.skip=true -Drat.skip=true -Danimal.sniffer.skip=true -Dmaven.javadoc.skip=true -Dlicense.skip=true -Dsource.skip=true"/>
    <property name="java.specification.vendor" value="Oracle Corporation"/>
    <property name="user.language" value="en"/>
    <property name="awt.toolkit" value="sun.awt.X11.XToolkit"/>
    <property name="java.vm.info" value="mixed mode"/>
    <property name="java.version" value="1.8.0_262"/>
    <property name="java.ext.dirs" value="/usr/local/openjdk-8/jre/lib/ext:/usr/java/packages/lib/ext"/>
    <property name="securerandom.source" value="file:/dev/./urandom"/>
    <property name="sun.boot.class.path" value="/usr/local/openjdk-8/jre/lib/resources.jar:/usr/local/openjdk-8/jre/lib/rt.jar:/usr/local/openjdk-8/jre/lib/sunrsasign.jar:/usr/local/openjdk-8/jre/lib/jsse.jar:/usr/local/openjdk-8/jre/lib/jce.jar:/usr/local/openjdk-8/jre/lib/charsets.jar:/usr/local/openjdk-8/jre/lib/jfr.jar:/usr/local/openjdk-8/jre/classes"/>
    <property name="java.vendor" value="Oracle Corporation"/>
    <property name="rat.skip" value="true"/>
    <property name="maven.home" value="/usr/share/maven"/>
    <property name="file.separator" value="/"/>
    <property name="java.vendor.url.bug" value="http://bugreport.sun.com/bugreport/"/>
    <property name="sun.cpu.endian" value="little"/>
    <property name="sun.io.unicode.encoding" value="UnicodeLittle"/>
    <property name="sun.cpu.isalist" value=""/>
  </properties>
  <testcase name="unmarshal" classname="com.rapid7.client.dcerpc.msrrp.messages.Test_HandleResponse" time="0.38"/>
  <testcase name="unmarshal_WrongSize" classname="com.rapid7.client.dcerpc.msrrp.messages.Test_HandleResponse" time="0"/>
  <testcase name="canonicalize" classname="com.rapid7.client.dcerpc.msrrp.Test_RegistryService" time="0.23"/>
  <testcase name="constructorNullTransport" classname="com.rapid7.client.dcerpc.msrrp.Test_RegistryService" time="0"/>
  <testcase name="doesHiveExistUnknown" classname="com.rapid7.client.dcerpc.msrrp.Test_RegistryService" time="0.152"/>
  <testcase name="doesHiveWithEmptyKeyExistNo" classname="com.rapid7.client.dcerpc.msrrp.Test_RegistryService" time="0.006"/>
  <testcase name="doesHiveWithEmptyKeyExistYes" classname="com.rapid7.client.dcerpc.msrrp.Test_RegistryService" time="0.002"/>
  <testcase name="doesHiveWithNullKeyExistNo" classname="com.rapid7.client.dcerpc.msrrp.Test_RegistryService" time="0.002"/>
  <testcase name="doesHiveWithNullKeyExistYes" classname="com.rapid7.client.dcerpc.msrrp.Test_RegistryService" time="0.001"/>
  <testcase name="doesKeyExistNo" classname="com.rapid7.client.dcerpc.msrrp.Test_RegistryService" time="0.006"/>
  <testcase name="doesKeyExistUnknown" classname="com.rapid7.client.dcerpc.msrrp.Test_RegistryService" time="0.002"/>
  <testcase name="doesKeyExistWithEmptyHiveName" classname="com.rapid7.client.dcerpc.msrrp.Test_RegistryService" time="0"/>
  <testcase name="doesKeyExistWithNullHiveName" classname="com.rapid7.client.dcerpc.msrrp.Test_RegistryService" time="0.001"/>
  <testcase name="doesKeyExistYes" classname="com.rapid7.client.dcerpc.msrrp.Test_RegistryService" time="0.002"/>
  <testcase name="doesValueExistNo" classname="com.rapid7.client.dcerpc.msrrp.Test_RegistryService" time="0.011"/>
  <testcase name="doesValueExistUnknown" classname="com.rapid7.client.dcerpc.msrrp.Test_RegistryService" time="0.002"/>
  <testcase name="doesValueExistWithEmptyHiveName" classname="com.rapid7.client.dcerpc.msrrp.Test_RegistryService" time="0.001"/>
  <testcase name="doesValueExistWithEmptyKeyName" classname="com.rapid7.client.dcerpc.msrrp.Test_RegistryService" time="0.021"/>
  <testcase name="doesValueExistWithEmptyName" classname="com.rapid7.client.dcerpc.msrrp.Test_RegistryService" time="0.003"/>
  <testcase name="doesValueExistWithNullHiveName" classname="com.rapid7.client.dcerpc.msrrp.Test_RegistryService" time="0"/>
  <testcase name="doesValueExistWithNullKeyName" classname="com.rapid7.client.dcerpc.msrrp.Test_RegistryService" time="0"/>
  <testcase name="doesValueExistWithNullName" classname="com.rapid7.client.dcerpc.msrrp.Test_RegistryService" time="0.005"/>
  <testcase name="doesValueExistYes" classname="com.rapid7.client.dcerpc.msrrp.Test_RegistryService" time="0"/>
  <testcase name="getKeyInfo" classname="com.rapid7.client.dcerpc.msrrp.Test_RegistryService" time="0.033"/>
  <testcase name="getKeyInfoWhenHiveDoesNotExistWithEmptyKey" classname="com.rapid7.client.dcerpc.msrrp.Test_RegistryService" time="0.001"/>
  <testcase name="getKeyInfoWhenHiveDoesNotExistWithNullKey" classname="com.rapid7.client.dcerpc.msrrp.Test_RegistryService" time="0.001"/>
  <testcase name="getKeyInfoWhenKeyDoesNotExist" classname="com.rapid7.client.dcerpc.msrrp.Test_RegistryService" time="0.001"/>
  <testcase name="getKeyInfoWithEmptyHive" classname="com.rapid7.client.dcerpc.msrrp.Test_RegistryService" time="0"/>
  <testcase name="getKeyInfoWithNullHive" classname="com.rapid7.client.dcerpc.msrrp.Test_RegistryService" time="0"/>
  <testcase name="getSubKeys" classname="com.rapid7.client.dcerpc.msrrp.Test_RegistryService" time="0.028"/>
  <testcase name="getSubKeysWhenEmpty" classname="com.rapid7.client.dcerpc.msrrp.Test_RegistryService" time="0.002"/>
  <testcase name="getSubKeysWhenHiveDoesNotExistWithEmptyKey" classname="com.rapid7.client.dcerpc.msrrp.Test_RegistryService" time="0.001"/>
  <testcase name="getSubKeysWhenHiveDoesNotExistWithNullKey" classname="com.rapid7.client.dcerpc.msrrp.Test_RegistryService" time="0.001"/>
  <testcase name="getSubKeysWhenKeyDoesNotExist" classname="com.rapid7.client.dcerpc.msrrp.Test_RegistryService" time="0.002"/>
  <testcase name="getSubKeysWithEmptyHive" classname="com.rapid7.client.dcerpc.msrrp.Test_RegistryService" time="0"/>
  <testcase name="getSubKeysWithNullHive" classname="com.rapid7.client.dcerpc.msrrp.Test_RegistryService" time="0.003"/>
  <testcase name="getValue" classname="com.rapid7.client.dcerpc.msrrp.Test_RegistryService" time="0.004"/>
  <testcase name="getValueWhenDoesNotExist" classname="com.rapid7.client.dcerpc.msrrp.Test_RegistryService" time="0.002"/>
  <testcase name="getValueWhenHiveDoesNotExistWithEmptyKey" classname="com.rapid7.client.dcerpc.msrrp.Test_RegistryService" time="0.001"/>
  <testcase name="getValueWhenHiveDoesNotExistWithNullKey" classname="com.rapid7.client.dcerpc.msrrp.Test_RegistryService" time="0.001"/>
  <testcase name="getValueWhenKeyDoesNotExist" classname="com.rapid7.client.dcerpc.msrrp.Test_RegistryService" time="0"/>
  <testcase name="getValueWithEmptyHive" classname="com.rapid7.client.dcerpc.msrrp.Test_RegistryService" time="0"/>
  <testcase name="getValueWithEmptyName" classname="com.rapid7.client.dcerpc.msrrp.Test_RegistryService" time="0"/>
  <testcase name="getValueWithNullHive" classname="com.rapid7.client.dcerpc.msrrp.Test_RegistryService" time="0"/>
  <testcase name="getValueWithNullName" classname="com.rapid7.client.dcerpc.msrrp.Test_RegistryService" time="0.002"/>
  <testcase name="getValues" classname="com.rapid7.client.dcerpc.msrrp.Test_RegistryService" time="0.01"/>
  <testcase name="getValuesWhenEmpty" classname="com.rapid7.client.dcerpc.msrrp.Test_RegistryService" time="0.002"/>
  <testcase name="getValuesWhenHiveDoesNotExistWithEmptyKey" classname="com.rapid7.client.dcerpc.msrrp.Test_RegistryService" time="0.001"/>
  <testcase name="getValuesWhenHiveDoesNotExistWithNullKey" classname="com.rapid7.client.dcerpc.msrrp.Test_RegistryService" time="0.009"/>
  <testcase name="getValuesWhenKeyDoesNotExist" classname="com.rapid7.client.dcerpc.msrrp.Test_RegistryService" time="0.001"/>
  <testcase name="getValuesWithEmptyHive" classname="com.rapid7.client.dcerpc.msrrp.Test_RegistryService" time="0"/>
  <testcase name="getValuesWithNullHive" classname="com.rapid7.client.dcerpc.msrrp.Test_RegistryService" time="0"/>
  <testcase name="openHive" classname="com.rapid7.client.dcerpc.msrrp.Test_RegistryService" time="0.001"/>
  <testcase name="openHiveCached" classname="com.rapid7.client.dcerpc.msrrp.Test_RegistryService" time="0.001"/>
  <testcase name="openHiveNotCached" classname="com.rapid7.client.dcerpc.msrrp.Test_RegistryService" time="0.001"/>
  <testcase name="openHiveWhenHiveDoesNotExist" classname="com.rapid7.client.dcerpc.msrrp.Test_RegistryService" time="0.001"/>
  <testcase name="openHiveWithEmptyHiveName" classname="com.rapid7.client.dcerpc.msrrp.Test_RegistryService" time="0.001"/>
  <testcase name="openHiveWithNullHiveName" classname="com.rapid7.client.dcerpc.msrrp.Test_RegistryService" time="0"/>
  <testcase name="openKey" classname="com.rapid7.client.dcerpc.msrrp.Test_RegistryService" time="0.001"/>
  <testcase name="openKeyCached" classname="com.rapid7.client.dcerpc.msrrp.Test_RegistryService" time="0.001"/>
  <testcase name="openKeyNotCached" classname="com.rapid7.client.dcerpc.msrrp.Test_RegistryService" time="0.002"/>
  <testcase name="openKeyWhenHiveDoesNotExist" classname="com.rapid7.client.dcerpc.msrrp.Test_RegistryService" time="0.001"/>
  <testcase name="openKeyWhenKeyDoesNotExist" classname="com.rapid7.client.dcerpc.msrrp.Test_RegistryService" time="0.001"/>
  <testcase name="openKeyWithEmptyHiveName" classname="com.rapid7.client.dcerpc.msrrp.Test_RegistryService" time="0.001"/>
  <testcase name="openKeyWithEmptyKeyName" classname="com.rapid7.client.dcerpc.msrrp.Test_RegistryService" time="0.001"/>
  <testcase name="openKeyWithNullHiveName" classname="com.rapid7.client.dcerpc.msrrp.Test_RegistryService" time="0"/>
  <testcase name="openKeyWithNullKeyName" classname="com.rapid7.client.dcerpc.msrrp.Test_RegistryService" time="0.001"/>
  <testcase name="test_equals" classname="com.rapid7.client.dcerpc.mssrvs.objects.Test_ShareInfo501" time="0.003"/>
  <testcase name="test_getters" classname="com.rapid7.client.dcerpc.mssrvs.objects.Test_ShareInfo501" time="0"/>
  <testcase name="test_hashCode" classname="com.rapid7.client.dcerpc.mssrvs.objects.Test_ShareInfo501" time="0"/>
  <testcase name="test_setters" classname="com.rapid7.client.dcerpc.mssrvs.objects.Test_ShareInfo501" time="0"/>
  <testcase name="test_toString" classname="com.rapid7.client.dcerpc.mssrvs.objects.Test_ShareInfo501" time="0"/>
  <testcase name="test_toString_default" classname="com.rapid7.client.dcerpc.mssrvs.objects.Test_ShareInfo501" time="0"/>
  <testcase name="test_unmarshalDeferrals" classname="com.rapid7.client.dcerpc.mssrvs.objects.Test_ShareInfo501" time="0"/>
  <testcase name="test_unmarshalDeferrals" classname="com.rapid7.client.dcerpc.mssrvs.objects.Test_ShareInfo501" time="0.001"/>
  <testcase name="test_unmarshalEntity" classname="com.rapid7.client.dcerpc.mssrvs.objects.Test_ShareInfo501" time="0"/>
  <testcase name="test_unmarshalEntity" classname="com.rapid7.client.dcerpc.mssrvs.objects.Test_ShareInfo501" time="0"/>
  <testcase name="test_unmarshalPreamble" classname="com.rapid7.client.dcerpc.mssrvs.objects.Test_ShareInfo501" time="0"/>
  <testcase name="test_getInfoLevel" classname="com.rapid7.client.dcerpc.mssrvs.objects.Test_ShareEnumLevel" time="0"/>
  <testcase name="test_getInfoLevel" classname="com.rapid7.client.dcerpc.mssrvs.objects.Test_ShareEnumLevel" time="0"/>
  <testcase name="test_getInfoLevel" classname="com.rapid7.client.dcerpc.mssrvs.objects.Test_ShareEnumLevel" time="0"/>
  <testcase name="test_getInfoLevel" classname="com.rapid7.client.dcerpc.mssrvs.objects.Test_ShareEnumLevel" time="0"/>
  <testcase name="test_getInfoLevel" classname="com.rapid7.client.dcerpc.mssrvs.objects.Test_ShareEnumLevel" time="0"/>
  <testcase name="test_getInfoLevel" classname="com.rapid7.client.dcerpc.mssrvs.objects.Test_ShareEnumLevel" time="0"/>
  <testcase name="test_equals" classname="com.rapid7.client.dcerpc.mssrvs.objects.Test_ShareInfo502" time="0.024"/>
  <testcase name="test_getters" classname="com.rapid7.client.dcerpc.mssrvs.objects.Test_ShareInfo502" time="0"/>
  <testcase name="test_hashCode" classname="com.rapid7.client.dcerpc.mssrvs.objects.Test_ShareInfo502" time="0.001"/>
  <testcase name="test_setters" classname="com.rapid7.client.dcerpc.mssrvs.objects.Test_ShareInfo502" time="0"/>
  <testcase name="test_toString" classname="com.rapid7.client.dcerpc.mssrvs.objects.Test_ShareInfo502" time="0.001"/>
  <testcase name="test_toString_default" classname="com.rapid7.client.dcerpc.mssrvs.objects.Test_ShareInfo502" time="0"/>
  <testcase name="test_unmarshalDeferrals" classname="com.rapid7.client.dcerpc.mssrvs.objects.Test_ShareInfo502" time="0"/>
  <testcase name="test_unmarshalDeferrals" classname="com.rapid7.client.dcerpc.mssrvs.objects.Test_ShareInfo502" time="0.001"/>
  <testcase name="test_unmarshalEntity" classname="com.rapid7.client.dcerpc.mssrvs.objects.Test_ShareInfo502" time="0"/>
  <testcase name="test_unmarshalEntity" classname="com.rapid7.client.dcerpc.mssrvs.objects.Test_ShareInfo502" time="0"/>
  <testcase name="test_unmarshalPreamble" classname="com.rapid7.client.dcerpc.mssrvs.objects.Test_ShareInfo502" time="0"/>
  <testcase name="test_equals" classname="com.rapid7.client.dcerpc.mssrvs.objects.Test_ShareInfo0" time="0"/>
  <testcase name="test_getters" classname="com.rapid7.client.dcerpc.mssrvs.objects.Test_ShareInfo0" time="0"/>
  <testcase name="test_hashCode" classname="com.rapid7.client.dcerpc.mssrvs.objects.Test_ShareInfo0" time="0"/>
  <testcase name="test_setters" classname="com.rapid7.client.dcerpc.mssrvs.objects.Test_ShareInfo0" time="0"/>
  <testcase name="test_toString" classname="com.rapid7.client.dcerpc.mssrvs.objects.Test_ShareInfo0" time="0"/>
  <testcase name="test_toString_default" classname="com.rapid7.client.dcerpc.mssrvs.objects.Test_ShareInfo0" time="0.001"/>
  <testcase name="test_unmarshalDeferrals" classname="com.rapid7.client.dcerpc.mssrvs.objects.Test_ShareInfo0" time="0"/>
  <testcase name="test_unmarshalDeferrals" classname="com.rapid7.client.dcerpc.mssrvs.objects.Test_ShareInfo0" time="0.001"/>
  <testcase name="test_unmarshalDeferrals" classname="com.rapid7.client.dcerpc.mssrvs.objects.Test_ShareInfo0" time="0"/>
  <testcase name="test_unmarshalDeferrals" classname="com.rapid7.client.dcerpc.mssrvs.objects.Test_ShareInfo0" time="0"/>
  <testcase name="test_unmarshalDeferrals" classname="com.rapid7.client.dcerpc.mssrvs.objects.Test_ShareInfo0" time="0.001"/>
  <testcase name="test_unmarshalEntity" classname="com.rapid7.client.dcerpc.mssrvs.objects.Test_ShareInfo0" time="0"/>
  <testcase name="test_unmarshalEntity" classname="com.rapid7.client.dcerpc.mssrvs.objects.Test_ShareInfo0" time="0"/>
  <testcase name="test_unmarshalEntity" classname="com.rapid7.client.dcerpc.mssrvs.objects.Test_ShareInfo0" time="0"/>
  <testcase name="test_unmarshalEntity" classname="com.rapid7.client.dcerpc.mssrvs.objects.Test_ShareInfo0" time="0"/>
  <testcase name="test_unmarshalEntity" classname="com.rapid7.client.dcerpc.mssrvs.objects.Test_ShareInfo0" time="0"/>
  <testcase name="test_unmarshalPreamble" classname="com.rapid7.client.dcerpc.mssrvs.objects.Test_ShareInfo0" time="0"/>
  <testcase name="test_equals" classname="com.rapid7.client.dcerpc.mssrvs.objects.Test_ShareInfo1" time="0.001"/>
  <testcase name="test_getters" classname="com.rapid7.client.dcerpc.mssrvs.objects.Test_ShareInfo1" time="0"/>
  <testcase name="test_hashCode" classname="com.rapid7.client.dcerpc.mssrvs.objects.Test_ShareInfo1" time="0"/>
  <testcase name="test_setters" classname="com.rapid7.client.dcerpc.mssrvs.objects.Test_ShareInfo1" time="0"/>
  <testcase name="test_toString" classname="com.rapid7.client.dcerpc.mssrvs.objects.Test_ShareInfo1" time="0"/>
  <testcase name="test_toString_default" classname="com.rapid7.client.dcerpc.mssrvs.objects.Test_ShareInfo1" time="0"/>
  <testcase name="test_unmarshalDeferrals" classname="com.rapid7.client.dcerpc.mssrvs.objects.Test_ShareInfo1" time="0"/>
  <testcase name="test_unmarshalDeferrals" classname="com.rapid7.client.dcerpc.mssrvs.objects.Test_ShareInfo1" time="0.001"/>
  <testcase name="test_unmarshalEntity" classname="com.rapid7.client.dcerpc.mssrvs.objects.Test_ShareInfo1" time="0"/>
  <testcase name="test_unmarshalEntity" classname="com.rapid7.client.dcerpc.mssrvs.objects.Test_ShareInfo1" time="0"/>
  <testcase name="test_unmarshalPreamble" classname="com.rapid7.client.dcerpc.mssrvs.objects.Test_ShareInfo1" time="0.001"/>
  <testcase name="test_equals" classname="com.rapid7.client.dcerpc.mssrvs.objects.Test_ShareInfo2" time="0.002"/>
  <testcase name="test_getters" classname="com.rapid7.client.dcerpc.mssrvs.objects.Test_ShareInfo2" time="0"/>
  <testcase name="test_hashCode" classname="com.rapid7.client.dcerpc.mssrvs.objects.Test_ShareInfo2" time="0.001"/>
  <testcase name="test_setters" classname="com.rapid7.client.dcerpc.mssrvs.objects.Test_ShareInfo2" time="0"/>
  <testcase name="test_toString" classname="com.rapid7.client.dcerpc.mssrvs.objects.Test_ShareInfo2" time="0"/>
  <testcase name="test_toString_default" classname="com.rapid7.client.dcerpc.mssrvs.objects.Test_ShareInfo2" time="0.001"/>
  <testcase name="test_unmarshalDeferrals" classname="com.rapid7.client.dcerpc.mssrvs.objects.Test_ShareInfo2" time="0"/>
  <testcase name="test_unmarshalDeferrals" classname="com.rapid7.client.dcerpc.mssrvs.objects.Test_ShareInfo2" time="0"/>
  <testcase name="test_unmarshalEntity" classname="com.rapid7.client.dcerpc.mssrvs.objects.Test_ShareInfo2" time="0.01"/>
  <testcase name="test_unmarshalEntity" classname="com.rapid7.client.dcerpc.mssrvs.objects.Test_ShareInfo2" time="0"/>
  <testcase name="test_unmarshalPreamble" classname="com.rapid7.client.dcerpc.mssrvs.objects.Test_ShareInfo2" time="0"/>
  <testcase name="test_getInfoLevel" classname="com.rapid7.client.dcerpc.mssrvs.objects.Test_ShareInfoLevel" time="0"/>
  <testcase name="test_getInfoLevel" classname="com.rapid7.client.dcerpc.mssrvs.objects.Test_ShareInfoLevel" time="0"/>
  <testcase name="test_getInfoLevel" classname="com.rapid7.client.dcerpc.mssrvs.objects.Test_ShareInfoLevel" time="0"/>
  <testcase name="test_getInfoLevel" classname="com.rapid7.client.dcerpc.mssrvs.objects.Test_ShareInfoLevel" time="0"/>
  <testcase name="test_getInfoLevel" classname="com.rapid7.client.dcerpc.mssrvs.objects.Test_ShareInfoLevel" time="0"/>
  <testcase name="test_getInfoLevel" classname="com.rapid7.client.dcerpc.mssrvs.objects.Test_ShareInfoLevel" time="0"/>
  <testcase name="test_unmarshalDeferrals" classname="com.rapid7.client.dcerpc.mssrvs.objects.Test_ShareEnumStruct" time="0.053"/>
  <testcase name="test_unmarshalDeferrals" classname="com.rapid7.client.dcerpc.mssrvs.objects.Test_ShareEnumStruct" time="0"/>
  <testcase name="test_unmarshalEntity" classname="com.rapid7.client.dcerpc.mssrvs.objects.Test_ShareEnumStruct" time="0"/>
  <testcase name="test_unmarshalEntity" classname="com.rapid7.client.dcerpc.mssrvs.objects.Test_ShareEnumStruct" time="0"/>
  <testcase name="test_unmarshalEntity" classname="com.rapid7.client.dcerpc.mssrvs.objects.Test_ShareEnumStruct" time="0"/>
  <testcase name="test_unmarshalEntity" classname="com.rapid7.client.dcerpc.mssrvs.objects.Test_ShareEnumStruct" time="0"/>
  <testcase name="test_unmarshalEntity" classname="com.rapid7.client.dcerpc.mssrvs.objects.Test_ShareEnumStruct" time="0"/>
  <testcase name="test_unmarshalEntity" classname="com.rapid7.client.dcerpc.mssrvs.objects.Test_ShareEnumStruct" time="0"/>
  <testcase name="test_unmarshalEntity" classname="com.rapid7.client.dcerpc.mssrvs.objects.Test_ShareEnumStruct" time="0"/>
  <testcase name="test_unmarshalEntity" classname="com.rapid7.client.dcerpc.mssrvs.objects.Test_ShareEnumStruct" time="0"/>
  <testcase name="test_unmarshalEntity" classname="com.rapid7.client.dcerpc.mssrvs.objects.Test_ShareEnumStruct" time="0"/>
  <testcase name="test_unmarshalEntity" classname="com.rapid7.client.dcerpc.mssrvs.objects.Test_ShareEnumStruct" time="0"/>
  <testcase name="test_unmarshalEntity" classname="com.rapid7.client.dcerpc.mssrvs.objects.Test_ShareEnumStruct" time="0.002"/>
  <testcase name="test_unmarshalEntity" classname="com.rapid7.client.dcerpc.mssrvs.objects.Test_ShareEnumStruct" time="0"/>
  <testcase name="test_unmarshalEntity_levelMismatch1" classname="com.rapid7.client.dcerpc.mssrvs.objects.Test_ShareEnumStruct" time="0"/>
  <testcase name="test_unmarshalEntity_levelMismatch1" classname="com.rapid7.client.dcerpc.mssrvs.objects.Test_ShareEnumStruct" time="0"/>
  <testcase name="test_unmarshalEntity_levelMismatch1" classname="com.rapid7.client.dcerpc.mssrvs.objects.Test_ShareEnumStruct" time="0"/>
  <testcase name="test_unmarshalEntity_levelMismatch1" classname="com.rapid7.client.dcerpc.mssrvs.objects.Test_ShareEnumStruct" time="0"/>
  <testcase name="test_unmarshalEntity_levelMismatch1" classname="com.rapid7.client.dcerpc.mssrvs.objects.Test_ShareEnumStruct" time="0"/>
  <testcase name="test_unmarshalEntity_levelMismatch1" classname="com.rapid7.client.dcerpc.mssrvs.objects.Test_ShareEnumStruct" time="0"/>
  <testcase name="test_unmarshalEntity_levelMismatch2" classname="com.rapid7.client.dcerpc.mssrvs.objects.Test_ShareEnumStruct" time="0"/>
  <testcase name="test_unmarshalEntity_levelMismatch2" classname="com.rapid7.client.dcerpc.mssrvs.objects.Test_ShareEnumStruct" time="0"/>
  <testcase name="test_unmarshalEntity_levelMismatch2" classname="com.rapid7.client.dcerpc.mssrvs.objects.Test_ShareEnumStruct" time="0.001"/>
  <testcase name="test_unmarshalEntity_levelMismatch2" classname="com.rapid7.client.dcerpc.mssrvs.objects.Test_ShareEnumStruct" time="0"/>
  <testcase name="test_unmarshalEntity_levelMismatch2" classname="com.rapid7.client.dcerpc.mssrvs.objects.Test_ShareEnumStruct" time="0"/>
  <testcase name="test_unmarshalEntity_levelMismatch2" classname="com.rapid7.client.dcerpc.mssrvs.objects.Test_ShareEnumStruct" time="0"/>
  <testcase name="test_unmarshalPreamble" classname="com.rapid7.client.dcerpc.mssrvs.objects.Test_ShareEnumStruct" time="0"/>
  <testcase name="test_unmarshalPreamble" classname="com.rapid7.client.dcerpc.mssrvs.objects.Test_ShareEnumStruct" time="0"/>
  <testcase name="test_unmarshalPreamble" classname="com.rapid7.client.dcerpc.mssrvs.objects.Test_ShareEnumStruct" time="0"/>
  <testcase name="test_unmarshalPreamble" classname="com.rapid7.client.dcerpc.mssrvs.objects.Test_ShareEnumStruct" time="0"/>
  <testcase name="test_unmarshalPreamble" classname="com.rapid7.client.dcerpc.mssrvs.objects.Test_ShareEnumStruct" time="0"/>
  <testcase name="test_unmarshalPreamble" classname="com.rapid7.client.dcerpc.mssrvs.objects.Test_ShareEnumStruct" time="0"/>
  <testcase name="test_equals" classname="com.rapid7.client.dcerpc.mssrvs.objects.Test_ShareInfo503" time="0.003"/>
  <testcase name="test_getters" classname="com.rapid7.client.dcerpc.mssrvs.objects.Test_ShareInfo503" time="0"/>
  <testcase name="test_hashCode" classname="com.rapid7.client.dcerpc.mssrvs.objects.Test_ShareInfo503" time="0.001"/>
  <testcase name="test_setters" classname="com.rapid7.client.dcerpc.mssrvs.objects.Test_ShareInfo503" time="0"/>
  <testcase name="test_toString" classname="com.rapid7.client.dcerpc.mssrvs.objects.Test_ShareInfo503" time="0.001"/>
  <testcase name="test_toString_default" classname="com.rapid7.client.dcerpc.mssrvs.objects.Test_ShareInfo503" time="0"/>
  <testcase name="test_unmarshalDeferrals" classname="com.rapid7.client.dcerpc.mssrvs.objects.Test_ShareInfo503" time="0.001"/>
  <testcase name="test_unmarshalDeferrals" classname="com.rapid7.client.dcerpc.mssrvs.objects.Test_ShareInfo503" time="0"/>
  <testcase name="test_unmarshalEntity" classname="com.rapid7.client.dcerpc.mssrvs.objects.Test_ShareInfo503" time="0"/>
  <testcase name="test_unmarshalEntity" classname="com.rapid7.client.dcerpc.mssrvs.objects.Test_ShareInfo503" time="0"/>
  <testcase name="test_unmarshalPreamble" classname="com.rapid7.client.dcerpc.mssrvs.objects.Test_ShareInfo503" time="0"/>
  <testcase name="test_unmarshalEntity" classname="com.rapid7.client.dcerpc.mssrvs.objects.Test_ShareInfoContainer" time="0.001"/>
  <testcase name="test_unmarshalEntity" classname="com.rapid7.client.dcerpc.mssrvs.objects.Test_ShareInfoContainer" time="0"/>
  <testcase name="test_unmarshalEntity" classname="com.rapid7.client.dcerpc.mssrvs.objects.Test_ShareInfoContainer" time="0"/>
  <testcase name="test_unmarshalEntity" classname="com.rapid7.client.dcerpc.mssrvs.objects.Test_ShareInfoContainer" time="0.001"/>
  <testcase name="test_unmarshalEntity" classname="com.rapid7.client.dcerpc.mssrvs.objects.Test_ShareInfoContainer" time="0.003"/>
  <testcase name="test_unmarshalEntity" classname="com.rapid7.client.dcerpc.mssrvs.objects.Test_ShareInfoContainer" time="0"/>
  <testcase name="test_unmarshalEntity" classname="com.rapid7.client.dcerpc.mssrvs.objects.Test_ShareInfoContainer" time="0"/>
  <testcase name="test_unmarshalEntity" classname="com.rapid7.client.dcerpc.mssrvs.objects.Test_ShareInfoContainer" time="0"/>
  <testcase name="test_unmarshalEntity" classname="com.rapid7.client.dcerpc.mssrvs.objects.Test_ShareInfoContainer" time="0"/>
  <testcase name="test_unmarshalEntity" classname="com.rapid7.client.dcerpc.mssrvs.objects.Test_ShareInfoContainer" time="0"/>
  <testcase name="test_unmarshalEntity" classname="com.rapid7.client.dcerpc.mssrvs.objects.Test_ShareInfoContainer" time="0"/>
  <testcase name="test_unmarshalEntity" classname="com.rapid7.client.dcerpc.mssrvs.objects.Test_ShareInfoContainer" time="0"/>
  <testcase name="test_unmarshalPreamble" classname="com.rapid7.client.dcerpc.mssrvs.objects.Test_ShareInfoContainer" time="0"/>
  <testcase name="test_unmarshalPreamble" classname="com.rapid7.client.dcerpc.mssrvs.objects.Test_ShareInfoContainer" time="0"/>
  <testcase name="test_unmarshalPreamble" classname="com.rapid7.client.dcerpc.mssrvs.objects.Test_ShareInfoContainer" time="0"/>
  <testcase name="test_unmarshalPreamble" classname="com.rapid7.client.dcerpc.mssrvs.objects.Test_ShareInfoContainer" time="0"/>
  <testcase name="test_unmarshalPreamble" classname="com.rapid7.client.dcerpc.mssrvs.objects.Test_ShareInfoContainer" time="0"/>
  <testcase name="test_unmarshalPreamble" classname="com.rapid7.client.dcerpc.mssrvs.objects.Test_ShareInfoContainer" time="0"/>
  <testcase name="test_equals" classname="com.rapid7.client.dcerpc.mssrvs.dto.Test_NetShareInfo503" time="0.006"/>
  <testcase name="test_hashCode" classname="com.rapid7.client.dcerpc.mssrvs.dto.Test_NetShareInfo503" time="0"/>
  <testcase name="test_init" classname="com.rapid7.client.dcerpc.mssrvs.dto.Test_NetShareInfo503" time="0"/>
  <testcase name="test_init_null" classname="com.rapid7.client.dcerpc.mssrvs.dto.Test_NetShareInfo503" time="0"/>
  <testcase name="test_toString" classname="com.rapid7.client.dcerpc.mssrvs.dto.Test_NetShareInfo503" time="0"/>
  <testcase name="test_toString_null" classname="com.rapid7.client.dcerpc.mssrvs.dto.Test_NetShareInfo503" time="0"/>
  <testcase name="test_equals" classname="com.rapid7.client.dcerpc.mssrvs.dto.Test_NetShareInfo1" time="0.001"/>
  <testcase name="test_hashCode" classname="com.rapid7.client.dcerpc.mssrvs.dto.Test_NetShareInfo1" time="0.011"/>
  <testcase name="test_init" classname="com.rapid7.client.dcerpc.mssrvs.dto.Test_NetShareInfo1" time="0"/>
  <testcase name="test_init_null" classname="com.rapid7.client.dcerpc.mssrvs.dto.Test_NetShareInfo1" time="0"/>
  <testcase name="test_toString" classname="com.rapid7.client.dcerpc.mssrvs.dto.Test_NetShareInfo1" time="0"/>
  <testcase name="test_toString_null" classname="com.rapid7.client.dcerpc.mssrvs.dto.Test_NetShareInfo1" time="0"/>
  <testcase name="test_equals" classname="com.rapid7.client.dcerpc.mssrvs.dto.Test_NetShareInfo0" time="0"/>
  <testcase name="test_hashCode" classname="com.rapid7.client.dcerpc.mssrvs.dto.Test_NetShareInfo0" time="0"/>
  <testcase name="test_init" classname="com.rapid7.client.dcerpc.mssrvs.dto.Test_NetShareInfo0" time="0"/>
  <testcase name="test_init_null" classname="com.rapid7.client.dcerpc.mssrvs.dto.Test_NetShareInfo0" time="0"/>
  <testcase name="test_toString" classname="com.rapid7.client.dcerpc.mssrvs.dto.Test_NetShareInfo0" time="0"/>
  <testcase name="test_toString_null" classname="com.rapid7.client.dcerpc.mssrvs.dto.Test_NetShareInfo0" time="0.001"/>
  <testcase name="test_equals" classname="com.rapid7.client.dcerpc.mssrvs.dto.Test_NetShareInfo501" time="0.001"/>
  <testcase name="test_hashCode" classname="com.rapid7.client.dcerpc.mssrvs.dto.Test_NetShareInfo501" time="0.002"/>
  <testcase name="test_init" classname="com.rapid7.client.dcerpc.mssrvs.dto.Test_NetShareInfo501" time="0"/>
  <testcase name="test_init_null" classname="com.rapid7.client.dcerpc.mssrvs.dto.Test_NetShareInfo501" time="0.001"/>
  <testcase name="test_toString" classname="com.rapid7.client.dcerpc.mssrvs.dto.Test_NetShareInfo501" time="0"/>
  <testcase name="test_toString_null" classname="com.rapid7.client.dcerpc.mssrvs.dto.Test_NetShareInfo501" time="0"/>
  <testcase name="test_equals" classname="com.rapid7.client.dcerpc.mssrvs.dto.Test_NetShareInfo502" time="0.002"/>
  <testcase name="test_hashCode" classname="com.rapid7.client.dcerpc.mssrvs.dto.Test_NetShareInfo502" time="0"/>
  <testcase name="test_init" classname="com.rapid7.client.dcerpc.mssrvs.dto.Test_NetShareInfo502" time="0"/>
  <testcase name="test_init_null" classname="com.rapid7.client.dcerpc.mssrvs.dto.Test_NetShareInfo502" time="0"/>
  <testcase name="test_toString" classname="com.rapid7.client.dcerpc.mssrvs.dto.Test_NetShareInfo502" time="0"/>
  <testcase name="test_toString_null" classname="com.rapid7.client.dcerpc.mssrvs.dto.Test_NetShareInfo502" time="0"/>
  <testcase name="test_equals" classname="com.rapid7.client.dcerpc.mssrvs.dto.Test_NetShareInfo2" time="0.001"/>
  <testcase name="test_hashCode" classname="com.rapid7.client.dcerpc.mssrvs.dto.Test_NetShareInfo2" time="0"/>
  <testcase name="test_init" classname="com.rapid7.client.dcerpc.mssrvs.dto.Test_NetShareInfo2" time="0"/>
  <testcase name="test_init_null" classname="com.rapid7.client.dcerpc.mssrvs.dto.Test_NetShareInfo2" time="0.001"/>
  <testcase name="test_toString" classname="com.rapid7.client.dcerpc.mssrvs.dto.Test_NetShareInfo2" time="0"/>
  <testcase name="test_toString_null" classname="com.rapid7.client.dcerpc.mssrvs.dto.Test_NetShareInfo2" time="0"/>
  <testcase name="encodeRControlServiceRequest" classname="com.rapid7.client.dcerpc.msvcctl.messages.Test_RControlService" time="0.006"/>
  <testcase name="parseRQueryServiceStatusResponse" classname="com.rapid7.client.dcerpc.msvcctl.messages.Test_RControlService" time="0.003"/>
  <testcase name="encodeROpenSCManagerRequest" classname="com.rapid7.client.dcerpc.msvcctl.messages.Test_ROpenSCManager" time="0.001"/>
  <testcase name="encodeROpenSCManagerRequest_nullDatabase" classname="com.rapid7.client.dcerpc.msvcctl.messages.Test_ROpenSCManager" time="0"/>
  <testcase name="parseROpenSCManagerResponse" classname="com.rapid7.client.dcerpc.msvcctl.messages.Test_ROpenSCManager" time="0"/>
  <testcase name="encodeQueryServiceStatus" classname="com.rapid7.client.dcerpc.msvcctl.messages.Test_RQueryServiceStatus" time="0"/>
  <testcase name="parseRQueryServiceStatusResponse" classname="com.rapid7.client.dcerpc.msvcctl.messages.Test_RQueryServiceStatus" time="0.003"/>
  <testcase name="encodeROpenServiceRequest" classname="com.rapid7.client.dcerpc.msvcctl.messages.Test_ROpenService" time="0.001"/>
  <testcase name="test_equals" classname="com.rapid7.client.dcerpc.msvcctl.objects.Test_LPQueryServiceConfigW" time="0.002"/>
  <testcase name="test_hashCode" classname="com.rapid7.client.dcerpc.msvcctl.objects.Test_LPQueryServiceConfigW" time="0.001"/>
  <testcase name="test_toString" classname="com.rapid7.client.dcerpc.msvcctl.objects.Test_LPQueryServiceConfigW" time="0"/>
  <testcase name="test_toString_default" classname="com.rapid7.client.dcerpc.msvcctl.objects.Test_LPQueryServiceConfigW" time="0"/>
  <testcase name="test_unmarshalDeferrals" classname="com.rapid7.client.dcerpc.msvcctl.objects.Test_LPQueryServiceConfigW" time="0.001"/>
  <testcase name="test_unmarshalDeferrals" classname="com.rapid7.client.dcerpc.msvcctl.objects.Test_LPQueryServiceConfigW" time="0"/>
  <testcase name="test_unmarshalDeferrals" classname="com.rapid7.client.dcerpc.msvcctl.objects.Test_LPQueryServiceConfigW" time="0"/>
  <testcase name="test_unmarshalDeferrals" classname="com.rapid7.client.dcerpc.msvcctl.objects.Test_LPQueryServiceConfigW" time="0.001"/>
  <testcase name="test_unmarshalDeferrals" classname="com.rapid7.client.dcerpc.msvcctl.objects.Test_LPQueryServiceConfigW" time="0"/>
  <testcase name="test_unmarshalEntity" classname="com.rapid7.client.dcerpc.msvcctl.objects.Test_LPQueryServiceConfigW" time="0"/>
  <testcase name="test_unmarshalEntity" classname="com.rapid7.client.dcerpc.msvcctl.objects.Test_LPQueryServiceConfigW" time="0.003"/>
  <testcase name="test_unmarshalEntity" classname="com.rapid7.client.dcerpc.msvcctl.objects.Test_LPQueryServiceConfigW" time="0.001"/>
  <testcase name="test_unmarshalEntity" classname="com.rapid7.client.dcerpc.msvcctl.objects.Test_LPQueryServiceConfigW" time="0"/>
  <testcase name="test_unmarshalEntity" classname="com.rapid7.client.dcerpc.msvcctl.objects.Test_LPQueryServiceConfigW" time="0"/>
  <testcase name="test_unmarshalPreamble" classname="com.rapid7.client.dcerpc.msvcctl.objects.Test_LPQueryServiceConfigW" time="0.001"/>
  <testcase name="test_equals" classname="com.rapid7.client.dcerpc.msvcctl.objects.Test_LPServiceStatus" time="0.001"/>
  <testcase name="test_hashCode" classname="com.rapid7.client.dcerpc.msvcctl.objects.Test_LPServiceStatus" time="0"/>
  <testcase name="test_toString" classname="com.rapid7.client.dcerpc.msvcctl.objects.Test_LPServiceStatus" time="0"/>
  <testcase name="test_toString_default" classname="com.rapid7.client.dcerpc.msvcctl.objects.Test_LPServiceStatus" time="0"/>
  <testcase name="test_unmarshalDeferrals" classname="com.rapid7.client.dcerpc.msvcctl.objects.Test_LPServiceStatus" time="0"/>
  <testcase name="test_unmarshalEntity" classname="com.rapid7.client.dcerpc.msvcctl.objects.Test_LPServiceStatus" time="0"/>
  <testcase name="test_unmarshalEntity" classname="com.rapid7.client.dcerpc.msvcctl.objects.Test_LPServiceStatus" time="0"/>
  <testcase name="test_unmarshalEntity" classname="com.rapid7.client.dcerpc.msvcctl.objects.Test_LPServiceStatus" time="0"/>
  <testcase name="test_unmarshalEntity" classname="com.rapid7.client.dcerpc.msvcctl.objects.Test_LPServiceStatus" time="0"/>
  <testcase name="test_unmarshalPreamble" classname="com.rapid7.client.dcerpc.msvcctl.objects.Test_LPServiceStatus" time="0.001"/>
  <testcase name="test_equals" classname="com.rapid7.client.dcerpc.msvcctl.dto.Test_ServiceStatusInfo" time="0.002"/>
  <testcase name="test_getters" classname="com.rapid7.client.dcerpc.msvcctl.dto.Test_ServiceStatusInfo" time="0"/>
  <testcase name="test_hashCode" classname="com.rapid7.client.dcerpc.msvcctl.dto.Test_ServiceStatusInfo" time="0.001"/>
  <testcase name="test_null" classname="com.rapid7.client.dcerpc.msvcctl.dto.Test_ServiceStatusInfo" time="0"/>
  <testcase name="test_toString" classname="com.rapid7.client.dcerpc.msvcctl.dto.Test_ServiceStatusInfo" time="0"/>
  <testcase name="test_equals" classname="com.rapid7.client.dcerpc.msvcctl.dto.Test_ServiceConfigInfo" time="0.004"/>
  <testcase name="test_getters" classname="com.rapid7.client.dcerpc.msvcctl.dto.Test_ServiceConfigInfo" time="0"/>
  <testcase name="test_hashCode" classname="com.rapid7.client.dcerpc.msvcctl.dto.Test_ServiceConfigInfo" time="0.001"/>
  <testcase name="test_toString" classname="com.rapid7.client.dcerpc.msvcctl.dto.Test_ServiceConfigInfo" time="0"/>
  <testcase name="test_toString_null" classname="com.rapid7.client.dcerpc.msvcctl.dto.Test_ServiceConfigInfo" time="0"/>
  <testcase name="test_read_known" classname="com.rapid7.client.dcerpc.transport.exceptions.Test_RPCFaultException" time="0"/>
  <testcase name="test_read_known" classname="com.rapid7.client.dcerpc.transport.exceptions.Test_RPCFaultException" time="0.001"/>
  <testcase name="test_read_known" classname="com.rapid7.client.dcerpc.transport.exceptions.Test_RPCFaultException" time="0"/>
  <testcase name="test_read_known" classname="com.rapid7.client.dcerpc.transport.exceptions.Test_RPCFaultException" time="0"/>
  <testcase name="test_read_known" classname="com.rapid7.client.dcerpc.transport.exceptions.Test_RPCFaultException" time="0"/>
  <testcase name="test_read_known" classname="com.rapid7.client.dcerpc.transport.exceptions.Test_RPCFaultException" time="0.001"/>
  <testcase name="test_read_known" classname="com.rapid7.client.dcerpc.transport.exceptions.Test_RPCFaultException" time="0"/>
  <testcase name="test_read_known" classname="com.rapid7.client.dcerpc.transport.exceptions.Test_RPCFaultException" time="0"/>
  <testcase name="test_read_known" classname="com.rapid7.client.dcerpc.transport.exceptions.Test_RPCFaultException" time="0"/>
  <testcase name="test_read_known" classname="com.rapid7.client.dcerpc.transport.exceptions.Test_RPCFaultException" time="0.001"/>
  <testcase name="test_read_known" classname="com.rapid7.client.dcerpc.transport.exceptions.Test_RPCFaultException" time="0"/>
  <testcase name="test_read_known" classname="com.rapid7.client.dcerpc.transport.exceptions.Test_RPCFaultException" time="0"/>
  <testcase name="test_read_known" classname="com.rapid7.client.dcerpc.transport.exceptions.Test_RPCFaultException" time="0"/>
  <testcase name="test_read_known" classname="com.rapid7.client.dcerpc.transport.exceptions.Test_RPCFaultException" time="0"/>
  <testcase name="test_read_known" classname="com.rapid7.client.dcerpc.transport.exceptions.Test_RPCFaultException" time="0"/>
  <testcase name="test_read_known" classname="com.rapid7.client.dcerpc.transport.exceptions.Test_RPCFaultException" time="0.001"/>
  <testcase name="test_read_known" classname="com.rapid7.client.dcerpc.transport.exceptions.Test_RPCFaultException" time="0"/>
  <testcase name="test_read_known" classname="com.rapid7.client.dcerpc.transport.exceptions.Test_RPCFaultException" time="0"/>
  <testcase name="test_read_known" classname="com.rapid7.client.dcerpc.transport.exceptions.Test_RPCFaultException" time="0"/>
  <testcase name="test_read_known" classname="com.rapid7.client.dcerpc.transport.exceptions.Test_RPCFaultException" time="0"/>
  <testcase name="test_read_known" classname="com.rapid7.client.dcerpc.transport.exceptions.Test_RPCFaultException" time="0"/>
  <testcase name="test_read_known" classname="com.rapid7.client.dcerpc.transport.exceptions.Test_RPCFaultException" time="0"/>
  <testcase name="test_read_known" classname="com.rapid7.client.dcerpc.transport.exceptions.Test_RPCFaultException" time="0"/>
  <testcase name="test_read_known" classname="com.rapid7.client.dcerpc.transport.exceptions.Test_RPCFaultException" time="0"/>
  <testcase name="test_read_known" classname="com.rapid7.client.dcerpc.transport.exceptions.Test_RPCFaultException" time="0.001"/>
  <testcase name="test_read_known" classname="com.rapid7.client.dcerpc.transport.exceptions.Test_RPCFaultException" time="0"/>
  <testcase name="test_read_known" classname="com.rapid7.client.dcerpc.transport.exceptions.Test_RPCFaultException" time="0"/>
  <testcase name="test_read_known" classname="com.rapid7.client.dcerpc.transport.exceptions.Test_RPCFaultException" time="0"/>
  <testcase name="test_read_known" classname="com.rapid7.client.dcerpc.transport.exceptions.Test_RPCFaultException" time="0"/>
  <testcase name="test_read_known" classname="com.rapid7.client.dcerpc.transport.exceptions.Test_RPCFaultException" time="0"/>
  <testcase name="test_read_known" classname="com.rapid7.client.dcerpc.transport.exceptions.Test_RPCFaultException" time="0.001"/>
  <testcase name="test_read_known" classname="com.rapid7.client.dcerpc.transport.exceptions.Test_RPCFaultException" time="0"/>
  <testcase name="test_read_known" classname="com.rapid7.client.dcerpc.transport.exceptions.Test_RPCFaultException" time="0"/>
  <testcase name="test_read_known" classname="com.rapid7.client.dcerpc.transport.exceptions.Test_RPCFaultException" time="0"/>
  <testcase name="test_read_known" classname="com.rapid7.client.dcerpc.transport.exceptions.Test_RPCFaultException" time="0"/>
  <testcase name="test_read_known" classname="com.rapid7.client.dcerpc.transport.exceptions.Test_RPCFaultException" time="0"/>
  <testcase name="test_read_known" classname="com.rapid7.client.dcerpc.transport.exceptions.Test_RPCFaultException" time="0"/>
  <testcase name="test_read_known" classname="com.rapid7.client.dcerpc.transport.exceptions.Test_RPCFaultException" time="0"/>
  <testcase name="test_read_known" classname="com.rapid7.client.dcerpc.transport.exceptions.Test_RPCFaultException" time="0"/>
  <testcase name="test_read_known" classname="com.rapid7.client.dcerpc.transport.exceptions.Test_RPCFaultException" time="0"/>
  <testcase name="test_read_known" classname="com.rapid7.client.dcerpc.transport.exceptions.Test_RPCFaultException" time="0"/>
  <testcase name="test_read_known" classname="com.rapid7.client.dcerpc.transport.exceptions.Test_RPCFaultException" time="0"/>
  <testcase name="test_read_known" classname="com.rapid7.client.dcerpc.transport.exceptions.Test_RPCFaultException" time="0"/>
  <testcase name="test_read_known" classname="com.rapid7.client.dcerpc.transport.exceptions.Test_RPCFaultException" time="0"/>
  <testcase name="test_read_known" classname="com.rapid7.client.dcerpc.transport.exceptions.Test_RPCFaultException" time="0"/>
  <testcase name="test_read_known" classname="com.rapid7.client.dcerpc.transport.exceptions.Test_RPCFaultException" time="0"/>
  <testcase name="test_read_known" classname="com.rapid7.client.dcerpc.transport.exceptions.Test_RPCFaultException" time="0"/>
  <testcase name="test_read_known" classname="com.rapid7.client.dcerpc.transport.exceptions.Test_RPCFaultException" time="0"/>
  <testcase name="test_read_known" classname="com.rapid7.client.dcerpc.transport.exceptions.Test_RPCFaultException" time="0"/>
  <testcase name="test_read_known" classname="com.rapid7.client.dcerpc.transport.exceptions.Test_RPCFaultException" time="0"/>
  <testcase name="test_read_known" classname="com.rapid7.client.dcerpc.transport.exceptions.Test_RPCFaultException" time="0"/>
  <testcase name="test_read_known" classname="com.rapid7.client.dcerpc.transport.exceptions.Test_RPCFaultException" time="0"/>
  <testcase name="test_read_known" classname="com.rapid7.client.dcerpc.transport.exceptions.Test_RPCFaultException" time="0"/>
  <testcase name="test_read_known" classname="com.rapid7.client.dcerpc.transport.exceptions.Test_RPCFaultException" time="0.001"/>
  <testcase name="test_read_known" classname="com.rapid7.client.dcerpc.transport.exceptions.Test_RPCFaultException" time="0"/>
  <testcase name="test_read_known" classname="com.rapid7.client.dcerpc.transport.exceptions.Test_RPCFaultException" time="0"/>
  <testcase name="test_read_known" classname="com.rapid7.client.dcerpc.transport.exceptions.Test_RPCFaultException" time="0"/>
  <testcase name="test_read_known" classname="com.rapid7.client.dcerpc.transport.exceptions.Test_RPCFaultException" time="0"/>
  <testcase name="test_read_known" classname="com.rapid7.client.dcerpc.transport.exceptions.Test_RPCFaultException" time="0"/>
  <testcase name="test_read_known" classname="com.rapid7.client.dcerpc.transport.exceptions.Test_RPCFaultException" time="0.001"/>
  <testcase name="test_read_known" classname="com.rapid7.client.dcerpc.transport.exceptions.Test_RPCFaultException" time="0"/>
  <testcase name="test_read_known" classname="com.rapid7.client.dcerpc.transport.exceptions.Test_RPCFaultException" time="0"/>
  <testcase name="test_read_known" classname="com.rapid7.client.dcerpc.transport.exceptions.Test_RPCFaultException" time="0"/>
  <testcase name="test_read_known" classname="com.rapid7.client.dcerpc.transport.exceptions.Test_RPCFaultException" time="0"/>
  <testcase name="test_read_known" classname="com.rapid7.client.dcerpc.transport.exceptions.Test_RPCFaultException" time="0"/>
  <testcase name="test_read_known" classname="com.rapid7.client.dcerpc.transport.exceptions.Test_RPCFaultException" time="0.001"/>
  <testcase name="test_read_known" classname="com.rapid7.client.dcerpc.transport.exceptions.Test_RPCFaultException" time="0"/>
  <testcase name="test_read_known" classname="com.rapid7.client.dcerpc.transport.exceptions.Test_RPCFaultException" time="0"/>
  <testcase name="test_read_known" classname="com.rapid7.client.dcerpc.transport.exceptions.Test_RPCFaultException" time="0"/>
  <testcase name="test_read_known" classname="com.rapid7.client.dcerpc.transport.exceptions.Test_RPCFaultException" time="0"/>
  <testcase name="test_read_known" classname="com.rapid7.client.dcerpc.transport.exceptions.Test_RPCFaultException" time="0"/>
  <testcase name="test_read_known" classname="com.rapid7.client.dcerpc.transport.exceptions.Test_RPCFaultException" time="0.001"/>
  <testcase name="test_read_known" classname="com.rapid7.client.dcerpc.transport.exceptions.Test_RPCFaultException" time="0"/>
  <testcase name="test_read_known" classname="com.rapid7.client.dcerpc.transport.exceptions.Test_RPCFaultException" time="0"/>
  <testcase name="test_read_unknown" classname="com.rapid7.client.dcerpc.transport.exceptions.Test_RPCFaultException" time="0"/>
  <testcase name="test_read_unknown" classname="com.rapid7.client.dcerpc.transport.exceptions.Test_RPCFaultException" time="0.001"/>
  <testcase name="test_read_unknown" classname="com.rapid7.client.dcerpc.transport.exceptions.Test_RPCFaultException" time="0"/>
  <testcase name="test_read_unknown" classname="com.rapid7.client.dcerpc.transport.exceptions.Test_RPCFaultException" time="0"/>
  <testcase name="test_getOpNum" classname="com.rapid7.client.dcerpc.mslsad.messages.Test_LsarQueryInformationPolicyRequest" time="0"/>
  <testcase name="test_getOpNum" classname="com.rapid7.client.dcerpc.mslsad.messages.Test_LsarQueryInformationPolicyRequest" time="0"/>
  <testcase name="test_getOpNum" classname="com.rapid7.client.dcerpc.mslsad.messages.Test_LsarQueryInformationPolicyRequest" time="0"/>
  <testcase name="test_getResponseObject" classname="com.rapid7.client.dcerpc.mslsad.messages.Test_LsarQueryInformationPolicyRequest" time="0.001"/>
  <testcase name="test_getResponseObject" classname="com.rapid7.client.dcerpc.mslsad.messages.Test_LsarQueryInformationPolicyRequest" time="0"/>
  <testcase name="test_getResponseObject" classname="com.rapid7.client.dcerpc.mslsad.messages.Test_LsarQueryInformationPolicyRequest" time="0"/>
  <testcase name="test_marshall" classname="com.rapid7.client.dcerpc.mslsad.messages.Test_LsarQueryInformationPolicyRequest" time="0.001"/>
  <testcase name="test_marshall" classname="com.rapid7.client.dcerpc.mslsad.messages.Test_LsarQueryInformationPolicyRequest" time="0"/>
  <testcase name="test_marshall" classname="com.rapid7.client.dcerpc.mslsad.messages.Test_LsarQueryInformationPolicyRequest" time="0"/>
  <testcase name="test_getters" classname="com.rapid7.client.dcerpc.mslsad.messages.Test_LsarQueryInformationPolicyResponse" time="0"/>
  <testcase name="test_getters" classname="com.rapid7.client.dcerpc.mslsad.messages.Test_LsarQueryInformationPolicyResponse" time="0"/>
  <testcase name="test_getters" classname="com.rapid7.client.dcerpc.mslsad.messages.Test_LsarQueryInformationPolicyResponse" time="0"/>
  <testcase name="test_unmarshal" classname="com.rapid7.client.dcerpc.mslsad.messages.Test_LsarQueryInformationPolicyResponse" time="0.014"/>
  <testcase name="test_unmarshal" classname="com.rapid7.client.dcerpc.mslsad.messages.Test_LsarQueryInformationPolicyResponse" time="0.002"/>
  <testcase name="test_unmarshal" classname="com.rapid7.client.dcerpc.mslsad.messages.Test_LsarQueryInformationPolicyResponse" time="0.001"/>
  <testcase name="test_unmarshal_InvalidTag" classname="com.rapid7.client.dcerpc.mslsad.messages.Test_LsarQueryInformationPolicyResponse" time="0.001"/>
  <testcase name="test_unmarshal_InvalidTag" classname="com.rapid7.client.dcerpc.mslsad.messages.Test_LsarQueryInformationPolicyResponse" time="0"/>
  <testcase name="test_unmarshal_InvalidTag" classname="com.rapid7.client.dcerpc.mslsad.messages.Test_LsarQueryInformationPolicyResponse" time="0"/>
  <testcase name="test_unmarshall_Null" classname="com.rapid7.client.dcerpc.mslsad.messages.Test_LsarQueryInformationPolicyResponse" time="0"/>
  <testcase name="test_unmarshall_Null" classname="com.rapid7.client.dcerpc.mslsad.messages.Test_LsarQueryInformationPolicyResponse" time="0"/>
  <testcase name="test_unmarshall_Null" classname="com.rapid7.client.dcerpc.mslsad.messages.Test_LsarQueryInformationPolicyResponse" time="0.001"/>
  <testcase name="encodeLookupNamesRequest" classname="com.rapid7.client.dcerpc.mslsad.Test_LookupNames" time="0.002"/>
  <testcase name="encodeLookupNamesRequest2" classname="com.rapid7.client.dcerpc.mslsad.Test_LookupNames" time="0"/>
  <testcase name="parseLookupNamesResponse" classname="com.rapid7.client.dcerpc.mslsad.Test_LookupNames" time="0.002"/>
  <testcase name="test_lookupSIDsForNames" classname="com.rapid7.client.dcerpc.mslsad.Test_LookupNames" time="0.004"/>
  <testcase name="test_equals" classname="com.rapid7.client.dcerpc.mslsad.objects.Test_LSAPRPolicyPrimaryDomInfo" time="0"/>
  <testcase name="test_getters_default" classname="com.rapid7.client.dcerpc.mslsad.objects.Test_LSAPRPolicyPrimaryDomInfo" time="0.001"/>
  <testcase name="test_hashCode" classname="com.rapid7.client.dcerpc.mslsad.objects.Test_LSAPRPolicyPrimaryDomInfo" time="0"/>
  <testcase name="test_setters" classname="com.rapid7.client.dcerpc.mslsad.objects.Test_LSAPRPolicyPrimaryDomInfo" time="0"/>
  <testcase name="test_toString" classname="com.rapid7.client.dcerpc.mslsad.objects.Test_LSAPRPolicyPrimaryDomInfo" time="0"/>
  <testcase name="test_toString_default" classname="com.rapid7.client.dcerpc.mslsad.objects.Test_LSAPRPolicyPrimaryDomInfo" time="0"/>
  <testcase name="test_unmarshalDeferrals" classname="com.rapid7.client.dcerpc.mslsad.objects.Test_LSAPRPolicyPrimaryDomInfo" time="0.001"/>
  <testcase name="test_unmarshalDeferrals" classname="com.rapid7.client.dcerpc.mslsad.objects.Test_LSAPRPolicyPrimaryDomInfo" time="0"/>
  <testcase name="test_unmarshalDeferrals" classname="com.rapid7.client.dcerpc.mslsad.objects.Test_LSAPRPolicyPrimaryDomInfo" time="0"/>
  <testcase name="test_unmarshalEntity" classname="com.rapid7.client.dcerpc.mslsad.objects.Test_LSAPRPolicyPrimaryDomInfo" time="0"/>
  <testcase name="test_unmarshalEntity" classname="com.rapid7.client.dcerpc.mslsad.objects.Test_LSAPRPolicyPrimaryDomInfo" time="0"/>
  <testcase name="test_unmarshalEntity" classname="com.rapid7.client.dcerpc.mslsad.objects.Test_LSAPRPolicyPrimaryDomInfo" time="0"/>
  <testcase name="test_unmarshalEntity" classname="com.rapid7.client.dcerpc.mslsad.objects.Test_LSAPRPolicyPrimaryDomInfo" time="0"/>
  <testcase name="test_unmarshalEntity" classname="com.rapid7.client.dcerpc.mslsad.objects.Test_LSAPRPolicyPrimaryDomInfo" time="0"/>
  <testcase name="test_unmarshalPreamble" classname="com.rapid7.client.dcerpc.mslsad.objects.Test_LSAPRPolicyPrimaryDomInfo" time="0"/>
  <testcase name="test_equals" classname="com.rapid7.client.dcerpc.mslsad.objects.Test_LSAPRPolicyAuditEventsInfo" time="0.006"/>
  <testcase name="test_getters_default" classname="com.rapid7.client.dcerpc.mslsad.objects.Test_LSAPRPolicyAuditEventsInfo" time="0"/>
  <testcase name="test_hashCode" classname="com.rapid7.client.dcerpc.mslsad.objects.Test_LSAPRPolicyAuditEventsInfo" time="0"/>
  <testcase name="test_setters" classname="com.rapid7.client.dcerpc.mslsad.objects.Test_LSAPRPolicyAuditEventsInfo" time="0"/>
  <testcase name="test_toString" classname="com.rapid7.client.dcerpc.mslsad.objects.Test_LSAPRPolicyAuditEventsInfo" time="0"/>
  <testcase name="test_toString_default" classname="com.rapid7.client.dcerpc.mslsad.objects.Test_LSAPRPolicyAuditEventsInfo" time="0"/>
  <testcase name="test_ummarshalDeferrals_InvalidMaximumCount" classname="com.rapid7.client.dcerpc.mslsad.objects.Test_LSAPRPolicyAuditEventsInfo" time="0"/>
  <testcase name="test_unmarhsalPreamble" classname="com.rapid7.client.dcerpc.mslsad.objects.Test_LSAPRPolicyAuditEventsInfo" time="0"/>
  <testcase name="test_unmarsalEntity" classname="com.rapid7.client.dcerpc.mslsad.objects.Test_LSAPRPolicyAuditEventsInfo" time="0"/>
  <testcase name="test_unmarsalEntity" classname="com.rapid7.client.dcerpc.mslsad.objects.Test_LSAPRPolicyAuditEventsInfo" time="0"/>
  <testcase name="test_unmarsalEntity" classname="com.rapid7.client.dcerpc.mslsad.objects.Test_LSAPRPolicyAuditEventsInfo" time="0"/>
  <testcase name="test_unmarsalEntity" classname="com.rapid7.client.dcerpc.mslsad.objects.Test_LSAPRPolicyAuditEventsInfo" time="0.001"/>
  <testcase name="test_unmarsalEntity" classname="com.rapid7.client.dcerpc.mslsad.objects.Test_LSAPRPolicyAuditEventsInfo" time="0"/>
  <testcase name="test_unmarshalDeferrals" classname="com.rapid7.client.dcerpc.mslsad.objects.Test_LSAPRPolicyAuditEventsInfo" time="0"/>
  <testcase name="test_unmarshalDeferrals" classname="com.rapid7.client.dcerpc.mslsad.objects.Test_LSAPRPolicyAuditEventsInfo" time="0"/>
  <testcase name="test_unmarshalDeferrals" classname="com.rapid7.client.dcerpc.mslsad.objects.Test_LSAPRPolicyAuditEventsInfo" time="0.03"/>
  <testcase name="test_unmarshalDeferrals" classname="com.rapid7.client.dcerpc.mslsad.objects.Test_LSAPRPolicyAuditEventsInfo" time="0"/>
  <testcase name="test_unmarshalDeferrals" classname="com.rapid7.client.dcerpc.mslsad.objects.Test_LSAPRPolicyAuditEventsInfo" time="0"/>
  <testcase name="test_unmarshalDeferrals" classname="com.rapid7.client.dcerpc.mslsad.objects.Test_LSAPRPolicyAuditEventsInfo" time="0"/>
  <testcase name="test_unmarshallEntity_InvalidMaximumAuditEventCount" classname="com.rapid7.client.dcerpc.mslsad.objects.Test_LSAPRPolicyAuditEventsInfo" time="0"/>
  <testcase name="test_equals" classname="com.rapid7.client.dcerpc.mslsad.objects.Test_LSAPRPolicyAccountDomInfo" time="0.001"/>
  <testcase name="test_getters_default" classname="com.rapid7.client.dcerpc.mslsad.objects.Test_LSAPRPolicyAccountDomInfo" time="0"/>
  <testcase name="test_hashCode" classname="com.rapid7.client.dcerpc.mslsad.objects.Test_LSAPRPolicyAccountDomInfo" time="0"/>
  <testcase name="test_setters" classname="com.rapid7.client.dcerpc.mslsad.objects.Test_LSAPRPolicyAccountDomInfo" time="0"/>
  <testcase name="test_toString" classname="com.rapid7.client.dcerpc.mslsad.objects.Test_LSAPRPolicyAccountDomInfo" time="0"/>
  <testcase name="test_toString_default" classname="com.rapid7.client.dcerpc.mslsad.objects.Test_LSAPRPolicyAccountDomInfo" time="0.001"/>
  <testcase name="test_unmarshalDeferrals" classname="com.rapid7.client.dcerpc.mslsad.objects.Test_LSAPRPolicyAccountDomInfo" time="0"/>
  <testcase name="test_unmarshalDeferrals" classname="com.rapid7.client.dcerpc.mslsad.objects.Test_LSAPRPolicyAccountDomInfo" time="0"/>
  <testcase name="test_unmarshalDeferrals" classname="com.rapid7.client.dcerpc.mslsad.objects.Test_LSAPRPolicyAccountDomInfo" time="0"/>
  <testcase name="test_unmarshalEntity" classname="com.rapid7.client.dcerpc.mslsad.objects.Test_LSAPRPolicyAccountDomInfo" time="0"/>
  <testcase name="test_unmarshalEntity" classname="com.rapid7.client.dcerpc.mslsad.objects.Test_LSAPRPolicyAccountDomInfo" time="0"/>
  <testcase name="test_unmarshalEntity" classname="com.rapid7.client.dcerpc.mslsad.objects.Test_LSAPRPolicyAccountDomInfo" time="0"/>
  <testcase name="test_unmarshalEntity" classname="com.rapid7.client.dcerpc.mslsad.objects.Test_LSAPRPolicyAccountDomInfo" time="0"/>
  <testcase name="test_unmarshalEntity" classname="com.rapid7.client.dcerpc.mslsad.objects.Test_LSAPRPolicyAccountDomInfo" time="0"/>
  <testcase name="test_unmarshalPreamble" classname="com.rapid7.client.dcerpc.mslsad.objects.Test_LSAPRPolicyAccountDomInfo" time="0"/>
  <testcase name="test_getInfoLevel" classname="com.rapid7.client.dcerpc.mslsad.objects.Test_PolicyInformationClass" time="0"/>
  <testcase name="test_getInfoLevel" classname="com.rapid7.client.dcerpc.mslsad.objects.Test_PolicyInformationClass" time="0"/>
  <testcase name="test_getInfoLevel" classname="com.rapid7.client.dcerpc.mslsad.objects.Test_PolicyInformationClass" time="0"/>
  <testcase name="test_is" classname="com.rapid7.client.dcerpc.mslsad.dto.Test_EventAuditOptions" time="0"/>
  <testcase name="test_is" classname="com.rapid7.client.dcerpc.mslsad.dto.Test_EventAuditOptions" time="0"/>
  <testcase name="test_is" classname="com.rapid7.client.dcerpc.mslsad.dto.Test_EventAuditOptions" time="0"/>
  <testcase name="test_is" classname="com.rapid7.client.dcerpc.mslsad.dto.Test_EventAuditOptions" time="0"/>
  <testcase name="test_isSet" classname="com.rapid7.client.dcerpc.mslsad.dto.Test_EventAuditOptions" time="0.001"/>
  <testcase name="test_isSet" classname="com.rapid7.client.dcerpc.mslsad.dto.Test_EventAuditOptions" time="0"/>
  <testcase name="test_isSet" classname="com.rapid7.client.dcerpc.mslsad.dto.Test_EventAuditOptions" time="0"/>
  <testcase name="test_isSet" classname="com.rapid7.client.dcerpc.mslsad.dto.Test_EventAuditOptions" time="0"/>
  <testcase name="test_isSet" classname="com.rapid7.client.dcerpc.mslsad.dto.Test_EventAuditOptions" time="0"/>
  <testcase name="test_isSet" classname="com.rapid7.client.dcerpc.mslsad.dto.Test_EventAuditOptions" time="0"/>
  <testcase name="test_isSet" classname="com.rapid7.client.dcerpc.mslsad.dto.Test_EventAuditOptions" time="0"/>
  <testcase name="test_isSet" classname="com.rapid7.client.dcerpc.mslsad.dto.Test_EventAuditOptions" time="0"/>
  <testcase name="test_isSet" classname="com.rapid7.client.dcerpc.mslsad.dto.Test_EventAuditOptions" time="0"/>
  <testcase name="test_isSet" classname="com.rapid7.client.dcerpc.mslsad.dto.Test_EventAuditOptions" time="0"/>
  <testcase name="test_isSet" classname="com.rapid7.client.dcerpc.mslsad.dto.Test_EventAuditOptions" time="0"/>
  <testcase name="test_isSet" classname="com.rapid7.client.dcerpc.mslsad.dto.Test_EventAuditOptions" time="0"/>
  <testcase name="test_isSet" classname="com.rapid7.client.dcerpc.mslsad.dto.Test_EventAuditOptions" time="0"/>
  <testcase name="test_isSet" classname="com.rapid7.client.dcerpc.mslsad.dto.Test_EventAuditOptions" time="0.001"/>
  <testcase name="test_EventAuditingOptions_WrongSize" classname="com.rapid7.client.dcerpc.mslsad.dto.Test_PolicyAuditEventsInfo" time="0.001"/>
  <testcase name="test_EventAuditingOptions_null" classname="com.rapid7.client.dcerpc.mslsad.dto.Test_PolicyAuditEventsInfo" time="0"/>
  <testcase name="test_equals" classname="com.rapid7.client.dcerpc.mslsad.dto.Test_PolicyAuditEventsInfo" time="0.001"/>
  <testcase name="test_getEventAuditingOptions" classname="com.rapid7.client.dcerpc.mslsad.dto.Test_PolicyAuditEventsInfo" time="0"/>
  <testcase name="test_getEventAuditingOptions" classname="com.rapid7.client.dcerpc.mslsad.dto.Test_PolicyAuditEventsInfo" time="0.001"/>
  <testcase name="test_getEventAuditingOptions" classname="com.rapid7.client.dcerpc.mslsad.dto.Test_PolicyAuditEventsInfo" time="0"/>
  <testcase name="test_getEventAuditingOptions" classname="com.rapid7.client.dcerpc.mslsad.dto.Test_PolicyAuditEventsInfo" time="0"/>
  <testcase name="test_getEventAuditingOptions" classname="com.rapid7.client.dcerpc.mslsad.dto.Test_PolicyAuditEventsInfo" time="0"/>
  <testcase name="test_getEventAuditingOptions" classname="com.rapid7.client.dcerpc.mslsad.dto.Test_PolicyAuditEventsInfo" time="0.001"/>
  <testcase name="test_getEventAuditingOptions" classname="com.rapid7.client.dcerpc.mslsad.dto.Test_PolicyAuditEventsInfo" time="0"/>
  <testcase name="test_getEventAuditingOptions" classname="com.rapid7.client.dcerpc.mslsad.dto.Test_PolicyAuditEventsInfo" time="0"/>
  <testcase name="test_getEventAuditingOptions" classname="com.rapid7.client.dcerpc.mslsad.dto.Test_PolicyAuditEventsInfo" time="0"/>
  <testcase name="test_hashCode" classname="com.rapid7.client.dcerpc.mslsad.dto.Test_PolicyAuditEventsInfo" time="0"/>
  <testcase name="test_isAuditEnabled" classname="com.rapid7.client.dcerpc.mslsad.dto.Test_PolicyAuditEventsInfo" time="0"/>
  <testcase name="test_isAuditEnabled" classname="com.rapid7.client.dcerpc.mslsad.dto.Test_PolicyAuditEventsInfo" time="0"/>
  <testcase name="test_toString" classname="com.rapid7.client.dcerpc.mslsad.dto.Test_PolicyAuditEventsInfo" time="0"/>
  <testcase name="test_equals" classname="com.rapid7.client.dcerpc.mslsad.dto.Test_PolicyDomainInfo" time="0.001"/>
  <testcase name="test_getters" classname="com.rapid7.client.dcerpc.mslsad.dto.Test_PolicyDomainInfo" time="0"/>
  <testcase name="test_hashCode" classname="com.rapid7.client.dcerpc.mslsad.dto.Test_PolicyDomainInfo" time="0"/>
  <testcase name="test_toString" classname="com.rapid7.client.dcerpc.mslsad.dto.Test_PolicyDomainInfo" time="0"/>
  <testcase name="test_init" classname="com.rapid7.client.dcerpc.mslsad.dto.Test_PolicyHandle" time="0"/>
  <testcase name="test_equals" classname="com.rapid7.client.dcerpc.objects.Test_RPCSID" time="0.001"/>
  <testcase name="test_getters" classname="com.rapid7.client.dcerpc.objects.Test_RPCSID" time="0"/>
  <testcase name="test_hashCode" classname="com.rapid7.client.dcerpc.objects.Test_RPCSID" time="0"/>
  <testcase name="test_marsalEntity_NoSubAuthorities" classname="com.rapid7.client.dcerpc.objects.Test_RPCSID" time="0"/>
  <testcase name="test_marshalDeferrals" classname="com.rapid7.client.dcerpc.objects.Test_RPCSID" time="0"/>
  <testcase name="test_marshalEntity" classname="com.rapid7.client.dcerpc.objects.Test_RPCSID" time="0"/>
  <testcase name="test_marshalEntity" classname="com.rapid7.client.dcerpc.objects.Test_RPCSID" time="0"/>
  <testcase name="test_marshalEntity" classname="com.rapid7.client.dcerpc.objects.Test_RPCSID" time="0"/>
  <testcase name="test_marshalEntity" classname="com.rapid7.client.dcerpc.objects.Test_RPCSID" time="0"/>
  <testcase name="test_marshalEntity_null" classname="com.rapid7.client.dcerpc.objects.Test_RPCSID" time="0"/>
  <testcase name="test_marshalPreamble" classname="com.rapid7.client.dcerpc.objects.Test_RPCSID" time="0"/>
  <testcase name="test_marshalPreamble" classname="com.rapid7.client.dcerpc.objects.Test_RPCSID" time="0"/>
  <testcase name="test_marshalPreamble" classname="com.rapid7.client.dcerpc.objects.Test_RPCSID" time="0"/>
  <testcase name="test_marshalPreamble" classname="com.rapid7.client.dcerpc.objects.Test_RPCSID" time="0"/>
  <testcase name="test_marshalPreamble_null" classname="com.rapid7.client.dcerpc.objects.Test_RPCSID" time="0"/>
  <testcase name="test_setters" classname="com.rapid7.client.dcerpc.objects.Test_RPCSID" time="0"/>
  <testcase name="test_toString" classname="com.rapid7.client.dcerpc.objects.Test_RPCSID" time="0"/>
  <testcase name="test_toString_default" classname="com.rapid7.client.dcerpc.objects.Test_RPCSID" time="0"/>
  <testcase name="test_unmarshalDeferrals" classname="com.rapid7.client.dcerpc.objects.Test_RPCSID" time="0"/>
  <testcase name="test_unmarshalEntity" classname="com.rapid7.client.dcerpc.objects.Test_RPCSID" time="0"/>
  <testcase name="test_unmarshalEntity" classname="com.rapid7.client.dcerpc.objects.Test_RPCSID" time="0"/>
  <testcase name="test_unmarshalEntity" classname="com.rapid7.client.dcerpc.objects.Test_RPCSID" time="0"/>
  <testcase name="test_unmarshalEntity" classname="com.rapid7.client.dcerpc.objects.Test_RPCSID" time="0"/>
  <testcase name="test_unmarshalEntity_NoSubAuthorities" classname="com.rapid7.client.dcerpc.objects.Test_RPCSID" time="0"/>
  <testcase name="test_unmarshalPremable" classname="com.rapid7.client.dcerpc.objects.Test_RPCSID" time="0"/>
  <testcase name="test_unmarshalPremable" classname="com.rapid7.client.dcerpc.objects.Test_RPCSID" time="0"/>
  <testcase name="test_unmarshalPremable" classname="com.rapid7.client.dcerpc.objects.Test_RPCSID" time="0"/>
  <testcase name="test_unmarshalPremable" classname="com.rapid7.client.dcerpc.objects.Test_RPCSID" time="0"/>
  <testcase name="test_equals" classname="com.rapid7.client.dcerpc.objects.Test_RPCUnicodeString" time="0"/>
  <testcase name="test_hashCode_NotNullTerminated" classname="com.rapid7.client.dcerpc.objects.Test_RPCUnicodeString" time="0"/>
  <testcase name="test_hashCode_NullTerminated" classname="com.rapid7.client.dcerpc.objects.Test_RPCUnicodeString" time="0.001"/>
  <testcase name="test_marshalEntity" classname="com.rapid7.client.dcerpc.objects.Test_RPCUnicodeString" time="0"/>
  <testcase name="test_marshalEntity" classname="com.rapid7.client.dcerpc.objects.Test_RPCUnicodeString" time="0"/>
  <testcase name="test_marshalEntity" classname="com.rapid7.client.dcerpc.objects.Test_RPCUnicodeString" time="0"/>
  <testcase name="test_marshalEntity" classname="com.rapid7.client.dcerpc.objects.Test_RPCUnicodeString" time="0.001"/>
  <testcase name="test_marshalEntity" classname="com.rapid7.client.dcerpc.objects.Test_RPCUnicodeString" time="0"/>
  <testcase name="test_marshalEntity" classname="com.rapid7.client.dcerpc.objects.Test_RPCUnicodeString" time="0"/>
  <testcase name="test_marshalEntity" classname="com.rapid7.client.dcerpc.objects.Test_RPCUnicodeString" time="0"/>
  <testcase name="test_marshalPreamble" classname="com.rapid7.client.dcerpc.objects.Test_RPCUnicodeString" time="0"/>
  <testcase name="test_marshalPreamble" classname="com.rapid7.client.dcerpc.objects.Test_RPCUnicodeString" time="0"/>
  <testcase name="test_marshalPreamble" classname="com.rapid7.client.dcerpc.objects.Test_RPCUnicodeString" time="0"/>
  <testcase name="test_marshalPreamble" classname="com.rapid7.client.dcerpc.objects.Test_RPCUnicodeString" time="0"/>
  <testcase name="test_marshal_deferrals" classname="com.rapid7.client.dcerpc.objects.Test_RPCUnicodeString" time="0"/>
  <testcase name="test_marshal_deferrals" classname="com.rapid7.client.dcerpc.objects.Test_RPCUnicodeString" time="0"/>
  <testcase name="test_marshal_deferrals" classname="com.rapid7.client.dcerpc.objects.Test_RPCUnicodeString" time="0"/>
  <testcase name="test_marshal_deferrals" classname="com.rapid7.client.dcerpc.objects.Test_RPCUnicodeString" time="0"/>
  <testcase name="test_marshal_deferrals" classname="com.rapid7.client.dcerpc.objects.Test_RPCUnicodeString" time="0"/>
  <testcase name="test_marshal_deferrals" classname="com.rapid7.client.dcerpc.objects.Test_RPCUnicodeString" time="0"/>
  <testcase name="test_marshal_deferrals" classname="com.rapid7.client.dcerpc.objects.Test_RPCUnicodeString" time="0"/>
  <testcase name="test_marshal_deferrals" classname="com.rapid7.client.dcerpc.objects.Test_RPCUnicodeString" time="0"/>
  <testcase name="test_marshal_deferrals" classname="com.rapid7.client.dcerpc.objects.Test_RPCUnicodeString" time="0"/>
  <testcase name="test_of_NonNullTerminated" classname="com.rapid7.client.dcerpc.objects.Test_RPCUnicodeString" time="0"/>
  <testcase name="test_of_NullTerminated" classname="com.rapid7.client.dcerpc.objects.Test_RPCUnicodeString" time="0"/>
  <testcase name="test_toString" classname="com.rapid7.client.dcerpc.objects.Test_RPCUnicodeString" time="0"/>
  <testcase name="test_toString" classname="com.rapid7.client.dcerpc.objects.Test_RPCUnicodeString" time="0"/>
  <testcase name="test_toString" classname="com.rapid7.client.dcerpc.objects.Test_RPCUnicodeString" time="0"/>
  <testcase name="test_unmarshalDeferrals" classname="com.rapid7.client.dcerpc.objects.Test_RPCUnicodeString" time="0"/>
  <testcase name="test_unmarshalDeferrals" classname="com.rapid7.client.dcerpc.objects.Test_RPCUnicodeString" time="0"/>
  <testcase name="test_unmarshalDeferrals" classname="com.rapid7.client.dcerpc.objects.Test_RPCUnicodeString" time="0.001"/>
  <testcase name="test_unmarshalDeferrals" classname="com.rapid7.client.dcerpc.objects.Test_RPCUnicodeString" time="0.013"/>
  <testcase name="test_unmarshalDeferrals" classname="com.rapid7.client.dcerpc.objects.Test_RPCUnicodeString" time="0.001"/>
  <testcase name="test_unmarshalDeferrals" classname="com.rapid7.client.dcerpc.objects.Test_RPCUnicodeString" time="0"/>
  <testcase name="test_unmarshalDeferrals" classname="com.rapid7.client.dcerpc.objects.Test_RPCUnicodeString" time="0"/>
  <testcase name="test_unmarshalDeferrals" classname="com.rapid7.client.dcerpc.objects.Test_RPCUnicodeString" time="0"/>
  <testcase name="test_unmarshalDeferrals" classname="com.rapid7.client.dcerpc.objects.Test_RPCUnicodeString" time="0"/>
  <testcase name="test_unmarshalDeferrals_IndexTooLarge" classname="com.rapid7.client.dcerpc.objects.Test_RPCUnicodeString" time="0.001"/>
  <testcase name="test_unmarshalDeferrals_IndexTooLarge" classname="com.rapid7.client.dcerpc.objects.Test_RPCUnicodeString" time="0"/>
  <testcase name="test_unmarshalEntity" classname="com.rapid7.client.dcerpc.objects.Test_RPCUnicodeString" time="0"/>
  <testcase name="test_unmarshalEntity" classname="com.rapid7.client.dcerpc.objects.Test_RPCUnicodeString" time="0"/>
  <testcase name="test_unmarshalEntity" classname="com.rapid7.client.dcerpc.objects.Test_RPCUnicodeString" time="0"/>
  <testcase name="test_unmarshalEntity" classname="com.rapid7.client.dcerpc.objects.Test_RPCUnicodeString" time="0"/>
  <testcase name="test_unmarshalEntity" classname="com.rapid7.client.dcerpc.objects.Test_RPCUnicodeString" time="0"/>
  <testcase name="test_unmarshalEntity" classname="com.rapid7.client.dcerpc.objects.Test_RPCUnicodeString" time="0"/>
  <testcase name="test_unmarshalEntity" classname="com.rapid7.client.dcerpc.objects.Test_RPCUnicodeString" time="0"/>
  <testcase name="test_unmarshalPreamble" classname="com.rapid7.client.dcerpc.objects.Test_RPCUnicodeString" time="0"/>
  <testcase name="test_unmarshalPreamble" classname="com.rapid7.client.dcerpc.objects.Test_RPCUnicodeString" time="0"/>
  <testcase name="test_unmarshalPreamble" classname="com.rapid7.client.dcerpc.objects.Test_RPCUnicodeString" time="0"/>
  <testcase name="test_unmarshalPreamble" classname="com.rapid7.client.dcerpc.objects.Test_RPCUnicodeString" time="0"/>
  <testcase name="test_equals" classname="com.rapid7.client.dcerpc.objects.Test_RPCShortBlob" time="0.001"/>
  <testcase name="test_getters_default" classname="com.rapid7.client.dcerpc.objects.Test_RPCShortBlob" time="0"/>
  <testcase name="test_hashCode" classname="com.rapid7.client.dcerpc.objects.Test_RPCShortBlob" time="0"/>
  <testcase name="test_marshalDeferrals" classname="com.rapid7.client.dcerpc.objects.Test_RPCShortBlob" time="0.001"/>
  <testcase name="test_marshalDeferrals" classname="com.rapid7.client.dcerpc.objects.Test_RPCShortBlob" time="0"/>
  <testcase name="test_marshalDeferrals" classname="com.rapid7.client.dcerpc.objects.Test_RPCShortBlob" time="0"/>
  <testcase name="test_marshalDeferrals" classname="com.rapid7.client.dcerpc.objects.Test_RPCShortBlob" time="0"/>
  <testcase name="test_marshalDeferrals" classname="com.rapid7.client.dcerpc.objects.Test_RPCShortBlob" time="0"/>
  <testcase name="test_marshalEntity" classname="com.rapid7.client.dcerpc.objects.Test_RPCShortBlob" time="0"/>
  <testcase name="test_marshalEntity" classname="com.rapid7.client.dcerpc.objects.Test_RPCShortBlob" time="0"/>
  <testcase name="test_marshalEntity" classname="com.rapid7.client.dcerpc.objects.Test_RPCShortBlob" time="0"/>
  <testcase name="test_marshalEntity" classname="com.rapid7.client.dcerpc.objects.Test_RPCShortBlob" time="0"/>
  <testcase name="test_marshalEntity" classname="com.rapid7.client.dcerpc.objects.Test_RPCShortBlob" time="0"/>
  <testcase name="test_marshalPreamble" classname="com.rapid7.client.dcerpc.objects.Test_RPCShortBlob" time="0"/>
  <testcase name="test_setters" classname="com.rapid7.client.dcerpc.objects.Test_RPCShortBlob" time="0"/>
  <testcase name="test_toString" classname="com.rapid7.client.dcerpc.objects.Test_RPCShortBlob" time="0"/>
  <testcase name="test_toString_default" classname="com.rapid7.client.dcerpc.objects.Test_RPCShortBlob" time="0"/>
  <testcase name="test_unmarhalDeferrals_IndexTooLarge" classname="com.rapid7.client.dcerpc.objects.Test_RPCShortBlob" time="0"/>
  <testcase name="test_unmarhalDeferrals_IndexTooLarge" classname="com.rapid7.client.dcerpc.objects.Test_RPCShortBlob" time="0"/>
  <testcase name="test_unmarhalDeferrals_MismatchActualCount" classname="com.rapid7.client.dcerpc.objects.Test_RPCShortBlob" time="0"/>
  <testcase name="test_unmarshalDeferrals" classname="com.rapid7.client.dcerpc.objects.Test_RPCShortBlob" time="0.001"/>
  <testcase name="test_unmarshalDeferrals" classname="com.rapid7.client.dcerpc.objects.Test_RPCShortBlob" time="0"/>
  <testcase name="test_unmarshalDeferrals" classname="com.rapid7.client.dcerpc.objects.Test_RPCShortBlob" time="0"/>
  <testcase name="test_unmarshalDeferrals" classname="com.rapid7.client.dcerpc.objects.Test_RPCShortBlob" time="0"/>
  <testcase name="test_unmarshalDeferrals" classname="com.rapid7.client.dcerpc.objects.Test_RPCShortBlob" time="0"/>
  <testcase name="test_unmarshalDeferrals" classname="com.rapid7.client.dcerpc.objects.Test_RPCShortBlob" time="0"/>
  <testcase name="test_unmarshalEntity" classname="com.rapid7.client.dcerpc.objects.Test_RPCShortBlob" time="0"/>
  <testcase name="test_unmarshalEntity" classname="com.rapid7.client.dcerpc.objects.Test_RPCShortBlob" time="0"/>
  <testcase name="test_unmarshalPreamble" classname="com.rapid7.client.dcerpc.objects.Test_RPCShortBlob" time="0"/>
  <testcase name="test_NonNullTerminated_of" classname="com.rapid7.client.dcerpc.objects.Test_WChar" time="0"/>
  <testcase name="test_NonNullTerminated_of_null" classname="com.rapid7.client.dcerpc.objects.Test_WChar" time="0.001"/>
  <testcase name="test_NullTerminated_of" classname="com.rapid7.client.dcerpc.objects.Test_WChar" time="0"/>
  <testcase name="test_NullTerminated_of_null" classname="com.rapid7.client.dcerpc.objects.Test_WChar" time="0"/>
  <testcase name="test_equals" classname="com.rapid7.client.dcerpc.objects.Test_WChar" time="0"/>
  <testcase name="test_hashCode" classname="com.rapid7.client.dcerpc.objects.Test_WChar" time="0"/>
  <testcase name="test_init_default" classname="com.rapid7.client.dcerpc.objects.Test_WChar" time="0"/>
  <testcase name="test_init_default" classname="com.rapid7.client.dcerpc.objects.Test_WChar" time="0"/>
  <testcase name="test_setValue" classname="com.rapid7.client.dcerpc.objects.Test_WChar" time="0"/>
  <testcase name="test_setValue" classname="com.rapid7.client.dcerpc.objects.Test_WChar" time="0"/>
  <testcase name="test_setValue_null" classname="com.rapid7.client.dcerpc.objects.Test_WChar" time="0"/>
  <testcase name="test_setValue_null" classname="com.rapid7.client.dcerpc.objects.Test_WChar" time="0"/>
  <testcase name="test_toString" classname="com.rapid7.client.dcerpc.objects.Test_WChar" time="0"/>
  <testcase name="test_toString" classname="com.rapid7.client.dcerpc.objects.Test_WChar" time="0"/>
  <testcase name="test_toString_default" classname="com.rapid7.client.dcerpc.objects.Test_WChar" time="0"/>
  <testcase name="test_toString_default" classname="com.rapid7.client.dcerpc.objects.Test_WChar" time="0"/>
  <testcase name="test_fromValue" classname="com.rapid7.client.dcerpc.objects.Test_SIDNameUse" time="0"/>
  <testcase name="test_fromValue" classname="com.rapid7.client.dcerpc.objects.Test_SIDNameUse" time="0"/>
  <testcase name="test_fromValue" classname="com.rapid7.client.dcerpc.objects.Test_SIDNameUse" time="0"/>
  <testcase name="test_fromValue" classname="com.rapid7.client.dcerpc.objects.Test_SIDNameUse" time="0"/>
  <testcase name="test_fromValue" classname="com.rapid7.client.dcerpc.objects.Test_SIDNameUse" time="0"/>
  <testcase name="test_fromValue" classname="com.rapid7.client.dcerpc.objects.Test_SIDNameUse" time="0"/>
  <testcase name="test_fromValue" classname="com.rapid7.client.dcerpc.objects.Test_SIDNameUse" time="0"/>
  <testcase name="test_fromValue" classname="com.rapid7.client.dcerpc.objects.Test_SIDNameUse" time="0"/>
  <testcase name="test_fromValue" classname="com.rapid7.client.dcerpc.objects.Test_SIDNameUse" time="0"/>
  <testcase name="test_fromValue" classname="com.rapid7.client.dcerpc.objects.Test_SIDNameUse" time="0"/>
  <testcase name="test_fromValue_unknown" classname="com.rapid7.client.dcerpc.objects.Test_SIDNameUse" time="0"/>
  <testcase name="test_getValue" classname="com.rapid7.client.dcerpc.objects.Test_SIDNameUse" time="0"/>
  <testcase name="test_getValue" classname="com.rapid7.client.dcerpc.objects.Test_SIDNameUse" time="0"/>
  <testcase name="test_getValue" classname="com.rapid7.client.dcerpc.objects.Test_SIDNameUse" time="0"/>
  <testcase name="test_getValue" classname="com.rapid7.client.dcerpc.objects.Test_SIDNameUse" time="0"/>
  <testcase name="test_getValue" classname="com.rapid7.client.dcerpc.objects.Test_SIDNameUse" time="0"/>
  <testcase name="test_getValue" classname="com.rapid7.client.dcerpc.objects.Test_SIDNameUse" time="0"/>
  <testcase name="test_getValue" classname="com.rapid7.client.dcerpc.objects.Test_SIDNameUse" time="0"/>
  <testcase name="test_getValue" classname="com.rapid7.client.dcerpc.objects.Test_SIDNameUse" time="0"/>
  <testcase name="test_getValue" classname="com.rapid7.client.dcerpc.objects.Test_SIDNameUse" time="0"/>
  <testcase name="test_getValue" classname="com.rapid7.client.dcerpc.objects.Test_SIDNameUse" time="0"/>
  <testcase name="constructorNullByteBuffer" classname="com.rapid7.client.dcerpc.io.Test_PrimitiveInput" time="0"/>
  <testcase name="eof_fullySkipBytes" classname="com.rapid7.client.dcerpc.io.Test_PrimitiveInput" time="0"/>
  <testcase name="eof_readBoolean" classname="com.rapid7.client.dcerpc.io.Test_PrimitiveInput" time="0"/>
  <testcase name="eof_readByte" classname="com.rapid7.client.dcerpc.io.Test_PrimitiveInput" time="0"/>
  <testcase name="eof_readChar" classname="com.rapid7.client.dcerpc.io.Test_PrimitiveInput" time="0"/>
  <testcase name="eof_readFully" classname="com.rapid7.client.dcerpc.io.Test_PrimitiveInput" time="0"/>
  <testcase name="eof_readFullyEx" classname="com.rapid7.client.dcerpc.io.Test_PrimitiveInput" time="0"/>
  <testcase name="eof_readInt" classname="com.rapid7.client.dcerpc.io.Test_PrimitiveInput" time="0"/>
  <testcase name="eof_readLong" classname="com.rapid7.client.dcerpc.io.Test_PrimitiveInput" time="0.001"/>
  <testcase name="eof_readShort" classname="com.rapid7.client.dcerpc.io.Test_PrimitiveInput" time="0"/>
  <testcase name="eof_readUnsignedByte" classname="com.rapid7.client.dcerpc.io.Test_PrimitiveInput" time="0"/>
  <testcase name="eof_readUnsignedInt" classname="com.rapid7.client.dcerpc.io.Test_PrimitiveInput" time="0"/>
  <testcase name="eof_readUnsignedShort" classname="com.rapid7.client.dcerpc.io.Test_PrimitiveInput" time="0"/>
  <testcase name="fullySkipBytes" classname="com.rapid7.client.dcerpc.io.Test_PrimitiveInput" time="0"/>
  <testcase name="getCount" classname="com.rapid7.client.dcerpc.io.Test_PrimitiveInput" time="0"/>
  <testcase name="getCount_fullySkipBytes" classname="com.rapid7.client.dcerpc.io.Test_PrimitiveInput" time="0"/>
  <testcase name="getCount_readBoolean" classname="com.rapid7.client.dcerpc.io.Test_PrimitiveInput" time="0"/>
  <testcase name="getCount_readByte" classname="com.rapid7.client.dcerpc.io.Test_PrimitiveInput" time="0"/>
  <testcase name="getCount_readChar" classname="com.rapid7.client.dcerpc.io.Test_PrimitiveInput" time="0"/>
  <testcase name="getCount_readFully" classname="com.rapid7.client.dcerpc.io.Test_PrimitiveInput" time="0"/>
  <testcase name="getCount_readFullyEx" classname="com.rapid7.client.dcerpc.io.Test_PrimitiveInput" time="0"/>
  <testcase name="getCount_readInt" classname="com.rapid7.client.dcerpc.io.Test_PrimitiveInput" time="0"/>
  <testcase name="getCount_readLong" classname="com.rapid7.client.dcerpc.io.Test_PrimitiveInput" time="0.002"/>
  <testcase name="getCount_readShort" classname="com.rapid7.client.dcerpc.io.Test_PrimitiveInput" time="0"/>
  <testcase name="getCount_readUnsignedByte" classname="com.rapid7.client.dcerpc.io.Test_PrimitiveInput" time="0"/>
  <testcase name="getCount_readUnsignedInt" classname="com.rapid7.client.dcerpc.io.Test_PrimitiveInput" time="0"/>
  <testcase name="getCount_readUnsignedShort" classname="com.rapid7.client.dcerpc.io.Test_PrimitiveInput" time="0"/>
  <testcase name="readBoolean" classname="com.rapid7.client.dcerpc.io.Test_PrimitiveInput" time="0"/>
  <testcase name="readBoolean" classname="com.rapid7.client.dcerpc.io.Test_PrimitiveInput" time="0"/>
  <testcase name="readBoolean" classname="com.rapid7.client.dcerpc.io.Test_PrimitiveInput" time="0"/>
  <testcase name="readByte" classname="com.rapid7.client.dcerpc.io.Test_PrimitiveInput" time="0"/>
  <testcase name="readByte" classname="com.rapid7.client.dcerpc.io.Test_PrimitiveInput" time="0"/>
  <testcase name="readByte" classname="com.rapid7.client.dcerpc.io.Test_PrimitiveInput" time="0"/>
  <testcase name="readByte" classname="com.rapid7.client.dcerpc.io.Test_PrimitiveInput" time="0"/>
  <testcase name="readByte" classname="com.rapid7.client.dcerpc.io.Test_PrimitiveInput" time="0"/>
  <testcase name="readChar" classname="com.rapid7.client.dcerpc.io.Test_PrimitiveInput" time="0"/>
  <testcase name="readChar" classname="com.rapid7.client.dcerpc.io.Test_PrimitiveInput" time="0"/>
  <testcase name="readChar" classname="com.rapid7.client.dcerpc.io.Test_PrimitiveInput" time="0"/>
  <testcase name="readFully" classname="com.rapid7.client.dcerpc.io.Test_PrimitiveInput" time="0.001"/>
  <testcase name="readFullyEx" classname="com.rapid7.client.dcerpc.io.Test_PrimitiveInput" time="0"/>
  <testcase name="readInt" classname="com.rapid7.client.dcerpc.io.Test_PrimitiveInput" time="0"/>
  <testcase name="readInt" classname="com.rapid7.client.dcerpc.io.Test_PrimitiveInput" time="0"/>
  <testcase name="readInt" classname="com.rapid7.client.dcerpc.io.Test_PrimitiveInput" time="0"/>
  <testcase name="readInt" classname="com.rapid7.client.dcerpc.io.Test_PrimitiveInput" time="0"/>
  <testcase name="readInt" classname="com.rapid7.client.dcerpc.io.Test_PrimitiveInput" time="0"/>
  <testcase name="readLong" classname="com.rapid7.client.dcerpc.io.Test_PrimitiveInput" time="0"/>
  <testcase name="readLong" classname="com.rapid7.client.dcerpc.io.Test_PrimitiveInput" time="0"/>
  <testcase name="readLong" classname="com.rapid7.client.dcerpc.io.Test_PrimitiveInput" time="0"/>
  <testcase name="readLong" classname="com.rapid7.client.dcerpc.io.Test_PrimitiveInput" time="0"/>
  <testcase name="readLong" classname="com.rapid7.client.dcerpc.io.Test_PrimitiveInput" time="0"/>
  <testcase name="readRawBytes" classname="com.rapid7.client.dcerpc.io.Test_PrimitiveInput" time="0"/>
  <testcase name="readRawBytes" classname="com.rapid7.client.dcerpc.io.Test_PrimitiveInput" time="0"/>
  <testcase name="readShort" classname="com.rapid7.client.dcerpc.io.Test_PrimitiveInput" time="0"/>
  <testcase name="readShort" classname="com.rapid7.client.dcerpc.io.Test_PrimitiveInput" time="0"/>
  <testcase name="readShort" classname="com.rapid7.client.dcerpc.io.Test_PrimitiveInput" time="0"/>
  <testcase name="readShort" classname="com.rapid7.client.dcerpc.io.Test_PrimitiveInput" time="0"/>
  <testcase name="readUnsignedByte" classname="com.rapid7.client.dcerpc.io.Test_PrimitiveInput" time="0"/>
  <testcase name="readUnsignedByte" classname="com.rapid7.client.dcerpc.io.Test_PrimitiveInput" time="0"/>
  <testcase name="readUnsignedByte" classname="com.rapid7.client.dcerpc.io.Test_PrimitiveInput" time="0"/>
  <testcase name="readUnsignedInt" classname="com.rapid7.client.dcerpc.io.Test_PrimitiveInput" time="0"/>
  <testcase name="readUnsignedInt" classname="com.rapid7.client.dcerpc.io.Test_PrimitiveInput" time="0"/>
  <testcase name="readUnsignedInt" classname="com.rapid7.client.dcerpc.io.Test_PrimitiveInput" time="0"/>
  <testcase name="readUnsignedInt" classname="com.rapid7.client.dcerpc.io.Test_PrimitiveInput" time="0"/>
  <testcase name="readUnsignedInt" classname="com.rapid7.client.dcerpc.io.Test_PrimitiveInput" time="0"/>
  <testcase name="readUnsignedInt" classname="com.rapid7.client.dcerpc.io.Test_PrimitiveInput" time="0"/>
  <testcase name="readUnsignedShort" classname="com.rapid7.client.dcerpc.io.Test_PrimitiveInput" time="0"/>
  <testcase name="readUnsignedShort" classname="com.rapid7.client.dcerpc.io.Test_PrimitiveInput" time="0"/>
  <testcase name="readUnsignedShort" classname="com.rapid7.client.dcerpc.io.Test_PrimitiveInput" time="0"/>
  <testcase name="test_align" classname="com.rapid7.client.dcerpc.io.Test_PrimitiveInput" time="0"/>
  <testcase name="test_align" classname="com.rapid7.client.dcerpc.io.Test_PrimitiveInput" time="0"/>
  <testcase name="test_align" classname="com.rapid7.client.dcerpc.io.Test_PrimitiveInput" time="0"/>
  <testcase name="test_align" classname="com.rapid7.client.dcerpc.io.Test_PrimitiveInput" time="0"/>
  <testcase name="test_align" classname="com.rapid7.client.dcerpc.io.Test_PrimitiveInput" time="0"/>
  <testcase name="test_align" classname="com.rapid7.client.dcerpc.io.Test_PrimitiveInput" time="0"/>
  <testcase name="test_align" classname="com.rapid7.client.dcerpc.io.Test_PrimitiveInput" time="0"/>
  <testcase name="test_align" classname="com.rapid7.client.dcerpc.io.Test_PrimitiveInput" time="0"/>
  <testcase name="test_align" classname="com.rapid7.client.dcerpc.io.Test_PrimitiveInput" time="0"/>
  <testcase name="test_align" classname="com.rapid7.client.dcerpc.io.Test_PrimitiveInput" time="0"/>
  <testcase name="test_align" classname="com.rapid7.client.dcerpc.io.Test_PrimitiveInput" time="0"/>
  <testcase name="test_align" classname="com.rapid7.client.dcerpc.io.Test_PrimitiveInput" time="0"/>
  <testcase name="test_align" classname="com.rapid7.client.dcerpc.io.Test_PrimitiveInput" time="0"/>
  <testcase name="test_align" classname="com.rapid7.client.dcerpc.io.Test_PrimitiveInput" time="0"/>
  <testcase name="test_align" classname="com.rapid7.client.dcerpc.io.Test_PrimitiveInput" time="0"/>
  <testcase name="test_align" classname="com.rapid7.client.dcerpc.io.Test_PrimitiveInput" time="0"/>
  <testcase name="test_align" classname="com.rapid7.client.dcerpc.io.Test_PrimitiveInput" time="0"/>
  <testcase name="test_align" classname="com.rapid7.client.dcerpc.io.Test_PrimitiveInput" time="0"/>
  <testcase name="test_align" classname="com.rapid7.client.dcerpc.io.Test_PrimitiveInput" time="0"/>
  <testcase name="constructorNullByteBuffer" classname="com.rapid7.client.dcerpc.io.Test_PrimitiveOutput" time="0"/>
  <testcase name="getCount" classname="com.rapid7.client.dcerpc.io.Test_PrimitiveOutput" time="0"/>
  <testcase name="pad" classname="com.rapid7.client.dcerpc.io.Test_PrimitiveOutput" time="0"/>
  <testcase name="pad" classname="com.rapid7.client.dcerpc.io.Test_PrimitiveOutput" time="0"/>
  <testcase name="pad" classname="com.rapid7.client.dcerpc.io.Test_PrimitiveOutput" time="0"/>
  <testcase name="pad" classname="com.rapid7.client.dcerpc.io.Test_PrimitiveOutput" time="0"/>
  <testcase name="pad" classname="com.rapid7.client.dcerpc.io.Test_PrimitiveOutput" time="0"/>
  <testcase name="test_align" classname="com.rapid7.client.dcerpc.io.Test_PrimitiveOutput" time="0"/>
  <testcase name="test_align" classname="com.rapid7.client.dcerpc.io.Test_PrimitiveOutput" time="0"/>
  <testcase name="test_align" classname="com.rapid7.client.dcerpc.io.Test_PrimitiveOutput" time="0"/>
  <testcase name="test_align" classname="com.rapid7.client.dcerpc.io.Test_PrimitiveOutput" time="0"/>
  <testcase name="test_align" classname="com.rapid7.client.dcerpc.io.Test_PrimitiveOutput" time="0"/>
  <testcase name="test_align" classname="com.rapid7.client.dcerpc.io.Test_PrimitiveOutput" time="0.001"/>
  <testcase name="test_align" classname="com.rapid7.client.dcerpc.io.Test_PrimitiveOutput" time="0"/>
  <testcase name="test_align" classname="com.rapid7.client.dcerpc.io.Test_PrimitiveOutput" time="0"/>
  <testcase name="test_align" classname="com.rapid7.client.dcerpc.io.Test_PrimitiveOutput" time="0"/>
  <testcase name="test_align" classname="com.rapid7.client.dcerpc.io.Test_PrimitiveOutput" time="0"/>
  <testcase name="test_align" classname="com.rapid7.client.dcerpc.io.Test_PrimitiveOutput" time="0"/>
  <testcase name="test_align" classname="com.rapid7.client.dcerpc.io.Test_PrimitiveOutput" time="0"/>
  <testcase name="test_align" classname="com.rapid7.client.dcerpc.io.Test_PrimitiveOutput" time="0"/>
  <testcase name="test_align" classname="com.rapid7.client.dcerpc.io.Test_PrimitiveOutput" time="0.001"/>
  <testcase name="test_align" classname="com.rapid7.client.dcerpc.io.Test_PrimitiveOutput" time="0"/>
  <testcase name="test_align" classname="com.rapid7.client.dcerpc.io.Test_PrimitiveOutput" time="0"/>
  <testcase name="test_align" classname="com.rapid7.client.dcerpc.io.Test_PrimitiveOutput" time="0"/>
  <testcase name="test_align" classname="com.rapid7.client.dcerpc.io.Test_PrimitiveOutput" time="0"/>
  <testcase name="write" classname="com.rapid7.client.dcerpc.io.Test_PrimitiveOutput" time="0"/>
  <testcase name="writeArray" classname="com.rapid7.client.dcerpc.io.Test_PrimitiveOutput" time="0"/>
  <testcase name="writeArrayEx" classname="com.rapid7.client.dcerpc.io.Test_PrimitiveOutput" time="0"/>
  <testcase name="writeBoolean" classname="com.rapid7.client.dcerpc.io.Test_PrimitiveOutput" time="0"/>
  <testcase name="writeByte" classname="com.rapid7.client.dcerpc.io.Test_PrimitiveOutput" time="0"/>
  <testcase name="writeBytes" classname="com.rapid7.client.dcerpc.io.Test_PrimitiveOutput" time="0"/>
  <testcase name="writeChar" classname="com.rapid7.client.dcerpc.io.Test_PrimitiveOutput" time="0"/>
  <testcase name="writeChar" classname="com.rapid7.client.dcerpc.io.Test_PrimitiveOutput" time="0"/>
  <testcase name="writeChar" classname="com.rapid7.client.dcerpc.io.Test_PrimitiveOutput" time="0"/>
  <testcase name="writeChar" classname="com.rapid7.client.dcerpc.io.Test_PrimitiveOutput" time="0"/>
  <testcase name="writeChars" classname="com.rapid7.client.dcerpc.io.Test_PrimitiveOutput" time="0"/>
  <testcase name="writeInt" classname="com.rapid7.client.dcerpc.io.Test_PrimitiveOutput" time="0"/>
  <testcase name="writeInt" classname="com.rapid7.client.dcerpc.io.Test_PrimitiveOutput" time="0"/>
  <testcase name="writeInt" classname="com.rapid7.client.dcerpc.io.Test_PrimitiveOutput" time="0"/>
  <testcase name="writeInt" classname="com.rapid7.client.dcerpc.io.Test_PrimitiveOutput" time="0"/>
  <testcase name="writeInt" classname="com.rapid7.client.dcerpc.io.Test_PrimitiveOutput" time="0"/>
  <testcase name="writeInt_long" classname="com.rapid7.client.dcerpc.io.Test_PrimitiveOutput" time="0"/>
  <testcase name="writeInt_long" classname="com.rapid7.client.dcerpc.io.Test_PrimitiveOutput" time="0"/>
  <testcase name="writeInt_long" classname="com.rapid7.client.dcerpc.io.Test_PrimitiveOutput" time="0"/>
  <testcase name="writeInt_long" classname="com.rapid7.client.dcerpc.io.Test_PrimitiveOutput" time="0"/>
  <testcase name="writeInt_long" classname="com.rapid7.client.dcerpc.io.Test_PrimitiveOutput" time="0"/>
  <testcase name="writeInt_long" classname="com.rapid7.client.dcerpc.io.Test_PrimitiveOutput" time="0"/>
  <testcase name="writeInt_long" classname="com.rapid7.client.dcerpc.io.Test_PrimitiveOutput" time="0"/>
  <testcase name="writeInt_long" classname="com.rapid7.client.dcerpc.io.Test_PrimitiveOutput" time="0.001"/>
  <testcase name="writeLong" classname="com.rapid7.client.dcerpc.io.Test_PrimitiveOutput" time="0"/>
  <testcase name="writeLong" classname="com.rapid7.client.dcerpc.io.Test_PrimitiveOutput" time="0"/>
  <testcase name="writeLong" classname="com.rapid7.client.dcerpc.io.Test_PrimitiveOutput" time="0"/>
  <testcase name="writeLong" classname="com.rapid7.client.dcerpc.io.Test_PrimitiveOutput" time="0"/>
  <testcase name="writeShort" classname="com.rapid7.client.dcerpc.io.Test_PrimitiveOutput" time="0"/>
  <testcase name="writeShort" classname="com.rapid7.client.dcerpc.io.Test_PrimitiveOutput" time="0"/>
  <testcase name="writeShort" classname="com.rapid7.client.dcerpc.io.Test_PrimitiveOutput" time="0"/>
  <testcase name="writeShort" classname="com.rapid7.client.dcerpc.io.Test_PrimitiveOutput" time="0"/>
  <testcase name="writeShort" classname="com.rapid7.client.dcerpc.io.Test_PrimitiveOutput" time="0"/>
  <testcase name="writeShort" classname="com.rapid7.client.dcerpc.io.Test_PrimitiveOutput" time="0"/>
  <testcase name="writeShort" classname="com.rapid7.client.dcerpc.io.Test_PrimitiveOutput" time="0"/>
  <testcase name="writeShort" classname="com.rapid7.client.dcerpc.io.Test_PrimitiveOutput" time="0"/>
  <testcase name="test_equals" classname="com.rapid7.client.dcerpc.dto.Test_SID" time="0"/>
  <testcase name="test_fromString" classname="com.rapid7.client.dcerpc.dto.Test_SID" time="0"/>
  <testcase name="test_fromString_Malformed" classname="com.rapid7.client.dcerpc.dto.Test_SID" time="0"/>
  <testcase name="test_fromString_NoIdentifierAuthority" classname="com.rapid7.client.dcerpc.dto.Test_SID" time="0"/>
  <testcase name="test_fromString_NoSPrefix" classname="com.rapid7.client.dcerpc.dto.Test_SID" time="0"/>
  <testcase name="test_fromString_noSubAuthority" classname="com.rapid7.client.dcerpc.dto.Test_SID" time="0"/>
  <testcase name="test_getters" classname="com.rapid7.client.dcerpc.dto.Test_SID" time="0"/>
  <testcase name="test_hashCode" classname="com.rapid7.client.dcerpc.dto.Test_SID" time="0"/>
  <testcase name="test_init_IdentifierAuthorityWrongLength" classname="com.rapid7.client.dcerpc.dto.Test_SID" time="0"/>
  <testcase name="test_init_NullIdentifierAuthority" classname="com.rapid7.client.dcerpc.dto.Test_SID" time="0"/>
  <testcase name="test_init_NullSubAuthorities" classname="com.rapid7.client.dcerpc.dto.Test_SID" time="0"/>
  <testcase name="test_init_SubAuthoritiesWrongLength" classname="com.rapid7.client.dcerpc.dto.Test_SID" time="0"/>
  <testcase name="test_resolveRelativeID" classname="com.rapid7.client.dcerpc.dto.Test_SID" time="0"/>
  <testcase name="test_to_and_from_String" classname="com.rapid7.client.dcerpc.dto.Test_SID" time="0"/>
  <testcase name="test_equals" classname="com.rapid7.client.dcerpc.dto.Test_ContextHandle" time="0"/>
  <testcase name="test_getBytes" classname="com.rapid7.client.dcerpc.dto.Test_ContextHandle" time="0"/>
  <testcase name="test_hashCode" classname="com.rapid7.client.dcerpc.dto.Test_ContextHandle" time="0"/>
  <testcase name="test_init_large" classname="com.rapid7.client.dcerpc.dto.Test_ContextHandle" time="0"/>
  <testcase name="test_init_null" classname="com.rapid7.client.dcerpc.dto.Test_ContextHandle" time="0"/>
  <testcase name="test_init_small" classname="com.rapid7.client.dcerpc.dto.Test_ContextHandle" time="0.001"/>
  <testcase name="test_toString" classname="com.rapid7.client.dcerpc.dto.Test_ContextHandle" time="0"/>
  <testcase name="test_getOpNum" classname="com.rapid7.client.dcerpc.mssamr.messages.Test_SamrQueryInformationAliasRequest" time="0"/>
  <testcase name="test_getResponseObject" classname="com.rapid7.client.dcerpc.mssamr.messages.Test_SamrQueryInformationAliasRequest" time="0.001"/>
  <testcase name="test_marshall" classname="com.rapid7.client.dcerpc.mssamr.messages.Test_SamrQueryInformationAliasRequest" time="0"/>
  <testcase name="test_getOpNum" classname="com.rapid7.client.dcerpc.mssamr.messages.Test_SamrQueryInformationGroupRequest" time="0"/>
  <testcase name="test_getResponseObject" classname="com.rapid7.client.dcerpc.mssamr.messages.Test_SamrQueryInformationGroupRequest" time="0"/>
  <testcase name="test_marshall" classname="com.rapid7.client.dcerpc.mssamr.messages.Test_SamrQueryInformationGroupRequest" time="0"/>
  <testcase name="test_getOpNum" classname="com.rapid7.client.dcerpc.mssamr.messages.Test_SamrGetMembersInAliasRequest" time="0"/>
  <testcase name="test_getResponseObject" classname="com.rapid7.client.dcerpc.mssamr.messages.Test_SamrGetMembersInAliasRequest" time="0"/>
  <testcase name="test_getters" classname="com.rapid7.client.dcerpc.mssamr.messages.Test_SamrQueryInformationAliasResponse" time="0"/>
  <testcase name="test_unmarshal" classname="com.rapid7.client.dcerpc.mssamr.messages.Test_SamrQueryInformationAliasResponse" time="0.001"/>
  <testcase name="test_unmarshal_InvalidTag" classname="com.rapid7.client.dcerpc.mssamr.messages.Test_SamrQueryInformationAliasResponse" time="0.001"/>
  <testcase name="test_unmarshall_Null" classname="com.rapid7.client.dcerpc.mssamr.messages.Test_SamrQueryInformationAliasResponse" time="0"/>
  <testcase name="test_getters" classname="com.rapid7.client.dcerpc.mssamr.messages.Test_SamrQueryInformationUserResponse" time="0"/>
  <testcase name="test_unmarshal" classname="com.rapid7.client.dcerpc.mssamr.messages.Test_SamrQueryInformationUserResponse" time="0.001"/>
  <testcase name="test_unmarshal_InvalidTag" classname="com.rapid7.client.dcerpc.mssamr.messages.Test_SamrQueryInformationUserResponse" time="0"/>
  <testcase name="test_unmarshall_Null" classname="com.rapid7.client.dcerpc.mssamr.messages.Test_SamrQueryInformationUserResponse" time="0.001"/>
  <testcase name="test_getters_default" classname="com.rapid7.client.dcerpc.mssamr.messages.Test_SamrQuerySecurityObjectResponse" time="0"/>
  <testcase name="test_unmarshal" classname="com.rapid7.client.dcerpc.mssamr.messages.Test_SamrQuerySecurityObjectResponse" time="0.001"/>
  <testcase name="test_unmarshal_null" classname="com.rapid7.client.dcerpc.mssamr.messages.Test_SamrQuerySecurityObjectResponse" time="0"/>
  <testcase name="test_DomainHandleNull" classname="com.rapid7.client.dcerpc.mssamr.messages.Test_SamrLookupNamesInDomainRequest" time="0.002"/>
  <testcase name="test_NamesNull" classname="com.rapid7.client.dcerpc.mssamr.messages.Test_SamrLookupNamesInDomainRequest" time="0"/>
  <testcase name="test_NamesTooLong" classname="com.rapid7.client.dcerpc.mssamr.messages.Test_SamrLookupNamesInDomainRequest" time="0"/>
  <testcase name="test_getters" classname="com.rapid7.client.dcerpc.mssamr.messages.Test_SamrLookupNamesInDomainRequest" time="0"/>
  <testcase name="test_marshall" classname="com.rapid7.client.dcerpc.mssamr.messages.Test_SamrLookupNamesInDomainRequest" time="0.001"/>
  <testcase name="test_getters" classname="com.rapid7.client.dcerpc.mssamr.messages.Test_SamrLookupDomainInSamServerRequest" time="0.002"/>
  <testcase name="test_marshal" classname="com.rapid7.client.dcerpc.mssamr.messages.Test_SamrLookupDomainInSamServerRequest" time="0"/>
  <testcase name="test_getters" classname="com.rapid7.client.dcerpc.mssamr.messages.Test_SamrLookupDomainInSamServerResponse" time="0"/>
  <testcase name="test_unmarshal" classname="com.rapid7.client.dcerpc.mssamr.messages.Test_SamrLookupDomainInSamServerResponse" time="0"/>
  <testcase name="test_unmarshal" classname="com.rapid7.client.dcerpc.mssamr.messages.Test_SamrLookupDomainInSamServerResponse" time="0"/>
  <testcase name="test_getters" classname="com.rapid7.client.dcerpc.mssamr.messages.Test_SamrQueryInformationGroupResponse" time="0.001"/>
  <testcase name="test_unmarshal" classname="com.rapid7.client.dcerpc.mssamr.messages.Test_SamrQueryInformationGroupResponse" time="0.001"/>
  <testcase name="test_unmarshal_InvalidTag" classname="com.rapid7.client.dcerpc.mssamr.messages.Test_SamrQueryInformationGroupResponse" time="0"/>
  <testcase name="test_unmarshall_Null" classname="com.rapid7.client.dcerpc.mssamr.messages.Test_SamrQueryInformationGroupResponse" time="0.001"/>
  <testcase name="test_getters" classname="com.rapid7.client.dcerpc.mssamr.messages.Test_SamrLookupNamesInDomainResponse" time="0"/>
  <testcase name="test_unmarshal" classname="com.rapid7.client.dcerpc.mssamr.messages.Test_SamrLookupNamesInDomainResponse" time="0.001"/>
  <testcase name="test_getters" classname="com.rapid7.client.dcerpc.mssamr.messages.Test_SamrQuerySecurityObjectRequest" time="0"/>
  <testcase name="test_marshall" classname="com.rapid7.client.dcerpc.mssamr.messages.Test_SamrQuerySecurityObjectRequest" time="0.001"/>
  <testcase name="test_getOpNum" classname="com.rapid7.client.dcerpc.mssamr.messages.Test_SamrQueryInformationUserRequest" time="0"/>
  <testcase name="test_getResponseObject" classname="com.rapid7.client.dcerpc.mssamr.messages.Test_SamrQueryInformationUserRequest" time="0"/>
  <testcase name="test_marshall" classname="com.rapid7.client.dcerpc.mssamr.messages.Test_SamrQueryInformationUserRequest" time="0"/>
  <testcase name="test_getInfoLevel" classname="com.rapid7.client.dcerpc.mssamr.objects.Test_UserInformationClass" time="0"/>
  <testcase name="test_equals" classname="com.rapid7.client.dcerpc.mssamr.objects.Test_SAMPRGroupGeneralInformation" time="0"/>
  <testcase name="test_getters" classname="com.rapid7.client.dcerpc.mssamr.objects.Test_SAMPRGroupGeneralInformation" time="0"/>
  <testcase name="test_hashCode" classname="com.rapid7.client.dcerpc.mssamr.objects.Test_SAMPRGroupGeneralInformation" time="0"/>
  <testcase name="test_setters" classname="com.rapid7.client.dcerpc.mssamr.objects.Test_SAMPRGroupGeneralInformation" time="0"/>
  <testcase name="test_toString" classname="com.rapid7.client.dcerpc.mssamr.objects.Test_SAMPRGroupGeneralInformation" time="0"/>
  <testcase name="test_toString_defaults" classname="com.rapid7.client.dcerpc.mssamr.objects.Test_SAMPRGroupGeneralInformation" time="0"/>
  <testcase name="test_unmarshalDeferrals" classname="com.rapid7.client.dcerpc.mssamr.objects.Test_SAMPRGroupGeneralInformation" time="0"/>
  <testcase name="test_unmarshalDeferrals" classname="com.rapid7.client.dcerpc.mssamr.objects.Test_SAMPRGroupGeneralInformation" time="0"/>
  <testcase name="test_unmarshalDeferrals" classname="com.rapid7.client.dcerpc.mssamr.objects.Test_SAMPRGroupGeneralInformation" time="0.001"/>
  <testcase name="test_unmarshalDeferrals" classname="com.rapid7.client.dcerpc.mssamr.objects.Test_SAMPRGroupGeneralInformation" time="0"/>
  <testcase name="test_unmarshalDeferrals" classname="com.rapid7.client.dcerpc.mssamr.objects.Test_SAMPRGroupGeneralInformation" time="0"/>
  <testcase name="test_unmarshalEntity" classname="com.rapid7.client.dcerpc.mssamr.objects.Test_SAMPRGroupGeneralInformation" time="0"/>
  <testcase name="test_unmarshalEntity" classname="com.rapid7.client.dcerpc.mssamr.objects.Test_SAMPRGroupGeneralInformation" time="0"/>
  <testcase name="test_unmarshalEntity" classname="com.rapid7.client.dcerpc.mssamr.objects.Test_SAMPRGroupGeneralInformation" time="0"/>
  <testcase name="test_unmarshalEntity" classname="com.rapid7.client.dcerpc.mssamr.objects.Test_SAMPRGroupGeneralInformation" time="0"/>
  <testcase name="test_unmarshalEntity" classname="com.rapid7.client.dcerpc.mssamr.objects.Test_SAMPRGroupGeneralInformation" time="0"/>
  <testcase name="test_unmarshalPremable" classname="com.rapid7.client.dcerpc.mssamr.objects.Test_SAMPRGroupGeneralInformation" time="0"/>
  <testcase name="test_equals" classname="com.rapid7.client.dcerpc.mssamr.objects.Test_SAMPRULongArray" time="0"/>
  <testcase name="test_getters" classname="com.rapid7.client.dcerpc.mssamr.objects.Test_SAMPRULongArray" time="0.001"/>
  <testcase name="test_hashCode" classname="com.rapid7.client.dcerpc.mssamr.objects.Test_SAMPRULongArray" time="0"/>
  <testcase name="test_setters" classname="com.rapid7.client.dcerpc.mssamr.objects.Test_SAMPRULongArray" time="0"/>
  <testcase name="test_toString" classname="com.rapid7.client.dcerpc.mssamr.objects.Test_SAMPRULongArray" time="0"/>
  <testcase name="test_toString_default" classname="com.rapid7.client.dcerpc.mssamr.objects.Test_SAMPRULongArray" time="0"/>
  <testcase name="test_unmarshalDeferrals" classname="com.rapid7.client.dcerpc.mssamr.objects.Test_SAMPRULongArray" time="0"/>
  <testcase name="test_unmarshalDeferrals" classname="com.rapid7.client.dcerpc.mssamr.objects.Test_SAMPRULongArray" time="0"/>
  <testcase name="test_unmarshalDeferrals" classname="com.rapid7.client.dcerpc.mssamr.objects.Test_SAMPRULongArray" time="0"/>
  <testcase name="test_unmarshalDeferrals" classname="com.rapid7.client.dcerpc.mssamr.objects.Test_SAMPRULongArray" time="0"/>
  <testcase name="test_unmarshalDeferrals" classname="com.rapid7.client.dcerpc.mssamr.objects.Test_SAMPRULongArray" time="0"/>
  <testcase name="test_unmarshalEntity" classname="com.rapid7.client.dcerpc.mssamr.objects.Test_SAMPRULongArray" time="0"/>
  <testcase name="test_unmarshalEntity" classname="com.rapid7.client.dcerpc.mssamr.objects.Test_SAMPRULongArray" time="0"/>
  <testcase name="test_unmarshalEntity" classname="com.rapid7.client.dcerpc.mssamr.objects.Test_SAMPRULongArray" time="0"/>
  <testcase name="test_unmarshalEntity" classname="com.rapid7.client.dcerpc.mssamr.objects.Test_SAMPRULongArray" time="0.003"/>
  <testcase name="test_unmarshalEntity" classname="com.rapid7.client.dcerpc.mssamr.objects.Test_SAMPRULongArray" time="0"/>
  <testcase name="test_unmarshalPreamble" classname="com.rapid7.client.dcerpc.mssamr.objects.Test_SAMPRULongArray" time="0"/>
  <testcase name="test_getInfoLevel" classname="com.rapid7.client.dcerpc.mssamr.objects.Test_GroupInformationClass" time="0"/>
  <testcase name="test_getInfoLevel" classname="com.rapid7.client.dcerpc.mssamr.objects.Test_AliasInformationClass" time="0"/>
  <testcase name="test_equals" classname="com.rapid7.client.dcerpc.mssamr.objects.Test_SAMPRUserAllInformation" time="0.003"/>
  <testcase name="test_getters_default" classname="com.rapid7.client.dcerpc.mssamr.objects.Test_SAMPRUserAllInformation" time="0"/>
  <testcase name="test_hashCode" classname="com.rapid7.client.dcerpc.mssamr.objects.Test_SAMPRUserAllInformation" time="0.002"/>
  <testcase name="test_setters" classname="com.rapid7.client.dcerpc.mssamr.objects.Test_SAMPRUserAllInformation" time="0"/>
  <testcase name="test_toString" classname="com.rapid7.client.dcerpc.mssamr.objects.Test_SAMPRUserAllInformation" time="0"/>
  <testcase name="test_toString_defaults" classname="com.rapid7.client.dcerpc.mssamr.objects.Test_SAMPRUserAllInformation" time="0.001"/>
  <testcase name="test_unmarshalDeferrals" classname="com.rapid7.client.dcerpc.mssamr.objects.Test_SAMPRUserAllInformation" time="0"/>
  <testcase name="test_unmarshalEntity" classname="com.rapid7.client.dcerpc.mssamr.objects.Test_SAMPRUserAllInformation" time="0"/>
  <testcase name="test_unmarshalPreamble" classname="com.rapid7.client.dcerpc.mssamr.objects.Test_SAMPRUserAllInformation" time="0"/>
  <testcase name="test_equals" classname="com.rapid7.client.dcerpc.mssamr.objects.Test_SAMPRLogonHours" time="0.001"/>
  <testcase name="test_getters_default" classname="com.rapid7.client.dcerpc.mssamr.objects.Test_SAMPRLogonHours" time="0"/>
  <testcase name="test_hashCode" classname="com.rapid7.client.dcerpc.mssamr.objects.Test_SAMPRLogonHours" time="0"/>
  <testcase name="test_setters" classname="com.rapid7.client.dcerpc.mssamr.objects.Test_SAMPRLogonHours" time="0"/>
  <testcase name="test_toString" classname="com.rapid7.client.dcerpc.mssamr.objects.Test_SAMPRLogonHours" time="0"/>
  <testcase name="test_toString_default" classname="com.rapid7.client.dcerpc.mssamr.objects.Test_SAMPRLogonHours" time="0.001"/>
  <testcase name="test_unmarshalDeferrals" classname="com.rapid7.client.dcerpc.mssamr.objects.Test_SAMPRLogonHours" time="0"/>
  <testcase name="test_unmarshalDeferrals" classname="com.rapid7.client.dcerpc.mssamr.objects.Test_SAMPRLogonHours" time="0"/>
  <testcase name="test_unmarshalDeferrals" classname="com.rapid7.client.dcerpc.mssamr.objects.Test_SAMPRLogonHours" time="0"/>
  <testcase name="test_unmarshalDeferrals" classname="com.rapid7.client.dcerpc.mssamr.objects.Test_SAMPRLogonHours" time="0"/>
  <testcase name="test_unmarshalDeferrals" classname="com.rapid7.client.dcerpc.mssamr.objects.Test_SAMPRLogonHours" time="0"/>
  <testcase name="test_unmarshalDeferrals" classname="com.rapid7.client.dcerpc.mssamr.objects.Test_SAMPRLogonHours" time="0.001"/>
  <testcase name="test_unmarshalEntity" classname="com.rapid7.client.dcerpc.mssamr.objects.Test_SAMPRLogonHours" time="0"/>
  <testcase name="test_unmarshalEntity" classname="com.rapid7.client.dcerpc.mssamr.objects.Test_SAMPRLogonHours" time="0"/>
  <testcase name="test_unmarshalEntity" classname="com.rapid7.client.dcerpc.mssamr.objects.Test_SAMPRLogonHours" time="0"/>
  <testcase name="test_unmarshalEntity" classname="com.rapid7.client.dcerpc.mssamr.objects.Test_SAMPRLogonHours" time="0"/>
  <testcase name="test_unmarshalEntity" classname="com.rapid7.client.dcerpc.mssamr.objects.Test_SAMPRLogonHours" time="0"/>
  <testcase name="test_unmarshalEntity" classname="com.rapid7.client.dcerpc.mssamr.objects.Test_SAMPRLogonHours" time="0"/>
  <testcase name="test_unmarshalEntity" classname="com.rapid7.client.dcerpc.mssamr.objects.Test_SAMPRLogonHours" time="0"/>
  <testcase name="test_unmarshalEntity" classname="com.rapid7.client.dcerpc.mssamr.objects.Test_SAMPRLogonHours" time="0"/>
  <testcase name="test_unmarshalEntity" classname="com.rapid7.client.dcerpc.mssamr.objects.Test_SAMPRLogonHours" time="0"/>
  <testcase name="test_unmarshalEntity" classname="com.rapid7.client.dcerpc.mssamr.objects.Test_SAMPRLogonHours" time="0"/>
  <testcase name="test_unmarshalEntity" classname="com.rapid7.client.dcerpc.mssamr.objects.Test_SAMPRLogonHours" time="0.001"/>
  <testcase name="test_unmarshalEntity" classname="com.rapid7.client.dcerpc.mssamr.objects.Test_SAMPRLogonHours" time="0"/>
  <testcase name="test_unmarshalPreamble" classname="com.rapid7.client.dcerpc.mssamr.objects.Test_SAMPRLogonHours" time="0"/>
  <testcase name="test_equals" classname="com.rapid7.client.dcerpc.mssamr.objects.Test_SAMPRAliasGeneralInformation" time="0.001"/>
  <testcase name="test_getters" classname="com.rapid7.client.dcerpc.mssamr.objects.Test_SAMPRAliasGeneralInformation" time="0"/>
  <testcase name="test_hashCode" classname="com.rapid7.client.dcerpc.mssamr.objects.Test_SAMPRAliasGeneralInformation" time="0"/>
  <testcase name="test_setters" classname="com.rapid7.client.dcerpc.mssamr.objects.Test_SAMPRAliasGeneralInformation" time="0"/>
  <testcase name="test_toString" classname="com.rapid7.client.dcerpc.mssamr.objects.Test_SAMPRAliasGeneralInformation" time="0"/>
  <testcase name="test_toString_defaults" classname="com.rapid7.client.dcerpc.mssamr.objects.Test_SAMPRAliasGeneralInformation" time="0"/>
  <testcase name="test_unmarshalDeferrals" classname="com.rapid7.client.dcerpc.mssamr.objects.Test_SAMPRAliasGeneralInformation" time="0"/>
  <testcase name="test_unmarshalDeferrals" classname="com.rapid7.client.dcerpc.mssamr.objects.Test_SAMPRAliasGeneralInformation" time="0"/>
  <testcase name="test_unmarshalDeferrals" classname="com.rapid7.client.dcerpc.mssamr.objects.Test_SAMPRAliasGeneralInformation" time="0"/>
  <testcase name="test_unmarshalDeferrals" classname="com.rapid7.client.dcerpc.mssamr.objects.Test_SAMPRAliasGeneralInformation" time="0"/>
  <testcase name="test_unmarshalDeferrals" classname="com.rapid7.client.dcerpc.mssamr.objects.Test_SAMPRAliasGeneralInformation" time="0"/>
  <testcase name="test_unmarshalEntity" classname="com.rapid7.client.dcerpc.mssamr.objects.Test_SAMPRAliasGeneralInformation" time="0"/>
  <testcase name="test_unmarshalEntity" classname="com.rapid7.client.dcerpc.mssamr.objects.Test_SAMPRAliasGeneralInformation" time="0"/>
  <testcase name="test_unmarshalEntity" classname="com.rapid7.client.dcerpc.mssamr.objects.Test_SAMPRAliasGeneralInformation" time="0"/>
  <testcase name="test_unmarshalEntity" classname="com.rapid7.client.dcerpc.mssamr.objects.Test_SAMPRAliasGeneralInformation" time="0"/>
  <testcase name="test_unmarshalEntity" classname="com.rapid7.client.dcerpc.mssamr.objects.Test_SAMPRAliasGeneralInformation" time="0"/>
  <testcase name="test_unmarshalPremable" classname="com.rapid7.client.dcerpc.mssamr.objects.Test_SAMPRAliasGeneralInformation" time="0"/>
  <testcase name="test_equals" classname="com.rapid7.client.dcerpc.mssamr.objects.Test_SAMPRSRSecurityDescriptor" time="0"/>
  <testcase name="test_getters_default" classname="com.rapid7.client.dcerpc.mssamr.objects.Test_SAMPRSRSecurityDescriptor" time="0"/>
  <testcase name="test_hashCode" classname="com.rapid7.client.dcerpc.mssamr.objects.Test_SAMPRSRSecurityDescriptor" time="0"/>
  <testcase name="test_setters" classname="com.rapid7.client.dcerpc.mssamr.objects.Test_SAMPRSRSecurityDescriptor" time="0"/>
  <testcase name="test_toString" classname="com.rapid7.client.dcerpc.mssamr.objects.Test_SAMPRSRSecurityDescriptor" time="0"/>
  <testcase name="test_toString_defaults" classname="com.rapid7.client.dcerpc.mssamr.objects.Test_SAMPRSRSecurityDescriptor" time="0"/>
  <testcase name="test_unmarshalDeferrals" classname="com.rapid7.client.dcerpc.mssamr.objects.Test_SAMPRSRSecurityDescriptor" time="0"/>
  <testcase name="test_unmarshalDeferrals" classname="com.rapid7.client.dcerpc.mssamr.objects.Test_SAMPRSRSecurityDescriptor" time="0"/>
  <testcase name="test_unmarshalDeferrals" classname="com.rapid7.client.dcerpc.mssamr.objects.Test_SAMPRSRSecurityDescriptor" time="0"/>
  <testcase name="test_unmarshalDeferrals" classname="com.rapid7.client.dcerpc.mssamr.objects.Test_SAMPRSRSecurityDescriptor" time="0"/>
  <testcase name="test_unmarshalDeferrals" classname="com.rapid7.client.dcerpc.mssamr.objects.Test_SAMPRSRSecurityDescriptor" time="0"/>
  <testcase name="test_unmarshalEntity" classname="com.rapid7.client.dcerpc.mssamr.objects.Test_SAMPRSRSecurityDescriptor" time="0"/>
  <testcase name="test_unmarshalEntity" classname="com.rapid7.client.dcerpc.mssamr.objects.Test_SAMPRSRSecurityDescriptor" time="0"/>
  <testcase name="test_unmarshalEntity" classname="com.rapid7.client.dcerpc.mssamr.objects.Test_SAMPRSRSecurityDescriptor" time="0"/>
  <testcase name="test_unmarshalEntity" classname="com.rapid7.client.dcerpc.mssamr.objects.Test_SAMPRSRSecurityDescriptor" time="0"/>
  <testcase name="test_unmarshalEntity" classname="com.rapid7.client.dcerpc.mssamr.objects.Test_SAMPRSRSecurityDescriptor" time="0"/>
  <testcase name="test_unmarshalEntity" classname="com.rapid7.client.dcerpc.mssamr.objects.Test_SAMPRSRSecurityDescriptor" time="0"/>
  <testcase name="test_unmarshalEntity" classname="com.rapid7.client.dcerpc.mssamr.objects.Test_SAMPRSRSecurityDescriptor" time="0"/>
  <testcase name="test_unmarshalEntity_IndexTooLarge" classname="com.rapid7.client.dcerpc.mssamr.objects.Test_SAMPRSRSecurityDescriptor" time="0.006"/>
  <testcase name="test_unmarshalPreamble" classname="com.rapid7.client.dcerpc.mssamr.objects.Test_SAMPRSRSecurityDescriptor" time="0"/>
  <testcase name="test_equals" classname="com.rapid7.client.dcerpc.mssamr.dto.Test_GroupGeneralInformation" time="0"/>
  <testcase name="test_getters" classname="com.rapid7.client.dcerpc.mssamr.dto.Test_GroupGeneralInformation" time="0"/>
  <testcase name="test_hashCode" classname="com.rapid7.client.dcerpc.mssamr.dto.Test_GroupGeneralInformation" time="0"/>
  <testcase name="test_toString" classname="com.rapid7.client.dcerpc.mssamr.dto.Test_GroupGeneralInformation" time="0"/>
  <testcase name="test_toString_nulls" classname="com.rapid7.client.dcerpc.mssamr.dto.Test_GroupGeneralInformation" time="0"/>
  <testcase name="test_init" classname="com.rapid7.client.dcerpc.mssamr.dto.Test_AliasHandle" time="0"/>
  <testcase name="test_init" classname="com.rapid7.client.dcerpc.mssamr.dto.Test_GroupHandle" time="0"/>
  <testcase name="test_init" classname="com.rapid7.client.dcerpc.mssamr.dto.Test_UserHandle" time="0.001"/>
  <testcase name="test_equals" classname="com.rapid7.client.dcerpc.mssamr.dto.Test_AliasGeneralInformation" time="0"/>
  <testcase name="test_getters" classname="com.rapid7.client.dcerpc.mssamr.dto.Test_AliasGeneralInformation" time="0.002"/>
  <testcase name="test_hashCode" classname="com.rapid7.client.dcerpc.mssamr.dto.Test_AliasGeneralInformation" time="0"/>
  <testcase name="test_toString" classname="com.rapid7.client.dcerpc.mssamr.dto.Test_AliasGeneralInformation" time="0"/>
  <testcase name="test_toString_nulls" classname="com.rapid7.client.dcerpc.mssamr.dto.Test_AliasGeneralInformation" time="0"/>
  <testcase name="test_equals" classname="com.rapid7.client.dcerpc.mssamr.dto.Test_MembershipWithNameAndUse" time="0.002"/>
  <testcase name="test_getters" classname="com.rapid7.client.dcerpc.mssamr.dto.Test_MembershipWithNameAndUse" time="0"/>
  <testcase name="test_hashCode" classname="com.rapid7.client.dcerpc.mssamr.dto.Test_MembershipWithNameAndUse" time="0"/>
  <testcase name="test_toString" classname="com.rapid7.client.dcerpc.mssamr.dto.Test_MembershipWithNameAndUse" time="0"/>
  <testcase name="test_toString_nulls" classname="com.rapid7.client.dcerpc.mssamr.dto.Test_MembershipWithNameAndUse" time="0"/>
  <testcase name="test_use_Unknown" classname="com.rapid7.client.dcerpc.mssamr.dto.Test_MembershipWithNameAndUse" time="0"/>
  <testcase name="test_equals" classname="com.rapid7.client.dcerpc.mssamr.dto.Test_Membership" time="0"/>
  <testcase name="test_getters" classname="com.rapid7.client.dcerpc.mssamr.dto.Test_Membership" time="0"/>
  <testcase name="test_hashCode" classname="com.rapid7.client.dcerpc.mssamr.dto.Test_Membership" time="0"/>
  <testcase name="test_toString" classname="com.rapid7.client.dcerpc.mssamr.dto.Test_Membership" time="0"/>
  <testcase name="test_equals" classname="com.rapid7.client.dcerpc.mssamr.dto.Test_MembershipWithUse" time="0"/>
  <testcase name="test_getUse_unknown" classname="com.rapid7.client.dcerpc.mssamr.dto.Test_MembershipWithUse" time="0"/>
  <testcase name="test_getters" classname="com.rapid7.client.dcerpc.mssamr.dto.Test_MembershipWithUse" time="0"/>
  <testcase name="test_hashCode" classname="com.rapid7.client.dcerpc.mssamr.dto.Test_MembershipWithUse" time="0"/>
  <testcase name="test_toString" classname="com.rapid7.client.dcerpc.mssamr.dto.Test_MembershipWithUse" time="0"/>
  <testcase name="test_toString_useUnknown" classname="com.rapid7.client.dcerpc.mssamr.dto.Test_MembershipWithUse" time="0"/>
  <testcase name="test_init" classname="com.rapid7.client.dcerpc.mssamr.dto.Test_DomainHandle" time="0"/>
  <testcase name="test_equals" classname="com.rapid7.client.dcerpc.mssamr.dto.Test_MembershipWithName" time="0"/>
  <testcase name="test_getters" classname="com.rapid7.client.dcerpc.mssamr.dto.Test_MembershipWithName" time="0"/>
  <testcase name="test_hashCode" classname="com.rapid7.client.dcerpc.mssamr.dto.Test_MembershipWithName" time="0"/>
  <testcase name="test_toString" classname="com.rapid7.client.dcerpc.mssamr.dto.Test_MembershipWithName" time="0"/>
  <testcase name="test_toString_null" classname="com.rapid7.client.dcerpc.mssamr.dto.Test_MembershipWithName" time="0"/>
  <testcase name="test_equals" classname="com.rapid7.client.dcerpc.mssamr.dto.Test_DomainLogoffInfo" time="0.001"/>
  <testcase name="test_getters" classname="com.rapid7.client.dcerpc.mssamr.dto.Test_DomainLogoffInfo" time="0"/>
  <testcase name="test_hashCode" classname="com.rapid7.client.dcerpc.mssamr.dto.Test_DomainLogoffInfo" time="0"/>
  <testcase name="test_toString" classname="com.rapid7.client.dcerpc.mssamr.dto.Test_DomainLogoffInfo" time="0"/>
  <testcase name="test_equals" classname="com.rapid7.client.dcerpc.mssamr.dto.Test_DomainDisplayGroup" time="0.001"/>
  <testcase name="test_getters" classname="com.rapid7.client.dcerpc.mssamr.dto.Test_DomainDisplayGroup" time="0"/>
  <testcase name="test_hashCode" classname="com.rapid7.client.dcerpc.mssamr.dto.Test_DomainDisplayGroup" time="0.001"/>
  <testcase name="test_toString" classname="com.rapid7.client.dcerpc.mssamr.dto.Test_DomainDisplayGroup" time="0"/>
  <testcase name="test_toString_null" classname="com.rapid7.client.dcerpc.mssamr.dto.Test_DomainDisplayGroup" time="0"/>
  <testcase name="test_equals" classname="com.rapid7.client.dcerpc.mssamr.dto.Test_DomainPasswordInformation" time="0.002"/>
  <testcase name="test_getters" classname="com.rapid7.client.dcerpc.mssamr.dto.Test_DomainPasswordInformation" time="0.001"/>
  <testcase name="test_hashCode" classname="com.rapid7.client.dcerpc.mssamr.dto.Test_DomainPasswordInformation" time="0"/>
  <testcase name="test_isDomainPasswordComplex" classname="com.rapid7.client.dcerpc.mssamr.dto.Test_DomainPasswordInformation" time="0"/>
  <testcase name="test_isDomainPasswordComplex" classname="com.rapid7.client.dcerpc.mssamr.dto.Test_DomainPasswordInformation" time="0"/>
  <testcase name="test_isDomainPasswordComplex" classname="com.rapid7.client.dcerpc.mssamr.dto.Test_DomainPasswordInformation" time="0"/>
  <testcase name="test_isDomainPasswordNoAnonChange" classname="com.rapid7.client.dcerpc.mssamr.dto.Test_DomainPasswordInformation" time="0"/>
  <testcase name="test_isDomainPasswordNoAnonChange" classname="com.rapid7.client.dcerpc.mssamr.dto.Test_DomainPasswordInformation" time="0"/>
  <testcase name="test_isDomainPasswordNoAnonChange" classname="com.rapid7.client.dcerpc.mssamr.dto.Test_DomainPasswordInformation" time="0"/>
  <testcase name="test_isDomainPasswordStoredClearText" classname="com.rapid7.client.dcerpc.mssamr.dto.Test_DomainPasswordInformation" time="0"/>
  <testcase name="test_isDomainPasswordStoredClearText" classname="com.rapid7.client.dcerpc.mssamr.dto.Test_DomainPasswordInformation" time="0"/>
  <testcase name="test_isDomainPasswordStoredClearText" classname="com.rapid7.client.dcerpc.mssamr.dto.Test_DomainPasswordInformation" time="0"/>
  <testcase name="test_toString" classname="com.rapid7.client.dcerpc.mssamr.dto.Test_DomainPasswordInformation" time="0"/>
  <testcase name="test_equals" classname="com.rapid7.client.dcerpc.mssamr.dto.Test_DomainDisplay" time="0.001"/>
  <testcase name="test_getters" classname="com.rapid7.client.dcerpc.mssamr.dto.Test_DomainDisplay" time="0"/>
  <testcase name="test_hashCode" classname="com.rapid7.client.dcerpc.mssamr.dto.Test_DomainDisplay" time="0"/>
  <testcase name="test_toString" classname="com.rapid7.client.dcerpc.mssamr.dto.Test_DomainDisplay" time="0"/>
  <testcase name="test_toString_null" classname="com.rapid7.client.dcerpc.mssamr.dto.Test_DomainDisplay" time="0"/>
  <testcase name="test_equals" classname="com.rapid7.client.dcerpc.mssamr.dto.Test_DomainPasswordInfo" time="0.001"/>
  <testcase name="test_getters" classname="com.rapid7.client.dcerpc.mssamr.dto.Test_DomainPasswordInfo" time="0"/>
  <testcase name="test_hashCode" classname="com.rapid7.client.dcerpc.mssamr.dto.Test_DomainPasswordInfo" time="0"/>
  <testcase name="test_isDomainPasswordComplex" classname="com.rapid7.client.dcerpc.mssamr.dto.Test_DomainPasswordInfo" time="0"/>
  <testcase name="test_isDomainPasswordComplex" classname="com.rapid7.client.dcerpc.mssamr.dto.Test_DomainPasswordInfo" time="0"/>
  <testcase name="test_isDomainPasswordComplex" classname="com.rapid7.client.dcerpc.mssamr.dto.Test_DomainPasswordInfo" time="0"/>
  <testcase name="test_isDomainPasswordNoAnonChange" classname="com.rapid7.client.dcerpc.mssamr.dto.Test_DomainPasswordInfo" time="0"/>
  <testcase name="test_isDomainPasswordNoAnonChange" classname="com.rapid7.client.dcerpc.mssamr.dto.Test_DomainPasswordInfo" time="0"/>
  <testcase name="test_isDomainPasswordNoAnonChange" classname="com.rapid7.client.dcerpc.mssamr.dto.Test_DomainPasswordInfo" time="0"/>
  <testcase name="test_isDomainPasswordStoredClearText" classname="com.rapid7.client.dcerpc.mssamr.dto.Test_DomainPasswordInfo" time="0"/>
  <testcase name="test_isDomainPasswordStoredClearText" classname="com.rapid7.client.dcerpc.mssamr.dto.Test_DomainPasswordInfo" time="0"/>
  <testcase name="test_isDomainPasswordStoredClearText" classname="com.rapid7.client.dcerpc.mssamr.dto.Test_DomainPasswordInfo" time="0"/>
  <testcase name="test_toString" classname="com.rapid7.client.dcerpc.mssamr.dto.Test_DomainPasswordInfo" time="0"/>
  <testcase name="test_init" classname="com.rapid7.client.dcerpc.mssamr.dto.Test_ServerHandle" time="0.001"/>
  <testcase name="test_equals" classname="com.rapid7.client.dcerpc.mssamr.dto.Test_DomainLockoutInfo" time="0"/>
  <testcase name="test_getters" classname="com.rapid7.client.dcerpc.mssamr.dto.Test_DomainLockoutInfo" time="0"/>
  <testcase name="test_hashCode" classname="com.rapid7.client.dcerpc.mssamr.dto.Test_DomainLockoutInfo" time="0"/>
  <testcase name="test_toString" classname="com.rapid7.client.dcerpc.mssamr.dto.Test_DomainLockoutInfo" time="0"/>
  <testcase name="test_UnitsPerWeek_fromLogonHoursLength" classname="com.rapid7.client.dcerpc.mssamr.dto.Test_LogonHours" time="0"/>
  <testcase name="test_UnitsPerWeek_fromLogonHoursLength" classname="com.rapid7.client.dcerpc.mssamr.dto.Test_LogonHours" time="0"/>
  <testcase name="test_UnitsPerWeek_fromLogonHoursLength" classname="com.rapid7.client.dcerpc.mssamr.dto.Test_LogonHours" time="0"/>
  <testcase name="test_UnitsPerWeek_fromLogonHoursLength_Invalid" classname="com.rapid7.client.dcerpc.mssamr.dto.Test_LogonHours" time="0.001"/>
  <testcase name="test_equals" classname="com.rapid7.client.dcerpc.mssamr.dto.Test_LogonHours" time="0"/>
  <testcase name="test_getters" classname="com.rapid7.client.dcerpc.mssamr.dto.Test_LogonHours" time="0"/>
  <testcase name="test_getters" classname="com.rapid7.client.dcerpc.mssamr.dto.Test_LogonHours" time="0.001"/>
  <testcase name="test_getters" classname="com.rapid7.client.dcerpc.mssamr.dto.Test_LogonHours" time="0"/>
  <testcase name="test_hashCode" classname="com.rapid7.client.dcerpc.mssamr.dto.Test_LogonHours" time="0"/>
  <testcase name="test_init_InvalidLength" classname="com.rapid7.client.dcerpc.mssamr.dto.Test_LogonHours" time="0"/>
  <testcase name="test_init_Null" classname="com.rapid7.client.dcerpc.mssamr.dto.Test_LogonHours" time="0"/>
  <testcase name="test_toString" classname="com.rapid7.client.dcerpc.mssamr.dto.Test_LogonHours" time="0"/>
  <testcase name="test_equals" classname="com.rapid7.client.dcerpc.mssamr.dto.Test_MembershipWithAttributes" time="0.001"/>
  <testcase name="test_getters" classname="com.rapid7.client.dcerpc.mssamr.dto.Test_MembershipWithAttributes" time="0"/>
  <testcase name="test_hashCode" classname="com.rapid7.client.dcerpc.mssamr.dto.Test_MembershipWithAttributes" time="0"/>
  <testcase name="test_toString" classname="com.rapid7.client.dcerpc.mssamr.dto.Test_MembershipWithAttributes" time="0"/>
  <testcase name="test_fromValue" classname="com.rapid7.client.dcerpc.Test_RPCFault" time="0.001"/>
  <testcase name="test_fromValue" classname="com.rapid7.client.dcerpc.Test_RPCFault" time="0"/>
  <testcase name="test_fromValue" classname="com.rapid7.client.dcerpc.Test_RPCFault" time="0"/>
  <testcase name="test_fromValue" classname="com.rapid7.client.dcerpc.Test_RPCFault" time="0"/>
  <testcase name="test_fromValue" classname="com.rapid7.client.dcerpc.Test_RPCFault" time="0"/>
  <testcase name="test_fromValue" classname="com.rapid7.client.dcerpc.Test_RPCFault" time="0"/>
  <testcase name="test_fromValue" classname="com.rapid7.client.dcerpc.Test_RPCFault" time="0"/>
  <testcase name="test_fromValue" classname="com.rapid7.client.dcerpc.Test_RPCFault" time="0"/>
  <testcase name="test_fromValue" classname="com.rapid7.client.dcerpc.Test_RPCFault" time="0"/>
  <testcase name="test_fromValue" classname="com.rapid7.client.dcerpc.Test_RPCFault" time="0"/>
  <testcase name="test_fromValue" classname="com.rapid7.client.dcerpc.Test_RPCFault" time="0"/>
  <testcase name="test_fromValue" classname="com.rapid7.client.dcerpc.Test_RPCFault" time="0"/>
  <testcase name="test_fromValue" classname="com.rapid7.client.dcerpc.Test_RPCFault" time="0"/>
  <testcase name="test_fromValue" classname="com.rapid7.client.dcerpc.Test_RPCFault" time="0"/>
  <testcase name="test_fromValue" classname="com.rapid7.client.dcerpc.Test_RPCFault" time="0"/>
  <testcase name="test_fromValue" classname="com.rapid7.client.dcerpc.Test_RPCFault" time="0"/>
  <testcase name="test_fromValue" classname="com.rapid7.client.dcerpc.Test_RPCFault" time="0"/>
  <testcase name="test_fromValue" classname="com.rapid7.client.dcerpc.Test_RPCFault" time="0"/>
  <testcase name="test_fromValue" classname="com.rapid7.client.dcerpc.Test_RPCFault" time="0"/>
  <testcase name="test_fromValue" classname="com.rapid7.client.dcerpc.Test_RPCFault" time="0"/>
  <testcase name="test_fromValue" classname="com.rapid7.client.dcerpc.Test_RPCFault" time="0"/>
  <testcase name="test_fromValue" classname="com.rapid7.client.dcerpc.Test_RPCFault" time="0"/>
  <testcase name="test_fromValue" classname="com.rapid7.client.dcerpc.Test_RPCFault" time="0"/>
  <testcase name="test_fromValue" classname="com.rapid7.client.dcerpc.Test_RPCFault" time="0"/>
  <testcase name="test_fromValue" classname="com.rapid7.client.dcerpc.Test_RPCFault" time="0"/>
  <testcase name="test_fromValue" classname="com.rapid7.client.dcerpc.Test_RPCFault" time="0"/>
  <testcase name="test_fromValue" classname="com.rapid7.client.dcerpc.Test_RPCFault" time="0"/>
  <testcase name="test_fromValue" classname="com.rapid7.client.dcerpc.Test_RPCFault" time="0"/>
  <testcase name="test_fromValue" classname="com.rapid7.client.dcerpc.Test_RPCFault" time="0"/>
  <testcase name="test_fromValue" classname="com.rapid7.client.dcerpc.Test_RPCFault" time="0"/>
  <testcase name="test_fromValue" classname="com.rapid7.client.dcerpc.Test_RPCFault" time="0"/>
  <testcase name="test_fromValue" classname="com.rapid7.client.dcerpc.Test_RPCFault" time="0"/>
  <testcase name="test_fromValue" classname="com.rapid7.client.dcerpc.Test_RPCFault" time="0"/>
  <testcase name="test_fromValue" classname="com.rapid7.client.dcerpc.Test_RPCFault" time="0"/>
  <testcase name="test_fromValue" classname="com.rapid7.client.dcerpc.Test_RPCFault" time="0"/>
  <testcase name="test_fromValue" classname="com.rapid7.client.dcerpc.Test_RPCFault" time="0"/>
  <testcase name="test_fromValue" classname="com.rapid7.client.dcerpc.Test_RPCFault" time="0"/>
  <testcase name="test_fromValue" classname="com.rapid7.client.dcerpc.Test_RPCFault" time="0"/>
  <testcase name="test_fromValue" classname="com.rapid7.client.dcerpc.Test_RPCFault" time="0"/>
  <testcase name="test_fromValue" classname="com.rapid7.client.dcerpc.Test_RPCFault" time="0"/>
  <testcase name="test_fromValue" classname="com.rapid7.client.dcerpc.Test_RPCFault" time="0"/>
  <testcase name="test_fromValue" classname="com.rapid7.client.dcerpc.Test_RPCFault" time="0"/>
  <testcase name="test_fromValue" classname="com.rapid7.client.dcerpc.Test_RPCFault" time="0"/>
  <testcase name="test_fromValue" classname="com.rapid7.client.dcerpc.Test_RPCFault" time="0"/>
  <testcase name="test_fromValue" classname="com.rapid7.client.dcerpc.Test_RPCFault" time="0"/>
  <testcase name="test_fromValue" classname="com.rapid7.client.dcerpc.Test_RPCFault" time="0"/>
  <testcase name="test_fromValue" classname="com.rapid7.client.dcerpc.Test_RPCFault" time="0"/>
  <testcase name="test_fromValue" classname="com.rapid7.client.dcerpc.Test_RPCFault" time="0"/>
  <testcase name="test_fromValue" classname="com.rapid7.client.dcerpc.Test_RPCFault" time="0"/>
  <testcase name="test_fromValue" classname="com.rapid7.client.dcerpc.Test_RPCFault" time="0"/>
  <testcase name="test_fromValue" classname="com.rapid7.client.dcerpc.Test_RPCFault" time="0"/>
  <testcase name="test_fromValue" classname="com.rapid7.client.dcerpc.Test_RPCFault" time="0"/>
  <testcase name="test_fromValue" classname="com.rapid7.client.dcerpc.Test_RPCFault" time="0"/>
  <testcase name="test_fromValue" classname="com.rapid7.client.dcerpc.Test_RPCFault" time="0"/>
  <testcase name="test_fromValue" classname="com.rapid7.client.dcerpc.Test_RPCFault" time="0"/>
  <testcase name="test_fromValue" classname="com.rapid7.client.dcerpc.Test_RPCFault" time="0"/>
  <testcase name="test_fromValue" classname="com.rapid7.client.dcerpc.Test_RPCFault" time="0"/>
  <testcase name="test_fromValue" classname="com.rapid7.client.dcerpc.Test_RPCFault" time="0"/>
  <testcase name="test_fromValue" classname="com.rapid7.client.dcerpc.Test_RPCFault" time="0.001"/>
  <testcase name="test_fromValue" classname="com.rapid7.client.dcerpc.Test_RPCFault" time="0"/>
  <testcase name="test_fromValue" classname="com.rapid7.client.dcerpc.Test_RPCFault" time="0"/>
  <testcase name="test_fromValue" classname="com.rapid7.client.dcerpc.Test_RPCFault" time="0"/>
  <testcase name="test_fromValue" classname="com.rapid7.client.dcerpc.Test_RPCFault" time="0"/>
  <testcase name="test_fromValue" classname="com.rapid7.client.dcerpc.Test_RPCFault" time="0"/>
  <testcase name="test_fromValue" classname="com.rapid7.client.dcerpc.Test_RPCFault" time="0"/>
  <testcase name="test_fromValue" classname="com.rapid7.client.dcerpc.Test_RPCFault" time="0"/>
  <testcase name="test_fromValue" classname="com.rapid7.client.dcerpc.Test_RPCFault" time="0"/>
  <testcase name="test_fromValue" classname="com.rapid7.client.dcerpc.Test_RPCFault" time="0"/>
  <testcase name="test_fromValue" classname="com.rapid7.client.dcerpc.Test_RPCFault" time="0"/>
  <testcase name="test_fromValue" classname="com.rapid7.client.dcerpc.Test_RPCFault" time="0"/>
  <testcase name="test_fromValue" classname="com.rapid7.client.dcerpc.Test_RPCFault" time="0"/>
  <testcase name="test_fromValue" classname="com.rapid7.client.dcerpc.Test_RPCFault" time="0"/>
  <testcase name="test_fromValue" classname="com.rapid7.client.dcerpc.Test_RPCFault" time="0"/>
  <testcase name="test_fromValue" classname="com.rapid7.client.dcerpc.Test_RPCFault" time="0"/>
  <testcase name="test_getValue" classname="com.rapid7.client.dcerpc.Test_RPCFault" time="0"/>
  <testcase name="test_getValue" classname="com.rapid7.client.dcerpc.Test_RPCFault" time="0"/>
  <testcase name="test_getValue" classname="com.rapid7.client.dcerpc.Test_RPCFault" time="0"/>
  <testcase name="test_getValue" classname="com.rapid7.client.dcerpc.Test_RPCFault" time="0"/>
  <testcase name="test_getValue" classname="com.rapid7.client.dcerpc.Test_RPCFault" time="0"/>
  <testcase name="test_getValue" classname="com.rapid7.client.dcerpc.Test_RPCFault" time="0"/>
  <testcase name="test_getValue" classname="com.rapid7.client.dcerpc.Test_RPCFault" time="0"/>
  <testcase name="test_getValue" classname="com.rapid7.client.dcerpc.Test_RPCFault" time="0"/>
  <testcase name="test_getValue" classname="com.rapid7.client.dcerpc.Test_RPCFault" time="0"/>
  <testcase name="test_getValue" classname="com.rapid7.client.dcerpc.Test_RPCFault" time="0"/>
  <testcase name="test_getValue" classname="com.rapid7.client.dcerpc.Test_RPCFault" time="0"/>
  <testcase name="test_getValue" classname="com.rapid7.client.dcerpc.Test_RPCFault" time="0"/>
  <testcase name="test_getValue" classname="com.rapid7.client.dcerpc.Test_RPCFault" time="0"/>
  <testcase name="test_getValue" classname="com.rapid7.client.dcerpc.Test_RPCFault" time="0"/>
  <testcase name="test_getValue" classname="com.rapid7.client.dcerpc.Test_RPCFault" time="0"/>
  <testcase name="test_getValue" classname="com.rapid7.client.dcerpc.Test_RPCFault" time="0"/>
  <testcase name="test_getValue" classname="com.rapid7.client.dcerpc.Test_RPCFault" time="0"/>
  <testcase name="test_getValue" classname="com.rapid7.client.dcerpc.Test_RPCFault" time="0"/>
  <testcase name="test_getValue" classname="com.rapid7.client.dcerpc.Test_RPCFault" time="0"/>
  <testcase name="test_getValue" classname="com.rapid7.client.dcerpc.Test_RPCFault" time="0"/>
  <testcase name="test_getValue" classname="com.rapid7.client.dcerpc.Test_RPCFault" time="0"/>
  <testcase name="test_getValue" classname="com.rapid7.client.dcerpc.Test_RPCFault" time="0"/>
  <testcase name="test_getValue" classname="com.rapid7.client.dcerpc.Test_RPCFault" time="0"/>
  <testcase name="test_getValue" classname="com.rapid7.client.dcerpc.Test_RPCFault" time="0"/>
  <testcase name="test_getValue" classname="com.rapid7.client.dcerpc.Test_RPCFault" time="0"/>
  <testcase name="test_getValue" classname="com.rapid7.client.dcerpc.Test_RPCFault" time="0"/>
  <testcase name="test_getValue" classname="com.rapid7.client.dcerpc.Test_RPCFault" time="0"/>
  <testcase name="test_getValue" classname="com.rapid7.client.dcerpc.Test_RPCFault" time="0"/>
  <testcase name="test_getValue" classname="com.rapid7.client.dcerpc.Test_RPCFault" time="0"/>
  <testcase name="test_getValue" classname="com.rapid7.client.dcerpc.Test_RPCFault" time="0"/>
  <testcase name="test_getValue" classname="com.rapid7.client.dcerpc.Test_RPCFault" time="0"/>
  <testcase name="test_getValue" classname="com.rapid7.client.dcerpc.Test_RPCFault" time="0"/>
  <testcase name="test_getValue" classname="com.rapid7.client.dcerpc.Test_RPCFault" time="0"/>
  <testcase name="test_getValue" classname="com.rapid7.client.dcerpc.Test_RPCFault" time="0"/>
  <testcase name="test_getValue" classname="com.rapid7.client.dcerpc.Test_RPCFault" time="0"/>
  <testcase name="test_getValue" classname="com.rapid7.client.dcerpc.Test_RPCFault" time="0"/>
  <testcase name="test_getValue" classname="com.rapid7.client.dcerpc.Test_RPCFault" time="0"/>
  <testcase name="test_getValue" classname="com.rapid7.client.dcerpc.Test_RPCFault" time="0"/>
  <testcase name="test_getValue" classname="com.rapid7.client.dcerpc.Test_RPCFault" time="0"/>
  <testcase name="test_getValue" classname="com.rapid7.client.dcerpc.Test_RPCFault" time="0"/>
  <testcase name="test_getValue" classname="com.rapid7.client.dcerpc.Test_RPCFault" time="0"/>
  <testcase name="test_getValue" classname="com.rapid7.client.dcerpc.Test_RPCFault" time="0"/>
  <testcase name="test_getValue" classname="com.rapid7.client.dcerpc.Test_RPCFault" time="0"/>
  <testcase name="test_getValue" classname="com.rapid7.client.dcerpc.Test_RPCFault" time="0"/>
  <testcase name="test_getValue" classname="com.rapid7.client.dcerpc.Test_RPCFault" time="0"/>
  <testcase name="test_getValue" classname="com.rapid7.client.dcerpc.Test_RPCFault" time="0"/>
  <testcase name="test_getValue" classname="com.rapid7.client.dcerpc.Test_RPCFault" time="0"/>
  <testcase name="test_getValue" classname="com.rapid7.client.dcerpc.Test_RPCFault" time="0"/>
  <testcase name="test_getValue" classname="com.rapid7.client.dcerpc.Test_RPCFault" time="0"/>
  <testcase name="test_getValue" classname="com.rapid7.client.dcerpc.Test_RPCFault" time="0"/>
  <testcase name="test_getValue" classname="com.rapid7.client.dcerpc.Test_RPCFault" time="0"/>
  <testcase name="test_getValue" classname="com.rapid7.client.dcerpc.Test_RPCFault" time="0"/>
  <testcase name="test_getValue" classname="com.rapid7.client.dcerpc.Test_RPCFault" time="0"/>
  <testcase name="test_getValue" classname="com.rapid7.client.dcerpc.Test_RPCFault" time="0"/>
  <testcase name="test_getValue" classname="com.rapid7.client.dcerpc.Test_RPCFault" time="0"/>
  <testcase name="test_getValue" classname="com.rapid7.client.dcerpc.Test_RPCFault" time="0"/>
  <testcase name="test_getValue" classname="com.rapid7.client.dcerpc.Test_RPCFault" time="0"/>
  <testcase name="test_getValue" classname="com.rapid7.client.dcerpc.Test_RPCFault" time="0"/>
  <testcase name="test_getValue" classname="com.rapid7.client.dcerpc.Test_RPCFault" time="0"/>
  <testcase name="test_getValue" classname="com.rapid7.client.dcerpc.Test_RPCFault" time="0"/>
  <testcase name="test_getValue" classname="com.rapid7.client.dcerpc.Test_RPCFault" time="0"/>
  <testcase name="test_getValue" classname="com.rapid7.client.dcerpc.Test_RPCFault" time="0"/>
  <testcase name="test_getValue" classname="com.rapid7.client.dcerpc.Test_RPCFault" time="0"/>
  <testcase name="test_getValue" classname="com.rapid7.client.dcerpc.Test_RPCFault" time="0"/>
  <testcase name="test_getValue" classname="com.rapid7.client.dcerpc.Test_RPCFault" time="0"/>
  <testcase name="test_getValue" classname="com.rapid7.client.dcerpc.Test_RPCFault" time="0"/>
  <testcase name="test_getValue" classname="com.rapid7.client.dcerpc.Test_RPCFault" time="0"/>
  <testcase name="test_getValue" classname="com.rapid7.client.dcerpc.Test_RPCFault" time="0"/>
  <testcase name="test_getValue" classname="com.rapid7.client.dcerpc.Test_RPCFault" time="0"/>
  <testcase name="test_getValue" classname="com.rapid7.client.dcerpc.Test_RPCFault" time="0"/>
  <testcase name="test_getValue" classname="com.rapid7.client.dcerpc.Test_RPCFault" time="0"/>
  <testcase name="test_getValue" classname="com.rapid7.client.dcerpc.Test_RPCFault" time="0"/>
  <testcase name="test_getValue" classname="com.rapid7.client.dcerpc.Test_RPCFault" time="0"/>
  <testcase name="test_getValue" classname="com.rapid7.client.dcerpc.Test_RPCFault" time="0"/>
  <testcase name="test_toString" classname="com.rapid7.client.dcerpc.Test_RPCFault" time="0"/>
  <testcase name="test_toString" classname="com.rapid7.client.dcerpc.Test_RPCFault" time="0"/>
  <testcase name="test_toString" classname="com.rapid7.client.dcerpc.Test_RPCFault" time="0"/>
  <testcase name="test_toString" classname="com.rapid7.client.dcerpc.Test_RPCFault" time="0"/>
  <testcase name="test_toString" classname="com.rapid7.client.dcerpc.Test_RPCFault" time="0"/>
  <testcase name="test_toString" classname="com.rapid7.client.dcerpc.Test_RPCFault" time="0"/>
  <testcase name="test_toString" classname="com.rapid7.client.dcerpc.Test_RPCFault" time="0"/>
  <testcase name="test_toString" classname="com.rapid7.client.dcerpc.Test_RPCFault" time="0"/>
  <testcase name="test_toString" classname="com.rapid7.client.dcerpc.Test_RPCFault" time="0"/>
  <testcase name="test_toString" classname="com.rapid7.client.dcerpc.Test_RPCFault" time="0"/>
  <testcase name="test_toString" classname="com.rapid7.client.dcerpc.Test_RPCFault" time="0"/>
  <testcase name="test_toString" classname="com.rapid7.client.dcerpc.Test_RPCFault" time="0"/>
  <testcase name="test_toString" classname="com.rapid7.client.dcerpc.Test_RPCFault" time="0"/>
  <testcase name="test_toString" classname="com.rapid7.client.dcerpc.Test_RPCFault" time="0"/>
  <testcase name="test_toString" classname="com.rapid7.client.dcerpc.Test_RPCFault" time="0"/>
  <testcase name="test_toString" classname="com.rapid7.client.dcerpc.Test_RPCFault" time="0.001"/>
  <testcase name="test_toString" classname="com.rapid7.client.dcerpc.Test_RPCFault" time="0"/>
  <testcase name="test_toString" classname="com.rapid7.client.dcerpc.Test_RPCFault" time="0"/>
  <testcase name="test_toString" classname="com.rapid7.client.dcerpc.Test_RPCFault" time="0"/>
  <testcase name="test_toString" classname="com.rapid7.client.dcerpc.Test_RPCFault" time="0"/>
  <testcase name="test_toString" classname="com.rapid7.client.dcerpc.Test_RPCFault" time="0"/>
  <testcase name="test_toString" classname="com.rapid7.client.dcerpc.Test_RPCFault" time="0"/>
  <testcase name="test_toString" classname="com.rapid7.client.dcerpc.Test_RPCFault" time="0"/>
  <testcase name="test_toString" classname="com.rapid7.client.dcerpc.Test_RPCFault" time="0"/>
  <testcase name="test_toString" classname="com.rapid7.client.dcerpc.Test_RPCFault" time="0"/>
  <testcase name="test_toString" classname="com.rapid7.client.dcerpc.Test_RPCFault" time="0"/>
  <testcase name="test_toString" classname="com.rapid7.client.dcerpc.Test_RPCFault" time="0"/>
  <testcase name="test_toString" classname="com.rapid7.client.dcerpc.Test_RPCFault" time="0"/>
  <testcase name="test_toString" classname="com.rapid7.client.dcerpc.Test_RPCFault" time="0"/>
  <testcase name="test_toString" classname="com.rapid7.client.dcerpc.Test_RPCFault" time="0"/>
  <testcase name="test_toString" classname="com.rapid7.client.dcerpc.Test_RPCFault" time="0"/>
  <testcase name="test_toString" classname="com.rapid7.client.dcerpc.Test_RPCFault" time="0"/>
  <testcase name="test_toString" classname="com.rapid7.client.dcerpc.Test_RPCFault" time="0"/>
  <testcase name="test_toString" classname="com.rapid7.client.dcerpc.Test_RPCFault" time="0"/>
  <testcase name="test_toString" classname="com.rapid7.client.dcerpc.Test_RPCFault" time="0"/>
  <testcase name="test_toString" classname="com.rapid7.client.dcerpc.Test_RPCFault" time="0"/>
  <testcase name="test_toString" classname="com.rapid7.client.dcerpc.Test_RPCFault" time="0"/>
  <testcase name="test_toString" classname="com.rapid7.client.dcerpc.Test_RPCFault" time="0"/>
  <testcase name="test_toString" classname="com.rapid7.client.dcerpc.Test_RPCFault" time="0"/>
  <testcase name="test_toString" classname="com.rapid7.client.dcerpc.Test_RPCFault" time="0"/>
  <testcase name="test_toString" classname="com.rapid7.client.dcerpc.Test_RPCFault" time="0"/>
  <testcase name="test_toString" classname="com.rapid7.client.dcerpc.Test_RPCFault" time="0"/>
  <testcase name="test_toString" classname="com.rapid7.client.dcerpc.Test_RPCFault" time="0"/>
  <testcase name="test_toString" classname="com.rapid7.client.dcerpc.Test_RPCFault" time="0"/>
  <testcase name="test_toString" classname="com.rapid7.client.dcerpc.Test_RPCFault" time="0"/>
  <testcase name="test_toString" classname="com.rapid7.client.dcerpc.Test_RPCFault" time="0"/>
  <testcase name="test_toString" classname="com.rapid7.client.dcerpc.Test_RPCFault" time="0"/>
  <testcase name="test_toString" classname="com.rapid7.client.dcerpc.Test_RPCFault" time="0"/>
  <testcase name="test_toString" classname="com.rapid7.client.dcerpc.Test_RPCFault" time="0"/>
  <testcase name="test_toString" classname="com.rapid7.client.dcerpc.Test_RPCFault" time="0"/>
  <testcase name="test_toString" classname="com.rapid7.client.dcerpc.Test_RPCFault" time="0"/>
  <testcase name="test_toString" classname="com.rapid7.client.dcerpc.Test_RPCFault" time="0"/>
  <testcase name="test_toString" classname="com.rapid7.client.dcerpc.Test_RPCFault" time="0"/>
  <testcase name="test_toString" classname="com.rapid7.client.dcerpc.Test_RPCFault" time="0"/>
  <testcase name="test_toString" classname="com.rapid7.client.dcerpc.Test_RPCFault" time="0"/>
  <testcase name="test_toString" classname="com.rapid7.client.dcerpc.Test_RPCFault" time="0"/>
  <testcase name="test_toString" classname="com.rapid7.client.dcerpc.Test_RPCFault" time="0"/>
  <testcase name="test_toString" classname="com.rapid7.client.dcerpc.Test_RPCFault" time="0"/>
  <testcase name="test_toString" classname="com.rapid7.client.dcerpc.Test_RPCFault" time="0"/>
  <testcase name="test_toString" classname="com.rapid7.client.dcerpc.Test_RPCFault" time="0"/>
  <testcase name="test_toString" classname="com.rapid7.client.dcerpc.Test_RPCFault" time="0"/>
  <testcase name="test_toString" classname="com.rapid7.client.dcerpc.Test_RPCFault" time="0"/>
  <testcase name="test_toString" classname="com.rapid7.client.dcerpc.Test_RPCFault" time="0"/>
  <testcase name="test_toString" classname="com.rapid7.client.dcerpc.Test_RPCFault" time="0"/>
  <testcase name="test_toString" classname="com.rapid7.client.dcerpc.Test_RPCFault" time="0"/>
  <testcase name="test_toString" classname="com.rapid7.client.dcerpc.Test_RPCFault" time="0"/>
  <testcase name="test_toString" classname="com.rapid7.client.dcerpc.Test_RPCFault" time="0"/>
  <testcase name="test_toString" classname="com.rapid7.client.dcerpc.Test_RPCFault" time="0"/>
  <testcase name="test_toString" classname="com.rapid7.client.dcerpc.Test_RPCFault" time="0"/>
  <testcase name="test_toString" classname="com.rapid7.client.dcerpc.Test_RPCFault" time="0"/>
  <testcase name="test_toString" classname="com.rapid7.client.dcerpc.Test_RPCFault" time="0"/>
  <testcase name="test_toString" classname="com.rapid7.client.dcerpc.Test_RPCFault" time="0"/>
  <testcase name="test_toString" classname="com.rapid7.client.dcerpc.Test_RPCFault" time="0"/>
  <testcase name="test_toString" classname="com.rapid7.client.dcerpc.Test_RPCFault" time="0"/>
  <testcase name="ackResponse on ackResponse(com.rapid7.client.dcerpc.messages.Test_BindResponse)" classname="com.rapid7.client.dcerpc.messages.Test_BindResponse" time="0.004"/>
  <testcase name="unmarshal on unmarshal(com.rapid7.client.dcerpc.messages.Test_Response)" classname="com.rapid7.client.dcerpc.messages.Test_Response" time="0.001"/>
  <testcase name="getStub on getStub(com.rapid7.client.dcerpc.messages.Test_Response)" classname="com.rapid7.client.dcerpc.messages.Test_Response" time="0"/>
  <testcase name="marshal on marshal(com.rapid7.client.dcerpc.messages.Test_Response)" classname="com.rapid7.client.dcerpc.messages.Test_Response" time="0.001"/>
  <testcase name="setStub on setStub(com.rapid7.client.dcerpc.messages.Test_Response)" classname="com.rapid7.client.dcerpc.messages.Test_Response" time="0"/>
  <testcase name="request on request(com.rapid7.client.dcerpc.messages.Test_BindRequest)" classname="com.rapid7.client.dcerpc.messages.Test_BindRequest" time="0.002"/>
  <testcase name="unmarshal on unmarshal(com.rapid7.client.dcerpc.messages.Test_Request)" classname="com.rapid7.client.dcerpc.messages.Test_Request" time="0.01"/>
  <testcase name="marshalNullStub on marshalNullStub(com.rapid7.client.dcerpc.messages.Test_Request)" classname="com.rapid7.client.dcerpc.messages.Test_Request" time="0.002"/>
  <testcase name="pduType on pduType(com.rapid7.client.dcerpc.messages.Test_Request)" classname="com.rapid7.client.dcerpc.messages.Test_Request" time="0"/>
  <testcase name="getStub on getStub(com.rapid7.client.dcerpc.messages.Test_Request)" classname="com.rapid7.client.dcerpc.messages.Test_Request" time="0"/>
  <testcase name="marshal on marshal(com.rapid7.client.dcerpc.messages.Test_Request)" classname="com.rapid7.client.dcerpc.messages.Test_Request" time="0"/>
  <testcase name="setOpNum on setOpNum(com.rapid7.client.dcerpc.messages.Test_Request)" classname="com.rapid7.client.dcerpc.messages.Test_Request" time="0"/>
  <testcase name="getOpNum on getOpNum(com.rapid7.client.dcerpc.messages.Test_Request)" classname="com.rapid7.client.dcerpc.messages.Test_Request" time="0"/>
  <testcase name="setStub on setStub(com.rapid7.client.dcerpc.messages.Test_Request)" classname="com.rapid7.client.dcerpc.messages.Test_Request" time="0"/>
  <testcase name="unmarshal on unmarshal(com.rapid7.client.dcerpc.msrrp.messages.Test_BaseRegEnumKeyResponse)" classname="com.rapid7.client.dcerpc.msrrp.messages.Test_BaseRegEnumKeyResponse" time="0"/>
  <testcase name="getResponseObject on getResponseObject(com.rapid7.client.dcerpc.msrrp.messages.Test_BaseRegCloseKey)" classname="com.rapid7.client.dcerpc.msrrp.messages.Test_BaseRegCloseKey" time="0"/>
  <testcase name="getStub on getStub(com.rapid7.client.dcerpc.msrrp.messages.Test_BaseRegCloseKey)" classname="com.rapid7.client.dcerpc.msrrp.messages.Test_BaseRegCloseKey" time="0.005"/>
  <testcase name="getOpNum on getOpNum(com.rapid7.client.dcerpc.msrrp.messages.Test_BaseRegCloseKey)" classname="com.rapid7.client.dcerpc.msrrp.messages.Test_BaseRegCloseKey" time="0"/>
  <testcase name="getResponseObject on getResponseObject(com.rapid7.client.dcerpc.msrrp.messages.Test_BaseRegOpenKey)" classname="com.rapid7.client.dcerpc.msrrp.messages.Test_BaseRegOpenKey" time="0"/>
  <testcase name="getStub on getStub(com.rapid7.client.dcerpc.msrrp.messages.Test_BaseRegOpenKey)" classname="com.rapid7.client.dcerpc.msrrp.messages.Test_BaseRegOpenKey" time="0"/>
  <testcase name="getOpNum on getOpNum(com.rapid7.client.dcerpc.msrrp.messages.Test_BaseRegOpenKey)" classname="com.rapid7.client.dcerpc.msrrp.messages.Test_BaseRegOpenKey" time="0"/>
  <testcase name="getResponseObject on getResponseObject(com.rapid7.client.dcerpc.msrrp.messages.Test_BaseRegEnumValueRequest)" classname="com.rapid7.client.dcerpc.msrrp.messages.Test_BaseRegEnumValueRequest" time="0"/>
  <testcase name="getStub on getStub(com.rapid7.client.dcerpc.msrrp.messages.Test_BaseRegEnumValueRequest)" classname="com.rapid7.client.dcerpc.msrrp.messages.Test_BaseRegEnumValueRequest" time="0"/>
  <testcase name="getOpNum on getOpNum(com.rapid7.client.dcerpc.msrrp.messages.Test_BaseRegEnumValueRequest)" classname="com.rapid7.client.dcerpc.msrrp.messages.Test_BaseRegEnumValueRequest" time="0"/>
  <testcase name="unmarshal on unmarshal(com.rapid7.client.dcerpc.msrrp.messages.Test_BaseRegQueryInfoKeyResponse)" classname="com.rapid7.client.dcerpc.msrrp.messages.Test_BaseRegQueryInfoKeyResponse" time="0"/>
  <testcase name="getResponseObject on getResponseObject(com.rapid7.client.dcerpc.msrrp.messages.Test_BaseRegEnumKeyRequest)" classname="com.rapid7.client.dcerpc.msrrp.messages.Test_BaseRegEnumKeyRequest" time="0"/>
  <testcase name="getStub on getStub(com.rapid7.client.dcerpc.msrrp.messages.Test_BaseRegEnumKeyRequest)" classname="com.rapid7.client.dcerpc.msrrp.messages.Test_BaseRegEnumKeyRequest" time="0"/>
  <testcase name="getOpNum on getOpNum(com.rapid7.client.dcerpc.msrrp.messages.Test_BaseRegEnumKeyRequest)" classname="com.rapid7.client.dcerpc.msrrp.messages.Test_BaseRegEnumKeyRequest" time="0"/>
  <testcase name="getResponseObject on getResponseObject(com.rapid7.client.dcerpc.msrrp.messages.Test_BaseRegQueryValueRequest)" classname="com.rapid7.client.dcerpc.msrrp.messages.Test_BaseRegQueryValueRequest" time="0"/>
  <testcase name="getStub on getStub(com.rapid7.client.dcerpc.msrrp.messages.Test_BaseRegQueryValueRequest)" classname="com.rapid7.client.dcerpc.msrrp.messages.Test_BaseRegQueryValueRequest" time="0"/>
  <testcase name="getOpNum on getOpNum(com.rapid7.client.dcerpc.msrrp.messages.Test_BaseRegQueryValueRequest)" classname="com.rapid7.client.dcerpc.msrrp.messages.Test_BaseRegQueryValueRequest" time="0"/>
  <testcase name="getResponseObject on getResponseObject(com.rapid7.client.dcerpc.msrrp.messages.Test_BaseRegQueryInfoKeyRequest)" classname="com.rapid7.client.dcerpc.msrrp.messages.Test_BaseRegQueryInfoKeyRequest" time="0"/>
  <testcase name="getStub on getStub(com.rapid7.client.dcerpc.msrrp.messages.Test_BaseRegQueryInfoKeyRequest)" classname="com.rapid7.client.dcerpc.msrrp.messages.Test_BaseRegQueryInfoKeyRequest" time="0"/>
  <testcase name="getOpNum on getOpNum(com.rapid7.client.dcerpc.msrrp.messages.Test_BaseRegQueryInfoKeyRequest)" classname="com.rapid7.client.dcerpc.msrrp.messages.Test_BaseRegQueryInfoKeyRequest" time="0"/>
  <testcase name="unmarshal on unmarshal(com.rapid7.client.dcerpc.msrrp.messages.Test_BaseRegQueryValueResponse)" classname="com.rapid7.client.dcerpc.msrrp.messages.Test_BaseRegQueryValueResponse" time="0.004"/>
  <testcase name="getResponseObject on getResponseObject(com.rapid7.client.dcerpc.msrrp.messages.Test_HandleRequest)" classname="com.rapid7.client.dcerpc.msrrp.messages.Test_HandleRequest" time="0"/>
  <testcase name="getStub on getStub(com.rapid7.client.dcerpc.msrrp.messages.Test_HandleRequest)" classname="com.rapid7.client.dcerpc.msrrp.messages.Test_HandleRequest" time="0"/>
  <testcase name="getOpNum on getOpNum(com.rapid7.client.dcerpc.msrrp.messages.Test_HandleRequest)" classname="com.rapid7.client.dcerpc.msrrp.messages.Test_HandleRequest" time="0"/>
  <testcase name="unmarshal on unmarshal(com.rapid7.client.dcerpc.msrrp.messages.Test_BaseRegEnumValueResponse)" classname="com.rapid7.client.dcerpc.msrrp.messages.Test_BaseRegEnumValueResponse" time="0"/>
  <testcase name="test_hashCode on test_hashCode(com.rapid7.client.dcerpc.msrrp.dto.Test_RegistryKeyInfo)" classname="com.rapid7.client.dcerpc.msrrp.dto.Test_RegistryKeyInfo" time="0"/>
  <testcase name="getSubKeys on getSubKeys(com.rapid7.client.dcerpc.msrrp.dto.Test_RegistryKeyInfo)" classname="com.rapid7.client.dcerpc.msrrp.dto.Test_RegistryKeyInfo" time="0"/>
  <testcase name="test_equals on test_equals(com.rapid7.client.dcerpc.msrrp.dto.Test_RegistryKeyInfo)" classname="com.rapid7.client.dcerpc.msrrp.dto.Test_RegistryKeyInfo" time="0"/>
  <testcase name="getMaxSubKeyLen on getMaxSubKeyLen(com.rapid7.client.dcerpc.msrrp.dto.Test_RegistryKeyInfo)" classname="com.rapid7.client.dcerpc.msrrp.dto.Test_RegistryKeyInfo" time="0"/>
  <testcase name="getLastWriteTime on getLastWriteTime(com.rapid7.client.dcerpc.msrrp.dto.Test_RegistryKeyInfo)" classname="com.rapid7.client.dcerpc.msrrp.dto.Test_RegistryKeyInfo" time="0"/>
  <testcase name="getMaxValueLen on getMaxValueLen(com.rapid7.client.dcerpc.msrrp.dto.Test_RegistryKeyInfo)" classname="com.rapid7.client.dcerpc.msrrp.dto.Test_RegistryKeyInfo" time="0"/>
  <testcase name="getSecurityDescriptor on getSecurityDescriptor(com.rapid7.client.dcerpc.msrrp.dto.Test_RegistryKeyInfo)" classname="com.rapid7.client.dcerpc.msrrp.dto.Test_RegistryKeyInfo" time="0.001"/>
  <testcase name="getMaxValueNameLen on getMaxValueNameLen(com.rapid7.client.dcerpc.msrrp.dto.Test_RegistryKeyInfo)" classname="com.rapid7.client.dcerpc.msrrp.dto.Test_RegistryKeyInfo" time="0"/>
  <testcase name="getValues on getValues(com.rapid7.client.dcerpc.msrrp.dto.Test_RegistryKeyInfo)" classname="com.rapid7.client.dcerpc.msrrp.dto.Test_RegistryKeyInfo" time="0"/>
  <testcase name="test_toString on test_toString(com.rapid7.client.dcerpc.msrrp.dto.Test_RegistryKeyInfo)" classname="com.rapid7.client.dcerpc.msrrp.dto.Test_RegistryKeyInfo" time="0"/>
  <testcase name="getMaxClassLen on getMaxClassLen(com.rapid7.client.dcerpc.msrrp.dto.Test_RegistryKeyInfo)" classname="com.rapid7.client.dcerpc.msrrp.dto.Test_RegistryKeyInfo" time="0"/>
  <testcase name="constructorNullLastWriteTime on constructorNullLastWriteTime(com.rapid7.client.dcerpc.msrrp.dto.Test_RegistryKey)" classname="com.rapid7.client.dcerpc.msrrp.dto.Test_RegistryKey" time="0"/>
  <testcase name="testToString on testToString(com.rapid7.client.dcerpc.msrrp.dto.Test_RegistryKey)" classname="com.rapid7.client.dcerpc.msrrp.dto.Test_RegistryKey" time="0"/>
  <testcase name="getName on getName(com.rapid7.client.dcerpc.msrrp.dto.Test_RegistryKey)" classname="com.rapid7.client.dcerpc.msrrp.dto.Test_RegistryKey" time="0"/>
  <testcase name="getLastWriteTime on getLastWriteTime(com.rapid7.client.dcerpc.msrrp.dto.Test_RegistryKey)" classname="com.rapid7.client.dcerpc.msrrp.dto.Test_RegistryKey" time="0"/>
  <testcase name="constructorNullName on constructorNullName(com.rapid7.client.dcerpc.msrrp.dto.Test_RegistryKey)" classname="com.rapid7.client.dcerpc.msrrp.dto.Test_RegistryKey" time="0.001"/>
  <testcase name="testHashCode on testHashCode(com.rapid7.client.dcerpc.msrrp.dto.Test_RegistryKey)" classname="com.rapid7.client.dcerpc.msrrp.dto.Test_RegistryKey" time="0"/>
  <testcase name="testEquals on testEquals(com.rapid7.client.dcerpc.msrrp.dto.Test_RegistryKey)" classname="com.rapid7.client.dcerpc.msrrp.dto.Test_RegistryKey" time="0"/>
  <testcase name="HKEY_PERFORMANCE_DATA_getByShortName on HKEY_PERFORMANCE_DATA_getByShortName(com.rapid7.client.dcerpc.msrrp.dto.Test_RegistryHive)" classname="com.rapid7.client.dcerpc.msrrp.dto.Test_RegistryHive" time="0.001"/>
  <testcase name="HKEY_CURRENT_USER_getFullName on HKEY_CURRENT_USER_getFullName(com.rapid7.client.dcerpc.msrrp.dto.Test_RegistryHive)" classname="com.rapid7.client.dcerpc.msrrp.dto.Test_RegistryHive" time="0"/>
  <testcase name="HKEY_PERFORMANCE_TEXT_getByFullName on HKEY_PERFORMANCE_TEXT_getByFullName(com.rapid7.client.dcerpc.msrrp.dto.Test_RegistryHive)" classname="com.rapid7.client.dcerpc.msrrp.dto.Test_RegistryHive" time="0"/>
  <testcase name="HKEY_PERFORMANCE_NLSTEXT_getFullName on HKEY_PERFORMANCE_NLSTEXT_getFullName(com.rapid7.client.dcerpc.msrrp.dto.Test_RegistryHive)" classname="com.rapid7.client.dcerpc.msrrp.dto.Test_RegistryHive" time="0"/>
  <testcase name="HKEY_PERFORMANCE_NLSTEXT_getShortName on HKEY_PERFORMANCE_NLSTEXT_getShortName(com.rapid7.client.dcerpc.msrrp.dto.Test_RegistryHive)" classname="com.rapid7.client.dcerpc.msrrp.dto.Test_RegistryHive" time="0"/>
  <testcase name="HKEY_LOCAL_MACHINE_getShortName on HKEY_LOCAL_MACHINE_getShortName(com.rapid7.client.dcerpc.msrrp.dto.Test_RegistryHive)" classname="com.rapid7.client.dcerpc.msrrp.dto.Test_RegistryHive" time="0"/>
  <testcase name="HKEY_CLASSES_ROOT_getByShortName on HKEY_CLASSES_ROOT_getByShortName(com.rapid7.client.dcerpc.msrrp.dto.Test_RegistryHive)" classname="com.rapid7.client.dcerpc.msrrp.dto.Test_RegistryHive" time="0"/>
  <testcase name="HKEY_USERS_getByShortName on HKEY_USERS_getByShortName(com.rapid7.client.dcerpc.msrrp.dto.Test_RegistryHive)" classname="com.rapid7.client.dcerpc.msrrp.dto.Test_RegistryHive" time="0"/>
  <testcase name="HKEY_USERS_getRequest on HKEY_USERS_getRequest(com.rapid7.client.dcerpc.msrrp.dto.Test_RegistryHive)" classname="com.rapid7.client.dcerpc.msrrp.dto.Test_RegistryHive" time="0"/>
  <testcase name="HKEY_CURRENT_CONFIG_getOpName on HKEY_CURRENT_CONFIG_getOpName(com.rapid7.client.dcerpc.msrrp.dto.Test_RegistryHive)" classname="com.rapid7.client.dcerpc.msrrp.dto.Test_RegistryHive" time="0"/>
  <testcase name="HKEY_PERFORMANCE_DATA_getOpName on HKEY_PERFORMANCE_DATA_getOpName(com.rapid7.client.dcerpc.msrrp.dto.Test_RegistryHive)" classname="com.rapid7.client.dcerpc.msrrp.dto.Test_RegistryHive" time="0"/>
  <testcase name="HKEY_USERS_getOpNum on HKEY_USERS_getOpNum(com.rapid7.client.dcerpc.msrrp.dto.Test_RegistryHive)" classname="com.rapid7.client.dcerpc.msrrp.dto.Test_RegistryHive" time="0.001"/>
  <testcase name="HKEY_PERFORMANCE_TEXT_getOpName on HKEY_PERFORMANCE_TEXT_getOpName(com.rapid7.client.dcerpc.msrrp.dto.Test_RegistryHive)" classname="com.rapid7.client.dcerpc.msrrp.dto.Test_RegistryHive" time="0"/>
  <testcase name="HKEY_CURRENT_USER_getOpName on HKEY_CURRENT_USER_getOpName(com.rapid7.client.dcerpc.msrrp.dto.Test_RegistryHive)" classname="com.rapid7.client.dcerpc.msrrp.dto.Test_RegistryHive" time="0"/>
  <testcase name="HKEY_CURRENT_USER_getByShortName on HKEY_CURRENT_USER_getByShortName(com.rapid7.client.dcerpc.msrrp.dto.Test_RegistryHive)" classname="com.rapid7.client.dcerpc.msrrp.dto.Test_RegistryHive" time="0"/>
  <testcase name="HKEY_PERFORMANCE_DATA_getOpNum on HKEY_PERFORMANCE_DATA_getOpNum(com.rapid7.client.dcerpc.msrrp.dto.Test_RegistryHive)" classname="com.rapid7.client.dcerpc.msrrp.dto.Test_RegistryHive" time="0"/>
  <testcase name="HKEY_PERFORMANCE_TEXT_getRequest on HKEY_PERFORMANCE_TEXT_getRequest(com.rapid7.client.dcerpc.msrrp.dto.Test_RegistryHive)" classname="com.rapid7.client.dcerpc.msrrp.dto.Test_RegistryHive" time="0"/>
  <testcase name="HKEY_PERFORMANCE_NLSTEXT_getByFullName on HKEY_PERFORMANCE_NLSTEXT_getByFullName(com.rapid7.client.dcerpc.msrrp.dto.Test_RegistryHive)" classname="com.rapid7.client.dcerpc.msrrp.dto.Test_RegistryHive" time="0"/>
  <testcase name="HKEY_CURRENT_CONFIG_getByFullName on HKEY_CURRENT_CONFIG_getByFullName(com.rapid7.client.dcerpc.msrrp.dto.Test_RegistryHive)" classname="com.rapid7.client.dcerpc.msrrp.dto.Test_RegistryHive" time="0"/>
  <testcase name="HKEY_LOCAL_MACHINE_getByFullName on HKEY_LOCAL_MACHINE_getByFullName(com.rapid7.client.dcerpc.msrrp.dto.Test_RegistryHive)" classname="com.rapid7.client.dcerpc.msrrp.dto.Test_RegistryHive" time="0"/>
  <testcase name="HKEY_USERS_getShortName on HKEY_USERS_getShortName(com.rapid7.client.dcerpc.msrrp.dto.Test_RegistryHive)" classname="com.rapid7.client.dcerpc.msrrp.dto.Test_RegistryHive" time="0"/>
  <testcase name="HKEY_PERFORMANCE_DATA_getByFullName on HKEY_PERFORMANCE_DATA_getByFullName(com.rapid7.client.dcerpc.msrrp.dto.Test_RegistryHive)" classname="com.rapid7.client.dcerpc.msrrp.dto.Test_RegistryHive" time="0"/>
  <testcase name="HKEY_LOCAL_MACHINE_getFullName on HKEY_LOCAL_MACHINE_getFullName(com.rapid7.client.dcerpc.msrrp.dto.Test_RegistryHive)" classname="com.rapid7.client.dcerpc.msrrp.dto.Test_RegistryHive" time="0"/>
  <testcase name="HKEY_CLASSES_ROOT_getOpName on HKEY_CLASSES_ROOT_getOpName(com.rapid7.client.dcerpc.msrrp.dto.Test_RegistryHive)" classname="com.rapid7.client.dcerpc.msrrp.dto.Test_RegistryHive" time="0"/>
  <testcase name="HKEY_CURRENT_USER_getShortName on HKEY_CURRENT_USER_getShortName(com.rapid7.client.dcerpc.msrrp.dto.Test_RegistryHive)" classname="com.rapid7.client.dcerpc.msrrp.dto.Test_RegistryHive" time="0"/>
  <testcase name="HKEY_USERS_getFullName on HKEY_USERS_getFullName(com.rapid7.client.dcerpc.msrrp.dto.Test_RegistryHive)" classname="com.rapid7.client.dcerpc.msrrp.dto.Test_RegistryHive" time="0"/>
  <testcase name="HKEY_CURRENT_USER_getRequest on HKEY_CURRENT_USER_getRequest(com.rapid7.client.dcerpc.msrrp.dto.Test_RegistryHive)" classname="com.rapid7.client.dcerpc.msrrp.dto.Test_RegistryHive" time="0"/>
  <testcase name="HKEY_CURRENT_CONFIG_getOpNum on HKEY_CURRENT_CONFIG_getOpNum(com.rapid7.client.dcerpc.msrrp.dto.Test_RegistryHive)" classname="com.rapid7.client.dcerpc.msrrp.dto.Test_RegistryHive" time="0"/>
  <testcase name="HKEY_PERFORMANCE_NLSTEXT_getByShortName on HKEY_PERFORMANCE_NLSTEXT_getByShortName(com.rapid7.client.dcerpc.msrrp.dto.Test_RegistryHive)" classname="com.rapid7.client.dcerpc.msrrp.dto.Test_RegistryHive" time="0"/>
  <testcase name="HKEY_CLASSES_ROOT_getByFullName on HKEY_CLASSES_ROOT_getByFullName(com.rapid7.client.dcerpc.msrrp.dto.Test_RegistryHive)" classname="com.rapid7.client.dcerpc.msrrp.dto.Test_RegistryHive" time="0"/>
  <testcase name="HKEY_USERS_getByFullName on HKEY_USERS_getByFullName(com.rapid7.client.dcerpc.msrrp.dto.Test_RegistryHive)" classname="com.rapid7.client.dcerpc.msrrp.dto.Test_RegistryHive" time="0"/>
  <testcase name="HKEY_LOCAL_MACHINE_getOpName on HKEY_LOCAL_MACHINE_getOpName(com.rapid7.client.dcerpc.msrrp.dto.Test_RegistryHive)" classname="com.rapid7.client.dcerpc.msrrp.dto.Test_RegistryHive" time="0"/>
  <testcase name="HKEY_CLASSES_ROOT_getRequest on HKEY_CLASSES_ROOT_getRequest(com.rapid7.client.dcerpc.msrrp.dto.Test_RegistryHive)" classname="com.rapid7.client.dcerpc.msrrp.dto.Test_RegistryHive" time="0"/>
  <testcase name="HKEY_USERS_getOpName on HKEY_USERS_getOpName(com.rapid7.client.dcerpc.msrrp.dto.Test_RegistryHive)" classname="com.rapid7.client.dcerpc.msrrp.dto.Test_RegistryHive" time="0.001"/>
  <testcase name="HKEY_CURRENT_CONFIG_getByShortName on HKEY_CURRENT_CONFIG_getByShortName(com.rapid7.client.dcerpc.msrrp.dto.Test_RegistryHive)" classname="com.rapid7.client.dcerpc.msrrp.dto.Test_RegistryHive" time="0"/>
  <testcase name="HKEY_CURRENT_CONFIG_getRequest on HKEY_CURRENT_CONFIG_getRequest(com.rapid7.client.dcerpc.msrrp.dto.Test_RegistryHive)" classname="com.rapid7.client.dcerpc.msrrp.dto.Test_RegistryHive" time="0"/>
  <testcase name="HKEY_PERFORMANCE_TEXT_getShortName on HKEY_PERFORMANCE_TEXT_getShortName(com.rapid7.client.dcerpc.msrrp.dto.Test_RegistryHive)" classname="com.rapid7.client.dcerpc.msrrp.dto.Test_RegistryHive" time="0"/>
  <testcase name="HKEY_LOCAL_MACHINE_getOpNum on HKEY_LOCAL_MACHINE_getOpNum(com.rapid7.client.dcerpc.msrrp.dto.Test_RegistryHive)" classname="com.rapid7.client.dcerpc.msrrp.dto.Test_RegistryHive" time="0"/>
  <testcase name="HKEY_CURRENT_CONFIG_getShortName on HKEY_CURRENT_CONFIG_getShortName(com.rapid7.client.dcerpc.msrrp.dto.Test_RegistryHive)" classname="com.rapid7.client.dcerpc.msrrp.dto.Test_RegistryHive" time="0"/>
  <testcase name="HKEY_CLASSES_ROOT_getShortName on HKEY_CLASSES_ROOT_getShortName(com.rapid7.client.dcerpc.msrrp.dto.Test_RegistryHive)" classname="com.rapid7.client.dcerpc.msrrp.dto.Test_RegistryHive" time="0"/>
  <testcase name="HKEY_CLASSES_ROOT_getOpNum on HKEY_CLASSES_ROOT_getOpNum(com.rapid7.client.dcerpc.msrrp.dto.Test_RegistryHive)" classname="com.rapid7.client.dcerpc.msrrp.dto.Test_RegistryHive" time="0"/>
  <testcase name="HKEY_CURRENT_USER_getByFullName on HKEY_CURRENT_USER_getByFullName(com.rapid7.client.dcerpc.msrrp.dto.Test_RegistryHive)" classname="com.rapid7.client.dcerpc.msrrp.dto.Test_RegistryHive" time="0"/>
  <testcase name="HKEY_PERFORMANCE_NLSTEXT_getOpName on HKEY_PERFORMANCE_NLSTEXT_getOpName(com.rapid7.client.dcerpc.msrrp.dto.Test_RegistryHive)" classname="com.rapid7.client.dcerpc.msrrp.dto.Test_RegistryHive" time="0"/>
  <testcase name="HKEY_PERFORMANCE_NLSTEXT_getRequest on HKEY_PERFORMANCE_NLSTEXT_getRequest(com.rapid7.client.dcerpc.msrrp.dto.Test_RegistryHive)" classname="com.rapid7.client.dcerpc.msrrp.dto.Test_RegistryHive" time="0"/>
  <testcase name="HKEY_PERFORMANCE_TEXT_getFullName on HKEY_PERFORMANCE_TEXT_getFullName(com.rapid7.client.dcerpc.msrrp.dto.Test_RegistryHive)" classname="com.rapid7.client.dcerpc.msrrp.dto.Test_RegistryHive" time="0"/>
  <testcase name="HKEY_PERFORMANCE_NLSTEXT_getOpNum on HKEY_PERFORMANCE_NLSTEXT_getOpNum(com.rapid7.client.dcerpc.msrrp.dto.Test_RegistryHive)" classname="com.rapid7.client.dcerpc.msrrp.dto.Test_RegistryHive" time="0"/>
  <testcase name="HKEY_PERFORMANCE_TEXT_getOpNum on HKEY_PERFORMANCE_TEXT_getOpNum(com.rapid7.client.dcerpc.msrrp.dto.Test_RegistryHive)" classname="com.rapid7.client.dcerpc.msrrp.dto.Test_RegistryHive" time="0"/>
  <testcase name="HKEY_CURRENT_USER_getOpNum on HKEY_CURRENT_USER_getOpNum(com.rapid7.client.dcerpc.msrrp.dto.Test_RegistryHive)" classname="com.rapid7.client.dcerpc.msrrp.dto.Test_RegistryHive" time="0"/>
  <testcase name="HKEY_LOCAL_MACHINE_getByShortName on HKEY_LOCAL_MACHINE_getByShortName(com.rapid7.client.dcerpc.msrrp.dto.Test_RegistryHive)" classname="com.rapid7.client.dcerpc.msrrp.dto.Test_RegistryHive" time="0"/>
  <testcase name="HKEY_PERFORMANCE_DATA_getRequest on HKEY_PERFORMANCE_DATA_getRequest(com.rapid7.client.dcerpc.msrrp.dto.Test_RegistryHive)" classname="com.rapid7.client.dcerpc.msrrp.dto.Test_RegistryHive" time="0"/>
  <testcase name="HKEY_CURRENT_CONFIG_getFullName on HKEY_CURRENT_CONFIG_getFullName(com.rapid7.client.dcerpc.msrrp.dto.Test_RegistryHive)" classname="com.rapid7.client.dcerpc.msrrp.dto.Test_RegistryHive" time="0"/>
  <testcase name="HKEY_CLASSES_ROOT_getFullName on HKEY_CLASSES_ROOT_getFullName(com.rapid7.client.dcerpc.msrrp.dto.Test_RegistryHive)" classname="com.rapid7.client.dcerpc.msrrp.dto.Test_RegistryHive" time="0"/>
  <testcase name="HKEY_LOCAL_MACHINE_getRequest on HKEY_LOCAL_MACHINE_getRequest(com.rapid7.client.dcerpc.msrrp.dto.Test_RegistryHive)" classname="com.rapid7.client.dcerpc.msrrp.dto.Test_RegistryHive" time="0"/>
  <testcase name="HKEY_PERFORMANCE_DATA_getShortName on HKEY_PERFORMANCE_DATA_getShortName(com.rapid7.client.dcerpc.msrrp.dto.Test_RegistryHive)" classname="com.rapid7.client.dcerpc.msrrp.dto.Test_RegistryHive" time="0"/>
  <testcase name="HKEY_PERFORMANCE_TEXT_getByShortName on HKEY_PERFORMANCE_TEXT_getByShortName(com.rapid7.client.dcerpc.msrrp.dto.Test_RegistryHive)" classname="com.rapid7.client.dcerpc.msrrp.dto.Test_RegistryHive" time="0"/>
  <testcase name="HKEY_PERFORMANCE_DATA_getFullName on HKEY_PERFORMANCE_DATA_getFullName(com.rapid7.client.dcerpc.msrrp.dto.Test_RegistryHive)" classname="com.rapid7.client.dcerpc.msrrp.dto.Test_RegistryHive" time="0"/>
  <testcase name="testHashCode on testHashCode(com.rapid7.client.dcerpc.msrrp.dto.Test_FileTime)" classname="com.rapid7.client.dcerpc.msrrp.dto.Test_FileTime" time="0"/>
  <testcase name="getWindowsTime on getWindowsTime(com.rapid7.client.dcerpc.msrrp.dto.Test_FileTime)" classname="com.rapid7.client.dcerpc.msrrp.dto.Test_FileTime" time="0.001"/>
  <testcase name="testEquals on testEquals(com.rapid7.client.dcerpc.msrrp.dto.Test_FileTime)" classname="com.rapid7.client.dcerpc.msrrp.dto.Test_FileTime" time="0"/>
  <testcase name="testToString1 on testToString1(com.rapid7.client.dcerpc.msrrp.dto.Test_FileTime)" classname="com.rapid7.client.dcerpc.msrrp.dto.Test_FileTime" time="0"/>
  <testcase name="testToString2 on testToString2(com.rapid7.client.dcerpc.msrrp.dto.Test_FileTime)" classname="com.rapid7.client.dcerpc.msrrp.dto.Test_FileTime" time="0"/>
  <testcase name="constructorBadWindowsTime on constructorBadWindowsTime(com.rapid7.client.dcerpc.msrrp.dto.Test_FileTime)" classname="com.rapid7.client.dcerpc.msrrp.dto.Test_FileTime" time="0"/>
  <testcase name="getTime1 on getTime1(com.rapid7.client.dcerpc.msrrp.dto.Test_FileTime)" classname="com.rapid7.client.dcerpc.msrrp.dto.Test_FileTime" time="0"/>
  <testcase name="getTime2 on getTime2(com.rapid7.client.dcerpc.msrrp.dto.Test_FileTime)" classname="com.rapid7.client.dcerpc.msrrp.dto.Test_FileTime" time="0"/>
  <testcase name="REG_EXPAND_SZ_getTypeID on REG_EXPAND_SZ_getTypeID(com.rapid7.client.dcerpc.msrrp.dto.Test_RegistryValueType)" classname="com.rapid7.client.dcerpc.msrrp.dto.Test_RegistryValueType" time="0"/>
  <testcase name="REG_DWORD_BIG_ENDIAN_is on REG_DWORD_BIG_ENDIAN_is(com.rapid7.client.dcerpc.msrrp.dto.Test_RegistryValueType)" classname="com.rapid7.client.dcerpc.msrrp.dto.Test_RegistryValueType" time="0"/>
  <testcase name="REG_QWORD_getRegistryValueType on REG_QWORD_getRegistryValueType(com.rapid7.client.dcerpc.msrrp.dto.Test_RegistryValueType)" classname="com.rapid7.client.dcerpc.msrrp.dto.Test_RegistryValueType" time="0"/>
  <testcase name="REG_QWORD_getTypeID on REG_QWORD_getTypeID(com.rapid7.client.dcerpc.msrrp.dto.Test_RegistryValueType)" classname="com.rapid7.client.dcerpc.msrrp.dto.Test_RegistryValueType" time="0"/>
  <testcase name="REG_FULL_RESOURCE_DESCRIPTOR_is on REG_FULL_RESOURCE_DESCRIPTOR_is(com.rapid7.client.dcerpc.msrrp.dto.Test_RegistryValueType)" classname="com.rapid7.client.dcerpc.msrrp.dto.Test_RegistryValueType" time="0"/>
  <testcase name="REG_QWORD_is on REG_QWORD_is(com.rapid7.client.dcerpc.msrrp.dto.Test_RegistryValueType)" classname="com.rapid7.client.dcerpc.msrrp.dto.Test_RegistryValueType" time="0"/>
  <testcase name="REG_RESOURCE_REQUIREMENTS_LIST_getTypeID on REG_RESOURCE_REQUIREMENTS_LIST_getTypeID(com.rapid7.client.dcerpc.msrrp.dto.Test_RegistryValueType)" classname="com.rapid7.client.dcerpc.msrrp.dto.Test_RegistryValueType" time="0"/>
  <testcase name="REG_SZ_getRegistryValueType on REG_SZ_getRegistryValueType(com.rapid7.client.dcerpc.msrrp.dto.Test_RegistryValueType)" classname="com.rapid7.client.dcerpc.msrrp.dto.Test_RegistryValueType" time="0"/>
  <testcase name="REG_SZ_is on REG_SZ_is(com.rapid7.client.dcerpc.msrrp.dto.Test_RegistryValueType)" classname="com.rapid7.client.dcerpc.msrrp.dto.Test_RegistryValueType" time="0"/>
  <testcase name="REG_BINARY_is on REG_BINARY_is(com.rapid7.client.dcerpc.msrrp.dto.Test_RegistryValueType)" classname="com.rapid7.client.dcerpc.msrrp.dto.Test_RegistryValueType" time="0"/>
  <testcase name="REG_NONE_is on REG_NONE_is(com.rapid7.client.dcerpc.msrrp.dto.Test_RegistryValueType)" classname="com.rapid7.client.dcerpc.msrrp.dto.Test_RegistryValueType" time="0"/>
  <testcase name="REG_DWORD_BIG_ENDIAN_getTypeID on REG_DWORD_BIG_ENDIAN_getTypeID(com.rapid7.client.dcerpc.msrrp.dto.Test_RegistryValueType)" classname="com.rapid7.client.dcerpc.msrrp.dto.Test_RegistryValueType" time="0"/>
  <testcase name="REG_FULL_RESOURCE_DESCRIPTOR_getTypeID on REG_FULL_RESOURCE_DESCRIPTOR_getTypeID(com.rapid7.client.dcerpc.msrrp.dto.Test_RegistryValueType)" classname="com.rapid7.client.dcerpc.msrrp.dto.Test_RegistryValueType" time="0"/>
  <testcase name="REG_DWORD_BIG_ENDIAN_getRegistryValueType on REG_DWORD_BIG_ENDIAN_getRegistryValueType(com.rapid7.client.dcerpc.msrrp.dto.Test_RegistryValueType)" classname="com.rapid7.client.dcerpc.msrrp.dto.Test_RegistryValueType" time="0"/>
  <testcase name="REG_MULTI_SZ_getTypeID on REG_MULTI_SZ_getTypeID(com.rapid7.client.dcerpc.msrrp.dto.Test_RegistryValueType)" classname="com.rapid7.client.dcerpc.msrrp.dto.Test_RegistryValueType" time="0"/>
  <testcase name="REG_NONE_getRegistryValueType on REG_NONE_getRegistryValueType(com.rapid7.client.dcerpc.msrrp.dto.Test_RegistryValueType)" classname="com.rapid7.client.dcerpc.msrrp.dto.Test_RegistryValueType" time="0"/>
  <testcase name="REG_MULTI_SZ_getRegistryValueType on REG_MULTI_SZ_getRegistryValueType(com.rapid7.client.dcerpc.msrrp.dto.Test_RegistryValueType)" classname="com.rapid7.client.dcerpc.msrrp.dto.Test_RegistryValueType" time="0"/>
  <testcase name="REG_DWORD_getTypeID on REG_DWORD_getTypeID(com.rapid7.client.dcerpc.msrrp.dto.Test_RegistryValueType)" classname="com.rapid7.client.dcerpc.msrrp.dto.Test_RegistryValueType" time="0"/>
  <testcase name="REG_RESOURCE_REQUIREMENTS_LIST_is on REG_RESOURCE_REQUIREMENTS_LIST_is(com.rapid7.client.dcerpc.msrrp.dto.Test_RegistryValueType)" classname="com.rapid7.client.dcerpc.msrrp.dto.Test_RegistryValueType" time="0"/>
  <testcase name="REG_EXPAND_SZ_getRegistryValueType on REG_EXPAND_SZ_getRegistryValueType(com.rapid7.client.dcerpc.msrrp.dto.Test_RegistryValueType)" classname="com.rapid7.client.dcerpc.msrrp.dto.Test_RegistryValueType" time="0"/>
  <testcase name="REG_BINARY_getRegistryValueType on REG_BINARY_getRegistryValueType(com.rapid7.client.dcerpc.msrrp.dto.Test_RegistryValueType)" classname="com.rapid7.client.dcerpc.msrrp.dto.Test_RegistryValueType" time="0"/>
  <testcase name="REG_EXPAND_SZ_is on REG_EXPAND_SZ_is(com.rapid7.client.dcerpc.msrrp.dto.Test_RegistryValueType)" classname="com.rapid7.client.dcerpc.msrrp.dto.Test_RegistryValueType" time="0"/>
  <testcase name="REG_LINK_getRegistryValueType on REG_LINK_getRegistryValueType(com.rapid7.client.dcerpc.msrrp.dto.Test_RegistryValueType)" classname="com.rapid7.client.dcerpc.msrrp.dto.Test_RegistryValueType" time="0"/>
  <testcase name="REG_RESOURCE_REQUIREMENTS_LIST_getRegistryValueType on REG_RESOURCE_REQUIREMENTS_LIST_getRegistryValueType(com.rapid7.client.dcerpc.msrrp.dto.Test_RegistryValueType)" classname="com.rapid7.client.dcerpc.msrrp.dto.Test_RegistryValueType" time="0"/>
  <testcase name="REG_RESOURCE_LIST_is on REG_RESOURCE_LIST_is(com.rapid7.client.dcerpc.msrrp.dto.Test_RegistryValueType)" classname="com.rapid7.client.dcerpc.msrrp.dto.Test_RegistryValueType" time="0"/>
  <testcase name="REG_RESOURCE_LIST_getRegistryValueType on REG_RESOURCE_LIST_getRegistryValueType(com.rapid7.client.dcerpc.msrrp.dto.Test_RegistryValueType)" classname="com.rapid7.client.dcerpc.msrrp.dto.Test_RegistryValueType" time="0"/>
  <testcase name="REG_BINARY_getTypeID on REG_BINARY_getTypeID(com.rapid7.client.dcerpc.msrrp.dto.Test_RegistryValueType)" classname="com.rapid7.client.dcerpc.msrrp.dto.Test_RegistryValueType" time="0"/>
  <testcase name="REG_SZ_getTypeID on REG_SZ_getTypeID(com.rapid7.client.dcerpc.msrrp.dto.Test_RegistryValueType)" classname="com.rapid7.client.dcerpc.msrrp.dto.Test_RegistryValueType" time="0"/>
  <testcase name="REG_NONE_getTypeID on REG_NONE_getTypeID(com.rapid7.client.dcerpc.msrrp.dto.Test_RegistryValueType)" classname="com.rapid7.client.dcerpc.msrrp.dto.Test_RegistryValueType" time="0"/>
  <testcase name="REG_FULL_RESOURCE_DESCRIPTOR_getRegistryValueType on REG_FULL_RESOURCE_DESCRIPTOR_getRegistryValueType(com.rapid7.client.dcerpc.msrrp.dto.Test_RegistryValueType)" classname="com.rapid7.client.dcerpc.msrrp.dto.Test_RegistryValueType" time="0"/>
  <testcase name="REG_RESOURCE_LIST_getTypeID on REG_RESOURCE_LIST_getTypeID(com.rapid7.client.dcerpc.msrrp.dto.Test_RegistryValueType)" classname="com.rapid7.client.dcerpc.msrrp.dto.Test_RegistryValueType" time="0"/>
  <testcase name="REG_MULTI_SZ_is on REG_MULTI_SZ_is(com.rapid7.client.dcerpc.msrrp.dto.Test_RegistryValueType)" classname="com.rapid7.client.dcerpc.msrrp.dto.Test_RegistryValueType" time="0"/>
  <testcase name="REG_LINK_is on REG_LINK_is(com.rapid7.client.dcerpc.msrrp.dto.Test_RegistryValueType)" classname="com.rapid7.client.dcerpc.msrrp.dto.Test_RegistryValueType" time="0"/>
  <testcase name="REG_DWORD_is on REG_DWORD_is(com.rapid7.client.dcerpc.msrrp.dto.Test_RegistryValueType)" classname="com.rapid7.client.dcerpc.msrrp.dto.Test_RegistryValueType" time="0"/>
  <testcase name="REG_DWORD_getRegistryValueType on REG_DWORD_getRegistryValueType(com.rapid7.client.dcerpc.msrrp.dto.Test_RegistryValueType)" classname="com.rapid7.client.dcerpc.msrrp.dto.Test_RegistryValueType" time="0"/>
  <testcase name="REG_LINK_getTypeID on REG_LINK_getTypeID(com.rapid7.client.dcerpc.msrrp.dto.Test_RegistryValueType)" classname="com.rapid7.client.dcerpc.msrrp.dto.Test_RegistryValueType" time="0"/>
  <testcase name="REG_DWORD_BIG_ENDIAN_badLength2 on REG_DWORD_BIG_ENDIAN_badLength2(com.rapid7.client.dcerpc.msrrp.dto.Test_RegistryValue)" classname="com.rapid7.client.dcerpc.msrrp.dto.Test_RegistryValue" time="0"/>
  <testcase name="REG_QWORD_getData on REG_QWORD_getData(com.rapid7.client.dcerpc.msrrp.dto.Test_RegistryValue)" classname="com.rapid7.client.dcerpc.msrrp.dto.Test_RegistryValue" time="0.015"/>
  <testcase name="REG_DWORD_badLength1 on REG_DWORD_badLength1(com.rapid7.client.dcerpc.msrrp.dto.Test_RegistryValue)" classname="com.rapid7.client.dcerpc.msrrp.dto.Test_RegistryValue" time="0"/>
  <testcase name="REG_DWORD_badLength2 on REG_DWORD_badLength2(com.rapid7.client.dcerpc.msrrp.dto.Test_RegistryValue)" classname="com.rapid7.client.dcerpc.msrrp.dto.Test_RegistryValue" time="0"/>
  <testcase name="REG_DWORD_BIG_ENDIAN_getDataAsMultiStr on REG_DWORD_BIG_ENDIAN_getDataAsMultiStr(com.rapid7.client.dcerpc.msrrp.dto.Test_RegistryValue)" classname="com.rapid7.client.dcerpc.msrrp.dto.Test_RegistryValue" time="0"/>
  <testcase name="REG_MULTI_SZ_getDataAsMultiStr on REG_MULTI_SZ_getDataAsMultiStr(com.rapid7.client.dcerpc.msrrp.dto.Test_RegistryValue)" classname="com.rapid7.client.dcerpc.msrrp.dto.Test_RegistryValue" time="0"/>
  <testcase name="REG_BINARY_getDataAsBinaryStr on REG_BINARY_getDataAsBinaryStr(com.rapid7.client.dcerpc.msrrp.dto.Test_RegistryValue)" classname="com.rapid7.client.dcerpc.msrrp.dto.Test_RegistryValue" time="0"/>
  <testcase name="REG_LINK_getDataAsHexStr on REG_LINK_getDataAsHexStr(com.rapid7.client.dcerpc.msrrp.dto.Test_RegistryValue)" classname="com.rapid7.client.dcerpc.msrrp.dto.Test_RegistryValue" time="0"/>
  <testcase name="REG_EXPAND_SZ_toString_empty on REG_EXPAND_SZ_toString_empty(com.rapid7.client.dcerpc.msrrp.dto.Test_RegistryValue)" classname="com.rapid7.client.dcerpc.msrrp.dto.Test_RegistryValue" time="0.001"/>
  <testcase name="REG_EXPAND_SZ_toString_null1 on REG_EXPAND_SZ_toString_null1(com.rapid7.client.dcerpc.msrrp.dto.Test_RegistryValue)" classname="com.rapid7.client.dcerpc.msrrp.dto.Test_RegistryValue" time="0"/>
  <testcase name="REG_EXPAND_SZ_toString_null2 on REG_EXPAND_SZ_toString_null2(com.rapid7.client.dcerpc.msrrp.dto.Test_RegistryValue)" classname="com.rapid7.client.dcerpc.msrrp.dto.Test_RegistryValue" time="0"/>
  <testcase name="REG_EXPAND_SZ_getDataAsMultiStr on REG_EXPAND_SZ_getDataAsMultiStr(com.rapid7.client.dcerpc.msrrp.dto.Test_RegistryValue)" classname="com.rapid7.client.dcerpc.msrrp.dto.Test_RegistryValue" time="0"/>
  <testcase name="REG_MULTI_SZ_getDataAsInt on REG_MULTI_SZ_getDataAsInt(com.rapid7.client.dcerpc.msrrp.dto.Test_RegistryValue)" classname="com.rapid7.client.dcerpc.msrrp.dto.Test_RegistryValue" time="0"/>
  <testcase name="REG_MULTI_SZ_getDataAsStr on REG_MULTI_SZ_getDataAsStr(com.rapid7.client.dcerpc.msrrp.dto.Test_RegistryValue)" classname="com.rapid7.client.dcerpc.msrrp.dto.Test_RegistryValue" time="0"/>
  <testcase name="REG_LINK_getDataAsInt on REG_LINK_getDataAsInt(com.rapid7.client.dcerpc.msrrp.dto.Test_RegistryValue)" classname="com.rapid7.client.dcerpc.msrrp.dto.Test_RegistryValue" time="0"/>
  <testcase name="REG_LINK_getDataAsStr on REG_LINK_getDataAsStr(com.rapid7.client.dcerpc.msrrp.dto.Test_RegistryValue)" classname="com.rapid7.client.dcerpc.msrrp.dto.Test_RegistryValue" time="0"/>
  <testcase name="REG_QWORD_toString on REG_QWORD_toString(com.rapid7.client.dcerpc.msrrp.dto.Test_RegistryValue)" classname="com.rapid7.client.dcerpc.msrrp.dto.Test_RegistryValue" time="0.001"/>
  <testcase name="REG_NONE_getDataAsLong on REG_NONE_getDataAsLong(com.rapid7.client.dcerpc.msrrp.dto.Test_RegistryValue)" classname="com.rapid7.client.dcerpc.msrrp.dto.Test_RegistryValue" time="0"/>
  <testcase name="REG_DWORD_getDataAsHexStr on REG_DWORD_getDataAsHexStr(com.rapid7.client.dcerpc.msrrp.dto.Test_RegistryValue)" classname="com.rapid7.client.dcerpc.msrrp.dto.Test_RegistryValue" time="0"/>
  <testcase name="REG_NONE_getDataAsMultiStr on REG_NONE_getDataAsMultiStr(com.rapid7.client.dcerpc.msrrp.dto.Test_RegistryValue)" classname="com.rapid7.client.dcerpc.msrrp.dto.Test_RegistryValue" time="0"/>
  <testcase name="REG_QWORD_badLengt1 on REG_QWORD_badLengt1(com.rapid7.client.dcerpc.msrrp.dto.Test_RegistryValue)" classname="com.rapid7.client.dcerpc.msrrp.dto.Test_RegistryValue" time="0"/>
  <testcase name="REG_SZ_getDataAsLong on REG_SZ_getDataAsLong(com.rapid7.client.dcerpc.msrrp.dto.Test_RegistryValue)" classname="com.rapid7.client.dcerpc.msrrp.dto.Test_RegistryValue" time="0"/>
  <testcase name="REG_BINARY_getDataAsHexStr on REG_BINARY_getDataAsHexStr(com.rapid7.client.dcerpc.msrrp.dto.Test_RegistryValue)" classname="com.rapid7.client.dcerpc.msrrp.dto.Test_RegistryValue" time="0"/>
  <testcase name="REG_MULTI_SZ_getDataAsBinaryStr on REG_MULTI_SZ_getDataAsBinaryStr(com.rapid7.client.dcerpc.msrrp.dto.Test_RegistryValue)" classname="com.rapid7.client.dcerpc.msrrp.dto.Test_RegistryValue" time="0"/>
  <testcase name="REG_LINK_getData on REG_LINK_getData(com.rapid7.client.dcerpc.msrrp.dto.Test_RegistryValue)" classname="com.rapid7.client.dcerpc.msrrp.dto.Test_RegistryValue" time="0"/>
  <testcase name="REG_LINK_getDataAsBinaryStr on REG_LINK_getDataAsBinaryStr(com.rapid7.client.dcerpc.msrrp.dto.Test_RegistryValue)" classname="com.rapid7.client.dcerpc.msrrp.dto.Test_RegistryValue" time="0"/>
  <testcase name="REG_EXPAND_SZ_getDataAsInt on REG_EXPAND_SZ_getDataAsInt(com.rapid7.client.dcerpc.msrrp.dto.Test_RegistryValue)" classname="com.rapid7.client.dcerpc.msrrp.dto.Test_RegistryValue" time="0"/>
  <testcase name="REG_EXPAND_SZ_getDataAsStr on REG_EXPAND_SZ_getDataAsStr(com.rapid7.client.dcerpc.msrrp.dto.Test_RegistryValue)" classname="com.rapid7.client.dcerpc.msrrp.dto.Test_RegistryValue" time="0"/>
  <testcase name="REG_NONE_getData on REG_NONE_getData(com.rapid7.client.dcerpc.msrrp.dto.Test_RegistryValue)" classname="com.rapid7.client.dcerpc.msrrp.dto.Test_RegistryValue" time="0"/>
  <testcase name="REG_QWORD_getDataAsBinaryStr on REG_QWORD_getDataAsBinaryStr(com.rapid7.client.dcerpc.msrrp.dto.Test_RegistryValue)" classname="com.rapid7.client.dcerpc.msrrp.dto.Test_RegistryValue" time="0"/>
  <testcase name="REG_DWORD_getDataAsLong on REG_DWORD_getDataAsLong(com.rapid7.client.dcerpc.msrrp.dto.Test_RegistryValue)" classname="com.rapid7.client.dcerpc.msrrp.dto.Test_RegistryValue" time="0"/>
  <testcase name="REG_DWORD_BIG_ENDIAN_getDataAsInt on REG_DWORD_BIG_ENDIAN_getDataAsInt(com.rapid7.client.dcerpc.msrrp.dto.Test_RegistryValue)" classname="com.rapid7.client.dcerpc.msrrp.dto.Test_RegistryValue" time="0"/>
  <testcase name="REG_DWORD_BIG_ENDIAN_getDataAsStr on REG_DWORD_BIG_ENDIAN_getDataAsStr(com.rapid7.client.dcerpc.msrrp.dto.Test_RegistryValue)" classname="com.rapid7.client.dcerpc.msrrp.dto.Test_RegistryValue" time="0"/>
  <testcase name="REG_EXPAND_SZ_toString on REG_EXPAND_SZ_toString(com.rapid7.client.dcerpc.msrrp.dto.Test_RegistryValue)" classname="com.rapid7.client.dcerpc.msrrp.dto.Test_RegistryValue" time="0"/>
  <testcase name="REG_BINARY_getDataAsLong on REG_BINARY_getDataAsLong(com.rapid7.client.dcerpc.msrrp.dto.Test_RegistryValue)" classname="com.rapid7.client.dcerpc.msrrp.dto.Test_RegistryValue" time="0"/>
  <testcase name="REG_LINK_badLength1 on REG_LINK_badLength1(com.rapid7.client.dcerpc.msrrp.dto.Test_RegistryValue)" classname="com.rapid7.client.dcerpc.msrrp.dto.Test_RegistryValue" time="0"/>
  <testcase name="REG_LINK_badLength2 on REG_LINK_badLength2(com.rapid7.client.dcerpc.msrrp.dto.Test_RegistryValue)" classname="com.rapid7.client.dcerpc.msrrp.dto.Test_RegistryValue" time="0"/>
  <testcase name="REG_SZ_getData on REG_SZ_getData(com.rapid7.client.dcerpc.msrrp.dto.Test_RegistryValue)" classname="com.rapid7.client.dcerpc.msrrp.dto.Test_RegistryValue" time="0"/>
  <testcase name="REG_SZ_getDataAsInt on REG_SZ_getDataAsInt(com.rapid7.client.dcerpc.msrrp.dto.Test_RegistryValue)" classname="com.rapid7.client.dcerpc.msrrp.dto.Test_RegistryValue" time="0"/>
  <testcase name="REG_SZ_getDataAsStr on REG_SZ_getDataAsStr(com.rapid7.client.dcerpc.msrrp.dto.Test_RegistryValue)" classname="com.rapid7.client.dcerpc.msrrp.dto.Test_RegistryValue" time="0"/>
  <testcase name="REG_LINK_toString on REG_LINK_toString(com.rapid7.client.dcerpc.msrrp.dto.Test_RegistryValue)" classname="com.rapid7.client.dcerpc.msrrp.dto.Test_RegistryValue" time="0"/>
  <testcase name="REG_DWORD_BIG_ENDIAN_getDataAsHexStr on REG_DWORD_BIG_ENDIAN_getDataAsHexStr(com.rapid7.client.dcerpc.msrrp.dto.Test_RegistryValue)" classname="com.rapid7.client.dcerpc.msrrp.dto.Test_RegistryValue" time="0"/>
  <testcase name="REG_SZ_getDataAsBinaryStr on REG_SZ_getDataAsBinaryStr(com.rapid7.client.dcerpc.msrrp.dto.Test_RegistryValue)" classname="com.rapid7.client.dcerpc.msrrp.dto.Test_RegistryValue" time="0.001"/>
  <testcase name="REG_MULTI_SZ_badLength1 on REG_MULTI_SZ_badLength1(com.rapid7.client.dcerpc.msrrp.dto.Test_RegistryValue)" classname="com.rapid7.client.dcerpc.msrrp.dto.Test_RegistryValue" time="0"/>
  <testcase name="REG_MULTI_SZ_badLength2 on REG_MULTI_SZ_badLength2(com.rapid7.client.dcerpc.msrrp.dto.Test_RegistryValue)" classname="com.rapid7.client.dcerpc.msrrp.dto.Test_RegistryValue" time="0"/>
  <testcase name="getName on getName(com.rapid7.client.dcerpc.msrrp.dto.Test_RegistryValue)" classname="com.rapid7.client.dcerpc.msrrp.dto.Test_RegistryValue" time="0"/>
  <testcase name="getType on getType(com.rapid7.client.dcerpc.msrrp.dto.Test_RegistryValue)" classname="com.rapid7.client.dcerpc.msrrp.dto.Test_RegistryValue" time="0"/>
  <testcase name="REG_EXPAND_SZ_getData on REG_EXPAND_SZ_getData(com.rapid7.client.dcerpc.msrrp.dto.Test_RegistryValue)" classname="com.rapid7.client.dcerpc.msrrp.dto.Test_RegistryValue" time="0"/>
  <testcase name="constructorNullData on constructorNullData(com.rapid7.client.dcerpc.msrrp.dto.Test_RegistryValue)" classname="com.rapid7.client.dcerpc.msrrp.dto.Test_RegistryValue" time="0"/>
  <testcase name="constructorNullName on constructorNullName(com.rapid7.client.dcerpc.msrrp.dto.Test_RegistryValue)" classname="com.rapid7.client.dcerpc.msrrp.dto.Test_RegistryValue" time="0"/>
  <testcase name="constructorNullType on constructorNullType(com.rapid7.client.dcerpc.msrrp.dto.Test_RegistryValue)" classname="com.rapid7.client.dcerpc.msrrp.dto.Test_RegistryValue" time="0"/>
  <testcase name="REG_MULTI_SZ_toString on REG_MULTI_SZ_toString(com.rapid7.client.dcerpc.msrrp.dto.Test_RegistryValue)" classname="com.rapid7.client.dcerpc.msrrp.dto.Test_RegistryValue" time="0"/>
  <testcase name="REG_MULTI_SZ_toString_multiple on REG_MULTI_SZ_toString_multiple(com.rapid7.client.dcerpc.msrrp.dto.Test_RegistryValue)" classname="com.rapid7.client.dcerpc.msrrp.dto.Test_RegistryValue" time="0"/>
  <testcase name="REG_DWORD_getDataAsBinaryStr on REG_DWORD_getDataAsBinaryStr(com.rapid7.client.dcerpc.msrrp.dto.Test_RegistryValue)" classname="com.rapid7.client.dcerpc.msrrp.dto.Test_RegistryValue" time="0"/>
  <testcase name="REG_DWORD_BIG_ENDIAN_badLengt1 on REG_DWORD_BIG_ENDIAN_badLengt1(com.rapid7.client.dcerpc.msrrp.dto.Test_RegistryValue)" classname="com.rapid7.client.dcerpc.msrrp.dto.Test_RegistryValue" time="0"/>
  <testcase name="REG_MULTI_SZ_toString_empty on REG_MULTI_SZ_toString_empty(com.rapid7.client.dcerpc.msrrp.dto.Test_RegistryValue)" classname="com.rapid7.client.dcerpc.msrrp.dto.Test_RegistryValue" time="0"/>
  <testcase name="REG_MULTI_SZ_toString_null1 on REG_MULTI_SZ_toString_null1(com.rapid7.client.dcerpc.msrrp.dto.Test_RegistryValue)" classname="com.rapid7.client.dcerpc.msrrp.dto.Test_RegistryValue" time="0"/>
  <testcase name="REG_MULTI_SZ_toString_null2 on REG_MULTI_SZ_toString_null2(com.rapid7.client.dcerpc.msrrp.dto.Test_RegistryValue)" classname="com.rapid7.client.dcerpc.msrrp.dto.Test_RegistryValue" time="0"/>
  <testcase name="REG_QWORD_badLength2 on REG_QWORD_badLength2(com.rapid7.client.dcerpc.msrrp.dto.Test_RegistryValue)" classname="com.rapid7.client.dcerpc.msrrp.dto.Test_RegistryValue" time="0.001"/>
  <testcase name="REG_DWORD_BIG_ENDIAN_getData on REG_DWORD_BIG_ENDIAN_getData(com.rapid7.client.dcerpc.msrrp.dto.Test_RegistryValue)" classname="com.rapid7.client.dcerpc.msrrp.dto.Test_RegistryValue" time="0"/>
  <testcase name="REG_MULTI_SZ_toString_multipleWithNull on REG_MULTI_SZ_toString_multipleWithNull(com.rapid7.client.dcerpc.msrrp.dto.Test_RegistryValue)" classname="com.rapid7.client.dcerpc.msrrp.dto.Test_RegistryValue" time="0"/>
  <testcase name="REG_NONE_getDataAsBinaryStr on REG_NONE_getDataAsBinaryStr(com.rapid7.client.dcerpc.msrrp.dto.Test_RegistryValue)" classname="com.rapid7.client.dcerpc.msrrp.dto.Test_RegistryValue" time="0"/>
  <testcase name="REG_EXPAND_SZ_badLength1 on REG_EXPAND_SZ_badLength1(com.rapid7.client.dcerpc.msrrp.dto.Test_RegistryValue)" classname="com.rapid7.client.dcerpc.msrrp.dto.Test_RegistryValue" time="0"/>
  <testcase name="REG_EXPAND_SZ_badLength2 on REG_EXPAND_SZ_badLength2(com.rapid7.client.dcerpc.msrrp.dto.Test_RegistryValue)" classname="com.rapid7.client.dcerpc.msrrp.dto.Test_RegistryValue" time="0"/>
  <testcase name="REG_EXPAND_SZ_getDataAsHexStr on REG_EXPAND_SZ_getDataAsHexStr(com.rapid7.client.dcerpc.msrrp.dto.Test_RegistryValue)" classname="com.rapid7.client.dcerpc.msrrp.dto.Test_RegistryValue" time="0"/>
  <testcase name="REG_EXPAND_SZ_getDataAsBinaryStr on REG_EXPAND_SZ_getDataAsBinaryStr(com.rapid7.client.dcerpc.msrrp.dto.Test_RegistryValue)" classname="com.rapid7.client.dcerpc.msrrp.dto.Test_RegistryValue" time="0.001"/>
  <testcase name="REG_QWORD_getDataAsMultiStr on REG_QWORD_getDataAsMultiStr(com.rapid7.client.dcerpc.msrrp.dto.Test_RegistryValue)" classname="com.rapid7.client.dcerpc.msrrp.dto.Test_RegistryValue" time="0"/>
  <testcase name="REG_BINARY_getDataAsInt on REG_BINARY_getDataAsInt(com.rapid7.client.dcerpc.msrrp.dto.Test_RegistryValue)" classname="com.rapid7.client.dcerpc.msrrp.dto.Test_RegistryValue" time="0"/>
  <testcase name="REG_BINARY_getDataAsStr on REG_BINARY_getDataAsStr(com.rapid7.client.dcerpc.msrrp.dto.Test_RegistryValue)" classname="com.rapid7.client.dcerpc.msrrp.dto.Test_RegistryValue" time="0"/>
  <testcase name="REG_MULTI_SZ_getDataAsHexStr on REG_MULTI_SZ_getDataAsHexStr(com.rapid7.client.dcerpc.msrrp.dto.Test_RegistryValue)" classname="com.rapid7.client.dcerpc.msrrp.dto.Test_RegistryValue" time="0"/>
  <testcase name="REG_SZ_toString_empty on REG_SZ_toString_empty(com.rapid7.client.dcerpc.msrrp.dto.Test_RegistryValue)" classname="com.rapid7.client.dcerpc.msrrp.dto.Test_RegistryValue" time="0"/>
  <testcase name="REG_SZ_toString_null1 on REG_SZ_toString_null1(com.rapid7.client.dcerpc.msrrp.dto.Test_RegistryValue)" classname="com.rapid7.client.dcerpc.msrrp.dto.Test_RegistryValue" time="0"/>
  <testcase name="REG_SZ_toString_null2 on REG_SZ_toString_null2(com.rapid7.client.dcerpc.msrrp.dto.Test_RegistryValue)" classname="com.rapid7.client.dcerpc.msrrp.dto.Test_RegistryValue" time="0"/>
  <testcase name="REG_SZ_getDataAsHexStr on REG_SZ_getDataAsHexStr(com.rapid7.client.dcerpc.msrrp.dto.Test_RegistryValue)" classname="com.rapid7.client.dcerpc.msrrp.dto.Test_RegistryValue" time="0"/>
  <testcase name="REG_MULTI_SZ_getDataAsLong on REG_MULTI_SZ_getDataAsLong(com.rapid7.client.dcerpc.msrrp.dto.Test_RegistryValue)" classname="com.rapid7.client.dcerpc.msrrp.dto.Test_RegistryValue" time="0"/>
  <testcase name="REG_LINK_getDataAsMultiStr on REG_LINK_getDataAsMultiStr(com.rapid7.client.dcerpc.msrrp.dto.Test_RegistryValue)" classname="com.rapid7.client.dcerpc.msrrp.dto.Test_RegistryValue" time="0"/>
  <testcase name="testHashCode on testHashCode(com.rapid7.client.dcerpc.msrrp.dto.Test_RegistryValue)" classname="com.rapid7.client.dcerpc.msrrp.dto.Test_RegistryValue" time="0"/>
  <testcase name="REG_DWORD_toString on REG_DWORD_toString(com.rapid7.client.dcerpc.msrrp.dto.Test_RegistryValue)" classname="com.rapid7.client.dcerpc.msrrp.dto.Test_RegistryValue" time="0.001"/>
  <testcase name="REG_NONE_toString on REG_NONE_toString(com.rapid7.client.dcerpc.msrrp.dto.Test_RegistryValue)" classname="com.rapid7.client.dcerpc.msrrp.dto.Test_RegistryValue" time="0"/>
  <testcase name="REG_SZ_getDataAsMultiStr on REG_SZ_getDataAsMultiStr(com.rapid7.client.dcerpc.msrrp.dto.Test_RegistryValue)" classname="com.rapid7.client.dcerpc.msrrp.dto.Test_RegistryValue" time="0"/>
  <testcase name="REG_QWORD_getDataAsLong on REG_QWORD_getDataAsLong(com.rapid7.client.dcerpc.msrrp.dto.Test_RegistryValue)" classname="com.rapid7.client.dcerpc.msrrp.dto.Test_RegistryValue" time="0"/>
  <testcase name="testEquals on testEquals(com.rapid7.client.dcerpc.msrrp.dto.Test_RegistryValue)" classname="com.rapid7.client.dcerpc.msrrp.dto.Test_RegistryValue" time="0"/>
  <testcase name="REG_NONE_getDataAsInt on REG_NONE_getDataAsInt(com.rapid7.client.dcerpc.msrrp.dto.Test_RegistryValue)" classname="com.rapid7.client.dcerpc.msrrp.dto.Test_RegistryValue" time="0"/>
  <testcase name="REG_NONE_getDataAsStr on REG_NONE_getDataAsStr(com.rapid7.client.dcerpc.msrrp.dto.Test_RegistryValue)" classname="com.rapid7.client.dcerpc.msrrp.dto.Test_RegistryValue" time="0"/>
  <testcase name="REG_BINARY_getData on REG_BINARY_getData(com.rapid7.client.dcerpc.msrrp.dto.Test_RegistryValue)" classname="com.rapid7.client.dcerpc.msrrp.dto.Test_RegistryValue" time="0"/>
  <testcase name="REG_SZ_badLength1 on REG_SZ_badLength1(com.rapid7.client.dcerpc.msrrp.dto.Test_RegistryValue)" classname="com.rapid7.client.dcerpc.msrrp.dto.Test_RegistryValue" time="0"/>
  <testcase name="REG_SZ_badLength2 on REG_SZ_badLength2(com.rapid7.client.dcerpc.msrrp.dto.Test_RegistryValue)" classname="com.rapid7.client.dcerpc.msrrp.dto.Test_RegistryValue" time="0"/>
  <testcase name="REG_BINARY_getDataAsMultiStr on REG_BINARY_getDataAsMultiStr(com.rapid7.client.dcerpc.msrrp.dto.Test_RegistryValue)" classname="com.rapid7.client.dcerpc.msrrp.dto.Test_RegistryValue" time="0"/>
  <testcase name="REG_QWORD_getDataAsHexStr on REG_QWORD_getDataAsHexStr(com.rapid7.client.dcerpc.msrrp.dto.Test_RegistryValue)" classname="com.rapid7.client.dcerpc.msrrp.dto.Test_RegistryValue" time="0"/>
  <testcase name="REG_DWORD_BIG_ENDIAN_toString on REG_DWORD_BIG_ENDIAN_toString(com.rapid7.client.dcerpc.msrrp.dto.Test_RegistryValue)" classname="com.rapid7.client.dcerpc.msrrp.dto.Test_RegistryValue" time="0"/>
  <testcase name="REG_DWORD_getDataAsMultiStr on REG_DWORD_getDataAsMultiStr(com.rapid7.client.dcerpc.msrrp.dto.Test_RegistryValue)" classname="com.rapid7.client.dcerpc.msrrp.dto.Test_RegistryValue" time="0"/>
  <testcase name="REG_BINARY_toString on REG_BINARY_toString(com.rapid7.client.dcerpc.msrrp.dto.Test_RegistryValue)" classname="com.rapid7.client.dcerpc.msrrp.dto.Test_RegistryValue" time="0"/>
  <testcase name="REG_DWORD_BIG_ENDIAN_getDataAsBinaryStr on REG_DWORD_BIG_ENDIAN_getDataAsBinaryStr(com.rapid7.client.dcerpc.msrrp.dto.Test_RegistryValue)" classname="com.rapid7.client.dcerpc.msrrp.dto.Test_RegistryValue" time="0"/>
  <testcase name="REG_MULTI_SZ_getData on REG_MULTI_SZ_getData(com.rapid7.client.dcerpc.msrrp.dto.Test_RegistryValue)" classname="com.rapid7.client.dcerpc.msrrp.dto.Test_RegistryValue" time="0"/>
  <testcase name="REG_LINK_getDataAsLong on REG_LINK_getDataAsLong(com.rapid7.client.dcerpc.msrrp.dto.Test_RegistryValue)" classname="com.rapid7.client.dcerpc.msrrp.dto.Test_RegistryValue" time="0"/>
  <testcase name="REG_NONE_getDataAsHexStr on REG_NONE_getDataAsHexStr(com.rapid7.client.dcerpc.msrrp.dto.Test_RegistryValue)" classname="com.rapid7.client.dcerpc.msrrp.dto.Test_RegistryValue" time="0"/>
  <testcase name="REG_SZ_toString on REG_SZ_toString(com.rapid7.client.dcerpc.msrrp.dto.Test_RegistryValue)" classname="com.rapid7.client.dcerpc.msrrp.dto.Test_RegistryValue" time="0"/>
  <testcase name="REG_DWORD_getData on REG_DWORD_getData(com.rapid7.client.dcerpc.msrrp.dto.Test_RegistryValue)" classname="com.rapid7.client.dcerpc.msrrp.dto.Test_RegistryValue" time="0"/>
  <testcase name="REG_QWORD_getDataAsInt on REG_QWORD_getDataAsInt(com.rapid7.client.dcerpc.msrrp.dto.Test_RegistryValue)" classname="com.rapid7.client.dcerpc.msrrp.dto.Test_RegistryValue" time="0"/>
  <testcase name="REG_QWORD_getDataAsStr on REG_QWORD_getDataAsStr(com.rapid7.client.dcerpc.msrrp.dto.Test_RegistryValue)" classname="com.rapid7.client.dcerpc.msrrp.dto.Test_RegistryValue" time="0.001"/>
  <testcase name="REG_DWORD_BIG_ENDIAN_getDataAsLong on REG_DWORD_BIG_ENDIAN_getDataAsLong(com.rapid7.client.dcerpc.msrrp.dto.Test_RegistryValue)" classname="com.rapid7.client.dcerpc.msrrp.dto.Test_RegistryValue" time="0"/>
  <testcase name="REG_DWORD_getDataAsInt on REG_DWORD_getDataAsInt(com.rapid7.client.dcerpc.msrrp.dto.Test_RegistryValue)" classname="com.rapid7.client.dcerpc.msrrp.dto.Test_RegistryValue" time="0"/>
  <testcase name="REG_DWORD_getDataAsStr on REG_DWORD_getDataAsStr(com.rapid7.client.dcerpc.msrrp.dto.Test_RegistryValue)" classname="com.rapid7.client.dcerpc.msrrp.dto.Test_RegistryValue" time="0"/>
  <testcase name="REG_EXPAND_SZ_getDataAsLong on REG_EXPAND_SZ_getDataAsLong(com.rapid7.client.dcerpc.msrrp.dto.Test_RegistryValue)" classname="com.rapid7.client.dcerpc.msrrp.dto.Test_RegistryValue" time="0"/>
  <testcase name="REG_LINK_toString_empty on REG_LINK_toString_empty(com.rapid7.client.dcerpc.msrrp.dto.Test_RegistryValue)" classname="com.rapid7.client.dcerpc.msrrp.dto.Test_RegistryValue" time="0"/>
  <testcase name="REG_LINK_toString_null1 on REG_LINK_toString_null1(com.rapid7.client.dcerpc.msrrp.dto.Test_RegistryValue)" classname="com.rapid7.client.dcerpc.msrrp.dto.Test_RegistryValue" time="0"/>
  <testcase name="REG_LINK_toString_null2 on REG_LINK_toString_null2(com.rapid7.client.dcerpc.msrrp.dto.Test_RegistryValue)" classname="com.rapid7.client.dcerpc.msrrp.dto.Test_RegistryValue" time="0"/>
  <testcase name="setAuthLength on setAuthLength(com.rapid7.client.dcerpc.Test_Header)" classname="com.rapid7.client.dcerpc.Test_Header" time="0.001"/>
  <testcase name="unmarshal on unmarshal(com.rapid7.client.dcerpc.Test_Header)" classname="com.rapid7.client.dcerpc.Test_Header" time="0"/>
  <testcase name="marshalNoPDUType on marshalNoPDUType(com.rapid7.client.dcerpc.Test_Header)" classname="com.rapid7.client.dcerpc.Test_Header" time="0"/>
  <testcase name="setFragLength on setFragLength(com.rapid7.client.dcerpc.Test_Header)" classname="com.rapid7.client.dcerpc.Test_Header" time="0"/>
  <testcase name="getMinorVersion on getMinorVersion(com.rapid7.client.dcerpc.Test_Header)" classname="com.rapid7.client.dcerpc.Test_Header" time="0"/>
  <testcase name="getNDR on getNDR(com.rapid7.client.dcerpc.Test_Header)" classname="com.rapid7.client.dcerpc.Test_Header" time="0"/>
  <testcase name="setNDR on setNDR(com.rapid7.client.dcerpc.Test_Header)" classname="com.rapid7.client.dcerpc.Test_Header" time="0"/>
  <testcase name="setPFCFlags on setPFCFlags(com.rapid7.client.dcerpc.Test_Header)" classname="com.rapid7.client.dcerpc.Test_Header" time="0"/>
  <testcase name="getPDUType on getPDUType(com.rapid7.client.dcerpc.Test_Header)" classname="com.rapid7.client.dcerpc.Test_Header" time="0"/>
  <testcase name="getPFCFlags on getPFCFlags(com.rapid7.client.dcerpc.Test_Header)" classname="com.rapid7.client.dcerpc.Test_Header" time="0.001"/>
  <testcase name="setMinorVersion on setMinorVersion(com.rapid7.client.dcerpc.Test_Header)" classname="com.rapid7.client.dcerpc.Test_Header" time="0"/>
  <testcase name="marshalNoPFCFlags on marshalNoPFCFlags(com.rapid7.client.dcerpc.Test_Header)" classname="com.rapid7.client.dcerpc.Test_Header" time="0"/>
  <testcase name="setCallID on setCallID(com.rapid7.client.dcerpc.Test_Header)" classname="com.rapid7.client.dcerpc.Test_Header" time="0"/>
  <testcase name="getCallID on getCallID(com.rapid7.client.dcerpc.Test_Header)" classname="com.rapid7.client.dcerpc.Test_Header" time="0"/>
  <testcase name="marshal on marshal(com.rapid7.client.dcerpc.Test_Header)" classname="com.rapid7.client.dcerpc.Test_Header" time="0"/>
  <testcase name="getMajorVersion on getMajorVersion(com.rapid7.client.dcerpc.Test_Header)" classname="com.rapid7.client.dcerpc.Test_Header" time="0"/>
  <testcase name="setPDUType on setPDUType(com.rapid7.client.dcerpc.Test_Header)" classname="com.rapid7.client.dcerpc.Test_Header" time="0"/>
  <testcase name="getAuthLength on getAuthLength(com.rapid7.client.dcerpc.Test_Header)" classname="com.rapid7.client.dcerpc.Test_Header" time="0"/>
  <testcase name="unmarshalMarshal on unmarshalMarshal(com.rapid7.client.dcerpc.Test_Header)" classname="com.rapid7.client.dcerpc.Test_Header" time="0"/>
  <testcase name="setMajorVersion on setMajorVersion(com.rapid7.client.dcerpc.Test_Header)" classname="com.rapid7.client.dcerpc.Test_Header" time="0"/>
  <testcase name="getFragLength on getFragLength(com.rapid7.client.dcerpc.Test_Header)" classname="com.rapid7.client.dcerpc.Test_Header" time="0"/>
  <testcase name="getShares on getShares(com.rapid7.client.dcerpc.mssrvs.Test_ServerService)" classname="com.rapid7.client.dcerpc.mssrvs.Test_ServerService" time="0.054"/>
  <testcase name="lsar_SingleLsarEnumerateAccountsWithUserRightResponseErrorCase on lsar_SingleLsarEnumerateAccountsWithUserRightResponseErrorCase(com.rapid7.client.dcerpc.mssrvs.Test_LsarEnumerateAccountsWithUserRight)" classname="com.rapid7.client.dcerpc.mssrvs.Test_LsarEnumerateAccountsWithUserRight" time="0"/>
  <testcase name="LsarEnumerateAccountsWithUserRightRequest_NoRight on LsarEnumerateAccountsWithUserRightRequest_NoRight(com.rapid7.client.dcerpc.mssrvs.Test_LsarEnumerateAccountsWithUserRight)" classname="com.rapid7.client.dcerpc.mssrvs.Test_LsarEnumerateAccountsWithUserRight" time="0"/>
  <testcase name="lsar_LsarEnumerateAccountsWithUserRightRequest on lsar_LsarEnumerateAccountsWithUserRightRequest(com.rapid7.client.dcerpc.mssrvs.Test_LsarEnumerateAccountsWithUserRight)" classname="com.rapid7.client.dcerpc.mssrvs.Test_LsarEnumerateAccountsWithUserRight" time="0"/>
  <testcase name="lsar_MultipleLsarEnumerateAccountsWithUserRightResponse on lsar_MultipleLsarEnumerateAccountsWithUserRightResponse(com.rapid7.client.dcerpc.mssrvs.Test_LsarEnumerateAccountsWithUserRight)" classname="com.rapid7.client.dcerpc.mssrvs.Test_LsarEnumerateAccountsWithUserRight" time="0"/>
  <testcase name="lsar_SingleLsarEnumerateAccountsWithUserRightResponse on lsar_SingleLsarEnumerateAccountsWithUserRightResponse(com.rapid7.client.dcerpc.mssrvs.Test_LsarEnumerateAccountsWithUserRight)" classname="com.rapid7.client.dcerpc.mssrvs.Test_LsarEnumerateAccountsWithUserRight" time="0"/>
  <testcase name="parseNetprPathCanonicalizeResponse on parseNetprPathCanonicalizeResponse(com.rapid7.client.dcerpc.mssrvs.Test_NetPrPathCanonicalize)" classname="com.rapid7.client.dcerpc.mssrvs.Test_NetPrPathCanonicalize" time="0.002"/>
  <testcase name="encodeNetprPathCanonicalize on encodeNetprPathCanonicalize(com.rapid7.client.dcerpc.mssrvs.Test_NetPrPathCanonicalize)" classname="com.rapid7.client.dcerpc.mssrvs.Test_NetPrPathCanonicalize" time="0"/>
  <testcase name="lsar_MultipleLsarEnumerateAccountRightsResponse on lsar_MultipleLsarEnumerateAccountRightsResponse(com.rapid7.client.dcerpc.mssrvs.Test_LsarEnumerateAccountRights)" classname="com.rapid7.client.dcerpc.mssrvs.Test_LsarEnumerateAccountRights" time="0.001"/>
  <testcase name="lsar_LsarEnumerateAccountRightsResponse on lsar_LsarEnumerateAccountRightsResponse(com.rapid7.client.dcerpc.mssrvs.Test_LsarEnumerateAccountRights)" classname="com.rapid7.client.dcerpc.mssrvs.Test_LsarEnumerateAccountRights" time="0"/>
  <testcase name="lsar_SingleLsarEnumerateAccountRightsResponse on lsar_SingleLsarEnumerateAccountRightsResponse(com.rapid7.client.dcerpc.mssrvs.Test_LsarEnumerateAccountRights)" classname="com.rapid7.client.dcerpc.mssrvs.Test_LsarEnumerateAccountRights" time="0"/>
  <testcase name="encodeQueryServiceConfig on encodeQueryServiceConfig(com.rapid7.client.dcerpc.msvcctl.messages.Test_RQueryServiceConfig)" classname="com.rapid7.client.dcerpc.msvcctl.messages.Test_RQueryServiceConfig" time="0.001"/>
  <testcase name="parseRQueryServiceConfigResponse on parseRQueryServiceConfigResponse(com.rapid7.client.dcerpc.msvcctl.messages.Test_RQueryServiceConfig)" classname="com.rapid7.client.dcerpc.msvcctl.messages.Test_RQueryServiceConfig" time="0"/>
  <testcase name="encodeRStartServiceRequest on encodeRStartServiceRequest(com.rapid7.client.dcerpc.msvcctl.messages.Test_RStartService)" classname="com.rapid7.client.dcerpc.msvcctl.messages.Test_RStartService" time="0.001"/>
  <testcase name="parseRStartServiceResponse on parseRStartServiceResponse(com.rapid7.client.dcerpc.msvcctl.messages.Test_RStartService)" classname="com.rapid7.client.dcerpc.msvcctl.messages.Test_RStartService" time="0"/>
  <testcase name="encodeRChangeServiceConfigRequest_nullParams on encodeRChangeServiceConfigRequest_nullParams(com.rapid7.client.dcerpc.msvcctl.messages.Test_RChangeServiceConfig)" classname="com.rapid7.client.dcerpc.msvcctl.messages.Test_RChangeServiceConfig" time="0.001"/>
  <testcase name="parseRChangeServiceConfigResponse on parseRChangeServiceConfigResponse(com.rapid7.client.dcerpc.msvcctl.messages.Test_RChangeServiceConfig)" classname="com.rapid7.client.dcerpc.msvcctl.messages.Test_RChangeServiceConfig" time="0"/>
  <testcase name="encodeRChangeServiceConfigRequest on encodeRChangeServiceConfigRequest(com.rapid7.client.dcerpc.msvcctl.messages.Test_RChangeServiceConfig)" classname="com.rapid7.client.dcerpc.msvcctl.messages.Test_RChangeServiceConfig" time="0.001"/>
  <testcase name="parseRChangeServiceConfigResponse_nullTag on parseRChangeServiceConfigResponse_nullTag(com.rapid7.client.dcerpc.msvcctl.messages.Test_RChangeServiceConfig)" classname="com.rapid7.client.dcerpc.msvcctl.messages.Test_RChangeServiceConfig" time="0"/>
  <testcase name="alter_context_resp on alter_context_resp(com.rapid7.client.dcerpc.Test_PDUType)" classname="com.rapid7.client.dcerpc.Test_PDUType" time="0"/>
  <testcase name="co_cancel on co_cancel(com.rapid7.client.dcerpc.Test_PDUType)" classname="com.rapid7.client.dcerpc.Test_PDUType" time="0"/>
  <testcase name="nocall on nocall(com.rapid7.client.dcerpc.Test_PDUType)" classname="com.rapid7.client.dcerpc.Test_PDUType" time="0"/>
  <testcase name="reject on reject(com.rapid7.client.dcerpc.Test_PDUType)" classname="com.rapid7.client.dcerpc.Test_PDUType" time="0"/>
  <testcase name="response on response(com.rapid7.client.dcerpc.Test_PDUType)" classname="com.rapid7.client.dcerpc.Test_PDUType" time="0"/>
  <testcase name="shutdown on shutdown(com.rapid7.client.dcerpc.Test_PDUType)" classname="com.rapid7.client.dcerpc.Test_PDUType" time="0"/>
  <testcase name="ack on ack(com.rapid7.client.dcerpc.Test_PDUType)" classname="com.rapid7.client.dcerpc.Test_PDUType" time="0"/>
  <testcase name="bind on bind(com.rapid7.client.dcerpc.Test_PDUType)" classname="com.rapid7.client.dcerpc.Test_PDUType" time="0"/>
  <testcase name="fack on fack(com.rapid7.client.dcerpc.Test_PDUType)" classname="com.rapid7.client.dcerpc.Test_PDUType" time="0"/>
  <testcase name="ping on ping(com.rapid7.client.dcerpc.Test_PDUType)" classname="com.rapid7.client.dcerpc.Test_PDUType" time="0"/>
  <testcase name="fault on fault(com.rapid7.client.dcerpc.Test_PDUType)" classname="com.rapid7.client.dcerpc.Test_PDUType" time="0"/>
  <testcase name="bind_ack on bind_ack(com.rapid7.client.dcerpc.Test_PDUType)" classname="com.rapid7.client.dcerpc.Test_PDUType" time="0"/>
  <testcase name="bind_nak on bind_nak(com.rapid7.client.dcerpc.Test_PDUType)" classname="com.rapid7.client.dcerpc.Test_PDUType" time="0"/>
  <testcase name="request on request(com.rapid7.client.dcerpc.Test_PDUType)" classname="com.rapid7.client.dcerpc.Test_PDUType" time="0"/>
  <testcase name="alter_context on alter_context(com.rapid7.client.dcerpc.Test_PDUType)" classname="com.rapid7.client.dcerpc.Test_PDUType" time="0"/>
  <testcase name="working on working(com.rapid7.client.dcerpc.Test_PDUType)" classname="com.rapid7.client.dcerpc.Test_PDUType" time="0"/>
  <testcase name="orphaned on orphaned(com.rapid7.client.dcerpc.Test_PDUType)" classname="com.rapid7.client.dcerpc.Test_PDUType" time="0"/>
  <testcase name="cancel_ack on cancel_ack(com.rapid7.client.dcerpc.Test_PDUType)" classname="com.rapid7.client.dcerpc.Test_PDUType" time="0"/>
  <testcase name="cl_cancel on cl_cancel(com.rapid7.client.dcerpc.Test_PDUType)" classname="com.rapid7.client.dcerpc.Test_PDUType" time="0"/>
  <testcase name="object_uuid on object_uuid(com.rapid7.client.dcerpc.Test_PFCFlag)" classname="com.rapid7.client.dcerpc.Test_PFCFlag" time="0"/>
  <testcase name="last_fragment on last_fragment(com.rapid7.client.dcerpc.Test_PFCFlag)" classname="com.rapid7.client.dcerpc.Test_PFCFlag" time="0"/>
  <testcase name="concurrent_multiplexing on concurrent_multiplexing(com.rapid7.client.dcerpc.Test_PFCFlag)" classname="com.rapid7.client.dcerpc.Test_PFCFlag" time="0"/>
  <testcase name="maybe on maybe(com.rapid7.client.dcerpc.Test_PFCFlag)" classname="com.rapid7.client.dcerpc.Test_PFCFlag" time="0"/>
  <testcase name="did_not_execute on did_not_execute(com.rapid7.client.dcerpc.Test_PFCFlag)" classname="com.rapid7.client.dcerpc.Test_PFCFlag" time="0"/>
  <testcase name="pending_cancel on pending_cancel(com.rapid7.client.dcerpc.Test_PFCFlag)" classname="com.rapid7.client.dcerpc.Test_PFCFlag" time="0"/>
  <testcase name="first_fragment on first_fragment(com.rapid7.client.dcerpc.Test_PFCFlag)" classname="com.rapid7.client.dcerpc.Test_PFCFlag" time="0"/>
  <testcase name="setMaxRecvFrag on setMaxRecvFrag(com.rapid7.client.dcerpc.transport.Test_RPCTransport)" classname="com.rapid7.client.dcerpc.transport.Test_RPCTransport" time="0"/>
  <testcase name="callWithStub on callWithStub(com.rapid7.client.dcerpc.transport.Test_RPCTransport)" classname="com.rapid7.client.dcerpc.transport.Test_RPCTransport" time="0.011"/>
  <testcase name="setMaxXmitFrag on setMaxXmitFrag(com.rapid7.client.dcerpc.transport.Test_RPCTransport)" classname="com.rapid7.client.dcerpc.transport.Test_RPCTransport" time="0"/>
  <testcase name="callWithMultiStub on callWithMultiStub(com.rapid7.client.dcerpc.transport.Test_RPCTransport)" classname="com.rapid7.client.dcerpc.transport.Test_RPCTransport" time="0.006"/>
  <testcase name="bindACK on bindACK(com.rapid7.client.dcerpc.transport.Test_RPCTransport)" classname="com.rapid7.client.dcerpc.transport.Test_RPCTransport" time="0"/>
  <testcase name="bindNAK on bindNAK(com.rapid7.client.dcerpc.transport.Test_RPCTransport)" classname="com.rapid7.client.dcerpc.transport.Test_RPCTransport" time="0.001"/>
  <testcase name="call on call(com.rapid7.client.dcerpc.transport.Test_RPCTransport)" classname="com.rapid7.client.dcerpc.transport.Test_RPCTransport" time="0.001"/>
  <testcase name="getCallID on getCallID(com.rapid7.client.dcerpc.transport.Test_RPCTransport)" classname="com.rapid7.client.dcerpc.transport.Test_RPCTransport" time="0"/>
  <testcase name="getMaxRecvFrag on getMaxRecvFrag(com.rapid7.client.dcerpc.transport.Test_RPCTransport)" classname="com.rapid7.client.dcerpc.transport.Test_RPCTransport" time="0"/>
  <testcase name="getMaxXmitFrag on getMaxXmitFrag(com.rapid7.client.dcerpc.transport.Test_RPCTransport)" classname="com.rapid7.client.dcerpc.transport.Test_RPCTransport" time="0"/>
  <testcase name="parseLookupSIDsResponse on parseLookupSIDsResponse(com.rapid7.client.dcerpc.mslsad.Test_LookupSIDs)" classname="com.rapid7.client.dcerpc.mslsad.Test_LookupSIDs" time="0.002"/>
  <testcase name="encodeLookupSIDsRequest2 on encodeLookupSIDsRequest2(com.rapid7.client.dcerpc.mslsad.Test_LookupSIDs)" classname="com.rapid7.client.dcerpc.mslsad.Test_LookupSIDs" time="0.002"/>
  <testcase name="encodeLookupSIDsRequest on encodeLookupSIDsRequest(com.rapid7.client.dcerpc.mslsad.Test_LookupSIDs)" classname="com.rapid7.client.dcerpc.mslsad.Test_LookupSIDs" time="0"/>
  <testcase name="winRegV1 on winRegV1(com.rapid7.client.dcerpc.Test_Interface)" classname="com.rapid7.client.dcerpc.Test_Interface" time="0"/>
  <testcase name="ndr32bitV2 on ndr32bitV2(com.rapid7.client.dcerpc.Test_Interface)" classname="com.rapid7.client.dcerpc.Test_Interface" time="0"/>
  <testcase name="getReturnValue on getReturnValue(com.rapid7.client.dcerpc.Test_RPCException)" classname="com.rapid7.client.dcerpc.Test_RPCException" time="0"/>
  <testcase name="hasErrorCode_unknownErrorCode on hasErrorCode_unknownErrorCode(com.rapid7.client.dcerpc.Test_RPCException)" classname="com.rapid7.client.dcerpc.Test_RPCException" time="0"/>
  <testcase name="hasErrorCode on hasErrorCode(com.rapid7.client.dcerpc.Test_RPCException)" classname="com.rapid7.client.dcerpc.Test_RPCException" time="0"/>
  <testcase name="getValue_unknownErrorCode on getValue_unknownErrorCode(com.rapid7.client.dcerpc.Test_RPCException)" classname="com.rapid7.client.dcerpc.Test_RPCException" time="0.001"/>
  <testcase name="getReturnValue_unknownErrorCode on getReturnValue_unknownErrorCode(com.rapid7.client.dcerpc.Test_RPCException)" classname="com.rapid7.client.dcerpc.Test_RPCException" time="0"/>
  <testcase name="getValue on getValue(com.rapid7.client.dcerpc.Test_RPCException)" classname="com.rapid7.client.dcerpc.Test_RPCException" time="0"/>
  <testcase name="readReferentID on readReferentID(com.rapid7.client.dcerpc.io.Test_PacketInput)" classname="com.rapid7.client.dcerpc.io.Test_PacketInput" time="0"/>
  <testcase name="readLong on readLong(com.rapid7.client.dcerpc.io.Test_PacketInput)" classname="com.rapid7.client.dcerpc.io.Test_PacketInput" time="0"/>
  <testcase name="writeNull on writeNull(com.rapid7.client.dcerpc.io.Test_PacketOutput)" classname="com.rapid7.client.dcerpc.io.Test_PacketOutput" time="0"/>
  <testcase name="test_writeReferentID_null on test_writeReferentID_null(com.rapid7.client.dcerpc.io.Test_PacketOutput)" classname="com.rapid7.client.dcerpc.io.Test_PacketOutput" time="0"/>
  <testcase name="test_writeReferentID_obj on test_writeReferentID_obj(com.rapid7.client.dcerpc.io.Test_PacketOutput)" classname="com.rapid7.client.dcerpc.io.Test_PacketOutput" time="0"/>
  <testcase name="writeReferentID on writeReferentID(com.rapid7.client.dcerpc.io.Test_PacketOutput)" classname="com.rapid7.client.dcerpc.io.Test_PacketOutput" time="0"/>
  <testcase name="writeEmptyCVArray on writeEmptyCVArray(com.rapid7.client.dcerpc.io.Test_PacketOutput)" classname="com.rapid7.client.dcerpc.io.Test_PacketOutput" time="0.001"/>
  <testcase name="SamrGetMembersInAliasResponse on SamrGetMembersInAliasResponse(com.rapid7.client.dcerpc.mssamr.messages.Test_SamrGetMembersInAliasResponse)" classname="com.rapid7.client.dcerpc.mssamr.messages.Test_SamrGetMembersInAliasResponse" time="0"/>
  <testcase name="SamrQueryLockoutInformationDomain on SamrQueryLockoutInformationDomain(com.rapid7.client.dcerpc.mssamr.messages.Test_SamrQueryInformationDomain)" classname="com.rapid7.client.dcerpc.mssamr.messages.Test_SamrQueryInformationDomain" time="0.001"/>
  <testcase name="SamrQueryPasswordInformationDomain on SamrQueryPasswordInformationDomain(com.rapid7.client.dcerpc.mssamr.messages.Test_SamrQueryInformationDomain)" classname="com.rapid7.client.dcerpc.mssamr.messages.Test_SamrQueryInformationDomain" time="0.001"/>
  <testcase name="SamrQueryLogOffInformationDomain on SamrQueryLogOffInformationDomain(com.rapid7.client.dcerpc.mssamr.messages.Test_SamrQueryInformationDomain)" classname="com.rapid7.client.dcerpc.mssamr.messages.Test_SamrQueryInformationDomain" time="0.001"/>
  <testcase name="getResponseObject on getResponseObject(com.rapid7.client.dcerpc.mssamr.messages.Test_SamrCloseHandleRequest)" classname="com.rapid7.client.dcerpc.mssamr.messages.Test_SamrCloseHandleRequest" time="0"/>
  <testcase name="getStub on getStub(com.rapid7.client.dcerpc.mssamr.messages.Test_SamrCloseHandleRequest)" classname="com.rapid7.client.dcerpc.mssamr.messages.Test_SamrCloseHandleRequest" time="0"/>
  <testcase name="getOpNum on getOpNum(com.rapid7.client.dcerpc.mssamr.messages.Test_SamrCloseHandleRequest)" classname="com.rapid7.client.dcerpc.mssamr.messages.Test_SamrCloseHandleRequest" time="0"/>
  <testcase name="getResponseObject on getResponseObject(com.rapid7.client.dcerpc.mssamr.messages.Test_SamrOpenUser)" classname="com.rapid7.client.dcerpc.mssamr.messages.Test_SamrOpenUser" time="0"/>
  <testcase name="getStub on getStub(com.rapid7.client.dcerpc.mssamr.messages.Test_SamrOpenUser)" classname="com.rapid7.client.dcerpc.mssamr.messages.Test_SamrOpenUser" time="0"/>
  <testcase name="getOpNum on getOpNum(com.rapid7.client.dcerpc.mssamr.messages.Test_SamrOpenUser)" classname="com.rapid7.client.dcerpc.mssamr.messages.Test_SamrOpenUser" time="0"/>
  <testcase name="unmarshalEmptyResponse on unmarshalEmptyResponse(com.rapid7.client.dcerpc.mssamr.messages.Test_SamrGetAliasMembershipResponse)" classname="com.rapid7.client.dcerpc.mssamr.messages.Test_SamrGetAliasMembershipResponse" time="0"/>
  <testcase name="unmarshalResponse on unmarshalResponse(com.rapid7.client.dcerpc.mssamr.messages.Test_SamrGetAliasMembershipResponse)" classname="com.rapid7.client.dcerpc.mssamr.messages.Test_SamrGetAliasMembershipResponse" time="0"/>
  <testcase name="unmarshallGroupDisplayInfo on unmarshallGroupDisplayInfo(com.rapid7.client.dcerpc.mssamr.messages.Test_SamrQueryDisplayInformation2Response)" classname="com.rapid7.client.dcerpc.mssamr.messages.Test_SamrQueryDisplayInformation2Response" time="0.002"/>
  <testcase name="getResponseObject on getResponseObject(com.rapid7.client.dcerpc.mssamr.messages.Test_SamrGetGroupsForUserRequest)" classname="com.rapid7.client.dcerpc.mssamr.messages.Test_SamrGetGroupsForUserRequest" time="0.001"/>
  <testcase name="getStub on getStub(com.rapid7.client.dcerpc.mssamr.messages.Test_SamrGetGroupsForUserRequest)" classname="com.rapid7.client.dcerpc.mssamr.messages.Test_SamrGetGroupsForUserRequest" time="0"/>
  <testcase name="getOpNum on getOpNum(com.rapid7.client.dcerpc.mssamr.messages.Test_SamrGetGroupsForUserRequest)" classname="com.rapid7.client.dcerpc.mssamr.messages.Test_SamrGetGroupsForUserRequest" time="0"/>
  <testcase name="getResponseObject on getResponseObject(com.rapid7.client.dcerpc.mssamr.messages.Test_SamrOpenAlias)" classname="com.rapid7.client.dcerpc.mssamr.messages.Test_SamrOpenAlias" time="0"/>
  <testcase name="getStub on getStub(com.rapid7.client.dcerpc.mssamr.messages.Test_SamrOpenAlias)" classname="com.rapid7.client.dcerpc.mssamr.messages.Test_SamrOpenAlias" time="0"/>
  <testcase name="getOpNum on getOpNum(com.rapid7.client.dcerpc.mssamr.messages.Test_SamrOpenAlias)" classname="com.rapid7.client.dcerpc.mssamr.messages.Test_SamrOpenAlias" time="0"/>
  <testcase name="getResponseObject on getResponseObject(com.rapid7.client.dcerpc.mssamr.messages.Test_SamrEnumerateDomainsInSamServerRequest)" classname="com.rapid7.client.dcerpc.mssamr.messages.Test_SamrEnumerateDomainsInSamServerRequest" time="0.001"/>
  <testcase name="getStub on getStub(com.rapid7.client.dcerpc.mssamr.messages.Test_SamrEnumerateDomainsInSamServerRequest)" classname="com.rapid7.client.dcerpc.mssamr.messages.Test_SamrEnumerateDomainsInSamServerRequest" time="0"/>
  <testcase name="getOpNum on getOpNum(com.rapid7.client.dcerpc.mssamr.messages.Test_SamrEnumerateDomainsInSamServerRequest)" classname="com.rapid7.client.dcerpc.mssamr.messages.Test_SamrEnumerateDomainsInSamServerRequest" time="0"/>
  <testcase name="unmarshall on unmarshall(com.rapid7.client.dcerpc.mssamr.messages.Test_SamrGetMembersForGroupResponse)" classname="com.rapid7.client.dcerpc.mssamr.messages.Test_SamrGetMembersForGroupResponse" time="0.002"/>
  <testcase name="getResponseObject on getResponseObject(com.rapid7.client.dcerpc.mssamr.messages.Test_SamrOpenDomainRequest)" classname="com.rapid7.client.dcerpc.mssamr.messages.Test_SamrOpenDomainRequest" time="0"/>
  <testcase name="getStub on getStub(com.rapid7.client.dcerpc.mssamr.messages.Test_SamrOpenDomainRequest)" classname="com.rapid7.client.dcerpc.mssamr.messages.Test_SamrOpenDomainRequest" time="0"/>
  <testcase name="getOpNum on getOpNum(com.rapid7.client.dcerpc.mssamr.messages.Test_SamrOpenDomainRequest)" classname="com.rapid7.client.dcerpc.mssamr.messages.Test_SamrOpenDomainRequest" time="0"/>
  <testcase name="unmarshall on unmarshall(com.rapid7.client.dcerpc.mssamr.messages.Test_SamrGetGroupsForUserResponse)" classname="com.rapid7.client.dcerpc.mssamr.messages.Test_SamrGetGroupsForUserResponse" time="0"/>
  <testcase name="getResponseObject on getResponseObject(com.rapid7.client.dcerpc.mssamr.messages.Test_SamrGetAliasMembershipRequest)" classname="com.rapid7.client.dcerpc.mssamr.messages.Test_SamrGetAliasMembershipRequest" time="0.001"/>
  <testcase name="getStub on getStub(com.rapid7.client.dcerpc.mssamr.messages.Test_SamrGetAliasMembershipRequest)" classname="com.rapid7.client.dcerpc.mssamr.messages.Test_SamrGetAliasMembershipRequest" time="0.001"/>
  <testcase name="getStubEmptyArray on getStubEmptyArray(com.rapid7.client.dcerpc.mssamr.messages.Test_SamrGetAliasMembershipRequest)" classname="com.rapid7.client.dcerpc.mssamr.messages.Test_SamrGetAliasMembershipRequest" time="0"/>
  <testcase name="getOpNum on getOpNum(com.rapid7.client.dcerpc.mssamr.messages.Test_SamrGetAliasMembershipRequest)" classname="com.rapid7.client.dcerpc.mssamr.messages.Test_SamrGetAliasMembershipRequest" time="0"/>
  <testcase name="getResponseObject on getResponseObject(com.rapid7.client.dcerpc.mssamr.messages.Test_SamrQueryDisplayInformation2Request)" classname="com.rapid7.client.dcerpc.mssamr.messages.Test_SamrQueryDisplayInformation2Request" time="0"/>
  <testcase name="getStub on getStub(com.rapid7.client.dcerpc.mssamr.messages.Test_SamrQueryDisplayInformation2Request)" classname="com.rapid7.client.dcerpc.mssamr.messages.Test_SamrQueryDisplayInformation2Request" time="0"/>
  <testcase name="getOpNum on getOpNum(com.rapid7.client.dcerpc.mssamr.messages.Test_SamrQueryDisplayInformation2Request)" classname="com.rapid7.client.dcerpc.mssamr.messages.Test_SamrQueryDisplayInformation2Request" time="0"/>
  <testcase name="getResponseObject on getResponseObject(com.rapid7.client.dcerpc.mssamr.messages.Test_SamrGetMembersForGroupRequest)" classname="com.rapid7.client.dcerpc.mssamr.messages.Test_SamrGetMembersForGroupRequest" time="0.001"/>
  <testcase name="getStub on getStub(com.rapid7.client.dcerpc.mssamr.messages.Test_SamrGetMembersForGroupRequest)" classname="com.rapid7.client.dcerpc.mssamr.messages.Test_SamrGetMembersForGroupRequest" time="0"/>
  <testcase name="getOpNum on getOpNum(com.rapid7.client.dcerpc.mssamr.messages.Test_SamrGetMembersForGroupRequest)" classname="com.rapid7.client.dcerpc.mssamr.messages.Test_SamrGetMembersForGroupRequest" time="0"/>
  <testcase name="unmarshallZeroEntry on unmarshallZeroEntry(com.rapid7.client.dcerpc.mssamr.messages.Test_SamrEnumerateDomainsInSamServerResponse)" classname="com.rapid7.client.dcerpc.mssamr.messages.Test_SamrEnumerateDomainsInSamServerResponse" time="0.001"/>
  <testcase name="unmarshall on unmarshall(com.rapid7.client.dcerpc.mssamr.messages.Test_SamrEnumerateDomainsInSamServerResponse)" classname="com.rapid7.client.dcerpc.mssamr.messages.Test_SamrEnumerateDomainsInSamServerResponse" time="0.001"/>
  <testcase name="getResponseObject on getResponseObject(com.rapid7.client.dcerpc.mssamr.messages.Test_SamrConnect2Request)" classname="com.rapid7.client.dcerpc.mssamr.messages.Test_SamrConnect2Request" time="0"/>
  <testcase name="getStub on getStub(com.rapid7.client.dcerpc.mssamr.messages.Test_SamrConnect2Request)" classname="com.rapid7.client.dcerpc.mssamr.messages.Test_SamrConnect2Request" time="0"/>
  <testcase name="getOpNum on getOpNum(com.rapid7.client.dcerpc.mssamr.messages.Test_SamrConnect2Request)" classname="com.rapid7.client.dcerpc.mssamr.messages.Test_SamrConnect2Request" time="0"/>
  <testcase name="equals on equals(com.rapid7.client.dcerpc.mssamr.objects.Test_MembershipWithNameAndUse)" classname="com.rapid7.client.dcerpc.mssamr.objects.Test_MembershipWithNameAndUse" time="0"/>
  <testcase name="testHashCode on testHashCode(com.rapid7.client.dcerpc.mssamr.objects.Test_MembershipWithNameAndUse)" classname="com.rapid7.client.dcerpc.mssamr.objects.Test_MembershipWithNameAndUse" time="0"/>
  <testcase name="unmarshall on unmarshall(com.rapid7.client.dcerpc.mssamr.objects.Test_EnumeratedDomains)" classname="com.rapid7.client.dcerpc.mssamr.objects.Test_EnumeratedDomains" time="0.001"/>
  <testcase name="unmarshall on unmarshall(com.rapid7.client.dcerpc.mssamr.objects.Test_SAMPRDisplayGroupBuffer)" classname="com.rapid7.client.dcerpc.mssamr.objects.Test_SAMPRDisplayGroupBuffer" time="0.001"/>
  <testcase name="test_getMembersForGroup on test_getMembersForGroup(com.rapid7.client.dcerpc.mssamr.Test_SecurityAccountManagerService)" classname="com.rapid7.client.dcerpc.mssamr.Test_SecurityAccountManagerService" time="0.013"/>
  <testcase name="getDomainsForServer on getDomainsForServer(com.rapid7.client.dcerpc.mssamr.Test_SecurityAccountManagerService)" classname="com.rapid7.client.dcerpc.mssamr.Test_SecurityAccountManagerService" time="0.009"/>
  <testcase name="getDomainsForServerMoreEntries on getDomainsForServerMoreEntries(com.rapid7.client.dcerpc.mssamr.Test_SecurityAccountManagerService)" classname="com.rapid7.client.dcerpc.mssamr.Test_SecurityAccountManagerService" time="0.001"/>
  <testcase name="getGroupsForUser on getGroupsForUser(com.rapid7.client.dcerpc.mssamr.Test_SecurityAccountManagerService)" classname="com.rapid7.client.dcerpc.mssamr.Test_SecurityAccountManagerService" time="0.006"/>
</testsuite>