<?xml version="1.0" encoding="UTF-8" ?>
<testsuite tests="34" failures="0" name="org.apache.commons.codec.language.MetaphoneTest" time="0.087" errors="0" skipped="0">
  <properties>
    <property name="java.runtime.name" value="OpenJDK Runtime Environment"/>
    <property name="sun.boot.library.path" value="/usr/local/openjdk-8/jre/lib/amd64"/>
    <property name="java.vm.version" value="25.262-b10"/>
    <property name="java.vm.vendor" value="Oracle Corporation"/>
    <property name="java.vendor.url" value="http://java.oracle.com/"/>
    <property name="path.separator" value=":"/>
    <property name="java.vm.name" value="OpenJDK 64-Bit Server VM"/>
    <property name="file.encoding.pkg" value="sun.io"/>
    <property name="sun.java.launcher" value="SUN_STANDARD"/>
    <property name="sun.os.patch.level" value="unknown"/>
    <property name="java.vm.specification.name" value="Java Virtual Machine Specification"/>
    <property name="user.dir" value="/tmp/tmpqji53stn/commons-codec"/>
    <property name="java.runtime.version" value="1.8.0_262-b10"/>
    <property name="java.awt.graphicsenv" value="sun.awt.X11GraphicsEnvironment"/>
    <property name="basedir" value="/tmp/tmpqji53stn/commons-codec"/>
    <property name="java.endorsed.dirs" value="/usr/local/openjdk-8/jre/lib/endorsed"/>
    <property name="os.arch" value="amd64"/>
    <property name="surefire.real.class.path" value="/tmp/surefirebooter4419385885955027694.jar"/>
    <property name="java.io.tmpdir" value="/tmp"/>
    <property name="line.separator" value="
"/>
    <property name="java.vm.specification.vendor" value="Oracle Corporation"/>
    <property name="os.name" value="Linux"/>
    <property name="sun.jnu.encoding" value="UTF-8"/>
    <property name="java.library.path" value="/usr/java/packages/lib/amd64:/usr/lib64:/lib64:/lib:/usr/lib"/>
    <property name="surefire.test.class.path" value="/tmp/tmpqji53stn/commons-codec/target/test-classes:/tmp/tmpqji53stn/commons-codec/target/classes:/home/jdbl/.m2/repository/junit/junit/3.8.2/junit-3.8.2.jar:"/>
    <property name="java.specification.name" value="Java Platform API Specification"/>
    <property name="java.class.version" value="52.0"/>
    <property name="sun.management.compiler" value="HotSpot 64-Bit Tiered Compilers"/>
    <property name="os.version" value="4.15.0-109-generic"/>
    <property name="user.home" value="/home/jdbl"/>
    <property name="user.timezone" value=""/>
    <property name="java.awt.printerjob" value="sun.print.PSPrinterJob"/>
    <property name="file.encoding" value="UTF-8"/>
    <property name="java.specification.version" value="1.8"/>
    <property name="user.name" value="jdbl"/>
    <property name="java.class.path" value="/tmp/tmpqji53stn/commons-codec/target/test-classes:/tmp/tmpqji53stn/commons-codec/target/classes:/home/jdbl/.m2/repository/junit/junit/3.8.2/junit-3.8.2.jar:"/>
    <property name="java.vm.specification.version" value="1.8"/>
    <property name="sun.arch.data.model" value="64"/>
    <property name="java.home" value="/usr/local/openjdk-8/jre"/>
    <property name="sun.java.command" value="/tmp/surefirebooter4419385885955027694.jar /tmp/surefire1645333439746653094tmp /tmp/surefire7067099092245579916tmp"/>
    <property name="java.specification.vendor" value="Oracle Corporation"/>
    <property name="user.language" value="en"/>
    <property name="awt.toolkit" value="sun.awt.X11.XToolkit"/>
    <property name="java.vm.info" value="mixed mode"/>
    <property name="java.version" value="1.8.0_262"/>
    <property name="java.ext.dirs" value="/usr/local/openjdk-8/jre/lib/ext:/usr/java/packages/lib/ext"/>
    <property name="sun.boot.class.path" value="/usr/local/openjdk-8/jre/lib/resources.jar:/usr/local/openjdk-8/jre/lib/rt.jar:/usr/local/openjdk-8/jre/lib/sunrsasign.jar:/usr/local/openjdk-8/jre/lib/jsse.jar:/usr/local/openjdk-8/jre/lib/jce.jar:/usr/local/openjdk-8/jre/lib/charsets.jar:/usr/local/openjdk-8/jre/lib/jfr.jar:/usr/local/openjdk-8/jre/classes"/>
    <property name="java.vendor" value="Oracle Corporation"/>
    <property name="localRepository" value="/home/jdbl/.m2/repository"/>
    <property name="file.separator" value="/"/>
    <property name="java.vendor.url.bug" value="http://bugreport.sun.com/bugreport/"/>
    <property name="sun.cpu.endian" value="little"/>
    <property name="sun.io.unicode.encoding" value="UnicodeLittle"/>
    <property name="sun.cpu.isalist" value=""/>
  </properties>
  <testcase classname="org.apache.commons.codec.language.MetaphoneTest" name="testIsMetaphoneEqual1" time="0"/>
  <testcase classname="org.apache.commons.codec.language.MetaphoneTest" name="testIsMetaphoneEqual2" time="0.001"/>
  <testcase classname="org.apache.commons.codec.language.MetaphoneTest" name="testIsMetaphoneEqualAero" time="0"/>
  <testcase classname="org.apache.commons.codec.language.MetaphoneTest" name="testIsMetaphoneEqualWhite" time="0.027"/>
  <testcase classname="org.apache.commons.codec.language.MetaphoneTest" name="testIsMetaphoneEqualAlbert" time="0"/>
  <testcase classname="org.apache.commons.codec.language.MetaphoneTest" name="testIsMetaphoneEqualGary" time="0.013"/>
  <testcase classname="org.apache.commons.codec.language.MetaphoneTest" name="testIsMetaphoneEqualJohn" time="0.018"/>
  <testcase classname="org.apache.commons.codec.language.MetaphoneTest" name="testIsMetaphoneEqualKnight" time="0.002"/>
  <testcase classname="org.apache.commons.codec.language.MetaphoneTest" name="testIsMetaphoneEqualMary" time="0.001"/>
  <testcase classname="org.apache.commons.codec.language.MetaphoneTest" name="testIsMetaphoneEqualParis" time="0"/>
  <testcase classname="org.apache.commons.codec.language.MetaphoneTest" name="testIsMetaphoneEqualPeter" time="0.001"/>
  <testcase classname="org.apache.commons.codec.language.MetaphoneTest" name="testIsMetaphoneEqualRay" time="0"/>
  <testcase classname="org.apache.commons.codec.language.MetaphoneTest" name="testIsMetaphoneEqualSusan" time="0"/>
  <testcase classname="org.apache.commons.codec.language.MetaphoneTest" name="testIsMetaphoneEqualWright" time="0.001"/>
  <testcase classname="org.apache.commons.codec.language.MetaphoneTest" name="testIsMetaphoneEqualXalan" time="0"/>
  <testcase classname="org.apache.commons.codec.language.MetaphoneTest" name="testMetaphone" time="0"/>
  <testcase classname="org.apache.commons.codec.language.MetaphoneTest" name="testWordEndingInMB" time="0"/>
  <testcase classname="org.apache.commons.codec.language.MetaphoneTest" name="testDiscardOfSCEOrSCIOrSCY" time="0"/>
  <testcase classname="org.apache.commons.codec.language.MetaphoneTest" name="testWhy" time="0"/>
  <testcase classname="org.apache.commons.codec.language.MetaphoneTest" name="testWordsWithCIA" time="0"/>
  <testcase classname="org.apache.commons.codec.language.MetaphoneTest" name="testTranslateOfSCHAndCH" time="0"/>
  <testcase classname="org.apache.commons.codec.language.MetaphoneTest" name="testTranslateToJOfDGEOrDGIOrDGY" time="0"/>
  <testcase classname="org.apache.commons.codec.language.MetaphoneTest" name="testDiscardOfSilentHAfterG" time="0"/>
  <testcase classname="org.apache.commons.codec.language.MetaphoneTest" name="testDiscardOfSilentGN" time="0"/>
  <testcase classname="org.apache.commons.codec.language.MetaphoneTest" name="testPHTOF" time="0"/>
  <testcase classname="org.apache.commons.codec.language.MetaphoneTest" name="testSHAndSIOAndSIAToX" time="0"/>
  <testcase classname="org.apache.commons.codec.language.MetaphoneTest" name="testTIOAndTIAToX" time="0"/>
  <testcase classname="org.apache.commons.codec.language.MetaphoneTest" name="testTCH" time="0"/>
  <testcase classname="org.apache.commons.codec.language.MetaphoneTest" name="testExceedLength" time="0"/>
  <testcase classname="org.apache.commons.codec.language.MetaphoneTest" name="testSetMaxLengthWithTruncation" time="0"/>
  <testcase classname="org.apache.commons.codec.language.MetaphoneTest" name="testEncodeEmpty" time="0"/>
  <testcase classname="org.apache.commons.codec.language.MetaphoneTest" name="testEncodeNull" time="0"/>
  <testcase classname="org.apache.commons.codec.language.MetaphoneTest" name="testEncodeWithInvalidObject" time="0.001"/>
  <testcase classname="org.apache.commons.codec.language.MetaphoneTest" name="testLocaleIndependence" time="0"/>
</testsuite>