<?xml version="1.0" encoding="UTF-8"?>
<testsuite xmlns:xsi="http://www.w3.org/2001/XMLSchema-instance" xsi:schemaLocation="https://maven.apache.org/surefire/maven-surefire-plugin/xsd/surefire-test-report.xsd" name="com.github.vincentrussell.json.datagenerator.functions.impl.DefaultFunctionsTest" time="18.793" tests="89" errors="0" skipped="0" failures="0">
  <properties>
    <property name="java.runtime.name" value="OpenJDK Runtime Environment"/>
    <property name="sun.boot.library.path" value="/usr/local/openjdk-8/jre/lib/amd64"/>
    <property name="java.vm.version" value="25.262-b10"/>
    <property name="animal.sniffer.skip" value="true"/>
    <property name="java.vm.vendor" value="Oracle Corporation"/>
    <property name="maven.multiModuleProjectDirectory" value="/tmp/tmpw2m9o3q6/json-data-generator"/>
    <property name="maven.javadoc.skip" value="true"/>
    <property name="java.vendor.url" value="http://java.oracle.com/"/>
    <property name="path.separator" value=":"/>
    <property name="guice.disable.misplaced.annotation.check" value="true"/>
    <property name="java.vm.name" value="OpenJDK 64-Bit Server VM"/>
    <property name="file.encoding.pkg" value="sun.io"/>
    <property name="sun.java.launcher" value="SUN_STANDARD"/>
    <property name="sun.os.patch.level" value="unknown"/>
    <property name="source.skip" value="true"/>
    <property name="java.vm.specification.name" value="Java Virtual Machine Specification"/>
    <property name="user.dir" value="/tmp/tmpw2m9o3q6/json-data-generator"/>
    <property name="java.runtime.version" value="1.8.0_262-b10"/>
    <property name="java.awt.graphicsenv" value="sun.awt.X11GraphicsEnvironment"/>
    <property name="java.endorsed.dirs" value="/usr/local/openjdk-8/jre/lib/endorsed"/>
    <property name="os.arch" value="amd64"/>
    <property name="java.io.tmpdir" value="/tmp"/>
    <property name="line.separator" value="&#10;"/>
    <property name="java.vm.specification.vendor" value="Oracle Corporation"/>
    <property name="os.name" value="Linux"/>
    <property name="classworlds.conf" value="/usr/share/maven/bin/m2.conf"/>
    <property name="sun.jnu.encoding" value="UTF-8"/>
    <property name="java.library.path" value="/usr/java/packages/lib/amd64:/usr/lib64:/lib64:/lib:/usr/lib"/>
    <property name="license.skip" value="true"/>
    <property name="maven.conf" value="/usr/share/maven/conf"/>
    <property name="java.specification.name" value="Java Platform API Specification"/>
    <property name="java.class.version" value="52.0"/>
    <property name="sun.management.compiler" value="HotSpot 64-Bit Tiered Compilers"/>
    <property name="maven.test.failure.ignore" value="true"/>
    <property name="os.version" value="4.15.0-109-generic"/>
    <property name="library.jansi.path" value="/usr/share/maven/lib/jansi-native"/>
    <property name="user.home" value="/home/jdbl"/>
    <property name="user.timezone" value="Etc/UTC"/>
    <property name="java.awt.printerjob" value="sun.print.PSPrinterJob"/>
    <property name="java.specification.version" value="1.8"/>
    <property name="file.encoding" value="UTF-8"/>
    <property name="user.name" value="jdbl"/>
    <property name="java.class.path" value="/usr/share/maven/boot/plexus-classworlds-2.6.0.jar"/>
    <property name="java.vm.specification.version" value="1.8"/>
    <property name="sun.arch.data.model" value="64"/>
    <property name="java.home" value="/usr/local/openjdk-8/jre"/>
    <property name="sun.java.command" value="org.codehaus.plexus.classworlds.launcher.Launcher test -e --fail-never -ntp -Dmaven.test.failure.ignore=true -B -Dmaven.javadoc.skip=true -Drat.skip=true -Danimal.sniffer.skip=true -Dmaven.javadoc.skip=true -Dlicense.skip=true -Dsource.skip=true"/>
    <property name="java.specification.vendor" value="Oracle Corporation"/>
    <property name="user.language" value="en"/>
    <property name="awt.toolkit" value="sun.awt.X11.XToolkit"/>
    <property name="java.vm.info" value="mixed mode"/>
    <property name="java.version" value="1.8.0_262"/>
    <property name="java.ext.dirs" value="/usr/local/openjdk-8/jre/lib/ext:/usr/java/packages/lib/ext"/>
    <property name="securerandom.source" value="file:/dev/./urandom"/>
    <property name="sun.boot.class.path" value="/usr/local/openjdk-8/jre/lib/resources.jar:/usr/local/openjdk-8/jre/lib/rt.jar:/usr/local/openjdk-8/jre/lib/sunrsasign.jar:/usr/local/openjdk-8/jre/lib/jsse.jar:/usr/local/openjdk-8/jre/lib/jce.jar:/usr/local/openjdk-8/jre/lib/charsets.jar:/usr/local/openjdk-8/jre/lib/jfr.jar:/usr/local/openjdk-8/jre/classes"/>
    <property name="java.vendor" value="Oracle Corporation"/>
    <property name="rat.skip" value="true"/>
    <property name="maven.home" value="/usr/share/maven"/>
    <property name="file.separator" value="/"/>
    <property name="java.vendor.url.bug" value="http://bugreport.sun.com/bugreport/"/>
    <property name="sun.cpu.endian" value="little"/>
    <property name="sun.io.unicode.encoding" value="UnicodeLittle"/>
    <property name="sun.cpu.isalist" value=""/>
  </properties>
  <testcase name="resetIndexSpecifiedNameNotFound" classname="com.github.vincentrussell.json.datagenerator.functions.impl.DefaultFunctionsTest" time="0.289"/>
  <testcase name="addWeeksDefaultFormat" classname="com.github.vincentrussell.json.datagenerator.functions.impl.DefaultFunctionsTest" time="0.228"/>
  <testcase name="alphaNumericWithLength" classname="com.github.vincentrussell.json.datagenerator.functions.impl.DefaultFunctionsTest" time="0.348"/>
  <testcase name="surname" classname="com.github.vincentrussell.json.datagenerator.functions.impl.DefaultFunctionsTest" time="0.427"/>
  <testcase name="addWeeksNegative" classname="com.github.vincentrussell.json.datagenerator.functions.impl.DefaultFunctionsTest" time="0.191"/>
  <testcase name="alphaWithMinAndMax" classname="com.github.vincentrussell.json.datagenerator.functions.impl.DefaultFunctionsTest" time="0.152"/>
  <testcase name="resetIndex" classname="com.github.vincentrussell.json.datagenerator.functions.impl.DefaultFunctionsTest" time="0.182"/>
  <testcase name="addSecondsDefaultFormat" classname="com.github.vincentrussell.json.datagenerator.functions.impl.DefaultFunctionsTest" time="0.228"/>
  <testcase name="addMonthsDefaultFormat" classname="com.github.vincentrussell.json.datagenerator.functions.impl.DefaultFunctionsTest" time="0.254"/>
  <testcase name="lastName" classname="com.github.vincentrussell.json.datagenerator.functions.impl.DefaultFunctionsTest" time="0.347"/>
  <testcase name="concat" classname="com.github.vincentrussell.json.datagenerator.functions.impl.DefaultFunctionsTest" time="0.253"/>
  <testcase name="addMinutes" classname="com.github.vincentrussell.json.datagenerator.functions.impl.DefaultFunctionsTest" time="0.188"/>
  <testcase name="indexWithNameAndStartingPointIgnoreAdditionalChangesInNumber" classname="com.github.vincentrussell.json.datagenerator.functions.impl.DefaultFunctionsTest" time="0.385"/>
  <testcase name="addHours" classname="com.github.vincentrussell.json.datagenerator.functions.impl.DefaultFunctionsTest" time="0.269"/>
  <testcase name="gender" classname="com.github.vincentrussell.json.datagenerator.functions.impl.DefaultFunctionsTest" time="0.259"/>
  <testcase name="addWeeks" classname="com.github.vincentrussell.json.datagenerator.functions.impl.DefaultFunctionsTest" time="0.174"/>
  <testcase name="addYears" classname="com.github.vincentrussell.json.datagenerator.functions.impl.DefaultFunctionsTest" time="0.19"/>
  <testcase name="dateWithFormat" classname="com.github.vincentrussell.json.datagenerator.functions.impl.DefaultFunctionsTest" time="0.189"/>
  <testcase name="countriesListWithOneSpecificCode" classname="com.github.vincentrussell.json.datagenerator.functions.impl.DefaultFunctionsTest" time="0.192"/>
  <testcase name="toLower" classname="com.github.vincentrussell.json.datagenerator.functions.impl.DefaultFunctionsTest" time="0.189"/>
  <testcase name="toUpper" classname="com.github.vincentrussell.json.datagenerator.functions.impl.DefaultFunctionsTest" time="0.183"/>
  <testcase name="addDays" classname="com.github.vincentrussell.json.datagenerator.functions.impl.DefaultFunctionsTest" time="0.213"/>
  <testcase name="dateWithinRangeWithFormat" classname="com.github.vincentrussell.json.datagenerator.functions.impl.DefaultFunctionsTest" time="0.175"/>
  <testcase name="addHoursDefaultFormat" classname="com.github.vincentrussell.json.datagenerator.functions.impl.DefaultFunctionsTest" time="0.213"/>
  <testcase name="resetIndexDefaultNotFound" classname="com.github.vincentrussell.json.datagenerator.functions.impl.DefaultFunctionsTest" time="0.162"/>
  <testcase name="randomDouble" classname="com.github.vincentrussell.json.datagenerator.functions.impl.DefaultFunctionsTest" time="0.224"/>
  <testcase name="putAndGet" classname="com.github.vincentrussell.json.datagenerator.functions.impl.DefaultFunctionsTest" time="0.395"/>
  <testcase name="random" classname="com.github.vincentrussell.json.datagenerator.functions.impl.DefaultFunctionsTest" time="0.227"/>
  <testcase name="addYearsNegative" classname="com.github.vincentrussell.json.datagenerator.functions.impl.DefaultFunctionsTest" time="0.379"/>
  <testcase name="street" classname="com.github.vincentrussell.json.datagenerator.functions.impl.DefaultFunctionsTest" time="0.152"/>
  <testcase name="randomFloat" classname="com.github.vincentrussell.json.datagenerator.functions.impl.DefaultFunctionsTest" time="0.155"/>
  <testcase name="emailWithDomain" classname="com.github.vincentrussell.json.datagenerator.functions.impl.DefaultFunctionsTest" time="0.166"/>
  <testcase name="addHoursNegative" classname="com.github.vincentrussell.json.datagenerator.functions.impl.DefaultFunctionsTest" time="0.159"/>
  <testcase name="randomInteger" classname="com.github.vincentrussell.json.datagenerator.functions.impl.DefaultFunctionsTest" time="0.166"/>
  <testcase name="boolWithChance" classname="com.github.vincentrussell.json.datagenerator.functions.impl.DefaultFunctionsTest" time="0.185"/>
  <testcase name="addSeconds" classname="com.github.vincentrussell.json.datagenerator.functions.impl.DefaultFunctionsTest" time="0.2"/>
  <testcase name="username" classname="com.github.vincentrussell.json.datagenerator.functions.impl.DefaultFunctionsTest" time="0.188"/>
  <testcase name="concatWithBrackets" classname="com.github.vincentrussell.json.datagenerator.functions.impl.DefaultFunctionsTest" time="0.192"/>
  <testcase name="randomFloating" classname="com.github.vincentrussell.json.datagenerator.functions.impl.DefaultFunctionsTest" time="0.186"/>
  <testcase name="addMonths" classname="com.github.vincentrussell.json.datagenerator.functions.impl.DefaultFunctionsTest" time="0.209"/>
  <testcase name="timestampWithinRangeWithFormat" classname="com.github.vincentrussell.json.datagenerator.functions.impl.DefaultFunctionsTest" time="0.167"/>
  <testcase name="addMonthsNegative" classname="com.github.vincentrussell.json.datagenerator.functions.impl.DefaultFunctionsTest" time="0.201"/>
  <testcase name="ssn" classname="com.github.vincentrussell.json.datagenerator.functions.impl.DefaultFunctionsTest" time="0.173"/>
  <testcase name="bool" classname="com.github.vincentrussell.json.datagenerator.functions.impl.DefaultFunctionsTest" time="0.195"/>
  <testcase name="city" classname="com.github.vincentrussell.json.datagenerator.functions.impl.DefaultFunctionsTest" time="0.18"/>
  <testcase name="date" classname="com.github.vincentrussell.json.datagenerator.functions.impl.DefaultFunctionsTest" time="0.182"/>
  <testcase name="guid" classname="com.github.vincentrussell.json.datagenerator.functions.impl.DefaultFunctionsTest" time="0.247"/>
  <testcase name="ipv4" classname="com.github.vincentrussell.json.datagenerator.functions.impl.DefaultFunctionsTest" time="0.199"/>
  <testcase name="uuid" classname="com.github.vincentrussell.json.datagenerator.functions.impl.DefaultFunctionsTest" time="0.197"/>
  <testcase name="indexWithStartingPoint" classname="com.github.vincentrussell.json.datagenerator.functions.impl.DefaultFunctionsTest" time="0.174"/>
  <testcase name="timestamp" classname="com.github.vincentrussell.json.datagenerator.functions.impl.DefaultFunctionsTest" time="0.198"/>
  <testcase name="loremParagraphs" classname="com.github.vincentrussell.json.datagenerator.functions.impl.DefaultFunctionsTest" time="0.152"/>
  <testcase name="ipv6Lower" classname="com.github.vincentrussell.json.datagenerator.functions.impl.DefaultFunctionsTest" time="0.151"/>
  <testcase name="objectId" classname="com.github.vincentrussell.json.datagenerator.functions.impl.DefaultFunctionsTest" time="0.158"/>
  <testcase name="alpha" classname="com.github.vincentrussell.json.datagenerator.functions.impl.DefaultFunctionsTest" time="0.188"/>
  <testcase name="ipv6Upper" classname="com.github.vincentrussell.json.datagenerator.functions.impl.DefaultFunctionsTest" time="0.19"/>
  <testcase name="email" classname="com.github.vincentrussell.json.datagenerator.functions.impl.DefaultFunctionsTest" time="0.163"/>
  <testcase name="index" classname="com.github.vincentrussell.json.datagenerator.functions.impl.DefaultFunctionsTest" time="0.2"/>
  <testcase name="phone" classname="com.github.vincentrussell.json.datagenerator.functions.impl.DefaultFunctionsTest" time="0.201"/>
  <testcase name="state" classname="com.github.vincentrussell.json.datagenerator.functions.impl.DefaultFunctionsTest" time="0.163"/>
  <testcase name="randomLong" classname="com.github.vincentrussell.json.datagenerator.functions.impl.DefaultFunctionsTest" time="0.162"/>
  <testcase name="indexWithNameAndStartingPoint" classname="com.github.vincentrussell.json.datagenerator.functions.impl.DefaultFunctionsTest" time="0.183"/>
  <testcase name="addYearsDefaultFormat" classname="com.github.vincentrussell.json.datagenerator.functions.impl.DefaultFunctionsTest" time="0.152"/>
  <testcase name="firstName" classname="com.github.vincentrussell.json.datagenerator.functions.impl.DefaultFunctionsTest" time="0.16"/>
  <testcase name="dateFormat" classname="com.github.vincentrussell.json.datagenerator.functions.impl.DefaultFunctionsTest" time="0.157"/>
  <testcase name="addDaysDefaultFormat" classname="com.github.vincentrussell.json.datagenerator.functions.impl.DefaultFunctionsTest" time="0.183"/>
  <testcase name="randomFloatWithFormat" classname="com.github.vincentrussell.json.datagenerator.functions.impl.DefaultFunctionsTest" time="0.231"/>
  <testcase name="alphaNumeric" classname="com.github.vincentrussell.json.datagenerator.functions.impl.DefaultFunctionsTest" time="0.205"/>
  <testcase name="substring" classname="com.github.vincentrussell.json.datagenerator.functions.impl.DefaultFunctionsTest" time="0.151"/>
  <testcase name="ipv6DefaultLower" classname="com.github.vincentrussell.json.datagenerator.functions.impl.DefaultFunctionsTest" time="0.184"/>
  <testcase name="alphaWithLength" classname="com.github.vincentrussell.json.datagenerator.functions.impl.DefaultFunctionsTest" time="0.146"/>
  <testcase name="countriesListWithSpecificCode" classname="com.github.vincentrussell.json.datagenerator.functions.impl.DefaultFunctionsTest" time="0.174"/>
  <testcase name="addSecondsNegative" classname="com.github.vincentrussell.json.datagenerator.functions.impl.DefaultFunctionsTest" time="0.345"/>
  <testcase name="indexNamed" classname="com.github.vincentrussell.json.datagenerator.functions.impl.DefaultFunctionsTest" time="0.135"/>
  <testcase name="uuidWithoutDashes" classname="com.github.vincentrussell.json.datagenerator.functions.impl.DefaultFunctionsTest" time="0.14"/>
  <testcase name="addDaysNegative" classname="com.github.vincentrussell.json.datagenerator.functions.impl.DefaultFunctionsTest" time="0.148"/>
  <testcase name="company" classname="com.github.vincentrussell.json.datagenerator.functions.impl.DefaultFunctionsTest" time="0.135"/>
  <testcase name="loremWords" classname="com.github.vincentrussell.json.datagenerator.functions.impl.DefaultFunctionsTest" time="0.157"/>
  <testcase name="country" classname="com.github.vincentrussell.json.datagenerator.functions.impl.DefaultFunctionsTest" time="0.197"/>
  <testcase name="hexDefault16bytes" classname="com.github.vincentrussell.json.datagenerator.functions.impl.DefaultFunctionsTest" time="0.171"/>
  <testcase name="randomFloatNegativeNumbers" classname="com.github.vincentrussell.json.datagenerator.functions.impl.DefaultFunctionsTest" time="0.16"/>
  <testcase name="countriesListWillAllCountry" classname="com.github.vincentrussell.json.datagenerator.functions.impl.DefaultFunctionsTest" time="0.156"/>
  <testcase name="alphaNumericWithMinAndMax" classname="com.github.vincentrussell.json.datagenerator.functions.impl.DefaultFunctionsTest" time="0.173"/>
  <testcase name="hex2bytes" classname="com.github.vincentrussell.json.datagenerator.functions.impl.DefaultFunctionsTest" time="0.163"/>
  <testcase name="indexWithStartingPointIgnoreAdditionalChangesInNumber" classname="com.github.vincentrussell.json.datagenerator.functions.impl.DefaultFunctionsTest" time="0.218"/>
  <testcase name="addMinutesDefaultFormat" classname="com.github.vincentrussell.json.datagenerator.functions.impl.DefaultFunctionsTest" time="0.192"/>
  <testcase name="randomDoubleWithFormat" classname="com.github.vincentrussell.json.datagenerator.functions.impl.DefaultFunctionsTest" time="0.178"/>
  <testcase name="dateWithinRange" classname="com.github.vincentrussell.json.datagenerator.functions.impl.DefaultFunctionsTest" time="0.17"/>
  <testcase name="addMinutesNegative" classname="com.github.vincentrussell.json.datagenerator.functions.impl.DefaultFunctionsTest" time="0.229"/>
</testsuite>