<?xml version="1.0" encoding="UTF-8"?>
<testsuite xmlns:xsi="http://www.w3.org/2001/XMLSchema-instance" xsi:schemaLocation="https://maven.apache.org/surefire/maven-surefire-plugin/xsd/surefire-test-report.xsd" name="org.joda.beans.ser.json.TestJsonInput" time="0.303" tests="321" errors="0" skipped="0" failures="0">
  <properties>
    <property name="java.runtime.name" value="OpenJDK Runtime Environment"/>
    <property name="sun.boot.library.path" value="/usr/local/openjdk-8/jre/lib/amd64"/>
    <property name="java.vm.version" value="25.262-b10"/>
    <property name="animal.sniffer.skip" value="true"/>
    <property name="java.vm.vendor" value="Oracle Corporation"/>
    <property name="maven.multiModuleProjectDirectory" value="/tmp/tmp0hjbmbcv/joda-beans"/>
    <property name="maven.javadoc.skip" value="true"/>
    <property name="java.vendor.url" value="http://java.oracle.com/"/>
    <property name="path.separator" value=":"/>
    <property name="guice.disable.misplaced.annotation.check" value="true"/>
    <property name="java.vm.name" value="OpenJDK 64-Bit Server VM"/>
    <property name="file.encoding.pkg" value="sun.io"/>
    <property name="sun.java.launcher" value="SUN_STANDARD"/>
    <property name="sun.os.patch.level" value="unknown"/>
    <property name="source.skip" value="true"/>
    <property name="java.vm.specification.name" value="Java Virtual Machine Specification"/>
    <property name="user.dir" value="/tmp/tmp0hjbmbcv/joda-beans"/>
    <property name="java.runtime.version" value="1.8.0_262-b10"/>
    <property name="java.awt.graphicsenv" value="sun.awt.X11GraphicsEnvironment"/>
    <property name="java.endorsed.dirs" value="/usr/local/openjdk-8/jre/lib/endorsed"/>
    <property name="os.arch" value="amd64"/>
    <property name="java.io.tmpdir" value="/tmp"/>
    <property name="line.separator" value="&#10;"/>
    <property name="java.vm.specification.vendor" value="Oracle Corporation"/>
    <property name="os.name" value="Linux"/>
    <property name="classworlds.conf" value="/usr/share/maven/bin/m2.conf"/>
    <property name="sun.jnu.encoding" value="UTF-8"/>
    <property name="java.library.path" value="/usr/java/packages/lib/amd64:/usr/lib64:/lib64:/lib:/usr/lib"/>
    <property name="license.skip" value="true"/>
    <property name="maven.conf" value="/usr/share/maven/conf"/>
    <property name="java.specification.name" value="Java Platform API Specification"/>
    <property name="java.class.version" value="52.0"/>
    <property name="sun.management.compiler" value="HotSpot 64-Bit Tiered Compilers"/>
    <property name="maven.test.failure.ignore" value="true"/>
    <property name="os.version" value="4.15.0-109-generic"/>
    <property name="library.jansi.path" value="/usr/share/maven/lib/jansi-native"/>
    <property name="user.home" value="/home/jdbl"/>
    <property name="user.timezone" value="Etc/UTC"/>
    <property name="java.awt.printerjob" value="sun.print.PSPrinterJob"/>
    <property name="java.specification.version" value="1.8"/>
    <property name="file.encoding" value="UTF-8"/>
    <property name="user.name" value="jdbl"/>
    <property name="java.class.path" value="/usr/share/maven/boot/plexus-classworlds-2.6.0.jar"/>
    <property name="java.vm.specification.version" value="1.8"/>
    <property name="sun.arch.data.model" value="64"/>
    <property name="java.home" value="/usr/local/openjdk-8/jre"/>
    <property name="sun.java.command" value="org.codehaus.plexus.classworlds.launcher.Launcher test -e --fail-never -ntp -Dmaven.test.failure.ignore=true -B -Dmaven.javadoc.skip=true -Drat.skip=true -Danimal.sniffer.skip=true -Dmaven.javadoc.skip=true -Dlicense.skip=true -Dsource.skip=true"/>
    <property name="java.specification.vendor" value="Oracle Corporation"/>
    <property name="user.language" value="en"/>
    <property name="awt.toolkit" value="sun.awt.X11.XToolkit"/>
    <property name="java.vm.info" value="mixed mode"/>
    <property name="java.version" value="1.8.0_262"/>
    <property name="java.ext.dirs" value="/usr/local/openjdk-8/jre/lib/ext:/usr/java/packages/lib/ext"/>
    <property name="securerandom.source" value="file:/dev/./urandom"/>
    <property name="sun.boot.class.path" value="/usr/local/openjdk-8/jre/lib/resources.jar:/usr/local/openjdk-8/jre/lib/rt.jar:/usr/local/openjdk-8/jre/lib/sunrsasign.jar:/usr/local/openjdk-8/jre/lib/jsse.jar:/usr/local/openjdk-8/jre/lib/jce.jar:/usr/local/openjdk-8/jre/lib/charsets.jar:/usr/local/openjdk-8/jre/lib/jfr.jar:/usr/local/openjdk-8/jre/classes"/>
    <property name="java.vendor" value="Oracle Corporation"/>
    <property name="rat.skip" value="true"/>
    <property name="maven.home" value="/usr/share/maven"/>
    <property name="file.separator" value="/"/>
    <property name="java.vendor.url.bug" value="http://bugreport.sun.com/bugreport/"/>
    <property name="sun.cpu.endian" value="little"/>
    <property name="sun.io.unicode.encoding" value="UnicodeLittle"/>
    <property name="sun.cpu.isalist" value=""/>
  </properties>
  <testcase name="test_parseObjectKey[0]" classname="org.joda.beans.ser.json.TestJsonInput" time="0.015"/>
  <testcase name="test_parseObjectKey[1]" classname="org.joda.beans.ser.json.TestJsonInput" time="0.001"/>
  <testcase name="test_parseObjectKey[2]" classname="org.joda.beans.ser.json.TestJsonInput" time="0"/>
  <testcase name="test_parseObjectKey[3]" classname="org.joda.beans.ser.json.TestJsonInput" time="0.002"/>
  <testcase name="test_parseObjectKey[4]" classname="org.joda.beans.ser.json.TestJsonInput" time="0"/>
  <testcase name="test_parseObjectKey[5]" classname="org.joda.beans.ser.json.TestJsonInput" time="0"/>
  <testcase name="test_parseObjectKey[6]" classname="org.joda.beans.ser.json.TestJsonInput" time="0"/>
  <testcase name="test_parseObjectKey[7]" classname="org.joda.beans.ser.json.TestJsonInput" time="0"/>
  <testcase name="test_parseObjectKey[8]" classname="org.joda.beans.ser.json.TestJsonInput" time="0"/>
  <testcase name="test_parseObjectKey[9]" classname="org.joda.beans.ser.json.TestJsonInput" time="0"/>
  <testcase name="test_parseObjectKey[10]" classname="org.joda.beans.ser.json.TestJsonInput" time="0"/>
  <testcase name="test_parseObjectKey[11]" classname="org.joda.beans.ser.json.TestJsonInput" time="0"/>
  <testcase name="test_parseObjectKey[12]" classname="org.joda.beans.ser.json.TestJsonInput" time="0"/>
  <testcase name="test_parseObjectKey[13]" classname="org.joda.beans.ser.json.TestJsonInput" time="0"/>
  <testcase name="test_parseObjectKey[14]" classname="org.joda.beans.ser.json.TestJsonInput" time="0"/>
  <testcase name="test_parseObjectKey[15]" classname="org.joda.beans.ser.json.TestJsonInput" time="0.006"/>
  <testcase name="test_parseObjectKey[16]" classname="org.joda.beans.ser.json.TestJsonInput" time="0"/>
  <testcase name="test_acceptObjectKey_notString[0]" classname="org.joda.beans.ser.json.TestJsonInput" time="0"/>
  <testcase name="test_acceptObjectKey_notString[1]" classname="org.joda.beans.ser.json.TestJsonInput" time="0"/>
  <testcase name="test_acceptObjectKey_notString[2]" classname="org.joda.beans.ser.json.TestJsonInput" time="0"/>
  <testcase name="test_acceptObjectKey_notString[3]" classname="org.joda.beans.ser.json.TestJsonInput" time="0"/>
  <testcase name="test_acceptObjectKey_notString[4]" classname="org.joda.beans.ser.json.TestJsonInput" time="0"/>
  <testcase name="test_acceptObjectKey_notString[5]" classname="org.joda.beans.ser.json.TestJsonInput" time="0"/>
  <testcase name="test_acceptObjectKey_notString[6]" classname="org.joda.beans.ser.json.TestJsonInput" time="0"/>
  <testcase name="test_acceptObjectKey_notString[7]" classname="org.joda.beans.ser.json.TestJsonInput" time="0"/>
  <testcase name="test_acceptObjectKey_notString[8]" classname="org.joda.beans.ser.json.TestJsonInput" time="0"/>
  <testcase name="test_acceptObjectKey_notString[9]" classname="org.joda.beans.ser.json.TestJsonInput" time="0"/>
  <testcase name="test_acceptObjectKey_notString[10]" classname="org.joda.beans.ser.json.TestJsonInput" time="0"/>
  <testcase name="test_acceptObjectKey_notString[11]" classname="org.joda.beans.ser.json.TestJsonInput" time="0"/>
  <testcase name="test_acceptObjectKey_notString[12]" classname="org.joda.beans.ser.json.TestJsonInput" time="0"/>
  <testcase name="test_acceptObjectKey_notString[13]" classname="org.joda.beans.ser.json.TestJsonInput" time="0"/>
  <testcase name="test_acceptObjectKey_notString[14]" classname="org.joda.beans.ser.json.TestJsonInput" time="0"/>
  <testcase name="test_acceptObjectKey_notString[15]" classname="org.joda.beans.ser.json.TestJsonInput" time="0"/>
  <testcase name="test_acceptObjectKey_notString[16]" classname="org.joda.beans.ser.json.TestJsonInput" time="0"/>
  <testcase name="test_parseNumberFloating[0: 0.0, 0.0]" classname="org.joda.beans.ser.json.TestJsonInput" time="0"/>
  <testcase name="test_parseNumberFloating[1: 1.0, 1.0]" classname="org.joda.beans.ser.json.TestJsonInput" time="0"/>
  <testcase name="test_parseNumberFloating[2: 9.0, 9.0]" classname="org.joda.beans.ser.json.TestJsonInput" time="0"/>
  <testcase name="test_parseNumberFloating[3: 10.0, 10.0]" classname="org.joda.beans.ser.json.TestJsonInput" time="0"/>
  <testcase name="test_parseNumberFloating[4: 19.0, 19.0]" classname="org.joda.beans.ser.json.TestJsonInput" time="0"/>
  <testcase name="test_parseNumberFloating[5: 123456789.0, 1.23456789E8]" classname="org.joda.beans.ser.json.TestJsonInput" time="0"/>
  <testcase name="test_parseNumberFloating[6: 1234567890123456789.0, 1.23456789012345677E18]" classname="org.joda.beans.ser.json.TestJsonInput" time="0"/>
  <testcase name="test_parseNumberFloating[7: -0.0, 0.0]" classname="org.joda.beans.ser.json.TestJsonInput" time="0"/>
  <testcase name="test_parseNumberFloating[8: -1.0, -1.0]" classname="org.joda.beans.ser.json.TestJsonInput" time="0"/>
  <testcase name="test_parseNumberFloating[9: -9.0, -9.0]" classname="org.joda.beans.ser.json.TestJsonInput" time="0"/>
  <testcase name="test_parseNumberFloating[10: -10.0, -10.0]" classname="org.joda.beans.ser.json.TestJsonInput" time="0"/>
  <testcase name="test_parseNumberFloating[11: -19.0, -19.0]" classname="org.joda.beans.ser.json.TestJsonInput" time="0"/>
  <testcase name="test_parseNumberFloating[12: -123456789.0, -1.23456789E8]" classname="org.joda.beans.ser.json.TestJsonInput" time="0"/>
  <testcase name="test_parseNumberFloating[13: -1234567890123456789.0, -1.23456789012345677E18]" classname="org.joda.beans.ser.json.TestJsonInput" time="0"/>
  <testcase name="test_parseNumberFloating[14: 0.0001, 1.0E-4]" classname="org.joda.beans.ser.json.TestJsonInput" time="0"/>
  <testcase name="test_parseNumberFloating[15: 1.12345678, 1.12345678]" classname="org.joda.beans.ser.json.TestJsonInput" time="0.004"/>
  <testcase name="test_parseNumberFloating[16: 9.0e2, 900.0]" classname="org.joda.beans.ser.json.TestJsonInput" time="0.019"/>
  <testcase name="test_parseNumberFloating[17: 9e2, 900.0]" classname="org.joda.beans.ser.json.TestJsonInput" time="0"/>
  <testcase name="test_parseNumberFloating[18: 123.456e20, 1.23456E22]" classname="org.joda.beans.ser.json.TestJsonInput" time="0"/>
  <testcase name="test_parseNumberFloating[19: 123.456e+20, 1.23456E22]" classname="org.joda.beans.ser.json.TestJsonInput" time="0"/>
  <testcase name="test_parseNumberFloating[20: 123.456e-20, 1.23456E-18]" classname="org.joda.beans.ser.json.TestJsonInput" time="0"/>
  <testcase name="test_parseNumberFloating[21: 9.0E2, 900.0]" classname="org.joda.beans.ser.json.TestJsonInput" time="0"/>
  <testcase name="test_parseNumberFloating[22: 9E2, 900.0]" classname="org.joda.beans.ser.json.TestJsonInput" time="0"/>
  <testcase name="test_parseNumberFloating[23: 123.456E20, 1.23456E22]" classname="org.joda.beans.ser.json.TestJsonInput" time="0"/>
  <testcase name="test_parseNumberFloating[24: 123.456E+20, 1.23456E22]" classname="org.joda.beans.ser.json.TestJsonInput" time="0"/>
  <testcase name="test_parseNumberFloating[25: 123.456E-20, 1.23456E-18]" classname="org.joda.beans.ser.json.TestJsonInput" time="0"/>
  <testcase name="test_skip[0: null]" classname="org.joda.beans.ser.json.TestJsonInput" time="0"/>
  <testcase name="test_skip[1: true]" classname="org.joda.beans.ser.json.TestJsonInput" time="0"/>
  <testcase name="test_skip[2: false]" classname="org.joda.beans.ser.json.TestJsonInput" time="0"/>
  <testcase name="test_skip[3: &quot;&quot;]" classname="org.joda.beans.ser.json.TestJsonInput" time="0"/>
  <testcase name="test_skip[4: &quot;text&quot;]" classname="org.joda.beans.ser.json.TestJsonInput" time="0"/>
  <testcase name="test_skip[5: -1]" classname="org.joda.beans.ser.json.TestJsonInput" time="0"/>
  <testcase name="test_skip[6: 1]" classname="org.joda.beans.ser.json.TestJsonInput" time="0"/>
  <testcase name="test_skip[7: 1.0]" classname="org.joda.beans.ser.json.TestJsonInput" time="0"/>
  <testcase name="test_skip[8: -1.2]" classname="org.joda.beans.ser.json.TestJsonInput" time="0"/>
  <testcase name="test_skip[9: {}]" classname="org.joda.beans.ser.json.TestJsonInput" time="0"/>
  <testcase name="test_skip[10: {&quot;a&quot;:2}]" classname="org.joda.beans.ser.json.TestJsonInput" time="0"/>
  <testcase name="test_skip[11: {&quot;a&quot;:2,&quot;b&quot;:{&quot;aa&quot;:[1,2,3]}}]" classname="org.joda.beans.ser.json.TestJsonInput" time="0"/>
  <testcase name="test_skip[12: []]" classname="org.joda.beans.ser.json.TestJsonInput" time="0"/>
  <testcase name="test_skip[13: [1,2,3]]" classname="org.joda.beans.ser.json.TestJsonInput" time="0"/>
  <testcase name="test_skip[14: [1,[&quot;&quot;],{&quot;a&quot;:2}]]" classname="org.joda.beans.ser.json.TestJsonInput" time="0"/>
  <testcase name="test_readEvent[0: null, NULL]" classname="org.joda.beans.ser.json.TestJsonInput" time="0"/>
  <testcase name="test_readEvent[1: true, TRUE]" classname="org.joda.beans.ser.json.TestJsonInput" time="0"/>
  <testcase name="test_readEvent[2: false, FALSE]" classname="org.joda.beans.ser.json.TestJsonInput" time="0"/>
  <testcase name="test_readEvent[3: {, OBJECT]" classname="org.joda.beans.ser.json.TestJsonInput" time="0"/>
  <testcase name="test_readEvent[4: }, OBJECT_END]" classname="org.joda.beans.ser.json.TestJsonInput" time="0"/>
  <testcase name="test_readEvent[5: [, ARRAY]" classname="org.joda.beans.ser.json.TestJsonInput" time="0"/>
  <testcase name="test_readEvent[6: ], ARRAY_END]" classname="org.joda.beans.ser.json.TestJsonInput" time="0"/>
  <testcase name="test_readEvent[7: &quot;, STRING]" classname="org.joda.beans.ser.json.TestJsonInput" time="0"/>
  <testcase name="test_readEvent[8: -1}, NUMBER_INTEGRAL]" classname="org.joda.beans.ser.json.TestJsonInput" time="0"/>
  <testcase name="test_readEvent[9: 1}, NUMBER_INTEGRAL]" classname="org.joda.beans.ser.json.TestJsonInput" time="0"/>
  <testcase name="test_readEvent[10: 1.0}, NUMBER_FLOATING]" classname="org.joda.beans.ser.json.TestJsonInput" time="0"/>
  <testcase name="test_readEvent[11: -1.2}, NUMBER_FLOATING]" classname="org.joda.beans.ser.json.TestJsonInput" time="0"/>
  <testcase name="test_readEvent[12: :, COLON]" classname="org.joda.beans.ser.json.TestJsonInput" time="0"/>
  <testcase name="test_readEvent[13: ,, COMMA]" classname="org.joda.beans.ser.json.TestJsonInput" time="0"/>
  <testcase name="test_acceptObjectKey_pushBack" classname="org.joda.beans.ser.json.TestJsonInput" time="0"/>
  <testcase name="test_parseNumberFloating_endOfFile[0: 0.0, 0.0]" classname="org.joda.beans.ser.json.TestJsonInput" time="0"/>
  <testcase name="test_parseNumberFloating_endOfFile[1: 1.0, 1.0]" classname="org.joda.beans.ser.json.TestJsonInput" time="0"/>
  <testcase name="test_parseNumberFloating_endOfFile[2: 9.0, 9.0]" classname="org.joda.beans.ser.json.TestJsonInput" time="0"/>
  <testcase name="test_parseNumberFloating_endOfFile[3: 10.0, 10.0]" classname="org.joda.beans.ser.json.TestJsonInput" time="0"/>
  <testcase name="test_parseNumberFloating_endOfFile[4: 19.0, 19.0]" classname="org.joda.beans.ser.json.TestJsonInput" time="0"/>
  <testcase name="test_parseNumberFloating_endOfFile[5: 123456789.0, 1.23456789E8]" classname="org.joda.beans.ser.json.TestJsonInput" time="0"/>
  <testcase name="test_parseNumberFloating_endOfFile[6: 1234567890123456789.0, 1.23456789012345677E18]" classname="org.joda.beans.ser.json.TestJsonInput" time="0"/>
  <testcase name="test_parseNumberFloating_endOfFile[7: -0.0, 0.0]" classname="org.joda.beans.ser.json.TestJsonInput" time="0"/>
  <testcase name="test_parseNumberFloating_endOfFile[8: -1.0, -1.0]" classname="org.joda.beans.ser.json.TestJsonInput" time="0"/>
  <testcase name="test_parseNumberFloating_endOfFile[9: -9.0, -9.0]" classname="org.joda.beans.ser.json.TestJsonInput" time="0"/>
  <testcase name="test_parseNumberFloating_endOfFile[10: -10.0, -10.0]" classname="org.joda.beans.ser.json.TestJsonInput" time="0"/>
  <testcase name="test_parseNumberFloating_endOfFile[11: -19.0, -19.0]" classname="org.joda.beans.ser.json.TestJsonInput" time="0"/>
  <testcase name="test_parseNumberFloating_endOfFile[12: -123456789.0, -1.23456789E8]" classname="org.joda.beans.ser.json.TestJsonInput" time="0"/>
  <testcase name="test_parseNumberFloating_endOfFile[13: -1234567890123456789.0, -1.23456789012345677E18]" classname="org.joda.beans.ser.json.TestJsonInput" time="0"/>
  <testcase name="test_parseNumberFloating_endOfFile[14: 0.0001, 1.0E-4]" classname="org.joda.beans.ser.json.TestJsonInput" time="0"/>
  <testcase name="test_parseNumberFloating_endOfFile[15: 1.12345678, 1.12345678]" classname="org.joda.beans.ser.json.TestJsonInput" time="0"/>
  <testcase name="test_parseNumberFloating_endOfFile[16: 9.0e2, 900.0]" classname="org.joda.beans.ser.json.TestJsonInput" time="0"/>
  <testcase name="test_parseNumberFloating_endOfFile[17: 9e2, 900.0]" classname="org.joda.beans.ser.json.TestJsonInput" time="0"/>
  <testcase name="test_parseNumberFloating_endOfFile[18: 123.456e20, 1.23456E22]" classname="org.joda.beans.ser.json.TestJsonInput" time="0"/>
  <testcase name="test_parseNumberFloating_endOfFile[19: 123.456e+20, 1.23456E22]" classname="org.joda.beans.ser.json.TestJsonInput" time="0"/>
  <testcase name="test_parseNumberFloating_endOfFile[20: 123.456e-20, 1.23456E-18]" classname="org.joda.beans.ser.json.TestJsonInput" time="0"/>
  <testcase name="test_parseNumberFloating_endOfFile[21: 9.0E2, 900.0]" classname="org.joda.beans.ser.json.TestJsonInput" time="0"/>
  <testcase name="test_parseNumberFloating_endOfFile[22: 9E2, 900.0]" classname="org.joda.beans.ser.json.TestJsonInput" time="0"/>
  <testcase name="test_parseNumberFloating_endOfFile[23: 123.456E20, 1.23456E22]" classname="org.joda.beans.ser.json.TestJsonInput" time="0"/>
  <testcase name="test_parseNumberFloating_endOfFile[24: 123.456E+20, 1.23456E22]" classname="org.joda.beans.ser.json.TestJsonInput" time="0"/>
  <testcase name="test_parseNumberFloating_endOfFile[25: 123.456E-20, 1.23456E-18]" classname="org.joda.beans.ser.json.TestJsonInput" time="0"/>
  <testcase name="test_parseString[0]" classname="org.joda.beans.ser.json.TestJsonInput" time="0"/>
  <testcase name="test_parseString[1]" classname="org.joda.beans.ser.json.TestJsonInput" time="0"/>
  <testcase name="test_parseString[2]" classname="org.joda.beans.ser.json.TestJsonInput" time="0"/>
  <testcase name="test_parseString[3]" classname="org.joda.beans.ser.json.TestJsonInput" time="0"/>
  <testcase name="test_parseString[4]" classname="org.joda.beans.ser.json.TestJsonInput" time="0"/>
  <testcase name="test_parseString[5]" classname="org.joda.beans.ser.json.TestJsonInput" time="0"/>
  <testcase name="test_parseString[6]" classname="org.joda.beans.ser.json.TestJsonInput" time="0"/>
  <testcase name="test_parseString[7]" classname="org.joda.beans.ser.json.TestJsonInput" time="0"/>
  <testcase name="test_parseString[8]" classname="org.joda.beans.ser.json.TestJsonInput" time="0"/>
  <testcase name="test_parseString[9]" classname="org.joda.beans.ser.json.TestJsonInput" time="0"/>
  <testcase name="test_parseString[10]" classname="org.joda.beans.ser.json.TestJsonInput" time="0"/>
  <testcase name="test_parseString[11]" classname="org.joda.beans.ser.json.TestJsonInput" time="0"/>
  <testcase name="test_parseString[12]" classname="org.joda.beans.ser.json.TestJsonInput" time="0"/>
  <testcase name="test_parseString[13]" classname="org.joda.beans.ser.json.TestJsonInput" time="0"/>
  <testcase name="test_parseString[14]" classname="org.joda.beans.ser.json.TestJsonInput" time="0"/>
  <testcase name="test_parseString[15]" classname="org.joda.beans.ser.json.TestJsonInput" time="0.001"/>
  <testcase name="test_parseString[16]" classname="org.joda.beans.ser.json.TestJsonInput" time="0"/>
  <testcase name="test_acceptString_bad_whitespace[0: \x]" classname="org.joda.beans.ser.json.TestJsonInput" time="0"/>
  <testcase name="test_acceptString_bad_whitespace[1: \u1]" classname="org.joda.beans.ser.json.TestJsonInput" time="0"/>
  <testcase name="test_acceptString_bad_whitespace[2: \u01]" classname="org.joda.beans.ser.json.TestJsonInput" time="0"/>
  <testcase name="test_acceptString_bad_whitespace[3: \u001]" classname="org.joda.beans.ser.json.TestJsonInput" time="0"/>
  <testcase name="test_acceptString_bad_whitespace[4: \u000g]" classname="org.joda.beans.ser.json.TestJsonInput" time="0"/>
  <testcase name="test_acceptString_bad_whitespace[5: \urubbish]" classname="org.joda.beans.ser.json.TestJsonInput" time="0"/>
  <testcase name="test_acceptObjectKey_whitspace[0]" classname="org.joda.beans.ser.json.TestJsonInput" time="0"/>
  <testcase name="test_acceptObjectKey_whitspace[1]" classname="org.joda.beans.ser.json.TestJsonInput" time="0"/>
  <testcase name="test_acceptObjectKey_whitspace[2]" classname="org.joda.beans.ser.json.TestJsonInput" time="0"/>
  <testcase name="test_acceptObjectKey_whitspace[3]" classname="org.joda.beans.ser.json.TestJsonInput" time="0"/>
  <testcase name="test_acceptObjectKey_whitspace[4]" classname="org.joda.beans.ser.json.TestJsonInput" time="0"/>
  <testcase name="test_acceptObjectKey_whitspace[5]" classname="org.joda.beans.ser.json.TestJsonInput" time="0"/>
  <testcase name="test_acceptObjectKey_whitspace[6]" classname="org.joda.beans.ser.json.TestJsonInput" time="0"/>
  <testcase name="test_acceptObjectKey_whitspace[7]" classname="org.joda.beans.ser.json.TestJsonInput" time="0"/>
  <testcase name="test_acceptObjectKey_whitspace[8]" classname="org.joda.beans.ser.json.TestJsonInput" time="0"/>
  <testcase name="test_acceptObjectKey_whitspace[9]" classname="org.joda.beans.ser.json.TestJsonInput" time="0"/>
  <testcase name="test_acceptObjectKey_whitspace[10]" classname="org.joda.beans.ser.json.TestJsonInput" time="0.001"/>
  <testcase name="test_acceptObjectKey_whitspace[11]" classname="org.joda.beans.ser.json.TestJsonInput" time="0"/>
  <testcase name="test_acceptObjectKey_whitspace[12]" classname="org.joda.beans.ser.json.TestJsonInput" time="0"/>
  <testcase name="test_acceptObjectKey_whitspace[13]" classname="org.joda.beans.ser.json.TestJsonInput" time="0"/>
  <testcase name="test_acceptObjectKey_whitspace[14]" classname="org.joda.beans.ser.json.TestJsonInput" time="0"/>
  <testcase name="test_acceptObjectKey_whitspace[15]" classname="org.joda.beans.ser.json.TestJsonInput" time="0"/>
  <testcase name="test_acceptObjectKey_whitspace[16]" classname="org.joda.beans.ser.json.TestJsonInput" time="0.001"/>
  <testcase name="test_parseNumberIntegral_endOfFile[0: 0, 0]" classname="org.joda.beans.ser.json.TestJsonInput" time="0"/>
  <testcase name="test_parseNumberIntegral_endOfFile[1: 1, 1]" classname="org.joda.beans.ser.json.TestJsonInput" time="0"/>
  <testcase name="test_parseNumberIntegral_endOfFile[2: 9, 9]" classname="org.joda.beans.ser.json.TestJsonInput" time="0"/>
  <testcase name="test_parseNumberIntegral_endOfFile[3: 10, 10]" classname="org.joda.beans.ser.json.TestJsonInput" time="0"/>
  <testcase name="test_parseNumberIntegral_endOfFile[4: 19, 19]" classname="org.joda.beans.ser.json.TestJsonInput" time="0"/>
  <testcase name="test_parseNumberIntegral_endOfFile[5: 123456789, 123456789]" classname="org.joda.beans.ser.json.TestJsonInput" time="0"/>
  <testcase name="test_parseNumberIntegral_endOfFile[6: 1234567890123456789, 1234567890123456789]" classname="org.joda.beans.ser.json.TestJsonInput" time="0"/>
  <testcase name="test_parseNumberIntegral_endOfFile[7: -0, 0]" classname="org.joda.beans.ser.json.TestJsonInput" time="0"/>
  <testcase name="test_parseNumberIntegral_endOfFile[8: -1, -1]" classname="org.joda.beans.ser.json.TestJsonInput" time="0"/>
  <testcase name="test_parseNumberIntegral_endOfFile[9: -9, -9]" classname="org.joda.beans.ser.json.TestJsonInput" time="0"/>
  <testcase name="test_parseNumberIntegral_endOfFile[10: -10, -10]" classname="org.joda.beans.ser.json.TestJsonInput" time="0.002"/>
  <testcase name="test_parseNumberIntegral_endOfFile[11: -19, -19]" classname="org.joda.beans.ser.json.TestJsonInput" time="0"/>
  <testcase name="test_parseNumberIntegral_endOfFile[12: -123456789, -123456789]" classname="org.joda.beans.ser.json.TestJsonInput" time="0"/>
  <testcase name="test_parseNumberIntegral_endOfFile[13: -1234567890123456789, -1234567890123456789]" classname="org.joda.beans.ser.json.TestJsonInput" time="0"/>
  <testcase name="test_parseString_bad[0: \x]" classname="org.joda.beans.ser.json.TestJsonInput" time="0.001"/>
  <testcase name="test_parseString_bad[1: \u1]" classname="org.joda.beans.ser.json.TestJsonInput" time="0"/>
  <testcase name="test_parseString_bad[2: \u01]" classname="org.joda.beans.ser.json.TestJsonInput" time="0"/>
  <testcase name="test_parseString_bad[3: \u001]" classname="org.joda.beans.ser.json.TestJsonInput" time="0"/>
  <testcase name="test_parseString_bad[4: \u000g]" classname="org.joda.beans.ser.json.TestJsonInput" time="0"/>
  <testcase name="test_parseString_bad[5: \urubbish]" classname="org.joda.beans.ser.json.TestJsonInput" time="0"/>
  <testcase name="test_acceptString_bad[0: \x]" classname="org.joda.beans.ser.json.TestJsonInput" time="0"/>
  <testcase name="test_acceptString_bad[1: \u1]" classname="org.joda.beans.ser.json.TestJsonInput" time="0"/>
  <testcase name="test_acceptString_bad[2: \u01]" classname="org.joda.beans.ser.json.TestJsonInput" time="0"/>
  <testcase name="test_acceptString_bad[3: \u001]" classname="org.joda.beans.ser.json.TestJsonInput" time="0.001"/>
  <testcase name="test_acceptString_bad[4: \u000g]" classname="org.joda.beans.ser.json.TestJsonInput" time="0"/>
  <testcase name="test_acceptString_bad[5: \urubbish]" classname="org.joda.beans.ser.json.TestJsonInput" time="0.002"/>
  <testcase name="test_parseString_endOfFile[0]" classname="org.joda.beans.ser.json.TestJsonInput" time="0"/>
  <testcase name="test_parseString_endOfFile[1]" classname="org.joda.beans.ser.json.TestJsonInput" time="0"/>
  <testcase name="test_parseString_endOfFile[2]" classname="org.joda.beans.ser.json.TestJsonInput" time="0"/>
  <testcase name="test_parseString_endOfFile[3]" classname="org.joda.beans.ser.json.TestJsonInput" time="0"/>
  <testcase name="test_parseString_endOfFile[4]" classname="org.joda.beans.ser.json.TestJsonInput" time="0"/>
  <testcase name="test_parseString_endOfFile[5]" classname="org.joda.beans.ser.json.TestJsonInput" time="0"/>
  <testcase name="test_parseString_endOfFile[6]" classname="org.joda.beans.ser.json.TestJsonInput" time="0"/>
  <testcase name="test_parseString_endOfFile[7]" classname="org.joda.beans.ser.json.TestJsonInput" time="0"/>
  <testcase name="test_parseString_endOfFile[8]" classname="org.joda.beans.ser.json.TestJsonInput" time="0"/>
  <testcase name="test_parseString_endOfFile[9]" classname="org.joda.beans.ser.json.TestJsonInput" time="0"/>
  <testcase name="test_parseString_endOfFile[10]" classname="org.joda.beans.ser.json.TestJsonInput" time="0"/>
  <testcase name="test_parseString_endOfFile[11]" classname="org.joda.beans.ser.json.TestJsonInput" time="0"/>
  <testcase name="test_parseString_endOfFile[12]" classname="org.joda.beans.ser.json.TestJsonInput" time="0.001"/>
  <testcase name="test_parseString_endOfFile[13]" classname="org.joda.beans.ser.json.TestJsonInput" time="0"/>
  <testcase name="test_parseString_endOfFile[14]" classname="org.joda.beans.ser.json.TestJsonInput" time="0"/>
  <testcase name="test_parseString_endOfFile[15]" classname="org.joda.beans.ser.json.TestJsonInput" time="0.001"/>
  <testcase name="test_parseString_endOfFile[16]" classname="org.joda.beans.ser.json.TestJsonInput" time="0"/>
  <testcase name="test_skip_bad" classname="org.joda.beans.ser.json.TestJsonInput" time="0"/>
  <testcase name="test_acceptString_pushback[0]" classname="org.joda.beans.ser.json.TestJsonInput" time="0"/>
  <testcase name="test_acceptString_pushback[1]" classname="org.joda.beans.ser.json.TestJsonInput" time="0"/>
  <testcase name="test_acceptString_pushback[2]" classname="org.joda.beans.ser.json.TestJsonInput" time="0.007"/>
  <testcase name="test_acceptString_pushback[3]" classname="org.joda.beans.ser.json.TestJsonInput" time="0"/>
  <testcase name="test_acceptString_pushback[4]" classname="org.joda.beans.ser.json.TestJsonInput" time="0"/>
  <testcase name="test_acceptString_pushback[5]" classname="org.joda.beans.ser.json.TestJsonInput" time="0"/>
  <testcase name="test_acceptString_pushback[6]" classname="org.joda.beans.ser.json.TestJsonInput" time="0"/>
  <testcase name="test_acceptString_pushback[7]" classname="org.joda.beans.ser.json.TestJsonInput" time="0"/>
  <testcase name="test_acceptString_pushback[8]" classname="org.joda.beans.ser.json.TestJsonInput" time="0"/>
  <testcase name="test_acceptString_pushback[9]" classname="org.joda.beans.ser.json.TestJsonInput" time="0"/>
  <testcase name="test_acceptString_pushback[10]" classname="org.joda.beans.ser.json.TestJsonInput" time="0"/>
  <testcase name="test_acceptString_pushback[11]" classname="org.joda.beans.ser.json.TestJsonInput" time="0"/>
  <testcase name="test_acceptString_pushback[12]" classname="org.joda.beans.ser.json.TestJsonInput" time="0.001"/>
  <testcase name="test_acceptString_pushback[13]" classname="org.joda.beans.ser.json.TestJsonInput" time="0"/>
  <testcase name="test_acceptString_pushback[14]" classname="org.joda.beans.ser.json.TestJsonInput" time="0"/>
  <testcase name="test_acceptString_pushback[15]" classname="org.joda.beans.ser.json.TestJsonInput" time="0"/>
  <testcase name="test_acceptString_pushback[16]" classname="org.joda.beans.ser.json.TestJsonInput" time="0"/>
  <testcase name="test_acceptString[0]" classname="org.joda.beans.ser.json.TestJsonInput" time="0"/>
  <testcase name="test_acceptString[1]" classname="org.joda.beans.ser.json.TestJsonInput" time="0"/>
  <testcase name="test_acceptString[2]" classname="org.joda.beans.ser.json.TestJsonInput" time="0"/>
  <testcase name="test_acceptString[3]" classname="org.joda.beans.ser.json.TestJsonInput" time="0.001"/>
  <testcase name="test_acceptString[4]" classname="org.joda.beans.ser.json.TestJsonInput" time="0"/>
  <testcase name="test_acceptString[5]" classname="org.joda.beans.ser.json.TestJsonInput" time="0"/>
  <testcase name="test_acceptString[6]" classname="org.joda.beans.ser.json.TestJsonInput" time="0"/>
  <testcase name="test_acceptString[7]" classname="org.joda.beans.ser.json.TestJsonInput" time="0"/>
  <testcase name="test_acceptString[8]" classname="org.joda.beans.ser.json.TestJsonInput" time="0"/>
  <testcase name="test_acceptString[9]" classname="org.joda.beans.ser.json.TestJsonInput" time="0"/>
  <testcase name="test_acceptString[10]" classname="org.joda.beans.ser.json.TestJsonInput" time="0"/>
  <testcase name="test_acceptString[11]" classname="org.joda.beans.ser.json.TestJsonInput" time="0"/>
  <testcase name="test_acceptString[12]" classname="org.joda.beans.ser.json.TestJsonInput" time="0"/>
  <testcase name="test_acceptString[13]" classname="org.joda.beans.ser.json.TestJsonInput" time="0"/>
  <testcase name="test_acceptString[14]" classname="org.joda.beans.ser.json.TestJsonInput" time="0"/>
  <testcase name="test_acceptString[15]" classname="org.joda.beans.ser.json.TestJsonInput" time="0"/>
  <testcase name="test_acceptString[16]" classname="org.joda.beans.ser.json.TestJsonInput" time="0"/>
  <testcase name="test_acceptObjectKey[0]" classname="org.joda.beans.ser.json.TestJsonInput" time="0"/>
  <testcase name="test_acceptObjectKey[1]" classname="org.joda.beans.ser.json.TestJsonInput" time="0"/>
  <testcase name="test_acceptObjectKey[2]" classname="org.joda.beans.ser.json.TestJsonInput" time="0"/>
  <testcase name="test_acceptObjectKey[3]" classname="org.joda.beans.ser.json.TestJsonInput" time="0"/>
  <testcase name="test_acceptObjectKey[4]" classname="org.joda.beans.ser.json.TestJsonInput" time="0"/>
  <testcase name="test_acceptObjectKey[5]" classname="org.joda.beans.ser.json.TestJsonInput" time="0"/>
  <testcase name="test_acceptObjectKey[6]" classname="org.joda.beans.ser.json.TestJsonInput" time="0"/>
  <testcase name="test_acceptObjectKey[7]" classname="org.joda.beans.ser.json.TestJsonInput" time="0"/>
  <testcase name="test_acceptObjectKey[8]" classname="org.joda.beans.ser.json.TestJsonInput" time="0"/>
  <testcase name="test_acceptObjectKey[9]" classname="org.joda.beans.ser.json.TestJsonInput" time="0"/>
  <testcase name="test_acceptObjectKey[10]" classname="org.joda.beans.ser.json.TestJsonInput" time="0"/>
  <testcase name="test_acceptObjectKey[11]" classname="org.joda.beans.ser.json.TestJsonInput" time="0"/>
  <testcase name="test_acceptObjectKey[12]" classname="org.joda.beans.ser.json.TestJsonInput" time="0"/>
  <testcase name="test_acceptObjectKey[13]" classname="org.joda.beans.ser.json.TestJsonInput" time="0"/>
  <testcase name="test_acceptObjectKey[14]" classname="org.joda.beans.ser.json.TestJsonInput" time="0"/>
  <testcase name="test_acceptObjectKey[15]" classname="org.joda.beans.ser.json.TestJsonInput" time="0"/>
  <testcase name="test_acceptObjectKey[16]" classname="org.joda.beans.ser.json.TestJsonInput" time="0"/>
  <testcase name="test_parseNumberFloating_bad[0: -]" classname="org.joda.beans.ser.json.TestJsonInput" time="0"/>
  <testcase name="test_parseNumberFloating_bad[1: x]" classname="org.joda.beans.ser.json.TestJsonInput" time="0"/>
  <testcase name="test_parseNumberFloating_bad[2: e]" classname="org.joda.beans.ser.json.TestJsonInput" time="0"/>
  <testcase name="test_parseNumberFloating_bad[3: E]" classname="org.joda.beans.ser.json.TestJsonInput" time="0"/>
  <testcase name="test_parseNumberFloating_bad[4: 1e]" classname="org.joda.beans.ser.json.TestJsonInput" time="0"/>
  <testcase name="test_parseNumberFloating_bad[5: 2E]" classname="org.joda.beans.ser.json.TestJsonInput" time="0"/>
  <testcase name="test_parseNumberFloating_bad[6: 1+]" classname="org.joda.beans.ser.json.TestJsonInput" time="0"/>
  <testcase name="test_parseNumberFloating_bad[7: 1-]" classname="org.joda.beans.ser.json.TestJsonInput" time="0"/>
  <testcase name="test_parseNumberFloating_bad[8: 1.]" classname="org.joda.beans.ser.json.TestJsonInput" time="0"/>
  <testcase name="test_parseNumberFloating_bad[9: 00]" classname="org.joda.beans.ser.json.TestJsonInput" time="0"/>
  <testcase name="test_parseNumberFloating_bad[10: 001]" classname="org.joda.beans.ser.json.TestJsonInput" time="0"/>
  <testcase name="test_parseNumberFloating_bad[11: 00.0]" classname="org.joda.beans.ser.json.TestJsonInput" time="0"/>
  <testcase name="test_parseNumberFloating_bad[12: 1.1e3E4]" classname="org.joda.beans.ser.json.TestJsonInput" time="0"/>
  <testcase name="test_readEvent_bad[0: nul]" classname="org.joda.beans.ser.json.TestJsonInput" time="0"/>
  <testcase name="test_readEvent_bad[1: nulx]" classname="org.joda.beans.ser.json.TestJsonInput" time="0"/>
  <testcase name="test_readEvent_bad[2: nx]" classname="org.joda.beans.ser.json.TestJsonInput" time="0"/>
  <testcase name="test_readEvent_bad[3: tru]" classname="org.joda.beans.ser.json.TestJsonInput" time="0"/>
  <testcase name="test_readEvent_bad[4: trux]" classname="org.joda.beans.ser.json.TestJsonInput" time="0"/>
  <testcase name="test_readEvent_bad[5: tx]" classname="org.joda.beans.ser.json.TestJsonInput" time="0"/>
  <testcase name="test_readEvent_bad[6: fals]" classname="org.joda.beans.ser.json.TestJsonInput" time="0"/>
  <testcase name="test_readEvent_bad[7: fx]" classname="org.joda.beans.ser.json.TestJsonInput" time="0"/>
  <testcase name="test_readEvent_bad[8: x]" classname="org.joda.beans.ser.json.TestJsonInput" time="0"/>
  <testcase name="test_acceptString_whitespace[0]" classname="org.joda.beans.ser.json.TestJsonInput" time="0"/>
  <testcase name="test_acceptString_whitespace[1]" classname="org.joda.beans.ser.json.TestJsonInput" time="0"/>
  <testcase name="test_acceptString_whitespace[2]" classname="org.joda.beans.ser.json.TestJsonInput" time="0"/>
  <testcase name="test_acceptString_whitespace[3]" classname="org.joda.beans.ser.json.TestJsonInput" time="0"/>
  <testcase name="test_acceptString_whitespace[4]" classname="org.joda.beans.ser.json.TestJsonInput" time="0"/>
  <testcase name="test_acceptString_whitespace[5]" classname="org.joda.beans.ser.json.TestJsonInput" time="0"/>
  <testcase name="test_acceptString_whitespace[6]" classname="org.joda.beans.ser.json.TestJsonInput" time="0"/>
  <testcase name="test_acceptString_whitespace[7]" classname="org.joda.beans.ser.json.TestJsonInput" time="0"/>
  <testcase name="test_acceptString_whitespace[8]" classname="org.joda.beans.ser.json.TestJsonInput" time="0"/>
  <testcase name="test_acceptString_whitespace[9]" classname="org.joda.beans.ser.json.TestJsonInput" time="0"/>
  <testcase name="test_acceptString_whitespace[10]" classname="org.joda.beans.ser.json.TestJsonInput" time="0"/>
  <testcase name="test_acceptString_whitespace[11]" classname="org.joda.beans.ser.json.TestJsonInput" time="0"/>
  <testcase name="test_acceptString_whitespace[12]" classname="org.joda.beans.ser.json.TestJsonInput" time="0"/>
  <testcase name="test_acceptString_whitespace[13]" classname="org.joda.beans.ser.json.TestJsonInput" time="0"/>
  <testcase name="test_acceptString_whitespace[14]" classname="org.joda.beans.ser.json.TestJsonInput" time="0"/>
  <testcase name="test_acceptString_whitespace[15]" classname="org.joda.beans.ser.json.TestJsonInput" time="0"/>
  <testcase name="test_acceptString_whitespace[16]" classname="org.joda.beans.ser.json.TestJsonInput" time="0"/>
  <testcase name="test_parseNumberIntegral[0: 0, 0]" classname="org.joda.beans.ser.json.TestJsonInput" time="0"/>
  <testcase name="test_parseNumberIntegral[1: 1, 1]" classname="org.joda.beans.ser.json.TestJsonInput" time="0"/>
  <testcase name="test_parseNumberIntegral[2: 9, 9]" classname="org.joda.beans.ser.json.TestJsonInput" time="0"/>
  <testcase name="test_parseNumberIntegral[3: 10, 10]" classname="org.joda.beans.ser.json.TestJsonInput" time="0"/>
  <testcase name="test_parseNumberIntegral[4: 19, 19]" classname="org.joda.beans.ser.json.TestJsonInput" time="0.088"/>
  <testcase name="test_parseNumberIntegral[5: 123456789, 123456789]" classname="org.joda.beans.ser.json.TestJsonInput" time="0"/>
  <testcase name="test_parseNumberIntegral[6: 1234567890123456789, 1234567890123456789]" classname="org.joda.beans.ser.json.TestJsonInput" time="0"/>
  <testcase name="test_parseNumberIntegral[7: -0, 0]" classname="org.joda.beans.ser.json.TestJsonInput" time="0"/>
  <testcase name="test_parseNumberIntegral[8: -1, -1]" classname="org.joda.beans.ser.json.TestJsonInput" time="0"/>
  <testcase name="test_parseNumberIntegral[9: -9, -9]" classname="org.joda.beans.ser.json.TestJsonInput" time="0"/>
  <testcase name="test_parseNumberIntegral[10: -10, -10]" classname="org.joda.beans.ser.json.TestJsonInput" time="0"/>
  <testcase name="test_parseNumberIntegral[11: -19, -19]" classname="org.joda.beans.ser.json.TestJsonInput" time="0"/>
  <testcase name="test_parseNumberIntegral[12: -123456789, -123456789]" classname="org.joda.beans.ser.json.TestJsonInput" time="0"/>
  <testcase name="test_parseNumberIntegral[13: -1234567890123456789, -1234567890123456789]" classname="org.joda.beans.ser.json.TestJsonInput" time="0"/>
  <testcase name="test_parseObjectKey_whitspace[0]" classname="org.joda.beans.ser.json.TestJsonInput" time="0"/>
  <testcase name="test_parseObjectKey_whitspace[1]" classname="org.joda.beans.ser.json.TestJsonInput" time="0"/>
  <testcase name="test_parseObjectKey_whitspace[2]" classname="org.joda.beans.ser.json.TestJsonInput" time="0.017"/>
  <testcase name="test_parseObjectKey_whitspace[3]" classname="org.joda.beans.ser.json.TestJsonInput" time="0"/>
  <testcase name="test_parseObjectKey_whitspace[4]" classname="org.joda.beans.ser.json.TestJsonInput" time="0"/>
  <testcase name="test_parseObjectKey_whitspace[5]" classname="org.joda.beans.ser.json.TestJsonInput" time="0"/>
  <testcase name="test_parseObjectKey_whitspace[6]" classname="org.joda.beans.ser.json.TestJsonInput" time="0"/>
  <testcase name="test_parseObjectKey_whitspace[7]" classname="org.joda.beans.ser.json.TestJsonInput" time="0"/>
  <testcase name="test_parseObjectKey_whitspace[8]" classname="org.joda.beans.ser.json.TestJsonInput" time="0"/>
  <testcase name="test_parseObjectKey_whitspace[9]" classname="org.joda.beans.ser.json.TestJsonInput" time="0"/>
  <testcase name="test_parseObjectKey_whitspace[10]" classname="org.joda.beans.ser.json.TestJsonInput" time="0"/>
  <testcase name="test_parseObjectKey_whitspace[11]" classname="org.joda.beans.ser.json.TestJsonInput" time="0"/>
  <testcase name="test_parseObjectKey_whitspace[12]" classname="org.joda.beans.ser.json.TestJsonInput" time="0"/>
  <testcase name="test_parseObjectKey_whitspace[13]" classname="org.joda.beans.ser.json.TestJsonInput" time="0"/>
  <testcase name="test_parseObjectKey_whitspace[14]" classname="org.joda.beans.ser.json.TestJsonInput" time="0"/>
  <testcase name="test_parseObjectKey_whitspace[15]" classname="org.joda.beans.ser.json.TestJsonInput" time="0"/>
  <testcase name="test_parseObjectKey_whitspace[16]" classname="org.joda.beans.ser.json.TestJsonInput" time="0"/>
</testsuite>