<?xml version="1.0" encoding="UTF-8"?>
<testsuite xmlns:xsi="http://www.w3.org/2001/XMLSchema-instance" xsi:schemaLocation="https://maven.apache.org/surefire/maven-surefire-plugin/xsd/surefire-test-report.xsd" name="org.joda.beans.ser.json.TestJsonOutput" time="0.135" tests="78" errors="0" skipped="0" failures="0">
  <properties>
    <property name="java.runtime.name" value="OpenJDK Runtime Environment"/>
    <property name="sun.boot.library.path" value="/usr/local/openjdk-8/jre/lib/amd64"/>
    <property name="java.vm.version" value="25.262-b10"/>
    <property name="animal.sniffer.skip" value="true"/>
    <property name="java.vm.vendor" value="Oracle Corporation"/>
    <property name="maven.multiModuleProjectDirectory" value="/tmp/tmp0hjbmbcv/joda-beans"/>
    <property name="maven.javadoc.skip" value="true"/>
    <property name="java.vendor.url" value="http://java.oracle.com/"/>
    <property name="path.separator" value=":"/>
    <property name="guice.disable.misplaced.annotation.check" value="true"/>
    <property name="java.vm.name" value="OpenJDK 64-Bit Server VM"/>
    <property name="file.encoding.pkg" value="sun.io"/>
    <property name="sun.java.launcher" value="SUN_STANDARD"/>
    <property name="sun.os.patch.level" value="unknown"/>
    <property name="source.skip" value="true"/>
    <property name="java.vm.specification.name" value="Java Virtual Machine Specification"/>
    <property name="user.dir" value="/tmp/tmp0hjbmbcv/joda-beans"/>
    <property name="java.runtime.version" value="1.8.0_262-b10"/>
    <property name="java.awt.graphicsenv" value="sun.awt.X11GraphicsEnvironment"/>
    <property name="java.endorsed.dirs" value="/usr/local/openjdk-8/jre/lib/endorsed"/>
    <property name="os.arch" value="amd64"/>
    <property name="java.io.tmpdir" value="/tmp"/>
    <property name="line.separator" value="&#10;"/>
    <property name="java.vm.specification.vendor" value="Oracle Corporation"/>
    <property name="os.name" value="Linux"/>
    <property name="classworlds.conf" value="/usr/share/maven/bin/m2.conf"/>
    <property name="sun.jnu.encoding" value="UTF-8"/>
    <property name="java.library.path" value="/usr/java/packages/lib/amd64:/usr/lib64:/lib64:/lib:/usr/lib"/>
    <property name="license.skip" value="true"/>
    <property name="maven.conf" value="/usr/share/maven/conf"/>
    <property name="java.specification.name" value="Java Platform API Specification"/>
    <property name="java.class.version" value="52.0"/>
    <property name="sun.management.compiler" value="HotSpot 64-Bit Tiered Compilers"/>
    <property name="maven.test.failure.ignore" value="true"/>
    <property name="os.version" value="4.15.0-109-generic"/>
    <property name="library.jansi.path" value="/usr/share/maven/lib/jansi-native"/>
    <property name="user.home" value="/home/jdbl"/>
    <property name="user.timezone" value="Etc/UTC"/>
    <property name="java.awt.printerjob" value="sun.print.PSPrinterJob"/>
    <property name="java.specification.version" value="1.8"/>
    <property name="file.encoding" value="UTF-8"/>
    <property name="user.name" value="jdbl"/>
    <property name="java.class.path" value="/usr/share/maven/boot/plexus-classworlds-2.6.0.jar"/>
    <property name="java.vm.specification.version" value="1.8"/>
    <property name="sun.arch.data.model" value="64"/>
    <property name="java.home" value="/usr/local/openjdk-8/jre"/>
    <property name="sun.java.command" value="org.codehaus.plexus.classworlds.launcher.Launcher test -e --fail-never -ntp -Dmaven.test.failure.ignore=true -B -Dmaven.javadoc.skip=true -Drat.skip=true -Danimal.sniffer.skip=true -Dmaven.javadoc.skip=true -Dlicense.skip=true -Dsource.skip=true"/>
    <property name="java.specification.vendor" value="Oracle Corporation"/>
    <property name="user.language" value="en"/>
    <property name="awt.toolkit" value="sun.awt.X11.XToolkit"/>
    <property name="java.vm.info" value="mixed mode"/>
    <property name="java.version" value="1.8.0_262"/>
    <property name="java.ext.dirs" value="/usr/local/openjdk-8/jre/lib/ext:/usr/java/packages/lib/ext"/>
    <property name="securerandom.source" value="file:/dev/./urandom"/>
    <property name="sun.boot.class.path" value="/usr/local/openjdk-8/jre/lib/resources.jar:/usr/local/openjdk-8/jre/lib/rt.jar:/usr/local/openjdk-8/jre/lib/sunrsasign.jar:/usr/local/openjdk-8/jre/lib/jsse.jar:/usr/local/openjdk-8/jre/lib/jce.jar:/usr/local/openjdk-8/jre/lib/charsets.jar:/usr/local/openjdk-8/jre/lib/jfr.jar:/usr/local/openjdk-8/jre/classes"/>
    <property name="java.vendor" value="Oracle Corporation"/>
    <property name="rat.skip" value="true"/>
    <property name="maven.home" value="/usr/share/maven"/>
    <property name="file.separator" value="/"/>
    <property name="java.vendor.url.bug" value="http://bugreport.sun.com/bugreport/"/>
    <property name="sun.cpu.endian" value="little"/>
    <property name="sun.io.unicode.encoding" value="UnicodeLittle"/>
    <property name="sun.cpu.isalist" value=""/>
  </properties>
  <testcase name="test_writeFloat[0: 0.0, 0.0]" classname="org.joda.beans.ser.json.TestJsonOutput" time="0.019"/>
  <testcase name="test_writeFloat[1: 1.0, 1.0]" classname="org.joda.beans.ser.json.TestJsonOutput" time="0"/>
  <testcase name="test_writeFloat[2: 2.0, 2.0]" classname="org.joda.beans.ser.json.TestJsonOutput" time="0"/>
  <testcase name="test_writeFloat[3: 1234567.0, 1234567.0]" classname="org.joda.beans.ser.json.TestJsonOutput" time="0"/>
  <testcase name="test_writeFloat[4: -1.0, -1.0]" classname="org.joda.beans.ser.json.TestJsonOutput" time="0"/>
  <testcase name="test_writeFloat[5: -1234567.0, -1234567.0]" classname="org.joda.beans.ser.json.TestJsonOutput" time="0"/>
  <testcase name="test_writeFloat[6: 1.0E-6, 1.0E-6]" classname="org.joda.beans.ser.json.TestJsonOutput" time="0"/>
  <testcase name="test_writeFloat[7: 0.1234, 0.1234]" classname="org.joda.beans.ser.json.TestJsonOutput" time="0"/>
  <testcase name="test_writeFloat[8: NaN, &quot;NaN&quot;]" classname="org.joda.beans.ser.json.TestJsonOutput" time="0"/>
  <testcase name="test_writeFloat[9: Infinity, &quot;Infinity&quot;]" classname="org.joda.beans.ser.json.TestJsonOutput" time="0"/>
  <testcase name="test_writeFloat[10: -Infinity, &quot;-Infinity&quot;]" classname="org.joda.beans.ser.json.TestJsonOutput" time="0"/>
  <testcase name="test_write_object2_pretty" classname="org.joda.beans.ser.json.TestJsonOutput" time="0"/>
  <testcase name="test_write_arrayDeep2_pretty" classname="org.joda.beans.ser.json.TestJsonOutput" time="0"/>
  <testcase name="test_writeLong[0: 0, 0]" classname="org.joda.beans.ser.json.TestJsonOutput" time="0"/>
  <testcase name="test_writeLong[1: 1, 1]" classname="org.joda.beans.ser.json.TestJsonOutput" time="0"/>
  <testcase name="test_writeLong[2: 2, 2]" classname="org.joda.beans.ser.json.TestJsonOutput" time="0.001"/>
  <testcase name="test_writeLong[3: 1234567, 1234567]" classname="org.joda.beans.ser.json.TestJsonOutput" time="0"/>
  <testcase name="test_writeLong[4: -1, -1]" classname="org.joda.beans.ser.json.TestJsonOutput" time="0"/>
  <testcase name="test_writeLong[5: -1234567, -1234567]" classname="org.joda.beans.ser.json.TestJsonOutput" time="0"/>
  <testcase name="test_writeNull" classname="org.joda.beans.ser.json.TestJsonOutput" time="0"/>
  <testcase name="test_write_array2_pretty" classname="org.joda.beans.ser.json.TestJsonOutput" time="0.001"/>
  <testcase name="test_write_object0_pretty" classname="org.joda.beans.ser.json.TestJsonOutput" time="0"/>
  <testcase name="test_write_arrayDeep0_pretty" classname="org.joda.beans.ser.json.TestJsonOutput" time="0"/>
  <testcase name="test_write_objectDeep1_pretty" classname="org.joda.beans.ser.json.TestJsonOutput" time="0.001"/>
  <testcase name="test_write_array0_pretty" classname="org.joda.beans.ser.json.TestJsonOutput" time="0"/>
  <testcase name="test_write_objectDeep0" classname="org.joda.beans.ser.json.TestJsonOutput" time="0"/>
  <testcase name="test_write_objectDeep1" classname="org.joda.beans.ser.json.TestJsonOutput" time="0"/>
  <testcase name="test_write_objectDeep2" classname="org.joda.beans.ser.json.TestJsonOutput" time="0"/>
  <testcase name="test_writeBoolean_false" classname="org.joda.beans.ser.json.TestJsonOutput" time="0"/>
  <testcase name="test_write_object3_pretty" classname="org.joda.beans.ser.json.TestJsonOutput" time="0"/>
  <testcase name="test_write_arrayDeep0" classname="org.joda.beans.ser.json.TestJsonOutput" time="0"/>
  <testcase name="test_write_arrayDeep1" classname="org.joda.beans.ser.json.TestJsonOutput" time="0"/>
  <testcase name="test_write_arrayDeep2" classname="org.joda.beans.ser.json.TestJsonOutput" time="0"/>
  <testcase name="test_write_array3_pretty" classname="org.joda.beans.ser.json.TestJsonOutput" time="0"/>
  <testcase name="test_writeBoolean_true" classname="org.joda.beans.ser.json.TestJsonOutput" time="0.001"/>
  <testcase name="test_write_object1_pretty" classname="org.joda.beans.ser.json.TestJsonOutput" time="0"/>
  <testcase name="test_write_arrayDeep1_pretty" classname="org.joda.beans.ser.json.TestJsonOutput" time="0"/>
  <testcase name="test_write_objectDeep2_pretty" classname="org.joda.beans.ser.json.TestJsonOutput" time="0"/>
  <testcase name="test_writeInt[0: 0, 0]" classname="org.joda.beans.ser.json.TestJsonOutput" time="0"/>
  <testcase name="test_writeInt[1: 1, 1]" classname="org.joda.beans.ser.json.TestJsonOutput" time="0"/>
  <testcase name="test_writeInt[2: 2, 2]" classname="org.joda.beans.ser.json.TestJsonOutput" time="0"/>
  <testcase name="test_writeInt[3: 1234567, 1234567]" classname="org.joda.beans.ser.json.TestJsonOutput" time="0"/>
  <testcase name="test_writeInt[4: -1, -1]" classname="org.joda.beans.ser.json.TestJsonOutput" time="0"/>
  <testcase name="test_writeInt[5: -1234567, -1234567]" classname="org.joda.beans.ser.json.TestJsonOutput" time="0.001"/>
  <testcase name="test_writeDouble[0: 0.0, 0.0]" classname="org.joda.beans.ser.json.TestJsonOutput" time="0"/>
  <testcase name="test_writeDouble[1: 1.0, 1.0]" classname="org.joda.beans.ser.json.TestJsonOutput" time="0"/>
  <testcase name="test_writeDouble[2: 2.0, 2.0]" classname="org.joda.beans.ser.json.TestJsonOutput" time="0"/>
  <testcase name="test_writeDouble[3: 1234567.0, 1234567.0]" classname="org.joda.beans.ser.json.TestJsonOutput" time="0"/>
  <testcase name="test_writeDouble[4: -1.0, -1.0]" classname="org.joda.beans.ser.json.TestJsonOutput" time="0"/>
  <testcase name="test_writeDouble[5: -1234567.0, -1234567.0]" classname="org.joda.beans.ser.json.TestJsonOutput" time="0"/>
  <testcase name="test_writeDouble[6: 1.0E-6, 1.0E-6]" classname="org.joda.beans.ser.json.TestJsonOutput" time="0"/>
  <testcase name="test_writeDouble[7: 0.1234, 0.1234]" classname="org.joda.beans.ser.json.TestJsonOutput" time="0.001"/>
  <testcase name="test_writeDouble[8: NaN, &quot;NaN&quot;]" classname="org.joda.beans.ser.json.TestJsonOutput" time="0"/>
  <testcase name="test_writeDouble[9: Infinity, &quot;Infinity&quot;]" classname="org.joda.beans.ser.json.TestJsonOutput" time="0"/>
  <testcase name="test_writeDouble[10: -Infinity, &quot;-Infinity&quot;]" classname="org.joda.beans.ser.json.TestJsonOutput" time="0"/>
  <testcase name="test_write_array1_pretty" classname="org.joda.beans.ser.json.TestJsonOutput" time="0"/>
  <testcase name="test_write_array0" classname="org.joda.beans.ser.json.TestJsonOutput" time="0"/>
  <testcase name="test_write_array1" classname="org.joda.beans.ser.json.TestJsonOutput" time="0"/>
  <testcase name="test_write_array2" classname="org.joda.beans.ser.json.TestJsonOutput" time="0"/>
  <testcase name="test_write_array3" classname="org.joda.beans.ser.json.TestJsonOutput" time="0"/>
  <testcase name="test_writeString[0]" classname="org.joda.beans.ser.json.TestJsonOutput" time="0"/>
  <testcase name="test_writeString[1]" classname="org.joda.beans.ser.json.TestJsonOutput" time="0"/>
  <testcase name="test_writeString[2]" classname="org.joda.beans.ser.json.TestJsonOutput" time="0"/>
  <testcase name="test_writeString[3]" classname="org.joda.beans.ser.json.TestJsonOutput" time="0"/>
  <testcase name="test_writeString[4]" classname="org.joda.beans.ser.json.TestJsonOutput" time="0"/>
  <testcase name="test_writeString[5]" classname="org.joda.beans.ser.json.TestJsonOutput" time="0"/>
  <testcase name="test_writeString[6]" classname="org.joda.beans.ser.json.TestJsonOutput" time="0"/>
  <testcase name="test_writeString[7]" classname="org.joda.beans.ser.json.TestJsonOutput" time="0"/>
  <testcase name="test_writeString[8]" classname="org.joda.beans.ser.json.TestJsonOutput" time="0"/>
  <testcase name="test_writeString[9]" classname="org.joda.beans.ser.json.TestJsonOutput" time="0"/>
  <testcase name="test_writeString[10]" classname="org.joda.beans.ser.json.TestJsonOutput" time="0"/>
  <testcase name="test_writeString[11]" classname="org.joda.beans.ser.json.TestJsonOutput" time="0"/>
  <testcase name="test_writeString[12]" classname="org.joda.beans.ser.json.TestJsonOutput" time="0"/>
  <testcase name="test_write_objectDeep0_pretty" classname="org.joda.beans.ser.json.TestJsonOutput" time="0"/>
  <testcase name="test_write_object0" classname="org.joda.beans.ser.json.TestJsonOutput" time="0"/>
  <testcase name="test_write_object1" classname="org.joda.beans.ser.json.TestJsonOutput" time="0"/>
  <testcase name="test_write_object2" classname="org.joda.beans.ser.json.TestJsonOutput" time="0"/>
  <testcase name="test_write_object3" classname="org.joda.beans.ser.json.TestJsonOutput" time="0"/>
</testsuite>