<?xml version="1.0" encoding="UTF-8"?>
<testsuite xmlns:xsi="http://www.w3.org/2001/XMLSchema-instance" xsi:schemaLocation="https://maven.apache.org/surefire/maven-surefire-plugin/xsd/surefire-test-report.xsd" name="de.picturesafe.search.elasticsearch.JarHellTest" time="0.656" tests="1" errors="1" skipped="0" failures="0">
  <properties>
    <property name="java.runtime.name" value="OpenJDK Runtime Environment"/>
    <property name="sun.boot.library.path" value="/usr/local/openjdk-8/jre/lib/amd64"/>
    <property name="java.vm.version" value="25.262-b10"/>
    <property name="animal.sniffer.skip" value="true"/>
    <property name="java.vm.vendor" value="Oracle Corporation"/>
    <property name="maven.multiModuleProjectDirectory" value="/tmp/tmp2r6khhln/picturesafe-search"/>
    <property name="maven.javadoc.skip" value="true"/>
    <property name="java.vendor.url" value="http://java.oracle.com/"/>
    <property name="path.separator" value=":"/>
    <property name="guice.disable.misplaced.annotation.check" value="true"/>
    <property name="java.vm.name" value="OpenJDK 64-Bit Server VM"/>
    <property name="file.encoding.pkg" value="sun.io"/>
    <property name="sun.java.launcher" value="SUN_STANDARD"/>
    <property name="sun.os.patch.level" value="unknown"/>
    <property name="source.skip" value="true"/>
    <property name="java.vm.specification.name" value="Java Virtual Machine Specification"/>
    <property name="user.dir" value="/tmp/tmp2r6khhln/picturesafe-search"/>
    <property name="java.runtime.version" value="1.8.0_262-b10"/>
    <property name="java.awt.graphicsenv" value="sun.awt.X11GraphicsEnvironment"/>
    <property name="java.endorsed.dirs" value="/usr/local/openjdk-8/jre/lib/endorsed"/>
    <property name="os.arch" value="amd64"/>
    <property name="java.io.tmpdir" value="/tmp"/>
    <property name="line.separator" value="&#10;"/>
    <property name="java.vm.specification.vendor" value="Oracle Corporation"/>
    <property name="os.name" value="Linux"/>
    <property name="classworlds.conf" value="/usr/share/maven/bin/m2.conf"/>
    <property name="sun.jnu.encoding" value="UTF-8"/>
    <property name="java.library.path" value="/usr/java/packages/lib/amd64:/usr/lib64:/lib64:/lib:/usr/lib"/>
    <property name="license.skip" value="true"/>
    <property name="maven.conf" value="/usr/share/maven/conf"/>
    <property name="java.specification.name" value="Java Platform API Specification"/>
    <property name="java.class.version" value="52.0"/>
    <property name="sun.management.compiler" value="HotSpot 64-Bit Tiered Compilers"/>
    <property name="maven.test.failure.ignore" value="true"/>
    <property name="os.version" value="4.15.0-109-generic"/>
    <property name="library.jansi.path" value="/usr/share/maven/lib/jansi-native"/>
    <property name="user.home" value="/home/jdbl"/>
    <property name="user.timezone" value="Etc/UTC"/>
    <property name="java.awt.printerjob" value="sun.print.PSPrinterJob"/>
    <property name="java.specification.version" value="1.8"/>
    <property name="file.encoding" value="UTF-8"/>
    <property name="user.name" value="jdbl"/>
    <property name="java.class.path" value="/usr/share/maven/boot/plexus-classworlds-2.6.0.jar"/>
    <property name="java.vm.specification.version" value="1.8"/>
    <property name="sun.arch.data.model" value="64"/>
    <property name="java.home" value="/usr/local/openjdk-8/jre"/>
    <property name="sun.java.command" value="org.codehaus.plexus.classworlds.launcher.Launcher test -e --fail-never -ntp -Dmaven.test.failure.ignore=true -B -Dmaven.javadoc.skip=true -Drat.skip=true -Danimal.sniffer.skip=true -Dmaven.javadoc.skip=true -Dlicense.skip=true -Dsource.skip=true"/>
    <property name="java.specification.vendor" value="Oracle Corporation"/>
    <property name="user.language" value="en"/>
    <property name="awt.toolkit" value="sun.awt.X11.XToolkit"/>
    <property name="java.vm.info" value="mixed mode"/>
    <property name="java.version" value="1.8.0_262"/>
    <property name="java.ext.dirs" value="/usr/local/openjdk-8/jre/lib/ext:/usr/java/packages/lib/ext"/>
    <property name="securerandom.source" value="file:/dev/./urandom"/>
    <property name="sun.boot.class.path" value="/usr/local/openjdk-8/jre/lib/resources.jar:/usr/local/openjdk-8/jre/lib/rt.jar:/usr/local/openjdk-8/jre/lib/sunrsasign.jar:/usr/local/openjdk-8/jre/lib/jsse.jar:/usr/local/openjdk-8/jre/lib/jce.jar:/usr/local/openjdk-8/jre/lib/charsets.jar:/usr/local/openjdk-8/jre/lib/jfr.jar:/usr/local/openjdk-8/jre/classes"/>
    <property name="java.vendor" value="Oracle Corporation"/>
    <property name="rat.skip" value="true"/>
    <property name="maven.home" value="/usr/share/maven"/>
    <property name="file.separator" value="/"/>
    <property name="java.vendor.url.bug" value="http://bugreport.sun.com/bugreport/"/>
    <property name="sun.cpu.endian" value="little"/>
    <property name="sun.io.unicode.encoding" value="UnicodeLittle"/>
    <property name="sun.cpu.isalist" value=""/>
  </properties>
  <testcase name="checkJarHell" classname="de.picturesafe.search.elasticsearch.JarHellTest" time="0.656">
    <error message="jar hell!&#10;class: org.apache.commons.lang3.SerializationException&#10;jar1: /tmp/tmp2r6khhln/picturesafe-search/target/classes&#10;jar2: /home/jdbl/.m2/repository/org/apache/commons/commons-lang3/3.9/commons-lang3-3.9.jar" type="java.lang.IllegalStateException">java.lang.IllegalStateException: 
jar hell!
class: org.apache.commons.lang3.SerializationException
jar1: /tmp/tmp2r6khhln/picturesafe-search/target/classes
jar2: /home/jdbl/.m2/repository/org/apache/commons/commons-lang3/3.9/commons-lang3-3.9.jar
	at de.picturesafe.search.elasticsearch.JarHellTest.checkJarHell(JarHellTest.java:26)
</error>
    <system-out><![CDATA[22:46:33.658 [main] [DEBUG] de.picturesafe.search.util.test.JarHellUtils - java.class.path: /tmp/tmp2r6khhln/picturesafe-search/target/test-classes:/tmp/tmp2r6khhln/picturesafe-search/target/classes:/home/jdbl/.m2/repository/org/elasticsearch/elasticsearch/7.7.1/elasticsearch-7.7.1.jar:/home/jdbl/.m2/repository/org/elasticsearch/elasticsearch-core/7.7.1/elasticsearch-core-7.7.1.jar:/home/jdbl/.m2/repository/org/elasticsearch/elasticsearch-secure-sm/7.7.1/elasticsearch-secure-sm-7.7.1.jar:/home/jdbl/.m2/repository/org/elasticsearch/elasticsearch-x-content/7.7.1/elasticsearch-x-content-7.7.1.jar:/home/jdbl/.m2/repository/org/yaml/snakeyaml/1.26/snakeyaml-1.26.jar:/home/jdbl/.m2/repository/com/fasterxml/jackson/dataformat/jackson-dataformat-smile/2.10.4/jackson-dataformat-smile-2.10.4.jar:/home/jdbl/.m2/repository/com/fasterxml/jackson/dataformat/jackson-dataformat-yaml/2.10.4/jackson-dataformat-yaml-2.10.4.jar:/home/jdbl/.m2/repository/com/fasterxml/jackson/dataformat/jackson-dataformat-cbor/2.10.4/jackson-dataformat-cbor-2.10.4.jar:/home/jdbl/.m2/repository/org/elasticsearch/elasticsearch-geo/7.7.1/elasticsearch-geo-7.7.1.jar:/home/jdbl/.m2/repository/org/apache/lucene/lucene-core/8.5.1/lucene-core-8.5.1.jar:/home/jdbl/.m2/repository/org/apache/lucene/lucene-analyzers-common/8.5.1/lucene-analyzers-common-8.5.1.jar:/home/jdbl/.m2/repository/org/apache/lucene/lucene-backward-codecs/8.5.1/lucene-backward-codecs-8.5.1.jar:/home/jdbl/.m2/repository/org/apache/lucene/lucene-grouping/8.5.1/lucene-grouping-8.5.1.jar:/home/jdbl/.m2/repository/org/apache/lucene/lucene-highlighter/8.5.1/lucene-highlighter-8.5.1.jar:/home/jdbl/.m2/repository/org/apache/lucene/lucene-join/8.5.1/lucene-join-8.5.1.jar:/home/jdbl/.m2/repository/org/apache/lucene/lucene-memory/8.5.1/lucene-memory-8.5.1.jar:/home/jdbl/.m2/repository/org/apache/lucene/lucene-misc/8.5.1/lucene-misc-8.5.1.jar:/home/jdbl/.m2/repository/org/apache/lucene/lucene-queries/8.5.1/lucene-queries-8.5.1.jar:/home/jdbl/.m2/repository/org/apache/lucene/lucene-queryparser/8.5.1/lucene-queryparser-8.5.1.jar:/home/jdbl/.m2/repository/org/apache/lucene/lucene-sandbox/8.5.1/lucene-sandbox-8.5.1.jar:/home/jdbl/.m2/repository/org/apache/lucene/lucene-spatial-extras/8.5.1/lucene-spatial-extras-8.5.1.jar:/home/jdbl/.m2/repository/org/apache/lucene/lucene-spatial3d/8.5.1/lucene-spatial3d-8.5.1.jar:/home/jdbl/.m2/repository/org/apache/lucene/lucene-suggest/8.5.1/lucene-suggest-8.5.1.jar:/home/jdbl/.m2/repository/org/elasticsearch/elasticsearch-cli/7.7.1/elasticsearch-cli-7.7.1.jar:/home/jdbl/.m2/repository/net/sf/jopt-simple/jopt-simple/5.0.2/jopt-simple-5.0.2.jar:/home/jdbl/.m2/repository/com/carrotsearch/hppc/0.8.1/hppc-0.8.1.jar:/home/jdbl/.m2/repository/joda-time/joda-time/2.10.4/joda-time-2.10.4.jar:/home/jdbl/.m2/repository/com/tdunning/t-digest/3.2/t-digest-3.2.jar:/home/jdbl/.m2/repository/org/hdrhistogram/HdrHistogram/2.1.9/HdrHistogram-2.1.9.jar:/home/jdbl/.m2/repository/org/elasticsearch/client/elasticsearch-rest-high-level-client/7.7.1/elasticsearch-rest-high-level-client-7.7.1.jar:/home/jdbl/.m2/repository/org/elasticsearch/client/elasticsearch-rest-client/7.7.1/elasticsearch-rest-client-7.7.1.jar:/home/jdbl/.m2/repository/org/apache/httpcomponents/httpasyncclient/4.1.4/httpasyncclient-4.1.4.jar:/home/jdbl/.m2/repository/org/apache/httpcomponents/httpcore-nio/4.4.12/httpcore-nio-4.4.12.jar:/home/jdbl/.m2/repository/org/elasticsearch/plugin/mapper-extras-client/7.7.1/mapper-extras-client-7.7.1.jar:/home/jdbl/.m2/repository/org/elasticsearch/plugin/parent-join-client/7.7.1/parent-join-client-7.7.1.jar:/home/jdbl/.m2/repository/org/elasticsearch/plugin/aggs-matrix-stats-client/7.7.1/aggs-matrix-stats-client-7.7.1.jar:/home/jdbl/.m2/repository/org/elasticsearch/plugin/rank-eval-client/7.7.1/rank-eval-client-7.7.1.jar:/home/jdbl/.m2/repository/org/elasticsearch/plugin/lang-mustache-client/7.7.1/lang-mustache-client-7.7.1.jar:/home/jdbl/.m2/repository/com/github/spullara/mustache/java/compiler/0.9.6/compiler-0.9.6.jar:/home/jdbl/.m2/repository/org/elasticsearch/client/elasticsearch-rest-client-sniffer/7.7.1/elasticsearch-rest-client-sniffer-7.7.1.jar:/home/jdbl/.m2/repository/org/apache/httpcomponents/httpclient/4.5.10/httpclient-4.5.10.jar:/home/jdbl/.m2/repository/org/apache/httpcomponents/httpcore/4.4.12/httpcore-4.4.12.jar:/home/jdbl/.m2/repository/commons-codec/commons-codec/1.11/commons-codec-1.11.jar:/home/jdbl/.m2/repository/com/fasterxml/jackson/core/jackson-core/2.10.4/jackson-core-2.10.4.jar:/home/jdbl/.m2/repository/org/apache/commons/commons-lang3/3.9/commons-lang3-3.9.jar:/home/jdbl/.m2/repository/commons-collections/commons-collections/3.2.2/commons-collections-3.2.2.jar:/home/jdbl/.m2/repository/commons-io/commons-io/2.6/commons-io-2.6.jar:/home/jdbl/.m2/repository/org/slf4j/slf4j-api/1.7.30/slf4j-api-1.7.30.jar:/home/jdbl/.m2/repository/org/springframework/spring-context/5.2.5.RELEASE/spring-context-5.2.5.RELEASE.jar:/home/jdbl/.m2/repository/org/springframework/spring-core/5.2.5.RELEASE/spring-core-5.2.5.RELEASE.jar:/home/jdbl/.m2/repository/org/springframework/spring-jcl/5.2.5.RELEASE/spring-jcl-5.2.5.RELEASE.jar:/home/jdbl/.m2/repository/org/springframework/spring-expression/5.2.5.RELEASE/spring-expression-5.2.5.RELEASE.jar:/home/jdbl/.m2/repository/org/springframework/spring-beans/5.2.5.RELEASE/spring-beans-5.2.5.RELEASE.jar:/home/jdbl/.m2/repository/org/springframework/spring-tx/5.2.5.RELEASE/spring-tx-5.2.5.RELEASE.jar:/home/jdbl/.m2/repository/org/apache/logging/log4j/log4j-core/2.13.0/log4j-core-2.13.0.jar:/home/jdbl/.m2/repository/org/apache/logging/log4j/log4j-api/2.13.0/log4j-api-2.13.0.jar:/home/jdbl/.m2/repository/org/apache/logging/log4j/log4j-slf4j-impl/2.13.0/log4j-slf4j-impl-2.13.0.jar:/home/jdbl/.m2/repository/org/elasticsearch/test/framework/7.7.1/framework-7.7.1.jar:/home/jdbl/.m2/repository/org/elasticsearch/elasticsearch-nio/7.7.1/elasticsearch-nio-7.7.1.jar:/home/jdbl/.m2/repository/com/carrotsearch/randomizedtesting/randomizedtesting-runner/2.7.1/randomizedtesting-runner-2.7.1.jar:/home/jdbl/.m2/repository/org/hamcrest/hamcrest/2.1/hamcrest-2.1.jar:/home/jdbl/.m2/repository/org/apache/lucene/lucene-test-framework/8.5.1/lucene-test-framework-8.5.1.jar:/home/jdbl/.m2/repository/org/apache/lucene/lucene-codecs/8.5.1/lucene-codecs-8.5.1.jar:/home/jdbl/.m2/repository/org/elasticsearch/mocksocket/1.2/mocksocket-1.2.jar:/home/jdbl/.m2/repository/junit/junit/4.12/junit-4.12.jar:/home/jdbl/.m2/repository/org/mockito/mockito-core/1.10.19/mockito-core-1.10.19.jar:/home/jdbl/.m2/repository/org/objenesis/objenesis/2.1/objenesis-2.1.jar:/home/jdbl/.m2/repository/org/springframework/spring-test/5.2.5.RELEASE/spring-test-5.2.5.RELEASE.jar:/home/jdbl/.m2/repository/org/springframework/spring-aop/5.2.5.RELEASE/spring-aop-5.2.5.RELEASE.jar:/home/jdbl/.m2/repository/org/springframework/spring-jdbc/5.2.5.RELEASE/spring-jdbc-5.2.5.RELEASE.jar:/home/jdbl/.m2/repository/org/hsqldb/hsqldb/2.3.3/hsqldb-2.3.3.jar:/home/jdbl/.m2/repository/com/jayway/jsonpath/json-path/2.4.0/json-path-2.4.0.jar:/home/jdbl/.m2/repository/net/minidev/json-smart/2.3/json-smart-2.3.jar:/home/jdbl/.m2/repository/net/minidev/accessors-smart/1.2/accessors-smart-1.2.jar:/home/jdbl/.m2/repository/org/ow2/asm/asm/5.0.4/asm-5.0.4.jar:
22:46:33.663 [main] [DEBUG] de.picturesafe.search.util.test.JarHellUtils - sun.boot.class.path: /usr/local/openjdk-8/jre/lib/resources.jar:/usr/local/openjdk-8/jre/lib/rt.jar:/usr/local/openjdk-8/jre/lib/sunrsasign.jar:/usr/local/openjdk-8/jre/lib/jsse.jar:/usr/local/openjdk-8/jre/lib/jce.jar:/usr/local/openjdk-8/jre/lib/charsets.jar:/usr/local/openjdk-8/jre/lib/jfr.jar:/usr/local/openjdk-8/jre/classes
22:46:33.663 [main] [DEBUG] de.picturesafe.search.util.test.JarHellUtils - classloader urls: [file:/tmp/tmp2r6khhln/picturesafe-search/target/surefire/surefirebooter3504036069685416044.jar, file:/home/jdbl/.m2/repository/org/jacoco/org.jacoco.agent/0.8.5/org.jacoco.agent-0.8.5-runtime.jar]
22:46:33.672 [main] [DEBUG] de.picturesafe.search.util.test.JarHellUtils - java.home: /usr/local/openjdk-8/jre
22:46:33.673 [main] [DEBUG] de.picturesafe.search.util.test.JarHellUtils - examining directory: /tmp/tmp2r6khhln/picturesafe-search/target/test-classes
22:46:33.686 [main] [DEBUG] de.picturesafe.search.util.test.JarHellUtils - examining directory: /tmp/tmp2r6khhln/picturesafe-search/target/classes
22:46:33.725 [main] [DEBUG] de.picturesafe.search.util.test.JarHellUtils - examining jar: /home/jdbl/.m2/repository/org/elasticsearch/elasticsearch/7.7.1/elasticsearch-7.7.1.jar
22:46:33.741 [main] [DEBUG] de.picturesafe.search.util.test.JarHellUtils - examining jar: /home/jdbl/.m2/repository/org/elasticsearch/elasticsearch-core/7.7.1/elasticsearch-core-7.7.1.jar
22:46:33.742 [main] [DEBUG] de.picturesafe.search.util.test.JarHellUtils - examining jar: /home/jdbl/.m2/repository/org/elasticsearch/elasticsearch-secure-sm/7.7.1/elasticsearch-secure-sm-7.7.1.jar
22:46:33.742 [main] [DEBUG] de.picturesafe.search.util.test.JarHellUtils - examining jar: /home/jdbl/.m2/repository/org/elasticsearch/elasticsearch-x-content/7.7.1/elasticsearch-x-content-7.7.1.jar
22:46:33.743 [main] [DEBUG] de.picturesafe.search.util.test.JarHellUtils - examining jar: /home/jdbl/.m2/repository/org/yaml/snakeyaml/1.26/snakeyaml-1.26.jar
22:46:33.744 [main] [DEBUG] de.picturesafe.search.util.test.JarHellUtils - examining jar: /home/jdbl/.m2/repository/com/fasterxml/jackson/dataformat/jackson-dataformat-smile/2.10.4/jackson-dataformat-smile-2.10.4.jar
22:46:33.745 [main] [DEBUG] de.picturesafe.search.util.test.JarHellUtils - examining jar: /home/jdbl/.m2/repository/com/fasterxml/jackson/dataformat/jackson-dataformat-yaml/2.10.4/jackson-dataformat-yaml-2.10.4.jar
22:46:33.754 [main] [DEBUG] de.picturesafe.search.util.test.JarHellUtils - examining jar: /home/jdbl/.m2/repository/com/fasterxml/jackson/dataformat/jackson-dataformat-cbor/2.10.4/jackson-dataformat-cbor-2.10.4.jar
22:46:33.755 [main] [DEBUG] de.picturesafe.search.util.test.JarHellUtils - examining jar: /home/jdbl/.m2/repository/org/elasticsearch/elasticsearch-geo/7.7.1/elasticsearch-geo-7.7.1.jar
22:46:33.755 [main] [DEBUG] de.picturesafe.search.util.test.JarHellUtils - examining jar: /home/jdbl/.m2/repository/org/apache/lucene/lucene-core/8.5.1/lucene-core-8.5.1.jar
22:46:33.760 [main] [DEBUG] de.picturesafe.search.util.test.JarHellUtils - examining jar: /home/jdbl/.m2/repository/org/apache/lucene/lucene-analyzers-common/8.5.1/lucene-analyzers-common-8.5.1.jar
22:46:33.761 [main] [DEBUG] de.picturesafe.search.util.test.JarHellUtils - examining jar: /home/jdbl/.m2/repository/org/apache/lucene/lucene-backward-codecs/8.5.1/lucene-backward-codecs-8.5.1.jar
22:46:33.762 [main] [DEBUG] de.picturesafe.search.util.test.JarHellUtils - examining jar: /home/jdbl/.m2/repository/org/apache/lucene/lucene-grouping/8.5.1/lucene-grouping-8.5.1.jar
22:46:33.762 [main] [DEBUG] de.picturesafe.search.util.test.JarHellUtils - examining jar: /home/jdbl/.m2/repository/org/apache/lucene/lucene-highlighter/8.5.1/lucene-highlighter-8.5.1.jar
22:46:33.763 [main] [DEBUG] de.picturesafe.search.util.test.JarHellUtils - examining jar: /home/jdbl/.m2/repository/org/apache/lucene/lucene-join/8.5.1/lucene-join-8.5.1.jar
22:46:33.764 [main] [DEBUG] de.picturesafe.search.util.test.JarHellUtils - examining jar: /home/jdbl/.m2/repository/org/apache/lucene/lucene-memory/8.5.1/lucene-memory-8.5.1.jar
22:46:33.764 [main] [DEBUG] de.picturesafe.search.util.test.JarHellUtils - examining jar: /home/jdbl/.m2/repository/org/apache/lucene/lucene-misc/8.5.1/lucene-misc-8.5.1.jar
22:46:33.765 [main] [DEBUG] de.picturesafe.search.util.test.JarHellUtils - examining jar: /home/jdbl/.m2/repository/org/apache/lucene/lucene-queries/8.5.1/lucene-queries-8.5.1.jar
22:46:33.766 [main] [DEBUG] de.picturesafe.search.util.test.JarHellUtils - examining jar: /home/jdbl/.m2/repository/org/apache/lucene/lucene-queryparser/8.5.1/lucene-queryparser-8.5.1.jar
22:46:33.767 [main] [DEBUG] de.picturesafe.search.util.test.JarHellUtils - examining jar: /home/jdbl/.m2/repository/org/apache/lucene/lucene-sandbox/8.5.1/lucene-sandbox-8.5.1.jar
22:46:33.767 [main] [DEBUG] de.picturesafe.search.util.test.JarHellUtils - examining jar: /home/jdbl/.m2/repository/org/apache/lucene/lucene-spatial-extras/8.5.1/lucene-spatial-extras-8.5.1.jar
22:46:33.768 [main] [DEBUG] de.picturesafe.search.util.test.JarHellUtils - examining jar: /home/jdbl/.m2/repository/org/apache/lucene/lucene-spatial3d/8.5.1/lucene-spatial3d-8.5.1.jar
22:46:33.768 [main] [DEBUG] de.picturesafe.search.util.test.JarHellUtils - examining jar: /home/jdbl/.m2/repository/org/apache/lucene/lucene-suggest/8.5.1/lucene-suggest-8.5.1.jar
22:46:33.769 [main] [DEBUG] de.picturesafe.search.util.test.JarHellUtils - examining jar: /home/jdbl/.m2/repository/org/elasticsearch/elasticsearch-cli/7.7.1/elasticsearch-cli-7.7.1.jar
22:46:33.769 [main] [DEBUG] de.picturesafe.search.util.test.JarHellUtils - examining jar: /home/jdbl/.m2/repository/net/sf/jopt-simple/jopt-simple/5.0.2/jopt-simple-5.0.2.jar
22:46:33.769 [main] [DEBUG] de.picturesafe.search.util.test.JarHellUtils - examining jar: /home/jdbl/.m2/repository/com/carrotsearch/hppc/0.8.1/hppc-0.8.1.jar
22:46:33.770 [main] [DEBUG] de.picturesafe.search.util.test.JarHellUtils - examining jar: /home/jdbl/.m2/repository/joda-time/joda-time/2.10.4/joda-time-2.10.4.jar
22:46:33.771 [main] [DEBUG] de.picturesafe.search.util.test.JarHellUtils - examining jar: /home/jdbl/.m2/repository/com/tdunning/t-digest/3.2/t-digest-3.2.jar
22:46:33.772 [main] [DEBUG] de.picturesafe.search.util.test.JarHellUtils - examining jar: /home/jdbl/.m2/repository/org/hdrhistogram/HdrHistogram/2.1.9/HdrHistogram-2.1.9.jar
22:46:33.772 [main] [DEBUG] de.picturesafe.search.util.test.JarHellUtils - examining jar: /home/jdbl/.m2/repository/org/elasticsearch/client/elasticsearch-rest-high-level-client/7.7.1/elasticsearch-rest-high-level-client-7.7.1.jar
22:46:33.773 [main] [DEBUG] de.picturesafe.search.util.test.JarHellUtils - examining jar: /home/jdbl/.m2/repository/org/elasticsearch/client/elasticsearch-rest-client/7.7.1/elasticsearch-rest-client-7.7.1.jar
22:46:33.774 [main] [DEBUG] de.picturesafe.search.util.test.JarHellUtils - examining jar: /home/jdbl/.m2/repository/org/apache/httpcomponents/httpasyncclient/4.1.4/httpasyncclient-4.1.4.jar
22:46:33.774 [main] [DEBUG] de.picturesafe.search.util.test.JarHellUtils - examining jar: /home/jdbl/.m2/repository/org/apache/httpcomponents/httpcore-nio/4.4.12/httpcore-nio-4.4.12.jar
22:46:33.775 [main] [DEBUG] de.picturesafe.search.util.test.JarHellUtils - examining jar: /home/jdbl/.m2/repository/org/elasticsearch/plugin/mapper-extras-client/7.7.1/mapper-extras-client-7.7.1.jar
22:46:33.775 [main] [DEBUG] de.picturesafe.search.util.test.JarHellUtils - examining jar: /home/jdbl/.m2/repository/org/elasticsearch/plugin/parent-join-client/7.7.1/parent-join-client-7.7.1.jar
22:46:33.776 [main] [DEBUG] de.picturesafe.search.util.test.JarHellUtils - examining jar: /home/jdbl/.m2/repository/org/elasticsearch/plugin/aggs-matrix-stats-client/7.7.1/aggs-matrix-stats-client-7.7.1.jar
22:46:33.777 [main] [DEBUG] de.picturesafe.search.util.test.JarHellUtils - examining jar: /home/jdbl/.m2/repository/org/elasticsearch/plugin/rank-eval-client/7.7.1/rank-eval-client-7.7.1.jar
22:46:33.777 [main] [DEBUG] de.picturesafe.search.util.test.JarHellUtils - examining jar: /home/jdbl/.m2/repository/org/elasticsearch/plugin/lang-mustache-client/7.7.1/lang-mustache-client-7.7.1.jar
22:46:33.778 [main] [DEBUG] de.picturesafe.search.util.test.JarHellUtils - examining jar: /home/jdbl/.m2/repository/com/github/spullara/mustache/java/compiler/0.9.6/compiler-0.9.6.jar
22:46:33.778 [main] [DEBUG] de.picturesafe.search.util.test.JarHellUtils - examining jar: /home/jdbl/.m2/repository/org/elasticsearch/client/elasticsearch-rest-client-sniffer/7.7.1/elasticsearch-rest-client-sniffer-7.7.1.jar
22:46:33.779 [main] [DEBUG] de.picturesafe.search.util.test.JarHellUtils - examining jar: /home/jdbl/.m2/repository/org/apache/httpcomponents/httpclient/4.5.10/httpclient-4.5.10.jar
22:46:33.779 [main] [DEBUG] de.picturesafe.search.util.test.JarHellUtils - examining jar: /home/jdbl/.m2/repository/org/apache/httpcomponents/httpcore/4.4.12/httpcore-4.4.12.jar
22:46:33.780 [main] [DEBUG] de.picturesafe.search.util.test.JarHellUtils - examining jar: /home/jdbl/.m2/repository/commons-codec/commons-codec/1.11/commons-codec-1.11.jar
22:46:33.781 [main] [DEBUG] de.picturesafe.search.util.test.JarHellUtils - examining jar: /home/jdbl/.m2/repository/com/fasterxml/jackson/core/jackson-core/2.10.4/jackson-core-2.10.4.jar
22:46:33.782 [main] [DEBUG] de.picturesafe.search.util.test.JarHellUtils - examining jar: /home/jdbl/.m2/repository/org/apache/commons/commons-lang3/3.9/commons-lang3-3.9.jar
]]></system-out>
  </testcase>
</testsuite>