<?xml version="1.0" encoding="UTF-8"?>
<testsuite xmlns:xsi="http://www.w3.org/2001/XMLSchema-instance" xsi:schemaLocation="https://maven.apache.org/surefire/maven-surefire-plugin/xsd/surefire-test-report.xsd" name="org.ttzero.excel.entity.csv.ListObjectSheetTest" time="0.077" tests="17" errors="9" skipped="0" failures="0">
  <properties>
    <property name="java.runtime.name" value="OpenJDK Runtime Environment"/>
    <property name="sun.boot.library.path" value="/usr/local/openjdk-8/jre/lib/amd64"/>
    <property name="java.vm.version" value="25.262-b10"/>
    <property name="animal.sniffer.skip" value="true"/>
    <property name="java.vm.vendor" value="Oracle Corporation"/>
    <property name="maven.multiModuleProjectDirectory" value="/tmp/tmp17tuim3t/eec"/>
    <property name="maven.javadoc.skip" value="true"/>
    <property name="java.vendor.url" value="http://java.oracle.com/"/>
    <property name="path.separator" value=":"/>
    <property name="guice.disable.misplaced.annotation.check" value="true"/>
    <property name="java.vm.name" value="OpenJDK 64-Bit Server VM"/>
    <property name="file.encoding.pkg" value="sun.io"/>
    <property name="sun.java.launcher" value="SUN_STANDARD"/>
    <property name="sun.os.patch.level" value="unknown"/>
    <property name="source.skip" value="true"/>
    <property name="java.vm.specification.name" value="Java Virtual Machine Specification"/>
    <property name="user.dir" value="/tmp/tmp17tuim3t/eec"/>
    <property name="java.runtime.version" value="1.8.0_262-b10"/>
    <property name="java.awt.graphicsenv" value="sun.awt.X11GraphicsEnvironment"/>
    <property name="java.endorsed.dirs" value="/usr/local/openjdk-8/jre/lib/endorsed"/>
    <property name="os.arch" value="amd64"/>
    <property name="java.io.tmpdir" value="/tmp"/>
    <property name="line.separator" value="&#10;"/>
    <property name="java.vm.specification.vendor" value="Oracle Corporation"/>
    <property name="os.name" value="Linux"/>
    <property name="classworlds.conf" value="/usr/share/maven/bin/m2.conf"/>
    <property name="sun.jnu.encoding" value="UTF-8"/>
    <property name="java.library.path" value="/usr/java/packages/lib/amd64:/usr/lib64:/lib64:/lib:/usr/lib"/>
    <property name="license.skip" value="true"/>
    <property name="maven.conf" value="/usr/share/maven/conf"/>
    <property name="java.specification.name" value="Java Platform API Specification"/>
    <property name="java.class.version" value="52.0"/>
    <property name="sun.management.compiler" value="HotSpot 64-Bit Tiered Compilers"/>
    <property name="maven.test.failure.ignore" value="true"/>
    <property name="os.version" value="4.15.0-109-generic"/>
    <property name="library.jansi.path" value="/usr/share/maven/lib/jansi-native"/>
    <property name="user.home" value="/home/jdbl"/>
    <property name="user.timezone" value="Etc/UTC"/>
    <property name="java.awt.printerjob" value="sun.print.PSPrinterJob"/>
    <property name="java.specification.version" value="1.8"/>
    <property name="file.encoding" value="UTF-8"/>
    <property name="user.name" value="jdbl"/>
    <property name="java.class.path" value="/usr/share/maven/boot/plexus-classworlds-2.6.0.jar"/>
    <property name="java.vm.specification.version" value="1.8"/>
    <property name="sun.arch.data.model" value="64"/>
    <property name="java.home" value="/usr/local/openjdk-8/jre"/>
    <property name="sun.java.command" value="org.codehaus.plexus.classworlds.launcher.Launcher test -e --fail-never -ntp -Dmaven.test.failure.ignore=true -B -Dmaven.javadoc.skip=true -Drat.skip=true -Danimal.sniffer.skip=true -Dmaven.javadoc.skip=true -Dlicense.skip=true -Dsource.skip=true"/>
    <property name="java.specification.vendor" value="Oracle Corporation"/>
    <property name="user.language" value="en"/>
    <property name="awt.toolkit" value="sun.awt.X11.XToolkit"/>
    <property name="java.vm.info" value="mixed mode"/>
    <property name="java.version" value="1.8.0_262"/>
    <property name="java.ext.dirs" value="/usr/local/openjdk-8/jre/lib/ext:/usr/java/packages/lib/ext"/>
    <property name="securerandom.source" value="file:/dev/./urandom"/>
    <property name="sun.boot.class.path" value="/usr/local/openjdk-8/jre/lib/resources.jar:/usr/local/openjdk-8/jre/lib/rt.jar:/usr/local/openjdk-8/jre/lib/sunrsasign.jar:/usr/local/openjdk-8/jre/lib/jsse.jar:/usr/local/openjdk-8/jre/lib/jce.jar:/usr/local/openjdk-8/jre/lib/charsets.jar:/usr/local/openjdk-8/jre/lib/jfr.jar:/usr/local/openjdk-8/jre/classes"/>
    <property name="java.vendor" value="Oracle Corporation"/>
    <property name="rat.skip" value="true"/>
    <property name="maven.home" value="/usr/share/maven"/>
    <property name="file.separator" value="/"/>
    <property name="java.vendor.url.bug" value="http://bugreport.sun.com/bugreport/"/>
    <property name="sun.cpu.endian" value="little"/>
    <property name="sun.io.unicode.encoding" value="UnicodeLittle"/>
    <property name="sun.cpu.isalist" value=""/>
  </properties>
  <testcase name="testAutoSize" classname="org.ttzero.excel.entity.csv.ListObjectSheetTest" time="0.013">
    <error message="15" type="java.lang.ArrayIndexOutOfBoundsException">java.lang.ArrayIndexOutOfBoundsException: 15
	at org.ttzero.excel.entity.csv.ListObjectSheetTest.testAutoSize(ListObjectSheetTest.java:90)
</error>
    <system-out><![CDATA[2020-07-30 22:47:55.419 DEBUG [main][org.ttzero.excel.entity.Workbook:779] - Sheet初始化完成。
Sheet初始化完成。
2020-07-30 22:47:55.419 DEBUG [main][org.ttzero.excel.entity.Workbook:793] - 创建临时文件夹：/tmp/eec+7460146913280433406
创建临时文件夹：/tmp/eec+7460146913280433406
]]></system-out>
  </testcase>
  <testcase name="testBoxAllTypeWrite" classname="org.ttzero.excel.entity.csv.ListObjectSheetTest" time="0.002">
    <error message="15" type="java.lang.ArrayIndexOutOfBoundsException">java.lang.ArrayIndexOutOfBoundsException: 15
	at org.ttzero.excel.entity.csv.ListObjectSheetTest.testBoxAllTypeWrite(ListObjectSheetTest.java:156)
</error>
    <system-out><![CDATA[2020-07-30 22:47:55.434 DEBUG [main][org.ttzero.excel.entity.Workbook:779] - Sheet初始化完成。
Sheet初始化完成。
2020-07-30 22:47:55.434 DEBUG [main][org.ttzero.excel.entity.Workbook:793] - 创建临时文件夹：/tmp/eec+5133740211659063045
创建临时文件夹：/tmp/eec+5133740211659063045
]]></system-out>
  </testcase>
  <testcase name="testCustomizeDataSource" classname="org.ttzero.excel.entity.csv.ListObjectSheetTest" time="0.025"/>
  <testcase name="testAllTypeWrite" classname="org.ttzero.excel.entity.csv.ListObjectSheetTest" time="0.003">
    <error message="15" type="java.lang.ArrayIndexOutOfBoundsException">java.lang.ArrayIndexOutOfBoundsException: 15
	at org.ttzero.excel.entity.csv.ListObjectSheetTest.testAllTypeWrite(ListObjectSheetTest.java:66)
</error>
    <system-out><![CDATA[2020-07-30 22:47:55.462 DEBUG [main][org.ttzero.excel.entity.Workbook:779] - Sheet初始化完成。
Sheet初始化完成。
2020-07-30 22:47:55.462 DEBUG [main][org.ttzero.excel.entity.Workbook:793] - 创建临时文件夹：/tmp/eec+7267230406639822423
创建临时文件夹：/tmp/eec+7267230406639822423
]]></system-out>
  </testcase>
  <testcase name="testResetMethod" classname="org.ttzero.excel.entity.csv.ListObjectSheetTest" time="0.004">
    <error message="3" type="java.lang.ArrayIndexOutOfBoundsException">java.lang.ArrayIndexOutOfBoundsException: 3
	at org.ttzero.excel.entity.csv.ListObjectSheetTest.testResetMethod(ListObjectSheetTest.java:225)
</error>
    <system-out><![CDATA[2020-07-30 22:47:55.465 DEBUG [main][org.ttzero.excel.entity.Workbook:779] - Sheet初始化完成。
2020-07-30 22:47:55.465 DEBUG [main][org.ttzero.excel.entity.Workbook:793] - 创建临时文件夹：/tmp/eec+6412440448753026923
]]></system-out>
  </testcase>
  <testcase name="testArray" classname="org.ttzero.excel.entity.csv.ListObjectSheetTest" time="0.003">
    <error message="2" type="java.lang.ArrayIndexOutOfBoundsException">java.lang.ArrayIndexOutOfBoundsException: 2
	at org.ttzero.excel.entity.csv.ListObjectSheetTest.testArray(ListObjectSheetTest.java:165)
</error>
    <system-out><![CDATA[2020-07-30 22:47:55.469 DEBUG [main][org.ttzero.excel.entity.Workbook:779] - Sheet初始化完成。
Sheet初始化完成。
2020-07-30 22:47:55.469 DEBUG [main][org.ttzero.excel.entity.Workbook:793] - 创建临时文件夹：/tmp/eec+2911512350288880099
创建临时文件夹：/tmp/eec+2911512350288880099
]]></system-out>
  </testcase>
  <testcase name="testWrite" classname="org.ttzero.excel.entity.csv.ListObjectSheetTest" time="0.002">
    <error message="2" type="java.lang.ArrayIndexOutOfBoundsException">java.lang.ArrayIndexOutOfBoundsException: 2
	at org.ttzero.excel.entity.csv.ListObjectSheetTest.testWrite(ListObjectSheetTest.java:58)
</error>
    <system-out><![CDATA[2020-07-30 22:47:55.472 DEBUG [main][org.ttzero.excel.entity.Workbook:779] - Sheet初始化完成。
Sheet初始化完成。
2020-07-30 22:47:55.472 DEBUG [main][org.ttzero.excel.entity.Workbook:793] - 创建临时文件夹：/tmp/eec+7700517461165024874
创建临时文件夹：/tmp/eec+7700517461165024874
]]></system-out>
  </testcase>
  <testcase name="testAnnotationAutoSize" classname="org.ttzero.excel.entity.csv.ListObjectSheetTest" time="0.003"/>
  <testcase name="testIntConversion" classname="org.ttzero.excel.entity.csv.ListObjectSheetTest" time="0.005"/>
  <testcase name="testSingleList" classname="org.ttzero.excel.entity.csv.ListObjectSheetTest" time="0.001">
    <error message="2" type="java.lang.ArrayIndexOutOfBoundsException">java.lang.ArrayIndexOutOfBoundsException: 2
	at org.ttzero.excel.entity.csv.ListObjectSheetTest.testSingleList(ListObjectSheetTest.java:174)
</error>
    <system-out><![CDATA[2020-07-30 22:47:55.481 DEBUG [main][org.ttzero.excel.entity.Workbook:779] - Sheet初始化完成。
Sheet初始化完成。
2020-07-30 22:47:55.481 DEBUG [main][org.ttzero.excel.entity.Workbook:793] - 创建临时文件夹：/tmp/eec+3516151961460345103
创建临时文件夹：/tmp/eec+3516151961460345103
]]></system-out>
  </testcase>
  <testcase name="testMethodAnnotation" classname="org.ttzero.excel.entity.csv.ListObjectSheetTest" time="0.002">
    <error message="4" type="java.lang.ArrayIndexOutOfBoundsException">java.lang.ArrayIndexOutOfBoundsException: 4
	at org.ttzero.excel.entity.csv.ListObjectSheetTest.testMethodAnnotation(ListObjectSheetTest.java:245)
</error>
    <system-out><![CDATA[2020-07-30 22:47:55.483 DEBUG [main][org.ttzero.excel.entity.Workbook:779] - Sheet初始化完成。
2020-07-30 22:47:55.483 DEBUG [main][org.ttzero.excel.entity.Workbook:793] - 创建临时文件夹：/tmp/eec+5478967621804960351
]]></system-out>
  </testcase>
  <testcase name="testConvertAndStyleConversion" classname="org.ttzero.excel.entity.csv.ListObjectSheetTest" time="0.003"/>
  <testcase name="testStyleConversion" classname="org.ttzero.excel.entity.csv.ListObjectSheetTest" time="0.003"/>
  <testcase name="testStyleConversion1" classname="org.ttzero.excel.entity.csv.ListObjectSheetTest" time="0.002"/>
  <testcase name="testNullValue" classname="org.ttzero.excel.entity.csv.ListObjectSheetTest" time="0.002">
    <error message="3" type="java.lang.ArrayIndexOutOfBoundsException">java.lang.ArrayIndexOutOfBoundsException: 3
	at org.ttzero.excel.entity.csv.ListObjectSheetTest.testNullValue(ListObjectSheetTest.java:196)
</error>
    <system-out><![CDATA[2020-07-30 22:47:55.493 DEBUG [main][org.ttzero.excel.entity.Workbook:779] - Sheet初始化完成。
Sheet初始化完成。
2020-07-30 22:47:55.493 DEBUG [main][org.ttzero.excel.entity.Workbook:793] - 创建临时文件夹：/tmp/eec+1883045145240178041
创建临时文件夹：/tmp/eec+1883045145240178041
]]></system-out>
  </testcase>
  <testcase name="testFieldUnDeclare" classname="org.ttzero.excel.entity.csv.ListObjectSheetTest" time="0.001"/>
  <testcase name="testAnnotation" classname="org.ttzero.excel.entity.csv.ListObjectSheetTest" time="0.002"/>
</testsuite>