<?xml version="1.0" encoding="UTF-8"?>
<testsuite xmlns:xsi="http://www.w3.org/2001/XMLSchema-instance" xsi:schemaLocation="https://maven.apache.org/surefire/maven-surefire-plugin/xsd/surefire-test-report.xsd" name="org.ttzero.excel.entity.ListObjectSheetTest" time="0.75" tests="39" errors="20" skipped="0" failures="0">
  <properties>
    <property name="java.runtime.name" value="OpenJDK Runtime Environment"/>
    <property name="sun.boot.library.path" value="/usr/local/openjdk-8/jre/lib/amd64"/>
    <property name="java.vm.version" value="25.262-b10"/>
    <property name="animal.sniffer.skip" value="true"/>
    <property name="java.vm.vendor" value="Oracle Corporation"/>
    <property name="maven.multiModuleProjectDirectory" value="/tmp/tmp17tuim3t/eec"/>
    <property name="maven.javadoc.skip" value="true"/>
    <property name="java.vendor.url" value="http://java.oracle.com/"/>
    <property name="path.separator" value=":"/>
    <property name="guice.disable.misplaced.annotation.check" value="true"/>
    <property name="java.vm.name" value="OpenJDK 64-Bit Server VM"/>
    <property name="file.encoding.pkg" value="sun.io"/>
    <property name="sun.java.launcher" value="SUN_STANDARD"/>
    <property name="sun.os.patch.level" value="unknown"/>
    <property name="source.skip" value="true"/>
    <property name="java.vm.specification.name" value="Java Virtual Machine Specification"/>
    <property name="user.dir" value="/tmp/tmp17tuim3t/eec"/>
    <property name="java.runtime.version" value="1.8.0_262-b10"/>
    <property name="java.awt.graphicsenv" value="sun.awt.X11GraphicsEnvironment"/>
    <property name="java.endorsed.dirs" value="/usr/local/openjdk-8/jre/lib/endorsed"/>
    <property name="os.arch" value="amd64"/>
    <property name="java.io.tmpdir" value="/tmp"/>
    <property name="line.separator" value="&#10;"/>
    <property name="java.vm.specification.vendor" value="Oracle Corporation"/>
    <property name="os.name" value="Linux"/>
    <property name="classworlds.conf" value="/usr/share/maven/bin/m2.conf"/>
    <property name="sun.jnu.encoding" value="UTF-8"/>
    <property name="java.library.path" value="/usr/java/packages/lib/amd64:/usr/lib64:/lib64:/lib:/usr/lib"/>
    <property name="license.skip" value="true"/>
    <property name="maven.conf" value="/usr/share/maven/conf"/>
    <property name="java.specification.name" value="Java Platform API Specification"/>
    <property name="java.class.version" value="52.0"/>
    <property name="sun.management.compiler" value="HotSpot 64-Bit Tiered Compilers"/>
    <property name="maven.test.failure.ignore" value="true"/>
    <property name="os.version" value="4.15.0-109-generic"/>
    <property name="library.jansi.path" value="/usr/share/maven/lib/jansi-native"/>
    <property name="user.home" value="/home/jdbl"/>
    <property name="user.timezone" value="Etc/UTC"/>
    <property name="java.awt.printerjob" value="sun.print.PSPrinterJob"/>
    <property name="java.specification.version" value="1.8"/>
    <property name="file.encoding" value="UTF-8"/>
    <property name="user.name" value="jdbl"/>
    <property name="java.class.path" value="/usr/share/maven/boot/plexus-classworlds-2.6.0.jar"/>
    <property name="java.vm.specification.version" value="1.8"/>
    <property name="sun.arch.data.model" value="64"/>
    <property name="java.home" value="/usr/local/openjdk-8/jre"/>
    <property name="sun.java.command" value="org.codehaus.plexus.classworlds.launcher.Launcher test -e --fail-never -ntp -Dmaven.test.failure.ignore=true -B -Dmaven.javadoc.skip=true -Drat.skip=true -Danimal.sniffer.skip=true -Dmaven.javadoc.skip=true -Dlicense.skip=true -Dsource.skip=true"/>
    <property name="java.specification.vendor" value="Oracle Corporation"/>
    <property name="user.language" value="en"/>
    <property name="awt.toolkit" value="sun.awt.X11.XToolkit"/>
    <property name="java.vm.info" value="mixed mode"/>
    <property name="java.version" value="1.8.0_262"/>
    <property name="java.ext.dirs" value="/usr/local/openjdk-8/jre/lib/ext:/usr/java/packages/lib/ext"/>
    <property name="securerandom.source" value="file:/dev/./urandom"/>
    <property name="sun.boot.class.path" value="/usr/local/openjdk-8/jre/lib/resources.jar:/usr/local/openjdk-8/jre/lib/rt.jar:/usr/local/openjdk-8/jre/lib/sunrsasign.jar:/usr/local/openjdk-8/jre/lib/jsse.jar:/usr/local/openjdk-8/jre/lib/jce.jar:/usr/local/openjdk-8/jre/lib/charsets.jar:/usr/local/openjdk-8/jre/lib/jfr.jar:/usr/local/openjdk-8/jre/classes"/>
    <property name="java.vendor" value="Oracle Corporation"/>
    <property name="rat.skip" value="true"/>
    <property name="maven.home" value="/usr/share/maven"/>
    <property name="file.separator" value="/"/>
    <property name="java.vendor.url.bug" value="http://bugreport.sun.com/bugreport/"/>
    <property name="sun.cpu.endian" value="little"/>
    <property name="sun.io.unicode.encoding" value="UnicodeLittle"/>
    <property name="sun.cpu.isalist" value=""/>
  </properties>
  <testcase name="testAutoSize" classname="org.ttzero.excel.entity.ListObjectSheetTest" time="0.007">
    <error message="15" type="java.lang.ArrayIndexOutOfBoundsException">java.lang.ArrayIndexOutOfBoundsException: 15
	at org.ttzero.excel.entity.ListObjectSheetTest.testAutoSize(ListObjectSheetTest.java:118)
</error>
    <system-out><![CDATA[2020-07-30 22:48:04.733 DEBUG [main][org.ttzero.excel.entity.Workbook:779] - Sheet初始化完成。
Sheet初始化完成。
2020-07-30 22:48:04.734 DEBUG [main][org.ttzero.excel.entity.Workbook:793] - 创建临时文件夹：/tmp/eec+3714077380828342758
创建临时文件夹：/tmp/eec+3714077380828342758
]]></system-out>
  </testcase>
  <testcase name="testBoxAllTypeWrite" classname="org.ttzero.excel.entity.ListObjectSheetTest" time="0.004">
    <error message="15" type="java.lang.ArrayIndexOutOfBoundsException">java.lang.ArrayIndexOutOfBoundsException: 15
	at org.ttzero.excel.entity.ListObjectSheetTest.testBoxAllTypeWrite(ListObjectSheetTest.java:179)
</error>
    <system-out><![CDATA[2020-07-30 22:48:04.738 DEBUG [main][org.ttzero.excel.entity.Workbook:779] - Sheet初始化完成。
Sheet初始化完成。
2020-07-30 22:48:04.738 DEBUG [main][org.ttzero.excel.entity.Workbook:793] - 创建临时文件夹：/tmp/eec+7909950227307480968
创建临时文件夹：/tmp/eec+7909950227307480968
]]></system-out>
  </testcase>
  <testcase name="testCustomizeDataSource" classname="org.ttzero.excel.entity.ListObjectSheetTest" time="0.051"/>
  <testcase name="testIgnoreSupperMethod" classname="org.ttzero.excel.entity.ListObjectSheetTest" time="0.003">
    <error message="2" type="java.lang.ArrayIndexOutOfBoundsException">java.lang.ArrayIndexOutOfBoundsException: 2
	at org.ttzero.excel.entity.ListObjectSheetTest.testIgnoreSupperMethod(ListObjectSheetTest.java:420)
</error>
    <system-out><![CDATA[2020-07-30 22:48:04.791 DEBUG [main][org.ttzero.excel.entity.Workbook:779] - Sheet初始化完成。
2020-07-30 22:48:04.791 DEBUG [main][org.ttzero.excel.entity.Workbook:793] - 创建临时文件夹：/tmp/eec+1826395719933985347
]]></system-out>
  </testcase>
  <testcase name="testAllTypeWrite" classname="org.ttzero.excel.entity.ListObjectSheetTest" time="0.003">
    <error message="15" type="java.lang.ArrayIndexOutOfBoundsException">java.lang.ArrayIndexOutOfBoundsException: 15
	at org.ttzero.excel.entity.ListObjectSheetTest.testAllTypeWrite(ListObjectSheetTest.java:71)
</error>
    <system-out><![CDATA[2020-07-30 22:48:04.795 DEBUG [main][org.ttzero.excel.entity.Workbook:779] - Sheet初始化完成。
Sheet初始化完成。
2020-07-30 22:48:04.795 DEBUG [main][org.ttzero.excel.entity.Workbook:793] - 创建临时文件夹：/tmp/eec+3827516249330869347
创建临时文件夹：/tmp/eec+3827516249330869347
]]></system-out>
  </testcase>
  <testcase name="testLocalPicWaterMark" classname="org.ttzero.excel.entity.ListObjectSheetTest" time="0.002">
    <error message="2" type="java.lang.ArrayIndexOutOfBoundsException">java.lang.ArrayIndexOutOfBoundsException: 2
	at org.ttzero.excel.entity.ListObjectSheetTest.testLocalPicWaterMark(ListObjectSheetTest.java:102)
</error>
    <system-out><![CDATA[2020-07-30 22:48:04.798 DEBUG [main][org.ttzero.excel.entity.Workbook:779] - Sheet初始化完成。
Sheet初始化完成。
2020-07-30 22:48:04.798 DEBUG [main][org.ttzero.excel.entity.Workbook:793] - 创建临时文件夹：/tmp/eec+3435195764467390149
创建临时文件夹：/tmp/eec+3435195764467390149
]]></system-out>
  </testcase>
  <testcase name="testResetMethod" classname="org.ttzero.excel.entity.ListObjectSheetTest" time="0.004">
    <error message="3" type="java.lang.ArrayIndexOutOfBoundsException">java.lang.ArrayIndexOutOfBoundsException: 3
	at org.ttzero.excel.entity.ListObjectSheetTest.testResetMethod(ListObjectSheetTest.java:384)
</error>
    <system-out><![CDATA[2020-07-30 22:48:04.800 DEBUG [main][org.ttzero.excel.entity.Workbook:779] - Sheet初始化完成。
2020-07-30 22:48:04.801 DEBUG [main][org.ttzero.excel.entity.Workbook:793] - 创建临时文件夹：/tmp/eec+8347634567863348246
]]></system-out>
  </testcase>
  <testcase name="testSpecifyCore" classname="org.ttzero.excel.entity.ListObjectSheetTest" time="0.002">
    <error message="1" type="java.lang.ArrayIndexOutOfBoundsException">java.lang.ArrayIndexOutOfBoundsException: 1
	at org.ttzero.excel.entity.ListObjectSheetTest.testSpecifyCore(ListObjectSheetTest.java:476)
</error>
    <system-out><![CDATA[2020-07-30 22:48:04.804 DEBUG [main][org.ttzero.excel.entity.Workbook:779] - Sheet初始化完成。
2020-07-30 22:48:04.804 DEBUG [main][org.ttzero.excel.entity.Workbook:793] - 创建临时文件夹：/tmp/eec+3515695768710294975
]]></system-out>
  </testcase>
  <testcase name="testBoxAllTypeAutoSizeWrite" classname="org.ttzero.excel.entity.ListObjectSheetTest" time="0.002">
    <error message="15" type="java.lang.ArrayIndexOutOfBoundsException">java.lang.ArrayIndexOutOfBoundsException: 15
	at org.ttzero.excel.entity.ListObjectSheetTest.testBoxAllTypeAutoSizeWrite(ListObjectSheetTest.java:189)
</error>
    <system-out><![CDATA[2020-07-30 22:48:04.807 DEBUG [main][org.ttzero.excel.entity.Workbook:779] - Sheet初始化完成。
Sheet初始化完成。
2020-07-30 22:48:04.807 DEBUG [main][org.ttzero.excel.entity.Workbook:793] - 创建临时文件夹：/tmp/eec+3506518602118499806
创建临时文件夹：/tmp/eec+3506518602118499806
]]></system-out>
  </testcase>
  <testcase name="testArray" classname="org.ttzero.excel.entity.ListObjectSheetTest" time="0.003">
    <error message="2" type="java.lang.ArrayIndexOutOfBoundsException">java.lang.ArrayIndexOutOfBoundsException: 2
	at org.ttzero.excel.entity.ListObjectSheetTest.testArray(ListObjectSheetTest.java:302)
</error>
    <system-out><![CDATA[2020-07-30 22:48:04.809 DEBUG [main][org.ttzero.excel.entity.Workbook:779] - Sheet初始化完成。
Sheet初始化完成。
2020-07-30 22:48:04.810 DEBUG [main][org.ttzero.excel.entity.Workbook:793] - 创建临时文件夹：/tmp/eec+4886733955759311078
创建临时文件夹：/tmp/eec+4886733955759311078
]]></system-out>
  </testcase>
  <testcase name="testStringWaterMark" classname="org.ttzero.excel.entity.ListObjectSheetTest" time="0.063">
    <error message="2" type="java.lang.ArrayIndexOutOfBoundsException">java.lang.ArrayIndexOutOfBoundsException: 2
	at org.ttzero.excel.entity.ListObjectSheetTest.testStringWaterMark(ListObjectSheetTest.java:94)
</error>
    <system-out><![CDATA[2020-07-30 22:48:04.872 DEBUG [main][org.ttzero.excel.entity.Workbook:779] - Sheet初始化完成。
Sheet初始化完成。
2020-07-30 22:48:04.872 DEBUG [main][org.ttzero.excel.entity.Workbook:793] - 创建临时文件夹：/tmp/eec+5314940827597523864
创建临时文件夹：/tmp/eec+5314940827597523864
]]></system-out>
  </testcase>
  <testcase name="testLarge" classname="org.ttzero.excel.entity.ListObjectSheetTest" time="0.004">
    <error message="25" type="java.lang.ArrayIndexOutOfBoundsException">java.lang.ArrayIndexOutOfBoundsException: 25
	at org.ttzero.excel.entity.ListObjectSheetTest.testLarge(ListObjectSheetTest.java:519)
</error>
    <system-out><![CDATA[2020-07-30 22:48:04.875 DEBUG [main][org.ttzero.excel.entity.Workbook:779] - Sheet初始化完成。
2020-07-30 22:48:04.875 DEBUG [main][org.ttzero.excel.entity.Workbook:793] - 创建临时文件夹：/tmp/eec+6005483620122820218
]]></system-out>
  </testcase>
  <testcase name="testWrite" classname="org.ttzero.excel.entity.ListObjectSheetTest" time="0.003">
    <error message="2" type="java.lang.ArrayIndexOutOfBoundsException">java.lang.ArrayIndexOutOfBoundsException: 2
	at org.ttzero.excel.entity.ListObjectSheetTest.testWrite(ListObjectSheetTest.java:64)
</error>
    <system-out><![CDATA[2020-07-30 22:48:04.880 DEBUG [main][org.ttzero.excel.entity.Workbook:779] - Sheet初始化完成。
Sheet初始化完成。
2020-07-30 22:48:04.880 DEBUG [main][org.ttzero.excel.entity.Workbook:793] - 创建临时文件夹：/tmp/eec+7410211738958665417
创建临时文件夹：/tmp/eec+7410211738958665417
]]></system-out>
  </testcase>
  <testcase name="testStreamWaterMark" classname="org.ttzero.excel.entity.ListObjectSheetTest" time="0.004">
    <error message="2" type="java.lang.ArrayIndexOutOfBoundsException">java.lang.ArrayIndexOutOfBoundsException: 2
	at org.ttzero.excel.entity.ListObjectSheetTest.testStreamWaterMark(ListObjectSheetTest.java:110)
</error>
    <system-out><![CDATA[2020-07-30 22:48:04.883 DEBUG [main][org.ttzero.excel.entity.Workbook:779] - Sheet初始化完成。
Sheet初始化完成。
2020-07-30 22:48:04.883 DEBUG [main][org.ttzero.excel.entity.Workbook:793] - 创建临时文件夹：/tmp/eec+2176899972356686889
创建临时文件夹：/tmp/eec+2176899972356686889
]]></system-out>
  </testcase>
  <testcase name="testConstructor1" classname="org.ttzero.excel.entity.ListObjectSheetTest" time="0.017"/>
  <testcase name="testConstructor2" classname="org.ttzero.excel.entity.ListObjectSheetTest" time="0.003">
    <error message="2" type="java.lang.ArrayIndexOutOfBoundsException">java.lang.ArrayIndexOutOfBoundsException: 2
	at org.ttzero.excel.entity.ListObjectSheetTest.testConstructor2(ListObjectSheetTest.java:213)
</error>
    <system-out><![CDATA[2020-07-30 22:48:04.903 DEBUG [main][org.ttzero.excel.entity.Workbook:779] - Sheet初始化完成。
Sheet初始化完成。
2020-07-30 22:48:04.904 DEBUG [main][org.ttzero.excel.entity.Workbook:793] - 创建临时文件夹：/tmp/eec+8002209424811845083
创建临时文件夹：/tmp/eec+8002209424811845083
]]></system-out>
  </testcase>
  <testcase name="testConstructor3" classname="org.ttzero.excel.entity.ListObjectSheetTest" time="0.021"/>
  <testcase name="testConstructor4" classname="org.ttzero.excel.entity.ListObjectSheetTest" time="0.111"/>
  <testcase name="testConstructor5" classname="org.ttzero.excel.entity.ListObjectSheetTest" time="0.001">
    <error message="2" type="java.lang.ArrayIndexOutOfBoundsException">java.lang.ArrayIndexOutOfBoundsException: 2
	at org.ttzero.excel.entity.ListObjectSheetTest.testConstructor5(ListObjectSheetTest.java:243)
</error>
    <system-out><![CDATA[2020-07-30 22:48:05.035 DEBUG [main][org.ttzero.excel.entity.Workbook:779] - Sheet初始化完成。
Sheet初始化完成。
2020-07-30 22:48:05.036 DEBUG [main][org.ttzero.excel.entity.Workbook:793] - 创建临时文件夹：/tmp/eec+8936509224964673233
创建临时文件夹：/tmp/eec+8936509224964673233
]]></system-out>
  </testcase>
  <testcase name="testConstructor6" classname="org.ttzero.excel.entity.ListObjectSheetTest" time="0.009">
    <error message="2" type="java.lang.ArrayIndexOutOfBoundsException">java.lang.ArrayIndexOutOfBoundsException: 2
	at org.ttzero.excel.entity.ListObjectSheetTest.testConstructor6(ListObjectSheetTest.java:251)
</error>
    <system-out><![CDATA[2020-07-30 22:48:05.044 DEBUG [main][org.ttzero.excel.entity.Workbook:779] - Sheet初始化完成。
Sheet初始化完成。
2020-07-30 22:48:05.045 DEBUG [main][org.ttzero.excel.entity.Workbook:793] - 创建临时文件夹：/tmp/eec+348552519399248290
创建临时文件夹：/tmp/eec+348552519399248290
]]></system-out>
  </testcase>
  <testcase name="testConstructor7" classname="org.ttzero.excel.entity.ListObjectSheetTest" time="0.019"/>
  <testcase name="testConstructor8" classname="org.ttzero.excel.entity.ListObjectSheetTest" time="0.019"/>
  <testcase name="testConstructor9" classname="org.ttzero.excel.entity.ListObjectSheetTest" time="0.114"/>
  <testcase name="testCustomizeDataSourceAutoSize" classname="org.ttzero.excel.entity.ListObjectSheetTest" time="0.048"/>
  <testcase name="testEmptyList" classname="org.ttzero.excel.entity.ListObjectSheetTest" time="0.01"/>
  <testcase name="testAnnotationAutoSize" classname="org.ttzero.excel.entity.ListObjectSheetTest" time="0.012"/>
  <testcase name="testIntConversion" classname="org.ttzero.excel.entity.ListObjectSheetTest" time="0.015"/>
  <testcase name="testConstructor10" classname="org.ttzero.excel.entity.ListObjectSheetTest" time="0.093"/>
  <testcase name="testSingleList" classname="org.ttzero.excel.entity.ListObjectSheetTest" time="0.002">
    <error message="2" type="java.lang.ArrayIndexOutOfBoundsException">java.lang.ArrayIndexOutOfBoundsException: 2
	at org.ttzero.excel.entity.ListObjectSheetTest.testSingleList(ListObjectSheetTest.java:310)
</error>
    <system-out><![CDATA[2020-07-30 22:48:05.378 DEBUG [main][org.ttzero.excel.entity.Workbook:779] - Sheet初始化完成。
Sheet初始化完成。
2020-07-30 22:48:05.378 DEBUG [main][org.ttzero.excel.entity.Workbook:793] - 创建临时文件夹：/tmp/eec+8652283308587174463
创建临时文件夹：/tmp/eec+8652283308587174463
]]></system-out>
  </testcase>
  <testcase name="testMethodAnnotation" classname="org.ttzero.excel.entity.ListObjectSheetTest" time="0.004">
    <error message="4" type="java.lang.ArrayIndexOutOfBoundsException">java.lang.ArrayIndexOutOfBoundsException: 4
	at org.ttzero.excel.entity.ListObjectSheetTest.testMethodAnnotation(ListObjectSheetTest.java:403)
</error>
    <system-out><![CDATA[2020-07-30 22:48:05.380 DEBUG [main][org.ttzero.excel.entity.Workbook:779] - Sheet初始化完成。
2020-07-30 22:48:05.381 DEBUG [main][org.ttzero.excel.entity.Workbook:793] - 创建临时文件夹：/tmp/eec+2132058514654530062
]]></system-out>
  </testcase>
  <testcase name="testReflect" classname="org.ttzero.excel.entity.ListObjectSheetTest" time="0.002"/>
  <testcase name="testConvertAndStyleConversion" classname="org.ttzero.excel.entity.ListObjectSheetTest" time="0.015"/>
  <testcase name="testIssue_95" classname="org.ttzero.excel.entity.ListObjectSheetTest" time="0.001">
    <error message="1" type="java.lang.ArrayIndexOutOfBoundsException">java.lang.ArrayIndexOutOfBoundsException: 1
	at org.ttzero.excel.entity.ListObjectSheetTest.testIssue_95(ListObjectSheetTest.java:459)
</error>
    <system-out><![CDATA[2020-07-30 22:48:05.400 DEBUG [main][org.ttzero.excel.entity.Workbook:779] - Sheet初始化完成。
2020-07-30 22:48:05.400 DEBUG [main][org.ttzero.excel.entity.Workbook:793] - 创建临时文件夹：/tmp/eec+7879022365456721454
]]></system-out>
  </testcase>
  <testcase name="testStyleConversion" classname="org.ttzero.excel.entity.ListObjectSheetTest" time="0.014"/>
  <testcase name="testListSheet_93" classname="org.ttzero.excel.entity.ListObjectSheetTest" time="0.019"/>
  <testcase name="testStyleConversion1" classname="org.ttzero.excel.entity.ListObjectSheetTest" time="0.017"/>
  <testcase name="testNullValue" classname="org.ttzero.excel.entity.ListObjectSheetTest" time="0.006">
    <error message="3" type="java.lang.ArrayIndexOutOfBoundsException">java.lang.ArrayIndexOutOfBoundsException: 3
	at org.ttzero.excel.entity.ListObjectSheetTest.testNullValue(ListObjectSheetTest.java:342)
</error>
    <system-out><![CDATA[2020-07-30 22:48:05.454 DEBUG [main][org.ttzero.excel.entity.Workbook:779] - Sheet初始化完成。
Sheet初始化完成。
2020-07-30 22:48:05.455 DEBUG [main][org.ttzero.excel.entity.Workbook:793] - 创建临时文件夹：/tmp/eec+3279405339716282591
创建临时文件夹：/tmp/eec+3279405339716282591
]]></system-out>
  </testcase>
  <testcase name="testFieldUnDeclare" classname="org.ttzero.excel.entity.ListObjectSheetTest" time="0.004"/>
  <testcase name="testAnnotation" classname="org.ttzero.excel.entity.ListObjectSheetTest" time="0.012"/>
</testsuite>