<?xml version="1.0" encoding="UTF-8"?>
<testsuite xmlns:xsi="http://www.w3.org/2001/XMLSchema-instance" xsi:schemaLocation="https://maven.apache.org/surefire/maven-surefire-plugin/xsd/surefire-test-report.xsd" name="neo.rpc.client.test.MainUnitTestSuite" time="16.498" tests="127" errors="0" skipped="4" failures="0">
  <properties>
    <property name="java.runtime.name" value="OpenJDK Runtime Environment"/>
    <property name="sun.boot.library.path" value="/usr/local/openjdk-8/jre/lib/amd64"/>
    <property name="java.vm.version" value="25.262-b10"/>
    <property name="animal.sniffer.skip" value="true"/>
    <property name="java.vm.vendor" value="Oracle Corporation"/>
    <property name="maven.multiModuleProjectDirectory" value="/tmp/tmpodwn6vi2/neo-java"/>
    <property name="maven.javadoc.skip" value="true"/>
    <property name="java.vendor.url" value="http://java.oracle.com/"/>
    <property name="path.separator" value=":"/>
    <property name="guice.disable.misplaced.annotation.check" value="true"/>
    <property name="java.vm.name" value="OpenJDK 64-Bit Server VM"/>
    <property name="file.encoding.pkg" value="sun.io"/>
    <property name="sun.java.launcher" value="SUN_STANDARD"/>
    <property name="sun.os.patch.level" value="unknown"/>
    <property name="source.skip" value="true"/>
    <property name="java.vm.specification.name" value="Java Virtual Machine Specification"/>
    <property name="user.dir" value="/tmp/tmpodwn6vi2/neo-java"/>
    <property name="java.runtime.version" value="1.8.0_262-b10"/>
    <property name="java.awt.graphicsenv" value="sun.awt.X11GraphicsEnvironment"/>
    <property name="java.endorsed.dirs" value="/usr/local/openjdk-8/jre/lib/endorsed"/>
    <property name="os.arch" value="amd64"/>
    <property name="java.io.tmpdir" value="/tmp"/>
    <property name="line.separator" value="&#10;"/>
    <property name="java.vm.specification.vendor" value="Oracle Corporation"/>
    <property name="os.name" value="Linux"/>
    <property name="classworlds.conf" value="/usr/share/maven/bin/m2.conf"/>
    <property name="sun.jnu.encoding" value="UTF-8"/>
    <property name="java.library.path" value="/usr/java/packages/lib/amd64:/usr/lib64:/lib64:/lib:/usr/lib"/>
    <property name="license.skip" value="true"/>
    <property name="maven.conf" value="/usr/share/maven/conf"/>
    <property name="java.specification.name" value="Java Platform API Specification"/>
    <property name="java.class.version" value="52.0"/>
    <property name="sun.management.compiler" value="HotSpot 64-Bit Tiered Compilers"/>
    <property name="maven.test.failure.ignore" value="true"/>
    <property name="os.version" value="4.15.0-109-generic"/>
    <property name="library.jansi.path" value="/usr/share/maven/lib/jansi-native"/>
    <property name="user.home" value="/home/jdbl"/>
    <property name="user.timezone" value="Etc/UTC"/>
    <property name="java.awt.printerjob" value="sun.print.PSPrinterJob"/>
    <property name="java.specification.version" value="1.8"/>
    <property name="file.encoding" value="UTF-8"/>
    <property name="user.name" value="jdbl"/>
    <property name="java.class.path" value="/usr/share/maven/boot/plexus-classworlds-2.6.0.jar"/>
    <property name="java.vm.specification.version" value="1.8"/>
    <property name="sun.arch.data.model" value="64"/>
    <property name="java.home" value="/usr/local/openjdk-8/jre"/>
    <property name="sun.java.command" value="org.codehaus.plexus.classworlds.launcher.Launcher test -e --fail-never -ntp -Dmaven.test.failure.ignore=true -B -Dmaven.javadoc.skip=true -Drat.skip=true -Danimal.sniffer.skip=true -Dmaven.javadoc.skip=true -Dlicense.skip=true -Dsource.skip=true"/>
    <property name="java.specification.vendor" value="Oracle Corporation"/>
    <property name="user.language" value="en"/>
    <property name="awt.toolkit" value="sun.awt.X11.XToolkit"/>
    <property name="java.vm.info" value="mixed mode"/>
    <property name="java.version" value="1.8.0_262"/>
    <property name="java.ext.dirs" value="/usr/local/openjdk-8/jre/lib/ext:/usr/java/packages/lib/ext"/>
    <property name="securerandom.source" value="file:/dev/./urandom"/>
    <property name="sun.boot.class.path" value="/usr/local/openjdk-8/jre/lib/resources.jar:/usr/local/openjdk-8/jre/lib/rt.jar:/usr/local/openjdk-8/jre/lib/sunrsasign.jar:/usr/local/openjdk-8/jre/lib/jsse.jar:/usr/local/openjdk-8/jre/lib/jce.jar:/usr/local/openjdk-8/jre/lib/charsets.jar:/usr/local/openjdk-8/jre/lib/jfr.jar:/usr/local/openjdk-8/jre/classes"/>
    <property name="java.vendor" value="Oracle Corporation"/>
    <property name="rat.skip" value="true"/>
    <property name="maven.home" value="/usr/share/maven"/>
    <property name="file.separator" value="/"/>
    <property name="java.vendor.url.bug" value="http://bugreport.sun.com/bugreport/"/>
    <property name="sun.cpu.endian" value="little"/>
    <property name="sun.io.unicode.encoding" value="UnicodeLittle"/>
    <property name="sun.cpu.isalist" value=""/>
  </properties>
  <testcase name="test001AddrPayload" classname="neo.rpc.client.test.TestPayload" time="0.001"/>
  <testcase name="test002HeadersPayload" classname="neo.rpc.client.test.TestPayload" time="0.005"/>
  <testcase name="test003GetBlocksPayload" classname="neo.rpc.client.test.TestPayload" time="0.001"/>
  <testcase name="test004GetBlocksPayloadGenesis" classname="neo.rpc.client.test.TestPayload" time="0.001"/>
  <testcase name="test005GetBlocksPayloadGenesisToGenesis" classname="neo.rpc.client.test.TestPayload" time="0"/>
  <testcase name="aaaFirstTest" classname="neo.rpc.client.test.TestBlockSerialization" time="0.001"/>
  <testcase name="test001TxTypeMiner" classname="neo.rpc.client.test.TestBlockSerialization" time="0.002"/>
  <testcase name="test002TxTypeRegister" classname="neo.rpc.client.test.TestBlockSerialization" time="0.002"/>
  <testcase name="test003TxTypeIssue" classname="neo.rpc.client.test.TestBlockSerialization" time="0.001"/>
  <testcase name="test004TxTypeContract" classname="neo.rpc.client.test.TestBlockSerialization" time="0.002"/>
  <testcase name="test005TxTypeClaim" classname="neo.rpc.client.test.TestBlockSerialization" time="0.002"/>
  <testcase name="test006TxTypeEnrollment" classname="neo.rpc.client.test.TestBlockSerialization" time="0.003"/>
  <testcase name="test007TxTypePublish" classname="neo.rpc.client.test.TestBlockSerialization" time="0.005"/>
  <testcase name="test008TxTypeInvocation" classname="neo.rpc.client.test.TestBlockSerialization" time="0.008"/>
  <testcase name="test009TxTypeState" classname="neo.rpc.client.test.TestBlockSerialization" time="0.005"/>
  <testcase name="test00ZAllBlocks" classname="neo.rpc.client.test.TestBlockSerialization" time="0">
    <skipped/>
  </testcase>
  <testcase name="testGetBlock" classname="neo.rpc.client.test.TestBlockSerialization" time="0">
    <skipped/>
  </testcase>
  <testcase name="zzzLastTest" classname="neo.rpc.client.test.TestBlockSerialization" time="0"/>
  <testcase name="aaaFirstTest" classname="neo.rpc.client.test.TestRpcServer" time="0"/>
  <testcase name="test001CoreGetBestBlockHash" classname="neo.rpc.client.test.TestRpcServer" time="0.104"/>
  <testcase name="test002CoreGetBlockCount" classname="neo.rpc.client.test.TestRpcServer" time="0.004"/>
  <testcase name="test003CoreGetBestBlockHashErrors" classname="neo.rpc.client.test.TestRpcServer" time="0.007"/>
  <testcase name="test004CoreGetBlockWithHashVerbose" classname="neo.rpc.client.test.TestRpcServer" time="0.024"/>
  <testcase name="test005CoreGetBlockHash" classname="neo.rpc.client.test.TestRpcServer" time="0.011"/>
  <testcase name="test006CityOfZionAddressDefault" classname="neo.rpc.client.test.TestRpcServer" time="0.003"/>
  <testcase name="test007CoreGetBlockHashNoParms" classname="neo.rpc.client.test.TestRpcServer" time="0.014"/>
  <testcase name="test008CoreGetConnectionCount" classname="neo.rpc.client.test.TestRpcServer" time="0.008"/>
  <testcase name="test009CoreDefault" classname="neo.rpc.client.test.TestRpcServer" time="0.013"/>
  <testcase name="test010CoreGetRawTransaction" classname="neo.rpc.client.test.TestRpcServer" time="0.017"/>
  <testcase name="test011CoreGetTransactionOutputNoOutputs" classname="neo.rpc.client.test.TestRpcServer" time="0.008"/>
  <testcase name="test012CoreGetTransactionOutput" classname="neo.rpc.client.test.TestRpcServer" time="0.005"/>
  <testcase name="test013CityOfZionGetTransaction" classname="neo.rpc.client.test.TestRpcServer" time="0.006"/>
  <testcase name="test014CoreGetBlockWithIndexNotVerbose" classname="neo.rpc.client.test.TestRpcServer" time="0.008"/>
  <testcase name="test015CoreSubmitBlock" classname="neo.rpc.client.test.TestRpcServer" time="0.015"/>
  <testcase name="test016SendRawTransaction" classname="neo.rpc.client.test.TestRpcServer" time="0.007"/>
  <testcase name="test017GetAccountList" classname="neo.rpc.client.test.TestRpcServer" time="0.005"/>
  <testcase name="test018GetRawMempool" classname="neo.rpc.client.test.TestRpcServer" time="0.015"/>
  <testcase name="test019ConstructorIsPrivate" classname="neo.rpc.client.test.TestRpcServer" time="0.001"/>
  <testcase name="test020CityOfZionGetBalance" classname="neo.rpc.client.test.TestRpcServer" time="0.016"/>
  <testcase name="test021CityOfZionGetHistory" classname="neo.rpc.client.test.TestRpcServer" time="0.012"/>
  <testcase name="test022CityOfZionGetClaims" classname="neo.rpc.client.test.TestRpcServer" time="0.017"/>
  <testcase name="testCityOfZionAddressBalance" classname="neo.rpc.client.test.TestRpcServer" time="0">
    <skipped/>
  </testcase>
  <testcase name="zzzLastTest" classname="neo.rpc.client.test.TestRpcServer" time="0"/>
  <testcase name="aaaFirstTest" classname="neo.rpc.client.test.TestCoreToJson" time="0"/>
  <testcase name="test001NoExclusiveData" classname="neo.rpc.client.test.TestCoreToJson" time="0"/>
  <testcase name="test002MinerExclusiveData" classname="neo.rpc.client.test.TestCoreToJson" time="0"/>
  <testcase name="test003ClaimExclusiveData" classname="neo.rpc.client.test.TestCoreToJson" time="0.001"/>
  <testcase name="test004EnrollmentExclusiveData" classname="neo.rpc.client.test.TestCoreToJson" time="0"/>
  <testcase name="test005InvocationExclusiveData" classname="neo.rpc.client.test.TestCoreToJson" time="0"/>
  <testcase name="test006Block" classname="neo.rpc.client.test.TestCoreToJson" time="0.001"/>
  <testcase name="test007Witness" classname="neo.rpc.client.test.TestCoreToJson" time="0.005"/>
  <testcase name="test008Header" classname="neo.rpc.client.test.TestCoreToJson" time="0.002"/>
  <testcase name="test009CoinReference" classname="neo.rpc.client.test.TestCoreToJson" time="0.001"/>
  <testcase name="test010TransactionOutput" classname="neo.rpc.client.test.TestCoreToJson" time="0"/>
  <testcase name="test011Transaction" classname="neo.rpc.client.test.TestCoreToJson" time="0.001"/>
  <testcase name="test012RegisterExclusiveData" classname="neo.rpc.client.test.TestCoreToJson" time="0.002"/>
  <testcase name="test013PublishExclusiveDataNoStorage" classname="neo.rpc.client.test.TestCoreToJson" time="0"/>
  <testcase name="test014PublishExclusiveDataWithStorage" classname="neo.rpc.client.test.TestCoreToJson" time="0"/>
  <testcase name="zzzLastTest" classname="neo.rpc.client.test.TestCoreToJson" time="0"/>
  <testcase name="aaaFirstTest" classname="neo.rpc.client.test.TestCoreExceptions" time="0"/>
  <testcase name="test001TransactionTypeValueOf" classname="neo.rpc.client.test.TestCoreExceptions" time="0"/>
  <testcase name="test002TransactionTypeValueOfByte" classname="neo.rpc.client.test.TestCoreExceptions" time="0"/>
  <testcase name="test003TransactionAttributeUsageValueOf" classname="neo.rpc.client.test.TestCoreExceptions" time="0"/>
  <testcase name="test004TransactionAttributeUsageValueOfByte" classname="neo.rpc.client.test.TestCoreExceptions" time="0"/>
  <testcase name="test005ContractParameterTypeValueOf" classname="neo.rpc.client.test.TestCoreExceptions" time="0"/>
  <testcase name="test006ContractParameterTypeValueOfByte" classname="neo.rpc.client.test.TestCoreExceptions" time="0"/>
  <testcase name="test007AssetTypeValueOf" classname="neo.rpc.client.test.TestCoreExceptions" time="0"/>
  <testcase name="test008AssetTypeValueOfByte" classname="neo.rpc.client.test.TestCoreExceptions" time="0"/>
  <testcase name="test009HeaderConstructor" classname="neo.rpc.client.test.TestCoreExceptions" time="0"/>
  <testcase name="test010AbstractBlockBaseConstructor" classname="neo.rpc.client.test.TestCoreExceptions" time="0"/>
  <testcase name="test011GenesisBlockDataStatic" classname="neo.rpc.client.test.TestCoreExceptions" time="0"/>
  <testcase name="zzzLastTest" classname="neo.rpc.client.test.TestCoreExceptions" time="0"/>
  <testcase name="aaaFirstTest" classname="neo.rpc.client.test.TestCoreEnums" time="0"/>
  <testcase name="test001TransactionType" classname="neo.rpc.client.test.TestCoreEnums" time="0"/>
  <testcase name="test002TransactionAttributeUsage" classname="neo.rpc.client.test.TestCoreEnums" time="0"/>
  <testcase name="test003ContractParameterType" classname="neo.rpc.client.test.TestCoreEnums" time="0"/>
  <testcase name="test004AssetType" classname="neo.rpc.client.test.TestCoreEnums" time="0"/>
  <testcase name="test005CoreRpcCommandEnum" classname="neo.rpc.client.test.TestCoreEnums" time="0"/>
  <testcase name="test006CoreRpcCommandEnumValuesJSONArray" classname="neo.rpc.client.test.TestCoreEnums" time="0"/>
  <testcase name="zzzLastTest" classname="neo.rpc.client.test.TestCoreEnums" time="0"/>
  <testcase name="aaaFirstTest" classname="neo.rpc.client.test.TestNEP5" time="0"/>
  <testcase name="test001Error6d07" classname="neo.rpc.client.test.TestNEP5" time="0.002"/>
  <testcase name="zzzLastTest" classname="neo.rpc.client.test.TestNEP5" time="0"/>
  <testcase name="aaaFirstTest" classname="neo.rpc.client.test.TestRpcServerInit" time="0"/>
  <testcase name="test001CoreGetBestBlockHash" classname="neo.rpc.client.test.TestRpcServerInit" time="0.012"/>
  <testcase name="test002CoreGetBlockCount" classname="neo.rpc.client.test.TestRpcServerInit" time="0.003"/>
  <testcase name="test004CoreGetBlockWithHashVerbose" classname="neo.rpc.client.test.TestRpcServerInit" time="0.002"/>
  <testcase name="test005CoreGetBlockHash" classname="neo.rpc.client.test.TestRpcServerInit" time="0.005"/>
  <testcase name="test006CoreGetBlockBlankParms" classname="neo.rpc.client.test.TestRpcServerInit" time="0.003"/>
  <testcase name="test007CoreGetBlockHashBlankParms" classname="neo.rpc.client.test.TestRpcServerInit" time="0.004"/>
  <testcase name="test008CoreGetBlockWithIndex1" classname="neo.rpc.client.test.TestRpcServerInit" time="0.008"/>
  <testcase name="test009CoreGetBlockWithHash" classname="neo.rpc.client.test.TestRpcServerInit" time="0.004"/>
  <testcase name="test010CoreGetBlockWithIndex0" classname="neo.rpc.client.test.TestRpcServerInit" time="0.018"/>
  <testcase name="test011CityOfZionGetTransactionBlankHash" classname="neo.rpc.client.test.TestRpcServerInit" time="0"/>
  <testcase name="test012CityOfZionGetTransactionBadHash" classname="neo.rpc.client.test.TestRpcServerInit" time="0.004"/>
  <testcase name="test013CoreSubmitBlock" classname="neo.rpc.client.test.TestRpcServerInit" time="0.008"/>
  <testcase name="testCityOfZionAddressBalance" classname="neo.rpc.client.test.TestRpcServerInit" time="0">
    <skipped/>
  </testcase>
  <testcase name="zzzLastTest" classname="neo.rpc.client.test.TestRpcServerInit" time="0"/>
  <testcase name="aaaFirstTest" classname="neo.rpc.client.test.TestNetwork" time="0"/>
  <testcase name="test001WaitForNetwork" classname="neo.rpc.client.test.TestNetwork" time="2.012"/>
  <testcase name="zzzLastTest" classname="neo.rpc.client.test.TestNetwork" time="0.001"/>
  <testcase name="aaaFirstTest" classname="neo.rpc.client.test.TestDBH2" time="0"/>
  <testcase name="test001containsBlockWithHash" classname="neo.rpc.client.test.TestDBH2" time="0.927"/>
  <testcase name="test002getFullBlockFromHash" classname="neo.rpc.client.test.TestDBH2" time="0.378"/>
  <testcase name="test003getBlockCount" classname="neo.rpc.client.test.TestDBH2" time="0.384"/>
  <testcase name="test004getHeaderOfBlockWithMaxIndex" classname="neo.rpc.client.test.TestDBH2" time="0.421"/>
  <testcase name="test005putAndGetFullBlockFromHeight" classname="neo.rpc.client.test.TestDBH2" time="0.462"/>
  <testcase name="test006putAndGetTransactionWithHash" classname="neo.rpc.client.test.TestDBH2" time="0.278"/>
  <testcase name="test007putAndGetFullBlockFromHash" classname="neo.rpc.client.test.TestDBH2" time="0.423"/>
  <testcase name="test008getFileSize" classname="neo.rpc.client.test.TestDBH2" time="0.429"/>
  <testcase name="test009putAndGetHeaderOfBlockWithMaxIndex" classname="neo.rpc.client.test.TestDBH2" time="0.43"/>
  <testcase name="test010putAndGetHeaderOfBlockFromHeight" classname="neo.rpc.client.test.TestDBH2" time="0.385"/>
  <testcase name="test011putAndGetHeaderOfBlockFromHash" classname="neo.rpc.client.test.TestDBH2" time="0.36"/>
  <testcase name="zzzLastTest" classname="neo.rpc.client.test.TestDBH2" time="0"/>
  <testcase name="aaaFirstTest" classname="neo.rpc.client.test.TestDBMapDb" time="0"/>
  <testcase name="test001containsBlockWithHash" classname="neo.rpc.client.test.TestDBMapDb" time="0.95"/>
  <testcase name="test002getFullBlockFromHash" classname="neo.rpc.client.test.TestDBMapDb" time="1.284"/>
  <testcase name="test003getBlockCount" classname="neo.rpc.client.test.TestDBMapDb" time="0.467"/>
  <testcase name="test004getHeaderOfBlockWithMaxIndex" classname="neo.rpc.client.test.TestDBMapDb" time="0.38"/>
  <testcase name="test005putAndGetFullBlockFromHeight" classname="neo.rpc.client.test.TestDBMapDb" time="0.483"/>
  <testcase name="test006putAndGetTransactionWithHash" classname="neo.rpc.client.test.TestDBMapDb" time="0.296"/>
  <testcase name="test007putAndGetFullBlockFromHash" classname="neo.rpc.client.test.TestDBMapDb" time="0.464"/>
  <testcase name="test008getFileSize" classname="neo.rpc.client.test.TestDBMapDb" time="0.373"/>
  <testcase name="test009putAndGetHeaderOfBlockWithMaxIndex" classname="neo.rpc.client.test.TestDBMapDb" time="0.471"/>
  <testcase name="test010putAndGetHeaderOfBlockFromHeight" classname="neo.rpc.client.test.TestDBMapDb" time="0.469"/>
  <testcase name="test011putAndGetHeaderOfBlockFromHash" classname="neo.rpc.client.test.TestDBMapDb" time="0.443"/>
  <testcase name="zzzLastTest" classname="neo.rpc.client.test.TestDBMapDb" time="0"/>
</testsuite>