<?xml version="1.0" encoding="UTF-8"?>
<testsuite xmlns:xsi="http://www.w3.org/2001/XMLSchema-instance" xsi:schemaLocation="https://maven.apache.org/surefire/maven-surefire-plugin/xsd/surefire-test-report.xsd" name="com.jakewharton.disklrucache.DiskLruCacheTest" time="9.194" tests="60" errors="0" skipped="0" failures="0">
  <properties>
    <property name="java.runtime.name" value="OpenJDK Runtime Environment"/>
    <property name="sun.boot.library.path" value="/usr/local/openjdk-8/jre/lib/amd64"/>
    <property name="java.vm.version" value="25.262-b10"/>
    <property name="animal.sniffer.skip" value="true"/>
    <property name="java.vm.vendor" value="Oracle Corporation"/>
    <property name="maven.multiModuleProjectDirectory" value="/tmp/tmpvpesgeut/DiskLruCache"/>
    <property name="maven.javadoc.skip" value="true"/>
    <property name="java.vendor.url" value="http://java.oracle.com/"/>
    <property name="path.separator" value=":"/>
    <property name="guice.disable.misplaced.annotation.check" value="true"/>
    <property name="java.vm.name" value="OpenJDK 64-Bit Server VM"/>
    <property name="file.encoding.pkg" value="sun.io"/>
    <property name="sun.java.launcher" value="SUN_STANDARD"/>
    <property name="sun.os.patch.level" value="unknown"/>
    <property name="source.skip" value="true"/>
    <property name="java.vm.specification.name" value="Java Virtual Machine Specification"/>
    <property name="user.dir" value="/tmp/tmpvpesgeut/DiskLruCache"/>
    <property name="java.runtime.version" value="1.8.0_262-b10"/>
    <property name="java.awt.graphicsenv" value="sun.awt.X11GraphicsEnvironment"/>
    <property name="java.endorsed.dirs" value="/usr/local/openjdk-8/jre/lib/endorsed"/>
    <property name="os.arch" value="amd64"/>
    <property name="java.io.tmpdir" value="/tmp"/>
    <property name="line.separator" value="&#10;"/>
    <property name="java.vm.specification.vendor" value="Oracle Corporation"/>
    <property name="os.name" value="Linux"/>
    <property name="classworlds.conf" value="/usr/share/maven/bin/m2.conf"/>
    <property name="sun.jnu.encoding" value="UTF-8"/>
    <property name="java.library.path" value="/usr/java/packages/lib/amd64:/usr/lib64:/lib64:/lib:/usr/lib"/>
    <property name="license.skip" value="true"/>
    <property name="maven.conf" value="/usr/share/maven/conf"/>
    <property name="java.specification.name" value="Java Platform API Specification"/>
    <property name="java.class.version" value="52.0"/>
    <property name="sun.management.compiler" value="HotSpot 64-Bit Tiered Compilers"/>
    <property name="maven.test.failure.ignore" value="true"/>
    <property name="os.version" value="4.15.0-109-generic"/>
    <property name="library.jansi.path" value="/usr/share/maven/lib/jansi-native"/>
    <property name="user.home" value="/home/jdbl"/>
    <property name="user.timezone" value="Etc/UTC"/>
    <property name="java.awt.printerjob" value="sun.print.PSPrinterJob"/>
    <property name="java.specification.version" value="1.8"/>
    <property name="file.encoding" value="UTF-8"/>
    <property name="user.name" value="jdbl"/>
    <property name="java.class.path" value="/usr/share/maven/boot/plexus-classworlds-2.6.0.jar"/>
    <property name="java.vm.specification.version" value="1.8"/>
    <property name="sun.arch.data.model" value="64"/>
    <property name="java.home" value="/usr/local/openjdk-8/jre"/>
    <property name="sun.java.command" value="org.codehaus.plexus.classworlds.launcher.Launcher test -e --fail-never -ntp -Dmaven.test.failure.ignore=true -B -Dmaven.javadoc.skip=true -Drat.skip=true -Danimal.sniffer.skip=true -Dmaven.javadoc.skip=true -Dlicense.skip=true -Dsource.skip=true"/>
    <property name="java.specification.vendor" value="Oracle Corporation"/>
    <property name="user.language" value="en"/>
    <property name="awt.toolkit" value="sun.awt.X11.XToolkit"/>
    <property name="java.vm.info" value="mixed mode"/>
    <property name="java.version" value="1.8.0_262"/>
    <property name="java.ext.dirs" value="/usr/local/openjdk-8/jre/lib/ext:/usr/java/packages/lib/ext"/>
    <property name="securerandom.source" value="file:/dev/./urandom"/>
    <property name="sun.boot.class.path" value="/usr/local/openjdk-8/jre/lib/resources.jar:/usr/local/openjdk-8/jre/lib/rt.jar:/usr/local/openjdk-8/jre/lib/sunrsasign.jar:/usr/local/openjdk-8/jre/lib/jsse.jar:/usr/local/openjdk-8/jre/lib/jce.jar:/usr/local/openjdk-8/jre/lib/charsets.jar:/usr/local/openjdk-8/jre/lib/jfr.jar:/usr/local/openjdk-8/jre/classes"/>
    <property name="java.vendor" value="Oracle Corporation"/>
    <property name="rat.skip" value="true"/>
    <property name="maven.home" value="/usr/share/maven"/>
    <property name="file.separator" value="/"/>
    <property name="java.vendor.url.bug" value="http://bugreport.sun.com/bugreport/"/>
    <property name="sun.cpu.endian" value="little"/>
    <property name="sun.io.unicode.encoding" value="UnicodeLittle"/>
    <property name="sun.cpu.isalist" value=""/>
  </properties>
  <testcase name="createNewEntryWithTooFewValuesFails" classname="com.jakewharton.disklrucache.DiskLruCacheTest" time="0.1"/>
  <testcase name="revertWithTooFewValues" classname="com.jakewharton.disklrucache.DiskLruCacheTest" time="0.001"/>
  <testcase name="updateExistingEntryWithTooFewValuesReusesPreviousValues" classname="com.jakewharton.disklrucache.DiskLruCacheTest" time="0.029"/>
  <testcase name="growMaxSize" classname="com.jakewharton.disklrucache.DiskLruCacheTest" time="0.011"/>
  <testcase name="shrinkMaxSizeEvicts" classname="com.jakewharton.disklrucache.DiskLruCacheTest" time="0.004"/>
  <testcase name="evictOnInsert" classname="com.jakewharton.disklrucache.DiskLruCacheTest" time="0.028"/>
  <testcase name="evictOnUpdate" classname="com.jakewharton.disklrucache.DiskLruCacheTest" time="0.009"/>
  <testcase name="evictionHonorsLruFromCurrentSession" classname="com.jakewharton.disklrucache.DiskLruCacheTest" time="0.013"/>
  <testcase name="evictionHonorsLruFromPreviousSession" classname="com.jakewharton.disklrucache.DiskLruCacheTest" time="0.017"/>
  <testcase name="cacheSingleEntryOfSizeGreaterThanMaxSize" classname="com.jakewharton.disklrucache.DiskLruCacheTest" time="0.007"/>
  <testcase name="cacheSingleValueOfSizeGreaterThanMaxSize" classname="com.jakewharton.disklrucache.DiskLruCacheTest" time="0.04"/>
  <testcase name="constructorDoesNotAllowZeroCacheSize" classname="com.jakewharton.disklrucache.DiskLruCacheTest" time="0.002"/>
  <testcase name="constructorDoesNotAllowZeroValuesPerEntry" classname="com.jakewharton.disklrucache.DiskLruCacheTest" time="0.001"/>
  <testcase name="removeAbsentElement" classname="com.jakewharton.disklrucache.DiskLruCacheTest" time="0.001"/>
  <testcase name="readingTheSameStreamMultipleTimes" classname="com.jakewharton.disklrucache.DiskLruCacheTest" time="0.043"/>
  <testcase name="rebuildJournalOnRepeatedReads" classname="com.jakewharton.disklrucache.DiskLruCacheTest" time="0.454"/>
  <testcase name="rebuildJournalOnRepeatedEdits" classname="com.jakewharton.disklrucache.DiskLruCacheTest" time="5.251"/>
  <testcase name="rebuildJournalOnRepeatedReadsWithOpenAndClose" classname="com.jakewharton.disklrucache.DiskLruCacheTest" time="0.473"/>
  <testcase name="rebuildJournalOnRepeatedEditsWithOpenAndClose" classname="com.jakewharton.disklrucache.DiskLruCacheTest" time="2.377"/>
  <testcase name="restoreBackupFile" classname="com.jakewharton.disklrucache.DiskLruCacheTest" time="0.001"/>
  <testcase name="journalFileIsPreferredOverBackupFile" classname="com.jakewharton.disklrucache.DiskLruCacheTest" time="0.027"/>
  <testcase name="openCreatesDirectoryIfNecessary" classname="com.jakewharton.disklrucache.DiskLruCacheTest" time="0"/>
  <testcase name="fileDeletedExternally" classname="com.jakewharton.disklrucache.DiskLruCacheTest" time="0"/>
  <testcase name="editSameVersion" classname="com.jakewharton.disklrucache.DiskLruCacheTest" time="0.002"/>
  <testcase name="editSnapshotAfterChangeAborted" classname="com.jakewharton.disklrucache.DiskLruCacheTest" time="0.008"/>
  <testcase name="editSnapshotAfterChangeCommitted" classname="com.jakewharton.disklrucache.DiskLruCacheTest" time="0.013"/>
  <testcase name="editSinceEvicted" classname="com.jakewharton.disklrucache.DiskLruCacheTest" time="0.006"/>
  <testcase name="editSinceEvictedAndRecreated" classname="com.jakewharton.disklrucache.DiskLruCacheTest" time="0.005"/>
  <testcase name="aggressiveClearingHandlesWrite" classname="com.jakewharton.disklrucache.DiskLruCacheTest" time="0.004"/>
  <testcase name="aggressiveClearingHandlesEdit" classname="com.jakewharton.disklrucache.DiskLruCacheTest" time="0.001"/>
  <testcase name="removeHandlesMissingFile" classname="com.jakewharton.disklrucache.DiskLruCacheTest" time="0"/>
  <testcase name="aggressiveClearingHandlesPartialEdit" classname="com.jakewharton.disklrucache.DiskLruCacheTest" time="0.002"/>
  <testcase name="aggressiveClearingHandlesRead" classname="com.jakewharton.disklrucache.DiskLruCacheTest" time="0.001"/>
  <testcase name="validateKey" classname="com.jakewharton.disklrucache.DiskLruCacheTest" time="0"/>
  <testcase name="writeAndReadEntry" classname="com.jakewharton.disklrucache.DiskLruCacheTest" time="0.001"/>
  <testcase name="readAndWriteEntryAcrossCacheOpenAndClose" classname="com.jakewharton.disklrucache.DiskLruCacheTest" time="0.001"/>
  <testcase name="readAndWriteEntryWithoutProperClose" classname="com.jakewharton.disklrucache.DiskLruCacheTest" time="0.004"/>
  <testcase name="journalWithEditAndPublish" classname="com.jakewharton.disklrucache.DiskLruCacheTest" time="0.029"/>
  <testcase name="revertedNewFileIsRemoveInJournal" classname="com.jakewharton.disklrucache.DiskLruCacheTest" time="0.001"/>
  <testcase name="unterminatedEditIsRevertedOnClose" classname="com.jakewharton.disklrucache.DiskLruCacheTest" time="0.001"/>
  <testcase name="journalDoesNotIncludeReadOfYetUnpublishedValue" classname="com.jakewharton.disklrucache.DiskLruCacheTest" time="0.009"/>
  <testcase name="journalWithEditAndPublishAndRead" classname="com.jakewharton.disklrucache.DiskLruCacheTest" time="0"/>
  <testcase name="cannotOperateOnEditAfterPublish" classname="com.jakewharton.disklrucache.DiskLruCacheTest" time="0.005"/>
  <testcase name="cannotOperateOnEditAfterRevert" classname="com.jakewharton.disklrucache.DiskLruCacheTest" time="0"/>
  <testcase name="explicitRemoveAppliedToDiskImmediately" classname="com.jakewharton.disklrucache.DiskLruCacheTest" time="0"/>
  <testcase name="readAndWriteOverlapsMaintainConsistency" classname="com.jakewharton.disklrucache.DiskLruCacheTest" time="0"/>
  <testcase name="openWithDirtyKeyDeletesAllFilesForThatKey" classname="com.jakewharton.disklrucache.DiskLruCacheTest" time="0.008"/>
  <testcase name="openWithInvalidVersionClearsDirectory" classname="com.jakewharton.disklrucache.DiskLruCacheTest" time="0.014"/>
  <testcase name="openWithInvalidAppVersionClearsDirectory" classname="com.jakewharton.disklrucache.DiskLruCacheTest" time="0.003"/>
  <testcase name="openWithInvalidValueCountClearsDirectory" classname="com.jakewharton.disklrucache.DiskLruCacheTest" time="0.003"/>
  <testcase name="openWithInvalidBlankLineClearsDirectory" classname="com.jakewharton.disklrucache.DiskLruCacheTest" time="0.009"/>
  <testcase name="openWithInvalidJournalLineClearsDirectory" classname="com.jakewharton.disklrucache.DiskLruCacheTest" time="0.008"/>
  <testcase name="openWithInvalidFileSizeClearsDirectory" classname="com.jakewharton.disklrucache.DiskLruCacheTest" time="0.014"/>
  <testcase name="openWithTruncatedLineDiscardsThatLine" classname="com.jakewharton.disklrucache.DiskLruCacheTest" time="0.017"/>
  <testcase name="openWithTooManyFileSizesClearsDirectory" classname="com.jakewharton.disklrucache.DiskLruCacheTest" time="0"/>
  <testcase name="keyWithSpaceNotPermitted" classname="com.jakewharton.disklrucache.DiskLruCacheTest" time="0.001"/>
  <testcase name="keyWithNewlineNotPermitted" classname="com.jakewharton.disklrucache.DiskLruCacheTest" time="0.001"/>
  <testcase name="keyWithCarriageReturnNotPermitted" classname="com.jakewharton.disklrucache.DiskLruCacheTest" time="0.001"/>
  <testcase name="nullKeyThrows" classname="com.jakewharton.disklrucache.DiskLruCacheTest" time="0"/>
  <testcase name="emptyCache" classname="com.jakewharton.disklrucache.DiskLruCacheTest" time="0"/>
</testsuite>