<?xml version="1.0" encoding="UTF-8"?>
<testsuite xmlns:xsi="http://www.w3.org/2001/XMLSchema-instance" xsi:noNamespaceSchemaLocation="https://maven.apache.org/surefire/maven-surefire-plugin/xsd/surefire-test-report.xsd" name="org.apache.commons.collections4.MapUtilsTest" time="0.441" tests="8480" errors="0" skipped="0" failures="0">
  <properties>
    <property name="awt.toolkit" value="sun.awt.X11.XToolkit"/>
    <property name="maven.test.error.ignore" value="true"/>
    <property name="file.encoding.pkg" value="sun.io"/>
    <property name="java.specification.version" value="1.8"/>
    <property name="sun.cpu.isalist" value=""/>
    <property name="sun.jnu.encoding" value="UTF-8"/>
    <property name="java.class.path" value="/tmp/tmpx5gqw6tj/commons-collections/target/test-classes:/tmp/tmpx5gqw6tj/commons-collections/target/classes:/home/jdbl/.m2/repository/junit/junit/4.12/junit-4.12.jar:/home/jdbl/.m2/repository/org/hamcrest/hamcrest-core/1.3/hamcrest-core-1.3.jar:/home/jdbl/.m2/repository/org/easymock/easymock/3.6/easymock-3.6.jar:/home/jdbl/.m2/repository/org/objenesis/objenesis/2.6/objenesis-2.6.jar:/home/jdbl/.m2/repository/org/apache/commons/commons-lang3/3.7/commons-lang3-3.7.jar:"/>
    <property name="java.vm.vendor" value="Oracle Corporation"/>
    <property name="maven.javadoc.skip" value="true"/>
    <property name="sun.arch.data.model" value="64"/>
    <property name="java.vendor.url" value="http://java.oracle.com/"/>
    <property name="user.timezone" value=""/>
    <property name="java.vm.specification.version" value="1.8"/>
    <property name="os.name" value="Linux"/>
    <property name="rat.skip" value="true"/>
    <property name="sun.java.launcher" value="SUN_STANDARD"/>
    <property name="sun.boot.library.path" value="/usr/local/openjdk-8/jre/lib/amd64"/>
    <property name="sun.java.command" value="/tmp/tmpx5gqw6tj/commons-collections/target/surefire/surefirebooter7518322406636459744.jar /tmp/tmpx5gqw6tj/commons-collections/target/surefire 2020-07-30T19-46-07_552-jvmRun1 surefire8999690667226772677tmp surefire_05217994745836114059tmp"/>
    <property name="surefire.test.class.path" value="/tmp/tmpx5gqw6tj/commons-collections/target/test-classes:/tmp/tmpx5gqw6tj/commons-collections/target/classes:/home/jdbl/.m2/repository/junit/junit/4.12/junit-4.12.jar:/home/jdbl/.m2/repository/org/hamcrest/hamcrest-core/1.3/hamcrest-core-1.3.jar:/home/jdbl/.m2/repository/org/easymock/easymock/3.6/easymock-3.6.jar:/home/jdbl/.m2/repository/org/objenesis/objenesis/2.6/objenesis-2.6.jar:/home/jdbl/.m2/repository/org/apache/commons/commons-lang3/3.7/commons-lang3-3.7.jar:"/>
    <property name="sun.cpu.endian" value="little"/>
    <property name="user.home" value="/home/jdbl"/>
    <property name="user.language" value="en"/>
    <property name="java.specification.vendor" value="Oracle Corporation"/>
    <property name="java.home" value="/usr/local/openjdk-8/jre"/>
    <property name="basedir" value="/tmp/tmpx5gqw6tj/commons-collections"/>
    <property name="file.separator" value="/"/>
    <property name="line.separator" value="&#10;"/>
    <property name="source.skip" value="true"/>
    <property name="java.vm.specification.vendor" value="Oracle Corporation"/>
    <property name="java.specification.name" value="Java Platform API Specification"/>
    <property name="java.awt.graphicsenv" value="sun.awt.X11GraphicsEnvironment"/>
    <property name="surefire.real.class.path" value="/tmp/tmpx5gqw6tj/commons-collections/target/surefire/surefirebooter7518322406636459744.jar:/home/jdbl/.m2/repository/org/jacoco/org.jacoco.agent/0.8.1/org.jacoco.agent-0.8.1-runtime.jar"/>
    <property name="sun.boot.class.path" value="/usr/local/openjdk-8/jre/lib/resources.jar:/usr/local/openjdk-8/jre/lib/rt.jar:/usr/local/openjdk-8/jre/lib/sunrsasign.jar:/usr/local/openjdk-8/jre/lib/jsse.jar:/usr/local/openjdk-8/jre/lib/jce.jar:/usr/local/openjdk-8/jre/lib/charsets.jar:/usr/local/openjdk-8/jre/lib/jfr.jar:/usr/local/openjdk-8/jre/classes"/>
    <property name="sun.management.compiler" value="HotSpot 64-Bit Tiered Compilers"/>
    <property name="java.runtime.version" value="1.8.0_262-b10"/>
    <property name="user.name" value="jdbl"/>
    <property name="path.separator" value=":"/>
    <property name="os.version" value="4.15.0-109-generic"/>
    <property name="java.endorsed.dirs" value="/usr/local/openjdk-8/jre/lib/endorsed"/>
    <property name="java.runtime.name" value="OpenJDK Runtime Environment"/>
    <property name="file.encoding" value="UTF-8"/>
    <property name="java.vm.name" value="OpenJDK 64-Bit Server VM"/>
    <property name="localRepository" value="/home/jdbl/.m2/repository"/>
    <property name="java.vendor.url.bug" value="http://bugreport.sun.com/bugreport/"/>
    <property name="java.io.tmpdir" value="/tmp"/>
    <property name="java.version" value="1.8.0_262"/>
    <property name="user.dir" value="/tmp/tmpx5gqw6tj/commons-collections"/>
    <property name="os.arch" value="amd64"/>
    <property name="license.skip" value="true"/>
    <property name="animal.sniffer.skip" value="true"/>
    <property name="java.vm.specification.name" value="Java Virtual Machine Specification"/>
    <property name="java.awt.printerjob" value="sun.print.PSPrinterJob"/>
    <property name="sun.os.patch.level" value="unknown"/>
    <property name="java.library.path" value="/usr/java/packages/lib/amd64:/usr/lib64:/lib64:/lib:/usr/lib"/>
    <property name="java.vm.info" value="mixed mode"/>
    <property name="java.vendor" value="Oracle Corporation"/>
    <property name="java.vm.version" value="25.262-b10"/>
    <property name="java.ext.dirs" value="/usr/local/openjdk-8/jre/lib/ext:/usr/java/packages/lib/ext"/>
    <property name="sun.io.unicode.encoding" value="UnicodeLittle"/>
    <property name="java.class.version" value="52.0"/>
    <property name="maven.test.failure.ignore" value="true"/>
  </properties>
  <testcase name="testVerbosePrintNullLabelAndMap[]" classname="org.apache.commons.collections4.MapUtilsTest" time="0.002"/>
  <testcase name="testgetMap[]" classname="org.apache.commons.collections4.MapUtilsTest" time="0"/>
  <testcase name="testToProperties[]" classname="org.apache.commons.collections4.MapUtilsTest" time="0"/>
  <testcase name="testgetShortValue[]" classname="org.apache.commons.collections4.MapUtilsTest" time="0"/>
  <testcase name="testIsEmptyWithNull[]" classname="org.apache.commons.collections4.MapUtilsTest" time="0"/>
  <testcase name="testVerbosePrint[]" classname="org.apache.commons.collections4.MapUtilsTest" time="0.001"/>
  <testcase name="testLazyMapFactory[]" classname="org.apache.commons.collections4.MapUtilsTest" time="0"/>
  <testcase name="testLazyMapTransformer[]" classname="org.apache.commons.collections4.MapUtilsTest" time="0"/>
  <testcase name="testSafeAddToMap[]" classname="org.apache.commons.collections4.MapUtilsTest" time="0"/>
  <testcase name="testIsEmptyWithNonEmptyMap[]" classname="org.apache.commons.collections4.MapUtilsTest" time="0"/>
  <testcase name="testInvertMap[]" classname="org.apache.commons.collections4.MapUtilsTest" time="0"/>
  <testcase name="testDebugAndVerbosePrintCasting[]" classname="org.apache.commons.collections4.MapUtilsTest" time="0"/>
  <testcase name="testIsNotEmptyWithNonEmptyMap[]" classname="org.apache.commons.collections4.MapUtilsTest" time="0"/>
  <testcase name="testgetByteValue[]" classname="org.apache.commons.collections4.MapUtilsTest" time="0"/>
  <testcase name="testSize0[]" classname="org.apache.commons.collections4.MapUtilsTest" time="0"/>
  <testcase name="testSize[]" classname="org.apache.commons.collections4.MapUtilsTest" time="0"/>
  <testcase name="testIsNotEmptyWithEmptyMap[]" classname="org.apache.commons.collections4.MapUtilsTest" time="0"/>
  <testcase name="testIsNotEmptyWithNull[]" classname="org.apache.commons.collections4.MapUtilsTest" time="0"/>
  <testcase name="testIterableSortedMap[]" classname="org.apache.commons.collections4.MapUtilsTest" time="0"/>
  <testcase name="testgetNumber[]" classname="org.apache.commons.collections4.MapUtilsTest" time="0"/>
  <testcase name="testgetObject[]" classname="org.apache.commons.collections4.MapUtilsTest" time="0"/>
  <testcase name="testgetString[]" classname="org.apache.commons.collections4.MapUtilsTest" time="0"/>
  <testcase name="testPutAll_Map_array[]" classname="org.apache.commons.collections4.MapUtilsTest" time="0"/>
  <testcase name="testVerbosePrintSelfReference[]" classname="org.apache.commons.collections4.MapUtilsTest" time="0"/>
  <testcase name="testDebugPrintNullLabel[]" classname="org.apache.commons.collections4.MapUtilsTest" time="0"/>
  <testcase name="testgetFloatValue[]" classname="org.apache.commons.collections4.MapUtilsTest" time="0"/>
  <testcase name="testConvertResourceBundle[]" classname="org.apache.commons.collections4.MapUtilsTest" time="0.001"/>
  <testcase name="testOrderedMap[]" classname="org.apache.commons.collections4.MapUtilsTest" time="0"/>
  <testcase name="testDebugPrintNullLabelAndMap[]" classname="org.apache.commons.collections4.MapUtilsTest" time="0.001"/>
  <testcase name="testEmptyIfNull[]" classname="org.apache.commons.collections4.MapUtilsTest" time="0"/>
  <testcase name="testgetIntValue[]" classname="org.apache.commons.collections4.MapUtilsTest" time="0"/>
  <testcase name="testDebugPrintSelfReference[]" classname="org.apache.commons.collections4.MapUtilsTest" time="0"/>
  <testcase name="testIterableMap[]" classname="org.apache.commons.collections4.MapUtilsTest" time="0.001"/>
  <testcase name="testDebugAndVerbosePrintNullMap[]" classname="org.apache.commons.collections4.MapUtilsTest" time="0"/>
  <testcase name="testVerbosePrintNullLabel[]" classname="org.apache.commons.collections4.MapUtilsTest" time="0"/>
  <testcase name="testDebugPrintNullKey[]" classname="org.apache.commons.collections4.MapUtilsTest" time="0.001"/>
  <testcase name="testPredicatedMap[]" classname="org.apache.commons.collections4.MapUtilsTest" time="0"/>
  <testcase name="testgetLongValue[]" classname="org.apache.commons.collections4.MapUtilsTest" time="0"/>
  <testcase name="testVerbosePrintNullKeyToMap1[]" classname="org.apache.commons.collections4.MapUtilsTest" time="0"/>
  <testcase name="testVerbosePrintNullKeyToMap2[]" classname="org.apache.commons.collections4.MapUtilsTest" time="0.001"/>
  <testcase name="testPopulateMap[]" classname="org.apache.commons.collections4.MapUtilsTest" time="0"/>
  <testcase name="testToPropertiesEmpty[]" classname="org.apache.commons.collections4.MapUtilsTest" time="0"/>
  <testcase name="testPopulateMultiMap[]" classname="org.apache.commons.collections4.MapUtilsTest" time="0"/>
  <testcase name="testDebugPrintNullStream[]" classname="org.apache.commons.collections4.MapUtilsTest" time="0"/>
  <testcase name="testgetBooleanValue[]" classname="org.apache.commons.collections4.MapUtilsTest" time="0.001"/>
  <testcase name="testIsEmptyWithEmptyMap[]" classname="org.apache.commons.collections4.MapUtilsTest" time="0"/>
  <testcase name="testVerbosePrintNullKey[]" classname="org.apache.commons.collections4.MapUtilsTest" time="0"/>
  <testcase name="testSizeNull[]" classname="org.apache.commons.collections4.MapUtilsTest" time="0"/>
  <testcase name="testDebugPrintNullKeyToMap1[]" classname="org.apache.commons.collections4.MapUtilsTest" time="0"/>
  <testcase name="testDebugPrintNullKeyToMap2[]" classname="org.apache.commons.collections4.MapUtilsTest" time="0"/>
  <testcase name="testDebugPrint[]" classname="org.apache.commons.collections4.MapUtilsTest" time="0"/>
  <testcase name="testgetDoubleValue[]" classname="org.apache.commons.collections4.MapUtilsTest" time="0"/>
  <testcase name="testVerbosePrintNullStream[]" classname="org.apache.commons.collections4.MapUtilsTest" time="0.001"/>
  <testcase name="testVerbosePrintNullLabelAndMap[ar]" classname="org.apache.commons.collections4.MapUtilsTest" time="0"/>
  <testcase name="testgetMap[ar]" classname="org.apache.commons.collections4.MapUtilsTest" time="0"/>
  <testcase name="testToProperties[ar]" classname="org.apache.commons.collections4.MapUtilsTest" time="0"/>
  <testcase name="testgetShortValue[ar]" classname="org.apache.commons.collections4.MapUtilsTest" time="0.001"/>
  <testcase name="testIsEmptyWithNull[ar]" classname="org.apache.commons.collections4.MapUtilsTest" time="0"/>
  <testcase name="testVerbosePrint[ar]" classname="org.apache.commons.collections4.MapUtilsTest" time="0"/>
  <testcase name="testLazyMapFactory[ar]" classname="org.apache.commons.collections4.MapUtilsTest" time="0"/>
  <testcase name="testLazyMapTransformer[ar]" classname="org.apache.commons.collections4.MapUtilsTest" time="0"/>
  <testcase name="testSafeAddToMap[ar]" classname="org.apache.commons.collections4.MapUtilsTest" time="0"/>
  <testcase name="testIsEmptyWithNonEmptyMap[ar]" classname="org.apache.commons.collections4.MapUtilsTest" time="0"/>
  <testcase name="testInvertMap[ar]" classname="org.apache.commons.collections4.MapUtilsTest" time="0"/>
  <testcase name="testDebugAndVerbosePrintCasting[ar]" classname="org.apache.commons.collections4.MapUtilsTest" time="0.001"/>
  <testcase name="testIsNotEmptyWithNonEmptyMap[ar]" classname="org.apache.commons.collections4.MapUtilsTest" time="0"/>
  <testcase name="testgetByteValue[ar]" classname="org.apache.commons.collections4.MapUtilsTest" time="0"/>
  <testcase name="testSize0[ar]" classname="org.apache.commons.collections4.MapUtilsTest" time="0"/>
  <testcase name="testSize[ar]" classname="org.apache.commons.collections4.MapUtilsTest" time="0"/>
  <testcase name="testIsNotEmptyWithEmptyMap[ar]" classname="org.apache.commons.collections4.MapUtilsTest" time="0"/>
  <testcase name="testIsNotEmptyWithNull[ar]" classname="org.apache.commons.collections4.MapUtilsTest" time="0"/>
  <testcase name="testIterableSortedMap[ar]" classname="org.apache.commons.collections4.MapUtilsTest" time="0"/>
  <testcase name="testgetNumber[ar]" classname="org.apache.commons.collections4.MapUtilsTest" time="0"/>
  <testcase name="testgetObject[ar]" classname="org.apache.commons.collections4.MapUtilsTest" time="0"/>
  <testcase name="testgetString[ar]" classname="org.apache.commons.collections4.MapUtilsTest" time="0"/>
  <testcase name="testPutAll_Map_array[ar]" classname="org.apache.commons.collections4.MapUtilsTest" time="0"/>
  <testcase name="testVerbosePrintSelfReference[ar]" classname="org.apache.commons.collections4.MapUtilsTest" time="0"/>
  <testcase name="testDebugPrintNullLabel[ar]" classname="org.apache.commons.collections4.MapUtilsTest" time="0"/>
  <testcase name="testgetFloatValue[ar]" classname="org.apache.commons.collections4.MapUtilsTest" time="0"/>
  <testcase name="testConvertResourceBundle[ar]" classname="org.apache.commons.collections4.MapUtilsTest" time="0.001"/>
  <testcase name="testOrderedMap[ar]" classname="org.apache.commons.collections4.MapUtilsTest" time="0"/>
  <testcase name="testDebugPrintNullLabelAndMap[ar]" classname="org.apache.commons.collections4.MapUtilsTest" time="0"/>
  <testcase name="testEmptyIfNull[ar]" classname="org.apache.commons.collections4.MapUtilsTest" time="0"/>
  <testcase name="testgetIntValue[ar]" classname="org.apache.commons.collections4.MapUtilsTest" time="0"/>
  <testcase name="testDebugPrintSelfReference[ar]" classname="org.apache.commons.collections4.MapUtilsTest" time="0"/>
  <testcase name="testIterableMap[ar]" classname="org.apache.commons.collections4.MapUtilsTest" time="0"/>
  <testcase name="testDebugAndVerbosePrintNullMap[ar]" classname="org.apache.commons.collections4.MapUtilsTest" time="0"/>
  <testcase name="testVerbosePrintNullLabel[ar]" classname="org.apache.commons.collections4.MapUtilsTest" time="0"/>
  <testcase name="testDebugPrintNullKey[ar]" classname="org.apache.commons.collections4.MapUtilsTest" time="0"/>
  <testcase name="testPredicatedMap[ar]" classname="org.apache.commons.collections4.MapUtilsTest" time="0"/>
  <testcase name="testgetLongValue[ar]" classname="org.apache.commons.collections4.MapUtilsTest" time="0"/>
  <testcase name="testVerbosePrintNullKeyToMap1[ar]" classname="org.apache.commons.collections4.MapUtilsTest" time="0"/>
  <testcase name="testVerbosePrintNullKeyToMap2[ar]" classname="org.apache.commons.collections4.MapUtilsTest" time="0"/>
  <testcase name="testPopulateMap[ar]" classname="org.apache.commons.collections4.MapUtilsTest" time="0.001"/>
  <testcase name="testToPropertiesEmpty[ar]" classname="org.apache.commons.collections4.MapUtilsTest" time="0"/>
  <testcase name="testPopulateMultiMap[ar]" classname="org.apache.commons.collections4.MapUtilsTest" time="0"/>
  <testcase name="testDebugPrintNullStream[ar]" classname="org.apache.commons.collections4.MapUtilsTest" time="0"/>
  <testcase name="testgetBooleanValue[ar]" classname="org.apache.commons.collections4.MapUtilsTest" time="0"/>
  <testcase name="testIsEmptyWithEmptyMap[ar]" classname="org.apache.commons.collections4.MapUtilsTest" time="0"/>
  <testcase name="testVerbosePrintNullKey[ar]" classname="org.apache.commons.collections4.MapUtilsTest" time="0"/>
  <testcase name="testSizeNull[ar]" classname="org.apache.commons.collections4.MapUtilsTest" time="0"/>
  <testcase name="testDebugPrintNullKeyToMap1[ar]" classname="org.apache.commons.collections4.MapUtilsTest" time="0"/>
  <testcase name="testDebugPrintNullKeyToMap2[ar]" classname="org.apache.commons.collections4.MapUtilsTest" time="0"/>
  <testcase name="testDebugPrint[ar]" classname="org.apache.commons.collections4.MapUtilsTest" time="0"/>
  <testcase name="testgetDoubleValue[ar]" classname="org.apache.commons.collections4.MapUtilsTest" time="0"/>
  <testcase name="testVerbosePrintNullStream[ar]" classname="org.apache.commons.collections4.MapUtilsTest" time="0"/>
  <testcase name="testVerbosePrintNullLabelAndMap[ar_AE]" classname="org.apache.commons.collections4.MapUtilsTest" time="0"/>
  <testcase name="testgetMap[ar_AE]" classname="org.apache.commons.collections4.MapUtilsTest" time="0"/>
  <testcase name="testToProperties[ar_AE]" classname="org.apache.commons.collections4.MapUtilsTest" time="0"/>
  <testcase name="testgetShortValue[ar_AE]" classname="org.apache.commons.collections4.MapUtilsTest" time="0.002"/>
  <testcase name="testIsEmptyWithNull[ar_AE]" classname="org.apache.commons.collections4.MapUtilsTest" time="0"/>
  <testcase name="testVerbosePrint[ar_AE]" classname="org.apache.commons.collections4.MapUtilsTest" time="0"/>
  <testcase name="testLazyMapFactory[ar_AE]" classname="org.apache.commons.collections4.MapUtilsTest" time="0"/>
  <testcase name="testLazyMapTransformer[ar_AE]" classname="org.apache.commons.collections4.MapUtilsTest" time="0"/>
  <testcase name="testSafeAddToMap[ar_AE]" classname="org.apache.commons.collections4.MapUtilsTest" time="0"/>
  <testcase name="testIsEmptyWithNonEmptyMap[ar_AE]" classname="org.apache.commons.collections4.MapUtilsTest" time="0"/>
  <testcase name="testInvertMap[ar_AE]" classname="org.apache.commons.collections4.MapUtilsTest" time="0"/>
  <testcase name="testDebugAndVerbosePrintCasting[ar_AE]" classname="org.apache.commons.collections4.MapUtilsTest" time="0"/>
  <testcase name="testIsNotEmptyWithNonEmptyMap[ar_AE]" classname="org.apache.commons.collections4.MapUtilsTest" time="0"/>
  <testcase name="testgetByteValue[ar_AE]" classname="org.apache.commons.collections4.MapUtilsTest" time="0"/>
  <testcase name="testSize0[ar_AE]" classname="org.apache.commons.collections4.MapUtilsTest" time="0"/>
  <testcase name="testSize[ar_AE]" classname="org.apache.commons.collections4.MapUtilsTest" time="0"/>
  <testcase name="testIsNotEmptyWithEmptyMap[ar_AE]" classname="org.apache.commons.collections4.MapUtilsTest" time="0"/>
  <testcase name="testIsNotEmptyWithNull[ar_AE]" classname="org.apache.commons.collections4.MapUtilsTest" time="0"/>
  <testcase name="testIterableSortedMap[ar_AE]" classname="org.apache.commons.collections4.MapUtilsTest" time="0"/>
  <testcase name="testgetNumber[ar_AE]" classname="org.apache.commons.collections4.MapUtilsTest" time="0"/>
  <testcase name="testgetObject[ar_AE]" classname="org.apache.commons.collections4.MapUtilsTest" time="0"/>
  <testcase name="testgetString[ar_AE]" classname="org.apache.commons.collections4.MapUtilsTest" time="0"/>
  <testcase name="testPutAll_Map_array[ar_AE]" classname="org.apache.commons.collections4.MapUtilsTest" time="0"/>
  <testcase name="testVerbosePrintSelfReference[ar_AE]" classname="org.apache.commons.collections4.MapUtilsTest" time="0"/>
  <testcase name="testDebugPrintNullLabel[ar_AE]" classname="org.apache.commons.collections4.MapUtilsTest" time="0"/>
  <testcase name="testgetFloatValue[ar_AE]" classname="org.apache.commons.collections4.MapUtilsTest" time="0"/>
  <testcase name="testConvertResourceBundle[ar_AE]" classname="org.apache.commons.collections4.MapUtilsTest" time="0"/>
  <testcase name="testOrderedMap[ar_AE]" classname="org.apache.commons.collections4.MapUtilsTest" time="0"/>
  <testcase name="testDebugPrintNullLabelAndMap[ar_AE]" classname="org.apache.commons.collections4.MapUtilsTest" time="0"/>
  <testcase name="testEmptyIfNull[ar_AE]" classname="org.apache.commons.collections4.MapUtilsTest" time="0"/>
  <testcase name="testgetIntValue[ar_AE]" classname="org.apache.commons.collections4.MapUtilsTest" time="0"/>
  <testcase name="testDebugPrintSelfReference[ar_AE]" classname="org.apache.commons.collections4.MapUtilsTest" time="0"/>
  <testcase name="testIterableMap[ar_AE]" classname="org.apache.commons.collections4.MapUtilsTest" time="0"/>
  <testcase name="testDebugAndVerbosePrintNullMap[ar_AE]" classname="org.apache.commons.collections4.MapUtilsTest" time="0"/>
  <testcase name="testVerbosePrintNullLabel[ar_AE]" classname="org.apache.commons.collections4.MapUtilsTest" time="0"/>
  <testcase name="testDebugPrintNullKey[ar_AE]" classname="org.apache.commons.collections4.MapUtilsTest" time="0"/>
  <testcase name="testPredicatedMap[ar_AE]" classname="org.apache.commons.collections4.MapUtilsTest" time="0"/>
  <testcase name="testgetLongValue[ar_AE]" classname="org.apache.commons.collections4.MapUtilsTest" time="0"/>
  <testcase name="testVerbosePrintNullKeyToMap1[ar_AE]" classname="org.apache.commons.collections4.MapUtilsTest" time="0"/>
  <testcase name="testVerbosePrintNullKeyToMap2[ar_AE]" classname="org.apache.commons.collections4.MapUtilsTest" time="0"/>
  <testcase name="testPopulateMap[ar_AE]" classname="org.apache.commons.collections4.MapUtilsTest" time="0"/>
  <testcase name="testToPropertiesEmpty[ar_AE]" classname="org.apache.commons.collections4.MapUtilsTest" time="0"/>
  <testcase name="testPopulateMultiMap[ar_AE]" classname="org.apache.commons.collections4.MapUtilsTest" time="0"/>
  <testcase name="testDebugPrintNullStream[ar_AE]" classname="org.apache.commons.collections4.MapUtilsTest" time="0"/>
  <testcase name="testgetBooleanValue[ar_AE]" classname="org.apache.commons.collections4.MapUtilsTest" time="0"/>
  <testcase name="testIsEmptyWithEmptyMap[ar_AE]" classname="org.apache.commons.collections4.MapUtilsTest" time="0"/>
  <testcase name="testVerbosePrintNullKey[ar_AE]" classname="org.apache.commons.collections4.MapUtilsTest" time="0"/>
  <testcase name="testSizeNull[ar_AE]" classname="org.apache.commons.collections4.MapUtilsTest" time="0"/>
  <testcase name="testDebugPrintNullKeyToMap1[ar_AE]" classname="org.apache.commons.collections4.MapUtilsTest" time="0"/>
  <testcase name="testDebugPrintNullKeyToMap2[ar_AE]" classname="org.apache.commons.collections4.MapUtilsTest" time="0"/>
  <testcase name="testDebugPrint[ar_AE]" classname="org.apache.commons.collections4.MapUtilsTest" time="0"/>
  <testcase name="testgetDoubleValue[ar_AE]" classname="org.apache.commons.collections4.MapUtilsTest" time="0"/>
  <testcase name="testVerbosePrintNullStream[ar_AE]" classname="org.apache.commons.collections4.MapUtilsTest" time="0"/>
  <testcase name="testVerbosePrintNullLabelAndMap[ar_BH]" classname="org.apache.commons.collections4.MapUtilsTest" time="0"/>
  <testcase name="testgetMap[ar_BH]" classname="org.apache.commons.collections4.MapUtilsTest" time="0"/>
  <testcase name="testToProperties[ar_BH]" classname="org.apache.commons.collections4.MapUtilsTest" time="0"/>
  <testcase name="testgetShortValue[ar_BH]" classname="org.apache.commons.collections4.MapUtilsTest" time="0.001"/>
  <testcase name="testIsEmptyWithNull[ar_BH]" classname="org.apache.commons.collections4.MapUtilsTest" time="0"/>
  <testcase name="testVerbosePrint[ar_BH]" classname="org.apache.commons.collections4.MapUtilsTest" time="0"/>
  <testcase name="testLazyMapFactory[ar_BH]" classname="org.apache.commons.collections4.MapUtilsTest" time="0"/>
  <testcase name="testLazyMapTransformer[ar_BH]" classname="org.apache.commons.collections4.MapUtilsTest" time="0"/>
  <testcase name="testSafeAddToMap[ar_BH]" classname="org.apache.commons.collections4.MapUtilsTest" time="0"/>
  <testcase name="testIsEmptyWithNonEmptyMap[ar_BH]" classname="org.apache.commons.collections4.MapUtilsTest" time="0"/>
  <testcase name="testInvertMap[ar_BH]" classname="org.apache.commons.collections4.MapUtilsTest" time="0"/>
  <testcase name="testDebugAndVerbosePrintCasting[ar_BH]" classname="org.apache.commons.collections4.MapUtilsTest" time="0"/>
  <testcase name="testIsNotEmptyWithNonEmptyMap[ar_BH]" classname="org.apache.commons.collections4.MapUtilsTest" time="0"/>
  <testcase name="testgetByteValue[ar_BH]" classname="org.apache.commons.collections4.MapUtilsTest" time="0"/>
  <testcase name="testSize0[ar_BH]" classname="org.apache.commons.collections4.MapUtilsTest" time="0"/>
  <testcase name="testSize[ar_BH]" classname="org.apache.commons.collections4.MapUtilsTest" time="0"/>
  <testcase name="testIsNotEmptyWithEmptyMap[ar_BH]" classname="org.apache.commons.collections4.MapUtilsTest" time="0"/>
  <testcase name="testIsNotEmptyWithNull[ar_BH]" classname="org.apache.commons.collections4.MapUtilsTest" time="0"/>
  <testcase name="testIterableSortedMap[ar_BH]" classname="org.apache.commons.collections4.MapUtilsTest" time="0"/>
  <testcase name="testgetNumber[ar_BH]" classname="org.apache.commons.collections4.MapUtilsTest" time="0"/>
  <testcase name="testgetObject[ar_BH]" classname="org.apache.commons.collections4.MapUtilsTest" time="0"/>
  <testcase name="testgetString[ar_BH]" classname="org.apache.commons.collections4.MapUtilsTest" time="0"/>
  <testcase name="testPutAll_Map_array[ar_BH]" classname="org.apache.commons.collections4.MapUtilsTest" time="0"/>
  <testcase name="testVerbosePrintSelfReference[ar_BH]" classname="org.apache.commons.collections4.MapUtilsTest" time="0"/>
  <testcase name="testDebugPrintNullLabel[ar_BH]" classname="org.apache.commons.collections4.MapUtilsTest" time="0"/>
  <testcase name="testgetFloatValue[ar_BH]" classname="org.apache.commons.collections4.MapUtilsTest" time="0"/>
  <testcase name="testConvertResourceBundle[ar_BH]" classname="org.apache.commons.collections4.MapUtilsTest" time="0"/>
  <testcase name="testOrderedMap[ar_BH]" classname="org.apache.commons.collections4.MapUtilsTest" time="0"/>
  <testcase name="testDebugPrintNullLabelAndMap[ar_BH]" classname="org.apache.commons.collections4.MapUtilsTest" time="0"/>
  <testcase name="testEmptyIfNull[ar_BH]" classname="org.apache.commons.collections4.MapUtilsTest" time="0"/>
  <testcase name="testgetIntValue[ar_BH]" classname="org.apache.commons.collections4.MapUtilsTest" time="0"/>
  <testcase name="testDebugPrintSelfReference[ar_BH]" classname="org.apache.commons.collections4.MapUtilsTest" time="0"/>
  <testcase name="testIterableMap[ar_BH]" classname="org.apache.commons.collections4.MapUtilsTest" time="0"/>
  <testcase name="testDebugAndVerbosePrintNullMap[ar_BH]" classname="org.apache.commons.collections4.MapUtilsTest" time="0"/>
  <testcase name="testVerbosePrintNullLabel[ar_BH]" classname="org.apache.commons.collections4.MapUtilsTest" time="0"/>
  <testcase name="testDebugPrintNullKey[ar_BH]" classname="org.apache.commons.collections4.MapUtilsTest" time="0.001"/>
  <testcase name="testPredicatedMap[ar_BH]" classname="org.apache.commons.collections4.MapUtilsTest" time="0"/>
  <testcase name="testgetLongValue[ar_BH]" classname="org.apache.commons.collections4.MapUtilsTest" time="0"/>
  <testcase name="testVerbosePrintNullKeyToMap1[ar_BH]" classname="org.apache.commons.collections4.MapUtilsTest" time="0"/>
  <testcase name="testVerbosePrintNullKeyToMap2[ar_BH]" classname="org.apache.commons.collections4.MapUtilsTest" time="0"/>
  <testcase name="testPopulateMap[ar_BH]" classname="org.apache.commons.collections4.MapUtilsTest" time="0"/>
  <testcase name="testToPropertiesEmpty[ar_BH]" classname="org.apache.commons.collections4.MapUtilsTest" time="0"/>
  <testcase name="testPopulateMultiMap[ar_BH]" classname="org.apache.commons.collections4.MapUtilsTest" time="0"/>
  <testcase name="testDebugPrintNullStream[ar_BH]" classname="org.apache.commons.collections4.MapUtilsTest" time="0"/>
  <testcase name="testgetBooleanValue[ar_BH]" classname="org.apache.commons.collections4.MapUtilsTest" time="0"/>
  <testcase name="testIsEmptyWithEmptyMap[ar_BH]" classname="org.apache.commons.collections4.MapUtilsTest" time="0"/>
  <testcase name="testVerbosePrintNullKey[ar_BH]" classname="org.apache.commons.collections4.MapUtilsTest" time="0"/>
  <testcase name="testSizeNull[ar_BH]" classname="org.apache.commons.collections4.MapUtilsTest" time="0"/>
  <testcase name="testDebugPrintNullKeyToMap1[ar_BH]" classname="org.apache.commons.collections4.MapUtilsTest" time="0"/>
  <testcase name="testDebugPrintNullKeyToMap2[ar_BH]" classname="org.apache.commons.collections4.MapUtilsTest" time="0"/>
  <testcase name="testDebugPrint[ar_BH]" classname="org.apache.commons.collections4.MapUtilsTest" time="0"/>
  <testcase name="testgetDoubleValue[ar_BH]" classname="org.apache.commons.collections4.MapUtilsTest" time="0"/>
  <testcase name="testVerbosePrintNullStream[ar_BH]" classname="org.apache.commons.collections4.MapUtilsTest" time="0.001"/>
  <testcase name="testVerbosePrintNullLabelAndMap[ar_DZ]" classname="org.apache.commons.collections4.MapUtilsTest" time="0"/>
  <testcase name="testgetMap[ar_DZ]" classname="org.apache.commons.collections4.MapUtilsTest" time="0"/>
  <testcase name="testToProperties[ar_DZ]" classname="org.apache.commons.collections4.MapUtilsTest" time="0"/>
  <testcase name="testgetShortValue[ar_DZ]" classname="org.apache.commons.collections4.MapUtilsTest" time="0"/>
  <testcase name="testIsEmptyWithNull[ar_DZ]" classname="org.apache.commons.collections4.MapUtilsTest" time="0"/>
  <testcase name="testVerbosePrint[ar_DZ]" classname="org.apache.commons.collections4.MapUtilsTest" time="0"/>
  <testcase name="testLazyMapFactory[ar_DZ]" classname="org.apache.commons.collections4.MapUtilsTest" time="0"/>
  <testcase name="testLazyMapTransformer[ar_DZ]" classname="org.apache.commons.collections4.MapUtilsTest" time="0"/>
  <testcase name="testSafeAddToMap[ar_DZ]" classname="org.apache.commons.collections4.MapUtilsTest" time="0"/>
  <testcase name="testIsEmptyWithNonEmptyMap[ar_DZ]" classname="org.apache.commons.collections4.MapUtilsTest" time="0"/>
  <testcase name="testInvertMap[ar_DZ]" classname="org.apache.commons.collections4.MapUtilsTest" time="0"/>
  <testcase name="testDebugAndVerbosePrintCasting[ar_DZ]" classname="org.apache.commons.collections4.MapUtilsTest" time="0.001"/>
  <testcase name="testIsNotEmptyWithNonEmptyMap[ar_DZ]" classname="org.apache.commons.collections4.MapUtilsTest" time="0"/>
  <testcase name="testgetByteValue[ar_DZ]" classname="org.apache.commons.collections4.MapUtilsTest" time="0"/>
  <testcase name="testSize0[ar_DZ]" classname="org.apache.commons.collections4.MapUtilsTest" time="0"/>
  <testcase name="testSize[ar_DZ]" classname="org.apache.commons.collections4.MapUtilsTest" time="0"/>
  <testcase name="testIsNotEmptyWithEmptyMap[ar_DZ]" classname="org.apache.commons.collections4.MapUtilsTest" time="0"/>
  <testcase name="testIsNotEmptyWithNull[ar_DZ]" classname="org.apache.commons.collections4.MapUtilsTest" time="0"/>
  <testcase name="testIterableSortedMap[ar_DZ]" classname="org.apache.commons.collections4.MapUtilsTest" time="0"/>
  <testcase name="testgetNumber[ar_DZ]" classname="org.apache.commons.collections4.MapUtilsTest" time="0"/>
  <testcase name="testgetObject[ar_DZ]" classname="org.apache.commons.collections4.MapUtilsTest" time="0"/>
  <testcase name="testgetString[ar_DZ]" classname="org.apache.commons.collections4.MapUtilsTest" time="0"/>
  <testcase name="testPutAll_Map_array[ar_DZ]" classname="org.apache.commons.collections4.MapUtilsTest" time="0"/>
  <testcase name="testVerbosePrintSelfReference[ar_DZ]" classname="org.apache.commons.collections4.MapUtilsTest" time="0"/>
  <testcase name="testDebugPrintNullLabel[ar_DZ]" classname="org.apache.commons.collections4.MapUtilsTest" time="0"/>
  <testcase name="testgetFloatValue[ar_DZ]" classname="org.apache.commons.collections4.MapUtilsTest" time="0"/>
  <testcase name="testConvertResourceBundle[ar_DZ]" classname="org.apache.commons.collections4.MapUtilsTest" time="0"/>
  <testcase name="testOrderedMap[ar_DZ]" classname="org.apache.commons.collections4.MapUtilsTest" time="0"/>
  <testcase name="testDebugPrintNullLabelAndMap[ar_DZ]" classname="org.apache.commons.collections4.MapUtilsTest" time="0"/>
  <testcase name="testEmptyIfNull[ar_DZ]" classname="org.apache.commons.collections4.MapUtilsTest" time="0"/>
  <testcase name="testgetIntValue[ar_DZ]" classname="org.apache.commons.collections4.MapUtilsTest" time="0"/>
  <testcase name="testDebugPrintSelfReference[ar_DZ]" classname="org.apache.commons.collections4.MapUtilsTest" time="0"/>
  <testcase name="testIterableMap[ar_DZ]" classname="org.apache.commons.collections4.MapUtilsTest" time="0"/>
  <testcase name="testDebugAndVerbosePrintNullMap[ar_DZ]" classname="org.apache.commons.collections4.MapUtilsTest" time="0"/>
  <testcase name="testVerbosePrintNullLabel[ar_DZ]" classname="org.apache.commons.collections4.MapUtilsTest" time="0"/>
  <testcase name="testDebugPrintNullKey[ar_DZ]" classname="org.apache.commons.collections4.MapUtilsTest" time="0"/>
  <testcase name="testPredicatedMap[ar_DZ]" classname="org.apache.commons.collections4.MapUtilsTest" time="0.001"/>
  <testcase name="testgetLongValue[ar_DZ]" classname="org.apache.commons.collections4.MapUtilsTest" time="0"/>
  <testcase name="testVerbosePrintNullKeyToMap1[ar_DZ]" classname="org.apache.commons.collections4.MapUtilsTest" time="0"/>
  <testcase name="testVerbosePrintNullKeyToMap2[ar_DZ]" classname="org.apache.commons.collections4.MapUtilsTest" time="0"/>
  <testcase name="testPopulateMap[ar_DZ]" classname="org.apache.commons.collections4.MapUtilsTest" time="0"/>
  <testcase name="testToPropertiesEmpty[ar_DZ]" classname="org.apache.commons.collections4.MapUtilsTest" time="0"/>
  <testcase name="testPopulateMultiMap[ar_DZ]" classname="org.apache.commons.collections4.MapUtilsTest" time="0"/>
  <testcase name="testDebugPrintNullStream[ar_DZ]" classname="org.apache.commons.collections4.MapUtilsTest" time="0"/>
  <testcase name="testgetBooleanValue[ar_DZ]" classname="org.apache.commons.collections4.MapUtilsTest" time="0"/>
  <testcase name="testIsEmptyWithEmptyMap[ar_DZ]" classname="org.apache.commons.collections4.MapUtilsTest" time="0"/>
  <testcase name="testVerbosePrintNullKey[ar_DZ]" classname="org.apache.commons.collections4.MapUtilsTest" time="0"/>
  <testcase name="testSizeNull[ar_DZ]" classname="org.apache.commons.collections4.MapUtilsTest" time="0"/>
  <testcase name="testDebugPrintNullKeyToMap1[ar_DZ]" classname="org.apache.commons.collections4.MapUtilsTest" time="0"/>
  <testcase name="testDebugPrintNullKeyToMap2[ar_DZ]" classname="org.apache.commons.collections4.MapUtilsTest" time="0"/>
  <testcase name="testDebugPrint[ar_DZ]" classname="org.apache.commons.collections4.MapUtilsTest" time="0"/>
  <testcase name="testgetDoubleValue[ar_DZ]" classname="org.apache.commons.collections4.MapUtilsTest" time="0"/>
  <testcase name="testVerbosePrintNullStream[ar_DZ]" classname="org.apache.commons.collections4.MapUtilsTest" time="0"/>
  <testcase name="testVerbosePrintNullLabelAndMap[ar_EG]" classname="org.apache.commons.collections4.MapUtilsTest" time="0"/>
  <testcase name="testgetMap[ar_EG]" classname="org.apache.commons.collections4.MapUtilsTest" time="0"/>
  <testcase name="testToProperties[ar_EG]" classname="org.apache.commons.collections4.MapUtilsTest" time="0"/>
  <testcase name="testgetShortValue[ar_EG]" classname="org.apache.commons.collections4.MapUtilsTest" time="0"/>
  <testcase name="testIsEmptyWithNull[ar_EG]" classname="org.apache.commons.collections4.MapUtilsTest" time="0"/>
  <testcase name="testVerbosePrint[ar_EG]" classname="org.apache.commons.collections4.MapUtilsTest" time="0"/>
  <testcase name="testLazyMapFactory[ar_EG]" classname="org.apache.commons.collections4.MapUtilsTest" time="0"/>
  <testcase name="testLazyMapTransformer[ar_EG]" classname="org.apache.commons.collections4.MapUtilsTest" time="0"/>
  <testcase name="testSafeAddToMap[ar_EG]" classname="org.apache.commons.collections4.MapUtilsTest" time="0"/>
  <testcase name="testIsEmptyWithNonEmptyMap[ar_EG]" classname="org.apache.commons.collections4.MapUtilsTest" time="0"/>
  <testcase name="testInvertMap[ar_EG]" classname="org.apache.commons.collections4.MapUtilsTest" time="0"/>
  <testcase name="testDebugAndVerbosePrintCasting[ar_EG]" classname="org.apache.commons.collections4.MapUtilsTest" time="0"/>
  <testcase name="testIsNotEmptyWithNonEmptyMap[ar_EG]" classname="org.apache.commons.collections4.MapUtilsTest" time="0"/>
  <testcase name="testgetByteValue[ar_EG]" classname="org.apache.commons.collections4.MapUtilsTest" time="0"/>
  <testcase name="testSize0[ar_EG]" classname="org.apache.commons.collections4.MapUtilsTest" time="0"/>
  <testcase name="testSize[ar_EG]" classname="org.apache.commons.collections4.MapUtilsTest" time="0"/>
  <testcase name="testIsNotEmptyWithEmptyMap[ar_EG]" classname="org.apache.commons.collections4.MapUtilsTest" time="0"/>
  <testcase name="testIsNotEmptyWithNull[ar_EG]" classname="org.apache.commons.collections4.MapUtilsTest" time="0"/>
  <testcase name="testIterableSortedMap[ar_EG]" classname="org.apache.commons.collections4.MapUtilsTest" time="0"/>
  <testcase name="testgetNumber[ar_EG]" classname="org.apache.commons.collections4.MapUtilsTest" time="0"/>
  <testcase name="testgetObject[ar_EG]" classname="org.apache.commons.collections4.MapUtilsTest" time="0"/>
  <testcase name="testgetString[ar_EG]" classname="org.apache.commons.collections4.MapUtilsTest" time="0"/>
  <testcase name="testPutAll_Map_array[ar_EG]" classname="org.apache.commons.collections4.MapUtilsTest" time="0"/>
  <testcase name="testVerbosePrintSelfReference[ar_EG]" classname="org.apache.commons.collections4.MapUtilsTest" time="0"/>
  <testcase name="testDebugPrintNullLabel[ar_EG]" classname="org.apache.commons.collections4.MapUtilsTest" time="0"/>
  <testcase name="testgetFloatValue[ar_EG]" classname="org.apache.commons.collections4.MapUtilsTest" time="0"/>
  <testcase name="testConvertResourceBundle[ar_EG]" classname="org.apache.commons.collections4.MapUtilsTest" time="0.001"/>
  <testcase name="testOrderedMap[ar_EG]" classname="org.apache.commons.collections4.MapUtilsTest" time="0"/>
  <testcase name="testDebugPrintNullLabelAndMap[ar_EG]" classname="org.apache.commons.collections4.MapUtilsTest" time="0"/>
  <testcase name="testEmptyIfNull[ar_EG]" classname="org.apache.commons.collections4.MapUtilsTest" time="0"/>
  <testcase name="testgetIntValue[ar_EG]" classname="org.apache.commons.collections4.MapUtilsTest" time="0"/>
  <testcase name="testDebugPrintSelfReference[ar_EG]" classname="org.apache.commons.collections4.MapUtilsTest" time="0"/>
  <testcase name="testIterableMap[ar_EG]" classname="org.apache.commons.collections4.MapUtilsTest" time="0"/>
  <testcase name="testDebugAndVerbosePrintNullMap[ar_EG]" classname="org.apache.commons.collections4.MapUtilsTest" time="0"/>
  <testcase name="testVerbosePrintNullLabel[ar_EG]" classname="org.apache.commons.collections4.MapUtilsTest" time="0"/>
  <testcase name="testDebugPrintNullKey[ar_EG]" classname="org.apache.commons.collections4.MapUtilsTest" time="0"/>
  <testcase name="testPredicatedMap[ar_EG]" classname="org.apache.commons.collections4.MapUtilsTest" time="0"/>
  <testcase name="testgetLongValue[ar_EG]" classname="org.apache.commons.collections4.MapUtilsTest" time="0"/>
  <testcase name="testVerbosePrintNullKeyToMap1[ar_EG]" classname="org.apache.commons.collections4.MapUtilsTest" time="0"/>
  <testcase name="testVerbosePrintNullKeyToMap2[ar_EG]" classname="org.apache.commons.collections4.MapUtilsTest" time="0.001"/>
  <testcase name="testPopulateMap[ar_EG]" classname="org.apache.commons.collections4.MapUtilsTest" time="0"/>
  <testcase name="testToPropertiesEmpty[ar_EG]" classname="org.apache.commons.collections4.MapUtilsTest" time="0"/>
  <testcase name="testPopulateMultiMap[ar_EG]" classname="org.apache.commons.collections4.MapUtilsTest" time="0"/>
  <testcase name="testDebugPrintNullStream[ar_EG]" classname="org.apache.commons.collections4.MapUtilsTest" time="0"/>
  <testcase name="testgetBooleanValue[ar_EG]" classname="org.apache.commons.collections4.MapUtilsTest" time="0"/>
  <testcase name="testIsEmptyWithEmptyMap[ar_EG]" classname="org.apache.commons.collections4.MapUtilsTest" time="0"/>
  <testcase name="testVerbosePrintNullKey[ar_EG]" classname="org.apache.commons.collections4.MapUtilsTest" time="0"/>
  <testcase name="testSizeNull[ar_EG]" classname="org.apache.commons.collections4.MapUtilsTest" time="0"/>
  <testcase name="testDebugPrintNullKeyToMap1[ar_EG]" classname="org.apache.commons.collections4.MapUtilsTest" time="0"/>
  <testcase name="testDebugPrintNullKeyToMap2[ar_EG]" classname="org.apache.commons.collections4.MapUtilsTest" time="0"/>
  <testcase name="testDebugPrint[ar_EG]" classname="org.apache.commons.collections4.MapUtilsTest" time="0"/>
  <testcase name="testgetDoubleValue[ar_EG]" classname="org.apache.commons.collections4.MapUtilsTest" time="0"/>
  <testcase name="testVerbosePrintNullStream[ar_EG]" classname="org.apache.commons.collections4.MapUtilsTest" time="0"/>
  <testcase name="testVerbosePrintNullLabelAndMap[ar_IQ]" classname="org.apache.commons.collections4.MapUtilsTest" time="0"/>
  <testcase name="testgetMap[ar_IQ]" classname="org.apache.commons.collections4.MapUtilsTest" time="0"/>
  <testcase name="testToProperties[ar_IQ]" classname="org.apache.commons.collections4.MapUtilsTest" time="0"/>
  <testcase name="testgetShortValue[ar_IQ]" classname="org.apache.commons.collections4.MapUtilsTest" time="0.001"/>
  <testcase name="testIsEmptyWithNull[ar_IQ]" classname="org.apache.commons.collections4.MapUtilsTest" time="0"/>
  <testcase name="testVerbosePrint[ar_IQ]" classname="org.apache.commons.collections4.MapUtilsTest" time="0"/>
  <testcase name="testLazyMapFactory[ar_IQ]" classname="org.apache.commons.collections4.MapUtilsTest" time="0"/>
  <testcase name="testLazyMapTransformer[ar_IQ]" classname="org.apache.commons.collections4.MapUtilsTest" time="0"/>
  <testcase name="testSafeAddToMap[ar_IQ]" classname="org.apache.commons.collections4.MapUtilsTest" time="0"/>
  <testcase name="testIsEmptyWithNonEmptyMap[ar_IQ]" classname="org.apache.commons.collections4.MapUtilsTest" time="0"/>
  <testcase name="testInvertMap[ar_IQ]" classname="org.apache.commons.collections4.MapUtilsTest" time="0"/>
  <testcase name="testDebugAndVerbosePrintCasting[ar_IQ]" classname="org.apache.commons.collections4.MapUtilsTest" time="0"/>
  <testcase name="testIsNotEmptyWithNonEmptyMap[ar_IQ]" classname="org.apache.commons.collections4.MapUtilsTest" time="0"/>
  <testcase name="testgetByteValue[ar_IQ]" classname="org.apache.commons.collections4.MapUtilsTest" time="0.001"/>
  <testcase name="testSize0[ar_IQ]" classname="org.apache.commons.collections4.MapUtilsTest" time="0"/>
  <testcase name="testSize[ar_IQ]" classname="org.apache.commons.collections4.MapUtilsTest" time="0"/>
  <testcase name="testIsNotEmptyWithEmptyMap[ar_IQ]" classname="org.apache.commons.collections4.MapUtilsTest" time="0"/>
  <testcase name="testIsNotEmptyWithNull[ar_IQ]" classname="org.apache.commons.collections4.MapUtilsTest" time="0"/>
  <testcase name="testIterableSortedMap[ar_IQ]" classname="org.apache.commons.collections4.MapUtilsTest" time="0"/>
  <testcase name="testgetNumber[ar_IQ]" classname="org.apache.commons.collections4.MapUtilsTest" time="0"/>
  <testcase name="testgetObject[ar_IQ]" classname="org.apache.commons.collections4.MapUtilsTest" time="0"/>
  <testcase name="testgetString[ar_IQ]" classname="org.apache.commons.collections4.MapUtilsTest" time="0"/>
  <testcase name="testPutAll_Map_array[ar_IQ]" classname="org.apache.commons.collections4.MapUtilsTest" time="0"/>
  <testcase name="testVerbosePrintSelfReference[ar_IQ]" classname="org.apache.commons.collections4.MapUtilsTest" time="0"/>
  <testcase name="testDebugPrintNullLabel[ar_IQ]" classname="org.apache.commons.collections4.MapUtilsTest" time="0"/>
  <testcase name="testgetFloatValue[ar_IQ]" classname="org.apache.commons.collections4.MapUtilsTest" time="0"/>
  <testcase name="testConvertResourceBundle[ar_IQ]" classname="org.apache.commons.collections4.MapUtilsTest" time="0"/>
  <testcase name="testOrderedMap[ar_IQ]" classname="org.apache.commons.collections4.MapUtilsTest" time="0"/>
  <testcase name="testDebugPrintNullLabelAndMap[ar_IQ]" classname="org.apache.commons.collections4.MapUtilsTest" time="0"/>
  <testcase name="testEmptyIfNull[ar_IQ]" classname="org.apache.commons.collections4.MapUtilsTest" time="0"/>
  <testcase name="testgetIntValue[ar_IQ]" classname="org.apache.commons.collections4.MapUtilsTest" time="0"/>
  <testcase name="testDebugPrintSelfReference[ar_IQ]" classname="org.apache.commons.collections4.MapUtilsTest" time="0"/>
  <testcase name="testIterableMap[ar_IQ]" classname="org.apache.commons.collections4.MapUtilsTest" time="0"/>
  <testcase name="testDebugAndVerbosePrintNullMap[ar_IQ]" classname="org.apache.commons.collections4.MapUtilsTest" time="0"/>
  <testcase name="testVerbosePrintNullLabel[ar_IQ]" classname="org.apache.commons.collections4.MapUtilsTest" time="0"/>
  <testcase name="testDebugPrintNullKey[ar_IQ]" classname="org.apache.commons.collections4.MapUtilsTest" time="0"/>
  <testcase name="testPredicatedMap[ar_IQ]" classname="org.apache.commons.collections4.MapUtilsTest" time="0"/>
  <testcase name="testgetLongValue[ar_IQ]" classname="org.apache.commons.collections4.MapUtilsTest" time="0.001"/>
  <testcase name="testVerbosePrintNullKeyToMap1[ar_IQ]" classname="org.apache.commons.collections4.MapUtilsTest" time="0"/>
  <testcase name="testVerbosePrintNullKeyToMap2[ar_IQ]" classname="org.apache.commons.collections4.MapUtilsTest" time="0"/>
  <testcase name="testPopulateMap[ar_IQ]" classname="org.apache.commons.collections4.MapUtilsTest" time="0"/>
  <testcase name="testToPropertiesEmpty[ar_IQ]" classname="org.apache.commons.collections4.MapUtilsTest" time="0"/>
  <testcase name="testPopulateMultiMap[ar_IQ]" classname="org.apache.commons.collections4.MapUtilsTest" time="0"/>
  <testcase name="testDebugPrintNullStream[ar_IQ]" classname="org.apache.commons.collections4.MapUtilsTest" time="0"/>
  <testcase name="testgetBooleanValue[ar_IQ]" classname="org.apache.commons.collections4.MapUtilsTest" time="0"/>
  <testcase name="testIsEmptyWithEmptyMap[ar_IQ]" classname="org.apache.commons.collections4.MapUtilsTest" time="0"/>
  <testcase name="testVerbosePrintNullKey[ar_IQ]" classname="org.apache.commons.collections4.MapUtilsTest" time="0"/>
  <testcase name="testSizeNull[ar_IQ]" classname="org.apache.commons.collections4.MapUtilsTest" time="0"/>
  <testcase name="testDebugPrintNullKeyToMap1[ar_IQ]" classname="org.apache.commons.collections4.MapUtilsTest" time="0"/>
  <testcase name="testDebugPrintNullKeyToMap2[ar_IQ]" classname="org.apache.commons.collections4.MapUtilsTest" time="0"/>
  <testcase name="testDebugPrint[ar_IQ]" classname="org.apache.commons.collections4.MapUtilsTest" time="0"/>
  <testcase name="testgetDoubleValue[ar_IQ]" classname="org.apache.commons.collections4.MapUtilsTest" time="0"/>
  <testcase name="testVerbosePrintNullStream[ar_IQ]" classname="org.apache.commons.collections4.MapUtilsTest" time="0"/>
  <testcase name="testVerbosePrintNullLabelAndMap[ar_JO]" classname="org.apache.commons.collections4.MapUtilsTest" time="0"/>
  <testcase name="testgetMap[ar_JO]" classname="org.apache.commons.collections4.MapUtilsTest" time="0"/>
  <testcase name="testToProperties[ar_JO]" classname="org.apache.commons.collections4.MapUtilsTest" time="0"/>
  <testcase name="testgetShortValue[ar_JO]" classname="org.apache.commons.collections4.MapUtilsTest" time="0.001"/>
  <testcase name="testIsEmptyWithNull[ar_JO]" classname="org.apache.commons.collections4.MapUtilsTest" time="0"/>
  <testcase name="testVerbosePrint[ar_JO]" classname="org.apache.commons.collections4.MapUtilsTest" time="0"/>
  <testcase name="testLazyMapFactory[ar_JO]" classname="org.apache.commons.collections4.MapUtilsTest" time="0"/>
  <testcase name="testLazyMapTransformer[ar_JO]" classname="org.apache.commons.collections4.MapUtilsTest" time="0"/>
  <testcase name="testSafeAddToMap[ar_JO]" classname="org.apache.commons.collections4.MapUtilsTest" time="0"/>
  <testcase name="testIsEmptyWithNonEmptyMap[ar_JO]" classname="org.apache.commons.collections4.MapUtilsTest" time="0"/>
  <testcase name="testInvertMap[ar_JO]" classname="org.apache.commons.collections4.MapUtilsTest" time="0"/>
  <testcase name="testDebugAndVerbosePrintCasting[ar_JO]" classname="org.apache.commons.collections4.MapUtilsTest" time="0"/>
  <testcase name="testIsNotEmptyWithNonEmptyMap[ar_JO]" classname="org.apache.commons.collections4.MapUtilsTest" time="0"/>
  <testcase name="testgetByteValue[ar_JO]" classname="org.apache.commons.collections4.MapUtilsTest" time="0"/>
  <testcase name="testSize0[ar_JO]" classname="org.apache.commons.collections4.MapUtilsTest" time="0"/>
  <testcase name="testSize[ar_JO]" classname="org.apache.commons.collections4.MapUtilsTest" time="0.001"/>
  <testcase name="testIsNotEmptyWithEmptyMap[ar_JO]" classname="org.apache.commons.collections4.MapUtilsTest" time="0"/>
  <testcase name="testIsNotEmptyWithNull[ar_JO]" classname="org.apache.commons.collections4.MapUtilsTest" time="0"/>
  <testcase name="testIterableSortedMap[ar_JO]" classname="org.apache.commons.collections4.MapUtilsTest" time="0"/>
  <testcase name="testgetNumber[ar_JO]" classname="org.apache.commons.collections4.MapUtilsTest" time="0"/>
  <testcase name="testgetObject[ar_JO]" classname="org.apache.commons.collections4.MapUtilsTest" time="0"/>
  <testcase name="testgetString[ar_JO]" classname="org.apache.commons.collections4.MapUtilsTest" time="0"/>
  <testcase name="testPutAll_Map_array[ar_JO]" classname="org.apache.commons.collections4.MapUtilsTest" time="0"/>
  <testcase name="testVerbosePrintSelfReference[ar_JO]" classname="org.apache.commons.collections4.MapUtilsTest" time="0"/>
  <testcase name="testDebugPrintNullLabel[ar_JO]" classname="org.apache.commons.collections4.MapUtilsTest" time="0"/>
  <testcase name="testgetFloatValue[ar_JO]" classname="org.apache.commons.collections4.MapUtilsTest" time="0"/>
  <testcase name="testConvertResourceBundle[ar_JO]" classname="org.apache.commons.collections4.MapUtilsTest" time="0"/>
  <testcase name="testOrderedMap[ar_JO]" classname="org.apache.commons.collections4.MapUtilsTest" time="0"/>
  <testcase name="testDebugPrintNullLabelAndMap[ar_JO]" classname="org.apache.commons.collections4.MapUtilsTest" time="0"/>
  <testcase name="testEmptyIfNull[ar_JO]" classname="org.apache.commons.collections4.MapUtilsTest" time="0"/>
  <testcase name="testgetIntValue[ar_JO]" classname="org.apache.commons.collections4.MapUtilsTest" time="0"/>
  <testcase name="testDebugPrintSelfReference[ar_JO]" classname="org.apache.commons.collections4.MapUtilsTest" time="0"/>
  <testcase name="testIterableMap[ar_JO]" classname="org.apache.commons.collections4.MapUtilsTest" time="0.001"/>
  <testcase name="testDebugAndVerbosePrintNullMap[ar_JO]" classname="org.apache.commons.collections4.MapUtilsTest" time="0"/>
  <testcase name="testVerbosePrintNullLabel[ar_JO]" classname="org.apache.commons.collections4.MapUtilsTest" time="0"/>
  <testcase name="testDebugPrintNullKey[ar_JO]" classname="org.apache.commons.collections4.MapUtilsTest" time="0"/>
  <testcase name="testPredicatedMap[ar_JO]" classname="org.apache.commons.collections4.MapUtilsTest" time="0"/>
  <testcase name="testgetLongValue[ar_JO]" classname="org.apache.commons.collections4.MapUtilsTest" time="0"/>
  <testcase name="testVerbosePrintNullKeyToMap1[ar_JO]" classname="org.apache.commons.collections4.MapUtilsTest" time="0"/>
  <testcase name="testVerbosePrintNullKeyToMap2[ar_JO]" classname="org.apache.commons.collections4.MapUtilsTest" time="0"/>
  <testcase name="testPopulateMap[ar_JO]" classname="org.apache.commons.collections4.MapUtilsTest" time="0"/>
  <testcase name="testToPropertiesEmpty[ar_JO]" classname="org.apache.commons.collections4.MapUtilsTest" time="0"/>
  <testcase name="testPopulateMultiMap[ar_JO]" classname="org.apache.commons.collections4.MapUtilsTest" time="0"/>
  <testcase name="testDebugPrintNullStream[ar_JO]" classname="org.apache.commons.collections4.MapUtilsTest" time="0"/>
  <testcase name="testgetBooleanValue[ar_JO]" classname="org.apache.commons.collections4.MapUtilsTest" time="0"/>
  <testcase name="testIsEmptyWithEmptyMap[ar_JO]" classname="org.apache.commons.collections4.MapUtilsTest" time="0"/>
  <testcase name="testVerbosePrintNullKey[ar_JO]" classname="org.apache.commons.collections4.MapUtilsTest" time="0"/>
  <testcase name="testSizeNull[ar_JO]" classname="org.apache.commons.collections4.MapUtilsTest" time="0"/>
  <testcase name="testDebugPrintNullKeyToMap1[ar_JO]" classname="org.apache.commons.collections4.MapUtilsTest" time="0"/>
  <testcase name="testDebugPrintNullKeyToMap2[ar_JO]" classname="org.apache.commons.collections4.MapUtilsTest" time="0"/>
  <testcase name="testDebugPrint[ar_JO]" classname="org.apache.commons.collections4.MapUtilsTest" time="0"/>
  <testcase name="testgetDoubleValue[ar_JO]" classname="org.apache.commons.collections4.MapUtilsTest" time="0"/>
  <testcase name="testVerbosePrintNullStream[ar_JO]" classname="org.apache.commons.collections4.MapUtilsTest" time="0"/>
  <testcase name="testVerbosePrintNullLabelAndMap[ar_KW]" classname="org.apache.commons.collections4.MapUtilsTest" time="0"/>
  <testcase name="testgetMap[ar_KW]" classname="org.apache.commons.collections4.MapUtilsTest" time="0"/>
  <testcase name="testToProperties[ar_KW]" classname="org.apache.commons.collections4.MapUtilsTest" time="0"/>
  <testcase name="testgetShortValue[ar_KW]" classname="org.apache.commons.collections4.MapUtilsTest" time="0.001"/>
  <testcase name="testIsEmptyWithNull[ar_KW]" classname="org.apache.commons.collections4.MapUtilsTest" time="0"/>
  <testcase name="testVerbosePrint[ar_KW]" classname="org.apache.commons.collections4.MapUtilsTest" time="0"/>
  <testcase name="testLazyMapFactory[ar_KW]" classname="org.apache.commons.collections4.MapUtilsTest" time="0"/>
  <testcase name="testLazyMapTransformer[ar_KW]" classname="org.apache.commons.collections4.MapUtilsTest" time="0"/>
  <testcase name="testSafeAddToMap[ar_KW]" classname="org.apache.commons.collections4.MapUtilsTest" time="0"/>
  <testcase name="testIsEmptyWithNonEmptyMap[ar_KW]" classname="org.apache.commons.collections4.MapUtilsTest" time="0"/>
  <testcase name="testInvertMap[ar_KW]" classname="org.apache.commons.collections4.MapUtilsTest" time="0"/>
  <testcase name="testDebugAndVerbosePrintCasting[ar_KW]" classname="org.apache.commons.collections4.MapUtilsTest" time="0"/>
  <testcase name="testIsNotEmptyWithNonEmptyMap[ar_KW]" classname="org.apache.commons.collections4.MapUtilsTest" time="0"/>
  <testcase name="testgetByteValue[ar_KW]" classname="org.apache.commons.collections4.MapUtilsTest" time="0"/>
  <testcase name="testSize0[ar_KW]" classname="org.apache.commons.collections4.MapUtilsTest" time="0"/>
  <testcase name="testSize[ar_KW]" classname="org.apache.commons.collections4.MapUtilsTest" time="0"/>
  <testcase name="testIsNotEmptyWithEmptyMap[ar_KW]" classname="org.apache.commons.collections4.MapUtilsTest" time="0"/>
  <testcase name="testIsNotEmptyWithNull[ar_KW]" classname="org.apache.commons.collections4.MapUtilsTest" time="0"/>
  <testcase name="testIterableSortedMap[ar_KW]" classname="org.apache.commons.collections4.MapUtilsTest" time="0"/>
  <testcase name="testgetNumber[ar_KW]" classname="org.apache.commons.collections4.MapUtilsTest" time="0"/>
  <testcase name="testgetObject[ar_KW]" classname="org.apache.commons.collections4.MapUtilsTest" time="0.001"/>
  <testcase name="testgetString[ar_KW]" classname="org.apache.commons.collections4.MapUtilsTest" time="0"/>
  <testcase name="testPutAll_Map_array[ar_KW]" classname="org.apache.commons.collections4.MapUtilsTest" time="0"/>
  <testcase name="testVerbosePrintSelfReference[ar_KW]" classname="org.apache.commons.collections4.MapUtilsTest" time="0"/>
  <testcase name="testDebugPrintNullLabel[ar_KW]" classname="org.apache.commons.collections4.MapUtilsTest" time="0"/>
  <testcase name="testgetFloatValue[ar_KW]" classname="org.apache.commons.collections4.MapUtilsTest" time="0"/>
  <testcase name="testConvertResourceBundle[ar_KW]" classname="org.apache.commons.collections4.MapUtilsTest" time="0"/>
  <testcase name="testOrderedMap[ar_KW]" classname="org.apache.commons.collections4.MapUtilsTest" time="0"/>
  <testcase name="testDebugPrintNullLabelAndMap[ar_KW]" classname="org.apache.commons.collections4.MapUtilsTest" time="0"/>
  <testcase name="testEmptyIfNull[ar_KW]" classname="org.apache.commons.collections4.MapUtilsTest" time="0"/>
  <testcase name="testgetIntValue[ar_KW]" classname="org.apache.commons.collections4.MapUtilsTest" time="0"/>
  <testcase name="testDebugPrintSelfReference[ar_KW]" classname="org.apache.commons.collections4.MapUtilsTest" time="0"/>
  <testcase name="testIterableMap[ar_KW]" classname="org.apache.commons.collections4.MapUtilsTest" time="0"/>
  <testcase name="testDebugAndVerbosePrintNullMap[ar_KW]" classname="org.apache.commons.collections4.MapUtilsTest" time="0"/>
  <testcase name="testVerbosePrintNullLabel[ar_KW]" classname="org.apache.commons.collections4.MapUtilsTest" time="0"/>
  <testcase name="testDebugPrintNullKey[ar_KW]" classname="org.apache.commons.collections4.MapUtilsTest" time="0"/>
  <testcase name="testPredicatedMap[ar_KW]" classname="org.apache.commons.collections4.MapUtilsTest" time="0"/>
  <testcase name="testgetLongValue[ar_KW]" classname="org.apache.commons.collections4.MapUtilsTest" time="0"/>
  <testcase name="testVerbosePrintNullKeyToMap1[ar_KW]" classname="org.apache.commons.collections4.MapUtilsTest" time="0"/>
  <testcase name="testVerbosePrintNullKeyToMap2[ar_KW]" classname="org.apache.commons.collections4.MapUtilsTest" time="0.001"/>
  <testcase name="testPopulateMap[ar_KW]" classname="org.apache.commons.collections4.MapUtilsTest" time="0"/>
  <testcase name="testToPropertiesEmpty[ar_KW]" classname="org.apache.commons.collections4.MapUtilsTest" time="0"/>
  <testcase name="testPopulateMultiMap[ar_KW]" classname="org.apache.commons.collections4.MapUtilsTest" time="0"/>
  <testcase name="testDebugPrintNullStream[ar_KW]" classname="org.apache.commons.collections4.MapUtilsTest" time="0"/>
  <testcase name="testgetBooleanValue[ar_KW]" classname="org.apache.commons.collections4.MapUtilsTest" time="0"/>
  <testcase name="testIsEmptyWithEmptyMap[ar_KW]" classname="org.apache.commons.collections4.MapUtilsTest" time="0"/>
  <testcase name="testVerbosePrintNullKey[ar_KW]" classname="org.apache.commons.collections4.MapUtilsTest" time="0"/>
  <testcase name="testSizeNull[ar_KW]" classname="org.apache.commons.collections4.MapUtilsTest" time="0"/>
  <testcase name="testDebugPrintNullKeyToMap1[ar_KW]" classname="org.apache.commons.collections4.MapUtilsTest" time="0"/>
  <testcase name="testDebugPrintNullKeyToMap2[ar_KW]" classname="org.apache.commons.collections4.MapUtilsTest" time="0"/>
  <testcase name="testDebugPrint[ar_KW]" classname="org.apache.commons.collections4.MapUtilsTest" time="0"/>
  <testcase name="testgetDoubleValue[ar_KW]" classname="org.apache.commons.collections4.MapUtilsTest" time="0"/>
  <testcase name="testVerbosePrintNullStream[ar_KW]" classname="org.apache.commons.collections4.MapUtilsTest" time="0"/>
  <testcase name="testVerbosePrintNullLabelAndMap[ar_LB]" classname="org.apache.commons.collections4.MapUtilsTest" time="0"/>
  <testcase name="testgetMap[ar_LB]" classname="org.apache.commons.collections4.MapUtilsTest" time="0"/>
  <testcase name="testToProperties[ar_LB]" classname="org.apache.commons.collections4.MapUtilsTest" time="0"/>
  <testcase name="testgetShortValue[ar_LB]" classname="org.apache.commons.collections4.MapUtilsTest" time="0.001"/>
  <testcase name="testIsEmptyWithNull[ar_LB]" classname="org.apache.commons.collections4.MapUtilsTest" time="0"/>
  <testcase name="testVerbosePrint[ar_LB]" classname="org.apache.commons.collections4.MapUtilsTest" time="0"/>
  <testcase name="testLazyMapFactory[ar_LB]" classname="org.apache.commons.collections4.MapUtilsTest" time="0"/>
  <testcase name="testLazyMapTransformer[ar_LB]" classname="org.apache.commons.collections4.MapUtilsTest" time="0"/>
  <testcase name="testSafeAddToMap[ar_LB]" classname="org.apache.commons.collections4.MapUtilsTest" time="0"/>
  <testcase name="testIsEmptyWithNonEmptyMap[ar_LB]" classname="org.apache.commons.collections4.MapUtilsTest" time="0"/>
  <testcase name="testInvertMap[ar_LB]" classname="org.apache.commons.collections4.MapUtilsTest" time="0"/>
  <testcase name="testDebugAndVerbosePrintCasting[ar_LB]" classname="org.apache.commons.collections4.MapUtilsTest" time="0"/>
  <testcase name="testIsNotEmptyWithNonEmptyMap[ar_LB]" classname="org.apache.commons.collections4.MapUtilsTest" time="0"/>
  <testcase name="testgetByteValue[ar_LB]" classname="org.apache.commons.collections4.MapUtilsTest" time="0"/>
  <testcase name="testSize0[ar_LB]" classname="org.apache.commons.collections4.MapUtilsTest" time="0"/>
  <testcase name="testSize[ar_LB]" classname="org.apache.commons.collections4.MapUtilsTest" time="0"/>
  <testcase name="testIsNotEmptyWithEmptyMap[ar_LB]" classname="org.apache.commons.collections4.MapUtilsTest" time="0"/>
  <testcase name="testIsNotEmptyWithNull[ar_LB]" classname="org.apache.commons.collections4.MapUtilsTest" time="0"/>
  <testcase name="testIterableSortedMap[ar_LB]" classname="org.apache.commons.collections4.MapUtilsTest" time="0"/>
  <testcase name="testgetNumber[ar_LB]" classname="org.apache.commons.collections4.MapUtilsTest" time="0"/>
  <testcase name="testgetObject[ar_LB]" classname="org.apache.commons.collections4.MapUtilsTest" time="0"/>
  <testcase name="testgetString[ar_LB]" classname="org.apache.commons.collections4.MapUtilsTest" time="0"/>
  <testcase name="testPutAll_Map_array[ar_LB]" classname="org.apache.commons.collections4.MapUtilsTest" time="0"/>
  <testcase name="testVerbosePrintSelfReference[ar_LB]" classname="org.apache.commons.collections4.MapUtilsTest" time="0"/>
  <testcase name="testDebugPrintNullLabel[ar_LB]" classname="org.apache.commons.collections4.MapUtilsTest" time="0"/>
  <testcase name="testgetFloatValue[ar_LB]" classname="org.apache.commons.collections4.MapUtilsTest" time="0"/>
  <testcase name="testConvertResourceBundle[ar_LB]" classname="org.apache.commons.collections4.MapUtilsTest" time="0"/>
  <testcase name="testOrderedMap[ar_LB]" classname="org.apache.commons.collections4.MapUtilsTest" time="0"/>
  <testcase name="testDebugPrintNullLabelAndMap[ar_LB]" classname="org.apache.commons.collections4.MapUtilsTest" time="0"/>
  <testcase name="testEmptyIfNull[ar_LB]" classname="org.apache.commons.collections4.MapUtilsTest" time="0"/>
  <testcase name="testgetIntValue[ar_LB]" classname="org.apache.commons.collections4.MapUtilsTest" time="0"/>
  <testcase name="testDebugPrintSelfReference[ar_LB]" classname="org.apache.commons.collections4.MapUtilsTest" time="0"/>
  <testcase name="testIterableMap[ar_LB]" classname="org.apache.commons.collections4.MapUtilsTest" time="0"/>
  <testcase name="testDebugAndVerbosePrintNullMap[ar_LB]" classname="org.apache.commons.collections4.MapUtilsTest" time="0"/>
  <testcase name="testVerbosePrintNullLabel[ar_LB]" classname="org.apache.commons.collections4.MapUtilsTest" time="0"/>
  <testcase name="testDebugPrintNullKey[ar_LB]" classname="org.apache.commons.collections4.MapUtilsTest" time="0"/>
  <testcase name="testPredicatedMap[ar_LB]" classname="org.apache.commons.collections4.MapUtilsTest" time="0"/>
  <testcase name="testgetLongValue[ar_LB]" classname="org.apache.commons.collections4.MapUtilsTest" time="0"/>
  <testcase name="testVerbosePrintNullKeyToMap1[ar_LB]" classname="org.apache.commons.collections4.MapUtilsTest" time="0"/>
  <testcase name="testVerbosePrintNullKeyToMap2[ar_LB]" classname="org.apache.commons.collections4.MapUtilsTest" time="0"/>
  <testcase name="testPopulateMap[ar_LB]" classname="org.apache.commons.collections4.MapUtilsTest" time="0"/>
  <testcase name="testToPropertiesEmpty[ar_LB]" classname="org.apache.commons.collections4.MapUtilsTest" time="0"/>
  <testcase name="testPopulateMultiMap[ar_LB]" classname="org.apache.commons.collections4.MapUtilsTest" time="0"/>
  <testcase name="testDebugPrintNullStream[ar_LB]" classname="org.apache.commons.collections4.MapUtilsTest" time="0"/>
  <testcase name="testgetBooleanValue[ar_LB]" classname="org.apache.commons.collections4.MapUtilsTest" time="0"/>
  <testcase name="testIsEmptyWithEmptyMap[ar_LB]" classname="org.apache.commons.collections4.MapUtilsTest" time="0"/>
  <testcase name="testVerbosePrintNullKey[ar_LB]" classname="org.apache.commons.collections4.MapUtilsTest" time="0"/>
  <testcase name="testSizeNull[ar_LB]" classname="org.apache.commons.collections4.MapUtilsTest" time="0"/>
  <testcase name="testDebugPrintNullKeyToMap1[ar_LB]" classname="org.apache.commons.collections4.MapUtilsTest" time="0"/>
  <testcase name="testDebugPrintNullKeyToMap2[ar_LB]" classname="org.apache.commons.collections4.MapUtilsTest" time="0"/>
  <testcase name="testDebugPrint[ar_LB]" classname="org.apache.commons.collections4.MapUtilsTest" time="0.001"/>
  <testcase name="testgetDoubleValue[ar_LB]" classname="org.apache.commons.collections4.MapUtilsTest" time="0"/>
  <testcase name="testVerbosePrintNullStream[ar_LB]" classname="org.apache.commons.collections4.MapUtilsTest" time="0"/>
  <testcase name="testVerbosePrintNullLabelAndMap[ar_LY]" classname="org.apache.commons.collections4.MapUtilsTest" time="0"/>
  <testcase name="testgetMap[ar_LY]" classname="org.apache.commons.collections4.MapUtilsTest" time="0"/>
  <testcase name="testToProperties[ar_LY]" classname="org.apache.commons.collections4.MapUtilsTest" time="0"/>
  <testcase name="testgetShortValue[ar_LY]" classname="org.apache.commons.collections4.MapUtilsTest" time="0"/>
  <testcase name="testIsEmptyWithNull[ar_LY]" classname="org.apache.commons.collections4.MapUtilsTest" time="0"/>
  <testcase name="testVerbosePrint[ar_LY]" classname="org.apache.commons.collections4.MapUtilsTest" time="0"/>
  <testcase name="testLazyMapFactory[ar_LY]" classname="org.apache.commons.collections4.MapUtilsTest" time="0"/>
  <testcase name="testLazyMapTransformer[ar_LY]" classname="org.apache.commons.collections4.MapUtilsTest" time="0"/>
  <testcase name="testSafeAddToMap[ar_LY]" classname="org.apache.commons.collections4.MapUtilsTest" time="0"/>
  <testcase name="testIsEmptyWithNonEmptyMap[ar_LY]" classname="org.apache.commons.collections4.MapUtilsTest" time="0"/>
  <testcase name="testInvertMap[ar_LY]" classname="org.apache.commons.collections4.MapUtilsTest" time="0"/>
  <testcase name="testDebugAndVerbosePrintCasting[ar_LY]" classname="org.apache.commons.collections4.MapUtilsTest" time="0.001"/>
  <testcase name="testIsNotEmptyWithNonEmptyMap[ar_LY]" classname="org.apache.commons.collections4.MapUtilsTest" time="0"/>
  <testcase name="testgetByteValue[ar_LY]" classname="org.apache.commons.collections4.MapUtilsTest" time="0"/>
  <testcase name="testSize0[ar_LY]" classname="org.apache.commons.collections4.MapUtilsTest" time="0"/>
  <testcase name="testSize[ar_LY]" classname="org.apache.commons.collections4.MapUtilsTest" time="0"/>
  <testcase name="testIsNotEmptyWithEmptyMap[ar_LY]" classname="org.apache.commons.collections4.MapUtilsTest" time="0"/>
  <testcase name="testIsNotEmptyWithNull[ar_LY]" classname="org.apache.commons.collections4.MapUtilsTest" time="0"/>
  <testcase name="testIterableSortedMap[ar_LY]" classname="org.apache.commons.collections4.MapUtilsTest" time="0"/>
  <testcase name="testgetNumber[ar_LY]" classname="org.apache.commons.collections4.MapUtilsTest" time="0"/>
  <testcase name="testgetObject[ar_LY]" classname="org.apache.commons.collections4.MapUtilsTest" time="0"/>
  <testcase name="testgetString[ar_LY]" classname="org.apache.commons.collections4.MapUtilsTest" time="0"/>
  <testcase name="testPutAll_Map_array[ar_LY]" classname="org.apache.commons.collections4.MapUtilsTest" time="0"/>
  <testcase name="testVerbosePrintSelfReference[ar_LY]" classname="org.apache.commons.collections4.MapUtilsTest" time="0"/>
  <testcase name="testDebugPrintNullLabel[ar_LY]" classname="org.apache.commons.collections4.MapUtilsTest" time="0"/>
  <testcase name="testgetFloatValue[ar_LY]" classname="org.apache.commons.collections4.MapUtilsTest" time="0"/>
  <testcase name="testConvertResourceBundle[ar_LY]" classname="org.apache.commons.collections4.MapUtilsTest" time="0"/>
  <testcase name="testOrderedMap[ar_LY]" classname="org.apache.commons.collections4.MapUtilsTest" time="0"/>
  <testcase name="testDebugPrintNullLabelAndMap[ar_LY]" classname="org.apache.commons.collections4.MapUtilsTest" time="0"/>
  <testcase name="testEmptyIfNull[ar_LY]" classname="org.apache.commons.collections4.MapUtilsTest" time="0"/>
  <testcase name="testgetIntValue[ar_LY]" classname="org.apache.commons.collections4.MapUtilsTest" time="0"/>
  <testcase name="testDebugPrintSelfReference[ar_LY]" classname="org.apache.commons.collections4.MapUtilsTest" time="0"/>
  <testcase name="testIterableMap[ar_LY]" classname="org.apache.commons.collections4.MapUtilsTest" time="0"/>
  <testcase name="testDebugAndVerbosePrintNullMap[ar_LY]" classname="org.apache.commons.collections4.MapUtilsTest" time="0"/>
  <testcase name="testVerbosePrintNullLabel[ar_LY]" classname="org.apache.commons.collections4.MapUtilsTest" time="0"/>
  <testcase name="testDebugPrintNullKey[ar_LY]" classname="org.apache.commons.collections4.MapUtilsTest" time="0"/>
  <testcase name="testPredicatedMap[ar_LY]" classname="org.apache.commons.collections4.MapUtilsTest" time="0"/>
  <testcase name="testgetLongValue[ar_LY]" classname="org.apache.commons.collections4.MapUtilsTest" time="0"/>
  <testcase name="testVerbosePrintNullKeyToMap1[ar_LY]" classname="org.apache.commons.collections4.MapUtilsTest" time="0"/>
  <testcase name="testVerbosePrintNullKeyToMap2[ar_LY]" classname="org.apache.commons.collections4.MapUtilsTest" time="0.001"/>
  <testcase name="testPopulateMap[ar_LY]" classname="org.apache.commons.collections4.MapUtilsTest" time="0"/>
  <testcase name="testToPropertiesEmpty[ar_LY]" classname="org.apache.commons.collections4.MapUtilsTest" time="0"/>
  <testcase name="testPopulateMultiMap[ar_LY]" classname="org.apache.commons.collections4.MapUtilsTest" time="0"/>
  <testcase name="testDebugPrintNullStream[ar_LY]" classname="org.apache.commons.collections4.MapUtilsTest" time="0"/>
  <testcase name="testgetBooleanValue[ar_LY]" classname="org.apache.commons.collections4.MapUtilsTest" time="0"/>
  <testcase name="testIsEmptyWithEmptyMap[ar_LY]" classname="org.apache.commons.collections4.MapUtilsTest" time="0"/>
  <testcase name="testVerbosePrintNullKey[ar_LY]" classname="org.apache.commons.collections4.MapUtilsTest" time="0"/>
  <testcase name="testSizeNull[ar_LY]" classname="org.apache.commons.collections4.MapUtilsTest" time="0"/>
  <testcase name="testDebugPrintNullKeyToMap1[ar_LY]" classname="org.apache.commons.collections4.MapUtilsTest" time="0"/>
  <testcase name="testDebugPrintNullKeyToMap2[ar_LY]" classname="org.apache.commons.collections4.MapUtilsTest" time="0"/>
  <testcase name="testDebugPrint[ar_LY]" classname="org.apache.commons.collections4.MapUtilsTest" time="0"/>
  <testcase name="testgetDoubleValue[ar_LY]" classname="org.apache.commons.collections4.MapUtilsTest" time="0"/>
  <testcase name="testVerbosePrintNullStream[ar_LY]" classname="org.apache.commons.collections4.MapUtilsTest" time="0"/>
  <testcase name="testVerbosePrintNullLabelAndMap[ar_MA]" classname="org.apache.commons.collections4.MapUtilsTest" time="0"/>
  <testcase name="testgetMap[ar_MA]" classname="org.apache.commons.collections4.MapUtilsTest" time="0"/>
  <testcase name="testToProperties[ar_MA]" classname="org.apache.commons.collections4.MapUtilsTest" time="0"/>
  <testcase name="testgetShortValue[ar_MA]" classname="org.apache.commons.collections4.MapUtilsTest" time="0.001"/>
  <testcase name="testIsEmptyWithNull[ar_MA]" classname="org.apache.commons.collections4.MapUtilsTest" time="0"/>
  <testcase name="testVerbosePrint[ar_MA]" classname="org.apache.commons.collections4.MapUtilsTest" time="0"/>
  <testcase name="testLazyMapFactory[ar_MA]" classname="org.apache.commons.collections4.MapUtilsTest" time="0"/>
  <testcase name="testLazyMapTransformer[ar_MA]" classname="org.apache.commons.collections4.MapUtilsTest" time="0"/>
  <testcase name="testSafeAddToMap[ar_MA]" classname="org.apache.commons.collections4.MapUtilsTest" time="0"/>
  <testcase name="testIsEmptyWithNonEmptyMap[ar_MA]" classname="org.apache.commons.collections4.MapUtilsTest" time="0"/>
  <testcase name="testInvertMap[ar_MA]" classname="org.apache.commons.collections4.MapUtilsTest" time="0"/>
  <testcase name="testDebugAndVerbosePrintCasting[ar_MA]" classname="org.apache.commons.collections4.MapUtilsTest" time="0"/>
  <testcase name="testIsNotEmptyWithNonEmptyMap[ar_MA]" classname="org.apache.commons.collections4.MapUtilsTest" time="0"/>
  <testcase name="testgetByteValue[ar_MA]" classname="org.apache.commons.collections4.MapUtilsTest" time="0"/>
  <testcase name="testSize0[ar_MA]" classname="org.apache.commons.collections4.MapUtilsTest" time="0"/>
  <testcase name="testSize[ar_MA]" classname="org.apache.commons.collections4.MapUtilsTest" time="0"/>
  <testcase name="testIsNotEmptyWithEmptyMap[ar_MA]" classname="org.apache.commons.collections4.MapUtilsTest" time="0"/>
  <testcase name="testIsNotEmptyWithNull[ar_MA]" classname="org.apache.commons.collections4.MapUtilsTest" time="0"/>
  <testcase name="testIterableSortedMap[ar_MA]" classname="org.apache.commons.collections4.MapUtilsTest" time="0"/>
  <testcase name="testgetNumber[ar_MA]" classname="org.apache.commons.collections4.MapUtilsTest" time="0"/>
  <testcase name="testgetObject[ar_MA]" classname="org.apache.commons.collections4.MapUtilsTest" time="0"/>
  <testcase name="testgetString[ar_MA]" classname="org.apache.commons.collections4.MapUtilsTest" time="0"/>
  <testcase name="testPutAll_Map_array[ar_MA]" classname="org.apache.commons.collections4.MapUtilsTest" time="0"/>
  <testcase name="testVerbosePrintSelfReference[ar_MA]" classname="org.apache.commons.collections4.MapUtilsTest" time="0"/>
  <testcase name="testDebugPrintNullLabel[ar_MA]" classname="org.apache.commons.collections4.MapUtilsTest" time="0"/>
  <testcase name="testgetFloatValue[ar_MA]" classname="org.apache.commons.collections4.MapUtilsTest" time="0.001"/>
  <testcase name="testConvertResourceBundle[ar_MA]" classname="org.apache.commons.collections4.MapUtilsTest" time="0"/>
  <testcase name="testOrderedMap[ar_MA]" classname="org.apache.commons.collections4.MapUtilsTest" time="0"/>
  <testcase name="testDebugPrintNullLabelAndMap[ar_MA]" classname="org.apache.commons.collections4.MapUtilsTest" time="0"/>
  <testcase name="testEmptyIfNull[ar_MA]" classname="org.apache.commons.collections4.MapUtilsTest" time="0"/>
  <testcase name="testgetIntValue[ar_MA]" classname="org.apache.commons.collections4.MapUtilsTest" time="0"/>
  <testcase name="testDebugPrintSelfReference[ar_MA]" classname="org.apache.commons.collections4.MapUtilsTest" time="0"/>
  <testcase name="testIterableMap[ar_MA]" classname="org.apache.commons.collections4.MapUtilsTest" time="0"/>
  <testcase name="testDebugAndVerbosePrintNullMap[ar_MA]" classname="org.apache.commons.collections4.MapUtilsTest" time="0"/>
  <testcase name="testVerbosePrintNullLabel[ar_MA]" classname="org.apache.commons.collections4.MapUtilsTest" time="0"/>
  <testcase name="testDebugPrintNullKey[ar_MA]" classname="org.apache.commons.collections4.MapUtilsTest" time="0"/>
  <testcase name="testPredicatedMap[ar_MA]" classname="org.apache.commons.collections4.MapUtilsTest" time="0"/>
  <testcase name="testgetLongValue[ar_MA]" classname="org.apache.commons.collections4.MapUtilsTest" time="0"/>
  <testcase name="testVerbosePrintNullKeyToMap1[ar_MA]" classname="org.apache.commons.collections4.MapUtilsTest" time="0"/>
  <testcase name="testVerbosePrintNullKeyToMap2[ar_MA]" classname="org.apache.commons.collections4.MapUtilsTest" time="0"/>
  <testcase name="testPopulateMap[ar_MA]" classname="org.apache.commons.collections4.MapUtilsTest" time="0"/>
  <testcase name="testToPropertiesEmpty[ar_MA]" classname="org.apache.commons.collections4.MapUtilsTest" time="0"/>
  <testcase name="testPopulateMultiMap[ar_MA]" classname="org.apache.commons.collections4.MapUtilsTest" time="0"/>
  <testcase name="testDebugPrintNullStream[ar_MA]" classname="org.apache.commons.collections4.MapUtilsTest" time="0"/>
  <testcase name="testgetBooleanValue[ar_MA]" classname="org.apache.commons.collections4.MapUtilsTest" time="0"/>
  <testcase name="testIsEmptyWithEmptyMap[ar_MA]" classname="org.apache.commons.collections4.MapUtilsTest" time="0"/>
  <testcase name="testVerbosePrintNullKey[ar_MA]" classname="org.apache.commons.collections4.MapUtilsTest" time="0"/>
  <testcase name="testSizeNull[ar_MA]" classname="org.apache.commons.collections4.MapUtilsTest" time="0"/>
  <testcase name="testDebugPrintNullKeyToMap1[ar_MA]" classname="org.apache.commons.collections4.MapUtilsTest" time="0"/>
  <testcase name="testDebugPrintNullKeyToMap2[ar_MA]" classname="org.apache.commons.collections4.MapUtilsTest" time="0"/>
  <testcase name="testDebugPrint[ar_MA]" classname="org.apache.commons.collections4.MapUtilsTest" time="0.001"/>
  <testcase name="testgetDoubleValue[ar_MA]" classname="org.apache.commons.collections4.MapUtilsTest" time="0"/>
  <testcase name="testVerbosePrintNullStream[ar_MA]" classname="org.apache.commons.collections4.MapUtilsTest" time="0"/>
  <testcase name="testVerbosePrintNullLabelAndMap[ar_OM]" classname="org.apache.commons.collections4.MapUtilsTest" time="0"/>
  <testcase name="testgetMap[ar_OM]" classname="org.apache.commons.collections4.MapUtilsTest" time="0"/>
  <testcase name="testToProperties[ar_OM]" classname="org.apache.commons.collections4.MapUtilsTest" time="0"/>
  <testcase name="testgetShortValue[ar_OM]" classname="org.apache.commons.collections4.MapUtilsTest" time="0"/>
  <testcase name="testIsEmptyWithNull[ar_OM]" classname="org.apache.commons.collections4.MapUtilsTest" time="0"/>
  <testcase name="testVerbosePrint[ar_OM]" classname="org.apache.commons.collections4.MapUtilsTest" time="0"/>
  <testcase name="testLazyMapFactory[ar_OM]" classname="org.apache.commons.collections4.MapUtilsTest" time="0"/>
  <testcase name="testLazyMapTransformer[ar_OM]" classname="org.apache.commons.collections4.MapUtilsTest" time="0"/>
  <testcase name="testSafeAddToMap[ar_OM]" classname="org.apache.commons.collections4.MapUtilsTest" time="0"/>
  <testcase name="testIsEmptyWithNonEmptyMap[ar_OM]" classname="org.apache.commons.collections4.MapUtilsTest" time="0"/>
  <testcase name="testInvertMap[ar_OM]" classname="org.apache.commons.collections4.MapUtilsTest" time="0"/>
  <testcase name="testDebugAndVerbosePrintCasting[ar_OM]" classname="org.apache.commons.collections4.MapUtilsTest" time="0"/>
  <testcase name="testIsNotEmptyWithNonEmptyMap[ar_OM]" classname="org.apache.commons.collections4.MapUtilsTest" time="0"/>
  <testcase name="testgetByteValue[ar_OM]" classname="org.apache.commons.collections4.MapUtilsTest" time="0"/>
  <testcase name="testSize0[ar_OM]" classname="org.apache.commons.collections4.MapUtilsTest" time="0"/>
  <testcase name="testSize[ar_OM]" classname="org.apache.commons.collections4.MapUtilsTest" time="0"/>
  <testcase name="testIsNotEmptyWithEmptyMap[ar_OM]" classname="org.apache.commons.collections4.MapUtilsTest" time="0"/>
  <testcase name="testIsNotEmptyWithNull[ar_OM]" classname="org.apache.commons.collections4.MapUtilsTest" time="0"/>
  <testcase name="testIterableSortedMap[ar_OM]" classname="org.apache.commons.collections4.MapUtilsTest" time="0"/>
  <testcase name="testgetNumber[ar_OM]" classname="org.apache.commons.collections4.MapUtilsTest" time="0"/>
  <testcase name="testgetObject[ar_OM]" classname="org.apache.commons.collections4.MapUtilsTest" time="0"/>
  <testcase name="testgetString[ar_OM]" classname="org.apache.commons.collections4.MapUtilsTest" time="0"/>
  <testcase name="testPutAll_Map_array[ar_OM]" classname="org.apache.commons.collections4.MapUtilsTest" time="0"/>
  <testcase name="testVerbosePrintSelfReference[ar_OM]" classname="org.apache.commons.collections4.MapUtilsTest" time="0.002"/>
  <testcase name="testDebugPrintNullLabel[ar_OM]" classname="org.apache.commons.collections4.MapUtilsTest" time="0"/>
  <testcase name="testgetFloatValue[ar_OM]" classname="org.apache.commons.collections4.MapUtilsTest" time="0"/>
  <testcase name="testConvertResourceBundle[ar_OM]" classname="org.apache.commons.collections4.MapUtilsTest" time="0"/>
  <testcase name="testOrderedMap[ar_OM]" classname="org.apache.commons.collections4.MapUtilsTest" time="0"/>
  <testcase name="testDebugPrintNullLabelAndMap[ar_OM]" classname="org.apache.commons.collections4.MapUtilsTest" time="0"/>
  <testcase name="testEmptyIfNull[ar_OM]" classname="org.apache.commons.collections4.MapUtilsTest" time="0"/>
  <testcase name="testgetIntValue[ar_OM]" classname="org.apache.commons.collections4.MapUtilsTest" time="0"/>
  <testcase name="testDebugPrintSelfReference[ar_OM]" classname="org.apache.commons.collections4.MapUtilsTest" time="0"/>
  <testcase name="testIterableMap[ar_OM]" classname="org.apache.commons.collections4.MapUtilsTest" time="0"/>
  <testcase name="testDebugAndVerbosePrintNullMap[ar_OM]" classname="org.apache.commons.collections4.MapUtilsTest" time="0"/>
  <testcase name="testVerbosePrintNullLabel[ar_OM]" classname="org.apache.commons.collections4.MapUtilsTest" time="0"/>
  <testcase name="testDebugPrintNullKey[ar_OM]" classname="org.apache.commons.collections4.MapUtilsTest" time="0"/>
  <testcase name="testPredicatedMap[ar_OM]" classname="org.apache.commons.collections4.MapUtilsTest" time="0"/>
  <testcase name="testgetLongValue[ar_OM]" classname="org.apache.commons.collections4.MapUtilsTest" time="0"/>
  <testcase name="testVerbosePrintNullKeyToMap1[ar_OM]" classname="org.apache.commons.collections4.MapUtilsTest" time="0"/>
  <testcase name="testVerbosePrintNullKeyToMap2[ar_OM]" classname="org.apache.commons.collections4.MapUtilsTest" time="0"/>
  <testcase name="testPopulateMap[ar_OM]" classname="org.apache.commons.collections4.MapUtilsTest" time="0"/>
  <testcase name="testToPropertiesEmpty[ar_OM]" classname="org.apache.commons.collections4.MapUtilsTest" time="0"/>
  <testcase name="testPopulateMultiMap[ar_OM]" classname="org.apache.commons.collections4.MapUtilsTest" time="0"/>
  <testcase name="testDebugPrintNullStream[ar_OM]" classname="org.apache.commons.collections4.MapUtilsTest" time="0"/>
  <testcase name="testgetBooleanValue[ar_OM]" classname="org.apache.commons.collections4.MapUtilsTest" time="0"/>
  <testcase name="testIsEmptyWithEmptyMap[ar_OM]" classname="org.apache.commons.collections4.MapUtilsTest" time="0"/>
  <testcase name="testVerbosePrintNullKey[ar_OM]" classname="org.apache.commons.collections4.MapUtilsTest" time="0"/>
  <testcase name="testSizeNull[ar_OM]" classname="org.apache.commons.collections4.MapUtilsTest" time="0"/>
  <testcase name="testDebugPrintNullKeyToMap1[ar_OM]" classname="org.apache.commons.collections4.MapUtilsTest" time="0"/>
  <testcase name="testDebugPrintNullKeyToMap2[ar_OM]" classname="org.apache.commons.collections4.MapUtilsTest" time="0"/>
  <testcase name="testDebugPrint[ar_OM]" classname="org.apache.commons.collections4.MapUtilsTest" time="0"/>
  <testcase name="testgetDoubleValue[ar_OM]" classname="org.apache.commons.collections4.MapUtilsTest" time="0"/>
  <testcase name="testVerbosePrintNullStream[ar_OM]" classname="org.apache.commons.collections4.MapUtilsTest" time="0"/>
  <testcase name="testVerbosePrintNullLabelAndMap[ar_QA]" classname="org.apache.commons.collections4.MapUtilsTest" time="0"/>
  <testcase name="testgetMap[ar_QA]" classname="org.apache.commons.collections4.MapUtilsTest" time="0"/>
  <testcase name="testToProperties[ar_QA]" classname="org.apache.commons.collections4.MapUtilsTest" time="0"/>
  <testcase name="testgetShortValue[ar_QA]" classname="org.apache.commons.collections4.MapUtilsTest" time="0.002"/>
  <testcase name="testIsEmptyWithNull[ar_QA]" classname="org.apache.commons.collections4.MapUtilsTest" time="0"/>
  <testcase name="testVerbosePrint[ar_QA]" classname="org.apache.commons.collections4.MapUtilsTest" time="0"/>
  <testcase name="testLazyMapFactory[ar_QA]" classname="org.apache.commons.collections4.MapUtilsTest" time="0"/>
  <testcase name="testLazyMapTransformer[ar_QA]" classname="org.apache.commons.collections4.MapUtilsTest" time="0"/>
  <testcase name="testSafeAddToMap[ar_QA]" classname="org.apache.commons.collections4.MapUtilsTest" time="0"/>
  <testcase name="testIsEmptyWithNonEmptyMap[ar_QA]" classname="org.apache.commons.collections4.MapUtilsTest" time="0"/>
  <testcase name="testInvertMap[ar_QA]" classname="org.apache.commons.collections4.MapUtilsTest" time="0"/>
  <testcase name="testDebugAndVerbosePrintCasting[ar_QA]" classname="org.apache.commons.collections4.MapUtilsTest" time="0"/>
  <testcase name="testIsNotEmptyWithNonEmptyMap[ar_QA]" classname="org.apache.commons.collections4.MapUtilsTest" time="0"/>
  <testcase name="testgetByteValue[ar_QA]" classname="org.apache.commons.collections4.MapUtilsTest" time="0"/>
  <testcase name="testSize0[ar_QA]" classname="org.apache.commons.collections4.MapUtilsTest" time="0"/>
  <testcase name="testSize[ar_QA]" classname="org.apache.commons.collections4.MapUtilsTest" time="0"/>
  <testcase name="testIsNotEmptyWithEmptyMap[ar_QA]" classname="org.apache.commons.collections4.MapUtilsTest" time="0"/>
  <testcase name="testIsNotEmptyWithNull[ar_QA]" classname="org.apache.commons.collections4.MapUtilsTest" time="0"/>
  <testcase name="testIterableSortedMap[ar_QA]" classname="org.apache.commons.collections4.MapUtilsTest" time="0.001"/>
  <testcase name="testgetNumber[ar_QA]" classname="org.apache.commons.collections4.MapUtilsTest" time="0"/>
  <testcase name="testgetObject[ar_QA]" classname="org.apache.commons.collections4.MapUtilsTest" time="0"/>
  <testcase name="testgetString[ar_QA]" classname="org.apache.commons.collections4.MapUtilsTest" time="0"/>
  <testcase name="testPutAll_Map_array[ar_QA]" classname="org.apache.commons.collections4.MapUtilsTest" time="0"/>
  <testcase name="testVerbosePrintSelfReference[ar_QA]" classname="org.apache.commons.collections4.MapUtilsTest" time="0"/>
  <testcase name="testDebugPrintNullLabel[ar_QA]" classname="org.apache.commons.collections4.MapUtilsTest" time="0"/>
  <testcase name="testgetFloatValue[ar_QA]" classname="org.apache.commons.collections4.MapUtilsTest" time="0"/>
  <testcase name="testConvertResourceBundle[ar_QA]" classname="org.apache.commons.collections4.MapUtilsTest" time="0"/>
  <testcase name="testOrderedMap[ar_QA]" classname="org.apache.commons.collections4.MapUtilsTest" time="0"/>
  <testcase name="testDebugPrintNullLabelAndMap[ar_QA]" classname="org.apache.commons.collections4.MapUtilsTest" time="0"/>
  <testcase name="testEmptyIfNull[ar_QA]" classname="org.apache.commons.collections4.MapUtilsTest" time="0"/>
  <testcase name="testgetIntValue[ar_QA]" classname="org.apache.commons.collections4.MapUtilsTest" time="0"/>
  <testcase name="testDebugPrintSelfReference[ar_QA]" classname="org.apache.commons.collections4.MapUtilsTest" time="0.001"/>
  <testcase name="testIterableMap[ar_QA]" classname="org.apache.commons.collections4.MapUtilsTest" time="0"/>
  <testcase name="testDebugAndVerbosePrintNullMap[ar_QA]" classname="org.apache.commons.collections4.MapUtilsTest" time="0"/>
  <testcase name="testVerbosePrintNullLabel[ar_QA]" classname="org.apache.commons.collections4.MapUtilsTest" time="0"/>
  <testcase name="testDebugPrintNullKey[ar_QA]" classname="org.apache.commons.collections4.MapUtilsTest" time="0"/>
  <testcase name="testPredicatedMap[ar_QA]" classname="org.apache.commons.collections4.MapUtilsTest" time="0"/>
  <testcase name="testgetLongValue[ar_QA]" classname="org.apache.commons.collections4.MapUtilsTest" time="0"/>
  <testcase name="testVerbosePrintNullKeyToMap1[ar_QA]" classname="org.apache.commons.collections4.MapUtilsTest" time="0"/>
  <testcase name="testVerbosePrintNullKeyToMap2[ar_QA]" classname="org.apache.commons.collections4.MapUtilsTest" time="0"/>
  <testcase name="testPopulateMap[ar_QA]" classname="org.apache.commons.collections4.MapUtilsTest" time="0"/>
  <testcase name="testToPropertiesEmpty[ar_QA]" classname="org.apache.commons.collections4.MapUtilsTest" time="0"/>
  <testcase name="testPopulateMultiMap[ar_QA]" classname="org.apache.commons.collections4.MapUtilsTest" time="0"/>
  <testcase name="testDebugPrintNullStream[ar_QA]" classname="org.apache.commons.collections4.MapUtilsTest" time="0"/>
  <testcase name="testgetBooleanValue[ar_QA]" classname="org.apache.commons.collections4.MapUtilsTest" time="0"/>
  <testcase name="testIsEmptyWithEmptyMap[ar_QA]" classname="org.apache.commons.collections4.MapUtilsTest" time="0"/>
  <testcase name="testVerbosePrintNullKey[ar_QA]" classname="org.apache.commons.collections4.MapUtilsTest" time="0"/>
  <testcase name="testSizeNull[ar_QA]" classname="org.apache.commons.collections4.MapUtilsTest" time="0"/>
  <testcase name="testDebugPrintNullKeyToMap1[ar_QA]" classname="org.apache.commons.collections4.MapUtilsTest" time="0"/>
  <testcase name="testDebugPrintNullKeyToMap2[ar_QA]" classname="org.apache.commons.collections4.MapUtilsTest" time="0.001"/>
  <testcase name="testDebugPrint[ar_QA]" classname="org.apache.commons.collections4.MapUtilsTest" time="0"/>
  <testcase name="testgetDoubleValue[ar_QA]" classname="org.apache.commons.collections4.MapUtilsTest" time="0"/>
  <testcase name="testVerbosePrintNullStream[ar_QA]" classname="org.apache.commons.collections4.MapUtilsTest" time="0"/>
  <testcase name="testVerbosePrintNullLabelAndMap[ar_SA]" classname="org.apache.commons.collections4.MapUtilsTest" time="0"/>
  <testcase name="testgetMap[ar_SA]" classname="org.apache.commons.collections4.MapUtilsTest" time="0"/>
  <testcase name="testToProperties[ar_SA]" classname="org.apache.commons.collections4.MapUtilsTest" time="0"/>
  <testcase name="testgetShortValue[ar_SA]" classname="org.apache.commons.collections4.MapUtilsTest" time="0.001"/>
  <testcase name="testIsEmptyWithNull[ar_SA]" classname="org.apache.commons.collections4.MapUtilsTest" time="0"/>
  <testcase name="testVerbosePrint[ar_SA]" classname="org.apache.commons.collections4.MapUtilsTest" time="0"/>
  <testcase name="testLazyMapFactory[ar_SA]" classname="org.apache.commons.collections4.MapUtilsTest" time="0"/>
  <testcase name="testLazyMapTransformer[ar_SA]" classname="org.apache.commons.collections4.MapUtilsTest" time="0"/>
  <testcase name="testSafeAddToMap[ar_SA]" classname="org.apache.commons.collections4.MapUtilsTest" time="0"/>
  <testcase name="testIsEmptyWithNonEmptyMap[ar_SA]" classname="org.apache.commons.collections4.MapUtilsTest" time="0"/>
  <testcase name="testInvertMap[ar_SA]" classname="org.apache.commons.collections4.MapUtilsTest" time="0"/>
  <testcase name="testDebugAndVerbosePrintCasting[ar_SA]" classname="org.apache.commons.collections4.MapUtilsTest" time="0"/>
  <testcase name="testIsNotEmptyWithNonEmptyMap[ar_SA]" classname="org.apache.commons.collections4.MapUtilsTest" time="0"/>
  <testcase name="testgetByteValue[ar_SA]" classname="org.apache.commons.collections4.MapUtilsTest" time="0"/>
  <testcase name="testSize0[ar_SA]" classname="org.apache.commons.collections4.MapUtilsTest" time="0"/>
  <testcase name="testSize[ar_SA]" classname="org.apache.commons.collections4.MapUtilsTest" time="0"/>
  <testcase name="testIsNotEmptyWithEmptyMap[ar_SA]" classname="org.apache.commons.collections4.MapUtilsTest" time="0"/>
  <testcase name="testIsNotEmptyWithNull[ar_SA]" classname="org.apache.commons.collections4.MapUtilsTest" time="0"/>
  <testcase name="testIterableSortedMap[ar_SA]" classname="org.apache.commons.collections4.MapUtilsTest" time="0"/>
  <testcase name="testgetNumber[ar_SA]" classname="org.apache.commons.collections4.MapUtilsTest" time="0"/>
  <testcase name="testgetObject[ar_SA]" classname="org.apache.commons.collections4.MapUtilsTest" time="0"/>
  <testcase name="testgetString[ar_SA]" classname="org.apache.commons.collections4.MapUtilsTest" time="0"/>
  <testcase name="testPutAll_Map_array[ar_SA]" classname="org.apache.commons.collections4.MapUtilsTest" time="0"/>
  <testcase name="testVerbosePrintSelfReference[ar_SA]" classname="org.apache.commons.collections4.MapUtilsTest" time="0"/>
  <testcase name="testDebugPrintNullLabel[ar_SA]" classname="org.apache.commons.collections4.MapUtilsTest" time="0"/>
  <testcase name="testgetFloatValue[ar_SA]" classname="org.apache.commons.collections4.MapUtilsTest" time="0"/>
  <testcase name="testConvertResourceBundle[ar_SA]" classname="org.apache.commons.collections4.MapUtilsTest" time="0"/>
  <testcase name="testOrderedMap[ar_SA]" classname="org.apache.commons.collections4.MapUtilsTest" time="0"/>
  <testcase name="testDebugPrintNullLabelAndMap[ar_SA]" classname="org.apache.commons.collections4.MapUtilsTest" time="0"/>
  <testcase name="testEmptyIfNull[ar_SA]" classname="org.apache.commons.collections4.MapUtilsTest" time="0"/>
  <testcase name="testgetIntValue[ar_SA]" classname="org.apache.commons.collections4.MapUtilsTest" time="0"/>
  <testcase name="testDebugPrintSelfReference[ar_SA]" classname="org.apache.commons.collections4.MapUtilsTest" time="0"/>
  <testcase name="testIterableMap[ar_SA]" classname="org.apache.commons.collections4.MapUtilsTest" time="0"/>
  <testcase name="testDebugAndVerbosePrintNullMap[ar_SA]" classname="org.apache.commons.collections4.MapUtilsTest" time="0"/>
  <testcase name="testVerbosePrintNullLabel[ar_SA]" classname="org.apache.commons.collections4.MapUtilsTest" time="0"/>
  <testcase name="testDebugPrintNullKey[ar_SA]" classname="org.apache.commons.collections4.MapUtilsTest" time="0"/>
  <testcase name="testPredicatedMap[ar_SA]" classname="org.apache.commons.collections4.MapUtilsTest" time="0"/>
  <testcase name="testgetLongValue[ar_SA]" classname="org.apache.commons.collections4.MapUtilsTest" time="0"/>
  <testcase name="testVerbosePrintNullKeyToMap1[ar_SA]" classname="org.apache.commons.collections4.MapUtilsTest" time="0"/>
  <testcase name="testVerbosePrintNullKeyToMap2[ar_SA]" classname="org.apache.commons.collections4.MapUtilsTest" time="0"/>
  <testcase name="testPopulateMap[ar_SA]" classname="org.apache.commons.collections4.MapUtilsTest" time="0"/>
  <testcase name="testToPropertiesEmpty[ar_SA]" classname="org.apache.commons.collections4.MapUtilsTest" time="0"/>
  <testcase name="testPopulateMultiMap[ar_SA]" classname="org.apache.commons.collections4.MapUtilsTest" time="0"/>
  <testcase name="testDebugPrintNullStream[ar_SA]" classname="org.apache.commons.collections4.MapUtilsTest" time="0"/>
  <testcase name="testgetBooleanValue[ar_SA]" classname="org.apache.commons.collections4.MapUtilsTest" time="0.001"/>
  <testcase name="testIsEmptyWithEmptyMap[ar_SA]" classname="org.apache.commons.collections4.MapUtilsTest" time="0"/>
  <testcase name="testVerbosePrintNullKey[ar_SA]" classname="org.apache.commons.collections4.MapUtilsTest" time="0"/>
  <testcase name="testSizeNull[ar_SA]" classname="org.apache.commons.collections4.MapUtilsTest" time="0"/>
  <testcase name="testDebugPrintNullKeyToMap1[ar_SA]" classname="org.apache.commons.collections4.MapUtilsTest" time="0"/>
  <testcase name="testDebugPrintNullKeyToMap2[ar_SA]" classname="org.apache.commons.collections4.MapUtilsTest" time="0"/>
  <testcase name="testDebugPrint[ar_SA]" classname="org.apache.commons.collections4.MapUtilsTest" time="0"/>
  <testcase name="testgetDoubleValue[ar_SA]" classname="org.apache.commons.collections4.MapUtilsTest" time="0"/>
  <testcase name="testVerbosePrintNullStream[ar_SA]" classname="org.apache.commons.collections4.MapUtilsTest" time="0"/>
  <testcase name="testVerbosePrintNullLabelAndMap[ar_SD]" classname="org.apache.commons.collections4.MapUtilsTest" time="0"/>
  <testcase name="testgetMap[ar_SD]" classname="org.apache.commons.collections4.MapUtilsTest" time="0.001"/>
  <testcase name="testToProperties[ar_SD]" classname="org.apache.commons.collections4.MapUtilsTest" time="0"/>
  <testcase name="testgetShortValue[ar_SD]" classname="org.apache.commons.collections4.MapUtilsTest" time="0"/>
  <testcase name="testIsEmptyWithNull[ar_SD]" classname="org.apache.commons.collections4.MapUtilsTest" time="0.001"/>
  <testcase name="testVerbosePrint[ar_SD]" classname="org.apache.commons.collections4.MapUtilsTest" time="0"/>
  <testcase name="testLazyMapFactory[ar_SD]" classname="org.apache.commons.collections4.MapUtilsTest" time="0"/>
  <testcase name="testLazyMapTransformer[ar_SD]" classname="org.apache.commons.collections4.MapUtilsTest" time="0"/>
  <testcase name="testSafeAddToMap[ar_SD]" classname="org.apache.commons.collections4.MapUtilsTest" time="0"/>
  <testcase name="testIsEmptyWithNonEmptyMap[ar_SD]" classname="org.apache.commons.collections4.MapUtilsTest" time="0"/>
  <testcase name="testInvertMap[ar_SD]" classname="org.apache.commons.collections4.MapUtilsTest" time="0"/>
  <testcase name="testDebugAndVerbosePrintCasting[ar_SD]" classname="org.apache.commons.collections4.MapUtilsTest" time="0"/>
  <testcase name="testIsNotEmptyWithNonEmptyMap[ar_SD]" classname="org.apache.commons.collections4.MapUtilsTest" time="0"/>
  <testcase name="testgetByteValue[ar_SD]" classname="org.apache.commons.collections4.MapUtilsTest" time="0"/>
  <testcase name="testSize0[ar_SD]" classname="org.apache.commons.collections4.MapUtilsTest" time="0.001"/>
  <testcase name="testSize[ar_SD]" classname="org.apache.commons.collections4.MapUtilsTest" time="0"/>
  <testcase name="testIsNotEmptyWithEmptyMap[ar_SD]" classname="org.apache.commons.collections4.MapUtilsTest" time="0"/>
  <testcase name="testIsNotEmptyWithNull[ar_SD]" classname="org.apache.commons.collections4.MapUtilsTest" time="0"/>
  <testcase name="testIterableSortedMap[ar_SD]" classname="org.apache.commons.collections4.MapUtilsTest" time="0"/>
  <testcase name="testgetNumber[ar_SD]" classname="org.apache.commons.collections4.MapUtilsTest" time="0"/>
  <testcase name="testgetObject[ar_SD]" classname="org.apache.commons.collections4.MapUtilsTest" time="0"/>
  <testcase name="testgetString[ar_SD]" classname="org.apache.commons.collections4.MapUtilsTest" time="0"/>
  <testcase name="testPutAll_Map_array[ar_SD]" classname="org.apache.commons.collections4.MapUtilsTest" time="0.001"/>
  <testcase name="testVerbosePrintSelfReference[ar_SD]" classname="org.apache.commons.collections4.MapUtilsTest" time="0"/>
  <testcase name="testDebugPrintNullLabel[ar_SD]" classname="org.apache.commons.collections4.MapUtilsTest" time="0"/>
  <testcase name="testgetFloatValue[ar_SD]" classname="org.apache.commons.collections4.MapUtilsTest" time="0"/>
  <testcase name="testConvertResourceBundle[ar_SD]" classname="org.apache.commons.collections4.MapUtilsTest" time="0"/>
  <testcase name="testOrderedMap[ar_SD]" classname="org.apache.commons.collections4.MapUtilsTest" time="0"/>
  <testcase name="testDebugPrintNullLabelAndMap[ar_SD]" classname="org.apache.commons.collections4.MapUtilsTest" time="0"/>
  <testcase name="testEmptyIfNull[ar_SD]" classname="org.apache.commons.collections4.MapUtilsTest" time="0.001"/>
  <testcase name="testgetIntValue[ar_SD]" classname="org.apache.commons.collections4.MapUtilsTest" time="0"/>
  <testcase name="testDebugPrintSelfReference[ar_SD]" classname="org.apache.commons.collections4.MapUtilsTest" time="0"/>
  <testcase name="testIterableMap[ar_SD]" classname="org.apache.commons.collections4.MapUtilsTest" time="0"/>
  <testcase name="testDebugAndVerbosePrintNullMap[ar_SD]" classname="org.apache.commons.collections4.MapUtilsTest" time="0"/>
  <testcase name="testVerbosePrintNullLabel[ar_SD]" classname="org.apache.commons.collections4.MapUtilsTest" time="0"/>
  <testcase name="testDebugPrintNullKey[ar_SD]" classname="org.apache.commons.collections4.MapUtilsTest" time="0"/>
  <testcase name="testPredicatedMap[ar_SD]" classname="org.apache.commons.collections4.MapUtilsTest" time="0"/>
  <testcase name="testgetLongValue[ar_SD]" classname="org.apache.commons.collections4.MapUtilsTest" time="0"/>
  <testcase name="testVerbosePrintNullKeyToMap1[ar_SD]" classname="org.apache.commons.collections4.MapUtilsTest" time="0"/>
  <testcase name="testVerbosePrintNullKeyToMap2[ar_SD]" classname="org.apache.commons.collections4.MapUtilsTest" time="0"/>
  <testcase name="testPopulateMap[ar_SD]" classname="org.apache.commons.collections4.MapUtilsTest" time="0"/>
  <testcase name="testToPropertiesEmpty[ar_SD]" classname="org.apache.commons.collections4.MapUtilsTest" time="0.001"/>
  <testcase name="testPopulateMultiMap[ar_SD]" classname="org.apache.commons.collections4.MapUtilsTest" time="0"/>
  <testcase name="testDebugPrintNullStream[ar_SD]" classname="org.apache.commons.collections4.MapUtilsTest" time="0"/>
  <testcase name="testgetBooleanValue[ar_SD]" classname="org.apache.commons.collections4.MapUtilsTest" time="0"/>
  <testcase name="testIsEmptyWithEmptyMap[ar_SD]" classname="org.apache.commons.collections4.MapUtilsTest" time="0"/>
  <testcase name="testVerbosePrintNullKey[ar_SD]" classname="org.apache.commons.collections4.MapUtilsTest" time="0.001"/>
  <testcase name="testSizeNull[ar_SD]" classname="org.apache.commons.collections4.MapUtilsTest" time="0"/>
  <testcase name="testDebugPrintNullKeyToMap1[ar_SD]" classname="org.apache.commons.collections4.MapUtilsTest" time="0"/>
  <testcase name="testDebugPrintNullKeyToMap2[ar_SD]" classname="org.apache.commons.collections4.MapUtilsTest" time="0"/>
  <testcase name="testDebugPrint[ar_SD]" classname="org.apache.commons.collections4.MapUtilsTest" time="0"/>
  <testcase name="testgetDoubleValue[ar_SD]" classname="org.apache.commons.collections4.MapUtilsTest" time="0.001"/>
  <testcase name="testVerbosePrintNullStream[ar_SD]" classname="org.apache.commons.collections4.MapUtilsTest" time="0"/>
  <testcase name="testVerbosePrintNullLabelAndMap[ar_SY]" classname="org.apache.commons.collections4.MapUtilsTest" time="0"/>
  <testcase name="testgetMap[ar_SY]" classname="org.apache.commons.collections4.MapUtilsTest" time="0"/>
  <testcase name="testToProperties[ar_SY]" classname="org.apache.commons.collections4.MapUtilsTest" time="0"/>
  <testcase name="testgetShortValue[ar_SY]" classname="org.apache.commons.collections4.MapUtilsTest" time="0.001"/>
  <testcase name="testIsEmptyWithNull[ar_SY]" classname="org.apache.commons.collections4.MapUtilsTest" time="0"/>
  <testcase name="testVerbosePrint[ar_SY]" classname="org.apache.commons.collections4.MapUtilsTest" time="0"/>
  <testcase name="testLazyMapFactory[ar_SY]" classname="org.apache.commons.collections4.MapUtilsTest" time="0"/>
  <testcase name="testLazyMapTransformer[ar_SY]" classname="org.apache.commons.collections4.MapUtilsTest" time="0"/>
  <testcase name="testSafeAddToMap[ar_SY]" classname="org.apache.commons.collections4.MapUtilsTest" time="0"/>
  <testcase name="testIsEmptyWithNonEmptyMap[ar_SY]" classname="org.apache.commons.collections4.MapUtilsTest" time="0"/>
  <testcase name="testInvertMap[ar_SY]" classname="org.apache.commons.collections4.MapUtilsTest" time="0"/>
  <testcase name="testDebugAndVerbosePrintCasting[ar_SY]" classname="org.apache.commons.collections4.MapUtilsTest" time="0"/>
  <testcase name="testIsNotEmptyWithNonEmptyMap[ar_SY]" classname="org.apache.commons.collections4.MapUtilsTest" time="0"/>
  <testcase name="testgetByteValue[ar_SY]" classname="org.apache.commons.collections4.MapUtilsTest" time="0.001"/>
  <testcase name="testSize0[ar_SY]" classname="org.apache.commons.collections4.MapUtilsTest" time="0"/>
  <testcase name="testSize[ar_SY]" classname="org.apache.commons.collections4.MapUtilsTest" time="0"/>
  <testcase name="testIsNotEmptyWithEmptyMap[ar_SY]" classname="org.apache.commons.collections4.MapUtilsTest" time="0"/>
  <testcase name="testIsNotEmptyWithNull[ar_SY]" classname="org.apache.commons.collections4.MapUtilsTest" time="0"/>
  <testcase name="testIterableSortedMap[ar_SY]" classname="org.apache.commons.collections4.MapUtilsTest" time="0"/>
  <testcase name="testgetNumber[ar_SY]" classname="org.apache.commons.collections4.MapUtilsTest" time="0"/>
  <testcase name="testgetObject[ar_SY]" classname="org.apache.commons.collections4.MapUtilsTest" time="0"/>
  <testcase name="testgetString[ar_SY]" classname="org.apache.commons.collections4.MapUtilsTest" time="0"/>
  <testcase name="testPutAll_Map_array[ar_SY]" classname="org.apache.commons.collections4.MapUtilsTest" time="0"/>
  <testcase name="testVerbosePrintSelfReference[ar_SY]" classname="org.apache.commons.collections4.MapUtilsTest" time="0"/>
  <testcase name="testDebugPrintNullLabel[ar_SY]" classname="org.apache.commons.collections4.MapUtilsTest" time="0"/>
  <testcase name="testgetFloatValue[ar_SY]" classname="org.apache.commons.collections4.MapUtilsTest" time="0"/>
  <testcase name="testConvertResourceBundle[ar_SY]" classname="org.apache.commons.collections4.MapUtilsTest" time="0"/>
  <testcase name="testOrderedMap[ar_SY]" classname="org.apache.commons.collections4.MapUtilsTest" time="0"/>
  <testcase name="testDebugPrintNullLabelAndMap[ar_SY]" classname="org.apache.commons.collections4.MapUtilsTest" time="0"/>
  <testcase name="testEmptyIfNull[ar_SY]" classname="org.apache.commons.collections4.MapUtilsTest" time="0"/>
  <testcase name="testgetIntValue[ar_SY]" classname="org.apache.commons.collections4.MapUtilsTest" time="0"/>
  <testcase name="testDebugPrintSelfReference[ar_SY]" classname="org.apache.commons.collections4.MapUtilsTest" time="0"/>
  <testcase name="testIterableMap[ar_SY]" classname="org.apache.commons.collections4.MapUtilsTest" time="0"/>
  <testcase name="testDebugAndVerbosePrintNullMap[ar_SY]" classname="org.apache.commons.collections4.MapUtilsTest" time="0"/>
  <testcase name="testVerbosePrintNullLabel[ar_SY]" classname="org.apache.commons.collections4.MapUtilsTest" time="0"/>
  <testcase name="testDebugPrintNullKey[ar_SY]" classname="org.apache.commons.collections4.MapUtilsTest" time="0"/>
  <testcase name="testPredicatedMap[ar_SY]" classname="org.apache.commons.collections4.MapUtilsTest" time="0"/>
  <testcase name="testgetLongValue[ar_SY]" classname="org.apache.commons.collections4.MapUtilsTest" time="0"/>
  <testcase name="testVerbosePrintNullKeyToMap1[ar_SY]" classname="org.apache.commons.collections4.MapUtilsTest" time="0"/>
  <testcase name="testVerbosePrintNullKeyToMap2[ar_SY]" classname="org.apache.commons.collections4.MapUtilsTest" time="0"/>
  <testcase name="testPopulateMap[ar_SY]" classname="org.apache.commons.collections4.MapUtilsTest" time="0"/>
  <testcase name="testToPropertiesEmpty[ar_SY]" classname="org.apache.commons.collections4.MapUtilsTest" time="0"/>
  <testcase name="testPopulateMultiMap[ar_SY]" classname="org.apache.commons.collections4.MapUtilsTest" time="0"/>
  <testcase name="testDebugPrintNullStream[ar_SY]" classname="org.apache.commons.collections4.MapUtilsTest" time="0"/>
  <testcase name="testgetBooleanValue[ar_SY]" classname="org.apache.commons.collections4.MapUtilsTest" time="0"/>
  <testcase name="testIsEmptyWithEmptyMap[ar_SY]" classname="org.apache.commons.collections4.MapUtilsTest" time="0"/>
  <testcase name="testVerbosePrintNullKey[ar_SY]" classname="org.apache.commons.collections4.MapUtilsTest" time="0"/>
  <testcase name="testSizeNull[ar_SY]" classname="org.apache.commons.collections4.MapUtilsTest" time="0"/>
  <testcase name="testDebugPrintNullKeyToMap1[ar_SY]" classname="org.apache.commons.collections4.MapUtilsTest" time="0"/>
  <testcase name="testDebugPrintNullKeyToMap2[ar_SY]" classname="org.apache.commons.collections4.MapUtilsTest" time="0"/>
  <testcase name="testDebugPrint[ar_SY]" classname="org.apache.commons.collections4.MapUtilsTest" time="0"/>
  <testcase name="testgetDoubleValue[ar_SY]" classname="org.apache.commons.collections4.MapUtilsTest" time="0"/>
  <testcase name="testVerbosePrintNullStream[ar_SY]" classname="org.apache.commons.collections4.MapUtilsTest" time="0"/>
  <testcase name="testVerbosePrintNullLabelAndMap[ar_TN]" classname="org.apache.commons.collections4.MapUtilsTest" time="0"/>
  <testcase name="testgetMap[ar_TN]" classname="org.apache.commons.collections4.MapUtilsTest" time="0"/>
  <testcase name="testToProperties[ar_TN]" classname="org.apache.commons.collections4.MapUtilsTest" time="0"/>
  <testcase name="testgetShortValue[ar_TN]" classname="org.apache.commons.collections4.MapUtilsTest" time="0"/>
  <testcase name="testIsEmptyWithNull[ar_TN]" classname="org.apache.commons.collections4.MapUtilsTest" time="0"/>
  <testcase name="testVerbosePrint[ar_TN]" classname="org.apache.commons.collections4.MapUtilsTest" time="0"/>
  <testcase name="testLazyMapFactory[ar_TN]" classname="org.apache.commons.collections4.MapUtilsTest" time="0"/>
  <testcase name="testLazyMapTransformer[ar_TN]" classname="org.apache.commons.collections4.MapUtilsTest" time="0"/>
  <testcase name="testSafeAddToMap[ar_TN]" classname="org.apache.commons.collections4.MapUtilsTest" time="0"/>
  <testcase name="testIsEmptyWithNonEmptyMap[ar_TN]" classname="org.apache.commons.collections4.MapUtilsTest" time="0"/>
  <testcase name="testInvertMap[ar_TN]" classname="org.apache.commons.collections4.MapUtilsTest" time="0"/>
  <testcase name="testDebugAndVerbosePrintCasting[ar_TN]" classname="org.apache.commons.collections4.MapUtilsTest" time="0.001"/>
  <testcase name="testIsNotEmptyWithNonEmptyMap[ar_TN]" classname="org.apache.commons.collections4.MapUtilsTest" time="0"/>
  <testcase name="testgetByteValue[ar_TN]" classname="org.apache.commons.collections4.MapUtilsTest" time="0"/>
  <testcase name="testSize0[ar_TN]" classname="org.apache.commons.collections4.MapUtilsTest" time="0"/>
  <testcase name="testSize[ar_TN]" classname="org.apache.commons.collections4.MapUtilsTest" time="0"/>
  <testcase name="testIsNotEmptyWithEmptyMap[ar_TN]" classname="org.apache.commons.collections4.MapUtilsTest" time="0"/>
  <testcase name="testIsNotEmptyWithNull[ar_TN]" classname="org.apache.commons.collections4.MapUtilsTest" time="0"/>
  <testcase name="testIterableSortedMap[ar_TN]" classname="org.apache.commons.collections4.MapUtilsTest" time="0"/>
  <testcase name="testgetNumber[ar_TN]" classname="org.apache.commons.collections4.MapUtilsTest" time="0"/>
  <testcase name="testgetObject[ar_TN]" classname="org.apache.commons.collections4.MapUtilsTest" time="0"/>
  <testcase name="testgetString[ar_TN]" classname="org.apache.commons.collections4.MapUtilsTest" time="0"/>
  <testcase name="testPutAll_Map_array[ar_TN]" classname="org.apache.commons.collections4.MapUtilsTest" time="0"/>
  <testcase name="testVerbosePrintSelfReference[ar_TN]" classname="org.apache.commons.collections4.MapUtilsTest" time="0"/>
  <testcase name="testDebugPrintNullLabel[ar_TN]" classname="org.apache.commons.collections4.MapUtilsTest" time="0"/>
  <testcase name="testgetFloatValue[ar_TN]" classname="org.apache.commons.collections4.MapUtilsTest" time="0"/>
  <testcase name="testConvertResourceBundle[ar_TN]" classname="org.apache.commons.collections4.MapUtilsTest" time="0"/>
  <testcase name="testOrderedMap[ar_TN]" classname="org.apache.commons.collections4.MapUtilsTest" time="0"/>
  <testcase name="testDebugPrintNullLabelAndMap[ar_TN]" classname="org.apache.commons.collections4.MapUtilsTest" time="0"/>
  <testcase name="testEmptyIfNull[ar_TN]" classname="org.apache.commons.collections4.MapUtilsTest" time="0"/>
  <testcase name="testgetIntValue[ar_TN]" classname="org.apache.commons.collections4.MapUtilsTest" time="0"/>
  <testcase name="testDebugPrintSelfReference[ar_TN]" classname="org.apache.commons.collections4.MapUtilsTest" time="0"/>
  <testcase name="testIterableMap[ar_TN]" classname="org.apache.commons.collections4.MapUtilsTest" time="0"/>
  <testcase name="testDebugAndVerbosePrintNullMap[ar_TN]" classname="org.apache.commons.collections4.MapUtilsTest" time="0"/>
  <testcase name="testVerbosePrintNullLabel[ar_TN]" classname="org.apache.commons.collections4.MapUtilsTest" time="0"/>
  <testcase name="testDebugPrintNullKey[ar_TN]" classname="org.apache.commons.collections4.MapUtilsTest" time="0"/>
  <testcase name="testPredicatedMap[ar_TN]" classname="org.apache.commons.collections4.MapUtilsTest" time="0.001"/>
  <testcase name="testgetLongValue[ar_TN]" classname="org.apache.commons.collections4.MapUtilsTest" time="0"/>
  <testcase name="testVerbosePrintNullKeyToMap1[ar_TN]" classname="org.apache.commons.collections4.MapUtilsTest" time="0"/>
  <testcase name="testVerbosePrintNullKeyToMap2[ar_TN]" classname="org.apache.commons.collections4.MapUtilsTest" time="0"/>
  <testcase name="testPopulateMap[ar_TN]" classname="org.apache.commons.collections4.MapUtilsTest" time="0"/>
  <testcase name="testToPropertiesEmpty[ar_TN]" classname="org.apache.commons.collections4.MapUtilsTest" time="0"/>
  <testcase name="testPopulateMultiMap[ar_TN]" classname="org.apache.commons.collections4.MapUtilsTest" time="0"/>
  <testcase name="testDebugPrintNullStream[ar_TN]" classname="org.apache.commons.collections4.MapUtilsTest" time="0"/>
  <testcase name="testgetBooleanValue[ar_TN]" classname="org.apache.commons.collections4.MapUtilsTest" time="0"/>
  <testcase name="testIsEmptyWithEmptyMap[ar_TN]" classname="org.apache.commons.collections4.MapUtilsTest" time="0"/>
  <testcase name="testVerbosePrintNullKey[ar_TN]" classname="org.apache.commons.collections4.MapUtilsTest" time="0"/>
  <testcase name="testSizeNull[ar_TN]" classname="org.apache.commons.collections4.MapUtilsTest" time="0"/>
  <testcase name="testDebugPrintNullKeyToMap1[ar_TN]" classname="org.apache.commons.collections4.MapUtilsTest" time="0"/>
  <testcase name="testDebugPrintNullKeyToMap2[ar_TN]" classname="org.apache.commons.collections4.MapUtilsTest" time="0"/>
  <testcase name="testDebugPrint[ar_TN]" classname="org.apache.commons.collections4.MapUtilsTest" time="0"/>
  <testcase name="testgetDoubleValue[ar_TN]" classname="org.apache.commons.collections4.MapUtilsTest" time="0"/>
  <testcase name="testVerbosePrintNullStream[ar_TN]" classname="org.apache.commons.collections4.MapUtilsTest" time="0"/>
  <testcase name="testVerbosePrintNullLabelAndMap[ar_YE]" classname="org.apache.commons.collections4.MapUtilsTest" time="0"/>
  <testcase name="testgetMap[ar_YE]" classname="org.apache.commons.collections4.MapUtilsTest" time="0"/>
  <testcase name="testToProperties[ar_YE]" classname="org.apache.commons.collections4.MapUtilsTest" time="0"/>
  <testcase name="testgetShortValue[ar_YE]" classname="org.apache.commons.collections4.MapUtilsTest" time="0.001"/>
  <testcase name="testIsEmptyWithNull[ar_YE]" classname="org.apache.commons.collections4.MapUtilsTest" time="0"/>
  <testcase name="testVerbosePrint[ar_YE]" classname="org.apache.commons.collections4.MapUtilsTest" time="0"/>
  <testcase name="testLazyMapFactory[ar_YE]" classname="org.apache.commons.collections4.MapUtilsTest" time="0"/>
  <testcase name="testLazyMapTransformer[ar_YE]" classname="org.apache.commons.collections4.MapUtilsTest" time="0"/>
  <testcase name="testSafeAddToMap[ar_YE]" classname="org.apache.commons.collections4.MapUtilsTest" time="0"/>
  <testcase name="testIsEmptyWithNonEmptyMap[ar_YE]" classname="org.apache.commons.collections4.MapUtilsTest" time="0"/>
  <testcase name="testInvertMap[ar_YE]" classname="org.apache.commons.collections4.MapUtilsTest" time="0"/>
  <testcase name="testDebugAndVerbosePrintCasting[ar_YE]" classname="org.apache.commons.collections4.MapUtilsTest" time="0"/>
  <testcase name="testIsNotEmptyWithNonEmptyMap[ar_YE]" classname="org.apache.commons.collections4.MapUtilsTest" time="0"/>
  <testcase name="testgetByteValue[ar_YE]" classname="org.apache.commons.collections4.MapUtilsTest" time="0"/>
  <testcase name="testSize0[ar_YE]" classname="org.apache.commons.collections4.MapUtilsTest" time="0"/>
  <testcase name="testSize[ar_YE]" classname="org.apache.commons.collections4.MapUtilsTest" time="0"/>
  <testcase name="testIsNotEmptyWithEmptyMap[ar_YE]" classname="org.apache.commons.collections4.MapUtilsTest" time="0"/>
  <testcase name="testIsNotEmptyWithNull[ar_YE]" classname="org.apache.commons.collections4.MapUtilsTest" time="0"/>
  <testcase name="testIterableSortedMap[ar_YE]" classname="org.apache.commons.collections4.MapUtilsTest" time="0"/>
  <testcase name="testgetNumber[ar_YE]" classname="org.apache.commons.collections4.MapUtilsTest" time="0"/>
  <testcase name="testgetObject[ar_YE]" classname="org.apache.commons.collections4.MapUtilsTest" time="0"/>
  <testcase name="testgetString[ar_YE]" classname="org.apache.commons.collections4.MapUtilsTest" time="0"/>
  <testcase name="testPutAll_Map_array[ar_YE]" classname="org.apache.commons.collections4.MapUtilsTest" time="0"/>
  <testcase name="testVerbosePrintSelfReference[ar_YE]" classname="org.apache.commons.collections4.MapUtilsTest" time="0"/>
  <testcase name="testDebugPrintNullLabel[ar_YE]" classname="org.apache.commons.collections4.MapUtilsTest" time="0"/>
  <testcase name="testgetFloatValue[ar_YE]" classname="org.apache.commons.collections4.MapUtilsTest" time="0"/>
  <testcase name="testConvertResourceBundle[ar_YE]" classname="org.apache.commons.collections4.MapUtilsTest" time="0"/>
  <testcase name="testOrderedMap[ar_YE]" classname="org.apache.commons.collections4.MapUtilsTest" time="0"/>
  <testcase name="testDebugPrintNullLabelAndMap[ar_YE]" classname="org.apache.commons.collections4.MapUtilsTest" time="0"/>
  <testcase name="testEmptyIfNull[ar_YE]" classname="org.apache.commons.collections4.MapUtilsTest" time="0"/>
  <testcase name="testgetIntValue[ar_YE]" classname="org.apache.commons.collections4.MapUtilsTest" time="0"/>
  <testcase name="testDebugPrintSelfReference[ar_YE]" classname="org.apache.commons.collections4.MapUtilsTest" time="0"/>
  <testcase name="testIterableMap[ar_YE]" classname="org.apache.commons.collections4.MapUtilsTest" time="0"/>
  <testcase name="testDebugAndVerbosePrintNullMap[ar_YE]" classname="org.apache.commons.collections4.MapUtilsTest" time="0"/>
  <testcase name="testVerbosePrintNullLabel[ar_YE]" classname="org.apache.commons.collections4.MapUtilsTest" time="0"/>
  <testcase name="testDebugPrintNullKey[ar_YE]" classname="org.apache.commons.collections4.MapUtilsTest" time="0"/>
  <testcase name="testPredicatedMap[ar_YE]" classname="org.apache.commons.collections4.MapUtilsTest" time="0"/>
  <testcase name="testgetLongValue[ar_YE]" classname="org.apache.commons.collections4.MapUtilsTest" time="0"/>
  <testcase name="testVerbosePrintNullKeyToMap1[ar_YE]" classname="org.apache.commons.collections4.MapUtilsTest" time="0"/>
  <testcase name="testVerbosePrintNullKeyToMap2[ar_YE]" classname="org.apache.commons.collections4.MapUtilsTest" time="0"/>
  <testcase name="testPopulateMap[ar_YE]" classname="org.apache.commons.collections4.MapUtilsTest" time="0"/>
  <testcase name="testToPropertiesEmpty[ar_YE]" classname="org.apache.commons.collections4.MapUtilsTest" time="0"/>
  <testcase name="testPopulateMultiMap[ar_YE]" classname="org.apache.commons.collections4.MapUtilsTest" time="0"/>
  <testcase name="testDebugPrintNullStream[ar_YE]" classname="org.apache.commons.collections4.MapUtilsTest" time="0"/>
  <testcase name="testgetBooleanValue[ar_YE]" classname="org.apache.commons.collections4.MapUtilsTest" time="0"/>
  <testcase name="testIsEmptyWithEmptyMap[ar_YE]" classname="org.apache.commons.collections4.MapUtilsTest" time="0"/>
  <testcase name="testVerbosePrintNullKey[ar_YE]" classname="org.apache.commons.collections4.MapUtilsTest" time="0"/>
  <testcase name="testSizeNull[ar_YE]" classname="org.apache.commons.collections4.MapUtilsTest" time="0"/>
  <testcase name="testDebugPrintNullKeyToMap1[ar_YE]" classname="org.apache.commons.collections4.MapUtilsTest" time="0"/>
  <testcase name="testDebugPrintNullKeyToMap2[ar_YE]" classname="org.apache.commons.collections4.MapUtilsTest" time="0"/>
  <testcase name="testDebugPrint[ar_YE]" classname="org.apache.commons.collections4.MapUtilsTest" time="0"/>
  <testcase name="testgetDoubleValue[ar_YE]" classname="org.apache.commons.collections4.MapUtilsTest" time="0"/>
  <testcase name="testVerbosePrintNullStream[ar_YE]" classname="org.apache.commons.collections4.MapUtilsTest" time="0"/>
  <testcase name="testVerbosePrintNullLabelAndMap[be]" classname="org.apache.commons.collections4.MapUtilsTest" time="0"/>
  <testcase name="testgetMap[be]" classname="org.apache.commons.collections4.MapUtilsTest" time="0"/>
  <testcase name="testToProperties[be]" classname="org.apache.commons.collections4.MapUtilsTest" time="0"/>
  <testcase name="testgetShortValue[be]" classname="org.apache.commons.collections4.MapUtilsTest" time="0.001"/>
  <testcase name="testIsEmptyWithNull[be]" classname="org.apache.commons.collections4.MapUtilsTest" time="0"/>
  <testcase name="testVerbosePrint[be]" classname="org.apache.commons.collections4.MapUtilsTest" time="0"/>
  <testcase name="testLazyMapFactory[be]" classname="org.apache.commons.collections4.MapUtilsTest" time="0"/>
  <testcase name="testLazyMapTransformer[be]" classname="org.apache.commons.collections4.MapUtilsTest" time="0"/>
  <testcase name="testSafeAddToMap[be]" classname="org.apache.commons.collections4.MapUtilsTest" time="0"/>
  <testcase name="testIsEmptyWithNonEmptyMap[be]" classname="org.apache.commons.collections4.MapUtilsTest" time="0"/>
  <testcase name="testInvertMap[be]" classname="org.apache.commons.collections4.MapUtilsTest" time="0"/>
  <testcase name="testDebugAndVerbosePrintCasting[be]" classname="org.apache.commons.collections4.MapUtilsTest" time="0"/>
  <testcase name="testIsNotEmptyWithNonEmptyMap[be]" classname="org.apache.commons.collections4.MapUtilsTest" time="0"/>
  <testcase name="testgetByteValue[be]" classname="org.apache.commons.collections4.MapUtilsTest" time="0"/>
  <testcase name="testSize0[be]" classname="org.apache.commons.collections4.MapUtilsTest" time="0"/>
  <testcase name="testSize[be]" classname="org.apache.commons.collections4.MapUtilsTest" time="0"/>
  <testcase name="testIsNotEmptyWithEmptyMap[be]" classname="org.apache.commons.collections4.MapUtilsTest" time="0"/>
  <testcase name="testIsNotEmptyWithNull[be]" classname="org.apache.commons.collections4.MapUtilsTest" time="0.001"/>
  <testcase name="testIterableSortedMap[be]" classname="org.apache.commons.collections4.MapUtilsTest" time="0"/>
  <testcase name="testgetNumber[be]" classname="org.apache.commons.collections4.MapUtilsTest" time="0"/>
  <testcase name="testgetObject[be]" classname="org.apache.commons.collections4.MapUtilsTest" time="0"/>
  <testcase name="testgetString[be]" classname="org.apache.commons.collections4.MapUtilsTest" time="0"/>
  <testcase name="testPutAll_Map_array[be]" classname="org.apache.commons.collections4.MapUtilsTest" time="0"/>
  <testcase name="testVerbosePrintSelfReference[be]" classname="org.apache.commons.collections4.MapUtilsTest" time="0"/>
  <testcase name="testDebugPrintNullLabel[be]" classname="org.apache.commons.collections4.MapUtilsTest" time="0"/>
  <testcase name="testgetFloatValue[be]" classname="org.apache.commons.collections4.MapUtilsTest" time="0"/>
  <testcase name="testConvertResourceBundle[be]" classname="org.apache.commons.collections4.MapUtilsTest" time="0"/>
  <testcase name="testOrderedMap[be]" classname="org.apache.commons.collections4.MapUtilsTest" time="0"/>
  <testcase name="testDebugPrintNullLabelAndMap[be]" classname="org.apache.commons.collections4.MapUtilsTest" time="0"/>
  <testcase name="testEmptyIfNull[be]" classname="org.apache.commons.collections4.MapUtilsTest" time="0"/>
  <testcase name="testgetIntValue[be]" classname="org.apache.commons.collections4.MapUtilsTest" time="0"/>
  <testcase name="testDebugPrintSelfReference[be]" classname="org.apache.commons.collections4.MapUtilsTest" time="0"/>
  <testcase name="testIterableMap[be]" classname="org.apache.commons.collections4.MapUtilsTest" time="0"/>
  <testcase name="testDebugAndVerbosePrintNullMap[be]" classname="org.apache.commons.collections4.MapUtilsTest" time="0"/>
  <testcase name="testVerbosePrintNullLabel[be]" classname="org.apache.commons.collections4.MapUtilsTest" time="0"/>
  <testcase name="testDebugPrintNullKey[be]" classname="org.apache.commons.collections4.MapUtilsTest" time="0"/>
  <testcase name="testPredicatedMap[be]" classname="org.apache.commons.collections4.MapUtilsTest" time="0"/>
  <testcase name="testgetLongValue[be]" classname="org.apache.commons.collections4.MapUtilsTest" time="0"/>
  <testcase name="testVerbosePrintNullKeyToMap1[be]" classname="org.apache.commons.collections4.MapUtilsTest" time="0"/>
  <testcase name="testVerbosePrintNullKeyToMap2[be]" classname="org.apache.commons.collections4.MapUtilsTest" time="0"/>
  <testcase name="testPopulateMap[be]" classname="org.apache.commons.collections4.MapUtilsTest" time="0"/>
  <testcase name="testToPropertiesEmpty[be]" classname="org.apache.commons.collections4.MapUtilsTest" time="0"/>
  <testcase name="testPopulateMultiMap[be]" classname="org.apache.commons.collections4.MapUtilsTest" time="0"/>
  <testcase name="testDebugPrintNullStream[be]" classname="org.apache.commons.collections4.MapUtilsTest" time="0"/>
  <testcase name="testgetBooleanValue[be]" classname="org.apache.commons.collections4.MapUtilsTest" time="0"/>
  <testcase name="testIsEmptyWithEmptyMap[be]" classname="org.apache.commons.collections4.MapUtilsTest" time="0"/>
  <testcase name="testVerbosePrintNullKey[be]" classname="org.apache.commons.collections4.MapUtilsTest" time="0"/>
  <testcase name="testSizeNull[be]" classname="org.apache.commons.collections4.MapUtilsTest" time="0"/>
  <testcase name="testDebugPrintNullKeyToMap1[be]" classname="org.apache.commons.collections4.MapUtilsTest" time="0"/>
  <testcase name="testDebugPrintNullKeyToMap2[be]" classname="org.apache.commons.collections4.MapUtilsTest" time="0"/>
  <testcase name="testDebugPrint[be]" classname="org.apache.commons.collections4.MapUtilsTest" time="0"/>
  <testcase name="testgetDoubleValue[be]" classname="org.apache.commons.collections4.MapUtilsTest" time="0"/>
  <testcase name="testVerbosePrintNullStream[be]" classname="org.apache.commons.collections4.MapUtilsTest" time="0"/>
  <testcase name="testVerbosePrintNullLabelAndMap[be_BY]" classname="org.apache.commons.collections4.MapUtilsTest" time="0"/>
  <testcase name="testgetMap[be_BY]" classname="org.apache.commons.collections4.MapUtilsTest" time="0"/>
  <testcase name="testToProperties[be_BY]" classname="org.apache.commons.collections4.MapUtilsTest" time="0"/>
  <testcase name="testgetShortValue[be_BY]" classname="org.apache.commons.collections4.MapUtilsTest" time="0.001"/>
  <testcase name="testIsEmptyWithNull[be_BY]" classname="org.apache.commons.collections4.MapUtilsTest" time="0"/>
  <testcase name="testVerbosePrint[be_BY]" classname="org.apache.commons.collections4.MapUtilsTest" time="0"/>
  <testcase name="testLazyMapFactory[be_BY]" classname="org.apache.commons.collections4.MapUtilsTest" time="0"/>
  <testcase name="testLazyMapTransformer[be_BY]" classname="org.apache.commons.collections4.MapUtilsTest" time="0"/>
  <testcase name="testSafeAddToMap[be_BY]" classname="org.apache.commons.collections4.MapUtilsTest" time="0"/>
  <testcase name="testIsEmptyWithNonEmptyMap[be_BY]" classname="org.apache.commons.collections4.MapUtilsTest" time="0"/>
  <testcase name="testInvertMap[be_BY]" classname="org.apache.commons.collections4.MapUtilsTest" time="0"/>
  <testcase name="testDebugAndVerbosePrintCasting[be_BY]" classname="org.apache.commons.collections4.MapUtilsTest" time="0"/>
  <testcase name="testIsNotEmptyWithNonEmptyMap[be_BY]" classname="org.apache.commons.collections4.MapUtilsTest" time="0"/>
  <testcase name="testgetByteValue[be_BY]" classname="org.apache.commons.collections4.MapUtilsTest" time="0.001"/>
  <testcase name="testSize0[be_BY]" classname="org.apache.commons.collections4.MapUtilsTest" time="0"/>
  <testcase name="testSize[be_BY]" classname="org.apache.commons.collections4.MapUtilsTest" time="0"/>
  <testcase name="testIsNotEmptyWithEmptyMap[be_BY]" classname="org.apache.commons.collections4.MapUtilsTest" time="0"/>
  <testcase name="testIsNotEmptyWithNull[be_BY]" classname="org.apache.commons.collections4.MapUtilsTest" time="0"/>
  <testcase name="testIterableSortedMap[be_BY]" classname="org.apache.commons.collections4.MapUtilsTest" time="0"/>
  <testcase name="testgetNumber[be_BY]" classname="org.apache.commons.collections4.MapUtilsTest" time="0"/>
  <testcase name="testgetObject[be_BY]" classname="org.apache.commons.collections4.MapUtilsTest" time="0"/>
  <testcase name="testgetString[be_BY]" classname="org.apache.commons.collections4.MapUtilsTest" time="0"/>
  <testcase name="testPutAll_Map_array[be_BY]" classname="org.apache.commons.collections4.MapUtilsTest" time="0"/>
  <testcase name="testVerbosePrintSelfReference[be_BY]" classname="org.apache.commons.collections4.MapUtilsTest" time="0"/>
  <testcase name="testDebugPrintNullLabel[be_BY]" classname="org.apache.commons.collections4.MapUtilsTest" time="0"/>
  <testcase name="testgetFloatValue[be_BY]" classname="org.apache.commons.collections4.MapUtilsTest" time="0"/>
  <testcase name="testConvertResourceBundle[be_BY]" classname="org.apache.commons.collections4.MapUtilsTest" time="0"/>
  <testcase name="testOrderedMap[be_BY]" classname="org.apache.commons.collections4.MapUtilsTest" time="0"/>
  <testcase name="testDebugPrintNullLabelAndMap[be_BY]" classname="org.apache.commons.collections4.MapUtilsTest" time="0"/>
  <testcase name="testEmptyIfNull[be_BY]" classname="org.apache.commons.collections4.MapUtilsTest" time="0"/>
  <testcase name="testgetIntValue[be_BY]" classname="org.apache.commons.collections4.MapUtilsTest" time="0"/>
  <testcase name="testDebugPrintSelfReference[be_BY]" classname="org.apache.commons.collections4.MapUtilsTest" time="0"/>
  <testcase name="testIterableMap[be_BY]" classname="org.apache.commons.collections4.MapUtilsTest" time="0"/>
  <testcase name="testDebugAndVerbosePrintNullMap[be_BY]" classname="org.apache.commons.collections4.MapUtilsTest" time="0"/>
  <testcase name="testVerbosePrintNullLabel[be_BY]" classname="org.apache.commons.collections4.MapUtilsTest" time="0"/>
  <testcase name="testDebugPrintNullKey[be_BY]" classname="org.apache.commons.collections4.MapUtilsTest" time="0"/>
  <testcase name="testPredicatedMap[be_BY]" classname="org.apache.commons.collections4.MapUtilsTest" time="0"/>
  <testcase name="testgetLongValue[be_BY]" classname="org.apache.commons.collections4.MapUtilsTest" time="0"/>
  <testcase name="testVerbosePrintNullKeyToMap1[be_BY]" classname="org.apache.commons.collections4.MapUtilsTest" time="0"/>
  <testcase name="testVerbosePrintNullKeyToMap2[be_BY]" classname="org.apache.commons.collections4.MapUtilsTest" time="0"/>
  <testcase name="testPopulateMap[be_BY]" classname="org.apache.commons.collections4.MapUtilsTest" time="0"/>
  <testcase name="testToPropertiesEmpty[be_BY]" classname="org.apache.commons.collections4.MapUtilsTest" time="0"/>
  <testcase name="testPopulateMultiMap[be_BY]" classname="org.apache.commons.collections4.MapUtilsTest" time="0"/>
  <testcase name="testDebugPrintNullStream[be_BY]" classname="org.apache.commons.collections4.MapUtilsTest" time="0"/>
  <testcase name="testgetBooleanValue[be_BY]" classname="org.apache.commons.collections4.MapUtilsTest" time="0"/>
  <testcase name="testIsEmptyWithEmptyMap[be_BY]" classname="org.apache.commons.collections4.MapUtilsTest" time="0"/>
  <testcase name="testVerbosePrintNullKey[be_BY]" classname="org.apache.commons.collections4.MapUtilsTest" time="0"/>
  <testcase name="testSizeNull[be_BY]" classname="org.apache.commons.collections4.MapUtilsTest" time="0"/>
  <testcase name="testDebugPrintNullKeyToMap1[be_BY]" classname="org.apache.commons.collections4.MapUtilsTest" time="0"/>
  <testcase name="testDebugPrintNullKeyToMap2[be_BY]" classname="org.apache.commons.collections4.MapUtilsTest" time="0"/>
  <testcase name="testDebugPrint[be_BY]" classname="org.apache.commons.collections4.MapUtilsTest" time="0"/>
  <testcase name="testgetDoubleValue[be_BY]" classname="org.apache.commons.collections4.MapUtilsTest" time="0"/>
  <testcase name="testVerbosePrintNullStream[be_BY]" classname="org.apache.commons.collections4.MapUtilsTest" time="0"/>
  <testcase name="testVerbosePrintNullLabelAndMap[bg]" classname="org.apache.commons.collections4.MapUtilsTest" time="0"/>
  <testcase name="testgetMap[bg]" classname="org.apache.commons.collections4.MapUtilsTest" time="0"/>
  <testcase name="testToProperties[bg]" classname="org.apache.commons.collections4.MapUtilsTest" time="0"/>
  <testcase name="testgetShortValue[bg]" classname="org.apache.commons.collections4.MapUtilsTest" time="0.001"/>
  <testcase name="testIsEmptyWithNull[bg]" classname="org.apache.commons.collections4.MapUtilsTest" time="0"/>
  <testcase name="testVerbosePrint[bg]" classname="org.apache.commons.collections4.MapUtilsTest" time="0"/>
  <testcase name="testLazyMapFactory[bg]" classname="org.apache.commons.collections4.MapUtilsTest" time="0"/>
  <testcase name="testLazyMapTransformer[bg]" classname="org.apache.commons.collections4.MapUtilsTest" time="0"/>
  <testcase name="testSafeAddToMap[bg]" classname="org.apache.commons.collections4.MapUtilsTest" time="0"/>
  <testcase name="testIsEmptyWithNonEmptyMap[bg]" classname="org.apache.commons.collections4.MapUtilsTest" time="0"/>
  <testcase name="testInvertMap[bg]" classname="org.apache.commons.collections4.MapUtilsTest" time="0"/>
  <testcase name="testDebugAndVerbosePrintCasting[bg]" classname="org.apache.commons.collections4.MapUtilsTest" time="0"/>
  <testcase name="testIsNotEmptyWithNonEmptyMap[bg]" classname="org.apache.commons.collections4.MapUtilsTest" time="0"/>
  <testcase name="testgetByteValue[bg]" classname="org.apache.commons.collections4.MapUtilsTest" time="0"/>
  <testcase name="testSize0[bg]" classname="org.apache.commons.collections4.MapUtilsTest" time="0"/>
  <testcase name="testSize[bg]" classname="org.apache.commons.collections4.MapUtilsTest" time="0"/>
  <testcase name="testIsNotEmptyWithEmptyMap[bg]" classname="org.apache.commons.collections4.MapUtilsTest" time="0"/>
  <testcase name="testIsNotEmptyWithNull[bg]" classname="org.apache.commons.collections4.MapUtilsTest" time="0"/>
  <testcase name="testIterableSortedMap[bg]" classname="org.apache.commons.collections4.MapUtilsTest" time="0"/>
  <testcase name="testgetNumber[bg]" classname="org.apache.commons.collections4.MapUtilsTest" time="0"/>
  <testcase name="testgetObject[bg]" classname="org.apache.commons.collections4.MapUtilsTest" time="0"/>
  <testcase name="testgetString[bg]" classname="org.apache.commons.collections4.MapUtilsTest" time="0"/>
  <testcase name="testPutAll_Map_array[bg]" classname="org.apache.commons.collections4.MapUtilsTest" time="0"/>
  <testcase name="testVerbosePrintSelfReference[bg]" classname="org.apache.commons.collections4.MapUtilsTest" time="0"/>
  <testcase name="testDebugPrintNullLabel[bg]" classname="org.apache.commons.collections4.MapUtilsTest" time="0"/>
  <testcase name="testgetFloatValue[bg]" classname="org.apache.commons.collections4.MapUtilsTest" time="0"/>
  <testcase name="testConvertResourceBundle[bg]" classname="org.apache.commons.collections4.MapUtilsTest" time="0"/>
  <testcase name="testOrderedMap[bg]" classname="org.apache.commons.collections4.MapUtilsTest" time="0"/>
  <testcase name="testDebugPrintNullLabelAndMap[bg]" classname="org.apache.commons.collections4.MapUtilsTest" time="0"/>
  <testcase name="testEmptyIfNull[bg]" classname="org.apache.commons.collections4.MapUtilsTest" time="0"/>
  <testcase name="testgetIntValue[bg]" classname="org.apache.commons.collections4.MapUtilsTest" time="0"/>
  <testcase name="testDebugPrintSelfReference[bg]" classname="org.apache.commons.collections4.MapUtilsTest" time="0"/>
  <testcase name="testIterableMap[bg]" classname="org.apache.commons.collections4.MapUtilsTest" time="0"/>
  <testcase name="testDebugAndVerbosePrintNullMap[bg]" classname="org.apache.commons.collections4.MapUtilsTest" time="0"/>
  <testcase name="testVerbosePrintNullLabel[bg]" classname="org.apache.commons.collections4.MapUtilsTest" time="0"/>
  <testcase name="testDebugPrintNullKey[bg]" classname="org.apache.commons.collections4.MapUtilsTest" time="0"/>
  <testcase name="testPredicatedMap[bg]" classname="org.apache.commons.collections4.MapUtilsTest" time="0"/>
  <testcase name="testgetLongValue[bg]" classname="org.apache.commons.collections4.MapUtilsTest" time="0"/>
  <testcase name="testVerbosePrintNullKeyToMap1[bg]" classname="org.apache.commons.collections4.MapUtilsTest" time="0"/>
  <testcase name="testVerbosePrintNullKeyToMap2[bg]" classname="org.apache.commons.collections4.MapUtilsTest" time="0"/>
  <testcase name="testPopulateMap[bg]" classname="org.apache.commons.collections4.MapUtilsTest" time="0"/>
  <testcase name="testToPropertiesEmpty[bg]" classname="org.apache.commons.collections4.MapUtilsTest" time="0"/>
  <testcase name="testPopulateMultiMap[bg]" classname="org.apache.commons.collections4.MapUtilsTest" time="0"/>
  <testcase name="testDebugPrintNullStream[bg]" classname="org.apache.commons.collections4.MapUtilsTest" time="0"/>
  <testcase name="testgetBooleanValue[bg]" classname="org.apache.commons.collections4.MapUtilsTest" time="0"/>
  <testcase name="testIsEmptyWithEmptyMap[bg]" classname="org.apache.commons.collections4.MapUtilsTest" time="0"/>
  <testcase name="testVerbosePrintNullKey[bg]" classname="org.apache.commons.collections4.MapUtilsTest" time="0"/>
  <testcase name="testSizeNull[bg]" classname="org.apache.commons.collections4.MapUtilsTest" time="0"/>
  <testcase name="testDebugPrintNullKeyToMap1[bg]" classname="org.apache.commons.collections4.MapUtilsTest" time="0"/>
  <testcase name="testDebugPrintNullKeyToMap2[bg]" classname="org.apache.commons.collections4.MapUtilsTest" time="0"/>
  <testcase name="testDebugPrint[bg]" classname="org.apache.commons.collections4.MapUtilsTest" time="0"/>
  <testcase name="testgetDoubleValue[bg]" classname="org.apache.commons.collections4.MapUtilsTest" time="0"/>
  <testcase name="testVerbosePrintNullStream[bg]" classname="org.apache.commons.collections4.MapUtilsTest" time="0"/>
  <testcase name="testVerbosePrintNullLabelAndMap[bg_BG]" classname="org.apache.commons.collections4.MapUtilsTest" time="0"/>
  <testcase name="testgetMap[bg_BG]" classname="org.apache.commons.collections4.MapUtilsTest" time="0"/>
  <testcase name="testToProperties[bg_BG]" classname="org.apache.commons.collections4.MapUtilsTest" time="0"/>
  <testcase name="testgetShortValue[bg_BG]" classname="org.apache.commons.collections4.MapUtilsTest" time="0.001"/>
  <testcase name="testIsEmptyWithNull[bg_BG]" classname="org.apache.commons.collections4.MapUtilsTest" time="0"/>
  <testcase name="testVerbosePrint[bg_BG]" classname="org.apache.commons.collections4.MapUtilsTest" time="0"/>
  <testcase name="testLazyMapFactory[bg_BG]" classname="org.apache.commons.collections4.MapUtilsTest" time="0"/>
  <testcase name="testLazyMapTransformer[bg_BG]" classname="org.apache.commons.collections4.MapUtilsTest" time="0"/>
  <testcase name="testSafeAddToMap[bg_BG]" classname="org.apache.commons.collections4.MapUtilsTest" time="0"/>
  <testcase name="testIsEmptyWithNonEmptyMap[bg_BG]" classname="org.apache.commons.collections4.MapUtilsTest" time="0"/>
  <testcase name="testInvertMap[bg_BG]" classname="org.apache.commons.collections4.MapUtilsTest" time="0"/>
  <testcase name="testDebugAndVerbosePrintCasting[bg_BG]" classname="org.apache.commons.collections4.MapUtilsTest" time="0"/>
  <testcase name="testIsNotEmptyWithNonEmptyMap[bg_BG]" classname="org.apache.commons.collections4.MapUtilsTest" time="0"/>
  <testcase name="testgetByteValue[bg_BG]" classname="org.apache.commons.collections4.MapUtilsTest" time="0"/>
  <testcase name="testSize0[bg_BG]" classname="org.apache.commons.collections4.MapUtilsTest" time="0"/>
  <testcase name="testSize[bg_BG]" classname="org.apache.commons.collections4.MapUtilsTest" time="0"/>
  <testcase name="testIsNotEmptyWithEmptyMap[bg_BG]" classname="org.apache.commons.collections4.MapUtilsTest" time="0"/>
  <testcase name="testIsNotEmptyWithNull[bg_BG]" classname="org.apache.commons.collections4.MapUtilsTest" time="0"/>
  <testcase name="testIterableSortedMap[bg_BG]" classname="org.apache.commons.collections4.MapUtilsTest" time="0"/>
  <testcase name="testgetNumber[bg_BG]" classname="org.apache.commons.collections4.MapUtilsTest" time="0"/>
  <testcase name="testgetObject[bg_BG]" classname="org.apache.commons.collections4.MapUtilsTest" time="0"/>
  <testcase name="testgetString[bg_BG]" classname="org.apache.commons.collections4.MapUtilsTest" time="0"/>
  <testcase name="testPutAll_Map_array[bg_BG]" classname="org.apache.commons.collections4.MapUtilsTest" time="0"/>
  <testcase name="testVerbosePrintSelfReference[bg_BG]" classname="org.apache.commons.collections4.MapUtilsTest" time="0"/>
  <testcase name="testDebugPrintNullLabel[bg_BG]" classname="org.apache.commons.collections4.MapUtilsTest" time="0"/>
  <testcase name="testgetFloatValue[bg_BG]" classname="org.apache.commons.collections4.MapUtilsTest" time="0"/>
  <testcase name="testConvertResourceBundle[bg_BG]" classname="org.apache.commons.collections4.MapUtilsTest" time="0"/>
  <testcase name="testOrderedMap[bg_BG]" classname="org.apache.commons.collections4.MapUtilsTest" time="0"/>
  <testcase name="testDebugPrintNullLabelAndMap[bg_BG]" classname="org.apache.commons.collections4.MapUtilsTest" time="0"/>
  <testcase name="testEmptyIfNull[bg_BG]" classname="org.apache.commons.collections4.MapUtilsTest" time="0"/>
  <testcase name="testgetIntValue[bg_BG]" classname="org.apache.commons.collections4.MapUtilsTest" time="0"/>
  <testcase name="testDebugPrintSelfReference[bg_BG]" classname="org.apache.commons.collections4.MapUtilsTest" time="0"/>
  <testcase name="testIterableMap[bg_BG]" classname="org.apache.commons.collections4.MapUtilsTest" time="0"/>
  <testcase name="testDebugAndVerbosePrintNullMap[bg_BG]" classname="org.apache.commons.collections4.MapUtilsTest" time="0"/>
  <testcase name="testVerbosePrintNullLabel[bg_BG]" classname="org.apache.commons.collections4.MapUtilsTest" time="0"/>
  <testcase name="testDebugPrintNullKey[bg_BG]" classname="org.apache.commons.collections4.MapUtilsTest" time="0"/>
  <testcase name="testPredicatedMap[bg_BG]" classname="org.apache.commons.collections4.MapUtilsTest" time="0"/>
  <testcase name="testgetLongValue[bg_BG]" classname="org.apache.commons.collections4.MapUtilsTest" time="0"/>
  <testcase name="testVerbosePrintNullKeyToMap1[bg_BG]" classname="org.apache.commons.collections4.MapUtilsTest" time="0"/>
  <testcase name="testVerbosePrintNullKeyToMap2[bg_BG]" classname="org.apache.commons.collections4.MapUtilsTest" time="0"/>
  <testcase name="testPopulateMap[bg_BG]" classname="org.apache.commons.collections4.MapUtilsTest" time="0"/>
  <testcase name="testToPropertiesEmpty[bg_BG]" classname="org.apache.commons.collections4.MapUtilsTest" time="0"/>
  <testcase name="testPopulateMultiMap[bg_BG]" classname="org.apache.commons.collections4.MapUtilsTest" time="0"/>
  <testcase name="testDebugPrintNullStream[bg_BG]" classname="org.apache.commons.collections4.MapUtilsTest" time="0"/>
  <testcase name="testgetBooleanValue[bg_BG]" classname="org.apache.commons.collections4.MapUtilsTest" time="0"/>
  <testcase name="testIsEmptyWithEmptyMap[bg_BG]" classname="org.apache.commons.collections4.MapUtilsTest" time="0"/>
  <testcase name="testVerbosePrintNullKey[bg_BG]" classname="org.apache.commons.collections4.MapUtilsTest" time="0"/>
  <testcase name="testSizeNull[bg_BG]" classname="org.apache.commons.collections4.MapUtilsTest" time="0"/>
  <testcase name="testDebugPrintNullKeyToMap1[bg_BG]" classname="org.apache.commons.collections4.MapUtilsTest" time="0"/>
  <testcase name="testDebugPrintNullKeyToMap2[bg_BG]" classname="org.apache.commons.collections4.MapUtilsTest" time="0"/>
  <testcase name="testDebugPrint[bg_BG]" classname="org.apache.commons.collections4.MapUtilsTest" time="0"/>
  <testcase name="testgetDoubleValue[bg_BG]" classname="org.apache.commons.collections4.MapUtilsTest" time="0"/>
  <testcase name="testVerbosePrintNullStream[bg_BG]" classname="org.apache.commons.collections4.MapUtilsTest" time="0"/>
  <testcase name="testVerbosePrintNullLabelAndMap[ca]" classname="org.apache.commons.collections4.MapUtilsTest" time="0"/>
  <testcase name="testgetMap[ca]" classname="org.apache.commons.collections4.MapUtilsTest" time="0"/>
  <testcase name="testToProperties[ca]" classname="org.apache.commons.collections4.MapUtilsTest" time="0"/>
  <testcase name="testgetShortValue[ca]" classname="org.apache.commons.collections4.MapUtilsTest" time="0.001"/>
  <testcase name="testIsEmptyWithNull[ca]" classname="org.apache.commons.collections4.MapUtilsTest" time="0"/>
  <testcase name="testVerbosePrint[ca]" classname="org.apache.commons.collections4.MapUtilsTest" time="0"/>
  <testcase name="testLazyMapFactory[ca]" classname="org.apache.commons.collections4.MapUtilsTest" time="0"/>
  <testcase name="testLazyMapTransformer[ca]" classname="org.apache.commons.collections4.MapUtilsTest" time="0"/>
  <testcase name="testSafeAddToMap[ca]" classname="org.apache.commons.collections4.MapUtilsTest" time="0"/>
  <testcase name="testIsEmptyWithNonEmptyMap[ca]" classname="org.apache.commons.collections4.MapUtilsTest" time="0"/>
  <testcase name="testInvertMap[ca]" classname="org.apache.commons.collections4.MapUtilsTest" time="0"/>
  <testcase name="testDebugAndVerbosePrintCasting[ca]" classname="org.apache.commons.collections4.MapUtilsTest" time="0"/>
  <testcase name="testIsNotEmptyWithNonEmptyMap[ca]" classname="org.apache.commons.collections4.MapUtilsTest" time="0"/>
  <testcase name="testgetByteValue[ca]" classname="org.apache.commons.collections4.MapUtilsTest" time="0"/>
  <testcase name="testSize0[ca]" classname="org.apache.commons.collections4.MapUtilsTest" time="0"/>
  <testcase name="testSize[ca]" classname="org.apache.commons.collections4.MapUtilsTest" time="0"/>
  <testcase name="testIsNotEmptyWithEmptyMap[ca]" classname="org.apache.commons.collections4.MapUtilsTest" time="0"/>
  <testcase name="testIsNotEmptyWithNull[ca]" classname="org.apache.commons.collections4.MapUtilsTest" time="0"/>
  <testcase name="testIterableSortedMap[ca]" classname="org.apache.commons.collections4.MapUtilsTest" time="0"/>
  <testcase name="testgetNumber[ca]" classname="org.apache.commons.collections4.MapUtilsTest" time="0"/>
  <testcase name="testgetObject[ca]" classname="org.apache.commons.collections4.MapUtilsTest" time="0"/>
  <testcase name="testgetString[ca]" classname="org.apache.commons.collections4.MapUtilsTest" time="0"/>
  <testcase name="testPutAll_Map_array[ca]" classname="org.apache.commons.collections4.MapUtilsTest" time="0.001"/>
  <testcase name="testVerbosePrintSelfReference[ca]" classname="org.apache.commons.collections4.MapUtilsTest" time="0"/>
  <testcase name="testDebugPrintNullLabel[ca]" classname="org.apache.commons.collections4.MapUtilsTest" time="0"/>
  <testcase name="testgetFloatValue[ca]" classname="org.apache.commons.collections4.MapUtilsTest" time="0"/>
  <testcase name="testConvertResourceBundle[ca]" classname="org.apache.commons.collections4.MapUtilsTest" time="0"/>
  <testcase name="testOrderedMap[ca]" classname="org.apache.commons.collections4.MapUtilsTest" time="0"/>
  <testcase name="testDebugPrintNullLabelAndMap[ca]" classname="org.apache.commons.collections4.MapUtilsTest" time="0"/>
  <testcase name="testEmptyIfNull[ca]" classname="org.apache.commons.collections4.MapUtilsTest" time="0"/>
  <testcase name="testgetIntValue[ca]" classname="org.apache.commons.collections4.MapUtilsTest" time="0"/>
  <testcase name="testDebugPrintSelfReference[ca]" classname="org.apache.commons.collections4.MapUtilsTest" time="0"/>
  <testcase name="testIterableMap[ca]" classname="org.apache.commons.collections4.MapUtilsTest" time="0"/>
  <testcase name="testDebugAndVerbosePrintNullMap[ca]" classname="org.apache.commons.collections4.MapUtilsTest" time="0"/>
  <testcase name="testVerbosePrintNullLabel[ca]" classname="org.apache.commons.collections4.MapUtilsTest" time="0"/>
  <testcase name="testDebugPrintNullKey[ca]" classname="org.apache.commons.collections4.MapUtilsTest" time="0"/>
  <testcase name="testPredicatedMap[ca]" classname="org.apache.commons.collections4.MapUtilsTest" time="0"/>
  <testcase name="testgetLongValue[ca]" classname="org.apache.commons.collections4.MapUtilsTest" time="0"/>
  <testcase name="testVerbosePrintNullKeyToMap1[ca]" classname="org.apache.commons.collections4.MapUtilsTest" time="0"/>
  <testcase name="testVerbosePrintNullKeyToMap2[ca]" classname="org.apache.commons.collections4.MapUtilsTest" time="0"/>
  <testcase name="testPopulateMap[ca]" classname="org.apache.commons.collections4.MapUtilsTest" time="0"/>
  <testcase name="testToPropertiesEmpty[ca]" classname="org.apache.commons.collections4.MapUtilsTest" time="0"/>
  <testcase name="testPopulateMultiMap[ca]" classname="org.apache.commons.collections4.MapUtilsTest" time="0"/>
  <testcase name="testDebugPrintNullStream[ca]" classname="org.apache.commons.collections4.MapUtilsTest" time="0"/>
  <testcase name="testgetBooleanValue[ca]" classname="org.apache.commons.collections4.MapUtilsTest" time="0"/>
  <testcase name="testIsEmptyWithEmptyMap[ca]" classname="org.apache.commons.collections4.MapUtilsTest" time="0"/>
  <testcase name="testVerbosePrintNullKey[ca]" classname="org.apache.commons.collections4.MapUtilsTest" time="0"/>
  <testcase name="testSizeNull[ca]" classname="org.apache.commons.collections4.MapUtilsTest" time="0"/>
  <testcase name="testDebugPrintNullKeyToMap1[ca]" classname="org.apache.commons.collections4.MapUtilsTest" time="0"/>
  <testcase name="testDebugPrintNullKeyToMap2[ca]" classname="org.apache.commons.collections4.MapUtilsTest" time="0"/>
  <testcase name="testDebugPrint[ca]" classname="org.apache.commons.collections4.MapUtilsTest" time="0"/>
  <testcase name="testgetDoubleValue[ca]" classname="org.apache.commons.collections4.MapUtilsTest" time="0.001"/>
  <testcase name="testVerbosePrintNullStream[ca]" classname="org.apache.commons.collections4.MapUtilsTest" time="0"/>
  <testcase name="testVerbosePrintNullLabelAndMap[ca_ES]" classname="org.apache.commons.collections4.MapUtilsTest" time="0"/>
  <testcase name="testgetMap[ca_ES]" classname="org.apache.commons.collections4.MapUtilsTest" time="0"/>
  <testcase name="testToProperties[ca_ES]" classname="org.apache.commons.collections4.MapUtilsTest" time="0"/>
  <testcase name="testgetShortValue[ca_ES]" classname="org.apache.commons.collections4.MapUtilsTest" time="0"/>
  <testcase name="testIsEmptyWithNull[ca_ES]" classname="org.apache.commons.collections4.MapUtilsTest" time="0"/>
  <testcase name="testVerbosePrint[ca_ES]" classname="org.apache.commons.collections4.MapUtilsTest" time="0"/>
  <testcase name="testLazyMapFactory[ca_ES]" classname="org.apache.commons.collections4.MapUtilsTest" time="0"/>
  <testcase name="testLazyMapTransformer[ca_ES]" classname="org.apache.commons.collections4.MapUtilsTest" time="0"/>
  <testcase name="testSafeAddToMap[ca_ES]" classname="org.apache.commons.collections4.MapUtilsTest" time="0"/>
  <testcase name="testIsEmptyWithNonEmptyMap[ca_ES]" classname="org.apache.commons.collections4.MapUtilsTest" time="0"/>
  <testcase name="testInvertMap[ca_ES]" classname="org.apache.commons.collections4.MapUtilsTest" time="0"/>
  <testcase name="testDebugAndVerbosePrintCasting[ca_ES]" classname="org.apache.commons.collections4.MapUtilsTest" time="0.001"/>
  <testcase name="testIsNotEmptyWithNonEmptyMap[ca_ES]" classname="org.apache.commons.collections4.MapUtilsTest" time="0"/>
  <testcase name="testgetByteValue[ca_ES]" classname="org.apache.commons.collections4.MapUtilsTest" time="0"/>
  <testcase name="testSize0[ca_ES]" classname="org.apache.commons.collections4.MapUtilsTest" time="0"/>
  <testcase name="testSize[ca_ES]" classname="org.apache.commons.collections4.MapUtilsTest" time="0"/>
  <testcase name="testIsNotEmptyWithEmptyMap[ca_ES]" classname="org.apache.commons.collections4.MapUtilsTest" time="0"/>
  <testcase name="testIsNotEmptyWithNull[ca_ES]" classname="org.apache.commons.collections4.MapUtilsTest" time="0"/>
  <testcase name="testIterableSortedMap[ca_ES]" classname="org.apache.commons.collections4.MapUtilsTest" time="0"/>
  <testcase name="testgetNumber[ca_ES]" classname="org.apache.commons.collections4.MapUtilsTest" time="0"/>
  <testcase name="testgetObject[ca_ES]" classname="org.apache.commons.collections4.MapUtilsTest" time="0"/>
  <testcase name="testgetString[ca_ES]" classname="org.apache.commons.collections4.MapUtilsTest" time="0"/>
  <testcase name="testPutAll_Map_array[ca_ES]" classname="org.apache.commons.collections4.MapUtilsTest" time="0"/>
  <testcase name="testVerbosePrintSelfReference[ca_ES]" classname="org.apache.commons.collections4.MapUtilsTest" time="0"/>
  <testcase name="testDebugPrintNullLabel[ca_ES]" classname="org.apache.commons.collections4.MapUtilsTest" time="0"/>
  <testcase name="testgetFloatValue[ca_ES]" classname="org.apache.commons.collections4.MapUtilsTest" time="0"/>
  <testcase name="testConvertResourceBundle[ca_ES]" classname="org.apache.commons.collections4.MapUtilsTest" time="0"/>
  <testcase name="testOrderedMap[ca_ES]" classname="org.apache.commons.collections4.MapUtilsTest" time="0"/>
  <testcase name="testDebugPrintNullLabelAndMap[ca_ES]" classname="org.apache.commons.collections4.MapUtilsTest" time="0"/>
  <testcase name="testEmptyIfNull[ca_ES]" classname="org.apache.commons.collections4.MapUtilsTest" time="0"/>
  <testcase name="testgetIntValue[ca_ES]" classname="org.apache.commons.collections4.MapUtilsTest" time="0"/>
  <testcase name="testDebugPrintSelfReference[ca_ES]" classname="org.apache.commons.collections4.MapUtilsTest" time="0"/>
  <testcase name="testIterableMap[ca_ES]" classname="org.apache.commons.collections4.MapUtilsTest" time="0"/>
  <testcase name="testDebugAndVerbosePrintNullMap[ca_ES]" classname="org.apache.commons.collections4.MapUtilsTest" time="0"/>
  <testcase name="testVerbosePrintNullLabel[ca_ES]" classname="org.apache.commons.collections4.MapUtilsTest" time="0"/>
  <testcase name="testDebugPrintNullKey[ca_ES]" classname="org.apache.commons.collections4.MapUtilsTest" time="0"/>
  <testcase name="testPredicatedMap[ca_ES]" classname="org.apache.commons.collections4.MapUtilsTest" time="0"/>
  <testcase name="testgetLongValue[ca_ES]" classname="org.apache.commons.collections4.MapUtilsTest" time="0"/>
  <testcase name="testVerbosePrintNullKeyToMap1[ca_ES]" classname="org.apache.commons.collections4.MapUtilsTest" time="0"/>
  <testcase name="testVerbosePrintNullKeyToMap2[ca_ES]" classname="org.apache.commons.collections4.MapUtilsTest" time="0"/>
  <testcase name="testPopulateMap[ca_ES]" classname="org.apache.commons.collections4.MapUtilsTest" time="0"/>
  <testcase name="testToPropertiesEmpty[ca_ES]" classname="org.apache.commons.collections4.MapUtilsTest" time="0"/>
  <testcase name="testPopulateMultiMap[ca_ES]" classname="org.apache.commons.collections4.MapUtilsTest" time="0"/>
  <testcase name="testDebugPrintNullStream[ca_ES]" classname="org.apache.commons.collections4.MapUtilsTest" time="0"/>
  <testcase name="testgetBooleanValue[ca_ES]" classname="org.apache.commons.collections4.MapUtilsTest" time="0"/>
  <testcase name="testIsEmptyWithEmptyMap[ca_ES]" classname="org.apache.commons.collections4.MapUtilsTest" time="0"/>
  <testcase name="testVerbosePrintNullKey[ca_ES]" classname="org.apache.commons.collections4.MapUtilsTest" time="0"/>
  <testcase name="testSizeNull[ca_ES]" classname="org.apache.commons.collections4.MapUtilsTest" time="0"/>
  <testcase name="testDebugPrintNullKeyToMap1[ca_ES]" classname="org.apache.commons.collections4.MapUtilsTest" time="0.001"/>
  <testcase name="testDebugPrintNullKeyToMap2[ca_ES]" classname="org.apache.commons.collections4.MapUtilsTest" time="0"/>
  <testcase name="testDebugPrint[ca_ES]" classname="org.apache.commons.collections4.MapUtilsTest" time="0"/>
  <testcase name="testgetDoubleValue[ca_ES]" classname="org.apache.commons.collections4.MapUtilsTest" time="0"/>
  <testcase name="testVerbosePrintNullStream[ca_ES]" classname="org.apache.commons.collections4.MapUtilsTest" time="0"/>
  <testcase name="testVerbosePrintNullLabelAndMap[cs]" classname="org.apache.commons.collections4.MapUtilsTest" time="0"/>
  <testcase name="testgetMap[cs]" classname="org.apache.commons.collections4.MapUtilsTest" time="0"/>
  <testcase name="testToProperties[cs]" classname="org.apache.commons.collections4.MapUtilsTest" time="0"/>
  <testcase name="testgetShortValue[cs]" classname="org.apache.commons.collections4.MapUtilsTest" time="0"/>
  <testcase name="testIsEmptyWithNull[cs]" classname="org.apache.commons.collections4.MapUtilsTest" time="0"/>
  <testcase name="testVerbosePrint[cs]" classname="org.apache.commons.collections4.MapUtilsTest" time="0.001"/>
  <testcase name="testLazyMapFactory[cs]" classname="org.apache.commons.collections4.MapUtilsTest" time="0"/>
  <testcase name="testLazyMapTransformer[cs]" classname="org.apache.commons.collections4.MapUtilsTest" time="0"/>
  <testcase name="testSafeAddToMap[cs]" classname="org.apache.commons.collections4.MapUtilsTest" time="0"/>
  <testcase name="testIsEmptyWithNonEmptyMap[cs]" classname="org.apache.commons.collections4.MapUtilsTest" time="0"/>
  <testcase name="testInvertMap[cs]" classname="org.apache.commons.collections4.MapUtilsTest" time="0"/>
  <testcase name="testDebugAndVerbosePrintCasting[cs]" classname="org.apache.commons.collections4.MapUtilsTest" time="0"/>
  <testcase name="testIsNotEmptyWithNonEmptyMap[cs]" classname="org.apache.commons.collections4.MapUtilsTest" time="0"/>
  <testcase name="testgetByteValue[cs]" classname="org.apache.commons.collections4.MapUtilsTest" time="0"/>
  <testcase name="testSize0[cs]" classname="org.apache.commons.collections4.MapUtilsTest" time="0"/>
  <testcase name="testSize[cs]" classname="org.apache.commons.collections4.MapUtilsTest" time="0"/>
  <testcase name="testIsNotEmptyWithEmptyMap[cs]" classname="org.apache.commons.collections4.MapUtilsTest" time="0"/>
  <testcase name="testIsNotEmptyWithNull[cs]" classname="org.apache.commons.collections4.MapUtilsTest" time="0"/>
  <testcase name="testIterableSortedMap[cs]" classname="org.apache.commons.collections4.MapUtilsTest" time="0"/>
  <testcase name="testgetNumber[cs]" classname="org.apache.commons.collections4.MapUtilsTest" time="0"/>
  <testcase name="testgetObject[cs]" classname="org.apache.commons.collections4.MapUtilsTest" time="0"/>
  <testcase name="testgetString[cs]" classname="org.apache.commons.collections4.MapUtilsTest" time="0"/>
  <testcase name="testPutAll_Map_array[cs]" classname="org.apache.commons.collections4.MapUtilsTest" time="0"/>
  <testcase name="testVerbosePrintSelfReference[cs]" classname="org.apache.commons.collections4.MapUtilsTest" time="0"/>
  <testcase name="testDebugPrintNullLabel[cs]" classname="org.apache.commons.collections4.MapUtilsTest" time="0"/>
  <testcase name="testgetFloatValue[cs]" classname="org.apache.commons.collections4.MapUtilsTest" time="0"/>
  <testcase name="testConvertResourceBundle[cs]" classname="org.apache.commons.collections4.MapUtilsTest" time="0.001"/>
  <testcase name="testOrderedMap[cs]" classname="org.apache.commons.collections4.MapUtilsTest" time="0"/>
  <testcase name="testDebugPrintNullLabelAndMap[cs]" classname="org.apache.commons.collections4.MapUtilsTest" time="0"/>
  <testcase name="testEmptyIfNull[cs]" classname="org.apache.commons.collections4.MapUtilsTest" time="0"/>
  <testcase name="testgetIntValue[cs]" classname="org.apache.commons.collections4.MapUtilsTest" time="0"/>
  <testcase name="testDebugPrintSelfReference[cs]" classname="org.apache.commons.collections4.MapUtilsTest" time="0"/>
  <testcase name="testIterableMap[cs]" classname="org.apache.commons.collections4.MapUtilsTest" time="0"/>
  <testcase name="testDebugAndVerbosePrintNullMap[cs]" classname="org.apache.commons.collections4.MapUtilsTest" time="0"/>
  <testcase name="testVerbosePrintNullLabel[cs]" classname="org.apache.commons.collections4.MapUtilsTest" time="0"/>
  <testcase name="testDebugPrintNullKey[cs]" classname="org.apache.commons.collections4.MapUtilsTest" time="0"/>
  <testcase name="testPredicatedMap[cs]" classname="org.apache.commons.collections4.MapUtilsTest" time="0"/>
  <testcase name="testgetLongValue[cs]" classname="org.apache.commons.collections4.MapUtilsTest" time="0"/>
  <testcase name="testVerbosePrintNullKeyToMap1[cs]" classname="org.apache.commons.collections4.MapUtilsTest" time="0"/>
  <testcase name="testVerbosePrintNullKeyToMap2[cs]" classname="org.apache.commons.collections4.MapUtilsTest" time="0"/>
  <testcase name="testPopulateMap[cs]" classname="org.apache.commons.collections4.MapUtilsTest" time="0"/>
  <testcase name="testToPropertiesEmpty[cs]" classname="org.apache.commons.collections4.MapUtilsTest" time="0"/>
  <testcase name="testPopulateMultiMap[cs]" classname="org.apache.commons.collections4.MapUtilsTest" time="0"/>
  <testcase name="testDebugPrintNullStream[cs]" classname="org.apache.commons.collections4.MapUtilsTest" time="0"/>
  <testcase name="testgetBooleanValue[cs]" classname="org.apache.commons.collections4.MapUtilsTest" time="0"/>
  <testcase name="testIsEmptyWithEmptyMap[cs]" classname="org.apache.commons.collections4.MapUtilsTest" time="0"/>
  <testcase name="testVerbosePrintNullKey[cs]" classname="org.apache.commons.collections4.MapUtilsTest" time="0"/>
  <testcase name="testSizeNull[cs]" classname="org.apache.commons.collections4.MapUtilsTest" time="0"/>
  <testcase name="testDebugPrintNullKeyToMap1[cs]" classname="org.apache.commons.collections4.MapUtilsTest" time="0"/>
  <testcase name="testDebugPrintNullKeyToMap2[cs]" classname="org.apache.commons.collections4.MapUtilsTest" time="0"/>
  <testcase name="testDebugPrint[cs]" classname="org.apache.commons.collections4.MapUtilsTest" time="0"/>
  <testcase name="testgetDoubleValue[cs]" classname="org.apache.commons.collections4.MapUtilsTest" time="0"/>
  <testcase name="testVerbosePrintNullStream[cs]" classname="org.apache.commons.collections4.MapUtilsTest" time="0"/>
  <testcase name="testVerbosePrintNullLabelAndMap[cs_CZ]" classname="org.apache.commons.collections4.MapUtilsTest" time="0"/>
  <testcase name="testgetMap[cs_CZ]" classname="org.apache.commons.collections4.MapUtilsTest" time="0"/>
  <testcase name="testToProperties[cs_CZ]" classname="org.apache.commons.collections4.MapUtilsTest" time="0"/>
  <testcase name="testgetShortValue[cs_CZ]" classname="org.apache.commons.collections4.MapUtilsTest" time="0.001"/>
  <testcase name="testIsEmptyWithNull[cs_CZ]" classname="org.apache.commons.collections4.MapUtilsTest" time="0"/>
  <testcase name="testVerbosePrint[cs_CZ]" classname="org.apache.commons.collections4.MapUtilsTest" time="0"/>
  <testcase name="testLazyMapFactory[cs_CZ]" classname="org.apache.commons.collections4.MapUtilsTest" time="0"/>
  <testcase name="testLazyMapTransformer[cs_CZ]" classname="org.apache.commons.collections4.MapUtilsTest" time="0"/>
  <testcase name="testSafeAddToMap[cs_CZ]" classname="org.apache.commons.collections4.MapUtilsTest" time="0"/>
  <testcase name="testIsEmptyWithNonEmptyMap[cs_CZ]" classname="org.apache.commons.collections4.MapUtilsTest" time="0"/>
  <testcase name="testInvertMap[cs_CZ]" classname="org.apache.commons.collections4.MapUtilsTest" time="0"/>
  <testcase name="testDebugAndVerbosePrintCasting[cs_CZ]" classname="org.apache.commons.collections4.MapUtilsTest" time="0"/>
  <testcase name="testIsNotEmptyWithNonEmptyMap[cs_CZ]" classname="org.apache.commons.collections4.MapUtilsTest" time="0"/>
  <testcase name="testgetByteValue[cs_CZ]" classname="org.apache.commons.collections4.MapUtilsTest" time="0"/>
  <testcase name="testSize0[cs_CZ]" classname="org.apache.commons.collections4.MapUtilsTest" time="0"/>
  <testcase name="testSize[cs_CZ]" classname="org.apache.commons.collections4.MapUtilsTest" time="0"/>
  <testcase name="testIsNotEmptyWithEmptyMap[cs_CZ]" classname="org.apache.commons.collections4.MapUtilsTest" time="0"/>
  <testcase name="testIsNotEmptyWithNull[cs_CZ]" classname="org.apache.commons.collections4.MapUtilsTest" time="0"/>
  <testcase name="testIterableSortedMap[cs_CZ]" classname="org.apache.commons.collections4.MapUtilsTest" time="0"/>
  <testcase name="testgetNumber[cs_CZ]" classname="org.apache.commons.collections4.MapUtilsTest" time="0"/>
  <testcase name="testgetObject[cs_CZ]" classname="org.apache.commons.collections4.MapUtilsTest" time="0"/>
  <testcase name="testgetString[cs_CZ]" classname="org.apache.commons.collections4.MapUtilsTest" time="0"/>
  <testcase name="testPutAll_Map_array[cs_CZ]" classname="org.apache.commons.collections4.MapUtilsTest" time="0"/>
  <testcase name="testVerbosePrintSelfReference[cs_CZ]" classname="org.apache.commons.collections4.MapUtilsTest" time="0"/>
  <testcase name="testDebugPrintNullLabel[cs_CZ]" classname="org.apache.commons.collections4.MapUtilsTest" time="0"/>
  <testcase name="testgetFloatValue[cs_CZ]" classname="org.apache.commons.collections4.MapUtilsTest" time="0"/>
  <testcase name="testConvertResourceBundle[cs_CZ]" classname="org.apache.commons.collections4.MapUtilsTest" time="0.001"/>
  <testcase name="testOrderedMap[cs_CZ]" classname="org.apache.commons.collections4.MapUtilsTest" time="0"/>
  <testcase name="testDebugPrintNullLabelAndMap[cs_CZ]" classname="org.apache.commons.collections4.MapUtilsTest" time="0"/>
  <testcase name="testEmptyIfNull[cs_CZ]" classname="org.apache.commons.collections4.MapUtilsTest" time="0"/>
  <testcase name="testgetIntValue[cs_CZ]" classname="org.apache.commons.collections4.MapUtilsTest" time="0"/>
  <testcase name="testDebugPrintSelfReference[cs_CZ]" classname="org.apache.commons.collections4.MapUtilsTest" time="0"/>
  <testcase name="testIterableMap[cs_CZ]" classname="org.apache.commons.collections4.MapUtilsTest" time="0"/>
  <testcase name="testDebugAndVerbosePrintNullMap[cs_CZ]" classname="org.apache.commons.collections4.MapUtilsTest" time="0"/>
  <testcase name="testVerbosePrintNullLabel[cs_CZ]" classname="org.apache.commons.collections4.MapUtilsTest" time="0"/>
  <testcase name="testDebugPrintNullKey[cs_CZ]" classname="org.apache.commons.collections4.MapUtilsTest" time="0"/>
  <testcase name="testPredicatedMap[cs_CZ]" classname="org.apache.commons.collections4.MapUtilsTest" time="0"/>
  <testcase name="testgetLongValue[cs_CZ]" classname="org.apache.commons.collections4.MapUtilsTest" time="0"/>
  <testcase name="testVerbosePrintNullKeyToMap1[cs_CZ]" classname="org.apache.commons.collections4.MapUtilsTest" time="0"/>
  <testcase name="testVerbosePrintNullKeyToMap2[cs_CZ]" classname="org.apache.commons.collections4.MapUtilsTest" time="0"/>
  <testcase name="testPopulateMap[cs_CZ]" classname="org.apache.commons.collections4.MapUtilsTest" time="0"/>
  <testcase name="testToPropertiesEmpty[cs_CZ]" classname="org.apache.commons.collections4.MapUtilsTest" time="0"/>
  <testcase name="testPopulateMultiMap[cs_CZ]" classname="org.apache.commons.collections4.MapUtilsTest" time="0"/>
  <testcase name="testDebugPrintNullStream[cs_CZ]" classname="org.apache.commons.collections4.MapUtilsTest" time="0"/>
  <testcase name="testgetBooleanValue[cs_CZ]" classname="org.apache.commons.collections4.MapUtilsTest" time="0"/>
  <testcase name="testIsEmptyWithEmptyMap[cs_CZ]" classname="org.apache.commons.collections4.MapUtilsTest" time="0"/>
  <testcase name="testVerbosePrintNullKey[cs_CZ]" classname="org.apache.commons.collections4.MapUtilsTest" time="0"/>
  <testcase name="testSizeNull[cs_CZ]" classname="org.apache.commons.collections4.MapUtilsTest" time="0"/>
  <testcase name="testDebugPrintNullKeyToMap1[cs_CZ]" classname="org.apache.commons.collections4.MapUtilsTest" time="0"/>
  <testcase name="testDebugPrintNullKeyToMap2[cs_CZ]" classname="org.apache.commons.collections4.MapUtilsTest" time="0"/>
  <testcase name="testDebugPrint[cs_CZ]" classname="org.apache.commons.collections4.MapUtilsTest" time="0"/>
  <testcase name="testgetDoubleValue[cs_CZ]" classname="org.apache.commons.collections4.MapUtilsTest" time="0"/>
  <testcase name="testVerbosePrintNullStream[cs_CZ]" classname="org.apache.commons.collections4.MapUtilsTest" time="0"/>
  <testcase name="testVerbosePrintNullLabelAndMap[da]" classname="org.apache.commons.collections4.MapUtilsTest" time="0"/>
  <testcase name="testgetMap[da]" classname="org.apache.commons.collections4.MapUtilsTest" time="0"/>
  <testcase name="testToProperties[da]" classname="org.apache.commons.collections4.MapUtilsTest" time="0"/>
  <testcase name="testgetShortValue[da]" classname="org.apache.commons.collections4.MapUtilsTest" time="0.001"/>
  <testcase name="testIsEmptyWithNull[da]" classname="org.apache.commons.collections4.MapUtilsTest" time="0"/>
  <testcase name="testVerbosePrint[da]" classname="org.apache.commons.collections4.MapUtilsTest" time="0"/>
  <testcase name="testLazyMapFactory[da]" classname="org.apache.commons.collections4.MapUtilsTest" time="0"/>
  <testcase name="testLazyMapTransformer[da]" classname="org.apache.commons.collections4.MapUtilsTest" time="0"/>
  <testcase name="testSafeAddToMap[da]" classname="org.apache.commons.collections4.MapUtilsTest" time="0"/>
  <testcase name="testIsEmptyWithNonEmptyMap[da]" classname="org.apache.commons.collections4.MapUtilsTest" time="0"/>
  <testcase name="testInvertMap[da]" classname="org.apache.commons.collections4.MapUtilsTest" time="0"/>
  <testcase name="testDebugAndVerbosePrintCasting[da]" classname="org.apache.commons.collections4.MapUtilsTest" time="0"/>
  <testcase name="testIsNotEmptyWithNonEmptyMap[da]" classname="org.apache.commons.collections4.MapUtilsTest" time="0"/>
  <testcase name="testgetByteValue[da]" classname="org.apache.commons.collections4.MapUtilsTest" time="0"/>
  <testcase name="testSize0[da]" classname="org.apache.commons.collections4.MapUtilsTest" time="0"/>
  <testcase name="testSize[da]" classname="org.apache.commons.collections4.MapUtilsTest" time="0"/>
  <testcase name="testIsNotEmptyWithEmptyMap[da]" classname="org.apache.commons.collections4.MapUtilsTest" time="0"/>
  <testcase name="testIsNotEmptyWithNull[da]" classname="org.apache.commons.collections4.MapUtilsTest" time="0"/>
  <testcase name="testIterableSortedMap[da]" classname="org.apache.commons.collections4.MapUtilsTest" time="0"/>
  <testcase name="testgetNumber[da]" classname="org.apache.commons.collections4.MapUtilsTest" time="0"/>
  <testcase name="testgetObject[da]" classname="org.apache.commons.collections4.MapUtilsTest" time="0"/>
  <testcase name="testgetString[da]" classname="org.apache.commons.collections4.MapUtilsTest" time="0"/>
  <testcase name="testPutAll_Map_array[da]" classname="org.apache.commons.collections4.MapUtilsTest" time="0"/>
  <testcase name="testVerbosePrintSelfReference[da]" classname="org.apache.commons.collections4.MapUtilsTest" time="0"/>
  <testcase name="testDebugPrintNullLabel[da]" classname="org.apache.commons.collections4.MapUtilsTest" time="0"/>
  <testcase name="testgetFloatValue[da]" classname="org.apache.commons.collections4.MapUtilsTest" time="0"/>
  <testcase name="testConvertResourceBundle[da]" classname="org.apache.commons.collections4.MapUtilsTest" time="0"/>
  <testcase name="testOrderedMap[da]" classname="org.apache.commons.collections4.MapUtilsTest" time="0"/>
  <testcase name="testDebugPrintNullLabelAndMap[da]" classname="org.apache.commons.collections4.MapUtilsTest" time="0"/>
  <testcase name="testEmptyIfNull[da]" classname="org.apache.commons.collections4.MapUtilsTest" time="0"/>
  <testcase name="testgetIntValue[da]" classname="org.apache.commons.collections4.MapUtilsTest" time="0"/>
  <testcase name="testDebugPrintSelfReference[da]" classname="org.apache.commons.collections4.MapUtilsTest" time="0"/>
  <testcase name="testIterableMap[da]" classname="org.apache.commons.collections4.MapUtilsTest" time="0"/>
  <testcase name="testDebugAndVerbosePrintNullMap[da]" classname="org.apache.commons.collections4.MapUtilsTest" time="0"/>
  <testcase name="testVerbosePrintNullLabel[da]" classname="org.apache.commons.collections4.MapUtilsTest" time="0"/>
  <testcase name="testDebugPrintNullKey[da]" classname="org.apache.commons.collections4.MapUtilsTest" time="0"/>
  <testcase name="testPredicatedMap[da]" classname="org.apache.commons.collections4.MapUtilsTest" time="0"/>
  <testcase name="testgetLongValue[da]" classname="org.apache.commons.collections4.MapUtilsTest" time="0"/>
  <testcase name="testVerbosePrintNullKeyToMap1[da]" classname="org.apache.commons.collections4.MapUtilsTest" time="0"/>
  <testcase name="testVerbosePrintNullKeyToMap2[da]" classname="org.apache.commons.collections4.MapUtilsTest" time="0"/>
  <testcase name="testPopulateMap[da]" classname="org.apache.commons.collections4.MapUtilsTest" time="0"/>
  <testcase name="testToPropertiesEmpty[da]" classname="org.apache.commons.collections4.MapUtilsTest" time="0"/>
  <testcase name="testPopulateMultiMap[da]" classname="org.apache.commons.collections4.MapUtilsTest" time="0"/>
  <testcase name="testDebugPrintNullStream[da]" classname="org.apache.commons.collections4.MapUtilsTest" time="0"/>
  <testcase name="testgetBooleanValue[da]" classname="org.apache.commons.collections4.MapUtilsTest" time="0"/>
  <testcase name="testIsEmptyWithEmptyMap[da]" classname="org.apache.commons.collections4.MapUtilsTest" time="0"/>
  <testcase name="testVerbosePrintNullKey[da]" classname="org.apache.commons.collections4.MapUtilsTest" time="0"/>
  <testcase name="testSizeNull[da]" classname="org.apache.commons.collections4.MapUtilsTest" time="0"/>
  <testcase name="testDebugPrintNullKeyToMap1[da]" classname="org.apache.commons.collections4.MapUtilsTest" time="0"/>
  <testcase name="testDebugPrintNullKeyToMap2[da]" classname="org.apache.commons.collections4.MapUtilsTest" time="0"/>
  <testcase name="testDebugPrint[da]" classname="org.apache.commons.collections4.MapUtilsTest" time="0"/>
  <testcase name="testgetDoubleValue[da]" classname="org.apache.commons.collections4.MapUtilsTest" time="0"/>
  <testcase name="testVerbosePrintNullStream[da]" classname="org.apache.commons.collections4.MapUtilsTest" time="0"/>
  <testcase name="testVerbosePrintNullLabelAndMap[da_DK]" classname="org.apache.commons.collections4.MapUtilsTest" time="0"/>
  <testcase name="testgetMap[da_DK]" classname="org.apache.commons.collections4.MapUtilsTest" time="0"/>
  <testcase name="testToProperties[da_DK]" classname="org.apache.commons.collections4.MapUtilsTest" time="0"/>
  <testcase name="testgetShortValue[da_DK]" classname="org.apache.commons.collections4.MapUtilsTest" time="0.001"/>
  <testcase name="testIsEmptyWithNull[da_DK]" classname="org.apache.commons.collections4.MapUtilsTest" time="0"/>
  <testcase name="testVerbosePrint[da_DK]" classname="org.apache.commons.collections4.MapUtilsTest" time="0"/>
  <testcase name="testLazyMapFactory[da_DK]" classname="org.apache.commons.collections4.MapUtilsTest" time="0"/>
  <testcase name="testLazyMapTransformer[da_DK]" classname="org.apache.commons.collections4.MapUtilsTest" time="0"/>
  <testcase name="testSafeAddToMap[da_DK]" classname="org.apache.commons.collections4.MapUtilsTest" time="0"/>
  <testcase name="testIsEmptyWithNonEmptyMap[da_DK]" classname="org.apache.commons.collections4.MapUtilsTest" time="0"/>
  <testcase name="testInvertMap[da_DK]" classname="org.apache.commons.collections4.MapUtilsTest" time="0"/>
  <testcase name="testDebugAndVerbosePrintCasting[da_DK]" classname="org.apache.commons.collections4.MapUtilsTest" time="0"/>
  <testcase name="testIsNotEmptyWithNonEmptyMap[da_DK]" classname="org.apache.commons.collections4.MapUtilsTest" time="0"/>
  <testcase name="testgetByteValue[da_DK]" classname="org.apache.commons.collections4.MapUtilsTest" time="0"/>
  <testcase name="testSize0[da_DK]" classname="org.apache.commons.collections4.MapUtilsTest" time="0"/>
  <testcase name="testSize[da_DK]" classname="org.apache.commons.collections4.MapUtilsTest" time="0"/>
  <testcase name="testIsNotEmptyWithEmptyMap[da_DK]" classname="org.apache.commons.collections4.MapUtilsTest" time="0"/>
  <testcase name="testIsNotEmptyWithNull[da_DK]" classname="org.apache.commons.collections4.MapUtilsTest" time="0"/>
  <testcase name="testIterableSortedMap[da_DK]" classname="org.apache.commons.collections4.MapUtilsTest" time="0"/>
  <testcase name="testgetNumber[da_DK]" classname="org.apache.commons.collections4.MapUtilsTest" time="0"/>
  <testcase name="testgetObject[da_DK]" classname="org.apache.commons.collections4.MapUtilsTest" time="0.001"/>
  <testcase name="testgetString[da_DK]" classname="org.apache.commons.collections4.MapUtilsTest" time="0"/>
  <testcase name="testPutAll_Map_array[da_DK]" classname="org.apache.commons.collections4.MapUtilsTest" time="0"/>
  <testcase name="testVerbosePrintSelfReference[da_DK]" classname="org.apache.commons.collections4.MapUtilsTest" time="0"/>
  <testcase name="testDebugPrintNullLabel[da_DK]" classname="org.apache.commons.collections4.MapUtilsTest" time="0"/>
  <testcase name="testgetFloatValue[da_DK]" classname="org.apache.commons.collections4.MapUtilsTest" time="0"/>
  <testcase name="testConvertResourceBundle[da_DK]" classname="org.apache.commons.collections4.MapUtilsTest" time="0"/>
  <testcase name="testOrderedMap[da_DK]" classname="org.apache.commons.collections4.MapUtilsTest" time="0"/>
  <testcase name="testDebugPrintNullLabelAndMap[da_DK]" classname="org.apache.commons.collections4.MapUtilsTest" time="0"/>
  <testcase name="testEmptyIfNull[da_DK]" classname="org.apache.commons.collections4.MapUtilsTest" time="0"/>
  <testcase name="testgetIntValue[da_DK]" classname="org.apache.commons.collections4.MapUtilsTest" time="0"/>
  <testcase name="testDebugPrintSelfReference[da_DK]" classname="org.apache.commons.collections4.MapUtilsTest" time="0"/>
  <testcase name="testIterableMap[da_DK]" classname="org.apache.commons.collections4.MapUtilsTest" time="0"/>
  <testcase name="testDebugAndVerbosePrintNullMap[da_DK]" classname="org.apache.commons.collections4.MapUtilsTest" time="0"/>
  <testcase name="testVerbosePrintNullLabel[da_DK]" classname="org.apache.commons.collections4.MapUtilsTest" time="0"/>
  <testcase name="testDebugPrintNullKey[da_DK]" classname="org.apache.commons.collections4.MapUtilsTest" time="0"/>
  <testcase name="testPredicatedMap[da_DK]" classname="org.apache.commons.collections4.MapUtilsTest" time="0"/>
  <testcase name="testgetLongValue[da_DK]" classname="org.apache.commons.collections4.MapUtilsTest" time="0"/>
  <testcase name="testVerbosePrintNullKeyToMap1[da_DK]" classname="org.apache.commons.collections4.MapUtilsTest" time="0"/>
  <testcase name="testVerbosePrintNullKeyToMap2[da_DK]" classname="org.apache.commons.collections4.MapUtilsTest" time="0"/>
  <testcase name="testPopulateMap[da_DK]" classname="org.apache.commons.collections4.MapUtilsTest" time="0"/>
  <testcase name="testToPropertiesEmpty[da_DK]" classname="org.apache.commons.collections4.MapUtilsTest" time="0"/>
  <testcase name="testPopulateMultiMap[da_DK]" classname="org.apache.commons.collections4.MapUtilsTest" time="0"/>
  <testcase name="testDebugPrintNullStream[da_DK]" classname="org.apache.commons.collections4.MapUtilsTest" time="0"/>
  <testcase name="testgetBooleanValue[da_DK]" classname="org.apache.commons.collections4.MapUtilsTest" time="0"/>
  <testcase name="testIsEmptyWithEmptyMap[da_DK]" classname="org.apache.commons.collections4.MapUtilsTest" time="0"/>
  <testcase name="testVerbosePrintNullKey[da_DK]" classname="org.apache.commons.collections4.MapUtilsTest" time="0"/>
  <testcase name="testSizeNull[da_DK]" classname="org.apache.commons.collections4.MapUtilsTest" time="0"/>
  <testcase name="testDebugPrintNullKeyToMap1[da_DK]" classname="org.apache.commons.collections4.MapUtilsTest" time="0.001"/>
  <testcase name="testDebugPrintNullKeyToMap2[da_DK]" classname="org.apache.commons.collections4.MapUtilsTest" time="0"/>
  <testcase name="testDebugPrint[da_DK]" classname="org.apache.commons.collections4.MapUtilsTest" time="0"/>
  <testcase name="testgetDoubleValue[da_DK]" classname="org.apache.commons.collections4.MapUtilsTest" time="0"/>
  <testcase name="testVerbosePrintNullStream[da_DK]" classname="org.apache.commons.collections4.MapUtilsTest" time="0"/>
  <testcase name="testVerbosePrintNullLabelAndMap[de]" classname="org.apache.commons.collections4.MapUtilsTest" time="0"/>
  <testcase name="testgetMap[de]" classname="org.apache.commons.collections4.MapUtilsTest" time="0"/>
  <testcase name="testToProperties[de]" classname="org.apache.commons.collections4.MapUtilsTest" time="0"/>
  <testcase name="testgetShortValue[de]" classname="org.apache.commons.collections4.MapUtilsTest" time="0"/>
  <testcase name="testIsEmptyWithNull[de]" classname="org.apache.commons.collections4.MapUtilsTest" time="0"/>
  <testcase name="testVerbosePrint[de]" classname="org.apache.commons.collections4.MapUtilsTest" time="0"/>
  <testcase name="testLazyMapFactory[de]" classname="org.apache.commons.collections4.MapUtilsTest" time="0"/>
  <testcase name="testLazyMapTransformer[de]" classname="org.apache.commons.collections4.MapUtilsTest" time="0"/>
  <testcase name="testSafeAddToMap[de]" classname="org.apache.commons.collections4.MapUtilsTest" time="0"/>
  <testcase name="testIsEmptyWithNonEmptyMap[de]" classname="org.apache.commons.collections4.MapUtilsTest" time="0"/>
  <testcase name="testInvertMap[de]" classname="org.apache.commons.collections4.MapUtilsTest" time="0"/>
  <testcase name="testDebugAndVerbosePrintCasting[de]" classname="org.apache.commons.collections4.MapUtilsTest" time="0.001"/>
  <testcase name="testIsNotEmptyWithNonEmptyMap[de]" classname="org.apache.commons.collections4.MapUtilsTest" time="0"/>
  <testcase name="testgetByteValue[de]" classname="org.apache.commons.collections4.MapUtilsTest" time="0"/>
  <testcase name="testSize0[de]" classname="org.apache.commons.collections4.MapUtilsTest" time="0"/>
  <testcase name="testSize[de]" classname="org.apache.commons.collections4.MapUtilsTest" time="0"/>
  <testcase name="testIsNotEmptyWithEmptyMap[de]" classname="org.apache.commons.collections4.MapUtilsTest" time="0"/>
  <testcase name="testIsNotEmptyWithNull[de]" classname="org.apache.commons.collections4.MapUtilsTest" time="0"/>
  <testcase name="testIterableSortedMap[de]" classname="org.apache.commons.collections4.MapUtilsTest" time="0"/>
  <testcase name="testgetNumber[de]" classname="org.apache.commons.collections4.MapUtilsTest" time="0"/>
  <testcase name="testgetObject[de]" classname="org.apache.commons.collections4.MapUtilsTest" time="0"/>
  <testcase name="testgetString[de]" classname="org.apache.commons.collections4.MapUtilsTest" time="0"/>
  <testcase name="testPutAll_Map_array[de]" classname="org.apache.commons.collections4.MapUtilsTest" time="0"/>
  <testcase name="testVerbosePrintSelfReference[de]" classname="org.apache.commons.collections4.MapUtilsTest" time="0"/>
  <testcase name="testDebugPrintNullLabel[de]" classname="org.apache.commons.collections4.MapUtilsTest" time="0"/>
  <testcase name="testgetFloatValue[de]" classname="org.apache.commons.collections4.MapUtilsTest" time="0"/>
  <testcase name="testConvertResourceBundle[de]" classname="org.apache.commons.collections4.MapUtilsTest" time="0"/>
  <testcase name="testOrderedMap[de]" classname="org.apache.commons.collections4.MapUtilsTest" time="0"/>
  <testcase name="testDebugPrintNullLabelAndMap[de]" classname="org.apache.commons.collections4.MapUtilsTest" time="0"/>
  <testcase name="testEmptyIfNull[de]" classname="org.apache.commons.collections4.MapUtilsTest" time="0"/>
  <testcase name="testgetIntValue[de]" classname="org.apache.commons.collections4.MapUtilsTest" time="0"/>
  <testcase name="testDebugPrintSelfReference[de]" classname="org.apache.commons.collections4.MapUtilsTest" time="0"/>
  <testcase name="testIterableMap[de]" classname="org.apache.commons.collections4.MapUtilsTest" time="0"/>
  <testcase name="testDebugAndVerbosePrintNullMap[de]" classname="org.apache.commons.collections4.MapUtilsTest" time="0"/>
  <testcase name="testVerbosePrintNullLabel[de]" classname="org.apache.commons.collections4.MapUtilsTest" time="0"/>
  <testcase name="testDebugPrintNullKey[de]" classname="org.apache.commons.collections4.MapUtilsTest" time="0"/>
  <testcase name="testPredicatedMap[de]" classname="org.apache.commons.collections4.MapUtilsTest" time="0"/>
  <testcase name="testgetLongValue[de]" classname="org.apache.commons.collections4.MapUtilsTest" time="0"/>
  <testcase name="testVerbosePrintNullKeyToMap1[de]" classname="org.apache.commons.collections4.MapUtilsTest" time="0"/>
  <testcase name="testVerbosePrintNullKeyToMap2[de]" classname="org.apache.commons.collections4.MapUtilsTest" time="0"/>
  <testcase name="testPopulateMap[de]" classname="org.apache.commons.collections4.MapUtilsTest" time="0"/>
  <testcase name="testToPropertiesEmpty[de]" classname="org.apache.commons.collections4.MapUtilsTest" time="0"/>
  <testcase name="testPopulateMultiMap[de]" classname="org.apache.commons.collections4.MapUtilsTest" time="0"/>
  <testcase name="testDebugPrintNullStream[de]" classname="org.apache.commons.collections4.MapUtilsTest" time="0"/>
  <testcase name="testgetBooleanValue[de]" classname="org.apache.commons.collections4.MapUtilsTest" time="0"/>
  <testcase name="testIsEmptyWithEmptyMap[de]" classname="org.apache.commons.collections4.MapUtilsTest" time="0"/>
  <testcase name="testVerbosePrintNullKey[de]" classname="org.apache.commons.collections4.MapUtilsTest" time="0"/>
  <testcase name="testSizeNull[de]" classname="org.apache.commons.collections4.MapUtilsTest" time="0"/>
  <testcase name="testDebugPrintNullKeyToMap1[de]" classname="org.apache.commons.collections4.MapUtilsTest" time="0"/>
  <testcase name="testDebugPrintNullKeyToMap2[de]" classname="org.apache.commons.collections4.MapUtilsTest" time="0"/>
  <testcase name="testDebugPrint[de]" classname="org.apache.commons.collections4.MapUtilsTest" time="0.001"/>
  <testcase name="testgetDoubleValue[de]" classname="org.apache.commons.collections4.MapUtilsTest" time="0"/>
  <testcase name="testVerbosePrintNullStream[de]" classname="org.apache.commons.collections4.MapUtilsTest" time="0"/>
  <testcase name="testVerbosePrintNullLabelAndMap[de_AT]" classname="org.apache.commons.collections4.MapUtilsTest" time="0"/>
  <testcase name="testgetMap[de_AT]" classname="org.apache.commons.collections4.MapUtilsTest" time="0"/>
  <testcase name="testToProperties[de_AT]" classname="org.apache.commons.collections4.MapUtilsTest" time="0"/>
  <testcase name="testgetShortValue[de_AT]" classname="org.apache.commons.collections4.MapUtilsTest" time="0.001"/>
  <testcase name="testIsEmptyWithNull[de_AT]" classname="org.apache.commons.collections4.MapUtilsTest" time="0"/>
  <testcase name="testVerbosePrint[de_AT]" classname="org.apache.commons.collections4.MapUtilsTest" time="0"/>
  <testcase name="testLazyMapFactory[de_AT]" classname="org.apache.commons.collections4.MapUtilsTest" time="0"/>
  <testcase name="testLazyMapTransformer[de_AT]" classname="org.apache.commons.collections4.MapUtilsTest" time="0"/>
  <testcase name="testSafeAddToMap[de_AT]" classname="org.apache.commons.collections4.MapUtilsTest" time="0"/>
  <testcase name="testIsEmptyWithNonEmptyMap[de_AT]" classname="org.apache.commons.collections4.MapUtilsTest" time="0"/>
  <testcase name="testInvertMap[de_AT]" classname="org.apache.commons.collections4.MapUtilsTest" time="0"/>
  <testcase name="testDebugAndVerbosePrintCasting[de_AT]" classname="org.apache.commons.collections4.MapUtilsTest" time="0"/>
  <testcase name="testIsNotEmptyWithNonEmptyMap[de_AT]" classname="org.apache.commons.collections4.MapUtilsTest" time="0"/>
  <testcase name="testgetByteValue[de_AT]" classname="org.apache.commons.collections4.MapUtilsTest" time="0.001"/>
  <testcase name="testSize0[de_AT]" classname="org.apache.commons.collections4.MapUtilsTest" time="0"/>
  <testcase name="testSize[de_AT]" classname="org.apache.commons.collections4.MapUtilsTest" time="0"/>
  <testcase name="testIsNotEmptyWithEmptyMap[de_AT]" classname="org.apache.commons.collections4.MapUtilsTest" time="0"/>
  <testcase name="testIsNotEmptyWithNull[de_AT]" classname="org.apache.commons.collections4.MapUtilsTest" time="0"/>
  <testcase name="testIterableSortedMap[de_AT]" classname="org.apache.commons.collections4.MapUtilsTest" time="0"/>
  <testcase name="testgetNumber[de_AT]" classname="org.apache.commons.collections4.MapUtilsTest" time="0"/>
  <testcase name="testgetObject[de_AT]" classname="org.apache.commons.collections4.MapUtilsTest" time="0"/>
  <testcase name="testgetString[de_AT]" classname="org.apache.commons.collections4.MapUtilsTest" time="0"/>
  <testcase name="testPutAll_Map_array[de_AT]" classname="org.apache.commons.collections4.MapUtilsTest" time="0"/>
  <testcase name="testVerbosePrintSelfReference[de_AT]" classname="org.apache.commons.collections4.MapUtilsTest" time="0"/>
  <testcase name="testDebugPrintNullLabel[de_AT]" classname="org.apache.commons.collections4.MapUtilsTest" time="0"/>
  <testcase name="testgetFloatValue[de_AT]" classname="org.apache.commons.collections4.MapUtilsTest" time="0"/>
  <testcase name="testConvertResourceBundle[de_AT]" classname="org.apache.commons.collections4.MapUtilsTest" time="0"/>
  <testcase name="testOrderedMap[de_AT]" classname="org.apache.commons.collections4.MapUtilsTest" time="0"/>
  <testcase name="testDebugPrintNullLabelAndMap[de_AT]" classname="org.apache.commons.collections4.MapUtilsTest" time="0"/>
  <testcase name="testEmptyIfNull[de_AT]" classname="org.apache.commons.collections4.MapUtilsTest" time="0"/>
  <testcase name="testgetIntValue[de_AT]" classname="org.apache.commons.collections4.MapUtilsTest" time="0"/>
  <testcase name="testDebugPrintSelfReference[de_AT]" classname="org.apache.commons.collections4.MapUtilsTest" time="0"/>
  <testcase name="testIterableMap[de_AT]" classname="org.apache.commons.collections4.MapUtilsTest" time="0"/>
  <testcase name="testDebugAndVerbosePrintNullMap[de_AT]" classname="org.apache.commons.collections4.MapUtilsTest" time="0"/>
  <testcase name="testVerbosePrintNullLabel[de_AT]" classname="org.apache.commons.collections4.MapUtilsTest" time="0"/>
  <testcase name="testDebugPrintNullKey[de_AT]" classname="org.apache.commons.collections4.MapUtilsTest" time="0"/>
  <testcase name="testPredicatedMap[de_AT]" classname="org.apache.commons.collections4.MapUtilsTest" time="0"/>
  <testcase name="testgetLongValue[de_AT]" classname="org.apache.commons.collections4.MapUtilsTest" time="0"/>
  <testcase name="testVerbosePrintNullKeyToMap1[de_AT]" classname="org.apache.commons.collections4.MapUtilsTest" time="0"/>
  <testcase name="testVerbosePrintNullKeyToMap2[de_AT]" classname="org.apache.commons.collections4.MapUtilsTest" time="0"/>
  <testcase name="testPopulateMap[de_AT]" classname="org.apache.commons.collections4.MapUtilsTest" time="0"/>
  <testcase name="testToPropertiesEmpty[de_AT]" classname="org.apache.commons.collections4.MapUtilsTest" time="0"/>
  <testcase name="testPopulateMultiMap[de_AT]" classname="org.apache.commons.collections4.MapUtilsTest" time="0"/>
  <testcase name="testDebugPrintNullStream[de_AT]" classname="org.apache.commons.collections4.MapUtilsTest" time="0"/>
  <testcase name="testgetBooleanValue[de_AT]" classname="org.apache.commons.collections4.MapUtilsTest" time="0"/>
  <testcase name="testIsEmptyWithEmptyMap[de_AT]" classname="org.apache.commons.collections4.MapUtilsTest" time="0"/>
  <testcase name="testVerbosePrintNullKey[de_AT]" classname="org.apache.commons.collections4.MapUtilsTest" time="0"/>
  <testcase name="testSizeNull[de_AT]" classname="org.apache.commons.collections4.MapUtilsTest" time="0"/>
  <testcase name="testDebugPrintNullKeyToMap1[de_AT]" classname="org.apache.commons.collections4.MapUtilsTest" time="0"/>
  <testcase name="testDebugPrintNullKeyToMap2[de_AT]" classname="org.apache.commons.collections4.MapUtilsTest" time="0"/>
  <testcase name="testDebugPrint[de_AT]" classname="org.apache.commons.collections4.MapUtilsTest" time="0.001"/>
  <testcase name="testgetDoubleValue[de_AT]" classname="org.apache.commons.collections4.MapUtilsTest" time="0"/>
  <testcase name="testVerbosePrintNullStream[de_AT]" classname="org.apache.commons.collections4.MapUtilsTest" time="0"/>
  <testcase name="testVerbosePrintNullLabelAndMap[de_CH]" classname="org.apache.commons.collections4.MapUtilsTest" time="0"/>
  <testcase name="testgetMap[de_CH]" classname="org.apache.commons.collections4.MapUtilsTest" time="0"/>
  <testcase name="testToProperties[de_CH]" classname="org.apache.commons.collections4.MapUtilsTest" time="0"/>
  <testcase name="testgetShortValue[de_CH]" classname="org.apache.commons.collections4.MapUtilsTest" time="0"/>
  <testcase name="testIsEmptyWithNull[de_CH]" classname="org.apache.commons.collections4.MapUtilsTest" time="0"/>
  <testcase name="testVerbosePrint[de_CH]" classname="org.apache.commons.collections4.MapUtilsTest" time="0"/>
  <testcase name="testLazyMapFactory[de_CH]" classname="org.apache.commons.collections4.MapUtilsTest" time="0"/>
  <testcase name="testLazyMapTransformer[de_CH]" classname="org.apache.commons.collections4.MapUtilsTest" time="0"/>
  <testcase name="testSafeAddToMap[de_CH]" classname="org.apache.commons.collections4.MapUtilsTest" time="0"/>
  <testcase name="testIsEmptyWithNonEmptyMap[de_CH]" classname="org.apache.commons.collections4.MapUtilsTest" time="0"/>
  <testcase name="testInvertMap[de_CH]" classname="org.apache.commons.collections4.MapUtilsTest" time="0"/>
  <testcase name="testDebugAndVerbosePrintCasting[de_CH]" classname="org.apache.commons.collections4.MapUtilsTest" time="0"/>
  <testcase name="testIsNotEmptyWithNonEmptyMap[de_CH]" classname="org.apache.commons.collections4.MapUtilsTest" time="0"/>
  <testcase name="testgetByteValue[de_CH]" classname="org.apache.commons.collections4.MapUtilsTest" time="0"/>
  <testcase name="testSize0[de_CH]" classname="org.apache.commons.collections4.MapUtilsTest" time="0"/>
  <testcase name="testSize[de_CH]" classname="org.apache.commons.collections4.MapUtilsTest" time="0"/>
  <testcase name="testIsNotEmptyWithEmptyMap[de_CH]" classname="org.apache.commons.collections4.MapUtilsTest" time="0"/>
  <testcase name="testIsNotEmptyWithNull[de_CH]" classname="org.apache.commons.collections4.MapUtilsTest" time="0"/>
  <testcase name="testIterableSortedMap[de_CH]" classname="org.apache.commons.collections4.MapUtilsTest" time="0"/>
  <testcase name="testgetNumber[de_CH]" classname="org.apache.commons.collections4.MapUtilsTest" time="0"/>
  <testcase name="testgetObject[de_CH]" classname="org.apache.commons.collections4.MapUtilsTest" time="0"/>
  <testcase name="testgetString[de_CH]" classname="org.apache.commons.collections4.MapUtilsTest" time="0"/>
  <testcase name="testPutAll_Map_array[de_CH]" classname="org.apache.commons.collections4.MapUtilsTest" time="0"/>
  <testcase name="testVerbosePrintSelfReference[de_CH]" classname="org.apache.commons.collections4.MapUtilsTest" time="0"/>
  <testcase name="testDebugPrintNullLabel[de_CH]" classname="org.apache.commons.collections4.MapUtilsTest" time="0"/>
  <testcase name="testgetFloatValue[de_CH]" classname="org.apache.commons.collections4.MapUtilsTest" time="0"/>
  <testcase name="testConvertResourceBundle[de_CH]" classname="org.apache.commons.collections4.MapUtilsTest" time="0"/>
  <testcase name="testOrderedMap[de_CH]" classname="org.apache.commons.collections4.MapUtilsTest" time="0"/>
  <testcase name="testDebugPrintNullLabelAndMap[de_CH]" classname="org.apache.commons.collections4.MapUtilsTest" time="0"/>
  <testcase name="testEmptyIfNull[de_CH]" classname="org.apache.commons.collections4.MapUtilsTest" time="0"/>
  <testcase name="testgetIntValue[de_CH]" classname="org.apache.commons.collections4.MapUtilsTest" time="0"/>
  <testcase name="testDebugPrintSelfReference[de_CH]" classname="org.apache.commons.collections4.MapUtilsTest" time="0"/>
  <testcase name="testIterableMap[de_CH]" classname="org.apache.commons.collections4.MapUtilsTest" time="0"/>
  <testcase name="testDebugAndVerbosePrintNullMap[de_CH]" classname="org.apache.commons.collections4.MapUtilsTest" time="0"/>
  <testcase name="testVerbosePrintNullLabel[de_CH]" classname="org.apache.commons.collections4.MapUtilsTest" time="0"/>
  <testcase name="testDebugPrintNullKey[de_CH]" classname="org.apache.commons.collections4.MapUtilsTest" time="0"/>
  <testcase name="testPredicatedMap[de_CH]" classname="org.apache.commons.collections4.MapUtilsTest" time="0"/>
  <testcase name="testgetLongValue[de_CH]" classname="org.apache.commons.collections4.MapUtilsTest" time="0"/>
  <testcase name="testVerbosePrintNullKeyToMap1[de_CH]" classname="org.apache.commons.collections4.MapUtilsTest" time="0"/>
  <testcase name="testVerbosePrintNullKeyToMap2[de_CH]" classname="org.apache.commons.collections4.MapUtilsTest" time="0"/>
  <testcase name="testPopulateMap[de_CH]" classname="org.apache.commons.collections4.MapUtilsTest" time="0"/>
  <testcase name="testToPropertiesEmpty[de_CH]" classname="org.apache.commons.collections4.MapUtilsTest" time="0"/>
  <testcase name="testPopulateMultiMap[de_CH]" classname="org.apache.commons.collections4.MapUtilsTest" time="0"/>
  <testcase name="testDebugPrintNullStream[de_CH]" classname="org.apache.commons.collections4.MapUtilsTest" time="0"/>
  <testcase name="testgetBooleanValue[de_CH]" classname="org.apache.commons.collections4.MapUtilsTest" time="0"/>
  <testcase name="testIsEmptyWithEmptyMap[de_CH]" classname="org.apache.commons.collections4.MapUtilsTest" time="0"/>
  <testcase name="testVerbosePrintNullKey[de_CH]" classname="org.apache.commons.collections4.MapUtilsTest" time="0"/>
  <testcase name="testSizeNull[de_CH]" classname="org.apache.commons.collections4.MapUtilsTest" time="0"/>
  <testcase name="testDebugPrintNullKeyToMap1[de_CH]" classname="org.apache.commons.collections4.MapUtilsTest" time="0"/>
  <testcase name="testDebugPrintNullKeyToMap2[de_CH]" classname="org.apache.commons.collections4.MapUtilsTest" time="0"/>
  <testcase name="testDebugPrint[de_CH]" classname="org.apache.commons.collections4.MapUtilsTest" time="0"/>
  <testcase name="testgetDoubleValue[de_CH]" classname="org.apache.commons.collections4.MapUtilsTest" time="0"/>
  <testcase name="testVerbosePrintNullStream[de_CH]" classname="org.apache.commons.collections4.MapUtilsTest" time="0"/>
  <testcase name="testVerbosePrintNullLabelAndMap[de_DE]" classname="org.apache.commons.collections4.MapUtilsTest" time="0"/>
  <testcase name="testgetMap[de_DE]" classname="org.apache.commons.collections4.MapUtilsTest" time="0"/>
  <testcase name="testToProperties[de_DE]" classname="org.apache.commons.collections4.MapUtilsTest" time="0"/>
  <testcase name="testgetShortValue[de_DE]" classname="org.apache.commons.collections4.MapUtilsTest" time="0"/>
  <testcase name="testIsEmptyWithNull[de_DE]" classname="org.apache.commons.collections4.MapUtilsTest" time="0"/>
  <testcase name="testVerbosePrint[de_DE]" classname="org.apache.commons.collections4.MapUtilsTest" time="0"/>
  <testcase name="testLazyMapFactory[de_DE]" classname="org.apache.commons.collections4.MapUtilsTest" time="0"/>
  <testcase name="testLazyMapTransformer[de_DE]" classname="org.apache.commons.collections4.MapUtilsTest" time="0"/>
  <testcase name="testSafeAddToMap[de_DE]" classname="org.apache.commons.collections4.MapUtilsTest" time="0"/>
  <testcase name="testIsEmptyWithNonEmptyMap[de_DE]" classname="org.apache.commons.collections4.MapUtilsTest" time="0"/>
  <testcase name="testInvertMap[de_DE]" classname="org.apache.commons.collections4.MapUtilsTest" time="0.001"/>
  <testcase name="testDebugAndVerbosePrintCasting[de_DE]" classname="org.apache.commons.collections4.MapUtilsTest" time="0"/>
  <testcase name="testIsNotEmptyWithNonEmptyMap[de_DE]" classname="org.apache.commons.collections4.MapUtilsTest" time="0"/>
  <testcase name="testgetByteValue[de_DE]" classname="org.apache.commons.collections4.MapUtilsTest" time="0"/>
  <testcase name="testSize0[de_DE]" classname="org.apache.commons.collections4.MapUtilsTest" time="0"/>
  <testcase name="testSize[de_DE]" classname="org.apache.commons.collections4.MapUtilsTest" time="0"/>
  <testcase name="testIsNotEmptyWithEmptyMap[de_DE]" classname="org.apache.commons.collections4.MapUtilsTest" time="0"/>
  <testcase name="testIsNotEmptyWithNull[de_DE]" classname="org.apache.commons.collections4.MapUtilsTest" time="0"/>
  <testcase name="testIterableSortedMap[de_DE]" classname="org.apache.commons.collections4.MapUtilsTest" time="0"/>
  <testcase name="testgetNumber[de_DE]" classname="org.apache.commons.collections4.MapUtilsTest" time="0"/>
  <testcase name="testgetObject[de_DE]" classname="org.apache.commons.collections4.MapUtilsTest" time="0"/>
  <testcase name="testgetString[de_DE]" classname="org.apache.commons.collections4.MapUtilsTest" time="0"/>
  <testcase name="testPutAll_Map_array[de_DE]" classname="org.apache.commons.collections4.MapUtilsTest" time="0"/>
  <testcase name="testVerbosePrintSelfReference[de_DE]" classname="org.apache.commons.collections4.MapUtilsTest" time="0"/>
  <testcase name="testDebugPrintNullLabel[de_DE]" classname="org.apache.commons.collections4.MapUtilsTest" time="0"/>
  <testcase name="testgetFloatValue[de_DE]" classname="org.apache.commons.collections4.MapUtilsTest" time="0"/>
  <testcase name="testConvertResourceBundle[de_DE]" classname="org.apache.commons.collections4.MapUtilsTest" time="0"/>
  <testcase name="testOrderedMap[de_DE]" classname="org.apache.commons.collections4.MapUtilsTest" time="0"/>
  <testcase name="testDebugPrintNullLabelAndMap[de_DE]" classname="org.apache.commons.collections4.MapUtilsTest" time="0"/>
  <testcase name="testEmptyIfNull[de_DE]" classname="org.apache.commons.collections4.MapUtilsTest" time="0"/>
  <testcase name="testgetIntValue[de_DE]" classname="org.apache.commons.collections4.MapUtilsTest" time="0"/>
  <testcase name="testDebugPrintSelfReference[de_DE]" classname="org.apache.commons.collections4.MapUtilsTest" time="0"/>
  <testcase name="testIterableMap[de_DE]" classname="org.apache.commons.collections4.MapUtilsTest" time="0"/>
  <testcase name="testDebugAndVerbosePrintNullMap[de_DE]" classname="org.apache.commons.collections4.MapUtilsTest" time="0"/>
  <testcase name="testVerbosePrintNullLabel[de_DE]" classname="org.apache.commons.collections4.MapUtilsTest" time="0"/>
  <testcase name="testDebugPrintNullKey[de_DE]" classname="org.apache.commons.collections4.MapUtilsTest" time="0"/>
  <testcase name="testPredicatedMap[de_DE]" classname="org.apache.commons.collections4.MapUtilsTest" time="0"/>
  <testcase name="testgetLongValue[de_DE]" classname="org.apache.commons.collections4.MapUtilsTest" time="0"/>
  <testcase name="testVerbosePrintNullKeyToMap1[de_DE]" classname="org.apache.commons.collections4.MapUtilsTest" time="0"/>
  <testcase name="testVerbosePrintNullKeyToMap2[de_DE]" classname="org.apache.commons.collections4.MapUtilsTest" time="0"/>
  <testcase name="testPopulateMap[de_DE]" classname="org.apache.commons.collections4.MapUtilsTest" time="0"/>
  <testcase name="testToPropertiesEmpty[de_DE]" classname="org.apache.commons.collections4.MapUtilsTest" time="0"/>
  <testcase name="testPopulateMultiMap[de_DE]" classname="org.apache.commons.collections4.MapUtilsTest" time="0"/>
  <testcase name="testDebugPrintNullStream[de_DE]" classname="org.apache.commons.collections4.MapUtilsTest" time="0"/>
  <testcase name="testgetBooleanValue[de_DE]" classname="org.apache.commons.collections4.MapUtilsTest" time="0"/>
  <testcase name="testIsEmptyWithEmptyMap[de_DE]" classname="org.apache.commons.collections4.MapUtilsTest" time="0"/>
  <testcase name="testVerbosePrintNullKey[de_DE]" classname="org.apache.commons.collections4.MapUtilsTest" time="0"/>
  <testcase name="testSizeNull[de_DE]" classname="org.apache.commons.collections4.MapUtilsTest" time="0"/>
  <testcase name="testDebugPrintNullKeyToMap1[de_DE]" classname="org.apache.commons.collections4.MapUtilsTest" time="0"/>
  <testcase name="testDebugPrintNullKeyToMap2[de_DE]" classname="org.apache.commons.collections4.MapUtilsTest" time="0"/>
  <testcase name="testDebugPrint[de_DE]" classname="org.apache.commons.collections4.MapUtilsTest" time="0"/>
  <testcase name="testgetDoubleValue[de_DE]" classname="org.apache.commons.collections4.MapUtilsTest" time="0"/>
  <testcase name="testVerbosePrintNullStream[de_DE]" classname="org.apache.commons.collections4.MapUtilsTest" time="0"/>
  <testcase name="testVerbosePrintNullLabelAndMap[de_GR]" classname="org.apache.commons.collections4.MapUtilsTest" time="0"/>
  <testcase name="testgetMap[de_GR]" classname="org.apache.commons.collections4.MapUtilsTest" time="0"/>
  <testcase name="testToProperties[de_GR]" classname="org.apache.commons.collections4.MapUtilsTest" time="0"/>
  <testcase name="testgetShortValue[de_GR]" classname="org.apache.commons.collections4.MapUtilsTest" time="0"/>
  <testcase name="testIsEmptyWithNull[de_GR]" classname="org.apache.commons.collections4.MapUtilsTest" time="0"/>
  <testcase name="testVerbosePrint[de_GR]" classname="org.apache.commons.collections4.MapUtilsTest" time="0"/>
  <testcase name="testLazyMapFactory[de_GR]" classname="org.apache.commons.collections4.MapUtilsTest" time="0"/>
  <testcase name="testLazyMapTransformer[de_GR]" classname="org.apache.commons.collections4.MapUtilsTest" time="0"/>
  <testcase name="testSafeAddToMap[de_GR]" classname="org.apache.commons.collections4.MapUtilsTest" time="0"/>
  <testcase name="testIsEmptyWithNonEmptyMap[de_GR]" classname="org.apache.commons.collections4.MapUtilsTest" time="0"/>
  <testcase name="testInvertMap[de_GR]" classname="org.apache.commons.collections4.MapUtilsTest" time="0"/>
  <testcase name="testDebugAndVerbosePrintCasting[de_GR]" classname="org.apache.commons.collections4.MapUtilsTest" time="0"/>
  <testcase name="testIsNotEmptyWithNonEmptyMap[de_GR]" classname="org.apache.commons.collections4.MapUtilsTest" time="0"/>
  <testcase name="testgetByteValue[de_GR]" classname="org.apache.commons.collections4.MapUtilsTest" time="0"/>
  <testcase name="testSize0[de_GR]" classname="org.apache.commons.collections4.MapUtilsTest" time="0"/>
  <testcase name="testSize[de_GR]" classname="org.apache.commons.collections4.MapUtilsTest" time="0"/>
  <testcase name="testIsNotEmptyWithEmptyMap[de_GR]" classname="org.apache.commons.collections4.MapUtilsTest" time="0"/>
  <testcase name="testIsNotEmptyWithNull[de_GR]" classname="org.apache.commons.collections4.MapUtilsTest" time="0"/>
  <testcase name="testIterableSortedMap[de_GR]" classname="org.apache.commons.collections4.MapUtilsTest" time="0"/>
  <testcase name="testgetNumber[de_GR]" classname="org.apache.commons.collections4.MapUtilsTest" time="0"/>
  <testcase name="testgetObject[de_GR]" classname="org.apache.commons.collections4.MapUtilsTest" time="0"/>
  <testcase name="testgetString[de_GR]" classname="org.apache.commons.collections4.MapUtilsTest" time="0"/>
  <testcase name="testPutAll_Map_array[de_GR]" classname="org.apache.commons.collections4.MapUtilsTest" time="0"/>
  <testcase name="testVerbosePrintSelfReference[de_GR]" classname="org.apache.commons.collections4.MapUtilsTest" time="0"/>
  <testcase name="testDebugPrintNullLabel[de_GR]" classname="org.apache.commons.collections4.MapUtilsTest" time="0"/>
  <testcase name="testgetFloatValue[de_GR]" classname="org.apache.commons.collections4.MapUtilsTest" time="0"/>
  <testcase name="testConvertResourceBundle[de_GR]" classname="org.apache.commons.collections4.MapUtilsTest" time="0"/>
  <testcase name="testOrderedMap[de_GR]" classname="org.apache.commons.collections4.MapUtilsTest" time="0"/>
  <testcase name="testDebugPrintNullLabelAndMap[de_GR]" classname="org.apache.commons.collections4.MapUtilsTest" time="0"/>
  <testcase name="testEmptyIfNull[de_GR]" classname="org.apache.commons.collections4.MapUtilsTest" time="0"/>
  <testcase name="testgetIntValue[de_GR]" classname="org.apache.commons.collections4.MapUtilsTest" time="0"/>
  <testcase name="testDebugPrintSelfReference[de_GR]" classname="org.apache.commons.collections4.MapUtilsTest" time="0"/>
  <testcase name="testIterableMap[de_GR]" classname="org.apache.commons.collections4.MapUtilsTest" time="0"/>
  <testcase name="testDebugAndVerbosePrintNullMap[de_GR]" classname="org.apache.commons.collections4.MapUtilsTest" time="0"/>
  <testcase name="testVerbosePrintNullLabel[de_GR]" classname="org.apache.commons.collections4.MapUtilsTest" time="0"/>
  <testcase name="testDebugPrintNullKey[de_GR]" classname="org.apache.commons.collections4.MapUtilsTest" time="0"/>
  <testcase name="testPredicatedMap[de_GR]" classname="org.apache.commons.collections4.MapUtilsTest" time="0"/>
  <testcase name="testgetLongValue[de_GR]" classname="org.apache.commons.collections4.MapUtilsTest" time="0"/>
  <testcase name="testVerbosePrintNullKeyToMap1[de_GR]" classname="org.apache.commons.collections4.MapUtilsTest" time="0"/>
  <testcase name="testVerbosePrintNullKeyToMap2[de_GR]" classname="org.apache.commons.collections4.MapUtilsTest" time="0"/>
  <testcase name="testPopulateMap[de_GR]" classname="org.apache.commons.collections4.MapUtilsTest" time="0"/>
  <testcase name="testToPropertiesEmpty[de_GR]" classname="org.apache.commons.collections4.MapUtilsTest" time="0"/>
  <testcase name="testPopulateMultiMap[de_GR]" classname="org.apache.commons.collections4.MapUtilsTest" time="0"/>
  <testcase name="testDebugPrintNullStream[de_GR]" classname="org.apache.commons.collections4.MapUtilsTest" time="0"/>
  <testcase name="testgetBooleanValue[de_GR]" classname="org.apache.commons.collections4.MapUtilsTest" time="0"/>
  <testcase name="testIsEmptyWithEmptyMap[de_GR]" classname="org.apache.commons.collections4.MapUtilsTest" time="0"/>
  <testcase name="testVerbosePrintNullKey[de_GR]" classname="org.apache.commons.collections4.MapUtilsTest" time="0"/>
  <testcase name="testSizeNull[de_GR]" classname="org.apache.commons.collections4.MapUtilsTest" time="0"/>
  <testcase name="testDebugPrintNullKeyToMap1[de_GR]" classname="org.apache.commons.collections4.MapUtilsTest" time="0"/>
  <testcase name="testDebugPrintNullKeyToMap2[de_GR]" classname="org.apache.commons.collections4.MapUtilsTest" time="0"/>
  <testcase name="testDebugPrint[de_GR]" classname="org.apache.commons.collections4.MapUtilsTest" time="0.001"/>
  <testcase name="testgetDoubleValue[de_GR]" classname="org.apache.commons.collections4.MapUtilsTest" time="0"/>
  <testcase name="testVerbosePrintNullStream[de_GR]" classname="org.apache.commons.collections4.MapUtilsTest" time="0"/>
  <testcase name="testVerbosePrintNullLabelAndMap[de_LU]" classname="org.apache.commons.collections4.MapUtilsTest" time="0"/>
  <testcase name="testgetMap[de_LU]" classname="org.apache.commons.collections4.MapUtilsTest" time="0"/>
  <testcase name="testToProperties[de_LU]" classname="org.apache.commons.collections4.MapUtilsTest" time="0"/>
  <testcase name="testgetShortValue[de_LU]" classname="org.apache.commons.collections4.MapUtilsTest" time="0"/>
  <testcase name="testIsEmptyWithNull[de_LU]" classname="org.apache.commons.collections4.MapUtilsTest" time="0"/>
  <testcase name="testVerbosePrint[de_LU]" classname="org.apache.commons.collections4.MapUtilsTest" time="0"/>
  <testcase name="testLazyMapFactory[de_LU]" classname="org.apache.commons.collections4.MapUtilsTest" time="0"/>
  <testcase name="testLazyMapTransformer[de_LU]" classname="org.apache.commons.collections4.MapUtilsTest" time="0"/>
  <testcase name="testSafeAddToMap[de_LU]" classname="org.apache.commons.collections4.MapUtilsTest" time="0.001"/>
  <testcase name="testIsEmptyWithNonEmptyMap[de_LU]" classname="org.apache.commons.collections4.MapUtilsTest" time="0"/>
  <testcase name="testInvertMap[de_LU]" classname="org.apache.commons.collections4.MapUtilsTest" time="0"/>
  <testcase name="testDebugAndVerbosePrintCasting[de_LU]" classname="org.apache.commons.collections4.MapUtilsTest" time="0"/>
  <testcase name="testIsNotEmptyWithNonEmptyMap[de_LU]" classname="org.apache.commons.collections4.MapUtilsTest" time="0"/>
  <testcase name="testgetByteValue[de_LU]" classname="org.apache.commons.collections4.MapUtilsTest" time="0"/>
  <testcase name="testSize0[de_LU]" classname="org.apache.commons.collections4.MapUtilsTest" time="0"/>
  <testcase name="testSize[de_LU]" classname="org.apache.commons.collections4.MapUtilsTest" time="0"/>
  <testcase name="testIsNotEmptyWithEmptyMap[de_LU]" classname="org.apache.commons.collections4.MapUtilsTest" time="0"/>
  <testcase name="testIsNotEmptyWithNull[de_LU]" classname="org.apache.commons.collections4.MapUtilsTest" time="0"/>
  <testcase name="testIterableSortedMap[de_LU]" classname="org.apache.commons.collections4.MapUtilsTest" time="0"/>
  <testcase name="testgetNumber[de_LU]" classname="org.apache.commons.collections4.MapUtilsTest" time="0"/>
  <testcase name="testgetObject[de_LU]" classname="org.apache.commons.collections4.MapUtilsTest" time="0"/>
  <testcase name="testgetString[de_LU]" classname="org.apache.commons.collections4.MapUtilsTest" time="0"/>
  <testcase name="testPutAll_Map_array[de_LU]" classname="org.apache.commons.collections4.MapUtilsTest" time="0"/>
  <testcase name="testVerbosePrintSelfReference[de_LU]" classname="org.apache.commons.collections4.MapUtilsTest" time="0"/>
  <testcase name="testDebugPrintNullLabel[de_LU]" classname="org.apache.commons.collections4.MapUtilsTest" time="0"/>
  <testcase name="testgetFloatValue[de_LU]" classname="org.apache.commons.collections4.MapUtilsTest" time="0"/>
  <testcase name="testConvertResourceBundle[de_LU]" classname="org.apache.commons.collections4.MapUtilsTest" time="0"/>
  <testcase name="testOrderedMap[de_LU]" classname="org.apache.commons.collections4.MapUtilsTest" time="0"/>
  <testcase name="testDebugPrintNullLabelAndMap[de_LU]" classname="org.apache.commons.collections4.MapUtilsTest" time="0"/>
  <testcase name="testEmptyIfNull[de_LU]" classname="org.apache.commons.collections4.MapUtilsTest" time="0"/>
  <testcase name="testgetIntValue[de_LU]" classname="org.apache.commons.collections4.MapUtilsTest" time="0"/>
  <testcase name="testDebugPrintSelfReference[de_LU]" classname="org.apache.commons.collections4.MapUtilsTest" time="0"/>
  <testcase name="testIterableMap[de_LU]" classname="org.apache.commons.collections4.MapUtilsTest" time="0"/>
  <testcase name="testDebugAndVerbosePrintNullMap[de_LU]" classname="org.apache.commons.collections4.MapUtilsTest" time="0"/>
  <testcase name="testVerbosePrintNullLabel[de_LU]" classname="org.apache.commons.collections4.MapUtilsTest" time="0"/>
  <testcase name="testDebugPrintNullKey[de_LU]" classname="org.apache.commons.collections4.MapUtilsTest" time="0"/>
  <testcase name="testPredicatedMap[de_LU]" classname="org.apache.commons.collections4.MapUtilsTest" time="0"/>
  <testcase name="testgetLongValue[de_LU]" classname="org.apache.commons.collections4.MapUtilsTest" time="0"/>
  <testcase name="testVerbosePrintNullKeyToMap1[de_LU]" classname="org.apache.commons.collections4.MapUtilsTest" time="0"/>
  <testcase name="testVerbosePrintNullKeyToMap2[de_LU]" classname="org.apache.commons.collections4.MapUtilsTest" time="0"/>
  <testcase name="testPopulateMap[de_LU]" classname="org.apache.commons.collections4.MapUtilsTest" time="0"/>
  <testcase name="testToPropertiesEmpty[de_LU]" classname="org.apache.commons.collections4.MapUtilsTest" time="0"/>
  <testcase name="testPopulateMultiMap[de_LU]" classname="org.apache.commons.collections4.MapUtilsTest" time="0"/>
  <testcase name="testDebugPrintNullStream[de_LU]" classname="org.apache.commons.collections4.MapUtilsTest" time="0"/>
  <testcase name="testgetBooleanValue[de_LU]" classname="org.apache.commons.collections4.MapUtilsTest" time="0"/>
  <testcase name="testIsEmptyWithEmptyMap[de_LU]" classname="org.apache.commons.collections4.MapUtilsTest" time="0"/>
  <testcase name="testVerbosePrintNullKey[de_LU]" classname="org.apache.commons.collections4.MapUtilsTest" time="0"/>
  <testcase name="testSizeNull[de_LU]" classname="org.apache.commons.collections4.MapUtilsTest" time="0"/>
  <testcase name="testDebugPrintNullKeyToMap1[de_LU]" classname="org.apache.commons.collections4.MapUtilsTest" time="0"/>
  <testcase name="testDebugPrintNullKeyToMap2[de_LU]" classname="org.apache.commons.collections4.MapUtilsTest" time="0"/>
  <testcase name="testDebugPrint[de_LU]" classname="org.apache.commons.collections4.MapUtilsTest" time="0"/>
  <testcase name="testgetDoubleValue[de_LU]" classname="org.apache.commons.collections4.MapUtilsTest" time="0"/>
  <testcase name="testVerbosePrintNullStream[de_LU]" classname="org.apache.commons.collections4.MapUtilsTest" time="0"/>
  <testcase name="testVerbosePrintNullLabelAndMap[el]" classname="org.apache.commons.collections4.MapUtilsTest" time="0"/>
  <testcase name="testgetMap[el]" classname="org.apache.commons.collections4.MapUtilsTest" time="0"/>
  <testcase name="testToProperties[el]" classname="org.apache.commons.collections4.MapUtilsTest" time="0"/>
  <testcase name="testgetShortValue[el]" classname="org.apache.commons.collections4.MapUtilsTest" time="0"/>
  <testcase name="testIsEmptyWithNull[el]" classname="org.apache.commons.collections4.MapUtilsTest" time="0"/>
  <testcase name="testVerbosePrint[el]" classname="org.apache.commons.collections4.MapUtilsTest" time="0"/>
  <testcase name="testLazyMapFactory[el]" classname="org.apache.commons.collections4.MapUtilsTest" time="0"/>
  <testcase name="testLazyMapTransformer[el]" classname="org.apache.commons.collections4.MapUtilsTest" time="0"/>
  <testcase name="testSafeAddToMap[el]" classname="org.apache.commons.collections4.MapUtilsTest" time="0"/>
  <testcase name="testIsEmptyWithNonEmptyMap[el]" classname="org.apache.commons.collections4.MapUtilsTest" time="0"/>
  <testcase name="testInvertMap[el]" classname="org.apache.commons.collections4.MapUtilsTest" time="0"/>
  <testcase name="testDebugAndVerbosePrintCasting[el]" classname="org.apache.commons.collections4.MapUtilsTest" time="0"/>
  <testcase name="testIsNotEmptyWithNonEmptyMap[el]" classname="org.apache.commons.collections4.MapUtilsTest" time="0"/>
  <testcase name="testgetByteValue[el]" classname="org.apache.commons.collections4.MapUtilsTest" time="0"/>
  <testcase name="testSize0[el]" classname="org.apache.commons.collections4.MapUtilsTest" time="0"/>
  <testcase name="testSize[el]" classname="org.apache.commons.collections4.MapUtilsTest" time="0"/>
  <testcase name="testIsNotEmptyWithEmptyMap[el]" classname="org.apache.commons.collections4.MapUtilsTest" time="0"/>
  <testcase name="testIsNotEmptyWithNull[el]" classname="org.apache.commons.collections4.MapUtilsTest" time="0"/>
  <testcase name="testIterableSortedMap[el]" classname="org.apache.commons.collections4.MapUtilsTest" time="0"/>
  <testcase name="testgetNumber[el]" classname="org.apache.commons.collections4.MapUtilsTest" time="0"/>
  <testcase name="testgetObject[el]" classname="org.apache.commons.collections4.MapUtilsTest" time="0"/>
  <testcase name="testgetString[el]" classname="org.apache.commons.collections4.MapUtilsTest" time="0"/>
  <testcase name="testPutAll_Map_array[el]" classname="org.apache.commons.collections4.MapUtilsTest" time="0"/>
  <testcase name="testVerbosePrintSelfReference[el]" classname="org.apache.commons.collections4.MapUtilsTest" time="0"/>
  <testcase name="testDebugPrintNullLabel[el]" classname="org.apache.commons.collections4.MapUtilsTest" time="0"/>
  <testcase name="testgetFloatValue[el]" classname="org.apache.commons.collections4.MapUtilsTest" time="0"/>
  <testcase name="testConvertResourceBundle[el]" classname="org.apache.commons.collections4.MapUtilsTest" time="0"/>
  <testcase name="testOrderedMap[el]" classname="org.apache.commons.collections4.MapUtilsTest" time="0"/>
  <testcase name="testDebugPrintNullLabelAndMap[el]" classname="org.apache.commons.collections4.MapUtilsTest" time="0"/>
  <testcase name="testEmptyIfNull[el]" classname="org.apache.commons.collections4.MapUtilsTest" time="0"/>
  <testcase name="testgetIntValue[el]" classname="org.apache.commons.collections4.MapUtilsTest" time="0"/>
  <testcase name="testDebugPrintSelfReference[el]" classname="org.apache.commons.collections4.MapUtilsTest" time="0"/>
  <testcase name="testIterableMap[el]" classname="org.apache.commons.collections4.MapUtilsTest" time="0"/>
  <testcase name="testDebugAndVerbosePrintNullMap[el]" classname="org.apache.commons.collections4.MapUtilsTest" time="0"/>
  <testcase name="testVerbosePrintNullLabel[el]" classname="org.apache.commons.collections4.MapUtilsTest" time="0"/>
  <testcase name="testDebugPrintNullKey[el]" classname="org.apache.commons.collections4.MapUtilsTest" time="0"/>
  <testcase name="testPredicatedMap[el]" classname="org.apache.commons.collections4.MapUtilsTest" time="0"/>
  <testcase name="testgetLongValue[el]" classname="org.apache.commons.collections4.MapUtilsTest" time="0"/>
  <testcase name="testVerbosePrintNullKeyToMap1[el]" classname="org.apache.commons.collections4.MapUtilsTest" time="0"/>
  <testcase name="testVerbosePrintNullKeyToMap2[el]" classname="org.apache.commons.collections4.MapUtilsTest" time="0.001"/>
  <testcase name="testPopulateMap[el]" classname="org.apache.commons.collections4.MapUtilsTest" time="0"/>
  <testcase name="testToPropertiesEmpty[el]" classname="org.apache.commons.collections4.MapUtilsTest" time="0"/>
  <testcase name="testPopulateMultiMap[el]" classname="org.apache.commons.collections4.MapUtilsTest" time="0"/>
  <testcase name="testDebugPrintNullStream[el]" classname="org.apache.commons.collections4.MapUtilsTest" time="0"/>
  <testcase name="testgetBooleanValue[el]" classname="org.apache.commons.collections4.MapUtilsTest" time="0"/>
  <testcase name="testIsEmptyWithEmptyMap[el]" classname="org.apache.commons.collections4.MapUtilsTest" time="0"/>
  <testcase name="testVerbosePrintNullKey[el]" classname="org.apache.commons.collections4.MapUtilsTest" time="0"/>
  <testcase name="testSizeNull[el]" classname="org.apache.commons.collections4.MapUtilsTest" time="0"/>
  <testcase name="testDebugPrintNullKeyToMap1[el]" classname="org.apache.commons.collections4.MapUtilsTest" time="0"/>
  <testcase name="testDebugPrintNullKeyToMap2[el]" classname="org.apache.commons.collections4.MapUtilsTest" time="0"/>
  <testcase name="testDebugPrint[el]" classname="org.apache.commons.collections4.MapUtilsTest" time="0"/>
  <testcase name="testgetDoubleValue[el]" classname="org.apache.commons.collections4.MapUtilsTest" time="0"/>
  <testcase name="testVerbosePrintNullStream[el]" classname="org.apache.commons.collections4.MapUtilsTest" time="0"/>
  <testcase name="testVerbosePrintNullLabelAndMap[el_CY]" classname="org.apache.commons.collections4.MapUtilsTest" time="0"/>
  <testcase name="testgetMap[el_CY]" classname="org.apache.commons.collections4.MapUtilsTest" time="0"/>
  <testcase name="testToProperties[el_CY]" classname="org.apache.commons.collections4.MapUtilsTest" time="0"/>
  <testcase name="testgetShortValue[el_CY]" classname="org.apache.commons.collections4.MapUtilsTest" time="0.001"/>
  <testcase name="testIsEmptyWithNull[el_CY]" classname="org.apache.commons.collections4.MapUtilsTest" time="0"/>
  <testcase name="testVerbosePrint[el_CY]" classname="org.apache.commons.collections4.MapUtilsTest" time="0"/>
  <testcase name="testLazyMapFactory[el_CY]" classname="org.apache.commons.collections4.MapUtilsTest" time="0"/>
  <testcase name="testLazyMapTransformer[el_CY]" classname="org.apache.commons.collections4.MapUtilsTest" time="0"/>
  <testcase name="testSafeAddToMap[el_CY]" classname="org.apache.commons.collections4.MapUtilsTest" time="0"/>
  <testcase name="testIsEmptyWithNonEmptyMap[el_CY]" classname="org.apache.commons.collections4.MapUtilsTest" time="0"/>
  <testcase name="testInvertMap[el_CY]" classname="org.apache.commons.collections4.MapUtilsTest" time="0"/>
  <testcase name="testDebugAndVerbosePrintCasting[el_CY]" classname="org.apache.commons.collections4.MapUtilsTest" time="0"/>
  <testcase name="testIsNotEmptyWithNonEmptyMap[el_CY]" classname="org.apache.commons.collections4.MapUtilsTest" time="0"/>
  <testcase name="testgetByteValue[el_CY]" classname="org.apache.commons.collections4.MapUtilsTest" time="0"/>
  <testcase name="testSize0[el_CY]" classname="org.apache.commons.collections4.MapUtilsTest" time="0"/>
  <testcase name="testSize[el_CY]" classname="org.apache.commons.collections4.MapUtilsTest" time="0"/>
  <testcase name="testIsNotEmptyWithEmptyMap[el_CY]" classname="org.apache.commons.collections4.MapUtilsTest" time="0"/>
  <testcase name="testIsNotEmptyWithNull[el_CY]" classname="org.apache.commons.collections4.MapUtilsTest" time="0"/>
  <testcase name="testIterableSortedMap[el_CY]" classname="org.apache.commons.collections4.MapUtilsTest" time="0"/>
  <testcase name="testgetNumber[el_CY]" classname="org.apache.commons.collections4.MapUtilsTest" time="0"/>
  <testcase name="testgetObject[el_CY]" classname="org.apache.commons.collections4.MapUtilsTest" time="0"/>
  <testcase name="testgetString[el_CY]" classname="org.apache.commons.collections4.MapUtilsTest" time="0"/>
  <testcase name="testPutAll_Map_array[el_CY]" classname="org.apache.commons.collections4.MapUtilsTest" time="0.001"/>
  <testcase name="testVerbosePrintSelfReference[el_CY]" classname="org.apache.commons.collections4.MapUtilsTest" time="0"/>
  <testcase name="testDebugPrintNullLabel[el_CY]" classname="org.apache.commons.collections4.MapUtilsTest" time="0"/>
  <testcase name="testgetFloatValue[el_CY]" classname="org.apache.commons.collections4.MapUtilsTest" time="0"/>
  <testcase name="testConvertResourceBundle[el_CY]" classname="org.apache.commons.collections4.MapUtilsTest" time="0"/>
  <testcase name="testOrderedMap[el_CY]" classname="org.apache.commons.collections4.MapUtilsTest" time="0"/>
  <testcase name="testDebugPrintNullLabelAndMap[el_CY]" classname="org.apache.commons.collections4.MapUtilsTest" time="0"/>
  <testcase name="testEmptyIfNull[el_CY]" classname="org.apache.commons.collections4.MapUtilsTest" time="0"/>
  <testcase name="testgetIntValue[el_CY]" classname="org.apache.commons.collections4.MapUtilsTest" time="0"/>
  <testcase name="testDebugPrintSelfReference[el_CY]" classname="org.apache.commons.collections4.MapUtilsTest" time="0"/>
  <testcase name="testIterableMap[el_CY]" classname="org.apache.commons.collections4.MapUtilsTest" time="0"/>
  <testcase name="testDebugAndVerbosePrintNullMap[el_CY]" classname="org.apache.commons.collections4.MapUtilsTest" time="0"/>
  <testcase name="testVerbosePrintNullLabel[el_CY]" classname="org.apache.commons.collections4.MapUtilsTest" time="0"/>
  <testcase name="testDebugPrintNullKey[el_CY]" classname="org.apache.commons.collections4.MapUtilsTest" time="0"/>
  <testcase name="testPredicatedMap[el_CY]" classname="org.apache.commons.collections4.MapUtilsTest" time="0"/>
  <testcase name="testgetLongValue[el_CY]" classname="org.apache.commons.collections4.MapUtilsTest" time="0"/>
  <testcase name="testVerbosePrintNullKeyToMap1[el_CY]" classname="org.apache.commons.collections4.MapUtilsTest" time="0"/>
  <testcase name="testVerbosePrintNullKeyToMap2[el_CY]" classname="org.apache.commons.collections4.MapUtilsTest" time="0"/>
  <testcase name="testPopulateMap[el_CY]" classname="org.apache.commons.collections4.MapUtilsTest" time="0"/>
  <testcase name="testToPropertiesEmpty[el_CY]" classname="org.apache.commons.collections4.MapUtilsTest" time="0"/>
  <testcase name="testPopulateMultiMap[el_CY]" classname="org.apache.commons.collections4.MapUtilsTest" time="0"/>
  <testcase name="testDebugPrintNullStream[el_CY]" classname="org.apache.commons.collections4.MapUtilsTest" time="0"/>
  <testcase name="testgetBooleanValue[el_CY]" classname="org.apache.commons.collections4.MapUtilsTest" time="0"/>
  <testcase name="testIsEmptyWithEmptyMap[el_CY]" classname="org.apache.commons.collections4.MapUtilsTest" time="0"/>
  <testcase name="testVerbosePrintNullKey[el_CY]" classname="org.apache.commons.collections4.MapUtilsTest" time="0"/>
  <testcase name="testSizeNull[el_CY]" classname="org.apache.commons.collections4.MapUtilsTest" time="0"/>
  <testcase name="testDebugPrintNullKeyToMap1[el_CY]" classname="org.apache.commons.collections4.MapUtilsTest" time="0"/>
  <testcase name="testDebugPrintNullKeyToMap2[el_CY]" classname="org.apache.commons.collections4.MapUtilsTest" time="0"/>
  <testcase name="testDebugPrint[el_CY]" classname="org.apache.commons.collections4.MapUtilsTest" time="0"/>
  <testcase name="testgetDoubleValue[el_CY]" classname="org.apache.commons.collections4.MapUtilsTest" time="0.001"/>
  <testcase name="testVerbosePrintNullStream[el_CY]" classname="org.apache.commons.collections4.MapUtilsTest" time="0"/>
  <testcase name="testVerbosePrintNullLabelAndMap[el_GR]" classname="org.apache.commons.collections4.MapUtilsTest" time="0"/>
  <testcase name="testgetMap[el_GR]" classname="org.apache.commons.collections4.MapUtilsTest" time="0"/>
  <testcase name="testToProperties[el_GR]" classname="org.apache.commons.collections4.MapUtilsTest" time="0"/>
  <testcase name="testgetShortValue[el_GR]" classname="org.apache.commons.collections4.MapUtilsTest" time="0"/>
  <testcase name="testIsEmptyWithNull[el_GR]" classname="org.apache.commons.collections4.MapUtilsTest" time="0"/>
  <testcase name="testVerbosePrint[el_GR]" classname="org.apache.commons.collections4.MapUtilsTest" time="0"/>
  <testcase name="testLazyMapFactory[el_GR]" classname="org.apache.commons.collections4.MapUtilsTest" time="0"/>
  <testcase name="testLazyMapTransformer[el_GR]" classname="org.apache.commons.collections4.MapUtilsTest" time="0"/>
  <testcase name="testSafeAddToMap[el_GR]" classname="org.apache.commons.collections4.MapUtilsTest" time="0"/>
  <testcase name="testIsEmptyWithNonEmptyMap[el_GR]" classname="org.apache.commons.collections4.MapUtilsTest" time="0"/>
  <testcase name="testInvertMap[el_GR]" classname="org.apache.commons.collections4.MapUtilsTest" time="0"/>
  <testcase name="testDebugAndVerbosePrintCasting[el_GR]" classname="org.apache.commons.collections4.MapUtilsTest" time="0"/>
  <testcase name="testIsNotEmptyWithNonEmptyMap[el_GR]" classname="org.apache.commons.collections4.MapUtilsTest" time="0"/>
  <testcase name="testgetByteValue[el_GR]" classname="org.apache.commons.collections4.MapUtilsTest" time="0"/>
  <testcase name="testSize0[el_GR]" classname="org.apache.commons.collections4.MapUtilsTest" time="0"/>
  <testcase name="testSize[el_GR]" classname="org.apache.commons.collections4.MapUtilsTest" time="0"/>
  <testcase name="testIsNotEmptyWithEmptyMap[el_GR]" classname="org.apache.commons.collections4.MapUtilsTest" time="0"/>
  <testcase name="testIsNotEmptyWithNull[el_GR]" classname="org.apache.commons.collections4.MapUtilsTest" time="0"/>
  <testcase name="testIterableSortedMap[el_GR]" classname="org.apache.commons.collections4.MapUtilsTest" time="0"/>
  <testcase name="testgetNumber[el_GR]" classname="org.apache.commons.collections4.MapUtilsTest" time="0"/>
  <testcase name="testgetObject[el_GR]" classname="org.apache.commons.collections4.MapUtilsTest" time="0"/>
  <testcase name="testgetString[el_GR]" classname="org.apache.commons.collections4.MapUtilsTest" time="0"/>
  <testcase name="testPutAll_Map_array[el_GR]" classname="org.apache.commons.collections4.MapUtilsTest" time="0"/>
  <testcase name="testVerbosePrintSelfReference[el_GR]" classname="org.apache.commons.collections4.MapUtilsTest" time="0"/>
  <testcase name="testDebugPrintNullLabel[el_GR]" classname="org.apache.commons.collections4.MapUtilsTest" time="0"/>
  <testcase name="testgetFloatValue[el_GR]" classname="org.apache.commons.collections4.MapUtilsTest" time="0"/>
  <testcase name="testConvertResourceBundle[el_GR]" classname="org.apache.commons.collections4.MapUtilsTest" time="0"/>
  <testcase name="testOrderedMap[el_GR]" classname="org.apache.commons.collections4.MapUtilsTest" time="0"/>
  <testcase name="testDebugPrintNullLabelAndMap[el_GR]" classname="org.apache.commons.collections4.MapUtilsTest" time="0"/>
  <testcase name="testEmptyIfNull[el_GR]" classname="org.apache.commons.collections4.MapUtilsTest" time="0"/>
  <testcase name="testgetIntValue[el_GR]" classname="org.apache.commons.collections4.MapUtilsTest" time="0"/>
  <testcase name="testDebugPrintSelfReference[el_GR]" classname="org.apache.commons.collections4.MapUtilsTest" time="0"/>
  <testcase name="testIterableMap[el_GR]" classname="org.apache.commons.collections4.MapUtilsTest" time="0"/>
  <testcase name="testDebugAndVerbosePrintNullMap[el_GR]" classname="org.apache.commons.collections4.MapUtilsTest" time="0"/>
  <testcase name="testVerbosePrintNullLabel[el_GR]" classname="org.apache.commons.collections4.MapUtilsTest" time="0"/>
  <testcase name="testDebugPrintNullKey[el_GR]" classname="org.apache.commons.collections4.MapUtilsTest" time="0"/>
  <testcase name="testPredicatedMap[el_GR]" classname="org.apache.commons.collections4.MapUtilsTest" time="0"/>
  <testcase name="testgetLongValue[el_GR]" classname="org.apache.commons.collections4.MapUtilsTest" time="0"/>
  <testcase name="testVerbosePrintNullKeyToMap1[el_GR]" classname="org.apache.commons.collections4.MapUtilsTest" time="0"/>
  <testcase name="testVerbosePrintNullKeyToMap2[el_GR]" classname="org.apache.commons.collections4.MapUtilsTest" time="0.001"/>
  <testcase name="testPopulateMap[el_GR]" classname="org.apache.commons.collections4.MapUtilsTest" time="0"/>
  <testcase name="testToPropertiesEmpty[el_GR]" classname="org.apache.commons.collections4.MapUtilsTest" time="0"/>
  <testcase name="testPopulateMultiMap[el_GR]" classname="org.apache.commons.collections4.MapUtilsTest" time="0"/>
  <testcase name="testDebugPrintNullStream[el_GR]" classname="org.apache.commons.collections4.MapUtilsTest" time="0"/>
  <testcase name="testgetBooleanValue[el_GR]" classname="org.apache.commons.collections4.MapUtilsTest" time="0"/>
  <testcase name="testIsEmptyWithEmptyMap[el_GR]" classname="org.apache.commons.collections4.MapUtilsTest" time="0"/>
  <testcase name="testVerbosePrintNullKey[el_GR]" classname="org.apache.commons.collections4.MapUtilsTest" time="0"/>
  <testcase name="testSizeNull[el_GR]" classname="org.apache.commons.collections4.MapUtilsTest" time="0"/>
  <testcase name="testDebugPrintNullKeyToMap1[el_GR]" classname="org.apache.commons.collections4.MapUtilsTest" time="0"/>
  <testcase name="testDebugPrintNullKeyToMap2[el_GR]" classname="org.apache.commons.collections4.MapUtilsTest" time="0"/>
  <testcase name="testDebugPrint[el_GR]" classname="org.apache.commons.collections4.MapUtilsTest" time="0"/>
  <testcase name="testgetDoubleValue[el_GR]" classname="org.apache.commons.collections4.MapUtilsTest" time="0"/>
  <testcase name="testVerbosePrintNullStream[el_GR]" classname="org.apache.commons.collections4.MapUtilsTest" time="0"/>
  <testcase name="testVerbosePrintNullLabelAndMap[en]" classname="org.apache.commons.collections4.MapUtilsTest" time="0"/>
  <testcase name="testgetMap[en]" classname="org.apache.commons.collections4.MapUtilsTest" time="0"/>
  <testcase name="testToProperties[en]" classname="org.apache.commons.collections4.MapUtilsTest" time="0"/>
  <testcase name="testgetShortValue[en]" classname="org.apache.commons.collections4.MapUtilsTest" time="0"/>
  <testcase name="testIsEmptyWithNull[en]" classname="org.apache.commons.collections4.MapUtilsTest" time="0"/>
  <testcase name="testVerbosePrint[en]" classname="org.apache.commons.collections4.MapUtilsTest" time="0"/>
  <testcase name="testLazyMapFactory[en]" classname="org.apache.commons.collections4.MapUtilsTest" time="0"/>
  <testcase name="testLazyMapTransformer[en]" classname="org.apache.commons.collections4.MapUtilsTest" time="0"/>
  <testcase name="testSafeAddToMap[en]" classname="org.apache.commons.collections4.MapUtilsTest" time="0"/>
  <testcase name="testIsEmptyWithNonEmptyMap[en]" classname="org.apache.commons.collections4.MapUtilsTest" time="0"/>
  <testcase name="testInvertMap[en]" classname="org.apache.commons.collections4.MapUtilsTest" time="0"/>
  <testcase name="testDebugAndVerbosePrintCasting[en]" classname="org.apache.commons.collections4.MapUtilsTest" time="0"/>
  <testcase name="testIsNotEmptyWithNonEmptyMap[en]" classname="org.apache.commons.collections4.MapUtilsTest" time="0"/>
  <testcase name="testgetByteValue[en]" classname="org.apache.commons.collections4.MapUtilsTest" time="0"/>
  <testcase name="testSize0[en]" classname="org.apache.commons.collections4.MapUtilsTest" time="0"/>
  <testcase name="testSize[en]" classname="org.apache.commons.collections4.MapUtilsTest" time="0"/>
  <testcase name="testIsNotEmptyWithEmptyMap[en]" classname="org.apache.commons.collections4.MapUtilsTest" time="0"/>
  <testcase name="testIsNotEmptyWithNull[en]" classname="org.apache.commons.collections4.MapUtilsTest" time="0"/>
  <testcase name="testIterableSortedMap[en]" classname="org.apache.commons.collections4.MapUtilsTest" time="0"/>
  <testcase name="testgetNumber[en]" classname="org.apache.commons.collections4.MapUtilsTest" time="0"/>
  <testcase name="testgetObject[en]" classname="org.apache.commons.collections4.MapUtilsTest" time="0"/>
  <testcase name="testgetString[en]" classname="org.apache.commons.collections4.MapUtilsTest" time="0.001"/>
  <testcase name="testPutAll_Map_array[en]" classname="org.apache.commons.collections4.MapUtilsTest" time="0"/>
  <testcase name="testVerbosePrintSelfReference[en]" classname="org.apache.commons.collections4.MapUtilsTest" time="0"/>
  <testcase name="testDebugPrintNullLabel[en]" classname="org.apache.commons.collections4.MapUtilsTest" time="0"/>
  <testcase name="testgetFloatValue[en]" classname="org.apache.commons.collections4.MapUtilsTest" time="0"/>
  <testcase name="testConvertResourceBundle[en]" classname="org.apache.commons.collections4.MapUtilsTest" time="0"/>
  <testcase name="testOrderedMap[en]" classname="org.apache.commons.collections4.MapUtilsTest" time="0"/>
  <testcase name="testDebugPrintNullLabelAndMap[en]" classname="org.apache.commons.collections4.MapUtilsTest" time="0"/>
  <testcase name="testEmptyIfNull[en]" classname="org.apache.commons.collections4.MapUtilsTest" time="0"/>
  <testcase name="testgetIntValue[en]" classname="org.apache.commons.collections4.MapUtilsTest" time="0"/>
  <testcase name="testDebugPrintSelfReference[en]" classname="org.apache.commons.collections4.MapUtilsTest" time="0"/>
  <testcase name="testIterableMap[en]" classname="org.apache.commons.collections4.MapUtilsTest" time="0"/>
  <testcase name="testDebugAndVerbosePrintNullMap[en]" classname="org.apache.commons.collections4.MapUtilsTest" time="0"/>
  <testcase name="testVerbosePrintNullLabel[en]" classname="org.apache.commons.collections4.MapUtilsTest" time="0"/>
  <testcase name="testDebugPrintNullKey[en]" classname="org.apache.commons.collections4.MapUtilsTest" time="0"/>
  <testcase name="testPredicatedMap[en]" classname="org.apache.commons.collections4.MapUtilsTest" time="0"/>
  <testcase name="testgetLongValue[en]" classname="org.apache.commons.collections4.MapUtilsTest" time="0"/>
  <testcase name="testVerbosePrintNullKeyToMap1[en]" classname="org.apache.commons.collections4.MapUtilsTest" time="0"/>
  <testcase name="testVerbosePrintNullKeyToMap2[en]" classname="org.apache.commons.collections4.MapUtilsTest" time="0"/>
  <testcase name="testPopulateMap[en]" classname="org.apache.commons.collections4.MapUtilsTest" time="0"/>
  <testcase name="testToPropertiesEmpty[en]" classname="org.apache.commons.collections4.MapUtilsTest" time="0"/>
  <testcase name="testPopulateMultiMap[en]" classname="org.apache.commons.collections4.MapUtilsTest" time="0"/>
  <testcase name="testDebugPrintNullStream[en]" classname="org.apache.commons.collections4.MapUtilsTest" time="0"/>
  <testcase name="testgetBooleanValue[en]" classname="org.apache.commons.collections4.MapUtilsTest" time="0"/>
  <testcase name="testIsEmptyWithEmptyMap[en]" classname="org.apache.commons.collections4.MapUtilsTest" time="0"/>
  <testcase name="testVerbosePrintNullKey[en]" classname="org.apache.commons.collections4.MapUtilsTest" time="0"/>
  <testcase name="testSizeNull[en]" classname="org.apache.commons.collections4.MapUtilsTest" time="0"/>
  <testcase name="testDebugPrintNullKeyToMap1[en]" classname="org.apache.commons.collections4.MapUtilsTest" time="0"/>
  <testcase name="testDebugPrintNullKeyToMap2[en]" classname="org.apache.commons.collections4.MapUtilsTest" time="0"/>
  <testcase name="testDebugPrint[en]" classname="org.apache.commons.collections4.MapUtilsTest" time="0"/>
  <testcase name="testgetDoubleValue[en]" classname="org.apache.commons.collections4.MapUtilsTest" time="0"/>
  <testcase name="testVerbosePrintNullStream[en]" classname="org.apache.commons.collections4.MapUtilsTest" time="0.001"/>
  <testcase name="testVerbosePrintNullLabelAndMap[en_AU]" classname="org.apache.commons.collections4.MapUtilsTest" time="0"/>
  <testcase name="testgetMap[en_AU]" classname="org.apache.commons.collections4.MapUtilsTest" time="0"/>
  <testcase name="testToProperties[en_AU]" classname="org.apache.commons.collections4.MapUtilsTest" time="0"/>
  <testcase name="testgetShortValue[en_AU]" classname="org.apache.commons.collections4.MapUtilsTest" time="0"/>
  <testcase name="testIsEmptyWithNull[en_AU]" classname="org.apache.commons.collections4.MapUtilsTest" time="0"/>
  <testcase name="testVerbosePrint[en_AU]" classname="org.apache.commons.collections4.MapUtilsTest" time="0"/>
  <testcase name="testLazyMapFactory[en_AU]" classname="org.apache.commons.collections4.MapUtilsTest" time="0"/>
  <testcase name="testLazyMapTransformer[en_AU]" classname="org.apache.commons.collections4.MapUtilsTest" time="0"/>
  <testcase name="testSafeAddToMap[en_AU]" classname="org.apache.commons.collections4.MapUtilsTest" time="0"/>
  <testcase name="testIsEmptyWithNonEmptyMap[en_AU]" classname="org.apache.commons.collections4.MapUtilsTest" time="0"/>
  <testcase name="testInvertMap[en_AU]" classname="org.apache.commons.collections4.MapUtilsTest" time="0"/>
  <testcase name="testDebugAndVerbosePrintCasting[en_AU]" classname="org.apache.commons.collections4.MapUtilsTest" time="0"/>
  <testcase name="testIsNotEmptyWithNonEmptyMap[en_AU]" classname="org.apache.commons.collections4.MapUtilsTest" time="0"/>
  <testcase name="testgetByteValue[en_AU]" classname="org.apache.commons.collections4.MapUtilsTest" time="0"/>
  <testcase name="testSize0[en_AU]" classname="org.apache.commons.collections4.MapUtilsTest" time="0"/>
  <testcase name="testSize[en_AU]" classname="org.apache.commons.collections4.MapUtilsTest" time="0"/>
  <testcase name="testIsNotEmptyWithEmptyMap[en_AU]" classname="org.apache.commons.collections4.MapUtilsTest" time="0"/>
  <testcase name="testIsNotEmptyWithNull[en_AU]" classname="org.apache.commons.collections4.MapUtilsTest" time="0"/>
  <testcase name="testIterableSortedMap[en_AU]" classname="org.apache.commons.collections4.MapUtilsTest" time="0"/>
  <testcase name="testgetNumber[en_AU]" classname="org.apache.commons.collections4.MapUtilsTest" time="0"/>
  <testcase name="testgetObject[en_AU]" classname="org.apache.commons.collections4.MapUtilsTest" time="0"/>
  <testcase name="testgetString[en_AU]" classname="org.apache.commons.collections4.MapUtilsTest" time="0"/>
  <testcase name="testPutAll_Map_array[en_AU]" classname="org.apache.commons.collections4.MapUtilsTest" time="0"/>
  <testcase name="testVerbosePrintSelfReference[en_AU]" classname="org.apache.commons.collections4.MapUtilsTest" time="0"/>
  <testcase name="testDebugPrintNullLabel[en_AU]" classname="org.apache.commons.collections4.MapUtilsTest" time="0.001"/>
  <testcase name="testgetFloatValue[en_AU]" classname="org.apache.commons.collections4.MapUtilsTest" time="0"/>
  <testcase name="testConvertResourceBundle[en_AU]" classname="org.apache.commons.collections4.MapUtilsTest" time="0"/>
  <testcase name="testOrderedMap[en_AU]" classname="org.apache.commons.collections4.MapUtilsTest" time="0"/>
  <testcase name="testDebugPrintNullLabelAndMap[en_AU]" classname="org.apache.commons.collections4.MapUtilsTest" time="0"/>
  <testcase name="testEmptyIfNull[en_AU]" classname="org.apache.commons.collections4.MapUtilsTest" time="0"/>
  <testcase name="testgetIntValue[en_AU]" classname="org.apache.commons.collections4.MapUtilsTest" time="0"/>
  <testcase name="testDebugPrintSelfReference[en_AU]" classname="org.apache.commons.collections4.MapUtilsTest" time="0"/>
  <testcase name="testIterableMap[en_AU]" classname="org.apache.commons.collections4.MapUtilsTest" time="0"/>
  <testcase name="testDebugAndVerbosePrintNullMap[en_AU]" classname="org.apache.commons.collections4.MapUtilsTest" time="0"/>
  <testcase name="testVerbosePrintNullLabel[en_AU]" classname="org.apache.commons.collections4.MapUtilsTest" time="0"/>
  <testcase name="testDebugPrintNullKey[en_AU]" classname="org.apache.commons.collections4.MapUtilsTest" time="0"/>
  <testcase name="testPredicatedMap[en_AU]" classname="org.apache.commons.collections4.MapUtilsTest" time="0"/>
  <testcase name="testgetLongValue[en_AU]" classname="org.apache.commons.collections4.MapUtilsTest" time="0"/>
  <testcase name="testVerbosePrintNullKeyToMap1[en_AU]" classname="org.apache.commons.collections4.MapUtilsTest" time="0"/>
  <testcase name="testVerbosePrintNullKeyToMap2[en_AU]" classname="org.apache.commons.collections4.MapUtilsTest" time="0"/>
  <testcase name="testPopulateMap[en_AU]" classname="org.apache.commons.collections4.MapUtilsTest" time="0"/>
  <testcase name="testToPropertiesEmpty[en_AU]" classname="org.apache.commons.collections4.MapUtilsTest" time="0"/>
  <testcase name="testPopulateMultiMap[en_AU]" classname="org.apache.commons.collections4.MapUtilsTest" time="0"/>
  <testcase name="testDebugPrintNullStream[en_AU]" classname="org.apache.commons.collections4.MapUtilsTest" time="0"/>
  <testcase name="testgetBooleanValue[en_AU]" classname="org.apache.commons.collections4.MapUtilsTest" time="0"/>
  <testcase name="testIsEmptyWithEmptyMap[en_AU]" classname="org.apache.commons.collections4.MapUtilsTest" time="0"/>
  <testcase name="testVerbosePrintNullKey[en_AU]" classname="org.apache.commons.collections4.MapUtilsTest" time="0"/>
  <testcase name="testSizeNull[en_AU]" classname="org.apache.commons.collections4.MapUtilsTest" time="0"/>
  <testcase name="testDebugPrintNullKeyToMap1[en_AU]" classname="org.apache.commons.collections4.MapUtilsTest" time="0"/>
  <testcase name="testDebugPrintNullKeyToMap2[en_AU]" classname="org.apache.commons.collections4.MapUtilsTest" time="0"/>
  <testcase name="testDebugPrint[en_AU]" classname="org.apache.commons.collections4.MapUtilsTest" time="0"/>
  <testcase name="testgetDoubleValue[en_AU]" classname="org.apache.commons.collections4.MapUtilsTest" time="0"/>
  <testcase name="testVerbosePrintNullStream[en_AU]" classname="org.apache.commons.collections4.MapUtilsTest" time="0"/>
  <testcase name="testVerbosePrintNullLabelAndMap[en_CA]" classname="org.apache.commons.collections4.MapUtilsTest" time="0"/>
  <testcase name="testgetMap[en_CA]" classname="org.apache.commons.collections4.MapUtilsTest" time="0"/>
  <testcase name="testToProperties[en_CA]" classname="org.apache.commons.collections4.MapUtilsTest" time="0"/>
  <testcase name="testgetShortValue[en_CA]" classname="org.apache.commons.collections4.MapUtilsTest" time="0.001"/>
  <testcase name="testIsEmptyWithNull[en_CA]" classname="org.apache.commons.collections4.MapUtilsTest" time="0"/>
  <testcase name="testVerbosePrint[en_CA]" classname="org.apache.commons.collections4.MapUtilsTest" time="0"/>
  <testcase name="testLazyMapFactory[en_CA]" classname="org.apache.commons.collections4.MapUtilsTest" time="0"/>
  <testcase name="testLazyMapTransformer[en_CA]" classname="org.apache.commons.collections4.MapUtilsTest" time="0"/>
  <testcase name="testSafeAddToMap[en_CA]" classname="org.apache.commons.collections4.MapUtilsTest" time="0"/>
  <testcase name="testIsEmptyWithNonEmptyMap[en_CA]" classname="org.apache.commons.collections4.MapUtilsTest" time="0"/>
  <testcase name="testInvertMap[en_CA]" classname="org.apache.commons.collections4.MapUtilsTest" time="0"/>
  <testcase name="testDebugAndVerbosePrintCasting[en_CA]" classname="org.apache.commons.collections4.MapUtilsTest" time="0"/>
  <testcase name="testIsNotEmptyWithNonEmptyMap[en_CA]" classname="org.apache.commons.collections4.MapUtilsTest" time="0"/>
  <testcase name="testgetByteValue[en_CA]" classname="org.apache.commons.collections4.MapUtilsTest" time="0"/>
  <testcase name="testSize0[en_CA]" classname="org.apache.commons.collections4.MapUtilsTest" time="0"/>
  <testcase name="testSize[en_CA]" classname="org.apache.commons.collections4.MapUtilsTest" time="0"/>
  <testcase name="testIsNotEmptyWithEmptyMap[en_CA]" classname="org.apache.commons.collections4.MapUtilsTest" time="0"/>
  <testcase name="testIsNotEmptyWithNull[en_CA]" classname="org.apache.commons.collections4.MapUtilsTest" time="0"/>
  <testcase name="testIterableSortedMap[en_CA]" classname="org.apache.commons.collections4.MapUtilsTest" time="0"/>
  <testcase name="testgetNumber[en_CA]" classname="org.apache.commons.collections4.MapUtilsTest" time="0"/>
  <testcase name="testgetObject[en_CA]" classname="org.apache.commons.collections4.MapUtilsTest" time="0"/>
  <testcase name="testgetString[en_CA]" classname="org.apache.commons.collections4.MapUtilsTest" time="0"/>
  <testcase name="testPutAll_Map_array[en_CA]" classname="org.apache.commons.collections4.MapUtilsTest" time="0"/>
  <testcase name="testVerbosePrintSelfReference[en_CA]" classname="org.apache.commons.collections4.MapUtilsTest" time="0"/>
  <testcase name="testDebugPrintNullLabel[en_CA]" classname="org.apache.commons.collections4.MapUtilsTest" time="0"/>
  <testcase name="testgetFloatValue[en_CA]" classname="org.apache.commons.collections4.MapUtilsTest" time="0"/>
  <testcase name="testConvertResourceBundle[en_CA]" classname="org.apache.commons.collections4.MapUtilsTest" time="0"/>
  <testcase name="testOrderedMap[en_CA]" classname="org.apache.commons.collections4.MapUtilsTest" time="0"/>
  <testcase name="testDebugPrintNullLabelAndMap[en_CA]" classname="org.apache.commons.collections4.MapUtilsTest" time="0"/>
  <testcase name="testEmptyIfNull[en_CA]" classname="org.apache.commons.collections4.MapUtilsTest" time="0"/>
  <testcase name="testgetIntValue[en_CA]" classname="org.apache.commons.collections4.MapUtilsTest" time="0"/>
  <testcase name="testDebugPrintSelfReference[en_CA]" classname="org.apache.commons.collections4.MapUtilsTest" time="0"/>
  <testcase name="testIterableMap[en_CA]" classname="org.apache.commons.collections4.MapUtilsTest" time="0"/>
  <testcase name="testDebugAndVerbosePrintNullMap[en_CA]" classname="org.apache.commons.collections4.MapUtilsTest" time="0"/>
  <testcase name="testVerbosePrintNullLabel[en_CA]" classname="org.apache.commons.collections4.MapUtilsTest" time="0"/>
  <testcase name="testDebugPrintNullKey[en_CA]" classname="org.apache.commons.collections4.MapUtilsTest" time="0"/>
  <testcase name="testPredicatedMap[en_CA]" classname="org.apache.commons.collections4.MapUtilsTest" time="0"/>
  <testcase name="testgetLongValue[en_CA]" classname="org.apache.commons.collections4.MapUtilsTest" time="0"/>
  <testcase name="testVerbosePrintNullKeyToMap1[en_CA]" classname="org.apache.commons.collections4.MapUtilsTest" time="0"/>
  <testcase name="testVerbosePrintNullKeyToMap2[en_CA]" classname="org.apache.commons.collections4.MapUtilsTest" time="0"/>
  <testcase name="testPopulateMap[en_CA]" classname="org.apache.commons.collections4.MapUtilsTest" time="0"/>
  <testcase name="testToPropertiesEmpty[en_CA]" classname="org.apache.commons.collections4.MapUtilsTest" time="0"/>
  <testcase name="testPopulateMultiMap[en_CA]" classname="org.apache.commons.collections4.MapUtilsTest" time="0"/>
  <testcase name="testDebugPrintNullStream[en_CA]" classname="org.apache.commons.collections4.MapUtilsTest" time="0"/>
  <testcase name="testgetBooleanValue[en_CA]" classname="org.apache.commons.collections4.MapUtilsTest" time="0"/>
  <testcase name="testIsEmptyWithEmptyMap[en_CA]" classname="org.apache.commons.collections4.MapUtilsTest" time="0"/>
  <testcase name="testVerbosePrintNullKey[en_CA]" classname="org.apache.commons.collections4.MapUtilsTest" time="0"/>
  <testcase name="testSizeNull[en_CA]" classname="org.apache.commons.collections4.MapUtilsTest" time="0"/>
  <testcase name="testDebugPrintNullKeyToMap1[en_CA]" classname="org.apache.commons.collections4.MapUtilsTest" time="0"/>
  <testcase name="testDebugPrintNullKeyToMap2[en_CA]" classname="org.apache.commons.collections4.MapUtilsTest" time="0"/>
  <testcase name="testDebugPrint[en_CA]" classname="org.apache.commons.collections4.MapUtilsTest" time="0"/>
  <testcase name="testgetDoubleValue[en_CA]" classname="org.apache.commons.collections4.MapUtilsTest" time="0"/>
  <testcase name="testVerbosePrintNullStream[en_CA]" classname="org.apache.commons.collections4.MapUtilsTest" time="0"/>
  <testcase name="testVerbosePrintNullLabelAndMap[en_GB]" classname="org.apache.commons.collections4.MapUtilsTest" time="0"/>
  <testcase name="testgetMap[en_GB]" classname="org.apache.commons.collections4.MapUtilsTest" time="0"/>
  <testcase name="testToProperties[en_GB]" classname="org.apache.commons.collections4.MapUtilsTest" time="0"/>
  <testcase name="testgetShortValue[en_GB]" classname="org.apache.commons.collections4.MapUtilsTest" time="0.001"/>
  <testcase name="testIsEmptyWithNull[en_GB]" classname="org.apache.commons.collections4.MapUtilsTest" time="0"/>
  <testcase name="testVerbosePrint[en_GB]" classname="org.apache.commons.collections4.MapUtilsTest" time="0"/>
  <testcase name="testLazyMapFactory[en_GB]" classname="org.apache.commons.collections4.MapUtilsTest" time="0"/>
  <testcase name="testLazyMapTransformer[en_GB]" classname="org.apache.commons.collections4.MapUtilsTest" time="0"/>
  <testcase name="testSafeAddToMap[en_GB]" classname="org.apache.commons.collections4.MapUtilsTest" time="0"/>
  <testcase name="testIsEmptyWithNonEmptyMap[en_GB]" classname="org.apache.commons.collections4.MapUtilsTest" time="0"/>
  <testcase name="testInvertMap[en_GB]" classname="org.apache.commons.collections4.MapUtilsTest" time="0"/>
  <testcase name="testDebugAndVerbosePrintCasting[en_GB]" classname="org.apache.commons.collections4.MapUtilsTest" time="0"/>
  <testcase name="testIsNotEmptyWithNonEmptyMap[en_GB]" classname="org.apache.commons.collections4.MapUtilsTest" time="0"/>
  <testcase name="testgetByteValue[en_GB]" classname="org.apache.commons.collections4.MapUtilsTest" time="0"/>
  <testcase name="testSize0[en_GB]" classname="org.apache.commons.collections4.MapUtilsTest" time="0"/>
  <testcase name="testSize[en_GB]" classname="org.apache.commons.collections4.MapUtilsTest" time="0"/>
  <testcase name="testIsNotEmptyWithEmptyMap[en_GB]" classname="org.apache.commons.collections4.MapUtilsTest" time="0"/>
  <testcase name="testIsNotEmptyWithNull[en_GB]" classname="org.apache.commons.collections4.MapUtilsTest" time="0"/>
  <testcase name="testIterableSortedMap[en_GB]" classname="org.apache.commons.collections4.MapUtilsTest" time="0"/>
  <testcase name="testgetNumber[en_GB]" classname="org.apache.commons.collections4.MapUtilsTest" time="0"/>
  <testcase name="testgetObject[en_GB]" classname="org.apache.commons.collections4.MapUtilsTest" time="0"/>
  <testcase name="testgetString[en_GB]" classname="org.apache.commons.collections4.MapUtilsTest" time="0"/>
  <testcase name="testPutAll_Map_array[en_GB]" classname="org.apache.commons.collections4.MapUtilsTest" time="0"/>
  <testcase name="testVerbosePrintSelfReference[en_GB]" classname="org.apache.commons.collections4.MapUtilsTest" time="0"/>
  <testcase name="testDebugPrintNullLabel[en_GB]" classname="org.apache.commons.collections4.MapUtilsTest" time="0"/>
  <testcase name="testgetFloatValue[en_GB]" classname="org.apache.commons.collections4.MapUtilsTest" time="0"/>
  <testcase name="testConvertResourceBundle[en_GB]" classname="org.apache.commons.collections4.MapUtilsTest" time="0"/>
  <testcase name="testOrderedMap[en_GB]" classname="org.apache.commons.collections4.MapUtilsTest" time="0"/>
  <testcase name="testDebugPrintNullLabelAndMap[en_GB]" classname="org.apache.commons.collections4.MapUtilsTest" time="0"/>
  <testcase name="testEmptyIfNull[en_GB]" classname="org.apache.commons.collections4.MapUtilsTest" time="0"/>
  <testcase name="testgetIntValue[en_GB]" classname="org.apache.commons.collections4.MapUtilsTest" time="0"/>
  <testcase name="testDebugPrintSelfReference[en_GB]" classname="org.apache.commons.collections4.MapUtilsTest" time="0"/>
  <testcase name="testIterableMap[en_GB]" classname="org.apache.commons.collections4.MapUtilsTest" time="0"/>
  <testcase name="testDebugAndVerbosePrintNullMap[en_GB]" classname="org.apache.commons.collections4.MapUtilsTest" time="0.001"/>
  <testcase name="testVerbosePrintNullLabel[en_GB]" classname="org.apache.commons.collections4.MapUtilsTest" time="0"/>
  <testcase name="testDebugPrintNullKey[en_GB]" classname="org.apache.commons.collections4.MapUtilsTest" time="0"/>
  <testcase name="testPredicatedMap[en_GB]" classname="org.apache.commons.collections4.MapUtilsTest" time="0"/>
  <testcase name="testgetLongValue[en_GB]" classname="org.apache.commons.collections4.MapUtilsTest" time="0"/>
  <testcase name="testVerbosePrintNullKeyToMap1[en_GB]" classname="org.apache.commons.collections4.MapUtilsTest" time="0"/>
  <testcase name="testVerbosePrintNullKeyToMap2[en_GB]" classname="org.apache.commons.collections4.MapUtilsTest" time="0"/>
  <testcase name="testPopulateMap[en_GB]" classname="org.apache.commons.collections4.MapUtilsTest" time="0"/>
  <testcase name="testToPropertiesEmpty[en_GB]" classname="org.apache.commons.collections4.MapUtilsTest" time="0"/>
  <testcase name="testPopulateMultiMap[en_GB]" classname="org.apache.commons.collections4.MapUtilsTest" time="0"/>
  <testcase name="testDebugPrintNullStream[en_GB]" classname="org.apache.commons.collections4.MapUtilsTest" time="0"/>
  <testcase name="testgetBooleanValue[en_GB]" classname="org.apache.commons.collections4.MapUtilsTest" time="0"/>
  <testcase name="testIsEmptyWithEmptyMap[en_GB]" classname="org.apache.commons.collections4.MapUtilsTest" time="0"/>
  <testcase name="testVerbosePrintNullKey[en_GB]" classname="org.apache.commons.collections4.MapUtilsTest" time="0"/>
  <testcase name="testSizeNull[en_GB]" classname="org.apache.commons.collections4.MapUtilsTest" time="0"/>
  <testcase name="testDebugPrintNullKeyToMap1[en_GB]" classname="org.apache.commons.collections4.MapUtilsTest" time="0"/>
  <testcase name="testDebugPrintNullKeyToMap2[en_GB]" classname="org.apache.commons.collections4.MapUtilsTest" time="0"/>
  <testcase name="testDebugPrint[en_GB]" classname="org.apache.commons.collections4.MapUtilsTest" time="0"/>
  <testcase name="testgetDoubleValue[en_GB]" classname="org.apache.commons.collections4.MapUtilsTest" time="0"/>
  <testcase name="testVerbosePrintNullStream[en_GB]" classname="org.apache.commons.collections4.MapUtilsTest" time="0"/>
  <testcase name="testVerbosePrintNullLabelAndMap[en_IE]" classname="org.apache.commons.collections4.MapUtilsTest" time="0"/>
  <testcase name="testgetMap[en_IE]" classname="org.apache.commons.collections4.MapUtilsTest" time="0"/>
  <testcase name="testToProperties[en_IE]" classname="org.apache.commons.collections4.MapUtilsTest" time="0"/>
  <testcase name="testgetShortValue[en_IE]" classname="org.apache.commons.collections4.MapUtilsTest" time="0"/>
  <testcase name="testIsEmptyWithNull[en_IE]" classname="org.apache.commons.collections4.MapUtilsTest" time="0"/>
  <testcase name="testVerbosePrint[en_IE]" classname="org.apache.commons.collections4.MapUtilsTest" time="0"/>
  <testcase name="testLazyMapFactory[en_IE]" classname="org.apache.commons.collections4.MapUtilsTest" time="0.001"/>
  <testcase name="testLazyMapTransformer[en_IE]" classname="org.apache.commons.collections4.MapUtilsTest" time="0"/>
  <testcase name="testSafeAddToMap[en_IE]" classname="org.apache.commons.collections4.MapUtilsTest" time="0"/>
  <testcase name="testIsEmptyWithNonEmptyMap[en_IE]" classname="org.apache.commons.collections4.MapUtilsTest" time="0"/>
  <testcase name="testInvertMap[en_IE]" classname="org.apache.commons.collections4.MapUtilsTest" time="0"/>
  <testcase name="testDebugAndVerbosePrintCasting[en_IE]" classname="org.apache.commons.collections4.MapUtilsTest" time="0"/>
  <testcase name="testIsNotEmptyWithNonEmptyMap[en_IE]" classname="org.apache.commons.collections4.MapUtilsTest" time="0"/>
  <testcase name="testgetByteValue[en_IE]" classname="org.apache.commons.collections4.MapUtilsTest" time="0"/>
  <testcase name="testSize0[en_IE]" classname="org.apache.commons.collections4.MapUtilsTest" time="0"/>
  <testcase name="testSize[en_IE]" classname="org.apache.commons.collections4.MapUtilsTest" time="0"/>
  <testcase name="testIsNotEmptyWithEmptyMap[en_IE]" classname="org.apache.commons.collections4.MapUtilsTest" time="0"/>
  <testcase name="testIsNotEmptyWithNull[en_IE]" classname="org.apache.commons.collections4.MapUtilsTest" time="0"/>
  <testcase name="testIterableSortedMap[en_IE]" classname="org.apache.commons.collections4.MapUtilsTest" time="0"/>
  <testcase name="testgetNumber[en_IE]" classname="org.apache.commons.collections4.MapUtilsTest" time="0"/>
  <testcase name="testgetObject[en_IE]" classname="org.apache.commons.collections4.MapUtilsTest" time="0"/>
  <testcase name="testgetString[en_IE]" classname="org.apache.commons.collections4.MapUtilsTest" time="0"/>
  <testcase name="testPutAll_Map_array[en_IE]" classname="org.apache.commons.collections4.MapUtilsTest" time="0"/>
  <testcase name="testVerbosePrintSelfReference[en_IE]" classname="org.apache.commons.collections4.MapUtilsTest" time="0"/>
  <testcase name="testDebugPrintNullLabel[en_IE]" classname="org.apache.commons.collections4.MapUtilsTest" time="0"/>
  <testcase name="testgetFloatValue[en_IE]" classname="org.apache.commons.collections4.MapUtilsTest" time="0"/>
  <testcase name="testConvertResourceBundle[en_IE]" classname="org.apache.commons.collections4.MapUtilsTest" time="0"/>
  <testcase name="testOrderedMap[en_IE]" classname="org.apache.commons.collections4.MapUtilsTest" time="0"/>
  <testcase name="testDebugPrintNullLabelAndMap[en_IE]" classname="org.apache.commons.collections4.MapUtilsTest" time="0"/>
  <testcase name="testEmptyIfNull[en_IE]" classname="org.apache.commons.collections4.MapUtilsTest" time="0"/>
  <testcase name="testgetIntValue[en_IE]" classname="org.apache.commons.collections4.MapUtilsTest" time="0"/>
  <testcase name="testDebugPrintSelfReference[en_IE]" classname="org.apache.commons.collections4.MapUtilsTest" time="0"/>
  <testcase name="testIterableMap[en_IE]" classname="org.apache.commons.collections4.MapUtilsTest" time="0"/>
  <testcase name="testDebugAndVerbosePrintNullMap[en_IE]" classname="org.apache.commons.collections4.MapUtilsTest" time="0"/>
  <testcase name="testVerbosePrintNullLabel[en_IE]" classname="org.apache.commons.collections4.MapUtilsTest" time="0"/>
  <testcase name="testDebugPrintNullKey[en_IE]" classname="org.apache.commons.collections4.MapUtilsTest" time="0"/>
  <testcase name="testPredicatedMap[en_IE]" classname="org.apache.commons.collections4.MapUtilsTest" time="0"/>
  <testcase name="testgetLongValue[en_IE]" classname="org.apache.commons.collections4.MapUtilsTest" time="0"/>
  <testcase name="testVerbosePrintNullKeyToMap1[en_IE]" classname="org.apache.commons.collections4.MapUtilsTest" time="0"/>
  <testcase name="testVerbosePrintNullKeyToMap2[en_IE]" classname="org.apache.commons.collections4.MapUtilsTest" time="0"/>
  <testcase name="testPopulateMap[en_IE]" classname="org.apache.commons.collections4.MapUtilsTest" time="0"/>
  <testcase name="testToPropertiesEmpty[en_IE]" classname="org.apache.commons.collections4.MapUtilsTest" time="0"/>
  <testcase name="testPopulateMultiMap[en_IE]" classname="org.apache.commons.collections4.MapUtilsTest" time="0"/>
  <testcase name="testDebugPrintNullStream[en_IE]" classname="org.apache.commons.collections4.MapUtilsTest" time="0"/>
  <testcase name="testgetBooleanValue[en_IE]" classname="org.apache.commons.collections4.MapUtilsTest" time="0"/>
  <testcase name="testIsEmptyWithEmptyMap[en_IE]" classname="org.apache.commons.collections4.MapUtilsTest" time="0.001"/>
  <testcase name="testVerbosePrintNullKey[en_IE]" classname="org.apache.commons.collections4.MapUtilsTest" time="0"/>
  <testcase name="testSizeNull[en_IE]" classname="org.apache.commons.collections4.MapUtilsTest" time="0"/>
  <testcase name="testDebugPrintNullKeyToMap1[en_IE]" classname="org.apache.commons.collections4.MapUtilsTest" time="0"/>
  <testcase name="testDebugPrintNullKeyToMap2[en_IE]" classname="org.apache.commons.collections4.MapUtilsTest" time="0"/>
  <testcase name="testDebugPrint[en_IE]" classname="org.apache.commons.collections4.MapUtilsTest" time="0"/>
  <testcase name="testgetDoubleValue[en_IE]" classname="org.apache.commons.collections4.MapUtilsTest" time="0"/>
  <testcase name="testVerbosePrintNullStream[en_IE]" classname="org.apache.commons.collections4.MapUtilsTest" time="0"/>
  <testcase name="testVerbosePrintNullLabelAndMap[en_IN]" classname="org.apache.commons.collections4.MapUtilsTest" time="0"/>
  <testcase name="testgetMap[en_IN]" classname="org.apache.commons.collections4.MapUtilsTest" time="0"/>
  <testcase name="testToProperties[en_IN]" classname="org.apache.commons.collections4.MapUtilsTest" time="0"/>
  <testcase name="testgetShortValue[en_IN]" classname="org.apache.commons.collections4.MapUtilsTest" time="0"/>
  <testcase name="testIsEmptyWithNull[en_IN]" classname="org.apache.commons.collections4.MapUtilsTest" time="0"/>
  <testcase name="testVerbosePrint[en_IN]" classname="org.apache.commons.collections4.MapUtilsTest" time="0"/>
  <testcase name="testLazyMapFactory[en_IN]" classname="org.apache.commons.collections4.MapUtilsTest" time="0"/>
  <testcase name="testLazyMapTransformer[en_IN]" classname="org.apache.commons.collections4.MapUtilsTest" time="0"/>
  <testcase name="testSafeAddToMap[en_IN]" classname="org.apache.commons.collections4.MapUtilsTest" time="0"/>
  <testcase name="testIsEmptyWithNonEmptyMap[en_IN]" classname="org.apache.commons.collections4.MapUtilsTest" time="0"/>
  <testcase name="testInvertMap[en_IN]" classname="org.apache.commons.collections4.MapUtilsTest" time="0"/>
  <testcase name="testDebugAndVerbosePrintCasting[en_IN]" classname="org.apache.commons.collections4.MapUtilsTest" time="0"/>
  <testcase name="testIsNotEmptyWithNonEmptyMap[en_IN]" classname="org.apache.commons.collections4.MapUtilsTest" time="0"/>
  <testcase name="testgetByteValue[en_IN]" classname="org.apache.commons.collections4.MapUtilsTest" time="0"/>
  <testcase name="testSize0[en_IN]" classname="org.apache.commons.collections4.MapUtilsTest" time="0"/>
  <testcase name="testSize[en_IN]" classname="org.apache.commons.collections4.MapUtilsTest" time="0"/>
  <testcase name="testIsNotEmptyWithEmptyMap[en_IN]" classname="org.apache.commons.collections4.MapUtilsTest" time="0"/>
  <testcase name="testIsNotEmptyWithNull[en_IN]" classname="org.apache.commons.collections4.MapUtilsTest" time="0"/>
  <testcase name="testIterableSortedMap[en_IN]" classname="org.apache.commons.collections4.MapUtilsTest" time="0"/>
  <testcase name="testgetNumber[en_IN]" classname="org.apache.commons.collections4.MapUtilsTest" time="0"/>
  <testcase name="testgetObject[en_IN]" classname="org.apache.commons.collections4.MapUtilsTest" time="0"/>
  <testcase name="testgetString[en_IN]" classname="org.apache.commons.collections4.MapUtilsTest" time="0"/>
  <testcase name="testPutAll_Map_array[en_IN]" classname="org.apache.commons.collections4.MapUtilsTest" time="0"/>
  <testcase name="testVerbosePrintSelfReference[en_IN]" classname="org.apache.commons.collections4.MapUtilsTest" time="0"/>
  <testcase name="testDebugPrintNullLabel[en_IN]" classname="org.apache.commons.collections4.MapUtilsTest" time="0"/>
  <testcase name="testgetFloatValue[en_IN]" classname="org.apache.commons.collections4.MapUtilsTest" time="0"/>
  <testcase name="testConvertResourceBundle[en_IN]" classname="org.apache.commons.collections4.MapUtilsTest" time="0"/>
  <testcase name="testOrderedMap[en_IN]" classname="org.apache.commons.collections4.MapUtilsTest" time="0"/>
  <testcase name="testDebugPrintNullLabelAndMap[en_IN]" classname="org.apache.commons.collections4.MapUtilsTest" time="0"/>
  <testcase name="testEmptyIfNull[en_IN]" classname="org.apache.commons.collections4.MapUtilsTest" time="0"/>
  <testcase name="testgetIntValue[en_IN]" classname="org.apache.commons.collections4.MapUtilsTest" time="0"/>
  <testcase name="testDebugPrintSelfReference[en_IN]" classname="org.apache.commons.collections4.MapUtilsTest" time="0"/>
  <testcase name="testIterableMap[en_IN]" classname="org.apache.commons.collections4.MapUtilsTest" time="0"/>
  <testcase name="testDebugAndVerbosePrintNullMap[en_IN]" classname="org.apache.commons.collections4.MapUtilsTest" time="0"/>
  <testcase name="testVerbosePrintNullLabel[en_IN]" classname="org.apache.commons.collections4.MapUtilsTest" time="0"/>
  <testcase name="testDebugPrintNullKey[en_IN]" classname="org.apache.commons.collections4.MapUtilsTest" time="0"/>
  <testcase name="testPredicatedMap[en_IN]" classname="org.apache.commons.collections4.MapUtilsTest" time="0"/>
  <testcase name="testgetLongValue[en_IN]" classname="org.apache.commons.collections4.MapUtilsTest" time="0"/>
  <testcase name="testVerbosePrintNullKeyToMap1[en_IN]" classname="org.apache.commons.collections4.MapUtilsTest" time="0"/>
  <testcase name="testVerbosePrintNullKeyToMap2[en_IN]" classname="org.apache.commons.collections4.MapUtilsTest" time="0"/>
  <testcase name="testPopulateMap[en_IN]" classname="org.apache.commons.collections4.MapUtilsTest" time="0"/>
  <testcase name="testToPropertiesEmpty[en_IN]" classname="org.apache.commons.collections4.MapUtilsTest" time="0"/>
  <testcase name="testPopulateMultiMap[en_IN]" classname="org.apache.commons.collections4.MapUtilsTest" time="0"/>
  <testcase name="testDebugPrintNullStream[en_IN]" classname="org.apache.commons.collections4.MapUtilsTest" time="0"/>
  <testcase name="testgetBooleanValue[en_IN]" classname="org.apache.commons.collections4.MapUtilsTest" time="0"/>
  <testcase name="testIsEmptyWithEmptyMap[en_IN]" classname="org.apache.commons.collections4.MapUtilsTest" time="0"/>
  <testcase name="testVerbosePrintNullKey[en_IN]" classname="org.apache.commons.collections4.MapUtilsTest" time="0"/>
  <testcase name="testSizeNull[en_IN]" classname="org.apache.commons.collections4.MapUtilsTest" time="0"/>
  <testcase name="testDebugPrintNullKeyToMap1[en_IN]" classname="org.apache.commons.collections4.MapUtilsTest" time="0"/>
  <testcase name="testDebugPrintNullKeyToMap2[en_IN]" classname="org.apache.commons.collections4.MapUtilsTest" time="0"/>
  <testcase name="testDebugPrint[en_IN]" classname="org.apache.commons.collections4.MapUtilsTest" time="0"/>
  <testcase name="testgetDoubleValue[en_IN]" classname="org.apache.commons.collections4.MapUtilsTest" time="0"/>
  <testcase name="testVerbosePrintNullStream[en_IN]" classname="org.apache.commons.collections4.MapUtilsTest" time="0"/>
  <testcase name="testVerbosePrintNullLabelAndMap[en_MT]" classname="org.apache.commons.collections4.MapUtilsTest" time="0"/>
  <testcase name="testgetMap[en_MT]" classname="org.apache.commons.collections4.MapUtilsTest" time="0"/>
  <testcase name="testToProperties[en_MT]" classname="org.apache.commons.collections4.MapUtilsTest" time="0"/>
  <testcase name="testgetShortValue[en_MT]" classname="org.apache.commons.collections4.MapUtilsTest" time="0.001"/>
  <testcase name="testIsEmptyWithNull[en_MT]" classname="org.apache.commons.collections4.MapUtilsTest" time="0"/>
  <testcase name="testVerbosePrint[en_MT]" classname="org.apache.commons.collections4.MapUtilsTest" time="0"/>
  <testcase name="testLazyMapFactory[en_MT]" classname="org.apache.commons.collections4.MapUtilsTest" time="0"/>
  <testcase name="testLazyMapTransformer[en_MT]" classname="org.apache.commons.collections4.MapUtilsTest" time="0"/>
  <testcase name="testSafeAddToMap[en_MT]" classname="org.apache.commons.collections4.MapUtilsTest" time="0"/>
  <testcase name="testIsEmptyWithNonEmptyMap[en_MT]" classname="org.apache.commons.collections4.MapUtilsTest" time="0"/>
  <testcase name="testInvertMap[en_MT]" classname="org.apache.commons.collections4.MapUtilsTest" time="0"/>
  <testcase name="testDebugAndVerbosePrintCasting[en_MT]" classname="org.apache.commons.collections4.MapUtilsTest" time="0"/>
  <testcase name="testIsNotEmptyWithNonEmptyMap[en_MT]" classname="org.apache.commons.collections4.MapUtilsTest" time="0"/>
  <testcase name="testgetByteValue[en_MT]" classname="org.apache.commons.collections4.MapUtilsTest" time="0"/>
  <testcase name="testSize0[en_MT]" classname="org.apache.commons.collections4.MapUtilsTest" time="0"/>
  <testcase name="testSize[en_MT]" classname="org.apache.commons.collections4.MapUtilsTest" time="0"/>
  <testcase name="testIsNotEmptyWithEmptyMap[en_MT]" classname="org.apache.commons.collections4.MapUtilsTest" time="0"/>
  <testcase name="testIsNotEmptyWithNull[en_MT]" classname="org.apache.commons.collections4.MapUtilsTest" time="0"/>
  <testcase name="testIterableSortedMap[en_MT]" classname="org.apache.commons.collections4.MapUtilsTest" time="0"/>
  <testcase name="testgetNumber[en_MT]" classname="org.apache.commons.collections4.MapUtilsTest" time="0"/>
  <testcase name="testgetObject[en_MT]" classname="org.apache.commons.collections4.MapUtilsTest" time="0"/>
  <testcase name="testgetString[en_MT]" classname="org.apache.commons.collections4.MapUtilsTest" time="0"/>
  <testcase name="testPutAll_Map_array[en_MT]" classname="org.apache.commons.collections4.MapUtilsTest" time="0"/>
  <testcase name="testVerbosePrintSelfReference[en_MT]" classname="org.apache.commons.collections4.MapUtilsTest" time="0"/>
  <testcase name="testDebugPrintNullLabel[en_MT]" classname="org.apache.commons.collections4.MapUtilsTest" time="0"/>
  <testcase name="testgetFloatValue[en_MT]" classname="org.apache.commons.collections4.MapUtilsTest" time="0"/>
  <testcase name="testConvertResourceBundle[en_MT]" classname="org.apache.commons.collections4.MapUtilsTest" time="0"/>
  <testcase name="testOrderedMap[en_MT]" classname="org.apache.commons.collections4.MapUtilsTest" time="0"/>
  <testcase name="testDebugPrintNullLabelAndMap[en_MT]" classname="org.apache.commons.collections4.MapUtilsTest" time="0"/>
  <testcase name="testEmptyIfNull[en_MT]" classname="org.apache.commons.collections4.MapUtilsTest" time="0"/>
  <testcase name="testgetIntValue[en_MT]" classname="org.apache.commons.collections4.MapUtilsTest" time="0"/>
  <testcase name="testDebugPrintSelfReference[en_MT]" classname="org.apache.commons.collections4.MapUtilsTest" time="0"/>
  <testcase name="testIterableMap[en_MT]" classname="org.apache.commons.collections4.MapUtilsTest" time="0"/>
  <testcase name="testDebugAndVerbosePrintNullMap[en_MT]" classname="org.apache.commons.collections4.MapUtilsTest" time="0"/>
  <testcase name="testVerbosePrintNullLabel[en_MT]" classname="org.apache.commons.collections4.MapUtilsTest" time="0"/>
  <testcase name="testDebugPrintNullKey[en_MT]" classname="org.apache.commons.collections4.MapUtilsTest" time="0"/>
  <testcase name="testPredicatedMap[en_MT]" classname="org.apache.commons.collections4.MapUtilsTest" time="0.001"/>
  <testcase name="testgetLongValue[en_MT]" classname="org.apache.commons.collections4.MapUtilsTest" time="0"/>
  <testcase name="testVerbosePrintNullKeyToMap1[en_MT]" classname="org.apache.commons.collections4.MapUtilsTest" time="0"/>
  <testcase name="testVerbosePrintNullKeyToMap2[en_MT]" classname="org.apache.commons.collections4.MapUtilsTest" time="0"/>
  <testcase name="testPopulateMap[en_MT]" classname="org.apache.commons.collections4.MapUtilsTest" time="0"/>
  <testcase name="testToPropertiesEmpty[en_MT]" classname="org.apache.commons.collections4.MapUtilsTest" time="0"/>
  <testcase name="testPopulateMultiMap[en_MT]" classname="org.apache.commons.collections4.MapUtilsTest" time="0"/>
  <testcase name="testDebugPrintNullStream[en_MT]" classname="org.apache.commons.collections4.MapUtilsTest" time="0"/>
  <testcase name="testgetBooleanValue[en_MT]" classname="org.apache.commons.collections4.MapUtilsTest" time="0"/>
  <testcase name="testIsEmptyWithEmptyMap[en_MT]" classname="org.apache.commons.collections4.MapUtilsTest" time="0"/>
  <testcase name="testVerbosePrintNullKey[en_MT]" classname="org.apache.commons.collections4.MapUtilsTest" time="0"/>
  <testcase name="testSizeNull[en_MT]" classname="org.apache.commons.collections4.MapUtilsTest" time="0"/>
  <testcase name="testDebugPrintNullKeyToMap1[en_MT]" classname="org.apache.commons.collections4.MapUtilsTest" time="0"/>
  <testcase name="testDebugPrintNullKeyToMap2[en_MT]" classname="org.apache.commons.collections4.MapUtilsTest" time="0"/>
  <testcase name="testDebugPrint[en_MT]" classname="org.apache.commons.collections4.MapUtilsTest" time="0"/>
  <testcase name="testgetDoubleValue[en_MT]" classname="org.apache.commons.collections4.MapUtilsTest" time="0"/>
  <testcase name="testVerbosePrintNullStream[en_MT]" classname="org.apache.commons.collections4.MapUtilsTest" time="0"/>
  <testcase name="testVerbosePrintNullLabelAndMap[en_NZ]" classname="org.apache.commons.collections4.MapUtilsTest" time="0"/>
  <testcase name="testgetMap[en_NZ]" classname="org.apache.commons.collections4.MapUtilsTest" time="0"/>
  <testcase name="testToProperties[en_NZ]" classname="org.apache.commons.collections4.MapUtilsTest" time="0"/>
  <testcase name="testgetShortValue[en_NZ]" classname="org.apache.commons.collections4.MapUtilsTest" time="0"/>
  <testcase name="testIsEmptyWithNull[en_NZ]" classname="org.apache.commons.collections4.MapUtilsTest" time="0"/>
  <testcase name="testVerbosePrint[en_NZ]" classname="org.apache.commons.collections4.MapUtilsTest" time="0"/>
  <testcase name="testLazyMapFactory[en_NZ]" classname="org.apache.commons.collections4.MapUtilsTest" time="0"/>
  <testcase name="testLazyMapTransformer[en_NZ]" classname="org.apache.commons.collections4.MapUtilsTest" time="0"/>
  <testcase name="testSafeAddToMap[en_NZ]" classname="org.apache.commons.collections4.MapUtilsTest" time="0"/>
  <testcase name="testIsEmptyWithNonEmptyMap[en_NZ]" classname="org.apache.commons.collections4.MapUtilsTest" time="0"/>
  <testcase name="testInvertMap[en_NZ]" classname="org.apache.commons.collections4.MapUtilsTest" time="0"/>
  <testcase name="testDebugAndVerbosePrintCasting[en_NZ]" classname="org.apache.commons.collections4.MapUtilsTest" time="0"/>
  <testcase name="testIsNotEmptyWithNonEmptyMap[en_NZ]" classname="org.apache.commons.collections4.MapUtilsTest" time="0"/>
  <testcase name="testgetByteValue[en_NZ]" classname="org.apache.commons.collections4.MapUtilsTest" time="0"/>
  <testcase name="testSize0[en_NZ]" classname="org.apache.commons.collections4.MapUtilsTest" time="0"/>
  <testcase name="testSize[en_NZ]" classname="org.apache.commons.collections4.MapUtilsTest" time="0"/>
  <testcase name="testIsNotEmptyWithEmptyMap[en_NZ]" classname="org.apache.commons.collections4.MapUtilsTest" time="0"/>
  <testcase name="testIsNotEmptyWithNull[en_NZ]" classname="org.apache.commons.collections4.MapUtilsTest" time="0"/>
  <testcase name="testIterableSortedMap[en_NZ]" classname="org.apache.commons.collections4.MapUtilsTest" time="0"/>
  <testcase name="testgetNumber[en_NZ]" classname="org.apache.commons.collections4.MapUtilsTest" time="0"/>
  <testcase name="testgetObject[en_NZ]" classname="org.apache.commons.collections4.MapUtilsTest" time="0"/>
  <testcase name="testgetString[en_NZ]" classname="org.apache.commons.collections4.MapUtilsTest" time="0"/>
  <testcase name="testPutAll_Map_array[en_NZ]" classname="org.apache.commons.collections4.MapUtilsTest" time="0"/>
  <testcase name="testVerbosePrintSelfReference[en_NZ]" classname="org.apache.commons.collections4.MapUtilsTest" time="0"/>
  <testcase name="testDebugPrintNullLabel[en_NZ]" classname="org.apache.commons.collections4.MapUtilsTest" time="0"/>
  <testcase name="testgetFloatValue[en_NZ]" classname="org.apache.commons.collections4.MapUtilsTest" time="0"/>
  <testcase name="testConvertResourceBundle[en_NZ]" classname="org.apache.commons.collections4.MapUtilsTest" time="0"/>
  <testcase name="testOrderedMap[en_NZ]" classname="org.apache.commons.collections4.MapUtilsTest" time="0"/>
  <testcase name="testDebugPrintNullLabelAndMap[en_NZ]" classname="org.apache.commons.collections4.MapUtilsTest" time="0"/>
  <testcase name="testEmptyIfNull[en_NZ]" classname="org.apache.commons.collections4.MapUtilsTest" time="0"/>
  <testcase name="testgetIntValue[en_NZ]" classname="org.apache.commons.collections4.MapUtilsTest" time="0"/>
  <testcase name="testDebugPrintSelfReference[en_NZ]" classname="org.apache.commons.collections4.MapUtilsTest" time="0"/>
  <testcase name="testIterableMap[en_NZ]" classname="org.apache.commons.collections4.MapUtilsTest" time="0"/>
  <testcase name="testDebugAndVerbosePrintNullMap[en_NZ]" classname="org.apache.commons.collections4.MapUtilsTest" time="0"/>
  <testcase name="testVerbosePrintNullLabel[en_NZ]" classname="org.apache.commons.collections4.MapUtilsTest" time="0"/>
  <testcase name="testDebugPrintNullKey[en_NZ]" classname="org.apache.commons.collections4.MapUtilsTest" time="0"/>
  <testcase name="testPredicatedMap[en_NZ]" classname="org.apache.commons.collections4.MapUtilsTest" time="0"/>
  <testcase name="testgetLongValue[en_NZ]" classname="org.apache.commons.collections4.MapUtilsTest" time="0"/>
  <testcase name="testVerbosePrintNullKeyToMap1[en_NZ]" classname="org.apache.commons.collections4.MapUtilsTest" time="0"/>
  <testcase name="testVerbosePrintNullKeyToMap2[en_NZ]" classname="org.apache.commons.collections4.MapUtilsTest" time="0"/>
  <testcase name="testPopulateMap[en_NZ]" classname="org.apache.commons.collections4.MapUtilsTest" time="0"/>
  <testcase name="testToPropertiesEmpty[en_NZ]" classname="org.apache.commons.collections4.MapUtilsTest" time="0"/>
  <testcase name="testPopulateMultiMap[en_NZ]" classname="org.apache.commons.collections4.MapUtilsTest" time="0"/>
  <testcase name="testDebugPrintNullStream[en_NZ]" classname="org.apache.commons.collections4.MapUtilsTest" time="0"/>
  <testcase name="testgetBooleanValue[en_NZ]" classname="org.apache.commons.collections4.MapUtilsTest" time="0"/>
  <testcase name="testIsEmptyWithEmptyMap[en_NZ]" classname="org.apache.commons.collections4.MapUtilsTest" time="0"/>
  <testcase name="testVerbosePrintNullKey[en_NZ]" classname="org.apache.commons.collections4.MapUtilsTest" time="0"/>
  <testcase name="testSizeNull[en_NZ]" classname="org.apache.commons.collections4.MapUtilsTest" time="0"/>
  <testcase name="testDebugPrintNullKeyToMap1[en_NZ]" classname="org.apache.commons.collections4.MapUtilsTest" time="0"/>
  <testcase name="testDebugPrintNullKeyToMap2[en_NZ]" classname="org.apache.commons.collections4.MapUtilsTest" time="0"/>
  <testcase name="testDebugPrint[en_NZ]" classname="org.apache.commons.collections4.MapUtilsTest" time="0"/>
  <testcase name="testgetDoubleValue[en_NZ]" classname="org.apache.commons.collections4.MapUtilsTest" time="0"/>
  <testcase name="testVerbosePrintNullStream[en_NZ]" classname="org.apache.commons.collections4.MapUtilsTest" time="0"/>
  <testcase name="testVerbosePrintNullLabelAndMap[en_PH]" classname="org.apache.commons.collections4.MapUtilsTest" time="0"/>
  <testcase name="testgetMap[en_PH]" classname="org.apache.commons.collections4.MapUtilsTest" time="0"/>
  <testcase name="testToProperties[en_PH]" classname="org.apache.commons.collections4.MapUtilsTest" time="0"/>
  <testcase name="testgetShortValue[en_PH]" classname="org.apache.commons.collections4.MapUtilsTest" time="0"/>
  <testcase name="testIsEmptyWithNull[en_PH]" classname="org.apache.commons.collections4.MapUtilsTest" time="0"/>
  <testcase name="testVerbosePrint[en_PH]" classname="org.apache.commons.collections4.MapUtilsTest" time="0"/>
  <testcase name="testLazyMapFactory[en_PH]" classname="org.apache.commons.collections4.MapUtilsTest" time="0"/>
  <testcase name="testLazyMapTransformer[en_PH]" classname="org.apache.commons.collections4.MapUtilsTest" time="0"/>
  <testcase name="testSafeAddToMap[en_PH]" classname="org.apache.commons.collections4.MapUtilsTest" time="0"/>
  <testcase name="testIsEmptyWithNonEmptyMap[en_PH]" classname="org.apache.commons.collections4.MapUtilsTest" time="0"/>
  <testcase name="testInvertMap[en_PH]" classname="org.apache.commons.collections4.MapUtilsTest" time="0"/>
  <testcase name="testDebugAndVerbosePrintCasting[en_PH]" classname="org.apache.commons.collections4.MapUtilsTest" time="0"/>
  <testcase name="testIsNotEmptyWithNonEmptyMap[en_PH]" classname="org.apache.commons.collections4.MapUtilsTest" time="0"/>
  <testcase name="testgetByteValue[en_PH]" classname="org.apache.commons.collections4.MapUtilsTest" time="0"/>
  <testcase name="testSize0[en_PH]" classname="org.apache.commons.collections4.MapUtilsTest" time="0"/>
  <testcase name="testSize[en_PH]" classname="org.apache.commons.collections4.MapUtilsTest" time="0"/>
  <testcase name="testIsNotEmptyWithEmptyMap[en_PH]" classname="org.apache.commons.collections4.MapUtilsTest" time="0"/>
  <testcase name="testIsNotEmptyWithNull[en_PH]" classname="org.apache.commons.collections4.MapUtilsTest" time="0"/>
  <testcase name="testIterableSortedMap[en_PH]" classname="org.apache.commons.collections4.MapUtilsTest" time="0"/>
  <testcase name="testgetNumber[en_PH]" classname="org.apache.commons.collections4.MapUtilsTest" time="0"/>
  <testcase name="testgetObject[en_PH]" classname="org.apache.commons.collections4.MapUtilsTest" time="0"/>
  <testcase name="testgetString[en_PH]" classname="org.apache.commons.collections4.MapUtilsTest" time="0"/>
  <testcase name="testPutAll_Map_array[en_PH]" classname="org.apache.commons.collections4.MapUtilsTest" time="0"/>
  <testcase name="testVerbosePrintSelfReference[en_PH]" classname="org.apache.commons.collections4.MapUtilsTest" time="0"/>
  <testcase name="testDebugPrintNullLabel[en_PH]" classname="org.apache.commons.collections4.MapUtilsTest" time="0"/>
  <testcase name="testgetFloatValue[en_PH]" classname="org.apache.commons.collections4.MapUtilsTest" time="0"/>
  <testcase name="testConvertResourceBundle[en_PH]" classname="org.apache.commons.collections4.MapUtilsTest" time="0"/>
  <testcase name="testOrderedMap[en_PH]" classname="org.apache.commons.collections4.MapUtilsTest" time="0"/>
  <testcase name="testDebugPrintNullLabelAndMap[en_PH]" classname="org.apache.commons.collections4.MapUtilsTest" time="0"/>
  <testcase name="testEmptyIfNull[en_PH]" classname="org.apache.commons.collections4.MapUtilsTest" time="0"/>
  <testcase name="testgetIntValue[en_PH]" classname="org.apache.commons.collections4.MapUtilsTest" time="0"/>
  <testcase name="testDebugPrintSelfReference[en_PH]" classname="org.apache.commons.collections4.MapUtilsTest" time="0"/>
  <testcase name="testIterableMap[en_PH]" classname="org.apache.commons.collections4.MapUtilsTest" time="0"/>
  <testcase name="testDebugAndVerbosePrintNullMap[en_PH]" classname="org.apache.commons.collections4.MapUtilsTest" time="0"/>
  <testcase name="testVerbosePrintNullLabel[en_PH]" classname="org.apache.commons.collections4.MapUtilsTest" time="0"/>
  <testcase name="testDebugPrintNullKey[en_PH]" classname="org.apache.commons.collections4.MapUtilsTest" time="0"/>
  <testcase name="testPredicatedMap[en_PH]" classname="org.apache.commons.collections4.MapUtilsTest" time="0"/>
  <testcase name="testgetLongValue[en_PH]" classname="org.apache.commons.collections4.MapUtilsTest" time="0"/>
  <testcase name="testVerbosePrintNullKeyToMap1[en_PH]" classname="org.apache.commons.collections4.MapUtilsTest" time="0"/>
  <testcase name="testVerbosePrintNullKeyToMap2[en_PH]" classname="org.apache.commons.collections4.MapUtilsTest" time="0"/>
  <testcase name="testPopulateMap[en_PH]" classname="org.apache.commons.collections4.MapUtilsTest" time="0"/>
  <testcase name="testToPropertiesEmpty[en_PH]" classname="org.apache.commons.collections4.MapUtilsTest" time="0"/>
  <testcase name="testPopulateMultiMap[en_PH]" classname="org.apache.commons.collections4.MapUtilsTest" time="0"/>
  <testcase name="testDebugPrintNullStream[en_PH]" classname="org.apache.commons.collections4.MapUtilsTest" time="0"/>
  <testcase name="testgetBooleanValue[en_PH]" classname="org.apache.commons.collections4.MapUtilsTest" time="0"/>
  <testcase name="testIsEmptyWithEmptyMap[en_PH]" classname="org.apache.commons.collections4.MapUtilsTest" time="0"/>
  <testcase name="testVerbosePrintNullKey[en_PH]" classname="org.apache.commons.collections4.MapUtilsTest" time="0"/>
  <testcase name="testSizeNull[en_PH]" classname="org.apache.commons.collections4.MapUtilsTest" time="0"/>
  <testcase name="testDebugPrintNullKeyToMap1[en_PH]" classname="org.apache.commons.collections4.MapUtilsTest" time="0"/>
  <testcase name="testDebugPrintNullKeyToMap2[en_PH]" classname="org.apache.commons.collections4.MapUtilsTest" time="0"/>
  <testcase name="testDebugPrint[en_PH]" classname="org.apache.commons.collections4.MapUtilsTest" time="0"/>
  <testcase name="testgetDoubleValue[en_PH]" classname="org.apache.commons.collections4.MapUtilsTest" time="0"/>
  <testcase name="testVerbosePrintNullStream[en_PH]" classname="org.apache.commons.collections4.MapUtilsTest" time="0"/>
  <testcase name="testVerbosePrintNullLabelAndMap[en_SG]" classname="org.apache.commons.collections4.MapUtilsTest" time="0"/>
  <testcase name="testgetMap[en_SG]" classname="org.apache.commons.collections4.MapUtilsTest" time="0"/>
  <testcase name="testToProperties[en_SG]" classname="org.apache.commons.collections4.MapUtilsTest" time="0"/>
  <testcase name="testgetShortValue[en_SG]" classname="org.apache.commons.collections4.MapUtilsTest" time="0.001"/>
  <testcase name="testIsEmptyWithNull[en_SG]" classname="org.apache.commons.collections4.MapUtilsTest" time="0"/>
  <testcase name="testVerbosePrint[en_SG]" classname="org.apache.commons.collections4.MapUtilsTest" time="0"/>
  <testcase name="testLazyMapFactory[en_SG]" classname="org.apache.commons.collections4.MapUtilsTest" time="0"/>
  <testcase name="testLazyMapTransformer[en_SG]" classname="org.apache.commons.collections4.MapUtilsTest" time="0"/>
  <testcase name="testSafeAddToMap[en_SG]" classname="org.apache.commons.collections4.MapUtilsTest" time="0"/>
  <testcase name="testIsEmptyWithNonEmptyMap[en_SG]" classname="org.apache.commons.collections4.MapUtilsTest" time="0"/>
  <testcase name="testInvertMap[en_SG]" classname="org.apache.commons.collections4.MapUtilsTest" time="0"/>
  <testcase name="testDebugAndVerbosePrintCasting[en_SG]" classname="org.apache.commons.collections4.MapUtilsTest" time="0"/>
  <testcase name="testIsNotEmptyWithNonEmptyMap[en_SG]" classname="org.apache.commons.collections4.MapUtilsTest" time="0"/>
  <testcase name="testgetByteValue[en_SG]" classname="org.apache.commons.collections4.MapUtilsTest" time="0"/>
  <testcase name="testSize0[en_SG]" classname="org.apache.commons.collections4.MapUtilsTest" time="0"/>
  <testcase name="testSize[en_SG]" classname="org.apache.commons.collections4.MapUtilsTest" time="0"/>
  <testcase name="testIsNotEmptyWithEmptyMap[en_SG]" classname="org.apache.commons.collections4.MapUtilsTest" time="0"/>
  <testcase name="testIsNotEmptyWithNull[en_SG]" classname="org.apache.commons.collections4.MapUtilsTest" time="0"/>
  <testcase name="testIterableSortedMap[en_SG]" classname="org.apache.commons.collections4.MapUtilsTest" time="0"/>
  <testcase name="testgetNumber[en_SG]" classname="org.apache.commons.collections4.MapUtilsTest" time="0"/>
  <testcase name="testgetObject[en_SG]" classname="org.apache.commons.collections4.MapUtilsTest" time="0"/>
  <testcase name="testgetString[en_SG]" classname="org.apache.commons.collections4.MapUtilsTest" time="0"/>
  <testcase name="testPutAll_Map_array[en_SG]" classname="org.apache.commons.collections4.MapUtilsTest" time="0"/>
  <testcase name="testVerbosePrintSelfReference[en_SG]" classname="org.apache.commons.collections4.MapUtilsTest" time="0"/>
  <testcase name="testDebugPrintNullLabel[en_SG]" classname="org.apache.commons.collections4.MapUtilsTest" time="0"/>
  <testcase name="testgetFloatValue[en_SG]" classname="org.apache.commons.collections4.MapUtilsTest" time="0"/>
  <testcase name="testConvertResourceBundle[en_SG]" classname="org.apache.commons.collections4.MapUtilsTest" time="0"/>
  <testcase name="testOrderedMap[en_SG]" classname="org.apache.commons.collections4.MapUtilsTest" time="0"/>
  <testcase name="testDebugPrintNullLabelAndMap[en_SG]" classname="org.apache.commons.collections4.MapUtilsTest" time="0"/>
  <testcase name="testEmptyIfNull[en_SG]" classname="org.apache.commons.collections4.MapUtilsTest" time="0"/>
  <testcase name="testgetIntValue[en_SG]" classname="org.apache.commons.collections4.MapUtilsTest" time="0"/>
  <testcase name="testDebugPrintSelfReference[en_SG]" classname="org.apache.commons.collections4.MapUtilsTest" time="0"/>
  <testcase name="testIterableMap[en_SG]" classname="org.apache.commons.collections4.MapUtilsTest" time="0"/>
  <testcase name="testDebugAndVerbosePrintNullMap[en_SG]" classname="org.apache.commons.collections4.MapUtilsTest" time="0"/>
  <testcase name="testVerbosePrintNullLabel[en_SG]" classname="org.apache.commons.collections4.MapUtilsTest" time="0.001"/>
  <testcase name="testDebugPrintNullKey[en_SG]" classname="org.apache.commons.collections4.MapUtilsTest" time="0"/>
  <testcase name="testPredicatedMap[en_SG]" classname="org.apache.commons.collections4.MapUtilsTest" time="0"/>
  <testcase name="testgetLongValue[en_SG]" classname="org.apache.commons.collections4.MapUtilsTest" time="0"/>
  <testcase name="testVerbosePrintNullKeyToMap1[en_SG]" classname="org.apache.commons.collections4.MapUtilsTest" time="0"/>
  <testcase name="testVerbosePrintNullKeyToMap2[en_SG]" classname="org.apache.commons.collections4.MapUtilsTest" time="0"/>
  <testcase name="testPopulateMap[en_SG]" classname="org.apache.commons.collections4.MapUtilsTest" time="0"/>
  <testcase name="testToPropertiesEmpty[en_SG]" classname="org.apache.commons.collections4.MapUtilsTest" time="0"/>
  <testcase name="testPopulateMultiMap[en_SG]" classname="org.apache.commons.collections4.MapUtilsTest" time="0"/>
  <testcase name="testDebugPrintNullStream[en_SG]" classname="org.apache.commons.collections4.MapUtilsTest" time="0"/>
  <testcase name="testgetBooleanValue[en_SG]" classname="org.apache.commons.collections4.MapUtilsTest" time="0"/>
  <testcase name="testIsEmptyWithEmptyMap[en_SG]" classname="org.apache.commons.collections4.MapUtilsTest" time="0"/>
  <testcase name="testVerbosePrintNullKey[en_SG]" classname="org.apache.commons.collections4.MapUtilsTest" time="0"/>
  <testcase name="testSizeNull[en_SG]" classname="org.apache.commons.collections4.MapUtilsTest" time="0"/>
  <testcase name="testDebugPrintNullKeyToMap1[en_SG]" classname="org.apache.commons.collections4.MapUtilsTest" time="0"/>
  <testcase name="testDebugPrintNullKeyToMap2[en_SG]" classname="org.apache.commons.collections4.MapUtilsTest" time="0"/>
  <testcase name="testDebugPrint[en_SG]" classname="org.apache.commons.collections4.MapUtilsTest" time="0"/>
  <testcase name="testgetDoubleValue[en_SG]" classname="org.apache.commons.collections4.MapUtilsTest" time="0"/>
  <testcase name="testVerbosePrintNullStream[en_SG]" classname="org.apache.commons.collections4.MapUtilsTest" time="0"/>
  <testcase name="testVerbosePrintNullLabelAndMap[en_US]" classname="org.apache.commons.collections4.MapUtilsTest" time="0"/>
  <testcase name="testgetMap[en_US]" classname="org.apache.commons.collections4.MapUtilsTest" time="0"/>
  <testcase name="testToProperties[en_US]" classname="org.apache.commons.collections4.MapUtilsTest" time="0"/>
  <testcase name="testgetShortValue[en_US]" classname="org.apache.commons.collections4.MapUtilsTest" time="0"/>
  <testcase name="testIsEmptyWithNull[en_US]" classname="org.apache.commons.collections4.MapUtilsTest" time="0"/>
  <testcase name="testVerbosePrint[en_US]" classname="org.apache.commons.collections4.MapUtilsTest" time="0"/>
  <testcase name="testLazyMapFactory[en_US]" classname="org.apache.commons.collections4.MapUtilsTest" time="0"/>
  <testcase name="testLazyMapTransformer[en_US]" classname="org.apache.commons.collections4.MapUtilsTest" time="0"/>
  <testcase name="testSafeAddToMap[en_US]" classname="org.apache.commons.collections4.MapUtilsTest" time="0"/>
  <testcase name="testIsEmptyWithNonEmptyMap[en_US]" classname="org.apache.commons.collections4.MapUtilsTest" time="0"/>
  <testcase name="testInvertMap[en_US]" classname="org.apache.commons.collections4.MapUtilsTest" time="0.001"/>
  <testcase name="testDebugAndVerbosePrintCasting[en_US]" classname="org.apache.commons.collections4.MapUtilsTest" time="0"/>
  <testcase name="testIsNotEmptyWithNonEmptyMap[en_US]" classname="org.apache.commons.collections4.MapUtilsTest" time="0"/>
  <testcase name="testgetByteValue[en_US]" classname="org.apache.commons.collections4.MapUtilsTest" time="0"/>
  <testcase name="testSize0[en_US]" classname="org.apache.commons.collections4.MapUtilsTest" time="0"/>
  <testcase name="testSize[en_US]" classname="org.apache.commons.collections4.MapUtilsTest" time="0"/>
  <testcase name="testIsNotEmptyWithEmptyMap[en_US]" classname="org.apache.commons.collections4.MapUtilsTest" time="0"/>
  <testcase name="testIsNotEmptyWithNull[en_US]" classname="org.apache.commons.collections4.MapUtilsTest" time="0"/>
  <testcase name="testIterableSortedMap[en_US]" classname="org.apache.commons.collections4.MapUtilsTest" time="0"/>
  <testcase name="testgetNumber[en_US]" classname="org.apache.commons.collections4.MapUtilsTest" time="0"/>
  <testcase name="testgetObject[en_US]" classname="org.apache.commons.collections4.MapUtilsTest" time="0"/>
  <testcase name="testgetString[en_US]" classname="org.apache.commons.collections4.MapUtilsTest" time="0"/>
  <testcase name="testPutAll_Map_array[en_US]" classname="org.apache.commons.collections4.MapUtilsTest" time="0"/>
  <testcase name="testVerbosePrintSelfReference[en_US]" classname="org.apache.commons.collections4.MapUtilsTest" time="0"/>
  <testcase name="testDebugPrintNullLabel[en_US]" classname="org.apache.commons.collections4.MapUtilsTest" time="0"/>
  <testcase name="testgetFloatValue[en_US]" classname="org.apache.commons.collections4.MapUtilsTest" time="0"/>
  <testcase name="testConvertResourceBundle[en_US]" classname="org.apache.commons.collections4.MapUtilsTest" time="0"/>
  <testcase name="testOrderedMap[en_US]" classname="org.apache.commons.collections4.MapUtilsTest" time="0"/>
  <testcase name="testDebugPrintNullLabelAndMap[en_US]" classname="org.apache.commons.collections4.MapUtilsTest" time="0"/>
  <testcase name="testEmptyIfNull[en_US]" classname="org.apache.commons.collections4.MapUtilsTest" time="0"/>
  <testcase name="testgetIntValue[en_US]" classname="org.apache.commons.collections4.MapUtilsTest" time="0"/>
  <testcase name="testDebugPrintSelfReference[en_US]" classname="org.apache.commons.collections4.MapUtilsTest" time="0"/>
  <testcase name="testIterableMap[en_US]" classname="org.apache.commons.collections4.MapUtilsTest" time="0"/>
  <testcase name="testDebugAndVerbosePrintNullMap[en_US]" classname="org.apache.commons.collections4.MapUtilsTest" time="0"/>
  <testcase name="testVerbosePrintNullLabel[en_US]" classname="org.apache.commons.collections4.MapUtilsTest" time="0"/>
  <testcase name="testDebugPrintNullKey[en_US]" classname="org.apache.commons.collections4.MapUtilsTest" time="0"/>
  <testcase name="testPredicatedMap[en_US]" classname="org.apache.commons.collections4.MapUtilsTest" time="0"/>
  <testcase name="testgetLongValue[en_US]" classname="org.apache.commons.collections4.MapUtilsTest" time="0"/>
  <testcase name="testVerbosePrintNullKeyToMap1[en_US]" classname="org.apache.commons.collections4.MapUtilsTest" time="0"/>
  <testcase name="testVerbosePrintNullKeyToMap2[en_US]" classname="org.apache.commons.collections4.MapUtilsTest" time="0"/>
  <testcase name="testPopulateMap[en_US]" classname="org.apache.commons.collections4.MapUtilsTest" time="0"/>
  <testcase name="testToPropertiesEmpty[en_US]" classname="org.apache.commons.collections4.MapUtilsTest" time="0"/>
  <testcase name="testPopulateMultiMap[en_US]" classname="org.apache.commons.collections4.MapUtilsTest" time="0"/>
  <testcase name="testDebugPrintNullStream[en_US]" classname="org.apache.commons.collections4.MapUtilsTest" time="0"/>
  <testcase name="testgetBooleanValue[en_US]" classname="org.apache.commons.collections4.MapUtilsTest" time="0"/>
  <testcase name="testIsEmptyWithEmptyMap[en_US]" classname="org.apache.commons.collections4.MapUtilsTest" time="0"/>
  <testcase name="testVerbosePrintNullKey[en_US]" classname="org.apache.commons.collections4.MapUtilsTest" time="0"/>
  <testcase name="testSizeNull[en_US]" classname="org.apache.commons.collections4.MapUtilsTest" time="0"/>
  <testcase name="testDebugPrintNullKeyToMap1[en_US]" classname="org.apache.commons.collections4.MapUtilsTest" time="0"/>
  <testcase name="testDebugPrintNullKeyToMap2[en_US]" classname="org.apache.commons.collections4.MapUtilsTest" time="0"/>
  <testcase name="testDebugPrint[en_US]" classname="org.apache.commons.collections4.MapUtilsTest" time="0"/>
  <testcase name="testgetDoubleValue[en_US]" classname="org.apache.commons.collections4.MapUtilsTest" time="0"/>
  <testcase name="testVerbosePrintNullStream[en_US]" classname="org.apache.commons.collections4.MapUtilsTest" time="0.001"/>
  <testcase name="testVerbosePrintNullLabelAndMap[en_ZA]" classname="org.apache.commons.collections4.MapUtilsTest" time="0"/>
  <testcase name="testgetMap[en_ZA]" classname="org.apache.commons.collections4.MapUtilsTest" time="0"/>
  <testcase name="testToProperties[en_ZA]" classname="org.apache.commons.collections4.MapUtilsTest" time="0"/>
  <testcase name="testgetShortValue[en_ZA]" classname="org.apache.commons.collections4.MapUtilsTest" time="0"/>
  <testcase name="testIsEmptyWithNull[en_ZA]" classname="org.apache.commons.collections4.MapUtilsTest" time="0"/>
  <testcase name="testVerbosePrint[en_ZA]" classname="org.apache.commons.collections4.MapUtilsTest" time="0"/>
  <testcase name="testLazyMapFactory[en_ZA]" classname="org.apache.commons.collections4.MapUtilsTest" time="0"/>
  <testcase name="testLazyMapTransformer[en_ZA]" classname="org.apache.commons.collections4.MapUtilsTest" time="0"/>
  <testcase name="testSafeAddToMap[en_ZA]" classname="org.apache.commons.collections4.MapUtilsTest" time="0"/>
  <testcase name="testIsEmptyWithNonEmptyMap[en_ZA]" classname="org.apache.commons.collections4.MapUtilsTest" time="0"/>
  <testcase name="testInvertMap[en_ZA]" classname="org.apache.commons.collections4.MapUtilsTest" time="0"/>
  <testcase name="testDebugAndVerbosePrintCasting[en_ZA]" classname="org.apache.commons.collections4.MapUtilsTest" time="0"/>
  <testcase name="testIsNotEmptyWithNonEmptyMap[en_ZA]" classname="org.apache.commons.collections4.MapUtilsTest" time="0"/>
  <testcase name="testgetByteValue[en_ZA]" classname="org.apache.commons.collections4.MapUtilsTest" time="0"/>
  <testcase name="testSize0[en_ZA]" classname="org.apache.commons.collections4.MapUtilsTest" time="0"/>
  <testcase name="testSize[en_ZA]" classname="org.apache.commons.collections4.MapUtilsTest" time="0"/>
  <testcase name="testIsNotEmptyWithEmptyMap[en_ZA]" classname="org.apache.commons.collections4.MapUtilsTest" time="0"/>
  <testcase name="testIsNotEmptyWithNull[en_ZA]" classname="org.apache.commons.collections4.MapUtilsTest" time="0"/>
  <testcase name="testIterableSortedMap[en_ZA]" classname="org.apache.commons.collections4.MapUtilsTest" time="0"/>
  <testcase name="testgetNumber[en_ZA]" classname="org.apache.commons.collections4.MapUtilsTest" time="0"/>
  <testcase name="testgetObject[en_ZA]" classname="org.apache.commons.collections4.MapUtilsTest" time="0"/>
  <testcase name="testgetString[en_ZA]" classname="org.apache.commons.collections4.MapUtilsTest" time="0"/>
  <testcase name="testPutAll_Map_array[en_ZA]" classname="org.apache.commons.collections4.MapUtilsTest" time="0"/>
  <testcase name="testVerbosePrintSelfReference[en_ZA]" classname="org.apache.commons.collections4.MapUtilsTest" time="0"/>
  <testcase name="testDebugPrintNullLabel[en_ZA]" classname="org.apache.commons.collections4.MapUtilsTest" time="0"/>
  <testcase name="testgetFloatValue[en_ZA]" classname="org.apache.commons.collections4.MapUtilsTest" time="0"/>
  <testcase name="testConvertResourceBundle[en_ZA]" classname="org.apache.commons.collections4.MapUtilsTest" time="0"/>
  <testcase name="testOrderedMap[en_ZA]" classname="org.apache.commons.collections4.MapUtilsTest" time="0"/>
  <testcase name="testDebugPrintNullLabelAndMap[en_ZA]" classname="org.apache.commons.collections4.MapUtilsTest" time="0.001"/>
  <testcase name="testEmptyIfNull[en_ZA]" classname="org.apache.commons.collections4.MapUtilsTest" time="0"/>
  <testcase name="testgetIntValue[en_ZA]" classname="org.apache.commons.collections4.MapUtilsTest" time="0"/>
  <testcase name="testDebugPrintSelfReference[en_ZA]" classname="org.apache.commons.collections4.MapUtilsTest" time="0"/>
  <testcase name="testIterableMap[en_ZA]" classname="org.apache.commons.collections4.MapUtilsTest" time="0"/>
  <testcase name="testDebugAndVerbosePrintNullMap[en_ZA]" classname="org.apache.commons.collections4.MapUtilsTest" time="0"/>
  <testcase name="testVerbosePrintNullLabel[en_ZA]" classname="org.apache.commons.collections4.MapUtilsTest" time="0"/>
  <testcase name="testDebugPrintNullKey[en_ZA]" classname="org.apache.commons.collections4.MapUtilsTest" time="0"/>
  <testcase name="testPredicatedMap[en_ZA]" classname="org.apache.commons.collections4.MapUtilsTest" time="0"/>
  <testcase name="testgetLongValue[en_ZA]" classname="org.apache.commons.collections4.MapUtilsTest" time="0"/>
  <testcase name="testVerbosePrintNullKeyToMap1[en_ZA]" classname="org.apache.commons.collections4.MapUtilsTest" time="0"/>
  <testcase name="testVerbosePrintNullKeyToMap2[en_ZA]" classname="org.apache.commons.collections4.MapUtilsTest" time="0"/>
  <testcase name="testPopulateMap[en_ZA]" classname="org.apache.commons.collections4.MapUtilsTest" time="0"/>
  <testcase name="testToPropertiesEmpty[en_ZA]" classname="org.apache.commons.collections4.MapUtilsTest" time="0"/>
  <testcase name="testPopulateMultiMap[en_ZA]" classname="org.apache.commons.collections4.MapUtilsTest" time="0"/>
  <testcase name="testDebugPrintNullStream[en_ZA]" classname="org.apache.commons.collections4.MapUtilsTest" time="0"/>
  <testcase name="testgetBooleanValue[en_ZA]" classname="org.apache.commons.collections4.MapUtilsTest" time="0"/>
  <testcase name="testIsEmptyWithEmptyMap[en_ZA]" classname="org.apache.commons.collections4.MapUtilsTest" time="0"/>
  <testcase name="testVerbosePrintNullKey[en_ZA]" classname="org.apache.commons.collections4.MapUtilsTest" time="0"/>
  <testcase name="testSizeNull[en_ZA]" classname="org.apache.commons.collections4.MapUtilsTest" time="0"/>
  <testcase name="testDebugPrintNullKeyToMap1[en_ZA]" classname="org.apache.commons.collections4.MapUtilsTest" time="0"/>
  <testcase name="testDebugPrintNullKeyToMap2[en_ZA]" classname="org.apache.commons.collections4.MapUtilsTest" time="0"/>
  <testcase name="testDebugPrint[en_ZA]" classname="org.apache.commons.collections4.MapUtilsTest" time="0"/>
  <testcase name="testgetDoubleValue[en_ZA]" classname="org.apache.commons.collections4.MapUtilsTest" time="0"/>
  <testcase name="testVerbosePrintNullStream[en_ZA]" classname="org.apache.commons.collections4.MapUtilsTest" time="0"/>
  <testcase name="testVerbosePrintNullLabelAndMap[es]" classname="org.apache.commons.collections4.MapUtilsTest" time="0"/>
  <testcase name="testgetMap[es]" classname="org.apache.commons.collections4.MapUtilsTest" time="0"/>
  <testcase name="testToProperties[es]" classname="org.apache.commons.collections4.MapUtilsTest" time="0"/>
  <testcase name="testgetShortValue[es]" classname="org.apache.commons.collections4.MapUtilsTest" time="0.001"/>
  <testcase name="testIsEmptyWithNull[es]" classname="org.apache.commons.collections4.MapUtilsTest" time="0"/>
  <testcase name="testVerbosePrint[es]" classname="org.apache.commons.collections4.MapUtilsTest" time="0.002"/>
  <testcase name="testLazyMapFactory[es]" classname="org.apache.commons.collections4.MapUtilsTest" time="0"/>
  <testcase name="testLazyMapTransformer[es]" classname="org.apache.commons.collections4.MapUtilsTest" time="0"/>
  <testcase name="testSafeAddToMap[es]" classname="org.apache.commons.collections4.MapUtilsTest" time="0"/>
  <testcase name="testIsEmptyWithNonEmptyMap[es]" classname="org.apache.commons.collections4.MapUtilsTest" time="0"/>
  <testcase name="testInvertMap[es]" classname="org.apache.commons.collections4.MapUtilsTest" time="0"/>
  <testcase name="testDebugAndVerbosePrintCasting[es]" classname="org.apache.commons.collections4.MapUtilsTest" time="0"/>
  <testcase name="testIsNotEmptyWithNonEmptyMap[es]" classname="org.apache.commons.collections4.MapUtilsTest" time="0"/>
  <testcase name="testgetByteValue[es]" classname="org.apache.commons.collections4.MapUtilsTest" time="0"/>
  <testcase name="testSize0[es]" classname="org.apache.commons.collections4.MapUtilsTest" time="0"/>
  <testcase name="testSize[es]" classname="org.apache.commons.collections4.MapUtilsTest" time="0"/>
  <testcase name="testIsNotEmptyWithEmptyMap[es]" classname="org.apache.commons.collections4.MapUtilsTest" time="0"/>
  <testcase name="testIsNotEmptyWithNull[es]" classname="org.apache.commons.collections4.MapUtilsTest" time="0"/>
  <testcase name="testIterableSortedMap[es]" classname="org.apache.commons.collections4.MapUtilsTest" time="0"/>
  <testcase name="testgetNumber[es]" classname="org.apache.commons.collections4.MapUtilsTest" time="0"/>
  <testcase name="testgetObject[es]" classname="org.apache.commons.collections4.MapUtilsTest" time="0"/>
  <testcase name="testgetString[es]" classname="org.apache.commons.collections4.MapUtilsTest" time="0"/>
  <testcase name="testPutAll_Map_array[es]" classname="org.apache.commons.collections4.MapUtilsTest" time="0"/>
  <testcase name="testVerbosePrintSelfReference[es]" classname="org.apache.commons.collections4.MapUtilsTest" time="0"/>
  <testcase name="testDebugPrintNullLabel[es]" classname="org.apache.commons.collections4.MapUtilsTest" time="0"/>
  <testcase name="testgetFloatValue[es]" classname="org.apache.commons.collections4.MapUtilsTest" time="0"/>
  <testcase name="testConvertResourceBundle[es]" classname="org.apache.commons.collections4.MapUtilsTest" time="0"/>
  <testcase name="testOrderedMap[es]" classname="org.apache.commons.collections4.MapUtilsTest" time="0"/>
  <testcase name="testDebugPrintNullLabelAndMap[es]" classname="org.apache.commons.collections4.MapUtilsTest" time="0"/>
  <testcase name="testEmptyIfNull[es]" classname="org.apache.commons.collections4.MapUtilsTest" time="0"/>
  <testcase name="testgetIntValue[es]" classname="org.apache.commons.collections4.MapUtilsTest" time="0"/>
  <testcase name="testDebugPrintSelfReference[es]" classname="org.apache.commons.collections4.MapUtilsTest" time="0"/>
  <testcase name="testIterableMap[es]" classname="org.apache.commons.collections4.MapUtilsTest" time="0"/>
  <testcase name="testDebugAndVerbosePrintNullMap[es]" classname="org.apache.commons.collections4.MapUtilsTest" time="0"/>
  <testcase name="testVerbosePrintNullLabel[es]" classname="org.apache.commons.collections4.MapUtilsTest" time="0"/>
  <testcase name="testDebugPrintNullKey[es]" classname="org.apache.commons.collections4.MapUtilsTest" time="0"/>
  <testcase name="testPredicatedMap[es]" classname="org.apache.commons.collections4.MapUtilsTest" time="0"/>
  <testcase name="testgetLongValue[es]" classname="org.apache.commons.collections4.MapUtilsTest" time="0"/>
  <testcase name="testVerbosePrintNullKeyToMap1[es]" classname="org.apache.commons.collections4.MapUtilsTest" time="0"/>
  <testcase name="testVerbosePrintNullKeyToMap2[es]" classname="org.apache.commons.collections4.MapUtilsTest" time="0"/>
  <testcase name="testPopulateMap[es]" classname="org.apache.commons.collections4.MapUtilsTest" time="0"/>
  <testcase name="testToPropertiesEmpty[es]" classname="org.apache.commons.collections4.MapUtilsTest" time="0"/>
  <testcase name="testPopulateMultiMap[es]" classname="org.apache.commons.collections4.MapUtilsTest" time="0"/>
  <testcase name="testDebugPrintNullStream[es]" classname="org.apache.commons.collections4.MapUtilsTest" time="0"/>
  <testcase name="testgetBooleanValue[es]" classname="org.apache.commons.collections4.MapUtilsTest" time="0"/>
  <testcase name="testIsEmptyWithEmptyMap[es]" classname="org.apache.commons.collections4.MapUtilsTest" time="0"/>
  <testcase name="testVerbosePrintNullKey[es]" classname="org.apache.commons.collections4.MapUtilsTest" time="0"/>
  <testcase name="testSizeNull[es]" classname="org.apache.commons.collections4.MapUtilsTest" time="0"/>
  <testcase name="testDebugPrintNullKeyToMap1[es]" classname="org.apache.commons.collections4.MapUtilsTest" time="0"/>
  <testcase name="testDebugPrintNullKeyToMap2[es]" classname="org.apache.commons.collections4.MapUtilsTest" time="0"/>
  <testcase name="testDebugPrint[es]" classname="org.apache.commons.collections4.MapUtilsTest" time="0"/>
  <testcase name="testgetDoubleValue[es]" classname="org.apache.commons.collections4.MapUtilsTest" time="0"/>
  <testcase name="testVerbosePrintNullStream[es]" classname="org.apache.commons.collections4.MapUtilsTest" time="0"/>
  <testcase name="testVerbosePrintNullLabelAndMap[es_AR]" classname="org.apache.commons.collections4.MapUtilsTest" time="0"/>
  <testcase name="testgetMap[es_AR]" classname="org.apache.commons.collections4.MapUtilsTest" time="0"/>
  <testcase name="testToProperties[es_AR]" classname="org.apache.commons.collections4.MapUtilsTest" time="0"/>
  <testcase name="testgetShortValue[es_AR]" classname="org.apache.commons.collections4.MapUtilsTest" time="0.001"/>
  <testcase name="testIsEmptyWithNull[es_AR]" classname="org.apache.commons.collections4.MapUtilsTest" time="0"/>
  <testcase name="testVerbosePrint[es_AR]" classname="org.apache.commons.collections4.MapUtilsTest" time="0"/>
  <testcase name="testLazyMapFactory[es_AR]" classname="org.apache.commons.collections4.MapUtilsTest" time="0"/>
  <testcase name="testLazyMapTransformer[es_AR]" classname="org.apache.commons.collections4.MapUtilsTest" time="0"/>
  <testcase name="testSafeAddToMap[es_AR]" classname="org.apache.commons.collections4.MapUtilsTest" time="0"/>
  <testcase name="testIsEmptyWithNonEmptyMap[es_AR]" classname="org.apache.commons.collections4.MapUtilsTest" time="0"/>
  <testcase name="testInvertMap[es_AR]" classname="org.apache.commons.collections4.MapUtilsTest" time="0"/>
  <testcase name="testDebugAndVerbosePrintCasting[es_AR]" classname="org.apache.commons.collections4.MapUtilsTest" time="0"/>
  <testcase name="testIsNotEmptyWithNonEmptyMap[es_AR]" classname="org.apache.commons.collections4.MapUtilsTest" time="0"/>
  <testcase name="testgetByteValue[es_AR]" classname="org.apache.commons.collections4.MapUtilsTest" time="0"/>
  <testcase name="testSize0[es_AR]" classname="org.apache.commons.collections4.MapUtilsTest" time="0"/>
  <testcase name="testSize[es_AR]" classname="org.apache.commons.collections4.MapUtilsTest" time="0"/>
  <testcase name="testIsNotEmptyWithEmptyMap[es_AR]" classname="org.apache.commons.collections4.MapUtilsTest" time="0"/>
  <testcase name="testIsNotEmptyWithNull[es_AR]" classname="org.apache.commons.collections4.MapUtilsTest" time="0"/>
  <testcase name="testIterableSortedMap[es_AR]" classname="org.apache.commons.collections4.MapUtilsTest" time="0"/>
  <testcase name="testgetNumber[es_AR]" classname="org.apache.commons.collections4.MapUtilsTest" time="0"/>
  <testcase name="testgetObject[es_AR]" classname="org.apache.commons.collections4.MapUtilsTest" time="0"/>
  <testcase name="testgetString[es_AR]" classname="org.apache.commons.collections4.MapUtilsTest" time="0"/>
  <testcase name="testPutAll_Map_array[es_AR]" classname="org.apache.commons.collections4.MapUtilsTest" time="0"/>
  <testcase name="testVerbosePrintSelfReference[es_AR]" classname="org.apache.commons.collections4.MapUtilsTest" time="0"/>
  <testcase name="testDebugPrintNullLabel[es_AR]" classname="org.apache.commons.collections4.MapUtilsTest" time="0"/>
  <testcase name="testgetFloatValue[es_AR]" classname="org.apache.commons.collections4.MapUtilsTest" time="0"/>
  <testcase name="testConvertResourceBundle[es_AR]" classname="org.apache.commons.collections4.MapUtilsTest" time="0"/>
  <testcase name="testOrderedMap[es_AR]" classname="org.apache.commons.collections4.MapUtilsTest" time="0"/>
  <testcase name="testDebugPrintNullLabelAndMap[es_AR]" classname="org.apache.commons.collections4.MapUtilsTest" time="0"/>
  <testcase name="testEmptyIfNull[es_AR]" classname="org.apache.commons.collections4.MapUtilsTest" time="0"/>
  <testcase name="testgetIntValue[es_AR]" classname="org.apache.commons.collections4.MapUtilsTest" time="0"/>
  <testcase name="testDebugPrintSelfReference[es_AR]" classname="org.apache.commons.collections4.MapUtilsTest" time="0"/>
  <testcase name="testIterableMap[es_AR]" classname="org.apache.commons.collections4.MapUtilsTest" time="0"/>
  <testcase name="testDebugAndVerbosePrintNullMap[es_AR]" classname="org.apache.commons.collections4.MapUtilsTest" time="0"/>
  <testcase name="testVerbosePrintNullLabel[es_AR]" classname="org.apache.commons.collections4.MapUtilsTest" time="0"/>
  <testcase name="testDebugPrintNullKey[es_AR]" classname="org.apache.commons.collections4.MapUtilsTest" time="0"/>
  <testcase name="testPredicatedMap[es_AR]" classname="org.apache.commons.collections4.MapUtilsTest" time="0"/>
  <testcase name="testgetLongValue[es_AR]" classname="org.apache.commons.collections4.MapUtilsTest" time="0"/>
  <testcase name="testVerbosePrintNullKeyToMap1[es_AR]" classname="org.apache.commons.collections4.MapUtilsTest" time="0"/>
  <testcase name="testVerbosePrintNullKeyToMap2[es_AR]" classname="org.apache.commons.collections4.MapUtilsTest" time="0"/>
  <testcase name="testPopulateMap[es_AR]" classname="org.apache.commons.collections4.MapUtilsTest" time="0"/>
  <testcase name="testToPropertiesEmpty[es_AR]" classname="org.apache.commons.collections4.MapUtilsTest" time="0"/>
  <testcase name="testPopulateMultiMap[es_AR]" classname="org.apache.commons.collections4.MapUtilsTest" time="0"/>
  <testcase name="testDebugPrintNullStream[es_AR]" classname="org.apache.commons.collections4.MapUtilsTest" time="0"/>
  <testcase name="testgetBooleanValue[es_AR]" classname="org.apache.commons.collections4.MapUtilsTest" time="0"/>
  <testcase name="testIsEmptyWithEmptyMap[es_AR]" classname="org.apache.commons.collections4.MapUtilsTest" time="0"/>
  <testcase name="testVerbosePrintNullKey[es_AR]" classname="org.apache.commons.collections4.MapUtilsTest" time="0"/>
  <testcase name="testSizeNull[es_AR]" classname="org.apache.commons.collections4.MapUtilsTest" time="0"/>
  <testcase name="testDebugPrintNullKeyToMap1[es_AR]" classname="org.apache.commons.collections4.MapUtilsTest" time="0"/>
  <testcase name="testDebugPrintNullKeyToMap2[es_AR]" classname="org.apache.commons.collections4.MapUtilsTest" time="0"/>
  <testcase name="testDebugPrint[es_AR]" classname="org.apache.commons.collections4.MapUtilsTest" time="0"/>
  <testcase name="testgetDoubleValue[es_AR]" classname="org.apache.commons.collections4.MapUtilsTest" time="0"/>
  <testcase name="testVerbosePrintNullStream[es_AR]" classname="org.apache.commons.collections4.MapUtilsTest" time="0"/>
  <testcase name="testVerbosePrintNullLabelAndMap[es_BO]" classname="org.apache.commons.collections4.MapUtilsTest" time="0"/>
  <testcase name="testgetMap[es_BO]" classname="org.apache.commons.collections4.MapUtilsTest" time="0"/>
  <testcase name="testToProperties[es_BO]" classname="org.apache.commons.collections4.MapUtilsTest" time="0"/>
  <testcase name="testgetShortValue[es_BO]" classname="org.apache.commons.collections4.MapUtilsTest" time="0"/>
  <testcase name="testIsEmptyWithNull[es_BO]" classname="org.apache.commons.collections4.MapUtilsTest" time="0"/>
  <testcase name="testVerbosePrint[es_BO]" classname="org.apache.commons.collections4.MapUtilsTest" time="0"/>
  <testcase name="testLazyMapFactory[es_BO]" classname="org.apache.commons.collections4.MapUtilsTest" time="0"/>
  <testcase name="testLazyMapTransformer[es_BO]" classname="org.apache.commons.collections4.MapUtilsTest" time="0"/>
  <testcase name="testSafeAddToMap[es_BO]" classname="org.apache.commons.collections4.MapUtilsTest" time="0"/>
  <testcase name="testIsEmptyWithNonEmptyMap[es_BO]" classname="org.apache.commons.collections4.MapUtilsTest" time="0"/>
  <testcase name="testInvertMap[es_BO]" classname="org.apache.commons.collections4.MapUtilsTest" time="0"/>
  <testcase name="testDebugAndVerbosePrintCasting[es_BO]" classname="org.apache.commons.collections4.MapUtilsTest" time="0"/>
  <testcase name="testIsNotEmptyWithNonEmptyMap[es_BO]" classname="org.apache.commons.collections4.MapUtilsTest" time="0"/>
  <testcase name="testgetByteValue[es_BO]" classname="org.apache.commons.collections4.MapUtilsTest" time="0"/>
  <testcase name="testSize0[es_BO]" classname="org.apache.commons.collections4.MapUtilsTest" time="0"/>
  <testcase name="testSize[es_BO]" classname="org.apache.commons.collections4.MapUtilsTest" time="0"/>
  <testcase name="testIsNotEmptyWithEmptyMap[es_BO]" classname="org.apache.commons.collections4.MapUtilsTest" time="0"/>
  <testcase name="testIsNotEmptyWithNull[es_BO]" classname="org.apache.commons.collections4.MapUtilsTest" time="0"/>
  <testcase name="testIterableSortedMap[es_BO]" classname="org.apache.commons.collections4.MapUtilsTest" time="0"/>
  <testcase name="testgetNumber[es_BO]" classname="org.apache.commons.collections4.MapUtilsTest" time="0"/>
  <testcase name="testgetObject[es_BO]" classname="org.apache.commons.collections4.MapUtilsTest" time="0"/>
  <testcase name="testgetString[es_BO]" classname="org.apache.commons.collections4.MapUtilsTest" time="0"/>
  <testcase name="testPutAll_Map_array[es_BO]" classname="org.apache.commons.collections4.MapUtilsTest" time="0"/>
  <testcase name="testVerbosePrintSelfReference[es_BO]" classname="org.apache.commons.collections4.MapUtilsTest" time="0.006"/>
  <testcase name="testDebugPrintNullLabel[es_BO]" classname="org.apache.commons.collections4.MapUtilsTest" time="0"/>
  <testcase name="testgetFloatValue[es_BO]" classname="org.apache.commons.collections4.MapUtilsTest" time="0"/>
  <testcase name="testConvertResourceBundle[es_BO]" classname="org.apache.commons.collections4.MapUtilsTest" time="0"/>
  <testcase name="testOrderedMap[es_BO]" classname="org.apache.commons.collections4.MapUtilsTest" time="0"/>
  <testcase name="testDebugPrintNullLabelAndMap[es_BO]" classname="org.apache.commons.collections4.MapUtilsTest" time="0"/>
  <testcase name="testEmptyIfNull[es_BO]" classname="org.apache.commons.collections4.MapUtilsTest" time="0"/>
  <testcase name="testgetIntValue[es_BO]" classname="org.apache.commons.collections4.MapUtilsTest" time="0"/>
  <testcase name="testDebugPrintSelfReference[es_BO]" classname="org.apache.commons.collections4.MapUtilsTest" time="0"/>
  <testcase name="testIterableMap[es_BO]" classname="org.apache.commons.collections4.MapUtilsTest" time="0"/>
  <testcase name="testDebugAndVerbosePrintNullMap[es_BO]" classname="org.apache.commons.collections4.MapUtilsTest" time="0"/>
  <testcase name="testVerbosePrintNullLabel[es_BO]" classname="org.apache.commons.collections4.MapUtilsTest" time="0"/>
  <testcase name="testDebugPrintNullKey[es_BO]" classname="org.apache.commons.collections4.MapUtilsTest" time="0"/>
  <testcase name="testPredicatedMap[es_BO]" classname="org.apache.commons.collections4.MapUtilsTest" time="0"/>
  <testcase name="testgetLongValue[es_BO]" classname="org.apache.commons.collections4.MapUtilsTest" time="0"/>
  <testcase name="testVerbosePrintNullKeyToMap1[es_BO]" classname="org.apache.commons.collections4.MapUtilsTest" time="0"/>
  <testcase name="testVerbosePrintNullKeyToMap2[es_BO]" classname="org.apache.commons.collections4.MapUtilsTest" time="0"/>
  <testcase name="testPopulateMap[es_BO]" classname="org.apache.commons.collections4.MapUtilsTest" time="0"/>
  <testcase name="testToPropertiesEmpty[es_BO]" classname="org.apache.commons.collections4.MapUtilsTest" time="0"/>
  <testcase name="testPopulateMultiMap[es_BO]" classname="org.apache.commons.collections4.MapUtilsTest" time="0"/>
  <testcase name="testDebugPrintNullStream[es_BO]" classname="org.apache.commons.collections4.MapUtilsTest" time="0"/>
  <testcase name="testgetBooleanValue[es_BO]" classname="org.apache.commons.collections4.MapUtilsTest" time="0"/>
  <testcase name="testIsEmptyWithEmptyMap[es_BO]" classname="org.apache.commons.collections4.MapUtilsTest" time="0"/>
  <testcase name="testVerbosePrintNullKey[es_BO]" classname="org.apache.commons.collections4.MapUtilsTest" time="0"/>
  <testcase name="testSizeNull[es_BO]" classname="org.apache.commons.collections4.MapUtilsTest" time="0"/>
  <testcase name="testDebugPrintNullKeyToMap1[es_BO]" classname="org.apache.commons.collections4.MapUtilsTest" time="0"/>
  <testcase name="testDebugPrintNullKeyToMap2[es_BO]" classname="org.apache.commons.collections4.MapUtilsTest" time="0"/>
  <testcase name="testDebugPrint[es_BO]" classname="org.apache.commons.collections4.MapUtilsTest" time="0"/>
  <testcase name="testgetDoubleValue[es_BO]" classname="org.apache.commons.collections4.MapUtilsTest" time="0"/>
  <testcase name="testVerbosePrintNullStream[es_BO]" classname="org.apache.commons.collections4.MapUtilsTest" time="0"/>
  <testcase name="testVerbosePrintNullLabelAndMap[es_CL]" classname="org.apache.commons.collections4.MapUtilsTest" time="0"/>
  <testcase name="testgetMap[es_CL]" classname="org.apache.commons.collections4.MapUtilsTest" time="0"/>
  <testcase name="testToProperties[es_CL]" classname="org.apache.commons.collections4.MapUtilsTest" time="0"/>
  <testcase name="testgetShortValue[es_CL]" classname="org.apache.commons.collections4.MapUtilsTest" time="0"/>
  <testcase name="testIsEmptyWithNull[es_CL]" classname="org.apache.commons.collections4.MapUtilsTest" time="0"/>
  <testcase name="testVerbosePrint[es_CL]" classname="org.apache.commons.collections4.MapUtilsTest" time="0"/>
  <testcase name="testLazyMapFactory[es_CL]" classname="org.apache.commons.collections4.MapUtilsTest" time="0"/>
  <testcase name="testLazyMapTransformer[es_CL]" classname="org.apache.commons.collections4.MapUtilsTest" time="0"/>
  <testcase name="testSafeAddToMap[es_CL]" classname="org.apache.commons.collections4.MapUtilsTest" time="0"/>
  <testcase name="testIsEmptyWithNonEmptyMap[es_CL]" classname="org.apache.commons.collections4.MapUtilsTest" time="0"/>
  <testcase name="testInvertMap[es_CL]" classname="org.apache.commons.collections4.MapUtilsTest" time="0"/>
  <testcase name="testDebugAndVerbosePrintCasting[es_CL]" classname="org.apache.commons.collections4.MapUtilsTest" time="0"/>
  <testcase name="testIsNotEmptyWithNonEmptyMap[es_CL]" classname="org.apache.commons.collections4.MapUtilsTest" time="0"/>
  <testcase name="testgetByteValue[es_CL]" classname="org.apache.commons.collections4.MapUtilsTest" time="0"/>
  <testcase name="testSize0[es_CL]" classname="org.apache.commons.collections4.MapUtilsTest" time="0"/>
  <testcase name="testSize[es_CL]" classname="org.apache.commons.collections4.MapUtilsTest" time="0"/>
  <testcase name="testIsNotEmptyWithEmptyMap[es_CL]" classname="org.apache.commons.collections4.MapUtilsTest" time="0"/>
  <testcase name="testIsNotEmptyWithNull[es_CL]" classname="org.apache.commons.collections4.MapUtilsTest" time="0"/>
  <testcase name="testIterableSortedMap[es_CL]" classname="org.apache.commons.collections4.MapUtilsTest" time="0"/>
  <testcase name="testgetNumber[es_CL]" classname="org.apache.commons.collections4.MapUtilsTest" time="0"/>
  <testcase name="testgetObject[es_CL]" classname="org.apache.commons.collections4.MapUtilsTest" time="0"/>
  <testcase name="testgetString[es_CL]" classname="org.apache.commons.collections4.MapUtilsTest" time="0"/>
  <testcase name="testPutAll_Map_array[es_CL]" classname="org.apache.commons.collections4.MapUtilsTest" time="0"/>
  <testcase name="testVerbosePrintSelfReference[es_CL]" classname="org.apache.commons.collections4.MapUtilsTest" time="0"/>
  <testcase name="testDebugPrintNullLabel[es_CL]" classname="org.apache.commons.collections4.MapUtilsTest" time="0"/>
  <testcase name="testgetFloatValue[es_CL]" classname="org.apache.commons.collections4.MapUtilsTest" time="0"/>
  <testcase name="testConvertResourceBundle[es_CL]" classname="org.apache.commons.collections4.MapUtilsTest" time="0"/>
  <testcase name="testOrderedMap[es_CL]" classname="org.apache.commons.collections4.MapUtilsTest" time="0"/>
  <testcase name="testDebugPrintNullLabelAndMap[es_CL]" classname="org.apache.commons.collections4.MapUtilsTest" time="0"/>
  <testcase name="testEmptyIfNull[es_CL]" classname="org.apache.commons.collections4.MapUtilsTest" time="0"/>
  <testcase name="testgetIntValue[es_CL]" classname="org.apache.commons.collections4.MapUtilsTest" time="0"/>
  <testcase name="testDebugPrintSelfReference[es_CL]" classname="org.apache.commons.collections4.MapUtilsTest" time="0"/>
  <testcase name="testIterableMap[es_CL]" classname="org.apache.commons.collections4.MapUtilsTest" time="0"/>
  <testcase name="testDebugAndVerbosePrintNullMap[es_CL]" classname="org.apache.commons.collections4.MapUtilsTest" time="0"/>
  <testcase name="testVerbosePrintNullLabel[es_CL]" classname="org.apache.commons.collections4.MapUtilsTest" time="0"/>
  <testcase name="testDebugPrintNullKey[es_CL]" classname="org.apache.commons.collections4.MapUtilsTest" time="0"/>
  <testcase name="testPredicatedMap[es_CL]" classname="org.apache.commons.collections4.MapUtilsTest" time="0"/>
  <testcase name="testgetLongValue[es_CL]" classname="org.apache.commons.collections4.MapUtilsTest" time="0"/>
  <testcase name="testVerbosePrintNullKeyToMap1[es_CL]" classname="org.apache.commons.collections4.MapUtilsTest" time="0"/>
  <testcase name="testVerbosePrintNullKeyToMap2[es_CL]" classname="org.apache.commons.collections4.MapUtilsTest" time="0"/>
  <testcase name="testPopulateMap[es_CL]" classname="org.apache.commons.collections4.MapUtilsTest" time="0"/>
  <testcase name="testToPropertiesEmpty[es_CL]" classname="org.apache.commons.collections4.MapUtilsTest" time="0"/>
  <testcase name="testPopulateMultiMap[es_CL]" classname="org.apache.commons.collections4.MapUtilsTest" time="0"/>
  <testcase name="testDebugPrintNullStream[es_CL]" classname="org.apache.commons.collections4.MapUtilsTest" time="0"/>
  <testcase name="testgetBooleanValue[es_CL]" classname="org.apache.commons.collections4.MapUtilsTest" time="0"/>
  <testcase name="testIsEmptyWithEmptyMap[es_CL]" classname="org.apache.commons.collections4.MapUtilsTest" time="0"/>
  <testcase name="testVerbosePrintNullKey[es_CL]" classname="org.apache.commons.collections4.MapUtilsTest" time="0"/>
  <testcase name="testSizeNull[es_CL]" classname="org.apache.commons.collections4.MapUtilsTest" time="0"/>
  <testcase name="testDebugPrintNullKeyToMap1[es_CL]" classname="org.apache.commons.collections4.MapUtilsTest" time="0"/>
  <testcase name="testDebugPrintNullKeyToMap2[es_CL]" classname="org.apache.commons.collections4.MapUtilsTest" time="0"/>
  <testcase name="testDebugPrint[es_CL]" classname="org.apache.commons.collections4.MapUtilsTest" time="0"/>
  <testcase name="testgetDoubleValue[es_CL]" classname="org.apache.commons.collections4.MapUtilsTest" time="0"/>
  <testcase name="testVerbosePrintNullStream[es_CL]" classname="org.apache.commons.collections4.MapUtilsTest" time="0"/>
  <testcase name="testVerbosePrintNullLabelAndMap[es_CO]" classname="org.apache.commons.collections4.MapUtilsTest" time="0"/>
  <testcase name="testgetMap[es_CO]" classname="org.apache.commons.collections4.MapUtilsTest" time="0"/>
  <testcase name="testToProperties[es_CO]" classname="org.apache.commons.collections4.MapUtilsTest" time="0"/>
  <testcase name="testgetShortValue[es_CO]" classname="org.apache.commons.collections4.MapUtilsTest" time="0"/>
  <testcase name="testIsEmptyWithNull[es_CO]" classname="org.apache.commons.collections4.MapUtilsTest" time="0"/>
  <testcase name="testVerbosePrint[es_CO]" classname="org.apache.commons.collections4.MapUtilsTest" time="0"/>
  <testcase name="testLazyMapFactory[es_CO]" classname="org.apache.commons.collections4.MapUtilsTest" time="0"/>
  <testcase name="testLazyMapTransformer[es_CO]" classname="org.apache.commons.collections4.MapUtilsTest" time="0"/>
  <testcase name="testSafeAddToMap[es_CO]" classname="org.apache.commons.collections4.MapUtilsTest" time="0"/>
  <testcase name="testIsEmptyWithNonEmptyMap[es_CO]" classname="org.apache.commons.collections4.MapUtilsTest" time="0"/>
  <testcase name="testInvertMap[es_CO]" classname="org.apache.commons.collections4.MapUtilsTest" time="0"/>
  <testcase name="testDebugAndVerbosePrintCasting[es_CO]" classname="org.apache.commons.collections4.MapUtilsTest" time="0"/>
  <testcase name="testIsNotEmptyWithNonEmptyMap[es_CO]" classname="org.apache.commons.collections4.MapUtilsTest" time="0"/>
  <testcase name="testgetByteValue[es_CO]" classname="org.apache.commons.collections4.MapUtilsTest" time="0"/>
  <testcase name="testSize0[es_CO]" classname="org.apache.commons.collections4.MapUtilsTest" time="0"/>
  <testcase name="testSize[es_CO]" classname="org.apache.commons.collections4.MapUtilsTest" time="0"/>
  <testcase name="testIsNotEmptyWithEmptyMap[es_CO]" classname="org.apache.commons.collections4.MapUtilsTest" time="0"/>
  <testcase name="testIsNotEmptyWithNull[es_CO]" classname="org.apache.commons.collections4.MapUtilsTest" time="0"/>
  <testcase name="testIterableSortedMap[es_CO]" classname="org.apache.commons.collections4.MapUtilsTest" time="0"/>
  <testcase name="testgetNumber[es_CO]" classname="org.apache.commons.collections4.MapUtilsTest" time="0"/>
  <testcase name="testgetObject[es_CO]" classname="org.apache.commons.collections4.MapUtilsTest" time="0"/>
  <testcase name="testgetString[es_CO]" classname="org.apache.commons.collections4.MapUtilsTest" time="0"/>
  <testcase name="testPutAll_Map_array[es_CO]" classname="org.apache.commons.collections4.MapUtilsTest" time="0"/>
  <testcase name="testVerbosePrintSelfReference[es_CO]" classname="org.apache.commons.collections4.MapUtilsTest" time="0"/>
  <testcase name="testDebugPrintNullLabel[es_CO]" classname="org.apache.commons.collections4.MapUtilsTest" time="0"/>
  <testcase name="testgetFloatValue[es_CO]" classname="org.apache.commons.collections4.MapUtilsTest" time="0"/>
  <testcase name="testConvertResourceBundle[es_CO]" classname="org.apache.commons.collections4.MapUtilsTest" time="0"/>
  <testcase name="testOrderedMap[es_CO]" classname="org.apache.commons.collections4.MapUtilsTest" time="0"/>
  <testcase name="testDebugPrintNullLabelAndMap[es_CO]" classname="org.apache.commons.collections4.MapUtilsTest" time="0"/>
  <testcase name="testEmptyIfNull[es_CO]" classname="org.apache.commons.collections4.MapUtilsTest" time="0"/>
  <testcase name="testgetIntValue[es_CO]" classname="org.apache.commons.collections4.MapUtilsTest" time="0"/>
  <testcase name="testDebugPrintSelfReference[es_CO]" classname="org.apache.commons.collections4.MapUtilsTest" time="0"/>
  <testcase name="testIterableMap[es_CO]" classname="org.apache.commons.collections4.MapUtilsTest" time="0"/>
  <testcase name="testDebugAndVerbosePrintNullMap[es_CO]" classname="org.apache.commons.collections4.MapUtilsTest" time="0"/>
  <testcase name="testVerbosePrintNullLabel[es_CO]" classname="org.apache.commons.collections4.MapUtilsTest" time="0"/>
  <testcase name="testDebugPrintNullKey[es_CO]" classname="org.apache.commons.collections4.MapUtilsTest" time="0"/>
  <testcase name="testPredicatedMap[es_CO]" classname="org.apache.commons.collections4.MapUtilsTest" time="0"/>
  <testcase name="testgetLongValue[es_CO]" classname="org.apache.commons.collections4.MapUtilsTest" time="0"/>
  <testcase name="testVerbosePrintNullKeyToMap1[es_CO]" classname="org.apache.commons.collections4.MapUtilsTest" time="0"/>
  <testcase name="testVerbosePrintNullKeyToMap2[es_CO]" classname="org.apache.commons.collections4.MapUtilsTest" time="0.004"/>
  <testcase name="testPopulateMap[es_CO]" classname="org.apache.commons.collections4.MapUtilsTest" time="0"/>
  <testcase name="testToPropertiesEmpty[es_CO]" classname="org.apache.commons.collections4.MapUtilsTest" time="0"/>
  <testcase name="testPopulateMultiMap[es_CO]" classname="org.apache.commons.collections4.MapUtilsTest" time="0"/>
  <testcase name="testDebugPrintNullStream[es_CO]" classname="org.apache.commons.collections4.MapUtilsTest" time="0"/>
  <testcase name="testgetBooleanValue[es_CO]" classname="org.apache.commons.collections4.MapUtilsTest" time="0"/>
  <testcase name="testIsEmptyWithEmptyMap[es_CO]" classname="org.apache.commons.collections4.MapUtilsTest" time="0"/>
  <testcase name="testVerbosePrintNullKey[es_CO]" classname="org.apache.commons.collections4.MapUtilsTest" time="0"/>
  <testcase name="testSizeNull[es_CO]" classname="org.apache.commons.collections4.MapUtilsTest" time="0"/>
  <testcase name="testDebugPrintNullKeyToMap1[es_CO]" classname="org.apache.commons.collections4.MapUtilsTest" time="0"/>
  <testcase name="testDebugPrintNullKeyToMap2[es_CO]" classname="org.apache.commons.collections4.MapUtilsTest" time="0"/>
  <testcase name="testDebugPrint[es_CO]" classname="org.apache.commons.collections4.MapUtilsTest" time="0"/>
  <testcase name="testgetDoubleValue[es_CO]" classname="org.apache.commons.collections4.MapUtilsTest" time="0"/>
  <testcase name="testVerbosePrintNullStream[es_CO]" classname="org.apache.commons.collections4.MapUtilsTest" time="0"/>
  <testcase name="testVerbosePrintNullLabelAndMap[es_CR]" classname="org.apache.commons.collections4.MapUtilsTest" time="0"/>
  <testcase name="testgetMap[es_CR]" classname="org.apache.commons.collections4.MapUtilsTest" time="0"/>
  <testcase name="testToProperties[es_CR]" classname="org.apache.commons.collections4.MapUtilsTest" time="0"/>
  <testcase name="testgetShortValue[es_CR]" classname="org.apache.commons.collections4.MapUtilsTest" time="0"/>
  <testcase name="testIsEmptyWithNull[es_CR]" classname="org.apache.commons.collections4.MapUtilsTest" time="0"/>
  <testcase name="testVerbosePrint[es_CR]" classname="org.apache.commons.collections4.MapUtilsTest" time="0"/>
  <testcase name="testLazyMapFactory[es_CR]" classname="org.apache.commons.collections4.MapUtilsTest" time="0"/>
  <testcase name="testLazyMapTransformer[es_CR]" classname="org.apache.commons.collections4.MapUtilsTest" time="0"/>
  <testcase name="testSafeAddToMap[es_CR]" classname="org.apache.commons.collections4.MapUtilsTest" time="0"/>
  <testcase name="testIsEmptyWithNonEmptyMap[es_CR]" classname="org.apache.commons.collections4.MapUtilsTest" time="0"/>
  <testcase name="testInvertMap[es_CR]" classname="org.apache.commons.collections4.MapUtilsTest" time="0"/>
  <testcase name="testDebugAndVerbosePrintCasting[es_CR]" classname="org.apache.commons.collections4.MapUtilsTest" time="0"/>
  <testcase name="testIsNotEmptyWithNonEmptyMap[es_CR]" classname="org.apache.commons.collections4.MapUtilsTest" time="0"/>
  <testcase name="testgetByteValue[es_CR]" classname="org.apache.commons.collections4.MapUtilsTest" time="0"/>
  <testcase name="testSize0[es_CR]" classname="org.apache.commons.collections4.MapUtilsTest" time="0"/>
  <testcase name="testSize[es_CR]" classname="org.apache.commons.collections4.MapUtilsTest" time="0"/>
  <testcase name="testIsNotEmptyWithEmptyMap[es_CR]" classname="org.apache.commons.collections4.MapUtilsTest" time="0"/>
  <testcase name="testIsNotEmptyWithNull[es_CR]" classname="org.apache.commons.collections4.MapUtilsTest" time="0"/>
  <testcase name="testIterableSortedMap[es_CR]" classname="org.apache.commons.collections4.MapUtilsTest" time="0"/>
  <testcase name="testgetNumber[es_CR]" classname="org.apache.commons.collections4.MapUtilsTest" time="0"/>
  <testcase name="testgetObject[es_CR]" classname="org.apache.commons.collections4.MapUtilsTest" time="0"/>
  <testcase name="testgetString[es_CR]" classname="org.apache.commons.collections4.MapUtilsTest" time="0"/>
  <testcase name="testPutAll_Map_array[es_CR]" classname="org.apache.commons.collections4.MapUtilsTest" time="0"/>
  <testcase name="testVerbosePrintSelfReference[es_CR]" classname="org.apache.commons.collections4.MapUtilsTest" time="0"/>
  <testcase name="testDebugPrintNullLabel[es_CR]" classname="org.apache.commons.collections4.MapUtilsTest" time="0"/>
  <testcase name="testgetFloatValue[es_CR]" classname="org.apache.commons.collections4.MapUtilsTest" time="0"/>
  <testcase name="testConvertResourceBundle[es_CR]" classname="org.apache.commons.collections4.MapUtilsTest" time="0"/>
  <testcase name="testOrderedMap[es_CR]" classname="org.apache.commons.collections4.MapUtilsTest" time="0"/>
  <testcase name="testDebugPrintNullLabelAndMap[es_CR]" classname="org.apache.commons.collections4.MapUtilsTest" time="0"/>
  <testcase name="testEmptyIfNull[es_CR]" classname="org.apache.commons.collections4.MapUtilsTest" time="0"/>
  <testcase name="testgetIntValue[es_CR]" classname="org.apache.commons.collections4.MapUtilsTest" time="0"/>
  <testcase name="testDebugPrintSelfReference[es_CR]" classname="org.apache.commons.collections4.MapUtilsTest" time="0"/>
  <testcase name="testIterableMap[es_CR]" classname="org.apache.commons.collections4.MapUtilsTest" time="0"/>
  <testcase name="testDebugAndVerbosePrintNullMap[es_CR]" classname="org.apache.commons.collections4.MapUtilsTest" time="0"/>
  <testcase name="testVerbosePrintNullLabel[es_CR]" classname="org.apache.commons.collections4.MapUtilsTest" time="0"/>
  <testcase name="testDebugPrintNullKey[es_CR]" classname="org.apache.commons.collections4.MapUtilsTest" time="0"/>
  <testcase name="testPredicatedMap[es_CR]" classname="org.apache.commons.collections4.MapUtilsTest" time="0"/>
  <testcase name="testgetLongValue[es_CR]" classname="org.apache.commons.collections4.MapUtilsTest" time="0"/>
  <testcase name="testVerbosePrintNullKeyToMap1[es_CR]" classname="org.apache.commons.collections4.MapUtilsTest" time="0"/>
  <testcase name="testVerbosePrintNullKeyToMap2[es_CR]" classname="org.apache.commons.collections4.MapUtilsTest" time="0"/>
  <testcase name="testPopulateMap[es_CR]" classname="org.apache.commons.collections4.MapUtilsTest" time="0"/>
  <testcase name="testToPropertiesEmpty[es_CR]" classname="org.apache.commons.collections4.MapUtilsTest" time="0"/>
  <testcase name="testPopulateMultiMap[es_CR]" classname="org.apache.commons.collections4.MapUtilsTest" time="0"/>
  <testcase name="testDebugPrintNullStream[es_CR]" classname="org.apache.commons.collections4.MapUtilsTest" time="0"/>
  <testcase name="testgetBooleanValue[es_CR]" classname="org.apache.commons.collections4.MapUtilsTest" time="0"/>
  <testcase name="testIsEmptyWithEmptyMap[es_CR]" classname="org.apache.commons.collections4.MapUtilsTest" time="0"/>
  <testcase name="testVerbosePrintNullKey[es_CR]" classname="org.apache.commons.collections4.MapUtilsTest" time="0"/>
  <testcase name="testSizeNull[es_CR]" classname="org.apache.commons.collections4.MapUtilsTest" time="0"/>
  <testcase name="testDebugPrintNullKeyToMap1[es_CR]" classname="org.apache.commons.collections4.MapUtilsTest" time="0"/>
  <testcase name="testDebugPrintNullKeyToMap2[es_CR]" classname="org.apache.commons.collections4.MapUtilsTest" time="0"/>
  <testcase name="testDebugPrint[es_CR]" classname="org.apache.commons.collections4.MapUtilsTest" time="0"/>
  <testcase name="testgetDoubleValue[es_CR]" classname="org.apache.commons.collections4.MapUtilsTest" time="0"/>
  <testcase name="testVerbosePrintNullStream[es_CR]" classname="org.apache.commons.collections4.MapUtilsTest" time="0"/>
  <testcase name="testVerbosePrintNullLabelAndMap[es_CU]" classname="org.apache.commons.collections4.MapUtilsTest" time="0"/>
  <testcase name="testgetMap[es_CU]" classname="org.apache.commons.collections4.MapUtilsTest" time="0"/>
  <testcase name="testToProperties[es_CU]" classname="org.apache.commons.collections4.MapUtilsTest" time="0"/>
  <testcase name="testgetShortValue[es_CU]" classname="org.apache.commons.collections4.MapUtilsTest" time="0"/>
  <testcase name="testIsEmptyWithNull[es_CU]" classname="org.apache.commons.collections4.MapUtilsTest" time="0"/>
  <testcase name="testVerbosePrint[es_CU]" classname="org.apache.commons.collections4.MapUtilsTest" time="0"/>
  <testcase name="testLazyMapFactory[es_CU]" classname="org.apache.commons.collections4.MapUtilsTest" time="0"/>
  <testcase name="testLazyMapTransformer[es_CU]" classname="org.apache.commons.collections4.MapUtilsTest" time="0"/>
  <testcase name="testSafeAddToMap[es_CU]" classname="org.apache.commons.collections4.MapUtilsTest" time="0"/>
  <testcase name="testIsEmptyWithNonEmptyMap[es_CU]" classname="org.apache.commons.collections4.MapUtilsTest" time="0"/>
  <testcase name="testInvertMap[es_CU]" classname="org.apache.commons.collections4.MapUtilsTest" time="0"/>
  <testcase name="testDebugAndVerbosePrintCasting[es_CU]" classname="org.apache.commons.collections4.MapUtilsTest" time="0"/>
  <testcase name="testIsNotEmptyWithNonEmptyMap[es_CU]" classname="org.apache.commons.collections4.MapUtilsTest" time="0"/>
  <testcase name="testgetByteValue[es_CU]" classname="org.apache.commons.collections4.MapUtilsTest" time="0"/>
  <testcase name="testSize0[es_CU]" classname="org.apache.commons.collections4.MapUtilsTest" time="0"/>
  <testcase name="testSize[es_CU]" classname="org.apache.commons.collections4.MapUtilsTest" time="0"/>
  <testcase name="testIsNotEmptyWithEmptyMap[es_CU]" classname="org.apache.commons.collections4.MapUtilsTest" time="0"/>
  <testcase name="testIsNotEmptyWithNull[es_CU]" classname="org.apache.commons.collections4.MapUtilsTest" time="0"/>
  <testcase name="testIterableSortedMap[es_CU]" classname="org.apache.commons.collections4.MapUtilsTest" time="0"/>
  <testcase name="testgetNumber[es_CU]" classname="org.apache.commons.collections4.MapUtilsTest" time="0"/>
  <testcase name="testgetObject[es_CU]" classname="org.apache.commons.collections4.MapUtilsTest" time="0"/>
  <testcase name="testgetString[es_CU]" classname="org.apache.commons.collections4.MapUtilsTest" time="0"/>
  <testcase name="testPutAll_Map_array[es_CU]" classname="org.apache.commons.collections4.MapUtilsTest" time="0"/>
  <testcase name="testVerbosePrintSelfReference[es_CU]" classname="org.apache.commons.collections4.MapUtilsTest" time="0"/>
  <testcase name="testDebugPrintNullLabel[es_CU]" classname="org.apache.commons.collections4.MapUtilsTest" time="0"/>
  <testcase name="testgetFloatValue[es_CU]" classname="org.apache.commons.collections4.MapUtilsTest" time="0"/>
  <testcase name="testConvertResourceBundle[es_CU]" classname="org.apache.commons.collections4.MapUtilsTest" time="0"/>
  <testcase name="testOrderedMap[es_CU]" classname="org.apache.commons.collections4.MapUtilsTest" time="0"/>
  <testcase name="testDebugPrintNullLabelAndMap[es_CU]" classname="org.apache.commons.collections4.MapUtilsTest" time="0"/>
  <testcase name="testEmptyIfNull[es_CU]" classname="org.apache.commons.collections4.MapUtilsTest" time="0"/>
  <testcase name="testgetIntValue[es_CU]" classname="org.apache.commons.collections4.MapUtilsTest" time="0"/>
  <testcase name="testDebugPrintSelfReference[es_CU]" classname="org.apache.commons.collections4.MapUtilsTest" time="0"/>
  <testcase name="testIterableMap[es_CU]" classname="org.apache.commons.collections4.MapUtilsTest" time="0"/>
  <testcase name="testDebugAndVerbosePrintNullMap[es_CU]" classname="org.apache.commons.collections4.MapUtilsTest" time="0"/>
  <testcase name="testVerbosePrintNullLabel[es_CU]" classname="org.apache.commons.collections4.MapUtilsTest" time="0"/>
  <testcase name="testDebugPrintNullKey[es_CU]" classname="org.apache.commons.collections4.MapUtilsTest" time="0"/>
  <testcase name="testPredicatedMap[es_CU]" classname="org.apache.commons.collections4.MapUtilsTest" time="0"/>
  <testcase name="testgetLongValue[es_CU]" classname="org.apache.commons.collections4.MapUtilsTest" time="0"/>
  <testcase name="testVerbosePrintNullKeyToMap1[es_CU]" classname="org.apache.commons.collections4.MapUtilsTest" time="0"/>
  <testcase name="testVerbosePrintNullKeyToMap2[es_CU]" classname="org.apache.commons.collections4.MapUtilsTest" time="0"/>
  <testcase name="testPopulateMap[es_CU]" classname="org.apache.commons.collections4.MapUtilsTest" time="0"/>
  <testcase name="testToPropertiesEmpty[es_CU]" classname="org.apache.commons.collections4.MapUtilsTest" time="0"/>
  <testcase name="testPopulateMultiMap[es_CU]" classname="org.apache.commons.collections4.MapUtilsTest" time="0"/>
  <testcase name="testDebugPrintNullStream[es_CU]" classname="org.apache.commons.collections4.MapUtilsTest" time="0"/>
  <testcase name="testgetBooleanValue[es_CU]" classname="org.apache.commons.collections4.MapUtilsTest" time="0"/>
  <testcase name="testIsEmptyWithEmptyMap[es_CU]" classname="org.apache.commons.collections4.MapUtilsTest" time="0"/>
  <testcase name="testVerbosePrintNullKey[es_CU]" classname="org.apache.commons.collections4.MapUtilsTest" time="0"/>
  <testcase name="testSizeNull[es_CU]" classname="org.apache.commons.collections4.MapUtilsTest" time="0"/>
  <testcase name="testDebugPrintNullKeyToMap1[es_CU]" classname="org.apache.commons.collections4.MapUtilsTest" time="0"/>
  <testcase name="testDebugPrintNullKeyToMap2[es_CU]" classname="org.apache.commons.collections4.MapUtilsTest" time="0"/>
  <testcase name="testDebugPrint[es_CU]" classname="org.apache.commons.collections4.MapUtilsTest" time="0"/>
  <testcase name="testgetDoubleValue[es_CU]" classname="org.apache.commons.collections4.MapUtilsTest" time="0"/>
  <testcase name="testVerbosePrintNullStream[es_CU]" classname="org.apache.commons.collections4.MapUtilsTest" time="0"/>
  <testcase name="testVerbosePrintNullLabelAndMap[es_DO]" classname="org.apache.commons.collections4.MapUtilsTest" time="0"/>
  <testcase name="testgetMap[es_DO]" classname="org.apache.commons.collections4.MapUtilsTest" time="0"/>
  <testcase name="testToProperties[es_DO]" classname="org.apache.commons.collections4.MapUtilsTest" time="0"/>
  <testcase name="testgetShortValue[es_DO]" classname="org.apache.commons.collections4.MapUtilsTest" time="0"/>
  <testcase name="testIsEmptyWithNull[es_DO]" classname="org.apache.commons.collections4.MapUtilsTest" time="0"/>
  <testcase name="testVerbosePrint[es_DO]" classname="org.apache.commons.collections4.MapUtilsTest" time="0"/>
  <testcase name="testLazyMapFactory[es_DO]" classname="org.apache.commons.collections4.MapUtilsTest" time="0"/>
  <testcase name="testLazyMapTransformer[es_DO]" classname="org.apache.commons.collections4.MapUtilsTest" time="0"/>
  <testcase name="testSafeAddToMap[es_DO]" classname="org.apache.commons.collections4.MapUtilsTest" time="0"/>
  <testcase name="testIsEmptyWithNonEmptyMap[es_DO]" classname="org.apache.commons.collections4.MapUtilsTest" time="0"/>
  <testcase name="testInvertMap[es_DO]" classname="org.apache.commons.collections4.MapUtilsTest" time="0"/>
  <testcase name="testDebugAndVerbosePrintCasting[es_DO]" classname="org.apache.commons.collections4.MapUtilsTest" time="0"/>
  <testcase name="testIsNotEmptyWithNonEmptyMap[es_DO]" classname="org.apache.commons.collections4.MapUtilsTest" time="0"/>
  <testcase name="testgetByteValue[es_DO]" classname="org.apache.commons.collections4.MapUtilsTest" time="0"/>
  <testcase name="testSize0[es_DO]" classname="org.apache.commons.collections4.MapUtilsTest" time="0"/>
  <testcase name="testSize[es_DO]" classname="org.apache.commons.collections4.MapUtilsTest" time="0"/>
  <testcase name="testIsNotEmptyWithEmptyMap[es_DO]" classname="org.apache.commons.collections4.MapUtilsTest" time="0"/>
  <testcase name="testIsNotEmptyWithNull[es_DO]" classname="org.apache.commons.collections4.MapUtilsTest" time="0"/>
  <testcase name="testIterableSortedMap[es_DO]" classname="org.apache.commons.collections4.MapUtilsTest" time="0"/>
  <testcase name="testgetNumber[es_DO]" classname="org.apache.commons.collections4.MapUtilsTest" time="0"/>
  <testcase name="testgetObject[es_DO]" classname="org.apache.commons.collections4.MapUtilsTest" time="0"/>
  <testcase name="testgetString[es_DO]" classname="org.apache.commons.collections4.MapUtilsTest" time="0"/>
  <testcase name="testPutAll_Map_array[es_DO]" classname="org.apache.commons.collections4.MapUtilsTest" time="0"/>
  <testcase name="testVerbosePrintSelfReference[es_DO]" classname="org.apache.commons.collections4.MapUtilsTest" time="0"/>
  <testcase name="testDebugPrintNullLabel[es_DO]" classname="org.apache.commons.collections4.MapUtilsTest" time="0"/>
  <testcase name="testgetFloatValue[es_DO]" classname="org.apache.commons.collections4.MapUtilsTest" time="0"/>
  <testcase name="testConvertResourceBundle[es_DO]" classname="org.apache.commons.collections4.MapUtilsTest" time="0"/>
  <testcase name="testOrderedMap[es_DO]" classname="org.apache.commons.collections4.MapUtilsTest" time="0"/>
  <testcase name="testDebugPrintNullLabelAndMap[es_DO]" classname="org.apache.commons.collections4.MapUtilsTest" time="0"/>
  <testcase name="testEmptyIfNull[es_DO]" classname="org.apache.commons.collections4.MapUtilsTest" time="0"/>
  <testcase name="testgetIntValue[es_DO]" classname="org.apache.commons.collections4.MapUtilsTest" time="0"/>
  <testcase name="testDebugPrintSelfReference[es_DO]" classname="org.apache.commons.collections4.MapUtilsTest" time="0"/>
  <testcase name="testIterableMap[es_DO]" classname="org.apache.commons.collections4.MapUtilsTest" time="0"/>
  <testcase name="testDebugAndVerbosePrintNullMap[es_DO]" classname="org.apache.commons.collections4.MapUtilsTest" time="0"/>
  <testcase name="testVerbosePrintNullLabel[es_DO]" classname="org.apache.commons.collections4.MapUtilsTest" time="0"/>
  <testcase name="testDebugPrintNullKey[es_DO]" classname="org.apache.commons.collections4.MapUtilsTest" time="0"/>
  <testcase name="testPredicatedMap[es_DO]" classname="org.apache.commons.collections4.MapUtilsTest" time="0"/>
  <testcase name="testgetLongValue[es_DO]" classname="org.apache.commons.collections4.MapUtilsTest" time="0"/>
  <testcase name="testVerbosePrintNullKeyToMap1[es_DO]" classname="org.apache.commons.collections4.MapUtilsTest" time="0"/>
  <testcase name="testVerbosePrintNullKeyToMap2[es_DO]" classname="org.apache.commons.collections4.MapUtilsTest" time="0"/>
  <testcase name="testPopulateMap[es_DO]" classname="org.apache.commons.collections4.MapUtilsTest" time="0"/>
  <testcase name="testToPropertiesEmpty[es_DO]" classname="org.apache.commons.collections4.MapUtilsTest" time="0"/>
  <testcase name="testPopulateMultiMap[es_DO]" classname="org.apache.commons.collections4.MapUtilsTest" time="0"/>
  <testcase name="testDebugPrintNullStream[es_DO]" classname="org.apache.commons.collections4.MapUtilsTest" time="0"/>
  <testcase name="testgetBooleanValue[es_DO]" classname="org.apache.commons.collections4.MapUtilsTest" time="0"/>
  <testcase name="testIsEmptyWithEmptyMap[es_DO]" classname="org.apache.commons.collections4.MapUtilsTest" time="0"/>
  <testcase name="testVerbosePrintNullKey[es_DO]" classname="org.apache.commons.collections4.MapUtilsTest" time="0"/>
  <testcase name="testSizeNull[es_DO]" classname="org.apache.commons.collections4.MapUtilsTest" time="0"/>
  <testcase name="testDebugPrintNullKeyToMap1[es_DO]" classname="org.apache.commons.collections4.MapUtilsTest" time="0"/>
  <testcase name="testDebugPrintNullKeyToMap2[es_DO]" classname="org.apache.commons.collections4.MapUtilsTest" time="0"/>
  <testcase name="testDebugPrint[es_DO]" classname="org.apache.commons.collections4.MapUtilsTest" time="0"/>
  <testcase name="testgetDoubleValue[es_DO]" classname="org.apache.commons.collections4.MapUtilsTest" time="0"/>
  <testcase name="testVerbosePrintNullStream[es_DO]" classname="org.apache.commons.collections4.MapUtilsTest" time="0"/>
  <testcase name="testVerbosePrintNullLabelAndMap[es_EC]" classname="org.apache.commons.collections4.MapUtilsTest" time="0"/>
  <testcase name="testgetMap[es_EC]" classname="org.apache.commons.collections4.MapUtilsTest" time="0"/>
  <testcase name="testToProperties[es_EC]" classname="org.apache.commons.collections4.MapUtilsTest" time="0"/>
  <testcase name="testgetShortValue[es_EC]" classname="org.apache.commons.collections4.MapUtilsTest" time="0"/>
  <testcase name="testIsEmptyWithNull[es_EC]" classname="org.apache.commons.collections4.MapUtilsTest" time="0"/>
  <testcase name="testVerbosePrint[es_EC]" classname="org.apache.commons.collections4.MapUtilsTest" time="0"/>
  <testcase name="testLazyMapFactory[es_EC]" classname="org.apache.commons.collections4.MapUtilsTest" time="0"/>
  <testcase name="testLazyMapTransformer[es_EC]" classname="org.apache.commons.collections4.MapUtilsTest" time="0"/>
  <testcase name="testSafeAddToMap[es_EC]" classname="org.apache.commons.collections4.MapUtilsTest" time="0"/>
  <testcase name="testIsEmptyWithNonEmptyMap[es_EC]" classname="org.apache.commons.collections4.MapUtilsTest" time="0"/>
  <testcase name="testInvertMap[es_EC]" classname="org.apache.commons.collections4.MapUtilsTest" time="0.001"/>
  <testcase name="testDebugAndVerbosePrintCasting[es_EC]" classname="org.apache.commons.collections4.MapUtilsTest" time="0"/>
  <testcase name="testIsNotEmptyWithNonEmptyMap[es_EC]" classname="org.apache.commons.collections4.MapUtilsTest" time="0"/>
  <testcase name="testgetByteValue[es_EC]" classname="org.apache.commons.collections4.MapUtilsTest" time="0"/>
  <testcase name="testSize0[es_EC]" classname="org.apache.commons.collections4.MapUtilsTest" time="0"/>
  <testcase name="testSize[es_EC]" classname="org.apache.commons.collections4.MapUtilsTest" time="0"/>
  <testcase name="testIsNotEmptyWithEmptyMap[es_EC]" classname="org.apache.commons.collections4.MapUtilsTest" time="0"/>
  <testcase name="testIsNotEmptyWithNull[es_EC]" classname="org.apache.commons.collections4.MapUtilsTest" time="0"/>
  <testcase name="testIterableSortedMap[es_EC]" classname="org.apache.commons.collections4.MapUtilsTest" time="0"/>
  <testcase name="testgetNumber[es_EC]" classname="org.apache.commons.collections4.MapUtilsTest" time="0"/>
  <testcase name="testgetObject[es_EC]" classname="org.apache.commons.collections4.MapUtilsTest" time="0"/>
  <testcase name="testgetString[es_EC]" classname="org.apache.commons.collections4.MapUtilsTest" time="0"/>
  <testcase name="testPutAll_Map_array[es_EC]" classname="org.apache.commons.collections4.MapUtilsTest" time="0"/>
  <testcase name="testVerbosePrintSelfReference[es_EC]" classname="org.apache.commons.collections4.MapUtilsTest" time="0"/>
  <testcase name="testDebugPrintNullLabel[es_EC]" classname="org.apache.commons.collections4.MapUtilsTest" time="0"/>
  <testcase name="testgetFloatValue[es_EC]" classname="org.apache.commons.collections4.MapUtilsTest" time="0"/>
  <testcase name="testConvertResourceBundle[es_EC]" classname="org.apache.commons.collections4.MapUtilsTest" time="0"/>
  <testcase name="testOrderedMap[es_EC]" classname="org.apache.commons.collections4.MapUtilsTest" time="0"/>
  <testcase name="testDebugPrintNullLabelAndMap[es_EC]" classname="org.apache.commons.collections4.MapUtilsTest" time="0"/>
  <testcase name="testEmptyIfNull[es_EC]" classname="org.apache.commons.collections4.MapUtilsTest" time="0"/>
  <testcase name="testgetIntValue[es_EC]" classname="org.apache.commons.collections4.MapUtilsTest" time="0"/>
  <testcase name="testDebugPrintSelfReference[es_EC]" classname="org.apache.commons.collections4.MapUtilsTest" time="0"/>
  <testcase name="testIterableMap[es_EC]" classname="org.apache.commons.collections4.MapUtilsTest" time="0"/>
  <testcase name="testDebugAndVerbosePrintNullMap[es_EC]" classname="org.apache.commons.collections4.MapUtilsTest" time="0"/>
  <testcase name="testVerbosePrintNullLabel[es_EC]" classname="org.apache.commons.collections4.MapUtilsTest" time="0"/>
  <testcase name="testDebugPrintNullKey[es_EC]" classname="org.apache.commons.collections4.MapUtilsTest" time="0"/>
  <testcase name="testPredicatedMap[es_EC]" classname="org.apache.commons.collections4.MapUtilsTest" time="0"/>
  <testcase name="testgetLongValue[es_EC]" classname="org.apache.commons.collections4.MapUtilsTest" time="0"/>
  <testcase name="testVerbosePrintNullKeyToMap1[es_EC]" classname="org.apache.commons.collections4.MapUtilsTest" time="0"/>
  <testcase name="testVerbosePrintNullKeyToMap2[es_EC]" classname="org.apache.commons.collections4.MapUtilsTest" time="0"/>
  <testcase name="testPopulateMap[es_EC]" classname="org.apache.commons.collections4.MapUtilsTest" time="0"/>
  <testcase name="testToPropertiesEmpty[es_EC]" classname="org.apache.commons.collections4.MapUtilsTest" time="0"/>
  <testcase name="testPopulateMultiMap[es_EC]" classname="org.apache.commons.collections4.MapUtilsTest" time="0"/>
  <testcase name="testDebugPrintNullStream[es_EC]" classname="org.apache.commons.collections4.MapUtilsTest" time="0"/>
  <testcase name="testgetBooleanValue[es_EC]" classname="org.apache.commons.collections4.MapUtilsTest" time="0"/>
  <testcase name="testIsEmptyWithEmptyMap[es_EC]" classname="org.apache.commons.collections4.MapUtilsTest" time="0"/>
  <testcase name="testVerbosePrintNullKey[es_EC]" classname="org.apache.commons.collections4.MapUtilsTest" time="0"/>
  <testcase name="testSizeNull[es_EC]" classname="org.apache.commons.collections4.MapUtilsTest" time="0"/>
  <testcase name="testDebugPrintNullKeyToMap1[es_EC]" classname="org.apache.commons.collections4.MapUtilsTest" time="0"/>
  <testcase name="testDebugPrintNullKeyToMap2[es_EC]" classname="org.apache.commons.collections4.MapUtilsTest" time="0"/>
  <testcase name="testDebugPrint[es_EC]" classname="org.apache.commons.collections4.MapUtilsTest" time="0"/>
  <testcase name="testgetDoubleValue[es_EC]" classname="org.apache.commons.collections4.MapUtilsTest" time="0"/>
  <testcase name="testVerbosePrintNullStream[es_EC]" classname="org.apache.commons.collections4.MapUtilsTest" time="0"/>
  <testcase name="testVerbosePrintNullLabelAndMap[es_ES]" classname="org.apache.commons.collections4.MapUtilsTest" time="0"/>
  <testcase name="testgetMap[es_ES]" classname="org.apache.commons.collections4.MapUtilsTest" time="0"/>
  <testcase name="testToProperties[es_ES]" classname="org.apache.commons.collections4.MapUtilsTest" time="0"/>
  <testcase name="testgetShortValue[es_ES]" classname="org.apache.commons.collections4.MapUtilsTest" time="0"/>
  <testcase name="testIsEmptyWithNull[es_ES]" classname="org.apache.commons.collections4.MapUtilsTest" time="0"/>
  <testcase name="testVerbosePrint[es_ES]" classname="org.apache.commons.collections4.MapUtilsTest" time="0"/>
  <testcase name="testLazyMapFactory[es_ES]" classname="org.apache.commons.collections4.MapUtilsTest" time="0.001"/>
  <testcase name="testLazyMapTransformer[es_ES]" classname="org.apache.commons.collections4.MapUtilsTest" time="0"/>
  <testcase name="testSafeAddToMap[es_ES]" classname="org.apache.commons.collections4.MapUtilsTest" time="0"/>
  <testcase name="testIsEmptyWithNonEmptyMap[es_ES]" classname="org.apache.commons.collections4.MapUtilsTest" time="0"/>
  <testcase name="testInvertMap[es_ES]" classname="org.apache.commons.collections4.MapUtilsTest" time="0"/>
  <testcase name="testDebugAndVerbosePrintCasting[es_ES]" classname="org.apache.commons.collections4.MapUtilsTest" time="0"/>
  <testcase name="testIsNotEmptyWithNonEmptyMap[es_ES]" classname="org.apache.commons.collections4.MapUtilsTest" time="0"/>
  <testcase name="testgetByteValue[es_ES]" classname="org.apache.commons.collections4.MapUtilsTest" time="0"/>
  <testcase name="testSize0[es_ES]" classname="org.apache.commons.collections4.MapUtilsTest" time="0"/>
  <testcase name="testSize[es_ES]" classname="org.apache.commons.collections4.MapUtilsTest" time="0"/>
  <testcase name="testIsNotEmptyWithEmptyMap[es_ES]" classname="org.apache.commons.collections4.MapUtilsTest" time="0"/>
  <testcase name="testIsNotEmptyWithNull[es_ES]" classname="org.apache.commons.collections4.MapUtilsTest" time="0"/>
  <testcase name="testIterableSortedMap[es_ES]" classname="org.apache.commons.collections4.MapUtilsTest" time="0"/>
  <testcase name="testgetNumber[es_ES]" classname="org.apache.commons.collections4.MapUtilsTest" time="0"/>
  <testcase name="testgetObject[es_ES]" classname="org.apache.commons.collections4.MapUtilsTest" time="0"/>
  <testcase name="testgetString[es_ES]" classname="org.apache.commons.collections4.MapUtilsTest" time="0"/>
  <testcase name="testPutAll_Map_array[es_ES]" classname="org.apache.commons.collections4.MapUtilsTest" time="0"/>
  <testcase name="testVerbosePrintSelfReference[es_ES]" classname="org.apache.commons.collections4.MapUtilsTest" time="0"/>
  <testcase name="testDebugPrintNullLabel[es_ES]" classname="org.apache.commons.collections4.MapUtilsTest" time="0"/>
  <testcase name="testgetFloatValue[es_ES]" classname="org.apache.commons.collections4.MapUtilsTest" time="0"/>
  <testcase name="testConvertResourceBundle[es_ES]" classname="org.apache.commons.collections4.MapUtilsTest" time="0"/>
  <testcase name="testOrderedMap[es_ES]" classname="org.apache.commons.collections4.MapUtilsTest" time="0"/>
  <testcase name="testDebugPrintNullLabelAndMap[es_ES]" classname="org.apache.commons.collections4.MapUtilsTest" time="0"/>
  <testcase name="testEmptyIfNull[es_ES]" classname="org.apache.commons.collections4.MapUtilsTest" time="0"/>
  <testcase name="testgetIntValue[es_ES]" classname="org.apache.commons.collections4.MapUtilsTest" time="0"/>
  <testcase name="testDebugPrintSelfReference[es_ES]" classname="org.apache.commons.collections4.MapUtilsTest" time="0"/>
  <testcase name="testIterableMap[es_ES]" classname="org.apache.commons.collections4.MapUtilsTest" time="0"/>
  <testcase name="testDebugAndVerbosePrintNullMap[es_ES]" classname="org.apache.commons.collections4.MapUtilsTest" time="0"/>
  <testcase name="testVerbosePrintNullLabel[es_ES]" classname="org.apache.commons.collections4.MapUtilsTest" time="0"/>
  <testcase name="testDebugPrintNullKey[es_ES]" classname="org.apache.commons.collections4.MapUtilsTest" time="0"/>
  <testcase name="testPredicatedMap[es_ES]" classname="org.apache.commons.collections4.MapUtilsTest" time="0"/>
  <testcase name="testgetLongValue[es_ES]" classname="org.apache.commons.collections4.MapUtilsTest" time="0"/>
  <testcase name="testVerbosePrintNullKeyToMap1[es_ES]" classname="org.apache.commons.collections4.MapUtilsTest" time="0"/>
  <testcase name="testVerbosePrintNullKeyToMap2[es_ES]" classname="org.apache.commons.collections4.MapUtilsTest" time="0"/>
  <testcase name="testPopulateMap[es_ES]" classname="org.apache.commons.collections4.MapUtilsTest" time="0"/>
  <testcase name="testToPropertiesEmpty[es_ES]" classname="org.apache.commons.collections4.MapUtilsTest" time="0"/>
  <testcase name="testPopulateMultiMap[es_ES]" classname="org.apache.commons.collections4.MapUtilsTest" time="0"/>
  <testcase name="testDebugPrintNullStream[es_ES]" classname="org.apache.commons.collections4.MapUtilsTest" time="0"/>
  <testcase name="testgetBooleanValue[es_ES]" classname="org.apache.commons.collections4.MapUtilsTest" time="0"/>
  <testcase name="testIsEmptyWithEmptyMap[es_ES]" classname="org.apache.commons.collections4.MapUtilsTest" time="0"/>
  <testcase name="testVerbosePrintNullKey[es_ES]" classname="org.apache.commons.collections4.MapUtilsTest" time="0"/>
  <testcase name="testSizeNull[es_ES]" classname="org.apache.commons.collections4.MapUtilsTest" time="0"/>
  <testcase name="testDebugPrintNullKeyToMap1[es_ES]" classname="org.apache.commons.collections4.MapUtilsTest" time="0"/>
  <testcase name="testDebugPrintNullKeyToMap2[es_ES]" classname="org.apache.commons.collections4.MapUtilsTest" time="0"/>
  <testcase name="testDebugPrint[es_ES]" classname="org.apache.commons.collections4.MapUtilsTest" time="0"/>
  <testcase name="testgetDoubleValue[es_ES]" classname="org.apache.commons.collections4.MapUtilsTest" time="0"/>
  <testcase name="testVerbosePrintNullStream[es_ES]" classname="org.apache.commons.collections4.MapUtilsTest" time="0.001"/>
  <testcase name="testVerbosePrintNullLabelAndMap[es_GT]" classname="org.apache.commons.collections4.MapUtilsTest" time="0"/>
  <testcase name="testgetMap[es_GT]" classname="org.apache.commons.collections4.MapUtilsTest" time="0"/>
  <testcase name="testToProperties[es_GT]" classname="org.apache.commons.collections4.MapUtilsTest" time="0"/>
  <testcase name="testgetShortValue[es_GT]" classname="org.apache.commons.collections4.MapUtilsTest" time="0"/>
  <testcase name="testIsEmptyWithNull[es_GT]" classname="org.apache.commons.collections4.MapUtilsTest" time="0"/>
  <testcase name="testVerbosePrint[es_GT]" classname="org.apache.commons.collections4.MapUtilsTest" time="0"/>
  <testcase name="testLazyMapFactory[es_GT]" classname="org.apache.commons.collections4.MapUtilsTest" time="0"/>
  <testcase name="testLazyMapTransformer[es_GT]" classname="org.apache.commons.collections4.MapUtilsTest" time="0"/>
  <testcase name="testSafeAddToMap[es_GT]" classname="org.apache.commons.collections4.MapUtilsTest" time="0"/>
  <testcase name="testIsEmptyWithNonEmptyMap[es_GT]" classname="org.apache.commons.collections4.MapUtilsTest" time="0"/>
  <testcase name="testInvertMap[es_GT]" classname="org.apache.commons.collections4.MapUtilsTest" time="0"/>
  <testcase name="testDebugAndVerbosePrintCasting[es_GT]" classname="org.apache.commons.collections4.MapUtilsTest" time="0"/>
  <testcase name="testIsNotEmptyWithNonEmptyMap[es_GT]" classname="org.apache.commons.collections4.MapUtilsTest" time="0"/>
  <testcase name="testgetByteValue[es_GT]" classname="org.apache.commons.collections4.MapUtilsTest" time="0"/>
  <testcase name="testSize0[es_GT]" classname="org.apache.commons.collections4.MapUtilsTest" time="0"/>
  <testcase name="testSize[es_GT]" classname="org.apache.commons.collections4.MapUtilsTest" time="0"/>
  <testcase name="testIsNotEmptyWithEmptyMap[es_GT]" classname="org.apache.commons.collections4.MapUtilsTest" time="0"/>
  <testcase name="testIsNotEmptyWithNull[es_GT]" classname="org.apache.commons.collections4.MapUtilsTest" time="0"/>
  <testcase name="testIterableSortedMap[es_GT]" classname="org.apache.commons.collections4.MapUtilsTest" time="0"/>
  <testcase name="testgetNumber[es_GT]" classname="org.apache.commons.collections4.MapUtilsTest" time="0.001"/>
  <testcase name="testgetObject[es_GT]" classname="org.apache.commons.collections4.MapUtilsTest" time="0"/>
  <testcase name="testgetString[es_GT]" classname="org.apache.commons.collections4.MapUtilsTest" time="0"/>
  <testcase name="testPutAll_Map_array[es_GT]" classname="org.apache.commons.collections4.MapUtilsTest" time="0"/>
  <testcase name="testVerbosePrintSelfReference[es_GT]" classname="org.apache.commons.collections4.MapUtilsTest" time="0"/>
  <testcase name="testDebugPrintNullLabel[es_GT]" classname="org.apache.commons.collections4.MapUtilsTest" time="0"/>
  <testcase name="testgetFloatValue[es_GT]" classname="org.apache.commons.collections4.MapUtilsTest" time="0"/>
  <testcase name="testConvertResourceBundle[es_GT]" classname="org.apache.commons.collections4.MapUtilsTest" time="0"/>
  <testcase name="testOrderedMap[es_GT]" classname="org.apache.commons.collections4.MapUtilsTest" time="0"/>
  <testcase name="testDebugPrintNullLabelAndMap[es_GT]" classname="org.apache.commons.collections4.MapUtilsTest" time="0"/>
  <testcase name="testEmptyIfNull[es_GT]" classname="org.apache.commons.collections4.MapUtilsTest" time="0"/>
  <testcase name="testgetIntValue[es_GT]" classname="org.apache.commons.collections4.MapUtilsTest" time="0"/>
  <testcase name="testDebugPrintSelfReference[es_GT]" classname="org.apache.commons.collections4.MapUtilsTest" time="0"/>
  <testcase name="testIterableMap[es_GT]" classname="org.apache.commons.collections4.MapUtilsTest" time="0"/>
  <testcase name="testDebugAndVerbosePrintNullMap[es_GT]" classname="org.apache.commons.collections4.MapUtilsTest" time="0"/>
  <testcase name="testVerbosePrintNullLabel[es_GT]" classname="org.apache.commons.collections4.MapUtilsTest" time="0"/>
  <testcase name="testDebugPrintNullKey[es_GT]" classname="org.apache.commons.collections4.MapUtilsTest" time="0"/>
  <testcase name="testPredicatedMap[es_GT]" classname="org.apache.commons.collections4.MapUtilsTest" time="0"/>
  <testcase name="testgetLongValue[es_GT]" classname="org.apache.commons.collections4.MapUtilsTest" time="0"/>
  <testcase name="testVerbosePrintNullKeyToMap1[es_GT]" classname="org.apache.commons.collections4.MapUtilsTest" time="0"/>
  <testcase name="testVerbosePrintNullKeyToMap2[es_GT]" classname="org.apache.commons.collections4.MapUtilsTest" time="0"/>
  <testcase name="testPopulateMap[es_GT]" classname="org.apache.commons.collections4.MapUtilsTest" time="0"/>
  <testcase name="testToPropertiesEmpty[es_GT]" classname="org.apache.commons.collections4.MapUtilsTest" time="0"/>
  <testcase name="testPopulateMultiMap[es_GT]" classname="org.apache.commons.collections4.MapUtilsTest" time="0"/>
  <testcase name="testDebugPrintNullStream[es_GT]" classname="org.apache.commons.collections4.MapUtilsTest" time="0"/>
  <testcase name="testgetBooleanValue[es_GT]" classname="org.apache.commons.collections4.MapUtilsTest" time="0"/>
  <testcase name="testIsEmptyWithEmptyMap[es_GT]" classname="org.apache.commons.collections4.MapUtilsTest" time="0"/>
  <testcase name="testVerbosePrintNullKey[es_GT]" classname="org.apache.commons.collections4.MapUtilsTest" time="0"/>
  <testcase name="testSizeNull[es_GT]" classname="org.apache.commons.collections4.MapUtilsTest" time="0"/>
  <testcase name="testDebugPrintNullKeyToMap1[es_GT]" classname="org.apache.commons.collections4.MapUtilsTest" time="0"/>
  <testcase name="testDebugPrintNullKeyToMap2[es_GT]" classname="org.apache.commons.collections4.MapUtilsTest" time="0"/>
  <testcase name="testDebugPrint[es_GT]" classname="org.apache.commons.collections4.MapUtilsTest" time="0"/>
  <testcase name="testgetDoubleValue[es_GT]" classname="org.apache.commons.collections4.MapUtilsTest" time="0"/>
  <testcase name="testVerbosePrintNullStream[es_GT]" classname="org.apache.commons.collections4.MapUtilsTest" time="0"/>
  <testcase name="testVerbosePrintNullLabelAndMap[es_HN]" classname="org.apache.commons.collections4.MapUtilsTest" time="0"/>
  <testcase name="testgetMap[es_HN]" classname="org.apache.commons.collections4.MapUtilsTest" time="0"/>
  <testcase name="testToProperties[es_HN]" classname="org.apache.commons.collections4.MapUtilsTest" time="0"/>
  <testcase name="testgetShortValue[es_HN]" classname="org.apache.commons.collections4.MapUtilsTest" time="0"/>
  <testcase name="testIsEmptyWithNull[es_HN]" classname="org.apache.commons.collections4.MapUtilsTest" time="0"/>
  <testcase name="testVerbosePrint[es_HN]" classname="org.apache.commons.collections4.MapUtilsTest" time="0"/>
  <testcase name="testLazyMapFactory[es_HN]" classname="org.apache.commons.collections4.MapUtilsTest" time="0"/>
  <testcase name="testLazyMapTransformer[es_HN]" classname="org.apache.commons.collections4.MapUtilsTest" time="0"/>
  <testcase name="testSafeAddToMap[es_HN]" classname="org.apache.commons.collections4.MapUtilsTest" time="0"/>
  <testcase name="testIsEmptyWithNonEmptyMap[es_HN]" classname="org.apache.commons.collections4.MapUtilsTest" time="0"/>
  <testcase name="testInvertMap[es_HN]" classname="org.apache.commons.collections4.MapUtilsTest" time="0"/>
  <testcase name="testDebugAndVerbosePrintCasting[es_HN]" classname="org.apache.commons.collections4.MapUtilsTest" time="0"/>
  <testcase name="testIsNotEmptyWithNonEmptyMap[es_HN]" classname="org.apache.commons.collections4.MapUtilsTest" time="0"/>
  <testcase name="testgetByteValue[es_HN]" classname="org.apache.commons.collections4.MapUtilsTest" time="0"/>
  <testcase name="testSize0[es_HN]" classname="org.apache.commons.collections4.MapUtilsTest" time="0"/>
  <testcase name="testSize[es_HN]" classname="org.apache.commons.collections4.MapUtilsTest" time="0"/>
  <testcase name="testIsNotEmptyWithEmptyMap[es_HN]" classname="org.apache.commons.collections4.MapUtilsTest" time="0"/>
  <testcase name="testIsNotEmptyWithNull[es_HN]" classname="org.apache.commons.collections4.MapUtilsTest" time="0"/>
  <testcase name="testIterableSortedMap[es_HN]" classname="org.apache.commons.collections4.MapUtilsTest" time="0"/>
  <testcase name="testgetNumber[es_HN]" classname="org.apache.commons.collections4.MapUtilsTest" time="0"/>
  <testcase name="testgetObject[es_HN]" classname="org.apache.commons.collections4.MapUtilsTest" time="0"/>
  <testcase name="testgetString[es_HN]" classname="org.apache.commons.collections4.MapUtilsTest" time="0"/>
  <testcase name="testPutAll_Map_array[es_HN]" classname="org.apache.commons.collections4.MapUtilsTest" time="0.001"/>
  <testcase name="testVerbosePrintSelfReference[es_HN]" classname="org.apache.commons.collections4.MapUtilsTest" time="0"/>
  <testcase name="testDebugPrintNullLabel[es_HN]" classname="org.apache.commons.collections4.MapUtilsTest" time="0"/>
  <testcase name="testgetFloatValue[es_HN]" classname="org.apache.commons.collections4.MapUtilsTest" time="0"/>
  <testcase name="testConvertResourceBundle[es_HN]" classname="org.apache.commons.collections4.MapUtilsTest" time="0"/>
  <testcase name="testOrderedMap[es_HN]" classname="org.apache.commons.collections4.MapUtilsTest" time="0"/>
  <testcase name="testDebugPrintNullLabelAndMap[es_HN]" classname="org.apache.commons.collections4.MapUtilsTest" time="0"/>
  <testcase name="testEmptyIfNull[es_HN]" classname="org.apache.commons.collections4.MapUtilsTest" time="0"/>
  <testcase name="testgetIntValue[es_HN]" classname="org.apache.commons.collections4.MapUtilsTest" time="0"/>
  <testcase name="testDebugPrintSelfReference[es_HN]" classname="org.apache.commons.collections4.MapUtilsTest" time="0"/>
  <testcase name="testIterableMap[es_HN]" classname="org.apache.commons.collections4.MapUtilsTest" time="0"/>
  <testcase name="testDebugAndVerbosePrintNullMap[es_HN]" classname="org.apache.commons.collections4.MapUtilsTest" time="0"/>
  <testcase name="testVerbosePrintNullLabel[es_HN]" classname="org.apache.commons.collections4.MapUtilsTest" time="0"/>
  <testcase name="testDebugPrintNullKey[es_HN]" classname="org.apache.commons.collections4.MapUtilsTest" time="0"/>
  <testcase name="testPredicatedMap[es_HN]" classname="org.apache.commons.collections4.MapUtilsTest" time="0"/>
  <testcase name="testgetLongValue[es_HN]" classname="org.apache.commons.collections4.MapUtilsTest" time="0"/>
  <testcase name="testVerbosePrintNullKeyToMap1[es_HN]" classname="org.apache.commons.collections4.MapUtilsTest" time="0"/>
  <testcase name="testVerbosePrintNullKeyToMap2[es_HN]" classname="org.apache.commons.collections4.MapUtilsTest" time="0"/>
  <testcase name="testPopulateMap[es_HN]" classname="org.apache.commons.collections4.MapUtilsTest" time="0"/>
  <testcase name="testToPropertiesEmpty[es_HN]" classname="org.apache.commons.collections4.MapUtilsTest" time="0"/>
  <testcase name="testPopulateMultiMap[es_HN]" classname="org.apache.commons.collections4.MapUtilsTest" time="0"/>
  <testcase name="testDebugPrintNullStream[es_HN]" classname="org.apache.commons.collections4.MapUtilsTest" time="0"/>
  <testcase name="testgetBooleanValue[es_HN]" classname="org.apache.commons.collections4.MapUtilsTest" time="0"/>
  <testcase name="testIsEmptyWithEmptyMap[es_HN]" classname="org.apache.commons.collections4.MapUtilsTest" time="0"/>
  <testcase name="testVerbosePrintNullKey[es_HN]" classname="org.apache.commons.collections4.MapUtilsTest" time="0"/>
  <testcase name="testSizeNull[es_HN]" classname="org.apache.commons.collections4.MapUtilsTest" time="0"/>
  <testcase name="testDebugPrintNullKeyToMap1[es_HN]" classname="org.apache.commons.collections4.MapUtilsTest" time="0"/>
  <testcase name="testDebugPrintNullKeyToMap2[es_HN]" classname="org.apache.commons.collections4.MapUtilsTest" time="0"/>
  <testcase name="testDebugPrint[es_HN]" classname="org.apache.commons.collections4.MapUtilsTest" time="0"/>
  <testcase name="testgetDoubleValue[es_HN]" classname="org.apache.commons.collections4.MapUtilsTest" time="0"/>
  <testcase name="testVerbosePrintNullStream[es_HN]" classname="org.apache.commons.collections4.MapUtilsTest" time="0"/>
  <testcase name="testVerbosePrintNullLabelAndMap[es_MX]" classname="org.apache.commons.collections4.MapUtilsTest" time="0"/>
  <testcase name="testgetMap[es_MX]" classname="org.apache.commons.collections4.MapUtilsTest" time="0"/>
  <testcase name="testToProperties[es_MX]" classname="org.apache.commons.collections4.MapUtilsTest" time="0"/>
  <testcase name="testgetShortValue[es_MX]" classname="org.apache.commons.collections4.MapUtilsTest" time="0.001"/>
  <testcase name="testIsEmptyWithNull[es_MX]" classname="org.apache.commons.collections4.MapUtilsTest" time="0"/>
  <testcase name="testVerbosePrint[es_MX]" classname="org.apache.commons.collections4.MapUtilsTest" time="0"/>
  <testcase name="testLazyMapFactory[es_MX]" classname="org.apache.commons.collections4.MapUtilsTest" time="0"/>
  <testcase name="testLazyMapTransformer[es_MX]" classname="org.apache.commons.collections4.MapUtilsTest" time="0"/>
  <testcase name="testSafeAddToMap[es_MX]" classname="org.apache.commons.collections4.MapUtilsTest" time="0"/>
  <testcase name="testIsEmptyWithNonEmptyMap[es_MX]" classname="org.apache.commons.collections4.MapUtilsTest" time="0"/>
  <testcase name="testInvertMap[es_MX]" classname="org.apache.commons.collections4.MapUtilsTest" time="0"/>
  <testcase name="testDebugAndVerbosePrintCasting[es_MX]" classname="org.apache.commons.collections4.MapUtilsTest" time="0"/>
  <testcase name="testIsNotEmptyWithNonEmptyMap[es_MX]" classname="org.apache.commons.collections4.MapUtilsTest" time="0"/>
  <testcase name="testgetByteValue[es_MX]" classname="org.apache.commons.collections4.MapUtilsTest" time="0"/>
  <testcase name="testSize0[es_MX]" classname="org.apache.commons.collections4.MapUtilsTest" time="0"/>
  <testcase name="testSize[es_MX]" classname="org.apache.commons.collections4.MapUtilsTest" time="0"/>
  <testcase name="testIsNotEmptyWithEmptyMap[es_MX]" classname="org.apache.commons.collections4.MapUtilsTest" time="0"/>
  <testcase name="testIsNotEmptyWithNull[es_MX]" classname="org.apache.commons.collections4.MapUtilsTest" time="0"/>
  <testcase name="testIterableSortedMap[es_MX]" classname="org.apache.commons.collections4.MapUtilsTest" time="0"/>
  <testcase name="testgetNumber[es_MX]" classname="org.apache.commons.collections4.MapUtilsTest" time="0"/>
  <testcase name="testgetObject[es_MX]" classname="org.apache.commons.collections4.MapUtilsTest" time="0"/>
  <testcase name="testgetString[es_MX]" classname="org.apache.commons.collections4.MapUtilsTest" time="0"/>
  <testcase name="testPutAll_Map_array[es_MX]" classname="org.apache.commons.collections4.MapUtilsTest" time="0"/>
  <testcase name="testVerbosePrintSelfReference[es_MX]" classname="org.apache.commons.collections4.MapUtilsTest" time="0"/>
  <testcase name="testDebugPrintNullLabel[es_MX]" classname="org.apache.commons.collections4.MapUtilsTest" time="0"/>
  <testcase name="testgetFloatValue[es_MX]" classname="org.apache.commons.collections4.MapUtilsTest" time="0"/>
  <testcase name="testConvertResourceBundle[es_MX]" classname="org.apache.commons.collections4.MapUtilsTest" time="0"/>
  <testcase name="testOrderedMap[es_MX]" classname="org.apache.commons.collections4.MapUtilsTest" time="0"/>
  <testcase name="testDebugPrintNullLabelAndMap[es_MX]" classname="org.apache.commons.collections4.MapUtilsTest" time="0"/>
  <testcase name="testEmptyIfNull[es_MX]" classname="org.apache.commons.collections4.MapUtilsTest" time="0"/>
  <testcase name="testgetIntValue[es_MX]" classname="org.apache.commons.collections4.MapUtilsTest" time="0.001"/>
  <testcase name="testDebugPrintSelfReference[es_MX]" classname="org.apache.commons.collections4.MapUtilsTest" time="0"/>
  <testcase name="testIterableMap[es_MX]" classname="org.apache.commons.collections4.MapUtilsTest" time="0"/>
  <testcase name="testDebugAndVerbosePrintNullMap[es_MX]" classname="org.apache.commons.collections4.MapUtilsTest" time="0"/>
  <testcase name="testVerbosePrintNullLabel[es_MX]" classname="org.apache.commons.collections4.MapUtilsTest" time="0"/>
  <testcase name="testDebugPrintNullKey[es_MX]" classname="org.apache.commons.collections4.MapUtilsTest" time="0"/>
  <testcase name="testPredicatedMap[es_MX]" classname="org.apache.commons.collections4.MapUtilsTest" time="0"/>
  <testcase name="testgetLongValue[es_MX]" classname="org.apache.commons.collections4.MapUtilsTest" time="0"/>
  <testcase name="testVerbosePrintNullKeyToMap1[es_MX]" classname="org.apache.commons.collections4.MapUtilsTest" time="0"/>
  <testcase name="testVerbosePrintNullKeyToMap2[es_MX]" classname="org.apache.commons.collections4.MapUtilsTest" time="0"/>
  <testcase name="testPopulateMap[es_MX]" classname="org.apache.commons.collections4.MapUtilsTest" time="0"/>
  <testcase name="testToPropertiesEmpty[es_MX]" classname="org.apache.commons.collections4.MapUtilsTest" time="0"/>
  <testcase name="testPopulateMultiMap[es_MX]" classname="org.apache.commons.collections4.MapUtilsTest" time="0"/>
  <testcase name="testDebugPrintNullStream[es_MX]" classname="org.apache.commons.collections4.MapUtilsTest" time="0"/>
  <testcase name="testgetBooleanValue[es_MX]" classname="org.apache.commons.collections4.MapUtilsTest" time="0"/>
  <testcase name="testIsEmptyWithEmptyMap[es_MX]" classname="org.apache.commons.collections4.MapUtilsTest" time="0"/>
  <testcase name="testVerbosePrintNullKey[es_MX]" classname="org.apache.commons.collections4.MapUtilsTest" time="0"/>
  <testcase name="testSizeNull[es_MX]" classname="org.apache.commons.collections4.MapUtilsTest" time="0"/>
  <testcase name="testDebugPrintNullKeyToMap1[es_MX]" classname="org.apache.commons.collections4.MapUtilsTest" time="0"/>
  <testcase name="testDebugPrintNullKeyToMap2[es_MX]" classname="org.apache.commons.collections4.MapUtilsTest" time="0"/>
  <testcase name="testDebugPrint[es_MX]" classname="org.apache.commons.collections4.MapUtilsTest" time="0"/>
  <testcase name="testgetDoubleValue[es_MX]" classname="org.apache.commons.collections4.MapUtilsTest" time="0"/>
  <testcase name="testVerbosePrintNullStream[es_MX]" classname="org.apache.commons.collections4.MapUtilsTest" time="0"/>
  <testcase name="testVerbosePrintNullLabelAndMap[es_NI]" classname="org.apache.commons.collections4.MapUtilsTest" time="0"/>
  <testcase name="testgetMap[es_NI]" classname="org.apache.commons.collections4.MapUtilsTest" time="0"/>
  <testcase name="testToProperties[es_NI]" classname="org.apache.commons.collections4.MapUtilsTest" time="0"/>
  <testcase name="testgetShortValue[es_NI]" classname="org.apache.commons.collections4.MapUtilsTest" time="0.001"/>
  <testcase name="testIsEmptyWithNull[es_NI]" classname="org.apache.commons.collections4.MapUtilsTest" time="0"/>
  <testcase name="testVerbosePrint[es_NI]" classname="org.apache.commons.collections4.MapUtilsTest" time="0"/>
  <testcase name="testLazyMapFactory[es_NI]" classname="org.apache.commons.collections4.MapUtilsTest" time="0"/>
  <testcase name="testLazyMapTransformer[es_NI]" classname="org.apache.commons.collections4.MapUtilsTest" time="0"/>
  <testcase name="testSafeAddToMap[es_NI]" classname="org.apache.commons.collections4.MapUtilsTest" time="0"/>
  <testcase name="testIsEmptyWithNonEmptyMap[es_NI]" classname="org.apache.commons.collections4.MapUtilsTest" time="0"/>
  <testcase name="testInvertMap[es_NI]" classname="org.apache.commons.collections4.MapUtilsTest" time="0"/>
  <testcase name="testDebugAndVerbosePrintCasting[es_NI]" classname="org.apache.commons.collections4.MapUtilsTest" time="0"/>
  <testcase name="testIsNotEmptyWithNonEmptyMap[es_NI]" classname="org.apache.commons.collections4.MapUtilsTest" time="0"/>
  <testcase name="testgetByteValue[es_NI]" classname="org.apache.commons.collections4.MapUtilsTest" time="0"/>
  <testcase name="testSize0[es_NI]" classname="org.apache.commons.collections4.MapUtilsTest" time="0"/>
  <testcase name="testSize[es_NI]" classname="org.apache.commons.collections4.MapUtilsTest" time="0"/>
  <testcase name="testIsNotEmptyWithEmptyMap[es_NI]" classname="org.apache.commons.collections4.MapUtilsTest" time="0"/>
  <testcase name="testIsNotEmptyWithNull[es_NI]" classname="org.apache.commons.collections4.MapUtilsTest" time="0"/>
  <testcase name="testIterableSortedMap[es_NI]" classname="org.apache.commons.collections4.MapUtilsTest" time="0"/>
  <testcase name="testgetNumber[es_NI]" classname="org.apache.commons.collections4.MapUtilsTest" time="0"/>
  <testcase name="testgetObject[es_NI]" classname="org.apache.commons.collections4.MapUtilsTest" time="0"/>
  <testcase name="testgetString[es_NI]" classname="org.apache.commons.collections4.MapUtilsTest" time="0"/>
  <testcase name="testPutAll_Map_array[es_NI]" classname="org.apache.commons.collections4.MapUtilsTest" time="0"/>
  <testcase name="testVerbosePrintSelfReference[es_NI]" classname="org.apache.commons.collections4.MapUtilsTest" time="0"/>
  <testcase name="testDebugPrintNullLabel[es_NI]" classname="org.apache.commons.collections4.MapUtilsTest" time="0"/>
  <testcase name="testgetFloatValue[es_NI]" classname="org.apache.commons.collections4.MapUtilsTest" time="0"/>
  <testcase name="testConvertResourceBundle[es_NI]" classname="org.apache.commons.collections4.MapUtilsTest" time="0"/>
  <testcase name="testOrderedMap[es_NI]" classname="org.apache.commons.collections4.MapUtilsTest" time="0"/>
  <testcase name="testDebugPrintNullLabelAndMap[es_NI]" classname="org.apache.commons.collections4.MapUtilsTest" time="0"/>
  <testcase name="testEmptyIfNull[es_NI]" classname="org.apache.commons.collections4.MapUtilsTest" time="0"/>
  <testcase name="testgetIntValue[es_NI]" classname="org.apache.commons.collections4.MapUtilsTest" time="0"/>
  <testcase name="testDebugPrintSelfReference[es_NI]" classname="org.apache.commons.collections4.MapUtilsTest" time="0"/>
  <testcase name="testIterableMap[es_NI]" classname="org.apache.commons.collections4.MapUtilsTest" time="0"/>
  <testcase name="testDebugAndVerbosePrintNullMap[es_NI]" classname="org.apache.commons.collections4.MapUtilsTest" time="0"/>
  <testcase name="testVerbosePrintNullLabel[es_NI]" classname="org.apache.commons.collections4.MapUtilsTest" time="0"/>
  <testcase name="testDebugPrintNullKey[es_NI]" classname="org.apache.commons.collections4.MapUtilsTest" time="0"/>
  <testcase name="testPredicatedMap[es_NI]" classname="org.apache.commons.collections4.MapUtilsTest" time="0"/>
  <testcase name="testgetLongValue[es_NI]" classname="org.apache.commons.collections4.MapUtilsTest" time="0.001"/>
  <testcase name="testVerbosePrintNullKeyToMap1[es_NI]" classname="org.apache.commons.collections4.MapUtilsTest" time="0"/>
  <testcase name="testVerbosePrintNullKeyToMap2[es_NI]" classname="org.apache.commons.collections4.MapUtilsTest" time="0"/>
  <testcase name="testPopulateMap[es_NI]" classname="org.apache.commons.collections4.MapUtilsTest" time="0"/>
  <testcase name="testToPropertiesEmpty[es_NI]" classname="org.apache.commons.collections4.MapUtilsTest" time="0"/>
  <testcase name="testPopulateMultiMap[es_NI]" classname="org.apache.commons.collections4.MapUtilsTest" time="0"/>
  <testcase name="testDebugPrintNullStream[es_NI]" classname="org.apache.commons.collections4.MapUtilsTest" time="0"/>
  <testcase name="testgetBooleanValue[es_NI]" classname="org.apache.commons.collections4.MapUtilsTest" time="0"/>
  <testcase name="testIsEmptyWithEmptyMap[es_NI]" classname="org.apache.commons.collections4.MapUtilsTest" time="0"/>
  <testcase name="testVerbosePrintNullKey[es_NI]" classname="org.apache.commons.collections4.MapUtilsTest" time="0"/>
  <testcase name="testSizeNull[es_NI]" classname="org.apache.commons.collections4.MapUtilsTest" time="0"/>
  <testcase name="testDebugPrintNullKeyToMap1[es_NI]" classname="org.apache.commons.collections4.MapUtilsTest" time="0"/>
  <testcase name="testDebugPrintNullKeyToMap2[es_NI]" classname="org.apache.commons.collections4.MapUtilsTest" time="0"/>
  <testcase name="testDebugPrint[es_NI]" classname="org.apache.commons.collections4.MapUtilsTest" time="0"/>
  <testcase name="testgetDoubleValue[es_NI]" classname="org.apache.commons.collections4.MapUtilsTest" time="0"/>
  <testcase name="testVerbosePrintNullStream[es_NI]" classname="org.apache.commons.collections4.MapUtilsTest" time="0"/>
  <testcase name="testVerbosePrintNullLabelAndMap[es_PA]" classname="org.apache.commons.collections4.MapUtilsTest" time="0"/>
  <testcase name="testgetMap[es_PA]" classname="org.apache.commons.collections4.MapUtilsTest" time="0"/>
  <testcase name="testToProperties[es_PA]" classname="org.apache.commons.collections4.MapUtilsTest" time="0"/>
  <testcase name="testgetShortValue[es_PA]" classname="org.apache.commons.collections4.MapUtilsTest" time="0.001"/>
  <testcase name="testIsEmptyWithNull[es_PA]" classname="org.apache.commons.collections4.MapUtilsTest" time="0"/>
  <testcase name="testVerbosePrint[es_PA]" classname="org.apache.commons.collections4.MapUtilsTest" time="0"/>
  <testcase name="testLazyMapFactory[es_PA]" classname="org.apache.commons.collections4.MapUtilsTest" time="0"/>
  <testcase name="testLazyMapTransformer[es_PA]" classname="org.apache.commons.collections4.MapUtilsTest" time="0"/>
  <testcase name="testSafeAddToMap[es_PA]" classname="org.apache.commons.collections4.MapUtilsTest" time="0"/>
  <testcase name="testIsEmptyWithNonEmptyMap[es_PA]" classname="org.apache.commons.collections4.MapUtilsTest" time="0"/>
  <testcase name="testInvertMap[es_PA]" classname="org.apache.commons.collections4.MapUtilsTest" time="0"/>
  <testcase name="testDebugAndVerbosePrintCasting[es_PA]" classname="org.apache.commons.collections4.MapUtilsTest" time="0"/>
  <testcase name="testIsNotEmptyWithNonEmptyMap[es_PA]" classname="org.apache.commons.collections4.MapUtilsTest" time="0"/>
  <testcase name="testgetByteValue[es_PA]" classname="org.apache.commons.collections4.MapUtilsTest" time="0"/>
  <testcase name="testSize0[es_PA]" classname="org.apache.commons.collections4.MapUtilsTest" time="0"/>
  <testcase name="testSize[es_PA]" classname="org.apache.commons.collections4.MapUtilsTest" time="0"/>
  <testcase name="testIsNotEmptyWithEmptyMap[es_PA]" classname="org.apache.commons.collections4.MapUtilsTest" time="0"/>
  <testcase name="testIsNotEmptyWithNull[es_PA]" classname="org.apache.commons.collections4.MapUtilsTest" time="0"/>
  <testcase name="testIterableSortedMap[es_PA]" classname="org.apache.commons.collections4.MapUtilsTest" time="0"/>
  <testcase name="testgetNumber[es_PA]" classname="org.apache.commons.collections4.MapUtilsTest" time="0"/>
  <testcase name="testgetObject[es_PA]" classname="org.apache.commons.collections4.MapUtilsTest" time="0"/>
  <testcase name="testgetString[es_PA]" classname="org.apache.commons.collections4.MapUtilsTest" time="0"/>
  <testcase name="testPutAll_Map_array[es_PA]" classname="org.apache.commons.collections4.MapUtilsTest" time="0"/>
  <testcase name="testVerbosePrintSelfReference[es_PA]" classname="org.apache.commons.collections4.MapUtilsTest" time="0"/>
  <testcase name="testDebugPrintNullLabel[es_PA]" classname="org.apache.commons.collections4.MapUtilsTest" time="0"/>
  <testcase name="testgetFloatValue[es_PA]" classname="org.apache.commons.collections4.MapUtilsTest" time="0"/>
  <testcase name="testConvertResourceBundle[es_PA]" classname="org.apache.commons.collections4.MapUtilsTest" time="0"/>
  <testcase name="testOrderedMap[es_PA]" classname="org.apache.commons.collections4.MapUtilsTest" time="0"/>
  <testcase name="testDebugPrintNullLabelAndMap[es_PA]" classname="org.apache.commons.collections4.MapUtilsTest" time="0"/>
  <testcase name="testEmptyIfNull[es_PA]" classname="org.apache.commons.collections4.MapUtilsTest" time="0"/>
  <testcase name="testgetIntValue[es_PA]" classname="org.apache.commons.collections4.MapUtilsTest" time="0"/>
  <testcase name="testDebugPrintSelfReference[es_PA]" classname="org.apache.commons.collections4.MapUtilsTest" time="0"/>
  <testcase name="testIterableMap[es_PA]" classname="org.apache.commons.collections4.MapUtilsTest" time="0"/>
  <testcase name="testDebugAndVerbosePrintNullMap[es_PA]" classname="org.apache.commons.collections4.MapUtilsTest" time="0"/>
  <testcase name="testVerbosePrintNullLabel[es_PA]" classname="org.apache.commons.collections4.MapUtilsTest" time="0"/>
  <testcase name="testDebugPrintNullKey[es_PA]" classname="org.apache.commons.collections4.MapUtilsTest" time="0"/>
  <testcase name="testPredicatedMap[es_PA]" classname="org.apache.commons.collections4.MapUtilsTest" time="0"/>
  <testcase name="testgetLongValue[es_PA]" classname="org.apache.commons.collections4.MapUtilsTest" time="0"/>
  <testcase name="testVerbosePrintNullKeyToMap1[es_PA]" classname="org.apache.commons.collections4.MapUtilsTest" time="0"/>
  <testcase name="testVerbosePrintNullKeyToMap2[es_PA]" classname="org.apache.commons.collections4.MapUtilsTest" time="0"/>
  <testcase name="testPopulateMap[es_PA]" classname="org.apache.commons.collections4.MapUtilsTest" time="0"/>
  <testcase name="testToPropertiesEmpty[es_PA]" classname="org.apache.commons.collections4.MapUtilsTest" time="0"/>
  <testcase name="testPopulateMultiMap[es_PA]" classname="org.apache.commons.collections4.MapUtilsTest" time="0"/>
  <testcase name="testDebugPrintNullStream[es_PA]" classname="org.apache.commons.collections4.MapUtilsTest" time="0.001"/>
  <testcase name="testgetBooleanValue[es_PA]" classname="org.apache.commons.collections4.MapUtilsTest" time="0"/>
  <testcase name="testIsEmptyWithEmptyMap[es_PA]" classname="org.apache.commons.collections4.MapUtilsTest" time="0"/>
  <testcase name="testVerbosePrintNullKey[es_PA]" classname="org.apache.commons.collections4.MapUtilsTest" time="0"/>
  <testcase name="testSizeNull[es_PA]" classname="org.apache.commons.collections4.MapUtilsTest" time="0"/>
  <testcase name="testDebugPrintNullKeyToMap1[es_PA]" classname="org.apache.commons.collections4.MapUtilsTest" time="0"/>
  <testcase name="testDebugPrintNullKeyToMap2[es_PA]" classname="org.apache.commons.collections4.MapUtilsTest" time="0"/>
  <testcase name="testDebugPrint[es_PA]" classname="org.apache.commons.collections4.MapUtilsTest" time="0"/>
  <testcase name="testgetDoubleValue[es_PA]" classname="org.apache.commons.collections4.MapUtilsTest" time="0"/>
  <testcase name="testVerbosePrintNullStream[es_PA]" classname="org.apache.commons.collections4.MapUtilsTest" time="0"/>
  <testcase name="testVerbosePrintNullLabelAndMap[es_PE]" classname="org.apache.commons.collections4.MapUtilsTest" time="0"/>
  <testcase name="testgetMap[es_PE]" classname="org.apache.commons.collections4.MapUtilsTest" time="0"/>
  <testcase name="testToProperties[es_PE]" classname="org.apache.commons.collections4.MapUtilsTest" time="0"/>
  <testcase name="testgetShortValue[es_PE]" classname="org.apache.commons.collections4.MapUtilsTest" time="0"/>
  <testcase name="testIsEmptyWithNull[es_PE]" classname="org.apache.commons.collections4.MapUtilsTest" time="0"/>
  <testcase name="testVerbosePrint[es_PE]" classname="org.apache.commons.collections4.MapUtilsTest" time="0"/>
  <testcase name="testLazyMapFactory[es_PE]" classname="org.apache.commons.collections4.MapUtilsTest" time="0"/>
  <testcase name="testLazyMapTransformer[es_PE]" classname="org.apache.commons.collections4.MapUtilsTest" time="0"/>
  <testcase name="testSafeAddToMap[es_PE]" classname="org.apache.commons.collections4.MapUtilsTest" time="0"/>
  <testcase name="testIsEmptyWithNonEmptyMap[es_PE]" classname="org.apache.commons.collections4.MapUtilsTest" time="0"/>
  <testcase name="testInvertMap[es_PE]" classname="org.apache.commons.collections4.MapUtilsTest" time="0"/>
  <testcase name="testDebugAndVerbosePrintCasting[es_PE]" classname="org.apache.commons.collections4.MapUtilsTest" time="0.001"/>
  <testcase name="testIsNotEmptyWithNonEmptyMap[es_PE]" classname="org.apache.commons.collections4.MapUtilsTest" time="0"/>
  <testcase name="testgetByteValue[es_PE]" classname="org.apache.commons.collections4.MapUtilsTest" time="0"/>
  <testcase name="testSize0[es_PE]" classname="org.apache.commons.collections4.MapUtilsTest" time="0"/>
  <testcase name="testSize[es_PE]" classname="org.apache.commons.collections4.MapUtilsTest" time="0"/>
  <testcase name="testIsNotEmptyWithEmptyMap[es_PE]" classname="org.apache.commons.collections4.MapUtilsTest" time="0"/>
  <testcase name="testIsNotEmptyWithNull[es_PE]" classname="org.apache.commons.collections4.MapUtilsTest" time="0"/>
  <testcase name="testIterableSortedMap[es_PE]" classname="org.apache.commons.collections4.MapUtilsTest" time="0"/>
  <testcase name="testgetNumber[es_PE]" classname="org.apache.commons.collections4.MapUtilsTest" time="0"/>
  <testcase name="testgetObject[es_PE]" classname="org.apache.commons.collections4.MapUtilsTest" time="0"/>
  <testcase name="testgetString[es_PE]" classname="org.apache.commons.collections4.MapUtilsTest" time="0"/>
  <testcase name="testPutAll_Map_array[es_PE]" classname="org.apache.commons.collections4.MapUtilsTest" time="0"/>
  <testcase name="testVerbosePrintSelfReference[es_PE]" classname="org.apache.commons.collections4.MapUtilsTest" time="0"/>
  <testcase name="testDebugPrintNullLabel[es_PE]" classname="org.apache.commons.collections4.MapUtilsTest" time="0"/>
  <testcase name="testgetFloatValue[es_PE]" classname="org.apache.commons.collections4.MapUtilsTest" time="0"/>
  <testcase name="testConvertResourceBundle[es_PE]" classname="org.apache.commons.collections4.MapUtilsTest" time="0"/>
  <testcase name="testOrderedMap[es_PE]" classname="org.apache.commons.collections4.MapUtilsTest" time="0"/>
  <testcase name="testDebugPrintNullLabelAndMap[es_PE]" classname="org.apache.commons.collections4.MapUtilsTest" time="0"/>
  <testcase name="testEmptyIfNull[es_PE]" classname="org.apache.commons.collections4.MapUtilsTest" time="0"/>
  <testcase name="testgetIntValue[es_PE]" classname="org.apache.commons.collections4.MapUtilsTest" time="0"/>
  <testcase name="testDebugPrintSelfReference[es_PE]" classname="org.apache.commons.collections4.MapUtilsTest" time="0"/>
  <testcase name="testIterableMap[es_PE]" classname="org.apache.commons.collections4.MapUtilsTest" time="0"/>
  <testcase name="testDebugAndVerbosePrintNullMap[es_PE]" classname="org.apache.commons.collections4.MapUtilsTest" time="0"/>
  <testcase name="testVerbosePrintNullLabel[es_PE]" classname="org.apache.commons.collections4.MapUtilsTest" time="0"/>
  <testcase name="testDebugPrintNullKey[es_PE]" classname="org.apache.commons.collections4.MapUtilsTest" time="0"/>
  <testcase name="testPredicatedMap[es_PE]" classname="org.apache.commons.collections4.MapUtilsTest" time="0"/>
  <testcase name="testgetLongValue[es_PE]" classname="org.apache.commons.collections4.MapUtilsTest" time="0"/>
  <testcase name="testVerbosePrintNullKeyToMap1[es_PE]" classname="org.apache.commons.collections4.MapUtilsTest" time="0"/>
  <testcase name="testVerbosePrintNullKeyToMap2[es_PE]" classname="org.apache.commons.collections4.MapUtilsTest" time="0"/>
  <testcase name="testPopulateMap[es_PE]" classname="org.apache.commons.collections4.MapUtilsTest" time="0"/>
  <testcase name="testToPropertiesEmpty[es_PE]" classname="org.apache.commons.collections4.MapUtilsTest" time="0"/>
  <testcase name="testPopulateMultiMap[es_PE]" classname="org.apache.commons.collections4.MapUtilsTest" time="0"/>
  <testcase name="testDebugPrintNullStream[es_PE]" classname="org.apache.commons.collections4.MapUtilsTest" time="0"/>
  <testcase name="testgetBooleanValue[es_PE]" classname="org.apache.commons.collections4.MapUtilsTest" time="0"/>
  <testcase name="testIsEmptyWithEmptyMap[es_PE]" classname="org.apache.commons.collections4.MapUtilsTest" time="0"/>
  <testcase name="testVerbosePrintNullKey[es_PE]" classname="org.apache.commons.collections4.MapUtilsTest" time="0"/>
  <testcase name="testSizeNull[es_PE]" classname="org.apache.commons.collections4.MapUtilsTest" time="0"/>
  <testcase name="testDebugPrintNullKeyToMap1[es_PE]" classname="org.apache.commons.collections4.MapUtilsTest" time="0"/>
  <testcase name="testDebugPrintNullKeyToMap2[es_PE]" classname="org.apache.commons.collections4.MapUtilsTest" time="0"/>
  <testcase name="testDebugPrint[es_PE]" classname="org.apache.commons.collections4.MapUtilsTest" time="0"/>
  <testcase name="testgetDoubleValue[es_PE]" classname="org.apache.commons.collections4.MapUtilsTest" time="0"/>
  <testcase name="testVerbosePrintNullStream[es_PE]" classname="org.apache.commons.collections4.MapUtilsTest" time="0"/>
  <testcase name="testVerbosePrintNullLabelAndMap[es_PR]" classname="org.apache.commons.collections4.MapUtilsTest" time="0"/>
  <testcase name="testgetMap[es_PR]" classname="org.apache.commons.collections4.MapUtilsTest" time="0"/>
  <testcase name="testToProperties[es_PR]" classname="org.apache.commons.collections4.MapUtilsTest" time="0"/>
  <testcase name="testgetShortValue[es_PR]" classname="org.apache.commons.collections4.MapUtilsTest" time="0"/>
  <testcase name="testIsEmptyWithNull[es_PR]" classname="org.apache.commons.collections4.MapUtilsTest" time="0"/>
  <testcase name="testVerbosePrint[es_PR]" classname="org.apache.commons.collections4.MapUtilsTest" time="0"/>
  <testcase name="testLazyMapFactory[es_PR]" classname="org.apache.commons.collections4.MapUtilsTest" time="0"/>
  <testcase name="testLazyMapTransformer[es_PR]" classname="org.apache.commons.collections4.MapUtilsTest" time="0"/>
  <testcase name="testSafeAddToMap[es_PR]" classname="org.apache.commons.collections4.MapUtilsTest" time="0"/>
  <testcase name="testIsEmptyWithNonEmptyMap[es_PR]" classname="org.apache.commons.collections4.MapUtilsTest" time="0"/>
  <testcase name="testInvertMap[es_PR]" classname="org.apache.commons.collections4.MapUtilsTest" time="0"/>
  <testcase name="testDebugAndVerbosePrintCasting[es_PR]" classname="org.apache.commons.collections4.MapUtilsTest" time="0"/>
  <testcase name="testIsNotEmptyWithNonEmptyMap[es_PR]" classname="org.apache.commons.collections4.MapUtilsTest" time="0"/>
  <testcase name="testgetByteValue[es_PR]" classname="org.apache.commons.collections4.MapUtilsTest" time="0"/>
  <testcase name="testSize0[es_PR]" classname="org.apache.commons.collections4.MapUtilsTest" time="0"/>
  <testcase name="testSize[es_PR]" classname="org.apache.commons.collections4.MapUtilsTest" time="0"/>
  <testcase name="testIsNotEmptyWithEmptyMap[es_PR]" classname="org.apache.commons.collections4.MapUtilsTest" time="0"/>
  <testcase name="testIsNotEmptyWithNull[es_PR]" classname="org.apache.commons.collections4.MapUtilsTest" time="0"/>
  <testcase name="testIterableSortedMap[es_PR]" classname="org.apache.commons.collections4.MapUtilsTest" time="0"/>
  <testcase name="testgetNumber[es_PR]" classname="org.apache.commons.collections4.MapUtilsTest" time="0"/>
  <testcase name="testgetObject[es_PR]" classname="org.apache.commons.collections4.MapUtilsTest" time="0"/>
  <testcase name="testgetString[es_PR]" classname="org.apache.commons.collections4.MapUtilsTest" time="0"/>
  <testcase name="testPutAll_Map_array[es_PR]" classname="org.apache.commons.collections4.MapUtilsTest" time="0"/>
  <testcase name="testVerbosePrintSelfReference[es_PR]" classname="org.apache.commons.collections4.MapUtilsTest" time="0"/>
  <testcase name="testDebugPrintNullLabel[es_PR]" classname="org.apache.commons.collections4.MapUtilsTest" time="0"/>
  <testcase name="testgetFloatValue[es_PR]" classname="org.apache.commons.collections4.MapUtilsTest" time="0"/>
  <testcase name="testConvertResourceBundle[es_PR]" classname="org.apache.commons.collections4.MapUtilsTest" time="0"/>
  <testcase name="testOrderedMap[es_PR]" classname="org.apache.commons.collections4.MapUtilsTest" time="0"/>
  <testcase name="testDebugPrintNullLabelAndMap[es_PR]" classname="org.apache.commons.collections4.MapUtilsTest" time="0"/>
  <testcase name="testEmptyIfNull[es_PR]" classname="org.apache.commons.collections4.MapUtilsTest" time="0"/>
  <testcase name="testgetIntValue[es_PR]" classname="org.apache.commons.collections4.MapUtilsTest" time="0"/>
  <testcase name="testDebugPrintSelfReference[es_PR]" classname="org.apache.commons.collections4.MapUtilsTest" time="0"/>
  <testcase name="testIterableMap[es_PR]" classname="org.apache.commons.collections4.MapUtilsTest" time="0"/>
  <testcase name="testDebugAndVerbosePrintNullMap[es_PR]" classname="org.apache.commons.collections4.MapUtilsTest" time="0"/>
  <testcase name="testVerbosePrintNullLabel[es_PR]" classname="org.apache.commons.collections4.MapUtilsTest" time="0"/>
  <testcase name="testDebugPrintNullKey[es_PR]" classname="org.apache.commons.collections4.MapUtilsTest" time="0"/>
  <testcase name="testPredicatedMap[es_PR]" classname="org.apache.commons.collections4.MapUtilsTest" time="0"/>
  <testcase name="testgetLongValue[es_PR]" classname="org.apache.commons.collections4.MapUtilsTest" time="0"/>
  <testcase name="testVerbosePrintNullKeyToMap1[es_PR]" classname="org.apache.commons.collections4.MapUtilsTest" time="0"/>
  <testcase name="testVerbosePrintNullKeyToMap2[es_PR]" classname="org.apache.commons.collections4.MapUtilsTest" time="0"/>
  <testcase name="testPopulateMap[es_PR]" classname="org.apache.commons.collections4.MapUtilsTest" time="0"/>
  <testcase name="testToPropertiesEmpty[es_PR]" classname="org.apache.commons.collections4.MapUtilsTest" time="0"/>
  <testcase name="testPopulateMultiMap[es_PR]" classname="org.apache.commons.collections4.MapUtilsTest" time="0"/>
  <testcase name="testDebugPrintNullStream[es_PR]" classname="org.apache.commons.collections4.MapUtilsTest" time="0"/>
  <testcase name="testgetBooleanValue[es_PR]" classname="org.apache.commons.collections4.MapUtilsTest" time="0"/>
  <testcase name="testIsEmptyWithEmptyMap[es_PR]" classname="org.apache.commons.collections4.MapUtilsTest" time="0"/>
  <testcase name="testVerbosePrintNullKey[es_PR]" classname="org.apache.commons.collections4.MapUtilsTest" time="0"/>
  <testcase name="testSizeNull[es_PR]" classname="org.apache.commons.collections4.MapUtilsTest" time="0"/>
  <testcase name="testDebugPrintNullKeyToMap1[es_PR]" classname="org.apache.commons.collections4.MapUtilsTest" time="0"/>
  <testcase name="testDebugPrintNullKeyToMap2[es_PR]" classname="org.apache.commons.collections4.MapUtilsTest" time="0"/>
  <testcase name="testDebugPrint[es_PR]" classname="org.apache.commons.collections4.MapUtilsTest" time="0"/>
  <testcase name="testgetDoubleValue[es_PR]" classname="org.apache.commons.collections4.MapUtilsTest" time="0"/>
  <testcase name="testVerbosePrintNullStream[es_PR]" classname="org.apache.commons.collections4.MapUtilsTest" time="0"/>
  <testcase name="testVerbosePrintNullLabelAndMap[es_PY]" classname="org.apache.commons.collections4.MapUtilsTest" time="0"/>
  <testcase name="testgetMap[es_PY]" classname="org.apache.commons.collections4.MapUtilsTest" time="0"/>
  <testcase name="testToProperties[es_PY]" classname="org.apache.commons.collections4.MapUtilsTest" time="0"/>
  <testcase name="testgetShortValue[es_PY]" classname="org.apache.commons.collections4.MapUtilsTest" time="0.001"/>
  <testcase name="testIsEmptyWithNull[es_PY]" classname="org.apache.commons.collections4.MapUtilsTest" time="0"/>
  <testcase name="testVerbosePrint[es_PY]" classname="org.apache.commons.collections4.MapUtilsTest" time="0"/>
  <testcase name="testLazyMapFactory[es_PY]" classname="org.apache.commons.collections4.MapUtilsTest" time="0"/>
  <testcase name="testLazyMapTransformer[es_PY]" classname="org.apache.commons.collections4.MapUtilsTest" time="0"/>
  <testcase name="testSafeAddToMap[es_PY]" classname="org.apache.commons.collections4.MapUtilsTest" time="0"/>
  <testcase name="testIsEmptyWithNonEmptyMap[es_PY]" classname="org.apache.commons.collections4.MapUtilsTest" time="0"/>
  <testcase name="testInvertMap[es_PY]" classname="org.apache.commons.collections4.MapUtilsTest" time="0"/>
  <testcase name="testDebugAndVerbosePrintCasting[es_PY]" classname="org.apache.commons.collections4.MapUtilsTest" time="0"/>
  <testcase name="testIsNotEmptyWithNonEmptyMap[es_PY]" classname="org.apache.commons.collections4.MapUtilsTest" time="0"/>
  <testcase name="testgetByteValue[es_PY]" classname="org.apache.commons.collections4.MapUtilsTest" time="0"/>
  <testcase name="testSize0[es_PY]" classname="org.apache.commons.collections4.MapUtilsTest" time="0"/>
  <testcase name="testSize[es_PY]" classname="org.apache.commons.collections4.MapUtilsTest" time="0"/>
  <testcase name="testIsNotEmptyWithEmptyMap[es_PY]" classname="org.apache.commons.collections4.MapUtilsTest" time="0"/>
  <testcase name="testIsNotEmptyWithNull[es_PY]" classname="org.apache.commons.collections4.MapUtilsTest" time="0"/>
  <testcase name="testIterableSortedMap[es_PY]" classname="org.apache.commons.collections4.MapUtilsTest" time="0"/>
  <testcase name="testgetNumber[es_PY]" classname="org.apache.commons.collections4.MapUtilsTest" time="0"/>
  <testcase name="testgetObject[es_PY]" classname="org.apache.commons.collections4.MapUtilsTest" time="0"/>
  <testcase name="testgetString[es_PY]" classname="org.apache.commons.collections4.MapUtilsTest" time="0"/>
  <testcase name="testPutAll_Map_array[es_PY]" classname="org.apache.commons.collections4.MapUtilsTest" time="0"/>
  <testcase name="testVerbosePrintSelfReference[es_PY]" classname="org.apache.commons.collections4.MapUtilsTest" time="0"/>
  <testcase name="testDebugPrintNullLabel[es_PY]" classname="org.apache.commons.collections4.MapUtilsTest" time="0"/>
  <testcase name="testgetFloatValue[es_PY]" classname="org.apache.commons.collections4.MapUtilsTest" time="0"/>
  <testcase name="testConvertResourceBundle[es_PY]" classname="org.apache.commons.collections4.MapUtilsTest" time="0"/>
  <testcase name="testOrderedMap[es_PY]" classname="org.apache.commons.collections4.MapUtilsTest" time="0"/>
  <testcase name="testDebugPrintNullLabelAndMap[es_PY]" classname="org.apache.commons.collections4.MapUtilsTest" time="0"/>
  <testcase name="testEmptyIfNull[es_PY]" classname="org.apache.commons.collections4.MapUtilsTest" time="0"/>
  <testcase name="testgetIntValue[es_PY]" classname="org.apache.commons.collections4.MapUtilsTest" time="0"/>
  <testcase name="testDebugPrintSelfReference[es_PY]" classname="org.apache.commons.collections4.MapUtilsTest" time="0"/>
  <testcase name="testIterableMap[es_PY]" classname="org.apache.commons.collections4.MapUtilsTest" time="0"/>
  <testcase name="testDebugAndVerbosePrintNullMap[es_PY]" classname="org.apache.commons.collections4.MapUtilsTest" time="0"/>
  <testcase name="testVerbosePrintNullLabel[es_PY]" classname="org.apache.commons.collections4.MapUtilsTest" time="0"/>
  <testcase name="testDebugPrintNullKey[es_PY]" classname="org.apache.commons.collections4.MapUtilsTest" time="0"/>
  <testcase name="testPredicatedMap[es_PY]" classname="org.apache.commons.collections4.MapUtilsTest" time="0.001"/>
  <testcase name="testgetLongValue[es_PY]" classname="org.apache.commons.collections4.MapUtilsTest" time="0"/>
  <testcase name="testVerbosePrintNullKeyToMap1[es_PY]" classname="org.apache.commons.collections4.MapUtilsTest" time="0"/>
  <testcase name="testVerbosePrintNullKeyToMap2[es_PY]" classname="org.apache.commons.collections4.MapUtilsTest" time="0"/>
  <testcase name="testPopulateMap[es_PY]" classname="org.apache.commons.collections4.MapUtilsTest" time="0"/>
  <testcase name="testToPropertiesEmpty[es_PY]" classname="org.apache.commons.collections4.MapUtilsTest" time="0"/>
  <testcase name="testPopulateMultiMap[es_PY]" classname="org.apache.commons.collections4.MapUtilsTest" time="0"/>
  <testcase name="testDebugPrintNullStream[es_PY]" classname="org.apache.commons.collections4.MapUtilsTest" time="0"/>
  <testcase name="testgetBooleanValue[es_PY]" classname="org.apache.commons.collections4.MapUtilsTest" time="0"/>
  <testcase name="testIsEmptyWithEmptyMap[es_PY]" classname="org.apache.commons.collections4.MapUtilsTest" time="0"/>
  <testcase name="testVerbosePrintNullKey[es_PY]" classname="org.apache.commons.collections4.MapUtilsTest" time="0"/>
  <testcase name="testSizeNull[es_PY]" classname="org.apache.commons.collections4.MapUtilsTest" time="0"/>
  <testcase name="testDebugPrintNullKeyToMap1[es_PY]" classname="org.apache.commons.collections4.MapUtilsTest" time="0"/>
  <testcase name="testDebugPrintNullKeyToMap2[es_PY]" classname="org.apache.commons.collections4.MapUtilsTest" time="0"/>
  <testcase name="testDebugPrint[es_PY]" classname="org.apache.commons.collections4.MapUtilsTest" time="0"/>
  <testcase name="testgetDoubleValue[es_PY]" classname="org.apache.commons.collections4.MapUtilsTest" time="0"/>
  <testcase name="testVerbosePrintNullStream[es_PY]" classname="org.apache.commons.collections4.MapUtilsTest" time="0"/>
  <testcase name="testVerbosePrintNullLabelAndMap[es_SV]" classname="org.apache.commons.collections4.MapUtilsTest" time="0"/>
  <testcase name="testgetMap[es_SV]" classname="org.apache.commons.collections4.MapUtilsTest" time="0"/>
  <testcase name="testToProperties[es_SV]" classname="org.apache.commons.collections4.MapUtilsTest" time="0"/>
  <testcase name="testgetShortValue[es_SV]" classname="org.apache.commons.collections4.MapUtilsTest" time="0.001"/>
  <testcase name="testIsEmptyWithNull[es_SV]" classname="org.apache.commons.collections4.MapUtilsTest" time="0"/>
  <testcase name="testVerbosePrint[es_SV]" classname="org.apache.commons.collections4.MapUtilsTest" time="0"/>
  <testcase name="testLazyMapFactory[es_SV]" classname="org.apache.commons.collections4.MapUtilsTest" time="0"/>
  <testcase name="testLazyMapTransformer[es_SV]" classname="org.apache.commons.collections4.MapUtilsTest" time="0"/>
  <testcase name="testSafeAddToMap[es_SV]" classname="org.apache.commons.collections4.MapUtilsTest" time="0"/>
  <testcase name="testIsEmptyWithNonEmptyMap[es_SV]" classname="org.apache.commons.collections4.MapUtilsTest" time="0"/>
  <testcase name="testInvertMap[es_SV]" classname="org.apache.commons.collections4.MapUtilsTest" time="0"/>
  <testcase name="testDebugAndVerbosePrintCasting[es_SV]" classname="org.apache.commons.collections4.MapUtilsTest" time="0"/>
  <testcase name="testIsNotEmptyWithNonEmptyMap[es_SV]" classname="org.apache.commons.collections4.MapUtilsTest" time="0"/>
  <testcase name="testgetByteValue[es_SV]" classname="org.apache.commons.collections4.MapUtilsTest" time="0"/>
  <testcase name="testSize0[es_SV]" classname="org.apache.commons.collections4.MapUtilsTest" time="0"/>
  <testcase name="testSize[es_SV]" classname="org.apache.commons.collections4.MapUtilsTest" time="0"/>
  <testcase name="testIsNotEmptyWithEmptyMap[es_SV]" classname="org.apache.commons.collections4.MapUtilsTest" time="0"/>
  <testcase name="testIsNotEmptyWithNull[es_SV]" classname="org.apache.commons.collections4.MapUtilsTest" time="0"/>
  <testcase name="testIterableSortedMap[es_SV]" classname="org.apache.commons.collections4.MapUtilsTest" time="0"/>
  <testcase name="testgetNumber[es_SV]" classname="org.apache.commons.collections4.MapUtilsTest" time="0"/>
  <testcase name="testgetObject[es_SV]" classname="org.apache.commons.collections4.MapUtilsTest" time="0"/>
  <testcase name="testgetString[es_SV]" classname="org.apache.commons.collections4.MapUtilsTest" time="0"/>
  <testcase name="testPutAll_Map_array[es_SV]" classname="org.apache.commons.collections4.MapUtilsTest" time="0"/>
  <testcase name="testVerbosePrintSelfReference[es_SV]" classname="org.apache.commons.collections4.MapUtilsTest" time="0"/>
  <testcase name="testDebugPrintNullLabel[es_SV]" classname="org.apache.commons.collections4.MapUtilsTest" time="0"/>
  <testcase name="testgetFloatValue[es_SV]" classname="org.apache.commons.collections4.MapUtilsTest" time="0"/>
  <testcase name="testConvertResourceBundle[es_SV]" classname="org.apache.commons.collections4.MapUtilsTest" time="0"/>
  <testcase name="testOrderedMap[es_SV]" classname="org.apache.commons.collections4.MapUtilsTest" time="0"/>
  <testcase name="testDebugPrintNullLabelAndMap[es_SV]" classname="org.apache.commons.collections4.MapUtilsTest" time="0"/>
  <testcase name="testEmptyIfNull[es_SV]" classname="org.apache.commons.collections4.MapUtilsTest" time="0"/>
  <testcase name="testgetIntValue[es_SV]" classname="org.apache.commons.collections4.MapUtilsTest" time="0"/>
  <testcase name="testDebugPrintSelfReference[es_SV]" classname="org.apache.commons.collections4.MapUtilsTest" time="0"/>
  <testcase name="testIterableMap[es_SV]" classname="org.apache.commons.collections4.MapUtilsTest" time="0"/>
  <testcase name="testDebugAndVerbosePrintNullMap[es_SV]" classname="org.apache.commons.collections4.MapUtilsTest" time="0"/>
  <testcase name="testVerbosePrintNullLabel[es_SV]" classname="org.apache.commons.collections4.MapUtilsTest" time="0"/>
  <testcase name="testDebugPrintNullKey[es_SV]" classname="org.apache.commons.collections4.MapUtilsTest" time="0"/>
  <testcase name="testPredicatedMap[es_SV]" classname="org.apache.commons.collections4.MapUtilsTest" time="0"/>
  <testcase name="testgetLongValue[es_SV]" classname="org.apache.commons.collections4.MapUtilsTest" time="0"/>
  <testcase name="testVerbosePrintNullKeyToMap1[es_SV]" classname="org.apache.commons.collections4.MapUtilsTest" time="0"/>
  <testcase name="testVerbosePrintNullKeyToMap2[es_SV]" classname="org.apache.commons.collections4.MapUtilsTest" time="0"/>
  <testcase name="testPopulateMap[es_SV]" classname="org.apache.commons.collections4.MapUtilsTest" time="0"/>
  <testcase name="testToPropertiesEmpty[es_SV]" classname="org.apache.commons.collections4.MapUtilsTest" time="0"/>
  <testcase name="testPopulateMultiMap[es_SV]" classname="org.apache.commons.collections4.MapUtilsTest" time="0"/>
  <testcase name="testDebugPrintNullStream[es_SV]" classname="org.apache.commons.collections4.MapUtilsTest" time="0"/>
  <testcase name="testgetBooleanValue[es_SV]" classname="org.apache.commons.collections4.MapUtilsTest" time="0"/>
  <testcase name="testIsEmptyWithEmptyMap[es_SV]" classname="org.apache.commons.collections4.MapUtilsTest" time="0"/>
  <testcase name="testVerbosePrintNullKey[es_SV]" classname="org.apache.commons.collections4.MapUtilsTest" time="0"/>
  <testcase name="testSizeNull[es_SV]" classname="org.apache.commons.collections4.MapUtilsTest" time="0"/>
  <testcase name="testDebugPrintNullKeyToMap1[es_SV]" classname="org.apache.commons.collections4.MapUtilsTest" time="0.001"/>
  <testcase name="testDebugPrintNullKeyToMap2[es_SV]" classname="org.apache.commons.collections4.MapUtilsTest" time="0"/>
  <testcase name="testDebugPrint[es_SV]" classname="org.apache.commons.collections4.MapUtilsTest" time="0"/>
  <testcase name="testgetDoubleValue[es_SV]" classname="org.apache.commons.collections4.MapUtilsTest" time="0"/>
  <testcase name="testVerbosePrintNullStream[es_SV]" classname="org.apache.commons.collections4.MapUtilsTest" time="0"/>
  <testcase name="testVerbosePrintNullLabelAndMap[es_US]" classname="org.apache.commons.collections4.MapUtilsTest" time="0"/>
  <testcase name="testgetMap[es_US]" classname="org.apache.commons.collections4.MapUtilsTest" time="0"/>
  <testcase name="testToProperties[es_US]" classname="org.apache.commons.collections4.MapUtilsTest" time="0"/>
  <testcase name="testgetShortValue[es_US]" classname="org.apache.commons.collections4.MapUtilsTest" time="0"/>
  <testcase name="testIsEmptyWithNull[es_US]" classname="org.apache.commons.collections4.MapUtilsTest" time="0"/>
  <testcase name="testVerbosePrint[es_US]" classname="org.apache.commons.collections4.MapUtilsTest" time="0"/>
  <testcase name="testLazyMapFactory[es_US]" classname="org.apache.commons.collections4.MapUtilsTest" time="0"/>
  <testcase name="testLazyMapTransformer[es_US]" classname="org.apache.commons.collections4.MapUtilsTest" time="0"/>
  <testcase name="testSafeAddToMap[es_US]" classname="org.apache.commons.collections4.MapUtilsTest" time="0"/>
  <testcase name="testIsEmptyWithNonEmptyMap[es_US]" classname="org.apache.commons.collections4.MapUtilsTest" time="0"/>
  <testcase name="testInvertMap[es_US]" classname="org.apache.commons.collections4.MapUtilsTest" time="0"/>
  <testcase name="testDebugAndVerbosePrintCasting[es_US]" classname="org.apache.commons.collections4.MapUtilsTest" time="0"/>
  <testcase name="testIsNotEmptyWithNonEmptyMap[es_US]" classname="org.apache.commons.collections4.MapUtilsTest" time="0"/>
  <testcase name="testgetByteValue[es_US]" classname="org.apache.commons.collections4.MapUtilsTest" time="0"/>
  <testcase name="testSize0[es_US]" classname="org.apache.commons.collections4.MapUtilsTest" time="0"/>
  <testcase name="testSize[es_US]" classname="org.apache.commons.collections4.MapUtilsTest" time="0"/>
  <testcase name="testIsNotEmptyWithEmptyMap[es_US]" classname="org.apache.commons.collections4.MapUtilsTest" time="0"/>
  <testcase name="testIsNotEmptyWithNull[es_US]" classname="org.apache.commons.collections4.MapUtilsTest" time="0"/>
  <testcase name="testIterableSortedMap[es_US]" classname="org.apache.commons.collections4.MapUtilsTest" time="0"/>
  <testcase name="testgetNumber[es_US]" classname="org.apache.commons.collections4.MapUtilsTest" time="0"/>
  <testcase name="testgetObject[es_US]" classname="org.apache.commons.collections4.MapUtilsTest" time="0"/>
  <testcase name="testgetString[es_US]" classname="org.apache.commons.collections4.MapUtilsTest" time="0"/>
  <testcase name="testPutAll_Map_array[es_US]" classname="org.apache.commons.collections4.MapUtilsTest" time="0"/>
  <testcase name="testVerbosePrintSelfReference[es_US]" classname="org.apache.commons.collections4.MapUtilsTest" time="0"/>
  <testcase name="testDebugPrintNullLabel[es_US]" classname="org.apache.commons.collections4.MapUtilsTest" time="0"/>
  <testcase name="testgetFloatValue[es_US]" classname="org.apache.commons.collections4.MapUtilsTest" time="0"/>
  <testcase name="testConvertResourceBundle[es_US]" classname="org.apache.commons.collections4.MapUtilsTest" time="0"/>
  <testcase name="testOrderedMap[es_US]" classname="org.apache.commons.collections4.MapUtilsTest" time="0"/>
  <testcase name="testDebugPrintNullLabelAndMap[es_US]" classname="org.apache.commons.collections4.MapUtilsTest" time="0"/>
  <testcase name="testEmptyIfNull[es_US]" classname="org.apache.commons.collections4.MapUtilsTest" time="0"/>
  <testcase name="testgetIntValue[es_US]" classname="org.apache.commons.collections4.MapUtilsTest" time="0"/>
  <testcase name="testDebugPrintSelfReference[es_US]" classname="org.apache.commons.collections4.MapUtilsTest" time="0"/>
  <testcase name="testIterableMap[es_US]" classname="org.apache.commons.collections4.MapUtilsTest" time="0"/>
  <testcase name="testDebugAndVerbosePrintNullMap[es_US]" classname="org.apache.commons.collections4.MapUtilsTest" time="0"/>
  <testcase name="testVerbosePrintNullLabel[es_US]" classname="org.apache.commons.collections4.MapUtilsTest" time="0"/>
  <testcase name="testDebugPrintNullKey[es_US]" classname="org.apache.commons.collections4.MapUtilsTest" time="0"/>
  <testcase name="testPredicatedMap[es_US]" classname="org.apache.commons.collections4.MapUtilsTest" time="0"/>
  <testcase name="testgetLongValue[es_US]" classname="org.apache.commons.collections4.MapUtilsTest" time="0"/>
  <testcase name="testVerbosePrintNullKeyToMap1[es_US]" classname="org.apache.commons.collections4.MapUtilsTest" time="0"/>
  <testcase name="testVerbosePrintNullKeyToMap2[es_US]" classname="org.apache.commons.collections4.MapUtilsTest" time="0"/>
  <testcase name="testPopulateMap[es_US]" classname="org.apache.commons.collections4.MapUtilsTest" time="0"/>
  <testcase name="testToPropertiesEmpty[es_US]" classname="org.apache.commons.collections4.MapUtilsTest" time="0"/>
  <testcase name="testPopulateMultiMap[es_US]" classname="org.apache.commons.collections4.MapUtilsTest" time="0"/>
  <testcase name="testDebugPrintNullStream[es_US]" classname="org.apache.commons.collections4.MapUtilsTest" time="0"/>
  <testcase name="testgetBooleanValue[es_US]" classname="org.apache.commons.collections4.MapUtilsTest" time="0"/>
  <testcase name="testIsEmptyWithEmptyMap[es_US]" classname="org.apache.commons.collections4.MapUtilsTest" time="0"/>
  <testcase name="testVerbosePrintNullKey[es_US]" classname="org.apache.commons.collections4.MapUtilsTest" time="0"/>
  <testcase name="testSizeNull[es_US]" classname="org.apache.commons.collections4.MapUtilsTest" time="0"/>
  <testcase name="testDebugPrintNullKeyToMap1[es_US]" classname="org.apache.commons.collections4.MapUtilsTest" time="0"/>
  <testcase name="testDebugPrintNullKeyToMap2[es_US]" classname="org.apache.commons.collections4.MapUtilsTest" time="0"/>
  <testcase name="testDebugPrint[es_US]" classname="org.apache.commons.collections4.MapUtilsTest" time="0"/>
  <testcase name="testgetDoubleValue[es_US]" classname="org.apache.commons.collections4.MapUtilsTest" time="0"/>
  <testcase name="testVerbosePrintNullStream[es_US]" classname="org.apache.commons.collections4.MapUtilsTest" time="0"/>
  <testcase name="testVerbosePrintNullLabelAndMap[es_UY]" classname="org.apache.commons.collections4.MapUtilsTest" time="0"/>
  <testcase name="testgetMap[es_UY]" classname="org.apache.commons.collections4.MapUtilsTest" time="0"/>
  <testcase name="testToProperties[es_UY]" classname="org.apache.commons.collections4.MapUtilsTest" time="0"/>
  <testcase name="testgetShortValue[es_UY]" classname="org.apache.commons.collections4.MapUtilsTest" time="0.001"/>
  <testcase name="testIsEmptyWithNull[es_UY]" classname="org.apache.commons.collections4.MapUtilsTest" time="0"/>
  <testcase name="testVerbosePrint[es_UY]" classname="org.apache.commons.collections4.MapUtilsTest" time="0"/>
  <testcase name="testLazyMapFactory[es_UY]" classname="org.apache.commons.collections4.MapUtilsTest" time="0"/>
  <testcase name="testLazyMapTransformer[es_UY]" classname="org.apache.commons.collections4.MapUtilsTest" time="0"/>
  <testcase name="testSafeAddToMap[es_UY]" classname="org.apache.commons.collections4.MapUtilsTest" time="0"/>
  <testcase name="testIsEmptyWithNonEmptyMap[es_UY]" classname="org.apache.commons.collections4.MapUtilsTest" time="0"/>
  <testcase name="testInvertMap[es_UY]" classname="org.apache.commons.collections4.MapUtilsTest" time="0"/>
  <testcase name="testDebugAndVerbosePrintCasting[es_UY]" classname="org.apache.commons.collections4.MapUtilsTest" time="0"/>
  <testcase name="testIsNotEmptyWithNonEmptyMap[es_UY]" classname="org.apache.commons.collections4.MapUtilsTest" time="0"/>
  <testcase name="testgetByteValue[es_UY]" classname="org.apache.commons.collections4.MapUtilsTest" time="0"/>
  <testcase name="testSize0[es_UY]" classname="org.apache.commons.collections4.MapUtilsTest" time="0"/>
  <testcase name="testSize[es_UY]" classname="org.apache.commons.collections4.MapUtilsTest" time="0"/>
  <testcase name="testIsNotEmptyWithEmptyMap[es_UY]" classname="org.apache.commons.collections4.MapUtilsTest" time="0"/>
  <testcase name="testIsNotEmptyWithNull[es_UY]" classname="org.apache.commons.collections4.MapUtilsTest" time="0"/>
  <testcase name="testIterableSortedMap[es_UY]" classname="org.apache.commons.collections4.MapUtilsTest" time="0"/>
  <testcase name="testgetNumber[es_UY]" classname="org.apache.commons.collections4.MapUtilsTest" time="0"/>
  <testcase name="testgetObject[es_UY]" classname="org.apache.commons.collections4.MapUtilsTest" time="0"/>
  <testcase name="testgetString[es_UY]" classname="org.apache.commons.collections4.MapUtilsTest" time="0"/>
  <testcase name="testPutAll_Map_array[es_UY]" classname="org.apache.commons.collections4.MapUtilsTest" time="0"/>
  <testcase name="testVerbosePrintSelfReference[es_UY]" classname="org.apache.commons.collections4.MapUtilsTest" time="0"/>
  <testcase name="testDebugPrintNullLabel[es_UY]" classname="org.apache.commons.collections4.MapUtilsTest" time="0"/>
  <testcase name="testgetFloatValue[es_UY]" classname="org.apache.commons.collections4.MapUtilsTest" time="0"/>
  <testcase name="testConvertResourceBundle[es_UY]" classname="org.apache.commons.collections4.MapUtilsTest" time="0"/>
  <testcase name="testOrderedMap[es_UY]" classname="org.apache.commons.collections4.MapUtilsTest" time="0"/>
  <testcase name="testDebugPrintNullLabelAndMap[es_UY]" classname="org.apache.commons.collections4.MapUtilsTest" time="0.001"/>
  <testcase name="testEmptyIfNull[es_UY]" classname="org.apache.commons.collections4.MapUtilsTest" time="0"/>
  <testcase name="testgetIntValue[es_UY]" classname="org.apache.commons.collections4.MapUtilsTest" time="0"/>
  <testcase name="testDebugPrintSelfReference[es_UY]" classname="org.apache.commons.collections4.MapUtilsTest" time="0"/>
  <testcase name="testIterableMap[es_UY]" classname="org.apache.commons.collections4.MapUtilsTest" time="0"/>
  <testcase name="testDebugAndVerbosePrintNullMap[es_UY]" classname="org.apache.commons.collections4.MapUtilsTest" time="0"/>
  <testcase name="testVerbosePrintNullLabel[es_UY]" classname="org.apache.commons.collections4.MapUtilsTest" time="0"/>
  <testcase name="testDebugPrintNullKey[es_UY]" classname="org.apache.commons.collections4.MapUtilsTest" time="0"/>
  <testcase name="testPredicatedMap[es_UY]" classname="org.apache.commons.collections4.MapUtilsTest" time="0"/>
  <testcase name="testgetLongValue[es_UY]" classname="org.apache.commons.collections4.MapUtilsTest" time="0"/>
  <testcase name="testVerbosePrintNullKeyToMap1[es_UY]" classname="org.apache.commons.collections4.MapUtilsTest" time="0"/>
  <testcase name="testVerbosePrintNullKeyToMap2[es_UY]" classname="org.apache.commons.collections4.MapUtilsTest" time="0"/>
  <testcase name="testPopulateMap[es_UY]" classname="org.apache.commons.collections4.MapUtilsTest" time="0"/>
  <testcase name="testToPropertiesEmpty[es_UY]" classname="org.apache.commons.collections4.MapUtilsTest" time="0"/>
  <testcase name="testPopulateMultiMap[es_UY]" classname="org.apache.commons.collections4.MapUtilsTest" time="0"/>
  <testcase name="testDebugPrintNullStream[es_UY]" classname="org.apache.commons.collections4.MapUtilsTest" time="0"/>
  <testcase name="testgetBooleanValue[es_UY]" classname="org.apache.commons.collections4.MapUtilsTest" time="0"/>
  <testcase name="testIsEmptyWithEmptyMap[es_UY]" classname="org.apache.commons.collections4.MapUtilsTest" time="0"/>
  <testcase name="testVerbosePrintNullKey[es_UY]" classname="org.apache.commons.collections4.MapUtilsTest" time="0"/>
  <testcase name="testSizeNull[es_UY]" classname="org.apache.commons.collections4.MapUtilsTest" time="0"/>
  <testcase name="testDebugPrintNullKeyToMap1[es_UY]" classname="org.apache.commons.collections4.MapUtilsTest" time="0"/>
  <testcase name="testDebugPrintNullKeyToMap2[es_UY]" classname="org.apache.commons.collections4.MapUtilsTest" time="0"/>
  <testcase name="testDebugPrint[es_UY]" classname="org.apache.commons.collections4.MapUtilsTest" time="0"/>
  <testcase name="testgetDoubleValue[es_UY]" classname="org.apache.commons.collections4.MapUtilsTest" time="0"/>
  <testcase name="testVerbosePrintNullStream[es_UY]" classname="org.apache.commons.collections4.MapUtilsTest" time="0"/>
  <testcase name="testVerbosePrintNullLabelAndMap[es_VE]" classname="org.apache.commons.collections4.MapUtilsTest" time="0"/>
  <testcase name="testgetMap[es_VE]" classname="org.apache.commons.collections4.MapUtilsTest" time="0"/>
  <testcase name="testToProperties[es_VE]" classname="org.apache.commons.collections4.MapUtilsTest" time="0"/>
  <testcase name="testgetShortValue[es_VE]" classname="org.apache.commons.collections4.MapUtilsTest" time="0.001"/>
  <testcase name="testIsEmptyWithNull[es_VE]" classname="org.apache.commons.collections4.MapUtilsTest" time="0"/>
  <testcase name="testVerbosePrint[es_VE]" classname="org.apache.commons.collections4.MapUtilsTest" time="0"/>
  <testcase name="testLazyMapFactory[es_VE]" classname="org.apache.commons.collections4.MapUtilsTest" time="0"/>
  <testcase name="testLazyMapTransformer[es_VE]" classname="org.apache.commons.collections4.MapUtilsTest" time="0"/>
  <testcase name="testSafeAddToMap[es_VE]" classname="org.apache.commons.collections4.MapUtilsTest" time="0"/>
  <testcase name="testIsEmptyWithNonEmptyMap[es_VE]" classname="org.apache.commons.collections4.MapUtilsTest" time="0"/>
  <testcase name="testInvertMap[es_VE]" classname="org.apache.commons.collections4.MapUtilsTest" time="0"/>
  <testcase name="testDebugAndVerbosePrintCasting[es_VE]" classname="org.apache.commons.collections4.MapUtilsTest" time="0"/>
  <testcase name="testIsNotEmptyWithNonEmptyMap[es_VE]" classname="org.apache.commons.collections4.MapUtilsTest" time="0"/>
  <testcase name="testgetByteValue[es_VE]" classname="org.apache.commons.collections4.MapUtilsTest" time="0"/>
  <testcase name="testSize0[es_VE]" classname="org.apache.commons.collections4.MapUtilsTest" time="0"/>
  <testcase name="testSize[es_VE]" classname="org.apache.commons.collections4.MapUtilsTest" time="0"/>
  <testcase name="testIsNotEmptyWithEmptyMap[es_VE]" classname="org.apache.commons.collections4.MapUtilsTest" time="0"/>
  <testcase name="testIsNotEmptyWithNull[es_VE]" classname="org.apache.commons.collections4.MapUtilsTest" time="0"/>
  <testcase name="testIterableSortedMap[es_VE]" classname="org.apache.commons.collections4.MapUtilsTest" time="0"/>
  <testcase name="testgetNumber[es_VE]" classname="org.apache.commons.collections4.MapUtilsTest" time="0"/>
  <testcase name="testgetObject[es_VE]" classname="org.apache.commons.collections4.MapUtilsTest" time="0"/>
  <testcase name="testgetString[es_VE]" classname="org.apache.commons.collections4.MapUtilsTest" time="0"/>
  <testcase name="testPutAll_Map_array[es_VE]" classname="org.apache.commons.collections4.MapUtilsTest" time="0"/>
  <testcase name="testVerbosePrintSelfReference[es_VE]" classname="org.apache.commons.collections4.MapUtilsTest" time="0"/>
  <testcase name="testDebugPrintNullLabel[es_VE]" classname="org.apache.commons.collections4.MapUtilsTest" time="0"/>
  <testcase name="testgetFloatValue[es_VE]" classname="org.apache.commons.collections4.MapUtilsTest" time="0"/>
  <testcase name="testConvertResourceBundle[es_VE]" classname="org.apache.commons.collections4.MapUtilsTest" time="0"/>
  <testcase name="testOrderedMap[es_VE]" classname="org.apache.commons.collections4.MapUtilsTest" time="0"/>
  <testcase name="testDebugPrintNullLabelAndMap[es_VE]" classname="org.apache.commons.collections4.MapUtilsTest" time="0"/>
  <testcase name="testEmptyIfNull[es_VE]" classname="org.apache.commons.collections4.MapUtilsTest" time="0"/>
  <testcase name="testgetIntValue[es_VE]" classname="org.apache.commons.collections4.MapUtilsTest" time="0"/>
  <testcase name="testDebugPrintSelfReference[es_VE]" classname="org.apache.commons.collections4.MapUtilsTest" time="0"/>
  <testcase name="testIterableMap[es_VE]" classname="org.apache.commons.collections4.MapUtilsTest" time="0"/>
  <testcase name="testDebugAndVerbosePrintNullMap[es_VE]" classname="org.apache.commons.collections4.MapUtilsTest" time="0"/>
  <testcase name="testVerbosePrintNullLabel[es_VE]" classname="org.apache.commons.collections4.MapUtilsTest" time="0"/>
  <testcase name="testDebugPrintNullKey[es_VE]" classname="org.apache.commons.collections4.MapUtilsTest" time="0"/>
  <testcase name="testPredicatedMap[es_VE]" classname="org.apache.commons.collections4.MapUtilsTest" time="0.001"/>
  <testcase name="testgetLongValue[es_VE]" classname="org.apache.commons.collections4.MapUtilsTest" time="0"/>
  <testcase name="testVerbosePrintNullKeyToMap1[es_VE]" classname="org.apache.commons.collections4.MapUtilsTest" time="0"/>
  <testcase name="testVerbosePrintNullKeyToMap2[es_VE]" classname="org.apache.commons.collections4.MapUtilsTest" time="0"/>
  <testcase name="testPopulateMap[es_VE]" classname="org.apache.commons.collections4.MapUtilsTest" time="0"/>
  <testcase name="testToPropertiesEmpty[es_VE]" classname="org.apache.commons.collections4.MapUtilsTest" time="0"/>
  <testcase name="testPopulateMultiMap[es_VE]" classname="org.apache.commons.collections4.MapUtilsTest" time="0"/>
  <testcase name="testDebugPrintNullStream[es_VE]" classname="org.apache.commons.collections4.MapUtilsTest" time="0"/>
  <testcase name="testgetBooleanValue[es_VE]" classname="org.apache.commons.collections4.MapUtilsTest" time="0"/>
  <testcase name="testIsEmptyWithEmptyMap[es_VE]" classname="org.apache.commons.collections4.MapUtilsTest" time="0"/>
  <testcase name="testVerbosePrintNullKey[es_VE]" classname="org.apache.commons.collections4.MapUtilsTest" time="0"/>
  <testcase name="testSizeNull[es_VE]" classname="org.apache.commons.collections4.MapUtilsTest" time="0"/>
  <testcase name="testDebugPrintNullKeyToMap1[es_VE]" classname="org.apache.commons.collections4.MapUtilsTest" time="0"/>
  <testcase name="testDebugPrintNullKeyToMap2[es_VE]" classname="org.apache.commons.collections4.MapUtilsTest" time="0"/>
  <testcase name="testDebugPrint[es_VE]" classname="org.apache.commons.collections4.MapUtilsTest" time="0"/>
  <testcase name="testgetDoubleValue[es_VE]" classname="org.apache.commons.collections4.MapUtilsTest" time="0"/>
  <testcase name="testVerbosePrintNullStream[es_VE]" classname="org.apache.commons.collections4.MapUtilsTest" time="0"/>
  <testcase name="testVerbosePrintNullLabelAndMap[et]" classname="org.apache.commons.collections4.MapUtilsTest" time="0"/>
  <testcase name="testgetMap[et]" classname="org.apache.commons.collections4.MapUtilsTest" time="0"/>
  <testcase name="testToProperties[et]" classname="org.apache.commons.collections4.MapUtilsTest" time="0"/>
  <testcase name="testgetShortValue[et]" classname="org.apache.commons.collections4.MapUtilsTest" time="0.001"/>
  <testcase name="testIsEmptyWithNull[et]" classname="org.apache.commons.collections4.MapUtilsTest" time="0"/>
  <testcase name="testVerbosePrint[et]" classname="org.apache.commons.collections4.MapUtilsTest" time="0"/>
  <testcase name="testLazyMapFactory[et]" classname="org.apache.commons.collections4.MapUtilsTest" time="0"/>
  <testcase name="testLazyMapTransformer[et]" classname="org.apache.commons.collections4.MapUtilsTest" time="0"/>
  <testcase name="testSafeAddToMap[et]" classname="org.apache.commons.collections4.MapUtilsTest" time="0"/>
  <testcase name="testIsEmptyWithNonEmptyMap[et]" classname="org.apache.commons.collections4.MapUtilsTest" time="0"/>
  <testcase name="testInvertMap[et]" classname="org.apache.commons.collections4.MapUtilsTest" time="0"/>
  <testcase name="testDebugAndVerbosePrintCasting[et]" classname="org.apache.commons.collections4.MapUtilsTest" time="0"/>
  <testcase name="testIsNotEmptyWithNonEmptyMap[et]" classname="org.apache.commons.collections4.MapUtilsTest" time="0"/>
  <testcase name="testgetByteValue[et]" classname="org.apache.commons.collections4.MapUtilsTest" time="0"/>
  <testcase name="testSize0[et]" classname="org.apache.commons.collections4.MapUtilsTest" time="0"/>
  <testcase name="testSize[et]" classname="org.apache.commons.collections4.MapUtilsTest" time="0"/>
  <testcase name="testIsNotEmptyWithEmptyMap[et]" classname="org.apache.commons.collections4.MapUtilsTest" time="0"/>
  <testcase name="testIsNotEmptyWithNull[et]" classname="org.apache.commons.collections4.MapUtilsTest" time="0"/>
  <testcase name="testIterableSortedMap[et]" classname="org.apache.commons.collections4.MapUtilsTest" time="0"/>
  <testcase name="testgetNumber[et]" classname="org.apache.commons.collections4.MapUtilsTest" time="0"/>
  <testcase name="testgetObject[et]" classname="org.apache.commons.collections4.MapUtilsTest" time="0"/>
  <testcase name="testgetString[et]" classname="org.apache.commons.collections4.MapUtilsTest" time="0"/>
  <testcase name="testPutAll_Map_array[et]" classname="org.apache.commons.collections4.MapUtilsTest" time="0"/>
  <testcase name="testVerbosePrintSelfReference[et]" classname="org.apache.commons.collections4.MapUtilsTest" time="0"/>
  <testcase name="testDebugPrintNullLabel[et]" classname="org.apache.commons.collections4.MapUtilsTest" time="0"/>
  <testcase name="testgetFloatValue[et]" classname="org.apache.commons.collections4.MapUtilsTest" time="0"/>
  <testcase name="testConvertResourceBundle[et]" classname="org.apache.commons.collections4.MapUtilsTest" time="0"/>
  <testcase name="testOrderedMap[et]" classname="org.apache.commons.collections4.MapUtilsTest" time="0"/>
  <testcase name="testDebugPrintNullLabelAndMap[et]" classname="org.apache.commons.collections4.MapUtilsTest" time="0"/>
  <testcase name="testEmptyIfNull[et]" classname="org.apache.commons.collections4.MapUtilsTest" time="0"/>
  <testcase name="testgetIntValue[et]" classname="org.apache.commons.collections4.MapUtilsTest" time="0"/>
  <testcase name="testDebugPrintSelfReference[et]" classname="org.apache.commons.collections4.MapUtilsTest" time="0"/>
  <testcase name="testIterableMap[et]" classname="org.apache.commons.collections4.MapUtilsTest" time="0"/>
  <testcase name="testDebugAndVerbosePrintNullMap[et]" classname="org.apache.commons.collections4.MapUtilsTest" time="0"/>
  <testcase name="testVerbosePrintNullLabel[et]" classname="org.apache.commons.collections4.MapUtilsTest" time="0"/>
  <testcase name="testDebugPrintNullKey[et]" classname="org.apache.commons.collections4.MapUtilsTest" time="0"/>
  <testcase name="testPredicatedMap[et]" classname="org.apache.commons.collections4.MapUtilsTest" time="0"/>
  <testcase name="testgetLongValue[et]" classname="org.apache.commons.collections4.MapUtilsTest" time="0"/>
  <testcase name="testVerbosePrintNullKeyToMap1[et]" classname="org.apache.commons.collections4.MapUtilsTest" time="0"/>
  <testcase name="testVerbosePrintNullKeyToMap2[et]" classname="org.apache.commons.collections4.MapUtilsTest" time="0"/>
  <testcase name="testPopulateMap[et]" classname="org.apache.commons.collections4.MapUtilsTest" time="0"/>
  <testcase name="testToPropertiesEmpty[et]" classname="org.apache.commons.collections4.MapUtilsTest" time="0"/>
  <testcase name="testPopulateMultiMap[et]" classname="org.apache.commons.collections4.MapUtilsTest" time="0"/>
  <testcase name="testDebugPrintNullStream[et]" classname="org.apache.commons.collections4.MapUtilsTest" time="0"/>
  <testcase name="testgetBooleanValue[et]" classname="org.apache.commons.collections4.MapUtilsTest" time="0"/>
  <testcase name="testIsEmptyWithEmptyMap[et]" classname="org.apache.commons.collections4.MapUtilsTest" time="0"/>
  <testcase name="testVerbosePrintNullKey[et]" classname="org.apache.commons.collections4.MapUtilsTest" time="0.001"/>
  <testcase name="testSizeNull[et]" classname="org.apache.commons.collections4.MapUtilsTest" time="0"/>
  <testcase name="testDebugPrintNullKeyToMap1[et]" classname="org.apache.commons.collections4.MapUtilsTest" time="0"/>
  <testcase name="testDebugPrintNullKeyToMap2[et]" classname="org.apache.commons.collections4.MapUtilsTest" time="0"/>
  <testcase name="testDebugPrint[et]" classname="org.apache.commons.collections4.MapUtilsTest" time="0"/>
  <testcase name="testgetDoubleValue[et]" classname="org.apache.commons.collections4.MapUtilsTest" time="0"/>
  <testcase name="testVerbosePrintNullStream[et]" classname="org.apache.commons.collections4.MapUtilsTest" time="0"/>
  <testcase name="testVerbosePrintNullLabelAndMap[et_EE]" classname="org.apache.commons.collections4.MapUtilsTest" time="0"/>
  <testcase name="testgetMap[et_EE]" classname="org.apache.commons.collections4.MapUtilsTest" time="0"/>
  <testcase name="testToProperties[et_EE]" classname="org.apache.commons.collections4.MapUtilsTest" time="0"/>
  <testcase name="testgetShortValue[et_EE]" classname="org.apache.commons.collections4.MapUtilsTest" time="0"/>
  <testcase name="testIsEmptyWithNull[et_EE]" classname="org.apache.commons.collections4.MapUtilsTest" time="0"/>
  <testcase name="testVerbosePrint[et_EE]" classname="org.apache.commons.collections4.MapUtilsTest" time="0"/>
  <testcase name="testLazyMapFactory[et_EE]" classname="org.apache.commons.collections4.MapUtilsTest" time="0"/>
  <testcase name="testLazyMapTransformer[et_EE]" classname="org.apache.commons.collections4.MapUtilsTest" time="0"/>
  <testcase name="testSafeAddToMap[et_EE]" classname="org.apache.commons.collections4.MapUtilsTest" time="0"/>
  <testcase name="testIsEmptyWithNonEmptyMap[et_EE]" classname="org.apache.commons.collections4.MapUtilsTest" time="0"/>
  <testcase name="testInvertMap[et_EE]" classname="org.apache.commons.collections4.MapUtilsTest" time="0"/>
  <testcase name="testDebugAndVerbosePrintCasting[et_EE]" classname="org.apache.commons.collections4.MapUtilsTest" time="0"/>
  <testcase name="testIsNotEmptyWithNonEmptyMap[et_EE]" classname="org.apache.commons.collections4.MapUtilsTest" time="0"/>
  <testcase name="testgetByteValue[et_EE]" classname="org.apache.commons.collections4.MapUtilsTest" time="0"/>
  <testcase name="testSize0[et_EE]" classname="org.apache.commons.collections4.MapUtilsTest" time="0"/>
  <testcase name="testSize[et_EE]" classname="org.apache.commons.collections4.MapUtilsTest" time="0"/>
  <testcase name="testIsNotEmptyWithEmptyMap[et_EE]" classname="org.apache.commons.collections4.MapUtilsTest" time="0"/>
  <testcase name="testIsNotEmptyWithNull[et_EE]" classname="org.apache.commons.collections4.MapUtilsTest" time="0"/>
  <testcase name="testIterableSortedMap[et_EE]" classname="org.apache.commons.collections4.MapUtilsTest" time="0"/>
  <testcase name="testgetNumber[et_EE]" classname="org.apache.commons.collections4.MapUtilsTest" time="0"/>
  <testcase name="testgetObject[et_EE]" classname="org.apache.commons.collections4.MapUtilsTest" time="0"/>
  <testcase name="testgetString[et_EE]" classname="org.apache.commons.collections4.MapUtilsTest" time="0"/>
  <testcase name="testPutAll_Map_array[et_EE]" classname="org.apache.commons.collections4.MapUtilsTest" time="0"/>
  <testcase name="testVerbosePrintSelfReference[et_EE]" classname="org.apache.commons.collections4.MapUtilsTest" time="0"/>
  <testcase name="testDebugPrintNullLabel[et_EE]" classname="org.apache.commons.collections4.MapUtilsTest" time="0"/>
  <testcase name="testgetFloatValue[et_EE]" classname="org.apache.commons.collections4.MapUtilsTest" time="0"/>
  <testcase name="testConvertResourceBundle[et_EE]" classname="org.apache.commons.collections4.MapUtilsTest" time="0"/>
  <testcase name="testOrderedMap[et_EE]" classname="org.apache.commons.collections4.MapUtilsTest" time="0"/>
  <testcase name="testDebugPrintNullLabelAndMap[et_EE]" classname="org.apache.commons.collections4.MapUtilsTest" time="0"/>
  <testcase name="testEmptyIfNull[et_EE]" classname="org.apache.commons.collections4.MapUtilsTest" time="0"/>
  <testcase name="testgetIntValue[et_EE]" classname="org.apache.commons.collections4.MapUtilsTest" time="0"/>
  <testcase name="testDebugPrintSelfReference[et_EE]" classname="org.apache.commons.collections4.MapUtilsTest" time="0"/>
  <testcase name="testIterableMap[et_EE]" classname="org.apache.commons.collections4.MapUtilsTest" time="0"/>
  <testcase name="testDebugAndVerbosePrintNullMap[et_EE]" classname="org.apache.commons.collections4.MapUtilsTest" time="0"/>
  <testcase name="testVerbosePrintNullLabel[et_EE]" classname="org.apache.commons.collections4.MapUtilsTest" time="0"/>
  <testcase name="testDebugPrintNullKey[et_EE]" classname="org.apache.commons.collections4.MapUtilsTest" time="0"/>
  <testcase name="testPredicatedMap[et_EE]" classname="org.apache.commons.collections4.MapUtilsTest" time="0"/>
  <testcase name="testgetLongValue[et_EE]" classname="org.apache.commons.collections4.MapUtilsTest" time="0"/>
  <testcase name="testVerbosePrintNullKeyToMap1[et_EE]" classname="org.apache.commons.collections4.MapUtilsTest" time="0"/>
  <testcase name="testVerbosePrintNullKeyToMap2[et_EE]" classname="org.apache.commons.collections4.MapUtilsTest" time="0"/>
  <testcase name="testPopulateMap[et_EE]" classname="org.apache.commons.collections4.MapUtilsTest" time="0"/>
  <testcase name="testToPropertiesEmpty[et_EE]" classname="org.apache.commons.collections4.MapUtilsTest" time="0"/>
  <testcase name="testPopulateMultiMap[et_EE]" classname="org.apache.commons.collections4.MapUtilsTest" time="0"/>
  <testcase name="testDebugPrintNullStream[et_EE]" classname="org.apache.commons.collections4.MapUtilsTest" time="0"/>
  <testcase name="testgetBooleanValue[et_EE]" classname="org.apache.commons.collections4.MapUtilsTest" time="0"/>
  <testcase name="testIsEmptyWithEmptyMap[et_EE]" classname="org.apache.commons.collections4.MapUtilsTest" time="0"/>
  <testcase name="testVerbosePrintNullKey[et_EE]" classname="org.apache.commons.collections4.MapUtilsTest" time="0"/>
  <testcase name="testSizeNull[et_EE]" classname="org.apache.commons.collections4.MapUtilsTest" time="0"/>
  <testcase name="testDebugPrintNullKeyToMap1[et_EE]" classname="org.apache.commons.collections4.MapUtilsTest" time="0"/>
  <testcase name="testDebugPrintNullKeyToMap2[et_EE]" classname="org.apache.commons.collections4.MapUtilsTest" time="0"/>
  <testcase name="testDebugPrint[et_EE]" classname="org.apache.commons.collections4.MapUtilsTest" time="0"/>
  <testcase name="testgetDoubleValue[et_EE]" classname="org.apache.commons.collections4.MapUtilsTest" time="0"/>
  <testcase name="testVerbosePrintNullStream[et_EE]" classname="org.apache.commons.collections4.MapUtilsTest" time="0"/>
  <testcase name="testVerbosePrintNullLabelAndMap[fi]" classname="org.apache.commons.collections4.MapUtilsTest" time="0"/>
  <testcase name="testgetMap[fi]" classname="org.apache.commons.collections4.MapUtilsTest" time="0"/>
  <testcase name="testToProperties[fi]" classname="org.apache.commons.collections4.MapUtilsTest" time="0"/>
  <testcase name="testgetShortValue[fi]" classname="org.apache.commons.collections4.MapUtilsTest" time="0.001"/>
  <testcase name="testIsEmptyWithNull[fi]" classname="org.apache.commons.collections4.MapUtilsTest" time="0"/>
  <testcase name="testVerbosePrint[fi]" classname="org.apache.commons.collections4.MapUtilsTest" time="0"/>
  <testcase name="testLazyMapFactory[fi]" classname="org.apache.commons.collections4.MapUtilsTest" time="0"/>
  <testcase name="testLazyMapTransformer[fi]" classname="org.apache.commons.collections4.MapUtilsTest" time="0"/>
  <testcase name="testSafeAddToMap[fi]" classname="org.apache.commons.collections4.MapUtilsTest" time="0"/>
  <testcase name="testIsEmptyWithNonEmptyMap[fi]" classname="org.apache.commons.collections4.MapUtilsTest" time="0"/>
  <testcase name="testInvertMap[fi]" classname="org.apache.commons.collections4.MapUtilsTest" time="0"/>
  <testcase name="testDebugAndVerbosePrintCasting[fi]" classname="org.apache.commons.collections4.MapUtilsTest" time="0"/>
  <testcase name="testIsNotEmptyWithNonEmptyMap[fi]" classname="org.apache.commons.collections4.MapUtilsTest" time="0"/>
  <testcase name="testgetByteValue[fi]" classname="org.apache.commons.collections4.MapUtilsTest" time="0"/>
  <testcase name="testSize0[fi]" classname="org.apache.commons.collections4.MapUtilsTest" time="0"/>
  <testcase name="testSize[fi]" classname="org.apache.commons.collections4.MapUtilsTest" time="0"/>
  <testcase name="testIsNotEmptyWithEmptyMap[fi]" classname="org.apache.commons.collections4.MapUtilsTest" time="0"/>
  <testcase name="testIsNotEmptyWithNull[fi]" classname="org.apache.commons.collections4.MapUtilsTest" time="0"/>
  <testcase name="testIterableSortedMap[fi]" classname="org.apache.commons.collections4.MapUtilsTest" time="0"/>
  <testcase name="testgetNumber[fi]" classname="org.apache.commons.collections4.MapUtilsTest" time="0"/>
  <testcase name="testgetObject[fi]" classname="org.apache.commons.collections4.MapUtilsTest" time="0"/>
  <testcase name="testgetString[fi]" classname="org.apache.commons.collections4.MapUtilsTest" time="0"/>
  <testcase name="testPutAll_Map_array[fi]" classname="org.apache.commons.collections4.MapUtilsTest" time="0"/>
  <testcase name="testVerbosePrintSelfReference[fi]" classname="org.apache.commons.collections4.MapUtilsTest" time="0"/>
  <testcase name="testDebugPrintNullLabel[fi]" classname="org.apache.commons.collections4.MapUtilsTest" time="0"/>
  <testcase name="testgetFloatValue[fi]" classname="org.apache.commons.collections4.MapUtilsTest" time="0"/>
  <testcase name="testConvertResourceBundle[fi]" classname="org.apache.commons.collections4.MapUtilsTest" time="0"/>
  <testcase name="testOrderedMap[fi]" classname="org.apache.commons.collections4.MapUtilsTest" time="0"/>
  <testcase name="testDebugPrintNullLabelAndMap[fi]" classname="org.apache.commons.collections4.MapUtilsTest" time="0"/>
  <testcase name="testEmptyIfNull[fi]" classname="org.apache.commons.collections4.MapUtilsTest" time="0"/>
  <testcase name="testgetIntValue[fi]" classname="org.apache.commons.collections4.MapUtilsTest" time="0"/>
  <testcase name="testDebugPrintSelfReference[fi]" classname="org.apache.commons.collections4.MapUtilsTest" time="0"/>
  <testcase name="testIterableMap[fi]" classname="org.apache.commons.collections4.MapUtilsTest" time="0"/>
  <testcase name="testDebugAndVerbosePrintNullMap[fi]" classname="org.apache.commons.collections4.MapUtilsTest" time="0"/>
  <testcase name="testVerbosePrintNullLabel[fi]" classname="org.apache.commons.collections4.MapUtilsTest" time="0"/>
  <testcase name="testDebugPrintNullKey[fi]" classname="org.apache.commons.collections4.MapUtilsTest" time="0"/>
  <testcase name="testPredicatedMap[fi]" classname="org.apache.commons.collections4.MapUtilsTest" time="0"/>
  <testcase name="testgetLongValue[fi]" classname="org.apache.commons.collections4.MapUtilsTest" time="0"/>
  <testcase name="testVerbosePrintNullKeyToMap1[fi]" classname="org.apache.commons.collections4.MapUtilsTest" time="0"/>
  <testcase name="testVerbosePrintNullKeyToMap2[fi]" classname="org.apache.commons.collections4.MapUtilsTest" time="0"/>
  <testcase name="testPopulateMap[fi]" classname="org.apache.commons.collections4.MapUtilsTest" time="0"/>
  <testcase name="testToPropertiesEmpty[fi]" classname="org.apache.commons.collections4.MapUtilsTest" time="0"/>
  <testcase name="testPopulateMultiMap[fi]" classname="org.apache.commons.collections4.MapUtilsTest" time="0"/>
  <testcase name="testDebugPrintNullStream[fi]" classname="org.apache.commons.collections4.MapUtilsTest" time="0"/>
  <testcase name="testgetBooleanValue[fi]" classname="org.apache.commons.collections4.MapUtilsTest" time="0"/>
  <testcase name="testIsEmptyWithEmptyMap[fi]" classname="org.apache.commons.collections4.MapUtilsTest" time="0"/>
  <testcase name="testVerbosePrintNullKey[fi]" classname="org.apache.commons.collections4.MapUtilsTest" time="0"/>
  <testcase name="testSizeNull[fi]" classname="org.apache.commons.collections4.MapUtilsTest" time="0"/>
  <testcase name="testDebugPrintNullKeyToMap1[fi]" classname="org.apache.commons.collections4.MapUtilsTest" time="0"/>
  <testcase name="testDebugPrintNullKeyToMap2[fi]" classname="org.apache.commons.collections4.MapUtilsTest" time="0"/>
  <testcase name="testDebugPrint[fi]" classname="org.apache.commons.collections4.MapUtilsTest" time="0"/>
  <testcase name="testgetDoubleValue[fi]" classname="org.apache.commons.collections4.MapUtilsTest" time="0"/>
  <testcase name="testVerbosePrintNullStream[fi]" classname="org.apache.commons.collections4.MapUtilsTest" time="0"/>
  <testcase name="testVerbosePrintNullLabelAndMap[fi_FI]" classname="org.apache.commons.collections4.MapUtilsTest" time="0"/>
  <testcase name="testgetMap[fi_FI]" classname="org.apache.commons.collections4.MapUtilsTest" time="0"/>
  <testcase name="testToProperties[fi_FI]" classname="org.apache.commons.collections4.MapUtilsTest" time="0"/>
  <testcase name="testgetShortValue[fi_FI]" classname="org.apache.commons.collections4.MapUtilsTest" time="0.001"/>
  <testcase name="testIsEmptyWithNull[fi_FI]" classname="org.apache.commons.collections4.MapUtilsTest" time="0"/>
  <testcase name="testVerbosePrint[fi_FI]" classname="org.apache.commons.collections4.MapUtilsTest" time="0"/>
  <testcase name="testLazyMapFactory[fi_FI]" classname="org.apache.commons.collections4.MapUtilsTest" time="0"/>
  <testcase name="testLazyMapTransformer[fi_FI]" classname="org.apache.commons.collections4.MapUtilsTest" time="0"/>
  <testcase name="testSafeAddToMap[fi_FI]" classname="org.apache.commons.collections4.MapUtilsTest" time="0"/>
  <testcase name="testIsEmptyWithNonEmptyMap[fi_FI]" classname="org.apache.commons.collections4.MapUtilsTest" time="0"/>
  <testcase name="testInvertMap[fi_FI]" classname="org.apache.commons.collections4.MapUtilsTest" time="0"/>
  <testcase name="testDebugAndVerbosePrintCasting[fi_FI]" classname="org.apache.commons.collections4.MapUtilsTest" time="0"/>
  <testcase name="testIsNotEmptyWithNonEmptyMap[fi_FI]" classname="org.apache.commons.collections4.MapUtilsTest" time="0"/>
  <testcase name="testgetByteValue[fi_FI]" classname="org.apache.commons.collections4.MapUtilsTest" time="0"/>
  <testcase name="testSize0[fi_FI]" classname="org.apache.commons.collections4.MapUtilsTest" time="0"/>
  <testcase name="testSize[fi_FI]" classname="org.apache.commons.collections4.MapUtilsTest" time="0"/>
  <testcase name="testIsNotEmptyWithEmptyMap[fi_FI]" classname="org.apache.commons.collections4.MapUtilsTest" time="0"/>
  <testcase name="testIsNotEmptyWithNull[fi_FI]" classname="org.apache.commons.collections4.MapUtilsTest" time="0"/>
  <testcase name="testIterableSortedMap[fi_FI]" classname="org.apache.commons.collections4.MapUtilsTest" time="0"/>
  <testcase name="testgetNumber[fi_FI]" classname="org.apache.commons.collections4.MapUtilsTest" time="0"/>
  <testcase name="testgetObject[fi_FI]" classname="org.apache.commons.collections4.MapUtilsTest" time="0"/>
  <testcase name="testgetString[fi_FI]" classname="org.apache.commons.collections4.MapUtilsTest" time="0"/>
  <testcase name="testPutAll_Map_array[fi_FI]" classname="org.apache.commons.collections4.MapUtilsTest" time="0"/>
  <testcase name="testVerbosePrintSelfReference[fi_FI]" classname="org.apache.commons.collections4.MapUtilsTest" time="0"/>
  <testcase name="testDebugPrintNullLabel[fi_FI]" classname="org.apache.commons.collections4.MapUtilsTest" time="0"/>
  <testcase name="testgetFloatValue[fi_FI]" classname="org.apache.commons.collections4.MapUtilsTest" time="0"/>
  <testcase name="testConvertResourceBundle[fi_FI]" classname="org.apache.commons.collections4.MapUtilsTest" time="0"/>
  <testcase name="testOrderedMap[fi_FI]" classname="org.apache.commons.collections4.MapUtilsTest" time="0"/>
  <testcase name="testDebugPrintNullLabelAndMap[fi_FI]" classname="org.apache.commons.collections4.MapUtilsTest" time="0"/>
  <testcase name="testEmptyIfNull[fi_FI]" classname="org.apache.commons.collections4.MapUtilsTest" time="0"/>
  <testcase name="testgetIntValue[fi_FI]" classname="org.apache.commons.collections4.MapUtilsTest" time="0"/>
  <testcase name="testDebugPrintSelfReference[fi_FI]" classname="org.apache.commons.collections4.MapUtilsTest" time="0"/>
  <testcase name="testIterableMap[fi_FI]" classname="org.apache.commons.collections4.MapUtilsTest" time="0"/>
  <testcase name="testDebugAndVerbosePrintNullMap[fi_FI]" classname="org.apache.commons.collections4.MapUtilsTest" time="0"/>
  <testcase name="testVerbosePrintNullLabel[fi_FI]" classname="org.apache.commons.collections4.MapUtilsTest" time="0"/>
  <testcase name="testDebugPrintNullKey[fi_FI]" classname="org.apache.commons.collections4.MapUtilsTest" time="0"/>
  <testcase name="testPredicatedMap[fi_FI]" classname="org.apache.commons.collections4.MapUtilsTest" time="0"/>
  <testcase name="testgetLongValue[fi_FI]" classname="org.apache.commons.collections4.MapUtilsTest" time="0"/>
  <testcase name="testVerbosePrintNullKeyToMap1[fi_FI]" classname="org.apache.commons.collections4.MapUtilsTest" time="0"/>
  <testcase name="testVerbosePrintNullKeyToMap2[fi_FI]" classname="org.apache.commons.collections4.MapUtilsTest" time="0"/>
  <testcase name="testPopulateMap[fi_FI]" classname="org.apache.commons.collections4.MapUtilsTest" time="0"/>
  <testcase name="testToPropertiesEmpty[fi_FI]" classname="org.apache.commons.collections4.MapUtilsTest" time="0"/>
  <testcase name="testPopulateMultiMap[fi_FI]" classname="org.apache.commons.collections4.MapUtilsTest" time="0"/>
  <testcase name="testDebugPrintNullStream[fi_FI]" classname="org.apache.commons.collections4.MapUtilsTest" time="0.001"/>
  <testcase name="testgetBooleanValue[fi_FI]" classname="org.apache.commons.collections4.MapUtilsTest" time="0"/>
  <testcase name="testIsEmptyWithEmptyMap[fi_FI]" classname="org.apache.commons.collections4.MapUtilsTest" time="0"/>
  <testcase name="testVerbosePrintNullKey[fi_FI]" classname="org.apache.commons.collections4.MapUtilsTest" time="0"/>
  <testcase name="testSizeNull[fi_FI]" classname="org.apache.commons.collections4.MapUtilsTest" time="0"/>
  <testcase name="testDebugPrintNullKeyToMap1[fi_FI]" classname="org.apache.commons.collections4.MapUtilsTest" time="0"/>
  <testcase name="testDebugPrintNullKeyToMap2[fi_FI]" classname="org.apache.commons.collections4.MapUtilsTest" time="0"/>
  <testcase name="testDebugPrint[fi_FI]" classname="org.apache.commons.collections4.MapUtilsTest" time="0"/>
  <testcase name="testgetDoubleValue[fi_FI]" classname="org.apache.commons.collections4.MapUtilsTest" time="0"/>
  <testcase name="testVerbosePrintNullStream[fi_FI]" classname="org.apache.commons.collections4.MapUtilsTest" time="0"/>
  <testcase name="testVerbosePrintNullLabelAndMap[fr]" classname="org.apache.commons.collections4.MapUtilsTest" time="0"/>
  <testcase name="testgetMap[fr]" classname="org.apache.commons.collections4.MapUtilsTest" time="0"/>
  <testcase name="testToProperties[fr]" classname="org.apache.commons.collections4.MapUtilsTest" time="0"/>
  <testcase name="testgetShortValue[fr]" classname="org.apache.commons.collections4.MapUtilsTest" time="0"/>
  <testcase name="testIsEmptyWithNull[fr]" classname="org.apache.commons.collections4.MapUtilsTest" time="0"/>
  <testcase name="testVerbosePrint[fr]" classname="org.apache.commons.collections4.MapUtilsTest" time="0"/>
  <testcase name="testLazyMapFactory[fr]" classname="org.apache.commons.collections4.MapUtilsTest" time="0"/>
  <testcase name="testLazyMapTransformer[fr]" classname="org.apache.commons.collections4.MapUtilsTest" time="0"/>
  <testcase name="testSafeAddToMap[fr]" classname="org.apache.commons.collections4.MapUtilsTest" time="0"/>
  <testcase name="testIsEmptyWithNonEmptyMap[fr]" classname="org.apache.commons.collections4.MapUtilsTest" time="0"/>
  <testcase name="testInvertMap[fr]" classname="org.apache.commons.collections4.MapUtilsTest" time="0"/>
  <testcase name="testDebugAndVerbosePrintCasting[fr]" classname="org.apache.commons.collections4.MapUtilsTest" time="0.001"/>
  <testcase name="testIsNotEmptyWithNonEmptyMap[fr]" classname="org.apache.commons.collections4.MapUtilsTest" time="0"/>
  <testcase name="testgetByteValue[fr]" classname="org.apache.commons.collections4.MapUtilsTest" time="0"/>
  <testcase name="testSize0[fr]" classname="org.apache.commons.collections4.MapUtilsTest" time="0"/>
  <testcase name="testSize[fr]" classname="org.apache.commons.collections4.MapUtilsTest" time="0"/>
  <testcase name="testIsNotEmptyWithEmptyMap[fr]" classname="org.apache.commons.collections4.MapUtilsTest" time="0"/>
  <testcase name="testIsNotEmptyWithNull[fr]" classname="org.apache.commons.collections4.MapUtilsTest" time="0"/>
  <testcase name="testIterableSortedMap[fr]" classname="org.apache.commons.collections4.MapUtilsTest" time="0"/>
  <testcase name="testgetNumber[fr]" classname="org.apache.commons.collections4.MapUtilsTest" time="0"/>
  <testcase name="testgetObject[fr]" classname="org.apache.commons.collections4.MapUtilsTest" time="0"/>
  <testcase name="testgetString[fr]" classname="org.apache.commons.collections4.MapUtilsTest" time="0"/>
  <testcase name="testPutAll_Map_array[fr]" classname="org.apache.commons.collections4.MapUtilsTest" time="0"/>
  <testcase name="testVerbosePrintSelfReference[fr]" classname="org.apache.commons.collections4.MapUtilsTest" time="0"/>
  <testcase name="testDebugPrintNullLabel[fr]" classname="org.apache.commons.collections4.MapUtilsTest" time="0"/>
  <testcase name="testgetFloatValue[fr]" classname="org.apache.commons.collections4.MapUtilsTest" time="0"/>
  <testcase name="testConvertResourceBundle[fr]" classname="org.apache.commons.collections4.MapUtilsTest" time="0"/>
  <testcase name="testOrderedMap[fr]" classname="org.apache.commons.collections4.MapUtilsTest" time="0"/>
  <testcase name="testDebugPrintNullLabelAndMap[fr]" classname="org.apache.commons.collections4.MapUtilsTest" time="0"/>
  <testcase name="testEmptyIfNull[fr]" classname="org.apache.commons.collections4.MapUtilsTest" time="0"/>
  <testcase name="testgetIntValue[fr]" classname="org.apache.commons.collections4.MapUtilsTest" time="0"/>
  <testcase name="testDebugPrintSelfReference[fr]" classname="org.apache.commons.collections4.MapUtilsTest" time="0"/>
  <testcase name="testIterableMap[fr]" classname="org.apache.commons.collections4.MapUtilsTest" time="0"/>
  <testcase name="testDebugAndVerbosePrintNullMap[fr]" classname="org.apache.commons.collections4.MapUtilsTest" time="0"/>
  <testcase name="testVerbosePrintNullLabel[fr]" classname="org.apache.commons.collections4.MapUtilsTest" time="0"/>
  <testcase name="testDebugPrintNullKey[fr]" classname="org.apache.commons.collections4.MapUtilsTest" time="0"/>
  <testcase name="testPredicatedMap[fr]" classname="org.apache.commons.collections4.MapUtilsTest" time="0"/>
  <testcase name="testgetLongValue[fr]" classname="org.apache.commons.collections4.MapUtilsTest" time="0"/>
  <testcase name="testVerbosePrintNullKeyToMap1[fr]" classname="org.apache.commons.collections4.MapUtilsTest" time="0"/>
  <testcase name="testVerbosePrintNullKeyToMap2[fr]" classname="org.apache.commons.collections4.MapUtilsTest" time="0"/>
  <testcase name="testPopulateMap[fr]" classname="org.apache.commons.collections4.MapUtilsTest" time="0"/>
  <testcase name="testToPropertiesEmpty[fr]" classname="org.apache.commons.collections4.MapUtilsTest" time="0"/>
  <testcase name="testPopulateMultiMap[fr]" classname="org.apache.commons.collections4.MapUtilsTest" time="0"/>
  <testcase name="testDebugPrintNullStream[fr]" classname="org.apache.commons.collections4.MapUtilsTest" time="0"/>
  <testcase name="testgetBooleanValue[fr]" classname="org.apache.commons.collections4.MapUtilsTest" time="0"/>
  <testcase name="testIsEmptyWithEmptyMap[fr]" classname="org.apache.commons.collections4.MapUtilsTest" time="0"/>
  <testcase name="testVerbosePrintNullKey[fr]" classname="org.apache.commons.collections4.MapUtilsTest" time="0"/>
  <testcase name="testSizeNull[fr]" classname="org.apache.commons.collections4.MapUtilsTest" time="0"/>
  <testcase name="testDebugPrintNullKeyToMap1[fr]" classname="org.apache.commons.collections4.MapUtilsTest" time="0"/>
  <testcase name="testDebugPrintNullKeyToMap2[fr]" classname="org.apache.commons.collections4.MapUtilsTest" time="0"/>
  <testcase name="testDebugPrint[fr]" classname="org.apache.commons.collections4.MapUtilsTest" time="0"/>
  <testcase name="testgetDoubleValue[fr]" classname="org.apache.commons.collections4.MapUtilsTest" time="0"/>
  <testcase name="testVerbosePrintNullStream[fr]" classname="org.apache.commons.collections4.MapUtilsTest" time="0"/>
  <testcase name="testVerbosePrintNullLabelAndMap[fr_BE]" classname="org.apache.commons.collections4.MapUtilsTest" time="0"/>
  <testcase name="testgetMap[fr_BE]" classname="org.apache.commons.collections4.MapUtilsTest" time="0"/>
  <testcase name="testToProperties[fr_BE]" classname="org.apache.commons.collections4.MapUtilsTest" time="0"/>
  <testcase name="testgetShortValue[fr_BE]" classname="org.apache.commons.collections4.MapUtilsTest" time="0.001"/>
  <testcase name="testIsEmptyWithNull[fr_BE]" classname="org.apache.commons.collections4.MapUtilsTest" time="0"/>
  <testcase name="testVerbosePrint[fr_BE]" classname="org.apache.commons.collections4.MapUtilsTest" time="0"/>
  <testcase name="testLazyMapFactory[fr_BE]" classname="org.apache.commons.collections4.MapUtilsTest" time="0"/>
  <testcase name="testLazyMapTransformer[fr_BE]" classname="org.apache.commons.collections4.MapUtilsTest" time="0"/>
  <testcase name="testSafeAddToMap[fr_BE]" classname="org.apache.commons.collections4.MapUtilsTest" time="0"/>
  <testcase name="testIsEmptyWithNonEmptyMap[fr_BE]" classname="org.apache.commons.collections4.MapUtilsTest" time="0"/>
  <testcase name="testInvertMap[fr_BE]" classname="org.apache.commons.collections4.MapUtilsTest" time="0"/>
  <testcase name="testDebugAndVerbosePrintCasting[fr_BE]" classname="org.apache.commons.collections4.MapUtilsTest" time="0"/>
  <testcase name="testIsNotEmptyWithNonEmptyMap[fr_BE]" classname="org.apache.commons.collections4.MapUtilsTest" time="0"/>
  <testcase name="testgetByteValue[fr_BE]" classname="org.apache.commons.collections4.MapUtilsTest" time="0"/>
  <testcase name="testSize0[fr_BE]" classname="org.apache.commons.collections4.MapUtilsTest" time="0"/>
  <testcase name="testSize[fr_BE]" classname="org.apache.commons.collections4.MapUtilsTest" time="0"/>
  <testcase name="testIsNotEmptyWithEmptyMap[fr_BE]" classname="org.apache.commons.collections4.MapUtilsTest" time="0"/>
  <testcase name="testIsNotEmptyWithNull[fr_BE]" classname="org.apache.commons.collections4.MapUtilsTest" time="0"/>
  <testcase name="testIterableSortedMap[fr_BE]" classname="org.apache.commons.collections4.MapUtilsTest" time="0"/>
  <testcase name="testgetNumber[fr_BE]" classname="org.apache.commons.collections4.MapUtilsTest" time="0"/>
  <testcase name="testgetObject[fr_BE]" classname="org.apache.commons.collections4.MapUtilsTest" time="0"/>
  <testcase name="testgetString[fr_BE]" classname="org.apache.commons.collections4.MapUtilsTest" time="0"/>
  <testcase name="testPutAll_Map_array[fr_BE]" classname="org.apache.commons.collections4.MapUtilsTest" time="0"/>
  <testcase name="testVerbosePrintSelfReference[fr_BE]" classname="org.apache.commons.collections4.MapUtilsTest" time="0"/>
  <testcase name="testDebugPrintNullLabel[fr_BE]" classname="org.apache.commons.collections4.MapUtilsTest" time="0"/>
  <testcase name="testgetFloatValue[fr_BE]" classname="org.apache.commons.collections4.MapUtilsTest" time="0.001"/>
  <testcase name="testConvertResourceBundle[fr_BE]" classname="org.apache.commons.collections4.MapUtilsTest" time="0"/>
  <testcase name="testOrderedMap[fr_BE]" classname="org.apache.commons.collections4.MapUtilsTest" time="0"/>
  <testcase name="testDebugPrintNullLabelAndMap[fr_BE]" classname="org.apache.commons.collections4.MapUtilsTest" time="0"/>
  <testcase name="testEmptyIfNull[fr_BE]" classname="org.apache.commons.collections4.MapUtilsTest" time="0"/>
  <testcase name="testgetIntValue[fr_BE]" classname="org.apache.commons.collections4.MapUtilsTest" time="0"/>
  <testcase name="testDebugPrintSelfReference[fr_BE]" classname="org.apache.commons.collections4.MapUtilsTest" time="0"/>
  <testcase name="testIterableMap[fr_BE]" classname="org.apache.commons.collections4.MapUtilsTest" time="0"/>
  <testcase name="testDebugAndVerbosePrintNullMap[fr_BE]" classname="org.apache.commons.collections4.MapUtilsTest" time="0"/>
  <testcase name="testVerbosePrintNullLabel[fr_BE]" classname="org.apache.commons.collections4.MapUtilsTest" time="0"/>
  <testcase name="testDebugPrintNullKey[fr_BE]" classname="org.apache.commons.collections4.MapUtilsTest" time="0"/>
  <testcase name="testPredicatedMap[fr_BE]" classname="org.apache.commons.collections4.MapUtilsTest" time="0"/>
  <testcase name="testgetLongValue[fr_BE]" classname="org.apache.commons.collections4.MapUtilsTest" time="0"/>
  <testcase name="testVerbosePrintNullKeyToMap1[fr_BE]" classname="org.apache.commons.collections4.MapUtilsTest" time="0"/>
  <testcase name="testVerbosePrintNullKeyToMap2[fr_BE]" classname="org.apache.commons.collections4.MapUtilsTest" time="0"/>
  <testcase name="testPopulateMap[fr_BE]" classname="org.apache.commons.collections4.MapUtilsTest" time="0"/>
  <testcase name="testToPropertiesEmpty[fr_BE]" classname="org.apache.commons.collections4.MapUtilsTest" time="0"/>
  <testcase name="testPopulateMultiMap[fr_BE]" classname="org.apache.commons.collections4.MapUtilsTest" time="0"/>
  <testcase name="testDebugPrintNullStream[fr_BE]" classname="org.apache.commons.collections4.MapUtilsTest" time="0"/>
  <testcase name="testgetBooleanValue[fr_BE]" classname="org.apache.commons.collections4.MapUtilsTest" time="0"/>
  <testcase name="testIsEmptyWithEmptyMap[fr_BE]" classname="org.apache.commons.collections4.MapUtilsTest" time="0"/>
  <testcase name="testVerbosePrintNullKey[fr_BE]" classname="org.apache.commons.collections4.MapUtilsTest" time="0"/>
  <testcase name="testSizeNull[fr_BE]" classname="org.apache.commons.collections4.MapUtilsTest" time="0"/>
  <testcase name="testDebugPrintNullKeyToMap1[fr_BE]" classname="org.apache.commons.collections4.MapUtilsTest" time="0"/>
  <testcase name="testDebugPrintNullKeyToMap2[fr_BE]" classname="org.apache.commons.collections4.MapUtilsTest" time="0"/>
  <testcase name="testDebugPrint[fr_BE]" classname="org.apache.commons.collections4.MapUtilsTest" time="0"/>
  <testcase name="testgetDoubleValue[fr_BE]" classname="org.apache.commons.collections4.MapUtilsTest" time="0"/>
  <testcase name="testVerbosePrintNullStream[fr_BE]" classname="org.apache.commons.collections4.MapUtilsTest" time="0"/>
  <testcase name="testVerbosePrintNullLabelAndMap[fr_CA]" classname="org.apache.commons.collections4.MapUtilsTest" time="0"/>
  <testcase name="testgetMap[fr_CA]" classname="org.apache.commons.collections4.MapUtilsTest" time="0"/>
  <testcase name="testToProperties[fr_CA]" classname="org.apache.commons.collections4.MapUtilsTest" time="0"/>
  <testcase name="testgetShortValue[fr_CA]" classname="org.apache.commons.collections4.MapUtilsTest" time="0.001"/>
  <testcase name="testIsEmptyWithNull[fr_CA]" classname="org.apache.commons.collections4.MapUtilsTest" time="0"/>
  <testcase name="testVerbosePrint[fr_CA]" classname="org.apache.commons.collections4.MapUtilsTest" time="0"/>
  <testcase name="testLazyMapFactory[fr_CA]" classname="org.apache.commons.collections4.MapUtilsTest" time="0"/>
  <testcase name="testLazyMapTransformer[fr_CA]" classname="org.apache.commons.collections4.MapUtilsTest" time="0"/>
  <testcase name="testSafeAddToMap[fr_CA]" classname="org.apache.commons.collections4.MapUtilsTest" time="0"/>
  <testcase name="testIsEmptyWithNonEmptyMap[fr_CA]" classname="org.apache.commons.collections4.MapUtilsTest" time="0"/>
  <testcase name="testInvertMap[fr_CA]" classname="org.apache.commons.collections4.MapUtilsTest" time="0"/>
  <testcase name="testDebugAndVerbosePrintCasting[fr_CA]" classname="org.apache.commons.collections4.MapUtilsTest" time="0"/>
  <testcase name="testIsNotEmptyWithNonEmptyMap[fr_CA]" classname="org.apache.commons.collections4.MapUtilsTest" time="0"/>
  <testcase name="testgetByteValue[fr_CA]" classname="org.apache.commons.collections4.MapUtilsTest" time="0"/>
  <testcase name="testSize0[fr_CA]" classname="org.apache.commons.collections4.MapUtilsTest" time="0"/>
  <testcase name="testSize[fr_CA]" classname="org.apache.commons.collections4.MapUtilsTest" time="0"/>
  <testcase name="testIsNotEmptyWithEmptyMap[fr_CA]" classname="org.apache.commons.collections4.MapUtilsTest" time="0"/>
  <testcase name="testIsNotEmptyWithNull[fr_CA]" classname="org.apache.commons.collections4.MapUtilsTest" time="0"/>
  <testcase name="testIterableSortedMap[fr_CA]" classname="org.apache.commons.collections4.MapUtilsTest" time="0"/>
  <testcase name="testgetNumber[fr_CA]" classname="org.apache.commons.collections4.MapUtilsTest" time="0"/>
  <testcase name="testgetObject[fr_CA]" classname="org.apache.commons.collections4.MapUtilsTest" time="0"/>
  <testcase name="testgetString[fr_CA]" classname="org.apache.commons.collections4.MapUtilsTest" time="0"/>
  <testcase name="testPutAll_Map_array[fr_CA]" classname="org.apache.commons.collections4.MapUtilsTest" time="0"/>
  <testcase name="testVerbosePrintSelfReference[fr_CA]" classname="org.apache.commons.collections4.MapUtilsTest" time="0"/>
  <testcase name="testDebugPrintNullLabel[fr_CA]" classname="org.apache.commons.collections4.MapUtilsTest" time="0"/>
  <testcase name="testgetFloatValue[fr_CA]" classname="org.apache.commons.collections4.MapUtilsTest" time="0"/>
  <testcase name="testConvertResourceBundle[fr_CA]" classname="org.apache.commons.collections4.MapUtilsTest" time="0"/>
  <testcase name="testOrderedMap[fr_CA]" classname="org.apache.commons.collections4.MapUtilsTest" time="0"/>
  <testcase name="testDebugPrintNullLabelAndMap[fr_CA]" classname="org.apache.commons.collections4.MapUtilsTest" time="0"/>
  <testcase name="testEmptyIfNull[fr_CA]" classname="org.apache.commons.collections4.MapUtilsTest" time="0"/>
  <testcase name="testgetIntValue[fr_CA]" classname="org.apache.commons.collections4.MapUtilsTest" time="0"/>
  <testcase name="testDebugPrintSelfReference[fr_CA]" classname="org.apache.commons.collections4.MapUtilsTest" time="0"/>
  <testcase name="testIterableMap[fr_CA]" classname="org.apache.commons.collections4.MapUtilsTest" time="0"/>
  <testcase name="testDebugAndVerbosePrintNullMap[fr_CA]" classname="org.apache.commons.collections4.MapUtilsTest" time="0.001"/>
  <testcase name="testVerbosePrintNullLabel[fr_CA]" classname="org.apache.commons.collections4.MapUtilsTest" time="0"/>
  <testcase name="testDebugPrintNullKey[fr_CA]" classname="org.apache.commons.collections4.MapUtilsTest" time="0"/>
  <testcase name="testPredicatedMap[fr_CA]" classname="org.apache.commons.collections4.MapUtilsTest" time="0"/>
  <testcase name="testgetLongValue[fr_CA]" classname="org.apache.commons.collections4.MapUtilsTest" time="0"/>
  <testcase name="testVerbosePrintNullKeyToMap1[fr_CA]" classname="org.apache.commons.collections4.MapUtilsTest" time="0"/>
  <testcase name="testVerbosePrintNullKeyToMap2[fr_CA]" classname="org.apache.commons.collections4.MapUtilsTest" time="0"/>
  <testcase name="testPopulateMap[fr_CA]" classname="org.apache.commons.collections4.MapUtilsTest" time="0"/>
  <testcase name="testToPropertiesEmpty[fr_CA]" classname="org.apache.commons.collections4.MapUtilsTest" time="0"/>
  <testcase name="testPopulateMultiMap[fr_CA]" classname="org.apache.commons.collections4.MapUtilsTest" time="0"/>
  <testcase name="testDebugPrintNullStream[fr_CA]" classname="org.apache.commons.collections4.MapUtilsTest" time="0"/>
  <testcase name="testgetBooleanValue[fr_CA]" classname="org.apache.commons.collections4.MapUtilsTest" time="0"/>
  <testcase name="testIsEmptyWithEmptyMap[fr_CA]" classname="org.apache.commons.collections4.MapUtilsTest" time="0"/>
  <testcase name="testVerbosePrintNullKey[fr_CA]" classname="org.apache.commons.collections4.MapUtilsTest" time="0"/>
  <testcase name="testSizeNull[fr_CA]" classname="org.apache.commons.collections4.MapUtilsTest" time="0"/>
  <testcase name="testDebugPrintNullKeyToMap1[fr_CA]" classname="org.apache.commons.collections4.MapUtilsTest" time="0"/>
  <testcase name="testDebugPrintNullKeyToMap2[fr_CA]" classname="org.apache.commons.collections4.MapUtilsTest" time="0"/>
  <testcase name="testDebugPrint[fr_CA]" classname="org.apache.commons.collections4.MapUtilsTest" time="0"/>
  <testcase name="testgetDoubleValue[fr_CA]" classname="org.apache.commons.collections4.MapUtilsTest" time="0"/>
  <testcase name="testVerbosePrintNullStream[fr_CA]" classname="org.apache.commons.collections4.MapUtilsTest" time="0"/>
  <testcase name="testVerbosePrintNullLabelAndMap[fr_CH]" classname="org.apache.commons.collections4.MapUtilsTest" time="0"/>
  <testcase name="testgetMap[fr_CH]" classname="org.apache.commons.collections4.MapUtilsTest" time="0"/>
  <testcase name="testToProperties[fr_CH]" classname="org.apache.commons.collections4.MapUtilsTest" time="0"/>
  <testcase name="testgetShortValue[fr_CH]" classname="org.apache.commons.collections4.MapUtilsTest" time="0.001"/>
  <testcase name="testIsEmptyWithNull[fr_CH]" classname="org.apache.commons.collections4.MapUtilsTest" time="0"/>
  <testcase name="testVerbosePrint[fr_CH]" classname="org.apache.commons.collections4.MapUtilsTest" time="0"/>
  <testcase name="testLazyMapFactory[fr_CH]" classname="org.apache.commons.collections4.MapUtilsTest" time="0"/>
  <testcase name="testLazyMapTransformer[fr_CH]" classname="org.apache.commons.collections4.MapUtilsTest" time="0"/>
  <testcase name="testSafeAddToMap[fr_CH]" classname="org.apache.commons.collections4.MapUtilsTest" time="0"/>
  <testcase name="testIsEmptyWithNonEmptyMap[fr_CH]" classname="org.apache.commons.collections4.MapUtilsTest" time="0"/>
  <testcase name="testInvertMap[fr_CH]" classname="org.apache.commons.collections4.MapUtilsTest" time="0"/>
  <testcase name="testDebugAndVerbosePrintCasting[fr_CH]" classname="org.apache.commons.collections4.MapUtilsTest" time="0"/>
  <testcase name="testIsNotEmptyWithNonEmptyMap[fr_CH]" classname="org.apache.commons.collections4.MapUtilsTest" time="0"/>
  <testcase name="testgetByteValue[fr_CH]" classname="org.apache.commons.collections4.MapUtilsTest" time="0"/>
  <testcase name="testSize0[fr_CH]" classname="org.apache.commons.collections4.MapUtilsTest" time="0"/>
  <testcase name="testSize[fr_CH]" classname="org.apache.commons.collections4.MapUtilsTest" time="0"/>
  <testcase name="testIsNotEmptyWithEmptyMap[fr_CH]" classname="org.apache.commons.collections4.MapUtilsTest" time="0"/>
  <testcase name="testIsNotEmptyWithNull[fr_CH]" classname="org.apache.commons.collections4.MapUtilsTest" time="0"/>
  <testcase name="testIterableSortedMap[fr_CH]" classname="org.apache.commons.collections4.MapUtilsTest" time="0"/>
  <testcase name="testgetNumber[fr_CH]" classname="org.apache.commons.collections4.MapUtilsTest" time="0"/>
  <testcase name="testgetObject[fr_CH]" classname="org.apache.commons.collections4.MapUtilsTest" time="0"/>
  <testcase name="testgetString[fr_CH]" classname="org.apache.commons.collections4.MapUtilsTest" time="0"/>
  <testcase name="testPutAll_Map_array[fr_CH]" classname="org.apache.commons.collections4.MapUtilsTest" time="0"/>
  <testcase name="testVerbosePrintSelfReference[fr_CH]" classname="org.apache.commons.collections4.MapUtilsTest" time="0"/>
  <testcase name="testDebugPrintNullLabel[fr_CH]" classname="org.apache.commons.collections4.MapUtilsTest" time="0"/>
  <testcase name="testgetFloatValue[fr_CH]" classname="org.apache.commons.collections4.MapUtilsTest" time="0"/>
  <testcase name="testConvertResourceBundle[fr_CH]" classname="org.apache.commons.collections4.MapUtilsTest" time="0"/>
  <testcase name="testOrderedMap[fr_CH]" classname="org.apache.commons.collections4.MapUtilsTest" time="0"/>
  <testcase name="testDebugPrintNullLabelAndMap[fr_CH]" classname="org.apache.commons.collections4.MapUtilsTest" time="0"/>
  <testcase name="testEmptyIfNull[fr_CH]" classname="org.apache.commons.collections4.MapUtilsTest" time="0"/>
  <testcase name="testgetIntValue[fr_CH]" classname="org.apache.commons.collections4.MapUtilsTest" time="0"/>
  <testcase name="testDebugPrintSelfReference[fr_CH]" classname="org.apache.commons.collections4.MapUtilsTest" time="0"/>
  <testcase name="testIterableMap[fr_CH]" classname="org.apache.commons.collections4.MapUtilsTest" time="0"/>
  <testcase name="testDebugAndVerbosePrintNullMap[fr_CH]" classname="org.apache.commons.collections4.MapUtilsTest" time="0"/>
  <testcase name="testVerbosePrintNullLabel[fr_CH]" classname="org.apache.commons.collections4.MapUtilsTest" time="0"/>
  <testcase name="testDebugPrintNullKey[fr_CH]" classname="org.apache.commons.collections4.MapUtilsTest" time="0"/>
  <testcase name="testPredicatedMap[fr_CH]" classname="org.apache.commons.collections4.MapUtilsTest" time="0"/>
  <testcase name="testgetLongValue[fr_CH]" classname="org.apache.commons.collections4.MapUtilsTest" time="0"/>
  <testcase name="testVerbosePrintNullKeyToMap1[fr_CH]" classname="org.apache.commons.collections4.MapUtilsTest" time="0"/>
  <testcase name="testVerbosePrintNullKeyToMap2[fr_CH]" classname="org.apache.commons.collections4.MapUtilsTest" time="0"/>
  <testcase name="testPopulateMap[fr_CH]" classname="org.apache.commons.collections4.MapUtilsTest" time="0.001"/>
  <testcase name="testToPropertiesEmpty[fr_CH]" classname="org.apache.commons.collections4.MapUtilsTest" time="0"/>
  <testcase name="testPopulateMultiMap[fr_CH]" classname="org.apache.commons.collections4.MapUtilsTest" time="0"/>
  <testcase name="testDebugPrintNullStream[fr_CH]" classname="org.apache.commons.collections4.MapUtilsTest" time="0"/>
  <testcase name="testgetBooleanValue[fr_CH]" classname="org.apache.commons.collections4.MapUtilsTest" time="0"/>
  <testcase name="testIsEmptyWithEmptyMap[fr_CH]" classname="org.apache.commons.collections4.MapUtilsTest" time="0"/>
  <testcase name="testVerbosePrintNullKey[fr_CH]" classname="org.apache.commons.collections4.MapUtilsTest" time="0"/>
  <testcase name="testSizeNull[fr_CH]" classname="org.apache.commons.collections4.MapUtilsTest" time="0"/>
  <testcase name="testDebugPrintNullKeyToMap1[fr_CH]" classname="org.apache.commons.collections4.MapUtilsTest" time="0"/>
  <testcase name="testDebugPrintNullKeyToMap2[fr_CH]" classname="org.apache.commons.collections4.MapUtilsTest" time="0"/>
  <testcase name="testDebugPrint[fr_CH]" classname="org.apache.commons.collections4.MapUtilsTest" time="0"/>
  <testcase name="testgetDoubleValue[fr_CH]" classname="org.apache.commons.collections4.MapUtilsTest" time="0"/>
  <testcase name="testVerbosePrintNullStream[fr_CH]" classname="org.apache.commons.collections4.MapUtilsTest" time="0"/>
  <testcase name="testVerbosePrintNullLabelAndMap[fr_FR]" classname="org.apache.commons.collections4.MapUtilsTest" time="0"/>
  <testcase name="testgetMap[fr_FR]" classname="org.apache.commons.collections4.MapUtilsTest" time="0"/>
  <testcase name="testToProperties[fr_FR]" classname="org.apache.commons.collections4.MapUtilsTest" time="0"/>
  <testcase name="testgetShortValue[fr_FR]" classname="org.apache.commons.collections4.MapUtilsTest" time="0"/>
  <testcase name="testIsEmptyWithNull[fr_FR]" classname="org.apache.commons.collections4.MapUtilsTest" time="0"/>
  <testcase name="testVerbosePrint[fr_FR]" classname="org.apache.commons.collections4.MapUtilsTest" time="0"/>
  <testcase name="testLazyMapFactory[fr_FR]" classname="org.apache.commons.collections4.MapUtilsTest" time="0"/>
  <testcase name="testLazyMapTransformer[fr_FR]" classname="org.apache.commons.collections4.MapUtilsTest" time="0"/>
  <testcase name="testSafeAddToMap[fr_FR]" classname="org.apache.commons.collections4.MapUtilsTest" time="0"/>
  <testcase name="testIsEmptyWithNonEmptyMap[fr_FR]" classname="org.apache.commons.collections4.MapUtilsTest" time="0"/>
  <testcase name="testInvertMap[fr_FR]" classname="org.apache.commons.collections4.MapUtilsTest" time="0"/>
  <testcase name="testDebugAndVerbosePrintCasting[fr_FR]" classname="org.apache.commons.collections4.MapUtilsTest" time="0"/>
  <testcase name="testIsNotEmptyWithNonEmptyMap[fr_FR]" classname="org.apache.commons.collections4.MapUtilsTest" time="0"/>
  <testcase name="testgetByteValue[fr_FR]" classname="org.apache.commons.collections4.MapUtilsTest" time="0"/>
  <testcase name="testSize0[fr_FR]" classname="org.apache.commons.collections4.MapUtilsTest" time="0"/>
  <testcase name="testSize[fr_FR]" classname="org.apache.commons.collections4.MapUtilsTest" time="0"/>
  <testcase name="testIsNotEmptyWithEmptyMap[fr_FR]" classname="org.apache.commons.collections4.MapUtilsTest" time="0"/>
  <testcase name="testIsNotEmptyWithNull[fr_FR]" classname="org.apache.commons.collections4.MapUtilsTest" time="0"/>
  <testcase name="testIterableSortedMap[fr_FR]" classname="org.apache.commons.collections4.MapUtilsTest" time="0"/>
  <testcase name="testgetNumber[fr_FR]" classname="org.apache.commons.collections4.MapUtilsTest" time="0"/>
  <testcase name="testgetObject[fr_FR]" classname="org.apache.commons.collections4.MapUtilsTest" time="0"/>
  <testcase name="testgetString[fr_FR]" classname="org.apache.commons.collections4.MapUtilsTest" time="0"/>
  <testcase name="testPutAll_Map_array[fr_FR]" classname="org.apache.commons.collections4.MapUtilsTest" time="0"/>
  <testcase name="testVerbosePrintSelfReference[fr_FR]" classname="org.apache.commons.collections4.MapUtilsTest" time="0"/>
  <testcase name="testDebugPrintNullLabel[fr_FR]" classname="org.apache.commons.collections4.MapUtilsTest" time="0"/>
  <testcase name="testgetFloatValue[fr_FR]" classname="org.apache.commons.collections4.MapUtilsTest" time="0"/>
  <testcase name="testConvertResourceBundle[fr_FR]" classname="org.apache.commons.collections4.MapUtilsTest" time="0"/>
  <testcase name="testOrderedMap[fr_FR]" classname="org.apache.commons.collections4.MapUtilsTest" time="0"/>
  <testcase name="testDebugPrintNullLabelAndMap[fr_FR]" classname="org.apache.commons.collections4.MapUtilsTest" time="0"/>
  <testcase name="testEmptyIfNull[fr_FR]" classname="org.apache.commons.collections4.MapUtilsTest" time="0"/>
  <testcase name="testgetIntValue[fr_FR]" classname="org.apache.commons.collections4.MapUtilsTest" time="0"/>
  <testcase name="testDebugPrintSelfReference[fr_FR]" classname="org.apache.commons.collections4.MapUtilsTest" time="0"/>
  <testcase name="testIterableMap[fr_FR]" classname="org.apache.commons.collections4.MapUtilsTest" time="0"/>
  <testcase name="testDebugAndVerbosePrintNullMap[fr_FR]" classname="org.apache.commons.collections4.MapUtilsTest" time="0"/>
  <testcase name="testVerbosePrintNullLabel[fr_FR]" classname="org.apache.commons.collections4.MapUtilsTest" time="0"/>
  <testcase name="testDebugPrintNullKey[fr_FR]" classname="org.apache.commons.collections4.MapUtilsTest" time="0"/>
  <testcase name="testPredicatedMap[fr_FR]" classname="org.apache.commons.collections4.MapUtilsTest" time="0"/>
  <testcase name="testgetLongValue[fr_FR]" classname="org.apache.commons.collections4.MapUtilsTest" time="0"/>
  <testcase name="testVerbosePrintNullKeyToMap1[fr_FR]" classname="org.apache.commons.collections4.MapUtilsTest" time="0"/>
  <testcase name="testVerbosePrintNullKeyToMap2[fr_FR]" classname="org.apache.commons.collections4.MapUtilsTest" time="0"/>
  <testcase name="testPopulateMap[fr_FR]" classname="org.apache.commons.collections4.MapUtilsTest" time="0"/>
  <testcase name="testToPropertiesEmpty[fr_FR]" classname="org.apache.commons.collections4.MapUtilsTest" time="0"/>
  <testcase name="testPopulateMultiMap[fr_FR]" classname="org.apache.commons.collections4.MapUtilsTest" time="0"/>
  <testcase name="testDebugPrintNullStream[fr_FR]" classname="org.apache.commons.collections4.MapUtilsTest" time="0"/>
  <testcase name="testgetBooleanValue[fr_FR]" classname="org.apache.commons.collections4.MapUtilsTest" time="0"/>
  <testcase name="testIsEmptyWithEmptyMap[fr_FR]" classname="org.apache.commons.collections4.MapUtilsTest" time="0"/>
  <testcase name="testVerbosePrintNullKey[fr_FR]" classname="org.apache.commons.collections4.MapUtilsTest" time="0"/>
  <testcase name="testSizeNull[fr_FR]" classname="org.apache.commons.collections4.MapUtilsTest" time="0"/>
  <testcase name="testDebugPrintNullKeyToMap1[fr_FR]" classname="org.apache.commons.collections4.MapUtilsTest" time="0"/>
  <testcase name="testDebugPrintNullKeyToMap2[fr_FR]" classname="org.apache.commons.collections4.MapUtilsTest" time="0"/>
  <testcase name="testDebugPrint[fr_FR]" classname="org.apache.commons.collections4.MapUtilsTest" time="0"/>
  <testcase name="testgetDoubleValue[fr_FR]" classname="org.apache.commons.collections4.MapUtilsTest" time="0"/>
  <testcase name="testVerbosePrintNullStream[fr_FR]" classname="org.apache.commons.collections4.MapUtilsTest" time="0.001"/>
  <testcase name="testVerbosePrintNullLabelAndMap[fr_LU]" classname="org.apache.commons.collections4.MapUtilsTest" time="0"/>
  <testcase name="testgetMap[fr_LU]" classname="org.apache.commons.collections4.MapUtilsTest" time="0"/>
  <testcase name="testToProperties[fr_LU]" classname="org.apache.commons.collections4.MapUtilsTest" time="0"/>
  <testcase name="testgetShortValue[fr_LU]" classname="org.apache.commons.collections4.MapUtilsTest" time="0"/>
  <testcase name="testIsEmptyWithNull[fr_LU]" classname="org.apache.commons.collections4.MapUtilsTest" time="0"/>
  <testcase name="testVerbosePrint[fr_LU]" classname="org.apache.commons.collections4.MapUtilsTest" time="0"/>
  <testcase name="testLazyMapFactory[fr_LU]" classname="org.apache.commons.collections4.MapUtilsTest" time="0"/>
  <testcase name="testLazyMapTransformer[fr_LU]" classname="org.apache.commons.collections4.MapUtilsTest" time="0"/>
  <testcase name="testSafeAddToMap[fr_LU]" classname="org.apache.commons.collections4.MapUtilsTest" time="0"/>
  <testcase name="testIsEmptyWithNonEmptyMap[fr_LU]" classname="org.apache.commons.collections4.MapUtilsTest" time="0"/>
  <testcase name="testInvertMap[fr_LU]" classname="org.apache.commons.collections4.MapUtilsTest" time="0"/>
  <testcase name="testDebugAndVerbosePrintCasting[fr_LU]" classname="org.apache.commons.collections4.MapUtilsTest" time="0"/>
  <testcase name="testIsNotEmptyWithNonEmptyMap[fr_LU]" classname="org.apache.commons.collections4.MapUtilsTest" time="0"/>
  <testcase name="testgetByteValue[fr_LU]" classname="org.apache.commons.collections4.MapUtilsTest" time="0"/>
  <testcase name="testSize0[fr_LU]" classname="org.apache.commons.collections4.MapUtilsTest" time="0"/>
  <testcase name="testSize[fr_LU]" classname="org.apache.commons.collections4.MapUtilsTest" time="0"/>
  <testcase name="testIsNotEmptyWithEmptyMap[fr_LU]" classname="org.apache.commons.collections4.MapUtilsTest" time="0"/>
  <testcase name="testIsNotEmptyWithNull[fr_LU]" classname="org.apache.commons.collections4.MapUtilsTest" time="0"/>
  <testcase name="testIterableSortedMap[fr_LU]" classname="org.apache.commons.collections4.MapUtilsTest" time="0"/>
  <testcase name="testgetNumber[fr_LU]" classname="org.apache.commons.collections4.MapUtilsTest" time="0"/>
  <testcase name="testgetObject[fr_LU]" classname="org.apache.commons.collections4.MapUtilsTest" time="0"/>
  <testcase name="testgetString[fr_LU]" classname="org.apache.commons.collections4.MapUtilsTest" time="0"/>
  <testcase name="testPutAll_Map_array[fr_LU]" classname="org.apache.commons.collections4.MapUtilsTest" time="0"/>
  <testcase name="testVerbosePrintSelfReference[fr_LU]" classname="org.apache.commons.collections4.MapUtilsTest" time="0"/>
  <testcase name="testDebugPrintNullLabel[fr_LU]" classname="org.apache.commons.collections4.MapUtilsTest" time="0"/>
  <testcase name="testgetFloatValue[fr_LU]" classname="org.apache.commons.collections4.MapUtilsTest" time="0"/>
  <testcase name="testConvertResourceBundle[fr_LU]" classname="org.apache.commons.collections4.MapUtilsTest" time="0"/>
  <testcase name="testOrderedMap[fr_LU]" classname="org.apache.commons.collections4.MapUtilsTest" time="0"/>
  <testcase name="testDebugPrintNullLabelAndMap[fr_LU]" classname="org.apache.commons.collections4.MapUtilsTest" time="0"/>
  <testcase name="testEmptyIfNull[fr_LU]" classname="org.apache.commons.collections4.MapUtilsTest" time="0"/>
  <testcase name="testgetIntValue[fr_LU]" classname="org.apache.commons.collections4.MapUtilsTest" time="0"/>
  <testcase name="testDebugPrintSelfReference[fr_LU]" classname="org.apache.commons.collections4.MapUtilsTest" time="0"/>
  <testcase name="testIterableMap[fr_LU]" classname="org.apache.commons.collections4.MapUtilsTest" time="0"/>
  <testcase name="testDebugAndVerbosePrintNullMap[fr_LU]" classname="org.apache.commons.collections4.MapUtilsTest" time="0"/>
  <testcase name="testVerbosePrintNullLabel[fr_LU]" classname="org.apache.commons.collections4.MapUtilsTest" time="0"/>
  <testcase name="testDebugPrintNullKey[fr_LU]" classname="org.apache.commons.collections4.MapUtilsTest" time="0"/>
  <testcase name="testPredicatedMap[fr_LU]" classname="org.apache.commons.collections4.MapUtilsTest" time="0"/>
  <testcase name="testgetLongValue[fr_LU]" classname="org.apache.commons.collections4.MapUtilsTest" time="0"/>
  <testcase name="testVerbosePrintNullKeyToMap1[fr_LU]" classname="org.apache.commons.collections4.MapUtilsTest" time="0"/>
  <testcase name="testVerbosePrintNullKeyToMap2[fr_LU]" classname="org.apache.commons.collections4.MapUtilsTest" time="0"/>
  <testcase name="testPopulateMap[fr_LU]" classname="org.apache.commons.collections4.MapUtilsTest" time="0"/>
  <testcase name="testToPropertiesEmpty[fr_LU]" classname="org.apache.commons.collections4.MapUtilsTest" time="0"/>
  <testcase name="testPopulateMultiMap[fr_LU]" classname="org.apache.commons.collections4.MapUtilsTest" time="0"/>
  <testcase name="testDebugPrintNullStream[fr_LU]" classname="org.apache.commons.collections4.MapUtilsTest" time="0"/>
  <testcase name="testgetBooleanValue[fr_LU]" classname="org.apache.commons.collections4.MapUtilsTest" time="0"/>
  <testcase name="testIsEmptyWithEmptyMap[fr_LU]" classname="org.apache.commons.collections4.MapUtilsTest" time="0"/>
  <testcase name="testVerbosePrintNullKey[fr_LU]" classname="org.apache.commons.collections4.MapUtilsTest" time="0"/>
  <testcase name="testSizeNull[fr_LU]" classname="org.apache.commons.collections4.MapUtilsTest" time="0"/>
  <testcase name="testDebugPrintNullKeyToMap1[fr_LU]" classname="org.apache.commons.collections4.MapUtilsTest" time="0"/>
  <testcase name="testDebugPrintNullKeyToMap2[fr_LU]" classname="org.apache.commons.collections4.MapUtilsTest" time="0"/>
  <testcase name="testDebugPrint[fr_LU]" classname="org.apache.commons.collections4.MapUtilsTest" time="0"/>
  <testcase name="testgetDoubleValue[fr_LU]" classname="org.apache.commons.collections4.MapUtilsTest" time="0"/>
  <testcase name="testVerbosePrintNullStream[fr_LU]" classname="org.apache.commons.collections4.MapUtilsTest" time="0"/>
  <testcase name="testVerbosePrintNullLabelAndMap[ga]" classname="org.apache.commons.collections4.MapUtilsTest" time="0"/>
  <testcase name="testgetMap[ga]" classname="org.apache.commons.collections4.MapUtilsTest" time="0"/>
  <testcase name="testToProperties[ga]" classname="org.apache.commons.collections4.MapUtilsTest" time="0"/>
  <testcase name="testgetShortValue[ga]" classname="org.apache.commons.collections4.MapUtilsTest" time="0.001"/>
  <testcase name="testIsEmptyWithNull[ga]" classname="org.apache.commons.collections4.MapUtilsTest" time="0"/>
  <testcase name="testVerbosePrint[ga]" classname="org.apache.commons.collections4.MapUtilsTest" time="0"/>
  <testcase name="testLazyMapFactory[ga]" classname="org.apache.commons.collections4.MapUtilsTest" time="0"/>
  <testcase name="testLazyMapTransformer[ga]" classname="org.apache.commons.collections4.MapUtilsTest" time="0"/>
  <testcase name="testSafeAddToMap[ga]" classname="org.apache.commons.collections4.MapUtilsTest" time="0"/>
  <testcase name="testIsEmptyWithNonEmptyMap[ga]" classname="org.apache.commons.collections4.MapUtilsTest" time="0"/>
  <testcase name="testInvertMap[ga]" classname="org.apache.commons.collections4.MapUtilsTest" time="0"/>
  <testcase name="testDebugAndVerbosePrintCasting[ga]" classname="org.apache.commons.collections4.MapUtilsTest" time="0"/>
  <testcase name="testIsNotEmptyWithNonEmptyMap[ga]" classname="org.apache.commons.collections4.MapUtilsTest" time="0"/>
  <testcase name="testgetByteValue[ga]" classname="org.apache.commons.collections4.MapUtilsTest" time="0"/>
  <testcase name="testSize0[ga]" classname="org.apache.commons.collections4.MapUtilsTest" time="0"/>
  <testcase name="testSize[ga]" classname="org.apache.commons.collections4.MapUtilsTest" time="0"/>
  <testcase name="testIsNotEmptyWithEmptyMap[ga]" classname="org.apache.commons.collections4.MapUtilsTest" time="0"/>
  <testcase name="testIsNotEmptyWithNull[ga]" classname="org.apache.commons.collections4.MapUtilsTest" time="0"/>
  <testcase name="testIterableSortedMap[ga]" classname="org.apache.commons.collections4.MapUtilsTest" time="0"/>
  <testcase name="testgetNumber[ga]" classname="org.apache.commons.collections4.MapUtilsTest" time="0"/>
  <testcase name="testgetObject[ga]" classname="org.apache.commons.collections4.MapUtilsTest" time="0"/>
  <testcase name="testgetString[ga]" classname="org.apache.commons.collections4.MapUtilsTest" time="0"/>
  <testcase name="testPutAll_Map_array[ga]" classname="org.apache.commons.collections4.MapUtilsTest" time="0"/>
  <testcase name="testVerbosePrintSelfReference[ga]" classname="org.apache.commons.collections4.MapUtilsTest" time="0"/>
  <testcase name="testDebugPrintNullLabel[ga]" classname="org.apache.commons.collections4.MapUtilsTest" time="0"/>
  <testcase name="testgetFloatValue[ga]" classname="org.apache.commons.collections4.MapUtilsTest" time="0"/>
  <testcase name="testConvertResourceBundle[ga]" classname="org.apache.commons.collections4.MapUtilsTest" time="0"/>
  <testcase name="testOrderedMap[ga]" classname="org.apache.commons.collections4.MapUtilsTest" time="0"/>
  <testcase name="testDebugPrintNullLabelAndMap[ga]" classname="org.apache.commons.collections4.MapUtilsTest" time="0"/>
  <testcase name="testEmptyIfNull[ga]" classname="org.apache.commons.collections4.MapUtilsTest" time="0"/>
  <testcase name="testgetIntValue[ga]" classname="org.apache.commons.collections4.MapUtilsTest" time="0"/>
  <testcase name="testDebugPrintSelfReference[ga]" classname="org.apache.commons.collections4.MapUtilsTest" time="0"/>
  <testcase name="testIterableMap[ga]" classname="org.apache.commons.collections4.MapUtilsTest" time="0"/>
  <testcase name="testDebugAndVerbosePrintNullMap[ga]" classname="org.apache.commons.collections4.MapUtilsTest" time="0"/>
  <testcase name="testVerbosePrintNullLabel[ga]" classname="org.apache.commons.collections4.MapUtilsTest" time="0"/>
  <testcase name="testDebugPrintNullKey[ga]" classname="org.apache.commons.collections4.MapUtilsTest" time="0"/>
  <testcase name="testPredicatedMap[ga]" classname="org.apache.commons.collections4.MapUtilsTest" time="0"/>
  <testcase name="testgetLongValue[ga]" classname="org.apache.commons.collections4.MapUtilsTest" time="0"/>
  <testcase name="testVerbosePrintNullKeyToMap1[ga]" classname="org.apache.commons.collections4.MapUtilsTest" time="0"/>
  <testcase name="testVerbosePrintNullKeyToMap2[ga]" classname="org.apache.commons.collections4.MapUtilsTest" time="0"/>
  <testcase name="testPopulateMap[ga]" classname="org.apache.commons.collections4.MapUtilsTest" time="0"/>
  <testcase name="testToPropertiesEmpty[ga]" classname="org.apache.commons.collections4.MapUtilsTest" time="0"/>
  <testcase name="testPopulateMultiMap[ga]" classname="org.apache.commons.collections4.MapUtilsTest" time="0"/>
  <testcase name="testDebugPrintNullStream[ga]" classname="org.apache.commons.collections4.MapUtilsTest" time="0"/>
  <testcase name="testgetBooleanValue[ga]" classname="org.apache.commons.collections4.MapUtilsTest" time="0.001"/>
  <testcase name="testIsEmptyWithEmptyMap[ga]" classname="org.apache.commons.collections4.MapUtilsTest" time="0"/>
  <testcase name="testVerbosePrintNullKey[ga]" classname="org.apache.commons.collections4.MapUtilsTest" time="0"/>
  <testcase name="testSizeNull[ga]" classname="org.apache.commons.collections4.MapUtilsTest" time="0"/>
  <testcase name="testDebugPrintNullKeyToMap1[ga]" classname="org.apache.commons.collections4.MapUtilsTest" time="0"/>
  <testcase name="testDebugPrintNullKeyToMap2[ga]" classname="org.apache.commons.collections4.MapUtilsTest" time="0"/>
  <testcase name="testDebugPrint[ga]" classname="org.apache.commons.collections4.MapUtilsTest" time="0"/>
  <testcase name="testgetDoubleValue[ga]" classname="org.apache.commons.collections4.MapUtilsTest" time="0"/>
  <testcase name="testVerbosePrintNullStream[ga]" classname="org.apache.commons.collections4.MapUtilsTest" time="0"/>
  <testcase name="testVerbosePrintNullLabelAndMap[ga_IE]" classname="org.apache.commons.collections4.MapUtilsTest" time="0"/>
  <testcase name="testgetMap[ga_IE]" classname="org.apache.commons.collections4.MapUtilsTest" time="0"/>
  <testcase name="testToProperties[ga_IE]" classname="org.apache.commons.collections4.MapUtilsTest" time="0"/>
  <testcase name="testgetShortValue[ga_IE]" classname="org.apache.commons.collections4.MapUtilsTest" time="0"/>
  <testcase name="testIsEmptyWithNull[ga_IE]" classname="org.apache.commons.collections4.MapUtilsTest" time="0"/>
  <testcase name="testVerbosePrint[ga_IE]" classname="org.apache.commons.collections4.MapUtilsTest" time="0"/>
  <testcase name="testLazyMapFactory[ga_IE]" classname="org.apache.commons.collections4.MapUtilsTest" time="0"/>
  <testcase name="testLazyMapTransformer[ga_IE]" classname="org.apache.commons.collections4.MapUtilsTest" time="0"/>
  <testcase name="testSafeAddToMap[ga_IE]" classname="org.apache.commons.collections4.MapUtilsTest" time="0"/>
  <testcase name="testIsEmptyWithNonEmptyMap[ga_IE]" classname="org.apache.commons.collections4.MapUtilsTest" time="0"/>
  <testcase name="testInvertMap[ga_IE]" classname="org.apache.commons.collections4.MapUtilsTest" time="0"/>
  <testcase name="testDebugAndVerbosePrintCasting[ga_IE]" classname="org.apache.commons.collections4.MapUtilsTest" time="0"/>
  <testcase name="testIsNotEmptyWithNonEmptyMap[ga_IE]" classname="org.apache.commons.collections4.MapUtilsTest" time="0"/>
  <testcase name="testgetByteValue[ga_IE]" classname="org.apache.commons.collections4.MapUtilsTest" time="0"/>
  <testcase name="testSize0[ga_IE]" classname="org.apache.commons.collections4.MapUtilsTest" time="0"/>
  <testcase name="testSize[ga_IE]" classname="org.apache.commons.collections4.MapUtilsTest" time="0"/>
  <testcase name="testIsNotEmptyWithEmptyMap[ga_IE]" classname="org.apache.commons.collections4.MapUtilsTest" time="0"/>
  <testcase name="testIsNotEmptyWithNull[ga_IE]" classname="org.apache.commons.collections4.MapUtilsTest" time="0"/>
  <testcase name="testIterableSortedMap[ga_IE]" classname="org.apache.commons.collections4.MapUtilsTest" time="0"/>
  <testcase name="testgetNumber[ga_IE]" classname="org.apache.commons.collections4.MapUtilsTest" time="0"/>
  <testcase name="testgetObject[ga_IE]" classname="org.apache.commons.collections4.MapUtilsTest" time="0"/>
  <testcase name="testgetString[ga_IE]" classname="org.apache.commons.collections4.MapUtilsTest" time="0"/>
  <testcase name="testPutAll_Map_array[ga_IE]" classname="org.apache.commons.collections4.MapUtilsTest" time="0"/>
  <testcase name="testVerbosePrintSelfReference[ga_IE]" classname="org.apache.commons.collections4.MapUtilsTest" time="0"/>
  <testcase name="testDebugPrintNullLabel[ga_IE]" classname="org.apache.commons.collections4.MapUtilsTest" time="0"/>
  <testcase name="testgetFloatValue[ga_IE]" classname="org.apache.commons.collections4.MapUtilsTest" time="0"/>
  <testcase name="testConvertResourceBundle[ga_IE]" classname="org.apache.commons.collections4.MapUtilsTest" time="0"/>
  <testcase name="testOrderedMap[ga_IE]" classname="org.apache.commons.collections4.MapUtilsTest" time="0"/>
  <testcase name="testDebugPrintNullLabelAndMap[ga_IE]" classname="org.apache.commons.collections4.MapUtilsTest" time="0"/>
  <testcase name="testEmptyIfNull[ga_IE]" classname="org.apache.commons.collections4.MapUtilsTest" time="0"/>
  <testcase name="testgetIntValue[ga_IE]" classname="org.apache.commons.collections4.MapUtilsTest" time="0"/>
  <testcase name="testDebugPrintSelfReference[ga_IE]" classname="org.apache.commons.collections4.MapUtilsTest" time="0"/>
  <testcase name="testIterableMap[ga_IE]" classname="org.apache.commons.collections4.MapUtilsTest" time="0"/>
  <testcase name="testDebugAndVerbosePrintNullMap[ga_IE]" classname="org.apache.commons.collections4.MapUtilsTest" time="0"/>
  <testcase name="testVerbosePrintNullLabel[ga_IE]" classname="org.apache.commons.collections4.MapUtilsTest" time="0"/>
  <testcase name="testDebugPrintNullKey[ga_IE]" classname="org.apache.commons.collections4.MapUtilsTest" time="0"/>
  <testcase name="testPredicatedMap[ga_IE]" classname="org.apache.commons.collections4.MapUtilsTest" time="0"/>
  <testcase name="testgetLongValue[ga_IE]" classname="org.apache.commons.collections4.MapUtilsTest" time="0"/>
  <testcase name="testVerbosePrintNullKeyToMap1[ga_IE]" classname="org.apache.commons.collections4.MapUtilsTest" time="0"/>
  <testcase name="testVerbosePrintNullKeyToMap2[ga_IE]" classname="org.apache.commons.collections4.MapUtilsTest" time="0"/>
  <testcase name="testPopulateMap[ga_IE]" classname="org.apache.commons.collections4.MapUtilsTest" time="0"/>
  <testcase name="testToPropertiesEmpty[ga_IE]" classname="org.apache.commons.collections4.MapUtilsTest" time="0"/>
  <testcase name="testPopulateMultiMap[ga_IE]" classname="org.apache.commons.collections4.MapUtilsTest" time="0"/>
  <testcase name="testDebugPrintNullStream[ga_IE]" classname="org.apache.commons.collections4.MapUtilsTest" time="0"/>
  <testcase name="testgetBooleanValue[ga_IE]" classname="org.apache.commons.collections4.MapUtilsTest" time="0"/>
  <testcase name="testIsEmptyWithEmptyMap[ga_IE]" classname="org.apache.commons.collections4.MapUtilsTest" time="0"/>
  <testcase name="testVerbosePrintNullKey[ga_IE]" classname="org.apache.commons.collections4.MapUtilsTest" time="0"/>
  <testcase name="testSizeNull[ga_IE]" classname="org.apache.commons.collections4.MapUtilsTest" time="0"/>
  <testcase name="testDebugPrintNullKeyToMap1[ga_IE]" classname="org.apache.commons.collections4.MapUtilsTest" time="0"/>
  <testcase name="testDebugPrintNullKeyToMap2[ga_IE]" classname="org.apache.commons.collections4.MapUtilsTest" time="0"/>
  <testcase name="testDebugPrint[ga_IE]" classname="org.apache.commons.collections4.MapUtilsTest" time="0"/>
  <testcase name="testgetDoubleValue[ga_IE]" classname="org.apache.commons.collections4.MapUtilsTest" time="0"/>
  <testcase name="testVerbosePrintNullStream[ga_IE]" classname="org.apache.commons.collections4.MapUtilsTest" time="0"/>
  <testcase name="testVerbosePrintNullLabelAndMap[hi]" classname="org.apache.commons.collections4.MapUtilsTest" time="0"/>
  <testcase name="testgetMap[hi]" classname="org.apache.commons.collections4.MapUtilsTest" time="0.001"/>
  <testcase name="testToProperties[hi]" classname="org.apache.commons.collections4.MapUtilsTest" time="0"/>
  <testcase name="testgetShortValue[hi]" classname="org.apache.commons.collections4.MapUtilsTest" time="0"/>
  <testcase name="testIsEmptyWithNull[hi]" classname="org.apache.commons.collections4.MapUtilsTest" time="0"/>
  <testcase name="testVerbosePrint[hi]" classname="org.apache.commons.collections4.MapUtilsTest" time="0"/>
  <testcase name="testLazyMapFactory[hi]" classname="org.apache.commons.collections4.MapUtilsTest" time="0"/>
  <testcase name="testLazyMapTransformer[hi]" classname="org.apache.commons.collections4.MapUtilsTest" time="0"/>
  <testcase name="testSafeAddToMap[hi]" classname="org.apache.commons.collections4.MapUtilsTest" time="0"/>
  <testcase name="testIsEmptyWithNonEmptyMap[hi]" classname="org.apache.commons.collections4.MapUtilsTest" time="0"/>
  <testcase name="testInvertMap[hi]" classname="org.apache.commons.collections4.MapUtilsTest" time="0"/>
  <testcase name="testDebugAndVerbosePrintCasting[hi]" classname="org.apache.commons.collections4.MapUtilsTest" time="0"/>
  <testcase name="testIsNotEmptyWithNonEmptyMap[hi]" classname="org.apache.commons.collections4.MapUtilsTest" time="0"/>
  <testcase name="testgetByteValue[hi]" classname="org.apache.commons.collections4.MapUtilsTest" time="0"/>
  <testcase name="testSize0[hi]" classname="org.apache.commons.collections4.MapUtilsTest" time="0"/>
  <testcase name="testSize[hi]" classname="org.apache.commons.collections4.MapUtilsTest" time="0"/>
  <testcase name="testIsNotEmptyWithEmptyMap[hi]" classname="org.apache.commons.collections4.MapUtilsTest" time="0"/>
  <testcase name="testIsNotEmptyWithNull[hi]" classname="org.apache.commons.collections4.MapUtilsTest" time="0"/>
  <testcase name="testIterableSortedMap[hi]" classname="org.apache.commons.collections4.MapUtilsTest" time="0"/>
  <testcase name="testgetNumber[hi]" classname="org.apache.commons.collections4.MapUtilsTest" time="0"/>
  <testcase name="testgetObject[hi]" classname="org.apache.commons.collections4.MapUtilsTest" time="0"/>
  <testcase name="testgetString[hi]" classname="org.apache.commons.collections4.MapUtilsTest" time="0"/>
  <testcase name="testPutAll_Map_array[hi]" classname="org.apache.commons.collections4.MapUtilsTest" time="0"/>
  <testcase name="testVerbosePrintSelfReference[hi]" classname="org.apache.commons.collections4.MapUtilsTest" time="0"/>
  <testcase name="testDebugPrintNullLabel[hi]" classname="org.apache.commons.collections4.MapUtilsTest" time="0"/>
  <testcase name="testgetFloatValue[hi]" classname="org.apache.commons.collections4.MapUtilsTest" time="0"/>
  <testcase name="testConvertResourceBundle[hi]" classname="org.apache.commons.collections4.MapUtilsTest" time="0"/>
  <testcase name="testOrderedMap[hi]" classname="org.apache.commons.collections4.MapUtilsTest" time="0"/>
  <testcase name="testDebugPrintNullLabelAndMap[hi]" classname="org.apache.commons.collections4.MapUtilsTest" time="0"/>
  <testcase name="testEmptyIfNull[hi]" classname="org.apache.commons.collections4.MapUtilsTest" time="0"/>
  <testcase name="testgetIntValue[hi]" classname="org.apache.commons.collections4.MapUtilsTest" time="0"/>
  <testcase name="testDebugPrintSelfReference[hi]" classname="org.apache.commons.collections4.MapUtilsTest" time="0"/>
  <testcase name="testIterableMap[hi]" classname="org.apache.commons.collections4.MapUtilsTest" time="0"/>
  <testcase name="testDebugAndVerbosePrintNullMap[hi]" classname="org.apache.commons.collections4.MapUtilsTest" time="0"/>
  <testcase name="testVerbosePrintNullLabel[hi]" classname="org.apache.commons.collections4.MapUtilsTest" time="0"/>
  <testcase name="testDebugPrintNullKey[hi]" classname="org.apache.commons.collections4.MapUtilsTest" time="0"/>
  <testcase name="testPredicatedMap[hi]" classname="org.apache.commons.collections4.MapUtilsTest" time="0"/>
  <testcase name="testgetLongValue[hi]" classname="org.apache.commons.collections4.MapUtilsTest" time="0"/>
  <testcase name="testVerbosePrintNullKeyToMap1[hi]" classname="org.apache.commons.collections4.MapUtilsTest" time="0"/>
  <testcase name="testVerbosePrintNullKeyToMap2[hi]" classname="org.apache.commons.collections4.MapUtilsTest" time="0"/>
  <testcase name="testPopulateMap[hi]" classname="org.apache.commons.collections4.MapUtilsTest" time="0"/>
  <testcase name="testToPropertiesEmpty[hi]" classname="org.apache.commons.collections4.MapUtilsTest" time="0"/>
  <testcase name="testPopulateMultiMap[hi]" classname="org.apache.commons.collections4.MapUtilsTest" time="0"/>
  <testcase name="testDebugPrintNullStream[hi]" classname="org.apache.commons.collections4.MapUtilsTest" time="0"/>
  <testcase name="testgetBooleanValue[hi]" classname="org.apache.commons.collections4.MapUtilsTest" time="0"/>
  <testcase name="testIsEmptyWithEmptyMap[hi]" classname="org.apache.commons.collections4.MapUtilsTest" time="0"/>
  <testcase name="testVerbosePrintNullKey[hi]" classname="org.apache.commons.collections4.MapUtilsTest" time="0"/>
  <testcase name="testSizeNull[hi]" classname="org.apache.commons.collections4.MapUtilsTest" time="0"/>
  <testcase name="testDebugPrintNullKeyToMap1[hi]" classname="org.apache.commons.collections4.MapUtilsTest" time="0"/>
  <testcase name="testDebugPrintNullKeyToMap2[hi]" classname="org.apache.commons.collections4.MapUtilsTest" time="0"/>
  <testcase name="testDebugPrint[hi]" classname="org.apache.commons.collections4.MapUtilsTest" time="0"/>
  <testcase name="testgetDoubleValue[hi]" classname="org.apache.commons.collections4.MapUtilsTest" time="0"/>
  <testcase name="testVerbosePrintNullStream[hi]" classname="org.apache.commons.collections4.MapUtilsTest" time="0"/>
  <testcase name="testVerbosePrintNullLabelAndMap[hi_IN]" classname="org.apache.commons.collections4.MapUtilsTest" time="0"/>
  <testcase name="testgetMap[hi_IN]" classname="org.apache.commons.collections4.MapUtilsTest" time="0"/>
  <testcase name="testToProperties[hi_IN]" classname="org.apache.commons.collections4.MapUtilsTest" time="0"/>
  <testcase name="testgetShortValue[hi_IN]" classname="org.apache.commons.collections4.MapUtilsTest" time="0.001"/>
  <testcase name="testIsEmptyWithNull[hi_IN]" classname="org.apache.commons.collections4.MapUtilsTest" time="0"/>
  <testcase name="testVerbosePrint[hi_IN]" classname="org.apache.commons.collections4.MapUtilsTest" time="0"/>
  <testcase name="testLazyMapFactory[hi_IN]" classname="org.apache.commons.collections4.MapUtilsTest" time="0"/>
  <testcase name="testLazyMapTransformer[hi_IN]" classname="org.apache.commons.collections4.MapUtilsTest" time="0"/>
  <testcase name="testSafeAddToMap[hi_IN]" classname="org.apache.commons.collections4.MapUtilsTest" time="0"/>
  <testcase name="testIsEmptyWithNonEmptyMap[hi_IN]" classname="org.apache.commons.collections4.MapUtilsTest" time="0"/>
  <testcase name="testInvertMap[hi_IN]" classname="org.apache.commons.collections4.MapUtilsTest" time="0"/>
  <testcase name="testDebugAndVerbosePrintCasting[hi_IN]" classname="org.apache.commons.collections4.MapUtilsTest" time="0"/>
  <testcase name="testIsNotEmptyWithNonEmptyMap[hi_IN]" classname="org.apache.commons.collections4.MapUtilsTest" time="0"/>
  <testcase name="testgetByteValue[hi_IN]" classname="org.apache.commons.collections4.MapUtilsTest" time="0"/>
  <testcase name="testSize0[hi_IN]" classname="org.apache.commons.collections4.MapUtilsTest" time="0"/>
  <testcase name="testSize[hi_IN]" classname="org.apache.commons.collections4.MapUtilsTest" time="0"/>
  <testcase name="testIsNotEmptyWithEmptyMap[hi_IN]" classname="org.apache.commons.collections4.MapUtilsTest" time="0"/>
  <testcase name="testIsNotEmptyWithNull[hi_IN]" classname="org.apache.commons.collections4.MapUtilsTest" time="0"/>
  <testcase name="testIterableSortedMap[hi_IN]" classname="org.apache.commons.collections4.MapUtilsTest" time="0"/>
  <testcase name="testgetNumber[hi_IN]" classname="org.apache.commons.collections4.MapUtilsTest" time="0"/>
  <testcase name="testgetObject[hi_IN]" classname="org.apache.commons.collections4.MapUtilsTest" time="0"/>
  <testcase name="testgetString[hi_IN]" classname="org.apache.commons.collections4.MapUtilsTest" time="0"/>
  <testcase name="testPutAll_Map_array[hi_IN]" classname="org.apache.commons.collections4.MapUtilsTest" time="0"/>
  <testcase name="testVerbosePrintSelfReference[hi_IN]" classname="org.apache.commons.collections4.MapUtilsTest" time="0"/>
  <testcase name="testDebugPrintNullLabel[hi_IN]" classname="org.apache.commons.collections4.MapUtilsTest" time="0"/>
  <testcase name="testgetFloatValue[hi_IN]" classname="org.apache.commons.collections4.MapUtilsTest" time="0"/>
  <testcase name="testConvertResourceBundle[hi_IN]" classname="org.apache.commons.collections4.MapUtilsTest" time="0"/>
  <testcase name="testOrderedMap[hi_IN]" classname="org.apache.commons.collections4.MapUtilsTest" time="0"/>
  <testcase name="testDebugPrintNullLabelAndMap[hi_IN]" classname="org.apache.commons.collections4.MapUtilsTest" time="0"/>
  <testcase name="testEmptyIfNull[hi_IN]" classname="org.apache.commons.collections4.MapUtilsTest" time="0"/>
  <testcase name="testgetIntValue[hi_IN]" classname="org.apache.commons.collections4.MapUtilsTest" time="0"/>
  <testcase name="testDebugPrintSelfReference[hi_IN]" classname="org.apache.commons.collections4.MapUtilsTest" time="0"/>
  <testcase name="testIterableMap[hi_IN]" classname="org.apache.commons.collections4.MapUtilsTest" time="0"/>
  <testcase name="testDebugAndVerbosePrintNullMap[hi_IN]" classname="org.apache.commons.collections4.MapUtilsTest" time="0"/>
  <testcase name="testVerbosePrintNullLabel[hi_IN]" classname="org.apache.commons.collections4.MapUtilsTest" time="0"/>
  <testcase name="testDebugPrintNullKey[hi_IN]" classname="org.apache.commons.collections4.MapUtilsTest" time="0"/>
  <testcase name="testPredicatedMap[hi_IN]" classname="org.apache.commons.collections4.MapUtilsTest" time="0"/>
  <testcase name="testgetLongValue[hi_IN]" classname="org.apache.commons.collections4.MapUtilsTest" time="0"/>
  <testcase name="testVerbosePrintNullKeyToMap1[hi_IN]" classname="org.apache.commons.collections4.MapUtilsTest" time="0"/>
  <testcase name="testVerbosePrintNullKeyToMap2[hi_IN]" classname="org.apache.commons.collections4.MapUtilsTest" time="0"/>
  <testcase name="testPopulateMap[hi_IN]" classname="org.apache.commons.collections4.MapUtilsTest" time="0"/>
  <testcase name="testToPropertiesEmpty[hi_IN]" classname="org.apache.commons.collections4.MapUtilsTest" time="0"/>
  <testcase name="testPopulateMultiMap[hi_IN]" classname="org.apache.commons.collections4.MapUtilsTest" time="0"/>
  <testcase name="testDebugPrintNullStream[hi_IN]" classname="org.apache.commons.collections4.MapUtilsTest" time="0"/>
  <testcase name="testgetBooleanValue[hi_IN]" classname="org.apache.commons.collections4.MapUtilsTest" time="0"/>
  <testcase name="testIsEmptyWithEmptyMap[hi_IN]" classname="org.apache.commons.collections4.MapUtilsTest" time="0"/>
  <testcase name="testVerbosePrintNullKey[hi_IN]" classname="org.apache.commons.collections4.MapUtilsTest" time="0"/>
  <testcase name="testSizeNull[hi_IN]" classname="org.apache.commons.collections4.MapUtilsTest" time="0"/>
  <testcase name="testDebugPrintNullKeyToMap1[hi_IN]" classname="org.apache.commons.collections4.MapUtilsTest" time="0"/>
  <testcase name="testDebugPrintNullKeyToMap2[hi_IN]" classname="org.apache.commons.collections4.MapUtilsTest" time="0"/>
  <testcase name="testDebugPrint[hi_IN]" classname="org.apache.commons.collections4.MapUtilsTest" time="0"/>
  <testcase name="testgetDoubleValue[hi_IN]" classname="org.apache.commons.collections4.MapUtilsTest" time="0"/>
  <testcase name="testVerbosePrintNullStream[hi_IN]" classname="org.apache.commons.collections4.MapUtilsTest" time="0"/>
  <testcase name="testVerbosePrintNullLabelAndMap[hr]" classname="org.apache.commons.collections4.MapUtilsTest" time="0"/>
  <testcase name="testgetMap[hr]" classname="org.apache.commons.collections4.MapUtilsTest" time="0"/>
  <testcase name="testToProperties[hr]" classname="org.apache.commons.collections4.MapUtilsTest" time="0"/>
  <testcase name="testgetShortValue[hr]" classname="org.apache.commons.collections4.MapUtilsTest" time="0.001"/>
  <testcase name="testIsEmptyWithNull[hr]" classname="org.apache.commons.collections4.MapUtilsTest" time="0"/>
  <testcase name="testVerbosePrint[hr]" classname="org.apache.commons.collections4.MapUtilsTest" time="0"/>
  <testcase name="testLazyMapFactory[hr]" classname="org.apache.commons.collections4.MapUtilsTest" time="0"/>
  <testcase name="testLazyMapTransformer[hr]" classname="org.apache.commons.collections4.MapUtilsTest" time="0"/>
  <testcase name="testSafeAddToMap[hr]" classname="org.apache.commons.collections4.MapUtilsTest" time="0"/>
  <testcase name="testIsEmptyWithNonEmptyMap[hr]" classname="org.apache.commons.collections4.MapUtilsTest" time="0"/>
  <testcase name="testInvertMap[hr]" classname="org.apache.commons.collections4.MapUtilsTest" time="0"/>
  <testcase name="testDebugAndVerbosePrintCasting[hr]" classname="org.apache.commons.collections4.MapUtilsTest" time="0"/>
  <testcase name="testIsNotEmptyWithNonEmptyMap[hr]" classname="org.apache.commons.collections4.MapUtilsTest" time="0"/>
  <testcase name="testgetByteValue[hr]" classname="org.apache.commons.collections4.MapUtilsTest" time="0"/>
  <testcase name="testSize0[hr]" classname="org.apache.commons.collections4.MapUtilsTest" time="0"/>
  <testcase name="testSize[hr]" classname="org.apache.commons.collections4.MapUtilsTest" time="0"/>
  <testcase name="testIsNotEmptyWithEmptyMap[hr]" classname="org.apache.commons.collections4.MapUtilsTest" time="0"/>
  <testcase name="testIsNotEmptyWithNull[hr]" classname="org.apache.commons.collections4.MapUtilsTest" time="0"/>
  <testcase name="testIterableSortedMap[hr]" classname="org.apache.commons.collections4.MapUtilsTest" time="0"/>
  <testcase name="testgetNumber[hr]" classname="org.apache.commons.collections4.MapUtilsTest" time="0"/>
  <testcase name="testgetObject[hr]" classname="org.apache.commons.collections4.MapUtilsTest" time="0"/>
  <testcase name="testgetString[hr]" classname="org.apache.commons.collections4.MapUtilsTest" time="0"/>
  <testcase name="testPutAll_Map_array[hr]" classname="org.apache.commons.collections4.MapUtilsTest" time="0"/>
  <testcase name="testVerbosePrintSelfReference[hr]" classname="org.apache.commons.collections4.MapUtilsTest" time="0"/>
  <testcase name="testDebugPrintNullLabel[hr]" classname="org.apache.commons.collections4.MapUtilsTest" time="0"/>
  <testcase name="testgetFloatValue[hr]" classname="org.apache.commons.collections4.MapUtilsTest" time="0"/>
  <testcase name="testConvertResourceBundle[hr]" classname="org.apache.commons.collections4.MapUtilsTest" time="0"/>
  <testcase name="testOrderedMap[hr]" classname="org.apache.commons.collections4.MapUtilsTest" time="0"/>
  <testcase name="testDebugPrintNullLabelAndMap[hr]" classname="org.apache.commons.collections4.MapUtilsTest" time="0"/>
  <testcase name="testEmptyIfNull[hr]" classname="org.apache.commons.collections4.MapUtilsTest" time="0"/>
  <testcase name="testgetIntValue[hr]" classname="org.apache.commons.collections4.MapUtilsTest" time="0"/>
  <testcase name="testDebugPrintSelfReference[hr]" classname="org.apache.commons.collections4.MapUtilsTest" time="0"/>
  <testcase name="testIterableMap[hr]" classname="org.apache.commons.collections4.MapUtilsTest" time="0"/>
  <testcase name="testDebugAndVerbosePrintNullMap[hr]" classname="org.apache.commons.collections4.MapUtilsTest" time="0"/>
  <testcase name="testVerbosePrintNullLabel[hr]" classname="org.apache.commons.collections4.MapUtilsTest" time="0"/>
  <testcase name="testDebugPrintNullKey[hr]" classname="org.apache.commons.collections4.MapUtilsTest" time="0"/>
  <testcase name="testPredicatedMap[hr]" classname="org.apache.commons.collections4.MapUtilsTest" time="0"/>
  <testcase name="testgetLongValue[hr]" classname="org.apache.commons.collections4.MapUtilsTest" time="0"/>
  <testcase name="testVerbosePrintNullKeyToMap1[hr]" classname="org.apache.commons.collections4.MapUtilsTest" time="0.001"/>
  <testcase name="testVerbosePrintNullKeyToMap2[hr]" classname="org.apache.commons.collections4.MapUtilsTest" time="0"/>
  <testcase name="testPopulateMap[hr]" classname="org.apache.commons.collections4.MapUtilsTest" time="0"/>
  <testcase name="testToPropertiesEmpty[hr]" classname="org.apache.commons.collections4.MapUtilsTest" time="0"/>
  <testcase name="testPopulateMultiMap[hr]" classname="org.apache.commons.collections4.MapUtilsTest" time="0"/>
  <testcase name="testDebugPrintNullStream[hr]" classname="org.apache.commons.collections4.MapUtilsTest" time="0"/>
  <testcase name="testgetBooleanValue[hr]" classname="org.apache.commons.collections4.MapUtilsTest" time="0"/>
  <testcase name="testIsEmptyWithEmptyMap[hr]" classname="org.apache.commons.collections4.MapUtilsTest" time="0"/>
  <testcase name="testVerbosePrintNullKey[hr]" classname="org.apache.commons.collections4.MapUtilsTest" time="0"/>
  <testcase name="testSizeNull[hr]" classname="org.apache.commons.collections4.MapUtilsTest" time="0"/>
  <testcase name="testDebugPrintNullKeyToMap1[hr]" classname="org.apache.commons.collections4.MapUtilsTest" time="0"/>
  <testcase name="testDebugPrintNullKeyToMap2[hr]" classname="org.apache.commons.collections4.MapUtilsTest" time="0"/>
  <testcase name="testDebugPrint[hr]" classname="org.apache.commons.collections4.MapUtilsTest" time="0"/>
  <testcase name="testgetDoubleValue[hr]" classname="org.apache.commons.collections4.MapUtilsTest" time="0"/>
  <testcase name="testVerbosePrintNullStream[hr]" classname="org.apache.commons.collections4.MapUtilsTest" time="0"/>
  <testcase name="testVerbosePrintNullLabelAndMap[hr_HR]" classname="org.apache.commons.collections4.MapUtilsTest" time="0"/>
  <testcase name="testgetMap[hr_HR]" classname="org.apache.commons.collections4.MapUtilsTest" time="0"/>
  <testcase name="testToProperties[hr_HR]" classname="org.apache.commons.collections4.MapUtilsTest" time="0"/>
  <testcase name="testgetShortValue[hr_HR]" classname="org.apache.commons.collections4.MapUtilsTest" time="0"/>
  <testcase name="testIsEmptyWithNull[hr_HR]" classname="org.apache.commons.collections4.MapUtilsTest" time="0"/>
  <testcase name="testVerbosePrint[hr_HR]" classname="org.apache.commons.collections4.MapUtilsTest" time="0"/>
  <testcase name="testLazyMapFactory[hr_HR]" classname="org.apache.commons.collections4.MapUtilsTest" time="0"/>
  <testcase name="testLazyMapTransformer[hr_HR]" classname="org.apache.commons.collections4.MapUtilsTest" time="0"/>
  <testcase name="testSafeAddToMap[hr_HR]" classname="org.apache.commons.collections4.MapUtilsTest" time="0"/>
  <testcase name="testIsEmptyWithNonEmptyMap[hr_HR]" classname="org.apache.commons.collections4.MapUtilsTest" time="0"/>
  <testcase name="testInvertMap[hr_HR]" classname="org.apache.commons.collections4.MapUtilsTest" time="0"/>
  <testcase name="testDebugAndVerbosePrintCasting[hr_HR]" classname="org.apache.commons.collections4.MapUtilsTest" time="0"/>
  <testcase name="testIsNotEmptyWithNonEmptyMap[hr_HR]" classname="org.apache.commons.collections4.MapUtilsTest" time="0"/>
  <testcase name="testgetByteValue[hr_HR]" classname="org.apache.commons.collections4.MapUtilsTest" time="0"/>
  <testcase name="testSize0[hr_HR]" classname="org.apache.commons.collections4.MapUtilsTest" time="0"/>
  <testcase name="testSize[hr_HR]" classname="org.apache.commons.collections4.MapUtilsTest" time="0"/>
  <testcase name="testIsNotEmptyWithEmptyMap[hr_HR]" classname="org.apache.commons.collections4.MapUtilsTest" time="0"/>
  <testcase name="testIsNotEmptyWithNull[hr_HR]" classname="org.apache.commons.collections4.MapUtilsTest" time="0"/>
  <testcase name="testIterableSortedMap[hr_HR]" classname="org.apache.commons.collections4.MapUtilsTest" time="0"/>
  <testcase name="testgetNumber[hr_HR]" classname="org.apache.commons.collections4.MapUtilsTest" time="0"/>
  <testcase name="testgetObject[hr_HR]" classname="org.apache.commons.collections4.MapUtilsTest" time="0"/>
  <testcase name="testgetString[hr_HR]" classname="org.apache.commons.collections4.MapUtilsTest" time="0"/>
  <testcase name="testPutAll_Map_array[hr_HR]" classname="org.apache.commons.collections4.MapUtilsTest" time="0"/>
  <testcase name="testVerbosePrintSelfReference[hr_HR]" classname="org.apache.commons.collections4.MapUtilsTest" time="0"/>
  <testcase name="testDebugPrintNullLabel[hr_HR]" classname="org.apache.commons.collections4.MapUtilsTest" time="0"/>
  <testcase name="testgetFloatValue[hr_HR]" classname="org.apache.commons.collections4.MapUtilsTest" time="0"/>
  <testcase name="testConvertResourceBundle[hr_HR]" classname="org.apache.commons.collections4.MapUtilsTest" time="0"/>
  <testcase name="testOrderedMap[hr_HR]" classname="org.apache.commons.collections4.MapUtilsTest" time="0"/>
  <testcase name="testDebugPrintNullLabelAndMap[hr_HR]" classname="org.apache.commons.collections4.MapUtilsTest" time="0"/>
  <testcase name="testEmptyIfNull[hr_HR]" classname="org.apache.commons.collections4.MapUtilsTest" time="0"/>
  <testcase name="testgetIntValue[hr_HR]" classname="org.apache.commons.collections4.MapUtilsTest" time="0"/>
  <testcase name="testDebugPrintSelfReference[hr_HR]" classname="org.apache.commons.collections4.MapUtilsTest" time="0"/>
  <testcase name="testIterableMap[hr_HR]" classname="org.apache.commons.collections4.MapUtilsTest" time="0"/>
  <testcase name="testDebugAndVerbosePrintNullMap[hr_HR]" classname="org.apache.commons.collections4.MapUtilsTest" time="0"/>
  <testcase name="testVerbosePrintNullLabel[hr_HR]" classname="org.apache.commons.collections4.MapUtilsTest" time="0"/>
  <testcase name="testDebugPrintNullKey[hr_HR]" classname="org.apache.commons.collections4.MapUtilsTest" time="0"/>
  <testcase name="testPredicatedMap[hr_HR]" classname="org.apache.commons.collections4.MapUtilsTest" time="0"/>
  <testcase name="testgetLongValue[hr_HR]" classname="org.apache.commons.collections4.MapUtilsTest" time="0"/>
  <testcase name="testVerbosePrintNullKeyToMap1[hr_HR]" classname="org.apache.commons.collections4.MapUtilsTest" time="0"/>
  <testcase name="testVerbosePrintNullKeyToMap2[hr_HR]" classname="org.apache.commons.collections4.MapUtilsTest" time="0"/>
  <testcase name="testPopulateMap[hr_HR]" classname="org.apache.commons.collections4.MapUtilsTest" time="0"/>
  <testcase name="testToPropertiesEmpty[hr_HR]" classname="org.apache.commons.collections4.MapUtilsTest" time="0"/>
  <testcase name="testPopulateMultiMap[hr_HR]" classname="org.apache.commons.collections4.MapUtilsTest" time="0"/>
  <testcase name="testDebugPrintNullStream[hr_HR]" classname="org.apache.commons.collections4.MapUtilsTest" time="0"/>
  <testcase name="testgetBooleanValue[hr_HR]" classname="org.apache.commons.collections4.MapUtilsTest" time="0"/>
  <testcase name="testIsEmptyWithEmptyMap[hr_HR]" classname="org.apache.commons.collections4.MapUtilsTest" time="0"/>
  <testcase name="testVerbosePrintNullKey[hr_HR]" classname="org.apache.commons.collections4.MapUtilsTest" time="0"/>
  <testcase name="testSizeNull[hr_HR]" classname="org.apache.commons.collections4.MapUtilsTest" time="0"/>
  <testcase name="testDebugPrintNullKeyToMap1[hr_HR]" classname="org.apache.commons.collections4.MapUtilsTest" time="0"/>
  <testcase name="testDebugPrintNullKeyToMap2[hr_HR]" classname="org.apache.commons.collections4.MapUtilsTest" time="0"/>
  <testcase name="testDebugPrint[hr_HR]" classname="org.apache.commons.collections4.MapUtilsTest" time="0"/>
  <testcase name="testgetDoubleValue[hr_HR]" classname="org.apache.commons.collections4.MapUtilsTest" time="0"/>
  <testcase name="testVerbosePrintNullStream[hr_HR]" classname="org.apache.commons.collections4.MapUtilsTest" time="0"/>
  <testcase name="testVerbosePrintNullLabelAndMap[hu]" classname="org.apache.commons.collections4.MapUtilsTest" time="0"/>
  <testcase name="testgetMap[hu]" classname="org.apache.commons.collections4.MapUtilsTest" time="0"/>
  <testcase name="testToProperties[hu]" classname="org.apache.commons.collections4.MapUtilsTest" time="0"/>
  <testcase name="testgetShortValue[hu]" classname="org.apache.commons.collections4.MapUtilsTest" time="0"/>
  <testcase name="testIsEmptyWithNull[hu]" classname="org.apache.commons.collections4.MapUtilsTest" time="0"/>
  <testcase name="testVerbosePrint[hu]" classname="org.apache.commons.collections4.MapUtilsTest" time="0"/>
  <testcase name="testLazyMapFactory[hu]" classname="org.apache.commons.collections4.MapUtilsTest" time="0"/>
  <testcase name="testLazyMapTransformer[hu]" classname="org.apache.commons.collections4.MapUtilsTest" time="0"/>
  <testcase name="testSafeAddToMap[hu]" classname="org.apache.commons.collections4.MapUtilsTest" time="0"/>
  <testcase name="testIsEmptyWithNonEmptyMap[hu]" classname="org.apache.commons.collections4.MapUtilsTest" time="0"/>
  <testcase name="testInvertMap[hu]" classname="org.apache.commons.collections4.MapUtilsTest" time="0"/>
  <testcase name="testDebugAndVerbosePrintCasting[hu]" classname="org.apache.commons.collections4.MapUtilsTest" time="0"/>
  <testcase name="testIsNotEmptyWithNonEmptyMap[hu]" classname="org.apache.commons.collections4.MapUtilsTest" time="0.001"/>
  <testcase name="testgetByteValue[hu]" classname="org.apache.commons.collections4.MapUtilsTest" time="0"/>
  <testcase name="testSize0[hu]" classname="org.apache.commons.collections4.MapUtilsTest" time="0"/>
  <testcase name="testSize[hu]" classname="org.apache.commons.collections4.MapUtilsTest" time="0"/>
  <testcase name="testIsNotEmptyWithEmptyMap[hu]" classname="org.apache.commons.collections4.MapUtilsTest" time="0"/>
  <testcase name="testIsNotEmptyWithNull[hu]" classname="org.apache.commons.collections4.MapUtilsTest" time="0"/>
  <testcase name="testIterableSortedMap[hu]" classname="org.apache.commons.collections4.MapUtilsTest" time="0"/>
  <testcase name="testgetNumber[hu]" classname="org.apache.commons.collections4.MapUtilsTest" time="0"/>
  <testcase name="testgetObject[hu]" classname="org.apache.commons.collections4.MapUtilsTest" time="0"/>
  <testcase name="testgetString[hu]" classname="org.apache.commons.collections4.MapUtilsTest" time="0"/>
  <testcase name="testPutAll_Map_array[hu]" classname="org.apache.commons.collections4.MapUtilsTest" time="0"/>
  <testcase name="testVerbosePrintSelfReference[hu]" classname="org.apache.commons.collections4.MapUtilsTest" time="0"/>
  <testcase name="testDebugPrintNullLabel[hu]" classname="org.apache.commons.collections4.MapUtilsTest" time="0"/>
  <testcase name="testgetFloatValue[hu]" classname="org.apache.commons.collections4.MapUtilsTest" time="0"/>
  <testcase name="testConvertResourceBundle[hu]" classname="org.apache.commons.collections4.MapUtilsTest" time="0"/>
  <testcase name="testOrderedMap[hu]" classname="org.apache.commons.collections4.MapUtilsTest" time="0"/>
  <testcase name="testDebugPrintNullLabelAndMap[hu]" classname="org.apache.commons.collections4.MapUtilsTest" time="0"/>
  <testcase name="testEmptyIfNull[hu]" classname="org.apache.commons.collections4.MapUtilsTest" time="0"/>
  <testcase name="testgetIntValue[hu]" classname="org.apache.commons.collections4.MapUtilsTest" time="0"/>
  <testcase name="testDebugPrintSelfReference[hu]" classname="org.apache.commons.collections4.MapUtilsTest" time="0"/>
  <testcase name="testIterableMap[hu]" classname="org.apache.commons.collections4.MapUtilsTest" time="0"/>
  <testcase name="testDebugAndVerbosePrintNullMap[hu]" classname="org.apache.commons.collections4.MapUtilsTest" time="0"/>
  <testcase name="testVerbosePrintNullLabel[hu]" classname="org.apache.commons.collections4.MapUtilsTest" time="0"/>
  <testcase name="testDebugPrintNullKey[hu]" classname="org.apache.commons.collections4.MapUtilsTest" time="0"/>
  <testcase name="testPredicatedMap[hu]" classname="org.apache.commons.collections4.MapUtilsTest" time="0"/>
  <testcase name="testgetLongValue[hu]" classname="org.apache.commons.collections4.MapUtilsTest" time="0"/>
  <testcase name="testVerbosePrintNullKeyToMap1[hu]" classname="org.apache.commons.collections4.MapUtilsTest" time="0"/>
  <testcase name="testVerbosePrintNullKeyToMap2[hu]" classname="org.apache.commons.collections4.MapUtilsTest" time="0"/>
  <testcase name="testPopulateMap[hu]" classname="org.apache.commons.collections4.MapUtilsTest" time="0"/>
  <testcase name="testToPropertiesEmpty[hu]" classname="org.apache.commons.collections4.MapUtilsTest" time="0"/>
  <testcase name="testPopulateMultiMap[hu]" classname="org.apache.commons.collections4.MapUtilsTest" time="0"/>
  <testcase name="testDebugPrintNullStream[hu]" classname="org.apache.commons.collections4.MapUtilsTest" time="0"/>
  <testcase name="testgetBooleanValue[hu]" classname="org.apache.commons.collections4.MapUtilsTest" time="0"/>
  <testcase name="testIsEmptyWithEmptyMap[hu]" classname="org.apache.commons.collections4.MapUtilsTest" time="0"/>
  <testcase name="testVerbosePrintNullKey[hu]" classname="org.apache.commons.collections4.MapUtilsTest" time="0"/>
  <testcase name="testSizeNull[hu]" classname="org.apache.commons.collections4.MapUtilsTest" time="0"/>
  <testcase name="testDebugPrintNullKeyToMap1[hu]" classname="org.apache.commons.collections4.MapUtilsTest" time="0"/>
  <testcase name="testDebugPrintNullKeyToMap2[hu]" classname="org.apache.commons.collections4.MapUtilsTest" time="0"/>
  <testcase name="testDebugPrint[hu]" classname="org.apache.commons.collections4.MapUtilsTest" time="0"/>
  <testcase name="testgetDoubleValue[hu]" classname="org.apache.commons.collections4.MapUtilsTest" time="0"/>
  <testcase name="testVerbosePrintNullStream[hu]" classname="org.apache.commons.collections4.MapUtilsTest" time="0"/>
  <testcase name="testVerbosePrintNullLabelAndMap[hu_HU]" classname="org.apache.commons.collections4.MapUtilsTest" time="0"/>
  <testcase name="testgetMap[hu_HU]" classname="org.apache.commons.collections4.MapUtilsTest" time="0"/>
  <testcase name="testToProperties[hu_HU]" classname="org.apache.commons.collections4.MapUtilsTest" time="0"/>
  <testcase name="testgetShortValue[hu_HU]" classname="org.apache.commons.collections4.MapUtilsTest" time="0.001"/>
  <testcase name="testIsEmptyWithNull[hu_HU]" classname="org.apache.commons.collections4.MapUtilsTest" time="0"/>
  <testcase name="testVerbosePrint[hu_HU]" classname="org.apache.commons.collections4.MapUtilsTest" time="0"/>
  <testcase name="testLazyMapFactory[hu_HU]" classname="org.apache.commons.collections4.MapUtilsTest" time="0"/>
  <testcase name="testLazyMapTransformer[hu_HU]" classname="org.apache.commons.collections4.MapUtilsTest" time="0"/>
  <testcase name="testSafeAddToMap[hu_HU]" classname="org.apache.commons.collections4.MapUtilsTest" time="0"/>
  <testcase name="testIsEmptyWithNonEmptyMap[hu_HU]" classname="org.apache.commons.collections4.MapUtilsTest" time="0"/>
  <testcase name="testInvertMap[hu_HU]" classname="org.apache.commons.collections4.MapUtilsTest" time="0"/>
  <testcase name="testDebugAndVerbosePrintCasting[hu_HU]" classname="org.apache.commons.collections4.MapUtilsTest" time="0"/>
  <testcase name="testIsNotEmptyWithNonEmptyMap[hu_HU]" classname="org.apache.commons.collections4.MapUtilsTest" time="0"/>
  <testcase name="testgetByteValue[hu_HU]" classname="org.apache.commons.collections4.MapUtilsTest" time="0"/>
  <testcase name="testSize0[hu_HU]" classname="org.apache.commons.collections4.MapUtilsTest" time="0"/>
  <testcase name="testSize[hu_HU]" classname="org.apache.commons.collections4.MapUtilsTest" time="0"/>
  <testcase name="testIsNotEmptyWithEmptyMap[hu_HU]" classname="org.apache.commons.collections4.MapUtilsTest" time="0"/>
  <testcase name="testIsNotEmptyWithNull[hu_HU]" classname="org.apache.commons.collections4.MapUtilsTest" time="0"/>
  <testcase name="testIterableSortedMap[hu_HU]" classname="org.apache.commons.collections4.MapUtilsTest" time="0"/>
  <testcase name="testgetNumber[hu_HU]" classname="org.apache.commons.collections4.MapUtilsTest" time="0"/>
  <testcase name="testgetObject[hu_HU]" classname="org.apache.commons.collections4.MapUtilsTest" time="0"/>
  <testcase name="testgetString[hu_HU]" classname="org.apache.commons.collections4.MapUtilsTest" time="0"/>
  <testcase name="testPutAll_Map_array[hu_HU]" classname="org.apache.commons.collections4.MapUtilsTest" time="0"/>
  <testcase name="testVerbosePrintSelfReference[hu_HU]" classname="org.apache.commons.collections4.MapUtilsTest" time="0"/>
  <testcase name="testDebugPrintNullLabel[hu_HU]" classname="org.apache.commons.collections4.MapUtilsTest" time="0"/>
  <testcase name="testgetFloatValue[hu_HU]" classname="org.apache.commons.collections4.MapUtilsTest" time="0"/>
  <testcase name="testConvertResourceBundle[hu_HU]" classname="org.apache.commons.collections4.MapUtilsTest" time="0"/>
  <testcase name="testOrderedMap[hu_HU]" classname="org.apache.commons.collections4.MapUtilsTest" time="0"/>
  <testcase name="testDebugPrintNullLabelAndMap[hu_HU]" classname="org.apache.commons.collections4.MapUtilsTest" time="0"/>
  <testcase name="testEmptyIfNull[hu_HU]" classname="org.apache.commons.collections4.MapUtilsTest" time="0"/>
  <testcase name="testgetIntValue[hu_HU]" classname="org.apache.commons.collections4.MapUtilsTest" time="0.001"/>
  <testcase name="testDebugPrintSelfReference[hu_HU]" classname="org.apache.commons.collections4.MapUtilsTest" time="0"/>
  <testcase name="testIterableMap[hu_HU]" classname="org.apache.commons.collections4.MapUtilsTest" time="0"/>
  <testcase name="testDebugAndVerbosePrintNullMap[hu_HU]" classname="org.apache.commons.collections4.MapUtilsTest" time="0"/>
  <testcase name="testVerbosePrintNullLabel[hu_HU]" classname="org.apache.commons.collections4.MapUtilsTest" time="0"/>
  <testcase name="testDebugPrintNullKey[hu_HU]" classname="org.apache.commons.collections4.MapUtilsTest" time="0"/>
  <testcase name="testPredicatedMap[hu_HU]" classname="org.apache.commons.collections4.MapUtilsTest" time="0"/>
  <testcase name="testgetLongValue[hu_HU]" classname="org.apache.commons.collections4.MapUtilsTest" time="0"/>
  <testcase name="testVerbosePrintNullKeyToMap1[hu_HU]" classname="org.apache.commons.collections4.MapUtilsTest" time="0"/>
  <testcase name="testVerbosePrintNullKeyToMap2[hu_HU]" classname="org.apache.commons.collections4.MapUtilsTest" time="0"/>
  <testcase name="testPopulateMap[hu_HU]" classname="org.apache.commons.collections4.MapUtilsTest" time="0"/>
  <testcase name="testToPropertiesEmpty[hu_HU]" classname="org.apache.commons.collections4.MapUtilsTest" time="0"/>
  <testcase name="testPopulateMultiMap[hu_HU]" classname="org.apache.commons.collections4.MapUtilsTest" time="0"/>
  <testcase name="testDebugPrintNullStream[hu_HU]" classname="org.apache.commons.collections4.MapUtilsTest" time="0"/>
  <testcase name="testgetBooleanValue[hu_HU]" classname="org.apache.commons.collections4.MapUtilsTest" time="0"/>
  <testcase name="testIsEmptyWithEmptyMap[hu_HU]" classname="org.apache.commons.collections4.MapUtilsTest" time="0"/>
  <testcase name="testVerbosePrintNullKey[hu_HU]" classname="org.apache.commons.collections4.MapUtilsTest" time="0"/>
  <testcase name="testSizeNull[hu_HU]" classname="org.apache.commons.collections4.MapUtilsTest" time="0"/>
  <testcase name="testDebugPrintNullKeyToMap1[hu_HU]" classname="org.apache.commons.collections4.MapUtilsTest" time="0"/>
  <testcase name="testDebugPrintNullKeyToMap2[hu_HU]" classname="org.apache.commons.collections4.MapUtilsTest" time="0"/>
  <testcase name="testDebugPrint[hu_HU]" classname="org.apache.commons.collections4.MapUtilsTest" time="0"/>
  <testcase name="testgetDoubleValue[hu_HU]" classname="org.apache.commons.collections4.MapUtilsTest" time="0"/>
  <testcase name="testVerbosePrintNullStream[hu_HU]" classname="org.apache.commons.collections4.MapUtilsTest" time="0"/>
  <testcase name="testVerbosePrintNullLabelAndMap[in]" classname="org.apache.commons.collections4.MapUtilsTest" time="0"/>
  <testcase name="testgetMap[in]" classname="org.apache.commons.collections4.MapUtilsTest" time="0"/>
  <testcase name="testToProperties[in]" classname="org.apache.commons.collections4.MapUtilsTest" time="0"/>
  <testcase name="testgetShortValue[in]" classname="org.apache.commons.collections4.MapUtilsTest" time="0.001"/>
  <testcase name="testIsEmptyWithNull[in]" classname="org.apache.commons.collections4.MapUtilsTest" time="0"/>
  <testcase name="testVerbosePrint[in]" classname="org.apache.commons.collections4.MapUtilsTest" time="0"/>
  <testcase name="testLazyMapFactory[in]" classname="org.apache.commons.collections4.MapUtilsTest" time="0"/>
  <testcase name="testLazyMapTransformer[in]" classname="org.apache.commons.collections4.MapUtilsTest" time="0"/>
  <testcase name="testSafeAddToMap[in]" classname="org.apache.commons.collections4.MapUtilsTest" time="0"/>
  <testcase name="testIsEmptyWithNonEmptyMap[in]" classname="org.apache.commons.collections4.MapUtilsTest" time="0"/>
  <testcase name="testInvertMap[in]" classname="org.apache.commons.collections4.MapUtilsTest" time="0"/>
  <testcase name="testDebugAndVerbosePrintCasting[in]" classname="org.apache.commons.collections4.MapUtilsTest" time="0"/>
  <testcase name="testIsNotEmptyWithNonEmptyMap[in]" classname="org.apache.commons.collections4.MapUtilsTest" time="0"/>
  <testcase name="testgetByteValue[in]" classname="org.apache.commons.collections4.MapUtilsTest" time="0"/>
  <testcase name="testSize0[in]" classname="org.apache.commons.collections4.MapUtilsTest" time="0"/>
  <testcase name="testSize[in]" classname="org.apache.commons.collections4.MapUtilsTest" time="0"/>
  <testcase name="testIsNotEmptyWithEmptyMap[in]" classname="org.apache.commons.collections4.MapUtilsTest" time="0"/>
  <testcase name="testIsNotEmptyWithNull[in]" classname="org.apache.commons.collections4.MapUtilsTest" time="0"/>
  <testcase name="testIterableSortedMap[in]" classname="org.apache.commons.collections4.MapUtilsTest" time="0"/>
  <testcase name="testgetNumber[in]" classname="org.apache.commons.collections4.MapUtilsTest" time="0"/>
  <testcase name="testgetObject[in]" classname="org.apache.commons.collections4.MapUtilsTest" time="0"/>
  <testcase name="testgetString[in]" classname="org.apache.commons.collections4.MapUtilsTest" time="0"/>
  <testcase name="testPutAll_Map_array[in]" classname="org.apache.commons.collections4.MapUtilsTest" time="0"/>
  <testcase name="testVerbosePrintSelfReference[in]" classname="org.apache.commons.collections4.MapUtilsTest" time="0"/>
  <testcase name="testDebugPrintNullLabel[in]" classname="org.apache.commons.collections4.MapUtilsTest" time="0"/>
  <testcase name="testgetFloatValue[in]" classname="org.apache.commons.collections4.MapUtilsTest" time="0"/>
  <testcase name="testConvertResourceBundle[in]" classname="org.apache.commons.collections4.MapUtilsTest" time="0"/>
  <testcase name="testOrderedMap[in]" classname="org.apache.commons.collections4.MapUtilsTest" time="0"/>
  <testcase name="testDebugPrintNullLabelAndMap[in]" classname="org.apache.commons.collections4.MapUtilsTest" time="0"/>
  <testcase name="testEmptyIfNull[in]" classname="org.apache.commons.collections4.MapUtilsTest" time="0"/>
  <testcase name="testgetIntValue[in]" classname="org.apache.commons.collections4.MapUtilsTest" time="0"/>
  <testcase name="testDebugPrintSelfReference[in]" classname="org.apache.commons.collections4.MapUtilsTest" time="0"/>
  <testcase name="testIterableMap[in]" classname="org.apache.commons.collections4.MapUtilsTest" time="0"/>
  <testcase name="testDebugAndVerbosePrintNullMap[in]" classname="org.apache.commons.collections4.MapUtilsTest" time="0"/>
  <testcase name="testVerbosePrintNullLabel[in]" classname="org.apache.commons.collections4.MapUtilsTest" time="0"/>
  <testcase name="testDebugPrintNullKey[in]" classname="org.apache.commons.collections4.MapUtilsTest" time="0"/>
  <testcase name="testPredicatedMap[in]" classname="org.apache.commons.collections4.MapUtilsTest" time="0"/>
  <testcase name="testgetLongValue[in]" classname="org.apache.commons.collections4.MapUtilsTest" time="0"/>
  <testcase name="testVerbosePrintNullKeyToMap1[in]" classname="org.apache.commons.collections4.MapUtilsTest" time="0"/>
  <testcase name="testVerbosePrintNullKeyToMap2[in]" classname="org.apache.commons.collections4.MapUtilsTest" time="0"/>
  <testcase name="testPopulateMap[in]" classname="org.apache.commons.collections4.MapUtilsTest" time="0"/>
  <testcase name="testToPropertiesEmpty[in]" classname="org.apache.commons.collections4.MapUtilsTest" time="0"/>
  <testcase name="testPopulateMultiMap[in]" classname="org.apache.commons.collections4.MapUtilsTest" time="0"/>
  <testcase name="testDebugPrintNullStream[in]" classname="org.apache.commons.collections4.MapUtilsTest" time="0"/>
  <testcase name="testgetBooleanValue[in]" classname="org.apache.commons.collections4.MapUtilsTest" time="0"/>
  <testcase name="testIsEmptyWithEmptyMap[in]" classname="org.apache.commons.collections4.MapUtilsTest" time="0.001"/>
  <testcase name="testVerbosePrintNullKey[in]" classname="org.apache.commons.collections4.MapUtilsTest" time="0"/>
  <testcase name="testSizeNull[in]" classname="org.apache.commons.collections4.MapUtilsTest" time="0"/>
  <testcase name="testDebugPrintNullKeyToMap1[in]" classname="org.apache.commons.collections4.MapUtilsTest" time="0"/>
  <testcase name="testDebugPrintNullKeyToMap2[in]" classname="org.apache.commons.collections4.MapUtilsTest" time="0"/>
  <testcase name="testDebugPrint[in]" classname="org.apache.commons.collections4.MapUtilsTest" time="0"/>
  <testcase name="testgetDoubleValue[in]" classname="org.apache.commons.collections4.MapUtilsTest" time="0"/>
  <testcase name="testVerbosePrintNullStream[in]" classname="org.apache.commons.collections4.MapUtilsTest" time="0"/>
  <testcase name="testVerbosePrintNullLabelAndMap[in_ID]" classname="org.apache.commons.collections4.MapUtilsTest" time="0"/>
  <testcase name="testgetMap[in_ID]" classname="org.apache.commons.collections4.MapUtilsTest" time="0"/>
  <testcase name="testToProperties[in_ID]" classname="org.apache.commons.collections4.MapUtilsTest" time="0"/>
  <testcase name="testgetShortValue[in_ID]" classname="org.apache.commons.collections4.MapUtilsTest" time="0"/>
  <testcase name="testIsEmptyWithNull[in_ID]" classname="org.apache.commons.collections4.MapUtilsTest" time="0"/>
  <testcase name="testVerbosePrint[in_ID]" classname="org.apache.commons.collections4.MapUtilsTest" time="0"/>
  <testcase name="testLazyMapFactory[in_ID]" classname="org.apache.commons.collections4.MapUtilsTest" time="0"/>
  <testcase name="testLazyMapTransformer[in_ID]" classname="org.apache.commons.collections4.MapUtilsTest" time="0"/>
  <testcase name="testSafeAddToMap[in_ID]" classname="org.apache.commons.collections4.MapUtilsTest" time="0"/>
  <testcase name="testIsEmptyWithNonEmptyMap[in_ID]" classname="org.apache.commons.collections4.MapUtilsTest" time="0"/>
  <testcase name="testInvertMap[in_ID]" classname="org.apache.commons.collections4.MapUtilsTest" time="0.001"/>
  <testcase name="testDebugAndVerbosePrintCasting[in_ID]" classname="org.apache.commons.collections4.MapUtilsTest" time="0"/>
  <testcase name="testIsNotEmptyWithNonEmptyMap[in_ID]" classname="org.apache.commons.collections4.MapUtilsTest" time="0"/>
  <testcase name="testgetByteValue[in_ID]" classname="org.apache.commons.collections4.MapUtilsTest" time="0"/>
  <testcase name="testSize0[in_ID]" classname="org.apache.commons.collections4.MapUtilsTest" time="0"/>
  <testcase name="testSize[in_ID]" classname="org.apache.commons.collections4.MapUtilsTest" time="0"/>
  <testcase name="testIsNotEmptyWithEmptyMap[in_ID]" classname="org.apache.commons.collections4.MapUtilsTest" time="0"/>
  <testcase name="testIsNotEmptyWithNull[in_ID]" classname="org.apache.commons.collections4.MapUtilsTest" time="0"/>
  <testcase name="testIterableSortedMap[in_ID]" classname="org.apache.commons.collections4.MapUtilsTest" time="0"/>
  <testcase name="testgetNumber[in_ID]" classname="org.apache.commons.collections4.MapUtilsTest" time="0"/>
  <testcase name="testgetObject[in_ID]" classname="org.apache.commons.collections4.MapUtilsTest" time="0"/>
  <testcase name="testgetString[in_ID]" classname="org.apache.commons.collections4.MapUtilsTest" time="0"/>
  <testcase name="testPutAll_Map_array[in_ID]" classname="org.apache.commons.collections4.MapUtilsTest" time="0"/>
  <testcase name="testVerbosePrintSelfReference[in_ID]" classname="org.apache.commons.collections4.MapUtilsTest" time="0"/>
  <testcase name="testDebugPrintNullLabel[in_ID]" classname="org.apache.commons.collections4.MapUtilsTest" time="0"/>
  <testcase name="testgetFloatValue[in_ID]" classname="org.apache.commons.collections4.MapUtilsTest" time="0"/>
  <testcase name="testConvertResourceBundle[in_ID]" classname="org.apache.commons.collections4.MapUtilsTest" time="0"/>
  <testcase name="testOrderedMap[in_ID]" classname="org.apache.commons.collections4.MapUtilsTest" time="0"/>
  <testcase name="testDebugPrintNullLabelAndMap[in_ID]" classname="org.apache.commons.collections4.MapUtilsTest" time="0"/>
  <testcase name="testEmptyIfNull[in_ID]" classname="org.apache.commons.collections4.MapUtilsTest" time="0"/>
  <testcase name="testgetIntValue[in_ID]" classname="org.apache.commons.collections4.MapUtilsTest" time="0"/>
  <testcase name="testDebugPrintSelfReference[in_ID]" classname="org.apache.commons.collections4.MapUtilsTest" time="0"/>
  <testcase name="testIterableMap[in_ID]" classname="org.apache.commons.collections4.MapUtilsTest" time="0"/>
  <testcase name="testDebugAndVerbosePrintNullMap[in_ID]" classname="org.apache.commons.collections4.MapUtilsTest" time="0"/>
  <testcase name="testVerbosePrintNullLabel[in_ID]" classname="org.apache.commons.collections4.MapUtilsTest" time="0"/>
  <testcase name="testDebugPrintNullKey[in_ID]" classname="org.apache.commons.collections4.MapUtilsTest" time="0"/>
  <testcase name="testPredicatedMap[in_ID]" classname="org.apache.commons.collections4.MapUtilsTest" time="0"/>
  <testcase name="testgetLongValue[in_ID]" classname="org.apache.commons.collections4.MapUtilsTest" time="0"/>
  <testcase name="testVerbosePrintNullKeyToMap1[in_ID]" classname="org.apache.commons.collections4.MapUtilsTest" time="0"/>
  <testcase name="testVerbosePrintNullKeyToMap2[in_ID]" classname="org.apache.commons.collections4.MapUtilsTest" time="0"/>
  <testcase name="testPopulateMap[in_ID]" classname="org.apache.commons.collections4.MapUtilsTest" time="0"/>
  <testcase name="testToPropertiesEmpty[in_ID]" classname="org.apache.commons.collections4.MapUtilsTest" time="0"/>
  <testcase name="testPopulateMultiMap[in_ID]" classname="org.apache.commons.collections4.MapUtilsTest" time="0"/>
  <testcase name="testDebugPrintNullStream[in_ID]" classname="org.apache.commons.collections4.MapUtilsTest" time="0"/>
  <testcase name="testgetBooleanValue[in_ID]" classname="org.apache.commons.collections4.MapUtilsTest" time="0"/>
  <testcase name="testIsEmptyWithEmptyMap[in_ID]" classname="org.apache.commons.collections4.MapUtilsTest" time="0"/>
  <testcase name="testVerbosePrintNullKey[in_ID]" classname="org.apache.commons.collections4.MapUtilsTest" time="0"/>
  <testcase name="testSizeNull[in_ID]" classname="org.apache.commons.collections4.MapUtilsTest" time="0"/>
  <testcase name="testDebugPrintNullKeyToMap1[in_ID]" classname="org.apache.commons.collections4.MapUtilsTest" time="0"/>
  <testcase name="testDebugPrintNullKeyToMap2[in_ID]" classname="org.apache.commons.collections4.MapUtilsTest" time="0"/>
  <testcase name="testDebugPrint[in_ID]" classname="org.apache.commons.collections4.MapUtilsTest" time="0"/>
  <testcase name="testgetDoubleValue[in_ID]" classname="org.apache.commons.collections4.MapUtilsTest" time="0"/>
  <testcase name="testVerbosePrintNullStream[in_ID]" classname="org.apache.commons.collections4.MapUtilsTest" time="0"/>
  <testcase name="testVerbosePrintNullLabelAndMap[is]" classname="org.apache.commons.collections4.MapUtilsTest" time="0"/>
  <testcase name="testgetMap[is]" classname="org.apache.commons.collections4.MapUtilsTest" time="0"/>
  <testcase name="testToProperties[is]" classname="org.apache.commons.collections4.MapUtilsTest" time="0"/>
  <testcase name="testgetShortValue[is]" classname="org.apache.commons.collections4.MapUtilsTest" time="0"/>
  <testcase name="testIsEmptyWithNull[is]" classname="org.apache.commons.collections4.MapUtilsTest" time="0"/>
  <testcase name="testVerbosePrint[is]" classname="org.apache.commons.collections4.MapUtilsTest" time="0"/>
  <testcase name="testLazyMapFactory[is]" classname="org.apache.commons.collections4.MapUtilsTest" time="0"/>
  <testcase name="testLazyMapTransformer[is]" classname="org.apache.commons.collections4.MapUtilsTest" time="0"/>
  <testcase name="testSafeAddToMap[is]" classname="org.apache.commons.collections4.MapUtilsTest" time="0"/>
  <testcase name="testIsEmptyWithNonEmptyMap[is]" classname="org.apache.commons.collections4.MapUtilsTest" time="0"/>
  <testcase name="testInvertMap[is]" classname="org.apache.commons.collections4.MapUtilsTest" time="0"/>
  <testcase name="testDebugAndVerbosePrintCasting[is]" classname="org.apache.commons.collections4.MapUtilsTest" time="0"/>
  <testcase name="testIsNotEmptyWithNonEmptyMap[is]" classname="org.apache.commons.collections4.MapUtilsTest" time="0"/>
  <testcase name="testgetByteValue[is]" classname="org.apache.commons.collections4.MapUtilsTest" time="0"/>
  <testcase name="testSize0[is]" classname="org.apache.commons.collections4.MapUtilsTest" time="0"/>
  <testcase name="testSize[is]" classname="org.apache.commons.collections4.MapUtilsTest" time="0"/>
  <testcase name="testIsNotEmptyWithEmptyMap[is]" classname="org.apache.commons.collections4.MapUtilsTest" time="0"/>
  <testcase name="testIsNotEmptyWithNull[is]" classname="org.apache.commons.collections4.MapUtilsTest" time="0"/>
  <testcase name="testIterableSortedMap[is]" classname="org.apache.commons.collections4.MapUtilsTest" time="0"/>
  <testcase name="testgetNumber[is]" classname="org.apache.commons.collections4.MapUtilsTest" time="0"/>
  <testcase name="testgetObject[is]" classname="org.apache.commons.collections4.MapUtilsTest" time="0"/>
  <testcase name="testgetString[is]" classname="org.apache.commons.collections4.MapUtilsTest" time="0"/>
  <testcase name="testPutAll_Map_array[is]" classname="org.apache.commons.collections4.MapUtilsTest" time="0"/>
  <testcase name="testVerbosePrintSelfReference[is]" classname="org.apache.commons.collections4.MapUtilsTest" time="0"/>
  <testcase name="testDebugPrintNullLabel[is]" classname="org.apache.commons.collections4.MapUtilsTest" time="0"/>
  <testcase name="testgetFloatValue[is]" classname="org.apache.commons.collections4.MapUtilsTest" time="0"/>
  <testcase name="testConvertResourceBundle[is]" classname="org.apache.commons.collections4.MapUtilsTest" time="0"/>
  <testcase name="testOrderedMap[is]" classname="org.apache.commons.collections4.MapUtilsTest" time="0"/>
  <testcase name="testDebugPrintNullLabelAndMap[is]" classname="org.apache.commons.collections4.MapUtilsTest" time="0"/>
  <testcase name="testEmptyIfNull[is]" classname="org.apache.commons.collections4.MapUtilsTest" time="0"/>
  <testcase name="testgetIntValue[is]" classname="org.apache.commons.collections4.MapUtilsTest" time="0"/>
  <testcase name="testDebugPrintSelfReference[is]" classname="org.apache.commons.collections4.MapUtilsTest" time="0"/>
  <testcase name="testIterableMap[is]" classname="org.apache.commons.collections4.MapUtilsTest" time="0"/>
  <testcase name="testDebugAndVerbosePrintNullMap[is]" classname="org.apache.commons.collections4.MapUtilsTest" time="0"/>
  <testcase name="testVerbosePrintNullLabel[is]" classname="org.apache.commons.collections4.MapUtilsTest" time="0"/>
  <testcase name="testDebugPrintNullKey[is]" classname="org.apache.commons.collections4.MapUtilsTest" time="0"/>
  <testcase name="testPredicatedMap[is]" classname="org.apache.commons.collections4.MapUtilsTest" time="0"/>
  <testcase name="testgetLongValue[is]" classname="org.apache.commons.collections4.MapUtilsTest" time="0"/>
  <testcase name="testVerbosePrintNullKeyToMap1[is]" classname="org.apache.commons.collections4.MapUtilsTest" time="0"/>
  <testcase name="testVerbosePrintNullKeyToMap2[is]" classname="org.apache.commons.collections4.MapUtilsTest" time="0"/>
  <testcase name="testPopulateMap[is]" classname="org.apache.commons.collections4.MapUtilsTest" time="0"/>
  <testcase name="testToPropertiesEmpty[is]" classname="org.apache.commons.collections4.MapUtilsTest" time="0"/>
  <testcase name="testPopulateMultiMap[is]" classname="org.apache.commons.collections4.MapUtilsTest" time="0"/>
  <testcase name="testDebugPrintNullStream[is]" classname="org.apache.commons.collections4.MapUtilsTest" time="0"/>
  <testcase name="testgetBooleanValue[is]" classname="org.apache.commons.collections4.MapUtilsTest" time="0"/>
  <testcase name="testIsEmptyWithEmptyMap[is]" classname="org.apache.commons.collections4.MapUtilsTest" time="0"/>
  <testcase name="testVerbosePrintNullKey[is]" classname="org.apache.commons.collections4.MapUtilsTest" time="0"/>
  <testcase name="testSizeNull[is]" classname="org.apache.commons.collections4.MapUtilsTest" time="0"/>
  <testcase name="testDebugPrintNullKeyToMap1[is]" classname="org.apache.commons.collections4.MapUtilsTest" time="0"/>
  <testcase name="testDebugPrintNullKeyToMap2[is]" classname="org.apache.commons.collections4.MapUtilsTest" time="0"/>
  <testcase name="testDebugPrint[is]" classname="org.apache.commons.collections4.MapUtilsTest" time="0"/>
  <testcase name="testgetDoubleValue[is]" classname="org.apache.commons.collections4.MapUtilsTest" time="0"/>
  <testcase name="testVerbosePrintNullStream[is]" classname="org.apache.commons.collections4.MapUtilsTest" time="0"/>
  <testcase name="testVerbosePrintNullLabelAndMap[is_IS]" classname="org.apache.commons.collections4.MapUtilsTest" time="0"/>
  <testcase name="testgetMap[is_IS]" classname="org.apache.commons.collections4.MapUtilsTest" time="0"/>
  <testcase name="testToProperties[is_IS]" classname="org.apache.commons.collections4.MapUtilsTest" time="0"/>
  <testcase name="testgetShortValue[is_IS]" classname="org.apache.commons.collections4.MapUtilsTest" time="0.001"/>
  <testcase name="testIsEmptyWithNull[is_IS]" classname="org.apache.commons.collections4.MapUtilsTest" time="0"/>
  <testcase name="testVerbosePrint[is_IS]" classname="org.apache.commons.collections4.MapUtilsTest" time="0"/>
  <testcase name="testLazyMapFactory[is_IS]" classname="org.apache.commons.collections4.MapUtilsTest" time="0"/>
  <testcase name="testLazyMapTransformer[is_IS]" classname="org.apache.commons.collections4.MapUtilsTest" time="0"/>
  <testcase name="testSafeAddToMap[is_IS]" classname="org.apache.commons.collections4.MapUtilsTest" time="0"/>
  <testcase name="testIsEmptyWithNonEmptyMap[is_IS]" classname="org.apache.commons.collections4.MapUtilsTest" time="0"/>
  <testcase name="testInvertMap[is_IS]" classname="org.apache.commons.collections4.MapUtilsTest" time="0"/>
  <testcase name="testDebugAndVerbosePrintCasting[is_IS]" classname="org.apache.commons.collections4.MapUtilsTest" time="0"/>
  <testcase name="testIsNotEmptyWithNonEmptyMap[is_IS]" classname="org.apache.commons.collections4.MapUtilsTest" time="0"/>
  <testcase name="testgetByteValue[is_IS]" classname="org.apache.commons.collections4.MapUtilsTest" time="0"/>
  <testcase name="testSize0[is_IS]" classname="org.apache.commons.collections4.MapUtilsTest" time="0"/>
  <testcase name="testSize[is_IS]" classname="org.apache.commons.collections4.MapUtilsTest" time="0"/>
  <testcase name="testIsNotEmptyWithEmptyMap[is_IS]" classname="org.apache.commons.collections4.MapUtilsTest" time="0"/>
  <testcase name="testIsNotEmptyWithNull[is_IS]" classname="org.apache.commons.collections4.MapUtilsTest" time="0"/>
  <testcase name="testIterableSortedMap[is_IS]" classname="org.apache.commons.collections4.MapUtilsTest" time="0"/>
  <testcase name="testgetNumber[is_IS]" classname="org.apache.commons.collections4.MapUtilsTest" time="0"/>
  <testcase name="testgetObject[is_IS]" classname="org.apache.commons.collections4.MapUtilsTest" time="0"/>
  <testcase name="testgetString[is_IS]" classname="org.apache.commons.collections4.MapUtilsTest" time="0"/>
  <testcase name="testPutAll_Map_array[is_IS]" classname="org.apache.commons.collections4.MapUtilsTest" time="0"/>
  <testcase name="testVerbosePrintSelfReference[is_IS]" classname="org.apache.commons.collections4.MapUtilsTest" time="0"/>
  <testcase name="testDebugPrintNullLabel[is_IS]" classname="org.apache.commons.collections4.MapUtilsTest" time="0"/>
  <testcase name="testgetFloatValue[is_IS]" classname="org.apache.commons.collections4.MapUtilsTest" time="0"/>
  <testcase name="testConvertResourceBundle[is_IS]" classname="org.apache.commons.collections4.MapUtilsTest" time="0"/>
  <testcase name="testOrderedMap[is_IS]" classname="org.apache.commons.collections4.MapUtilsTest" time="0"/>
  <testcase name="testDebugPrintNullLabelAndMap[is_IS]" classname="org.apache.commons.collections4.MapUtilsTest" time="0.001"/>
  <testcase name="testEmptyIfNull[is_IS]" classname="org.apache.commons.collections4.MapUtilsTest" time="0"/>
  <testcase name="testgetIntValue[is_IS]" classname="org.apache.commons.collections4.MapUtilsTest" time="0"/>
  <testcase name="testDebugPrintSelfReference[is_IS]" classname="org.apache.commons.collections4.MapUtilsTest" time="0"/>
  <testcase name="testIterableMap[is_IS]" classname="org.apache.commons.collections4.MapUtilsTest" time="0"/>
  <testcase name="testDebugAndVerbosePrintNullMap[is_IS]" classname="org.apache.commons.collections4.MapUtilsTest" time="0"/>
  <testcase name="testVerbosePrintNullLabel[is_IS]" classname="org.apache.commons.collections4.MapUtilsTest" time="0"/>
  <testcase name="testDebugPrintNullKey[is_IS]" classname="org.apache.commons.collections4.MapUtilsTest" time="0"/>
  <testcase name="testPredicatedMap[is_IS]" classname="org.apache.commons.collections4.MapUtilsTest" time="0"/>
  <testcase name="testgetLongValue[is_IS]" classname="org.apache.commons.collections4.MapUtilsTest" time="0"/>
  <testcase name="testVerbosePrintNullKeyToMap1[is_IS]" classname="org.apache.commons.collections4.MapUtilsTest" time="0"/>
  <testcase name="testVerbosePrintNullKeyToMap2[is_IS]" classname="org.apache.commons.collections4.MapUtilsTest" time="0"/>
  <testcase name="testPopulateMap[is_IS]" classname="org.apache.commons.collections4.MapUtilsTest" time="0"/>
  <testcase name="testToPropertiesEmpty[is_IS]" classname="org.apache.commons.collections4.MapUtilsTest" time="0"/>
  <testcase name="testPopulateMultiMap[is_IS]" classname="org.apache.commons.collections4.MapUtilsTest" time="0"/>
  <testcase name="testDebugPrintNullStream[is_IS]" classname="org.apache.commons.collections4.MapUtilsTest" time="0"/>
  <testcase name="testgetBooleanValue[is_IS]" classname="org.apache.commons.collections4.MapUtilsTest" time="0"/>
  <testcase name="testIsEmptyWithEmptyMap[is_IS]" classname="org.apache.commons.collections4.MapUtilsTest" time="0"/>
  <testcase name="testVerbosePrintNullKey[is_IS]" classname="org.apache.commons.collections4.MapUtilsTest" time="0"/>
  <testcase name="testSizeNull[is_IS]" classname="org.apache.commons.collections4.MapUtilsTest" time="0"/>
  <testcase name="testDebugPrintNullKeyToMap1[is_IS]" classname="org.apache.commons.collections4.MapUtilsTest" time="0"/>
  <testcase name="testDebugPrintNullKeyToMap2[is_IS]" classname="org.apache.commons.collections4.MapUtilsTest" time="0"/>
  <testcase name="testDebugPrint[is_IS]" classname="org.apache.commons.collections4.MapUtilsTest" time="0"/>
  <testcase name="testgetDoubleValue[is_IS]" classname="org.apache.commons.collections4.MapUtilsTest" time="0"/>
  <testcase name="testVerbosePrintNullStream[is_IS]" classname="org.apache.commons.collections4.MapUtilsTest" time="0"/>
  <testcase name="testVerbosePrintNullLabelAndMap[it]" classname="org.apache.commons.collections4.MapUtilsTest" time="0"/>
  <testcase name="testgetMap[it]" classname="org.apache.commons.collections4.MapUtilsTest" time="0"/>
  <testcase name="testToProperties[it]" classname="org.apache.commons.collections4.MapUtilsTest" time="0"/>
  <testcase name="testgetShortValue[it]" classname="org.apache.commons.collections4.MapUtilsTest" time="0.001"/>
  <testcase name="testIsEmptyWithNull[it]" classname="org.apache.commons.collections4.MapUtilsTest" time="0"/>
  <testcase name="testVerbosePrint[it]" classname="org.apache.commons.collections4.MapUtilsTest" time="0"/>
  <testcase name="testLazyMapFactory[it]" classname="org.apache.commons.collections4.MapUtilsTest" time="0"/>
  <testcase name="testLazyMapTransformer[it]" classname="org.apache.commons.collections4.MapUtilsTest" time="0"/>
  <testcase name="testSafeAddToMap[it]" classname="org.apache.commons.collections4.MapUtilsTest" time="0"/>
  <testcase name="testIsEmptyWithNonEmptyMap[it]" classname="org.apache.commons.collections4.MapUtilsTest" time="0"/>
  <testcase name="testInvertMap[it]" classname="org.apache.commons.collections4.MapUtilsTest" time="0"/>
  <testcase name="testDebugAndVerbosePrintCasting[it]" classname="org.apache.commons.collections4.MapUtilsTest" time="0"/>
  <testcase name="testIsNotEmptyWithNonEmptyMap[it]" classname="org.apache.commons.collections4.MapUtilsTest" time="0"/>
  <testcase name="testgetByteValue[it]" classname="org.apache.commons.collections4.MapUtilsTest" time="0"/>
  <testcase name="testSize0[it]" classname="org.apache.commons.collections4.MapUtilsTest" time="0"/>
  <testcase name="testSize[it]" classname="org.apache.commons.collections4.MapUtilsTest" time="0"/>
  <testcase name="testIsNotEmptyWithEmptyMap[it]" classname="org.apache.commons.collections4.MapUtilsTest" time="0"/>
  <testcase name="testIsNotEmptyWithNull[it]" classname="org.apache.commons.collections4.MapUtilsTest" time="0"/>
  <testcase name="testIterableSortedMap[it]" classname="org.apache.commons.collections4.MapUtilsTest" time="0"/>
  <testcase name="testgetNumber[it]" classname="org.apache.commons.collections4.MapUtilsTest" time="0"/>
  <testcase name="testgetObject[it]" classname="org.apache.commons.collections4.MapUtilsTest" time="0"/>
  <testcase name="testgetString[it]" classname="org.apache.commons.collections4.MapUtilsTest" time="0"/>
  <testcase name="testPutAll_Map_array[it]" classname="org.apache.commons.collections4.MapUtilsTest" time="0"/>
  <testcase name="testVerbosePrintSelfReference[it]" classname="org.apache.commons.collections4.MapUtilsTest" time="0"/>
  <testcase name="testDebugPrintNullLabel[it]" classname="org.apache.commons.collections4.MapUtilsTest" time="0"/>
  <testcase name="testgetFloatValue[it]" classname="org.apache.commons.collections4.MapUtilsTest" time="0"/>
  <testcase name="testConvertResourceBundle[it]" classname="org.apache.commons.collections4.MapUtilsTest" time="0"/>
  <testcase name="testOrderedMap[it]" classname="org.apache.commons.collections4.MapUtilsTest" time="0"/>
  <testcase name="testDebugPrintNullLabelAndMap[it]" classname="org.apache.commons.collections4.MapUtilsTest" time="0"/>
  <testcase name="testEmptyIfNull[it]" classname="org.apache.commons.collections4.MapUtilsTest" time="0"/>
  <testcase name="testgetIntValue[it]" classname="org.apache.commons.collections4.MapUtilsTest" time="0.001"/>
  <testcase name="testDebugPrintSelfReference[it]" classname="org.apache.commons.collections4.MapUtilsTest" time="0"/>
  <testcase name="testIterableMap[it]" classname="org.apache.commons.collections4.MapUtilsTest" time="0"/>
  <testcase name="testDebugAndVerbosePrintNullMap[it]" classname="org.apache.commons.collections4.MapUtilsTest" time="0"/>
  <testcase name="testVerbosePrintNullLabel[it]" classname="org.apache.commons.collections4.MapUtilsTest" time="0"/>
  <testcase name="testDebugPrintNullKey[it]" classname="org.apache.commons.collections4.MapUtilsTest" time="0"/>
  <testcase name="testPredicatedMap[it]" classname="org.apache.commons.collections4.MapUtilsTest" time="0"/>
  <testcase name="testgetLongValue[it]" classname="org.apache.commons.collections4.MapUtilsTest" time="0"/>
  <testcase name="testVerbosePrintNullKeyToMap1[it]" classname="org.apache.commons.collections4.MapUtilsTest" time="0"/>
  <testcase name="testVerbosePrintNullKeyToMap2[it]" classname="org.apache.commons.collections4.MapUtilsTest" time="0"/>
  <testcase name="testPopulateMap[it]" classname="org.apache.commons.collections4.MapUtilsTest" time="0"/>
  <testcase name="testToPropertiesEmpty[it]" classname="org.apache.commons.collections4.MapUtilsTest" time="0"/>
  <testcase name="testPopulateMultiMap[it]" classname="org.apache.commons.collections4.MapUtilsTest" time="0"/>
  <testcase name="testDebugPrintNullStream[it]" classname="org.apache.commons.collections4.MapUtilsTest" time="0"/>
  <testcase name="testgetBooleanValue[it]" classname="org.apache.commons.collections4.MapUtilsTest" time="0"/>
  <testcase name="testIsEmptyWithEmptyMap[it]" classname="org.apache.commons.collections4.MapUtilsTest" time="0"/>
  <testcase name="testVerbosePrintNullKey[it]" classname="org.apache.commons.collections4.MapUtilsTest" time="0"/>
  <testcase name="testSizeNull[it]" classname="org.apache.commons.collections4.MapUtilsTest" time="0"/>
  <testcase name="testDebugPrintNullKeyToMap1[it]" classname="org.apache.commons.collections4.MapUtilsTest" time="0"/>
  <testcase name="testDebugPrintNullKeyToMap2[it]" classname="org.apache.commons.collections4.MapUtilsTest" time="0"/>
  <testcase name="testDebugPrint[it]" classname="org.apache.commons.collections4.MapUtilsTest" time="0"/>
  <testcase name="testgetDoubleValue[it]" classname="org.apache.commons.collections4.MapUtilsTest" time="0"/>
  <testcase name="testVerbosePrintNullStream[it]" classname="org.apache.commons.collections4.MapUtilsTest" time="0"/>
  <testcase name="testVerbosePrintNullLabelAndMap[it_CH]" classname="org.apache.commons.collections4.MapUtilsTest" time="0"/>
  <testcase name="testgetMap[it_CH]" classname="org.apache.commons.collections4.MapUtilsTest" time="0"/>
  <testcase name="testToProperties[it_CH]" classname="org.apache.commons.collections4.MapUtilsTest" time="0"/>
  <testcase name="testgetShortValue[it_CH]" classname="org.apache.commons.collections4.MapUtilsTest" time="0.002"/>
  <testcase name="testIsEmptyWithNull[it_CH]" classname="org.apache.commons.collections4.MapUtilsTest" time="0"/>
  <testcase name="testVerbosePrint[it_CH]" classname="org.apache.commons.collections4.MapUtilsTest" time="0"/>
  <testcase name="testLazyMapFactory[it_CH]" classname="org.apache.commons.collections4.MapUtilsTest" time="0"/>
  <testcase name="testLazyMapTransformer[it_CH]" classname="org.apache.commons.collections4.MapUtilsTest" time="0"/>
  <testcase name="testSafeAddToMap[it_CH]" classname="org.apache.commons.collections4.MapUtilsTest" time="0"/>
  <testcase name="testIsEmptyWithNonEmptyMap[it_CH]" classname="org.apache.commons.collections4.MapUtilsTest" time="0"/>
  <testcase name="testInvertMap[it_CH]" classname="org.apache.commons.collections4.MapUtilsTest" time="0"/>
  <testcase name="testDebugAndVerbosePrintCasting[it_CH]" classname="org.apache.commons.collections4.MapUtilsTest" time="0"/>
  <testcase name="testIsNotEmptyWithNonEmptyMap[it_CH]" classname="org.apache.commons.collections4.MapUtilsTest" time="0"/>
  <testcase name="testgetByteValue[it_CH]" classname="org.apache.commons.collections4.MapUtilsTest" time="0"/>
  <testcase name="testSize0[it_CH]" classname="org.apache.commons.collections4.MapUtilsTest" time="0"/>
  <testcase name="testSize[it_CH]" classname="org.apache.commons.collections4.MapUtilsTest" time="0"/>
  <testcase name="testIsNotEmptyWithEmptyMap[it_CH]" classname="org.apache.commons.collections4.MapUtilsTest" time="0"/>
  <testcase name="testIsNotEmptyWithNull[it_CH]" classname="org.apache.commons.collections4.MapUtilsTest" time="0"/>
  <testcase name="testIterableSortedMap[it_CH]" classname="org.apache.commons.collections4.MapUtilsTest" time="0"/>
  <testcase name="testgetNumber[it_CH]" classname="org.apache.commons.collections4.MapUtilsTest" time="0"/>
  <testcase name="testgetObject[it_CH]" classname="org.apache.commons.collections4.MapUtilsTest" time="0"/>
  <testcase name="testgetString[it_CH]" classname="org.apache.commons.collections4.MapUtilsTest" time="0"/>
  <testcase name="testPutAll_Map_array[it_CH]" classname="org.apache.commons.collections4.MapUtilsTest" time="0"/>
  <testcase name="testVerbosePrintSelfReference[it_CH]" classname="org.apache.commons.collections4.MapUtilsTest" time="0"/>
  <testcase name="testDebugPrintNullLabel[it_CH]" classname="org.apache.commons.collections4.MapUtilsTest" time="0"/>
  <testcase name="testgetFloatValue[it_CH]" classname="org.apache.commons.collections4.MapUtilsTest" time="0"/>
  <testcase name="testConvertResourceBundle[it_CH]" classname="org.apache.commons.collections4.MapUtilsTest" time="0"/>
  <testcase name="testOrderedMap[it_CH]" classname="org.apache.commons.collections4.MapUtilsTest" time="0"/>
  <testcase name="testDebugPrintNullLabelAndMap[it_CH]" classname="org.apache.commons.collections4.MapUtilsTest" time="0"/>
  <testcase name="testEmptyIfNull[it_CH]" classname="org.apache.commons.collections4.MapUtilsTest" time="0"/>
  <testcase name="testgetIntValue[it_CH]" classname="org.apache.commons.collections4.MapUtilsTest" time="0"/>
  <testcase name="testDebugPrintSelfReference[it_CH]" classname="org.apache.commons.collections4.MapUtilsTest" time="0"/>
  <testcase name="testIterableMap[it_CH]" classname="org.apache.commons.collections4.MapUtilsTest" time="0"/>
  <testcase name="testDebugAndVerbosePrintNullMap[it_CH]" classname="org.apache.commons.collections4.MapUtilsTest" time="0"/>
  <testcase name="testVerbosePrintNullLabel[it_CH]" classname="org.apache.commons.collections4.MapUtilsTest" time="0"/>
  <testcase name="testDebugPrintNullKey[it_CH]" classname="org.apache.commons.collections4.MapUtilsTest" time="0.001"/>
  <testcase name="testPredicatedMap[it_CH]" classname="org.apache.commons.collections4.MapUtilsTest" time="0"/>
  <testcase name="testgetLongValue[it_CH]" classname="org.apache.commons.collections4.MapUtilsTest" time="0"/>
  <testcase name="testVerbosePrintNullKeyToMap1[it_CH]" classname="org.apache.commons.collections4.MapUtilsTest" time="0"/>
  <testcase name="testVerbosePrintNullKeyToMap2[it_CH]" classname="org.apache.commons.collections4.MapUtilsTest" time="0"/>
  <testcase name="testPopulateMap[it_CH]" classname="org.apache.commons.collections4.MapUtilsTest" time="0"/>
  <testcase name="testToPropertiesEmpty[it_CH]" classname="org.apache.commons.collections4.MapUtilsTest" time="0"/>
  <testcase name="testPopulateMultiMap[it_CH]" classname="org.apache.commons.collections4.MapUtilsTest" time="0"/>
  <testcase name="testDebugPrintNullStream[it_CH]" classname="org.apache.commons.collections4.MapUtilsTest" time="0"/>
  <testcase name="testgetBooleanValue[it_CH]" classname="org.apache.commons.collections4.MapUtilsTest" time="0"/>
  <testcase name="testIsEmptyWithEmptyMap[it_CH]" classname="org.apache.commons.collections4.MapUtilsTest" time="0"/>
  <testcase name="testVerbosePrintNullKey[it_CH]" classname="org.apache.commons.collections4.MapUtilsTest" time="0"/>
  <testcase name="testSizeNull[it_CH]" classname="org.apache.commons.collections4.MapUtilsTest" time="0"/>
  <testcase name="testDebugPrintNullKeyToMap1[it_CH]" classname="org.apache.commons.collections4.MapUtilsTest" time="0"/>
  <testcase name="testDebugPrintNullKeyToMap2[it_CH]" classname="org.apache.commons.collections4.MapUtilsTest" time="0"/>
  <testcase name="testDebugPrint[it_CH]" classname="org.apache.commons.collections4.MapUtilsTest" time="0"/>
  <testcase name="testgetDoubleValue[it_CH]" classname="org.apache.commons.collections4.MapUtilsTest" time="0"/>
  <testcase name="testVerbosePrintNullStream[it_CH]" classname="org.apache.commons.collections4.MapUtilsTest" time="0"/>
  <testcase name="testVerbosePrintNullLabelAndMap[it_IT]" classname="org.apache.commons.collections4.MapUtilsTest" time="0"/>
  <testcase name="testgetMap[it_IT]" classname="org.apache.commons.collections4.MapUtilsTest" time="0"/>
  <testcase name="testToProperties[it_IT]" classname="org.apache.commons.collections4.MapUtilsTest" time="0"/>
  <testcase name="testgetShortValue[it_IT]" classname="org.apache.commons.collections4.MapUtilsTest" time="0.001"/>
  <testcase name="testIsEmptyWithNull[it_IT]" classname="org.apache.commons.collections4.MapUtilsTest" time="0"/>
  <testcase name="testVerbosePrint[it_IT]" classname="org.apache.commons.collections4.MapUtilsTest" time="0"/>
  <testcase name="testLazyMapFactory[it_IT]" classname="org.apache.commons.collections4.MapUtilsTest" time="0"/>
  <testcase name="testLazyMapTransformer[it_IT]" classname="org.apache.commons.collections4.MapUtilsTest" time="0"/>
  <testcase name="testSafeAddToMap[it_IT]" classname="org.apache.commons.collections4.MapUtilsTest" time="0"/>
  <testcase name="testIsEmptyWithNonEmptyMap[it_IT]" classname="org.apache.commons.collections4.MapUtilsTest" time="0"/>
  <testcase name="testInvertMap[it_IT]" classname="org.apache.commons.collections4.MapUtilsTest" time="0"/>
  <testcase name="testDebugAndVerbosePrintCasting[it_IT]" classname="org.apache.commons.collections4.MapUtilsTest" time="0"/>
  <testcase name="testIsNotEmptyWithNonEmptyMap[it_IT]" classname="org.apache.commons.collections4.MapUtilsTest" time="0"/>
  <testcase name="testgetByteValue[it_IT]" classname="org.apache.commons.collections4.MapUtilsTest" time="0"/>
  <testcase name="testSize0[it_IT]" classname="org.apache.commons.collections4.MapUtilsTest" time="0"/>
  <testcase name="testSize[it_IT]" classname="org.apache.commons.collections4.MapUtilsTest" time="0"/>
  <testcase name="testIsNotEmptyWithEmptyMap[it_IT]" classname="org.apache.commons.collections4.MapUtilsTest" time="0"/>
  <testcase name="testIsNotEmptyWithNull[it_IT]" classname="org.apache.commons.collections4.MapUtilsTest" time="0"/>
  <testcase name="testIterableSortedMap[it_IT]" classname="org.apache.commons.collections4.MapUtilsTest" time="0"/>
  <testcase name="testgetNumber[it_IT]" classname="org.apache.commons.collections4.MapUtilsTest" time="0"/>
  <testcase name="testgetObject[it_IT]" classname="org.apache.commons.collections4.MapUtilsTest" time="0"/>
  <testcase name="testgetString[it_IT]" classname="org.apache.commons.collections4.MapUtilsTest" time="0"/>
  <testcase name="testPutAll_Map_array[it_IT]" classname="org.apache.commons.collections4.MapUtilsTest" time="0.001"/>
  <testcase name="testVerbosePrintSelfReference[it_IT]" classname="org.apache.commons.collections4.MapUtilsTest" time="0"/>
  <testcase name="testDebugPrintNullLabel[it_IT]" classname="org.apache.commons.collections4.MapUtilsTest" time="0"/>
  <testcase name="testgetFloatValue[it_IT]" classname="org.apache.commons.collections4.MapUtilsTest" time="0"/>
  <testcase name="testConvertResourceBundle[it_IT]" classname="org.apache.commons.collections4.MapUtilsTest" time="0"/>
  <testcase name="testOrderedMap[it_IT]" classname="org.apache.commons.collections4.MapUtilsTest" time="0"/>
  <testcase name="testDebugPrintNullLabelAndMap[it_IT]" classname="org.apache.commons.collections4.MapUtilsTest" time="0"/>
  <testcase name="testEmptyIfNull[it_IT]" classname="org.apache.commons.collections4.MapUtilsTest" time="0"/>
  <testcase name="testgetIntValue[it_IT]" classname="org.apache.commons.collections4.MapUtilsTest" time="0"/>
  <testcase name="testDebugPrintSelfReference[it_IT]" classname="org.apache.commons.collections4.MapUtilsTest" time="0"/>
  <testcase name="testIterableMap[it_IT]" classname="org.apache.commons.collections4.MapUtilsTest" time="0"/>
  <testcase name="testDebugAndVerbosePrintNullMap[it_IT]" classname="org.apache.commons.collections4.MapUtilsTest" time="0"/>
  <testcase name="testVerbosePrintNullLabel[it_IT]" classname="org.apache.commons.collections4.MapUtilsTest" time="0"/>
  <testcase name="testDebugPrintNullKey[it_IT]" classname="org.apache.commons.collections4.MapUtilsTest" time="0"/>
  <testcase name="testPredicatedMap[it_IT]" classname="org.apache.commons.collections4.MapUtilsTest" time="0"/>
  <testcase name="testgetLongValue[it_IT]" classname="org.apache.commons.collections4.MapUtilsTest" time="0"/>
  <testcase name="testVerbosePrintNullKeyToMap1[it_IT]" classname="org.apache.commons.collections4.MapUtilsTest" time="0"/>
  <testcase name="testVerbosePrintNullKeyToMap2[it_IT]" classname="org.apache.commons.collections4.MapUtilsTest" time="0"/>
  <testcase name="testPopulateMap[it_IT]" classname="org.apache.commons.collections4.MapUtilsTest" time="0"/>
  <testcase name="testToPropertiesEmpty[it_IT]" classname="org.apache.commons.collections4.MapUtilsTest" time="0"/>
  <testcase name="testPopulateMultiMap[it_IT]" classname="org.apache.commons.collections4.MapUtilsTest" time="0"/>
  <testcase name="testDebugPrintNullStream[it_IT]" classname="org.apache.commons.collections4.MapUtilsTest" time="0"/>
  <testcase name="testgetBooleanValue[it_IT]" classname="org.apache.commons.collections4.MapUtilsTest" time="0"/>
  <testcase name="testIsEmptyWithEmptyMap[it_IT]" classname="org.apache.commons.collections4.MapUtilsTest" time="0"/>
  <testcase name="testVerbosePrintNullKey[it_IT]" classname="org.apache.commons.collections4.MapUtilsTest" time="0"/>
  <testcase name="testSizeNull[it_IT]" classname="org.apache.commons.collections4.MapUtilsTest" time="0"/>
  <testcase name="testDebugPrintNullKeyToMap1[it_IT]" classname="org.apache.commons.collections4.MapUtilsTest" time="0"/>
  <testcase name="testDebugPrintNullKeyToMap2[it_IT]" classname="org.apache.commons.collections4.MapUtilsTest" time="0"/>
  <testcase name="testDebugPrint[it_IT]" classname="org.apache.commons.collections4.MapUtilsTest" time="0"/>
  <testcase name="testgetDoubleValue[it_IT]" classname="org.apache.commons.collections4.MapUtilsTest" time="0"/>
  <testcase name="testVerbosePrintNullStream[it_IT]" classname="org.apache.commons.collections4.MapUtilsTest" time="0"/>
  <testcase name="testVerbosePrintNullLabelAndMap[iw]" classname="org.apache.commons.collections4.MapUtilsTest" time="0"/>
  <testcase name="testgetMap[iw]" classname="org.apache.commons.collections4.MapUtilsTest" time="0"/>
  <testcase name="testToProperties[iw]" classname="org.apache.commons.collections4.MapUtilsTest" time="0"/>
  <testcase name="testgetShortValue[iw]" classname="org.apache.commons.collections4.MapUtilsTest" time="0.001"/>
  <testcase name="testIsEmptyWithNull[iw]" classname="org.apache.commons.collections4.MapUtilsTest" time="0"/>
  <testcase name="testVerbosePrint[iw]" classname="org.apache.commons.collections4.MapUtilsTest" time="0"/>
  <testcase name="testLazyMapFactory[iw]" classname="org.apache.commons.collections4.MapUtilsTest" time="0"/>
  <testcase name="testLazyMapTransformer[iw]" classname="org.apache.commons.collections4.MapUtilsTest" time="0"/>
  <testcase name="testSafeAddToMap[iw]" classname="org.apache.commons.collections4.MapUtilsTest" time="0"/>
  <testcase name="testIsEmptyWithNonEmptyMap[iw]" classname="org.apache.commons.collections4.MapUtilsTest" time="0"/>
  <testcase name="testInvertMap[iw]" classname="org.apache.commons.collections4.MapUtilsTest" time="0"/>
  <testcase name="testDebugAndVerbosePrintCasting[iw]" classname="org.apache.commons.collections4.MapUtilsTest" time="0"/>
  <testcase name="testIsNotEmptyWithNonEmptyMap[iw]" classname="org.apache.commons.collections4.MapUtilsTest" time="0"/>
  <testcase name="testgetByteValue[iw]" classname="org.apache.commons.collections4.MapUtilsTest" time="0"/>
  <testcase name="testSize0[iw]" classname="org.apache.commons.collections4.MapUtilsTest" time="0"/>
  <testcase name="testSize[iw]" classname="org.apache.commons.collections4.MapUtilsTest" time="0"/>
  <testcase name="testIsNotEmptyWithEmptyMap[iw]" classname="org.apache.commons.collections4.MapUtilsTest" time="0"/>
  <testcase name="testIsNotEmptyWithNull[iw]" classname="org.apache.commons.collections4.MapUtilsTest" time="0"/>
  <testcase name="testIterableSortedMap[iw]" classname="org.apache.commons.collections4.MapUtilsTest" time="0"/>
  <testcase name="testgetNumber[iw]" classname="org.apache.commons.collections4.MapUtilsTest" time="0"/>
  <testcase name="testgetObject[iw]" classname="org.apache.commons.collections4.MapUtilsTest" time="0"/>
  <testcase name="testgetString[iw]" classname="org.apache.commons.collections4.MapUtilsTest" time="0"/>
  <testcase name="testPutAll_Map_array[iw]" classname="org.apache.commons.collections4.MapUtilsTest" time="0"/>
  <testcase name="testVerbosePrintSelfReference[iw]" classname="org.apache.commons.collections4.MapUtilsTest" time="0.001"/>
  <testcase name="testDebugPrintNullLabel[iw]" classname="org.apache.commons.collections4.MapUtilsTest" time="0"/>
  <testcase name="testgetFloatValue[iw]" classname="org.apache.commons.collections4.MapUtilsTest" time="0"/>
  <testcase name="testConvertResourceBundle[iw]" classname="org.apache.commons.collections4.MapUtilsTest" time="0"/>
  <testcase name="testOrderedMap[iw]" classname="org.apache.commons.collections4.MapUtilsTest" time="0"/>
  <testcase name="testDebugPrintNullLabelAndMap[iw]" classname="org.apache.commons.collections4.MapUtilsTest" time="0"/>
  <testcase name="testEmptyIfNull[iw]" classname="org.apache.commons.collections4.MapUtilsTest" time="0"/>
  <testcase name="testgetIntValue[iw]" classname="org.apache.commons.collections4.MapUtilsTest" time="0"/>
  <testcase name="testDebugPrintSelfReference[iw]" classname="org.apache.commons.collections4.MapUtilsTest" time="0"/>
  <testcase name="testIterableMap[iw]" classname="org.apache.commons.collections4.MapUtilsTest" time="0"/>
  <testcase name="testDebugAndVerbosePrintNullMap[iw]" classname="org.apache.commons.collections4.MapUtilsTest" time="0"/>
  <testcase name="testVerbosePrintNullLabel[iw]" classname="org.apache.commons.collections4.MapUtilsTest" time="0"/>
  <testcase name="testDebugPrintNullKey[iw]" classname="org.apache.commons.collections4.MapUtilsTest" time="0"/>
  <testcase name="testPredicatedMap[iw]" classname="org.apache.commons.collections4.MapUtilsTest" time="0"/>
  <testcase name="testgetLongValue[iw]" classname="org.apache.commons.collections4.MapUtilsTest" time="0"/>
  <testcase name="testVerbosePrintNullKeyToMap1[iw]" classname="org.apache.commons.collections4.MapUtilsTest" time="0"/>
  <testcase name="testVerbosePrintNullKeyToMap2[iw]" classname="org.apache.commons.collections4.MapUtilsTest" time="0"/>
  <testcase name="testPopulateMap[iw]" classname="org.apache.commons.collections4.MapUtilsTest" time="0"/>
  <testcase name="testToPropertiesEmpty[iw]" classname="org.apache.commons.collections4.MapUtilsTest" time="0"/>
  <testcase name="testPopulateMultiMap[iw]" classname="org.apache.commons.collections4.MapUtilsTest" time="0"/>
  <testcase name="testDebugPrintNullStream[iw]" classname="org.apache.commons.collections4.MapUtilsTest" time="0"/>
  <testcase name="testgetBooleanValue[iw]" classname="org.apache.commons.collections4.MapUtilsTest" time="0"/>
  <testcase name="testIsEmptyWithEmptyMap[iw]" classname="org.apache.commons.collections4.MapUtilsTest" time="0"/>
  <testcase name="testVerbosePrintNullKey[iw]" classname="org.apache.commons.collections4.MapUtilsTest" time="0"/>
  <testcase name="testSizeNull[iw]" classname="org.apache.commons.collections4.MapUtilsTest" time="0"/>
  <testcase name="testDebugPrintNullKeyToMap1[iw]" classname="org.apache.commons.collections4.MapUtilsTest" time="0"/>
  <testcase name="testDebugPrintNullKeyToMap2[iw]" classname="org.apache.commons.collections4.MapUtilsTest" time="0"/>
  <testcase name="testDebugPrint[iw]" classname="org.apache.commons.collections4.MapUtilsTest" time="0.001"/>
  <testcase name="testgetDoubleValue[iw]" classname="org.apache.commons.collections4.MapUtilsTest" time="0"/>
  <testcase name="testVerbosePrintNullStream[iw]" classname="org.apache.commons.collections4.MapUtilsTest" time="0"/>
  <testcase name="testVerbosePrintNullLabelAndMap[iw_IL]" classname="org.apache.commons.collections4.MapUtilsTest" time="0"/>
  <testcase name="testgetMap[iw_IL]" classname="org.apache.commons.collections4.MapUtilsTest" time="0"/>
  <testcase name="testToProperties[iw_IL]" classname="org.apache.commons.collections4.MapUtilsTest" time="0"/>
  <testcase name="testgetShortValue[iw_IL]" classname="org.apache.commons.collections4.MapUtilsTest" time="0"/>
  <testcase name="testIsEmptyWithNull[iw_IL]" classname="org.apache.commons.collections4.MapUtilsTest" time="0"/>
  <testcase name="testVerbosePrint[iw_IL]" classname="org.apache.commons.collections4.MapUtilsTest" time="0"/>
  <testcase name="testLazyMapFactory[iw_IL]" classname="org.apache.commons.collections4.MapUtilsTest" time="0.001"/>
  <testcase name="testLazyMapTransformer[iw_IL]" classname="org.apache.commons.collections4.MapUtilsTest" time="0"/>
  <testcase name="testSafeAddToMap[iw_IL]" classname="org.apache.commons.collections4.MapUtilsTest" time="0"/>
  <testcase name="testIsEmptyWithNonEmptyMap[iw_IL]" classname="org.apache.commons.collections4.MapUtilsTest" time="0"/>
  <testcase name="testInvertMap[iw_IL]" classname="org.apache.commons.collections4.MapUtilsTest" time="0"/>
  <testcase name="testDebugAndVerbosePrintCasting[iw_IL]" classname="org.apache.commons.collections4.MapUtilsTest" time="0"/>
  <testcase name="testIsNotEmptyWithNonEmptyMap[iw_IL]" classname="org.apache.commons.collections4.MapUtilsTest" time="0"/>
  <testcase name="testgetByteValue[iw_IL]" classname="org.apache.commons.collections4.MapUtilsTest" time="0"/>
  <testcase name="testSize0[iw_IL]" classname="org.apache.commons.collections4.MapUtilsTest" time="0"/>
  <testcase name="testSize[iw_IL]" classname="org.apache.commons.collections4.MapUtilsTest" time="0"/>
  <testcase name="testIsNotEmptyWithEmptyMap[iw_IL]" classname="org.apache.commons.collections4.MapUtilsTest" time="0"/>
  <testcase name="testIsNotEmptyWithNull[iw_IL]" classname="org.apache.commons.collections4.MapUtilsTest" time="0"/>
  <testcase name="testIterableSortedMap[iw_IL]" classname="org.apache.commons.collections4.MapUtilsTest" time="0"/>
  <testcase name="testgetNumber[iw_IL]" classname="org.apache.commons.collections4.MapUtilsTest" time="0"/>
  <testcase name="testgetObject[iw_IL]" classname="org.apache.commons.collections4.MapUtilsTest" time="0"/>
  <testcase name="testgetString[iw_IL]" classname="org.apache.commons.collections4.MapUtilsTest" time="0"/>
  <testcase name="testPutAll_Map_array[iw_IL]" classname="org.apache.commons.collections4.MapUtilsTest" time="0"/>
  <testcase name="testVerbosePrintSelfReference[iw_IL]" classname="org.apache.commons.collections4.MapUtilsTest" time="0"/>
  <testcase name="testDebugPrintNullLabel[iw_IL]" classname="org.apache.commons.collections4.MapUtilsTest" time="0"/>
  <testcase name="testgetFloatValue[iw_IL]" classname="org.apache.commons.collections4.MapUtilsTest" time="0"/>
  <testcase name="testConvertResourceBundle[iw_IL]" classname="org.apache.commons.collections4.MapUtilsTest" time="0"/>
  <testcase name="testOrderedMap[iw_IL]" classname="org.apache.commons.collections4.MapUtilsTest" time="0"/>
  <testcase name="testDebugPrintNullLabelAndMap[iw_IL]" classname="org.apache.commons.collections4.MapUtilsTest" time="0"/>
  <testcase name="testEmptyIfNull[iw_IL]" classname="org.apache.commons.collections4.MapUtilsTest" time="0"/>
  <testcase name="testgetIntValue[iw_IL]" classname="org.apache.commons.collections4.MapUtilsTest" time="0"/>
  <testcase name="testDebugPrintSelfReference[iw_IL]" classname="org.apache.commons.collections4.MapUtilsTest" time="0"/>
  <testcase name="testIterableMap[iw_IL]" classname="org.apache.commons.collections4.MapUtilsTest" time="0"/>
  <testcase name="testDebugAndVerbosePrintNullMap[iw_IL]" classname="org.apache.commons.collections4.MapUtilsTest" time="0"/>
  <testcase name="testVerbosePrintNullLabel[iw_IL]" classname="org.apache.commons.collections4.MapUtilsTest" time="0"/>
  <testcase name="testDebugPrintNullKey[iw_IL]" classname="org.apache.commons.collections4.MapUtilsTest" time="0"/>
  <testcase name="testPredicatedMap[iw_IL]" classname="org.apache.commons.collections4.MapUtilsTest" time="0.001"/>
  <testcase name="testgetLongValue[iw_IL]" classname="org.apache.commons.collections4.MapUtilsTest" time="0"/>
  <testcase name="testVerbosePrintNullKeyToMap1[iw_IL]" classname="org.apache.commons.collections4.MapUtilsTest" time="0"/>
  <testcase name="testVerbosePrintNullKeyToMap2[iw_IL]" classname="org.apache.commons.collections4.MapUtilsTest" time="0"/>
  <testcase name="testPopulateMap[iw_IL]" classname="org.apache.commons.collections4.MapUtilsTest" time="0"/>
  <testcase name="testToPropertiesEmpty[iw_IL]" classname="org.apache.commons.collections4.MapUtilsTest" time="0"/>
  <testcase name="testPopulateMultiMap[iw_IL]" classname="org.apache.commons.collections4.MapUtilsTest" time="0"/>
  <testcase name="testDebugPrintNullStream[iw_IL]" classname="org.apache.commons.collections4.MapUtilsTest" time="0"/>
  <testcase name="testgetBooleanValue[iw_IL]" classname="org.apache.commons.collections4.MapUtilsTest" time="0"/>
  <testcase name="testIsEmptyWithEmptyMap[iw_IL]" classname="org.apache.commons.collections4.MapUtilsTest" time="0"/>
  <testcase name="testVerbosePrintNullKey[iw_IL]" classname="org.apache.commons.collections4.MapUtilsTest" time="0"/>
  <testcase name="testSizeNull[iw_IL]" classname="org.apache.commons.collections4.MapUtilsTest" time="0"/>
  <testcase name="testDebugPrintNullKeyToMap1[iw_IL]" classname="org.apache.commons.collections4.MapUtilsTest" time="0"/>
  <testcase name="testDebugPrintNullKeyToMap2[iw_IL]" classname="org.apache.commons.collections4.MapUtilsTest" time="0"/>
  <testcase name="testDebugPrint[iw_IL]" classname="org.apache.commons.collections4.MapUtilsTest" time="0"/>
  <testcase name="testgetDoubleValue[iw_IL]" classname="org.apache.commons.collections4.MapUtilsTest" time="0"/>
  <testcase name="testVerbosePrintNullStream[iw_IL]" classname="org.apache.commons.collections4.MapUtilsTest" time="0"/>
  <testcase name="testVerbosePrintNullLabelAndMap[ja]" classname="org.apache.commons.collections4.MapUtilsTest" time="0"/>
  <testcase name="testgetMap[ja]" classname="org.apache.commons.collections4.MapUtilsTest" time="0"/>
  <testcase name="testToProperties[ja]" classname="org.apache.commons.collections4.MapUtilsTest" time="0"/>
  <testcase name="testgetShortValue[ja]" classname="org.apache.commons.collections4.MapUtilsTest" time="0.001"/>
  <testcase name="testIsEmptyWithNull[ja]" classname="org.apache.commons.collections4.MapUtilsTest" time="0"/>
  <testcase name="testVerbosePrint[ja]" classname="org.apache.commons.collections4.MapUtilsTest" time="0"/>
  <testcase name="testLazyMapFactory[ja]" classname="org.apache.commons.collections4.MapUtilsTest" time="0"/>
  <testcase name="testLazyMapTransformer[ja]" classname="org.apache.commons.collections4.MapUtilsTest" time="0"/>
  <testcase name="testSafeAddToMap[ja]" classname="org.apache.commons.collections4.MapUtilsTest" time="0"/>
  <testcase name="testIsEmptyWithNonEmptyMap[ja]" classname="org.apache.commons.collections4.MapUtilsTest" time="0"/>
  <testcase name="testInvertMap[ja]" classname="org.apache.commons.collections4.MapUtilsTest" time="0"/>
  <testcase name="testDebugAndVerbosePrintCasting[ja]" classname="org.apache.commons.collections4.MapUtilsTest" time="0"/>
  <testcase name="testIsNotEmptyWithNonEmptyMap[ja]" classname="org.apache.commons.collections4.MapUtilsTest" time="0"/>
  <testcase name="testgetByteValue[ja]" classname="org.apache.commons.collections4.MapUtilsTest" time="0"/>
  <testcase name="testSize0[ja]" classname="org.apache.commons.collections4.MapUtilsTest" time="0"/>
  <testcase name="testSize[ja]" classname="org.apache.commons.collections4.MapUtilsTest" time="0"/>
  <testcase name="testIsNotEmptyWithEmptyMap[ja]" classname="org.apache.commons.collections4.MapUtilsTest" time="0"/>
  <testcase name="testIsNotEmptyWithNull[ja]" classname="org.apache.commons.collections4.MapUtilsTest" time="0"/>
  <testcase name="testIterableSortedMap[ja]" classname="org.apache.commons.collections4.MapUtilsTest" time="0"/>
  <testcase name="testgetNumber[ja]" classname="org.apache.commons.collections4.MapUtilsTest" time="0"/>
  <testcase name="testgetObject[ja]" classname="org.apache.commons.collections4.MapUtilsTest" time="0"/>
  <testcase name="testgetString[ja]" classname="org.apache.commons.collections4.MapUtilsTest" time="0"/>
  <testcase name="testPutAll_Map_array[ja]" classname="org.apache.commons.collections4.MapUtilsTest" time="0"/>
  <testcase name="testVerbosePrintSelfReference[ja]" classname="org.apache.commons.collections4.MapUtilsTest" time="0"/>
  <testcase name="testDebugPrintNullLabel[ja]" classname="org.apache.commons.collections4.MapUtilsTest" time="0"/>
  <testcase name="testgetFloatValue[ja]" classname="org.apache.commons.collections4.MapUtilsTest" time="0"/>
  <testcase name="testConvertResourceBundle[ja]" classname="org.apache.commons.collections4.MapUtilsTest" time="0"/>
  <testcase name="testOrderedMap[ja]" classname="org.apache.commons.collections4.MapUtilsTest" time="0"/>
  <testcase name="testDebugPrintNullLabelAndMap[ja]" classname="org.apache.commons.collections4.MapUtilsTest" time="0"/>
  <testcase name="testEmptyIfNull[ja]" classname="org.apache.commons.collections4.MapUtilsTest" time="0"/>
  <testcase name="testgetIntValue[ja]" classname="org.apache.commons.collections4.MapUtilsTest" time="0"/>
  <testcase name="testDebugPrintSelfReference[ja]" classname="org.apache.commons.collections4.MapUtilsTest" time="0"/>
  <testcase name="testIterableMap[ja]" classname="org.apache.commons.collections4.MapUtilsTest" time="0"/>
  <testcase name="testDebugAndVerbosePrintNullMap[ja]" classname="org.apache.commons.collections4.MapUtilsTest" time="0"/>
  <testcase name="testVerbosePrintNullLabel[ja]" classname="org.apache.commons.collections4.MapUtilsTest" time="0"/>
  <testcase name="testDebugPrintNullKey[ja]" classname="org.apache.commons.collections4.MapUtilsTest" time="0"/>
  <testcase name="testPredicatedMap[ja]" classname="org.apache.commons.collections4.MapUtilsTest" time="0"/>
  <testcase name="testgetLongValue[ja]" classname="org.apache.commons.collections4.MapUtilsTest" time="0"/>
  <testcase name="testVerbosePrintNullKeyToMap1[ja]" classname="org.apache.commons.collections4.MapUtilsTest" time="0"/>
  <testcase name="testVerbosePrintNullKeyToMap2[ja]" classname="org.apache.commons.collections4.MapUtilsTest" time="0"/>
  <testcase name="testPopulateMap[ja]" classname="org.apache.commons.collections4.MapUtilsTest" time="0"/>
  <testcase name="testToPropertiesEmpty[ja]" classname="org.apache.commons.collections4.MapUtilsTest" time="0"/>
  <testcase name="testPopulateMultiMap[ja]" classname="org.apache.commons.collections4.MapUtilsTest" time="0"/>
  <testcase name="testDebugPrintNullStream[ja]" classname="org.apache.commons.collections4.MapUtilsTest" time="0"/>
  <testcase name="testgetBooleanValue[ja]" classname="org.apache.commons.collections4.MapUtilsTest" time="0"/>
  <testcase name="testIsEmptyWithEmptyMap[ja]" classname="org.apache.commons.collections4.MapUtilsTest" time="0"/>
  <testcase name="testVerbosePrintNullKey[ja]" classname="org.apache.commons.collections4.MapUtilsTest" time="0"/>
  <testcase name="testSizeNull[ja]" classname="org.apache.commons.collections4.MapUtilsTest" time="0"/>
  <testcase name="testDebugPrintNullKeyToMap1[ja]" classname="org.apache.commons.collections4.MapUtilsTest" time="0"/>
  <testcase name="testDebugPrintNullKeyToMap2[ja]" classname="org.apache.commons.collections4.MapUtilsTest" time="0"/>
  <testcase name="testDebugPrint[ja]" classname="org.apache.commons.collections4.MapUtilsTest" time="0"/>
  <testcase name="testgetDoubleValue[ja]" classname="org.apache.commons.collections4.MapUtilsTest" time="0"/>
  <testcase name="testVerbosePrintNullStream[ja]" classname="org.apache.commons.collections4.MapUtilsTest" time="0"/>
  <testcase name="testVerbosePrintNullLabelAndMap[ja_JP]" classname="org.apache.commons.collections4.MapUtilsTest" time="0"/>
  <testcase name="testgetMap[ja_JP]" classname="org.apache.commons.collections4.MapUtilsTest" time="0"/>
  <testcase name="testToProperties[ja_JP]" classname="org.apache.commons.collections4.MapUtilsTest" time="0"/>
  <testcase name="testgetShortValue[ja_JP]" classname="org.apache.commons.collections4.MapUtilsTest" time="0.002"/>
  <testcase name="testIsEmptyWithNull[ja_JP]" classname="org.apache.commons.collections4.MapUtilsTest" time="0"/>
  <testcase name="testVerbosePrint[ja_JP]" classname="org.apache.commons.collections4.MapUtilsTest" time="0"/>
  <testcase name="testLazyMapFactory[ja_JP]" classname="org.apache.commons.collections4.MapUtilsTest" time="0"/>
  <testcase name="testLazyMapTransformer[ja_JP]" classname="org.apache.commons.collections4.MapUtilsTest" time="0"/>
  <testcase name="testSafeAddToMap[ja_JP]" classname="org.apache.commons.collections4.MapUtilsTest" time="0"/>
  <testcase name="testIsEmptyWithNonEmptyMap[ja_JP]" classname="org.apache.commons.collections4.MapUtilsTest" time="0"/>
  <testcase name="testInvertMap[ja_JP]" classname="org.apache.commons.collections4.MapUtilsTest" time="0"/>
  <testcase name="testDebugAndVerbosePrintCasting[ja_JP]" classname="org.apache.commons.collections4.MapUtilsTest" time="0"/>
  <testcase name="testIsNotEmptyWithNonEmptyMap[ja_JP]" classname="org.apache.commons.collections4.MapUtilsTest" time="0"/>
  <testcase name="testgetByteValue[ja_JP]" classname="org.apache.commons.collections4.MapUtilsTest" time="0"/>
  <testcase name="testSize0[ja_JP]" classname="org.apache.commons.collections4.MapUtilsTest" time="0"/>
  <testcase name="testSize[ja_JP]" classname="org.apache.commons.collections4.MapUtilsTest" time="0"/>
  <testcase name="testIsNotEmptyWithEmptyMap[ja_JP]" classname="org.apache.commons.collections4.MapUtilsTest" time="0"/>
  <testcase name="testIsNotEmptyWithNull[ja_JP]" classname="org.apache.commons.collections4.MapUtilsTest" time="0"/>
  <testcase name="testIterableSortedMap[ja_JP]" classname="org.apache.commons.collections4.MapUtilsTest" time="0"/>
  <testcase name="testgetNumber[ja_JP]" classname="org.apache.commons.collections4.MapUtilsTest" time="0"/>
  <testcase name="testgetObject[ja_JP]" classname="org.apache.commons.collections4.MapUtilsTest" time="0"/>
  <testcase name="testgetString[ja_JP]" classname="org.apache.commons.collections4.MapUtilsTest" time="0"/>
  <testcase name="testPutAll_Map_array[ja_JP]" classname="org.apache.commons.collections4.MapUtilsTest" time="0"/>
  <testcase name="testVerbosePrintSelfReference[ja_JP]" classname="org.apache.commons.collections4.MapUtilsTest" time="0"/>
  <testcase name="testDebugPrintNullLabel[ja_JP]" classname="org.apache.commons.collections4.MapUtilsTest" time="0"/>
  <testcase name="testgetFloatValue[ja_JP]" classname="org.apache.commons.collections4.MapUtilsTest" time="0"/>
  <testcase name="testConvertResourceBundle[ja_JP]" classname="org.apache.commons.collections4.MapUtilsTest" time="0.001"/>
  <testcase name="testOrderedMap[ja_JP]" classname="org.apache.commons.collections4.MapUtilsTest" time="0"/>
  <testcase name="testDebugPrintNullLabelAndMap[ja_JP]" classname="org.apache.commons.collections4.MapUtilsTest" time="0"/>
  <testcase name="testEmptyIfNull[ja_JP]" classname="org.apache.commons.collections4.MapUtilsTest" time="0"/>
  <testcase name="testgetIntValue[ja_JP]" classname="org.apache.commons.collections4.MapUtilsTest" time="0"/>
  <testcase name="testDebugPrintSelfReference[ja_JP]" classname="org.apache.commons.collections4.MapUtilsTest" time="0"/>
  <testcase name="testIterableMap[ja_JP]" classname="org.apache.commons.collections4.MapUtilsTest" time="0"/>
  <testcase name="testDebugAndVerbosePrintNullMap[ja_JP]" classname="org.apache.commons.collections4.MapUtilsTest" time="0"/>
  <testcase name="testVerbosePrintNullLabel[ja_JP]" classname="org.apache.commons.collections4.MapUtilsTest" time="0"/>
  <testcase name="testDebugPrintNullKey[ja_JP]" classname="org.apache.commons.collections4.MapUtilsTest" time="0"/>
  <testcase name="testPredicatedMap[ja_JP]" classname="org.apache.commons.collections4.MapUtilsTest" time="0"/>
  <testcase name="testgetLongValue[ja_JP]" classname="org.apache.commons.collections4.MapUtilsTest" time="0"/>
  <testcase name="testVerbosePrintNullKeyToMap1[ja_JP]" classname="org.apache.commons.collections4.MapUtilsTest" time="0"/>
  <testcase name="testVerbosePrintNullKeyToMap2[ja_JP]" classname="org.apache.commons.collections4.MapUtilsTest" time="0"/>
  <testcase name="testPopulateMap[ja_JP]" classname="org.apache.commons.collections4.MapUtilsTest" time="0"/>
  <testcase name="testToPropertiesEmpty[ja_JP]" classname="org.apache.commons.collections4.MapUtilsTest" time="0"/>
  <testcase name="testPopulateMultiMap[ja_JP]" classname="org.apache.commons.collections4.MapUtilsTest" time="0"/>
  <testcase name="testDebugPrintNullStream[ja_JP]" classname="org.apache.commons.collections4.MapUtilsTest" time="0"/>
  <testcase name="testgetBooleanValue[ja_JP]" classname="org.apache.commons.collections4.MapUtilsTest" time="0"/>
  <testcase name="testIsEmptyWithEmptyMap[ja_JP]" classname="org.apache.commons.collections4.MapUtilsTest" time="0"/>
  <testcase name="testVerbosePrintNullKey[ja_JP]" classname="org.apache.commons.collections4.MapUtilsTest" time="0"/>
  <testcase name="testSizeNull[ja_JP]" classname="org.apache.commons.collections4.MapUtilsTest" time="0"/>
  <testcase name="testDebugPrintNullKeyToMap1[ja_JP]" classname="org.apache.commons.collections4.MapUtilsTest" time="0"/>
  <testcase name="testDebugPrintNullKeyToMap2[ja_JP]" classname="org.apache.commons.collections4.MapUtilsTest" time="0"/>
  <testcase name="testDebugPrint[ja_JP]" classname="org.apache.commons.collections4.MapUtilsTest" time="0"/>
  <testcase name="testgetDoubleValue[ja_JP]" classname="org.apache.commons.collections4.MapUtilsTest" time="0"/>
  <testcase name="testVerbosePrintNullStream[ja_JP]" classname="org.apache.commons.collections4.MapUtilsTest" time="0"/>
  <testcase name="testVerbosePrintNullLabelAndMap[ja_JP_JP_#u-ca-japanese]" classname="org.apache.commons.collections4.MapUtilsTest" time="0"/>
  <testcase name="testgetMap[ja_JP_JP_#u-ca-japanese]" classname="org.apache.commons.collections4.MapUtilsTest" time="0"/>
  <testcase name="testToProperties[ja_JP_JP_#u-ca-japanese]" classname="org.apache.commons.collections4.MapUtilsTest" time="0"/>
  <testcase name="testgetShortValue[ja_JP_JP_#u-ca-japanese]" classname="org.apache.commons.collections4.MapUtilsTest" time="0"/>
  <testcase name="testIsEmptyWithNull[ja_JP_JP_#u-ca-japanese]" classname="org.apache.commons.collections4.MapUtilsTest" time="0"/>
  <testcase name="testVerbosePrint[ja_JP_JP_#u-ca-japanese]" classname="org.apache.commons.collections4.MapUtilsTest" time="0"/>
  <testcase name="testLazyMapFactory[ja_JP_JP_#u-ca-japanese]" classname="org.apache.commons.collections4.MapUtilsTest" time="0"/>
  <testcase name="testLazyMapTransformer[ja_JP_JP_#u-ca-japanese]" classname="org.apache.commons.collections4.MapUtilsTest" time="0"/>
  <testcase name="testSafeAddToMap[ja_JP_JP_#u-ca-japanese]" classname="org.apache.commons.collections4.MapUtilsTest" time="0"/>
  <testcase name="testIsEmptyWithNonEmptyMap[ja_JP_JP_#u-ca-japanese]" classname="org.apache.commons.collections4.MapUtilsTest" time="0"/>
  <testcase name="testInvertMap[ja_JP_JP_#u-ca-japanese]" classname="org.apache.commons.collections4.MapUtilsTest" time="0"/>
  <testcase name="testDebugAndVerbosePrintCasting[ja_JP_JP_#u-ca-japanese]" classname="org.apache.commons.collections4.MapUtilsTest" time="0"/>
  <testcase name="testIsNotEmptyWithNonEmptyMap[ja_JP_JP_#u-ca-japanese]" classname="org.apache.commons.collections4.MapUtilsTest" time="0"/>
  <testcase name="testgetByteValue[ja_JP_JP_#u-ca-japanese]" classname="org.apache.commons.collections4.MapUtilsTest" time="0"/>
  <testcase name="testSize0[ja_JP_JP_#u-ca-japanese]" classname="org.apache.commons.collections4.MapUtilsTest" time="0"/>
  <testcase name="testSize[ja_JP_JP_#u-ca-japanese]" classname="org.apache.commons.collections4.MapUtilsTest" time="0"/>
  <testcase name="testIsNotEmptyWithEmptyMap[ja_JP_JP_#u-ca-japanese]" classname="org.apache.commons.collections4.MapUtilsTest" time="0"/>
  <testcase name="testIsNotEmptyWithNull[ja_JP_JP_#u-ca-japanese]" classname="org.apache.commons.collections4.MapUtilsTest" time="0"/>
  <testcase name="testIterableSortedMap[ja_JP_JP_#u-ca-japanese]" classname="org.apache.commons.collections4.MapUtilsTest" time="0"/>
  <testcase name="testgetNumber[ja_JP_JP_#u-ca-japanese]" classname="org.apache.commons.collections4.MapUtilsTest" time="0"/>
  <testcase name="testgetObject[ja_JP_JP_#u-ca-japanese]" classname="org.apache.commons.collections4.MapUtilsTest" time="0"/>
  <testcase name="testgetString[ja_JP_JP_#u-ca-japanese]" classname="org.apache.commons.collections4.MapUtilsTest" time="0"/>
  <testcase name="testPutAll_Map_array[ja_JP_JP_#u-ca-japanese]" classname="org.apache.commons.collections4.MapUtilsTest" time="0"/>
  <testcase name="testVerbosePrintSelfReference[ja_JP_JP_#u-ca-japanese]" classname="org.apache.commons.collections4.MapUtilsTest" time="0"/>
  <testcase name="testDebugPrintNullLabel[ja_JP_JP_#u-ca-japanese]" classname="org.apache.commons.collections4.MapUtilsTest" time="0"/>
  <testcase name="testgetFloatValue[ja_JP_JP_#u-ca-japanese]" classname="org.apache.commons.collections4.MapUtilsTest" time="0"/>
  <testcase name="testConvertResourceBundle[ja_JP_JP_#u-ca-japanese]" classname="org.apache.commons.collections4.MapUtilsTest" time="0"/>
  <testcase name="testOrderedMap[ja_JP_JP_#u-ca-japanese]" classname="org.apache.commons.collections4.MapUtilsTest" time="0"/>
  <testcase name="testDebugPrintNullLabelAndMap[ja_JP_JP_#u-ca-japanese]" classname="org.apache.commons.collections4.MapUtilsTest" time="0"/>
  <testcase name="testEmptyIfNull[ja_JP_JP_#u-ca-japanese]" classname="org.apache.commons.collections4.MapUtilsTest" time="0"/>
  <testcase name="testgetIntValue[ja_JP_JP_#u-ca-japanese]" classname="org.apache.commons.collections4.MapUtilsTest" time="0"/>
  <testcase name="testDebugPrintSelfReference[ja_JP_JP_#u-ca-japanese]" classname="org.apache.commons.collections4.MapUtilsTest" time="0"/>
  <testcase name="testIterableMap[ja_JP_JP_#u-ca-japanese]" classname="org.apache.commons.collections4.MapUtilsTest" time="0"/>
  <testcase name="testDebugAndVerbosePrintNullMap[ja_JP_JP_#u-ca-japanese]" classname="org.apache.commons.collections4.MapUtilsTest" time="0"/>
  <testcase name="testVerbosePrintNullLabel[ja_JP_JP_#u-ca-japanese]" classname="org.apache.commons.collections4.MapUtilsTest" time="0"/>
  <testcase name="testDebugPrintNullKey[ja_JP_JP_#u-ca-japanese]" classname="org.apache.commons.collections4.MapUtilsTest" time="0"/>
  <testcase name="testPredicatedMap[ja_JP_JP_#u-ca-japanese]" classname="org.apache.commons.collections4.MapUtilsTest" time="0"/>
  <testcase name="testgetLongValue[ja_JP_JP_#u-ca-japanese]" classname="org.apache.commons.collections4.MapUtilsTest" time="0"/>
  <testcase name="testVerbosePrintNullKeyToMap1[ja_JP_JP_#u-ca-japanese]" classname="org.apache.commons.collections4.MapUtilsTest" time="0"/>
  <testcase name="testVerbosePrintNullKeyToMap2[ja_JP_JP_#u-ca-japanese]" classname="org.apache.commons.collections4.MapUtilsTest" time="0"/>
  <testcase name="testPopulateMap[ja_JP_JP_#u-ca-japanese]" classname="org.apache.commons.collections4.MapUtilsTest" time="0.001"/>
  <testcase name="testToPropertiesEmpty[ja_JP_JP_#u-ca-japanese]" classname="org.apache.commons.collections4.MapUtilsTest" time="0"/>
  <testcase name="testPopulateMultiMap[ja_JP_JP_#u-ca-japanese]" classname="org.apache.commons.collections4.MapUtilsTest" time="0"/>
  <testcase name="testDebugPrintNullStream[ja_JP_JP_#u-ca-japanese]" classname="org.apache.commons.collections4.MapUtilsTest" time="0"/>
  <testcase name="testgetBooleanValue[ja_JP_JP_#u-ca-japanese]" classname="org.apache.commons.collections4.MapUtilsTest" time="0"/>
  <testcase name="testIsEmptyWithEmptyMap[ja_JP_JP_#u-ca-japanese]" classname="org.apache.commons.collections4.MapUtilsTest" time="0"/>
  <testcase name="testVerbosePrintNullKey[ja_JP_JP_#u-ca-japanese]" classname="org.apache.commons.collections4.MapUtilsTest" time="0"/>
  <testcase name="testSizeNull[ja_JP_JP_#u-ca-japanese]" classname="org.apache.commons.collections4.MapUtilsTest" time="0"/>
  <testcase name="testDebugPrintNullKeyToMap1[ja_JP_JP_#u-ca-japanese]" classname="org.apache.commons.collections4.MapUtilsTest" time="0"/>
  <testcase name="testDebugPrintNullKeyToMap2[ja_JP_JP_#u-ca-japanese]" classname="org.apache.commons.collections4.MapUtilsTest" time="0"/>
  <testcase name="testDebugPrint[ja_JP_JP_#u-ca-japanese]" classname="org.apache.commons.collections4.MapUtilsTest" time="0"/>
  <testcase name="testgetDoubleValue[ja_JP_JP_#u-ca-japanese]" classname="org.apache.commons.collections4.MapUtilsTest" time="0"/>
  <testcase name="testVerbosePrintNullStream[ja_JP_JP_#u-ca-japanese]" classname="org.apache.commons.collections4.MapUtilsTest" time="0"/>
  <testcase name="testVerbosePrintNullLabelAndMap[ko]" classname="org.apache.commons.collections4.MapUtilsTest" time="0"/>
  <testcase name="testgetMap[ko]" classname="org.apache.commons.collections4.MapUtilsTest" time="0"/>
  <testcase name="testToProperties[ko]" classname="org.apache.commons.collections4.MapUtilsTest" time="0"/>
  <testcase name="testgetShortValue[ko]" classname="org.apache.commons.collections4.MapUtilsTest" time="0.001"/>
  <testcase name="testIsEmptyWithNull[ko]" classname="org.apache.commons.collections4.MapUtilsTest" time="0"/>
  <testcase name="testVerbosePrint[ko]" classname="org.apache.commons.collections4.MapUtilsTest" time="0"/>
  <testcase name="testLazyMapFactory[ko]" classname="org.apache.commons.collections4.MapUtilsTest" time="0"/>
  <testcase name="testLazyMapTransformer[ko]" classname="org.apache.commons.collections4.MapUtilsTest" time="0"/>
  <testcase name="testSafeAddToMap[ko]" classname="org.apache.commons.collections4.MapUtilsTest" time="0"/>
  <testcase name="testIsEmptyWithNonEmptyMap[ko]" classname="org.apache.commons.collections4.MapUtilsTest" time="0"/>
  <testcase name="testInvertMap[ko]" classname="org.apache.commons.collections4.MapUtilsTest" time="0"/>
  <testcase name="testDebugAndVerbosePrintCasting[ko]" classname="org.apache.commons.collections4.MapUtilsTest" time="0"/>
  <testcase name="testIsNotEmptyWithNonEmptyMap[ko]" classname="org.apache.commons.collections4.MapUtilsTest" time="0"/>
  <testcase name="testgetByteValue[ko]" classname="org.apache.commons.collections4.MapUtilsTest" time="0"/>
  <testcase name="testSize0[ko]" classname="org.apache.commons.collections4.MapUtilsTest" time="0"/>
  <testcase name="testSize[ko]" classname="org.apache.commons.collections4.MapUtilsTest" time="0"/>
  <testcase name="testIsNotEmptyWithEmptyMap[ko]" classname="org.apache.commons.collections4.MapUtilsTest" time="0"/>
  <testcase name="testIsNotEmptyWithNull[ko]" classname="org.apache.commons.collections4.MapUtilsTest" time="0"/>
  <testcase name="testIterableSortedMap[ko]" classname="org.apache.commons.collections4.MapUtilsTest" time="0"/>
  <testcase name="testgetNumber[ko]" classname="org.apache.commons.collections4.MapUtilsTest" time="0"/>
  <testcase name="testgetObject[ko]" classname="org.apache.commons.collections4.MapUtilsTest" time="0"/>
  <testcase name="testgetString[ko]" classname="org.apache.commons.collections4.MapUtilsTest" time="0"/>
  <testcase name="testPutAll_Map_array[ko]" classname="org.apache.commons.collections4.MapUtilsTest" time="0"/>
  <testcase name="testVerbosePrintSelfReference[ko]" classname="org.apache.commons.collections4.MapUtilsTest" time="0.001"/>
  <testcase name="testDebugPrintNullLabel[ko]" classname="org.apache.commons.collections4.MapUtilsTest" time="0"/>
  <testcase name="testgetFloatValue[ko]" classname="org.apache.commons.collections4.MapUtilsTest" time="0"/>
  <testcase name="testConvertResourceBundle[ko]" classname="org.apache.commons.collections4.MapUtilsTest" time="0"/>
  <testcase name="testOrderedMap[ko]" classname="org.apache.commons.collections4.MapUtilsTest" time="0"/>
  <testcase name="testDebugPrintNullLabelAndMap[ko]" classname="org.apache.commons.collections4.MapUtilsTest" time="0"/>
  <testcase name="testEmptyIfNull[ko]" classname="org.apache.commons.collections4.MapUtilsTest" time="0"/>
  <testcase name="testgetIntValue[ko]" classname="org.apache.commons.collections4.MapUtilsTest" time="0"/>
  <testcase name="testDebugPrintSelfReference[ko]" classname="org.apache.commons.collections4.MapUtilsTest" time="0"/>
  <testcase name="testIterableMap[ko]" classname="org.apache.commons.collections4.MapUtilsTest" time="0"/>
  <testcase name="testDebugAndVerbosePrintNullMap[ko]" classname="org.apache.commons.collections4.MapUtilsTest" time="0"/>
  <testcase name="testVerbosePrintNullLabel[ko]" classname="org.apache.commons.collections4.MapUtilsTest" time="0"/>
  <testcase name="testDebugPrintNullKey[ko]" classname="org.apache.commons.collections4.MapUtilsTest" time="0"/>
  <testcase name="testPredicatedMap[ko]" classname="org.apache.commons.collections4.MapUtilsTest" time="0"/>
  <testcase name="testgetLongValue[ko]" classname="org.apache.commons.collections4.MapUtilsTest" time="0"/>
  <testcase name="testVerbosePrintNullKeyToMap1[ko]" classname="org.apache.commons.collections4.MapUtilsTest" time="0"/>
  <testcase name="testVerbosePrintNullKeyToMap2[ko]" classname="org.apache.commons.collections4.MapUtilsTest" time="0"/>
  <testcase name="testPopulateMap[ko]" classname="org.apache.commons.collections4.MapUtilsTest" time="0"/>
  <testcase name="testToPropertiesEmpty[ko]" classname="org.apache.commons.collections4.MapUtilsTest" time="0"/>
  <testcase name="testPopulateMultiMap[ko]" classname="org.apache.commons.collections4.MapUtilsTest" time="0"/>
  <testcase name="testDebugPrintNullStream[ko]" classname="org.apache.commons.collections4.MapUtilsTest" time="0"/>
  <testcase name="testgetBooleanValue[ko]" classname="org.apache.commons.collections4.MapUtilsTest" time="0"/>
  <testcase name="testIsEmptyWithEmptyMap[ko]" classname="org.apache.commons.collections4.MapUtilsTest" time="0"/>
  <testcase name="testVerbosePrintNullKey[ko]" classname="org.apache.commons.collections4.MapUtilsTest" time="0"/>
  <testcase name="testSizeNull[ko]" classname="org.apache.commons.collections4.MapUtilsTest" time="0"/>
  <testcase name="testDebugPrintNullKeyToMap1[ko]" classname="org.apache.commons.collections4.MapUtilsTest" time="0"/>
  <testcase name="testDebugPrintNullKeyToMap2[ko]" classname="org.apache.commons.collections4.MapUtilsTest" time="0"/>
  <testcase name="testDebugPrint[ko]" classname="org.apache.commons.collections4.MapUtilsTest" time="0"/>
  <testcase name="testgetDoubleValue[ko]" classname="org.apache.commons.collections4.MapUtilsTest" time="0.001"/>
  <testcase name="testVerbosePrintNullStream[ko]" classname="org.apache.commons.collections4.MapUtilsTest" time="0"/>
  <testcase name="testVerbosePrintNullLabelAndMap[ko_KR]" classname="org.apache.commons.collections4.MapUtilsTest" time="0"/>
  <testcase name="testgetMap[ko_KR]" classname="org.apache.commons.collections4.MapUtilsTest" time="0"/>
  <testcase name="testToProperties[ko_KR]" classname="org.apache.commons.collections4.MapUtilsTest" time="0"/>
  <testcase name="testgetShortValue[ko_KR]" classname="org.apache.commons.collections4.MapUtilsTest" time="0.002"/>
  <testcase name="testIsEmptyWithNull[ko_KR]" classname="org.apache.commons.collections4.MapUtilsTest" time="0"/>
  <testcase name="testVerbosePrint[ko_KR]" classname="org.apache.commons.collections4.MapUtilsTest" time="0"/>
  <testcase name="testLazyMapFactory[ko_KR]" classname="org.apache.commons.collections4.MapUtilsTest" time="0"/>
  <testcase name="testLazyMapTransformer[ko_KR]" classname="org.apache.commons.collections4.MapUtilsTest" time="0"/>
  <testcase name="testSafeAddToMap[ko_KR]" classname="org.apache.commons.collections4.MapUtilsTest" time="0"/>
  <testcase name="testIsEmptyWithNonEmptyMap[ko_KR]" classname="org.apache.commons.collections4.MapUtilsTest" time="0"/>
  <testcase name="testInvertMap[ko_KR]" classname="org.apache.commons.collections4.MapUtilsTest" time="0"/>
  <testcase name="testDebugAndVerbosePrintCasting[ko_KR]" classname="org.apache.commons.collections4.MapUtilsTest" time="0"/>
  <testcase name="testIsNotEmptyWithNonEmptyMap[ko_KR]" classname="org.apache.commons.collections4.MapUtilsTest" time="0"/>
  <testcase name="testgetByteValue[ko_KR]" classname="org.apache.commons.collections4.MapUtilsTest" time="0"/>
  <testcase name="testSize0[ko_KR]" classname="org.apache.commons.collections4.MapUtilsTest" time="0"/>
  <testcase name="testSize[ko_KR]" classname="org.apache.commons.collections4.MapUtilsTest" time="0"/>
  <testcase name="testIsNotEmptyWithEmptyMap[ko_KR]" classname="org.apache.commons.collections4.MapUtilsTest" time="0"/>
  <testcase name="testIsNotEmptyWithNull[ko_KR]" classname="org.apache.commons.collections4.MapUtilsTest" time="0"/>
  <testcase name="testIterableSortedMap[ko_KR]" classname="org.apache.commons.collections4.MapUtilsTest" time="0"/>
  <testcase name="testgetNumber[ko_KR]" classname="org.apache.commons.collections4.MapUtilsTest" time="0"/>
  <testcase name="testgetObject[ko_KR]" classname="org.apache.commons.collections4.MapUtilsTest" time="0"/>
  <testcase name="testgetString[ko_KR]" classname="org.apache.commons.collections4.MapUtilsTest" time="0"/>
  <testcase name="testPutAll_Map_array[ko_KR]" classname="org.apache.commons.collections4.MapUtilsTest" time="0"/>
  <testcase name="testVerbosePrintSelfReference[ko_KR]" classname="org.apache.commons.collections4.MapUtilsTest" time="0"/>
  <testcase name="testDebugPrintNullLabel[ko_KR]" classname="org.apache.commons.collections4.MapUtilsTest" time="0"/>
  <testcase name="testgetFloatValue[ko_KR]" classname="org.apache.commons.collections4.MapUtilsTest" time="0"/>
  <testcase name="testConvertResourceBundle[ko_KR]" classname="org.apache.commons.collections4.MapUtilsTest" time="0"/>
  <testcase name="testOrderedMap[ko_KR]" classname="org.apache.commons.collections4.MapUtilsTest" time="0"/>
  <testcase name="testDebugPrintNullLabelAndMap[ko_KR]" classname="org.apache.commons.collections4.MapUtilsTest" time="0.001"/>
  <testcase name="testEmptyIfNull[ko_KR]" classname="org.apache.commons.collections4.MapUtilsTest" time="0"/>
  <testcase name="testgetIntValue[ko_KR]" classname="org.apache.commons.collections4.MapUtilsTest" time="0"/>
  <testcase name="testDebugPrintSelfReference[ko_KR]" classname="org.apache.commons.collections4.MapUtilsTest" time="0"/>
  <testcase name="testIterableMap[ko_KR]" classname="org.apache.commons.collections4.MapUtilsTest" time="0"/>
  <testcase name="testDebugAndVerbosePrintNullMap[ko_KR]" classname="org.apache.commons.collections4.MapUtilsTest" time="0"/>
  <testcase name="testVerbosePrintNullLabel[ko_KR]" classname="org.apache.commons.collections4.MapUtilsTest" time="0"/>
  <testcase name="testDebugPrintNullKey[ko_KR]" classname="org.apache.commons.collections4.MapUtilsTest" time="0"/>
  <testcase name="testPredicatedMap[ko_KR]" classname="org.apache.commons.collections4.MapUtilsTest" time="0"/>
  <testcase name="testgetLongValue[ko_KR]" classname="org.apache.commons.collections4.MapUtilsTest" time="0"/>
  <testcase name="testVerbosePrintNullKeyToMap1[ko_KR]" classname="org.apache.commons.collections4.MapUtilsTest" time="0"/>
  <testcase name="testVerbosePrintNullKeyToMap2[ko_KR]" classname="org.apache.commons.collections4.MapUtilsTest" time="0"/>
  <testcase name="testPopulateMap[ko_KR]" classname="org.apache.commons.collections4.MapUtilsTest" time="0"/>
  <testcase name="testToPropertiesEmpty[ko_KR]" classname="org.apache.commons.collections4.MapUtilsTest" time="0"/>
  <testcase name="testPopulateMultiMap[ko_KR]" classname="org.apache.commons.collections4.MapUtilsTest" time="0"/>
  <testcase name="testDebugPrintNullStream[ko_KR]" classname="org.apache.commons.collections4.MapUtilsTest" time="0"/>
  <testcase name="testgetBooleanValue[ko_KR]" classname="org.apache.commons.collections4.MapUtilsTest" time="0"/>
  <testcase name="testIsEmptyWithEmptyMap[ko_KR]" classname="org.apache.commons.collections4.MapUtilsTest" time="0"/>
  <testcase name="testVerbosePrintNullKey[ko_KR]" classname="org.apache.commons.collections4.MapUtilsTest" time="0"/>
  <testcase name="testSizeNull[ko_KR]" classname="org.apache.commons.collections4.MapUtilsTest" time="0"/>
  <testcase name="testDebugPrintNullKeyToMap1[ko_KR]" classname="org.apache.commons.collections4.MapUtilsTest" time="0"/>
  <testcase name="testDebugPrintNullKeyToMap2[ko_KR]" classname="org.apache.commons.collections4.MapUtilsTest" time="0"/>
  <testcase name="testDebugPrint[ko_KR]" classname="org.apache.commons.collections4.MapUtilsTest" time="0"/>
  <testcase name="testgetDoubleValue[ko_KR]" classname="org.apache.commons.collections4.MapUtilsTest" time="0"/>
  <testcase name="testVerbosePrintNullStream[ko_KR]" classname="org.apache.commons.collections4.MapUtilsTest" time="0"/>
  <testcase name="testVerbosePrintNullLabelAndMap[lt]" classname="org.apache.commons.collections4.MapUtilsTest" time="0"/>
  <testcase name="testgetMap[lt]" classname="org.apache.commons.collections4.MapUtilsTest" time="0"/>
  <testcase name="testToProperties[lt]" classname="org.apache.commons.collections4.MapUtilsTest" time="0"/>
  <testcase name="testgetShortValue[lt]" classname="org.apache.commons.collections4.MapUtilsTest" time="0.001"/>
  <testcase name="testIsEmptyWithNull[lt]" classname="org.apache.commons.collections4.MapUtilsTest" time="0"/>
  <testcase name="testVerbosePrint[lt]" classname="org.apache.commons.collections4.MapUtilsTest" time="0"/>
  <testcase name="testLazyMapFactory[lt]" classname="org.apache.commons.collections4.MapUtilsTest" time="0"/>
  <testcase name="testLazyMapTransformer[lt]" classname="org.apache.commons.collections4.MapUtilsTest" time="0"/>
  <testcase name="testSafeAddToMap[lt]" classname="org.apache.commons.collections4.MapUtilsTest" time="0"/>
  <testcase name="testIsEmptyWithNonEmptyMap[lt]" classname="org.apache.commons.collections4.MapUtilsTest" time="0"/>
  <testcase name="testInvertMap[lt]" classname="org.apache.commons.collections4.MapUtilsTest" time="0"/>
  <testcase name="testDebugAndVerbosePrintCasting[lt]" classname="org.apache.commons.collections4.MapUtilsTest" time="0"/>
  <testcase name="testIsNotEmptyWithNonEmptyMap[lt]" classname="org.apache.commons.collections4.MapUtilsTest" time="0"/>
  <testcase name="testgetByteValue[lt]" classname="org.apache.commons.collections4.MapUtilsTest" time="0"/>
  <testcase name="testSize0[lt]" classname="org.apache.commons.collections4.MapUtilsTest" time="0"/>
  <testcase name="testSize[lt]" classname="org.apache.commons.collections4.MapUtilsTest" time="0"/>
  <testcase name="testIsNotEmptyWithEmptyMap[lt]" classname="org.apache.commons.collections4.MapUtilsTest" time="0"/>
  <testcase name="testIsNotEmptyWithNull[lt]" classname="org.apache.commons.collections4.MapUtilsTest" time="0"/>
  <testcase name="testIterableSortedMap[lt]" classname="org.apache.commons.collections4.MapUtilsTest" time="0"/>
  <testcase name="testgetNumber[lt]" classname="org.apache.commons.collections4.MapUtilsTest" time="0"/>
  <testcase name="testgetObject[lt]" classname="org.apache.commons.collections4.MapUtilsTest" time="0"/>
  <testcase name="testgetString[lt]" classname="org.apache.commons.collections4.MapUtilsTest" time="0"/>
  <testcase name="testPutAll_Map_array[lt]" classname="org.apache.commons.collections4.MapUtilsTest" time="0"/>
  <testcase name="testVerbosePrintSelfReference[lt]" classname="org.apache.commons.collections4.MapUtilsTest" time="0"/>
  <testcase name="testDebugPrintNullLabel[lt]" classname="org.apache.commons.collections4.MapUtilsTest" time="0"/>
  <testcase name="testgetFloatValue[lt]" classname="org.apache.commons.collections4.MapUtilsTest" time="0"/>
  <testcase name="testConvertResourceBundle[lt]" classname="org.apache.commons.collections4.MapUtilsTest" time="0"/>
  <testcase name="testOrderedMap[lt]" classname="org.apache.commons.collections4.MapUtilsTest" time="0"/>
  <testcase name="testDebugPrintNullLabelAndMap[lt]" classname="org.apache.commons.collections4.MapUtilsTest" time="0"/>
  <testcase name="testEmptyIfNull[lt]" classname="org.apache.commons.collections4.MapUtilsTest" time="0"/>
  <testcase name="testgetIntValue[lt]" classname="org.apache.commons.collections4.MapUtilsTest" time="0"/>
  <testcase name="testDebugPrintSelfReference[lt]" classname="org.apache.commons.collections4.MapUtilsTest" time="0"/>
  <testcase name="testIterableMap[lt]" classname="org.apache.commons.collections4.MapUtilsTest" time="0"/>
  <testcase name="testDebugAndVerbosePrintNullMap[lt]" classname="org.apache.commons.collections4.MapUtilsTest" time="0"/>
  <testcase name="testVerbosePrintNullLabel[lt]" classname="org.apache.commons.collections4.MapUtilsTest" time="0"/>
  <testcase name="testDebugPrintNullKey[lt]" classname="org.apache.commons.collections4.MapUtilsTest" time="0"/>
  <testcase name="testPredicatedMap[lt]" classname="org.apache.commons.collections4.MapUtilsTest" time="0"/>
  <testcase name="testgetLongValue[lt]" classname="org.apache.commons.collections4.MapUtilsTest" time="0"/>
  <testcase name="testVerbosePrintNullKeyToMap1[lt]" classname="org.apache.commons.collections4.MapUtilsTest" time="0"/>
  <testcase name="testVerbosePrintNullKeyToMap2[lt]" classname="org.apache.commons.collections4.MapUtilsTest" time="0"/>
  <testcase name="testPopulateMap[lt]" classname="org.apache.commons.collections4.MapUtilsTest" time="0.001"/>
  <testcase name="testToPropertiesEmpty[lt]" classname="org.apache.commons.collections4.MapUtilsTest" time="0"/>
  <testcase name="testPopulateMultiMap[lt]" classname="org.apache.commons.collections4.MapUtilsTest" time="0"/>
  <testcase name="testDebugPrintNullStream[lt]" classname="org.apache.commons.collections4.MapUtilsTest" time="0"/>
  <testcase name="testgetBooleanValue[lt]" classname="org.apache.commons.collections4.MapUtilsTest" time="0"/>
  <testcase name="testIsEmptyWithEmptyMap[lt]" classname="org.apache.commons.collections4.MapUtilsTest" time="0"/>
  <testcase name="testVerbosePrintNullKey[lt]" classname="org.apache.commons.collections4.MapUtilsTest" time="0"/>
  <testcase name="testSizeNull[lt]" classname="org.apache.commons.collections4.MapUtilsTest" time="0"/>
  <testcase name="testDebugPrintNullKeyToMap1[lt]" classname="org.apache.commons.collections4.MapUtilsTest" time="0"/>
  <testcase name="testDebugPrintNullKeyToMap2[lt]" classname="org.apache.commons.collections4.MapUtilsTest" time="0"/>
  <testcase name="testDebugPrint[lt]" classname="org.apache.commons.collections4.MapUtilsTest" time="0"/>
  <testcase name="testgetDoubleValue[lt]" classname="org.apache.commons.collections4.MapUtilsTest" time="0"/>
  <testcase name="testVerbosePrintNullStream[lt]" classname="org.apache.commons.collections4.MapUtilsTest" time="0"/>
  <testcase name="testVerbosePrintNullLabelAndMap[lt_LT]" classname="org.apache.commons.collections4.MapUtilsTest" time="0"/>
  <testcase name="testgetMap[lt_LT]" classname="org.apache.commons.collections4.MapUtilsTest" time="0"/>
  <testcase name="testToProperties[lt_LT]" classname="org.apache.commons.collections4.MapUtilsTest" time="0"/>
  <testcase name="testgetShortValue[lt_LT]" classname="org.apache.commons.collections4.MapUtilsTest" time="0.001"/>
  <testcase name="testIsEmptyWithNull[lt_LT]" classname="org.apache.commons.collections4.MapUtilsTest" time="0"/>
  <testcase name="testVerbosePrint[lt_LT]" classname="org.apache.commons.collections4.MapUtilsTest" time="0"/>
  <testcase name="testLazyMapFactory[lt_LT]" classname="org.apache.commons.collections4.MapUtilsTest" time="0"/>
  <testcase name="testLazyMapTransformer[lt_LT]" classname="org.apache.commons.collections4.MapUtilsTest" time="0"/>
  <testcase name="testSafeAddToMap[lt_LT]" classname="org.apache.commons.collections4.MapUtilsTest" time="0"/>
  <testcase name="testIsEmptyWithNonEmptyMap[lt_LT]" classname="org.apache.commons.collections4.MapUtilsTest" time="0"/>
  <testcase name="testInvertMap[lt_LT]" classname="org.apache.commons.collections4.MapUtilsTest" time="0"/>
  <testcase name="testDebugAndVerbosePrintCasting[lt_LT]" classname="org.apache.commons.collections4.MapUtilsTest" time="0"/>
  <testcase name="testIsNotEmptyWithNonEmptyMap[lt_LT]" classname="org.apache.commons.collections4.MapUtilsTest" time="0"/>
  <testcase name="testgetByteValue[lt_LT]" classname="org.apache.commons.collections4.MapUtilsTest" time="0"/>
  <testcase name="testSize0[lt_LT]" classname="org.apache.commons.collections4.MapUtilsTest" time="0"/>
  <testcase name="testSize[lt_LT]" classname="org.apache.commons.collections4.MapUtilsTest" time="0"/>
  <testcase name="testIsNotEmptyWithEmptyMap[lt_LT]" classname="org.apache.commons.collections4.MapUtilsTest" time="0"/>
  <testcase name="testIsNotEmptyWithNull[lt_LT]" classname="org.apache.commons.collections4.MapUtilsTest" time="0"/>
  <testcase name="testIterableSortedMap[lt_LT]" classname="org.apache.commons.collections4.MapUtilsTest" time="0"/>
  <testcase name="testgetNumber[lt_LT]" classname="org.apache.commons.collections4.MapUtilsTest" time="0"/>
  <testcase name="testgetObject[lt_LT]" classname="org.apache.commons.collections4.MapUtilsTest" time="0"/>
  <testcase name="testgetString[lt_LT]" classname="org.apache.commons.collections4.MapUtilsTest" time="0"/>
  <testcase name="testPutAll_Map_array[lt_LT]" classname="org.apache.commons.collections4.MapUtilsTest" time="0"/>
  <testcase name="testVerbosePrintSelfReference[lt_LT]" classname="org.apache.commons.collections4.MapUtilsTest" time="0"/>
  <testcase name="testDebugPrintNullLabel[lt_LT]" classname="org.apache.commons.collections4.MapUtilsTest" time="0"/>
  <testcase name="testgetFloatValue[lt_LT]" classname="org.apache.commons.collections4.MapUtilsTest" time="0.001"/>
  <testcase name="testConvertResourceBundle[lt_LT]" classname="org.apache.commons.collections4.MapUtilsTest" time="0"/>
  <testcase name="testOrderedMap[lt_LT]" classname="org.apache.commons.collections4.MapUtilsTest" time="0"/>
  <testcase name="testDebugPrintNullLabelAndMap[lt_LT]" classname="org.apache.commons.collections4.MapUtilsTest" time="0"/>
  <testcase name="testEmptyIfNull[lt_LT]" classname="org.apache.commons.collections4.MapUtilsTest" time="0"/>
  <testcase name="testgetIntValue[lt_LT]" classname="org.apache.commons.collections4.MapUtilsTest" time="0"/>
  <testcase name="testDebugPrintSelfReference[lt_LT]" classname="org.apache.commons.collections4.MapUtilsTest" time="0"/>
  <testcase name="testIterableMap[lt_LT]" classname="org.apache.commons.collections4.MapUtilsTest" time="0"/>
  <testcase name="testDebugAndVerbosePrintNullMap[lt_LT]" classname="org.apache.commons.collections4.MapUtilsTest" time="0"/>
  <testcase name="testVerbosePrintNullLabel[lt_LT]" classname="org.apache.commons.collections4.MapUtilsTest" time="0"/>
  <testcase name="testDebugPrintNullKey[lt_LT]" classname="org.apache.commons.collections4.MapUtilsTest" time="0"/>
  <testcase name="testPredicatedMap[lt_LT]" classname="org.apache.commons.collections4.MapUtilsTest" time="0"/>
  <testcase name="testgetLongValue[lt_LT]" classname="org.apache.commons.collections4.MapUtilsTest" time="0"/>
  <testcase name="testVerbosePrintNullKeyToMap1[lt_LT]" classname="org.apache.commons.collections4.MapUtilsTest" time="0"/>
  <testcase name="testVerbosePrintNullKeyToMap2[lt_LT]" classname="org.apache.commons.collections4.MapUtilsTest" time="0"/>
  <testcase name="testPopulateMap[lt_LT]" classname="org.apache.commons.collections4.MapUtilsTest" time="0"/>
  <testcase name="testToPropertiesEmpty[lt_LT]" classname="org.apache.commons.collections4.MapUtilsTest" time="0"/>
  <testcase name="testPopulateMultiMap[lt_LT]" classname="org.apache.commons.collections4.MapUtilsTest" time="0"/>
  <testcase name="testDebugPrintNullStream[lt_LT]" classname="org.apache.commons.collections4.MapUtilsTest" time="0"/>
  <testcase name="testgetBooleanValue[lt_LT]" classname="org.apache.commons.collections4.MapUtilsTest" time="0"/>
  <testcase name="testIsEmptyWithEmptyMap[lt_LT]" classname="org.apache.commons.collections4.MapUtilsTest" time="0"/>
  <testcase name="testVerbosePrintNullKey[lt_LT]" classname="org.apache.commons.collections4.MapUtilsTest" time="0"/>
  <testcase name="testSizeNull[lt_LT]" classname="org.apache.commons.collections4.MapUtilsTest" time="0"/>
  <testcase name="testDebugPrintNullKeyToMap1[lt_LT]" classname="org.apache.commons.collections4.MapUtilsTest" time="0"/>
  <testcase name="testDebugPrintNullKeyToMap2[lt_LT]" classname="org.apache.commons.collections4.MapUtilsTest" time="0"/>
  <testcase name="testDebugPrint[lt_LT]" classname="org.apache.commons.collections4.MapUtilsTest" time="0"/>
  <testcase name="testgetDoubleValue[lt_LT]" classname="org.apache.commons.collections4.MapUtilsTest" time="0"/>
  <testcase name="testVerbosePrintNullStream[lt_LT]" classname="org.apache.commons.collections4.MapUtilsTest" time="0"/>
  <testcase name="testVerbosePrintNullLabelAndMap[lv]" classname="org.apache.commons.collections4.MapUtilsTest" time="0"/>
  <testcase name="testgetMap[lv]" classname="org.apache.commons.collections4.MapUtilsTest" time="0"/>
  <testcase name="testToProperties[lv]" classname="org.apache.commons.collections4.MapUtilsTest" time="0"/>
  <testcase name="testgetShortValue[lv]" classname="org.apache.commons.collections4.MapUtilsTest" time="0"/>
  <testcase name="testIsEmptyWithNull[lv]" classname="org.apache.commons.collections4.MapUtilsTest" time="0"/>
  <testcase name="testVerbosePrint[lv]" classname="org.apache.commons.collections4.MapUtilsTest" time="0"/>
  <testcase name="testLazyMapFactory[lv]" classname="org.apache.commons.collections4.MapUtilsTest" time="0"/>
  <testcase name="testLazyMapTransformer[lv]" classname="org.apache.commons.collections4.MapUtilsTest" time="0"/>
  <testcase name="testSafeAddToMap[lv]" classname="org.apache.commons.collections4.MapUtilsTest" time="0"/>
  <testcase name="testIsEmptyWithNonEmptyMap[lv]" classname="org.apache.commons.collections4.MapUtilsTest" time="0"/>
  <testcase name="testInvertMap[lv]" classname="org.apache.commons.collections4.MapUtilsTest" time="0"/>
  <testcase name="testDebugAndVerbosePrintCasting[lv]" classname="org.apache.commons.collections4.MapUtilsTest" time="0.001"/>
  <testcase name="testIsNotEmptyWithNonEmptyMap[lv]" classname="org.apache.commons.collections4.MapUtilsTest" time="0"/>
  <testcase name="testgetByteValue[lv]" classname="org.apache.commons.collections4.MapUtilsTest" time="0"/>
  <testcase name="testSize0[lv]" classname="org.apache.commons.collections4.MapUtilsTest" time="0"/>
  <testcase name="testSize[lv]" classname="org.apache.commons.collections4.MapUtilsTest" time="0"/>
  <testcase name="testIsNotEmptyWithEmptyMap[lv]" classname="org.apache.commons.collections4.MapUtilsTest" time="0"/>
  <testcase name="testIsNotEmptyWithNull[lv]" classname="org.apache.commons.collections4.MapUtilsTest" time="0"/>
  <testcase name="testIterableSortedMap[lv]" classname="org.apache.commons.collections4.MapUtilsTest" time="0"/>
  <testcase name="testgetNumber[lv]" classname="org.apache.commons.collections4.MapUtilsTest" time="0"/>
  <testcase name="testgetObject[lv]" classname="org.apache.commons.collections4.MapUtilsTest" time="0"/>
  <testcase name="testgetString[lv]" classname="org.apache.commons.collections4.MapUtilsTest" time="0"/>
  <testcase name="testPutAll_Map_array[lv]" classname="org.apache.commons.collections4.MapUtilsTest" time="0"/>
  <testcase name="testVerbosePrintSelfReference[lv]" classname="org.apache.commons.collections4.MapUtilsTest" time="0"/>
  <testcase name="testDebugPrintNullLabel[lv]" classname="org.apache.commons.collections4.MapUtilsTest" time="0"/>
  <testcase name="testgetFloatValue[lv]" classname="org.apache.commons.collections4.MapUtilsTest" time="0"/>
  <testcase name="testConvertResourceBundle[lv]" classname="org.apache.commons.collections4.MapUtilsTest" time="0"/>
  <testcase name="testOrderedMap[lv]" classname="org.apache.commons.collections4.MapUtilsTest" time="0"/>
  <testcase name="testDebugPrintNullLabelAndMap[lv]" classname="org.apache.commons.collections4.MapUtilsTest" time="0"/>
  <testcase name="testEmptyIfNull[lv]" classname="org.apache.commons.collections4.MapUtilsTest" time="0"/>
  <testcase name="testgetIntValue[lv]" classname="org.apache.commons.collections4.MapUtilsTest" time="0"/>
  <testcase name="testDebugPrintSelfReference[lv]" classname="org.apache.commons.collections4.MapUtilsTest" time="0"/>
  <testcase name="testIterableMap[lv]" classname="org.apache.commons.collections4.MapUtilsTest" time="0"/>
  <testcase name="testDebugAndVerbosePrintNullMap[lv]" classname="org.apache.commons.collections4.MapUtilsTest" time="0"/>
  <testcase name="testVerbosePrintNullLabel[lv]" classname="org.apache.commons.collections4.MapUtilsTest" time="0"/>
  <testcase name="testDebugPrintNullKey[lv]" classname="org.apache.commons.collections4.MapUtilsTest" time="0"/>
  <testcase name="testPredicatedMap[lv]" classname="org.apache.commons.collections4.MapUtilsTest" time="0"/>
  <testcase name="testgetLongValue[lv]" classname="org.apache.commons.collections4.MapUtilsTest" time="0"/>
  <testcase name="testVerbosePrintNullKeyToMap1[lv]" classname="org.apache.commons.collections4.MapUtilsTest" time="0"/>
  <testcase name="testVerbosePrintNullKeyToMap2[lv]" classname="org.apache.commons.collections4.MapUtilsTest" time="0"/>
  <testcase name="testPopulateMap[lv]" classname="org.apache.commons.collections4.MapUtilsTest" time="0"/>
  <testcase name="testToPropertiesEmpty[lv]" classname="org.apache.commons.collections4.MapUtilsTest" time="0"/>
  <testcase name="testPopulateMultiMap[lv]" classname="org.apache.commons.collections4.MapUtilsTest" time="0.001"/>
  <testcase name="testDebugPrintNullStream[lv]" classname="org.apache.commons.collections4.MapUtilsTest" time="0"/>
  <testcase name="testgetBooleanValue[lv]" classname="org.apache.commons.collections4.MapUtilsTest" time="0"/>
  <testcase name="testIsEmptyWithEmptyMap[lv]" classname="org.apache.commons.collections4.MapUtilsTest" time="0"/>
  <testcase name="testVerbosePrintNullKey[lv]" classname="org.apache.commons.collections4.MapUtilsTest" time="0"/>
  <testcase name="testSizeNull[lv]" classname="org.apache.commons.collections4.MapUtilsTest" time="0"/>
  <testcase name="testDebugPrintNullKeyToMap1[lv]" classname="org.apache.commons.collections4.MapUtilsTest" time="0"/>
  <testcase name="testDebugPrintNullKeyToMap2[lv]" classname="org.apache.commons.collections4.MapUtilsTest" time="0"/>
  <testcase name="testDebugPrint[lv]" classname="org.apache.commons.collections4.MapUtilsTest" time="0"/>
  <testcase name="testgetDoubleValue[lv]" classname="org.apache.commons.collections4.MapUtilsTest" time="0"/>
  <testcase name="testVerbosePrintNullStream[lv]" classname="org.apache.commons.collections4.MapUtilsTest" time="0"/>
  <testcase name="testVerbosePrintNullLabelAndMap[lv_LV]" classname="org.apache.commons.collections4.MapUtilsTest" time="0"/>
  <testcase name="testgetMap[lv_LV]" classname="org.apache.commons.collections4.MapUtilsTest" time="0"/>
  <testcase name="testToProperties[lv_LV]" classname="org.apache.commons.collections4.MapUtilsTest" time="0"/>
  <testcase name="testgetShortValue[lv_LV]" classname="org.apache.commons.collections4.MapUtilsTest" time="0.001"/>
  <testcase name="testIsEmptyWithNull[lv_LV]" classname="org.apache.commons.collections4.MapUtilsTest" time="0"/>
  <testcase name="testVerbosePrint[lv_LV]" classname="org.apache.commons.collections4.MapUtilsTest" time="0"/>
  <testcase name="testLazyMapFactory[lv_LV]" classname="org.apache.commons.collections4.MapUtilsTest" time="0"/>
  <testcase name="testLazyMapTransformer[lv_LV]" classname="org.apache.commons.collections4.MapUtilsTest" time="0"/>
  <testcase name="testSafeAddToMap[lv_LV]" classname="org.apache.commons.collections4.MapUtilsTest" time="0"/>
  <testcase name="testIsEmptyWithNonEmptyMap[lv_LV]" classname="org.apache.commons.collections4.MapUtilsTest" time="0"/>
  <testcase name="testInvertMap[lv_LV]" classname="org.apache.commons.collections4.MapUtilsTest" time="0"/>
  <testcase name="testDebugAndVerbosePrintCasting[lv_LV]" classname="org.apache.commons.collections4.MapUtilsTest" time="0"/>
  <testcase name="testIsNotEmptyWithNonEmptyMap[lv_LV]" classname="org.apache.commons.collections4.MapUtilsTest" time="0"/>
  <testcase name="testgetByteValue[lv_LV]" classname="org.apache.commons.collections4.MapUtilsTest" time="0"/>
  <testcase name="testSize0[lv_LV]" classname="org.apache.commons.collections4.MapUtilsTest" time="0"/>
  <testcase name="testSize[lv_LV]" classname="org.apache.commons.collections4.MapUtilsTest" time="0"/>
  <testcase name="testIsNotEmptyWithEmptyMap[lv_LV]" classname="org.apache.commons.collections4.MapUtilsTest" time="0"/>
  <testcase name="testIsNotEmptyWithNull[lv_LV]" classname="org.apache.commons.collections4.MapUtilsTest" time="0"/>
  <testcase name="testIterableSortedMap[lv_LV]" classname="org.apache.commons.collections4.MapUtilsTest" time="0"/>
  <testcase name="testgetNumber[lv_LV]" classname="org.apache.commons.collections4.MapUtilsTest" time="0"/>
  <testcase name="testgetObject[lv_LV]" classname="org.apache.commons.collections4.MapUtilsTest" time="0"/>
  <testcase name="testgetString[lv_LV]" classname="org.apache.commons.collections4.MapUtilsTest" time="0"/>
  <testcase name="testPutAll_Map_array[lv_LV]" classname="org.apache.commons.collections4.MapUtilsTest" time="0"/>
  <testcase name="testVerbosePrintSelfReference[lv_LV]" classname="org.apache.commons.collections4.MapUtilsTest" time="0"/>
  <testcase name="testDebugPrintNullLabel[lv_LV]" classname="org.apache.commons.collections4.MapUtilsTest" time="0"/>
  <testcase name="testgetFloatValue[lv_LV]" classname="org.apache.commons.collections4.MapUtilsTest" time="0"/>
  <testcase name="testConvertResourceBundle[lv_LV]" classname="org.apache.commons.collections4.MapUtilsTest" time="0"/>
  <testcase name="testOrderedMap[lv_LV]" classname="org.apache.commons.collections4.MapUtilsTest" time="0"/>
  <testcase name="testDebugPrintNullLabelAndMap[lv_LV]" classname="org.apache.commons.collections4.MapUtilsTest" time="0"/>
  <testcase name="testEmptyIfNull[lv_LV]" classname="org.apache.commons.collections4.MapUtilsTest" time="0"/>
  <testcase name="testgetIntValue[lv_LV]" classname="org.apache.commons.collections4.MapUtilsTest" time="0"/>
  <testcase name="testDebugPrintSelfReference[lv_LV]" classname="org.apache.commons.collections4.MapUtilsTest" time="0"/>
  <testcase name="testIterableMap[lv_LV]" classname="org.apache.commons.collections4.MapUtilsTest" time="0"/>
  <testcase name="testDebugAndVerbosePrintNullMap[lv_LV]" classname="org.apache.commons.collections4.MapUtilsTest" time="0"/>
  <testcase name="testVerbosePrintNullLabel[lv_LV]" classname="org.apache.commons.collections4.MapUtilsTest" time="0"/>
  <testcase name="testDebugPrintNullKey[lv_LV]" classname="org.apache.commons.collections4.MapUtilsTest" time="0"/>
  <testcase name="testPredicatedMap[lv_LV]" classname="org.apache.commons.collections4.MapUtilsTest" time="0"/>
  <testcase name="testgetLongValue[lv_LV]" classname="org.apache.commons.collections4.MapUtilsTest" time="0"/>
  <testcase name="testVerbosePrintNullKeyToMap1[lv_LV]" classname="org.apache.commons.collections4.MapUtilsTest" time="0"/>
  <testcase name="testVerbosePrintNullKeyToMap2[lv_LV]" classname="org.apache.commons.collections4.MapUtilsTest" time="0"/>
  <testcase name="testPopulateMap[lv_LV]" classname="org.apache.commons.collections4.MapUtilsTest" time="0"/>
  <testcase name="testToPropertiesEmpty[lv_LV]" classname="org.apache.commons.collections4.MapUtilsTest" time="0"/>
  <testcase name="testPopulateMultiMap[lv_LV]" classname="org.apache.commons.collections4.MapUtilsTest" time="0"/>
  <testcase name="testDebugPrintNullStream[lv_LV]" classname="org.apache.commons.collections4.MapUtilsTest" time="0"/>
  <testcase name="testgetBooleanValue[lv_LV]" classname="org.apache.commons.collections4.MapUtilsTest" time="0"/>
  <testcase name="testIsEmptyWithEmptyMap[lv_LV]" classname="org.apache.commons.collections4.MapUtilsTest" time="0"/>
  <testcase name="testVerbosePrintNullKey[lv_LV]" classname="org.apache.commons.collections4.MapUtilsTest" time="0"/>
  <testcase name="testSizeNull[lv_LV]" classname="org.apache.commons.collections4.MapUtilsTest" time="0"/>
  <testcase name="testDebugPrintNullKeyToMap1[lv_LV]" classname="org.apache.commons.collections4.MapUtilsTest" time="0"/>
  <testcase name="testDebugPrintNullKeyToMap2[lv_LV]" classname="org.apache.commons.collections4.MapUtilsTest" time="0"/>
  <testcase name="testDebugPrint[lv_LV]" classname="org.apache.commons.collections4.MapUtilsTest" time="0"/>
  <testcase name="testgetDoubleValue[lv_LV]" classname="org.apache.commons.collections4.MapUtilsTest" time="0"/>
  <testcase name="testVerbosePrintNullStream[lv_LV]" classname="org.apache.commons.collections4.MapUtilsTest" time="0"/>
  <testcase name="testVerbosePrintNullLabelAndMap[mk]" classname="org.apache.commons.collections4.MapUtilsTest" time="0"/>
  <testcase name="testgetMap[mk]" classname="org.apache.commons.collections4.MapUtilsTest" time="0"/>
  <testcase name="testToProperties[mk]" classname="org.apache.commons.collections4.MapUtilsTest" time="0"/>
  <testcase name="testgetShortValue[mk]" classname="org.apache.commons.collections4.MapUtilsTest" time="0.001"/>
  <testcase name="testIsEmptyWithNull[mk]" classname="org.apache.commons.collections4.MapUtilsTest" time="0"/>
  <testcase name="testVerbosePrint[mk]" classname="org.apache.commons.collections4.MapUtilsTest" time="0"/>
  <testcase name="testLazyMapFactory[mk]" classname="org.apache.commons.collections4.MapUtilsTest" time="0"/>
  <testcase name="testLazyMapTransformer[mk]" classname="org.apache.commons.collections4.MapUtilsTest" time="0"/>
  <testcase name="testSafeAddToMap[mk]" classname="org.apache.commons.collections4.MapUtilsTest" time="0"/>
  <testcase name="testIsEmptyWithNonEmptyMap[mk]" classname="org.apache.commons.collections4.MapUtilsTest" time="0"/>
  <testcase name="testInvertMap[mk]" classname="org.apache.commons.collections4.MapUtilsTest" time="0"/>
  <testcase name="testDebugAndVerbosePrintCasting[mk]" classname="org.apache.commons.collections4.MapUtilsTest" time="0"/>
  <testcase name="testIsNotEmptyWithNonEmptyMap[mk]" classname="org.apache.commons.collections4.MapUtilsTest" time="0"/>
  <testcase name="testgetByteValue[mk]" classname="org.apache.commons.collections4.MapUtilsTest" time="0"/>
  <testcase name="testSize0[mk]" classname="org.apache.commons.collections4.MapUtilsTest" time="0"/>
  <testcase name="testSize[mk]" classname="org.apache.commons.collections4.MapUtilsTest" time="0"/>
  <testcase name="testIsNotEmptyWithEmptyMap[mk]" classname="org.apache.commons.collections4.MapUtilsTest" time="0"/>
  <testcase name="testIsNotEmptyWithNull[mk]" classname="org.apache.commons.collections4.MapUtilsTest" time="0"/>
  <testcase name="testIterableSortedMap[mk]" classname="org.apache.commons.collections4.MapUtilsTest" time="0"/>
  <testcase name="testgetNumber[mk]" classname="org.apache.commons.collections4.MapUtilsTest" time="0"/>
  <testcase name="testgetObject[mk]" classname="org.apache.commons.collections4.MapUtilsTest" time="0.001"/>
  <testcase name="testgetString[mk]" classname="org.apache.commons.collections4.MapUtilsTest" time="0"/>
  <testcase name="testPutAll_Map_array[mk]" classname="org.apache.commons.collections4.MapUtilsTest" time="0"/>
  <testcase name="testVerbosePrintSelfReference[mk]" classname="org.apache.commons.collections4.MapUtilsTest" time="0"/>
  <testcase name="testDebugPrintNullLabel[mk]" classname="org.apache.commons.collections4.MapUtilsTest" time="0"/>
  <testcase name="testgetFloatValue[mk]" classname="org.apache.commons.collections4.MapUtilsTest" time="0"/>
  <testcase name="testConvertResourceBundle[mk]" classname="org.apache.commons.collections4.MapUtilsTest" time="0"/>
  <testcase name="testOrderedMap[mk]" classname="org.apache.commons.collections4.MapUtilsTest" time="0"/>
  <testcase name="testDebugPrintNullLabelAndMap[mk]" classname="org.apache.commons.collections4.MapUtilsTest" time="0"/>
  <testcase name="testEmptyIfNull[mk]" classname="org.apache.commons.collections4.MapUtilsTest" time="0"/>
  <testcase name="testgetIntValue[mk]" classname="org.apache.commons.collections4.MapUtilsTest" time="0"/>
  <testcase name="testDebugPrintSelfReference[mk]" classname="org.apache.commons.collections4.MapUtilsTest" time="0"/>
  <testcase name="testIterableMap[mk]" classname="org.apache.commons.collections4.MapUtilsTest" time="0"/>
  <testcase name="testDebugAndVerbosePrintNullMap[mk]" classname="org.apache.commons.collections4.MapUtilsTest" time="0"/>
  <testcase name="testVerbosePrintNullLabel[mk]" classname="org.apache.commons.collections4.MapUtilsTest" time="0"/>
  <testcase name="testDebugPrintNullKey[mk]" classname="org.apache.commons.collections4.MapUtilsTest" time="0"/>
  <testcase name="testPredicatedMap[mk]" classname="org.apache.commons.collections4.MapUtilsTest" time="0"/>
  <testcase name="testgetLongValue[mk]" classname="org.apache.commons.collections4.MapUtilsTest" time="0"/>
  <testcase name="testVerbosePrintNullKeyToMap1[mk]" classname="org.apache.commons.collections4.MapUtilsTest" time="0"/>
  <testcase name="testVerbosePrintNullKeyToMap2[mk]" classname="org.apache.commons.collections4.MapUtilsTest" time="0"/>
  <testcase name="testPopulateMap[mk]" classname="org.apache.commons.collections4.MapUtilsTest" time="0"/>
  <testcase name="testToPropertiesEmpty[mk]" classname="org.apache.commons.collections4.MapUtilsTest" time="0"/>
  <testcase name="testPopulateMultiMap[mk]" classname="org.apache.commons.collections4.MapUtilsTest" time="0"/>
  <testcase name="testDebugPrintNullStream[mk]" classname="org.apache.commons.collections4.MapUtilsTest" time="0"/>
  <testcase name="testgetBooleanValue[mk]" classname="org.apache.commons.collections4.MapUtilsTest" time="0"/>
  <testcase name="testIsEmptyWithEmptyMap[mk]" classname="org.apache.commons.collections4.MapUtilsTest" time="0"/>
  <testcase name="testVerbosePrintNullKey[mk]" classname="org.apache.commons.collections4.MapUtilsTest" time="0"/>
  <testcase name="testSizeNull[mk]" classname="org.apache.commons.collections4.MapUtilsTest" time="0"/>
  <testcase name="testDebugPrintNullKeyToMap1[mk]" classname="org.apache.commons.collections4.MapUtilsTest" time="0"/>
  <testcase name="testDebugPrintNullKeyToMap2[mk]" classname="org.apache.commons.collections4.MapUtilsTest" time="0"/>
  <testcase name="testDebugPrint[mk]" classname="org.apache.commons.collections4.MapUtilsTest" time="0"/>
  <testcase name="testgetDoubleValue[mk]" classname="org.apache.commons.collections4.MapUtilsTest" time="0"/>
  <testcase name="testVerbosePrintNullStream[mk]" classname="org.apache.commons.collections4.MapUtilsTest" time="0"/>
  <testcase name="testVerbosePrintNullLabelAndMap[mk_MK]" classname="org.apache.commons.collections4.MapUtilsTest" time="0"/>
  <testcase name="testgetMap[mk_MK]" classname="org.apache.commons.collections4.MapUtilsTest" time="0"/>
  <testcase name="testToProperties[mk_MK]" classname="org.apache.commons.collections4.MapUtilsTest" time="0"/>
  <testcase name="testgetShortValue[mk_MK]" classname="org.apache.commons.collections4.MapUtilsTest" time="0.001"/>
  <testcase name="testIsEmptyWithNull[mk_MK]" classname="org.apache.commons.collections4.MapUtilsTest" time="0"/>
  <testcase name="testVerbosePrint[mk_MK]" classname="org.apache.commons.collections4.MapUtilsTest" time="0"/>
  <testcase name="testLazyMapFactory[mk_MK]" classname="org.apache.commons.collections4.MapUtilsTest" time="0"/>
  <testcase name="testLazyMapTransformer[mk_MK]" classname="org.apache.commons.collections4.MapUtilsTest" time="0"/>
  <testcase name="testSafeAddToMap[mk_MK]" classname="org.apache.commons.collections4.MapUtilsTest" time="0"/>
  <testcase name="testIsEmptyWithNonEmptyMap[mk_MK]" classname="org.apache.commons.collections4.MapUtilsTest" time="0"/>
  <testcase name="testInvertMap[mk_MK]" classname="org.apache.commons.collections4.MapUtilsTest" time="0"/>
  <testcase name="testDebugAndVerbosePrintCasting[mk_MK]" classname="org.apache.commons.collections4.MapUtilsTest" time="0"/>
  <testcase name="testIsNotEmptyWithNonEmptyMap[mk_MK]" classname="org.apache.commons.collections4.MapUtilsTest" time="0"/>
  <testcase name="testgetByteValue[mk_MK]" classname="org.apache.commons.collections4.MapUtilsTest" time="0"/>
  <testcase name="testSize0[mk_MK]" classname="org.apache.commons.collections4.MapUtilsTest" time="0"/>
  <testcase name="testSize[mk_MK]" classname="org.apache.commons.collections4.MapUtilsTest" time="0"/>
  <testcase name="testIsNotEmptyWithEmptyMap[mk_MK]" classname="org.apache.commons.collections4.MapUtilsTest" time="0"/>
  <testcase name="testIsNotEmptyWithNull[mk_MK]" classname="org.apache.commons.collections4.MapUtilsTest" time="0"/>
  <testcase name="testIterableSortedMap[mk_MK]" classname="org.apache.commons.collections4.MapUtilsTest" time="0"/>
  <testcase name="testgetNumber[mk_MK]" classname="org.apache.commons.collections4.MapUtilsTest" time="0"/>
  <testcase name="testgetObject[mk_MK]" classname="org.apache.commons.collections4.MapUtilsTest" time="0"/>
  <testcase name="testgetString[mk_MK]" classname="org.apache.commons.collections4.MapUtilsTest" time="0"/>
  <testcase name="testPutAll_Map_array[mk_MK]" classname="org.apache.commons.collections4.MapUtilsTest" time="0"/>
  <testcase name="testVerbosePrintSelfReference[mk_MK]" classname="org.apache.commons.collections4.MapUtilsTest" time="0"/>
  <testcase name="testDebugPrintNullLabel[mk_MK]" classname="org.apache.commons.collections4.MapUtilsTest" time="0"/>
  <testcase name="testgetFloatValue[mk_MK]" classname="org.apache.commons.collections4.MapUtilsTest" time="0"/>
  <testcase name="testConvertResourceBundle[mk_MK]" classname="org.apache.commons.collections4.MapUtilsTest" time="0"/>
  <testcase name="testOrderedMap[mk_MK]" classname="org.apache.commons.collections4.MapUtilsTest" time="0"/>
  <testcase name="testDebugPrintNullLabelAndMap[mk_MK]" classname="org.apache.commons.collections4.MapUtilsTest" time="0"/>
  <testcase name="testEmptyIfNull[mk_MK]" classname="org.apache.commons.collections4.MapUtilsTest" time="0.001"/>
  <testcase name="testgetIntValue[mk_MK]" classname="org.apache.commons.collections4.MapUtilsTest" time="0"/>
  <testcase name="testDebugPrintSelfReference[mk_MK]" classname="org.apache.commons.collections4.MapUtilsTest" time="0"/>
  <testcase name="testIterableMap[mk_MK]" classname="org.apache.commons.collections4.MapUtilsTest" time="0"/>
  <testcase name="testDebugAndVerbosePrintNullMap[mk_MK]" classname="org.apache.commons.collections4.MapUtilsTest" time="0"/>
  <testcase name="testVerbosePrintNullLabel[mk_MK]" classname="org.apache.commons.collections4.MapUtilsTest" time="0"/>
  <testcase name="testDebugPrintNullKey[mk_MK]" classname="org.apache.commons.collections4.MapUtilsTest" time="0"/>
  <testcase name="testPredicatedMap[mk_MK]" classname="org.apache.commons.collections4.MapUtilsTest" time="0"/>
  <testcase name="testgetLongValue[mk_MK]" classname="org.apache.commons.collections4.MapUtilsTest" time="0"/>
  <testcase name="testVerbosePrintNullKeyToMap1[mk_MK]" classname="org.apache.commons.collections4.MapUtilsTest" time="0"/>
  <testcase name="testVerbosePrintNullKeyToMap2[mk_MK]" classname="org.apache.commons.collections4.MapUtilsTest" time="0"/>
  <testcase name="testPopulateMap[mk_MK]" classname="org.apache.commons.collections4.MapUtilsTest" time="0"/>
  <testcase name="testToPropertiesEmpty[mk_MK]" classname="org.apache.commons.collections4.MapUtilsTest" time="0"/>
  <testcase name="testPopulateMultiMap[mk_MK]" classname="org.apache.commons.collections4.MapUtilsTest" time="0"/>
  <testcase name="testDebugPrintNullStream[mk_MK]" classname="org.apache.commons.collections4.MapUtilsTest" time="0"/>
  <testcase name="testgetBooleanValue[mk_MK]" classname="org.apache.commons.collections4.MapUtilsTest" time="0"/>
  <testcase name="testIsEmptyWithEmptyMap[mk_MK]" classname="org.apache.commons.collections4.MapUtilsTest" time="0"/>
  <testcase name="testVerbosePrintNullKey[mk_MK]" classname="org.apache.commons.collections4.MapUtilsTest" time="0"/>
  <testcase name="testSizeNull[mk_MK]" classname="org.apache.commons.collections4.MapUtilsTest" time="0"/>
  <testcase name="testDebugPrintNullKeyToMap1[mk_MK]" classname="org.apache.commons.collections4.MapUtilsTest" time="0"/>
  <testcase name="testDebugPrintNullKeyToMap2[mk_MK]" classname="org.apache.commons.collections4.MapUtilsTest" time="0"/>
  <testcase name="testDebugPrint[mk_MK]" classname="org.apache.commons.collections4.MapUtilsTest" time="0"/>
  <testcase name="testgetDoubleValue[mk_MK]" classname="org.apache.commons.collections4.MapUtilsTest" time="0"/>
  <testcase name="testVerbosePrintNullStream[mk_MK]" classname="org.apache.commons.collections4.MapUtilsTest" time="0"/>
  <testcase name="testVerbosePrintNullLabelAndMap[ms]" classname="org.apache.commons.collections4.MapUtilsTest" time="0"/>
  <testcase name="testgetMap[ms]" classname="org.apache.commons.collections4.MapUtilsTest" time="0"/>
  <testcase name="testToProperties[ms]" classname="org.apache.commons.collections4.MapUtilsTest" time="0"/>
  <testcase name="testgetShortValue[ms]" classname="org.apache.commons.collections4.MapUtilsTest" time="0.001"/>
  <testcase name="testIsEmptyWithNull[ms]" classname="org.apache.commons.collections4.MapUtilsTest" time="0"/>
  <testcase name="testVerbosePrint[ms]" classname="org.apache.commons.collections4.MapUtilsTest" time="0"/>
  <testcase name="testLazyMapFactory[ms]" classname="org.apache.commons.collections4.MapUtilsTest" time="0"/>
  <testcase name="testLazyMapTransformer[ms]" classname="org.apache.commons.collections4.MapUtilsTest" time="0"/>
  <testcase name="testSafeAddToMap[ms]" classname="org.apache.commons.collections4.MapUtilsTest" time="0"/>
  <testcase name="testIsEmptyWithNonEmptyMap[ms]" classname="org.apache.commons.collections4.MapUtilsTest" time="0"/>
  <testcase name="testInvertMap[ms]" classname="org.apache.commons.collections4.MapUtilsTest" time="0"/>
  <testcase name="testDebugAndVerbosePrintCasting[ms]" classname="org.apache.commons.collections4.MapUtilsTest" time="0"/>
  <testcase name="testIsNotEmptyWithNonEmptyMap[ms]" classname="org.apache.commons.collections4.MapUtilsTest" time="0"/>
  <testcase name="testgetByteValue[ms]" classname="org.apache.commons.collections4.MapUtilsTest" time="0"/>
  <testcase name="testSize0[ms]" classname="org.apache.commons.collections4.MapUtilsTest" time="0"/>
  <testcase name="testSize[ms]" classname="org.apache.commons.collections4.MapUtilsTest" time="0"/>
  <testcase name="testIsNotEmptyWithEmptyMap[ms]" classname="org.apache.commons.collections4.MapUtilsTest" time="0"/>
  <testcase name="testIsNotEmptyWithNull[ms]" classname="org.apache.commons.collections4.MapUtilsTest" time="0"/>
  <testcase name="testIterableSortedMap[ms]" classname="org.apache.commons.collections4.MapUtilsTest" time="0"/>
  <testcase name="testgetNumber[ms]" classname="org.apache.commons.collections4.MapUtilsTest" time="0"/>
  <testcase name="testgetObject[ms]" classname="org.apache.commons.collections4.MapUtilsTest" time="0"/>
  <testcase name="testgetString[ms]" classname="org.apache.commons.collections4.MapUtilsTest" time="0"/>
  <testcase name="testPutAll_Map_array[ms]" classname="org.apache.commons.collections4.MapUtilsTest" time="0"/>
  <testcase name="testVerbosePrintSelfReference[ms]" classname="org.apache.commons.collections4.MapUtilsTest" time="0"/>
  <testcase name="testDebugPrintNullLabel[ms]" classname="org.apache.commons.collections4.MapUtilsTest" time="0"/>
  <testcase name="testgetFloatValue[ms]" classname="org.apache.commons.collections4.MapUtilsTest" time="0"/>
  <testcase name="testConvertResourceBundle[ms]" classname="org.apache.commons.collections4.MapUtilsTest" time="0"/>
  <testcase name="testOrderedMap[ms]" classname="org.apache.commons.collections4.MapUtilsTest" time="0"/>
  <testcase name="testDebugPrintNullLabelAndMap[ms]" classname="org.apache.commons.collections4.MapUtilsTest" time="0"/>
  <testcase name="testEmptyIfNull[ms]" classname="org.apache.commons.collections4.MapUtilsTest" time="0"/>
  <testcase name="testgetIntValue[ms]" classname="org.apache.commons.collections4.MapUtilsTest" time="0"/>
  <testcase name="testDebugPrintSelfReference[ms]" classname="org.apache.commons.collections4.MapUtilsTest" time="0"/>
  <testcase name="testIterableMap[ms]" classname="org.apache.commons.collections4.MapUtilsTest" time="0"/>
  <testcase name="testDebugAndVerbosePrintNullMap[ms]" classname="org.apache.commons.collections4.MapUtilsTest" time="0"/>
  <testcase name="testVerbosePrintNullLabel[ms]" classname="org.apache.commons.collections4.MapUtilsTest" time="0"/>
  <testcase name="testDebugPrintNullKey[ms]" classname="org.apache.commons.collections4.MapUtilsTest" time="0"/>
  <testcase name="testPredicatedMap[ms]" classname="org.apache.commons.collections4.MapUtilsTest" time="0"/>
  <testcase name="testgetLongValue[ms]" classname="org.apache.commons.collections4.MapUtilsTest" time="0"/>
  <testcase name="testVerbosePrintNullKeyToMap1[ms]" classname="org.apache.commons.collections4.MapUtilsTest" time="0"/>
  <testcase name="testVerbosePrintNullKeyToMap2[ms]" classname="org.apache.commons.collections4.MapUtilsTest" time="0"/>
  <testcase name="testPopulateMap[ms]" classname="org.apache.commons.collections4.MapUtilsTest" time="0"/>
  <testcase name="testToPropertiesEmpty[ms]" classname="org.apache.commons.collections4.MapUtilsTest" time="0"/>
  <testcase name="testPopulateMultiMap[ms]" classname="org.apache.commons.collections4.MapUtilsTest" time="0"/>
  <testcase name="testDebugPrintNullStream[ms]" classname="org.apache.commons.collections4.MapUtilsTest" time="0.001"/>
  <testcase name="testgetBooleanValue[ms]" classname="org.apache.commons.collections4.MapUtilsTest" time="0"/>
  <testcase name="testIsEmptyWithEmptyMap[ms]" classname="org.apache.commons.collections4.MapUtilsTest" time="0"/>
  <testcase name="testVerbosePrintNullKey[ms]" classname="org.apache.commons.collections4.MapUtilsTest" time="0"/>
  <testcase name="testSizeNull[ms]" classname="org.apache.commons.collections4.MapUtilsTest" time="0"/>
  <testcase name="testDebugPrintNullKeyToMap1[ms]" classname="org.apache.commons.collections4.MapUtilsTest" time="0"/>
  <testcase name="testDebugPrintNullKeyToMap2[ms]" classname="org.apache.commons.collections4.MapUtilsTest" time="0"/>
  <testcase name="testDebugPrint[ms]" classname="org.apache.commons.collections4.MapUtilsTest" time="0"/>
  <testcase name="testgetDoubleValue[ms]" classname="org.apache.commons.collections4.MapUtilsTest" time="0"/>
  <testcase name="testVerbosePrintNullStream[ms]" classname="org.apache.commons.collections4.MapUtilsTest" time="0"/>
  <testcase name="testVerbosePrintNullLabelAndMap[ms_MY]" classname="org.apache.commons.collections4.MapUtilsTest" time="0"/>
  <testcase name="testgetMap[ms_MY]" classname="org.apache.commons.collections4.MapUtilsTest" time="0"/>
  <testcase name="testToProperties[ms_MY]" classname="org.apache.commons.collections4.MapUtilsTest" time="0"/>
  <testcase name="testgetShortValue[ms_MY]" classname="org.apache.commons.collections4.MapUtilsTest" time="0"/>
  <testcase name="testIsEmptyWithNull[ms_MY]" classname="org.apache.commons.collections4.MapUtilsTest" time="0"/>
  <testcase name="testVerbosePrint[ms_MY]" classname="org.apache.commons.collections4.MapUtilsTest" time="0"/>
  <testcase name="testLazyMapFactory[ms_MY]" classname="org.apache.commons.collections4.MapUtilsTest" time="0"/>
  <testcase name="testLazyMapTransformer[ms_MY]" classname="org.apache.commons.collections4.MapUtilsTest" time="0"/>
  <testcase name="testSafeAddToMap[ms_MY]" classname="org.apache.commons.collections4.MapUtilsTest" time="0"/>
  <testcase name="testIsEmptyWithNonEmptyMap[ms_MY]" classname="org.apache.commons.collections4.MapUtilsTest" time="0"/>
  <testcase name="testInvertMap[ms_MY]" classname="org.apache.commons.collections4.MapUtilsTest" time="0"/>
  <testcase name="testDebugAndVerbosePrintCasting[ms_MY]" classname="org.apache.commons.collections4.MapUtilsTest" time="0.001"/>
  <testcase name="testIsNotEmptyWithNonEmptyMap[ms_MY]" classname="org.apache.commons.collections4.MapUtilsTest" time="0"/>
  <testcase name="testgetByteValue[ms_MY]" classname="org.apache.commons.collections4.MapUtilsTest" time="0"/>
  <testcase name="testSize0[ms_MY]" classname="org.apache.commons.collections4.MapUtilsTest" time="0"/>
  <testcase name="testSize[ms_MY]" classname="org.apache.commons.collections4.MapUtilsTest" time="0"/>
  <testcase name="testIsNotEmptyWithEmptyMap[ms_MY]" classname="org.apache.commons.collections4.MapUtilsTest" time="0"/>
  <testcase name="testIsNotEmptyWithNull[ms_MY]" classname="org.apache.commons.collections4.MapUtilsTest" time="0"/>
  <testcase name="testIterableSortedMap[ms_MY]" classname="org.apache.commons.collections4.MapUtilsTest" time="0"/>
  <testcase name="testgetNumber[ms_MY]" classname="org.apache.commons.collections4.MapUtilsTest" time="0"/>
  <testcase name="testgetObject[ms_MY]" classname="org.apache.commons.collections4.MapUtilsTest" time="0"/>
  <testcase name="testgetString[ms_MY]" classname="org.apache.commons.collections4.MapUtilsTest" time="0"/>
  <testcase name="testPutAll_Map_array[ms_MY]" classname="org.apache.commons.collections4.MapUtilsTest" time="0"/>
  <testcase name="testVerbosePrintSelfReference[ms_MY]" classname="org.apache.commons.collections4.MapUtilsTest" time="0"/>
  <testcase name="testDebugPrintNullLabel[ms_MY]" classname="org.apache.commons.collections4.MapUtilsTest" time="0"/>
  <testcase name="testgetFloatValue[ms_MY]" classname="org.apache.commons.collections4.MapUtilsTest" time="0"/>
  <testcase name="testConvertResourceBundle[ms_MY]" classname="org.apache.commons.collections4.MapUtilsTest" time="0"/>
  <testcase name="testOrderedMap[ms_MY]" classname="org.apache.commons.collections4.MapUtilsTest" time="0"/>
  <testcase name="testDebugPrintNullLabelAndMap[ms_MY]" classname="org.apache.commons.collections4.MapUtilsTest" time="0"/>
  <testcase name="testEmptyIfNull[ms_MY]" classname="org.apache.commons.collections4.MapUtilsTest" time="0"/>
  <testcase name="testgetIntValue[ms_MY]" classname="org.apache.commons.collections4.MapUtilsTest" time="0"/>
  <testcase name="testDebugPrintSelfReference[ms_MY]" classname="org.apache.commons.collections4.MapUtilsTest" time="0"/>
  <testcase name="testIterableMap[ms_MY]" classname="org.apache.commons.collections4.MapUtilsTest" time="0"/>
  <testcase name="testDebugAndVerbosePrintNullMap[ms_MY]" classname="org.apache.commons.collections4.MapUtilsTest" time="0"/>
  <testcase name="testVerbosePrintNullLabel[ms_MY]" classname="org.apache.commons.collections4.MapUtilsTest" time="0"/>
  <testcase name="testDebugPrintNullKey[ms_MY]" classname="org.apache.commons.collections4.MapUtilsTest" time="0"/>
  <testcase name="testPredicatedMap[ms_MY]" classname="org.apache.commons.collections4.MapUtilsTest" time="0"/>
  <testcase name="testgetLongValue[ms_MY]" classname="org.apache.commons.collections4.MapUtilsTest" time="0"/>
  <testcase name="testVerbosePrintNullKeyToMap1[ms_MY]" classname="org.apache.commons.collections4.MapUtilsTest" time="0"/>
  <testcase name="testVerbosePrintNullKeyToMap2[ms_MY]" classname="org.apache.commons.collections4.MapUtilsTest" time="0"/>
  <testcase name="testPopulateMap[ms_MY]" classname="org.apache.commons.collections4.MapUtilsTest" time="0"/>
  <testcase name="testToPropertiesEmpty[ms_MY]" classname="org.apache.commons.collections4.MapUtilsTest" time="0"/>
  <testcase name="testPopulateMultiMap[ms_MY]" classname="org.apache.commons.collections4.MapUtilsTest" time="0"/>
  <testcase name="testDebugPrintNullStream[ms_MY]" classname="org.apache.commons.collections4.MapUtilsTest" time="0"/>
  <testcase name="testgetBooleanValue[ms_MY]" classname="org.apache.commons.collections4.MapUtilsTest" time="0"/>
  <testcase name="testIsEmptyWithEmptyMap[ms_MY]" classname="org.apache.commons.collections4.MapUtilsTest" time="0"/>
  <testcase name="testVerbosePrintNullKey[ms_MY]" classname="org.apache.commons.collections4.MapUtilsTest" time="0"/>
  <testcase name="testSizeNull[ms_MY]" classname="org.apache.commons.collections4.MapUtilsTest" time="0"/>
  <testcase name="testDebugPrintNullKeyToMap1[ms_MY]" classname="org.apache.commons.collections4.MapUtilsTest" time="0"/>
  <testcase name="testDebugPrintNullKeyToMap2[ms_MY]" classname="org.apache.commons.collections4.MapUtilsTest" time="0"/>
  <testcase name="testDebugPrint[ms_MY]" classname="org.apache.commons.collections4.MapUtilsTest" time="0"/>
  <testcase name="testgetDoubleValue[ms_MY]" classname="org.apache.commons.collections4.MapUtilsTest" time="0"/>
  <testcase name="testVerbosePrintNullStream[ms_MY]" classname="org.apache.commons.collections4.MapUtilsTest" time="0"/>
  <testcase name="testVerbosePrintNullLabelAndMap[mt]" classname="org.apache.commons.collections4.MapUtilsTest" time="0"/>
  <testcase name="testgetMap[mt]" classname="org.apache.commons.collections4.MapUtilsTest" time="0"/>
  <testcase name="testToProperties[mt]" classname="org.apache.commons.collections4.MapUtilsTest" time="0"/>
  <testcase name="testgetShortValue[mt]" classname="org.apache.commons.collections4.MapUtilsTest" time="0.001"/>
  <testcase name="testIsEmptyWithNull[mt]" classname="org.apache.commons.collections4.MapUtilsTest" time="0"/>
  <testcase name="testVerbosePrint[mt]" classname="org.apache.commons.collections4.MapUtilsTest" time="0"/>
  <testcase name="testLazyMapFactory[mt]" classname="org.apache.commons.collections4.MapUtilsTest" time="0"/>
  <testcase name="testLazyMapTransformer[mt]" classname="org.apache.commons.collections4.MapUtilsTest" time="0"/>
  <testcase name="testSafeAddToMap[mt]" classname="org.apache.commons.collections4.MapUtilsTest" time="0"/>
  <testcase name="testIsEmptyWithNonEmptyMap[mt]" classname="org.apache.commons.collections4.MapUtilsTest" time="0"/>
  <testcase name="testInvertMap[mt]" classname="org.apache.commons.collections4.MapUtilsTest" time="0"/>
  <testcase name="testDebugAndVerbosePrintCasting[mt]" classname="org.apache.commons.collections4.MapUtilsTest" time="0"/>
  <testcase name="testIsNotEmptyWithNonEmptyMap[mt]" classname="org.apache.commons.collections4.MapUtilsTest" time="0"/>
  <testcase name="testgetByteValue[mt]" classname="org.apache.commons.collections4.MapUtilsTest" time="0"/>
  <testcase name="testSize0[mt]" classname="org.apache.commons.collections4.MapUtilsTest" time="0"/>
  <testcase name="testSize[mt]" classname="org.apache.commons.collections4.MapUtilsTest" time="0"/>
  <testcase name="testIsNotEmptyWithEmptyMap[mt]" classname="org.apache.commons.collections4.MapUtilsTest" time="0"/>
  <testcase name="testIsNotEmptyWithNull[mt]" classname="org.apache.commons.collections4.MapUtilsTest" time="0"/>
  <testcase name="testIterableSortedMap[mt]" classname="org.apache.commons.collections4.MapUtilsTest" time="0"/>
  <testcase name="testgetNumber[mt]" classname="org.apache.commons.collections4.MapUtilsTest" time="0"/>
  <testcase name="testgetObject[mt]" classname="org.apache.commons.collections4.MapUtilsTest" time="0"/>
  <testcase name="testgetString[mt]" classname="org.apache.commons.collections4.MapUtilsTest" time="0"/>
  <testcase name="testPutAll_Map_array[mt]" classname="org.apache.commons.collections4.MapUtilsTest" time="0"/>
  <testcase name="testVerbosePrintSelfReference[mt]" classname="org.apache.commons.collections4.MapUtilsTest" time="0"/>
  <testcase name="testDebugPrintNullLabel[mt]" classname="org.apache.commons.collections4.MapUtilsTest" time="0"/>
  <testcase name="testgetFloatValue[mt]" classname="org.apache.commons.collections4.MapUtilsTest" time="0"/>
  <testcase name="testConvertResourceBundle[mt]" classname="org.apache.commons.collections4.MapUtilsTest" time="0"/>
  <testcase name="testOrderedMap[mt]" classname="org.apache.commons.collections4.MapUtilsTest" time="0"/>
  <testcase name="testDebugPrintNullLabelAndMap[mt]" classname="org.apache.commons.collections4.MapUtilsTest" time="0"/>
  <testcase name="testEmptyIfNull[mt]" classname="org.apache.commons.collections4.MapUtilsTest" time="0"/>
  <testcase name="testgetIntValue[mt]" classname="org.apache.commons.collections4.MapUtilsTest" time="0"/>
  <testcase name="testDebugPrintSelfReference[mt]" classname="org.apache.commons.collections4.MapUtilsTest" time="0"/>
  <testcase name="testIterableMap[mt]" classname="org.apache.commons.collections4.MapUtilsTest" time="0"/>
  <testcase name="testDebugAndVerbosePrintNullMap[mt]" classname="org.apache.commons.collections4.MapUtilsTest" time="0"/>
  <testcase name="testVerbosePrintNullLabel[mt]" classname="org.apache.commons.collections4.MapUtilsTest" time="0"/>
  <testcase name="testDebugPrintNullKey[mt]" classname="org.apache.commons.collections4.MapUtilsTest" time="0.001"/>
  <testcase name="testPredicatedMap[mt]" classname="org.apache.commons.collections4.MapUtilsTest" time="0"/>
  <testcase name="testgetLongValue[mt]" classname="org.apache.commons.collections4.MapUtilsTest" time="0"/>
  <testcase name="testVerbosePrintNullKeyToMap1[mt]" classname="org.apache.commons.collections4.MapUtilsTest" time="0"/>
  <testcase name="testVerbosePrintNullKeyToMap2[mt]" classname="org.apache.commons.collections4.MapUtilsTest" time="0"/>
  <testcase name="testPopulateMap[mt]" classname="org.apache.commons.collections4.MapUtilsTest" time="0"/>
  <testcase name="testToPropertiesEmpty[mt]" classname="org.apache.commons.collections4.MapUtilsTest" time="0"/>
  <testcase name="testPopulateMultiMap[mt]" classname="org.apache.commons.collections4.MapUtilsTest" time="0"/>
  <testcase name="testDebugPrintNullStream[mt]" classname="org.apache.commons.collections4.MapUtilsTest" time="0"/>
  <testcase name="testgetBooleanValue[mt]" classname="org.apache.commons.collections4.MapUtilsTest" time="0"/>
  <testcase name="testIsEmptyWithEmptyMap[mt]" classname="org.apache.commons.collections4.MapUtilsTest" time="0"/>
  <testcase name="testVerbosePrintNullKey[mt]" classname="org.apache.commons.collections4.MapUtilsTest" time="0"/>
  <testcase name="testSizeNull[mt]" classname="org.apache.commons.collections4.MapUtilsTest" time="0"/>
  <testcase name="testDebugPrintNullKeyToMap1[mt]" classname="org.apache.commons.collections4.MapUtilsTest" time="0"/>
  <testcase name="testDebugPrintNullKeyToMap2[mt]" classname="org.apache.commons.collections4.MapUtilsTest" time="0"/>
  <testcase name="testDebugPrint[mt]" classname="org.apache.commons.collections4.MapUtilsTest" time="0"/>
  <testcase name="testgetDoubleValue[mt]" classname="org.apache.commons.collections4.MapUtilsTest" time="0"/>
  <testcase name="testVerbosePrintNullStream[mt]" classname="org.apache.commons.collections4.MapUtilsTest" time="0"/>
  <testcase name="testVerbosePrintNullLabelAndMap[mt_MT]" classname="org.apache.commons.collections4.MapUtilsTest" time="0"/>
  <testcase name="testgetMap[mt_MT]" classname="org.apache.commons.collections4.MapUtilsTest" time="0"/>
  <testcase name="testToProperties[mt_MT]" classname="org.apache.commons.collections4.MapUtilsTest" time="0"/>
  <testcase name="testgetShortValue[mt_MT]" classname="org.apache.commons.collections4.MapUtilsTest" time="0"/>
  <testcase name="testIsEmptyWithNull[mt_MT]" classname="org.apache.commons.collections4.MapUtilsTest" time="0"/>
  <testcase name="testVerbosePrint[mt_MT]" classname="org.apache.commons.collections4.MapUtilsTest" time="0"/>
  <testcase name="testLazyMapFactory[mt_MT]" classname="org.apache.commons.collections4.MapUtilsTest" time="0"/>
  <testcase name="testLazyMapTransformer[mt_MT]" classname="org.apache.commons.collections4.MapUtilsTest" time="0.001"/>
  <testcase name="testSafeAddToMap[mt_MT]" classname="org.apache.commons.collections4.MapUtilsTest" time="0"/>
  <testcase name="testIsEmptyWithNonEmptyMap[mt_MT]" classname="org.apache.commons.collections4.MapUtilsTest" time="0"/>
  <testcase name="testInvertMap[mt_MT]" classname="org.apache.commons.collections4.MapUtilsTest" time="0"/>
  <testcase name="testDebugAndVerbosePrintCasting[mt_MT]" classname="org.apache.commons.collections4.MapUtilsTest" time="0"/>
  <testcase name="testIsNotEmptyWithNonEmptyMap[mt_MT]" classname="org.apache.commons.collections4.MapUtilsTest" time="0"/>
  <testcase name="testgetByteValue[mt_MT]" classname="org.apache.commons.collections4.MapUtilsTest" time="0"/>
  <testcase name="testSize0[mt_MT]" classname="org.apache.commons.collections4.MapUtilsTest" time="0"/>
  <testcase name="testSize[mt_MT]" classname="org.apache.commons.collections4.MapUtilsTest" time="0"/>
  <testcase name="testIsNotEmptyWithEmptyMap[mt_MT]" classname="org.apache.commons.collections4.MapUtilsTest" time="0"/>
  <testcase name="testIsNotEmptyWithNull[mt_MT]" classname="org.apache.commons.collections4.MapUtilsTest" time="0"/>
  <testcase name="testIterableSortedMap[mt_MT]" classname="org.apache.commons.collections4.MapUtilsTest" time="0"/>
  <testcase name="testgetNumber[mt_MT]" classname="org.apache.commons.collections4.MapUtilsTest" time="0"/>
  <testcase name="testgetObject[mt_MT]" classname="org.apache.commons.collections4.MapUtilsTest" time="0"/>
  <testcase name="testgetString[mt_MT]" classname="org.apache.commons.collections4.MapUtilsTest" time="0"/>
  <testcase name="testPutAll_Map_array[mt_MT]" classname="org.apache.commons.collections4.MapUtilsTest" time="0"/>
  <testcase name="testVerbosePrintSelfReference[mt_MT]" classname="org.apache.commons.collections4.MapUtilsTest" time="0"/>
  <testcase name="testDebugPrintNullLabel[mt_MT]" classname="org.apache.commons.collections4.MapUtilsTest" time="0"/>
  <testcase name="testgetFloatValue[mt_MT]" classname="org.apache.commons.collections4.MapUtilsTest" time="0"/>
  <testcase name="testConvertResourceBundle[mt_MT]" classname="org.apache.commons.collections4.MapUtilsTest" time="0"/>
  <testcase name="testOrderedMap[mt_MT]" classname="org.apache.commons.collections4.MapUtilsTest" time="0"/>
  <testcase name="testDebugPrintNullLabelAndMap[mt_MT]" classname="org.apache.commons.collections4.MapUtilsTest" time="0"/>
  <testcase name="testEmptyIfNull[mt_MT]" classname="org.apache.commons.collections4.MapUtilsTest" time="0"/>
  <testcase name="testgetIntValue[mt_MT]" classname="org.apache.commons.collections4.MapUtilsTest" time="0"/>
  <testcase name="testDebugPrintSelfReference[mt_MT]" classname="org.apache.commons.collections4.MapUtilsTest" time="0"/>
  <testcase name="testIterableMap[mt_MT]" classname="org.apache.commons.collections4.MapUtilsTest" time="0"/>
  <testcase name="testDebugAndVerbosePrintNullMap[mt_MT]" classname="org.apache.commons.collections4.MapUtilsTest" time="0"/>
  <testcase name="testVerbosePrintNullLabel[mt_MT]" classname="org.apache.commons.collections4.MapUtilsTest" time="0"/>
  <testcase name="testDebugPrintNullKey[mt_MT]" classname="org.apache.commons.collections4.MapUtilsTest" time="0"/>
  <testcase name="testPredicatedMap[mt_MT]" classname="org.apache.commons.collections4.MapUtilsTest" time="0"/>
  <testcase name="testgetLongValue[mt_MT]" classname="org.apache.commons.collections4.MapUtilsTest" time="0"/>
  <testcase name="testVerbosePrintNullKeyToMap1[mt_MT]" classname="org.apache.commons.collections4.MapUtilsTest" time="0"/>
  <testcase name="testVerbosePrintNullKeyToMap2[mt_MT]" classname="org.apache.commons.collections4.MapUtilsTest" time="0"/>
  <testcase name="testPopulateMap[mt_MT]" classname="org.apache.commons.collections4.MapUtilsTest" time="0"/>
  <testcase name="testToPropertiesEmpty[mt_MT]" classname="org.apache.commons.collections4.MapUtilsTest" time="0"/>
  <testcase name="testPopulateMultiMap[mt_MT]" classname="org.apache.commons.collections4.MapUtilsTest" time="0"/>
  <testcase name="testDebugPrintNullStream[mt_MT]" classname="org.apache.commons.collections4.MapUtilsTest" time="0"/>
  <testcase name="testgetBooleanValue[mt_MT]" classname="org.apache.commons.collections4.MapUtilsTest" time="0"/>
  <testcase name="testIsEmptyWithEmptyMap[mt_MT]" classname="org.apache.commons.collections4.MapUtilsTest" time="0"/>
  <testcase name="testVerbosePrintNullKey[mt_MT]" classname="org.apache.commons.collections4.MapUtilsTest" time="0"/>
  <testcase name="testSizeNull[mt_MT]" classname="org.apache.commons.collections4.MapUtilsTest" time="0"/>
  <testcase name="testDebugPrintNullKeyToMap1[mt_MT]" classname="org.apache.commons.collections4.MapUtilsTest" time="0"/>
  <testcase name="testDebugPrintNullKeyToMap2[mt_MT]" classname="org.apache.commons.collections4.MapUtilsTest" time="0"/>
  <testcase name="testDebugPrint[mt_MT]" classname="org.apache.commons.collections4.MapUtilsTest" time="0"/>
  <testcase name="testgetDoubleValue[mt_MT]" classname="org.apache.commons.collections4.MapUtilsTest" time="0"/>
  <testcase name="testVerbosePrintNullStream[mt_MT]" classname="org.apache.commons.collections4.MapUtilsTest" time="0"/>
  <testcase name="testVerbosePrintNullLabelAndMap[nl]" classname="org.apache.commons.collections4.MapUtilsTest" time="0"/>
  <testcase name="testgetMap[nl]" classname="org.apache.commons.collections4.MapUtilsTest" time="0"/>
  <testcase name="testToProperties[nl]" classname="org.apache.commons.collections4.MapUtilsTest" time="0"/>
  <testcase name="testgetShortValue[nl]" classname="org.apache.commons.collections4.MapUtilsTest" time="0.001"/>
  <testcase name="testIsEmptyWithNull[nl]" classname="org.apache.commons.collections4.MapUtilsTest" time="0"/>
  <testcase name="testVerbosePrint[nl]" classname="org.apache.commons.collections4.MapUtilsTest" time="0"/>
  <testcase name="testLazyMapFactory[nl]" classname="org.apache.commons.collections4.MapUtilsTest" time="0"/>
  <testcase name="testLazyMapTransformer[nl]" classname="org.apache.commons.collections4.MapUtilsTest" time="0"/>
  <testcase name="testSafeAddToMap[nl]" classname="org.apache.commons.collections4.MapUtilsTest" time="0"/>
  <testcase name="testIsEmptyWithNonEmptyMap[nl]" classname="org.apache.commons.collections4.MapUtilsTest" time="0"/>
  <testcase name="testInvertMap[nl]" classname="org.apache.commons.collections4.MapUtilsTest" time="0"/>
  <testcase name="testDebugAndVerbosePrintCasting[nl]" classname="org.apache.commons.collections4.MapUtilsTest" time="0"/>
  <testcase name="testIsNotEmptyWithNonEmptyMap[nl]" classname="org.apache.commons.collections4.MapUtilsTest" time="0"/>
  <testcase name="testgetByteValue[nl]" classname="org.apache.commons.collections4.MapUtilsTest" time="0"/>
  <testcase name="testSize0[nl]" classname="org.apache.commons.collections4.MapUtilsTest" time="0"/>
  <testcase name="testSize[nl]" classname="org.apache.commons.collections4.MapUtilsTest" time="0"/>
  <testcase name="testIsNotEmptyWithEmptyMap[nl]" classname="org.apache.commons.collections4.MapUtilsTest" time="0"/>
  <testcase name="testIsNotEmptyWithNull[nl]" classname="org.apache.commons.collections4.MapUtilsTest" time="0"/>
  <testcase name="testIterableSortedMap[nl]" classname="org.apache.commons.collections4.MapUtilsTest" time="0"/>
  <testcase name="testgetNumber[nl]" classname="org.apache.commons.collections4.MapUtilsTest" time="0"/>
  <testcase name="testgetObject[nl]" classname="org.apache.commons.collections4.MapUtilsTest" time="0"/>
  <testcase name="testgetString[nl]" classname="org.apache.commons.collections4.MapUtilsTest" time="0"/>
  <testcase name="testPutAll_Map_array[nl]" classname="org.apache.commons.collections4.MapUtilsTest" time="0"/>
  <testcase name="testVerbosePrintSelfReference[nl]" classname="org.apache.commons.collections4.MapUtilsTest" time="0"/>
  <testcase name="testDebugPrintNullLabel[nl]" classname="org.apache.commons.collections4.MapUtilsTest" time="0"/>
  <testcase name="testgetFloatValue[nl]" classname="org.apache.commons.collections4.MapUtilsTest" time="0"/>
  <testcase name="testConvertResourceBundle[nl]" classname="org.apache.commons.collections4.MapUtilsTest" time="0"/>
  <testcase name="testOrderedMap[nl]" classname="org.apache.commons.collections4.MapUtilsTest" time="0"/>
  <testcase name="testDebugPrintNullLabelAndMap[nl]" classname="org.apache.commons.collections4.MapUtilsTest" time="0"/>
  <testcase name="testEmptyIfNull[nl]" classname="org.apache.commons.collections4.MapUtilsTest" time="0"/>
  <testcase name="testgetIntValue[nl]" classname="org.apache.commons.collections4.MapUtilsTest" time="0"/>
  <testcase name="testDebugPrintSelfReference[nl]" classname="org.apache.commons.collections4.MapUtilsTest" time="0"/>
  <testcase name="testIterableMap[nl]" classname="org.apache.commons.collections4.MapUtilsTest" time="0"/>
  <testcase name="testDebugAndVerbosePrintNullMap[nl]" classname="org.apache.commons.collections4.MapUtilsTest" time="0"/>
  <testcase name="testVerbosePrintNullLabel[nl]" classname="org.apache.commons.collections4.MapUtilsTest" time="0"/>
  <testcase name="testDebugPrintNullKey[nl]" classname="org.apache.commons.collections4.MapUtilsTest" time="0.001"/>
  <testcase name="testPredicatedMap[nl]" classname="org.apache.commons.collections4.MapUtilsTest" time="0"/>
  <testcase name="testgetLongValue[nl]" classname="org.apache.commons.collections4.MapUtilsTest" time="0"/>
  <testcase name="testVerbosePrintNullKeyToMap1[nl]" classname="org.apache.commons.collections4.MapUtilsTest" time="0"/>
  <testcase name="testVerbosePrintNullKeyToMap2[nl]" classname="org.apache.commons.collections4.MapUtilsTest" time="0"/>
  <testcase name="testPopulateMap[nl]" classname="org.apache.commons.collections4.MapUtilsTest" time="0"/>
  <testcase name="testToPropertiesEmpty[nl]" classname="org.apache.commons.collections4.MapUtilsTest" time="0"/>
  <testcase name="testPopulateMultiMap[nl]" classname="org.apache.commons.collections4.MapUtilsTest" time="0"/>
  <testcase name="testDebugPrintNullStream[nl]" classname="org.apache.commons.collections4.MapUtilsTest" time="0"/>
  <testcase name="testgetBooleanValue[nl]" classname="org.apache.commons.collections4.MapUtilsTest" time="0"/>
  <testcase name="testIsEmptyWithEmptyMap[nl]" classname="org.apache.commons.collections4.MapUtilsTest" time="0"/>
  <testcase name="testVerbosePrintNullKey[nl]" classname="org.apache.commons.collections4.MapUtilsTest" time="0"/>
  <testcase name="testSizeNull[nl]" classname="org.apache.commons.collections4.MapUtilsTest" time="0"/>
  <testcase name="testDebugPrintNullKeyToMap1[nl]" classname="org.apache.commons.collections4.MapUtilsTest" time="0"/>
  <testcase name="testDebugPrintNullKeyToMap2[nl]" classname="org.apache.commons.collections4.MapUtilsTest" time="0"/>
  <testcase name="testDebugPrint[nl]" classname="org.apache.commons.collections4.MapUtilsTest" time="0"/>
  <testcase name="testgetDoubleValue[nl]" classname="org.apache.commons.collections4.MapUtilsTest" time="0"/>
  <testcase name="testVerbosePrintNullStream[nl]" classname="org.apache.commons.collections4.MapUtilsTest" time="0"/>
  <testcase name="testVerbosePrintNullLabelAndMap[nl_BE]" classname="org.apache.commons.collections4.MapUtilsTest" time="0"/>
  <testcase name="testgetMap[nl_BE]" classname="org.apache.commons.collections4.MapUtilsTest" time="0"/>
  <testcase name="testToProperties[nl_BE]" classname="org.apache.commons.collections4.MapUtilsTest" time="0"/>
  <testcase name="testgetShortValue[nl_BE]" classname="org.apache.commons.collections4.MapUtilsTest" time="0"/>
  <testcase name="testIsEmptyWithNull[nl_BE]" classname="org.apache.commons.collections4.MapUtilsTest" time="0"/>
  <testcase name="testVerbosePrint[nl_BE]" classname="org.apache.commons.collections4.MapUtilsTest" time="0"/>
  <testcase name="testLazyMapFactory[nl_BE]" classname="org.apache.commons.collections4.MapUtilsTest" time="0.001"/>
  <testcase name="testLazyMapTransformer[nl_BE]" classname="org.apache.commons.collections4.MapUtilsTest" time="0"/>
  <testcase name="testSafeAddToMap[nl_BE]" classname="org.apache.commons.collections4.MapUtilsTest" time="0"/>
  <testcase name="testIsEmptyWithNonEmptyMap[nl_BE]" classname="org.apache.commons.collections4.MapUtilsTest" time="0"/>
  <testcase name="testInvertMap[nl_BE]" classname="org.apache.commons.collections4.MapUtilsTest" time="0"/>
  <testcase name="testDebugAndVerbosePrintCasting[nl_BE]" classname="org.apache.commons.collections4.MapUtilsTest" time="0"/>
  <testcase name="testIsNotEmptyWithNonEmptyMap[nl_BE]" classname="org.apache.commons.collections4.MapUtilsTest" time="0"/>
  <testcase name="testgetByteValue[nl_BE]" classname="org.apache.commons.collections4.MapUtilsTest" time="0"/>
  <testcase name="testSize0[nl_BE]" classname="org.apache.commons.collections4.MapUtilsTest" time="0"/>
  <testcase name="testSize[nl_BE]" classname="org.apache.commons.collections4.MapUtilsTest" time="0"/>
  <testcase name="testIsNotEmptyWithEmptyMap[nl_BE]" classname="org.apache.commons.collections4.MapUtilsTest" time="0"/>
  <testcase name="testIsNotEmptyWithNull[nl_BE]" classname="org.apache.commons.collections4.MapUtilsTest" time="0"/>
  <testcase name="testIterableSortedMap[nl_BE]" classname="org.apache.commons.collections4.MapUtilsTest" time="0"/>
  <testcase name="testgetNumber[nl_BE]" classname="org.apache.commons.collections4.MapUtilsTest" time="0"/>
  <testcase name="testgetObject[nl_BE]" classname="org.apache.commons.collections4.MapUtilsTest" time="0"/>
  <testcase name="testgetString[nl_BE]" classname="org.apache.commons.collections4.MapUtilsTest" time="0"/>
  <testcase name="testPutAll_Map_array[nl_BE]" classname="org.apache.commons.collections4.MapUtilsTest" time="0"/>
  <testcase name="testVerbosePrintSelfReference[nl_BE]" classname="org.apache.commons.collections4.MapUtilsTest" time="0"/>
  <testcase name="testDebugPrintNullLabel[nl_BE]" classname="org.apache.commons.collections4.MapUtilsTest" time="0"/>
  <testcase name="testgetFloatValue[nl_BE]" classname="org.apache.commons.collections4.MapUtilsTest" time="0"/>
  <testcase name="testConvertResourceBundle[nl_BE]" classname="org.apache.commons.collections4.MapUtilsTest" time="0"/>
  <testcase name="testOrderedMap[nl_BE]" classname="org.apache.commons.collections4.MapUtilsTest" time="0"/>
  <testcase name="testDebugPrintNullLabelAndMap[nl_BE]" classname="org.apache.commons.collections4.MapUtilsTest" time="0"/>
  <testcase name="testEmptyIfNull[nl_BE]" classname="org.apache.commons.collections4.MapUtilsTest" time="0"/>
  <testcase name="testgetIntValue[nl_BE]" classname="org.apache.commons.collections4.MapUtilsTest" time="0"/>
  <testcase name="testDebugPrintSelfReference[nl_BE]" classname="org.apache.commons.collections4.MapUtilsTest" time="0"/>
  <testcase name="testIterableMap[nl_BE]" classname="org.apache.commons.collections4.MapUtilsTest" time="0"/>
  <testcase name="testDebugAndVerbosePrintNullMap[nl_BE]" classname="org.apache.commons.collections4.MapUtilsTest" time="0"/>
  <testcase name="testVerbosePrintNullLabel[nl_BE]" classname="org.apache.commons.collections4.MapUtilsTest" time="0"/>
  <testcase name="testDebugPrintNullKey[nl_BE]" classname="org.apache.commons.collections4.MapUtilsTest" time="0"/>
  <testcase name="testPredicatedMap[nl_BE]" classname="org.apache.commons.collections4.MapUtilsTest" time="0"/>
  <testcase name="testgetLongValue[nl_BE]" classname="org.apache.commons.collections4.MapUtilsTest" time="0"/>
  <testcase name="testVerbosePrintNullKeyToMap1[nl_BE]" classname="org.apache.commons.collections4.MapUtilsTest" time="0"/>
  <testcase name="testVerbosePrintNullKeyToMap2[nl_BE]" classname="org.apache.commons.collections4.MapUtilsTest" time="0"/>
  <testcase name="testPopulateMap[nl_BE]" classname="org.apache.commons.collections4.MapUtilsTest" time="0"/>
  <testcase name="testToPropertiesEmpty[nl_BE]" classname="org.apache.commons.collections4.MapUtilsTest" time="0"/>
  <testcase name="testPopulateMultiMap[nl_BE]" classname="org.apache.commons.collections4.MapUtilsTest" time="0"/>
  <testcase name="testDebugPrintNullStream[nl_BE]" classname="org.apache.commons.collections4.MapUtilsTest" time="0"/>
  <testcase name="testgetBooleanValue[nl_BE]" classname="org.apache.commons.collections4.MapUtilsTest" time="0"/>
  <testcase name="testIsEmptyWithEmptyMap[nl_BE]" classname="org.apache.commons.collections4.MapUtilsTest" time="0"/>
  <testcase name="testVerbosePrintNullKey[nl_BE]" classname="org.apache.commons.collections4.MapUtilsTest" time="0"/>
  <testcase name="testSizeNull[nl_BE]" classname="org.apache.commons.collections4.MapUtilsTest" time="0"/>
  <testcase name="testDebugPrintNullKeyToMap1[nl_BE]" classname="org.apache.commons.collections4.MapUtilsTest" time="0"/>
  <testcase name="testDebugPrintNullKeyToMap2[nl_BE]" classname="org.apache.commons.collections4.MapUtilsTest" time="0"/>
  <testcase name="testDebugPrint[nl_BE]" classname="org.apache.commons.collections4.MapUtilsTest" time="0"/>
  <testcase name="testgetDoubleValue[nl_BE]" classname="org.apache.commons.collections4.MapUtilsTest" time="0"/>
  <testcase name="testVerbosePrintNullStream[nl_BE]" classname="org.apache.commons.collections4.MapUtilsTest" time="0"/>
  <testcase name="testVerbosePrintNullLabelAndMap[nl_NL]" classname="org.apache.commons.collections4.MapUtilsTest" time="0"/>
  <testcase name="testgetMap[nl_NL]" classname="org.apache.commons.collections4.MapUtilsTest" time="0"/>
  <testcase name="testToProperties[nl_NL]" classname="org.apache.commons.collections4.MapUtilsTest" time="0"/>
  <testcase name="testgetShortValue[nl_NL]" classname="org.apache.commons.collections4.MapUtilsTest" time="0.001"/>
  <testcase name="testIsEmptyWithNull[nl_NL]" classname="org.apache.commons.collections4.MapUtilsTest" time="0"/>
  <testcase name="testVerbosePrint[nl_NL]" classname="org.apache.commons.collections4.MapUtilsTest" time="0"/>
  <testcase name="testLazyMapFactory[nl_NL]" classname="org.apache.commons.collections4.MapUtilsTest" time="0"/>
  <testcase name="testLazyMapTransformer[nl_NL]" classname="org.apache.commons.collections4.MapUtilsTest" time="0"/>
  <testcase name="testSafeAddToMap[nl_NL]" classname="org.apache.commons.collections4.MapUtilsTest" time="0"/>
  <testcase name="testIsEmptyWithNonEmptyMap[nl_NL]" classname="org.apache.commons.collections4.MapUtilsTest" time="0"/>
  <testcase name="testInvertMap[nl_NL]" classname="org.apache.commons.collections4.MapUtilsTest" time="0"/>
  <testcase name="testDebugAndVerbosePrintCasting[nl_NL]" classname="org.apache.commons.collections4.MapUtilsTest" time="0"/>
  <testcase name="testIsNotEmptyWithNonEmptyMap[nl_NL]" classname="org.apache.commons.collections4.MapUtilsTest" time="0"/>
  <testcase name="testgetByteValue[nl_NL]" classname="org.apache.commons.collections4.MapUtilsTest" time="0"/>
  <testcase name="testSize0[nl_NL]" classname="org.apache.commons.collections4.MapUtilsTest" time="0"/>
  <testcase name="testSize[nl_NL]" classname="org.apache.commons.collections4.MapUtilsTest" time="0"/>
  <testcase name="testIsNotEmptyWithEmptyMap[nl_NL]" classname="org.apache.commons.collections4.MapUtilsTest" time="0"/>
  <testcase name="testIsNotEmptyWithNull[nl_NL]" classname="org.apache.commons.collections4.MapUtilsTest" time="0"/>
  <testcase name="testIterableSortedMap[nl_NL]" classname="org.apache.commons.collections4.MapUtilsTest" time="0"/>
  <testcase name="testgetNumber[nl_NL]" classname="org.apache.commons.collections4.MapUtilsTest" time="0"/>
  <testcase name="testgetObject[nl_NL]" classname="org.apache.commons.collections4.MapUtilsTest" time="0"/>
  <testcase name="testgetString[nl_NL]" classname="org.apache.commons.collections4.MapUtilsTest" time="0"/>
  <testcase name="testPutAll_Map_array[nl_NL]" classname="org.apache.commons.collections4.MapUtilsTest" time="0"/>
  <testcase name="testVerbosePrintSelfReference[nl_NL]" classname="org.apache.commons.collections4.MapUtilsTest" time="0"/>
  <testcase name="testDebugPrintNullLabel[nl_NL]" classname="org.apache.commons.collections4.MapUtilsTest" time="0"/>
  <testcase name="testgetFloatValue[nl_NL]" classname="org.apache.commons.collections4.MapUtilsTest" time="0"/>
  <testcase name="testConvertResourceBundle[nl_NL]" classname="org.apache.commons.collections4.MapUtilsTest" time="0"/>
  <testcase name="testOrderedMap[nl_NL]" classname="org.apache.commons.collections4.MapUtilsTest" time="0"/>
  <testcase name="testDebugPrintNullLabelAndMap[nl_NL]" classname="org.apache.commons.collections4.MapUtilsTest" time="0"/>
  <testcase name="testEmptyIfNull[nl_NL]" classname="org.apache.commons.collections4.MapUtilsTest" time="0"/>
  <testcase name="testgetIntValue[nl_NL]" classname="org.apache.commons.collections4.MapUtilsTest" time="0"/>
  <testcase name="testDebugPrintSelfReference[nl_NL]" classname="org.apache.commons.collections4.MapUtilsTest" time="0"/>
  <testcase name="testIterableMap[nl_NL]" classname="org.apache.commons.collections4.MapUtilsTest" time="0"/>
  <testcase name="testDebugAndVerbosePrintNullMap[nl_NL]" classname="org.apache.commons.collections4.MapUtilsTest" time="0"/>
  <testcase name="testVerbosePrintNullLabel[nl_NL]" classname="org.apache.commons.collections4.MapUtilsTest" time="0"/>
  <testcase name="testDebugPrintNullKey[nl_NL]" classname="org.apache.commons.collections4.MapUtilsTest" time="0"/>
  <testcase name="testPredicatedMap[nl_NL]" classname="org.apache.commons.collections4.MapUtilsTest" time="0"/>
  <testcase name="testgetLongValue[nl_NL]" classname="org.apache.commons.collections4.MapUtilsTest" time="0"/>
  <testcase name="testVerbosePrintNullKeyToMap1[nl_NL]" classname="org.apache.commons.collections4.MapUtilsTest" time="0"/>
  <testcase name="testVerbosePrintNullKeyToMap2[nl_NL]" classname="org.apache.commons.collections4.MapUtilsTest" time="0"/>
  <testcase name="testPopulateMap[nl_NL]" classname="org.apache.commons.collections4.MapUtilsTest" time="0"/>
  <testcase name="testToPropertiesEmpty[nl_NL]" classname="org.apache.commons.collections4.MapUtilsTest" time="0"/>
  <testcase name="testPopulateMultiMap[nl_NL]" classname="org.apache.commons.collections4.MapUtilsTest" time="0"/>
  <testcase name="testDebugPrintNullStream[nl_NL]" classname="org.apache.commons.collections4.MapUtilsTest" time="0"/>
  <testcase name="testgetBooleanValue[nl_NL]" classname="org.apache.commons.collections4.MapUtilsTest" time="0"/>
  <testcase name="testIsEmptyWithEmptyMap[nl_NL]" classname="org.apache.commons.collections4.MapUtilsTest" time="0"/>
  <testcase name="testVerbosePrintNullKey[nl_NL]" classname="org.apache.commons.collections4.MapUtilsTest" time="0"/>
  <testcase name="testSizeNull[nl_NL]" classname="org.apache.commons.collections4.MapUtilsTest" time="0"/>
  <testcase name="testDebugPrintNullKeyToMap1[nl_NL]" classname="org.apache.commons.collections4.MapUtilsTest" time="0"/>
  <testcase name="testDebugPrintNullKeyToMap2[nl_NL]" classname="org.apache.commons.collections4.MapUtilsTest" time="0"/>
  <testcase name="testDebugPrint[nl_NL]" classname="org.apache.commons.collections4.MapUtilsTest" time="0"/>
  <testcase name="testgetDoubleValue[nl_NL]" classname="org.apache.commons.collections4.MapUtilsTest" time="0"/>
  <testcase name="testVerbosePrintNullStream[nl_NL]" classname="org.apache.commons.collections4.MapUtilsTest" time="0"/>
  <testcase name="testVerbosePrintNullLabelAndMap[no]" classname="org.apache.commons.collections4.MapUtilsTest" time="0"/>
  <testcase name="testgetMap[no]" classname="org.apache.commons.collections4.MapUtilsTest" time="0"/>
  <testcase name="testToProperties[no]" classname="org.apache.commons.collections4.MapUtilsTest" time="0"/>
  <testcase name="testgetShortValue[no]" classname="org.apache.commons.collections4.MapUtilsTest" time="0.001"/>
  <testcase name="testIsEmptyWithNull[no]" classname="org.apache.commons.collections4.MapUtilsTest" time="0"/>
  <testcase name="testVerbosePrint[no]" classname="org.apache.commons.collections4.MapUtilsTest" time="0"/>
  <testcase name="testLazyMapFactory[no]" classname="org.apache.commons.collections4.MapUtilsTest" time="0"/>
  <testcase name="testLazyMapTransformer[no]" classname="org.apache.commons.collections4.MapUtilsTest" time="0"/>
  <testcase name="testSafeAddToMap[no]" classname="org.apache.commons.collections4.MapUtilsTest" time="0"/>
  <testcase name="testIsEmptyWithNonEmptyMap[no]" classname="org.apache.commons.collections4.MapUtilsTest" time="0"/>
  <testcase name="testInvertMap[no]" classname="org.apache.commons.collections4.MapUtilsTest" time="0"/>
  <testcase name="testDebugAndVerbosePrintCasting[no]" classname="org.apache.commons.collections4.MapUtilsTest" time="0"/>
  <testcase name="testIsNotEmptyWithNonEmptyMap[no]" classname="org.apache.commons.collections4.MapUtilsTest" time="0"/>
  <testcase name="testgetByteValue[no]" classname="org.apache.commons.collections4.MapUtilsTest" time="0"/>
  <testcase name="testSize0[no]" classname="org.apache.commons.collections4.MapUtilsTest" time="0"/>
  <testcase name="testSize[no]" classname="org.apache.commons.collections4.MapUtilsTest" time="0"/>
  <testcase name="testIsNotEmptyWithEmptyMap[no]" classname="org.apache.commons.collections4.MapUtilsTest" time="0"/>
  <testcase name="testIsNotEmptyWithNull[no]" classname="org.apache.commons.collections4.MapUtilsTest" time="0"/>
  <testcase name="testIterableSortedMap[no]" classname="org.apache.commons.collections4.MapUtilsTest" time="0"/>
  <testcase name="testgetNumber[no]" classname="org.apache.commons.collections4.MapUtilsTest" time="0"/>
  <testcase name="testgetObject[no]" classname="org.apache.commons.collections4.MapUtilsTest" time="0"/>
  <testcase name="testgetString[no]" classname="org.apache.commons.collections4.MapUtilsTest" time="0"/>
  <testcase name="testPutAll_Map_array[no]" classname="org.apache.commons.collections4.MapUtilsTest" time="0.001"/>
  <testcase name="testVerbosePrintSelfReference[no]" classname="org.apache.commons.collections4.MapUtilsTest" time="0"/>
  <testcase name="testDebugPrintNullLabel[no]" classname="org.apache.commons.collections4.MapUtilsTest" time="0"/>
  <testcase name="testgetFloatValue[no]" classname="org.apache.commons.collections4.MapUtilsTest" time="0"/>
  <testcase name="testConvertResourceBundle[no]" classname="org.apache.commons.collections4.MapUtilsTest" time="0"/>
  <testcase name="testOrderedMap[no]" classname="org.apache.commons.collections4.MapUtilsTest" time="0"/>
  <testcase name="testDebugPrintNullLabelAndMap[no]" classname="org.apache.commons.collections4.MapUtilsTest" time="0"/>
  <testcase name="testEmptyIfNull[no]" classname="org.apache.commons.collections4.MapUtilsTest" time="0"/>
  <testcase name="testgetIntValue[no]" classname="org.apache.commons.collections4.MapUtilsTest" time="0"/>
  <testcase name="testDebugPrintSelfReference[no]" classname="org.apache.commons.collections4.MapUtilsTest" time="0"/>
  <testcase name="testIterableMap[no]" classname="org.apache.commons.collections4.MapUtilsTest" time="0"/>
  <testcase name="testDebugAndVerbosePrintNullMap[no]" classname="org.apache.commons.collections4.MapUtilsTest" time="0"/>
  <testcase name="testVerbosePrintNullLabel[no]" classname="org.apache.commons.collections4.MapUtilsTest" time="0"/>
  <testcase name="testDebugPrintNullKey[no]" classname="org.apache.commons.collections4.MapUtilsTest" time="0"/>
  <testcase name="testPredicatedMap[no]" classname="org.apache.commons.collections4.MapUtilsTest" time="0"/>
  <testcase name="testgetLongValue[no]" classname="org.apache.commons.collections4.MapUtilsTest" time="0"/>
  <testcase name="testVerbosePrintNullKeyToMap1[no]" classname="org.apache.commons.collections4.MapUtilsTest" time="0"/>
  <testcase name="testVerbosePrintNullKeyToMap2[no]" classname="org.apache.commons.collections4.MapUtilsTest" time="0"/>
  <testcase name="testPopulateMap[no]" classname="org.apache.commons.collections4.MapUtilsTest" time="0"/>
  <testcase name="testToPropertiesEmpty[no]" classname="org.apache.commons.collections4.MapUtilsTest" time="0"/>
  <testcase name="testPopulateMultiMap[no]" classname="org.apache.commons.collections4.MapUtilsTest" time="0"/>
  <testcase name="testDebugPrintNullStream[no]" classname="org.apache.commons.collections4.MapUtilsTest" time="0"/>
  <testcase name="testgetBooleanValue[no]" classname="org.apache.commons.collections4.MapUtilsTest" time="0"/>
  <testcase name="testIsEmptyWithEmptyMap[no]" classname="org.apache.commons.collections4.MapUtilsTest" time="0"/>
  <testcase name="testVerbosePrintNullKey[no]" classname="org.apache.commons.collections4.MapUtilsTest" time="0"/>
  <testcase name="testSizeNull[no]" classname="org.apache.commons.collections4.MapUtilsTest" time="0"/>
  <testcase name="testDebugPrintNullKeyToMap1[no]" classname="org.apache.commons.collections4.MapUtilsTest" time="0"/>
  <testcase name="testDebugPrintNullKeyToMap2[no]" classname="org.apache.commons.collections4.MapUtilsTest" time="0"/>
  <testcase name="testDebugPrint[no]" classname="org.apache.commons.collections4.MapUtilsTest" time="0"/>
  <testcase name="testgetDoubleValue[no]" classname="org.apache.commons.collections4.MapUtilsTest" time="0"/>
  <testcase name="testVerbosePrintNullStream[no]" classname="org.apache.commons.collections4.MapUtilsTest" time="0"/>
  <testcase name="testVerbosePrintNullLabelAndMap[no_NO]" classname="org.apache.commons.collections4.MapUtilsTest" time="0"/>
  <testcase name="testgetMap[no_NO]" classname="org.apache.commons.collections4.MapUtilsTest" time="0"/>
  <testcase name="testToProperties[no_NO]" classname="org.apache.commons.collections4.MapUtilsTest" time="0"/>
  <testcase name="testgetShortValue[no_NO]" classname="org.apache.commons.collections4.MapUtilsTest" time="0.001"/>
  <testcase name="testIsEmptyWithNull[no_NO]" classname="org.apache.commons.collections4.MapUtilsTest" time="0"/>
  <testcase name="testVerbosePrint[no_NO]" classname="org.apache.commons.collections4.MapUtilsTest" time="0"/>
  <testcase name="testLazyMapFactory[no_NO]" classname="org.apache.commons.collections4.MapUtilsTest" time="0"/>
  <testcase name="testLazyMapTransformer[no_NO]" classname="org.apache.commons.collections4.MapUtilsTest" time="0"/>
  <testcase name="testSafeAddToMap[no_NO]" classname="org.apache.commons.collections4.MapUtilsTest" time="0"/>
  <testcase name="testIsEmptyWithNonEmptyMap[no_NO]" classname="org.apache.commons.collections4.MapUtilsTest" time="0"/>
  <testcase name="testInvertMap[no_NO]" classname="org.apache.commons.collections4.MapUtilsTest" time="0"/>
  <testcase name="testDebugAndVerbosePrintCasting[no_NO]" classname="org.apache.commons.collections4.MapUtilsTest" time="0"/>
  <testcase name="testIsNotEmptyWithNonEmptyMap[no_NO]" classname="org.apache.commons.collections4.MapUtilsTest" time="0"/>
  <testcase name="testgetByteValue[no_NO]" classname="org.apache.commons.collections4.MapUtilsTest" time="0"/>
  <testcase name="testSize0[no_NO]" classname="org.apache.commons.collections4.MapUtilsTest" time="0"/>
  <testcase name="testSize[no_NO]" classname="org.apache.commons.collections4.MapUtilsTest" time="0"/>
  <testcase name="testIsNotEmptyWithEmptyMap[no_NO]" classname="org.apache.commons.collections4.MapUtilsTest" time="0"/>
  <testcase name="testIsNotEmptyWithNull[no_NO]" classname="org.apache.commons.collections4.MapUtilsTest" time="0"/>
  <testcase name="testIterableSortedMap[no_NO]" classname="org.apache.commons.collections4.MapUtilsTest" time="0"/>
  <testcase name="testgetNumber[no_NO]" classname="org.apache.commons.collections4.MapUtilsTest" time="0"/>
  <testcase name="testgetObject[no_NO]" classname="org.apache.commons.collections4.MapUtilsTest" time="0"/>
  <testcase name="testgetString[no_NO]" classname="org.apache.commons.collections4.MapUtilsTest" time="0"/>
  <testcase name="testPutAll_Map_array[no_NO]" classname="org.apache.commons.collections4.MapUtilsTest" time="0"/>
  <testcase name="testVerbosePrintSelfReference[no_NO]" classname="org.apache.commons.collections4.MapUtilsTest" time="0"/>
  <testcase name="testDebugPrintNullLabel[no_NO]" classname="org.apache.commons.collections4.MapUtilsTest" time="0"/>
  <testcase name="testgetFloatValue[no_NO]" classname="org.apache.commons.collections4.MapUtilsTest" time="0"/>
  <testcase name="testConvertResourceBundle[no_NO]" classname="org.apache.commons.collections4.MapUtilsTest" time="0"/>
  <testcase name="testOrderedMap[no_NO]" classname="org.apache.commons.collections4.MapUtilsTest" time="0"/>
  <testcase name="testDebugPrintNullLabelAndMap[no_NO]" classname="org.apache.commons.collections4.MapUtilsTest" time="0"/>
  <testcase name="testEmptyIfNull[no_NO]" classname="org.apache.commons.collections4.MapUtilsTest" time="0"/>
  <testcase name="testgetIntValue[no_NO]" classname="org.apache.commons.collections4.MapUtilsTest" time="0"/>
  <testcase name="testDebugPrintSelfReference[no_NO]" classname="org.apache.commons.collections4.MapUtilsTest" time="0"/>
  <testcase name="testIterableMap[no_NO]" classname="org.apache.commons.collections4.MapUtilsTest" time="0.001"/>
  <testcase name="testDebugAndVerbosePrintNullMap[no_NO]" classname="org.apache.commons.collections4.MapUtilsTest" time="0"/>
  <testcase name="testVerbosePrintNullLabel[no_NO]" classname="org.apache.commons.collections4.MapUtilsTest" time="0"/>
  <testcase name="testDebugPrintNullKey[no_NO]" classname="org.apache.commons.collections4.MapUtilsTest" time="0"/>
  <testcase name="testPredicatedMap[no_NO]" classname="org.apache.commons.collections4.MapUtilsTest" time="0"/>
  <testcase name="testgetLongValue[no_NO]" classname="org.apache.commons.collections4.MapUtilsTest" time="0"/>
  <testcase name="testVerbosePrintNullKeyToMap1[no_NO]" classname="org.apache.commons.collections4.MapUtilsTest" time="0"/>
  <testcase name="testVerbosePrintNullKeyToMap2[no_NO]" classname="org.apache.commons.collections4.MapUtilsTest" time="0"/>
  <testcase name="testPopulateMap[no_NO]" classname="org.apache.commons.collections4.MapUtilsTest" time="0"/>
  <testcase name="testToPropertiesEmpty[no_NO]" classname="org.apache.commons.collections4.MapUtilsTest" time="0"/>
  <testcase name="testPopulateMultiMap[no_NO]" classname="org.apache.commons.collections4.MapUtilsTest" time="0"/>
  <testcase name="testDebugPrintNullStream[no_NO]" classname="org.apache.commons.collections4.MapUtilsTest" time="0"/>
  <testcase name="testgetBooleanValue[no_NO]" classname="org.apache.commons.collections4.MapUtilsTest" time="0"/>
  <testcase name="testIsEmptyWithEmptyMap[no_NO]" classname="org.apache.commons.collections4.MapUtilsTest" time="0"/>
  <testcase name="testVerbosePrintNullKey[no_NO]" classname="org.apache.commons.collections4.MapUtilsTest" time="0"/>
  <testcase name="testSizeNull[no_NO]" classname="org.apache.commons.collections4.MapUtilsTest" time="0"/>
  <testcase name="testDebugPrintNullKeyToMap1[no_NO]" classname="org.apache.commons.collections4.MapUtilsTest" time="0"/>
  <testcase name="testDebugPrintNullKeyToMap2[no_NO]" classname="org.apache.commons.collections4.MapUtilsTest" time="0"/>
  <testcase name="testDebugPrint[no_NO]" classname="org.apache.commons.collections4.MapUtilsTest" time="0"/>
  <testcase name="testgetDoubleValue[no_NO]" classname="org.apache.commons.collections4.MapUtilsTest" time="0"/>
  <testcase name="testVerbosePrintNullStream[no_NO]" classname="org.apache.commons.collections4.MapUtilsTest" time="0"/>
  <testcase name="testVerbosePrintNullLabelAndMap[no_NO_NY]" classname="org.apache.commons.collections4.MapUtilsTest" time="0"/>
  <testcase name="testgetMap[no_NO_NY]" classname="org.apache.commons.collections4.MapUtilsTest" time="0"/>
  <testcase name="testToProperties[no_NO_NY]" classname="org.apache.commons.collections4.MapUtilsTest" time="0"/>
  <testcase name="testgetShortValue[no_NO_NY]" classname="org.apache.commons.collections4.MapUtilsTest" time="0.001"/>
  <testcase name="testIsEmptyWithNull[no_NO_NY]" classname="org.apache.commons.collections4.MapUtilsTest" time="0"/>
  <testcase name="testVerbosePrint[no_NO_NY]" classname="org.apache.commons.collections4.MapUtilsTest" time="0"/>
  <testcase name="testLazyMapFactory[no_NO_NY]" classname="org.apache.commons.collections4.MapUtilsTest" time="0"/>
  <testcase name="testLazyMapTransformer[no_NO_NY]" classname="org.apache.commons.collections4.MapUtilsTest" time="0"/>
  <testcase name="testSafeAddToMap[no_NO_NY]" classname="org.apache.commons.collections4.MapUtilsTest" time="0"/>
  <testcase name="testIsEmptyWithNonEmptyMap[no_NO_NY]" classname="org.apache.commons.collections4.MapUtilsTest" time="0"/>
  <testcase name="testInvertMap[no_NO_NY]" classname="org.apache.commons.collections4.MapUtilsTest" time="0"/>
  <testcase name="testDebugAndVerbosePrintCasting[no_NO_NY]" classname="org.apache.commons.collections4.MapUtilsTest" time="0"/>
  <testcase name="testIsNotEmptyWithNonEmptyMap[no_NO_NY]" classname="org.apache.commons.collections4.MapUtilsTest" time="0"/>
  <testcase name="testgetByteValue[no_NO_NY]" classname="org.apache.commons.collections4.MapUtilsTest" time="0"/>
  <testcase name="testSize0[no_NO_NY]" classname="org.apache.commons.collections4.MapUtilsTest" time="0"/>
  <testcase name="testSize[no_NO_NY]" classname="org.apache.commons.collections4.MapUtilsTest" time="0"/>
  <testcase name="testIsNotEmptyWithEmptyMap[no_NO_NY]" classname="org.apache.commons.collections4.MapUtilsTest" time="0"/>
  <testcase name="testIsNotEmptyWithNull[no_NO_NY]" classname="org.apache.commons.collections4.MapUtilsTest" time="0"/>
  <testcase name="testIterableSortedMap[no_NO_NY]" classname="org.apache.commons.collections4.MapUtilsTest" time="0"/>
  <testcase name="testgetNumber[no_NO_NY]" classname="org.apache.commons.collections4.MapUtilsTest" time="0"/>
  <testcase name="testgetObject[no_NO_NY]" classname="org.apache.commons.collections4.MapUtilsTest" time="0"/>
  <testcase name="testgetString[no_NO_NY]" classname="org.apache.commons.collections4.MapUtilsTest" time="0"/>
  <testcase name="testPutAll_Map_array[no_NO_NY]" classname="org.apache.commons.collections4.MapUtilsTest" time="0"/>
  <testcase name="testVerbosePrintSelfReference[no_NO_NY]" classname="org.apache.commons.collections4.MapUtilsTest" time="0"/>
  <testcase name="testDebugPrintNullLabel[no_NO_NY]" classname="org.apache.commons.collections4.MapUtilsTest" time="0"/>
  <testcase name="testgetFloatValue[no_NO_NY]" classname="org.apache.commons.collections4.MapUtilsTest" time="0"/>
  <testcase name="testConvertResourceBundle[no_NO_NY]" classname="org.apache.commons.collections4.MapUtilsTest" time="0"/>
  <testcase name="testOrderedMap[no_NO_NY]" classname="org.apache.commons.collections4.MapUtilsTest" time="0"/>
  <testcase name="testDebugPrintNullLabelAndMap[no_NO_NY]" classname="org.apache.commons.collections4.MapUtilsTest" time="0"/>
  <testcase name="testEmptyIfNull[no_NO_NY]" classname="org.apache.commons.collections4.MapUtilsTest" time="0"/>
  <testcase name="testgetIntValue[no_NO_NY]" classname="org.apache.commons.collections4.MapUtilsTest" time="0"/>
  <testcase name="testDebugPrintSelfReference[no_NO_NY]" classname="org.apache.commons.collections4.MapUtilsTest" time="0"/>
  <testcase name="testIterableMap[no_NO_NY]" classname="org.apache.commons.collections4.MapUtilsTest" time="0"/>
  <testcase name="testDebugAndVerbosePrintNullMap[no_NO_NY]" classname="org.apache.commons.collections4.MapUtilsTest" time="0"/>
  <testcase name="testVerbosePrintNullLabel[no_NO_NY]" classname="org.apache.commons.collections4.MapUtilsTest" time="0"/>
  <testcase name="testDebugPrintNullKey[no_NO_NY]" classname="org.apache.commons.collections4.MapUtilsTest" time="0"/>
  <testcase name="testPredicatedMap[no_NO_NY]" classname="org.apache.commons.collections4.MapUtilsTest" time="0"/>
  <testcase name="testgetLongValue[no_NO_NY]" classname="org.apache.commons.collections4.MapUtilsTest" time="0"/>
  <testcase name="testVerbosePrintNullKeyToMap1[no_NO_NY]" classname="org.apache.commons.collections4.MapUtilsTest" time="0"/>
  <testcase name="testVerbosePrintNullKeyToMap2[no_NO_NY]" classname="org.apache.commons.collections4.MapUtilsTest" time="0"/>
  <testcase name="testPopulateMap[no_NO_NY]" classname="org.apache.commons.collections4.MapUtilsTest" time="0"/>
  <testcase name="testToPropertiesEmpty[no_NO_NY]" classname="org.apache.commons.collections4.MapUtilsTest" time="0"/>
  <testcase name="testPopulateMultiMap[no_NO_NY]" classname="org.apache.commons.collections4.MapUtilsTest" time="0"/>
  <testcase name="testDebugPrintNullStream[no_NO_NY]" classname="org.apache.commons.collections4.MapUtilsTest" time="0"/>
  <testcase name="testgetBooleanValue[no_NO_NY]" classname="org.apache.commons.collections4.MapUtilsTest" time="0"/>
  <testcase name="testIsEmptyWithEmptyMap[no_NO_NY]" classname="org.apache.commons.collections4.MapUtilsTest" time="0"/>
  <testcase name="testVerbosePrintNullKey[no_NO_NY]" classname="org.apache.commons.collections4.MapUtilsTest" time="0"/>
  <testcase name="testSizeNull[no_NO_NY]" classname="org.apache.commons.collections4.MapUtilsTest" time="0"/>
  <testcase name="testDebugPrintNullKeyToMap1[no_NO_NY]" classname="org.apache.commons.collections4.MapUtilsTest" time="0"/>
  <testcase name="testDebugPrintNullKeyToMap2[no_NO_NY]" classname="org.apache.commons.collections4.MapUtilsTest" time="0"/>
  <testcase name="testDebugPrint[no_NO_NY]" classname="org.apache.commons.collections4.MapUtilsTest" time="0"/>
  <testcase name="testgetDoubleValue[no_NO_NY]" classname="org.apache.commons.collections4.MapUtilsTest" time="0"/>
  <testcase name="testVerbosePrintNullStream[no_NO_NY]" classname="org.apache.commons.collections4.MapUtilsTest" time="0"/>
  <testcase name="testVerbosePrintNullLabelAndMap[pl]" classname="org.apache.commons.collections4.MapUtilsTest" time="0"/>
  <testcase name="testgetMap[pl]" classname="org.apache.commons.collections4.MapUtilsTest" time="0"/>
  <testcase name="testToProperties[pl]" classname="org.apache.commons.collections4.MapUtilsTest" time="0"/>
  <testcase name="testgetShortValue[pl]" classname="org.apache.commons.collections4.MapUtilsTest" time="0"/>
  <testcase name="testIsEmptyWithNull[pl]" classname="org.apache.commons.collections4.MapUtilsTest" time="0"/>
  <testcase name="testVerbosePrint[pl]" classname="org.apache.commons.collections4.MapUtilsTest" time="0"/>
  <testcase name="testLazyMapFactory[pl]" classname="org.apache.commons.collections4.MapUtilsTest" time="0"/>
  <testcase name="testLazyMapTransformer[pl]" classname="org.apache.commons.collections4.MapUtilsTest" time="0"/>
  <testcase name="testSafeAddToMap[pl]" classname="org.apache.commons.collections4.MapUtilsTest" time="0"/>
  <testcase name="testIsEmptyWithNonEmptyMap[pl]" classname="org.apache.commons.collections4.MapUtilsTest" time="0"/>
  <testcase name="testInvertMap[pl]" classname="org.apache.commons.collections4.MapUtilsTest" time="0"/>
  <testcase name="testDebugAndVerbosePrintCasting[pl]" classname="org.apache.commons.collections4.MapUtilsTest" time="0"/>
  <testcase name="testIsNotEmptyWithNonEmptyMap[pl]" classname="org.apache.commons.collections4.MapUtilsTest" time="0"/>
  <testcase name="testgetByteValue[pl]" classname="org.apache.commons.collections4.MapUtilsTest" time="0.001"/>
  <testcase name="testSize0[pl]" classname="org.apache.commons.collections4.MapUtilsTest" time="0"/>
  <testcase name="testSize[pl]" classname="org.apache.commons.collections4.MapUtilsTest" time="0"/>
  <testcase name="testIsNotEmptyWithEmptyMap[pl]" classname="org.apache.commons.collections4.MapUtilsTest" time="0"/>
  <testcase name="testIsNotEmptyWithNull[pl]" classname="org.apache.commons.collections4.MapUtilsTest" time="0"/>
  <testcase name="testIterableSortedMap[pl]" classname="org.apache.commons.collections4.MapUtilsTest" time="0"/>
  <testcase name="testgetNumber[pl]" classname="org.apache.commons.collections4.MapUtilsTest" time="0"/>
  <testcase name="testgetObject[pl]" classname="org.apache.commons.collections4.MapUtilsTest" time="0"/>
  <testcase name="testgetString[pl]" classname="org.apache.commons.collections4.MapUtilsTest" time="0"/>
  <testcase name="testPutAll_Map_array[pl]" classname="org.apache.commons.collections4.MapUtilsTest" time="0"/>
  <testcase name="testVerbosePrintSelfReference[pl]" classname="org.apache.commons.collections4.MapUtilsTest" time="0"/>
  <testcase name="testDebugPrintNullLabel[pl]" classname="org.apache.commons.collections4.MapUtilsTest" time="0"/>
  <testcase name="testgetFloatValue[pl]" classname="org.apache.commons.collections4.MapUtilsTest" time="0"/>
  <testcase name="testConvertResourceBundle[pl]" classname="org.apache.commons.collections4.MapUtilsTest" time="0"/>
  <testcase name="testOrderedMap[pl]" classname="org.apache.commons.collections4.MapUtilsTest" time="0"/>
  <testcase name="testDebugPrintNullLabelAndMap[pl]" classname="org.apache.commons.collections4.MapUtilsTest" time="0"/>
  <testcase name="testEmptyIfNull[pl]" classname="org.apache.commons.collections4.MapUtilsTest" time="0"/>
  <testcase name="testgetIntValue[pl]" classname="org.apache.commons.collections4.MapUtilsTest" time="0"/>
  <testcase name="testDebugPrintSelfReference[pl]" classname="org.apache.commons.collections4.MapUtilsTest" time="0"/>
  <testcase name="testIterableMap[pl]" classname="org.apache.commons.collections4.MapUtilsTest" time="0"/>
  <testcase name="testDebugAndVerbosePrintNullMap[pl]" classname="org.apache.commons.collections4.MapUtilsTest" time="0"/>
  <testcase name="testVerbosePrintNullLabel[pl]" classname="org.apache.commons.collections4.MapUtilsTest" time="0"/>
  <testcase name="testDebugPrintNullKey[pl]" classname="org.apache.commons.collections4.MapUtilsTest" time="0"/>
  <testcase name="testPredicatedMap[pl]" classname="org.apache.commons.collections4.MapUtilsTest" time="0"/>
  <testcase name="testgetLongValue[pl]" classname="org.apache.commons.collections4.MapUtilsTest" time="0"/>
  <testcase name="testVerbosePrintNullKeyToMap1[pl]" classname="org.apache.commons.collections4.MapUtilsTest" time="0"/>
  <testcase name="testVerbosePrintNullKeyToMap2[pl]" classname="org.apache.commons.collections4.MapUtilsTest" time="0"/>
  <testcase name="testPopulateMap[pl]" classname="org.apache.commons.collections4.MapUtilsTest" time="0"/>
  <testcase name="testToPropertiesEmpty[pl]" classname="org.apache.commons.collections4.MapUtilsTest" time="0"/>
  <testcase name="testPopulateMultiMap[pl]" classname="org.apache.commons.collections4.MapUtilsTest" time="0"/>
  <testcase name="testDebugPrintNullStream[pl]" classname="org.apache.commons.collections4.MapUtilsTest" time="0"/>
  <testcase name="testgetBooleanValue[pl]" classname="org.apache.commons.collections4.MapUtilsTest" time="0"/>
  <testcase name="testIsEmptyWithEmptyMap[pl]" classname="org.apache.commons.collections4.MapUtilsTest" time="0"/>
  <testcase name="testVerbosePrintNullKey[pl]" classname="org.apache.commons.collections4.MapUtilsTest" time="0"/>
  <testcase name="testSizeNull[pl]" classname="org.apache.commons.collections4.MapUtilsTest" time="0"/>
  <testcase name="testDebugPrintNullKeyToMap1[pl]" classname="org.apache.commons.collections4.MapUtilsTest" time="0"/>
  <testcase name="testDebugPrintNullKeyToMap2[pl]" classname="org.apache.commons.collections4.MapUtilsTest" time="0"/>
  <testcase name="testDebugPrint[pl]" classname="org.apache.commons.collections4.MapUtilsTest" time="0"/>
  <testcase name="testgetDoubleValue[pl]" classname="org.apache.commons.collections4.MapUtilsTest" time="0"/>
  <testcase name="testVerbosePrintNullStream[pl]" classname="org.apache.commons.collections4.MapUtilsTest" time="0"/>
  <testcase name="testVerbosePrintNullLabelAndMap[pl_PL]" classname="org.apache.commons.collections4.MapUtilsTest" time="0"/>
  <testcase name="testgetMap[pl_PL]" classname="org.apache.commons.collections4.MapUtilsTest" time="0"/>
  <testcase name="testToProperties[pl_PL]" classname="org.apache.commons.collections4.MapUtilsTest" time="0"/>
  <testcase name="testgetShortValue[pl_PL]" classname="org.apache.commons.collections4.MapUtilsTest" time="0"/>
  <testcase name="testIsEmptyWithNull[pl_PL]" classname="org.apache.commons.collections4.MapUtilsTest" time="0"/>
  <testcase name="testVerbosePrint[pl_PL]" classname="org.apache.commons.collections4.MapUtilsTest" time="0.001"/>
  <testcase name="testLazyMapFactory[pl_PL]" classname="org.apache.commons.collections4.MapUtilsTest" time="0"/>
  <testcase name="testLazyMapTransformer[pl_PL]" classname="org.apache.commons.collections4.MapUtilsTest" time="0"/>
  <testcase name="testSafeAddToMap[pl_PL]" classname="org.apache.commons.collections4.MapUtilsTest" time="0"/>
  <testcase name="testIsEmptyWithNonEmptyMap[pl_PL]" classname="org.apache.commons.collections4.MapUtilsTest" time="0"/>
  <testcase name="testInvertMap[pl_PL]" classname="org.apache.commons.collections4.MapUtilsTest" time="0"/>
  <testcase name="testDebugAndVerbosePrintCasting[pl_PL]" classname="org.apache.commons.collections4.MapUtilsTest" time="0"/>
  <testcase name="testIsNotEmptyWithNonEmptyMap[pl_PL]" classname="org.apache.commons.collections4.MapUtilsTest" time="0"/>
  <testcase name="testgetByteValue[pl_PL]" classname="org.apache.commons.collections4.MapUtilsTest" time="0"/>
  <testcase name="testSize0[pl_PL]" classname="org.apache.commons.collections4.MapUtilsTest" time="0"/>
  <testcase name="testSize[pl_PL]" classname="org.apache.commons.collections4.MapUtilsTest" time="0"/>
  <testcase name="testIsNotEmptyWithEmptyMap[pl_PL]" classname="org.apache.commons.collections4.MapUtilsTest" time="0"/>
  <testcase name="testIsNotEmptyWithNull[pl_PL]" classname="org.apache.commons.collections4.MapUtilsTest" time="0"/>
  <testcase name="testIterableSortedMap[pl_PL]" classname="org.apache.commons.collections4.MapUtilsTest" time="0"/>
  <testcase name="testgetNumber[pl_PL]" classname="org.apache.commons.collections4.MapUtilsTest" time="0"/>
  <testcase name="testgetObject[pl_PL]" classname="org.apache.commons.collections4.MapUtilsTest" time="0"/>
  <testcase name="testgetString[pl_PL]" classname="org.apache.commons.collections4.MapUtilsTest" time="0"/>
  <testcase name="testPutAll_Map_array[pl_PL]" classname="org.apache.commons.collections4.MapUtilsTest" time="0"/>
  <testcase name="testVerbosePrintSelfReference[pl_PL]" classname="org.apache.commons.collections4.MapUtilsTest" time="0"/>
  <testcase name="testDebugPrintNullLabel[pl_PL]" classname="org.apache.commons.collections4.MapUtilsTest" time="0"/>
  <testcase name="testgetFloatValue[pl_PL]" classname="org.apache.commons.collections4.MapUtilsTest" time="0"/>
  <testcase name="testConvertResourceBundle[pl_PL]" classname="org.apache.commons.collections4.MapUtilsTest" time="0"/>
  <testcase name="testOrderedMap[pl_PL]" classname="org.apache.commons.collections4.MapUtilsTest" time="0"/>
  <testcase name="testDebugPrintNullLabelAndMap[pl_PL]" classname="org.apache.commons.collections4.MapUtilsTest" time="0"/>
  <testcase name="testEmptyIfNull[pl_PL]" classname="org.apache.commons.collections4.MapUtilsTest" time="0"/>
  <testcase name="testgetIntValue[pl_PL]" classname="org.apache.commons.collections4.MapUtilsTest" time="0"/>
  <testcase name="testDebugPrintSelfReference[pl_PL]" classname="org.apache.commons.collections4.MapUtilsTest" time="0"/>
  <testcase name="testIterableMap[pl_PL]" classname="org.apache.commons.collections4.MapUtilsTest" time="0"/>
  <testcase name="testDebugAndVerbosePrintNullMap[pl_PL]" classname="org.apache.commons.collections4.MapUtilsTest" time="0"/>
  <testcase name="testVerbosePrintNullLabel[pl_PL]" classname="org.apache.commons.collections4.MapUtilsTest" time="0"/>
  <testcase name="testDebugPrintNullKey[pl_PL]" classname="org.apache.commons.collections4.MapUtilsTest" time="0"/>
  <testcase name="testPredicatedMap[pl_PL]" classname="org.apache.commons.collections4.MapUtilsTest" time="0"/>
  <testcase name="testgetLongValue[pl_PL]" classname="org.apache.commons.collections4.MapUtilsTest" time="0"/>
  <testcase name="testVerbosePrintNullKeyToMap1[pl_PL]" classname="org.apache.commons.collections4.MapUtilsTest" time="0"/>
  <testcase name="testVerbosePrintNullKeyToMap2[pl_PL]" classname="org.apache.commons.collections4.MapUtilsTest" time="0.001"/>
  <testcase name="testPopulateMap[pl_PL]" classname="org.apache.commons.collections4.MapUtilsTest" time="0"/>
  <testcase name="testToPropertiesEmpty[pl_PL]" classname="org.apache.commons.collections4.MapUtilsTest" time="0"/>
  <testcase name="testPopulateMultiMap[pl_PL]" classname="org.apache.commons.collections4.MapUtilsTest" time="0"/>
  <testcase name="testDebugPrintNullStream[pl_PL]" classname="org.apache.commons.collections4.MapUtilsTest" time="0"/>
  <testcase name="testgetBooleanValue[pl_PL]" classname="org.apache.commons.collections4.MapUtilsTest" time="0"/>
  <testcase name="testIsEmptyWithEmptyMap[pl_PL]" classname="org.apache.commons.collections4.MapUtilsTest" time="0"/>
  <testcase name="testVerbosePrintNullKey[pl_PL]" classname="org.apache.commons.collections4.MapUtilsTest" time="0"/>
  <testcase name="testSizeNull[pl_PL]" classname="org.apache.commons.collections4.MapUtilsTest" time="0"/>
  <testcase name="testDebugPrintNullKeyToMap1[pl_PL]" classname="org.apache.commons.collections4.MapUtilsTest" time="0"/>
  <testcase name="testDebugPrintNullKeyToMap2[pl_PL]" classname="org.apache.commons.collections4.MapUtilsTest" time="0"/>
  <testcase name="testDebugPrint[pl_PL]" classname="org.apache.commons.collections4.MapUtilsTest" time="0"/>
  <testcase name="testgetDoubleValue[pl_PL]" classname="org.apache.commons.collections4.MapUtilsTest" time="0"/>
  <testcase name="testVerbosePrintNullStream[pl_PL]" classname="org.apache.commons.collections4.MapUtilsTest" time="0"/>
  <testcase name="testVerbosePrintNullLabelAndMap[pt]" classname="org.apache.commons.collections4.MapUtilsTest" time="0"/>
  <testcase name="testgetMap[pt]" classname="org.apache.commons.collections4.MapUtilsTest" time="0"/>
  <testcase name="testToProperties[pt]" classname="org.apache.commons.collections4.MapUtilsTest" time="0"/>
  <testcase name="testgetShortValue[pt]" classname="org.apache.commons.collections4.MapUtilsTest" time="0.001"/>
  <testcase name="testIsEmptyWithNull[pt]" classname="org.apache.commons.collections4.MapUtilsTest" time="0"/>
  <testcase name="testVerbosePrint[pt]" classname="org.apache.commons.collections4.MapUtilsTest" time="0"/>
  <testcase name="testLazyMapFactory[pt]" classname="org.apache.commons.collections4.MapUtilsTest" time="0"/>
  <testcase name="testLazyMapTransformer[pt]" classname="org.apache.commons.collections4.MapUtilsTest" time="0"/>
  <testcase name="testSafeAddToMap[pt]" classname="org.apache.commons.collections4.MapUtilsTest" time="0"/>
  <testcase name="testIsEmptyWithNonEmptyMap[pt]" classname="org.apache.commons.collections4.MapUtilsTest" time="0"/>
  <testcase name="testInvertMap[pt]" classname="org.apache.commons.collections4.MapUtilsTest" time="0"/>
  <testcase name="testDebugAndVerbosePrintCasting[pt]" classname="org.apache.commons.collections4.MapUtilsTest" time="0"/>
  <testcase name="testIsNotEmptyWithNonEmptyMap[pt]" classname="org.apache.commons.collections4.MapUtilsTest" time="0"/>
  <testcase name="testgetByteValue[pt]" classname="org.apache.commons.collections4.MapUtilsTest" time="0"/>
  <testcase name="testSize0[pt]" classname="org.apache.commons.collections4.MapUtilsTest" time="0"/>
  <testcase name="testSize[pt]" classname="org.apache.commons.collections4.MapUtilsTest" time="0"/>
  <testcase name="testIsNotEmptyWithEmptyMap[pt]" classname="org.apache.commons.collections4.MapUtilsTest" time="0"/>
  <testcase name="testIsNotEmptyWithNull[pt]" classname="org.apache.commons.collections4.MapUtilsTest" time="0"/>
  <testcase name="testIterableSortedMap[pt]" classname="org.apache.commons.collections4.MapUtilsTest" time="0"/>
  <testcase name="testgetNumber[pt]" classname="org.apache.commons.collections4.MapUtilsTest" time="0"/>
  <testcase name="testgetObject[pt]" classname="org.apache.commons.collections4.MapUtilsTest" time="0"/>
  <testcase name="testgetString[pt]" classname="org.apache.commons.collections4.MapUtilsTest" time="0"/>
  <testcase name="testPutAll_Map_array[pt]" classname="org.apache.commons.collections4.MapUtilsTest" time="0"/>
  <testcase name="testVerbosePrintSelfReference[pt]" classname="org.apache.commons.collections4.MapUtilsTest" time="0"/>
  <testcase name="testDebugPrintNullLabel[pt]" classname="org.apache.commons.collections4.MapUtilsTest" time="0"/>
  <testcase name="testgetFloatValue[pt]" classname="org.apache.commons.collections4.MapUtilsTest" time="0"/>
  <testcase name="testConvertResourceBundle[pt]" classname="org.apache.commons.collections4.MapUtilsTest" time="0"/>
  <testcase name="testOrderedMap[pt]" classname="org.apache.commons.collections4.MapUtilsTest" time="0"/>
  <testcase name="testDebugPrintNullLabelAndMap[pt]" classname="org.apache.commons.collections4.MapUtilsTest" time="0"/>
  <testcase name="testEmptyIfNull[pt]" classname="org.apache.commons.collections4.MapUtilsTest" time="0"/>
  <testcase name="testgetIntValue[pt]" classname="org.apache.commons.collections4.MapUtilsTest" time="0"/>
  <testcase name="testDebugPrintSelfReference[pt]" classname="org.apache.commons.collections4.MapUtilsTest" time="0"/>
  <testcase name="testIterableMap[pt]" classname="org.apache.commons.collections4.MapUtilsTest" time="0"/>
  <testcase name="testDebugAndVerbosePrintNullMap[pt]" classname="org.apache.commons.collections4.MapUtilsTest" time="0"/>
  <testcase name="testVerbosePrintNullLabel[pt]" classname="org.apache.commons.collections4.MapUtilsTest" time="0.001"/>
  <testcase name="testDebugPrintNullKey[pt]" classname="org.apache.commons.collections4.MapUtilsTest" time="0"/>
  <testcase name="testPredicatedMap[pt]" classname="org.apache.commons.collections4.MapUtilsTest" time="0"/>
  <testcase name="testgetLongValue[pt]" classname="org.apache.commons.collections4.MapUtilsTest" time="0"/>
  <testcase name="testVerbosePrintNullKeyToMap1[pt]" classname="org.apache.commons.collections4.MapUtilsTest" time="0"/>
  <testcase name="testVerbosePrintNullKeyToMap2[pt]" classname="org.apache.commons.collections4.MapUtilsTest" time="0"/>
  <testcase name="testPopulateMap[pt]" classname="org.apache.commons.collections4.MapUtilsTest" time="0"/>
  <testcase name="testToPropertiesEmpty[pt]" classname="org.apache.commons.collections4.MapUtilsTest" time="0"/>
  <testcase name="testPopulateMultiMap[pt]" classname="org.apache.commons.collections4.MapUtilsTest" time="0"/>
  <testcase name="testDebugPrintNullStream[pt]" classname="org.apache.commons.collections4.MapUtilsTest" time="0"/>
  <testcase name="testgetBooleanValue[pt]" classname="org.apache.commons.collections4.MapUtilsTest" time="0"/>
  <testcase name="testIsEmptyWithEmptyMap[pt]" classname="org.apache.commons.collections4.MapUtilsTest" time="0"/>
  <testcase name="testVerbosePrintNullKey[pt]" classname="org.apache.commons.collections4.MapUtilsTest" time="0"/>
  <testcase name="testSizeNull[pt]" classname="org.apache.commons.collections4.MapUtilsTest" time="0"/>
  <testcase name="testDebugPrintNullKeyToMap1[pt]" classname="org.apache.commons.collections4.MapUtilsTest" time="0"/>
  <testcase name="testDebugPrintNullKeyToMap2[pt]" classname="org.apache.commons.collections4.MapUtilsTest" time="0"/>
  <testcase name="testDebugPrint[pt]" classname="org.apache.commons.collections4.MapUtilsTest" time="0"/>
  <testcase name="testgetDoubleValue[pt]" classname="org.apache.commons.collections4.MapUtilsTest" time="0"/>
  <testcase name="testVerbosePrintNullStream[pt]" classname="org.apache.commons.collections4.MapUtilsTest" time="0"/>
  <testcase name="testVerbosePrintNullLabelAndMap[pt_BR]" classname="org.apache.commons.collections4.MapUtilsTest" time="0"/>
  <testcase name="testgetMap[pt_BR]" classname="org.apache.commons.collections4.MapUtilsTest" time="0"/>
  <testcase name="testToProperties[pt_BR]" classname="org.apache.commons.collections4.MapUtilsTest" time="0"/>
  <testcase name="testgetShortValue[pt_BR]" classname="org.apache.commons.collections4.MapUtilsTest" time="0.002"/>
  <testcase name="testIsEmptyWithNull[pt_BR]" classname="org.apache.commons.collections4.MapUtilsTest" time="0"/>
  <testcase name="testVerbosePrint[pt_BR]" classname="org.apache.commons.collections4.MapUtilsTest" time="0"/>
  <testcase name="testLazyMapFactory[pt_BR]" classname="org.apache.commons.collections4.MapUtilsTest" time="0"/>
  <testcase name="testLazyMapTransformer[pt_BR]" classname="org.apache.commons.collections4.MapUtilsTest" time="0"/>
  <testcase name="testSafeAddToMap[pt_BR]" classname="org.apache.commons.collections4.MapUtilsTest" time="0"/>
  <testcase name="testIsEmptyWithNonEmptyMap[pt_BR]" classname="org.apache.commons.collections4.MapUtilsTest" time="0"/>
  <testcase name="testInvertMap[pt_BR]" classname="org.apache.commons.collections4.MapUtilsTest" time="0"/>
  <testcase name="testDebugAndVerbosePrintCasting[pt_BR]" classname="org.apache.commons.collections4.MapUtilsTest" time="0"/>
  <testcase name="testIsNotEmptyWithNonEmptyMap[pt_BR]" classname="org.apache.commons.collections4.MapUtilsTest" time="0"/>
  <testcase name="testgetByteValue[pt_BR]" classname="org.apache.commons.collections4.MapUtilsTest" time="0"/>
  <testcase name="testSize0[pt_BR]" classname="org.apache.commons.collections4.MapUtilsTest" time="0"/>
  <testcase name="testSize[pt_BR]" classname="org.apache.commons.collections4.MapUtilsTest" time="0"/>
  <testcase name="testIsNotEmptyWithEmptyMap[pt_BR]" classname="org.apache.commons.collections4.MapUtilsTest" time="0"/>
  <testcase name="testIsNotEmptyWithNull[pt_BR]" classname="org.apache.commons.collections4.MapUtilsTest" time="0"/>
  <testcase name="testIterableSortedMap[pt_BR]" classname="org.apache.commons.collections4.MapUtilsTest" time="0"/>
  <testcase name="testgetNumber[pt_BR]" classname="org.apache.commons.collections4.MapUtilsTest" time="0.001"/>
  <testcase name="testgetObject[pt_BR]" classname="org.apache.commons.collections4.MapUtilsTest" time="0"/>
  <testcase name="testgetString[pt_BR]" classname="org.apache.commons.collections4.MapUtilsTest" time="0"/>
  <testcase name="testPutAll_Map_array[pt_BR]" classname="org.apache.commons.collections4.MapUtilsTest" time="0"/>
  <testcase name="testVerbosePrintSelfReference[pt_BR]" classname="org.apache.commons.collections4.MapUtilsTest" time="0"/>
  <testcase name="testDebugPrintNullLabel[pt_BR]" classname="org.apache.commons.collections4.MapUtilsTest" time="0"/>
  <testcase name="testgetFloatValue[pt_BR]" classname="org.apache.commons.collections4.MapUtilsTest" time="0"/>
  <testcase name="testConvertResourceBundle[pt_BR]" classname="org.apache.commons.collections4.MapUtilsTest" time="0"/>
  <testcase name="testOrderedMap[pt_BR]" classname="org.apache.commons.collections4.MapUtilsTest" time="0"/>
  <testcase name="testDebugPrintNullLabelAndMap[pt_BR]" classname="org.apache.commons.collections4.MapUtilsTest" time="0"/>
  <testcase name="testEmptyIfNull[pt_BR]" classname="org.apache.commons.collections4.MapUtilsTest" time="0"/>
  <testcase name="testgetIntValue[pt_BR]" classname="org.apache.commons.collections4.MapUtilsTest" time="0"/>
  <testcase name="testDebugPrintSelfReference[pt_BR]" classname="org.apache.commons.collections4.MapUtilsTest" time="0"/>
  <testcase name="testIterableMap[pt_BR]" classname="org.apache.commons.collections4.MapUtilsTest" time="0"/>
  <testcase name="testDebugAndVerbosePrintNullMap[pt_BR]" classname="org.apache.commons.collections4.MapUtilsTest" time="0"/>
  <testcase name="testVerbosePrintNullLabel[pt_BR]" classname="org.apache.commons.collections4.MapUtilsTest" time="0"/>
  <testcase name="testDebugPrintNullKey[pt_BR]" classname="org.apache.commons.collections4.MapUtilsTest" time="0"/>
  <testcase name="testPredicatedMap[pt_BR]" classname="org.apache.commons.collections4.MapUtilsTest" time="0"/>
  <testcase name="testgetLongValue[pt_BR]" classname="org.apache.commons.collections4.MapUtilsTest" time="0"/>
  <testcase name="testVerbosePrintNullKeyToMap1[pt_BR]" classname="org.apache.commons.collections4.MapUtilsTest" time="0"/>
  <testcase name="testVerbosePrintNullKeyToMap2[pt_BR]" classname="org.apache.commons.collections4.MapUtilsTest" time="0"/>
  <testcase name="testPopulateMap[pt_BR]" classname="org.apache.commons.collections4.MapUtilsTest" time="0"/>
  <testcase name="testToPropertiesEmpty[pt_BR]" classname="org.apache.commons.collections4.MapUtilsTest" time="0"/>
  <testcase name="testPopulateMultiMap[pt_BR]" classname="org.apache.commons.collections4.MapUtilsTest" time="0"/>
  <testcase name="testDebugPrintNullStream[pt_BR]" classname="org.apache.commons.collections4.MapUtilsTest" time="0"/>
  <testcase name="testgetBooleanValue[pt_BR]" classname="org.apache.commons.collections4.MapUtilsTest" time="0"/>
  <testcase name="testIsEmptyWithEmptyMap[pt_BR]" classname="org.apache.commons.collections4.MapUtilsTest" time="0"/>
  <testcase name="testVerbosePrintNullKey[pt_BR]" classname="org.apache.commons.collections4.MapUtilsTest" time="0"/>
  <testcase name="testSizeNull[pt_BR]" classname="org.apache.commons.collections4.MapUtilsTest" time="0"/>
  <testcase name="testDebugPrintNullKeyToMap1[pt_BR]" classname="org.apache.commons.collections4.MapUtilsTest" time="0"/>
  <testcase name="testDebugPrintNullKeyToMap2[pt_BR]" classname="org.apache.commons.collections4.MapUtilsTest" time="0"/>
  <testcase name="testDebugPrint[pt_BR]" classname="org.apache.commons.collections4.MapUtilsTest" time="0"/>
  <testcase name="testgetDoubleValue[pt_BR]" classname="org.apache.commons.collections4.MapUtilsTest" time="0"/>
  <testcase name="testVerbosePrintNullStream[pt_BR]" classname="org.apache.commons.collections4.MapUtilsTest" time="0"/>
  <testcase name="testVerbosePrintNullLabelAndMap[pt_PT]" classname="org.apache.commons.collections4.MapUtilsTest" time="0"/>
  <testcase name="testgetMap[pt_PT]" classname="org.apache.commons.collections4.MapUtilsTest" time="0"/>
  <testcase name="testToProperties[pt_PT]" classname="org.apache.commons.collections4.MapUtilsTest" time="0"/>
  <testcase name="testgetShortValue[pt_PT]" classname="org.apache.commons.collections4.MapUtilsTest" time="0.001"/>
  <testcase name="testIsEmptyWithNull[pt_PT]" classname="org.apache.commons.collections4.MapUtilsTest" time="0"/>
  <testcase name="testVerbosePrint[pt_PT]" classname="org.apache.commons.collections4.MapUtilsTest" time="0"/>
  <testcase name="testLazyMapFactory[pt_PT]" classname="org.apache.commons.collections4.MapUtilsTest" time="0"/>
  <testcase name="testLazyMapTransformer[pt_PT]" classname="org.apache.commons.collections4.MapUtilsTest" time="0"/>
  <testcase name="testSafeAddToMap[pt_PT]" classname="org.apache.commons.collections4.MapUtilsTest" time="0"/>
  <testcase name="testIsEmptyWithNonEmptyMap[pt_PT]" classname="org.apache.commons.collections4.MapUtilsTest" time="0"/>
  <testcase name="testInvertMap[pt_PT]" classname="org.apache.commons.collections4.MapUtilsTest" time="0"/>
  <testcase name="testDebugAndVerbosePrintCasting[pt_PT]" classname="org.apache.commons.collections4.MapUtilsTest" time="0"/>
  <testcase name="testIsNotEmptyWithNonEmptyMap[pt_PT]" classname="org.apache.commons.collections4.MapUtilsTest" time="0"/>
  <testcase name="testgetByteValue[pt_PT]" classname="org.apache.commons.collections4.MapUtilsTest" time="0"/>
  <testcase name="testSize0[pt_PT]" classname="org.apache.commons.collections4.MapUtilsTest" time="0"/>
  <testcase name="testSize[pt_PT]" classname="org.apache.commons.collections4.MapUtilsTest" time="0"/>
  <testcase name="testIsNotEmptyWithEmptyMap[pt_PT]" classname="org.apache.commons.collections4.MapUtilsTest" time="0"/>
  <testcase name="testIsNotEmptyWithNull[pt_PT]" classname="org.apache.commons.collections4.MapUtilsTest" time="0"/>
  <testcase name="testIterableSortedMap[pt_PT]" classname="org.apache.commons.collections4.MapUtilsTest" time="0"/>
  <testcase name="testgetNumber[pt_PT]" classname="org.apache.commons.collections4.MapUtilsTest" time="0"/>
  <testcase name="testgetObject[pt_PT]" classname="org.apache.commons.collections4.MapUtilsTest" time="0"/>
  <testcase name="testgetString[pt_PT]" classname="org.apache.commons.collections4.MapUtilsTest" time="0"/>
  <testcase name="testPutAll_Map_array[pt_PT]" classname="org.apache.commons.collections4.MapUtilsTest" time="0"/>
  <testcase name="testVerbosePrintSelfReference[pt_PT]" classname="org.apache.commons.collections4.MapUtilsTest" time="0"/>
  <testcase name="testDebugPrintNullLabel[pt_PT]" classname="org.apache.commons.collections4.MapUtilsTest" time="0"/>
  <testcase name="testgetFloatValue[pt_PT]" classname="org.apache.commons.collections4.MapUtilsTest" time="0"/>
  <testcase name="testConvertResourceBundle[pt_PT]" classname="org.apache.commons.collections4.MapUtilsTest" time="0"/>
  <testcase name="testOrderedMap[pt_PT]" classname="org.apache.commons.collections4.MapUtilsTest" time="0"/>
  <testcase name="testDebugPrintNullLabelAndMap[pt_PT]" classname="org.apache.commons.collections4.MapUtilsTest" time="0"/>
  <testcase name="testEmptyIfNull[pt_PT]" classname="org.apache.commons.collections4.MapUtilsTest" time="0"/>
  <testcase name="testgetIntValue[pt_PT]" classname="org.apache.commons.collections4.MapUtilsTest" time="0"/>
  <testcase name="testDebugPrintSelfReference[pt_PT]" classname="org.apache.commons.collections4.MapUtilsTest" time="0"/>
  <testcase name="testIterableMap[pt_PT]" classname="org.apache.commons.collections4.MapUtilsTest" time="0"/>
  <testcase name="testDebugAndVerbosePrintNullMap[pt_PT]" classname="org.apache.commons.collections4.MapUtilsTest" time="0"/>
  <testcase name="testVerbosePrintNullLabel[pt_PT]" classname="org.apache.commons.collections4.MapUtilsTest" time="0"/>
  <testcase name="testDebugPrintNullKey[pt_PT]" classname="org.apache.commons.collections4.MapUtilsTest" time="0"/>
  <testcase name="testPredicatedMap[pt_PT]" classname="org.apache.commons.collections4.MapUtilsTest" time="0"/>
  <testcase name="testgetLongValue[pt_PT]" classname="org.apache.commons.collections4.MapUtilsTest" time="0"/>
  <testcase name="testVerbosePrintNullKeyToMap1[pt_PT]" classname="org.apache.commons.collections4.MapUtilsTest" time="0"/>
  <testcase name="testVerbosePrintNullKeyToMap2[pt_PT]" classname="org.apache.commons.collections4.MapUtilsTest" time="0"/>
  <testcase name="testPopulateMap[pt_PT]" classname="org.apache.commons.collections4.MapUtilsTest" time="0"/>
  <testcase name="testToPropertiesEmpty[pt_PT]" classname="org.apache.commons.collections4.MapUtilsTest" time="0"/>
  <testcase name="testPopulateMultiMap[pt_PT]" classname="org.apache.commons.collections4.MapUtilsTest" time="0"/>
  <testcase name="testDebugPrintNullStream[pt_PT]" classname="org.apache.commons.collections4.MapUtilsTest" time="0"/>
  <testcase name="testgetBooleanValue[pt_PT]" classname="org.apache.commons.collections4.MapUtilsTest" time="0"/>
  <testcase name="testIsEmptyWithEmptyMap[pt_PT]" classname="org.apache.commons.collections4.MapUtilsTest" time="0"/>
  <testcase name="testVerbosePrintNullKey[pt_PT]" classname="org.apache.commons.collections4.MapUtilsTest" time="0"/>
  <testcase name="testSizeNull[pt_PT]" classname="org.apache.commons.collections4.MapUtilsTest" time="0"/>
  <testcase name="testDebugPrintNullKeyToMap1[pt_PT]" classname="org.apache.commons.collections4.MapUtilsTest" time="0"/>
  <testcase name="testDebugPrintNullKeyToMap2[pt_PT]" classname="org.apache.commons.collections4.MapUtilsTest" time="0"/>
  <testcase name="testDebugPrint[pt_PT]" classname="org.apache.commons.collections4.MapUtilsTest" time="0"/>
  <testcase name="testgetDoubleValue[pt_PT]" classname="org.apache.commons.collections4.MapUtilsTest" time="0"/>
  <testcase name="testVerbosePrintNullStream[pt_PT]" classname="org.apache.commons.collections4.MapUtilsTest" time="0"/>
  <testcase name="testVerbosePrintNullLabelAndMap[ro]" classname="org.apache.commons.collections4.MapUtilsTest" time="0"/>
  <testcase name="testgetMap[ro]" classname="org.apache.commons.collections4.MapUtilsTest" time="0"/>
  <testcase name="testToProperties[ro]" classname="org.apache.commons.collections4.MapUtilsTest" time="0"/>
  <testcase name="testgetShortValue[ro]" classname="org.apache.commons.collections4.MapUtilsTest" time="0.001"/>
  <testcase name="testIsEmptyWithNull[ro]" classname="org.apache.commons.collections4.MapUtilsTest" time="0"/>
  <testcase name="testVerbosePrint[ro]" classname="org.apache.commons.collections4.MapUtilsTest" time="0"/>
  <testcase name="testLazyMapFactory[ro]" classname="org.apache.commons.collections4.MapUtilsTest" time="0"/>
  <testcase name="testLazyMapTransformer[ro]" classname="org.apache.commons.collections4.MapUtilsTest" time="0"/>
  <testcase name="testSafeAddToMap[ro]" classname="org.apache.commons.collections4.MapUtilsTest" time="0"/>
  <testcase name="testIsEmptyWithNonEmptyMap[ro]" classname="org.apache.commons.collections4.MapUtilsTest" time="0"/>
  <testcase name="testInvertMap[ro]" classname="org.apache.commons.collections4.MapUtilsTest" time="0"/>
  <testcase name="testDebugAndVerbosePrintCasting[ro]" classname="org.apache.commons.collections4.MapUtilsTest" time="0"/>
  <testcase name="testIsNotEmptyWithNonEmptyMap[ro]" classname="org.apache.commons.collections4.MapUtilsTest" time="0"/>
  <testcase name="testgetByteValue[ro]" classname="org.apache.commons.collections4.MapUtilsTest" time="0"/>
  <testcase name="testSize0[ro]" classname="org.apache.commons.collections4.MapUtilsTest" time="0"/>
  <testcase name="testSize[ro]" classname="org.apache.commons.collections4.MapUtilsTest" time="0"/>
  <testcase name="testIsNotEmptyWithEmptyMap[ro]" classname="org.apache.commons.collections4.MapUtilsTest" time="0"/>
  <testcase name="testIsNotEmptyWithNull[ro]" classname="org.apache.commons.collections4.MapUtilsTest" time="0"/>
  <testcase name="testIterableSortedMap[ro]" classname="org.apache.commons.collections4.MapUtilsTest" time="0"/>
  <testcase name="testgetNumber[ro]" classname="org.apache.commons.collections4.MapUtilsTest" time="0"/>
  <testcase name="testgetObject[ro]" classname="org.apache.commons.collections4.MapUtilsTest" time="0"/>
  <testcase name="testgetString[ro]" classname="org.apache.commons.collections4.MapUtilsTest" time="0"/>
  <testcase name="testPutAll_Map_array[ro]" classname="org.apache.commons.collections4.MapUtilsTest" time="0"/>
  <testcase name="testVerbosePrintSelfReference[ro]" classname="org.apache.commons.collections4.MapUtilsTest" time="0"/>
  <testcase name="testDebugPrintNullLabel[ro]" classname="org.apache.commons.collections4.MapUtilsTest" time="0"/>
  <testcase name="testgetFloatValue[ro]" classname="org.apache.commons.collections4.MapUtilsTest" time="0"/>
  <testcase name="testConvertResourceBundle[ro]" classname="org.apache.commons.collections4.MapUtilsTest" time="0"/>
  <testcase name="testOrderedMap[ro]" classname="org.apache.commons.collections4.MapUtilsTest" time="0"/>
  <testcase name="testDebugPrintNullLabelAndMap[ro]" classname="org.apache.commons.collections4.MapUtilsTest" time="0"/>
  <testcase name="testEmptyIfNull[ro]" classname="org.apache.commons.collections4.MapUtilsTest" time="0"/>
  <testcase name="testgetIntValue[ro]" classname="org.apache.commons.collections4.MapUtilsTest" time="0"/>
  <testcase name="testDebugPrintSelfReference[ro]" classname="org.apache.commons.collections4.MapUtilsTest" time="0"/>
  <testcase name="testIterableMap[ro]" classname="org.apache.commons.collections4.MapUtilsTest" time="0"/>
  <testcase name="testDebugAndVerbosePrintNullMap[ro]" classname="org.apache.commons.collections4.MapUtilsTest" time="0"/>
  <testcase name="testVerbosePrintNullLabel[ro]" classname="org.apache.commons.collections4.MapUtilsTest" time="0"/>
  <testcase name="testDebugPrintNullKey[ro]" classname="org.apache.commons.collections4.MapUtilsTest" time="0"/>
  <testcase name="testPredicatedMap[ro]" classname="org.apache.commons.collections4.MapUtilsTest" time="0"/>
  <testcase name="testgetLongValue[ro]" classname="org.apache.commons.collections4.MapUtilsTest" time="0"/>
  <testcase name="testVerbosePrintNullKeyToMap1[ro]" classname="org.apache.commons.collections4.MapUtilsTest" time="0"/>
  <testcase name="testVerbosePrintNullKeyToMap2[ro]" classname="org.apache.commons.collections4.MapUtilsTest" time="0"/>
  <testcase name="testPopulateMap[ro]" classname="org.apache.commons.collections4.MapUtilsTest" time="0"/>
  <testcase name="testToPropertiesEmpty[ro]" classname="org.apache.commons.collections4.MapUtilsTest" time="0"/>
  <testcase name="testPopulateMultiMap[ro]" classname="org.apache.commons.collections4.MapUtilsTest" time="0"/>
  <testcase name="testDebugPrintNullStream[ro]" classname="org.apache.commons.collections4.MapUtilsTest" time="0"/>
  <testcase name="testgetBooleanValue[ro]" classname="org.apache.commons.collections4.MapUtilsTest" time="0"/>
  <testcase name="testIsEmptyWithEmptyMap[ro]" classname="org.apache.commons.collections4.MapUtilsTest" time="0"/>
  <testcase name="testVerbosePrintNullKey[ro]" classname="org.apache.commons.collections4.MapUtilsTest" time="0"/>
  <testcase name="testSizeNull[ro]" classname="org.apache.commons.collections4.MapUtilsTest" time="0"/>
  <testcase name="testDebugPrintNullKeyToMap1[ro]" classname="org.apache.commons.collections4.MapUtilsTest" time="0"/>
  <testcase name="testDebugPrintNullKeyToMap2[ro]" classname="org.apache.commons.collections4.MapUtilsTest" time="0"/>
  <testcase name="testDebugPrint[ro]" classname="org.apache.commons.collections4.MapUtilsTest" time="0"/>
  <testcase name="testgetDoubleValue[ro]" classname="org.apache.commons.collections4.MapUtilsTest" time="0"/>
  <testcase name="testVerbosePrintNullStream[ro]" classname="org.apache.commons.collections4.MapUtilsTest" time="0.001"/>
  <testcase name="testVerbosePrintNullLabelAndMap[ro_RO]" classname="org.apache.commons.collections4.MapUtilsTest" time="0"/>
  <testcase name="testgetMap[ro_RO]" classname="org.apache.commons.collections4.MapUtilsTest" time="0"/>
  <testcase name="testToProperties[ro_RO]" classname="org.apache.commons.collections4.MapUtilsTest" time="0"/>
  <testcase name="testgetShortValue[ro_RO]" classname="org.apache.commons.collections4.MapUtilsTest" time="0"/>
  <testcase name="testIsEmptyWithNull[ro_RO]" classname="org.apache.commons.collections4.MapUtilsTest" time="0"/>
  <testcase name="testVerbosePrint[ro_RO]" classname="org.apache.commons.collections4.MapUtilsTest" time="0"/>
  <testcase name="testLazyMapFactory[ro_RO]" classname="org.apache.commons.collections4.MapUtilsTest" time="0"/>
  <testcase name="testLazyMapTransformer[ro_RO]" classname="org.apache.commons.collections4.MapUtilsTest" time="0"/>
  <testcase name="testSafeAddToMap[ro_RO]" classname="org.apache.commons.collections4.MapUtilsTest" time="0"/>
  <testcase name="testIsEmptyWithNonEmptyMap[ro_RO]" classname="org.apache.commons.collections4.MapUtilsTest" time="0"/>
  <testcase name="testInvertMap[ro_RO]" classname="org.apache.commons.collections4.MapUtilsTest" time="0"/>
  <testcase name="testDebugAndVerbosePrintCasting[ro_RO]" classname="org.apache.commons.collections4.MapUtilsTest" time="0"/>
  <testcase name="testIsNotEmptyWithNonEmptyMap[ro_RO]" classname="org.apache.commons.collections4.MapUtilsTest" time="0"/>
  <testcase name="testgetByteValue[ro_RO]" classname="org.apache.commons.collections4.MapUtilsTest" time="0"/>
  <testcase name="testSize0[ro_RO]" classname="org.apache.commons.collections4.MapUtilsTest" time="0"/>
  <testcase name="testSize[ro_RO]" classname="org.apache.commons.collections4.MapUtilsTest" time="0"/>
  <testcase name="testIsNotEmptyWithEmptyMap[ro_RO]" classname="org.apache.commons.collections4.MapUtilsTest" time="0"/>
  <testcase name="testIsNotEmptyWithNull[ro_RO]" classname="org.apache.commons.collections4.MapUtilsTest" time="0"/>
  <testcase name="testIterableSortedMap[ro_RO]" classname="org.apache.commons.collections4.MapUtilsTest" time="0"/>
  <testcase name="testgetNumber[ro_RO]" classname="org.apache.commons.collections4.MapUtilsTest" time="0"/>
  <testcase name="testgetObject[ro_RO]" classname="org.apache.commons.collections4.MapUtilsTest" time="0"/>
  <testcase name="testgetString[ro_RO]" classname="org.apache.commons.collections4.MapUtilsTest" time="0"/>
  <testcase name="testPutAll_Map_array[ro_RO]" classname="org.apache.commons.collections4.MapUtilsTest" time="0"/>
  <testcase name="testVerbosePrintSelfReference[ro_RO]" classname="org.apache.commons.collections4.MapUtilsTest" time="0"/>
  <testcase name="testDebugPrintNullLabel[ro_RO]" classname="org.apache.commons.collections4.MapUtilsTest" time="0"/>
  <testcase name="testgetFloatValue[ro_RO]" classname="org.apache.commons.collections4.MapUtilsTest" time="0"/>
  <testcase name="testConvertResourceBundle[ro_RO]" classname="org.apache.commons.collections4.MapUtilsTest" time="0"/>
  <testcase name="testOrderedMap[ro_RO]" classname="org.apache.commons.collections4.MapUtilsTest" time="0"/>
  <testcase name="testDebugPrintNullLabelAndMap[ro_RO]" classname="org.apache.commons.collections4.MapUtilsTest" time="0"/>
  <testcase name="testEmptyIfNull[ro_RO]" classname="org.apache.commons.collections4.MapUtilsTest" time="0"/>
  <testcase name="testgetIntValue[ro_RO]" classname="org.apache.commons.collections4.MapUtilsTest" time="0"/>
  <testcase name="testDebugPrintSelfReference[ro_RO]" classname="org.apache.commons.collections4.MapUtilsTest" time="0"/>
  <testcase name="testIterableMap[ro_RO]" classname="org.apache.commons.collections4.MapUtilsTest" time="0"/>
  <testcase name="testDebugAndVerbosePrintNullMap[ro_RO]" classname="org.apache.commons.collections4.MapUtilsTest" time="0"/>
  <testcase name="testVerbosePrintNullLabel[ro_RO]" classname="org.apache.commons.collections4.MapUtilsTest" time="0"/>
  <testcase name="testDebugPrintNullKey[ro_RO]" classname="org.apache.commons.collections4.MapUtilsTest" time="0"/>
  <testcase name="testPredicatedMap[ro_RO]" classname="org.apache.commons.collections4.MapUtilsTest" time="0"/>
  <testcase name="testgetLongValue[ro_RO]" classname="org.apache.commons.collections4.MapUtilsTest" time="0"/>
  <testcase name="testVerbosePrintNullKeyToMap1[ro_RO]" classname="org.apache.commons.collections4.MapUtilsTest" time="0"/>
  <testcase name="testVerbosePrintNullKeyToMap2[ro_RO]" classname="org.apache.commons.collections4.MapUtilsTest" time="0"/>
  <testcase name="testPopulateMap[ro_RO]" classname="org.apache.commons.collections4.MapUtilsTest" time="0"/>
  <testcase name="testToPropertiesEmpty[ro_RO]" classname="org.apache.commons.collections4.MapUtilsTest" time="0"/>
  <testcase name="testPopulateMultiMap[ro_RO]" classname="org.apache.commons.collections4.MapUtilsTest" time="0"/>
  <testcase name="testDebugPrintNullStream[ro_RO]" classname="org.apache.commons.collections4.MapUtilsTest" time="0"/>
  <testcase name="testgetBooleanValue[ro_RO]" classname="org.apache.commons.collections4.MapUtilsTest" time="0"/>
  <testcase name="testIsEmptyWithEmptyMap[ro_RO]" classname="org.apache.commons.collections4.MapUtilsTest" time="0"/>
  <testcase name="testVerbosePrintNullKey[ro_RO]" classname="org.apache.commons.collections4.MapUtilsTest" time="0"/>
  <testcase name="testSizeNull[ro_RO]" classname="org.apache.commons.collections4.MapUtilsTest" time="0"/>
  <testcase name="testDebugPrintNullKeyToMap1[ro_RO]" classname="org.apache.commons.collections4.MapUtilsTest" time="0"/>
  <testcase name="testDebugPrintNullKeyToMap2[ro_RO]" classname="org.apache.commons.collections4.MapUtilsTest" time="0"/>
  <testcase name="testDebugPrint[ro_RO]" classname="org.apache.commons.collections4.MapUtilsTest" time="0"/>
  <testcase name="testgetDoubleValue[ro_RO]" classname="org.apache.commons.collections4.MapUtilsTest" time="0"/>
  <testcase name="testVerbosePrintNullStream[ro_RO]" classname="org.apache.commons.collections4.MapUtilsTest" time="0"/>
  <testcase name="testVerbosePrintNullLabelAndMap[ru]" classname="org.apache.commons.collections4.MapUtilsTest" time="0"/>
  <testcase name="testgetMap[ru]" classname="org.apache.commons.collections4.MapUtilsTest" time="0"/>
  <testcase name="testToProperties[ru]" classname="org.apache.commons.collections4.MapUtilsTest" time="0"/>
  <testcase name="testgetShortValue[ru]" classname="org.apache.commons.collections4.MapUtilsTest" time="0.001"/>
  <testcase name="testIsEmptyWithNull[ru]" classname="org.apache.commons.collections4.MapUtilsTest" time="0"/>
  <testcase name="testVerbosePrint[ru]" classname="org.apache.commons.collections4.MapUtilsTest" time="0"/>
  <testcase name="testLazyMapFactory[ru]" classname="org.apache.commons.collections4.MapUtilsTest" time="0"/>
  <testcase name="testLazyMapTransformer[ru]" classname="org.apache.commons.collections4.MapUtilsTest" time="0"/>
  <testcase name="testSafeAddToMap[ru]" classname="org.apache.commons.collections4.MapUtilsTest" time="0"/>
  <testcase name="testIsEmptyWithNonEmptyMap[ru]" classname="org.apache.commons.collections4.MapUtilsTest" time="0"/>
  <testcase name="testInvertMap[ru]" classname="org.apache.commons.collections4.MapUtilsTest" time="0"/>
  <testcase name="testDebugAndVerbosePrintCasting[ru]" classname="org.apache.commons.collections4.MapUtilsTest" time="0"/>
  <testcase name="testIsNotEmptyWithNonEmptyMap[ru]" classname="org.apache.commons.collections4.MapUtilsTest" time="0"/>
  <testcase name="testgetByteValue[ru]" classname="org.apache.commons.collections4.MapUtilsTest" time="0"/>
  <testcase name="testSize0[ru]" classname="org.apache.commons.collections4.MapUtilsTest" time="0"/>
  <testcase name="testSize[ru]" classname="org.apache.commons.collections4.MapUtilsTest" time="0"/>
  <testcase name="testIsNotEmptyWithEmptyMap[ru]" classname="org.apache.commons.collections4.MapUtilsTest" time="0"/>
  <testcase name="testIsNotEmptyWithNull[ru]" classname="org.apache.commons.collections4.MapUtilsTest" time="0"/>
  <testcase name="testIterableSortedMap[ru]" classname="org.apache.commons.collections4.MapUtilsTest" time="0"/>
  <testcase name="testgetNumber[ru]" classname="org.apache.commons.collections4.MapUtilsTest" time="0"/>
  <testcase name="testgetObject[ru]" classname="org.apache.commons.collections4.MapUtilsTest" time="0"/>
  <testcase name="testgetString[ru]" classname="org.apache.commons.collections4.MapUtilsTest" time="0"/>
  <testcase name="testPutAll_Map_array[ru]" classname="org.apache.commons.collections4.MapUtilsTest" time="0"/>
  <testcase name="testVerbosePrintSelfReference[ru]" classname="org.apache.commons.collections4.MapUtilsTest" time="0"/>
  <testcase name="testDebugPrintNullLabel[ru]" classname="org.apache.commons.collections4.MapUtilsTest" time="0"/>
  <testcase name="testgetFloatValue[ru]" classname="org.apache.commons.collections4.MapUtilsTest" time="0"/>
  <testcase name="testConvertResourceBundle[ru]" classname="org.apache.commons.collections4.MapUtilsTest" time="0"/>
  <testcase name="testOrderedMap[ru]" classname="org.apache.commons.collections4.MapUtilsTest" time="0"/>
  <testcase name="testDebugPrintNullLabelAndMap[ru]" classname="org.apache.commons.collections4.MapUtilsTest" time="0"/>
  <testcase name="testEmptyIfNull[ru]" classname="org.apache.commons.collections4.MapUtilsTest" time="0"/>
  <testcase name="testgetIntValue[ru]" classname="org.apache.commons.collections4.MapUtilsTest" time="0"/>
  <testcase name="testDebugPrintSelfReference[ru]" classname="org.apache.commons.collections4.MapUtilsTest" time="0"/>
  <testcase name="testIterableMap[ru]" classname="org.apache.commons.collections4.MapUtilsTest" time="0"/>
  <testcase name="testDebugAndVerbosePrintNullMap[ru]" classname="org.apache.commons.collections4.MapUtilsTest" time="0"/>
  <testcase name="testVerbosePrintNullLabel[ru]" classname="org.apache.commons.collections4.MapUtilsTest" time="0"/>
  <testcase name="testDebugPrintNullKey[ru]" classname="org.apache.commons.collections4.MapUtilsTest" time="0"/>
  <testcase name="testPredicatedMap[ru]" classname="org.apache.commons.collections4.MapUtilsTest" time="0.001"/>
  <testcase name="testgetLongValue[ru]" classname="org.apache.commons.collections4.MapUtilsTest" time="0"/>
  <testcase name="testVerbosePrintNullKeyToMap1[ru]" classname="org.apache.commons.collections4.MapUtilsTest" time="0"/>
  <testcase name="testVerbosePrintNullKeyToMap2[ru]" classname="org.apache.commons.collections4.MapUtilsTest" time="0"/>
  <testcase name="testPopulateMap[ru]" classname="org.apache.commons.collections4.MapUtilsTest" time="0"/>
  <testcase name="testToPropertiesEmpty[ru]" classname="org.apache.commons.collections4.MapUtilsTest" time="0"/>
  <testcase name="testPopulateMultiMap[ru]" classname="org.apache.commons.collections4.MapUtilsTest" time="0"/>
  <testcase name="testDebugPrintNullStream[ru]" classname="org.apache.commons.collections4.MapUtilsTest" time="0"/>
  <testcase name="testgetBooleanValue[ru]" classname="org.apache.commons.collections4.MapUtilsTest" time="0"/>
  <testcase name="testIsEmptyWithEmptyMap[ru]" classname="org.apache.commons.collections4.MapUtilsTest" time="0"/>
  <testcase name="testVerbosePrintNullKey[ru]" classname="org.apache.commons.collections4.MapUtilsTest" time="0"/>
  <testcase name="testSizeNull[ru]" classname="org.apache.commons.collections4.MapUtilsTest" time="0"/>
  <testcase name="testDebugPrintNullKeyToMap1[ru]" classname="org.apache.commons.collections4.MapUtilsTest" time="0"/>
  <testcase name="testDebugPrintNullKeyToMap2[ru]" classname="org.apache.commons.collections4.MapUtilsTest" time="0"/>
  <testcase name="testDebugPrint[ru]" classname="org.apache.commons.collections4.MapUtilsTest" time="0"/>
  <testcase name="testgetDoubleValue[ru]" classname="org.apache.commons.collections4.MapUtilsTest" time="0"/>
  <testcase name="testVerbosePrintNullStream[ru]" classname="org.apache.commons.collections4.MapUtilsTest" time="0"/>
  <testcase name="testVerbosePrintNullLabelAndMap[ru_RU]" classname="org.apache.commons.collections4.MapUtilsTest" time="0"/>
  <testcase name="testgetMap[ru_RU]" classname="org.apache.commons.collections4.MapUtilsTest" time="0"/>
  <testcase name="testToProperties[ru_RU]" classname="org.apache.commons.collections4.MapUtilsTest" time="0"/>
  <testcase name="testgetShortValue[ru_RU]" classname="org.apache.commons.collections4.MapUtilsTest" time="0.001"/>
  <testcase name="testIsEmptyWithNull[ru_RU]" classname="org.apache.commons.collections4.MapUtilsTest" time="0"/>
  <testcase name="testVerbosePrint[ru_RU]" classname="org.apache.commons.collections4.MapUtilsTest" time="0"/>
  <testcase name="testLazyMapFactory[ru_RU]" classname="org.apache.commons.collections4.MapUtilsTest" time="0"/>
  <testcase name="testLazyMapTransformer[ru_RU]" classname="org.apache.commons.collections4.MapUtilsTest" time="0"/>
  <testcase name="testSafeAddToMap[ru_RU]" classname="org.apache.commons.collections4.MapUtilsTest" time="0"/>
  <testcase name="testIsEmptyWithNonEmptyMap[ru_RU]" classname="org.apache.commons.collections4.MapUtilsTest" time="0"/>
  <testcase name="testInvertMap[ru_RU]" classname="org.apache.commons.collections4.MapUtilsTest" time="0"/>
  <testcase name="testDebugAndVerbosePrintCasting[ru_RU]" classname="org.apache.commons.collections4.MapUtilsTest" time="0"/>
  <testcase name="testIsNotEmptyWithNonEmptyMap[ru_RU]" classname="org.apache.commons.collections4.MapUtilsTest" time="0"/>
  <testcase name="testgetByteValue[ru_RU]" classname="org.apache.commons.collections4.MapUtilsTest" time="0"/>
  <testcase name="testSize0[ru_RU]" classname="org.apache.commons.collections4.MapUtilsTest" time="0"/>
  <testcase name="testSize[ru_RU]" classname="org.apache.commons.collections4.MapUtilsTest" time="0"/>
  <testcase name="testIsNotEmptyWithEmptyMap[ru_RU]" classname="org.apache.commons.collections4.MapUtilsTest" time="0"/>
  <testcase name="testIsNotEmptyWithNull[ru_RU]" classname="org.apache.commons.collections4.MapUtilsTest" time="0"/>
  <testcase name="testIterableSortedMap[ru_RU]" classname="org.apache.commons.collections4.MapUtilsTest" time="0"/>
  <testcase name="testgetNumber[ru_RU]" classname="org.apache.commons.collections4.MapUtilsTest" time="0"/>
  <testcase name="testgetObject[ru_RU]" classname="org.apache.commons.collections4.MapUtilsTest" time="0"/>
  <testcase name="testgetString[ru_RU]" classname="org.apache.commons.collections4.MapUtilsTest" time="0"/>
  <testcase name="testPutAll_Map_array[ru_RU]" classname="org.apache.commons.collections4.MapUtilsTest" time="0"/>
  <testcase name="testVerbosePrintSelfReference[ru_RU]" classname="org.apache.commons.collections4.MapUtilsTest" time="0"/>
  <testcase name="testDebugPrintNullLabel[ru_RU]" classname="org.apache.commons.collections4.MapUtilsTest" time="0"/>
  <testcase name="testgetFloatValue[ru_RU]" classname="org.apache.commons.collections4.MapUtilsTest" time="0"/>
  <testcase name="testConvertResourceBundle[ru_RU]" classname="org.apache.commons.collections4.MapUtilsTest" time="0"/>
  <testcase name="testOrderedMap[ru_RU]" classname="org.apache.commons.collections4.MapUtilsTest" time="0"/>
  <testcase name="testDebugPrintNullLabelAndMap[ru_RU]" classname="org.apache.commons.collections4.MapUtilsTest" time="0"/>
  <testcase name="testEmptyIfNull[ru_RU]" classname="org.apache.commons.collections4.MapUtilsTest" time="0"/>
  <testcase name="testgetIntValue[ru_RU]" classname="org.apache.commons.collections4.MapUtilsTest" time="0"/>
  <testcase name="testDebugPrintSelfReference[ru_RU]" classname="org.apache.commons.collections4.MapUtilsTest" time="0"/>
  <testcase name="testIterableMap[ru_RU]" classname="org.apache.commons.collections4.MapUtilsTest" time="0"/>
  <testcase name="testDebugAndVerbosePrintNullMap[ru_RU]" classname="org.apache.commons.collections4.MapUtilsTest" time="0"/>
  <testcase name="testVerbosePrintNullLabel[ru_RU]" classname="org.apache.commons.collections4.MapUtilsTest" time="0"/>
  <testcase name="testDebugPrintNullKey[ru_RU]" classname="org.apache.commons.collections4.MapUtilsTest" time="0"/>
  <testcase name="testPredicatedMap[ru_RU]" classname="org.apache.commons.collections4.MapUtilsTest" time="0"/>
  <testcase name="testgetLongValue[ru_RU]" classname="org.apache.commons.collections4.MapUtilsTest" time="0"/>
  <testcase name="testVerbosePrintNullKeyToMap1[ru_RU]" classname="org.apache.commons.collections4.MapUtilsTest" time="0"/>
  <testcase name="testVerbosePrintNullKeyToMap2[ru_RU]" classname="org.apache.commons.collections4.MapUtilsTest" time="0"/>
  <testcase name="testPopulateMap[ru_RU]" classname="org.apache.commons.collections4.MapUtilsTest" time="0"/>
  <testcase name="testToPropertiesEmpty[ru_RU]" classname="org.apache.commons.collections4.MapUtilsTest" time="0"/>
  <testcase name="testPopulateMultiMap[ru_RU]" classname="org.apache.commons.collections4.MapUtilsTest" time="0"/>
  <testcase name="testDebugPrintNullStream[ru_RU]" classname="org.apache.commons.collections4.MapUtilsTest" time="0"/>
  <testcase name="testgetBooleanValue[ru_RU]" classname="org.apache.commons.collections4.MapUtilsTest" time="0"/>
  <testcase name="testIsEmptyWithEmptyMap[ru_RU]" classname="org.apache.commons.collections4.MapUtilsTest" time="0"/>
  <testcase name="testVerbosePrintNullKey[ru_RU]" classname="org.apache.commons.collections4.MapUtilsTest" time="0"/>
  <testcase name="testSizeNull[ru_RU]" classname="org.apache.commons.collections4.MapUtilsTest" time="0"/>
  <testcase name="testDebugPrintNullKeyToMap1[ru_RU]" classname="org.apache.commons.collections4.MapUtilsTest" time="0"/>
  <testcase name="testDebugPrintNullKeyToMap2[ru_RU]" classname="org.apache.commons.collections4.MapUtilsTest" time="0"/>
  <testcase name="testDebugPrint[ru_RU]" classname="org.apache.commons.collections4.MapUtilsTest" time="0.001"/>
  <testcase name="testgetDoubleValue[ru_RU]" classname="org.apache.commons.collections4.MapUtilsTest" time="0"/>
  <testcase name="testVerbosePrintNullStream[ru_RU]" classname="org.apache.commons.collections4.MapUtilsTest" time="0"/>
  <testcase name="testVerbosePrintNullLabelAndMap[sk]" classname="org.apache.commons.collections4.MapUtilsTest" time="0"/>
  <testcase name="testgetMap[sk]" classname="org.apache.commons.collections4.MapUtilsTest" time="0"/>
  <testcase name="testToProperties[sk]" classname="org.apache.commons.collections4.MapUtilsTest" time="0"/>
  <testcase name="testgetShortValue[sk]" classname="org.apache.commons.collections4.MapUtilsTest" time="0"/>
  <testcase name="testIsEmptyWithNull[sk]" classname="org.apache.commons.collections4.MapUtilsTest" time="0"/>
  <testcase name="testVerbosePrint[sk]" classname="org.apache.commons.collections4.MapUtilsTest" time="0"/>
  <testcase name="testLazyMapFactory[sk]" classname="org.apache.commons.collections4.MapUtilsTest" time="0"/>
  <testcase name="testLazyMapTransformer[sk]" classname="org.apache.commons.collections4.MapUtilsTest" time="0"/>
  <testcase name="testSafeAddToMap[sk]" classname="org.apache.commons.collections4.MapUtilsTest" time="0"/>
  <testcase name="testIsEmptyWithNonEmptyMap[sk]" classname="org.apache.commons.collections4.MapUtilsTest" time="0"/>
  <testcase name="testInvertMap[sk]" classname="org.apache.commons.collections4.MapUtilsTest" time="0"/>
  <testcase name="testDebugAndVerbosePrintCasting[sk]" classname="org.apache.commons.collections4.MapUtilsTest" time="0"/>
  <testcase name="testIsNotEmptyWithNonEmptyMap[sk]" classname="org.apache.commons.collections4.MapUtilsTest" time="0"/>
  <testcase name="testgetByteValue[sk]" classname="org.apache.commons.collections4.MapUtilsTest" time="0"/>
  <testcase name="testSize0[sk]" classname="org.apache.commons.collections4.MapUtilsTest" time="0"/>
  <testcase name="testSize[sk]" classname="org.apache.commons.collections4.MapUtilsTest" time="0"/>
  <testcase name="testIsNotEmptyWithEmptyMap[sk]" classname="org.apache.commons.collections4.MapUtilsTest" time="0"/>
  <testcase name="testIsNotEmptyWithNull[sk]" classname="org.apache.commons.collections4.MapUtilsTest" time="0"/>
  <testcase name="testIterableSortedMap[sk]" classname="org.apache.commons.collections4.MapUtilsTest" time="0"/>
  <testcase name="testgetNumber[sk]" classname="org.apache.commons.collections4.MapUtilsTest" time="0"/>
  <testcase name="testgetObject[sk]" classname="org.apache.commons.collections4.MapUtilsTest" time="0"/>
  <testcase name="testgetString[sk]" classname="org.apache.commons.collections4.MapUtilsTest" time="0"/>
  <testcase name="testPutAll_Map_array[sk]" classname="org.apache.commons.collections4.MapUtilsTest" time="0"/>
  <testcase name="testVerbosePrintSelfReference[sk]" classname="org.apache.commons.collections4.MapUtilsTest" time="0"/>
  <testcase name="testDebugPrintNullLabel[sk]" classname="org.apache.commons.collections4.MapUtilsTest" time="0"/>
  <testcase name="testgetFloatValue[sk]" classname="org.apache.commons.collections4.MapUtilsTest" time="0.001"/>
  <testcase name="testConvertResourceBundle[sk]" classname="org.apache.commons.collections4.MapUtilsTest" time="0"/>
  <testcase name="testOrderedMap[sk]" classname="org.apache.commons.collections4.MapUtilsTest" time="0"/>
  <testcase name="testDebugPrintNullLabelAndMap[sk]" classname="org.apache.commons.collections4.MapUtilsTest" time="0"/>
  <testcase name="testEmptyIfNull[sk]" classname="org.apache.commons.collections4.MapUtilsTest" time="0"/>
  <testcase name="testgetIntValue[sk]" classname="org.apache.commons.collections4.MapUtilsTest" time="0"/>
  <testcase name="testDebugPrintSelfReference[sk]" classname="org.apache.commons.collections4.MapUtilsTest" time="0"/>
  <testcase name="testIterableMap[sk]" classname="org.apache.commons.collections4.MapUtilsTest" time="0"/>
  <testcase name="testDebugAndVerbosePrintNullMap[sk]" classname="org.apache.commons.collections4.MapUtilsTest" time="0"/>
  <testcase name="testVerbosePrintNullLabel[sk]" classname="org.apache.commons.collections4.MapUtilsTest" time="0"/>
  <testcase name="testDebugPrintNullKey[sk]" classname="org.apache.commons.collections4.MapUtilsTest" time="0"/>
  <testcase name="testPredicatedMap[sk]" classname="org.apache.commons.collections4.MapUtilsTest" time="0"/>
  <testcase name="testgetLongValue[sk]" classname="org.apache.commons.collections4.MapUtilsTest" time="0"/>
  <testcase name="testVerbosePrintNullKeyToMap1[sk]" classname="org.apache.commons.collections4.MapUtilsTest" time="0"/>
  <testcase name="testVerbosePrintNullKeyToMap2[sk]" classname="org.apache.commons.collections4.MapUtilsTest" time="0"/>
  <testcase name="testPopulateMap[sk]" classname="org.apache.commons.collections4.MapUtilsTest" time="0"/>
  <testcase name="testToPropertiesEmpty[sk]" classname="org.apache.commons.collections4.MapUtilsTest" time="0"/>
  <testcase name="testPopulateMultiMap[sk]" classname="org.apache.commons.collections4.MapUtilsTest" time="0"/>
  <testcase name="testDebugPrintNullStream[sk]" classname="org.apache.commons.collections4.MapUtilsTest" time="0"/>
  <testcase name="testgetBooleanValue[sk]" classname="org.apache.commons.collections4.MapUtilsTest" time="0"/>
  <testcase name="testIsEmptyWithEmptyMap[sk]" classname="org.apache.commons.collections4.MapUtilsTest" time="0"/>
  <testcase name="testVerbosePrintNullKey[sk]" classname="org.apache.commons.collections4.MapUtilsTest" time="0"/>
  <testcase name="testSizeNull[sk]" classname="org.apache.commons.collections4.MapUtilsTest" time="0"/>
  <testcase name="testDebugPrintNullKeyToMap1[sk]" classname="org.apache.commons.collections4.MapUtilsTest" time="0"/>
  <testcase name="testDebugPrintNullKeyToMap2[sk]" classname="org.apache.commons.collections4.MapUtilsTest" time="0"/>
  <testcase name="testDebugPrint[sk]" classname="org.apache.commons.collections4.MapUtilsTest" time="0"/>
  <testcase name="testgetDoubleValue[sk]" classname="org.apache.commons.collections4.MapUtilsTest" time="0"/>
  <testcase name="testVerbosePrintNullStream[sk]" classname="org.apache.commons.collections4.MapUtilsTest" time="0"/>
  <testcase name="testVerbosePrintNullLabelAndMap[sk_SK]" classname="org.apache.commons.collections4.MapUtilsTest" time="0"/>
  <testcase name="testgetMap[sk_SK]" classname="org.apache.commons.collections4.MapUtilsTest" time="0"/>
  <testcase name="testToProperties[sk_SK]" classname="org.apache.commons.collections4.MapUtilsTest" time="0"/>
  <testcase name="testgetShortValue[sk_SK]" classname="org.apache.commons.collections4.MapUtilsTest" time="0.001"/>
  <testcase name="testIsEmptyWithNull[sk_SK]" classname="org.apache.commons.collections4.MapUtilsTest" time="0"/>
  <testcase name="testVerbosePrint[sk_SK]" classname="org.apache.commons.collections4.MapUtilsTest" time="0"/>
  <testcase name="testLazyMapFactory[sk_SK]" classname="org.apache.commons.collections4.MapUtilsTest" time="0"/>
  <testcase name="testLazyMapTransformer[sk_SK]" classname="org.apache.commons.collections4.MapUtilsTest" time="0"/>
  <testcase name="testSafeAddToMap[sk_SK]" classname="org.apache.commons.collections4.MapUtilsTest" time="0"/>
  <testcase name="testIsEmptyWithNonEmptyMap[sk_SK]" classname="org.apache.commons.collections4.MapUtilsTest" time="0"/>
  <testcase name="testInvertMap[sk_SK]" classname="org.apache.commons.collections4.MapUtilsTest" time="0"/>
  <testcase name="testDebugAndVerbosePrintCasting[sk_SK]" classname="org.apache.commons.collections4.MapUtilsTest" time="0"/>
  <testcase name="testIsNotEmptyWithNonEmptyMap[sk_SK]" classname="org.apache.commons.collections4.MapUtilsTest" time="0"/>
  <testcase name="testgetByteValue[sk_SK]" classname="org.apache.commons.collections4.MapUtilsTest" time="0"/>
  <testcase name="testSize0[sk_SK]" classname="org.apache.commons.collections4.MapUtilsTest" time="0"/>
  <testcase name="testSize[sk_SK]" classname="org.apache.commons.collections4.MapUtilsTest" time="0"/>
  <testcase name="testIsNotEmptyWithEmptyMap[sk_SK]" classname="org.apache.commons.collections4.MapUtilsTest" time="0"/>
  <testcase name="testIsNotEmptyWithNull[sk_SK]" classname="org.apache.commons.collections4.MapUtilsTest" time="0"/>
  <testcase name="testIterableSortedMap[sk_SK]" classname="org.apache.commons.collections4.MapUtilsTest" time="0"/>
  <testcase name="testgetNumber[sk_SK]" classname="org.apache.commons.collections4.MapUtilsTest" time="0"/>
  <testcase name="testgetObject[sk_SK]" classname="org.apache.commons.collections4.MapUtilsTest" time="0"/>
  <testcase name="testgetString[sk_SK]" classname="org.apache.commons.collections4.MapUtilsTest" time="0"/>
  <testcase name="testPutAll_Map_array[sk_SK]" classname="org.apache.commons.collections4.MapUtilsTest" time="0"/>
  <testcase name="testVerbosePrintSelfReference[sk_SK]" classname="org.apache.commons.collections4.MapUtilsTest" time="0"/>
  <testcase name="testDebugPrintNullLabel[sk_SK]" classname="org.apache.commons.collections4.MapUtilsTest" time="0"/>
  <testcase name="testgetFloatValue[sk_SK]" classname="org.apache.commons.collections4.MapUtilsTest" time="0"/>
  <testcase name="testConvertResourceBundle[sk_SK]" classname="org.apache.commons.collections4.MapUtilsTest" time="0"/>
  <testcase name="testOrderedMap[sk_SK]" classname="org.apache.commons.collections4.MapUtilsTest" time="0"/>
  <testcase name="testDebugPrintNullLabelAndMap[sk_SK]" classname="org.apache.commons.collections4.MapUtilsTest" time="0"/>
  <testcase name="testEmptyIfNull[sk_SK]" classname="org.apache.commons.collections4.MapUtilsTest" time="0"/>
  <testcase name="testgetIntValue[sk_SK]" classname="org.apache.commons.collections4.MapUtilsTest" time="0"/>
  <testcase name="testDebugPrintSelfReference[sk_SK]" classname="org.apache.commons.collections4.MapUtilsTest" time="0"/>
  <testcase name="testIterableMap[sk_SK]" classname="org.apache.commons.collections4.MapUtilsTest" time="0"/>
  <testcase name="testDebugAndVerbosePrintNullMap[sk_SK]" classname="org.apache.commons.collections4.MapUtilsTest" time="0"/>
  <testcase name="testVerbosePrintNullLabel[sk_SK]" classname="org.apache.commons.collections4.MapUtilsTest" time="0"/>
  <testcase name="testDebugPrintNullKey[sk_SK]" classname="org.apache.commons.collections4.MapUtilsTest" time="0"/>
  <testcase name="testPredicatedMap[sk_SK]" classname="org.apache.commons.collections4.MapUtilsTest" time="0"/>
  <testcase name="testgetLongValue[sk_SK]" classname="org.apache.commons.collections4.MapUtilsTest" time="0"/>
  <testcase name="testVerbosePrintNullKeyToMap1[sk_SK]" classname="org.apache.commons.collections4.MapUtilsTest" time="0"/>
  <testcase name="testVerbosePrintNullKeyToMap2[sk_SK]" classname="org.apache.commons.collections4.MapUtilsTest" time="0"/>
  <testcase name="testPopulateMap[sk_SK]" classname="org.apache.commons.collections4.MapUtilsTest" time="0"/>
  <testcase name="testToPropertiesEmpty[sk_SK]" classname="org.apache.commons.collections4.MapUtilsTest" time="0"/>
  <testcase name="testPopulateMultiMap[sk_SK]" classname="org.apache.commons.collections4.MapUtilsTest" time="0"/>
  <testcase name="testDebugPrintNullStream[sk_SK]" classname="org.apache.commons.collections4.MapUtilsTest" time="0"/>
  <testcase name="testgetBooleanValue[sk_SK]" classname="org.apache.commons.collections4.MapUtilsTest" time="0"/>
  <testcase name="testIsEmptyWithEmptyMap[sk_SK]" classname="org.apache.commons.collections4.MapUtilsTest" time="0"/>
  <testcase name="testVerbosePrintNullKey[sk_SK]" classname="org.apache.commons.collections4.MapUtilsTest" time="0"/>
  <testcase name="testSizeNull[sk_SK]" classname="org.apache.commons.collections4.MapUtilsTest" time="0"/>
  <testcase name="testDebugPrintNullKeyToMap1[sk_SK]" classname="org.apache.commons.collections4.MapUtilsTest" time="0"/>
  <testcase name="testDebugPrintNullKeyToMap2[sk_SK]" classname="org.apache.commons.collections4.MapUtilsTest" time="0"/>
  <testcase name="testDebugPrint[sk_SK]" classname="org.apache.commons.collections4.MapUtilsTest" time="0"/>
  <testcase name="testgetDoubleValue[sk_SK]" classname="org.apache.commons.collections4.MapUtilsTest" time="0"/>
  <testcase name="testVerbosePrintNullStream[sk_SK]" classname="org.apache.commons.collections4.MapUtilsTest" time="0.001"/>
  <testcase name="testVerbosePrintNullLabelAndMap[sl]" classname="org.apache.commons.collections4.MapUtilsTest" time="0"/>
  <testcase name="testgetMap[sl]" classname="org.apache.commons.collections4.MapUtilsTest" time="0"/>
  <testcase name="testToProperties[sl]" classname="org.apache.commons.collections4.MapUtilsTest" time="0"/>
  <testcase name="testgetShortValue[sl]" classname="org.apache.commons.collections4.MapUtilsTest" time="0"/>
  <testcase name="testIsEmptyWithNull[sl]" classname="org.apache.commons.collections4.MapUtilsTest" time="0"/>
  <testcase name="testVerbosePrint[sl]" classname="org.apache.commons.collections4.MapUtilsTest" time="0"/>
  <testcase name="testLazyMapFactory[sl]" classname="org.apache.commons.collections4.MapUtilsTest" time="0"/>
  <testcase name="testLazyMapTransformer[sl]" classname="org.apache.commons.collections4.MapUtilsTest" time="0"/>
  <testcase name="testSafeAddToMap[sl]" classname="org.apache.commons.collections4.MapUtilsTest" time="0"/>
  <testcase name="testIsEmptyWithNonEmptyMap[sl]" classname="org.apache.commons.collections4.MapUtilsTest" time="0"/>
  <testcase name="testInvertMap[sl]" classname="org.apache.commons.collections4.MapUtilsTest" time="0"/>
  <testcase name="testDebugAndVerbosePrintCasting[sl]" classname="org.apache.commons.collections4.MapUtilsTest" time="0"/>
  <testcase name="testIsNotEmptyWithNonEmptyMap[sl]" classname="org.apache.commons.collections4.MapUtilsTest" time="0"/>
  <testcase name="testgetByteValue[sl]" classname="org.apache.commons.collections4.MapUtilsTest" time="0"/>
  <testcase name="testSize0[sl]" classname="org.apache.commons.collections4.MapUtilsTest" time="0"/>
  <testcase name="testSize[sl]" classname="org.apache.commons.collections4.MapUtilsTest" time="0"/>
  <testcase name="testIsNotEmptyWithEmptyMap[sl]" classname="org.apache.commons.collections4.MapUtilsTest" time="0"/>
  <testcase name="testIsNotEmptyWithNull[sl]" classname="org.apache.commons.collections4.MapUtilsTest" time="0"/>
  <testcase name="testIterableSortedMap[sl]" classname="org.apache.commons.collections4.MapUtilsTest" time="0"/>
  <testcase name="testgetNumber[sl]" classname="org.apache.commons.collections4.MapUtilsTest" time="0"/>
  <testcase name="testgetObject[sl]" classname="org.apache.commons.collections4.MapUtilsTest" time="0"/>
  <testcase name="testgetString[sl]" classname="org.apache.commons.collections4.MapUtilsTest" time="0"/>
  <testcase name="testPutAll_Map_array[sl]" classname="org.apache.commons.collections4.MapUtilsTest" time="0"/>
  <testcase name="testVerbosePrintSelfReference[sl]" classname="org.apache.commons.collections4.MapUtilsTest" time="0"/>
  <testcase name="testDebugPrintNullLabel[sl]" classname="org.apache.commons.collections4.MapUtilsTest" time="0"/>
  <testcase name="testgetFloatValue[sl]" classname="org.apache.commons.collections4.MapUtilsTest" time="0"/>
  <testcase name="testConvertResourceBundle[sl]" classname="org.apache.commons.collections4.MapUtilsTest" time="0"/>
  <testcase name="testOrderedMap[sl]" classname="org.apache.commons.collections4.MapUtilsTest" time="0"/>
  <testcase name="testDebugPrintNullLabelAndMap[sl]" classname="org.apache.commons.collections4.MapUtilsTest" time="0"/>
  <testcase name="testEmptyIfNull[sl]" classname="org.apache.commons.collections4.MapUtilsTest" time="0"/>
  <testcase name="testgetIntValue[sl]" classname="org.apache.commons.collections4.MapUtilsTest" time="0"/>
  <testcase name="testDebugPrintSelfReference[sl]" classname="org.apache.commons.collections4.MapUtilsTest" time="0.001"/>
  <testcase name="testIterableMap[sl]" classname="org.apache.commons.collections4.MapUtilsTest" time="0"/>
  <testcase name="testDebugAndVerbosePrintNullMap[sl]" classname="org.apache.commons.collections4.MapUtilsTest" time="0"/>
  <testcase name="testVerbosePrintNullLabel[sl]" classname="org.apache.commons.collections4.MapUtilsTest" time="0"/>
  <testcase name="testDebugPrintNullKey[sl]" classname="org.apache.commons.collections4.MapUtilsTest" time="0"/>
  <testcase name="testPredicatedMap[sl]" classname="org.apache.commons.collections4.MapUtilsTest" time="0"/>
  <testcase name="testgetLongValue[sl]" classname="org.apache.commons.collections4.MapUtilsTest" time="0"/>
  <testcase name="testVerbosePrintNullKeyToMap1[sl]" classname="org.apache.commons.collections4.MapUtilsTest" time="0"/>
  <testcase name="testVerbosePrintNullKeyToMap2[sl]" classname="org.apache.commons.collections4.MapUtilsTest" time="0"/>
  <testcase name="testPopulateMap[sl]" classname="org.apache.commons.collections4.MapUtilsTest" time="0"/>
  <testcase name="testToPropertiesEmpty[sl]" classname="org.apache.commons.collections4.MapUtilsTest" time="0"/>
  <testcase name="testPopulateMultiMap[sl]" classname="org.apache.commons.collections4.MapUtilsTest" time="0"/>
  <testcase name="testDebugPrintNullStream[sl]" classname="org.apache.commons.collections4.MapUtilsTest" time="0"/>
  <testcase name="testgetBooleanValue[sl]" classname="org.apache.commons.collections4.MapUtilsTest" time="0"/>
  <testcase name="testIsEmptyWithEmptyMap[sl]" classname="org.apache.commons.collections4.MapUtilsTest" time="0"/>
  <testcase name="testVerbosePrintNullKey[sl]" classname="org.apache.commons.collections4.MapUtilsTest" time="0"/>
  <testcase name="testSizeNull[sl]" classname="org.apache.commons.collections4.MapUtilsTest" time="0"/>
  <testcase name="testDebugPrintNullKeyToMap1[sl]" classname="org.apache.commons.collections4.MapUtilsTest" time="0"/>
  <testcase name="testDebugPrintNullKeyToMap2[sl]" classname="org.apache.commons.collections4.MapUtilsTest" time="0"/>
  <testcase name="testDebugPrint[sl]" classname="org.apache.commons.collections4.MapUtilsTest" time="0"/>
  <testcase name="testgetDoubleValue[sl]" classname="org.apache.commons.collections4.MapUtilsTest" time="0"/>
  <testcase name="testVerbosePrintNullStream[sl]" classname="org.apache.commons.collections4.MapUtilsTest" time="0"/>
  <testcase name="testVerbosePrintNullLabelAndMap[sl_SI]" classname="org.apache.commons.collections4.MapUtilsTest" time="0"/>
  <testcase name="testgetMap[sl_SI]" classname="org.apache.commons.collections4.MapUtilsTest" time="0"/>
  <testcase name="testToProperties[sl_SI]" classname="org.apache.commons.collections4.MapUtilsTest" time="0"/>
  <testcase name="testgetShortValue[sl_SI]" classname="org.apache.commons.collections4.MapUtilsTest" time="0"/>
  <testcase name="testIsEmptyWithNull[sl_SI]" classname="org.apache.commons.collections4.MapUtilsTest" time="0.001"/>
  <testcase name="testVerbosePrint[sl_SI]" classname="org.apache.commons.collections4.MapUtilsTest" time="0"/>
  <testcase name="testLazyMapFactory[sl_SI]" classname="org.apache.commons.collections4.MapUtilsTest" time="0"/>
  <testcase name="testLazyMapTransformer[sl_SI]" classname="org.apache.commons.collections4.MapUtilsTest" time="0"/>
  <testcase name="testSafeAddToMap[sl_SI]" classname="org.apache.commons.collections4.MapUtilsTest" time="0"/>
  <testcase name="testIsEmptyWithNonEmptyMap[sl_SI]" classname="org.apache.commons.collections4.MapUtilsTest" time="0"/>
  <testcase name="testInvertMap[sl_SI]" classname="org.apache.commons.collections4.MapUtilsTest" time="0"/>
  <testcase name="testDebugAndVerbosePrintCasting[sl_SI]" classname="org.apache.commons.collections4.MapUtilsTest" time="0"/>
  <testcase name="testIsNotEmptyWithNonEmptyMap[sl_SI]" classname="org.apache.commons.collections4.MapUtilsTest" time="0"/>
  <testcase name="testgetByteValue[sl_SI]" classname="org.apache.commons.collections4.MapUtilsTest" time="0"/>
  <testcase name="testSize0[sl_SI]" classname="org.apache.commons.collections4.MapUtilsTest" time="0"/>
  <testcase name="testSize[sl_SI]" classname="org.apache.commons.collections4.MapUtilsTest" time="0"/>
  <testcase name="testIsNotEmptyWithEmptyMap[sl_SI]" classname="org.apache.commons.collections4.MapUtilsTest" time="0"/>
  <testcase name="testIsNotEmptyWithNull[sl_SI]" classname="org.apache.commons.collections4.MapUtilsTest" time="0"/>
  <testcase name="testIterableSortedMap[sl_SI]" classname="org.apache.commons.collections4.MapUtilsTest" time="0"/>
  <testcase name="testgetNumber[sl_SI]" classname="org.apache.commons.collections4.MapUtilsTest" time="0"/>
  <testcase name="testgetObject[sl_SI]" classname="org.apache.commons.collections4.MapUtilsTest" time="0"/>
  <testcase name="testgetString[sl_SI]" classname="org.apache.commons.collections4.MapUtilsTest" time="0"/>
  <testcase name="testPutAll_Map_array[sl_SI]" classname="org.apache.commons.collections4.MapUtilsTest" time="0"/>
  <testcase name="testVerbosePrintSelfReference[sl_SI]" classname="org.apache.commons.collections4.MapUtilsTest" time="0"/>
  <testcase name="testDebugPrintNullLabel[sl_SI]" classname="org.apache.commons.collections4.MapUtilsTest" time="0"/>
  <testcase name="testgetFloatValue[sl_SI]" classname="org.apache.commons.collections4.MapUtilsTest" time="0"/>
  <testcase name="testConvertResourceBundle[sl_SI]" classname="org.apache.commons.collections4.MapUtilsTest" time="0"/>
  <testcase name="testOrderedMap[sl_SI]" classname="org.apache.commons.collections4.MapUtilsTest" time="0"/>
  <testcase name="testDebugPrintNullLabelAndMap[sl_SI]" classname="org.apache.commons.collections4.MapUtilsTest" time="0"/>
  <testcase name="testEmptyIfNull[sl_SI]" classname="org.apache.commons.collections4.MapUtilsTest" time="0"/>
  <testcase name="testgetIntValue[sl_SI]" classname="org.apache.commons.collections4.MapUtilsTest" time="0"/>
  <testcase name="testDebugPrintSelfReference[sl_SI]" classname="org.apache.commons.collections4.MapUtilsTest" time="0"/>
  <testcase name="testIterableMap[sl_SI]" classname="org.apache.commons.collections4.MapUtilsTest" time="0"/>
  <testcase name="testDebugAndVerbosePrintNullMap[sl_SI]" classname="org.apache.commons.collections4.MapUtilsTest" time="0"/>
  <testcase name="testVerbosePrintNullLabel[sl_SI]" classname="org.apache.commons.collections4.MapUtilsTest" time="0"/>
  <testcase name="testDebugPrintNullKey[sl_SI]" classname="org.apache.commons.collections4.MapUtilsTest" time="0"/>
  <testcase name="testPredicatedMap[sl_SI]" classname="org.apache.commons.collections4.MapUtilsTest" time="0"/>
  <testcase name="testgetLongValue[sl_SI]" classname="org.apache.commons.collections4.MapUtilsTest" time="0"/>
  <testcase name="testVerbosePrintNullKeyToMap1[sl_SI]" classname="org.apache.commons.collections4.MapUtilsTest" time="0"/>
  <testcase name="testVerbosePrintNullKeyToMap2[sl_SI]" classname="org.apache.commons.collections4.MapUtilsTest" time="0"/>
  <testcase name="testPopulateMap[sl_SI]" classname="org.apache.commons.collections4.MapUtilsTest" time="0"/>
  <testcase name="testToPropertiesEmpty[sl_SI]" classname="org.apache.commons.collections4.MapUtilsTest" time="0"/>
  <testcase name="testPopulateMultiMap[sl_SI]" classname="org.apache.commons.collections4.MapUtilsTest" time="0"/>
  <testcase name="testDebugPrintNullStream[sl_SI]" classname="org.apache.commons.collections4.MapUtilsTest" time="0"/>
  <testcase name="testgetBooleanValue[sl_SI]" classname="org.apache.commons.collections4.MapUtilsTest" time="0"/>
  <testcase name="testIsEmptyWithEmptyMap[sl_SI]" classname="org.apache.commons.collections4.MapUtilsTest" time="0"/>
  <testcase name="testVerbosePrintNullKey[sl_SI]" classname="org.apache.commons.collections4.MapUtilsTest" time="0"/>
  <testcase name="testSizeNull[sl_SI]" classname="org.apache.commons.collections4.MapUtilsTest" time="0"/>
  <testcase name="testDebugPrintNullKeyToMap1[sl_SI]" classname="org.apache.commons.collections4.MapUtilsTest" time="0"/>
  <testcase name="testDebugPrintNullKeyToMap2[sl_SI]" classname="org.apache.commons.collections4.MapUtilsTest" time="0"/>
  <testcase name="testDebugPrint[sl_SI]" classname="org.apache.commons.collections4.MapUtilsTest" time="0"/>
  <testcase name="testgetDoubleValue[sl_SI]" classname="org.apache.commons.collections4.MapUtilsTest" time="0"/>
  <testcase name="testVerbosePrintNullStream[sl_SI]" classname="org.apache.commons.collections4.MapUtilsTest" time="0"/>
  <testcase name="testVerbosePrintNullLabelAndMap[sq]" classname="org.apache.commons.collections4.MapUtilsTest" time="0"/>
  <testcase name="testgetMap[sq]" classname="org.apache.commons.collections4.MapUtilsTest" time="0"/>
  <testcase name="testToProperties[sq]" classname="org.apache.commons.collections4.MapUtilsTest" time="0"/>
  <testcase name="testgetShortValue[sq]" classname="org.apache.commons.collections4.MapUtilsTest" time="0.001"/>
  <testcase name="testIsEmptyWithNull[sq]" classname="org.apache.commons.collections4.MapUtilsTest" time="0"/>
  <testcase name="testVerbosePrint[sq]" classname="org.apache.commons.collections4.MapUtilsTest" time="0"/>
  <testcase name="testLazyMapFactory[sq]" classname="org.apache.commons.collections4.MapUtilsTest" time="0"/>
  <testcase name="testLazyMapTransformer[sq]" classname="org.apache.commons.collections4.MapUtilsTest" time="0"/>
  <testcase name="testSafeAddToMap[sq]" classname="org.apache.commons.collections4.MapUtilsTest" time="0"/>
  <testcase name="testIsEmptyWithNonEmptyMap[sq]" classname="org.apache.commons.collections4.MapUtilsTest" time="0"/>
  <testcase name="testInvertMap[sq]" classname="org.apache.commons.collections4.MapUtilsTest" time="0"/>
  <testcase name="testDebugAndVerbosePrintCasting[sq]" classname="org.apache.commons.collections4.MapUtilsTest" time="0"/>
  <testcase name="testIsNotEmptyWithNonEmptyMap[sq]" classname="org.apache.commons.collections4.MapUtilsTest" time="0"/>
  <testcase name="testgetByteValue[sq]" classname="org.apache.commons.collections4.MapUtilsTest" time="0"/>
  <testcase name="testSize0[sq]" classname="org.apache.commons.collections4.MapUtilsTest" time="0"/>
  <testcase name="testSize[sq]" classname="org.apache.commons.collections4.MapUtilsTest" time="0"/>
  <testcase name="testIsNotEmptyWithEmptyMap[sq]" classname="org.apache.commons.collections4.MapUtilsTest" time="0"/>
  <testcase name="testIsNotEmptyWithNull[sq]" classname="org.apache.commons.collections4.MapUtilsTest" time="0"/>
  <testcase name="testIterableSortedMap[sq]" classname="org.apache.commons.collections4.MapUtilsTest" time="0"/>
  <testcase name="testgetNumber[sq]" classname="org.apache.commons.collections4.MapUtilsTest" time="0"/>
  <testcase name="testgetObject[sq]" classname="org.apache.commons.collections4.MapUtilsTest" time="0"/>
  <testcase name="testgetString[sq]" classname="org.apache.commons.collections4.MapUtilsTest" time="0"/>
  <testcase name="testPutAll_Map_array[sq]" classname="org.apache.commons.collections4.MapUtilsTest" time="0"/>
  <testcase name="testVerbosePrintSelfReference[sq]" classname="org.apache.commons.collections4.MapUtilsTest" time="0"/>
  <testcase name="testDebugPrintNullLabel[sq]" classname="org.apache.commons.collections4.MapUtilsTest" time="0"/>
  <testcase name="testgetFloatValue[sq]" classname="org.apache.commons.collections4.MapUtilsTest" time="0"/>
  <testcase name="testConvertResourceBundle[sq]" classname="org.apache.commons.collections4.MapUtilsTest" time="0"/>
  <testcase name="testOrderedMap[sq]" classname="org.apache.commons.collections4.MapUtilsTest" time="0"/>
  <testcase name="testDebugPrintNullLabelAndMap[sq]" classname="org.apache.commons.collections4.MapUtilsTest" time="0"/>
  <testcase name="testEmptyIfNull[sq]" classname="org.apache.commons.collections4.MapUtilsTest" time="0"/>
  <testcase name="testgetIntValue[sq]" classname="org.apache.commons.collections4.MapUtilsTest" time="0"/>
  <testcase name="testDebugPrintSelfReference[sq]" classname="org.apache.commons.collections4.MapUtilsTest" time="0"/>
  <testcase name="testIterableMap[sq]" classname="org.apache.commons.collections4.MapUtilsTest" time="0"/>
  <testcase name="testDebugAndVerbosePrintNullMap[sq]" classname="org.apache.commons.collections4.MapUtilsTest" time="0"/>
  <testcase name="testVerbosePrintNullLabel[sq]" classname="org.apache.commons.collections4.MapUtilsTest" time="0"/>
  <testcase name="testDebugPrintNullKey[sq]" classname="org.apache.commons.collections4.MapUtilsTest" time="0"/>
  <testcase name="testPredicatedMap[sq]" classname="org.apache.commons.collections4.MapUtilsTest" time="0"/>
  <testcase name="testgetLongValue[sq]" classname="org.apache.commons.collections4.MapUtilsTest" time="0"/>
  <testcase name="testVerbosePrintNullKeyToMap1[sq]" classname="org.apache.commons.collections4.MapUtilsTest" time="0"/>
  <testcase name="testVerbosePrintNullKeyToMap2[sq]" classname="org.apache.commons.collections4.MapUtilsTest" time="0"/>
  <testcase name="testPopulateMap[sq]" classname="org.apache.commons.collections4.MapUtilsTest" time="0"/>
  <testcase name="testToPropertiesEmpty[sq]" classname="org.apache.commons.collections4.MapUtilsTest" time="0"/>
  <testcase name="testPopulateMultiMap[sq]" classname="org.apache.commons.collections4.MapUtilsTest" time="0"/>
  <testcase name="testDebugPrintNullStream[sq]" classname="org.apache.commons.collections4.MapUtilsTest" time="0"/>
  <testcase name="testgetBooleanValue[sq]" classname="org.apache.commons.collections4.MapUtilsTest" time="0"/>
  <testcase name="testIsEmptyWithEmptyMap[sq]" classname="org.apache.commons.collections4.MapUtilsTest" time="0"/>
  <testcase name="testVerbosePrintNullKey[sq]" classname="org.apache.commons.collections4.MapUtilsTest" time="0"/>
  <testcase name="testSizeNull[sq]" classname="org.apache.commons.collections4.MapUtilsTest" time="0"/>
  <testcase name="testDebugPrintNullKeyToMap1[sq]" classname="org.apache.commons.collections4.MapUtilsTest" time="0"/>
  <testcase name="testDebugPrintNullKeyToMap2[sq]" classname="org.apache.commons.collections4.MapUtilsTest" time="0"/>
  <testcase name="testDebugPrint[sq]" classname="org.apache.commons.collections4.MapUtilsTest" time="0"/>
  <testcase name="testgetDoubleValue[sq]" classname="org.apache.commons.collections4.MapUtilsTest" time="0"/>
  <testcase name="testVerbosePrintNullStream[sq]" classname="org.apache.commons.collections4.MapUtilsTest" time="0"/>
  <testcase name="testVerbosePrintNullLabelAndMap[sq_AL]" classname="org.apache.commons.collections4.MapUtilsTest" time="0"/>
  <testcase name="testgetMap[sq_AL]" classname="org.apache.commons.collections4.MapUtilsTest" time="0"/>
  <testcase name="testToProperties[sq_AL]" classname="org.apache.commons.collections4.MapUtilsTest" time="0"/>
  <testcase name="testgetShortValue[sq_AL]" classname="org.apache.commons.collections4.MapUtilsTest" time="0"/>
  <testcase name="testIsEmptyWithNull[sq_AL]" classname="org.apache.commons.collections4.MapUtilsTest" time="0"/>
  <testcase name="testVerbosePrint[sq_AL]" classname="org.apache.commons.collections4.MapUtilsTest" time="0"/>
  <testcase name="testLazyMapFactory[sq_AL]" classname="org.apache.commons.collections4.MapUtilsTest" time="0"/>
  <testcase name="testLazyMapTransformer[sq_AL]" classname="org.apache.commons.collections4.MapUtilsTest" time="0"/>
  <testcase name="testSafeAddToMap[sq_AL]" classname="org.apache.commons.collections4.MapUtilsTest" time="0"/>
  <testcase name="testIsEmptyWithNonEmptyMap[sq_AL]" classname="org.apache.commons.collections4.MapUtilsTest" time="0"/>
  <testcase name="testInvertMap[sq_AL]" classname="org.apache.commons.collections4.MapUtilsTest" time="0"/>
  <testcase name="testDebugAndVerbosePrintCasting[sq_AL]" classname="org.apache.commons.collections4.MapUtilsTest" time="0"/>
  <testcase name="testIsNotEmptyWithNonEmptyMap[sq_AL]" classname="org.apache.commons.collections4.MapUtilsTest" time="0"/>
  <testcase name="testgetByteValue[sq_AL]" classname="org.apache.commons.collections4.MapUtilsTest" time="0.001"/>
  <testcase name="testSize0[sq_AL]" classname="org.apache.commons.collections4.MapUtilsTest" time="0"/>
  <testcase name="testSize[sq_AL]" classname="org.apache.commons.collections4.MapUtilsTest" time="0"/>
  <testcase name="testIsNotEmptyWithEmptyMap[sq_AL]" classname="org.apache.commons.collections4.MapUtilsTest" time="0"/>
  <testcase name="testIsNotEmptyWithNull[sq_AL]" classname="org.apache.commons.collections4.MapUtilsTest" time="0"/>
  <testcase name="testIterableSortedMap[sq_AL]" classname="org.apache.commons.collections4.MapUtilsTest" time="0"/>
  <testcase name="testgetNumber[sq_AL]" classname="org.apache.commons.collections4.MapUtilsTest" time="0"/>
  <testcase name="testgetObject[sq_AL]" classname="org.apache.commons.collections4.MapUtilsTest" time="0"/>
  <testcase name="testgetString[sq_AL]" classname="org.apache.commons.collections4.MapUtilsTest" time="0"/>
  <testcase name="testPutAll_Map_array[sq_AL]" classname="org.apache.commons.collections4.MapUtilsTest" time="0"/>
  <testcase name="testVerbosePrintSelfReference[sq_AL]" classname="org.apache.commons.collections4.MapUtilsTest" time="0"/>
  <testcase name="testDebugPrintNullLabel[sq_AL]" classname="org.apache.commons.collections4.MapUtilsTest" time="0"/>
  <testcase name="testgetFloatValue[sq_AL]" classname="org.apache.commons.collections4.MapUtilsTest" time="0"/>
  <testcase name="testConvertResourceBundle[sq_AL]" classname="org.apache.commons.collections4.MapUtilsTest" time="0"/>
  <testcase name="testOrderedMap[sq_AL]" classname="org.apache.commons.collections4.MapUtilsTest" time="0"/>
  <testcase name="testDebugPrintNullLabelAndMap[sq_AL]" classname="org.apache.commons.collections4.MapUtilsTest" time="0"/>
  <testcase name="testEmptyIfNull[sq_AL]" classname="org.apache.commons.collections4.MapUtilsTest" time="0"/>
  <testcase name="testgetIntValue[sq_AL]" classname="org.apache.commons.collections4.MapUtilsTest" time="0"/>
  <testcase name="testDebugPrintSelfReference[sq_AL]" classname="org.apache.commons.collections4.MapUtilsTest" time="0"/>
  <testcase name="testIterableMap[sq_AL]" classname="org.apache.commons.collections4.MapUtilsTest" time="0"/>
  <testcase name="testDebugAndVerbosePrintNullMap[sq_AL]" classname="org.apache.commons.collections4.MapUtilsTest" time="0"/>
  <testcase name="testVerbosePrintNullLabel[sq_AL]" classname="org.apache.commons.collections4.MapUtilsTest" time="0"/>
  <testcase name="testDebugPrintNullKey[sq_AL]" classname="org.apache.commons.collections4.MapUtilsTest" time="0"/>
  <testcase name="testPredicatedMap[sq_AL]" classname="org.apache.commons.collections4.MapUtilsTest" time="0"/>
  <testcase name="testgetLongValue[sq_AL]" classname="org.apache.commons.collections4.MapUtilsTest" time="0"/>
  <testcase name="testVerbosePrintNullKeyToMap1[sq_AL]" classname="org.apache.commons.collections4.MapUtilsTest" time="0"/>
  <testcase name="testVerbosePrintNullKeyToMap2[sq_AL]" classname="org.apache.commons.collections4.MapUtilsTest" time="0"/>
  <testcase name="testPopulateMap[sq_AL]" classname="org.apache.commons.collections4.MapUtilsTest" time="0"/>
  <testcase name="testToPropertiesEmpty[sq_AL]" classname="org.apache.commons.collections4.MapUtilsTest" time="0"/>
  <testcase name="testPopulateMultiMap[sq_AL]" classname="org.apache.commons.collections4.MapUtilsTest" time="0"/>
  <testcase name="testDebugPrintNullStream[sq_AL]" classname="org.apache.commons.collections4.MapUtilsTest" time="0"/>
  <testcase name="testgetBooleanValue[sq_AL]" classname="org.apache.commons.collections4.MapUtilsTest" time="0"/>
  <testcase name="testIsEmptyWithEmptyMap[sq_AL]" classname="org.apache.commons.collections4.MapUtilsTest" time="0"/>
  <testcase name="testVerbosePrintNullKey[sq_AL]" classname="org.apache.commons.collections4.MapUtilsTest" time="0"/>
  <testcase name="testSizeNull[sq_AL]" classname="org.apache.commons.collections4.MapUtilsTest" time="0"/>
  <testcase name="testDebugPrintNullKeyToMap1[sq_AL]" classname="org.apache.commons.collections4.MapUtilsTest" time="0"/>
  <testcase name="testDebugPrintNullKeyToMap2[sq_AL]" classname="org.apache.commons.collections4.MapUtilsTest" time="0"/>
  <testcase name="testDebugPrint[sq_AL]" classname="org.apache.commons.collections4.MapUtilsTest" time="0"/>
  <testcase name="testgetDoubleValue[sq_AL]" classname="org.apache.commons.collections4.MapUtilsTest" time="0"/>
  <testcase name="testVerbosePrintNullStream[sq_AL]" classname="org.apache.commons.collections4.MapUtilsTest" time="0"/>
  <testcase name="testVerbosePrintNullLabelAndMap[sr]" classname="org.apache.commons.collections4.MapUtilsTest" time="0"/>
  <testcase name="testgetMap[sr]" classname="org.apache.commons.collections4.MapUtilsTest" time="0"/>
  <testcase name="testToProperties[sr]" classname="org.apache.commons.collections4.MapUtilsTest" time="0"/>
  <testcase name="testgetShortValue[sr]" classname="org.apache.commons.collections4.MapUtilsTest" time="0.001"/>
  <testcase name="testIsEmptyWithNull[sr]" classname="org.apache.commons.collections4.MapUtilsTest" time="0"/>
  <testcase name="testVerbosePrint[sr]" classname="org.apache.commons.collections4.MapUtilsTest" time="0"/>
  <testcase name="testLazyMapFactory[sr]" classname="org.apache.commons.collections4.MapUtilsTest" time="0"/>
  <testcase name="testLazyMapTransformer[sr]" classname="org.apache.commons.collections4.MapUtilsTest" time="0"/>
  <testcase name="testSafeAddToMap[sr]" classname="org.apache.commons.collections4.MapUtilsTest" time="0"/>
  <testcase name="testIsEmptyWithNonEmptyMap[sr]" classname="org.apache.commons.collections4.MapUtilsTest" time="0"/>
  <testcase name="testInvertMap[sr]" classname="org.apache.commons.collections4.MapUtilsTest" time="0"/>
  <testcase name="testDebugAndVerbosePrintCasting[sr]" classname="org.apache.commons.collections4.MapUtilsTest" time="0"/>
  <testcase name="testIsNotEmptyWithNonEmptyMap[sr]" classname="org.apache.commons.collections4.MapUtilsTest" time="0"/>
  <testcase name="testgetByteValue[sr]" classname="org.apache.commons.collections4.MapUtilsTest" time="0"/>
  <testcase name="testSize0[sr]" classname="org.apache.commons.collections4.MapUtilsTest" time="0"/>
  <testcase name="testSize[sr]" classname="org.apache.commons.collections4.MapUtilsTest" time="0"/>
  <testcase name="testIsNotEmptyWithEmptyMap[sr]" classname="org.apache.commons.collections4.MapUtilsTest" time="0"/>
  <testcase name="testIsNotEmptyWithNull[sr]" classname="org.apache.commons.collections4.MapUtilsTest" time="0"/>
  <testcase name="testIterableSortedMap[sr]" classname="org.apache.commons.collections4.MapUtilsTest" time="0"/>
  <testcase name="testgetNumber[sr]" classname="org.apache.commons.collections4.MapUtilsTest" time="0"/>
  <testcase name="testgetObject[sr]" classname="org.apache.commons.collections4.MapUtilsTest" time="0"/>
  <testcase name="testgetString[sr]" classname="org.apache.commons.collections4.MapUtilsTest" time="0"/>
  <testcase name="testPutAll_Map_array[sr]" classname="org.apache.commons.collections4.MapUtilsTest" time="0"/>
  <testcase name="testVerbosePrintSelfReference[sr]" classname="org.apache.commons.collections4.MapUtilsTest" time="0"/>
  <testcase name="testDebugPrintNullLabel[sr]" classname="org.apache.commons.collections4.MapUtilsTest" time="0"/>
  <testcase name="testgetFloatValue[sr]" classname="org.apache.commons.collections4.MapUtilsTest" time="0"/>
  <testcase name="testConvertResourceBundle[sr]" classname="org.apache.commons.collections4.MapUtilsTest" time="0"/>
  <testcase name="testOrderedMap[sr]" classname="org.apache.commons.collections4.MapUtilsTest" time="0"/>
  <testcase name="testDebugPrintNullLabelAndMap[sr]" classname="org.apache.commons.collections4.MapUtilsTest" time="0"/>
  <testcase name="testEmptyIfNull[sr]" classname="org.apache.commons.collections4.MapUtilsTest" time="0"/>
  <testcase name="testgetIntValue[sr]" classname="org.apache.commons.collections4.MapUtilsTest" time="0"/>
  <testcase name="testDebugPrintSelfReference[sr]" classname="org.apache.commons.collections4.MapUtilsTest" time="0"/>
  <testcase name="testIterableMap[sr]" classname="org.apache.commons.collections4.MapUtilsTest" time="0"/>
  <testcase name="testDebugAndVerbosePrintNullMap[sr]" classname="org.apache.commons.collections4.MapUtilsTest" time="0"/>
  <testcase name="testVerbosePrintNullLabel[sr]" classname="org.apache.commons.collections4.MapUtilsTest" time="0"/>
  <testcase name="testDebugPrintNullKey[sr]" classname="org.apache.commons.collections4.MapUtilsTest" time="0"/>
  <testcase name="testPredicatedMap[sr]" classname="org.apache.commons.collections4.MapUtilsTest" time="0"/>
  <testcase name="testgetLongValue[sr]" classname="org.apache.commons.collections4.MapUtilsTest" time="0"/>
  <testcase name="testVerbosePrintNullKeyToMap1[sr]" classname="org.apache.commons.collections4.MapUtilsTest" time="0"/>
  <testcase name="testVerbosePrintNullKeyToMap2[sr]" classname="org.apache.commons.collections4.MapUtilsTest" time="0"/>
  <testcase name="testPopulateMap[sr]" classname="org.apache.commons.collections4.MapUtilsTest" time="0"/>
  <testcase name="testToPropertiesEmpty[sr]" classname="org.apache.commons.collections4.MapUtilsTest" time="0"/>
  <testcase name="testPopulateMultiMap[sr]" classname="org.apache.commons.collections4.MapUtilsTest" time="0"/>
  <testcase name="testDebugPrintNullStream[sr]" classname="org.apache.commons.collections4.MapUtilsTest" time="0.001"/>
  <testcase name="testgetBooleanValue[sr]" classname="org.apache.commons.collections4.MapUtilsTest" time="0"/>
  <testcase name="testIsEmptyWithEmptyMap[sr]" classname="org.apache.commons.collections4.MapUtilsTest" time="0"/>
  <testcase name="testVerbosePrintNullKey[sr]" classname="org.apache.commons.collections4.MapUtilsTest" time="0"/>
  <testcase name="testSizeNull[sr]" classname="org.apache.commons.collections4.MapUtilsTest" time="0"/>
  <testcase name="testDebugPrintNullKeyToMap1[sr]" classname="org.apache.commons.collections4.MapUtilsTest" time="0"/>
  <testcase name="testDebugPrintNullKeyToMap2[sr]" classname="org.apache.commons.collections4.MapUtilsTest" time="0"/>
  <testcase name="testDebugPrint[sr]" classname="org.apache.commons.collections4.MapUtilsTest" time="0"/>
  <testcase name="testgetDoubleValue[sr]" classname="org.apache.commons.collections4.MapUtilsTest" time="0"/>
  <testcase name="testVerbosePrintNullStream[sr]" classname="org.apache.commons.collections4.MapUtilsTest" time="0"/>
  <testcase name="testVerbosePrintNullLabelAndMap[sr_BA]" classname="org.apache.commons.collections4.MapUtilsTest" time="0"/>
  <testcase name="testgetMap[sr_BA]" classname="org.apache.commons.collections4.MapUtilsTest" time="0"/>
  <testcase name="testToProperties[sr_BA]" classname="org.apache.commons.collections4.MapUtilsTest" time="0"/>
  <testcase name="testgetShortValue[sr_BA]" classname="org.apache.commons.collections4.MapUtilsTest" time="0"/>
  <testcase name="testIsEmptyWithNull[sr_BA]" classname="org.apache.commons.collections4.MapUtilsTest" time="0"/>
  <testcase name="testVerbosePrint[sr_BA]" classname="org.apache.commons.collections4.MapUtilsTest" time="0"/>
  <testcase name="testLazyMapFactory[sr_BA]" classname="org.apache.commons.collections4.MapUtilsTest" time="0"/>
  <testcase name="testLazyMapTransformer[sr_BA]" classname="org.apache.commons.collections4.MapUtilsTest" time="0"/>
  <testcase name="testSafeAddToMap[sr_BA]" classname="org.apache.commons.collections4.MapUtilsTest" time="0"/>
  <testcase name="testIsEmptyWithNonEmptyMap[sr_BA]" classname="org.apache.commons.collections4.MapUtilsTest" time="0"/>
  <testcase name="testInvertMap[sr_BA]" classname="org.apache.commons.collections4.MapUtilsTest" time="0"/>
  <testcase name="testDebugAndVerbosePrintCasting[sr_BA]" classname="org.apache.commons.collections4.MapUtilsTest" time="0"/>
  <testcase name="testIsNotEmptyWithNonEmptyMap[sr_BA]" classname="org.apache.commons.collections4.MapUtilsTest" time="0"/>
  <testcase name="testgetByteValue[sr_BA]" classname="org.apache.commons.collections4.MapUtilsTest" time="0"/>
  <testcase name="testSize0[sr_BA]" classname="org.apache.commons.collections4.MapUtilsTest" time="0"/>
  <testcase name="testSize[sr_BA]" classname="org.apache.commons.collections4.MapUtilsTest" time="0"/>
  <testcase name="testIsNotEmptyWithEmptyMap[sr_BA]" classname="org.apache.commons.collections4.MapUtilsTest" time="0.001"/>
  <testcase name="testIsNotEmptyWithNull[sr_BA]" classname="org.apache.commons.collections4.MapUtilsTest" time="0"/>
  <testcase name="testIterableSortedMap[sr_BA]" classname="org.apache.commons.collections4.MapUtilsTest" time="0"/>
  <testcase name="testgetNumber[sr_BA]" classname="org.apache.commons.collections4.MapUtilsTest" time="0"/>
  <testcase name="testgetObject[sr_BA]" classname="org.apache.commons.collections4.MapUtilsTest" time="0"/>
  <testcase name="testgetString[sr_BA]" classname="org.apache.commons.collections4.MapUtilsTest" time="0"/>
  <testcase name="testPutAll_Map_array[sr_BA]" classname="org.apache.commons.collections4.MapUtilsTest" time="0"/>
  <testcase name="testVerbosePrintSelfReference[sr_BA]" classname="org.apache.commons.collections4.MapUtilsTest" time="0"/>
  <testcase name="testDebugPrintNullLabel[sr_BA]" classname="org.apache.commons.collections4.MapUtilsTest" time="0"/>
  <testcase name="testgetFloatValue[sr_BA]" classname="org.apache.commons.collections4.MapUtilsTest" time="0"/>
  <testcase name="testConvertResourceBundle[sr_BA]" classname="org.apache.commons.collections4.MapUtilsTest" time="0"/>
  <testcase name="testOrderedMap[sr_BA]" classname="org.apache.commons.collections4.MapUtilsTest" time="0"/>
  <testcase name="testDebugPrintNullLabelAndMap[sr_BA]" classname="org.apache.commons.collections4.MapUtilsTest" time="0"/>
  <testcase name="testEmptyIfNull[sr_BA]" classname="org.apache.commons.collections4.MapUtilsTest" time="0"/>
  <testcase name="testgetIntValue[sr_BA]" classname="org.apache.commons.collections4.MapUtilsTest" time="0"/>
  <testcase name="testDebugPrintSelfReference[sr_BA]" classname="org.apache.commons.collections4.MapUtilsTest" time="0"/>
  <testcase name="testIterableMap[sr_BA]" classname="org.apache.commons.collections4.MapUtilsTest" time="0"/>
  <testcase name="testDebugAndVerbosePrintNullMap[sr_BA]" classname="org.apache.commons.collections4.MapUtilsTest" time="0"/>
  <testcase name="testVerbosePrintNullLabel[sr_BA]" classname="org.apache.commons.collections4.MapUtilsTest" time="0"/>
  <testcase name="testDebugPrintNullKey[sr_BA]" classname="org.apache.commons.collections4.MapUtilsTest" time="0"/>
  <testcase name="testPredicatedMap[sr_BA]" classname="org.apache.commons.collections4.MapUtilsTest" time="0"/>
  <testcase name="testgetLongValue[sr_BA]" classname="org.apache.commons.collections4.MapUtilsTest" time="0"/>
  <testcase name="testVerbosePrintNullKeyToMap1[sr_BA]" classname="org.apache.commons.collections4.MapUtilsTest" time="0"/>
  <testcase name="testVerbosePrintNullKeyToMap2[sr_BA]" classname="org.apache.commons.collections4.MapUtilsTest" time="0"/>
  <testcase name="testPopulateMap[sr_BA]" classname="org.apache.commons.collections4.MapUtilsTest" time="0"/>
  <testcase name="testToPropertiesEmpty[sr_BA]" classname="org.apache.commons.collections4.MapUtilsTest" time="0"/>
  <testcase name="testPopulateMultiMap[sr_BA]" classname="org.apache.commons.collections4.MapUtilsTest" time="0"/>
  <testcase name="testDebugPrintNullStream[sr_BA]" classname="org.apache.commons.collections4.MapUtilsTest" time="0"/>
  <testcase name="testgetBooleanValue[sr_BA]" classname="org.apache.commons.collections4.MapUtilsTest" time="0"/>
  <testcase name="testIsEmptyWithEmptyMap[sr_BA]" classname="org.apache.commons.collections4.MapUtilsTest" time="0"/>
  <testcase name="testVerbosePrintNullKey[sr_BA]" classname="org.apache.commons.collections4.MapUtilsTest" time="0"/>
  <testcase name="testSizeNull[sr_BA]" classname="org.apache.commons.collections4.MapUtilsTest" time="0"/>
  <testcase name="testDebugPrintNullKeyToMap1[sr_BA]" classname="org.apache.commons.collections4.MapUtilsTest" time="0"/>
  <testcase name="testDebugPrintNullKeyToMap2[sr_BA]" classname="org.apache.commons.collections4.MapUtilsTest" time="0"/>
  <testcase name="testDebugPrint[sr_BA]" classname="org.apache.commons.collections4.MapUtilsTest" time="0"/>
  <testcase name="testgetDoubleValue[sr_BA]" classname="org.apache.commons.collections4.MapUtilsTest" time="0"/>
  <testcase name="testVerbosePrintNullStream[sr_BA]" classname="org.apache.commons.collections4.MapUtilsTest" time="0"/>
  <testcase name="testVerbosePrintNullLabelAndMap[sr_BA_#Latn]" classname="org.apache.commons.collections4.MapUtilsTest" time="0"/>
  <testcase name="testgetMap[sr_BA_#Latn]" classname="org.apache.commons.collections4.MapUtilsTest" time="0"/>
  <testcase name="testToProperties[sr_BA_#Latn]" classname="org.apache.commons.collections4.MapUtilsTest" time="0"/>
  <testcase name="testgetShortValue[sr_BA_#Latn]" classname="org.apache.commons.collections4.MapUtilsTest" time="0.001"/>
  <testcase name="testIsEmptyWithNull[sr_BA_#Latn]" classname="org.apache.commons.collections4.MapUtilsTest" time="0"/>
  <testcase name="testVerbosePrint[sr_BA_#Latn]" classname="org.apache.commons.collections4.MapUtilsTest" time="0"/>
  <testcase name="testLazyMapFactory[sr_BA_#Latn]" classname="org.apache.commons.collections4.MapUtilsTest" time="0"/>
  <testcase name="testLazyMapTransformer[sr_BA_#Latn]" classname="org.apache.commons.collections4.MapUtilsTest" time="0"/>
  <testcase name="testSafeAddToMap[sr_BA_#Latn]" classname="org.apache.commons.collections4.MapUtilsTest" time="0"/>
  <testcase name="testIsEmptyWithNonEmptyMap[sr_BA_#Latn]" classname="org.apache.commons.collections4.MapUtilsTest" time="0"/>
  <testcase name="testInvertMap[sr_BA_#Latn]" classname="org.apache.commons.collections4.MapUtilsTest" time="0"/>
  <testcase name="testDebugAndVerbosePrintCasting[sr_BA_#Latn]" classname="org.apache.commons.collections4.MapUtilsTest" time="0"/>
  <testcase name="testIsNotEmptyWithNonEmptyMap[sr_BA_#Latn]" classname="org.apache.commons.collections4.MapUtilsTest" time="0"/>
  <testcase name="testgetByteValue[sr_BA_#Latn]" classname="org.apache.commons.collections4.MapUtilsTest" time="0"/>
  <testcase name="testSize0[sr_BA_#Latn]" classname="org.apache.commons.collections4.MapUtilsTest" time="0"/>
  <testcase name="testSize[sr_BA_#Latn]" classname="org.apache.commons.collections4.MapUtilsTest" time="0"/>
  <testcase name="testIsNotEmptyWithEmptyMap[sr_BA_#Latn]" classname="org.apache.commons.collections4.MapUtilsTest" time="0"/>
  <testcase name="testIsNotEmptyWithNull[sr_BA_#Latn]" classname="org.apache.commons.collections4.MapUtilsTest" time="0"/>
  <testcase name="testIterableSortedMap[sr_BA_#Latn]" classname="org.apache.commons.collections4.MapUtilsTest" time="0"/>
  <testcase name="testgetNumber[sr_BA_#Latn]" classname="org.apache.commons.collections4.MapUtilsTest" time="0"/>
  <testcase name="testgetObject[sr_BA_#Latn]" classname="org.apache.commons.collections4.MapUtilsTest" time="0"/>
  <testcase name="testgetString[sr_BA_#Latn]" classname="org.apache.commons.collections4.MapUtilsTest" time="0"/>
  <testcase name="testPutAll_Map_array[sr_BA_#Latn]" classname="org.apache.commons.collections4.MapUtilsTest" time="0"/>
  <testcase name="testVerbosePrintSelfReference[sr_BA_#Latn]" classname="org.apache.commons.collections4.MapUtilsTest" time="0"/>
  <testcase name="testDebugPrintNullLabel[sr_BA_#Latn]" classname="org.apache.commons.collections4.MapUtilsTest" time="0"/>
  <testcase name="testgetFloatValue[sr_BA_#Latn]" classname="org.apache.commons.collections4.MapUtilsTest" time="0"/>
  <testcase name="testConvertResourceBundle[sr_BA_#Latn]" classname="org.apache.commons.collections4.MapUtilsTest" time="0"/>
  <testcase name="testOrderedMap[sr_BA_#Latn]" classname="org.apache.commons.collections4.MapUtilsTest" time="0"/>
  <testcase name="testDebugPrintNullLabelAndMap[sr_BA_#Latn]" classname="org.apache.commons.collections4.MapUtilsTest" time="0"/>
  <testcase name="testEmptyIfNull[sr_BA_#Latn]" classname="org.apache.commons.collections4.MapUtilsTest" time="0"/>
  <testcase name="testgetIntValue[sr_BA_#Latn]" classname="org.apache.commons.collections4.MapUtilsTest" time="0"/>
  <testcase name="testDebugPrintSelfReference[sr_BA_#Latn]" classname="org.apache.commons.collections4.MapUtilsTest" time="0"/>
  <testcase name="testIterableMap[sr_BA_#Latn]" classname="org.apache.commons.collections4.MapUtilsTest" time="0"/>
  <testcase name="testDebugAndVerbosePrintNullMap[sr_BA_#Latn]" classname="org.apache.commons.collections4.MapUtilsTest" time="0"/>
  <testcase name="testVerbosePrintNullLabel[sr_BA_#Latn]" classname="org.apache.commons.collections4.MapUtilsTest" time="0"/>
  <testcase name="testDebugPrintNullKey[sr_BA_#Latn]" classname="org.apache.commons.collections4.MapUtilsTest" time="0"/>
  <testcase name="testPredicatedMap[sr_BA_#Latn]" classname="org.apache.commons.collections4.MapUtilsTest" time="0"/>
  <testcase name="testgetLongValue[sr_BA_#Latn]" classname="org.apache.commons.collections4.MapUtilsTest" time="0"/>
  <testcase name="testVerbosePrintNullKeyToMap1[sr_BA_#Latn]" classname="org.apache.commons.collections4.MapUtilsTest" time="0"/>
  <testcase name="testVerbosePrintNullKeyToMap2[sr_BA_#Latn]" classname="org.apache.commons.collections4.MapUtilsTest" time="0"/>
  <testcase name="testPopulateMap[sr_BA_#Latn]" classname="org.apache.commons.collections4.MapUtilsTest" time="0"/>
  <testcase name="testToPropertiesEmpty[sr_BA_#Latn]" classname="org.apache.commons.collections4.MapUtilsTest" time="0"/>
  <testcase name="testPopulateMultiMap[sr_BA_#Latn]" classname="org.apache.commons.collections4.MapUtilsTest" time="0"/>
  <testcase name="testDebugPrintNullStream[sr_BA_#Latn]" classname="org.apache.commons.collections4.MapUtilsTest" time="0"/>
  <testcase name="testgetBooleanValue[sr_BA_#Latn]" classname="org.apache.commons.collections4.MapUtilsTest" time="0"/>
  <testcase name="testIsEmptyWithEmptyMap[sr_BA_#Latn]" classname="org.apache.commons.collections4.MapUtilsTest" time="0"/>
  <testcase name="testVerbosePrintNullKey[sr_BA_#Latn]" classname="org.apache.commons.collections4.MapUtilsTest" time="0"/>
  <testcase name="testSizeNull[sr_BA_#Latn]" classname="org.apache.commons.collections4.MapUtilsTest" time="0"/>
  <testcase name="testDebugPrintNullKeyToMap1[sr_BA_#Latn]" classname="org.apache.commons.collections4.MapUtilsTest" time="0"/>
  <testcase name="testDebugPrintNullKeyToMap2[sr_BA_#Latn]" classname="org.apache.commons.collections4.MapUtilsTest" time="0"/>
  <testcase name="testDebugPrint[sr_BA_#Latn]" classname="org.apache.commons.collections4.MapUtilsTest" time="0"/>
  <testcase name="testgetDoubleValue[sr_BA_#Latn]" classname="org.apache.commons.collections4.MapUtilsTest" time="0"/>
  <testcase name="testVerbosePrintNullStream[sr_BA_#Latn]" classname="org.apache.commons.collections4.MapUtilsTest" time="0"/>
  <testcase name="testVerbosePrintNullLabelAndMap[sr_CS]" classname="org.apache.commons.collections4.MapUtilsTest" time="0"/>
  <testcase name="testgetMap[sr_CS]" classname="org.apache.commons.collections4.MapUtilsTest" time="0"/>
  <testcase name="testToProperties[sr_CS]" classname="org.apache.commons.collections4.MapUtilsTest" time="0"/>
  <testcase name="testgetShortValue[sr_CS]" classname="org.apache.commons.collections4.MapUtilsTest" time="0.001"/>
  <testcase name="testIsEmptyWithNull[sr_CS]" classname="org.apache.commons.collections4.MapUtilsTest" time="0"/>
  <testcase name="testVerbosePrint[sr_CS]" classname="org.apache.commons.collections4.MapUtilsTest" time="0"/>
  <testcase name="testLazyMapFactory[sr_CS]" classname="org.apache.commons.collections4.MapUtilsTest" time="0"/>
  <testcase name="testLazyMapTransformer[sr_CS]" classname="org.apache.commons.collections4.MapUtilsTest" time="0"/>
  <testcase name="testSafeAddToMap[sr_CS]" classname="org.apache.commons.collections4.MapUtilsTest" time="0"/>
  <testcase name="testIsEmptyWithNonEmptyMap[sr_CS]" classname="org.apache.commons.collections4.MapUtilsTest" time="0"/>
  <testcase name="testInvertMap[sr_CS]" classname="org.apache.commons.collections4.MapUtilsTest" time="0"/>
  <testcase name="testDebugAndVerbosePrintCasting[sr_CS]" classname="org.apache.commons.collections4.MapUtilsTest" time="0"/>
  <testcase name="testIsNotEmptyWithNonEmptyMap[sr_CS]" classname="org.apache.commons.collections4.MapUtilsTest" time="0"/>
  <testcase name="testgetByteValue[sr_CS]" classname="org.apache.commons.collections4.MapUtilsTest" time="0"/>
  <testcase name="testSize0[sr_CS]" classname="org.apache.commons.collections4.MapUtilsTest" time="0"/>
  <testcase name="testSize[sr_CS]" classname="org.apache.commons.collections4.MapUtilsTest" time="0"/>
  <testcase name="testIsNotEmptyWithEmptyMap[sr_CS]" classname="org.apache.commons.collections4.MapUtilsTest" time="0"/>
  <testcase name="testIsNotEmptyWithNull[sr_CS]" classname="org.apache.commons.collections4.MapUtilsTest" time="0"/>
  <testcase name="testIterableSortedMap[sr_CS]" classname="org.apache.commons.collections4.MapUtilsTest" time="0"/>
  <testcase name="testgetNumber[sr_CS]" classname="org.apache.commons.collections4.MapUtilsTest" time="0"/>
  <testcase name="testgetObject[sr_CS]" classname="org.apache.commons.collections4.MapUtilsTest" time="0"/>
  <testcase name="testgetString[sr_CS]" classname="org.apache.commons.collections4.MapUtilsTest" time="0"/>
  <testcase name="testPutAll_Map_array[sr_CS]" classname="org.apache.commons.collections4.MapUtilsTest" time="0"/>
  <testcase name="testVerbosePrintSelfReference[sr_CS]" classname="org.apache.commons.collections4.MapUtilsTest" time="0"/>
  <testcase name="testDebugPrintNullLabel[sr_CS]" classname="org.apache.commons.collections4.MapUtilsTest" time="0"/>
  <testcase name="testgetFloatValue[sr_CS]" classname="org.apache.commons.collections4.MapUtilsTest" time="0"/>
  <testcase name="testConvertResourceBundle[sr_CS]" classname="org.apache.commons.collections4.MapUtilsTest" time="0"/>
  <testcase name="testOrderedMap[sr_CS]" classname="org.apache.commons.collections4.MapUtilsTest" time="0"/>
  <testcase name="testDebugPrintNullLabelAndMap[sr_CS]" classname="org.apache.commons.collections4.MapUtilsTest" time="0"/>
  <testcase name="testEmptyIfNull[sr_CS]" classname="org.apache.commons.collections4.MapUtilsTest" time="0"/>
  <testcase name="testgetIntValue[sr_CS]" classname="org.apache.commons.collections4.MapUtilsTest" time="0"/>
  <testcase name="testDebugPrintSelfReference[sr_CS]" classname="org.apache.commons.collections4.MapUtilsTest" time="0"/>
  <testcase name="testIterableMap[sr_CS]" classname="org.apache.commons.collections4.MapUtilsTest" time="0"/>
  <testcase name="testDebugAndVerbosePrintNullMap[sr_CS]" classname="org.apache.commons.collections4.MapUtilsTest" time="0"/>
  <testcase name="testVerbosePrintNullLabel[sr_CS]" classname="org.apache.commons.collections4.MapUtilsTest" time="0"/>
  <testcase name="testDebugPrintNullKey[sr_CS]" classname="org.apache.commons.collections4.MapUtilsTest" time="0"/>
  <testcase name="testPredicatedMap[sr_CS]" classname="org.apache.commons.collections4.MapUtilsTest" time="0"/>
  <testcase name="testgetLongValue[sr_CS]" classname="org.apache.commons.collections4.MapUtilsTest" time="0"/>
  <testcase name="testVerbosePrintNullKeyToMap1[sr_CS]" classname="org.apache.commons.collections4.MapUtilsTest" time="0"/>
  <testcase name="testVerbosePrintNullKeyToMap2[sr_CS]" classname="org.apache.commons.collections4.MapUtilsTest" time="0"/>
  <testcase name="testPopulateMap[sr_CS]" classname="org.apache.commons.collections4.MapUtilsTest" time="0"/>
  <testcase name="testToPropertiesEmpty[sr_CS]" classname="org.apache.commons.collections4.MapUtilsTest" time="0"/>
  <testcase name="testPopulateMultiMap[sr_CS]" classname="org.apache.commons.collections4.MapUtilsTest" time="0.001"/>
  <testcase name="testDebugPrintNullStream[sr_CS]" classname="org.apache.commons.collections4.MapUtilsTest" time="0"/>
  <testcase name="testgetBooleanValue[sr_CS]" classname="org.apache.commons.collections4.MapUtilsTest" time="0"/>
  <testcase name="testIsEmptyWithEmptyMap[sr_CS]" classname="org.apache.commons.collections4.MapUtilsTest" time="0"/>
  <testcase name="testVerbosePrintNullKey[sr_CS]" classname="org.apache.commons.collections4.MapUtilsTest" time="0"/>
  <testcase name="testSizeNull[sr_CS]" classname="org.apache.commons.collections4.MapUtilsTest" time="0"/>
  <testcase name="testDebugPrintNullKeyToMap1[sr_CS]" classname="org.apache.commons.collections4.MapUtilsTest" time="0"/>
  <testcase name="testDebugPrintNullKeyToMap2[sr_CS]" classname="org.apache.commons.collections4.MapUtilsTest" time="0"/>
  <testcase name="testDebugPrint[sr_CS]" classname="org.apache.commons.collections4.MapUtilsTest" time="0"/>
  <testcase name="testgetDoubleValue[sr_CS]" classname="org.apache.commons.collections4.MapUtilsTest" time="0"/>
  <testcase name="testVerbosePrintNullStream[sr_CS]" classname="org.apache.commons.collections4.MapUtilsTest" time="0"/>
  <testcase name="testVerbosePrintNullLabelAndMap[sr_ME]" classname="org.apache.commons.collections4.MapUtilsTest" time="0"/>
  <testcase name="testgetMap[sr_ME]" classname="org.apache.commons.collections4.MapUtilsTest" time="0"/>
  <testcase name="testToProperties[sr_ME]" classname="org.apache.commons.collections4.MapUtilsTest" time="0"/>
  <testcase name="testgetShortValue[sr_ME]" classname="org.apache.commons.collections4.MapUtilsTest" time="0"/>
  <testcase name="testIsEmptyWithNull[sr_ME]" classname="org.apache.commons.collections4.MapUtilsTest" time="0"/>
  <testcase name="testVerbosePrint[sr_ME]" classname="org.apache.commons.collections4.MapUtilsTest" time="0"/>
  <testcase name="testLazyMapFactory[sr_ME]" classname="org.apache.commons.collections4.MapUtilsTest" time="0"/>
  <testcase name="testLazyMapTransformer[sr_ME]" classname="org.apache.commons.collections4.MapUtilsTest" time="0"/>
  <testcase name="testSafeAddToMap[sr_ME]" classname="org.apache.commons.collections4.MapUtilsTest" time="0"/>
  <testcase name="testIsEmptyWithNonEmptyMap[sr_ME]" classname="org.apache.commons.collections4.MapUtilsTest" time="0"/>
  <testcase name="testInvertMap[sr_ME]" classname="org.apache.commons.collections4.MapUtilsTest" time="0"/>
  <testcase name="testDebugAndVerbosePrintCasting[sr_ME]" classname="org.apache.commons.collections4.MapUtilsTest" time="0"/>
  <testcase name="testIsNotEmptyWithNonEmptyMap[sr_ME]" classname="org.apache.commons.collections4.MapUtilsTest" time="0"/>
  <testcase name="testgetByteValue[sr_ME]" classname="org.apache.commons.collections4.MapUtilsTest" time="0"/>
  <testcase name="testSize0[sr_ME]" classname="org.apache.commons.collections4.MapUtilsTest" time="0"/>
  <testcase name="testSize[sr_ME]" classname="org.apache.commons.collections4.MapUtilsTest" time="0"/>
  <testcase name="testIsNotEmptyWithEmptyMap[sr_ME]" classname="org.apache.commons.collections4.MapUtilsTest" time="0"/>
  <testcase name="testIsNotEmptyWithNull[sr_ME]" classname="org.apache.commons.collections4.MapUtilsTest" time="0"/>
  <testcase name="testIterableSortedMap[sr_ME]" classname="org.apache.commons.collections4.MapUtilsTest" time="0"/>
  <testcase name="testgetNumber[sr_ME]" classname="org.apache.commons.collections4.MapUtilsTest" time="0"/>
  <testcase name="testgetObject[sr_ME]" classname="org.apache.commons.collections4.MapUtilsTest" time="0"/>
  <testcase name="testgetString[sr_ME]" classname="org.apache.commons.collections4.MapUtilsTest" time="0"/>
  <testcase name="testPutAll_Map_array[sr_ME]" classname="org.apache.commons.collections4.MapUtilsTest" time="0"/>
  <testcase name="testVerbosePrintSelfReference[sr_ME]" classname="org.apache.commons.collections4.MapUtilsTest" time="0"/>
  <testcase name="testDebugPrintNullLabel[sr_ME]" classname="org.apache.commons.collections4.MapUtilsTest" time="0"/>
  <testcase name="testgetFloatValue[sr_ME]" classname="org.apache.commons.collections4.MapUtilsTest" time="0"/>
  <testcase name="testConvertResourceBundle[sr_ME]" classname="org.apache.commons.collections4.MapUtilsTest" time="0"/>
  <testcase name="testOrderedMap[sr_ME]" classname="org.apache.commons.collections4.MapUtilsTest" time="0"/>
  <testcase name="testDebugPrintNullLabelAndMap[sr_ME]" classname="org.apache.commons.collections4.MapUtilsTest" time="0"/>
  <testcase name="testEmptyIfNull[sr_ME]" classname="org.apache.commons.collections4.MapUtilsTest" time="0"/>
  <testcase name="testgetIntValue[sr_ME]" classname="org.apache.commons.collections4.MapUtilsTest" time="0"/>
  <testcase name="testDebugPrintSelfReference[sr_ME]" classname="org.apache.commons.collections4.MapUtilsTest" time="0"/>
  <testcase name="testIterableMap[sr_ME]" classname="org.apache.commons.collections4.MapUtilsTest" time="0"/>
  <testcase name="testDebugAndVerbosePrintNullMap[sr_ME]" classname="org.apache.commons.collections4.MapUtilsTest" time="0"/>
  <testcase name="testVerbosePrintNullLabel[sr_ME]" classname="org.apache.commons.collections4.MapUtilsTest" time="0"/>
  <testcase name="testDebugPrintNullKey[sr_ME]" classname="org.apache.commons.collections4.MapUtilsTest" time="0"/>
  <testcase name="testPredicatedMap[sr_ME]" classname="org.apache.commons.collections4.MapUtilsTest" time="0"/>
  <testcase name="testgetLongValue[sr_ME]" classname="org.apache.commons.collections4.MapUtilsTest" time="0"/>
  <testcase name="testVerbosePrintNullKeyToMap1[sr_ME]" classname="org.apache.commons.collections4.MapUtilsTest" time="0"/>
  <testcase name="testVerbosePrintNullKeyToMap2[sr_ME]" classname="org.apache.commons.collections4.MapUtilsTest" time="0"/>
  <testcase name="testPopulateMap[sr_ME]" classname="org.apache.commons.collections4.MapUtilsTest" time="0"/>
  <testcase name="testToPropertiesEmpty[sr_ME]" classname="org.apache.commons.collections4.MapUtilsTest" time="0"/>
  <testcase name="testPopulateMultiMap[sr_ME]" classname="org.apache.commons.collections4.MapUtilsTest" time="0"/>
  <testcase name="testDebugPrintNullStream[sr_ME]" classname="org.apache.commons.collections4.MapUtilsTest" time="0"/>
  <testcase name="testgetBooleanValue[sr_ME]" classname="org.apache.commons.collections4.MapUtilsTest" time="0"/>
  <testcase name="testIsEmptyWithEmptyMap[sr_ME]" classname="org.apache.commons.collections4.MapUtilsTest" time="0"/>
  <testcase name="testVerbosePrintNullKey[sr_ME]" classname="org.apache.commons.collections4.MapUtilsTest" time="0"/>
  <testcase name="testSizeNull[sr_ME]" classname="org.apache.commons.collections4.MapUtilsTest" time="0"/>
  <testcase name="testDebugPrintNullKeyToMap1[sr_ME]" classname="org.apache.commons.collections4.MapUtilsTest" time="0"/>
  <testcase name="testDebugPrintNullKeyToMap2[sr_ME]" classname="org.apache.commons.collections4.MapUtilsTest" time="0"/>
  <testcase name="testDebugPrint[sr_ME]" classname="org.apache.commons.collections4.MapUtilsTest" time="0"/>
  <testcase name="testgetDoubleValue[sr_ME]" classname="org.apache.commons.collections4.MapUtilsTest" time="0"/>
  <testcase name="testVerbosePrintNullStream[sr_ME]" classname="org.apache.commons.collections4.MapUtilsTest" time="0"/>
  <testcase name="testVerbosePrintNullLabelAndMap[sr_ME_#Latn]" classname="org.apache.commons.collections4.MapUtilsTest" time="0"/>
  <testcase name="testgetMap[sr_ME_#Latn]" classname="org.apache.commons.collections4.MapUtilsTest" time="0"/>
  <testcase name="testToProperties[sr_ME_#Latn]" classname="org.apache.commons.collections4.MapUtilsTest" time="0"/>
  <testcase name="testgetShortValue[sr_ME_#Latn]" classname="org.apache.commons.collections4.MapUtilsTest" time="0.001"/>
  <testcase name="testIsEmptyWithNull[sr_ME_#Latn]" classname="org.apache.commons.collections4.MapUtilsTest" time="0"/>
  <testcase name="testVerbosePrint[sr_ME_#Latn]" classname="org.apache.commons.collections4.MapUtilsTest" time="0"/>
  <testcase name="testLazyMapFactory[sr_ME_#Latn]" classname="org.apache.commons.collections4.MapUtilsTest" time="0"/>
  <testcase name="testLazyMapTransformer[sr_ME_#Latn]" classname="org.apache.commons.collections4.MapUtilsTest" time="0"/>
  <testcase name="testSafeAddToMap[sr_ME_#Latn]" classname="org.apache.commons.collections4.MapUtilsTest" time="0"/>
  <testcase name="testIsEmptyWithNonEmptyMap[sr_ME_#Latn]" classname="org.apache.commons.collections4.MapUtilsTest" time="0"/>
  <testcase name="testInvertMap[sr_ME_#Latn]" classname="org.apache.commons.collections4.MapUtilsTest" time="0"/>
  <testcase name="testDebugAndVerbosePrintCasting[sr_ME_#Latn]" classname="org.apache.commons.collections4.MapUtilsTest" time="0"/>
  <testcase name="testIsNotEmptyWithNonEmptyMap[sr_ME_#Latn]" classname="org.apache.commons.collections4.MapUtilsTest" time="0"/>
  <testcase name="testgetByteValue[sr_ME_#Latn]" classname="org.apache.commons.collections4.MapUtilsTest" time="0"/>
  <testcase name="testSize0[sr_ME_#Latn]" classname="org.apache.commons.collections4.MapUtilsTest" time="0"/>
  <testcase name="testSize[sr_ME_#Latn]" classname="org.apache.commons.collections4.MapUtilsTest" time="0"/>
  <testcase name="testIsNotEmptyWithEmptyMap[sr_ME_#Latn]" classname="org.apache.commons.collections4.MapUtilsTest" time="0"/>
  <testcase name="testIsNotEmptyWithNull[sr_ME_#Latn]" classname="org.apache.commons.collections4.MapUtilsTest" time="0"/>
  <testcase name="testIterableSortedMap[sr_ME_#Latn]" classname="org.apache.commons.collections4.MapUtilsTest" time="0"/>
  <testcase name="testgetNumber[sr_ME_#Latn]" classname="org.apache.commons.collections4.MapUtilsTest" time="0"/>
  <testcase name="testgetObject[sr_ME_#Latn]" classname="org.apache.commons.collections4.MapUtilsTest" time="0"/>
  <testcase name="testgetString[sr_ME_#Latn]" classname="org.apache.commons.collections4.MapUtilsTest" time="0"/>
  <testcase name="testPutAll_Map_array[sr_ME_#Latn]" classname="org.apache.commons.collections4.MapUtilsTest" time="0"/>
  <testcase name="testVerbosePrintSelfReference[sr_ME_#Latn]" classname="org.apache.commons.collections4.MapUtilsTest" time="0"/>
  <testcase name="testDebugPrintNullLabel[sr_ME_#Latn]" classname="org.apache.commons.collections4.MapUtilsTest" time="0"/>
  <testcase name="testgetFloatValue[sr_ME_#Latn]" classname="org.apache.commons.collections4.MapUtilsTest" time="0"/>
  <testcase name="testConvertResourceBundle[sr_ME_#Latn]" classname="org.apache.commons.collections4.MapUtilsTest" time="0"/>
  <testcase name="testOrderedMap[sr_ME_#Latn]" classname="org.apache.commons.collections4.MapUtilsTest" time="0"/>
  <testcase name="testDebugPrintNullLabelAndMap[sr_ME_#Latn]" classname="org.apache.commons.collections4.MapUtilsTest" time="0"/>
  <testcase name="testEmptyIfNull[sr_ME_#Latn]" classname="org.apache.commons.collections4.MapUtilsTest" time="0"/>
  <testcase name="testgetIntValue[sr_ME_#Latn]" classname="org.apache.commons.collections4.MapUtilsTest" time="0"/>
  <testcase name="testDebugPrintSelfReference[sr_ME_#Latn]" classname="org.apache.commons.collections4.MapUtilsTest" time="0"/>
  <testcase name="testIterableMap[sr_ME_#Latn]" classname="org.apache.commons.collections4.MapUtilsTest" time="0"/>
  <testcase name="testDebugAndVerbosePrintNullMap[sr_ME_#Latn]" classname="org.apache.commons.collections4.MapUtilsTest" time="0"/>
  <testcase name="testVerbosePrintNullLabel[sr_ME_#Latn]" classname="org.apache.commons.collections4.MapUtilsTest" time="0"/>
  <testcase name="testDebugPrintNullKey[sr_ME_#Latn]" classname="org.apache.commons.collections4.MapUtilsTest" time="0"/>
  <testcase name="testPredicatedMap[sr_ME_#Latn]" classname="org.apache.commons.collections4.MapUtilsTest" time="0"/>
  <testcase name="testgetLongValue[sr_ME_#Latn]" classname="org.apache.commons.collections4.MapUtilsTest" time="0"/>
  <testcase name="testVerbosePrintNullKeyToMap1[sr_ME_#Latn]" classname="org.apache.commons.collections4.MapUtilsTest" time="0"/>
  <testcase name="testVerbosePrintNullKeyToMap2[sr_ME_#Latn]" classname="org.apache.commons.collections4.MapUtilsTest" time="0"/>
  <testcase name="testPopulateMap[sr_ME_#Latn]" classname="org.apache.commons.collections4.MapUtilsTest" time="0"/>
  <testcase name="testToPropertiesEmpty[sr_ME_#Latn]" classname="org.apache.commons.collections4.MapUtilsTest" time="0"/>
  <testcase name="testPopulateMultiMap[sr_ME_#Latn]" classname="org.apache.commons.collections4.MapUtilsTest" time="0"/>
  <testcase name="testDebugPrintNullStream[sr_ME_#Latn]" classname="org.apache.commons.collections4.MapUtilsTest" time="0"/>
  <testcase name="testgetBooleanValue[sr_ME_#Latn]" classname="org.apache.commons.collections4.MapUtilsTest" time="0"/>
  <testcase name="testIsEmptyWithEmptyMap[sr_ME_#Latn]" classname="org.apache.commons.collections4.MapUtilsTest" time="0"/>
  <testcase name="testVerbosePrintNullKey[sr_ME_#Latn]" classname="org.apache.commons.collections4.MapUtilsTest" time="0.001"/>
  <testcase name="testSizeNull[sr_ME_#Latn]" classname="org.apache.commons.collections4.MapUtilsTest" time="0"/>
  <testcase name="testDebugPrintNullKeyToMap1[sr_ME_#Latn]" classname="org.apache.commons.collections4.MapUtilsTest" time="0"/>
  <testcase name="testDebugPrintNullKeyToMap2[sr_ME_#Latn]" classname="org.apache.commons.collections4.MapUtilsTest" time="0"/>
  <testcase name="testDebugPrint[sr_ME_#Latn]" classname="org.apache.commons.collections4.MapUtilsTest" time="0"/>
  <testcase name="testgetDoubleValue[sr_ME_#Latn]" classname="org.apache.commons.collections4.MapUtilsTest" time="0"/>
  <testcase name="testVerbosePrintNullStream[sr_ME_#Latn]" classname="org.apache.commons.collections4.MapUtilsTest" time="0"/>
  <testcase name="testVerbosePrintNullLabelAndMap[sr_RS]" classname="org.apache.commons.collections4.MapUtilsTest" time="0"/>
  <testcase name="testgetMap[sr_RS]" classname="org.apache.commons.collections4.MapUtilsTest" time="0"/>
  <testcase name="testToProperties[sr_RS]" classname="org.apache.commons.collections4.MapUtilsTest" time="0"/>
  <testcase name="testgetShortValue[sr_RS]" classname="org.apache.commons.collections4.MapUtilsTest" time="0"/>
  <testcase name="testIsEmptyWithNull[sr_RS]" classname="org.apache.commons.collections4.MapUtilsTest" time="0"/>
  <testcase name="testVerbosePrint[sr_RS]" classname="org.apache.commons.collections4.MapUtilsTest" time="0"/>
  <testcase name="testLazyMapFactory[sr_RS]" classname="org.apache.commons.collections4.MapUtilsTest" time="0"/>
  <testcase name="testLazyMapTransformer[sr_RS]" classname="org.apache.commons.collections4.MapUtilsTest" time="0"/>
  <testcase name="testSafeAddToMap[sr_RS]" classname="org.apache.commons.collections4.MapUtilsTest" time="0"/>
  <testcase name="testIsEmptyWithNonEmptyMap[sr_RS]" classname="org.apache.commons.collections4.MapUtilsTest" time="0"/>
  <testcase name="testInvertMap[sr_RS]" classname="org.apache.commons.collections4.MapUtilsTest" time="0"/>
  <testcase name="testDebugAndVerbosePrintCasting[sr_RS]" classname="org.apache.commons.collections4.MapUtilsTest" time="0"/>
  <testcase name="testIsNotEmptyWithNonEmptyMap[sr_RS]" classname="org.apache.commons.collections4.MapUtilsTest" time="0"/>
  <testcase name="testgetByteValue[sr_RS]" classname="org.apache.commons.collections4.MapUtilsTest" time="0"/>
  <testcase name="testSize0[sr_RS]" classname="org.apache.commons.collections4.MapUtilsTest" time="0"/>
  <testcase name="testSize[sr_RS]" classname="org.apache.commons.collections4.MapUtilsTest" time="0"/>
  <testcase name="testIsNotEmptyWithEmptyMap[sr_RS]" classname="org.apache.commons.collections4.MapUtilsTest" time="0"/>
  <testcase name="testIsNotEmptyWithNull[sr_RS]" classname="org.apache.commons.collections4.MapUtilsTest" time="0"/>
  <testcase name="testIterableSortedMap[sr_RS]" classname="org.apache.commons.collections4.MapUtilsTest" time="0"/>
  <testcase name="testgetNumber[sr_RS]" classname="org.apache.commons.collections4.MapUtilsTest" time="0"/>
  <testcase name="testgetObject[sr_RS]" classname="org.apache.commons.collections4.MapUtilsTest" time="0"/>
  <testcase name="testgetString[sr_RS]" classname="org.apache.commons.collections4.MapUtilsTest" time="0"/>
  <testcase name="testPutAll_Map_array[sr_RS]" classname="org.apache.commons.collections4.MapUtilsTest" time="0"/>
  <testcase name="testVerbosePrintSelfReference[sr_RS]" classname="org.apache.commons.collections4.MapUtilsTest" time="0"/>
  <testcase name="testDebugPrintNullLabel[sr_RS]" classname="org.apache.commons.collections4.MapUtilsTest" time="0.001"/>
  <testcase name="testgetFloatValue[sr_RS]" classname="org.apache.commons.collections4.MapUtilsTest" time="0"/>
  <testcase name="testConvertResourceBundle[sr_RS]" classname="org.apache.commons.collections4.MapUtilsTest" time="0"/>
  <testcase name="testOrderedMap[sr_RS]" classname="org.apache.commons.collections4.MapUtilsTest" time="0"/>
  <testcase name="testDebugPrintNullLabelAndMap[sr_RS]" classname="org.apache.commons.collections4.MapUtilsTest" time="0"/>
  <testcase name="testEmptyIfNull[sr_RS]" classname="org.apache.commons.collections4.MapUtilsTest" time="0"/>
  <testcase name="testgetIntValue[sr_RS]" classname="org.apache.commons.collections4.MapUtilsTest" time="0"/>
  <testcase name="testDebugPrintSelfReference[sr_RS]" classname="org.apache.commons.collections4.MapUtilsTest" time="0"/>
  <testcase name="testIterableMap[sr_RS]" classname="org.apache.commons.collections4.MapUtilsTest" time="0"/>
  <testcase name="testDebugAndVerbosePrintNullMap[sr_RS]" classname="org.apache.commons.collections4.MapUtilsTest" time="0"/>
  <testcase name="testVerbosePrintNullLabel[sr_RS]" classname="org.apache.commons.collections4.MapUtilsTest" time="0"/>
  <testcase name="testDebugPrintNullKey[sr_RS]" classname="org.apache.commons.collections4.MapUtilsTest" time="0"/>
  <testcase name="testPredicatedMap[sr_RS]" classname="org.apache.commons.collections4.MapUtilsTest" time="0"/>
  <testcase name="testgetLongValue[sr_RS]" classname="org.apache.commons.collections4.MapUtilsTest" time="0"/>
  <testcase name="testVerbosePrintNullKeyToMap1[sr_RS]" classname="org.apache.commons.collections4.MapUtilsTest" time="0"/>
  <testcase name="testVerbosePrintNullKeyToMap2[sr_RS]" classname="org.apache.commons.collections4.MapUtilsTest" time="0"/>
  <testcase name="testPopulateMap[sr_RS]" classname="org.apache.commons.collections4.MapUtilsTest" time="0"/>
  <testcase name="testToPropertiesEmpty[sr_RS]" classname="org.apache.commons.collections4.MapUtilsTest" time="0"/>
  <testcase name="testPopulateMultiMap[sr_RS]" classname="org.apache.commons.collections4.MapUtilsTest" time="0"/>
  <testcase name="testDebugPrintNullStream[sr_RS]" classname="org.apache.commons.collections4.MapUtilsTest" time="0"/>
  <testcase name="testgetBooleanValue[sr_RS]" classname="org.apache.commons.collections4.MapUtilsTest" time="0"/>
  <testcase name="testIsEmptyWithEmptyMap[sr_RS]" classname="org.apache.commons.collections4.MapUtilsTest" time="0"/>
  <testcase name="testVerbosePrintNullKey[sr_RS]" classname="org.apache.commons.collections4.MapUtilsTest" time="0"/>
  <testcase name="testSizeNull[sr_RS]" classname="org.apache.commons.collections4.MapUtilsTest" time="0"/>
  <testcase name="testDebugPrintNullKeyToMap1[sr_RS]" classname="org.apache.commons.collections4.MapUtilsTest" time="0"/>
  <testcase name="testDebugPrintNullKeyToMap2[sr_RS]" classname="org.apache.commons.collections4.MapUtilsTest" time="0"/>
  <testcase name="testDebugPrint[sr_RS]" classname="org.apache.commons.collections4.MapUtilsTest" time="0"/>
  <testcase name="testgetDoubleValue[sr_RS]" classname="org.apache.commons.collections4.MapUtilsTest" time="0"/>
  <testcase name="testVerbosePrintNullStream[sr_RS]" classname="org.apache.commons.collections4.MapUtilsTest" time="0"/>
  <testcase name="testVerbosePrintNullLabelAndMap[sr_RS_#Latn]" classname="org.apache.commons.collections4.MapUtilsTest" time="0"/>
  <testcase name="testgetMap[sr_RS_#Latn]" classname="org.apache.commons.collections4.MapUtilsTest" time="0"/>
  <testcase name="testToProperties[sr_RS_#Latn]" classname="org.apache.commons.collections4.MapUtilsTest" time="0"/>
  <testcase name="testgetShortValue[sr_RS_#Latn]" classname="org.apache.commons.collections4.MapUtilsTest" time="0"/>
  <testcase name="testIsEmptyWithNull[sr_RS_#Latn]" classname="org.apache.commons.collections4.MapUtilsTest" time="0"/>
  <testcase name="testVerbosePrint[sr_RS_#Latn]" classname="org.apache.commons.collections4.MapUtilsTest" time="0"/>
  <testcase name="testLazyMapFactory[sr_RS_#Latn]" classname="org.apache.commons.collections4.MapUtilsTest" time="0.001"/>
  <testcase name="testLazyMapTransformer[sr_RS_#Latn]" classname="org.apache.commons.collections4.MapUtilsTest" time="0"/>
  <testcase name="testSafeAddToMap[sr_RS_#Latn]" classname="org.apache.commons.collections4.MapUtilsTest" time="0"/>
  <testcase name="testIsEmptyWithNonEmptyMap[sr_RS_#Latn]" classname="org.apache.commons.collections4.MapUtilsTest" time="0"/>
  <testcase name="testInvertMap[sr_RS_#Latn]" classname="org.apache.commons.collections4.MapUtilsTest" time="0"/>
  <testcase name="testDebugAndVerbosePrintCasting[sr_RS_#Latn]" classname="org.apache.commons.collections4.MapUtilsTest" time="0"/>
  <testcase name="testIsNotEmptyWithNonEmptyMap[sr_RS_#Latn]" classname="org.apache.commons.collections4.MapUtilsTest" time="0"/>
  <testcase name="testgetByteValue[sr_RS_#Latn]" classname="org.apache.commons.collections4.MapUtilsTest" time="0"/>
  <testcase name="testSize0[sr_RS_#Latn]" classname="org.apache.commons.collections4.MapUtilsTest" time="0"/>
  <testcase name="testSize[sr_RS_#Latn]" classname="org.apache.commons.collections4.MapUtilsTest" time="0"/>
  <testcase name="testIsNotEmptyWithEmptyMap[sr_RS_#Latn]" classname="org.apache.commons.collections4.MapUtilsTest" time="0"/>
  <testcase name="testIsNotEmptyWithNull[sr_RS_#Latn]" classname="org.apache.commons.collections4.MapUtilsTest" time="0"/>
  <testcase name="testIterableSortedMap[sr_RS_#Latn]" classname="org.apache.commons.collections4.MapUtilsTest" time="0"/>
  <testcase name="testgetNumber[sr_RS_#Latn]" classname="org.apache.commons.collections4.MapUtilsTest" time="0"/>
  <testcase name="testgetObject[sr_RS_#Latn]" classname="org.apache.commons.collections4.MapUtilsTest" time="0"/>
  <testcase name="testgetString[sr_RS_#Latn]" classname="org.apache.commons.collections4.MapUtilsTest" time="0"/>
  <testcase name="testPutAll_Map_array[sr_RS_#Latn]" classname="org.apache.commons.collections4.MapUtilsTest" time="0"/>
  <testcase name="testVerbosePrintSelfReference[sr_RS_#Latn]" classname="org.apache.commons.collections4.MapUtilsTest" time="0"/>
  <testcase name="testDebugPrintNullLabel[sr_RS_#Latn]" classname="org.apache.commons.collections4.MapUtilsTest" time="0"/>
  <testcase name="testgetFloatValue[sr_RS_#Latn]" classname="org.apache.commons.collections4.MapUtilsTest" time="0"/>
  <testcase name="testConvertResourceBundle[sr_RS_#Latn]" classname="org.apache.commons.collections4.MapUtilsTest" time="0"/>
  <testcase name="testOrderedMap[sr_RS_#Latn]" classname="org.apache.commons.collections4.MapUtilsTest" time="0"/>
  <testcase name="testDebugPrintNullLabelAndMap[sr_RS_#Latn]" classname="org.apache.commons.collections4.MapUtilsTest" time="0"/>
  <testcase name="testEmptyIfNull[sr_RS_#Latn]" classname="org.apache.commons.collections4.MapUtilsTest" time="0"/>
  <testcase name="testgetIntValue[sr_RS_#Latn]" classname="org.apache.commons.collections4.MapUtilsTest" time="0"/>
  <testcase name="testDebugPrintSelfReference[sr_RS_#Latn]" classname="org.apache.commons.collections4.MapUtilsTest" time="0"/>
  <testcase name="testIterableMap[sr_RS_#Latn]" classname="org.apache.commons.collections4.MapUtilsTest" time="0"/>
  <testcase name="testDebugAndVerbosePrintNullMap[sr_RS_#Latn]" classname="org.apache.commons.collections4.MapUtilsTest" time="0"/>
  <testcase name="testVerbosePrintNullLabel[sr_RS_#Latn]" classname="org.apache.commons.collections4.MapUtilsTest" time="0"/>
  <testcase name="testDebugPrintNullKey[sr_RS_#Latn]" classname="org.apache.commons.collections4.MapUtilsTest" time="0"/>
  <testcase name="testPredicatedMap[sr_RS_#Latn]" classname="org.apache.commons.collections4.MapUtilsTest" time="0"/>
  <testcase name="testgetLongValue[sr_RS_#Latn]" classname="org.apache.commons.collections4.MapUtilsTest" time="0"/>
  <testcase name="testVerbosePrintNullKeyToMap1[sr_RS_#Latn]" classname="org.apache.commons.collections4.MapUtilsTest" time="0"/>
  <testcase name="testVerbosePrintNullKeyToMap2[sr_RS_#Latn]" classname="org.apache.commons.collections4.MapUtilsTest" time="0"/>
  <testcase name="testPopulateMap[sr_RS_#Latn]" classname="org.apache.commons.collections4.MapUtilsTest" time="0"/>
  <testcase name="testToPropertiesEmpty[sr_RS_#Latn]" classname="org.apache.commons.collections4.MapUtilsTest" time="0"/>
  <testcase name="testPopulateMultiMap[sr_RS_#Latn]" classname="org.apache.commons.collections4.MapUtilsTest" time="0"/>
  <testcase name="testDebugPrintNullStream[sr_RS_#Latn]" classname="org.apache.commons.collections4.MapUtilsTest" time="0"/>
  <testcase name="testgetBooleanValue[sr_RS_#Latn]" classname="org.apache.commons.collections4.MapUtilsTest" time="0"/>
  <testcase name="testIsEmptyWithEmptyMap[sr_RS_#Latn]" classname="org.apache.commons.collections4.MapUtilsTest" time="0"/>
  <testcase name="testVerbosePrintNullKey[sr_RS_#Latn]" classname="org.apache.commons.collections4.MapUtilsTest" time="0"/>
  <testcase name="testSizeNull[sr_RS_#Latn]" classname="org.apache.commons.collections4.MapUtilsTest" time="0"/>
  <testcase name="testDebugPrintNullKeyToMap1[sr_RS_#Latn]" classname="org.apache.commons.collections4.MapUtilsTest" time="0"/>
  <testcase name="testDebugPrintNullKeyToMap2[sr_RS_#Latn]" classname="org.apache.commons.collections4.MapUtilsTest" time="0"/>
  <testcase name="testDebugPrint[sr_RS_#Latn]" classname="org.apache.commons.collections4.MapUtilsTest" time="0"/>
  <testcase name="testgetDoubleValue[sr_RS_#Latn]" classname="org.apache.commons.collections4.MapUtilsTest" time="0"/>
  <testcase name="testVerbosePrintNullStream[sr_RS_#Latn]" classname="org.apache.commons.collections4.MapUtilsTest" time="0"/>
  <testcase name="testVerbosePrintNullLabelAndMap[sr__#Latn]" classname="org.apache.commons.collections4.MapUtilsTest" time="0"/>
  <testcase name="testgetMap[sr__#Latn]" classname="org.apache.commons.collections4.MapUtilsTest" time="0"/>
  <testcase name="testToProperties[sr__#Latn]" classname="org.apache.commons.collections4.MapUtilsTest" time="0"/>
  <testcase name="testgetShortValue[sr__#Latn]" classname="org.apache.commons.collections4.MapUtilsTest" time="0"/>
  <testcase name="testIsEmptyWithNull[sr__#Latn]" classname="org.apache.commons.collections4.MapUtilsTest" time="0"/>
  <testcase name="testVerbosePrint[sr__#Latn]" classname="org.apache.commons.collections4.MapUtilsTest" time="0"/>
  <testcase name="testLazyMapFactory[sr__#Latn]" classname="org.apache.commons.collections4.MapUtilsTest" time="0.001"/>
  <testcase name="testLazyMapTransformer[sr__#Latn]" classname="org.apache.commons.collections4.MapUtilsTest" time="0"/>
  <testcase name="testSafeAddToMap[sr__#Latn]" classname="org.apache.commons.collections4.MapUtilsTest" time="0"/>
  <testcase name="testIsEmptyWithNonEmptyMap[sr__#Latn]" classname="org.apache.commons.collections4.MapUtilsTest" time="0"/>
  <testcase name="testInvertMap[sr__#Latn]" classname="org.apache.commons.collections4.MapUtilsTest" time="0"/>
  <testcase name="testDebugAndVerbosePrintCasting[sr__#Latn]" classname="org.apache.commons.collections4.MapUtilsTest" time="0"/>
  <testcase name="testIsNotEmptyWithNonEmptyMap[sr__#Latn]" classname="org.apache.commons.collections4.MapUtilsTest" time="0"/>
  <testcase name="testgetByteValue[sr__#Latn]" classname="org.apache.commons.collections4.MapUtilsTest" time="0"/>
  <testcase name="testSize0[sr__#Latn]" classname="org.apache.commons.collections4.MapUtilsTest" time="0"/>
  <testcase name="testSize[sr__#Latn]" classname="org.apache.commons.collections4.MapUtilsTest" time="0"/>
  <testcase name="testIsNotEmptyWithEmptyMap[sr__#Latn]" classname="org.apache.commons.collections4.MapUtilsTest" time="0"/>
  <testcase name="testIsNotEmptyWithNull[sr__#Latn]" classname="org.apache.commons.collections4.MapUtilsTest" time="0"/>
  <testcase name="testIterableSortedMap[sr__#Latn]" classname="org.apache.commons.collections4.MapUtilsTest" time="0"/>
  <testcase name="testgetNumber[sr__#Latn]" classname="org.apache.commons.collections4.MapUtilsTest" time="0"/>
  <testcase name="testgetObject[sr__#Latn]" classname="org.apache.commons.collections4.MapUtilsTest" time="0"/>
  <testcase name="testgetString[sr__#Latn]" classname="org.apache.commons.collections4.MapUtilsTest" time="0"/>
  <testcase name="testPutAll_Map_array[sr__#Latn]" classname="org.apache.commons.collections4.MapUtilsTest" time="0"/>
  <testcase name="testVerbosePrintSelfReference[sr__#Latn]" classname="org.apache.commons.collections4.MapUtilsTest" time="0"/>
  <testcase name="testDebugPrintNullLabel[sr__#Latn]" classname="org.apache.commons.collections4.MapUtilsTest" time="0"/>
  <testcase name="testgetFloatValue[sr__#Latn]" classname="org.apache.commons.collections4.MapUtilsTest" time="0"/>
  <testcase name="testConvertResourceBundle[sr__#Latn]" classname="org.apache.commons.collections4.MapUtilsTest" time="0"/>
  <testcase name="testOrderedMap[sr__#Latn]" classname="org.apache.commons.collections4.MapUtilsTest" time="0"/>
  <testcase name="testDebugPrintNullLabelAndMap[sr__#Latn]" classname="org.apache.commons.collections4.MapUtilsTest" time="0"/>
  <testcase name="testEmptyIfNull[sr__#Latn]" classname="org.apache.commons.collections4.MapUtilsTest" time="0"/>
  <testcase name="testgetIntValue[sr__#Latn]" classname="org.apache.commons.collections4.MapUtilsTest" time="0"/>
  <testcase name="testDebugPrintSelfReference[sr__#Latn]" classname="org.apache.commons.collections4.MapUtilsTest" time="0"/>
  <testcase name="testIterableMap[sr__#Latn]" classname="org.apache.commons.collections4.MapUtilsTest" time="0"/>
  <testcase name="testDebugAndVerbosePrintNullMap[sr__#Latn]" classname="org.apache.commons.collections4.MapUtilsTest" time="0"/>
  <testcase name="testVerbosePrintNullLabel[sr__#Latn]" classname="org.apache.commons.collections4.MapUtilsTest" time="0"/>
  <testcase name="testDebugPrintNullKey[sr__#Latn]" classname="org.apache.commons.collections4.MapUtilsTest" time="0"/>
  <testcase name="testPredicatedMap[sr__#Latn]" classname="org.apache.commons.collections4.MapUtilsTest" time="0"/>
  <testcase name="testgetLongValue[sr__#Latn]" classname="org.apache.commons.collections4.MapUtilsTest" time="0"/>
  <testcase name="testVerbosePrintNullKeyToMap1[sr__#Latn]" classname="org.apache.commons.collections4.MapUtilsTest" time="0"/>
  <testcase name="testVerbosePrintNullKeyToMap2[sr__#Latn]" classname="org.apache.commons.collections4.MapUtilsTest" time="0"/>
  <testcase name="testPopulateMap[sr__#Latn]" classname="org.apache.commons.collections4.MapUtilsTest" time="0"/>
  <testcase name="testToPropertiesEmpty[sr__#Latn]" classname="org.apache.commons.collections4.MapUtilsTest" time="0"/>
  <testcase name="testPopulateMultiMap[sr__#Latn]" classname="org.apache.commons.collections4.MapUtilsTest" time="0"/>
  <testcase name="testDebugPrintNullStream[sr__#Latn]" classname="org.apache.commons.collections4.MapUtilsTest" time="0"/>
  <testcase name="testgetBooleanValue[sr__#Latn]" classname="org.apache.commons.collections4.MapUtilsTest" time="0"/>
  <testcase name="testIsEmptyWithEmptyMap[sr__#Latn]" classname="org.apache.commons.collections4.MapUtilsTest" time="0"/>
  <testcase name="testVerbosePrintNullKey[sr__#Latn]" classname="org.apache.commons.collections4.MapUtilsTest" time="0"/>
  <testcase name="testSizeNull[sr__#Latn]" classname="org.apache.commons.collections4.MapUtilsTest" time="0"/>
  <testcase name="testDebugPrintNullKeyToMap1[sr__#Latn]" classname="org.apache.commons.collections4.MapUtilsTest" time="0"/>
  <testcase name="testDebugPrintNullKeyToMap2[sr__#Latn]" classname="org.apache.commons.collections4.MapUtilsTest" time="0"/>
  <testcase name="testDebugPrint[sr__#Latn]" classname="org.apache.commons.collections4.MapUtilsTest" time="0"/>
  <testcase name="testgetDoubleValue[sr__#Latn]" classname="org.apache.commons.collections4.MapUtilsTest" time="0"/>
  <testcase name="testVerbosePrintNullStream[sr__#Latn]" classname="org.apache.commons.collections4.MapUtilsTest" time="0"/>
  <testcase name="testVerbosePrintNullLabelAndMap[sv]" classname="org.apache.commons.collections4.MapUtilsTest" time="0"/>
  <testcase name="testgetMap[sv]" classname="org.apache.commons.collections4.MapUtilsTest" time="0"/>
  <testcase name="testToProperties[sv]" classname="org.apache.commons.collections4.MapUtilsTest" time="0"/>
  <testcase name="testgetShortValue[sv]" classname="org.apache.commons.collections4.MapUtilsTest" time="0.001"/>
  <testcase name="testIsEmptyWithNull[sv]" classname="org.apache.commons.collections4.MapUtilsTest" time="0"/>
  <testcase name="testVerbosePrint[sv]" classname="org.apache.commons.collections4.MapUtilsTest" time="0"/>
  <testcase name="testLazyMapFactory[sv]" classname="org.apache.commons.collections4.MapUtilsTest" time="0"/>
  <testcase name="testLazyMapTransformer[sv]" classname="org.apache.commons.collections4.MapUtilsTest" time="0"/>
  <testcase name="testSafeAddToMap[sv]" classname="org.apache.commons.collections4.MapUtilsTest" time="0"/>
  <testcase name="testIsEmptyWithNonEmptyMap[sv]" classname="org.apache.commons.collections4.MapUtilsTest" time="0"/>
  <testcase name="testInvertMap[sv]" classname="org.apache.commons.collections4.MapUtilsTest" time="0"/>
  <testcase name="testDebugAndVerbosePrintCasting[sv]" classname="org.apache.commons.collections4.MapUtilsTest" time="0"/>
  <testcase name="testIsNotEmptyWithNonEmptyMap[sv]" classname="org.apache.commons.collections4.MapUtilsTest" time="0"/>
  <testcase name="testgetByteValue[sv]" classname="org.apache.commons.collections4.MapUtilsTest" time="0"/>
  <testcase name="testSize0[sv]" classname="org.apache.commons.collections4.MapUtilsTest" time="0"/>
  <testcase name="testSize[sv]" classname="org.apache.commons.collections4.MapUtilsTest" time="0"/>
  <testcase name="testIsNotEmptyWithEmptyMap[sv]" classname="org.apache.commons.collections4.MapUtilsTest" time="0"/>
  <testcase name="testIsNotEmptyWithNull[sv]" classname="org.apache.commons.collections4.MapUtilsTest" time="0"/>
  <testcase name="testIterableSortedMap[sv]" classname="org.apache.commons.collections4.MapUtilsTest" time="0"/>
  <testcase name="testgetNumber[sv]" classname="org.apache.commons.collections4.MapUtilsTest" time="0"/>
  <testcase name="testgetObject[sv]" classname="org.apache.commons.collections4.MapUtilsTest" time="0.001"/>
  <testcase name="testgetString[sv]" classname="org.apache.commons.collections4.MapUtilsTest" time="0"/>
  <testcase name="testPutAll_Map_array[sv]" classname="org.apache.commons.collections4.MapUtilsTest" time="0"/>
  <testcase name="testVerbosePrintSelfReference[sv]" classname="org.apache.commons.collections4.MapUtilsTest" time="0"/>
  <testcase name="testDebugPrintNullLabel[sv]" classname="org.apache.commons.collections4.MapUtilsTest" time="0"/>
  <testcase name="testgetFloatValue[sv]" classname="org.apache.commons.collections4.MapUtilsTest" time="0"/>
  <testcase name="testConvertResourceBundle[sv]" classname="org.apache.commons.collections4.MapUtilsTest" time="0"/>
  <testcase name="testOrderedMap[sv]" classname="org.apache.commons.collections4.MapUtilsTest" time="0"/>
  <testcase name="testDebugPrintNullLabelAndMap[sv]" classname="org.apache.commons.collections4.MapUtilsTest" time="0"/>
  <testcase name="testEmptyIfNull[sv]" classname="org.apache.commons.collections4.MapUtilsTest" time="0"/>
  <testcase name="testgetIntValue[sv]" classname="org.apache.commons.collections4.MapUtilsTest" time="0"/>
  <testcase name="testDebugPrintSelfReference[sv]" classname="org.apache.commons.collections4.MapUtilsTest" time="0"/>
  <testcase name="testIterableMap[sv]" classname="org.apache.commons.collections4.MapUtilsTest" time="0"/>
  <testcase name="testDebugAndVerbosePrintNullMap[sv]" classname="org.apache.commons.collections4.MapUtilsTest" time="0"/>
  <testcase name="testVerbosePrintNullLabel[sv]" classname="org.apache.commons.collections4.MapUtilsTest" time="0"/>
  <testcase name="testDebugPrintNullKey[sv]" classname="org.apache.commons.collections4.MapUtilsTest" time="0"/>
  <testcase name="testPredicatedMap[sv]" classname="org.apache.commons.collections4.MapUtilsTest" time="0"/>
  <testcase name="testgetLongValue[sv]" classname="org.apache.commons.collections4.MapUtilsTest" time="0"/>
  <testcase name="testVerbosePrintNullKeyToMap1[sv]" classname="org.apache.commons.collections4.MapUtilsTest" time="0"/>
  <testcase name="testVerbosePrintNullKeyToMap2[sv]" classname="org.apache.commons.collections4.MapUtilsTest" time="0"/>
  <testcase name="testPopulateMap[sv]" classname="org.apache.commons.collections4.MapUtilsTest" time="0"/>
  <testcase name="testToPropertiesEmpty[sv]" classname="org.apache.commons.collections4.MapUtilsTest" time="0"/>
  <testcase name="testPopulateMultiMap[sv]" classname="org.apache.commons.collections4.MapUtilsTest" time="0"/>
  <testcase name="testDebugPrintNullStream[sv]" classname="org.apache.commons.collections4.MapUtilsTest" time="0"/>
  <testcase name="testgetBooleanValue[sv]" classname="org.apache.commons.collections4.MapUtilsTest" time="0"/>
  <testcase name="testIsEmptyWithEmptyMap[sv]" classname="org.apache.commons.collections4.MapUtilsTest" time="0"/>
  <testcase name="testVerbosePrintNullKey[sv]" classname="org.apache.commons.collections4.MapUtilsTest" time="0"/>
  <testcase name="testSizeNull[sv]" classname="org.apache.commons.collections4.MapUtilsTest" time="0"/>
  <testcase name="testDebugPrintNullKeyToMap1[sv]" classname="org.apache.commons.collections4.MapUtilsTest" time="0"/>
  <testcase name="testDebugPrintNullKeyToMap2[sv]" classname="org.apache.commons.collections4.MapUtilsTest" time="0"/>
  <testcase name="testDebugPrint[sv]" classname="org.apache.commons.collections4.MapUtilsTest" time="0"/>
  <testcase name="testgetDoubleValue[sv]" classname="org.apache.commons.collections4.MapUtilsTest" time="0"/>
  <testcase name="testVerbosePrintNullStream[sv]" classname="org.apache.commons.collections4.MapUtilsTest" time="0"/>
  <testcase name="testVerbosePrintNullLabelAndMap[sv_SE]" classname="org.apache.commons.collections4.MapUtilsTest" time="0"/>
  <testcase name="testgetMap[sv_SE]" classname="org.apache.commons.collections4.MapUtilsTest" time="0"/>
  <testcase name="testToProperties[sv_SE]" classname="org.apache.commons.collections4.MapUtilsTest" time="0"/>
  <testcase name="testgetShortValue[sv_SE]" classname="org.apache.commons.collections4.MapUtilsTest" time="0.001"/>
  <testcase name="testIsEmptyWithNull[sv_SE]" classname="org.apache.commons.collections4.MapUtilsTest" time="0"/>
  <testcase name="testVerbosePrint[sv_SE]" classname="org.apache.commons.collections4.MapUtilsTest" time="0"/>
  <testcase name="testLazyMapFactory[sv_SE]" classname="org.apache.commons.collections4.MapUtilsTest" time="0"/>
  <testcase name="testLazyMapTransformer[sv_SE]" classname="org.apache.commons.collections4.MapUtilsTest" time="0"/>
  <testcase name="testSafeAddToMap[sv_SE]" classname="org.apache.commons.collections4.MapUtilsTest" time="0"/>
  <testcase name="testIsEmptyWithNonEmptyMap[sv_SE]" classname="org.apache.commons.collections4.MapUtilsTest" time="0.001"/>
  <testcase name="testInvertMap[sv_SE]" classname="org.apache.commons.collections4.MapUtilsTest" time="0"/>
  <testcase name="testDebugAndVerbosePrintCasting[sv_SE]" classname="org.apache.commons.collections4.MapUtilsTest" time="0"/>
  <testcase name="testIsNotEmptyWithNonEmptyMap[sv_SE]" classname="org.apache.commons.collections4.MapUtilsTest" time="0"/>
  <testcase name="testgetByteValue[sv_SE]" classname="org.apache.commons.collections4.MapUtilsTest" time="0"/>
  <testcase name="testSize0[sv_SE]" classname="org.apache.commons.collections4.MapUtilsTest" time="0"/>
  <testcase name="testSize[sv_SE]" classname="org.apache.commons.collections4.MapUtilsTest" time="0"/>
  <testcase name="testIsNotEmptyWithEmptyMap[sv_SE]" classname="org.apache.commons.collections4.MapUtilsTest" time="0"/>
  <testcase name="testIsNotEmptyWithNull[sv_SE]" classname="org.apache.commons.collections4.MapUtilsTest" time="0"/>
  <testcase name="testIterableSortedMap[sv_SE]" classname="org.apache.commons.collections4.MapUtilsTest" time="0"/>
  <testcase name="testgetNumber[sv_SE]" classname="org.apache.commons.collections4.MapUtilsTest" time="0"/>
  <testcase name="testgetObject[sv_SE]" classname="org.apache.commons.collections4.MapUtilsTest" time="0"/>
  <testcase name="testgetString[sv_SE]" classname="org.apache.commons.collections4.MapUtilsTest" time="0"/>
  <testcase name="testPutAll_Map_array[sv_SE]" classname="org.apache.commons.collections4.MapUtilsTest" time="0"/>
  <testcase name="testVerbosePrintSelfReference[sv_SE]" classname="org.apache.commons.collections4.MapUtilsTest" time="0"/>
  <testcase name="testDebugPrintNullLabel[sv_SE]" classname="org.apache.commons.collections4.MapUtilsTest" time="0"/>
  <testcase name="testgetFloatValue[sv_SE]" classname="org.apache.commons.collections4.MapUtilsTest" time="0"/>
  <testcase name="testConvertResourceBundle[sv_SE]" classname="org.apache.commons.collections4.MapUtilsTest" time="0"/>
  <testcase name="testOrderedMap[sv_SE]" classname="org.apache.commons.collections4.MapUtilsTest" time="0"/>
  <testcase name="testDebugPrintNullLabelAndMap[sv_SE]" classname="org.apache.commons.collections4.MapUtilsTest" time="0"/>
  <testcase name="testEmptyIfNull[sv_SE]" classname="org.apache.commons.collections4.MapUtilsTest" time="0"/>
  <testcase name="testgetIntValue[sv_SE]" classname="org.apache.commons.collections4.MapUtilsTest" time="0"/>
  <testcase name="testDebugPrintSelfReference[sv_SE]" classname="org.apache.commons.collections4.MapUtilsTest" time="0"/>
  <testcase name="testIterableMap[sv_SE]" classname="org.apache.commons.collections4.MapUtilsTest" time="0"/>
  <testcase name="testDebugAndVerbosePrintNullMap[sv_SE]" classname="org.apache.commons.collections4.MapUtilsTest" time="0"/>
  <testcase name="testVerbosePrintNullLabel[sv_SE]" classname="org.apache.commons.collections4.MapUtilsTest" time="0"/>
  <testcase name="testDebugPrintNullKey[sv_SE]" classname="org.apache.commons.collections4.MapUtilsTest" time="0"/>
  <testcase name="testPredicatedMap[sv_SE]" classname="org.apache.commons.collections4.MapUtilsTest" time="0"/>
  <testcase name="testgetLongValue[sv_SE]" classname="org.apache.commons.collections4.MapUtilsTest" time="0"/>
  <testcase name="testVerbosePrintNullKeyToMap1[sv_SE]" classname="org.apache.commons.collections4.MapUtilsTest" time="0"/>
  <testcase name="testVerbosePrintNullKeyToMap2[sv_SE]" classname="org.apache.commons.collections4.MapUtilsTest" time="0"/>
  <testcase name="testPopulateMap[sv_SE]" classname="org.apache.commons.collections4.MapUtilsTest" time="0"/>
  <testcase name="testToPropertiesEmpty[sv_SE]" classname="org.apache.commons.collections4.MapUtilsTest" time="0"/>
  <testcase name="testPopulateMultiMap[sv_SE]" classname="org.apache.commons.collections4.MapUtilsTest" time="0"/>
  <testcase name="testDebugPrintNullStream[sv_SE]" classname="org.apache.commons.collections4.MapUtilsTest" time="0.001"/>
  <testcase name="testgetBooleanValue[sv_SE]" classname="org.apache.commons.collections4.MapUtilsTest" time="0"/>
  <testcase name="testIsEmptyWithEmptyMap[sv_SE]" classname="org.apache.commons.collections4.MapUtilsTest" time="0"/>
  <testcase name="testVerbosePrintNullKey[sv_SE]" classname="org.apache.commons.collections4.MapUtilsTest" time="0"/>
  <testcase name="testSizeNull[sv_SE]" classname="org.apache.commons.collections4.MapUtilsTest" time="0"/>
  <testcase name="testDebugPrintNullKeyToMap1[sv_SE]" classname="org.apache.commons.collections4.MapUtilsTest" time="0"/>
  <testcase name="testDebugPrintNullKeyToMap2[sv_SE]" classname="org.apache.commons.collections4.MapUtilsTest" time="0"/>
  <testcase name="testDebugPrint[sv_SE]" classname="org.apache.commons.collections4.MapUtilsTest" time="0"/>
  <testcase name="testgetDoubleValue[sv_SE]" classname="org.apache.commons.collections4.MapUtilsTest" time="0"/>
  <testcase name="testVerbosePrintNullStream[sv_SE]" classname="org.apache.commons.collections4.MapUtilsTest" time="0"/>
  <testcase name="testVerbosePrintNullLabelAndMap[th]" classname="org.apache.commons.collections4.MapUtilsTest" time="0"/>
  <testcase name="testgetMap[th]" classname="org.apache.commons.collections4.MapUtilsTest" time="0"/>
  <testcase name="testToProperties[th]" classname="org.apache.commons.collections4.MapUtilsTest" time="0"/>
  <testcase name="testgetShortValue[th]" classname="org.apache.commons.collections4.MapUtilsTest" time="0.001"/>
  <testcase name="testIsEmptyWithNull[th]" classname="org.apache.commons.collections4.MapUtilsTest" time="0"/>
  <testcase name="testVerbosePrint[th]" classname="org.apache.commons.collections4.MapUtilsTest" time="0"/>
  <testcase name="testLazyMapFactory[th]" classname="org.apache.commons.collections4.MapUtilsTest" time="0"/>
  <testcase name="testLazyMapTransformer[th]" classname="org.apache.commons.collections4.MapUtilsTest" time="0"/>
  <testcase name="testSafeAddToMap[th]" classname="org.apache.commons.collections4.MapUtilsTest" time="0"/>
  <testcase name="testIsEmptyWithNonEmptyMap[th]" classname="org.apache.commons.collections4.MapUtilsTest" time="0"/>
  <testcase name="testInvertMap[th]" classname="org.apache.commons.collections4.MapUtilsTest" time="0"/>
  <testcase name="testDebugAndVerbosePrintCasting[th]" classname="org.apache.commons.collections4.MapUtilsTest" time="0"/>
  <testcase name="testIsNotEmptyWithNonEmptyMap[th]" classname="org.apache.commons.collections4.MapUtilsTest" time="0"/>
  <testcase name="testgetByteValue[th]" classname="org.apache.commons.collections4.MapUtilsTest" time="0"/>
  <testcase name="testSize0[th]" classname="org.apache.commons.collections4.MapUtilsTest" time="0"/>
  <testcase name="testSize[th]" classname="org.apache.commons.collections4.MapUtilsTest" time="0"/>
  <testcase name="testIsNotEmptyWithEmptyMap[th]" classname="org.apache.commons.collections4.MapUtilsTest" time="0"/>
  <testcase name="testIsNotEmptyWithNull[th]" classname="org.apache.commons.collections4.MapUtilsTest" time="0"/>
  <testcase name="testIterableSortedMap[th]" classname="org.apache.commons.collections4.MapUtilsTest" time="0"/>
  <testcase name="testgetNumber[th]" classname="org.apache.commons.collections4.MapUtilsTest" time="0"/>
  <testcase name="testgetObject[th]" classname="org.apache.commons.collections4.MapUtilsTest" time="0"/>
  <testcase name="testgetString[th]" classname="org.apache.commons.collections4.MapUtilsTest" time="0"/>
  <testcase name="testPutAll_Map_array[th]" classname="org.apache.commons.collections4.MapUtilsTest" time="0"/>
  <testcase name="testVerbosePrintSelfReference[th]" classname="org.apache.commons.collections4.MapUtilsTest" time="0"/>
  <testcase name="testDebugPrintNullLabel[th]" classname="org.apache.commons.collections4.MapUtilsTest" time="0"/>
  <testcase name="testgetFloatValue[th]" classname="org.apache.commons.collections4.MapUtilsTest" time="0"/>
  <testcase name="testConvertResourceBundle[th]" classname="org.apache.commons.collections4.MapUtilsTest" time="0"/>
  <testcase name="testOrderedMap[th]" classname="org.apache.commons.collections4.MapUtilsTest" time="0"/>
  <testcase name="testDebugPrintNullLabelAndMap[th]" classname="org.apache.commons.collections4.MapUtilsTest" time="0"/>
  <testcase name="testEmptyIfNull[th]" classname="org.apache.commons.collections4.MapUtilsTest" time="0"/>
  <testcase name="testgetIntValue[th]" classname="org.apache.commons.collections4.MapUtilsTest" time="0"/>
  <testcase name="testDebugPrintSelfReference[th]" classname="org.apache.commons.collections4.MapUtilsTest" time="0"/>
  <testcase name="testIterableMap[th]" classname="org.apache.commons.collections4.MapUtilsTest" time="0"/>
  <testcase name="testDebugAndVerbosePrintNullMap[th]" classname="org.apache.commons.collections4.MapUtilsTest" time="0"/>
  <testcase name="testVerbosePrintNullLabel[th]" classname="org.apache.commons.collections4.MapUtilsTest" time="0"/>
  <testcase name="testDebugPrintNullKey[th]" classname="org.apache.commons.collections4.MapUtilsTest" time="0"/>
  <testcase name="testPredicatedMap[th]" classname="org.apache.commons.collections4.MapUtilsTest" time="0"/>
  <testcase name="testgetLongValue[th]" classname="org.apache.commons.collections4.MapUtilsTest" time="0.001"/>
  <testcase name="testVerbosePrintNullKeyToMap1[th]" classname="org.apache.commons.collections4.MapUtilsTest" time="0"/>
  <testcase name="testVerbosePrintNullKeyToMap2[th]" classname="org.apache.commons.collections4.MapUtilsTest" time="0"/>
  <testcase name="testPopulateMap[th]" classname="org.apache.commons.collections4.MapUtilsTest" time="0"/>
  <testcase name="testToPropertiesEmpty[th]" classname="org.apache.commons.collections4.MapUtilsTest" time="0"/>
  <testcase name="testPopulateMultiMap[th]" classname="org.apache.commons.collections4.MapUtilsTest" time="0"/>
  <testcase name="testDebugPrintNullStream[th]" classname="org.apache.commons.collections4.MapUtilsTest" time="0"/>
  <testcase name="testgetBooleanValue[th]" classname="org.apache.commons.collections4.MapUtilsTest" time="0"/>
  <testcase name="testIsEmptyWithEmptyMap[th]" classname="org.apache.commons.collections4.MapUtilsTest" time="0"/>
  <testcase name="testVerbosePrintNullKey[th]" classname="org.apache.commons.collections4.MapUtilsTest" time="0"/>
  <testcase name="testSizeNull[th]" classname="org.apache.commons.collections4.MapUtilsTest" time="0"/>
  <testcase name="testDebugPrintNullKeyToMap1[th]" classname="org.apache.commons.collections4.MapUtilsTest" time="0"/>
  <testcase name="testDebugPrintNullKeyToMap2[th]" classname="org.apache.commons.collections4.MapUtilsTest" time="0"/>
  <testcase name="testDebugPrint[th]" classname="org.apache.commons.collections4.MapUtilsTest" time="0"/>
  <testcase name="testgetDoubleValue[th]" classname="org.apache.commons.collections4.MapUtilsTest" time="0"/>
  <testcase name="testVerbosePrintNullStream[th]" classname="org.apache.commons.collections4.MapUtilsTest" time="0"/>
  <testcase name="testVerbosePrintNullLabelAndMap[th_TH]" classname="org.apache.commons.collections4.MapUtilsTest" time="0"/>
  <testcase name="testgetMap[th_TH]" classname="org.apache.commons.collections4.MapUtilsTest" time="0"/>
  <testcase name="testToProperties[th_TH]" classname="org.apache.commons.collections4.MapUtilsTest" time="0"/>
  <testcase name="testgetShortValue[th_TH]" classname="org.apache.commons.collections4.MapUtilsTest" time="0.001"/>
  <testcase name="testIsEmptyWithNull[th_TH]" classname="org.apache.commons.collections4.MapUtilsTest" time="0"/>
  <testcase name="testVerbosePrint[th_TH]" classname="org.apache.commons.collections4.MapUtilsTest" time="0"/>
  <testcase name="testLazyMapFactory[th_TH]" classname="org.apache.commons.collections4.MapUtilsTest" time="0"/>
  <testcase name="testLazyMapTransformer[th_TH]" classname="org.apache.commons.collections4.MapUtilsTest" time="0"/>
  <testcase name="testSafeAddToMap[th_TH]" classname="org.apache.commons.collections4.MapUtilsTest" time="0"/>
  <testcase name="testIsEmptyWithNonEmptyMap[th_TH]" classname="org.apache.commons.collections4.MapUtilsTest" time="0"/>
  <testcase name="testInvertMap[th_TH]" classname="org.apache.commons.collections4.MapUtilsTest" time="0"/>
  <testcase name="testDebugAndVerbosePrintCasting[th_TH]" classname="org.apache.commons.collections4.MapUtilsTest" time="0"/>
  <testcase name="testIsNotEmptyWithNonEmptyMap[th_TH]" classname="org.apache.commons.collections4.MapUtilsTest" time="0"/>
  <testcase name="testgetByteValue[th_TH]" classname="org.apache.commons.collections4.MapUtilsTest" time="0"/>
  <testcase name="testSize0[th_TH]" classname="org.apache.commons.collections4.MapUtilsTest" time="0"/>
  <testcase name="testSize[th_TH]" classname="org.apache.commons.collections4.MapUtilsTest" time="0"/>
  <testcase name="testIsNotEmptyWithEmptyMap[th_TH]" classname="org.apache.commons.collections4.MapUtilsTest" time="0"/>
  <testcase name="testIsNotEmptyWithNull[th_TH]" classname="org.apache.commons.collections4.MapUtilsTest" time="0"/>
  <testcase name="testIterableSortedMap[th_TH]" classname="org.apache.commons.collections4.MapUtilsTest" time="0"/>
  <testcase name="testgetNumber[th_TH]" classname="org.apache.commons.collections4.MapUtilsTest" time="0"/>
  <testcase name="testgetObject[th_TH]" classname="org.apache.commons.collections4.MapUtilsTest" time="0"/>
  <testcase name="testgetString[th_TH]" classname="org.apache.commons.collections4.MapUtilsTest" time="0"/>
  <testcase name="testPutAll_Map_array[th_TH]" classname="org.apache.commons.collections4.MapUtilsTest" time="0"/>
  <testcase name="testVerbosePrintSelfReference[th_TH]" classname="org.apache.commons.collections4.MapUtilsTest" time="0"/>
  <testcase name="testDebugPrintNullLabel[th_TH]" classname="org.apache.commons.collections4.MapUtilsTest" time="0"/>
  <testcase name="testgetFloatValue[th_TH]" classname="org.apache.commons.collections4.MapUtilsTest" time="0"/>
  <testcase name="testConvertResourceBundle[th_TH]" classname="org.apache.commons.collections4.MapUtilsTest" time="0"/>
  <testcase name="testOrderedMap[th_TH]" classname="org.apache.commons.collections4.MapUtilsTest" time="0.001"/>
  <testcase name="testDebugPrintNullLabelAndMap[th_TH]" classname="org.apache.commons.collections4.MapUtilsTest" time="0"/>
  <testcase name="testEmptyIfNull[th_TH]" classname="org.apache.commons.collections4.MapUtilsTest" time="0"/>
  <testcase name="testgetIntValue[th_TH]" classname="org.apache.commons.collections4.MapUtilsTest" time="0"/>
  <testcase name="testDebugPrintSelfReference[th_TH]" classname="org.apache.commons.collections4.MapUtilsTest" time="0"/>
  <testcase name="testIterableMap[th_TH]" classname="org.apache.commons.collections4.MapUtilsTest" time="0"/>
  <testcase name="testDebugAndVerbosePrintNullMap[th_TH]" classname="org.apache.commons.collections4.MapUtilsTest" time="0"/>
  <testcase name="testVerbosePrintNullLabel[th_TH]" classname="org.apache.commons.collections4.MapUtilsTest" time="0"/>
  <testcase name="testDebugPrintNullKey[th_TH]" classname="org.apache.commons.collections4.MapUtilsTest" time="0"/>
  <testcase name="testPredicatedMap[th_TH]" classname="org.apache.commons.collections4.MapUtilsTest" time="0"/>
  <testcase name="testgetLongValue[th_TH]" classname="org.apache.commons.collections4.MapUtilsTest" time="0"/>
  <testcase name="testVerbosePrintNullKeyToMap1[th_TH]" classname="org.apache.commons.collections4.MapUtilsTest" time="0"/>
  <testcase name="testVerbosePrintNullKeyToMap2[th_TH]" classname="org.apache.commons.collections4.MapUtilsTest" time="0"/>
  <testcase name="testPopulateMap[th_TH]" classname="org.apache.commons.collections4.MapUtilsTest" time="0"/>
  <testcase name="testToPropertiesEmpty[th_TH]" classname="org.apache.commons.collections4.MapUtilsTest" time="0"/>
  <testcase name="testPopulateMultiMap[th_TH]" classname="org.apache.commons.collections4.MapUtilsTest" time="0"/>
  <testcase name="testDebugPrintNullStream[th_TH]" classname="org.apache.commons.collections4.MapUtilsTest" time="0"/>
  <testcase name="testgetBooleanValue[th_TH]" classname="org.apache.commons.collections4.MapUtilsTest" time="0"/>
  <testcase name="testIsEmptyWithEmptyMap[th_TH]" classname="org.apache.commons.collections4.MapUtilsTest" time="0"/>
  <testcase name="testVerbosePrintNullKey[th_TH]" classname="org.apache.commons.collections4.MapUtilsTest" time="0"/>
  <testcase name="testSizeNull[th_TH]" classname="org.apache.commons.collections4.MapUtilsTest" time="0"/>
  <testcase name="testDebugPrintNullKeyToMap1[th_TH]" classname="org.apache.commons.collections4.MapUtilsTest" time="0"/>
  <testcase name="testDebugPrintNullKeyToMap2[th_TH]" classname="org.apache.commons.collections4.MapUtilsTest" time="0"/>
  <testcase name="testDebugPrint[th_TH]" classname="org.apache.commons.collections4.MapUtilsTest" time="0"/>
  <testcase name="testgetDoubleValue[th_TH]" classname="org.apache.commons.collections4.MapUtilsTest" time="0"/>
  <testcase name="testVerbosePrintNullStream[th_TH]" classname="org.apache.commons.collections4.MapUtilsTest" time="0"/>
  <testcase name="testVerbosePrintNullLabelAndMap[th_TH_TH_#u-nu-thai]" classname="org.apache.commons.collections4.MapUtilsTest" time="0"/>
  <testcase name="testgetMap[th_TH_TH_#u-nu-thai]" classname="org.apache.commons.collections4.MapUtilsTest" time="0"/>
  <testcase name="testToProperties[th_TH_TH_#u-nu-thai]" classname="org.apache.commons.collections4.MapUtilsTest" time="0"/>
  <testcase name="testgetShortValue[th_TH_TH_#u-nu-thai]" classname="org.apache.commons.collections4.MapUtilsTest" time="0"/>
  <testcase name="testIsEmptyWithNull[th_TH_TH_#u-nu-thai]" classname="org.apache.commons.collections4.MapUtilsTest" time="0"/>
  <testcase name="testVerbosePrint[th_TH_TH_#u-nu-thai]" classname="org.apache.commons.collections4.MapUtilsTest" time="0"/>
  <testcase name="testLazyMapFactory[th_TH_TH_#u-nu-thai]" classname="org.apache.commons.collections4.MapUtilsTest" time="0.001"/>
  <testcase name="testLazyMapTransformer[th_TH_TH_#u-nu-thai]" classname="org.apache.commons.collections4.MapUtilsTest" time="0"/>
  <testcase name="testSafeAddToMap[th_TH_TH_#u-nu-thai]" classname="org.apache.commons.collections4.MapUtilsTest" time="0"/>
  <testcase name="testIsEmptyWithNonEmptyMap[th_TH_TH_#u-nu-thai]" classname="org.apache.commons.collections4.MapUtilsTest" time="0"/>
  <testcase name="testInvertMap[th_TH_TH_#u-nu-thai]" classname="org.apache.commons.collections4.MapUtilsTest" time="0"/>
  <testcase name="testDebugAndVerbosePrintCasting[th_TH_TH_#u-nu-thai]" classname="org.apache.commons.collections4.MapUtilsTest" time="0"/>
  <testcase name="testIsNotEmptyWithNonEmptyMap[th_TH_TH_#u-nu-thai]" classname="org.apache.commons.collections4.MapUtilsTest" time="0"/>
  <testcase name="testgetByteValue[th_TH_TH_#u-nu-thai]" classname="org.apache.commons.collections4.MapUtilsTest" time="0"/>
  <testcase name="testSize0[th_TH_TH_#u-nu-thai]" classname="org.apache.commons.collections4.MapUtilsTest" time="0"/>
  <testcase name="testSize[th_TH_TH_#u-nu-thai]" classname="org.apache.commons.collections4.MapUtilsTest" time="0"/>
  <testcase name="testIsNotEmptyWithEmptyMap[th_TH_TH_#u-nu-thai]" classname="org.apache.commons.collections4.MapUtilsTest" time="0"/>
  <testcase name="testIsNotEmptyWithNull[th_TH_TH_#u-nu-thai]" classname="org.apache.commons.collections4.MapUtilsTest" time="0"/>
  <testcase name="testIterableSortedMap[th_TH_TH_#u-nu-thai]" classname="org.apache.commons.collections4.MapUtilsTest" time="0"/>
  <testcase name="testgetNumber[th_TH_TH_#u-nu-thai]" classname="org.apache.commons.collections4.MapUtilsTest" time="0"/>
  <testcase name="testgetObject[th_TH_TH_#u-nu-thai]" classname="org.apache.commons.collections4.MapUtilsTest" time="0"/>
  <testcase name="testgetString[th_TH_TH_#u-nu-thai]" classname="org.apache.commons.collections4.MapUtilsTest" time="0"/>
  <testcase name="testPutAll_Map_array[th_TH_TH_#u-nu-thai]" classname="org.apache.commons.collections4.MapUtilsTest" time="0"/>
  <testcase name="testVerbosePrintSelfReference[th_TH_TH_#u-nu-thai]" classname="org.apache.commons.collections4.MapUtilsTest" time="0"/>
  <testcase name="testDebugPrintNullLabel[th_TH_TH_#u-nu-thai]" classname="org.apache.commons.collections4.MapUtilsTest" time="0"/>
  <testcase name="testgetFloatValue[th_TH_TH_#u-nu-thai]" classname="org.apache.commons.collections4.MapUtilsTest" time="0"/>
  <testcase name="testConvertResourceBundle[th_TH_TH_#u-nu-thai]" classname="org.apache.commons.collections4.MapUtilsTest" time="0"/>
  <testcase name="testOrderedMap[th_TH_TH_#u-nu-thai]" classname="org.apache.commons.collections4.MapUtilsTest" time="0"/>
  <testcase name="testDebugPrintNullLabelAndMap[th_TH_TH_#u-nu-thai]" classname="org.apache.commons.collections4.MapUtilsTest" time="0"/>
  <testcase name="testEmptyIfNull[th_TH_TH_#u-nu-thai]" classname="org.apache.commons.collections4.MapUtilsTest" time="0"/>
  <testcase name="testgetIntValue[th_TH_TH_#u-nu-thai]" classname="org.apache.commons.collections4.MapUtilsTest" time="0"/>
  <testcase name="testDebugPrintSelfReference[th_TH_TH_#u-nu-thai]" classname="org.apache.commons.collections4.MapUtilsTest" time="0"/>
  <testcase name="testIterableMap[th_TH_TH_#u-nu-thai]" classname="org.apache.commons.collections4.MapUtilsTest" time="0"/>
  <testcase name="testDebugAndVerbosePrintNullMap[th_TH_TH_#u-nu-thai]" classname="org.apache.commons.collections4.MapUtilsTest" time="0"/>
  <testcase name="testVerbosePrintNullLabel[th_TH_TH_#u-nu-thai]" classname="org.apache.commons.collections4.MapUtilsTest" time="0"/>
  <testcase name="testDebugPrintNullKey[th_TH_TH_#u-nu-thai]" classname="org.apache.commons.collections4.MapUtilsTest" time="0"/>
  <testcase name="testPredicatedMap[th_TH_TH_#u-nu-thai]" classname="org.apache.commons.collections4.MapUtilsTest" time="0"/>
  <testcase name="testgetLongValue[th_TH_TH_#u-nu-thai]" classname="org.apache.commons.collections4.MapUtilsTest" time="0"/>
  <testcase name="testVerbosePrintNullKeyToMap1[th_TH_TH_#u-nu-thai]" classname="org.apache.commons.collections4.MapUtilsTest" time="0"/>
  <testcase name="testVerbosePrintNullKeyToMap2[th_TH_TH_#u-nu-thai]" classname="org.apache.commons.collections4.MapUtilsTest" time="0"/>
  <testcase name="testPopulateMap[th_TH_TH_#u-nu-thai]" classname="org.apache.commons.collections4.MapUtilsTest" time="0"/>
  <testcase name="testToPropertiesEmpty[th_TH_TH_#u-nu-thai]" classname="org.apache.commons.collections4.MapUtilsTest" time="0"/>
  <testcase name="testPopulateMultiMap[th_TH_TH_#u-nu-thai]" classname="org.apache.commons.collections4.MapUtilsTest" time="0"/>
  <testcase name="testDebugPrintNullStream[th_TH_TH_#u-nu-thai]" classname="org.apache.commons.collections4.MapUtilsTest" time="0"/>
  <testcase name="testgetBooleanValue[th_TH_TH_#u-nu-thai]" classname="org.apache.commons.collections4.MapUtilsTest" time="0"/>
  <testcase name="testIsEmptyWithEmptyMap[th_TH_TH_#u-nu-thai]" classname="org.apache.commons.collections4.MapUtilsTest" time="0"/>
  <testcase name="testVerbosePrintNullKey[th_TH_TH_#u-nu-thai]" classname="org.apache.commons.collections4.MapUtilsTest" time="0"/>
  <testcase name="testSizeNull[th_TH_TH_#u-nu-thai]" classname="org.apache.commons.collections4.MapUtilsTest" time="0"/>
  <testcase name="testDebugPrintNullKeyToMap1[th_TH_TH_#u-nu-thai]" classname="org.apache.commons.collections4.MapUtilsTest" time="0"/>
  <testcase name="testDebugPrintNullKeyToMap2[th_TH_TH_#u-nu-thai]" classname="org.apache.commons.collections4.MapUtilsTest" time="0"/>
  <testcase name="testDebugPrint[th_TH_TH_#u-nu-thai]" classname="org.apache.commons.collections4.MapUtilsTest" time="0"/>
  <testcase name="testgetDoubleValue[th_TH_TH_#u-nu-thai]" classname="org.apache.commons.collections4.MapUtilsTest" time="0"/>
  <testcase name="testVerbosePrintNullStream[th_TH_TH_#u-nu-thai]" classname="org.apache.commons.collections4.MapUtilsTest" time="0"/>
  <testcase name="testVerbosePrintNullLabelAndMap[tr]" classname="org.apache.commons.collections4.MapUtilsTest" time="0"/>
  <testcase name="testgetMap[tr]" classname="org.apache.commons.collections4.MapUtilsTest" time="0"/>
  <testcase name="testToProperties[tr]" classname="org.apache.commons.collections4.MapUtilsTest" time="0"/>
  <testcase name="testgetShortValue[tr]" classname="org.apache.commons.collections4.MapUtilsTest" time="0.001"/>
  <testcase name="testIsEmptyWithNull[tr]" classname="org.apache.commons.collections4.MapUtilsTest" time="0"/>
  <testcase name="testVerbosePrint[tr]" classname="org.apache.commons.collections4.MapUtilsTest" time="0"/>
  <testcase name="testLazyMapFactory[tr]" classname="org.apache.commons.collections4.MapUtilsTest" time="0"/>
  <testcase name="testLazyMapTransformer[tr]" classname="org.apache.commons.collections4.MapUtilsTest" time="0"/>
  <testcase name="testSafeAddToMap[tr]" classname="org.apache.commons.collections4.MapUtilsTest" time="0"/>
  <testcase name="testIsEmptyWithNonEmptyMap[tr]" classname="org.apache.commons.collections4.MapUtilsTest" time="0"/>
  <testcase name="testInvertMap[tr]" classname="org.apache.commons.collections4.MapUtilsTest" time="0"/>
  <testcase name="testDebugAndVerbosePrintCasting[tr]" classname="org.apache.commons.collections4.MapUtilsTest" time="0"/>
  <testcase name="testIsNotEmptyWithNonEmptyMap[tr]" classname="org.apache.commons.collections4.MapUtilsTest" time="0"/>
  <testcase name="testgetByteValue[tr]" classname="org.apache.commons.collections4.MapUtilsTest" time="0"/>
  <testcase name="testSize0[tr]" classname="org.apache.commons.collections4.MapUtilsTest" time="0"/>
  <testcase name="testSize[tr]" classname="org.apache.commons.collections4.MapUtilsTest" time="0"/>
  <testcase name="testIsNotEmptyWithEmptyMap[tr]" classname="org.apache.commons.collections4.MapUtilsTest" time="0"/>
  <testcase name="testIsNotEmptyWithNull[tr]" classname="org.apache.commons.collections4.MapUtilsTest" time="0"/>
  <testcase name="testIterableSortedMap[tr]" classname="org.apache.commons.collections4.MapUtilsTest" time="0"/>
  <testcase name="testgetNumber[tr]" classname="org.apache.commons.collections4.MapUtilsTest" time="0"/>
  <testcase name="testgetObject[tr]" classname="org.apache.commons.collections4.MapUtilsTest" time="0"/>
  <testcase name="testgetString[tr]" classname="org.apache.commons.collections4.MapUtilsTest" time="0"/>
  <testcase name="testPutAll_Map_array[tr]" classname="org.apache.commons.collections4.MapUtilsTest" time="0"/>
  <testcase name="testVerbosePrintSelfReference[tr]" classname="org.apache.commons.collections4.MapUtilsTest" time="0"/>
  <testcase name="testDebugPrintNullLabel[tr]" classname="org.apache.commons.collections4.MapUtilsTest" time="0"/>
  <testcase name="testgetFloatValue[tr]" classname="org.apache.commons.collections4.MapUtilsTest" time="0"/>
  <testcase name="testConvertResourceBundle[tr]" classname="org.apache.commons.collections4.MapUtilsTest" time="0"/>
  <testcase name="testOrderedMap[tr]" classname="org.apache.commons.collections4.MapUtilsTest" time="0"/>
  <testcase name="testDebugPrintNullLabelAndMap[tr]" classname="org.apache.commons.collections4.MapUtilsTest" time="0"/>
  <testcase name="testEmptyIfNull[tr]" classname="org.apache.commons.collections4.MapUtilsTest" time="0"/>
  <testcase name="testgetIntValue[tr]" classname="org.apache.commons.collections4.MapUtilsTest" time="0"/>
  <testcase name="testDebugPrintSelfReference[tr]" classname="org.apache.commons.collections4.MapUtilsTest" time="0.001"/>
  <testcase name="testIterableMap[tr]" classname="org.apache.commons.collections4.MapUtilsTest" time="0"/>
  <testcase name="testDebugAndVerbosePrintNullMap[tr]" classname="org.apache.commons.collections4.MapUtilsTest" time="0"/>
  <testcase name="testVerbosePrintNullLabel[tr]" classname="org.apache.commons.collections4.MapUtilsTest" time="0"/>
  <testcase name="testDebugPrintNullKey[tr]" classname="org.apache.commons.collections4.MapUtilsTest" time="0"/>
  <testcase name="testPredicatedMap[tr]" classname="org.apache.commons.collections4.MapUtilsTest" time="0"/>
  <testcase name="testgetLongValue[tr]" classname="org.apache.commons.collections4.MapUtilsTest" time="0"/>
  <testcase name="testVerbosePrintNullKeyToMap1[tr]" classname="org.apache.commons.collections4.MapUtilsTest" time="0"/>
  <testcase name="testVerbosePrintNullKeyToMap2[tr]" classname="org.apache.commons.collections4.MapUtilsTest" time="0"/>
  <testcase name="testPopulateMap[tr]" classname="org.apache.commons.collections4.MapUtilsTest" time="0"/>
  <testcase name="testToPropertiesEmpty[tr]" classname="org.apache.commons.collections4.MapUtilsTest" time="0"/>
  <testcase name="testPopulateMultiMap[tr]" classname="org.apache.commons.collections4.MapUtilsTest" time="0"/>
  <testcase name="testDebugPrintNullStream[tr]" classname="org.apache.commons.collections4.MapUtilsTest" time="0"/>
  <testcase name="testgetBooleanValue[tr]" classname="org.apache.commons.collections4.MapUtilsTest" time="0"/>
  <testcase name="testIsEmptyWithEmptyMap[tr]" classname="org.apache.commons.collections4.MapUtilsTest" time="0"/>
  <testcase name="testVerbosePrintNullKey[tr]" classname="org.apache.commons.collections4.MapUtilsTest" time="0"/>
  <testcase name="testSizeNull[tr]" classname="org.apache.commons.collections4.MapUtilsTest" time="0"/>
  <testcase name="testDebugPrintNullKeyToMap1[tr]" classname="org.apache.commons.collections4.MapUtilsTest" time="0"/>
  <testcase name="testDebugPrintNullKeyToMap2[tr]" classname="org.apache.commons.collections4.MapUtilsTest" time="0"/>
  <testcase name="testDebugPrint[tr]" classname="org.apache.commons.collections4.MapUtilsTest" time="0"/>
  <testcase name="testgetDoubleValue[tr]" classname="org.apache.commons.collections4.MapUtilsTest" time="0"/>
  <testcase name="testVerbosePrintNullStream[tr]" classname="org.apache.commons.collections4.MapUtilsTest" time="0"/>
  <testcase name="testVerbosePrintNullLabelAndMap[tr_TR]" classname="org.apache.commons.collections4.MapUtilsTest" time="0"/>
  <testcase name="testgetMap[tr_TR]" classname="org.apache.commons.collections4.MapUtilsTest" time="0"/>
  <testcase name="testToProperties[tr_TR]" classname="org.apache.commons.collections4.MapUtilsTest" time="0"/>
  <testcase name="testgetShortValue[tr_TR]" classname="org.apache.commons.collections4.MapUtilsTest" time="0"/>
  <testcase name="testIsEmptyWithNull[tr_TR]" classname="org.apache.commons.collections4.MapUtilsTest" time="0"/>
  <testcase name="testVerbosePrint[tr_TR]" classname="org.apache.commons.collections4.MapUtilsTest" time="0.001"/>
  <testcase name="testLazyMapFactory[tr_TR]" classname="org.apache.commons.collections4.MapUtilsTest" time="0"/>
  <testcase name="testLazyMapTransformer[tr_TR]" classname="org.apache.commons.collections4.MapUtilsTest" time="0"/>
  <testcase name="testSafeAddToMap[tr_TR]" classname="org.apache.commons.collections4.MapUtilsTest" time="0"/>
  <testcase name="testIsEmptyWithNonEmptyMap[tr_TR]" classname="org.apache.commons.collections4.MapUtilsTest" time="0"/>
  <testcase name="testInvertMap[tr_TR]" classname="org.apache.commons.collections4.MapUtilsTest" time="0"/>
  <testcase name="testDebugAndVerbosePrintCasting[tr_TR]" classname="org.apache.commons.collections4.MapUtilsTest" time="0"/>
  <testcase name="testIsNotEmptyWithNonEmptyMap[tr_TR]" classname="org.apache.commons.collections4.MapUtilsTest" time="0"/>
  <testcase name="testgetByteValue[tr_TR]" classname="org.apache.commons.collections4.MapUtilsTest" time="0"/>
  <testcase name="testSize0[tr_TR]" classname="org.apache.commons.collections4.MapUtilsTest" time="0"/>
  <testcase name="testSize[tr_TR]" classname="org.apache.commons.collections4.MapUtilsTest" time="0"/>
  <testcase name="testIsNotEmptyWithEmptyMap[tr_TR]" classname="org.apache.commons.collections4.MapUtilsTest" time="0"/>
  <testcase name="testIsNotEmptyWithNull[tr_TR]" classname="org.apache.commons.collections4.MapUtilsTest" time="0"/>
  <testcase name="testIterableSortedMap[tr_TR]" classname="org.apache.commons.collections4.MapUtilsTest" time="0"/>
  <testcase name="testgetNumber[tr_TR]" classname="org.apache.commons.collections4.MapUtilsTest" time="0"/>
  <testcase name="testgetObject[tr_TR]" classname="org.apache.commons.collections4.MapUtilsTest" time="0"/>
  <testcase name="testgetString[tr_TR]" classname="org.apache.commons.collections4.MapUtilsTest" time="0"/>
  <testcase name="testPutAll_Map_array[tr_TR]" classname="org.apache.commons.collections4.MapUtilsTest" time="0"/>
  <testcase name="testVerbosePrintSelfReference[tr_TR]" classname="org.apache.commons.collections4.MapUtilsTest" time="0"/>
  <testcase name="testDebugPrintNullLabel[tr_TR]" classname="org.apache.commons.collections4.MapUtilsTest" time="0"/>
  <testcase name="testgetFloatValue[tr_TR]" classname="org.apache.commons.collections4.MapUtilsTest" time="0"/>
  <testcase name="testConvertResourceBundle[tr_TR]" classname="org.apache.commons.collections4.MapUtilsTest" time="0"/>
  <testcase name="testOrderedMap[tr_TR]" classname="org.apache.commons.collections4.MapUtilsTest" time="0"/>
  <testcase name="testDebugPrintNullLabelAndMap[tr_TR]" classname="org.apache.commons.collections4.MapUtilsTest" time="0"/>
  <testcase name="testEmptyIfNull[tr_TR]" classname="org.apache.commons.collections4.MapUtilsTest" time="0"/>
  <testcase name="testgetIntValue[tr_TR]" classname="org.apache.commons.collections4.MapUtilsTest" time="0"/>
  <testcase name="testDebugPrintSelfReference[tr_TR]" classname="org.apache.commons.collections4.MapUtilsTest" time="0"/>
  <testcase name="testIterableMap[tr_TR]" classname="org.apache.commons.collections4.MapUtilsTest" time="0"/>
  <testcase name="testDebugAndVerbosePrintNullMap[tr_TR]" classname="org.apache.commons.collections4.MapUtilsTest" time="0"/>
  <testcase name="testVerbosePrintNullLabel[tr_TR]" classname="org.apache.commons.collections4.MapUtilsTest" time="0"/>
  <testcase name="testDebugPrintNullKey[tr_TR]" classname="org.apache.commons.collections4.MapUtilsTest" time="0"/>
  <testcase name="testPredicatedMap[tr_TR]" classname="org.apache.commons.collections4.MapUtilsTest" time="0"/>
  <testcase name="testgetLongValue[tr_TR]" classname="org.apache.commons.collections4.MapUtilsTest" time="0"/>
  <testcase name="testVerbosePrintNullKeyToMap1[tr_TR]" classname="org.apache.commons.collections4.MapUtilsTest" time="0"/>
  <testcase name="testVerbosePrintNullKeyToMap2[tr_TR]" classname="org.apache.commons.collections4.MapUtilsTest" time="0"/>
  <testcase name="testPopulateMap[tr_TR]" classname="org.apache.commons.collections4.MapUtilsTest" time="0"/>
  <testcase name="testToPropertiesEmpty[tr_TR]" classname="org.apache.commons.collections4.MapUtilsTest" time="0"/>
  <testcase name="testPopulateMultiMap[tr_TR]" classname="org.apache.commons.collections4.MapUtilsTest" time="0"/>
  <testcase name="testDebugPrintNullStream[tr_TR]" classname="org.apache.commons.collections4.MapUtilsTest" time="0"/>
  <testcase name="testgetBooleanValue[tr_TR]" classname="org.apache.commons.collections4.MapUtilsTest" time="0"/>
  <testcase name="testIsEmptyWithEmptyMap[tr_TR]" classname="org.apache.commons.collections4.MapUtilsTest" time="0"/>
  <testcase name="testVerbosePrintNullKey[tr_TR]" classname="org.apache.commons.collections4.MapUtilsTest" time="0"/>
  <testcase name="testSizeNull[tr_TR]" classname="org.apache.commons.collections4.MapUtilsTest" time="0"/>
  <testcase name="testDebugPrintNullKeyToMap1[tr_TR]" classname="org.apache.commons.collections4.MapUtilsTest" time="0"/>
  <testcase name="testDebugPrintNullKeyToMap2[tr_TR]" classname="org.apache.commons.collections4.MapUtilsTest" time="0"/>
  <testcase name="testDebugPrint[tr_TR]" classname="org.apache.commons.collections4.MapUtilsTest" time="0"/>
  <testcase name="testgetDoubleValue[tr_TR]" classname="org.apache.commons.collections4.MapUtilsTest" time="0"/>
  <testcase name="testVerbosePrintNullStream[tr_TR]" classname="org.apache.commons.collections4.MapUtilsTest" time="0"/>
  <testcase name="testVerbosePrintNullLabelAndMap[uk]" classname="org.apache.commons.collections4.MapUtilsTest" time="0"/>
  <testcase name="testgetMap[uk]" classname="org.apache.commons.collections4.MapUtilsTest" time="0"/>
  <testcase name="testToProperties[uk]" classname="org.apache.commons.collections4.MapUtilsTest" time="0"/>
  <testcase name="testgetShortValue[uk]" classname="org.apache.commons.collections4.MapUtilsTest" time="0"/>
  <testcase name="testIsEmptyWithNull[uk]" classname="org.apache.commons.collections4.MapUtilsTest" time="0"/>
  <testcase name="testVerbosePrint[uk]" classname="org.apache.commons.collections4.MapUtilsTest" time="0"/>
  <testcase name="testLazyMapFactory[uk]" classname="org.apache.commons.collections4.MapUtilsTest" time="0"/>
  <testcase name="testLazyMapTransformer[uk]" classname="org.apache.commons.collections4.MapUtilsTest" time="0"/>
  <testcase name="testSafeAddToMap[uk]" classname="org.apache.commons.collections4.MapUtilsTest" time="0"/>
  <testcase name="testIsEmptyWithNonEmptyMap[uk]" classname="org.apache.commons.collections4.MapUtilsTest" time="0"/>
  <testcase name="testInvertMap[uk]" classname="org.apache.commons.collections4.MapUtilsTest" time="0"/>
  <testcase name="testDebugAndVerbosePrintCasting[uk]" classname="org.apache.commons.collections4.MapUtilsTest" time="0"/>
  <testcase name="testIsNotEmptyWithNonEmptyMap[uk]" classname="org.apache.commons.collections4.MapUtilsTest" time="0"/>
  <testcase name="testgetByteValue[uk]" classname="org.apache.commons.collections4.MapUtilsTest" time="0"/>
  <testcase name="testSize0[uk]" classname="org.apache.commons.collections4.MapUtilsTest" time="0"/>
  <testcase name="testSize[uk]" classname="org.apache.commons.collections4.MapUtilsTest" time="0"/>
  <testcase name="testIsNotEmptyWithEmptyMap[uk]" classname="org.apache.commons.collections4.MapUtilsTest" time="0"/>
  <testcase name="testIsNotEmptyWithNull[uk]" classname="org.apache.commons.collections4.MapUtilsTest" time="0"/>
  <testcase name="testIterableSortedMap[uk]" classname="org.apache.commons.collections4.MapUtilsTest" time="0"/>
  <testcase name="testgetNumber[uk]" classname="org.apache.commons.collections4.MapUtilsTest" time="0"/>
  <testcase name="testgetObject[uk]" classname="org.apache.commons.collections4.MapUtilsTest" time="0"/>
  <testcase name="testgetString[uk]" classname="org.apache.commons.collections4.MapUtilsTest" time="0"/>
  <testcase name="testPutAll_Map_array[uk]" classname="org.apache.commons.collections4.MapUtilsTest" time="0"/>
  <testcase name="testVerbosePrintSelfReference[uk]" classname="org.apache.commons.collections4.MapUtilsTest" time="0"/>
  <testcase name="testDebugPrintNullLabel[uk]" classname="org.apache.commons.collections4.MapUtilsTest" time="0"/>
  <testcase name="testgetFloatValue[uk]" classname="org.apache.commons.collections4.MapUtilsTest" time="0"/>
  <testcase name="testConvertResourceBundle[uk]" classname="org.apache.commons.collections4.MapUtilsTest" time="0"/>
  <testcase name="testOrderedMap[uk]" classname="org.apache.commons.collections4.MapUtilsTest" time="0"/>
  <testcase name="testDebugPrintNullLabelAndMap[uk]" classname="org.apache.commons.collections4.MapUtilsTest" time="0.001"/>
  <testcase name="testEmptyIfNull[uk]" classname="org.apache.commons.collections4.MapUtilsTest" time="0"/>
  <testcase name="testgetIntValue[uk]" classname="org.apache.commons.collections4.MapUtilsTest" time="0"/>
  <testcase name="testDebugPrintSelfReference[uk]" classname="org.apache.commons.collections4.MapUtilsTest" time="0"/>
  <testcase name="testIterableMap[uk]" classname="org.apache.commons.collections4.MapUtilsTest" time="0"/>
  <testcase name="testDebugAndVerbosePrintNullMap[uk]" classname="org.apache.commons.collections4.MapUtilsTest" time="0"/>
  <testcase name="testVerbosePrintNullLabel[uk]" classname="org.apache.commons.collections4.MapUtilsTest" time="0"/>
  <testcase name="testDebugPrintNullKey[uk]" classname="org.apache.commons.collections4.MapUtilsTest" time="0"/>
  <testcase name="testPredicatedMap[uk]" classname="org.apache.commons.collections4.MapUtilsTest" time="0"/>
  <testcase name="testgetLongValue[uk]" classname="org.apache.commons.collections4.MapUtilsTest" time="0"/>
  <testcase name="testVerbosePrintNullKeyToMap1[uk]" classname="org.apache.commons.collections4.MapUtilsTest" time="0"/>
  <testcase name="testVerbosePrintNullKeyToMap2[uk]" classname="org.apache.commons.collections4.MapUtilsTest" time="0"/>
  <testcase name="testPopulateMap[uk]" classname="org.apache.commons.collections4.MapUtilsTest" time="0"/>
  <testcase name="testToPropertiesEmpty[uk]" classname="org.apache.commons.collections4.MapUtilsTest" time="0"/>
  <testcase name="testPopulateMultiMap[uk]" classname="org.apache.commons.collections4.MapUtilsTest" time="0"/>
  <testcase name="testDebugPrintNullStream[uk]" classname="org.apache.commons.collections4.MapUtilsTest" time="0"/>
  <testcase name="testgetBooleanValue[uk]" classname="org.apache.commons.collections4.MapUtilsTest" time="0"/>
  <testcase name="testIsEmptyWithEmptyMap[uk]" classname="org.apache.commons.collections4.MapUtilsTest" time="0"/>
  <testcase name="testVerbosePrintNullKey[uk]" classname="org.apache.commons.collections4.MapUtilsTest" time="0"/>
  <testcase name="testSizeNull[uk]" classname="org.apache.commons.collections4.MapUtilsTest" time="0"/>
  <testcase name="testDebugPrintNullKeyToMap1[uk]" classname="org.apache.commons.collections4.MapUtilsTest" time="0"/>
  <testcase name="testDebugPrintNullKeyToMap2[uk]" classname="org.apache.commons.collections4.MapUtilsTest" time="0"/>
  <testcase name="testDebugPrint[uk]" classname="org.apache.commons.collections4.MapUtilsTest" time="0"/>
  <testcase name="testgetDoubleValue[uk]" classname="org.apache.commons.collections4.MapUtilsTest" time="0"/>
  <testcase name="testVerbosePrintNullStream[uk]" classname="org.apache.commons.collections4.MapUtilsTest" time="0"/>
  <testcase name="testVerbosePrintNullLabelAndMap[uk_UA]" classname="org.apache.commons.collections4.MapUtilsTest" time="0"/>
  <testcase name="testgetMap[uk_UA]" classname="org.apache.commons.collections4.MapUtilsTest" time="0"/>
  <testcase name="testToProperties[uk_UA]" classname="org.apache.commons.collections4.MapUtilsTest" time="0"/>
  <testcase name="testgetShortValue[uk_UA]" classname="org.apache.commons.collections4.MapUtilsTest" time="0.001"/>
  <testcase name="testIsEmptyWithNull[uk_UA]" classname="org.apache.commons.collections4.MapUtilsTest" time="0"/>
  <testcase name="testVerbosePrint[uk_UA]" classname="org.apache.commons.collections4.MapUtilsTest" time="0"/>
  <testcase name="testLazyMapFactory[uk_UA]" classname="org.apache.commons.collections4.MapUtilsTest" time="0"/>
  <testcase name="testLazyMapTransformer[uk_UA]" classname="org.apache.commons.collections4.MapUtilsTest" time="0"/>
  <testcase name="testSafeAddToMap[uk_UA]" classname="org.apache.commons.collections4.MapUtilsTest" time="0"/>
  <testcase name="testIsEmptyWithNonEmptyMap[uk_UA]" classname="org.apache.commons.collections4.MapUtilsTest" time="0"/>
  <testcase name="testInvertMap[uk_UA]" classname="org.apache.commons.collections4.MapUtilsTest" time="0"/>
  <testcase name="testDebugAndVerbosePrintCasting[uk_UA]" classname="org.apache.commons.collections4.MapUtilsTest" time="0"/>
  <testcase name="testIsNotEmptyWithNonEmptyMap[uk_UA]" classname="org.apache.commons.collections4.MapUtilsTest" time="0"/>
  <testcase name="testgetByteValue[uk_UA]" classname="org.apache.commons.collections4.MapUtilsTest" time="0"/>
  <testcase name="testSize0[uk_UA]" classname="org.apache.commons.collections4.MapUtilsTest" time="0"/>
  <testcase name="testSize[uk_UA]" classname="org.apache.commons.collections4.MapUtilsTest" time="0"/>
  <testcase name="testIsNotEmptyWithEmptyMap[uk_UA]" classname="org.apache.commons.collections4.MapUtilsTest" time="0"/>
  <testcase name="testIsNotEmptyWithNull[uk_UA]" classname="org.apache.commons.collections4.MapUtilsTest" time="0"/>
  <testcase name="testIterableSortedMap[uk_UA]" classname="org.apache.commons.collections4.MapUtilsTest" time="0"/>
  <testcase name="testgetNumber[uk_UA]" classname="org.apache.commons.collections4.MapUtilsTest" time="0"/>
  <testcase name="testgetObject[uk_UA]" classname="org.apache.commons.collections4.MapUtilsTest" time="0"/>
  <testcase name="testgetString[uk_UA]" classname="org.apache.commons.collections4.MapUtilsTest" time="0"/>
  <testcase name="testPutAll_Map_array[uk_UA]" classname="org.apache.commons.collections4.MapUtilsTest" time="0"/>
  <testcase name="testVerbosePrintSelfReference[uk_UA]" classname="org.apache.commons.collections4.MapUtilsTest" time="0"/>
  <testcase name="testDebugPrintNullLabel[uk_UA]" classname="org.apache.commons.collections4.MapUtilsTest" time="0"/>
  <testcase name="testgetFloatValue[uk_UA]" classname="org.apache.commons.collections4.MapUtilsTest" time="0"/>
  <testcase name="testConvertResourceBundle[uk_UA]" classname="org.apache.commons.collections4.MapUtilsTest" time="0"/>
  <testcase name="testOrderedMap[uk_UA]" classname="org.apache.commons.collections4.MapUtilsTest" time="0"/>
  <testcase name="testDebugPrintNullLabelAndMap[uk_UA]" classname="org.apache.commons.collections4.MapUtilsTest" time="0"/>
  <testcase name="testEmptyIfNull[uk_UA]" classname="org.apache.commons.collections4.MapUtilsTest" time="0"/>
  <testcase name="testgetIntValue[uk_UA]" classname="org.apache.commons.collections4.MapUtilsTest" time="0"/>
  <testcase name="testDebugPrintSelfReference[uk_UA]" classname="org.apache.commons.collections4.MapUtilsTest" time="0"/>
  <testcase name="testIterableMap[uk_UA]" classname="org.apache.commons.collections4.MapUtilsTest" time="0"/>
  <testcase name="testDebugAndVerbosePrintNullMap[uk_UA]" classname="org.apache.commons.collections4.MapUtilsTest" time="0"/>
  <testcase name="testVerbosePrintNullLabel[uk_UA]" classname="org.apache.commons.collections4.MapUtilsTest" time="0"/>
  <testcase name="testDebugPrintNullKey[uk_UA]" classname="org.apache.commons.collections4.MapUtilsTest" time="0"/>
  <testcase name="testPredicatedMap[uk_UA]" classname="org.apache.commons.collections4.MapUtilsTest" time="0"/>
  <testcase name="testgetLongValue[uk_UA]" classname="org.apache.commons.collections4.MapUtilsTest" time="0"/>
  <testcase name="testVerbosePrintNullKeyToMap1[uk_UA]" classname="org.apache.commons.collections4.MapUtilsTest" time="0"/>
  <testcase name="testVerbosePrintNullKeyToMap2[uk_UA]" classname="org.apache.commons.collections4.MapUtilsTest" time="0"/>
  <testcase name="testPopulateMap[uk_UA]" classname="org.apache.commons.collections4.MapUtilsTest" time="0"/>
  <testcase name="testToPropertiesEmpty[uk_UA]" classname="org.apache.commons.collections4.MapUtilsTest" time="0"/>
  <testcase name="testPopulateMultiMap[uk_UA]" classname="org.apache.commons.collections4.MapUtilsTest" time="0"/>
  <testcase name="testDebugPrintNullStream[uk_UA]" classname="org.apache.commons.collections4.MapUtilsTest" time="0"/>
  <testcase name="testgetBooleanValue[uk_UA]" classname="org.apache.commons.collections4.MapUtilsTest" time="0"/>
  <testcase name="testIsEmptyWithEmptyMap[uk_UA]" classname="org.apache.commons.collections4.MapUtilsTest" time="0"/>
  <testcase name="testVerbosePrintNullKey[uk_UA]" classname="org.apache.commons.collections4.MapUtilsTest" time="0"/>
  <testcase name="testSizeNull[uk_UA]" classname="org.apache.commons.collections4.MapUtilsTest" time="0"/>
  <testcase name="testDebugPrintNullKeyToMap1[uk_UA]" classname="org.apache.commons.collections4.MapUtilsTest" time="0"/>
  <testcase name="testDebugPrintNullKeyToMap2[uk_UA]" classname="org.apache.commons.collections4.MapUtilsTest" time="0"/>
  <testcase name="testDebugPrint[uk_UA]" classname="org.apache.commons.collections4.MapUtilsTest" time="0"/>
  <testcase name="testgetDoubleValue[uk_UA]" classname="org.apache.commons.collections4.MapUtilsTest" time="0"/>
  <testcase name="testVerbosePrintNullStream[uk_UA]" classname="org.apache.commons.collections4.MapUtilsTest" time="0"/>
  <testcase name="testVerbosePrintNullLabelAndMap[vi]" classname="org.apache.commons.collections4.MapUtilsTest" time="0.001"/>
  <testcase name="testgetMap[vi]" classname="org.apache.commons.collections4.MapUtilsTest" time="0"/>
  <testcase name="testToProperties[vi]" classname="org.apache.commons.collections4.MapUtilsTest" time="0"/>
  <testcase name="testgetShortValue[vi]" classname="org.apache.commons.collections4.MapUtilsTest" time="0"/>
  <testcase name="testIsEmptyWithNull[vi]" classname="org.apache.commons.collections4.MapUtilsTest" time="0"/>
  <testcase name="testVerbosePrint[vi]" classname="org.apache.commons.collections4.MapUtilsTest" time="0"/>
  <testcase name="testLazyMapFactory[vi]" classname="org.apache.commons.collections4.MapUtilsTest" time="0"/>
  <testcase name="testLazyMapTransformer[vi]" classname="org.apache.commons.collections4.MapUtilsTest" time="0"/>
  <testcase name="testSafeAddToMap[vi]" classname="org.apache.commons.collections4.MapUtilsTest" time="0"/>
  <testcase name="testIsEmptyWithNonEmptyMap[vi]" classname="org.apache.commons.collections4.MapUtilsTest" time="0"/>
  <testcase name="testInvertMap[vi]" classname="org.apache.commons.collections4.MapUtilsTest" time="0"/>
  <testcase name="testDebugAndVerbosePrintCasting[vi]" classname="org.apache.commons.collections4.MapUtilsTest" time="0"/>
  <testcase name="testIsNotEmptyWithNonEmptyMap[vi]" classname="org.apache.commons.collections4.MapUtilsTest" time="0"/>
  <testcase name="testgetByteValue[vi]" classname="org.apache.commons.collections4.MapUtilsTest" time="0"/>
  <testcase name="testSize0[vi]" classname="org.apache.commons.collections4.MapUtilsTest" time="0"/>
  <testcase name="testSize[vi]" classname="org.apache.commons.collections4.MapUtilsTest" time="0"/>
  <testcase name="testIsNotEmptyWithEmptyMap[vi]" classname="org.apache.commons.collections4.MapUtilsTest" time="0"/>
  <testcase name="testIsNotEmptyWithNull[vi]" classname="org.apache.commons.collections4.MapUtilsTest" time="0"/>
  <testcase name="testIterableSortedMap[vi]" classname="org.apache.commons.collections4.MapUtilsTest" time="0"/>
  <testcase name="testgetNumber[vi]" classname="org.apache.commons.collections4.MapUtilsTest" time="0"/>
  <testcase name="testgetObject[vi]" classname="org.apache.commons.collections4.MapUtilsTest" time="0"/>
  <testcase name="testgetString[vi]" classname="org.apache.commons.collections4.MapUtilsTest" time="0"/>
  <testcase name="testPutAll_Map_array[vi]" classname="org.apache.commons.collections4.MapUtilsTest" time="0.001"/>
  <testcase name="testVerbosePrintSelfReference[vi]" classname="org.apache.commons.collections4.MapUtilsTest" time="0"/>
  <testcase name="testDebugPrintNullLabel[vi]" classname="org.apache.commons.collections4.MapUtilsTest" time="0"/>
  <testcase name="testgetFloatValue[vi]" classname="org.apache.commons.collections4.MapUtilsTest" time="0"/>
  <testcase name="testConvertResourceBundle[vi]" classname="org.apache.commons.collections4.MapUtilsTest" time="0"/>
  <testcase name="testOrderedMap[vi]" classname="org.apache.commons.collections4.MapUtilsTest" time="0"/>
  <testcase name="testDebugPrintNullLabelAndMap[vi]" classname="org.apache.commons.collections4.MapUtilsTest" time="0"/>
  <testcase name="testEmptyIfNull[vi]" classname="org.apache.commons.collections4.MapUtilsTest" time="0"/>
  <testcase name="testgetIntValue[vi]" classname="org.apache.commons.collections4.MapUtilsTest" time="0"/>
  <testcase name="testDebugPrintSelfReference[vi]" classname="org.apache.commons.collections4.MapUtilsTest" time="0"/>
  <testcase name="testIterableMap[vi]" classname="org.apache.commons.collections4.MapUtilsTest" time="0"/>
  <testcase name="testDebugAndVerbosePrintNullMap[vi]" classname="org.apache.commons.collections4.MapUtilsTest" time="0"/>
  <testcase name="testVerbosePrintNullLabel[vi]" classname="org.apache.commons.collections4.MapUtilsTest" time="0"/>
  <testcase name="testDebugPrintNullKey[vi]" classname="org.apache.commons.collections4.MapUtilsTest" time="0"/>
  <testcase name="testPredicatedMap[vi]" classname="org.apache.commons.collections4.MapUtilsTest" time="0"/>
  <testcase name="testgetLongValue[vi]" classname="org.apache.commons.collections4.MapUtilsTest" time="0"/>
  <testcase name="testVerbosePrintNullKeyToMap1[vi]" classname="org.apache.commons.collections4.MapUtilsTest" time="0"/>
  <testcase name="testVerbosePrintNullKeyToMap2[vi]" classname="org.apache.commons.collections4.MapUtilsTest" time="0"/>
  <testcase name="testPopulateMap[vi]" classname="org.apache.commons.collections4.MapUtilsTest" time="0"/>
  <testcase name="testToPropertiesEmpty[vi]" classname="org.apache.commons.collections4.MapUtilsTest" time="0"/>
  <testcase name="testPopulateMultiMap[vi]" classname="org.apache.commons.collections4.MapUtilsTest" time="0"/>
  <testcase name="testDebugPrintNullStream[vi]" classname="org.apache.commons.collections4.MapUtilsTest" time="0"/>
  <testcase name="testgetBooleanValue[vi]" classname="org.apache.commons.collections4.MapUtilsTest" time="0"/>
  <testcase name="testIsEmptyWithEmptyMap[vi]" classname="org.apache.commons.collections4.MapUtilsTest" time="0"/>
  <testcase name="testVerbosePrintNullKey[vi]" classname="org.apache.commons.collections4.MapUtilsTest" time="0"/>
  <testcase name="testSizeNull[vi]" classname="org.apache.commons.collections4.MapUtilsTest" time="0"/>
  <testcase name="testDebugPrintNullKeyToMap1[vi]" classname="org.apache.commons.collections4.MapUtilsTest" time="0"/>
  <testcase name="testDebugPrintNullKeyToMap2[vi]" classname="org.apache.commons.collections4.MapUtilsTest" time="0"/>
  <testcase name="testDebugPrint[vi]" classname="org.apache.commons.collections4.MapUtilsTest" time="0"/>
  <testcase name="testgetDoubleValue[vi]" classname="org.apache.commons.collections4.MapUtilsTest" time="0"/>
  <testcase name="testVerbosePrintNullStream[vi]" classname="org.apache.commons.collections4.MapUtilsTest" time="0.001"/>
  <testcase name="testVerbosePrintNullLabelAndMap[vi_VN]" classname="org.apache.commons.collections4.MapUtilsTest" time="0"/>
  <testcase name="testgetMap[vi_VN]" classname="org.apache.commons.collections4.MapUtilsTest" time="0"/>
  <testcase name="testToProperties[vi_VN]" classname="org.apache.commons.collections4.MapUtilsTest" time="0"/>
  <testcase name="testgetShortValue[vi_VN]" classname="org.apache.commons.collections4.MapUtilsTest" time="0"/>
  <testcase name="testIsEmptyWithNull[vi_VN]" classname="org.apache.commons.collections4.MapUtilsTest" time="0"/>
  <testcase name="testVerbosePrint[vi_VN]" classname="org.apache.commons.collections4.MapUtilsTest" time="0"/>
  <testcase name="testLazyMapFactory[vi_VN]" classname="org.apache.commons.collections4.MapUtilsTest" time="0"/>
  <testcase name="testLazyMapTransformer[vi_VN]" classname="org.apache.commons.collections4.MapUtilsTest" time="0"/>
  <testcase name="testSafeAddToMap[vi_VN]" classname="org.apache.commons.collections4.MapUtilsTest" time="0"/>
  <testcase name="testIsEmptyWithNonEmptyMap[vi_VN]" classname="org.apache.commons.collections4.MapUtilsTest" time="0"/>
  <testcase name="testInvertMap[vi_VN]" classname="org.apache.commons.collections4.MapUtilsTest" time="0"/>
  <testcase name="testDebugAndVerbosePrintCasting[vi_VN]" classname="org.apache.commons.collections4.MapUtilsTest" time="0"/>
  <testcase name="testIsNotEmptyWithNonEmptyMap[vi_VN]" classname="org.apache.commons.collections4.MapUtilsTest" time="0"/>
  <testcase name="testgetByteValue[vi_VN]" classname="org.apache.commons.collections4.MapUtilsTest" time="0"/>
  <testcase name="testSize0[vi_VN]" classname="org.apache.commons.collections4.MapUtilsTest" time="0"/>
  <testcase name="testSize[vi_VN]" classname="org.apache.commons.collections4.MapUtilsTest" time="0"/>
  <testcase name="testIsNotEmptyWithEmptyMap[vi_VN]" classname="org.apache.commons.collections4.MapUtilsTest" time="0.001"/>
  <testcase name="testIsNotEmptyWithNull[vi_VN]" classname="org.apache.commons.collections4.MapUtilsTest" time="0"/>
  <testcase name="testIterableSortedMap[vi_VN]" classname="org.apache.commons.collections4.MapUtilsTest" time="0"/>
  <testcase name="testgetNumber[vi_VN]" classname="org.apache.commons.collections4.MapUtilsTest" time="0"/>
  <testcase name="testgetObject[vi_VN]" classname="org.apache.commons.collections4.MapUtilsTest" time="0"/>
  <testcase name="testgetString[vi_VN]" classname="org.apache.commons.collections4.MapUtilsTest" time="0"/>
  <testcase name="testPutAll_Map_array[vi_VN]" classname="org.apache.commons.collections4.MapUtilsTest" time="0"/>
  <testcase name="testVerbosePrintSelfReference[vi_VN]" classname="org.apache.commons.collections4.MapUtilsTest" time="0"/>
  <testcase name="testDebugPrintNullLabel[vi_VN]" classname="org.apache.commons.collections4.MapUtilsTest" time="0"/>
  <testcase name="testgetFloatValue[vi_VN]" classname="org.apache.commons.collections4.MapUtilsTest" time="0"/>
  <testcase name="testConvertResourceBundle[vi_VN]" classname="org.apache.commons.collections4.MapUtilsTest" time="0"/>
  <testcase name="testOrderedMap[vi_VN]" classname="org.apache.commons.collections4.MapUtilsTest" time="0"/>
  <testcase name="testDebugPrintNullLabelAndMap[vi_VN]" classname="org.apache.commons.collections4.MapUtilsTest" time="0"/>
  <testcase name="testEmptyIfNull[vi_VN]" classname="org.apache.commons.collections4.MapUtilsTest" time="0"/>
  <testcase name="testgetIntValue[vi_VN]" classname="org.apache.commons.collections4.MapUtilsTest" time="0"/>
  <testcase name="testDebugPrintSelfReference[vi_VN]" classname="org.apache.commons.collections4.MapUtilsTest" time="0"/>
  <testcase name="testIterableMap[vi_VN]" classname="org.apache.commons.collections4.MapUtilsTest" time="0"/>
  <testcase name="testDebugAndVerbosePrintNullMap[vi_VN]" classname="org.apache.commons.collections4.MapUtilsTest" time="0"/>
  <testcase name="testVerbosePrintNullLabel[vi_VN]" classname="org.apache.commons.collections4.MapUtilsTest" time="0"/>
  <testcase name="testDebugPrintNullKey[vi_VN]" classname="org.apache.commons.collections4.MapUtilsTest" time="0"/>
  <testcase name="testPredicatedMap[vi_VN]" classname="org.apache.commons.collections4.MapUtilsTest" time="0"/>
  <testcase name="testgetLongValue[vi_VN]" classname="org.apache.commons.collections4.MapUtilsTest" time="0"/>
  <testcase name="testVerbosePrintNullKeyToMap1[vi_VN]" classname="org.apache.commons.collections4.MapUtilsTest" time="0"/>
  <testcase name="testVerbosePrintNullKeyToMap2[vi_VN]" classname="org.apache.commons.collections4.MapUtilsTest" time="0"/>
  <testcase name="testPopulateMap[vi_VN]" classname="org.apache.commons.collections4.MapUtilsTest" time="0"/>
  <testcase name="testToPropertiesEmpty[vi_VN]" classname="org.apache.commons.collections4.MapUtilsTest" time="0"/>
  <testcase name="testPopulateMultiMap[vi_VN]" classname="org.apache.commons.collections4.MapUtilsTest" time="0"/>
  <testcase name="testDebugPrintNullStream[vi_VN]" classname="org.apache.commons.collections4.MapUtilsTest" time="0"/>
  <testcase name="testgetBooleanValue[vi_VN]" classname="org.apache.commons.collections4.MapUtilsTest" time="0"/>
  <testcase name="testIsEmptyWithEmptyMap[vi_VN]" classname="org.apache.commons.collections4.MapUtilsTest" time="0"/>
  <testcase name="testVerbosePrintNullKey[vi_VN]" classname="org.apache.commons.collections4.MapUtilsTest" time="0"/>
  <testcase name="testSizeNull[vi_VN]" classname="org.apache.commons.collections4.MapUtilsTest" time="0"/>
  <testcase name="testDebugPrintNullKeyToMap1[vi_VN]" classname="org.apache.commons.collections4.MapUtilsTest" time="0"/>
  <testcase name="testDebugPrintNullKeyToMap2[vi_VN]" classname="org.apache.commons.collections4.MapUtilsTest" time="0"/>
  <testcase name="testDebugPrint[vi_VN]" classname="org.apache.commons.collections4.MapUtilsTest" time="0"/>
  <testcase name="testgetDoubleValue[vi_VN]" classname="org.apache.commons.collections4.MapUtilsTest" time="0"/>
  <testcase name="testVerbosePrintNullStream[vi_VN]" classname="org.apache.commons.collections4.MapUtilsTest" time="0"/>
  <testcase name="testVerbosePrintNullLabelAndMap[zh]" classname="org.apache.commons.collections4.MapUtilsTest" time="0"/>
  <testcase name="testgetMap[zh]" classname="org.apache.commons.collections4.MapUtilsTest" time="0"/>
  <testcase name="testToProperties[zh]" classname="org.apache.commons.collections4.MapUtilsTest" time="0"/>
  <testcase name="testgetShortValue[zh]" classname="org.apache.commons.collections4.MapUtilsTest" time="0.001"/>
  <testcase name="testIsEmptyWithNull[zh]" classname="org.apache.commons.collections4.MapUtilsTest" time="0"/>
  <testcase name="testVerbosePrint[zh]" classname="org.apache.commons.collections4.MapUtilsTest" time="0"/>
  <testcase name="testLazyMapFactory[zh]" classname="org.apache.commons.collections4.MapUtilsTest" time="0"/>
  <testcase name="testLazyMapTransformer[zh]" classname="org.apache.commons.collections4.MapUtilsTest" time="0"/>
  <testcase name="testSafeAddToMap[zh]" classname="org.apache.commons.collections4.MapUtilsTest" time="0"/>
  <testcase name="testIsEmptyWithNonEmptyMap[zh]" classname="org.apache.commons.collections4.MapUtilsTest" time="0"/>
  <testcase name="testInvertMap[zh]" classname="org.apache.commons.collections4.MapUtilsTest" time="0"/>
  <testcase name="testDebugAndVerbosePrintCasting[zh]" classname="org.apache.commons.collections4.MapUtilsTest" time="0"/>
  <testcase name="testIsNotEmptyWithNonEmptyMap[zh]" classname="org.apache.commons.collections4.MapUtilsTest" time="0"/>
  <testcase name="testgetByteValue[zh]" classname="org.apache.commons.collections4.MapUtilsTest" time="0"/>
  <testcase name="testSize0[zh]" classname="org.apache.commons.collections4.MapUtilsTest" time="0"/>
  <testcase name="testSize[zh]" classname="org.apache.commons.collections4.MapUtilsTest" time="0"/>
  <testcase name="testIsNotEmptyWithEmptyMap[zh]" classname="org.apache.commons.collections4.MapUtilsTest" time="0"/>
  <testcase name="testIsNotEmptyWithNull[zh]" classname="org.apache.commons.collections4.MapUtilsTest" time="0"/>
  <testcase name="testIterableSortedMap[zh]" classname="org.apache.commons.collections4.MapUtilsTest" time="0"/>
  <testcase name="testgetNumber[zh]" classname="org.apache.commons.collections4.MapUtilsTest" time="0"/>
  <testcase name="testgetObject[zh]" classname="org.apache.commons.collections4.MapUtilsTest" time="0"/>
  <testcase name="testgetString[zh]" classname="org.apache.commons.collections4.MapUtilsTest" time="0"/>
  <testcase name="testPutAll_Map_array[zh]" classname="org.apache.commons.collections4.MapUtilsTest" time="0"/>
  <testcase name="testVerbosePrintSelfReference[zh]" classname="org.apache.commons.collections4.MapUtilsTest" time="0"/>
  <testcase name="testDebugPrintNullLabel[zh]" classname="org.apache.commons.collections4.MapUtilsTest" time="0"/>
  <testcase name="testgetFloatValue[zh]" classname="org.apache.commons.collections4.MapUtilsTest" time="0"/>
  <testcase name="testConvertResourceBundle[zh]" classname="org.apache.commons.collections4.MapUtilsTest" time="0"/>
  <testcase name="testOrderedMap[zh]" classname="org.apache.commons.collections4.MapUtilsTest" time="0"/>
  <testcase name="testDebugPrintNullLabelAndMap[zh]" classname="org.apache.commons.collections4.MapUtilsTest" time="0"/>
  <testcase name="testEmptyIfNull[zh]" classname="org.apache.commons.collections4.MapUtilsTest" time="0"/>
  <testcase name="testgetIntValue[zh]" classname="org.apache.commons.collections4.MapUtilsTest" time="0"/>
  <testcase name="testDebugPrintSelfReference[zh]" classname="org.apache.commons.collections4.MapUtilsTest" time="0"/>
  <testcase name="testIterableMap[zh]" classname="org.apache.commons.collections4.MapUtilsTest" time="0"/>
  <testcase name="testDebugAndVerbosePrintNullMap[zh]" classname="org.apache.commons.collections4.MapUtilsTest" time="0"/>
  <testcase name="testVerbosePrintNullLabel[zh]" classname="org.apache.commons.collections4.MapUtilsTest" time="0"/>
  <testcase name="testDebugPrintNullKey[zh]" classname="org.apache.commons.collections4.MapUtilsTest" time="0"/>
  <testcase name="testPredicatedMap[zh]" classname="org.apache.commons.collections4.MapUtilsTest" time="0"/>
  <testcase name="testgetLongValue[zh]" classname="org.apache.commons.collections4.MapUtilsTest" time="0"/>
  <testcase name="testVerbosePrintNullKeyToMap1[zh]" classname="org.apache.commons.collections4.MapUtilsTest" time="0"/>
  <testcase name="testVerbosePrintNullKeyToMap2[zh]" classname="org.apache.commons.collections4.MapUtilsTest" time="0"/>
  <testcase name="testPopulateMap[zh]" classname="org.apache.commons.collections4.MapUtilsTest" time="0"/>
  <testcase name="testToPropertiesEmpty[zh]" classname="org.apache.commons.collections4.MapUtilsTest" time="0"/>
  <testcase name="testPopulateMultiMap[zh]" classname="org.apache.commons.collections4.MapUtilsTest" time="0"/>
  <testcase name="testDebugPrintNullStream[zh]" classname="org.apache.commons.collections4.MapUtilsTest" time="0"/>
  <testcase name="testgetBooleanValue[zh]" classname="org.apache.commons.collections4.MapUtilsTest" time="0"/>
  <testcase name="testIsEmptyWithEmptyMap[zh]" classname="org.apache.commons.collections4.MapUtilsTest" time="0"/>
  <testcase name="testVerbosePrintNullKey[zh]" classname="org.apache.commons.collections4.MapUtilsTest" time="0"/>
  <testcase name="testSizeNull[zh]" classname="org.apache.commons.collections4.MapUtilsTest" time="0"/>
  <testcase name="testDebugPrintNullKeyToMap1[zh]" classname="org.apache.commons.collections4.MapUtilsTest" time="0"/>
  <testcase name="testDebugPrintNullKeyToMap2[zh]" classname="org.apache.commons.collections4.MapUtilsTest" time="0"/>
  <testcase name="testDebugPrint[zh]" classname="org.apache.commons.collections4.MapUtilsTest" time="0"/>
  <testcase name="testgetDoubleValue[zh]" classname="org.apache.commons.collections4.MapUtilsTest" time="0"/>
  <testcase name="testVerbosePrintNullStream[zh]" classname="org.apache.commons.collections4.MapUtilsTest" time="0"/>
  <testcase name="testVerbosePrintNullLabelAndMap[zh_CN]" classname="org.apache.commons.collections4.MapUtilsTest" time="0"/>
  <testcase name="testgetMap[zh_CN]" classname="org.apache.commons.collections4.MapUtilsTest" time="0"/>
  <testcase name="testToProperties[zh_CN]" classname="org.apache.commons.collections4.MapUtilsTest" time="0"/>
  <testcase name="testgetShortValue[zh_CN]" classname="org.apache.commons.collections4.MapUtilsTest" time="0.002"/>
  <testcase name="testIsEmptyWithNull[zh_CN]" classname="org.apache.commons.collections4.MapUtilsTest" time="0"/>
  <testcase name="testVerbosePrint[zh_CN]" classname="org.apache.commons.collections4.MapUtilsTest" time="0"/>
  <testcase name="testLazyMapFactory[zh_CN]" classname="org.apache.commons.collections4.MapUtilsTest" time="0"/>
  <testcase name="testLazyMapTransformer[zh_CN]" classname="org.apache.commons.collections4.MapUtilsTest" time="0"/>
  <testcase name="testSafeAddToMap[zh_CN]" classname="org.apache.commons.collections4.MapUtilsTest" time="0"/>
  <testcase name="testIsEmptyWithNonEmptyMap[zh_CN]" classname="org.apache.commons.collections4.MapUtilsTest" time="0"/>
  <testcase name="testInvertMap[zh_CN]" classname="org.apache.commons.collections4.MapUtilsTest" time="0"/>
  <testcase name="testDebugAndVerbosePrintCasting[zh_CN]" classname="org.apache.commons.collections4.MapUtilsTest" time="0"/>
  <testcase name="testIsNotEmptyWithNonEmptyMap[zh_CN]" classname="org.apache.commons.collections4.MapUtilsTest" time="0.001"/>
  <testcase name="testgetByteValue[zh_CN]" classname="org.apache.commons.collections4.MapUtilsTest" time="0"/>
  <testcase name="testSize0[zh_CN]" classname="org.apache.commons.collections4.MapUtilsTest" time="0"/>
  <testcase name="testSize[zh_CN]" classname="org.apache.commons.collections4.MapUtilsTest" time="0"/>
  <testcase name="testIsNotEmptyWithEmptyMap[zh_CN]" classname="org.apache.commons.collections4.MapUtilsTest" time="0"/>
  <testcase name="testIsNotEmptyWithNull[zh_CN]" classname="org.apache.commons.collections4.MapUtilsTest" time="0"/>
  <testcase name="testIterableSortedMap[zh_CN]" classname="org.apache.commons.collections4.MapUtilsTest" time="0"/>
  <testcase name="testgetNumber[zh_CN]" classname="org.apache.commons.collections4.MapUtilsTest" time="0"/>
  <testcase name="testgetObject[zh_CN]" classname="org.apache.commons.collections4.MapUtilsTest" time="0"/>
  <testcase name="testgetString[zh_CN]" classname="org.apache.commons.collections4.MapUtilsTest" time="0"/>
  <testcase name="testPutAll_Map_array[zh_CN]" classname="org.apache.commons.collections4.MapUtilsTest" time="0"/>
  <testcase name="testVerbosePrintSelfReference[zh_CN]" classname="org.apache.commons.collections4.MapUtilsTest" time="0"/>
  <testcase name="testDebugPrintNullLabel[zh_CN]" classname="org.apache.commons.collections4.MapUtilsTest" time="0"/>
  <testcase name="testgetFloatValue[zh_CN]" classname="org.apache.commons.collections4.MapUtilsTest" time="0"/>
  <testcase name="testConvertResourceBundle[zh_CN]" classname="org.apache.commons.collections4.MapUtilsTest" time="0"/>
  <testcase name="testOrderedMap[zh_CN]" classname="org.apache.commons.collections4.MapUtilsTest" time="0"/>
  <testcase name="testDebugPrintNullLabelAndMap[zh_CN]" classname="org.apache.commons.collections4.MapUtilsTest" time="0"/>
  <testcase name="testEmptyIfNull[zh_CN]" classname="org.apache.commons.collections4.MapUtilsTest" time="0"/>
  <testcase name="testgetIntValue[zh_CN]" classname="org.apache.commons.collections4.MapUtilsTest" time="0"/>
  <testcase name="testDebugPrintSelfReference[zh_CN]" classname="org.apache.commons.collections4.MapUtilsTest" time="0"/>
  <testcase name="testIterableMap[zh_CN]" classname="org.apache.commons.collections4.MapUtilsTest" time="0"/>
  <testcase name="testDebugAndVerbosePrintNullMap[zh_CN]" classname="org.apache.commons.collections4.MapUtilsTest" time="0"/>
  <testcase name="testVerbosePrintNullLabel[zh_CN]" classname="org.apache.commons.collections4.MapUtilsTest" time="0"/>
  <testcase name="testDebugPrintNullKey[zh_CN]" classname="org.apache.commons.collections4.MapUtilsTest" time="0"/>
  <testcase name="testPredicatedMap[zh_CN]" classname="org.apache.commons.collections4.MapUtilsTest" time="0"/>
  <testcase name="testgetLongValue[zh_CN]" classname="org.apache.commons.collections4.MapUtilsTest" time="0"/>
  <testcase name="testVerbosePrintNullKeyToMap1[zh_CN]" classname="org.apache.commons.collections4.MapUtilsTest" time="0"/>
  <testcase name="testVerbosePrintNullKeyToMap2[zh_CN]" classname="org.apache.commons.collections4.MapUtilsTest" time="0"/>
  <testcase name="testPopulateMap[zh_CN]" classname="org.apache.commons.collections4.MapUtilsTest" time="0"/>
  <testcase name="testToPropertiesEmpty[zh_CN]" classname="org.apache.commons.collections4.MapUtilsTest" time="0"/>
  <testcase name="testPopulateMultiMap[zh_CN]" classname="org.apache.commons.collections4.MapUtilsTest" time="0"/>
  <testcase name="testDebugPrintNullStream[zh_CN]" classname="org.apache.commons.collections4.MapUtilsTest" time="0"/>
  <testcase name="testgetBooleanValue[zh_CN]" classname="org.apache.commons.collections4.MapUtilsTest" time="0"/>
  <testcase name="testIsEmptyWithEmptyMap[zh_CN]" classname="org.apache.commons.collections4.MapUtilsTest" time="0"/>
  <testcase name="testVerbosePrintNullKey[zh_CN]" classname="org.apache.commons.collections4.MapUtilsTest" time="0"/>
  <testcase name="testSizeNull[zh_CN]" classname="org.apache.commons.collections4.MapUtilsTest" time="0"/>
  <testcase name="testDebugPrintNullKeyToMap1[zh_CN]" classname="org.apache.commons.collections4.MapUtilsTest" time="0"/>
  <testcase name="testDebugPrintNullKeyToMap2[zh_CN]" classname="org.apache.commons.collections4.MapUtilsTest" time="0"/>
  <testcase name="testDebugPrint[zh_CN]" classname="org.apache.commons.collections4.MapUtilsTest" time="0"/>
  <testcase name="testgetDoubleValue[zh_CN]" classname="org.apache.commons.collections4.MapUtilsTest" time="0.001"/>
  <testcase name="testVerbosePrintNullStream[zh_CN]" classname="org.apache.commons.collections4.MapUtilsTest" time="0.004"/>
  <testcase name="testVerbosePrintNullLabelAndMap[zh_HK]" classname="org.apache.commons.collections4.MapUtilsTest" time="0"/>
  <testcase name="testgetMap[zh_HK]" classname="org.apache.commons.collections4.MapUtilsTest" time="0"/>
  <testcase name="testToProperties[zh_HK]" classname="org.apache.commons.collections4.MapUtilsTest" time="0"/>
  <testcase name="testgetShortValue[zh_HK]" classname="org.apache.commons.collections4.MapUtilsTest" time="0.001"/>
  <testcase name="testIsEmptyWithNull[zh_HK]" classname="org.apache.commons.collections4.MapUtilsTest" time="0"/>
  <testcase name="testVerbosePrint[zh_HK]" classname="org.apache.commons.collections4.MapUtilsTest" time="0"/>
  <testcase name="testLazyMapFactory[zh_HK]" classname="org.apache.commons.collections4.MapUtilsTest" time="0"/>
  <testcase name="testLazyMapTransformer[zh_HK]" classname="org.apache.commons.collections4.MapUtilsTest" time="0"/>
  <testcase name="testSafeAddToMap[zh_HK]" classname="org.apache.commons.collections4.MapUtilsTest" time="0"/>
  <testcase name="testIsEmptyWithNonEmptyMap[zh_HK]" classname="org.apache.commons.collections4.MapUtilsTest" time="0"/>
  <testcase name="testInvertMap[zh_HK]" classname="org.apache.commons.collections4.MapUtilsTest" time="0"/>
  <testcase name="testDebugAndVerbosePrintCasting[zh_HK]" classname="org.apache.commons.collections4.MapUtilsTest" time="0"/>
  <testcase name="testIsNotEmptyWithNonEmptyMap[zh_HK]" classname="org.apache.commons.collections4.MapUtilsTest" time="0"/>
  <testcase name="testgetByteValue[zh_HK]" classname="org.apache.commons.collections4.MapUtilsTest" time="0"/>
  <testcase name="testSize0[zh_HK]" classname="org.apache.commons.collections4.MapUtilsTest" time="0"/>
  <testcase name="testSize[zh_HK]" classname="org.apache.commons.collections4.MapUtilsTest" time="0"/>
  <testcase name="testIsNotEmptyWithEmptyMap[zh_HK]" classname="org.apache.commons.collections4.MapUtilsTest" time="0"/>
  <testcase name="testIsNotEmptyWithNull[zh_HK]" classname="org.apache.commons.collections4.MapUtilsTest" time="0"/>
  <testcase name="testIterableSortedMap[zh_HK]" classname="org.apache.commons.collections4.MapUtilsTest" time="0"/>
  <testcase name="testgetNumber[zh_HK]" classname="org.apache.commons.collections4.MapUtilsTest" time="0"/>
  <testcase name="testgetObject[zh_HK]" classname="org.apache.commons.collections4.MapUtilsTest" time="0"/>
  <testcase name="testgetString[zh_HK]" classname="org.apache.commons.collections4.MapUtilsTest" time="0"/>
  <testcase name="testPutAll_Map_array[zh_HK]" classname="org.apache.commons.collections4.MapUtilsTest" time="0"/>
  <testcase name="testVerbosePrintSelfReference[zh_HK]" classname="org.apache.commons.collections4.MapUtilsTest" time="0"/>
  <testcase name="testDebugPrintNullLabel[zh_HK]" classname="org.apache.commons.collections4.MapUtilsTest" time="0"/>
  <testcase name="testgetFloatValue[zh_HK]" classname="org.apache.commons.collections4.MapUtilsTest" time="0"/>
  <testcase name="testConvertResourceBundle[zh_HK]" classname="org.apache.commons.collections4.MapUtilsTest" time="0"/>
  <testcase name="testOrderedMap[zh_HK]" classname="org.apache.commons.collections4.MapUtilsTest" time="0"/>
  <testcase name="testDebugPrintNullLabelAndMap[zh_HK]" classname="org.apache.commons.collections4.MapUtilsTest" time="0"/>
  <testcase name="testEmptyIfNull[zh_HK]" classname="org.apache.commons.collections4.MapUtilsTest" time="0"/>
  <testcase name="testgetIntValue[zh_HK]" classname="org.apache.commons.collections4.MapUtilsTest" time="0"/>
  <testcase name="testDebugPrintSelfReference[zh_HK]" classname="org.apache.commons.collections4.MapUtilsTest" time="0"/>
  <testcase name="testIterableMap[zh_HK]" classname="org.apache.commons.collections4.MapUtilsTest" time="0"/>
  <testcase name="testDebugAndVerbosePrintNullMap[zh_HK]" classname="org.apache.commons.collections4.MapUtilsTest" time="0"/>
  <testcase name="testVerbosePrintNullLabel[zh_HK]" classname="org.apache.commons.collections4.MapUtilsTest" time="0"/>
  <testcase name="testDebugPrintNullKey[zh_HK]" classname="org.apache.commons.collections4.MapUtilsTest" time="0"/>
  <testcase name="testPredicatedMap[zh_HK]" classname="org.apache.commons.collections4.MapUtilsTest" time="0"/>
  <testcase name="testgetLongValue[zh_HK]" classname="org.apache.commons.collections4.MapUtilsTest" time="0"/>
  <testcase name="testVerbosePrintNullKeyToMap1[zh_HK]" classname="org.apache.commons.collections4.MapUtilsTest" time="0"/>
  <testcase name="testVerbosePrintNullKeyToMap2[zh_HK]" classname="org.apache.commons.collections4.MapUtilsTest" time="0"/>
  <testcase name="testPopulateMap[zh_HK]" classname="org.apache.commons.collections4.MapUtilsTest" time="0"/>
  <testcase name="testToPropertiesEmpty[zh_HK]" classname="org.apache.commons.collections4.MapUtilsTest" time="0"/>
  <testcase name="testPopulateMultiMap[zh_HK]" classname="org.apache.commons.collections4.MapUtilsTest" time="0"/>
  <testcase name="testDebugPrintNullStream[zh_HK]" classname="org.apache.commons.collections4.MapUtilsTest" time="0"/>
  <testcase name="testgetBooleanValue[zh_HK]" classname="org.apache.commons.collections4.MapUtilsTest" time="0"/>
  <testcase name="testIsEmptyWithEmptyMap[zh_HK]" classname="org.apache.commons.collections4.MapUtilsTest" time="0"/>
  <testcase name="testVerbosePrintNullKey[zh_HK]" classname="org.apache.commons.collections4.MapUtilsTest" time="0"/>
  <testcase name="testSizeNull[zh_HK]" classname="org.apache.commons.collections4.MapUtilsTest" time="0"/>
  <testcase name="testDebugPrintNullKeyToMap1[zh_HK]" classname="org.apache.commons.collections4.MapUtilsTest" time="0"/>
  <testcase name="testDebugPrintNullKeyToMap2[zh_HK]" classname="org.apache.commons.collections4.MapUtilsTest" time="0"/>
  <testcase name="testDebugPrint[zh_HK]" classname="org.apache.commons.collections4.MapUtilsTest" time="0"/>
  <testcase name="testgetDoubleValue[zh_HK]" classname="org.apache.commons.collections4.MapUtilsTest" time="0"/>
  <testcase name="testVerbosePrintNullStream[zh_HK]" classname="org.apache.commons.collections4.MapUtilsTest" time="0"/>
  <testcase name="testVerbosePrintNullLabelAndMap[zh_SG]" classname="org.apache.commons.collections4.MapUtilsTest" time="0"/>
  <testcase name="testgetMap[zh_SG]" classname="org.apache.commons.collections4.MapUtilsTest" time="0"/>
  <testcase name="testToProperties[zh_SG]" classname="org.apache.commons.collections4.MapUtilsTest" time="0"/>
  <testcase name="testgetShortValue[zh_SG]" classname="org.apache.commons.collections4.MapUtilsTest" time="0"/>
  <testcase name="testIsEmptyWithNull[zh_SG]" classname="org.apache.commons.collections4.MapUtilsTest" time="0"/>
  <testcase name="testVerbosePrint[zh_SG]" classname="org.apache.commons.collections4.MapUtilsTest" time="0"/>
  <testcase name="testLazyMapFactory[zh_SG]" classname="org.apache.commons.collections4.MapUtilsTest" time="0"/>
  <testcase name="testLazyMapTransformer[zh_SG]" classname="org.apache.commons.collections4.MapUtilsTest" time="0"/>
  <testcase name="testSafeAddToMap[zh_SG]" classname="org.apache.commons.collections4.MapUtilsTest" time="0"/>
  <testcase name="testIsEmptyWithNonEmptyMap[zh_SG]" classname="org.apache.commons.collections4.MapUtilsTest" time="0"/>
  <testcase name="testInvertMap[zh_SG]" classname="org.apache.commons.collections4.MapUtilsTest" time="0"/>
  <testcase name="testDebugAndVerbosePrintCasting[zh_SG]" classname="org.apache.commons.collections4.MapUtilsTest" time="0"/>
  <testcase name="testIsNotEmptyWithNonEmptyMap[zh_SG]" classname="org.apache.commons.collections4.MapUtilsTest" time="0"/>
  <testcase name="testgetByteValue[zh_SG]" classname="org.apache.commons.collections4.MapUtilsTest" time="0"/>
  <testcase name="testSize0[zh_SG]" classname="org.apache.commons.collections4.MapUtilsTest" time="0"/>
  <testcase name="testSize[zh_SG]" classname="org.apache.commons.collections4.MapUtilsTest" time="0"/>
  <testcase name="testIsNotEmptyWithEmptyMap[zh_SG]" classname="org.apache.commons.collections4.MapUtilsTest" time="0"/>
  <testcase name="testIsNotEmptyWithNull[zh_SG]" classname="org.apache.commons.collections4.MapUtilsTest" time="0"/>
  <testcase name="testIterableSortedMap[zh_SG]" classname="org.apache.commons.collections4.MapUtilsTest" time="0"/>
  <testcase name="testgetNumber[zh_SG]" classname="org.apache.commons.collections4.MapUtilsTest" time="0"/>
  <testcase name="testgetObject[zh_SG]" classname="org.apache.commons.collections4.MapUtilsTest" time="0"/>
  <testcase name="testgetString[zh_SG]" classname="org.apache.commons.collections4.MapUtilsTest" time="0"/>
  <testcase name="testPutAll_Map_array[zh_SG]" classname="org.apache.commons.collections4.MapUtilsTest" time="0"/>
  <testcase name="testVerbosePrintSelfReference[zh_SG]" classname="org.apache.commons.collections4.MapUtilsTest" time="0.001"/>
  <testcase name="testDebugPrintNullLabel[zh_SG]" classname="org.apache.commons.collections4.MapUtilsTest" time="0"/>
  <testcase name="testgetFloatValue[zh_SG]" classname="org.apache.commons.collections4.MapUtilsTest" time="0"/>
  <testcase name="testConvertResourceBundle[zh_SG]" classname="org.apache.commons.collections4.MapUtilsTest" time="0"/>
  <testcase name="testOrderedMap[zh_SG]" classname="org.apache.commons.collections4.MapUtilsTest" time="0"/>
  <testcase name="testDebugPrintNullLabelAndMap[zh_SG]" classname="org.apache.commons.collections4.MapUtilsTest" time="0"/>
  <testcase name="testEmptyIfNull[zh_SG]" classname="org.apache.commons.collections4.MapUtilsTest" time="0"/>
  <testcase name="testgetIntValue[zh_SG]" classname="org.apache.commons.collections4.MapUtilsTest" time="0"/>
  <testcase name="testDebugPrintSelfReference[zh_SG]" classname="org.apache.commons.collections4.MapUtilsTest" time="0"/>
  <testcase name="testIterableMap[zh_SG]" classname="org.apache.commons.collections4.MapUtilsTest" time="0"/>
  <testcase name="testDebugAndVerbosePrintNullMap[zh_SG]" classname="org.apache.commons.collections4.MapUtilsTest" time="0"/>
  <testcase name="testVerbosePrintNullLabel[zh_SG]" classname="org.apache.commons.collections4.MapUtilsTest" time="0"/>
  <testcase name="testDebugPrintNullKey[zh_SG]" classname="org.apache.commons.collections4.MapUtilsTest" time="0"/>
  <testcase name="testPredicatedMap[zh_SG]" classname="org.apache.commons.collections4.MapUtilsTest" time="0"/>
  <testcase name="testgetLongValue[zh_SG]" classname="org.apache.commons.collections4.MapUtilsTest" time="0"/>
  <testcase name="testVerbosePrintNullKeyToMap1[zh_SG]" classname="org.apache.commons.collections4.MapUtilsTest" time="0"/>
  <testcase name="testVerbosePrintNullKeyToMap2[zh_SG]" classname="org.apache.commons.collections4.MapUtilsTest" time="0"/>
  <testcase name="testPopulateMap[zh_SG]" classname="org.apache.commons.collections4.MapUtilsTest" time="0"/>
  <testcase name="testToPropertiesEmpty[zh_SG]" classname="org.apache.commons.collections4.MapUtilsTest" time="0"/>
  <testcase name="testPopulateMultiMap[zh_SG]" classname="org.apache.commons.collections4.MapUtilsTest" time="0"/>
  <testcase name="testDebugPrintNullStream[zh_SG]" classname="org.apache.commons.collections4.MapUtilsTest" time="0"/>
  <testcase name="testgetBooleanValue[zh_SG]" classname="org.apache.commons.collections4.MapUtilsTest" time="0"/>
  <testcase name="testIsEmptyWithEmptyMap[zh_SG]" classname="org.apache.commons.collections4.MapUtilsTest" time="0"/>
  <testcase name="testVerbosePrintNullKey[zh_SG]" classname="org.apache.commons.collections4.MapUtilsTest" time="0"/>
  <testcase name="testSizeNull[zh_SG]" classname="org.apache.commons.collections4.MapUtilsTest" time="0"/>
  <testcase name="testDebugPrintNullKeyToMap1[zh_SG]" classname="org.apache.commons.collections4.MapUtilsTest" time="0"/>
  <testcase name="testDebugPrintNullKeyToMap2[zh_SG]" classname="org.apache.commons.collections4.MapUtilsTest" time="0"/>
  <testcase name="testDebugPrint[zh_SG]" classname="org.apache.commons.collections4.MapUtilsTest" time="0"/>
  <testcase name="testgetDoubleValue[zh_SG]" classname="org.apache.commons.collections4.MapUtilsTest" time="0"/>
  <testcase name="testVerbosePrintNullStream[zh_SG]" classname="org.apache.commons.collections4.MapUtilsTest" time="0"/>
  <testcase name="testVerbosePrintNullLabelAndMap[zh_TW]" classname="org.apache.commons.collections4.MapUtilsTest" time="0"/>
  <testcase name="testgetMap[zh_TW]" classname="org.apache.commons.collections4.MapUtilsTest" time="0"/>
  <testcase name="testToProperties[zh_TW]" classname="org.apache.commons.collections4.MapUtilsTest" time="0"/>
  <testcase name="testgetShortValue[zh_TW]" classname="org.apache.commons.collections4.MapUtilsTest" time="0"/>
  <testcase name="testIsEmptyWithNull[zh_TW]" classname="org.apache.commons.collections4.MapUtilsTest" time="0"/>
  <testcase name="testVerbosePrint[zh_TW]" classname="org.apache.commons.collections4.MapUtilsTest" time="0"/>
  <testcase name="testLazyMapFactory[zh_TW]" classname="org.apache.commons.collections4.MapUtilsTest" time="0.001"/>
  <testcase name="testLazyMapTransformer[zh_TW]" classname="org.apache.commons.collections4.MapUtilsTest" time="0"/>
  <testcase name="testSafeAddToMap[zh_TW]" classname="org.apache.commons.collections4.MapUtilsTest" time="0"/>
  <testcase name="testIsEmptyWithNonEmptyMap[zh_TW]" classname="org.apache.commons.collections4.MapUtilsTest" time="0"/>
  <testcase name="testInvertMap[zh_TW]" classname="org.apache.commons.collections4.MapUtilsTest" time="0"/>
  <testcase name="testDebugAndVerbosePrintCasting[zh_TW]" classname="org.apache.commons.collections4.MapUtilsTest" time="0"/>
  <testcase name="testIsNotEmptyWithNonEmptyMap[zh_TW]" classname="org.apache.commons.collections4.MapUtilsTest" time="0"/>
  <testcase name="testgetByteValue[zh_TW]" classname="org.apache.commons.collections4.MapUtilsTest" time="0"/>
  <testcase name="testSize0[zh_TW]" classname="org.apache.commons.collections4.MapUtilsTest" time="0"/>
  <testcase name="testSize[zh_TW]" classname="org.apache.commons.collections4.MapUtilsTest" time="0"/>
  <testcase name="testIsNotEmptyWithEmptyMap[zh_TW]" classname="org.apache.commons.collections4.MapUtilsTest" time="0"/>
  <testcase name="testIsNotEmptyWithNull[zh_TW]" classname="org.apache.commons.collections4.MapUtilsTest" time="0"/>
  <testcase name="testIterableSortedMap[zh_TW]" classname="org.apache.commons.collections4.MapUtilsTest" time="0"/>
  <testcase name="testgetNumber[zh_TW]" classname="org.apache.commons.collections4.MapUtilsTest" time="0"/>
  <testcase name="testgetObject[zh_TW]" classname="org.apache.commons.collections4.MapUtilsTest" time="0"/>
  <testcase name="testgetString[zh_TW]" classname="org.apache.commons.collections4.MapUtilsTest" time="0"/>
  <testcase name="testPutAll_Map_array[zh_TW]" classname="org.apache.commons.collections4.MapUtilsTest" time="0"/>
  <testcase name="testVerbosePrintSelfReference[zh_TW]" classname="org.apache.commons.collections4.MapUtilsTest" time="0"/>
  <testcase name="testDebugPrintNullLabel[zh_TW]" classname="org.apache.commons.collections4.MapUtilsTest" time="0"/>
  <testcase name="testgetFloatValue[zh_TW]" classname="org.apache.commons.collections4.MapUtilsTest" time="0"/>
  <testcase name="testConvertResourceBundle[zh_TW]" classname="org.apache.commons.collections4.MapUtilsTest" time="0"/>
  <testcase name="testOrderedMap[zh_TW]" classname="org.apache.commons.collections4.MapUtilsTest" time="0"/>
  <testcase name="testDebugPrintNullLabelAndMap[zh_TW]" classname="org.apache.commons.collections4.MapUtilsTest" time="0"/>
  <testcase name="testEmptyIfNull[zh_TW]" classname="org.apache.commons.collections4.MapUtilsTest" time="0"/>
  <testcase name="testgetIntValue[zh_TW]" classname="org.apache.commons.collections4.MapUtilsTest" time="0"/>
  <testcase name="testDebugPrintSelfReference[zh_TW]" classname="org.apache.commons.collections4.MapUtilsTest" time="0"/>
  <testcase name="testIterableMap[zh_TW]" classname="org.apache.commons.collections4.MapUtilsTest" time="0"/>
  <testcase name="testDebugAndVerbosePrintNullMap[zh_TW]" classname="org.apache.commons.collections4.MapUtilsTest" time="0"/>
  <testcase name="testVerbosePrintNullLabel[zh_TW]" classname="org.apache.commons.collections4.MapUtilsTest" time="0"/>
  <testcase name="testDebugPrintNullKey[zh_TW]" classname="org.apache.commons.collections4.MapUtilsTest" time="0"/>
  <testcase name="testPredicatedMap[zh_TW]" classname="org.apache.commons.collections4.MapUtilsTest" time="0"/>
  <testcase name="testgetLongValue[zh_TW]" classname="org.apache.commons.collections4.MapUtilsTest" time="0"/>
  <testcase name="testVerbosePrintNullKeyToMap1[zh_TW]" classname="org.apache.commons.collections4.MapUtilsTest" time="0"/>
  <testcase name="testVerbosePrintNullKeyToMap2[zh_TW]" classname="org.apache.commons.collections4.MapUtilsTest" time="0"/>
  <testcase name="testPopulateMap[zh_TW]" classname="org.apache.commons.collections4.MapUtilsTest" time="0"/>
  <testcase name="testToPropertiesEmpty[zh_TW]" classname="org.apache.commons.collections4.MapUtilsTest" time="0"/>
  <testcase name="testPopulateMultiMap[zh_TW]" classname="org.apache.commons.collections4.MapUtilsTest" time="0"/>
  <testcase name="testDebugPrintNullStream[zh_TW]" classname="org.apache.commons.collections4.MapUtilsTest" time="0"/>
  <testcase name="testgetBooleanValue[zh_TW]" classname="org.apache.commons.collections4.MapUtilsTest" time="0"/>
  <testcase name="testIsEmptyWithEmptyMap[zh_TW]" classname="org.apache.commons.collections4.MapUtilsTest" time="0"/>
  <testcase name="testVerbosePrintNullKey[zh_TW]" classname="org.apache.commons.collections4.MapUtilsTest" time="0"/>
  <testcase name="testSizeNull[zh_TW]" classname="org.apache.commons.collections4.MapUtilsTest" time="0"/>
  <testcase name="testDebugPrintNullKeyToMap1[zh_TW]" classname="org.apache.commons.collections4.MapUtilsTest" time="0"/>
  <testcase name="testDebugPrintNullKeyToMap2[zh_TW]" classname="org.apache.commons.collections4.MapUtilsTest" time="0"/>
  <testcase name="testDebugPrint[zh_TW]" classname="org.apache.commons.collections4.MapUtilsTest" time="0"/>
  <testcase name="testgetDoubleValue[zh_TW]" classname="org.apache.commons.collections4.MapUtilsTest" time="0"/>
  <testcase name="testVerbosePrintNullStream[zh_TW]" classname="org.apache.commons.collections4.MapUtilsTest" time="0"/>
</testsuite>