<?xml version="1.0" encoding="UTF-8"?>
<testsuite xmlns:xsi="http://www.w3.org/2001/XMLSchema-instance" xsi:noNamespaceSchemaLocation="https://maven.apache.org/surefire/maven-surefire-plugin/xsd/surefire-test-report.xsd" name="org.apache.commons.collections4.CollectionUtilsTest" time="0.01" tests="104" errors="0" skipped="0" failures="0">
  <properties>
    <property name="awt.toolkit" value="sun.awt.X11.XToolkit"/>
    <property name="maven.test.error.ignore" value="true"/>
    <property name="file.encoding.pkg" value="sun.io"/>
    <property name="java.specification.version" value="1.8"/>
    <property name="sun.cpu.isalist" value=""/>
    <property name="sun.jnu.encoding" value="UTF-8"/>
    <property name="java.class.path" value="/tmp/tmpx5gqw6tj/commons-collections/target/test-classes:/tmp/tmpx5gqw6tj/commons-collections/target/classes:/home/jdbl/.m2/repository/junit/junit/4.12/junit-4.12.jar:/home/jdbl/.m2/repository/org/hamcrest/hamcrest-core/1.3/hamcrest-core-1.3.jar:/home/jdbl/.m2/repository/org/easymock/easymock/3.6/easymock-3.6.jar:/home/jdbl/.m2/repository/org/objenesis/objenesis/2.6/objenesis-2.6.jar:/home/jdbl/.m2/repository/org/apache/commons/commons-lang3/3.7/commons-lang3-3.7.jar:"/>
    <property name="java.vm.vendor" value="Oracle Corporation"/>
    <property name="maven.javadoc.skip" value="true"/>
    <property name="sun.arch.data.model" value="64"/>
    <property name="java.vendor.url" value="http://java.oracle.com/"/>
    <property name="user.timezone" value=""/>
    <property name="java.vm.specification.version" value="1.8"/>
    <property name="os.name" value="Linux"/>
    <property name="rat.skip" value="true"/>
    <property name="sun.java.launcher" value="SUN_STANDARD"/>
    <property name="sun.boot.library.path" value="/usr/local/openjdk-8/jre/lib/amd64"/>
    <property name="sun.java.command" value="/tmp/tmpx5gqw6tj/commons-collections/target/surefire/surefirebooter7518322406636459744.jar /tmp/tmpx5gqw6tj/commons-collections/target/surefire 2020-07-30T19-46-07_552-jvmRun1 surefire8999690667226772677tmp surefire_05217994745836114059tmp"/>
    <property name="surefire.test.class.path" value="/tmp/tmpx5gqw6tj/commons-collections/target/test-classes:/tmp/tmpx5gqw6tj/commons-collections/target/classes:/home/jdbl/.m2/repository/junit/junit/4.12/junit-4.12.jar:/home/jdbl/.m2/repository/org/hamcrest/hamcrest-core/1.3/hamcrest-core-1.3.jar:/home/jdbl/.m2/repository/org/easymock/easymock/3.6/easymock-3.6.jar:/home/jdbl/.m2/repository/org/objenesis/objenesis/2.6/objenesis-2.6.jar:/home/jdbl/.m2/repository/org/apache/commons/commons-lang3/3.7/commons-lang3-3.7.jar:"/>
    <property name="sun.cpu.endian" value="little"/>
    <property name="user.home" value="/home/jdbl"/>
    <property name="user.language" value="en"/>
    <property name="java.specification.vendor" value="Oracle Corporation"/>
    <property name="java.home" value="/usr/local/openjdk-8/jre"/>
    <property name="basedir" value="/tmp/tmpx5gqw6tj/commons-collections"/>
    <property name="file.separator" value="/"/>
    <property name="line.separator" value="&#10;"/>
    <property name="source.skip" value="true"/>
    <property name="java.vm.specification.vendor" value="Oracle Corporation"/>
    <property name="java.specification.name" value="Java Platform API Specification"/>
    <property name="java.awt.graphicsenv" value="sun.awt.X11GraphicsEnvironment"/>
    <property name="surefire.real.class.path" value="/tmp/tmpx5gqw6tj/commons-collections/target/surefire/surefirebooter7518322406636459744.jar:/home/jdbl/.m2/repository/org/jacoco/org.jacoco.agent/0.8.1/org.jacoco.agent-0.8.1-runtime.jar"/>
    <property name="sun.boot.class.path" value="/usr/local/openjdk-8/jre/lib/resources.jar:/usr/local/openjdk-8/jre/lib/rt.jar:/usr/local/openjdk-8/jre/lib/sunrsasign.jar:/usr/local/openjdk-8/jre/lib/jsse.jar:/usr/local/openjdk-8/jre/lib/jce.jar:/usr/local/openjdk-8/jre/lib/charsets.jar:/usr/local/openjdk-8/jre/lib/jfr.jar:/usr/local/openjdk-8/jre/classes"/>
    <property name="sun.management.compiler" value="HotSpot 64-Bit Tiered Compilers"/>
    <property name="java.runtime.version" value="1.8.0_262-b10"/>
    <property name="user.name" value="jdbl"/>
    <property name="path.separator" value=":"/>
    <property name="os.version" value="4.15.0-109-generic"/>
    <property name="java.endorsed.dirs" value="/usr/local/openjdk-8/jre/lib/endorsed"/>
    <property name="java.runtime.name" value="OpenJDK Runtime Environment"/>
    <property name="file.encoding" value="UTF-8"/>
    <property name="java.vm.name" value="OpenJDK 64-Bit Server VM"/>
    <property name="localRepository" value="/home/jdbl/.m2/repository"/>
    <property name="java.vendor.url.bug" value="http://bugreport.sun.com/bugreport/"/>
    <property name="java.io.tmpdir" value="/tmp"/>
    <property name="java.version" value="1.8.0_262"/>
    <property name="user.dir" value="/tmp/tmpx5gqw6tj/commons-collections"/>
    <property name="os.arch" value="amd64"/>
    <property name="license.skip" value="true"/>
    <property name="animal.sniffer.skip" value="true"/>
    <property name="java.vm.specification.name" value="Java Virtual Machine Specification"/>
    <property name="java.awt.printerjob" value="sun.print.PSPrinterJob"/>
    <property name="sun.os.patch.level" value="unknown"/>
    <property name="java.library.path" value="/usr/java/packages/lib/amd64:/usr/lib64:/lib64:/lib:/usr/lib"/>
    <property name="java.vm.info" value="mixed mode"/>
    <property name="java.vendor" value="Oracle Corporation"/>
    <property name="java.vm.version" value="25.262-b10"/>
    <property name="java.ext.dirs" value="/usr/local/openjdk-8/jre/lib/ext:/usr/java/packages/lib/ext"/>
    <property name="sun.io.unicode.encoding" value="UnicodeLittle"/>
    <property name="java.class.version" value="52.0"/>
    <property name="maven.test.failure.ignore" value="true"/>
  </properties>
  <testcase name="forAllDoIterator" classname="org.apache.commons.collections4.CollectionUtilsTest" time="0"/>
  <testcase name="countMatches" classname="org.apache.commons.collections4.CollectionUtilsTest" time="0"/>
  <testcase name="getCardinalityMap" classname="org.apache.commons.collections4.CollectionUtilsTest" time="0"/>
  <testcase name="testIsEmptyWithNull" classname="org.apache.commons.collections4.CollectionUtilsTest" time="0"/>
  <testcase name="testIsEmptyWithNonEmptyCollection" classname="org.apache.commons.collections4.CollectionUtilsTest" time="0"/>
  <testcase name="testIsEmptyWithEmptyCollection" classname="org.apache.commons.collections4.CollectionUtilsTest" time="0"/>
  <testcase name="testIsEqualCollection2" classname="org.apache.commons.collections4.CollectionUtilsTest" time="0"/>
  <testcase name="filterNullParameters" classname="org.apache.commons.collections4.CollectionUtilsTest" time="0"/>
  <testcase name="transform1" classname="org.apache.commons.collections4.CollectionUtilsTest" time="0"/>
  <testcase name="transform2" classname="org.apache.commons.collections4.CollectionUtilsTest" time="0"/>
  <testcase name="testIsEqualCollection" classname="org.apache.commons.collections4.CollectionUtilsTest" time="0"/>
  <testcase name="testSizeIsEmpty_Enumeration" classname="org.apache.commons.collections4.CollectionUtilsTest" time="0"/>
  <testcase name="testIsSubCollection2" classname="org.apache.commons.collections4.CollectionUtilsTest" time="0"/>
  <testcase name="testIsProperSubCollection" classname="org.apache.commons.collections4.CollectionUtilsTest" time="0"/>
  <testcase name="addAllForElements" classname="org.apache.commons.collections4.CollectionUtilsTest" time="0"/>
  <testcase name="testSubtract" classname="org.apache.commons.collections4.CollectionUtilsTest" time="0"/>
  <testcase name="getNegative" classname="org.apache.commons.collections4.CollectionUtilsTest" time="0"/>
  <testcase name="testIsEqualCollectionReturnsFalse" classname="org.apache.commons.collections4.CollectionUtilsTest" time="0"/>
  <testcase name="exists" classname="org.apache.commons.collections4.CollectionUtilsTest" time="0"/>
  <testcase name="filter" classname="org.apache.commons.collections4.CollectionUtilsTest" time="0"/>
  <testcase name="getFromEnumeration" classname="org.apache.commons.collections4.CollectionUtilsTest" time="0"/>
  <testcase name="isFull" classname="org.apache.commons.collections4.CollectionUtilsTest" time="0"/>
  <testcase name="testTransformedCollection" classname="org.apache.commons.collections4.CollectionUtilsTest" time="0"/>
  <testcase name="getIterator" classname="org.apache.commons.collections4.CollectionUtilsTest" time="0"/>
  <testcase name="containsAnyInCollection" classname="org.apache.commons.collections4.CollectionUtilsTest" time="0"/>
  <testcase name="testIsNotEmptyWithNull" classname="org.apache.commons.collections4.CollectionUtilsTest" time="0"/>
  <testcase name="intersectionUsesMethodEquals" classname="org.apache.commons.collections4.CollectionUtilsTest" time="0"/>
  <testcase name="getFromPrimitiveArray" classname="org.apache.commons.collections4.CollectionUtilsTest" time="0"/>
  <testcase name="addAllForEnumeration" classname="org.apache.commons.collections4.CollectionUtilsTest" time="0"/>
  <testcase name="select" classname="org.apache.commons.collections4.CollectionUtilsTest" time="0"/>
  <testcase name="forAllButLastDoCollection" classname="org.apache.commons.collections4.CollectionUtilsTest" time="0"/>
  <testcase name="testSize_PrimitiveArray" classname="org.apache.commons.collections4.CollectionUtilsTest" time="0"/>
  <testcase name="testRetainAll" classname="org.apache.commons.collections4.CollectionUtilsTest" time="0"/>
  <testcase name="testSizeIsEmpty_PrimitiveArray" classname="org.apache.commons.collections4.CollectionUtilsTest" time="0"/>
  <testcase name="emptyCollection" classname="org.apache.commons.collections4.CollectionUtilsTest" time="0"/>
  <testcase name="containsAnyInArray" classname="org.apache.commons.collections4.CollectionUtilsTest" time="0"/>
  <testcase name="disjunction" classname="org.apache.commons.collections4.CollectionUtilsTest" time="0"/>
  <testcase name="testSubtractWithPredicate" classname="org.apache.commons.collections4.CollectionUtilsTest" time="0"/>
  <testcase name="testTransformedCollection_2" classname="org.apache.commons.collections4.CollectionUtilsTest" time="0"/>
  <testcase name="addAllForIterable" classname="org.apache.commons.collections4.CollectionUtilsTest" time="0.002"/>
  <testcase name="cardinalityOfNull" classname="org.apache.commons.collections4.CollectionUtilsTest" time="0"/>
  <testcase name="collateException1" classname="org.apache.commons.collections4.CollectionUtilsTest" time="0"/>
  <testcase name="collateException2" classname="org.apache.commons.collections4.CollectionUtilsTest" time="0"/>
  <testcase name="extractSingleton" classname="org.apache.commons.collections4.CollectionUtilsTest" time="0"/>
  <testcase name="testSizeIsEmpty_List" classname="org.apache.commons.collections4.CollectionUtilsTest" time="0"/>
  <testcase name="testSizeIsEmpty_Null" classname="org.apache.commons.collections4.CollectionUtilsTest" time="0"/>
  <testcase name="testIsSubCollectionOfSelf" classname="org.apache.commons.collections4.CollectionUtilsTest" time="0"/>
  <testcase name="testSizeIsEmpty_Map" classname="org.apache.commons.collections4.CollectionUtilsTest" time="0"/>
  <testcase name="get" classname="org.apache.commons.collections4.CollectionUtilsTest" time="0"/>
  <testcase name="find" classname="org.apache.commons.collections4.CollectionUtilsTest" time="0"/>
  <testcase name="get1" classname="org.apache.commons.collections4.CollectionUtilsTest" time="0"/>
  <testcase name="testIsEqualCollectionEquator" classname="org.apache.commons.collections4.CollectionUtilsTest" time="0.001"/>
  <testcase name="getPositiveOutOfBounds" classname="org.apache.commons.collections4.CollectionUtilsTest" time="0.001"/>
  <testcase name="union" classname="org.apache.commons.collections4.CollectionUtilsTest" time="0"/>
  <testcase name="intersection" classname="org.apache.commons.collections4.CollectionUtilsTest" time="0"/>
  <testcase name="containsAll" classname="org.apache.commons.collections4.CollectionUtilsTest" time="0"/>
  <testcase name="getFromObjectArray" classname="org.apache.commons.collections4.CollectionUtilsTest" time="0"/>
  <testcase name="selectRejected" classname="org.apache.commons.collections4.CollectionUtilsTest" time="0"/>
  <testcase name="getFromIterable" classname="org.apache.commons.collections4.CollectionUtilsTest" time="0"/>
  <testcase name="getFromIterator" classname="org.apache.commons.collections4.CollectionUtilsTest" time="0"/>
  <testcase name="getFromMap" classname="org.apache.commons.collections4.CollectionUtilsTest" time="0"/>
  <testcase name="testPermutationsWithNullCollection" classname="org.apache.commons.collections4.CollectionUtilsTest" time="0"/>
  <testcase name="testCollateIgnoreDuplicates" classname="org.apache.commons.collections4.CollectionUtilsTest" time="0"/>
  <testcase name="testCollate" classname="org.apache.commons.collections4.CollectionUtilsTest" time="0.001"/>
  <testcase name="forAllDoCollection" classname="org.apache.commons.collections4.CollectionUtilsTest" time="0"/>
  <testcase name="testRetainAllWithEquator" classname="org.apache.commons.collections4.CollectionUtilsTest" time="0"/>
  <testcase name="predicatedCollection" classname="org.apache.commons.collections4.CollectionUtilsTest" time="0"/>
  <testcase name="testIsSubCollection" classname="org.apache.commons.collections4.CollectionUtilsTest" time="0"/>
  <testcase name="getFromList" classname="org.apache.commons.collections4.CollectionUtilsTest" time="0.001"/>
  <testcase name="maxSize" classname="org.apache.commons.collections4.CollectionUtilsTest" time="0.001"/>
  <testcase name="cardinality" classname="org.apache.commons.collections4.CollectionUtilsTest" time="0"/>
  <testcase name="testSynchronizedCollection" classname="org.apache.commons.collections4.CollectionUtilsTest" time="0"/>
  <testcase name="emptyIfNull" classname="org.apache.commons.collections4.CollectionUtilsTest" time="0"/>
  <testcase name="getEnumeration" classname="org.apache.commons.collections4.CollectionUtilsTest" time="0"/>
  <testcase name="addIgnoreNull" classname="org.apache.commons.collections4.CollectionUtilsTest" time="0"/>
  <testcase name="collect" classname="org.apache.commons.collections4.CollectionUtilsTest" time="0"/>
  <testcase name="testDisjunctionAsUnionMinusIntersection" classname="org.apache.commons.collections4.CollectionUtilsTest" time="0"/>
  <testcase name="testUnmodifiableCollection" classname="org.apache.commons.collections4.CollectionUtilsTest" time="0"/>
  <testcase name="reverse" classname="org.apache.commons.collections4.CollectionUtilsTest" time="0"/>
  <testcase name="testMatchesAll" classname="org.apache.commons.collections4.CollectionUtilsTest" time="0.001"/>
  <testcase name="testSize_List" classname="org.apache.commons.collections4.CollectionUtilsTest" time="0"/>
  <testcase name="testIsEqualCollectionNullEquator" classname="org.apache.commons.collections4.CollectionUtilsTest" time="0"/>
  <testcase name="testSize_Enumeration" classname="org.apache.commons.collections4.CollectionUtilsTest" time="0"/>
  <testcase name="testSizeIsEmpty_Iterator" classname="org.apache.commons.collections4.CollectionUtilsTest" time="0"/>
  <testcase name="filterInverse" classname="org.apache.commons.collections4.CollectionUtilsTest" time="0"/>
  <testcase name="forAllDoFailure" classname="org.apache.commons.collections4.CollectionUtilsTest" time="0"/>
  <testcase name="testSizeIsEmpty_Array" classname="org.apache.commons.collections4.CollectionUtilsTest" time="0"/>
  <testcase name="filterInverseNullParameters" classname="org.apache.commons.collections4.CollectionUtilsTest" time="0"/>
  <testcase name="testSize_Map" classname="org.apache.commons.collections4.CollectionUtilsTest" time="0"/>
  <testcase name="testSizeIsEmpty_Other" classname="org.apache.commons.collections4.CollectionUtilsTest" time="0"/>
  <testcase name="testIsNotEmptyWithNonEmptyCollection" classname="org.apache.commons.collections4.CollectionUtilsTest" time="0"/>
  <testcase name="testDisjunctionAsSymmetricDifference" classname="org.apache.commons.collections4.CollectionUtilsTest" time="0"/>
  <testcase name="testPermutations" classname="org.apache.commons.collections4.CollectionUtilsTest" time="0"/>
  <testcase name="testSize_Iterator" classname="org.apache.commons.collections4.CollectionUtilsTest" time="0"/>
  <testcase name="testIsEqualCollectionToSelf" classname="org.apache.commons.collections4.CollectionUtilsTest" time="0"/>
  <testcase name="getFromObject" classname="org.apache.commons.collections4.CollectionUtilsTest" time="0"/>
  <testcase name="testSize_Array" classname="org.apache.commons.collections4.CollectionUtilsTest" time="0"/>
  <testcase name="testSize_Other" classname="org.apache.commons.collections4.CollectionUtilsTest" time="0"/>
  <testcase name="forAllButLastDoIterator" classname="org.apache.commons.collections4.CollectionUtilsTest" time="0"/>
  <testcase name="testRemoveAll" classname="org.apache.commons.collections4.CollectionUtilsTest" time="0"/>
  <testcase name="testRemoveAllWithEquator" classname="org.apache.commons.collections4.CollectionUtilsTest" time="0.001"/>
  <testcase name="isEmpty" classname="org.apache.commons.collections4.CollectionUtilsTest" time="0"/>
  <testcase name="selectWithOutputCollections" classname="org.apache.commons.collections4.CollectionUtilsTest" time="0"/>
  <testcase name="testIsNotEmptyWithEmptyCollection" classname="org.apache.commons.collections4.CollectionUtilsTest" time="0"/>
</testsuite>