<?xml version="1.0" encoding="UTF-8"?>
<testsuite name="javassist.JvstTest" time="14.964" tests="376" errors="0" skipped="0" failures="0">
  <properties>
    <property name="java.runtime.name" value="OpenJDK Runtime Environment"/>
    <property name="sun.boot.library.path" value="/usr/local/openjdk-8/jre/lib/amd64"/>
    <property name="java.vm.version" value="25.262-b10"/>
    <property name="animal.sniffer.skip" value="true"/>
    <property name="java.vm.vendor" value="Oracle Corporation"/>
    <property name="maven.multiModuleProjectDirectory" value="/tmp/tmpjk2i14c9/javassist"/>
    <property name="maven.javadoc.skip" value="true"/>
    <property name="java.vendor.url" value="http://java.oracle.com/"/>
    <property name="path.separator" value=":"/>
    <property name="guice.disable.misplaced.annotation.check" value="true"/>
    <property name="java.vm.name" value="OpenJDK 64-Bit Server VM"/>
    <property name="file.encoding.pkg" value="sun.io"/>
    <property name="sun.java.launcher" value="SUN_STANDARD"/>
    <property name="sun.os.patch.level" value="unknown"/>
    <property name="source.skip" value="true"/>
    <property name="java.vm.specification.name" value="Java Virtual Machine Specification"/>
    <property name="user.dir" value="/tmp/tmpjk2i14c9/javassist"/>
    <property name="java.runtime.version" value="1.8.0_262-b10"/>
    <property name="java.awt.graphicsenv" value="sun.awt.X11GraphicsEnvironment"/>
    <property name="java.endorsed.dirs" value="/usr/local/openjdk-8/jre/lib/endorsed"/>
    <property name="os.arch" value="amd64"/>
    <property name="java.io.tmpdir" value="/tmp"/>
    <property name="line.separator" value="&#10;"/>
    <property name="java.vm.specification.vendor" value="Oracle Corporation"/>
    <property name="os.name" value="Linux"/>
    <property name="classworlds.conf" value="/usr/share/maven/bin/m2.conf"/>
    <property name="maven.test.error.ignore" value="true"/>
    <property name="sun.jnu.encoding" value="UTF-8"/>
    <property name="java.library.path" value="/usr/java/packages/lib/amd64:/usr/lib64:/lib64:/lib:/usr/lib"/>
    <property name="license.skip" value="true"/>
    <property name="maven.conf" value="/usr/share/maven/conf"/>
    <property name="java.specification.name" value="Java Platform API Specification"/>
    <property name="java.class.version" value="52.0"/>
    <property name="sun.management.compiler" value="HotSpot 64-Bit Tiered Compilers"/>
    <property name="maven.test.failure.ignore" value="true"/>
    <property name="os.version" value="4.15.0-109-generic"/>
    <property name="library.jansi.path" value="/usr/share/maven/lib/jansi-native"/>
    <property name="user.home" value="/home/jdbl"/>
    <property name="user.timezone" value="Etc/UTC"/>
    <property name="java.awt.printerjob" value="sun.print.PSPrinterJob"/>
    <property name="java.specification.version" value="1.8"/>
    <property name="file.encoding" value="UTF-8"/>
    <property name="user.name" value="jdbl"/>
    <property name="java.class.path" value="/usr/share/maven/boot/plexus-classworlds-2.6.0.jar"/>
    <property name="java.vm.specification.version" value="1.8"/>
    <property name="sun.arch.data.model" value="64"/>
    <property name="java.home" value="/usr/local/openjdk-8/jre"/>
    <property name="sun.java.command" value="org.codehaus.plexus.classworlds.launcher.Launcher package -e --fail-never -ntp -Dmaven.test.error.ignore=true -Dmaven.test.failure.ignore=true -B -Dmaven.javadoc.skip=true -Drat.skip=true -Danimal.sniffer.skip=true -Dmaven.javadoc.skip=true -Dlicense.skip=true -Dsource.skip=true"/>
    <property name="java.specification.vendor" value="Oracle Corporation"/>
    <property name="user.language" value="en"/>
    <property name="awt.toolkit" value="sun.awt.X11.XToolkit"/>
    <property name="java.vm.info" value="mixed mode"/>
    <property name="java.version" value="1.8.0_262"/>
    <property name="java.ext.dirs" value="/usr/local/openjdk-8/jre/lib/ext:/usr/java/packages/lib/ext"/>
    <property name="securerandom.source" value="file:/dev/./urandom"/>
    <property name="sun.boot.class.path" value="/usr/local/openjdk-8/jre/lib/resources.jar:/usr/local/openjdk-8/jre/lib/rt.jar:/usr/local/openjdk-8/jre/lib/sunrsasign.jar:/usr/local/openjdk-8/jre/lib/jsse.jar:/usr/local/openjdk-8/jre/lib/jce.jar:/usr/local/openjdk-8/jre/lib/charsets.jar:/usr/local/openjdk-8/jre/lib/jfr.jar:/usr/local/openjdk-8/jre/classes"/>
    <property name="java.vendor" value="Oracle Corporation"/>
    <property name="rat.skip" value="true"/>
    <property name="maven.home" value="/usr/share/maven"/>
    <property name="file.separator" value="/"/>
    <property name="java.vendor.url.bug" value="http://bugreport.sun.com/bugreport/"/>
    <property name="sun.cpu.endian" value="little"/>
    <property name="sun.io.unicode.encoding" value="UnicodeLittle"/>
    <property name="sun.cpu.isalist" value=""/>
  </properties>
  <testcase name="testCodeConv" classname="javassist.JvstTest" time="0.081"/>
  <testcase name="testTryCatch" classname="javassist.JvstTest" time="0.027"/>
  <testcase name="testGetThrowables" classname="javassist.JvstTest" time="0.002"/>
  <testcase name="testArrayAccess" classname="javassist.JvstTest" time="0.002"/>
  <testcase name="testClinit" classname="javassist.JvstTest" time="0.002"/>
  <testcase name="testClinit2" classname="javassist.JvstTest" time="0.001"/>
  <testcase name="testCondExpr" classname="javassist.JvstTest" time="0.006"/>
  <testcase name="testCondExpr2" classname="javassist.JvstTest" time="0.001"/>
  <testcase name="testCondExpr3" classname="javassist.JvstTest" time="0.002"/>
  <testcase name="testDelegator" classname="javassist.JvstTest" time="0.002"/>
  <testcase name="testSetName" classname="javassist.JvstTest" time="0.001"/>
  <testcase name="testFieldModifier" classname="javassist.JvstTest" time="0.001"/>
  <testcase name="testToString" classname="javassist.JvstTest" time="0.001"/>
  <testcase name="testPackage" classname="javassist.JvstTest" time="0.001"/>
  <testcase name="testHoward" classname="javassist.JvstTest" time="0.012"/>
  <testcase name="testLoop" classname="javassist.JvstTest" time="0.001"/>
  <testcase name="testSubtype" classname="javassist.JvstTest" time="0.003"/>
  <testcase name="testClassPoolGet" classname="javassist.JvstTest" time="0"/>
  <testcase name="testFieldInit" classname="javassist.JvstTest" time="0.005"/>
  <testcase name="testFieldInit2" classname="javassist.JvstTest" time="0.001"/>
  <testcase name="testDefreeze" classname="javassist.JvstTest" time="0"/>
  <testcase name="testConfig" classname="javassist.JvstTest" time="0"/>
  <testcase name="testClassPath" classname="javassist.JvstTest" time="0.001"/>
  <testcase name="testLoader" classname="javassist.JvstTest" time="0.001"/>
  <testcase name="testInterface" classname="javassist.JvstTest" time="0.001"/>
  <testcase name="testCalleeBefore" classname="javassist.JvstTest" time="0.002"/>
  <testcase name="testCalleeAfter" classname="javassist.JvstTest" time="0.002"/>
  <testcase name="testCalleeAfter2" classname="javassist.JvstTest" time="0.003"/>
  <testcase name="testCalleeAfter3" classname="javassist.JvstTest" time="0.003"/>
  <testcase name="testCalleeCatch" classname="javassist.JvstTest" time="0.004"/>
  <testcase name="testSuperclass" classname="javassist.JvstTest" time="0"/>
  <testcase name="testProceed" classname="javassist.JvstTest" time="0.002"/>
  <testcase name="testProceed2" classname="javassist.JvstTest" time="0.004"/>
  <testcase name="testProceed3" classname="javassist.JvstTest" time="0.002"/>
  <testcase name="testSetBody" classname="javassist.JvstTest" time="0.003"/>
  <testcase name="testSetStaticConsBody" classname="javassist.JvstTest" time="0.001"/>
  <testcase name="testSetConsBody" classname="javassist.JvstTest" time="0.003"/>
  <testcase name="testEmptyBody" classname="javassist.JvstTest" time="0"/>
  <testcase name="testExprEditor" classname="javassist.JvstTest" time="0.003"/>
  <testcase name="testExprEditor2" classname="javassist.JvstTest" time="0.001"/>
  <testcase name="testExprEditor3" classname="javassist.JvstTest" time="0.001"/>
  <testcase name="testExprEditor4" classname="javassist.JvstTest" time="0.001"/>
  <testcase name="testExprEditor5" classname="javassist.JvstTest" time="0.001"/>
  <testcase name="testExprEditor6" classname="javassist.JvstTest" time="0.001"/>
  <testcase name="testExprEditor7" classname="javassist.JvstTest" time="0.002"/>
  <testcase name="testExprEditor8" classname="javassist.JvstTest" time="0.002"/>
  <testcase name="testCflow" classname="javassist.JvstTest" time="0.007"/>
  <testcase name="testSigType" classname="javassist.JvstTest" time="0.004"/>
  <testcase name="testDollarClass" classname="javassist.JvstTest" time="0.001"/>
  <testcase name="testHandler" classname="javassist.JvstTest" time="0.004"/>
  <testcase name="testDispatch" classname="javassist.JvstTest" time="0.001"/>
  <testcase name="testMakeClass" classname="javassist.JvstTest" time="0"/>
  <testcase name="testMakeMethod" classname="javassist.JvstTest" time="0.001"/>
  <testcase name="testDesc" classname="javassist.JvstTest" time="0"/>
  <testcase name="testCast" classname="javassist.JvstTest" time="0"/>
  <testcase name="testSerialVUID" classname="javassist.JvstTest" time="0.017"/>
  <testcase name="testInvokeInt" classname="javassist.JvstTest" time="0.002"/>
  <testcase name="testSubtypeOf" classname="javassist.JvstTest" time="0.001"/>
  <testcase name="testMakeInterface" classname="javassist.JvstTest" time="0"/>
  <testcase name="testToString" classname="javassist.JvstTest2" time="0.004"/>
  <testcase name="testInsertAt" classname="javassist.JvstTest2" time="0"/>
  <testcase name="testInsertLocal" classname="javassist.JvstTest2" time="0.003"/>
  <testcase name="testStaticMember" classname="javassist.JvstTest2" time="0.002"/>
  <testcase name="testStaticMember2" classname="javassist.JvstTest2" time="0.004"/>
  <testcase name="testSuperCall" classname="javassist.JvstTest2" time="0.001"/>
  <testcase name="testSetSuper" classname="javassist.JvstTest2" time="0.001"/>
  <testcase name="testReplaceClassName" classname="javassist.JvstTest2" time="0.001"/>
  <testcase name="testCodeGen" classname="javassist.JvstTest2" time="0.005"/>
  <testcase name="testCodeGen2" classname="javassist.JvstTest2" time="0.001"/>
  <testcase name="testInner" classname="javassist.JvstTest2" time="0.005"/>
  <testcase name="testURL" classname="javassist.JvstTest2" time="0.002"/>
  <testcase name="testGetURL" classname="javassist.JvstTest2" time="0"/>
  <testcase name="testInheritance" classname="javassist.JvstTest2" time="0.001"/>
  <testcase name="testIncOp" classname="javassist.JvstTest2" time="0.001"/>
  <testcase name="testSetExceptions" classname="javassist.JvstTest2" time="0"/>
  <testcase name="testNullArg" classname="javassist.JvstTest2" time="0.001"/>
  <testcase name="testAddMethod" classname="javassist.JvstTest2" time="0.001"/>
  <testcase name="testCopyStream" classname="javassist.JvstTest2" time="0.084"/>
  <testcase name="testDeclaringClass" classname="javassist.JvstTest2" time="0.007"/>
  <testcase name="testDeclaringClass2" classname="javassist.JvstTest2" time="0.001"/>
  <testcase name="testMethodInInner" classname="javassist.JvstTest2" time="0.003"/>
  <testcase name="testMethodInInner2" classname="javassist.JvstTest2" time="0.003"/>
  <testcase name="testMakeNestedClass" classname="javassist.JvstTest2" time="0.002"/>
  <testcase name="testPrivateMethod" classname="javassist.JvstTest2" time="0.001"/>
  <testcase name="testArrayLength" classname="javassist.JvstTest2" time="0.001"/>
  <testcase name="testMakeStaticMethod" classname="javassist.JvstTest2" time="0.001"/>
  <testcase name="testNewExprTry" classname="javassist.JvstTest2" time="0.002"/>
  <testcase name="testToClass" classname="javassist.JvstTest2" time="0"/>
  <testcase name="testAddCatchForConstructor" classname="javassist.JvstTest2" time="0.001"/>
  <testcase name="testAddLocalVar" classname="javassist.JvstTest2" time="0"/>
  <testcase name="testNewArray" classname="javassist.JvstTest2" time="0.003"/>
  <testcase name="testDotClass" classname="javassist.JvstTest2" time="0.003"/>
  <testcase name="testDotClass2" classname="javassist.JvstTest2" time="0.001"/>
  <testcase name="testDotClass4" classname="javassist.JvstTest2" time="0.002"/>
  <testcase name="testSuperInterface" classname="javassist.JvstTest2" time="0.001"/>
  <testcase name="testPrune" classname="javassist.JvstTest2" time="0"/>
  <testcase name="testNewExprInTry" classname="javassist.JvstTest2" time="0.001"/>
  <testcase name="testConstField" classname="javassist.JvstTest2" time="0"/>
  <testcase name="testWhere" classname="javassist.JvstTest2" time="0"/>
  <testcase name="testNewOp" classname="javassist.JvstTest2" time="0.002"/>
  <testcase name="testSwitch" classname="javassist.JvstTest2" time="0.004"/>
  <testcase name="testGet" classname="javassist.JvstTest2" time="0"/>
  <testcase name="testSynchronized" classname="javassist.JvstTest2" time="0.001"/>
  <testcase name="testTryFinally" classname="javassist.JvstTest2" time="0.005"/>
  <testcase name="testConstructorName" classname="javassist.JvstTest2" time="0"/>
  <testcase name="testRemoveCall" classname="javassist.JvstTest2" time="0.001"/>
  <testcase name="testRemove" classname="javassist.JvstTest2" time="0.001"/>
  <testcase name="testGetAndRename" classname="javassist.JvstTest2" time="0"/>
  <testcase name="testConstBody" classname="javassist.JvstTest2" time="0.001"/>
  <testcase name="testMethodCall" classname="javassist.JvstTest2" time="0"/>
  <testcase name="testKmatcha" classname="javassist.JvstTest2" time="0.002"/>
  <testcase name="testStrict" classname="javassist.JvstTest2" time="0"/>
  <testcase name="testArrayLen" classname="javassist.JvstTest2" time="0"/>
  <testcase name="testUnicodeIdentifier" classname="javassist.JvstTest2" time="0.001"/>
  <testcase name="testBrennan" classname="javassist.JvstTest2" time="0.013"/>
  <testcase name="testArrayAndNull" classname="javassist.JvstTest2" time="0.001"/>
  <testcase name="testStaticArrays" classname="javassist.JvstTest2" time="0"/>
  <testcase name="testObjectSuper" classname="javassist.JvstTest2" time="0"/>
  <testcase name="testStaticFinal" classname="javassist.JvstTest2" time="0.002"/>
  <testcase name="testLocalVar" classname="javassist.JvstTest2" time="0.001"/>
  <testcase name="testImportPackage" classname="javassist.JvstTest2" time="0.001"/>
  <testcase name="testArrayInit" classname="javassist.JvstTest2" time="0.001"/>
  <testcase name="testAnnotation" classname="javassist.JvstTest3" time="0.011"/>
  <testcase name="testSetSuper" classname="javassist.JvstTest3" time="0.001"/>
  <testcase name="testAnnotation3" classname="javassist.JvstTest3" time="0"/>
  <testcase name="testAnnotation2" classname="javassist.JvstTest3" time="0.001"/>
  <testcase name="testAnnotation4" classname="javassist.JvstTest3" time="0.002"/>
  <testcase name="testAnnotation5" classname="javassist.JvstTest3" time="0.001"/>
  <testcase name="testAnnotation6" classname="javassist.JvstTest3" time="0.001"/>
  <testcase name="testChainedException" classname="javassist.JvstTest3" time="0.025"/>
  <testcase name="testInnerClassMethod" classname="javassist.JvstTest3" time="0.002"/>
  <testcase name="testCheckModifyAndPruned" classname="javassist.JvstTest3" time="0.001"/>
  <testcase name="testReplaceNew" classname="javassist.JvstTest3" time="0.001"/>
  <testcase name="testPublicInner" classname="javassist.JvstTest3" time="0.001"/>
  <testcase name="testConstructorToMethod" classname="javassist.JvstTest3" time="0.002"/>
  <testcase name="testUnique" classname="javassist.JvstTest3" time="0.001"/>
  <testcase name="testGetMethods" classname="javassist.JvstTest3" time="0"/>
  <testcase name="testVisiblity" classname="javassist.JvstTest3" time="0.001"/>
  <testcase name="testNewAnnotation" classname="javassist.JvstTest3" time="0.005"/>
  <testcase name="testRecursiveReplace" classname="javassist.JvstTest3" time="0.002"/>
  <testcase name="testRecursiveReplace2" classname="javassist.JvstTest3" time="0.001"/>
  <testcase name="testInnerModifier" classname="javassist.JvstTest3" time="0"/>
  <testcase name="testMethodLookup" classname="javassist.JvstTest3" time="0.004"/>
  <testcase name="testFieldAccessType" classname="javassist.JvstTest3" time="0.001"/>
  <testcase name="testGetNestedClasses" classname="javassist.JvstTest3" time="0"/>
  <testcase name="testGetParmeterAnnotations" classname="javassist.JvstTest3" time="0"/>
  <testcase name="testSetModifiers" classname="javassist.JvstTest3" time="0.001"/>
  <testcase name="testFieldCopy" classname="javassist.JvstTest3" time="0.001"/>
  <testcase name="testMethodRedirect" classname="javassist.JvstTest3" time="0.002"/>
  <testcase name="testMethodRedirect2" classname="javassist.JvstTest3" time="0.001"/>
  <testcase name="testClassMap" classname="javassist.JvstTest3" time="0"/>
  <testcase name="testEmptyConstructor" classname="javassist.JvstTest3" time="0.002"/>
  <testcase name="testTransformRead" classname="javassist.JvstTest3" time="0.001"/>
  <testcase name="testDescriptor" classname="javassist.JvstTest3" time="0"/>
  <testcase name="testLongName" classname="javassist.JvstTest3" time="0"/>
  <testcase name="testPackageName" classname="javassist.JvstTest3" time="0.001"/>
  <testcase name="testErasure" classname="javassist.JvstTest3" time="0.001"/>
  <testcase name="testFieldInitAgain" classname="javassist.JvstTest3" time="0.039"/>
  <testcase name="testCalleeBeforeAgain" classname="javassist.JvstTest3" time="0"/>
  <testcase name="testFrozen2" classname="javassist.JvstTest3" time="0.001"/>
  <testcase name="testCopyAnnotation" classname="javassist.JvstTest3" time="0.002"/>
  <testcase name="testStaticFinalField" classname="javassist.JvstTest3" time="0.002"/>
  <testcase name="testVoidReturn" classname="javassist.JvstTest3" time="0.001"/>
  <testcase name="testInsertParam0" classname="javassist.JvstTest3" time="0"/>
  <testcase name="testInsertParam" classname="javassist.JvstTest3" time="0.001"/>
  <testcase name="testInvokeinterface" classname="javassist.JvstTest3" time="0.001"/>
  <testcase name="testInvokeArrayObj" classname="javassist.JvstTest3" time="0.001"/>
  <testcase name="testJIRA63" classname="javassist.JvstTest3" time="0.011"/>
  <testcase name="testInsertBeforeType" classname="javassist.JvstTest3" time="0.003"/>
  <testcase name="testTransformNewClass" classname="javassist.JvstTest3" time="0.001"/>
  <testcase name="testInsertAfter" classname="javassist.JvstTest3" time="0.001"/>
  <testcase name="testInsertSwitch" classname="javassist.JvstTest3" time="0.019"/>
  <testcase name="testStringBuilder" classname="javassist.JvstTest3" time="0.002"/>
  <testcase name="testInheritCons" classname="javassist.JvstTest3" time="0.001"/>
  <testcase name="testAddInterfaceMethod" classname="javassist.JvstTest3" time="0.001"/>
  <testcase name="test67" classname="javassist.JvstTest3" time="2.788"/>
  <testcase name="testEmptyCatch" classname="javassist.JvstTest3" time="0"/>
  <testcase name="testNewExprTry" classname="javassist.JvstTest3" time="0.002"/>
  <testcase name="testCodeConv" classname="javassist.JvstTest4" time="0.001"/>
  <testcase name="testPackage" classname="javassist.JvstTest4" time="0"/>
  <testcase name="testMakeMethod" classname="javassist.JvstTest4" time="0"/>
  <testcase name="testInsertLocalVars" classname="javassist.JvstTest4" time="0.003"/>
  <testcase name="testAnnotationCheck" classname="javassist.JvstTest4" time="0.002"/>
  <testcase name="testNewRemover" classname="javassist.JvstTest4" time="0.002"/>
  <testcase name="testClassFileWriter" classname="javassist.JvstTest4" time="0.002"/>
  <testcase name="testClassFileWriter2" classname="javassist.JvstTest4" time="0.003"/>
  <testcase name="testClassFileWriter3" classname="javassist.JvstTest4" time="0"/>
  <testcase name="testCtArray" classname="javassist.JvstTest4" time="0"/>
  <testcase name="testAnalysisType" classname="javassist.JvstTest4" time="0.001"/>
  <testcase name="testArrayType" classname="javassist.JvstTest4" time="0"/>
  <testcase name="testGetFieldDesc" classname="javassist.JvstTest4" time="0.001"/>
  <testcase name="testVarArgs" classname="javassist.JvstTest4" time="0.001"/>
  <testcase name="testGetAllRef" classname="javassist.JvstTest4" time="0.001"/>
  <testcase name="testGetAllRefB" classname="javassist.JvstTest4" time="0.001"/>
  <testcase name="testGetAllRefC" classname="javassist.JvstTest4" time="0"/>
  <testcase name="testGetAllRefInner" classname="javassist.JvstTest4" time="0"/>
  <testcase name="testNestedClass" classname="javassist.JvstTest4" time="0.001"/>
  <testcase name="testGetClasses" classname="javassist.JvstTest4" time="0"/>
  <testcase name="testImportPac" classname="javassist.JvstTest4" time="0.001"/>
  <testcase name="testLength" classname="javassist.JvstTest4" time="0.002"/>
  <testcase name="testAaload" classname="javassist.JvstTest4" time="0.001"/>
  <testcase name="testJIRA150" classname="javassist.JvstTest4" time="0.368"/>
  <testcase name="testJIRA150b" classname="javassist.JvstTest4" time="0.668"/>
  <testcase name="testJIRA152" classname="javassist.JvstTest4" time="0.004"/>
  <testcase name="testJIRA151" classname="javassist.JvstTest4" time="0"/>
  <testcase name="testJIRA166" classname="javassist.JvstTest4" time="0.002"/>
  <testcase name="testGenericSignature" classname="javassist.JvstTest4" time="0.003"/>
  <testcase name="testJIRA171" classname="javassist.JvstTest4" time="0.001"/>
  <testcase name="testAfter" classname="javassist.JvstTest4" time="0.001"/>
  <testcase name="testJIRA186" classname="javassist.JvstTest4" time="0.001"/>
  <testcase name="testMultipleCatch" classname="javassist.JvstTest4" time="0.001"/>
  <testcase name="testLocalVariableTypeTable" classname="javassist.JvstTest4" time="0"/>
  <testcase name="testAnnotationWithGenerics" classname="javassist.JvstTest4" time="0.004"/>
  <testcase name="testJIRA195" classname="javassist.JvstTest4" time="0"/>
  <testcase name="testJIRA188" classname="javassist.JvstTest4" time="0.001"/>
  <testcase name="testJIRA158" classname="javassist.JvstTest4" time="0.001"/>
  <testcase name="testJIRA207" classname="javassist.JvstTest4" time="0.001"/>
  <testcase name="testJIRA212" classname="javassist.JvstTest4" time="0.001"/>
  <testcase name="testWhileTrueKO" classname="javassist.JvstTest4" time="0.001"/>
  <testcase name="testWhileTrueOK" classname="javassist.JvstTest4" time="0"/>
  <testcase name="testMethodParameters" classname="javassist.JvstTest4" time="0"/>
  <testcase name="testStaticInterfaceMethods" classname="javassist.JvstTest4" time="0.001"/>
  <testcase name="testDeadcode" classname="javassist.JvstTest4" time="0.001"/>
  <testcase name="testAnnArg" classname="javassist.JvstTest4" time="0.001"/>
  <testcase name="testDeclaredMethods" classname="javassist.JvstTest4" time="0"/>
  <testcase name="testAnnotationLoader" classname="javassist.JvstTest4" time="0.002"/>
  <testcase name="testRename2" classname="javassist.JvstTest4" time="0"/>
  <testcase name="testRename" classname="javassist.JvstTest4" time="0.001"/>
  <testcase name="testJIRA93" classname="javassist.JvstTest4" time="0.001"/>
  <testcase name="testInsGap" classname="javassist.JvstTest4" time="0.008"/>
  <testcase name="testCodeConv2" classname="javassist.JvstTest4" time="0.001"/>
  <testcase name="testDollarClassInStaticMethod" classname="javassist.JvstTest5" time="0.001"/>
  <testcase name="testSuperDefaultMethodCall" classname="javassist.JvstTest5" time="0.001"/>
  <testcase name="testJIRA246" classname="javassist.JvstTest5" time="0"/>
  <testcase name="testJIRA246b" classname="javassist.JvstTest5" time="0.001"/>
  <testcase name="testJIRA242" classname="javassist.JvstTest5" time="0.001"/>
  <testcase name="testJIRA241" classname="javassist.JvstTest5" time="0.001"/>
  <testcase name="testTypeAnno" classname="javassist.JvstTest5" time="0.003"/>
  <testcase name="testLoadGoodClass" classname="javassist.LoaderTestByRandall" time="0.002"/>
  <testcase name="testLoadGoodClassByDelegation" classname="javassist.LoaderTestByRandall" time="0"/>
  <testcase name="testLoadBadClassByDelegation" classname="javassist.LoaderTestByRandall" time="0"/>
  <testcase name="testLoadBadCodeModification" classname="javassist.LoaderTestByRandall" time="0.001"/>
  <testcase name="testLoadBadClass" classname="javassist.LoaderTestByRandall" time="0"/>
  <testcase name="testDescriptor" classname="javassist.bytecode.BytecodeTest" time="0"/>
  <testcase name="testRename" classname="javassist.bytecode.BytecodeTest" time="0"/>
  <testcase name="testDescriptor2" classname="javassist.bytecode.BytecodeTest" time="0"/>
  <testcase name="testLineNumberAttribute" classname="javassist.bytecode.BytecodeTest" time="0.001"/>
  <testcase name="testRenameClass" classname="javassist.bytecode.BytecodeTest" time="0.001"/>
  <testcase name="testDeprecatedAttribute" classname="javassist.bytecode.BytecodeTest" time="0.001"/>
  <testcase name="testLocalVarAttribute" classname="javassist.bytecode.BytecodeTest" time="0"/>
  <testcase name="testAnnotations" classname="javassist.bytecode.BytecodeTest" time="0.001"/>
  <testcase name="testAnnotations2" classname="javassist.bytecode.BytecodeTest" time="0.001"/>
  <testcase name="testAddClassInfo" classname="javassist.bytecode.BytecodeTest" time="0"/>
  <testcase name="testSignature" classname="javassist.bytecode.BytecodeTest" time="0.001"/>
  <testcase name="testSignatureChange" classname="javassist.bytecode.BytecodeTest" time="0"/>
  <testcase name="testSignatureEncode" classname="javassist.bytecode.BytecodeTest" time="0"/>
  <testcase name="testModifiers" classname="javassist.bytecode.BytecodeTest" time="0"/>
  <testcase name="testByteStream" classname="javassist.bytecode.BytecodeTest" time="0"/>
  <testcase name="testByteStreamUtf" classname="javassist.bytecode.BytecodeTest" time="0"/>
  <testcase name="testConstInfos" classname="javassist.bytecode.BytecodeTest" time="0"/>
  <testcase name="testClone" classname="javassist.bytecode.BytecodeTest" time="0"/>
  <testcase name="test2byteLocalVar" classname="javassist.bytecode.BytecodeTest" time="0.001"/>
  <testcase name="testBytecode" classname="javassist.bytecode.BytecodeTest" time="0"/>
  <testcase name="testBytecode2" classname="javassist.bytecode.BytecodeTest" time="0"/>
  <testcase name="testLongVector" classname="javassist.bytecode.BytecodeTest" time="0.003"/>
  <testcase name="testByteVector" classname="javassist.bytecode.BytecodeTest" time="0"/>
  <testcase name="testConstInfoAdd" classname="javassist.bytecode.BytecodeTest" time="0"/>
  <testcase name="testRenameInConstPool" classname="javassist.bytecode.BytecodeTest" time="0"/>
  <testcase name="testInvokeDynamic" classname="javassist.bytecode.BytecodeTest" time="0.004"/>
  <testcase name="testCommonSuper" classname="javassist.bytecode.StackMapTest" time="0.001"/>
  <testcase name="testRebuild" classname="javassist.bytecode.StackMapTest" time="0.002"/>
  <testcase name="testRebuild2" classname="javassist.bytecode.StackMapTest" time="0"/>
  <testcase name="testRebuild3" classname="javassist.bytecode.StackMapTest" time="0.002"/>
  <testcase name="testRebuildArray" classname="javassist.bytecode.StackMapTest" time="0.002"/>
  <testcase name="testRebuildConstructor" classname="javassist.bytecode.StackMapTest" time="0"/>
  <testcase name="testRebuildConstructor2" classname="javassist.bytecode.StackMapTest" time="0.001"/>
  <testcase name="testSwitchCase" classname="javassist.bytecode.StackMapTest" time="0.005"/>
  <testcase name="testSwitchCase2" classname="javassist.bytecode.StackMapTest" time="0.004"/>
  <testcase name="testSwitchCase3" classname="javassist.bytecode.StackMapTest" time="0.003"/>
  <testcase name="testSwitchCase4" classname="javassist.bytecode.StackMapTest" time="0.002"/>
  <testcase name="testInnerClass" classname="javassist.bytecode.StackMapTest" time="0.001"/>
  <testcase name="testConstructor3" classname="javassist.bytecode.StackMapTest" time="0.001"/>
  <testcase name="testJIRA175" classname="javassist.bytecode.StackMapTest" time="0.001"/>
  <testcase name="testJIRA175b" classname="javassist.bytecode.StackMapTest" time="0.001"/>
  <testcase name="testForHibernate" classname="javassist.bytecode.StackMapTest" time="0"/>
  <testcase name="testCommonSuperclass" classname="javassist.bytecode.StackMapTest" time="0"/>
  <testcase name="testJsr" classname="javassist.bytecode.StackMapTest" time="0.001"/>
  <testcase name="testCast" classname="javassist.compiler.CompTest" time="0.001"/>
  <testcase name="testStaticMember" classname="javassist.compiler.CompTest" time="0"/>
  <testcase name="testStaticMember2" classname="javassist.compiler.CompTest" time="0"/>
  <testcase name="testRecordLocalVar" classname="javassist.compiler.CompTest" time="0"/>
  <testcase name="testArgTypesToString" classname="javassist.compiler.CompTest" time="0"/>
  <testcase name="testDoubleConst" classname="javassist.compiler.CompTest" time="0"/>
  <testcase name="testFieldGetter" classname="javassist.SetterTest" time="0"/>
  <testcase name="testFieldGetterSetter" classname="javassist.SetterTest" time="0.001"/>
  <testcase name="testStaticFieldGetter" classname="javassist.SetterTest" time="0"/>
  <testcase name="testStaticFieldGetterSetter" classname="javassist.SetterTest" time="0"/>
  <testcase name="testExample2" classname="javassist.bytecode.InsertGap0" time="0.002"/>
  <testcase name="testExample" classname="javassist.bytecode.InsertGap0" time="0.001"/>
  <testcase name="testFinalMethod" classname="javassist.tools.reflect.LoaderTest" time="0.012"/>
  <testcase name="testAttemptReflectInterface" classname="javassist.tools.reflect.LoaderTest" time="0"/>
  <testcase name="testAttemptReflectClassMetaobject" classname="javassist.tools.reflect.LoaderTest" time="0"/>
  <testcase name="testAttemptReflectMetaobject" classname="javassist.tools.reflect.LoaderTest" time="0"/>
  <testcase name="testInterface" classname="testproxy.ProxyTester" time="0.005"/>
  <testcase name="testConstructor" classname="testproxy.ProxyTester" time="0.001"/>
  <testcase name="testObject" classname="testproxy.ProxyTester" time="0.001"/>
  <testcase name="testJIRA127" classname="testproxy.ProxyTester" time="0.001"/>
  <testcase name="testTarget" classname="testproxy.ProxyTester" time="0.002"/>
  <testcase name="testTarget1" classname="testproxy.ProxyTester" time="0.001"/>
  <testcase name="testSetter" classname="testproxy.ProxyTester" time="0.001"/>
  <testcase name="testString" classname="testproxy.ProxyTester" time="0"/>
  <testcase name="test2Interfaces" classname="testproxy.ProxyTester" time="0.001"/>
  <testcase name="testFilter" classname="testproxy.ProxyTester" time="0"/>
  <testcase name="testInit" classname="testproxy.ProxyTester" time="0.001"/>
  <testcase name="testCreate" classname="testproxy.ProxyTester" time="0.002"/>
  <testcase name="testBridgeMethod" classname="testproxy.ProxyTester" time="0.001"/>
  <testcase name="testGetters" classname="testproxy.ProxyTester" time="0"/>
  <testcase name="testProvider" classname="testproxy.ProxyTester" time="0.001"/>
  <testcase name="testCache" classname="testproxy.ProxyTester" time="0.004"/>
  <testcase name="testReadWrite" classname="testproxy.ProxyTester" time="0.037"/>
  <testcase name="testWriteReplace" classname="testproxy.ProxyTester" time="0.003"/>
  <testcase name="testJIRA189" classname="testproxy.ProxyTester" time="0.002"/>
  <testcase name="testJavassist" classname="testproxy.ProxyFactoryPerformanceTest" time="2.154"/>
  <testcase name="testMethodHandlers" classname="javassist.proxyfactory.ProxyFactoryTest" time="0.009"/>
  <testcase name="testSerialize" classname="javassist.proxyfactory.ProxyFactoryTest" time="0.006"/>
  <testcase name="testJira127" classname="javassist.proxyfactory.ProxyFactoryTest" time="0.002"/>
  <testcase name="test2" classname="javassist.proxyfactory.Tester" time="0.008"/>
  <testcase name="test" classname="javassist.proxyfactory.Tester" time="0"/>
  <testcase name="testSerialization" classname="test.javassist.proxy.ProxySerializationTest" time="0.007"/>
  <testcase name="testSerialization" classname="test.javassist.proxy.ProxySerializationTest" time="0"/>
  <testcase name="testObject" classname="test.javassist.convert.ArrayAccessReplaceTest" time="0.008"/>
  <testcase name="testObject" classname="test.javassist.convert.ArrayAccessReplaceTest" time="0.001"/>
  <testcase name="testComplex" classname="test.javassist.convert.ArrayAccessReplaceTest" time="0.006"/>
  <testcase name="testComplex" classname="test.javassist.convert.ArrayAccessReplaceTest" time="0.003"/>
  <testcase name="testChar" classname="test.javassist.convert.ArrayAccessReplaceTest" time="0.003"/>
  <testcase name="testChar" classname="test.javassist.convert.ArrayAccessReplaceTest" time="0.001"/>
  <testcase name="testInt" classname="test.javassist.convert.ArrayAccessReplaceTest" time="0.001"/>
  <testcase name="testInt" classname="test.javassist.convert.ArrayAccessReplaceTest" time="0.001"/>
  <testcase name="testLong" classname="test.javassist.convert.ArrayAccessReplaceTest" time="0.002"/>
  <testcase name="testLong" classname="test.javassist.convert.ArrayAccessReplaceTest" time="0"/>
  <testcase name="testFloat" classname="test.javassist.convert.ArrayAccessReplaceTest" time="0.001"/>
  <testcase name="testFloat" classname="test.javassist.convert.ArrayAccessReplaceTest" time="0"/>
  <testcase name="testDouble" classname="test.javassist.convert.ArrayAccessReplaceTest" time="0.001"/>
  <testcase name="testDouble" classname="test.javassist.convert.ArrayAccessReplaceTest" time="0.001"/>
  <testcase name="testFoo" classname="test.javassist.convert.ArrayAccessReplaceTest" time="0.001"/>
  <testcase name="testFoo" classname="test.javassist.convert.ArrayAccessReplaceTest" time="0.001"/>
  <testcase name="testMulti" classname="test.javassist.convert.ArrayAccessReplaceTest" time="0.002"/>
  <testcase name="testMulti" classname="test.javassist.convert.ArrayAccessReplaceTest" time="0"/>
  <testcase name="testBoolean" classname="test.javassist.convert.ArrayAccessReplaceTest" time="0.001"/>
  <testcase name="testBoolean" classname="test.javassist.convert.ArrayAccessReplaceTest" time="0.002"/>
  <testcase name="testByte" classname="test.javassist.convert.ArrayAccessReplaceTest" time="0.001"/>
  <testcase name="testByte" classname="test.javassist.convert.ArrayAccessReplaceTest" time="0.003"/>
  <testcase name="testShort" classname="test.javassist.convert.ArrayAccessReplaceTest" time="0.001"/>
  <testcase name="testShort" classname="test.javassist.convert.ArrayAccessReplaceTest" time="0.002"/>
  <testcase name="testProxyFactoryWithNonPublicInterface" classname="test.javassist.proxy.JASSIST113RegressionTest" time="0.001"/>
  <testcase name="testGetHandler" classname="test.javassist.proxy.JBPAPP9257Test" time="0.001"/>
  <testcase name="testGetHandler2" classname="test.javassist.proxy.JBPAPP9257Test" time="0.001"/>
  <testcase name="testCacheGC" classname="test.javassist.proxy.ProxyCacheGCTest" time="8.127"/>
  <testcase name="testFactoryCompatibility" classname="test.javassist.proxy.ProxyFactoryCompatibilityTest" time="0.001"/>
  <testcase name="testReadWrite" classname="test.javassist.proxy.ProxySimpleTest" time="0.007"/>
  <testcase name="testWriteReplace" classname="test.javassist.proxy.ProxySimpleTest" time="0.001"/>
  <testcase name="testProxyFactory" classname="test.javassist.proxy.ProxySimpleTest" time="0.001"/>
  <testcase name="testCommonSupperArray" classname="test.javassist.bytecode.analysis.AnalyzerTest" time="0.001"/>
  <testcase name="testCommonInterfaceArray" classname="test.javassist.bytecode.analysis.AnalyzerTest" time="0.001"/>
  <testcase name="testSharedInterfaceAndSuperClass" classname="test.javassist.bytecode.analysis.AnalyzerTest" time="0"/>
  <testcase name="testArrayDifferentDims" classname="test.javassist.bytecode.analysis.AnalyzerTest" time="0"/>
  <testcase name="testReusedLocalMerge" classname="test.javassist.bytecode.analysis.AnalyzerTest" time="0.001"/>
  <testcase name="testDeadCode" classname="test.javassist.bytecode.analysis.AnalyzerTest" time="0"/>
  <testcase name="testInvalidCode" classname="test.javassist.bytecode.analysis.AnalyzerTest" time="0"/>
  <testcase name="testCodeFalloff" classname="test.javassist.bytecode.analysis.AnalyzerTest" time="0"/>
  <testcase name="testJsrMerge" classname="test.javassist.bytecode.analysis.AnalyzerTest" time="0"/>
  <testcase name="testJsrMerge2" classname="test.javassist.bytecode.analysis.AnalyzerTest" time="0.001"/>
  <testcase name="test1" classname="test.javassist.bytecode.analysis.DomTreeTest" time="0"/>
  <testcase name="testDomtree" classname="test.javassist.bytecode.analysis.DomTreeTest" time="0.003"/>
  <testcase name="testDomtree2" classname="test.javassist.bytecode.analysis.DomTreeTest" time="0"/>
  <testcase name="testDomtree3" classname="test.javassist.bytecode.analysis.DomTreeTest" time="0.001"/>
</testsuite>