<?xml version="1.0" encoding="UTF-8"?>
<testsuite xmlns:xsi="http://www.w3.org/2001/XMLSchema-instance" xsi:schemaLocation="https://maven.apache.org/surefire/maven-surefire-plugin/xsd/surefire-test-report.xsd" name="snippets.SnippetsTests" time="0.428" tests="86" errors="0" skipped="0" failures="0">
  <properties>
    <property name="java.runtime.name" value="OpenJDK Runtime Environment"/>
    <property name="sun.boot.library.path" value="/usr/local/openjdk-8/jre/lib/amd64"/>
    <property name="java.vm.version" value="25.262-b10"/>
    <property name="animal.sniffer.skip" value="true"/>
    <property name="java.vm.vendor" value="Oracle Corporation"/>
    <property name="maven.multiModuleProjectDirectory" value="/tmp/tmpbkj84wyh/30-seconds-of-java8"/>
    <property name="maven.javadoc.skip" value="true"/>
    <property name="java.vendor.url" value="http://java.oracle.com/"/>
    <property name="path.separator" value=":"/>
    <property name="guice.disable.misplaced.annotation.check" value="true"/>
    <property name="java.vm.name" value="OpenJDK 64-Bit Server VM"/>
    <property name="file.encoding.pkg" value="sun.io"/>
    <property name="sun.java.launcher" value="SUN_STANDARD"/>
    <property name="sun.os.patch.level" value="unknown"/>
    <property name="source.skip" value="true"/>
    <property name="java.vm.specification.name" value="Java Virtual Machine Specification"/>
    <property name="user.dir" value="/tmp/tmpbkj84wyh/30-seconds-of-java8"/>
    <property name="java.runtime.version" value="1.8.0_262-b10"/>
    <property name="java.awt.graphicsenv" value="sun.awt.X11GraphicsEnvironment"/>
    <property name="java.endorsed.dirs" value="/usr/local/openjdk-8/jre/lib/endorsed"/>
    <property name="os.arch" value="amd64"/>
    <property name="java.io.tmpdir" value="/tmp"/>
    <property name="line.separator" value="&#10;"/>
    <property name="java.vm.specification.vendor" value="Oracle Corporation"/>
    <property name="os.name" value="Linux"/>
    <property name="classworlds.conf" value="/usr/share/maven/bin/m2.conf"/>
    <property name="sun.jnu.encoding" value="UTF-8"/>
    <property name="java.library.path" value="/usr/java/packages/lib/amd64:/usr/lib64:/lib64:/lib:/usr/lib"/>
    <property name="license.skip" value="true"/>
    <property name="maven.conf" value="/usr/share/maven/conf"/>
    <property name="java.specification.name" value="Java Platform API Specification"/>
    <property name="java.class.version" value="52.0"/>
    <property name="sun.management.compiler" value="HotSpot 64-Bit Tiered Compilers"/>
    <property name="maven.test.failure.ignore" value="true"/>
    <property name="os.version" value="4.15.0-109-generic"/>
    <property name="library.jansi.path" value="/usr/share/maven/lib/jansi-native"/>
    <property name="user.home" value="/home/jdbl"/>
    <property name="user.timezone" value="Etc/UTC"/>
    <property name="java.awt.printerjob" value="sun.print.PSPrinterJob"/>
    <property name="java.specification.version" value="1.8"/>
    <property name="file.encoding" value="UTF-8"/>
    <property name="user.name" value="jdbl"/>
    <property name="java.class.path" value="/usr/share/maven/boot/plexus-classworlds-2.6.0.jar"/>
    <property name="java.vm.specification.version" value="1.8"/>
    <property name="sun.arch.data.model" value="64"/>
    <property name="java.home" value="/usr/local/openjdk-8/jre"/>
    <property name="sun.java.command" value="org.codehaus.plexus.classworlds.launcher.Launcher test -e --fail-never -ntp -Dmaven.test.failure.ignore=true -B -Dmaven.javadoc.skip=true -Drat.skip=true -Danimal.sniffer.skip=true -Dmaven.javadoc.skip=true -Dlicense.skip=true -Dsource.skip=true"/>
    <property name="java.specification.vendor" value="Oracle Corporation"/>
    <property name="user.language" value="en"/>
    <property name="awt.toolkit" value="sun.awt.X11.XToolkit"/>
    <property name="java.vm.info" value="mixed mode"/>
    <property name="java.version" value="1.8.0_262"/>
    <property name="java.ext.dirs" value="/usr/local/openjdk-8/jre/lib/ext:/usr/java/packages/lib/ext"/>
    <property name="securerandom.source" value="file:/dev/./urandom"/>
    <property name="sun.boot.class.path" value="/usr/local/openjdk-8/jre/lib/resources.jar:/usr/local/openjdk-8/jre/lib/rt.jar:/usr/local/openjdk-8/jre/lib/sunrsasign.jar:/usr/local/openjdk-8/jre/lib/jsse.jar:/usr/local/openjdk-8/jre/lib/jce.jar:/usr/local/openjdk-8/jre/lib/charsets.jar:/usr/local/openjdk-8/jre/lib/jfr.jar:/usr/local/openjdk-8/jre/classes"/>
    <property name="java.vendor" value="Oracle Corporation"/>
    <property name="rat.skip" value="true"/>
    <property name="maven.home" value="/usr/share/maven"/>
    <property name="file.separator" value="/"/>
    <property name="java.vendor.url.bug" value="http://bugreport.sun.com/bugreport/"/>
    <property name="sun.cpu.endian" value="little"/>
    <property name="sun.io.unicode.encoding" value="UnicodeLittle"/>
    <property name="sun.cpu.isalist" value=""/>
  </properties>
  <testcase name="gcd_of_array_containing_1_to_5_is_1" classname="snippets.SnippetsTests" time="0.207"/>
  <testcase name="pick_should_pick_key_pairs_corresponding_to_keys" classname="snippets.SnippetsTests" time="0.027"/>
  <testcase name="flattenDepth_flatten_to_specified_depth" classname="snippets.SnippetsTests" time="0.019"/>
  <testcase name="similarity_test" classname="snippets.SnippetsTests" time="0.003"/>
  <testcase name="byteSize_of_hello_world_is_11" classname="snippets.SnippetsTests" time="0"/>
  <testcase name="initializeArrayWithValues" classname="snippets.SnippetsTests" time="0.003"/>
  <testcase name="filterNonUnique_return_empty_array_when_all_duplicated" classname="snippets.SnippetsTests" time="0.005"/>
  <testcase name="words_test" classname="snippets.SnippetsTests" time="0.001"/>
  <testcase name="join_should_create_empty_string_with_empty_array" classname="snippets.SnippetsTests" time="0.005"/>
  <testcase name="isSorted_return_1_when_array_sorted_is_ascending_order" classname="snippets.SnippetsTests" time="0"/>
  <testcase name="deepFlatten_flatten_a_deeply_nested_array" classname="snippets.SnippetsTests" time="0.002"/>
  <testcase name="reverseString_test" classname="snippets.SnippetsTests" time="0"/>
  <testcase name="zipObject_test_1" classname="snippets.SnippetsTests" time="0.003"/>
  <testcase name="zipObject_test_2" classname="snippets.SnippetsTests" time="0"/>
  <testcase name="without_test" classname="snippets.SnippetsTests" time="0.001"/>
  <testcase name="nthElement_return_nth_element_from_start_when_n_is_greater_than_0" classname="snippets.SnippetsTests" time="0"/>
  <testcase name="union_test" classname="snippets.SnippetsTests" time="0.001"/>
  <testcase name="join_should_create_string_from_an_array_with_sep_only" classname="snippets.SnippetsTests" time="0"/>
  <testcase name="countOccurrences_counts_occurrences_of_a_value" classname="snippets.SnippetsTests" time="0.004"/>
  <testcase name="chunk_breaks_input_array__with_event_length" classname="snippets.SnippetsTests" time="0.003"/>
  <testcase name="isAbsoluteUrl_test" classname="snippets.SnippetsTests" time="0.001"/>
  <testcase name="average_of_1_to_10_is_5_dot_5" classname="snippets.SnippetsTests" time="0.004"/>
  <testcase name="sample_should_return_random_element" classname="snippets.SnippetsTests" time="0.001"/>
  <testcase name="isSorted_return_minus_1_when_array_sorted_in_descending_order" classname="snippets.SnippetsTests" time="0"/>
  <testcase name="capitalizeEveryWord_test" classname="snippets.SnippetsTests" time="0.002"/>
  <testcase name="symmetricDifference_test" classname="snippets.SnippetsTests" time="0.003"/>
  <testcase name="dropRight_remove_n_elements_from_right" classname="snippets.SnippetsTests" time="0"/>
  <testcase name="differenceWith_return_all_squares_that_do_not_exist_in_second" classname="snippets.SnippetsTests" time="0.002"/>
  <testcase name="join_should_create_string_from_an_array_with_default_sep" classname="snippets.SnippetsTests" time="0"/>
  <testcase name="stringToIntegers_test" classname="snippets.SnippetsTests" time="0.001"/>
  <testcase name="getAllInterfaces_shouldFindAllInterfacesImplementedByAClass" classname="snippets.SnippetsTests" time="0.013"/>
  <testcase name="isSorted_returns_0_when_array_is_not_sorted" classname="snippets.SnippetsTests" time="0"/>
  <testcase name="group_elements_by_length" classname="snippets.SnippetsTests" time="0.002"/>
  <testcase name="everyNth_return_every_2nd_element" classname="snippets.SnippetsTests" time="0.001"/>
  <testcase name="max_of_array_containing_10_1_and_5_is_10" classname="snippets.SnippetsTests" time="0"/>
  <testcase name="getCurrentWorkingDirectoryPath_test" classname="snippets.SnippetsTests" time="0.002"/>
  <testcase name="getEnumMap_convert_enum_to_map" classname="snippets.SnippetsTests" time="0.001"/>
  <testcase name="filterNonUnique_return_unique_elements" classname="snippets.SnippetsTests" time="0.001"/>
  <testcase name="difference_between_array_with_1_2_3_and_array_with_1_2_3_is_empty_array" classname="snippets.SnippetsTests" time="0.002"/>
  <testcase name="sortCharactersInString_test" classname="snippets.SnippetsTests" time="0"/>
  <testcase name="flatten_flat_one_level_array" classname="snippets.SnippetsTests" time="0.001"/>
  <testcase name="capitalize_test" classname="snippets.SnippetsTests" time="0"/>
  <testcase name="gcd_of_array_containing_4_8_and_12_is_4" classname="snippets.SnippetsTests" time="0"/>
  <testcase name="differenceWith_returns_empty_array_when_two_arrays_are_equal_as_per_comparison_operation" classname="snippets.SnippetsTests" time="0.001"/>
  <testcase name="toKebabCase_test" classname="snippets.SnippetsTests" time="0.002"/>
  <testcase name="join_should_create_string_from_an_array_with_different_sep_and_end" classname="snippets.SnippetsTests" time="0.001"/>
  <testcase name="zip_test" classname="snippets.SnippetsTests" time="0.001"/>
  <testcase name="difference_between_array_with_1_2_3_and_array_with_1_2_4_is_3" classname="snippets.SnippetsTests" time="0"/>
  <testcase name="mask_test" classname="snippets.SnippetsTests" time="0.001"/>
  <testcase name="truncateString_test" classname="snippets.SnippetsTests" time="0"/>
  <testcase name="sortedIndex_ascending" classname="snippets.SnippetsTests" time="0.001"/>
  <testcase name="toSnakeCase_test" classname="snippets.SnippetsTests" time="0.001"/>
  <testcase name="splitLines_test" classname="snippets.SnippetsTests" time="0"/>
  <testcase name="findNextPositivePowerOfTwo_test" classname="snippets.SnippetsTests" time="0"/>
  <testcase name="anagrams_test" classname="snippets.SnippetsTests" time="0.002"/>
  <testcase name="isLowerCase_test" classname="snippets.SnippetsTests" time="0"/>
  <testcase name="sampleSize_should_return_sample_of_size_array_length_when_sample_size_is_greater_than_array_size" classname="snippets.SnippetsTests" time="0.001"/>
  <testcase name="zip_test_2" classname="snippets.SnippetsTests" time="0"/>
  <testcase name="drop_elements_returns_empty_array_when_no_element_match_the_condition" classname="snippets.SnippetsTests" time="0"/>
  <testcase name="distinct_remove_all_duplicate_values_from_an_array" classname="snippets.SnippetsTests" time="0.001"/>
  <testcase name="nthElement_return_nth_element_from_end_when_n_is_less_than_0" classname="snippets.SnippetsTests" time="0"/>
  <testcase name="sortedIndex_descending" classname="snippets.SnippetsTests" time="0"/>
  <testcase name="filterNonUnique_return_same_array_when_all_unique" classname="snippets.SnippetsTests" time="0"/>
  <testcase name="reducedFilter_Test" classname="snippets.SnippetsTests" time="0.002"/>
  <testcase name="concat_test" classname="snippets.SnippetsTests" time="0.001"/>
  <testcase name="byteSize_of_smiley_is_4" classname="snippets.SnippetsTests" time="0"/>
  <testcase name="chunk_breaks_input_array__with_odd_length" classname="snippets.SnippetsTests" time="0"/>
  <testcase name="lcm_of_array_containing_1_to_5_is_60" classname="snippets.SnippetsTests" time="0.001"/>
  <testcase name="isEven_test" classname="snippets.SnippetsTests" time="0"/>
  <testcase name="initializeArrayWithRange_from_1_to_5" classname="snippets.SnippetsTests" time="0"/>
  <testcase name="initial_return_array_except_last_element" classname="snippets.SnippetsTests" time="0"/>
  <testcase name="isNumeric_test" classname="snippets.SnippetsTests" time="0"/>
  <testcase name="randomInts_test" classname="snippets.SnippetsTests" time="0.001"/>
  <testcase name="countVowels_test" classname="snippets.SnippetsTests" time="0"/>
  <testcase name="empty_array" classname="snippets.SnippetsTests" time="0"/>
  <testcase name="palindrome_test" classname="snippets.SnippetsTests" time="0.001"/>
  <testcase name="toCamelCase_test" classname="snippets.SnippetsTests" time="0.001"/>
  <testcase name="min_of_array_containing_10_1_and_5_is_10" classname="snippets.SnippetsTests" time="0"/>
  <testcase name="sortedIndex_ascending_at_end" classname="snippets.SnippetsTests" time="0"/>
  <testcase name="drop_elements__return_all_elements_when_all_elements_match_the_condition" classname="snippets.SnippetsTests" time="0.001"/>
  <testcase name="differenceWith_returns_first_array_when_elements_in_second_array_are_not_comparable_as_per_comparison_operation" classname="snippets.SnippetsTests" time="0"/>
  <testcase name="lcm_of_array_containing_4_8_and_12_is_24" classname="snippets.SnippetsTests" time="0"/>
  <testcase name="escapeRegex_test" classname="snippets.SnippetsTests" time="0"/>
  <testcase name="drop_elements_less_than_3" classname="snippets.SnippetsTests" time="0.001"/>
  <testcase name="intersection_between_two_arrays" classname="snippets.SnippetsTests" time="0"/>
  <testcase name="fromCamelCase_test" classname="snippets.SnippetsTests" time="0"/>
</testsuite>