<?xml version="1.0" encoding="UTF-8"?>
<testsuite xmlns:xsi="http://www.w3.org/2001/XMLSchema-instance" xsi:schemaLocation="https://maven.apache.org/surefire/maven-surefire-plugin/xsd/surefire-test-report.xsd" name="gumtree.spoon.AstComparatorTest" time="53.891" tests="107" errors="0" skipped="1" failures="0">
  <properties>
    <property name="java.runtime.name" value="OpenJDK Runtime Environment"/>
    <property name="sun.boot.library.path" value="/usr/local/openjdk-8/jre/lib/amd64"/>
    <property name="java.vm.version" value="25.262-b10"/>
    <property name="animal.sniffer.skip" value="true"/>
    <property name="java.vm.vendor" value="Oracle Corporation"/>
    <property name="maven.multiModuleProjectDirectory" value="/tmp/tmpyytaiorc/gumtree-spoon-ast-diff"/>
    <property name="maven.javadoc.skip" value="true"/>
    <property name="java.vendor.url" value="http://java.oracle.com/"/>
    <property name="path.separator" value=":"/>
    <property name="guice.disable.misplaced.annotation.check" value="true"/>
    <property name="java.vm.name" value="OpenJDK 64-Bit Server VM"/>
    <property name="file.encoding.pkg" value="sun.io"/>
    <property name="sun.java.launcher" value="SUN_STANDARD"/>
    <property name="sun.os.patch.level" value="unknown"/>
    <property name="source.skip" value="true"/>
    <property name="java.vm.specification.name" value="Java Virtual Machine Specification"/>
    <property name="user.dir" value="/tmp/tmpyytaiorc/gumtree-spoon-ast-diff"/>
    <property name="java.runtime.version" value="1.8.0_262-b10"/>
    <property name="java.awt.graphicsenv" value="sun.awt.X11GraphicsEnvironment"/>
    <property name="java.endorsed.dirs" value="/usr/local/openjdk-8/jre/lib/endorsed"/>
    <property name="os.arch" value="amd64"/>
    <property name="java.io.tmpdir" value="/tmp"/>
    <property name="line.separator" value="&#10;"/>
    <property name="java.vm.specification.vendor" value="Oracle Corporation"/>
    <property name="os.name" value="Linux"/>
    <property name="classworlds.conf" value="/usr/share/maven/bin/m2.conf"/>
    <property name="sun.jnu.encoding" value="UTF-8"/>
    <property name="java.library.path" value="/usr/java/packages/lib/amd64:/usr/lib64:/lib64:/lib:/usr/lib"/>
    <property name="license.skip" value="true"/>
    <property name="maven.conf" value="/usr/share/maven/conf"/>
    <property name="java.specification.name" value="Java Platform API Specification"/>
    <property name="java.class.version" value="52.0"/>
    <property name="sun.management.compiler" value="HotSpot 64-Bit Tiered Compilers"/>
    <property name="maven.test.failure.ignore" value="true"/>
    <property name="os.version" value="4.15.0-109-generic"/>
    <property name="library.jansi.path" value="/usr/share/maven/lib/jansi-native"/>
    <property name="user.home" value="/home/jdbl"/>
    <property name="user.timezone" value="Etc/UTC"/>
    <property name="java.awt.printerjob" value="sun.print.PSPrinterJob"/>
    <property name="java.specification.version" value="1.8"/>
    <property name="file.encoding" value="UTF-8"/>
    <property name="user.name" value="jdbl"/>
    <property name="java.class.path" value="/usr/share/maven/boot/plexus-classworlds-2.6.0.jar"/>
    <property name="java.vm.specification.version" value="1.8"/>
    <property name="sun.arch.data.model" value="64"/>
    <property name="java.home" value="/usr/local/openjdk-8/jre"/>
    <property name="sun.java.command" value="org.codehaus.plexus.classworlds.launcher.Launcher test -e --fail-never -ntp -Dmaven.test.failure.ignore=true -B -Dmaven.javadoc.skip=true -Drat.skip=true -Danimal.sniffer.skip=true -Dmaven.javadoc.skip=true -Dlicense.skip=true -Dsource.skip=true"/>
    <property name="java.specification.vendor" value="Oracle Corporation"/>
    <property name="user.language" value="en"/>
    <property name="awt.toolkit" value="sun.awt.X11.XToolkit"/>
    <property name="java.vm.info" value="mixed mode"/>
    <property name="java.version" value="1.8.0_262"/>
    <property name="java.ext.dirs" value="/usr/local/openjdk-8/jre/lib/ext:/usr/java/packages/lib/ext"/>
    <property name="securerandom.source" value="file:/dev/./urandom"/>
    <property name="sun.boot.class.path" value="/usr/local/openjdk-8/jre/lib/resources.jar:/usr/local/openjdk-8/jre/lib/rt.jar:/usr/local/openjdk-8/jre/lib/sunrsasign.jar:/usr/local/openjdk-8/jre/lib/jsse.jar:/usr/local/openjdk-8/jre/lib/jce.jar:/usr/local/openjdk-8/jre/lib/charsets.jar:/usr/local/openjdk-8/jre/lib/jfr.jar:/usr/local/openjdk-8/jre/classes"/>
    <property name="java.vendor" value="Oracle Corporation"/>
    <property name="rat.skip" value="true"/>
    <property name="maven.home" value="/usr/share/maven"/>
    <property name="file.separator" value="/"/>
    <property name="java.vendor.url.bug" value="http://bugreport.sun.com/bugreport/"/>
    <property name="sun.cpu.endian" value="little"/>
    <property name="sun.io.unicode.encoding" value="UnicodeLittle"/>
    <property name="sun.cpu.isalist" value=""/>
  </properties>
  <testcase name="test_t_209184_buggy_allopsNPE" classname="gumtree.spoon.AstComparatorTest" time="0.165"/>
  <testcase name="testExtends" classname="gumtree.spoon.AstComparatorTest" time="0.309"/>
  <testcase name="testDiff2Comment" classname="gumtree.spoon.AstComparatorTest" time="0.203"/>
  <testcase name="testReplaceMovesFromAll2" classname="gumtree.spoon.AstComparatorTest" time="0.091"/>
  <testcase name="exampleInsertAndUpdate" classname="gumtree.spoon.AstComparatorTest" time="0.129"/>
  <testcase name="testMain" classname="gumtree.spoon.AstComparatorTest" time="0.191"/>
  <testcase name="test_t_202564" classname="gumtree.spoon.AstComparatorTest" time="0.246"/>
  <testcase name="test_t_204225" classname="gumtree.spoon.AstComparatorTest" time="0.423"/>
  <testcase name="test_t_208618" classname="gumtree.spoon.AstComparatorTest" time="0.123"/>
  <testcase name="test_t_209184" classname="gumtree.spoon.AstComparatorTest" time="0.108"/>
  <testcase name="test_t_211903" classname="gumtree.spoon.AstComparatorTest" time="0.109"/>
  <testcase name="test_t_212496" classname="gumtree.spoon.AstComparatorTest" time="1.421"/>
  <testcase name="test_t_213712" classname="gumtree.spoon.AstComparatorTest" time="0.176"/>
  <testcase name="test_t_214116" classname="gumtree.spoon.AstComparatorTest" time="0.923"/>
  <testcase name="test_t_214614" classname="gumtree.spoon.AstComparatorTest" time="0.708"/>
  <testcase name="test_t_220985" classname="gumtree.spoon.AstComparatorTest" time="2.615"/>
  <testcase name="test_t_221070" classname="gumtree.spoon.AstComparatorTest" time="1.422"/>
  <testcase name="test_t_221295" classname="gumtree.spoon.AstComparatorTest" time="0.485"/>
  <testcase name="test_t_221343" classname="gumtree.spoon.AstComparatorTest" time="2.194"/>
  <testcase name="test_t_221345" classname="gumtree.spoon.AstComparatorTest" time="2.706"/>
  <testcase name="test_t_221422" classname="gumtree.spoon.AstComparatorTest" time="2.558"/>
  <testcase name="test_t_221958" classname="gumtree.spoon.AstComparatorTest" time="0.501"/>
  <testcase name="test_t_221966" classname="gumtree.spoon.AstComparatorTest" time="0.2"/>
  <testcase name="test_t_222361" classname="gumtree.spoon.AstComparatorTest" time="0.268"/>
  <testcase name="test_t_222399" classname="gumtree.spoon.AstComparatorTest" time="0.279"/>
  <testcase name="test_t_222884" classname="gumtree.spoon.AstComparatorTest" time="0.26"/>
  <testcase name="test_t_222894" classname="gumtree.spoon.AstComparatorTest" time="0.564"/>
  <testcase name="test_t_223054" classname="gumtree.spoon.AstComparatorTest" time="0.148"/>
  <testcase name="test_t_223056" classname="gumtree.spoon.AstComparatorTest" time="6.158"/>
  <testcase name="test_t_223118" classname="gumtree.spoon.AstComparatorTest" time="0.443"/>
  <testcase name="test_t_223454" classname="gumtree.spoon.AstComparatorTest" time="0.201"/>
  <testcase name="test_t_223542" classname="gumtree.spoon.AstComparatorTest" time="1.937"/>
  <testcase name="test_t_224512" classname="gumtree.spoon.AstComparatorTest" time="5.785"/>
  <testcase name="test_t_224542" classname="gumtree.spoon.AstComparatorTest" time="0.914"/>
  <testcase name="test_t_224766" classname="gumtree.spoon.AstComparatorTest" time="0.146"/>
  <testcase name="test_t_224771" classname="gumtree.spoon.AstComparatorTest" time="0.269"/>
  <testcase name="test_t_224798" classname="gumtree.spoon.AstComparatorTest" time="0.425"/>
  <testcase name="test_t_224834" classname="gumtree.spoon.AstComparatorTest" time="0.13"/>
  <testcase name="test_t_224863" classname="gumtree.spoon.AstComparatorTest" time="0.16"/>
  <testcase name="test_t_224882" classname="gumtree.spoon.AstComparatorTest" time="0.093"/>
  <testcase name="test_t_224890" classname="gumtree.spoon.AstComparatorTest" time="0.09"/>
  <testcase name="test_t_225008" classname="gumtree.spoon.AstComparatorTest" time="0">
    <skipped/>
  </testcase>
  <testcase name="test_t_225073" classname="gumtree.spoon.AstComparatorTest" time="0.199"/>
  <testcase name="test_t_225106" classname="gumtree.spoon.AstComparatorTest" time="0.189"/>
  <testcase name="test_t_225225" classname="gumtree.spoon.AstComparatorTest" time="0.112"/>
  <testcase name="test_t_225247" classname="gumtree.spoon.AstComparatorTest" time="0.141"/>
  <testcase name="test_t_225262" classname="gumtree.spoon.AstComparatorTest" time="0.122"/>
  <testcase name="test_t_225391" classname="gumtree.spoon.AstComparatorTest" time="0.182"/>
  <testcase name="test_t_225414" classname="gumtree.spoon.AstComparatorTest" time="0.382"/>
  <testcase name="test_t_225434" classname="gumtree.spoon.AstComparatorTest" time="0.11"/>
  <testcase name="test_t_225525" classname="gumtree.spoon.AstComparatorTest" time="0.12"/>
  <testcase name="test_t_225724" classname="gumtree.spoon.AstComparatorTest" time="0.177"/>
  <testcase name="test_t_225893" classname="gumtree.spoon.AstComparatorTest" time="0.084"/>
  <testcase name="test_t_226145" classname="gumtree.spoon.AstComparatorTest" time="0.478"/>
  <testcase name="test_t_226330" classname="gumtree.spoon.AstComparatorTest" time="0.108"/>
  <testcase name="test_t_226480" classname="gumtree.spoon.AstComparatorTest" time="0.37"/>
  <testcase name="test_t_226555" classname="gumtree.spoon.AstComparatorTest" time="0.319"/>
  <testcase name="test_t_226622" classname="gumtree.spoon.AstComparatorTest" time="0.273"/>
  <testcase name="test_t_226685" classname="gumtree.spoon.AstComparatorTest" time="0.1"/>
  <testcase name="test_t_226926" classname="gumtree.spoon.AstComparatorTest" time="0.104"/>
  <testcase name="test_t_226963" classname="gumtree.spoon.AstComparatorTest" time="0.661"/>
  <testcase name="test_t_227005" classname="gumtree.spoon.AstComparatorTest" time="0.197"/>
  <testcase name="test_t_227130" classname="gumtree.spoon.AstComparatorTest" time="0.121"/>
  <testcase name="test_t_227368" classname="gumtree.spoon.AstComparatorTest" time="0.202"/>
  <testcase name="test_t_227811" classname="gumtree.spoon.AstComparatorTest" time="0.228"/>
  <testcase name="test_t_227985" classname="gumtree.spoon.AstComparatorTest" time="0.541"/>
  <testcase name="test_t_228064" classname="gumtree.spoon.AstComparatorTest" time="0.149"/>
  <testcase name="test_t_228325" classname="gumtree.spoon.AstComparatorTest" time="0.275"/>
  <testcase name="test_t_228643" classname="gumtree.spoon.AstComparatorTest" time="0.137"/>
  <testcase name="test_t_286696" classname="gumtree.spoon.AstComparatorTest" time="0.171"/>
  <testcase name="test_t_286700" classname="gumtree.spoon.AstComparatorTest" time="0.192"/>
  <testcase name="testInsertStaticFromMethodHead" classname="gumtree.spoon.AstComparatorTest" time="0.1"/>
  <testcase name="testgetCtType" classname="gumtree.spoon.AstComparatorTest" time="0.042"/>
  <testcase name="testVarargs" classname="gumtree.spoon.AstComparatorTest" time="0.089"/>
  <testcase name="testAnalyzeStringString" classname="gumtree.spoon.AstComparatorTest" time="0.189"/>
  <testcase name="testD4JLang57" classname="gumtree.spoon.AstComparatorTest" time="0.273"/>
  <testcase name="testFileName" classname="gumtree.spoon.AstComparatorTest" time="0.155"/>
  <testcase name="testD4JMath34" classname="gumtree.spoon.AstComparatorTest" time="0.178"/>
  <testcase name="test5" classname="gumtree.spoon.AstComparatorTest" time="0.328"/>
  <testcase name="test6" classname="gumtree.spoon.AstComparatorTest" time="0.188"/>
  <testcase name="test7" classname="gumtree.spoon.AstComparatorTest" time="0.277"/>
  <testcase name="test8" classname="gumtree.spoon.AstComparatorTest" time="0.074"/>
  <testcase name="test9" classname="gumtree.spoon.AstComparatorTest" time="0.072"/>
  <testcase name="testDiff3Comment" classname="gumtree.spoon.AstComparatorTest" time="0.108"/>
  <testcase name="test_vs_6b994_AuthorizationHelper" classname="gumtree.spoon.AstComparatorTest" time="0.482"/>
  <testcase name="testReplaceMovesFromRoot1" classname="gumtree.spoon.AstComparatorTest" time="0.073"/>
  <testcase name="testReplaceMovesFromRoot2" classname="gumtree.spoon.AstComparatorTest" time="0.077"/>
  <testcase name="testExtendsGenerics1" classname="gumtree.spoon.AstComparatorTest" time="0.079"/>
  <testcase name="testExtendsGenerics2" classname="gumtree.spoon.AstComparatorTest" time="0.125"/>
  <testcase name="exampleSingleUpdate" classname="gumtree.spoon.AstComparatorTest" time="0.125"/>
  <testcase name="test_vs_6b994_TestUtilityService" classname="gumtree.spoon.AstComparatorTest" time="0.892"/>
  <testcase name="testModifEmpty" classname="gumtree.spoon.AstComparatorTest" time="0.137"/>
  <testcase name="testContent" classname="gumtree.spoon.AstComparatorTest" time="0.09"/>
  <testcase name="test_vs_6b994_UtilityService" classname="gumtree.spoon.AstComparatorTest" time="1.02"/>
  <testcase name="test_issue201812" classname="gumtree.spoon.AstComparatorTest" time="0.123"/>
  <testcase name="test_issue31" classname="gumtree.spoon.AstComparatorTest" time="0.494"/>
  <testcase name="test_issue59" classname="gumtree.spoon.AstComparatorTest" time="0.095"/>
  <testcase name="test_t_1205753_exception_not_attached_node" classname="gumtree.spoon.AstComparatorTest" time="0.476"/>
  <testcase name="exampleInsert" classname="gumtree.spoon.AstComparatorTest" time="0.163"/>
  <testcase name="testDiff1Comment" classname="gumtree.spoon.AstComparatorTest" time="0.173"/>
  <testcase name="testNoLabel1" classname="gumtree.spoon.AstComparatorTest" time="0.103"/>
  <testcase name="testNoLabel2" classname="gumtree.spoon.AstComparatorTest" time="0.253"/>
  <testcase name="testNoLabel3" classname="gumtree.spoon.AstComparatorTest" time="0.125"/>
  <testcase name="testJDTBasedSpoonCompiler" classname="gumtree.spoon.AstComparatorTest" time="0.037"/>
  <testcase name="propertiesCorrectlySet" classname="gumtree.spoon.AstComparatorTest" time="0"/>
  <testcase name="exampleRemoveMethod" classname="gumtree.spoon.AstComparatorTest" time="0.126"/>
  <testcase name="test_vs_6b994_VerificationHost" classname="gumtree.spoon.AstComparatorTest" time="3.773"/>
</testsuite>