<?xml version="1.0" encoding="UTF-8"?>
<testsuite xmlns:xsi="http://www.w3.org/2001/XMLSchema-instance" xsi:schemaLocation="https://maven.apache.org/surefire/maven-surefire-plugin/xsd/surefire-test-report.xsd" name="com.salesforce.omakase.plugin.prefixer.PrefixerUnitTargetedTest" time="0.252" tests="150" errors="0" skipped="0" failures="0">
  <properties>
    <property name="java.runtime.name" value="OpenJDK Runtime Environment"/>
    <property name="sun.boot.library.path" value="/usr/local/openjdk-8/jre/lib/amd64"/>
    <property name="java.vm.version" value="25.262-b10"/>
    <property name="animal.sniffer.skip" value="true"/>
    <property name="java.vm.vendor" value="Oracle Corporation"/>
    <property name="maven.multiModuleProjectDirectory" value="/tmp/tmp8_b3cdmb/omakase"/>
    <property name="maven.javadoc.skip" value="true"/>
    <property name="java.vendor.url" value="http://java.oracle.com/"/>
    <property name="path.separator" value=":"/>
    <property name="guice.disable.misplaced.annotation.check" value="true"/>
    <property name="java.vm.name" value="OpenJDK 64-Bit Server VM"/>
    <property name="file.encoding.pkg" value="sun.io"/>
    <property name="sun.java.launcher" value="SUN_STANDARD"/>
    <property name="sun.os.patch.level" value="unknown"/>
    <property name="source.skip" value="true"/>
    <property name="java.vm.specification.name" value="Java Virtual Machine Specification"/>
    <property name="user.dir" value="/tmp/tmp8_b3cdmb/omakase"/>
    <property name="java.runtime.version" value="1.8.0_262-b10"/>
    <property name="java.awt.graphicsenv" value="sun.awt.X11GraphicsEnvironment"/>
    <property name="java.endorsed.dirs" value="/usr/local/openjdk-8/jre/lib/endorsed"/>
    <property name="os.arch" value="amd64"/>
    <property name="java.io.tmpdir" value="/tmp"/>
    <property name="line.separator" value="&#10;"/>
    <property name="java.vm.specification.vendor" value="Oracle Corporation"/>
    <property name="os.name" value="Linux"/>
    <property name="classworlds.conf" value="/usr/share/maven/bin/m2.conf"/>
    <property name="sun.jnu.encoding" value="UTF-8"/>
    <property name="java.library.path" value="/usr/java/packages/lib/amd64:/usr/lib64:/lib64:/lib:/usr/lib"/>
    <property name="license.skip" value="true"/>
    <property name="maven.conf" value="/usr/share/maven/conf"/>
    <property name="java.specification.name" value="Java Platform API Specification"/>
    <property name="java.class.version" value="52.0"/>
    <property name="sun.management.compiler" value="HotSpot 64-Bit Tiered Compilers"/>
    <property name="maven.test.failure.ignore" value="true"/>
    <property name="os.version" value="4.15.0-109-generic"/>
    <property name="library.jansi.path" value="/usr/share/maven/lib/jansi-native"/>
    <property name="user.home" value="/home/jdbl"/>
    <property name="user.timezone" value="Etc/UTC"/>
    <property name="java.awt.printerjob" value="sun.print.PSPrinterJob"/>
    <property name="java.specification.version" value="1.8"/>
    <property name="file.encoding" value="UTF-8"/>
    <property name="user.name" value="jdbl"/>
    <property name="java.class.path" value="/usr/share/maven/boot/plexus-classworlds-2.6.0.jar"/>
    <property name="java.vm.specification.version" value="1.8"/>
    <property name="sun.arch.data.model" value="64"/>
    <property name="java.home" value="/usr/local/openjdk-8/jre"/>
    <property name="sun.java.command" value="org.codehaus.plexus.classworlds.launcher.Launcher test -e --fail-never -ntp -Dmaven.test.failure.ignore=true -B -Dmaven.javadoc.skip=true -Drat.skip=true -Danimal.sniffer.skip=true -Dmaven.javadoc.skip=true -Dlicense.skip=true -Dsource.skip=true"/>
    <property name="java.specification.vendor" value="Oracle Corporation"/>
    <property name="user.language" value="en"/>
    <property name="awt.toolkit" value="sun.awt.X11.XToolkit"/>
    <property name="java.vm.info" value="mixed mode"/>
    <property name="java.version" value="1.8.0_262"/>
    <property name="java.ext.dirs" value="/usr/local/openjdk-8/jre/lib/ext:/usr/java/packages/lib/ext"/>
    <property name="securerandom.source" value="file:/dev/./urandom"/>
    <property name="sun.boot.class.path" value="/usr/local/openjdk-8/jre/lib/resources.jar:/usr/local/openjdk-8/jre/lib/rt.jar:/usr/local/openjdk-8/jre/lib/sunrsasign.jar:/usr/local/openjdk-8/jre/lib/jsse.jar:/usr/local/openjdk-8/jre/lib/jce.jar:/usr/local/openjdk-8/jre/lib/charsets.jar:/usr/local/openjdk-8/jre/lib/jfr.jar:/usr/local/openjdk-8/jre/classes"/>
    <property name="java.vendor" value="Oracle Corporation"/>
    <property name="rat.skip" value="true"/>
    <property name="maven.home" value="/usr/share/maven"/>
    <property name="file.separator" value="/"/>
    <property name="java.vendor.url.bug" value="http://bugreport.sun.com/bugreport/"/>
    <property name="sun.cpu.endian" value="little"/>
    <property name="sun.io.unicode.encoding" value="UnicodeLittle"/>
    <property name="sun.cpu.isalist" value=""/>
  </properties>
  <testcase name="columnGap" classname="com.salesforce.omakase.plugin.prefixer.PrefixerUnitTargetedTest" time="0.017"/>
  <testcase name="animationDirection" classname="com.salesforce.omakase.plugin.prefixer.PrefixerUnitTargetedTest" time="0.002"/>
  <testcase name="justifyContentFlexStart" classname="com.salesforce.omakase.plugin.prefixer.PrefixerUnitTargetedTest" time="0.006"/>
  <testcase name="columnFill" classname="com.salesforce.omakase.plugin.prefixer.PrefixerUnitTargetedTest" time="0.002"/>
  <testcase name="columnRule" classname="com.salesforce.omakase.plugin.prefixer.PrefixerUnitTargetedTest" time="0.001"/>
  <testcase name="columnSpan" classname="com.salesforce.omakase.plugin.prefixer.PrefixerUnitTargetedTest" time="0.001"/>
  <testcase name="flexDirectionColumn" classname="com.salesforce.omakase.plugin.prefixer.PrefixerUnitTargetedTest" time="0.004"/>
  <testcase name="displayFlexOrderPresentRemove" classname="com.salesforce.omakase.plugin.prefixer.PrefixerUnitTargetedTest" time="0.01"/>
  <testcase name="backfaceVisibilityInLatestSafari" classname="com.salesforce.omakase.plugin.prefixer.PrefixerUnitTargetedTest" time="0.004"/>
  <testcase name="alignSelfRemoval" classname="com.salesforce.omakase.plugin.prefixer.PrefixerUnitTargetedTest" time="0"/>
  <testcase name="borderImageSlice" classname="com.salesforce.omakase.plugin.prefixer.PrefixerUnitTargetedTest" time="0.004"/>
  <testcase name="borderImageWidth" classname="com.salesforce.omakase.plugin.prefixer.PrefixerUnitTargetedTest" time="0"/>
  <testcase name="linearGradientMultiple" classname="com.salesforce.omakase.plugin.prefixer.PrefixerUnitTargetedTest" time="0.004"/>
  <testcase name="transitionDelay" classname="com.salesforce.omakase.plugin.prefixer.PrefixerUnitTargetedTest" time="0"/>
  <testcase name="perspectiveOrigin" classname="com.salesforce.omakase.plugin.prefixer.PrefixerUnitTargetedTest" time="0.003"/>
  <testcase name="displayFlexOrder2009Moz" classname="com.salesforce.omakase.plugin.prefixer.PrefixerUnitTargetedTest" time="0"/>
  <testcase name="displayInlineFlexPresentRearrange" classname="com.salesforce.omakase.plugin.prefixer.PrefixerUnitTargetedTest" time="0.002"/>
  <testcase name="displayFlexWithInlineFlex" classname="com.salesforce.omakase.plugin.prefixer.PrefixerUnitTargetedTest" time="0.001"/>
  <testcase name="alignContentSpaceAround" classname="com.salesforce.omakase.plugin.prefixer.PrefixerUnitTargetedTest" time="0.004"/>
  <testcase name="flexBasis" classname="com.salesforce.omakase.plugin.prefixer.PrefixerUnitTargetedTest" time="0.002"/>
  <testcase name="transition" classname="com.salesforce.omakase.plugin.prefixer.PrefixerUnitTargetedTest" time="0.001"/>
  <testcase name="selection" classname="com.salesforce.omakase.plugin.prefixer.PrefixerUnitTargetedTest" time="0.003"/>
  <testcase name="backfaceVisibility" classname="com.salesforce.omakase.plugin.prefixer.PrefixerUnitTargetedTest" time="0.001"/>
  <testcase name="transformStyle" classname="com.salesforce.omakase.plugin.prefixer.PrefixerUnitTargetedTest" time="0.001"/>
  <testcase name="animationDuration" classname="com.salesforce.omakase.plugin.prefixer.PrefixerUnitTargetedTest" time="0.001"/>
  <testcase name="linearGradientToTopRight" classname="com.salesforce.omakase.plugin.prefixer.PrefixerUnitTargetedTest" time="0.007"/>
  <testcase name="flexDirectionColumnReverse" classname="com.salesforce.omakase.plugin.prefixer.PrefixerUnitTargetedTest" time="0.001"/>
  <testcase name="flexPropTwo_GrowBasis" classname="com.salesforce.omakase.plugin.prefixer.PrefixerUnitTargetedTest" time="0.004"/>
  <testcase name="tabSize" classname="com.salesforce.omakase.plugin.prefixer.PrefixerUnitTargetedTest" time="0"/>
  <testcase name="justifyContentFlexEnd" classname="com.salesforce.omakase.plugin.prefixer.PrefixerUnitTargetedTest" time="0"/>
  <testcase name="animationDelay" classname="com.salesforce.omakase.plugin.prefixer.PrefixerUnitTargetedTest" time="0.001"/>
  <testcase name="linearGradientToLeft" classname="com.salesforce.omakase.plugin.prefixer.PrefixerUnitTargetedTest" time="0.001"/>
  <testcase name="keyframes" classname="com.salesforce.omakase.plugin.prefixer.PrefixerUnitTargetedTest" time="0.001"/>
  <testcase name="flexPropOne_Auto" classname="com.salesforce.omakase.plugin.prefixer.PrefixerUnitTargetedTest" time="0.002"/>
  <testcase name="flexPropOne_None" classname="com.salesforce.omakase.plugin.prefixer.PrefixerUnitTargetedTest" time="0.002"/>
  <testcase name="borderTopLeftRadius" classname="com.salesforce.omakase.plugin.prefixer.PrefixerUnitTargetedTest" time="0"/>
  <testcase name="alignContentStretch" classname="com.salesforce.omakase.plugin.prefixer.PrefixerUnitTargetedTest" time="0.001"/>
  <testcase name="repeatingLinearGradient" classname="com.salesforce.omakase.plugin.prefixer.PrefixerUnitTargetedTest" time="0.002"/>
  <testcase name="flexPropTwo_GrowShrink" classname="com.salesforce.omakase.plugin.prefixer.PrefixerUnitTargetedTest" time="0.001"/>
  <testcase name="flexDirectionRowReverse" classname="com.salesforce.omakase.plugin.prefixer.PrefixerUnitTargetedTest" time="0.001"/>
  <testcase name="displayFlexOrderPresentRearrange" classname="com.salesforce.omakase.plugin.prefixer.PrefixerUnitTargetedTest" time="0.001"/>
  <testcase name="displayFlexOrderFinalWebkit" classname="com.salesforce.omakase.plugin.prefixer.PrefixerUnitTargetedTest" time="0.001"/>
  <testcase name="alignContentEnd" classname="com.salesforce.omakase.plugin.prefixer.PrefixerUnitTargetedTest" time="0.001"/>
  <testcase name="displayInlineFlex" classname="com.salesforce.omakase.plugin.prefixer.PrefixerUnitTargetedTest" time="0.001"/>
  <testcase name="flexFlowRemoval" classname="com.salesforce.omakase.plugin.prefixer.PrefixerUnitTargetedTest" time="0.001"/>
  <testcase name="linearGradient" classname="com.salesforce.omakase.plugin.prefixer.PrefixerUnitTargetedTest" time="0.002"/>
  <testcase name="userSelectNone" classname="com.salesforce.omakase.plugin.prefixer.PrefixerUnitTargetedTest" time="0.001"/>
  <testcase name="displayFlexPresentLeaveAsIs" classname="com.salesforce.omakase.plugin.prefixer.PrefixerUnitTargetedTest" time="0.002"/>
  <testcase name="columnCount" classname="com.salesforce.omakase.plugin.prefixer.PrefixerUnitTargetedTest" time="0"/>
  <testcase name="columnWidth" classname="com.salesforce.omakase.plugin.prefixer.PrefixerUnitTargetedTest" time="0.001"/>
  <testcase name="transformOrigin" classname="com.salesforce.omakase.plugin.prefixer.PrefixerUnitTargetedTest" time="0.001"/>
  <testcase name="flexPropThree" classname="com.salesforce.omakase.plugin.prefixer.PrefixerUnitTargetedTest" time="0.001"/>
  <testcase name="justifyContentSpaceAround" classname="com.salesforce.omakase.plugin.prefixer.PrefixerUnitTargetedTest" time="0.001"/>
  <testcase name="transitionTimingFunction" classname="com.salesforce.omakase.plugin.prefixer.PrefixerUnitTargetedTest" time="0.001"/>
  <testcase name="justifyContentCenter" classname="com.salesforce.omakase.plugin.prefixer.PrefixerUnitTargetedTest" time="0.001"/>
  <testcase name="linearGradientToBottom" classname="com.salesforce.omakase.plugin.prefixer.PrefixerUnitTargetedTest" time="0.001"/>
  <testcase name="alignRemoval" classname="com.salesforce.omakase.plugin.prefixer.PrefixerUnitTargetedTest" time="0.001"/>
  <testcase name="displayInlineFlexFinalWebkit" classname="com.salesforce.omakase.plugin.prefixer.PrefixerUnitTargetedTest" time="0.001"/>
  <testcase name="flexPropOne" classname="com.salesforce.omakase.plugin.prefixer.PrefixerUnitTargetedTest" time="0.001"/>
  <testcase name="animationFillMode" classname="com.salesforce.omakase.plugin.prefixer.PrefixerUnitTargetedTest" time="0.001"/>
  <testcase name="alignContentSpaceBetween" classname="com.salesforce.omakase.plugin.prefixer.PrefixerUnitTargetedTest" time="0.001"/>
  <testcase name="flexPropOne_Basis" classname="com.salesforce.omakase.plugin.prefixer.PrefixerUnitTargetedTest" time="0.001"/>
  <testcase name="backfaceVisibilityNotPrefixedInChrome" classname="com.salesforce.omakase.plugin.prefixer.PrefixerUnitTargetedTest" time="0.001"/>
  <testcase name="flexBasisRemoval" classname="com.salesforce.omakase.plugin.prefixer.PrefixerUnitTargetedTest" time="0.001"/>
  <testcase name="flexDirectionRow" classname="com.salesforce.omakase.plugin.prefixer.PrefixerUnitTargetedTest" time="0.001"/>
  <testcase name="displayFlexFinalMs" classname="com.salesforce.omakase.plugin.prefixer.PrefixerUnitTargetedTest" time="0.01"/>
  <testcase name="displayFlexOrder" classname="com.salesforce.omakase.plugin.prefixer.PrefixerUnitTargetedTest" time="0.002"/>
  <testcase name="flexDirectionRemovalPartial" classname="com.salesforce.omakase.plugin.prefixer.PrefixerUnitTargetedTest" time="0.001"/>
  <testcase name="alignItemsEnd" classname="com.salesforce.omakase.plugin.prefixer.PrefixerUnitTargetedTest" time="0.001"/>
  <testcase name="alignSelfAuto" classname="com.salesforce.omakase.plugin.prefixer.PrefixerUnitTargetedTest" time="0.001"/>
  <testcase name="calc" classname="com.salesforce.omakase.plugin.prefixer.PrefixerUnitTargetedTest" time="0.011"/>
  <testcase name="displayFlexPresentRemove" classname="com.salesforce.omakase.plugin.prefixer.PrefixerUnitTargetedTest" time="0.002"/>
  <testcase name="linearGradientWithAngle" classname="com.salesforce.omakase.plugin.prefixer.PrefixerUnitTargetedTest" time="0.002"/>
  <testcase name="justifyContentSpaceBetween" classname="com.salesforce.omakase.plugin.prefixer.PrefixerUnitTargetedTest" time="0.002"/>
  <testcase name="perspective" classname="com.salesforce.omakase.plugin.prefixer.PrefixerUnitTargetedTest" time="0"/>
  <testcase name="alignSelfEnd" classname="com.salesforce.omakase.plugin.prefixer.PrefixerUnitTargetedTest" time="0"/>
  <testcase name="animationIterationCount" classname="com.salesforce.omakase.plugin.prefixer.PrefixerUnitTargetedTest" time="0"/>
  <testcase name="transitionWithPrefixableProps" classname="com.salesforce.omakase.plugin.prefixer.PrefixerUnitTargetedTest" time="0.001"/>
  <testcase name="justifyContentRemoval" classname="com.salesforce.omakase.plugin.prefixer.PrefixerUnitTargetedTest" time="0.002"/>
  <testcase name="displayFlexOrderFinalMs" classname="com.salesforce.omakase.plugin.prefixer.PrefixerUnitTargetedTest" time="0.001"/>
  <testcase name="borderTopRightRadius" classname="com.salesforce.omakase.plugin.prefixer.PrefixerUnitTargetedTest" time="0.001"/>
  <testcase name="flexDirectionRemoval" classname="com.salesforce.omakase.plugin.prefixer.PrefixerUnitTargetedTest" time="0.001"/>
  <testcase name="flexGrowRemoval" classname="com.salesforce.omakase.plugin.prefixer.PrefixerUnitTargetedTest" time="0.002"/>
  <testcase name="transitionDuration" classname="com.salesforce.omakase.plugin.prefixer.PrefixerUnitTargetedTest" time="0.001"/>
  <testcase name="placeholderExistingPresentDontRemove" classname="com.salesforce.omakase.plugin.prefixer.PrefixerUnitTargetedTest" time="0.004"/>
  <testcase name="transitionWithPrefixablePropsLeavesExisting" classname="com.salesforce.omakase.plugin.prefixer.PrefixerUnitTargetedTest" time="0.001"/>
  <testcase name="placeholderExistingPresentRearrangeAndAdd" classname="com.salesforce.omakase.plugin.prefixer.PrefixerUnitTargetedTest" time="0.002"/>
  <testcase name="borderBottomLeftRadius" classname="com.salesforce.omakase.plugin.prefixer.PrefixerUnitTargetedTest" time="0.001"/>
  <testcase name="borderBottomRightRadius" classname="com.salesforce.omakase.plugin.prefixer.PrefixerUnitTargetedTest" time="0.002"/>
  <testcase name="placeholder" classname="com.salesforce.omakase.plugin.prefixer.PrefixerUnitTargetedTest" time="0.001"/>
  <testcase name="backfaceVisibilityInSafari11dot1" classname="com.salesforce.omakase.plugin.prefixer.PrefixerUnitTargetedTest" time="0.001"/>
  <testcase name="selectionWithOthers" classname="com.salesforce.omakase.plugin.prefixer.PrefixerUnitTargetedTest" time="0.001"/>
  <testcase name="transitionNotPrefixedButValueIs" classname="com.salesforce.omakase.plugin.prefixer.PrefixerUnitTargetedTest" time="0.002"/>
  <testcase name="columnRuleColor" classname="com.salesforce.omakase.plugin.prefixer.PrefixerUnitTargetedTest" time="0.001"/>
  <testcase name="columnRuleStyle" classname="com.salesforce.omakase.plugin.prefixer.PrefixerUnitTargetedTest" time="0.001"/>
  <testcase name="columnRuleWidth" classname="com.salesforce.omakase.plugin.prefixer.PrefixerUnitTargetedTest" time="0"/>
  <testcase name="borderImage" classname="com.salesforce.omakase.plugin.prefixer.PrefixerUnitTargetedTest" time="0.001"/>
  <testcase name="alignContentStart" classname="com.salesforce.omakase.plugin.prefixer.PrefixerUnitTargetedTest" time="0.001"/>
  <testcase name="boxShadow" classname="com.salesforce.omakase.plugin.prefixer.PrefixerUnitTargetedTest" time="0.001"/>
  <testcase name="transitionPropertyWithPrefixableProps" classname="com.salesforce.omakase.plugin.prefixer.PrefixerUnitTargetedTest" time="0.001"/>
  <testcase name="boxSizing" classname="com.salesforce.omakase.plugin.prefixer.PrefixerUnitTargetedTest" time="0.001"/>
  <testcase name="linearGradientToTopLeft" classname="com.salesforce.omakase.plugin.prefixer.PrefixerUnitTargetedTest" time="0.002"/>
  <testcase name="displayFlexAlt" classname="com.salesforce.omakase.plugin.prefixer.PrefixerUnitTargetedTest" time="0.001"/>
  <testcase name="linearGradientToBottomLeft" classname="com.salesforce.omakase.plugin.prefixer.PrefixerUnitTargetedTest" time="0.001"/>
  <testcase name="displayFlexOrderAlt" classname="com.salesforce.omakase.plugin.prefixer.PrefixerUnitTargetedTest" time="0.001"/>
  <testcase name="columns" classname="com.salesforce.omakase.plugin.prefixer.PrefixerUnitTargetedTest" time="0.001"/>
  <testcase name="alignContentCenter" classname="com.salesforce.omakase.plugin.prefixer.PrefixerUnitTargetedTest" time="0.001"/>
  <testcase name="flexShrink" classname="com.salesforce.omakase.plugin.prefixer.PrefixerUnitTargetedTest" time="0.002"/>
  <testcase name="displayFlexPresentRearrange" classname="com.salesforce.omakase.plugin.prefixer.PrefixerUnitTargetedTest" time="0"/>
  <testcase name="transform" classname="com.salesforce.omakase.plugin.prefixer.PrefixerUnitTargetedTest" time="0"/>
  <testcase name="animation" classname="com.salesforce.omakase.plugin.prefixer.PrefixerUnitTargetedTest" time="0"/>
  <testcase name="animationPlayState" classname="com.salesforce.omakase.plugin.prefixer.PrefixerUnitTargetedTest" time="0"/>
  <testcase name="displayFlexOrderPresentLeaveAsIs" classname="com.salesforce.omakase.plugin.prefixer.PrefixerUnitTargetedTest" time="0"/>
  <testcase name="repeatingLinearGradientWithDirection" classname="com.salesforce.omakase.plugin.prefixer.PrefixerUnitTargetedTest" time="0.001"/>
  <testcase name="testNegativeToPositiveFlexOrder" classname="com.salesforce.omakase.plugin.prefixer.PrefixerUnitTargetedTest" time="0.001"/>
  <testcase name="alignSelfStart" classname="com.salesforce.omakase.plugin.prefixer.PrefixerUnitTargetedTest" time="0.001"/>
  <testcase name="alignSelfCenter" classname="com.salesforce.omakase.plugin.prefixer.PrefixerUnitTargetedTest" time="0"/>
  <testcase name="displayInlineFlexPresentRemove" classname="com.salesforce.omakase.plugin.prefixer.PrefixerUnitTargetedTest" time="0.001"/>
  <testcase name="borderRadius" classname="com.salesforce.omakase.plugin.prefixer.PrefixerUnitTargetedTest" time="0.001"/>
  <testcase name="backfaceVisibilityInIOSSafari" classname="com.salesforce.omakase.plugin.prefixer.PrefixerUnitTargetedTest" time="0.001"/>
  <testcase name="displayFlexFinalWebkit" classname="com.salesforce.omakase.plugin.prefixer.PrefixerUnitTargetedTest" time="0"/>
  <testcase name="hyphens" classname="com.salesforce.omakase.plugin.prefixer.PrefixerUnitTargetedTest" time="0.001"/>
  <testcase name="borderImageOutset" classname="com.salesforce.omakase.plugin.prefixer.PrefixerUnitTargetedTest" time="0.001"/>
  <testcase name="transitionProperty" classname="com.salesforce.omakase.plugin.prefixer.PrefixerUnitTargetedTest" time="0"/>
  <testcase name="backgroundClip" classname="com.salesforce.omakase.plugin.prefixer.PrefixerUnitTargetedTest" time="0.001"/>
  <testcase name="backgroundSize" classname="com.salesforce.omakase.plugin.prefixer.PrefixerUnitTargetedTest" time="0.001"/>
  <testcase name="borderImageRepeat" classname="com.salesforce.omakase.plugin.prefixer.PrefixerUnitTargetedTest" time="0"/>
  <testcase name="borderImageSource" classname="com.salesforce.omakase.plugin.prefixer.PrefixerUnitTargetedTest" time="0.001"/>
  <testcase name="flexShrinkRemoval" classname="com.salesforce.omakase.plugin.prefixer.PrefixerUnitTargetedTest" time="0.001"/>
  <testcase name="backgroundOrigin" classname="com.salesforce.omakase.plugin.prefixer.PrefixerUnitTargetedTest" time="0"/>
  <testcase name="alignItemsStart" classname="com.salesforce.omakase.plugin.prefixer.PrefixerUnitTargetedTest" time="0.001"/>
  <testcase name="linearGradientWithNegativeAngle" classname="com.salesforce.omakase.plugin.prefixer.PrefixerUnitTargetedTest" time="0.001"/>
  <testcase name="alignItemsCenter" classname="com.salesforce.omakase.plugin.prefixer.PrefixerUnitTargetedTest" time="0.001"/>
  <testcase name="displayFlex" classname="com.salesforce.omakase.plugin.prefixer.PrefixerUnitTargetedTest" time="0.001"/>
  <testcase name="flexFlow" classname="com.salesforce.omakase.plugin.prefixer.PrefixerUnitTargetedTest" time="0.001"/>
  <testcase name="flexGrow" classname="com.salesforce.omakase.plugin.prefixer.PrefixerUnitTargetedTest" time="0.002"/>
  <testcase name="flexWrap" classname="com.salesforce.omakase.plugin.prefixer.PrefixerUnitTargetedTest" time="0.001"/>
  <testcase name="flexDirectionUnset" classname="com.salesforce.omakase.plugin.prefixer.PrefixerUnitTargetedTest" time="0.001"/>
  <testcase name="linearGradientToTop" classname="com.salesforce.omakase.plugin.prefixer.PrefixerUnitTargetedTest" time="0.001"/>
  <testcase name="alignContentRemoval" classname="com.salesforce.omakase.plugin.prefixer.PrefixerUnitTargetedTest" time="0"/>
  <testcase name="linearGradientToBottomRight" classname="com.salesforce.omakase.plugin.prefixer.PrefixerUnitTargetedTest" time="0.002"/>
  <testcase name="appearance" classname="com.salesforce.omakase.plugin.prefixer.PrefixerUnitTargetedTest" time="0"/>
  <testcase name="repeatingLinearGradientWithAngle" classname="com.salesforce.omakase.plugin.prefixer.PrefixerUnitTargetedTest" time="0.001"/>
  <testcase name="displayFlex2009Moz" classname="com.salesforce.omakase.plugin.prefixer.PrefixerUnitTargetedTest" time="0.001"/>
  <testcase name="animationTimingFunction" classname="com.salesforce.omakase.plugin.prefixer.PrefixerUnitTargetedTest" time="0.001"/>
  <testcase name="flexWrapRemoval" classname="com.salesforce.omakase.plugin.prefixer.PrefixerUnitTargetedTest" time="0.001"/>
  <testcase name="backfaceVisibilityInOlderSafari" classname="com.salesforce.omakase.plugin.prefixer.PrefixerUnitTargetedTest" time="0.001"/>
  <testcase name="animationName" classname="com.salesforce.omakase.plugin.prefixer.PrefixerUnitTargetedTest" time="0.001"/>
  <testcase name="linearGradientToRight" classname="com.salesforce.omakase.plugin.prefixer.PrefixerUnitTargetedTest" time="0"/>
  <testcase name="flexPropRemoval" classname="com.salesforce.omakase.plugin.prefixer.PrefixerUnitTargetedTest" time="0"/>
</testsuite>