<?xml version="1.0" encoding="UTF-8"?>
<testsuite xmlns:xsi="http://www.w3.org/2001/XMLSchema-instance" xsi:schemaLocation="https://maven.apache.org/surefire/maven-surefire-plugin/xsd/surefire-test-report.xsd" name="com.salesforce.omakase.util.SelectorsTest" time="0.007" tests="46" errors="0" skipped="0" failures="0">
  <properties>
    <property name="java.runtime.name" value="OpenJDK Runtime Environment"/>
    <property name="sun.boot.library.path" value="/usr/local/openjdk-8/jre/lib/amd64"/>
    <property name="java.vm.version" value="25.262-b10"/>
    <property name="animal.sniffer.skip" value="true"/>
    <property name="java.vm.vendor" value="Oracle Corporation"/>
    <property name="maven.multiModuleProjectDirectory" value="/tmp/tmp8_b3cdmb/omakase"/>
    <property name="maven.javadoc.skip" value="true"/>
    <property name="java.vendor.url" value="http://java.oracle.com/"/>
    <property name="path.separator" value=":"/>
    <property name="guice.disable.misplaced.annotation.check" value="true"/>
    <property name="java.vm.name" value="OpenJDK 64-Bit Server VM"/>
    <property name="file.encoding.pkg" value="sun.io"/>
    <property name="sun.java.launcher" value="SUN_STANDARD"/>
    <property name="sun.os.patch.level" value="unknown"/>
    <property name="source.skip" value="true"/>
    <property name="java.vm.specification.name" value="Java Virtual Machine Specification"/>
    <property name="user.dir" value="/tmp/tmp8_b3cdmb/omakase"/>
    <property name="java.runtime.version" value="1.8.0_262-b10"/>
    <property name="java.awt.graphicsenv" value="sun.awt.X11GraphicsEnvironment"/>
    <property name="java.endorsed.dirs" value="/usr/local/openjdk-8/jre/lib/endorsed"/>
    <property name="os.arch" value="amd64"/>
    <property name="java.io.tmpdir" value="/tmp"/>
    <property name="line.separator" value="&#10;"/>
    <property name="java.vm.specification.vendor" value="Oracle Corporation"/>
    <property name="os.name" value="Linux"/>
    <property name="classworlds.conf" value="/usr/share/maven/bin/m2.conf"/>
    <property name="sun.jnu.encoding" value="UTF-8"/>
    <property name="java.library.path" value="/usr/java/packages/lib/amd64:/usr/lib64:/lib64:/lib:/usr/lib"/>
    <property name="license.skip" value="true"/>
    <property name="maven.conf" value="/usr/share/maven/conf"/>
    <property name="java.specification.name" value="Java Platform API Specification"/>
    <property name="java.class.version" value="52.0"/>
    <property name="sun.management.compiler" value="HotSpot 64-Bit Tiered Compilers"/>
    <property name="maven.test.failure.ignore" value="true"/>
    <property name="os.version" value="4.15.0-109-generic"/>
    <property name="library.jansi.path" value="/usr/share/maven/lib/jansi-native"/>
    <property name="user.home" value="/home/jdbl"/>
    <property name="user.timezone" value="Etc/UTC"/>
    <property name="java.awt.printerjob" value="sun.print.PSPrinterJob"/>
    <property name="java.specification.version" value="1.8"/>
    <property name="file.encoding" value="UTF-8"/>
    <property name="user.name" value="jdbl"/>
    <property name="java.class.path" value="/usr/share/maven/boot/plexus-classworlds-2.6.0.jar"/>
    <property name="java.vm.specification.version" value="1.8"/>
    <property name="sun.arch.data.model" value="64"/>
    <property name="java.home" value="/usr/local/openjdk-8/jre"/>
    <property name="sun.java.command" value="org.codehaus.plexus.classworlds.launcher.Launcher test -e --fail-never -ntp -Dmaven.test.failure.ignore=true -B -Dmaven.javadoc.skip=true -Drat.skip=true -Danimal.sniffer.skip=true -Dmaven.javadoc.skip=true -Dlicense.skip=true -Dsource.skip=true"/>
    <property name="java.specification.vendor" value="Oracle Corporation"/>
    <property name="user.language" value="en"/>
    <property name="awt.toolkit" value="sun.awt.X11.XToolkit"/>
    <property name="java.vm.info" value="mixed mode"/>
    <property name="java.version" value="1.8.0_262"/>
    <property name="java.ext.dirs" value="/usr/local/openjdk-8/jre/lib/ext:/usr/java/packages/lib/ext"/>
    <property name="securerandom.source" value="file:/dev/./urandom"/>
    <property name="sun.boot.class.path" value="/usr/local/openjdk-8/jre/lib/resources.jar:/usr/local/openjdk-8/jre/lib/rt.jar:/usr/local/openjdk-8/jre/lib/sunrsasign.jar:/usr/local/openjdk-8/jre/lib/jsse.jar:/usr/local/openjdk-8/jre/lib/jce.jar:/usr/local/openjdk-8/jre/lib/charsets.jar:/usr/local/openjdk-8/jre/lib/jfr.jar:/usr/local/openjdk-8/jre/classes"/>
    <property name="java.vendor" value="Oracle Corporation"/>
    <property name="rat.skip" value="true"/>
    <property name="maven.home" value="/usr/share/maven"/>
    <property name="file.separator" value="/"/>
    <property name="java.vendor.url.bug" value="http://bugreport.sun.com/bugreport/"/>
    <property name="sun.cpu.endian" value="little"/>
    <property name="sun.io.unicode.encoding" value="UnicodeLittle"/>
    <property name="sun.cpu.isalist" value=""/>
  </properties>
  <testcase name="findTypeSelector" classname="com.salesforce.omakase.util.SelectorsTest" time="0"/>
  <testcase name="hasTypeSelectorFalse" classname="com.salesforce.omakase.util.SelectorsTest" time="0"/>
  <testcase name="asTypeSelectorPresent" classname="com.salesforce.omakase.util.SelectorsTest" time="0"/>
  <testcase name="findPseudoClassExact" classname="com.salesforce.omakase.util.SelectorsTest" time="0"/>
  <testcase name="hasPseudoClassSelectorTrueExactTrueIsNotPrefixed" classname="com.salesforce.omakase.util.SelectorsTest" time="0"/>
  <testcase name="hasPseudoSelectorTrueExactFalseIsPrefixed" classname="com.salesforce.omakase.util.SelectorsTest" time="0.001"/>
  <testcase name="hasPseudoClassSelectorFalseExactFalseIsPrefixed" classname="com.salesforce.omakase.util.SelectorsTest" time="0"/>
  <testcase name="testFilterEmpty" classname="com.salesforce.omakase.util.SelectorsTest" time="0"/>
  <testcase name="hasPseudoClassSelectorTrueExactTrueIsPrefixed" classname="com.salesforce.omakase.util.SelectorsTest" time="0"/>
  <testcase name="hasPseudoClassSelectorFalseExactTrueIsNotPrefixed" classname="com.salesforce.omakase.util.SelectorsTest" time="0"/>
  <testcase name="hasClassSelectorFalse" classname="com.salesforce.omakase.util.SelectorsTest" time="0"/>
  <testcase name="asPseudoClassSelectorPresent" classname="com.salesforce.omakase.util.SelectorsTest" time="0"/>
  <testcase name="findPseudoSelectorNotExact" classname="com.salesforce.omakase.util.SelectorsTest" time="0"/>
  <testcase name="hasPseudoSelectorFalseExactFalseIsNotPrefixed" classname="com.salesforce.omakase.util.SelectorsTest" time="0"/>
  <testcase name="hasPseudoSelectorTrueExactFalseIsNotPrefixed" classname="com.salesforce.omakase.util.SelectorsTest" time="0"/>
  <testcase name="findPseudoSelectorExact" classname="com.salesforce.omakase.util.SelectorsTest" time="0"/>
  <testcase name="hasPseudoClassSelectorFalseExactTrueIsPrefixed" classname="com.salesforce.omakase.util.SelectorsTest" time="0"/>
  <testcase name="asPseudoSelectorPresent" classname="com.salesforce.omakase.util.SelectorsTest" time="0"/>
  <testcase name="asClassSelectorAbsent" classname="com.salesforce.omakase.util.SelectorsTest" time="0"/>
  <testcase name="hasIdSelectorTrue" classname="com.salesforce.omakase.util.SelectorsTest" time="0"/>
  <testcase name="findIdSelectors" classname="com.salesforce.omakase.util.SelectorsTest" time="0"/>
  <testcase name="hasPseudoSelectorFalseExactFalseIsPrefixed" classname="com.salesforce.omakase.util.SelectorsTest" time="0"/>
  <testcase name="asPseudoSelectorAbsent" classname="com.salesforce.omakase.util.SelectorsTest" time="0"/>
  <testcase name="asTypeSelectorAbsent" classname="com.salesforce.omakase.util.SelectorsTest" time="0"/>
  <testcase name="hasClassSelectorTrue" classname="com.salesforce.omakase.util.SelectorsTest" time="0"/>
  <testcase name="findPseudoClassNotExact" classname="com.salesforce.omakase.util.SelectorsTest" time="0"/>
  <testcase name="adjoiningWhenDetached" classname="com.salesforce.omakase.util.SelectorsTest" time="0.004"/>
  <testcase name="hasPseudoClassSelectorFalseExactFalseIsNotPrefixed" classname="com.salesforce.omakase.util.SelectorsTest" time="0"/>
  <testcase name="adjoiningWhenEnd" classname="com.salesforce.omakase.util.SelectorsTest" time="0"/>
  <testcase name="hasPseudoSelectorFalseExactTrueIsNotPrefixed" classname="com.salesforce.omakase.util.SelectorsTest" time="0"/>
  <testcase name="asClassSelectorPresent" classname="com.salesforce.omakase.util.SelectorsTest" time="0"/>
  <testcase name="adjoiningWhenFirst" classname="com.salesforce.omakase.util.SelectorsTest" time="0"/>
  <testcase name="asIdSelectorAbsent" classname="com.salesforce.omakase.util.SelectorsTest" time="0"/>
  <testcase name="testFilterExisting" classname="com.salesforce.omakase.util.SelectorsTest" time="0"/>
  <testcase name="hasPseudoSelectorFalseExactTrueIsPrefixed" classname="com.salesforce.omakase.util.SelectorsTest" time="0"/>
  <testcase name="asPseudoClassSelectorAbsent" classname="com.salesforce.omakase.util.SelectorsTest" time="0"/>
  <testcase name="findClassSelector" classname="com.salesforce.omakase.util.SelectorsTest" time="0"/>
  <testcase name="hasPseudoClassSelectorTrueExactFalseIsPrefixed" classname="com.salesforce.omakase.util.SelectorsTest" time="0"/>
  <testcase name="hasIdSelectorFalse" classname="com.salesforce.omakase.util.SelectorsTest" time="0"/>
  <testcase name="hasPseudoSelectorTrueExactTrueIsNotPrefixed" classname="com.salesforce.omakase.util.SelectorsTest" time="0"/>
  <testcase name="adjoiningWhenMiddle" classname="com.salesforce.omakase.util.SelectorsTest" time="0"/>
  <testcase name="hasTypeSelectorTrue" classname="com.salesforce.omakase.util.SelectorsTest" time="0"/>
  <testcase name="asIdSelectorPresent" classname="com.salesforce.omakase.util.SelectorsTest" time="0"/>
  <testcase name="adjoiningWhenCombinator" classname="com.salesforce.omakase.util.SelectorsTest" time="0"/>
  <testcase name="hasPseudoSelectorTrueExactTrueIsPrefixed" classname="com.salesforce.omakase.util.SelectorsTest" time="0"/>
  <testcase name="hasPseudoClassSelectorTrueExactFalseIsNotPrefixed" classname="com.salesforce.omakase.util.SelectorsTest" time="0"/>
</testsuite>