<?xml version="1.0" encoding="UTF-8"?>
<testsuite xmlns:xsi="http://www.w3.org/2001/XMLSchema-instance" xsi:schemaLocation="https://maven.apache.org/surefire/maven-surefire-plugin/xsd/surefire-test-report.xsd" name="com.salesforce.omakase.ast.atrule.AtRuleTest" time="0.006" tests="45" errors="0" skipped="0" failures="0">
  <properties>
    <property name="java.runtime.name" value="OpenJDK Runtime Environment"/>
    <property name="sun.boot.library.path" value="/usr/local/openjdk-8/jre/lib/amd64"/>
    <property name="java.vm.version" value="25.262-b10"/>
    <property name="animal.sniffer.skip" value="true"/>
    <property name="java.vm.vendor" value="Oracle Corporation"/>
    <property name="maven.multiModuleProjectDirectory" value="/tmp/tmp8_b3cdmb/omakase"/>
    <property name="maven.javadoc.skip" value="true"/>
    <property name="java.vendor.url" value="http://java.oracle.com/"/>
    <property name="path.separator" value=":"/>
    <property name="guice.disable.misplaced.annotation.check" value="true"/>
    <property name="java.vm.name" value="OpenJDK 64-Bit Server VM"/>
    <property name="file.encoding.pkg" value="sun.io"/>
    <property name="sun.java.launcher" value="SUN_STANDARD"/>
    <property name="sun.os.patch.level" value="unknown"/>
    <property name="source.skip" value="true"/>
    <property name="java.vm.specification.name" value="Java Virtual Machine Specification"/>
    <property name="user.dir" value="/tmp/tmp8_b3cdmb/omakase"/>
    <property name="java.runtime.version" value="1.8.0_262-b10"/>
    <property name="java.awt.graphicsenv" value="sun.awt.X11GraphicsEnvironment"/>
    <property name="java.endorsed.dirs" value="/usr/local/openjdk-8/jre/lib/endorsed"/>
    <property name="os.arch" value="amd64"/>
    <property name="java.io.tmpdir" value="/tmp"/>
    <property name="line.separator" value="&#10;"/>
    <property name="java.vm.specification.vendor" value="Oracle Corporation"/>
    <property name="os.name" value="Linux"/>
    <property name="classworlds.conf" value="/usr/share/maven/bin/m2.conf"/>
    <property name="sun.jnu.encoding" value="UTF-8"/>
    <property name="java.library.path" value="/usr/java/packages/lib/amd64:/usr/lib64:/lib64:/lib:/usr/lib"/>
    <property name="license.skip" value="true"/>
    <property name="maven.conf" value="/usr/share/maven/conf"/>
    <property name="java.specification.name" value="Java Platform API Specification"/>
    <property name="java.class.version" value="52.0"/>
    <property name="sun.management.compiler" value="HotSpot 64-Bit Tiered Compilers"/>
    <property name="maven.test.failure.ignore" value="true"/>
    <property name="os.version" value="4.15.0-109-generic"/>
    <property name="library.jansi.path" value="/usr/share/maven/lib/jansi-native"/>
    <property name="user.home" value="/home/jdbl"/>
    <property name="user.timezone" value="Etc/UTC"/>
    <property name="java.awt.printerjob" value="sun.print.PSPrinterJob"/>
    <property name="java.specification.version" value="1.8"/>
    <property name="file.encoding" value="UTF-8"/>
    <property name="user.name" value="jdbl"/>
    <property name="java.class.path" value="/usr/share/maven/boot/plexus-classworlds-2.6.0.jar"/>
    <property name="java.vm.specification.version" value="1.8"/>
    <property name="sun.arch.data.model" value="64"/>
    <property name="java.home" value="/usr/local/openjdk-8/jre"/>
    <property name="sun.java.command" value="org.codehaus.plexus.classworlds.launcher.Launcher test -e --fail-never -ntp -Dmaven.test.failure.ignore=true -B -Dmaven.javadoc.skip=true -Drat.skip=true -Danimal.sniffer.skip=true -Dmaven.javadoc.skip=true -Dlicense.skip=true -Dsource.skip=true"/>
    <property name="java.specification.vendor" value="Oracle Corporation"/>
    <property name="user.language" value="en"/>
    <property name="awt.toolkit" value="sun.awt.X11.XToolkit"/>
    <property name="java.vm.info" value="mixed mode"/>
    <property name="java.version" value="1.8.0_262"/>
    <property name="java.ext.dirs" value="/usr/local/openjdk-8/jre/lib/ext:/usr/java/packages/lib/ext"/>
    <property name="securerandom.source" value="file:/dev/./urandom"/>
    <property name="sun.boot.class.path" value="/usr/local/openjdk-8/jre/lib/resources.jar:/usr/local/openjdk-8/jre/lib/rt.jar:/usr/local/openjdk-8/jre/lib/sunrsasign.jar:/usr/local/openjdk-8/jre/lib/jsse.jar:/usr/local/openjdk-8/jre/lib/jce.jar:/usr/local/openjdk-8/jre/lib/charsets.jar:/usr/local/openjdk-8/jre/lib/jfr.jar:/usr/local/openjdk-8/jre/classes"/>
    <property name="java.vendor" value="Oracle Corporation"/>
    <property name="rat.skip" value="true"/>
    <property name="maven.home" value="/usr/share/maven"/>
    <property name="file.separator" value="/"/>
    <property name="java.vendor.url.bug" value="http://bugreport.sun.com/bugreport/"/>
    <property name="sun.cpu.endian" value="little"/>
    <property name="sun.io.unicode.encoding" value="UnicodeLittle"/>
    <property name="sun.cpu.isalist" value=""/>
  </properties>
  <testcase name="isWritableTrue_blockAndExpressionWritableNameFalse" classname="com.salesforce.omakase.ast.atrule.AtRuleTest" time="0.001"/>
  <testcase name="setsExpressionParentFromConstructor" classname="com.salesforce.omakase.ast.atrule.AtRuleTest" time="0"/>
  <testcase name="breakBroadcastIfNeverEmit" classname="com.salesforce.omakase.ast.atrule.AtRuleTest" time="0"/>
  <testcase name="cannotSetNullExpressionAndBlock2" classname="com.salesforce.omakase.ast.atrule.AtRuleTest" time="0"/>
  <testcase name="writeUnrefinedNoBlockCharset" classname="com.salesforce.omakase.ast.atrule.AtRuleTest" time="0"/>
  <testcase name="getRawBlock" classname="com.salesforce.omakase.ast.atrule.AtRuleTest" time="0"/>
  <testcase name="isWritableFalse_blockPresentNotWritable" classname="com.salesforce.omakase.ast.atrule.AtRuleTest" time="0.001"/>
  <testcase name="isWritableTrue_blockWritableExpressionNotPresent" classname="com.salesforce.omakase.ast.atrule.AtRuleTest" time="0"/>
  <testcase name="writeCustomExpressionAndBlock" classname="com.salesforce.omakase.ast.atrule.AtRuleTest" time="0"/>
  <testcase name="setsBlockParentFromMethod" classname="com.salesforce.omakase.ast.atrule.AtRuleTest" time="0"/>
  <testcase name="shouldWriteNameTrueByDefault" classname="com.salesforce.omakase.ast.atrule.AtRuleTest" time="0"/>
  <testcase name="shouldWriteNameFalse" classname="com.salesforce.omakase.ast.atrule.AtRuleTest" time="0"/>
  <testcase name="expressionAbsentByDefault" classname="com.salesforce.omakase.ast.atrule.AtRuleTest" time="0"/>
  <testcase name="propagatesBroadcastToExpressionAndBlock" classname="com.salesforce.omakase.ast.atrule.AtRuleTest" time="0"/>
  <testcase name="isWritableAlwaysTrueWhenNotRefined" classname="com.salesforce.omakase.ast.atrule.AtRuleTest" time="0"/>
  <testcase name="customBlockOnly" classname="com.salesforce.omakase.ast.atrule.AtRuleTest" time="0.001"/>
  <testcase name="hasRefinedExpressionFalse" classname="com.salesforce.omakase.ast.atrule.AtRuleTest" time="0"/>
  <testcase name="setCustomExpression" classname="com.salesforce.omakase.ast.atrule.AtRuleTest" time="0"/>
  <testcase name="copyNotRefined" classname="com.salesforce.omakase.ast.atrule.AtRuleTest" time="0"/>
  <testcase name="hasRefinedBlockTrue" classname="com.salesforce.omakase.ast.atrule.AtRuleTest" time="0"/>
  <testcase name="isWritableFalse_expressionNotWritable" classname="com.salesforce.omakase.ast.atrule.AtRuleTest" time="0"/>
  <testcase name="customExpressionOnly" classname="com.salesforce.omakase.ast.atrule.AtRuleTest" time="0"/>
  <testcase name="getName" classname="com.salesforce.omakase.ast.atrule.AtRuleTest" time="0"/>
  <testcase name="setCustomBlock" classname="com.salesforce.omakase.ast.atrule.AtRuleTest" time="0"/>
  <testcase name="writeCustomExpressionOnly" classname="com.salesforce.omakase.ast.atrule.AtRuleTest" time="0"/>
  <testcase name="isWritableTrue_expressionWritableBlockAbsent" classname="com.salesforce.omakase.ast.atrule.AtRuleTest" time="0"/>
  <testcase name="writeCustomBlockOnly" classname="com.salesforce.omakase.ast.atrule.AtRuleTest" time="0.001"/>
  <testcase name="hasRefinedBlockFalse" classname="com.salesforce.omakase.ast.atrule.AtRuleTest" time="0"/>
  <testcase name="dontBreakBroadcastIfNotRefined" classname="com.salesforce.omakase.ast.atrule.AtRuleTest" time="0"/>
  <testcase name="writeUnrefinedNoBlockImport" classname="com.salesforce.omakase.ast.atrule.AtRuleTest" time="0"/>
  <testcase name="isWritableTrue_blockAndExpressionWritableNameTrue" classname="com.salesforce.omakase.ast.atrule.AtRuleTest" time="0"/>
  <testcase name="cannotSetNullExpressionAndBlock" classname="com.salesforce.omakase.ast.atrule.AtRuleTest" time="0"/>
  <testcase name="markAsMetadataRule" classname="com.salesforce.omakase.ast.atrule.AtRuleTest" time="0"/>
  <testcase name="copyRefined" classname="com.salesforce.omakase.ast.atrule.AtRuleTest" time="0"/>
  <testcase name="hasRefinedExpressionTrue" classname="com.salesforce.omakase.ast.atrule.AtRuleTest" time="0"/>
  <testcase name="getRawExpression" classname="com.salesforce.omakase.ast.atrule.AtRuleTest" time="0"/>
  <testcase name="isWritableFalse_noneWritableWriteNameFalse" classname="com.salesforce.omakase.ast.atrule.AtRuleTest" time="0"/>
  <testcase name="setsExpressionParentFromMethod" classname="com.salesforce.omakase.ast.atrule.AtRuleTest" time="0"/>
  <testcase name="customExpressionAndBlock" classname="com.salesforce.omakase.ast.atrule.AtRuleTest" time="0"/>
  <testcase name="writeUnrefined" classname="com.salesforce.omakase.ast.atrule.AtRuleTest" time="0"/>
  <testcase name="isRefinedFalse" classname="com.salesforce.omakase.ast.atrule.AtRuleTest" time="0"/>
  <testcase name="blockAbsentByDefault" classname="com.salesforce.omakase.ast.atrule.AtRuleTest" time="0"/>
  <testcase name="breakBroadcastIfAlreadyRefined" classname="com.salesforce.omakase.ast.atrule.AtRuleTest" time="0"/>
  <testcase name="markAsMetadataRuleDoesntReplaceExistingExpression" classname="com.salesforce.omakase.ast.atrule.AtRuleTest" time="0"/>
  <testcase name="setsBlockParentFromConstructor" classname="com.salesforce.omakase.ast.atrule.AtRuleTest" time="0"/>
</testsuite>